<?xml version="1.0" encoding="UTF-8"?>
<testsuite xmlns:xsi="http://www.w3.org/2001/XMLSchema-instance" xsi:noNamespaceSchemaLocation="https://maven.apache.org/surefire/maven-surefire-plugin/xsd/surefire-test-report.xsd" name="org.apache.hadoop.ozone.client.rpc.TestBlockOutputStreamWithFailures" time="693.815" tests="8" errors="0" skipped="0" failures="1">
  <properties>
    <property name="awt.toolkit" value="sun.awt.X11.XToolkit"/>
    <property name="file.encoding.pkg" value="sun.io"/>
    <property name="java.specification.version" value="1.8"/>
    <property name="sun.cpu.isalist" value=""/>
    <property name="sun.jnu.encoding" value="UTF-8"/>
    <property name="java.class.path" value="/workdir/hadoop-ozone/integration-test/target/test-classes:/workdir/hadoop-ozone/integration-test/target/classes:/home/user/.m2/repository/org/apache/hadoop/hadoop-ozone-common/0.5.0-SNAPSHOT/hadoop-ozone-common-0.5.0-SNAPSHOT.jar:/home/user/.m2/repository/org/apache/commons/commons-compress/1.4.1/commons-compress-1.4.1.jar:/home/user/.m2/repository/org/tukaani/xz/1.0/xz-1.0.jar:/home/user/.m2/repository/org/apache/hadoop/hadoop-common/3.2.0/hadoop-common-3.2.0.jar:/home/user/.m2/repository/org/apache/hadoop/hadoop-hdfs/3.2.0/hadoop-hdfs-3.2.0.jar:/home/user/.m2/repository/org/apache/hadoop/hadoop-hdfs-client/3.2.0/hadoop-hdfs-client-3.2.0.jar:/home/user/.m2/repository/com/fasterxml/jackson/core/jackson-annotations/2.9.5/jackson-annotations-2.9.5.jar:/home/user/.m2/repository/org/apache/hadoop/hadoop-hdds-common/0.5.0-SNAPSHOT/hadoop-hdds-common-0.5.0-SNAPSHOT.jar:/home/user/.m2/repository/javax/annotation/javax.annotation-api/1.2/javax.annotation-api-1.2.jar:/home/user/.m2/repository/org/apache/ratis/ratis-server/0.4.0-2337318-SNAPSHOT/ratis-server-0.4.0-2337318-SNAPSHOT.jar:/home/user/.m2/repository/org/apache/ratis/ratis-thirdparty-misc/0.2.0/ratis-thirdparty-misc-0.2.0.jar:/home/user/.m2/repository/org/apache/ratis/ratis-proto/0.4.0-2337318-SNAPSHOT/ratis-proto-0.4.0-2337318-SNAPSHOT.jar:/home/user/.m2/repository/org/apache/ratis/ratis-common/0.4.0-2337318-SNAPSHOT/ratis-common-0.4.0-2337318-SNAPSHOT.jar:/home/user/.m2/repository/org/apache/ratis/ratis-client/0.4.0-2337318-SNAPSHOT/ratis-client-0.4.0-2337318-SNAPSHOT.jar:/home/user/.m2/repository/org/apache/ratis/ratis-metrics/0.4.0-2337318-SNAPSHOT/ratis-metrics-0.4.0-2337318-SNAPSHOT.jar:/home/user/.m2/repository/org/apache/ratis/ratis-netty/0.4.0-2337318-SNAPSHOT/ratis-netty-0.4.0-2337318-SNAPSHOT.jar:/home/user/.m2/repository/org/apache/ratis/ratis-grpc/0.4.0-2337318-SNAPSHOT/ratis-grpc-0.4.0-2337318-SNAPSHOT.jar:/home/user/.m2/repository/org/rocksdb/rocksdbjni/6.0.1/rocksdbjni-6.0.1.jar:/home/user/.m2/repository/org/apache/logging/log4j/log4j-api/2.11.0/log4j-api-2.11.0.jar:/home/user/.m2/repository/org/apache/logging/log4j/log4j-core/2.11.0/log4j-core-2.11.0.jar:/home/user/.m2/repository/com/lmax/disruptor/3.4.2/disruptor-3.4.2.jar:/home/user/.m2/repository/org/apache/commons/commons-pool2/2.6.0/commons-pool2-2.6.0.jar:/home/user/.m2/repository/org/bouncycastle/bcpkix-jdk15on/1.60/bcpkix-jdk15on-1.60.jar:/home/user/.m2/repository/commons-validator/commons-validator/1.6/commons-validator-1.6.jar:/home/user/.m2/repository/commons-digester/commons-digester/1.8.1/commons-digester-1.8.1.jar:/home/user/.m2/repository/io/jaegertracing/jaeger-client/0.33.1/jaeger-client-0.33.1.jar:/home/user/.m2/repository/io/jaegertracing/jaeger-thrift/0.33.1/jaeger-thrift-0.33.1.jar:/home/user/.m2/repository/org/apache/thrift/libthrift/0.11.0/libthrift-0.11.0.jar:/home/user/.m2/repository/com/squareup/okhttp3/okhttp/3.9.0/okhttp-3.9.0.jar:/home/user/.m2/repository/com/squareup/okio/okio/1.13.0/okio-1.13.0.jar:/home/user/.m2/repository/io/jaegertracing/jaeger-core/0.33.1/jaeger-core-0.33.1.jar:/home/user/.m2/repository/io/jaegertracing/jaeger-tracerresolver/0.33.1/jaeger-tracerresolver-0.33.1.jar:/home/user/.m2/repository/io/opentracing/contrib/opentracing-tracerresolver/0.1.5/opentracing-tracerresolver-0.1.5.jar:/home/user/.m2/repository/io/opentracing/opentracing-util/0.31.0/opentracing-util-0.31.0.jar:/home/user/.m2/repository/io/opentracing/opentracing-api/0.31.0/opentracing-api-0.31.0.jar:/home/user/.m2/repository/io/opentracing/opentracing-noop/0.31.0/opentracing-noop-0.31.0.jar:/home/user/.m2/repository/org/apache/hadoop/hadoop-hdds-server-framework/0.5.0-SNAPSHOT/hadoop-hdds-server-framework-0.5.0-SNAPSHOT.jar:/home/user/.m2/repository/org/apache/hadoop/hadoop-hdds-container-service/0.5.0-SNAPSHOT/hadoop-hdds-container-service-0.5.0-SNAPSHOT.jar:/home/user/.m2/repository/org/apache/hadoop/hadoop-hdds-client/0.5.0-SNAPSHOT/hadoop-hdds-client-0.5.0-SNAPSHOT.jar:/home/user/.m2/repository/org/apache/hadoop/hadoop-hdds-tools/0.5.0-SNAPSHOT/hadoop-hdds-tools-0.5.0-SNAPSHOT.jar:/home/user/.m2/repository/org/apache/hadoop/hadoop-hdds-server-scm/0.5.0-SNAPSHOT/hadoop-hdds-server-scm-0.5.0-SNAPSHOT.jar:/home/user/.m2/repository/org/apache/hadoop/hadoop-hdds-docs/0.5.0-SNAPSHOT/hadoop-hdds-docs-0.5.0-SNAPSHOT.jar:/home/user/.m2/repository/io/dropwizard/metrics/metrics-core/3.2.4/metrics-core-3.2.4.jar:/home/user/.m2/repository/org/hamcrest/hamcrest-all/1.3/hamcrest-all-1.3.jar:/home/user/.m2/repository/org/bouncycastle/bcprov-jdk15on/1.60/bcprov-jdk15on-1.60.jar:/home/user/.m2/repository/info/picocli/picocli/3.9.6/picocli-3.9.6.jar:/home/user/.m2/repository/com/google/protobuf/protobuf-java/2.5.0/protobuf-java-2.5.0.jar:/home/user/.m2/repository/com/google/guava/guava/11.0.2/guava-11.0.2.jar:/home/user/.m2/repository/org/apache/hadoop/hadoop-ozone-ozone-manager/0.5.0-SNAPSHOT/hadoop-ozone-ozone-manager-0.5.0-SNAPSHOT.jar:/home/user/.m2/repository/org/apache/hadoop/hadoop-minikdc/3.2.0/hadoop-minikdc-3.2.0.jar:/home/user/.m2/repository/commons-io/commons-io/2.5/commons-io-2.5.jar:/home/user/.m2/repository/org/apache/kerby/kerb-simplekdc/1.0.1/kerb-simplekdc-1.0.1.jar:/home/user/.m2/repository/org/apache/kerby/kerb-client/1.0.1/kerb-client-1.0.1.jar:/home/user/.m2/repository/org/apache/kerby/kerby-config/1.0.1/kerby-config-1.0.1.jar:/home/user/.m2/repository/org/apache/kerby/kerb-core/1.0.1/kerb-core-1.0.1.jar:/home/user/.m2/repository/org/apache/kerby/kerby-pkix/1.0.1/kerby-pkix-1.0.1.jar:/home/user/.m2/repository/org/apache/kerby/kerby-asn1/1.0.1/kerby-asn1-1.0.1.jar:/home/user/.m2/repository/org/apache/kerby/kerby-util/1.0.1/kerby-util-1.0.1.jar:/home/user/.m2/repository/org/apache/kerby/kerb-common/1.0.1/kerb-common-1.0.1.jar:/home/user/.m2/repository/org/apache/kerby/kerb-crypto/1.0.1/kerb-crypto-1.0.1.jar:/home/user/.m2/repository/org/apache/kerby/kerb-util/1.0.1/kerb-util-1.0.1.jar:/home/user/.m2/repository/org/apache/kerby/token-provider/1.0.1/token-provider-1.0.1.jar:/home/user/.m2/repository/org/apache/kerby/kerb-admin/1.0.1/kerb-admin-1.0.1.jar:/home/user/.m2/repository/org/apache/kerby/kerb-server/1.0.1/kerb-server-1.0.1.jar:/home/user/.m2/repository/org/apache/kerby/kerb-identity/1.0.1/kerb-identity-1.0.1.jar:/home/user/.m2/repository/org/apache/kerby/kerby-xdr/1.0.1/kerby-xdr-1.0.1.jar:/home/user/.m2/repository/org/slf4j/slf4j-log4j12/1.7.25/slf4j-log4j12-1.7.25.jar:/home/user/.m2/repository/org/apache/hadoop/hadoop-ozone-s3gateway/0.5.0-SNAPSHOT/hadoop-ozone-s3gateway-0.5.0-SNAPSHOT.jar:/home/user/.m2/repository/org/jboss/weld/servlet/weld-servlet/2.4.7.Final/weld-servlet-2.4.7.Final.jar:/home/user/.m2/repository/org/glassfish/jersey/containers/jersey-container-servlet-core/2.27/jersey-container-servlet-core-2.27.jar:/home/user/.m2/repository/org/glassfish/hk2/external/javax.inject/2.5.0-b42/javax.inject-2.5.0-b42.jar:/home/user/.m2/repository/org/glassfish/jersey/core/jersey-common/2.27/jersey-common-2.27.jar:/home/user/.m2/repository/org/glassfish/hk2/osgi-resource-locator/1.0.1/osgi-resource-locator-1.0.1.jar:/home/user/.m2/repository/javax/ws/rs/javax.ws.rs-api/2.1/javax.ws.rs-api-2.1.jar:/home/user/.m2/repository/org/glassfish/jersey/ext/cdi/jersey-cdi1x/2.27/jersey-cdi1x-2.27.jar:/home/user/.m2/repository/org/glassfish/jersey/inject/jersey-hk2/2.27/jersey-hk2-2.27.jar:/home/user/.m2/repository/org/glassfish/hk2/hk2-locator/2.5.0-b42/hk2-locator-2.5.0-b42.jar:/home/user/.m2/repository/org/javassist/javassist/3.22.0-CR2/javassist-3.22.0-CR2.jar:/home/user/.m2/repository/org/glassfish/hk2/hk2-api/2.5.0/hk2-api-2.5.0.jar:/home/user/.m2/repository/org/glassfish/hk2/external/jakarta.inject/2.5.0/jakarta.inject-2.5.0.jar:/home/user/.m2/repository/org/glassfish/hk2/hk2-utils/2.5.0/hk2-utils-2.5.0.jar:/home/user/.m2/repository/jakarta/annotation/jakarta.annotation-api/1.3.4/jakarta.annotation-api-1.3.4.jar:/home/user/.m2/repository/org/glassfish/hk2/external/aopalliance-repackaged/2.5.0/aopalliance-repackaged-2.5.0.jar:/home/user/.m2/repository/com/fasterxml/jackson/dataformat/jackson-dataformat-xml/2.9.0/jackson-dataformat-xml-2.9.0.jar:/home/user/.m2/repository/com/fasterxml/jackson/core/jackson-core/2.9.5/jackson-core-2.9.5.jar:/home/user/.m2/repository/com/fasterxml/jackson/module/jackson-module-jaxb-annotations/2.9.5/jackson-module-jaxb-annotations-2.9.5.jar:/home/user/.m2/repository/javax/enterprise/cdi-api/1.2/cdi-api-1.2.jar:/home/user/.m2/repository/javax/el/javax.el-api/3.0.0/javax.el-api-3.0.0.jar:/home/user/.m2/repository/javax/interceptor/javax.interceptor-api/1.2/javax.interceptor-api-1.2.jar:/home/user/.m2/repository/javax/inject/javax.inject/1/javax.inject-1.jar:/home/user/.m2/repository/com/sun/xml/bind/jaxb-impl/2.3.0.1/jaxb-impl-2.3.0.1.jar:/home/user/.m2/repository/com/sun/xml/bind/jaxb-core/2.3.0.1/jaxb-core-2.3.0.1.jar:/home/user/.m2/repository/javax/xml/bind/jaxb-api/2.3.0/jaxb-api-2.3.0.jar:/home/user/.m2/repository/javax/activation/activation/1.1.1/activation-1.1.1.jar:/home/user/.m2/repository/org/apache/hadoop/hadoop-ozone-csi/0.5.0-SNAPSHOT/hadoop-ozone-csi-0.5.0-SNAPSHOT.jar:/home/user/.m2/repository/com/google/protobuf/protobuf-java-util/3.5.1/protobuf-java-util-3.5.1.jar:/home/user/.m2/repository/org/apache/hadoop/hadoop-hdds-config/0.5.0-SNAPSHOT/hadoop-hdds-config-0.5.0-SNAPSHOT.jar:/home/user/.m2/repository/io/grpc/grpc-netty/1.17.1/grpc-netty-1.17.1.jar:/home/user/.m2/repository/io/grpc/grpc-core/1.17.1/grpc-core-1.17.1.jar:/home/user/.m2/repository/io/grpc/grpc-context/1.17.1/grpc-context-1.17.1.jar:/home/user/.m2/repository/com/google/errorprone/error_prone_annotations/2.2.0/error_prone_annotations-2.2.0.jar:/home/user/.m2/repository/org/codehaus/mojo/animal-sniffer-annotations/1.17/animal-sniffer-annotations-1.17.jar:/home/user/.m2/repository/io/opencensus/opencensus-api/0.17.0/opencensus-api-0.17.0.jar:/home/user/.m2/repository/io/opencensus/opencensus-contrib-grpc-metrics/0.17.0/opencensus-contrib-grpc-metrics-0.17.0.jar:/home/user/.m2/repository/io/netty/netty-codec-http2/4.1.30.Final/netty-codec-http2-4.1.30.Final.jar:/home/user/.m2/repository/io/netty/netty-codec-http/4.1.30.Final/netty-codec-http-4.1.30.Final.jar:/home/user/.m2/repository/io/netty/netty-codec/4.1.30.Final/netty-codec-4.1.30.Final.jar:/home/user/.m2/repository/io/netty/netty-handler/4.1.30.Final/netty-handler-4.1.30.Final.jar:/home/user/.m2/repository/io/netty/netty-handler-proxy/4.1.30.Final/netty-handler-proxy-4.1.30.Final.jar:/home/user/.m2/repository/io/netty/netty-codec-socks/4.1.30.Final/netty-codec-socks-4.1.30.Final.jar:/home/user/.m2/repository/io/netty/netty-transport-native-epoll/4.1.30.Final/netty-transport-native-epoll-4.1.30.Final.jar:/home/user/.m2/repository/io/netty/netty-common/4.1.30.Final/netty-common-4.1.30.Final.jar:/home/user/.m2/repository/io/netty/netty-buffer/4.1.30.Final/netty-buffer-4.1.30.Final.jar:/home/user/.m2/repository/io/netty/netty-transport/4.1.30.Final/netty-transport-4.1.30.Final.jar:/home/user/.m2/repository/io/netty/netty-resolver/4.1.30.Final/netty-resolver-4.1.30.Final.jar:/home/user/.m2/repository/io/netty/netty-transport-native-unix-common/4.1.30.Final/netty-transport-native-unix-common-4.1.30.Final.jar:/home/user/.m2/repository/io/grpc/grpc-protobuf/1.17.1/grpc-protobuf-1.17.1.jar:/home/user/.m2/repository/com/google/api/grpc/proto-google-common-protos/1.0.0/proto-google-common-protos-1.0.0.jar:/home/user/.m2/repository/io/grpc/grpc-protobuf-lite/1.17.1/grpc-protobuf-lite-1.17.1.jar:/home/user/.m2/repository/io/grpc/grpc-stub/1.17.1/grpc-stub-1.17.1.jar:/home/user/.m2/repository/org/apache/hadoop/hadoop-ozone-recon/0.5.0-SNAPSHOT/hadoop-ozone-recon-0.5.0-SNAPSHOT.jar:/home/user/.m2/repository/org/apache/hadoop/hadoop-ozone-reconcodegen/0.5.0-SNAPSHOT/hadoop-ozone-reconcodegen-0.5.0-SNAPSHOT.jar:/home/user/.m2/repository/com/google/inject/extensions/guice-multibindings/4.0/guice-multibindings-4.0.jar:/home/user/.m2/repository/com/google/inject/guice/4.0/guice-4.0.jar:/home/user/.m2/repository/aopalliance/aopalliance/1.0/aopalliance-1.0.jar:/home/user/.m2/repository/com/google/inject/extensions/guice-servlet/4.0/guice-servlet-4.0.jar:/home/user/.m2/repository/org/glassfish/jersey/containers/jersey-container-servlet/2.27/jersey-container-servlet-2.27.jar:/home/user/.m2/repository/org/glassfish/hk2/guice-bridge/2.5.0/guice-bridge-2.5.0.jar:/home/user/.m2/repository/org/glassfish/jersey/core/jersey-server/2.27/jersey-server-2.27.jar:/home/user/.m2/repository/org/glassfish/jersey/core/jersey-client/2.27/jersey-client-2.27.jar:/home/user/.m2/repository/org/glassfish/jersey/media/jersey-media-jaxb/2.27/jersey-media-jaxb-2.27.jar:/home/user/.m2/repository/javax/validation/validation-api/1.1.0.Final/validation-api-1.1.0.Final.jar:/home/user/.m2/repository/org/glassfish/jersey/media/jersey-media-json-jackson/2.27/jersey-media-json-jackson-2.27.jar:/home/user/.m2/repository/org/glassfish/jersey/ext/jersey-entity-filtering/2.27/jersey-entity-filtering-2.27.jar:/home/user/.m2/repository/com/google/inject/extensions/guice-assistedinject/4.0/guice-assistedinject-4.0.jar:/home/user/.m2/repository/org/jooq/jooq/3.11.10/jooq-3.11.10.jar:/home/user/.m2/repository/org/jooq/jooq-meta/3.11.10/jooq-meta-3.11.10.jar:/home/user/.m2/repository/org/jooq/jooq-codegen/3.11.10/jooq-codegen-3.11.10.jar:/home/user/.m2/repository/com/jolbox/bonecp/0.8.0.RELEASE/bonecp-0.8.0.RELEASE.jar:/home/user/.m2/repository/org/xerial/sqlite-jdbc/3.25.2/sqlite-jdbc-3.25.2.jar:/home/user/.m2/repository/org/springframework/spring-jdbc/5.1.3.RELEASE/spring-jdbc-5.1.3.RELEASE.jar:/home/user/.m2/repository/org/springframework/spring-beans/5.1.3.RELEASE/spring-beans-5.1.3.RELEASE.jar:/home/user/.m2/repository/org/springframework/spring-core/5.1.3.RELEASE/spring-core-5.1.3.RELEASE.jar:/home/user/.m2/repository/org/springframework/spring-jcl/5.1.3.RELEASE/spring-jcl-5.1.3.RELEASE.jar:/home/user/.m2/repository/org/springframework/spring-tx/5.1.3.RELEASE/spring-tx-5.1.3.RELEASE.jar:/home/user/.m2/repository/org/apache/hadoop/hadoop-ozone-client/0.5.0-SNAPSHOT/hadoop-ozone-client-0.5.0-SNAPSHOT.jar:/home/user/.m2/repository/commons-lang/commons-lang/2.6/commons-lang-2.6.jar:/home/user/.m2/repository/org/apache/hadoop/hadoop-ozone-ozone-manager/0.5.0-SNAPSHOT/hadoop-ozone-ozone-manager-0.5.0-SNAPSHOT-tests.jar:/home/user/.m2/repository/junit/junit/4.11/junit-4.11.jar:/home/user/.m2/repository/org/hamcrest/hamcrest-core/1.3/hamcrest-core-1.3.jar:/home/user/.m2/repository/org/openjdk/jmh/jmh-core/1.19/jmh-core-1.19.jar:/home/user/.m2/repository/net/sf/jopt-simple/jopt-simple/4.6/jopt-simple-4.6.jar:/home/user/.m2/repository/org/apache/commons/commons-math3/3.1.1/commons-math3-3.1.1.jar:/home/user/.m2/repository/org/openjdk/jmh/jmh-generator-annprocess/1.19/jmh-generator-annprocess-1.19.jar:/home/user/.m2/repository/org/mockito/mockito-all/1.8.5/mockito-all-1.8.5.jar:/home/user/.m2/repository/org/apache/hadoop/hadoop-kms/3.2.0/hadoop-kms-3.2.0.jar:/home/user/.m2/repository/org/apache/hadoop/hadoop-auth/3.2.0/hadoop-auth-3.2.0.jar:/home/user/.m2/repository/com/nimbusds/nimbus-jose-jwt/4.41.1/nimbus-jose-jwt-4.41.1.jar:/home/user/.m2/repository/com/github/stephenc/jcip/jcip-annotations/1.0-1/jcip-annotations-1.0-1.jar:/home/user/.m2/repository/net/minidev/json-smart/2.3/json-smart-2.3.jar:/home/user/.m2/repository/net/minidev/accessors-smart/1.2/accessors-smart-1.2.jar:/home/user/.m2/repository/org/ow2/asm/asm/5.0.4/asm-5.0.4.jar:/home/user/.m2/repository/org/apache/curator/curator-framework/2.12.0/curator-framework-2.12.0.jar:/home/user/.m2/repository/com/sun/jersey/jersey-core/1.19/jersey-core-1.19.jar:/home/user/.m2/repository/javax/ws/rs/jsr311-api/1.1.1/jsr311-api-1.1.1.jar:/home/user/.m2/repository/com/sun/jersey/jersey-server/1.19/jersey-server-1.19.jar:/home/user/.m2/repository/javax/servlet/javax.servlet-api/3.1.0/javax.servlet-api-3.1.0.jar:/home/user/.m2/repository/org/eclipse/jetty/jetty-server/9.3.24.v20180605/jetty-server-9.3.24.v20180605.jar:/home/user/.m2/repository/org/eclipse/jetty/jetty-http/9.3.24.v20180605/jetty-http-9.3.24.v20180605.jar:/home/user/.m2/repository/org/eclipse/jetty/jetty-io/9.3.24.v20180605/jetty-io-9.3.24.v20180605.jar:/home/user/.m2/repository/org/eclipse/jetty/jetty-webapp/9.3.24.v20180605/jetty-webapp-9.3.24.v20180605.jar:/home/user/.m2/repository/org/eclipse/jetty/jetty-xml/9.3.24.v20180605/jetty-xml-9.3.24.v20180605.jar:/home/user/.m2/repository/log4j/log4j/1.2.17/log4j-1.2.17.jar:/home/user/.m2/repository/org/slf4j/slf4j-api/1.7.25/slf4j-api-1.7.25.jar:/home/user/.m2/repository/org/slf4j/jul-to-slf4j/1.7.25/jul-to-slf4j-1.7.25.jar:/home/user/.m2/repository/org/eclipse/jetty/jetty-util/9.3.24.v20180605/jetty-util-9.3.24.v20180605.jar:/home/user/.m2/repository/com/fasterxml/jackson/core/jackson-databind/2.9.5/jackson-databind-2.9.5.jar:/home/user/.m2/repository/org/apache/hadoop/hadoop-kms/3.2.0/hadoop-kms-3.2.0-tests.jar:/home/user/.m2/repository/org/apache/hadoop/hadoop-hdds-server-scm/0.5.0-SNAPSHOT/hadoop-hdds-server-scm-0.5.0-SNAPSHOT-tests.jar:/home/user/.m2/repository/org/apache/hadoop/hadoop-hdds-container-service/0.5.0-SNAPSHOT/hadoop-hdds-container-service-0.5.0-SNAPSHOT-tests.jar:/home/user/.m2/repository/org/yaml/snakeyaml/1.16/snakeyaml-1.16.jar:/home/user/.m2/repository/org/apache/hadoop/hadoop-common/3.2.0/hadoop-common-3.2.0-tests.jar:/home/user/.m2/repository/org/apache/hadoop/hadoop-annotations/3.2.0/hadoop-annotations-3.2.0.jar:/usr/lib/jvm/java-1.8-openjdk/jre/../lib/tools.jar:/home/user/.m2/repository/commons-cli/commons-cli/1.2/commons-cli-1.2.jar:/home/user/.m2/repository/org/apache/httpcomponents/httpclient/4.5.2/httpclient-4.5.2.jar:/home/user/.m2/repository/org/apache/httpcomponents/httpcore/4.4.4/httpcore-4.4.4.jar:/home/user/.m2/repository/commons-codec/commons-codec/1.11/commons-codec-1.11.jar:/home/user/.m2/repository/commons-net/commons-net/3.6/commons-net-3.6.jar:/home/user/.m2/repository/commons-collections/commons-collections/3.2.2/commons-collections-3.2.2.jar:/home/user/.m2/repository/org/eclipse/jetty/jetty-servlet/9.3.24.v20180605/jetty-servlet-9.3.24.v20180605.jar:/home/user/.m2/repository/org/eclipse/jetty/jetty-security/9.3.24.v20180605/jetty-security-9.3.24.v20180605.jar:/home/user/.m2/repository/javax/servlet/jsp/jsp-api/2.1/jsp-api-2.1.jar:/home/user/.m2/repository/com/sun/jersey/jersey-servlet/1.19/jersey-servlet-1.19.jar:/home/user/.m2/repository/com/sun/jersey/jersey-json/1.19/jersey-json-1.19.jar:/home/user/.m2/repository/org/codehaus/jettison/jettison/1.1/jettison-1.1.jar:/home/user/.m2/repository/org/codehaus/jackson/jackson-core-asl/1.9.13/jackson-core-asl-1.9.13.jar:/home/user/.m2/repository/org/codehaus/jackson/jackson-mapper-asl/1.9.13/jackson-mapper-asl-1.9.13.jar:/home/user/.m2/repository/org/codehaus/jackson/jackson-jaxrs/1.9.13/jackson-jaxrs-1.9.13.jar:/home/user/.m2/repository/org/codehaus/jackson/jackson-xc/1.9.13/jackson-xc-1.9.13.jar:/home/user/.m2/repository/commons-logging/commons-logging/1.1.3/commons-logging-1.1.3.jar:/home/user/.m2/repository/commons-beanutils/commons-beanutils/1.9.3/commons-beanutils-1.9.3.jar:/home/user/.m2/repository/org/apache/commons/commons-configuration2/2.1.1/commons-configuration2-2.1.1.jar:/home/user/.m2/repository/org/apache/commons/commons-lang3/3.7/commons-lang3-3.7.jar:/home/user/.m2/repository/org/apache/commons/commons-text/1.4/commons-text-1.4.jar:/home/user/.m2/repository/org/apache/avro/avro/1.7.7/avro-1.7.7.jar:/home/user/.m2/repository/com/thoughtworks/paranamer/paranamer/2.3/paranamer-2.3.jar:/home/user/.m2/repository/org/xerial/snappy/snappy-java/1.0.5/snappy-java-1.0.5.jar:/home/user/.m2/repository/com/google/re2j/re2j/1.1/re2j-1.1.jar:/home/user/.m2/repository/com/google/code/gson/gson/2.2.4/gson-2.2.4.jar:/home/user/.m2/repository/com/jcraft/jsch/0.1.54/jsch-0.1.54.jar:/home/user/.m2/repository/org/apache/curator/curator-client/2.12.0/curator-client-2.12.0.jar:/home/user/.m2/repository/org/apache/curator/curator-recipes/2.12.0/curator-recipes-2.12.0.jar:/home/user/.m2/repository/com/google/code/findbugs/jsr305/3.0.0/jsr305-3.0.0.jar:/home/user/.m2/repository/org/apache/htrace/htrace-core4/4.1.0-incubating/htrace-core4-4.1.0-incubating.jar:/home/user/.m2/repository/org/apache/zookeeper/zookeeper/3.4.13/zookeeper-3.4.13.jar:/home/user/.m2/repository/org/apache/yetus/audience-annotations/0.5.0/audience-annotations-0.5.0.jar:/home/user/.m2/repository/org/codehaus/woodstox/stax2-api/3.1.4/stax2-api-3.1.4.jar:/home/user/.m2/repository/com/fasterxml/woodstox/woodstox-core/5.0.3/woodstox-core-5.0.3.jar:/home/user/.m2/repository/dnsjava/dnsjava/2.1.7/dnsjava-2.1.7.jar:/home/user/.m2/repository/org/apache/hadoop/hadoop-hdfs/3.2.0/hadoop-hdfs-3.2.0-tests.jar:/home/user/.m2/repository/org/eclipse/jetty/jetty-util-ajax/9.3.24.v20180605/jetty-util-ajax-9.3.24.v20180605.jar:/home/user/.m2/repository/commons-daemon/commons-daemon/1.0.13/commons-daemon-1.0.13.jar:/home/user/.m2/repository/io/netty/netty/3.10.5.Final/netty-3.10.5.Final.jar:/home/user/.m2/repository/io/netty/netty-all/4.0.52.Final/netty-all-4.0.52.Final.jar:/home/user/.m2/repository/org/fusesource/leveldbjni/leveldbjni-all/1.8/leveldbjni-all-1.8.jar:"/>
    <property name="java.vm.vendor" value="IcedTea"/>
    <property name="sun.arch.data.model" value="64"/>
    <property name="test.build.dir" value="/workdir/hadoop-ozone/integration-test/target/test-dir"/>
    <property name="test.cache.data" value=""/>
    <property name="java.vendor.url" value="https://icedtea.classpath.org"/>
    <property name="user.timezone" value=""/>
    <property name="java.vm.specification.version" value="1.8"/>
    <property name="os.name" value="Linux"/>
    <property name="test.build.data" value="/workdir/hadoop-ozone/integration-test/target/test-dir"/>
    <property name="user.country" value="US"/>
    <property name="sun.java.launcher" value="SUN_STANDARD"/>
    <property name="sun.boot.library.path" value="/usr/lib/jvm/java-1.8-openjdk/jre/lib/amd64"/>
    <property name="sun.java.command" value="/workdir/hadoop-ozone/integration-test/target/surefire/surefirebooter8987389543450605619.jar /workdir/hadoop-ozone/integration-test/target/surefire 2019-09-05T18-45-19_623-jvmRun1 surefire2549624535435127093tmp surefire_371094548750559532957tmp"/>
    <property name="test" value="!TestMiniChaosOzoneCluster"/>
    <property name="surefire.test.class.path" value="/workdir/hadoop-ozone/integration-test/target/test-classes:/workdir/hadoop-ozone/integration-test/target/classes:/home/user/.m2/repository/org/apache/hadoop/hadoop-ozone-common/0.5.0-SNAPSHOT/hadoop-ozone-common-0.5.0-SNAPSHOT.jar:/home/user/.m2/repository/org/apache/commons/commons-compress/1.4.1/commons-compress-1.4.1.jar:/home/user/.m2/repository/org/tukaani/xz/1.0/xz-1.0.jar:/home/user/.m2/repository/org/apache/hadoop/hadoop-common/3.2.0/hadoop-common-3.2.0.jar:/home/user/.m2/repository/org/apache/hadoop/hadoop-hdfs/3.2.0/hadoop-hdfs-3.2.0.jar:/home/user/.m2/repository/org/apache/hadoop/hadoop-hdfs-client/3.2.0/hadoop-hdfs-client-3.2.0.jar:/home/user/.m2/repository/com/fasterxml/jackson/core/jackson-annotations/2.9.5/jackson-annotations-2.9.5.jar:/home/user/.m2/repository/org/apache/hadoop/hadoop-hdds-common/0.5.0-SNAPSHOT/hadoop-hdds-common-0.5.0-SNAPSHOT.jar:/home/user/.m2/repository/javax/annotation/javax.annotation-api/1.2/javax.annotation-api-1.2.jar:/home/user/.m2/repository/org/apache/ratis/ratis-server/0.4.0-2337318-SNAPSHOT/ratis-server-0.4.0-2337318-SNAPSHOT.jar:/home/user/.m2/repository/org/apache/ratis/ratis-thirdparty-misc/0.2.0/ratis-thirdparty-misc-0.2.0.jar:/home/user/.m2/repository/org/apache/ratis/ratis-proto/0.4.0-2337318-SNAPSHOT/ratis-proto-0.4.0-2337318-SNAPSHOT.jar:/home/user/.m2/repository/org/apache/ratis/ratis-common/0.4.0-2337318-SNAPSHOT/ratis-common-0.4.0-2337318-SNAPSHOT.jar:/home/user/.m2/repository/org/apache/ratis/ratis-client/0.4.0-2337318-SNAPSHOT/ratis-client-0.4.0-2337318-SNAPSHOT.jar:/home/user/.m2/repository/org/apache/ratis/ratis-metrics/0.4.0-2337318-SNAPSHOT/ratis-metrics-0.4.0-2337318-SNAPSHOT.jar:/home/user/.m2/repository/org/apache/ratis/ratis-netty/0.4.0-2337318-SNAPSHOT/ratis-netty-0.4.0-2337318-SNAPSHOT.jar:/home/user/.m2/repository/org/apache/ratis/ratis-grpc/0.4.0-2337318-SNAPSHOT/ratis-grpc-0.4.0-2337318-SNAPSHOT.jar:/home/user/.m2/repository/org/rocksdb/rocksdbjni/6.0.1/rocksdbjni-6.0.1.jar:/home/user/.m2/repository/org/apache/logging/log4j/log4j-api/2.11.0/log4j-api-2.11.0.jar:/home/user/.m2/repository/org/apache/logging/log4j/log4j-core/2.11.0/log4j-core-2.11.0.jar:/home/user/.m2/repository/com/lmax/disruptor/3.4.2/disruptor-3.4.2.jar:/home/user/.m2/repository/org/apache/commons/commons-pool2/2.6.0/commons-pool2-2.6.0.jar:/home/user/.m2/repository/org/bouncycastle/bcpkix-jdk15on/1.60/bcpkix-jdk15on-1.60.jar:/home/user/.m2/repository/commons-validator/commons-validator/1.6/commons-validator-1.6.jar:/home/user/.m2/repository/commons-digester/commons-digester/1.8.1/commons-digester-1.8.1.jar:/home/user/.m2/repository/io/jaegertracing/jaeger-client/0.33.1/jaeger-client-0.33.1.jar:/home/user/.m2/repository/io/jaegertracing/jaeger-thrift/0.33.1/jaeger-thrift-0.33.1.jar:/home/user/.m2/repository/org/apache/thrift/libthrift/0.11.0/libthrift-0.11.0.jar:/home/user/.m2/repository/com/squareup/okhttp3/okhttp/3.9.0/okhttp-3.9.0.jar:/home/user/.m2/repository/com/squareup/okio/okio/1.13.0/okio-1.13.0.jar:/home/user/.m2/repository/io/jaegertracing/jaeger-core/0.33.1/jaeger-core-0.33.1.jar:/home/user/.m2/repository/io/jaegertracing/jaeger-tracerresolver/0.33.1/jaeger-tracerresolver-0.33.1.jar:/home/user/.m2/repository/io/opentracing/contrib/opentracing-tracerresolver/0.1.5/opentracing-tracerresolver-0.1.5.jar:/home/user/.m2/repository/io/opentracing/opentracing-util/0.31.0/opentracing-util-0.31.0.jar:/home/user/.m2/repository/io/opentracing/opentracing-api/0.31.0/opentracing-api-0.31.0.jar:/home/user/.m2/repository/io/opentracing/opentracing-noop/0.31.0/opentracing-noop-0.31.0.jar:/home/user/.m2/repository/org/apache/hadoop/hadoop-hdds-server-framework/0.5.0-SNAPSHOT/hadoop-hdds-server-framework-0.5.0-SNAPSHOT.jar:/home/user/.m2/repository/org/apache/hadoop/hadoop-hdds-container-service/0.5.0-SNAPSHOT/hadoop-hdds-container-service-0.5.0-SNAPSHOT.jar:/home/user/.m2/repository/org/apache/hadoop/hadoop-hdds-client/0.5.0-SNAPSHOT/hadoop-hdds-client-0.5.0-SNAPSHOT.jar:/home/user/.m2/repository/org/apache/hadoop/hadoop-hdds-tools/0.5.0-SNAPSHOT/hadoop-hdds-tools-0.5.0-SNAPSHOT.jar:/home/user/.m2/repository/org/apache/hadoop/hadoop-hdds-server-scm/0.5.0-SNAPSHOT/hadoop-hdds-server-scm-0.5.0-SNAPSHOT.jar:/home/user/.m2/repository/org/apache/hadoop/hadoop-hdds-docs/0.5.0-SNAPSHOT/hadoop-hdds-docs-0.5.0-SNAPSHOT.jar:/home/user/.m2/repository/io/dropwizard/metrics/metrics-core/3.2.4/metrics-core-3.2.4.jar:/home/user/.m2/repository/org/hamcrest/hamcrest-all/1.3/hamcrest-all-1.3.jar:/home/user/.m2/repository/org/bouncycastle/bcprov-jdk15on/1.60/bcprov-jdk15on-1.60.jar:/home/user/.m2/repository/info/picocli/picocli/3.9.6/picocli-3.9.6.jar:/home/user/.m2/repository/com/google/protobuf/protobuf-java/2.5.0/protobuf-java-2.5.0.jar:/home/user/.m2/repository/com/google/guava/guava/11.0.2/guava-11.0.2.jar:/home/user/.m2/repository/org/apache/hadoop/hadoop-ozone-ozone-manager/0.5.0-SNAPSHOT/hadoop-ozone-ozone-manager-0.5.0-SNAPSHOT.jar:/home/user/.m2/repository/org/apache/hadoop/hadoop-minikdc/3.2.0/hadoop-minikdc-3.2.0.jar:/home/user/.m2/repository/commons-io/commons-io/2.5/commons-io-2.5.jar:/home/user/.m2/repository/org/apache/kerby/kerb-simplekdc/1.0.1/kerb-simplekdc-1.0.1.jar:/home/user/.m2/repository/org/apache/kerby/kerb-client/1.0.1/kerb-client-1.0.1.jar:/home/user/.m2/repository/org/apache/kerby/kerby-config/1.0.1/kerby-config-1.0.1.jar:/home/user/.m2/repository/org/apache/kerby/kerb-core/1.0.1/kerb-core-1.0.1.jar:/home/user/.m2/repository/org/apache/kerby/kerby-pkix/1.0.1/kerby-pkix-1.0.1.jar:/home/user/.m2/repository/org/apache/kerby/kerby-asn1/1.0.1/kerby-asn1-1.0.1.jar:/home/user/.m2/repository/org/apache/kerby/kerby-util/1.0.1/kerby-util-1.0.1.jar:/home/user/.m2/repository/org/apache/kerby/kerb-common/1.0.1/kerb-common-1.0.1.jar:/home/user/.m2/repository/org/apache/kerby/kerb-crypto/1.0.1/kerb-crypto-1.0.1.jar:/home/user/.m2/repository/org/apache/kerby/kerb-util/1.0.1/kerb-util-1.0.1.jar:/home/user/.m2/repository/org/apache/kerby/token-provider/1.0.1/token-provider-1.0.1.jar:/home/user/.m2/repository/org/apache/kerby/kerb-admin/1.0.1/kerb-admin-1.0.1.jar:/home/user/.m2/repository/org/apache/kerby/kerb-server/1.0.1/kerb-server-1.0.1.jar:/home/user/.m2/repository/org/apache/kerby/kerb-identity/1.0.1/kerb-identity-1.0.1.jar:/home/user/.m2/repository/org/apache/kerby/kerby-xdr/1.0.1/kerby-xdr-1.0.1.jar:/home/user/.m2/repository/org/slf4j/slf4j-log4j12/1.7.25/slf4j-log4j12-1.7.25.jar:/home/user/.m2/repository/org/apache/hadoop/hadoop-ozone-s3gateway/0.5.0-SNAPSHOT/hadoop-ozone-s3gateway-0.5.0-SNAPSHOT.jar:/home/user/.m2/repository/org/jboss/weld/servlet/weld-servlet/2.4.7.Final/weld-servlet-2.4.7.Final.jar:/home/user/.m2/repository/org/glassfish/jersey/containers/jersey-container-servlet-core/2.27/jersey-container-servlet-core-2.27.jar:/home/user/.m2/repository/org/glassfish/hk2/external/javax.inject/2.5.0-b42/javax.inject-2.5.0-b42.jar:/home/user/.m2/repository/org/glassfish/jersey/core/jersey-common/2.27/jersey-common-2.27.jar:/home/user/.m2/repository/org/glassfish/hk2/osgi-resource-locator/1.0.1/osgi-resource-locator-1.0.1.jar:/home/user/.m2/repository/javax/ws/rs/javax.ws.rs-api/2.1/javax.ws.rs-api-2.1.jar:/home/user/.m2/repository/org/glassfish/jersey/ext/cdi/jersey-cdi1x/2.27/jersey-cdi1x-2.27.jar:/home/user/.m2/repository/org/glassfish/jersey/inject/jersey-hk2/2.27/jersey-hk2-2.27.jar:/home/user/.m2/repository/org/glassfish/hk2/hk2-locator/2.5.0-b42/hk2-locator-2.5.0-b42.jar:/home/user/.m2/repository/org/javassist/javassist/3.22.0-CR2/javassist-3.22.0-CR2.jar:/home/user/.m2/repository/org/glassfish/hk2/hk2-api/2.5.0/hk2-api-2.5.0.jar:/home/user/.m2/repository/org/glassfish/hk2/external/jakarta.inject/2.5.0/jakarta.inject-2.5.0.jar:/home/user/.m2/repository/org/glassfish/hk2/hk2-utils/2.5.0/hk2-utils-2.5.0.jar:/home/user/.m2/repository/jakarta/annotation/jakarta.annotation-api/1.3.4/jakarta.annotation-api-1.3.4.jar:/home/user/.m2/repository/org/glassfish/hk2/external/aopalliance-repackaged/2.5.0/aopalliance-repackaged-2.5.0.jar:/home/user/.m2/repository/com/fasterxml/jackson/dataformat/jackson-dataformat-xml/2.9.0/jackson-dataformat-xml-2.9.0.jar:/home/user/.m2/repository/com/fasterxml/jackson/core/jackson-core/2.9.5/jackson-core-2.9.5.jar:/home/user/.m2/repository/com/fasterxml/jackson/module/jackson-module-jaxb-annotations/2.9.5/jackson-module-jaxb-annotations-2.9.5.jar:/home/user/.m2/repository/javax/enterprise/cdi-api/1.2/cdi-api-1.2.jar:/home/user/.m2/repository/javax/el/javax.el-api/3.0.0/javax.el-api-3.0.0.jar:/home/user/.m2/repository/javax/interceptor/javax.interceptor-api/1.2/javax.interceptor-api-1.2.jar:/home/user/.m2/repository/javax/inject/javax.inject/1/javax.inject-1.jar:/home/user/.m2/repository/com/sun/xml/bind/jaxb-impl/2.3.0.1/jaxb-impl-2.3.0.1.jar:/home/user/.m2/repository/com/sun/xml/bind/jaxb-core/2.3.0.1/jaxb-core-2.3.0.1.jar:/home/user/.m2/repository/javax/xml/bind/jaxb-api/2.3.0/jaxb-api-2.3.0.jar:/home/user/.m2/repository/javax/activation/activation/1.1.1/activation-1.1.1.jar:/home/user/.m2/repository/org/apache/hadoop/hadoop-ozone-csi/0.5.0-SNAPSHOT/hadoop-ozone-csi-0.5.0-SNAPSHOT.jar:/home/user/.m2/repository/com/google/protobuf/protobuf-java-util/3.5.1/protobuf-java-util-3.5.1.jar:/home/user/.m2/repository/org/apache/hadoop/hadoop-hdds-config/0.5.0-SNAPSHOT/hadoop-hdds-config-0.5.0-SNAPSHOT.jar:/home/user/.m2/repository/io/grpc/grpc-netty/1.17.1/grpc-netty-1.17.1.jar:/home/user/.m2/repository/io/grpc/grpc-core/1.17.1/grpc-core-1.17.1.jar:/home/user/.m2/repository/io/grpc/grpc-context/1.17.1/grpc-context-1.17.1.jar:/home/user/.m2/repository/com/google/errorprone/error_prone_annotations/2.2.0/error_prone_annotations-2.2.0.jar:/home/user/.m2/repository/org/codehaus/mojo/animal-sniffer-annotations/1.17/animal-sniffer-annotations-1.17.jar:/home/user/.m2/repository/io/opencensus/opencensus-api/0.17.0/opencensus-api-0.17.0.jar:/home/user/.m2/repository/io/opencensus/opencensus-contrib-grpc-metrics/0.17.0/opencensus-contrib-grpc-metrics-0.17.0.jar:/home/user/.m2/repository/io/netty/netty-codec-http2/4.1.30.Final/netty-codec-http2-4.1.30.Final.jar:/home/user/.m2/repository/io/netty/netty-codec-http/4.1.30.Final/netty-codec-http-4.1.30.Final.jar:/home/user/.m2/repository/io/netty/netty-codec/4.1.30.Final/netty-codec-4.1.30.Final.jar:/home/user/.m2/repository/io/netty/netty-handler/4.1.30.Final/netty-handler-4.1.30.Final.jar:/home/user/.m2/repository/io/netty/netty-handler-proxy/4.1.30.Final/netty-handler-proxy-4.1.30.Final.jar:/home/user/.m2/repository/io/netty/netty-codec-socks/4.1.30.Final/netty-codec-socks-4.1.30.Final.jar:/home/user/.m2/repository/io/netty/netty-transport-native-epoll/4.1.30.Final/netty-transport-native-epoll-4.1.30.Final.jar:/home/user/.m2/repository/io/netty/netty-common/4.1.30.Final/netty-common-4.1.30.Final.jar:/home/user/.m2/repository/io/netty/netty-buffer/4.1.30.Final/netty-buffer-4.1.30.Final.jar:/home/user/.m2/repository/io/netty/netty-transport/4.1.30.Final/netty-transport-4.1.30.Final.jar:/home/user/.m2/repository/io/netty/netty-resolver/4.1.30.Final/netty-resolver-4.1.30.Final.jar:/home/user/.m2/repository/io/netty/netty-transport-native-unix-common/4.1.30.Final/netty-transport-native-unix-common-4.1.30.Final.jar:/home/user/.m2/repository/io/grpc/grpc-protobuf/1.17.1/grpc-protobuf-1.17.1.jar:/home/user/.m2/repository/com/google/api/grpc/proto-google-common-protos/1.0.0/proto-google-common-protos-1.0.0.jar:/home/user/.m2/repository/io/grpc/grpc-protobuf-lite/1.17.1/grpc-protobuf-lite-1.17.1.jar:/home/user/.m2/repository/io/grpc/grpc-stub/1.17.1/grpc-stub-1.17.1.jar:/home/user/.m2/repository/org/apache/hadoop/hadoop-ozone-recon/0.5.0-SNAPSHOT/hadoop-ozone-recon-0.5.0-SNAPSHOT.jar:/home/user/.m2/repository/org/apache/hadoop/hadoop-ozone-reconcodegen/0.5.0-SNAPSHOT/hadoop-ozone-reconcodegen-0.5.0-SNAPSHOT.jar:/home/user/.m2/repository/com/google/inject/extensions/guice-multibindings/4.0/guice-multibindings-4.0.jar:/home/user/.m2/repository/com/google/inject/guice/4.0/guice-4.0.jar:/home/user/.m2/repository/aopalliance/aopalliance/1.0/aopalliance-1.0.jar:/home/user/.m2/repository/com/google/inject/extensions/guice-servlet/4.0/guice-servlet-4.0.jar:/home/user/.m2/repository/org/glassfish/jersey/containers/jersey-container-servlet/2.27/jersey-container-servlet-2.27.jar:/home/user/.m2/repository/org/glassfish/hk2/guice-bridge/2.5.0/guice-bridge-2.5.0.jar:/home/user/.m2/repository/org/glassfish/jersey/core/jersey-server/2.27/jersey-server-2.27.jar:/home/user/.m2/repository/org/glassfish/jersey/core/jersey-client/2.27/jersey-client-2.27.jar:/home/user/.m2/repository/org/glassfish/jersey/media/jersey-media-jaxb/2.27/jersey-media-jaxb-2.27.jar:/home/user/.m2/repository/javax/validation/validation-api/1.1.0.Final/validation-api-1.1.0.Final.jar:/home/user/.m2/repository/org/glassfish/jersey/media/jersey-media-json-jackson/2.27/jersey-media-json-jackson-2.27.jar:/home/user/.m2/repository/org/glassfish/jersey/ext/jersey-entity-filtering/2.27/jersey-entity-filtering-2.27.jar:/home/user/.m2/repository/com/google/inject/extensions/guice-assistedinject/4.0/guice-assistedinject-4.0.jar:/home/user/.m2/repository/org/jooq/jooq/3.11.10/jooq-3.11.10.jar:/home/user/.m2/repository/org/jooq/jooq-meta/3.11.10/jooq-meta-3.11.10.jar:/home/user/.m2/repository/org/jooq/jooq-codegen/3.11.10/jooq-codegen-3.11.10.jar:/home/user/.m2/repository/com/jolbox/bonecp/0.8.0.RELEASE/bonecp-0.8.0.RELEASE.jar:/home/user/.m2/repository/org/xerial/sqlite-jdbc/3.25.2/sqlite-jdbc-3.25.2.jar:/home/user/.m2/repository/org/springframework/spring-jdbc/5.1.3.RELEASE/spring-jdbc-5.1.3.RELEASE.jar:/home/user/.m2/repository/org/springframework/spring-beans/5.1.3.RELEASE/spring-beans-5.1.3.RELEASE.jar:/home/user/.m2/repository/org/springframework/spring-core/5.1.3.RELEASE/spring-core-5.1.3.RELEASE.jar:/home/user/.m2/repository/org/springframework/spring-jcl/5.1.3.RELEASE/spring-jcl-5.1.3.RELEASE.jar:/home/user/.m2/repository/org/springframework/spring-tx/5.1.3.RELEASE/spring-tx-5.1.3.RELEASE.jar:/home/user/.m2/repository/org/apache/hadoop/hadoop-ozone-client/0.5.0-SNAPSHOT/hadoop-ozone-client-0.5.0-SNAPSHOT.jar:/home/user/.m2/repository/commons-lang/commons-lang/2.6/commons-lang-2.6.jar:/home/user/.m2/repository/org/apache/hadoop/hadoop-ozone-ozone-manager/0.5.0-SNAPSHOT/hadoop-ozone-ozone-manager-0.5.0-SNAPSHOT-tests.jar:/home/user/.m2/repository/junit/junit/4.11/junit-4.11.jar:/home/user/.m2/repository/org/hamcrest/hamcrest-core/1.3/hamcrest-core-1.3.jar:/home/user/.m2/repository/org/openjdk/jmh/jmh-core/1.19/jmh-core-1.19.jar:/home/user/.m2/repository/net/sf/jopt-simple/jopt-simple/4.6/jopt-simple-4.6.jar:/home/user/.m2/repository/org/apache/commons/commons-math3/3.1.1/commons-math3-3.1.1.jar:/home/user/.m2/repository/org/openjdk/jmh/jmh-generator-annprocess/1.19/jmh-generator-annprocess-1.19.jar:/home/user/.m2/repository/org/mockito/mockito-all/1.8.5/mockito-all-1.8.5.jar:/home/user/.m2/repository/org/apache/hadoop/hadoop-kms/3.2.0/hadoop-kms-3.2.0.jar:/home/user/.m2/repository/org/apache/hadoop/hadoop-auth/3.2.0/hadoop-auth-3.2.0.jar:/home/user/.m2/repository/com/nimbusds/nimbus-jose-jwt/4.41.1/nimbus-jose-jwt-4.41.1.jar:/home/user/.m2/repository/com/github/stephenc/jcip/jcip-annotations/1.0-1/jcip-annotations-1.0-1.jar:/home/user/.m2/repository/net/minidev/json-smart/2.3/json-smart-2.3.jar:/home/user/.m2/repository/net/minidev/accessors-smart/1.2/accessors-smart-1.2.jar:/home/user/.m2/repository/org/ow2/asm/asm/5.0.4/asm-5.0.4.jar:/home/user/.m2/repository/org/apache/curator/curator-framework/2.12.0/curator-framework-2.12.0.jar:/home/user/.m2/repository/com/sun/jersey/jersey-core/1.19/jersey-core-1.19.jar:/home/user/.m2/repository/javax/ws/rs/jsr311-api/1.1.1/jsr311-api-1.1.1.jar:/home/user/.m2/repository/com/sun/jersey/jersey-server/1.19/jersey-server-1.19.jar:/home/user/.m2/repository/javax/servlet/javax.servlet-api/3.1.0/javax.servlet-api-3.1.0.jar:/home/user/.m2/repository/org/eclipse/jetty/jetty-server/9.3.24.v20180605/jetty-server-9.3.24.v20180605.jar:/home/user/.m2/repository/org/eclipse/jetty/jetty-http/9.3.24.v20180605/jetty-http-9.3.24.v20180605.jar:/home/user/.m2/repository/org/eclipse/jetty/jetty-io/9.3.24.v20180605/jetty-io-9.3.24.v20180605.jar:/home/user/.m2/repository/org/eclipse/jetty/jetty-webapp/9.3.24.v20180605/jetty-webapp-9.3.24.v20180605.jar:/home/user/.m2/repository/org/eclipse/jetty/jetty-xml/9.3.24.v20180605/jetty-xml-9.3.24.v20180605.jar:/home/user/.m2/repository/log4j/log4j/1.2.17/log4j-1.2.17.jar:/home/user/.m2/repository/org/slf4j/slf4j-api/1.7.25/slf4j-api-1.7.25.jar:/home/user/.m2/repository/org/slf4j/jul-to-slf4j/1.7.25/jul-to-slf4j-1.7.25.jar:/home/user/.m2/repository/org/eclipse/jetty/jetty-util/9.3.24.v20180605/jetty-util-9.3.24.v20180605.jar:/home/user/.m2/repository/com/fasterxml/jackson/core/jackson-databind/2.9.5/jackson-databind-2.9.5.jar:/home/user/.m2/repository/org/apache/hadoop/hadoop-kms/3.2.0/hadoop-kms-3.2.0-tests.jar:/home/user/.m2/repository/org/apache/hadoop/hadoop-hdds-server-scm/0.5.0-SNAPSHOT/hadoop-hdds-server-scm-0.5.0-SNAPSHOT-tests.jar:/home/user/.m2/repository/org/apache/hadoop/hadoop-hdds-container-service/0.5.0-SNAPSHOT/hadoop-hdds-container-service-0.5.0-SNAPSHOT-tests.jar:/home/user/.m2/repository/org/yaml/snakeyaml/1.16/snakeyaml-1.16.jar:/home/user/.m2/repository/org/apache/hadoop/hadoop-common/3.2.0/hadoop-common-3.2.0-tests.jar:/home/user/.m2/repository/org/apache/hadoop/hadoop-annotations/3.2.0/hadoop-annotations-3.2.0.jar:/usr/lib/jvm/java-1.8-openjdk/jre/../lib/tools.jar:/home/user/.m2/repository/commons-cli/commons-cli/1.2/commons-cli-1.2.jar:/home/user/.m2/repository/org/apache/httpcomponents/httpclient/4.5.2/httpclient-4.5.2.jar:/home/user/.m2/repository/org/apache/httpcomponents/httpcore/4.4.4/httpcore-4.4.4.jar:/home/user/.m2/repository/commons-codec/commons-codec/1.11/commons-codec-1.11.jar:/home/user/.m2/repository/commons-net/commons-net/3.6/commons-net-3.6.jar:/home/user/.m2/repository/commons-collections/commons-collections/3.2.2/commons-collections-3.2.2.jar:/home/user/.m2/repository/org/eclipse/jetty/jetty-servlet/9.3.24.v20180605/jetty-servlet-9.3.24.v20180605.jar:/home/user/.m2/repository/org/eclipse/jetty/jetty-security/9.3.24.v20180605/jetty-security-9.3.24.v20180605.jar:/home/user/.m2/repository/javax/servlet/jsp/jsp-api/2.1/jsp-api-2.1.jar:/home/user/.m2/repository/com/sun/jersey/jersey-servlet/1.19/jersey-servlet-1.19.jar:/home/user/.m2/repository/com/sun/jersey/jersey-json/1.19/jersey-json-1.19.jar:/home/user/.m2/repository/org/codehaus/jettison/jettison/1.1/jettison-1.1.jar:/home/user/.m2/repository/org/codehaus/jackson/jackson-core-asl/1.9.13/jackson-core-asl-1.9.13.jar:/home/user/.m2/repository/org/codehaus/jackson/jackson-mapper-asl/1.9.13/jackson-mapper-asl-1.9.13.jar:/home/user/.m2/repository/org/codehaus/jackson/jackson-jaxrs/1.9.13/jackson-jaxrs-1.9.13.jar:/home/user/.m2/repository/org/codehaus/jackson/jackson-xc/1.9.13/jackson-xc-1.9.13.jar:/home/user/.m2/repository/commons-logging/commons-logging/1.1.3/commons-logging-1.1.3.jar:/home/user/.m2/repository/commons-beanutils/commons-beanutils/1.9.3/commons-beanutils-1.9.3.jar:/home/user/.m2/repository/org/apache/commons/commons-configuration2/2.1.1/commons-configuration2-2.1.1.jar:/home/user/.m2/repository/org/apache/commons/commons-lang3/3.7/commons-lang3-3.7.jar:/home/user/.m2/repository/org/apache/commons/commons-text/1.4/commons-text-1.4.jar:/home/user/.m2/repository/org/apache/avro/avro/1.7.7/avro-1.7.7.jar:/home/user/.m2/repository/com/thoughtworks/paranamer/paranamer/2.3/paranamer-2.3.jar:/home/user/.m2/repository/org/xerial/snappy/snappy-java/1.0.5/snappy-java-1.0.5.jar:/home/user/.m2/repository/com/google/re2j/re2j/1.1/re2j-1.1.jar:/home/user/.m2/repository/com/google/code/gson/gson/2.2.4/gson-2.2.4.jar:/home/user/.m2/repository/com/jcraft/jsch/0.1.54/jsch-0.1.54.jar:/home/user/.m2/repository/org/apache/curator/curator-client/2.12.0/curator-client-2.12.0.jar:/home/user/.m2/repository/org/apache/curator/curator-recipes/2.12.0/curator-recipes-2.12.0.jar:/home/user/.m2/repository/com/google/code/findbugs/jsr305/3.0.0/jsr305-3.0.0.jar:/home/user/.m2/repository/org/apache/htrace/htrace-core4/4.1.0-incubating/htrace-core4-4.1.0-incubating.jar:/home/user/.m2/repository/org/apache/zookeeper/zookeeper/3.4.13/zookeeper-3.4.13.jar:/home/user/.m2/repository/org/apache/yetus/audience-annotations/0.5.0/audience-annotations-0.5.0.jar:/home/user/.m2/repository/org/codehaus/woodstox/stax2-api/3.1.4/stax2-api-3.1.4.jar:/home/user/.m2/repository/com/fasterxml/woodstox/woodstox-core/5.0.3/woodstox-core-5.0.3.jar:/home/user/.m2/repository/dnsjava/dnsjava/2.1.7/dnsjava-2.1.7.jar:/home/user/.m2/repository/org/apache/hadoop/hadoop-hdfs/3.2.0/hadoop-hdfs-3.2.0-tests.jar:/home/user/.m2/repository/org/eclipse/jetty/jetty-util-ajax/9.3.24.v20180605/jetty-util-ajax-9.3.24.v20180605.jar:/home/user/.m2/repository/commons-daemon/commons-daemon/1.0.13/commons-daemon-1.0.13.jar:/home/user/.m2/repository/io/netty/netty/3.10.5.Final/netty-3.10.5.Final.jar:/home/user/.m2/repository/io/netty/netty-all/4.0.52.Final/netty-all-4.0.52.Final.jar:/home/user/.m2/repository/org/fusesource/leveldbjni/leveldbjni-all/1.8/leveldbjni-all-1.8.jar:"/>
    <property name="sun.cpu.endian" value="little"/>
    <property name="user.home" value="/home/user"/>
    <property name="user.language" value="en"/>
    <property name="java.specification.vendor" value="Oracle Corporation"/>
    <property name="java.home" value="/usr/lib/jvm/java-1.8-openjdk/jre"/>
    <property name="java.security.krb5.conf" value="/workdir/hadoop-ozone/integration-test/target/test-classes/krb5.conf"/>
    <property name="basedir" value="/workdir/hadoop-ozone/integration-test"/>
    <property name="file.separator" value="/"/>
    <property name="line.separator" value="&#10;"/>
    <property name="java.vm.specification.vendor" value="Oracle Corporation"/>
    <property name="java.specification.name" value="Java Platform API Specification"/>
    <property name="java.awt.graphicsenv" value="sun.awt.X11GraphicsEnvironment"/>
    <property name="surefire.real.class.path" value="/workdir/hadoop-ozone/integration-test/target/surefire/surefirebooter8987389543450605619.jar"/>
    <property name="hadoop.log.dir" value="/workdir/hadoop-ozone/integration-test/target/log"/>
    <property name="sun.boot.class.path" value="/usr/lib/jvm/java-1.8-openjdk/jre/lib/resources.jar:/usr/lib/jvm/java-1.8-openjdk/jre/lib/rt.jar:/usr/lib/jvm/java-1.8-openjdk/jre/lib/sunrsasign.jar:/usr/lib/jvm/java-1.8-openjdk/jre/lib/jsse.jar:/usr/lib/jvm/java-1.8-openjdk/jre/lib/jce.jar:/usr/lib/jvm/java-1.8-openjdk/jre/lib/charsets.jar:/usr/lib/jvm/java-1.8-openjdk/jre/lib/jfr.jar:/usr/lib/jvm/java-1.8-openjdk/jre/classes"/>
    <property name="sun.management.compiler" value="HotSpot 64-Bit Tiered Compilers"/>
    <property name="java.runtime.version" value="1.8.0_212-b04"/>
    <property name="java.net.preferIPv4Stack" value="true"/>
    <property name="user.name" value="jenkins1000"/>
    <property name="path.separator" value=":"/>
    <property name="java.security.egd" value="file:///dev/urandom"/>
    <property name="os.version" value="3.10.0-957.12.2.el7.x86_64"/>
    <property name="java.endorsed.dirs" value="/usr/lib/jvm/java-1.8-openjdk/jre/lib/endorsed"/>
    <property name="java.runtime.name" value="OpenJDK Runtime Environment"/>
    <property name="file.encoding" value="UTF-8"/>
    <property name="java.vm.name" value="OpenJDK 64-Bit Server VM"/>
    <property name="test.build.webapps" value=""/>
    <property name="localRepository" value="/home/user/.m2/repository"/>
    <property name="java.vendor.url.bug" value="https://icedtea.classpath.org/bugzilla"/>
    <property name="java.io.tmpdir" value="/tmp"/>
    <property name="require.test.libhadoop" value=""/>
    <property name="java.version" value="1.8.0_212"/>
    <property name="user.dir" value="/workdir/hadoop-ozone/integration-test"/>
    <property name="os.arch" value="amd64"/>
    <property name="java.vm.specification.name" value="Java Virtual Machine Specification"/>
    <property name="test.build.classes" value="/workdir/hadoop-ozone/integration-test/target/test-classes"/>
    <property name="java.awt.printerjob" value="sun.print.PSPrinterJob"/>
    <property name="sun.os.patch.level" value="unknown"/>
    <property name="hadoop.tmp.dir" value="/workdir/hadoop-ozone/integration-test/target/tmp"/>
    <property name="java.library.path" value="/usr/lib/jvm/java-1.8-openjdk/jre/lib/amd64/server:/usr/lib/jvm/java-1.8-openjdk/jre/lib/amd64:/usr/lib/jvm/java-1.8-openjdk/jre/../lib/amd64:/workdir/hadoop-ozone/integration-test/target/native/target/usr/local/lib:/workdir/hadoop-ozone/integration-test/../../hadoop-common-project/hadoop-common/target/native/target/usr/local/lib:/usr/java/packages/lib/amd64:/usr/lib64:/lib64:/lib:/usr/lib"/>
    <property name="java.vm.info" value="mixed mode"/>
    <property name="java.vendor" value="IcedTea"/>
    <property name="java.vm.version" value="25.212-b04"/>
    <property name="java.ext.dirs" value="/usr/lib/jvm/java-1.8-openjdk/jre/lib/ext:/usr/java/packages/lib/ext"/>
    <property name="sun.io.unicode.encoding" value="UnicodeLittle"/>
    <property name="java.class.version" value="52.0"/>
  </properties>
  <testcase name="test2DatanodesFailure" classname="org.apache.hadoop.ozone.client.rpc.TestBlockOutputStreamWithFailures" time="42.694"/>
  <testcase name="testDatanodeFailureWithPreAllocation" classname="org.apache.hadoop.ozone.client.rpc.TestBlockOutputStreamWithFailures" time="224.803"/>
  <testcase name="testDatanodeFailureWithSingleNodeRatis" classname="org.apache.hadoop.ozone.client.rpc.TestBlockOutputStreamWithFailures" time="235.844"/>
  <testcase name="testWatchForCommitWithSingleNodeRatis" classname="org.apache.hadoop.ozone.client.rpc.TestBlockOutputStreamWithFailures" time="33.124"/>
  <testcase name="testWatchForCommitDatanodeFailure" classname="org.apache.hadoop.ozone.client.rpc.TestBlockOutputStreamWithFailures" time="49.869"/>
  <testcase name="testFailureWithPrimeSizedData" classname="org.apache.hadoop.ozone.client.rpc.TestBlockOutputStreamWithFailures" time="35.147"/>
  <testcase name="testWatchForCommitWithCloseContainerException" classname="org.apache.hadoop.ozone.client.rpc.TestBlockOutputStreamWithFailures" time="38.542">
    <failure message="expected:&lt;76&gt; but was:&lt;80&gt;" type="java.lang.AssertionError"><![CDATA[java.lang.AssertionError: expected:<76> but was:<80>
	at org.junit.Assert.fail(Assert.java:88)
	at org.junit.Assert.failNotEquals(Assert.java:743)
	at org.junit.Assert.assertEquals(Assert.java:118)
	at org.junit.Assert.assertEquals(Assert.java:555)
	at org.junit.Assert.assertEquals(Assert.java:542)
	at org.apache.hadoop.ozone.client.rpc.TestBlockOutputStreamWithFailures.testWatchForCommitWithCloseContainerException(TestBlockOutputStreamWithFailures.java:153)
	at sun.reflect.NativeMethodAccessorImpl.invoke0(Native Method)
	at sun.reflect.NativeMethodAccessorImpl.invoke(NativeMethodAccessorImpl.java:62)
	at sun.reflect.DelegatingMethodAccessorImpl.invoke(DelegatingMethodAccessorImpl.java:43)
	at java.lang.reflect.Method.invoke(Method.java:498)
	at org.junit.runners.model.FrameworkMethod$1.runReflectiveCall(FrameworkMethod.java:47)
	at org.junit.internal.runners.model.ReflectiveCallable.run(ReflectiveCallable.java:12)
	at org.junit.runners.model.FrameworkMethod.invokeExplosively(FrameworkMethod.java:44)
	at org.junit.internal.runners.statements.InvokeMethod.evaluate(InvokeMethod.java:17)
	at org.junit.internal.runners.statements.RunBefores.evaluate(RunBefores.java:26)
	at org.junit.internal.runners.statements.RunAfters.evaluate(RunAfters.java:27)
	at org.junit.runners.ParentRunner.runLeaf(ParentRunner.java:271)
	at org.junit.runners.BlockJUnit4ClassRunner.runChild(BlockJUnit4ClassRunner.java:70)
	at org.junit.runners.BlockJUnit4ClassRunner.runChild(BlockJUnit4ClassRunner.java:50)
	at org.junit.runners.ParentRunner$3.run(ParentRunner.java:238)
	at org.junit.runners.ParentRunner$1.schedule(ParentRunner.java:63)
	at org.junit.runners.ParentRunner.runChildren(ParentRunner.java:236)
	at org.junit.runners.ParentRunner.access$000(ParentRunner.java:53)
	at org.junit.runners.ParentRunner$2.evaluate(ParentRunner.java:229)
	at org.junit.runners.ParentRunner.run(ParentRunner.java:309)
	at org.apache.maven.surefire.junit4.JUnit4Provider.execute(JUnit4Provider.java:365)
	at org.apache.maven.surefire.junit4.JUnit4Provider.executeWithRerun(JUnit4Provider.java:273)
	at org.apache.maven.surefire.junit4.JUnit4Provider.executeTestSet(JUnit4Provider.java:238)
	at org.apache.maven.surefire.junit4.JUnit4Provider.invoke(JUnit4Provider.java:159)
	at org.apache.maven.surefire.booter.ForkedBooter.invokeProviderInSameClassLoader(ForkedBooter.java:384)
	at org.apache.maven.surefire.booter.ForkedBooter.runSuitesInProcess(ForkedBooter.java:345)
	at org.apache.maven.surefire.booter.ForkedBooter.execute(ForkedBooter.java:126)
	at org.apache.maven.surefire.booter.ForkedBooter.main(ForkedBooter.java:418)
]]></failure>
    <system-out><![CDATA[2019-09-05 19:14:34,557 [main] WARN  server.ServerUtils (ServerUtils.java:getScmDbDir(145)) - ozone.scm.db.dirs is not configured. We recommend adding this setting. Falling back to ozone.metadata.dirs instead.
2019-09-05 19:14:34,582 [main] WARN  server.ServerUtils (ServerUtils.java:getScmDbDir(145)) - ozone.scm.db.dirs is not configured. We recommend adding this setting. Falling back to ozone.metadata.dirs instead.
2019-09-05 19:14:34,583 [main] WARN  server.ServerUtils (ServerUtils.java:getScmDbDir(145)) - ozone.scm.db.dirs is not configured. We recommend adding this setting. Falling back to ozone.metadata.dirs instead.
2019-09-05 19:14:34,583 [main] INFO  db.DBStoreBuilder (DBStoreBuilder.java:addTable(110)) - using custom profile for table: deletedBlocks
2019-09-05 19:14:34,584 [main] INFO  db.DBStoreBuilder (DBStoreBuilder.java:processTables(161)) - Using default column profile:DBProfile.DISK for Table:deletedBlocks
2019-09-05 19:14:34,584 [main] INFO  db.DBStoreBuilder (DBStoreBuilder.java:addTable(110)) - using custom profile for table: validCerts
2019-09-05 19:14:34,584 [main] INFO  db.DBStoreBuilder (DBStoreBuilder.java:processTables(161)) - Using default column profile:DBProfile.DISK for Table:validCerts
2019-09-05 19:14:34,585 [main] INFO  db.DBStoreBuilder (DBStoreBuilder.java:addTable(110)) - using custom profile for table: revokedCerts
2019-09-05 19:14:34,585 [main] INFO  db.DBStoreBuilder (DBStoreBuilder.java:processTables(161)) - Using default column profile:DBProfile.DISK for Table:revokedCerts
2019-09-05 19:14:34,585 [main] INFO  db.DBStoreBuilder (DBStoreBuilder.java:addTable(110)) - using custom profile for table: default
2019-09-05 19:14:34,585 [main] INFO  db.DBStoreBuilder (DBStoreBuilder.java:processTables(167)) - Using default column profile:DBProfile.DISK for Table:default
2019-09-05 19:14:34,586 [main] INFO  db.DBStoreBuilder (DBStoreBuilder.java:getDbProfile(198)) - Using default options. DBProfile.DISK
2019-09-05 19:14:34,756 [main] INFO  net.NodeSchemaLoader (NodeSchemaLoader.java:loadSchemaFromFile(125)) - Loading file from sun.misc.CompoundEnumeration@4aa22cc2
2019-09-05 19:14:34,757 [main] INFO  net.NodeSchemaLoader (NodeSchemaLoader.java:loadSchema(171)) - Loading network topology layer schema file
2019-09-05 19:14:34,762 [main] INFO  node.SCMNodeManager (SCMNodeManager.java:<init>(114)) - Entering startup safe mode.
2019-09-05 19:14:34,763 [main] INFO  algorithms.ContainerPlacementPolicyFactory (ContainerPlacementPolicyFactory.java:getPolicy(55)) - Create container placement policy of type org.apache.hadoop.hdds.scm.container.placement.algorithms.SCMContainerPlacementRandom
2019-09-05 19:14:34,763 [main] WARN  server.ServerUtils (ServerUtils.java:getScmDbDir(145)) - ozone.scm.db.dirs is not configured. We recommend adding this setting. Falling back to ozone.metadata.dirs instead.
2019-09-05 19:14:34,804 [main] INFO  pipeline.SCMPipelineManager (SCMPipelineManager.java:initializePipelineState(126)) - No pipeline exists in current db
2019-09-05 19:14:34,805 [main] WARN  server.ServerUtils (ServerUtils.java:getScmDbDir(145)) - ozone.scm.db.dirs is not configured. We recommend adding this setting. Falling back to ozone.metadata.dirs instead.
2019-09-05 19:14:34,830 [main] WARN  events.EventQueue (EventQueue.java:fireEvent(183)) - No event handler registered for event TypedEvent{payloadType=SafeModeStatus, name='SafeModeStatus'}
2019-09-05 19:14:34,831 [main] INFO  ipc.CallQueueManager (CallQueueManager.java:<init>(84)) - Using callQueue: class java.util.concurrent.LinkedBlockingQueue, queueCapacity: 2000, scheduler: class org.apache.hadoop.ipc.DefaultRpcScheduler, ipcBackoff: false.
2019-09-05 19:14:34,832 [Socket Reader #1 for port 38729] INFO  ipc.Server (Server.java:run(1074)) - Starting Socket Reader #1 for port 38729
2019-09-05 19:14:34,835 [main] INFO  ipc.CallQueueManager (CallQueueManager.java:<init>(84)) - Using callQueue: class java.util.concurrent.LinkedBlockingQueue, queueCapacity: 2000, scheduler: class org.apache.hadoop.ipc.DefaultRpcScheduler, ipcBackoff: false.
2019-09-05 19:14:34,836 [Socket Reader #1 for port 35454] INFO  ipc.Server (Server.java:run(1074)) - Starting Socket Reader #1 for port 35454
2019-09-05 19:14:34,837 [main] INFO  ipc.CallQueueManager (CallQueueManager.java:<init>(84)) - Using callQueue: class java.util.concurrent.LinkedBlockingQueue, queueCapacity: 2000, scheduler: class org.apache.hadoop.ipc.DefaultRpcScheduler, ipcBackoff: false.
2019-09-05 19:14:34,838 [Socket Reader #1 for port 40931] INFO  ipc.Server (Server.java:run(1074)) - Starting Socket Reader #1 for port 40931
2019-09-05 19:14:34,840 [main] INFO  hdfs.DFSUtil (DFSUtil.java:httpServerTemplateForNNAndJN(1641)) - Starting Web-server for scm at: http://0.0.0.0:0
2019-09-05 19:14:34,843 [main] INFO  server.AuthenticationFilter (AuthenticationFilter.java:constructSecretProvider(240)) - Unable to initialize FileSignerSecretProvider, falling back to use random secrets.
2019-09-05 19:14:34,844 [main] WARN  http.HttpRequestLog (HttpRequestLog.java:getRequestLog(97)) - Jetty request log can only be enabled using Log4j
2019-09-05 19:14:34,846 [main] INFO  http.HttpServer2 (HttpServer2.java:addGlobalFilter(975)) - Added global filter 'safety' (class=org.apache.hadoop.http.HttpServer2$QuotingInputFilter)
2019-09-05 19:14:34,847 [main] INFO  http.HttpServer2 (HttpServer2.java:addFilter(948)) - Added filter static_user_filter (class=org.apache.hadoop.http.lib.StaticUserWebFilter$StaticUserFilter) to context scm
2019-09-05 19:14:34,847 [main] INFO  http.HttpServer2 (HttpServer2.java:addFilter(958)) - Added filter static_user_filter (class=org.apache.hadoop.http.lib.StaticUserWebFilter$StaticUserFilter) to context logs
2019-09-05 19:14:34,847 [main] INFO  http.HttpServer2 (HttpServer2.java:addFilter(958)) - Added filter static_user_filter (class=org.apache.hadoop.http.lib.StaticUserWebFilter$StaticUserFilter) to context static
2019-09-05 19:14:34,849 [main] INFO  server.StorageContainerManager (StorageContainerManager.java:start(759)) - StorageContainerLocationProtocol RPC server is listening at /0.0.0.0:40931
2019-09-05 19:14:34,852 [main] WARN  impl.MetricsConfig (MetricsConfig.java:loadFirst(134)) - Cannot locate configuration: tried hadoop-metrics2-storagecontainermanager.properties,hadoop-metrics2.properties
2019-09-05 19:14:34,853 [main] INFO  impl.MetricsSystemImpl (MetricsSystemImpl.java:startTimer(374)) - Scheduled Metric snapshot period at 10 second(s).
2019-09-05 19:14:34,853 [main] INFO  impl.MetricsSystemImpl (MetricsSystemImpl.java:start(191)) - StorageContainerManager metrics system started
2019-09-05 19:14:34,934 [main] WARN  impl.MetricsSystemImpl (MetricsSystemImpl.java:register(276)) - Sink prometheus already exists!
2019-09-05 19:14:35,016 [main] INFO  server.SCMClientProtocolServer (SCMClientProtocolServer.java:start(151)) - RPC server for Client  is listening at /0.0.0.0:40931
2019-09-05 19:14:35,016 [IPC Server Responder] INFO  ipc.Server (Server.java:run(1314)) - IPC Server Responder: starting
2019-09-05 19:14:35,017 [IPC Server listener on 40931] INFO  ipc.Server (Server.java:run(1153)) - IPC Server listener on 40931: starting
2019-09-05 19:14:35,020 [main] INFO  server.StorageContainerManager (StorageContainerManager.java:start(769)) - ScmBlockLocationProtocol RPC server is listening at /0.0.0.0:35454
2019-09-05 19:14:35,021 [main] INFO  server.SCMBlockProtocolServer (SCMBlockProtocolServer.java:start(146)) - RPC server for Block Protocol is listening at /0.0.0.0:35454
2019-09-05 19:14:35,021 [IPC Server Responder] INFO  ipc.Server (Server.java:run(1314)) - IPC Server Responder: starting
2019-09-05 19:14:35,021 [IPC Server listener on 35454] INFO  ipc.Server (Server.java:run(1153)) - IPC Server listener on 35454: starting
2019-09-05 19:14:35,025 [main] INFO  server.StorageContainerManager (StorageContainerManager.java:start(773)) - ScmDatanodeProtocl RPC server is listening at /0.0.0.0:38729
2019-09-05 19:14:35,025 [main] INFO  server.SCMDatanodeProtocolServer (SCMDatanodeProtocolServer.java:start(191)) - RPC server for DataNodes is listening at /0.0.0.0:38729
2019-09-05 19:14:35,026 [IPC Server Responder] INFO  ipc.Server (Server.java:run(1314)) - IPC Server Responder: starting
2019-09-05 19:14:35,026 [IPC Server listener on 38729] INFO  ipc.Server (Server.java:run(1153)) - IPC Server listener on 38729: starting
2019-09-05 19:14:35,030 [main] INFO  http.HttpServer2 (HttpServer2.java:bindListener(1191)) - Jetty bound to port 38247
2019-09-05 19:14:35,030 [main] INFO  server.Server (Server.java:doStart(351)) - jetty-9.3.24.v20180605, build timestamp: 2018-06-05T17:11:56Z, git hash: 84205aa28f11a4f31f2a3b86d1bba2cc8ab69827
2019-09-05 19:14:35,032 [main] INFO  handler.ContextHandler (ContextHandler.java:doStart(781)) - Started o.e.j.s.ServletContextHandler@3ca17943{/logs,file:///workdir/hadoop-ozone/integration-test/target/log,AVAILABLE}
2019-09-05 19:14:35,033 [main] INFO  handler.ContextHandler (ContextHandler.java:doStart(781)) - Started o.e.j.s.ServletContextHandler@5170bc02{/static,file:///workdir/hadoop-ozone/integration-test/target/test-classes/webapps/static,AVAILABLE}
2019-09-05 19:14:35,037 [main] INFO  handler.ContextHandler (ContextHandler.java:doStart(781)) - Started o.e.j.w.WebAppContext@1c68d0db{/,file:///workdir/hadoop-ozone/integration-test/target/test-classes/webapps/scm/,AVAILABLE}{/scm}
2019-09-05 19:14:35,038 [main] INFO  server.AbstractConnector (AbstractConnector.java:doStart(278)) - Started ServerConnector@9be7319{HTTP/1.1,[http/1.1]}{0.0.0.0:38247}
2019-09-05 19:14:35,039 [main] INFO  server.Server (Server.java:doStart(419)) - Started @622595ms
2019-09-05 19:14:35,039 [main] WARN  impl.MetricsSystemImpl (MetricsSystemImpl.java:register(276)) - Sink prometheus already exists!
2019-09-05 19:14:35,040 [main] INFO  server.BaseHttpServer (BaseHttpServer.java:updateConnectorAddress(215)) - HTTP server of SCM is listening at http://0.0.0.0:38247
2019-09-05 19:14:35,041 [main] WARN  server.ServerUtils (ServerUtils.java:getDBPath(222)) - ozone.om.db.dirs is not configured. We recommend adding this setting. Falling back to ozone.metadata.dirs instead.
2019-09-05 19:14:35,041 [org.apache.hadoop.util.JvmPauseMonitor$Monitor@42730828] INFO  util.JvmPauseMonitor (JvmPauseMonitor.java:run(188)) - Starting JVM pause monitor
2019-09-05 19:14:35,065 [main] WARN  server.ServerUtils (ServerUtils.java:getDBPath(222)) - ozone.om.db.dirs is not configured. We recommend adding this setting. Falling back to ozone.metadata.dirs instead.
2019-09-05 19:14:35,066 [main] WARN  server.ServerUtils (ServerUtils.java:getDBPath(222)) - ozone.om.db.dirs is not configured. We recommend adding this setting. Falling back to ozone.metadata.dirs instead.
2019-09-05 19:14:35,067 [main] INFO  om.OzoneManager (OzoneManager.java:setOMNodeDetails(649)) - OM Service ID is not set. Setting it to the default ID: omServiceIdDefault
2019-09-05 19:14:35,067 [main] INFO  om.OzoneManager (OzoneManager.java:setOMNodeDetails(655)) - OM Node ID is not set. Setting it to the OmStorage's OmID: 6f27c88a-a148-443b-931e-061e45d55699
2019-09-05 19:14:35,067 [main] INFO  om.OzoneManager (OzoneManager.java:loadOMHAConfigs(606)) - Found matching OM address with OMServiceId: null, OMNodeId: null, RPC Address: localhost:0 and Ratis port: 9872
2019-09-05 19:14:35,075 [main] WARN  server.ServerUtils (ServerUtils.java:getDBPath(222)) - ozone.om.db.dirs is not configured. We recommend adding this setting. Falling back to ozone.metadata.dirs instead.
2019-09-05 19:14:35,075 [main] INFO  db.DBStoreBuilder (DBStoreBuilder.java:addTable(110)) - using custom profile for table: userTable
2019-09-05 19:14:35,076 [main] INFO  db.DBStoreBuilder (DBStoreBuilder.java:processTables(161)) - Using default column profile:DBProfile.DISK for Table:userTable
2019-09-05 19:14:35,076 [main] INFO  db.DBStoreBuilder (DBStoreBuilder.java:addTable(110)) - using custom profile for table: volumeTable
2019-09-05 19:14:35,076 [main] INFO  db.DBStoreBuilder (DBStoreBuilder.java:processTables(161)) - Using default column profile:DBProfile.DISK for Table:volumeTable
2019-09-05 19:14:35,077 [main] INFO  db.DBStoreBuilder (DBStoreBuilder.java:addTable(110)) - using custom profile for table: bucketTable
2019-09-05 19:14:35,077 [main] INFO  db.DBStoreBuilder (DBStoreBuilder.java:processTables(161)) - Using default column profile:DBProfile.DISK for Table:bucketTable
2019-09-05 19:14:35,077 [main] INFO  db.DBStoreBuilder (DBStoreBuilder.java:addTable(110)) - using custom profile for table: keyTable
2019-09-05 19:14:35,077 [main] INFO  db.DBStoreBuilder (DBStoreBuilder.java:processTables(161)) - Using default column profile:DBProfile.DISK for Table:keyTable
2019-09-05 19:14:35,078 [main] INFO  db.DBStoreBuilder (DBStoreBuilder.java:addTable(110)) - using custom profile for table: deletedTable
2019-09-05 19:14:35,078 [main] INFO  db.DBStoreBuilder (DBStoreBuilder.java:processTables(161)) - Using default column profile:DBProfile.DISK for Table:deletedTable
2019-09-05 19:14:35,078 [main] INFO  db.DBStoreBuilder (DBStoreBuilder.java:addTable(110)) - using custom profile for table: openKeyTable
2019-09-05 19:14:35,078 [main] INFO  db.DBStoreBuilder (DBStoreBuilder.java:processTables(161)) - Using default column profile:DBProfile.DISK for Table:openKeyTable
2019-09-05 19:14:35,078 [main] INFO  db.DBStoreBuilder (DBStoreBuilder.java:addTable(110)) - using custom profile for table: s3Table
2019-09-05 19:14:35,078 [main] INFO  db.DBStoreBuilder (DBStoreBuilder.java:processTables(161)) - Using default column profile:DBProfile.DISK for Table:s3Table
2019-09-05 19:14:35,079 [main] INFO  db.DBStoreBuilder (DBStoreBuilder.java:addTable(110)) - using custom profile for table: multipartInfoTable
2019-09-05 19:14:35,079 [main] INFO  db.DBStoreBuilder (DBStoreBuilder.java:processTables(161)) - Using default column profile:DBProfile.DISK for Table:multipartInfoTable
2019-09-05 19:14:35,079 [main] INFO  db.DBStoreBuilder (DBStoreBuilder.java:addTable(110)) - using custom profile for table: dTokenTable
2019-09-05 19:14:35,079 [main] INFO  db.DBStoreBuilder (DBStoreBuilder.java:processTables(161)) - Using default column profile:DBProfile.DISK for Table:dTokenTable
2019-09-05 19:14:35,079 [main] INFO  db.DBStoreBuilder (DBStoreBuilder.java:addTable(110)) - using custom profile for table: s3SecretTable
2019-09-05 19:14:35,079 [main] INFO  db.DBStoreBuilder (DBStoreBuilder.java:processTables(161)) - Using default column profile:DBProfile.DISK for Table:s3SecretTable
2019-09-05 19:14:35,080 [main] INFO  db.DBStoreBuilder (DBStoreBuilder.java:addTable(110)) - using custom profile for table: prefixTable
2019-09-05 19:14:35,080 [main] INFO  db.DBStoreBuilder (DBStoreBuilder.java:processTables(161)) - Using default column profile:DBProfile.DISK for Table:prefixTable
2019-09-05 19:14:35,080 [main] INFO  db.DBStoreBuilder (DBStoreBuilder.java:addTable(110)) - using custom profile for table: default
2019-09-05 19:14:35,080 [main] INFO  db.DBStoreBuilder (DBStoreBuilder.java:processTables(167)) - Using default column profile:DBProfile.DISK for Table:default
2019-09-05 19:14:35,080 [main] INFO  db.DBStoreBuilder (DBStoreBuilder.java:getDbProfile(198)) - Using default options. DBProfile.DISK
2019-09-05 19:14:35,680 [main] INFO  ipc.CallQueueManager (CallQueueManager.java:<init>(84)) - Using callQueue: class java.util.concurrent.LinkedBlockingQueue, queueCapacity: 2000, scheduler: class org.apache.hadoop.ipc.DefaultRpcScheduler, ipcBackoff: false.
2019-09-05 19:14:35,681 [Socket Reader #1 for port 38750] INFO  ipc.Server (Server.java:run(1074)) - Starting Socket Reader #1 for port 38750
2019-09-05 19:14:35,698 [main] INFO  om.OzoneManager (OzoneManager.java:start(1240)) - OzoneManager RPC server is listening at localhost/127.0.0.1:38750
2019-09-05 19:14:35,698 [main] INFO  impl.MetricsSystemImpl (MetricsSystemImpl.java:init(158)) - OzoneManager metrics system started (again)
2019-09-05 19:14:35,699 [IPC Server Responder] INFO  ipc.Server (Server.java:run(1314)) - IPC Server Responder: starting
2019-09-05 19:14:35,699 [IPC Server listener on 38750] INFO  ipc.Server (Server.java:run(1153)) - IPC Server listener on 38750: starting
2019-09-05 19:14:35,705 [main] INFO  hdfs.DFSUtil (DFSUtil.java:httpServerTemplateForNNAndJN(1641)) - Starting Web-server for ozoneManager at: http://0.0.0.0:0
2019-09-05 19:14:35,707 [main] INFO  server.AuthenticationFilter (AuthenticationFilter.java:constructSecretProvider(240)) - Unable to initialize FileSignerSecretProvider, falling back to use random secrets.
2019-09-05 19:14:35,707 [main] WARN  http.HttpRequestLog (HttpRequestLog.java:getRequestLog(97)) - Jetty request log can only be enabled using Log4j
2019-09-05 19:14:35,709 [main] INFO  http.HttpServer2 (HttpServer2.java:addGlobalFilter(975)) - Added global filter 'safety' (class=org.apache.hadoop.http.HttpServer2$QuotingInputFilter)
2019-09-05 19:14:35,710 [main] INFO  http.HttpServer2 (HttpServer2.java:addFilter(948)) - Added filter static_user_filter (class=org.apache.hadoop.http.lib.StaticUserWebFilter$StaticUserFilter) to context ozoneManager
2019-09-05 19:14:35,710 [main] INFO  http.HttpServer2 (HttpServer2.java:addFilter(958)) - Added filter static_user_filter (class=org.apache.hadoop.http.lib.StaticUserWebFilter$StaticUserFilter) to context static
2019-09-05 19:14:35,710 [main] INFO  http.HttpServer2 (HttpServer2.java:addFilter(958)) - Added filter static_user_filter (class=org.apache.hadoop.http.lib.StaticUserWebFilter$StaticUserFilter) to context logs
2019-09-05 19:14:35,711 [main] INFO  http.HttpServer2 (HttpServer2.java:bindListener(1191)) - Jetty bound to port 45299
2019-09-05 19:14:35,711 [main] INFO  server.Server (Server.java:doStart(351)) - jetty-9.3.24.v20180605, build timestamp: 2018-06-05T17:11:56Z, git hash: 84205aa28f11a4f31f2a3b86d1bba2cc8ab69827
2019-09-05 19:14:35,713 [main] INFO  handler.ContextHandler (ContextHandler.java:doStart(781)) - Started o.e.j.s.ServletContextHandler@1182413a{/logs,file:///workdir/hadoop-ozone/integration-test/target/log,AVAILABLE}
2019-09-05 19:14:35,713 [main] INFO  handler.ContextHandler (ContextHandler.java:doStart(781)) - Started o.e.j.s.ServletContextHandler@5b14f482{/static,file:///workdir/hadoop-ozone/integration-test/target/test-classes/webapps/static,AVAILABLE}
2019-09-05 19:14:35,717 [main] INFO  handler.ContextHandler (ContextHandler.java:doStart(781)) - Started o.e.j.w.WebAppContext@6b09ce57{/,file:///workdir/hadoop-ozone/integration-test/target/test-classes/webapps/ozoneManager/,AVAILABLE}{/ozoneManager}
2019-09-05 19:14:35,718 [main] INFO  server.AbstractConnector (AbstractConnector.java:doStart(278)) - Started ServerConnector@5c4f4330{HTTP/1.1,[http/1.1]}{0.0.0.0:45299}
2019-09-05 19:14:35,719 [main] INFO  server.Server (Server.java:doStart(419)) - Started @623275ms
2019-09-05 19:14:35,719 [main] WARN  impl.MetricsSystemImpl (MetricsSystemImpl.java:register(276)) - Sink prometheus already exists!
2019-09-05 19:14:35,720 [main] INFO  server.BaseHttpServer (BaseHttpServer.java:updateConnectorAddress(215)) - HTTP server of OZONEMANAGER is listening at http://0.0.0.0:45299
2019-09-05 19:14:35,734 [main] INFO  impl.MetricsSystemImpl (MetricsSystemImpl.java:init(158)) - HddsDatanode metrics system started (again)
2019-09-05 19:14:35,738 [main] INFO  ozone.HddsDatanodeService (HddsDatanodeService.java:start(184)) - HddsDatanodeService host:pr-hdds-2015-5mx5w-4127483329 ip:192.168.34.27
2019-09-05 19:14:35,744 [main] INFO  volume.HddsVolume (HddsVolume.java:<init>(176)) - Creating Volume: /workdir/hadoop-ozone/integration-test/target/test-dir/MiniOzoneClusterImpl-a25a262c-8f45-494e-95da-2a3cd65c296f/datanode-0/data/containers/hdds of  storage type : DISK and capacity : 1482555576320
2019-09-05 19:14:35,745 [main] INFO  volume.VolumeSet (VolumeSet.java:initializeVolumeSet(170)) - Added Volume : /workdir/hadoop-ozone/integration-test/target/test-dir/MiniOzoneClusterImpl-a25a262c-8f45-494e-95da-2a3cd65c296f/datanode-0/data/containers/hdds to VolumeSet
2019-09-05 19:14:35,745 [main] INFO  volume.ThrottledAsyncChecker (ThrottledAsyncChecker.java:schedule(140)) - Scheduling a check for org.apache.hadoop.ozone.container.common.volume.HddsVolume@7a1371
2019-09-05 19:14:35,746 [main] INFO  volume.HddsVolumeChecker (HddsVolumeChecker.java:checkAllVolumes(203)) - Scheduled health check for volume org.apache.hadoop.ozone.container.common.volume.HddsVolume@7a1371
2019-09-05 19:14:35,767 [main] INFO  impl.RaftServerProxy (ConfUtils.java:logGet(43)) - raft.rpc.type = GRPC (default)
2019-09-05 19:14:35,767 [main] INFO  grpc.GrpcFactory (GrpcFactory.java:checkPooledByteBufAllocatorUseCacheForAllThreads(45)) - PERFORMANCE WARNING: useCacheForAllThreads is true that may cause Netty to create a lot garbage objects and, as a result, trigger GC.
	It is recommended to disable useCacheForAllThreads by setting -Dorg.apache.ratis.thirdparty.io.netty.allocator.useCacheForAllThreads=false in command line.
2019-09-05 19:14:35,767 [main] INFO  grpc.GrpcConfigKeys$Server (ConfUtils.java:logGet(43)) - raft.grpc.server.port = 0 (default)
2019-09-05 19:14:35,768 [main] INFO  server.GrpcService (ConfUtils.java:logGet(43)) - raft.grpc.message.size.max = 33570816 (custom)
2019-09-05 19:14:35,768 [main] INFO  server.RaftServerConfigKeys (ConfUtils.java:logGet(43)) - raft.server.log.appender.buffer.byte-limit = 33554432 (custom)
2019-09-05 19:14:35,768 [main] INFO  server.GrpcService (ConfUtils.java:logGet(43)) - raft.grpc.flow.control.window = 1MB (=1048576) (default)
2019-09-05 19:14:35,768 [main] INFO  server.RaftServerConfigKeys (ConfUtils.java:logGet(43)) - raft.server.rpc.request.timeout = 3000ms (default)
2019-09-05 19:14:35,769 [main] INFO  server.RaftServerConfigKeys (ConfUtils.java:logGet(43)) - raft.server.storage.dir = [/workdir/hadoop-ozone/integration-test/target/test-dir/MiniOzoneClusterImpl-a25a262c-8f45-494e-95da-2a3cd65c296f/datanode-0/data/ratis] (custom)
2019-09-05 19:14:35,771 [main] INFO  hdfs.DFSUtil (DFSUtil.java:httpServerTemplateForNNAndJN(1641)) - Starting Web-server for hddsDatanode at: http://0.0.0.0:0
2019-09-05 19:14:35,773 [main] INFO  server.AuthenticationFilter (AuthenticationFilter.java:constructSecretProvider(240)) - Unable to initialize FileSignerSecretProvider, falling back to use random secrets.
2019-09-05 19:14:35,773 [main] WARN  http.HttpRequestLog (HttpRequestLog.java:getRequestLog(97)) - Jetty request log can only be enabled using Log4j
2019-09-05 19:14:35,775 [main] INFO  http.HttpServer2 (HttpServer2.java:addGlobalFilter(975)) - Added global filter 'safety' (class=org.apache.hadoop.http.HttpServer2$QuotingInputFilter)
2019-09-05 19:14:35,775 [main] INFO  http.HttpServer2 (HttpServer2.java:addFilter(948)) - Added filter static_user_filter (class=org.apache.hadoop.http.lib.StaticUserWebFilter$StaticUserFilter) to context hddsDatanode
2019-09-05 19:14:35,775 [main] INFO  http.HttpServer2 (HttpServer2.java:addFilter(958)) - Added filter static_user_filter (class=org.apache.hadoop.http.lib.StaticUserWebFilter$StaticUserFilter) to context logs
2019-09-05 19:14:35,775 [main] INFO  http.HttpServer2 (HttpServer2.java:addFilter(958)) - Added filter static_user_filter (class=org.apache.hadoop.http.lib.StaticUserWebFilter$StaticUserFilter) to context static
2019-09-05 19:14:35,776 [main] INFO  http.HttpServer2 (HttpServer2.java:bindListener(1191)) - Jetty bound to port 35839
2019-09-05 19:14:35,776 [main] INFO  server.Server (Server.java:doStart(351)) - jetty-9.3.24.v20180605, build timestamp: 2018-06-05T17:11:56Z, git hash: 84205aa28f11a4f31f2a3b86d1bba2cc8ab69827
2019-09-05 19:14:35,778 [main] INFO  handler.ContextHandler (ContextHandler.java:doStart(781)) - Started o.e.j.s.ServletContextHandler@14a1769d{/logs,file:///workdir/hadoop-ozone/integration-test/target/log,AVAILABLE}
2019-09-05 19:14:35,778 [main] INFO  handler.ContextHandler (ContextHandler.java:doStart(781)) - Started o.e.j.s.ServletContextHandler@33751d49{/static,jar:file:/home/user/.m2/repository/org/apache/hadoop/hadoop-hdds-container-service/0.5.0-SNAPSHOT/hadoop-hdds-container-service-0.5.0-SNAPSHOT.jar!/webapps/static,AVAILABLE}
2019-09-05 19:14:35,808 [main] INFO  handler.ContextHandler (ContextHandler.java:doStart(781)) - Started o.e.j.w.WebAppContext@6b6def36{/,file:///tmp/jetty-0.0.0.0-35839-hddsDatanode-_-any-6541125430403542386.dir/webapp/,AVAILABLE}{/hddsDatanode}
2019-09-05 19:14:35,808 [main] INFO  server.AbstractConnector (AbstractConnector.java:doStart(278)) - Started ServerConnector@3957d88b{HTTP/1.1,[http/1.1]}{0.0.0.0:35839}
2019-09-05 19:14:35,810 [main] INFO  server.Server (Server.java:doStart(419)) - Started @623365ms
2019-09-05 19:14:35,810 [main] WARN  impl.MetricsSystemImpl (MetricsSystemImpl.java:register(276)) - Sink prometheus already exists!
2019-09-05 19:14:35,810 [main] INFO  server.BaseHttpServer (BaseHttpServer.java:updateConnectorAddress(215)) - HTTP server of HDDSDATANODE is listening at http://0.0.0.0:35839
2019-09-05 19:14:35,811 [main] INFO  impl.MetricsSystemImpl (MetricsSystemImpl.java:init(158)) - HddsDatanode metrics system started (again)
2019-09-05 19:14:35,814 [org.apache.hadoop.util.JvmPauseMonitor$Monitor@3c9af5a5] INFO  util.JvmPauseMonitor (JvmPauseMonitor.java:run(188)) - Starting JVM pause monitor
2019-09-05 19:14:35,814 [main] INFO  ozone.HddsDatanodeService (HddsDatanodeService.java:start(184)) - HddsDatanodeService host:pr-hdds-2015-5mx5w-4127483329 ip:192.168.34.27
2019-09-05 19:14:35,816 [Datanode State Machine Thread - 0] INFO  datanode.InitDatanodeState (InitDatanodeState.java:persistContainerDatanodeDetails(140)) - DatanodeDetails is persisted to /workdir/hadoop-ozone/integration-test/target/test-dir/MiniOzoneClusterImpl-a25a262c-8f45-494e-95da-2a3cd65c296f/datanode-0/meta/datanode.id
2019-09-05 19:14:35,821 [main] INFO  volume.HddsVolume (HddsVolume.java:<init>(176)) - Creating Volume: /workdir/hadoop-ozone/integration-test/target/test-dir/MiniOzoneClusterImpl-a25a262c-8f45-494e-95da-2a3cd65c296f/datanode-1/data/containers/hdds of  storage type : DISK and capacity : 1482555576320
2019-09-05 19:14:35,822 [main] INFO  volume.VolumeSet (VolumeSet.java:initializeVolumeSet(170)) - Added Volume : /workdir/hadoop-ozone/integration-test/target/test-dir/MiniOzoneClusterImpl-a25a262c-8f45-494e-95da-2a3cd65c296f/datanode-1/data/containers/hdds to VolumeSet
2019-09-05 19:14:35,822 [main] INFO  volume.ThrottledAsyncChecker (ThrottledAsyncChecker.java:schedule(140)) - Scheduling a check for org.apache.hadoop.ozone.container.common.volume.HddsVolume@7e747037
2019-09-05 19:14:35,822 [main] INFO  volume.HddsVolumeChecker (HddsVolumeChecker.java:checkAllVolumes(203)) - Scheduled health check for volume org.apache.hadoop.ozone.container.common.volume.HddsVolume@7e747037
2019-09-05 19:14:35,835 [main] INFO  impl.RaftServerProxy (ConfUtils.java:logGet(43)) - raft.rpc.type = GRPC (default)
2019-09-05 19:14:35,835 [main] INFO  grpc.GrpcFactory (GrpcFactory.java:checkPooledByteBufAllocatorUseCacheForAllThreads(45)) - PERFORMANCE WARNING: useCacheForAllThreads is true that may cause Netty to create a lot garbage objects and, as a result, trigger GC.
	It is recommended to disable useCacheForAllThreads by setting -Dorg.apache.ratis.thirdparty.io.netty.allocator.useCacheForAllThreads=false in command line.
2019-09-05 19:14:35,836 [main] INFO  grpc.GrpcConfigKeys$Server (ConfUtils.java:logGet(43)) - raft.grpc.server.port = 0 (default)
2019-09-05 19:14:35,836 [main] INFO  server.GrpcService (ConfUtils.java:logGet(43)) - raft.grpc.message.size.max = 33570816 (custom)
2019-09-05 19:14:35,836 [main] INFO  server.RaftServerConfigKeys (ConfUtils.java:logGet(43)) - raft.server.log.appender.buffer.byte-limit = 33554432 (custom)
2019-09-05 19:14:35,836 [main] INFO  server.GrpcService (ConfUtils.java:logGet(43)) - raft.grpc.flow.control.window = 1MB (=1048576) (default)
2019-09-05 19:14:35,836 [main] INFO  server.RaftServerConfigKeys (ConfUtils.java:logGet(43)) - raft.server.rpc.request.timeout = 3000ms (default)
2019-09-05 19:14:35,837 [main] INFO  server.RaftServerConfigKeys (ConfUtils.java:logGet(43)) - raft.server.storage.dir = [/workdir/hadoop-ozone/integration-test/target/test-dir/MiniOzoneClusterImpl-a25a262c-8f45-494e-95da-2a3cd65c296f/datanode-1/data/ratis] (custom)
2019-09-05 19:14:35,838 [main] INFO  hdfs.DFSUtil (DFSUtil.java:httpServerTemplateForNNAndJN(1641)) - Starting Web-server for hddsDatanode at: http://0.0.0.0:0
2019-09-05 19:14:35,839 [main] INFO  server.AuthenticationFilter (AuthenticationFilter.java:constructSecretProvider(240)) - Unable to initialize FileSignerSecretProvider, falling back to use random secrets.
2019-09-05 19:14:35,840 [main] WARN  http.HttpRequestLog (HttpRequestLog.java:getRequestLog(97)) - Jetty request log can only be enabled using Log4j
2019-09-05 19:14:35,841 [main] INFO  http.HttpServer2 (HttpServer2.java:addGlobalFilter(975)) - Added global filter 'safety' (class=org.apache.hadoop.http.HttpServer2$QuotingInputFilter)
2019-09-05 19:14:35,842 [main] INFO  http.HttpServer2 (HttpServer2.java:addFilter(948)) - Added filter static_user_filter (class=org.apache.hadoop.http.lib.StaticUserWebFilter$StaticUserFilter) to context hddsDatanode
2019-09-05 19:14:35,842 [main] INFO  http.HttpServer2 (HttpServer2.java:addFilter(958)) - Added filter static_user_filter (class=org.apache.hadoop.http.lib.StaticUserWebFilter$StaticUserFilter) to context logs
2019-09-05 19:14:35,842 [main] INFO  http.HttpServer2 (HttpServer2.java:addFilter(958)) - Added filter static_user_filter (class=org.apache.hadoop.http.lib.StaticUserWebFilter$StaticUserFilter) to context static
2019-09-05 19:14:35,842 [main] INFO  http.HttpServer2 (HttpServer2.java:bindListener(1191)) - Jetty bound to port 44447
2019-09-05 19:14:35,843 [main] INFO  server.Server (Server.java:doStart(351)) - jetty-9.3.24.v20180605, build timestamp: 2018-06-05T17:11:56Z, git hash: 84205aa28f11a4f31f2a3b86d1bba2cc8ab69827
2019-09-05 19:14:35,846 [main] INFO  handler.ContextHandler (ContextHandler.java:doStart(781)) - Started o.e.j.s.ServletContextHandler@750cd36d{/logs,file:///workdir/hadoop-ozone/integration-test/target/log,AVAILABLE}
2019-09-05 19:14:35,846 [main] INFO  handler.ContextHandler (ContextHandler.java:doStart(781)) - Started o.e.j.s.ServletContextHandler@21733cbe{/static,jar:file:/home/user/.m2/repository/org/apache/hadoop/hadoop-hdds-container-service/0.5.0-SNAPSHOT/hadoop-hdds-container-service-0.5.0-SNAPSHOT.jar!/webapps/static,AVAILABLE}
2019-09-05 19:14:35,873 [main] INFO  handler.ContextHandler (ContextHandler.java:doStart(781)) - Started o.e.j.w.WebAppContext@9729a97{/,file:///tmp/jetty-0.0.0.0-44447-hddsDatanode-_-any-3829335766051868909.dir/webapp/,AVAILABLE}{/hddsDatanode}
2019-09-05 19:14:35,874 [main] INFO  server.AbstractConnector (AbstractConnector.java:doStart(278)) - Started ServerConnector@5dfd31f4{HTTP/1.1,[http/1.1]}{0.0.0.0:44447}
2019-09-05 19:14:35,875 [main] INFO  server.Server (Server.java:doStart(419)) - Started @623431ms
2019-09-05 19:14:35,875 [main] WARN  impl.MetricsSystemImpl (MetricsSystemImpl.java:register(276)) - Sink prometheus already exists!
2019-09-05 19:14:35,876 [main] INFO  server.BaseHttpServer (BaseHttpServer.java:updateConnectorAddress(215)) - HTTP server of HDDSDATANODE is listening at http://0.0.0.0:44447
2019-09-05 19:14:35,876 [main] INFO  impl.MetricsSystemImpl (MetricsSystemImpl.java:init(158)) - HddsDatanode metrics system started (again)
2019-09-05 19:14:35,880 [org.apache.hadoop.util.JvmPauseMonitor$Monitor@68c21cf4] INFO  util.JvmPauseMonitor (JvmPauseMonitor.java:run(188)) - Starting JVM pause monitor
2019-09-05 19:14:35,880 [main] INFO  ozone.HddsDatanodeService (HddsDatanodeService.java:start(184)) - HddsDatanodeService host:pr-hdds-2015-5mx5w-4127483329 ip:192.168.34.27
2019-09-05 19:14:35,881 [Datanode State Machine Thread - 0] INFO  datanode.InitDatanodeState (InitDatanodeState.java:persistContainerDatanodeDetails(140)) - DatanodeDetails is persisted to /workdir/hadoop-ozone/integration-test/target/test-dir/MiniOzoneClusterImpl-a25a262c-8f45-494e-95da-2a3cd65c296f/datanode-1/meta/datanode.id
2019-09-05 19:14:35,886 [main] INFO  volume.HddsVolume (HddsVolume.java:<init>(176)) - Creating Volume: /workdir/hadoop-ozone/integration-test/target/test-dir/MiniOzoneClusterImpl-a25a262c-8f45-494e-95da-2a3cd65c296f/datanode-2/data/containers/hdds of  storage type : DISK and capacity : 1482555576320
2019-09-05 19:14:35,886 [main] INFO  volume.VolumeSet (VolumeSet.java:initializeVolumeSet(170)) - Added Volume : /workdir/hadoop-ozone/integration-test/target/test-dir/MiniOzoneClusterImpl-a25a262c-8f45-494e-95da-2a3cd65c296f/datanode-2/data/containers/hdds to VolumeSet
2019-09-05 19:14:35,886 [main] INFO  volume.ThrottledAsyncChecker (ThrottledAsyncChecker.java:schedule(140)) - Scheduling a check for org.apache.hadoop.ozone.container.common.volume.HddsVolume@589dfa6f
2019-09-05 19:14:35,887 [main] INFO  volume.HddsVolumeChecker (HddsVolumeChecker.java:checkAllVolumes(203)) - Scheduled health check for volume org.apache.hadoop.ozone.container.common.volume.HddsVolume@589dfa6f
2019-09-05 19:14:35,901 [main] INFO  impl.RaftServerProxy (ConfUtils.java:logGet(43)) - raft.rpc.type = GRPC (default)
2019-09-05 19:14:35,901 [main] INFO  grpc.GrpcFactory (GrpcFactory.java:checkPooledByteBufAllocatorUseCacheForAllThreads(45)) - PERFORMANCE WARNING: useCacheForAllThreads is true that may cause Netty to create a lot garbage objects and, as a result, trigger GC.
	It is recommended to disable useCacheForAllThreads by setting -Dorg.apache.ratis.thirdparty.io.netty.allocator.useCacheForAllThreads=false in command line.
2019-09-05 19:14:35,901 [main] INFO  grpc.GrpcConfigKeys$Server (ConfUtils.java:logGet(43)) - raft.grpc.server.port = 0 (default)
2019-09-05 19:14:35,902 [main] INFO  server.GrpcService (ConfUtils.java:logGet(43)) - raft.grpc.message.size.max = 33570816 (custom)
2019-09-05 19:14:35,902 [main] INFO  server.RaftServerConfigKeys (ConfUtils.java:logGet(43)) - raft.server.log.appender.buffer.byte-limit = 33554432 (custom)
2019-09-05 19:14:35,902 [main] INFO  server.GrpcService (ConfUtils.java:logGet(43)) - raft.grpc.flow.control.window = 1MB (=1048576) (default)
2019-09-05 19:14:35,902 [main] INFO  server.RaftServerConfigKeys (ConfUtils.java:logGet(43)) - raft.server.rpc.request.timeout = 3000ms (default)
2019-09-05 19:14:35,903 [main] INFO  server.RaftServerConfigKeys (ConfUtils.java:logGet(43)) - raft.server.storage.dir = [/workdir/hadoop-ozone/integration-test/target/test-dir/MiniOzoneClusterImpl-a25a262c-8f45-494e-95da-2a3cd65c296f/datanode-2/data/ratis] (custom)
2019-09-05 19:14:35,904 [main] INFO  hdfs.DFSUtil (DFSUtil.java:httpServerTemplateForNNAndJN(1641)) - Starting Web-server for hddsDatanode at: http://0.0.0.0:0
2019-09-05 19:14:35,906 [main] INFO  server.AuthenticationFilter (AuthenticationFilter.java:constructSecretProvider(240)) - Unable to initialize FileSignerSecretProvider, falling back to use random secrets.
2019-09-05 19:14:35,906 [main] WARN  http.HttpRequestLog (HttpRequestLog.java:getRequestLog(97)) - Jetty request log can only be enabled using Log4j
2019-09-05 19:14:35,907 [main] INFO  http.HttpServer2 (HttpServer2.java:addGlobalFilter(975)) - Added global filter 'safety' (class=org.apache.hadoop.http.HttpServer2$QuotingInputFilter)
2019-09-05 19:14:35,908 [main] INFO  http.HttpServer2 (HttpServer2.java:addFilter(948)) - Added filter static_user_filter (class=org.apache.hadoop.http.lib.StaticUserWebFilter$StaticUserFilter) to context hddsDatanode
2019-09-05 19:14:35,908 [main] INFO  http.HttpServer2 (HttpServer2.java:addFilter(958)) - Added filter static_user_filter (class=org.apache.hadoop.http.lib.StaticUserWebFilter$StaticUserFilter) to context static
2019-09-05 19:14:35,908 [main] INFO  http.HttpServer2 (HttpServer2.java:addFilter(958)) - Added filter static_user_filter (class=org.apache.hadoop.http.lib.StaticUserWebFilter$StaticUserFilter) to context logs
2019-09-05 19:14:35,908 [main] INFO  http.HttpServer2 (HttpServer2.java:bindListener(1191)) - Jetty bound to port 35893
2019-09-05 19:14:35,909 [main] INFO  server.Server (Server.java:doStart(351)) - jetty-9.3.24.v20180605, build timestamp: 2018-06-05T17:11:56Z, git hash: 84205aa28f11a4f31f2a3b86d1bba2cc8ab69827
2019-09-05 19:14:35,910 [main] INFO  handler.ContextHandler (ContextHandler.java:doStart(781)) - Started o.e.j.s.ServletContextHandler@3a5e2525{/logs,file:///workdir/hadoop-ozone/integration-test/target/log,AVAILABLE}
2019-09-05 19:14:35,910 [main] INFO  handler.ContextHandler (ContextHandler.java:doStart(781)) - Started o.e.j.s.ServletContextHandler@2b458cd6{/static,jar:file:/home/user/.m2/repository/org/apache/hadoop/hadoop-hdds-container-service/0.5.0-SNAPSHOT/hadoop-hdds-container-service-0.5.0-SNAPSHOT.jar!/webapps/static,AVAILABLE}
2019-09-05 19:14:35,941 [main] INFO  handler.ContextHandler (ContextHandler.java:doStart(781)) - Started o.e.j.w.WebAppContext@1eab8437{/,file:///tmp/jetty-0.0.0.0-35893-hddsDatanode-_-any-3532296408862929370.dir/webapp/,AVAILABLE}{/hddsDatanode}
2019-09-05 19:14:35,942 [main] INFO  server.AbstractConnector (AbstractConnector.java:doStart(278)) - Started ServerConnector@72eed547{HTTP/1.1,[http/1.1]}{0.0.0.0:35893}
2019-09-05 19:14:35,944 [main] INFO  server.Server (Server.java:doStart(419)) - Started @623500ms
2019-09-05 19:14:35,945 [main] WARN  impl.MetricsSystemImpl (MetricsSystemImpl.java:register(276)) - Sink prometheus already exists!
2019-09-05 19:14:35,946 [main] INFO  server.BaseHttpServer (BaseHttpServer.java:updateConnectorAddress(215)) - HTTP server of HDDSDATANODE is listening at http://0.0.0.0:35893
2019-09-05 19:14:35,946 [main] INFO  impl.MetricsSystemImpl (MetricsSystemImpl.java:init(158)) - HddsDatanode metrics system started (again)
2019-09-05 19:14:35,949 [org.apache.hadoop.util.JvmPauseMonitor$Monitor@21e80dfd] INFO  util.JvmPauseMonitor (JvmPauseMonitor.java:run(188)) - Starting JVM pause monitor
2019-09-05 19:14:35,950 [main] INFO  ozone.HddsDatanodeService (HddsDatanodeService.java:start(184)) - HddsDatanodeService host:pr-hdds-2015-5mx5w-4127483329 ip:192.168.34.27
2019-09-05 19:14:35,950 [Datanode State Machine Thread - 0] INFO  datanode.InitDatanodeState (InitDatanodeState.java:persistContainerDatanodeDetails(140)) - DatanodeDetails is persisted to /workdir/hadoop-ozone/integration-test/target/test-dir/MiniOzoneClusterImpl-a25a262c-8f45-494e-95da-2a3cd65c296f/datanode-2/meta/datanode.id
2019-09-05 19:14:35,955 [main] INFO  volume.HddsVolume (HddsVolume.java:<init>(176)) - Creating Volume: /workdir/hadoop-ozone/integration-test/target/test-dir/MiniOzoneClusterImpl-a25a262c-8f45-494e-95da-2a3cd65c296f/datanode-3/data/containers/hdds of  storage type : DISK and capacity : 1482555576320
2019-09-05 19:14:35,956 [main] INFO  volume.VolumeSet (VolumeSet.java:initializeVolumeSet(170)) - Added Volume : /workdir/hadoop-ozone/integration-test/target/test-dir/MiniOzoneClusterImpl-a25a262c-8f45-494e-95da-2a3cd65c296f/datanode-3/data/containers/hdds to VolumeSet
2019-09-05 19:14:35,956 [main] INFO  volume.ThrottledAsyncChecker (ThrottledAsyncChecker.java:schedule(140)) - Scheduling a check for org.apache.hadoop.ozone.container.common.volume.HddsVolume@ba4f370
2019-09-05 19:14:35,957 [main] INFO  volume.HddsVolumeChecker (HddsVolumeChecker.java:checkAllVolumes(203)) - Scheduled health check for volume org.apache.hadoop.ozone.container.common.volume.HddsVolume@ba4f370
2019-09-05 19:14:35,976 [main] INFO  impl.RaftServerProxy (ConfUtils.java:logGet(43)) - raft.rpc.type = GRPC (default)
2019-09-05 19:14:35,977 [main] INFO  grpc.GrpcFactory (GrpcFactory.java:checkPooledByteBufAllocatorUseCacheForAllThreads(45)) - PERFORMANCE WARNING: useCacheForAllThreads is true that may cause Netty to create a lot garbage objects and, as a result, trigger GC.
	It is recommended to disable useCacheForAllThreads by setting -Dorg.apache.ratis.thirdparty.io.netty.allocator.useCacheForAllThreads=false in command line.
2019-09-05 19:14:35,977 [main] INFO  grpc.GrpcConfigKeys$Server (ConfUtils.java:logGet(43)) - raft.grpc.server.port = 0 (default)
2019-09-05 19:14:35,978 [main] INFO  server.GrpcService (ConfUtils.java:logGet(43)) - raft.grpc.message.size.max = 33570816 (custom)
2019-09-05 19:14:35,978 [main] INFO  server.RaftServerConfigKeys (ConfUtils.java:logGet(43)) - raft.server.log.appender.buffer.byte-limit = 33554432 (custom)
2019-09-05 19:14:35,978 [main] INFO  server.GrpcService (ConfUtils.java:logGet(43)) - raft.grpc.flow.control.window = 1MB (=1048576) (default)
2019-09-05 19:14:35,979 [main] INFO  server.RaftServerConfigKeys (ConfUtils.java:logGet(43)) - raft.server.rpc.request.timeout = 3000ms (default)
2019-09-05 19:14:35,979 [main] INFO  server.RaftServerConfigKeys (ConfUtils.java:logGet(43)) - raft.server.storage.dir = [/workdir/hadoop-ozone/integration-test/target/test-dir/MiniOzoneClusterImpl-a25a262c-8f45-494e-95da-2a3cd65c296f/datanode-3/data/ratis] (custom)
2019-09-05 19:14:35,981 [main] INFO  hdfs.DFSUtil (DFSUtil.java:httpServerTemplateForNNAndJN(1641)) - Starting Web-server for hddsDatanode at: http://0.0.0.0:0
2019-09-05 19:14:35,983 [main] INFO  server.AuthenticationFilter (AuthenticationFilter.java:constructSecretProvider(240)) - Unable to initialize FileSignerSecretProvider, falling back to use random secrets.
2019-09-05 19:14:35,984 [main] WARN  http.HttpRequestLog (HttpRequestLog.java:getRequestLog(97)) - Jetty request log can only be enabled using Log4j
2019-09-05 19:14:35,986 [main] INFO  http.HttpServer2 (HttpServer2.java:addGlobalFilter(975)) - Added global filter 'safety' (class=org.apache.hadoop.http.HttpServer2$QuotingInputFilter)
2019-09-05 19:14:35,987 [main] INFO  http.HttpServer2 (HttpServer2.java:addFilter(948)) - Added filter static_user_filter (class=org.apache.hadoop.http.lib.StaticUserWebFilter$StaticUserFilter) to context hddsDatanode
2019-09-05 19:14:35,987 [main] INFO  http.HttpServer2 (HttpServer2.java:addFilter(958)) - Added filter static_user_filter (class=org.apache.hadoop.http.lib.StaticUserWebFilter$StaticUserFilter) to context static
2019-09-05 19:14:35,987 [main] INFO  http.HttpServer2 (HttpServer2.java:addFilter(958)) - Added filter static_user_filter (class=org.apache.hadoop.http.lib.StaticUserWebFilter$StaticUserFilter) to context logs
2019-09-05 19:14:35,988 [main] INFO  http.HttpServer2 (HttpServer2.java:bindListener(1191)) - Jetty bound to port 46121
2019-09-05 19:14:35,988 [main] INFO  server.Server (Server.java:doStart(351)) - jetty-9.3.24.v20180605, build timestamp: 2018-06-05T17:11:56Z, git hash: 84205aa28f11a4f31f2a3b86d1bba2cc8ab69827
2019-09-05 19:14:35,990 [main] INFO  handler.ContextHandler (ContextHandler.java:doStart(781)) - Started o.e.j.s.ServletContextHandler@11d2714a{/logs,file:///workdir/hadoop-ozone/integration-test/target/log,AVAILABLE}
2019-09-05 19:14:35,990 [main] INFO  handler.ContextHandler (ContextHandler.java:doStart(781)) - Started o.e.j.s.ServletContextHandler@2c8a445b{/static,jar:file:/home/user/.m2/repository/org/apache/hadoop/hadoop-hdds-container-service/0.5.0-SNAPSHOT/hadoop-hdds-container-service-0.5.0-SNAPSHOT.jar!/webapps/static,AVAILABLE}
2019-09-05 19:14:36,025 [main] INFO  handler.ContextHandler (ContextHandler.java:doStart(781)) - Started o.e.j.w.WebAppContext@7b211077{/,file:///tmp/jetty-0.0.0.0-46121-hddsDatanode-_-any-3480130316816544241.dir/webapp/,AVAILABLE}{/hddsDatanode}
2019-09-05 19:14:36,026 [main] INFO  server.AbstractConnector (AbstractConnector.java:doStart(278)) - Started ServerConnector@3b770d07{HTTP/1.1,[http/1.1]}{0.0.0.0:46121}
2019-09-05 19:14:36,028 [main] INFO  server.Server (Server.java:doStart(419)) - Started @623584ms
2019-09-05 19:14:36,028 [main] WARN  impl.MetricsSystemImpl (MetricsSystemImpl.java:register(276)) - Sink prometheus already exists!
2019-09-05 19:14:36,028 [main] INFO  server.BaseHttpServer (BaseHttpServer.java:updateConnectorAddress(215)) - HTTP server of HDDSDATANODE is listening at http://0.0.0.0:46121
2019-09-05 19:14:36,029 [main] INFO  impl.MetricsSystemImpl (MetricsSystemImpl.java:init(158)) - HddsDatanode metrics system started (again)
2019-09-05 19:14:36,033 [org.apache.hadoop.util.JvmPauseMonitor$Monitor@6b7a6cd8] INFO  util.JvmPauseMonitor (JvmPauseMonitor.java:run(188)) - Starting JVM pause monitor
2019-09-05 19:14:36,034 [main] INFO  ozone.HddsDatanodeService (HddsDatanodeService.java:start(184)) - HddsDatanodeService host:pr-hdds-2015-5mx5w-4127483329 ip:192.168.34.27
2019-09-05 19:14:36,034 [Datanode State Machine Thread - 0] INFO  datanode.InitDatanodeState (InitDatanodeState.java:persistContainerDatanodeDetails(140)) - DatanodeDetails is persisted to /workdir/hadoop-ozone/integration-test/target/test-dir/MiniOzoneClusterImpl-a25a262c-8f45-494e-95da-2a3cd65c296f/datanode-3/meta/datanode.id
2019-09-05 19:14:36,039 [main] INFO  volume.HddsVolume (HddsVolume.java:<init>(176)) - Creating Volume: /workdir/hadoop-ozone/integration-test/target/test-dir/MiniOzoneClusterImpl-a25a262c-8f45-494e-95da-2a3cd65c296f/datanode-4/data/containers/hdds of  storage type : DISK and capacity : 1482555576320
2019-09-05 19:14:36,040 [main] INFO  volume.VolumeSet (VolumeSet.java:initializeVolumeSet(170)) - Added Volume : /workdir/hadoop-ozone/integration-test/target/test-dir/MiniOzoneClusterImpl-a25a262c-8f45-494e-95da-2a3cd65c296f/datanode-4/data/containers/hdds to VolumeSet
2019-09-05 19:14:36,040 [main] INFO  volume.ThrottledAsyncChecker (ThrottledAsyncChecker.java:schedule(140)) - Scheduling a check for org.apache.hadoop.ozone.container.common.volume.HddsVolume@16ac4d3d
2019-09-05 19:14:36,040 [main] INFO  volume.HddsVolumeChecker (HddsVolumeChecker.java:checkAllVolumes(203)) - Scheduled health check for volume org.apache.hadoop.ozone.container.common.volume.HddsVolume@16ac4d3d
2019-09-05 19:14:36,053 [main] INFO  impl.RaftServerProxy (ConfUtils.java:logGet(43)) - raft.rpc.type = GRPC (default)
2019-09-05 19:14:36,053 [main] INFO  grpc.GrpcFactory (GrpcFactory.java:checkPooledByteBufAllocatorUseCacheForAllThreads(45)) - PERFORMANCE WARNING: useCacheForAllThreads is true that may cause Netty to create a lot garbage objects and, as a result, trigger GC.
	It is recommended to disable useCacheForAllThreads by setting -Dorg.apache.ratis.thirdparty.io.netty.allocator.useCacheForAllThreads=false in command line.
2019-09-05 19:14:36,053 [main] INFO  grpc.GrpcConfigKeys$Server (ConfUtils.java:logGet(43)) - raft.grpc.server.port = 0 (default)
2019-09-05 19:14:36,054 [main] INFO  server.GrpcService (ConfUtils.java:logGet(43)) - raft.grpc.message.size.max = 33570816 (custom)
2019-09-05 19:14:36,054 [main] INFO  server.RaftServerConfigKeys (ConfUtils.java:logGet(43)) - raft.server.log.appender.buffer.byte-limit = 33554432 (custom)
2019-09-05 19:14:36,054 [main] INFO  server.GrpcService (ConfUtils.java:logGet(43)) - raft.grpc.flow.control.window = 1MB (=1048576) (default)
2019-09-05 19:14:36,054 [main] INFO  server.RaftServerConfigKeys (ConfUtils.java:logGet(43)) - raft.server.rpc.request.timeout = 3000ms (default)
2019-09-05 19:14:36,055 [main] INFO  server.RaftServerConfigKeys (ConfUtils.java:logGet(43)) - raft.server.storage.dir = [/workdir/hadoop-ozone/integration-test/target/test-dir/MiniOzoneClusterImpl-a25a262c-8f45-494e-95da-2a3cd65c296f/datanode-4/data/ratis] (custom)
2019-09-05 19:14:36,056 [main] INFO  hdfs.DFSUtil (DFSUtil.java:httpServerTemplateForNNAndJN(1641)) - Starting Web-server for hddsDatanode at: http://0.0.0.0:0
2019-09-05 19:14:36,057 [main] INFO  server.AuthenticationFilter (AuthenticationFilter.java:constructSecretProvider(240)) - Unable to initialize FileSignerSecretProvider, falling back to use random secrets.
2019-09-05 19:14:36,057 [main] WARN  http.HttpRequestLog (HttpRequestLog.java:getRequestLog(97)) - Jetty request log can only be enabled using Log4j
2019-09-05 19:14:36,058 [main] INFO  http.HttpServer2 (HttpServer2.java:addGlobalFilter(975)) - Added global filter 'safety' (class=org.apache.hadoop.http.HttpServer2$QuotingInputFilter)
2019-09-05 19:14:36,059 [main] INFO  http.HttpServer2 (HttpServer2.java:addFilter(948)) - Added filter static_user_filter (class=org.apache.hadoop.http.lib.StaticUserWebFilter$StaticUserFilter) to context hddsDatanode
2019-09-05 19:14:36,059 [main] INFO  http.HttpServer2 (HttpServer2.java:addFilter(958)) - Added filter static_user_filter (class=org.apache.hadoop.http.lib.StaticUserWebFilter$StaticUserFilter) to context logs
2019-09-05 19:14:36,059 [main] INFO  http.HttpServer2 (HttpServer2.java:addFilter(958)) - Added filter static_user_filter (class=org.apache.hadoop.http.lib.StaticUserWebFilter$StaticUserFilter) to context static
2019-09-05 19:14:36,059 [main] INFO  http.HttpServer2 (HttpServer2.java:bindListener(1191)) - Jetty bound to port 36414
2019-09-05 19:14:36,059 [main] INFO  server.Server (Server.java:doStart(351)) - jetty-9.3.24.v20180605, build timestamp: 2018-06-05T17:11:56Z, git hash: 84205aa28f11a4f31f2a3b86d1bba2cc8ab69827
2019-09-05 19:14:36,061 [main] INFO  handler.ContextHandler (ContextHandler.java:doStart(781)) - Started o.e.j.s.ServletContextHandler@5ed25612{/logs,file:///workdir/hadoop-ozone/integration-test/target/log,AVAILABLE}
2019-09-05 19:14:36,061 [main] INFO  handler.ContextHandler (ContextHandler.java:doStart(781)) - Started o.e.j.s.ServletContextHandler@56e5c8fb{/static,jar:file:/home/user/.m2/repository/org/apache/hadoop/hadoop-hdds-container-service/0.5.0-SNAPSHOT/hadoop-hdds-container-service-0.5.0-SNAPSHOT.jar!/webapps/static,AVAILABLE}
2019-09-05 19:14:36,087 [main] INFO  handler.ContextHandler (ContextHandler.java:doStart(781)) - Started o.e.j.w.WebAppContext@351e89fc{/,file:///tmp/jetty-0.0.0.0-36414-hddsDatanode-_-any-2279553502600229921.dir/webapp/,AVAILABLE}{/hddsDatanode}
2019-09-05 19:14:36,088 [main] INFO  server.AbstractConnector (AbstractConnector.java:doStart(278)) - Started ServerConnector@2b682e9{HTTP/1.1,[http/1.1]}{0.0.0.0:36414}
2019-09-05 19:14:36,089 [main] INFO  server.Server (Server.java:doStart(419)) - Started @623645ms
2019-09-05 19:14:36,089 [main] WARN  impl.MetricsSystemImpl (MetricsSystemImpl.java:register(276)) - Sink prometheus already exists!
2019-09-05 19:14:36,090 [main] INFO  server.BaseHttpServer (BaseHttpServer.java:updateConnectorAddress(215)) - HTTP server of HDDSDATANODE is listening at http://0.0.0.0:36414
2019-09-05 19:14:36,090 [main] INFO  impl.MetricsSystemImpl (MetricsSystemImpl.java:init(158)) - HddsDatanode metrics system started (again)
2019-09-05 19:14:36,094 [org.apache.hadoop.util.JvmPauseMonitor$Monitor@10786a7c] INFO  util.JvmPauseMonitor (JvmPauseMonitor.java:run(188)) - Starting JVM pause monitor
2019-09-05 19:14:36,095 [main] INFO  ozone.HddsDatanodeService (HddsDatanodeService.java:start(184)) - HddsDatanodeService host:pr-hdds-2015-5mx5w-4127483329 ip:192.168.34.27
2019-09-05 19:14:36,096 [Datanode State Machine Thread - 0] INFO  datanode.InitDatanodeState (InitDatanodeState.java:persistContainerDatanodeDetails(140)) - DatanodeDetails is persisted to /workdir/hadoop-ozone/integration-test/target/test-dir/MiniOzoneClusterImpl-a25a262c-8f45-494e-95da-2a3cd65c296f/datanode-4/meta/datanode.id
2019-09-05 19:14:36,101 [main] INFO  volume.HddsVolume (HddsVolume.java:<init>(176)) - Creating Volume: /workdir/hadoop-ozone/integration-test/target/test-dir/MiniOzoneClusterImpl-a25a262c-8f45-494e-95da-2a3cd65c296f/datanode-5/data/containers/hdds of  storage type : DISK and capacity : 1482555576320
2019-09-05 19:14:36,102 [main] INFO  volume.VolumeSet (VolumeSet.java:initializeVolumeSet(170)) - Added Volume : /workdir/hadoop-ozone/integration-test/target/test-dir/MiniOzoneClusterImpl-a25a262c-8f45-494e-95da-2a3cd65c296f/datanode-5/data/containers/hdds to VolumeSet
2019-09-05 19:14:36,102 [main] INFO  volume.ThrottledAsyncChecker (ThrottledAsyncChecker.java:schedule(140)) - Scheduling a check for org.apache.hadoop.ozone.container.common.volume.HddsVolume@1b8fa2fa
2019-09-05 19:14:36,102 [main] INFO  volume.HddsVolumeChecker (HddsVolumeChecker.java:checkAllVolumes(203)) - Scheduled health check for volume org.apache.hadoop.ozone.container.common.volume.HddsVolume@1b8fa2fa
2019-09-05 19:14:36,118 [main] INFO  impl.RaftServerProxy (ConfUtils.java:logGet(43)) - raft.rpc.type = GRPC (default)
2019-09-05 19:14:36,118 [main] INFO  grpc.GrpcFactory (GrpcFactory.java:checkPooledByteBufAllocatorUseCacheForAllThreads(45)) - PERFORMANCE WARNING: useCacheForAllThreads is true that may cause Netty to create a lot garbage objects and, as a result, trigger GC.
	It is recommended to disable useCacheForAllThreads by setting -Dorg.apache.ratis.thirdparty.io.netty.allocator.useCacheForAllThreads=false in command line.
2019-09-05 19:14:36,119 [main] INFO  grpc.GrpcConfigKeys$Server (ConfUtils.java:logGet(43)) - raft.grpc.server.port = 0 (default)
2019-09-05 19:14:36,119 [main] INFO  server.GrpcService (ConfUtils.java:logGet(43)) - raft.grpc.message.size.max = 33570816 (custom)
2019-09-05 19:14:36,119 [main] INFO  server.RaftServerConfigKeys (ConfUtils.java:logGet(43)) - raft.server.log.appender.buffer.byte-limit = 33554432 (custom)
2019-09-05 19:14:36,119 [main] INFO  server.GrpcService (ConfUtils.java:logGet(43)) - raft.grpc.flow.control.window = 1MB (=1048576) (default)
2019-09-05 19:14:36,120 [main] INFO  server.RaftServerConfigKeys (ConfUtils.java:logGet(43)) - raft.server.rpc.request.timeout = 3000ms (default)
2019-09-05 19:14:36,120 [main] INFO  server.RaftServerConfigKeys (ConfUtils.java:logGet(43)) - raft.server.storage.dir = [/workdir/hadoop-ozone/integration-test/target/test-dir/MiniOzoneClusterImpl-a25a262c-8f45-494e-95da-2a3cd65c296f/datanode-5/data/ratis] (custom)
2019-09-05 19:14:36,122 [main] INFO  hdfs.DFSUtil (DFSUtil.java:httpServerTemplateForNNAndJN(1641)) - Starting Web-server for hddsDatanode at: http://0.0.0.0:0
2019-09-05 19:14:36,123 [main] INFO  server.AuthenticationFilter (AuthenticationFilter.java:constructSecretProvider(240)) - Unable to initialize FileSignerSecretProvider, falling back to use random secrets.
2019-09-05 19:14:36,124 [main] WARN  http.HttpRequestLog (HttpRequestLog.java:getRequestLog(97)) - Jetty request log can only be enabled using Log4j
2019-09-05 19:14:36,125 [main] INFO  http.HttpServer2 (HttpServer2.java:addGlobalFilter(975)) - Added global filter 'safety' (class=org.apache.hadoop.http.HttpServer2$QuotingInputFilter)
2019-09-05 19:14:36,125 [main] INFO  http.HttpServer2 (HttpServer2.java:addFilter(948)) - Added filter static_user_filter (class=org.apache.hadoop.http.lib.StaticUserWebFilter$StaticUserFilter) to context hddsDatanode
2019-09-05 19:14:36,126 [main] INFO  http.HttpServer2 (HttpServer2.java:addFilter(958)) - Added filter static_user_filter (class=org.apache.hadoop.http.lib.StaticUserWebFilter$StaticUserFilter) to context logs
2019-09-05 19:14:36,126 [main] INFO  http.HttpServer2 (HttpServer2.java:addFilter(958)) - Added filter static_user_filter (class=org.apache.hadoop.http.lib.StaticUserWebFilter$StaticUserFilter) to context static
2019-09-05 19:14:36,126 [main] INFO  http.HttpServer2 (HttpServer2.java:bindListener(1191)) - Jetty bound to port 36670
2019-09-05 19:14:36,126 [main] INFO  server.Server (Server.java:doStart(351)) - jetty-9.3.24.v20180605, build timestamp: 2018-06-05T17:11:56Z, git hash: 84205aa28f11a4f31f2a3b86d1bba2cc8ab69827
2019-09-05 19:14:36,128 [main] INFO  handler.ContextHandler (ContextHandler.java:doStart(781)) - Started o.e.j.s.ServletContextHandler@30fbc23{/logs,file:///workdir/hadoop-ozone/integration-test/target/log,AVAILABLE}
2019-09-05 19:14:36,129 [main] INFO  handler.ContextHandler (ContextHandler.java:doStart(781)) - Started o.e.j.s.ServletContextHandler@3e2d44f3{/static,jar:file:/home/user/.m2/repository/org/apache/hadoop/hadoop-hdds-container-service/0.5.0-SNAPSHOT/hadoop-hdds-container-service-0.5.0-SNAPSHOT.jar!/webapps/static,AVAILABLE}
2019-09-05 19:14:36,156 [main] INFO  handler.ContextHandler (ContextHandler.java:doStart(781)) - Started o.e.j.w.WebAppContext@14b95942{/,file:///tmp/jetty-0.0.0.0-36670-hddsDatanode-_-any-6616432368449790570.dir/webapp/,AVAILABLE}{/hddsDatanode}
2019-09-05 19:14:36,156 [main] INFO  server.AbstractConnector (AbstractConnector.java:doStart(278)) - Started ServerConnector@3375b118{HTTP/1.1,[http/1.1]}{0.0.0.0:36670}
2019-09-05 19:14:36,158 [main] INFO  server.Server (Server.java:doStart(419)) - Started @623714ms
2019-09-05 19:14:36,158 [main] WARN  impl.MetricsSystemImpl (MetricsSystemImpl.java:register(276)) - Sink prometheus already exists!
2019-09-05 19:14:36,159 [main] INFO  server.BaseHttpServer (BaseHttpServer.java:updateConnectorAddress(215)) - HTTP server of HDDSDATANODE is listening at http://0.0.0.0:36670
2019-09-05 19:14:36,159 [main] INFO  impl.MetricsSystemImpl (MetricsSystemImpl.java:init(158)) - HddsDatanode metrics system started (again)
2019-09-05 19:14:36,163 [org.apache.hadoop.util.JvmPauseMonitor$Monitor@125e012e] INFO  util.JvmPauseMonitor (JvmPauseMonitor.java:run(188)) - Starting JVM pause monitor
2019-09-05 19:14:36,164 [main] INFO  ozone.HddsDatanodeService (HddsDatanodeService.java:start(184)) - HddsDatanodeService host:pr-hdds-2015-5mx5w-4127483329 ip:192.168.34.27
2019-09-05 19:14:36,165 [Datanode State Machine Thread - 0] INFO  datanode.InitDatanodeState (InitDatanodeState.java:persistContainerDatanodeDetails(140)) - DatanodeDetails is persisted to /workdir/hadoop-ozone/integration-test/target/test-dir/MiniOzoneClusterImpl-a25a262c-8f45-494e-95da-2a3cd65c296f/datanode-5/meta/datanode.id
2019-09-05 19:14:36,169 [main] INFO  volume.HddsVolume (HddsVolume.java:<init>(176)) - Creating Volume: /workdir/hadoop-ozone/integration-test/target/test-dir/MiniOzoneClusterImpl-a25a262c-8f45-494e-95da-2a3cd65c296f/datanode-6/data/containers/hdds of  storage type : DISK and capacity : 1482555576320
2019-09-05 19:14:36,170 [main] INFO  volume.VolumeSet (VolumeSet.java:initializeVolumeSet(170)) - Added Volume : /workdir/hadoop-ozone/integration-test/target/test-dir/MiniOzoneClusterImpl-a25a262c-8f45-494e-95da-2a3cd65c296f/datanode-6/data/containers/hdds to VolumeSet
2019-09-05 19:14:36,170 [main] INFO  volume.ThrottledAsyncChecker (ThrottledAsyncChecker.java:schedule(140)) - Scheduling a check for org.apache.hadoop.ozone.container.common.volume.HddsVolume@44fb6ebd
2019-09-05 19:14:36,170 [main] INFO  volume.HddsVolumeChecker (HddsVolumeChecker.java:checkAllVolumes(203)) - Scheduled health check for volume org.apache.hadoop.ozone.container.common.volume.HddsVolume@44fb6ebd
2019-09-05 19:14:36,186 [main] INFO  impl.RaftServerProxy (ConfUtils.java:logGet(43)) - raft.rpc.type = GRPC (default)
2019-09-05 19:14:36,186 [main] INFO  grpc.GrpcFactory (GrpcFactory.java:checkPooledByteBufAllocatorUseCacheForAllThreads(45)) - PERFORMANCE WARNING: useCacheForAllThreads is true that may cause Netty to create a lot garbage objects and, as a result, trigger GC.
	It is recommended to disable useCacheForAllThreads by setting -Dorg.apache.ratis.thirdparty.io.netty.allocator.useCacheForAllThreads=false in command line.
2019-09-05 19:14:36,186 [main] INFO  grpc.GrpcConfigKeys$Server (ConfUtils.java:logGet(43)) - raft.grpc.server.port = 0 (default)
2019-09-05 19:14:36,187 [main] INFO  server.GrpcService (ConfUtils.java:logGet(43)) - raft.grpc.message.size.max = 33570816 (custom)
2019-09-05 19:14:36,187 [main] INFO  server.RaftServerConfigKeys (ConfUtils.java:logGet(43)) - raft.server.log.appender.buffer.byte-limit = 33554432 (custom)
2019-09-05 19:14:36,187 [main] INFO  server.GrpcService (ConfUtils.java:logGet(43)) - raft.grpc.flow.control.window = 1MB (=1048576) (default)
2019-09-05 19:14:36,187 [main] INFO  server.RaftServerConfigKeys (ConfUtils.java:logGet(43)) - raft.server.rpc.request.timeout = 3000ms (default)
2019-09-05 19:14:36,188 [main] INFO  server.RaftServerConfigKeys (ConfUtils.java:logGet(43)) - raft.server.storage.dir = [/workdir/hadoop-ozone/integration-test/target/test-dir/MiniOzoneClusterImpl-a25a262c-8f45-494e-95da-2a3cd65c296f/datanode-6/data/ratis] (custom)
2019-09-05 19:14:36,189 [main] INFO  hdfs.DFSUtil (DFSUtil.java:httpServerTemplateForNNAndJN(1641)) - Starting Web-server for hddsDatanode at: http://0.0.0.0:0
2019-09-05 19:14:36,190 [main] INFO  server.AuthenticationFilter (AuthenticationFilter.java:constructSecretProvider(240)) - Unable to initialize FileSignerSecretProvider, falling back to use random secrets.
2019-09-05 19:14:36,191 [main] WARN  http.HttpRequestLog (HttpRequestLog.java:getRequestLog(97)) - Jetty request log can only be enabled using Log4j
2019-09-05 19:14:36,192 [main] INFO  http.HttpServer2 (HttpServer2.java:addGlobalFilter(975)) - Added global filter 'safety' (class=org.apache.hadoop.http.HttpServer2$QuotingInputFilter)
2019-09-05 19:14:36,192 [main] INFO  http.HttpServer2 (HttpServer2.java:addFilter(948)) - Added filter static_user_filter (class=org.apache.hadoop.http.lib.StaticUserWebFilter$StaticUserFilter) to context hddsDatanode
2019-09-05 19:14:36,193 [main] INFO  http.HttpServer2 (HttpServer2.java:addFilter(958)) - Added filter static_user_filter (class=org.apache.hadoop.http.lib.StaticUserWebFilter$StaticUserFilter) to context static
2019-09-05 19:14:36,193 [main] INFO  http.HttpServer2 (HttpServer2.java:addFilter(958)) - Added filter static_user_filter (class=org.apache.hadoop.http.lib.StaticUserWebFilter$StaticUserFilter) to context logs
2019-09-05 19:14:36,193 [main] INFO  http.HttpServer2 (HttpServer2.java:bindListener(1191)) - Jetty bound to port 46034
2019-09-05 19:14:36,193 [main] INFO  server.Server (Server.java:doStart(351)) - jetty-9.3.24.v20180605, build timestamp: 2018-06-05T17:11:56Z, git hash: 84205aa28f11a4f31f2a3b86d1bba2cc8ab69827
2019-09-05 19:14:36,195 [main] INFO  handler.ContextHandler (ContextHandler.java:doStart(781)) - Started o.e.j.s.ServletContextHandler@71e2c6d8{/logs,file:///workdir/hadoop-ozone/integration-test/target/log,AVAILABLE}
2019-09-05 19:14:36,195 [main] INFO  handler.ContextHandler (ContextHandler.java:doStart(781)) - Started o.e.j.s.ServletContextHandler@376b5cb2{/static,jar:file:/home/user/.m2/repository/org/apache/hadoop/hadoop-hdds-container-service/0.5.0-SNAPSHOT/hadoop-hdds-container-service-0.5.0-SNAPSHOT.jar!/webapps/static,AVAILABLE}
2019-09-05 19:14:36,235 [main] INFO  handler.ContextHandler (ContextHandler.java:doStart(781)) - Started o.e.j.w.WebAppContext@5822ecda{/,file:///tmp/jetty-0.0.0.0-46034-hddsDatanode-_-any-521358698683813343.dir/webapp/,AVAILABLE}{/hddsDatanode}
2019-09-05 19:14:36,236 [main] INFO  server.AbstractConnector (AbstractConnector.java:doStart(278)) - Started ServerConnector@5908e6d6{HTTP/1.1,[http/1.1]}{0.0.0.0:46034}
2019-09-05 19:14:36,238 [main] INFO  server.Server (Server.java:doStart(419)) - Started @623794ms
2019-09-05 19:14:36,238 [main] WARN  impl.MetricsSystemImpl (MetricsSystemImpl.java:register(276)) - Sink prometheus already exists!
2019-09-05 19:14:36,239 [main] INFO  server.BaseHttpServer (BaseHttpServer.java:updateConnectorAddress(215)) - HTTP server of HDDSDATANODE is listening at http://0.0.0.0:46034
2019-09-05 19:14:36,240 [main] INFO  ozone.MiniOzoneClusterImpl (MiniOzoneClusterImpl.java:lambda$waitForClusterToBeReady$0(140)) - Waiting for cluster to be ready. Got 0 of 7 DN Heartbeats.
2019-09-05 19:14:36,240 [org.apache.hadoop.util.JvmPauseMonitor$Monitor@15e0d17a] INFO  util.JvmPauseMonitor (JvmPauseMonitor.java:run(188)) - Starting JVM pause monitor
2019-09-05 19:14:36,241 [Datanode State Machine Thread - 0] INFO  datanode.InitDatanodeState (InitDatanodeState.java:persistContainerDatanodeDetails(140)) - DatanodeDetails is persisted to /workdir/hadoop-ozone/integration-test/target/test-dir/MiniOzoneClusterImpl-a25a262c-8f45-494e-95da-2a3cd65c296f/datanode-6/meta/datanode.id
2019-09-05 19:14:37,240 [main] INFO  ozone.MiniOzoneClusterImpl (MiniOzoneClusterImpl.java:lambda$waitForClusterToBeReady$0(140)) - Waiting for cluster to be ready. Got 0 of 7 DN Heartbeats.
2019-09-05 19:14:37,841 [Datanode State Machine Thread - 0] INFO  ozoneimpl.OzoneContainer (OzoneContainer.java:start(201)) - Attempting to start container services.
2019-09-05 19:14:37,841 [Datanode State Machine Thread - 0] INFO  ozoneimpl.OzoneContainer (OzoneContainer.java:startContainerScrub(175)) - Background container scrubber has been disabled by hdds.containerscrub.enabled
2019-09-05 19:14:37,841 [Datanode State Machine Thread - 0] INFO  ratis.XceiverServerRatis (XceiverServerRatis.java:start(393)) - Starting XceiverServerRatis 7acf8a2f-cb7a-4f1b-96ec-46e1b885d205 at port 0
2019-09-05 19:14:37,846 [Datanode State Machine Thread - 0] INFO  impl.RaftServerProxy (RaftServerProxy.java:lambda$start$3(299)) - 7acf8a2f-cb7a-4f1b-96ec-46e1b885d205: start RPC server
2019-09-05 19:14:37,847 [Datanode State Machine Thread - 0] INFO  server.GrpcService (GrpcService.java:startImpl(149)) - 7acf8a2f-cb7a-4f1b-96ec-46e1b885d205: GrpcService started, listening on 0.0.0.0/0.0.0.0:46225
2019-09-05 19:14:37,847 [Datanode State Machine Thread - 0] INFO  ratis.XceiverServerRatis (XceiverServerRatis.java:start(403)) - XceiverServerRatis 7acf8a2f-cb7a-4f1b-96ec-46e1b885d205 is started using port 46225
2019-09-05 19:14:37,848 [Datanode State Machine Thread - 0] INFO  server.XceiverServerGrpc (XceiverServerGrpc.java:start(163)) - XceiverServerGrpc 7acf8a2f-cb7a-4f1b-96ec-46e1b885d205 is started using port 32812
2019-09-05 19:14:37,896 [Datanode State Machine Thread - 0] INFO  ozoneimpl.OzoneContainer (OzoneContainer.java:start(201)) - Attempting to start container services.
2019-09-05 19:14:37,896 [Datanode State Machine Thread - 0] INFO  ozoneimpl.OzoneContainer (OzoneContainer.java:startContainerScrub(175)) - Background container scrubber has been disabled by hdds.containerscrub.enabled
2019-09-05 19:14:37,896 [Datanode State Machine Thread - 0] INFO  ratis.XceiverServerRatis (XceiverServerRatis.java:start(393)) - Starting XceiverServerRatis 1ab43c44-0f65-4622-9835-adc63e393ac8 at port 0
2019-09-05 19:14:37,901 [Datanode State Machine Thread - 0] INFO  impl.RaftServerProxy (RaftServerProxy.java:lambda$start$3(299)) - 1ab43c44-0f65-4622-9835-adc63e393ac8: start RPC server
2019-09-05 19:14:37,902 [Datanode State Machine Thread - 0] INFO  server.GrpcService (GrpcService.java:startImpl(149)) - 1ab43c44-0f65-4622-9835-adc63e393ac8: GrpcService started, listening on 0.0.0.0/0.0.0.0:40799
2019-09-05 19:14:37,902 [Datanode State Machine Thread - 0] INFO  ratis.XceiverServerRatis (XceiverServerRatis.java:start(403)) - XceiverServerRatis 1ab43c44-0f65-4622-9835-adc63e393ac8 is started using port 40799
2019-09-05 19:14:37,902 [Datanode State Machine Thread - 0] INFO  server.XceiverServerGrpc (XceiverServerGrpc.java:start(163)) - XceiverServerGrpc 1ab43c44-0f65-4622-9835-adc63e393ac8 is started using port 44571
2019-09-05 19:14:37,965 [Datanode State Machine Thread - 0] INFO  ozoneimpl.OzoneContainer (OzoneContainer.java:start(201)) - Attempting to start container services.
2019-09-05 19:14:37,965 [Datanode State Machine Thread - 0] INFO  ozoneimpl.OzoneContainer (OzoneContainer.java:startContainerScrub(175)) - Background container scrubber has been disabled by hdds.containerscrub.enabled
2019-09-05 19:14:37,965 [Datanode State Machine Thread - 0] INFO  ratis.XceiverServerRatis (XceiverServerRatis.java:start(393)) - Starting XceiverServerRatis bc285176-9d9b-4fac-8659-fbfd5417a358 at port 0
2019-09-05 19:14:37,970 [Datanode State Machine Thread - 0] INFO  impl.RaftServerProxy (RaftServerProxy.java:lambda$start$3(299)) - bc285176-9d9b-4fac-8659-fbfd5417a358: start RPC server
2019-09-05 19:14:37,979 [Datanode State Machine Thread - 0] INFO  server.GrpcService (GrpcService.java:startImpl(149)) - bc285176-9d9b-4fac-8659-fbfd5417a358: GrpcService started, listening on 0.0.0.0/0.0.0.0:36477
2019-09-05 19:14:37,979 [Datanode State Machine Thread - 0] INFO  ratis.XceiverServerRatis (XceiverServerRatis.java:start(403)) - XceiverServerRatis bc285176-9d9b-4fac-8659-fbfd5417a358 is started using port 36477
2019-09-05 19:14:37,980 [Datanode State Machine Thread - 0] INFO  server.XceiverServerGrpc (XceiverServerGrpc.java:start(163)) - XceiverServerGrpc bc285176-9d9b-4fac-8659-fbfd5417a358 is started using port 46809
2019-09-05 19:14:38,056 [Datanode State Machine Thread - 0] INFO  ozoneimpl.OzoneContainer (OzoneContainer.java:start(201)) - Attempting to start container services.
2019-09-05 19:14:38,057 [Datanode State Machine Thread - 0] INFO  ozoneimpl.OzoneContainer (OzoneContainer.java:startContainerScrub(175)) - Background container scrubber has been disabled by hdds.containerscrub.enabled
2019-09-05 19:14:38,057 [Datanode State Machine Thread - 0] INFO  ratis.XceiverServerRatis (XceiverServerRatis.java:start(393)) - Starting XceiverServerRatis a9e96699-88a7-4abe-af5a-628e24b5bf3e at port 0
2019-09-05 19:14:38,063 [Datanode State Machine Thread - 0] INFO  impl.RaftServerProxy (RaftServerProxy.java:lambda$start$3(299)) - a9e96699-88a7-4abe-af5a-628e24b5bf3e: start RPC server
2019-09-05 19:14:38,064 [Datanode State Machine Thread - 0] INFO  server.GrpcService (GrpcService.java:startImpl(149)) - a9e96699-88a7-4abe-af5a-628e24b5bf3e: GrpcService started, listening on 0.0.0.0/0.0.0.0:42426
2019-09-05 19:14:38,064 [Datanode State Machine Thread - 0] INFO  ratis.XceiverServerRatis (XceiverServerRatis.java:start(403)) - XceiverServerRatis a9e96699-88a7-4abe-af5a-628e24b5bf3e is started using port 42426
2019-09-05 19:14:38,067 [Datanode State Machine Thread - 0] INFO  server.XceiverServerGrpc (XceiverServerGrpc.java:start(163)) - XceiverServerGrpc a9e96699-88a7-4abe-af5a-628e24b5bf3e is started using port 39395
2019-09-05 19:14:38,123 [Datanode State Machine Thread - 0] INFO  ozoneimpl.OzoneContainer (OzoneContainer.java:start(201)) - Attempting to start container services.
2019-09-05 19:14:38,123 [Datanode State Machine Thread - 0] INFO  ozoneimpl.OzoneContainer (OzoneContainer.java:startContainerScrub(175)) - Background container scrubber has been disabled by hdds.containerscrub.enabled
2019-09-05 19:14:38,124 [Datanode State Machine Thread - 0] INFO  ratis.XceiverServerRatis (XceiverServerRatis.java:start(393)) - Starting XceiverServerRatis 5aaf18d6-82cf-46f0-b977-f04590e1d3a6 at port 0
2019-09-05 19:14:38,130 [Datanode State Machine Thread - 0] INFO  impl.RaftServerProxy (RaftServerProxy.java:lambda$start$3(299)) - 5aaf18d6-82cf-46f0-b977-f04590e1d3a6: start RPC server
2019-09-05 19:14:38,131 [Datanode State Machine Thread - 0] INFO  server.GrpcService (GrpcService.java:startImpl(149)) - 5aaf18d6-82cf-46f0-b977-f04590e1d3a6: GrpcService started, listening on 0.0.0.0/0.0.0.0:41462
2019-09-05 19:14:38,132 [Datanode State Machine Thread - 0] INFO  ratis.XceiverServerRatis (XceiverServerRatis.java:start(403)) - XceiverServerRatis 5aaf18d6-82cf-46f0-b977-f04590e1d3a6 is started using port 41462
2019-09-05 19:14:38,132 [Datanode State Machine Thread - 0] INFO  server.XceiverServerGrpc (XceiverServerGrpc.java:start(163)) - XceiverServerGrpc 5aaf18d6-82cf-46f0-b977-f04590e1d3a6 is started using port 39144
2019-09-05 19:14:38,177 [Datanode State Machine Thread - 0] INFO  ozoneimpl.OzoneContainer (OzoneContainer.java:start(201)) - Attempting to start container services.
2019-09-05 19:14:38,177 [Datanode State Machine Thread - 0] INFO  ozoneimpl.OzoneContainer (OzoneContainer.java:startContainerScrub(175)) - Background container scrubber has been disabled by hdds.containerscrub.enabled
2019-09-05 19:14:38,177 [Datanode State Machine Thread - 0] INFO  ratis.XceiverServerRatis (XceiverServerRatis.java:start(393)) - Starting XceiverServerRatis 943b6596-18e7-43fd-8a5b-4ca327f5c156 at port 0
2019-09-05 19:14:38,386 [main] INFO  ozone.MiniOzoneClusterImpl (MiniOzoneClusterImpl.java:lambda$waitForClusterToBeReady$0(140)) - Waiting for cluster to be ready. Got 0 of 7 DN Heartbeats.
2019-09-05 19:14:38,593 [Datanode State Machine Thread - 0] INFO  impl.RaftServerProxy (RaftServerProxy.java:lambda$start$3(299)) - 943b6596-18e7-43fd-8a5b-4ca327f5c156: start RPC server
2019-09-05 19:14:38,622 [Datanode State Machine Thread - 0] INFO  server.GrpcService (GrpcService.java:startImpl(149)) - 943b6596-18e7-43fd-8a5b-4ca327f5c156: GrpcService started, listening on 0.0.0.0/0.0.0.0:46583
2019-09-05 19:14:38,622 [Datanode State Machine Thread - 0] INFO  ratis.XceiverServerRatis (XceiverServerRatis.java:start(403)) - XceiverServerRatis 943b6596-18e7-43fd-8a5b-4ca327f5c156 is started using port 46583
2019-09-05 19:14:38,624 [Datanode State Machine Thread - 0] INFO  server.XceiverServerGrpc (XceiverServerGrpc.java:start(163)) - XceiverServerGrpc 943b6596-18e7-43fd-8a5b-4ca327f5c156 is started using port 33752
2019-09-05 19:14:38,654 [Datanode State Machine Thread - 0] INFO  ozoneimpl.OzoneContainer (OzoneContainer.java:start(201)) - Attempting to start container services.
2019-09-05 19:14:38,655 [Datanode State Machine Thread - 0] INFO  ozoneimpl.OzoneContainer (OzoneContainer.java:startContainerScrub(175)) - Background container scrubber has been disabled by hdds.containerscrub.enabled
2019-09-05 19:14:38,655 [Datanode State Machine Thread - 0] INFO  ratis.XceiverServerRatis (XceiverServerRatis.java:start(393)) - Starting XceiverServerRatis 93a24677-425c-47df-9104-516f69d4f044 at port 0
2019-09-05 19:14:38,661 [Datanode State Machine Thread - 0] INFO  impl.RaftServerProxy (RaftServerProxy.java:lambda$start$3(299)) - 93a24677-425c-47df-9104-516f69d4f044: start RPC server
2019-09-05 19:14:38,661 [Datanode State Machine Thread - 0] INFO  server.GrpcService (GrpcService.java:startImpl(149)) - 93a24677-425c-47df-9104-516f69d4f044: GrpcService started, listening on 0.0.0.0/0.0.0.0:40847
2019-09-05 19:14:38,662 [Datanode State Machine Thread - 0] INFO  ratis.XceiverServerRatis (XceiverServerRatis.java:start(403)) - XceiverServerRatis 93a24677-425c-47df-9104-516f69d4f044 is started using port 40847
2019-09-05 19:14:38,662 [Datanode State Machine Thread - 0] INFO  server.XceiverServerGrpc (XceiverServerGrpc.java:start(163)) - XceiverServerGrpc 93a24677-425c-47df-9104-516f69d4f044 is started using port 38456
2019-09-05 19:14:39,397 [main] INFO  ozone.MiniOzoneClusterImpl (MiniOzoneClusterImpl.java:lambda$waitForClusterToBeReady$0(140)) - Waiting for cluster to be ready. Got 0 of 7 DN Heartbeats.
2019-09-05 19:14:39,819 [IPC Server handler 4 on 38729] INFO  net.NetworkTopology (NetworkTopologyImpl.java:add(110)) - Added a new node: /default-rack/7acf8a2f-cb7a-4f1b-96ec-46e1b885d205
2019-09-05 19:14:39,820 [IPC Server handler 4 on 38729] INFO  node.SCMNodeManager (SCMNodeManager.java:register(266)) - Registered Data node : 7acf8a2f-cb7a-4f1b-96ec-46e1b885d205{ip: 192.168.34.27, host: pr-hdds-2015-5mx5w-4127483329, networkLocation: /default-rack, certSerialId: null}
2019-09-05 19:14:39,821 [EventQueue-NodeRegistrationContainerReportForDataNodeSafeModeRule] INFO  safemode.SCMSafeModeManager (DataNodeSafeModeRule.java:process(71)) - SCM in safe mode. 1 DataNodes registered, 1 required.
2019-09-05 19:14:39,823 [EventQueue-NodeRegistrationContainerReportForDataNodeSafeModeRule] INFO  safemode.SCMSafeModeManager (SCMSafeModeManager.java:validateSafeModeExitRules(177)) - ScmSafeModeManager, all rules are successfully validated
2019-09-05 19:14:39,823 [EventQueue-NodeRegistrationContainerReportForDataNodeSafeModeRule] INFO  safemode.SCMSafeModeManager (SCMSafeModeManager.java:exitSafeMode(193)) - SCM exiting safe mode.
2019-09-05 19:14:39,833 [grpc-default-executor-0] INFO  impl.RaftServerProxy (RaftServerProxy.java:addNew(89)) - 7acf8a2f-cb7a-4f1b-96ec-46e1b885d205: addNew group-A378DB03281F:[7acf8a2f-cb7a-4f1b-96ec-46e1b885d205:192.168.34.27:46225] returns group-A378DB03281F:java.util.concurrent.CompletableFuture@7b3be292[Not completed]
2019-09-05 19:14:39,835 [pool-589-thread-1] INFO  impl.RaftServerImpl (RaftServerImpl.java:<init>(93)) - 7acf8a2f-cb7a-4f1b-96ec-46e1b885d205: new RaftServerImpl for group-A378DB03281F:[7acf8a2f-cb7a-4f1b-96ec-46e1b885d205:192.168.34.27:46225] with ContainerStateMachine:uninitialized
2019-09-05 19:14:39,835 [pool-589-thread-1] INFO  server.RaftServerConfigKeys (ConfUtils.java:logGet(43)) - raft.server.rpc.timeout.min = 5s (custom)
2019-09-05 19:14:39,835 [pool-589-thread-1] INFO  server.RaftServerConfigKeys (ConfUtils.java:logGet(43)) - raft.server.rpc.timeout.max = 5200ms (custom)
2019-09-05 19:14:39,835 [pool-589-thread-1] INFO  server.RaftServerConfigKeys (ConfUtils.java:logGet(43)) - raft.server.rpcslowness.timeout = 120s (custom)
2019-09-05 19:14:39,835 [pool-589-thread-1] INFO  server.RaftServerConfigKeys (ConfUtils.java:logGet(43)) - raft.server.sleep.deviation.threshold = 300 (default)
2019-09-05 19:14:39,835 [pool-589-thread-1] INFO  server.RaftServerConfigKeys (ConfUtils.java:logGet(43)) - raft.server.log.appender.install.snapshot.enabled = false (custom)
2019-09-05 19:14:39,835 [pool-589-thread-1] INFO  impl.RaftServerImpl (ServerState.java:<init>(105)) - 7acf8a2f-cb7a-4f1b-96ec-46e1b885d205:group-A378DB03281F ConfigurationManager, init=-1: [7acf8a2f-cb7a-4f1b-96ec-46e1b885d205:192.168.34.27:46225], old=null, confs=<EMPTY_MAP>
2019-09-05 19:14:39,836 [pool-589-thread-1] INFO  server.RaftServerConfigKeys (ConfUtils.java:logGet(43)) - raft.server.storage.dir = [/workdir/hadoop-ozone/integration-test/target/test-dir/MiniOzoneClusterImpl-a25a262c-8f45-494e-95da-2a3cd65c296f/datanode-0/data/ratis] (custom)
2019-09-05 19:14:39,836 [pool-589-thread-1] INFO  storage.RaftStorageDirectory (RaftStorageDirectory.java:analyzeStorage(246)) - The storage directory /workdir/hadoop-ozone/integration-test/target/test-dir/MiniOzoneClusterImpl-a25a262c-8f45-494e-95da-2a3cd65c296f/datanode-0/data/ratis/aa97365f-60bf-4c43-8ffa-a378db03281f does not exist. Creating ...
2019-09-05 19:14:39,850 [pool-589-thread-1] INFO  storage.RaftStorageDirectory (RaftStorageDirectory.java:tryLock(328)) - Lock on /workdir/hadoop-ozone/integration-test/target/test-dir/MiniOzoneClusterImpl-a25a262c-8f45-494e-95da-2a3cd65c296f/datanode-0/data/ratis/aa97365f-60bf-4c43-8ffa-a378db03281f/in_use.lock acquired by nodename 2584@pr-hdds-2015-5mx5w-4127483329
2019-09-05 19:14:39,863 [pool-589-thread-1] INFO  storage.RaftStorage (RaftStorage.java:format(72)) - Storage directory /workdir/hadoop-ozone/integration-test/target/test-dir/MiniOzoneClusterImpl-a25a262c-8f45-494e-95da-2a3cd65c296f/datanode-0/data/ratis/aa97365f-60bf-4c43-8ffa-a378db03281f has been successfully formatted.
2019-09-05 19:14:39,863 [pool-589-thread-1] INFO  ratis.ContainerStateMachine (ContainerStateMachine.java:loadSnapshot(227)) - group-A378DB03281F: The snapshot info is null. Setting the last applied indexto:(t:0, i:~)
2019-09-05 19:14:39,863 [pool-589-thread-1] INFO  server.RaftServerConfigKeys (ConfUtils.java:logGet(43)) - raft.server.leader.election.timeout = 120s (custom)
2019-09-05 19:14:39,863 [pool-589-thread-1] INFO  server.RaftServerConfigKeys (ConfUtils.java:logGet(43)) - raft.server.log.use.memory = false (default)
2019-09-05 19:14:39,863 [pool-589-thread-1] INFO  server.RaftServerConfigKeys (ConfUtils.java:logGet(43)) - raft.server.log.purge.gap = 1000000 (custom)
2019-09-05 19:14:39,864 [pool-589-thread-1] INFO  server.RaftServerConfigKeys (ConfUtils.java:logGet(43)) - raft.server.log.appender.buffer.byte-limit = 33554432 (custom)
2019-09-05 19:14:39,864 [pool-589-thread-1] INFO  server.RaftServerConfigKeys (ConfUtils.java:logGet(43)) - raft.server.log.segment.size.max = 1048576 (custom)
2019-09-05 19:14:39,864 [pool-589-thread-1] INFO  server.RaftServerConfigKeys (ConfUtils.java:logGet(43)) - raft.server.log.segment.cache.num.max = 2 (custom)
2019-09-05 19:14:39,864 [pool-589-thread-1] INFO  segmented.SegmentedRaftLogWorker (SegmentedRaftLogWorker.java:<init>(172)) - new 7acf8a2f-cb7a-4f1b-96ec-46e1b885d205-SegmentedRaftLogWorker:Storage Directory /workdir/hadoop-ozone/integration-test/target/test-dir/MiniOzoneClusterImpl-a25a262c-8f45-494e-95da-2a3cd65c296f/datanode-0/data/ratis/aa97365f-60bf-4c43-8ffa-a378db03281f for RaftStorage:Storage Directory /workdir/hadoop-ozone/integration-test/target/test-dir/MiniOzoneClusterImpl-a25a262c-8f45-494e-95da-2a3cd65c296f/datanode-0/data/ratis/aa97365f-60bf-4c43-8ffa-a378db03281f
2019-09-05 19:14:39,864 [pool-589-thread-1] INFO  server.RaftServerConfigKeys (ConfUtils.java:logGet(43)) - raft.server.log.queue.byte-limit = 2147483647 (custom)
2019-09-05 19:14:39,864 [pool-589-thread-1] INFO  server.RaftServerConfigKeys (ConfUtils.java:logGet(43)) - raft.server.log.queue.element-limit = 1024 (custom)
2019-09-05 19:14:39,865 [pool-589-thread-1] INFO  server.RaftServerConfigKeys (ConfUtils.java:logGet(43)) - raft.server.log.segment.size.max = 1048576 (custom)
2019-09-05 19:14:39,865 [pool-589-thread-1] INFO  server.RaftServerConfigKeys (ConfUtils.java:logGet(43)) - raft.server.log.preallocated.size = 16384 (custom)
2019-09-05 19:14:39,865 [pool-589-thread-1] INFO  server.RaftServerConfigKeys (ConfUtils.java:logGet(43)) - raft.server.log.write.buffer.size = 33554432 (custom)
2019-09-05 19:14:39,865 [pool-589-thread-1] INFO  server.RaftServerConfigKeys (ConfUtils.java:logGet(43)) - raft.server.log.force.sync.num = 128 (default)
2019-09-05 19:14:39,865 [pool-589-thread-1] INFO  server.RaftServerConfigKeys (ConfUtils.java:logGet(43)) - raft.server.log.statemachine.data.sync = true (default)
2019-09-05 19:14:39,865 [pool-589-thread-1] INFO  server.RaftServerConfigKeys (ConfUtils.java:logGet(43)) - raft.server.log.statemachine.data.sync.timeout = 10s (default)
2019-09-05 19:14:39,865 [pool-589-thread-1] INFO  server.RaftServerConfigKeys (ConfUtils.java:logGet(43)) - raft.server.log.statemachine.data.sync.timeout.retry = -1 (default)
2019-09-05 19:14:39,866 [pool-589-thread-1] INFO  server.RaftServerConfigKeys (ConfUtils.java:logGet(43)) - raft.server.log.statemachine.data.caching.enabled = true (custom)
2019-09-05 19:14:39,866 [pool-589-thread-1] INFO  segmented.SegmentedRaftLogWorker (SegmentedRaftLogWorker.java:lambda$new$0(132)) - 7acf8a2f-cb7a-4f1b-96ec-46e1b885d205-SegmentedRaftLogWorker:Storage Directory /workdir/hadoop-ozone/integration-test/target/test-dir/MiniOzoneClusterImpl-a25a262c-8f45-494e-95da-2a3cd65c296f/datanode-0/data/ratis/aa97365f-60bf-4c43-8ffa-a378db03281f: flushIndex: setUnconditionally 0 -> -1
2019-09-05 19:14:39,866 [pool-589-thread-1] INFO  server.RaftServerConfigKeys (ConfUtils.java:logGet(43)) - raft.server.snapshot.auto.trigger.enabled = true (custom)
2019-09-05 19:14:39,866 [pool-589-thread-1] INFO  server.RaftServerConfigKeys (ConfUtils.java:logGet(43)) - raft.server.snapshot.auto.trigger.threshold = 10000 (custom)
2019-09-05 19:14:39,867 [pool-589-thread-1] INFO  server.RaftServerConfigKeys (ConfUtils.java:logGet(43)) - raft.server.retrycache.expirytime = 600000ms (custom)
2019-09-05 19:14:39,867 [pool-589-thread-1] INFO  impl.RaftServerImpl (RaftServerImpl.java:start(180)) - 7acf8a2f-cb7a-4f1b-96ec-46e1b885d205: start group-A378DB03281F
2019-09-05 19:14:39,867 [pool-589-thread-1] INFO  impl.RaftServerImpl (RaftServerImpl.java:setRole(171)) - 7acf8a2f-cb7a-4f1b-96ec-46e1b885d205:group-A378DB03281F changes role from null to FOLLOWER at term 0 for startAsFollower
2019-09-05 19:14:39,867 [pool-589-thread-1] INFO  impl.RoleInfo (RoleInfo.java:updateAndGet(143)) - 7acf8a2f-cb7a-4f1b-96ec-46e1b885d205: start FollowerState
2019-09-05 19:14:39,867 [pool-589-thread-1] INFO  util.JmxRegister (JmxRegister.java:tryRegister(44)) - Successfully registered JMX Bean with object name Ratis:service=RaftServer,group=group-A378DB03281F,id=7acf8a2f-cb7a-4f1b-96ec-46e1b885d205
2019-09-05 19:14:39,878 [RatisPipelineUtilsThread] INFO  pipeline.PipelineStateManager (PipelineStateManager.java:addPipeline(56)) - Created pipeline Pipeline[ Id: aa97365f-60bf-4c43-8ffa-a378db03281f, Nodes: 7acf8a2f-cb7a-4f1b-96ec-46e1b885d205{ip: 192.168.34.27, host: pr-hdds-2015-5mx5w-4127483329, networkLocation: /default-rack, certSerialId: null}, Type:RATIS, Factor:ONE, State:OPEN]
2019-09-05 19:14:39,880 [IPC Server handler 7 on 38729] INFO  net.NetworkTopology (NetworkTopologyImpl.java:add(110)) - Added a new node: /default-rack/1ab43c44-0f65-4622-9835-adc63e393ac8
2019-09-05 19:14:39,881 [IPC Server handler 7 on 38729] INFO  node.SCMNodeManager (SCMNodeManager.java:register(266)) - Registered Data node : 1ab43c44-0f65-4622-9835-adc63e393ac8{ip: 192.168.34.27, host: pr-hdds-2015-5mx5w-4127483329, networkLocation: /default-rack, certSerialId: null}
2019-09-05 19:14:39,896 [grpc-default-executor-0] INFO  impl.RaftServerProxy (RaftServerProxy.java:addNew(89)) - 1ab43c44-0f65-4622-9835-adc63e393ac8: addNew group-BDBE8E37C8D7:[1ab43c44-0f65-4622-9835-adc63e393ac8:192.168.34.27:40799] returns group-BDBE8E37C8D7:java.util.concurrent.CompletableFuture@4d060b27[Not completed]
2019-09-05 19:14:39,897 [pool-599-thread-1] INFO  impl.RaftServerImpl (RaftServerImpl.java:<init>(93)) - 1ab43c44-0f65-4622-9835-adc63e393ac8: new RaftServerImpl for group-BDBE8E37C8D7:[1ab43c44-0f65-4622-9835-adc63e393ac8:192.168.34.27:40799] with ContainerStateMachine:uninitialized
2019-09-05 19:14:39,897 [pool-599-thread-1] INFO  server.RaftServerConfigKeys (ConfUtils.java:logGet(43)) - raft.server.rpc.timeout.min = 5s (custom)
2019-09-05 19:14:39,897 [pool-599-thread-1] INFO  server.RaftServerConfigKeys (ConfUtils.java:logGet(43)) - raft.server.rpc.timeout.max = 5200ms (custom)
2019-09-05 19:14:39,897 [pool-599-thread-1] INFO  server.RaftServerConfigKeys (ConfUtils.java:logGet(43)) - raft.server.rpcslowness.timeout = 120s (custom)
2019-09-05 19:14:39,897 [pool-599-thread-1] INFO  server.RaftServerConfigKeys (ConfUtils.java:logGet(43)) - raft.server.sleep.deviation.threshold = 300 (default)
2019-09-05 19:14:39,897 [pool-599-thread-1] INFO  server.RaftServerConfigKeys (ConfUtils.java:logGet(43)) - raft.server.log.appender.install.snapshot.enabled = false (custom)
2019-09-05 19:14:39,898 [pool-599-thread-1] INFO  impl.RaftServerImpl (ServerState.java:<init>(105)) - 1ab43c44-0f65-4622-9835-adc63e393ac8:group-BDBE8E37C8D7 ConfigurationManager, init=-1: [1ab43c44-0f65-4622-9835-adc63e393ac8:192.168.34.27:40799], old=null, confs=<EMPTY_MAP>
2019-09-05 19:14:39,898 [pool-599-thread-1] INFO  server.RaftServerConfigKeys (ConfUtils.java:logGet(43)) - raft.server.storage.dir = [/workdir/hadoop-ozone/integration-test/target/test-dir/MiniOzoneClusterImpl-a25a262c-8f45-494e-95da-2a3cd65c296f/datanode-1/data/ratis] (custom)
2019-09-05 19:14:39,898 [pool-599-thread-1] INFO  storage.RaftStorageDirectory (RaftStorageDirectory.java:analyzeStorage(246)) - The storage directory /workdir/hadoop-ozone/integration-test/target/test-dir/MiniOzoneClusterImpl-a25a262c-8f45-494e-95da-2a3cd65c296f/datanode-1/data/ratis/eb5fcc50-d5ad-43a7-8335-bdbe8e37c8d7 does not exist. Creating ...
2019-09-05 19:14:39,911 [pool-599-thread-1] INFO  storage.RaftStorageDirectory (RaftStorageDirectory.java:tryLock(328)) - Lock on /workdir/hadoop-ozone/integration-test/target/test-dir/MiniOzoneClusterImpl-a25a262c-8f45-494e-95da-2a3cd65c296f/datanode-1/data/ratis/eb5fcc50-d5ad-43a7-8335-bdbe8e37c8d7/in_use.lock acquired by nodename 2584@pr-hdds-2015-5mx5w-4127483329
2019-09-05 19:14:39,924 [pool-599-thread-1] INFO  storage.RaftStorage (RaftStorage.java:format(72)) - Storage directory /workdir/hadoop-ozone/integration-test/target/test-dir/MiniOzoneClusterImpl-a25a262c-8f45-494e-95da-2a3cd65c296f/datanode-1/data/ratis/eb5fcc50-d5ad-43a7-8335-bdbe8e37c8d7 has been successfully formatted.
2019-09-05 19:14:39,925 [pool-599-thread-1] INFO  ratis.ContainerStateMachine (ContainerStateMachine.java:loadSnapshot(227)) - group-BDBE8E37C8D7: The snapshot info is null. Setting the last applied indexto:(t:0, i:~)
2019-09-05 19:14:39,925 [pool-599-thread-1] INFO  server.RaftServerConfigKeys (ConfUtils.java:logGet(43)) - raft.server.leader.election.timeout = 120s (custom)
2019-09-05 19:14:39,925 [pool-599-thread-1] INFO  server.RaftServerConfigKeys (ConfUtils.java:logGet(43)) - raft.server.log.use.memory = false (default)
2019-09-05 19:14:39,925 [pool-599-thread-1] INFO  server.RaftServerConfigKeys (ConfUtils.java:logGet(43)) - raft.server.log.purge.gap = 1000000 (custom)
2019-09-05 19:14:39,925 [pool-599-thread-1] INFO  server.RaftServerConfigKeys (ConfUtils.java:logGet(43)) - raft.server.log.appender.buffer.byte-limit = 33554432 (custom)
2019-09-05 19:14:39,925 [pool-599-thread-1] INFO  server.RaftServerConfigKeys (ConfUtils.java:logGet(43)) - raft.server.log.segment.size.max = 1048576 (custom)
2019-09-05 19:14:39,925 [pool-599-thread-1] INFO  server.RaftServerConfigKeys (ConfUtils.java:logGet(43)) - raft.server.log.segment.cache.num.max = 2 (custom)
2019-09-05 19:14:39,926 [pool-599-thread-1] INFO  segmented.SegmentedRaftLogWorker (SegmentedRaftLogWorker.java:<init>(172)) - new 1ab43c44-0f65-4622-9835-adc63e393ac8-SegmentedRaftLogWorker:Storage Directory /workdir/hadoop-ozone/integration-test/target/test-dir/MiniOzoneClusterImpl-a25a262c-8f45-494e-95da-2a3cd65c296f/datanode-1/data/ratis/eb5fcc50-d5ad-43a7-8335-bdbe8e37c8d7 for RaftStorage:Storage Directory /workdir/hadoop-ozone/integration-test/target/test-dir/MiniOzoneClusterImpl-a25a262c-8f45-494e-95da-2a3cd65c296f/datanode-1/data/ratis/eb5fcc50-d5ad-43a7-8335-bdbe8e37c8d7
2019-09-05 19:14:39,926 [pool-599-thread-1] INFO  server.RaftServerConfigKeys (ConfUtils.java:logGet(43)) - raft.server.log.queue.byte-limit = 2147483647 (custom)
2019-09-05 19:14:39,926 [pool-599-thread-1] INFO  server.RaftServerConfigKeys (ConfUtils.java:logGet(43)) - raft.server.log.queue.element-limit = 1024 (custom)
2019-09-05 19:14:39,926 [pool-599-thread-1] INFO  server.RaftServerConfigKeys (ConfUtils.java:logGet(43)) - raft.server.log.segment.size.max = 1048576 (custom)
2019-09-05 19:14:39,926 [pool-599-thread-1] INFO  server.RaftServerConfigKeys (ConfUtils.java:logGet(43)) - raft.server.log.preallocated.size = 16384 (custom)
2019-09-05 19:14:39,926 [pool-599-thread-1] INFO  server.RaftServerConfigKeys (ConfUtils.java:logGet(43)) - raft.server.log.write.buffer.size = 33554432 (custom)
2019-09-05 19:14:39,926 [pool-599-thread-1] INFO  server.RaftServerConfigKeys (ConfUtils.java:logGet(43)) - raft.server.log.force.sync.num = 128 (default)
2019-09-05 19:14:39,927 [pool-599-thread-1] INFO  server.RaftServerConfigKeys (ConfUtils.java:logGet(43)) - raft.server.log.statemachine.data.sync = true (default)
2019-09-05 19:14:39,927 [pool-599-thread-1] INFO  server.RaftServerConfigKeys (ConfUtils.java:logGet(43)) - raft.server.log.statemachine.data.sync.timeout = 10s (default)
2019-09-05 19:14:39,927 [pool-599-thread-1] INFO  server.RaftServerConfigKeys (ConfUtils.java:logGet(43)) - raft.server.log.statemachine.data.sync.timeout.retry = -1 (default)
2019-09-05 19:14:39,927 [pool-599-thread-1] INFO  server.RaftServerConfigKeys (ConfUtils.java:logGet(43)) - raft.server.log.statemachine.data.caching.enabled = true (custom)
2019-09-05 19:14:39,927 [pool-599-thread-1] INFO  segmented.SegmentedRaftLogWorker (SegmentedRaftLogWorker.java:lambda$new$0(132)) - 1ab43c44-0f65-4622-9835-adc63e393ac8-SegmentedRaftLogWorker:Storage Directory /workdir/hadoop-ozone/integration-test/target/test-dir/MiniOzoneClusterImpl-a25a262c-8f45-494e-95da-2a3cd65c296f/datanode-1/data/ratis/eb5fcc50-d5ad-43a7-8335-bdbe8e37c8d7: flushIndex: setUnconditionally 0 -> -1
2019-09-05 19:14:39,928 [pool-599-thread-1] INFO  server.RaftServerConfigKeys (ConfUtils.java:logGet(43)) - raft.server.snapshot.auto.trigger.enabled = true (custom)
2019-09-05 19:14:39,928 [pool-599-thread-1] INFO  server.RaftServerConfigKeys (ConfUtils.java:logGet(43)) - raft.server.snapshot.auto.trigger.threshold = 10000 (custom)
2019-09-05 19:14:39,928 [pool-599-thread-1] INFO  server.RaftServerConfigKeys (ConfUtils.java:logGet(43)) - raft.server.retrycache.expirytime = 600000ms (custom)
2019-09-05 19:14:39,928 [pool-599-thread-1] INFO  impl.RaftServerImpl (RaftServerImpl.java:start(180)) - 1ab43c44-0f65-4622-9835-adc63e393ac8: start group-BDBE8E37C8D7
2019-09-05 19:14:39,928 [pool-599-thread-1] INFO  impl.RaftServerImpl (RaftServerImpl.java:setRole(171)) - 1ab43c44-0f65-4622-9835-adc63e393ac8:group-BDBE8E37C8D7 changes role from null to FOLLOWER at term 0 for startAsFollower
2019-09-05 19:14:39,928 [pool-599-thread-1] INFO  impl.RoleInfo (RoleInfo.java:updateAndGet(143)) - 1ab43c44-0f65-4622-9835-adc63e393ac8: start FollowerState
2019-09-05 19:14:39,929 [pool-599-thread-1] INFO  util.JmxRegister (JmxRegister.java:tryRegister(44)) - Successfully registered JMX Bean with object name Ratis:service=RaftServer,group=group-BDBE8E37C8D7,id=1ab43c44-0f65-4622-9835-adc63e393ac8
2019-09-05 19:14:39,930 [RatisPipelineUtilsThread] INFO  pipeline.PipelineStateManager (PipelineStateManager.java:addPipeline(56)) - Created pipeline Pipeline[ Id: eb5fcc50-d5ad-43a7-8335-bdbe8e37c8d7, Nodes: 1ab43c44-0f65-4622-9835-adc63e393ac8{ip: 192.168.34.27, host: pr-hdds-2015-5mx5w-4127483329, networkLocation: /default-rack, certSerialId: null}, Type:RATIS, Factor:ONE, State:OPEN]
2019-09-05 19:14:39,951 [IPC Server handler 6 on 38729] INFO  net.NetworkTopology (NetworkTopologyImpl.java:add(110)) - Added a new node: /default-rack/bc285176-9d9b-4fac-8659-fbfd5417a358
2019-09-05 19:14:39,958 [IPC Server handler 6 on 38729] INFO  node.SCMNodeManager (SCMNodeManager.java:register(266)) - Registered Data node : bc285176-9d9b-4fac-8659-fbfd5417a358{ip: 192.168.34.27, host: pr-hdds-2015-5mx5w-4127483329, networkLocation: /default-rack, certSerialId: null}
2019-09-05 19:14:39,964 [grpc-default-executor-0] INFO  impl.RaftServerProxy (RaftServerProxy.java:addNew(89)) - bc285176-9d9b-4fac-8659-fbfd5417a358: addNew group-BF1877E1495C:[bc285176-9d9b-4fac-8659-fbfd5417a358:192.168.34.27:36477] returns group-BF1877E1495C:java.util.concurrent.CompletableFuture@2afb8a0a[Not completed]
2019-09-05 19:14:39,965 [pool-609-thread-1] INFO  impl.RaftServerImpl (RaftServerImpl.java:<init>(93)) - bc285176-9d9b-4fac-8659-fbfd5417a358: new RaftServerImpl for group-BF1877E1495C:[bc285176-9d9b-4fac-8659-fbfd5417a358:192.168.34.27:36477] with ContainerStateMachine:uninitialized
2019-09-05 19:14:39,965 [pool-609-thread-1] INFO  server.RaftServerConfigKeys (ConfUtils.java:logGet(43)) - raft.server.rpc.timeout.min = 5s (custom)
2019-09-05 19:14:39,965 [pool-609-thread-1] INFO  server.RaftServerConfigKeys (ConfUtils.java:logGet(43)) - raft.server.rpc.timeout.max = 5200ms (custom)
2019-09-05 19:14:39,965 [pool-609-thread-1] INFO  server.RaftServerConfigKeys (ConfUtils.java:logGet(43)) - raft.server.rpcslowness.timeout = 120s (custom)
2019-09-05 19:14:39,965 [pool-609-thread-1] INFO  server.RaftServerConfigKeys (ConfUtils.java:logGet(43)) - raft.server.sleep.deviation.threshold = 300 (default)
2019-09-05 19:14:39,965 [pool-609-thread-1] INFO  server.RaftServerConfigKeys (ConfUtils.java:logGet(43)) - raft.server.log.appender.install.snapshot.enabled = false (custom)
2019-09-05 19:14:39,966 [pool-609-thread-1] INFO  impl.RaftServerImpl (ServerState.java:<init>(105)) - bc285176-9d9b-4fac-8659-fbfd5417a358:group-BF1877E1495C ConfigurationManager, init=-1: [bc285176-9d9b-4fac-8659-fbfd5417a358:192.168.34.27:36477], old=null, confs=<EMPTY_MAP>
2019-09-05 19:14:39,966 [pool-609-thread-1] INFO  server.RaftServerConfigKeys (ConfUtils.java:logGet(43)) - raft.server.storage.dir = [/workdir/hadoop-ozone/integration-test/target/test-dir/MiniOzoneClusterImpl-a25a262c-8f45-494e-95da-2a3cd65c296f/datanode-2/data/ratis] (custom)
2019-09-05 19:14:39,966 [pool-609-thread-1] INFO  storage.RaftStorageDirectory (RaftStorageDirectory.java:analyzeStorage(246)) - The storage directory /workdir/hadoop-ozone/integration-test/target/test-dir/MiniOzoneClusterImpl-a25a262c-8f45-494e-95da-2a3cd65c296f/datanode-2/data/ratis/5c56ae86-f09e-405d-acdb-bf1877e1495c does not exist. Creating ...
2019-09-05 19:14:39,980 [pool-609-thread-1] INFO  storage.RaftStorageDirectory (RaftStorageDirectory.java:tryLock(328)) - Lock on /workdir/hadoop-ozone/integration-test/target/test-dir/MiniOzoneClusterImpl-a25a262c-8f45-494e-95da-2a3cd65c296f/datanode-2/data/ratis/5c56ae86-f09e-405d-acdb-bf1877e1495c/in_use.lock acquired by nodename 2584@pr-hdds-2015-5mx5w-4127483329
2019-09-05 19:14:39,993 [pool-609-thread-1] INFO  storage.RaftStorage (RaftStorage.java:format(72)) - Storage directory /workdir/hadoop-ozone/integration-test/target/test-dir/MiniOzoneClusterImpl-a25a262c-8f45-494e-95da-2a3cd65c296f/datanode-2/data/ratis/5c56ae86-f09e-405d-acdb-bf1877e1495c has been successfully formatted.
2019-09-05 19:14:39,993 [pool-609-thread-1] INFO  ratis.ContainerStateMachine (ContainerStateMachine.java:loadSnapshot(227)) - group-BF1877E1495C: The snapshot info is null. Setting the last applied indexto:(t:0, i:~)
2019-09-05 19:14:39,994 [pool-609-thread-1] INFO  server.RaftServerConfigKeys (ConfUtils.java:logGet(43)) - raft.server.leader.election.timeout = 120s (custom)
2019-09-05 19:14:39,994 [pool-609-thread-1] INFO  server.RaftServerConfigKeys (ConfUtils.java:logGet(43)) - raft.server.log.use.memory = false (default)
2019-09-05 19:14:39,994 [pool-609-thread-1] INFO  server.RaftServerConfigKeys (ConfUtils.java:logGet(43)) - raft.server.log.purge.gap = 1000000 (custom)
2019-09-05 19:14:39,994 [pool-609-thread-1] INFO  server.RaftServerConfigKeys (ConfUtils.java:logGet(43)) - raft.server.log.appender.buffer.byte-limit = 33554432 (custom)
2019-09-05 19:14:39,994 [pool-609-thread-1] INFO  server.RaftServerConfigKeys (ConfUtils.java:logGet(43)) - raft.server.log.segment.size.max = 1048576 (custom)
2019-09-05 19:14:39,994 [pool-609-thread-1] INFO  server.RaftServerConfigKeys (ConfUtils.java:logGet(43)) - raft.server.log.segment.cache.num.max = 2 (custom)
2019-09-05 19:14:39,994 [pool-609-thread-1] INFO  segmented.SegmentedRaftLogWorker (SegmentedRaftLogWorker.java:<init>(172)) - new bc285176-9d9b-4fac-8659-fbfd5417a358-SegmentedRaftLogWorker:Storage Directory /workdir/hadoop-ozone/integration-test/target/test-dir/MiniOzoneClusterImpl-a25a262c-8f45-494e-95da-2a3cd65c296f/datanode-2/data/ratis/5c56ae86-f09e-405d-acdb-bf1877e1495c for RaftStorage:Storage Directory /workdir/hadoop-ozone/integration-test/target/test-dir/MiniOzoneClusterImpl-a25a262c-8f45-494e-95da-2a3cd65c296f/datanode-2/data/ratis/5c56ae86-f09e-405d-acdb-bf1877e1495c
2019-09-05 19:14:39,995 [pool-609-thread-1] INFO  server.RaftServerConfigKeys (ConfUtils.java:logGet(43)) - raft.server.log.queue.byte-limit = 2147483647 (custom)
2019-09-05 19:14:39,995 [pool-609-thread-1] INFO  server.RaftServerConfigKeys (ConfUtils.java:logGet(43)) - raft.server.log.queue.element-limit = 1024 (custom)
2019-09-05 19:14:39,995 [pool-609-thread-1] INFO  server.RaftServerConfigKeys (ConfUtils.java:logGet(43)) - raft.server.log.segment.size.max = 1048576 (custom)
2019-09-05 19:14:39,995 [pool-609-thread-1] INFO  server.RaftServerConfigKeys (ConfUtils.java:logGet(43)) - raft.server.log.preallocated.size = 16384 (custom)
2019-09-05 19:14:39,995 [pool-609-thread-1] INFO  server.RaftServerConfigKeys (ConfUtils.java:logGet(43)) - raft.server.log.write.buffer.size = 33554432 (custom)
2019-09-05 19:14:39,995 [pool-609-thread-1] INFO  server.RaftServerConfigKeys (ConfUtils.java:logGet(43)) - raft.server.log.force.sync.num = 128 (default)
2019-09-05 19:14:39,995 [pool-609-thread-1] INFO  server.RaftServerConfigKeys (ConfUtils.java:logGet(43)) - raft.server.log.statemachine.data.sync = true (default)
2019-09-05 19:14:39,995 [pool-609-thread-1] INFO  server.RaftServerConfigKeys (ConfUtils.java:logGet(43)) - raft.server.log.statemachine.data.sync.timeout = 10s (default)
2019-09-05 19:14:39,996 [pool-609-thread-1] INFO  server.RaftServerConfigKeys (ConfUtils.java:logGet(43)) - raft.server.log.statemachine.data.sync.timeout.retry = -1 (default)
2019-09-05 19:14:39,996 [pool-609-thread-1] INFO  server.RaftServerConfigKeys (ConfUtils.java:logGet(43)) - raft.server.log.statemachine.data.caching.enabled = true (custom)
2019-09-05 19:14:39,996 [pool-609-thread-1] INFO  segmented.SegmentedRaftLogWorker (SegmentedRaftLogWorker.java:lambda$new$0(132)) - bc285176-9d9b-4fac-8659-fbfd5417a358-SegmentedRaftLogWorker:Storage Directory /workdir/hadoop-ozone/integration-test/target/test-dir/MiniOzoneClusterImpl-a25a262c-8f45-494e-95da-2a3cd65c296f/datanode-2/data/ratis/5c56ae86-f09e-405d-acdb-bf1877e1495c: flushIndex: setUnconditionally 0 -> -1
2019-09-05 19:14:39,996 [pool-609-thread-1] INFO  server.RaftServerConfigKeys (ConfUtils.java:logGet(43)) - raft.server.snapshot.auto.trigger.enabled = true (custom)
2019-09-05 19:14:39,997 [pool-609-thread-1] INFO  server.RaftServerConfigKeys (ConfUtils.java:logGet(43)) - raft.server.snapshot.auto.trigger.threshold = 10000 (custom)
2019-09-05 19:14:39,997 [pool-609-thread-1] INFO  server.RaftServerConfigKeys (ConfUtils.java:logGet(43)) - raft.server.retrycache.expirytime = 600000ms (custom)
2019-09-05 19:14:39,997 [pool-609-thread-1] INFO  impl.RaftServerImpl (RaftServerImpl.java:start(180)) - bc285176-9d9b-4fac-8659-fbfd5417a358: start group-BF1877E1495C
2019-09-05 19:14:39,997 [pool-609-thread-1] INFO  impl.RaftServerImpl (RaftServerImpl.java:setRole(171)) - bc285176-9d9b-4fac-8659-fbfd5417a358:group-BF1877E1495C changes role from null to FOLLOWER at term 0 for startAsFollower
2019-09-05 19:14:39,997 [pool-609-thread-1] INFO  impl.RoleInfo (RoleInfo.java:updateAndGet(143)) - bc285176-9d9b-4fac-8659-fbfd5417a358: start FollowerState
2019-09-05 19:14:39,997 [pool-609-thread-1] INFO  util.JmxRegister (JmxRegister.java:tryRegister(44)) - Successfully registered JMX Bean with object name Ratis:service=RaftServer,group=group-BF1877E1495C,id=bc285176-9d9b-4fac-8659-fbfd5417a358
2019-09-05 19:14:39,999 [RatisPipelineUtilsThread] INFO  pipeline.PipelineStateManager (PipelineStateManager.java:addPipeline(56)) - Created pipeline Pipeline[ Id: 5c56ae86-f09e-405d-acdb-bf1877e1495c, Nodes: bc285176-9d9b-4fac-8659-fbfd5417a358{ip: 192.168.34.27, host: pr-hdds-2015-5mx5w-4127483329, networkLocation: /default-rack, certSerialId: null}, Type:RATIS, Factor:ONE, State:OPEN]
2019-09-05 19:14:40,019 [grpc-default-executor-14] INFO  impl.RaftServerProxy (RaftServerProxy.java:addNew(89)) - 1ab43c44-0f65-4622-9835-adc63e393ac8: addNew group-44A28433BC03:[bc285176-9d9b-4fac-8659-fbfd5417a358:192.168.34.27:36477, 7acf8a2f-cb7a-4f1b-96ec-46e1b885d205:192.168.34.27:46225, 1ab43c44-0f65-4622-9835-adc63e393ac8:192.168.34.27:40799] returns group-44A28433BC03:java.util.concurrent.CompletableFuture@1b318be[Not completed]
2019-09-05 19:14:40,019 [grpc-default-executor-12] INFO  impl.RaftServerProxy (RaftServerProxy.java:addNew(89)) - bc285176-9d9b-4fac-8659-fbfd5417a358: addNew group-44A28433BC03:[bc285176-9d9b-4fac-8659-fbfd5417a358:192.168.34.27:36477, 7acf8a2f-cb7a-4f1b-96ec-46e1b885d205:192.168.34.27:46225, 1ab43c44-0f65-4622-9835-adc63e393ac8:192.168.34.27:40799] returns group-44A28433BC03:java.util.concurrent.CompletableFuture@fe1f4f[Not completed]
2019-09-05 19:14:40,019 [grpc-default-executor-0] INFO  impl.RaftServerProxy (RaftServerProxy.java:addNew(89)) - 7acf8a2f-cb7a-4f1b-96ec-46e1b885d205: addNew group-44A28433BC03:[bc285176-9d9b-4fac-8659-fbfd5417a358:192.168.34.27:36477, 7acf8a2f-cb7a-4f1b-96ec-46e1b885d205:192.168.34.27:46225, 1ab43c44-0f65-4622-9835-adc63e393ac8:192.168.34.27:40799] returns group-44A28433BC03:java.util.concurrent.CompletableFuture@54acf8ba[Not completed]
2019-09-05 19:14:40,020 [pool-589-thread-1] INFO  impl.RaftServerImpl (RaftServerImpl.java:<init>(93)) - 7acf8a2f-cb7a-4f1b-96ec-46e1b885d205: new RaftServerImpl for group-44A28433BC03:[bc285176-9d9b-4fac-8659-fbfd5417a358:192.168.34.27:36477, 7acf8a2f-cb7a-4f1b-96ec-46e1b885d205:192.168.34.27:46225, 1ab43c44-0f65-4622-9835-adc63e393ac8:192.168.34.27:40799] with ContainerStateMachine:uninitialized
2019-09-05 19:14:40,020 [pool-589-thread-1] INFO  server.RaftServerConfigKeys (ConfUtils.java:logGet(43)) - raft.server.rpc.timeout.min = 5s (custom)
2019-09-05 19:14:40,020 [pool-589-thread-1] INFO  server.RaftServerConfigKeys (ConfUtils.java:logGet(43)) - raft.server.rpc.timeout.max = 5200ms (custom)
2019-09-05 19:14:40,020 [pool-589-thread-1] INFO  server.RaftServerConfigKeys (ConfUtils.java:logGet(43)) - raft.server.rpcslowness.timeout = 120s (custom)
2019-09-05 19:14:40,020 [pool-589-thread-1] INFO  server.RaftServerConfigKeys (ConfUtils.java:logGet(43)) - raft.server.sleep.deviation.threshold = 300 (default)
2019-09-05 19:14:40,020 [pool-589-thread-1] INFO  server.RaftServerConfigKeys (ConfUtils.java:logGet(43)) - raft.server.log.appender.install.snapshot.enabled = false (custom)
2019-09-05 19:14:40,020 [pool-589-thread-1] INFO  impl.RaftServerImpl (ServerState.java:<init>(105)) - 7acf8a2f-cb7a-4f1b-96ec-46e1b885d205:group-44A28433BC03 ConfigurationManager, init=-1: [bc285176-9d9b-4fac-8659-fbfd5417a358:192.168.34.27:36477, 7acf8a2f-cb7a-4f1b-96ec-46e1b885d205:192.168.34.27:46225, 1ab43c44-0f65-4622-9835-adc63e393ac8:192.168.34.27:40799], old=null, confs=<EMPTY_MAP>
2019-09-05 19:14:40,021 [pool-589-thread-1] INFO  server.RaftServerConfigKeys (ConfUtils.java:logGet(43)) - raft.server.storage.dir = [/workdir/hadoop-ozone/integration-test/target/test-dir/MiniOzoneClusterImpl-a25a262c-8f45-494e-95da-2a3cd65c296f/datanode-0/data/ratis] (custom)
2019-09-05 19:14:40,021 [pool-609-thread-1] INFO  impl.RaftServerImpl (RaftServerImpl.java:<init>(93)) - bc285176-9d9b-4fac-8659-fbfd5417a358: new RaftServerImpl for group-44A28433BC03:[bc285176-9d9b-4fac-8659-fbfd5417a358:192.168.34.27:36477, 7acf8a2f-cb7a-4f1b-96ec-46e1b885d205:192.168.34.27:46225, 1ab43c44-0f65-4622-9835-adc63e393ac8:192.168.34.27:40799] with ContainerStateMachine:uninitialized
2019-09-05 19:14:40,021 [pool-599-thread-1] INFO  impl.RaftServerImpl (RaftServerImpl.java:<init>(93)) - 1ab43c44-0f65-4622-9835-adc63e393ac8: new RaftServerImpl for group-44A28433BC03:[bc285176-9d9b-4fac-8659-fbfd5417a358:192.168.34.27:36477, 7acf8a2f-cb7a-4f1b-96ec-46e1b885d205:192.168.34.27:46225, 1ab43c44-0f65-4622-9835-adc63e393ac8:192.168.34.27:40799] with ContainerStateMachine:uninitialized
2019-09-05 19:14:40,021 [pool-589-thread-1] INFO  storage.RaftStorageDirectory (RaftStorageDirectory.java:analyzeStorage(246)) - The storage directory /workdir/hadoop-ozone/integration-test/target/test-dir/MiniOzoneClusterImpl-a25a262c-8f45-494e-95da-2a3cd65c296f/datanode-0/data/ratis/a7d4c1ec-9fa8-423b-8b88-44a28433bc03 does not exist. Creating ...
2019-09-05 19:14:40,021 [pool-609-thread-1] INFO  server.RaftServerConfigKeys (ConfUtils.java:logGet(43)) - raft.server.rpc.timeout.min = 5s (custom)
2019-09-05 19:14:40,021 [pool-599-thread-1] INFO  server.RaftServerConfigKeys (ConfUtils.java:logGet(43)) - raft.server.rpc.timeout.min = 5s (custom)
2019-09-05 19:14:40,021 [pool-609-thread-1] INFO  server.RaftServerConfigKeys (ConfUtils.java:logGet(43)) - raft.server.rpc.timeout.max = 5200ms (custom)
2019-09-05 19:14:40,021 [pool-599-thread-1] INFO  server.RaftServerConfigKeys (ConfUtils.java:logGet(43)) - raft.server.rpc.timeout.max = 5200ms (custom)
2019-09-05 19:14:40,021 [pool-609-thread-1] INFO  server.RaftServerConfigKeys (ConfUtils.java:logGet(43)) - raft.server.rpcslowness.timeout = 120s (custom)
2019-09-05 19:14:40,021 [pool-599-thread-1] INFO  server.RaftServerConfigKeys (ConfUtils.java:logGet(43)) - raft.server.rpcslowness.timeout = 120s (custom)
2019-09-05 19:14:40,022 [pool-609-thread-1] INFO  server.RaftServerConfigKeys (ConfUtils.java:logGet(43)) - raft.server.sleep.deviation.threshold = 300 (default)
2019-09-05 19:14:40,022 [pool-599-thread-1] INFO  server.RaftServerConfigKeys (ConfUtils.java:logGet(43)) - raft.server.sleep.deviation.threshold = 300 (default)
2019-09-05 19:14:40,022 [pool-609-thread-1] INFO  server.RaftServerConfigKeys (ConfUtils.java:logGet(43)) - raft.server.log.appender.install.snapshot.enabled = false (custom)
2019-09-05 19:14:40,022 [pool-599-thread-1] INFO  server.RaftServerConfigKeys (ConfUtils.java:logGet(43)) - raft.server.log.appender.install.snapshot.enabled = false (custom)
2019-09-05 19:14:40,022 [pool-609-thread-1] INFO  impl.RaftServerImpl (ServerState.java:<init>(105)) - bc285176-9d9b-4fac-8659-fbfd5417a358:group-44A28433BC03 ConfigurationManager, init=-1: [bc285176-9d9b-4fac-8659-fbfd5417a358:192.168.34.27:36477, 7acf8a2f-cb7a-4f1b-96ec-46e1b885d205:192.168.34.27:46225, 1ab43c44-0f65-4622-9835-adc63e393ac8:192.168.34.27:40799], old=null, confs=<EMPTY_MAP>
2019-09-05 19:14:40,022 [pool-599-thread-1] INFO  impl.RaftServerImpl (ServerState.java:<init>(105)) - 1ab43c44-0f65-4622-9835-adc63e393ac8:group-44A28433BC03 ConfigurationManager, init=-1: [bc285176-9d9b-4fac-8659-fbfd5417a358:192.168.34.27:36477, 7acf8a2f-cb7a-4f1b-96ec-46e1b885d205:192.168.34.27:46225, 1ab43c44-0f65-4622-9835-adc63e393ac8:192.168.34.27:40799], old=null, confs=<EMPTY_MAP>
2019-09-05 19:14:40,022 [pool-609-thread-1] INFO  server.RaftServerConfigKeys (ConfUtils.java:logGet(43)) - raft.server.storage.dir = [/workdir/hadoop-ozone/integration-test/target/test-dir/MiniOzoneClusterImpl-a25a262c-8f45-494e-95da-2a3cd65c296f/datanode-2/data/ratis] (custom)
2019-09-05 19:14:40,022 [pool-599-thread-1] INFO  server.RaftServerConfigKeys (ConfUtils.java:logGet(43)) - raft.server.storage.dir = [/workdir/hadoop-ozone/integration-test/target/test-dir/MiniOzoneClusterImpl-a25a262c-8f45-494e-95da-2a3cd65c296f/datanode-1/data/ratis] (custom)
2019-09-05 19:14:40,023 [pool-599-thread-1] INFO  storage.RaftStorageDirectory (RaftStorageDirectory.java:analyzeStorage(246)) - The storage directory /workdir/hadoop-ozone/integration-test/target/test-dir/MiniOzoneClusterImpl-a25a262c-8f45-494e-95da-2a3cd65c296f/datanode-1/data/ratis/a7d4c1ec-9fa8-423b-8b88-44a28433bc03 does not exist. Creating ...
2019-09-05 19:14:40,023 [pool-609-thread-1] INFO  storage.RaftStorageDirectory (RaftStorageDirectory.java:analyzeStorage(246)) - The storage directory /workdir/hadoop-ozone/integration-test/target/test-dir/MiniOzoneClusterImpl-a25a262c-8f45-494e-95da-2a3cd65c296f/datanode-2/data/ratis/a7d4c1ec-9fa8-423b-8b88-44a28433bc03 does not exist. Creating ...
2019-09-05 19:14:40,034 [IPC Server handler 0 on 38729] INFO  net.NetworkTopology (NetworkTopologyImpl.java:add(110)) - Added a new node: /default-rack/a9e96699-88a7-4abe-af5a-628e24b5bf3e
2019-09-05 19:14:40,035 [IPC Server handler 0 on 38729] INFO  node.SCMNodeManager (SCMNodeManager.java:register(266)) - Registered Data node : a9e96699-88a7-4abe-af5a-628e24b5bf3e{ip: 192.168.34.27, host: pr-hdds-2015-5mx5w-4127483329, networkLocation: /default-rack, certSerialId: null}
2019-09-05 19:14:40,035 [pool-589-thread-1] INFO  storage.RaftStorageDirectory (RaftStorageDirectory.java:tryLock(328)) - Lock on /workdir/hadoop-ozone/integration-test/target/test-dir/MiniOzoneClusterImpl-a25a262c-8f45-494e-95da-2a3cd65c296f/datanode-0/data/ratis/a7d4c1ec-9fa8-423b-8b88-44a28433bc03/in_use.lock acquired by nodename 2584@pr-hdds-2015-5mx5w-4127483329
2019-09-05 19:14:40,035 [pool-599-thread-1] INFO  storage.RaftStorageDirectory (RaftStorageDirectory.java:tryLock(328)) - Lock on /workdir/hadoop-ozone/integration-test/target/test-dir/MiniOzoneClusterImpl-a25a262c-8f45-494e-95da-2a3cd65c296f/datanode-1/data/ratis/a7d4c1ec-9fa8-423b-8b88-44a28433bc03/in_use.lock acquired by nodename 2584@pr-hdds-2015-5mx5w-4127483329
2019-09-05 19:14:40,035 [pool-609-thread-1] INFO  storage.RaftStorageDirectory (RaftStorageDirectory.java:tryLock(328)) - Lock on /workdir/hadoop-ozone/integration-test/target/test-dir/MiniOzoneClusterImpl-a25a262c-8f45-494e-95da-2a3cd65c296f/datanode-2/data/ratis/a7d4c1ec-9fa8-423b-8b88-44a28433bc03/in_use.lock acquired by nodename 2584@pr-hdds-2015-5mx5w-4127483329
2019-09-05 19:14:40,049 [pool-599-thread-1] INFO  storage.RaftStorage (RaftStorage.java:format(72)) - Storage directory /workdir/hadoop-ozone/integration-test/target/test-dir/MiniOzoneClusterImpl-a25a262c-8f45-494e-95da-2a3cd65c296f/datanode-1/data/ratis/a7d4c1ec-9fa8-423b-8b88-44a28433bc03 has been successfully formatted.
2019-09-05 19:14:40,049 [pool-609-thread-1] INFO  storage.RaftStorage (RaftStorage.java:format(72)) - Storage directory /workdir/hadoop-ozone/integration-test/target/test-dir/MiniOzoneClusterImpl-a25a262c-8f45-494e-95da-2a3cd65c296f/datanode-2/data/ratis/a7d4c1ec-9fa8-423b-8b88-44a28433bc03 has been successfully formatted.
2019-09-05 19:14:40,049 [pool-589-thread-1] INFO  storage.RaftStorage (RaftStorage.java:format(72)) - Storage directory /workdir/hadoop-ozone/integration-test/target/test-dir/MiniOzoneClusterImpl-a25a262c-8f45-494e-95da-2a3cd65c296f/datanode-0/data/ratis/a7d4c1ec-9fa8-423b-8b88-44a28433bc03 has been successfully formatted.
2019-09-05 19:14:40,050 [pool-609-thread-1] INFO  ratis.ContainerStateMachine (ContainerStateMachine.java:loadSnapshot(227)) - group-44A28433BC03: The snapshot info is null. Setting the last applied indexto:(t:0, i:~)
2019-09-05 19:14:40,050 [pool-599-thread-1] INFO  ratis.ContainerStateMachine (ContainerStateMachine.java:loadSnapshot(227)) - group-44A28433BC03: The snapshot info is null. Setting the last applied indexto:(t:0, i:~)
2019-09-05 19:14:40,050 [pool-609-thread-1] INFO  server.RaftServerConfigKeys (ConfUtils.java:logGet(43)) - raft.server.leader.election.timeout = 120s (custom)
2019-09-05 19:14:40,050 [pool-589-thread-1] INFO  ratis.ContainerStateMachine (ContainerStateMachine.java:loadSnapshot(227)) - group-44A28433BC03: The snapshot info is null. Setting the last applied indexto:(t:0, i:~)
2019-09-05 19:14:40,050 [pool-609-thread-1] INFO  server.RaftServerConfigKeys (ConfUtils.java:logGet(43)) - raft.server.log.use.memory = false (default)
2019-09-05 19:14:40,050 [pool-599-thread-1] INFO  server.RaftServerConfigKeys (ConfUtils.java:logGet(43)) - raft.server.leader.election.timeout = 120s (custom)
2019-09-05 19:14:40,050 [pool-609-thread-1] INFO  server.RaftServerConfigKeys (ConfUtils.java:logGet(43)) - raft.server.log.purge.gap = 1000000 (custom)
2019-09-05 19:14:40,050 [pool-589-thread-1] INFO  server.RaftServerConfigKeys (ConfUtils.java:logGet(43)) - raft.server.leader.election.timeout = 120s (custom)
2019-09-05 19:14:40,051 [pool-609-thread-1] INFO  server.RaftServerConfigKeys (ConfUtils.java:logGet(43)) - raft.server.log.appender.buffer.byte-limit = 33554432 (custom)
2019-09-05 19:14:40,051 [pool-599-thread-1] INFO  server.RaftServerConfigKeys (ConfUtils.java:logGet(43)) - raft.server.log.use.memory = false (default)
2019-09-05 19:14:40,051 [pool-609-thread-1] INFO  server.RaftServerConfigKeys (ConfUtils.java:logGet(43)) - raft.server.log.segment.size.max = 1048576 (custom)
2019-09-05 19:14:40,051 [pool-589-thread-1] INFO  server.RaftServerConfigKeys (ConfUtils.java:logGet(43)) - raft.server.log.use.memory = false (default)
2019-09-05 19:14:40,051 [pool-609-thread-1] INFO  server.RaftServerConfigKeys (ConfUtils.java:logGet(43)) - raft.server.log.segment.cache.num.max = 2 (custom)
2019-09-05 19:14:40,051 [pool-599-thread-1] INFO  server.RaftServerConfigKeys (ConfUtils.java:logGet(43)) - raft.server.log.purge.gap = 1000000 (custom)
2019-09-05 19:14:40,051 [pool-609-thread-1] INFO  segmented.SegmentedRaftLogWorker (SegmentedRaftLogWorker.java:<init>(172)) - new bc285176-9d9b-4fac-8659-fbfd5417a358-SegmentedRaftLogWorker:Storage Directory /workdir/hadoop-ozone/integration-test/target/test-dir/MiniOzoneClusterImpl-a25a262c-8f45-494e-95da-2a3cd65c296f/datanode-2/data/ratis/a7d4c1ec-9fa8-423b-8b88-44a28433bc03 for RaftStorage:Storage Directory /workdir/hadoop-ozone/integration-test/target/test-dir/MiniOzoneClusterImpl-a25a262c-8f45-494e-95da-2a3cd65c296f/datanode-2/data/ratis/a7d4c1ec-9fa8-423b-8b88-44a28433bc03
2019-09-05 19:14:40,051 [pool-589-thread-1] INFO  server.RaftServerConfigKeys (ConfUtils.java:logGet(43)) - raft.server.log.purge.gap = 1000000 (custom)
2019-09-05 19:14:40,052 [pool-609-thread-1] INFO  server.RaftServerConfigKeys (ConfUtils.java:logGet(43)) - raft.server.log.queue.byte-limit = 2147483647 (custom)
2019-09-05 19:14:40,052 [pool-599-thread-1] INFO  server.RaftServerConfigKeys (ConfUtils.java:logGet(43)) - raft.server.log.appender.buffer.byte-limit = 33554432 (custom)
2019-09-05 19:14:40,052 [pool-609-thread-1] INFO  server.RaftServerConfigKeys (ConfUtils.java:logGet(43)) - raft.server.log.queue.element-limit = 1024 (custom)
2019-09-05 19:14:40,052 [pool-589-thread-1] INFO  server.RaftServerConfigKeys (ConfUtils.java:logGet(43)) - raft.server.log.appender.buffer.byte-limit = 33554432 (custom)
2019-09-05 19:14:40,052 [pool-609-thread-1] INFO  server.RaftServerConfigKeys (ConfUtils.java:logGet(43)) - raft.server.log.segment.size.max = 1048576 (custom)
2019-09-05 19:14:40,052 [pool-599-thread-1] INFO  server.RaftServerConfigKeys (ConfUtils.java:logGet(43)) - raft.server.log.segment.size.max = 1048576 (custom)
2019-09-05 19:14:40,053 [pool-609-thread-1] INFO  server.RaftServerConfigKeys (ConfUtils.java:logGet(43)) - raft.server.log.preallocated.size = 16384 (custom)
2019-09-05 19:14:40,053 [pool-609-thread-1] INFO  server.RaftServerConfigKeys (ConfUtils.java:logGet(43)) - raft.server.log.write.buffer.size = 33554432 (custom)
2019-09-05 19:14:40,052 [pool-589-thread-1] INFO  server.RaftServerConfigKeys (ConfUtils.java:logGet(43)) - raft.server.log.segment.size.max = 1048576 (custom)
2019-09-05 19:14:40,053 [pool-609-thread-1] INFO  server.RaftServerConfigKeys (ConfUtils.java:logGet(43)) - raft.server.log.force.sync.num = 128 (default)
2019-09-05 19:14:40,053 [pool-599-thread-1] INFO  server.RaftServerConfigKeys (ConfUtils.java:logGet(43)) - raft.server.log.segment.cache.num.max = 2 (custom)
2019-09-05 19:14:40,053 [pool-609-thread-1] INFO  server.RaftServerConfigKeys (ConfUtils.java:logGet(43)) - raft.server.log.statemachine.data.sync = true (default)
2019-09-05 19:14:40,053 [pool-589-thread-1] INFO  server.RaftServerConfigKeys (ConfUtils.java:logGet(43)) - raft.server.log.segment.cache.num.max = 2 (custom)
2019-09-05 19:14:40,053 [pool-609-thread-1] INFO  server.RaftServerConfigKeys (ConfUtils.java:logGet(43)) - raft.server.log.statemachine.data.sync.timeout = 10s (default)
2019-09-05 19:14:40,053 [pool-599-thread-1] INFO  segmented.SegmentedRaftLogWorker (SegmentedRaftLogWorker.java:<init>(172)) - new 1ab43c44-0f65-4622-9835-adc63e393ac8-SegmentedRaftLogWorker:Storage Directory /workdir/hadoop-ozone/integration-test/target/test-dir/MiniOzoneClusterImpl-a25a262c-8f45-494e-95da-2a3cd65c296f/datanode-1/data/ratis/a7d4c1ec-9fa8-423b-8b88-44a28433bc03 for RaftStorage:Storage Directory /workdir/hadoop-ozone/integration-test/target/test-dir/MiniOzoneClusterImpl-a25a262c-8f45-494e-95da-2a3cd65c296f/datanode-1/data/ratis/a7d4c1ec-9fa8-423b-8b88-44a28433bc03
2019-09-05 19:14:40,054 [pool-609-thread-1] INFO  server.RaftServerConfigKeys (ConfUtils.java:logGet(43)) - raft.server.log.statemachine.data.sync.timeout.retry = -1 (default)
2019-09-05 19:14:40,054 [pool-589-thread-1] INFO  segmented.SegmentedRaftLogWorker (SegmentedRaftLogWorker.java:<init>(172)) - new 7acf8a2f-cb7a-4f1b-96ec-46e1b885d205-SegmentedRaftLogWorker:Storage Directory /workdir/hadoop-ozone/integration-test/target/test-dir/MiniOzoneClusterImpl-a25a262c-8f45-494e-95da-2a3cd65c296f/datanode-0/data/ratis/a7d4c1ec-9fa8-423b-8b88-44a28433bc03 for RaftStorage:Storage Directory /workdir/hadoop-ozone/integration-test/target/test-dir/MiniOzoneClusterImpl-a25a262c-8f45-494e-95da-2a3cd65c296f/datanode-0/data/ratis/a7d4c1ec-9fa8-423b-8b88-44a28433bc03
2019-09-05 19:14:40,054 [pool-609-thread-1] INFO  server.RaftServerConfigKeys (ConfUtils.java:logGet(43)) - raft.server.log.statemachine.data.caching.enabled = true (custom)
2019-09-05 19:14:40,054 [pool-599-thread-1] INFO  server.RaftServerConfigKeys (ConfUtils.java:logGet(43)) - raft.server.log.queue.byte-limit = 2147483647 (custom)
2019-09-05 19:14:40,054 [pool-589-thread-1] INFO  server.RaftServerConfigKeys (ConfUtils.java:logGet(43)) - raft.server.log.queue.byte-limit = 2147483647 (custom)
2019-09-05 19:14:40,054 [pool-599-thread-1] INFO  server.RaftServerConfigKeys (ConfUtils.java:logGet(43)) - raft.server.log.queue.element-limit = 1024 (custom)
2019-09-05 19:14:40,054 [pool-609-thread-1] INFO  segmented.SegmentedRaftLogWorker (SegmentedRaftLogWorker.java:lambda$new$0(132)) - bc285176-9d9b-4fac-8659-fbfd5417a358-SegmentedRaftLogWorker:Storage Directory /workdir/hadoop-ozone/integration-test/target/test-dir/MiniOzoneClusterImpl-a25a262c-8f45-494e-95da-2a3cd65c296f/datanode-2/data/ratis/a7d4c1ec-9fa8-423b-8b88-44a28433bc03: flushIndex: setUnconditionally 0 -> -1
2019-09-05 19:14:40,054 [pool-589-thread-1] INFO  server.RaftServerConfigKeys (ConfUtils.java:logGet(43)) - raft.server.log.queue.element-limit = 1024 (custom)
2019-09-05 19:14:40,055 [pool-599-thread-1] INFO  server.RaftServerConfigKeys (ConfUtils.java:logGet(43)) - raft.server.log.segment.size.max = 1048576 (custom)
2019-09-05 19:14:40,055 [pool-589-thread-1] INFO  server.RaftServerConfigKeys (ConfUtils.java:logGet(43)) - raft.server.log.segment.size.max = 1048576 (custom)
2019-09-05 19:14:40,055 [pool-609-thread-1] INFO  server.RaftServerConfigKeys (ConfUtils.java:logGet(43)) - raft.server.snapshot.auto.trigger.enabled = true (custom)
2019-09-05 19:14:40,055 [pool-599-thread-1] INFO  server.RaftServerConfigKeys (ConfUtils.java:logGet(43)) - raft.server.log.preallocated.size = 16384 (custom)
2019-09-05 19:14:40,055 [pool-609-thread-1] INFO  server.RaftServerConfigKeys (ConfUtils.java:logGet(43)) - raft.server.snapshot.auto.trigger.threshold = 10000 (custom)
2019-09-05 19:14:40,055 [pool-589-thread-1] INFO  server.RaftServerConfigKeys (ConfUtils.java:logGet(43)) - raft.server.log.preallocated.size = 16384 (custom)
2019-09-05 19:14:40,055 [pool-609-thread-1] INFO  server.RaftServerConfigKeys (ConfUtils.java:logGet(43)) - raft.server.retrycache.expirytime = 600000ms (custom)
2019-09-05 19:14:40,055 [pool-599-thread-1] INFO  server.RaftServerConfigKeys (ConfUtils.java:logGet(43)) - raft.server.log.write.buffer.size = 33554432 (custom)
2019-09-05 19:14:40,055 [pool-589-thread-1] INFO  server.RaftServerConfigKeys (ConfUtils.java:logGet(43)) - raft.server.log.write.buffer.size = 33554432 (custom)
2019-09-05 19:14:40,056 [pool-609-thread-1] INFO  impl.RaftServerImpl (RaftServerImpl.java:start(180)) - bc285176-9d9b-4fac-8659-fbfd5417a358: start group-44A28433BC03
2019-09-05 19:14:40,056 [pool-599-thread-1] INFO  server.RaftServerConfigKeys (ConfUtils.java:logGet(43)) - raft.server.log.force.sync.num = 128 (default)
2019-09-05 19:14:40,056 [pool-609-thread-1] INFO  impl.RaftServerImpl (RaftServerImpl.java:setRole(171)) - bc285176-9d9b-4fac-8659-fbfd5417a358:group-44A28433BC03 changes role from null to FOLLOWER at term 0 for startAsFollower
2019-09-05 19:14:40,056 [pool-589-thread-1] INFO  server.RaftServerConfigKeys (ConfUtils.java:logGet(43)) - raft.server.log.force.sync.num = 128 (default)
2019-09-05 19:14:40,056 [pool-609-thread-1] INFO  impl.RoleInfo (RoleInfo.java:updateAndGet(143)) - bc285176-9d9b-4fac-8659-fbfd5417a358: start FollowerState
2019-09-05 19:14:40,056 [pool-599-thread-1] INFO  server.RaftServerConfigKeys (ConfUtils.java:logGet(43)) - raft.server.log.statemachine.data.sync = true (default)
2019-09-05 19:14:40,056 [pool-589-thread-1] INFO  server.RaftServerConfigKeys (ConfUtils.java:logGet(43)) - raft.server.log.statemachine.data.sync = true (default)
2019-09-05 19:14:40,057 [pool-599-thread-1] INFO  server.RaftServerConfigKeys (ConfUtils.java:logGet(43)) - raft.server.log.statemachine.data.sync.timeout = 10s (default)
2019-09-05 19:14:40,057 [pool-609-thread-1] INFO  util.JmxRegister (JmxRegister.java:tryRegister(44)) - Successfully registered JMX Bean with object name Ratis:service=RaftServer,group=group-44A28433BC03,id=bc285176-9d9b-4fac-8659-fbfd5417a358
2019-09-05 19:14:40,057 [pool-589-thread-1] INFO  server.RaftServerConfigKeys (ConfUtils.java:logGet(43)) - raft.server.log.statemachine.data.sync.timeout = 10s (default)
2019-09-05 19:14:40,057 [pool-589-thread-1] INFO  server.RaftServerConfigKeys (ConfUtils.java:logGet(43)) - raft.server.log.statemachine.data.sync.timeout.retry = -1 (default)
2019-09-05 19:14:40,057 [pool-599-thread-1] INFO  server.RaftServerConfigKeys (ConfUtils.java:logGet(43)) - raft.server.log.statemachine.data.sync.timeout.retry = -1 (default)
2019-09-05 19:14:40,057 [pool-589-thread-1] INFO  server.RaftServerConfigKeys (ConfUtils.java:logGet(43)) - raft.server.log.statemachine.data.caching.enabled = true (custom)
2019-09-05 19:14:40,057 [pool-599-thread-1] INFO  server.RaftServerConfigKeys (ConfUtils.java:logGet(43)) - raft.server.log.statemachine.data.caching.enabled = true (custom)
2019-09-05 19:14:40,057 [pool-589-thread-1] INFO  segmented.SegmentedRaftLogWorker (SegmentedRaftLogWorker.java:lambda$new$0(132)) - 7acf8a2f-cb7a-4f1b-96ec-46e1b885d205-SegmentedRaftLogWorker:Storage Directory /workdir/hadoop-ozone/integration-test/target/test-dir/MiniOzoneClusterImpl-a25a262c-8f45-494e-95da-2a3cd65c296f/datanode-0/data/ratis/a7d4c1ec-9fa8-423b-8b88-44a28433bc03: flushIndex: setUnconditionally 0 -> -1
2019-09-05 19:14:40,058 [pool-599-thread-1] INFO  segmented.SegmentedRaftLogWorker (SegmentedRaftLogWorker.java:lambda$new$0(132)) - 1ab43c44-0f65-4622-9835-adc63e393ac8-SegmentedRaftLogWorker:Storage Directory /workdir/hadoop-ozone/integration-test/target/test-dir/MiniOzoneClusterImpl-a25a262c-8f45-494e-95da-2a3cd65c296f/datanode-1/data/ratis/a7d4c1ec-9fa8-423b-8b88-44a28433bc03: flushIndex: setUnconditionally 0 -> -1
2019-09-05 19:14:40,058 [pool-589-thread-1] INFO  server.RaftServerConfigKeys (ConfUtils.java:logGet(43)) - raft.server.snapshot.auto.trigger.enabled = true (custom)
2019-09-05 19:14:40,058 [pool-589-thread-1] INFO  server.RaftServerConfigKeys (ConfUtils.java:logGet(43)) - raft.server.snapshot.auto.trigger.threshold = 10000 (custom)
2019-09-05 19:14:40,058 [pool-599-thread-1] INFO  server.RaftServerConfigKeys (ConfUtils.java:logGet(43)) - raft.server.snapshot.auto.trigger.enabled = true (custom)
2019-09-05 19:14:40,058 [pool-589-thread-1] INFO  server.RaftServerConfigKeys (ConfUtils.java:logGet(43)) - raft.server.retrycache.expirytime = 600000ms (custom)
2019-09-05 19:14:40,058 [pool-599-thread-1] INFO  server.RaftServerConfigKeys (ConfUtils.java:logGet(43)) - raft.server.snapshot.auto.trigger.threshold = 10000 (custom)
2019-09-05 19:14:40,058 [pool-589-thread-1] INFO  impl.RaftServerImpl (RaftServerImpl.java:start(180)) - 7acf8a2f-cb7a-4f1b-96ec-46e1b885d205: start group-44A28433BC03
2019-09-05 19:14:40,058 [pool-599-thread-1] INFO  server.RaftServerConfigKeys (ConfUtils.java:logGet(43)) - raft.server.retrycache.expirytime = 600000ms (custom)
2019-09-05 19:14:40,058 [pool-589-thread-1] INFO  impl.RaftServerImpl (RaftServerImpl.java:setRole(171)) - 7acf8a2f-cb7a-4f1b-96ec-46e1b885d205:group-44A28433BC03 changes role from null to FOLLOWER at term 0 for startAsFollower
2019-09-05 19:14:40,058 [pool-599-thread-1] INFO  impl.RaftServerImpl (RaftServerImpl.java:start(180)) - 1ab43c44-0f65-4622-9835-adc63e393ac8: start group-44A28433BC03
2019-09-05 19:14:40,058 [pool-589-thread-1] INFO  impl.RoleInfo (RoleInfo.java:updateAndGet(143)) - 7acf8a2f-cb7a-4f1b-96ec-46e1b885d205: start FollowerState
2019-09-05 19:14:40,058 [pool-599-thread-1] INFO  impl.RaftServerImpl (RaftServerImpl.java:setRole(171)) - 1ab43c44-0f65-4622-9835-adc63e393ac8:group-44A28433BC03 changes role from null to FOLLOWER at term 0 for startAsFollower
2019-09-05 19:14:40,059 [pool-599-thread-1] INFO  impl.RoleInfo (RoleInfo.java:updateAndGet(143)) - 1ab43c44-0f65-4622-9835-adc63e393ac8: start FollowerState
2019-09-05 19:14:40,059 [pool-589-thread-1] INFO  util.JmxRegister (JmxRegister.java:tryRegister(44)) - Successfully registered JMX Bean with object name Ratis:service=RaftServer,group=group-44A28433BC03,id=7acf8a2f-cb7a-4f1b-96ec-46e1b885d205
2019-09-05 19:14:40,059 [pool-599-thread-1] INFO  util.JmxRegister (JmxRegister.java:tryRegister(44)) - Successfully registered JMX Bean with object name Ratis:service=RaftServer,group=group-44A28433BC03,id=1ab43c44-0f65-4622-9835-adc63e393ac8
2019-09-05 19:14:40,061 [RatisPipelineUtilsThread] INFO  pipeline.PipelineStateManager (PipelineStateManager.java:addPipeline(56)) - Created pipeline Pipeline[ Id: a7d4c1ec-9fa8-423b-8b88-44a28433bc03, Nodes: bc285176-9d9b-4fac-8659-fbfd5417a358{ip: 192.168.34.27, host: pr-hdds-2015-5mx5w-4127483329, networkLocation: /default-rack, certSerialId: null}1ab43c44-0f65-4622-9835-adc63e393ac8{ip: 192.168.34.27, host: pr-hdds-2015-5mx5w-4127483329, networkLocation: /default-rack, certSerialId: null}7acf8a2f-cb7a-4f1b-96ec-46e1b885d205{ip: 192.168.34.27, host: pr-hdds-2015-5mx5w-4127483329, networkLocation: /default-rack, certSerialId: null}, Type:RATIS, Factor:THREE, State:OPEN]
2019-09-05 19:14:40,096 [IPC Server handler 2 on 38729] INFO  net.NetworkTopology (NetworkTopologyImpl.java:add(110)) - Added a new node: /default-rack/5aaf18d6-82cf-46f0-b977-f04590e1d3a6
2019-09-05 19:14:40,096 [IPC Server handler 2 on 38729] INFO  node.SCMNodeManager (SCMNodeManager.java:register(266)) - Registered Data node : 5aaf18d6-82cf-46f0-b977-f04590e1d3a6{ip: 192.168.34.27, host: pr-hdds-2015-5mx5w-4127483329, networkLocation: /default-rack, certSerialId: null}
2019-09-05 19:14:40,103 [grpc-default-executor-0] INFO  impl.RaftServerProxy (RaftServerProxy.java:addNew(89)) - 5aaf18d6-82cf-46f0-b977-f04590e1d3a6: addNew group-BC3804185AEE:[5aaf18d6-82cf-46f0-b977-f04590e1d3a6:192.168.34.27:41462] returns group-BC3804185AEE:java.util.concurrent.CompletableFuture@5d791a1e[Not completed]
2019-09-05 19:14:40,104 [pool-629-thread-1] INFO  impl.RaftServerImpl (RaftServerImpl.java:<init>(93)) - 5aaf18d6-82cf-46f0-b977-f04590e1d3a6: new RaftServerImpl for group-BC3804185AEE:[5aaf18d6-82cf-46f0-b977-f04590e1d3a6:192.168.34.27:41462] with ContainerStateMachine:uninitialized
2019-09-05 19:14:40,104 [pool-629-thread-1] INFO  server.RaftServerConfigKeys (ConfUtils.java:logGet(43)) - raft.server.rpc.timeout.min = 5s (custom)
2019-09-05 19:14:40,104 [pool-629-thread-1] INFO  server.RaftServerConfigKeys (ConfUtils.java:logGet(43)) - raft.server.rpc.timeout.max = 5200ms (custom)
2019-09-05 19:14:40,104 [pool-629-thread-1] INFO  server.RaftServerConfigKeys (ConfUtils.java:logGet(43)) - raft.server.rpcslowness.timeout = 120s (custom)
2019-09-05 19:14:40,104 [pool-629-thread-1] INFO  server.RaftServerConfigKeys (ConfUtils.java:logGet(43)) - raft.server.sleep.deviation.threshold = 300 (default)
2019-09-05 19:14:40,105 [pool-629-thread-1] INFO  server.RaftServerConfigKeys (ConfUtils.java:logGet(43)) - raft.server.log.appender.install.snapshot.enabled = false (custom)
2019-09-05 19:14:40,105 [pool-629-thread-1] INFO  impl.RaftServerImpl (ServerState.java:<init>(105)) - 5aaf18d6-82cf-46f0-b977-f04590e1d3a6:group-BC3804185AEE ConfigurationManager, init=-1: [5aaf18d6-82cf-46f0-b977-f04590e1d3a6:192.168.34.27:41462], old=null, confs=<EMPTY_MAP>
2019-09-05 19:14:40,105 [pool-629-thread-1] INFO  server.RaftServerConfigKeys (ConfUtils.java:logGet(43)) - raft.server.storage.dir = [/workdir/hadoop-ozone/integration-test/target/test-dir/MiniOzoneClusterImpl-a25a262c-8f45-494e-95da-2a3cd65c296f/datanode-4/data/ratis] (custom)
2019-09-05 19:14:40,105 [pool-629-thread-1] INFO  storage.RaftStorageDirectory (RaftStorageDirectory.java:analyzeStorage(246)) - The storage directory /workdir/hadoop-ozone/integration-test/target/test-dir/MiniOzoneClusterImpl-a25a262c-8f45-494e-95da-2a3cd65c296f/datanode-4/data/ratis/d3d062d9-0eb4-49de-b415-bc3804185aee does not exist. Creating ...
2019-09-05 19:14:40,118 [pool-629-thread-1] INFO  storage.RaftStorageDirectory (RaftStorageDirectory.java:tryLock(328)) - Lock on /workdir/hadoop-ozone/integration-test/target/test-dir/MiniOzoneClusterImpl-a25a262c-8f45-494e-95da-2a3cd65c296f/datanode-4/data/ratis/d3d062d9-0eb4-49de-b415-bc3804185aee/in_use.lock acquired by nodename 2584@pr-hdds-2015-5mx5w-4127483329
2019-09-05 19:14:40,130 [pool-629-thread-1] INFO  storage.RaftStorage (RaftStorage.java:format(72)) - Storage directory /workdir/hadoop-ozone/integration-test/target/test-dir/MiniOzoneClusterImpl-a25a262c-8f45-494e-95da-2a3cd65c296f/datanode-4/data/ratis/d3d062d9-0eb4-49de-b415-bc3804185aee has been successfully formatted.
2019-09-05 19:14:40,131 [pool-629-thread-1] INFO  ratis.ContainerStateMachine (ContainerStateMachine.java:loadSnapshot(227)) - group-BC3804185AEE: The snapshot info is null. Setting the last applied indexto:(t:0, i:~)
2019-09-05 19:14:40,131 [pool-629-thread-1] INFO  server.RaftServerConfigKeys (ConfUtils.java:logGet(43)) - raft.server.leader.election.timeout = 120s (custom)
2019-09-05 19:14:40,131 [pool-629-thread-1] INFO  server.RaftServerConfigKeys (ConfUtils.java:logGet(43)) - raft.server.log.use.memory = false (default)
2019-09-05 19:14:40,131 [pool-629-thread-1] INFO  server.RaftServerConfigKeys (ConfUtils.java:logGet(43)) - raft.server.log.purge.gap = 1000000 (custom)
2019-09-05 19:14:40,131 [pool-629-thread-1] INFO  server.RaftServerConfigKeys (ConfUtils.java:logGet(43)) - raft.server.log.appender.buffer.byte-limit = 33554432 (custom)
2019-09-05 19:14:40,131 [pool-629-thread-1] INFO  server.RaftServerConfigKeys (ConfUtils.java:logGet(43)) - raft.server.log.segment.size.max = 1048576 (custom)
2019-09-05 19:14:40,131 [pool-629-thread-1] INFO  server.RaftServerConfigKeys (ConfUtils.java:logGet(43)) - raft.server.log.segment.cache.num.max = 2 (custom)
2019-09-05 19:14:40,132 [pool-629-thread-1] INFO  segmented.SegmentedRaftLogWorker (SegmentedRaftLogWorker.java:<init>(172)) - new 5aaf18d6-82cf-46f0-b977-f04590e1d3a6-SegmentedRaftLogWorker:Storage Directory /workdir/hadoop-ozone/integration-test/target/test-dir/MiniOzoneClusterImpl-a25a262c-8f45-494e-95da-2a3cd65c296f/datanode-4/data/ratis/d3d062d9-0eb4-49de-b415-bc3804185aee for RaftStorage:Storage Directory /workdir/hadoop-ozone/integration-test/target/test-dir/MiniOzoneClusterImpl-a25a262c-8f45-494e-95da-2a3cd65c296f/datanode-4/data/ratis/d3d062d9-0eb4-49de-b415-bc3804185aee
2019-09-05 19:14:40,132 [pool-629-thread-1] INFO  server.RaftServerConfigKeys (ConfUtils.java:logGet(43)) - raft.server.log.queue.byte-limit = 2147483647 (custom)
2019-09-05 19:14:40,132 [pool-629-thread-1] INFO  server.RaftServerConfigKeys (ConfUtils.java:logGet(43)) - raft.server.log.queue.element-limit = 1024 (custom)
2019-09-05 19:14:40,132 [pool-629-thread-1] INFO  server.RaftServerConfigKeys (ConfUtils.java:logGet(43)) - raft.server.log.segment.size.max = 1048576 (custom)
2019-09-05 19:14:40,132 [pool-629-thread-1] INFO  server.RaftServerConfigKeys (ConfUtils.java:logGet(43)) - raft.server.log.preallocated.size = 16384 (custom)
2019-09-05 19:14:40,132 [pool-629-thread-1] INFO  server.RaftServerConfigKeys (ConfUtils.java:logGet(43)) - raft.server.log.write.buffer.size = 33554432 (custom)
2019-09-05 19:14:40,132 [pool-629-thread-1] INFO  server.RaftServerConfigKeys (ConfUtils.java:logGet(43)) - raft.server.log.force.sync.num = 128 (default)
2019-09-05 19:14:40,133 [pool-629-thread-1] INFO  server.RaftServerConfigKeys (ConfUtils.java:logGet(43)) - raft.server.log.statemachine.data.sync = true (default)
2019-09-05 19:14:40,133 [pool-629-thread-1] INFO  server.RaftServerConfigKeys (ConfUtils.java:logGet(43)) - raft.server.log.statemachine.data.sync.timeout = 10s (default)
2019-09-05 19:14:40,133 [pool-629-thread-1] INFO  server.RaftServerConfigKeys (ConfUtils.java:logGet(43)) - raft.server.log.statemachine.data.sync.timeout.retry = -1 (default)
2019-09-05 19:14:40,133 [pool-629-thread-1] INFO  server.RaftServerConfigKeys (ConfUtils.java:logGet(43)) - raft.server.log.statemachine.data.caching.enabled = true (custom)
2019-09-05 19:14:40,133 [pool-629-thread-1] INFO  segmented.SegmentedRaftLogWorker (SegmentedRaftLogWorker.java:lambda$new$0(132)) - 5aaf18d6-82cf-46f0-b977-f04590e1d3a6-SegmentedRaftLogWorker:Storage Directory /workdir/hadoop-ozone/integration-test/target/test-dir/MiniOzoneClusterImpl-a25a262c-8f45-494e-95da-2a3cd65c296f/datanode-4/data/ratis/d3d062d9-0eb4-49de-b415-bc3804185aee: flushIndex: setUnconditionally 0 -> -1
2019-09-05 19:14:40,134 [pool-629-thread-1] INFO  server.RaftServerConfigKeys (ConfUtils.java:logGet(43)) - raft.server.snapshot.auto.trigger.enabled = true (custom)
2019-09-05 19:14:40,134 [pool-629-thread-1] INFO  server.RaftServerConfigKeys (ConfUtils.java:logGet(43)) - raft.server.snapshot.auto.trigger.threshold = 10000 (custom)
2019-09-05 19:14:40,134 [pool-629-thread-1] INFO  server.RaftServerConfigKeys (ConfUtils.java:logGet(43)) - raft.server.retrycache.expirytime = 600000ms (custom)
2019-09-05 19:14:40,134 [pool-629-thread-1] INFO  impl.RaftServerImpl (RaftServerImpl.java:start(180)) - 5aaf18d6-82cf-46f0-b977-f04590e1d3a6: start group-BC3804185AEE
2019-09-05 19:14:40,135 [pool-629-thread-1] INFO  impl.RaftServerImpl (RaftServerImpl.java:setRole(171)) - 5aaf18d6-82cf-46f0-b977-f04590e1d3a6:group-BC3804185AEE changes role from null to FOLLOWER at term 0 for startAsFollower
2019-09-05 19:14:40,135 [pool-629-thread-1] INFO  impl.RoleInfo (RoleInfo.java:updateAndGet(143)) - 5aaf18d6-82cf-46f0-b977-f04590e1d3a6: start FollowerState
2019-09-05 19:14:40,142 [pool-629-thread-1] INFO  util.JmxRegister (JmxRegister.java:tryRegister(44)) - Successfully registered JMX Bean with object name Ratis:service=RaftServer,group=group-BC3804185AEE,id=5aaf18d6-82cf-46f0-b977-f04590e1d3a6
2019-09-05 19:14:40,150 [RatisPipelineUtilsThread] INFO  pipeline.PipelineStateManager (PipelineStateManager.java:addPipeline(56)) - Created pipeline Pipeline[ Id: d3d062d9-0eb4-49de-b415-bc3804185aee, Nodes: 5aaf18d6-82cf-46f0-b977-f04590e1d3a6{ip: 192.168.34.27, host: pr-hdds-2015-5mx5w-4127483329, networkLocation: /default-rack, certSerialId: null}, Type:RATIS, Factor:ONE, State:OPEN]
2019-09-05 19:14:40,158 [grpc-default-executor-0] INFO  impl.RaftServerProxy (RaftServerProxy.java:addNew(89)) - a9e96699-88a7-4abe-af5a-628e24b5bf3e: addNew group-B69C1DB62367:[a9e96699-88a7-4abe-af5a-628e24b5bf3e:192.168.34.27:42426] returns group-B69C1DB62367:java.util.concurrent.CompletableFuture@735e36b8[Not completed]
2019-09-05 19:14:40,159 [pool-619-thread-1] INFO  impl.RaftServerImpl (RaftServerImpl.java:<init>(93)) - a9e96699-88a7-4abe-af5a-628e24b5bf3e: new RaftServerImpl for group-B69C1DB62367:[a9e96699-88a7-4abe-af5a-628e24b5bf3e:192.168.34.27:42426] with ContainerStateMachine:uninitialized
2019-09-05 19:14:40,159 [pool-619-thread-1] INFO  server.RaftServerConfigKeys (ConfUtils.java:logGet(43)) - raft.server.rpc.timeout.min = 5s (custom)
2019-09-05 19:14:40,159 [pool-619-thread-1] INFO  server.RaftServerConfigKeys (ConfUtils.java:logGet(43)) - raft.server.rpc.timeout.max = 5200ms (custom)
2019-09-05 19:14:40,159 [pool-619-thread-1] INFO  server.RaftServerConfigKeys (ConfUtils.java:logGet(43)) - raft.server.rpcslowness.timeout = 120s (custom)
2019-09-05 19:14:40,160 [pool-619-thread-1] INFO  server.RaftServerConfigKeys (ConfUtils.java:logGet(43)) - raft.server.sleep.deviation.threshold = 300 (default)
2019-09-05 19:14:40,160 [pool-619-thread-1] INFO  server.RaftServerConfigKeys (ConfUtils.java:logGet(43)) - raft.server.log.appender.install.snapshot.enabled = false (custom)
2019-09-05 19:14:40,160 [pool-619-thread-1] INFO  impl.RaftServerImpl (ServerState.java:<init>(105)) - a9e96699-88a7-4abe-af5a-628e24b5bf3e:group-B69C1DB62367 ConfigurationManager, init=-1: [a9e96699-88a7-4abe-af5a-628e24b5bf3e:192.168.34.27:42426], old=null, confs=<EMPTY_MAP>
2019-09-05 19:14:40,160 [pool-619-thread-1] INFO  server.RaftServerConfigKeys (ConfUtils.java:logGet(43)) - raft.server.storage.dir = [/workdir/hadoop-ozone/integration-test/target/test-dir/MiniOzoneClusterImpl-a25a262c-8f45-494e-95da-2a3cd65c296f/datanode-3/data/ratis] (custom)
2019-09-05 19:14:40,160 [pool-619-thread-1] INFO  storage.RaftStorageDirectory (RaftStorageDirectory.java:analyzeStorage(246)) - The storage directory /workdir/hadoop-ozone/integration-test/target/test-dir/MiniOzoneClusterImpl-a25a262c-8f45-494e-95da-2a3cd65c296f/datanode-3/data/ratis/f514a603-adb0-4c2e-a867-b69c1db62367 does not exist. Creating ...
2019-09-05 19:14:40,164 [IPC Server handler 1 on 38729] INFO  net.NetworkTopology (NetworkTopologyImpl.java:add(110)) - Added a new node: /default-rack/943b6596-18e7-43fd-8a5b-4ca327f5c156
2019-09-05 19:14:40,164 [IPC Server handler 1 on 38729] INFO  node.SCMNodeManager (SCMNodeManager.java:register(266)) - Registered Data node : 943b6596-18e7-43fd-8a5b-4ca327f5c156{ip: 192.168.34.27, host: pr-hdds-2015-5mx5w-4127483329, networkLocation: /default-rack, certSerialId: null}
2019-09-05 19:14:40,173 [pool-619-thread-1] INFO  storage.RaftStorageDirectory (RaftStorageDirectory.java:tryLock(328)) - Lock on /workdir/hadoop-ozone/integration-test/target/test-dir/MiniOzoneClusterImpl-a25a262c-8f45-494e-95da-2a3cd65c296f/datanode-3/data/ratis/f514a603-adb0-4c2e-a867-b69c1db62367/in_use.lock acquired by nodename 2584@pr-hdds-2015-5mx5w-4127483329
2019-09-05 19:14:40,206 [pool-619-thread-1] INFO  storage.RaftStorage (RaftStorage.java:format(72)) - Storage directory /workdir/hadoop-ozone/integration-test/target/test-dir/MiniOzoneClusterImpl-a25a262c-8f45-494e-95da-2a3cd65c296f/datanode-3/data/ratis/f514a603-adb0-4c2e-a867-b69c1db62367 has been successfully formatted.
2019-09-05 19:14:40,207 [pool-619-thread-1] INFO  ratis.ContainerStateMachine (ContainerStateMachine.java:loadSnapshot(227)) - group-B69C1DB62367: The snapshot info is null. Setting the last applied indexto:(t:0, i:~)
2019-09-05 19:14:40,207 [pool-619-thread-1] INFO  server.RaftServerConfigKeys (ConfUtils.java:logGet(43)) - raft.server.leader.election.timeout = 120s (custom)
2019-09-05 19:14:40,207 [pool-619-thread-1] INFO  server.RaftServerConfigKeys (ConfUtils.java:logGet(43)) - raft.server.log.use.memory = false (default)
2019-09-05 19:14:40,207 [pool-619-thread-1] INFO  server.RaftServerConfigKeys (ConfUtils.java:logGet(43)) - raft.server.log.purge.gap = 1000000 (custom)
2019-09-05 19:14:40,207 [pool-619-thread-1] INFO  server.RaftServerConfigKeys (ConfUtils.java:logGet(43)) - raft.server.log.appender.buffer.byte-limit = 33554432 (custom)
2019-09-05 19:14:40,207 [pool-619-thread-1] INFO  server.RaftServerConfigKeys (ConfUtils.java:logGet(43)) - raft.server.log.segment.size.max = 1048576 (custom)
2019-09-05 19:14:40,208 [pool-619-thread-1] INFO  server.RaftServerConfigKeys (ConfUtils.java:logGet(43)) - raft.server.log.segment.cache.num.max = 2 (custom)
2019-09-05 19:14:40,208 [pool-619-thread-1] INFO  segmented.SegmentedRaftLogWorker (SegmentedRaftLogWorker.java:<init>(172)) - new a9e96699-88a7-4abe-af5a-628e24b5bf3e-SegmentedRaftLogWorker:Storage Directory /workdir/hadoop-ozone/integration-test/target/test-dir/MiniOzoneClusterImpl-a25a262c-8f45-494e-95da-2a3cd65c296f/datanode-3/data/ratis/f514a603-adb0-4c2e-a867-b69c1db62367 for RaftStorage:Storage Directory /workdir/hadoop-ozone/integration-test/target/test-dir/MiniOzoneClusterImpl-a25a262c-8f45-494e-95da-2a3cd65c296f/datanode-3/data/ratis/f514a603-adb0-4c2e-a867-b69c1db62367
2019-09-05 19:14:40,208 [pool-619-thread-1] INFO  server.RaftServerConfigKeys (ConfUtils.java:logGet(43)) - raft.server.log.queue.byte-limit = 2147483647 (custom)
2019-09-05 19:14:40,208 [pool-619-thread-1] INFO  server.RaftServerConfigKeys (ConfUtils.java:logGet(43)) - raft.server.log.queue.element-limit = 1024 (custom)
2019-09-05 19:14:40,209 [pool-619-thread-1] INFO  server.RaftServerConfigKeys (ConfUtils.java:logGet(43)) - raft.server.log.segment.size.max = 1048576 (custom)
2019-09-05 19:14:40,209 [pool-619-thread-1] INFO  server.RaftServerConfigKeys (ConfUtils.java:logGet(43)) - raft.server.log.preallocated.size = 16384 (custom)
2019-09-05 19:14:40,209 [pool-619-thread-1] INFO  server.RaftServerConfigKeys (ConfUtils.java:logGet(43)) - raft.server.log.write.buffer.size = 33554432 (custom)
2019-09-05 19:14:40,209 [pool-619-thread-1] INFO  server.RaftServerConfigKeys (ConfUtils.java:logGet(43)) - raft.server.log.force.sync.num = 128 (default)
2019-09-05 19:14:40,209 [pool-619-thread-1] INFO  server.RaftServerConfigKeys (ConfUtils.java:logGet(43)) - raft.server.log.statemachine.data.sync = true (default)
2019-09-05 19:14:40,209 [pool-619-thread-1] INFO  server.RaftServerConfigKeys (ConfUtils.java:logGet(43)) - raft.server.log.statemachine.data.sync.timeout = 10s (default)
2019-09-05 19:14:40,209 [pool-619-thread-1] INFO  server.RaftServerConfigKeys (ConfUtils.java:logGet(43)) - raft.server.log.statemachine.data.sync.timeout.retry = -1 (default)
2019-09-05 19:14:40,210 [pool-619-thread-1] INFO  server.RaftServerConfigKeys (ConfUtils.java:logGet(43)) - raft.server.log.statemachine.data.caching.enabled = true (custom)
2019-09-05 19:14:40,210 [pool-619-thread-1] INFO  segmented.SegmentedRaftLogWorker (SegmentedRaftLogWorker.java:lambda$new$0(132)) - a9e96699-88a7-4abe-af5a-628e24b5bf3e-SegmentedRaftLogWorker:Storage Directory /workdir/hadoop-ozone/integration-test/target/test-dir/MiniOzoneClusterImpl-a25a262c-8f45-494e-95da-2a3cd65c296f/datanode-3/data/ratis/f514a603-adb0-4c2e-a867-b69c1db62367: flushIndex: setUnconditionally 0 -> -1
2019-09-05 19:14:40,210 [pool-619-thread-1] INFO  server.RaftServerConfigKeys (ConfUtils.java:logGet(43)) - raft.server.snapshot.auto.trigger.enabled = true (custom)
2019-09-05 19:14:40,211 [pool-619-thread-1] INFO  server.RaftServerConfigKeys (ConfUtils.java:logGet(43)) - raft.server.snapshot.auto.trigger.threshold = 10000 (custom)
2019-09-05 19:14:40,211 [pool-619-thread-1] INFO  server.RaftServerConfigKeys (ConfUtils.java:logGet(43)) - raft.server.retrycache.expirytime = 600000ms (custom)
2019-09-05 19:14:40,211 [pool-619-thread-1] INFO  impl.RaftServerImpl (RaftServerImpl.java:start(180)) - a9e96699-88a7-4abe-af5a-628e24b5bf3e: start group-B69C1DB62367
2019-09-05 19:14:40,211 [pool-619-thread-1] INFO  impl.RaftServerImpl (RaftServerImpl.java:setRole(171)) - a9e96699-88a7-4abe-af5a-628e24b5bf3e:group-B69C1DB62367 changes role from null to FOLLOWER at term 0 for startAsFollower
2019-09-05 19:14:40,211 [pool-619-thread-1] INFO  impl.RoleInfo (RoleInfo.java:updateAndGet(143)) - a9e96699-88a7-4abe-af5a-628e24b5bf3e: start FollowerState
2019-09-05 19:14:40,212 [pool-619-thread-1] INFO  util.JmxRegister (JmxRegister.java:tryRegister(44)) - Successfully registered JMX Bean with object name Ratis:service=RaftServer,group=group-B69C1DB62367,id=a9e96699-88a7-4abe-af5a-628e24b5bf3e
2019-09-05 19:14:40,213 [RatisPipelineUtilsThread] INFO  pipeline.PipelineStateManager (PipelineStateManager.java:addPipeline(56)) - Created pipeline Pipeline[ Id: f514a603-adb0-4c2e-a867-b69c1db62367, Nodes: a9e96699-88a7-4abe-af5a-628e24b5bf3e{ip: 192.168.34.27, host: pr-hdds-2015-5mx5w-4127483329, networkLocation: /default-rack, certSerialId: null}, Type:RATIS, Factor:ONE, State:OPEN]
2019-09-05 19:14:40,220 [grpc-default-executor-0] INFO  impl.RaftServerProxy (RaftServerProxy.java:addNew(89)) - 943b6596-18e7-43fd-8a5b-4ca327f5c156: addNew group-AEDAAE588FFE:[943b6596-18e7-43fd-8a5b-4ca327f5c156:192.168.34.27:46583] returns group-AEDAAE588FFE:java.util.concurrent.CompletableFuture@76fba629[Not completed]
2019-09-05 19:14:40,221 [pool-639-thread-1] INFO  impl.RaftServerImpl (RaftServerImpl.java:<init>(93)) - 943b6596-18e7-43fd-8a5b-4ca327f5c156: new RaftServerImpl for group-AEDAAE588FFE:[943b6596-18e7-43fd-8a5b-4ca327f5c156:192.168.34.27:46583] with ContainerStateMachine:uninitialized
2019-09-05 19:14:40,221 [pool-639-thread-1] INFO  server.RaftServerConfigKeys (ConfUtils.java:logGet(43)) - raft.server.rpc.timeout.min = 5s (custom)
2019-09-05 19:14:40,222 [pool-639-thread-1] INFO  server.RaftServerConfigKeys (ConfUtils.java:logGet(43)) - raft.server.rpc.timeout.max = 5200ms (custom)
2019-09-05 19:14:40,222 [pool-639-thread-1] INFO  server.RaftServerConfigKeys (ConfUtils.java:logGet(43)) - raft.server.rpcslowness.timeout = 120s (custom)
2019-09-05 19:14:40,222 [pool-639-thread-1] INFO  server.RaftServerConfigKeys (ConfUtils.java:logGet(43)) - raft.server.sleep.deviation.threshold = 300 (default)
2019-09-05 19:14:40,222 [pool-639-thread-1] INFO  server.RaftServerConfigKeys (ConfUtils.java:logGet(43)) - raft.server.log.appender.install.snapshot.enabled = false (custom)
2019-09-05 19:14:40,222 [pool-639-thread-1] INFO  impl.RaftServerImpl (ServerState.java:<init>(105)) - 943b6596-18e7-43fd-8a5b-4ca327f5c156:group-AEDAAE588FFE ConfigurationManager, init=-1: [943b6596-18e7-43fd-8a5b-4ca327f5c156:192.168.34.27:46583], old=null, confs=<EMPTY_MAP>
2019-09-05 19:14:40,222 [pool-639-thread-1] INFO  server.RaftServerConfigKeys (ConfUtils.java:logGet(43)) - raft.server.storage.dir = [/workdir/hadoop-ozone/integration-test/target/test-dir/MiniOzoneClusterImpl-a25a262c-8f45-494e-95da-2a3cd65c296f/datanode-5/data/ratis] (custom)
2019-09-05 19:14:40,223 [pool-639-thread-1] INFO  storage.RaftStorageDirectory (RaftStorageDirectory.java:analyzeStorage(246)) - The storage directory /workdir/hadoop-ozone/integration-test/target/test-dir/MiniOzoneClusterImpl-a25a262c-8f45-494e-95da-2a3cd65c296f/datanode-5/data/ratis/76dfdd8d-66d0-4a65-89ac-aedaae588ffe does not exist. Creating ...
2019-09-05 19:14:40,268 [pool-639-thread-1] INFO  storage.RaftStorageDirectory (RaftStorageDirectory.java:tryLock(328)) - Lock on /workdir/hadoop-ozone/integration-test/target/test-dir/MiniOzoneClusterImpl-a25a262c-8f45-494e-95da-2a3cd65c296f/datanode-5/data/ratis/76dfdd8d-66d0-4a65-89ac-aedaae588ffe/in_use.lock acquired by nodename 2584@pr-hdds-2015-5mx5w-4127483329
2019-09-05 19:14:40,322 [pool-639-thread-1] INFO  storage.RaftStorage (RaftStorage.java:format(72)) - Storage directory /workdir/hadoop-ozone/integration-test/target/test-dir/MiniOzoneClusterImpl-a25a262c-8f45-494e-95da-2a3cd65c296f/datanode-5/data/ratis/76dfdd8d-66d0-4a65-89ac-aedaae588ffe has been successfully formatted.
2019-09-05 19:14:40,322 [pool-639-thread-1] INFO  ratis.ContainerStateMachine (ContainerStateMachine.java:loadSnapshot(227)) - group-AEDAAE588FFE: The snapshot info is null. Setting the last applied indexto:(t:0, i:~)
2019-09-05 19:14:40,322 [pool-639-thread-1] INFO  server.RaftServerConfigKeys (ConfUtils.java:logGet(43)) - raft.server.leader.election.timeout = 120s (custom)
2019-09-05 19:14:40,322 [pool-639-thread-1] INFO  server.RaftServerConfigKeys (ConfUtils.java:logGet(43)) - raft.server.log.use.memory = false (default)
2019-09-05 19:14:40,323 [pool-639-thread-1] INFO  server.RaftServerConfigKeys (ConfUtils.java:logGet(43)) - raft.server.log.purge.gap = 1000000 (custom)
2019-09-05 19:14:40,323 [pool-639-thread-1] INFO  server.RaftServerConfigKeys (ConfUtils.java:logGet(43)) - raft.server.log.appender.buffer.byte-limit = 33554432 (custom)
2019-09-05 19:14:40,323 [pool-639-thread-1] INFO  server.RaftServerConfigKeys (ConfUtils.java:logGet(43)) - raft.server.log.segment.size.max = 1048576 (custom)
2019-09-05 19:14:40,323 [pool-639-thread-1] INFO  server.RaftServerConfigKeys (ConfUtils.java:logGet(43)) - raft.server.log.segment.cache.num.max = 2 (custom)
2019-09-05 19:14:40,323 [pool-639-thread-1] INFO  segmented.SegmentedRaftLogWorker (SegmentedRaftLogWorker.java:<init>(172)) - new 943b6596-18e7-43fd-8a5b-4ca327f5c156-SegmentedRaftLogWorker:Storage Directory /workdir/hadoop-ozone/integration-test/target/test-dir/MiniOzoneClusterImpl-a25a262c-8f45-494e-95da-2a3cd65c296f/datanode-5/data/ratis/76dfdd8d-66d0-4a65-89ac-aedaae588ffe for RaftStorage:Storage Directory /workdir/hadoop-ozone/integration-test/target/test-dir/MiniOzoneClusterImpl-a25a262c-8f45-494e-95da-2a3cd65c296f/datanode-5/data/ratis/76dfdd8d-66d0-4a65-89ac-aedaae588ffe
2019-09-05 19:14:40,323 [pool-639-thread-1] INFO  server.RaftServerConfigKeys (ConfUtils.java:logGet(43)) - raft.server.log.queue.byte-limit = 2147483647 (custom)
2019-09-05 19:14:40,323 [pool-639-thread-1] INFO  server.RaftServerConfigKeys (ConfUtils.java:logGet(43)) - raft.server.log.queue.element-limit = 1024 (custom)
2019-09-05 19:14:40,323 [pool-639-thread-1] INFO  server.RaftServerConfigKeys (ConfUtils.java:logGet(43)) - raft.server.log.segment.size.max = 1048576 (custom)
2019-09-05 19:14:40,323 [pool-639-thread-1] INFO  server.RaftServerConfigKeys (ConfUtils.java:logGet(43)) - raft.server.log.preallocated.size = 16384 (custom)
2019-09-05 19:14:40,324 [pool-639-thread-1] INFO  server.RaftServerConfigKeys (ConfUtils.java:logGet(43)) - raft.server.log.write.buffer.size = 33554432 (custom)
2019-09-05 19:14:40,324 [pool-639-thread-1] INFO  server.RaftServerConfigKeys (ConfUtils.java:logGet(43)) - raft.server.log.force.sync.num = 128 (default)
2019-09-05 19:14:40,324 [pool-639-thread-1] INFO  server.RaftServerConfigKeys (ConfUtils.java:logGet(43)) - raft.server.log.statemachine.data.sync = true (default)
2019-09-05 19:14:40,324 [pool-639-thread-1] INFO  server.RaftServerConfigKeys (ConfUtils.java:logGet(43)) - raft.server.log.statemachine.data.sync.timeout = 10s (default)
2019-09-05 19:14:40,324 [pool-639-thread-1] INFO  server.RaftServerConfigKeys (ConfUtils.java:logGet(43)) - raft.server.log.statemachine.data.sync.timeout.retry = -1 (default)
2019-09-05 19:14:40,324 [pool-639-thread-1] INFO  server.RaftServerConfigKeys (ConfUtils.java:logGet(43)) - raft.server.log.statemachine.data.caching.enabled = true (custom)
2019-09-05 19:14:40,324 [pool-639-thread-1] INFO  segmented.SegmentedRaftLogWorker (SegmentedRaftLogWorker.java:lambda$new$0(132)) - 943b6596-18e7-43fd-8a5b-4ca327f5c156-SegmentedRaftLogWorker:Storage Directory /workdir/hadoop-ozone/integration-test/target/test-dir/MiniOzoneClusterImpl-a25a262c-8f45-494e-95da-2a3cd65c296f/datanode-5/data/ratis/76dfdd8d-66d0-4a65-89ac-aedaae588ffe: flushIndex: setUnconditionally 0 -> -1
2019-09-05 19:14:40,325 [pool-639-thread-1] INFO  server.RaftServerConfigKeys (ConfUtils.java:logGet(43)) - raft.server.snapshot.auto.trigger.enabled = true (custom)
2019-09-05 19:14:40,325 [pool-639-thread-1] INFO  server.RaftServerConfigKeys (ConfUtils.java:logGet(43)) - raft.server.snapshot.auto.trigger.threshold = 10000 (custom)
2019-09-05 19:14:40,325 [pool-639-thread-1] INFO  server.RaftServerConfigKeys (ConfUtils.java:logGet(43)) - raft.server.retrycache.expirytime = 600000ms (custom)
2019-09-05 19:14:40,325 [pool-639-thread-1] INFO  impl.RaftServerImpl (RaftServerImpl.java:start(180)) - 943b6596-18e7-43fd-8a5b-4ca327f5c156: start group-AEDAAE588FFE
2019-09-05 19:14:40,325 [pool-639-thread-1] INFO  impl.RaftServerImpl (RaftServerImpl.java:setRole(171)) - 943b6596-18e7-43fd-8a5b-4ca327f5c156:group-AEDAAE588FFE changes role from null to FOLLOWER at term 0 for startAsFollower
2019-09-05 19:14:40,325 [pool-639-thread-1] INFO  impl.RoleInfo (RoleInfo.java:updateAndGet(143)) - 943b6596-18e7-43fd-8a5b-4ca327f5c156: start FollowerState
2019-09-05 19:14:40,326 [pool-639-thread-1] INFO  util.JmxRegister (JmxRegister.java:tryRegister(44)) - Successfully registered JMX Bean with object name Ratis:service=RaftServer,group=group-AEDAAE588FFE,id=943b6596-18e7-43fd-8a5b-4ca327f5c156
2019-09-05 19:14:40,327 [RatisPipelineUtilsThread] INFO  pipeline.PipelineStateManager (PipelineStateManager.java:addPipeline(56)) - Created pipeline Pipeline[ Id: 76dfdd8d-66d0-4a65-89ac-aedaae588ffe, Nodes: 943b6596-18e7-43fd-8a5b-4ca327f5c156{ip: 192.168.34.27, host: pr-hdds-2015-5mx5w-4127483329, networkLocation: /default-rack, certSerialId: null}, Type:RATIS, Factor:ONE, State:OPEN]
2019-09-05 19:14:40,335 [grpc-default-executor-0] INFO  impl.RaftServerProxy (RaftServerProxy.java:addNew(89)) - 943b6596-18e7-43fd-8a5b-4ca327f5c156: addNew group-A2331387CCA1:[943b6596-18e7-43fd-8a5b-4ca327f5c156:192.168.34.27:46583, 5aaf18d6-82cf-46f0-b977-f04590e1d3a6:192.168.34.27:41462, a9e96699-88a7-4abe-af5a-628e24b5bf3e:192.168.34.27:42426] returns group-A2331387CCA1:java.util.concurrent.CompletableFuture@15c534e[Not completed]
2019-09-05 19:14:40,335 [grpc-default-executor-14] INFO  impl.RaftServerProxy (RaftServerProxy.java:addNew(89)) - a9e96699-88a7-4abe-af5a-628e24b5bf3e: addNew group-A2331387CCA1:[943b6596-18e7-43fd-8a5b-4ca327f5c156:192.168.34.27:46583, 5aaf18d6-82cf-46f0-b977-f04590e1d3a6:192.168.34.27:41462, a9e96699-88a7-4abe-af5a-628e24b5bf3e:192.168.34.27:42426] returns group-A2331387CCA1:java.util.concurrent.CompletableFuture@3716d2e9[Not completed]
2019-09-05 19:14:40,335 [grpc-default-executor-12] INFO  impl.RaftServerProxy (RaftServerProxy.java:addNew(89)) - 5aaf18d6-82cf-46f0-b977-f04590e1d3a6: addNew group-A2331387CCA1:[943b6596-18e7-43fd-8a5b-4ca327f5c156:192.168.34.27:46583, 5aaf18d6-82cf-46f0-b977-f04590e1d3a6:192.168.34.27:41462, a9e96699-88a7-4abe-af5a-628e24b5bf3e:192.168.34.27:42426] returns group-A2331387CCA1:java.util.concurrent.CompletableFuture@6cc7e18a[Not completed]
2019-09-05 19:14:40,336 [pool-639-thread-1] INFO  impl.RaftServerImpl (RaftServerImpl.java:<init>(93)) - 943b6596-18e7-43fd-8a5b-4ca327f5c156: new RaftServerImpl for group-A2331387CCA1:[943b6596-18e7-43fd-8a5b-4ca327f5c156:192.168.34.27:46583, 5aaf18d6-82cf-46f0-b977-f04590e1d3a6:192.168.34.27:41462, a9e96699-88a7-4abe-af5a-628e24b5bf3e:192.168.34.27:42426] with ContainerStateMachine:uninitialized
2019-09-05 19:14:40,336 [pool-639-thread-1] INFO  server.RaftServerConfigKeys (ConfUtils.java:logGet(43)) - raft.server.rpc.timeout.min = 5s (custom)
2019-09-05 19:14:40,336 [pool-639-thread-1] INFO  server.RaftServerConfigKeys (ConfUtils.java:logGet(43)) - raft.server.rpc.timeout.max = 5200ms (custom)
2019-09-05 19:14:40,336 [pool-639-thread-1] INFO  server.RaftServerConfigKeys (ConfUtils.java:logGet(43)) - raft.server.rpcslowness.timeout = 120s (custom)
2019-09-05 19:14:40,336 [pool-639-thread-1] INFO  server.RaftServerConfigKeys (ConfUtils.java:logGet(43)) - raft.server.sleep.deviation.threshold = 300 (default)
2019-09-05 19:14:40,336 [pool-619-thread-1] INFO  impl.RaftServerImpl (RaftServerImpl.java:<init>(93)) - a9e96699-88a7-4abe-af5a-628e24b5bf3e: new RaftServerImpl for group-A2331387CCA1:[943b6596-18e7-43fd-8a5b-4ca327f5c156:192.168.34.27:46583, 5aaf18d6-82cf-46f0-b977-f04590e1d3a6:192.168.34.27:41462, a9e96699-88a7-4abe-af5a-628e24b5bf3e:192.168.34.27:42426] with ContainerStateMachine:uninitialized
2019-09-05 19:14:40,336 [pool-639-thread-1] INFO  server.RaftServerConfigKeys (ConfUtils.java:logGet(43)) - raft.server.log.appender.install.snapshot.enabled = false (custom)
2019-09-05 19:14:40,337 [pool-619-thread-1] INFO  server.RaftServerConfigKeys (ConfUtils.java:logGet(43)) - raft.server.rpc.timeout.min = 5s (custom)
2019-09-05 19:14:40,337 [pool-629-thread-1] INFO  impl.RaftServerImpl (RaftServerImpl.java:<init>(93)) - 5aaf18d6-82cf-46f0-b977-f04590e1d3a6: new RaftServerImpl for group-A2331387CCA1:[943b6596-18e7-43fd-8a5b-4ca327f5c156:192.168.34.27:46583, 5aaf18d6-82cf-46f0-b977-f04590e1d3a6:192.168.34.27:41462, a9e96699-88a7-4abe-af5a-628e24b5bf3e:192.168.34.27:42426] with ContainerStateMachine:uninitialized
2019-09-05 19:14:40,337 [pool-639-thread-1] INFO  impl.RaftServerImpl (ServerState.java:<init>(105)) - 943b6596-18e7-43fd-8a5b-4ca327f5c156:group-A2331387CCA1 ConfigurationManager, init=-1: [943b6596-18e7-43fd-8a5b-4ca327f5c156:192.168.34.27:46583, 5aaf18d6-82cf-46f0-b977-f04590e1d3a6:192.168.34.27:41462, a9e96699-88a7-4abe-af5a-628e24b5bf3e:192.168.34.27:42426], old=null, confs=<EMPTY_MAP>
2019-09-05 19:14:40,337 [pool-629-thread-1] INFO  server.RaftServerConfigKeys (ConfUtils.java:logGet(43)) - raft.server.rpc.timeout.min = 5s (custom)
2019-09-05 19:14:40,337 [pool-619-thread-1] INFO  server.RaftServerConfigKeys (ConfUtils.java:logGet(43)) - raft.server.rpc.timeout.max = 5200ms (custom)
2019-09-05 19:14:40,337 [pool-629-thread-1] INFO  server.RaftServerConfigKeys (ConfUtils.java:logGet(43)) - raft.server.rpc.timeout.max = 5200ms (custom)
2019-09-05 19:14:40,337 [pool-639-thread-1] INFO  server.RaftServerConfigKeys (ConfUtils.java:logGet(43)) - raft.server.storage.dir = [/workdir/hadoop-ozone/integration-test/target/test-dir/MiniOzoneClusterImpl-a25a262c-8f45-494e-95da-2a3cd65c296f/datanode-5/data/ratis] (custom)
2019-09-05 19:14:40,337 [pool-629-thread-1] INFO  server.RaftServerConfigKeys (ConfUtils.java:logGet(43)) - raft.server.rpcslowness.timeout = 120s (custom)
2019-09-05 19:14:40,337 [pool-619-thread-1] INFO  server.RaftServerConfigKeys (ConfUtils.java:logGet(43)) - raft.server.rpcslowness.timeout = 120s (custom)
2019-09-05 19:14:40,337 [pool-629-thread-1] INFO  server.RaftServerConfigKeys (ConfUtils.java:logGet(43)) - raft.server.sleep.deviation.threshold = 300 (default)
2019-09-05 19:14:40,337 [pool-639-thread-1] INFO  storage.RaftStorageDirectory (RaftStorageDirectory.java:analyzeStorage(246)) - The storage directory /workdir/hadoop-ozone/integration-test/target/test-dir/MiniOzoneClusterImpl-a25a262c-8f45-494e-95da-2a3cd65c296f/datanode-5/data/ratis/cd766c30-273d-4576-bf8e-a2331387cca1 does not exist. Creating ...
2019-09-05 19:14:40,337 [pool-619-thread-1] INFO  server.RaftServerConfigKeys (ConfUtils.java:logGet(43)) - raft.server.sleep.deviation.threshold = 300 (default)
2019-09-05 19:14:40,338 [pool-629-thread-1] INFO  server.RaftServerConfigKeys (ConfUtils.java:logGet(43)) - raft.server.log.appender.install.snapshot.enabled = false (custom)
2019-09-05 19:14:40,338 [pool-619-thread-1] INFO  server.RaftServerConfigKeys (ConfUtils.java:logGet(43)) - raft.server.log.appender.install.snapshot.enabled = false (custom)
2019-09-05 19:14:40,338 [pool-629-thread-1] INFO  impl.RaftServerImpl (ServerState.java:<init>(105)) - 5aaf18d6-82cf-46f0-b977-f04590e1d3a6:group-A2331387CCA1 ConfigurationManager, init=-1: [943b6596-18e7-43fd-8a5b-4ca327f5c156:192.168.34.27:46583, 5aaf18d6-82cf-46f0-b977-f04590e1d3a6:192.168.34.27:41462, a9e96699-88a7-4abe-af5a-628e24b5bf3e:192.168.34.27:42426], old=null, confs=<EMPTY_MAP>
2019-09-05 19:14:40,338 [pool-619-thread-1] INFO  impl.RaftServerImpl (ServerState.java:<init>(105)) - a9e96699-88a7-4abe-af5a-628e24b5bf3e:group-A2331387CCA1 ConfigurationManager, init=-1: [943b6596-18e7-43fd-8a5b-4ca327f5c156:192.168.34.27:46583, 5aaf18d6-82cf-46f0-b977-f04590e1d3a6:192.168.34.27:41462, a9e96699-88a7-4abe-af5a-628e24b5bf3e:192.168.34.27:42426], old=null, confs=<EMPTY_MAP>
2019-09-05 19:14:40,338 [pool-629-thread-1] INFO  server.RaftServerConfigKeys (ConfUtils.java:logGet(43)) - raft.server.storage.dir = [/workdir/hadoop-ozone/integration-test/target/test-dir/MiniOzoneClusterImpl-a25a262c-8f45-494e-95da-2a3cd65c296f/datanode-4/data/ratis] (custom)
2019-09-05 19:14:40,338 [pool-619-thread-1] INFO  server.RaftServerConfigKeys (ConfUtils.java:logGet(43)) - raft.server.storage.dir = [/workdir/hadoop-ozone/integration-test/target/test-dir/MiniOzoneClusterImpl-a25a262c-8f45-494e-95da-2a3cd65c296f/datanode-3/data/ratis] (custom)
2019-09-05 19:14:40,338 [pool-629-thread-1] INFO  storage.RaftStorageDirectory (RaftStorageDirectory.java:analyzeStorage(246)) - The storage directory /workdir/hadoop-ozone/integration-test/target/test-dir/MiniOzoneClusterImpl-a25a262c-8f45-494e-95da-2a3cd65c296f/datanode-4/data/ratis/cd766c30-273d-4576-bf8e-a2331387cca1 does not exist. Creating ...
2019-09-05 19:14:40,338 [pool-619-thread-1] INFO  storage.RaftStorageDirectory (RaftStorageDirectory.java:analyzeStorage(246)) - The storage directory /workdir/hadoop-ozone/integration-test/target/test-dir/MiniOzoneClusterImpl-a25a262c-8f45-494e-95da-2a3cd65c296f/datanode-3/data/ratis/cd766c30-273d-4576-bf8e-a2331387cca1 does not exist. Creating ...
2019-09-05 19:14:40,398 [IPC Server handler 4 on 38729] INFO  net.NetworkTopology (NetworkTopologyImpl.java:add(110)) - Added a new node: /default-rack/93a24677-425c-47df-9104-516f69d4f044
2019-09-05 19:14:40,398 [main] INFO  ozone.MiniOzoneClusterImpl (MiniOzoneClusterImpl.java:lambda$waitForClusterToBeReady$0(140)) - Cluster is ready. Got 7 of 7 DN Heartbeats.
2019-09-05 19:14:40,398 [IPC Server handler 4 on 38729] INFO  node.SCMNodeManager (SCMNodeManager.java:register(266)) - Registered Data node : 93a24677-425c-47df-9104-516f69d4f044{ip: 192.168.34.27, host: pr-hdds-2015-5mx5w-4127483329, networkLocation: /default-rack, certSerialId: null}
2019-09-05 19:14:40,404 [pool-639-thread-1] INFO  storage.RaftStorageDirectory (RaftStorageDirectory.java:tryLock(328)) - Lock on /workdir/hadoop-ozone/integration-test/target/test-dir/MiniOzoneClusterImpl-a25a262c-8f45-494e-95da-2a3cd65c296f/datanode-5/data/ratis/cd766c30-273d-4576-bf8e-a2331387cca1/in_use.lock acquired by nodename 2584@pr-hdds-2015-5mx5w-4127483329
2019-09-05 19:14:40,404 [pool-619-thread-1] INFO  storage.RaftStorageDirectory (RaftStorageDirectory.java:tryLock(328)) - Lock on /workdir/hadoop-ozone/integration-test/target/test-dir/MiniOzoneClusterImpl-a25a262c-8f45-494e-95da-2a3cd65c296f/datanode-3/data/ratis/cd766c30-273d-4576-bf8e-a2331387cca1/in_use.lock acquired by nodename 2584@pr-hdds-2015-5mx5w-4127483329
2019-09-05 19:14:40,404 [pool-629-thread-1] INFO  storage.RaftStorageDirectory (RaftStorageDirectory.java:tryLock(328)) - Lock on /workdir/hadoop-ozone/integration-test/target/test-dir/MiniOzoneClusterImpl-a25a262c-8f45-494e-95da-2a3cd65c296f/datanode-4/data/ratis/cd766c30-273d-4576-bf8e-a2331387cca1/in_use.lock acquired by nodename 2584@pr-hdds-2015-5mx5w-4127483329
2019-09-05 19:14:40,428 [main] INFO  rpc.RpcClient (RpcClient.java:createVolume(298)) - Creating Volume: testblockoutputstream, with jenkins1000 as owner.
2019-09-05 19:14:40,453 [main] INFO  rpc.RpcClient (RpcClient.java:createBucket(437)) - Creating Bucket: testblockoutputstream/testblockoutputstream, with Versioning false and Storage Type set to DISK and Encryption set to false 
2019-09-05 19:14:40,506 [pool-629-thread-1] INFO  storage.RaftStorage (RaftStorage.java:format(72)) - Storage directory /workdir/hadoop-ozone/integration-test/target/test-dir/MiniOzoneClusterImpl-a25a262c-8f45-494e-95da-2a3cd65c296f/datanode-4/data/ratis/cd766c30-273d-4576-bf8e-a2331387cca1 has been successfully formatted.
2019-09-05 19:14:40,506 [pool-619-thread-1] INFO  storage.RaftStorage (RaftStorage.java:format(72)) - Storage directory /workdir/hadoop-ozone/integration-test/target/test-dir/MiniOzoneClusterImpl-a25a262c-8f45-494e-95da-2a3cd65c296f/datanode-3/data/ratis/cd766c30-273d-4576-bf8e-a2331387cca1 has been successfully formatted.
2019-09-05 19:14:40,506 [pool-639-thread-1] INFO  storage.RaftStorage (RaftStorage.java:format(72)) - Storage directory /workdir/hadoop-ozone/integration-test/target/test-dir/MiniOzoneClusterImpl-a25a262c-8f45-494e-95da-2a3cd65c296f/datanode-5/data/ratis/cd766c30-273d-4576-bf8e-a2331387cca1 has been successfully formatted.
2019-09-05 19:14:40,507 [pool-629-thread-1] INFO  ratis.ContainerStateMachine (ContainerStateMachine.java:loadSnapshot(227)) - group-A2331387CCA1: The snapshot info is null. Setting the last applied indexto:(t:0, i:~)
2019-09-05 19:14:40,507 [pool-639-thread-1] INFO  ratis.ContainerStateMachine (ContainerStateMachine.java:loadSnapshot(227)) - group-A2331387CCA1: The snapshot info is null. Setting the last applied indexto:(t:0, i:~)
2019-09-05 19:14:40,507 [pool-619-thread-1] INFO  ratis.ContainerStateMachine (ContainerStateMachine.java:loadSnapshot(227)) - group-A2331387CCA1: The snapshot info is null. Setting the last applied indexto:(t:0, i:~)
2019-09-05 19:14:40,507 [pool-639-thread-1] INFO  server.RaftServerConfigKeys (ConfUtils.java:logGet(43)) - raft.server.leader.election.timeout = 120s (custom)
2019-09-05 19:14:40,507 [pool-629-thread-1] INFO  server.RaftServerConfigKeys (ConfUtils.java:logGet(43)) - raft.server.leader.election.timeout = 120s (custom)
2019-09-05 19:14:40,507 [pool-639-thread-1] INFO  server.RaftServerConfigKeys (ConfUtils.java:logGet(43)) - raft.server.log.use.memory = false (default)
2019-09-05 19:14:40,507 [pool-619-thread-1] INFO  server.RaftServerConfigKeys (ConfUtils.java:logGet(43)) - raft.server.leader.election.timeout = 120s (custom)
2019-09-05 19:14:40,508 [pool-639-thread-1] INFO  server.RaftServerConfigKeys (ConfUtils.java:logGet(43)) - raft.server.log.purge.gap = 1000000 (custom)
2019-09-05 19:14:40,507 [pool-629-thread-1] INFO  server.RaftServerConfigKeys (ConfUtils.java:logGet(43)) - raft.server.log.use.memory = false (default)
2019-09-05 19:14:40,508 [pool-639-thread-1] INFO  server.RaftServerConfigKeys (ConfUtils.java:logGet(43)) - raft.server.log.appender.buffer.byte-limit = 33554432 (custom)
2019-09-05 19:14:40,508 [pool-619-thread-1] INFO  server.RaftServerConfigKeys (ConfUtils.java:logGet(43)) - raft.server.log.use.memory = false (default)
2019-09-05 19:14:40,508 [pool-639-thread-1] INFO  server.RaftServerConfigKeys (ConfUtils.java:logGet(43)) - raft.server.log.segment.size.max = 1048576 (custom)
2019-09-05 19:14:40,508 [pool-629-thread-1] INFO  server.RaftServerConfigKeys (ConfUtils.java:logGet(43)) - raft.server.log.purge.gap = 1000000 (custom)
2019-09-05 19:14:40,508 [pool-639-thread-1] INFO  server.RaftServerConfigKeys (ConfUtils.java:logGet(43)) - raft.server.log.segment.cache.num.max = 2 (custom)
2019-09-05 19:14:40,508 [pool-619-thread-1] INFO  server.RaftServerConfigKeys (ConfUtils.java:logGet(43)) - raft.server.log.purge.gap = 1000000 (custom)
2019-09-05 19:14:40,508 [pool-639-thread-1] INFO  segmented.SegmentedRaftLogWorker (SegmentedRaftLogWorker.java:<init>(172)) - new 943b6596-18e7-43fd-8a5b-4ca327f5c156-SegmentedRaftLogWorker:Storage Directory /workdir/hadoop-ozone/integration-test/target/test-dir/MiniOzoneClusterImpl-a25a262c-8f45-494e-95da-2a3cd65c296f/datanode-5/data/ratis/cd766c30-273d-4576-bf8e-a2331387cca1 for RaftStorage:Storage Directory /workdir/hadoop-ozone/integration-test/target/test-dir/MiniOzoneClusterImpl-a25a262c-8f45-494e-95da-2a3cd65c296f/datanode-5/data/ratis/cd766c30-273d-4576-bf8e-a2331387cca1
2019-09-05 19:14:40,508 [pool-629-thread-1] INFO  server.RaftServerConfigKeys (ConfUtils.java:logGet(43)) - raft.server.log.appender.buffer.byte-limit = 33554432 (custom)
2019-09-05 19:14:40,509 [pool-639-thread-1] INFO  server.RaftServerConfigKeys (ConfUtils.java:logGet(43)) - raft.server.log.queue.byte-limit = 2147483647 (custom)
2019-09-05 19:14:40,509 [pool-619-thread-1] INFO  server.RaftServerConfigKeys (ConfUtils.java:logGet(43)) - raft.server.log.appender.buffer.byte-limit = 33554432 (custom)
2019-09-05 19:14:40,509 [pool-639-thread-1] INFO  server.RaftServerConfigKeys (ConfUtils.java:logGet(43)) - raft.server.log.queue.element-limit = 1024 (custom)
2019-09-05 19:14:40,509 [pool-629-thread-1] INFO  server.RaftServerConfigKeys (ConfUtils.java:logGet(43)) - raft.server.log.segment.size.max = 1048576 (custom)
2019-09-05 19:14:40,509 [pool-639-thread-1] INFO  server.RaftServerConfigKeys (ConfUtils.java:logGet(43)) - raft.server.log.segment.size.max = 1048576 (custom)
2019-09-05 19:14:40,509 [pool-619-thread-1] INFO  server.RaftServerConfigKeys (ConfUtils.java:logGet(43)) - raft.server.log.segment.size.max = 1048576 (custom)
2019-09-05 19:14:40,509 [pool-639-thread-1] INFO  server.RaftServerConfigKeys (ConfUtils.java:logGet(43)) - raft.server.log.preallocated.size = 16384 (custom)
2019-09-05 19:14:40,510 [pool-639-thread-1] INFO  server.RaftServerConfigKeys (ConfUtils.java:logGet(43)) - raft.server.log.write.buffer.size = 33554432 (custom)
2019-09-05 19:14:40,509 [pool-629-thread-1] INFO  server.RaftServerConfigKeys (ConfUtils.java:logGet(43)) - raft.server.log.segment.cache.num.max = 2 (custom)
2019-09-05 19:14:40,510 [pool-639-thread-1] INFO  server.RaftServerConfigKeys (ConfUtils.java:logGet(43)) - raft.server.log.force.sync.num = 128 (default)
2019-09-05 19:14:40,510 [pool-619-thread-1] INFO  server.RaftServerConfigKeys (ConfUtils.java:logGet(43)) - raft.server.log.segment.cache.num.max = 2 (custom)
2019-09-05 19:14:40,510 [pool-639-thread-1] INFO  server.RaftServerConfigKeys (ConfUtils.java:logGet(43)) - raft.server.log.statemachine.data.sync = true (default)
2019-09-05 19:14:40,510 [pool-629-thread-1] INFO  segmented.SegmentedRaftLogWorker (SegmentedRaftLogWorker.java:<init>(172)) - new 5aaf18d6-82cf-46f0-b977-f04590e1d3a6-SegmentedRaftLogWorker:Storage Directory /workdir/hadoop-ozone/integration-test/target/test-dir/MiniOzoneClusterImpl-a25a262c-8f45-494e-95da-2a3cd65c296f/datanode-4/data/ratis/cd766c30-273d-4576-bf8e-a2331387cca1 for RaftStorage:Storage Directory /workdir/hadoop-ozone/integration-test/target/test-dir/MiniOzoneClusterImpl-a25a262c-8f45-494e-95da-2a3cd65c296f/datanode-4/data/ratis/cd766c30-273d-4576-bf8e-a2331387cca1
2019-09-05 19:14:40,510 [pool-639-thread-1] INFO  server.RaftServerConfigKeys (ConfUtils.java:logGet(43)) - raft.server.log.statemachine.data.sync.timeout = 10s (default)
2019-09-05 19:14:40,510 [pool-639-thread-1] INFO  server.RaftServerConfigKeys (ConfUtils.java:logGet(43)) - raft.server.log.statemachine.data.sync.timeout.retry = -1 (default)
2019-09-05 19:14:40,510 [pool-619-thread-1] INFO  segmented.SegmentedRaftLogWorker (SegmentedRaftLogWorker.java:<init>(172)) - new a9e96699-88a7-4abe-af5a-628e24b5bf3e-SegmentedRaftLogWorker:Storage Directory /workdir/hadoop-ozone/integration-test/target/test-dir/MiniOzoneClusterImpl-a25a262c-8f45-494e-95da-2a3cd65c296f/datanode-3/data/ratis/cd766c30-273d-4576-bf8e-a2331387cca1 for RaftStorage:Storage Directory /workdir/hadoop-ozone/integration-test/target/test-dir/MiniOzoneClusterImpl-a25a262c-8f45-494e-95da-2a3cd65c296f/datanode-3/data/ratis/cd766c30-273d-4576-bf8e-a2331387cca1
2019-09-05 19:14:40,511 [pool-639-thread-1] INFO  server.RaftServerConfigKeys (ConfUtils.java:logGet(43)) - raft.server.log.statemachine.data.caching.enabled = true (custom)
2019-09-05 19:14:40,510 [pool-629-thread-1] INFO  server.RaftServerConfigKeys (ConfUtils.java:logGet(43)) - raft.server.log.queue.byte-limit = 2147483647 (custom)
2019-09-05 19:14:40,511 [pool-619-thread-1] INFO  server.RaftServerConfigKeys (ConfUtils.java:logGet(43)) - raft.server.log.queue.byte-limit = 2147483647 (custom)
2019-09-05 19:14:40,511 [pool-639-thread-1] INFO  segmented.SegmentedRaftLogWorker (SegmentedRaftLogWorker.java:lambda$new$0(132)) - 943b6596-18e7-43fd-8a5b-4ca327f5c156-SegmentedRaftLogWorker:Storage Directory /workdir/hadoop-ozone/integration-test/target/test-dir/MiniOzoneClusterImpl-a25a262c-8f45-494e-95da-2a3cd65c296f/datanode-5/data/ratis/cd766c30-273d-4576-bf8e-a2331387cca1: flushIndex: setUnconditionally 0 -> -1
2019-09-05 19:14:40,511 [pool-629-thread-1] INFO  server.RaftServerConfigKeys (ConfUtils.java:logGet(43)) - raft.server.log.queue.element-limit = 1024 (custom)
2019-09-05 19:14:40,511 [pool-619-thread-1] INFO  server.RaftServerConfigKeys (ConfUtils.java:logGet(43)) - raft.server.log.queue.element-limit = 1024 (custom)
2019-09-05 19:14:40,511 [pool-639-thread-1] INFO  server.RaftServerConfigKeys (ConfUtils.java:logGet(43)) - raft.server.snapshot.auto.trigger.enabled = true (custom)
2019-09-05 19:14:40,511 [pool-629-thread-1] INFO  server.RaftServerConfigKeys (ConfUtils.java:logGet(43)) - raft.server.log.segment.size.max = 1048576 (custom)
2019-09-05 19:14:40,511 [pool-639-thread-1] INFO  server.RaftServerConfigKeys (ConfUtils.java:logGet(43)) - raft.server.snapshot.auto.trigger.threshold = 10000 (custom)
2019-09-05 19:14:40,511 [pool-619-thread-1] INFO  server.RaftServerConfigKeys (ConfUtils.java:logGet(43)) - raft.server.log.segment.size.max = 1048576 (custom)
2019-09-05 19:14:40,511 [pool-639-thread-1] INFO  server.RaftServerConfigKeys (ConfUtils.java:logGet(43)) - raft.server.retrycache.expirytime = 600000ms (custom)
2019-09-05 19:14:40,511 [pool-629-thread-1] INFO  server.RaftServerConfigKeys (ConfUtils.java:logGet(43)) - raft.server.log.preallocated.size = 16384 (custom)
2019-09-05 19:14:40,512 [pool-639-thread-1] INFO  impl.RaftServerImpl (RaftServerImpl.java:start(180)) - 943b6596-18e7-43fd-8a5b-4ca327f5c156: start group-A2331387CCA1
2019-09-05 19:14:40,512 [pool-619-thread-1] INFO  server.RaftServerConfigKeys (ConfUtils.java:logGet(43)) - raft.server.log.preallocated.size = 16384 (custom)
2019-09-05 19:14:40,512 [pool-639-thread-1] INFO  impl.RaftServerImpl (RaftServerImpl.java:setRole(171)) - 943b6596-18e7-43fd-8a5b-4ca327f5c156:group-A2331387CCA1 changes role from null to FOLLOWER at term 0 for startAsFollower
2019-09-05 19:14:40,512 [pool-629-thread-1] INFO  server.RaftServerConfigKeys (ConfUtils.java:logGet(43)) - raft.server.log.write.buffer.size = 33554432 (custom)
2019-09-05 19:14:40,512 [pool-639-thread-1] INFO  impl.RoleInfo (RoleInfo.java:updateAndGet(143)) - 943b6596-18e7-43fd-8a5b-4ca327f5c156: start FollowerState
2019-09-05 19:14:40,512 [pool-619-thread-1] INFO  server.RaftServerConfigKeys (ConfUtils.java:logGet(43)) - raft.server.log.write.buffer.size = 33554432 (custom)
2019-09-05 19:14:40,512 [pool-629-thread-1] INFO  server.RaftServerConfigKeys (ConfUtils.java:logGet(43)) - raft.server.log.force.sync.num = 128 (default)
2019-09-05 19:14:40,512 [pool-619-thread-1] INFO  server.RaftServerConfigKeys (ConfUtils.java:logGet(43)) - raft.server.log.force.sync.num = 128 (default)
2019-09-05 19:14:40,512 [pool-629-thread-1] INFO  server.RaftServerConfigKeys (ConfUtils.java:logGet(43)) - raft.server.log.statemachine.data.sync = true (default)
2019-09-05 19:14:40,512 [pool-639-thread-1] INFO  util.JmxRegister (JmxRegister.java:tryRegister(44)) - Successfully registered JMX Bean with object name Ratis:service=RaftServer,group=group-A2331387CCA1,id=943b6596-18e7-43fd-8a5b-4ca327f5c156
2019-09-05 19:14:40,512 [pool-619-thread-1] INFO  server.RaftServerConfigKeys (ConfUtils.java:logGet(43)) - raft.server.log.statemachine.data.sync = true (default)
2019-09-05 19:14:40,512 [pool-629-thread-1] INFO  server.RaftServerConfigKeys (ConfUtils.java:logGet(43)) - raft.server.log.statemachine.data.sync.timeout = 10s (default)
2019-09-05 19:14:40,513 [pool-619-thread-1] INFO  server.RaftServerConfigKeys (ConfUtils.java:logGet(43)) - raft.server.log.statemachine.data.sync.timeout = 10s (default)
2019-09-05 19:14:40,513 [pool-629-thread-1] INFO  server.RaftServerConfigKeys (ConfUtils.java:logGet(43)) - raft.server.log.statemachine.data.sync.timeout.retry = -1 (default)
2019-09-05 19:14:40,513 [pool-619-thread-1] INFO  server.RaftServerConfigKeys (ConfUtils.java:logGet(43)) - raft.server.log.statemachine.data.sync.timeout.retry = -1 (default)
2019-09-05 19:14:40,513 [pool-629-thread-1] INFO  server.RaftServerConfigKeys (ConfUtils.java:logGet(43)) - raft.server.log.statemachine.data.caching.enabled = true (custom)
2019-09-05 19:14:40,513 [pool-619-thread-1] INFO  server.RaftServerConfigKeys (ConfUtils.java:logGet(43)) - raft.server.log.statemachine.data.caching.enabled = true (custom)
2019-09-05 19:14:40,513 [pool-629-thread-1] INFO  segmented.SegmentedRaftLogWorker (SegmentedRaftLogWorker.java:lambda$new$0(132)) - 5aaf18d6-82cf-46f0-b977-f04590e1d3a6-SegmentedRaftLogWorker:Storage Directory /workdir/hadoop-ozone/integration-test/target/test-dir/MiniOzoneClusterImpl-a25a262c-8f45-494e-95da-2a3cd65c296f/datanode-4/data/ratis/cd766c30-273d-4576-bf8e-a2331387cca1: flushIndex: setUnconditionally 0 -> -1
2019-09-05 19:14:40,513 [pool-619-thread-1] INFO  segmented.SegmentedRaftLogWorker (SegmentedRaftLogWorker.java:lambda$new$0(132)) - a9e96699-88a7-4abe-af5a-628e24b5bf3e-SegmentedRaftLogWorker:Storage Directory /workdir/hadoop-ozone/integration-test/target/test-dir/MiniOzoneClusterImpl-a25a262c-8f45-494e-95da-2a3cd65c296f/datanode-3/data/ratis/cd766c30-273d-4576-bf8e-a2331387cca1: flushIndex: setUnconditionally 0 -> -1
2019-09-05 19:14:40,514 [pool-629-thread-1] INFO  server.RaftServerConfigKeys (ConfUtils.java:logGet(43)) - raft.server.snapshot.auto.trigger.enabled = true (custom)
2019-09-05 19:14:40,514 [pool-629-thread-1] INFO  server.RaftServerConfigKeys (ConfUtils.java:logGet(43)) - raft.server.snapshot.auto.trigger.threshold = 10000 (custom)
2019-09-05 19:14:40,514 [pool-619-thread-1] INFO  server.RaftServerConfigKeys (ConfUtils.java:logGet(43)) - raft.server.snapshot.auto.trigger.enabled = true (custom)
2019-09-05 19:14:40,514 [pool-629-thread-1] INFO  server.RaftServerConfigKeys (ConfUtils.java:logGet(43)) - raft.server.retrycache.expirytime = 600000ms (custom)
2019-09-05 19:14:40,514 [pool-619-thread-1] INFO  server.RaftServerConfigKeys (ConfUtils.java:logGet(43)) - raft.server.snapshot.auto.trigger.threshold = 10000 (custom)
2019-09-05 19:14:40,514 [pool-629-thread-1] INFO  impl.RaftServerImpl (RaftServerImpl.java:start(180)) - 5aaf18d6-82cf-46f0-b977-f04590e1d3a6: start group-A2331387CCA1
2019-09-05 19:14:40,514 [pool-619-thread-1] INFO  server.RaftServerConfigKeys (ConfUtils.java:logGet(43)) - raft.server.retrycache.expirytime = 600000ms (custom)
2019-09-05 19:14:40,514 [pool-629-thread-1] INFO  impl.RaftServerImpl (RaftServerImpl.java:setRole(171)) - 5aaf18d6-82cf-46f0-b977-f04590e1d3a6:group-A2331387CCA1 changes role from null to FOLLOWER at term 0 for startAsFollower
2019-09-05 19:14:40,514 [pool-619-thread-1] INFO  impl.RaftServerImpl (RaftServerImpl.java:start(180)) - a9e96699-88a7-4abe-af5a-628e24b5bf3e: start group-A2331387CCA1
2019-09-05 19:14:40,514 [pool-629-thread-1] INFO  impl.RoleInfo (RoleInfo.java:updateAndGet(143)) - 5aaf18d6-82cf-46f0-b977-f04590e1d3a6: start FollowerState
2019-09-05 19:14:40,514 [pool-619-thread-1] INFO  impl.RaftServerImpl (RaftServerImpl.java:setRole(171)) - a9e96699-88a7-4abe-af5a-628e24b5bf3e:group-A2331387CCA1 changes role from null to FOLLOWER at term 0 for startAsFollower
2019-09-05 19:14:40,515 [pool-619-thread-1] INFO  impl.RoleInfo (RoleInfo.java:updateAndGet(143)) - a9e96699-88a7-4abe-af5a-628e24b5bf3e: start FollowerState
2019-09-05 19:14:40,515 [pool-629-thread-1] INFO  util.JmxRegister (JmxRegister.java:tryRegister(44)) - Successfully registered JMX Bean with object name Ratis:service=RaftServer,group=group-A2331387CCA1,id=5aaf18d6-82cf-46f0-b977-f04590e1d3a6
2019-09-05 19:14:40,515 [pool-619-thread-1] INFO  util.JmxRegister (JmxRegister.java:tryRegister(44)) - Successfully registered JMX Bean with object name Ratis:service=RaftServer,group=group-A2331387CCA1,id=a9e96699-88a7-4abe-af5a-628e24b5bf3e
2019-09-05 19:14:40,517 [RatisPipelineUtilsThread] INFO  pipeline.PipelineStateManager (PipelineStateManager.java:addPipeline(56)) - Created pipeline Pipeline[ Id: cd766c30-273d-4576-bf8e-a2331387cca1, Nodes: 5aaf18d6-82cf-46f0-b977-f04590e1d3a6{ip: 192.168.34.27, host: pr-hdds-2015-5mx5w-4127483329, networkLocation: /default-rack, certSerialId: null}a9e96699-88a7-4abe-af5a-628e24b5bf3e{ip: 192.168.34.27, host: pr-hdds-2015-5mx5w-4127483329, networkLocation: /default-rack, certSerialId: null}943b6596-18e7-43fd-8a5b-4ca327f5c156{ip: 192.168.34.27, host: pr-hdds-2015-5mx5w-4127483329, networkLocation: /default-rack, certSerialId: null}, Type:RATIS, Factor:THREE, State:OPEN]
2019-09-05 19:14:40,538 [grpc-default-executor-12] INFO  client.GrpcClientProtocolClient (GrpcClientProtocolClient.java:onNext(255)) - client-1BC3F16B51CA->5aaf18d6-82cf-46f0-b977-f04590e1d3a6: receive RaftClientReply:client-1BC3F16B51CA->5aaf18d6-82cf-46f0-b977-f04590e1d3a6@group-A2331387CCA1, cid=230, FAILED org.apache.ratis.protocol.NotLeaderException: Server 5aaf18d6-82cf-46f0-b977-f04590e1d3a6 is not the leader (null). Request must be sent to leader., logIndex=0, commits[5aaf18d6-82cf-46f0-b977-f04590e1d3a6:c-1]
2019-09-05 19:14:41,551 [grpc-default-executor-0] INFO  client.GrpcClientProtocolClient (GrpcClientProtocolClient.java:onNext(255)) - client-1BC3F16B51CA->943b6596-18e7-43fd-8a5b-4ca327f5c156: receive RaftClientReply:client-1BC3F16B51CA->943b6596-18e7-43fd-8a5b-4ca327f5c156@group-A2331387CCA1, cid=230, FAILED org.apache.ratis.protocol.NotLeaderException: Server 943b6596-18e7-43fd-8a5b-4ca327f5c156 is not the leader (null). Request must be sent to leader., logIndex=0, commits[943b6596-18e7-43fd-8a5b-4ca327f5c156:c-1]
2019-09-05 19:14:42,562 [grpc-default-executor-0] INFO  client.GrpcClientProtocolClient (GrpcClientProtocolClient.java:onNext(255)) - client-1BC3F16B51CA->a9e96699-88a7-4abe-af5a-628e24b5bf3e: receive RaftClientReply:client-1BC3F16B51CA->a9e96699-88a7-4abe-af5a-628e24b5bf3e@group-A2331387CCA1, cid=230, FAILED org.apache.ratis.protocol.NotLeaderException: Server a9e96699-88a7-4abe-af5a-628e24b5bf3e is not the leader (null). Request must be sent to leader., logIndex=0, commits[a9e96699-88a7-4abe-af5a-628e24b5bf3e:c-1]
2019-09-05 19:14:42,825 [Thread-4370] INFO  container.ReplicationManager (ReplicationManager.java:start(162)) - Starting Replication Monitor Thread.
2019-09-05 19:14:42,829 [ReplicationMonitor] INFO  container.ReplicationManager (ReplicationManager.java:run(225)) - Replication Monitor Thread took 0 milliseconds for processing 1 containers.
2019-09-05 19:14:43,573 [grpc-default-executor-12] INFO  client.GrpcClientProtocolClient (GrpcClientProtocolClient.java:onNext(255)) - client-1BC3F16B51CA->943b6596-18e7-43fd-8a5b-4ca327f5c156: receive RaftClientReply:client-1BC3F16B51CA->943b6596-18e7-43fd-8a5b-4ca327f5c156@group-A2331387CCA1, cid=230, FAILED org.apache.ratis.protocol.NotLeaderException: Server 943b6596-18e7-43fd-8a5b-4ca327f5c156 is not the leader (null). Request must be sent to leader., logIndex=0, commits[943b6596-18e7-43fd-8a5b-4ca327f5c156:c-1]
2019-09-05 19:14:44,583 [grpc-default-executor-14] INFO  client.GrpcClientProtocolClient (GrpcClientProtocolClient.java:onNext(255)) - client-1BC3F16B51CA->5aaf18d6-82cf-46f0-b977-f04590e1d3a6: receive RaftClientReply:client-1BC3F16B51CA->5aaf18d6-82cf-46f0-b977-f04590e1d3a6@group-A2331387CCA1, cid=230, FAILED org.apache.ratis.protocol.NotLeaderException: Server 5aaf18d6-82cf-46f0-b977-f04590e1d3a6 is not the leader (null). Request must be sent to leader., logIndex=0, commits[5aaf18d6-82cf-46f0-b977-f04590e1d3a6:c-1]
2019-09-05 19:14:44,933 [Thread-4372] INFO  impl.FollowerState (FollowerState.java:run(106)) - 7acf8a2f-cb7a-4f1b-96ec-46e1b885d205:group-A378DB03281F changes to CANDIDATE, lastRpcTime:5065, electionTimeout:5065ms
2019-09-05 19:14:44,933 [Thread-4372] INFO  impl.RoleInfo (RoleInfo.java:shutdownFollowerState(121)) - 7acf8a2f-cb7a-4f1b-96ec-46e1b885d205: shutdown FollowerState
2019-09-05 19:14:44,933 [Thread-4372] INFO  impl.RaftServerImpl (RaftServerImpl.java:setRole(171)) - 7acf8a2f-cb7a-4f1b-96ec-46e1b885d205:group-A378DB03281F changes role from FOLLOWER to CANDIDATE at term 0 for changeToCandidate
2019-09-05 19:14:44,933 [Thread-4372] INFO  impl.RoleInfo (RoleInfo.java:updateAndGet(143)) - 7acf8a2f-cb7a-4f1b-96ec-46e1b885d205: start LeaderElection
2019-09-05 19:14:44,941 [Thread-4375] INFO  impl.FollowerState (FollowerState.java:run(106)) - 1ab43c44-0f65-4622-9835-adc63e393ac8:group-BDBE8E37C8D7 changes to CANDIDATE, lastRpcTime:5012, electionTimeout:5012ms
2019-09-05 19:14:44,941 [Thread-4375] INFO  impl.RoleInfo (RoleInfo.java:shutdownFollowerState(121)) - 1ab43c44-0f65-4622-9835-adc63e393ac8: shutdown FollowerState
2019-09-05 19:14:44,941 [Thread-4375] INFO  impl.RaftServerImpl (RaftServerImpl.java:setRole(171)) - 1ab43c44-0f65-4622-9835-adc63e393ac8:group-BDBE8E37C8D7 changes role from FOLLOWER to CANDIDATE at term 0 for changeToCandidate
2019-09-05 19:14:44,941 [Thread-4375] INFO  impl.RoleInfo (RoleInfo.java:updateAndGet(143)) - 1ab43c44-0f65-4622-9835-adc63e393ac8: start LeaderElection
2019-09-05 19:14:44,969 [7acf8a2f-cb7a-4f1b-96ec-46e1b885d205:group-A378DB03281F:LeaderElection74] INFO  impl.LeaderElection (LeaderElection.java:askForVotes(181)) - 7acf8a2f-cb7a-4f1b-96ec-46e1b885d205:group-A378DB03281F:LeaderElection74: begin an election at term 1 for -1: [7acf8a2f-cb7a-4f1b-96ec-46e1b885d205:192.168.34.27:46225], old=null
2019-09-05 19:14:44,969 [1ab43c44-0f65-4622-9835-adc63e393ac8:group-BDBE8E37C8D7:LeaderElection75] INFO  impl.LeaderElection (LeaderElection.java:askForVotes(181)) - 1ab43c44-0f65-4622-9835-adc63e393ac8:group-BDBE8E37C8D7:LeaderElection75: begin an election at term 1 for -1: [1ab43c44-0f65-4622-9835-adc63e393ac8:192.168.34.27:40799], old=null
2019-09-05 19:14:44,969 [7acf8a2f-cb7a-4f1b-96ec-46e1b885d205:group-A378DB03281F:LeaderElection74] INFO  impl.RoleInfo (RoleInfo.java:shutdownLeaderElection(134)) - 7acf8a2f-cb7a-4f1b-96ec-46e1b885d205: shutdown LeaderElection
2019-09-05 19:14:44,969 [1ab43c44-0f65-4622-9835-adc63e393ac8:group-BDBE8E37C8D7:LeaderElection75] INFO  impl.RoleInfo (RoleInfo.java:shutdownLeaderElection(134)) - 1ab43c44-0f65-4622-9835-adc63e393ac8: shutdown LeaderElection
2019-09-05 19:14:44,969 [7acf8a2f-cb7a-4f1b-96ec-46e1b885d205:group-A378DB03281F:LeaderElection74] INFO  impl.RaftServerImpl (RaftServerImpl.java:setRole(171)) - 7acf8a2f-cb7a-4f1b-96ec-46e1b885d205:group-A378DB03281F changes role from CANDIDATE to LEADER at term 1 for changeToLeader
2019-09-05 19:14:44,969 [1ab43c44-0f65-4622-9835-adc63e393ac8:group-BDBE8E37C8D7:LeaderElection75] INFO  impl.RaftServerImpl (RaftServerImpl.java:setRole(171)) - 1ab43c44-0f65-4622-9835-adc63e393ac8:group-BDBE8E37C8D7 changes role from CANDIDATE to LEADER at term 1 for changeToLeader
2019-09-05 19:14:44,969 [7acf8a2f-cb7a-4f1b-96ec-46e1b885d205:group-A378DB03281F:LeaderElection74] INFO  impl.RaftServerImpl (ServerState.java:setLeader(263)) - 7acf8a2f-cb7a-4f1b-96ec-46e1b885d205:group-A378DB03281F change Leader from null to 7acf8a2f-cb7a-4f1b-96ec-46e1b885d205 at term 1 for becomeLeader, leader elected after 5106ms
2019-09-05 19:14:44,969 [1ab43c44-0f65-4622-9835-adc63e393ac8:group-BDBE8E37C8D7:LeaderElection75] INFO  impl.RaftServerImpl (ServerState.java:setLeader(263)) - 1ab43c44-0f65-4622-9835-adc63e393ac8:group-BDBE8E37C8D7 change Leader from null to 1ab43c44-0f65-4622-9835-adc63e393ac8 at term 1 for becomeLeader, leader elected after 5044ms
2019-09-05 19:14:44,970 [7acf8a2f-cb7a-4f1b-96ec-46e1b885d205:group-A378DB03281F:LeaderElection74] INFO  server.RaftServerConfigKeys (ConfUtils.java:logGet(43)) - raft.server.staging.catchup.gap = 1000 (default)
2019-09-05 19:14:44,970 [1ab43c44-0f65-4622-9835-adc63e393ac8:group-BDBE8E37C8D7:LeaderElection75] INFO  server.RaftServerConfigKeys (ConfUtils.java:logGet(43)) - raft.server.staging.catchup.gap = 1000 (default)
2019-09-05 19:14:44,970 [7acf8a2f-cb7a-4f1b-96ec-46e1b885d205:group-A378DB03281F:LeaderElection74] INFO  server.RaftServerConfigKeys (ConfUtils.java:logGet(43)) - raft.server.rpc.sleep.time = 25ms (default)
2019-09-05 19:14:44,970 [1ab43c44-0f65-4622-9835-adc63e393ac8:group-BDBE8E37C8D7:LeaderElection75] INFO  server.RaftServerConfigKeys (ConfUtils.java:logGet(43)) - raft.server.rpc.sleep.time = 25ms (default)
2019-09-05 19:14:44,970 [7acf8a2f-cb7a-4f1b-96ec-46e1b885d205:group-A378DB03281F:LeaderElection74] INFO  server.RaftServerConfigKeys (ConfUtils.java:logGet(43)) - raft.server.write.element-limit = 4096 (default)
2019-09-05 19:14:44,970 [1ab43c44-0f65-4622-9835-adc63e393ac8:group-BDBE8E37C8D7:LeaderElection75] INFO  server.RaftServerConfigKeys (ConfUtils.java:logGet(43)) - raft.server.write.element-limit = 4096 (default)
2019-09-05 19:14:44,970 [7acf8a2f-cb7a-4f1b-96ec-46e1b885d205:group-A378DB03281F:LeaderElection74] INFO  server.RaftServerConfigKeys (ConfUtils.java:logGet(43)) - raft.server.watch.timeout = 10s (default)
2019-09-05 19:14:44,970 [1ab43c44-0f65-4622-9835-adc63e393ac8:group-BDBE8E37C8D7:LeaderElection75] INFO  server.RaftServerConfigKeys (ConfUtils.java:logGet(43)) - raft.server.watch.timeout = 10s (default)
2019-09-05 19:14:44,970 [7acf8a2f-cb7a-4f1b-96ec-46e1b885d205:group-A378DB03281F:LeaderElection74] INFO  server.RaftServerConfigKeys (ConfUtils.java:logGet(43)) - raft.server.watch.timeout.denomination = 1s (default)
2019-09-05 19:14:44,971 [1ab43c44-0f65-4622-9835-adc63e393ac8:group-BDBE8E37C8D7:LeaderElection75] INFO  server.RaftServerConfigKeys (ConfUtils.java:logGet(43)) - raft.server.watch.timeout.denomination = 1s (default)
2019-09-05 19:14:44,971 [7acf8a2f-cb7a-4f1b-96ec-46e1b885d205:group-A378DB03281F:LeaderElection74] INFO  server.RaftServerConfigKeys (ConfUtils.java:logGet(43)) - raft.server.watch.element-limit = 65536 (default)
2019-09-05 19:14:44,971 [1ab43c44-0f65-4622-9835-adc63e393ac8:group-BDBE8E37C8D7:LeaderElection75] INFO  server.RaftServerConfigKeys (ConfUtils.java:logGet(43)) - raft.server.watch.element-limit = 65536 (default)
2019-09-05 19:14:44,971 [7acf8a2f-cb7a-4f1b-96ec-46e1b885d205:group-A378DB03281F:LeaderElection74] INFO  impl.RoleInfo (RoleInfo.java:updateAndGet(143)) - 7acf8a2f-cb7a-4f1b-96ec-46e1b885d205: start LeaderState
2019-09-05 19:14:44,971 [1ab43c44-0f65-4622-9835-adc63e393ac8:group-BDBE8E37C8D7:LeaderElection75] INFO  impl.RoleInfo (RoleInfo.java:updateAndGet(143)) - 1ab43c44-0f65-4622-9835-adc63e393ac8: start LeaderState
2019-09-05 19:14:44,971 [7acf8a2f-cb7a-4f1b-96ec-46e1b885d205:group-A378DB03281F:LeaderElection74] INFO  segmented.SegmentedRaftLogWorker (SegmentedRaftLogWorker.java:startLogSegment(380)) - 7acf8a2f-cb7a-4f1b-96ec-46e1b885d205-SegmentedRaftLogWorker:Storage Directory /workdir/hadoop-ozone/integration-test/target/test-dir/MiniOzoneClusterImpl-a25a262c-8f45-494e-95da-2a3cd65c296f/datanode-0/data/ratis/aa97365f-60bf-4c43-8ffa-a378db03281f: Starting segment from index:0
2019-09-05 19:14:44,971 [1ab43c44-0f65-4622-9835-adc63e393ac8:group-BDBE8E37C8D7:LeaderElection75] INFO  segmented.SegmentedRaftLogWorker (SegmentedRaftLogWorker.java:startLogSegment(380)) - 1ab43c44-0f65-4622-9835-adc63e393ac8-SegmentedRaftLogWorker:Storage Directory /workdir/hadoop-ozone/integration-test/target/test-dir/MiniOzoneClusterImpl-a25a262c-8f45-494e-95da-2a3cd65c296f/datanode-1/data/ratis/eb5fcc50-d5ad-43a7-8335-bdbe8e37c8d7: Starting segment from index:0
2019-09-05 19:14:44,972 [7acf8a2f-cb7a-4f1b-96ec-46e1b885d205:group-A378DB03281F:LeaderElection74] INFO  impl.RaftServerImpl (ServerState.java:setRaftConf(361)) - 7acf8a2f-cb7a-4f1b-96ec-46e1b885d205:group-A378DB03281F set configuration 0: [7acf8a2f-cb7a-4f1b-96ec-46e1b885d205:192.168.34.27:46225], old=null at 0
2019-09-05 19:14:44,972 [1ab43c44-0f65-4622-9835-adc63e393ac8:group-BDBE8E37C8D7:LeaderElection75] INFO  impl.RaftServerImpl (ServerState.java:setRaftConf(361)) - 1ab43c44-0f65-4622-9835-adc63e393ac8:group-BDBE8E37C8D7 set configuration 0: [1ab43c44-0f65-4622-9835-adc63e393ac8:192.168.34.27:40799], old=null at 0
2019-09-05 19:14:44,999 [7acf8a2f-cb7a-4f1b-96ec-46e1b885d205-SegmentedRaftLogWorker:Storage Directory /workdir/hadoop-ozone/integration-test/target/test-dir/MiniOzoneClusterImpl-a25a262c-8f45-494e-95da-2a3cd65c296f/datanode-0/data/ratis/aa97365f-60bf-4c43-8ffa-a378db03281f] INFO  segmented.SegmentedRaftLogWorker (SegmentedRaftLogWorker.java:execute(569)) - 7acf8a2f-cb7a-4f1b-96ec-46e1b885d205-SegmentedRaftLogWorker:Storage Directory /workdir/hadoop-ozone/integration-test/target/test-dir/MiniOzoneClusterImpl-a25a262c-8f45-494e-95da-2a3cd65c296f/datanode-0/data/ratis/aa97365f-60bf-4c43-8ffa-a378db03281f: created new log segment /workdir/hadoop-ozone/integration-test/target/test-dir/MiniOzoneClusterImpl-a25a262c-8f45-494e-95da-2a3cd65c296f/datanode-0/data/ratis/aa97365f-60bf-4c43-8ffa-a378db03281f/current/log_inprogress_0
2019-09-05 19:14:44,999 [1ab43c44-0f65-4622-9835-adc63e393ac8-SegmentedRaftLogWorker:Storage Directory /workdir/hadoop-ozone/integration-test/target/test-dir/MiniOzoneClusterImpl-a25a262c-8f45-494e-95da-2a3cd65c296f/datanode-1/data/ratis/eb5fcc50-d5ad-43a7-8335-bdbe8e37c8d7] INFO  segmented.SegmentedRaftLogWorker (SegmentedRaftLogWorker.java:execute(569)) - 1ab43c44-0f65-4622-9835-adc63e393ac8-SegmentedRaftLogWorker:Storage Directory /workdir/hadoop-ozone/integration-test/target/test-dir/MiniOzoneClusterImpl-a25a262c-8f45-494e-95da-2a3cd65c296f/datanode-1/data/ratis/eb5fcc50-d5ad-43a7-8335-bdbe8e37c8d7: created new log segment /workdir/hadoop-ozone/integration-test/target/test-dir/MiniOzoneClusterImpl-a25a262c-8f45-494e-95da-2a3cd65c296f/datanode-1/data/ratis/eb5fcc50-d5ad-43a7-8335-bdbe8e37c8d7/current/log_inprogress_0
2019-09-05 19:14:45,105 [Thread-4386] INFO  impl.FollowerState (FollowerState.java:run(106)) - 1ab43c44-0f65-4622-9835-adc63e393ac8:group-44A28433BC03 changes to CANDIDATE, lastRpcTime:5046, electionTimeout:5046ms
2019-09-05 19:14:45,105 [Thread-4386] INFO  impl.RoleInfo (RoleInfo.java:shutdownFollowerState(121)) - 1ab43c44-0f65-4622-9835-adc63e393ac8: shutdown FollowerState
2019-09-05 19:14:45,105 [Thread-4386] INFO  impl.RaftServerImpl (RaftServerImpl.java:setRole(171)) - 1ab43c44-0f65-4622-9835-adc63e393ac8:group-44A28433BC03 changes role from FOLLOWER to CANDIDATE at term 0 for changeToCandidate
2019-09-05 19:14:45,106 [Thread-4386] INFO  impl.RoleInfo (RoleInfo.java:updateAndGet(143)) - 1ab43c44-0f65-4622-9835-adc63e393ac8: start LeaderElection
2019-09-05 19:14:45,135 [1ab43c44-0f65-4622-9835-adc63e393ac8:group-44A28433BC03:LeaderElection76] INFO  impl.LeaderElection (LeaderElection.java:askForVotes(181)) - 1ab43c44-0f65-4622-9835-adc63e393ac8:group-44A28433BC03:LeaderElection76: begin an election at term 1 for -1: [bc285176-9d9b-4fac-8659-fbfd5417a358:192.168.34.27:36477, 7acf8a2f-cb7a-4f1b-96ec-46e1b885d205:192.168.34.27:46225, 1ab43c44-0f65-4622-9835-adc63e393ac8:192.168.34.27:40799], old=null
2019-09-05 19:14:45,137 [Thread-4381] INFO  impl.FollowerState (FollowerState.java:run(106)) - bc285176-9d9b-4fac-8659-fbfd5417a358:group-44A28433BC03 changes to CANDIDATE, lastRpcTime:5080, electionTimeout:5080ms
2019-09-05 19:14:45,137 [Thread-4381] INFO  impl.RoleInfo (RoleInfo.java:shutdownFollowerState(121)) - bc285176-9d9b-4fac-8659-fbfd5417a358: shutdown FollowerState
2019-09-05 19:14:45,137 [Thread-4381] INFO  impl.RaftServerImpl (RaftServerImpl.java:setRole(171)) - bc285176-9d9b-4fac-8659-fbfd5417a358:group-44A28433BC03 changes role from FOLLOWER to CANDIDATE at term 0 for changeToCandidate
2019-09-05 19:14:45,137 [Thread-4381] INFO  impl.RoleInfo (RoleInfo.java:updateAndGet(143)) - bc285176-9d9b-4fac-8659-fbfd5417a358: start LeaderElection
2019-09-05 19:14:45,143 [grpc-default-executor-14] INFO  impl.RaftServerImpl (RaftServerImpl.java:setRole(171)) - 7acf8a2f-cb7a-4f1b-96ec-46e1b885d205:group-44A28433BC03 changes role from FOLLOWER to FOLLOWER at term 1 for recognizeCandidate:1ab43c44-0f65-4622-9835-adc63e393ac8
2019-09-05 19:14:45,143 [grpc-default-executor-14] INFO  impl.RoleInfo (RoleInfo.java:shutdownFollowerState(121)) - 7acf8a2f-cb7a-4f1b-96ec-46e1b885d205: shutdown FollowerState
2019-09-05 19:14:45,143 [grpc-default-executor-14] INFO  impl.RoleInfo (RoleInfo.java:updateAndGet(143)) - 7acf8a2f-cb7a-4f1b-96ec-46e1b885d205: start FollowerState
2019-09-05 19:14:45,143 [Thread-4385] INFO  impl.FollowerState (FollowerState.java:run(114)) - 7acf8a2f-cb7a-4f1b-96ec-46e1b885d205: FollowerState was interrupted: java.lang.InterruptedException: sleep interrupted
2019-09-05 19:14:45,156 [bc285176-9d9b-4fac-8659-fbfd5417a358:group-44A28433BC03:LeaderElection77] INFO  impl.LeaderElection (LeaderElection.java:askForVotes(181)) - bc285176-9d9b-4fac-8659-fbfd5417a358:group-44A28433BC03:LeaderElection77: begin an election at term 1 for -1: [bc285176-9d9b-4fac-8659-fbfd5417a358:192.168.34.27:36477, 7acf8a2f-cb7a-4f1b-96ec-46e1b885d205:192.168.34.27:46225, 1ab43c44-0f65-4622-9835-adc63e393ac8:192.168.34.27:40799], old=null
2019-09-05 19:14:45,162 [1ab43c44-0f65-4622-9835-adc63e393ac8:group-44A28433BC03:LeaderElection76] INFO  impl.LeaderElection (LeaderElection.java:logAndReturn(56)) - 1ab43c44-0f65-4622-9835-adc63e393ac8:group-44A28433BC03:LeaderElection76: Election PASSED; received 2 response(s) [1ab43c44-0f65-4622-9835-adc63e393ac8<-bc285176-9d9b-4fac-8659-fbfd5417a358#0:FAIL-t1, 1ab43c44-0f65-4622-9835-adc63e393ac8<-7acf8a2f-cb7a-4f1b-96ec-46e1b885d205#0:OK-t1] and 0 exception(s); 1ab43c44-0f65-4622-9835-adc63e393ac8:t1, leader=null, voted=1ab43c44-0f65-4622-9835-adc63e393ac8, raftlog=1ab43c44-0f65-4622-9835-adc63e393ac8-SegmentedRaftLog:OPENED:c-1,f-1,i0, conf=-1: [bc285176-9d9b-4fac-8659-fbfd5417a358:192.168.34.27:36477, 7acf8a2f-cb7a-4f1b-96ec-46e1b885d205:192.168.34.27:46225, 1ab43c44-0f65-4622-9835-adc63e393ac8:192.168.34.27:40799], old=null
2019-09-05 19:14:45,163 [1ab43c44-0f65-4622-9835-adc63e393ac8:group-44A28433BC03:LeaderElection76] INFO  impl.RoleInfo (RoleInfo.java:shutdownLeaderElection(134)) - 1ab43c44-0f65-4622-9835-adc63e393ac8: shutdown LeaderElection
2019-09-05 19:14:45,163 [1ab43c44-0f65-4622-9835-adc63e393ac8:group-44A28433BC03:LeaderElection76] INFO  impl.RaftServerImpl (RaftServerImpl.java:setRole(171)) - 1ab43c44-0f65-4622-9835-adc63e393ac8:group-44A28433BC03 changes role from CANDIDATE to LEADER at term 1 for changeToLeader
2019-09-05 19:14:45,163 [1ab43c44-0f65-4622-9835-adc63e393ac8:group-44A28433BC03:LeaderElection76] INFO  impl.RaftServerImpl (ServerState.java:setLeader(263)) - 1ab43c44-0f65-4622-9835-adc63e393ac8:group-44A28433BC03 change Leader from null to 1ab43c44-0f65-4622-9835-adc63e393ac8 at term 1 for becomeLeader, leader elected after 5112ms
2019-09-05 19:14:45,163 [1ab43c44-0f65-4622-9835-adc63e393ac8:group-44A28433BC03:LeaderElection76] INFO  server.RaftServerConfigKeys (ConfUtils.java:logGet(43)) - raft.server.staging.catchup.gap = 1000 (default)
2019-09-05 19:14:45,163 [1ab43c44-0f65-4622-9835-adc63e393ac8:group-44A28433BC03:LeaderElection76] INFO  server.RaftServerConfigKeys (ConfUtils.java:logGet(43)) - raft.server.rpc.sleep.time = 25ms (default)
2019-09-05 19:14:45,164 [1ab43c44-0f65-4622-9835-adc63e393ac8:group-44A28433BC03:LeaderElection76] INFO  server.RaftServerConfigKeys (ConfUtils.java:logGet(43)) - raft.server.write.element-limit = 4096 (default)
2019-09-05 19:14:45,164 [1ab43c44-0f65-4622-9835-adc63e393ac8:group-44A28433BC03:LeaderElection76] INFO  server.RaftServerConfigKeys (ConfUtils.java:logGet(43)) - raft.server.watch.timeout = 10s (default)
2019-09-05 19:14:45,164 [1ab43c44-0f65-4622-9835-adc63e393ac8:group-44A28433BC03:LeaderElection76] INFO  server.RaftServerConfigKeys (ConfUtils.java:logGet(43)) - raft.server.watch.timeout.denomination = 1s (default)
2019-09-05 19:14:45,164 [1ab43c44-0f65-4622-9835-adc63e393ac8:group-44A28433BC03:LeaderElection76] INFO  server.RaftServerConfigKeys (ConfUtils.java:logGet(43)) - raft.server.watch.element-limit = 65536 (default)
2019-09-05 19:14:45,164 [1ab43c44-0f65-4622-9835-adc63e393ac8:group-44A28433BC03:LeaderElection76] INFO  server.RaftServerConfigKeys (ConfUtils.java:logGet(43)) - raft.server.log.appender.snapshot.chunk.size.max = 16MB (=16777216) (default)
2019-09-05 19:14:45,164 [1ab43c44-0f65-4622-9835-adc63e393ac8:group-44A28433BC03:LeaderElection76] INFO  server.RaftServerConfigKeys (ConfUtils.java:logGet(43)) - raft.server.log.appender.buffer.byte-limit = 33554432 (custom)
2019-09-05 19:14:45,165 [Thread-4378] INFO  impl.FollowerState (FollowerState.java:run(106)) - bc285176-9d9b-4fac-8659-fbfd5417a358:group-BF1877E1495C changes to CANDIDATE, lastRpcTime:5167, electionTimeout:5167ms
2019-09-05 19:14:45,165 [1ab43c44-0f65-4622-9835-adc63e393ac8:group-44A28433BC03:LeaderElection76] INFO  server.RaftServerConfigKeys (ConfUtils.java:logGet(43)) - raft.server.log.appender.buffer.element-limit = 1 (custom)
2019-09-05 19:14:45,165 [Thread-4378] INFO  impl.RoleInfo (RoleInfo.java:shutdownFollowerState(121)) - bc285176-9d9b-4fac-8659-fbfd5417a358: shutdown FollowerState
2019-09-05 19:14:45,165 [1ab43c44-0f65-4622-9835-adc63e393ac8:group-44A28433BC03:LeaderElection76] INFO  grpc.GrpcConfigKeys$Server (ConfUtils.java:logGet(43)) - raft.grpc.server.leader.outstanding.appends.max = 128 (default)
2019-09-05 19:14:45,165 [Thread-4378] INFO  impl.RaftServerImpl (RaftServerImpl.java:setRole(171)) - bc285176-9d9b-4fac-8659-fbfd5417a358:group-BF1877E1495C changes role from FOLLOWER to CANDIDATE at term 0 for changeToCandidate
2019-09-05 19:14:45,165 [Thread-4378] INFO  impl.RoleInfo (RoleInfo.java:updateAndGet(143)) - bc285176-9d9b-4fac-8659-fbfd5417a358: start LeaderElection
2019-09-05 19:14:45,165 [1ab43c44-0f65-4622-9835-adc63e393ac8:group-44A28433BC03:LeaderElection76] INFO  server.RaftServerConfigKeys (ConfUtils.java:logGet(43)) - raft.server.rpc.request.timeout = 3000ms (default)
2019-09-05 19:14:45,168 [1ab43c44-0f65-4622-9835-adc63e393ac8:group-44A28433BC03:LeaderElection76] INFO  server.RaftServerConfigKeys (ConfUtils.java:logGet(43)) - raft.server.log.appender.install.snapshot.enabled = false (custom)
2019-09-05 19:14:45,169 [1ab43c44-0f65-4622-9835-adc63e393ac8:group-44A28433BC03:LeaderElection76] INFO  server.RaftServerConfigKeys (ConfUtils.java:logGet(43)) - raft.server.log.appender.snapshot.chunk.size.max = 16MB (=16777216) (default)
2019-09-05 19:14:45,169 [1ab43c44-0f65-4622-9835-adc63e393ac8:group-44A28433BC03:LeaderElection76] INFO  server.RaftServerConfigKeys (ConfUtils.java:logGet(43)) - raft.server.log.appender.buffer.byte-limit = 33554432 (custom)
2019-09-05 19:14:45,169 [1ab43c44-0f65-4622-9835-adc63e393ac8:group-44A28433BC03:LeaderElection76] INFO  server.RaftServerConfigKeys (ConfUtils.java:logGet(43)) - raft.server.log.appender.buffer.element-limit = 1 (custom)
2019-09-05 19:14:45,169 [1ab43c44-0f65-4622-9835-adc63e393ac8:group-44A28433BC03:LeaderElection76] INFO  grpc.GrpcConfigKeys$Server (ConfUtils.java:logGet(43)) - raft.grpc.server.leader.outstanding.appends.max = 128 (default)
2019-09-05 19:14:45,169 [1ab43c44-0f65-4622-9835-adc63e393ac8:group-44A28433BC03:LeaderElection76] INFO  server.RaftServerConfigKeys (ConfUtils.java:logGet(43)) - raft.server.rpc.request.timeout = 3000ms (default)
2019-09-05 19:14:45,169 [1ab43c44-0f65-4622-9835-adc63e393ac8:group-44A28433BC03:LeaderElection76] INFO  server.RaftServerConfigKeys (ConfUtils.java:logGet(43)) - raft.server.log.appender.install.snapshot.enabled = false (custom)
2019-09-05 19:14:45,174 [bc285176-9d9b-4fac-8659-fbfd5417a358:group-BF1877E1495C:LeaderElection78] INFO  impl.LeaderElection (LeaderElection.java:askForVotes(181)) - bc285176-9d9b-4fac-8659-fbfd5417a358:group-BF1877E1495C:LeaderElection78: begin an election at term 1 for -1: [bc285176-9d9b-4fac-8659-fbfd5417a358:192.168.34.27:36477], old=null
2019-09-05 19:14:45,174 [1ab43c44-0f65-4622-9835-adc63e393ac8:group-44A28433BC03:LeaderElection76] INFO  impl.RoleInfo (RoleInfo.java:updateAndGet(143)) - 1ab43c44-0f65-4622-9835-adc63e393ac8: start LeaderState
2019-09-05 19:14:45,174 [bc285176-9d9b-4fac-8659-fbfd5417a358:group-BF1877E1495C:LeaderElection78] INFO  impl.RoleInfo (RoleInfo.java:shutdownLeaderElection(134)) - bc285176-9d9b-4fac-8659-fbfd5417a358: shutdown LeaderElection
2019-09-05 19:14:45,174 [bc285176-9d9b-4fac-8659-fbfd5417a358:group-BF1877E1495C:LeaderElection78] INFO  impl.RaftServerImpl (RaftServerImpl.java:setRole(171)) - bc285176-9d9b-4fac-8659-fbfd5417a358:group-BF1877E1495C changes role from CANDIDATE to LEADER at term 1 for changeToLeader
2019-09-05 19:14:45,174 [1ab43c44-0f65-4622-9835-adc63e393ac8:group-44A28433BC03:LeaderElection76] INFO  segmented.SegmentedRaftLogWorker (SegmentedRaftLogWorker.java:startLogSegment(380)) - 1ab43c44-0f65-4622-9835-adc63e393ac8-SegmentedRaftLogWorker:Storage Directory /workdir/hadoop-ozone/integration-test/target/test-dir/MiniOzoneClusterImpl-a25a262c-8f45-494e-95da-2a3cd65c296f/datanode-1/data/ratis/a7d4c1ec-9fa8-423b-8b88-44a28433bc03: Starting segment from index:0
2019-09-05 19:14:45,174 [bc285176-9d9b-4fac-8659-fbfd5417a358:group-BF1877E1495C:LeaderElection78] INFO  impl.RaftServerImpl (ServerState.java:setLeader(263)) - bc285176-9d9b-4fac-8659-fbfd5417a358:group-BF1877E1495C change Leader from null to bc285176-9d9b-4fac-8659-fbfd5417a358 at term 1 for becomeLeader, leader elected after 5180ms
2019-09-05 19:14:45,175 [bc285176-9d9b-4fac-8659-fbfd5417a358:group-BF1877E1495C:LeaderElection78] INFO  server.RaftServerConfigKeys (ConfUtils.java:logGet(43)) - raft.server.staging.catchup.gap = 1000 (default)
2019-09-05 19:14:45,175 [bc285176-9d9b-4fac-8659-fbfd5417a358:group-BF1877E1495C:LeaderElection78] INFO  server.RaftServerConfigKeys (ConfUtils.java:logGet(43)) - raft.server.rpc.sleep.time = 25ms (default)
2019-09-05 19:14:45,175 [1ab43c44-0f65-4622-9835-adc63e393ac8:group-44A28433BC03:LeaderElection76] INFO  impl.RaftServerImpl (ServerState.java:setRaftConf(361)) - 1ab43c44-0f65-4622-9835-adc63e393ac8:group-44A28433BC03 set configuration 0: [bc285176-9d9b-4fac-8659-fbfd5417a358:192.168.34.27:36477, 7acf8a2f-cb7a-4f1b-96ec-46e1b885d205:192.168.34.27:46225, 1ab43c44-0f65-4622-9835-adc63e393ac8:192.168.34.27:40799], old=null at 0
2019-09-05 19:14:45,175 [bc285176-9d9b-4fac-8659-fbfd5417a358:group-BF1877E1495C:LeaderElection78] INFO  server.RaftServerConfigKeys (ConfUtils.java:logGet(43)) - raft.server.write.element-limit = 4096 (default)
2019-09-05 19:14:45,188 [grpc-default-executor-12] INFO  impl.RaftServerImpl (RaftServerImpl.java:requestVote(754)) - 1ab43c44-0f65-4622-9835-adc63e393ac8-LEADER: Withhold vote from candidate bc285176-9d9b-4fac-8659-fbfd5417a358 with term 1. State: leader=1ab43c44-0f65-4622-9835-adc63e393ac8, term=1, lastRpcElapsed=null
2019-09-05 19:14:45,189 [bc285176-9d9b-4fac-8659-fbfd5417a358:group-BF1877E1495C:LeaderElection78] INFO  server.RaftServerConfigKeys (ConfUtils.java:logGet(43)) - raft.server.watch.timeout = 10s (default)
2019-09-05 19:14:45,189 [bc285176-9d9b-4fac-8659-fbfd5417a358:group-BF1877E1495C:LeaderElection78] INFO  server.RaftServerConfigKeys (ConfUtils.java:logGet(43)) - raft.server.watch.timeout.denomination = 1s (default)
2019-09-05 19:14:45,189 [bc285176-9d9b-4fac-8659-fbfd5417a358:group-BF1877E1495C:LeaderElection78] INFO  server.RaftServerConfigKeys (ConfUtils.java:logGet(43)) - raft.server.watch.element-limit = 65536 (default)
2019-09-05 19:14:45,189 [bc285176-9d9b-4fac-8659-fbfd5417a358:group-BF1877E1495C:LeaderElection78] INFO  impl.RoleInfo (RoleInfo.java:updateAndGet(143)) - bc285176-9d9b-4fac-8659-fbfd5417a358: start LeaderState
2019-09-05 19:14:45,189 [bc285176-9d9b-4fac-8659-fbfd5417a358:group-BF1877E1495C:LeaderElection78] INFO  segmented.SegmentedRaftLogWorker (SegmentedRaftLogWorker.java:startLogSegment(380)) - bc285176-9d9b-4fac-8659-fbfd5417a358-SegmentedRaftLogWorker:Storage Directory /workdir/hadoop-ozone/integration-test/target/test-dir/MiniOzoneClusterImpl-a25a262c-8f45-494e-95da-2a3cd65c296f/datanode-2/data/ratis/5c56ae86-f09e-405d-acdb-bf1877e1495c: Starting segment from index:0
2019-09-05 19:14:45,189 [bc285176-9d9b-4fac-8659-fbfd5417a358:group-44A28433BC03:LeaderElection77] INFO  impl.LeaderElection (LeaderElection.java:logAndReturn(56)) - bc285176-9d9b-4fac-8659-fbfd5417a358:group-44A28433BC03:LeaderElection77: Election REJECTED; received 2 response(s) [bc285176-9d9b-4fac-8659-fbfd5417a358<-7acf8a2f-cb7a-4f1b-96ec-46e1b885d205#0:FAIL-t1, bc285176-9d9b-4fac-8659-fbfd5417a358<-1ab43c44-0f65-4622-9835-adc63e393ac8#0:FAIL-t1] and 0 exception(s); bc285176-9d9b-4fac-8659-fbfd5417a358:t1, leader=null, voted=bc285176-9d9b-4fac-8659-fbfd5417a358, raftlog=bc285176-9d9b-4fac-8659-fbfd5417a358-SegmentedRaftLog:OPENED:c-1,f-1,i0, conf=-1: [bc285176-9d9b-4fac-8659-fbfd5417a358:192.168.34.27:36477, 7acf8a2f-cb7a-4f1b-96ec-46e1b885d205:192.168.34.27:46225, 1ab43c44-0f65-4622-9835-adc63e393ac8:192.168.34.27:40799], old=null
2019-09-05 19:14:45,190 [grpc-default-executor-12] INFO  impl.RaftServerImpl (ServerState.java:setLeader(263)) - 7acf8a2f-cb7a-4f1b-96ec-46e1b885d205:group-44A28433BC03 change Leader from null to 1ab43c44-0f65-4622-9835-adc63e393ac8 at term 1 for appendEntries, leader elected after 5139ms
2019-09-05 19:14:45,190 [bc285176-9d9b-4fac-8659-fbfd5417a358:group-44A28433BC03:LeaderElection77] INFO  impl.RaftServerImpl (RaftServerImpl.java:setRole(171)) - bc285176-9d9b-4fac-8659-fbfd5417a358:group-44A28433BC03 changes role from CANDIDATE to FOLLOWER at term 1 for DISCOVERED_A_NEW_TERM
2019-09-05 19:14:45,190 [bc285176-9d9b-4fac-8659-fbfd5417a358:group-BF1877E1495C:LeaderElection78] INFO  impl.RaftServerImpl (ServerState.java:setRaftConf(361)) - bc285176-9d9b-4fac-8659-fbfd5417a358:group-BF1877E1495C set configuration 0: [bc285176-9d9b-4fac-8659-fbfd5417a358:192.168.34.27:36477], old=null at 0
2019-09-05 19:14:45,190 [bc285176-9d9b-4fac-8659-fbfd5417a358:group-44A28433BC03:LeaderElection77] INFO  impl.RoleInfo (RoleInfo.java:shutdownLeaderElection(134)) - bc285176-9d9b-4fac-8659-fbfd5417a358: shutdown LeaderElection
2019-09-05 19:14:45,204 [1ab43c44-0f65-4622-9835-adc63e393ac8-SegmentedRaftLogWorker:Storage Directory /workdir/hadoop-ozone/integration-test/target/test-dir/MiniOzoneClusterImpl-a25a262c-8f45-494e-95da-2a3cd65c296f/datanode-1/data/ratis/a7d4c1ec-9fa8-423b-8b88-44a28433bc03] INFO  segmented.SegmentedRaftLogWorker (SegmentedRaftLogWorker.java:execute(569)) - 1ab43c44-0f65-4622-9835-adc63e393ac8-SegmentedRaftLogWorker:Storage Directory /workdir/hadoop-ozone/integration-test/target/test-dir/MiniOzoneClusterImpl-a25a262c-8f45-494e-95da-2a3cd65c296f/datanode-1/data/ratis/a7d4c1ec-9fa8-423b-8b88-44a28433bc03: created new log segment /workdir/hadoop-ozone/integration-test/target/test-dir/MiniOzoneClusterImpl-a25a262c-8f45-494e-95da-2a3cd65c296f/datanode-1/data/ratis/a7d4c1ec-9fa8-423b-8b88-44a28433bc03/current/log_inprogress_0
2019-09-05 19:14:45,204 [bc285176-9d9b-4fac-8659-fbfd5417a358:group-44A28433BC03:LeaderElection77] INFO  impl.RoleInfo (RoleInfo.java:updateAndGet(143)) - bc285176-9d9b-4fac-8659-fbfd5417a358: start FollowerState
2019-09-05 19:14:45,205 [grpc-default-executor-0] INFO  impl.RaftServerImpl (ServerState.java:setLeader(263)) - bc285176-9d9b-4fac-8659-fbfd5417a358:group-44A28433BC03 change Leader from null to 1ab43c44-0f65-4622-9835-adc63e393ac8 at term 1 for appendEntries, leader elected after 5154ms
2019-09-05 19:14:45,206 [grpc-default-executor-0] INFO  impl.RaftServerImpl (ServerState.java:setRaftConf(361)) - bc285176-9d9b-4fac-8659-fbfd5417a358:group-44A28433BC03 set configuration 0: [bc285176-9d9b-4fac-8659-fbfd5417a358:192.168.34.27:36477, 7acf8a2f-cb7a-4f1b-96ec-46e1b885d205:192.168.34.27:46225, 1ab43c44-0f65-4622-9835-adc63e393ac8:192.168.34.27:40799], old=null at 0
2019-09-05 19:14:45,206 [grpc-default-executor-12] INFO  impl.RaftServerImpl (ServerState.java:setRaftConf(361)) - 7acf8a2f-cb7a-4f1b-96ec-46e1b885d205:group-44A28433BC03 set configuration 0: [bc285176-9d9b-4fac-8659-fbfd5417a358:192.168.34.27:36477, 7acf8a2f-cb7a-4f1b-96ec-46e1b885d205:192.168.34.27:46225, 1ab43c44-0f65-4622-9835-adc63e393ac8:192.168.34.27:40799], old=null at 0
2019-09-05 19:14:45,206 [grpc-default-executor-0] INFO  segmented.SegmentedRaftLogWorker (SegmentedRaftLogWorker.java:startLogSegment(380)) - bc285176-9d9b-4fac-8659-fbfd5417a358-SegmentedRaftLogWorker:Storage Directory /workdir/hadoop-ozone/integration-test/target/test-dir/MiniOzoneClusterImpl-a25a262c-8f45-494e-95da-2a3cd65c296f/datanode-2/data/ratis/a7d4c1ec-9fa8-423b-8b88-44a28433bc03: Starting segment from index:0
2019-09-05 19:14:45,206 [grpc-default-executor-12] INFO  segmented.SegmentedRaftLogWorker (SegmentedRaftLogWorker.java:startLogSegment(380)) - 7acf8a2f-cb7a-4f1b-96ec-46e1b885d205-SegmentedRaftLogWorker:Storage Directory /workdir/hadoop-ozone/integration-test/target/test-dir/MiniOzoneClusterImpl-a25a262c-8f45-494e-95da-2a3cd65c296f/datanode-0/data/ratis/a7d4c1ec-9fa8-423b-8b88-44a28433bc03: Starting segment from index:0
2019-09-05 19:14:45,208 [bc285176-9d9b-4fac-8659-fbfd5417a358-SegmentedRaftLogWorker:Storage Directory /workdir/hadoop-ozone/integration-test/target/test-dir/MiniOzoneClusterImpl-a25a262c-8f45-494e-95da-2a3cd65c296f/datanode-2/data/ratis/5c56ae86-f09e-405d-acdb-bf1877e1495c] INFO  segmented.SegmentedRaftLogWorker (SegmentedRaftLogWorker.java:execute(569)) - bc285176-9d9b-4fac-8659-fbfd5417a358-SegmentedRaftLogWorker:Storage Directory /workdir/hadoop-ozone/integration-test/target/test-dir/MiniOzoneClusterImpl-a25a262c-8f45-494e-95da-2a3cd65c296f/datanode-2/data/ratis/5c56ae86-f09e-405d-acdb-bf1877e1495c: created new log segment /workdir/hadoop-ozone/integration-test/target/test-dir/MiniOzoneClusterImpl-a25a262c-8f45-494e-95da-2a3cd65c296f/datanode-2/data/ratis/5c56ae86-f09e-405d-acdb-bf1877e1495c/current/log_inprogress_0
2019-09-05 19:14:45,224 [7acf8a2f-cb7a-4f1b-96ec-46e1b885d205-SegmentedRaftLogWorker:Storage Directory /workdir/hadoop-ozone/integration-test/target/test-dir/MiniOzoneClusterImpl-a25a262c-8f45-494e-95da-2a3cd65c296f/datanode-0/data/ratis/a7d4c1ec-9fa8-423b-8b88-44a28433bc03] INFO  segmented.SegmentedRaftLogWorker (SegmentedRaftLogWorker.java:execute(569)) - 7acf8a2f-cb7a-4f1b-96ec-46e1b885d205-SegmentedRaftLogWorker:Storage Directory /workdir/hadoop-ozone/integration-test/target/test-dir/MiniOzoneClusterImpl-a25a262c-8f45-494e-95da-2a3cd65c296f/datanode-0/data/ratis/a7d4c1ec-9fa8-423b-8b88-44a28433bc03: created new log segment /workdir/hadoop-ozone/integration-test/target/test-dir/MiniOzoneClusterImpl-a25a262c-8f45-494e-95da-2a3cd65c296f/datanode-0/data/ratis/a7d4c1ec-9fa8-423b-8b88-44a28433bc03/current/log_inprogress_0
2019-09-05 19:14:45,242 [Thread-4390] INFO  impl.FollowerState (FollowerState.java:run(106)) - 5aaf18d6-82cf-46f0-b977-f04590e1d3a6:group-BC3804185AEE changes to CANDIDATE, lastRpcTime:5107, electionTimeout:5107ms
2019-09-05 19:14:45,242 [Thread-4390] INFO  impl.RoleInfo (RoleInfo.java:shutdownFollowerState(121)) - 5aaf18d6-82cf-46f0-b977-f04590e1d3a6: shutdown FollowerState
2019-09-05 19:14:45,242 [Thread-4390] INFO  impl.RaftServerImpl (RaftServerImpl.java:setRole(171)) - 5aaf18d6-82cf-46f0-b977-f04590e1d3a6:group-BC3804185AEE changes role from FOLLOWER to CANDIDATE at term 0 for changeToCandidate
2019-09-05 19:14:45,243 [Thread-4390] INFO  impl.RoleInfo (RoleInfo.java:updateAndGet(143)) - 5aaf18d6-82cf-46f0-b977-f04590e1d3a6: start LeaderElection
2019-09-05 19:14:45,245 [bc285176-9d9b-4fac-8659-fbfd5417a358-SegmentedRaftLogWorker:Storage Directory /workdir/hadoop-ozone/integration-test/target/test-dir/MiniOzoneClusterImpl-a25a262c-8f45-494e-95da-2a3cd65c296f/datanode-2/data/ratis/a7d4c1ec-9fa8-423b-8b88-44a28433bc03] INFO  segmented.SegmentedRaftLogWorker (SegmentedRaftLogWorker.java:execute(569)) - bc285176-9d9b-4fac-8659-fbfd5417a358-SegmentedRaftLogWorker:Storage Directory /workdir/hadoop-ozone/integration-test/target/test-dir/MiniOzoneClusterImpl-a25a262c-8f45-494e-95da-2a3cd65c296f/datanode-2/data/ratis/a7d4c1ec-9fa8-423b-8b88-44a28433bc03: created new log segment /workdir/hadoop-ozone/integration-test/target/test-dir/MiniOzoneClusterImpl-a25a262c-8f45-494e-95da-2a3cd65c296f/datanode-2/data/ratis/a7d4c1ec-9fa8-423b-8b88-44a28433bc03/current/log_inprogress_0
2019-09-05 19:14:45,258 [5aaf18d6-82cf-46f0-b977-f04590e1d3a6:group-BC3804185AEE:LeaderElection79] INFO  impl.LeaderElection (LeaderElection.java:askForVotes(181)) - 5aaf18d6-82cf-46f0-b977-f04590e1d3a6:group-BC3804185AEE:LeaderElection79: begin an election at term 1 for -1: [5aaf18d6-82cf-46f0-b977-f04590e1d3a6:192.168.34.27:41462], old=null
2019-09-05 19:14:45,258 [5aaf18d6-82cf-46f0-b977-f04590e1d3a6:group-BC3804185AEE:LeaderElection79] INFO  impl.RoleInfo (RoleInfo.java:shutdownLeaderElection(134)) - 5aaf18d6-82cf-46f0-b977-f04590e1d3a6: shutdown LeaderElection
2019-09-05 19:14:45,258 [5aaf18d6-82cf-46f0-b977-f04590e1d3a6:group-BC3804185AEE:LeaderElection79] INFO  impl.RaftServerImpl (RaftServerImpl.java:setRole(171)) - 5aaf18d6-82cf-46f0-b977-f04590e1d3a6:group-BC3804185AEE changes role from CANDIDATE to LEADER at term 1 for changeToLeader
2019-09-05 19:14:45,258 [5aaf18d6-82cf-46f0-b977-f04590e1d3a6:group-BC3804185AEE:LeaderElection79] INFO  impl.RaftServerImpl (ServerState.java:setLeader(263)) - 5aaf18d6-82cf-46f0-b977-f04590e1d3a6:group-BC3804185AEE change Leader from null to 5aaf18d6-82cf-46f0-b977-f04590e1d3a6 at term 1 for becomeLeader, leader elected after 5127ms
2019-09-05 19:14:45,258 [5aaf18d6-82cf-46f0-b977-f04590e1d3a6:group-BC3804185AEE:LeaderElection79] INFO  server.RaftServerConfigKeys (ConfUtils.java:logGet(43)) - raft.server.staging.catchup.gap = 1000 (default)
2019-09-05 19:14:45,259 [5aaf18d6-82cf-46f0-b977-f04590e1d3a6:group-BC3804185AEE:LeaderElection79] INFO  server.RaftServerConfigKeys (ConfUtils.java:logGet(43)) - raft.server.rpc.sleep.time = 25ms (default)
2019-09-05 19:14:45,259 [5aaf18d6-82cf-46f0-b977-f04590e1d3a6:group-BC3804185AEE:LeaderElection79] INFO  server.RaftServerConfigKeys (ConfUtils.java:logGet(43)) - raft.server.write.element-limit = 4096 (default)
2019-09-05 19:14:45,259 [5aaf18d6-82cf-46f0-b977-f04590e1d3a6:group-BC3804185AEE:LeaderElection79] INFO  server.RaftServerConfigKeys (ConfUtils.java:logGet(43)) - raft.server.watch.timeout = 10s (default)
2019-09-05 19:14:45,259 [5aaf18d6-82cf-46f0-b977-f04590e1d3a6:group-BC3804185AEE:LeaderElection79] INFO  server.RaftServerConfigKeys (ConfUtils.java:logGet(43)) - raft.server.watch.timeout.denomination = 1s (default)
2019-09-05 19:14:45,259 [5aaf18d6-82cf-46f0-b977-f04590e1d3a6:group-BC3804185AEE:LeaderElection79] INFO  server.RaftServerConfigKeys (ConfUtils.java:logGet(43)) - raft.server.watch.element-limit = 65536 (default)
2019-09-05 19:14:45,259 [5aaf18d6-82cf-46f0-b977-f04590e1d3a6:group-BC3804185AEE:LeaderElection79] INFO  impl.RoleInfo (RoleInfo.java:updateAndGet(143)) - 5aaf18d6-82cf-46f0-b977-f04590e1d3a6: start LeaderState
2019-09-05 19:14:45,259 [5aaf18d6-82cf-46f0-b977-f04590e1d3a6:group-BC3804185AEE:LeaderElection79] INFO  segmented.SegmentedRaftLogWorker (SegmentedRaftLogWorker.java:startLogSegment(380)) - 5aaf18d6-82cf-46f0-b977-f04590e1d3a6-SegmentedRaftLogWorker:Storage Directory /workdir/hadoop-ozone/integration-test/target/test-dir/MiniOzoneClusterImpl-a25a262c-8f45-494e-95da-2a3cd65c296f/datanode-4/data/ratis/d3d062d9-0eb4-49de-b415-bc3804185aee: Starting segment from index:0
2019-09-05 19:14:45,259 [5aaf18d6-82cf-46f0-b977-f04590e1d3a6:group-BC3804185AEE:LeaderElection79] INFO  impl.RaftServerImpl (ServerState.java:setRaftConf(361)) - 5aaf18d6-82cf-46f0-b977-f04590e1d3a6:group-BC3804185AEE set configuration 0: [5aaf18d6-82cf-46f0-b977-f04590e1d3a6:192.168.34.27:41462], old=null at 0
2019-09-05 19:14:45,286 [5aaf18d6-82cf-46f0-b977-f04590e1d3a6-SegmentedRaftLogWorker:Storage Directory /workdir/hadoop-ozone/integration-test/target/test-dir/MiniOzoneClusterImpl-a25a262c-8f45-494e-95da-2a3cd65c296f/datanode-4/data/ratis/d3d062d9-0eb4-49de-b415-bc3804185aee] INFO  segmented.SegmentedRaftLogWorker (SegmentedRaftLogWorker.java:execute(569)) - 5aaf18d6-82cf-46f0-b977-f04590e1d3a6-SegmentedRaftLogWorker:Storage Directory /workdir/hadoop-ozone/integration-test/target/test-dir/MiniOzoneClusterImpl-a25a262c-8f45-494e-95da-2a3cd65c296f/datanode-4/data/ratis/d3d062d9-0eb4-49de-b415-bc3804185aee: created new log segment /workdir/hadoop-ozone/integration-test/target/test-dir/MiniOzoneClusterImpl-a25a262c-8f45-494e-95da-2a3cd65c296f/datanode-4/data/ratis/d3d062d9-0eb4-49de-b415-bc3804185aee/current/log_inprogress_0
2019-09-05 19:14:45,363 [Thread-4394] INFO  impl.FollowerState (FollowerState.java:run(106)) - a9e96699-88a7-4abe-af5a-628e24b5bf3e:group-B69C1DB62367 changes to CANDIDATE, lastRpcTime:5151, electionTimeout:5151ms
2019-09-05 19:14:45,363 [Thread-4394] INFO  impl.RoleInfo (RoleInfo.java:shutdownFollowerState(121)) - a9e96699-88a7-4abe-af5a-628e24b5bf3e: shutdown FollowerState
2019-09-05 19:14:45,363 [Thread-4394] INFO  impl.RaftServerImpl (RaftServerImpl.java:setRole(171)) - a9e96699-88a7-4abe-af5a-628e24b5bf3e:group-B69C1DB62367 changes role from FOLLOWER to CANDIDATE at term 0 for changeToCandidate
2019-09-05 19:14:45,363 [Thread-4394] INFO  impl.RoleInfo (RoleInfo.java:updateAndGet(143)) - a9e96699-88a7-4abe-af5a-628e24b5bf3e: start LeaderElection
2019-09-05 19:14:45,380 [a9e96699-88a7-4abe-af5a-628e24b5bf3e:group-B69C1DB62367:LeaderElection80] INFO  impl.LeaderElection (LeaderElection.java:askForVotes(181)) - a9e96699-88a7-4abe-af5a-628e24b5bf3e:group-B69C1DB62367:LeaderElection80: begin an election at term 1 for -1: [a9e96699-88a7-4abe-af5a-628e24b5bf3e:192.168.34.27:42426], old=null
2019-09-05 19:14:45,380 [a9e96699-88a7-4abe-af5a-628e24b5bf3e:group-B69C1DB62367:LeaderElection80] INFO  impl.RoleInfo (RoleInfo.java:shutdownLeaderElection(134)) - a9e96699-88a7-4abe-af5a-628e24b5bf3e: shutdown LeaderElection
2019-09-05 19:14:45,380 [a9e96699-88a7-4abe-af5a-628e24b5bf3e:group-B69C1DB62367:LeaderElection80] INFO  impl.RaftServerImpl (RaftServerImpl.java:setRole(171)) - a9e96699-88a7-4abe-af5a-628e24b5bf3e:group-B69C1DB62367 changes role from CANDIDATE to LEADER at term 1 for changeToLeader
2019-09-05 19:14:45,380 [a9e96699-88a7-4abe-af5a-628e24b5bf3e:group-B69C1DB62367:LeaderElection80] INFO  impl.RaftServerImpl (ServerState.java:setLeader(263)) - a9e96699-88a7-4abe-af5a-628e24b5bf3e:group-B69C1DB62367 change Leader from null to a9e96699-88a7-4abe-af5a-628e24b5bf3e at term 1 for becomeLeader, leader elected after 5173ms
2019-09-05 19:14:45,381 [a9e96699-88a7-4abe-af5a-628e24b5bf3e:group-B69C1DB62367:LeaderElection80] INFO  server.RaftServerConfigKeys (ConfUtils.java:logGet(43)) - raft.server.staging.catchup.gap = 1000 (default)
2019-09-05 19:14:45,381 [a9e96699-88a7-4abe-af5a-628e24b5bf3e:group-B69C1DB62367:LeaderElection80] INFO  server.RaftServerConfigKeys (ConfUtils.java:logGet(43)) - raft.server.rpc.sleep.time = 25ms (default)
2019-09-05 19:14:45,381 [a9e96699-88a7-4abe-af5a-628e24b5bf3e:group-B69C1DB62367:LeaderElection80] INFO  server.RaftServerConfigKeys (ConfUtils.java:logGet(43)) - raft.server.write.element-limit = 4096 (default)
2019-09-05 19:14:45,381 [a9e96699-88a7-4abe-af5a-628e24b5bf3e:group-B69C1DB62367:LeaderElection80] INFO  server.RaftServerConfigKeys (ConfUtils.java:logGet(43)) - raft.server.watch.timeout = 10s (default)
2019-09-05 19:14:45,381 [a9e96699-88a7-4abe-af5a-628e24b5bf3e:group-B69C1DB62367:LeaderElection80] INFO  server.RaftServerConfigKeys (ConfUtils.java:logGet(43)) - raft.server.watch.timeout.denomination = 1s (default)
2019-09-05 19:14:45,381 [a9e96699-88a7-4abe-af5a-628e24b5bf3e:group-B69C1DB62367:LeaderElection80] INFO  server.RaftServerConfigKeys (ConfUtils.java:logGet(43)) - raft.server.watch.element-limit = 65536 (default)
2019-09-05 19:14:45,381 [a9e96699-88a7-4abe-af5a-628e24b5bf3e:group-B69C1DB62367:LeaderElection80] INFO  impl.RoleInfo (RoleInfo.java:updateAndGet(143)) - a9e96699-88a7-4abe-af5a-628e24b5bf3e: start LeaderState
2019-09-05 19:14:45,382 [a9e96699-88a7-4abe-af5a-628e24b5bf3e:group-B69C1DB62367:LeaderElection80] INFO  segmented.SegmentedRaftLogWorker (SegmentedRaftLogWorker.java:startLogSegment(380)) - a9e96699-88a7-4abe-af5a-628e24b5bf3e-SegmentedRaftLogWorker:Storage Directory /workdir/hadoop-ozone/integration-test/target/test-dir/MiniOzoneClusterImpl-a25a262c-8f45-494e-95da-2a3cd65c296f/datanode-3/data/ratis/f514a603-adb0-4c2e-a867-b69c1db62367: Starting segment from index:0
2019-09-05 19:14:45,382 [a9e96699-88a7-4abe-af5a-628e24b5bf3e:group-B69C1DB62367:LeaderElection80] INFO  impl.RaftServerImpl (ServerState.java:setRaftConf(361)) - a9e96699-88a7-4abe-af5a-628e24b5bf3e:group-B69C1DB62367 set configuration 0: [a9e96699-88a7-4abe-af5a-628e24b5bf3e:192.168.34.27:42426], old=null at 0
2019-09-05 19:14:45,409 [a9e96699-88a7-4abe-af5a-628e24b5bf3e-SegmentedRaftLogWorker:Storage Directory /workdir/hadoop-ozone/integration-test/target/test-dir/MiniOzoneClusterImpl-a25a262c-8f45-494e-95da-2a3cd65c296f/datanode-3/data/ratis/f514a603-adb0-4c2e-a867-b69c1db62367] INFO  segmented.SegmentedRaftLogWorker (SegmentedRaftLogWorker.java:execute(569)) - a9e96699-88a7-4abe-af5a-628e24b5bf3e-SegmentedRaftLogWorker:Storage Directory /workdir/hadoop-ozone/integration-test/target/test-dir/MiniOzoneClusterImpl-a25a262c-8f45-494e-95da-2a3cd65c296f/datanode-3/data/ratis/f514a603-adb0-4c2e-a867-b69c1db62367: created new log segment /workdir/hadoop-ozone/integration-test/target/test-dir/MiniOzoneClusterImpl-a25a262c-8f45-494e-95da-2a3cd65c296f/datanode-3/data/ratis/f514a603-adb0-4c2e-a867-b69c1db62367/current/log_inprogress_0
2019-09-05 19:14:45,484 [Thread-4397] INFO  impl.FollowerState (FollowerState.java:run(106)) - 943b6596-18e7-43fd-8a5b-4ca327f5c156:group-AEDAAE588FFE changes to CANDIDATE, lastRpcTime:5158, electionTimeout:5158ms
2019-09-05 19:14:45,484 [Thread-4397] INFO  impl.RoleInfo (RoleInfo.java:shutdownFollowerState(121)) - 943b6596-18e7-43fd-8a5b-4ca327f5c156: shutdown FollowerState
2019-09-05 19:14:45,484 [Thread-4397] INFO  impl.RaftServerImpl (RaftServerImpl.java:setRole(171)) - 943b6596-18e7-43fd-8a5b-4ca327f5c156:group-AEDAAE588FFE changes role from FOLLOWER to CANDIDATE at term 0 for changeToCandidate
2019-09-05 19:14:45,484 [Thread-4397] INFO  impl.RoleInfo (RoleInfo.java:updateAndGet(143)) - 943b6596-18e7-43fd-8a5b-4ca327f5c156: start LeaderElection
2019-09-05 19:14:45,500 [943b6596-18e7-43fd-8a5b-4ca327f5c156:group-AEDAAE588FFE:LeaderElection81] INFO  impl.LeaderElection (LeaderElection.java:askForVotes(181)) - 943b6596-18e7-43fd-8a5b-4ca327f5c156:group-AEDAAE588FFE:LeaderElection81: begin an election at term 1 for -1: [943b6596-18e7-43fd-8a5b-4ca327f5c156:192.168.34.27:46583], old=null
2019-09-05 19:14:45,500 [943b6596-18e7-43fd-8a5b-4ca327f5c156:group-AEDAAE588FFE:LeaderElection81] INFO  impl.RoleInfo (RoleInfo.java:shutdownLeaderElection(134)) - 943b6596-18e7-43fd-8a5b-4ca327f5c156: shutdown LeaderElection
2019-09-05 19:14:45,500 [943b6596-18e7-43fd-8a5b-4ca327f5c156:group-AEDAAE588FFE:LeaderElection81] INFO  impl.RaftServerImpl (RaftServerImpl.java:setRole(171)) - 943b6596-18e7-43fd-8a5b-4ca327f5c156:group-AEDAAE588FFE changes role from CANDIDATE to LEADER at term 1 for changeToLeader
2019-09-05 19:14:45,500 [943b6596-18e7-43fd-8a5b-4ca327f5c156:group-AEDAAE588FFE:LeaderElection81] INFO  impl.RaftServerImpl (ServerState.java:setLeader(263)) - 943b6596-18e7-43fd-8a5b-4ca327f5c156:group-AEDAAE588FFE change Leader from null to 943b6596-18e7-43fd-8a5b-4ca327f5c156 at term 1 for becomeLeader, leader elected after 5177ms
2019-09-05 19:14:45,500 [943b6596-18e7-43fd-8a5b-4ca327f5c156:group-AEDAAE588FFE:LeaderElection81] INFO  server.RaftServerConfigKeys (ConfUtils.java:logGet(43)) - raft.server.staging.catchup.gap = 1000 (default)
2019-09-05 19:14:45,500 [943b6596-18e7-43fd-8a5b-4ca327f5c156:group-AEDAAE588FFE:LeaderElection81] INFO  server.RaftServerConfigKeys (ConfUtils.java:logGet(43)) - raft.server.rpc.sleep.time = 25ms (default)
2019-09-05 19:14:45,500 [943b6596-18e7-43fd-8a5b-4ca327f5c156:group-AEDAAE588FFE:LeaderElection81] INFO  server.RaftServerConfigKeys (ConfUtils.java:logGet(43)) - raft.server.write.element-limit = 4096 (default)
2019-09-05 19:14:45,501 [943b6596-18e7-43fd-8a5b-4ca327f5c156:group-AEDAAE588FFE:LeaderElection81] INFO  server.RaftServerConfigKeys (ConfUtils.java:logGet(43)) - raft.server.watch.timeout = 10s (default)
2019-09-05 19:14:45,501 [943b6596-18e7-43fd-8a5b-4ca327f5c156:group-AEDAAE588FFE:LeaderElection81] INFO  server.RaftServerConfigKeys (ConfUtils.java:logGet(43)) - raft.server.watch.timeout.denomination = 1s (default)
2019-09-05 19:14:45,501 [943b6596-18e7-43fd-8a5b-4ca327f5c156:group-AEDAAE588FFE:LeaderElection81] INFO  server.RaftServerConfigKeys (ConfUtils.java:logGet(43)) - raft.server.watch.element-limit = 65536 (default)
2019-09-05 19:14:45,501 [943b6596-18e7-43fd-8a5b-4ca327f5c156:group-AEDAAE588FFE:LeaderElection81] INFO  impl.RoleInfo (RoleInfo.java:updateAndGet(143)) - 943b6596-18e7-43fd-8a5b-4ca327f5c156: start LeaderState
2019-09-05 19:14:45,501 [943b6596-18e7-43fd-8a5b-4ca327f5c156:group-AEDAAE588FFE:LeaderElection81] INFO  segmented.SegmentedRaftLogWorker (SegmentedRaftLogWorker.java:startLogSegment(380)) - 943b6596-18e7-43fd-8a5b-4ca327f5c156-SegmentedRaftLogWorker:Storage Directory /workdir/hadoop-ozone/integration-test/target/test-dir/MiniOzoneClusterImpl-a25a262c-8f45-494e-95da-2a3cd65c296f/datanode-5/data/ratis/76dfdd8d-66d0-4a65-89ac-aedaae588ffe: Starting segment from index:0
2019-09-05 19:14:45,502 [943b6596-18e7-43fd-8a5b-4ca327f5c156:group-AEDAAE588FFE:LeaderElection81] INFO  impl.RaftServerImpl (ServerState.java:setRaftConf(361)) - 943b6596-18e7-43fd-8a5b-4ca327f5c156:group-AEDAAE588FFE set configuration 0: [943b6596-18e7-43fd-8a5b-4ca327f5c156:192.168.34.27:46583], old=null at 0
2019-09-05 19:14:45,525 [Thread-4407] INFO  impl.FollowerState (FollowerState.java:run(106)) - a9e96699-88a7-4abe-af5a-628e24b5bf3e:group-A2331387CCA1 changes to CANDIDATE, lastRpcTime:5010, electionTimeout:5010ms
2019-09-05 19:14:45,525 [Thread-4407] INFO  impl.RoleInfo (RoleInfo.java:shutdownFollowerState(121)) - a9e96699-88a7-4abe-af5a-628e24b5bf3e: shutdown FollowerState
2019-09-05 19:14:45,526 [Thread-4407] INFO  impl.RaftServerImpl (RaftServerImpl.java:setRole(171)) - a9e96699-88a7-4abe-af5a-628e24b5bf3e:group-A2331387CCA1 changes role from FOLLOWER to CANDIDATE at term 0 for changeToCandidate
2019-09-05 19:14:45,526 [Thread-4407] INFO  impl.RoleInfo (RoleInfo.java:updateAndGet(143)) - a9e96699-88a7-4abe-af5a-628e24b5bf3e: start LeaderElection
2019-09-05 19:14:45,530 [943b6596-18e7-43fd-8a5b-4ca327f5c156-SegmentedRaftLogWorker:Storage Directory /workdir/hadoop-ozone/integration-test/target/test-dir/MiniOzoneClusterImpl-a25a262c-8f45-494e-95da-2a3cd65c296f/datanode-5/data/ratis/76dfdd8d-66d0-4a65-89ac-aedaae588ffe] INFO  segmented.SegmentedRaftLogWorker (SegmentedRaftLogWorker.java:execute(569)) - 943b6596-18e7-43fd-8a5b-4ca327f5c156-SegmentedRaftLogWorker:Storage Directory /workdir/hadoop-ozone/integration-test/target/test-dir/MiniOzoneClusterImpl-a25a262c-8f45-494e-95da-2a3cd65c296f/datanode-5/data/ratis/76dfdd8d-66d0-4a65-89ac-aedaae588ffe: created new log segment /workdir/hadoop-ozone/integration-test/target/test-dir/MiniOzoneClusterImpl-a25a262c-8f45-494e-95da-2a3cd65c296f/datanode-5/data/ratis/76dfdd8d-66d0-4a65-89ac-aedaae588ffe/current/log_inprogress_0
2019-09-05 19:14:45,533 [a9e96699-88a7-4abe-af5a-628e24b5bf3e:group-A2331387CCA1:LeaderElection82] INFO  impl.LeaderElection (LeaderElection.java:askForVotes(181)) - a9e96699-88a7-4abe-af5a-628e24b5bf3e:group-A2331387CCA1:LeaderElection82: begin an election at term 1 for -1: [943b6596-18e7-43fd-8a5b-4ca327f5c156:192.168.34.27:46583, 5aaf18d6-82cf-46f0-b977-f04590e1d3a6:192.168.34.27:41462, a9e96699-88a7-4abe-af5a-628e24b5bf3e:192.168.34.27:42426], old=null
2019-09-05 19:14:45,536 [grpc-default-executor-0] INFO  impl.RaftServerImpl (RaftServerImpl.java:setRole(171)) - 5aaf18d6-82cf-46f0-b977-f04590e1d3a6:group-A2331387CCA1 changes role from FOLLOWER to FOLLOWER at term 1 for recognizeCandidate:a9e96699-88a7-4abe-af5a-628e24b5bf3e
2019-09-05 19:14:45,536 [grpc-default-executor-12] INFO  impl.RaftServerImpl (RaftServerImpl.java:setRole(171)) - 943b6596-18e7-43fd-8a5b-4ca327f5c156:group-A2331387CCA1 changes role from FOLLOWER to FOLLOWER at term 1 for recognizeCandidate:a9e96699-88a7-4abe-af5a-628e24b5bf3e
2019-09-05 19:14:45,536 [grpc-default-executor-0] INFO  impl.RoleInfo (RoleInfo.java:shutdownFollowerState(121)) - 5aaf18d6-82cf-46f0-b977-f04590e1d3a6: shutdown FollowerState
2019-09-05 19:14:45,536 [grpc-default-executor-12] INFO  impl.RoleInfo (RoleInfo.java:shutdownFollowerState(121)) - 943b6596-18e7-43fd-8a5b-4ca327f5c156: shutdown FollowerState
2019-09-05 19:14:45,537 [Thread-4406] INFO  impl.FollowerState (FollowerState.java:run(114)) - 5aaf18d6-82cf-46f0-b977-f04590e1d3a6: FollowerState was interrupted: java.lang.InterruptedException: sleep interrupted
2019-09-05 19:14:45,537 [grpc-default-executor-0] INFO  impl.RoleInfo (RoleInfo.java:updateAndGet(143)) - 5aaf18d6-82cf-46f0-b977-f04590e1d3a6: start FollowerState
2019-09-05 19:14:45,537 [grpc-default-executor-12] INFO  impl.RoleInfo (RoleInfo.java:updateAndGet(143)) - 943b6596-18e7-43fd-8a5b-4ca327f5c156: start FollowerState
2019-09-05 19:14:45,537 [Thread-4402] INFO  impl.FollowerState (FollowerState.java:run(114)) - 943b6596-18e7-43fd-8a5b-4ca327f5c156: FollowerState was interrupted: java.lang.InterruptedException: sleep interrupted
2019-09-05 19:14:45,555 [a9e96699-88a7-4abe-af5a-628e24b5bf3e:group-A2331387CCA1:LeaderElection82] INFO  impl.LeaderElection (LeaderElection.java:logAndReturn(56)) - a9e96699-88a7-4abe-af5a-628e24b5bf3e:group-A2331387CCA1:LeaderElection82: Election PASSED; received 1 response(s) [a9e96699-88a7-4abe-af5a-628e24b5bf3e<-943b6596-18e7-43fd-8a5b-4ca327f5c156#0:OK-t1] and 0 exception(s); a9e96699-88a7-4abe-af5a-628e24b5bf3e:t1, leader=null, voted=a9e96699-88a7-4abe-af5a-628e24b5bf3e, raftlog=a9e96699-88a7-4abe-af5a-628e24b5bf3e-SegmentedRaftLog:OPENED:c-1,f-1,i0, conf=-1: [943b6596-18e7-43fd-8a5b-4ca327f5c156:192.168.34.27:46583, 5aaf18d6-82cf-46f0-b977-f04590e1d3a6:192.168.34.27:41462, a9e96699-88a7-4abe-af5a-628e24b5bf3e:192.168.34.27:42426], old=null
2019-09-05 19:14:45,555 [a9e96699-88a7-4abe-af5a-628e24b5bf3e:group-A2331387CCA1:LeaderElection82] INFO  impl.RoleInfo (RoleInfo.java:shutdownLeaderElection(134)) - a9e96699-88a7-4abe-af5a-628e24b5bf3e: shutdown LeaderElection
2019-09-05 19:14:45,555 [a9e96699-88a7-4abe-af5a-628e24b5bf3e:group-A2331387CCA1:LeaderElection82] INFO  impl.RaftServerImpl (RaftServerImpl.java:setRole(171)) - a9e96699-88a7-4abe-af5a-628e24b5bf3e:group-A2331387CCA1 changes role from CANDIDATE to LEADER at term 1 for changeToLeader
2019-09-05 19:14:45,555 [a9e96699-88a7-4abe-af5a-628e24b5bf3e:group-A2331387CCA1:LeaderElection82] INFO  impl.RaftServerImpl (ServerState.java:setLeader(263)) - a9e96699-88a7-4abe-af5a-628e24b5bf3e:group-A2331387CCA1 change Leader from null to a9e96699-88a7-4abe-af5a-628e24b5bf3e at term 1 for becomeLeader, leader elected after 5047ms
2019-09-05 19:14:45,555 [a9e96699-88a7-4abe-af5a-628e24b5bf3e:group-A2331387CCA1:LeaderElection82] INFO  server.RaftServerConfigKeys (ConfUtils.java:logGet(43)) - raft.server.staging.catchup.gap = 1000 (default)
2019-09-05 19:14:45,555 [a9e96699-88a7-4abe-af5a-628e24b5bf3e:group-A2331387CCA1:LeaderElection82] INFO  server.RaftServerConfigKeys (ConfUtils.java:logGet(43)) - raft.server.rpc.sleep.time = 25ms (default)
2019-09-05 19:14:45,555 [a9e96699-88a7-4abe-af5a-628e24b5bf3e:group-A2331387CCA1:LeaderElection82] INFO  server.RaftServerConfigKeys (ConfUtils.java:logGet(43)) - raft.server.write.element-limit = 4096 (default)
2019-09-05 19:14:45,556 [a9e96699-88a7-4abe-af5a-628e24b5bf3e:group-A2331387CCA1:LeaderElection82] INFO  server.RaftServerConfigKeys (ConfUtils.java:logGet(43)) - raft.server.watch.timeout = 10s (default)
2019-09-05 19:14:45,556 [a9e96699-88a7-4abe-af5a-628e24b5bf3e:group-A2331387CCA1:LeaderElection82] INFO  server.RaftServerConfigKeys (ConfUtils.java:logGet(43)) - raft.server.watch.timeout.denomination = 1s (default)
2019-09-05 19:14:45,556 [a9e96699-88a7-4abe-af5a-628e24b5bf3e:group-A2331387CCA1:LeaderElection82] INFO  server.RaftServerConfigKeys (ConfUtils.java:logGet(43)) - raft.server.watch.element-limit = 65536 (default)
2019-09-05 19:14:45,556 [a9e96699-88a7-4abe-af5a-628e24b5bf3e:group-A2331387CCA1:LeaderElection82] INFO  server.RaftServerConfigKeys (ConfUtils.java:logGet(43)) - raft.server.log.appender.snapshot.chunk.size.max = 16MB (=16777216) (default)
2019-09-05 19:14:45,556 [a9e96699-88a7-4abe-af5a-628e24b5bf3e:group-A2331387CCA1:LeaderElection82] INFO  server.RaftServerConfigKeys (ConfUtils.java:logGet(43)) - raft.server.log.appender.buffer.byte-limit = 33554432 (custom)
2019-09-05 19:14:45,556 [a9e96699-88a7-4abe-af5a-628e24b5bf3e:group-A2331387CCA1:LeaderElection82] INFO  server.RaftServerConfigKeys (ConfUtils.java:logGet(43)) - raft.server.log.appender.buffer.element-limit = 1 (custom)
2019-09-05 19:14:45,556 [a9e96699-88a7-4abe-af5a-628e24b5bf3e:group-A2331387CCA1:LeaderElection82] INFO  grpc.GrpcConfigKeys$Server (ConfUtils.java:logGet(43)) - raft.grpc.server.leader.outstanding.appends.max = 128 (default)
2019-09-05 19:14:45,556 [a9e96699-88a7-4abe-af5a-628e24b5bf3e:group-A2331387CCA1:LeaderElection82] INFO  server.RaftServerConfigKeys (ConfUtils.java:logGet(43)) - raft.server.rpc.request.timeout = 3000ms (default)
2019-09-05 19:14:45,557 [a9e96699-88a7-4abe-af5a-628e24b5bf3e:group-A2331387CCA1:LeaderElection82] INFO  server.RaftServerConfigKeys (ConfUtils.java:logGet(43)) - raft.server.log.appender.install.snapshot.enabled = false (custom)
2019-09-05 19:14:45,557 [a9e96699-88a7-4abe-af5a-628e24b5bf3e:group-A2331387CCA1:LeaderElection82] INFO  server.RaftServerConfigKeys (ConfUtils.java:logGet(43)) - raft.server.log.appender.snapshot.chunk.size.max = 16MB (=16777216) (default)
2019-09-05 19:14:45,557 [a9e96699-88a7-4abe-af5a-628e24b5bf3e:group-A2331387CCA1:LeaderElection82] INFO  server.RaftServerConfigKeys (ConfUtils.java:logGet(43)) - raft.server.log.appender.buffer.byte-limit = 33554432 (custom)
2019-09-05 19:14:45,557 [a9e96699-88a7-4abe-af5a-628e24b5bf3e:group-A2331387CCA1:LeaderElection82] INFO  server.RaftServerConfigKeys (ConfUtils.java:logGet(43)) - raft.server.log.appender.buffer.element-limit = 1 (custom)
2019-09-05 19:14:45,557 [a9e96699-88a7-4abe-af5a-628e24b5bf3e:group-A2331387CCA1:LeaderElection82] INFO  grpc.GrpcConfigKeys$Server (ConfUtils.java:logGet(43)) - raft.grpc.server.leader.outstanding.appends.max = 128 (default)
2019-09-05 19:14:45,557 [a9e96699-88a7-4abe-af5a-628e24b5bf3e:group-A2331387CCA1:LeaderElection82] INFO  server.RaftServerConfigKeys (ConfUtils.java:logGet(43)) - raft.server.rpc.request.timeout = 3000ms (default)
2019-09-05 19:14:45,557 [a9e96699-88a7-4abe-af5a-628e24b5bf3e:group-A2331387CCA1:LeaderElection82] INFO  server.RaftServerConfigKeys (ConfUtils.java:logGet(43)) - raft.server.log.appender.install.snapshot.enabled = false (custom)
2019-09-05 19:14:45,557 [a9e96699-88a7-4abe-af5a-628e24b5bf3e:group-A2331387CCA1:LeaderElection82] INFO  impl.RoleInfo (RoleInfo.java:updateAndGet(143)) - a9e96699-88a7-4abe-af5a-628e24b5bf3e: start LeaderState
2019-09-05 19:14:45,558 [a9e96699-88a7-4abe-af5a-628e24b5bf3e:group-A2331387CCA1:LeaderElection82] INFO  segmented.SegmentedRaftLogWorker (SegmentedRaftLogWorker.java:startLogSegment(380)) - a9e96699-88a7-4abe-af5a-628e24b5bf3e-SegmentedRaftLogWorker:Storage Directory /workdir/hadoop-ozone/integration-test/target/test-dir/MiniOzoneClusterImpl-a25a262c-8f45-494e-95da-2a3cd65c296f/datanode-3/data/ratis/cd766c30-273d-4576-bf8e-a2331387cca1: Starting segment from index:0
2019-09-05 19:14:45,558 [a9e96699-88a7-4abe-af5a-628e24b5bf3e:group-A2331387CCA1:LeaderElection82] INFO  impl.RaftServerImpl (ServerState.java:setRaftConf(361)) - a9e96699-88a7-4abe-af5a-628e24b5bf3e:group-A2331387CCA1 set configuration 0: [943b6596-18e7-43fd-8a5b-4ca327f5c156:192.168.34.27:46583, 5aaf18d6-82cf-46f0-b977-f04590e1d3a6:192.168.34.27:41462, a9e96699-88a7-4abe-af5a-628e24b5bf3e:192.168.34.27:42426], old=null at 0
2019-09-05 19:14:45,586 [grpc-default-executor-12] INFO  impl.RaftServerImpl (ServerState.java:setLeader(263)) - 5aaf18d6-82cf-46f0-b977-f04590e1d3a6:group-A2331387CCA1 change Leader from null to a9e96699-88a7-4abe-af5a-628e24b5bf3e at term 1 for appendEntries, leader elected after 5078ms
2019-09-05 19:14:45,586 [grpc-default-executor-0] INFO  impl.RaftServerImpl (ServerState.java:setLeader(263)) - 943b6596-18e7-43fd-8a5b-4ca327f5c156:group-A2331387CCA1 change Leader from null to a9e96699-88a7-4abe-af5a-628e24b5bf3e at term 1 for appendEntries, leader elected after 5078ms
2019-09-05 19:14:45,588 [grpc-default-executor-0] INFO  impl.RaftServerImpl (ServerState.java:setRaftConf(361)) - 5aaf18d6-82cf-46f0-b977-f04590e1d3a6:group-A2331387CCA1 set configuration 0: [943b6596-18e7-43fd-8a5b-4ca327f5c156:192.168.34.27:46583, 5aaf18d6-82cf-46f0-b977-f04590e1d3a6:192.168.34.27:41462, a9e96699-88a7-4abe-af5a-628e24b5bf3e:192.168.34.27:42426], old=null at 0
2019-09-05 19:14:45,588 [grpc-default-executor-14] INFO  impl.RaftServerImpl (ServerState.java:setRaftConf(361)) - 943b6596-18e7-43fd-8a5b-4ca327f5c156:group-A2331387CCA1 set configuration 0: [943b6596-18e7-43fd-8a5b-4ca327f5c156:192.168.34.27:46583, 5aaf18d6-82cf-46f0-b977-f04590e1d3a6:192.168.34.27:41462, a9e96699-88a7-4abe-af5a-628e24b5bf3e:192.168.34.27:42426], old=null at 0
2019-09-05 19:14:45,588 [grpc-default-executor-0] INFO  segmented.SegmentedRaftLogWorker (SegmentedRaftLogWorker.java:startLogSegment(380)) - 5aaf18d6-82cf-46f0-b977-f04590e1d3a6-SegmentedRaftLogWorker:Storage Directory /workdir/hadoop-ozone/integration-test/target/test-dir/MiniOzoneClusterImpl-a25a262c-8f45-494e-95da-2a3cd65c296f/datanode-4/data/ratis/cd766c30-273d-4576-bf8e-a2331387cca1: Starting segment from index:0
2019-09-05 19:14:45,588 [grpc-default-executor-14] INFO  segmented.SegmentedRaftLogWorker (SegmentedRaftLogWorker.java:startLogSegment(380)) - 943b6596-18e7-43fd-8a5b-4ca327f5c156-SegmentedRaftLogWorker:Storage Directory /workdir/hadoop-ozone/integration-test/target/test-dir/MiniOzoneClusterImpl-a25a262c-8f45-494e-95da-2a3cd65c296f/datanode-5/data/ratis/cd766c30-273d-4576-bf8e-a2331387cca1: Starting segment from index:0
2019-09-05 19:14:45,618 [a9e96699-88a7-4abe-af5a-628e24b5bf3e-SegmentedRaftLogWorker:Storage Directory /workdir/hadoop-ozone/integration-test/target/test-dir/MiniOzoneClusterImpl-a25a262c-8f45-494e-95da-2a3cd65c296f/datanode-3/data/ratis/cd766c30-273d-4576-bf8e-a2331387cca1] INFO  segmented.SegmentedRaftLogWorker (SegmentedRaftLogWorker.java:execute(569)) - a9e96699-88a7-4abe-af5a-628e24b5bf3e-SegmentedRaftLogWorker:Storage Directory /workdir/hadoop-ozone/integration-test/target/test-dir/MiniOzoneClusterImpl-a25a262c-8f45-494e-95da-2a3cd65c296f/datanode-3/data/ratis/cd766c30-273d-4576-bf8e-a2331387cca1: created new log segment /workdir/hadoop-ozone/integration-test/target/test-dir/MiniOzoneClusterImpl-a25a262c-8f45-494e-95da-2a3cd65c296f/datanode-3/data/ratis/cd766c30-273d-4576-bf8e-a2331387cca1/current/log_inprogress_0
2019-09-05 19:14:45,623 [grpc-default-executor-12] INFO  client.GrpcClientProtocolClient (GrpcClientProtocolClient.java:onNext(255)) - client-1BC3F16B51CA->a9e96699-88a7-4abe-af5a-628e24b5bf3e: receive RaftClientReply:client-1BC3F16B51CA->a9e96699-88a7-4abe-af5a-628e24b5bf3e@group-A2331387CCA1, cid=230, FAILED org.apache.ratis.protocol.LeaderNotReadyException: a9e96699-88a7-4abe-af5a-628e24b5bf3e is in LEADER state but not ready yet., logIndex=0, commits[a9e96699-88a7-4abe-af5a-628e24b5bf3e:c-1, 943b6596-18e7-43fd-8a5b-4ca327f5c156:c-1, 5aaf18d6-82cf-46f0-b977-f04590e1d3a6:c-1]
2019-09-05 19:14:45,630 [943b6596-18e7-43fd-8a5b-4ca327f5c156-SegmentedRaftLogWorker:Storage Directory /workdir/hadoop-ozone/integration-test/target/test-dir/MiniOzoneClusterImpl-a25a262c-8f45-494e-95da-2a3cd65c296f/datanode-5/data/ratis/cd766c30-273d-4576-bf8e-a2331387cca1] INFO  segmented.SegmentedRaftLogWorker (SegmentedRaftLogWorker.java:execute(569)) - 943b6596-18e7-43fd-8a5b-4ca327f5c156-SegmentedRaftLogWorker:Storage Directory /workdir/hadoop-ozone/integration-test/target/test-dir/MiniOzoneClusterImpl-a25a262c-8f45-494e-95da-2a3cd65c296f/datanode-5/data/ratis/cd766c30-273d-4576-bf8e-a2331387cca1: created new log segment /workdir/hadoop-ozone/integration-test/target/test-dir/MiniOzoneClusterImpl-a25a262c-8f45-494e-95da-2a3cd65c296f/datanode-5/data/ratis/cd766c30-273d-4576-bf8e-a2331387cca1/current/log_inprogress_0
2019-09-05 19:14:45,630 [5aaf18d6-82cf-46f0-b977-f04590e1d3a6-SegmentedRaftLogWorker:Storage Directory /workdir/hadoop-ozone/integration-test/target/test-dir/MiniOzoneClusterImpl-a25a262c-8f45-494e-95da-2a3cd65c296f/datanode-4/data/ratis/cd766c30-273d-4576-bf8e-a2331387cca1] INFO  segmented.SegmentedRaftLogWorker (SegmentedRaftLogWorker.java:execute(569)) - 5aaf18d6-82cf-46f0-b977-f04590e1d3a6-SegmentedRaftLogWorker:Storage Directory /workdir/hadoop-ozone/integration-test/target/test-dir/MiniOzoneClusterImpl-a25a262c-8f45-494e-95da-2a3cd65c296f/datanode-4/data/ratis/cd766c30-273d-4576-bf8e-a2331387cca1: created new log segment /workdir/hadoop-ozone/integration-test/target/test-dir/MiniOzoneClusterImpl-a25a262c-8f45-494e-95da-2a3cd65c296f/datanode-4/data/ratis/cd766c30-273d-4576-bf8e-a2331387cca1/current/log_inprogress_0
2019-09-05 19:14:47,943 [grpc-default-executor-14] INFO  client.GrpcClientProtocolClient (GrpcClientProtocolClient.java:onNext(255)) - client-1BC3F16B51CA->a9e96699-88a7-4abe-af5a-628e24b5bf3e: receive RaftClientReply:client-1BC3F16B51CA->a9e96699-88a7-4abe-af5a-628e24b5bf3e@group-A2331387CCA1, cid=230, SUCCESS, logIndex=1, commits[a9e96699-88a7-4abe-af5a-628e24b5bf3e:c1, 943b6596-18e7-43fd-8a5b-4ca327f5c156:c0, 5aaf18d6-82cf-46f0-b977-f04590e1d3a6:c0]
2019-09-05 19:14:47,962 [grpc-default-executor-14] INFO  client.GrpcClientProtocolClient (GrpcClientProtocolClient.java:onNext(255)) - client-1BC3F16B51CA->a9e96699-88a7-4abe-af5a-628e24b5bf3e: receive RaftClientReply:client-1BC3F16B51CA->a9e96699-88a7-4abe-af5a-628e24b5bf3e@group-A2331387CCA1, cid=231, SUCCESS, logIndex=3, commits[a9e96699-88a7-4abe-af5a-628e24b5bf3e:c3, 943b6596-18e7-43fd-8a5b-4ca327f5c156:c2, 5aaf18d6-82cf-46f0-b977-f04590e1d3a6:c2]
2019-09-05 19:14:48,007 [grpc-default-executor-14] INFO  client.GrpcClientProtocolClient (GrpcClientProtocolClient.java:onNext(255)) - client-1BC3F16B51CA->a9e96699-88a7-4abe-af5a-628e24b5bf3e: receive RaftClientReply:client-1BC3F16B51CA->a9e96699-88a7-4abe-af5a-628e24b5bf3e@group-A2331387CCA1, cid=232, SUCCESS, logIndex=4, commits[a9e96699-88a7-4abe-af5a-628e24b5bf3e:c12, 943b6596-18e7-43fd-8a5b-4ca327f5c156:c3, 5aaf18d6-82cf-46f0-b977-f04590e1d3a6:c3]
2019-09-05 19:14:48,008 [grpc-default-executor-14] INFO  client.GrpcClientProtocolClient (GrpcClientProtocolClient.java:onNext(255)) - client-1BC3F16B51CA->a9e96699-88a7-4abe-af5a-628e24b5bf3e: receive RaftClientReply:client-1BC3F16B51CA->a9e96699-88a7-4abe-af5a-628e24b5bf3e@group-A2331387CCA1, cid=233, SUCCESS, logIndex=5, commits[a9e96699-88a7-4abe-af5a-628e24b5bf3e:c12, 943b6596-18e7-43fd-8a5b-4ca327f5c156:c3, 5aaf18d6-82cf-46f0-b977-f04590e1d3a6:c3]
2019-09-05 19:14:48,008 [grpc-default-executor-14] INFO  client.GrpcClientProtocolClient (GrpcClientProtocolClient.java:onNext(255)) - client-1BC3F16B51CA->a9e96699-88a7-4abe-af5a-628e24b5bf3e: receive RaftClientReply:client-1BC3F16B51CA->a9e96699-88a7-4abe-af5a-628e24b5bf3e@group-A2331387CCA1, cid=234, SUCCESS, logIndex=6, commits[a9e96699-88a7-4abe-af5a-628e24b5bf3e:c12, 943b6596-18e7-43fd-8a5b-4ca327f5c156:c3, 5aaf18d6-82cf-46f0-b977-f04590e1d3a6:c3]
2019-09-05 19:14:48,009 [grpc-default-executor-14] INFO  client.GrpcClientProtocolClient (GrpcClientProtocolClient.java:onNext(255)) - client-1BC3F16B51CA->a9e96699-88a7-4abe-af5a-628e24b5bf3e: receive RaftClientReply:client-1BC3F16B51CA->a9e96699-88a7-4abe-af5a-628e24b5bf3e@group-A2331387CCA1, cid=235, SUCCESS, logIndex=7, commits[a9e96699-88a7-4abe-af5a-628e24b5bf3e:c12, 943b6596-18e7-43fd-8a5b-4ca327f5c156:c3, 5aaf18d6-82cf-46f0-b977-f04590e1d3a6:c3]
2019-09-05 19:14:49,010 [main] WARN  scm.XceiverClientRatis (XceiverClientRatis.java:watchForCommit(262)) - 3 way commit failed on pipeline Pipeline[ Id: cd766c30-273d-4576-bf8e-a2331387cca1, Nodes: 5aaf18d6-82cf-46f0-b977-f04590e1d3a6{ip: 192.168.34.27, host: pr-hdds-2015-5mx5w-4127483329, networkLocation: /default-rack, certSerialId: null}a9e96699-88a7-4abe-af5a-628e24b5bf3e{ip: 192.168.34.27, host: pr-hdds-2015-5mx5w-4127483329, networkLocation: /default-rack, certSerialId: null}943b6596-18e7-43fd-8a5b-4ca327f5c156{ip: 192.168.34.27, host: pr-hdds-2015-5mx5w-4127483329, networkLocation: /default-rack, certSerialId: null}, Type:RATIS, Factor:THREE, State:OPEN]
java.util.concurrent.TimeoutException
	at java.util.concurrent.CompletableFuture.timedGet(CompletableFuture.java:1771)
	at java.util.concurrent.CompletableFuture.get(CompletableFuture.java:1915)
	at org.apache.hadoop.hdds.scm.XceiverClientRatis.watchForCommit(XceiverClientRatis.java:259)
	at org.apache.hadoop.hdds.scm.storage.CommitWatcher.watchForCommit(CommitWatcher.java:194)
	at org.apache.hadoop.hdds.scm.storage.CommitWatcher.watchOnFirstIndex(CommitWatcher.java:135)
	at org.apache.hadoop.hdds.scm.storage.BlockOutputStream.watchForCommit(BlockOutputStream.java:347)
	at org.apache.hadoop.hdds.scm.storage.BlockOutputStream.handleFullBuffer(BlockOutputStream.java:324)
	at org.apache.hadoop.hdds.scm.storage.BlockOutputStream.write(BlockOutputStream.java:251)
	at org.apache.hadoop.ozone.client.io.BlockOutputStreamEntry.write(BlockOutputStreamEntry.java:129)
	at org.apache.hadoop.ozone.client.io.KeyOutputStream.handleWrite(KeyOutputStream.java:211)
	at org.apache.hadoop.ozone.client.io.KeyOutputStream.write(KeyOutputStream.java:193)
	at org.apache.hadoop.ozone.client.io.OzoneOutputStream.write(OzoneOutputStream.java:49)
	at java.io.OutputStream.write(OutputStream.java:75)
	at org.apache.hadoop.ozone.client.rpc.TestBlockOutputStreamWithFailures.testWatchForCommitWithCloseContainerException(TestBlockOutputStreamWithFailures.java:143)
	at sun.reflect.NativeMethodAccessorImpl.invoke0(Native Method)
	at sun.reflect.NativeMethodAccessorImpl.invoke(NativeMethodAccessorImpl.java:62)
	at sun.reflect.DelegatingMethodAccessorImpl.invoke(DelegatingMethodAccessorImpl.java:43)
	at java.lang.reflect.Method.invoke(Method.java:498)
	at org.junit.runners.model.FrameworkMethod$1.runReflectiveCall(FrameworkMethod.java:47)
	at org.junit.internal.runners.model.ReflectiveCallable.run(ReflectiveCallable.java:12)
	at org.junit.runners.model.FrameworkMethod.invokeExplosively(FrameworkMethod.java:44)
	at org.junit.internal.runners.statements.InvokeMethod.evaluate(InvokeMethod.java:17)
	at org.junit.internal.runners.statements.RunBefores.evaluate(RunBefores.java:26)
	at org.junit.internal.runners.statements.RunAfters.evaluate(RunAfters.java:27)
	at org.junit.runners.ParentRunner.runLeaf(ParentRunner.java:271)
	at org.junit.runners.BlockJUnit4ClassRunner.runChild(BlockJUnit4ClassRunner.java:70)
	at org.junit.runners.BlockJUnit4ClassRunner.runChild(BlockJUnit4ClassRunner.java:50)
	at org.junit.runners.ParentRunner$3.run(ParentRunner.java:238)
	at org.junit.runners.ParentRunner$1.schedule(ParentRunner.java:63)
	at org.junit.runners.ParentRunner.runChildren(ParentRunner.java:236)
	at org.junit.runners.ParentRunner.access$000(ParentRunner.java:53)
	at org.junit.runners.ParentRunner$2.evaluate(ParentRunner.java:229)
	at org.junit.runners.ParentRunner.run(ParentRunner.java:309)
	at org.apache.maven.surefire.junit4.JUnit4Provider.execute(JUnit4Provider.java:365)
	at org.apache.maven.surefire.junit4.JUnit4Provider.executeWithRerun(JUnit4Provider.java:273)
	at org.apache.maven.surefire.junit4.JUnit4Provider.executeTestSet(JUnit4Provider.java:238)
	at org.apache.maven.surefire.junit4.JUnit4Provider.invoke(JUnit4Provider.java:159)
	at org.apache.maven.surefire.booter.ForkedBooter.invokeProviderInSameClassLoader(ForkedBooter.java:384)
	at org.apache.maven.surefire.booter.ForkedBooter.runSuitesInProcess(ForkedBooter.java:345)
	at org.apache.maven.surefire.booter.ForkedBooter.execute(ForkedBooter.java:126)
	at org.apache.maven.surefire.booter.ForkedBooter.main(ForkedBooter.java:418)
2019-09-05 19:14:50,012 [main] WARN  storage.CommitWatcher (CommitWatcher.java:watchForCommit(203)) - watchForCommit failed for index 4
java.util.concurrent.TimeoutException
	at java.util.concurrent.CompletableFuture.timedGet(CompletableFuture.java:1771)
	at java.util.concurrent.CompletableFuture.get(CompletableFuture.java:1915)
	at org.apache.hadoop.hdds.scm.XceiverClientRatis.watchForCommit(XceiverClientRatis.java:268)
	at org.apache.hadoop.hdds.scm.storage.CommitWatcher.watchForCommit(CommitWatcher.java:194)
	at org.apache.hadoop.hdds.scm.storage.CommitWatcher.watchOnFirstIndex(CommitWatcher.java:135)
	at org.apache.hadoop.hdds.scm.storage.BlockOutputStream.watchForCommit(BlockOutputStream.java:347)
	at org.apache.hadoop.hdds.scm.storage.BlockOutputStream.handleFullBuffer(BlockOutputStream.java:324)
	at org.apache.hadoop.hdds.scm.storage.BlockOutputStream.write(BlockOutputStream.java:251)
	at org.apache.hadoop.ozone.client.io.BlockOutputStreamEntry.write(BlockOutputStreamEntry.java:129)
	at org.apache.hadoop.ozone.client.io.KeyOutputStream.handleWrite(KeyOutputStream.java:211)
	at org.apache.hadoop.ozone.client.io.KeyOutputStream.write(KeyOutputStream.java:193)
	at org.apache.hadoop.ozone.client.io.OzoneOutputStream.write(OzoneOutputStream.java:49)
	at java.io.OutputStream.write(OutputStream.java:75)
	at org.apache.hadoop.ozone.client.rpc.TestBlockOutputStreamWithFailures.testWatchForCommitWithCloseContainerException(TestBlockOutputStreamWithFailures.java:143)
	at sun.reflect.NativeMethodAccessorImpl.invoke0(Native Method)
	at sun.reflect.NativeMethodAccessorImpl.invoke(NativeMethodAccessorImpl.java:62)
	at sun.reflect.DelegatingMethodAccessorImpl.invoke(DelegatingMethodAccessorImpl.java:43)
	at java.lang.reflect.Method.invoke(Method.java:498)
	at org.junit.runners.model.FrameworkMethod$1.runReflectiveCall(FrameworkMethod.java:47)
	at org.junit.internal.runners.model.ReflectiveCallable.run(ReflectiveCallable.java:12)
	at org.junit.runners.model.FrameworkMethod.invokeExplosively(FrameworkMethod.java:44)
	at org.junit.internal.runners.statements.InvokeMethod.evaluate(InvokeMethod.java:17)
	at org.junit.internal.runners.statements.RunBefores.evaluate(RunBefores.java:26)
	at org.junit.internal.runners.statements.RunAfters.evaluate(RunAfters.java:27)
	at org.junit.runners.ParentRunner.runLeaf(ParentRunner.java:271)
	at org.junit.runners.BlockJUnit4ClassRunner.runChild(BlockJUnit4ClassRunner.java:70)
	at org.junit.runners.BlockJUnit4ClassRunner.runChild(BlockJUnit4ClassRunner.java:50)
	at org.junit.runners.ParentRunner$3.run(ParentRunner.java:238)
	at org.junit.runners.ParentRunner$1.schedule(ParentRunner.java:63)
	at org.junit.runners.ParentRunner.runChildren(ParentRunner.java:236)
	at org.junit.runners.ParentRunner.access$000(ParentRunner.java:53)
	at org.junit.runners.ParentRunner$2.evaluate(ParentRunner.java:229)
	at org.junit.runners.ParentRunner.run(ParentRunner.java:309)
	at org.apache.maven.surefire.junit4.JUnit4Provider.execute(JUnit4Provider.java:365)
	at org.apache.maven.surefire.junit4.JUnit4Provider.executeWithRerun(JUnit4Provider.java:273)
	at org.apache.maven.surefire.junit4.JUnit4Provider.executeTestSet(JUnit4Provider.java:238)
	at org.apache.maven.surefire.junit4.JUnit4Provider.invoke(JUnit4Provider.java:159)
	at org.apache.maven.surefire.booter.ForkedBooter.invokeProviderInSameClassLoader(ForkedBooter.java:384)
	at org.apache.maven.surefire.booter.ForkedBooter.runSuitesInProcess(ForkedBooter.java:345)
	at org.apache.maven.surefire.booter.ForkedBooter.execute(ForkedBooter.java:126)
	at org.apache.maven.surefire.booter.ForkedBooter.main(ForkedBooter.java:418)
2019-09-05 19:14:50,013 [main] WARN  io.KeyOutputStream (KeyOutputStream.java:handleException(276)) - Encountered exception java.io.IOException: Unexpected Storage Container Exception: java.io.IOException: Unexpected Storage Container Exception: java.util.concurrent.TimeoutException on the pipeline Pipeline[ Id: cd766c30-273d-4576-bf8e-a2331387cca1, Nodes: 5aaf18d6-82cf-46f0-b977-f04590e1d3a6{ip: 192.168.34.27, host: pr-hdds-2015-5mx5w-4127483329, networkLocation: /default-rack, certSerialId: null}a9e96699-88a7-4abe-af5a-628e24b5bf3e{ip: 192.168.34.27, host: pr-hdds-2015-5mx5w-4127483329, networkLocation: /default-rack, certSerialId: null}943b6596-18e7-43fd-8a5b-4ca327f5c156{ip: 192.168.34.27, host: pr-hdds-2015-5mx5w-4127483329, networkLocation: /default-rack, certSerialId: null}, Type:RATIS, Factor:THREE, State:OPEN]. The last committed block length is 0, uncommitted data length is 400 retry count 0
2019-09-05 19:14:50,026 [grpc-default-executor-13] INFO  client.GrpcClientProtocolClient (GrpcClientProtocolClient.java:onNext(255)) - client-D769E4515518->bc285176-9d9b-4fac-8659-fbfd5417a358: receive RaftClientReply:client-D769E4515518->bc285176-9d9b-4fac-8659-fbfd5417a358@group-44A28433BC03, cid=238, FAILED org.apache.ratis.protocol.NotLeaderException: Server bc285176-9d9b-4fac-8659-fbfd5417a358 is not the leader (1ab43c44-0f65-4622-9835-adc63e393ac8:192.168.34.27:40799). Request must be sent to leader., logIndex=0, commits[bc285176-9d9b-4fac-8659-fbfd5417a358:c0, 7acf8a2f-cb7a-4f1b-96ec-46e1b885d205:c0, 1ab43c44-0f65-4622-9835-adc63e393ac8:c0]
2019-09-05 19:14:50,202 [grpc-default-executor-13] INFO  client.GrpcClientProtocolClient (GrpcClientProtocolClient.java:onNext(255)) - client-D769E4515518->1ab43c44-0f65-4622-9835-adc63e393ac8: receive RaftClientReply:client-D769E4515518->1ab43c44-0f65-4622-9835-adc63e393ac8@group-44A28433BC03, cid=238, SUCCESS, logIndex=1, commits[1ab43c44-0f65-4622-9835-adc63e393ac8:c1, bc285176-9d9b-4fac-8659-fbfd5417a358:c0, 7acf8a2f-cb7a-4f1b-96ec-46e1b885d205:c0]
2019-09-05 19:14:50,214 [grpc-default-executor-14] INFO  client.GrpcClientProtocolClient (GrpcClientProtocolClient.java:onNext(255)) - client-D769E4515518->1ab43c44-0f65-4622-9835-adc63e393ac8: receive RaftClientReply:client-D769E4515518->1ab43c44-0f65-4622-9835-adc63e393ac8@group-44A28433BC03, cid=239, SUCCESS, logIndex=3, commits[1ab43c44-0f65-4622-9835-adc63e393ac8:c5, bc285176-9d9b-4fac-8659-fbfd5417a358:c1, 7acf8a2f-cb7a-4f1b-96ec-46e1b885d205:c1]
2019-09-05 19:14:50,248 [grpc-default-executor-0] INFO  client.GrpcClientProtocolClient (GrpcClientProtocolClient.java:onNext(255)) - client-D769E4515518->1ab43c44-0f65-4622-9835-adc63e393ac8: receive RaftClientReply:client-D769E4515518->1ab43c44-0f65-4622-9835-adc63e393ac8@group-44A28433BC03, cid=240, SUCCESS, logIndex=4, commits[1ab43c44-0f65-4622-9835-adc63e393ac8:c11, bc285176-9d9b-4fac-8659-fbfd5417a358:c7, 7acf8a2f-cb7a-4f1b-96ec-46e1b885d205:c7]
2019-09-05 19:14:50,249 [grpc-default-executor-0] INFO  client.GrpcClientProtocolClient (GrpcClientProtocolClient.java:onNext(255)) - client-D769E4515518->1ab43c44-0f65-4622-9835-adc63e393ac8: receive RaftClientReply:client-D769E4515518->1ab43c44-0f65-4622-9835-adc63e393ac8@group-44A28433BC03, cid=241, SUCCESS, logIndex=5, commits[1ab43c44-0f65-4622-9835-adc63e393ac8:c11, bc285176-9d9b-4fac-8659-fbfd5417a358:c7, 7acf8a2f-cb7a-4f1b-96ec-46e1b885d205:c7]
2019-09-05 19:14:50,250 [grpc-default-executor-0] INFO  client.GrpcClientProtocolClient (GrpcClientProtocolClient.java:onNext(255)) - client-D769E4515518->1ab43c44-0f65-4622-9835-adc63e393ac8: receive RaftClientReply:client-D769E4515518->1ab43c44-0f65-4622-9835-adc63e393ac8@group-44A28433BC03, cid=242, SUCCESS, logIndex=6, commits[1ab43c44-0f65-4622-9835-adc63e393ac8:c11, bc285176-9d9b-4fac-8659-fbfd5417a358:c7, 7acf8a2f-cb7a-4f1b-96ec-46e1b885d205:c7]
2019-09-05 19:14:50,329 [grpc-default-executor-0] INFO  client.GrpcClientProtocolClient (GrpcClientProtocolClient.java:onNext(255)) - client-D769E4515518->1ab43c44-0f65-4622-9835-adc63e393ac8: receive RaftClientReply:client-D769E4515518->1ab43c44-0f65-4622-9835-adc63e393ac8@group-44A28433BC03, cid=243, SUCCESS, logIndex=7, commits[1ab43c44-0f65-4622-9835-adc63e393ac8:c11, bc285176-9d9b-4fac-8659-fbfd5417a358:c7, 7acf8a2f-cb7a-4f1b-96ec-46e1b885d205:c7]
2019-09-05 19:14:50,331 [main] INFO  ozone.MiniOzoneClusterImpl (MiniOzoneClusterImpl.java:shutdown(307)) - Shutting down the Mini Ozone Cluster
2019-09-05 19:14:50,331 [main] INFO  ozone.MiniOzoneClusterImpl (MiniOzoneClusterImpl.java:stop(322)) - Stopping the Mini Ozone Cluster
2019-09-05 19:14:50,331 [main] INFO  ozone.MiniOzoneClusterImpl (MiniOzoneClusterImpl.java:stop(324)) - Stopping the OzoneManager
2019-09-05 19:14:50,331 [main] INFO  ipc.Server (Server.java:stop(3082)) - Stopping server on 38750
2019-09-05 19:14:50,345 [IPC Server listener on 38750] INFO  ipc.Server (Server.java:run(1185)) - Stopping IPC Server listener on 38750
2019-09-05 19:14:50,347 [main] INFO  ratis.OzoneManagerDoubleBuffer (OzoneManagerDoubleBuffer.java:stop(248)) - Stopping OMDoubleBuffer flush thread
2019-09-05 19:14:50,349 [IPC Server Responder] INFO  ipc.Server (Server.java:run(1319)) - Stopping IPC Server Responder
2019-09-05 19:14:50,351 [OMDoubleBufferFlushThread] INFO  ratis.OzoneManagerDoubleBuffer (OzoneManagerDoubleBuffer.java:flushTransactions(191)) - OMDoubleBuffer flush thread OMDoubleBufferFlushThread is interrupted and will exit. OMDoubleBufferFlushThread
2019-09-05 19:14:50,362 [main] INFO  utils.BackgroundService (BackgroundService.java:shutdown(148)) - Shutting down service KeyDeletingService
2019-09-05 19:14:50,364 [main] INFO  handler.ContextHandler (ContextHandler.java:doStop(910)) - Stopped o.e.j.w.WebAppContext@6b09ce57{/,null,UNAVAILABLE}{/ozoneManager}
2019-09-05 19:14:50,364 [main] INFO  server.AbstractConnector (AbstractConnector.java:doStop(318)) - Stopped ServerConnector@5c4f4330{HTTP/1.1,[http/1.1]}{0.0.0.0:0}
2019-09-05 19:14:50,365 [main] INFO  handler.ContextHandler (ContextHandler.java:doStop(910)) - Stopped o.e.j.s.ServletContextHandler@5b14f482{/static,file:///workdir/hadoop-ozone/integration-test/target/test-classes/webapps/static,UNAVAILABLE}
2019-09-05 19:14:50,365 [main] INFO  handler.ContextHandler (ContextHandler.java:doStop(910)) - Stopped o.e.j.s.ServletContextHandler@1182413a{/logs,file:///workdir/hadoop-ozone/integration-test/target/log,UNAVAILABLE}
2019-09-05 19:14:50,367 [main] INFO  ozone.MiniOzoneClusterImpl (MiniOzoneClusterImpl.java:stop(330)) - Shutting the HddsDatanodes
2019-09-05 19:14:50,479 [grpc-default-executor-14] INFO  client.GrpcClientProtocolClient (GrpcClientProtocolClient.java:onNext(255)) - client-1BC3F16B51CA->a9e96699-88a7-4abe-af5a-628e24b5bf3e: receive RaftClientReply:client-1BC3F16B51CA->a9e96699-88a7-4abe-af5a-628e24b5bf3e@group-A2331387CCA1, cid=237, SUCCESS, logIndex=0, commits[a9e96699-88a7-4abe-af5a-628e24b5bf3e:c12, 943b6596-18e7-43fd-8a5b-4ca327f5c156:c3, 5aaf18d6-82cf-46f0-b977-f04590e1d3a6:c12]
2019-09-05 19:14:50,479 [grpc-default-executor-14] INFO  client.GrpcClientProtocolClient (GrpcClientProtocolClient.java:onNext(255)) - client-1BC3F16B51CA->a9e96699-88a7-4abe-af5a-628e24b5bf3e: receive RaftClientReply:client-1BC3F16B51CA->a9e96699-88a7-4abe-af5a-628e24b5bf3e@group-A2331387CCA1, cid=236, SUCCESS, logIndex=0, commits[a9e96699-88a7-4abe-af5a-628e24b5bf3e:c12, 943b6596-18e7-43fd-8a5b-4ca327f5c156:c12, 5aaf18d6-82cf-46f0-b977-f04590e1d3a6:c12]
2019-09-05 19:14:50,926 [Datanode State Machine Thread - 0] INFO  statemachine.DatanodeStateMachine (DatanodeStateMachine.java:lambda$startDaemon$0(350)) - Ozone container server started.
2019-09-05 19:14:51,184 [Datanode State Machine Thread - 0] INFO  statemachine.DatanodeStateMachine (DatanodeStateMachine.java:lambda$startDaemon$0(350)) - Ozone container server started.
2019-09-05 19:14:54,997 [EventQueue-StaleNodeForStaleNodeHandler] INFO  node.StaleNodeHandler (StaleNodeHandler.java:onMessage(58)) - Datanode 5aaf18d6-82cf-46f0-b977-f04590e1d3a6{ip: 192.168.34.27, host: pr-hdds-2015-5mx5w-4127483329, networkLocation: /default-rack, certSerialId: null} moved to stale state. Finalizing its pipelines [PipelineID=cd766c30-273d-4576-bf8e-a2331387cca1, PipelineID=d3d062d9-0eb4-49de-b415-bc3804185aee]
2019-09-05 19:14:54,998 [EventQueue-StaleNodeForStaleNodeHandler] INFO  pipeline.SCMPipelineManager (SCMPipelineManager.java:finalizeAndDestroyPipeline(309)) - destroying pipeline:Pipeline[ Id: cd766c30-273d-4576-bf8e-a2331387cca1, Nodes: 5aaf18d6-82cf-46f0-b977-f04590e1d3a6{ip: 192.168.34.27, host: pr-hdds-2015-5mx5w-4127483329, networkLocation: /default-rack, certSerialId: null}a9e96699-88a7-4abe-af5a-628e24b5bf3e{ip: 192.168.34.27, host: pr-hdds-2015-5mx5w-4127483329, networkLocation: /default-rack, certSerialId: null}943b6596-18e7-43fd-8a5b-4ca327f5c156{ip: 192.168.34.27, host: pr-hdds-2015-5mx5w-4127483329, networkLocation: /default-rack, certSerialId: null}, Type:RATIS, Factor:THREE, State:OPEN]
2019-09-05 19:14:54,998 [EventQueue-StaleNodeForStaleNodeHandler] INFO  pipeline.PipelineStateManager (PipelineStateManager.java:finalizePipeline(123)) - Pipeline Pipeline[ Id: cd766c30-273d-4576-bf8e-a2331387cca1, Nodes: 5aaf18d6-82cf-46f0-b977-f04590e1d3a6{ip: 192.168.34.27, host: pr-hdds-2015-5mx5w-4127483329, networkLocation: /default-rack, certSerialId: null}a9e96699-88a7-4abe-af5a-628e24b5bf3e{ip: 192.168.34.27, host: pr-hdds-2015-5mx5w-4127483329, networkLocation: /default-rack, certSerialId: null}943b6596-18e7-43fd-8a5b-4ca327f5c156{ip: 192.168.34.27, host: pr-hdds-2015-5mx5w-4127483329, networkLocation: /default-rack, certSerialId: null}, Type:RATIS, Factor:THREE, State:CLOSED] moved to CLOSED state
2019-09-05 19:14:54,998 [EventQueue-StaleNodeForStaleNodeHandler] INFO  pipeline.SCMPipelineManager (SCMPipelineManager.java:finalizeAndDestroyPipeline(309)) - destroying pipeline:Pipeline[ Id: d3d062d9-0eb4-49de-b415-bc3804185aee, Nodes: 5aaf18d6-82cf-46f0-b977-f04590e1d3a6{ip: 192.168.34.27, host: pr-hdds-2015-5mx5w-4127483329, networkLocation: /default-rack, certSerialId: null}, Type:RATIS, Factor:ONE, State:OPEN]
2019-09-05 19:14:54,998 [EventQueue-CloseContainerForCloseContainerEventHandler] INFO  container.CloseContainerEventHandler (CloseContainerEventHandler.java:onMessage(61)) - Close container Event triggered for container : #1
2019-09-05 19:14:54,998 [EventQueue-StaleNodeForStaleNodeHandler] INFO  pipeline.PipelineStateManager (PipelineStateManager.java:finalizePipeline(123)) - Pipeline Pipeline[ Id: d3d062d9-0eb4-49de-b415-bc3804185aee, Nodes: 5aaf18d6-82cf-46f0-b977-f04590e1d3a6{ip: 192.168.34.27, host: pr-hdds-2015-5mx5w-4127483329, networkLocation: /default-rack, certSerialId: null}, Type:RATIS, Factor:ONE, State:CLOSED] moved to CLOSED state
2019-09-05 19:14:55,197 [EventQueue-StaleNodeForStaleNodeHandler] INFO  node.StaleNodeHandler (StaleNodeHandler.java:onMessage(58)) - Datanode 1ab43c44-0f65-4622-9835-adc63e393ac8{ip: 192.168.34.27, host: pr-hdds-2015-5mx5w-4127483329, networkLocation: /default-rack, certSerialId: null} moved to stale state. Finalizing its pipelines [PipelineID=a7d4c1ec-9fa8-423b-8b88-44a28433bc03, PipelineID=eb5fcc50-d5ad-43a7-8335-bdbe8e37c8d7]
2019-09-05 19:14:55,198 [EventQueue-StaleNodeForStaleNodeHandler] INFO  pipeline.SCMPipelineManager (SCMPipelineManager.java:finalizeAndDestroyPipeline(309)) - destroying pipeline:Pipeline[ Id: a7d4c1ec-9fa8-423b-8b88-44a28433bc03, Nodes: bc285176-9d9b-4fac-8659-fbfd5417a358{ip: 192.168.34.27, host: pr-hdds-2015-5mx5w-4127483329, networkLocation: /default-rack, certSerialId: null}1ab43c44-0f65-4622-9835-adc63e393ac8{ip: 192.168.34.27, host: pr-hdds-2015-5mx5w-4127483329, networkLocation: /default-rack, certSerialId: null}7acf8a2f-cb7a-4f1b-96ec-46e1b885d205{ip: 192.168.34.27, host: pr-hdds-2015-5mx5w-4127483329, networkLocation: /default-rack, certSerialId: null}, Type:RATIS, Factor:THREE, State:OPEN]
2019-09-05 19:14:55,198 [EventQueue-StaleNodeForStaleNodeHandler] INFO  pipeline.PipelineStateManager (PipelineStateManager.java:finalizePipeline(123)) - Pipeline Pipeline[ Id: a7d4c1ec-9fa8-423b-8b88-44a28433bc03, Nodes: bc285176-9d9b-4fac-8659-fbfd5417a358{ip: 192.168.34.27, host: pr-hdds-2015-5mx5w-4127483329, networkLocation: /default-rack, certSerialId: null}1ab43c44-0f65-4622-9835-adc63e393ac8{ip: 192.168.34.27, host: pr-hdds-2015-5mx5w-4127483329, networkLocation: /default-rack, certSerialId: null}7acf8a2f-cb7a-4f1b-96ec-46e1b885d205{ip: 192.168.34.27, host: pr-hdds-2015-5mx5w-4127483329, networkLocation: /default-rack, certSerialId: null}, Type:RATIS, Factor:THREE, State:CLOSED] moved to CLOSED state
2019-09-05 19:14:55,198 [EventQueue-CloseContainerForCloseContainerEventHandler] INFO  container.CloseContainerEventHandler (CloseContainerEventHandler.java:onMessage(61)) - Close container Event triggered for container : #2
2019-09-05 19:14:55,198 [EventQueue-StaleNodeForStaleNodeHandler] INFO  pipeline.SCMPipelineManager (SCMPipelineManager.java:finalizeAndDestroyPipeline(309)) - destroying pipeline:Pipeline[ Id: eb5fcc50-d5ad-43a7-8335-bdbe8e37c8d7, Nodes: 1ab43c44-0f65-4622-9835-adc63e393ac8{ip: 192.168.34.27, host: pr-hdds-2015-5mx5w-4127483329, networkLocation: /default-rack, certSerialId: null}, Type:RATIS, Factor:ONE, State:OPEN]
2019-09-05 19:14:55,199 [EventQueue-StaleNodeForStaleNodeHandler] INFO  pipeline.PipelineStateManager (PipelineStateManager.java:finalizePipeline(123)) - Pipeline Pipeline[ Id: eb5fcc50-d5ad-43a7-8335-bdbe8e37c8d7, Nodes: 1ab43c44-0f65-4622-9835-adc63e393ac8{ip: 192.168.34.27, host: pr-hdds-2015-5mx5w-4127483329, networkLocation: /default-rack, certSerialId: null}, Type:RATIS, Factor:ONE, State:CLOSED] moved to CLOSED state
2019-09-05 19:14:55,368 [main] INFO  ozoneimpl.OzoneContainer (OzoneContainer.java:stop(215)) - Attempting to stop container services.
2019-09-05 19:14:55,368 [ForkJoinPool.commonPool-worker-0] INFO  ozoneimpl.OzoneContainer (OzoneContainer.java:stop(215)) - Attempting to stop container services.
2019-09-05 19:14:55,369 [main] INFO  impl.RaftServerProxy (RaftServerProxy.java:lambda$close$4(314)) - 5aaf18d6-82cf-46f0-b977-f04590e1d3a6: close
2019-09-05 19:14:55,369 [ForkJoinPool.commonPool-worker-0] INFO  impl.RaftServerProxy (RaftServerProxy.java:lambda$close$4(314)) - 1ab43c44-0f65-4622-9835-adc63e393ac8: close
2019-09-05 19:14:55,369 [main] INFO  impl.RaftServerImpl (RaftServerImpl.java:lambda$shutdown$3(245)) - 5aaf18d6-82cf-46f0-b977-f04590e1d3a6: shutdown group-A2331387CCA1
2019-09-05 19:14:55,369 [ForkJoinPool.commonPool-worker-0] INFO  impl.RaftServerImpl (RaftServerImpl.java:lambda$shutdown$3(245)) - 1ab43c44-0f65-4622-9835-adc63e393ac8: shutdown group-44A28433BC03
2019-09-05 19:14:55,370 [main] INFO  util.JmxRegister (JmxRegister.java:unregister(73)) - Successfully un-registered JMX Bean with object name Ratis:service=RaftServer,group=group-A2331387CCA1,id=5aaf18d6-82cf-46f0-b977-f04590e1d3a6
2019-09-05 19:14:55,370 [ForkJoinPool.commonPool-worker-0] INFO  util.JmxRegister (JmxRegister.java:unregister(73)) - Successfully un-registered JMX Bean with object name Ratis:service=RaftServer,group=group-44A28433BC03,id=1ab43c44-0f65-4622-9835-adc63e393ac8
2019-09-05 19:14:55,370 [main] INFO  impl.RoleInfo (RoleInfo.java:shutdownFollowerState(121)) - 5aaf18d6-82cf-46f0-b977-f04590e1d3a6: shutdown FollowerState
2019-09-05 19:14:55,371 [ForkJoinPool.commonPool-worker-0] INFO  impl.RoleInfo (RoleInfo.java:shutdownLeaderState(104)) - 1ab43c44-0f65-4622-9835-adc63e393ac8: shutdown LeaderState
2019-09-05 19:14:55,371 [StateMachineUpdater:5aaf18d6-82cf-46f0-b977-f04590e1d3a6:group-A2331387CCA1] INFO  ratis.ContainerStateMachine (ContainerStateMachine.java:takeSnapshot(284)) - group-A2331387CCA1: Taking a snapshot at:(t:1, i:12) file /workdir/hadoop-ozone/integration-test/target/test-dir/MiniOzoneClusterImpl-a25a262c-8f45-494e-95da-2a3cd65c296f/datanode-4/data/ratis/cd766c30-273d-4576-bf8e-a2331387cca1/sm/snapshot.1_12
2019-09-05 19:14:55,377 [org.apache.ratis.server.impl.LogAppender$AppenderDaemon$$Lambda$491/241468067@deb5c4] WARN  server.GrpcLogAppender (GrpcLogAppender.java:mayWait(143)) - GrpcLogAppender(1ab43c44-0f65-4622-9835-adc63e393ac8->bc285176-9d9b-4fac-8659-fbfd5417a358): Wait interrupted by java.lang.InterruptedException
2019-09-05 19:14:55,371 [Thread-4472] INFO  impl.FollowerState (FollowerState.java:run(114)) - 5aaf18d6-82cf-46f0-b977-f04590e1d3a6: FollowerState was interrupted: java.lang.InterruptedException: sleep interrupted
2019-09-05 19:14:55,371 [main] INFO  impl.StateMachineUpdater (StateMachineUpdater.java:stopAndJoin(115)) - StateMachineUpdater:5aaf18d6-82cf-46f0-b977-f04590e1d3a6:group-A2331387CCA1: set stopIndex = 12
2019-09-05 19:14:55,379 [grpc-default-executor-14] INFO  server.GrpcServerProtocolService (GrpcServerProtocolService.java:onCompleted(104)) - bc285176-9d9b-4fac-8659-fbfd5417a358: appendEntries completed
2019-09-05 19:14:55,377 [org.apache.ratis.server.impl.LogAppender$AppenderDaemon$$Lambda$491/241468067@45dc2bbb] WARN  server.GrpcLogAppender (GrpcLogAppender.java:mayWait(143)) - GrpcLogAppender(1ab43c44-0f65-4622-9835-adc63e393ac8->7acf8a2f-cb7a-4f1b-96ec-46e1b885d205): Wait interrupted by java.lang.InterruptedException
2019-09-05 19:14:55,377 [ForkJoinPool.commonPool-worker-0] INFO  impl.PendingRequests (PendingRequests.java:sendNotLeaderResponses(202)) - 1ab43c44-0f65-4622-9835-adc63e393ac8-PendingRequests: sendNotLeaderResponses
2019-09-05 19:14:55,380 [grpc-default-executor-14] INFO  server.GrpcLogAppender (GrpcLogAppender.java:onCompleted(292)) - 1ab43c44-0f65-4622-9835-adc63e393ac8->bc285176-9d9b-4fac-8659-fbfd5417a358: follower responses appendEntries COMPLETED
2019-09-05 19:14:55,380 [grpc-default-executor-0] INFO  server.GrpcServerProtocolService (GrpcServerProtocolService.java:onCompleted(104)) - 7acf8a2f-cb7a-4f1b-96ec-46e1b885d205: appendEntries completed
2019-09-05 19:14:55,384 [StateMachineUpdater:1ab43c44-0f65-4622-9835-adc63e393ac8:group-44A28433BC03] INFO  ratis.ContainerStateMachine (ContainerStateMachine.java:takeSnapshot(284)) - group-44A28433BC03: Taking a snapshot at:(t:1, i:11) file /workdir/hadoop-ozone/integration-test/target/test-dir/MiniOzoneClusterImpl-a25a262c-8f45-494e-95da-2a3cd65c296f/datanode-1/data/ratis/a7d4c1ec-9fa8-423b-8b88-44a28433bc03/sm/snapshot.1_11
2019-09-05 19:14:55,384 [ForkJoinPool.commonPool-worker-0] INFO  impl.StateMachineUpdater (StateMachineUpdater.java:stopAndJoin(115)) - StateMachineUpdater:1ab43c44-0f65-4622-9835-adc63e393ac8:group-44A28433BC03: set stopIndex = 11
2019-09-05 19:14:55,384 [grpc-default-executor-14] INFO  impl.FollowerInfo (FollowerInfo.java:lambda$new$0(50)) - 1ab43c44-0f65-4622-9835-adc63e393ac8->bc285176-9d9b-4fac-8659-fbfd5417a358: nextIndex: updateUnconditionally 12 -> 11
2019-09-05 19:14:55,385 [grpc-default-executor-0] INFO  server.GrpcLogAppender (GrpcLogAppender.java:onCompleted(292)) - 1ab43c44-0f65-4622-9835-adc63e393ac8->7acf8a2f-cb7a-4f1b-96ec-46e1b885d205: follower responses appendEntries COMPLETED
2019-09-05 19:14:55,385 [grpc-default-executor-0] INFO  impl.FollowerInfo (FollowerInfo.java:lambda$new$0(50)) - 1ab43c44-0f65-4622-9835-adc63e393ac8->7acf8a2f-cb7a-4f1b-96ec-46e1b885d205: nextIndex: updateUnconditionally 12 -> 11
2019-09-05 19:14:57,753 [StateMachineUpdater:1ab43c44-0f65-4622-9835-adc63e393ac8:group-44A28433BC03] INFO  ratis.ContainerStateMachine (ContainerStateMachine.java:takeSnapshot(295)) - group-44A28433BC03: Finished taking a snapshot at:(t:1, i:11) file:/workdir/hadoop-ozone/integration-test/target/test-dir/MiniOzoneClusterImpl-a25a262c-8f45-494e-95da-2a3cd65c296f/datanode-1/data/ratis/a7d4c1ec-9fa8-423b-8b88-44a28433bc03/sm/snapshot.1_11 time:2370
2019-09-05 19:14:57,753 [StateMachineUpdater:5aaf18d6-82cf-46f0-b977-f04590e1d3a6:group-A2331387CCA1] INFO  ratis.ContainerStateMachine (ContainerStateMachine.java:takeSnapshot(295)) - group-A2331387CCA1: Finished taking a snapshot at:(t:1, i:12) file:/workdir/hadoop-ozone/integration-test/target/test-dir/MiniOzoneClusterImpl-a25a262c-8f45-494e-95da-2a3cd65c296f/datanode-4/data/ratis/cd766c30-273d-4576-bf8e-a2331387cca1/sm/snapshot.1_12 time:2382
2019-09-05 19:14:57,754 [StateMachineUpdater:1ab43c44-0f65-4622-9835-adc63e393ac8:group-44A28433BC03] INFO  impl.StateMachineUpdater (StateMachineUpdater.java:takeSnapshot(242)) - StateMachineUpdater:1ab43c44-0f65-4622-9835-adc63e393ac8:group-44A28433BC03: Took a snapshot at index 11
2019-09-05 19:14:57,754 [StateMachineUpdater:5aaf18d6-82cf-46f0-b977-f04590e1d3a6:group-A2331387CCA1] INFO  impl.StateMachineUpdater (StateMachineUpdater.java:takeSnapshot(242)) - StateMachineUpdater:5aaf18d6-82cf-46f0-b977-f04590e1d3a6:group-A2331387CCA1: Took a snapshot at index 12
2019-09-05 19:14:57,754 [StateMachineUpdater:1ab43c44-0f65-4622-9835-adc63e393ac8:group-44A28433BC03] INFO  impl.StateMachineUpdater (StateMachineUpdater.java:lambda$new$0(80)) - StateMachineUpdater:1ab43c44-0f65-4622-9835-adc63e393ac8:group-44A28433BC03: snapshotIndex: updateIncreasingly -1 -> 11
2019-09-05 19:14:57,754 [StateMachineUpdater:5aaf18d6-82cf-46f0-b977-f04590e1d3a6:group-A2331387CCA1] INFO  impl.StateMachineUpdater (StateMachineUpdater.java:lambda$new$0(80)) - StateMachineUpdater:5aaf18d6-82cf-46f0-b977-f04590e1d3a6:group-A2331387CCA1: snapshotIndex: updateIncreasingly -1 -> 12
2019-09-05 19:14:57,755 [ForkJoinPool.commonPool-worker-0] INFO  impl.RaftServerImpl (ServerState.java:close(394)) - 1ab43c44-0f65-4622-9835-adc63e393ac8:group-44A28433BC03 closes. The last applied log index is 11
2019-09-05 19:14:57,755 [main] INFO  impl.RaftServerImpl (ServerState.java:close(394)) - 5aaf18d6-82cf-46f0-b977-f04590e1d3a6:group-A2331387CCA1 closes. The last applied log index is 12
2019-09-05 19:14:57,755 [1ab43c44-0f65-4622-9835-adc63e393ac8-SegmentedRaftLogWorker:Storage Directory /workdir/hadoop-ozone/integration-test/target/test-dir/MiniOzoneClusterImpl-a25a262c-8f45-494e-95da-2a3cd65c296f/datanode-1/data/ratis/a7d4c1ec-9fa8-423b-8b88-44a28433bc03] INFO  segmented.SegmentedRaftLogWorker (SegmentedRaftLogWorker.java:run(313)) - 1ab43c44-0f65-4622-9835-adc63e393ac8-SegmentedRaftLogWorker:Storage Directory /workdir/hadoop-ozone/integration-test/target/test-dir/MiniOzoneClusterImpl-a25a262c-8f45-494e-95da-2a3cd65c296f/datanode-1/data/ratis/a7d4c1ec-9fa8-423b-8b88-44a28433bc03 was interrupted, exiting. There are 0 tasks remaining in the queue.
2019-09-05 19:14:57,756 [5aaf18d6-82cf-46f0-b977-f04590e1d3a6-SegmentedRaftLogWorker:Storage Directory /workdir/hadoop-ozone/integration-test/target/test-dir/MiniOzoneClusterImpl-a25a262c-8f45-494e-95da-2a3cd65c296f/datanode-4/data/ratis/cd766c30-273d-4576-bf8e-a2331387cca1] INFO  segmented.SegmentedRaftLogWorker (SegmentedRaftLogWorker.java:run(313)) - 5aaf18d6-82cf-46f0-b977-f04590e1d3a6-SegmentedRaftLogWorker:Storage Directory /workdir/hadoop-ozone/integration-test/target/test-dir/MiniOzoneClusterImpl-a25a262c-8f45-494e-95da-2a3cd65c296f/datanode-4/data/ratis/cd766c30-273d-4576-bf8e-a2331387cca1 was interrupted, exiting. There are 0 tasks remaining in the queue.
2019-09-05 19:14:57,760 [ForkJoinPool.commonPool-worker-0] INFO  segmented.SegmentedRaftLogWorker (SegmentedRaftLogWorker.java:close(228)) - 1ab43c44-0f65-4622-9835-adc63e393ac8-SegmentedRaftLogWorker:Storage Directory /workdir/hadoop-ozone/integration-test/target/test-dir/MiniOzoneClusterImpl-a25a262c-8f45-494e-95da-2a3cd65c296f/datanode-1/data/ratis/a7d4c1ec-9fa8-423b-8b88-44a28433bc03 close()
2019-09-05 19:14:57,775 [main] INFO  segmented.SegmentedRaftLogWorker (SegmentedRaftLogWorker.java:close(228)) - 5aaf18d6-82cf-46f0-b977-f04590e1d3a6-SegmentedRaftLogWorker:Storage Directory /workdir/hadoop-ozone/integration-test/target/test-dir/MiniOzoneClusterImpl-a25a262c-8f45-494e-95da-2a3cd65c296f/datanode-4/data/ratis/cd766c30-273d-4576-bf8e-a2331387cca1 close()
2019-09-05 19:14:57,777 [ForkJoinPool.commonPool-worker-0] INFO  impl.RaftServerImpl (RaftServerImpl.java:lambda$shutdown$3(245)) - 1ab43c44-0f65-4622-9835-adc63e393ac8: shutdown group-BDBE8E37C8D7
2019-09-05 19:14:57,780 [main] INFO  impl.RaftServerImpl (RaftServerImpl.java:lambda$shutdown$3(245)) - 5aaf18d6-82cf-46f0-b977-f04590e1d3a6: shutdown group-BC3804185AEE
2019-09-05 19:14:57,780 [ForkJoinPool.commonPool-worker-0] INFO  util.JmxRegister (JmxRegister.java:unregister(73)) - Successfully un-registered JMX Bean with object name Ratis:service=RaftServer,group=group-BDBE8E37C8D7,id=1ab43c44-0f65-4622-9835-adc63e393ac8
2019-09-05 19:14:57,781 [main] INFO  util.JmxRegister (JmxRegister.java:unregister(73)) - Successfully un-registered JMX Bean with object name Ratis:service=RaftServer,group=group-BC3804185AEE,id=5aaf18d6-82cf-46f0-b977-f04590e1d3a6
2019-09-05 19:14:57,781 [ForkJoinPool.commonPool-worker-0] INFO  impl.RoleInfo (RoleInfo.java:shutdownLeaderState(104)) - 1ab43c44-0f65-4622-9835-adc63e393ac8: shutdown LeaderState
2019-09-05 19:14:57,781 [main] INFO  impl.RoleInfo (RoleInfo.java:shutdownLeaderState(104)) - 5aaf18d6-82cf-46f0-b977-f04590e1d3a6: shutdown LeaderState
2019-09-05 19:14:57,781 [ForkJoinPool.commonPool-worker-0] INFO  impl.PendingRequests (PendingRequests.java:sendNotLeaderResponses(202)) - 1ab43c44-0f65-4622-9835-adc63e393ac8-PendingRequests: sendNotLeaderResponses
2019-09-05 19:14:57,782 [main] INFO  impl.PendingRequests (PendingRequests.java:sendNotLeaderResponses(202)) - 5aaf18d6-82cf-46f0-b977-f04590e1d3a6-PendingRequests: sendNotLeaderResponses
2019-09-05 19:14:57,782 [ForkJoinPool.commonPool-worker-0] INFO  impl.StateMachineUpdater (StateMachineUpdater.java:stopAndJoin(115)) - StateMachineUpdater:1ab43c44-0f65-4622-9835-adc63e393ac8:group-BDBE8E37C8D7: set stopIndex = 0
2019-09-05 19:14:57,782 [main] INFO  impl.StateMachineUpdater (StateMachineUpdater.java:stopAndJoin(115)) - StateMachineUpdater:5aaf18d6-82cf-46f0-b977-f04590e1d3a6:group-BC3804185AEE: set stopIndex = 0
2019-09-05 19:14:57,783 [main] INFO  impl.RaftServerImpl (ServerState.java:close(394)) - 5aaf18d6-82cf-46f0-b977-f04590e1d3a6:group-BC3804185AEE closes. The last applied log index is 0
2019-09-05 19:14:57,783 [ForkJoinPool.commonPool-worker-0] INFO  impl.RaftServerImpl (ServerState.java:close(394)) - 1ab43c44-0f65-4622-9835-adc63e393ac8:group-BDBE8E37C8D7 closes. The last applied log index is 0
2019-09-05 19:14:57,784 [5aaf18d6-82cf-46f0-b977-f04590e1d3a6-SegmentedRaftLogWorker:Storage Directory /workdir/hadoop-ozone/integration-test/target/test-dir/MiniOzoneClusterImpl-a25a262c-8f45-494e-95da-2a3cd65c296f/datanode-4/data/ratis/d3d062d9-0eb4-49de-b415-bc3804185aee] INFO  segmented.SegmentedRaftLogWorker (SegmentedRaftLogWorker.java:run(313)) - 5aaf18d6-82cf-46f0-b977-f04590e1d3a6-SegmentedRaftLogWorker:Storage Directory /workdir/hadoop-ozone/integration-test/target/test-dir/MiniOzoneClusterImpl-a25a262c-8f45-494e-95da-2a3cd65c296f/datanode-4/data/ratis/d3d062d9-0eb4-49de-b415-bc3804185aee was interrupted, exiting. There are 0 tasks remaining in the queue.
2019-09-05 19:14:57,784 [1ab43c44-0f65-4622-9835-adc63e393ac8-SegmentedRaftLogWorker:Storage Directory /workdir/hadoop-ozone/integration-test/target/test-dir/MiniOzoneClusterImpl-a25a262c-8f45-494e-95da-2a3cd65c296f/datanode-1/data/ratis/eb5fcc50-d5ad-43a7-8335-bdbe8e37c8d7] INFO  segmented.SegmentedRaftLogWorker (SegmentedRaftLogWorker.java:run(313)) - 1ab43c44-0f65-4622-9835-adc63e393ac8-SegmentedRaftLogWorker:Storage Directory /workdir/hadoop-ozone/integration-test/target/test-dir/MiniOzoneClusterImpl-a25a262c-8f45-494e-95da-2a3cd65c296f/datanode-1/data/ratis/eb5fcc50-d5ad-43a7-8335-bdbe8e37c8d7 was interrupted, exiting. There are 0 tasks remaining in the queue.
2019-09-05 19:14:57,784 [main] INFO  segmented.SegmentedRaftLogWorker (SegmentedRaftLogWorker.java:close(228)) - 5aaf18d6-82cf-46f0-b977-f04590e1d3a6-SegmentedRaftLogWorker:Storage Directory /workdir/hadoop-ozone/integration-test/target/test-dir/MiniOzoneClusterImpl-a25a262c-8f45-494e-95da-2a3cd65c296f/datanode-4/data/ratis/d3d062d9-0eb4-49de-b415-bc3804185aee close()
2019-09-05 19:14:57,784 [ForkJoinPool.commonPool-worker-0] INFO  segmented.SegmentedRaftLogWorker (SegmentedRaftLogWorker.java:close(228)) - 1ab43c44-0f65-4622-9835-adc63e393ac8-SegmentedRaftLogWorker:Storage Directory /workdir/hadoop-ozone/integration-test/target/test-dir/MiniOzoneClusterImpl-a25a262c-8f45-494e-95da-2a3cd65c296f/datanode-1/data/ratis/eb5fcc50-d5ad-43a7-8335-bdbe8e37c8d7 close()
2019-09-05 19:14:57,787 [main] INFO  server.GrpcService (GrpcService.java:closeImpl(155)) - 5aaf18d6-82cf-46f0-b977-f04590e1d3a6: shutdown server with port 41462 now
2019-09-05 19:14:57,789 [ForkJoinPool.commonPool-worker-0] INFO  server.GrpcService (GrpcService.java:closeImpl(155)) - 1ab43c44-0f65-4622-9835-adc63e393ac8: shutdown server with port 40799 now
2019-09-05 19:14:57,793 [grpc-default-executor-0] WARN  server.GrpcServerProtocolService (LogUtils.java:warn(134)) - 5aaf18d6-82cf-46f0-b977-f04590e1d3a6: appendEntries onError: org.apache.ratis.thirdparty.io.grpc.StatusRuntimeException: CANCELLED: cancelled before receiving half close
2019-09-05 19:14:57,793 [main] INFO  server.GrpcService (GrpcService.java:closeImpl(163)) - 5aaf18d6-82cf-46f0-b977-f04590e1d3a6: shutdown server with port 41462 successfully
2019-09-05 19:14:57,794 [grpc-default-executor-13] WARN  server.GrpcLogAppender (LogUtils.java:warn(134)) - a9e96699-88a7-4abe-af5a-628e24b5bf3e->5aaf18d6-82cf-46f0-b977-f04590e1d3a6: Failed appendEntries: org.apache.ratis.thirdparty.io.grpc.StatusRuntimeException: CANCELLED: HTTP/2 error code: CANCEL
Received Rst Stream
2019-09-05 19:14:57,794 [ForkJoinPool.commonPool-worker-0] INFO  server.GrpcService (GrpcService.java:closeImpl(163)) - 1ab43c44-0f65-4622-9835-adc63e393ac8: shutdown server with port 40799 successfully
2019-09-05 19:14:57,794 [grpc-default-executor-13] INFO  impl.FollowerInfo (FollowerInfo.java:lambda$new$0(50)) - a9e96699-88a7-4abe-af5a-628e24b5bf3e->5aaf18d6-82cf-46f0-b977-f04590e1d3a6: nextIndex: updateUnconditionally 13 -> 12
2019-09-05 19:14:57,796 [refreshUsed-/workdir/hadoop-ozone/integration-test/target/test-dir/MiniOzoneClusterImpl-a25a262c-8f45-494e-95da-2a3cd65c296f/datanode-1/data/containers] WARN  fs.CachingGetSpaceUsed (CachingGetSpaceUsed.java:run(183)) - Thread Interrupted waiting to refresh disk information: sleep interrupted
2019-09-05 19:14:57,800 [refreshUsed-/workdir/hadoop-ozone/integration-test/target/test-dir/MiniOzoneClusterImpl-a25a262c-8f45-494e-95da-2a3cd65c296f/datanode-4/data/containers] WARN  fs.CachingGetSpaceUsed (CachingGetSpaceUsed.java:run(183)) - Thread Interrupted waiting to refresh disk information: sleep interrupted
2019-09-05 19:14:57,816 [ForkJoinPool.commonPool-worker-0] INFO  utils.BackgroundService (BackgroundService.java:shutdown(148)) - Shutting down service BlockDeletingService
2019-09-05 19:14:57,816 [main] INFO  utils.BackgroundService (BackgroundService.java:shutdown(148)) - Shutting down service BlockDeletingService
2019-09-05 19:14:57,822 [ForkJoinPool.commonPool-worker-0] INFO  statemachine.DatanodeStateMachine (DatanodeStateMachine.java:stopDaemon(395)) - Ozone container server stopped.
2019-09-05 19:14:57,827 [main] INFO  statemachine.DatanodeStateMachine (DatanodeStateMachine.java:stopDaemon(395)) - Ozone container server stopped.
2019-09-05 19:14:57,831 [ForkJoinPool.commonPool-worker-0] INFO  handler.ContextHandler (ContextHandler.java:doStop(910)) - Stopped o.e.j.w.WebAppContext@9729a97{/,null,UNAVAILABLE}{/hddsDatanode}
2019-09-05 19:14:57,831 [main] INFO  handler.ContextHandler (ContextHandler.java:doStop(910)) - Stopped o.e.j.w.WebAppContext@351e89fc{/,null,UNAVAILABLE}{/hddsDatanode}
2019-09-05 19:14:57,831 [ForkJoinPool.commonPool-worker-0] INFO  server.AbstractConnector (AbstractConnector.java:doStop(318)) - Stopped ServerConnector@5dfd31f4{HTTP/1.1,[http/1.1]}{0.0.0.0:0}
2019-09-05 19:14:57,833 [main] INFO  server.AbstractConnector (AbstractConnector.java:doStop(318)) - Stopped ServerConnector@2b682e9{HTTP/1.1,[http/1.1]}{0.0.0.0:0}
2019-09-05 19:14:57,833 [ForkJoinPool.commonPool-worker-0] INFO  handler.ContextHandler (ContextHandler.java:doStop(910)) - Stopped o.e.j.s.ServletContextHandler@21733cbe{/static,jar:file:/home/user/.m2/repository/org/apache/hadoop/hadoop-hdds-container-service/0.5.0-SNAPSHOT/hadoop-hdds-container-service-0.5.0-SNAPSHOT.jar!/webapps/static,UNAVAILABLE}
2019-09-05 19:14:57,833 [main] INFO  handler.ContextHandler (ContextHandler.java:doStop(910)) - Stopped o.e.j.s.ServletContextHandler@56e5c8fb{/static,jar:file:/home/user/.m2/repository/org/apache/hadoop/hadoop-hdds-container-service/0.5.0-SNAPSHOT/hadoop-hdds-container-service-0.5.0-SNAPSHOT.jar!/webapps/static,UNAVAILABLE}
2019-09-05 19:14:57,834 [ForkJoinPool.commonPool-worker-0] INFO  handler.ContextHandler (ContextHandler.java:doStop(910)) - Stopped o.e.j.s.ServletContextHandler@750cd36d{/logs,file:///workdir/hadoop-ozone/integration-test/target/log,UNAVAILABLE}
2019-09-05 19:14:57,835 [main] INFO  handler.ContextHandler (ContextHandler.java:doStop(910)) - Stopped o.e.j.s.ServletContextHandler@5ed25612{/logs,file:///workdir/hadoop-ozone/integration-test/target/log,UNAVAILABLE}
2019-09-05 19:14:57,927 [Datanode State Machine Thread - 0] INFO  statemachine.DatanodeStateMachine (DatanodeStateMachine.java:lambda$startDaemon$0(350)) - Ozone container server started.
2019-09-05 19:14:57,978 [grpc-default-executor-13] WARN  server.GrpcLogAppender (LogUtils.java:warn(134)) - a9e96699-88a7-4abe-af5a-628e24b5bf3e->5aaf18d6-82cf-46f0-b977-f04590e1d3a6: Failed appendEntries: org.apache.ratis.thirdparty.io.grpc.StatusRuntimeException: UNAVAILABLE: io exception
2019-09-05 19:14:57,978 [grpc-default-executor-13] INFO  impl.FollowerInfo (FollowerInfo.java:lambda$new$0(50)) - a9e96699-88a7-4abe-af5a-628e24b5bf3e->5aaf18d6-82cf-46f0-b977-f04590e1d3a6: nextIndex: updateUnconditionally 12 -> 11
2019-09-05 19:14:58,756 [Datanode State Machine Thread - 0] INFO  statemachine.DatanodeStateMachine (DatanodeStateMachine.java:lambda$startDaemon$0(350)) - Ozone container server started.
2019-09-05 19:15:00,446 [Thread-4459] INFO  impl.FollowerState (FollowerState.java:run(106)) - bc285176-9d9b-4fac-8659-fbfd5417a358:group-44A28433BC03 changes to CANDIDATE, lastRpcTime:5200, electionTimeout:5160ms
2019-09-05 19:15:00,446 [Thread-4459] INFO  impl.RoleInfo (RoleInfo.java:shutdownFollowerState(121)) - bc285176-9d9b-4fac-8659-fbfd5417a358: shutdown FollowerState
2019-09-05 19:15:00,447 [Thread-4459] INFO  impl.RaftServerImpl (RaftServerImpl.java:setRole(171)) - bc285176-9d9b-4fac-8659-fbfd5417a358:group-44A28433BC03 changes role from FOLLOWER to CANDIDATE at term 1 for changeToCandidate
2019-09-05 19:15:00,447 [Thread-4459] INFO  impl.RoleInfo (RoleInfo.java:updateAndGet(143)) - bc285176-9d9b-4fac-8659-fbfd5417a358: start LeaderElection
2019-09-05 19:15:00,450 [bc285176-9d9b-4fac-8659-fbfd5417a358:group-44A28433BC03:LeaderElection83] INFO  impl.RaftServerImpl (ServerState.java:setLeader(263)) - bc285176-9d9b-4fac-8659-fbfd5417a358:group-44A28433BC03 change Leader from 1ab43c44-0f65-4622-9835-adc63e393ac8 to null at term 1 for initElection
2019-09-05 19:15:00,463 [bc285176-9d9b-4fac-8659-fbfd5417a358:group-44A28433BC03:LeaderElection83] INFO  impl.LeaderElection (LeaderElection.java:askForVotes(181)) - bc285176-9d9b-4fac-8659-fbfd5417a358:group-44A28433BC03:LeaderElection83: begin an election at term 2 for 0: [bc285176-9d9b-4fac-8659-fbfd5417a358:192.168.34.27:36477, 7acf8a2f-cb7a-4f1b-96ec-46e1b885d205:192.168.34.27:46225, 1ab43c44-0f65-4622-9835-adc63e393ac8:192.168.34.27:40799], old=null
2019-09-05 19:15:00,465 [bc285176-9d9b-4fac-8659-fbfd5417a358:group-44A28433BC03:LeaderElection83] INFO  impl.LeaderElection (LogUtils.java:infoOrTrace(149)) - bc285176-9d9b-4fac-8659-fbfd5417a358:group-44A28433BC03:LeaderElection83 got exception when requesting votes: {}
java.util.concurrent.ExecutionException: org.apache.ratis.thirdparty.io.grpc.StatusRuntimeException: UNAVAILABLE: io exception
	at java.util.concurrent.FutureTask.report(FutureTask.java:122)
	at java.util.concurrent.FutureTask.get(FutureTask.java:192)
	at org.apache.ratis.server.impl.LeaderElection.waitForResults(LeaderElection.java:262)
	at org.apache.ratis.server.impl.LeaderElection.askForVotes(LeaderElection.java:200)
	at org.apache.ratis.server.impl.LeaderElection.run(LeaderElection.java:130)
	at java.lang.Thread.run(Thread.java:748)
Caused by: org.apache.ratis.thirdparty.io.grpc.StatusRuntimeException: UNAVAILABLE: io exception
	at org.apache.ratis.thirdparty.io.grpc.stub.ClientCalls.toStatusRuntimeException(ClientCalls.java:233)
	at org.apache.ratis.thirdparty.io.grpc.stub.ClientCalls.getUnchecked(ClientCalls.java:214)
	at org.apache.ratis.thirdparty.io.grpc.stub.ClientCalls.blockingUnaryCall(ClientCalls.java:139)
	at org.apache.ratis.proto.grpc.RaftServerProtocolServiceGrpc$RaftServerProtocolServiceBlockingStub.requestVote(RaftServerProtocolServiceGrpc.java:265)
	at org.apache.ratis.grpc.server.GrpcServerProtocolClient.requestVote(GrpcServerProtocolClient.java:83)
	at org.apache.ratis.grpc.server.GrpcService.requestVote(GrpcService.java:195)
	at org.apache.ratis.server.impl.LeaderElection.lambda$submitRequests$1(LeaderElection.java:237)
	at java.util.concurrent.FutureTask.run(FutureTask.java:266)
	at java.util.concurrent.Executors$RunnableAdapter.call(Executors.java:511)
	at java.util.concurrent.FutureTask.run(FutureTask.java:266)
	at java.util.concurrent.ThreadPoolExecutor.runWorker(ThreadPoolExecutor.java:1149)
	at java.util.concurrent.ThreadPoolExecutor$Worker.run(ThreadPoolExecutor.java:624)
	... 1 more
Caused by: org.apache.ratis.thirdparty.io.netty.channel.AbstractChannel$AnnotatedConnectException: Connection refused: /192.168.34.27:40799
	at sun.nio.ch.SocketChannelImpl.checkConnect(Native Method)
	at sun.nio.ch.SocketChannelImpl.finishConnect(SocketChannelImpl.java:717)
	at org.apache.ratis.thirdparty.io.netty.channel.socket.nio.NioSocketChannel.doFinishConnect(NioSocketChannel.java:327)
	at org.apache.ratis.thirdparty.io.netty.channel.nio.AbstractNioChannel$AbstractNioUnsafe.finishConnect(AbstractNioChannel.java:340)
	at org.apache.ratis.thirdparty.io.netty.channel.nio.NioEventLoop.processSelectedKey(NioEventLoop.java:632)
	at org.apache.ratis.thirdparty.io.netty.channel.nio.NioEventLoop.processSelectedKeysOptimized(NioEventLoop.java:579)
	at org.apache.ratis.thirdparty.io.netty.channel.nio.NioEventLoop.processSelectedKeys(NioEventLoop.java:496)
	at org.apache.ratis.thirdparty.io.netty.channel.nio.NioEventLoop.run(NioEventLoop.java:458)
	at org.apache.ratis.thirdparty.io.netty.util.concurrent.SingleThreadEventExecutor$5.run(SingleThreadEventExecutor.java:897)
	at org.apache.ratis.thirdparty.io.netty.util.concurrent.FastThreadLocalRunnable.run(FastThreadLocalRunnable.java:30)
	... 1 more
Caused by: java.net.ConnectException: Connection refused
	... 11 more
2019-09-05 19:15:00,466 [grpc-default-executor-0] INFO  impl.RaftServerImpl (ServerState.java:setLeader(263)) - 7acf8a2f-cb7a-4f1b-96ec-46e1b885d205:group-44A28433BC03 change Leader from 1ab43c44-0f65-4622-9835-adc63e393ac8 to null at term 2 for updateCurrentTerm
2019-09-05 19:15:00,478 [grpc-default-executor-0] INFO  impl.RaftServerImpl (RaftServerImpl.java:setRole(171)) - 7acf8a2f-cb7a-4f1b-96ec-46e1b885d205:group-44A28433BC03 changes role from FOLLOWER to FOLLOWER at term 2 for recognizeCandidate:bc285176-9d9b-4fac-8659-fbfd5417a358
2019-09-05 19:15:00,478 [grpc-default-executor-0] INFO  impl.RoleInfo (RoleInfo.java:shutdownFollowerState(121)) - 7acf8a2f-cb7a-4f1b-96ec-46e1b885d205: shutdown FollowerState
2019-09-05 19:15:00,478 [grpc-default-executor-0] INFO  impl.RoleInfo (RoleInfo.java:updateAndGet(143)) - 7acf8a2f-cb7a-4f1b-96ec-46e1b885d205: start FollowerState
2019-09-05 19:15:00,478 [Thread-4448] INFO  impl.FollowerState (FollowerState.java:run(114)) - 7acf8a2f-cb7a-4f1b-96ec-46e1b885d205: FollowerState was interrupted: java.lang.InterruptedException: sleep interrupted
2019-09-05 19:15:00,480 [grpc-default-executor-12] WARN  server.GrpcLogAppender (LogUtils.java:warn(134)) - a9e96699-88a7-4abe-af5a-628e24b5bf3e->5aaf18d6-82cf-46f0-b977-f04590e1d3a6: Failed appendEntries: org.apache.ratis.thirdparty.io.grpc.StatusRuntimeException: UNAVAILABLE: io exception
2019-09-05 19:15:00,481 [grpc-default-executor-12] INFO  impl.FollowerInfo (FollowerInfo.java:lambda$new$0(50)) - a9e96699-88a7-4abe-af5a-628e24b5bf3e->5aaf18d6-82cf-46f0-b977-f04590e1d3a6: nextIndex: updateUnconditionally 11 -> 10
2019-09-05 19:15:00,504 [bc285176-9d9b-4fac-8659-fbfd5417a358:group-44A28433BC03:LeaderElection83] INFO  impl.LeaderElection (LeaderElection.java:logAndReturn(56)) - bc285176-9d9b-4fac-8659-fbfd5417a358:group-44A28433BC03:LeaderElection83: Election PASSED; received 1 response(s) [bc285176-9d9b-4fac-8659-fbfd5417a358<-7acf8a2f-cb7a-4f1b-96ec-46e1b885d205#0:OK-t2] and 1 exception(s); bc285176-9d9b-4fac-8659-fbfd5417a358:t2, leader=null, voted=bc285176-9d9b-4fac-8659-fbfd5417a358, raftlog=bc285176-9d9b-4fac-8659-fbfd5417a358-SegmentedRaftLog:OPENED:c11,f11,i11, conf=0: [bc285176-9d9b-4fac-8659-fbfd5417a358:192.168.34.27:36477, 7acf8a2f-cb7a-4f1b-96ec-46e1b885d205:192.168.34.27:46225, 1ab43c44-0f65-4622-9835-adc63e393ac8:192.168.34.27:40799], old=null
2019-09-05 19:15:00,504 [bc285176-9d9b-4fac-8659-fbfd5417a358:group-44A28433BC03:LeaderElection83] INFO  impl.LeaderElection (LogUtils.java:infoOrTrace(149)) -   Exception 0: {}
java.util.concurrent.ExecutionException: org.apache.ratis.thirdparty.io.grpc.StatusRuntimeException: UNAVAILABLE: io exception
	at java.util.concurrent.FutureTask.report(FutureTask.java:122)
	at java.util.concurrent.FutureTask.get(FutureTask.java:192)
	at org.apache.ratis.server.impl.LeaderElection.waitForResults(LeaderElection.java:262)
	at org.apache.ratis.server.impl.LeaderElection.askForVotes(LeaderElection.java:200)
	at org.apache.ratis.server.impl.LeaderElection.run(LeaderElection.java:130)
	at java.lang.Thread.run(Thread.java:748)
Caused by: org.apache.ratis.thirdparty.io.grpc.StatusRuntimeException: UNAVAILABLE: io exception
	at org.apache.ratis.thirdparty.io.grpc.stub.ClientCalls.toStatusRuntimeException(ClientCalls.java:233)
	at org.apache.ratis.thirdparty.io.grpc.stub.ClientCalls.getUnchecked(ClientCalls.java:214)
	at org.apache.ratis.thirdparty.io.grpc.stub.ClientCalls.blockingUnaryCall(ClientCalls.java:139)
	at org.apache.ratis.proto.grpc.RaftServerProtocolServiceGrpc$RaftServerProtocolServiceBlockingStub.requestVote(RaftServerProtocolServiceGrpc.java:265)
	at org.apache.ratis.grpc.server.GrpcServerProtocolClient.requestVote(GrpcServerProtocolClient.java:83)
	at org.apache.ratis.grpc.server.GrpcService.requestVote(GrpcService.java:195)
	at org.apache.ratis.server.impl.LeaderElection.lambda$submitRequests$1(LeaderElection.java:237)
	at java.util.concurrent.FutureTask.run(FutureTask.java:266)
	at java.util.concurrent.Executors$RunnableAdapter.call(Executors.java:511)
	at java.util.concurrent.FutureTask.run(FutureTask.java:266)
	at java.util.concurrent.ThreadPoolExecutor.runWorker(ThreadPoolExecutor.java:1149)
	at java.util.concurrent.ThreadPoolExecutor$Worker.run(ThreadPoolExecutor.java:624)
	... 1 more
Caused by: org.apache.ratis.thirdparty.io.netty.channel.AbstractChannel$AnnotatedConnectException: Connection refused: /192.168.34.27:40799
	at sun.nio.ch.SocketChannelImpl.checkConnect(Native Method)
	at sun.nio.ch.SocketChannelImpl.finishConnect(SocketChannelImpl.java:717)
	at org.apache.ratis.thirdparty.io.netty.channel.socket.nio.NioSocketChannel.doFinishConnect(NioSocketChannel.java:327)
	at org.apache.ratis.thirdparty.io.netty.channel.nio.AbstractNioChannel$AbstractNioUnsafe.finishConnect(AbstractNioChannel.java:340)
	at org.apache.ratis.thirdparty.io.netty.channel.nio.NioEventLoop.processSelectedKey(NioEventLoop.java:632)
	at org.apache.ratis.thirdparty.io.netty.channel.nio.NioEventLoop.processSelectedKeysOptimized(NioEventLoop.java:579)
	at org.apache.ratis.thirdparty.io.netty.channel.nio.NioEventLoop.processSelectedKeys(NioEventLoop.java:496)
	at org.apache.ratis.thirdparty.io.netty.channel.nio.NioEventLoop.run(NioEventLoop.java:458)
	at org.apache.ratis.thirdparty.io.netty.util.concurrent.SingleThreadEventExecutor$5.run(SingleThreadEventExecutor.java:897)
	at org.apache.ratis.thirdparty.io.netty.util.concurrent.FastThreadLocalRunnable.run(FastThreadLocalRunnable.java:30)
	... 1 more
Caused by: java.net.ConnectException: Connection refused
	... 11 more
2019-09-05 19:15:00,504 [bc285176-9d9b-4fac-8659-fbfd5417a358:group-44A28433BC03:LeaderElection83] INFO  impl.RoleInfo (RoleInfo.java:shutdownLeaderElection(134)) - bc285176-9d9b-4fac-8659-fbfd5417a358: shutdown LeaderElection
2019-09-05 19:15:00,505 [bc285176-9d9b-4fac-8659-fbfd5417a358:group-44A28433BC03:LeaderElection83] INFO  impl.RaftServerImpl (RaftServerImpl.java:setRole(171)) - bc285176-9d9b-4fac-8659-fbfd5417a358:group-44A28433BC03 changes role from CANDIDATE to LEADER at term 2 for changeToLeader
2019-09-05 19:15:00,505 [bc285176-9d9b-4fac-8659-fbfd5417a358:group-44A28433BC03:LeaderElection83] INFO  impl.RaftServerImpl (ServerState.java:setLeader(263)) - bc285176-9d9b-4fac-8659-fbfd5417a358:group-44A28433BC03 change Leader from null to bc285176-9d9b-4fac-8659-fbfd5417a358 at term 2 for becomeLeader, leader elected after 54ms
2019-09-05 19:15:00,505 [bc285176-9d9b-4fac-8659-fbfd5417a358:group-44A28433BC03:LeaderElection83] INFO  server.RaftServerConfigKeys (ConfUtils.java:logGet(43)) - raft.server.staging.catchup.gap = 1000 (default)
2019-09-05 19:15:00,505 [bc285176-9d9b-4fac-8659-fbfd5417a358:group-44A28433BC03:LeaderElection83] INFO  server.RaftServerConfigKeys (ConfUtils.java:logGet(43)) - raft.server.rpc.sleep.time = 25ms (default)
2019-09-05 19:15:00,505 [bc285176-9d9b-4fac-8659-fbfd5417a358:group-44A28433BC03:LeaderElection83] INFO  server.RaftServerConfigKeys (ConfUtils.java:logGet(43)) - raft.server.write.element-limit = 4096 (default)
2019-09-05 19:15:00,505 [bc285176-9d9b-4fac-8659-fbfd5417a358:group-44A28433BC03:LeaderElection83] INFO  server.RaftServerConfigKeys (ConfUtils.java:logGet(43)) - raft.server.watch.timeout = 10s (default)
2019-09-05 19:15:00,505 [bc285176-9d9b-4fac-8659-fbfd5417a358:group-44A28433BC03:LeaderElection83] INFO  server.RaftServerConfigKeys (ConfUtils.java:logGet(43)) - raft.server.watch.timeout.denomination = 1s (default)
2019-09-05 19:15:00,505 [bc285176-9d9b-4fac-8659-fbfd5417a358:group-44A28433BC03:LeaderElection83] INFO  server.RaftServerConfigKeys (ConfUtils.java:logGet(43)) - raft.server.watch.element-limit = 65536 (default)
2019-09-05 19:15:00,505 [bc285176-9d9b-4fac-8659-fbfd5417a358:group-44A28433BC03:LeaderElection83] INFO  server.RaftServerConfigKeys (ConfUtils.java:logGet(43)) - raft.server.log.appender.snapshot.chunk.size.max = 16MB (=16777216) (default)
2019-09-05 19:15:00,506 [bc285176-9d9b-4fac-8659-fbfd5417a358:group-44A28433BC03:LeaderElection83] INFO  server.RaftServerConfigKeys (ConfUtils.java:logGet(43)) - raft.server.log.appender.buffer.byte-limit = 33554432 (custom)
2019-09-05 19:15:00,506 [bc285176-9d9b-4fac-8659-fbfd5417a358:group-44A28433BC03:LeaderElection83] INFO  server.RaftServerConfigKeys (ConfUtils.java:logGet(43)) - raft.server.log.appender.buffer.element-limit = 1 (custom)
2019-09-05 19:15:00,506 [bc285176-9d9b-4fac-8659-fbfd5417a358:group-44A28433BC03:LeaderElection83] INFO  grpc.GrpcConfigKeys$Server (ConfUtils.java:logGet(43)) - raft.grpc.server.leader.outstanding.appends.max = 128 (default)
2019-09-05 19:15:00,506 [bc285176-9d9b-4fac-8659-fbfd5417a358:group-44A28433BC03:LeaderElection83] INFO  server.RaftServerConfigKeys (ConfUtils.java:logGet(43)) - raft.server.rpc.request.timeout = 3000ms (default)
2019-09-05 19:15:00,506 [bc285176-9d9b-4fac-8659-fbfd5417a358:group-44A28433BC03:LeaderElection83] INFO  server.RaftServerConfigKeys (ConfUtils.java:logGet(43)) - raft.server.log.appender.install.snapshot.enabled = false (custom)
2019-09-05 19:15:00,506 [bc285176-9d9b-4fac-8659-fbfd5417a358:group-44A28433BC03:LeaderElection83] INFO  server.RaftServerConfigKeys (ConfUtils.java:logGet(43)) - raft.server.log.appender.snapshot.chunk.size.max = 16MB (=16777216) (default)
2019-09-05 19:15:00,506 [bc285176-9d9b-4fac-8659-fbfd5417a358:group-44A28433BC03:LeaderElection83] INFO  server.RaftServerConfigKeys (ConfUtils.java:logGet(43)) - raft.server.log.appender.buffer.byte-limit = 33554432 (custom)
2019-09-05 19:15:00,506 [bc285176-9d9b-4fac-8659-fbfd5417a358:group-44A28433BC03:LeaderElection83] INFO  server.RaftServerConfigKeys (ConfUtils.java:logGet(43)) - raft.server.log.appender.buffer.element-limit = 1 (custom)
2019-09-05 19:15:00,507 [bc285176-9d9b-4fac-8659-fbfd5417a358:group-44A28433BC03:LeaderElection83] INFO  grpc.GrpcConfigKeys$Server (ConfUtils.java:logGet(43)) - raft.grpc.server.leader.outstanding.appends.max = 128 (default)
2019-09-05 19:15:00,507 [bc285176-9d9b-4fac-8659-fbfd5417a358:group-44A28433BC03:LeaderElection83] INFO  server.RaftServerConfigKeys (ConfUtils.java:logGet(43)) - raft.server.rpc.request.timeout = 3000ms (default)
2019-09-05 19:15:00,507 [bc285176-9d9b-4fac-8659-fbfd5417a358:group-44A28433BC03:LeaderElection83] INFO  server.RaftServerConfigKeys (ConfUtils.java:logGet(43)) - raft.server.log.appender.install.snapshot.enabled = false (custom)
2019-09-05 19:15:00,507 [bc285176-9d9b-4fac-8659-fbfd5417a358:group-44A28433BC03:LeaderElection83] INFO  impl.RoleInfo (RoleInfo.java:updateAndGet(143)) - bc285176-9d9b-4fac-8659-fbfd5417a358: start LeaderState
2019-09-05 19:15:00,507 [bc285176-9d9b-4fac-8659-fbfd5417a358:group-44A28433BC03:LeaderElection83] INFO  segmented.SegmentedRaftLogWorker (SegmentedRaftLogWorker.java:rollLogSegment(385)) - bc285176-9d9b-4fac-8659-fbfd5417a358-SegmentedRaftLogWorker:Storage Directory /workdir/hadoop-ozone/integration-test/target/test-dir/MiniOzoneClusterImpl-a25a262c-8f45-494e-95da-2a3cd65c296f/datanode-2/data/ratis/a7d4c1ec-9fa8-423b-8b88-44a28433bc03: Rolling segment log-0_11 to index:11
2019-09-05 19:15:00,508 [bc285176-9d9b-4fac-8659-fbfd5417a358-SegmentedRaftLogWorker:Storage Directory /workdir/hadoop-ozone/integration-test/target/test-dir/MiniOzoneClusterImpl-a25a262c-8f45-494e-95da-2a3cd65c296f/datanode-2/data/ratis/a7d4c1ec-9fa8-423b-8b88-44a28433bc03] INFO  segmented.SegmentedRaftLogWorker (SegmentedRaftLogWorker.java:execute(526)) - bc285176-9d9b-4fac-8659-fbfd5417a358-SegmentedRaftLogWorker:Storage Directory /workdir/hadoop-ozone/integration-test/target/test-dir/MiniOzoneClusterImpl-a25a262c-8f45-494e-95da-2a3cd65c296f/datanode-2/data/ratis/a7d4c1ec-9fa8-423b-8b88-44a28433bc03: Rolled log segment from /workdir/hadoop-ozone/integration-test/target/test-dir/MiniOzoneClusterImpl-a25a262c-8f45-494e-95da-2a3cd65c296f/datanode-2/data/ratis/a7d4c1ec-9fa8-423b-8b88-44a28433bc03/current/log_inprogress_0 to /workdir/hadoop-ozone/integration-test/target/test-dir/MiniOzoneClusterImpl-a25a262c-8f45-494e-95da-2a3cd65c296f/datanode-2/data/ratis/a7d4c1ec-9fa8-423b-8b88-44a28433bc03/current/log_0-11
2019-09-05 19:15:00,508 [bc285176-9d9b-4fac-8659-fbfd5417a358:group-44A28433BC03:LeaderElection83] INFO  impl.RaftServerImpl (ServerState.java:setRaftConf(361)) - bc285176-9d9b-4fac-8659-fbfd5417a358:group-44A28433BC03 set configuration 12: [bc285176-9d9b-4fac-8659-fbfd5417a358:192.168.34.27:36477, 7acf8a2f-cb7a-4f1b-96ec-46e1b885d205:192.168.34.27:46225, 1ab43c44-0f65-4622-9835-adc63e393ac8:192.168.34.27:40799], old=null at 12
2019-09-05 19:15:00,508 [grpc-default-executor-0] WARN  server.GrpcLogAppender (LogUtils.java:warn(134)) - bc285176-9d9b-4fac-8659-fbfd5417a358->1ab43c44-0f65-4622-9835-adc63e393ac8: Failed appendEntries: org.apache.ratis.thirdparty.io.grpc.StatusRuntimeException: UNAVAILABLE: io exception
2019-09-05 19:15:00,509 [grpc-default-executor-0] INFO  impl.FollowerInfo (FollowerInfo.java:lambda$new$0(50)) - bc285176-9d9b-4fac-8659-fbfd5417a358->1ab43c44-0f65-4622-9835-adc63e393ac8: nextIndex: updateUnconditionally 12 -> 1
2019-09-05 19:15:00,509 [grpc-default-executor-0] INFO  impl.RaftServerImpl (ServerState.java:setLeader(263)) - 7acf8a2f-cb7a-4f1b-96ec-46e1b885d205:group-44A28433BC03 change Leader from null to bc285176-9d9b-4fac-8659-fbfd5417a358 at term 2 for appendEntries, leader elected after 43ms
2019-09-05 19:15:00,511 [grpc-default-executor-0] INFO  impl.RaftServerImpl (ServerState.java:setRaftConf(361)) - 7acf8a2f-cb7a-4f1b-96ec-46e1b885d205:group-44A28433BC03 set configuration 12: [bc285176-9d9b-4fac-8659-fbfd5417a358:192.168.34.27:36477, 7acf8a2f-cb7a-4f1b-96ec-46e1b885d205:192.168.34.27:46225, 1ab43c44-0f65-4622-9835-adc63e393ac8:192.168.34.27:40799], old=null at 12
2019-09-05 19:15:00,511 [grpc-default-executor-0] INFO  segmented.SegmentedRaftLogWorker (SegmentedRaftLogWorker.java:rollLogSegment(385)) - 7acf8a2f-cb7a-4f1b-96ec-46e1b885d205-SegmentedRaftLogWorker:Storage Directory /workdir/hadoop-ozone/integration-test/target/test-dir/MiniOzoneClusterImpl-a25a262c-8f45-494e-95da-2a3cd65c296f/datanode-0/data/ratis/a7d4c1ec-9fa8-423b-8b88-44a28433bc03: Rolling segment log-0_11 to index:11
2019-09-05 19:15:00,512 [7acf8a2f-cb7a-4f1b-96ec-46e1b885d205-SegmentedRaftLogWorker:Storage Directory /workdir/hadoop-ozone/integration-test/target/test-dir/MiniOzoneClusterImpl-a25a262c-8f45-494e-95da-2a3cd65c296f/datanode-0/data/ratis/a7d4c1ec-9fa8-423b-8b88-44a28433bc03] INFO  segmented.SegmentedRaftLogWorker (SegmentedRaftLogWorker.java:execute(526)) - 7acf8a2f-cb7a-4f1b-96ec-46e1b885d205-SegmentedRaftLogWorker:Storage Directory /workdir/hadoop-ozone/integration-test/target/test-dir/MiniOzoneClusterImpl-a25a262c-8f45-494e-95da-2a3cd65c296f/datanode-0/data/ratis/a7d4c1ec-9fa8-423b-8b88-44a28433bc03: Rolled log segment from /workdir/hadoop-ozone/integration-test/target/test-dir/MiniOzoneClusterImpl-a25a262c-8f45-494e-95da-2a3cd65c296f/datanode-0/data/ratis/a7d4c1ec-9fa8-423b-8b88-44a28433bc03/current/log_inprogress_0 to /workdir/hadoop-ozone/integration-test/target/test-dir/MiniOzoneClusterImpl-a25a262c-8f45-494e-95da-2a3cd65c296f/datanode-0/data/ratis/a7d4c1ec-9fa8-423b-8b88-44a28433bc03/current/log_0-11
2019-09-05 19:15:00,565 [7acf8a2f-cb7a-4f1b-96ec-46e1b885d205-SegmentedRaftLogWorker:Storage Directory /workdir/hadoop-ozone/integration-test/target/test-dir/MiniOzoneClusterImpl-a25a262c-8f45-494e-95da-2a3cd65c296f/datanode-0/data/ratis/a7d4c1ec-9fa8-423b-8b88-44a28433bc03] INFO  segmented.SegmentedRaftLogWorker (SegmentedRaftLogWorker.java:execute(569)) - 7acf8a2f-cb7a-4f1b-96ec-46e1b885d205-SegmentedRaftLogWorker:Storage Directory /workdir/hadoop-ozone/integration-test/target/test-dir/MiniOzoneClusterImpl-a25a262c-8f45-494e-95da-2a3cd65c296f/datanode-0/data/ratis/a7d4c1ec-9fa8-423b-8b88-44a28433bc03: created new log segment /workdir/hadoop-ozone/integration-test/target/test-dir/MiniOzoneClusterImpl-a25a262c-8f45-494e-95da-2a3cd65c296f/datanode-0/data/ratis/a7d4c1ec-9fa8-423b-8b88-44a28433bc03/current/log_inprogress_12
2019-09-05 19:15:00,565 [bc285176-9d9b-4fac-8659-fbfd5417a358-SegmentedRaftLogWorker:Storage Directory /workdir/hadoop-ozone/integration-test/target/test-dir/MiniOzoneClusterImpl-a25a262c-8f45-494e-95da-2a3cd65c296f/datanode-2/data/ratis/a7d4c1ec-9fa8-423b-8b88-44a28433bc03] INFO  segmented.SegmentedRaftLogWorker (SegmentedRaftLogWorker.java:execute(569)) - bc285176-9d9b-4fac-8659-fbfd5417a358-SegmentedRaftLogWorker:Storage Directory /workdir/hadoop-ozone/integration-test/target/test-dir/MiniOzoneClusterImpl-a25a262c-8f45-494e-95da-2a3cd65c296f/datanode-2/data/ratis/a7d4c1ec-9fa8-423b-8b88-44a28433bc03: created new log segment /workdir/hadoop-ozone/integration-test/target/test-dir/MiniOzoneClusterImpl-a25a262c-8f45-494e-95da-2a3cd65c296f/datanode-2/data/ratis/a7d4c1ec-9fa8-423b-8b88-44a28433bc03/current/log_inprogress_12
2019-09-05 19:15:00,586 [grpc-default-executor-13] WARN  server.GrpcLogAppender (LogUtils.java:warn(134)) - bc285176-9d9b-4fac-8659-fbfd5417a358->1ab43c44-0f65-4622-9835-adc63e393ac8: Failed appendEntries: org.apache.ratis.thirdparty.io.grpc.StatusRuntimeException: UNAVAILABLE: io exception
2019-09-05 19:15:00,586 [grpc-default-executor-13] INFO  impl.FollowerInfo (FollowerInfo.java:lambda$new$0(50)) - bc285176-9d9b-4fac-8659-fbfd5417a358->1ab43c44-0f65-4622-9835-adc63e393ac8: nextIndex: updateUnconditionally 2 -> 1
2019-09-05 19:15:00,598 [grpc-default-executor-12] WARN  server.GrpcLogAppender (LogUtils.java:warn(134)) - bc285176-9d9b-4fac-8659-fbfd5417a358->1ab43c44-0f65-4622-9835-adc63e393ac8: Failed appendEntries: org.apache.ratis.thirdparty.io.grpc.StatusRuntimeException: UNAVAILABLE: io exception
2019-09-05 19:15:00,599 [grpc-default-executor-12] INFO  impl.FollowerInfo (FollowerInfo.java:lambda$new$0(50)) - bc285176-9d9b-4fac-8659-fbfd5417a358->1ab43c44-0f65-4622-9835-adc63e393ac8: nextIndex: updateUnconditionally 2 -> 1
2019-09-05 19:15:02,006 [EventQueue-StaleNodeForStaleNodeHandler] INFO  node.StaleNodeHandler (StaleNodeHandler.java:onMessage(58)) - Datanode a9e96699-88a7-4abe-af5a-628e24b5bf3e{ip: 192.168.34.27, host: pr-hdds-2015-5mx5w-4127483329, networkLocation: /default-rack, certSerialId: null} moved to stale state. Finalizing its pipelines [PipelineID=f514a603-adb0-4c2e-a867-b69c1db62367, PipelineID=cd766c30-273d-4576-bf8e-a2331387cca1]
2019-09-05 19:15:02,006 [EventQueue-StaleNodeForStaleNodeHandler] INFO  pipeline.SCMPipelineManager (SCMPipelineManager.java:finalizeAndDestroyPipeline(309)) - destroying pipeline:Pipeline[ Id: f514a603-adb0-4c2e-a867-b69c1db62367, Nodes: a9e96699-88a7-4abe-af5a-628e24b5bf3e{ip: 192.168.34.27, host: pr-hdds-2015-5mx5w-4127483329, networkLocation: /default-rack, certSerialId: null}, Type:RATIS, Factor:ONE, State:OPEN]
2019-09-05 19:15:02,006 [EventQueue-StaleNodeForStaleNodeHandler] INFO  pipeline.PipelineStateManager (PipelineStateManager.java:finalizePipeline(123)) - Pipeline Pipeline[ Id: f514a603-adb0-4c2e-a867-b69c1db62367, Nodes: a9e96699-88a7-4abe-af5a-628e24b5bf3e{ip: 192.168.34.27, host: pr-hdds-2015-5mx5w-4127483329, networkLocation: /default-rack, certSerialId: null}, Type:RATIS, Factor:ONE, State:CLOSED] moved to CLOSED state
2019-09-05 19:15:02,006 [EventQueue-StaleNodeForStaleNodeHandler] INFO  pipeline.SCMPipelineManager (SCMPipelineManager.java:finalizeAndDestroyPipeline(309)) - destroying pipeline:Pipeline[ Id: cd766c30-273d-4576-bf8e-a2331387cca1, Nodes: 5aaf18d6-82cf-46f0-b977-f04590e1d3a6{ip: 192.168.34.27, host: pr-hdds-2015-5mx5w-4127483329, networkLocation: /default-rack, certSerialId: null}a9e96699-88a7-4abe-af5a-628e24b5bf3e{ip: 192.168.34.27, host: pr-hdds-2015-5mx5w-4127483329, networkLocation: /default-rack, certSerialId: null}943b6596-18e7-43fd-8a5b-4ca327f5c156{ip: 192.168.34.27, host: pr-hdds-2015-5mx5w-4127483329, networkLocation: /default-rack, certSerialId: null}, Type:RATIS, Factor:THREE, State:CLOSED]
2019-09-05 19:15:02,807 [EventQueue-StaleNodeForStaleNodeHandler] INFO  node.StaleNodeHandler (StaleNodeHandler.java:onMessage(58)) - Datanode bc285176-9d9b-4fac-8659-fbfd5417a358{ip: 192.168.34.27, host: pr-hdds-2015-5mx5w-4127483329, networkLocation: /default-rack, certSerialId: null} moved to stale state. Finalizing its pipelines [PipelineID=a7d4c1ec-9fa8-423b-8b88-44a28433bc03, PipelineID=5c56ae86-f09e-405d-acdb-bf1877e1495c]
2019-09-05 19:15:02,807 [EventQueue-StaleNodeForStaleNodeHandler] INFO  pipeline.SCMPipelineManager (SCMPipelineManager.java:finalizeAndDestroyPipeline(309)) - destroying pipeline:Pipeline[ Id: a7d4c1ec-9fa8-423b-8b88-44a28433bc03, Nodes: bc285176-9d9b-4fac-8659-fbfd5417a358{ip: 192.168.34.27, host: pr-hdds-2015-5mx5w-4127483329, networkLocation: /default-rack, certSerialId: null}1ab43c44-0f65-4622-9835-adc63e393ac8{ip: 192.168.34.27, host: pr-hdds-2015-5mx5w-4127483329, networkLocation: /default-rack, certSerialId: null}7acf8a2f-cb7a-4f1b-96ec-46e1b885d205{ip: 192.168.34.27, host: pr-hdds-2015-5mx5w-4127483329, networkLocation: /default-rack, certSerialId: null}, Type:RATIS, Factor:THREE, State:CLOSED]
2019-09-05 19:15:02,807 [EventQueue-StaleNodeForStaleNodeHandler] INFO  pipeline.SCMPipelineManager (SCMPipelineManager.java:finalizeAndDestroyPipeline(309)) - destroying pipeline:Pipeline[ Id: 5c56ae86-f09e-405d-acdb-bf1877e1495c, Nodes: bc285176-9d9b-4fac-8659-fbfd5417a358{ip: 192.168.34.27, host: pr-hdds-2015-5mx5w-4127483329, networkLocation: /default-rack, certSerialId: null}, Type:RATIS, Factor:ONE, State:OPEN]
2019-09-05 19:15:02,808 [EventQueue-StaleNodeForStaleNodeHandler] INFO  pipeline.PipelineStateManager (PipelineStateManager.java:finalizePipeline(123)) - Pipeline Pipeline[ Id: 5c56ae86-f09e-405d-acdb-bf1877e1495c, Nodes: bc285176-9d9b-4fac-8659-fbfd5417a358{ip: 192.168.34.27, host: pr-hdds-2015-5mx5w-4127483329, networkLocation: /default-rack, certSerialId: null}, Type:RATIS, Factor:ONE, State:CLOSED] moved to CLOSED state
2019-09-05 19:15:02,836 [ForkJoinPool.commonPool-worker-0] INFO  ozoneimpl.OzoneContainer (OzoneContainer.java:stop(215)) - Attempting to stop container services.
2019-09-05 19:15:02,836 [ForkJoinPool.commonPool-worker-0] INFO  impl.RaftServerProxy (RaftServerProxy.java:lambda$close$4(314)) - bc285176-9d9b-4fac-8659-fbfd5417a358: close
2019-09-05 19:15:02,836 [main] INFO  ozoneimpl.OzoneContainer (OzoneContainer.java:stop(215)) - Attempting to stop container services.
2019-09-05 19:15:02,837 [ForkJoinPool.commonPool-worker-0] INFO  impl.RaftServerImpl (RaftServerImpl.java:lambda$shutdown$3(245)) - bc285176-9d9b-4fac-8659-fbfd5417a358: shutdown group-44A28433BC03
2019-09-05 19:15:02,837 [main] INFO  impl.RaftServerProxy (RaftServerProxy.java:lambda$close$4(314)) - a9e96699-88a7-4abe-af5a-628e24b5bf3e: close
2019-09-05 19:15:02,837 [ForkJoinPool.commonPool-worker-0] INFO  util.JmxRegister (JmxRegister.java:unregister(73)) - Successfully un-registered JMX Bean with object name Ratis:service=RaftServer,group=group-44A28433BC03,id=bc285176-9d9b-4fac-8659-fbfd5417a358
2019-09-05 19:15:02,838 [main] INFO  impl.RaftServerImpl (RaftServerImpl.java:lambda$shutdown$3(245)) - a9e96699-88a7-4abe-af5a-628e24b5bf3e: shutdown group-B69C1DB62367
2019-09-05 19:15:02,838 [ForkJoinPool.commonPool-worker-0] INFO  impl.RoleInfo (RoleInfo.java:shutdownLeaderState(104)) - bc285176-9d9b-4fac-8659-fbfd5417a358: shutdown LeaderState
2019-09-05 19:15:02,838 [main] INFO  util.JmxRegister (JmxRegister.java:unregister(73)) - Successfully un-registered JMX Bean with object name Ratis:service=RaftServer,group=group-B69C1DB62367,id=a9e96699-88a7-4abe-af5a-628e24b5bf3e
2019-09-05 19:15:02,843 [org.apache.ratis.server.impl.LogAppender$AppenderDaemon$$Lambda$491/241468067@68e21a0] WARN  server.GrpcLogAppender (GrpcLogAppender.java:mayWait(143)) - GrpcLogAppender(bc285176-9d9b-4fac-8659-fbfd5417a358->7acf8a2f-cb7a-4f1b-96ec-46e1b885d205): Wait interrupted by java.lang.InterruptedException
2019-09-05 19:15:02,843 [org.apache.ratis.server.impl.LogAppender$AppenderDaemon$$Lambda$491/241468067@663ed01d] WARN  server.GrpcLogAppender (GrpcLogAppender.java:mayWait(143)) - GrpcLogAppender(bc285176-9d9b-4fac-8659-fbfd5417a358->1ab43c44-0f65-4622-9835-adc63e393ac8): Wait interrupted by java.lang.InterruptedException
2019-09-05 19:15:02,843 [ForkJoinPool.commonPool-worker-0] INFO  impl.PendingRequests (PendingRequests.java:sendNotLeaderResponses(202)) - bc285176-9d9b-4fac-8659-fbfd5417a358-PendingRequests: sendNotLeaderResponses
2019-09-05 19:15:02,844 [grpc-default-executor-13] INFO  server.GrpcServerProtocolService (GrpcServerProtocolService.java:onCompleted(104)) - 7acf8a2f-cb7a-4f1b-96ec-46e1b885d205: appendEntries completed
2019-09-05 19:15:02,845 [ForkJoinPool.commonPool-worker-0] INFO  impl.StateMachineUpdater (StateMachineUpdater.java:stopAndJoin(115)) - StateMachineUpdater:bc285176-9d9b-4fac-8659-fbfd5417a358:group-44A28433BC03: set stopIndex = 13
2019-09-05 19:15:02,844 [main] INFO  impl.RoleInfo (RoleInfo.java:shutdownLeaderState(104)) - a9e96699-88a7-4abe-af5a-628e24b5bf3e: shutdown LeaderState
2019-09-05 19:15:02,845 [grpc-default-executor-0] INFO  server.GrpcLogAppender (GrpcLogAppender.java:onCompleted(292)) - bc285176-9d9b-4fac-8659-fbfd5417a358->7acf8a2f-cb7a-4f1b-96ec-46e1b885d205: follower responses appendEntries COMPLETED
2019-09-05 19:15:02,845 [StateMachineUpdater:bc285176-9d9b-4fac-8659-fbfd5417a358:group-44A28433BC03] INFO  ratis.ContainerStateMachine (ContainerStateMachine.java:takeSnapshot(284)) - group-44A28433BC03: Taking a snapshot at:(t:1, i:7) file /workdir/hadoop-ozone/integration-test/target/test-dir/MiniOzoneClusterImpl-a25a262c-8f45-494e-95da-2a3cd65c296f/datanode-2/data/ratis/a7d4c1ec-9fa8-423b-8b88-44a28433bc03/sm/snapshot.1_7
2019-09-05 19:15:02,846 [grpc-default-executor-0] INFO  impl.FollowerInfo (FollowerInfo.java:lambda$new$0(50)) - bc285176-9d9b-4fac-8659-fbfd5417a358->7acf8a2f-cb7a-4f1b-96ec-46e1b885d205: nextIndex: updateUnconditionally 14 -> 13
2019-09-05 19:15:02,845 [main] INFO  impl.PendingRequests (PendingRequests.java:sendNotLeaderResponses(202)) - a9e96699-88a7-4abe-af5a-628e24b5bf3e-PendingRequests: sendNotLeaderResponses
2019-09-05 19:15:02,846 [main] INFO  impl.StateMachineUpdater (StateMachineUpdater.java:stopAndJoin(115)) - StateMachineUpdater:a9e96699-88a7-4abe-af5a-628e24b5bf3e:group-B69C1DB62367: set stopIndex = 0
2019-09-05 19:15:02,847 [main] INFO  impl.RaftServerImpl (ServerState.java:close(394)) - a9e96699-88a7-4abe-af5a-628e24b5bf3e:group-B69C1DB62367 closes. The last applied log index is 0
2019-09-05 19:15:02,847 [a9e96699-88a7-4abe-af5a-628e24b5bf3e-SegmentedRaftLogWorker:Storage Directory /workdir/hadoop-ozone/integration-test/target/test-dir/MiniOzoneClusterImpl-a25a262c-8f45-494e-95da-2a3cd65c296f/datanode-3/data/ratis/f514a603-adb0-4c2e-a867-b69c1db62367] INFO  segmented.SegmentedRaftLogWorker (SegmentedRaftLogWorker.java:run(313)) - a9e96699-88a7-4abe-af5a-628e24b5bf3e-SegmentedRaftLogWorker:Storage Directory /workdir/hadoop-ozone/integration-test/target/test-dir/MiniOzoneClusterImpl-a25a262c-8f45-494e-95da-2a3cd65c296f/datanode-3/data/ratis/f514a603-adb0-4c2e-a867-b69c1db62367 was interrupted, exiting. There are 0 tasks remaining in the queue.
2019-09-05 19:15:02,847 [main] INFO  segmented.SegmentedRaftLogWorker (SegmentedRaftLogWorker.java:close(228)) - a9e96699-88a7-4abe-af5a-628e24b5bf3e-SegmentedRaftLogWorker:Storage Directory /workdir/hadoop-ozone/integration-test/target/test-dir/MiniOzoneClusterImpl-a25a262c-8f45-494e-95da-2a3cd65c296f/datanode-3/data/ratis/f514a603-adb0-4c2e-a867-b69c1db62367 close()
2019-09-05 19:15:02,849 [main] INFO  impl.RaftServerImpl (RaftServerImpl.java:lambda$shutdown$3(245)) - a9e96699-88a7-4abe-af5a-628e24b5bf3e: shutdown group-A2331387CCA1
2019-09-05 19:15:02,850 [main] INFO  util.JmxRegister (JmxRegister.java:unregister(73)) - Successfully un-registered JMX Bean with object name Ratis:service=RaftServer,group=group-A2331387CCA1,id=a9e96699-88a7-4abe-af5a-628e24b5bf3e
2019-09-05 19:15:02,850 [main] INFO  impl.RoleInfo (RoleInfo.java:shutdownLeaderState(104)) - a9e96699-88a7-4abe-af5a-628e24b5bf3e: shutdown LeaderState
2019-09-05 19:15:02,853 [org.apache.ratis.server.impl.LogAppender$AppenderDaemon$$Lambda$491/241468067@7a03546b] WARN  server.GrpcLogAppender (GrpcLogAppender.java:mayWait(143)) - GrpcLogAppender(a9e96699-88a7-4abe-af5a-628e24b5bf3e->943b6596-18e7-43fd-8a5b-4ca327f5c156): Wait interrupted by java.lang.InterruptedException
2019-09-05 19:15:02,853 [org.apache.ratis.server.impl.LogAppender$AppenderDaemon$$Lambda$491/241468067@3f01d54f] WARN  server.GrpcLogAppender (GrpcLogAppender.java:mayWait(143)) - GrpcLogAppender(a9e96699-88a7-4abe-af5a-628e24b5bf3e->5aaf18d6-82cf-46f0-b977-f04590e1d3a6): Wait interrupted by java.lang.InterruptedException
2019-09-05 19:15:02,853 [main] INFO  impl.PendingRequests (PendingRequests.java:sendNotLeaderResponses(202)) - a9e96699-88a7-4abe-af5a-628e24b5bf3e-PendingRequests: sendNotLeaderResponses
2019-09-05 19:15:02,854 [grpc-default-executor-0] INFO  server.GrpcServerProtocolService (GrpcServerProtocolService.java:onCompleted(104)) - 943b6596-18e7-43fd-8a5b-4ca327f5c156: appendEntries completed
2019-09-05 19:15:02,857 [main] INFO  impl.StateMachineUpdater (StateMachineUpdater.java:stopAndJoin(115)) - StateMachineUpdater:a9e96699-88a7-4abe-af5a-628e24b5bf3e:group-A2331387CCA1: set stopIndex = 12
2019-09-05 19:15:02,857 [grpc-default-executor-0] INFO  server.GrpcLogAppender (GrpcLogAppender.java:onCompleted(292)) - a9e96699-88a7-4abe-af5a-628e24b5bf3e->943b6596-18e7-43fd-8a5b-4ca327f5c156: follower responses appendEntries COMPLETED
2019-09-05 19:15:02,857 [StateMachineUpdater:a9e96699-88a7-4abe-af5a-628e24b5bf3e:group-A2331387CCA1] INFO  ratis.ContainerStateMachine (ContainerStateMachine.java:takeSnapshot(284)) - group-A2331387CCA1: Taking a snapshot at:(t:1, i:12) file /workdir/hadoop-ozone/integration-test/target/test-dir/MiniOzoneClusterImpl-a25a262c-8f45-494e-95da-2a3cd65c296f/datanode-3/data/ratis/cd766c30-273d-4576-bf8e-a2331387cca1/sm/snapshot.1_12
2019-09-05 19:15:02,858 [grpc-default-executor-0] INFO  impl.FollowerInfo (FollowerInfo.java:lambda$new$0(50)) - a9e96699-88a7-4abe-af5a-628e24b5bf3e->943b6596-18e7-43fd-8a5b-4ca327f5c156: nextIndex: updateUnconditionally 13 -> 12
2019-09-05 19:15:02,869 [StateMachineUpdater:bc285176-9d9b-4fac-8659-fbfd5417a358:group-44A28433BC03] INFO  ratis.ContainerStateMachine (ContainerStateMachine.java:takeSnapshot(295)) - group-44A28433BC03: Finished taking a snapshot at:(t:1, i:7) file:/workdir/hadoop-ozone/integration-test/target/test-dir/MiniOzoneClusterImpl-a25a262c-8f45-494e-95da-2a3cd65c296f/datanode-2/data/ratis/a7d4c1ec-9fa8-423b-8b88-44a28433bc03/sm/snapshot.1_7 time:25
2019-09-05 19:15:02,869 [StateMachineUpdater:bc285176-9d9b-4fac-8659-fbfd5417a358:group-44A28433BC03] INFO  impl.StateMachineUpdater (StateMachineUpdater.java:takeSnapshot(242)) - StateMachineUpdater:bc285176-9d9b-4fac-8659-fbfd5417a358:group-44A28433BC03: Took a snapshot at index 7
2019-09-05 19:15:02,869 [StateMachineUpdater:bc285176-9d9b-4fac-8659-fbfd5417a358:group-44A28433BC03] INFO  impl.StateMachineUpdater (StateMachineUpdater.java:lambda$new$0(80)) - StateMachineUpdater:bc285176-9d9b-4fac-8659-fbfd5417a358:group-44A28433BC03: snapshotIndex: updateIncreasingly -1 -> 7
2019-09-05 19:15:02,870 [ForkJoinPool.commonPool-worker-0] INFO  impl.RaftServerImpl (ServerState.java:close(394)) - bc285176-9d9b-4fac-8659-fbfd5417a358:group-44A28433BC03 closes. The last applied log index is 13
2019-09-05 19:15:02,870 [bc285176-9d9b-4fac-8659-fbfd5417a358-SegmentedRaftLogWorker:Storage Directory /workdir/hadoop-ozone/integration-test/target/test-dir/MiniOzoneClusterImpl-a25a262c-8f45-494e-95da-2a3cd65c296f/datanode-2/data/ratis/a7d4c1ec-9fa8-423b-8b88-44a28433bc03] INFO  segmented.SegmentedRaftLogWorker (SegmentedRaftLogWorker.java:run(313)) - bc285176-9d9b-4fac-8659-fbfd5417a358-SegmentedRaftLogWorker:Storage Directory /workdir/hadoop-ozone/integration-test/target/test-dir/MiniOzoneClusterImpl-a25a262c-8f45-494e-95da-2a3cd65c296f/datanode-2/data/ratis/a7d4c1ec-9fa8-423b-8b88-44a28433bc03 was interrupted, exiting. There are 0 tasks remaining in the queue.
2019-09-05 19:15:02,872 [StateMachineUpdater:a9e96699-88a7-4abe-af5a-628e24b5bf3e:group-A2331387CCA1] INFO  ratis.ContainerStateMachine (ContainerStateMachine.java:takeSnapshot(295)) - group-A2331387CCA1: Finished taking a snapshot at:(t:1, i:12) file:/workdir/hadoop-ozone/integration-test/target/test-dir/MiniOzoneClusterImpl-a25a262c-8f45-494e-95da-2a3cd65c296f/datanode-3/data/ratis/cd766c30-273d-4576-bf8e-a2331387cca1/sm/snapshot.1_12 time:14
2019-09-05 19:15:02,872 [ForkJoinPool.commonPool-worker-0] INFO  segmented.SegmentedRaftLogWorker (SegmentedRaftLogWorker.java:close(228)) - bc285176-9d9b-4fac-8659-fbfd5417a358-SegmentedRaftLogWorker:Storage Directory /workdir/hadoop-ozone/integration-test/target/test-dir/MiniOzoneClusterImpl-a25a262c-8f45-494e-95da-2a3cd65c296f/datanode-2/data/ratis/a7d4c1ec-9fa8-423b-8b88-44a28433bc03 close()
2019-09-05 19:15:02,872 [StateMachineUpdater:a9e96699-88a7-4abe-af5a-628e24b5bf3e:group-A2331387CCA1] INFO  impl.StateMachineUpdater (StateMachineUpdater.java:takeSnapshot(242)) - StateMachineUpdater:a9e96699-88a7-4abe-af5a-628e24b5bf3e:group-A2331387CCA1: Took a snapshot at index 12
2019-09-05 19:15:02,874 [StateMachineUpdater:a9e96699-88a7-4abe-af5a-628e24b5bf3e:group-A2331387CCA1] INFO  impl.StateMachineUpdater (StateMachineUpdater.java:lambda$new$0(80)) - StateMachineUpdater:a9e96699-88a7-4abe-af5a-628e24b5bf3e:group-A2331387CCA1: snapshotIndex: updateIncreasingly -1 -> 12
2019-09-05 19:15:02,874 [ForkJoinPool.commonPool-worker-0] INFO  impl.RaftServerImpl (RaftServerImpl.java:lambda$shutdown$3(245)) - bc285176-9d9b-4fac-8659-fbfd5417a358: shutdown group-BF1877E1495C
2019-09-05 19:15:02,874 [main] INFO  impl.RaftServerImpl (ServerState.java:close(394)) - a9e96699-88a7-4abe-af5a-628e24b5bf3e:group-A2331387CCA1 closes. The last applied log index is 12
2019-09-05 19:15:02,874 [ForkJoinPool.commonPool-worker-0] INFO  util.JmxRegister (JmxRegister.java:unregister(73)) - Successfully un-registered JMX Bean with object name Ratis:service=RaftServer,group=group-BF1877E1495C,id=bc285176-9d9b-4fac-8659-fbfd5417a358
2019-09-05 19:15:02,875 [a9e96699-88a7-4abe-af5a-628e24b5bf3e-SegmentedRaftLogWorker:Storage Directory /workdir/hadoop-ozone/integration-test/target/test-dir/MiniOzoneClusterImpl-a25a262c-8f45-494e-95da-2a3cd65c296f/datanode-3/data/ratis/cd766c30-273d-4576-bf8e-a2331387cca1] INFO  segmented.SegmentedRaftLogWorker (SegmentedRaftLogWorker.java:run(313)) - a9e96699-88a7-4abe-af5a-628e24b5bf3e-SegmentedRaftLogWorker:Storage Directory /workdir/hadoop-ozone/integration-test/target/test-dir/MiniOzoneClusterImpl-a25a262c-8f45-494e-95da-2a3cd65c296f/datanode-3/data/ratis/cd766c30-273d-4576-bf8e-a2331387cca1 was interrupted, exiting. There are 0 tasks remaining in the queue.
2019-09-05 19:15:02,875 [ForkJoinPool.commonPool-worker-0] INFO  impl.RoleInfo (RoleInfo.java:shutdownLeaderState(104)) - bc285176-9d9b-4fac-8659-fbfd5417a358: shutdown LeaderState
2019-09-05 19:15:02,875 [main] INFO  segmented.SegmentedRaftLogWorker (SegmentedRaftLogWorker.java:close(228)) - a9e96699-88a7-4abe-af5a-628e24b5bf3e-SegmentedRaftLogWorker:Storage Directory /workdir/hadoop-ozone/integration-test/target/test-dir/MiniOzoneClusterImpl-a25a262c-8f45-494e-95da-2a3cd65c296f/datanode-3/data/ratis/cd766c30-273d-4576-bf8e-a2331387cca1 close()
2019-09-05 19:15:02,875 [ForkJoinPool.commonPool-worker-0] INFO  impl.PendingRequests (PendingRequests.java:sendNotLeaderResponses(202)) - bc285176-9d9b-4fac-8659-fbfd5417a358-PendingRequests: sendNotLeaderResponses
2019-09-05 19:15:02,877 [main] INFO  server.GrpcService (GrpcService.java:closeImpl(155)) - a9e96699-88a7-4abe-af5a-628e24b5bf3e: shutdown server with port 42426 now
2019-09-05 19:15:02,878 [ForkJoinPool.commonPool-worker-0] INFO  impl.StateMachineUpdater (StateMachineUpdater.java:stopAndJoin(115)) - StateMachineUpdater:bc285176-9d9b-4fac-8659-fbfd5417a358:group-BF1877E1495C: set stopIndex = 0
2019-09-05 19:15:02,878 [ForkJoinPool.commonPool-worker-0] INFO  impl.RaftServerImpl (ServerState.java:close(394)) - bc285176-9d9b-4fac-8659-fbfd5417a358:group-BF1877E1495C closes. The last applied log index is 0
2019-09-05 19:15:02,878 [main] INFO  server.GrpcService (GrpcService.java:closeImpl(163)) - a9e96699-88a7-4abe-af5a-628e24b5bf3e: shutdown server with port 42426 successfully
2019-09-05 19:15:02,878 [grpc-default-executor-13] WARN  client.GrpcClientProtocolService (LogUtils.java:warn(134)) - 3-UnorderedRequestStreamObserver3: onError: org.apache.ratis.thirdparty.io.grpc.StatusRuntimeException: CANCELLED: cancelled before receiving half close
2019-09-05 19:15:02,878 [bc285176-9d9b-4fac-8659-fbfd5417a358-SegmentedRaftLogWorker:Storage Directory /workdir/hadoop-ozone/integration-test/target/test-dir/MiniOzoneClusterImpl-a25a262c-8f45-494e-95da-2a3cd65c296f/datanode-2/data/ratis/5c56ae86-f09e-405d-acdb-bf1877e1495c] INFO  segmented.SegmentedRaftLogWorker (SegmentedRaftLogWorker.java:run(313)) - bc285176-9d9b-4fac-8659-fbfd5417a358-SegmentedRaftLogWorker:Storage Directory /workdir/hadoop-ozone/integration-test/target/test-dir/MiniOzoneClusterImpl-a25a262c-8f45-494e-95da-2a3cd65c296f/datanode-2/data/ratis/5c56ae86-f09e-405d-acdb-bf1877e1495c was interrupted, exiting. There are 0 tasks remaining in the queue.
2019-09-05 19:15:02,879 [ForkJoinPool.commonPool-worker-0] INFO  segmented.SegmentedRaftLogWorker (SegmentedRaftLogWorker.java:close(228)) - bc285176-9d9b-4fac-8659-fbfd5417a358-SegmentedRaftLogWorker:Storage Directory /workdir/hadoop-ozone/integration-test/target/test-dir/MiniOzoneClusterImpl-a25a262c-8f45-494e-95da-2a3cd65c296f/datanode-2/data/ratis/5c56ae86-f09e-405d-acdb-bf1877e1495c close()
2019-09-05 19:15:02,881 [ForkJoinPool.commonPool-worker-0] INFO  server.GrpcService (GrpcService.java:closeImpl(155)) - bc285176-9d9b-4fac-8659-fbfd5417a358: shutdown server with port 36477 now
2019-09-05 19:15:02,883 [ForkJoinPool.commonPool-worker-0] INFO  server.GrpcService (GrpcService.java:closeImpl(163)) - bc285176-9d9b-4fac-8659-fbfd5417a358: shutdown server with port 36477 successfully
2019-09-05 19:15:02,886 [refreshUsed-/workdir/hadoop-ozone/integration-test/target/test-dir/MiniOzoneClusterImpl-a25a262c-8f45-494e-95da-2a3cd65c296f/datanode-2/data/containers] WARN  fs.CachingGetSpaceUsed (CachingGetSpaceUsed.java:run(183)) - Thread Interrupted waiting to refresh disk information: sleep interrupted
2019-09-05 19:15:02,888 [refreshUsed-/workdir/hadoop-ozone/integration-test/target/test-dir/MiniOzoneClusterImpl-a25a262c-8f45-494e-95da-2a3cd65c296f/datanode-3/data/containers] WARN  fs.CachingGetSpaceUsed (CachingGetSpaceUsed.java:run(183)) - Thread Interrupted waiting to refresh disk information: sleep interrupted
2019-09-05 19:15:02,903 [ForkJoinPool.commonPool-worker-0] INFO  utils.BackgroundService (BackgroundService.java:shutdown(148)) - Shutting down service BlockDeletingService
2019-09-05 19:15:02,905 [main] INFO  utils.BackgroundService (BackgroundService.java:shutdown(148)) - Shutting down service BlockDeletingService
2019-09-05 19:15:02,910 [ForkJoinPool.commonPool-worker-0] INFO  statemachine.DatanodeStateMachine (DatanodeStateMachine.java:stopDaemon(395)) - Ozone container server stopped.
2019-09-05 19:15:02,912 [main] INFO  statemachine.DatanodeStateMachine (DatanodeStateMachine.java:stopDaemon(395)) - Ozone container server stopped.
2019-09-05 19:15:02,917 [ForkJoinPool.commonPool-worker-0] INFO  handler.ContextHandler (ContextHandler.java:doStop(910)) - Stopped o.e.j.w.WebAppContext@1eab8437{/,null,UNAVAILABLE}{/hddsDatanode}
2019-09-05 19:15:02,917 [main] INFO  handler.ContextHandler (ContextHandler.java:doStop(910)) - Stopped o.e.j.w.WebAppContext@7b211077{/,null,UNAVAILABLE}{/hddsDatanode}
2019-09-05 19:15:02,918 [ForkJoinPool.commonPool-worker-0] INFO  server.AbstractConnector (AbstractConnector.java:doStop(318)) - Stopped ServerConnector@72eed547{HTTP/1.1,[http/1.1]}{0.0.0.0:0}
2019-09-05 19:15:02,918 [main] INFO  server.AbstractConnector (AbstractConnector.java:doStop(318)) - Stopped ServerConnector@3b770d07{HTTP/1.1,[http/1.1]}{0.0.0.0:0}
2019-09-05 19:15:02,920 [ForkJoinPool.commonPool-worker-0] INFO  handler.ContextHandler (ContextHandler.java:doStop(910)) - Stopped o.e.j.s.ServletContextHandler@2b458cd6{/static,jar:file:/home/user/.m2/repository/org/apache/hadoop/hadoop-hdds-container-service/0.5.0-SNAPSHOT/hadoop-hdds-container-service-0.5.0-SNAPSHOT.jar!/webapps/static,UNAVAILABLE}
2019-09-05 19:15:02,920 [main] INFO  handler.ContextHandler (ContextHandler.java:doStop(910)) - Stopped o.e.j.s.ServletContextHandler@2c8a445b{/static,jar:file:/home/user/.m2/repository/org/apache/hadoop/hadoop-hdds-container-service/0.5.0-SNAPSHOT/hadoop-hdds-container-service-0.5.0-SNAPSHOT.jar!/webapps/static,UNAVAILABLE}
2019-09-05 19:15:02,921 [main] INFO  handler.ContextHandler (ContextHandler.java:doStop(910)) - Stopped o.e.j.s.ServletContextHandler@11d2714a{/logs,file:///workdir/hadoop-ozone/integration-test/target/log,UNAVAILABLE}
2019-09-05 19:15:02,923 [ForkJoinPool.commonPool-worker-0] INFO  handler.ContextHandler (ContextHandler.java:doStop(910)) - Stopped o.e.j.s.ServletContextHandler@3a5e2525{/logs,file:///workdir/hadoop-ozone/integration-test/target/log,UNAVAILABLE}
2019-09-05 19:15:03,202 [Datanode State Machine Thread - 0] INFO  statemachine.DatanodeStateMachine (DatanodeStateMachine.java:lambda$startDaemon$0(350)) - Ozone container server started.
2019-09-05 19:15:03,401 [Datanode State Machine Thread - 0] INFO  statemachine.DatanodeStateMachine (DatanodeStateMachine.java:lambda$startDaemon$0(350)) - Ozone container server started.
2019-09-05 19:15:05,940 [Thread-4473] INFO  impl.FollowerState (FollowerState.java:run(106)) - 943b6596-18e7-43fd-8a5b-4ca327f5c156:group-A2331387CCA1 changes to CANDIDATE, lastRpcTime:5458, electionTimeout:5044ms
2019-09-05 19:15:05,940 [Thread-4473] INFO  impl.RoleInfo (RoleInfo.java:shutdownFollowerState(121)) - 943b6596-18e7-43fd-8a5b-4ca327f5c156: shutdown FollowerState
2019-09-05 19:15:05,940 [Thread-4473] INFO  impl.RaftServerImpl (RaftServerImpl.java:setRole(171)) - 943b6596-18e7-43fd-8a5b-4ca327f5c156:group-A2331387CCA1 changes role from FOLLOWER to CANDIDATE at term 1 for changeToCandidate
2019-09-05 19:15:05,940 [Thread-4473] INFO  impl.RoleInfo (RoleInfo.java:updateAndGet(143)) - 943b6596-18e7-43fd-8a5b-4ca327f5c156: start LeaderElection
2019-09-05 19:15:05,943 [943b6596-18e7-43fd-8a5b-4ca327f5c156:group-A2331387CCA1:LeaderElection84] INFO  impl.RaftServerImpl (ServerState.java:setLeader(263)) - 943b6596-18e7-43fd-8a5b-4ca327f5c156:group-A2331387CCA1 change Leader from a9e96699-88a7-4abe-af5a-628e24b5bf3e to null at term 1 for initElection
2019-09-05 19:15:05,977 [943b6596-18e7-43fd-8a5b-4ca327f5c156:group-A2331387CCA1:LeaderElection84] INFO  impl.LeaderElection (LeaderElection.java:askForVotes(181)) - 943b6596-18e7-43fd-8a5b-4ca327f5c156:group-A2331387CCA1:LeaderElection84: begin an election at term 2 for 0: [943b6596-18e7-43fd-8a5b-4ca327f5c156:192.168.34.27:46583, 5aaf18d6-82cf-46f0-b977-f04590e1d3a6:192.168.34.27:41462, a9e96699-88a7-4abe-af5a-628e24b5bf3e:192.168.34.27:42426], old=null
2019-09-05 19:15:05,979 [943b6596-18e7-43fd-8a5b-4ca327f5c156:group-A2331387CCA1:LeaderElection84] INFO  impl.LeaderElection (LogUtils.java:infoOrTrace(149)) - 943b6596-18e7-43fd-8a5b-4ca327f5c156:group-A2331387CCA1:LeaderElection84 got exception when requesting votes: {}
java.util.concurrent.ExecutionException: org.apache.ratis.thirdparty.io.grpc.StatusRuntimeException: UNAVAILABLE: io exception
	at java.util.concurrent.FutureTask.report(FutureTask.java:122)
	at java.util.concurrent.FutureTask.get(FutureTask.java:192)
	at org.apache.ratis.server.impl.LeaderElection.waitForResults(LeaderElection.java:262)
	at org.apache.ratis.server.impl.LeaderElection.askForVotes(LeaderElection.java:200)
	at org.apache.ratis.server.impl.LeaderElection.run(LeaderElection.java:130)
	at java.lang.Thread.run(Thread.java:748)
Caused by: org.apache.ratis.thirdparty.io.grpc.StatusRuntimeException: UNAVAILABLE: io exception
	at org.apache.ratis.thirdparty.io.grpc.stub.ClientCalls.toStatusRuntimeException(ClientCalls.java:233)
	at org.apache.ratis.thirdparty.io.grpc.stub.ClientCalls.getUnchecked(ClientCalls.java:214)
	at org.apache.ratis.thirdparty.io.grpc.stub.ClientCalls.blockingUnaryCall(ClientCalls.java:139)
	at org.apache.ratis.proto.grpc.RaftServerProtocolServiceGrpc$RaftServerProtocolServiceBlockingStub.requestVote(RaftServerProtocolServiceGrpc.java:265)
	at org.apache.ratis.grpc.server.GrpcServerProtocolClient.requestVote(GrpcServerProtocolClient.java:83)
	at org.apache.ratis.grpc.server.GrpcService.requestVote(GrpcService.java:195)
	at org.apache.ratis.server.impl.LeaderElection.lambda$submitRequests$1(LeaderElection.java:237)
	at java.util.concurrent.FutureTask.run(FutureTask.java:266)
	at java.util.concurrent.Executors$RunnableAdapter.call(Executors.java:511)
	at java.util.concurrent.FutureTask.run(FutureTask.java:266)
	at java.util.concurrent.ThreadPoolExecutor.runWorker(ThreadPoolExecutor.java:1149)
	at java.util.concurrent.ThreadPoolExecutor$Worker.run(ThreadPoolExecutor.java:624)
	... 1 more
Caused by: org.apache.ratis.thirdparty.io.netty.channel.AbstractChannel$AnnotatedConnectException: Connection refused: /192.168.34.27:41462
	at sun.nio.ch.SocketChannelImpl.checkConnect(Native Method)
	at sun.nio.ch.SocketChannelImpl.finishConnect(SocketChannelImpl.java:717)
	at org.apache.ratis.thirdparty.io.netty.channel.socket.nio.NioSocketChannel.doFinishConnect(NioSocketChannel.java:327)
	at org.apache.ratis.thirdparty.io.netty.channel.nio.AbstractNioChannel$AbstractNioUnsafe.finishConnect(AbstractNioChannel.java:340)
	at org.apache.ratis.thirdparty.io.netty.channel.nio.NioEventLoop.processSelectedKey(NioEventLoop.java:632)
	at org.apache.ratis.thirdparty.io.netty.channel.nio.NioEventLoop.processSelectedKeysOptimized(NioEventLoop.java:579)
	at org.apache.ratis.thirdparty.io.netty.channel.nio.NioEventLoop.processSelectedKeys(NioEventLoop.java:496)
	at org.apache.ratis.thirdparty.io.netty.channel.nio.NioEventLoop.run(NioEventLoop.java:458)
	at org.apache.ratis.thirdparty.io.netty.util.concurrent.SingleThreadEventExecutor$5.run(SingleThreadEventExecutor.java:897)
	at org.apache.ratis.thirdparty.io.netty.util.concurrent.FastThreadLocalRunnable.run(FastThreadLocalRunnable.java:30)
	... 1 more
Caused by: java.net.ConnectException: Connection refused
	... 11 more
2019-09-05 19:15:05,981 [943b6596-18e7-43fd-8a5b-4ca327f5c156:group-A2331387CCA1:LeaderElection84] INFO  impl.LeaderElection (LogUtils.java:infoOrTrace(149)) - 943b6596-18e7-43fd-8a5b-4ca327f5c156:group-A2331387CCA1:LeaderElection84 got exception when requesting votes: {}
java.util.concurrent.ExecutionException: org.apache.ratis.thirdparty.io.grpc.StatusRuntimeException: UNAVAILABLE: io exception
	at java.util.concurrent.FutureTask.report(FutureTask.java:122)
	at java.util.concurrent.FutureTask.get(FutureTask.java:192)
	at org.apache.ratis.server.impl.LeaderElection.waitForResults(LeaderElection.java:262)
	at org.apache.ratis.server.impl.LeaderElection.askForVotes(LeaderElection.java:200)
	at org.apache.ratis.server.impl.LeaderElection.run(LeaderElection.java:130)
	at java.lang.Thread.run(Thread.java:748)
Caused by: org.apache.ratis.thirdparty.io.grpc.StatusRuntimeException: UNAVAILABLE: io exception
	at org.apache.ratis.thirdparty.io.grpc.stub.ClientCalls.toStatusRuntimeException(ClientCalls.java:233)
	at org.apache.ratis.thirdparty.io.grpc.stub.ClientCalls.getUnchecked(ClientCalls.java:214)
	at org.apache.ratis.thirdparty.io.grpc.stub.ClientCalls.blockingUnaryCall(ClientCalls.java:139)
	at org.apache.ratis.proto.grpc.RaftServerProtocolServiceGrpc$RaftServerProtocolServiceBlockingStub.requestVote(RaftServerProtocolServiceGrpc.java:265)
	at org.apache.ratis.grpc.server.GrpcServerProtocolClient.requestVote(GrpcServerProtocolClient.java:83)
	at org.apache.ratis.grpc.server.GrpcService.requestVote(GrpcService.java:195)
	at org.apache.ratis.server.impl.LeaderElection.lambda$submitRequests$1(LeaderElection.java:237)
	at java.util.concurrent.FutureTask.run(FutureTask.java:266)
	at java.util.concurrent.Executors$RunnableAdapter.call(Executors.java:511)
	at java.util.concurrent.FutureTask.run(FutureTask.java:266)
	at java.util.concurrent.ThreadPoolExecutor.runWorker(ThreadPoolExecutor.java:1149)
	at java.util.concurrent.ThreadPoolExecutor$Worker.run(ThreadPoolExecutor.java:624)
	... 1 more
Caused by: org.apache.ratis.thirdparty.io.netty.channel.AbstractChannel$AnnotatedConnectException: Connection refused: /192.168.34.27:42426
	at sun.nio.ch.SocketChannelImpl.checkConnect(Native Method)
	at sun.nio.ch.SocketChannelImpl.finishConnect(SocketChannelImpl.java:717)
	at org.apache.ratis.thirdparty.io.netty.channel.socket.nio.NioSocketChannel.doFinishConnect(NioSocketChannel.java:327)
	at org.apache.ratis.thirdparty.io.netty.channel.nio.AbstractNioChannel$AbstractNioUnsafe.finishConnect(AbstractNioChannel.java:340)
	at org.apache.ratis.thirdparty.io.netty.channel.nio.NioEventLoop.processSelectedKey(NioEventLoop.java:632)
	at org.apache.ratis.thirdparty.io.netty.channel.nio.NioEventLoop.processSelectedKeysOptimized(NioEventLoop.java:579)
	at org.apache.ratis.thirdparty.io.netty.channel.nio.NioEventLoop.processSelectedKeys(NioEventLoop.java:496)
	at org.apache.ratis.thirdparty.io.netty.channel.nio.NioEventLoop.run(NioEventLoop.java:458)
	at org.apache.ratis.thirdparty.io.netty.util.concurrent.SingleThreadEventExecutor$5.run(SingleThreadEventExecutor.java:897)
	at org.apache.ratis.thirdparty.io.netty.util.concurrent.FastThreadLocalRunnable.run(FastThreadLocalRunnable.java:30)
	... 1 more
Caused by: java.net.ConnectException: Connection refused
	... 11 more
2019-09-05 19:15:05,990 [943b6596-18e7-43fd-8a5b-4ca327f5c156:group-A2331387CCA1:LeaderElection84] INFO  impl.LeaderElection (LeaderElection.java:logAndReturn(56)) - 943b6596-18e7-43fd-8a5b-4ca327f5c156:group-A2331387CCA1:LeaderElection84: Election REJECTED; received 0 response(s) [] and 2 exception(s); 943b6596-18e7-43fd-8a5b-4ca327f5c156:t2, leader=null, voted=943b6596-18e7-43fd-8a5b-4ca327f5c156, raftlog=943b6596-18e7-43fd-8a5b-4ca327f5c156-SegmentedRaftLog:OPENED:c12,f12,i12, conf=0: [943b6596-18e7-43fd-8a5b-4ca327f5c156:192.168.34.27:46583, 5aaf18d6-82cf-46f0-b977-f04590e1d3a6:192.168.34.27:41462, a9e96699-88a7-4abe-af5a-628e24b5bf3e:192.168.34.27:42426], old=null
2019-09-05 19:15:05,990 [943b6596-18e7-43fd-8a5b-4ca327f5c156:group-A2331387CCA1:LeaderElection84] INFO  impl.LeaderElection (LogUtils.java:infoOrTrace(149)) -   Exception 0: {}
java.util.concurrent.ExecutionException: org.apache.ratis.thirdparty.io.grpc.StatusRuntimeException: UNAVAILABLE: io exception
	at java.util.concurrent.FutureTask.report(FutureTask.java:122)
	at java.util.concurrent.FutureTask.get(FutureTask.java:192)
	at org.apache.ratis.server.impl.LeaderElection.waitForResults(LeaderElection.java:262)
	at org.apache.ratis.server.impl.LeaderElection.askForVotes(LeaderElection.java:200)
	at org.apache.ratis.server.impl.LeaderElection.run(LeaderElection.java:130)
	at java.lang.Thread.run(Thread.java:748)
Caused by: org.apache.ratis.thirdparty.io.grpc.StatusRuntimeException: UNAVAILABLE: io exception
	at org.apache.ratis.thirdparty.io.grpc.stub.ClientCalls.toStatusRuntimeException(ClientCalls.java:233)
	at org.apache.ratis.thirdparty.io.grpc.stub.ClientCalls.getUnchecked(ClientCalls.java:214)
	at org.apache.ratis.thirdparty.io.grpc.stub.ClientCalls.blockingUnaryCall(ClientCalls.java:139)
	at org.apache.ratis.proto.grpc.RaftServerProtocolServiceGrpc$RaftServerProtocolServiceBlockingStub.requestVote(RaftServerProtocolServiceGrpc.java:265)
	at org.apache.ratis.grpc.server.GrpcServerProtocolClient.requestVote(GrpcServerProtocolClient.java:83)
	at org.apache.ratis.grpc.server.GrpcService.requestVote(GrpcService.java:195)
	at org.apache.ratis.server.impl.LeaderElection.lambda$submitRequests$1(LeaderElection.java:237)
	at java.util.concurrent.FutureTask.run(FutureTask.java:266)
	at java.util.concurrent.Executors$RunnableAdapter.call(Executors.java:511)
	at java.util.concurrent.FutureTask.run(FutureTask.java:266)
	at java.util.concurrent.ThreadPoolExecutor.runWorker(ThreadPoolExecutor.java:1149)
	at java.util.concurrent.ThreadPoolExecutor$Worker.run(ThreadPoolExecutor.java:624)
	... 1 more
Caused by: org.apache.ratis.thirdparty.io.netty.channel.AbstractChannel$AnnotatedConnectException: Connection refused: /192.168.34.27:41462
	at sun.nio.ch.SocketChannelImpl.checkConnect(Native Method)
	at sun.nio.ch.SocketChannelImpl.finishConnect(SocketChannelImpl.java:717)
	at org.apache.ratis.thirdparty.io.netty.channel.socket.nio.NioSocketChannel.doFinishConnect(NioSocketChannel.java:327)
	at org.apache.ratis.thirdparty.io.netty.channel.nio.AbstractNioChannel$AbstractNioUnsafe.finishConnect(AbstractNioChannel.java:340)
	at org.apache.ratis.thirdparty.io.netty.channel.nio.NioEventLoop.processSelectedKey(NioEventLoop.java:632)
	at org.apache.ratis.thirdparty.io.netty.channel.nio.NioEventLoop.processSelectedKeysOptimized(NioEventLoop.java:579)
	at org.apache.ratis.thirdparty.io.netty.channel.nio.NioEventLoop.processSelectedKeys(NioEventLoop.java:496)
	at org.apache.ratis.thirdparty.io.netty.channel.nio.NioEventLoop.run(NioEventLoop.java:458)
	at org.apache.ratis.thirdparty.io.netty.util.concurrent.SingleThreadEventExecutor$5.run(SingleThreadEventExecutor.java:897)
	at org.apache.ratis.thirdparty.io.netty.util.concurrent.FastThreadLocalRunnable.run(FastThreadLocalRunnable.java:30)
	... 1 more
Caused by: java.net.ConnectException: Connection refused
	... 11 more
2019-09-05 19:15:05,990 [943b6596-18e7-43fd-8a5b-4ca327f5c156:group-A2331387CCA1:LeaderElection84] INFO  impl.LeaderElection (LogUtils.java:infoOrTrace(149)) -   Exception 1: {}
java.util.concurrent.ExecutionException: org.apache.ratis.thirdparty.io.grpc.StatusRuntimeException: UNAVAILABLE: io exception
	at java.util.concurrent.FutureTask.report(FutureTask.java:122)
	at java.util.concurrent.FutureTask.get(FutureTask.java:192)
	at org.apache.ratis.server.impl.LeaderElection.waitForResults(LeaderElection.java:262)
	at org.apache.ratis.server.impl.LeaderElection.askForVotes(LeaderElection.java:200)
	at org.apache.ratis.server.impl.LeaderElection.run(LeaderElection.java:130)
	at java.lang.Thread.run(Thread.java:748)
Caused by: org.apache.ratis.thirdparty.io.grpc.StatusRuntimeException: UNAVAILABLE: io exception
	at org.apache.ratis.thirdparty.io.grpc.stub.ClientCalls.toStatusRuntimeException(ClientCalls.java:233)
	at org.apache.ratis.thirdparty.io.grpc.stub.ClientCalls.getUnchecked(ClientCalls.java:214)
	at org.apache.ratis.thirdparty.io.grpc.stub.ClientCalls.blockingUnaryCall(ClientCalls.java:139)
	at org.apache.ratis.proto.grpc.RaftServerProtocolServiceGrpc$RaftServerProtocolServiceBlockingStub.requestVote(RaftServerProtocolServiceGrpc.java:265)
	at org.apache.ratis.grpc.server.GrpcServerProtocolClient.requestVote(GrpcServerProtocolClient.java:83)
	at org.apache.ratis.grpc.server.GrpcService.requestVote(GrpcService.java:195)
	at org.apache.ratis.server.impl.LeaderElection.lambda$submitRequests$1(LeaderElection.java:237)
	at java.util.concurrent.FutureTask.run(FutureTask.java:266)
	at java.util.concurrent.Executors$RunnableAdapter.call(Executors.java:511)
	at java.util.concurrent.FutureTask.run(FutureTask.java:266)
	at java.util.concurrent.ThreadPoolExecutor.runWorker(ThreadPoolExecutor.java:1149)
	at java.util.concurrent.ThreadPoolExecutor$Worker.run(ThreadPoolExecutor.java:624)
	... 1 more
Caused by: org.apache.ratis.thirdparty.io.netty.channel.AbstractChannel$AnnotatedConnectException: Connection refused: /192.168.34.27:42426
	at sun.nio.ch.SocketChannelImpl.checkConnect(Native Method)
	at sun.nio.ch.SocketChannelImpl.finishConnect(SocketChannelImpl.java:717)
	at org.apache.ratis.thirdparty.io.netty.channel.socket.nio.NioSocketChannel.doFinishConnect(NioSocketChannel.java:327)
	at org.apache.ratis.thirdparty.io.netty.channel.nio.AbstractNioChannel$AbstractNioUnsafe.finishConnect(AbstractNioChannel.java:340)
	at org.apache.ratis.thirdparty.io.netty.channel.nio.NioEventLoop.processSelectedKey(NioEventLoop.java:632)
	at org.apache.ratis.thirdparty.io.netty.channel.nio.NioEventLoop.processSelectedKeysOptimized(NioEventLoop.java:579)
	at org.apache.ratis.thirdparty.io.netty.channel.nio.NioEventLoop.processSelectedKeys(NioEventLoop.java:496)
	at org.apache.ratis.thirdparty.io.netty.channel.nio.NioEventLoop.run(NioEventLoop.java:458)
	at org.apache.ratis.thirdparty.io.netty.util.concurrent.SingleThreadEventExecutor$5.run(SingleThreadEventExecutor.java:897)
	at org.apache.ratis.thirdparty.io.netty.util.concurrent.FastThreadLocalRunnable.run(FastThreadLocalRunnable.java:30)
	... 1 more
Caused by: java.net.ConnectException: Connection refused
	... 11 more
2019-09-05 19:15:05,990 [943b6596-18e7-43fd-8a5b-4ca327f5c156:group-A2331387CCA1:LeaderElection84] INFO  impl.RaftServerImpl (RaftServerImpl.java:setRole(171)) - 943b6596-18e7-43fd-8a5b-4ca327f5c156:group-A2331387CCA1 changes role from CANDIDATE to FOLLOWER at term 2 for DISCOVERED_A_NEW_TERM
2019-09-05 19:15:05,990 [943b6596-18e7-43fd-8a5b-4ca327f5c156:group-A2331387CCA1:LeaderElection84] INFO  impl.RoleInfo (RoleInfo.java:shutdownLeaderElection(134)) - 943b6596-18e7-43fd-8a5b-4ca327f5c156: shutdown LeaderElection
2019-09-05 19:15:05,990 [943b6596-18e7-43fd-8a5b-4ca327f5c156:group-A2331387CCA1:LeaderElection84] INFO  impl.RoleInfo (RoleInfo.java:updateAndGet(143)) - 943b6596-18e7-43fd-8a5b-4ca327f5c156: start FollowerState
2019-09-05 19:15:07,214 [EventQueue-StaleNodeForStaleNodeHandler] INFO  node.StaleNodeHandler (StaleNodeHandler.java:onMessage(58)) - Datanode 7acf8a2f-cb7a-4f1b-96ec-46e1b885d205{ip: 192.168.34.27, host: pr-hdds-2015-5mx5w-4127483329, networkLocation: /default-rack, certSerialId: null} moved to stale state. Finalizing its pipelines [PipelineID=a7d4c1ec-9fa8-423b-8b88-44a28433bc03, PipelineID=aa97365f-60bf-4c43-8ffa-a378db03281f]
2019-09-05 19:15:07,214 [EventQueue-StaleNodeForStaleNodeHandler] INFO  pipeline.SCMPipelineManager (SCMPipelineManager.java:finalizeAndDestroyPipeline(309)) - destroying pipeline:Pipeline[ Id: a7d4c1ec-9fa8-423b-8b88-44a28433bc03, Nodes: bc285176-9d9b-4fac-8659-fbfd5417a358{ip: 192.168.34.27, host: pr-hdds-2015-5mx5w-4127483329, networkLocation: /default-rack, certSerialId: null}1ab43c44-0f65-4622-9835-adc63e393ac8{ip: 192.168.34.27, host: pr-hdds-2015-5mx5w-4127483329, networkLocation: /default-rack, certSerialId: null}7acf8a2f-cb7a-4f1b-96ec-46e1b885d205{ip: 192.168.34.27, host: pr-hdds-2015-5mx5w-4127483329, networkLocation: /default-rack, certSerialId: null}, Type:RATIS, Factor:THREE, State:CLOSED]
2019-09-05 19:15:07,215 [EventQueue-StaleNodeForStaleNodeHandler] INFO  pipeline.SCMPipelineManager (SCMPipelineManager.java:finalizeAndDestroyPipeline(309)) - destroying pipeline:Pipeline[ Id: aa97365f-60bf-4c43-8ffa-a378db03281f, Nodes: 7acf8a2f-cb7a-4f1b-96ec-46e1b885d205{ip: 192.168.34.27, host: pr-hdds-2015-5mx5w-4127483329, networkLocation: /default-rack, certSerialId: null}, Type:RATIS, Factor:ONE, State:OPEN]
2019-09-05 19:15:07,215 [EventQueue-StaleNodeForStaleNodeHandler] INFO  pipeline.PipelineStateManager (PipelineStateManager.java:finalizePipeline(123)) - Pipeline Pipeline[ Id: aa97365f-60bf-4c43-8ffa-a378db03281f, Nodes: 7acf8a2f-cb7a-4f1b-96ec-46e1b885d205{ip: 192.168.34.27, host: pr-hdds-2015-5mx5w-4127483329, networkLocation: /default-rack, certSerialId: null}, Type:RATIS, Factor:ONE, State:CLOSED] moved to CLOSED state
2019-09-05 19:15:07,414 [EventQueue-StaleNodeForStaleNodeHandler] INFO  node.StaleNodeHandler (StaleNodeHandler.java:onMessage(58)) - Datanode 93a24677-425c-47df-9104-516f69d4f044{ip: 192.168.34.27, host: pr-hdds-2015-5mx5w-4127483329, networkLocation: /default-rack, certSerialId: null} moved to stale state. Finalizing its pipelines []
2019-09-05 19:15:07,924 [main] INFO  ozoneimpl.OzoneContainer (OzoneContainer.java:stop(215)) - Attempting to stop container services.
2019-09-05 19:15:07,924 [main] INFO  impl.RaftServerProxy (RaftServerProxy.java:lambda$close$4(314)) - 93a24677-425c-47df-9104-516f69d4f044: close
2019-09-05 19:15:07,924 [ForkJoinPool.commonPool-worker-0] INFO  ozoneimpl.OzoneContainer (OzoneContainer.java:stop(215)) - Attempting to stop container services.
2019-09-05 19:15:07,927 [main] INFO  server.GrpcService (GrpcService.java:closeImpl(155)) - 93a24677-425c-47df-9104-516f69d4f044: shutdown server with port 40847 now
2019-09-05 19:15:07,927 [ForkJoinPool.commonPool-worker-0] INFO  impl.RaftServerProxy (RaftServerProxy.java:lambda$close$4(314)) - 7acf8a2f-cb7a-4f1b-96ec-46e1b885d205: close
2019-09-05 19:15:07,928 [main] INFO  server.GrpcService (GrpcService.java:closeImpl(163)) - 93a24677-425c-47df-9104-516f69d4f044: shutdown server with port 40847 successfully
2019-09-05 19:15:07,928 [ForkJoinPool.commonPool-worker-0] INFO  impl.RaftServerImpl (RaftServerImpl.java:lambda$shutdown$3(245)) - 7acf8a2f-cb7a-4f1b-96ec-46e1b885d205: shutdown group-44A28433BC03
2019-09-05 19:15:07,928 [ForkJoinPool.commonPool-worker-0] INFO  util.JmxRegister (JmxRegister.java:unregister(73)) - Successfully un-registered JMX Bean with object name Ratis:service=RaftServer,group=group-44A28433BC03,id=7acf8a2f-cb7a-4f1b-96ec-46e1b885d205
2019-09-05 19:15:07,929 [ForkJoinPool.commonPool-worker-0] INFO  impl.RoleInfo (RoleInfo.java:shutdownFollowerState(121)) - 7acf8a2f-cb7a-4f1b-96ec-46e1b885d205: shutdown FollowerState
2019-09-05 19:15:07,929 [ForkJoinPool.commonPool-worker-0] INFO  impl.StateMachineUpdater (StateMachineUpdater.java:stopAndJoin(115)) - StateMachineUpdater:7acf8a2f-cb7a-4f1b-96ec-46e1b885d205:group-44A28433BC03: set stopIndex = 12
2019-09-05 19:15:07,929 [Thread-4634] INFO  impl.FollowerState (FollowerState.java:run(114)) - 7acf8a2f-cb7a-4f1b-96ec-46e1b885d205: FollowerState was interrupted: java.lang.InterruptedException: sleep interrupted
2019-09-05 19:15:07,929 [StateMachineUpdater:7acf8a2f-cb7a-4f1b-96ec-46e1b885d205:group-44A28433BC03] INFO  ratis.ContainerStateMachine (ContainerStateMachine.java:takeSnapshot(284)) - group-44A28433BC03: Taking a snapshot at:(t:1, i:7) file /workdir/hadoop-ozone/integration-test/target/test-dir/MiniOzoneClusterImpl-a25a262c-8f45-494e-95da-2a3cd65c296f/datanode-0/data/ratis/a7d4c1ec-9fa8-423b-8b88-44a28433bc03/sm/snapshot.1_7
2019-09-05 19:15:07,932 [refreshUsed-/workdir/hadoop-ozone/integration-test/target/test-dir/MiniOzoneClusterImpl-a25a262c-8f45-494e-95da-2a3cd65c296f/datanode-6/data/containers] WARN  fs.CachingGetSpaceUsed (CachingGetSpaceUsed.java:run(183)) - Thread Interrupted waiting to refresh disk information: sleep interrupted
2019-09-05 19:15:07,944 [StateMachineUpdater:7acf8a2f-cb7a-4f1b-96ec-46e1b885d205:group-44A28433BC03] INFO  ratis.ContainerStateMachine (ContainerStateMachine.java:takeSnapshot(295)) - group-44A28433BC03: Finished taking a snapshot at:(t:1, i:7) file:/workdir/hadoop-ozone/integration-test/target/test-dir/MiniOzoneClusterImpl-a25a262c-8f45-494e-95da-2a3cd65c296f/datanode-0/data/ratis/a7d4c1ec-9fa8-423b-8b88-44a28433bc03/sm/snapshot.1_7 time:15
2019-09-05 19:15:07,944 [StateMachineUpdater:7acf8a2f-cb7a-4f1b-96ec-46e1b885d205:group-44A28433BC03] INFO  impl.StateMachineUpdater (StateMachineUpdater.java:takeSnapshot(242)) - StateMachineUpdater:7acf8a2f-cb7a-4f1b-96ec-46e1b885d205:group-44A28433BC03: Took a snapshot at index 7
2019-09-05 19:15:07,945 [StateMachineUpdater:7acf8a2f-cb7a-4f1b-96ec-46e1b885d205:group-44A28433BC03] INFO  impl.StateMachineUpdater (StateMachineUpdater.java:lambda$new$0(80)) - StateMachineUpdater:7acf8a2f-cb7a-4f1b-96ec-46e1b885d205:group-44A28433BC03: snapshotIndex: updateIncreasingly -1 -> 7
2019-09-05 19:15:07,945 [ForkJoinPool.commonPool-worker-0] INFO  impl.RaftServerImpl (ServerState.java:close(394)) - 7acf8a2f-cb7a-4f1b-96ec-46e1b885d205:group-44A28433BC03 closes. The last applied log index is 12
2019-09-05 19:15:07,945 [7acf8a2f-cb7a-4f1b-96ec-46e1b885d205-SegmentedRaftLogWorker:Storage Directory /workdir/hadoop-ozone/integration-test/target/test-dir/MiniOzoneClusterImpl-a25a262c-8f45-494e-95da-2a3cd65c296f/datanode-0/data/ratis/a7d4c1ec-9fa8-423b-8b88-44a28433bc03] INFO  segmented.SegmentedRaftLogWorker (SegmentedRaftLogWorker.java:run(313)) - 7acf8a2f-cb7a-4f1b-96ec-46e1b885d205-SegmentedRaftLogWorker:Storage Directory /workdir/hadoop-ozone/integration-test/target/test-dir/MiniOzoneClusterImpl-a25a262c-8f45-494e-95da-2a3cd65c296f/datanode-0/data/ratis/a7d4c1ec-9fa8-423b-8b88-44a28433bc03 was interrupted, exiting. There are 0 tasks remaining in the queue.
2019-09-05 19:15:07,947 [ForkJoinPool.commonPool-worker-0] INFO  segmented.SegmentedRaftLogWorker (SegmentedRaftLogWorker.java:close(228)) - 7acf8a2f-cb7a-4f1b-96ec-46e1b885d205-SegmentedRaftLogWorker:Storage Directory /workdir/hadoop-ozone/integration-test/target/test-dir/MiniOzoneClusterImpl-a25a262c-8f45-494e-95da-2a3cd65c296f/datanode-0/data/ratis/a7d4c1ec-9fa8-423b-8b88-44a28433bc03 close()
2019-09-05 19:15:07,948 [ForkJoinPool.commonPool-worker-0] INFO  impl.RaftServerImpl (RaftServerImpl.java:lambda$shutdown$3(245)) - 7acf8a2f-cb7a-4f1b-96ec-46e1b885d205: shutdown group-A378DB03281F
2019-09-05 19:15:07,949 [ForkJoinPool.commonPool-worker-0] INFO  util.JmxRegister (JmxRegister.java:unregister(73)) - Successfully un-registered JMX Bean with object name Ratis:service=RaftServer,group=group-A378DB03281F,id=7acf8a2f-cb7a-4f1b-96ec-46e1b885d205
2019-09-05 19:15:07,949 [ForkJoinPool.commonPool-worker-0] INFO  impl.RoleInfo (RoleInfo.java:shutdownLeaderState(104)) - 7acf8a2f-cb7a-4f1b-96ec-46e1b885d205: shutdown LeaderState
2019-09-05 19:15:07,949 [ForkJoinPool.commonPool-worker-0] INFO  impl.PendingRequests (PendingRequests.java:sendNotLeaderResponses(202)) - 7acf8a2f-cb7a-4f1b-96ec-46e1b885d205-PendingRequests: sendNotLeaderResponses
2019-09-05 19:15:07,949 [ForkJoinPool.commonPool-worker-0] INFO  impl.StateMachineUpdater (StateMachineUpdater.java:stopAndJoin(115)) - StateMachineUpdater:7acf8a2f-cb7a-4f1b-96ec-46e1b885d205:group-A378DB03281F: set stopIndex = 0
2019-09-05 19:15:07,950 [ForkJoinPool.commonPool-worker-0] INFO  impl.RaftServerImpl (ServerState.java:close(394)) - 7acf8a2f-cb7a-4f1b-96ec-46e1b885d205:group-A378DB03281F closes. The last applied log index is 0
2019-09-05 19:15:07,950 [7acf8a2f-cb7a-4f1b-96ec-46e1b885d205-SegmentedRaftLogWorker:Storage Directory /workdir/hadoop-ozone/integration-test/target/test-dir/MiniOzoneClusterImpl-a25a262c-8f45-494e-95da-2a3cd65c296f/datanode-0/data/ratis/aa97365f-60bf-4c43-8ffa-a378db03281f] INFO  segmented.SegmentedRaftLogWorker (SegmentedRaftLogWorker.java:run(313)) - 7acf8a2f-cb7a-4f1b-96ec-46e1b885d205-SegmentedRaftLogWorker:Storage Directory /workdir/hadoop-ozone/integration-test/target/test-dir/MiniOzoneClusterImpl-a25a262c-8f45-494e-95da-2a3cd65c296f/datanode-0/data/ratis/aa97365f-60bf-4c43-8ffa-a378db03281f was interrupted, exiting. There are 0 tasks remaining in the queue.
2019-09-05 19:15:07,950 [ForkJoinPool.commonPool-worker-0] INFO  segmented.SegmentedRaftLogWorker (SegmentedRaftLogWorker.java:close(228)) - 7acf8a2f-cb7a-4f1b-96ec-46e1b885d205-SegmentedRaftLogWorker:Storage Directory /workdir/hadoop-ozone/integration-test/target/test-dir/MiniOzoneClusterImpl-a25a262c-8f45-494e-95da-2a3cd65c296f/datanode-0/data/ratis/aa97365f-60bf-4c43-8ffa-a378db03281f close()
2019-09-05 19:15:07,951 [ForkJoinPool.commonPool-worker-0] INFO  server.GrpcService (GrpcService.java:closeImpl(155)) - 7acf8a2f-cb7a-4f1b-96ec-46e1b885d205: shutdown server with port 46225 now
2019-09-05 19:15:07,952 [ForkJoinPool.commonPool-worker-0] INFO  server.GrpcService (GrpcService.java:closeImpl(163)) - 7acf8a2f-cb7a-4f1b-96ec-46e1b885d205: shutdown server with port 46225 successfully
2019-09-05 19:15:07,952 [main] INFO  utils.BackgroundService (BackgroundService.java:shutdown(148)) - Shutting down service BlockDeletingService
2019-09-05 19:15:07,954 [refreshUsed-/workdir/hadoop-ozone/integration-test/target/test-dir/MiniOzoneClusterImpl-a25a262c-8f45-494e-95da-2a3cd65c296f/datanode-0/data/containers] WARN  fs.CachingGetSpaceUsed (CachingGetSpaceUsed.java:run(183)) - Thread Interrupted waiting to refresh disk information: sleep interrupted
2019-09-05 19:15:07,957 [main] INFO  statemachine.DatanodeStateMachine (DatanodeStateMachine.java:stopDaemon(395)) - Ozone container server stopped.
2019-09-05 19:15:07,958 [main] INFO  handler.ContextHandler (ContextHandler.java:doStop(910)) - Stopped o.e.j.w.WebAppContext@5822ecda{/,null,UNAVAILABLE}{/hddsDatanode}
2019-09-05 19:15:07,960 [main] INFO  server.AbstractConnector (AbstractConnector.java:doStop(318)) - Stopped ServerConnector@5908e6d6{HTTP/1.1,[http/1.1]}{0.0.0.0:0}
2019-09-05 19:15:07,960 [main] INFO  handler.ContextHandler (ContextHandler.java:doStop(910)) - Stopped o.e.j.s.ServletContextHandler@376b5cb2{/static,jar:file:/home/user/.m2/repository/org/apache/hadoop/hadoop-hdds-container-service/0.5.0-SNAPSHOT/hadoop-hdds-container-service-0.5.0-SNAPSHOT.jar!/webapps/static,UNAVAILABLE}
2019-09-05 19:15:07,961 [main] INFO  handler.ContextHandler (ContextHandler.java:doStop(910)) - Stopped o.e.j.s.ServletContextHandler@71e2c6d8{/logs,file:///workdir/hadoop-ozone/integration-test/target/log,UNAVAILABLE}
2019-09-05 19:15:07,973 [ForkJoinPool.commonPool-worker-0] INFO  utils.BackgroundService (BackgroundService.java:shutdown(148)) - Shutting down service BlockDeletingService
2019-09-05 19:15:07,977 [ForkJoinPool.commonPool-worker-0] INFO  statemachine.DatanodeStateMachine (DatanodeStateMachine.java:stopDaemon(395)) - Ozone container server stopped.
2019-09-05 19:15:07,987 [ForkJoinPool.commonPool-worker-0] INFO  handler.ContextHandler (ContextHandler.java:doStop(910)) - Stopped o.e.j.w.WebAppContext@6b6def36{/,null,UNAVAILABLE}{/hddsDatanode}
2019-09-05 19:15:07,987 [ForkJoinPool.commonPool-worker-0] INFO  server.AbstractConnector (AbstractConnector.java:doStop(318)) - Stopped ServerConnector@3957d88b{HTTP/1.1,[http/1.1]}{0.0.0.0:0}
2019-09-05 19:15:07,988 [ForkJoinPool.commonPool-worker-0] INFO  handler.ContextHandler (ContextHandler.java:doStop(910)) - Stopped o.e.j.s.ServletContextHandler@33751d49{/static,jar:file:/home/user/.m2/repository/org/apache/hadoop/hadoop-hdds-container-service/0.5.0-SNAPSHOT/hadoop-hdds-container-service-0.5.0-SNAPSHOT.jar!/webapps/static,UNAVAILABLE}
2019-09-05 19:15:07,989 [ForkJoinPool.commonPool-worker-0] INFO  handler.ContextHandler (ContextHandler.java:doStop(910)) - Stopped o.e.j.s.ServletContextHandler@14a1769d{/logs,file:///workdir/hadoop-ozone/integration-test/target/log,UNAVAILABLE}
2019-09-05 19:15:08,756 [Datanode State Machine Thread - 0] INFO  statemachine.DatanodeStateMachine (DatanodeStateMachine.java:lambda$startDaemon$0(350)) - Ozone container server started.
2019-09-05 19:15:11,058 [Thread-4665] INFO  impl.FollowerState (FollowerState.java:run(106)) - 943b6596-18e7-43fd-8a5b-4ca327f5c156:group-A2331387CCA1 changes to CANDIDATE, lastRpcTime:5067, electionTimeout:5067ms
2019-09-05 19:15:11,058 [Thread-4665] INFO  impl.RoleInfo (RoleInfo.java:shutdownFollowerState(121)) - 943b6596-18e7-43fd-8a5b-4ca327f5c156: shutdown FollowerState
2019-09-05 19:15:11,058 [Thread-4665] INFO  impl.RaftServerImpl (RaftServerImpl.java:setRole(171)) - 943b6596-18e7-43fd-8a5b-4ca327f5c156:group-A2331387CCA1 changes role from FOLLOWER to CANDIDATE at term 2 for changeToCandidate
2019-09-05 19:15:11,059 [Thread-4665] INFO  impl.RoleInfo (RoleInfo.java:updateAndGet(143)) - 943b6596-18e7-43fd-8a5b-4ca327f5c156: start LeaderElection
2019-09-05 19:15:11,084 [943b6596-18e7-43fd-8a5b-4ca327f5c156:group-A2331387CCA1:LeaderElection85] INFO  impl.LeaderElection (LeaderElection.java:askForVotes(181)) - 943b6596-18e7-43fd-8a5b-4ca327f5c156:group-A2331387CCA1:LeaderElection85: begin an election at term 3 for 0: [943b6596-18e7-43fd-8a5b-4ca327f5c156:192.168.34.27:46583, 5aaf18d6-82cf-46f0-b977-f04590e1d3a6:192.168.34.27:41462, a9e96699-88a7-4abe-af5a-628e24b5bf3e:192.168.34.27:42426], old=null
2019-09-05 19:15:11,085 [943b6596-18e7-43fd-8a5b-4ca327f5c156:group-A2331387CCA1:LeaderElection85] INFO  impl.LeaderElection (LogUtils.java:infoOrTrace(149)) - 943b6596-18e7-43fd-8a5b-4ca327f5c156:group-A2331387CCA1:LeaderElection85 got exception when requesting votes: {}
java.util.concurrent.ExecutionException: org.apache.ratis.thirdparty.io.grpc.StatusRuntimeException: UNAVAILABLE: io exception
	at java.util.concurrent.FutureTask.report(FutureTask.java:122)
	at java.util.concurrent.FutureTask.get(FutureTask.java:192)
	at org.apache.ratis.server.impl.LeaderElection.waitForResults(LeaderElection.java:262)
	at org.apache.ratis.server.impl.LeaderElection.askForVotes(LeaderElection.java:200)
	at org.apache.ratis.server.impl.LeaderElection.run(LeaderElection.java:130)
	at java.lang.Thread.run(Thread.java:748)
Caused by: org.apache.ratis.thirdparty.io.grpc.StatusRuntimeException: UNAVAILABLE: io exception
	at org.apache.ratis.thirdparty.io.grpc.stub.ClientCalls.toStatusRuntimeException(ClientCalls.java:233)
	at org.apache.ratis.thirdparty.io.grpc.stub.ClientCalls.getUnchecked(ClientCalls.java:214)
	at org.apache.ratis.thirdparty.io.grpc.stub.ClientCalls.blockingUnaryCall(ClientCalls.java:139)
	at org.apache.ratis.proto.grpc.RaftServerProtocolServiceGrpc$RaftServerProtocolServiceBlockingStub.requestVote(RaftServerProtocolServiceGrpc.java:265)
	at org.apache.ratis.grpc.server.GrpcServerProtocolClient.requestVote(GrpcServerProtocolClient.java:83)
	at org.apache.ratis.grpc.server.GrpcService.requestVote(GrpcService.java:195)
	at org.apache.ratis.server.impl.LeaderElection.lambda$submitRequests$1(LeaderElection.java:237)
	at java.util.concurrent.FutureTask.run(FutureTask.java:266)
	at java.util.concurrent.Executors$RunnableAdapter.call(Executors.java:511)
	at java.util.concurrent.FutureTask.run(FutureTask.java:266)
	at java.util.concurrent.ThreadPoolExecutor.runWorker(ThreadPoolExecutor.java:1149)
	at java.util.concurrent.ThreadPoolExecutor$Worker.run(ThreadPoolExecutor.java:624)
	... 1 more
Caused by: org.apache.ratis.thirdparty.io.netty.channel.AbstractChannel$AnnotatedConnectException: Connection refused: /192.168.34.27:41462
	at sun.nio.ch.SocketChannelImpl.checkConnect(Native Method)
	at sun.nio.ch.SocketChannelImpl.finishConnect(SocketChannelImpl.java:717)
	at org.apache.ratis.thirdparty.io.netty.channel.socket.nio.NioSocketChannel.doFinishConnect(NioSocketChannel.java:327)
	at org.apache.ratis.thirdparty.io.netty.channel.nio.AbstractNioChannel$AbstractNioUnsafe.finishConnect(AbstractNioChannel.java:340)
	at org.apache.ratis.thirdparty.io.netty.channel.nio.NioEventLoop.processSelectedKey(NioEventLoop.java:632)
	at org.apache.ratis.thirdparty.io.netty.channel.nio.NioEventLoop.processSelectedKeysOptimized(NioEventLoop.java:579)
	at org.apache.ratis.thirdparty.io.netty.channel.nio.NioEventLoop.processSelectedKeys(NioEventLoop.java:496)
	at org.apache.ratis.thirdparty.io.netty.channel.nio.NioEventLoop.run(NioEventLoop.java:458)
	at org.apache.ratis.thirdparty.io.netty.util.concurrent.SingleThreadEventExecutor$5.run(SingleThreadEventExecutor.java:897)
	at org.apache.ratis.thirdparty.io.netty.util.concurrent.FastThreadLocalRunnable.run(FastThreadLocalRunnable.java:30)
	... 1 more
Caused by: java.net.ConnectException: Connection refused
	... 11 more
2019-09-05 19:15:11,086 [943b6596-18e7-43fd-8a5b-4ca327f5c156:group-A2331387CCA1:LeaderElection85] INFO  impl.LeaderElection (LogUtils.java:infoOrTrace(149)) - 943b6596-18e7-43fd-8a5b-4ca327f5c156:group-A2331387CCA1:LeaderElection85 got exception when requesting votes: {}
java.util.concurrent.ExecutionException: org.apache.ratis.thirdparty.io.grpc.StatusRuntimeException: UNAVAILABLE: io exception
	at java.util.concurrent.FutureTask.report(FutureTask.java:122)
	at java.util.concurrent.FutureTask.get(FutureTask.java:192)
	at org.apache.ratis.server.impl.LeaderElection.waitForResults(LeaderElection.java:262)
	at org.apache.ratis.server.impl.LeaderElection.askForVotes(LeaderElection.java:200)
	at org.apache.ratis.server.impl.LeaderElection.run(LeaderElection.java:130)
	at java.lang.Thread.run(Thread.java:748)
Caused by: org.apache.ratis.thirdparty.io.grpc.StatusRuntimeException: UNAVAILABLE: io exception
	at org.apache.ratis.thirdparty.io.grpc.stub.ClientCalls.toStatusRuntimeException(ClientCalls.java:233)
	at org.apache.ratis.thirdparty.io.grpc.stub.ClientCalls.getUnchecked(ClientCalls.java:214)
	at org.apache.ratis.thirdparty.io.grpc.stub.ClientCalls.blockingUnaryCall(ClientCalls.java:139)
	at org.apache.ratis.proto.grpc.RaftServerProtocolServiceGrpc$RaftServerProtocolServiceBlockingStub.requestVote(RaftServerProtocolServiceGrpc.java:265)
	at org.apache.ratis.grpc.server.GrpcServerProtocolClient.requestVote(GrpcServerProtocolClient.java:83)
	at org.apache.ratis.grpc.server.GrpcService.requestVote(GrpcService.java:195)
	at org.apache.ratis.server.impl.LeaderElection.lambda$submitRequests$1(LeaderElection.java:237)
	at java.util.concurrent.FutureTask.run(FutureTask.java:266)
	at java.util.concurrent.Executors$RunnableAdapter.call(Executors.java:511)
	at java.util.concurrent.FutureTask.run(FutureTask.java:266)
	at java.util.concurrent.ThreadPoolExecutor.runWorker(ThreadPoolExecutor.java:1149)
	at java.util.concurrent.ThreadPoolExecutor$Worker.run(ThreadPoolExecutor.java:624)
	... 1 more
Caused by: org.apache.ratis.thirdparty.io.netty.channel.AbstractChannel$AnnotatedConnectException: Connection refused: /192.168.34.27:42426
	at sun.nio.ch.SocketChannelImpl.checkConnect(Native Method)
	at sun.nio.ch.SocketChannelImpl.finishConnect(SocketChannelImpl.java:717)
	at org.apache.ratis.thirdparty.io.netty.channel.socket.nio.NioSocketChannel.doFinishConnect(NioSocketChannel.java:327)
	at org.apache.ratis.thirdparty.io.netty.channel.nio.AbstractNioChannel$AbstractNioUnsafe.finishConnect(AbstractNioChannel.java:340)
	at org.apache.ratis.thirdparty.io.netty.channel.nio.NioEventLoop.processSelectedKey(NioEventLoop.java:632)
	at org.apache.ratis.thirdparty.io.netty.channel.nio.NioEventLoop.processSelectedKeysOptimized(NioEventLoop.java:579)
	at org.apache.ratis.thirdparty.io.netty.channel.nio.NioEventLoop.processSelectedKeys(NioEventLoop.java:496)
	at org.apache.ratis.thirdparty.io.netty.channel.nio.NioEventLoop.run(NioEventLoop.java:458)
	at org.apache.ratis.thirdparty.io.netty.util.concurrent.SingleThreadEventExecutor$5.run(SingleThreadEventExecutor.java:897)
	at org.apache.ratis.thirdparty.io.netty.util.concurrent.FastThreadLocalRunnable.run(FastThreadLocalRunnable.java:30)
	... 1 more
Caused by: java.net.ConnectException: Connection refused
	... 11 more
2019-09-05 19:15:11,087 [943b6596-18e7-43fd-8a5b-4ca327f5c156:group-A2331387CCA1:LeaderElection85] INFO  impl.LeaderElection (LeaderElection.java:logAndReturn(56)) - 943b6596-18e7-43fd-8a5b-4ca327f5c156:group-A2331387CCA1:LeaderElection85: Election REJECTED; received 0 response(s) [] and 2 exception(s); 943b6596-18e7-43fd-8a5b-4ca327f5c156:t3, leader=null, voted=943b6596-18e7-43fd-8a5b-4ca327f5c156, raftlog=943b6596-18e7-43fd-8a5b-4ca327f5c156-SegmentedRaftLog:OPENED:c12,f12,i12, conf=0: [943b6596-18e7-43fd-8a5b-4ca327f5c156:192.168.34.27:46583, 5aaf18d6-82cf-46f0-b977-f04590e1d3a6:192.168.34.27:41462, a9e96699-88a7-4abe-af5a-628e24b5bf3e:192.168.34.27:42426], old=null
2019-09-05 19:15:11,087 [943b6596-18e7-43fd-8a5b-4ca327f5c156:group-A2331387CCA1:LeaderElection85] INFO  impl.LeaderElection (LogUtils.java:infoOrTrace(149)) -   Exception 0: {}
java.util.concurrent.ExecutionException: org.apache.ratis.thirdparty.io.grpc.StatusRuntimeException: UNAVAILABLE: io exception
	at java.util.concurrent.FutureTask.report(FutureTask.java:122)
	at java.util.concurrent.FutureTask.get(FutureTask.java:192)
	at org.apache.ratis.server.impl.LeaderElection.waitForResults(LeaderElection.java:262)
	at org.apache.ratis.server.impl.LeaderElection.askForVotes(LeaderElection.java:200)
	at org.apache.ratis.server.impl.LeaderElection.run(LeaderElection.java:130)
	at java.lang.Thread.run(Thread.java:748)
Caused by: org.apache.ratis.thirdparty.io.grpc.StatusRuntimeException: UNAVAILABLE: io exception
	at org.apache.ratis.thirdparty.io.grpc.stub.ClientCalls.toStatusRuntimeException(ClientCalls.java:233)
	at org.apache.ratis.thirdparty.io.grpc.stub.ClientCalls.getUnchecked(ClientCalls.java:214)
	at org.apache.ratis.thirdparty.io.grpc.stub.ClientCalls.blockingUnaryCall(ClientCalls.java:139)
	at org.apache.ratis.proto.grpc.RaftServerProtocolServiceGrpc$RaftServerProtocolServiceBlockingStub.requestVote(RaftServerProtocolServiceGrpc.java:265)
	at org.apache.ratis.grpc.server.GrpcServerProtocolClient.requestVote(GrpcServerProtocolClient.java:83)
	at org.apache.ratis.grpc.server.GrpcService.requestVote(GrpcService.java:195)
	at org.apache.ratis.server.impl.LeaderElection.lambda$submitRequests$1(LeaderElection.java:237)
	at java.util.concurrent.FutureTask.run(FutureTask.java:266)
	at java.util.concurrent.Executors$RunnableAdapter.call(Executors.java:511)
	at java.util.concurrent.FutureTask.run(FutureTask.java:266)
	at java.util.concurrent.ThreadPoolExecutor.runWorker(ThreadPoolExecutor.java:1149)
	at java.util.concurrent.ThreadPoolExecutor$Worker.run(ThreadPoolExecutor.java:624)
	... 1 more
Caused by: org.apache.ratis.thirdparty.io.netty.channel.AbstractChannel$AnnotatedConnectException: Connection refused: /192.168.34.27:41462
	at sun.nio.ch.SocketChannelImpl.checkConnect(Native Method)
	at sun.nio.ch.SocketChannelImpl.finishConnect(SocketChannelImpl.java:717)
	at org.apache.ratis.thirdparty.io.netty.channel.socket.nio.NioSocketChannel.doFinishConnect(NioSocketChannel.java:327)
	at org.apache.ratis.thirdparty.io.netty.channel.nio.AbstractNioChannel$AbstractNioUnsafe.finishConnect(AbstractNioChannel.java:340)
	at org.apache.ratis.thirdparty.io.netty.channel.nio.NioEventLoop.processSelectedKey(NioEventLoop.java:632)
	at org.apache.ratis.thirdparty.io.netty.channel.nio.NioEventLoop.processSelectedKeysOptimized(NioEventLoop.java:579)
	at org.apache.ratis.thirdparty.io.netty.channel.nio.NioEventLoop.processSelectedKeys(NioEventLoop.java:496)
	at org.apache.ratis.thirdparty.io.netty.channel.nio.NioEventLoop.run(NioEventLoop.java:458)
	at org.apache.ratis.thirdparty.io.netty.util.concurrent.SingleThreadEventExecutor$5.run(SingleThreadEventExecutor.java:897)
	at org.apache.ratis.thirdparty.io.netty.util.concurrent.FastThreadLocalRunnable.run(FastThreadLocalRunnable.java:30)
	... 1 more
Caused by: java.net.ConnectException: Connection refused
	... 11 more
2019-09-05 19:15:11,087 [943b6596-18e7-43fd-8a5b-4ca327f5c156:group-A2331387CCA1:LeaderElection85] INFO  impl.LeaderElection (LogUtils.java:infoOrTrace(149)) -   Exception 1: {}
java.util.concurrent.ExecutionException: org.apache.ratis.thirdparty.io.grpc.StatusRuntimeException: UNAVAILABLE: io exception
	at java.util.concurrent.FutureTask.report(FutureTask.java:122)
	at java.util.concurrent.FutureTask.get(FutureTask.java:192)
	at org.apache.ratis.server.impl.LeaderElection.waitForResults(LeaderElection.java:262)
	at org.apache.ratis.server.impl.LeaderElection.askForVotes(LeaderElection.java:200)
	at org.apache.ratis.server.impl.LeaderElection.run(LeaderElection.java:130)
	at java.lang.Thread.run(Thread.java:748)
Caused by: org.apache.ratis.thirdparty.io.grpc.StatusRuntimeException: UNAVAILABLE: io exception
	at org.apache.ratis.thirdparty.io.grpc.stub.ClientCalls.toStatusRuntimeException(ClientCalls.java:233)
	at org.apache.ratis.thirdparty.io.grpc.stub.ClientCalls.getUnchecked(ClientCalls.java:214)
	at org.apache.ratis.thirdparty.io.grpc.stub.ClientCalls.blockingUnaryCall(ClientCalls.java:139)
	at org.apache.ratis.proto.grpc.RaftServerProtocolServiceGrpc$RaftServerProtocolServiceBlockingStub.requestVote(RaftServerProtocolServiceGrpc.java:265)
	at org.apache.ratis.grpc.server.GrpcServerProtocolClient.requestVote(GrpcServerProtocolClient.java:83)
	at org.apache.ratis.grpc.server.GrpcService.requestVote(GrpcService.java:195)
	at org.apache.ratis.server.impl.LeaderElection.lambda$submitRequests$1(LeaderElection.java:237)
	at java.util.concurrent.FutureTask.run(FutureTask.java:266)
	at java.util.concurrent.Executors$RunnableAdapter.call(Executors.java:511)
	at java.util.concurrent.FutureTask.run(FutureTask.java:266)
	at java.util.concurrent.ThreadPoolExecutor.runWorker(ThreadPoolExecutor.java:1149)
	at java.util.concurrent.ThreadPoolExecutor$Worker.run(ThreadPoolExecutor.java:624)
	... 1 more
Caused by: org.apache.ratis.thirdparty.io.netty.channel.AbstractChannel$AnnotatedConnectException: Connection refused: /192.168.34.27:42426
	at sun.nio.ch.SocketChannelImpl.checkConnect(Native Method)
	at sun.nio.ch.SocketChannelImpl.finishConnect(SocketChannelImpl.java:717)
	at org.apache.ratis.thirdparty.io.netty.channel.socket.nio.NioSocketChannel.doFinishConnect(NioSocketChannel.java:327)
	at org.apache.ratis.thirdparty.io.netty.channel.nio.AbstractNioChannel$AbstractNioUnsafe.finishConnect(AbstractNioChannel.java:340)
	at org.apache.ratis.thirdparty.io.netty.channel.nio.NioEventLoop.processSelectedKey(NioEventLoop.java:632)
	at org.apache.ratis.thirdparty.io.netty.channel.nio.NioEventLoop.processSelectedKeysOptimized(NioEventLoop.java:579)
	at org.apache.ratis.thirdparty.io.netty.channel.nio.NioEventLoop.processSelectedKeys(NioEventLoop.java:496)
	at org.apache.ratis.thirdparty.io.netty.channel.nio.NioEventLoop.run(NioEventLoop.java:458)
	at org.apache.ratis.thirdparty.io.netty.util.concurrent.SingleThreadEventExecutor$5.run(SingleThreadEventExecutor.java:897)
	at org.apache.ratis.thirdparty.io.netty.util.concurrent.FastThreadLocalRunnable.run(FastThreadLocalRunnable.java:30)
	... 1 more
Caused by: java.net.ConnectException: Connection refused
	... 11 more
2019-09-05 19:15:11,088 [943b6596-18e7-43fd-8a5b-4ca327f5c156:group-A2331387CCA1:LeaderElection85] INFO  impl.RaftServerImpl (RaftServerImpl.java:setRole(171)) - 943b6596-18e7-43fd-8a5b-4ca327f5c156:group-A2331387CCA1 changes role from CANDIDATE to FOLLOWER at term 3 for DISCOVERED_A_NEW_TERM
2019-09-05 19:15:11,088 [943b6596-18e7-43fd-8a5b-4ca327f5c156:group-A2331387CCA1:LeaderElection85] INFO  impl.RoleInfo (RoleInfo.java:shutdownLeaderElection(134)) - 943b6596-18e7-43fd-8a5b-4ca327f5c156: shutdown LeaderElection
2019-09-05 19:15:11,088 [943b6596-18e7-43fd-8a5b-4ca327f5c156:group-A2331387CCA1:LeaderElection85] INFO  impl.RoleInfo (RoleInfo.java:updateAndGet(143)) - 943b6596-18e7-43fd-8a5b-4ca327f5c156: start FollowerState
2019-09-05 19:15:12,821 [EventQueue-StaleNodeForStaleNodeHandler] INFO  node.StaleNodeHandler (StaleNodeHandler.java:onMessage(58)) - Datanode 943b6596-18e7-43fd-8a5b-4ca327f5c156{ip: 192.168.34.27, host: pr-hdds-2015-5mx5w-4127483329, networkLocation: /default-rack, certSerialId: null} moved to stale state. Finalizing its pipelines [PipelineID=cd766c30-273d-4576-bf8e-a2331387cca1, PipelineID=76dfdd8d-66d0-4a65-89ac-aedaae588ffe]
2019-09-05 19:15:12,821 [EventQueue-StaleNodeForStaleNodeHandler] INFO  pipeline.SCMPipelineManager (SCMPipelineManager.java:finalizeAndDestroyPipeline(309)) - destroying pipeline:Pipeline[ Id: cd766c30-273d-4576-bf8e-a2331387cca1, Nodes: 5aaf18d6-82cf-46f0-b977-f04590e1d3a6{ip: 192.168.34.27, host: pr-hdds-2015-5mx5w-4127483329, networkLocation: /default-rack, certSerialId: null}a9e96699-88a7-4abe-af5a-628e24b5bf3e{ip: 192.168.34.27, host: pr-hdds-2015-5mx5w-4127483329, networkLocation: /default-rack, certSerialId: null}943b6596-18e7-43fd-8a5b-4ca327f5c156{ip: 192.168.34.27, host: pr-hdds-2015-5mx5w-4127483329, networkLocation: /default-rack, certSerialId: null}, Type:RATIS, Factor:THREE, State:CLOSED]
2019-09-05 19:15:12,821 [EventQueue-StaleNodeForStaleNodeHandler] INFO  pipeline.SCMPipelineManager (SCMPipelineManager.java:finalizeAndDestroyPipeline(309)) - destroying pipeline:Pipeline[ Id: 76dfdd8d-66d0-4a65-89ac-aedaae588ffe, Nodes: 943b6596-18e7-43fd-8a5b-4ca327f5c156{ip: 192.168.34.27, host: pr-hdds-2015-5mx5w-4127483329, networkLocation: /default-rack, certSerialId: null}, Type:RATIS, Factor:ONE, State:OPEN]
2019-09-05 19:15:12,821 [EventQueue-StaleNodeForStaleNodeHandler] INFO  pipeline.PipelineStateManager (PipelineStateManager.java:finalizePipeline(123)) - Pipeline Pipeline[ Id: 76dfdd8d-66d0-4a65-89ac-aedaae588ffe, Nodes: 943b6596-18e7-43fd-8a5b-4ca327f5c156{ip: 192.168.34.27, host: pr-hdds-2015-5mx5w-4127483329, networkLocation: /default-rack, certSerialId: null}, Type:RATIS, Factor:ONE, State:CLOSED] moved to CLOSED state
2019-09-05 19:15:12,962 [main] INFO  ozoneimpl.OzoneContainer (OzoneContainer.java:stop(215)) - Attempting to stop container services.
2019-09-05 19:15:12,963 [main] INFO  impl.RaftServerProxy (RaftServerProxy.java:lambda$close$4(314)) - 943b6596-18e7-43fd-8a5b-4ca327f5c156: close
2019-09-05 19:15:12,963 [main] INFO  impl.RaftServerImpl (RaftServerImpl.java:lambda$shutdown$3(245)) - 943b6596-18e7-43fd-8a5b-4ca327f5c156: shutdown group-A2331387CCA1
2019-09-05 19:15:12,964 [main] INFO  util.JmxRegister (JmxRegister.java:unregister(73)) - Successfully un-registered JMX Bean with object name Ratis:service=RaftServer,group=group-A2331387CCA1,id=943b6596-18e7-43fd-8a5b-4ca327f5c156
2019-09-05 19:15:12,964 [main] INFO  impl.RoleInfo (RoleInfo.java:shutdownFollowerState(121)) - 943b6596-18e7-43fd-8a5b-4ca327f5c156: shutdown FollowerState
2019-09-05 19:15:12,964 [main] INFO  impl.StateMachineUpdater (StateMachineUpdater.java:stopAndJoin(115)) - StateMachineUpdater:943b6596-18e7-43fd-8a5b-4ca327f5c156:group-A2331387CCA1: set stopIndex = 12
2019-09-05 19:15:12,964 [Thread-4684] INFO  impl.FollowerState (FollowerState.java:run(114)) - 943b6596-18e7-43fd-8a5b-4ca327f5c156: FollowerState was interrupted: java.lang.InterruptedException: sleep interrupted
2019-09-05 19:15:12,964 [StateMachineUpdater:943b6596-18e7-43fd-8a5b-4ca327f5c156:group-A2331387CCA1] INFO  ratis.ContainerStateMachine (ContainerStateMachine.java:takeSnapshot(284)) - group-A2331387CCA1: Taking a snapshot at:(t:1, i:12) file /workdir/hadoop-ozone/integration-test/target/test-dir/MiniOzoneClusterImpl-a25a262c-8f45-494e-95da-2a3cd65c296f/datanode-5/data/ratis/cd766c30-273d-4576-bf8e-a2331387cca1/sm/snapshot.1_12
2019-09-05 19:15:12,979 [StateMachineUpdater:943b6596-18e7-43fd-8a5b-4ca327f5c156:group-A2331387CCA1] INFO  ratis.ContainerStateMachine (ContainerStateMachine.java:takeSnapshot(295)) - group-A2331387CCA1: Finished taking a snapshot at:(t:1, i:12) file:/workdir/hadoop-ozone/integration-test/target/test-dir/MiniOzoneClusterImpl-a25a262c-8f45-494e-95da-2a3cd65c296f/datanode-5/data/ratis/cd766c30-273d-4576-bf8e-a2331387cca1/sm/snapshot.1_12 time:15
2019-09-05 19:15:12,979 [StateMachineUpdater:943b6596-18e7-43fd-8a5b-4ca327f5c156:group-A2331387CCA1] INFO  impl.StateMachineUpdater (StateMachineUpdater.java:takeSnapshot(242)) - StateMachineUpdater:943b6596-18e7-43fd-8a5b-4ca327f5c156:group-A2331387CCA1: Took a snapshot at index 12
2019-09-05 19:15:12,979 [StateMachineUpdater:943b6596-18e7-43fd-8a5b-4ca327f5c156:group-A2331387CCA1] INFO  impl.StateMachineUpdater (StateMachineUpdater.java:lambda$new$0(80)) - StateMachineUpdater:943b6596-18e7-43fd-8a5b-4ca327f5c156:group-A2331387CCA1: snapshotIndex: updateIncreasingly -1 -> 12
2019-09-05 19:15:12,979 [main] INFO  impl.RaftServerImpl (ServerState.java:close(394)) - 943b6596-18e7-43fd-8a5b-4ca327f5c156:group-A2331387CCA1 closes. The last applied log index is 12
2019-09-05 19:15:12,980 [943b6596-18e7-43fd-8a5b-4ca327f5c156-SegmentedRaftLogWorker:Storage Directory /workdir/hadoop-ozone/integration-test/target/test-dir/MiniOzoneClusterImpl-a25a262c-8f45-494e-95da-2a3cd65c296f/datanode-5/data/ratis/cd766c30-273d-4576-bf8e-a2331387cca1] INFO  segmented.SegmentedRaftLogWorker (SegmentedRaftLogWorker.java:run(313)) - 943b6596-18e7-43fd-8a5b-4ca327f5c156-SegmentedRaftLogWorker:Storage Directory /workdir/hadoop-ozone/integration-test/target/test-dir/MiniOzoneClusterImpl-a25a262c-8f45-494e-95da-2a3cd65c296f/datanode-5/data/ratis/cd766c30-273d-4576-bf8e-a2331387cca1 was interrupted, exiting. There are 0 tasks remaining in the queue.
2019-09-05 19:15:12,980 [main] INFO  segmented.SegmentedRaftLogWorker (SegmentedRaftLogWorker.java:close(228)) - 943b6596-18e7-43fd-8a5b-4ca327f5c156-SegmentedRaftLogWorker:Storage Directory /workdir/hadoop-ozone/integration-test/target/test-dir/MiniOzoneClusterImpl-a25a262c-8f45-494e-95da-2a3cd65c296f/datanode-5/data/ratis/cd766c30-273d-4576-bf8e-a2331387cca1 close()
2019-09-05 19:15:12,982 [main] INFO  impl.RaftServerImpl (RaftServerImpl.java:lambda$shutdown$3(245)) - 943b6596-18e7-43fd-8a5b-4ca327f5c156: shutdown group-AEDAAE588FFE
2019-09-05 19:15:12,982 [main] INFO  util.JmxRegister (JmxRegister.java:unregister(73)) - Successfully un-registered JMX Bean with object name Ratis:service=RaftServer,group=group-AEDAAE588FFE,id=943b6596-18e7-43fd-8a5b-4ca327f5c156
2019-09-05 19:15:12,983 [main] INFO  impl.RoleInfo (RoleInfo.java:shutdownLeaderState(104)) - 943b6596-18e7-43fd-8a5b-4ca327f5c156: shutdown LeaderState
2019-09-05 19:15:12,983 [main] INFO  impl.PendingRequests (PendingRequests.java:sendNotLeaderResponses(202)) - 943b6596-18e7-43fd-8a5b-4ca327f5c156-PendingRequests: sendNotLeaderResponses
2019-09-05 19:15:12,984 [main] INFO  impl.StateMachineUpdater (StateMachineUpdater.java:stopAndJoin(115)) - StateMachineUpdater:943b6596-18e7-43fd-8a5b-4ca327f5c156:group-AEDAAE588FFE: set stopIndex = 0
2019-09-05 19:15:12,984 [main] INFO  impl.RaftServerImpl (ServerState.java:close(394)) - 943b6596-18e7-43fd-8a5b-4ca327f5c156:group-AEDAAE588FFE closes. The last applied log index is 0
2019-09-05 19:15:12,984 [943b6596-18e7-43fd-8a5b-4ca327f5c156-SegmentedRaftLogWorker:Storage Directory /workdir/hadoop-ozone/integration-test/target/test-dir/MiniOzoneClusterImpl-a25a262c-8f45-494e-95da-2a3cd65c296f/datanode-5/data/ratis/76dfdd8d-66d0-4a65-89ac-aedaae588ffe] INFO  segmented.SegmentedRaftLogWorker (SegmentedRaftLogWorker.java:run(313)) - 943b6596-18e7-43fd-8a5b-4ca327f5c156-SegmentedRaftLogWorker:Storage Directory /workdir/hadoop-ozone/integration-test/target/test-dir/MiniOzoneClusterImpl-a25a262c-8f45-494e-95da-2a3cd65c296f/datanode-5/data/ratis/76dfdd8d-66d0-4a65-89ac-aedaae588ffe was interrupted, exiting. There are 0 tasks remaining in the queue.
2019-09-05 19:15:12,985 [main] INFO  segmented.SegmentedRaftLogWorker (SegmentedRaftLogWorker.java:close(228)) - 943b6596-18e7-43fd-8a5b-4ca327f5c156-SegmentedRaftLogWorker:Storage Directory /workdir/hadoop-ozone/integration-test/target/test-dir/MiniOzoneClusterImpl-a25a262c-8f45-494e-95da-2a3cd65c296f/datanode-5/data/ratis/76dfdd8d-66d0-4a65-89ac-aedaae588ffe close()
2019-09-05 19:15:12,986 [main] INFO  server.GrpcService (GrpcService.java:closeImpl(155)) - 943b6596-18e7-43fd-8a5b-4ca327f5c156: shutdown server with port 46583 now
2019-09-05 19:15:12,987 [main] INFO  server.GrpcService (GrpcService.java:closeImpl(163)) - 943b6596-18e7-43fd-8a5b-4ca327f5c156: shutdown server with port 46583 successfully
2019-09-05 19:15:12,988 [refreshUsed-/workdir/hadoop-ozone/integration-test/target/test-dir/MiniOzoneClusterImpl-a25a262c-8f45-494e-95da-2a3cd65c296f/datanode-5/data/containers] WARN  fs.CachingGetSpaceUsed (CachingGetSpaceUsed.java:run(183)) - Thread Interrupted waiting to refresh disk information: sleep interrupted
2019-09-05 19:15:13,005 [main] INFO  utils.BackgroundService (BackgroundService.java:shutdown(148)) - Shutting down service BlockDeletingService
2019-09-05 19:15:13,008 [main] INFO  statemachine.DatanodeStateMachine (DatanodeStateMachine.java:stopDaemon(395)) - Ozone container server stopped.
2019-09-05 19:15:13,009 [main] INFO  handler.ContextHandler (ContextHandler.java:doStop(910)) - Stopped o.e.j.w.WebAppContext@14b95942{/,null,UNAVAILABLE}{/hddsDatanode}
2019-09-05 19:15:13,010 [main] INFO  server.AbstractConnector (AbstractConnector.java:doStop(318)) - Stopped ServerConnector@3375b118{HTTP/1.1,[http/1.1]}{0.0.0.0:0}
2019-09-05 19:15:13,010 [main] INFO  handler.ContextHandler (ContextHandler.java:doStop(910)) - Stopped o.e.j.s.ServletContextHandler@3e2d44f3{/static,jar:file:/home/user/.m2/repository/org/apache/hadoop/hadoop-hdds-container-service/0.5.0-SNAPSHOT/hadoop-hdds-container-service-0.5.0-SNAPSHOT.jar!/webapps/static,UNAVAILABLE}
2019-09-05 19:15:13,010 [main] INFO  handler.ContextHandler (ContextHandler.java:doStop(910)) - Stopped o.e.j.s.ServletContextHandler@30fbc23{/logs,file:///workdir/hadoop-ozone/integration-test/target/log,UNAVAILABLE}
2019-09-05 19:15:13,011 [main] INFO  ozone.MiniOzoneClusterImpl (MiniOzoneClusterImpl.java:stop(339)) - Stopping the StorageContainerManager
2019-09-05 19:15:13,012 [main] INFO  server.StorageContainerManager (StorageContainerManager.java:stop(797)) - Stopping Replication Manager Service.
2019-09-05 19:15:13,012 [main] INFO  container.ReplicationManager (ReplicationManager.java:stop(203)) - Stopping Replication Monitor Thread.
2019-09-05 19:15:13,012 [main] INFO  server.StorageContainerManager (StorageContainerManager.java:stop(804)) - Stopping Lease Manager of the command watchers
2019-09-05 19:15:13,012 [main] INFO  server.StorageContainerManager (StorageContainerManager.java:stop(811)) - Stopping datanode service RPC server
2019-09-05 19:15:13,012 [main] INFO  server.SCMDatanodeProtocolServer (SCMDatanodeProtocolServer.java:stop(367)) - Stopping the RPC server for DataNodes
2019-09-05 19:15:13,012 [main] INFO  ipc.Server (Server.java:stop(3082)) - Stopping server on 38729
2019-09-05 19:15:13,015 [IPC Server listener on 38729] INFO  ipc.Server (Server.java:run(1185)) - Stopping IPC Server listener on 38729
2019-09-05 19:15:13,015 [IPC Server Responder] INFO  ipc.Server (Server.java:run(1319)) - Stopping IPC Server Responder
2019-09-05 19:15:13,021 [SCM Heartbeat Processing Thread - 0] WARN  node.NodeStateManager (NodeStateManager.java:scheduleNextHealthCheck(646)) - Current Thread is interrupted, shutting down HB processing thread for Node Manager.
2019-09-05 19:15:13,021 [main] INFO  server.StorageContainerManager (StorageContainerManager.java:stop(819)) - Stopping block service RPC server
2019-09-05 19:15:13,022 [main] INFO  server.SCMBlockProtocolServer (SCMBlockProtocolServer.java:stop(155)) - Stopping the RPC server for Block Protocol
2019-09-05 19:15:13,022 [main] INFO  ipc.Server (Server.java:stop(3082)) - Stopping server on 35454
2019-09-05 19:15:13,024 [IPC Server listener on 35454] INFO  ipc.Server (Server.java:run(1185)) - Stopping IPC Server listener on 35454
2019-09-05 19:15:13,024 [main] INFO  server.StorageContainerManager (StorageContainerManager.java:stop(826)) - Stopping the StorageContainerLocationProtocol RPC server
2019-09-05 19:15:13,024 [IPC Server Responder] INFO  ipc.Server (Server.java:run(1319)) - Stopping IPC Server Responder
2019-09-05 19:15:13,025 [main] INFO  server.SCMClientProtocolServer (SCMClientProtocolServer.java:stop(159)) - Stopping the RPC server for Client Protocol
2019-09-05 19:15:13,025 [main] INFO  ipc.Server (Server.java:stop(3082)) - Stopping server on 40931
2019-09-05 19:15:13,027 [IPC Server listener on 40931] INFO  ipc.Server (Server.java:run(1185)) - Stopping IPC Server listener on 40931
2019-09-05 19:15:13,027 [main] INFO  server.StorageContainerManager (StorageContainerManager.java:stop(833)) - Stopping Storage Container Manager HTTP server.
2019-09-05 19:15:13,027 [IPC Server Responder] INFO  ipc.Server (Server.java:run(1319)) - Stopping IPC Server Responder
2019-09-05 19:15:13,028 [main] INFO  handler.ContextHandler (ContextHandler.java:doStop(910)) - Stopped o.e.j.w.WebAppContext@1c68d0db{/,null,UNAVAILABLE}{/scm}
2019-09-05 19:15:13,029 [main] INFO  server.AbstractConnector (AbstractConnector.java:doStop(318)) - Stopped ServerConnector@9be7319{HTTP/1.1,[http/1.1]}{0.0.0.0:0}
2019-09-05 19:15:13,030 [main] INFO  handler.ContextHandler (ContextHandler.java:doStop(910)) - Stopped o.e.j.s.ServletContextHandler@5170bc02{/static,file:///workdir/hadoop-ozone/integration-test/target/test-classes/webapps/static,UNAVAILABLE}
2019-09-05 19:15:13,030 [main] INFO  handler.ContextHandler (ContextHandler.java:doStop(910)) - Stopped o.e.j.s.ServletContextHandler@3ca17943{/logs,file:///workdir/hadoop-ozone/integration-test/target/log,UNAVAILABLE}
2019-09-05 19:15:13,030 [main] INFO  server.StorageContainerManager (StorageContainerManager.java:stop(844)) - Stopping Block Manager Service.
2019-09-05 19:15:13,031 [main] INFO  utils.BackgroundService (BackgroundService.java:shutdown(148)) - Shutting down service SCMBlockDeletingService
2019-09-05 19:15:13,031 [main] INFO  utils.BackgroundService (BackgroundService.java:shutdown(148)) - Shutting down service SCMBlockDeletingService
2019-09-05 19:15:13,031 [main] INFO  server.StorageContainerManager (StorageContainerManager.java:stop(866)) - Stopping SCM Event Queue.
2019-09-05 19:15:13,034 [main] INFO  impl.MetricsSystemImpl (MetricsSystemImpl.java:stop(210)) - Stopping HddsDatanode metrics system...
2019-09-05 19:15:13,041 [main] INFO  impl.MetricsSystemImpl (MetricsSystemImpl.java:stop(216)) - HddsDatanode metrics system stopped.
]]></system-out>
    <system-err><![CDATA[Sep 05, 2019 7:14:39 PM org.apache.ratis.thirdparty.io.grpc.internal.ManagedChannelOrphanWrapper$ManagedChannelReference cleanQueue
SEVERE: *~*~*~ Channel ManagedChannelImpl{logId=2594, target=192.168.34.27:37582} was not shutdown properly!!! ~*~*~*
    Make sure to call shutdown()/shutdownNow() and wait until awaitTermination() returns true.
java.lang.RuntimeException: ManagedChannel allocation site
	at org.apache.ratis.thirdparty.io.grpc.internal.ManagedChannelOrphanWrapper$ManagedChannelReference.<init>(ManagedChannelOrphanWrapper.java:103)
	at org.apache.ratis.thirdparty.io.grpc.internal.ManagedChannelOrphanWrapper.<init>(ManagedChannelOrphanWrapper.java:53)
	at org.apache.ratis.thirdparty.io.grpc.internal.ManagedChannelOrphanWrapper.<init>(ManagedChannelOrphanWrapper.java:44)
	at org.apache.ratis.thirdparty.io.grpc.internal.AbstractManagedChannelImplBuilder.build(AbstractManagedChannelImplBuilder.java:411)
	at org.apache.ratis.grpc.client.GrpcClientProtocolClient.<init>(GrpcClientProtocolClient.java:119)
	at org.apache.ratis.grpc.client.GrpcClientRpc.lambda$new$0(GrpcClientRpc.java:55)
	at org.apache.ratis.util.PeerProxyMap$PeerAndProxy.lambda$getProxy$0(PeerProxyMap.java:61)
	at org.apache.ratis.util.LifeCycle.startAndTransition(LifeCycle.java:202)
	at org.apache.ratis.util.PeerProxyMap$PeerAndProxy.getProxy(PeerProxyMap.java:60)
	at org.apache.ratis.util.PeerProxyMap.getProxy(PeerProxyMap.java:107)
	at org.apache.ratis.grpc.client.GrpcClientRpc.sendRequestAsync(GrpcClientRpc.java:66)
	at org.apache.ratis.client.impl.OrderedAsync.sendRequest(OrderedAsync.java:208)
	at org.apache.ratis.client.impl.OrderedAsync.sendRequestWithRetry(OrderedAsync.java:169)
	at org.apache.ratis.util.SlidingWindow$Client.sendOrDelayRequest(SlidingWindow.java:278)
	at org.apache.ratis.util.SlidingWindow$Client.retry(SlidingWindow.java:294)
	at org.apache.ratis.client.impl.OrderedAsync.lambda$scheduleWithTimeout$7(OrderedAsync.java:195)
	at org.apache.ratis.util.TimeoutScheduler.lambda$onTimeout$0(TimeoutScheduler.java:85)
	at org.apache.ratis.util.TimeoutScheduler.lambda$onTimeout$1(TimeoutScheduler.java:104)
	at org.apache.ratis.util.LogUtils.runAndLog(LogUtils.java:50)
	at org.apache.ratis.util.LogUtils$1.run(LogUtils.java:91)
	at java.util.concurrent.Executors$RunnableAdapter.call(Executors.java:511)
	at java.util.concurrent.FutureTask.run(FutureTask.java:266)
	at java.util.concurrent.ScheduledThreadPoolExecutor$ScheduledFutureTask.access$201(ScheduledThreadPoolExecutor.java:180)
	at java.util.concurrent.ScheduledThreadPoolExecutor$ScheduledFutureTask.run(ScheduledThreadPoolExecutor.java:293)
	at java.util.concurrent.ThreadPoolExecutor.runWorker(ThreadPoolExecutor.java:1149)
	at java.util.concurrent.ThreadPoolExecutor$Worker.run(ThreadPoolExecutor.java:624)
	at java.lang.Thread.run(Thread.java:748)

Sep 05, 2019 7:14:39 PM org.apache.ratis.thirdparty.io.grpc.internal.ManagedChannelOrphanWrapper$ManagedChannelReference cleanQueue
SEVERE: *~*~*~ Channel ManagedChannelImpl{logId=3313, target=192.168.34.27:40408} was not shutdown properly!!! ~*~*~*
    Make sure to call shutdown()/shutdownNow() and wait until awaitTermination() returns true.
java.lang.RuntimeException: ManagedChannel allocation site
	at org.apache.ratis.thirdparty.io.grpc.internal.ManagedChannelOrphanWrapper$ManagedChannelReference.<init>(ManagedChannelOrphanWrapper.java:103)
	at org.apache.ratis.thirdparty.io.grpc.internal.ManagedChannelOrphanWrapper.<init>(ManagedChannelOrphanWrapper.java:53)
	at org.apache.ratis.thirdparty.io.grpc.internal.ManagedChannelOrphanWrapper.<init>(ManagedChannelOrphanWrapper.java:44)
	at org.apache.ratis.thirdparty.io.grpc.internal.AbstractManagedChannelImplBuilder.build(AbstractManagedChannelImplBuilder.java:411)
	at org.apache.hadoop.hdds.scm.XceiverClientGrpc.connectToDatanode(XceiverClientGrpc.java:175)
	at org.apache.hadoop.hdds.scm.XceiverClientGrpc.reconnect(XceiverClientGrpc.java:423)
	at org.apache.hadoop.hdds.scm.XceiverClientGrpc.sendCommandAsync(XceiverClientGrpc.java:372)
	at org.apache.hadoop.hdds.scm.XceiverClientGrpc.sendCommandWithRetry(XceiverClientGrpc.java:285)
	at org.apache.hadoop.hdds.scm.XceiverClientGrpc.sendCommandWithTraceIDAndRetry(XceiverClientGrpc.java:251)
	at org.apache.hadoop.hdds.scm.XceiverClientGrpc.sendCommand(XceiverClientGrpc.java:234)
	at org.apache.hadoop.hdds.scm.storage.ContainerProtocolCalls.getBlock(ContainerProtocolCalls.java:118)
	at org.apache.hadoop.hdds.scm.storage.BlockInputStream.getChunkInfos(BlockInputStream.java:167)
	at org.apache.hadoop.hdds.scm.storage.BlockInputStream.initialize(BlockInputStream.java:118)
	at org.apache.hadoop.hdds.scm.storage.BlockInputStream.read(BlockInputStream.java:222)
	at org.apache.hadoop.ozone.client.io.KeyInputStream.read(KeyInputStream.java:171)
	at org.apache.hadoop.ozone.client.io.OzoneInputStream.read(OzoneInputStream.java:47)
	at java.io.InputStream.read(InputStream.java:101)
	at org.apache.hadoop.ozone.container.ContainerTestHelper.validateData(ContainerTestHelper.java:714)
	at org.apache.hadoop.ozone.client.rpc.TestBlockOutputStreamWithFailures.validateData(TestBlockOutputStreamWithFailures.java:1216)
	at org.apache.hadoop.ozone.client.rpc.TestBlockOutputStreamWithFailures.testFailureWithPrimeSizedData(TestBlockOutputStreamWithFailures.java:662)
	at sun.reflect.NativeMethodAccessorImpl.invoke0(Native Method)
	at sun.reflect.NativeMethodAccessorImpl.invoke(NativeMethodAccessorImpl.java:62)
	at sun.reflect.DelegatingMethodAccessorImpl.invoke(DelegatingMethodAccessorImpl.java:43)
	at java.lang.reflect.Method.invoke(Method.java:498)
	at org.junit.runners.model.FrameworkMethod$1.runReflectiveCall(FrameworkMethod.java:47)
	at org.junit.internal.runners.model.ReflectiveCallable.run(ReflectiveCallable.java:12)
	at org.junit.runners.model.FrameworkMethod.invokeExplosively(FrameworkMethod.java:44)
	at org.junit.internal.runners.statements.InvokeMethod.evaluate(InvokeMethod.java:17)
	at org.junit.internal.runners.statements.RunBefores.evaluate(RunBefores.java:26)
	at org.junit.internal.runners.statements.RunAfters.evaluate(RunAfters.java:27)
	at org.junit.runners.ParentRunner.runLeaf(ParentRunner.java:271)
	at org.junit.runners.BlockJUnit4ClassRunner.runChild(BlockJUnit4ClassRunner.java:70)
	at org.junit.runners.BlockJUnit4ClassRunner.runChild(BlockJUnit4ClassRunner.java:50)
	at org.junit.runners.ParentRunner$3.run(ParentRunner.java:238)
	at org.junit.runners.ParentRunner$1.schedule(ParentRunner.java:63)
	at org.junit.runners.ParentRunner.runChildren(ParentRunner.java:236)
	at org.junit.runners.ParentRunner.access$000(ParentRunner.java:53)
	at org.junit.runners.ParentRunner$2.evaluate(ParentRunner.java:229)
	at org.junit.runners.ParentRunner.run(ParentRunner.java:309)
	at org.apache.maven.surefire.junit4.JUnit4Provider.execute(JUnit4Provider.java:365)
	at org.apache.maven.surefire.junit4.JUnit4Provider.executeWithRerun(JUnit4Provider.java:273)
	at org.apache.maven.surefire.junit4.JUnit4Provider.executeTestSet(JUnit4Provider.java:238)
	at org.apache.maven.surefire.junit4.JUnit4Provider.invoke(JUnit4Provider.java:159)
	at org.apache.maven.surefire.booter.ForkedBooter.invokeProviderInSameClassLoader(ForkedBooter.java:384)
	at org.apache.maven.surefire.booter.ForkedBooter.runSuitesInProcess(ForkedBooter.java:345)
	at org.apache.maven.surefire.booter.ForkedBooter.execute(ForkedBooter.java:126)
	at org.apache.maven.surefire.booter.ForkedBooter.main(ForkedBooter.java:418)

Sep 05, 2019 7:14:39 PM org.apache.ratis.thirdparty.io.grpc.internal.ManagedChannelOrphanWrapper$ManagedChannelReference cleanQueue
SEVERE: *~*~*~ Channel ManagedChannelImpl{logId=2985, target=192.168.34.27:38268} was not shutdown properly!!! ~*~*~*
    Make sure to call shutdown()/shutdownNow() and wait until awaitTermination() returns true.
java.lang.RuntimeException: ManagedChannel allocation site
	at org.apache.ratis.thirdparty.io.grpc.internal.ManagedChannelOrphanWrapper$ManagedChannelReference.<init>(ManagedChannelOrphanWrapper.java:103)
	at org.apache.ratis.thirdparty.io.grpc.internal.ManagedChannelOrphanWrapper.<init>(ManagedChannelOrphanWrapper.java:53)
	at org.apache.ratis.thirdparty.io.grpc.internal.ManagedChannelOrphanWrapper.<init>(ManagedChannelOrphanWrapper.java:44)
	at org.apache.ratis.thirdparty.io.grpc.internal.AbstractManagedChannelImplBuilder.build(AbstractManagedChannelImplBuilder.java:411)
	at org.apache.hadoop.hdds.scm.XceiverClientGrpc.connectToDatanode(XceiverClientGrpc.java:175)
	at org.apache.hadoop.hdds.scm.XceiverClientGrpc.reconnect(XceiverClientGrpc.java:423)
	at org.apache.hadoop.hdds.scm.XceiverClientGrpc.sendCommandAsync(XceiverClientGrpc.java:372)
	at org.apache.hadoop.hdds.scm.XceiverClientGrpc.sendCommandWithRetry(XceiverClientGrpc.java:285)
	at org.apache.hadoop.hdds.scm.XceiverClientGrpc.sendCommandWithTraceIDAndRetry(XceiverClientGrpc.java:251)
	at org.apache.hadoop.hdds.scm.XceiverClientGrpc.sendCommand(XceiverClientGrpc.java:234)
	at org.apache.hadoop.hdds.scm.storage.ContainerProtocolCalls.getBlock(ContainerProtocolCalls.java:118)
	at org.apache.hadoop.hdds.scm.storage.BlockInputStream.getChunkInfos(BlockInputStream.java:167)
	at org.apache.hadoop.hdds.scm.storage.BlockInputStream.initialize(BlockInputStream.java:118)
	at org.apache.hadoop.hdds.scm.storage.BlockInputStream.read(BlockInputStream.java:222)
	at org.apache.hadoop.ozone.client.io.KeyInputStream.read(KeyInputStream.java:171)
	at org.apache.hadoop.ozone.client.io.OzoneInputStream.read(OzoneInputStream.java:47)
	at java.io.InputStream.read(InputStream.java:101)
	at org.apache.hadoop.ozone.container.ContainerTestHelper.validateData(ContainerTestHelper.java:714)
	at org.apache.hadoop.ozone.client.rpc.TestBlockOutputStreamWithFailures.validateData(TestBlockOutputStreamWithFailures.java:1216)
	at org.apache.hadoop.ozone.client.rpc.TestBlockOutputStreamWithFailures.testWatchForCommitDatanodeFailure(TestBlockOutputStreamWithFailures.java:393)
	at sun.reflect.NativeMethodAccessorImpl.invoke0(Native Method)
	at sun.reflect.NativeMethodAccessorImpl.invoke(NativeMethodAccessorImpl.java:62)
	at sun.reflect.DelegatingMethodAccessorImpl.invoke(DelegatingMethodAccessorImpl.java:43)
	at java.lang.reflect.Method.invoke(Method.java:498)
	at org.junit.runners.model.FrameworkMethod$1.runReflectiveCall(FrameworkMethod.java:47)
	at org.junit.internal.runners.model.ReflectiveCallable.run(ReflectiveCallable.java:12)
	at org.junit.runners.model.FrameworkMethod.invokeExplosively(FrameworkMethod.java:44)
	at org.junit.internal.runners.statements.InvokeMethod.evaluate(InvokeMethod.java:17)
	at org.junit.internal.runners.statements.RunBefores.evaluate(RunBefores.java:26)
	at org.junit.internal.runners.statements.RunAfters.evaluate(RunAfters.java:27)
	at org.junit.runners.ParentRunner.runLeaf(ParentRunner.java:271)
	at org.junit.runners.BlockJUnit4ClassRunner.runChild(BlockJUnit4ClassRunner.java:70)
	at org.junit.runners.BlockJUnit4ClassRunner.runChild(BlockJUnit4ClassRunner.java:50)
	at org.junit.runners.ParentRunner$3.run(ParentRunner.java:238)
	at org.junit.runners.ParentRunner$1.schedule(ParentRunner.java:63)
	at org.junit.runners.ParentRunner.runChildren(ParentRunner.java:236)
	at org.junit.runners.ParentRunner.access$000(ParentRunner.java:53)
	at org.junit.runners.ParentRunner$2.evaluate(ParentRunner.java:229)
	at org.junit.runners.ParentRunner.run(ParentRunner.java:309)
	at org.apache.maven.surefire.junit4.JUnit4Provider.execute(JUnit4Provider.java:365)
	at org.apache.maven.surefire.junit4.JUnit4Provider.executeWithRerun(JUnit4Provider.java:273)
	at org.apache.maven.surefire.junit4.JUnit4Provider.executeTestSet(JUnit4Provider.java:238)
	at org.apache.maven.surefire.junit4.JUnit4Provider.invoke(JUnit4Provider.java:159)
	at org.apache.maven.surefire.booter.ForkedBooter.invokeProviderInSameClassLoader(ForkedBooter.java:384)
	at org.apache.maven.surefire.booter.ForkedBooter.runSuitesInProcess(ForkedBooter.java:345)
	at org.apache.maven.surefire.booter.ForkedBooter.execute(ForkedBooter.java:126)
	at org.apache.maven.surefire.booter.ForkedBooter.main(ForkedBooter.java:418)

Sep 05, 2019 7:14:39 PM org.apache.ratis.thirdparty.io.grpc.internal.ManagedChannelOrphanWrapper$ManagedChannelReference cleanQueue
SEVERE: *~*~*~ Channel ManagedChannelImpl{logId=2639, target=192.168.34.27:39451} was not shutdown properly!!! ~*~*~*
    Make sure to call shutdown()/shutdownNow() and wait until awaitTermination() returns true.
java.lang.RuntimeException: ManagedChannel allocation site
	at org.apache.ratis.thirdparty.io.grpc.internal.ManagedChannelOrphanWrapper$ManagedChannelReference.<init>(ManagedChannelOrphanWrapper.java:103)
	at org.apache.ratis.thirdparty.io.grpc.internal.ManagedChannelOrphanWrapper.<init>(ManagedChannelOrphanWrapper.java:53)
	at org.apache.ratis.thirdparty.io.grpc.internal.ManagedChannelOrphanWrapper.<init>(ManagedChannelOrphanWrapper.java:44)
	at org.apache.ratis.thirdparty.io.grpc.internal.AbstractManagedChannelImplBuilder.build(AbstractManagedChannelImplBuilder.java:411)
	at org.apache.hadoop.hdds.scm.XceiverClientGrpc.connectToDatanode(XceiverClientGrpc.java:175)
	at org.apache.hadoop.hdds.scm.XceiverClientGrpc.reconnect(XceiverClientGrpc.java:423)
	at org.apache.hadoop.hdds.scm.XceiverClientGrpc.sendCommandAsync(XceiverClientGrpc.java:372)
	at org.apache.hadoop.hdds.scm.XceiverClientGrpc.sendCommandWithRetry(XceiverClientGrpc.java:285)
	at org.apache.hadoop.hdds.scm.XceiverClientGrpc.sendCommandWithTraceIDAndRetry(XceiverClientGrpc.java:251)
	at org.apache.hadoop.hdds.scm.XceiverClientGrpc.sendCommand(XceiverClientGrpc.java:234)
	at org.apache.hadoop.hdds.scm.storage.ContainerProtocolCalls.getBlock(ContainerProtocolCalls.java:118)
	at org.apache.hadoop.hdds.scm.storage.BlockInputStream.getChunkInfos(BlockInputStream.java:167)
	at org.apache.hadoop.hdds.scm.storage.BlockInputStream.initialize(BlockInputStream.java:118)
	at org.apache.hadoop.hdds.scm.storage.BlockInputStream.read(BlockInputStream.java:222)
	at org.apache.hadoop.ozone.client.io.KeyInputStream.read(KeyInputStream.java:171)
	at org.apache.hadoop.ozone.client.io.OzoneInputStream.read(OzoneInputStream.java:47)
	at java.io.InputStream.read(InputStream.java:101)
	at org.apache.hadoop.ozone.container.ContainerTestHelper.validateData(ContainerTestHelper.java:714)
	at org.apache.hadoop.ozone.client.rpc.TestBlockOutputStreamWithFailures.validateData(TestBlockOutputStreamWithFailures.java:1216)
	at org.apache.hadoop.ozone.client.rpc.TestBlockOutputStreamWithFailures.testWatchForCommitWithSingleNodeRatis(TestBlockOutputStreamWithFailures.java:918)
	at sun.reflect.NativeMethodAccessorImpl.invoke0(Native Method)
	at sun.reflect.NativeMethodAccessorImpl.invoke(NativeMethodAccessorImpl.java:62)
	at sun.reflect.DelegatingMethodAccessorImpl.invoke(DelegatingMethodAccessorImpl.java:43)
	at java.lang.reflect.Method.invoke(Method.java:498)
	at org.junit.runners.model.FrameworkMethod$1.runReflectiveCall(FrameworkMethod.java:47)
	at org.junit.internal.runners.model.ReflectiveCallable.run(ReflectiveCallable.java:12)
	at org.junit.runners.model.FrameworkMethod.invokeExplosively(FrameworkMethod.java:44)
	at org.junit.internal.runners.statements.InvokeMethod.evaluate(InvokeMethod.java:17)
	at org.junit.internal.runners.statements.RunBefores.evaluate(RunBefores.java:26)
	at org.junit.internal.runners.statements.RunAfters.evaluate(RunAfters.java:27)
	at org.junit.runners.ParentRunner.runLeaf(ParentRunner.java:271)
	at org.junit.runners.BlockJUnit4ClassRunner.runChild(BlockJUnit4ClassRunner.java:70)
	at org.junit.runners.BlockJUnit4ClassRunner.runChild(BlockJUnit4ClassRunner.java:50)
	at org.junit.runners.ParentRunner$3.run(ParentRunner.java:238)
	at org.junit.runners.ParentRunner$1.schedule(ParentRunner.java:63)
	at org.junit.runners.ParentRunner.runChildren(ParentRunner.java:236)
	at org.junit.runners.ParentRunner.access$000(ParentRunner.java:53)
	at org.junit.runners.ParentRunner$2.evaluate(ParentRunner.java:229)
	at org.junit.runners.ParentRunner.run(ParentRunner.java:309)
	at org.apache.maven.surefire.junit4.JUnit4Provider.execute(JUnit4Provider.java:365)
	at org.apache.maven.surefire.junit4.JUnit4Provider.executeWithRerun(JUnit4Provider.java:273)
	at org.apache.maven.surefire.junit4.JUnit4Provider.executeTestSet(JUnit4Provider.java:238)
	at org.apache.maven.surefire.junit4.JUnit4Provider.invoke(JUnit4Provider.java:159)
	at org.apache.maven.surefire.booter.ForkedBooter.invokeProviderInSameClassLoader(ForkedBooter.java:384)
	at org.apache.maven.surefire.booter.ForkedBooter.runSuitesInProcess(ForkedBooter.java:345)
	at org.apache.maven.surefire.booter.ForkedBooter.execute(ForkedBooter.java:126)
	at org.apache.maven.surefire.booter.ForkedBooter.main(ForkedBooter.java:418)

Sep 05, 2019 7:14:39 PM org.apache.ratis.thirdparty.io.grpc.internal.ManagedChannelOrphanWrapper$ManagedChannelReference cleanQueue
SEVERE: *~*~*~ Channel ManagedChannelImpl{logId=2629, target=192.168.34.27:46614} was not shutdown properly!!! ~*~*~*
    Make sure to call shutdown()/shutdownNow() and wait until awaitTermination() returns true.
java.lang.RuntimeException: ManagedChannel allocation site
	at org.apache.ratis.thirdparty.io.grpc.internal.ManagedChannelOrphanWrapper$ManagedChannelReference.<init>(ManagedChannelOrphanWrapper.java:103)
	at org.apache.ratis.thirdparty.io.grpc.internal.ManagedChannelOrphanWrapper.<init>(ManagedChannelOrphanWrapper.java:53)
	at org.apache.ratis.thirdparty.io.grpc.internal.ManagedChannelOrphanWrapper.<init>(ManagedChannelOrphanWrapper.java:44)
	at org.apache.ratis.thirdparty.io.grpc.internal.AbstractManagedChannelImplBuilder.build(AbstractManagedChannelImplBuilder.java:411)
	at org.apache.ratis.grpc.client.GrpcClientProtocolClient.<init>(GrpcClientProtocolClient.java:119)
	at org.apache.ratis.grpc.client.GrpcClientRpc.lambda$new$0(GrpcClientRpc.java:55)
	at org.apache.ratis.util.PeerProxyMap$PeerAndProxy.lambda$getProxy$0(PeerProxyMap.java:61)
	at org.apache.ratis.util.LifeCycle.startAndTransition(LifeCycle.java:202)
	at org.apache.ratis.util.PeerProxyMap$PeerAndProxy.getProxy(PeerProxyMap.java:60)
	at org.apache.ratis.util.PeerProxyMap.getProxy(PeerProxyMap.java:107)
	at org.apache.ratis.grpc.client.GrpcClientRpc.sendRequestAsync(GrpcClientRpc.java:66)
	at org.apache.ratis.client.impl.OrderedAsync.sendRequest(OrderedAsync.java:208)
	at org.apache.ratis.client.impl.OrderedAsync.sendRequestWithRetry(OrderedAsync.java:169)
	at org.apache.ratis.util.SlidingWindow$Client.sendOrDelayRequest(SlidingWindow.java:278)
	at org.apache.ratis.util.SlidingWindow$Client.submitNewRequest(SlidingWindow.java:257)
	at org.apache.ratis.client.impl.OrderedAsync.send(OrderedAsync.java:155)
	at org.apache.ratis.client.impl.RaftClientImpl.sendAsync(RaftClientImpl.java:145)
	at org.apache.ratis.client.impl.RaftClientImpl.sendAsync(RaftClientImpl.java:125)
	at org.apache.hadoop.hdds.scm.XceiverClientRatis.sendRequestAsync(XceiverClientRatis.java:224)
	at org.apache.hadoop.hdds.scm.XceiverClientRatis.sendCommandAsync(XceiverClientRatis.java:302)
	at org.apache.hadoop.hdds.scm.storage.ContainerProtocolCalls.writeChunkAsync(ContainerProtocolCalls.java:310)
	at org.apache.hadoop.hdds.scm.storage.BlockOutputStream.writeChunkToContainer(BlockOutputStream.java:601)
	at org.apache.hadoop.hdds.scm.storage.BlockOutputStream.writeChunk(BlockOutputStream.java:459)
	at org.apache.hadoop.hdds.scm.storage.BlockOutputStream.writeOnRetry(BlockOutputStream.java:285)
	at org.apache.hadoop.ozone.client.io.BlockOutputStreamEntry.writeOnRetry(BlockOutputStreamEntry.java:200)
	at org.apache.hadoop.ozone.client.io.KeyOutputStream.handleWrite(KeyOutputStream.java:209)
	at org.apache.hadoop.ozone.client.io.KeyOutputStream.handleRetry(KeyOutputStream.java:376)
	at org.apache.hadoop.ozone.client.io.KeyOutputStream.handleException(KeyOutputStream.java:325)
	at org.apache.hadoop.ozone.client.io.KeyOutputStream.handleFlushOrClose(KeyOutputStream.java:448)
	at org.apache.hadoop.ozone.client.io.KeyOutputStream.handleWrite(KeyOutputStream.java:235)
	at org.apache.hadoop.ozone.client.io.KeyOutputStream.write(KeyOutputStream.java:193)
	at org.apache.hadoop.ozone.client.io.OzoneOutputStream.write(OzoneOutputStream.java:49)
	at java.io.OutputStream.write(OutputStream.java:75)
	at org.apache.hadoop.ozone.client.rpc.TestBlockOutputStreamWithFailures.testWatchForCommitWithSingleNodeRatis(TestBlockOutputStreamWithFailures.java:885)
	at sun.reflect.NativeMethodAccessorImpl.invoke0(Native Method)
	at sun.reflect.NativeMethodAccessorImpl.invoke(NativeMethodAccessorImpl.java:62)
	at sun.reflect.DelegatingMethodAccessorImpl.invoke(DelegatingMethodAccessorImpl.java:43)
	at java.lang.reflect.Method.invoke(Method.java:498)
	at org.junit.runners.model.FrameworkMethod$1.runReflectiveCall(FrameworkMethod.java:47)
	at org.junit.internal.runners.model.ReflectiveCallable.run(ReflectiveCallable.java:12)
	at org.junit.runners.model.FrameworkMethod.invokeExplosively(FrameworkMethod.java:44)
	at org.junit.internal.runners.statements.InvokeMethod.evaluate(InvokeMethod.java:17)
	at org.junit.internal.runners.statements.RunBefores.evaluate(RunBefores.java:26)
	at org.junit.internal.runners.statements.RunAfters.evaluate(RunAfters.java:27)
	at org.junit.runners.ParentRunner.runLeaf(ParentRunner.java:271)
	at org.junit.runners.BlockJUnit4ClassRunner.runChild(BlockJUnit4ClassRunner.java:70)
	at org.junit.runners.BlockJUnit4ClassRunner.runChild(BlockJUnit4ClassRunner.java:50)
	at org.junit.runners.ParentRunner$3.run(ParentRunner.java:238)
	at org.junit.runners.ParentRunner$1.schedule(ParentRunner.java:63)
	at org.junit.runners.ParentRunner.runChildren(ParentRunner.java:236)
	at org.junit.runners.ParentRunner.access$000(ParentRunner.java:53)
	at org.junit.runners.ParentRunner$2.evaluate(ParentRunner.java:229)
	at org.junit.runners.ParentRunner.run(ParentRunner.java:309)
	at org.apache.maven.surefire.junit4.JUnit4Provider.execute(JUnit4Provider.java:365)
	at org.apache.maven.surefire.junit4.JUnit4Provider.executeWithRerun(JUnit4Provider.java:273)
	at org.apache.maven.surefire.junit4.JUnit4Provider.executeTestSet(JUnit4Provider.java:238)
	at org.apache.maven.surefire.junit4.JUnit4Provider.invoke(JUnit4Provider.java:159)
	at org.apache.maven.surefire.booter.ForkedBooter.invokeProviderInSameClassLoader(ForkedBooter.java:384)
	at org.apache.maven.surefire.booter.ForkedBooter.runSuitesInProcess(ForkedBooter.java:345)
	at org.apache.maven.surefire.booter.ForkedBooter.execute(ForkedBooter.java:126)
	at org.apache.maven.surefire.booter.ForkedBooter.main(ForkedBooter.java:418)

Sep 05, 2019 7:14:39 PM org.apache.ratis.thirdparty.io.grpc.internal.ManagedChannelOrphanWrapper$ManagedChannelReference cleanQueue
SEVERE: *~*~*~ Channel ManagedChannelImpl{logId=3295, target=192.168.34.27:41786} was not shutdown properly!!! ~*~*~*
    Make sure to call shutdown()/shutdownNow() and wait until awaitTermination() returns true.
java.lang.RuntimeException: ManagedChannel allocation site
	at org.apache.ratis.thirdparty.io.grpc.internal.ManagedChannelOrphanWrapper$ManagedChannelReference.<init>(ManagedChannelOrphanWrapper.java:103)
	at org.apache.ratis.thirdparty.io.grpc.internal.ManagedChannelOrphanWrapper.<init>(ManagedChannelOrphanWrapper.java:53)
	at org.apache.ratis.thirdparty.io.grpc.internal.ManagedChannelOrphanWrapper.<init>(ManagedChannelOrphanWrapper.java:44)
	at org.apache.ratis.thirdparty.io.grpc.internal.AbstractManagedChannelImplBuilder.build(AbstractManagedChannelImplBuilder.java:411)
	at org.apache.ratis.grpc.client.GrpcClientProtocolClient.<init>(GrpcClientProtocolClient.java:119)
	at org.apache.ratis.grpc.client.GrpcClientRpc.lambda$new$0(GrpcClientRpc.java:55)
	at org.apache.ratis.util.PeerProxyMap$PeerAndProxy.lambda$getProxy$0(PeerProxyMap.java:61)
	at org.apache.ratis.util.LifeCycle.startAndTransition(LifeCycle.java:202)
	at org.apache.ratis.util.PeerProxyMap$PeerAndProxy.getProxy(PeerProxyMap.java:60)
	at org.apache.ratis.util.PeerProxyMap.getProxy(PeerProxyMap.java:107)
	at org.apache.ratis.grpc.client.GrpcClientRpc.sendRequestAsync(GrpcClientRpc.java:66)
	at org.apache.ratis.client.impl.OrderedAsync.sendRequest(OrderedAsync.java:208)
	at org.apache.ratis.client.impl.OrderedAsync.sendRequestWithRetry(OrderedAsync.java:169)
	at org.apache.ratis.util.SlidingWindow$Client.sendOrDelayRequest(SlidingWindow.java:278)
	at org.apache.ratis.util.SlidingWindow$Client.retry(SlidingWindow.java:294)
	at org.apache.ratis.client.impl.OrderedAsync.lambda$scheduleWithTimeout$7(OrderedAsync.java:195)
	at org.apache.ratis.util.TimeoutScheduler.lambda$onTimeout$0(TimeoutScheduler.java:85)
	at org.apache.ratis.util.TimeoutScheduler.lambda$onTimeout$1(TimeoutScheduler.java:104)
	at org.apache.ratis.util.LogUtils.runAndLog(LogUtils.java:50)
	at org.apache.ratis.util.LogUtils$1.run(LogUtils.java:91)
	at java.util.concurrent.Executors$RunnableAdapter.call(Executors.java:511)
	at java.util.concurrent.FutureTask.run(FutureTask.java:266)
	at java.util.concurrent.ScheduledThreadPoolExecutor$ScheduledFutureTask.access$201(ScheduledThreadPoolExecutor.java:180)
	at java.util.concurrent.ScheduledThreadPoolExecutor$ScheduledFutureTask.run(ScheduledThreadPoolExecutor.java:293)
	at java.util.concurrent.ThreadPoolExecutor.runWorker(ThreadPoolExecutor.java:1149)
	at java.util.concurrent.ThreadPoolExecutor$Worker.run(ThreadPoolExecutor.java:624)
	at java.lang.Thread.run(Thread.java:748)

Sep 05, 2019 7:14:39 PM org.apache.ratis.thirdparty.io.grpc.internal.ManagedChannelOrphanWrapper$ManagedChannelReference cleanQueue
SEVERE: *~*~*~ Channel ManagedChannelImpl{logId=2954, target=192.168.34.27:40514} was not shutdown properly!!! ~*~*~*
    Make sure to call shutdown()/shutdownNow() and wait until awaitTermination() returns true.
java.lang.RuntimeException: ManagedChannel allocation site
	at org.apache.ratis.thirdparty.io.grpc.internal.ManagedChannelOrphanWrapper$ManagedChannelReference.<init>(ManagedChannelOrphanWrapper.java:103)
	at org.apache.ratis.thirdparty.io.grpc.internal.ManagedChannelOrphanWrapper.<init>(ManagedChannelOrphanWrapper.java:53)
	at org.apache.ratis.thirdparty.io.grpc.internal.ManagedChannelOrphanWrapper.<init>(ManagedChannelOrphanWrapper.java:44)
	at org.apache.ratis.thirdparty.io.grpc.internal.AbstractManagedChannelImplBuilder.build(AbstractManagedChannelImplBuilder.java:411)
	at org.apache.ratis.grpc.client.GrpcClientProtocolClient.<init>(GrpcClientProtocolClient.java:119)
	at org.apache.ratis.grpc.client.GrpcClientRpc.lambda$new$0(GrpcClientRpc.java:55)
	at org.apache.ratis.util.PeerProxyMap$PeerAndProxy.lambda$getProxy$0(PeerProxyMap.java:61)
	at org.apache.ratis.util.LifeCycle.startAndTransition(LifeCycle.java:202)
	at org.apache.ratis.util.PeerProxyMap$PeerAndProxy.getProxy(PeerProxyMap.java:60)
	at org.apache.ratis.util.PeerProxyMap.getProxy(PeerProxyMap.java:107)
	at org.apache.ratis.grpc.client.GrpcClientRpc.sendRequestAsync(GrpcClientRpc.java:66)
	at org.apache.ratis.client.impl.OrderedAsync.sendRequest(OrderedAsync.java:208)
	at org.apache.ratis.client.impl.OrderedAsync.sendRequestWithRetry(OrderedAsync.java:169)
	at org.apache.ratis.util.SlidingWindow$Client.sendOrDelayRequest(SlidingWindow.java:278)
	at org.apache.ratis.util.SlidingWindow$Client.submitNewRequest(SlidingWindow.java:257)
	at org.apache.ratis.client.impl.OrderedAsync.send(OrderedAsync.java:155)
	at org.apache.ratis.client.impl.RaftClientImpl.sendAsync(RaftClientImpl.java:145)
	at org.apache.ratis.client.impl.RaftClientImpl.sendAsync(RaftClientImpl.java:125)
	at org.apache.hadoop.hdds.scm.XceiverClientRatis.sendRequestAsync(XceiverClientRatis.java:224)
	at org.apache.hadoop.hdds.scm.XceiverClientRatis.sendCommandAsync(XceiverClientRatis.java:302)
	at org.apache.hadoop.hdds.scm.storage.ContainerProtocolCalls.writeChunkAsync(ContainerProtocolCalls.java:310)
	at org.apache.hadoop.hdds.scm.storage.BlockOutputStream.writeChunkToContainer(BlockOutputStream.java:601)
	at org.apache.hadoop.hdds.scm.storage.BlockOutputStream.writeChunk(BlockOutputStream.java:459)
	at org.apache.hadoop.hdds.scm.storage.BlockOutputStream.write(BlockOutputStream.java:240)
	at org.apache.hadoop.ozone.client.io.BlockOutputStreamEntry.write(BlockOutputStreamEntry.java:129)
	at org.apache.hadoop.ozone.client.io.KeyOutputStream.handleWrite(KeyOutputStream.java:211)
	at org.apache.hadoop.ozone.client.io.KeyOutputStream.write(KeyOutputStream.java:193)
	at org.apache.hadoop.ozone.client.io.OzoneOutputStream.write(OzoneOutputStream.java:49)
	at java.io.OutputStream.write(OutputStream.java:75)
	at org.apache.hadoop.ozone.client.rpc.TestBlockOutputStreamWithFailures.testWatchForCommitDatanodeFailure(TestBlockOutputStreamWithFailures.java:363)
	at sun.reflect.NativeMethodAccessorImpl.invoke0(Native Method)
	at sun.reflect.NativeMethodAccessorImpl.invoke(NativeMethodAccessorImpl.java:62)
	at sun.reflect.DelegatingMethodAccessorImpl.invoke(DelegatingMethodAccessorImpl.java:43)
	at java.lang.reflect.Method.invoke(Method.java:498)
	at org.junit.runners.model.FrameworkMethod$1.runReflectiveCall(FrameworkMethod.java:47)
	at org.junit.internal.runners.model.ReflectiveCallable.run(ReflectiveCallable.java:12)
	at org.junit.runners.model.FrameworkMethod.invokeExplosively(FrameworkMethod.java:44)
	at org.junit.internal.runners.statements.InvokeMethod.evaluate(InvokeMethod.java:17)
	at org.junit.internal.runners.statements.RunBefores.evaluate(RunBefores.java:26)
	at org.junit.internal.runners.statements.RunAfters.evaluate(RunAfters.java:27)
	at org.junit.runners.ParentRunner.runLeaf(ParentRunner.java:271)
	at org.junit.runners.BlockJUnit4ClassRunner.runChild(BlockJUnit4ClassRunner.java:70)
	at org.junit.runners.BlockJUnit4ClassRunner.runChild(BlockJUnit4ClassRunner.java:50)
	at org.junit.runners.ParentRunner$3.run(ParentRunner.java:238)
	at org.junit.runners.ParentRunner$1.schedule(ParentRunner.java:63)
	at org.junit.runners.ParentRunner.runChildren(ParentRunner.java:236)
	at org.junit.runners.ParentRunner.access$000(ParentRunner.java:53)
	at org.junit.runners.ParentRunner$2.evaluate(ParentRunner.java:229)
	at org.junit.runners.ParentRunner.run(ParentRunner.java:309)
	at org.apache.maven.surefire.junit4.JUnit4Provider.execute(JUnit4Provider.java:365)
	at org.apache.maven.surefire.junit4.JUnit4Provider.executeWithRerun(JUnit4Provider.java:273)
	at org.apache.maven.surefire.junit4.JUnit4Provider.executeTestSet(JUnit4Provider.java:238)
	at org.apache.maven.surefire.junit4.JUnit4Provider.invoke(JUnit4Provider.java:159)
	at org.apache.maven.surefire.booter.ForkedBooter.invokeProviderInSameClassLoader(ForkedBooter.java:384)
	at org.apache.maven.surefire.booter.ForkedBooter.runSuitesInProcess(ForkedBooter.java:345)
	at org.apache.maven.surefire.booter.ForkedBooter.execute(ForkedBooter.java:126)
	at org.apache.maven.surefire.booter.ForkedBooter.main(ForkedBooter.java:418)

Sep 05, 2019 7:14:39 PM org.apache.ratis.thirdparty.io.grpc.internal.ManagedChannelOrphanWrapper$ManagedChannelReference cleanQueue
SEVERE: *~*~*~ Channel ManagedChannelImpl{logId=2976, target=192.168.34.27:44647} was not shutdown properly!!! ~*~*~*
    Make sure to call shutdown()/shutdownNow() and wait until awaitTermination() returns true.
java.lang.RuntimeException: ManagedChannel allocation site
	at org.apache.ratis.thirdparty.io.grpc.internal.ManagedChannelOrphanWrapper$ManagedChannelReference.<init>(ManagedChannelOrphanWrapper.java:103)
	at org.apache.ratis.thirdparty.io.grpc.internal.ManagedChannelOrphanWrapper.<init>(ManagedChannelOrphanWrapper.java:53)
	at org.apache.ratis.thirdparty.io.grpc.internal.ManagedChannelOrphanWrapper.<init>(ManagedChannelOrphanWrapper.java:44)
	at org.apache.ratis.thirdparty.io.grpc.internal.AbstractManagedChannelImplBuilder.build(AbstractManagedChannelImplBuilder.java:411)
	at org.apache.hadoop.hdds.scm.XceiverClientGrpc.connectToDatanode(XceiverClientGrpc.java:175)
	at org.apache.hadoop.hdds.scm.XceiverClientGrpc.reconnect(XceiverClientGrpc.java:423)
	at org.apache.hadoop.hdds.scm.XceiverClientGrpc.sendCommandAsync(XceiverClientGrpc.java:372)
	at org.apache.hadoop.hdds.scm.XceiverClientGrpc.sendCommandWithRetry(XceiverClientGrpc.java:285)
	at org.apache.hadoop.hdds.scm.XceiverClientGrpc.sendCommandWithTraceIDAndRetry(XceiverClientGrpc.java:251)
	at org.apache.hadoop.hdds.scm.XceiverClientGrpc.sendCommand(XceiverClientGrpc.java:234)
	at org.apache.hadoop.hdds.scm.storage.ContainerProtocolCalls.readChunk(ContainerProtocolCalls.java:245)
	at org.apache.hadoop.hdds.scm.storage.ChunkInputStream.readChunk(ChunkInputStream.java:335)
	at org.apache.hadoop.hdds.scm.storage.ChunkInputStream.readChunkFromContainer(ChunkInputStream.java:307)
	at org.apache.hadoop.hdds.scm.storage.ChunkInputStream.prepareRead(ChunkInputStream.java:259)
	at org.apache.hadoop.hdds.scm.storage.ChunkInputStream.read(ChunkInputStream.java:144)
	at org.apache.hadoop.hdds.scm.storage.BlockInputStream.read(BlockInputStream.java:239)
	at org.apache.hadoop.ozone.client.io.KeyInputStream.read(KeyInputStream.java:171)
	at org.apache.hadoop.ozone.client.io.OzoneInputStream.read(OzoneInputStream.java:47)
	at java.io.InputStream.read(InputStream.java:101)
	at org.apache.hadoop.ozone.container.ContainerTestHelper.validateData(ContainerTestHelper.java:714)
	at org.apache.hadoop.ozone.client.rpc.TestBlockOutputStreamWithFailures.validateData(TestBlockOutputStreamWithFailures.java:1216)
	at org.apache.hadoop.ozone.client.rpc.TestBlockOutputStreamWithFailures.testWatchForCommitDatanodeFailure(TestBlockOutputStreamWithFailures.java:393)
	at sun.reflect.NativeMethodAccessorImpl.invoke0(Native Method)
	at sun.reflect.NativeMethodAccessorImpl.invoke(NativeMethodAccessorImpl.java:62)
	at sun.reflect.DelegatingMethodAccessorImpl.invoke(DelegatingMethodAccessorImpl.java:43)
	at java.lang.reflect.Method.invoke(Method.java:498)
	at org.junit.runners.model.FrameworkMethod$1.runReflectiveCall(FrameworkMethod.java:47)
	at org.junit.internal.runners.model.ReflectiveCallable.run(ReflectiveCallable.java:12)
	at org.junit.runners.model.FrameworkMethod.invokeExplosively(FrameworkMethod.java:44)
	at org.junit.internal.runners.statements.InvokeMethod.evaluate(InvokeMethod.java:17)
	at org.junit.internal.runners.statements.RunBefores.evaluate(RunBefores.java:26)
	at org.junit.internal.runners.statements.RunAfters.evaluate(RunAfters.java:27)
	at org.junit.runners.ParentRunner.runLeaf(ParentRunner.java:271)
	at org.junit.runners.BlockJUnit4ClassRunner.runChild(BlockJUnit4ClassRunner.java:70)
	at org.junit.runners.BlockJUnit4ClassRunner.runChild(BlockJUnit4ClassRunner.java:50)
	at org.junit.runners.ParentRunner$3.run(ParentRunner.java:238)
	at org.junit.runners.ParentRunner$1.schedule(ParentRunner.java:63)
	at org.junit.runners.ParentRunner.runChildren(ParentRunner.java:236)
	at org.junit.runners.ParentRunner.access$000(ParentRunner.java:53)
	at org.junit.runners.ParentRunner$2.evaluate(ParentRunner.java:229)
	at org.junit.runners.ParentRunner.run(ParentRunner.java:309)
	at org.apache.maven.surefire.junit4.JUnit4Provider.execute(JUnit4Provider.java:365)
	at org.apache.maven.surefire.junit4.JUnit4Provider.executeWithRerun(JUnit4Provider.java:273)
	at org.apache.maven.surefire.junit4.JUnit4Provider.executeTestSet(JUnit4Provider.java:238)
	at org.apache.maven.surefire.junit4.JUnit4Provider.invoke(JUnit4Provider.java:159)
	at org.apache.maven.surefire.booter.ForkedBooter.invokeProviderInSameClassLoader(ForkedBooter.java:384)
	at org.apache.maven.surefire.booter.ForkedBooter.runSuitesInProcess(ForkedBooter.java:345)
	at org.apache.maven.surefire.booter.ForkedBooter.execute(ForkedBooter.java:126)
	at org.apache.maven.surefire.booter.ForkedBooter.main(ForkedBooter.java:418)

Sep 05, 2019 7:14:39 PM org.apache.ratis.thirdparty.io.grpc.internal.ManagedChannelOrphanWrapper$ManagedChannelReference cleanQueue
SEVERE: *~*~*~ Channel ManagedChannelImpl{logId=2980, target=192.168.34.27:44682} was not shutdown properly!!! ~*~*~*
    Make sure to call shutdown()/shutdownNow() and wait until awaitTermination() returns true.
java.lang.RuntimeException: ManagedChannel allocation site
	at org.apache.ratis.thirdparty.io.grpc.internal.ManagedChannelOrphanWrapper$ManagedChannelReference.<init>(ManagedChannelOrphanWrapper.java:103)
	at org.apache.ratis.thirdparty.io.grpc.internal.ManagedChannelOrphanWrapper.<init>(ManagedChannelOrphanWrapper.java:53)
	at org.apache.ratis.thirdparty.io.grpc.internal.ManagedChannelOrphanWrapper.<init>(ManagedChannelOrphanWrapper.java:44)
	at org.apache.ratis.thirdparty.io.grpc.internal.AbstractManagedChannelImplBuilder.build(AbstractManagedChannelImplBuilder.java:411)
	at org.apache.hadoop.hdds.scm.XceiverClientGrpc.connectToDatanode(XceiverClientGrpc.java:175)
	at org.apache.hadoop.hdds.scm.XceiverClientGrpc.reconnect(XceiverClientGrpc.java:423)
	at org.apache.hadoop.hdds.scm.XceiverClientGrpc.sendCommandAsync(XceiverClientGrpc.java:372)
	at org.apache.hadoop.hdds.scm.XceiverClientGrpc.sendCommandWithRetry(XceiverClientGrpc.java:285)
	at org.apache.hadoop.hdds.scm.XceiverClientGrpc.sendCommandWithTraceIDAndRetry(XceiverClientGrpc.java:251)
	at org.apache.hadoop.hdds.scm.XceiverClientGrpc.sendCommand(XceiverClientGrpc.java:234)
	at org.apache.hadoop.hdds.scm.storage.ContainerProtocolCalls.readChunk(ContainerProtocolCalls.java:245)
	at org.apache.hadoop.hdds.scm.storage.ChunkInputStream.readChunk(ChunkInputStream.java:335)
	at org.apache.hadoop.hdds.scm.storage.ChunkInputStream.readChunkFromContainer(ChunkInputStream.java:307)
	at org.apache.hadoop.hdds.scm.storage.ChunkInputStream.prepareRead(ChunkInputStream.java:259)
	at org.apache.hadoop.hdds.scm.storage.ChunkInputStream.read(ChunkInputStream.java:144)
	at org.apache.hadoop.hdds.scm.storage.BlockInputStream.read(BlockInputStream.java:239)
	at org.apache.hadoop.ozone.client.io.KeyInputStream.read(KeyInputStream.java:171)
	at org.apache.hadoop.ozone.client.io.OzoneInputStream.read(OzoneInputStream.java:47)
	at java.io.InputStream.read(InputStream.java:101)
	at org.apache.hadoop.ozone.container.ContainerTestHelper.validateData(ContainerTestHelper.java:714)
	at org.apache.hadoop.ozone.client.rpc.TestBlockOutputStreamWithFailures.validateData(TestBlockOutputStreamWithFailures.java:1216)
	at org.apache.hadoop.ozone.client.rpc.TestBlockOutputStreamWithFailures.testWatchForCommitDatanodeFailure(TestBlockOutputStreamWithFailures.java:393)
	at sun.reflect.NativeMethodAccessorImpl.invoke0(Native Method)
	at sun.reflect.NativeMethodAccessorImpl.invoke(NativeMethodAccessorImpl.java:62)
	at sun.reflect.DelegatingMethodAccessorImpl.invoke(DelegatingMethodAccessorImpl.java:43)
	at java.lang.reflect.Method.invoke(Method.java:498)
	at org.junit.runners.model.FrameworkMethod$1.runReflectiveCall(FrameworkMethod.java:47)
	at org.junit.internal.runners.model.ReflectiveCallable.run(ReflectiveCallable.java:12)
	at org.junit.runners.model.FrameworkMethod.invokeExplosively(FrameworkMethod.java:44)
	at org.junit.internal.runners.statements.InvokeMethod.evaluate(InvokeMethod.java:17)
	at org.junit.internal.runners.statements.RunBefores.evaluate(RunBefores.java:26)
	at org.junit.internal.runners.statements.RunAfters.evaluate(RunAfters.java:27)
	at org.junit.runners.ParentRunner.runLeaf(ParentRunner.java:271)
	at org.junit.runners.BlockJUnit4ClassRunner.runChild(BlockJUnit4ClassRunner.java:70)
	at org.junit.runners.BlockJUnit4ClassRunner.runChild(BlockJUnit4ClassRunner.java:50)
	at org.junit.runners.ParentRunner$3.run(ParentRunner.java:238)
	at org.junit.runners.ParentRunner$1.schedule(ParentRunner.java:63)
	at org.junit.runners.ParentRunner.runChildren(ParentRunner.java:236)
	at org.junit.runners.ParentRunner.access$000(ParentRunner.java:53)
	at org.junit.runners.ParentRunner$2.evaluate(ParentRunner.java:229)
	at org.junit.runners.ParentRunner.run(ParentRunner.java:309)
	at org.apache.maven.surefire.junit4.JUnit4Provider.execute(JUnit4Provider.java:365)
	at org.apache.maven.surefire.junit4.JUnit4Provider.executeWithRerun(JUnit4Provider.java:273)
	at org.apache.maven.surefire.junit4.JUnit4Provider.executeTestSet(JUnit4Provider.java:238)
	at org.apache.maven.surefire.junit4.JUnit4Provider.invoke(JUnit4Provider.java:159)
	at org.apache.maven.surefire.booter.ForkedBooter.invokeProviderInSameClassLoader(ForkedBooter.java:384)
	at org.apache.maven.surefire.booter.ForkedBooter.runSuitesInProcess(ForkedBooter.java:345)
	at org.apache.maven.surefire.booter.ForkedBooter.execute(ForkedBooter.java:126)
	at org.apache.maven.surefire.booter.ForkedBooter.main(ForkedBooter.java:418)

Sep 05, 2019 7:14:39 PM org.apache.ratis.thirdparty.io.grpc.internal.ManagedChannelOrphanWrapper$ManagedChannelReference cleanQueue
SEVERE: *~*~*~ Channel ManagedChannelImpl{logId=3328, target=192.168.34.27:32875} was not shutdown properly!!! ~*~*~*
    Make sure to call shutdown()/shutdownNow() and wait until awaitTermination() returns true.
java.lang.RuntimeException: ManagedChannel allocation site
	at org.apache.ratis.thirdparty.io.grpc.internal.ManagedChannelOrphanWrapper$ManagedChannelReference.<init>(ManagedChannelOrphanWrapper.java:103)
	at org.apache.ratis.thirdparty.io.grpc.internal.ManagedChannelOrphanWrapper.<init>(ManagedChannelOrphanWrapper.java:53)
	at org.apache.ratis.thirdparty.io.grpc.internal.ManagedChannelOrphanWrapper.<init>(ManagedChannelOrphanWrapper.java:44)
	at org.apache.ratis.thirdparty.io.grpc.internal.AbstractManagedChannelImplBuilder.build(AbstractManagedChannelImplBuilder.java:411)
	at org.apache.hadoop.hdds.scm.XceiverClientGrpc.connectToDatanode(XceiverClientGrpc.java:175)
	at org.apache.hadoop.hdds.scm.XceiverClientGrpc.reconnect(XceiverClientGrpc.java:423)
	at org.apache.hadoop.hdds.scm.XceiverClientGrpc.sendCommandAsync(XceiverClientGrpc.java:372)
	at org.apache.hadoop.hdds.scm.XceiverClientGrpc.sendCommandWithRetry(XceiverClientGrpc.java:285)
	at org.apache.hadoop.hdds.scm.XceiverClientGrpc.sendCommandWithTraceIDAndRetry(XceiverClientGrpc.java:251)
	at org.apache.hadoop.hdds.scm.XceiverClientGrpc.sendCommand(XceiverClientGrpc.java:234)
	at org.apache.hadoop.hdds.scm.storage.ContainerProtocolCalls.readChunk(ContainerProtocolCalls.java:245)
	at org.apache.hadoop.hdds.scm.storage.ChunkInputStream.readChunk(ChunkInputStream.java:335)
	at org.apache.hadoop.hdds.scm.storage.ChunkInputStream.readChunkFromContainer(ChunkInputStream.java:307)
	at org.apache.hadoop.hdds.scm.storage.ChunkInputStream.prepareRead(ChunkInputStream.java:259)
	at org.apache.hadoop.hdds.scm.storage.ChunkInputStream.read(ChunkInputStream.java:144)
	at org.apache.hadoop.hdds.scm.storage.BlockInputStream.read(BlockInputStream.java:239)
	at org.apache.hadoop.ozone.client.io.KeyInputStream.read(KeyInputStream.java:171)
	at org.apache.hadoop.ozone.client.io.OzoneInputStream.read(OzoneInputStream.java:47)
	at java.io.InputStream.read(InputStream.java:101)
	at org.apache.hadoop.ozone.container.ContainerTestHelper.validateData(ContainerTestHelper.java:714)
	at org.apache.hadoop.ozone.client.rpc.TestBlockOutputStreamWithFailures.validateData(TestBlockOutputStreamWithFailures.java:1216)
	at org.apache.hadoop.ozone.client.rpc.TestBlockOutputStreamWithFailures.testFailureWithPrimeSizedData(TestBlockOutputStreamWithFailures.java:662)
	at sun.reflect.NativeMethodAccessorImpl.invoke0(Native Method)
	at sun.reflect.NativeMethodAccessorImpl.invoke(NativeMethodAccessorImpl.java:62)
	at sun.reflect.DelegatingMethodAccessorImpl.invoke(DelegatingMethodAccessorImpl.java:43)
	at java.lang.reflect.Method.invoke(Method.java:498)
	at org.junit.runners.model.FrameworkMethod$1.runReflectiveCall(FrameworkMethod.java:47)
	at org.junit.internal.runners.model.ReflectiveCallable.run(ReflectiveCallable.java:12)
	at org.junit.runners.model.FrameworkMethod.invokeExplosively(FrameworkMethod.java:44)
	at org.junit.internal.runners.statements.InvokeMethod.evaluate(InvokeMethod.java:17)
	at org.junit.internal.runners.statements.RunBefores.evaluate(RunBefores.java:26)
	at org.junit.internal.runners.statements.RunAfters.evaluate(RunAfters.java:27)
	at org.junit.runners.ParentRunner.runLeaf(ParentRunner.java:271)
	at org.junit.runners.BlockJUnit4ClassRunner.runChild(BlockJUnit4ClassRunner.java:70)
	at org.junit.runners.BlockJUnit4ClassRunner.runChild(BlockJUnit4ClassRunner.java:50)
	at org.junit.runners.ParentRunner$3.run(ParentRunner.java:238)
	at org.junit.runners.ParentRunner$1.schedule(ParentRunner.java:63)
	at org.junit.runners.ParentRunner.runChildren(ParentRunner.java:236)
	at org.junit.runners.ParentRunner.access$000(ParentRunner.java:53)
	at org.junit.runners.ParentRunner$2.evaluate(ParentRunner.java:229)
	at org.junit.runners.ParentRunner.run(ParentRunner.java:309)
	at org.apache.maven.surefire.junit4.JUnit4Provider.execute(JUnit4Provider.java:365)
	at org.apache.maven.surefire.junit4.JUnit4Provider.executeWithRerun(JUnit4Provider.java:273)
	at org.apache.maven.surefire.junit4.JUnit4Provider.executeTestSet(JUnit4Provider.java:238)
	at org.apache.maven.surefire.junit4.JUnit4Provider.invoke(JUnit4Provider.java:159)
	at org.apache.maven.surefire.booter.ForkedBooter.invokeProviderInSameClassLoader(ForkedBooter.java:384)
	at org.apache.maven.surefire.booter.ForkedBooter.runSuitesInProcess(ForkedBooter.java:345)
	at org.apache.maven.surefire.booter.ForkedBooter.execute(ForkedBooter.java:126)
	at org.apache.maven.surefire.booter.ForkedBooter.main(ForkedBooter.java:418)

Sep 05, 2019 7:14:39 PM org.apache.ratis.thirdparty.io.grpc.internal.ManagedChannelOrphanWrapper$ManagedChannelReference cleanQueue
SEVERE: *~*~*~ Channel ManagedChannelImpl{logId=3323, target=192.168.34.27:41007} was not shutdown properly!!! ~*~*~*
    Make sure to call shutdown()/shutdownNow() and wait until awaitTermination() returns true.
java.lang.RuntimeException: ManagedChannel allocation site
	at org.apache.ratis.thirdparty.io.grpc.internal.ManagedChannelOrphanWrapper$ManagedChannelReference.<init>(ManagedChannelOrphanWrapper.java:103)
	at org.apache.ratis.thirdparty.io.grpc.internal.ManagedChannelOrphanWrapper.<init>(ManagedChannelOrphanWrapper.java:53)
	at org.apache.ratis.thirdparty.io.grpc.internal.ManagedChannelOrphanWrapper.<init>(ManagedChannelOrphanWrapper.java:44)
	at org.apache.ratis.thirdparty.io.grpc.internal.AbstractManagedChannelImplBuilder.build(AbstractManagedChannelImplBuilder.java:411)
	at org.apache.hadoop.hdds.scm.XceiverClientGrpc.connectToDatanode(XceiverClientGrpc.java:175)
	at org.apache.hadoop.hdds.scm.XceiverClientGrpc.reconnect(XceiverClientGrpc.java:423)
	at org.apache.hadoop.hdds.scm.XceiverClientGrpc.sendCommandAsync(XceiverClientGrpc.java:372)
	at org.apache.hadoop.hdds.scm.XceiverClientGrpc.sendCommandWithRetry(XceiverClientGrpc.java:285)
	at org.apache.hadoop.hdds.scm.XceiverClientGrpc.sendCommandWithTraceIDAndRetry(XceiverClientGrpc.java:251)
	at org.apache.hadoop.hdds.scm.XceiverClientGrpc.sendCommand(XceiverClientGrpc.java:234)
	at org.apache.hadoop.hdds.scm.storage.ContainerProtocolCalls.getBlock(ContainerProtocolCalls.java:118)
	at org.apache.hadoop.hdds.scm.storage.BlockInputStream.getChunkInfos(BlockInputStream.java:167)
	at org.apache.hadoop.hdds.scm.storage.BlockInputStream.initialize(BlockInputStream.java:118)
	at org.apache.hadoop.hdds.scm.storage.BlockInputStream.read(BlockInputStream.java:222)
	at org.apache.hadoop.ozone.client.io.KeyInputStream.read(KeyInputStream.java:171)
	at org.apache.hadoop.ozone.client.io.OzoneInputStream.read(OzoneInputStream.java:47)
	at java.io.InputStream.read(InputStream.java:101)
	at org.apache.hadoop.ozone.container.ContainerTestHelper.validateData(ContainerTestHelper.java:714)
	at org.apache.hadoop.ozone.client.rpc.TestBlockOutputStreamWithFailures.validateData(TestBlockOutputStreamWithFailures.java:1216)
	at org.apache.hadoop.ozone.client.rpc.TestBlockOutputStreamWithFailures.testFailureWithPrimeSizedData(TestBlockOutputStreamWithFailures.java:662)
	at sun.reflect.NativeMethodAccessorImpl.invoke0(Native Method)
	at sun.reflect.NativeMethodAccessorImpl.invoke(NativeMethodAccessorImpl.java:62)
	at sun.reflect.DelegatingMethodAccessorImpl.invoke(DelegatingMethodAccessorImpl.java:43)
	at java.lang.reflect.Method.invoke(Method.java:498)
	at org.junit.runners.model.FrameworkMethod$1.runReflectiveCall(FrameworkMethod.java:47)
	at org.junit.internal.runners.model.ReflectiveCallable.run(ReflectiveCallable.java:12)
	at org.junit.runners.model.FrameworkMethod.invokeExplosively(FrameworkMethod.java:44)
	at org.junit.internal.runners.statements.InvokeMethod.evaluate(InvokeMethod.java:17)
	at org.junit.internal.runners.statements.RunBefores.evaluate(RunBefores.java:26)
	at org.junit.internal.runners.statements.RunAfters.evaluate(RunAfters.java:27)
	at org.junit.runners.ParentRunner.runLeaf(ParentRunner.java:271)
	at org.junit.runners.BlockJUnit4ClassRunner.runChild(BlockJUnit4ClassRunner.java:70)
	at org.junit.runners.BlockJUnit4ClassRunner.runChild(BlockJUnit4ClassRunner.java:50)
	at org.junit.runners.ParentRunner$3.run(ParentRunner.java:238)
	at org.junit.runners.ParentRunner$1.schedule(ParentRunner.java:63)
	at org.junit.runners.ParentRunner.runChildren(ParentRunner.java:236)
	at org.junit.runners.ParentRunner.access$000(ParentRunner.java:53)
	at org.junit.runners.ParentRunner$2.evaluate(ParentRunner.java:229)
	at org.junit.runners.ParentRunner.run(ParentRunner.java:309)
	at org.apache.maven.surefire.junit4.JUnit4Provider.execute(JUnit4Provider.java:365)
	at org.apache.maven.surefire.junit4.JUnit4Provider.executeWithRerun(JUnit4Provider.java:273)
	at org.apache.maven.surefire.junit4.JUnit4Provider.executeTestSet(JUnit4Provider.java:238)
	at org.apache.maven.surefire.junit4.JUnit4Provider.invoke(JUnit4Provider.java:159)
	at org.apache.maven.surefire.booter.ForkedBooter.invokeProviderInSameClassLoader(ForkedBooter.java:384)
	at org.apache.maven.surefire.booter.ForkedBooter.runSuitesInProcess(ForkedBooter.java:345)
	at org.apache.maven.surefire.booter.ForkedBooter.execute(ForkedBooter.java:126)
	at org.apache.maven.surefire.booter.ForkedBooter.main(ForkedBooter.java:418)

Sep 05, 2019 7:14:39 PM org.apache.ratis.thirdparty.io.grpc.internal.ManagedChannelOrphanWrapper$ManagedChannelReference cleanQueue
SEVERE: *~*~*~ Channel ManagedChannelImpl{logId=3318, target=192.168.34.27:40583} was not shutdown properly!!! ~*~*~*
    Make sure to call shutdown()/shutdownNow() and wait until awaitTermination() returns true.
java.lang.RuntimeException: ManagedChannel allocation site
	at org.apache.ratis.thirdparty.io.grpc.internal.ManagedChannelOrphanWrapper$ManagedChannelReference.<init>(ManagedChannelOrphanWrapper.java:103)
	at org.apache.ratis.thirdparty.io.grpc.internal.ManagedChannelOrphanWrapper.<init>(ManagedChannelOrphanWrapper.java:53)
	at org.apache.ratis.thirdparty.io.grpc.internal.ManagedChannelOrphanWrapper.<init>(ManagedChannelOrphanWrapper.java:44)
	at org.apache.ratis.thirdparty.io.grpc.internal.AbstractManagedChannelImplBuilder.build(AbstractManagedChannelImplBuilder.java:411)
	at org.apache.hadoop.hdds.scm.XceiverClientGrpc.connectToDatanode(XceiverClientGrpc.java:175)
	at org.apache.hadoop.hdds.scm.XceiverClientGrpc.reconnect(XceiverClientGrpc.java:423)
	at org.apache.hadoop.hdds.scm.XceiverClientGrpc.sendCommandAsync(XceiverClientGrpc.java:372)
	at org.apache.hadoop.hdds.scm.XceiverClientGrpc.sendCommandWithRetry(XceiverClientGrpc.java:285)
	at org.apache.hadoop.hdds.scm.XceiverClientGrpc.sendCommandWithTraceIDAndRetry(XceiverClientGrpc.java:251)
	at org.apache.hadoop.hdds.scm.XceiverClientGrpc.sendCommand(XceiverClientGrpc.java:234)
	at org.apache.hadoop.hdds.scm.storage.ContainerProtocolCalls.readChunk(ContainerProtocolCalls.java:245)
	at org.apache.hadoop.hdds.scm.storage.ChunkInputStream.readChunk(ChunkInputStream.java:335)
	at org.apache.hadoop.hdds.scm.storage.ChunkInputStream.readChunkFromContainer(ChunkInputStream.java:307)
	at org.apache.hadoop.hdds.scm.storage.ChunkInputStream.prepareRead(ChunkInputStream.java:259)
	at org.apache.hadoop.hdds.scm.storage.ChunkInputStream.read(ChunkInputStream.java:144)
	at org.apache.hadoop.hdds.scm.storage.BlockInputStream.read(BlockInputStream.java:239)
	at org.apache.hadoop.ozone.client.io.KeyInputStream.read(KeyInputStream.java:171)
	at org.apache.hadoop.ozone.client.io.OzoneInputStream.read(OzoneInputStream.java:47)
	at java.io.InputStream.read(InputStream.java:101)
	at org.apache.hadoop.ozone.container.ContainerTestHelper.validateData(ContainerTestHelper.java:714)
	at org.apache.hadoop.ozone.client.rpc.TestBlockOutputStreamWithFailures.validateData(TestBlockOutputStreamWithFailures.java:1216)
	at org.apache.hadoop.ozone.client.rpc.TestBlockOutputStreamWithFailures.testFailureWithPrimeSizedData(TestBlockOutputStreamWithFailures.java:662)
	at sun.reflect.NativeMethodAccessorImpl.invoke0(Native Method)
	at sun.reflect.NativeMethodAccessorImpl.invoke(NativeMethodAccessorImpl.java:62)
	at sun.reflect.DelegatingMethodAccessorImpl.invoke(DelegatingMethodAccessorImpl.java:43)
	at java.lang.reflect.Method.invoke(Method.java:498)
	at org.junit.runners.model.FrameworkMethod$1.runReflectiveCall(FrameworkMethod.java:47)
	at org.junit.internal.runners.model.ReflectiveCallable.run(ReflectiveCallable.java:12)
	at org.junit.runners.model.FrameworkMethod.invokeExplosively(FrameworkMethod.java:44)
	at org.junit.internal.runners.statements.InvokeMethod.evaluate(InvokeMethod.java:17)
	at org.junit.internal.runners.statements.RunBefores.evaluate(RunBefores.java:26)
	at org.junit.internal.runners.statements.RunAfters.evaluate(RunAfters.java:27)
	at org.junit.runners.ParentRunner.runLeaf(ParentRunner.java:271)
	at org.junit.runners.BlockJUnit4ClassRunner.runChild(BlockJUnit4ClassRunner.java:70)
	at org.junit.runners.BlockJUnit4ClassRunner.runChild(BlockJUnit4ClassRunner.java:50)
	at org.junit.runners.ParentRunner$3.run(ParentRunner.java:238)
	at org.junit.runners.ParentRunner$1.schedule(ParentRunner.java:63)
	at org.junit.runners.ParentRunner.runChildren(ParentRunner.java:236)
	at org.junit.runners.ParentRunner.access$000(ParentRunner.java:53)
	at org.junit.runners.ParentRunner$2.evaluate(ParentRunner.java:229)
	at org.junit.runners.ParentRunner.run(ParentRunner.java:309)
	at org.apache.maven.surefire.junit4.JUnit4Provider.execute(JUnit4Provider.java:365)
	at org.apache.maven.surefire.junit4.JUnit4Provider.executeWithRerun(JUnit4Provider.java:273)
	at org.apache.maven.surefire.junit4.JUnit4Provider.executeTestSet(JUnit4Provider.java:238)
	at org.apache.maven.surefire.junit4.JUnit4Provider.invoke(JUnit4Provider.java:159)
	at org.apache.maven.surefire.booter.ForkedBooter.invokeProviderInSameClassLoader(ForkedBooter.java:384)
	at org.apache.maven.surefire.booter.ForkedBooter.runSuitesInProcess(ForkedBooter.java:345)
	at org.apache.maven.surefire.booter.ForkedBooter.execute(ForkedBooter.java:126)
	at org.apache.maven.surefire.booter.ForkedBooter.main(ForkedBooter.java:418)

Sep 05, 2019 7:14:39 PM org.apache.ratis.thirdparty.io.grpc.internal.ManagedChannelOrphanWrapper$ManagedChannelReference cleanQueue
SEVERE: *~*~*~ Channel ManagedChannelImpl{logId=2634, target=192.168.34.27:42618} was not shutdown properly!!! ~*~*~*
    Make sure to call shutdown()/shutdownNow() and wait until awaitTermination() returns true.
java.lang.RuntimeException: ManagedChannel allocation site
	at org.apache.ratis.thirdparty.io.grpc.internal.ManagedChannelOrphanWrapper$ManagedChannelReference.<init>(ManagedChannelOrphanWrapper.java:103)
	at org.apache.ratis.thirdparty.io.grpc.internal.ManagedChannelOrphanWrapper.<init>(ManagedChannelOrphanWrapper.java:53)
	at org.apache.ratis.thirdparty.io.grpc.internal.ManagedChannelOrphanWrapper.<init>(ManagedChannelOrphanWrapper.java:44)
	at org.apache.ratis.thirdparty.io.grpc.internal.AbstractManagedChannelImplBuilder.build(AbstractManagedChannelImplBuilder.java:411)
	at org.apache.hadoop.hdds.scm.XceiverClientGrpc.connectToDatanode(XceiverClientGrpc.java:175)
	at org.apache.hadoop.hdds.scm.XceiverClientGrpc.reconnect(XceiverClientGrpc.java:423)
	at org.apache.hadoop.hdds.scm.XceiverClientGrpc.sendCommandAsync(XceiverClientGrpc.java:372)
	at org.apache.hadoop.hdds.scm.XceiverClientGrpc.sendCommandWithRetry(XceiverClientGrpc.java:285)
	at org.apache.hadoop.hdds.scm.XceiverClientGrpc.sendCommandWithTraceIDAndRetry(XceiverClientGrpc.java:251)
	at org.apache.hadoop.hdds.scm.XceiverClientGrpc.sendCommand(XceiverClientGrpc.java:234)
	at org.apache.hadoop.hdds.scm.storage.ContainerProtocolCalls.getBlock(ContainerProtocolCalls.java:118)
	at org.apache.hadoop.hdds.scm.storage.BlockInputStream.getChunkInfos(BlockInputStream.java:167)
	at org.apache.hadoop.hdds.scm.storage.BlockInputStream.initialize(BlockInputStream.java:118)
	at org.apache.hadoop.hdds.scm.storage.BlockInputStream.read(BlockInputStream.java:222)
	at org.apache.hadoop.ozone.client.io.KeyInputStream.read(KeyInputStream.java:171)
	at org.apache.hadoop.ozone.client.io.OzoneInputStream.read(OzoneInputStream.java:47)
	at java.io.InputStream.read(InputStream.java:101)
	at org.apache.hadoop.ozone.container.ContainerTestHelper.validateData(ContainerTestHelper.java:714)
	at org.apache.hadoop.ozone.client.rpc.TestBlockOutputStreamWithFailures.validateData(TestBlockOutputStreamWithFailures.java:1216)
	at org.apache.hadoop.ozone.client.rpc.TestBlockOutputStreamWithFailures.testWatchForCommitWithSingleNodeRatis(TestBlockOutputStreamWithFailures.java:918)
	at sun.reflect.NativeMethodAccessorImpl.invoke0(Native Method)
	at sun.reflect.NativeMethodAccessorImpl.invoke(NativeMethodAccessorImpl.java:62)
	at sun.reflect.DelegatingMethodAccessorImpl.invoke(DelegatingMethodAccessorImpl.java:43)
	at java.lang.reflect.Method.invoke(Method.java:498)
	at org.junit.runners.model.FrameworkMethod$1.runReflectiveCall(FrameworkMethod.java:47)
	at org.junit.internal.runners.model.ReflectiveCallable.run(ReflectiveCallable.java:12)
	at org.junit.runners.model.FrameworkMethod.invokeExplosively(FrameworkMethod.java:44)
	at org.junit.internal.runners.statements.InvokeMethod.evaluate(InvokeMethod.java:17)
	at org.junit.internal.runners.statements.RunBefores.evaluate(RunBefores.java:26)
	at org.junit.internal.runners.statements.RunAfters.evaluate(RunAfters.java:27)
	at org.junit.runners.ParentRunner.runLeaf(ParentRunner.java:271)
	at org.junit.runners.BlockJUnit4ClassRunner.runChild(BlockJUnit4ClassRunner.java:70)
	at org.junit.runners.BlockJUnit4ClassRunner.runChild(BlockJUnit4ClassRunner.java:50)
	at org.junit.runners.ParentRunner$3.run(ParentRunner.java:238)
	at org.junit.runners.ParentRunner$1.schedule(ParentRunner.java:63)
	at org.junit.runners.ParentRunner.runChildren(ParentRunner.java:236)
	at org.junit.runners.ParentRunner.access$000(ParentRunner.java:53)
	at org.junit.runners.ParentRunner$2.evaluate(ParentRunner.java:229)
	at org.junit.runners.ParentRunner.run(ParentRunner.java:309)
	at org.apache.maven.surefire.junit4.JUnit4Provider.execute(JUnit4Provider.java:365)
	at org.apache.maven.surefire.junit4.JUnit4Provider.executeWithRerun(JUnit4Provider.java:273)
	at org.apache.maven.surefire.junit4.JUnit4Provider.executeTestSet(JUnit4Provider.java:238)
	at org.apache.maven.surefire.junit4.JUnit4Provider.invoke(JUnit4Provider.java:159)
	at org.apache.maven.surefire.booter.ForkedBooter.invokeProviderInSameClassLoader(ForkedBooter.java:384)
	at org.apache.maven.surefire.booter.ForkedBooter.runSuitesInProcess(ForkedBooter.java:345)
	at org.apache.maven.surefire.booter.ForkedBooter.execute(ForkedBooter.java:126)
	at org.apache.maven.surefire.booter.ForkedBooter.main(ForkedBooter.java:418)

Sep 05, 2019 7:14:39 PM org.apache.ratis.thirdparty.io.grpc.internal.ManagedChannelOrphanWrapper$ManagedChannelReference cleanQueue
SEVERE: *~*~*~ Channel ManagedChannelImpl{logId=2971, target=192.168.34.27:38629} was not shutdown properly!!! ~*~*~*
    Make sure to call shutdown()/shutdownNow() and wait until awaitTermination() returns true.
java.lang.RuntimeException: ManagedChannel allocation site
	at org.apache.ratis.thirdparty.io.grpc.internal.ManagedChannelOrphanWrapper$ManagedChannelReference.<init>(ManagedChannelOrphanWrapper.java:103)
	at org.apache.ratis.thirdparty.io.grpc.internal.ManagedChannelOrphanWrapper.<init>(ManagedChannelOrphanWrapper.java:53)
	at org.apache.ratis.thirdparty.io.grpc.internal.ManagedChannelOrphanWrapper.<init>(ManagedChannelOrphanWrapper.java:44)
	at org.apache.ratis.thirdparty.io.grpc.internal.AbstractManagedChannelImplBuilder.build(AbstractManagedChannelImplBuilder.java:411)
	at org.apache.hadoop.hdds.scm.XceiverClientGrpc.connectToDatanode(XceiverClientGrpc.java:175)
	at org.apache.hadoop.hdds.scm.XceiverClientGrpc.reconnect(XceiverClientGrpc.java:423)
	at org.apache.hadoop.hdds.scm.XceiverClientGrpc.sendCommandAsync(XceiverClientGrpc.java:372)
	at org.apache.hadoop.hdds.scm.XceiverClientGrpc.sendCommandWithRetry(XceiverClientGrpc.java:285)
	at org.apache.hadoop.hdds.scm.XceiverClientGrpc.sendCommandWithTraceIDAndRetry(XceiverClientGrpc.java:251)
	at org.apache.hadoop.hdds.scm.XceiverClientGrpc.sendCommand(XceiverClientGrpc.java:234)
	at org.apache.hadoop.hdds.scm.storage.ContainerProtocolCalls.getBlock(ContainerProtocolCalls.java:118)
	at org.apache.hadoop.hdds.scm.storage.BlockInputStream.getChunkInfos(BlockInputStream.java:167)
	at org.apache.hadoop.hdds.scm.storage.BlockInputStream.initialize(BlockInputStream.java:118)
	at org.apache.hadoop.hdds.scm.storage.BlockInputStream.read(BlockInputStream.java:222)
	at org.apache.hadoop.ozone.client.io.KeyInputStream.read(KeyInputStream.java:171)
	at org.apache.hadoop.ozone.client.io.OzoneInputStream.read(OzoneInputStream.java:47)
	at java.io.InputStream.read(InputStream.java:101)
	at org.apache.hadoop.ozone.container.ContainerTestHelper.validateData(ContainerTestHelper.java:714)
	at org.apache.hadoop.ozone.client.rpc.TestBlockOutputStreamWithFailures.validateData(TestBlockOutputStreamWithFailures.java:1216)
	at org.apache.hadoop.ozone.client.rpc.TestBlockOutputStreamWithFailures.testWatchForCommitDatanodeFailure(TestBlockOutputStreamWithFailures.java:393)
	at sun.reflect.NativeMethodAccessorImpl.invoke0(Native Method)
	at sun.reflect.NativeMethodAccessorImpl.invoke(NativeMethodAccessorImpl.java:62)
	at sun.reflect.DelegatingMethodAccessorImpl.invoke(DelegatingMethodAccessorImpl.java:43)
	at java.lang.reflect.Method.invoke(Method.java:498)
	at org.junit.runners.model.FrameworkMethod$1.runReflectiveCall(FrameworkMethod.java:47)
	at org.junit.internal.runners.model.ReflectiveCallable.run(ReflectiveCallable.java:12)
	at org.junit.runners.model.FrameworkMethod.invokeExplosively(FrameworkMethod.java:44)
	at org.junit.internal.runners.statements.InvokeMethod.evaluate(InvokeMethod.java:17)
	at org.junit.internal.runners.statements.RunBefores.evaluate(RunBefores.java:26)
	at org.junit.internal.runners.statements.RunAfters.evaluate(RunAfters.java:27)
	at org.junit.runners.ParentRunner.runLeaf(ParentRunner.java:271)
	at org.junit.runners.BlockJUnit4ClassRunner.runChild(BlockJUnit4ClassRunner.java:70)
	at org.junit.runners.BlockJUnit4ClassRunner.runChild(BlockJUnit4ClassRunner.java:50)
	at org.junit.runners.ParentRunner$3.run(ParentRunner.java:238)
	at org.junit.runners.ParentRunner$1.schedule(ParentRunner.java:63)
	at org.junit.runners.ParentRunner.runChildren(ParentRunner.java:236)
	at org.junit.runners.ParentRunner.access$000(ParentRunner.java:53)
	at org.junit.runners.ParentRunner$2.evaluate(ParentRunner.java:229)
	at org.junit.runners.ParentRunner.run(ParentRunner.java:309)
	at org.apache.maven.surefire.junit4.JUnit4Provider.execute(JUnit4Provider.java:365)
	at org.apache.maven.surefire.junit4.JUnit4Provider.executeWithRerun(JUnit4Provider.java:273)
	at org.apache.maven.surefire.junit4.JUnit4Provider.executeTestSet(JUnit4Provider.java:238)
	at org.apache.maven.surefire.junit4.JUnit4Provider.invoke(JUnit4Provider.java:159)
	at org.apache.maven.surefire.booter.ForkedBooter.invokeProviderInSameClassLoader(ForkedBooter.java:384)
	at org.apache.maven.surefire.booter.ForkedBooter.runSuitesInProcess(ForkedBooter.java:345)
	at org.apache.maven.surefire.booter.ForkedBooter.execute(ForkedBooter.java:126)
	at org.apache.maven.surefire.booter.ForkedBooter.main(ForkedBooter.java:418)

Sep 05, 2019 7:14:39 PM org.apache.ratis.thirdparty.io.grpc.internal.ManagedChannelOrphanWrapper$ManagedChannelReference cleanQueue
SEVERE: *~*~*~ Channel ManagedChannelImpl{logId=3308, target=192.168.34.27:36059} was not shutdown properly!!! ~*~*~*
    Make sure to call shutdown()/shutdownNow() and wait until awaitTermination() returns true.
java.lang.RuntimeException: ManagedChannel allocation site
	at org.apache.ratis.thirdparty.io.grpc.internal.ManagedChannelOrphanWrapper$ManagedChannelReference.<init>(ManagedChannelOrphanWrapper.java:103)
	at org.apache.ratis.thirdparty.io.grpc.internal.ManagedChannelOrphanWrapper.<init>(ManagedChannelOrphanWrapper.java:53)
	at org.apache.ratis.thirdparty.io.grpc.internal.ManagedChannelOrphanWrapper.<init>(ManagedChannelOrphanWrapper.java:44)
	at org.apache.ratis.thirdparty.io.grpc.internal.AbstractManagedChannelImplBuilder.build(AbstractManagedChannelImplBuilder.java:411)
	at org.apache.ratis.grpc.client.GrpcClientProtocolClient.<init>(GrpcClientProtocolClient.java:119)
	at org.apache.ratis.grpc.client.GrpcClientRpc.lambda$new$0(GrpcClientRpc.java:55)
	at org.apache.ratis.util.PeerProxyMap$PeerAndProxy.lambda$getProxy$0(PeerProxyMap.java:61)
	at org.apache.ratis.util.LifeCycle.startAndTransition(LifeCycle.java:202)
	at org.apache.ratis.util.PeerProxyMap$PeerAndProxy.getProxy(PeerProxyMap.java:60)
	at org.apache.ratis.util.PeerProxyMap.getProxy(PeerProxyMap.java:107)
	at org.apache.ratis.grpc.client.GrpcClientRpc.sendRequestAsync(GrpcClientRpc.java:66)
	at org.apache.ratis.client.impl.OrderedAsync.sendRequest(OrderedAsync.java:208)
	at org.apache.ratis.client.impl.OrderedAsync.sendRequestWithRetry(OrderedAsync.java:169)
	at org.apache.ratis.util.SlidingWindow$Client.sendOrDelayRequest(SlidingWindow.java:278)
	at org.apache.ratis.util.SlidingWindow$Client.submitNewRequest(SlidingWindow.java:257)
	at org.apache.ratis.client.impl.OrderedAsync.send(OrderedAsync.java:155)
	at org.apache.ratis.client.impl.RaftClientImpl.sendAsync(RaftClientImpl.java:145)
	at org.apache.ratis.client.impl.RaftClientImpl.sendAsync(RaftClientImpl.java:125)
	at org.apache.hadoop.hdds.scm.XceiverClientRatis.sendRequestAsync(XceiverClientRatis.java:224)
	at org.apache.hadoop.hdds.scm.XceiverClientRatis.sendCommandAsync(XceiverClientRatis.java:302)
	at org.apache.hadoop.hdds.scm.storage.ContainerProtocolCalls.writeChunkAsync(ContainerProtocolCalls.java:310)
	at org.apache.hadoop.hdds.scm.storage.BlockOutputStream.writeChunkToContainer(BlockOutputStream.java:601)
	at org.apache.hadoop.hdds.scm.storage.BlockOutputStream.writeChunk(BlockOutputStream.java:459)
	at org.apache.hadoop.hdds.scm.storage.BlockOutputStream.writeOnRetry(BlockOutputStream.java:285)
	at org.apache.hadoop.ozone.client.io.BlockOutputStreamEntry.writeOnRetry(BlockOutputStreamEntry.java:200)
	at org.apache.hadoop.ozone.client.io.KeyOutputStream.handleWrite(KeyOutputStream.java:209)
	at org.apache.hadoop.ozone.client.io.KeyOutputStream.handleRetry(KeyOutputStream.java:376)
	at org.apache.hadoop.ozone.client.io.KeyOutputStream.handleException(KeyOutputStream.java:325)
	at org.apache.hadoop.ozone.client.io.KeyOutputStream.handleFlushOrClose(KeyOutputStream.java:448)
	at org.apache.hadoop.ozone.client.io.KeyOutputStream.flush(KeyOutputStream.java:396)
	at org.apache.hadoop.ozone.client.io.OzoneOutputStream.flush(OzoneOutputStream.java:54)
	at org.apache.hadoop.ozone.client.rpc.TestBlockOutputStreamWithFailures.testFailureWithPrimeSizedData(TestBlockOutputStreamWithFailures.java:633)
	at sun.reflect.NativeMethodAccessorImpl.invoke0(Native Method)
	at sun.reflect.NativeMethodAccessorImpl.invoke(NativeMethodAccessorImpl.java:62)
	at sun.reflect.DelegatingMethodAccessorImpl.invoke(DelegatingMethodAccessorImpl.java:43)
	at java.lang.reflect.Method.invoke(Method.java:498)
	at org.junit.runners.model.FrameworkMethod$1.runReflectiveCall(FrameworkMethod.java:47)
	at org.junit.internal.runners.model.ReflectiveCallable.run(ReflectiveCallable.java:12)
	at org.junit.runners.model.FrameworkMethod.invokeExplosively(FrameworkMethod.java:44)
	at org.junit.internal.runners.statements.InvokeMethod.evaluate(InvokeMethod.java:17)
	at org.junit.internal.runners.statements.RunBefores.evaluate(RunBefores.java:26)
	at org.junit.internal.runners.statements.RunAfters.evaluate(RunAfters.java:27)
	at org.junit.runners.ParentRunner.runLeaf(ParentRunner.java:271)
	at org.junit.runners.BlockJUnit4ClassRunner.runChild(BlockJUnit4ClassRunner.java:70)
	at org.junit.runners.BlockJUnit4ClassRunner.runChild(BlockJUnit4ClassRunner.java:50)
	at org.junit.runners.ParentRunner$3.run(ParentRunner.java:238)
	at org.junit.runners.ParentRunner$1.schedule(ParentRunner.java:63)
	at org.junit.runners.ParentRunner.runChildren(ParentRunner.java:236)
	at org.junit.runners.ParentRunner.access$000(ParentRunner.java:53)
	at org.junit.runners.ParentRunner$2.evaluate(ParentRunner.java:229)
	at org.junit.runners.ParentRunner.run(ParentRunner.java:309)
	at org.apache.maven.surefire.junit4.JUnit4Provider.execute(JUnit4Provider.java:365)
	at org.apache.maven.surefire.junit4.JUnit4Provider.executeWithRerun(JUnit4Provider.java:273)
	at org.apache.maven.surefire.junit4.JUnit4Provider.executeTestSet(JUnit4Provider.java:238)
	at org.apache.maven.surefire.junit4.JUnit4Provider.invoke(JUnit4Provider.java:159)
	at org.apache.maven.surefire.booter.ForkedBooter.invokeProviderInSameClassLoader(ForkedBooter.java:384)
	at org.apache.maven.surefire.booter.ForkedBooter.runSuitesInProcess(ForkedBooter.java:345)
	at org.apache.maven.surefire.booter.ForkedBooter.execute(ForkedBooter.java:126)
	at org.apache.maven.surefire.booter.ForkedBooter.main(ForkedBooter.java:418)

]]></system-err>
  </testcase>
  <testcase name="testExceptionDuringClose" classname="org.apache.hadoop.ozone.client.rpc.TestBlockOutputStreamWithFailures" time="33.534"/>
</testsuite>