<?xml version="1.0" encoding="UTF-8"?>
<testsuite xmlns:xsi="http://www.w3.org/2001/XMLSchema-instance" xsi:noNamespaceSchemaLocation="https://maven.apache.org/surefire/maven-surefire-plugin/xsd/surefire-test-report.xsd" name="org.apache.hadoop.ozone.freon.TestRandomKeyGenerator" time="137.42" tests="6" errors="1" skipped="0" failures="0">
  <properties>
    <property name="awt.toolkit" value="sun.awt.X11.XToolkit"/>
    <property name="file.encoding.pkg" value="sun.io"/>
    <property name="java.specification.version" value="1.8"/>
    <property name="sun.cpu.isalist" value=""/>
    <property name="sun.jnu.encoding" value="UTF-8"/>
    <property name="java.class.path" value="/workdir/hadoop-ozone/tools/target/test-classes:/workdir/hadoop-ozone/tools/target/classes:/home/user/.m2/repository/org/apache/hadoop/hadoop-ozone-ozone-manager/0.5.0-SNAPSHOT/hadoop-ozone-ozone-manager-0.5.0-SNAPSHOT.jar:/home/user/.m2/repository/org/apache/hadoop/hadoop-hdds-docs/0.5.0-SNAPSHOT/hadoop-hdds-docs-0.5.0-SNAPSHOT.jar:/home/user/.m2/repository/org/bouncycastle/bcprov-jdk15on/1.60/bcprov-jdk15on-1.60.jar:/home/user/.m2/repository/org/apache/hadoop/hadoop-ozone-common/0.5.0-SNAPSHOT/hadoop-ozone-common-0.5.0-SNAPSHOT.jar:/home/user/.m2/repository/org/apache/commons/commons-compress/1.4.1/commons-compress-1.4.1.jar:/home/user/.m2/repository/org/tukaani/xz/1.0/xz-1.0.jar:/home/user/.m2/repository/org/apache/hadoop/hadoop-hdfs-client/3.2.0/hadoop-hdfs-client-3.2.0.jar:/home/user/.m2/repository/com/fasterxml/jackson/core/jackson-annotations/2.9.5/jackson-annotations-2.9.5.jar:/home/user/.m2/repository/org/apache/hadoop/hadoop-hdds-common/0.5.0-SNAPSHOT/hadoop-hdds-common-0.5.0-SNAPSHOT.jar:/home/user/.m2/repository/org/apache/hadoop/hadoop-hdds-config/0.5.0-SNAPSHOT/hadoop-hdds-config-0.5.0-SNAPSHOT.jar:/home/user/.m2/repository/javax/annotation/javax.annotation-api/1.2/javax.annotation-api-1.2.jar:/home/user/.m2/repository/org/apache/ratis/ratis-server/0.4.0-2337318-SNAPSHOT/ratis-server-0.4.0-2337318-SNAPSHOT.jar:/home/user/.m2/repository/org/apache/ratis/ratis-thirdparty-misc/0.2.0/ratis-thirdparty-misc-0.2.0.jar:/home/user/.m2/repository/org/apache/ratis/ratis-proto/0.4.0-2337318-SNAPSHOT/ratis-proto-0.4.0-2337318-SNAPSHOT.jar:/home/user/.m2/repository/org/apache/ratis/ratis-common/0.4.0-2337318-SNAPSHOT/ratis-common-0.4.0-2337318-SNAPSHOT.jar:/home/user/.m2/repository/org/apache/ratis/ratis-client/0.4.0-2337318-SNAPSHOT/ratis-client-0.4.0-2337318-SNAPSHOT.jar:/home/user/.m2/repository/org/apache/ratis/ratis-metrics/0.4.0-2337318-SNAPSHOT/ratis-metrics-0.4.0-2337318-SNAPSHOT.jar:/home/user/.m2/repository/org/apache/ratis/ratis-netty/0.4.0-2337318-SNAPSHOT/ratis-netty-0.4.0-2337318-SNAPSHOT.jar:/home/user/.m2/repository/org/apache/ratis/ratis-grpc/0.4.0-2337318-SNAPSHOT/ratis-grpc-0.4.0-2337318-SNAPSHOT.jar:/home/user/.m2/repository/org/rocksdb/rocksdbjni/6.0.1/rocksdbjni-6.0.1.jar:/home/user/.m2/repository/org/apache/logging/log4j/log4j-api/2.11.0/log4j-api-2.11.0.jar:/home/user/.m2/repository/org/apache/logging/log4j/log4j-core/2.11.0/log4j-core-2.11.0.jar:/home/user/.m2/repository/com/lmax/disruptor/3.4.2/disruptor-3.4.2.jar:/home/user/.m2/repository/org/apache/commons/commons-pool2/2.6.0/commons-pool2-2.6.0.jar:/home/user/.m2/repository/org/bouncycastle/bcpkix-jdk15on/1.60/bcpkix-jdk15on-1.60.jar:/home/user/.m2/repository/commons-validator/commons-validator/1.6/commons-validator-1.6.jar:/home/user/.m2/repository/commons-digester/commons-digester/1.8.1/commons-digester-1.8.1.jar:/home/user/.m2/repository/io/jaegertracing/jaeger-client/0.33.1/jaeger-client-0.33.1.jar:/home/user/.m2/repository/io/jaegertracing/jaeger-thrift/0.33.1/jaeger-thrift-0.33.1.jar:/home/user/.m2/repository/org/apache/thrift/libthrift/0.11.0/libthrift-0.11.0.jar:/home/user/.m2/repository/com/squareup/okhttp3/okhttp/3.9.0/okhttp-3.9.0.jar:/home/user/.m2/repository/com/squareup/okio/okio/1.13.0/okio-1.13.0.jar:/home/user/.m2/repository/io/jaegertracing/jaeger-core/0.33.1/jaeger-core-0.33.1.jar:/home/user/.m2/repository/io/jaegertracing/jaeger-tracerresolver/0.33.1/jaeger-tracerresolver-0.33.1.jar:/home/user/.m2/repository/io/opentracing/contrib/opentracing-tracerresolver/0.1.5/opentracing-tracerresolver-0.1.5.jar:/home/user/.m2/repository/io/opentracing/opentracing-util/0.31.0/opentracing-util-0.31.0.jar:/home/user/.m2/repository/io/opentracing/opentracing-api/0.31.0/opentracing-api-0.31.0.jar:/home/user/.m2/repository/io/opentracing/opentracing-noop/0.31.0/opentracing-noop-0.31.0.jar:/home/user/.m2/repository/org/yaml/snakeyaml/1.16/snakeyaml-1.16.jar:/home/user/.m2/repository/org/apache/hadoop/hadoop-hdds-container-service/0.5.0-SNAPSHOT/hadoop-hdds-container-service-0.5.0-SNAPSHOT.jar:/home/user/.m2/repository/org/apache/hadoop/hadoop-hdds-client/0.5.0-SNAPSHOT/hadoop-hdds-client-0.5.0-SNAPSHOT.jar:/home/user/.m2/repository/org/apache/hadoop/hadoop-hdds-tools/0.5.0-SNAPSHOT/hadoop-hdds-tools-0.5.0-SNAPSHOT.jar:/home/user/.m2/repository/org/xerial/sqlite-jdbc/3.25.2/sqlite-jdbc-3.25.2.jar:/home/user/.m2/repository/org/apache/hadoop/hadoop-hdds-server-scm/0.5.0-SNAPSHOT/hadoop-hdds-server-scm-0.5.0-SNAPSHOT.jar:/home/user/.m2/repository/org/hamcrest/hamcrest-all/1.3/hamcrest-all-1.3.jar:/home/user/.m2/repository/info/picocli/picocli/3.9.6/picocli-3.9.6.jar:/home/user/.m2/repository/com/google/protobuf/protobuf-java/2.5.0/protobuf-java-2.5.0.jar:/home/user/.m2/repository/com/google/guava/guava/11.0.2/guava-11.0.2.jar:/home/user/.m2/repository/org/apache/hadoop/hadoop-ozone-client/0.5.0-SNAPSHOT/hadoop-ozone-client-0.5.0-SNAPSHOT.jar:/workdir/hadoop-ozone/ozonefs/target/classes:/home/user/.m2/repository/org/apache/hadoop/hadoop-hdds-server-framework/0.5.0-SNAPSHOT/hadoop-hdds-server-framework-0.5.0-SNAPSHOT.jar:/home/user/.m2/repository/org/apache/hadoop/hadoop-common/3.2.0/hadoop-common-3.2.0.jar:/home/user/.m2/repository/org/apache/hadoop/hadoop-annotations/3.2.0/hadoop-annotations-3.2.0.jar:/usr/lib/jvm/java-1.8-openjdk/jre/../lib/tools.jar:/home/user/.m2/repository/commons-cli/commons-cli/1.2/commons-cli-1.2.jar:/home/user/.m2/repository/org/apache/commons/commons-math3/3.1.1/commons-math3-3.1.1.jar:/home/user/.m2/repository/org/apache/httpcomponents/httpclient/4.5.2/httpclient-4.5.2.jar:/home/user/.m2/repository/org/apache/httpcomponents/httpcore/4.4.4/httpcore-4.4.4.jar:/home/user/.m2/repository/commons-codec/commons-codec/1.11/commons-codec-1.11.jar:/home/user/.m2/repository/commons-io/commons-io/2.5/commons-io-2.5.jar:/home/user/.m2/repository/commons-net/commons-net/3.6/commons-net-3.6.jar:/home/user/.m2/repository/commons-collections/commons-collections/3.2.2/commons-collections-3.2.2.jar:/home/user/.m2/repository/javax/servlet/javax.servlet-api/3.1.0/javax.servlet-api-3.1.0.jar:/home/user/.m2/repository/org/eclipse/jetty/jetty-server/9.3.24.v20180605/jetty-server-9.3.24.v20180605.jar:/home/user/.m2/repository/org/eclipse/jetty/jetty-http/9.3.24.v20180605/jetty-http-9.3.24.v20180605.jar:/home/user/.m2/repository/org/eclipse/jetty/jetty-io/9.3.24.v20180605/jetty-io-9.3.24.v20180605.jar:/home/user/.m2/repository/org/eclipse/jetty/jetty-util/9.3.24.v20180605/jetty-util-9.3.24.v20180605.jar:/home/user/.m2/repository/org/eclipse/jetty/jetty-servlet/9.3.24.v20180605/jetty-servlet-9.3.24.v20180605.jar:/home/user/.m2/repository/org/eclipse/jetty/jetty-security/9.3.24.v20180605/jetty-security-9.3.24.v20180605.jar:/home/user/.m2/repository/org/eclipse/jetty/jetty-webapp/9.3.24.v20180605/jetty-webapp-9.3.24.v20180605.jar:/home/user/.m2/repository/org/eclipse/jetty/jetty-xml/9.3.24.v20180605/jetty-xml-9.3.24.v20180605.jar:/home/user/.m2/repository/javax/servlet/jsp/jsp-api/2.1/jsp-api-2.1.jar:/home/user/.m2/repository/com/sun/jersey/jersey-core/1.19/jersey-core-1.19.jar:/home/user/.m2/repository/javax/ws/rs/jsr311-api/1.1.1/jsr311-api-1.1.1.jar:/home/user/.m2/repository/com/sun/jersey/jersey-servlet/1.19/jersey-servlet-1.19.jar:/home/user/.m2/repository/com/sun/jersey/jersey-json/1.19/jersey-json-1.19.jar:/home/user/.m2/repository/org/codehaus/jettison/jettison/1.1/jettison-1.1.jar:/home/user/.m2/repository/com/sun/xml/bind/jaxb-impl/2.3.0.1/jaxb-impl-2.3.0.1.jar:/home/user/.m2/repository/org/codehaus/jackson/jackson-core-asl/1.9.13/jackson-core-asl-1.9.13.jar:/home/user/.m2/repository/org/codehaus/jackson/jackson-mapper-asl/1.9.13/jackson-mapper-asl-1.9.13.jar:/home/user/.m2/repository/org/codehaus/jackson/jackson-jaxrs/1.9.13/jackson-jaxrs-1.9.13.jar:/home/user/.m2/repository/org/codehaus/jackson/jackson-xc/1.9.13/jackson-xc-1.9.13.jar:/home/user/.m2/repository/com/sun/jersey/jersey-server/1.19/jersey-server-1.19.jar:/home/user/.m2/repository/commons-logging/commons-logging/1.1.3/commons-logging-1.1.3.jar:/home/user/.m2/repository/log4j/log4j/1.2.17/log4j-1.2.17.jar:/home/user/.m2/repository/commons-beanutils/commons-beanutils/1.9.3/commons-beanutils-1.9.3.jar:/home/user/.m2/repository/org/apache/commons/commons-configuration2/2.1.1/commons-configuration2-2.1.1.jar:/home/user/.m2/repository/org/apache/commons/commons-lang3/3.7/commons-lang3-3.7.jar:/home/user/.m2/repository/org/apache/commons/commons-text/1.4/commons-text-1.4.jar:/home/user/.m2/repository/org/slf4j/slf4j-api/1.7.25/slf4j-api-1.7.25.jar:/home/user/.m2/repository/org/slf4j/slf4j-log4j12/1.7.25/slf4j-log4j12-1.7.25.jar:/home/user/.m2/repository/org/apache/avro/avro/1.7.7/avro-1.7.7.jar:/home/user/.m2/repository/com/thoughtworks/paranamer/paranamer/2.3/paranamer-2.3.jar:/home/user/.m2/repository/org/xerial/snappy/snappy-java/1.0.5/snappy-java-1.0.5.jar:/home/user/.m2/repository/com/google/re2j/re2j/1.1/re2j-1.1.jar:/home/user/.m2/repository/com/google/code/gson/gson/2.2.4/gson-2.2.4.jar:/home/user/.m2/repository/org/apache/hadoop/hadoop-auth/3.2.0/hadoop-auth-3.2.0.jar:/home/user/.m2/repository/com/nimbusds/nimbus-jose-jwt/4.41.1/nimbus-jose-jwt-4.41.1.jar:/home/user/.m2/repository/com/github/stephenc/jcip/jcip-annotations/1.0-1/jcip-annotations-1.0-1.jar:/home/user/.m2/repository/net/minidev/json-smart/2.3/json-smart-2.3.jar:/home/user/.m2/repository/net/minidev/accessors-smart/1.2/accessors-smart-1.2.jar:/home/user/.m2/repository/org/apache/curator/curator-framework/2.12.0/curator-framework-2.12.0.jar:/home/user/.m2/repository/com/jcraft/jsch/0.1.54/jsch-0.1.54.jar:/home/user/.m2/repository/org/apache/curator/curator-client/2.12.0/curator-client-2.12.0.jar:/home/user/.m2/repository/org/apache/curator/curator-recipes/2.12.0/curator-recipes-2.12.0.jar:/home/user/.m2/repository/com/google/code/findbugs/jsr305/3.0.0/jsr305-3.0.0.jar:/home/user/.m2/repository/org/apache/htrace/htrace-core4/4.1.0-incubating/htrace-core4-4.1.0-incubating.jar:/home/user/.m2/repository/org/apache/zookeeper/zookeeper/3.4.13/zookeeper-3.4.13.jar:/home/user/.m2/repository/org/apache/yetus/audience-annotations/0.5.0/audience-annotations-0.5.0.jar:/home/user/.m2/repository/org/apache/kerby/kerb-simplekdc/1.0.1/kerb-simplekdc-1.0.1.jar:/home/user/.m2/repository/org/apache/kerby/kerb-client/1.0.1/kerb-client-1.0.1.jar:/home/user/.m2/repository/org/apache/kerby/kerby-config/1.0.1/kerby-config-1.0.1.jar:/home/user/.m2/repository/org/apache/kerby/kerb-core/1.0.1/kerb-core-1.0.1.jar:/home/user/.m2/repository/org/apache/kerby/kerby-pkix/1.0.1/kerby-pkix-1.0.1.jar:/home/user/.m2/repository/org/apache/kerby/kerby-asn1/1.0.1/kerby-asn1-1.0.1.jar:/home/user/.m2/repository/org/apache/kerby/kerby-util/1.0.1/kerby-util-1.0.1.jar:/home/user/.m2/repository/org/apache/kerby/kerb-common/1.0.1/kerb-common-1.0.1.jar:/home/user/.m2/repository/org/apache/kerby/kerb-crypto/1.0.1/kerb-crypto-1.0.1.jar:/home/user/.m2/repository/org/apache/kerby/kerb-util/1.0.1/kerb-util-1.0.1.jar:/home/user/.m2/repository/org/apache/kerby/token-provider/1.0.1/token-provider-1.0.1.jar:/home/user/.m2/repository/org/apache/kerby/kerb-admin/1.0.1/kerb-admin-1.0.1.jar:/home/user/.m2/repository/org/apache/kerby/kerb-server/1.0.1/kerb-server-1.0.1.jar:/home/user/.m2/repository/org/apache/kerby/kerb-identity/1.0.1/kerb-identity-1.0.1.jar:/home/user/.m2/repository/org/apache/kerby/kerby-xdr/1.0.1/kerby-xdr-1.0.1.jar:/home/user/.m2/repository/com/fasterxml/jackson/core/jackson-databind/2.9.5/jackson-databind-2.9.5.jar:/home/user/.m2/repository/com/fasterxml/jackson/core/jackson-core/2.9.5/jackson-core-2.9.5.jar:/home/user/.m2/repository/org/codehaus/woodstox/stax2-api/3.1.4/stax2-api-3.1.4.jar:/home/user/.m2/repository/com/fasterxml/woodstox/woodstox-core/5.0.3/woodstox-core-5.0.3.jar:/home/user/.m2/repository/dnsjava/dnsjava/2.1.7/dnsjava-2.1.7.jar:/home/user/.m2/repository/org/apache/hadoop/hadoop-hdfs/3.2.0/hadoop-hdfs-3.2.0.jar:/home/user/.m2/repository/org/eclipse/jetty/jetty-util-ajax/9.3.24.v20180605/jetty-util-ajax-9.3.24.v20180605.jar:/home/user/.m2/repository/commons-daemon/commons-daemon/1.0.13/commons-daemon-1.0.13.jar:/home/user/.m2/repository/io/netty/netty/3.10.5.Final/netty-3.10.5.Final.jar:/home/user/.m2/repository/io/netty/netty-all/4.0.52.Final/netty-all-4.0.52.Final.jar:/home/user/.m2/repository/org/fusesource/leveldbjni/leveldbjni-all/1.8/leveldbjni-all-1.8.jar:/home/user/.m2/repository/com/sun/xml/bind/jaxb-core/2.3.0.1/jaxb-core-2.3.0.1.jar:/home/user/.m2/repository/javax/xml/bind/jaxb-api/2.3.0/jaxb-api-2.3.0.jar:/home/user/.m2/repository/javax/activation/activation/1.1.1/activation-1.1.1.jar:/home/user/.m2/repository/io/dropwizard/metrics/metrics-core/3.2.4/metrics-core-3.2.4.jar:/home/user/.m2/repository/org/openjdk/jmh/jmh-core/1.19/jmh-core-1.19.jar:/home/user/.m2/repository/net/sf/jopt-simple/jopt-simple/4.6/jopt-simple-4.6.jar:/home/user/.m2/repository/org/openjdk/jmh/jmh-generator-annprocess/1.19/jmh-generator-annprocess-1.19.jar:/home/user/.m2/repository/com/google/code/findbugs/findbugs/3.0.1/findbugs-3.0.1.jar:/home/user/.m2/repository/net/jcip/jcip-annotations/1.0/jcip-annotations-1.0.jar:/home/user/.m2/repository/com/google/code/findbugs/bcel-findbugs/6.0/bcel-findbugs-6.0.jar:/home/user/.m2/repository/com/google/code/findbugs/jFormatString/2.0.1/jFormatString-2.0.1.jar:/home/user/.m2/repository/dom4j/dom4j/1.6.1/dom4j-1.6.1.jar:/home/user/.m2/repository/xml-apis/xml-apis/1.0.b2/xml-apis-1.0.b2.jar:/home/user/.m2/repository/org/ow2/asm/asm-debug-all/5.0.2/asm-debug-all-5.0.2.jar:/home/user/.m2/repository/org/ow2/asm/asm-commons/5.0.2/asm-commons-5.0.2.jar:/home/user/.m2/repository/org/ow2/asm/asm-tree/5.0.2/asm-tree-5.0.2.jar:/home/user/.m2/repository/org/ow2/asm/asm/5.0.4/asm-5.0.4.jar:/home/user/.m2/repository/commons-lang/commons-lang/2.6/commons-lang-2.6.jar:/home/user/.m2/repository/com/apple/AppleJavaExtensions/1.4/AppleJavaExtensions-1.4.jar:/home/user/.m2/repository/jaxen/jaxen/1.1.6/jaxen-1.1.6.jar:/home/user/.m2/repository/junit/junit/4.11/junit-4.11.jar:/home/user/.m2/repository/org/hamcrest/hamcrest-core/1.3/hamcrest-core-1.3.jar:/home/user/.m2/repository/org/apache/hadoop/hadoop-common/3.2.0/hadoop-common-3.2.0-tests.jar:/workdir/hadoop-ozone/integration-test/target/test-classes:/home/user/.m2/repository/org/apache/hadoop/hadoop-ozone-objectstore-service/0.5.0-SNAPSHOT/hadoop-ozone-objectstore-service-0.5.0-SNAPSHOT.jar:/home/user/.m2/repository/org/apache/hadoop/hadoop-ozone-s3gateway/0.5.0-SNAPSHOT/hadoop-ozone-s3gateway-0.5.0-SNAPSHOT.jar:/home/user/.m2/repository/org/jboss/weld/servlet/weld-servlet/2.4.7.Final/weld-servlet-2.4.7.Final.jar:/home/user/.m2/repository/org/glassfish/jersey/containers/jersey-container-servlet-core/2.27/jersey-container-servlet-core-2.27.jar:/home/user/.m2/repository/org/glassfish/hk2/external/javax.inject/2.5.0-b42/javax.inject-2.5.0-b42.jar:/home/user/.m2/repository/org/glassfish/jersey/core/jersey-common/2.27/jersey-common-2.27.jar:/home/user/.m2/repository/org/glassfish/hk2/osgi-resource-locator/1.0.1/osgi-resource-locator-1.0.1.jar:/home/user/.m2/repository/javax/ws/rs/javax.ws.rs-api/2.1/javax.ws.rs-api-2.1.jar:/home/user/.m2/repository/org/glassfish/jersey/ext/cdi/jersey-cdi1x/2.27/jersey-cdi1x-2.27.jar:/home/user/.m2/repository/org/glassfish/jersey/inject/jersey-hk2/2.27/jersey-hk2-2.27.jar:/home/user/.m2/repository/org/glassfish/hk2/hk2-locator/2.5.0-b42/hk2-locator-2.5.0-b42.jar:/home/user/.m2/repository/org/javassist/javassist/3.22.0-CR2/javassist-3.22.0-CR2.jar:/home/user/.m2/repository/org/glassfish/hk2/hk2-api/2.5.0/hk2-api-2.5.0.jar:/home/user/.m2/repository/org/glassfish/hk2/external/jakarta.inject/2.5.0/jakarta.inject-2.5.0.jar:/home/user/.m2/repository/org/glassfish/hk2/hk2-utils/2.5.0/hk2-utils-2.5.0.jar:/home/user/.m2/repository/jakarta/annotation/jakarta.annotation-api/1.3.4/jakarta.annotation-api-1.3.4.jar:/home/user/.m2/repository/org/glassfish/hk2/external/aopalliance-repackaged/2.5.0/aopalliance-repackaged-2.5.0.jar:/home/user/.m2/repository/com/fasterxml/jackson/dataformat/jackson-dataformat-xml/2.9.0/jackson-dataformat-xml-2.9.0.jar:/home/user/.m2/repository/com/fasterxml/jackson/module/jackson-module-jaxb-annotations/2.9.5/jackson-module-jaxb-annotations-2.9.5.jar:/home/user/.m2/repository/javax/enterprise/cdi-api/1.2/cdi-api-1.2.jar:/home/user/.m2/repository/javax/el/javax.el-api/3.0.0/javax.el-api-3.0.0.jar:/home/user/.m2/repository/javax/interceptor/javax.interceptor-api/1.2/javax.interceptor-api-1.2.jar:/home/user/.m2/repository/javax/inject/javax.inject/1/javax.inject-1.jar:/home/user/.m2/repository/org/apache/hadoop/hadoop-ozone-csi/0.5.0-SNAPSHOT/hadoop-ozone-csi-0.5.0-SNAPSHOT.jar:/home/user/.m2/repository/com/google/protobuf/protobuf-java-util/3.5.1/protobuf-java-util-3.5.1.jar:/home/user/.m2/repository/io/grpc/grpc-netty/1.17.1/grpc-netty-1.17.1.jar:/home/user/.m2/repository/io/grpc/grpc-core/1.17.1/grpc-core-1.17.1.jar:/home/user/.m2/repository/io/grpc/grpc-context/1.17.1/grpc-context-1.17.1.jar:/home/user/.m2/repository/com/google/errorprone/error_prone_annotations/2.2.0/error_prone_annotations-2.2.0.jar:/home/user/.m2/repository/org/codehaus/mojo/animal-sniffer-annotations/1.17/animal-sniffer-annotations-1.17.jar:/home/user/.m2/repository/io/opencensus/opencensus-api/0.17.0/opencensus-api-0.17.0.jar:/home/user/.m2/repository/io/opencensus/opencensus-contrib-grpc-metrics/0.17.0/opencensus-contrib-grpc-metrics-0.17.0.jar:/home/user/.m2/repository/io/netty/netty-codec-http2/4.1.30.Final/netty-codec-http2-4.1.30.Final.jar:/home/user/.m2/repository/io/netty/netty-codec-http/4.1.30.Final/netty-codec-http-4.1.30.Final.jar:/home/user/.m2/repository/io/netty/netty-codec/4.1.30.Final/netty-codec-4.1.30.Final.jar:/home/user/.m2/repository/io/netty/netty-handler/4.1.30.Final/netty-handler-4.1.30.Final.jar:/home/user/.m2/repository/io/netty/netty-handler-proxy/4.1.30.Final/netty-handler-proxy-4.1.30.Final.jar:/home/user/.m2/repository/io/netty/netty-codec-socks/4.1.30.Final/netty-codec-socks-4.1.30.Final.jar:/home/user/.m2/repository/io/netty/netty-transport-native-epoll/4.1.30.Final/netty-transport-native-epoll-4.1.30.Final.jar:/home/user/.m2/repository/io/netty/netty-common/4.1.30.Final/netty-common-4.1.30.Final.jar:/home/user/.m2/repository/io/netty/netty-buffer/4.1.30.Final/netty-buffer-4.1.30.Final.jar:/home/user/.m2/repository/io/netty/netty-transport/4.1.30.Final/netty-transport-4.1.30.Final.jar:/home/user/.m2/repository/io/netty/netty-resolver/4.1.30.Final/netty-resolver-4.1.30.Final.jar:/home/user/.m2/repository/io/netty/netty-transport-native-unix-common/4.1.30.Final/netty-transport-native-unix-common-4.1.30.Final.jar:/home/user/.m2/repository/io/grpc/grpc-protobuf/1.17.1/grpc-protobuf-1.17.1.jar:/home/user/.m2/repository/com/google/api/grpc/proto-google-common-protos/1.0.0/proto-google-common-protos-1.0.0.jar:/home/user/.m2/repository/io/grpc/grpc-protobuf-lite/1.17.1/grpc-protobuf-lite-1.17.1.jar:/home/user/.m2/repository/io/grpc/grpc-stub/1.17.1/grpc-stub-1.17.1.jar:/home/user/.m2/repository/org/apache/hadoop/hadoop-ozone-recon/0.5.0-SNAPSHOT/hadoop-ozone-recon-0.5.0-SNAPSHOT.jar:/home/user/.m2/repository/org/apache/hadoop/hadoop-ozone-reconcodegen/0.5.0-SNAPSHOT/hadoop-ozone-reconcodegen-0.5.0-SNAPSHOT.jar:/home/user/.m2/repository/com/google/inject/extensions/guice-multibindings/4.0/guice-multibindings-4.0.jar:/home/user/.m2/repository/com/google/inject/guice/4.0/guice-4.0.jar:/home/user/.m2/repository/aopalliance/aopalliance/1.0/aopalliance-1.0.jar:/home/user/.m2/repository/com/google/inject/extensions/guice-servlet/4.0/guice-servlet-4.0.jar:/home/user/.m2/repository/org/glassfish/jersey/containers/jersey-container-servlet/2.27/jersey-container-servlet-2.27.jar:/home/user/.m2/repository/org/glassfish/hk2/guice-bridge/2.5.0/guice-bridge-2.5.0.jar:/home/user/.m2/repository/org/glassfish/jersey/core/jersey-server/2.27/jersey-server-2.27.jar:/home/user/.m2/repository/org/glassfish/jersey/core/jersey-client/2.27/jersey-client-2.27.jar:/home/user/.m2/repository/org/glassfish/jersey/media/jersey-media-jaxb/2.27/jersey-media-jaxb-2.27.jar:/home/user/.m2/repository/javax/validation/validation-api/1.1.0.Final/validation-api-1.1.0.Final.jar:/home/user/.m2/repository/org/glassfish/jersey/media/jersey-media-json-jackson/2.27/jersey-media-json-jackson-2.27.jar:/home/user/.m2/repository/org/glassfish/jersey/ext/jersey-entity-filtering/2.27/jersey-entity-filtering-2.27.jar:/home/user/.m2/repository/com/google/inject/extensions/guice-assistedinject/4.0/guice-assistedinject-4.0.jar:/home/user/.m2/repository/org/jooq/jooq/3.11.10/jooq-3.11.10.jar:/home/user/.m2/repository/org/jooq/jooq-meta/3.11.10/jooq-meta-3.11.10.jar:/home/user/.m2/repository/org/jooq/jooq-codegen/3.11.10/jooq-codegen-3.11.10.jar:/home/user/.m2/repository/com/jolbox/bonecp/0.8.0.RELEASE/bonecp-0.8.0.RELEASE.jar:/home/user/.m2/repository/org/springframework/spring-jdbc/5.1.3.RELEASE/spring-jdbc-5.1.3.RELEASE.jar:/home/user/.m2/repository/org/springframework/spring-beans/5.1.3.RELEASE/spring-beans-5.1.3.RELEASE.jar:/home/user/.m2/repository/org/springframework/spring-core/5.1.3.RELEASE/spring-core-5.1.3.RELEASE.jar:/home/user/.m2/repository/org/springframework/spring-jcl/5.1.3.RELEASE/spring-jcl-5.1.3.RELEASE.jar:/home/user/.m2/repository/org/springframework/spring-tx/5.1.3.RELEASE/spring-tx-5.1.3.RELEASE.jar:/home/user/.m2/repository/org/mockito/mockito-core/2.15.0/mockito-core-2.15.0.jar:/home/user/.m2/repository/net/bytebuddy/byte-buddy/1.7.9/byte-buddy-1.7.9.jar:/home/user/.m2/repository/net/bytebuddy/byte-buddy-agent/1.7.9/byte-buddy-agent-1.7.9.jar:/home/user/.m2/repository/org/objenesis/objenesis/1.0/objenesis-1.0.jar:"/>
    <property name="java.vm.vendor" value="IcedTea"/>
    <property name="sun.arch.data.model" value="64"/>
    <property name="test.build.dir" value="/workdir/hadoop-ozone/tools/target/test-dir"/>
    <property name="test.cache.data" value=""/>
    <property name="java.vendor.url" value="https://icedtea.classpath.org"/>
    <property name="user.timezone" value=""/>
    <property name="java.vm.specification.version" value="1.8"/>
    <property name="os.name" value="Linux"/>
    <property name="test.build.data" value="/workdir/hadoop-ozone/tools/target/test-dir"/>
    <property name="user.country" value="US"/>
    <property name="sun.java.launcher" value="SUN_STANDARD"/>
    <property name="sun.boot.library.path" value="/usr/lib/jvm/java-1.8-openjdk/jre/lib/amd64"/>
    <property name="sun.java.command" value="/workdir/hadoop-ozone/tools/target/surefire/surefirebooter7656189480562480254.jar /workdir/hadoop-ozone/tools/target/surefire 2019-08-21T10-39-39_221-jvmRun1 surefire5481669131112964181tmp surefire_1151910650568132938193tmp"/>
    <property name="test" value="!TestMiniChaosOzoneCluster"/>
    <property name="surefire.test.class.path" value="/workdir/hadoop-ozone/tools/target/test-classes:/workdir/hadoop-ozone/tools/target/classes:/home/user/.m2/repository/org/apache/hadoop/hadoop-ozone-ozone-manager/0.5.0-SNAPSHOT/hadoop-ozone-ozone-manager-0.5.0-SNAPSHOT.jar:/home/user/.m2/repository/org/apache/hadoop/hadoop-hdds-docs/0.5.0-SNAPSHOT/hadoop-hdds-docs-0.5.0-SNAPSHOT.jar:/home/user/.m2/repository/org/bouncycastle/bcprov-jdk15on/1.60/bcprov-jdk15on-1.60.jar:/home/user/.m2/repository/org/apache/hadoop/hadoop-ozone-common/0.5.0-SNAPSHOT/hadoop-ozone-common-0.5.0-SNAPSHOT.jar:/home/user/.m2/repository/org/apache/commons/commons-compress/1.4.1/commons-compress-1.4.1.jar:/home/user/.m2/repository/org/tukaani/xz/1.0/xz-1.0.jar:/home/user/.m2/repository/org/apache/hadoop/hadoop-hdfs-client/3.2.0/hadoop-hdfs-client-3.2.0.jar:/home/user/.m2/repository/com/fasterxml/jackson/core/jackson-annotations/2.9.5/jackson-annotations-2.9.5.jar:/home/user/.m2/repository/org/apache/hadoop/hadoop-hdds-common/0.5.0-SNAPSHOT/hadoop-hdds-common-0.5.0-SNAPSHOT.jar:/home/user/.m2/repository/org/apache/hadoop/hadoop-hdds-config/0.5.0-SNAPSHOT/hadoop-hdds-config-0.5.0-SNAPSHOT.jar:/home/user/.m2/repository/javax/annotation/javax.annotation-api/1.2/javax.annotation-api-1.2.jar:/home/user/.m2/repository/org/apache/ratis/ratis-server/0.4.0-2337318-SNAPSHOT/ratis-server-0.4.0-2337318-SNAPSHOT.jar:/home/user/.m2/repository/org/apache/ratis/ratis-thirdparty-misc/0.2.0/ratis-thirdparty-misc-0.2.0.jar:/home/user/.m2/repository/org/apache/ratis/ratis-proto/0.4.0-2337318-SNAPSHOT/ratis-proto-0.4.0-2337318-SNAPSHOT.jar:/home/user/.m2/repository/org/apache/ratis/ratis-common/0.4.0-2337318-SNAPSHOT/ratis-common-0.4.0-2337318-SNAPSHOT.jar:/home/user/.m2/repository/org/apache/ratis/ratis-client/0.4.0-2337318-SNAPSHOT/ratis-client-0.4.0-2337318-SNAPSHOT.jar:/home/user/.m2/repository/org/apache/ratis/ratis-metrics/0.4.0-2337318-SNAPSHOT/ratis-metrics-0.4.0-2337318-SNAPSHOT.jar:/home/user/.m2/repository/org/apache/ratis/ratis-netty/0.4.0-2337318-SNAPSHOT/ratis-netty-0.4.0-2337318-SNAPSHOT.jar:/home/user/.m2/repository/org/apache/ratis/ratis-grpc/0.4.0-2337318-SNAPSHOT/ratis-grpc-0.4.0-2337318-SNAPSHOT.jar:/home/user/.m2/repository/org/rocksdb/rocksdbjni/6.0.1/rocksdbjni-6.0.1.jar:/home/user/.m2/repository/org/apache/logging/log4j/log4j-api/2.11.0/log4j-api-2.11.0.jar:/home/user/.m2/repository/org/apache/logging/log4j/log4j-core/2.11.0/log4j-core-2.11.0.jar:/home/user/.m2/repository/com/lmax/disruptor/3.4.2/disruptor-3.4.2.jar:/home/user/.m2/repository/org/apache/commons/commons-pool2/2.6.0/commons-pool2-2.6.0.jar:/home/user/.m2/repository/org/bouncycastle/bcpkix-jdk15on/1.60/bcpkix-jdk15on-1.60.jar:/home/user/.m2/repository/commons-validator/commons-validator/1.6/commons-validator-1.6.jar:/home/user/.m2/repository/commons-digester/commons-digester/1.8.1/commons-digester-1.8.1.jar:/home/user/.m2/repository/io/jaegertracing/jaeger-client/0.33.1/jaeger-client-0.33.1.jar:/home/user/.m2/repository/io/jaegertracing/jaeger-thrift/0.33.1/jaeger-thrift-0.33.1.jar:/home/user/.m2/repository/org/apache/thrift/libthrift/0.11.0/libthrift-0.11.0.jar:/home/user/.m2/repository/com/squareup/okhttp3/okhttp/3.9.0/okhttp-3.9.0.jar:/home/user/.m2/repository/com/squareup/okio/okio/1.13.0/okio-1.13.0.jar:/home/user/.m2/repository/io/jaegertracing/jaeger-core/0.33.1/jaeger-core-0.33.1.jar:/home/user/.m2/repository/io/jaegertracing/jaeger-tracerresolver/0.33.1/jaeger-tracerresolver-0.33.1.jar:/home/user/.m2/repository/io/opentracing/contrib/opentracing-tracerresolver/0.1.5/opentracing-tracerresolver-0.1.5.jar:/home/user/.m2/repository/io/opentracing/opentracing-util/0.31.0/opentracing-util-0.31.0.jar:/home/user/.m2/repository/io/opentracing/opentracing-api/0.31.0/opentracing-api-0.31.0.jar:/home/user/.m2/repository/io/opentracing/opentracing-noop/0.31.0/opentracing-noop-0.31.0.jar:/home/user/.m2/repository/org/yaml/snakeyaml/1.16/snakeyaml-1.16.jar:/home/user/.m2/repository/org/apache/hadoop/hadoop-hdds-container-service/0.5.0-SNAPSHOT/hadoop-hdds-container-service-0.5.0-SNAPSHOT.jar:/home/user/.m2/repository/org/apache/hadoop/hadoop-hdds-client/0.5.0-SNAPSHOT/hadoop-hdds-client-0.5.0-SNAPSHOT.jar:/home/user/.m2/repository/org/apache/hadoop/hadoop-hdds-tools/0.5.0-SNAPSHOT/hadoop-hdds-tools-0.5.0-SNAPSHOT.jar:/home/user/.m2/repository/org/xerial/sqlite-jdbc/3.25.2/sqlite-jdbc-3.25.2.jar:/home/user/.m2/repository/org/apache/hadoop/hadoop-hdds-server-scm/0.5.0-SNAPSHOT/hadoop-hdds-server-scm-0.5.0-SNAPSHOT.jar:/home/user/.m2/repository/org/hamcrest/hamcrest-all/1.3/hamcrest-all-1.3.jar:/home/user/.m2/repository/info/picocli/picocli/3.9.6/picocli-3.9.6.jar:/home/user/.m2/repository/com/google/protobuf/protobuf-java/2.5.0/protobuf-java-2.5.0.jar:/home/user/.m2/repository/com/google/guava/guava/11.0.2/guava-11.0.2.jar:/home/user/.m2/repository/org/apache/hadoop/hadoop-ozone-client/0.5.0-SNAPSHOT/hadoop-ozone-client-0.5.0-SNAPSHOT.jar:/workdir/hadoop-ozone/ozonefs/target/classes:/home/user/.m2/repository/org/apache/hadoop/hadoop-hdds-server-framework/0.5.0-SNAPSHOT/hadoop-hdds-server-framework-0.5.0-SNAPSHOT.jar:/home/user/.m2/repository/org/apache/hadoop/hadoop-common/3.2.0/hadoop-common-3.2.0.jar:/home/user/.m2/repository/org/apache/hadoop/hadoop-annotations/3.2.0/hadoop-annotations-3.2.0.jar:/usr/lib/jvm/java-1.8-openjdk/jre/../lib/tools.jar:/home/user/.m2/repository/commons-cli/commons-cli/1.2/commons-cli-1.2.jar:/home/user/.m2/repository/org/apache/commons/commons-math3/3.1.1/commons-math3-3.1.1.jar:/home/user/.m2/repository/org/apache/httpcomponents/httpclient/4.5.2/httpclient-4.5.2.jar:/home/user/.m2/repository/org/apache/httpcomponents/httpcore/4.4.4/httpcore-4.4.4.jar:/home/user/.m2/repository/commons-codec/commons-codec/1.11/commons-codec-1.11.jar:/home/user/.m2/repository/commons-io/commons-io/2.5/commons-io-2.5.jar:/home/user/.m2/repository/commons-net/commons-net/3.6/commons-net-3.6.jar:/home/user/.m2/repository/commons-collections/commons-collections/3.2.2/commons-collections-3.2.2.jar:/home/user/.m2/repository/javax/servlet/javax.servlet-api/3.1.0/javax.servlet-api-3.1.0.jar:/home/user/.m2/repository/org/eclipse/jetty/jetty-server/9.3.24.v20180605/jetty-server-9.3.24.v20180605.jar:/home/user/.m2/repository/org/eclipse/jetty/jetty-http/9.3.24.v20180605/jetty-http-9.3.24.v20180605.jar:/home/user/.m2/repository/org/eclipse/jetty/jetty-io/9.3.24.v20180605/jetty-io-9.3.24.v20180605.jar:/home/user/.m2/repository/org/eclipse/jetty/jetty-util/9.3.24.v20180605/jetty-util-9.3.24.v20180605.jar:/home/user/.m2/repository/org/eclipse/jetty/jetty-servlet/9.3.24.v20180605/jetty-servlet-9.3.24.v20180605.jar:/home/user/.m2/repository/org/eclipse/jetty/jetty-security/9.3.24.v20180605/jetty-security-9.3.24.v20180605.jar:/home/user/.m2/repository/org/eclipse/jetty/jetty-webapp/9.3.24.v20180605/jetty-webapp-9.3.24.v20180605.jar:/home/user/.m2/repository/org/eclipse/jetty/jetty-xml/9.3.24.v20180605/jetty-xml-9.3.24.v20180605.jar:/home/user/.m2/repository/javax/servlet/jsp/jsp-api/2.1/jsp-api-2.1.jar:/home/user/.m2/repository/com/sun/jersey/jersey-core/1.19/jersey-core-1.19.jar:/home/user/.m2/repository/javax/ws/rs/jsr311-api/1.1.1/jsr311-api-1.1.1.jar:/home/user/.m2/repository/com/sun/jersey/jersey-servlet/1.19/jersey-servlet-1.19.jar:/home/user/.m2/repository/com/sun/jersey/jersey-json/1.19/jersey-json-1.19.jar:/home/user/.m2/repository/org/codehaus/jettison/jettison/1.1/jettison-1.1.jar:/home/user/.m2/repository/com/sun/xml/bind/jaxb-impl/2.3.0.1/jaxb-impl-2.3.0.1.jar:/home/user/.m2/repository/org/codehaus/jackson/jackson-core-asl/1.9.13/jackson-core-asl-1.9.13.jar:/home/user/.m2/repository/org/codehaus/jackson/jackson-mapper-asl/1.9.13/jackson-mapper-asl-1.9.13.jar:/home/user/.m2/repository/org/codehaus/jackson/jackson-jaxrs/1.9.13/jackson-jaxrs-1.9.13.jar:/home/user/.m2/repository/org/codehaus/jackson/jackson-xc/1.9.13/jackson-xc-1.9.13.jar:/home/user/.m2/repository/com/sun/jersey/jersey-server/1.19/jersey-server-1.19.jar:/home/user/.m2/repository/commons-logging/commons-logging/1.1.3/commons-logging-1.1.3.jar:/home/user/.m2/repository/log4j/log4j/1.2.17/log4j-1.2.17.jar:/home/user/.m2/repository/commons-beanutils/commons-beanutils/1.9.3/commons-beanutils-1.9.3.jar:/home/user/.m2/repository/org/apache/commons/commons-configuration2/2.1.1/commons-configuration2-2.1.1.jar:/home/user/.m2/repository/org/apache/commons/commons-lang3/3.7/commons-lang3-3.7.jar:/home/user/.m2/repository/org/apache/commons/commons-text/1.4/commons-text-1.4.jar:/home/user/.m2/repository/org/slf4j/slf4j-api/1.7.25/slf4j-api-1.7.25.jar:/home/user/.m2/repository/org/slf4j/slf4j-log4j12/1.7.25/slf4j-log4j12-1.7.25.jar:/home/user/.m2/repository/org/apache/avro/avro/1.7.7/avro-1.7.7.jar:/home/user/.m2/repository/com/thoughtworks/paranamer/paranamer/2.3/paranamer-2.3.jar:/home/user/.m2/repository/org/xerial/snappy/snappy-java/1.0.5/snappy-java-1.0.5.jar:/home/user/.m2/repository/com/google/re2j/re2j/1.1/re2j-1.1.jar:/home/user/.m2/repository/com/google/code/gson/gson/2.2.4/gson-2.2.4.jar:/home/user/.m2/repository/org/apache/hadoop/hadoop-auth/3.2.0/hadoop-auth-3.2.0.jar:/home/user/.m2/repository/com/nimbusds/nimbus-jose-jwt/4.41.1/nimbus-jose-jwt-4.41.1.jar:/home/user/.m2/repository/com/github/stephenc/jcip/jcip-annotations/1.0-1/jcip-annotations-1.0-1.jar:/home/user/.m2/repository/net/minidev/json-smart/2.3/json-smart-2.3.jar:/home/user/.m2/repository/net/minidev/accessors-smart/1.2/accessors-smart-1.2.jar:/home/user/.m2/repository/org/apache/curator/curator-framework/2.12.0/curator-framework-2.12.0.jar:/home/user/.m2/repository/com/jcraft/jsch/0.1.54/jsch-0.1.54.jar:/home/user/.m2/repository/org/apache/curator/curator-client/2.12.0/curator-client-2.12.0.jar:/home/user/.m2/repository/org/apache/curator/curator-recipes/2.12.0/curator-recipes-2.12.0.jar:/home/user/.m2/repository/com/google/code/findbugs/jsr305/3.0.0/jsr305-3.0.0.jar:/home/user/.m2/repository/org/apache/htrace/htrace-core4/4.1.0-incubating/htrace-core4-4.1.0-incubating.jar:/home/user/.m2/repository/org/apache/zookeeper/zookeeper/3.4.13/zookeeper-3.4.13.jar:/home/user/.m2/repository/org/apache/yetus/audience-annotations/0.5.0/audience-annotations-0.5.0.jar:/home/user/.m2/repository/org/apache/kerby/kerb-simplekdc/1.0.1/kerb-simplekdc-1.0.1.jar:/home/user/.m2/repository/org/apache/kerby/kerb-client/1.0.1/kerb-client-1.0.1.jar:/home/user/.m2/repository/org/apache/kerby/kerby-config/1.0.1/kerby-config-1.0.1.jar:/home/user/.m2/repository/org/apache/kerby/kerb-core/1.0.1/kerb-core-1.0.1.jar:/home/user/.m2/repository/org/apache/kerby/kerby-pkix/1.0.1/kerby-pkix-1.0.1.jar:/home/user/.m2/repository/org/apache/kerby/kerby-asn1/1.0.1/kerby-asn1-1.0.1.jar:/home/user/.m2/repository/org/apache/kerby/kerby-util/1.0.1/kerby-util-1.0.1.jar:/home/user/.m2/repository/org/apache/kerby/kerb-common/1.0.1/kerb-common-1.0.1.jar:/home/user/.m2/repository/org/apache/kerby/kerb-crypto/1.0.1/kerb-crypto-1.0.1.jar:/home/user/.m2/repository/org/apache/kerby/kerb-util/1.0.1/kerb-util-1.0.1.jar:/home/user/.m2/repository/org/apache/kerby/token-provider/1.0.1/token-provider-1.0.1.jar:/home/user/.m2/repository/org/apache/kerby/kerb-admin/1.0.1/kerb-admin-1.0.1.jar:/home/user/.m2/repository/org/apache/kerby/kerb-server/1.0.1/kerb-server-1.0.1.jar:/home/user/.m2/repository/org/apache/kerby/kerb-identity/1.0.1/kerb-identity-1.0.1.jar:/home/user/.m2/repository/org/apache/kerby/kerby-xdr/1.0.1/kerby-xdr-1.0.1.jar:/home/user/.m2/repository/com/fasterxml/jackson/core/jackson-databind/2.9.5/jackson-databind-2.9.5.jar:/home/user/.m2/repository/com/fasterxml/jackson/core/jackson-core/2.9.5/jackson-core-2.9.5.jar:/home/user/.m2/repository/org/codehaus/woodstox/stax2-api/3.1.4/stax2-api-3.1.4.jar:/home/user/.m2/repository/com/fasterxml/woodstox/woodstox-core/5.0.3/woodstox-core-5.0.3.jar:/home/user/.m2/repository/dnsjava/dnsjava/2.1.7/dnsjava-2.1.7.jar:/home/user/.m2/repository/org/apache/hadoop/hadoop-hdfs/3.2.0/hadoop-hdfs-3.2.0.jar:/home/user/.m2/repository/org/eclipse/jetty/jetty-util-ajax/9.3.24.v20180605/jetty-util-ajax-9.3.24.v20180605.jar:/home/user/.m2/repository/commons-daemon/commons-daemon/1.0.13/commons-daemon-1.0.13.jar:/home/user/.m2/repository/io/netty/netty/3.10.5.Final/netty-3.10.5.Final.jar:/home/user/.m2/repository/io/netty/netty-all/4.0.52.Final/netty-all-4.0.52.Final.jar:/home/user/.m2/repository/org/fusesource/leveldbjni/leveldbjni-all/1.8/leveldbjni-all-1.8.jar:/home/user/.m2/repository/com/sun/xml/bind/jaxb-core/2.3.0.1/jaxb-core-2.3.0.1.jar:/home/user/.m2/repository/javax/xml/bind/jaxb-api/2.3.0/jaxb-api-2.3.0.jar:/home/user/.m2/repository/javax/activation/activation/1.1.1/activation-1.1.1.jar:/home/user/.m2/repository/io/dropwizard/metrics/metrics-core/3.2.4/metrics-core-3.2.4.jar:/home/user/.m2/repository/org/openjdk/jmh/jmh-core/1.19/jmh-core-1.19.jar:/home/user/.m2/repository/net/sf/jopt-simple/jopt-simple/4.6/jopt-simple-4.6.jar:/home/user/.m2/repository/org/openjdk/jmh/jmh-generator-annprocess/1.19/jmh-generator-annprocess-1.19.jar:/home/user/.m2/repository/com/google/code/findbugs/findbugs/3.0.1/findbugs-3.0.1.jar:/home/user/.m2/repository/net/jcip/jcip-annotations/1.0/jcip-annotations-1.0.jar:/home/user/.m2/repository/com/google/code/findbugs/bcel-findbugs/6.0/bcel-findbugs-6.0.jar:/home/user/.m2/repository/com/google/code/findbugs/jFormatString/2.0.1/jFormatString-2.0.1.jar:/home/user/.m2/repository/dom4j/dom4j/1.6.1/dom4j-1.6.1.jar:/home/user/.m2/repository/xml-apis/xml-apis/1.0.b2/xml-apis-1.0.b2.jar:/home/user/.m2/repository/org/ow2/asm/asm-debug-all/5.0.2/asm-debug-all-5.0.2.jar:/home/user/.m2/repository/org/ow2/asm/asm-commons/5.0.2/asm-commons-5.0.2.jar:/home/user/.m2/repository/org/ow2/asm/asm-tree/5.0.2/asm-tree-5.0.2.jar:/home/user/.m2/repository/org/ow2/asm/asm/5.0.4/asm-5.0.4.jar:/home/user/.m2/repository/commons-lang/commons-lang/2.6/commons-lang-2.6.jar:/home/user/.m2/repository/com/apple/AppleJavaExtensions/1.4/AppleJavaExtensions-1.4.jar:/home/user/.m2/repository/jaxen/jaxen/1.1.6/jaxen-1.1.6.jar:/home/user/.m2/repository/junit/junit/4.11/junit-4.11.jar:/home/user/.m2/repository/org/hamcrest/hamcrest-core/1.3/hamcrest-core-1.3.jar:/home/user/.m2/repository/org/apache/hadoop/hadoop-common/3.2.0/hadoop-common-3.2.0-tests.jar:/workdir/hadoop-ozone/integration-test/target/test-classes:/home/user/.m2/repository/org/apache/hadoop/hadoop-ozone-objectstore-service/0.5.0-SNAPSHOT/hadoop-ozone-objectstore-service-0.5.0-SNAPSHOT.jar:/home/user/.m2/repository/org/apache/hadoop/hadoop-ozone-s3gateway/0.5.0-SNAPSHOT/hadoop-ozone-s3gateway-0.5.0-SNAPSHOT.jar:/home/user/.m2/repository/org/jboss/weld/servlet/weld-servlet/2.4.7.Final/weld-servlet-2.4.7.Final.jar:/home/user/.m2/repository/org/glassfish/jersey/containers/jersey-container-servlet-core/2.27/jersey-container-servlet-core-2.27.jar:/home/user/.m2/repository/org/glassfish/hk2/external/javax.inject/2.5.0-b42/javax.inject-2.5.0-b42.jar:/home/user/.m2/repository/org/glassfish/jersey/core/jersey-common/2.27/jersey-common-2.27.jar:/home/user/.m2/repository/org/glassfish/hk2/osgi-resource-locator/1.0.1/osgi-resource-locator-1.0.1.jar:/home/user/.m2/repository/javax/ws/rs/javax.ws.rs-api/2.1/javax.ws.rs-api-2.1.jar:/home/user/.m2/repository/org/glassfish/jersey/ext/cdi/jersey-cdi1x/2.27/jersey-cdi1x-2.27.jar:/home/user/.m2/repository/org/glassfish/jersey/inject/jersey-hk2/2.27/jersey-hk2-2.27.jar:/home/user/.m2/repository/org/glassfish/hk2/hk2-locator/2.5.0-b42/hk2-locator-2.5.0-b42.jar:/home/user/.m2/repository/org/javassist/javassist/3.22.0-CR2/javassist-3.22.0-CR2.jar:/home/user/.m2/repository/org/glassfish/hk2/hk2-api/2.5.0/hk2-api-2.5.0.jar:/home/user/.m2/repository/org/glassfish/hk2/external/jakarta.inject/2.5.0/jakarta.inject-2.5.0.jar:/home/user/.m2/repository/org/glassfish/hk2/hk2-utils/2.5.0/hk2-utils-2.5.0.jar:/home/user/.m2/repository/jakarta/annotation/jakarta.annotation-api/1.3.4/jakarta.annotation-api-1.3.4.jar:/home/user/.m2/repository/org/glassfish/hk2/external/aopalliance-repackaged/2.5.0/aopalliance-repackaged-2.5.0.jar:/home/user/.m2/repository/com/fasterxml/jackson/dataformat/jackson-dataformat-xml/2.9.0/jackson-dataformat-xml-2.9.0.jar:/home/user/.m2/repository/com/fasterxml/jackson/module/jackson-module-jaxb-annotations/2.9.5/jackson-module-jaxb-annotations-2.9.5.jar:/home/user/.m2/repository/javax/enterprise/cdi-api/1.2/cdi-api-1.2.jar:/home/user/.m2/repository/javax/el/javax.el-api/3.0.0/javax.el-api-3.0.0.jar:/home/user/.m2/repository/javax/interceptor/javax.interceptor-api/1.2/javax.interceptor-api-1.2.jar:/home/user/.m2/repository/javax/inject/javax.inject/1/javax.inject-1.jar:/home/user/.m2/repository/org/apache/hadoop/hadoop-ozone-csi/0.5.0-SNAPSHOT/hadoop-ozone-csi-0.5.0-SNAPSHOT.jar:/home/user/.m2/repository/com/google/protobuf/protobuf-java-util/3.5.1/protobuf-java-util-3.5.1.jar:/home/user/.m2/repository/io/grpc/grpc-netty/1.17.1/grpc-netty-1.17.1.jar:/home/user/.m2/repository/io/grpc/grpc-core/1.17.1/grpc-core-1.17.1.jar:/home/user/.m2/repository/io/grpc/grpc-context/1.17.1/grpc-context-1.17.1.jar:/home/user/.m2/repository/com/google/errorprone/error_prone_annotations/2.2.0/error_prone_annotations-2.2.0.jar:/home/user/.m2/repository/org/codehaus/mojo/animal-sniffer-annotations/1.17/animal-sniffer-annotations-1.17.jar:/home/user/.m2/repository/io/opencensus/opencensus-api/0.17.0/opencensus-api-0.17.0.jar:/home/user/.m2/repository/io/opencensus/opencensus-contrib-grpc-metrics/0.17.0/opencensus-contrib-grpc-metrics-0.17.0.jar:/home/user/.m2/repository/io/netty/netty-codec-http2/4.1.30.Final/netty-codec-http2-4.1.30.Final.jar:/home/user/.m2/repository/io/netty/netty-codec-http/4.1.30.Final/netty-codec-http-4.1.30.Final.jar:/home/user/.m2/repository/io/netty/netty-codec/4.1.30.Final/netty-codec-4.1.30.Final.jar:/home/user/.m2/repository/io/netty/netty-handler/4.1.30.Final/netty-handler-4.1.30.Final.jar:/home/user/.m2/repository/io/netty/netty-handler-proxy/4.1.30.Final/netty-handler-proxy-4.1.30.Final.jar:/home/user/.m2/repository/io/netty/netty-codec-socks/4.1.30.Final/netty-codec-socks-4.1.30.Final.jar:/home/user/.m2/repository/io/netty/netty-transport-native-epoll/4.1.30.Final/netty-transport-native-epoll-4.1.30.Final.jar:/home/user/.m2/repository/io/netty/netty-common/4.1.30.Final/netty-common-4.1.30.Final.jar:/home/user/.m2/repository/io/netty/netty-buffer/4.1.30.Final/netty-buffer-4.1.30.Final.jar:/home/user/.m2/repository/io/netty/netty-transport/4.1.30.Final/netty-transport-4.1.30.Final.jar:/home/user/.m2/repository/io/netty/netty-resolver/4.1.30.Final/netty-resolver-4.1.30.Final.jar:/home/user/.m2/repository/io/netty/netty-transport-native-unix-common/4.1.30.Final/netty-transport-native-unix-common-4.1.30.Final.jar:/home/user/.m2/repository/io/grpc/grpc-protobuf/1.17.1/grpc-protobuf-1.17.1.jar:/home/user/.m2/repository/com/google/api/grpc/proto-google-common-protos/1.0.0/proto-google-common-protos-1.0.0.jar:/home/user/.m2/repository/io/grpc/grpc-protobuf-lite/1.17.1/grpc-protobuf-lite-1.17.1.jar:/home/user/.m2/repository/io/grpc/grpc-stub/1.17.1/grpc-stub-1.17.1.jar:/home/user/.m2/repository/org/apache/hadoop/hadoop-ozone-recon/0.5.0-SNAPSHOT/hadoop-ozone-recon-0.5.0-SNAPSHOT.jar:/home/user/.m2/repository/org/apache/hadoop/hadoop-ozone-reconcodegen/0.5.0-SNAPSHOT/hadoop-ozone-reconcodegen-0.5.0-SNAPSHOT.jar:/home/user/.m2/repository/com/google/inject/extensions/guice-multibindings/4.0/guice-multibindings-4.0.jar:/home/user/.m2/repository/com/google/inject/guice/4.0/guice-4.0.jar:/home/user/.m2/repository/aopalliance/aopalliance/1.0/aopalliance-1.0.jar:/home/user/.m2/repository/com/google/inject/extensions/guice-servlet/4.0/guice-servlet-4.0.jar:/home/user/.m2/repository/org/glassfish/jersey/containers/jersey-container-servlet/2.27/jersey-container-servlet-2.27.jar:/home/user/.m2/repository/org/glassfish/hk2/guice-bridge/2.5.0/guice-bridge-2.5.0.jar:/home/user/.m2/repository/org/glassfish/jersey/core/jersey-server/2.27/jersey-server-2.27.jar:/home/user/.m2/repository/org/glassfish/jersey/core/jersey-client/2.27/jersey-client-2.27.jar:/home/user/.m2/repository/org/glassfish/jersey/media/jersey-media-jaxb/2.27/jersey-media-jaxb-2.27.jar:/home/user/.m2/repository/javax/validation/validation-api/1.1.0.Final/validation-api-1.1.0.Final.jar:/home/user/.m2/repository/org/glassfish/jersey/media/jersey-media-json-jackson/2.27/jersey-media-json-jackson-2.27.jar:/home/user/.m2/repository/org/glassfish/jersey/ext/jersey-entity-filtering/2.27/jersey-entity-filtering-2.27.jar:/home/user/.m2/repository/com/google/inject/extensions/guice-assistedinject/4.0/guice-assistedinject-4.0.jar:/home/user/.m2/repository/org/jooq/jooq/3.11.10/jooq-3.11.10.jar:/home/user/.m2/repository/org/jooq/jooq-meta/3.11.10/jooq-meta-3.11.10.jar:/home/user/.m2/repository/org/jooq/jooq-codegen/3.11.10/jooq-codegen-3.11.10.jar:/home/user/.m2/repository/com/jolbox/bonecp/0.8.0.RELEASE/bonecp-0.8.0.RELEASE.jar:/home/user/.m2/repository/org/springframework/spring-jdbc/5.1.3.RELEASE/spring-jdbc-5.1.3.RELEASE.jar:/home/user/.m2/repository/org/springframework/spring-beans/5.1.3.RELEASE/spring-beans-5.1.3.RELEASE.jar:/home/user/.m2/repository/org/springframework/spring-core/5.1.3.RELEASE/spring-core-5.1.3.RELEASE.jar:/home/user/.m2/repository/org/springframework/spring-jcl/5.1.3.RELEASE/spring-jcl-5.1.3.RELEASE.jar:/home/user/.m2/repository/org/springframework/spring-tx/5.1.3.RELEASE/spring-tx-5.1.3.RELEASE.jar:/home/user/.m2/repository/org/mockito/mockito-core/2.15.0/mockito-core-2.15.0.jar:/home/user/.m2/repository/net/bytebuddy/byte-buddy/1.7.9/byte-buddy-1.7.9.jar:/home/user/.m2/repository/net/bytebuddy/byte-buddy-agent/1.7.9/byte-buddy-agent-1.7.9.jar:/home/user/.m2/repository/org/objenesis/objenesis/1.0/objenesis-1.0.jar:"/>
    <property name="sun.cpu.endian" value="little"/>
    <property name="user.home" value="/home/user"/>
    <property name="user.language" value="en"/>
    <property name="java.specification.vendor" value="Oracle Corporation"/>
    <property name="java.home" value="/usr/lib/jvm/java-1.8-openjdk/jre"/>
    <property name="java.security.krb5.conf" value="/workdir/hadoop-ozone/tools/target/test-classes/krb5.conf"/>
    <property name="basedir" value="/workdir/hadoop-ozone/tools"/>
    <property name="file.separator" value="/"/>
    <property name="line.separator" value="&#10;"/>
    <property name="java.vm.specification.vendor" value="Oracle Corporation"/>
    <property name="java.specification.name" value="Java Platform API Specification"/>
    <property name="java.awt.graphicsenv" value="sun.awt.X11GraphicsEnvironment"/>
    <property name="surefire.real.class.path" value="/workdir/hadoop-ozone/tools/target/surefire/surefirebooter7656189480562480254.jar"/>
    <property name="hadoop.log.dir" value="/workdir/hadoop-ozone/tools/target/log"/>
    <property name="sun.boot.class.path" value="/usr/lib/jvm/java-1.8-openjdk/jre/lib/resources.jar:/usr/lib/jvm/java-1.8-openjdk/jre/lib/rt.jar:/usr/lib/jvm/java-1.8-openjdk/jre/lib/sunrsasign.jar:/usr/lib/jvm/java-1.8-openjdk/jre/lib/jsse.jar:/usr/lib/jvm/java-1.8-openjdk/jre/lib/jce.jar:/usr/lib/jvm/java-1.8-openjdk/jre/lib/charsets.jar:/usr/lib/jvm/java-1.8-openjdk/jre/lib/jfr.jar:/usr/lib/jvm/java-1.8-openjdk/jre/classes"/>
    <property name="sun.management.compiler" value="HotSpot 64-Bit Tiered Compilers"/>
    <property name="java.runtime.version" value="1.8.0_212-b04"/>
    <property name="java.net.preferIPv4Stack" value="true"/>
    <property name="user.name" value="jenkins1000"/>
    <property name="path.separator" value=":"/>
    <property name="java.security.egd" value="file:///dev/urandom"/>
    <property name="os.version" value="3.10.0-957.12.2.el7.x86_64"/>
    <property name="java.endorsed.dirs" value="/usr/lib/jvm/java-1.8-openjdk/jre/lib/endorsed"/>
    <property name="java.runtime.name" value="OpenJDK Runtime Environment"/>
    <property name="file.encoding" value="UTF-8"/>
    <property name="java.vm.name" value="OpenJDK 64-Bit Server VM"/>
    <property name="test.build.webapps" value=""/>
    <property name="localRepository" value="/home/user/.m2/repository"/>
    <property name="java.vendor.url.bug" value="https://icedtea.classpath.org/bugzilla"/>
    <property name="java.io.tmpdir" value="/tmp"/>
    <property name="require.test.libhadoop" value=""/>
    <property name="java.version" value="1.8.0_212"/>
    <property name="user.dir" value="/workdir/hadoop-ozone/tools"/>
    <property name="os.arch" value="amd64"/>
    <property name="java.vm.specification.name" value="Java Virtual Machine Specification"/>
    <property name="test.build.classes" value="/workdir/hadoop-ozone/tools/target/test-classes"/>
    <property name="java.awt.printerjob" value="sun.print.PSPrinterJob"/>
    <property name="sun.os.patch.level" value="unknown"/>
    <property name="hadoop.tmp.dir" value="/workdir/hadoop-ozone/tools/target/tmp"/>
    <property name="java.library.path" value="/usr/lib/jvm/java-1.8-openjdk/jre/lib/amd64/server:/usr/lib/jvm/java-1.8-openjdk/jre/lib/amd64:/usr/lib/jvm/java-1.8-openjdk/jre/../lib/amd64:/workdir/hadoop-ozone/tools/target/native/target/usr/local/lib:/workdir/hadoop-ozone/tools/../../hadoop-common-project/hadoop-common/target/native/target/usr/local/lib:/usr/java/packages/lib/amd64:/usr/lib64:/lib64:/lib:/usr/lib"/>
    <property name="java.vm.info" value="mixed mode"/>
    <property name="java.vendor" value="IcedTea"/>
    <property name="java.vm.version" value="25.212-b04"/>
    <property name="java.ext.dirs" value="/usr/lib/jvm/java-1.8-openjdk/jre/lib/ext:/usr/java/packages/lib/ext"/>
    <property name="sun.io.unicode.encoding" value="UnicodeLittle"/>
    <property name="java.class.version" value="52.0"/>
  </properties>
  <testcase name="ratisTest3" classname="org.apache.hadoop.ozone.freon.TestRandomKeyGenerator" time="15.328"/>
  <testcase name="testThreadPoolSize" classname="org.apache.hadoop.ozone.freon.TestRandomKeyGenerator" time="5.037"/>
  <testcase name="defaultTest" classname="org.apache.hadoop.ozone.freon.TestRandomKeyGenerator" time="5.035"/>
  <testcase name="bigFileThan2GB" classname="org.apache.hadoop.ozone.freon.TestRandomKeyGenerator" time="73.472">
    <error message="Allocated 0 blocks. Requested 1 blocks" type="INTERNAL_ERROR org.apache.hadoop.ozone.om.exceptions.OMException">INTERNAL_ERROR org.apache.hadoop.ozone.om.exceptions.OMException: Allocated 0 blocks. Requested 1 blocks
	at org.apache.hadoop.ozone.om.protocolPB.OzoneManagerProtocolClientSideTranslatorPB.handleError(OzoneManagerProtocolClientSideTranslatorPB.java:725)
	at org.apache.hadoop.ozone.om.protocolPB.OzoneManagerProtocolClientSideTranslatorPB.allocateBlock(OzoneManagerProtocolClientSideTranslatorPB.java:757)
	at org.apache.hadoop.ozone.client.io.BlockOutputStreamEntryPool.allocateNewBlock(BlockOutputStreamEntryPool.java:248)
	at org.apache.hadoop.ozone.client.io.BlockOutputStreamEntryPool.allocateBlockIfNeeded(BlockOutputStreamEntryPool.java:296)
	at org.apache.hadoop.ozone.client.io.KeyOutputStream.handleWrite(KeyOutputStream.java:201)
	at org.apache.hadoop.ozone.client.io.KeyOutputStream.write(KeyOutputStream.java:193)
	at org.apache.hadoop.ozone.client.io.OzoneOutputStream.write(OzoneOutputStream.java:49)
	at org.apache.hadoop.ozone.freon.RandomKeyGenerator.createKey(RandomKeyGenerator.java:699)
	at org.apache.hadoop.ozone.freon.RandomKeyGenerator.access$1100(RandomKeyGenerator.java:87)
	at org.apache.hadoop.ozone.freon.RandomKeyGenerator$ObjectCreator.run(RandomKeyGenerator.java:606)
	at java.util.concurrent.Executors$RunnableAdapter.call(Executors.java:511)
	at java.util.concurrent.FutureTask.run(FutureTask.java:266)
	at java.util.concurrent.ThreadPoolExecutor.runWorker(ThreadPoolExecutor.java:1149)
	at java.util.concurrent.ThreadPoolExecutor$Worker.run(ThreadPoolExecutor.java:624)
	at java.lang.Thread.run(Thread.java:748)
</error>
    <system-out><![CDATA[2019-08-21 12:27:44,036 [grpc-default-executor-4] WARN  client.GrpcClientProtocolService (LogUtils.java:warn(134)) - 17-UnorderedRequestStreamObserver17: onError: org.apache.ratis.thirdparty.io.grpc.StatusRuntimeException: CANCELLED: cancelled before receiving half close
2019-08-21 12:27:44,151 | INFO  | SCMAudit | user=jenkins1000 | ip=192.168.34.23 | op=SEND_HEARTBEAT {datanodeUUID=270584e6-a4a8-4db5-8151-214655ce1a56, command=[]} | ret=SUCCESS |  
2019-08-21 12:27:44,172 | INFO  | SCMAudit | user=jenkins1000 | ip=192.168.34.23 | op=SEND_HEARTBEAT {datanodeUUID=09fb9ab4-1b8d-44c0-9f8c-50855c6f1fed, command=[]} | ret=SUCCESS |  
2019-08-21 12:27:44,173 | INFO  | SCMAudit | user=jenkins1000 | ip=192.168.34.23 | op=SEND_HEARTBEAT {datanodeUUID=af078b8b-61ec-497f-9506-472d46a72462, command=[]} | ret=SUCCESS |  
2019-08-21 12:27:44,757 | INFO  | SCMAudit | user=jenkins1000 | ip=192.168.34.23 | op=SEND_HEARTBEAT {datanodeUUID=39ae8c09-9b4b-4ddc-906b-4e52d104e1b1, command=[]} | ret=SUCCESS |  
2019-08-21 12:27:44,984 | INFO  | SCMAudit | user=jenkins1000 | ip=192.168.34.23 | op=SEND_HEARTBEAT {datanodeUUID=0aa4def6-fe9f-4182-b0b1-80406548816f, command=[]} | ret=SUCCESS |  
2019-08-21 12:27:45,151 | INFO  | SCMAudit | user=jenkins1000 | ip=192.168.34.23 | op=SEND_HEARTBEAT {datanodeUUID=270584e6-a4a8-4db5-8151-214655ce1a56, command=[]} | ret=SUCCESS |  
2019-08-21 12:27:45,171 | INFO  | SCMAudit | user=jenkins1000 | ip=192.168.34.23 | op=SEND_HEARTBEAT {datanodeUUID=09fb9ab4-1b8d-44c0-9f8c-50855c6f1fed, command=[]} | ret=SUCCESS |  
2019-08-21 12:27:45,172 | INFO  | SCMAudit | user=jenkins1000 | ip=192.168.34.23 | op=SEND_HEARTBEAT {datanodeUUID=af078b8b-61ec-497f-9506-472d46a72462, command=[]} | ret=SUCCESS |  
2019-08-21 12:27:45,757 | INFO  | SCMAudit | user=jenkins1000 | ip=192.168.34.23 | op=SEND_HEARTBEAT {datanodeUUID=39ae8c09-9b4b-4ddc-906b-4e52d104e1b1, command=[]} | ret=SUCCESS |  
2019-08-21 12:27:45,985 | INFO  | SCMAudit | user=jenkins1000 | ip=192.168.34.23 | op=SEND_HEARTBEAT {datanodeUUID=0aa4def6-fe9f-4182-b0b1-80406548816f, command=[]} | ret=SUCCESS |  
2019-08-21 12:27:46,150 | INFO  | SCMAudit | user=jenkins1000 | ip=192.168.34.23 | op=SEND_HEARTBEAT {datanodeUUID=270584e6-a4a8-4db5-8151-214655ce1a56, command=[]} | ret=SUCCESS |  
2019-08-21 12:27:46,172 | INFO  | SCMAudit | user=jenkins1000 | ip=192.168.34.23 | op=SEND_HEARTBEAT {datanodeUUID=09fb9ab4-1b8d-44c0-9f8c-50855c6f1fed, command=[]} | ret=SUCCESS |  
2019-08-21 12:27:46,173 | INFO  | SCMAudit | user=jenkins1000 | ip=192.168.34.23 | op=SEND_HEARTBEAT {datanodeUUID=af078b8b-61ec-497f-9506-472d46a72462, command=[]} | ret=SUCCESS |  
2019-08-21 12:27:46,761 | INFO  | SCMAudit | user=jenkins1000 | ip=192.168.34.23 | op=SEND_HEARTBEAT {datanodeUUID=39ae8c09-9b4b-4ddc-906b-4e52d104e1b1, command=[]} | ret=SUCCESS |  
2019-08-21 12:27:46,984 | INFO  | SCMAudit | user=jenkins1000 | ip=192.168.34.23 | op=SEND_HEARTBEAT {datanodeUUID=0aa4def6-fe9f-4182-b0b1-80406548816f, command=[]} | ret=SUCCESS |  
2019-08-21 12:27:47,151 | INFO  | SCMAudit | user=jenkins1000 | ip=192.168.34.23 | op=SEND_HEARTBEAT {datanodeUUID=270584e6-a4a8-4db5-8151-214655ce1a56, command=[]} | ret=SUCCESS |  
2019-08-21 12:27:47,172 | INFO  | SCMAudit | user=jenkins1000 | ip=192.168.34.23 | op=SEND_HEARTBEAT {datanodeUUID=af078b8b-61ec-497f-9506-472d46a72462, command=[]} | ret=SUCCESS |  
2019-08-21 12:27:47,173 | INFO  | SCMAudit | user=jenkins1000 | ip=192.168.34.23 | op=SEND_HEARTBEAT {datanodeUUID=09fb9ab4-1b8d-44c0-9f8c-50855c6f1fed, command=[]} | ret=SUCCESS |  
2019-08-21 12:27:47,758 | INFO  | SCMAudit | user=jenkins1000 | ip=192.168.34.23 | op=SEND_HEARTBEAT {datanodeUUID=39ae8c09-9b4b-4ddc-906b-4e52d104e1b1, command=[]} | ret=SUCCESS |  
2019-08-21 12:27:47,984 | INFO  | SCMAudit | user=jenkins1000 | ip=192.168.34.23 | op=SEND_HEARTBEAT {datanodeUUID=0aa4def6-fe9f-4182-b0b1-80406548816f, command=[]} | ret=SUCCESS |  
2019-08-21 12:27:48,152 | INFO  | SCMAudit | user=jenkins1000 | ip=192.168.34.23 | op=SEND_HEARTBEAT {datanodeUUID=270584e6-a4a8-4db5-8151-214655ce1a56, command=[]} | ret=SUCCESS |  
2019-08-21 12:27:48,173 | INFO  | SCMAudit | user=jenkins1000 | ip=192.168.34.23 | op=SEND_HEARTBEAT {datanodeUUID=af078b8b-61ec-497f-9506-472d46a72462, command=[]} | ret=SUCCESS |  
2019-08-21 12:27:48,173 | INFO  | SCMAudit | user=jenkins1000 | ip=192.168.34.23 | op=SEND_HEARTBEAT {datanodeUUID=09fb9ab4-1b8d-44c0-9f8c-50855c6f1fed, command=[]} | ret=SUCCESS |  
2019-08-21 12:27:48,758 | INFO  | SCMAudit | user=jenkins1000 | ip=192.168.34.23 | op=SEND_HEARTBEAT {datanodeUUID=39ae8c09-9b4b-4ddc-906b-4e52d104e1b1, command=[]} | ret=SUCCESS |  
2019-08-21 12:27:48,984 | INFO  | SCMAudit | user=jenkins1000 | ip=192.168.34.23 | op=SEND_HEARTBEAT {datanodeUUID=0aa4def6-fe9f-4182-b0b1-80406548816f, command=[]} | ret=SUCCESS |  
2019-08-21 12:27:49,152 | INFO  | SCMAudit | user=jenkins1000 | ip=192.168.34.23 | op=SEND_HEARTBEAT {datanodeUUID=270584e6-a4a8-4db5-8151-214655ce1a56, command=[]} | ret=SUCCESS |  
2019-08-21 12:27:49,173 | INFO  | SCMAudit | user=jenkins1000 | ip=192.168.34.23 | op=SEND_HEARTBEAT {datanodeUUID=af078b8b-61ec-497f-9506-472d46a72462, command=[]} | ret=SUCCESS |  
2019-08-21 12:27:49,174 | INFO  | SCMAudit | user=jenkins1000 | ip=192.168.34.23 | op=SEND_HEARTBEAT {datanodeUUID=09fb9ab4-1b8d-44c0-9f8c-50855c6f1fed, command=[]} | ret=SUCCESS |  
2019-08-21 12:27:49,758 | INFO  | SCMAudit | user=jenkins1000 | ip=192.168.34.23 | op=SEND_HEARTBEAT {datanodeUUID=39ae8c09-9b4b-4ddc-906b-4e52d104e1b1, command=[]} | ret=SUCCESS |  
2019-08-21 12:27:49,984 | INFO  | SCMAudit | user=jenkins1000 | ip=192.168.34.23 | op=SEND_HEARTBEAT {datanodeUUID=0aa4def6-fe9f-4182-b0b1-80406548816f, command=[]} | ret=SUCCESS |  
2019-08-21 12:27:50,151 | INFO  | SCMAudit | user=jenkins1000 | ip=192.168.34.23 | op=SEND_HEARTBEAT {datanodeUUID=270584e6-a4a8-4db5-8151-214655ce1a56, command=[]} | ret=SUCCESS |  
2019-08-21 12:27:50,173 | INFO  | SCMAudit | user=jenkins1000 | ip=192.168.34.23 | op=SEND_HEARTBEAT {datanodeUUID=09fb9ab4-1b8d-44c0-9f8c-50855c6f1fed, command=[]} | ret=SUCCESS |  
2019-08-21 12:27:50,174 | INFO  | SCMAudit | user=jenkins1000 | ip=192.168.34.23 | op=SEND_HEARTBEAT {datanodeUUID=af078b8b-61ec-497f-9506-472d46a72462, command=[]} | ret=SUCCESS |  
2019-08-21 12:27:50,758 | INFO  | SCMAudit | user=jenkins1000 | ip=192.168.34.23 | op=SEND_HEARTBEAT {datanodeUUID=39ae8c09-9b4b-4ddc-906b-4e52d104e1b1, command=[]} | ret=SUCCESS |  
2019-08-21 12:27:50,984 | INFO  | SCMAudit | user=jenkins1000 | ip=192.168.34.23 | op=SEND_HEARTBEAT {datanodeUUID=0aa4def6-fe9f-4182-b0b1-80406548816f, command=[]} | ret=SUCCESS |  
2019-08-21 12:27:51,152 | INFO  | SCMAudit | user=jenkins1000 | ip=192.168.34.23 | op=SEND_HEARTBEAT {datanodeUUID=270584e6-a4a8-4db5-8151-214655ce1a56, command=[]} | ret=SUCCESS |  
2019-08-21 12:27:51,173 | INFO  | SCMAudit | user=jenkins1000 | ip=192.168.34.23 | op=SEND_HEARTBEAT {datanodeUUID=af078b8b-61ec-497f-9506-472d46a72462, command=[]} | ret=SUCCESS |  
2019-08-21 12:27:51,174 | INFO  | SCMAudit | user=jenkins1000 | ip=192.168.34.23 | op=SEND_HEARTBEAT {datanodeUUID=09fb9ab4-1b8d-44c0-9f8c-50855c6f1fed, command=[]} | ret=SUCCESS |  
2019-08-21 12:27:51,758 | INFO  | SCMAudit | user=jenkins1000 | ip=192.168.34.23 | op=SEND_HEARTBEAT {datanodeUUID=39ae8c09-9b4b-4ddc-906b-4e52d104e1b1, command=[]} | ret=SUCCESS |  
2019-08-21 12:27:51,984 | INFO  | SCMAudit | user=jenkins1000 | ip=192.168.34.23 | op=SEND_HEARTBEAT {datanodeUUID=0aa4def6-fe9f-4182-b0b1-80406548816f, command=[]} | ret=SUCCESS |  
2019-08-21 12:27:52,152 | INFO  | SCMAudit | user=jenkins1000 | ip=192.168.34.23 | op=SEND_HEARTBEAT {datanodeUUID=270584e6-a4a8-4db5-8151-214655ce1a56, command=[]} | ret=SUCCESS |  
2019-08-21 12:27:52,174 | INFO  | SCMAudit | user=jenkins1000 | ip=192.168.34.23 | op=SEND_HEARTBEAT {datanodeUUID=09fb9ab4-1b8d-44c0-9f8c-50855c6f1fed, command=[]} | ret=SUCCESS |  
2019-08-21 12:27:52,174 | INFO  | SCMAudit | user=jenkins1000 | ip=192.168.34.23 | op=SEND_HEARTBEAT {datanodeUUID=af078b8b-61ec-497f-9506-472d46a72462, command=[]} | ret=SUCCESS |  
2019-08-21 12:27:52,346 [main] INFO  freon.RandomKeyGenerator (RandomKeyGenerator.java:call(275)) - Number of Threads: 1
2019-08-21 12:27:52,347 [main] INFO  freon.RandomKeyGenerator (RandomKeyGenerator.java:call(280)) - Number of Volumes: 1.
2019-08-21 12:27:52,347 [main] INFO  freon.RandomKeyGenerator (RandomKeyGenerator.java:call(281)) - Number of Buckets per Volume: 1.
2019-08-21 12:27:52,348 [main] INFO  freon.RandomKeyGenerator (RandomKeyGenerator.java:call(282)) - Number of Keys per Bucket: 1.
2019-08-21 12:27:52,348 [main] INFO  freon.RandomKeyGenerator (RandomKeyGenerator.java:call(283)) - Key size: 2147483657 bytes
2019-08-21 12:27:52,348 [main] INFO  freon.RandomKeyGenerator (RandomKeyGenerator.java:call(284)) - Buffer size: 4096 bytes
2019-08-21 12:27:52,351 [pool-282-thread-1] INFO  rpc.RpcClient (RpcClient.java:createVolume(292)) - Creating Volume: vol-0-06517, with jenkins1000 as owner.
2019-08-21 12:27:52,351 [main] INFO  freon.RandomKeyGenerator (RandomKeyGenerator.java:call(298)) - Data validation is enabled.
2019-08-21 12:27:52,352 [main] INFO  freon.RandomKeyGenerator (RandomKeyGenerator.java:call(304)) - Starting progress bar Thread.

 0.00% |█                                                                                                    |  0/1 Time: 0:00:002019-08-21 12:27:52,362 | INFO  | OMAudit | user=jenkins1000 | ip=127.0.0.1 | op=CREATE_VOLUME {admin=jenkins1000, owner=jenkins1000, volume=vol-0-06517, creationTime=1566390472361, quotaInBytes=1152921504606846976} | ret=SUCCESS |  
2019-08-21 12:27:52,366 | INFO  | OMAudit | user=jenkins1000 | ip=127.0.0.1 | op=READ_VOLUME {volume=vol-0-06517} | ret=SUCCESS |  
2019-08-21 12:27:52,368 [pool-282-thread-1] INFO  rpc.RpcClient (RpcClient.java:createBucket(431)) - Creating Bucket: vol-0-06517/bucket-0-64549, with Versioning false and Storage Type set to DISK and Encryption set to false 
2019-08-21 12:27:52,371 | INFO  | OMAudit | user=jenkins1000 | ip=127.0.0.1 | op=CREATE_BUCKET {volume=vol-0-06517, bucket=bucket-0-64549, acls=[user:jenkins1000:a[ACCESS], group:default:a[ACCESS]], isVersionEnabled=false, storageType=DISK, creationTime=0} | ret=SUCCESS |  
2019-08-21 12:27:52,375 | INFO  | OMAudit | user=jenkins1000 | ip=127.0.0.1 | op=READ_BUCKET {volume=vol-0-06517, bucket=bucket-0-64549} | ret=SUCCESS |  
2019-08-21 12:27:52,398 | INFO  | SCMAudit | user=jenkins1000 | ip=192.168.34.23 | op=ALLOCATE_BLOCK {owner=b79f83c9-5f7d-4caf-af30-78af34bc5eea, size=4194304, type=RATIS, factor=THREE} | ret=SUCCESS |  
2019-08-21 12:27:52,425 | INFO  | OMAudit | user=jenkins1000 | ip=127.0.0.1 | op=ALLOCATE_KEY {volume=vol-0-06517, bucket=bucket-0-64549, key=key-0-34512, dataSize=2147483657, replicationType=RATIS, replicationFactor=THREE, keyLocationInfo=null} | ret=SUCCESS |  
2019-08-21 12:27:52,487 | INFO  | DNAudit | user=null | ip=null | op=WRITE_CHUNK {blockData=conID: 2 locID: 102654965998420371 bcsId: 0} | ret=SUCCESS |  
2019-08-21 12:27:52,498 | INFO  | DNAudit | user=null | ip=null | op=WRITE_CHUNK {blockData=conID: 2 locID: 102654965998420371 bcsId: 0} | ret=SUCCESS |  
2019-08-21 12:27:52,502 | INFO  | DNAudit | user=null | ip=null | op=WRITE_CHUNK {blockData=conID: 2 locID: 102654965998420371 bcsId: 0} | ret=SUCCESS |  
2019-08-21 12:27:52,513 | INFO  | DNAudit | user=null | ip=null | op=WRITE_CHUNK {blockData=conID: 2 locID: 102654965998420371 bcsId: 0} | ret=SUCCESS |  
2019-08-21 12:27:52,517 [grpc-default-executor-1] INFO  client.GrpcClientProtocolClient (GrpcClientProtocolClient.java:onNext(255)) - client-C954105195FD->270584e6-a4a8-4db5-8151-214655ce1a56: receive RaftClientReply:client-C954105195FD->270584e6-a4a8-4db5-8151-214655ce1a56@group-787F5BA3AA67, cid=599, SUCCESS, logIndex=708, commits[270584e6-a4a8-4db5-8151-214655ce1a56:c708, af078b8b-61ec-497f-9506-472d46a72462:c707, 09fb9ab4-1b8d-44c0-9f8c-50855c6f1fed:c707]
2019-08-21 12:27:52,534 | INFO  | DNAudit | user=null | ip=null | op=WRITE_CHUNK {blockData=conID: 2 locID: 102654965998420371 bcsId: 0} | ret=SUCCESS |  
2019-08-21 12:27:52,534 | INFO  | DNAudit | user=null | ip=null | op=WRITE_CHUNK {blockData=conID: 2 locID: 102654965998420371 bcsId: 0} | ret=SUCCESS |  
2019-08-21 12:27:52,546 | INFO  | DNAudit | user=null | ip=null | op=WRITE_CHUNK {blockData=conID: 2 locID: 102654965998420371 bcsId: 0} | ret=SUCCESS |  
2019-08-21 12:27:52,548 | INFO  | DNAudit | user=null | ip=null | op=PUT_BLOCK {blockData=[blockId=conID: 2 locID: 102654965998420371 bcsId: 0,size=1048576]} | ret=SUCCESS |  
2019-08-21 12:27:52,553 [grpc-default-executor-4] INFO  client.GrpcClientProtocolClient (GrpcClientProtocolClient.java:onNext(255)) - client-C954105195FD->270584e6-a4a8-4db5-8151-214655ce1a56: receive RaftClientReply:client-C954105195FD->270584e6-a4a8-4db5-8151-214655ce1a56@group-787F5BA3AA67, cid=600, SUCCESS, logIndex=710, commits[270584e6-a4a8-4db5-8151-214655ce1a56:c710, af078b8b-61ec-497f-9506-472d46a72462:c708, 09fb9ab4-1b8d-44c0-9f8c-50855c6f1fed:c708]
2019-08-21 12:27:52,557 | INFO  | DNAudit | user=null | ip=null | op=WRITE_CHUNK {blockData=conID: 2 locID: 102654965998420371 bcsId: 0} | ret=SUCCESS |  
2019-08-21 12:27:52,557 | INFO  | DNAudit | user=null | ip=null | op=WRITE_CHUNK {blockData=conID: 2 locID: 102654965998420371 bcsId: 0} | ret=SUCCESS |  
2019-08-21 12:27:52,560 | INFO  | DNAudit | user=null | ip=null | op=PUT_BLOCK {blockData=[blockId=conID: 2 locID: 102654965998420371 bcsId: 0,size=1048576]} | ret=SUCCESS |  
2019-08-21 12:27:52,560 | INFO  | DNAudit | user=null | ip=null | op=WRITE_CHUNK {blockData=conID: 2 locID: 102654965998420371 bcsId: 0} | ret=SUCCESS |  
2019-08-21 12:27:52,561 | INFO  | DNAudit | user=null | ip=null | op=PUT_BLOCK {blockData=[blockId=conID: 2 locID: 102654965998420371 bcsId: 0,size=1048576]} | ret=SUCCESS |  
2019-08-21 12:27:52,561 | INFO  | DNAudit | user=null | ip=null | op=PUT_BLOCK {blockData=[blockId=conID: 2 locID: 102654965998420371 bcsId: 0,size=2097152]} | ret=SUCCESS |  
2019-08-21 12:27:52,562 [grpc-default-executor-5] INFO  client.GrpcClientProtocolClient (GrpcClientProtocolClient.java:onNext(255)) - client-C954105195FD->270584e6-a4a8-4db5-8151-214655ce1a56: receive RaftClientReply:client-C954105195FD->270584e6-a4a8-4db5-8151-214655ce1a56@group-787F5BA3AA67, cid=601, SUCCESS, logIndex=711, commits[270584e6-a4a8-4db5-8151-214655ce1a56:c713, af078b8b-61ec-497f-9506-472d46a72462:c710, 09fb9ab4-1b8d-44c0-9f8c-50855c6f1fed:c708]
2019-08-21 12:27:52,563 [grpc-default-executor-5] INFO  client.GrpcClientProtocolClient (GrpcClientProtocolClient.java:onNext(255)) - client-C954105195FD->270584e6-a4a8-4db5-8151-214655ce1a56: receive RaftClientReply:client-C954105195FD->270584e6-a4a8-4db5-8151-214655ce1a56@group-787F5BA3AA67, cid=602, SUCCESS, logIndex=712, commits[270584e6-a4a8-4db5-8151-214655ce1a56:c713, af078b8b-61ec-497f-9506-472d46a72462:c710, 09fb9ab4-1b8d-44c0-9f8c-50855c6f1fed:c710]
2019-08-21 12:27:52,573 | INFO  | DNAudit | user=null | ip=null | op=WRITE_CHUNK {blockData=conID: 2 locID: 102654965998420371 bcsId: 0} | ret=SUCCESS |  
2019-08-21 12:27:52,573 | INFO  | DNAudit | user=null | ip=null | op=WRITE_CHUNK {blockData=conID: 2 locID: 102654965998420371 bcsId: 0} | ret=SUCCESS |  
2019-08-21 12:27:52,584 | INFO  | DNAudit | user=null | ip=null | op=WRITE_CHUNK {blockData=conID: 2 locID: 102654965998420371 bcsId: 712} | ret=SUCCESS |  
2019-08-21 12:27:52,591 | INFO  | DNAudit | user=null | ip=null | op=WRITE_CHUNK {blockData=conID: 2 locID: 102654965998420371 bcsId: 712} | ret=SUCCESS |  
2019-08-21 12:27:52,591 | INFO  | DNAudit | user=null | ip=null | op=WRITE_CHUNK {blockData=conID: 2 locID: 102654965998420371 bcsId: 712} | ret=SUCCESS |  
2019-08-21 12:27:52,597 | INFO  | DNAudit | user=null | ip=null | op=PUT_BLOCK {blockData=[blockId=conID: 2 locID: 102654965998420371 bcsId: 0,size=2097152]} | ret=SUCCESS |  
2019-08-21 12:27:52,598 | INFO  | DNAudit | user=null | ip=null | op=PUT_BLOCK {blockData=[blockId=conID: 2 locID: 102654965998420371 bcsId: 0,size=2097152]} | ret=SUCCESS |  
2019-08-21 12:27:52,598 | INFO  | DNAudit | user=null | ip=null | op=WRITE_CHUNK {blockData=conID: 2 locID: 102654965998420371 bcsId: 712} | ret=SUCCESS |  
2019-08-21 12:27:52,599 | INFO  | DNAudit | user=null | ip=null | op=PUT_BLOCK {blockData=[blockId=conID: 2 locID: 102654965998420371 bcsId: 0,size=3145728]} | ret=SUCCESS |  
2019-08-21 12:27:52,600 [grpc-default-executor-4] INFO  client.GrpcClientProtocolClient (GrpcClientProtocolClient.java:onNext(255)) - client-C954105195FD->270584e6-a4a8-4db5-8151-214655ce1a56: receive RaftClientReply:client-C954105195FD->270584e6-a4a8-4db5-8151-214655ce1a56@group-787F5BA3AA67, cid=603, SUCCESS, logIndex=715, commits[270584e6-a4a8-4db5-8151-214655ce1a56:c716, af078b8b-61ec-497f-9506-472d46a72462:c714, 09fb9ab4-1b8d-44c0-9f8c-50855c6f1fed:c714]
2019-08-21 12:27:52,600 [grpc-default-executor-4] INFO  client.GrpcClientProtocolClient (GrpcClientProtocolClient.java:onNext(255)) - client-C954105195FD->270584e6-a4a8-4db5-8151-214655ce1a56: receive RaftClientReply:client-C954105195FD->270584e6-a4a8-4db5-8151-214655ce1a56@group-787F5BA3AA67, cid=604, SUCCESS, logIndex=716, commits[270584e6-a4a8-4db5-8151-214655ce1a56:c716, af078b8b-61ec-497f-9506-472d46a72462:c714, 09fb9ab4-1b8d-44c0-9f8c-50855c6f1fed:c714]
2019-08-21 12:27:52,602 | INFO  | DNAudit | user=null | ip=null | op=WRITE_CHUNK {blockData=conID: 2 locID: 102654965998420371 bcsId: 712} | ret=SUCCESS |  
2019-08-21 12:27:52,602 | INFO  | DNAudit | user=null | ip=null | op=WRITE_CHUNK {blockData=conID: 2 locID: 102654965998420371 bcsId: 712} | ret=SUCCESS |  
2019-08-21 12:27:52,603 | INFO  | DNAudit | user=null | ip=null | op=PUT_BLOCK {blockData=[blockId=conID: 2 locID: 102654965998420371 bcsId: 0,size=3145728]} | ret=SUCCESS |  
2019-08-21 12:27:52,604 | INFO  | DNAudit | user=null | ip=null | op=PUT_BLOCK {blockData=[blockId=conID: 2 locID: 102654965998420371 bcsId: 0,size=3145728]} | ret=SUCCESS |  
2019-08-21 12:27:52,614 | INFO  | DNAudit | user=null | ip=null | op=WRITE_CHUNK {blockData=conID: 2 locID: 102654965998420371 bcsId: 716} | ret=SUCCESS |  
2019-08-21 12:27:52,619 | INFO  | DNAudit | user=null | ip=null | op=WRITE_CHUNK {blockData=conID: 2 locID: 102654965998420371 bcsId: 716} | ret=SUCCESS |  
2019-08-21 12:27:52,622 | INFO  | DNAudit | user=null | ip=null | op=WRITE_CHUNK {blockData=conID: 2 locID: 102654965998420371 bcsId: 716} | ret=SUCCESS |  
2019-08-21 12:27:52,623 | INFO  | DNAudit | user=null | ip=null | op=PUT_BLOCK {blockData=[blockId=conID: 2 locID: 102654965998420371 bcsId: 0,size=4194304]} | ret=SUCCESS |  
2019-08-21 12:27:52,623 | INFO  | DNAudit | user=null | ip=null | op=WRITE_CHUNK {blockData=conID: 2 locID: 102654965998420371 bcsId: 716} | ret=SUCCESS |  
2019-08-21 12:27:52,624 [grpc-default-executor-4] INFO  client.GrpcClientProtocolClient (GrpcClientProtocolClient.java:onNext(255)) - client-C954105195FD->270584e6-a4a8-4db5-8151-214655ce1a56: receive RaftClientReply:client-C954105195FD->270584e6-a4a8-4db5-8151-214655ce1a56@group-787F5BA3AA67, cid=605, SUCCESS, logIndex=719, commits[270584e6-a4a8-4db5-8151-214655ce1a56:c720, af078b8b-61ec-497f-9506-472d46a72462:c718, 09fb9ab4-1b8d-44c0-9f8c-50855c6f1fed:c716]
2019-08-21 12:27:52,624 [grpc-default-executor-4] INFO  client.GrpcClientProtocolClient (GrpcClientProtocolClient.java:onNext(255)) - client-C954105195FD->270584e6-a4a8-4db5-8151-214655ce1a56: receive RaftClientReply:client-C954105195FD->270584e6-a4a8-4db5-8151-214655ce1a56@group-787F5BA3AA67, cid=606, SUCCESS, logIndex=720, commits[270584e6-a4a8-4db5-8151-214655ce1a56:c720, af078b8b-61ec-497f-9506-472d46a72462:c718, 09fb9ab4-1b8d-44c0-9f8c-50855c6f1fed:c716]
2019-08-21 12:27:52,625 | INFO  | DNAudit | user=null | ip=null | op=WRITE_CHUNK {blockData=conID: 2 locID: 102654965998420371 bcsId: 716} | ret=SUCCESS |  
2019-08-21 12:27:52,626 | INFO  | DNAudit | user=null | ip=null | op=WRITE_CHUNK {blockData=conID: 2 locID: 102654965998420371 bcsId: 716} | ret=SUCCESS |  
2019-08-21 12:27:52,626 | INFO  | DNAudit | user=null | ip=null | op=PUT_BLOCK {blockData=[blockId=conID: 2 locID: 102654965998420371 bcsId: 0,size=4194304]} | ret=SUCCESS |  
2019-08-21 12:27:52,627 | INFO  | DNAudit | user=null | ip=null | op=PUT_BLOCK {blockData=[blockId=conID: 2 locID: 102654965998420371 bcsId: 0,size=4194304]} | ret=SUCCESS |  
2019-08-21 12:27:52,631 [grpc-default-executor-1] INFO  client.GrpcClientProtocolClient (GrpcClientProtocolClient.java:onNext(255)) - client-C954105195FD->270584e6-a4a8-4db5-8151-214655ce1a56: receive RaftClientReply:client-C954105195FD->270584e6-a4a8-4db5-8151-214655ce1a56@group-787F5BA3AA67, cid=607, SUCCESS, logIndex=0, commits[270584e6-a4a8-4db5-8151-214655ce1a56:c722, af078b8b-61ec-497f-9506-472d46a72462:c720, 09fb9ab4-1b8d-44c0-9f8c-50855c6f1fed:c720]
2019-08-21 12:27:52,915 | INFO  | SCMAudit | user=jenkins1000 | ip=192.168.34.23 | op=SEND_HEARTBEAT {datanodeUUID=39ae8c09-9b4b-4ddc-906b-4e52d104e1b1, command=[]} | ret=SUCCESS |  
2019-08-21 12:27:52,918 | INFO  | DNAudit | user=null | ip=null | op=WRITE_CHUNK {blockData=conID: 3 locID: 102654965998420372 bcsId: 0} | ret=SUCCESS |  
2019-08-21 12:27:52,927 | INFO  | DNAudit | user=null | ip=null | op=WRITE_CHUNK {blockData=conID: 3 locID: 102654965998420372 bcsId: 0} | ret=SUCCESS |  
2019-08-21 12:27:52,928 | INFO  | DNAudit | user=null | ip=null | op=WRITE_CHUNK {blockData=conID: 3 locID: 102654965998420372 bcsId: 0} | ret=SUCCESS |  
2019-08-21 12:27:52,930 | INFO  | DNAudit | user=null | ip=null | op=WRITE_CHUNK {blockData=conID: 3 locID: 102654965998420372 bcsId: 0} | ret=SUCCESS |  
2019-08-21 12:27:52,932 | INFO  | DNAudit | user=null | ip=null | op=WRITE_CHUNK {blockData=conID: 3 locID: 102654965998420372 bcsId: 0} | ret=SUCCESS |  
2019-08-21 12:27:52,933 | INFO  | DNAudit | user=null | ip=null | op=PUT_BLOCK {blockData=[blockId=conID: 3 locID: 102654965998420372 bcsId: 0,size=1048576]} | ret=SUCCESS |  
2019-08-21 12:27:52,934 [grpc-default-executor-1] INFO  client.GrpcClientProtocolClient (GrpcClientProtocolClient.java:onNext(255)) - client-C954105195FD->270584e6-a4a8-4db5-8151-214655ce1a56: receive RaftClientReply:client-C954105195FD->270584e6-a4a8-4db5-8151-214655ce1a56@group-787F5BA3AA67, cid=608, SUCCESS, logIndex=723, commits[270584e6-a4a8-4db5-8151-214655ce1a56:c724, af078b8b-61ec-497f-9506-472d46a72462:c722, 09fb9ab4-1b8d-44c0-9f8c-50855c6f1fed:c720]
2019-08-21 12:27:52,935 | INFO  | DNAudit | user=null | ip=null | op=WRITE_CHUNK {blockData=conID: 3 locID: 102654965998420372 bcsId: 0} | ret=SUCCESS |  
2019-08-21 12:27:52,935 | INFO  | DNAudit | user=null | ip=null | op=WRITE_CHUNK {blockData=conID: 3 locID: 102654965998420372 bcsId: 0} | ret=SUCCESS |  
2019-08-21 12:27:52,935 [grpc-default-executor-1] INFO  client.GrpcClientProtocolClient (GrpcClientProtocolClient.java:onNext(255)) - client-C954105195FD->270584e6-a4a8-4db5-8151-214655ce1a56: receive RaftClientReply:client-C954105195FD->270584e6-a4a8-4db5-8151-214655ce1a56@group-787F5BA3AA67, cid=609, SUCCESS, logIndex=724, commits[270584e6-a4a8-4db5-8151-214655ce1a56:c724, af078b8b-61ec-497f-9506-472d46a72462:c722, 09fb9ab4-1b8d-44c0-9f8c-50855c6f1fed:c720]
2019-08-21 12:27:52,944 | INFO  | DNAudit | user=null | ip=null | op=WRITE_CHUNK {blockData=conID: 3 locID: 102654965998420372 bcsId: 0} | ret=SUCCESS |  
2019-08-21 12:27:52,944 | INFO  | DNAudit | user=null | ip=null | op=WRITE_CHUNK {blockData=conID: 3 locID: 102654965998420372 bcsId: 0} | ret=SUCCESS |  
2019-08-21 12:27:52,944 | INFO  | DNAudit | user=null | ip=null | op=PUT_BLOCK {blockData=[blockId=conID: 3 locID: 102654965998420372 bcsId: 0,size=1048576]} | ret=SUCCESS |  
2019-08-21 12:27:52,944 | INFO  | DNAudit | user=null | ip=null | op=WRITE_CHUNK {blockData=conID: 3 locID: 102654965998420372 bcsId: 0} | ret=SUCCESS |  
2019-08-21 12:27:52,945 | INFO  | DNAudit | user=null | ip=null | op=PUT_BLOCK {blockData=[blockId=conID: 3 locID: 102654965998420372 bcsId: 0,size=1048576]} | ret=SUCCESS |  
2019-08-21 12:27:52,946 | INFO  | DNAudit | user=null | ip=null | op=PUT_BLOCK {blockData=[blockId=conID: 3 locID: 102654965998420372 bcsId: 0,size=2097152]} | ret=SUCCESS |  
2019-08-21 12:27:52,946 [grpc-default-executor-1] INFO  client.GrpcClientProtocolClient (GrpcClientProtocolClient.java:onNext(255)) - client-C954105195FD->270584e6-a4a8-4db5-8151-214655ce1a56: receive RaftClientReply:client-C954105195FD->270584e6-a4a8-4db5-8151-214655ce1a56@group-787F5BA3AA67, cid=610, SUCCESS, logIndex=725, commits[270584e6-a4a8-4db5-8151-214655ce1a56:c726, af078b8b-61ec-497f-9506-472d46a72462:c724, 09fb9ab4-1b8d-44c0-9f8c-50855c6f1fed:c722]
2019-08-21 12:27:52,947 [grpc-default-executor-1] INFO  client.GrpcClientProtocolClient (GrpcClientProtocolClient.java:onNext(255)) - client-C954105195FD->270584e6-a4a8-4db5-8151-214655ce1a56: receive RaftClientReply:client-C954105195FD->270584e6-a4a8-4db5-8151-214655ce1a56@group-787F5BA3AA67, cid=611, SUCCESS, logIndex=726, commits[270584e6-a4a8-4db5-8151-214655ce1a56:c728, af078b8b-61ec-497f-9506-472d46a72462:c724, 09fb9ab4-1b8d-44c0-9f8c-50855c6f1fed:c724]
2019-08-21 12:27:52,956 | INFO  | DNAudit | user=null | ip=null | op=WRITE_CHUNK {blockData=conID: 3 locID: 102654965998420372 bcsId: 0} | ret=SUCCESS |  
2019-08-21 12:27:52,956 | INFO  | DNAudit | user=null | ip=null | op=WRITE_CHUNK {blockData=conID: 3 locID: 102654965998420372 bcsId: 0} | ret=SUCCESS |  
2019-08-21 12:27:52,957 | INFO  | DNAudit | user=null | ip=null | op=PUT_BLOCK {blockData=[blockId=conID: 3 locID: 102654965998420372 bcsId: 0,size=2097152]} | ret=SUCCESS |  
2019-08-21 12:27:52,958 | INFO  | DNAudit | user=null | ip=null | op=PUT_BLOCK {blockData=[blockId=conID: 3 locID: 102654965998420372 bcsId: 0,size=2097152]} | ret=SUCCESS |  
2019-08-21 12:27:52,961 | INFO  | DNAudit | user=null | ip=null | op=WRITE_CHUNK {blockData=conID: 3 locID: 102654965998420372 bcsId: 726} | ret=SUCCESS |  
2019-08-21 12:27:52,966 | INFO  | DNAudit | user=null | ip=null | op=WRITE_CHUNK {blockData=conID: 3 locID: 102654965998420372 bcsId: 726} | ret=SUCCESS |  
2019-08-21 12:27:52,969 | INFO  | DNAudit | user=null | ip=null | op=WRITE_CHUNK {blockData=conID: 3 locID: 102654965998420372 bcsId: 726} | ret=SUCCESS |  
2019-08-21 12:27:52,975 | INFO  | DNAudit | user=null | ip=null | op=WRITE_CHUNK {blockData=conID: 3 locID: 102654965998420372 bcsId: 726} | ret=SUCCESS |  
2019-08-21 12:27:52,976 | INFO  | DNAudit | user=null | ip=null | op=PUT_BLOCK {blockData=[blockId=conID: 3 locID: 102654965998420372 bcsId: 0,size=3145728]} | ret=SUCCESS |  
2019-08-21 12:27:52,976 [grpc-default-executor-1] INFO  client.GrpcClientProtocolClient (GrpcClientProtocolClient.java:onNext(255)) - client-C954105195FD->270584e6-a4a8-4db5-8151-214655ce1a56: receive RaftClientReply:client-C954105195FD->270584e6-a4a8-4db5-8151-214655ce1a56@group-787F5BA3AA67, cid=612, SUCCESS, logIndex=731, commits[270584e6-a4a8-4db5-8151-214655ce1a56:c732, af078b8b-61ec-497f-9506-472d46a72462:c729, 09fb9ab4-1b8d-44c0-9f8c-50855c6f1fed:c729]
2019-08-21 12:27:52,977 [grpc-default-executor-1] INFO  client.GrpcClientProtocolClient (GrpcClientProtocolClient.java:onNext(255)) - client-C954105195FD->270584e6-a4a8-4db5-8151-214655ce1a56: receive RaftClientReply:client-C954105195FD->270584e6-a4a8-4db5-8151-214655ce1a56@group-787F5BA3AA67, cid=613, SUCCESS, logIndex=732, commits[270584e6-a4a8-4db5-8151-214655ce1a56:c732, af078b8b-61ec-497f-9506-472d46a72462:c729, 09fb9ab4-1b8d-44c0-9f8c-50855c6f1fed:c729]
2019-08-21 12:27:52,984 | INFO  | SCMAudit | user=jenkins1000 | ip=192.168.34.23 | op=SEND_HEARTBEAT {datanodeUUID=0aa4def6-fe9f-4182-b0b1-80406548816f, command=[]} | ret=SUCCESS |  
2019-08-21 12:27:52,987 | INFO  | DNAudit | user=null | ip=null | op=WRITE_CHUNK {blockData=conID: 3 locID: 102654965998420372 bcsId: 732} | ret=SUCCESS |  
2019-08-21 12:27:52,989 | INFO  | DNAudit | user=null | ip=null | op=WRITE_CHUNK {blockData=conID: 3 locID: 102654965998420372 bcsId: 726} | ret=SUCCESS |  
2019-08-21 12:27:52,989 | INFO  | DNAudit | user=null | ip=null | op=WRITE_CHUNK {blockData=conID: 3 locID: 102654965998420372 bcsId: 726} | ret=SUCCESS |  
2019-08-21 12:27:52,989 | INFO  | DNAudit | user=null | ip=null | op=PUT_BLOCK {blockData=[blockId=conID: 3 locID: 102654965998420372 bcsId: 0,size=3145728]} | ret=SUCCESS |  
2019-08-21 12:27:52,990 | INFO  | DNAudit | user=null | ip=null | op=PUT_BLOCK {blockData=[blockId=conID: 3 locID: 102654965998420372 bcsId: 0,size=3145728]} | ret=SUCCESS |  
2019-08-21 12:27:52,994 | INFO  | DNAudit | user=null | ip=null | op=WRITE_CHUNK {blockData=conID: 3 locID: 102654965998420372 bcsId: 732} | ret=SUCCESS |  
2019-08-21 12:27:52,994 | INFO  | DNAudit | user=null | ip=null | op=WRITE_CHUNK {blockData=conID: 3 locID: 102654965998420372 bcsId: 732} | ret=SUCCESS |  
2019-08-21 12:27:53,002 | INFO  | DNAudit | user=null | ip=null | op=WRITE_CHUNK {blockData=conID: 3 locID: 102654965998420372 bcsId: 732} | ret=SUCCESS |  
2019-08-21 12:27:53,002 | INFO  | DNAudit | user=null | ip=null | op=PUT_BLOCK {blockData=[blockId=conID: 3 locID: 102654965998420372 bcsId: 0,size=4194304]} | ret=SUCCESS |  
2019-08-21 12:27:53,003 [grpc-default-executor-4] INFO  client.GrpcClientProtocolClient (GrpcClientProtocolClient.java:onNext(255)) - client-C954105195FD->270584e6-a4a8-4db5-8151-214655ce1a56: receive RaftClientReply:client-C954105195FD->270584e6-a4a8-4db5-8151-214655ce1a56@group-787F5BA3AA67, cid=614, SUCCESS, logIndex=735, commits[270584e6-a4a8-4db5-8151-214655ce1a56:c736, af078b8b-61ec-497f-9506-472d46a72462:c732, 09fb9ab4-1b8d-44c0-9f8c-50855c6f1fed:c732]
2019-08-21 12:27:53,003 [grpc-default-executor-4] INFO  client.GrpcClientProtocolClient (GrpcClientProtocolClient.java:onNext(255)) - client-C954105195FD->270584e6-a4a8-4db5-8151-214655ce1a56: receive RaftClientReply:client-C954105195FD->270584e6-a4a8-4db5-8151-214655ce1a56@group-787F5BA3AA67, cid=615, SUCCESS, logIndex=736, commits[270584e6-a4a8-4db5-8151-214655ce1a56:c736, af078b8b-61ec-497f-9506-472d46a72462:c732, 09fb9ab4-1b8d-44c0-9f8c-50855c6f1fed:c732]
2019-08-21 12:27:53,015 | INFO  | DNAudit | user=null | ip=null | op=WRITE_CHUNK {blockData=conID: 3 locID: 102654965998420372 bcsId: 732} | ret=SUCCESS |  
2019-08-21 12:27:53,015 | INFO  | DNAudit | user=null | ip=null | op=WRITE_CHUNK {blockData=conID: 3 locID: 102654965998420372 bcsId: 732} | ret=SUCCESS |  
2019-08-21 12:27:53,015 | INFO  | DNAudit | user=null | ip=null | op=PUT_BLOCK {blockData=[blockId=conID: 3 locID: 102654965998420372 bcsId: 0,size=4194304]} | ret=SUCCESS |  
2019-08-21 12:27:53,016 | INFO  | DNAudit | user=null | ip=null | op=PUT_BLOCK {blockData=[blockId=conID: 3 locID: 102654965998420372 bcsId: 0,size=4194304]} | ret=SUCCESS |  
2019-08-21 12:27:53,016 [grpc-default-executor-4] INFO  client.GrpcClientProtocolClient (GrpcClientProtocolClient.java:onNext(255)) - client-C954105195FD->270584e6-a4a8-4db5-8151-214655ce1a56: receive RaftClientReply:client-C954105195FD->270584e6-a4a8-4db5-8151-214655ce1a56@group-787F5BA3AA67, cid=616, SUCCESS, logIndex=0, commits[270584e6-a4a8-4db5-8151-214655ce1a56:c737, af078b8b-61ec-497f-9506-472d46a72462:c736, 09fb9ab4-1b8d-44c0-9f8c-50855c6f1fed:c736]
2019-08-21 12:27:53,027 | INFO  | DNAudit | user=null | ip=null | op=WRITE_CHUNK {blockData=conID: 1 locID: 102654965998420373 bcsId: 0} | ret=SUCCESS |  
2019-08-21 12:27:53,031 | INFO  | DNAudit | user=null | ip=null | op=WRITE_CHUNK {blockData=conID: 1 locID: 102654965998420373 bcsId: 0} | ret=SUCCESS |  
2019-08-21 12:27:53,033 | INFO  | DNAudit | user=null | ip=null | op=WRITE_CHUNK {blockData=conID: 1 locID: 102654965998420373 bcsId: 0} | ret=SUCCESS |  
2019-08-21 12:27:53,034 | INFO  | DNAudit | user=null | ip=null | op=WRITE_CHUNK {blockData=conID: 1 locID: 102654965998420373 bcsId: 0} | ret=SUCCESS |  
2019-08-21 12:27:53,038 | INFO  | DNAudit | user=null | ip=null | op=WRITE_CHUNK {blockData=conID: 1 locID: 102654965998420373 bcsId: 0} | ret=SUCCESS |  
2019-08-21 12:27:53,040 | INFO  | DNAudit | user=null | ip=null | op=WRITE_CHUNK {blockData=conID: 1 locID: 102654965998420373 bcsId: 0} | ret=SUCCESS |  
2019-08-21 12:27:53,041 | INFO  | DNAudit | user=null | ip=null | op=WRITE_CHUNK {blockData=conID: 1 locID: 102654965998420373 bcsId: 0} | ret=SUCCESS |  
2019-08-21 12:27:53,042 | INFO  | DNAudit | user=null | ip=null | op=PUT_BLOCK {blockData=[blockId=conID: 1 locID: 102654965998420373 bcsId: 0,size=1048576]} | ret=SUCCESS |  
2019-08-21 12:27:53,042 [grpc-default-executor-5] INFO  client.GrpcClientProtocolClient (GrpcClientProtocolClient.java:onNext(255)) - client-C954105195FD->270584e6-a4a8-4db5-8151-214655ce1a56: receive RaftClientReply:client-C954105195FD->270584e6-a4a8-4db5-8151-214655ce1a56@group-787F5BA3AA67, cid=617, SUCCESS, logIndex=739, commits[270584e6-a4a8-4db5-8151-214655ce1a56:c740, af078b8b-61ec-497f-9506-472d46a72462:c737, 09fb9ab4-1b8d-44c0-9f8c-50855c6f1fed:c737]
2019-08-21 12:27:53,043 [grpc-default-executor-5] INFO  client.GrpcClientProtocolClient (GrpcClientProtocolClient.java:onNext(255)) - client-C954105195FD->270584e6-a4a8-4db5-8151-214655ce1a56: receive RaftClientReply:client-C954105195FD->270584e6-a4a8-4db5-8151-214655ce1a56@group-787F5BA3AA67, cid=618, SUCCESS, logIndex=740, commits[270584e6-a4a8-4db5-8151-214655ce1a56:c740, af078b8b-61ec-497f-9506-472d46a72462:c737, 09fb9ab4-1b8d-44c0-9f8c-50855c6f1fed:c737]
2019-08-21 12:27:53,052 | INFO  | DNAudit | user=null | ip=null | op=WRITE_CHUNK {blockData=conID: 1 locID: 102654965998420373 bcsId: 0} | ret=SUCCESS |  
2019-08-21 12:27:53,052 | INFO  | DNAudit | user=null | ip=null | op=PUT_BLOCK {blockData=[blockId=conID: 1 locID: 102654965998420373 bcsId: 0,size=2097152]} | ret=SUCCESS |  
2019-08-21 12:27:53,053 [grpc-default-executor-4] INFO  client.GrpcClientProtocolClient (GrpcClientProtocolClient.java:onNext(255)) - client-C954105195FD->270584e6-a4a8-4db5-8151-214655ce1a56: receive RaftClientReply:client-C954105195FD->270584e6-a4a8-4db5-8151-214655ce1a56@group-787F5BA3AA67, cid=619, SUCCESS, logIndex=741, commits[270584e6-a4a8-4db5-8151-214655ce1a56:c742, af078b8b-61ec-497f-9506-472d46a72462:c738, 09fb9ab4-1b8d-44c0-9f8c-50855c6f1fed:c738]
2019-08-21 12:27:53,053 [grpc-default-executor-4] INFO  client.GrpcClientProtocolClient (GrpcClientProtocolClient.java:onNext(255)) - client-C954105195FD->270584e6-a4a8-4db5-8151-214655ce1a56: receive RaftClientReply:client-C954105195FD->270584e6-a4a8-4db5-8151-214655ce1a56@group-787F5BA3AA67, cid=620, SUCCESS, logIndex=742, commits[270584e6-a4a8-4db5-8151-214655ce1a56:c742, af078b8b-61ec-497f-9506-472d46a72462:c738, 09fb9ab4-1b8d-44c0-9f8c-50855c6f1fed:c738]
2019-08-21 12:27:53,054 | INFO  | DNAudit | user=null | ip=null | op=WRITE_CHUNK {blockData=conID: 1 locID: 102654965998420373 bcsId: 0} | ret=SUCCESS |  
2019-08-21 12:27:53,055 | INFO  | DNAudit | user=null | ip=null | op=WRITE_CHUNK {blockData=conID: 1 locID: 102654965998420373 bcsId: 0} | ret=SUCCESS |  
2019-08-21 12:27:53,055 | INFO  | DNAudit | user=null | ip=null | op=PUT_BLOCK {blockData=[blockId=conID: 1 locID: 102654965998420373 bcsId: 0,size=1048576]} | ret=SUCCESS |  
2019-08-21 12:27:53,055 | INFO  | DNAudit | user=null | ip=null | op=PUT_BLOCK {blockData=[blockId=conID: 1 locID: 102654965998420373 bcsId: 0,size=1048576]} | ret=SUCCESS |  
2019-08-21 12:27:53,056 | INFO  | DNAudit | user=null | ip=null | op=WRITE_CHUNK {blockData=conID: 1 locID: 102654965998420373 bcsId: 0} | ret=SUCCESS |  
2019-08-21 12:27:53,056 | INFO  | DNAudit | user=null | ip=null | op=WRITE_CHUNK {blockData=conID: 1 locID: 102654965998420373 bcsId: 0} | ret=SUCCESS |  
2019-08-21 12:27:53,056 | INFO  | DNAudit | user=null | ip=null | op=PUT_BLOCK {blockData=[blockId=conID: 1 locID: 102654965998420373 bcsId: 0,size=2097152]} | ret=SUCCESS |  
2019-08-21 12:27:53,056 | INFO  | DNAudit | user=null | ip=null | op=PUT_BLOCK {blockData=[blockId=conID: 1 locID: 102654965998420373 bcsId: 0,size=2097152]} | ret=SUCCESS |  
2019-08-21 12:27:53,056 [grpc-default-executor-4] INFO  client.GrpcClientProtocolClient (GrpcClientProtocolClient.java:onNext(255)) - client-C954105195FD->270584e6-a4a8-4db5-8151-214655ce1a56: receive RaftClientReply:client-C954105195FD->270584e6-a4a8-4db5-8151-214655ce1a56@group-787F5BA3AA67, cid=621, SUCCESS, logIndex=0, commits[270584e6-a4a8-4db5-8151-214655ce1a56:c743, af078b8b-61ec-497f-9506-472d46a72462:c740, 09fb9ab4-1b8d-44c0-9f8c-50855c6f1fed:c740]
2019-08-21 12:27:53,067 | INFO  | DNAudit | user=null | ip=null | op=WRITE_CHUNK {blockData=conID: 1 locID: 102654965998420373 bcsId: 742} | ret=SUCCESS |  
2019-08-21 12:27:53,075 | INFO  | DNAudit | user=null | ip=null | op=WRITE_CHUNK {blockData=conID: 1 locID: 102654965998420373 bcsId: 742} | ret=SUCCESS |  
2019-08-21 12:27:53,077 | INFO  | DNAudit | user=null | ip=null | op=WRITE_CHUNK {blockData=conID: 1 locID: 102654965998420373 bcsId: 742} | ret=SUCCESS |  
2019-08-21 12:27:53,090 | INFO  | DNAudit | user=null | ip=null | op=WRITE_CHUNK {blockData=conID: 1 locID: 102654965998420373 bcsId: 742} | ret=SUCCESS |  
2019-08-21 12:27:53,091 | INFO  | DNAudit | user=null | ip=null | op=PUT_BLOCK {blockData=[blockId=conID: 1 locID: 102654965998420373 bcsId: 0,size=3145728]} | ret=SUCCESS |  
2019-08-21 12:27:53,091 [grpc-default-executor-5] INFO  client.GrpcClientProtocolClient (GrpcClientProtocolClient.java:onNext(255)) - client-C954105195FD->270584e6-a4a8-4db5-8151-214655ce1a56: receive RaftClientReply:client-C954105195FD->270584e6-a4a8-4db5-8151-214655ce1a56@group-787F5BA3AA67, cid=622, SUCCESS, logIndex=747, commits[270584e6-a4a8-4db5-8151-214655ce1a56:c748, af078b8b-61ec-497f-9506-472d46a72462:c746, 09fb9ab4-1b8d-44c0-9f8c-50855c6f1fed:c746]
2019-08-21 12:27:53,091 [grpc-default-executor-5] INFO  client.GrpcClientProtocolClient (GrpcClientProtocolClient.java:onNext(255)) - client-C954105195FD->270584e6-a4a8-4db5-8151-214655ce1a56: receive RaftClientReply:client-C954105195FD->270584e6-a4a8-4db5-8151-214655ce1a56@group-787F5BA3AA67, cid=623, SUCCESS, logIndex=748, commits[270584e6-a4a8-4db5-8151-214655ce1a56:c748, af078b8b-61ec-497f-9506-472d46a72462:c746, 09fb9ab4-1b8d-44c0-9f8c-50855c6f1fed:c746]
2019-08-21 12:27:53,101 | INFO  | DNAudit | user=null | ip=null | op=WRITE_CHUNK {blockData=conID: 1 locID: 102654965998420373 bcsId: 742} | ret=SUCCESS |  
2019-08-21 12:27:53,101 | INFO  | DNAudit | user=null | ip=null | op=WRITE_CHUNK {blockData=conID: 1 locID: 102654965998420373 bcsId: 742} | ret=SUCCESS |  
2019-08-21 12:27:53,102 | INFO  | DNAudit | user=null | ip=null | op=PUT_BLOCK {blockData=[blockId=conID: 1 locID: 102654965998420373 bcsId: 0,size=3145728]} | ret=SUCCESS |  
2019-08-21 12:27:53,102 | INFO  | DNAudit | user=null | ip=null | op=PUT_BLOCK {blockData=[blockId=conID: 1 locID: 102654965998420373 bcsId: 0,size=3145728]} | ret=SUCCESS |  
2019-08-21 12:27:53,105 | INFO  | DNAudit | user=null | ip=null | op=WRITE_CHUNK {blockData=conID: 1 locID: 102654965998420373 bcsId: 748} | ret=SUCCESS |  
2019-08-21 12:27:53,108 | INFO  | DNAudit | user=null | ip=null | op=WRITE_CHUNK {blockData=conID: 1 locID: 102654965998420373 bcsId: 748} | ret=SUCCESS |  
2019-08-21 12:27:53,109 | INFO  | DNAudit | user=null | ip=null | op=WRITE_CHUNK {blockData=conID: 1 locID: 102654965998420373 bcsId: 748} | ret=SUCCESS |  
2019-08-21 12:27:53,118 | INFO  | DNAudit | user=null | ip=null | op=WRITE_CHUNK {blockData=conID: 1 locID: 102654965998420373 bcsId: 748} | ret=SUCCESS |  
2019-08-21 12:27:53,119 | INFO  | DNAudit | user=null | ip=null | op=PUT_BLOCK {blockData=[blockId=conID: 1 locID: 102654965998420373 bcsId: 0,size=4194304]} | ret=SUCCESS |  
2019-08-21 12:27:53,119 [grpc-default-executor-1] INFO  client.GrpcClientProtocolClient (GrpcClientProtocolClient.java:onNext(255)) - client-C954105195FD->270584e6-a4a8-4db5-8151-214655ce1a56: receive RaftClientReply:client-C954105195FD->270584e6-a4a8-4db5-8151-214655ce1a56@group-787F5BA3AA67, cid=624, SUCCESS, logIndex=751, commits[270584e6-a4a8-4db5-8151-214655ce1a56:c752, af078b8b-61ec-497f-9506-472d46a72462:c749, 09fb9ab4-1b8d-44c0-9f8c-50855c6f1fed:c749]
2019-08-21 12:27:53,120 [grpc-default-executor-1] INFO  client.GrpcClientProtocolClient (GrpcClientProtocolClient.java:onNext(255)) - client-C954105195FD->270584e6-a4a8-4db5-8151-214655ce1a56: receive RaftClientReply:client-C954105195FD->270584e6-a4a8-4db5-8151-214655ce1a56@group-787F5BA3AA67, cid=625, SUCCESS, logIndex=752, commits[270584e6-a4a8-4db5-8151-214655ce1a56:c752, af078b8b-61ec-497f-9506-472d46a72462:c749, 09fb9ab4-1b8d-44c0-9f8c-50855c6f1fed:c749]
2019-08-21 12:27:53,130 | INFO  | DNAudit | user=null | ip=null | op=WRITE_CHUNK {blockData=conID: 1 locID: 102654965998420373 bcsId: 748} | ret=SUCCESS |  
2019-08-21 12:27:53,130 | INFO  | DNAudit | user=null | ip=null | op=PUT_BLOCK {blockData=[blockId=conID: 1 locID: 102654965998420373 bcsId: 0,size=4194304]} | ret=SUCCESS |  
2019-08-21 12:27:53,130 | INFO  | DNAudit | user=null | ip=null | op=WRITE_CHUNK {blockData=conID: 1 locID: 102654965998420373 bcsId: 748} | ret=SUCCESS |  
2019-08-21 12:27:53,131 | INFO  | DNAudit | user=null | ip=null | op=PUT_BLOCK {blockData=[blockId=conID: 1 locID: 102654965998420373 bcsId: 0,size=4194304]} | ret=SUCCESS |  
2019-08-21 12:27:53,131 [grpc-default-executor-1] INFO  client.GrpcClientProtocolClient (GrpcClientProtocolClient.java:onNext(255)) - client-C954105195FD->270584e6-a4a8-4db5-8151-214655ce1a56: receive RaftClientReply:client-C954105195FD->270584e6-a4a8-4db5-8151-214655ce1a56@group-787F5BA3AA67, cid=626, SUCCESS, logIndex=0, commits[270584e6-a4a8-4db5-8151-214655ce1a56:c753, af078b8b-61ec-497f-9506-472d46a72462:c752, 09fb9ab4-1b8d-44c0-9f8c-50855c6f1fed:c752]
2019-08-21 12:27:53,141 | INFO  | DNAudit | user=null | ip=null | op=WRITE_CHUNK {blockData=conID: 2 locID: 102654965998485910 bcsId: 0} | ret=SUCCESS |  
2019-08-21 12:27:53,146 | INFO  | DNAudit | user=null | ip=null | op=WRITE_CHUNK {blockData=conID: 2 locID: 102654965998485910 bcsId: 0} | ret=SUCCESS |  
2019-08-21 12:27:53,148 | INFO  | DNAudit | user=null | ip=null | op=WRITE_CHUNK {blockData=conID: 2 locID: 102654965998485910 bcsId: 0} | ret=SUCCESS |  
2019-08-21 12:27:53,149 | INFO  | DNAudit | user=null | ip=null | op=WRITE_CHUNK {blockData=conID: 2 locID: 102654965998485910 bcsId: 0} | ret=SUCCESS |  
2019-08-21 12:27:53,151 | INFO  | DNAudit | user=null | ip=null | op=WRITE_CHUNK {blockData=conID: 2 locID: 102654965998485910 bcsId: 0} | ret=SUCCESS |  
2019-08-21 12:27:53,151 | INFO  | SCMAudit | user=jenkins1000 | ip=192.168.34.23 | op=SEND_HEARTBEAT {datanodeUUID=270584e6-a4a8-4db5-8151-214655ce1a56, command=[]} | ret=SUCCESS |  
2019-08-21 12:27:53,153 | INFO  | DNAudit | user=null | ip=null | op=WRITE_CHUNK {blockData=conID: 2 locID: 102654965998485910 bcsId: 0} | ret=SUCCESS |  
2019-08-21 12:27:53,154 | INFO  | DNAudit | user=null | ip=null | op=WRITE_CHUNK {blockData=conID: 2 locID: 102654965998485910 bcsId: 0} | ret=SUCCESS |  
2019-08-21 12:27:53,155 | INFO  | DNAudit | user=null | ip=null | op=PUT_BLOCK {blockData=[blockId=conID: 2 locID: 102654965998485910 bcsId: 0,size=1048576]} | ret=SUCCESS |  
2019-08-21 12:27:53,155 [grpc-default-executor-5] INFO  client.GrpcClientProtocolClient (GrpcClientProtocolClient.java:onNext(255)) - client-C954105195FD->270584e6-a4a8-4db5-8151-214655ce1a56: receive RaftClientReply:client-C954105195FD->270584e6-a4a8-4db5-8151-214655ce1a56@group-787F5BA3AA67, cid=627, SUCCESS, logIndex=755, commits[270584e6-a4a8-4db5-8151-214655ce1a56:c756, af078b8b-61ec-497f-9506-472d46a72462:c754, 09fb9ab4-1b8d-44c0-9f8c-50855c6f1fed:c754]
2019-08-21 12:27:53,156 [grpc-default-executor-1] INFO  client.GrpcClientProtocolClient (GrpcClientProtocolClient.java:onNext(255)) - client-C954105195FD->270584e6-a4a8-4db5-8151-214655ce1a56: receive RaftClientReply:client-C954105195FD->270584e6-a4a8-4db5-8151-214655ce1a56@group-787F5BA3AA67, cid=628, SUCCESS, logIndex=756, commits[270584e6-a4a8-4db5-8151-214655ce1a56:c756, af078b8b-61ec-497f-9506-472d46a72462:c754, 09fb9ab4-1b8d-44c0-9f8c-50855c6f1fed:c754]
2019-08-21 12:27:53,159 | INFO  | DNAudit | user=null | ip=null | op=WRITE_CHUNK {blockData=conID: 2 locID: 102654965998485910 bcsId: 0} | ret=SUCCESS |  
2019-08-21 12:27:53,159 | INFO  | DNAudit | user=null | ip=null | op=PUT_BLOCK {blockData=[blockId=conID: 2 locID: 102654965998485910 bcsId: 0,size=2097152]} | ret=SUCCESS |  
2019-08-21 12:27:53,160 [grpc-default-executor-5] INFO  client.GrpcClientProtocolClient (GrpcClientProtocolClient.java:onNext(255)) - client-C954105195FD->270584e6-a4a8-4db5-8151-214655ce1a56: receive RaftClientReply:client-C954105195FD->270584e6-a4a8-4db5-8151-214655ce1a56@group-787F5BA3AA67, cid=629, SUCCESS, logIndex=757, commits[270584e6-a4a8-4db5-8151-214655ce1a56:c758, af078b8b-61ec-497f-9506-472d46a72462:c754, 09fb9ab4-1b8d-44c0-9f8c-50855c6f1fed:c754]
2019-08-21 12:27:53,160 [grpc-default-executor-5] INFO  client.GrpcClientProtocolClient (GrpcClientProtocolClient.java:onNext(255)) - client-C954105195FD->270584e6-a4a8-4db5-8151-214655ce1a56: receive RaftClientReply:client-C954105195FD->270584e6-a4a8-4db5-8151-214655ce1a56@group-787F5BA3AA67, cid=630, SUCCESS, logIndex=758, commits[270584e6-a4a8-4db5-8151-214655ce1a56:c758, af078b8b-61ec-497f-9506-472d46a72462:c754, 09fb9ab4-1b8d-44c0-9f8c-50855c6f1fed:c754]
2019-08-21 12:27:53,168 | INFO  | DNAudit | user=null | ip=null | op=WRITE_CHUNK {blockData=conID: 2 locID: 102654965998485910 bcsId: 0} | ret=SUCCESS |  
2019-08-21 12:27:53,169 | INFO  | DNAudit | user=null | ip=null | op=WRITE_CHUNK {blockData=conID: 2 locID: 102654965998485910 bcsId: 0} | ret=SUCCESS |  
2019-08-21 12:27:53,169 | INFO  | DNAudit | user=null | ip=null | op=PUT_BLOCK {blockData=[blockId=conID: 2 locID: 102654965998485910 bcsId: 0,size=1048576]} | ret=SUCCESS |  
2019-08-21 12:27:53,169 | INFO  | DNAudit | user=null | ip=null | op=PUT_BLOCK {blockData=[blockId=conID: 2 locID: 102654965998485910 bcsId: 0,size=1048576]} | ret=SUCCESS |  
2019-08-21 12:27:53,170 [grpc-default-executor-5] INFO  client.GrpcClientProtocolClient (GrpcClientProtocolClient.java:onNext(255)) - client-C954105195FD->270584e6-a4a8-4db5-8151-214655ce1a56: receive RaftClientReply:client-C954105195FD->270584e6-a4a8-4db5-8151-214655ce1a56@group-787F5BA3AA67, cid=631, SUCCESS, logIndex=0, commits[270584e6-a4a8-4db5-8151-214655ce1a56:c759, af078b8b-61ec-497f-9506-472d46a72462:c756, 09fb9ab4-1b8d-44c0-9f8c-50855c6f1fed:c756]
2019-08-21 12:27:53,173 | INFO  | SCMAudit | user=jenkins1000 | ip=192.168.34.23 | op=SEND_HEARTBEAT {datanodeUUID=09fb9ab4-1b8d-44c0-9f8c-50855c6f1fed, command=[]} | ret=SUCCESS |  
2019-08-21 12:27:53,174 | INFO  | SCMAudit | user=jenkins1000 | ip=192.168.34.23 | op=SEND_HEARTBEAT {datanodeUUID=af078b8b-61ec-497f-9506-472d46a72462, command=[]} | ret=SUCCESS |  
2019-08-21 12:27:53,180 | INFO  | DNAudit | user=null | ip=null | op=WRITE_CHUNK {blockData=conID: 2 locID: 102654965998485910 bcsId: 0} | ret=SUCCESS |  
2019-08-21 12:27:53,180 | INFO  | DNAudit | user=null | ip=null | op=WRITE_CHUNK {blockData=conID: 2 locID: 102654965998485910 bcsId: 0} | ret=SUCCESS |  
2019-08-21 12:27:53,181 | INFO  | DNAudit | user=null | ip=null | op=PUT_BLOCK {blockData=[blockId=conID: 2 locID: 102654965998485910 bcsId: 0,size=2097152]} | ret=SUCCESS |  
2019-08-21 12:27:53,181 | INFO  | DNAudit | user=null | ip=null | op=PUT_BLOCK {blockData=[blockId=conID: 2 locID: 102654965998485910 bcsId: 0,size=2097152]} | ret=SUCCESS |  
2019-08-21 12:27:53,183 | INFO  | DNAudit | user=null | ip=null | op=WRITE_CHUNK {blockData=conID: 2 locID: 102654965998485910 bcsId: 758} | ret=SUCCESS |  
2019-08-21 12:27:53,187 | INFO  | DNAudit | user=null | ip=null | op=WRITE_CHUNK {blockData=conID: 2 locID: 102654965998485910 bcsId: 758} | ret=SUCCESS |  
2019-08-21 12:27:53,188 | INFO  | DNAudit | user=null | ip=null | op=WRITE_CHUNK {blockData=conID: 2 locID: 102654965998485910 bcsId: 758} | ret=SUCCESS |  
2019-08-21 12:27:53,196 | INFO  | DNAudit | user=null | ip=null | op=WRITE_CHUNK {blockData=conID: 2 locID: 102654965998485910 bcsId: 758} | ret=SUCCESS |  
2019-08-21 12:27:53,196 | INFO  | DNAudit | user=null | ip=null | op=PUT_BLOCK {blockData=[blockId=conID: 2 locID: 102654965998485910 bcsId: 0,size=3145728]} | ret=SUCCESS |  
2019-08-21 12:27:53,197 [grpc-default-executor-2] INFO  client.GrpcClientProtocolClient (GrpcClientProtocolClient.java:onNext(255)) - client-C954105195FD->270584e6-a4a8-4db5-8151-214655ce1a56: receive RaftClientReply:client-C954105195FD->270584e6-a4a8-4db5-8151-214655ce1a56@group-787F5BA3AA67, cid=632, SUCCESS, logIndex=763, commits[270584e6-a4a8-4db5-8151-214655ce1a56:c764, af078b8b-61ec-497f-9506-472d46a72462:c761, 09fb9ab4-1b8d-44c0-9f8c-50855c6f1fed:c760]
2019-08-21 12:27:53,197 [grpc-default-executor-2] INFO  client.GrpcClientProtocolClient (GrpcClientProtocolClient.java:onNext(255)) - client-C954105195FD->270584e6-a4a8-4db5-8151-214655ce1a56: receive RaftClientReply:client-C954105195FD->270584e6-a4a8-4db5-8151-214655ce1a56@group-787F5BA3AA67, cid=633, SUCCESS, logIndex=764, commits[270584e6-a4a8-4db5-8151-214655ce1a56:c764, af078b8b-61ec-497f-9506-472d46a72462:c761, 09fb9ab4-1b8d-44c0-9f8c-50855c6f1fed:c760]
2019-08-21 12:27:53,206 | INFO  | DNAudit | user=null | ip=null | op=WRITE_CHUNK {blockData=conID: 2 locID: 102654965998485910 bcsId: 764} | ret=SUCCESS |  
2019-08-21 12:27:53,209 | INFO  | DNAudit | user=null | ip=null | op=WRITE_CHUNK {blockData=conID: 2 locID: 102654965998485910 bcsId: 758} | ret=SUCCESS |  
2019-08-21 12:27:53,210 | INFO  | DNAudit | user=null | ip=null | op=PUT_BLOCK {blockData=[blockId=conID: 2 locID: 102654965998485910 bcsId: 0,size=3145728]} | ret=SUCCESS |  
2019-08-21 12:27:53,210 | INFO  | DNAudit | user=null | ip=null | op=WRITE_CHUNK {blockData=conID: 2 locID: 102654965998485910 bcsId: 758} | ret=SUCCESS |  
2019-08-21 12:27:53,210 | INFO  | DNAudit | user=null | ip=null | op=WRITE_CHUNK {blockData=conID: 2 locID: 102654965998485910 bcsId: 764} | ret=SUCCESS |  
2019-08-21 12:27:53,210 | INFO  | DNAudit | user=null | ip=null | op=PUT_BLOCK {blockData=[blockId=conID: 2 locID: 102654965998485910 bcsId: 0,size=3145728]} | ret=SUCCESS |  
2019-08-21 12:27:53,213 | INFO  | DNAudit | user=null | ip=null | op=WRITE_CHUNK {blockData=conID: 2 locID: 102654965998485910 bcsId: 764} | ret=SUCCESS |  
2019-08-21 12:27:53,221 | INFO  | DNAudit | user=null | ip=null | op=WRITE_CHUNK {blockData=conID: 2 locID: 102654965998485910 bcsId: 764} | ret=SUCCESS |  
2019-08-21 12:27:53,222 | INFO  | DNAudit | user=null | ip=null | op=PUT_BLOCK {blockData=[blockId=conID: 2 locID: 102654965998485910 bcsId: 0,size=4194304]} | ret=SUCCESS |  
2019-08-21 12:27:53,222 [grpc-default-executor-5] INFO  client.GrpcClientProtocolClient (GrpcClientProtocolClient.java:onNext(255)) - client-C954105195FD->270584e6-a4a8-4db5-8151-214655ce1a56: receive RaftClientReply:client-C954105195FD->270584e6-a4a8-4db5-8151-214655ce1a56@group-787F5BA3AA67, cid=634, SUCCESS, logIndex=767, commits[270584e6-a4a8-4db5-8151-214655ce1a56:c768, af078b8b-61ec-497f-9506-472d46a72462:c764, 09fb9ab4-1b8d-44c0-9f8c-50855c6f1fed:c764]
2019-08-21 12:27:53,223 [grpc-default-executor-5] INFO  client.GrpcClientProtocolClient (GrpcClientProtocolClient.java:onNext(255)) - client-C954105195FD->270584e6-a4a8-4db5-8151-214655ce1a56: receive RaftClientReply:client-C954105195FD->270584e6-a4a8-4db5-8151-214655ce1a56@group-787F5BA3AA67, cid=635, SUCCESS, logIndex=768, commits[270584e6-a4a8-4db5-8151-214655ce1a56:c768, af078b8b-61ec-497f-9506-472d46a72462:c764, 09fb9ab4-1b8d-44c0-9f8c-50855c6f1fed:c764]
2019-08-21 12:27:53,235 | INFO  | DNAudit | user=null | ip=null | op=WRITE_CHUNK {blockData=conID: 2 locID: 102654965998485910 bcsId: 764} | ret=SUCCESS |  
2019-08-21 12:27:53,235 | INFO  | DNAudit | user=null | ip=null | op=WRITE_CHUNK {blockData=conID: 2 locID: 102654965998485910 bcsId: 764} | ret=SUCCESS |  
2019-08-21 12:27:53,235 | INFO  | DNAudit | user=null | ip=null | op=PUT_BLOCK {blockData=[blockId=conID: 2 locID: 102654965998485910 bcsId: 0,size=4194304]} | ret=SUCCESS |  
2019-08-21 12:27:53,235 | INFO  | DNAudit | user=null | ip=null | op=PUT_BLOCK {blockData=[blockId=conID: 2 locID: 102654965998485910 bcsId: 0,size=4194304]} | ret=SUCCESS |  
2019-08-21 12:27:53,236 [grpc-default-executor-5] INFO  client.GrpcClientProtocolClient (GrpcClientProtocolClient.java:onNext(255)) - client-C954105195FD->270584e6-a4a8-4db5-8151-214655ce1a56: receive RaftClientReply:client-C954105195FD->270584e6-a4a8-4db5-8151-214655ce1a56@group-787F5BA3AA67, cid=636, SUCCESS, logIndex=0, commits[270584e6-a4a8-4db5-8151-214655ce1a56:c769, af078b8b-61ec-497f-9506-472d46a72462:c768, 09fb9ab4-1b8d-44c0-9f8c-50855c6f1fed:c768]
2019-08-21 12:27:53,245 | INFO  | DNAudit | user=null | ip=null | op=WRITE_CHUNK {blockData=conID: 3 locID: 102654965998485911 bcsId: 0} | ret=SUCCESS |  
2019-08-21 12:27:53,250 | INFO  | DNAudit | user=null | ip=null | op=WRITE_CHUNK {blockData=conID: 3 locID: 102654965998485911 bcsId: 0} | ret=SUCCESS |  
2019-08-21 12:27:53,250 | INFO  | DNAudit | user=null | ip=null | op=WRITE_CHUNK {blockData=conID: 3 locID: 102654965998485911 bcsId: 0} | ret=SUCCESS |  
2019-08-21 12:27:53,262 | INFO  | DNAudit | user=null | ip=null | op=WRITE_CHUNK {blockData=conID: 3 locID: 102654965998485911 bcsId: 0} | ret=SUCCESS |  
2019-08-21 12:27:53,263 | INFO  | DNAudit | user=null | ip=null | op=WRITE_CHUNK {blockData=conID: 3 locID: 102654965998485911 bcsId: 0} | ret=SUCCESS |  
2019-08-21 12:27:53,264 | INFO  | DNAudit | user=null | ip=null | op=PUT_BLOCK {blockData=[blockId=conID: 3 locID: 102654965998485911 bcsId: 0,size=1048576]} | ret=SUCCESS |  
2019-08-21 12:27:53,265 [grpc-default-executor-5] INFO  client.GrpcClientProtocolClient (GrpcClientProtocolClient.java:onNext(255)) - client-C954105195FD->270584e6-a4a8-4db5-8151-214655ce1a56: receive RaftClientReply:client-C954105195FD->270584e6-a4a8-4db5-8151-214655ce1a56@group-787F5BA3AA67, cid=637, SUCCESS, logIndex=771, commits[270584e6-a4a8-4db5-8151-214655ce1a56:c772, af078b8b-61ec-497f-9506-472d46a72462:c769, 09fb9ab4-1b8d-44c0-9f8c-50855c6f1fed:c768]
2019-08-21 12:27:53,266 | INFO  | DNAudit | user=null | ip=null | op=WRITE_CHUNK {blockData=conID: 3 locID: 102654965998485911 bcsId: 0} | ret=SUCCESS |  
2019-08-21 12:27:53,265 [grpc-default-executor-5] INFO  client.GrpcClientProtocolClient (GrpcClientProtocolClient.java:onNext(255)) - client-C954105195FD->270584e6-a4a8-4db5-8151-214655ce1a56: receive RaftClientReply:client-C954105195FD->270584e6-a4a8-4db5-8151-214655ce1a56@group-787F5BA3AA67, cid=638, SUCCESS, logIndex=772, commits[270584e6-a4a8-4db5-8151-214655ce1a56:c772, af078b8b-61ec-497f-9506-472d46a72462:c769, 09fb9ab4-1b8d-44c0-9f8c-50855c6f1fed:c769]
2019-08-21 12:27:53,266 | INFO  | DNAudit | user=null | ip=null | op=WRITE_CHUNK {blockData=conID: 3 locID: 102654965998485911 bcsId: 0} | ret=SUCCESS |  
2019-08-21 12:27:53,268 | INFO  | DNAudit | user=null | ip=null | op=WRITE_CHUNK {blockData=conID: 3 locID: 102654965998485911 bcsId: 0} | ret=SUCCESS |  
2019-08-21 12:27:53,268 | INFO  | DNAudit | user=null | ip=null | op=WRITE_CHUNK {blockData=conID: 3 locID: 102654965998485911 bcsId: 0} | ret=SUCCESS |  
2019-08-21 12:27:53,269 | INFO  | DNAudit | user=null | ip=null | op=PUT_BLOCK {blockData=[blockId=conID: 3 locID: 102654965998485911 bcsId: 0,size=1048576]} | ret=SUCCESS |  
2019-08-21 12:27:53,269 | INFO  | DNAudit | user=null | ip=null | op=PUT_BLOCK {blockData=[blockId=conID: 3 locID: 102654965998485911 bcsId: 0,size=2097152]} | ret=SUCCESS |  
2019-08-21 12:27:53,269 | INFO  | DNAudit | user=null | ip=null | op=WRITE_CHUNK {blockData=conID: 3 locID: 102654965998485911 bcsId: 0} | ret=SUCCESS |  
2019-08-21 12:27:53,270 | INFO  | DNAudit | user=null | ip=null | op=PUT_BLOCK {blockData=[blockId=conID: 3 locID: 102654965998485911 bcsId: 0,size=1048576]} | ret=SUCCESS |  
2019-08-21 12:27:53,270 [grpc-default-executor-2] INFO  client.GrpcClientProtocolClient (GrpcClientProtocolClient.java:onNext(255)) - client-C954105195FD->270584e6-a4a8-4db5-8151-214655ce1a56: receive RaftClientReply:client-C954105195FD->270584e6-a4a8-4db5-8151-214655ce1a56@group-787F5BA3AA67, cid=639, SUCCESS, logIndex=773, commits[270584e6-a4a8-4db5-8151-214655ce1a56:c775, af078b8b-61ec-497f-9506-472d46a72462:c771, 09fb9ab4-1b8d-44c0-9f8c-50855c6f1fed:c769]
2019-08-21 12:27:53,270 | INFO  | DNAudit | user=null | ip=null | op=WRITE_CHUNK {blockData=conID: 3 locID: 102654965998485911 bcsId: 0} | ret=SUCCESS |  
2019-08-21 12:27:53,270 | INFO  | DNAudit | user=null | ip=null | op=PUT_BLOCK {blockData=[blockId=conID: 3 locID: 102654965998485911 bcsId: 0,size=2097152]} | ret=SUCCESS |  
2019-08-21 12:27:53,270 [grpc-default-executor-2] INFO  client.GrpcClientProtocolClient (GrpcClientProtocolClient.java:onNext(255)) - client-C954105195FD->270584e6-a4a8-4db5-8151-214655ce1a56: receive RaftClientReply:client-C954105195FD->270584e6-a4a8-4db5-8151-214655ce1a56@group-787F5BA3AA67, cid=640, SUCCESS, logIndex=774, commits[270584e6-a4a8-4db5-8151-214655ce1a56:c776, af078b8b-61ec-497f-9506-472d46a72462:c772, 09fb9ab4-1b8d-44c0-9f8c-50855c6f1fed:c769]
2019-08-21 12:27:53,270 | INFO  | DNAudit | user=null | ip=null | op=WRITE_CHUNK {blockData=conID: 3 locID: 102654965998485911 bcsId: 0} | ret=SUCCESS |  
2019-08-21 12:27:53,271 | INFO  | DNAudit | user=null | ip=null | op=PUT_BLOCK {blockData=[blockId=conID: 3 locID: 102654965998485911 bcsId: 0,size=2097152]} | ret=SUCCESS |  
2019-08-21 12:27:53,271 [grpc-default-executor-5] INFO  client.GrpcClientProtocolClient (GrpcClientProtocolClient.java:onNext(255)) - client-C954105195FD->270584e6-a4a8-4db5-8151-214655ce1a56: receive RaftClientReply:client-C954105195FD->270584e6-a4a8-4db5-8151-214655ce1a56@group-787F5BA3AA67, cid=641, SUCCESS, logIndex=0, commits[270584e6-a4a8-4db5-8151-214655ce1a56:c777, af078b8b-61ec-497f-9506-472d46a72462:c774, 09fb9ab4-1b8d-44c0-9f8c-50855c6f1fed:c774]
2019-08-21 12:27:53,280 | INFO  | DNAudit | user=null | ip=null | op=WRITE_CHUNK {blockData=conID: 3 locID: 102654965998485911 bcsId: 774} | ret=SUCCESS |  
2019-08-21 12:27:53,284 | INFO  | DNAudit | user=null | ip=null | op=WRITE_CHUNK {blockData=conID: 3 locID: 102654965998485911 bcsId: 774} | ret=SUCCESS |  
2019-08-21 12:27:53,284 | INFO  | DNAudit | user=null | ip=null | op=WRITE_CHUNK {blockData=conID: 3 locID: 102654965998485911 bcsId: 774} | ret=SUCCESS |  
2019-08-21 12:27:53,287 | INFO  | DNAudit | user=null | ip=null | op=WRITE_CHUNK {blockData=conID: 3 locID: 102654965998485911 bcsId: 774} | ret=SUCCESS |  
2019-08-21 12:27:53,288 | INFO  | DNAudit | user=null | ip=null | op=PUT_BLOCK {blockData=[blockId=conID: 3 locID: 102654965998485911 bcsId: 0,size=3145728]} | ret=SUCCESS |  
2019-08-21 12:27:53,288 [grpc-default-executor-5] INFO  client.GrpcClientProtocolClient (GrpcClientProtocolClient.java:onNext(255)) - client-C954105195FD->270584e6-a4a8-4db5-8151-214655ce1a56: receive RaftClientReply:client-C954105195FD->270584e6-a4a8-4db5-8151-214655ce1a56@group-787F5BA3AA67, cid=642, SUCCESS, logIndex=779, commits[270584e6-a4a8-4db5-8151-214655ce1a56:c780, af078b8b-61ec-497f-9506-472d46a72462:c778, 09fb9ab4-1b8d-44c0-9f8c-50855c6f1fed:c778]
2019-08-21 12:27:53,288 [grpc-default-executor-5] INFO  client.GrpcClientProtocolClient (GrpcClientProtocolClient.java:onNext(255)) - client-C954105195FD->270584e6-a4a8-4db5-8151-214655ce1a56: receive RaftClientReply:client-C954105195FD->270584e6-a4a8-4db5-8151-214655ce1a56@group-787F5BA3AA67, cid=643, SUCCESS, logIndex=780, commits[270584e6-a4a8-4db5-8151-214655ce1a56:c780, af078b8b-61ec-497f-9506-472d46a72462:c778, 09fb9ab4-1b8d-44c0-9f8c-50855c6f1fed:c778]
2019-08-21 12:27:53,289 | INFO  | DNAudit | user=null | ip=null | op=WRITE_CHUNK {blockData=conID: 3 locID: 102654965998485911 bcsId: 774} | ret=SUCCESS |  
2019-08-21 12:27:53,289 | INFO  | DNAudit | user=null | ip=null | op=WRITE_CHUNK {blockData=conID: 3 locID: 102654965998485911 bcsId: 774} | ret=SUCCESS |  
2019-08-21 12:27:53,289 | INFO  | DNAudit | user=null | ip=null | op=PUT_BLOCK {blockData=[blockId=conID: 3 locID: 102654965998485911 bcsId: 0,size=3145728]} | ret=SUCCESS |  
2019-08-21 12:27:53,291 | INFO  | DNAudit | user=null | ip=null | op=PUT_BLOCK {blockData=[blockId=conID: 3 locID: 102654965998485911 bcsId: 0,size=3145728]} | ret=SUCCESS |  
2019-08-21 12:27:53,297 | INFO  | DNAudit | user=null | ip=null | op=WRITE_CHUNK {blockData=conID: 3 locID: 102654965998485911 bcsId: 780} | ret=SUCCESS |  
2019-08-21 12:27:53,301 | INFO  | DNAudit | user=null | ip=null | op=WRITE_CHUNK {blockData=conID: 3 locID: 102654965998485911 bcsId: 780} | ret=SUCCESS |  
2019-08-21 12:27:53,301 | INFO  | DNAudit | user=null | ip=null | op=WRITE_CHUNK {blockData=conID: 3 locID: 102654965998485911 bcsId: 780} | ret=SUCCESS |  
2019-08-21 12:27:53,317 | INFO  | DNAudit | user=null | ip=null | op=WRITE_CHUNK {blockData=conID: 3 locID: 102654965998485911 bcsId: 780} | ret=SUCCESS |  
2019-08-21 12:27:53,318 | INFO  | DNAudit | user=null | ip=null | op=PUT_BLOCK {blockData=[blockId=conID: 3 locID: 102654965998485911 bcsId: 0,size=4194304]} | ret=SUCCESS |  
2019-08-21 12:27:53,318 [grpc-default-executor-2] INFO  client.GrpcClientProtocolClient (GrpcClientProtocolClient.java:onNext(255)) - client-C954105195FD->270584e6-a4a8-4db5-8151-214655ce1a56: receive RaftClientReply:client-C954105195FD->270584e6-a4a8-4db5-8151-214655ce1a56@group-787F5BA3AA67, cid=644, SUCCESS, logIndex=783, commits[270584e6-a4a8-4db5-8151-214655ce1a56:c784, af078b8b-61ec-497f-9506-472d46a72462:c782, 09fb9ab4-1b8d-44c0-9f8c-50855c6f1fed:c782]
2019-08-21 12:27:53,319 [grpc-default-executor-2] INFO  client.GrpcClientProtocolClient (GrpcClientProtocolClient.java:onNext(255)) - client-C954105195FD->270584e6-a4a8-4db5-8151-214655ce1a56: receive RaftClientReply:client-C954105195FD->270584e6-a4a8-4db5-8151-214655ce1a56@group-787F5BA3AA67, cid=645, SUCCESS, logIndex=784, commits[270584e6-a4a8-4db5-8151-214655ce1a56:c784, af078b8b-61ec-497f-9506-472d46a72462:c782, 09fb9ab4-1b8d-44c0-9f8c-50855c6f1fed:c782]
2019-08-21 12:27:53,331 | INFO  | DNAudit | user=null | ip=null | op=WRITE_CHUNK {blockData=conID: 3 locID: 102654965998485911 bcsId: 780} | ret=SUCCESS |  
2019-08-21 12:27:53,331 | INFO  | DNAudit | user=null | ip=null | op=WRITE_CHUNK {blockData=conID: 3 locID: 102654965998485911 bcsId: 780} | ret=SUCCESS |  
2019-08-21 12:27:53,332 | INFO  | DNAudit | user=null | ip=null | op=PUT_BLOCK {blockData=[blockId=conID: 3 locID: 102654965998485911 bcsId: 0,size=4194304]} | ret=SUCCESS |  
2019-08-21 12:27:53,334 | INFO  | DNAudit | user=null | ip=null | op=PUT_BLOCK {blockData=[blockId=conID: 3 locID: 102654965998485911 bcsId: 0,size=4194304]} | ret=SUCCESS |  
2019-08-21 12:27:53,335 [grpc-default-executor-2] INFO  client.GrpcClientProtocolClient (GrpcClientProtocolClient.java:onNext(255)) - client-C954105195FD->270584e6-a4a8-4db5-8151-214655ce1a56: receive RaftClientReply:client-C954105195FD->270584e6-a4a8-4db5-8151-214655ce1a56@group-787F5BA3AA67, cid=646, SUCCESS, logIndex=0, commits[270584e6-a4a8-4db5-8151-214655ce1a56:c786, af078b8b-61ec-497f-9506-472d46a72462:c784, 09fb9ab4-1b8d-44c0-9f8c-50855c6f1fed:c784]
2019-08-21 12:27:53,343 | INFO  | DNAudit | user=null | ip=null | op=WRITE_CHUNK {blockData=conID: 1 locID: 102654965998551448 bcsId: 0} | ret=SUCCESS |  
2019-08-21 12:27:53,347 | INFO  | DNAudit | user=null | ip=null | op=WRITE_CHUNK {blockData=conID: 1 locID: 102654965998551448 bcsId: 0} | ret=SUCCESS |  
2019-08-21 12:27:53,348 | INFO  | DNAudit | user=null | ip=null | op=WRITE_CHUNK {blockData=conID: 1 locID: 102654965998551448 bcsId: 0} | ret=SUCCESS |  
2019-08-21 12:27:53,348 | INFO  | DNAudit | user=null | ip=null | op=WRITE_CHUNK {blockData=conID: 1 locID: 102654965998551448 bcsId: 0} | ret=SUCCESS |  
2019-08-21 12:27:53,351 | INFO  | DNAudit | user=null | ip=null | op=WRITE_CHUNK {blockData=conID: 1 locID: 102654965998551448 bcsId: 0} | ret=SUCCESS |  
2019-08-21 12:27:53,351 | INFO  | DNAudit | user=null | ip=null | op=WRITE_CHUNK {blockData=conID: 1 locID: 102654965998551448 bcsId: 0} | ret=SUCCESS |  
 0.00% |█                                                                                                    |  0/1 Time: 0:00:012019-08-21 12:27:53,356 | INFO  | DNAudit | user=null | ip=null | op=WRITE_CHUNK {blockData=conID: 1 locID: 102654965998551448 bcsId: 0} | ret=SUCCESS |  
2019-08-21 12:27:53,357 | INFO  | DNAudit | user=null | ip=null | op=PUT_BLOCK {blockData=[blockId=conID: 1 locID: 102654965998551448 bcsId: 0,size=1048576]} | ret=SUCCESS |  
2019-08-21 12:27:53,358 | INFO  | DNAudit | user=null | ip=null | op=WRITE_CHUNK {blockData=conID: 1 locID: 102654965998551448 bcsId: 0} | ret=SUCCESS |  
2019-08-21 12:27:53,358 [grpc-default-executor-2] INFO  client.GrpcClientProtocolClient (GrpcClientProtocolClient.java:onNext(255)) - client-C954105195FD->270584e6-a4a8-4db5-8151-214655ce1a56: receive RaftClientReply:client-C954105195FD->270584e6-a4a8-4db5-8151-214655ce1a56@group-787F5BA3AA67, cid=647, SUCCESS, logIndex=787, commits[270584e6-a4a8-4db5-8151-214655ce1a56:c788, af078b8b-61ec-497f-9506-472d46a72462:c786, 09fb9ab4-1b8d-44c0-9f8c-50855c6f1fed:c786]
2019-08-21 12:27:53,358 | INFO  | DNAudit | user=null | ip=null | op=PUT_BLOCK {blockData=[blockId=conID: 1 locID: 102654965998551448 bcsId: 0,size=2097152]} | ret=SUCCESS |  
2019-08-21 12:27:53,358 [grpc-default-executor-2] INFO  client.GrpcClientProtocolClient (GrpcClientProtocolClient.java:onNext(255)) - client-C954105195FD->270584e6-a4a8-4db5-8151-214655ce1a56: receive RaftClientReply:client-C954105195FD->270584e6-a4a8-4db5-8151-214655ce1a56@group-787F5BA3AA67, cid=648, SUCCESS, logIndex=788, commits[270584e6-a4a8-4db5-8151-214655ce1a56:c788, af078b8b-61ec-497f-9506-472d46a72462:c786, 09fb9ab4-1b8d-44c0-9f8c-50855c6f1fed:c786]
2019-08-21 12:27:53,359 [grpc-default-executor-2] INFO  client.GrpcClientProtocolClient (GrpcClientProtocolClient.java:onNext(255)) - client-C954105195FD->270584e6-a4a8-4db5-8151-214655ce1a56: receive RaftClientReply:client-C954105195FD->270584e6-a4a8-4db5-8151-214655ce1a56@group-787F5BA3AA67, cid=649, SUCCESS, logIndex=789, commits[270584e6-a4a8-4db5-8151-214655ce1a56:c790, af078b8b-61ec-497f-9506-472d46a72462:c786, 09fb9ab4-1b8d-44c0-9f8c-50855c6f1fed:c786]
2019-08-21 12:27:53,359 [grpc-default-executor-2] INFO  client.GrpcClientProtocolClient (GrpcClientProtocolClient.java:onNext(255)) - client-C954105195FD->270584e6-a4a8-4db5-8151-214655ce1a56: receive RaftClientReply:client-C954105195FD->270584e6-a4a8-4db5-8151-214655ce1a56@group-787F5BA3AA67, cid=650, SUCCESS, logIndex=790, commits[270584e6-a4a8-4db5-8151-214655ce1a56:c790, af078b8b-61ec-497f-9506-472d46a72462:c786, 09fb9ab4-1b8d-44c0-9f8c-50855c6f1fed:c786]
2019-08-21 12:27:53,368 | INFO  | DNAudit | user=null | ip=null | op=WRITE_CHUNK {blockData=conID: 1 locID: 102654965998551448 bcsId: 0} | ret=SUCCESS |  
2019-08-21 12:27:53,368 | INFO  | DNAudit | user=null | ip=null | op=WRITE_CHUNK {blockData=conID: 1 locID: 102654965998551448 bcsId: 0} | ret=SUCCESS |  
2019-08-21 12:27:53,369 | INFO  | DNAudit | user=null | ip=null | op=PUT_BLOCK {blockData=[blockId=conID: 1 locID: 102654965998551448 bcsId: 0,size=1048576]} | ret=SUCCESS |  
2019-08-21 12:27:53,369 | INFO  | DNAudit | user=null | ip=null | op=PUT_BLOCK {blockData=[blockId=conID: 1 locID: 102654965998551448 bcsId: 0,size=1048576]} | ret=SUCCESS |  
2019-08-21 12:27:53,369 [grpc-default-executor-2] INFO  client.GrpcClientProtocolClient (GrpcClientProtocolClient.java:onNext(255)) - client-C954105195FD->270584e6-a4a8-4db5-8151-214655ce1a56: receive RaftClientReply:client-C954105195FD->270584e6-a4a8-4db5-8151-214655ce1a56@group-787F5BA3AA67, cid=651, SUCCESS, logIndex=0, commits[270584e6-a4a8-4db5-8151-214655ce1a56:c791, af078b8b-61ec-497f-9506-472d46a72462:c788, 09fb9ab4-1b8d-44c0-9f8c-50855c6f1fed:c788]
2019-08-21 12:27:53,371 | INFO  | DNAudit | user=null | ip=null | op=WRITE_CHUNK {blockData=conID: 1 locID: 102654965998551448 bcsId: 0} | ret=SUCCESS |  
2019-08-21 12:27:53,371 | INFO  | DNAudit | user=null | ip=null | op=WRITE_CHUNK {blockData=conID: 1 locID: 102654965998551448 bcsId: 0} | ret=SUCCESS |  
2019-08-21 12:27:53,371 | INFO  | DNAudit | user=null | ip=null | op=PUT_BLOCK {blockData=[blockId=conID: 1 locID: 102654965998551448 bcsId: 0,size=2097152]} | ret=SUCCESS |  
2019-08-21 12:27:53,371 | INFO  | DNAudit | user=null | ip=null | op=PUT_BLOCK {blockData=[blockId=conID: 1 locID: 102654965998551448 bcsId: 0,size=2097152]} | ret=SUCCESS |  
2019-08-21 12:27:53,377 | INFO  | DNAudit | user=null | ip=null | op=WRITE_CHUNK {blockData=conID: 1 locID: 102654965998551448 bcsId: 790} | ret=SUCCESS |  
2019-08-21 12:27:53,381 | INFO  | DNAudit | user=null | ip=null | op=WRITE_CHUNK {blockData=conID: 1 locID: 102654965998551448 bcsId: 790} | ret=SUCCESS |  
2019-08-21 12:27:53,382 | INFO  | DNAudit | user=null | ip=null | op=WRITE_CHUNK {blockData=conID: 1 locID: 102654965998551448 bcsId: 790} | ret=SUCCESS |  
2019-08-21 12:27:53,390 | INFO  | DNAudit | user=null | ip=null | op=WRITE_CHUNK {blockData=conID: 1 locID: 102654965998551448 bcsId: 790} | ret=SUCCESS |  
2019-08-21 12:27:53,391 | INFO  | DNAudit | user=null | ip=null | op=PUT_BLOCK {blockData=[blockId=conID: 1 locID: 102654965998551448 bcsId: 0,size=3145728]} | ret=SUCCESS |  
2019-08-21 12:27:53,392 [grpc-default-executor-1] INFO  client.GrpcClientProtocolClient (GrpcClientProtocolClient.java:onNext(255)) - client-C954105195FD->270584e6-a4a8-4db5-8151-214655ce1a56: receive RaftClientReply:client-C954105195FD->270584e6-a4a8-4db5-8151-214655ce1a56@group-787F5BA3AA67, cid=652, SUCCESS, logIndex=794, commits[270584e6-a4a8-4db5-8151-214655ce1a56:c795, af078b8b-61ec-497f-9506-472d46a72462:c793, 09fb9ab4-1b8d-44c0-9f8c-50855c6f1fed:c793]
2019-08-21 12:27:53,392 [grpc-default-executor-1] INFO  client.GrpcClientProtocolClient (GrpcClientProtocolClient.java:onNext(255)) - client-C954105195FD->270584e6-a4a8-4db5-8151-214655ce1a56: receive RaftClientReply:client-C954105195FD->270584e6-a4a8-4db5-8151-214655ce1a56@group-787F5BA3AA67, cid=653, SUCCESS, logIndex=795, commits[270584e6-a4a8-4db5-8151-214655ce1a56:c795, af078b8b-61ec-497f-9506-472d46a72462:c793, 09fb9ab4-1b8d-44c0-9f8c-50855c6f1fed:c793]
2019-08-21 12:27:53,401 | INFO  | DNAudit | user=null | ip=null | op=WRITE_CHUNK {blockData=conID: 1 locID: 102654965998551448 bcsId: 795} | ret=SUCCESS |  
2019-08-21 12:27:53,402 | INFO  | DNAudit | user=null | ip=null | op=WRITE_CHUNK {blockData=conID: 1 locID: 102654965998551448 bcsId: 790} | ret=SUCCESS |  
2019-08-21 12:27:53,402 | INFO  | DNAudit | user=null | ip=null | op=WRITE_CHUNK {blockData=conID: 1 locID: 102654965998551448 bcsId: 790} | ret=SUCCESS |  
2019-08-21 12:27:53,402 | INFO  | DNAudit | user=null | ip=null | op=PUT_BLOCK {blockData=[blockId=conID: 1 locID: 102654965998551448 bcsId: 0,size=3145728]} | ret=SUCCESS |  
2019-08-21 12:27:53,403 | INFO  | DNAudit | user=null | ip=null | op=PUT_BLOCK {blockData=[blockId=conID: 1 locID: 102654965998551448 bcsId: 0,size=3145728]} | ret=SUCCESS |  
2019-08-21 12:27:53,405 | INFO  | DNAudit | user=null | ip=null | op=WRITE_CHUNK {blockData=conID: 1 locID: 102654965998551448 bcsId: 795} | ret=SUCCESS |  
2019-08-21 12:27:53,406 | INFO  | DNAudit | user=null | ip=null | op=WRITE_CHUNK {blockData=conID: 1 locID: 102654965998551448 bcsId: 795} | ret=SUCCESS |  
2019-08-21 12:27:53,417 | INFO  | DNAudit | user=null | ip=null | op=WRITE_CHUNK {blockData=conID: 1 locID: 102654965998551448 bcsId: 795} | ret=SUCCESS |  
2019-08-21 12:27:53,418 | INFO  | DNAudit | user=null | ip=null | op=PUT_BLOCK {blockData=[blockId=conID: 1 locID: 102654965998551448 bcsId: 0,size=4194304]} | ret=SUCCESS |  
2019-08-21 12:27:53,418 [grpc-default-executor-4] INFO  client.GrpcClientProtocolClient (GrpcClientProtocolClient.java:onNext(255)) - client-C954105195FD->270584e6-a4a8-4db5-8151-214655ce1a56: receive RaftClientReply:client-C954105195FD->270584e6-a4a8-4db5-8151-214655ce1a56@group-787F5BA3AA67, cid=654, SUCCESS, logIndex=798, commits[270584e6-a4a8-4db5-8151-214655ce1a56:c799, af078b8b-61ec-497f-9506-472d46a72462:c795, 09fb9ab4-1b8d-44c0-9f8c-50855c6f1fed:c795]
2019-08-21 12:27:53,419 [grpc-default-executor-4] INFO  client.GrpcClientProtocolClient (GrpcClientProtocolClient.java:onNext(255)) - client-C954105195FD->270584e6-a4a8-4db5-8151-214655ce1a56: receive RaftClientReply:client-C954105195FD->270584e6-a4a8-4db5-8151-214655ce1a56@group-787F5BA3AA67, cid=655, SUCCESS, logIndex=799, commits[270584e6-a4a8-4db5-8151-214655ce1a56:c799, af078b8b-61ec-497f-9506-472d46a72462:c795, 09fb9ab4-1b8d-44c0-9f8c-50855c6f1fed:c795]
2019-08-21 12:27:53,430 | INFO  | DNAudit | user=null | ip=null | op=WRITE_CHUNK {blockData=conID: 1 locID: 102654965998551448 bcsId: 795} | ret=SUCCESS |  
2019-08-21 12:27:53,430 | INFO  | DNAudit | user=null | ip=null | op=WRITE_CHUNK {blockData=conID: 1 locID: 102654965998551448 bcsId: 795} | ret=SUCCESS |  
2019-08-21 12:27:53,431 | INFO  | DNAudit | user=null | ip=null | op=PUT_BLOCK {blockData=[blockId=conID: 1 locID: 102654965998551448 bcsId: 0,size=4194304]} | ret=SUCCESS |  
2019-08-21 12:27:53,444 | INFO  | DNAudit | user=null | ip=null | op=PUT_BLOCK {blockData=[blockId=conID: 1 locID: 102654965998551448 bcsId: 0,size=4194304]} | ret=SUCCESS |  
2019-08-21 12:27:53,445 [grpc-default-executor-4] INFO  client.GrpcClientProtocolClient (GrpcClientProtocolClient.java:onNext(255)) - client-C954105195FD->270584e6-a4a8-4db5-8151-214655ce1a56: receive RaftClientReply:client-C954105195FD->270584e6-a4a8-4db5-8151-214655ce1a56@group-787F5BA3AA67, cid=656, SUCCESS, logIndex=0, commits[270584e6-a4a8-4db5-8151-214655ce1a56:c801, af078b8b-61ec-497f-9506-472d46a72462:c799, 09fb9ab4-1b8d-44c0-9f8c-50855c6f1fed:c799]
2019-08-21 12:27:53,456 | INFO  | DNAudit | user=null | ip=null | op=WRITE_CHUNK {blockData=conID: 2 locID: 102654965998551449 bcsId: 0} | ret=SUCCESS |  
2019-08-21 12:27:53,459 | INFO  | DNAudit | user=null | ip=null | op=WRITE_CHUNK {blockData=conID: 2 locID: 102654965998551449 bcsId: 0} | ret=SUCCESS |  
2019-08-21 12:27:53,461 | INFO  | DNAudit | user=null | ip=null | op=WRITE_CHUNK {blockData=conID: 2 locID: 102654965998551449 bcsId: 0} | ret=SUCCESS |  
2019-08-21 12:27:53,461 | INFO  | DNAudit | user=null | ip=null | op=WRITE_CHUNK {blockData=conID: 2 locID: 102654965998551449 bcsId: 0} | ret=SUCCESS |  
2019-08-21 12:27:53,463 | INFO  | DNAudit | user=null | ip=null | op=WRITE_CHUNK {blockData=conID: 2 locID: 102654965998551449 bcsId: 0} | ret=SUCCESS |  
2019-08-21 12:27:53,463 | INFO  | DNAudit | user=null | ip=null | op=WRITE_CHUNK {blockData=conID: 2 locID: 102654965998551449 bcsId: 0} | ret=SUCCESS |  
2019-08-21 12:27:53,474 | INFO  | DNAudit | user=null | ip=null | op=WRITE_CHUNK {blockData=conID: 2 locID: 102654965998551449 bcsId: 0} | ret=SUCCESS |  
2019-08-21 12:27:53,475 | INFO  | DNAudit | user=null | ip=null | op=PUT_BLOCK {blockData=[blockId=conID: 2 locID: 102654965998551449 bcsId: 0,size=1048576]} | ret=SUCCESS |  
2019-08-21 12:27:53,475 [grpc-default-executor-2] INFO  client.GrpcClientProtocolClient (GrpcClientProtocolClient.java:onNext(255)) - client-C954105195FD->270584e6-a4a8-4db5-8151-214655ce1a56: receive RaftClientReply:client-C954105195FD->270584e6-a4a8-4db5-8151-214655ce1a56@group-787F5BA3AA67, cid=657, SUCCESS, logIndex=802, commits[270584e6-a4a8-4db5-8151-214655ce1a56:c805, af078b8b-61ec-497f-9506-472d46a72462:c801, 09fb9ab4-1b8d-44c0-9f8c-50855c6f1fed:c801]
2019-08-21 12:27:53,476 | INFO  | DNAudit | user=null | ip=null | op=WRITE_CHUNK {blockData=conID: 2 locID: 102654965998551449 bcsId: 0} | ret=SUCCESS |  
2019-08-21 12:27:53,476 [grpc-default-executor-2] INFO  client.GrpcClientProtocolClient (GrpcClientProtocolClient.java:onNext(255)) - client-C954105195FD->270584e6-a4a8-4db5-8151-214655ce1a56: receive RaftClientReply:client-C954105195FD->270584e6-a4a8-4db5-8151-214655ce1a56@group-787F5BA3AA67, cid=658, SUCCESS, logIndex=803, commits[270584e6-a4a8-4db5-8151-214655ce1a56:c805, af078b8b-61ec-497f-9506-472d46a72462:c801, 09fb9ab4-1b8d-44c0-9f8c-50855c6f1fed:c801]
2019-08-21 12:27:53,477 | INFO  | DNAudit | user=null | ip=null | op=PUT_BLOCK {blockData=[blockId=conID: 2 locID: 102654965998551449 bcsId: 0,size=2097152]} | ret=SUCCESS |  
2019-08-21 12:27:53,477 [grpc-default-executor-2] INFO  client.GrpcClientProtocolClient (GrpcClientProtocolClient.java:onNext(255)) - client-C954105195FD->270584e6-a4a8-4db5-8151-214655ce1a56: receive RaftClientReply:client-C954105195FD->270584e6-a4a8-4db5-8151-214655ce1a56@group-787F5BA3AA67, cid=659, SUCCESS, logIndex=804, commits[270584e6-a4a8-4db5-8151-214655ce1a56:c805, af078b8b-61ec-497f-9506-472d46a72462:c801, 09fb9ab4-1b8d-44c0-9f8c-50855c6f1fed:c801]
2019-08-21 12:27:53,477 [grpc-default-executor-2] INFO  client.GrpcClientProtocolClient (GrpcClientProtocolClient.java:onNext(255)) - client-C954105195FD->270584e6-a4a8-4db5-8151-214655ce1a56: receive RaftClientReply:client-C954105195FD->270584e6-a4a8-4db5-8151-214655ce1a56@group-787F5BA3AA67, cid=660, SUCCESS, logIndex=805, commits[270584e6-a4a8-4db5-8151-214655ce1a56:c805, af078b8b-61ec-497f-9506-472d46a72462:c801, 09fb9ab4-1b8d-44c0-9f8c-50855c6f1fed:c801]
2019-08-21 12:27:53,485 | INFO  | DNAudit | user=null | ip=null | op=WRITE_CHUNK {blockData=conID: 2 locID: 102654965998551449 bcsId: 0} | ret=SUCCESS |  
2019-08-21 12:27:53,486 | INFO  | DNAudit | user=null | ip=null | op=WRITE_CHUNK {blockData=conID: 2 locID: 102654965998551449 bcsId: 0} | ret=SUCCESS |  
2019-08-21 12:27:53,486 | INFO  | DNAudit | user=null | ip=null | op=PUT_BLOCK {blockData=[blockId=conID: 2 locID: 102654965998551449 bcsId: 0,size=1048576]} | ret=SUCCESS |  
2019-08-21 12:27:53,486 | INFO  | DNAudit | user=null | ip=null | op=WRITE_CHUNK {blockData=conID: 2 locID: 102654965998551449 bcsId: 0} | ret=SUCCESS |  
2019-08-21 12:27:53,487 | INFO  | DNAudit | user=null | ip=null | op=PUT_BLOCK {blockData=[blockId=conID: 2 locID: 102654965998551449 bcsId: 0,size=2097152]} | ret=SUCCESS |  
2019-08-21 12:27:53,488 | INFO  | DNAudit | user=null | ip=null | op=PUT_BLOCK {blockData=[blockId=conID: 2 locID: 102654965998551449 bcsId: 0,size=1048576]} | ret=SUCCESS |  
2019-08-21 12:27:53,488 | INFO  | DNAudit | user=null | ip=null | op=WRITE_CHUNK {blockData=conID: 2 locID: 102654965998551449 bcsId: 0} | ret=SUCCESS |  
2019-08-21 12:27:53,489 | INFO  | DNAudit | user=null | ip=null | op=PUT_BLOCK {blockData=[blockId=conID: 2 locID: 102654965998551449 bcsId: 0,size=2097152]} | ret=SUCCESS |  
2019-08-21 12:27:53,489 [grpc-default-executor-2] INFO  client.GrpcClientProtocolClient (GrpcClientProtocolClient.java:onNext(255)) - client-C954105195FD->270584e6-a4a8-4db5-8151-214655ce1a56: receive RaftClientReply:client-C954105195FD->270584e6-a4a8-4db5-8151-214655ce1a56@group-787F5BA3AA67, cid=661, SUCCESS, logIndex=0, commits[270584e6-a4a8-4db5-8151-214655ce1a56:c809, af078b8b-61ec-497f-9506-472d46a72462:c805, 09fb9ab4-1b8d-44c0-9f8c-50855c6f1fed:c803]
2019-08-21 12:27:53,497 | INFO  | DNAudit | user=null | ip=null | op=WRITE_CHUNK {blockData=conID: 2 locID: 102654965998551449 bcsId: 805} | ret=SUCCESS |  
2019-08-21 12:27:53,502 | INFO  | DNAudit | user=null | ip=null | op=WRITE_CHUNK {blockData=conID: 2 locID: 102654965998551449 bcsId: 805} | ret=SUCCESS |  
2019-08-21 12:27:53,503 | INFO  | DNAudit | user=null | ip=null | op=WRITE_CHUNK {blockData=conID: 2 locID: 102654965998551449 bcsId: 805} | ret=SUCCESS |  
2019-08-21 12:27:53,511 | INFO  | DNAudit | user=null | ip=null | op=WRITE_CHUNK {blockData=conID: 2 locID: 102654965998551449 bcsId: 805} | ret=SUCCESS |  
2019-08-21 12:27:53,512 [grpc-default-executor-2] INFO  client.GrpcClientProtocolClient (GrpcClientProtocolClient.java:onNext(255)) - client-C954105195FD->270584e6-a4a8-4db5-8151-214655ce1a56: receive RaftClientReply:client-C954105195FD->270584e6-a4a8-4db5-8151-214655ce1a56@group-787F5BA3AA67, cid=662, SUCCESS, logIndex=810, commits[270584e6-a4a8-4db5-8151-214655ce1a56:c811, af078b8b-61ec-497f-9506-472d46a72462:c809, 09fb9ab4-1b8d-44c0-9f8c-50855c6f1fed:c809]
2019-08-21 12:27:53,520 | INFO  | DNAudit | user=null | ip=null | op=PUT_BLOCK {blockData=[blockId=conID: 2 locID: 102654965998551449 bcsId: 0,size=3145728]} | ret=SUCCESS |  
2019-08-21 12:27:53,521 [grpc-default-executor-2] INFO  client.GrpcClientProtocolClient (GrpcClientProtocolClient.java:onNext(255)) - client-C954105195FD->270584e6-a4a8-4db5-8151-214655ce1a56: receive RaftClientReply:client-C954105195FD->270584e6-a4a8-4db5-8151-214655ce1a56@group-787F5BA3AA67, cid=663, SUCCESS, logIndex=811, commits[270584e6-a4a8-4db5-8151-214655ce1a56:c811, af078b8b-61ec-497f-9506-472d46a72462:c809, 09fb9ab4-1b8d-44c0-9f8c-50855c6f1fed:c809]
2019-08-21 12:27:53,524 | INFO  | DNAudit | user=null | ip=null | op=WRITE_CHUNK {blockData=conID: 2 locID: 102654965998551449 bcsId: 805} | ret=SUCCESS |  
2019-08-21 12:27:53,525 | INFO  | DNAudit | user=null | ip=null | op=WRITE_CHUNK {blockData=conID: 2 locID: 102654965998551449 bcsId: 805} | ret=SUCCESS |  
2019-08-21 12:27:53,525 | INFO  | DNAudit | user=null | ip=null | op=PUT_BLOCK {blockData=[blockId=conID: 2 locID: 102654965998551449 bcsId: 0,size=3145728]} | ret=SUCCESS |  
2019-08-21 12:27:53,526 | INFO  | DNAudit | user=null | ip=null | op=PUT_BLOCK {blockData=[blockId=conID: 2 locID: 102654965998551449 bcsId: 0,size=3145728]} | ret=SUCCESS |  
2019-08-21 12:27:53,534 | INFO  | DNAudit | user=null | ip=null | op=WRITE_CHUNK {blockData=conID: 2 locID: 102654965998551449 bcsId: 811} | ret=SUCCESS |  
2019-08-21 12:27:53,537 | INFO  | DNAudit | user=null | ip=null | op=WRITE_CHUNK {blockData=conID: 2 locID: 102654965998551449 bcsId: 811} | ret=SUCCESS |  
2019-08-21 12:27:53,539 | INFO  | DNAudit | user=null | ip=null | op=WRITE_CHUNK {blockData=conID: 2 locID: 102654965998551449 bcsId: 811} | ret=SUCCESS |  
2019-08-21 12:27:53,543 | INFO  | DNAudit | user=null | ip=null | op=WRITE_CHUNK {blockData=conID: 2 locID: 102654965998551449 bcsId: 811} | ret=SUCCESS |  
2019-08-21 12:27:53,544 | INFO  | DNAudit | user=null | ip=null | op=PUT_BLOCK {blockData=[blockId=conID: 2 locID: 102654965998551449 bcsId: 0,size=4194304]} | ret=SUCCESS |  
2019-08-21 12:27:53,544 [grpc-default-executor-2] INFO  client.GrpcClientProtocolClient (GrpcClientProtocolClient.java:onNext(255)) - client-C954105195FD->270584e6-a4a8-4db5-8151-214655ce1a56: receive RaftClientReply:client-C954105195FD->270584e6-a4a8-4db5-8151-214655ce1a56@group-787F5BA3AA67, cid=664, SUCCESS, logIndex=814, commits[270584e6-a4a8-4db5-8151-214655ce1a56:c815, af078b8b-61ec-497f-9506-472d46a72462:c813, 09fb9ab4-1b8d-44c0-9f8c-50855c6f1fed:c813]
2019-08-21 12:27:53,545 [grpc-default-executor-2] INFO  client.GrpcClientProtocolClient (GrpcClientProtocolClient.java:onNext(255)) - client-C954105195FD->270584e6-a4a8-4db5-8151-214655ce1a56: receive RaftClientReply:client-C954105195FD->270584e6-a4a8-4db5-8151-214655ce1a56@group-787F5BA3AA67, cid=665, SUCCESS, logIndex=815, commits[270584e6-a4a8-4db5-8151-214655ce1a56:c815, af078b8b-61ec-497f-9506-472d46a72462:c813, 09fb9ab4-1b8d-44c0-9f8c-50855c6f1fed:c813]
2019-08-21 12:27:53,574 | INFO  | DNAudit | user=null | ip=null | op=WRITE_CHUNK {blockData=conID: 2 locID: 102654965998551449 bcsId: 811} | ret=SUCCESS |  
2019-08-21 12:27:53,574 | INFO  | DNAudit | user=null | ip=null | op=WRITE_CHUNK {blockData=conID: 2 locID: 102654965998551449 bcsId: 811} | ret=SUCCESS |  
2019-08-21 12:27:53,575 | INFO  | DNAudit | user=null | ip=null | op=PUT_BLOCK {blockData=[blockId=conID: 2 locID: 102654965998551449 bcsId: 0,size=4194304]} | ret=SUCCESS |  
2019-08-21 12:27:53,577 | INFO  | DNAudit | user=null | ip=null | op=PUT_BLOCK {blockData=[blockId=conID: 2 locID: 102654965998551449 bcsId: 0,size=4194304]} | ret=SUCCESS |  
2019-08-21 12:27:53,578 [grpc-default-executor-2] INFO  client.GrpcClientProtocolClient (GrpcClientProtocolClient.java:onNext(255)) - client-C954105195FD->270584e6-a4a8-4db5-8151-214655ce1a56: receive RaftClientReply:client-C954105195FD->270584e6-a4a8-4db5-8151-214655ce1a56@group-787F5BA3AA67, cid=666, SUCCESS, logIndex=0, commits[270584e6-a4a8-4db5-8151-214655ce1a56:c817, af078b8b-61ec-497f-9506-472d46a72462:c815, 09fb9ab4-1b8d-44c0-9f8c-50855c6f1fed:c815]
2019-08-21 12:27:53,589 | INFO  | DNAudit | user=null | ip=null | op=WRITE_CHUNK {blockData=conID: 3 locID: 102654965998551450 bcsId: 0} | ret=SUCCESS |  
2019-08-21 12:27:53,594 | INFO  | DNAudit | user=null | ip=null | op=WRITE_CHUNK {blockData=conID: 3 locID: 102654965998551450 bcsId: 0} | ret=SUCCESS |  
2019-08-21 12:27:53,594 | INFO  | DNAudit | user=null | ip=null | op=WRITE_CHUNK {blockData=conID: 3 locID: 102654965998551450 bcsId: 0} | ret=SUCCESS |  
2019-08-21 12:27:53,595 | INFO  | DNAudit | user=null | ip=null | op=WRITE_CHUNK {blockData=conID: 3 locID: 102654965998551450 bcsId: 0} | ret=SUCCESS |  
2019-08-21 12:27:53,600 | INFO  | DNAudit | user=null | ip=null | op=WRITE_CHUNK {blockData=conID: 3 locID: 102654965998551450 bcsId: 0} | ret=SUCCESS |  
2019-08-21 12:27:53,601 | INFO  | DNAudit | user=null | ip=null | op=WRITE_CHUNK {blockData=conID: 3 locID: 102654965998551450 bcsId: 0} | ret=SUCCESS |  
2019-08-21 12:27:53,603 | INFO  | DNAudit | user=null | ip=null | op=WRITE_CHUNK {blockData=conID: 3 locID: 102654965998551450 bcsId: 0} | ret=SUCCESS |  
2019-08-21 12:27:53,604 | INFO  | DNAudit | user=null | ip=null | op=PUT_BLOCK {blockData=[blockId=conID: 3 locID: 102654965998551450 bcsId: 0,size=1048576]} | ret=SUCCESS |  
2019-08-21 12:27:53,604 | INFO  | DNAudit | user=null | ip=null | op=WRITE_CHUNK {blockData=conID: 3 locID: 102654965998551450 bcsId: 0} | ret=SUCCESS |  
2019-08-21 12:27:53,605 | INFO  | DNAudit | user=null | ip=null | op=PUT_BLOCK {blockData=[blockId=conID: 3 locID: 102654965998551450 bcsId: 0,size=2097152]} | ret=SUCCESS |  
2019-08-21 12:27:53,604 [grpc-default-executor-5] INFO  client.GrpcClientProtocolClient (GrpcClientProtocolClient.java:onNext(255)) - client-C954105195FD->270584e6-a4a8-4db5-8151-214655ce1a56: receive RaftClientReply:client-C954105195FD->270584e6-a4a8-4db5-8151-214655ce1a56@group-787F5BA3AA67, cid=667, SUCCESS, logIndex=818, commits[270584e6-a4a8-4db5-8151-214655ce1a56:c819, af078b8b-61ec-497f-9506-472d46a72462:c817, 09fb9ab4-1b8d-44c0-9f8c-50855c6f1fed:c815]
2019-08-21 12:27:53,605 | INFO  | DNAudit | user=null | ip=null | op=WRITE_CHUNK {blockData=conID: 3 locID: 102654965998551450 bcsId: 0} | ret=SUCCESS |  
2019-08-21 12:27:53,605 [grpc-default-executor-5] INFO  client.GrpcClientProtocolClient (GrpcClientProtocolClient.java:onNext(255)) - client-C954105195FD->270584e6-a4a8-4db5-8151-214655ce1a56: receive RaftClientReply:client-C954105195FD->270584e6-a4a8-4db5-8151-214655ce1a56@group-787F5BA3AA67, cid=668, SUCCESS, logIndex=819, commits[270584e6-a4a8-4db5-8151-214655ce1a56:c821, af078b8b-61ec-497f-9506-472d46a72462:c817, 09fb9ab4-1b8d-44c0-9f8c-50855c6f1fed:c817]
2019-08-21 12:27:53,606 | INFO  | DNAudit | user=null | ip=null | op=PUT_BLOCK {blockData=[blockId=conID: 3 locID: 102654965998551450 bcsId: 0,size=1048576]} | ret=SUCCESS |  
2019-08-21 12:27:53,606 [grpc-default-executor-5] INFO  client.GrpcClientProtocolClient (GrpcClientProtocolClient.java:onNext(255)) - client-C954105195FD->270584e6-a4a8-4db5-8151-214655ce1a56: receive RaftClientReply:client-C954105195FD->270584e6-a4a8-4db5-8151-214655ce1a56@group-787F5BA3AA67, cid=669, SUCCESS, logIndex=820, commits[270584e6-a4a8-4db5-8151-214655ce1a56:c821, af078b8b-61ec-497f-9506-472d46a72462:c817, 09fb9ab4-1b8d-44c0-9f8c-50855c6f1fed:c817]
2019-08-21 12:27:53,606 [grpc-default-executor-5] INFO  client.GrpcClientProtocolClient (GrpcClientProtocolClient.java:onNext(255)) - client-C954105195FD->270584e6-a4a8-4db5-8151-214655ce1a56: receive RaftClientReply:client-C954105195FD->270584e6-a4a8-4db5-8151-214655ce1a56@group-787F5BA3AA67, cid=670, SUCCESS, logIndex=821, commits[270584e6-a4a8-4db5-8151-214655ce1a56:c821, af078b8b-61ec-497f-9506-472d46a72462:c817, 09fb9ab4-1b8d-44c0-9f8c-50855c6f1fed:c817]
2019-08-21 12:27:53,607 | INFO  | DNAudit | user=null | ip=null | op=WRITE_CHUNK {blockData=conID: 3 locID: 102654965998551450 bcsId: 0} | ret=SUCCESS |  
2019-08-21 12:27:53,607 | INFO  | DNAudit | user=null | ip=null | op=PUT_BLOCK {blockData=[blockId=conID: 3 locID: 102654965998551450 bcsId: 0,size=1048576]} | ret=SUCCESS |  
2019-08-21 12:27:53,608 [grpc-default-executor-5] INFO  client.GrpcClientProtocolClient (GrpcClientProtocolClient.java:onNext(255)) - client-C954105195FD->270584e6-a4a8-4db5-8151-214655ce1a56: receive RaftClientReply:client-C954105195FD->270584e6-a4a8-4db5-8151-214655ce1a56@group-787F5BA3AA67, cid=671, SUCCESS, logIndex=0, commits[270584e6-a4a8-4db5-8151-214655ce1a56:c822, af078b8b-61ec-497f-9506-472d46a72462:c819, 09fb9ab4-1b8d-44c0-9f8c-50855c6f1fed:c819]
2019-08-21 12:27:53,617 | INFO  | DNAudit | user=null | ip=null | op=WRITE_CHUNK {blockData=conID: 3 locID: 102654965998551450 bcsId: 821} | ret=SUCCESS |  
2019-08-21 12:27:53,618 | INFO  | DNAudit | user=null | ip=null | op=WRITE_CHUNK {blockData=conID: 3 locID: 102654965998551450 bcsId: 0} | ret=SUCCESS |  
2019-08-21 12:27:53,619 | INFO  | DNAudit | user=null | ip=null | op=PUT_BLOCK {blockData=[blockId=conID: 3 locID: 102654965998551450 bcsId: 0,size=2097152]} | ret=SUCCESS |  
2019-08-21 12:27:53,620 | INFO  | DNAudit | user=null | ip=null | op=WRITE_CHUNK {blockData=conID: 3 locID: 102654965998551450 bcsId: 0} | ret=SUCCESS |  
2019-08-21 12:27:53,620 | INFO  | DNAudit | user=null | ip=null | op=PUT_BLOCK {blockData=[blockId=conID: 3 locID: 102654965998551450 bcsId: 0,size=2097152]} | ret=SUCCESS |  
2019-08-21 12:27:53,623 | INFO  | DNAudit | user=null | ip=null | op=WRITE_CHUNK {blockData=conID: 3 locID: 102654965998551450 bcsId: 821} | ret=SUCCESS |  
2019-08-21 12:27:53,625 | INFO  | DNAudit | user=null | ip=null | op=WRITE_CHUNK {blockData=conID: 3 locID: 102654965998551450 bcsId: 821} | ret=SUCCESS |  
2019-08-21 12:27:53,636 | INFO  | DNAudit | user=null | ip=null | op=WRITE_CHUNK {blockData=conID: 3 locID: 102654965998551450 bcsId: 821} | ret=SUCCESS |  
2019-08-21 12:27:53,637 | INFO  | DNAudit | user=null | ip=null | op=PUT_BLOCK {blockData=[blockId=conID: 3 locID: 102654965998551450 bcsId: 0,size=3145728]} | ret=SUCCESS |  
2019-08-21 12:27:53,637 [grpc-default-executor-2] INFO  client.GrpcClientProtocolClient (GrpcClientProtocolClient.java:onNext(255)) - client-C954105195FD->270584e6-a4a8-4db5-8151-214655ce1a56: receive RaftClientReply:client-C954105195FD->270584e6-a4a8-4db5-8151-214655ce1a56@group-787F5BA3AA67, cid=672, SUCCESS, logIndex=826, commits[270584e6-a4a8-4db5-8151-214655ce1a56:c827, af078b8b-61ec-497f-9506-472d46a72462:c822, 09fb9ab4-1b8d-44c0-9f8c-50855c6f1fed:c822]
2019-08-21 12:27:53,638 [grpc-default-executor-2] INFO  client.GrpcClientProtocolClient (GrpcClientProtocolClient.java:onNext(255)) - client-C954105195FD->270584e6-a4a8-4db5-8151-214655ce1a56: receive RaftClientReply:client-C954105195FD->270584e6-a4a8-4db5-8151-214655ce1a56@group-787F5BA3AA67, cid=673, SUCCESS, logIndex=827, commits[270584e6-a4a8-4db5-8151-214655ce1a56:c827, af078b8b-61ec-497f-9506-472d46a72462:c822, 09fb9ab4-1b8d-44c0-9f8c-50855c6f1fed:c822]
2019-08-21 12:27:53,648 | INFO  | DNAudit | user=null | ip=null | op=WRITE_CHUNK {blockData=conID: 3 locID: 102654965998551450 bcsId: 827} | ret=SUCCESS |  
2019-08-21 12:27:53,648 | INFO  | DNAudit | user=null | ip=null | op=WRITE_CHUNK {blockData=conID: 3 locID: 102654965998551450 bcsId: 821} | ret=SUCCESS |  
2019-08-21 12:27:53,648 | INFO  | DNAudit | user=null | ip=null | op=WRITE_CHUNK {blockData=conID: 3 locID: 102654965998551450 bcsId: 821} | ret=SUCCESS |  
2019-08-21 12:27:53,649 | INFO  | DNAudit | user=null | ip=null | op=PUT_BLOCK {blockData=[blockId=conID: 3 locID: 102654965998551450 bcsId: 0,size=3145728]} | ret=SUCCESS |  
2019-08-21 12:27:53,649 | INFO  | DNAudit | user=null | ip=null | op=PUT_BLOCK {blockData=[blockId=conID: 3 locID: 102654965998551450 bcsId: 0,size=3145728]} | ret=SUCCESS |  
2019-08-21 12:27:53,653 | INFO  | DNAudit | user=null | ip=null | op=WRITE_CHUNK {blockData=conID: 3 locID: 102654965998551450 bcsId: 827} | ret=SUCCESS |  
2019-08-21 12:27:53,653 | INFO  | DNAudit | user=null | ip=null | op=WRITE_CHUNK {blockData=conID: 3 locID: 102654965998551450 bcsId: 827} | ret=SUCCESS |  
2019-08-21 12:27:53,666 | INFO  | DNAudit | user=null | ip=null | op=WRITE_CHUNK {blockData=conID: 3 locID: 102654965998551450 bcsId: 827} | ret=SUCCESS |  
2019-08-21 12:27:53,667 | INFO  | DNAudit | user=null | ip=null | op=PUT_BLOCK {blockData=[blockId=conID: 3 locID: 102654965998551450 bcsId: 0,size=4194304]} | ret=SUCCESS |  
2019-08-21 12:27:53,667 [grpc-default-executor-5] INFO  client.GrpcClientProtocolClient (GrpcClientProtocolClient.java:onNext(255)) - client-C954105195FD->270584e6-a4a8-4db5-8151-214655ce1a56: receive RaftClientReply:client-C954105195FD->270584e6-a4a8-4db5-8151-214655ce1a56@group-787F5BA3AA67, cid=674, SUCCESS, logIndex=830, commits[270584e6-a4a8-4db5-8151-214655ce1a56:c831, af078b8b-61ec-497f-9506-472d46a72462:c827, 09fb9ab4-1b8d-44c0-9f8c-50855c6f1fed:c827]
2019-08-21 12:27:53,668 [grpc-default-executor-5] INFO  client.GrpcClientProtocolClient (GrpcClientProtocolClient.java:onNext(255)) - client-C954105195FD->270584e6-a4a8-4db5-8151-214655ce1a56: receive RaftClientReply:client-C954105195FD->270584e6-a4a8-4db5-8151-214655ce1a56@group-787F5BA3AA67, cid=675, SUCCESS, logIndex=831, commits[270584e6-a4a8-4db5-8151-214655ce1a56:c831, af078b8b-61ec-497f-9506-472d46a72462:c827, 09fb9ab4-1b8d-44c0-9f8c-50855c6f1fed:c827]
2019-08-21 12:27:53,678 | INFO  | DNAudit | user=null | ip=null | op=WRITE_CHUNK {blockData=conID: 3 locID: 102654965998551450 bcsId: 827} | ret=SUCCESS |  
2019-08-21 12:27:53,678 | INFO  | DNAudit | user=null | ip=null | op=WRITE_CHUNK {blockData=conID: 3 locID: 102654965998551450 bcsId: 827} | ret=SUCCESS |  
2019-08-21 12:27:53,680 | INFO  | DNAudit | user=null | ip=null | op=PUT_BLOCK {blockData=[blockId=conID: 3 locID: 102654965998551450 bcsId: 0,size=4194304]} | ret=SUCCESS |  
2019-08-21 12:27:53,680 | INFO  | DNAudit | user=null | ip=null | op=PUT_BLOCK {blockData=[blockId=conID: 3 locID: 102654965998551450 bcsId: 0,size=4194304]} | ret=SUCCESS |  
2019-08-21 12:27:53,681 [grpc-default-executor-5] INFO  client.GrpcClientProtocolClient (GrpcClientProtocolClient.java:onNext(255)) - client-C954105195FD->270584e6-a4a8-4db5-8151-214655ce1a56: receive RaftClientReply:client-C954105195FD->270584e6-a4a8-4db5-8151-214655ce1a56@group-787F5BA3AA67, cid=676, SUCCESS, logIndex=0, commits[270584e6-a4a8-4db5-8151-214655ce1a56:c833, af078b8b-61ec-497f-9506-472d46a72462:c831, 09fb9ab4-1b8d-44c0-9f8c-50855c6f1fed:c831]
2019-08-21 12:27:53,692 | INFO  | DNAudit | user=null | ip=null | op=WRITE_CHUNK {blockData=conID: 1 locID: 102654965998551451 bcsId: 0} | ret=SUCCESS |  
2019-08-21 12:27:53,696 | INFO  | DNAudit | user=null | ip=null | op=WRITE_CHUNK {blockData=conID: 1 locID: 102654965998551451 bcsId: 0} | ret=SUCCESS |  
2019-08-21 12:27:53,697 | INFO  | DNAudit | user=null | ip=null | op=WRITE_CHUNK {blockData=conID: 1 locID: 102654965998551451 bcsId: 0} | ret=SUCCESS |  
2019-08-21 12:27:53,698 | INFO  | DNAudit | user=null | ip=null | op=WRITE_CHUNK {blockData=conID: 1 locID: 102654965998551451 bcsId: 0} | ret=SUCCESS |  
2019-08-21 12:27:53,699 | INFO  | DNAudit | user=null | ip=null | op=WRITE_CHUNK {blockData=conID: 1 locID: 102654965998551451 bcsId: 0} | ret=SUCCESS |  
2019-08-21 12:27:53,701 | INFO  | DNAudit | user=null | ip=null | op=WRITE_CHUNK {blockData=conID: 1 locID: 102654965998551451 bcsId: 0} | ret=SUCCESS |  
2019-08-21 12:27:53,704 | INFO  | DNAudit | user=null | ip=null | op=WRITE_CHUNK {blockData=conID: 1 locID: 102654965998551451 bcsId: 0} | ret=SUCCESS |  
2019-08-21 12:27:53,705 | INFO  | DNAudit | user=null | ip=null | op=PUT_BLOCK {blockData=[blockId=conID: 1 locID: 102654965998551451 bcsId: 0,size=1048576]} | ret=SUCCESS |  
2019-08-21 12:27:53,705 | INFO  | DNAudit | user=null | ip=null | op=WRITE_CHUNK {blockData=conID: 1 locID: 102654965998551451 bcsId: 0} | ret=SUCCESS |  
2019-08-21 12:27:53,706 | INFO  | DNAudit | user=null | ip=null | op=PUT_BLOCK {blockData=[blockId=conID: 1 locID: 102654965998551451 bcsId: 0,size=2097152]} | ret=SUCCESS |  
2019-08-21 12:27:53,706 | INFO  | DNAudit | user=null | ip=null | op=WRITE_CHUNK {blockData=conID: 1 locID: 102654965998551451 bcsId: 0} | ret=SUCCESS |  
2019-08-21 12:27:53,706 | INFO  | DNAudit | user=null | ip=null | op=WRITE_CHUNK {blockData=conID: 1 locID: 102654965998551451 bcsId: 0} | ret=SUCCESS |  
2019-08-21 12:27:53,706 [grpc-default-executor-2] INFO  client.GrpcClientProtocolClient (GrpcClientProtocolClient.java:onNext(255)) - client-C954105195FD->270584e6-a4a8-4db5-8151-214655ce1a56: receive RaftClientReply:client-C954105195FD->270584e6-a4a8-4db5-8151-214655ce1a56@group-787F5BA3AA67, cid=677, SUCCESS, logIndex=834, commits[270584e6-a4a8-4db5-8151-214655ce1a56:c837, af078b8b-61ec-497f-9506-472d46a72462:c833, 09fb9ab4-1b8d-44c0-9f8c-50855c6f1fed:c833]
2019-08-21 12:27:53,707 | INFO  | DNAudit | user=null | ip=null | op=PUT_BLOCK {blockData=[blockId=conID: 1 locID: 102654965998551451 bcsId: 0,size=1048576]} | ret=SUCCESS |  
2019-08-21 12:27:53,707 | INFO  | DNAudit | user=null | ip=null | op=PUT_BLOCK {blockData=[blockId=conID: 1 locID: 102654965998551451 bcsId: 0,size=1048576]} | ret=SUCCESS |  
2019-08-21 12:27:53,707 | INFO  | DNAudit | user=null | ip=null | op=WRITE_CHUNK {blockData=conID: 1 locID: 102654965998551451 bcsId: 0} | ret=SUCCESS |  
2019-08-21 12:27:53,707 [grpc-default-executor-2] INFO  client.GrpcClientProtocolClient (GrpcClientProtocolClient.java:onNext(255)) - client-C954105195FD->270584e6-a4a8-4db5-8151-214655ce1a56: receive RaftClientReply:client-C954105195FD->270584e6-a4a8-4db5-8151-214655ce1a56@group-787F5BA3AA67, cid=678, SUCCESS, logIndex=835, commits[270584e6-a4a8-4db5-8151-214655ce1a56:c837, af078b8b-61ec-497f-9506-472d46a72462:c833, 09fb9ab4-1b8d-44c0-9f8c-50855c6f1fed:c833]
2019-08-21 12:27:53,708 | INFO  | DNAudit | user=null | ip=null | op=PUT_BLOCK {blockData=[blockId=conID: 1 locID: 102654965998551451 bcsId: 0,size=2097152]} | ret=SUCCESS |  
2019-08-21 12:27:53,708 | INFO  | DNAudit | user=null | ip=null | op=WRITE_CHUNK {blockData=conID: 1 locID: 102654965998551451 bcsId: 0} | ret=SUCCESS |  
2019-08-21 12:27:53,708 [grpc-default-executor-2] INFO  client.GrpcClientProtocolClient (GrpcClientProtocolClient.java:onNext(255)) - client-C954105195FD->270584e6-a4a8-4db5-8151-214655ce1a56: receive RaftClientReply:client-C954105195FD->270584e6-a4a8-4db5-8151-214655ce1a56@group-787F5BA3AA67, cid=679, SUCCESS, logIndex=836, commits[270584e6-a4a8-4db5-8151-214655ce1a56:c837, af078b8b-61ec-497f-9506-472d46a72462:c833, 09fb9ab4-1b8d-44c0-9f8c-50855c6f1fed:c833]
2019-08-21 12:27:53,708 [grpc-default-executor-1] INFO  client.GrpcClientProtocolClient (GrpcClientProtocolClient.java:onNext(255)) - client-C954105195FD->270584e6-a4a8-4db5-8151-214655ce1a56: receive RaftClientReply:client-C954105195FD->270584e6-a4a8-4db5-8151-214655ce1a56@group-787F5BA3AA67, cid=680, SUCCESS, logIndex=837, commits[270584e6-a4a8-4db5-8151-214655ce1a56:c837, af078b8b-61ec-497f-9506-472d46a72462:c833, 09fb9ab4-1b8d-44c0-9f8c-50855c6f1fed:c833]
2019-08-21 12:27:53,708 | INFO  | DNAudit | user=null | ip=null | op=PUT_BLOCK {blockData=[blockId=conID: 1 locID: 102654965998551451 bcsId: 0,size=2097152]} | ret=SUCCESS |  
2019-08-21 12:27:53,710 [grpc-default-executor-2] INFO  client.GrpcClientProtocolClient (GrpcClientProtocolClient.java:onNext(255)) - client-C954105195FD->270584e6-a4a8-4db5-8151-214655ce1a56: receive RaftClientReply:client-C954105195FD->270584e6-a4a8-4db5-8151-214655ce1a56@group-787F5BA3AA67, cid=681, SUCCESS, logIndex=0, commits[270584e6-a4a8-4db5-8151-214655ce1a56:c841, af078b8b-61ec-497f-9506-472d46a72462:c837, 09fb9ab4-1b8d-44c0-9f8c-50855c6f1fed:c837]
2019-08-21 12:27:53,719 | INFO  | DNAudit | user=null | ip=null | op=WRITE_CHUNK {blockData=conID: 1 locID: 102654965998551451 bcsId: 837} | ret=SUCCESS |  
2019-08-21 12:27:53,722 | INFO  | DNAudit | user=null | ip=null | op=WRITE_CHUNK {blockData=conID: 1 locID: 102654965998551451 bcsId: 837} | ret=SUCCESS |  
2019-08-21 12:27:53,723 | INFO  | DNAudit | user=null | ip=null | op=WRITE_CHUNK {blockData=conID: 1 locID: 102654965998551451 bcsId: 837} | ret=SUCCESS |  
2019-08-21 12:27:53,733 | INFO  | DNAudit | user=null | ip=null | op=WRITE_CHUNK {blockData=conID: 1 locID: 102654965998551451 bcsId: 837} | ret=SUCCESS |  
2019-08-21 12:27:53,735 | INFO  | DNAudit | user=null | ip=null | op=PUT_BLOCK {blockData=[blockId=conID: 1 locID: 102654965998551451 bcsId: 0,size=3145728]} | ret=SUCCESS |  
2019-08-21 12:27:53,735 [grpc-default-executor-2] INFO  client.GrpcClientProtocolClient (GrpcClientProtocolClient.java:onNext(255)) - client-C954105195FD->270584e6-a4a8-4db5-8151-214655ce1a56: receive RaftClientReply:client-C954105195FD->270584e6-a4a8-4db5-8151-214655ce1a56@group-787F5BA3AA67, cid=682, SUCCESS, logIndex=842, commits[270584e6-a4a8-4db5-8151-214655ce1a56:c843, af078b8b-61ec-497f-9506-472d46a72462:c841, 09fb9ab4-1b8d-44c0-9f8c-50855c6f1fed:c841]
2019-08-21 12:27:53,736 [grpc-default-executor-2] INFO  client.GrpcClientProtocolClient (GrpcClientProtocolClient.java:onNext(255)) - client-C954105195FD->270584e6-a4a8-4db5-8151-214655ce1a56: receive RaftClientReply:client-C954105195FD->270584e6-a4a8-4db5-8151-214655ce1a56@group-787F5BA3AA67, cid=683, SUCCESS, logIndex=843, commits[270584e6-a4a8-4db5-8151-214655ce1a56:c843, af078b8b-61ec-497f-9506-472d46a72462:c841, 09fb9ab4-1b8d-44c0-9f8c-50855c6f1fed:c841]
2019-08-21 12:27:53,745 | INFO  | DNAudit | user=null | ip=null | op=WRITE_CHUNK {blockData=conID: 1 locID: 102654965998551451 bcsId: 837} | ret=SUCCESS |  
2019-08-21 12:27:53,745 | INFO  | DNAudit | user=null | ip=null | op=WRITE_CHUNK {blockData=conID: 1 locID: 102654965998551451 bcsId: 837} | ret=SUCCESS |  
2019-08-21 12:27:53,745 | INFO  | DNAudit | user=null | ip=null | op=WRITE_CHUNK {blockData=conID: 1 locID: 102654965998551451 bcsId: 843} | ret=SUCCESS |  
2019-08-21 12:27:53,745 | INFO  | DNAudit | user=null | ip=null | op=PUT_BLOCK {blockData=[blockId=conID: 1 locID: 102654965998551451 bcsId: 0,size=3145728]} | ret=SUCCESS |  
2019-08-21 12:27:53,745 | INFO  | DNAudit | user=null | ip=null | op=PUT_BLOCK {blockData=[blockId=conID: 1 locID: 102654965998551451 bcsId: 0,size=3145728]} | ret=SUCCESS |  
2019-08-21 12:27:53,748 | INFO  | DNAudit | user=null | ip=null | op=WRITE_CHUNK {blockData=conID: 1 locID: 102654965998551451 bcsId: 843} | ret=SUCCESS |  
2019-08-21 12:27:53,749 | INFO  | DNAudit | user=null | ip=null | op=WRITE_CHUNK {blockData=conID: 1 locID: 102654965998551451 bcsId: 843} | ret=SUCCESS |  
2019-08-21 12:27:53,758 | INFO  | DNAudit | user=null | ip=null | op=WRITE_CHUNK {blockData=conID: 1 locID: 102654965998551451 bcsId: 843} | ret=SUCCESS |  
2019-08-21 12:27:53,759 | INFO  | DNAudit | user=null | ip=null | op=PUT_BLOCK {blockData=[blockId=conID: 1 locID: 102654965998551451 bcsId: 0,size=4194304]} | ret=SUCCESS |  
2019-08-21 12:27:53,759 [grpc-default-executor-2] INFO  client.GrpcClientProtocolClient (GrpcClientProtocolClient.java:onNext(255)) - client-C954105195FD->270584e6-a4a8-4db5-8151-214655ce1a56: receive RaftClientReply:client-C954105195FD->270584e6-a4a8-4db5-8151-214655ce1a56@group-787F5BA3AA67, cid=684, SUCCESS, logIndex=846, commits[270584e6-a4a8-4db5-8151-214655ce1a56:c847, af078b8b-61ec-497f-9506-472d46a72462:c843, 09fb9ab4-1b8d-44c0-9f8c-50855c6f1fed:c843]
2019-08-21 12:27:53,760 [grpc-default-executor-2] INFO  client.GrpcClientProtocolClient (GrpcClientProtocolClient.java:onNext(255)) - client-C954105195FD->270584e6-a4a8-4db5-8151-214655ce1a56: receive RaftClientReply:client-C954105195FD->270584e6-a4a8-4db5-8151-214655ce1a56@group-787F5BA3AA67, cid=685, SUCCESS, logIndex=847, commits[270584e6-a4a8-4db5-8151-214655ce1a56:c847, af078b8b-61ec-497f-9506-472d46a72462:c843, 09fb9ab4-1b8d-44c0-9f8c-50855c6f1fed:c843]
2019-08-21 12:27:53,762 | INFO  | DNAudit | user=null | ip=null | op=WRITE_CHUNK {blockData=conID: 1 locID: 102654965998551451 bcsId: 843} | ret=SUCCESS |  
2019-08-21 12:27:53,762 | INFO  | DNAudit | user=null | ip=null | op=WRITE_CHUNK {blockData=conID: 1 locID: 102654965998551451 bcsId: 843} | ret=SUCCESS |  
2019-08-21 12:27:53,762 | INFO  | DNAudit | user=null | ip=null | op=PUT_BLOCK {blockData=[blockId=conID: 1 locID: 102654965998551451 bcsId: 0,size=4194304]} | ret=SUCCESS |  
2019-08-21 12:27:53,763 | INFO  | DNAudit | user=null | ip=null | op=PUT_BLOCK {blockData=[blockId=conID: 1 locID: 102654965998551451 bcsId: 0,size=4194304]} | ret=SUCCESS |  
2019-08-21 12:27:53,764 [grpc-default-executor-2] INFO  client.GrpcClientProtocolClient (GrpcClientProtocolClient.java:onNext(255)) - client-C954105195FD->270584e6-a4a8-4db5-8151-214655ce1a56: receive RaftClientReply:client-C954105195FD->270584e6-a4a8-4db5-8151-214655ce1a56@group-787F5BA3AA67, cid=686, SUCCESS, logIndex=0, commits[270584e6-a4a8-4db5-8151-214655ce1a56:c848, af078b8b-61ec-497f-9506-472d46a72462:c847, 09fb9ab4-1b8d-44c0-9f8c-50855c6f1fed:c847]
2019-08-21 12:27:53,773 | INFO  | DNAudit | user=null | ip=null | op=WRITE_CHUNK {blockData=conID: 2 locID: 102654965998551452 bcsId: 0} | ret=SUCCESS |  
2019-08-21 12:27:53,777 | INFO  | DNAudit | user=null | ip=null | op=WRITE_CHUNK {blockData=conID: 2 locID: 102654965998551452 bcsId: 0} | ret=SUCCESS |  
2019-08-21 12:27:53,777 | INFO  | DNAudit | user=null | ip=null | op=WRITE_CHUNK {blockData=conID: 2 locID: 102654965998551452 bcsId: 0} | ret=SUCCESS |  
2019-08-21 12:27:53,778 | INFO  | DNAudit | user=null | ip=null | op=WRITE_CHUNK {blockData=conID: 2 locID: 102654965998551452 bcsId: 0} | ret=SUCCESS |  
2019-08-21 12:27:53,781 | INFO  | DNAudit | user=null | ip=null | op=WRITE_CHUNK {blockData=conID: 2 locID: 102654965998551452 bcsId: 0} | ret=SUCCESS |  
2019-08-21 12:27:53,781 | INFO  | DNAudit | user=null | ip=null | op=WRITE_CHUNK {blockData=conID: 2 locID: 102654965998551452 bcsId: 0} | ret=SUCCESS |  
2019-08-21 12:27:53,781 | INFO  | DNAudit | user=null | ip=null | op=WRITE_CHUNK {blockData=conID: 2 locID: 102654965998551452 bcsId: 0} | ret=SUCCESS |  
2019-08-21 12:27:53,782 | INFO  | DNAudit | user=null | ip=null | op=PUT_BLOCK {blockData=[blockId=conID: 2 locID: 102654965998551452 bcsId: 0,size=1048576]} | ret=SUCCESS |  
2019-08-21 12:27:53,782 [grpc-default-executor-2] INFO  client.GrpcClientProtocolClient (GrpcClientProtocolClient.java:onNext(255)) - client-C954105195FD->270584e6-a4a8-4db5-8151-214655ce1a56: receive RaftClientReply:client-C954105195FD->270584e6-a4a8-4db5-8151-214655ce1a56@group-787F5BA3AA67, cid=687, SUCCESS, logIndex=850, commits[270584e6-a4a8-4db5-8151-214655ce1a56:c851, af078b8b-61ec-497f-9506-472d46a72462:c849, 09fb9ab4-1b8d-44c0-9f8c-50855c6f1fed:c847]
2019-08-21 12:27:53,783 | INFO  | DNAudit | user=null | ip=null | op=WRITE_CHUNK {blockData=conID: 2 locID: 102654965998551452 bcsId: 0} | ret=SUCCESS |  
2019-08-21 12:27:53,784 [grpc-default-executor-2] INFO  client.GrpcClientProtocolClient (GrpcClientProtocolClient.java:onNext(255)) - client-C954105195FD->270584e6-a4a8-4db5-8151-214655ce1a56: receive RaftClientReply:client-C954105195FD->270584e6-a4a8-4db5-8151-214655ce1a56@group-787F5BA3AA67, cid=688, SUCCESS, logIndex=851, commits[270584e6-a4a8-4db5-8151-214655ce1a56:c851, af078b8b-61ec-497f-9506-472d46a72462:c849, 09fb9ab4-1b8d-44c0-9f8c-50855c6f1fed:c847]
2019-08-21 12:27:53,784 | INFO  | DNAudit | user=null | ip=null | op=WRITE_CHUNK {blockData=conID: 2 locID: 102654965998551452 bcsId: 0} | ret=SUCCESS |  
2019-08-21 12:27:53,785 | INFO  | DNAudit | user=null | ip=null | op=WRITE_CHUNK {blockData=conID: 2 locID: 102654965998551452 bcsId: 0} | ret=SUCCESS |  
2019-08-21 12:27:53,785 | INFO  | DNAudit | user=null | ip=null | op=PUT_BLOCK {blockData=[blockId=conID: 2 locID: 102654965998551452 bcsId: 0,size=1048576]} | ret=SUCCESS |  
2019-08-21 12:27:53,785 | INFO  | DNAudit | user=null | ip=null | op=PUT_BLOCK {blockData=[blockId=conID: 2 locID: 102654965998551452 bcsId: 0,size=1048576]} | ret=SUCCESS |  
2019-08-21 12:27:53,785 | INFO  | DNAudit | user=null | ip=null | op=PUT_BLOCK {blockData=[blockId=conID: 2 locID: 102654965998551452 bcsId: 0,size=2097152]} | ret=SUCCESS |  
2019-08-21 12:27:53,785 [grpc-default-executor-2] INFO  client.GrpcClientProtocolClient (GrpcClientProtocolClient.java:onNext(255)) - client-C954105195FD->270584e6-a4a8-4db5-8151-214655ce1a56: receive RaftClientReply:client-C954105195FD->270584e6-a4a8-4db5-8151-214655ce1a56@group-787F5BA3AA67, cid=689, SUCCESS, logIndex=852, commits[270584e6-a4a8-4db5-8151-214655ce1a56:c854, af078b8b-61ec-497f-9506-472d46a72462:c850, 09fb9ab4-1b8d-44c0-9f8c-50855c6f1fed:c851]
2019-08-21 12:27:53,786 [grpc-default-executor-2] INFO  client.GrpcClientProtocolClient (GrpcClientProtocolClient.java:onNext(255)) - client-C954105195FD->270584e6-a4a8-4db5-8151-214655ce1a56: receive RaftClientReply:client-C954105195FD->270584e6-a4a8-4db5-8151-214655ce1a56@group-787F5BA3AA67, cid=690, SUCCESS, logIndex=853, commits[270584e6-a4a8-4db5-8151-214655ce1a56:c855, af078b8b-61ec-497f-9506-472d46a72462:c851, 09fb9ab4-1b8d-44c0-9f8c-50855c6f1fed:c851]
2019-08-21 12:27:53,786 | INFO  | DNAudit | user=null | ip=null | op=WRITE_CHUNK {blockData=conID: 2 locID: 102654965998551452 bcsId: 0} | ret=SUCCESS |  
2019-08-21 12:27:53,787 | INFO  | DNAudit | user=null | ip=null | op=WRITE_CHUNK {blockData=conID: 2 locID: 102654965998551452 bcsId: 0} | ret=SUCCESS |  
2019-08-21 12:27:53,787 | INFO  | DNAudit | user=null | ip=null | op=PUT_BLOCK {blockData=[blockId=conID: 2 locID: 102654965998551452 bcsId: 0,size=2097152]} | ret=SUCCESS |  
2019-08-21 12:27:53,788 | INFO  | DNAudit | user=null | ip=null | op=PUT_BLOCK {blockData=[blockId=conID: 2 locID: 102654965998551452 bcsId: 0,size=2097152]} | ret=SUCCESS |  
2019-08-21 12:27:53,795 | INFO  | DNAudit | user=null | ip=null | op=WRITE_CHUNK {blockData=conID: 2 locID: 102654965998551452 bcsId: 853} | ret=SUCCESS |  
2019-08-21 12:27:53,798 | INFO  | DNAudit | user=null | ip=null | op=WRITE_CHUNK {blockData=conID: 2 locID: 102654965998551452 bcsId: 853} | ret=SUCCESS |  
2019-08-21 12:27:53,799 | INFO  | DNAudit | user=null | ip=null | op=WRITE_CHUNK {blockData=conID: 2 locID: 102654965998551452 bcsId: 853} | ret=SUCCESS |  
2019-08-21 12:27:53,824 | INFO  | DNAudit | user=null | ip=null | op=WRITE_CHUNK {blockData=conID: 2 locID: 102654965998551452 bcsId: 853} | ret=SUCCESS |  
2019-08-21 12:27:53,825 | INFO  | DNAudit | user=null | ip=null | op=PUT_BLOCK {blockData=[blockId=conID: 2 locID: 102654965998551452 bcsId: 0,size=3145728]} | ret=SUCCESS |  
2019-08-21 12:27:53,825 [grpc-default-executor-5] INFO  client.GrpcClientProtocolClient (GrpcClientProtocolClient.java:onNext(255)) - client-C954105195FD->270584e6-a4a8-4db5-8151-214655ce1a56: receive RaftClientReply:client-C954105195FD->270584e6-a4a8-4db5-8151-214655ce1a56@group-787F5BA3AA67, cid=691, SUCCESS, logIndex=858, commits[270584e6-a4a8-4db5-8151-214655ce1a56:c859, af078b8b-61ec-497f-9506-472d46a72462:c857, 09fb9ab4-1b8d-44c0-9f8c-50855c6f1fed:c857]
2019-08-21 12:27:53,825 [grpc-default-executor-5] INFO  client.GrpcClientProtocolClient (GrpcClientProtocolClient.java:onNext(255)) - client-C954105195FD->270584e6-a4a8-4db5-8151-214655ce1a56: receive RaftClientReply:client-C954105195FD->270584e6-a4a8-4db5-8151-214655ce1a56@group-787F5BA3AA67, cid=692, SUCCESS, logIndex=859, commits[270584e6-a4a8-4db5-8151-214655ce1a56:c859, af078b8b-61ec-497f-9506-472d46a72462:c857, 09fb9ab4-1b8d-44c0-9f8c-50855c6f1fed:c857]
2019-08-21 12:27:53,831 | INFO  | DNAudit | user=null | ip=null | op=WRITE_CHUNK {blockData=conID: 2 locID: 102654965998551452 bcsId: 853} | ret=SUCCESS |  
2019-08-21 12:27:53,832 | INFO  | DNAudit | user=null | ip=null | op=WRITE_CHUNK {blockData=conID: 2 locID: 102654965998551452 bcsId: 853} | ret=SUCCESS |  
2019-08-21 12:27:53,832 | INFO  | DNAudit | user=null | ip=null | op=PUT_BLOCK {blockData=[blockId=conID: 2 locID: 102654965998551452 bcsId: 0,size=3145728]} | ret=SUCCESS |  
2019-08-21 12:27:53,834 | INFO  | DNAudit | user=null | ip=null | op=WRITE_CHUNK {blockData=conID: 2 locID: 102654965998551452 bcsId: 859} | ret=SUCCESS |  
2019-08-21 12:27:53,834 | INFO  | DNAudit | user=null | ip=null | op=PUT_BLOCK {blockData=[blockId=conID: 2 locID: 102654965998551452 bcsId: 0,size=3145728]} | ret=SUCCESS |  
2019-08-21 12:27:53,838 | INFO  | DNAudit | user=null | ip=null | op=WRITE_CHUNK {blockData=conID: 2 locID: 102654965998551452 bcsId: 859} | ret=SUCCESS |  
2019-08-21 12:27:53,838 | INFO  | DNAudit | user=null | ip=null | op=WRITE_CHUNK {blockData=conID: 2 locID: 102654965998551452 bcsId: 859} | ret=SUCCESS |  
2019-08-21 12:27:53,847 | INFO  | DNAudit | user=null | ip=null | op=WRITE_CHUNK {blockData=conID: 2 locID: 102654965998551452 bcsId: 859} | ret=SUCCESS |  
2019-08-21 12:27:53,848 | INFO  | DNAudit | user=null | ip=null | op=PUT_BLOCK {blockData=[blockId=conID: 2 locID: 102654965998551452 bcsId: 0,size=4194304]} | ret=SUCCESS |  
2019-08-21 12:27:53,848 [grpc-default-executor-5] INFO  client.GrpcClientProtocolClient (GrpcClientProtocolClient.java:onNext(255)) - client-C954105195FD->270584e6-a4a8-4db5-8151-214655ce1a56: receive RaftClientReply:client-C954105195FD->270584e6-a4a8-4db5-8151-214655ce1a56@group-787F5BA3AA67, cid=693, SUCCESS, logIndex=862, commits[270584e6-a4a8-4db5-8151-214655ce1a56:c863, af078b8b-61ec-497f-9506-472d46a72462:c860, 09fb9ab4-1b8d-44c0-9f8c-50855c6f1fed:c860]
2019-08-21 12:27:53,849 [grpc-default-executor-5] INFO  client.GrpcClientProtocolClient (GrpcClientProtocolClient.java:onNext(255)) - client-C954105195FD->270584e6-a4a8-4db5-8151-214655ce1a56: receive RaftClientReply:client-C954105195FD->270584e6-a4a8-4db5-8151-214655ce1a56@group-787F5BA3AA67, cid=694, SUCCESS, logIndex=863, commits[270584e6-a4a8-4db5-8151-214655ce1a56:c863, af078b8b-61ec-497f-9506-472d46a72462:c860, 09fb9ab4-1b8d-44c0-9f8c-50855c6f1fed:c860]
2019-08-21 12:27:53,859 | INFO  | DNAudit | user=null | ip=null | op=WRITE_CHUNK {blockData=conID: 2 locID: 102654965998551452 bcsId: 859} | ret=SUCCESS |  
2019-08-21 12:27:53,859 | INFO  | DNAudit | user=null | ip=null | op=WRITE_CHUNK {blockData=conID: 2 locID: 102654965998551452 bcsId: 859} | ret=SUCCESS |  
2019-08-21 12:27:53,859 | INFO  | DNAudit | user=null | ip=null | op=PUT_BLOCK {blockData=[blockId=conID: 2 locID: 102654965998551452 bcsId: 0,size=4194304]} | ret=SUCCESS |  
2019-08-21 12:27:53,860 | INFO  | DNAudit | user=null | ip=null | op=PUT_BLOCK {blockData=[blockId=conID: 2 locID: 102654965998551452 bcsId: 0,size=4194304]} | ret=SUCCESS |  
2019-08-21 12:27:53,860 [grpc-default-executor-2] INFO  client.GrpcClientProtocolClient (GrpcClientProtocolClient.java:onNext(255)) - client-C954105195FD->270584e6-a4a8-4db5-8151-214655ce1a56: receive RaftClientReply:client-C954105195FD->270584e6-a4a8-4db5-8151-214655ce1a56@group-787F5BA3AA67, cid=695, SUCCESS, logIndex=0, commits[270584e6-a4a8-4db5-8151-214655ce1a56:c864, af078b8b-61ec-497f-9506-472d46a72462:c863, 09fb9ab4-1b8d-44c0-9f8c-50855c6f1fed:c863]
2019-08-21 12:27:53,869 | INFO  | DNAudit | user=null | ip=null | op=WRITE_CHUNK {blockData=conID: 3 locID: 102654965998551453 bcsId: 0} | ret=SUCCESS |  
2019-08-21 12:27:53,874 | INFO  | DNAudit | user=null | ip=null | op=WRITE_CHUNK {blockData=conID: 3 locID: 102654965998551453 bcsId: 0} | ret=SUCCESS |  
2019-08-21 12:27:53,874 | INFO  | DNAudit | user=null | ip=null | op=WRITE_CHUNK {blockData=conID: 3 locID: 102654965998551453 bcsId: 0} | ret=SUCCESS |  
2019-08-21 12:27:53,875 | INFO  | DNAudit | user=null | ip=null | op=WRITE_CHUNK {blockData=conID: 3 locID: 102654965998551453 bcsId: 0} | ret=SUCCESS |  
2019-08-21 12:27:53,878 | INFO  | DNAudit | user=null | ip=null | op=WRITE_CHUNK {blockData=conID: 3 locID: 102654965998551453 bcsId: 0} | ret=SUCCESS |  
2019-08-21 12:27:53,878 | INFO  | DNAudit | user=null | ip=null | op=WRITE_CHUNK {blockData=conID: 3 locID: 102654965998551453 bcsId: 0} | ret=SUCCESS |  
2019-08-21 12:27:53,882 | INFO  | DNAudit | user=null | ip=null | op=WRITE_CHUNK {blockData=conID: 3 locID: 102654965998551453 bcsId: 0} | ret=SUCCESS |  
2019-08-21 12:27:53,882 | INFO  | DNAudit | user=null | ip=null | op=PUT_BLOCK {blockData=[blockId=conID: 3 locID: 102654965998551453 bcsId: 0,size=1048576]} | ret=SUCCESS |  
2019-08-21 12:27:53,883 | INFO  | DNAudit | user=null | ip=null | op=WRITE_CHUNK {blockData=conID: 3 locID: 102654965998551453 bcsId: 0} | ret=SUCCESS |  
2019-08-21 12:27:53,883 [grpc-default-executor-5] INFO  client.GrpcClientProtocolClient (GrpcClientProtocolClient.java:onNext(255)) - client-C954105195FD->270584e6-a4a8-4db5-8151-214655ce1a56: receive RaftClientReply:client-C954105195FD->270584e6-a4a8-4db5-8151-214655ce1a56@group-787F5BA3AA67, cid=696, SUCCESS, logIndex=866, commits[270584e6-a4a8-4db5-8151-214655ce1a56:c867, af078b8b-61ec-497f-9506-472d46a72462:c865, 09fb9ab4-1b8d-44c0-9f8c-50855c6f1fed:c865]
2019-08-21 12:27:53,884 | INFO  | DNAudit | user=null | ip=null | op=PUT_BLOCK {blockData=[blockId=conID: 3 locID: 102654965998551453 bcsId: 0,size=2097152]} | ret=SUCCESS |  
2019-08-21 12:27:53,884 | INFO  | DNAudit | user=null | ip=null | op=WRITE_CHUNK {blockData=conID: 3 locID: 102654965998551453 bcsId: 0} | ret=SUCCESS |  
2019-08-21 12:27:53,884 | INFO  | DNAudit | user=null | ip=null | op=PUT_BLOCK {blockData=[blockId=conID: 3 locID: 102654965998551453 bcsId: 0,size=1048576]} | ret=SUCCESS |  
2019-08-21 12:27:53,884 [grpc-default-executor-2] INFO  client.GrpcClientProtocolClient (GrpcClientProtocolClient.java:onNext(255)) - client-C954105195FD->270584e6-a4a8-4db5-8151-214655ce1a56: receive RaftClientReply:client-C954105195FD->270584e6-a4a8-4db5-8151-214655ce1a56@group-787F5BA3AA67, cid=697, SUCCESS, logIndex=867, commits[270584e6-a4a8-4db5-8151-214655ce1a56:c867, af078b8b-61ec-497f-9506-472d46a72462:c865, 09fb9ab4-1b8d-44c0-9f8c-50855c6f1fed:c865]
2019-08-21 12:27:53,885 | INFO  | DNAudit | user=null | ip=null | op=WRITE_CHUNK {blockData=conID: 3 locID: 102654965998551453 bcsId: 0} | ret=SUCCESS |  
2019-08-21 12:27:53,885 [grpc-default-executor-2] INFO  client.GrpcClientProtocolClient (GrpcClientProtocolClient.java:onNext(255)) - client-C954105195FD->270584e6-a4a8-4db5-8151-214655ce1a56: receive RaftClientReply:client-C954105195FD->270584e6-a4a8-4db5-8151-214655ce1a56@group-787F5BA3AA67, cid=698, SUCCESS, logIndex=868, commits[270584e6-a4a8-4db5-8151-214655ce1a56:c869, af078b8b-61ec-497f-9506-472d46a72462:c865, 09fb9ab4-1b8d-44c0-9f8c-50855c6f1fed:c865]
2019-08-21 12:27:53,885 | INFO  | DNAudit | user=null | ip=null | op=PUT_BLOCK {blockData=[blockId=conID: 3 locID: 102654965998551453 bcsId: 0,size=1048576]} | ret=SUCCESS |  
2019-08-21 12:27:53,885 [grpc-default-executor-5] INFO  client.GrpcClientProtocolClient (GrpcClientProtocolClient.java:onNext(255)) - client-C954105195FD->270584e6-a4a8-4db5-8151-214655ce1a56: receive RaftClientReply:client-C954105195FD->270584e6-a4a8-4db5-8151-214655ce1a56@group-787F5BA3AA67, cid=699, SUCCESS, logIndex=869, commits[270584e6-a4a8-4db5-8151-214655ce1a56:c869, af078b8b-61ec-497f-9506-472d46a72462:c865, 09fb9ab4-1b8d-44c0-9f8c-50855c6f1fed:c865]
2019-08-21 12:27:53,886 [grpc-default-executor-5] INFO  client.GrpcClientProtocolClient (GrpcClientProtocolClient.java:onNext(255)) - client-C954105195FD->270584e6-a4a8-4db5-8151-214655ce1a56: receive RaftClientReply:client-C954105195FD->270584e6-a4a8-4db5-8151-214655ce1a56@group-787F5BA3AA67, cid=700, SUCCESS, logIndex=0, commits[270584e6-a4a8-4db5-8151-214655ce1a56:c871, af078b8b-61ec-497f-9506-472d46a72462:c867, 09fb9ab4-1b8d-44c0-9f8c-50855c6f1fed:c867]
2019-08-21 12:27:53,896 | INFO  | DNAudit | user=null | ip=null | op=WRITE_CHUNK {blockData=conID: 3 locID: 102654965998551453 bcsId: 0} | ret=SUCCESS |  
2019-08-21 12:27:53,896 | INFO  | DNAudit | user=null | ip=null | op=WRITE_CHUNK {blockData=conID: 3 locID: 102654965998551453 bcsId: 869} | ret=SUCCESS |  
2019-08-21 12:27:53,896 | INFO  | DNAudit | user=null | ip=null | op=WRITE_CHUNK {blockData=conID: 3 locID: 102654965998551453 bcsId: 0} | ret=SUCCESS |  
2019-08-21 12:27:53,897 | INFO  | DNAudit | user=null | ip=null | op=PUT_BLOCK {blockData=[blockId=conID: 3 locID: 102654965998551453 bcsId: 0,size=2097152]} | ret=SUCCESS |  
2019-08-21 12:27:53,897 | INFO  | DNAudit | user=null | ip=null | op=PUT_BLOCK {blockData=[blockId=conID: 3 locID: 102654965998551453 bcsId: 0,size=2097152]} | ret=SUCCESS |  
2019-08-21 12:27:53,900 | INFO  | DNAudit | user=null | ip=null | op=WRITE_CHUNK {blockData=conID: 3 locID: 102654965998551453 bcsId: 869} | ret=SUCCESS |  
2019-08-21 12:27:53,901 | INFO  | DNAudit | user=null | ip=null | op=WRITE_CHUNK {blockData=conID: 3 locID: 102654965998551453 bcsId: 869} | ret=SUCCESS |  
2019-08-21 12:27:53,911 | INFO  | DNAudit | user=null | ip=null | op=WRITE_CHUNK {blockData=conID: 3 locID: 102654965998551453 bcsId: 869} | ret=SUCCESS |  
2019-08-21 12:27:53,912 | INFO  | DNAudit | user=null | ip=null | op=PUT_BLOCK {blockData=[blockId=conID: 3 locID: 102654965998551453 bcsId: 0,size=3145728]} | ret=SUCCESS |  
2019-08-21 12:27:53,912 [grpc-default-executor-1] INFO  client.GrpcClientProtocolClient (GrpcClientProtocolClient.java:onNext(255)) - client-C954105195FD->270584e6-a4a8-4db5-8151-214655ce1a56: receive RaftClientReply:client-C954105195FD->270584e6-a4a8-4db5-8151-214655ce1a56@group-787F5BA3AA67, cid=701, SUCCESS, logIndex=874, commits[270584e6-a4a8-4db5-8151-214655ce1a56:c875, af078b8b-61ec-497f-9506-472d46a72462:c871, 09fb9ab4-1b8d-44c0-9f8c-50855c6f1fed:c869]
2019-08-21 12:27:53,913 | INFO  | SCMAudit | user=jenkins1000 | ip=192.168.34.23 | op=SEND_HEARTBEAT {datanodeUUID=39ae8c09-9b4b-4ddc-906b-4e52d104e1b1, command=[]} | ret=SUCCESS |  
2019-08-21 12:27:53,913 | INFO  | DNAudit | user=null | ip=null | op=WRITE_CHUNK {blockData=conID: 3 locID: 102654965998551453 bcsId: 869} | ret=SUCCESS |  
2019-08-21 12:27:53,913 [grpc-default-executor-1] INFO  client.GrpcClientProtocolClient (GrpcClientProtocolClient.java:onNext(255)) - client-C954105195FD->270584e6-a4a8-4db5-8151-214655ce1a56: receive RaftClientReply:client-C954105195FD->270584e6-a4a8-4db5-8151-214655ce1a56@group-787F5BA3AA67, cid=702, SUCCESS, logIndex=875, commits[270584e6-a4a8-4db5-8151-214655ce1a56:c875, af078b8b-61ec-497f-9506-472d46a72462:c871, 09fb9ab4-1b8d-44c0-9f8c-50855c6f1fed:c871]
2019-08-21 12:27:53,913 | INFO  | DNAudit | user=null | ip=null | op=PUT_BLOCK {blockData=[blockId=conID: 3 locID: 102654965998551453 bcsId: 0,size=3145728]} | ret=SUCCESS |  
2019-08-21 12:27:53,913 | INFO  | DNAudit | user=null | ip=null | op=WRITE_CHUNK {blockData=conID: 3 locID: 102654965998551453 bcsId: 869} | ret=SUCCESS |  
2019-08-21 12:27:53,914 | INFO  | DNAudit | user=null | ip=null | op=PUT_BLOCK {blockData=[blockId=conID: 3 locID: 102654965998551453 bcsId: 0,size=3145728]} | ret=SUCCESS |  
2019-08-21 12:27:53,921 | INFO  | DNAudit | user=null | ip=null | op=WRITE_CHUNK {blockData=conID: 3 locID: 102654965998551453 bcsId: 875} | ret=SUCCESS |  
2019-08-21 12:27:53,926 | INFO  | DNAudit | user=null | ip=null | op=WRITE_CHUNK {blockData=conID: 3 locID: 102654965998551453 bcsId: 875} | ret=SUCCESS |  
2019-08-21 12:27:53,926 | INFO  | DNAudit | user=null | ip=null | op=WRITE_CHUNK {blockData=conID: 3 locID: 102654965998551453 bcsId: 875} | ret=SUCCESS |  
2019-08-21 12:27:53,928 | INFO  | DNAudit | user=null | ip=null | op=WRITE_CHUNK {blockData=conID: 3 locID: 102654965998551453 bcsId: 875} | ret=SUCCESS |  
2019-08-21 12:27:53,928 | INFO  | DNAudit | user=null | ip=null | op=PUT_BLOCK {blockData=[blockId=conID: 3 locID: 102654965998551453 bcsId: 0,size=4194304]} | ret=SUCCESS |  
2019-08-21 12:27:53,929 [grpc-default-executor-1] INFO  client.GrpcClientProtocolClient (GrpcClientProtocolClient.java:onNext(255)) - client-C954105195FD->270584e6-a4a8-4db5-8151-214655ce1a56: receive RaftClientReply:client-C954105195FD->270584e6-a4a8-4db5-8151-214655ce1a56@group-787F5BA3AA67, cid=703, SUCCESS, logIndex=878, commits[270584e6-a4a8-4db5-8151-214655ce1a56:c879, af078b8b-61ec-497f-9506-472d46a72462:c877, 09fb9ab4-1b8d-44c0-9f8c-50855c6f1fed:c875]
2019-08-21 12:27:53,930 [grpc-default-executor-1] INFO  client.GrpcClientProtocolClient (GrpcClientProtocolClient.java:onNext(255)) - client-C954105195FD->270584e6-a4a8-4db5-8151-214655ce1a56: receive RaftClientReply:client-C954105195FD->270584e6-a4a8-4db5-8151-214655ce1a56@group-787F5BA3AA67, cid=704, SUCCESS, logIndex=879, commits[270584e6-a4a8-4db5-8151-214655ce1a56:c879, af078b8b-61ec-497f-9506-472d46a72462:c877, 09fb9ab4-1b8d-44c0-9f8c-50855c6f1fed:c875]
2019-08-21 12:27:53,931 | INFO  | DNAudit | user=null | ip=null | op=WRITE_CHUNK {blockData=conID: 3 locID: 102654965998551453 bcsId: 875} | ret=SUCCESS |  
2019-08-21 12:27:53,931 | INFO  | DNAudit | user=null | ip=null | op=WRITE_CHUNK {blockData=conID: 3 locID: 102654965998551453 bcsId: 875} | ret=SUCCESS |  
2019-08-21 12:27:53,932 | INFO  | DNAudit | user=null | ip=null | op=PUT_BLOCK {blockData=[blockId=conID: 3 locID: 102654965998551453 bcsId: 0,size=4194304]} | ret=SUCCESS |  
2019-08-21 12:27:53,944 | INFO  | DNAudit | user=null | ip=null | op=PUT_BLOCK {blockData=[blockId=conID: 3 locID: 102654965998551453 bcsId: 0,size=4194304]} | ret=SUCCESS |  
2019-08-21 12:27:53,945 [grpc-default-executor-1] INFO  client.GrpcClientProtocolClient (GrpcClientProtocolClient.java:onNext(255)) - client-C954105195FD->270584e6-a4a8-4db5-8151-214655ce1a56: receive RaftClientReply:client-C954105195FD->270584e6-a4a8-4db5-8151-214655ce1a56@group-787F5BA3AA67, cid=705, SUCCESS, logIndex=0, commits[270584e6-a4a8-4db5-8151-214655ce1a56:c881, af078b8b-61ec-497f-9506-472d46a72462:c879, 09fb9ab4-1b8d-44c0-9f8c-50855c6f1fed:c879]
2019-08-21 12:27:53,955 | INFO  | DNAudit | user=null | ip=null | op=WRITE_CHUNK {blockData=conID: 1 locID: 102654965998616990 bcsId: 0} | ret=SUCCESS |  
2019-08-21 12:27:53,960 | INFO  | DNAudit | user=null | ip=null | op=WRITE_CHUNK {blockData=conID: 1 locID: 102654965998616990 bcsId: 0} | ret=SUCCESS |  
2019-08-21 12:27:53,960 | INFO  | DNAudit | user=null | ip=null | op=WRITE_CHUNK {blockData=conID: 1 locID: 102654965998616990 bcsId: 0} | ret=SUCCESS |  
2019-08-21 12:27:53,960 | INFO  | DNAudit | user=null | ip=null | op=WRITE_CHUNK {blockData=conID: 1 locID: 102654965998616990 bcsId: 0} | ret=SUCCESS |  
2019-08-21 12:27:53,964 | INFO  | DNAudit | user=null | ip=null | op=WRITE_CHUNK {blockData=conID: 1 locID: 102654965998616990 bcsId: 0} | ret=SUCCESS |  
2019-08-21 12:27:53,964 | INFO  | DNAudit | user=null | ip=null | op=WRITE_CHUNK {blockData=conID: 1 locID: 102654965998616990 bcsId: 0} | ret=SUCCESS |  
2019-08-21 12:27:53,969 | INFO  | DNAudit | user=null | ip=null | op=WRITE_CHUNK {blockData=conID: 1 locID: 102654965998616990 bcsId: 0} | ret=SUCCESS |  
2019-08-21 12:27:53,970 | INFO  | DNAudit | user=null | ip=null | op=PUT_BLOCK {blockData=[blockId=conID: 1 locID: 102654965998616990 bcsId: 0,size=1048576]} | ret=SUCCESS |  
2019-08-21 12:27:53,970 [grpc-default-executor-1] INFO  client.GrpcClientProtocolClient (GrpcClientProtocolClient.java:onNext(255)) - client-C954105195FD->270584e6-a4a8-4db5-8151-214655ce1a56: receive RaftClientReply:client-C954105195FD->270584e6-a4a8-4db5-8151-214655ce1a56@group-787F5BA3AA67, cid=706, SUCCESS, logIndex=882, commits[270584e6-a4a8-4db5-8151-214655ce1a56:c883, af078b8b-61ec-497f-9506-472d46a72462:c881, 09fb9ab4-1b8d-44c0-9f8c-50855c6f1fed:c881]
2019-08-21 12:27:53,971 [grpc-default-executor-1] INFO  client.GrpcClientProtocolClient (GrpcClientProtocolClient.java:onNext(255)) - client-C954105195FD->270584e6-a4a8-4db5-8151-214655ce1a56: receive RaftClientReply:client-C954105195FD->270584e6-a4a8-4db5-8151-214655ce1a56@group-787F5BA3AA67, cid=707, SUCCESS, logIndex=883, commits[270584e6-a4a8-4db5-8151-214655ce1a56:c883, af078b8b-61ec-497f-9506-472d46a72462:c881, 09fb9ab4-1b8d-44c0-9f8c-50855c6f1fed:c881]
2019-08-21 12:27:53,981 | INFO  | DNAudit | user=null | ip=null | op=WRITE_CHUNK {blockData=conID: 1 locID: 102654965998616990 bcsId: 0} | ret=SUCCESS |  
2019-08-21 12:27:53,981 | INFO  | DNAudit | user=null | ip=null | op=WRITE_CHUNK {blockData=conID: 1 locID: 102654965998616990 bcsId: 0} | ret=SUCCESS |  
2019-08-21 12:27:53,981 | INFO  | DNAudit | user=null | ip=null | op=PUT_BLOCK {blockData=[blockId=conID: 1 locID: 102654965998616990 bcsId: 0,size=2097152]} | ret=SUCCESS |  
2019-08-21 12:27:53,981 | INFO  | DNAudit | user=null | ip=null | op=PUT_BLOCK {blockData=[blockId=conID: 1 locID: 102654965998616990 bcsId: 0,size=1048576]} | ret=SUCCESS |  
2019-08-21 12:27:53,982 [grpc-default-executor-2] INFO  client.GrpcClientProtocolClient (GrpcClientProtocolClient.java:onNext(255)) - client-C954105195FD->270584e6-a4a8-4db5-8151-214655ce1a56: receive RaftClientReply:client-C954105195FD->270584e6-a4a8-4db5-8151-214655ce1a56@group-787F5BA3AA67, cid=708, SUCCESS, logIndex=884, commits[270584e6-a4a8-4db5-8151-214655ce1a56:c885, af078b8b-61ec-497f-9506-472d46a72462:c881, 09fb9ab4-1b8d-44c0-9f8c-50855c6f1fed:c881]
2019-08-21 12:27:53,982 | INFO  | DNAudit | user=null | ip=null | op=WRITE_CHUNK {blockData=conID: 1 locID: 102654965998616990 bcsId: 0} | ret=SUCCESS |  
2019-08-21 12:27:53,982 | INFO  | DNAudit | user=null | ip=null | op=PUT_BLOCK {blockData=[blockId=conID: 1 locID: 102654965998616990 bcsId: 0,size=1048576]} | ret=SUCCESS |  
2019-08-21 12:27:53,982 [grpc-default-executor-2] INFO  client.GrpcClientProtocolClient (GrpcClientProtocolClient.java:onNext(255)) - client-C954105195FD->270584e6-a4a8-4db5-8151-214655ce1a56: receive RaftClientReply:client-C954105195FD->270584e6-a4a8-4db5-8151-214655ce1a56@group-787F5BA3AA67, cid=709, SUCCESS, logIndex=885, commits[270584e6-a4a8-4db5-8151-214655ce1a56:c887, af078b8b-61ec-497f-9506-472d46a72462:c881, 09fb9ab4-1b8d-44c0-9f8c-50855c6f1fed:c883]
2019-08-21 12:27:53,983 | INFO  | SCMAudit | user=jenkins1000 | ip=192.168.34.23 | op=SEND_HEARTBEAT {datanodeUUID=0aa4def6-fe9f-4182-b0b1-80406548816f, command=[]} | ret=SUCCESS |  
2019-08-21 12:27:53,984 [grpc-default-executor-2] INFO  client.GrpcClientProtocolClient (GrpcClientProtocolClient.java:onNext(255)) - client-C954105195FD->270584e6-a4a8-4db5-8151-214655ce1a56: receive RaftClientReply:client-C954105195FD->270584e6-a4a8-4db5-8151-214655ce1a56@group-787F5BA3AA67, cid=710, SUCCESS, logIndex=0, commits[270584e6-a4a8-4db5-8151-214655ce1a56:c887, af078b8b-61ec-497f-9506-472d46a72462:c883, 09fb9ab4-1b8d-44c0-9f8c-50855c6f1fed:c883]
2019-08-21 12:27:53,992 | INFO  | DNAudit | user=null | ip=null | op=WRITE_CHUNK {blockData=conID: 1 locID: 102654965998616990 bcsId: 885} | ret=SUCCESS |  
2019-08-21 12:27:53,993 | INFO  | DNAudit | user=null | ip=null | op=WRITE_CHUNK {blockData=conID: 1 locID: 102654965998616990 bcsId: 0} | ret=SUCCESS |  
2019-08-21 12:27:53,995 | INFO  | DNAudit | user=null | ip=null | op=WRITE_CHUNK {blockData=conID: 1 locID: 102654965998616990 bcsId: 0} | ret=SUCCESS |  
2019-08-21 12:27:53,995 | INFO  | DNAudit | user=null | ip=null | op=PUT_BLOCK {blockData=[blockId=conID: 1 locID: 102654965998616990 bcsId: 0,size=2097152]} | ret=SUCCESS |  
2019-08-21 12:27:53,997 | INFO  | DNAudit | user=null | ip=null | op=WRITE_CHUNK {blockData=conID: 1 locID: 102654965998616990 bcsId: 885} | ret=SUCCESS |  
2019-08-21 12:27:53,998 | INFO  | DNAudit | user=null | ip=null | op=WRITE_CHUNK {blockData=conID: 1 locID: 102654965998616990 bcsId: 885} | ret=SUCCESS |  
2019-08-21 12:27:54,006 | INFO  | DNAudit | user=null | ip=null | op=PUT_BLOCK {blockData=[blockId=conID: 1 locID: 102654965998616990 bcsId: 0,size=2097152]} | ret=SUCCESS |  
2019-08-21 12:27:54,008 | INFO  | DNAudit | user=null | ip=null | op=WRITE_CHUNK {blockData=conID: 1 locID: 102654965998616990 bcsId: 885} | ret=SUCCESS |  
2019-08-21 12:27:54,008 | INFO  | DNAudit | user=null | ip=null | op=PUT_BLOCK {blockData=[blockId=conID: 1 locID: 102654965998616990 bcsId: 0,size=3145728]} | ret=SUCCESS |  
2019-08-21 12:27:54,009 [grpc-default-executor-5] INFO  client.GrpcClientProtocolClient (GrpcClientProtocolClient.java:onNext(255)) - client-C954105195FD->270584e6-a4a8-4db5-8151-214655ce1a56: receive RaftClientReply:client-C954105195FD->270584e6-a4a8-4db5-8151-214655ce1a56@group-787F5BA3AA67, cid=711, SUCCESS, logIndex=890, commits[270584e6-a4a8-4db5-8151-214655ce1a56:c891, af078b8b-61ec-497f-9506-472d46a72462:c887, 09fb9ab4-1b8d-44c0-9f8c-50855c6f1fed:c887]
2019-08-21 12:27:54,009 [grpc-default-executor-5] INFO  client.GrpcClientProtocolClient (GrpcClientProtocolClient.java:onNext(255)) - client-C954105195FD->270584e6-a4a8-4db5-8151-214655ce1a56: receive RaftClientReply:client-C954105195FD->270584e6-a4a8-4db5-8151-214655ce1a56@group-787F5BA3AA67, cid=712, SUCCESS, logIndex=891, commits[270584e6-a4a8-4db5-8151-214655ce1a56:c891, af078b8b-61ec-497f-9506-472d46a72462:c887, 09fb9ab4-1b8d-44c0-9f8c-50855c6f1fed:c887]
2019-08-21 12:27:54,010 | INFO  | DNAudit | user=null | ip=null | op=WRITE_CHUNK {blockData=conID: 1 locID: 102654965998616990 bcsId: 885} | ret=SUCCESS |  
2019-08-21 12:27:54,010 | INFO  | DNAudit | user=null | ip=null | op=WRITE_CHUNK {blockData=conID: 1 locID: 102654965998616990 bcsId: 885} | ret=SUCCESS |  
2019-08-21 12:27:54,010 | INFO  | DNAudit | user=null | ip=null | op=PUT_BLOCK {blockData=[blockId=conID: 1 locID: 102654965998616990 bcsId: 0,size=3145728]} | ret=SUCCESS |  
2019-08-21 12:27:54,010 | INFO  | DNAudit | user=null | ip=null | op=PUT_BLOCK {blockData=[blockId=conID: 1 locID: 102654965998616990 bcsId: 0,size=3145728]} | ret=SUCCESS |  
2019-08-21 12:27:54,017 | INFO  | DNAudit | user=null | ip=null | op=WRITE_CHUNK {blockData=conID: 1 locID: 102654965998616990 bcsId: 891} | ret=SUCCESS |  
2019-08-21 12:27:54,022 | INFO  | DNAudit | user=null | ip=null | op=WRITE_CHUNK {blockData=conID: 1 locID: 102654965998616990 bcsId: 891} | ret=SUCCESS |  
2019-08-21 12:27:54,022 | INFO  | DNAudit | user=null | ip=null | op=WRITE_CHUNK {blockData=conID: 1 locID: 102654965998616990 bcsId: 891} | ret=SUCCESS |  
2019-08-21 12:27:54,024 | INFO  | DNAudit | user=null | ip=null | op=WRITE_CHUNK {blockData=conID: 1 locID: 102654965998616990 bcsId: 891} | ret=SUCCESS |  
2019-08-21 12:27:54,025 | INFO  | DNAudit | user=null | ip=null | op=PUT_BLOCK {blockData=[blockId=conID: 1 locID: 102654965998616990 bcsId: 0,size=4194304]} | ret=SUCCESS |  
2019-08-21 12:27:54,025 [grpc-default-executor-1] INFO  client.GrpcClientProtocolClient (GrpcClientProtocolClient.java:onNext(255)) - client-C954105195FD->270584e6-a4a8-4db5-8151-214655ce1a56: receive RaftClientReply:client-C954105195FD->270584e6-a4a8-4db5-8151-214655ce1a56@group-787F5BA3AA67, cid=713, SUCCESS, logIndex=894, commits[270584e6-a4a8-4db5-8151-214655ce1a56:c895, af078b8b-61ec-497f-9506-472d46a72462:c893, 09fb9ab4-1b8d-44c0-9f8c-50855c6f1fed:c893]
2019-08-21 12:27:54,025 [grpc-default-executor-1] INFO  client.GrpcClientProtocolClient (GrpcClientProtocolClient.java:onNext(255)) - client-C954105195FD->270584e6-a4a8-4db5-8151-214655ce1a56: receive RaftClientReply:client-C954105195FD->270584e6-a4a8-4db5-8151-214655ce1a56@group-787F5BA3AA67, cid=714, SUCCESS, logIndex=895, commits[270584e6-a4a8-4db5-8151-214655ce1a56:c895, af078b8b-61ec-497f-9506-472d46a72462:c893, 09fb9ab4-1b8d-44c0-9f8c-50855c6f1fed:c893]
2019-08-21 12:27:54,026 | INFO  | DNAudit | user=null | ip=null | op=WRITE_CHUNK {blockData=conID: 1 locID: 102654965998616990 bcsId: 891} | ret=SUCCESS |  
2019-08-21 12:27:54,027 | INFO  | DNAudit | user=null | ip=null | op=WRITE_CHUNK {blockData=conID: 1 locID: 102654965998616990 bcsId: 891} | ret=SUCCESS |  
2019-08-21 12:27:54,028 | INFO  | DNAudit | user=null | ip=null | op=PUT_BLOCK {blockData=[blockId=conID: 1 locID: 102654965998616990 bcsId: 0,size=4194304]} | ret=SUCCESS |  
2019-08-21 12:27:54,029 | INFO  | DNAudit | user=null | ip=null | op=PUT_BLOCK {blockData=[blockId=conID: 1 locID: 102654965998616990 bcsId: 0,size=4194304]} | ret=SUCCESS |  
2019-08-21 12:27:54,030 [grpc-default-executor-1] INFO  client.GrpcClientProtocolClient (GrpcClientProtocolClient.java:onNext(255)) - client-C954105195FD->270584e6-a4a8-4db5-8151-214655ce1a56: receive RaftClientReply:client-C954105195FD->270584e6-a4a8-4db5-8151-214655ce1a56@group-787F5BA3AA67, cid=715, SUCCESS, logIndex=0, commits[270584e6-a4a8-4db5-8151-214655ce1a56:c896, af078b8b-61ec-497f-9506-472d46a72462:c895, 09fb9ab4-1b8d-44c0-9f8c-50855c6f1fed:c895]
2019-08-21 12:27:54,038 | INFO  | DNAudit | user=null | ip=null | op=WRITE_CHUNK {blockData=conID: 2 locID: 102654965998616991 bcsId: 0} | ret=SUCCESS |  
2019-08-21 12:27:54,042 | INFO  | DNAudit | user=null | ip=null | op=WRITE_CHUNK {blockData=conID: 2 locID: 102654965998616991 bcsId: 0} | ret=SUCCESS |  
2019-08-21 12:27:54,042 | INFO  | DNAudit | user=null | ip=null | op=WRITE_CHUNK {blockData=conID: 2 locID: 102654965998616991 bcsId: 0} | ret=SUCCESS |  
2019-08-21 12:27:54,042 | INFO  | DNAudit | user=null | ip=null | op=WRITE_CHUNK {blockData=conID: 2 locID: 102654965998616991 bcsId: 0} | ret=SUCCESS |  
2019-08-21 12:27:54,045 | INFO  | DNAudit | user=null | ip=null | op=WRITE_CHUNK {blockData=conID: 2 locID: 102654965998616991 bcsId: 0} | ret=SUCCESS |  
2019-08-21 12:27:54,046 | INFO  | DNAudit | user=null | ip=null | op=WRITE_CHUNK {blockData=conID: 2 locID: 102654965998616991 bcsId: 0} | ret=SUCCESS |  
2019-08-21 12:27:54,047 | INFO  | DNAudit | user=null | ip=null | op=WRITE_CHUNK {blockData=conID: 2 locID: 102654965998616991 bcsId: 0} | ret=SUCCESS |  
2019-08-21 12:27:54,047 | INFO  | DNAudit | user=null | ip=null | op=PUT_BLOCK {blockData=[blockId=conID: 2 locID: 102654965998616991 bcsId: 0,size=1048576]} | ret=SUCCESS |  
2019-08-21 12:27:54,048 | INFO  | DNAudit | user=null | ip=null | op=WRITE_CHUNK {blockData=conID: 2 locID: 102654965998616991 bcsId: 0} | ret=SUCCESS |  
2019-08-21 12:27:54,049 | INFO  | DNAudit | user=null | ip=null | op=PUT_BLOCK {blockData=[blockId=conID: 2 locID: 102654965998616991 bcsId: 0,size=2097152]} | ret=SUCCESS |  
2019-08-21 12:27:54,049 | INFO  | DNAudit | user=null | ip=null | op=WRITE_CHUNK {blockData=conID: 2 locID: 102654965998616991 bcsId: 0} | ret=SUCCESS |  
2019-08-21 12:27:54,049 [grpc-default-executor-2] INFO  client.GrpcClientProtocolClient (GrpcClientProtocolClient.java:onNext(255)) - client-C954105195FD->270584e6-a4a8-4db5-8151-214655ce1a56: receive RaftClientReply:client-C954105195FD->270584e6-a4a8-4db5-8151-214655ce1a56@group-787F5BA3AA67, cid=716, SUCCESS, logIndex=898, commits[270584e6-a4a8-4db5-8151-214655ce1a56:c899, af078b8b-61ec-497f-9506-472d46a72462:c897, 09fb9ab4-1b8d-44c0-9f8c-50855c6f1fed:c897]
2019-08-21 12:27:54,049 | INFO  | DNAudit | user=null | ip=null | op=PUT_BLOCK {blockData=[blockId=conID: 2 locID: 102654965998616991 bcsId: 0,size=1048576]} | ret=SUCCESS |  
2019-08-21 12:27:54,050 [grpc-default-executor-2] INFO  client.GrpcClientProtocolClient (GrpcClientProtocolClient.java:onNext(255)) - client-C954105195FD->270584e6-a4a8-4db5-8151-214655ce1a56: receive RaftClientReply:client-C954105195FD->270584e6-a4a8-4db5-8151-214655ce1a56@group-787F5BA3AA67, cid=717, SUCCESS, logIndex=899, commits[270584e6-a4a8-4db5-8151-214655ce1a56:c899, af078b8b-61ec-497f-9506-472d46a72462:c897, 09fb9ab4-1b8d-44c0-9f8c-50855c6f1fed:c897]
2019-08-21 12:27:54,050 | INFO  | DNAudit | user=null | ip=null | op=WRITE_CHUNK {blockData=conID: 2 locID: 102654965998616991 bcsId: 0} | ret=SUCCESS |  
2019-08-21 12:27:54,051 | INFO  | DNAudit | user=null | ip=null | op=PUT_BLOCK {blockData=[blockId=conID: 2 locID: 102654965998616991 bcsId: 0,size=1048576]} | ret=SUCCESS |  
2019-08-21 12:27:54,051 | INFO  | DNAudit | user=null | ip=null | op=WRITE_CHUNK {blockData=conID: 2 locID: 102654965998616991 bcsId: 0} | ret=SUCCESS |  
2019-08-21 12:27:54,051 [grpc-default-executor-2] INFO  client.GrpcClientProtocolClient (GrpcClientProtocolClient.java:onNext(255)) - client-C954105195FD->270584e6-a4a8-4db5-8151-214655ce1a56: receive RaftClientReply:client-C954105195FD->270584e6-a4a8-4db5-8151-214655ce1a56@group-787F5BA3AA67, cid=718, SUCCESS, logIndex=900, commits[270584e6-a4a8-4db5-8151-214655ce1a56:c901, af078b8b-61ec-497f-9506-472d46a72462:c897, 09fb9ab4-1b8d-44c0-9f8c-50855c6f1fed:c897]
2019-08-21 12:27:54,051 | INFO  | DNAudit | user=null | ip=null | op=PUT_BLOCK {blockData=[blockId=conID: 2 locID: 102654965998616991 bcsId: 0,size=2097152]} | ret=SUCCESS |  
2019-08-21 12:27:54,051 [grpc-default-executor-5] INFO  client.GrpcClientProtocolClient (GrpcClientProtocolClient.java:onNext(255)) - client-C954105195FD->270584e6-a4a8-4db5-8151-214655ce1a56: receive RaftClientReply:client-C954105195FD->270584e6-a4a8-4db5-8151-214655ce1a56@group-787F5BA3AA67, cid=719, SUCCESS, logIndex=901, commits[270584e6-a4a8-4db5-8151-214655ce1a56:c901, af078b8b-61ec-497f-9506-472d46a72462:c897, 09fb9ab4-1b8d-44c0-9f8c-50855c6f1fed:c897]
2019-08-21 12:27:54,053 [grpc-default-executor-5] INFO  client.GrpcClientProtocolClient (GrpcClientProtocolClient.java:onNext(255)) - client-C954105195FD->270584e6-a4a8-4db5-8151-214655ce1a56: receive RaftClientReply:client-C954105195FD->270584e6-a4a8-4db5-8151-214655ce1a56@group-787F5BA3AA67, cid=720, SUCCESS, logIndex=0, commits[270584e6-a4a8-4db5-8151-214655ce1a56:c903, af078b8b-61ec-497f-9506-472d46a72462:c901, 09fb9ab4-1b8d-44c0-9f8c-50855c6f1fed:c899]
2019-08-21 12:27:54,053 | INFO  | DNAudit | user=null | ip=null | op=WRITE_CHUNK {blockData=conID: 2 locID: 102654965998616991 bcsId: 0} | ret=SUCCESS |  
2019-08-21 12:27:54,054 | INFO  | DNAudit | user=null | ip=null | op=PUT_BLOCK {blockData=[blockId=conID: 2 locID: 102654965998616991 bcsId: 0,size=2097152]} | ret=SUCCESS |  
2019-08-21 12:27:54,061 | INFO  | DNAudit | user=null | ip=null | op=WRITE_CHUNK {blockData=conID: 2 locID: 102654965998616991 bcsId: 901} | ret=SUCCESS |  
2019-08-21 12:27:54,065 | INFO  | DNAudit | user=null | ip=null | op=WRITE_CHUNK {blockData=conID: 2 locID: 102654965998616991 bcsId: 901} | ret=SUCCESS |  
2019-08-21 12:27:54,065 | INFO  | DNAudit | user=null | ip=null | op=WRITE_CHUNK {blockData=conID: 2 locID: 102654965998616991 bcsId: 901} | ret=SUCCESS |  
2019-08-21 12:27:54,083 | INFO  | DNAudit | user=null | ip=null | op=WRITE_CHUNK {blockData=conID: 2 locID: 102654965998616991 bcsId: 901} | ret=SUCCESS |  
2019-08-21 12:27:54,083 | INFO  | DNAudit | user=null | ip=null | op=PUT_BLOCK {blockData=[blockId=conID: 2 locID: 102654965998616991 bcsId: 0,size=3145728]} | ret=SUCCESS |  
2019-08-21 12:27:54,084 [grpc-default-executor-5] INFO  client.GrpcClientProtocolClient (GrpcClientProtocolClient.java:onNext(255)) - client-C954105195FD->270584e6-a4a8-4db5-8151-214655ce1a56: receive RaftClientReply:client-C954105195FD->270584e6-a4a8-4db5-8151-214655ce1a56@group-787F5BA3AA67, cid=721, SUCCESS, logIndex=906, commits[270584e6-a4a8-4db5-8151-214655ce1a56:c907, af078b8b-61ec-497f-9506-472d46a72462:c905, 09fb9ab4-1b8d-44c0-9f8c-50855c6f1fed:c905]
2019-08-21 12:27:54,084 [grpc-default-executor-5] INFO  client.GrpcClientProtocolClient (GrpcClientProtocolClient.java:onNext(255)) - client-C954105195FD->270584e6-a4a8-4db5-8151-214655ce1a56: receive RaftClientReply:client-C954105195FD->270584e6-a4a8-4db5-8151-214655ce1a56@group-787F5BA3AA67, cid=722, SUCCESS, logIndex=907, commits[270584e6-a4a8-4db5-8151-214655ce1a56:c907, af078b8b-61ec-497f-9506-472d46a72462:c905, 09fb9ab4-1b8d-44c0-9f8c-50855c6f1fed:c905]
2019-08-21 12:27:54,094 | INFO  | DNAudit | user=null | ip=null | op=WRITE_CHUNK {blockData=conID: 2 locID: 102654965998616991 bcsId: 901} | ret=SUCCESS |  
2019-08-21 12:27:54,094 | INFO  | DNAudit | user=null | ip=null | op=WRITE_CHUNK {blockData=conID: 2 locID: 102654965998616991 bcsId: 907} | ret=SUCCESS |  
2019-08-21 12:27:54,094 | INFO  | DNAudit | user=null | ip=null | op=WRITE_CHUNK {blockData=conID: 2 locID: 102654965998616991 bcsId: 901} | ret=SUCCESS |  
2019-08-21 12:27:54,095 | INFO  | DNAudit | user=null | ip=null | op=PUT_BLOCK {blockData=[blockId=conID: 2 locID: 102654965998616991 bcsId: 0,size=3145728]} | ret=SUCCESS |  
2019-08-21 12:27:54,095 | INFO  | DNAudit | user=null | ip=null | op=PUT_BLOCK {blockData=[blockId=conID: 2 locID: 102654965998616991 bcsId: 0,size=3145728]} | ret=SUCCESS |  
2019-08-21 12:27:54,097 | INFO  | DNAudit | user=null | ip=null | op=WRITE_CHUNK {blockData=conID: 2 locID: 102654965998616991 bcsId: 907} | ret=SUCCESS |  
2019-08-21 12:27:54,098 | INFO  | DNAudit | user=null | ip=null | op=WRITE_CHUNK {blockData=conID: 2 locID: 102654965998616991 bcsId: 907} | ret=SUCCESS |  
2019-08-21 12:27:54,109 | INFO  | DNAudit | user=null | ip=null | op=WRITE_CHUNK {blockData=conID: 2 locID: 102654965998616991 bcsId: 907} | ret=SUCCESS |  
2019-08-21 12:27:54,110 | INFO  | DNAudit | user=null | ip=null | op=PUT_BLOCK {blockData=[blockId=conID: 2 locID: 102654965998616991 bcsId: 0,size=4194304]} | ret=SUCCESS |  
2019-08-21 12:27:54,110 [grpc-default-executor-2] INFO  client.GrpcClientProtocolClient (GrpcClientProtocolClient.java:onNext(255)) - client-C954105195FD->270584e6-a4a8-4db5-8151-214655ce1a56: receive RaftClientReply:client-C954105195FD->270584e6-a4a8-4db5-8151-214655ce1a56@group-787F5BA3AA67, cid=723, SUCCESS, logIndex=910, commits[270584e6-a4a8-4db5-8151-214655ce1a56:c911, af078b8b-61ec-497f-9506-472d46a72462:c907, 09fb9ab4-1b8d-44c0-9f8c-50855c6f1fed:c907]
2019-08-21 12:27:54,111 [grpc-default-executor-2] INFO  client.GrpcClientProtocolClient (GrpcClientProtocolClient.java:onNext(255)) - client-C954105195FD->270584e6-a4a8-4db5-8151-214655ce1a56: receive RaftClientReply:client-C954105195FD->270584e6-a4a8-4db5-8151-214655ce1a56@group-787F5BA3AA67, cid=724, SUCCESS, logIndex=911, commits[270584e6-a4a8-4db5-8151-214655ce1a56:c911, af078b8b-61ec-497f-9506-472d46a72462:c907, 09fb9ab4-1b8d-44c0-9f8c-50855c6f1fed:c907]
2019-08-21 12:27:54,121 | INFO  | DNAudit | user=null | ip=null | op=WRITE_CHUNK {blockData=conID: 2 locID: 102654965998616991 bcsId: 907} | ret=SUCCESS |  
2019-08-21 12:27:54,121 | INFO  | DNAudit | user=null | ip=null | op=WRITE_CHUNK {blockData=conID: 2 locID: 102654965998616991 bcsId: 907} | ret=SUCCESS |  
2019-08-21 12:27:54,122 | INFO  | DNAudit | user=null | ip=null | op=PUT_BLOCK {blockData=[blockId=conID: 2 locID: 102654965998616991 bcsId: 0,size=4194304]} | ret=SUCCESS |  
2019-08-21 12:27:54,122 | INFO  | DNAudit | user=null | ip=null | op=PUT_BLOCK {blockData=[blockId=conID: 2 locID: 102654965998616991 bcsId: 0,size=4194304]} | ret=SUCCESS |  
2019-08-21 12:27:54,123 [grpc-default-executor-2] INFO  client.GrpcClientProtocolClient (GrpcClientProtocolClient.java:onNext(255)) - client-C954105195FD->270584e6-a4a8-4db5-8151-214655ce1a56: receive RaftClientReply:client-C954105195FD->270584e6-a4a8-4db5-8151-214655ce1a56@group-787F5BA3AA67, cid=725, SUCCESS, logIndex=0, commits[270584e6-a4a8-4db5-8151-214655ce1a56:c912, af078b8b-61ec-497f-9506-472d46a72462:c911, 09fb9ab4-1b8d-44c0-9f8c-50855c6f1fed:c911]
2019-08-21 12:27:54,134 | INFO  | DNAudit | user=null | ip=null | op=WRITE_CHUNK {blockData=conID: 3 locID: 102654965998616992 bcsId: 0} | ret=SUCCESS |  
2019-08-21 12:27:54,139 | INFO  | DNAudit | user=null | ip=null | op=WRITE_CHUNK {blockData=conID: 3 locID: 102654965998616992 bcsId: 0} | ret=SUCCESS |  
2019-08-21 12:27:54,139 | INFO  | DNAudit | user=null | ip=null | op=WRITE_CHUNK {blockData=conID: 3 locID: 102654965998616992 bcsId: 0} | ret=SUCCESS |  
2019-08-21 12:27:54,139 | INFO  | DNAudit | user=null | ip=null | op=WRITE_CHUNK {blockData=conID: 3 locID: 102654965998616992 bcsId: 0} | ret=SUCCESS |  
2019-08-21 12:27:54,142 | INFO  | DNAudit | user=null | ip=null | op=WRITE_CHUNK {blockData=conID: 3 locID: 102654965998616992 bcsId: 0} | ret=SUCCESS |  
2019-08-21 12:27:54,142 | INFO  | DNAudit | user=null | ip=null | op=WRITE_CHUNK {blockData=conID: 3 locID: 102654965998616992 bcsId: 0} | ret=SUCCESS |  
2019-08-21 12:27:54,146 | INFO  | DNAudit | user=null | ip=null | op=WRITE_CHUNK {blockData=conID: 3 locID: 102654965998616992 bcsId: 0} | ret=SUCCESS |  
2019-08-21 12:27:54,147 | INFO  | DNAudit | user=null | ip=null | op=PUT_BLOCK {blockData=[blockId=conID: 3 locID: 102654965998616992 bcsId: 0,size=1048576]} | ret=SUCCESS |  
2019-08-21 12:27:54,147 | INFO  | DNAudit | user=null | ip=null | op=WRITE_CHUNK {blockData=conID: 3 locID: 102654965998616992 bcsId: 0} | ret=SUCCESS |  
2019-08-21 12:27:54,148 | INFO  | DNAudit | user=null | ip=null | op=PUT_BLOCK {blockData=[blockId=conID: 3 locID: 102654965998616992 bcsId: 0,size=2097152]} | ret=SUCCESS |  
2019-08-21 12:27:54,148 [grpc-default-executor-5] INFO  client.GrpcClientProtocolClient (GrpcClientProtocolClient.java:onNext(255)) - client-C954105195FD->270584e6-a4a8-4db5-8151-214655ce1a56: receive RaftClientReply:client-C954105195FD->270584e6-a4a8-4db5-8151-214655ce1a56@group-787F5BA3AA67, cid=726, SUCCESS, logIndex=914, commits[270584e6-a4a8-4db5-8151-214655ce1a56:c915, af078b8b-61ec-497f-9506-472d46a72462:c913, 09fb9ab4-1b8d-44c0-9f8c-50855c6f1fed:c913]
2019-08-21 12:27:54,148 [grpc-default-executor-5] INFO  client.GrpcClientProtocolClient (GrpcClientProtocolClient.java:onNext(255)) - client-C954105195FD->270584e6-a4a8-4db5-8151-214655ce1a56: receive RaftClientReply:client-C954105195FD->270584e6-a4a8-4db5-8151-214655ce1a56@group-787F5BA3AA67, cid=727, SUCCESS, logIndex=915, commits[270584e6-a4a8-4db5-8151-214655ce1a56:c916, af078b8b-61ec-497f-9506-472d46a72462:c913, 09fb9ab4-1b8d-44c0-9f8c-50855c6f1fed:c913]
2019-08-21 12:27:54,149 [grpc-default-executor-5] INFO  client.GrpcClientProtocolClient (GrpcClientProtocolClient.java:onNext(255)) - client-C954105195FD->270584e6-a4a8-4db5-8151-214655ce1a56: receive RaftClientReply:client-C954105195FD->270584e6-a4a8-4db5-8151-214655ce1a56@group-787F5BA3AA67, cid=728, SUCCESS, logIndex=916, commits[270584e6-a4a8-4db5-8151-214655ce1a56:c917, af078b8b-61ec-497f-9506-472d46a72462:c913, 09fb9ab4-1b8d-44c0-9f8c-50855c6f1fed:c913]
2019-08-21 12:27:54,149 [grpc-default-executor-5] INFO  client.GrpcClientProtocolClient (GrpcClientProtocolClient.java:onNext(255)) - client-C954105195FD->270584e6-a4a8-4db5-8151-214655ce1a56: receive RaftClientReply:client-C954105195FD->270584e6-a4a8-4db5-8151-214655ce1a56@group-787F5BA3AA67, cid=729, SUCCESS, logIndex=917, commits[270584e6-a4a8-4db5-8151-214655ce1a56:c917, af078b8b-61ec-497f-9506-472d46a72462:c913, 09fb9ab4-1b8d-44c0-9f8c-50855c6f1fed:c913]
2019-08-21 12:27:54,150 | INFO  | DNAudit | user=null | ip=null | op=WRITE_CHUNK {blockData=conID: 3 locID: 102654965998616992 bcsId: 0} | ret=SUCCESS |  
2019-08-21 12:27:54,150 | INFO  | DNAudit | user=null | ip=null | op=WRITE_CHUNK {blockData=conID: 3 locID: 102654965998616992 bcsId: 0} | ret=SUCCESS |  
2019-08-21 12:27:54,151 | INFO  | DNAudit | user=null | ip=null | op=PUT_BLOCK {blockData=[blockId=conID: 3 locID: 102654965998616992 bcsId: 0,size=1048576]} | ret=SUCCESS |  
2019-08-21 12:27:54,151 | INFO  | DNAudit | user=null | ip=null | op=PUT_BLOCK {blockData=[blockId=conID: 3 locID: 102654965998616992 bcsId: 0,size=1048576]} | ret=SUCCESS |  
2019-08-21 12:27:54,151 [grpc-default-executor-5] INFO  client.GrpcClientProtocolClient (GrpcClientProtocolClient.java:onNext(255)) - client-C954105195FD->270584e6-a4a8-4db5-8151-214655ce1a56: receive RaftClientReply:client-C954105195FD->270584e6-a4a8-4db5-8151-214655ce1a56@group-787F5BA3AA67, cid=730, SUCCESS, logIndex=0, commits[270584e6-a4a8-4db5-8151-214655ce1a56:c918, af078b8b-61ec-497f-9506-472d46a72462:c915, 09fb9ab4-1b8d-44c0-9f8c-50855c6f1fed:c915]
2019-08-21 12:27:54,152 | INFO  | SCMAudit | user=jenkins1000 | ip=192.168.34.23 | op=SEND_HEARTBEAT {datanodeUUID=270584e6-a4a8-4db5-8151-214655ce1a56, command=[]} | ret=SUCCESS |  
2019-08-21 12:27:54,158 | INFO  | DNAudit | user=null | ip=null | op=WRITE_CHUNK {blockData=conID: 3 locID: 102654965998616992 bcsId: 917} | ret=SUCCESS |  
2019-08-21 12:27:54,161 | INFO  | DNAudit | user=null | ip=null | op=WRITE_CHUNK {blockData=conID: 3 locID: 102654965998616992 bcsId: 917} | ret=SUCCESS |  
2019-08-21 12:27:54,162 | INFO  | DNAudit | user=null | ip=null | op=WRITE_CHUNK {blockData=conID: 3 locID: 102654965998616992 bcsId: 917} | ret=SUCCESS |  
2019-08-21 12:27:54,162 | INFO  | DNAudit | user=null | ip=null | op=WRITE_CHUNK {blockData=conID: 3 locID: 102654965998616992 bcsId: 0} | ret=SUCCESS |  
2019-08-21 12:27:54,162 | INFO  | DNAudit | user=null | ip=null | op=WRITE_CHUNK {blockData=conID: 3 locID: 102654965998616992 bcsId: 0} | ret=SUCCESS |  
2019-08-21 12:27:54,162 | INFO  | DNAudit | user=null | ip=null | op=PUT_BLOCK {blockData=[blockId=conID: 3 locID: 102654965998616992 bcsId: 0,size=2097152]} | ret=SUCCESS |  
2019-08-21 12:27:54,162 | INFO  | DNAudit | user=null | ip=null | op=PUT_BLOCK {blockData=[blockId=conID: 3 locID: 102654965998616992 bcsId: 0,size=2097152]} | ret=SUCCESS |  
2019-08-21 12:27:54,163 | INFO  | DNAudit | user=null | ip=null | op=WRITE_CHUNK {blockData=conID: 3 locID: 102654965998616992 bcsId: 917} | ret=SUCCESS |  
2019-08-21 12:27:54,164 | INFO  | DNAudit | user=null | ip=null | op=PUT_BLOCK {blockData=[blockId=conID: 3 locID: 102654965998616992 bcsId: 0,size=3145728]} | ret=SUCCESS |  
2019-08-21 12:27:54,164 [grpc-default-executor-5] INFO  client.GrpcClientProtocolClient (GrpcClientProtocolClient.java:onNext(255)) - client-C954105195FD->270584e6-a4a8-4db5-8151-214655ce1a56: receive RaftClientReply:client-C954105195FD->270584e6-a4a8-4db5-8151-214655ce1a56@group-787F5BA3AA67, cid=731, SUCCESS, logIndex=922, commits[270584e6-a4a8-4db5-8151-214655ce1a56:c923, af078b8b-61ec-497f-9506-472d46a72462:c918, 09fb9ab4-1b8d-44c0-9f8c-50855c6f1fed:c917]
2019-08-21 12:27:54,165 [grpc-default-executor-5] INFO  client.GrpcClientProtocolClient (GrpcClientProtocolClient.java:onNext(255)) - client-C954105195FD->270584e6-a4a8-4db5-8151-214655ce1a56: receive RaftClientReply:client-C954105195FD->270584e6-a4a8-4db5-8151-214655ce1a56@group-787F5BA3AA67, cid=732, SUCCESS, logIndex=923, commits[270584e6-a4a8-4db5-8151-214655ce1a56:c923, af078b8b-61ec-497f-9506-472d46a72462:c918, 09fb9ab4-1b8d-44c0-9f8c-50855c6f1fed:c918]
2019-08-21 12:27:54,166 | INFO  | DNAudit | user=null | ip=null | op=WRITE_CHUNK {blockData=conID: 3 locID: 102654965998616992 bcsId: 917} | ret=SUCCESS |  
2019-08-21 12:27:54,166 | INFO  | DNAudit | user=null | ip=null | op=WRITE_CHUNK {blockData=conID: 3 locID: 102654965998616992 bcsId: 917} | ret=SUCCESS |  
2019-08-21 12:27:54,167 | INFO  | DNAudit | user=null | ip=null | op=PUT_BLOCK {blockData=[blockId=conID: 3 locID: 102654965998616992 bcsId: 0,size=3145728]} | ret=SUCCESS |  
2019-08-21 12:27:54,172 | INFO  | DNAudit | user=null | ip=null | op=WRITE_CHUNK {blockData=conID: 3 locID: 102654965998616992 bcsId: 923} | ret=SUCCESS |  
2019-08-21 12:27:54,174 | INFO  | SCMAudit | user=jenkins1000 | ip=192.168.34.23 | op=SEND_HEARTBEAT {datanodeUUID=09fb9ab4-1b8d-44c0-9f8c-50855c6f1fed, command=[]} | ret=SUCCESS |  
2019-08-21 12:27:54,174 | INFO  | SCMAudit | user=jenkins1000 | ip=192.168.34.23 | op=SEND_HEARTBEAT {datanodeUUID=af078b8b-61ec-497f-9506-472d46a72462, command=[]} | ret=SUCCESS |  
2019-08-21 12:27:54,177 | INFO  | DNAudit | user=null | ip=null | op=WRITE_CHUNK {blockData=conID: 3 locID: 102654965998616992 bcsId: 923} | ret=SUCCESS |  
2019-08-21 12:27:54,177 | INFO  | DNAudit | user=null | ip=null | op=WRITE_CHUNK {blockData=conID: 3 locID: 102654965998616992 bcsId: 923} | ret=SUCCESS |  
2019-08-21 12:27:54,180 | INFO  | DNAudit | user=null | ip=null | op=PUT_BLOCK {blockData=[blockId=conID: 3 locID: 102654965998616992 bcsId: 0,size=3145728]} | ret=SUCCESS |  
2019-08-21 12:27:54,182 | INFO  | DNAudit | user=null | ip=null | op=WRITE_CHUNK {blockData=conID: 3 locID: 102654965998616992 bcsId: 923} | ret=SUCCESS |  
2019-08-21 12:27:54,182 | INFO  | DNAudit | user=null | ip=null | op=PUT_BLOCK {blockData=[blockId=conID: 3 locID: 102654965998616992 bcsId: 0,size=4194304]} | ret=SUCCESS |  
2019-08-21 12:27:54,182 [grpc-default-executor-5] INFO  client.GrpcClientProtocolClient (GrpcClientProtocolClient.java:onNext(255)) - client-C954105195FD->270584e6-a4a8-4db5-8151-214655ce1a56: receive RaftClientReply:client-C954105195FD->270584e6-a4a8-4db5-8151-214655ce1a56@group-787F5BA3AA67, cid=733, SUCCESS, logIndex=926, commits[270584e6-a4a8-4db5-8151-214655ce1a56:c927, af078b8b-61ec-497f-9506-472d46a72462:c924, 09fb9ab4-1b8d-44c0-9f8c-50855c6f1fed:c924]
2019-08-21 12:27:54,183 [grpc-default-executor-5] INFO  client.GrpcClientProtocolClient (GrpcClientProtocolClient.java:onNext(255)) - client-C954105195FD->270584e6-a4a8-4db5-8151-214655ce1a56: receive RaftClientReply:client-C954105195FD->270584e6-a4a8-4db5-8151-214655ce1a56@group-787F5BA3AA67, cid=734, SUCCESS, logIndex=927, commits[270584e6-a4a8-4db5-8151-214655ce1a56:c927, af078b8b-61ec-497f-9506-472d46a72462:c924, 09fb9ab4-1b8d-44c0-9f8c-50855c6f1fed:c924]
2019-08-21 12:27:54,193 | INFO  | DNAudit | user=null | ip=null | op=WRITE_CHUNK {blockData=conID: 3 locID: 102654965998616992 bcsId: 923} | ret=SUCCESS |  
2019-08-21 12:27:54,193 | INFO  | DNAudit | user=null | ip=null | op=WRITE_CHUNK {blockData=conID: 3 locID: 102654965998616992 bcsId: 923} | ret=SUCCESS |  
2019-08-21 12:27:54,196 | INFO  | DNAudit | user=null | ip=null | op=PUT_BLOCK {blockData=[blockId=conID: 3 locID: 102654965998616992 bcsId: 0,size=4194304]} | ret=SUCCESS |  
2019-08-21 12:27:54,196 | INFO  | DNAudit | user=null | ip=null | op=PUT_BLOCK {blockData=[blockId=conID: 3 locID: 102654965998616992 bcsId: 0,size=4194304]} | ret=SUCCESS |  
2019-08-21 12:27:54,196 [grpc-default-executor-5] INFO  client.GrpcClientProtocolClient (GrpcClientProtocolClient.java:onNext(255)) - client-C954105195FD->270584e6-a4a8-4db5-8151-214655ce1a56: receive RaftClientReply:client-C954105195FD->270584e6-a4a8-4db5-8151-214655ce1a56@group-787F5BA3AA67, cid=735, SUCCESS, logIndex=0, commits[270584e6-a4a8-4db5-8151-214655ce1a56:c929, af078b8b-61ec-497f-9506-472d46a72462:c927, 09fb9ab4-1b8d-44c0-9f8c-50855c6f1fed:c927]
2019-08-21 12:27:54,204 | INFO  | DNAudit | user=null | ip=null | op=WRITE_CHUNK {blockData=conID: 1 locID: 102654965998616993 bcsId: 0} | ret=SUCCESS |  
2019-08-21 12:27:54,208 | INFO  | DNAudit | user=null | ip=null | op=WRITE_CHUNK {blockData=conID: 1 locID: 102654965998616993 bcsId: 0} | ret=SUCCESS |  
2019-08-21 12:27:54,210 | INFO  | DNAudit | user=null | ip=null | op=WRITE_CHUNK {blockData=conID: 1 locID: 102654965998616993 bcsId: 0} | ret=SUCCESS |  
2019-08-21 12:27:54,214 | INFO  | DNAudit | user=null | ip=null | op=WRITE_CHUNK {blockData=conID: 1 locID: 102654965998616993 bcsId: 0} | ret=SUCCESS |  
2019-08-21 12:27:54,218 | INFO  | DNAudit | user=null | ip=null | op=WRITE_CHUNK {blockData=conID: 1 locID: 102654965998616993 bcsId: 0} | ret=SUCCESS |  
2019-08-21 12:27:54,218 | INFO  | DNAudit | user=null | ip=null | op=WRITE_CHUNK {blockData=conID: 1 locID: 102654965998616993 bcsId: 0} | ret=SUCCESS |  
2019-08-21 12:27:54,219 | INFO  | DNAudit | user=null | ip=null | op=WRITE_CHUNK {blockData=conID: 1 locID: 102654965998616993 bcsId: 0} | ret=SUCCESS |  
2019-08-21 12:27:54,220 | INFO  | DNAudit | user=null | ip=null | op=PUT_BLOCK {blockData=[blockId=conID: 1 locID: 102654965998616993 bcsId: 0,size=1048576]} | ret=SUCCESS |  
2019-08-21 12:27:54,221 [grpc-default-executor-5] INFO  client.GrpcClientProtocolClient (GrpcClientProtocolClient.java:onNext(255)) - client-C954105195FD->270584e6-a4a8-4db5-8151-214655ce1a56: receive RaftClientReply:client-C954105195FD->270584e6-a4a8-4db5-8151-214655ce1a56@group-787F5BA3AA67, cid=736, SUCCESS, logIndex=930, commits[270584e6-a4a8-4db5-8151-214655ce1a56:c931, af078b8b-61ec-497f-9506-472d46a72462:c929, 09fb9ab4-1b8d-44c0-9f8c-50855c6f1fed:c929]
2019-08-21 12:27:54,221 [grpc-default-executor-5] INFO  client.GrpcClientProtocolClient (GrpcClientProtocolClient.java:onNext(255)) - client-C954105195FD->270584e6-a4a8-4db5-8151-214655ce1a56: receive RaftClientReply:client-C954105195FD->270584e6-a4a8-4db5-8151-214655ce1a56@group-787F5BA3AA67, cid=737, SUCCESS, logIndex=931, commits[270584e6-a4a8-4db5-8151-214655ce1a56:c931, af078b8b-61ec-497f-9506-472d46a72462:c929, 09fb9ab4-1b8d-44c0-9f8c-50855c6f1fed:c929]
2019-08-21 12:27:54,230 | INFO  | DNAudit | user=null | ip=null | op=WRITE_CHUNK {blockData=conID: 1 locID: 102654965998616993 bcsId: 0} | ret=SUCCESS |  
2019-08-21 12:27:54,231 | INFO  | DNAudit | user=null | ip=null | op=PUT_BLOCK {blockData=[blockId=conID: 1 locID: 102654965998616993 bcsId: 0,size=2097152]} | ret=SUCCESS |  
2019-08-21 12:27:54,231 | INFO  | DNAudit | user=null | ip=null | op=WRITE_CHUNK {blockData=conID: 1 locID: 102654965998616993 bcsId: 0} | ret=SUCCESS |  
2019-08-21 12:27:54,231 | INFO  | DNAudit | user=null | ip=null | op=WRITE_CHUNK {blockData=conID: 1 locID: 102654965998616993 bcsId: 0} | ret=SUCCESS |  
2019-08-21 12:27:54,231 [grpc-default-executor-2] INFO  client.GrpcClientProtocolClient (GrpcClientProtocolClient.java:onNext(255)) - client-C954105195FD->270584e6-a4a8-4db5-8151-214655ce1a56: receive RaftClientReply:client-C954105195FD->270584e6-a4a8-4db5-8151-214655ce1a56@group-787F5BA3AA67, cid=738, SUCCESS, logIndex=932, commits[270584e6-a4a8-4db5-8151-214655ce1a56:c933, af078b8b-61ec-497f-9506-472d46a72462:c929, 09fb9ab4-1b8d-44c0-9f8c-50855c6f1fed:c929]
2019-08-21 12:27:54,231 | INFO  | DNAudit | user=null | ip=null | op=PUT_BLOCK {blockData=[blockId=conID: 1 locID: 102654965998616993 bcsId: 0,size=1048576]} | ret=SUCCESS |  
2019-08-21 12:27:54,231 | INFO  | DNAudit | user=null | ip=null | op=PUT_BLOCK {blockData=[blockId=conID: 1 locID: 102654965998616993 bcsId: 0,size=1048576]} | ret=SUCCESS |  
2019-08-21 12:27:54,231 | INFO  | DNAudit | user=null | ip=null | op=WRITE_CHUNK {blockData=conID: 1 locID: 102654965998616993 bcsId: 0} | ret=SUCCESS |  
2019-08-21 12:27:54,232 [grpc-default-executor-2] INFO  client.GrpcClientProtocolClient (GrpcClientProtocolClient.java:onNext(255)) - client-C954105195FD->270584e6-a4a8-4db5-8151-214655ce1a56: receive RaftClientReply:client-C954105195FD->270584e6-a4a8-4db5-8151-214655ce1a56@group-787F5BA3AA67, cid=739, SUCCESS, logIndex=933, commits[270584e6-a4a8-4db5-8151-214655ce1a56:c934, af078b8b-61ec-497f-9506-472d46a72462:c931, 09fb9ab4-1b8d-44c0-9f8c-50855c6f1fed:c929]
2019-08-21 12:27:54,232 | INFO  | DNAudit | user=null | ip=null | op=PUT_BLOCK {blockData=[blockId=conID: 1 locID: 102654965998616993 bcsId: 0,size=2097152]} | ret=SUCCESS |  
2019-08-21 12:27:54,232 | INFO  | DNAudit | user=null | ip=null | op=WRITE_CHUNK {blockData=conID: 1 locID: 102654965998616993 bcsId: 0} | ret=SUCCESS |  
2019-08-21 12:27:54,232 | INFO  | DNAudit | user=null | ip=null | op=PUT_BLOCK {blockData=[blockId=conID: 1 locID: 102654965998616993 bcsId: 0,size=2097152]} | ret=SUCCESS |  
2019-08-21 12:27:54,233 [grpc-default-executor-1] INFO  client.GrpcClientProtocolClient (GrpcClientProtocolClient.java:onNext(255)) - client-C954105195FD->270584e6-a4a8-4db5-8151-214655ce1a56: receive RaftClientReply:client-C954105195FD->270584e6-a4a8-4db5-8151-214655ce1a56@group-787F5BA3AA67, cid=740, SUCCESS, logIndex=0, commits[270584e6-a4a8-4db5-8151-214655ce1a56:c937, af078b8b-61ec-497f-9506-472d46a72462:c933, 09fb9ab4-1b8d-44c0-9f8c-50855c6f1fed:c933]
2019-08-21 12:27:54,240 | INFO  | DNAudit | user=null | ip=null | op=WRITE_CHUNK {blockData=conID: 1 locID: 102654965998616993 bcsId: 933} | ret=SUCCESS |  
2019-08-21 12:27:54,243 | INFO  | DNAudit | user=null | ip=null | op=WRITE_CHUNK {blockData=conID: 1 locID: 102654965998616993 bcsId: 933} | ret=SUCCESS |  
2019-08-21 12:27:54,243 | INFO  | DNAudit | user=null | ip=null | op=WRITE_CHUNK {blockData=conID: 1 locID: 102654965998616993 bcsId: 933} | ret=SUCCESS |  
2019-08-21 12:27:54,254 | INFO  | DNAudit | user=null | ip=null | op=WRITE_CHUNK {blockData=conID: 1 locID: 102654965998616993 bcsId: 933} | ret=SUCCESS |  
2019-08-21 12:27:54,254 [grpc-default-executor-2] INFO  client.GrpcClientProtocolClient (GrpcClientProtocolClient.java:onNext(255)) - client-C954105195FD->270584e6-a4a8-4db5-8151-214655ce1a56: receive RaftClientReply:client-C954105195FD->270584e6-a4a8-4db5-8151-214655ce1a56@group-787F5BA3AA67, cid=741, SUCCESS, logIndex=938, commits[270584e6-a4a8-4db5-8151-214655ce1a56:c939, af078b8b-61ec-497f-9506-472d46a72462:c937, 09fb9ab4-1b8d-44c0-9f8c-50855c6f1fed:c937]
2019-08-21 12:27:54,255 | INFO  | DNAudit | user=null | ip=null | op=PUT_BLOCK {blockData=[blockId=conID: 1 locID: 102654965998616993 bcsId: 0,size=3145728]} | ret=SUCCESS |  
2019-08-21 12:27:54,255 | INFO  | DNAudit | user=null | ip=null | op=WRITE_CHUNK {blockData=conID: 1 locID: 102654965998616993 bcsId: 933} | ret=SUCCESS |  
2019-08-21 12:27:54,256 | INFO  | DNAudit | user=null | ip=null | op=WRITE_CHUNK {blockData=conID: 1 locID: 102654965998616993 bcsId: 933} | ret=SUCCESS |  
2019-08-21 12:27:54,256 | INFO  | DNAudit | user=null | ip=null | op=PUT_BLOCK {blockData=[blockId=conID: 1 locID: 102654965998616993 bcsId: 0,size=3145728]} | ret=SUCCESS |  
2019-08-21 12:27:54,256 | INFO  | DNAudit | user=null | ip=null | op=PUT_BLOCK {blockData=[blockId=conID: 1 locID: 102654965998616993 bcsId: 0,size=3145728]} | ret=SUCCESS |  
2019-08-21 12:27:54,256 [grpc-default-executor-2] INFO  client.GrpcClientProtocolClient (GrpcClientProtocolClient.java:onNext(255)) - client-C954105195FD->270584e6-a4a8-4db5-8151-214655ce1a56: receive RaftClientReply:client-C954105195FD->270584e6-a4a8-4db5-8151-214655ce1a56@group-787F5BA3AA67, cid=742, SUCCESS, logIndex=939, commits[270584e6-a4a8-4db5-8151-214655ce1a56:c939, af078b8b-61ec-497f-9506-472d46a72462:c937, 09fb9ab4-1b8d-44c0-9f8c-50855c6f1fed:c937]
 0.00% |█                                                                                                    |  0/1 Time: 0:00:022019-08-21 12:27:54,475 | INFO  | DNAudit | user=null | ip=null | op=WRITE_CHUNK {blockData=conID: 1 locID: 102654965998616993 bcsId: 939} | ret=SUCCESS |  
2019-08-21 12:27:54,481 | INFO  | DNAudit | user=null | ip=null | op=WRITE_CHUNK {blockData=conID: 1 locID: 102654965998616993 bcsId: 939} | ret=SUCCESS |  
2019-08-21 12:27:54,482 | INFO  | DNAudit | user=null | ip=null | op=WRITE_CHUNK {blockData=conID: 1 locID: 102654965998616993 bcsId: 939} | ret=SUCCESS |  
2019-08-21 12:27:54,489 | INFO  | DNAudit | user=null | ip=null | op=WRITE_CHUNK {blockData=conID: 1 locID: 102654965998616993 bcsId: 939} | ret=SUCCESS |  
2019-08-21 12:27:54,491 | INFO  | DNAudit | user=null | ip=null | op=PUT_BLOCK {blockData=[blockId=conID: 1 locID: 102654965998616993 bcsId: 0,size=4194304]} | ret=SUCCESS |  
2019-08-21 12:27:54,491 [grpc-default-executor-2] INFO  client.GrpcClientProtocolClient (GrpcClientProtocolClient.java:onNext(255)) - client-C954105195FD->270584e6-a4a8-4db5-8151-214655ce1a56: receive RaftClientReply:client-C954105195FD->270584e6-a4a8-4db5-8151-214655ce1a56@group-787F5BA3AA67, cid=743, SUCCESS, logIndex=942, commits[270584e6-a4a8-4db5-8151-214655ce1a56:c943, af078b8b-61ec-497f-9506-472d46a72462:c941, 09fb9ab4-1b8d-44c0-9f8c-50855c6f1fed:c941]
2019-08-21 12:27:54,493 [grpc-default-executor-2] INFO  client.GrpcClientProtocolClient (GrpcClientProtocolClient.java:onNext(255)) - client-C954105195FD->270584e6-a4a8-4db5-8151-214655ce1a56: receive RaftClientReply:client-C954105195FD->270584e6-a4a8-4db5-8151-214655ce1a56@group-787F5BA3AA67, cid=744, SUCCESS, logIndex=943, commits[270584e6-a4a8-4db5-8151-214655ce1a56:c943, af078b8b-61ec-497f-9506-472d46a72462:c941, 09fb9ab4-1b8d-44c0-9f8c-50855c6f1fed:c941]
2019-08-21 12:27:54,501 | INFO  | DNAudit | user=null | ip=null | op=WRITE_CHUNK {blockData=conID: 1 locID: 102654965998616993 bcsId: 939} | ret=SUCCESS |  
2019-08-21 12:27:54,501 | INFO  | DNAudit | user=null | ip=null | op=WRITE_CHUNK {blockData=conID: 1 locID: 102654965998616993 bcsId: 939} | ret=SUCCESS |  
2019-08-21 12:27:54,501 | INFO  | DNAudit | user=null | ip=null | op=PUT_BLOCK {blockData=[blockId=conID: 1 locID: 102654965998616993 bcsId: 0,size=4194304]} | ret=SUCCESS |  
2019-08-21 12:27:54,501 | INFO  | DNAudit | user=null | ip=null | op=PUT_BLOCK {blockData=[blockId=conID: 1 locID: 102654965998616993 bcsId: 0,size=4194304]} | ret=SUCCESS |  
2019-08-21 12:27:54,502 [grpc-default-executor-1] INFO  client.GrpcClientProtocolClient (GrpcClientProtocolClient.java:onNext(255)) - client-C954105195FD->270584e6-a4a8-4db5-8151-214655ce1a56: receive RaftClientReply:client-C954105195FD->270584e6-a4a8-4db5-8151-214655ce1a56@group-787F5BA3AA67, cid=745, SUCCESS, logIndex=0, commits[270584e6-a4a8-4db5-8151-214655ce1a56:c944, af078b8b-61ec-497f-9506-472d46a72462:c943, 09fb9ab4-1b8d-44c0-9f8c-50855c6f1fed:c943]
2019-08-21 12:27:54,511 | INFO  | DNAudit | user=null | ip=null | op=WRITE_CHUNK {blockData=conID: 2 locID: 102654965998616994 bcsId: 0} | ret=SUCCESS |  
2019-08-21 12:27:54,513 | INFO  | DNAudit | user=null | ip=null | op=WRITE_CHUNK {blockData=conID: 2 locID: 102654965998616994 bcsId: 0} | ret=SUCCESS |  
2019-08-21 12:27:54,514 | INFO  | DNAudit | user=null | ip=null | op=WRITE_CHUNK {blockData=conID: 2 locID: 102654965998616994 bcsId: 0} | ret=SUCCESS |  
2019-08-21 12:27:54,515 | INFO  | DNAudit | user=null | ip=null | op=WRITE_CHUNK {blockData=conID: 2 locID: 102654965998616994 bcsId: 0} | ret=SUCCESS |  
2019-08-21 12:27:54,518 | INFO  | DNAudit | user=null | ip=null | op=WRITE_CHUNK {blockData=conID: 2 locID: 102654965998616994 bcsId: 0} | ret=SUCCESS |  
2019-08-21 12:27:54,518 | INFO  | DNAudit | user=null | ip=null | op=WRITE_CHUNK {blockData=conID: 2 locID: 102654965998616994 bcsId: 0} | ret=SUCCESS |  
2019-08-21 12:27:54,524 | INFO  | DNAudit | user=null | ip=null | op=WRITE_CHUNK {blockData=conID: 2 locID: 102654965998616994 bcsId: 0} | ret=SUCCESS |  
2019-08-21 12:27:54,525 | INFO  | DNAudit | user=null | ip=null | op=PUT_BLOCK {blockData=[blockId=conID: 2 locID: 102654965998616994 bcsId: 0,size=1048576]} | ret=SUCCESS |  
2019-08-21 12:27:54,525 | INFO  | DNAudit | user=null | ip=null | op=WRITE_CHUNK {blockData=conID: 2 locID: 102654965998616994 bcsId: 0} | ret=SUCCESS |  
2019-08-21 12:27:54,525 [grpc-default-executor-1] INFO  client.GrpcClientProtocolClient (GrpcClientProtocolClient.java:onNext(255)) - client-C954105195FD->270584e6-a4a8-4db5-8151-214655ce1a56: receive RaftClientReply:client-C954105195FD->270584e6-a4a8-4db5-8151-214655ce1a56@group-787F5BA3AA67, cid=746, SUCCESS, logIndex=946, commits[270584e6-a4a8-4db5-8151-214655ce1a56:c947, af078b8b-61ec-497f-9506-472d46a72462:c945, 09fb9ab4-1b8d-44c0-9f8c-50855c6f1fed:c945]
2019-08-21 12:27:54,526 | INFO  | DNAudit | user=null | ip=null | op=PUT_BLOCK {blockData=[blockId=conID: 2 locID: 102654965998616994 bcsId: 0,size=2097152]} | ret=SUCCESS |  
2019-08-21 12:27:54,526 | INFO  | DNAudit | user=null | ip=null | op=WRITE_CHUNK {blockData=conID: 2 locID: 102654965998616994 bcsId: 0} | ret=SUCCESS |  
2019-08-21 12:27:54,526 | INFO  | DNAudit | user=null | ip=null | op=WRITE_CHUNK {blockData=conID: 2 locID: 102654965998616994 bcsId: 0} | ret=SUCCESS |  
2019-08-21 12:27:54,526 | INFO  | DNAudit | user=null | ip=null | op=PUT_BLOCK {blockData=[blockId=conID: 2 locID: 102654965998616994 bcsId: 0,size=1048576]} | ret=SUCCESS |  
2019-08-21 12:27:54,526 | INFO  | DNAudit | user=null | ip=null | op=PUT_BLOCK {blockData=[blockId=conID: 2 locID: 102654965998616994 bcsId: 0,size=1048576]} | ret=SUCCESS |  
2019-08-21 12:27:54,526 [grpc-default-executor-1] INFO  client.GrpcClientProtocolClient (GrpcClientProtocolClient.java:onNext(255)) - client-C954105195FD->270584e6-a4a8-4db5-8151-214655ce1a56: receive RaftClientReply:client-C954105195FD->270584e6-a4a8-4db5-8151-214655ce1a56@group-787F5BA3AA67, cid=747, SUCCESS, logIndex=947, commits[270584e6-a4a8-4db5-8151-214655ce1a56:c949, af078b8b-61ec-497f-9506-472d46a72462:c945, 09fb9ab4-1b8d-44c0-9f8c-50855c6f1fed:c945]
2019-08-21 12:27:54,527 | INFO  | DNAudit | user=null | ip=null | op=WRITE_CHUNK {blockData=conID: 2 locID: 102654965998616994 bcsId: 0} | ret=SUCCESS |  
2019-08-21 12:27:54,527 [grpc-default-executor-2] INFO  client.GrpcClientProtocolClient (GrpcClientProtocolClient.java:onNext(255)) - client-C954105195FD->270584e6-a4a8-4db5-8151-214655ce1a56: receive RaftClientReply:client-C954105195FD->270584e6-a4a8-4db5-8151-214655ce1a56@group-787F5BA3AA67, cid=748, SUCCESS, logIndex=948, commits[270584e6-a4a8-4db5-8151-214655ce1a56:c949, af078b8b-61ec-497f-9506-472d46a72462:c945, 09fb9ab4-1b8d-44c0-9f8c-50855c6f1fed:c945]
2019-08-21 12:27:54,527 | INFO  | DNAudit | user=null | ip=null | op=PUT_BLOCK {blockData=[blockId=conID: 2 locID: 102654965998616994 bcsId: 0,size=2097152]} | ret=SUCCESS |  
2019-08-21 12:27:54,527 | INFO  | DNAudit | user=null | ip=null | op=WRITE_CHUNK {blockData=conID: 2 locID: 102654965998616994 bcsId: 0} | ret=SUCCESS |  
2019-08-21 12:27:54,527 [grpc-default-executor-2] INFO  client.GrpcClientProtocolClient (GrpcClientProtocolClient.java:onNext(255)) - client-C954105195FD->270584e6-a4a8-4db5-8151-214655ce1a56: receive RaftClientReply:client-C954105195FD->270584e6-a4a8-4db5-8151-214655ce1a56@group-787F5BA3AA67, cid=749, SUCCESS, logIndex=949, commits[270584e6-a4a8-4db5-8151-214655ce1a56:c949, af078b8b-61ec-497f-9506-472d46a72462:c945, 09fb9ab4-1b8d-44c0-9f8c-50855c6f1fed:c945]
2019-08-21 12:27:54,528 | INFO  | DNAudit | user=null | ip=null | op=PUT_BLOCK {blockData=[blockId=conID: 2 locID: 102654965998616994 bcsId: 0,size=2097152]} | ret=SUCCESS |  
2019-08-21 12:27:54,529 [grpc-default-executor-2] INFO  client.GrpcClientProtocolClient (GrpcClientProtocolClient.java:onNext(255)) - client-C954105195FD->270584e6-a4a8-4db5-8151-214655ce1a56: receive RaftClientReply:client-C954105195FD->270584e6-a4a8-4db5-8151-214655ce1a56@group-787F5BA3AA67, cid=750, SUCCESS, logIndex=0, commits[270584e6-a4a8-4db5-8151-214655ce1a56:c953, af078b8b-61ec-497f-9506-472d46a72462:c949, 09fb9ab4-1b8d-44c0-9f8c-50855c6f1fed:c949]
2019-08-21 12:27:54,536 | INFO  | DNAudit | user=null | ip=null | op=WRITE_CHUNK {blockData=conID: 2 locID: 102654965998616994 bcsId: 949} | ret=SUCCESS |  
2019-08-21 12:27:54,539 | INFO  | DNAudit | user=null | ip=null | op=WRITE_CHUNK {blockData=conID: 2 locID: 102654965998616994 bcsId: 949} | ret=SUCCESS |  
2019-08-21 12:27:54,540 | INFO  | DNAudit | user=null | ip=null | op=WRITE_CHUNK {blockData=conID: 2 locID: 102654965998616994 bcsId: 949} | ret=SUCCESS |  
2019-08-21 12:27:54,549 | INFO  | DNAudit | user=null | ip=null | op=WRITE_CHUNK {blockData=conID: 2 locID: 102654965998616994 bcsId: 949} | ret=SUCCESS |  
2019-08-21 12:27:54,549 | INFO  | DNAudit | user=null | ip=null | op=PUT_BLOCK {blockData=[blockId=conID: 2 locID: 102654965998616994 bcsId: 0,size=3145728]} | ret=SUCCESS |  
2019-08-21 12:27:54,550 [grpc-default-executor-1] INFO  client.GrpcClientProtocolClient (GrpcClientProtocolClient.java:onNext(255)) - client-C954105195FD->270584e6-a4a8-4db5-8151-214655ce1a56: receive RaftClientReply:client-C954105195FD->270584e6-a4a8-4db5-8151-214655ce1a56@group-787F5BA3AA67, cid=751, SUCCESS, logIndex=954, commits[270584e6-a4a8-4db5-8151-214655ce1a56:c955, af078b8b-61ec-497f-9506-472d46a72462:c953, 09fb9ab4-1b8d-44c0-9f8c-50855c6f1fed:c953]
2019-08-21 12:27:54,550 [grpc-default-executor-1] INFO  client.GrpcClientProtocolClient (GrpcClientProtocolClient.java:onNext(255)) - client-C954105195FD->270584e6-a4a8-4db5-8151-214655ce1a56: receive RaftClientReply:client-C954105195FD->270584e6-a4a8-4db5-8151-214655ce1a56@group-787F5BA3AA67, cid=752, SUCCESS, logIndex=955, commits[270584e6-a4a8-4db5-8151-214655ce1a56:c955, af078b8b-61ec-497f-9506-472d46a72462:c953, 09fb9ab4-1b8d-44c0-9f8c-50855c6f1fed:c953]
2019-08-21 12:27:54,559 | INFO  | DNAudit | user=null | ip=null | op=WRITE_CHUNK {blockData=conID: 2 locID: 102654965998616994 bcsId: 955} | ret=SUCCESS |  
2019-08-21 12:27:54,560 | INFO  | DNAudit | user=null | ip=null | op=WRITE_CHUNK {blockData=conID: 2 locID: 102654965998616994 bcsId: 949} | ret=SUCCESS |  
2019-08-21 12:27:54,560 | INFO  | DNAudit | user=null | ip=null | op=WRITE_CHUNK {blockData=conID: 2 locID: 102654965998616994 bcsId: 949} | ret=SUCCESS |  
2019-08-21 12:27:54,561 | INFO  | DNAudit | user=null | ip=null | op=PUT_BLOCK {blockData=[blockId=conID: 2 locID: 102654965998616994 bcsId: 0,size=3145728]} | ret=SUCCESS |  
2019-08-21 12:27:54,561 | INFO  | DNAudit | user=null | ip=null | op=PUT_BLOCK {blockData=[blockId=conID: 2 locID: 102654965998616994 bcsId: 0,size=3145728]} | ret=SUCCESS |  
2019-08-21 12:27:54,562 | INFO  | DNAudit | user=null | ip=null | op=WRITE_CHUNK {blockData=conID: 2 locID: 102654965998616994 bcsId: 955} | ret=SUCCESS |  
2019-08-21 12:27:54,562 | INFO  | DNAudit | user=null | ip=null | op=WRITE_CHUNK {blockData=conID: 2 locID: 102654965998616994 bcsId: 955} | ret=SUCCESS |  
2019-08-21 12:27:54,574 | INFO  | DNAudit | user=null | ip=null | op=WRITE_CHUNK {blockData=conID: 2 locID: 102654965998616994 bcsId: 955} | ret=SUCCESS |  
2019-08-21 12:27:54,575 | INFO  | DNAudit | user=null | ip=null | op=PUT_BLOCK {blockData=[blockId=conID: 2 locID: 102654965998616994 bcsId: 0,size=4194304]} | ret=SUCCESS |  
2019-08-21 12:27:54,575 [grpc-default-executor-4] INFO  client.GrpcClientProtocolClient (GrpcClientProtocolClient.java:onNext(255)) - client-C954105195FD->270584e6-a4a8-4db5-8151-214655ce1a56: receive RaftClientReply:client-C954105195FD->270584e6-a4a8-4db5-8151-214655ce1a56@group-787F5BA3AA67, cid=753, SUCCESS, logIndex=958, commits[270584e6-a4a8-4db5-8151-214655ce1a56:c959, af078b8b-61ec-497f-9506-472d46a72462:c955, 09fb9ab4-1b8d-44c0-9f8c-50855c6f1fed:c955]
2019-08-21 12:27:54,576 | INFO  | DNAudit | user=null | ip=null | op=WRITE_CHUNK {blockData=conID: 2 locID: 102654965998616994 bcsId: 955} | ret=SUCCESS |  
2019-08-21 12:27:54,576 [grpc-default-executor-4] INFO  client.GrpcClientProtocolClient (GrpcClientProtocolClient.java:onNext(255)) - client-C954105195FD->270584e6-a4a8-4db5-8151-214655ce1a56: receive RaftClientReply:client-C954105195FD->270584e6-a4a8-4db5-8151-214655ce1a56@group-787F5BA3AA67, cid=754, SUCCESS, logIndex=959, commits[270584e6-a4a8-4db5-8151-214655ce1a56:c959, af078b8b-61ec-497f-9506-472d46a72462:c955, 09fb9ab4-1b8d-44c0-9f8c-50855c6f1fed:c955]
2019-08-21 12:27:54,576 | INFO  | DNAudit | user=null | ip=null | op=PUT_BLOCK {blockData=[blockId=conID: 2 locID: 102654965998616994 bcsId: 0,size=4194304]} | ret=SUCCESS |  
2019-08-21 12:27:54,576 | INFO  | DNAudit | user=null | ip=null | op=WRITE_CHUNK {blockData=conID: 2 locID: 102654965998616994 bcsId: 955} | ret=SUCCESS |  
2019-08-21 12:27:54,577 | INFO  | DNAudit | user=null | ip=null | op=PUT_BLOCK {blockData=[blockId=conID: 2 locID: 102654965998616994 bcsId: 0,size=4194304]} | ret=SUCCESS |  
2019-08-21 12:27:54,577 [grpc-default-executor-4] INFO  client.GrpcClientProtocolClient (GrpcClientProtocolClient.java:onNext(255)) - client-C954105195FD->270584e6-a4a8-4db5-8151-214655ce1a56: receive RaftClientReply:client-C954105195FD->270584e6-a4a8-4db5-8151-214655ce1a56@group-787F5BA3AA67, cid=755, SUCCESS, logIndex=0, commits[270584e6-a4a8-4db5-8151-214655ce1a56:c960, af078b8b-61ec-497f-9506-472d46a72462:c959, 09fb9ab4-1b8d-44c0-9f8c-50855c6f1fed:c959]
2019-08-21 12:27:54,585 | INFO  | DNAudit | user=null | ip=null | op=WRITE_CHUNK {blockData=conID: 3 locID: 102654965998616995 bcsId: 0} | ret=SUCCESS |  
2019-08-21 12:27:54,589 | INFO  | DNAudit | user=null | ip=null | op=WRITE_CHUNK {blockData=conID: 3 locID: 102654965998616995 bcsId: 0} | ret=SUCCESS |  
2019-08-21 12:27:54,590 | INFO  | DNAudit | user=null | ip=null | op=WRITE_CHUNK {blockData=conID: 3 locID: 102654965998616995 bcsId: 0} | ret=SUCCESS |  
2019-08-21 12:27:54,590 | INFO  | DNAudit | user=null | ip=null | op=WRITE_CHUNK {blockData=conID: 3 locID: 102654965998616995 bcsId: 0} | ret=SUCCESS |  
2019-08-21 12:27:54,592 | INFO  | DNAudit | user=null | ip=null | op=WRITE_CHUNK {blockData=conID: 3 locID: 102654965998616995 bcsId: 0} | ret=SUCCESS |  
2019-08-21 12:27:54,593 | INFO  | DNAudit | user=null | ip=null | op=WRITE_CHUNK {blockData=conID: 3 locID: 102654965998616995 bcsId: 0} | ret=SUCCESS |  
2019-08-21 12:27:54,598 | INFO  | DNAudit | user=null | ip=null | op=WRITE_CHUNK {blockData=conID: 3 locID: 102654965998616995 bcsId: 0} | ret=SUCCESS |  
2019-08-21 12:27:54,598 | INFO  | DNAudit | user=null | ip=null | op=PUT_BLOCK {blockData=[blockId=conID: 3 locID: 102654965998616995 bcsId: 0,size=1048576]} | ret=SUCCESS |  
2019-08-21 12:27:54,599 | INFO  | DNAudit | user=null | ip=null | op=WRITE_CHUNK {blockData=conID: 3 locID: 102654965998616995 bcsId: 0} | ret=SUCCESS |  
2019-08-21 12:27:54,599 [grpc-default-executor-2] INFO  client.GrpcClientProtocolClient (GrpcClientProtocolClient.java:onNext(255)) - client-C954105195FD->270584e6-a4a8-4db5-8151-214655ce1a56: receive RaftClientReply:client-C954105195FD->270584e6-a4a8-4db5-8151-214655ce1a56@group-787F5BA3AA67, cid=756, SUCCESS, logIndex=962, commits[270584e6-a4a8-4db5-8151-214655ce1a56:c963, af078b8b-61ec-497f-9506-472d46a72462:c961, 09fb9ab4-1b8d-44c0-9f8c-50855c6f1fed:c961]
2019-08-21 12:27:54,599 | INFO  | DNAudit | user=null | ip=null | op=PUT_BLOCK {blockData=[blockId=conID: 3 locID: 102654965998616995 bcsId: 0,size=2097152]} | ret=SUCCESS |  
2019-08-21 12:27:54,599 [grpc-default-executor-2] INFO  client.GrpcClientProtocolClient (GrpcClientProtocolClient.java:onNext(255)) - client-C954105195FD->270584e6-a4a8-4db5-8151-214655ce1a56: receive RaftClientReply:client-C954105195FD->270584e6-a4a8-4db5-8151-214655ce1a56@group-787F5BA3AA67, cid=757, SUCCESS, logIndex=963, commits[270584e6-a4a8-4db5-8151-214655ce1a56:c963, af078b8b-61ec-497f-9506-472d46a72462:c961, 09fb9ab4-1b8d-44c0-9f8c-50855c6f1fed:c961]
2019-08-21 12:27:54,600 [grpc-default-executor-2] INFO  client.GrpcClientProtocolClient (GrpcClientProtocolClient.java:onNext(255)) - client-C954105195FD->270584e6-a4a8-4db5-8151-214655ce1a56: receive RaftClientReply:client-C954105195FD->270584e6-a4a8-4db5-8151-214655ce1a56@group-787F5BA3AA67, cid=758, SUCCESS, logIndex=964, commits[270584e6-a4a8-4db5-8151-214655ce1a56:c965, af078b8b-61ec-497f-9506-472d46a72462:c961, 09fb9ab4-1b8d-44c0-9f8c-50855c6f1fed:c961]
2019-08-21 12:27:54,600 [grpc-default-executor-2] INFO  client.GrpcClientProtocolClient (GrpcClientProtocolClient.java:onNext(255)) - client-C954105195FD->270584e6-a4a8-4db5-8151-214655ce1a56: receive RaftClientReply:client-C954105195FD->270584e6-a4a8-4db5-8151-214655ce1a56@group-787F5BA3AA67, cid=759, SUCCESS, logIndex=965, commits[270584e6-a4a8-4db5-8151-214655ce1a56:c965, af078b8b-61ec-497f-9506-472d46a72462:c961, 09fb9ab4-1b8d-44c0-9f8c-50855c6f1fed:c961]
2019-08-21 12:27:54,611 | INFO  | DNAudit | user=null | ip=null | op=WRITE_CHUNK {blockData=conID: 3 locID: 102654965998616995 bcsId: 0} | ret=SUCCESS |  
2019-08-21 12:27:54,611 | INFO  | DNAudit | user=null | ip=null | op=WRITE_CHUNK {blockData=conID: 3 locID: 102654965998616995 bcsId: 0} | ret=SUCCESS |  
2019-08-21 12:27:54,612 | INFO  | DNAudit | user=null | ip=null | op=PUT_BLOCK {blockData=[blockId=conID: 3 locID: 102654965998616995 bcsId: 0,size=1048576]} | ret=SUCCESS |  
2019-08-21 12:27:54,612 | INFO  | DNAudit | user=null | ip=null | op=PUT_BLOCK {blockData=[blockId=conID: 3 locID: 102654965998616995 bcsId: 0,size=1048576]} | ret=SUCCESS |  
2019-08-21 12:27:54,612 | INFO  | DNAudit | user=null | ip=null | op=WRITE_CHUNK {blockData=conID: 3 locID: 102654965998616995 bcsId: 0} | ret=SUCCESS |  
2019-08-21 12:27:54,612 | INFO  | DNAudit | user=null | ip=null | op=WRITE_CHUNK {blockData=conID: 3 locID: 102654965998616995 bcsId: 0} | ret=SUCCESS |  
2019-08-21 12:27:54,612 | INFO  | DNAudit | user=null | ip=null | op=PUT_BLOCK {blockData=[blockId=conID: 3 locID: 102654965998616995 bcsId: 0,size=2097152]} | ret=SUCCESS |  
2019-08-21 12:27:54,612 | INFO  | DNAudit | user=null | ip=null | op=PUT_BLOCK {blockData=[blockId=conID: 3 locID: 102654965998616995 bcsId: 0,size=2097152]} | ret=SUCCESS |  
2019-08-21 12:27:54,612 [grpc-default-executor-4] INFO  client.GrpcClientProtocolClient (GrpcClientProtocolClient.java:onNext(255)) - client-C954105195FD->270584e6-a4a8-4db5-8151-214655ce1a56: receive RaftClientReply:client-C954105195FD->270584e6-a4a8-4db5-8151-214655ce1a56@group-787F5BA3AA67, cid=760, SUCCESS, logIndex=0, commits[270584e6-a4a8-4db5-8151-214655ce1a56:c967, af078b8b-61ec-497f-9506-472d46a72462:c963, 09fb9ab4-1b8d-44c0-9f8c-50855c6f1fed:c963]
2019-08-21 12:27:54,619 | INFO  | DNAudit | user=null | ip=null | op=WRITE_CHUNK {blockData=conID: 3 locID: 102654965998616995 bcsId: 965} | ret=SUCCESS |  
2019-08-21 12:27:54,622 | INFO  | DNAudit | user=null | ip=null | op=WRITE_CHUNK {blockData=conID: 3 locID: 102654965998616995 bcsId: 965} | ret=SUCCESS |  
2019-08-21 12:27:54,622 | INFO  | DNAudit | user=null | ip=null | op=WRITE_CHUNK {blockData=conID: 3 locID: 102654965998616995 bcsId: 965} | ret=SUCCESS |  
2019-08-21 12:27:54,633 | INFO  | DNAudit | user=null | ip=null | op=WRITE_CHUNK {blockData=conID: 3 locID: 102654965998616995 bcsId: 965} | ret=SUCCESS |  
2019-08-21 12:27:54,633 | INFO  | DNAudit | user=null | ip=null | op=PUT_BLOCK {blockData=[blockId=conID: 3 locID: 102654965998616995 bcsId: 0,size=3145728]} | ret=SUCCESS |  
2019-08-21 12:27:54,634 [grpc-default-executor-4] INFO  client.GrpcClientProtocolClient (GrpcClientProtocolClient.java:onNext(255)) - client-C954105195FD->270584e6-a4a8-4db5-8151-214655ce1a56: receive RaftClientReply:client-C954105195FD->270584e6-a4a8-4db5-8151-214655ce1a56@group-787F5BA3AA67, cid=761, SUCCESS, logIndex=970, commits[270584e6-a4a8-4db5-8151-214655ce1a56:c971, af078b8b-61ec-497f-9506-472d46a72462:c969, 09fb9ab4-1b8d-44c0-9f8c-50855c6f1fed:c969]
2019-08-21 12:27:54,634 [grpc-default-executor-4] INFO  client.GrpcClientProtocolClient (GrpcClientProtocolClient.java:onNext(255)) - client-C954105195FD->270584e6-a4a8-4db5-8151-214655ce1a56: receive RaftClientReply:client-C954105195FD->270584e6-a4a8-4db5-8151-214655ce1a56@group-787F5BA3AA67, cid=762, SUCCESS, logIndex=971, commits[270584e6-a4a8-4db5-8151-214655ce1a56:c971, af078b8b-61ec-497f-9506-472d46a72462:c969, 09fb9ab4-1b8d-44c0-9f8c-50855c6f1fed:c969]
2019-08-21 12:27:54,641 | INFO  | DNAudit | user=null | ip=null | op=WRITE_CHUNK {blockData=conID: 3 locID: 102654965998616995 bcsId: 971} | ret=SUCCESS |  
2019-08-21 12:27:54,641 | INFO  | DNAudit | user=null | ip=null | op=WRITE_CHUNK {blockData=conID: 3 locID: 102654965998616995 bcsId: 965} | ret=SUCCESS |  
2019-08-21 12:27:54,641 | INFO  | DNAudit | user=null | ip=null | op=WRITE_CHUNK {blockData=conID: 3 locID: 102654965998616995 bcsId: 965} | ret=SUCCESS |  
2019-08-21 12:27:54,642 | INFO  | DNAudit | user=null | ip=null | op=PUT_BLOCK {blockData=[blockId=conID: 3 locID: 102654965998616995 bcsId: 0,size=3145728]} | ret=SUCCESS |  
2019-08-21 12:27:54,642 | INFO  | DNAudit | user=null | ip=null | op=PUT_BLOCK {blockData=[blockId=conID: 3 locID: 102654965998616995 bcsId: 0,size=3145728]} | ret=SUCCESS |  
2019-08-21 12:27:54,643 | INFO  | DNAudit | user=null | ip=null | op=WRITE_CHUNK {blockData=conID: 3 locID: 102654965998616995 bcsId: 971} | ret=SUCCESS |  
2019-08-21 12:27:54,644 | INFO  | DNAudit | user=null | ip=null | op=WRITE_CHUNK {blockData=conID: 3 locID: 102654965998616995 bcsId: 971} | ret=SUCCESS |  
2019-08-21 12:27:54,655 | INFO  | DNAudit | user=null | ip=null | op=WRITE_CHUNK {blockData=conID: 3 locID: 102654965998616995 bcsId: 971} | ret=SUCCESS |  
2019-08-21 12:27:54,655 | INFO  | DNAudit | user=null | ip=null | op=PUT_BLOCK {blockData=[blockId=conID: 3 locID: 102654965998616995 bcsId: 0,size=4194304]} | ret=SUCCESS |  
2019-08-21 12:27:54,655 [grpc-default-executor-2] INFO  client.GrpcClientProtocolClient (GrpcClientProtocolClient.java:onNext(255)) - client-C954105195FD->270584e6-a4a8-4db5-8151-214655ce1a56: receive RaftClientReply:client-C954105195FD->270584e6-a4a8-4db5-8151-214655ce1a56@group-787F5BA3AA67, cid=763, SUCCESS, logIndex=974, commits[270584e6-a4a8-4db5-8151-214655ce1a56:c975, af078b8b-61ec-497f-9506-472d46a72462:c971, 09fb9ab4-1b8d-44c0-9f8c-50855c6f1fed:c971]
2019-08-21 12:27:54,656 [grpc-default-executor-2] INFO  client.GrpcClientProtocolClient (GrpcClientProtocolClient.java:onNext(255)) - client-C954105195FD->270584e6-a4a8-4db5-8151-214655ce1a56: receive RaftClientReply:client-C954105195FD->270584e6-a4a8-4db5-8151-214655ce1a56@group-787F5BA3AA67, cid=764, SUCCESS, logIndex=975, commits[270584e6-a4a8-4db5-8151-214655ce1a56:c975, af078b8b-61ec-497f-9506-472d46a72462:c971, 09fb9ab4-1b8d-44c0-9f8c-50855c6f1fed:c971]
2019-08-21 12:27:54,656 | INFO  | DNAudit | user=null | ip=null | op=WRITE_CHUNK {blockData=conID: 3 locID: 102654965998616995 bcsId: 971} | ret=SUCCESS |  
2019-08-21 12:27:54,656 | INFO  | DNAudit | user=null | ip=null | op=WRITE_CHUNK {blockData=conID: 3 locID: 102654965998616995 bcsId: 971} | ret=SUCCESS |  
2019-08-21 12:27:54,657 | INFO  | DNAudit | user=null | ip=null | op=PUT_BLOCK {blockData=[blockId=conID: 3 locID: 102654965998616995 bcsId: 0,size=4194304]} | ret=SUCCESS |  
2019-08-21 12:27:54,657 | INFO  | DNAudit | user=null | ip=null | op=PUT_BLOCK {blockData=[blockId=conID: 3 locID: 102654965998616995 bcsId: 0,size=4194304]} | ret=SUCCESS |  
2019-08-21 12:27:54,658 [grpc-default-executor-2] INFO  client.GrpcClientProtocolClient (GrpcClientProtocolClient.java:onNext(255)) - client-C954105195FD->270584e6-a4a8-4db5-8151-214655ce1a56: receive RaftClientReply:client-C954105195FD->270584e6-a4a8-4db5-8151-214655ce1a56@group-787F5BA3AA67, cid=765, SUCCESS, logIndex=0, commits[270584e6-a4a8-4db5-8151-214655ce1a56:c977, af078b8b-61ec-497f-9506-472d46a72462:c975, 09fb9ab4-1b8d-44c0-9f8c-50855c6f1fed:c975]
2019-08-21 12:27:54,665 | INFO  | DNAudit | user=null | ip=null | op=WRITE_CHUNK {blockData=conID: 1 locID: 102654965998616996 bcsId: 0} | ret=SUCCESS |  
2019-08-21 12:27:54,668 | INFO  | DNAudit | user=null | ip=null | op=WRITE_CHUNK {blockData=conID: 1 locID: 102654965998616996 bcsId: 0} | ret=SUCCESS |  
2019-08-21 12:27:54,668 | INFO  | DNAudit | user=null | ip=null | op=WRITE_CHUNK {blockData=conID: 1 locID: 102654965998616996 bcsId: 0} | ret=SUCCESS |  
2019-08-21 12:27:54,669 | INFO  | DNAudit | user=null | ip=null | op=WRITE_CHUNK {blockData=conID: 1 locID: 102654965998616996 bcsId: 0} | ret=SUCCESS |  
2019-08-21 12:27:54,670 | INFO  | DNAudit | user=null | ip=null | op=WRITE_CHUNK {blockData=conID: 1 locID: 102654965998616996 bcsId: 0} | ret=SUCCESS |  
2019-08-21 12:27:54,671 | INFO  | DNAudit | user=null | ip=null | op=WRITE_CHUNK {blockData=conID: 1 locID: 102654965998616996 bcsId: 0} | ret=SUCCESS |  
2019-08-21 12:27:54,677 | INFO  | DNAudit | user=null | ip=null | op=WRITE_CHUNK {blockData=conID: 1 locID: 102654965998616996 bcsId: 0} | ret=SUCCESS |  
2019-08-21 12:27:54,678 | INFO  | DNAudit | user=null | ip=null | op=PUT_BLOCK {blockData=[blockId=conID: 1 locID: 102654965998616996 bcsId: 0,size=1048576]} | ret=SUCCESS |  
2019-08-21 12:27:54,678 | INFO  | DNAudit | user=null | ip=null | op=WRITE_CHUNK {blockData=conID: 1 locID: 102654965998616996 bcsId: 0} | ret=SUCCESS |  
2019-08-21 12:27:54,678 [grpc-default-executor-4] INFO  client.GrpcClientProtocolClient (GrpcClientProtocolClient.java:onNext(255)) - client-C954105195FD->270584e6-a4a8-4db5-8151-214655ce1a56: receive RaftClientReply:client-C954105195FD->270584e6-a4a8-4db5-8151-214655ce1a56@group-787F5BA3AA67, cid=766, SUCCESS, logIndex=978, commits[270584e6-a4a8-4db5-8151-214655ce1a56:c981, af078b8b-61ec-497f-9506-472d46a72462:c977, 09fb9ab4-1b8d-44c0-9f8c-50855c6f1fed:c977]
2019-08-21 12:27:54,678 | INFO  | DNAudit | user=null | ip=null | op=PUT_BLOCK {blockData=[blockId=conID: 1 locID: 102654965998616996 bcsId: 0,size=2097152]} | ret=SUCCESS |  
2019-08-21 12:27:54,679 | INFO  | DNAudit | user=null | ip=null | op=WRITE_CHUNK {blockData=conID: 1 locID: 102654965998616996 bcsId: 0} | ret=SUCCESS |  
2019-08-21 12:27:54,679 | INFO  | DNAudit | user=null | ip=null | op=WRITE_CHUNK {blockData=conID: 1 locID: 102654965998616996 bcsId: 0} | ret=SUCCESS |  
2019-08-21 12:27:54,679 [grpc-default-executor-2] INFO  client.GrpcClientProtocolClient (GrpcClientProtocolClient.java:onNext(255)) - client-C954105195FD->270584e6-a4a8-4db5-8151-214655ce1a56: receive RaftClientReply:client-C954105195FD->270584e6-a4a8-4db5-8151-214655ce1a56@group-787F5BA3AA67, cid=767, SUCCESS, logIndex=979, commits[270584e6-a4a8-4db5-8151-214655ce1a56:c981, af078b8b-61ec-497f-9506-472d46a72462:c977, 09fb9ab4-1b8d-44c0-9f8c-50855c6f1fed:c977]
2019-08-21 12:27:54,679 | INFO  | DNAudit | user=null | ip=null | op=PUT_BLOCK {blockData=[blockId=conID: 1 locID: 102654965998616996 bcsId: 0,size=1048576]} | ret=SUCCESS |  
2019-08-21 12:27:54,679 [grpc-default-executor-2] INFO  client.GrpcClientProtocolClient (GrpcClientProtocolClient.java:onNext(255)) - client-C954105195FD->270584e6-a4a8-4db5-8151-214655ce1a56: receive RaftClientReply:client-C954105195FD->270584e6-a4a8-4db5-8151-214655ce1a56@group-787F5BA3AA67, cid=768, SUCCESS, logIndex=980, commits[270584e6-a4a8-4db5-8151-214655ce1a56:c981, af078b8b-61ec-497f-9506-472d46a72462:c977, 09fb9ab4-1b8d-44c0-9f8c-50855c6f1fed:c977]
2019-08-21 12:27:54,679 | INFO  | DNAudit | user=null | ip=null | op=WRITE_CHUNK {blockData=conID: 1 locID: 102654965998616996 bcsId: 0} | ret=SUCCESS |  
2019-08-21 12:27:54,679 [grpc-default-executor-2] INFO  client.GrpcClientProtocolClient (GrpcClientProtocolClient.java:onNext(255)) - client-C954105195FD->270584e6-a4a8-4db5-8151-214655ce1a56: receive RaftClientReply:client-C954105195FD->270584e6-a4a8-4db5-8151-214655ce1a56@group-787F5BA3AA67, cid=769, SUCCESS, logIndex=981, commits[270584e6-a4a8-4db5-8151-214655ce1a56:c981, af078b8b-61ec-497f-9506-472d46a72462:c977, 09fb9ab4-1b8d-44c0-9f8c-50855c6f1fed:c977]
2019-08-21 12:27:54,680 | INFO  | DNAudit | user=null | ip=null | op=PUT_BLOCK {blockData=[blockId=conID: 1 locID: 102654965998616996 bcsId: 0,size=1048576]} | ret=SUCCESS |  
2019-08-21 12:27:54,680 | INFO  | DNAudit | user=null | ip=null | op=WRITE_CHUNK {blockData=conID: 1 locID: 102654965998616996 bcsId: 0} | ret=SUCCESS |  
2019-08-21 12:27:54,680 | INFO  | DNAudit | user=null | ip=null | op=PUT_BLOCK {blockData=[blockId=conID: 1 locID: 102654965998616996 bcsId: 0,size=2097152]} | ret=SUCCESS |  
2019-08-21 12:27:54,680 | INFO  | DNAudit | user=null | ip=null | op=PUT_BLOCK {blockData=[blockId=conID: 1 locID: 102654965998616996 bcsId: 0,size=2097152]} | ret=SUCCESS |  
2019-08-21 12:27:54,681 [grpc-default-executor-2] INFO  client.GrpcClientProtocolClient (GrpcClientProtocolClient.java:onNext(255)) - client-C954105195FD->270584e6-a4a8-4db5-8151-214655ce1a56: receive RaftClientReply:client-C954105195FD->270584e6-a4a8-4db5-8151-214655ce1a56@group-787F5BA3AA67, cid=770, SUCCESS, logIndex=0, commits[270584e6-a4a8-4db5-8151-214655ce1a56:c985, af078b8b-61ec-497f-9506-472d46a72462:c980, 09fb9ab4-1b8d-44c0-9f8c-50855c6f1fed:c981]
2019-08-21 12:27:54,688 | INFO  | DNAudit | user=null | ip=null | op=WRITE_CHUNK {blockData=conID: 1 locID: 102654965998616996 bcsId: 981} | ret=SUCCESS |  
2019-08-21 12:27:54,691 | INFO  | DNAudit | user=null | ip=null | op=WRITE_CHUNK {blockData=conID: 1 locID: 102654965998616996 bcsId: 981} | ret=SUCCESS |  
2019-08-21 12:27:54,691 | INFO  | DNAudit | user=null | ip=null | op=WRITE_CHUNK {blockData=conID: 1 locID: 102654965998616996 bcsId: 981} | ret=SUCCESS |  
2019-08-21 12:27:54,700 | INFO  | DNAudit | user=null | ip=null | op=WRITE_CHUNK {blockData=conID: 1 locID: 102654965998616996 bcsId: 981} | ret=SUCCESS |  
2019-08-21 12:27:54,701 | INFO  | DNAudit | user=null | ip=null | op=PUT_BLOCK {blockData=[blockId=conID: 1 locID: 102654965998616996 bcsId: 0,size=3145728]} | ret=SUCCESS |  
2019-08-21 12:27:54,701 [grpc-default-executor-2] INFO  client.GrpcClientProtocolClient (GrpcClientProtocolClient.java:onNext(255)) - client-C954105195FD->270584e6-a4a8-4db5-8151-214655ce1a56: receive RaftClientReply:client-C954105195FD->270584e6-a4a8-4db5-8151-214655ce1a56@group-787F5BA3AA67, cid=771, SUCCESS, logIndex=986, commits[270584e6-a4a8-4db5-8151-214655ce1a56:c987, af078b8b-61ec-497f-9506-472d46a72462:c985, 09fb9ab4-1b8d-44c0-9f8c-50855c6f1fed:c985]
2019-08-21 12:27:54,701 [grpc-default-executor-2] INFO  client.GrpcClientProtocolClient (GrpcClientProtocolClient.java:onNext(255)) - client-C954105195FD->270584e6-a4a8-4db5-8151-214655ce1a56: receive RaftClientReply:client-C954105195FD->270584e6-a4a8-4db5-8151-214655ce1a56@group-787F5BA3AA67, cid=772, SUCCESS, logIndex=987, commits[270584e6-a4a8-4db5-8151-214655ce1a56:c987, af078b8b-61ec-497f-9506-472d46a72462:c985, 09fb9ab4-1b8d-44c0-9f8c-50855c6f1fed:c985]
2019-08-21 12:27:54,710 | INFO  | DNAudit | user=null | ip=null | op=WRITE_CHUNK {blockData=conID: 1 locID: 102654965998616996 bcsId: 987} | ret=SUCCESS |  
2019-08-21 12:27:54,712 | INFO  | DNAudit | user=null | ip=null | op=WRITE_CHUNK {blockData=conID: 1 locID: 102654965998616996 bcsId: 981} | ret=SUCCESS |  
2019-08-21 12:27:54,712 | INFO  | DNAudit | user=null | ip=null | op=WRITE_CHUNK {blockData=conID: 1 locID: 102654965998616996 bcsId: 981} | ret=SUCCESS |  
2019-08-21 12:27:54,712 | INFO  | DNAudit | user=null | ip=null | op=WRITE_CHUNK {blockData=conID: 1 locID: 102654965998616996 bcsId: 987} | ret=SUCCESS |  
2019-08-21 12:27:54,713 | INFO  | DNAudit | user=null | ip=null | op=PUT_BLOCK {blockData=[blockId=conID: 1 locID: 102654965998616996 bcsId: 0,size=3145728]} | ret=SUCCESS |  
2019-08-21 12:27:54,713 | INFO  | DNAudit | user=null | ip=null | op=PUT_BLOCK {blockData=[blockId=conID: 1 locID: 102654965998616996 bcsId: 0,size=3145728]} | ret=SUCCESS |  
2019-08-21 12:27:54,714 | INFO  | DNAudit | user=null | ip=null | op=WRITE_CHUNK {blockData=conID: 1 locID: 102654965998616996 bcsId: 987} | ret=SUCCESS |  
2019-08-21 12:27:54,714 | INFO  | DNAudit | user=null | ip=null | op=WRITE_CHUNK {blockData=conID: 1 locID: 102654965998616996 bcsId: 987} | ret=SUCCESS |  
2019-08-21 12:27:54,715 | INFO  | DNAudit | user=null | ip=null | op=PUT_BLOCK {blockData=[blockId=conID: 1 locID: 102654965998616996 bcsId: 0,size=4194304]} | ret=SUCCESS |  
2019-08-21 12:27:54,715 [grpc-default-executor-4] INFO  client.GrpcClientProtocolClient (GrpcClientProtocolClient.java:onNext(255)) - client-C954105195FD->270584e6-a4a8-4db5-8151-214655ce1a56: receive RaftClientReply:client-C954105195FD->270584e6-a4a8-4db5-8151-214655ce1a56@group-787F5BA3AA67, cid=773, SUCCESS, logIndex=990, commits[270584e6-a4a8-4db5-8151-214655ce1a56:c991, af078b8b-61ec-497f-9506-472d46a72462:c987, 09fb9ab4-1b8d-44c0-9f8c-50855c6f1fed:c987]
2019-08-21 12:27:54,715 [grpc-default-executor-4] INFO  client.GrpcClientProtocolClient (GrpcClientProtocolClient.java:onNext(255)) - client-C954105195FD->270584e6-a4a8-4db5-8151-214655ce1a56: receive RaftClientReply:client-C954105195FD->270584e6-a4a8-4db5-8151-214655ce1a56@group-787F5BA3AA67, cid=774, SUCCESS, logIndex=991, commits[270584e6-a4a8-4db5-8151-214655ce1a56:c991, af078b8b-61ec-497f-9506-472d46a72462:c987, 09fb9ab4-1b8d-44c0-9f8c-50855c6f1fed:c987]
2019-08-21 12:27:54,716 | INFO  | DNAudit | user=null | ip=null | op=WRITE_CHUNK {blockData=conID: 1 locID: 102654965998616996 bcsId: 987} | ret=SUCCESS |  
2019-08-21 12:27:54,716 | INFO  | DNAudit | user=null | ip=null | op=WRITE_CHUNK {blockData=conID: 1 locID: 102654965998616996 bcsId: 987} | ret=SUCCESS |  
2019-08-21 12:27:54,716 | INFO  | DNAudit | user=null | ip=null | op=PUT_BLOCK {blockData=[blockId=conID: 1 locID: 102654965998616996 bcsId: 0,size=4194304]} | ret=SUCCESS |  
2019-08-21 12:27:54,716 | INFO  | DNAudit | user=null | ip=null | op=PUT_BLOCK {blockData=[blockId=conID: 1 locID: 102654965998616996 bcsId: 0,size=4194304]} | ret=SUCCESS |  
2019-08-21 12:27:54,717 [grpc-default-executor-4] INFO  client.GrpcClientProtocolClient (GrpcClientProtocolClient.java:onNext(255)) - client-C954105195FD->270584e6-a4a8-4db5-8151-214655ce1a56: receive RaftClientReply:client-C954105195FD->270584e6-a4a8-4db5-8151-214655ce1a56@group-787F5BA3AA67, cid=775, SUCCESS, logIndex=0, commits[270584e6-a4a8-4db5-8151-214655ce1a56:c992, af078b8b-61ec-497f-9506-472d46a72462:c991, 09fb9ab4-1b8d-44c0-9f8c-50855c6f1fed:c991]
2019-08-21 12:27:54,724 | INFO  | DNAudit | user=null | ip=null | op=WRITE_CHUNK {blockData=conID: 2 locID: 102654965998682533 bcsId: 0} | ret=SUCCESS |  
2019-08-21 12:27:54,726 | INFO  | DNAudit | user=null | ip=null | op=WRITE_CHUNK {blockData=conID: 2 locID: 102654965998682533 bcsId: 0} | ret=SUCCESS |  
2019-08-21 12:27:54,727 | INFO  | DNAudit | user=null | ip=null | op=WRITE_CHUNK {blockData=conID: 2 locID: 102654965998682533 bcsId: 0} | ret=SUCCESS |  
2019-08-21 12:27:54,727 | INFO  | DNAudit | user=null | ip=null | op=WRITE_CHUNK {blockData=conID: 2 locID: 102654965998682533 bcsId: 0} | ret=SUCCESS |  
2019-08-21 12:27:54,730 | INFO  | DNAudit | user=null | ip=null | op=WRITE_CHUNK {blockData=conID: 2 locID: 102654965998682533 bcsId: 0} | ret=SUCCESS |  
2019-08-21 12:27:54,730 | INFO  | DNAudit | user=null | ip=null | op=WRITE_CHUNK {blockData=conID: 2 locID: 102654965998682533 bcsId: 0} | ret=SUCCESS |  
2019-08-21 12:27:54,737 | INFO  | DNAudit | user=null | ip=null | op=WRITE_CHUNK {blockData=conID: 2 locID: 102654965998682533 bcsId: 0} | ret=SUCCESS |  
2019-08-21 12:27:54,737 | INFO  | DNAudit | user=null | ip=null | op=PUT_BLOCK {blockData=[blockId=conID: 2 locID: 102654965998682533 bcsId: 0,size=1048576]} | ret=SUCCESS |  
2019-08-21 12:27:54,738 [grpc-default-executor-2] INFO  client.GrpcClientProtocolClient (GrpcClientProtocolClient.java:onNext(255)) - client-C954105195FD->270584e6-a4a8-4db5-8151-214655ce1a56: receive RaftClientReply:client-C954105195FD->270584e6-a4a8-4db5-8151-214655ce1a56@group-787F5BA3AA67, cid=776, SUCCESS, logIndex=994, commits[270584e6-a4a8-4db5-8151-214655ce1a56:c995, af078b8b-61ec-497f-9506-472d46a72462:c993, 09fb9ab4-1b8d-44c0-9f8c-50855c6f1fed:c993]
2019-08-21 12:27:54,738 | INFO  | DNAudit | user=null | ip=null | op=WRITE_CHUNK {blockData=conID: 2 locID: 102654965998682533 bcsId: 0} | ret=SUCCESS |  
2019-08-21 12:27:54,739 | INFO  | DNAudit | user=null | ip=null | op=PUT_BLOCK {blockData=[blockId=conID: 2 locID: 102654965998682533 bcsId: 0,size=2097152]} | ret=SUCCESS |  
2019-08-21 12:27:54,738 [grpc-default-executor-4] INFO  client.GrpcClientProtocolClient (GrpcClientProtocolClient.java:onNext(255)) - client-C954105195FD->270584e6-a4a8-4db5-8151-214655ce1a56: receive RaftClientReply:client-C954105195FD->270584e6-a4a8-4db5-8151-214655ce1a56@group-787F5BA3AA67, cid=777, SUCCESS, logIndex=995, commits[270584e6-a4a8-4db5-8151-214655ce1a56:c995, af078b8b-61ec-497f-9506-472d46a72462:c993, 09fb9ab4-1b8d-44c0-9f8c-50855c6f1fed:c993]
2019-08-21 12:27:54,739 | INFO  | DNAudit | user=null | ip=null | op=WRITE_CHUNK {blockData=conID: 2 locID: 102654965998682533 bcsId: 0} | ret=SUCCESS |  
2019-08-21 12:27:54,739 [grpc-default-executor-4] INFO  client.GrpcClientProtocolClient (GrpcClientProtocolClient.java:onNext(255)) - client-C954105195FD->270584e6-a4a8-4db5-8151-214655ce1a56: receive RaftClientReply:client-C954105195FD->270584e6-a4a8-4db5-8151-214655ce1a56@group-787F5BA3AA67, cid=778, SUCCESS, logIndex=996, commits[270584e6-a4a8-4db5-8151-214655ce1a56:c996, af078b8b-61ec-497f-9506-472d46a72462:c993, 09fb9ab4-1b8d-44c0-9f8c-50855c6f1fed:c993]
2019-08-21 12:27:54,739 | INFO  | DNAudit | user=null | ip=null | op=PUT_BLOCK {blockData=[blockId=conID: 2 locID: 102654965998682533 bcsId: 0,size=1048576]} | ret=SUCCESS |  
2019-08-21 12:27:54,739 [grpc-default-executor-4] INFO  client.GrpcClientProtocolClient (GrpcClientProtocolClient.java:onNext(255)) - client-C954105195FD->270584e6-a4a8-4db5-8151-214655ce1a56: receive RaftClientReply:client-C954105195FD->270584e6-a4a8-4db5-8151-214655ce1a56@group-787F5BA3AA67, cid=779, SUCCESS, logIndex=997, commits[270584e6-a4a8-4db5-8151-214655ce1a56:c997, af078b8b-61ec-497f-9506-472d46a72462:c993, 09fb9ab4-1b8d-44c0-9f8c-50855c6f1fed:c993]
2019-08-21 12:27:54,739 | INFO  | DNAudit | user=null | ip=null | op=WRITE_CHUNK {blockData=conID: 2 locID: 102654965998682533 bcsId: 0} | ret=SUCCESS |  
2019-08-21 12:27:54,740 | INFO  | DNAudit | user=null | ip=null | op=PUT_BLOCK {blockData=[blockId=conID: 2 locID: 102654965998682533 bcsId: 0,size=1048576]} | ret=SUCCESS |  
2019-08-21 12:27:54,740 | INFO  | DNAudit | user=null | ip=null | op=WRITE_CHUNK {blockData=conID: 2 locID: 102654965998682533 bcsId: 0} | ret=SUCCESS |  
2019-08-21 12:27:54,740 [grpc-default-executor-4] INFO  client.GrpcClientProtocolClient (GrpcClientProtocolClient.java:onNext(255)) - client-C954105195FD->270584e6-a4a8-4db5-8151-214655ce1a56: receive RaftClientReply:client-C954105195FD->270584e6-a4a8-4db5-8151-214655ce1a56@group-787F5BA3AA67, cid=780, SUCCESS, logIndex=0, commits[270584e6-a4a8-4db5-8151-214655ce1a56:c999, af078b8b-61ec-497f-9506-472d46a72462:c995, 09fb9ab4-1b8d-44c0-9f8c-50855c6f1fed:c995]
2019-08-21 12:27:54,741 | INFO  | DNAudit | user=null | ip=null | op=WRITE_CHUNK {blockData=conID: 2 locID: 102654965998682533 bcsId: 0} | ret=SUCCESS |  
2019-08-21 12:27:54,741 | INFO  | DNAudit | user=null | ip=null | op=PUT_BLOCK {blockData=[blockId=conID: 2 locID: 102654965998682533 bcsId: 0,size=2097152]} | ret=SUCCESS |  
2019-08-21 12:27:54,741 | INFO  | DNAudit | user=null | ip=null | op=PUT_BLOCK {blockData=[blockId=conID: 2 locID: 102654965998682533 bcsId: 0,size=2097152]} | ret=SUCCESS |  
2019-08-21 12:27:54,746 | INFO  | DNAudit | user=null | ip=null | op=WRITE_CHUNK {blockData=conID: 2 locID: 102654965998682533 bcsId: 997} | ret=SUCCESS |  
2019-08-21 12:27:54,749 | INFO  | DNAudit | user=null | ip=null | op=WRITE_CHUNK {blockData=conID: 2 locID: 102654965998682533 bcsId: 997} | ret=SUCCESS |  
2019-08-21 12:27:54,749 | INFO  | DNAudit | user=null | ip=null | op=WRITE_CHUNK {blockData=conID: 2 locID: 102654965998682533 bcsId: 997} | ret=SUCCESS |  
2019-08-21 12:27:54,759 | INFO  | DNAudit | user=null | ip=null | op=WRITE_CHUNK {blockData=conID: 2 locID: 102654965998682533 bcsId: 997} | ret=SUCCESS |  
2019-08-21 12:27:54,759 | INFO  | DNAudit | user=null | ip=null | op=PUT_BLOCK {blockData=[blockId=conID: 2 locID: 102654965998682533 bcsId: 0,size=3145728]} | ret=SUCCESS |  
2019-08-21 12:27:54,759 [grpc-default-executor-4] INFO  client.GrpcClientProtocolClient (GrpcClientProtocolClient.java:onNext(255)) - client-C954105195FD->270584e6-a4a8-4db5-8151-214655ce1a56: receive RaftClientReply:client-C954105195FD->270584e6-a4a8-4db5-8151-214655ce1a56@group-787F5BA3AA67, cid=781, SUCCESS, logIndex=1002, commits[270584e6-a4a8-4db5-8151-214655ce1a56:c1003, af078b8b-61ec-497f-9506-472d46a72462:c1001, 09fb9ab4-1b8d-44c0-9f8c-50855c6f1fed:c1001]
2019-08-21 12:27:54,760 [grpc-default-executor-4] INFO  client.GrpcClientProtocolClient (GrpcClientProtocolClient.java:onNext(255)) - client-C954105195FD->270584e6-a4a8-4db5-8151-214655ce1a56: receive RaftClientReply:client-C954105195FD->270584e6-a4a8-4db5-8151-214655ce1a56@group-787F5BA3AA67, cid=782, SUCCESS, logIndex=1003, commits[270584e6-a4a8-4db5-8151-214655ce1a56:c1003, af078b8b-61ec-497f-9506-472d46a72462:c1001, 09fb9ab4-1b8d-44c0-9f8c-50855c6f1fed:c1001]
2019-08-21 12:27:54,766 | INFO  | DNAudit | user=null | ip=null | op=WRITE_CHUNK {blockData=conID: 2 locID: 102654965998682533 bcsId: 1003} | ret=SUCCESS |  
2019-08-21 12:27:54,768 | INFO  | DNAudit | user=null | ip=null | op=WRITE_CHUNK {blockData=conID: 2 locID: 102654965998682533 bcsId: 1003} | ret=SUCCESS |  
2019-08-21 12:27:54,768 | INFO  | DNAudit | user=null | ip=null | op=WRITE_CHUNK {blockData=conID: 2 locID: 102654965998682533 bcsId: 1003} | ret=SUCCESS |  
2019-08-21 12:27:54,770 | INFO  | DNAudit | user=null | ip=null | op=WRITE_CHUNK {blockData=conID: 2 locID: 102654965998682533 bcsId: 997} | ret=SUCCESS |  
2019-08-21 12:27:54,770 | INFO  | DNAudit | user=null | ip=null | op=WRITE_CHUNK {blockData=conID: 2 locID: 102654965998682533 bcsId: 997} | ret=SUCCESS |  
2019-08-21 12:27:54,771 | INFO  | DNAudit | user=null | ip=null | op=PUT_BLOCK {blockData=[blockId=conID: 2 locID: 102654965998682533 bcsId: 0,size=3145728]} | ret=SUCCESS |  
2019-08-21 12:27:54,771 | INFO  | DNAudit | user=null | ip=null | op=PUT_BLOCK {blockData=[blockId=conID: 2 locID: 102654965998682533 bcsId: 0,size=3145728]} | ret=SUCCESS |  
2019-08-21 12:27:54,771 | INFO  | DNAudit | user=null | ip=null | op=WRITE_CHUNK {blockData=conID: 2 locID: 102654965998682533 bcsId: 1003} | ret=SUCCESS |  
2019-08-21 12:27:54,772 | INFO  | DNAudit | user=null | ip=null | op=PUT_BLOCK {blockData=[blockId=conID: 2 locID: 102654965998682533 bcsId: 0,size=4194304]} | ret=SUCCESS |  
2019-08-21 12:27:54,772 [grpc-default-executor-1] INFO  client.GrpcClientProtocolClient (GrpcClientProtocolClient.java:onNext(255)) - client-C954105195FD->270584e6-a4a8-4db5-8151-214655ce1a56: receive RaftClientReply:client-C954105195FD->270584e6-a4a8-4db5-8151-214655ce1a56@group-787F5BA3AA67, cid=783, SUCCESS, logIndex=1006, commits[270584e6-a4a8-4db5-8151-214655ce1a56:c1007, af078b8b-61ec-497f-9506-472d46a72462:c1003, 09fb9ab4-1b8d-44c0-9f8c-50855c6f1fed:c1003]
2019-08-21 12:27:54,772 [grpc-default-executor-1] INFO  client.GrpcClientProtocolClient (GrpcClientProtocolClient.java:onNext(255)) - client-C954105195FD->270584e6-a4a8-4db5-8151-214655ce1a56: receive RaftClientReply:client-C954105195FD->270584e6-a4a8-4db5-8151-214655ce1a56@group-787F5BA3AA67, cid=784, SUCCESS, logIndex=1007, commits[270584e6-a4a8-4db5-8151-214655ce1a56:c1007, af078b8b-61ec-497f-9506-472d46a72462:c1003, 09fb9ab4-1b8d-44c0-9f8c-50855c6f1fed:c1003]
2019-08-21 12:27:54,783 | INFO  | DNAudit | user=null | ip=null | op=WRITE_CHUNK {blockData=conID: 2 locID: 102654965998682533 bcsId: 1003} | ret=SUCCESS |  
2019-08-21 12:27:54,783 | INFO  | DNAudit | user=null | ip=null | op=WRITE_CHUNK {blockData=conID: 2 locID: 102654965998682533 bcsId: 1003} | ret=SUCCESS |  
2019-08-21 12:27:54,784 | INFO  | DNAudit | user=null | ip=null | op=PUT_BLOCK {blockData=[blockId=conID: 2 locID: 102654965998682533 bcsId: 0,size=4194304]} | ret=SUCCESS |  
2019-08-21 12:27:54,784 | INFO  | DNAudit | user=null | ip=null | op=PUT_BLOCK {blockData=[blockId=conID: 2 locID: 102654965998682533 bcsId: 0,size=4194304]} | ret=SUCCESS |  
2019-08-21 12:27:54,785 [grpc-default-executor-1] INFO  client.GrpcClientProtocolClient (GrpcClientProtocolClient.java:onNext(255)) - client-C954105195FD->270584e6-a4a8-4db5-8151-214655ce1a56: receive RaftClientReply:client-C954105195FD->270584e6-a4a8-4db5-8151-214655ce1a56@group-787F5BA3AA67, cid=785, SUCCESS, logIndex=0, commits[270584e6-a4a8-4db5-8151-214655ce1a56:c1009, af078b8b-61ec-497f-9506-472d46a72462:c1007, 09fb9ab4-1b8d-44c0-9f8c-50855c6f1fed:c1007]
2019-08-21 12:27:54,791 | INFO  | DNAudit | user=null | ip=null | op=WRITE_CHUNK {blockData=conID: 3 locID: 102654965998682534 bcsId: 0} | ret=SUCCESS |  
2019-08-21 12:27:54,794 | INFO  | DNAudit | user=null | ip=null | op=WRITE_CHUNK {blockData=conID: 3 locID: 102654965998682534 bcsId: 0} | ret=SUCCESS |  
2019-08-21 12:27:54,794 | INFO  | DNAudit | user=null | ip=null | op=WRITE_CHUNK {blockData=conID: 3 locID: 102654965998682534 bcsId: 0} | ret=SUCCESS |  
2019-08-21 12:27:54,795 | INFO  | DNAudit | user=null | ip=null | op=WRITE_CHUNK {blockData=conID: 3 locID: 102654965998682534 bcsId: 0} | ret=SUCCESS |  
2019-08-21 12:27:54,798 | INFO  | DNAudit | user=null | ip=null | op=WRITE_CHUNK {blockData=conID: 3 locID: 102654965998682534 bcsId: 0} | ret=SUCCESS |  
2019-08-21 12:27:54,799 | INFO  | DNAudit | user=null | ip=null | op=WRITE_CHUNK {blockData=conID: 3 locID: 102654965998682534 bcsId: 0} | ret=SUCCESS |  
2019-08-21 12:27:54,804 | INFO  | DNAudit | user=null | ip=null | op=WRITE_CHUNK {blockData=conID: 3 locID: 102654965998682534 bcsId: 0} | ret=SUCCESS |  
2019-08-21 12:27:54,805 | INFO  | DNAudit | user=null | ip=null | op=PUT_BLOCK {blockData=[blockId=conID: 3 locID: 102654965998682534 bcsId: 0,size=1048576]} | ret=SUCCESS |  
2019-08-21 12:27:54,805 | INFO  | DNAudit | user=null | ip=null | op=WRITE_CHUNK {blockData=conID: 3 locID: 102654965998682534 bcsId: 0} | ret=SUCCESS |  
2019-08-21 12:27:54,806 | INFO  | DNAudit | user=null | ip=null | op=PUT_BLOCK {blockData=[blockId=conID: 3 locID: 102654965998682534 bcsId: 0,size=2097152]} | ret=SUCCESS |  
2019-08-21 12:27:54,806 | INFO  | DNAudit | user=null | ip=null | op=WRITE_CHUNK {blockData=conID: 3 locID: 102654965998682534 bcsId: 0} | ret=SUCCESS |  
2019-08-21 12:27:54,806 | INFO  | DNAudit | user=null | ip=null | op=WRITE_CHUNK {blockData=conID: 3 locID: 102654965998682534 bcsId: 0} | ret=SUCCESS |  
2019-08-21 12:27:54,807 | INFO  | DNAudit | user=null | ip=null | op=PUT_BLOCK {blockData=[blockId=conID: 3 locID: 102654965998682534 bcsId: 0,size=1048576]} | ret=SUCCESS |  
2019-08-21 12:27:54,807 [grpc-default-executor-2] INFO  client.GrpcClientProtocolClient (GrpcClientProtocolClient.java:onNext(255)) - client-C954105195FD->270584e6-a4a8-4db5-8151-214655ce1a56: receive RaftClientReply:client-C954105195FD->270584e6-a4a8-4db5-8151-214655ce1a56@group-787F5BA3AA67, cid=786, SUCCESS, logIndex=1010, commits[270584e6-a4a8-4db5-8151-214655ce1a56:c1011, af078b8b-61ec-497f-9506-472d46a72462:c1009, 09fb9ab4-1b8d-44c0-9f8c-50855c6f1fed:c1009]
2019-08-21 12:27:54,808 [grpc-default-executor-2] INFO  client.GrpcClientProtocolClient (GrpcClientProtocolClient.java:onNext(255)) - client-C954105195FD->270584e6-a4a8-4db5-8151-214655ce1a56: receive RaftClientReply:client-C954105195FD->270584e6-a4a8-4db5-8151-214655ce1a56@group-787F5BA3AA67, cid=787, SUCCESS, logIndex=1011, commits[270584e6-a4a8-4db5-8151-214655ce1a56:c1011, af078b8b-61ec-497f-9506-472d46a72462:c1009, 09fb9ab4-1b8d-44c0-9f8c-50855c6f1fed:c1009]
2019-08-21 12:27:54,808 [grpc-default-executor-2] INFO  client.GrpcClientProtocolClient (GrpcClientProtocolClient.java:onNext(255)) - client-C954105195FD->270584e6-a4a8-4db5-8151-214655ce1a56: receive RaftClientReply:client-C954105195FD->270584e6-a4a8-4db5-8151-214655ce1a56@group-787F5BA3AA67, cid=788, SUCCESS, logIndex=1012, commits[270584e6-a4a8-4db5-8151-214655ce1a56:c1013, af078b8b-61ec-497f-9506-472d46a72462:c1009, 09fb9ab4-1b8d-44c0-9f8c-50855c6f1fed:c1009]
2019-08-21 12:27:54,808 [grpc-default-executor-2] INFO  client.GrpcClientProtocolClient (GrpcClientProtocolClient.java:onNext(255)) - client-C954105195FD->270584e6-a4a8-4db5-8151-214655ce1a56: receive RaftClientReply:client-C954105195FD->270584e6-a4a8-4db5-8151-214655ce1a56@group-787F5BA3AA67, cid=789, SUCCESS, logIndex=1013, commits[270584e6-a4a8-4db5-8151-214655ce1a56:c1013, af078b8b-61ec-497f-9506-472d46a72462:c1009, 09fb9ab4-1b8d-44c0-9f8c-50855c6f1fed:c1009]
2019-08-21 12:27:54,808 | INFO  | DNAudit | user=null | ip=null | op=PUT_BLOCK {blockData=[blockId=conID: 3 locID: 102654965998682534 bcsId: 0,size=1048576]} | ret=SUCCESS |  
2019-08-21 12:27:54,809 | INFO  | DNAudit | user=null | ip=null | op=WRITE_CHUNK {blockData=conID: 3 locID: 102654965998682534 bcsId: 0} | ret=SUCCESS |  
2019-08-21 12:27:54,809 | INFO  | DNAudit | user=null | ip=null | op=PUT_BLOCK {blockData=[blockId=conID: 3 locID: 102654965998682534 bcsId: 0,size=2097152]} | ret=SUCCESS |  
2019-08-21 12:27:54,809 | INFO  | DNAudit | user=null | ip=null | op=WRITE_CHUNK {blockData=conID: 3 locID: 102654965998682534 bcsId: 0} | ret=SUCCESS |  
2019-08-21 12:27:54,809 | INFO  | DNAudit | user=null | ip=null | op=PUT_BLOCK {blockData=[blockId=conID: 3 locID: 102654965998682534 bcsId: 0,size=2097152]} | ret=SUCCESS |  
2019-08-21 12:27:54,809 [grpc-default-executor-2] INFO  client.GrpcClientProtocolClient (GrpcClientProtocolClient.java:onNext(255)) - client-C954105195FD->270584e6-a4a8-4db5-8151-214655ce1a56: receive RaftClientReply:client-C954105195FD->270584e6-a4a8-4db5-8151-214655ce1a56@group-787F5BA3AA67, cid=790, SUCCESS, logIndex=0, commits[270584e6-a4a8-4db5-8151-214655ce1a56:c1015, af078b8b-61ec-497f-9506-472d46a72462:c1011, 09fb9ab4-1b8d-44c0-9f8c-50855c6f1fed:c1011]
2019-08-21 12:27:54,815 | INFO  | DNAudit | user=null | ip=null | op=WRITE_CHUNK {blockData=conID: 3 locID: 102654965998682534 bcsId: 1013} | ret=SUCCESS |  
2019-08-21 12:27:54,819 | INFO  | DNAudit | user=null | ip=null | op=WRITE_CHUNK {blockData=conID: 3 locID: 102654965998682534 bcsId: 1013} | ret=SUCCESS |  
2019-08-21 12:27:54,819 | INFO  | DNAudit | user=null | ip=null | op=WRITE_CHUNK {blockData=conID: 3 locID: 102654965998682534 bcsId: 1013} | ret=SUCCESS |  
2019-08-21 12:27:54,821 | INFO  | DNAudit | user=null | ip=null | op=WRITE_CHUNK {blockData=conID: 3 locID: 102654965998682534 bcsId: 1013} | ret=SUCCESS |  
2019-08-21 12:27:54,821 | INFO  | DNAudit | user=null | ip=null | op=PUT_BLOCK {blockData=[blockId=conID: 3 locID: 102654965998682534 bcsId: 0,size=3145728]} | ret=SUCCESS |  
2019-08-21 12:27:54,821 [grpc-default-executor-4] INFO  client.GrpcClientProtocolClient (GrpcClientProtocolClient.java:onNext(255)) - client-C954105195FD->270584e6-a4a8-4db5-8151-214655ce1a56: receive RaftClientReply:client-C954105195FD->270584e6-a4a8-4db5-8151-214655ce1a56@group-787F5BA3AA67, cid=791, SUCCESS, logIndex=1017, commits[270584e6-a4a8-4db5-8151-214655ce1a56:c1018, af078b8b-61ec-497f-9506-472d46a72462:c1015, 09fb9ab4-1b8d-44c0-9f8c-50855c6f1fed:c1013]
2019-08-21 12:27:54,822 [grpc-default-executor-4] INFO  client.GrpcClientProtocolClient (GrpcClientProtocolClient.java:onNext(255)) - client-C954105195FD->270584e6-a4a8-4db5-8151-214655ce1a56: receive RaftClientReply:client-C954105195FD->270584e6-a4a8-4db5-8151-214655ce1a56@group-787F5BA3AA67, cid=792, SUCCESS, logIndex=1018, commits[270584e6-a4a8-4db5-8151-214655ce1a56:c1018, af078b8b-61ec-497f-9506-472d46a72462:c1015, 09fb9ab4-1b8d-44c0-9f8c-50855c6f1fed:c1015]
2019-08-21 12:27:54,823 | INFO  | DNAudit | user=null | ip=null | op=WRITE_CHUNK {blockData=conID: 3 locID: 102654965998682534 bcsId: 1013} | ret=SUCCESS |  
2019-08-21 12:27:54,823 | INFO  | DNAudit | user=null | ip=null | op=WRITE_CHUNK {blockData=conID: 3 locID: 102654965998682534 bcsId: 1013} | ret=SUCCESS |  
2019-08-21 12:27:54,823 | INFO  | DNAudit | user=null | ip=null | op=PUT_BLOCK {blockData=[blockId=conID: 3 locID: 102654965998682534 bcsId: 0,size=3145728]} | ret=SUCCESS |  
2019-08-21 12:27:54,823 | INFO  | DNAudit | user=null | ip=null | op=PUT_BLOCK {blockData=[blockId=conID: 3 locID: 102654965998682534 bcsId: 0,size=3145728]} | ret=SUCCESS |  
2019-08-21 12:27:54,828 | INFO  | DNAudit | user=null | ip=null | op=WRITE_CHUNK {blockData=conID: 3 locID: 102654965998682534 bcsId: 1018} | ret=SUCCESS |  
2019-08-21 12:27:54,831 | INFO  | DNAudit | user=null | ip=null | op=WRITE_CHUNK {blockData=conID: 3 locID: 102654965998682534 bcsId: 1018} | ret=SUCCESS |  
2019-08-21 12:27:54,831 | INFO  | DNAudit | user=null | ip=null | op=WRITE_CHUNK {blockData=conID: 3 locID: 102654965998682534 bcsId: 1018} | ret=SUCCESS |  
2019-08-21 12:27:54,834 | INFO  | DNAudit | user=null | ip=null | op=WRITE_CHUNK {blockData=conID: 3 locID: 102654965998682534 bcsId: 1018} | ret=SUCCESS |  
2019-08-21 12:27:54,834 | INFO  | DNAudit | user=null | ip=null | op=PUT_BLOCK {blockData=[blockId=conID: 3 locID: 102654965998682534 bcsId: 0,size=4194304]} | ret=SUCCESS |  
2019-08-21 12:27:54,835 [grpc-default-executor-2] INFO  client.GrpcClientProtocolClient (GrpcClientProtocolClient.java:onNext(255)) - client-C954105195FD->270584e6-a4a8-4db5-8151-214655ce1a56: receive RaftClientReply:client-C954105195FD->270584e6-a4a8-4db5-8151-214655ce1a56@group-787F5BA3AA67, cid=793, SUCCESS, logIndex=1020, commits[270584e6-a4a8-4db5-8151-214655ce1a56:c1021, af078b8b-61ec-497f-9506-472d46a72462:c1019, 09fb9ab4-1b8d-44c0-9f8c-50855c6f1fed:c1019]
2019-08-21 12:27:54,835 [grpc-default-executor-2] INFO  client.GrpcClientProtocolClient (GrpcClientProtocolClient.java:onNext(255)) - client-C954105195FD->270584e6-a4a8-4db5-8151-214655ce1a56: receive RaftClientReply:client-C954105195FD->270584e6-a4a8-4db5-8151-214655ce1a56@group-787F5BA3AA67, cid=794, SUCCESS, logIndex=1021, commits[270584e6-a4a8-4db5-8151-214655ce1a56:c1021, af078b8b-61ec-497f-9506-472d46a72462:c1019, 09fb9ab4-1b8d-44c0-9f8c-50855c6f1fed:c1019]
2019-08-21 12:27:54,836 | INFO  | DNAudit | user=null | ip=null | op=WRITE_CHUNK {blockData=conID: 3 locID: 102654965998682534 bcsId: 1018} | ret=SUCCESS |  
2019-08-21 12:27:54,836 | INFO  | DNAudit | user=null | ip=null | op=WRITE_CHUNK {blockData=conID: 3 locID: 102654965998682534 bcsId: 1018} | ret=SUCCESS |  
2019-08-21 12:27:54,836 | INFO  | DNAudit | user=null | ip=null | op=PUT_BLOCK {blockData=[blockId=conID: 3 locID: 102654965998682534 bcsId: 0,size=4194304]} | ret=SUCCESS |  
2019-08-21 12:27:54,836 | INFO  | DNAudit | user=null | ip=null | op=PUT_BLOCK {blockData=[blockId=conID: 3 locID: 102654965998682534 bcsId: 0,size=4194304]} | ret=SUCCESS |  
2019-08-21 12:27:54,836 [grpc-default-executor-2] INFO  client.GrpcClientProtocolClient (GrpcClientProtocolClient.java:onNext(255)) - client-C954105195FD->270584e6-a4a8-4db5-8151-214655ce1a56: receive RaftClientReply:client-C954105195FD->270584e6-a4a8-4db5-8151-214655ce1a56@group-787F5BA3AA67, cid=795, SUCCESS, logIndex=0, commits[270584e6-a4a8-4db5-8151-214655ce1a56:c1022, af078b8b-61ec-497f-9506-472d46a72462:c1021, 09fb9ab4-1b8d-44c0-9f8c-50855c6f1fed:c1021]
2019-08-21 12:27:54,843 | INFO  | DNAudit | user=null | ip=null | op=WRITE_CHUNK {blockData=conID: 1 locID: 102654965998682535 bcsId: 0} | ret=SUCCESS |  
2019-08-21 12:27:54,845 | INFO  | DNAudit | user=null | ip=null | op=WRITE_CHUNK {blockData=conID: 1 locID: 102654965998682535 bcsId: 0} | ret=SUCCESS |  
2019-08-21 12:27:54,846 | INFO  | DNAudit | user=null | ip=null | op=WRITE_CHUNK {blockData=conID: 1 locID: 102654965998682535 bcsId: 0} | ret=SUCCESS |  
2019-08-21 12:27:54,846 | INFO  | DNAudit | user=null | ip=null | op=WRITE_CHUNK {blockData=conID: 1 locID: 102654965998682535 bcsId: 0} | ret=SUCCESS |  
2019-08-21 12:27:54,848 | INFO  | DNAudit | user=null | ip=null | op=WRITE_CHUNK {blockData=conID: 1 locID: 102654965998682535 bcsId: 0} | ret=SUCCESS |  
2019-08-21 12:27:54,848 | INFO  | DNAudit | user=null | ip=null | op=WRITE_CHUNK {blockData=conID: 1 locID: 102654965998682535 bcsId: 0} | ret=SUCCESS |  
2019-08-21 12:27:54,848 | INFO  | DNAudit | user=null | ip=null | op=WRITE_CHUNK {blockData=conID: 1 locID: 102654965998682535 bcsId: 0} | ret=SUCCESS |  
2019-08-21 12:27:54,849 | INFO  | DNAudit | user=null | ip=null | op=PUT_BLOCK {blockData=[blockId=conID: 1 locID: 102654965998682535 bcsId: 0,size=1048576]} | ret=SUCCESS |  
2019-08-21 12:27:54,849 [grpc-default-executor-4] INFO  client.GrpcClientProtocolClient (GrpcClientProtocolClient.java:onNext(255)) - client-C954105195FD->270584e6-a4a8-4db5-8151-214655ce1a56: receive RaftClientReply:client-C954105195FD->270584e6-a4a8-4db5-8151-214655ce1a56@group-787F5BA3AA67, cid=796, SUCCESS, logIndex=1024, commits[270584e6-a4a8-4db5-8151-214655ce1a56:c1025, af078b8b-61ec-497f-9506-472d46a72462:c1023, 09fb9ab4-1b8d-44c0-9f8c-50855c6f1fed:c1023]
2019-08-21 12:27:54,850 | INFO  | DNAudit | user=null | ip=null | op=WRITE_CHUNK {blockData=conID: 1 locID: 102654965998682535 bcsId: 0} | ret=SUCCESS |  
2019-08-21 12:27:54,850 | INFO  | DNAudit | user=null | ip=null | op=PUT_BLOCK {blockData=[blockId=conID: 1 locID: 102654965998682535 bcsId: 0,size=2097152]} | ret=SUCCESS |  
2019-08-21 12:27:54,850 | INFO  | DNAudit | user=null | ip=null | op=WRITE_CHUNK {blockData=conID: 1 locID: 102654965998682535 bcsId: 0} | ret=SUCCESS |  
2019-08-21 12:27:54,850 [grpc-default-executor-4] INFO  client.GrpcClientProtocolClient (GrpcClientProtocolClient.java:onNext(255)) - client-C954105195FD->270584e6-a4a8-4db5-8151-214655ce1a56: receive RaftClientReply:client-C954105195FD->270584e6-a4a8-4db5-8151-214655ce1a56@group-787F5BA3AA67, cid=797, SUCCESS, logIndex=1025, commits[270584e6-a4a8-4db5-8151-214655ce1a56:c1025, af078b8b-61ec-497f-9506-472d46a72462:c1023, 09fb9ab4-1b8d-44c0-9f8c-50855c6f1fed:c1023]
2019-08-21 12:27:54,850 | INFO  | DNAudit | user=null | ip=null | op=PUT_BLOCK {blockData=[blockId=conID: 1 locID: 102654965998682535 bcsId: 0,size=1048576]} | ret=SUCCESS |  
2019-08-21 12:27:54,851 | INFO  | DNAudit | user=null | ip=null | op=WRITE_CHUNK {blockData=conID: 1 locID: 102654965998682535 bcsId: 0} | ret=SUCCESS |  
2019-08-21 12:27:54,850 [grpc-default-executor-2] INFO  client.GrpcClientProtocolClient (GrpcClientProtocolClient.java:onNext(255)) - client-C954105195FD->270584e6-a4a8-4db5-8151-214655ce1a56: receive RaftClientReply:client-C954105195FD->270584e6-a4a8-4db5-8151-214655ce1a56@group-787F5BA3AA67, cid=798, SUCCESS, logIndex=1026, commits[270584e6-a4a8-4db5-8151-214655ce1a56:c1027, af078b8b-61ec-497f-9506-472d46a72462:c1023, 09fb9ab4-1b8d-44c0-9f8c-50855c6f1fed:c1023]
2019-08-21 12:27:54,851 | INFO  | DNAudit | user=null | ip=null | op=PUT_BLOCK {blockData=[blockId=conID: 1 locID: 102654965998682535 bcsId: 0,size=1048576]} | ret=SUCCESS |  
2019-08-21 12:27:54,851 | INFO  | DNAudit | user=null | ip=null | op=WRITE_CHUNK {blockData=conID: 1 locID: 102654965998682535 bcsId: 0} | ret=SUCCESS |  
2019-08-21 12:27:54,851 [grpc-default-executor-2] INFO  client.GrpcClientProtocolClient (GrpcClientProtocolClient.java:onNext(255)) - client-C954105195FD->270584e6-a4a8-4db5-8151-214655ce1a56: receive RaftClientReply:client-C954105195FD->270584e6-a4a8-4db5-8151-214655ce1a56@group-787F5BA3AA67, cid=799, SUCCESS, logIndex=1027, commits[270584e6-a4a8-4db5-8151-214655ce1a56:c1027, af078b8b-61ec-497f-9506-472d46a72462:c1023, 09fb9ab4-1b8d-44c0-9f8c-50855c6f1fed:c1023]
2019-08-21 12:27:54,851 | INFO  | DNAudit | user=null | ip=null | op=PUT_BLOCK {blockData=[blockId=conID: 1 locID: 102654965998682535 bcsId: 0,size=2097152]} | ret=SUCCESS |  
2019-08-21 12:27:54,852 [grpc-default-executor-2] INFO  client.GrpcClientProtocolClient (GrpcClientProtocolClient.java:onNext(255)) - client-C954105195FD->270584e6-a4a8-4db5-8151-214655ce1a56: receive RaftClientReply:client-C954105195FD->270584e6-a4a8-4db5-8151-214655ce1a56@group-787F5BA3AA67, cid=800, SUCCESS, logIndex=0, commits[270584e6-a4a8-4db5-8151-214655ce1a56:c1030, af078b8b-61ec-497f-9506-472d46a72462:c1025, 09fb9ab4-1b8d-44c0-9f8c-50855c6f1fed:c1027]
2019-08-21 12:27:54,852 | INFO  | DNAudit | user=null | ip=null | op=WRITE_CHUNK {blockData=conID: 1 locID: 102654965998682535 bcsId: 0} | ret=SUCCESS |  
2019-08-21 12:27:54,853 | INFO  | DNAudit | user=null | ip=null | op=PUT_BLOCK {blockData=[blockId=conID: 1 locID: 102654965998682535 bcsId: 0,size=2097152]} | ret=SUCCESS |  
2019-08-21 12:27:54,858 | INFO  | DNAudit | user=null | ip=null | op=WRITE_CHUNK {blockData=conID: 1 locID: 102654965998682535 bcsId: 1027} | ret=SUCCESS |  
2019-08-21 12:27:54,860 | INFO  | DNAudit | user=null | ip=null | op=WRITE_CHUNK {blockData=conID: 1 locID: 102654965998682535 bcsId: 1027} | ret=SUCCESS |  
2019-08-21 12:27:54,861 | INFO  | DNAudit | user=null | ip=null | op=WRITE_CHUNK {blockData=conID: 1 locID: 102654965998682535 bcsId: 1027} | ret=SUCCESS |  
2019-08-21 12:27:54,876 | INFO  | DNAudit | user=null | ip=null | op=WRITE_CHUNK {blockData=conID: 1 locID: 102654965998682535 bcsId: 1027} | ret=SUCCESS |  
2019-08-21 12:27:54,876 | INFO  | DNAudit | user=null | ip=null | op=PUT_BLOCK {blockData=[blockId=conID: 1 locID: 102654965998682535 bcsId: 0,size=3145728]} | ret=SUCCESS |  
2019-08-21 12:27:54,876 [grpc-default-executor-2] INFO  client.GrpcClientProtocolClient (GrpcClientProtocolClient.java:onNext(255)) - client-C954105195FD->270584e6-a4a8-4db5-8151-214655ce1a56: receive RaftClientReply:client-C954105195FD->270584e6-a4a8-4db5-8151-214655ce1a56@group-787F5BA3AA67, cid=801, SUCCESS, logIndex=1032, commits[270584e6-a4a8-4db5-8151-214655ce1a56:c1033, af078b8b-61ec-497f-9506-472d46a72462:c1031, 09fb9ab4-1b8d-44c0-9f8c-50855c6f1fed:c1031]
2019-08-21 12:27:54,877 [grpc-default-executor-2] INFO  client.GrpcClientProtocolClient (GrpcClientProtocolClient.java:onNext(255)) - client-C954105195FD->270584e6-a4a8-4db5-8151-214655ce1a56: receive RaftClientReply:client-C954105195FD->270584e6-a4a8-4db5-8151-214655ce1a56@group-787F5BA3AA67, cid=802, SUCCESS, logIndex=1033, commits[270584e6-a4a8-4db5-8151-214655ce1a56:c1033, af078b8b-61ec-497f-9506-472d46a72462:c1031, 09fb9ab4-1b8d-44c0-9f8c-50855c6f1fed:c1031]
2019-08-21 12:27:54,883 | INFO  | DNAudit | user=null | ip=null | op=WRITE_CHUNK {blockData=conID: 1 locID: 102654965998682535 bcsId: 1033} | ret=SUCCESS |  
2019-08-21 12:27:54,885 | INFO  | DNAudit | user=null | ip=null | op=WRITE_CHUNK {blockData=conID: 1 locID: 102654965998682535 bcsId: 1033} | ret=SUCCESS |  
2019-08-21 12:27:54,886 | INFO  | DNAudit | user=null | ip=null | op=WRITE_CHUNK {blockData=conID: 1 locID: 102654965998682535 bcsId: 1033} | ret=SUCCESS |  
2019-08-21 12:27:54,887 | INFO  | DNAudit | user=null | ip=null | op=WRITE_CHUNK {blockData=conID: 1 locID: 102654965998682535 bcsId: 1027} | ret=SUCCESS |  
2019-08-21 12:27:54,887 | INFO  | DNAudit | user=null | ip=null | op=WRITE_CHUNK {blockData=conID: 1 locID: 102654965998682535 bcsId: 1027} | ret=SUCCESS |  
2019-08-21 12:27:54,887 | INFO  | DNAudit | user=null | ip=null | op=PUT_BLOCK {blockData=[blockId=conID: 1 locID: 102654965998682535 bcsId: 0,size=3145728]} | ret=SUCCESS |  
2019-08-21 12:27:54,891 | INFO  | DNAudit | user=null | ip=null | op=PUT_BLOCK {blockData=[blockId=conID: 1 locID: 102654965998682535 bcsId: 0,size=3145728]} | ret=SUCCESS |  
2019-08-21 12:27:54,892 | INFO  | DNAudit | user=null | ip=null | op=WRITE_CHUNK {blockData=conID: 1 locID: 102654965998682535 bcsId: 1033} | ret=SUCCESS |  
2019-08-21 12:27:54,892 | INFO  | DNAudit | user=null | ip=null | op=PUT_BLOCK {blockData=[blockId=conID: 1 locID: 102654965998682535 bcsId: 0,size=4194304]} | ret=SUCCESS |  
2019-08-21 12:27:54,893 [grpc-default-executor-1] INFO  client.GrpcClientProtocolClient (GrpcClientProtocolClient.java:onNext(255)) - client-C954105195FD->270584e6-a4a8-4db5-8151-214655ce1a56: receive RaftClientReply:client-C954105195FD->270584e6-a4a8-4db5-8151-214655ce1a56@group-787F5BA3AA67, cid=803, SUCCESS, logIndex=1036, commits[270584e6-a4a8-4db5-8151-214655ce1a56:c1037, af078b8b-61ec-497f-9506-472d46a72462:c1033, 09fb9ab4-1b8d-44c0-9f8c-50855c6f1fed:c1033]
2019-08-21 12:27:54,893 [grpc-default-executor-1] INFO  client.GrpcClientProtocolClient (GrpcClientProtocolClient.java:onNext(255)) - client-C954105195FD->270584e6-a4a8-4db5-8151-214655ce1a56: receive RaftClientReply:client-C954105195FD->270584e6-a4a8-4db5-8151-214655ce1a56@group-787F5BA3AA67, cid=804, SUCCESS, logIndex=1037, commits[270584e6-a4a8-4db5-8151-214655ce1a56:c1037, af078b8b-61ec-497f-9506-472d46a72462:c1033, 09fb9ab4-1b8d-44c0-9f8c-50855c6f1fed:c1033]
2019-08-21 12:27:54,908 | INFO  | DNAudit | user=null | ip=null | op=WRITE_CHUNK {blockData=conID: 1 locID: 102654965998682535 bcsId: 1033} | ret=SUCCESS |  
2019-08-21 12:27:54,908 | INFO  | DNAudit | user=null | ip=null | op=WRITE_CHUNK {blockData=conID: 1 locID: 102654965998682535 bcsId: 1033} | ret=SUCCESS |  
2019-08-21 12:27:54,909 | INFO  | DNAudit | user=null | ip=null | op=PUT_BLOCK {blockData=[blockId=conID: 1 locID: 102654965998682535 bcsId: 0,size=4194304]} | ret=SUCCESS |  
2019-08-21 12:27:54,909 | INFO  | DNAudit | user=null | ip=null | op=PUT_BLOCK {blockData=[blockId=conID: 1 locID: 102654965998682535 bcsId: 0,size=4194304]} | ret=SUCCESS |  
2019-08-21 12:27:54,910 [grpc-default-executor-1] INFO  client.GrpcClientProtocolClient (GrpcClientProtocolClient.java:onNext(255)) - client-C954105195FD->270584e6-a4a8-4db5-8151-214655ce1a56: receive RaftClientReply:client-C954105195FD->270584e6-a4a8-4db5-8151-214655ce1a56@group-787F5BA3AA67, cid=805, SUCCESS, logIndex=0, commits[270584e6-a4a8-4db5-8151-214655ce1a56:c1039, af078b8b-61ec-497f-9506-472d46a72462:c1037, 09fb9ab4-1b8d-44c0-9f8c-50855c6f1fed:c1037]
2019-08-21 12:27:54,912 | INFO  | SCMAudit | user=jenkins1000 | ip=192.168.34.23 | op=SEND_HEARTBEAT {datanodeUUID=39ae8c09-9b4b-4ddc-906b-4e52d104e1b1, command=[]} | ret=SUCCESS |  
2019-08-21 12:27:54,917 | INFO  | DNAudit | user=null | ip=null | op=WRITE_CHUNK {blockData=conID: 2 locID: 102654965998682536 bcsId: 0} | ret=SUCCESS |  
2019-08-21 12:27:54,921 | INFO  | DNAudit | user=null | ip=null | op=WRITE_CHUNK {blockData=conID: 2 locID: 102654965998682536 bcsId: 0} | ret=SUCCESS |  
2019-08-21 12:27:54,922 | INFO  | DNAudit | user=null | ip=null | op=WRITE_CHUNK {blockData=conID: 2 locID: 102654965998682536 bcsId: 0} | ret=SUCCESS |  
2019-08-21 12:27:54,922 | INFO  | DNAudit | user=null | ip=null | op=WRITE_CHUNK {blockData=conID: 2 locID: 102654965998682536 bcsId: 0} | ret=SUCCESS |  
2019-08-21 12:27:54,925 | INFO  | DNAudit | user=null | ip=null | op=WRITE_CHUNK {blockData=conID: 2 locID: 102654965998682536 bcsId: 0} | ret=SUCCESS |  
2019-08-21 12:27:54,925 | INFO  | DNAudit | user=null | ip=null | op=WRITE_CHUNK {blockData=conID: 2 locID: 102654965998682536 bcsId: 0} | ret=SUCCESS |  
2019-08-21 12:27:54,929 | INFO  | DNAudit | user=null | ip=null | op=WRITE_CHUNK {blockData=conID: 2 locID: 102654965998682536 bcsId: 0} | ret=SUCCESS |  
2019-08-21 12:27:54,930 | INFO  | DNAudit | user=null | ip=null | op=PUT_BLOCK {blockData=[blockId=conID: 2 locID: 102654965998682536 bcsId: 0,size=1048576]} | ret=SUCCESS |  
2019-08-21 12:27:54,931 | INFO  | DNAudit | user=null | ip=null | op=WRITE_CHUNK {blockData=conID: 2 locID: 102654965998682536 bcsId: 0} | ret=SUCCESS |  
2019-08-21 12:27:54,931 [grpc-default-executor-5] INFO  client.GrpcClientProtocolClient (GrpcClientProtocolClient.java:onNext(255)) - client-C954105195FD->270584e6-a4a8-4db5-8151-214655ce1a56: receive RaftClientReply:client-C954105195FD->270584e6-a4a8-4db5-8151-214655ce1a56@group-787F5BA3AA67, cid=806, SUCCESS, logIndex=1040, commits[270584e6-a4a8-4db5-8151-214655ce1a56:c1041, af078b8b-61ec-497f-9506-472d46a72462:c1039, 09fb9ab4-1b8d-44c0-9f8c-50855c6f1fed:c1039]
2019-08-21 12:27:54,931 | INFO  | DNAudit | user=null | ip=null | op=PUT_BLOCK {blockData=[blockId=conID: 2 locID: 102654965998682536 bcsId: 0,size=2097152]} | ret=SUCCESS |  
2019-08-21 12:27:54,931 | INFO  | DNAudit | user=null | ip=null | op=WRITE_CHUNK {blockData=conID: 2 locID: 102654965998682536 bcsId: 0} | ret=SUCCESS |  
2019-08-21 12:27:54,931 [grpc-default-executor-5] INFO  client.GrpcClientProtocolClient (GrpcClientProtocolClient.java:onNext(255)) - client-C954105195FD->270584e6-a4a8-4db5-8151-214655ce1a56: receive RaftClientReply:client-C954105195FD->270584e6-a4a8-4db5-8151-214655ce1a56@group-787F5BA3AA67, cid=807, SUCCESS, logIndex=1041, commits[270584e6-a4a8-4db5-8151-214655ce1a56:c1041, af078b8b-61ec-497f-9506-472d46a72462:c1039, 09fb9ab4-1b8d-44c0-9f8c-50855c6f1fed:c1039]
2019-08-21 12:27:54,931 | INFO  | DNAudit | user=null | ip=null | op=PUT_BLOCK {blockData=[blockId=conID: 2 locID: 102654965998682536 bcsId: 0,size=1048576]} | ret=SUCCESS |  
2019-08-21 12:27:54,932 [grpc-default-executor-5] INFO  client.GrpcClientProtocolClient (GrpcClientProtocolClient.java:onNext(255)) - client-C954105195FD->270584e6-a4a8-4db5-8151-214655ce1a56: receive RaftClientReply:client-C954105195FD->270584e6-a4a8-4db5-8151-214655ce1a56@group-787F5BA3AA67, cid=808, SUCCESS, logIndex=1042, commits[270584e6-a4a8-4db5-8151-214655ce1a56:c1043, af078b8b-61ec-497f-9506-472d46a72462:c1039, 09fb9ab4-1b8d-44c0-9f8c-50855c6f1fed:c1039]
2019-08-21 12:27:54,932 | INFO  | DNAudit | user=null | ip=null | op=WRITE_CHUNK {blockData=conID: 2 locID: 102654965998682536 bcsId: 0} | ret=SUCCESS |  
2019-08-21 12:27:54,932 | INFO  | DNAudit | user=null | ip=null | op=PUT_BLOCK {blockData=[blockId=conID: 2 locID: 102654965998682536 bcsId: 0,size=1048576]} | ret=SUCCESS |  
2019-08-21 12:27:54,932 [grpc-default-executor-4] INFO  client.GrpcClientProtocolClient (GrpcClientProtocolClient.java:onNext(255)) - client-C954105195FD->270584e6-a4a8-4db5-8151-214655ce1a56: receive RaftClientReply:client-C954105195FD->270584e6-a4a8-4db5-8151-214655ce1a56@group-787F5BA3AA67, cid=809, SUCCESS, logIndex=1043, commits[270584e6-a4a8-4db5-8151-214655ce1a56:c1043, af078b8b-61ec-497f-9506-472d46a72462:c1039, 09fb9ab4-1b8d-44c0-9f8c-50855c6f1fed:c1039]
2019-08-21 12:27:54,932 | INFO  | DNAudit | user=null | ip=null | op=WRITE_CHUNK {blockData=conID: 2 locID: 102654965998682536 bcsId: 0} | ret=SUCCESS |  
2019-08-21 12:27:54,933 | INFO  | DNAudit | user=null | ip=null | op=PUT_BLOCK {blockData=[blockId=conID: 2 locID: 102654965998682536 bcsId: 0,size=2097152]} | ret=SUCCESS |  
2019-08-21 12:27:54,933 | INFO  | DNAudit | user=null | ip=null | op=WRITE_CHUNK {blockData=conID: 2 locID: 102654965998682536 bcsId: 0} | ret=SUCCESS |  
2019-08-21 12:27:54,933 | INFO  | DNAudit | user=null | ip=null | op=PUT_BLOCK {blockData=[blockId=conID: 2 locID: 102654965998682536 bcsId: 0,size=2097152]} | ret=SUCCESS |  
2019-08-21 12:27:54,934 [grpc-default-executor-4] INFO  client.GrpcClientProtocolClient (GrpcClientProtocolClient.java:onNext(255)) - client-C954105195FD->270584e6-a4a8-4db5-8151-214655ce1a56: receive RaftClientReply:client-C954105195FD->270584e6-a4a8-4db5-8151-214655ce1a56@group-787F5BA3AA67, cid=810, SUCCESS, logIndex=0, commits[270584e6-a4a8-4db5-8151-214655ce1a56:c1046, af078b8b-61ec-497f-9506-472d46a72462:c1041, 09fb9ab4-1b8d-44c0-9f8c-50855c6f1fed:c1043]
2019-08-21 12:27:54,942 | INFO  | DNAudit | user=null | ip=null | op=WRITE_CHUNK {blockData=conID: 2 locID: 102654965998682536 bcsId: 1043} | ret=SUCCESS |  
2019-08-21 12:27:54,944 | INFO  | DNAudit | user=null | ip=null | op=WRITE_CHUNK {blockData=conID: 2 locID: 102654965998682536 bcsId: 1043} | ret=SUCCESS |  
2019-08-21 12:27:54,945 | INFO  | DNAudit | user=null | ip=null | op=WRITE_CHUNK {blockData=conID: 2 locID: 102654965998682536 bcsId: 1043} | ret=SUCCESS |  
2019-08-21 12:27:54,955 | INFO  | DNAudit | user=null | ip=null | op=WRITE_CHUNK {blockData=conID: 2 locID: 102654965998682536 bcsId: 1043} | ret=SUCCESS |  
2019-08-21 12:27:54,955 | INFO  | DNAudit | user=null | ip=null | op=PUT_BLOCK {blockData=[blockId=conID: 2 locID: 102654965998682536 bcsId: 0,size=3145728]} | ret=SUCCESS |  
2019-08-21 12:27:54,956 [grpc-default-executor-5] INFO  client.GrpcClientProtocolClient (GrpcClientProtocolClient.java:onNext(255)) - client-C954105195FD->270584e6-a4a8-4db5-8151-214655ce1a56: receive RaftClientReply:client-C954105195FD->270584e6-a4a8-4db5-8151-214655ce1a56@group-787F5BA3AA67, cid=811, SUCCESS, logIndex=1047, commits[270584e6-a4a8-4db5-8151-214655ce1a56:c1048, af078b8b-61ec-497f-9506-472d46a72462:c1046, 09fb9ab4-1b8d-44c0-9f8c-50855c6f1fed:c1046]
2019-08-21 12:27:54,956 [grpc-default-executor-5] INFO  client.GrpcClientProtocolClient (GrpcClientProtocolClient.java:onNext(255)) - client-C954105195FD->270584e6-a4a8-4db5-8151-214655ce1a56: receive RaftClientReply:client-C954105195FD->270584e6-a4a8-4db5-8151-214655ce1a56@group-787F5BA3AA67, cid=812, SUCCESS, logIndex=1048, commits[270584e6-a4a8-4db5-8151-214655ce1a56:c1048, af078b8b-61ec-497f-9506-472d46a72462:c1046, 09fb9ab4-1b8d-44c0-9f8c-50855c6f1fed:c1046]
2019-08-21 12:27:54,963 | INFO  | DNAudit | user=null | ip=null | op=WRITE_CHUNK {blockData=conID: 2 locID: 102654965998682536 bcsId: 1048} | ret=SUCCESS |  
2019-08-21 12:27:54,966 | INFO  | DNAudit | user=null | ip=null | op=WRITE_CHUNK {blockData=conID: 2 locID: 102654965998682536 bcsId: 1048} | ret=SUCCESS |  
2019-08-21 12:27:54,966 | INFO  | DNAudit | user=null | ip=null | op=WRITE_CHUNK {blockData=conID: 2 locID: 102654965998682536 bcsId: 1043} | ret=SUCCESS |  
2019-08-21 12:27:54,966 | INFO  | DNAudit | user=null | ip=null | op=WRITE_CHUNK {blockData=conID: 2 locID: 102654965998682536 bcsId: 1043} | ret=SUCCESS |  
2019-08-21 12:27:54,967 | INFO  | DNAudit | user=null | ip=null | op=PUT_BLOCK {blockData=[blockId=conID: 2 locID: 102654965998682536 bcsId: 0,size=3145728]} | ret=SUCCESS |  
2019-08-21 12:27:54,967 | INFO  | DNAudit | user=null | ip=null | op=PUT_BLOCK {blockData=[blockId=conID: 2 locID: 102654965998682536 bcsId: 0,size=3145728]} | ret=SUCCESS |  
2019-08-21 12:27:54,967 | INFO  | DNAudit | user=null | ip=null | op=WRITE_CHUNK {blockData=conID: 2 locID: 102654965998682536 bcsId: 1048} | ret=SUCCESS |  
2019-08-21 12:27:54,968 | INFO  | DNAudit | user=null | ip=null | op=WRITE_CHUNK {blockData=conID: 2 locID: 102654965998682536 bcsId: 1048} | ret=SUCCESS |  
2019-08-21 12:27:54,968 | INFO  | DNAudit | user=null | ip=null | op=PUT_BLOCK {blockData=[blockId=conID: 2 locID: 102654965998682536 bcsId: 0,size=4194304]} | ret=SUCCESS |  
2019-08-21 12:27:54,969 [grpc-default-executor-4] INFO  client.GrpcClientProtocolClient (GrpcClientProtocolClient.java:onNext(255)) - client-C954105195FD->270584e6-a4a8-4db5-8151-214655ce1a56: receive RaftClientReply:client-C954105195FD->270584e6-a4a8-4db5-8151-214655ce1a56@group-787F5BA3AA67, cid=813, SUCCESS, logIndex=1051, commits[270584e6-a4a8-4db5-8151-214655ce1a56:c1052, af078b8b-61ec-497f-9506-472d46a72462:c1048, 09fb9ab4-1b8d-44c0-9f8c-50855c6f1fed:c1048]
2019-08-21 12:27:54,969 [grpc-default-executor-4] INFO  client.GrpcClientProtocolClient (GrpcClientProtocolClient.java:onNext(255)) - client-C954105195FD->270584e6-a4a8-4db5-8151-214655ce1a56: receive RaftClientReply:client-C954105195FD->270584e6-a4a8-4db5-8151-214655ce1a56@group-787F5BA3AA67, cid=814, SUCCESS, logIndex=1052, commits[270584e6-a4a8-4db5-8151-214655ce1a56:c1052, af078b8b-61ec-497f-9506-472d46a72462:c1048, 09fb9ab4-1b8d-44c0-9f8c-50855c6f1fed:c1048]
2019-08-21 12:27:54,969 | INFO  | DNAudit | user=null | ip=null | op=WRITE_CHUNK {blockData=conID: 2 locID: 102654965998682536 bcsId: 1048} | ret=SUCCESS |  
2019-08-21 12:27:54,970 | INFO  | DNAudit | user=null | ip=null | op=WRITE_CHUNK {blockData=conID: 2 locID: 102654965998682536 bcsId: 1048} | ret=SUCCESS |  
2019-08-21 12:27:54,971 | INFO  | DNAudit | user=null | ip=null | op=PUT_BLOCK {blockData=[blockId=conID: 2 locID: 102654965998682536 bcsId: 0,size=4194304]} | ret=SUCCESS |  
2019-08-21 12:27:54,971 | INFO  | DNAudit | user=null | ip=null | op=PUT_BLOCK {blockData=[blockId=conID: 2 locID: 102654965998682536 bcsId: 0,size=4194304]} | ret=SUCCESS |  
2019-08-21 12:27:54,972 [grpc-default-executor-4] INFO  client.GrpcClientProtocolClient (GrpcClientProtocolClient.java:onNext(255)) - client-C954105195FD->270584e6-a4a8-4db5-8151-214655ce1a56: receive RaftClientReply:client-C954105195FD->270584e6-a4a8-4db5-8151-214655ce1a56@group-787F5BA3AA67, cid=815, SUCCESS, logIndex=0, commits[270584e6-a4a8-4db5-8151-214655ce1a56:c1054, af078b8b-61ec-497f-9506-472d46a72462:c1052, 09fb9ab4-1b8d-44c0-9f8c-50855c6f1fed:c1052]
2019-08-21 12:27:54,980 | INFO  | DNAudit | user=null | ip=null | op=WRITE_CHUNK {blockData=conID: 3 locID: 102654965998682537 bcsId: 0} | ret=SUCCESS |  
2019-08-21 12:27:54,982 | INFO  | DNAudit | user=null | ip=null | op=WRITE_CHUNK {blockData=conID: 3 locID: 102654965998682537 bcsId: 0} | ret=SUCCESS |  
2019-08-21 12:27:54,983 | INFO  | DNAudit | user=null | ip=null | op=WRITE_CHUNK {blockData=conID: 3 locID: 102654965998682537 bcsId: 0} | ret=SUCCESS |  
2019-08-21 12:27:54,983 | INFO  | DNAudit | user=null | ip=null | op=WRITE_CHUNK {blockData=conID: 3 locID: 102654965998682537 bcsId: 0} | ret=SUCCESS |  
2019-08-21 12:27:54,984 | INFO  | SCMAudit | user=jenkins1000 | ip=192.168.34.23 | op=SEND_HEARTBEAT {datanodeUUID=0aa4def6-fe9f-4182-b0b1-80406548816f, command=[]} | ret=SUCCESS |  
2019-08-21 12:27:54,985 | INFO  | DNAudit | user=null | ip=null | op=WRITE_CHUNK {blockData=conID: 3 locID: 102654965998682537 bcsId: 0} | ret=SUCCESS |  
2019-08-21 12:27:54,986 | INFO  | DNAudit | user=null | ip=null | op=WRITE_CHUNK {blockData=conID: 3 locID: 102654965998682537 bcsId: 0} | ret=SUCCESS |  
2019-08-21 12:27:54,993 | INFO  | DNAudit | user=null | ip=null | op=WRITE_CHUNK {blockData=conID: 3 locID: 102654965998682537 bcsId: 0} | ret=SUCCESS |  
2019-08-21 12:27:54,994 | INFO  | DNAudit | user=null | ip=null | op=PUT_BLOCK {blockData=[blockId=conID: 3 locID: 102654965998682537 bcsId: 0,size=1048576]} | ret=SUCCESS |  
2019-08-21 12:27:54,994 | INFO  | DNAudit | user=null | ip=null | op=WRITE_CHUNK {blockData=conID: 3 locID: 102654965998682537 bcsId: 0} | ret=SUCCESS |  
2019-08-21 12:27:54,994 [grpc-default-executor-5] INFO  client.GrpcClientProtocolClient (GrpcClientProtocolClient.java:onNext(255)) - client-C954105195FD->270584e6-a4a8-4db5-8151-214655ce1a56: receive RaftClientReply:client-C954105195FD->270584e6-a4a8-4db5-8151-214655ce1a56@group-787F5BA3AA67, cid=816, SUCCESS, logIndex=1055, commits[270584e6-a4a8-4db5-8151-214655ce1a56:c1056, af078b8b-61ec-497f-9506-472d46a72462:c1054, 09fb9ab4-1b8d-44c0-9f8c-50855c6f1fed:c1054]
2019-08-21 12:27:54,994 | INFO  | DNAudit | user=null | ip=null | op=PUT_BLOCK {blockData=[blockId=conID: 3 locID: 102654965998682537 bcsId: 0,size=2097152]} | ret=SUCCESS |  
2019-08-21 12:27:54,995 [grpc-default-executor-5] INFO  client.GrpcClientProtocolClient (GrpcClientProtocolClient.java:onNext(255)) - client-C954105195FD->270584e6-a4a8-4db5-8151-214655ce1a56: receive RaftClientReply:client-C954105195FD->270584e6-a4a8-4db5-8151-214655ce1a56@group-787F5BA3AA67, cid=817, SUCCESS, logIndex=1056, commits[270584e6-a4a8-4db5-8151-214655ce1a56:c1058, af078b8b-61ec-497f-9506-472d46a72462:c1054, 09fb9ab4-1b8d-44c0-9f8c-50855c6f1fed:c1054]
2019-08-21 12:27:54,995 [grpc-default-executor-5] INFO  client.GrpcClientProtocolClient (GrpcClientProtocolClient.java:onNext(255)) - client-C954105195FD->270584e6-a4a8-4db5-8151-214655ce1a56: receive RaftClientReply:client-C954105195FD->270584e6-a4a8-4db5-8151-214655ce1a56@group-787F5BA3AA67, cid=818, SUCCESS, logIndex=1057, commits[270584e6-a4a8-4db5-8151-214655ce1a56:c1058, af078b8b-61ec-497f-9506-472d46a72462:c1054, 09fb9ab4-1b8d-44c0-9f8c-50855c6f1fed:c1054]
2019-08-21 12:27:54,995 | INFO  | DNAudit | user=null | ip=null | op=WRITE_CHUNK {blockData=conID: 3 locID: 102654965998682537 bcsId: 0} | ret=SUCCESS |  
2019-08-21 12:27:54,995 [grpc-default-executor-5] INFO  client.GrpcClientProtocolClient (GrpcClientProtocolClient.java:onNext(255)) - client-C954105195FD->270584e6-a4a8-4db5-8151-214655ce1a56: receive RaftClientReply:client-C954105195FD->270584e6-a4a8-4db5-8151-214655ce1a56@group-787F5BA3AA67, cid=819, SUCCESS, logIndex=1058, commits[270584e6-a4a8-4db5-8151-214655ce1a56:c1058, af078b8b-61ec-497f-9506-472d46a72462:c1054, 09fb9ab4-1b8d-44c0-9f8c-50855c6f1fed:c1054]
2019-08-21 12:27:54,996 | INFO  | DNAudit | user=null | ip=null | op=WRITE_CHUNK {blockData=conID: 3 locID: 102654965998682537 bcsId: 0} | ret=SUCCESS |  
2019-08-21 12:27:54,996 | INFO  | DNAudit | user=null | ip=null | op=PUT_BLOCK {blockData=[blockId=conID: 3 locID: 102654965998682537 bcsId: 0,size=1048576]} | ret=SUCCESS |  
2019-08-21 12:27:54,996 | INFO  | DNAudit | user=null | ip=null | op=PUT_BLOCK {blockData=[blockId=conID: 3 locID: 102654965998682537 bcsId: 0,size=1048576]} | ret=SUCCESS |  
2019-08-21 12:27:54,997 | INFO  | DNAudit | user=null | ip=null | op=WRITE_CHUNK {blockData=conID: 3 locID: 102654965998682537 bcsId: 0} | ret=SUCCESS |  
2019-08-21 12:27:54,997 | INFO  | DNAudit | user=null | ip=null | op=WRITE_CHUNK {blockData=conID: 3 locID: 102654965998682537 bcsId: 0} | ret=SUCCESS |  
2019-08-21 12:27:54,997 [grpc-default-executor-1] INFO  client.GrpcClientProtocolClient (GrpcClientProtocolClient.java:onNext(255)) - client-C954105195FD->270584e6-a4a8-4db5-8151-214655ce1a56: receive RaftClientReply:client-C954105195FD->270584e6-a4a8-4db5-8151-214655ce1a56@group-787F5BA3AA67, cid=820, SUCCESS, logIndex=0, commits[270584e6-a4a8-4db5-8151-214655ce1a56:c1059, af078b8b-61ec-497f-9506-472d46a72462:c1056, 09fb9ab4-1b8d-44c0-9f8c-50855c6f1fed:c1056]
2019-08-21 12:27:54,997 | INFO  | DNAudit | user=null | ip=null | op=PUT_BLOCK {blockData=[blockId=conID: 3 locID: 102654965998682537 bcsId: 0,size=2097152]} | ret=SUCCESS |  
2019-08-21 12:27:54,997 | INFO  | DNAudit | user=null | ip=null | op=PUT_BLOCK {blockData=[blockId=conID: 3 locID: 102654965998682537 bcsId: 0,size=2097152]} | ret=SUCCESS |  
2019-08-21 12:27:55,003 | INFO  | DNAudit | user=null | ip=null | op=WRITE_CHUNK {blockData=conID: 3 locID: 102654965998682537 bcsId: 1058} | ret=SUCCESS |  
2019-08-21 12:27:55,006 | INFO  | DNAudit | user=null | ip=null | op=WRITE_CHUNK {blockData=conID: 3 locID: 102654965998682537 bcsId: 1058} | ret=SUCCESS |  
2019-08-21 12:27:55,007 | INFO  | DNAudit | user=null | ip=null | op=WRITE_CHUNK {blockData=conID: 3 locID: 102654965998682537 bcsId: 1058} | ret=SUCCESS |  
2019-08-21 12:27:55,016 | INFO  | DNAudit | user=null | ip=null | op=WRITE_CHUNK {blockData=conID: 3 locID: 102654965998682537 bcsId: 1058} | ret=SUCCESS |  
2019-08-21 12:27:55,017 | INFO  | DNAudit | user=null | ip=null | op=PUT_BLOCK {blockData=[blockId=conID: 3 locID: 102654965998682537 bcsId: 0,size=3145728]} | ret=SUCCESS |  
2019-08-21 12:27:55,017 [grpc-default-executor-1] INFO  client.GrpcClientProtocolClient (GrpcClientProtocolClient.java:onNext(255)) - client-C954105195FD->270584e6-a4a8-4db5-8151-214655ce1a56: receive RaftClientReply:client-C954105195FD->270584e6-a4a8-4db5-8151-214655ce1a56@group-787F5BA3AA67, cid=821, SUCCESS, logIndex=1063, commits[270584e6-a4a8-4db5-8151-214655ce1a56:c1064, af078b8b-61ec-497f-9506-472d46a72462:c1062, 09fb9ab4-1b8d-44c0-9f8c-50855c6f1fed:c1062]
2019-08-21 12:27:55,018 [grpc-default-executor-1] INFO  client.GrpcClientProtocolClient (GrpcClientProtocolClient.java:onNext(255)) - client-C954105195FD->270584e6-a4a8-4db5-8151-214655ce1a56: receive RaftClientReply:client-C954105195FD->270584e6-a4a8-4db5-8151-214655ce1a56@group-787F5BA3AA67, cid=822, SUCCESS, logIndex=1064, commits[270584e6-a4a8-4db5-8151-214655ce1a56:c1064, af078b8b-61ec-497f-9506-472d46a72462:c1062, 09fb9ab4-1b8d-44c0-9f8c-50855c6f1fed:c1062]
2019-08-21 12:27:55,024 | INFO  | DNAudit | user=null | ip=null | op=WRITE_CHUNK {blockData=conID: 3 locID: 102654965998682537 bcsId: 1064} | ret=SUCCESS |  
2019-08-21 12:27:55,027 | INFO  | DNAudit | user=null | ip=null | op=WRITE_CHUNK {blockData=conID: 3 locID: 102654965998682537 bcsId: 1064} | ret=SUCCESS |  
2019-08-21 12:27:55,028 | INFO  | DNAudit | user=null | ip=null | op=WRITE_CHUNK {blockData=conID: 3 locID: 102654965998682537 bcsId: 1064} | ret=SUCCESS |  
2019-08-21 12:27:55,028 | INFO  | DNAudit | user=null | ip=null | op=WRITE_CHUNK {blockData=conID: 3 locID: 102654965998682537 bcsId: 1058} | ret=SUCCESS |  
2019-08-21 12:27:55,028 | INFO  | DNAudit | user=null | ip=null | op=WRITE_CHUNK {blockData=conID: 3 locID: 102654965998682537 bcsId: 1058} | ret=SUCCESS |  
2019-08-21 12:27:55,029 | INFO  | DNAudit | user=null | ip=null | op=PUT_BLOCK {blockData=[blockId=conID: 3 locID: 102654965998682537 bcsId: 0,size=3145728]} | ret=SUCCESS |  
2019-08-21 12:27:55,029 | INFO  | DNAudit | user=null | ip=null | op=PUT_BLOCK {blockData=[blockId=conID: 3 locID: 102654965998682537 bcsId: 0,size=3145728]} | ret=SUCCESS |  
2019-08-21 12:27:55,030 | INFO  | DNAudit | user=null | ip=null | op=WRITE_CHUNK {blockData=conID: 3 locID: 102654965998682537 bcsId: 1064} | ret=SUCCESS |  
2019-08-21 12:27:55,030 | INFO  | DNAudit | user=null | ip=null | op=PUT_BLOCK {blockData=[blockId=conID: 3 locID: 102654965998682537 bcsId: 0,size=4194304]} | ret=SUCCESS |  
2019-08-21 12:27:55,030 [grpc-default-executor-1] INFO  client.GrpcClientProtocolClient (GrpcClientProtocolClient.java:onNext(255)) - client-C954105195FD->270584e6-a4a8-4db5-8151-214655ce1a56: receive RaftClientReply:client-C954105195FD->270584e6-a4a8-4db5-8151-214655ce1a56@group-787F5BA3AA67, cid=823, SUCCESS, logIndex=1067, commits[270584e6-a4a8-4db5-8151-214655ce1a56:c1068, af078b8b-61ec-497f-9506-472d46a72462:c1064, 09fb9ab4-1b8d-44c0-9f8c-50855c6f1fed:c1064]
2019-08-21 12:27:55,031 [grpc-default-executor-1] INFO  client.GrpcClientProtocolClient (GrpcClientProtocolClient.java:onNext(255)) - client-C954105195FD->270584e6-a4a8-4db5-8151-214655ce1a56: receive RaftClientReply:client-C954105195FD->270584e6-a4a8-4db5-8151-214655ce1a56@group-787F5BA3AA67, cid=824, SUCCESS, logIndex=1068, commits[270584e6-a4a8-4db5-8151-214655ce1a56:c1068, af078b8b-61ec-497f-9506-472d46a72462:c1064, 09fb9ab4-1b8d-44c0-9f8c-50855c6f1fed:c1064]
2019-08-21 12:27:55,175 | INFO  | DNAudit | user=null | ip=null | op=WRITE_CHUNK {blockData=conID: 3 locID: 102654965998682537 bcsId: 1064} | ret=SUCCESS |  
2019-08-21 12:27:55,175 | INFO  | SCMAudit | user=jenkins1000 | ip=192.168.34.23 | op=SEND_HEARTBEAT {datanodeUUID=af078b8b-61ec-497f-9506-472d46a72462, command=[]} | ret=SUCCESS |  
2019-08-21 12:27:55,175 | INFO  | DNAudit | user=null | ip=null | op=WRITE_CHUNK {blockData=conID: 3 locID: 102654965998682537 bcsId: 1064} | ret=SUCCESS |  
2019-08-21 12:27:55,175 | INFO  | SCMAudit | user=jenkins1000 | ip=192.168.34.23 | op=SEND_HEARTBEAT {datanodeUUID=270584e6-a4a8-4db5-8151-214655ce1a56, command=[]} | ret=SUCCESS |  
2019-08-21 12:27:55,175 | INFO  | SCMAudit | user=jenkins1000 | ip=192.168.34.23 | op=SEND_HEARTBEAT {datanodeUUID=09fb9ab4-1b8d-44c0-9f8c-50855c6f1fed, command=[]} | ret=SUCCESS |  
2019-08-21 12:27:55,175 | INFO  | DNAudit | user=null | ip=null | op=PUT_BLOCK {blockData=[blockId=conID: 3 locID: 102654965998682537 bcsId: 0,size=4194304]} | ret=SUCCESS |  
2019-08-21 12:27:55,175 | INFO  | DNAudit | user=null | ip=null | op=PUT_BLOCK {blockData=[blockId=conID: 3 locID: 102654965998682537 bcsId: 0,size=4194304]} | ret=SUCCESS |  
2019-08-21 12:27:55,176 [grpc-default-executor-5] INFO  client.GrpcClientProtocolClient (GrpcClientProtocolClient.java:onNext(255)) - client-C954105195FD->270584e6-a4a8-4db5-8151-214655ce1a56: receive RaftClientReply:client-C954105195FD->270584e6-a4a8-4db5-8151-214655ce1a56@group-787F5BA3AA67, cid=825, SUCCESS, logIndex=0, commits[270584e6-a4a8-4db5-8151-214655ce1a56:c1068, af078b8b-61ec-497f-9506-472d46a72462:c1068, 09fb9ab4-1b8d-44c0-9f8c-50855c6f1fed:c1068]
2019-08-21 12:27:55,186 | INFO  | DNAudit | user=null | ip=null | op=WRITE_CHUNK {blockData=conID: 1 locID: 102654965998682538 bcsId: 0} | ret=SUCCESS |  
2019-08-21 12:27:55,190 | INFO  | DNAudit | user=null | ip=null | op=WRITE_CHUNK {blockData=conID: 1 locID: 102654965998682538 bcsId: 0} | ret=SUCCESS |  
2019-08-21 12:27:55,192 | INFO  | DNAudit | user=null | ip=null | op=WRITE_CHUNK {blockData=conID: 1 locID: 102654965998682538 bcsId: 0} | ret=SUCCESS |  
2019-08-21 12:27:55,192 | INFO  | DNAudit | user=null | ip=null | op=WRITE_CHUNK {blockData=conID: 1 locID: 102654965998682538 bcsId: 0} | ret=SUCCESS |  
2019-08-21 12:27:55,195 | INFO  | DNAudit | user=null | ip=null | op=WRITE_CHUNK {blockData=conID: 1 locID: 102654965998682538 bcsId: 0} | ret=SUCCESS |  
2019-08-21 12:27:55,195 | INFO  | DNAudit | user=null | ip=null | op=WRITE_CHUNK {blockData=conID: 1 locID: 102654965998682538 bcsId: 0} | ret=SUCCESS |  
2019-08-21 12:27:55,199 | INFO  | DNAudit | user=null | ip=null | op=WRITE_CHUNK {blockData=conID: 1 locID: 102654965998682538 bcsId: 0} | ret=SUCCESS |  
2019-08-21 12:27:55,199 | INFO  | DNAudit | user=null | ip=null | op=PUT_BLOCK {blockData=[blockId=conID: 1 locID: 102654965998682538 bcsId: 0,size=1048576]} | ret=SUCCESS |  
2019-08-21 12:27:55,200 | INFO  | DNAudit | user=null | ip=null | op=WRITE_CHUNK {blockData=conID: 1 locID: 102654965998682538 bcsId: 0} | ret=SUCCESS |  
2019-08-21 12:27:55,200 [grpc-default-executor-1] INFO  client.GrpcClientProtocolClient (GrpcClientProtocolClient.java:onNext(255)) - client-C954105195FD->270584e6-a4a8-4db5-8151-214655ce1a56: receive RaftClientReply:client-C954105195FD->270584e6-a4a8-4db5-8151-214655ce1a56@group-787F5BA3AA67, cid=826, SUCCESS, logIndex=1071, commits[270584e6-a4a8-4db5-8151-214655ce1a56:c1072, af078b8b-61ec-497f-9506-472d46a72462:c1070, 09fb9ab4-1b8d-44c0-9f8c-50855c6f1fed:c1070]
2019-08-21 12:27:55,200 | INFO  | DNAudit | user=null | ip=null | op=PUT_BLOCK {blockData=[blockId=conID: 1 locID: 102654965998682538 bcsId: 0,size=2097152]} | ret=SUCCESS |  
2019-08-21 12:27:55,200 | INFO  | DNAudit | user=null | ip=null | op=WRITE_CHUNK {blockData=conID: 1 locID: 102654965998682538 bcsId: 0} | ret=SUCCESS |  
2019-08-21 12:27:55,201 | INFO  | DNAudit | user=null | ip=null | op=PUT_BLOCK {blockData=[blockId=conID: 1 locID: 102654965998682538 bcsId: 0,size=1048576]} | ret=SUCCESS |  
2019-08-21 12:27:55,201 [grpc-default-executor-4] INFO  client.GrpcClientProtocolClient (GrpcClientProtocolClient.java:onNext(255)) - client-C954105195FD->270584e6-a4a8-4db5-8151-214655ce1a56: receive RaftClientReply:client-C954105195FD->270584e6-a4a8-4db5-8151-214655ce1a56@group-787F5BA3AA67, cid=827, SUCCESS, logIndex=1072, commits[270584e6-a4a8-4db5-8151-214655ce1a56:c1073, af078b8b-61ec-497f-9506-472d46a72462:c1070, 09fb9ab4-1b8d-44c0-9f8c-50855c6f1fed:c1070]
2019-08-21 12:27:55,201 [grpc-default-executor-4] INFO  client.GrpcClientProtocolClient (GrpcClientProtocolClient.java:onNext(255)) - client-C954105195FD->270584e6-a4a8-4db5-8151-214655ce1a56: receive RaftClientReply:client-C954105195FD->270584e6-a4a8-4db5-8151-214655ce1a56@group-787F5BA3AA67, cid=828, SUCCESS, logIndex=1073, commits[270584e6-a4a8-4db5-8151-214655ce1a56:c1074, af078b8b-61ec-497f-9506-472d46a72462:c1070, 09fb9ab4-1b8d-44c0-9f8c-50855c6f1fed:c1070]
2019-08-21 12:27:55,201 | INFO  | DNAudit | user=null | ip=null | op=WRITE_CHUNK {blockData=conID: 1 locID: 102654965998682538 bcsId: 0} | ret=SUCCESS |  
2019-08-21 12:27:55,202 | INFO  | DNAudit | user=null | ip=null | op=PUT_BLOCK {blockData=[blockId=conID: 1 locID: 102654965998682538 bcsId: 0,size=1048576]} | ret=SUCCESS |  
2019-08-21 12:27:55,202 [grpc-default-executor-4] INFO  client.GrpcClientProtocolClient (GrpcClientProtocolClient.java:onNext(255)) - client-C954105195FD->270584e6-a4a8-4db5-8151-214655ce1a56: receive RaftClientReply:client-C954105195FD->270584e6-a4a8-4db5-8151-214655ce1a56@group-787F5BA3AA67, cid=829, SUCCESS, logIndex=1074, commits[270584e6-a4a8-4db5-8151-214655ce1a56:c1074, af078b8b-61ec-497f-9506-472d46a72462:c1070, 09fb9ab4-1b8d-44c0-9f8c-50855c6f1fed:c1070]
2019-08-21 12:27:55,202 | INFO  | DNAudit | user=null | ip=null | op=WRITE_CHUNK {blockData=conID: 1 locID: 102654965998682538 bcsId: 0} | ret=SUCCESS |  
2019-08-21 12:27:55,202 | INFO  | DNAudit | user=null | ip=null | op=PUT_BLOCK {blockData=[blockId=conID: 1 locID: 102654965998682538 bcsId: 0,size=2097152]} | ret=SUCCESS |  
2019-08-21 12:27:55,203 | INFO  | DNAudit | user=null | ip=null | op=WRITE_CHUNK {blockData=conID: 1 locID: 102654965998682538 bcsId: 0} | ret=SUCCESS |  
2019-08-21 12:27:55,203 | INFO  | DNAudit | user=null | ip=null | op=PUT_BLOCK {blockData=[blockId=conID: 1 locID: 102654965998682538 bcsId: 0,size=2097152]} | ret=SUCCESS |  
2019-08-21 12:27:55,203 [grpc-default-executor-4] INFO  client.GrpcClientProtocolClient (GrpcClientProtocolClient.java:onNext(255)) - client-C954105195FD->270584e6-a4a8-4db5-8151-214655ce1a56: receive RaftClientReply:client-C954105195FD->270584e6-a4a8-4db5-8151-214655ce1a56@group-787F5BA3AA67, cid=830, SUCCESS, logIndex=0, commits[270584e6-a4a8-4db5-8151-214655ce1a56:c1078, af078b8b-61ec-497f-9506-472d46a72462:c1072, 09fb9ab4-1b8d-44c0-9f8c-50855c6f1fed:c1074]
2019-08-21 12:27:55,211 | INFO  | DNAudit | user=null | ip=null | op=WRITE_CHUNK {blockData=conID: 1 locID: 102654965998682538 bcsId: 1074} | ret=SUCCESS |  
2019-08-21 12:27:55,214 | INFO  | DNAudit | user=null | ip=null | op=WRITE_CHUNK {blockData=conID: 1 locID: 102654965998682538 bcsId: 1074} | ret=SUCCESS |  
2019-08-21 12:27:55,215 | INFO  | DNAudit | user=null | ip=null | op=WRITE_CHUNK {blockData=conID: 1 locID: 102654965998682538 bcsId: 1074} | ret=SUCCESS |  
2019-08-21 12:27:55,223 | INFO  | DNAudit | user=null | ip=null | op=WRITE_CHUNK {blockData=conID: 1 locID: 102654965998682538 bcsId: 1074} | ret=SUCCESS |  
2019-08-21 12:27:55,224 | INFO  | DNAudit | user=null | ip=null | op=PUT_BLOCK {blockData=[blockId=conID: 1 locID: 102654965998682538 bcsId: 0,size=3145728]} | ret=SUCCESS |  
2019-08-21 12:27:55,224 [grpc-default-executor-4] INFO  client.GrpcClientProtocolClient (GrpcClientProtocolClient.java:onNext(255)) - client-C954105195FD->270584e6-a4a8-4db5-8151-214655ce1a56: receive RaftClientReply:client-C954105195FD->270584e6-a4a8-4db5-8151-214655ce1a56@group-787F5BA3AA67, cid=831, SUCCESS, logIndex=1079, commits[270584e6-a4a8-4db5-8151-214655ce1a56:c1080, af078b8b-61ec-497f-9506-472d46a72462:c1078, 09fb9ab4-1b8d-44c0-9f8c-50855c6f1fed:c1078]
2019-08-21 12:27:55,225 [grpc-default-executor-4] INFO  client.GrpcClientProtocolClient (GrpcClientProtocolClient.java:onNext(255)) - client-C954105195FD->270584e6-a4a8-4db5-8151-214655ce1a56: receive RaftClientReply:client-C954105195FD->270584e6-a4a8-4db5-8151-214655ce1a56@group-787F5BA3AA67, cid=832, SUCCESS, logIndex=1080, commits[270584e6-a4a8-4db5-8151-214655ce1a56:c1080, af078b8b-61ec-497f-9506-472d46a72462:c1078, 09fb9ab4-1b8d-44c0-9f8c-50855c6f1fed:c1078]
2019-08-21 12:27:55,234 | INFO  | DNAudit | user=null | ip=null | op=WRITE_CHUNK {blockData=conID: 1 locID: 102654965998682538 bcsId: 1080} | ret=SUCCESS |  
2019-08-21 12:27:55,234 | INFO  | DNAudit | user=null | ip=null | op=WRITE_CHUNK {blockData=conID: 1 locID: 102654965998682538 bcsId: 1074} | ret=SUCCESS |  
2019-08-21 12:27:55,234 | INFO  | DNAudit | user=null | ip=null | op=WRITE_CHUNK {blockData=conID: 1 locID: 102654965998682538 bcsId: 1074} | ret=SUCCESS |  
2019-08-21 12:27:55,235 | INFO  | DNAudit | user=null | ip=null | op=PUT_BLOCK {blockData=[blockId=conID: 1 locID: 102654965998682538 bcsId: 0,size=3145728]} | ret=SUCCESS |  
2019-08-21 12:27:55,236 | INFO  | DNAudit | user=null | ip=null | op=PUT_BLOCK {blockData=[blockId=conID: 1 locID: 102654965998682538 bcsId: 0,size=3145728]} | ret=SUCCESS |  
2019-08-21 12:27:55,238 | INFO  | DNAudit | user=null | ip=null | op=WRITE_CHUNK {blockData=conID: 1 locID: 102654965998682538 bcsId: 1080} | ret=SUCCESS |  
2019-08-21 12:27:55,239 | INFO  | DNAudit | user=null | ip=null | op=WRITE_CHUNK {blockData=conID: 1 locID: 102654965998682538 bcsId: 1080} | ret=SUCCESS |  
2019-08-21 12:27:55,251 | INFO  | DNAudit | user=null | ip=null | op=WRITE_CHUNK {blockData=conID: 1 locID: 102654965998682538 bcsId: 1080} | ret=SUCCESS |  
2019-08-21 12:27:55,251 | INFO  | DNAudit | user=null | ip=null | op=PUT_BLOCK {blockData=[blockId=conID: 1 locID: 102654965998682538 bcsId: 0,size=4194304]} | ret=SUCCESS |  
2019-08-21 12:27:55,252 [grpc-default-executor-1] INFO  client.GrpcClientProtocolClient (GrpcClientProtocolClient.java:onNext(255)) - client-C954105195FD->270584e6-a4a8-4db5-8151-214655ce1a56: receive RaftClientReply:client-C954105195FD->270584e6-a4a8-4db5-8151-214655ce1a56@group-787F5BA3AA67, cid=833, SUCCESS, logIndex=1083, commits[270584e6-a4a8-4db5-8151-214655ce1a56:c1084, af078b8b-61ec-497f-9506-472d46a72462:c1080, 09fb9ab4-1b8d-44c0-9f8c-50855c6f1fed:c1080]
2019-08-21 12:27:55,252 [grpc-default-executor-1] INFO  client.GrpcClientProtocolClient (GrpcClientProtocolClient.java:onNext(255)) - client-C954105195FD->270584e6-a4a8-4db5-8151-214655ce1a56: receive RaftClientReply:client-C954105195FD->270584e6-a4a8-4db5-8151-214655ce1a56@group-787F5BA3AA67, cid=834, SUCCESS, logIndex=1084, commits[270584e6-a4a8-4db5-8151-214655ce1a56:c1084, af078b8b-61ec-497f-9506-472d46a72462:c1080, 09fb9ab4-1b8d-44c0-9f8c-50855c6f1fed:c1080]
2019-08-21 12:27:55,263 | INFO  | DNAudit | user=null | ip=null | op=WRITE_CHUNK {blockData=conID: 1 locID: 102654965998682538 bcsId: 1080} | ret=SUCCESS |  
2019-08-21 12:27:55,263 | INFO  | DNAudit | user=null | ip=null | op=WRITE_CHUNK {blockData=conID: 1 locID: 102654965998682538 bcsId: 1080} | ret=SUCCESS |  
2019-08-21 12:27:55,263 | INFO  | DNAudit | user=null | ip=null | op=PUT_BLOCK {blockData=[blockId=conID: 1 locID: 102654965998682538 bcsId: 0,size=4194304]} | ret=SUCCESS |  
2019-08-21 12:27:55,263 | INFO  | DNAudit | user=null | ip=null | op=PUT_BLOCK {blockData=[blockId=conID: 1 locID: 102654965998682538 bcsId: 0,size=4194304]} | ret=SUCCESS |  
2019-08-21 12:27:55,264 [grpc-default-executor-1] INFO  client.GrpcClientProtocolClient (GrpcClientProtocolClient.java:onNext(255)) - client-C954105195FD->270584e6-a4a8-4db5-8151-214655ce1a56: receive RaftClientReply:client-C954105195FD->270584e6-a4a8-4db5-8151-214655ce1a56@group-787F5BA3AA67, cid=835, SUCCESS, logIndex=0, commits[270584e6-a4a8-4db5-8151-214655ce1a56:c1084, af078b8b-61ec-497f-9506-472d46a72462:c1084, 09fb9ab4-1b8d-44c0-9f8c-50855c6f1fed:c1084]
2019-08-21 12:27:55,271 | INFO  | DNAudit | user=null | ip=null | op=WRITE_CHUNK {blockData=conID: 2 locID: 102654965998748075 bcsId: 0} | ret=SUCCESS |  
2019-08-21 12:27:55,274 | INFO  | DNAudit | user=null | ip=null | op=WRITE_CHUNK {blockData=conID: 2 locID: 102654965998748075 bcsId: 0} | ret=SUCCESS |  
2019-08-21 12:27:55,274 | INFO  | DNAudit | user=null | ip=null | op=WRITE_CHUNK {blockData=conID: 2 locID: 102654965998748075 bcsId: 0} | ret=SUCCESS |  
2019-08-21 12:27:55,275 | INFO  | DNAudit | user=null | ip=null | op=WRITE_CHUNK {blockData=conID: 2 locID: 102654965998748075 bcsId: 0} | ret=SUCCESS |  
2019-08-21 12:27:55,276 | INFO  | DNAudit | user=null | ip=null | op=WRITE_CHUNK {blockData=conID: 2 locID: 102654965998748075 bcsId: 0} | ret=SUCCESS |  
2019-08-21 12:27:55,276 | INFO  | DNAudit | user=null | ip=null | op=WRITE_CHUNK {blockData=conID: 2 locID: 102654965998748075 bcsId: 0} | ret=SUCCESS |  
2019-08-21 12:27:55,283 | INFO  | DNAudit | user=null | ip=null | op=WRITE_CHUNK {blockData=conID: 2 locID: 102654965998748075 bcsId: 0} | ret=SUCCESS |  
2019-08-21 12:27:55,284 | INFO  | DNAudit | user=null | ip=null | op=PUT_BLOCK {blockData=[blockId=conID: 2 locID: 102654965998748075 bcsId: 0,size=1048576]} | ret=SUCCESS |  
2019-08-21 12:27:55,284 | INFO  | DNAudit | user=null | ip=null | op=WRITE_CHUNK {blockData=conID: 2 locID: 102654965998748075 bcsId: 0} | ret=SUCCESS |  
2019-08-21 12:27:55,284 [grpc-default-executor-1] INFO  client.GrpcClientProtocolClient (GrpcClientProtocolClient.java:onNext(255)) - client-C954105195FD->270584e6-a4a8-4db5-8151-214655ce1a56: receive RaftClientReply:client-C954105195FD->270584e6-a4a8-4db5-8151-214655ce1a56@group-787F5BA3AA67, cid=836, SUCCESS, logIndex=1087, commits[270584e6-a4a8-4db5-8151-214655ce1a56:c1089, af078b8b-61ec-497f-9506-472d46a72462:c1086, 09fb9ab4-1b8d-44c0-9f8c-50855c6f1fed:c1086]
2019-08-21 12:27:55,285 | INFO  | DNAudit | user=null | ip=null | op=PUT_BLOCK {blockData=[blockId=conID: 2 locID: 102654965998748075 bcsId: 0,size=2097152]} | ret=SUCCESS |  
2019-08-21 12:27:55,285 [grpc-default-executor-1] INFO  client.GrpcClientProtocolClient (GrpcClientProtocolClient.java:onNext(255)) - client-C954105195FD->270584e6-a4a8-4db5-8151-214655ce1a56: receive RaftClientReply:client-C954105195FD->270584e6-a4a8-4db5-8151-214655ce1a56@group-787F5BA3AA67, cid=837, SUCCESS, logIndex=1088, commits[270584e6-a4a8-4db5-8151-214655ce1a56:c1090, af078b8b-61ec-497f-9506-472d46a72462:c1086, 09fb9ab4-1b8d-44c0-9f8c-50855c6f1fed:c1086]
2019-08-21 12:27:55,285 [grpc-default-executor-1] INFO  client.GrpcClientProtocolClient (GrpcClientProtocolClient.java:onNext(255)) - client-C954105195FD->270584e6-a4a8-4db5-8151-214655ce1a56: receive RaftClientReply:client-C954105195FD->270584e6-a4a8-4db5-8151-214655ce1a56@group-787F5BA3AA67, cid=838, SUCCESS, logIndex=1089, commits[270584e6-a4a8-4db5-8151-214655ce1a56:c1090, af078b8b-61ec-497f-9506-472d46a72462:c1086, 09fb9ab4-1b8d-44c0-9f8c-50855c6f1fed:c1086]
2019-08-21 12:27:55,286 [grpc-default-executor-1] INFO  client.GrpcClientProtocolClient (GrpcClientProtocolClient.java:onNext(255)) - client-C954105195FD->270584e6-a4a8-4db5-8151-214655ce1a56: receive RaftClientReply:client-C954105195FD->270584e6-a4a8-4db5-8151-214655ce1a56@group-787F5BA3AA67, cid=839, SUCCESS, logIndex=1090, commits[270584e6-a4a8-4db5-8151-214655ce1a56:c1090, af078b8b-61ec-497f-9506-472d46a72462:c1086, 09fb9ab4-1b8d-44c0-9f8c-50855c6f1fed:c1086]
2019-08-21 12:27:55,295 | INFO  | DNAudit | user=null | ip=null | op=WRITE_CHUNK {blockData=conID: 2 locID: 102654965998748075 bcsId: 0} | ret=SUCCESS |  
2019-08-21 12:27:55,295 | INFO  | DNAudit | user=null | ip=null | op=WRITE_CHUNK {blockData=conID: 2 locID: 102654965998748075 bcsId: 0} | ret=SUCCESS |  
2019-08-21 12:27:55,295 | INFO  | DNAudit | user=null | ip=null | op=PUT_BLOCK {blockData=[blockId=conID: 2 locID: 102654965998748075 bcsId: 0,size=1048576]} | ret=SUCCESS |  
2019-08-21 12:27:55,295 | INFO  | DNAudit | user=null | ip=null | op=PUT_BLOCK {blockData=[blockId=conID: 2 locID: 102654965998748075 bcsId: 0,size=1048576]} | ret=SUCCESS |  
2019-08-21 12:27:55,296 | INFO  | DNAudit | user=null | ip=null | op=WRITE_CHUNK {blockData=conID: 2 locID: 102654965998748075 bcsId: 0} | ret=SUCCESS |  
2019-08-21 12:27:55,296 | INFO  | DNAudit | user=null | ip=null | op=PUT_BLOCK {blockData=[blockId=conID: 2 locID: 102654965998748075 bcsId: 0,size=2097152]} | ret=SUCCESS |  
2019-08-21 12:27:55,296 | INFO  | DNAudit | user=null | ip=null | op=WRITE_CHUNK {blockData=conID: 2 locID: 102654965998748075 bcsId: 0} | ret=SUCCESS |  
2019-08-21 12:27:55,296 [grpc-default-executor-1] INFO  client.GrpcClientProtocolClient (GrpcClientProtocolClient.java:onNext(255)) - client-C954105195FD->270584e6-a4a8-4db5-8151-214655ce1a56: receive RaftClientReply:client-C954105195FD->270584e6-a4a8-4db5-8151-214655ce1a56@group-787F5BA3AA67, cid=840, SUCCESS, logIndex=0, commits[270584e6-a4a8-4db5-8151-214655ce1a56:c1091, af078b8b-61ec-497f-9506-472d46a72462:c1088, 09fb9ab4-1b8d-44c0-9f8c-50855c6f1fed:c1088]
2019-08-21 12:27:55,296 | INFO  | DNAudit | user=null | ip=null | op=PUT_BLOCK {blockData=[blockId=conID: 2 locID: 102654965998748075 bcsId: 0,size=2097152]} | ret=SUCCESS |  
2019-08-21 12:27:55,303 | INFO  | DNAudit | user=null | ip=null | op=WRITE_CHUNK {blockData=conID: 2 locID: 102654965998748075 bcsId: 1090} | ret=SUCCESS |  
2019-08-21 12:27:55,306 | INFO  | DNAudit | user=null | ip=null | op=WRITE_CHUNK {blockData=conID: 2 locID: 102654965998748075 bcsId: 1090} | ret=SUCCESS |  
2019-08-21 12:27:55,306 | INFO  | DNAudit | user=null | ip=null | op=WRITE_CHUNK {blockData=conID: 2 locID: 102654965998748075 bcsId: 1090} | ret=SUCCESS |  
2019-08-21 12:27:55,316 | INFO  | DNAudit | user=null | ip=null | op=WRITE_CHUNK {blockData=conID: 2 locID: 102654965998748075 bcsId: 1090} | ret=SUCCESS |  
2019-08-21 12:27:55,316 | INFO  | DNAudit | user=null | ip=null | op=PUT_BLOCK {blockData=[blockId=conID: 2 locID: 102654965998748075 bcsId: 0,size=3145728]} | ret=SUCCESS |  
2019-08-21 12:27:55,317 [grpc-default-executor-1] INFO  client.GrpcClientProtocolClient (GrpcClientProtocolClient.java:onNext(255)) - client-C954105195FD->270584e6-a4a8-4db5-8151-214655ce1a56: receive RaftClientReply:client-C954105195FD->270584e6-a4a8-4db5-8151-214655ce1a56@group-787F5BA3AA67, cid=841, SUCCESS, logIndex=1095, commits[270584e6-a4a8-4db5-8151-214655ce1a56:c1096, af078b8b-61ec-497f-9506-472d46a72462:c1094, 09fb9ab4-1b8d-44c0-9f8c-50855c6f1fed:c1094]
2019-08-21 12:27:55,317 [grpc-default-executor-1] INFO  client.GrpcClientProtocolClient (GrpcClientProtocolClient.java:onNext(255)) - client-C954105195FD->270584e6-a4a8-4db5-8151-214655ce1a56: receive RaftClientReply:client-C954105195FD->270584e6-a4a8-4db5-8151-214655ce1a56@group-787F5BA3AA67, cid=842, SUCCESS, logIndex=1096, commits[270584e6-a4a8-4db5-8151-214655ce1a56:c1096, af078b8b-61ec-497f-9506-472d46a72462:c1094, 09fb9ab4-1b8d-44c0-9f8c-50855c6f1fed:c1094]
2019-08-21 12:27:55,326 | INFO  | DNAudit | user=null | ip=null | op=WRITE_CHUNK {blockData=conID: 2 locID: 102654965998748075 bcsId: 1096} | ret=SUCCESS |  
2019-08-21 12:27:55,328 | INFO  | DNAudit | user=null | ip=null | op=WRITE_CHUNK {blockData=conID: 2 locID: 102654965998748075 bcsId: 1090} | ret=SUCCESS |  
2019-08-21 12:27:55,328 | INFO  | DNAudit | user=null | ip=null | op=WRITE_CHUNK {blockData=conID: 2 locID: 102654965998748075 bcsId: 1090} | ret=SUCCESS |  
2019-08-21 12:27:55,328 | INFO  | DNAudit | user=null | ip=null | op=WRITE_CHUNK {blockData=conID: 2 locID: 102654965998748075 bcsId: 1096} | ret=SUCCESS |  
2019-08-21 12:27:55,328 | INFO  | DNAudit | user=null | ip=null | op=PUT_BLOCK {blockData=[blockId=conID: 2 locID: 102654965998748075 bcsId: 0,size=3145728]} | ret=SUCCESS |  
2019-08-21 12:27:55,328 | INFO  | DNAudit | user=null | ip=null | op=PUT_BLOCK {blockData=[blockId=conID: 2 locID: 102654965998748075 bcsId: 0,size=3145728]} | ret=SUCCESS |  
2019-08-21 12:27:55,329 | INFO  | DNAudit | user=null | ip=null | op=WRITE_CHUNK {blockData=conID: 2 locID: 102654965998748075 bcsId: 1096} | ret=SUCCESS |  
2019-08-21 12:27:55,330 | INFO  | DNAudit | user=null | ip=null | op=WRITE_CHUNK {blockData=conID: 2 locID: 102654965998748075 bcsId: 1096} | ret=SUCCESS |  
2019-08-21 12:27:55,330 | INFO  | DNAudit | user=null | ip=null | op=PUT_BLOCK {blockData=[blockId=conID: 2 locID: 102654965998748075 bcsId: 0,size=4194304]} | ret=SUCCESS |  
2019-08-21 12:27:55,330 [grpc-default-executor-4] INFO  client.GrpcClientProtocolClient (GrpcClientProtocolClient.java:onNext(255)) - client-C954105195FD->270584e6-a4a8-4db5-8151-214655ce1a56: receive RaftClientReply:client-C954105195FD->270584e6-a4a8-4db5-8151-214655ce1a56@group-787F5BA3AA67, cid=843, SUCCESS, logIndex=1099, commits[270584e6-a4a8-4db5-8151-214655ce1a56:c1100, af078b8b-61ec-497f-9506-472d46a72462:c1096, 09fb9ab4-1b8d-44c0-9f8c-50855c6f1fed:c1096]
2019-08-21 12:27:55,331 [grpc-default-executor-4] INFO  client.GrpcClientProtocolClient (GrpcClientProtocolClient.java:onNext(255)) - client-C954105195FD->270584e6-a4a8-4db5-8151-214655ce1a56: receive RaftClientReply:client-C954105195FD->270584e6-a4a8-4db5-8151-214655ce1a56@group-787F5BA3AA67, cid=844, SUCCESS, logIndex=1100, commits[270584e6-a4a8-4db5-8151-214655ce1a56:c1100, af078b8b-61ec-497f-9506-472d46a72462:c1096, 09fb9ab4-1b8d-44c0-9f8c-50855c6f1fed:c1096]
2019-08-21 12:27:55,331 | INFO  | DNAudit | user=null | ip=null | op=WRITE_CHUNK {blockData=conID: 2 locID: 102654965998748075 bcsId: 1096} | ret=SUCCESS |  
2019-08-21 12:27:55,331 | INFO  | DNAudit | user=null | ip=null | op=WRITE_CHUNK {blockData=conID: 2 locID: 102654965998748075 bcsId: 1096} | ret=SUCCESS |  
2019-08-21 12:27:55,333 | INFO  | DNAudit | user=null | ip=null | op=PUT_BLOCK {blockData=[blockId=conID: 2 locID: 102654965998748075 bcsId: 0,size=4194304]} | ret=SUCCESS |  
2019-08-21 12:27:55,333 | INFO  | DNAudit | user=null | ip=null | op=PUT_BLOCK {blockData=[blockId=conID: 2 locID: 102654965998748075 bcsId: 0,size=4194304]} | ret=SUCCESS |  
2019-08-21 12:27:55,334 [grpc-default-executor-4] INFO  client.GrpcClientProtocolClient (GrpcClientProtocolClient.java:onNext(255)) - client-C954105195FD->270584e6-a4a8-4db5-8151-214655ce1a56: receive RaftClientReply:client-C954105195FD->270584e6-a4a8-4db5-8151-214655ce1a56@group-787F5BA3AA67, cid=845, SUCCESS, logIndex=0, commits[270584e6-a4a8-4db5-8151-214655ce1a56:c1102, af078b8b-61ec-497f-9506-472d46a72462:c1100, 09fb9ab4-1b8d-44c0-9f8c-50855c6f1fed:c1100]
2019-08-21 12:27:55,340 | INFO  | DNAudit | user=null | ip=null | op=WRITE_CHUNK {blockData=conID: 3 locID: 102654965998748076 bcsId: 0} | ret=SUCCESS |  
2019-08-21 12:27:55,343 | INFO  | DNAudit | user=null | ip=null | op=WRITE_CHUNK {blockData=conID: 3 locID: 102654965998748076 bcsId: 0} | ret=SUCCESS |  
2019-08-21 12:27:55,344 | INFO  | DNAudit | user=null | ip=null | op=WRITE_CHUNK {blockData=conID: 3 locID: 102654965998748076 bcsId: 0} | ret=SUCCESS |  
2019-08-21 12:27:55,344 | INFO  | DNAudit | user=null | ip=null | op=WRITE_CHUNK {blockData=conID: 3 locID: 102654965998748076 bcsId: 0} | ret=SUCCESS |  
2019-08-21 12:27:55,346 | INFO  | DNAudit | user=null | ip=null | op=WRITE_CHUNK {blockData=conID: 3 locID: 102654965998748076 bcsId: 0} | ret=SUCCESS |  
2019-08-21 12:27:55,347 | INFO  | DNAudit | user=null | ip=null | op=WRITE_CHUNK {blockData=conID: 3 locID: 102654965998748076 bcsId: 0} | ret=SUCCESS |  
2019-08-21 12:27:55,353 | INFO  | DNAudit | user=null | ip=null | op=WRITE_CHUNK {blockData=conID: 3 locID: 102654965998748076 bcsId: 0} | ret=SUCCESS |  
2019-08-21 12:27:55,354 | INFO  | DNAudit | user=null | ip=null | op=PUT_BLOCK {blockData=[blockId=conID: 3 locID: 102654965998748076 bcsId: 0,size=1048576]} | ret=SUCCESS |  
2019-08-21 12:27:55,354 | INFO  | DNAudit | user=null | ip=null | op=WRITE_CHUNK {blockData=conID: 3 locID: 102654965998748076 bcsId: 0} | ret=SUCCESS |  
2019-08-21 12:27:55,354 [grpc-default-executor-1] INFO  client.GrpcClientProtocolClient (GrpcClientProtocolClient.java:onNext(255)) - client-C954105195FD->270584e6-a4a8-4db5-8151-214655ce1a56: receive RaftClientReply:client-C954105195FD->270584e6-a4a8-4db5-8151-214655ce1a56@group-787F5BA3AA67, cid=846, SUCCESS, logIndex=1103, commits[270584e6-a4a8-4db5-8151-214655ce1a56:c1104, af078b8b-61ec-497f-9506-472d46a72462:c1102, 09fb9ab4-1b8d-44c0-9f8c-50855c6f1fed:c1102]
2019-08-21 12:27:55,354 | INFO  | DNAudit | user=null | ip=null | op=PUT_BLOCK {blockData=[blockId=conID: 3 locID: 102654965998748076 bcsId: 0,size=2097152]} | ret=SUCCESS |  
2019-08-21 12:27:55,355 [grpc-default-executor-1] INFO  client.GrpcClientProtocolClient (GrpcClientProtocolClient.java:onNext(255)) - client-C954105195FD->270584e6-a4a8-4db5-8151-214655ce1a56: receive RaftClientReply:client-C954105195FD->270584e6-a4a8-4db5-8151-214655ce1a56@group-787F5BA3AA67, cid=847, SUCCESS, logIndex=1104, commits[270584e6-a4a8-4db5-8151-214655ce1a56:c1106, af078b8b-61ec-497f-9506-472d46a72462:c1102, 09fb9ab4-1b8d-44c0-9f8c-50855c6f1fed:c1102]
2019-08-21 12:27:55,355 | INFO  | DNAudit | user=null | ip=null | op=WRITE_CHUNK {blockData=conID: 3 locID: 102654965998748076 bcsId: 0} | ret=SUCCESS |  
2019-08-21 12:27:55,355 | INFO  | DNAudit | user=null | ip=null | op=WRITE_CHUNK {blockData=conID: 3 locID: 102654965998748076 bcsId: 0} | ret=SUCCESS |  
2019-08-21 12:27:55,355 [grpc-default-executor-1] INFO  client.GrpcClientProtocolClient (GrpcClientProtocolClient.java:onNext(255)) - client-C954105195FD->270584e6-a4a8-4db5-8151-214655ce1a56: receive RaftClientReply:client-C954105195FD->270584e6-a4a8-4db5-8151-214655ce1a56@group-787F5BA3AA67, cid=848, SUCCESS, logIndex=1105, commits[270584e6-a4a8-4db5-8151-214655ce1a56:c1106, af078b8b-61ec-497f-9506-472d46a72462:c1102, 09fb9ab4-1b8d-44c0-9f8c-50855c6f1fed:c1102]
2019-08-21 12:27:55,355 | INFO  | DNAudit | user=null | ip=null | op=PUT_BLOCK {blockData=[blockId=conID: 3 locID: 102654965998748076 bcsId: 0,size=1048576]} | ret=SUCCESS |  
2019-08-21 12:27:55,355 | INFO  | DNAudit | user=null | ip=null | op=PUT_BLOCK {blockData=[blockId=conID: 3 locID: 102654965998748076 bcsId: 0,size=1048576]} | ret=SUCCESS |  
2019-08-21 12:27:55,355 [grpc-default-executor-1] INFO  client.GrpcClientProtocolClient (GrpcClientProtocolClient.java:onNext(255)) - client-C954105195FD->270584e6-a4a8-4db5-8151-214655ce1a56: receive RaftClientReply:client-C954105195FD->270584e6-a4a8-4db5-8151-214655ce1a56@group-787F5BA3AA67, cid=849, SUCCESS, logIndex=1106, commits[270584e6-a4a8-4db5-8151-214655ce1a56:c1106, af078b8b-61ec-497f-9506-472d46a72462:c1102, 09fb9ab4-1b8d-44c0-9f8c-50855c6f1fed:c1102]
2019-08-21 12:27:55,356 | INFO  | DNAudit | user=null | ip=null | op=WRITE_CHUNK {blockData=conID: 3 locID: 102654965998748076 bcsId: 0} | ret=SUCCESS |  
2019-08-21 12:27:55,356 | INFO  | DNAudit | user=null | ip=null | op=PUT_BLOCK {blockData=[blockId=conID: 3 locID: 102654965998748076 bcsId: 0,size=2097152]} | ret=SUCCESS |  
2019-08-21 12:27:55,356 | INFO  | DNAudit | user=null | ip=null | op=WRITE_CHUNK {blockData=conID: 3 locID: 102654965998748076 bcsId: 0} | ret=SUCCESS |  
2019-08-21 12:27:55,357 | INFO  | DNAudit | user=null | ip=null | op=PUT_BLOCK {blockData=[blockId=conID: 3 locID: 102654965998748076 bcsId: 0,size=2097152]} | ret=SUCCESS |  
2019-08-21 12:27:55,357 [grpc-default-executor-5] INFO  client.GrpcClientProtocolClient (GrpcClientProtocolClient.java:onNext(255)) - client-C954105195FD->270584e6-a4a8-4db5-8151-214655ce1a56: receive RaftClientReply:client-C954105195FD->270584e6-a4a8-4db5-8151-214655ce1a56@group-787F5BA3AA67, cid=850, SUCCESS, logIndex=0, commits[270584e6-a4a8-4db5-8151-214655ce1a56:c1108, af078b8b-61ec-497f-9506-472d46a72462:c1104, 09fb9ab4-1b8d-44c0-9f8c-50855c6f1fed:c1104]
2019-08-21 12:27:55,363 | INFO  | DNAudit | user=null | ip=null | op=WRITE_CHUNK {blockData=conID: 3 locID: 102654965998748076 bcsId: 1106} | ret=SUCCESS |  
2019-08-21 12:27:55,366 | INFO  | DNAudit | user=null | ip=null | op=WRITE_CHUNK {blockData=conID: 3 locID: 102654965998748076 bcsId: 1106} | ret=SUCCESS |  
2019-08-21 12:27:55,366 | INFO  | DNAudit | user=null | ip=null | op=WRITE_CHUNK {blockData=conID: 3 locID: 102654965998748076 bcsId: 1106} | ret=SUCCESS |  
2019-08-21 12:27:55,368 | INFO  | DNAudit | user=null | ip=null | op=WRITE_CHUNK {blockData=conID: 3 locID: 102654965998748076 bcsId: 1106} | ret=SUCCESS |  
2019-08-21 12:27:55,369 | INFO  | DNAudit | user=null | ip=null | op=PUT_BLOCK {blockData=[blockId=conID: 3 locID: 102654965998748076 bcsId: 0,size=3145728]} | ret=SUCCESS |  
2019-08-21 12:27:55,369 [grpc-default-executor-1] INFO  client.GrpcClientProtocolClient (GrpcClientProtocolClient.java:onNext(255)) - client-C954105195FD->270584e6-a4a8-4db5-8151-214655ce1a56: receive RaftClientReply:client-C954105195FD->270584e6-a4a8-4db5-8151-214655ce1a56@group-787F5BA3AA67, cid=851, SUCCESS, logIndex=1111, commits[270584e6-a4a8-4db5-8151-214655ce1a56:c1112, af078b8b-61ec-497f-9506-472d46a72462:c1110, 09fb9ab4-1b8d-44c0-9f8c-50855c6f1fed:c1106]
2019-08-21 12:27:55,369 [grpc-default-executor-1] INFO  client.GrpcClientProtocolClient (GrpcClientProtocolClient.java:onNext(255)) - client-C954105195FD->270584e6-a4a8-4db5-8151-214655ce1a56: receive RaftClientReply:client-C954105195FD->270584e6-a4a8-4db5-8151-214655ce1a56@group-787F5BA3AA67, cid=852, SUCCESS, logIndex=1112, commits[270584e6-a4a8-4db5-8151-214655ce1a56:c1112, af078b8b-61ec-497f-9506-472d46a72462:c1110, 09fb9ab4-1b8d-44c0-9f8c-50855c6f1fed:c1110]
2019-08-21 12:27:55,370 | INFO  | DNAudit | user=null | ip=null | op=WRITE_CHUNK {blockData=conID: 3 locID: 102654965998748076 bcsId: 1106} | ret=SUCCESS |  
2019-08-21 12:27:55,370 | INFO  | DNAudit | user=null | ip=null | op=WRITE_CHUNK {blockData=conID: 3 locID: 102654965998748076 bcsId: 1106} | ret=SUCCESS |  
2019-08-21 12:27:55,370 | INFO  | DNAudit | user=null | ip=null | op=PUT_BLOCK {blockData=[blockId=conID: 3 locID: 102654965998748076 bcsId: 0,size=3145728]} | ret=SUCCESS |  
2019-08-21 12:27:55,370 | INFO  | DNAudit | user=null | ip=null | op=PUT_BLOCK {blockData=[blockId=conID: 3 locID: 102654965998748076 bcsId: 0,size=3145728]} | ret=SUCCESS |  
2019-08-21 12:27:55,375 | INFO  | DNAudit | user=null | ip=null | op=WRITE_CHUNK {blockData=conID: 3 locID: 102654965998748076 bcsId: 1112} | ret=SUCCESS |  
2019-08-21 12:27:55,378 | INFO  | DNAudit | user=null | ip=null | op=WRITE_CHUNK {blockData=conID: 3 locID: 102654965998748076 bcsId: 1112} | ret=SUCCESS |  
2019-08-21 12:27:55,379 | INFO  | DNAudit | user=null | ip=null | op=WRITE_CHUNK {blockData=conID: 3 locID: 102654965998748076 bcsId: 1112} | ret=SUCCESS |  
2019-08-21 12:27:55,380 | INFO  | DNAudit | user=null | ip=null | op=WRITE_CHUNK {blockData=conID: 3 locID: 102654965998748076 bcsId: 1112} | ret=SUCCESS |  
2019-08-21 12:27:55,381 | INFO  | DNAudit | user=null | ip=null | op=PUT_BLOCK {blockData=[blockId=conID: 3 locID: 102654965998748076 bcsId: 0,size=4194304]} | ret=SUCCESS |  
2019-08-21 12:27:55,381 [grpc-default-executor-5] INFO  client.GrpcClientProtocolClient (GrpcClientProtocolClient.java:onNext(255)) - client-C954105195FD->270584e6-a4a8-4db5-8151-214655ce1a56: receive RaftClientReply:client-C954105195FD->270584e6-a4a8-4db5-8151-214655ce1a56@group-787F5BA3AA67, cid=853, SUCCESS, logIndex=1115, commits[270584e6-a4a8-4db5-8151-214655ce1a56:c1116, af078b8b-61ec-497f-9506-472d46a72462:c1114, 09fb9ab4-1b8d-44c0-9f8c-50855c6f1fed:c1114]
2019-08-21 12:27:55,381 [grpc-default-executor-5] INFO  client.GrpcClientProtocolClient (GrpcClientProtocolClient.java:onNext(255)) - client-C954105195FD->270584e6-a4a8-4db5-8151-214655ce1a56: receive RaftClientReply:client-C954105195FD->270584e6-a4a8-4db5-8151-214655ce1a56@group-787F5BA3AA67, cid=854, SUCCESS, logIndex=1116, commits[270584e6-a4a8-4db5-8151-214655ce1a56:c1116, af078b8b-61ec-497f-9506-472d46a72462:c1114, 09fb9ab4-1b8d-44c0-9f8c-50855c6f1fed:c1114]
2019-08-21 12:27:55,382 | INFO  | DNAudit | user=null | ip=null | op=WRITE_CHUNK {blockData=conID: 3 locID: 102654965998748076 bcsId: 1112} | ret=SUCCESS |  
2019-08-21 12:27:55,382 | INFO  | DNAudit | user=null | ip=null | op=WRITE_CHUNK {blockData=conID: 3 locID: 102654965998748076 bcsId: 1112} | ret=SUCCESS |  
2019-08-21 12:27:55,382 | INFO  | DNAudit | user=null | ip=null | op=PUT_BLOCK {blockData=[blockId=conID: 3 locID: 102654965998748076 bcsId: 0,size=4194304]} | ret=SUCCESS |  
2019-08-21 12:27:55,382 | INFO  | DNAudit | user=null | ip=null | op=PUT_BLOCK {blockData=[blockId=conID: 3 locID: 102654965998748076 bcsId: 0,size=4194304]} | ret=SUCCESS |  
2019-08-21 12:27:55,383 [grpc-default-executor-4] INFO  client.GrpcClientProtocolClient (GrpcClientProtocolClient.java:onNext(255)) - client-C954105195FD->270584e6-a4a8-4db5-8151-214655ce1a56: receive RaftClientReply:client-C954105195FD->270584e6-a4a8-4db5-8151-214655ce1a56@group-787F5BA3AA67, cid=855, SUCCESS, logIndex=0, commits[270584e6-a4a8-4db5-8151-214655ce1a56:c1117, af078b8b-61ec-497f-9506-472d46a72462:c1116, 09fb9ab4-1b8d-44c0-9f8c-50855c6f1fed:c1116]
2019-08-21 12:27:55,389 | INFO  | DNAudit | user=null | ip=null | op=WRITE_CHUNK {blockData=conID: 1 locID: 102654965998748077 bcsId: 0} | ret=SUCCESS |  
2019-08-21 12:27:55,392 | INFO  | DNAudit | user=null | ip=null | op=WRITE_CHUNK {blockData=conID: 1 locID: 102654965998748077 bcsId: 0} | ret=SUCCESS |  
2019-08-21 12:27:55,392 | INFO  | DNAudit | user=null | ip=null | op=WRITE_CHUNK {blockData=conID: 1 locID: 102654965998748077 bcsId: 0} | ret=SUCCESS |  
2019-08-21 12:27:55,393 | INFO  | DNAudit | user=null | ip=null | op=WRITE_CHUNK {blockData=conID: 1 locID: 102654965998748077 bcsId: 0} | ret=SUCCESS |  
2019-08-21 12:27:55,394 | INFO  | DNAudit | user=null | ip=null | op=WRITE_CHUNK {blockData=conID: 1 locID: 102654965998748077 bcsId: 0} | ret=SUCCESS |  
2019-08-21 12:27:55,395 | INFO  | DNAudit | user=null | ip=null | op=WRITE_CHUNK {blockData=conID: 1 locID: 102654965998748077 bcsId: 0} | ret=SUCCESS |  
2019-08-21 12:27:55,409 | INFO  | DNAudit | user=null | ip=null | op=WRITE_CHUNK {blockData=conID: 1 locID: 102654965998748077 bcsId: 0} | ret=SUCCESS |  
2019-08-21 12:27:55,409 | INFO  | DNAudit | user=null | ip=null | op=PUT_BLOCK {blockData=[blockId=conID: 1 locID: 102654965998748077 bcsId: 0,size=1048576]} | ret=SUCCESS |  
2019-08-21 12:27:55,410 | INFO  | DNAudit | user=null | ip=null | op=WRITE_CHUNK {blockData=conID: 1 locID: 102654965998748077 bcsId: 0} | ret=SUCCESS |  
2019-08-21 12:27:55,410 [grpc-default-executor-1] INFO  client.GrpcClientProtocolClient (GrpcClientProtocolClient.java:onNext(255)) - client-C954105195FD->270584e6-a4a8-4db5-8151-214655ce1a56: receive RaftClientReply:client-C954105195FD->270584e6-a4a8-4db5-8151-214655ce1a56@group-787F5BA3AA67, cid=856, SUCCESS, logIndex=1119, commits[270584e6-a4a8-4db5-8151-214655ce1a56:c1122, af078b8b-61ec-497f-9506-472d46a72462:c1118, 09fb9ab4-1b8d-44c0-9f8c-50855c6f1fed:c1118]
2019-08-21 12:27:55,410 | INFO  | DNAudit | user=null | ip=null | op=PUT_BLOCK {blockData=[blockId=conID: 1 locID: 102654965998748077 bcsId: 0,size=2097152]} | ret=SUCCESS |  
2019-08-21 12:27:55,410 [grpc-default-executor-1] INFO  client.GrpcClientProtocolClient (GrpcClientProtocolClient.java:onNext(255)) - client-C954105195FD->270584e6-a4a8-4db5-8151-214655ce1a56: receive RaftClientReply:client-C954105195FD->270584e6-a4a8-4db5-8151-214655ce1a56@group-787F5BA3AA67, cid=857, SUCCESS, logIndex=1120, commits[270584e6-a4a8-4db5-8151-214655ce1a56:c1122, af078b8b-61ec-497f-9506-472d46a72462:c1118, 09fb9ab4-1b8d-44c0-9f8c-50855c6f1fed:c1118]
2019-08-21 12:27:55,411 [grpc-default-executor-1] INFO  client.GrpcClientProtocolClient (GrpcClientProtocolClient.java:onNext(255)) - client-C954105195FD->270584e6-a4a8-4db5-8151-214655ce1a56: receive RaftClientReply:client-C954105195FD->270584e6-a4a8-4db5-8151-214655ce1a56@group-787F5BA3AA67, cid=858, SUCCESS, logIndex=1121, commits[270584e6-a4a8-4db5-8151-214655ce1a56:c1122, af078b8b-61ec-497f-9506-472d46a72462:c1118, 09fb9ab4-1b8d-44c0-9f8c-50855c6f1fed:c1118]
2019-08-21 12:27:55,411 [grpc-default-executor-1] INFO  client.GrpcClientProtocolClient (GrpcClientProtocolClient.java:onNext(255)) - client-C954105195FD->270584e6-a4a8-4db5-8151-214655ce1a56: receive RaftClientReply:client-C954105195FD->270584e6-a4a8-4db5-8151-214655ce1a56@group-787F5BA3AA67, cid=859, SUCCESS, logIndex=1122, commits[270584e6-a4a8-4db5-8151-214655ce1a56:c1122, af078b8b-61ec-497f-9506-472d46a72462:c1118, 09fb9ab4-1b8d-44c0-9f8c-50855c6f1fed:c1118]
2019-08-21 12:27:55,420 | INFO  | DNAudit | user=null | ip=null | op=WRITE_CHUNK {blockData=conID: 1 locID: 102654965998748077 bcsId: 0} | ret=SUCCESS |  
2019-08-21 12:27:55,420 | INFO  | DNAudit | user=null | ip=null | op=PUT_BLOCK {blockData=[blockId=conID: 1 locID: 102654965998748077 bcsId: 0,size=1048576]} | ret=SUCCESS |  
2019-08-21 12:27:55,420 | INFO  | DNAudit | user=null | ip=null | op=WRITE_CHUNK {blockData=conID: 1 locID: 102654965998748077 bcsId: 0} | ret=SUCCESS |  
2019-08-21 12:27:55,421 | INFO  | DNAudit | user=null | ip=null | op=PUT_BLOCK {blockData=[blockId=conID: 1 locID: 102654965998748077 bcsId: 0,size=1048576]} | ret=SUCCESS |  
2019-08-21 12:27:55,421 | INFO  | DNAudit | user=null | ip=null | op=WRITE_CHUNK {blockData=conID: 1 locID: 102654965998748077 bcsId: 0} | ret=SUCCESS |  
2019-08-21 12:27:55,421 [grpc-default-executor-1] INFO  client.GrpcClientProtocolClient (GrpcClientProtocolClient.java:onNext(255)) - client-C954105195FD->270584e6-a4a8-4db5-8151-214655ce1a56: receive RaftClientReply:client-C954105195FD->270584e6-a4a8-4db5-8151-214655ce1a56@group-787F5BA3AA67, cid=860, SUCCESS, logIndex=0, commits[270584e6-a4a8-4db5-8151-214655ce1a56:c1123, af078b8b-61ec-497f-9506-472d46a72462:c1120, 09fb9ab4-1b8d-44c0-9f8c-50855c6f1fed:c1120]
2019-08-21 12:27:55,421 | INFO  | DNAudit | user=null | ip=null | op=PUT_BLOCK {blockData=[blockId=conID: 1 locID: 102654965998748077 bcsId: 0,size=2097152]} | ret=SUCCESS |  
2019-08-21 12:27:55,421 | INFO  | DNAudit | user=null | ip=null | op=WRITE_CHUNK {blockData=conID: 1 locID: 102654965998748077 bcsId: 0} | ret=SUCCESS |  
2019-08-21 12:27:55,422 | INFO  | DNAudit | user=null | ip=null | op=PUT_BLOCK {blockData=[blockId=conID: 1 locID: 102654965998748077 bcsId: 0,size=2097152]} | ret=SUCCESS |  
2019-08-21 12:27:55,427 | INFO  | DNAudit | user=null | ip=null | op=WRITE_CHUNK {blockData=conID: 1 locID: 102654965998748077 bcsId: 1122} | ret=SUCCESS |  
2019-08-21 12:27:55,430 | INFO  | DNAudit | user=null | ip=null | op=WRITE_CHUNK {blockData=conID: 1 locID: 102654965998748077 bcsId: 1122} | ret=SUCCESS |  
2019-08-21 12:27:55,430 | INFO  | DNAudit | user=null | ip=null | op=WRITE_CHUNK {blockData=conID: 1 locID: 102654965998748077 bcsId: 1122} | ret=SUCCESS |  
2019-08-21 12:27:55,432 | INFO  | DNAudit | user=null | ip=null | op=WRITE_CHUNK {blockData=conID: 1 locID: 102654965998748077 bcsId: 1122} | ret=SUCCESS |  
2019-08-21 12:27:55,433 | INFO  | DNAudit | user=null | ip=null | op=PUT_BLOCK {blockData=[blockId=conID: 1 locID: 102654965998748077 bcsId: 0,size=3145728]} | ret=SUCCESS |  
2019-08-21 12:27:55,433 [grpc-default-executor-4] INFO  client.GrpcClientProtocolClient (GrpcClientProtocolClient.java:onNext(255)) - client-C954105195FD->270584e6-a4a8-4db5-8151-214655ce1a56: receive RaftClientReply:client-C954105195FD->270584e6-a4a8-4db5-8151-214655ce1a56@group-787F5BA3AA67, cid=861, SUCCESS, logIndex=1127, commits[270584e6-a4a8-4db5-8151-214655ce1a56:c1128, af078b8b-61ec-497f-9506-472d46a72462:c1126, 09fb9ab4-1b8d-44c0-9f8c-50855c6f1fed:c1126]
2019-08-21 12:27:55,433 [grpc-default-executor-4] INFO  client.GrpcClientProtocolClient (GrpcClientProtocolClient.java:onNext(255)) - client-C954105195FD->270584e6-a4a8-4db5-8151-214655ce1a56: receive RaftClientReply:client-C954105195FD->270584e6-a4a8-4db5-8151-214655ce1a56@group-787F5BA3AA67, cid=862, SUCCESS, logIndex=1128, commits[270584e6-a4a8-4db5-8151-214655ce1a56:c1128, af078b8b-61ec-497f-9506-472d46a72462:c1126, 09fb9ab4-1b8d-44c0-9f8c-50855c6f1fed:c1126]
2019-08-21 12:27:55,441 | INFO  | DNAudit | user=null | ip=null | op=WRITE_CHUNK {blockData=conID: 1 locID: 102654965998748077 bcsId: 1128} | ret=SUCCESS |  
2019-08-21 12:27:55,443 | INFO  | DNAudit | user=null | ip=null | op=WRITE_CHUNK {blockData=conID: 1 locID: 102654965998748077 bcsId: 1128} | ret=SUCCESS |  
2019-08-21 12:27:55,443 | INFO  | DNAudit | user=null | ip=null | op=WRITE_CHUNK {blockData=conID: 1 locID: 102654965998748077 bcsId: 1128} | ret=SUCCESS |  
2019-08-21 12:27:55,444 | INFO  | DNAudit | user=null | ip=null | op=WRITE_CHUNK {blockData=conID: 1 locID: 102654965998748077 bcsId: 1122} | ret=SUCCESS |  
2019-08-21 12:27:55,444 | INFO  | DNAudit | user=null | ip=null | op=WRITE_CHUNK {blockData=conID: 1 locID: 102654965998748077 bcsId: 1122} | ret=SUCCESS |  
2019-08-21 12:27:55,445 | INFO  | DNAudit | user=null | ip=null | op=PUT_BLOCK {blockData=[blockId=conID: 1 locID: 102654965998748077 bcsId: 0,size=3145728]} | ret=SUCCESS |  
2019-08-21 12:27:55,445 | INFO  | DNAudit | user=null | ip=null | op=PUT_BLOCK {blockData=[blockId=conID: 1 locID: 102654965998748077 bcsId: 0,size=3145728]} | ret=SUCCESS |  
2019-08-21 12:27:55,446 | INFO  | DNAudit | user=null | ip=null | op=WRITE_CHUNK {blockData=conID: 1 locID: 102654965998748077 bcsId: 1128} | ret=SUCCESS |  
2019-08-21 12:27:55,446 | INFO  | DNAudit | user=null | ip=null | op=PUT_BLOCK {blockData=[blockId=conID: 1 locID: 102654965998748077 bcsId: 0,size=4194304]} | ret=SUCCESS |  
2019-08-21 12:27:55,447 [grpc-default-executor-5] INFO  client.GrpcClientProtocolClient (GrpcClientProtocolClient.java:onNext(255)) - client-C954105195FD->270584e6-a4a8-4db5-8151-214655ce1a56: receive RaftClientReply:client-C954105195FD->270584e6-a4a8-4db5-8151-214655ce1a56@group-787F5BA3AA67, cid=863, SUCCESS, logIndex=1131, commits[270584e6-a4a8-4db5-8151-214655ce1a56:c1132, af078b8b-61ec-497f-9506-472d46a72462:c1128, 09fb9ab4-1b8d-44c0-9f8c-50855c6f1fed:c1128]
2019-08-21 12:27:55,447 [grpc-default-executor-5] INFO  client.GrpcClientProtocolClient (GrpcClientProtocolClient.java:onNext(255)) - client-C954105195FD->270584e6-a4a8-4db5-8151-214655ce1a56: receive RaftClientReply:client-C954105195FD->270584e6-a4a8-4db5-8151-214655ce1a56@group-787F5BA3AA67, cid=864, SUCCESS, logIndex=1132, commits[270584e6-a4a8-4db5-8151-214655ce1a56:c1132, af078b8b-61ec-497f-9506-472d46a72462:c1128, 09fb9ab4-1b8d-44c0-9f8c-50855c6f1fed:c1128]
2019-08-21 12:27:55,457 | INFO  | DNAudit | user=null | ip=null | op=WRITE_CHUNK {blockData=conID: 1 locID: 102654965998748077 bcsId: 1128} | ret=SUCCESS |  
2019-08-21 12:27:55,457 | INFO  | DNAudit | user=null | ip=null | op=WRITE_CHUNK {blockData=conID: 1 locID: 102654965998748077 bcsId: 1128} | ret=SUCCESS |  
2019-08-21 12:27:55,458 | INFO  | DNAudit | user=null | ip=null | op=PUT_BLOCK {blockData=[blockId=conID: 1 locID: 102654965998748077 bcsId: 0,size=4194304]} | ret=SUCCESS |  
2019-08-21 12:27:55,458 | INFO  | DNAudit | user=null | ip=null | op=PUT_BLOCK {blockData=[blockId=conID: 1 locID: 102654965998748077 bcsId: 0,size=4194304]} | ret=SUCCESS |  
2019-08-21 12:27:55,459 [grpc-default-executor-5] INFO  client.GrpcClientProtocolClient (GrpcClientProtocolClient.java:onNext(255)) - client-C954105195FD->270584e6-a4a8-4db5-8151-214655ce1a56: receive RaftClientReply:client-C954105195FD->270584e6-a4a8-4db5-8151-214655ce1a56@group-787F5BA3AA67, cid=865, SUCCESS, logIndex=0, commits[270584e6-a4a8-4db5-8151-214655ce1a56:c1134, af078b8b-61ec-497f-9506-472d46a72462:c1132, 09fb9ab4-1b8d-44c0-9f8c-50855c6f1fed:c1132]
2019-08-21 12:27:55,467 | INFO  | DNAudit | user=null | ip=null | op=WRITE_CHUNK {blockData=conID: 2 locID: 102654965998748078 bcsId: 0} | ret=SUCCESS |  
2019-08-21 12:27:55,468 | INFO  | DNAudit | user=null | ip=null | op=WRITE_CHUNK {blockData=conID: 2 locID: 102654965998748078 bcsId: 0} | ret=SUCCESS |  
2019-08-21 12:27:55,470 | INFO  | DNAudit | user=null | ip=null | op=WRITE_CHUNK {blockData=conID: 2 locID: 102654965998748078 bcsId: 0} | ret=SUCCESS |  
2019-08-21 12:27:55,471 | INFO  | DNAudit | user=null | ip=null | op=WRITE_CHUNK {blockData=conID: 2 locID: 102654965998748078 bcsId: 0} | ret=SUCCESS |  
2019-08-21 12:27:55,472 | INFO  | DNAudit | user=null | ip=null | op=WRITE_CHUNK {blockData=conID: 2 locID: 102654965998748078 bcsId: 0} | ret=SUCCESS |  
2019-08-21 12:27:55,472 | INFO  | DNAudit | user=null | ip=null | op=WRITE_CHUNK {blockData=conID: 2 locID: 102654965998748078 bcsId: 0} | ret=SUCCESS |  
 0.00% |█                                                                                                    |  0/1 Time: 0:00:032019-08-21 12:27:55,480 | INFO  | DNAudit | user=null | ip=null | op=WRITE_CHUNK {blockData=conID: 2 locID: 102654965998748078 bcsId: 0} | ret=SUCCESS |  
2019-08-21 12:27:55,481 | INFO  | DNAudit | user=null | ip=null | op=PUT_BLOCK {blockData=[blockId=conID: 2 locID: 102654965998748078 bcsId: 0,size=1048576]} | ret=SUCCESS |  
2019-08-21 12:27:55,481 | INFO  | DNAudit | user=null | ip=null | op=WRITE_CHUNK {blockData=conID: 2 locID: 102654965998748078 bcsId: 0} | ret=SUCCESS |  
2019-08-21 12:27:55,481 [grpc-default-executor-4] INFO  client.GrpcClientProtocolClient (GrpcClientProtocolClient.java:onNext(255)) - client-C954105195FD->270584e6-a4a8-4db5-8151-214655ce1a56: receive RaftClientReply:client-C954105195FD->270584e6-a4a8-4db5-8151-214655ce1a56@group-787F5BA3AA67, cid=866, SUCCESS, logIndex=1135, commits[270584e6-a4a8-4db5-8151-214655ce1a56:c1136, af078b8b-61ec-497f-9506-472d46a72462:c1134, 09fb9ab4-1b8d-44c0-9f8c-50855c6f1fed:c1134]
2019-08-21 12:27:55,482 | INFO  | DNAudit | user=null | ip=null | op=PUT_BLOCK {blockData=[blockId=conID: 2 locID: 102654965998748078 bcsId: 0,size=2097152]} | ret=SUCCESS |  
2019-08-21 12:27:55,482 [grpc-default-executor-4] INFO  client.GrpcClientProtocolClient (GrpcClientProtocolClient.java:onNext(255)) - client-C954105195FD->270584e6-a4a8-4db5-8151-214655ce1a56: receive RaftClientReply:client-C954105195FD->270584e6-a4a8-4db5-8151-214655ce1a56@group-787F5BA3AA67, cid=867, SUCCESS, logIndex=1136, commits[270584e6-a4a8-4db5-8151-214655ce1a56:c1138, af078b8b-61ec-497f-9506-472d46a72462:c1134, 09fb9ab4-1b8d-44c0-9f8c-50855c6f1fed:c1134]
2019-08-21 12:27:55,482 [grpc-default-executor-4] INFO  client.GrpcClientProtocolClient (GrpcClientProtocolClient.java:onNext(255)) - client-C954105195FD->270584e6-a4a8-4db5-8151-214655ce1a56: receive RaftClientReply:client-C954105195FD->270584e6-a4a8-4db5-8151-214655ce1a56@group-787F5BA3AA67, cid=868, SUCCESS, logIndex=1137, commits[270584e6-a4a8-4db5-8151-214655ce1a56:c1138, af078b8b-61ec-497f-9506-472d46a72462:c1134, 09fb9ab4-1b8d-44c0-9f8c-50855c6f1fed:c1134]
2019-08-21 12:27:55,482 [grpc-default-executor-4] INFO  client.GrpcClientProtocolClient (GrpcClientProtocolClient.java:onNext(255)) - client-C954105195FD->270584e6-a4a8-4db5-8151-214655ce1a56: receive RaftClientReply:client-C954105195FD->270584e6-a4a8-4db5-8151-214655ce1a56@group-787F5BA3AA67, cid=869, SUCCESS, logIndex=1138, commits[270584e6-a4a8-4db5-8151-214655ce1a56:c1138, af078b8b-61ec-497f-9506-472d46a72462:c1134, 09fb9ab4-1b8d-44c0-9f8c-50855c6f1fed:c1134]
2019-08-21 12:27:55,492 | INFO  | DNAudit | user=null | ip=null | op=WRITE_CHUNK {blockData=conID: 2 locID: 102654965998748078 bcsId: 0} | ret=SUCCESS |  
2019-08-21 12:27:55,492 | INFO  | DNAudit | user=null | ip=null | op=WRITE_CHUNK {blockData=conID: 2 locID: 102654965998748078 bcsId: 0} | ret=SUCCESS |  
2019-08-21 12:27:55,493 | INFO  | DNAudit | user=null | ip=null | op=PUT_BLOCK {blockData=[blockId=conID: 2 locID: 102654965998748078 bcsId: 0,size=1048576]} | ret=SUCCESS |  
2019-08-21 12:27:55,493 | INFO  | DNAudit | user=null | ip=null | op=PUT_BLOCK {blockData=[blockId=conID: 2 locID: 102654965998748078 bcsId: 0,size=1048576]} | ret=SUCCESS |  
2019-08-21 12:27:55,493 | INFO  | DNAudit | user=null | ip=null | op=WRITE_CHUNK {blockData=conID: 2 locID: 102654965998748078 bcsId: 0} | ret=SUCCESS |  
2019-08-21 12:27:55,493 | INFO  | DNAudit | user=null | ip=null | op=WRITE_CHUNK {blockData=conID: 2 locID: 102654965998748078 bcsId: 0} | ret=SUCCESS |  
2019-08-21 12:27:55,493 | INFO  | DNAudit | user=null | ip=null | op=PUT_BLOCK {blockData=[blockId=conID: 2 locID: 102654965998748078 bcsId: 0,size=2097152]} | ret=SUCCESS |  
2019-08-21 12:27:55,493 | INFO  | DNAudit | user=null | ip=null | op=PUT_BLOCK {blockData=[blockId=conID: 2 locID: 102654965998748078 bcsId: 0,size=2097152]} | ret=SUCCESS |  
2019-08-21 12:27:55,493 [grpc-default-executor-4] INFO  client.GrpcClientProtocolClient (GrpcClientProtocolClient.java:onNext(255)) - client-C954105195FD->270584e6-a4a8-4db5-8151-214655ce1a56: receive RaftClientReply:client-C954105195FD->270584e6-a4a8-4db5-8151-214655ce1a56@group-787F5BA3AA67, cid=870, SUCCESS, logIndex=0, commits[270584e6-a4a8-4db5-8151-214655ce1a56:c1141, af078b8b-61ec-497f-9506-472d46a72462:c1138, 09fb9ab4-1b8d-44c0-9f8c-50855c6f1fed:c1136]
2019-08-21 12:27:55,500 | INFO  | DNAudit | user=null | ip=null | op=WRITE_CHUNK {blockData=conID: 2 locID: 102654965998748078 bcsId: 1138} | ret=SUCCESS |  
2019-08-21 12:27:55,503 | INFO  | DNAudit | user=null | ip=null | op=WRITE_CHUNK {blockData=conID: 2 locID: 102654965998748078 bcsId: 1138} | ret=SUCCESS |  
2019-08-21 12:27:55,503 | INFO  | DNAudit | user=null | ip=null | op=WRITE_CHUNK {blockData=conID: 2 locID: 102654965998748078 bcsId: 1138} | ret=SUCCESS |  
2019-08-21 12:27:55,513 | INFO  | DNAudit | user=null | ip=null | op=WRITE_CHUNK {blockData=conID: 2 locID: 102654965998748078 bcsId: 1138} | ret=SUCCESS |  
2019-08-21 12:27:55,513 | INFO  | DNAudit | user=null | ip=null | op=PUT_BLOCK {blockData=[blockId=conID: 2 locID: 102654965998748078 bcsId: 0,size=3145728]} | ret=SUCCESS |  
2019-08-21 12:27:55,513 [grpc-default-executor-1] INFO  client.GrpcClientProtocolClient (GrpcClientProtocolClient.java:onNext(255)) - client-C954105195FD->270584e6-a4a8-4db5-8151-214655ce1a56: receive RaftClientReply:client-C954105195FD->270584e6-a4a8-4db5-8151-214655ce1a56@group-787F5BA3AA67, cid=871, SUCCESS, logIndex=1142, commits[270584e6-a4a8-4db5-8151-214655ce1a56:c1143, af078b8b-61ec-497f-9506-472d46a72462:c1141, 09fb9ab4-1b8d-44c0-9f8c-50855c6f1fed:c1141]
2019-08-21 12:27:55,514 [grpc-default-executor-1] INFO  client.GrpcClientProtocolClient (GrpcClientProtocolClient.java:onNext(255)) - client-C954105195FD->270584e6-a4a8-4db5-8151-214655ce1a56: receive RaftClientReply:client-C954105195FD->270584e6-a4a8-4db5-8151-214655ce1a56@group-787F5BA3AA67, cid=872, SUCCESS, logIndex=1143, commits[270584e6-a4a8-4db5-8151-214655ce1a56:c1143, af078b8b-61ec-497f-9506-472d46a72462:c1141, 09fb9ab4-1b8d-44c0-9f8c-50855c6f1fed:c1141]
2019-08-21 12:27:55,521 | INFO  | DNAudit | user=null | ip=null | op=WRITE_CHUNK {blockData=conID: 2 locID: 102654965998748078 bcsId: 1143} | ret=SUCCESS |  
2019-08-21 12:27:55,524 | INFO  | DNAudit | user=null | ip=null | op=WRITE_CHUNK {blockData=conID: 2 locID: 102654965998748078 bcsId: 1143} | ret=SUCCESS |  
2019-08-21 12:27:55,525 | INFO  | DNAudit | user=null | ip=null | op=WRITE_CHUNK {blockData=conID: 2 locID: 102654965998748078 bcsId: 1143} | ret=SUCCESS |  
2019-08-21 12:27:55,526 | INFO  | DNAudit | user=null | ip=null | op=WRITE_CHUNK {blockData=conID: 2 locID: 102654965998748078 bcsId: 1138} | ret=SUCCESS |  
2019-08-21 12:27:55,526 | INFO  | DNAudit | user=null | ip=null | op=WRITE_CHUNK {blockData=conID: 2 locID: 102654965998748078 bcsId: 1138} | ret=SUCCESS |  
2019-08-21 12:27:55,529 | INFO  | DNAudit | user=null | ip=null | op=PUT_BLOCK {blockData=[blockId=conID: 2 locID: 102654965998748078 bcsId: 0,size=3145728]} | ret=SUCCESS |  
2019-08-21 12:27:55,529 | INFO  | DNAudit | user=null | ip=null | op=PUT_BLOCK {blockData=[blockId=conID: 2 locID: 102654965998748078 bcsId: 0,size=3145728]} | ret=SUCCESS |  
2019-08-21 12:27:55,529 | INFO  | DNAudit | user=null | ip=null | op=WRITE_CHUNK {blockData=conID: 2 locID: 102654965998748078 bcsId: 1143} | ret=SUCCESS |  
2019-08-21 12:27:55,530 | INFO  | DNAudit | user=null | ip=null | op=PUT_BLOCK {blockData=[blockId=conID: 2 locID: 102654965998748078 bcsId: 0,size=4194304]} | ret=SUCCESS |  
2019-08-21 12:27:55,530 [grpc-default-executor-4] INFO  client.GrpcClientProtocolClient (GrpcClientProtocolClient.java:onNext(255)) - client-C954105195FD->270584e6-a4a8-4db5-8151-214655ce1a56: receive RaftClientReply:client-C954105195FD->270584e6-a4a8-4db5-8151-214655ce1a56@group-787F5BA3AA67, cid=873, SUCCESS, logIndex=1146, commits[270584e6-a4a8-4db5-8151-214655ce1a56:c1147, af078b8b-61ec-497f-9506-472d46a72462:c1143, 09fb9ab4-1b8d-44c0-9f8c-50855c6f1fed:c1143]
2019-08-21 12:27:55,530 [grpc-default-executor-4] INFO  client.GrpcClientProtocolClient (GrpcClientProtocolClient.java:onNext(255)) - client-C954105195FD->270584e6-a4a8-4db5-8151-214655ce1a56: receive RaftClientReply:client-C954105195FD->270584e6-a4a8-4db5-8151-214655ce1a56@group-787F5BA3AA67, cid=874, SUCCESS, logIndex=1147, commits[270584e6-a4a8-4db5-8151-214655ce1a56:c1147, af078b8b-61ec-497f-9506-472d46a72462:c1143, 09fb9ab4-1b8d-44c0-9f8c-50855c6f1fed:c1143]
2019-08-21 12:27:55,541 | INFO  | DNAudit | user=null | ip=null | op=WRITE_CHUNK {blockData=conID: 2 locID: 102654965998748078 bcsId: 1143} | ret=SUCCESS |  
2019-08-21 12:27:55,541 | INFO  | DNAudit | user=null | ip=null | op=WRITE_CHUNK {blockData=conID: 2 locID: 102654965998748078 bcsId: 1143} | ret=SUCCESS |  
2019-08-21 12:27:55,541 | INFO  | DNAudit | user=null | ip=null | op=PUT_BLOCK {blockData=[blockId=conID: 2 locID: 102654965998748078 bcsId: 0,size=4194304]} | ret=SUCCESS |  
2019-08-21 12:27:55,542 | INFO  | DNAudit | user=null | ip=null | op=PUT_BLOCK {blockData=[blockId=conID: 2 locID: 102654965998748078 bcsId: 0,size=4194304]} | ret=SUCCESS |  
2019-08-21 12:27:55,542 [grpc-default-executor-4] INFO  client.GrpcClientProtocolClient (GrpcClientProtocolClient.java:onNext(255)) - client-C954105195FD->270584e6-a4a8-4db5-8151-214655ce1a56: receive RaftClientReply:client-C954105195FD->270584e6-a4a8-4db5-8151-214655ce1a56@group-787F5BA3AA67, cid=875, SUCCESS, logIndex=0, commits[270584e6-a4a8-4db5-8151-214655ce1a56:c1148, af078b8b-61ec-497f-9506-472d46a72462:c1147, 09fb9ab4-1b8d-44c0-9f8c-50855c6f1fed:c1147]
2019-08-21 12:27:55,550 | INFO  | DNAudit | user=null | ip=null | op=WRITE_CHUNK {blockData=conID: 3 locID: 102654965998748079 bcsId: 0} | ret=SUCCESS |  
2019-08-21 12:27:55,554 | INFO  | DNAudit | user=null | ip=null | op=WRITE_CHUNK {blockData=conID: 3 locID: 102654965998748079 bcsId: 0} | ret=SUCCESS |  
2019-08-21 12:27:55,555 | INFO  | DNAudit | user=null | ip=null | op=WRITE_CHUNK {blockData=conID: 3 locID: 102654965998748079 bcsId: 0} | ret=SUCCESS |  
2019-08-21 12:27:55,555 | INFO  | DNAudit | user=null | ip=null | op=WRITE_CHUNK {blockData=conID: 3 locID: 102654965998748079 bcsId: 0} | ret=SUCCESS |  
2019-08-21 12:27:55,558 | INFO  | DNAudit | user=null | ip=null | op=WRITE_CHUNK {blockData=conID: 3 locID: 102654965998748079 bcsId: 0} | ret=SUCCESS |  
2019-08-21 12:27:55,559 | INFO  | DNAudit | user=null | ip=null | op=WRITE_CHUNK {blockData=conID: 3 locID: 102654965998748079 bcsId: 0} | ret=SUCCESS |  
2019-08-21 12:27:55,563 | INFO  | DNAudit | user=null | ip=null | op=WRITE_CHUNK {blockData=conID: 3 locID: 102654965998748079 bcsId: 0} | ret=SUCCESS |  
2019-08-21 12:27:55,564 | INFO  | DNAudit | user=null | ip=null | op=PUT_BLOCK {blockData=[blockId=conID: 3 locID: 102654965998748079 bcsId: 0,size=1048576]} | ret=SUCCESS |  
2019-08-21 12:27:55,564 | INFO  | DNAudit | user=null | ip=null | op=WRITE_CHUNK {blockData=conID: 3 locID: 102654965998748079 bcsId: 0} | ret=SUCCESS |  
2019-08-21 12:27:55,564 [grpc-default-executor-5] INFO  client.GrpcClientProtocolClient (GrpcClientProtocolClient.java:onNext(255)) - client-C954105195FD->270584e6-a4a8-4db5-8151-214655ce1a56: receive RaftClientReply:client-C954105195FD->270584e6-a4a8-4db5-8151-214655ce1a56@group-787F5BA3AA67, cid=876, SUCCESS, logIndex=1150, commits[270584e6-a4a8-4db5-8151-214655ce1a56:c1151, af078b8b-61ec-497f-9506-472d46a72462:c1149, 09fb9ab4-1b8d-44c0-9f8c-50855c6f1fed:c1149]
2019-08-21 12:27:55,565 | INFO  | DNAudit | user=null | ip=null | op=PUT_BLOCK {blockData=[blockId=conID: 3 locID: 102654965998748079 bcsId: 0,size=2097152]} | ret=SUCCESS |  
2019-08-21 12:27:55,565 [grpc-default-executor-5] INFO  client.GrpcClientProtocolClient (GrpcClientProtocolClient.java:onNext(255)) - client-C954105195FD->270584e6-a4a8-4db5-8151-214655ce1a56: receive RaftClientReply:client-C954105195FD->270584e6-a4a8-4db5-8151-214655ce1a56@group-787F5BA3AA67, cid=877, SUCCESS, logIndex=1151, commits[270584e6-a4a8-4db5-8151-214655ce1a56:c1152, af078b8b-61ec-497f-9506-472d46a72462:c1149, 09fb9ab4-1b8d-44c0-9f8c-50855c6f1fed:c1149]
2019-08-21 12:27:55,565 [grpc-default-executor-5] INFO  client.GrpcClientProtocolClient (GrpcClientProtocolClient.java:onNext(255)) - client-C954105195FD->270584e6-a4a8-4db5-8151-214655ce1a56: receive RaftClientReply:client-C954105195FD->270584e6-a4a8-4db5-8151-214655ce1a56@group-787F5BA3AA67, cid=878, SUCCESS, logIndex=1152, commits[270584e6-a4a8-4db5-8151-214655ce1a56:c1153, af078b8b-61ec-497f-9506-472d46a72462:c1149, 09fb9ab4-1b8d-44c0-9f8c-50855c6f1fed:c1149]
2019-08-21 12:27:55,565 [grpc-default-executor-5] INFO  client.GrpcClientProtocolClient (GrpcClientProtocolClient.java:onNext(255)) - client-C954105195FD->270584e6-a4a8-4db5-8151-214655ce1a56: receive RaftClientReply:client-C954105195FD->270584e6-a4a8-4db5-8151-214655ce1a56@group-787F5BA3AA67, cid=879, SUCCESS, logIndex=1153, commits[270584e6-a4a8-4db5-8151-214655ce1a56:c1153, af078b8b-61ec-497f-9506-472d46a72462:c1149, 09fb9ab4-1b8d-44c0-9f8c-50855c6f1fed:c1149]
2019-08-21 12:27:55,575 | INFO  | DNAudit | user=null | ip=null | op=WRITE_CHUNK {blockData=conID: 3 locID: 102654965998748079 bcsId: 0} | ret=SUCCESS |  
2019-08-21 12:27:55,576 | INFO  | DNAudit | user=null | ip=null | op=PUT_BLOCK {blockData=[blockId=conID: 3 locID: 102654965998748079 bcsId: 0,size=1048576]} | ret=SUCCESS |  
2019-08-21 12:27:55,576 | INFO  | DNAudit | user=null | ip=null | op=WRITE_CHUNK {blockData=conID: 3 locID: 102654965998748079 bcsId: 0} | ret=SUCCESS |  
2019-08-21 12:27:55,576 | INFO  | DNAudit | user=null | ip=null | op=PUT_BLOCK {blockData=[blockId=conID: 3 locID: 102654965998748079 bcsId: 0,size=1048576]} | ret=SUCCESS |  
2019-08-21 12:27:55,576 | INFO  | DNAudit | user=null | ip=null | op=WRITE_CHUNK {blockData=conID: 3 locID: 102654965998748079 bcsId: 0} | ret=SUCCESS |  
2019-08-21 12:27:55,577 | INFO  | DNAudit | user=null | ip=null | op=PUT_BLOCK {blockData=[blockId=conID: 3 locID: 102654965998748079 bcsId: 0,size=2097152]} | ret=SUCCESS |  
2019-08-21 12:27:55,577 [grpc-default-executor-5] INFO  client.GrpcClientProtocolClient (GrpcClientProtocolClient.java:onNext(255)) - client-C954105195FD->270584e6-a4a8-4db5-8151-214655ce1a56: receive RaftClientReply:client-C954105195FD->270584e6-a4a8-4db5-8151-214655ce1a56@group-787F5BA3AA67, cid=880, SUCCESS, logIndex=0, commits[270584e6-a4a8-4db5-8151-214655ce1a56:c1155, af078b8b-61ec-497f-9506-472d46a72462:c1151, 09fb9ab4-1b8d-44c0-9f8c-50855c6f1fed:c1151]
2019-08-21 12:27:55,578 | INFO  | DNAudit | user=null | ip=null | op=WRITE_CHUNK {blockData=conID: 3 locID: 102654965998748079 bcsId: 0} | ret=SUCCESS |  
2019-08-21 12:27:55,579 | INFO  | DNAudit | user=null | ip=null | op=PUT_BLOCK {blockData=[blockId=conID: 3 locID: 102654965998748079 bcsId: 0,size=2097152]} | ret=SUCCESS |  
2019-08-21 12:27:55,584 | INFO  | DNAudit | user=null | ip=null | op=WRITE_CHUNK {blockData=conID: 3 locID: 102654965998748079 bcsId: 1153} | ret=SUCCESS |  
2019-08-21 12:27:55,587 | INFO  | DNAudit | user=null | ip=null | op=WRITE_CHUNK {blockData=conID: 3 locID: 102654965998748079 bcsId: 1153} | ret=SUCCESS |  
2019-08-21 12:27:55,587 | INFO  | DNAudit | user=null | ip=null | op=WRITE_CHUNK {blockData=conID: 3 locID: 102654965998748079 bcsId: 1153} | ret=SUCCESS |  
2019-08-21 12:27:55,598 | INFO  | DNAudit | user=null | ip=null | op=WRITE_CHUNK {blockData=conID: 3 locID: 102654965998748079 bcsId: 1153} | ret=SUCCESS |  
2019-08-21 12:27:55,598 | INFO  | DNAudit | user=null | ip=null | op=PUT_BLOCK {blockData=[blockId=conID: 3 locID: 102654965998748079 bcsId: 0,size=3145728]} | ret=SUCCESS |  
2019-08-21 12:27:55,599 [grpc-default-executor-1] INFO  client.GrpcClientProtocolClient (GrpcClientProtocolClient.java:onNext(255)) - client-C954105195FD->270584e6-a4a8-4db5-8151-214655ce1a56: receive RaftClientReply:client-C954105195FD->270584e6-a4a8-4db5-8151-214655ce1a56@group-787F5BA3AA67, cid=881, SUCCESS, logIndex=1158, commits[270584e6-a4a8-4db5-8151-214655ce1a56:c1159, af078b8b-61ec-497f-9506-472d46a72462:c1157, 09fb9ab4-1b8d-44c0-9f8c-50855c6f1fed:c1157]
2019-08-21 12:27:55,599 [grpc-default-executor-1] INFO  client.GrpcClientProtocolClient (GrpcClientProtocolClient.java:onNext(255)) - client-C954105195FD->270584e6-a4a8-4db5-8151-214655ce1a56: receive RaftClientReply:client-C954105195FD->270584e6-a4a8-4db5-8151-214655ce1a56@group-787F5BA3AA67, cid=882, SUCCESS, logIndex=1159, commits[270584e6-a4a8-4db5-8151-214655ce1a56:c1159, af078b8b-61ec-497f-9506-472d46a72462:c1157, 09fb9ab4-1b8d-44c0-9f8c-50855c6f1fed:c1157]
2019-08-21 12:27:55,600 | INFO  | DNAudit | user=null | ip=null | op=WRITE_CHUNK {blockData=conID: 3 locID: 102654965998748079 bcsId: 1153} | ret=SUCCESS |  
2019-08-21 12:27:55,600 | INFO  | DNAudit | user=null | ip=null | op=WRITE_CHUNK {blockData=conID: 3 locID: 102654965998748079 bcsId: 1153} | ret=SUCCESS |  
2019-08-21 12:27:55,600 | INFO  | DNAudit | user=null | ip=null | op=PUT_BLOCK {blockData=[blockId=conID: 3 locID: 102654965998748079 bcsId: 0,size=3145728]} | ret=SUCCESS |  
2019-08-21 12:27:55,601 | INFO  | DNAudit | user=null | ip=null | op=PUT_BLOCK {blockData=[blockId=conID: 3 locID: 102654965998748079 bcsId: 0,size=3145728]} | ret=SUCCESS |  
2019-08-21 12:27:55,606 | INFO  | DNAudit | user=null | ip=null | op=WRITE_CHUNK {blockData=conID: 3 locID: 102654965998748079 bcsId: 1159} | ret=SUCCESS |  
2019-08-21 12:27:55,609 | INFO  | DNAudit | user=null | ip=null | op=WRITE_CHUNK {blockData=conID: 3 locID: 102654965998748079 bcsId: 1159} | ret=SUCCESS |  
2019-08-21 12:27:55,610 | INFO  | DNAudit | user=null | ip=null | op=WRITE_CHUNK {blockData=conID: 3 locID: 102654965998748079 bcsId: 1159} | ret=SUCCESS |  
2019-08-21 12:27:55,612 | INFO  | DNAudit | user=null | ip=null | op=WRITE_CHUNK {blockData=conID: 3 locID: 102654965998748079 bcsId: 1159} | ret=SUCCESS |  
2019-08-21 12:27:55,612 | INFO  | DNAudit | user=null | ip=null | op=PUT_BLOCK {blockData=[blockId=conID: 3 locID: 102654965998748079 bcsId: 0,size=4194304]} | ret=SUCCESS |  
2019-08-21 12:27:55,613 [grpc-default-executor-1] INFO  client.GrpcClientProtocolClient (GrpcClientProtocolClient.java:onNext(255)) - client-C954105195FD->270584e6-a4a8-4db5-8151-214655ce1a56: receive RaftClientReply:client-C954105195FD->270584e6-a4a8-4db5-8151-214655ce1a56@group-787F5BA3AA67, cid=883, SUCCESS, logIndex=1162, commits[270584e6-a4a8-4db5-8151-214655ce1a56:c1163, af078b8b-61ec-497f-9506-472d46a72462:c1161, 09fb9ab4-1b8d-44c0-9f8c-50855c6f1fed:c1161]
2019-08-21 12:27:55,613 [grpc-default-executor-1] INFO  client.GrpcClientProtocolClient (GrpcClientProtocolClient.java:onNext(255)) - client-C954105195FD->270584e6-a4a8-4db5-8151-214655ce1a56: receive RaftClientReply:client-C954105195FD->270584e6-a4a8-4db5-8151-214655ce1a56@group-787F5BA3AA67, cid=884, SUCCESS, logIndex=1163, commits[270584e6-a4a8-4db5-8151-214655ce1a56:c1163, af078b8b-61ec-497f-9506-472d46a72462:c1161, 09fb9ab4-1b8d-44c0-9f8c-50855c6f1fed:c1161]
2019-08-21 12:27:55,614 | INFO  | DNAudit | user=null | ip=null | op=WRITE_CHUNK {blockData=conID: 3 locID: 102654965998748079 bcsId: 1159} | ret=SUCCESS |  
2019-08-21 12:27:55,614 | INFO  | DNAudit | user=null | ip=null | op=WRITE_CHUNK {blockData=conID: 3 locID: 102654965998748079 bcsId: 1159} | ret=SUCCESS |  
2019-08-21 12:27:55,615 | INFO  | DNAudit | user=null | ip=null | op=PUT_BLOCK {blockData=[blockId=conID: 3 locID: 102654965998748079 bcsId: 0,size=4194304]} | ret=SUCCESS |  
2019-08-21 12:27:55,615 | INFO  | DNAudit | user=null | ip=null | op=PUT_BLOCK {blockData=[blockId=conID: 3 locID: 102654965998748079 bcsId: 0,size=4194304]} | ret=SUCCESS |  
2019-08-21 12:27:55,615 [grpc-default-executor-1] INFO  client.GrpcClientProtocolClient (GrpcClientProtocolClient.java:onNext(255)) - client-C954105195FD->270584e6-a4a8-4db5-8151-214655ce1a56: receive RaftClientReply:client-C954105195FD->270584e6-a4a8-4db5-8151-214655ce1a56@group-787F5BA3AA67, cid=885, SUCCESS, logIndex=0, commits[270584e6-a4a8-4db5-8151-214655ce1a56:c1164, af078b8b-61ec-497f-9506-472d46a72462:c1163, 09fb9ab4-1b8d-44c0-9f8c-50855c6f1fed:c1163]
2019-08-21 12:27:55,622 | INFO  | DNAudit | user=null | ip=null | op=WRITE_CHUNK {blockData=conID: 1 locID: 102654965998748080 bcsId: 0} | ret=SUCCESS |  
2019-08-21 12:27:55,626 | INFO  | DNAudit | user=null | ip=null | op=WRITE_CHUNK {blockData=conID: 1 locID: 102654965998748080 bcsId: 0} | ret=SUCCESS |  
2019-08-21 12:27:55,627 | INFO  | DNAudit | user=null | ip=null | op=WRITE_CHUNK {blockData=conID: 1 locID: 102654965998748080 bcsId: 0} | ret=SUCCESS |  
2019-08-21 12:27:55,627 | INFO  | DNAudit | user=null | ip=null | op=WRITE_CHUNK {blockData=conID: 1 locID: 102654965998748080 bcsId: 0} | ret=SUCCESS |  
2019-08-21 12:27:55,628 | INFO  | DNAudit | user=null | ip=null | op=WRITE_CHUNK {blockData=conID: 1 locID: 102654965998748080 bcsId: 0} | ret=SUCCESS |  
2019-08-21 12:27:55,629 | INFO  | DNAudit | user=null | ip=null | op=PUT_BLOCK {blockData=[blockId=conID: 1 locID: 102654965998748080 bcsId: 0,size=1048576]} | ret=SUCCESS |  
2019-08-21 12:27:55,629 | INFO  | DNAudit | user=null | ip=null | op=WRITE_CHUNK {blockData=conID: 1 locID: 102654965998748080 bcsId: 0} | ret=SUCCESS |  
2019-08-21 12:27:55,629 [grpc-default-executor-4] INFO  client.GrpcClientProtocolClient (GrpcClientProtocolClient.java:onNext(255)) - client-C954105195FD->270584e6-a4a8-4db5-8151-214655ce1a56: receive RaftClientReply:client-C954105195FD->270584e6-a4a8-4db5-8151-214655ce1a56@group-787F5BA3AA67, cid=886, SUCCESS, logIndex=1166, commits[270584e6-a4a8-4db5-8151-214655ce1a56:c1167, af078b8b-61ec-497f-9506-472d46a72462:c1165, 09fb9ab4-1b8d-44c0-9f8c-50855c6f1fed:c1165]
2019-08-21 12:27:55,630 | INFO  | DNAudit | user=null | ip=null | op=WRITE_CHUNK {blockData=conID: 1 locID: 102654965998748080 bcsId: 0} | ret=SUCCESS |  
2019-08-21 12:27:55,630 [grpc-default-executor-4] INFO  client.GrpcClientProtocolClient (GrpcClientProtocolClient.java:onNext(255)) - client-C954105195FD->270584e6-a4a8-4db5-8151-214655ce1a56: receive RaftClientReply:client-C954105195FD->270584e6-a4a8-4db5-8151-214655ce1a56@group-787F5BA3AA67, cid=887, SUCCESS, logIndex=1167, commits[270584e6-a4a8-4db5-8151-214655ce1a56:c1167, af078b8b-61ec-497f-9506-472d46a72462:c1165, 09fb9ab4-1b8d-44c0-9f8c-50855c6f1fed:c1165]
2019-08-21 12:27:55,631 | INFO  | DNAudit | user=null | ip=null | op=WRITE_CHUNK {blockData=conID: 1 locID: 102654965998748080 bcsId: 0} | ret=SUCCESS |  
2019-08-21 12:27:55,631 | INFO  | DNAudit | user=null | ip=null | op=WRITE_CHUNK {blockData=conID: 1 locID: 102654965998748080 bcsId: 0} | ret=SUCCESS |  
2019-08-21 12:27:55,631 | INFO  | DNAudit | user=null | ip=null | op=PUT_BLOCK {blockData=[blockId=conID: 1 locID: 102654965998748080 bcsId: 0,size=1048576]} | ret=SUCCESS |  
2019-08-21 12:27:55,632 | INFO  | DNAudit | user=null | ip=null | op=WRITE_CHUNK {blockData=conID: 1 locID: 102654965998748080 bcsId: 0} | ret=SUCCESS |  
2019-08-21 12:27:55,632 | INFO  | DNAudit | user=null | ip=null | op=PUT_BLOCK {blockData=[blockId=conID: 1 locID: 102654965998748080 bcsId: 0,size=2097152]} | ret=SUCCESS |  
2019-08-21 12:27:55,632 | INFO  | DNAudit | user=null | ip=null | op=PUT_BLOCK {blockData=[blockId=conID: 1 locID: 102654965998748080 bcsId: 0,size=1048576]} | ret=SUCCESS |  
2019-08-21 12:27:55,632 [grpc-default-executor-4] INFO  client.GrpcClientProtocolClient (GrpcClientProtocolClient.java:onNext(255)) - client-C954105195FD->270584e6-a4a8-4db5-8151-214655ce1a56: receive RaftClientReply:client-C954105195FD->270584e6-a4a8-4db5-8151-214655ce1a56@group-787F5BA3AA67, cid=888, SUCCESS, logIndex=1168, commits[270584e6-a4a8-4db5-8151-214655ce1a56:c1170, af078b8b-61ec-497f-9506-472d46a72462:c1167, 09fb9ab4-1b8d-44c0-9f8c-50855c6f1fed:c1165]
2019-08-21 12:27:55,632 [grpc-default-executor-4] INFO  client.GrpcClientProtocolClient (GrpcClientProtocolClient.java:onNext(255)) - client-C954105195FD->270584e6-a4a8-4db5-8151-214655ce1a56: receive RaftClientReply:client-C954105195FD->270584e6-a4a8-4db5-8151-214655ce1a56@group-787F5BA3AA67, cid=889, SUCCESS, logIndex=1169, commits[270584e6-a4a8-4db5-8151-214655ce1a56:c1171, af078b8b-61ec-497f-9506-472d46a72462:c1167, 09fb9ab4-1b8d-44c0-9f8c-50855c6f1fed:c1167]
2019-08-21 12:27:55,633 | INFO  | DNAudit | user=null | ip=null | op=WRITE_CHUNK {blockData=conID: 1 locID: 102654965998748080 bcsId: 0} | ret=SUCCESS |  
2019-08-21 12:27:55,635 | INFO  | DNAudit | user=null | ip=null | op=WRITE_CHUNK {blockData=conID: 1 locID: 102654965998748080 bcsId: 0} | ret=SUCCESS |  
2019-08-21 12:27:55,636 | INFO  | DNAudit | user=null | ip=null | op=PUT_BLOCK {blockData=[blockId=conID: 1 locID: 102654965998748080 bcsId: 0,size=2097152]} | ret=SUCCESS |  
2019-08-21 12:27:55,636 | INFO  | DNAudit | user=null | ip=null | op=PUT_BLOCK {blockData=[blockId=conID: 1 locID: 102654965998748080 bcsId: 0,size=2097152]} | ret=SUCCESS |  
2019-08-21 12:27:55,639 | INFO  | DNAudit | user=null | ip=null | op=WRITE_CHUNK {blockData=conID: 1 locID: 102654965998748080 bcsId: 1169} | ret=SUCCESS |  
2019-08-21 12:27:55,642 | INFO  | DNAudit | user=null | ip=null | op=WRITE_CHUNK {blockData=conID: 1 locID: 102654965998748080 bcsId: 1169} | ret=SUCCESS |  
2019-08-21 12:27:55,642 | INFO  | DNAudit | user=null | ip=null | op=WRITE_CHUNK {blockData=conID: 1 locID: 102654965998748080 bcsId: 1169} | ret=SUCCESS |  
2019-08-21 12:27:55,659 | INFO  | DNAudit | user=null | ip=null | op=WRITE_CHUNK {blockData=conID: 1 locID: 102654965998748080 bcsId: 1169} | ret=SUCCESS |  
2019-08-21 12:27:55,659 | INFO  | DNAudit | user=null | ip=null | op=PUT_BLOCK {blockData=[blockId=conID: 1 locID: 102654965998748080 bcsId: 0,size=3145728]} | ret=SUCCESS |  
2019-08-21 12:27:55,659 [grpc-default-executor-5] INFO  client.GrpcClientProtocolClient (GrpcClientProtocolClient.java:onNext(255)) - client-C954105195FD->270584e6-a4a8-4db5-8151-214655ce1a56: receive RaftClientReply:client-C954105195FD->270584e6-a4a8-4db5-8151-214655ce1a56@group-787F5BA3AA67, cid=890, SUCCESS, logIndex=1174, commits[270584e6-a4a8-4db5-8151-214655ce1a56:c1175, af078b8b-61ec-497f-9506-472d46a72462:c1173, 09fb9ab4-1b8d-44c0-9f8c-50855c6f1fed:c1173]
2019-08-21 12:27:55,660 [grpc-default-executor-5] INFO  client.GrpcClientProtocolClient (GrpcClientProtocolClient.java:onNext(255)) - client-C954105195FD->270584e6-a4a8-4db5-8151-214655ce1a56: receive RaftClientReply:client-C954105195FD->270584e6-a4a8-4db5-8151-214655ce1a56@group-787F5BA3AA67, cid=891, SUCCESS, logIndex=1175, commits[270584e6-a4a8-4db5-8151-214655ce1a56:c1175, af078b8b-61ec-497f-9506-472d46a72462:c1173, 09fb9ab4-1b8d-44c0-9f8c-50855c6f1fed:c1173]
2019-08-21 12:27:55,660 | INFO  | DNAudit | user=null | ip=null | op=WRITE_CHUNK {blockData=conID: 1 locID: 102654965998748080 bcsId: 1169} | ret=SUCCESS |  
2019-08-21 12:27:55,660 | INFO  | DNAudit | user=null | ip=null | op=WRITE_CHUNK {blockData=conID: 1 locID: 102654965998748080 bcsId: 1169} | ret=SUCCESS |  
2019-08-21 12:27:55,661 | INFO  | DNAudit | user=null | ip=null | op=PUT_BLOCK {blockData=[blockId=conID: 1 locID: 102654965998748080 bcsId: 0,size=3145728]} | ret=SUCCESS |  
2019-08-21 12:27:55,661 | INFO  | DNAudit | user=null | ip=null | op=PUT_BLOCK {blockData=[blockId=conID: 1 locID: 102654965998748080 bcsId: 0,size=3145728]} | ret=SUCCESS |  
2019-08-21 12:27:55,668 | INFO  | DNAudit | user=null | ip=null | op=WRITE_CHUNK {blockData=conID: 1 locID: 102654965998748080 bcsId: 1175} | ret=SUCCESS |  
2019-08-21 12:27:55,671 | INFO  | DNAudit | user=null | ip=null | op=WRITE_CHUNK {blockData=conID: 1 locID: 102654965998748080 bcsId: 1175} | ret=SUCCESS |  
2019-08-21 12:27:55,673 | INFO  | DNAudit | user=null | ip=null | op=WRITE_CHUNK {blockData=conID: 1 locID: 102654965998748080 bcsId: 1175} | ret=SUCCESS |  
2019-08-21 12:27:55,677 | INFO  | DNAudit | user=null | ip=null | op=WRITE_CHUNK {blockData=conID: 1 locID: 102654965998748080 bcsId: 1175} | ret=SUCCESS |  
2019-08-21 12:27:55,678 | INFO  | DNAudit | user=null | ip=null | op=PUT_BLOCK {blockData=[blockId=conID: 1 locID: 102654965998748080 bcsId: 0,size=4194304]} | ret=SUCCESS |  
2019-08-21 12:27:55,678 [grpc-default-executor-4] INFO  client.GrpcClientProtocolClient (GrpcClientProtocolClient.java:onNext(255)) - client-C954105195FD->270584e6-a4a8-4db5-8151-214655ce1a56: receive RaftClientReply:client-C954105195FD->270584e6-a4a8-4db5-8151-214655ce1a56@group-787F5BA3AA67, cid=892, SUCCESS, logIndex=1178, commits[270584e6-a4a8-4db5-8151-214655ce1a56:c1179, af078b8b-61ec-497f-9506-472d46a72462:c1177, 09fb9ab4-1b8d-44c0-9f8c-50855c6f1fed:c1177]
2019-08-21 12:27:55,679 [grpc-default-executor-4] INFO  client.GrpcClientProtocolClient (GrpcClientProtocolClient.java:onNext(255)) - client-C954105195FD->270584e6-a4a8-4db5-8151-214655ce1a56: receive RaftClientReply:client-C954105195FD->270584e6-a4a8-4db5-8151-214655ce1a56@group-787F5BA3AA67, cid=893, SUCCESS, logIndex=1179, commits[270584e6-a4a8-4db5-8151-214655ce1a56:c1179, af078b8b-61ec-497f-9506-472d46a72462:c1177, 09fb9ab4-1b8d-44c0-9f8c-50855c6f1fed:c1177]
2019-08-21 12:27:55,689 | INFO  | DNAudit | user=null | ip=null | op=WRITE_CHUNK {blockData=conID: 1 locID: 102654965998748080 bcsId: 1175} | ret=SUCCESS |  
2019-08-21 12:27:55,689 | INFO  | DNAudit | user=null | ip=null | op=WRITE_CHUNK {blockData=conID: 1 locID: 102654965998748080 bcsId: 1175} | ret=SUCCESS |  
2019-08-21 12:27:55,690 | INFO  | DNAudit | user=null | ip=null | op=PUT_BLOCK {blockData=[blockId=conID: 1 locID: 102654965998748080 bcsId: 0,size=4194304]} | ret=SUCCESS |  
2019-08-21 12:27:55,690 | INFO  | DNAudit | user=null | ip=null | op=PUT_BLOCK {blockData=[blockId=conID: 1 locID: 102654965998748080 bcsId: 0,size=4194304]} | ret=SUCCESS |  
2019-08-21 12:27:55,691 [grpc-default-executor-5] INFO  client.GrpcClientProtocolClient (GrpcClientProtocolClient.java:onNext(255)) - client-C954105195FD->270584e6-a4a8-4db5-8151-214655ce1a56: receive RaftClientReply:client-C954105195FD->270584e6-a4a8-4db5-8151-214655ce1a56@group-787F5BA3AA67, cid=894, SUCCESS, logIndex=0, commits[270584e6-a4a8-4db5-8151-214655ce1a56:c1181, af078b8b-61ec-497f-9506-472d46a72462:c1179, 09fb9ab4-1b8d-44c0-9f8c-50855c6f1fed:c1179]
2019-08-21 12:27:55,699 | INFO  | DNAudit | user=null | ip=null | op=WRITE_CHUNK {blockData=conID: 2 locID: 102654965998813617 bcsId: 0} | ret=SUCCESS |  
2019-08-21 12:27:55,702 | INFO  | DNAudit | user=null | ip=null | op=WRITE_CHUNK {blockData=conID: 2 locID: 102654965998813617 bcsId: 0} | ret=SUCCESS |  
2019-08-21 12:27:55,703 | INFO  | DNAudit | user=null | ip=null | op=WRITE_CHUNK {blockData=conID: 2 locID: 102654965998813617 bcsId: 0} | ret=SUCCESS |  
2019-08-21 12:27:55,704 | INFO  | DNAudit | user=null | ip=null | op=WRITE_CHUNK {blockData=conID: 2 locID: 102654965998813617 bcsId: 0} | ret=SUCCESS |  
2019-08-21 12:27:55,706 | INFO  | DNAudit | user=null | ip=null | op=WRITE_CHUNK {blockData=conID: 2 locID: 102654965998813617 bcsId: 0} | ret=SUCCESS |  
2019-08-21 12:27:55,707 | INFO  | DNAudit | user=null | ip=null | op=WRITE_CHUNK {blockData=conID: 2 locID: 102654965998813617 bcsId: 0} | ret=SUCCESS |  
2019-08-21 12:27:55,712 | INFO  | DNAudit | user=null | ip=null | op=WRITE_CHUNK {blockData=conID: 2 locID: 102654965998813617 bcsId: 0} | ret=SUCCESS |  
2019-08-21 12:27:55,713 | INFO  | DNAudit | user=null | ip=null | op=PUT_BLOCK {blockData=[blockId=conID: 2 locID: 102654965998813617 bcsId: 0,size=1048576]} | ret=SUCCESS |  
2019-08-21 12:27:55,714 | INFO  | DNAudit | user=null | ip=null | op=WRITE_CHUNK {blockData=conID: 2 locID: 102654965998813617 bcsId: 0} | ret=SUCCESS |  
2019-08-21 12:27:55,713 [grpc-default-executor-5] INFO  client.GrpcClientProtocolClient (GrpcClientProtocolClient.java:onNext(255)) - client-C954105195FD->270584e6-a4a8-4db5-8151-214655ce1a56: receive RaftClientReply:client-C954105195FD->270584e6-a4a8-4db5-8151-214655ce1a56@group-787F5BA3AA67, cid=895, SUCCESS, logIndex=1182, commits[270584e6-a4a8-4db5-8151-214655ce1a56:c1183, af078b8b-61ec-497f-9506-472d46a72462:c1181, 09fb9ab4-1b8d-44c0-9f8c-50855c6f1fed:c1181]
2019-08-21 12:27:55,714 | INFO  | DNAudit | user=null | ip=null | op=WRITE_CHUNK {blockData=conID: 2 locID: 102654965998813617 bcsId: 0} | ret=SUCCESS |  
2019-08-21 12:27:55,714 | INFO  | DNAudit | user=null | ip=null | op=PUT_BLOCK {blockData=[blockId=conID: 2 locID: 102654965998813617 bcsId: 0,size=2097152]} | ret=SUCCESS |  
2019-08-21 12:27:55,714 | INFO  | DNAudit | user=null | ip=null | op=WRITE_CHUNK {blockData=conID: 2 locID: 102654965998813617 bcsId: 0} | ret=SUCCESS |  
2019-08-21 12:27:55,714 [grpc-default-executor-5] INFO  client.GrpcClientProtocolClient (GrpcClientProtocolClient.java:onNext(255)) - client-C954105195FD->270584e6-a4a8-4db5-8151-214655ce1a56: receive RaftClientReply:client-C954105195FD->270584e6-a4a8-4db5-8151-214655ce1a56@group-787F5BA3AA67, cid=896, SUCCESS, logIndex=1183, commits[270584e6-a4a8-4db5-8151-214655ce1a56:c1185, af078b8b-61ec-497f-9506-472d46a72462:c1181, 09fb9ab4-1b8d-44c0-9f8c-50855c6f1fed:c1181]
2019-08-21 12:27:55,715 | INFO  | DNAudit | user=null | ip=null | op=PUT_BLOCK {blockData=[blockId=conID: 2 locID: 102654965998813617 bcsId: 0,size=1048576]} | ret=SUCCESS |  
2019-08-21 12:27:55,715 | INFO  | DNAudit | user=null | ip=null | op=WRITE_CHUNK {blockData=conID: 2 locID: 102654965998813617 bcsId: 0} | ret=SUCCESS |  
2019-08-21 12:27:55,715 | INFO  | DNAudit | user=null | ip=null | op=PUT_BLOCK {blockData=[blockId=conID: 2 locID: 102654965998813617 bcsId: 0,size=1048576]} | ret=SUCCESS |  
2019-08-21 12:27:55,715 [grpc-default-executor-5] INFO  client.GrpcClientProtocolClient (GrpcClientProtocolClient.java:onNext(255)) - client-C954105195FD->270584e6-a4a8-4db5-8151-214655ce1a56: receive RaftClientReply:client-C954105195FD->270584e6-a4a8-4db5-8151-214655ce1a56@group-787F5BA3AA67, cid=897, SUCCESS, logIndex=1184, commits[270584e6-a4a8-4db5-8151-214655ce1a56:c1185, af078b8b-61ec-497f-9506-472d46a72462:c1181, 09fb9ab4-1b8d-44c0-9f8c-50855c6f1fed:c1181]
2019-08-21 12:27:55,715 | INFO  | DNAudit | user=null | ip=null | op=PUT_BLOCK {blockData=[blockId=conID: 2 locID: 102654965998813617 bcsId: 0,size=2097152]} | ret=SUCCESS |  
2019-08-21 12:27:55,715 | INFO  | DNAudit | user=null | ip=null | op=WRITE_CHUNK {blockData=conID: 2 locID: 102654965998813617 bcsId: 0} | ret=SUCCESS |  
2019-08-21 12:27:55,716 | INFO  | DNAudit | user=null | ip=null | op=PUT_BLOCK {blockData=[blockId=conID: 2 locID: 102654965998813617 bcsId: 0,size=2097152]} | ret=SUCCESS |  
2019-08-21 12:27:55,716 [grpc-default-executor-4] INFO  client.GrpcClientProtocolClient (GrpcClientProtocolClient.java:onNext(255)) - client-C954105195FD->270584e6-a4a8-4db5-8151-214655ce1a56: receive RaftClientReply:client-C954105195FD->270584e6-a4a8-4db5-8151-214655ce1a56@group-787F5BA3AA67, cid=898, SUCCESS, logIndex=1185, commits[270584e6-a4a8-4db5-8151-214655ce1a56:c1186, af078b8b-61ec-497f-9506-472d46a72462:c1181, 09fb9ab4-1b8d-44c0-9f8c-50855c6f1fed:c1182]
2019-08-21 12:27:55,717 [grpc-default-executor-4] INFO  client.GrpcClientProtocolClient (GrpcClientProtocolClient.java:onNext(255)) - client-C954105195FD->270584e6-a4a8-4db5-8151-214655ce1a56: receive RaftClientReply:client-C954105195FD->270584e6-a4a8-4db5-8151-214655ce1a56@group-787F5BA3AA67, cid=899, SUCCESS, logIndex=0, commits[270584e6-a4a8-4db5-8151-214655ce1a56:c1189, af078b8b-61ec-497f-9506-472d46a72462:c1185, 09fb9ab4-1b8d-44c0-9f8c-50855c6f1fed:c1185]
2019-08-21 12:27:55,725 | INFO  | DNAudit | user=null | ip=null | op=WRITE_CHUNK {blockData=conID: 2 locID: 102654965998813617 bcsId: 1185} | ret=SUCCESS |  
2019-08-21 12:27:55,728 | INFO  | DNAudit | user=null | ip=null | op=WRITE_CHUNK {blockData=conID: 2 locID: 102654965998813617 bcsId: 1185} | ret=SUCCESS |  
2019-08-21 12:27:55,729 | INFO  | DNAudit | user=null | ip=null | op=WRITE_CHUNK {blockData=conID: 2 locID: 102654965998813617 bcsId: 1185} | ret=SUCCESS |  
2019-08-21 12:27:55,738 | INFO  | DNAudit | user=null | ip=null | op=WRITE_CHUNK {blockData=conID: 2 locID: 102654965998813617 bcsId: 1185} | ret=SUCCESS |  
2019-08-21 12:27:55,739 | INFO  | DNAudit | user=null | ip=null | op=PUT_BLOCK {blockData=[blockId=conID: 2 locID: 102654965998813617 bcsId: 0,size=3145728]} | ret=SUCCESS |  
2019-08-21 12:27:55,739 [grpc-default-executor-5] INFO  client.GrpcClientProtocolClient (GrpcClientProtocolClient.java:onNext(255)) - client-C954105195FD->270584e6-a4a8-4db5-8151-214655ce1a56: receive RaftClientReply:client-C954105195FD->270584e6-a4a8-4db5-8151-214655ce1a56@group-787F5BA3AA67, cid=900, SUCCESS, logIndex=1190, commits[270584e6-a4a8-4db5-8151-214655ce1a56:c1191, af078b8b-61ec-497f-9506-472d46a72462:c1189, 09fb9ab4-1b8d-44c0-9f8c-50855c6f1fed:c1189]
2019-08-21 12:27:55,739 [grpc-default-executor-5] INFO  client.GrpcClientProtocolClient (GrpcClientProtocolClient.java:onNext(255)) - client-C954105195FD->270584e6-a4a8-4db5-8151-214655ce1a56: receive RaftClientReply:client-C954105195FD->270584e6-a4a8-4db5-8151-214655ce1a56@group-787F5BA3AA67, cid=901, SUCCESS, logIndex=1191, commits[270584e6-a4a8-4db5-8151-214655ce1a56:c1191, af078b8b-61ec-497f-9506-472d46a72462:c1189, 09fb9ab4-1b8d-44c0-9f8c-50855c6f1fed:c1189]
2019-08-21 12:27:55,746 | INFO  | DNAudit | user=null | ip=null | op=WRITE_CHUNK {blockData=conID: 2 locID: 102654965998813617 bcsId: 1191} | ret=SUCCESS |  
2019-08-21 12:27:55,750 | INFO  | DNAudit | user=null | ip=null | op=WRITE_CHUNK {blockData=conID: 2 locID: 102654965998813617 bcsId: 1185} | ret=SUCCESS |  
2019-08-21 12:27:55,750 | INFO  | DNAudit | user=null | ip=null | op=WRITE_CHUNK {blockData=conID: 2 locID: 102654965998813617 bcsId: 1185} | ret=SUCCESS |  
2019-08-21 12:27:55,750 | INFO  | DNAudit | user=null | ip=null | op=WRITE_CHUNK {blockData=conID: 2 locID: 102654965998813617 bcsId: 1191} | ret=SUCCESS |  
2019-08-21 12:27:55,750 | INFO  | DNAudit | user=null | ip=null | op=PUT_BLOCK {blockData=[blockId=conID: 2 locID: 102654965998813617 bcsId: 0,size=3145728]} | ret=SUCCESS |  
2019-08-21 12:27:55,750 | INFO  | DNAudit | user=null | ip=null | op=WRITE_CHUNK {blockData=conID: 2 locID: 102654965998813617 bcsId: 1191} | ret=SUCCESS |  
2019-08-21 12:27:55,770 | INFO  | DNAudit | user=null | ip=null | op=PUT_BLOCK {blockData=[blockId=conID: 2 locID: 102654965998813617 bcsId: 0,size=3145728]} | ret=SUCCESS |  
2019-08-21 12:27:55,771 | INFO  | DNAudit | user=null | ip=null | op=WRITE_CHUNK {blockData=conID: 2 locID: 102654965998813617 bcsId: 1191} | ret=SUCCESS |  
2019-08-21 12:27:55,771 | INFO  | DNAudit | user=null | ip=null | op=PUT_BLOCK {blockData=[blockId=conID: 2 locID: 102654965998813617 bcsId: 0,size=4194304]} | ret=SUCCESS |  
2019-08-21 12:27:55,771 [grpc-default-executor-1] INFO  client.GrpcClientProtocolClient (GrpcClientProtocolClient.java:onNext(255)) - client-C954105195FD->270584e6-a4a8-4db5-8151-214655ce1a56: receive RaftClientReply:client-C954105195FD->270584e6-a4a8-4db5-8151-214655ce1a56@group-787F5BA3AA67, cid=902, SUCCESS, logIndex=1194, commits[270584e6-a4a8-4db5-8151-214655ce1a56:c1195, af078b8b-61ec-497f-9506-472d46a72462:c1191, 09fb9ab4-1b8d-44c0-9f8c-50855c6f1fed:c1191]
2019-08-21 12:27:55,772 [grpc-default-executor-1] INFO  client.GrpcClientProtocolClient (GrpcClientProtocolClient.java:onNext(255)) - client-C954105195FD->270584e6-a4a8-4db5-8151-214655ce1a56: receive RaftClientReply:client-C954105195FD->270584e6-a4a8-4db5-8151-214655ce1a56@group-787F5BA3AA67, cid=903, SUCCESS, logIndex=1195, commits[270584e6-a4a8-4db5-8151-214655ce1a56:c1195, af078b8b-61ec-497f-9506-472d46a72462:c1191, 09fb9ab4-1b8d-44c0-9f8c-50855c6f1fed:c1191]
2019-08-21 12:27:55,783 | INFO  | DNAudit | user=null | ip=null | op=WRITE_CHUNK {blockData=conID: 2 locID: 102654965998813617 bcsId: 1191} | ret=SUCCESS |  
2019-08-21 12:27:55,783 | INFO  | DNAudit | user=null | ip=null | op=WRITE_CHUNK {blockData=conID: 2 locID: 102654965998813617 bcsId: 1191} | ret=SUCCESS |  
2019-08-21 12:27:55,783 | INFO  | DNAudit | user=null | ip=null | op=PUT_BLOCK {blockData=[blockId=conID: 2 locID: 102654965998813617 bcsId: 0,size=4194304]} | ret=SUCCESS |  
2019-08-21 12:27:55,783 | INFO  | DNAudit | user=null | ip=null | op=PUT_BLOCK {blockData=[blockId=conID: 2 locID: 102654965998813617 bcsId: 0,size=4194304]} | ret=SUCCESS |  
2019-08-21 12:27:55,784 [grpc-default-executor-1] INFO  client.GrpcClientProtocolClient (GrpcClientProtocolClient.java:onNext(255)) - client-C954105195FD->270584e6-a4a8-4db5-8151-214655ce1a56: receive RaftClientReply:client-C954105195FD->270584e6-a4a8-4db5-8151-214655ce1a56@group-787F5BA3AA67, cid=904, SUCCESS, logIndex=0, commits[270584e6-a4a8-4db5-8151-214655ce1a56:c1195, af078b8b-61ec-497f-9506-472d46a72462:c1195, 09fb9ab4-1b8d-44c0-9f8c-50855c6f1fed:c1195]
2019-08-21 12:27:55,959 | INFO  | SCMAudit | user=jenkins1000 | ip=192.168.34.23 | op=SEND_HEARTBEAT {datanodeUUID=39ae8c09-9b4b-4ddc-906b-4e52d104e1b1, command=[]} | ret=SUCCESS |  
2019-08-21 12:27:55,960 | INFO  | DNAudit | user=null | ip=null | op=WRITE_CHUNK {blockData=conID: 3 locID: 102654965998813618 bcsId: 0} | ret=SUCCESS |  
2019-08-21 12:27:55,965 | INFO  | DNAudit | user=null | ip=null | op=WRITE_CHUNK {blockData=conID: 3 locID: 102654965998813618 bcsId: 0} | ret=SUCCESS |  
2019-08-21 12:27:55,965 | INFO  | DNAudit | user=null | ip=null | op=WRITE_CHUNK {blockData=conID: 3 locID: 102654965998813618 bcsId: 0} | ret=SUCCESS |  
2019-08-21 12:27:55,966 | INFO  | DNAudit | user=null | ip=null | op=WRITE_CHUNK {blockData=conID: 3 locID: 102654965998813618 bcsId: 0} | ret=SUCCESS |  
2019-08-21 12:27:55,967 | INFO  | DNAudit | user=null | ip=null | op=WRITE_CHUNK {blockData=conID: 3 locID: 102654965998813618 bcsId: 0} | ret=SUCCESS |  
2019-08-21 12:27:55,969 | INFO  | DNAudit | user=null | ip=null | op=WRITE_CHUNK {blockData=conID: 3 locID: 102654965998813618 bcsId: 0} | ret=SUCCESS |  
2019-08-21 12:27:55,969 | INFO  | DNAudit | user=null | ip=null | op=WRITE_CHUNK {blockData=conID: 3 locID: 102654965998813618 bcsId: 0} | ret=SUCCESS |  
2019-08-21 12:27:55,970 | INFO  | DNAudit | user=null | ip=null | op=PUT_BLOCK {blockData=[blockId=conID: 3 locID: 102654965998813618 bcsId: 0,size=1048576]} | ret=SUCCESS |  
2019-08-21 12:27:55,971 [grpc-default-executor-4] INFO  client.GrpcClientProtocolClient (GrpcClientProtocolClient.java:onNext(255)) - client-C954105195FD->270584e6-a4a8-4db5-8151-214655ce1a56: receive RaftClientReply:client-C954105195FD->270584e6-a4a8-4db5-8151-214655ce1a56@group-787F5BA3AA67, cid=905, SUCCESS, logIndex=1198, commits[270584e6-a4a8-4db5-8151-214655ce1a56:c1199, af078b8b-61ec-497f-9506-472d46a72462:c1197, 09fb9ab4-1b8d-44c0-9f8c-50855c6f1fed:c1195]
2019-08-21 12:27:55,972 [grpc-default-executor-4] INFO  client.GrpcClientProtocolClient (GrpcClientProtocolClient.java:onNext(255)) - client-C954105195FD->270584e6-a4a8-4db5-8151-214655ce1a56: receive RaftClientReply:client-C954105195FD->270584e6-a4a8-4db5-8151-214655ce1a56@group-787F5BA3AA67, cid=906, SUCCESS, logIndex=1199, commits[270584e6-a4a8-4db5-8151-214655ce1a56:c1199, af078b8b-61ec-497f-9506-472d46a72462:c1197, 09fb9ab4-1b8d-44c0-9f8c-50855c6f1fed:c1197]
2019-08-21 12:27:55,982 | INFO  | DNAudit | user=null | ip=null | op=WRITE_CHUNK {blockData=conID: 3 locID: 102654965998813618 bcsId: 0} | ret=SUCCESS |  
2019-08-21 12:27:55,982 | INFO  | DNAudit | user=null | ip=null | op=WRITE_CHUNK {blockData=conID: 3 locID: 102654965998813618 bcsId: 0} | ret=SUCCESS |  
2019-08-21 12:27:55,982 | INFO  | DNAudit | user=null | ip=null | op=WRITE_CHUNK {blockData=conID: 3 locID: 102654965998813618 bcsId: 0} | ret=SUCCESS |  
2019-08-21 12:27:55,982 | INFO  | DNAudit | user=null | ip=null | op=PUT_BLOCK {blockData=[blockId=conID: 3 locID: 102654965998813618 bcsId: 0,size=2097152]} | ret=SUCCESS |  
2019-08-21 12:27:55,983 [grpc-default-executor-1] INFO  client.GrpcClientProtocolClient (GrpcClientProtocolClient.java:onNext(255)) - client-C954105195FD->270584e6-a4a8-4db5-8151-214655ce1a56: receive RaftClientReply:client-C954105195FD->270584e6-a4a8-4db5-8151-214655ce1a56@group-787F5BA3AA67, cid=907, SUCCESS, logIndex=1200, commits[270584e6-a4a8-4db5-8151-214655ce1a56:c1201, af078b8b-61ec-497f-9506-472d46a72462:c1197, 09fb9ab4-1b8d-44c0-9f8c-50855c6f1fed:c1197]
2019-08-21 12:27:55,983 [grpc-default-executor-1] INFO  client.GrpcClientProtocolClient (GrpcClientProtocolClient.java:onNext(255)) - client-C954105195FD->270584e6-a4a8-4db5-8151-214655ce1a56: receive RaftClientReply:client-C954105195FD->270584e6-a4a8-4db5-8151-214655ce1a56@group-787F5BA3AA67, cid=908, SUCCESS, logIndex=1201, commits[270584e6-a4a8-4db5-8151-214655ce1a56:c1202, af078b8b-61ec-497f-9506-472d46a72462:c1198, 09fb9ab4-1b8d-44c0-9f8c-50855c6f1fed:c1198]
2019-08-21 12:27:55,983 | INFO  | SCMAudit | user=jenkins1000 | ip=192.168.34.23 | op=SEND_HEARTBEAT {datanodeUUID=0aa4def6-fe9f-4182-b0b1-80406548816f, command=[]} | ret=SUCCESS |  
2019-08-21 12:27:55,993 | INFO  | DNAudit | user=null | ip=null | op=PUT_BLOCK {blockData=[blockId=conID: 3 locID: 102654965998813618 bcsId: 0,size=1048576]} | ret=SUCCESS |  
2019-08-21 12:27:55,993 | INFO  | DNAudit | user=null | ip=null | op=PUT_BLOCK {blockData=[blockId=conID: 3 locID: 102654965998813618 bcsId: 0,size=1048576]} | ret=SUCCESS |  
2019-08-21 12:27:55,994 | INFO  | DNAudit | user=null | ip=null | op=WRITE_CHUNK {blockData=conID: 3 locID: 102654965998813618 bcsId: 0} | ret=SUCCESS |  
2019-08-21 12:27:55,994 [grpc-default-executor-1] INFO  client.GrpcClientProtocolClient (GrpcClientProtocolClient.java:onNext(255)) - client-C954105195FD->270584e6-a4a8-4db5-8151-214655ce1a56: receive RaftClientReply:client-C954105195FD->270584e6-a4a8-4db5-8151-214655ce1a56@group-787F5BA3AA67, cid=909, SUCCESS, logIndex=0, commits[270584e6-a4a8-4db5-8151-214655ce1a56:c1203, af078b8b-61ec-497f-9506-472d46a72462:c1199, 09fb9ab4-1b8d-44c0-9f8c-50855c6f1fed:c1199]
2019-08-21 12:27:55,995 | INFO  | DNAudit | user=null | ip=null | op=PUT_BLOCK {blockData=[blockId=conID: 3 locID: 102654965998813618 bcsId: 0,size=2097152]} | ret=SUCCESS |  
2019-08-21 12:27:55,995 | INFO  | DNAudit | user=null | ip=null | op=WRITE_CHUNK {blockData=conID: 3 locID: 102654965998813618 bcsId: 0} | ret=SUCCESS |  
2019-08-21 12:27:55,995 | INFO  | DNAudit | user=null | ip=null | op=PUT_BLOCK {blockData=[blockId=conID: 3 locID: 102654965998813618 bcsId: 0,size=2097152]} | ret=SUCCESS |  
2019-08-21 12:27:56,004 | INFO  | DNAudit | user=null | ip=null | op=WRITE_CHUNK {blockData=conID: 3 locID: 102654965998813618 bcsId: 1201} | ret=SUCCESS |  
2019-08-21 12:27:56,008 | INFO  | DNAudit | user=null | ip=null | op=WRITE_CHUNK {blockData=conID: 3 locID: 102654965998813618 bcsId: 1201} | ret=SUCCESS |  
2019-08-21 12:27:56,008 | INFO  | DNAudit | user=null | ip=null | op=WRITE_CHUNK {blockData=conID: 3 locID: 102654965998813618 bcsId: 1201} | ret=SUCCESS |  
2019-08-21 12:27:56,017 | INFO  | DNAudit | user=null | ip=null | op=WRITE_CHUNK {blockData=conID: 3 locID: 102654965998813618 bcsId: 1201} | ret=SUCCESS |  
2019-08-21 12:27:56,017 | INFO  | DNAudit | user=null | ip=null | op=PUT_BLOCK {blockData=[blockId=conID: 3 locID: 102654965998813618 bcsId: 0,size=3145728]} | ret=SUCCESS |  
2019-08-21 12:27:56,017 [grpc-default-executor-1] INFO  client.GrpcClientProtocolClient (GrpcClientProtocolClient.java:onNext(255)) - client-C954105195FD->270584e6-a4a8-4db5-8151-214655ce1a56: receive RaftClientReply:client-C954105195FD->270584e6-a4a8-4db5-8151-214655ce1a56@group-787F5BA3AA67, cid=910, SUCCESS, logIndex=1206, commits[270584e6-a4a8-4db5-8151-214655ce1a56:c1207, af078b8b-61ec-497f-9506-472d46a72462:c1205, 09fb9ab4-1b8d-44c0-9f8c-50855c6f1fed:c1205]
2019-08-21 12:27:56,018 [grpc-default-executor-1] INFO  client.GrpcClientProtocolClient (GrpcClientProtocolClient.java:onNext(255)) - client-C954105195FD->270584e6-a4a8-4db5-8151-214655ce1a56: receive RaftClientReply:client-C954105195FD->270584e6-a4a8-4db5-8151-214655ce1a56@group-787F5BA3AA67, cid=911, SUCCESS, logIndex=1207, commits[270584e6-a4a8-4db5-8151-214655ce1a56:c1207, af078b8b-61ec-497f-9506-472d46a72462:c1205, 09fb9ab4-1b8d-44c0-9f8c-50855c6f1fed:c1205]
2019-08-21 12:27:56,026 | INFO  | DNAudit | user=null | ip=null | op=WRITE_CHUNK {blockData=conID: 3 locID: 102654965998813618 bcsId: 1207} | ret=SUCCESS |  
2019-08-21 12:27:56,029 | INFO  | DNAudit | user=null | ip=null | op=WRITE_CHUNK {blockData=conID: 3 locID: 102654965998813618 bcsId: 1201} | ret=SUCCESS |  
2019-08-21 12:27:56,029 | INFO  | DNAudit | user=null | ip=null | op=WRITE_CHUNK {blockData=conID: 3 locID: 102654965998813618 bcsId: 1201} | ret=SUCCESS |  
2019-08-21 12:27:56,030 | INFO  | DNAudit | user=null | ip=null | op=PUT_BLOCK {blockData=[blockId=conID: 3 locID: 102654965998813618 bcsId: 0,size=3145728]} | ret=SUCCESS |  
2019-08-21 12:27:56,030 | INFO  | DNAudit | user=null | ip=null | op=WRITE_CHUNK {blockData=conID: 3 locID: 102654965998813618 bcsId: 1207} | ret=SUCCESS |  
2019-08-21 12:27:56,030 | INFO  | DNAudit | user=null | ip=null | op=WRITE_CHUNK {blockData=conID: 3 locID: 102654965998813618 bcsId: 1207} | ret=SUCCESS |  
2019-08-21 12:27:56,041 | INFO  | DNAudit | user=null | ip=null | op=PUT_BLOCK {blockData=[blockId=conID: 3 locID: 102654965998813618 bcsId: 0,size=3145728]} | ret=SUCCESS |  
2019-08-21 12:27:56,042 | INFO  | DNAudit | user=null | ip=null | op=WRITE_CHUNK {blockData=conID: 3 locID: 102654965998813618 bcsId: 1207} | ret=SUCCESS |  
2019-08-21 12:27:56,043 | INFO  | DNAudit | user=null | ip=null | op=PUT_BLOCK {blockData=[blockId=conID: 3 locID: 102654965998813618 bcsId: 0,size=4194304]} | ret=SUCCESS |  
2019-08-21 12:27:56,043 [grpc-default-executor-1] INFO  client.GrpcClientProtocolClient (GrpcClientProtocolClient.java:onNext(255)) - client-C954105195FD->270584e6-a4a8-4db5-8151-214655ce1a56: receive RaftClientReply:client-C954105195FD->270584e6-a4a8-4db5-8151-214655ce1a56@group-787F5BA3AA67, cid=912, SUCCESS, logIndex=1210, commits[270584e6-a4a8-4db5-8151-214655ce1a56:c1211, af078b8b-61ec-497f-9506-472d46a72462:c1207, 09fb9ab4-1b8d-44c0-9f8c-50855c6f1fed:c1207]
2019-08-21 12:27:56,044 [grpc-default-executor-1] INFO  client.GrpcClientProtocolClient (GrpcClientProtocolClient.java:onNext(255)) - client-C954105195FD->270584e6-a4a8-4db5-8151-214655ce1a56: receive RaftClientReply:client-C954105195FD->270584e6-a4a8-4db5-8151-214655ce1a56@group-787F5BA3AA67, cid=913, SUCCESS, logIndex=1211, commits[270584e6-a4a8-4db5-8151-214655ce1a56:c1211, af078b8b-61ec-497f-9506-472d46a72462:c1207, 09fb9ab4-1b8d-44c0-9f8c-50855c6f1fed:c1207]
2019-08-21 12:27:56,054 | INFO  | DNAudit | user=null | ip=null | op=WRITE_CHUNK {blockData=conID: 3 locID: 102654965998813618 bcsId: 1207} | ret=SUCCESS |  
2019-08-21 12:27:56,054 | INFO  | DNAudit | user=null | ip=null | op=WRITE_CHUNK {blockData=conID: 3 locID: 102654965998813618 bcsId: 1207} | ret=SUCCESS |  
2019-08-21 12:27:56,054 | INFO  | DNAudit | user=null | ip=null | op=PUT_BLOCK {blockData=[blockId=conID: 3 locID: 102654965998813618 bcsId: 0,size=4194304]} | ret=SUCCESS |  
2019-08-21 12:27:56,054 | INFO  | DNAudit | user=null | ip=null | op=PUT_BLOCK {blockData=[blockId=conID: 3 locID: 102654965998813618 bcsId: 0,size=4194304]} | ret=SUCCESS |  
2019-08-21 12:27:56,054 [grpc-default-executor-5] INFO  client.GrpcClientProtocolClient (GrpcClientProtocolClient.java:onNext(255)) - client-C954105195FD->270584e6-a4a8-4db5-8151-214655ce1a56: receive RaftClientReply:client-C954105195FD->270584e6-a4a8-4db5-8151-214655ce1a56@group-787F5BA3AA67, cid=914, SUCCESS, logIndex=0, commits[270584e6-a4a8-4db5-8151-214655ce1a56:c1212, af078b8b-61ec-497f-9506-472d46a72462:c1211, 09fb9ab4-1b8d-44c0-9f8c-50855c6f1fed:c1211]
2019-08-21 12:27:56,062 | INFO  | DNAudit | user=null | ip=null | op=WRITE_CHUNK {blockData=conID: 1 locID: 102654965998813619 bcsId: 0} | ret=SUCCESS |  
2019-08-21 12:27:56,066 | INFO  | DNAudit | user=null | ip=null | op=WRITE_CHUNK {blockData=conID: 1 locID: 102654965998813619 bcsId: 0} | ret=SUCCESS |  
2019-08-21 12:27:56,066 | INFO  | DNAudit | user=null | ip=null | op=WRITE_CHUNK {blockData=conID: 1 locID: 102654965998813619 bcsId: 0} | ret=SUCCESS |  
2019-08-21 12:27:56,067 | INFO  | DNAudit | user=null | ip=null | op=WRITE_CHUNK {blockData=conID: 1 locID: 102654965998813619 bcsId: 0} | ret=SUCCESS |  
2019-08-21 12:27:56,069 | INFO  | DNAudit | user=null | ip=null | op=WRITE_CHUNK {blockData=conID: 1 locID: 102654965998813619 bcsId: 0} | ret=SUCCESS |  
2019-08-21 12:27:56,070 | INFO  | DNAudit | user=null | ip=null | op=WRITE_CHUNK {blockData=conID: 1 locID: 102654965998813619 bcsId: 0} | ret=SUCCESS |  
2019-08-21 12:27:56,076 | INFO  | DNAudit | user=null | ip=null | op=WRITE_CHUNK {blockData=conID: 1 locID: 102654965998813619 bcsId: 0} | ret=SUCCESS |  
2019-08-21 12:27:56,076 | INFO  | DNAudit | user=null | ip=null | op=PUT_BLOCK {blockData=[blockId=conID: 1 locID: 102654965998813619 bcsId: 0,size=1048576]} | ret=SUCCESS |  
2019-08-21 12:27:56,077 | INFO  | DNAudit | user=null | ip=null | op=WRITE_CHUNK {blockData=conID: 1 locID: 102654965998813619 bcsId: 0} | ret=SUCCESS |  
2019-08-21 12:27:56,077 | INFO  | DNAudit | user=null | ip=null | op=PUT_BLOCK {blockData=[blockId=conID: 1 locID: 102654965998813619 bcsId: 0,size=2097152]} | ret=SUCCESS |  
2019-08-21 12:27:56,077 [grpc-default-executor-1] INFO  client.GrpcClientProtocolClient (GrpcClientProtocolClient.java:onNext(255)) - client-C954105195FD->270584e6-a4a8-4db5-8151-214655ce1a56: receive RaftClientReply:client-C954105195FD->270584e6-a4a8-4db5-8151-214655ce1a56@group-787F5BA3AA67, cid=915, SUCCESS, logIndex=1214, commits[270584e6-a4a8-4db5-8151-214655ce1a56:c1215, af078b8b-61ec-497f-9506-472d46a72462:c1213, 09fb9ab4-1b8d-44c0-9f8c-50855c6f1fed:c1213]
2019-08-21 12:27:56,077 | INFO  | DNAudit | user=null | ip=null | op=WRITE_CHUNK {blockData=conID: 1 locID: 102654965998813619 bcsId: 0} | ret=SUCCESS |  
2019-08-21 12:27:56,078 | INFO  | DNAudit | user=null | ip=null | op=WRITE_CHUNK {blockData=conID: 1 locID: 102654965998813619 bcsId: 0} | ret=SUCCESS |  
2019-08-21 12:27:56,078 [grpc-default-executor-1] INFO  client.GrpcClientProtocolClient (GrpcClientProtocolClient.java:onNext(255)) - client-C954105195FD->270584e6-a4a8-4db5-8151-214655ce1a56: receive RaftClientReply:client-C954105195FD->270584e6-a4a8-4db5-8151-214655ce1a56@group-787F5BA3AA67, cid=916, SUCCESS, logIndex=1215, commits[270584e6-a4a8-4db5-8151-214655ce1a56:c1217, af078b8b-61ec-497f-9506-472d46a72462:c1213, 09fb9ab4-1b8d-44c0-9f8c-50855c6f1fed:c1213]
2019-08-21 12:27:56,078 | INFO  | DNAudit | user=null | ip=null | op=PUT_BLOCK {blockData=[blockId=conID: 1 locID: 102654965998813619 bcsId: 0,size=1048576]} | ret=SUCCESS |  
2019-08-21 12:27:56,078 [grpc-default-executor-1] INFO  client.GrpcClientProtocolClient (GrpcClientProtocolClient.java:onNext(255)) - client-C954105195FD->270584e6-a4a8-4db5-8151-214655ce1a56: receive RaftClientReply:client-C954105195FD->270584e6-a4a8-4db5-8151-214655ce1a56@group-787F5BA3AA67, cid=917, SUCCESS, logIndex=1216, commits[270584e6-a4a8-4db5-8151-214655ce1a56:c1217, af078b8b-61ec-497f-9506-472d46a72462:c1213, 09fb9ab4-1b8d-44c0-9f8c-50855c6f1fed:c1213]
2019-08-21 12:27:56,078 | INFO  | DNAudit | user=null | ip=null | op=PUT_BLOCK {blockData=[blockId=conID: 1 locID: 102654965998813619 bcsId: 0,size=1048576]} | ret=SUCCESS |  
2019-08-21 12:27:56,079 [grpc-default-executor-1] INFO  client.GrpcClientProtocolClient (GrpcClientProtocolClient.java:onNext(255)) - client-C954105195FD->270584e6-a4a8-4db5-8151-214655ce1a56: receive RaftClientReply:client-C954105195FD->270584e6-a4a8-4db5-8151-214655ce1a56@group-787F5BA3AA67, cid=918, SUCCESS, logIndex=1217, commits[270584e6-a4a8-4db5-8151-214655ce1a56:c1217, af078b8b-61ec-497f-9506-472d46a72462:c1213, 09fb9ab4-1b8d-44c0-9f8c-50855c6f1fed:c1213]
2019-08-21 12:27:56,079 | INFO  | DNAudit | user=null | ip=null | op=WRITE_CHUNK {blockData=conID: 1 locID: 102654965998813619 bcsId: 0} | ret=SUCCESS |  
2019-08-21 12:27:56,079 | INFO  | DNAudit | user=null | ip=null | op=WRITE_CHUNK {blockData=conID: 1 locID: 102654965998813619 bcsId: 0} | ret=SUCCESS |  
2019-08-21 12:27:56,079 | INFO  | DNAudit | user=null | ip=null | op=PUT_BLOCK {blockData=[blockId=conID: 1 locID: 102654965998813619 bcsId: 0,size=2097152]} | ret=SUCCESS |  
2019-08-21 12:27:56,079 | INFO  | DNAudit | user=null | ip=null | op=PUT_BLOCK {blockData=[blockId=conID: 1 locID: 102654965998813619 bcsId: 0,size=2097152]} | ret=SUCCESS |  
2019-08-21 12:27:56,080 [grpc-default-executor-1] INFO  client.GrpcClientProtocolClient (GrpcClientProtocolClient.java:onNext(255)) - client-C954105195FD->270584e6-a4a8-4db5-8151-214655ce1a56: receive RaftClientReply:client-C954105195FD->270584e6-a4a8-4db5-8151-214655ce1a56@group-787F5BA3AA67, cid=919, SUCCESS, logIndex=0, commits[270584e6-a4a8-4db5-8151-214655ce1a56:c1221, af078b8b-61ec-497f-9506-472d46a72462:c1217, 09fb9ab4-1b8d-44c0-9f8c-50855c6f1fed:c1217]
2019-08-21 12:27:56,087 | INFO  | DNAudit | user=null | ip=null | op=WRITE_CHUNK {blockData=conID: 1 locID: 102654965998813619 bcsId: 1217} | ret=SUCCESS |  
2019-08-21 12:27:56,090 | INFO  | DNAudit | user=null | ip=null | op=WRITE_CHUNK {blockData=conID: 1 locID: 102654965998813619 bcsId: 1217} | ret=SUCCESS |  
2019-08-21 12:27:56,091 | INFO  | DNAudit | user=null | ip=null | op=WRITE_CHUNK {blockData=conID: 1 locID: 102654965998813619 bcsId: 1217} | ret=SUCCESS |  
2019-08-21 12:27:56,100 | INFO  | DNAudit | user=null | ip=null | op=WRITE_CHUNK {blockData=conID: 1 locID: 102654965998813619 bcsId: 1217} | ret=SUCCESS |  
2019-08-21 12:27:56,101 | INFO  | DNAudit | user=null | ip=null | op=PUT_BLOCK {blockData=[blockId=conID: 1 locID: 102654965998813619 bcsId: 0,size=3145728]} | ret=SUCCESS |  
2019-08-21 12:27:56,101 [grpc-default-executor-1] INFO  client.GrpcClientProtocolClient (GrpcClientProtocolClient.java:onNext(255)) - client-C954105195FD->270584e6-a4a8-4db5-8151-214655ce1a56: receive RaftClientReply:client-C954105195FD->270584e6-a4a8-4db5-8151-214655ce1a56@group-787F5BA3AA67, cid=920, SUCCESS, logIndex=1222, commits[270584e6-a4a8-4db5-8151-214655ce1a56:c1223, af078b8b-61ec-497f-9506-472d46a72462:c1221, 09fb9ab4-1b8d-44c0-9f8c-50855c6f1fed:c1221]
2019-08-21 12:27:56,102 [grpc-default-executor-1] INFO  client.GrpcClientProtocolClient (GrpcClientProtocolClient.java:onNext(255)) - client-C954105195FD->270584e6-a4a8-4db5-8151-214655ce1a56: receive RaftClientReply:client-C954105195FD->270584e6-a4a8-4db5-8151-214655ce1a56@group-787F5BA3AA67, cid=921, SUCCESS, logIndex=1223, commits[270584e6-a4a8-4db5-8151-214655ce1a56:c1223, af078b8b-61ec-497f-9506-472d46a72462:c1221, 09fb9ab4-1b8d-44c0-9f8c-50855c6f1fed:c1221]
2019-08-21 12:27:56,108 | INFO  | DNAudit | user=null | ip=null | op=WRITE_CHUNK {blockData=conID: 1 locID: 102654965998813619 bcsId: 1223} | ret=SUCCESS |  
2019-08-21 12:27:56,112 | INFO  | DNAudit | user=null | ip=null | op=WRITE_CHUNK {blockData=conID: 1 locID: 102654965998813619 bcsId: 1217} | ret=SUCCESS |  
2019-08-21 12:27:56,112 | INFO  | DNAudit | user=null | ip=null | op=WRITE_CHUNK {blockData=conID: 1 locID: 102654965998813619 bcsId: 1223} | ret=SUCCESS |  
2019-08-21 12:27:56,112 | INFO  | DNAudit | user=null | ip=null | op=WRITE_CHUNK {blockData=conID: 1 locID: 102654965998813619 bcsId: 1217} | ret=SUCCESS |  
2019-08-21 12:27:56,112 | INFO  | DNAudit | user=null | ip=null | op=PUT_BLOCK {blockData=[blockId=conID: 1 locID: 102654965998813619 bcsId: 0,size=3145728]} | ret=SUCCESS |  
2019-08-21 12:27:56,113 | INFO  | DNAudit | user=null | ip=null | op=PUT_BLOCK {blockData=[blockId=conID: 1 locID: 102654965998813619 bcsId: 0,size=3145728]} | ret=SUCCESS |  
2019-08-21 12:27:56,114 | INFO  | DNAudit | user=null | ip=null | op=WRITE_CHUNK {blockData=conID: 1 locID: 102654965998813619 bcsId: 1223} | ret=SUCCESS |  
2019-08-21 12:27:56,114 | INFO  | DNAudit | user=null | ip=null | op=WRITE_CHUNK {blockData=conID: 1 locID: 102654965998813619 bcsId: 1223} | ret=SUCCESS |  
2019-08-21 12:27:56,115 | INFO  | DNAudit | user=null | ip=null | op=PUT_BLOCK {blockData=[blockId=conID: 1 locID: 102654965998813619 bcsId: 0,size=4194304]} | ret=SUCCESS |  
2019-08-21 12:27:56,115 [grpc-default-executor-1] INFO  client.GrpcClientProtocolClient (GrpcClientProtocolClient.java:onNext(255)) - client-C954105195FD->270584e6-a4a8-4db5-8151-214655ce1a56: receive RaftClientReply:client-C954105195FD->270584e6-a4a8-4db5-8151-214655ce1a56@group-787F5BA3AA67, cid=922, SUCCESS, logIndex=1226, commits[270584e6-a4a8-4db5-8151-214655ce1a56:c1227, af078b8b-61ec-497f-9506-472d46a72462:c1223, 09fb9ab4-1b8d-44c0-9f8c-50855c6f1fed:c1223]
2019-08-21 12:27:56,116 [grpc-default-executor-1] INFO  client.GrpcClientProtocolClient (GrpcClientProtocolClient.java:onNext(255)) - client-C954105195FD->270584e6-a4a8-4db5-8151-214655ce1a56: receive RaftClientReply:client-C954105195FD->270584e6-a4a8-4db5-8151-214655ce1a56@group-787F5BA3AA67, cid=923, SUCCESS, logIndex=1227, commits[270584e6-a4a8-4db5-8151-214655ce1a56:c1227, af078b8b-61ec-497f-9506-472d46a72462:c1223, 09fb9ab4-1b8d-44c0-9f8c-50855c6f1fed:c1223]
2019-08-21 12:27:56,126 | INFO  | DNAudit | user=null | ip=null | op=WRITE_CHUNK {blockData=conID: 1 locID: 102654965998813619 bcsId: 1223} | ret=SUCCESS |  
2019-08-21 12:27:56,126 | INFO  | DNAudit | user=null | ip=null | op=PUT_BLOCK {blockData=[blockId=conID: 1 locID: 102654965998813619 bcsId: 0,size=4194304]} | ret=SUCCESS |  
2019-08-21 12:27:56,126 | INFO  | DNAudit | user=null | ip=null | op=WRITE_CHUNK {blockData=conID: 1 locID: 102654965998813619 bcsId: 1223} | ret=SUCCESS |  
2019-08-21 12:27:56,127 | INFO  | DNAudit | user=null | ip=null | op=PUT_BLOCK {blockData=[blockId=conID: 1 locID: 102654965998813619 bcsId: 0,size=4194304]} | ret=SUCCESS |  
2019-08-21 12:27:56,127 [grpc-default-executor-1] INFO  client.GrpcClientProtocolClient (GrpcClientProtocolClient.java:onNext(255)) - client-C954105195FD->270584e6-a4a8-4db5-8151-214655ce1a56: receive RaftClientReply:client-C954105195FD->270584e6-a4a8-4db5-8151-214655ce1a56@group-787F5BA3AA67, cid=924, SUCCESS, logIndex=0, commits[270584e6-a4a8-4db5-8151-214655ce1a56:c1229, af078b8b-61ec-497f-9506-472d46a72462:c1227, 09fb9ab4-1b8d-44c0-9f8c-50855c6f1fed:c1227]
2019-08-21 12:27:56,134 | INFO  | DNAudit | user=null | ip=null | op=WRITE_CHUNK {blockData=conID: 2 locID: 102654965998813620 bcsId: 0} | ret=SUCCESS |  
2019-08-21 12:27:56,138 | INFO  | DNAudit | user=null | ip=null | op=WRITE_CHUNK {blockData=conID: 2 locID: 102654965998813620 bcsId: 0} | ret=SUCCESS |  
2019-08-21 12:27:56,138 | INFO  | DNAudit | user=null | ip=null | op=WRITE_CHUNK {blockData=conID: 2 locID: 102654965998813620 bcsId: 0} | ret=SUCCESS |  
2019-08-21 12:27:56,139 | INFO  | DNAudit | user=null | ip=null | op=WRITE_CHUNK {blockData=conID: 2 locID: 102654965998813620 bcsId: 0} | ret=SUCCESS |  
2019-08-21 12:27:56,141 | INFO  | DNAudit | user=null | ip=null | op=WRITE_CHUNK {blockData=conID: 2 locID: 102654965998813620 bcsId: 0} | ret=SUCCESS |  
2019-08-21 12:27:56,141 | INFO  | DNAudit | user=null | ip=null | op=PUT_BLOCK {blockData=[blockId=conID: 2 locID: 102654965998813620 bcsId: 0,size=1048576]} | ret=SUCCESS |  
2019-08-21 12:27:56,141 [grpc-default-executor-5] INFO  client.GrpcClientProtocolClient (GrpcClientProtocolClient.java:onNext(255)) - client-C954105195FD->270584e6-a4a8-4db5-8151-214655ce1a56: receive RaftClientReply:client-C954105195FD->270584e6-a4a8-4db5-8151-214655ce1a56@group-787F5BA3AA67, cid=925, SUCCESS, logIndex=1230, commits[270584e6-a4a8-4db5-8151-214655ce1a56:c1231, af078b8b-61ec-497f-9506-472d46a72462:c1229, 09fb9ab4-1b8d-44c0-9f8c-50855c6f1fed:c1229]
2019-08-21 12:27:56,141 | INFO  | DNAudit | user=null | ip=null | op=WRITE_CHUNK {blockData=conID: 2 locID: 102654965998813620 bcsId: 0} | ret=SUCCESS |  
2019-08-21 12:27:56,142 | INFO  | DNAudit | user=null | ip=null | op=WRITE_CHUNK {blockData=conID: 2 locID: 102654965998813620 bcsId: 0} | ret=SUCCESS |  
2019-08-21 12:27:56,142 [grpc-default-executor-5] INFO  client.GrpcClientProtocolClient (GrpcClientProtocolClient.java:onNext(255)) - client-C954105195FD->270584e6-a4a8-4db5-8151-214655ce1a56: receive RaftClientReply:client-C954105195FD->270584e6-a4a8-4db5-8151-214655ce1a56@group-787F5BA3AA67, cid=926, SUCCESS, logIndex=1231, commits[270584e6-a4a8-4db5-8151-214655ce1a56:c1231, af078b8b-61ec-497f-9506-472d46a72462:c1229, 09fb9ab4-1b8d-44c0-9f8c-50855c6f1fed:c1229]
2019-08-21 12:27:56,143 | INFO  | DNAudit | user=null | ip=null | op=WRITE_CHUNK {blockData=conID: 2 locID: 102654965998813620 bcsId: 0} | ret=SUCCESS |  
2019-08-21 12:27:56,143 | INFO  | DNAudit | user=null | ip=null | op=WRITE_CHUNK {blockData=conID: 2 locID: 102654965998813620 bcsId: 0} | ret=SUCCESS |  
2019-08-21 12:27:56,143 | INFO  | DNAudit | user=null | ip=null | op=PUT_BLOCK {blockData=[blockId=conID: 2 locID: 102654965998813620 bcsId: 0,size=1048576]} | ret=SUCCESS |  
2019-08-21 12:27:56,144 | INFO  | DNAudit | user=null | ip=null | op=PUT_BLOCK {blockData=[blockId=conID: 2 locID: 102654965998813620 bcsId: 0,size=2097152]} | ret=SUCCESS |  
2019-08-21 12:27:56,144 [grpc-default-executor-5] INFO  client.GrpcClientProtocolClient (GrpcClientProtocolClient.java:onNext(255)) - client-C954105195FD->270584e6-a4a8-4db5-8151-214655ce1a56: receive RaftClientReply:client-C954105195FD->270584e6-a4a8-4db5-8151-214655ce1a56@group-787F5BA3AA67, cid=927, SUCCESS, logIndex=1232, commits[270584e6-a4a8-4db5-8151-214655ce1a56:c1233, af078b8b-61ec-497f-9506-472d46a72462:c1229, 09fb9ab4-1b8d-44c0-9f8c-50855c6f1fed:c1229]
2019-08-21 12:27:56,144 | INFO  | DNAudit | user=null | ip=null | op=WRITE_CHUNK {blockData=conID: 2 locID: 102654965998813620 bcsId: 0} | ret=SUCCESS |  
2019-08-21 12:27:56,144 | INFO  | DNAudit | user=null | ip=null | op=PUT_BLOCK {blockData=[blockId=conID: 2 locID: 102654965998813620 bcsId: 0,size=1048576]} | ret=SUCCESS |  
2019-08-21 12:27:56,144 [grpc-default-executor-1] INFO  client.GrpcClientProtocolClient (GrpcClientProtocolClient.java:onNext(255)) - client-C954105195FD->270584e6-a4a8-4db5-8151-214655ce1a56: receive RaftClientReply:client-C954105195FD->270584e6-a4a8-4db5-8151-214655ce1a56@group-787F5BA3AA67, cid=928, SUCCESS, logIndex=1233, commits[270584e6-a4a8-4db5-8151-214655ce1a56:c1235, af078b8b-61ec-497f-9506-472d46a72462:c1231, 09fb9ab4-1b8d-44c0-9f8c-50855c6f1fed:c1229]
2019-08-21 12:27:56,145 | INFO  | DNAudit | user=null | ip=null | op=WRITE_CHUNK {blockData=conID: 2 locID: 102654965998813620 bcsId: 0} | ret=SUCCESS |  
2019-08-21 12:27:56,145 | INFO  | DNAudit | user=null | ip=null | op=WRITE_CHUNK {blockData=conID: 2 locID: 102654965998813620 bcsId: 0} | ret=SUCCESS |  
2019-08-21 12:27:56,146 | INFO  | DNAudit | user=null | ip=null | op=PUT_BLOCK {blockData=[blockId=conID: 2 locID: 102654965998813620 bcsId: 0,size=2097152]} | ret=SUCCESS |  
2019-08-21 12:27:56,146 [grpc-default-executor-1] INFO  client.GrpcClientProtocolClient (GrpcClientProtocolClient.java:onNext(255)) - client-C954105195FD->270584e6-a4a8-4db5-8151-214655ce1a56: receive RaftClientReply:client-C954105195FD->270584e6-a4a8-4db5-8151-214655ce1a56@group-787F5BA3AA67, cid=929, SUCCESS, logIndex=0, commits[270584e6-a4a8-4db5-8151-214655ce1a56:c1236, af078b8b-61ec-497f-9506-472d46a72462:c1232, 09fb9ab4-1b8d-44c0-9f8c-50855c6f1fed:c1231]
2019-08-21 12:27:56,146 | INFO  | DNAudit | user=null | ip=null | op=PUT_BLOCK {blockData=[blockId=conID: 2 locID: 102654965998813620 bcsId: 0,size=2097152]} | ret=SUCCESS |  
2019-08-21 12:27:56,152 | INFO  | DNAudit | user=null | ip=null | op=WRITE_CHUNK {blockData=conID: 2 locID: 102654965998813620 bcsId: 1233} | ret=SUCCESS |  
2019-08-21 12:27:56,155 | INFO  | DNAudit | user=null | ip=null | op=WRITE_CHUNK {blockData=conID: 2 locID: 102654965998813620 bcsId: 1233} | ret=SUCCESS |  
2019-08-21 12:27:56,156 | INFO  | DNAudit | user=null | ip=null | op=WRITE_CHUNK {blockData=conID: 2 locID: 102654965998813620 bcsId: 1233} | ret=SUCCESS |  
2019-08-21 12:27:56,157 | INFO  | DNAudit | user=null | ip=null | op=WRITE_CHUNK {blockData=conID: 2 locID: 102654965998813620 bcsId: 1233} | ret=SUCCESS |  
2019-08-21 12:27:56,158 | INFO  | DNAudit | user=null | ip=null | op=PUT_BLOCK {blockData=[blockId=conID: 2 locID: 102654965998813620 bcsId: 0,size=3145728]} | ret=SUCCESS |  
2019-08-21 12:27:56,158 [grpc-default-executor-1] INFO  client.GrpcClientProtocolClient (GrpcClientProtocolClient.java:onNext(255)) - client-C954105195FD->270584e6-a4a8-4db5-8151-214655ce1a56: receive RaftClientReply:client-C954105195FD->270584e6-a4a8-4db5-8151-214655ce1a56@group-787F5BA3AA67, cid=930, SUCCESS, logIndex=1238, commits[270584e6-a4a8-4db5-8151-214655ce1a56:c1239, af078b8b-61ec-497f-9506-472d46a72462:c1237, 09fb9ab4-1b8d-44c0-9f8c-50855c6f1fed:c1237]
2019-08-21 12:27:56,158 [grpc-default-executor-1] INFO  client.GrpcClientProtocolClient (GrpcClientProtocolClient.java:onNext(255)) - client-C954105195FD->270584e6-a4a8-4db5-8151-214655ce1a56: receive RaftClientReply:client-C954105195FD->270584e6-a4a8-4db5-8151-214655ce1a56@group-787F5BA3AA67, cid=931, SUCCESS, logIndex=1239, commits[270584e6-a4a8-4db5-8151-214655ce1a56:c1239, af078b8b-61ec-497f-9506-472d46a72462:c1237, 09fb9ab4-1b8d-44c0-9f8c-50855c6f1fed:c1237]
2019-08-21 12:27:56,159 | INFO  | DNAudit | user=null | ip=null | op=WRITE_CHUNK {blockData=conID: 2 locID: 102654965998813620 bcsId: 1233} | ret=SUCCESS |  
2019-08-21 12:27:56,159 | INFO  | DNAudit | user=null | ip=null | op=PUT_BLOCK {blockData=[blockId=conID: 2 locID: 102654965998813620 bcsId: 0,size=3145728]} | ret=SUCCESS |  
2019-08-21 12:27:56,161 | INFO  | DNAudit | user=null | ip=null | op=WRITE_CHUNK {blockData=conID: 2 locID: 102654965998813620 bcsId: 1233} | ret=SUCCESS |  
2019-08-21 12:27:56,161 | INFO  | DNAudit | user=null | ip=null | op=PUT_BLOCK {blockData=[blockId=conID: 2 locID: 102654965998813620 bcsId: 0,size=3145728]} | ret=SUCCESS |  
2019-08-21 12:27:56,164 | INFO  | DNAudit | user=null | ip=null | op=WRITE_CHUNK {blockData=conID: 2 locID: 102654965998813620 bcsId: 1239} | ret=SUCCESS |  
2019-08-21 12:27:56,166 | INFO  | DNAudit | user=null | ip=null | op=WRITE_CHUNK {blockData=conID: 2 locID: 102654965998813620 bcsId: 1239} | ret=SUCCESS |  
2019-08-21 12:27:56,167 | INFO  | DNAudit | user=null | ip=null | op=WRITE_CHUNK {blockData=conID: 2 locID: 102654965998813620 bcsId: 1239} | ret=SUCCESS |  
2019-08-21 12:27:56,169 | INFO  | DNAudit | user=null | ip=null | op=WRITE_CHUNK {blockData=conID: 2 locID: 102654965998813620 bcsId: 1239} | ret=SUCCESS |  
2019-08-21 12:27:56,169 | INFO  | DNAudit | user=null | ip=null | op=PUT_BLOCK {blockData=[blockId=conID: 2 locID: 102654965998813620 bcsId: 0,size=4194304]} | ret=SUCCESS |  
2019-08-21 12:27:56,169 [grpc-default-executor-5] INFO  client.GrpcClientProtocolClient (GrpcClientProtocolClient.java:onNext(255)) - client-C954105195FD->270584e6-a4a8-4db5-8151-214655ce1a56: receive RaftClientReply:client-C954105195FD->270584e6-a4a8-4db5-8151-214655ce1a56@group-787F5BA3AA67, cid=932, SUCCESS, logIndex=1242, commits[270584e6-a4a8-4db5-8151-214655ce1a56:c1243, af078b8b-61ec-497f-9506-472d46a72462:c1241, 09fb9ab4-1b8d-44c0-9f8c-50855c6f1fed:c1241]
2019-08-21 12:27:56,170 [grpc-default-executor-5] INFO  client.GrpcClientProtocolClient (GrpcClientProtocolClient.java:onNext(255)) - client-C954105195FD->270584e6-a4a8-4db5-8151-214655ce1a56: receive RaftClientReply:client-C954105195FD->270584e6-a4a8-4db5-8151-214655ce1a56@group-787F5BA3AA67, cid=933, SUCCESS, logIndex=1243, commits[270584e6-a4a8-4db5-8151-214655ce1a56:c1243, af078b8b-61ec-497f-9506-472d46a72462:c1241, 09fb9ab4-1b8d-44c0-9f8c-50855c6f1fed:c1241]
2019-08-21 12:27:56,170 | INFO  | DNAudit | user=null | ip=null | op=WRITE_CHUNK {blockData=conID: 2 locID: 102654965998813620 bcsId: 1239} | ret=SUCCESS |  
2019-08-21 12:27:56,170 | INFO  | DNAudit | user=null | ip=null | op=WRITE_CHUNK {blockData=conID: 2 locID: 102654965998813620 bcsId: 1239} | ret=SUCCESS |  
2019-08-21 12:27:56,170 | INFO  | DNAudit | user=null | ip=null | op=PUT_BLOCK {blockData=[blockId=conID: 2 locID: 102654965998813620 bcsId: 0,size=4194304]} | ret=SUCCESS |  
2019-08-21 12:27:56,171 | INFO  | DNAudit | user=null | ip=null | op=PUT_BLOCK {blockData=[blockId=conID: 2 locID: 102654965998813620 bcsId: 0,size=4194304]} | ret=SUCCESS |  
2019-08-21 12:27:56,171 [grpc-default-executor-1] INFO  client.GrpcClientProtocolClient (GrpcClientProtocolClient.java:onNext(255)) - client-C954105195FD->270584e6-a4a8-4db5-8151-214655ce1a56: receive RaftClientReply:client-C954105195FD->270584e6-a4a8-4db5-8151-214655ce1a56@group-787F5BA3AA67, cid=934, SUCCESS, logIndex=0, commits[270584e6-a4a8-4db5-8151-214655ce1a56:c1245, af078b8b-61ec-497f-9506-472d46a72462:c1243, 09fb9ab4-1b8d-44c0-9f8c-50855c6f1fed:c1243]
2019-08-21 12:27:56,174 | INFO  | SCMAudit | user=jenkins1000 | ip=192.168.34.23 | op=SEND_HEARTBEAT {datanodeUUID=270584e6-a4a8-4db5-8151-214655ce1a56, command=[]} | ret=SUCCESS |  
2019-08-21 12:27:56,174 | INFO  | SCMAudit | user=jenkins1000 | ip=192.168.34.23 | op=SEND_HEARTBEAT {datanodeUUID=af078b8b-61ec-497f-9506-472d46a72462, command=[]} | ret=SUCCESS |  
2019-08-21 12:27:56,175 | INFO  | SCMAudit | user=jenkins1000 | ip=192.168.34.23 | op=SEND_HEARTBEAT {datanodeUUID=09fb9ab4-1b8d-44c0-9f8c-50855c6f1fed, command=[]} | ret=SUCCESS |  
2019-08-21 12:27:56,178 | INFO  | DNAudit | user=null | ip=null | op=WRITE_CHUNK {blockData=conID: 3 locID: 102654965998813621 bcsId: 0} | ret=SUCCESS |  
2019-08-21 12:27:56,181 | INFO  | DNAudit | user=null | ip=null | op=WRITE_CHUNK {blockData=conID: 3 locID: 102654965998813621 bcsId: 0} | ret=SUCCESS |  
2019-08-21 12:27:56,182 | INFO  | DNAudit | user=null | ip=null | op=WRITE_CHUNK {blockData=conID: 3 locID: 102654965998813621 bcsId: 0} | ret=SUCCESS |  
2019-08-21 12:27:56,183 | INFO  | DNAudit | user=null | ip=null | op=WRITE_CHUNK {blockData=conID: 3 locID: 102654965998813621 bcsId: 0} | ret=SUCCESS |  
2019-08-21 12:27:56,184 | INFO  | DNAudit | user=null | ip=null | op=WRITE_CHUNK {blockData=conID: 3 locID: 102654965998813621 bcsId: 0} | ret=SUCCESS |  
2019-08-21 12:27:56,184 | INFO  | DNAudit | user=null | ip=null | op=PUT_BLOCK {blockData=[blockId=conID: 3 locID: 102654965998813621 bcsId: 0,size=1048576]} | ret=SUCCESS |  
2019-08-21 12:27:56,184 [grpc-default-executor-5] INFO  client.GrpcClientProtocolClient (GrpcClientProtocolClient.java:onNext(255)) - client-C954105195FD->270584e6-a4a8-4db5-8151-214655ce1a56: receive RaftClientReply:client-C954105195FD->270584e6-a4a8-4db5-8151-214655ce1a56@group-787F5BA3AA67, cid=935, SUCCESS, logIndex=1246, commits[270584e6-a4a8-4db5-8151-214655ce1a56:c1246, af078b8b-61ec-497f-9506-472d46a72462:c1245, 09fb9ab4-1b8d-44c0-9f8c-50855c6f1fed:c1243]
2019-08-21 12:27:56,185 [grpc-default-executor-5] INFO  client.GrpcClientProtocolClient (GrpcClientProtocolClient.java:onNext(255)) - client-C954105195FD->270584e6-a4a8-4db5-8151-214655ce1a56: receive RaftClientReply:client-C954105195FD->270584e6-a4a8-4db5-8151-214655ce1a56@group-787F5BA3AA67, cid=936, SUCCESS, logIndex=1247, commits[270584e6-a4a8-4db5-8151-214655ce1a56:c1247, af078b8b-61ec-497f-9506-472d46a72462:c1245, 09fb9ab4-1b8d-44c0-9f8c-50855c6f1fed:c1245]
2019-08-21 12:27:56,186 | INFO  | DNAudit | user=null | ip=null | op=WRITE_CHUNK {blockData=conID: 3 locID: 102654965998813621 bcsId: 0} | ret=SUCCESS |  
2019-08-21 12:27:56,186 | INFO  | DNAudit | user=null | ip=null | op=WRITE_CHUNK {blockData=conID: 3 locID: 102654965998813621 bcsId: 0} | ret=SUCCESS |  
2019-08-21 12:27:56,188 | INFO  | DNAudit | user=null | ip=null | op=WRITE_CHUNK {blockData=conID: 3 locID: 102654965998813621 bcsId: 0} | ret=SUCCESS |  
2019-08-21 12:27:56,188 | INFO  | DNAudit | user=null | ip=null | op=WRITE_CHUNK {blockData=conID: 3 locID: 102654965998813621 bcsId: 0} | ret=SUCCESS |  
2019-08-21 12:27:56,188 | INFO  | DNAudit | user=null | ip=null | op=PUT_BLOCK {blockData=[blockId=conID: 3 locID: 102654965998813621 bcsId: 0,size=1048576]} | ret=SUCCESS |  
2019-08-21 12:27:56,188 | INFO  | DNAudit | user=null | ip=null | op=WRITE_CHUNK {blockData=conID: 3 locID: 102654965998813621 bcsId: 0} | ret=SUCCESS |  
2019-08-21 12:27:56,188 | INFO  | DNAudit | user=null | ip=null | op=PUT_BLOCK {blockData=[blockId=conID: 3 locID: 102654965998813621 bcsId: 0,size=2097152]} | ret=SUCCESS |  
2019-08-21 12:27:56,189 | INFO  | DNAudit | user=null | ip=null | op=PUT_BLOCK {blockData=[blockId=conID: 3 locID: 102654965998813621 bcsId: 0,size=1048576]} | ret=SUCCESS |  
2019-08-21 12:27:56,189 [grpc-default-executor-5] INFO  client.GrpcClientProtocolClient (GrpcClientProtocolClient.java:onNext(255)) - client-C954105195FD->270584e6-a4a8-4db5-8151-214655ce1a56: receive RaftClientReply:client-C954105195FD->270584e6-a4a8-4db5-8151-214655ce1a56@group-787F5BA3AA67, cid=937, SUCCESS, logIndex=1248, commits[270584e6-a4a8-4db5-8151-214655ce1a56:c1251, af078b8b-61ec-497f-9506-472d46a72462:c1245, 09fb9ab4-1b8d-44c0-9f8c-50855c6f1fed:c1247]
2019-08-21 12:27:56,189 | INFO  | DNAudit | user=null | ip=null | op=WRITE_CHUNK {blockData=conID: 3 locID: 102654965998813621 bcsId: 0} | ret=SUCCESS |  
2019-08-21 12:27:56,189 [grpc-default-executor-5] INFO  client.GrpcClientProtocolClient (GrpcClientProtocolClient.java:onNext(255)) - client-C954105195FD->270584e6-a4a8-4db5-8151-214655ce1a56: receive RaftClientReply:client-C954105195FD->270584e6-a4a8-4db5-8151-214655ce1a56@group-787F5BA3AA67, cid=938, SUCCESS, logIndex=1249, commits[270584e6-a4a8-4db5-8151-214655ce1a56:c1251, af078b8b-61ec-497f-9506-472d46a72462:c1246, 09fb9ab4-1b8d-44c0-9f8c-50855c6f1fed:c1247]
2019-08-21 12:27:56,189 | INFO  | DNAudit | user=null | ip=null | op=WRITE_CHUNK {blockData=conID: 3 locID: 102654965998813621 bcsId: 0} | ret=SUCCESS |  
2019-08-21 12:27:56,190 | INFO  | DNAudit | user=null | ip=null | op=PUT_BLOCK {blockData=[blockId=conID: 3 locID: 102654965998813621 bcsId: 0,size=2097152]} | ret=SUCCESS |  
2019-08-21 12:27:56,190 | INFO  | DNAudit | user=null | ip=null | op=PUT_BLOCK {blockData=[blockId=conID: 3 locID: 102654965998813621 bcsId: 0,size=2097152]} | ret=SUCCESS |  
2019-08-21 12:27:56,190 [grpc-default-executor-5] INFO  client.GrpcClientProtocolClient (GrpcClientProtocolClient.java:onNext(255)) - client-C954105195FD->270584e6-a4a8-4db5-8151-214655ce1a56: receive RaftClientReply:client-C954105195FD->270584e6-a4a8-4db5-8151-214655ce1a56@group-787F5BA3AA67, cid=939, SUCCESS, logIndex=0, commits[270584e6-a4a8-4db5-8151-214655ce1a56:c1252, af078b8b-61ec-497f-9506-472d46a72462:c1249, 09fb9ab4-1b8d-44c0-9f8c-50855c6f1fed:c1249]
2019-08-21 12:27:56,196 | INFO  | DNAudit | user=null | ip=null | op=WRITE_CHUNK {blockData=conID: 3 locID: 102654965998813621 bcsId: 1249} | ret=SUCCESS |  
2019-08-21 12:27:56,199 | INFO  | DNAudit | user=null | ip=null | op=WRITE_CHUNK {blockData=conID: 3 locID: 102654965998813621 bcsId: 1249} | ret=SUCCESS |  
2019-08-21 12:27:56,199 | INFO  | DNAudit | user=null | ip=null | op=WRITE_CHUNK {blockData=conID: 3 locID: 102654965998813621 bcsId: 1249} | ret=SUCCESS |  
2019-08-21 12:27:56,209 | INFO  | DNAudit | user=null | ip=null | op=WRITE_CHUNK {blockData=conID: 3 locID: 102654965998813621 bcsId: 1249} | ret=SUCCESS |  
2019-08-21 12:27:56,210 | INFO  | DNAudit | user=null | ip=null | op=PUT_BLOCK {blockData=[blockId=conID: 3 locID: 102654965998813621 bcsId: 0,size=3145728]} | ret=SUCCESS |  
2019-08-21 12:27:56,210 [grpc-default-executor-4] INFO  client.GrpcClientProtocolClient (GrpcClientProtocolClient.java:onNext(255)) - client-C954105195FD->270584e6-a4a8-4db5-8151-214655ce1a56: receive RaftClientReply:client-C954105195FD->270584e6-a4a8-4db5-8151-214655ce1a56@group-787F5BA3AA67, cid=940, SUCCESS, logIndex=1253, commits[270584e6-a4a8-4db5-8151-214655ce1a56:c1254, af078b8b-61ec-497f-9506-472d46a72462:c1252, 09fb9ab4-1b8d-44c0-9f8c-50855c6f1fed:c1252]
2019-08-21 12:27:56,210 [grpc-default-executor-4] INFO  client.GrpcClientProtocolClient (GrpcClientProtocolClient.java:onNext(255)) - client-C954105195FD->270584e6-a4a8-4db5-8151-214655ce1a56: receive RaftClientReply:client-C954105195FD->270584e6-a4a8-4db5-8151-214655ce1a56@group-787F5BA3AA67, cid=941, SUCCESS, logIndex=1254, commits[270584e6-a4a8-4db5-8151-214655ce1a56:c1254, af078b8b-61ec-497f-9506-472d46a72462:c1252, 09fb9ab4-1b8d-44c0-9f8c-50855c6f1fed:c1252]
2019-08-21 12:27:56,216 | INFO  | DNAudit | user=null | ip=null | op=WRITE_CHUNK {blockData=conID: 3 locID: 102654965998813621 bcsId: 1254} | ret=SUCCESS |  
2019-08-21 12:27:56,219 | INFO  | DNAudit | user=null | ip=null | op=WRITE_CHUNK {blockData=conID: 3 locID: 102654965998813621 bcsId: 1254} | ret=SUCCESS |  
2019-08-21 12:27:56,220 | INFO  | DNAudit | user=null | ip=null | op=WRITE_CHUNK {blockData=conID: 3 locID: 102654965998813621 bcsId: 1254} | ret=SUCCESS |  
2019-08-21 12:27:56,221 | INFO  | DNAudit | user=null | ip=null | op=WRITE_CHUNK {blockData=conID: 3 locID: 102654965998813621 bcsId: 1249} | ret=SUCCESS |  
2019-08-21 12:27:56,221 | INFO  | DNAudit | user=null | ip=null | op=WRITE_CHUNK {blockData=conID: 3 locID: 102654965998813621 bcsId: 1249} | ret=SUCCESS |  
2019-08-21 12:27:56,226 | INFO  | DNAudit | user=null | ip=null | op=PUT_BLOCK {blockData=[blockId=conID: 3 locID: 102654965998813621 bcsId: 0,size=3145728]} | ret=SUCCESS |  
2019-08-21 12:27:56,226 | INFO  | DNAudit | user=null | ip=null | op=PUT_BLOCK {blockData=[blockId=conID: 3 locID: 102654965998813621 bcsId: 0,size=3145728]} | ret=SUCCESS |  
2019-08-21 12:27:56,226 | INFO  | DNAudit | user=null | ip=null | op=WRITE_CHUNK {blockData=conID: 3 locID: 102654965998813621 bcsId: 1254} | ret=SUCCESS |  
2019-08-21 12:27:56,227 | INFO  | DNAudit | user=null | ip=null | op=PUT_BLOCK {blockData=[blockId=conID: 3 locID: 102654965998813621 bcsId: 0,size=4194304]} | ret=SUCCESS |  
2019-08-21 12:27:56,227 [grpc-default-executor-5] INFO  client.GrpcClientProtocolClient (GrpcClientProtocolClient.java:onNext(255)) - client-C954105195FD->270584e6-a4a8-4db5-8151-214655ce1a56: receive RaftClientReply:client-C954105195FD->270584e6-a4a8-4db5-8151-214655ce1a56@group-787F5BA3AA67, cid=942, SUCCESS, logIndex=1257, commits[270584e6-a4a8-4db5-8151-214655ce1a56:c1258, af078b8b-61ec-497f-9506-472d46a72462:c1254, 09fb9ab4-1b8d-44c0-9f8c-50855c6f1fed:c1254]
2019-08-21 12:27:56,227 [grpc-default-executor-5] INFO  client.GrpcClientProtocolClient (GrpcClientProtocolClient.java:onNext(255)) - client-C954105195FD->270584e6-a4a8-4db5-8151-214655ce1a56: receive RaftClientReply:client-C954105195FD->270584e6-a4a8-4db5-8151-214655ce1a56@group-787F5BA3AA67, cid=943, SUCCESS, logIndex=1258, commits[270584e6-a4a8-4db5-8151-214655ce1a56:c1258, af078b8b-61ec-497f-9506-472d46a72462:c1254, 09fb9ab4-1b8d-44c0-9f8c-50855c6f1fed:c1254]
2019-08-21 12:27:56,242 | INFO  | DNAudit | user=null | ip=null | op=WRITE_CHUNK {blockData=conID: 3 locID: 102654965998813621 bcsId: 1254} | ret=SUCCESS |  
2019-08-21 12:27:56,242 | INFO  | DNAudit | user=null | ip=null | op=WRITE_CHUNK {blockData=conID: 3 locID: 102654965998813621 bcsId: 1254} | ret=SUCCESS |  
2019-08-21 12:27:56,243 | INFO  | DNAudit | user=null | ip=null | op=PUT_BLOCK {blockData=[blockId=conID: 3 locID: 102654965998813621 bcsId: 0,size=4194304]} | ret=SUCCESS |  
2019-08-21 12:27:56,243 | INFO  | DNAudit | user=null | ip=null | op=PUT_BLOCK {blockData=[blockId=conID: 3 locID: 102654965998813621 bcsId: 0,size=4194304]} | ret=SUCCESS |  
2019-08-21 12:27:56,244 [grpc-default-executor-5] INFO  client.GrpcClientProtocolClient (GrpcClientProtocolClient.java:onNext(255)) - client-C954105195FD->270584e6-a4a8-4db5-8151-214655ce1a56: receive RaftClientReply:client-C954105195FD->270584e6-a4a8-4db5-8151-214655ce1a56@group-787F5BA3AA67, cid=944, SUCCESS, logIndex=0, commits[270584e6-a4a8-4db5-8151-214655ce1a56:c1260, af078b8b-61ec-497f-9506-472d46a72462:c1258, 09fb9ab4-1b8d-44c0-9f8c-50855c6f1fed:c1258]
2019-08-21 12:27:56,250 | INFO  | DNAudit | user=null | ip=null | op=WRITE_CHUNK {blockData=conID: 1 locID: 102654965998813622 bcsId: 0} | ret=SUCCESS |  
2019-08-21 12:27:56,253 | INFO  | DNAudit | user=null | ip=null | op=WRITE_CHUNK {blockData=conID: 1 locID: 102654965998813622 bcsId: 0} | ret=SUCCESS |  
2019-08-21 12:27:56,254 | INFO  | DNAudit | user=null | ip=null | op=WRITE_CHUNK {blockData=conID: 1 locID: 102654965998813622 bcsId: 0} | ret=SUCCESS |  
2019-08-21 12:27:56,254 | INFO  | DNAudit | user=null | ip=null | op=WRITE_CHUNK {blockData=conID: 1 locID: 102654965998813622 bcsId: 0} | ret=SUCCESS |  
2019-08-21 12:27:56,257 | INFO  | DNAudit | user=null | ip=null | op=WRITE_CHUNK {blockData=conID: 1 locID: 102654965998813622 bcsId: 0} | ret=SUCCESS |  
2019-08-21 12:27:56,257 | INFO  | DNAudit | user=null | ip=null | op=WRITE_CHUNK {blockData=conID: 1 locID: 102654965998813622 bcsId: 0} | ret=SUCCESS |  
2019-08-21 12:27:56,263 | INFO  | DNAudit | user=null | ip=null | op=WRITE_CHUNK {blockData=conID: 1 locID: 102654965998813622 bcsId: 0} | ret=SUCCESS |  
2019-08-21 12:27:56,264 | INFO  | DNAudit | user=null | ip=null | op=PUT_BLOCK {blockData=[blockId=conID: 1 locID: 102654965998813622 bcsId: 0,size=1048576]} | ret=SUCCESS |  
2019-08-21 12:27:56,264 | INFO  | DNAudit | user=null | ip=null | op=WRITE_CHUNK {blockData=conID: 1 locID: 102654965998813622 bcsId: 0} | ret=SUCCESS |  
2019-08-21 12:27:56,264 [grpc-default-executor-5] INFO  client.GrpcClientProtocolClient (GrpcClientProtocolClient.java:onNext(255)) - client-C954105195FD->270584e6-a4a8-4db5-8151-214655ce1a56: receive RaftClientReply:client-C954105195FD->270584e6-a4a8-4db5-8151-214655ce1a56@group-787F5BA3AA67, cid=945, SUCCESS, logIndex=1261, commits[270584e6-a4a8-4db5-8151-214655ce1a56:c1262, af078b8b-61ec-497f-9506-472d46a72462:c1260, 09fb9ab4-1b8d-44c0-9f8c-50855c6f1fed:c1260]
2019-08-21 12:27:56,264 | INFO  | DNAudit | user=null | ip=null | op=PUT_BLOCK {blockData=[blockId=conID: 1 locID: 102654965998813622 bcsId: 0,size=2097152]} | ret=SUCCESS |  
2019-08-21 12:27:56,265 | INFO  | DNAudit | user=null | ip=null | op=WRITE_CHUNK {blockData=conID: 1 locID: 102654965998813622 bcsId: 0} | ret=SUCCESS |  
2019-08-21 12:27:56,265 [grpc-default-executor-5] INFO  client.GrpcClientProtocolClient (GrpcClientProtocolClient.java:onNext(255)) - client-C954105195FD->270584e6-a4a8-4db5-8151-214655ce1a56: receive RaftClientReply:client-C954105195FD->270584e6-a4a8-4db5-8151-214655ce1a56@group-787F5BA3AA67, cid=946, SUCCESS, logIndex=1262, commits[270584e6-a4a8-4db5-8151-214655ce1a56:c1264, af078b8b-61ec-497f-9506-472d46a72462:c1260, 09fb9ab4-1b8d-44c0-9f8c-50855c6f1fed:c1260]
2019-08-21 12:27:56,265 | INFO  | DNAudit | user=null | ip=null | op=PUT_BLOCK {blockData=[blockId=conID: 1 locID: 102654965998813622 bcsId: 0,size=1048576]} | ret=SUCCESS |  
2019-08-21 12:27:56,265 | INFO  | DNAudit | user=null | ip=null | op=WRITE_CHUNK {blockData=conID: 1 locID: 102654965998813622 bcsId: 0} | ret=SUCCESS |  
2019-08-21 12:27:56,265 [grpc-default-executor-5] INFO  client.GrpcClientProtocolClient (GrpcClientProtocolClient.java:onNext(255)) - client-C954105195FD->270584e6-a4a8-4db5-8151-214655ce1a56: receive RaftClientReply:client-C954105195FD->270584e6-a4a8-4db5-8151-214655ce1a56@group-787F5BA3AA67, cid=947, SUCCESS, logIndex=1263, commits[270584e6-a4a8-4db5-8151-214655ce1a56:c1264, af078b8b-61ec-497f-9506-472d46a72462:c1260, 09fb9ab4-1b8d-44c0-9f8c-50855c6f1fed:c1260]
2019-08-21 12:27:56,266 | INFO  | DNAudit | user=null | ip=null | op=PUT_BLOCK {blockData=[blockId=conID: 1 locID: 102654965998813622 bcsId: 0,size=1048576]} | ret=SUCCESS |  
2019-08-21 12:27:56,266 [grpc-default-executor-5] INFO  client.GrpcClientProtocolClient (GrpcClientProtocolClient.java:onNext(255)) - client-C954105195FD->270584e6-a4a8-4db5-8151-214655ce1a56: receive RaftClientReply:client-C954105195FD->270584e6-a4a8-4db5-8151-214655ce1a56@group-787F5BA3AA67, cid=948, SUCCESS, logIndex=1264, commits[270584e6-a4a8-4db5-8151-214655ce1a56:c1264, af078b8b-61ec-497f-9506-472d46a72462:c1260, 09fb9ab4-1b8d-44c0-9f8c-50855c6f1fed:c1260]
2019-08-21 12:27:56,266 | INFO  | DNAudit | user=null | ip=null | op=WRITE_CHUNK {blockData=conID: 1 locID: 102654965998813622 bcsId: 0} | ret=SUCCESS |  
2019-08-21 12:27:56,266 | INFO  | DNAudit | user=null | ip=null | op=PUT_BLOCK {blockData=[blockId=conID: 1 locID: 102654965998813622 bcsId: 0,size=2097152]} | ret=SUCCESS |  
2019-08-21 12:27:56,266 | INFO  | DNAudit | user=null | ip=null | op=WRITE_CHUNK {blockData=conID: 1 locID: 102654965998813622 bcsId: 0} | ret=SUCCESS |  
2019-08-21 12:27:56,267 | INFO  | DNAudit | user=null | ip=null | op=PUT_BLOCK {blockData=[blockId=conID: 1 locID: 102654965998813622 bcsId: 0,size=2097152]} | ret=SUCCESS |  
2019-08-21 12:27:56,267 [grpc-default-executor-5] INFO  client.GrpcClientProtocolClient (GrpcClientProtocolClient.java:onNext(255)) - client-C954105195FD->270584e6-a4a8-4db5-8151-214655ce1a56: receive RaftClientReply:client-C954105195FD->270584e6-a4a8-4db5-8151-214655ce1a56@group-787F5BA3AA67, cid=949, SUCCESS, logIndex=0, commits[270584e6-a4a8-4db5-8151-214655ce1a56:c1268, af078b8b-61ec-497f-9506-472d46a72462:c1264, 09fb9ab4-1b8d-44c0-9f8c-50855c6f1fed:c1264]
2019-08-21 12:27:56,274 | INFO  | DNAudit | user=null | ip=null | op=WRITE_CHUNK {blockData=conID: 1 locID: 102654965998813622 bcsId: 1264} | ret=SUCCESS |  
2019-08-21 12:27:56,276 | INFO  | DNAudit | user=null | ip=null | op=WRITE_CHUNK {blockData=conID: 1 locID: 102654965998813622 bcsId: 1264} | ret=SUCCESS |  
2019-08-21 12:27:56,276 | INFO  | DNAudit | user=null | ip=null | op=WRITE_CHUNK {blockData=conID: 1 locID: 102654965998813622 bcsId: 1264} | ret=SUCCESS |  
2019-08-21 12:27:56,286 | INFO  | DNAudit | user=null | ip=null | op=WRITE_CHUNK {blockData=conID: 1 locID: 102654965998813622 bcsId: 1264} | ret=SUCCESS |  
2019-08-21 12:27:56,287 | INFO  | DNAudit | user=null | ip=null | op=PUT_BLOCK {blockData=[blockId=conID: 1 locID: 102654965998813622 bcsId: 0,size=3145728]} | ret=SUCCESS |  
2019-08-21 12:27:56,287 [grpc-default-executor-5] INFO  client.GrpcClientProtocolClient (GrpcClientProtocolClient.java:onNext(255)) - client-C954105195FD->270584e6-a4a8-4db5-8151-214655ce1a56: receive RaftClientReply:client-C954105195FD->270584e6-a4a8-4db5-8151-214655ce1a56@group-787F5BA3AA67, cid=950, SUCCESS, logIndex=1269, commits[270584e6-a4a8-4db5-8151-214655ce1a56:c1270, af078b8b-61ec-497f-9506-472d46a72462:c1268, 09fb9ab4-1b8d-44c0-9f8c-50855c6f1fed:c1268]
2019-08-21 12:27:56,287 [grpc-default-executor-5] INFO  client.GrpcClientProtocolClient (GrpcClientProtocolClient.java:onNext(255)) - client-C954105195FD->270584e6-a4a8-4db5-8151-214655ce1a56: receive RaftClientReply:client-C954105195FD->270584e6-a4a8-4db5-8151-214655ce1a56@group-787F5BA3AA67, cid=951, SUCCESS, logIndex=1270, commits[270584e6-a4a8-4db5-8151-214655ce1a56:c1270, af078b8b-61ec-497f-9506-472d46a72462:c1268, 09fb9ab4-1b8d-44c0-9f8c-50855c6f1fed:c1268]
2019-08-21 12:27:56,294 | INFO  | DNAudit | user=null | ip=null | op=WRITE_CHUNK {blockData=conID: 1 locID: 102654965998813622 bcsId: 1270} | ret=SUCCESS |  
2019-08-21 12:27:56,297 | INFO  | DNAudit | user=null | ip=null | op=WRITE_CHUNK {blockData=conID: 1 locID: 102654965998813622 bcsId: 1270} | ret=SUCCESS |  
2019-08-21 12:27:56,297 | INFO  | DNAudit | user=null | ip=null | op=WRITE_CHUNK {blockData=conID: 1 locID: 102654965998813622 bcsId: 1270} | ret=SUCCESS |  
2019-08-21 12:27:56,298 | INFO  | DNAudit | user=null | ip=null | op=WRITE_CHUNK {blockData=conID: 1 locID: 102654965998813622 bcsId: 1264} | ret=SUCCESS |  
2019-08-21 12:27:56,298 | INFO  | DNAudit | user=null | ip=null | op=WRITE_CHUNK {blockData=conID: 1 locID: 102654965998813622 bcsId: 1264} | ret=SUCCESS |  
2019-08-21 12:27:56,299 | INFO  | DNAudit | user=null | ip=null | op=PUT_BLOCK {blockData=[blockId=conID: 1 locID: 102654965998813622 bcsId: 0,size=3145728]} | ret=SUCCESS |  
2019-08-21 12:27:56,299 | INFO  | DNAudit | user=null | ip=null | op=WRITE_CHUNK {blockData=conID: 1 locID: 102654965998813622 bcsId: 1270} | ret=SUCCESS |  
2019-08-21 12:27:56,300 | INFO  | DNAudit | user=null | ip=null | op=PUT_BLOCK {blockData=[blockId=conID: 1 locID: 102654965998813622 bcsId: 0,size=3145728]} | ret=SUCCESS |  
2019-08-21 12:27:56,300 | INFO  | DNAudit | user=null | ip=null | op=PUT_BLOCK {blockData=[blockId=conID: 1 locID: 102654965998813622 bcsId: 0,size=4194304]} | ret=SUCCESS |  
2019-08-21 12:27:56,300 [grpc-default-executor-2] INFO  client.GrpcClientProtocolClient (GrpcClientProtocolClient.java:onNext(255)) - client-C954105195FD->270584e6-a4a8-4db5-8151-214655ce1a56: receive RaftClientReply:client-C954105195FD->270584e6-a4a8-4db5-8151-214655ce1a56@group-787F5BA3AA67, cid=952, SUCCESS, logIndex=1273, commits[270584e6-a4a8-4db5-8151-214655ce1a56:c1274, af078b8b-61ec-497f-9506-472d46a72462:c1270, 09fb9ab4-1b8d-44c0-9f8c-50855c6f1fed:c1269]
2019-08-21 12:27:56,300 [grpc-default-executor-2] INFO  client.GrpcClientProtocolClient (GrpcClientProtocolClient.java:onNext(255)) - client-C954105195FD->270584e6-a4a8-4db5-8151-214655ce1a56: receive RaftClientReply:client-C954105195FD->270584e6-a4a8-4db5-8151-214655ce1a56@group-787F5BA3AA67, cid=953, SUCCESS, logIndex=1274, commits[270584e6-a4a8-4db5-8151-214655ce1a56:c1274, af078b8b-61ec-497f-9506-472d46a72462:c1270, 09fb9ab4-1b8d-44c0-9f8c-50855c6f1fed:c1270]
2019-08-21 12:27:56,301 | INFO  | DNAudit | user=null | ip=null | op=WRITE_CHUNK {blockData=conID: 1 locID: 102654965998813622 bcsId: 1270} | ret=SUCCESS |  
2019-08-21 12:27:56,301 | INFO  | DNAudit | user=null | ip=null | op=PUT_BLOCK {blockData=[blockId=conID: 1 locID: 102654965998813622 bcsId: 0,size=4194304]} | ret=SUCCESS |  
2019-08-21 12:27:56,301 | INFO  | DNAudit | user=null | ip=null | op=WRITE_CHUNK {blockData=conID: 1 locID: 102654965998813622 bcsId: 1270} | ret=SUCCESS |  
2019-08-21 12:27:56,303 | INFO  | DNAudit | user=null | ip=null | op=PUT_BLOCK {blockData=[blockId=conID: 1 locID: 102654965998813622 bcsId: 0,size=4194304]} | ret=SUCCESS |  
2019-08-21 12:27:56,303 [grpc-default-executor-5] INFO  client.GrpcClientProtocolClient (GrpcClientProtocolClient.java:onNext(255)) - client-C954105195FD->270584e6-a4a8-4db5-8151-214655ce1a56: receive RaftClientReply:client-C954105195FD->270584e6-a4a8-4db5-8151-214655ce1a56@group-787F5BA3AA67, cid=954, SUCCESS, logIndex=0, commits[270584e6-a4a8-4db5-8151-214655ce1a56:c1276, af078b8b-61ec-497f-9506-472d46a72462:c1274, 09fb9ab4-1b8d-44c0-9f8c-50855c6f1fed:c1274]
2019-08-21 12:27:56,310 | INFO  | DNAudit | user=null | ip=null | op=WRITE_CHUNK {blockData=conID: 2 locID: 102654965998813623 bcsId: 0} | ret=SUCCESS |  
2019-08-21 12:27:56,313 | INFO  | DNAudit | user=null | ip=null | op=WRITE_CHUNK {blockData=conID: 2 locID: 102654965998813623 bcsId: 0} | ret=SUCCESS |  
2019-08-21 12:27:56,313 | INFO  | DNAudit | user=null | ip=null | op=WRITE_CHUNK {blockData=conID: 2 locID: 102654965998813623 bcsId: 0} | ret=SUCCESS |  
2019-08-21 12:27:56,314 | INFO  | DNAudit | user=null | ip=null | op=WRITE_CHUNK {blockData=conID: 2 locID: 102654965998813623 bcsId: 0} | ret=SUCCESS |  
2019-08-21 12:27:56,316 | INFO  | DNAudit | user=null | ip=null | op=WRITE_CHUNK {blockData=conID: 2 locID: 102654965998813623 bcsId: 0} | ret=SUCCESS |  
2019-08-21 12:27:56,316 | INFO  | DNAudit | user=null | ip=null | op=WRITE_CHUNK {blockData=conID: 2 locID: 102654965998813623 bcsId: 0} | ret=SUCCESS |  
2019-08-21 12:27:56,323 | INFO  | DNAudit | user=null | ip=null | op=WRITE_CHUNK {blockData=conID: 2 locID: 102654965998813623 bcsId: 0} | ret=SUCCESS |  
2019-08-21 12:27:56,323 | INFO  | DNAudit | user=null | ip=null | op=PUT_BLOCK {blockData=[blockId=conID: 2 locID: 102654965998813623 bcsId: 0,size=1048576]} | ret=SUCCESS |  
2019-08-21 12:27:56,323 [grpc-default-executor-1] INFO  client.GrpcClientProtocolClient (GrpcClientProtocolClient.java:onNext(255)) - client-C954105195FD->270584e6-a4a8-4db5-8151-214655ce1a56: receive RaftClientReply:client-C954105195FD->270584e6-a4a8-4db5-8151-214655ce1a56@group-787F5BA3AA67, cid=955, SUCCESS, logIndex=1277, commits[270584e6-a4a8-4db5-8151-214655ce1a56:c1278, af078b8b-61ec-497f-9506-472d46a72462:c1276, 09fb9ab4-1b8d-44c0-9f8c-50855c6f1fed:c1276]
2019-08-21 12:27:56,324 | INFO  | DNAudit | user=null | ip=null | op=WRITE_CHUNK {blockData=conID: 2 locID: 102654965998813623 bcsId: 0} | ret=SUCCESS |  
2019-08-21 12:27:56,324 | INFO  | DNAudit | user=null | ip=null | op=PUT_BLOCK {blockData=[blockId=conID: 2 locID: 102654965998813623 bcsId: 0,size=2097152]} | ret=SUCCESS |  
2019-08-21 12:27:56,324 [grpc-default-executor-1] INFO  client.GrpcClientProtocolClient (GrpcClientProtocolClient.java:onNext(255)) - client-C954105195FD->270584e6-a4a8-4db5-8151-214655ce1a56: receive RaftClientReply:client-C954105195FD->270584e6-a4a8-4db5-8151-214655ce1a56@group-787F5BA3AA67, cid=956, SUCCESS, logIndex=1278, commits[270584e6-a4a8-4db5-8151-214655ce1a56:c1280, af078b8b-61ec-497f-9506-472d46a72462:c1276, 09fb9ab4-1b8d-44c0-9f8c-50855c6f1fed:c1276]
2019-08-21 12:27:56,324 [grpc-default-executor-1] INFO  client.GrpcClientProtocolClient (GrpcClientProtocolClient.java:onNext(255)) - client-C954105195FD->270584e6-a4a8-4db5-8151-214655ce1a56: receive RaftClientReply:client-C954105195FD->270584e6-a4a8-4db5-8151-214655ce1a56@group-787F5BA3AA67, cid=957, SUCCESS, logIndex=1279, commits[270584e6-a4a8-4db5-8151-214655ce1a56:c1280, af078b8b-61ec-497f-9506-472d46a72462:c1276, 09fb9ab4-1b8d-44c0-9f8c-50855c6f1fed:c1276]
2019-08-21 12:27:56,325 [grpc-default-executor-1] INFO  client.GrpcClientProtocolClient (GrpcClientProtocolClient.java:onNext(255)) - client-C954105195FD->270584e6-a4a8-4db5-8151-214655ce1a56: receive RaftClientReply:client-C954105195FD->270584e6-a4a8-4db5-8151-214655ce1a56@group-787F5BA3AA67, cid=958, SUCCESS, logIndex=1280, commits[270584e6-a4a8-4db5-8151-214655ce1a56:c1280, af078b8b-61ec-497f-9506-472d46a72462:c1276, 09fb9ab4-1b8d-44c0-9f8c-50855c6f1fed:c1276]
2019-08-21 12:27:56,336 | INFO  | DNAudit | user=null | ip=null | op=WRITE_CHUNK {blockData=conID: 2 locID: 102654965998813623 bcsId: 0} | ret=SUCCESS |  
2019-08-21 12:27:56,336 | INFO  | DNAudit | user=null | ip=null | op=PUT_BLOCK {blockData=[blockId=conID: 2 locID: 102654965998813623 bcsId: 0,size=1048576]} | ret=SUCCESS |  
2019-08-21 12:27:56,337 | INFO  | DNAudit | user=null | ip=null | op=WRITE_CHUNK {blockData=conID: 2 locID: 102654965998813623 bcsId: 0} | ret=SUCCESS |  
2019-08-21 12:27:56,337 | INFO  | DNAudit | user=null | ip=null | op=PUT_BLOCK {blockData=[blockId=conID: 2 locID: 102654965998813623 bcsId: 0,size=1048576]} | ret=SUCCESS |  
2019-08-21 12:27:56,337 | INFO  | DNAudit | user=null | ip=null | op=WRITE_CHUNK {blockData=conID: 2 locID: 102654965998813623 bcsId: 0} | ret=SUCCESS |  
2019-08-21 12:27:56,337 [grpc-default-executor-5] INFO  client.GrpcClientProtocolClient (GrpcClientProtocolClient.java:onNext(255)) - client-C954105195FD->270584e6-a4a8-4db5-8151-214655ce1a56: receive RaftClientReply:client-C954105195FD->270584e6-a4a8-4db5-8151-214655ce1a56@group-787F5BA3AA67, cid=959, SUCCESS, logIndex=0, commits[270584e6-a4a8-4db5-8151-214655ce1a56:c1281, af078b8b-61ec-497f-9506-472d46a72462:c1278, 09fb9ab4-1b8d-44c0-9f8c-50855c6f1fed:c1278]
2019-08-21 12:27:56,338 | INFO  | DNAudit | user=null | ip=null | op=PUT_BLOCK {blockData=[blockId=conID: 2 locID: 102654965998813623 bcsId: 0,size=2097152]} | ret=SUCCESS |  
2019-08-21 12:27:56,338 | INFO  | DNAudit | user=null | ip=null | op=WRITE_CHUNK {blockData=conID: 2 locID: 102654965998813623 bcsId: 0} | ret=SUCCESS |  
2019-08-21 12:27:56,338 | INFO  | DNAudit | user=null | ip=null | op=PUT_BLOCK {blockData=[blockId=conID: 2 locID: 102654965998813623 bcsId: 0,size=2097152]} | ret=SUCCESS |  
2019-08-21 12:27:56,345 | INFO  | DNAudit | user=null | ip=null | op=WRITE_CHUNK {blockData=conID: 2 locID: 102654965998813623 bcsId: 1280} | ret=SUCCESS |  
2019-08-21 12:27:56,348 | INFO  | DNAudit | user=null | ip=null | op=WRITE_CHUNK {blockData=conID: 2 locID: 102654965998813623 bcsId: 1280} | ret=SUCCESS |  
2019-08-21 12:27:56,349 | INFO  | DNAudit | user=null | ip=null | op=WRITE_CHUNK {blockData=conID: 2 locID: 102654965998813623 bcsId: 1280} | ret=SUCCESS |  
2019-08-21 12:27:56,357 | INFO  | DNAudit | user=null | ip=null | op=WRITE_CHUNK {blockData=conID: 2 locID: 102654965998813623 bcsId: 1280} | ret=SUCCESS |  
2019-08-21 12:27:56,358 | INFO  | DNAudit | user=null | ip=null | op=PUT_BLOCK {blockData=[blockId=conID: 2 locID: 102654965998813623 bcsId: 0,size=3145728]} | ret=SUCCESS |  
2019-08-21 12:27:56,358 [grpc-default-executor-1] INFO  client.GrpcClientProtocolClient (GrpcClientProtocolClient.java:onNext(255)) - client-C954105195FD->270584e6-a4a8-4db5-8151-214655ce1a56: receive RaftClientReply:client-C954105195FD->270584e6-a4a8-4db5-8151-214655ce1a56@group-787F5BA3AA67, cid=960, SUCCESS, logIndex=1284, commits[270584e6-a4a8-4db5-8151-214655ce1a56:c1285, af078b8b-61ec-497f-9506-472d46a72462:c1283, 09fb9ab4-1b8d-44c0-9f8c-50855c6f1fed:c1283]
2019-08-21 12:27:56,359 [grpc-default-executor-1] INFO  client.GrpcClientProtocolClient (GrpcClientProtocolClient.java:onNext(255)) - client-C954105195FD->270584e6-a4a8-4db5-8151-214655ce1a56: receive RaftClientReply:client-C954105195FD->270584e6-a4a8-4db5-8151-214655ce1a56@group-787F5BA3AA67, cid=961, SUCCESS, logIndex=1285, commits[270584e6-a4a8-4db5-8151-214655ce1a56:c1285, af078b8b-61ec-497f-9506-472d46a72462:c1283, 09fb9ab4-1b8d-44c0-9f8c-50855c6f1fed:c1283]
2019-08-21 12:27:56,366 | INFO  | DNAudit | user=null | ip=null | op=WRITE_CHUNK {blockData=conID: 2 locID: 102654965998813623 bcsId: 1285} | ret=SUCCESS |  
2019-08-21 12:27:56,369 | INFO  | DNAudit | user=null | ip=null | op=WRITE_CHUNK {blockData=conID: 2 locID: 102654965998813623 bcsId: 1285} | ret=SUCCESS |  
2019-08-21 12:27:56,369 | INFO  | DNAudit | user=null | ip=null | op=WRITE_CHUNK {blockData=conID: 2 locID: 102654965998813623 bcsId: 1280} | ret=SUCCESS |  
2019-08-21 12:27:56,369 | INFO  | DNAudit | user=null | ip=null | op=WRITE_CHUNK {blockData=conID: 2 locID: 102654965998813623 bcsId: 1280} | ret=SUCCESS |  
2019-08-21 12:27:56,369 | INFO  | DNAudit | user=null | ip=null | op=WRITE_CHUNK {blockData=conID: 2 locID: 102654965998813623 bcsId: 1285} | ret=SUCCESS |  
2019-08-21 12:27:56,370 | INFO  | DNAudit | user=null | ip=null | op=PUT_BLOCK {blockData=[blockId=conID: 2 locID: 102654965998813623 bcsId: 0,size=3145728]} | ret=SUCCESS |  
2019-08-21 12:27:56,370 | INFO  | DNAudit | user=null | ip=null | op=WRITE_CHUNK {blockData=conID: 2 locID: 102654965998813623 bcsId: 1285} | ret=SUCCESS |  
2019-08-21 12:27:56,371 | INFO  | DNAudit | user=null | ip=null | op=PUT_BLOCK {blockData=[blockId=conID: 2 locID: 102654965998813623 bcsId: 0,size=3145728]} | ret=SUCCESS |  
2019-08-21 12:27:56,371 | INFO  | DNAudit | user=null | ip=null | op=PUT_BLOCK {blockData=[blockId=conID: 2 locID: 102654965998813623 bcsId: 0,size=4194304]} | ret=SUCCESS |  
2019-08-21 12:27:56,371 [grpc-default-executor-2] INFO  client.GrpcClientProtocolClient (GrpcClientProtocolClient.java:onNext(255)) - client-C954105195FD->270584e6-a4a8-4db5-8151-214655ce1a56: receive RaftClientReply:client-C954105195FD->270584e6-a4a8-4db5-8151-214655ce1a56@group-787F5BA3AA67, cid=962, SUCCESS, logIndex=1288, commits[270584e6-a4a8-4db5-8151-214655ce1a56:c1289, af078b8b-61ec-497f-9506-472d46a72462:c1285, 09fb9ab4-1b8d-44c0-9f8c-50855c6f1fed:c1285]
2019-08-21 12:27:56,372 [grpc-default-executor-2] INFO  client.GrpcClientProtocolClient (GrpcClientProtocolClient.java:onNext(255)) - client-C954105195FD->270584e6-a4a8-4db5-8151-214655ce1a56: receive RaftClientReply:client-C954105195FD->270584e6-a4a8-4db5-8151-214655ce1a56@group-787F5BA3AA67, cid=963, SUCCESS, logIndex=1289, commits[270584e6-a4a8-4db5-8151-214655ce1a56:c1289, af078b8b-61ec-497f-9506-472d46a72462:c1285, 09fb9ab4-1b8d-44c0-9f8c-50855c6f1fed:c1285]
2019-08-21 12:27:56,372 | INFO  | DNAudit | user=null | ip=null | op=WRITE_CHUNK {blockData=conID: 2 locID: 102654965998813623 bcsId: 1285} | ret=SUCCESS |  
2019-08-21 12:27:56,372 | INFO  | DNAudit | user=null | ip=null | op=PUT_BLOCK {blockData=[blockId=conID: 2 locID: 102654965998813623 bcsId: 0,size=4194304]} | ret=SUCCESS |  
2019-08-21 12:27:56,373 | INFO  | DNAudit | user=null | ip=null | op=WRITE_CHUNK {blockData=conID: 2 locID: 102654965998813623 bcsId: 1285} | ret=SUCCESS |  
2019-08-21 12:27:56,373 | INFO  | DNAudit | user=null | ip=null | op=PUT_BLOCK {blockData=[blockId=conID: 2 locID: 102654965998813623 bcsId: 0,size=4194304]} | ret=SUCCESS |  
2019-08-21 12:27:56,373 [grpc-default-executor-2] INFO  client.GrpcClientProtocolClient (GrpcClientProtocolClient.java:onNext(255)) - client-C954105195FD->270584e6-a4a8-4db5-8151-214655ce1a56: receive RaftClientReply:client-C954105195FD->270584e6-a4a8-4db5-8151-214655ce1a56@group-787F5BA3AA67, cid=964, SUCCESS, logIndex=0, commits[270584e6-a4a8-4db5-8151-214655ce1a56:c1290, af078b8b-61ec-497f-9506-472d46a72462:c1289, 09fb9ab4-1b8d-44c0-9f8c-50855c6f1fed:c1289]
2019-08-21 12:27:56,380 | INFO  | DNAudit | user=null | ip=null | op=WRITE_CHUNK {blockData=conID: 3 locID: 102654965998879160 bcsId: 0} | ret=SUCCESS |  
2019-08-21 12:27:56,384 | INFO  | DNAudit | user=null | ip=null | op=WRITE_CHUNK {blockData=conID: 3 locID: 102654965998879160 bcsId: 0} | ret=SUCCESS |  
2019-08-21 12:27:56,385 | INFO  | DNAudit | user=null | ip=null | op=WRITE_CHUNK {blockData=conID: 3 locID: 102654965998879160 bcsId: 0} | ret=SUCCESS |  
2019-08-21 12:27:56,385 | INFO  | DNAudit | user=null | ip=null | op=WRITE_CHUNK {blockData=conID: 3 locID: 102654965998879160 bcsId: 0} | ret=SUCCESS |  
2019-08-21 12:27:56,387 | INFO  | DNAudit | user=null | ip=null | op=WRITE_CHUNK {blockData=conID: 3 locID: 102654965998879160 bcsId: 0} | ret=SUCCESS |  
2019-08-21 12:27:56,387 | INFO  | DNAudit | user=null | ip=null | op=WRITE_CHUNK {blockData=conID: 3 locID: 102654965998879160 bcsId: 0} | ret=SUCCESS |  
2019-08-21 12:27:56,393 | INFO  | DNAudit | user=null | ip=null | op=WRITE_CHUNK {blockData=conID: 3 locID: 102654965998879160 bcsId: 0} | ret=SUCCESS |  
2019-08-21 12:27:56,393 | INFO  | DNAudit | user=null | ip=null | op=PUT_BLOCK {blockData=[blockId=conID: 3 locID: 102654965998879160 bcsId: 0,size=1048576]} | ret=SUCCESS |  
2019-08-21 12:27:56,393 [grpc-default-executor-5] INFO  client.GrpcClientProtocolClient (GrpcClientProtocolClient.java:onNext(255)) - client-C954105195FD->270584e6-a4a8-4db5-8151-214655ce1a56: receive RaftClientReply:client-C954105195FD->270584e6-a4a8-4db5-8151-214655ce1a56@group-787F5BA3AA67, cid=965, SUCCESS, logIndex=1292, commits[270584e6-a4a8-4db5-8151-214655ce1a56:c1293, af078b8b-61ec-497f-9506-472d46a72462:c1291, 09fb9ab4-1b8d-44c0-9f8c-50855c6f1fed:c1291]
2019-08-21 12:27:56,394 [grpc-default-executor-5] INFO  client.GrpcClientProtocolClient (GrpcClientProtocolClient.java:onNext(255)) - client-C954105195FD->270584e6-a4a8-4db5-8151-214655ce1a56: receive RaftClientReply:client-C954105195FD->270584e6-a4a8-4db5-8151-214655ce1a56@group-787F5BA3AA67, cid=966, SUCCESS, logIndex=1293, commits[270584e6-a4a8-4db5-8151-214655ce1a56:c1293, af078b8b-61ec-497f-9506-472d46a72462:c1291, 09fb9ab4-1b8d-44c0-9f8c-50855c6f1fed:c1291]
2019-08-21 12:27:56,395 | INFO  | DNAudit | user=null | ip=null | op=WRITE_CHUNK {blockData=conID: 3 locID: 102654965998879160 bcsId: 0} | ret=SUCCESS |  
2019-08-21 12:27:56,395 | INFO  | DNAudit | user=null | ip=null | op=PUT_BLOCK {blockData=[blockId=conID: 3 locID: 102654965998879160 bcsId: 0,size=2097152]} | ret=SUCCESS |  
2019-08-21 12:27:56,396 [grpc-default-executor-5] INFO  client.GrpcClientProtocolClient (GrpcClientProtocolClient.java:onNext(255)) - client-C954105195FD->270584e6-a4a8-4db5-8151-214655ce1a56: receive RaftClientReply:client-C954105195FD->270584e6-a4a8-4db5-8151-214655ce1a56@group-787F5BA3AA67, cid=967, SUCCESS, logIndex=1294, commits[270584e6-a4a8-4db5-8151-214655ce1a56:c1295, af078b8b-61ec-497f-9506-472d46a72462:c1291, 09fb9ab4-1b8d-44c0-9f8c-50855c6f1fed:c1291]
2019-08-21 12:27:56,396 [grpc-default-executor-5] INFO  client.GrpcClientProtocolClient (GrpcClientProtocolClient.java:onNext(255)) - client-C954105195FD->270584e6-a4a8-4db5-8151-214655ce1a56: receive RaftClientReply:client-C954105195FD->270584e6-a4a8-4db5-8151-214655ce1a56@group-787F5BA3AA67, cid=968, SUCCESS, logIndex=1295, commits[270584e6-a4a8-4db5-8151-214655ce1a56:c1295, af078b8b-61ec-497f-9506-472d46a72462:c1291, 09fb9ab4-1b8d-44c0-9f8c-50855c6f1fed:c1291]
2019-08-21 12:27:56,408 | INFO  | DNAudit | user=null | ip=null | op=WRITE_CHUNK {blockData=conID: 3 locID: 102654965998879160 bcsId: 0} | ret=SUCCESS |  
2019-08-21 12:27:56,408 | INFO  | DNAudit | user=null | ip=null | op=WRITE_CHUNK {blockData=conID: 3 locID: 102654965998879160 bcsId: 0} | ret=SUCCESS |  
2019-08-21 12:27:56,408 | INFO  | DNAudit | user=null | ip=null | op=PUT_BLOCK {blockData=[blockId=conID: 3 locID: 102654965998879160 bcsId: 0,size=1048576]} | ret=SUCCESS |  
2019-08-21 12:27:56,408 | INFO  | DNAudit | user=null | ip=null | op=PUT_BLOCK {blockData=[blockId=conID: 3 locID: 102654965998879160 bcsId: 0,size=1048576]} | ret=SUCCESS |  
2019-08-21 12:27:56,408 [grpc-default-executor-5] INFO  client.GrpcClientProtocolClient (GrpcClientProtocolClient.java:onNext(255)) - client-C954105195FD->270584e6-a4a8-4db5-8151-214655ce1a56: receive RaftClientReply:client-C954105195FD->270584e6-a4a8-4db5-8151-214655ce1a56@group-787F5BA3AA67, cid=969, SUCCESS, logIndex=0, commits[270584e6-a4a8-4db5-8151-214655ce1a56:c1296, af078b8b-61ec-497f-9506-472d46a72462:c1293, 09fb9ab4-1b8d-44c0-9f8c-50855c6f1fed:c1293]
2019-08-21 12:27:56,415 | INFO  | DNAudit | user=null | ip=null | op=WRITE_CHUNK {blockData=conID: 3 locID: 102654965998879160 bcsId: 1295} | ret=SUCCESS |  
2019-08-21 12:27:56,417 | INFO  | DNAudit | user=null | ip=null | op=WRITE_CHUNK {blockData=conID: 3 locID: 102654965998879160 bcsId: 1295} | ret=SUCCESS |  
2019-08-21 12:27:56,418 | INFO  | DNAudit | user=null | ip=null | op=WRITE_CHUNK {blockData=conID: 3 locID: 102654965998879160 bcsId: 1295} | ret=SUCCESS |  
2019-08-21 12:27:56,419 | INFO  | DNAudit | user=null | ip=null | op=WRITE_CHUNK {blockData=conID: 3 locID: 102654965998879160 bcsId: 0} | ret=SUCCESS |  
2019-08-21 12:27:56,419 | INFO  | DNAudit | user=null | ip=null | op=WRITE_CHUNK {blockData=conID: 3 locID: 102654965998879160 bcsId: 0} | ret=SUCCESS |  
2019-08-21 12:27:56,420 | INFO  | DNAudit | user=null | ip=null | op=PUT_BLOCK {blockData=[blockId=conID: 3 locID: 102654965998879160 bcsId: 0,size=2097152]} | ret=SUCCESS |  
2019-08-21 12:27:56,420 | INFO  | DNAudit | user=null | ip=null | op=PUT_BLOCK {blockData=[blockId=conID: 3 locID: 102654965998879160 bcsId: 0,size=2097152]} | ret=SUCCESS |  
2019-08-21 12:27:56,422 | INFO  | DNAudit | user=null | ip=null | op=WRITE_CHUNK {blockData=conID: 3 locID: 102654965998879160 bcsId: 1295} | ret=SUCCESS |  
2019-08-21 12:27:56,423 | INFO  | DNAudit | user=null | ip=null | op=PUT_BLOCK {blockData=[blockId=conID: 3 locID: 102654965998879160 bcsId: 0,size=3145728]} | ret=SUCCESS |  
2019-08-21 12:27:56,423 [grpc-default-executor-4] INFO  client.GrpcClientProtocolClient (GrpcClientProtocolClient.java:onNext(255)) - client-C954105195FD->270584e6-a4a8-4db5-8151-214655ce1a56: receive RaftClientReply:client-C954105195FD->270584e6-a4a8-4db5-8151-214655ce1a56@group-787F5BA3AA67, cid=970, SUCCESS, logIndex=1300, commits[270584e6-a4a8-4db5-8151-214655ce1a56:c1300, af078b8b-61ec-497f-9506-472d46a72462:c1296, 09fb9ab4-1b8d-44c0-9f8c-50855c6f1fed:c1296]
2019-08-21 12:27:56,423 [grpc-default-executor-4] INFO  client.GrpcClientProtocolClient (GrpcClientProtocolClient.java:onNext(255)) - client-C954105195FD->270584e6-a4a8-4db5-8151-214655ce1a56: receive RaftClientReply:client-C954105195FD->270584e6-a4a8-4db5-8151-214655ce1a56@group-787F5BA3AA67, cid=971, SUCCESS, logIndex=1301, commits[270584e6-a4a8-4db5-8151-214655ce1a56:c1301, af078b8b-61ec-497f-9506-472d46a72462:c1296, 09fb9ab4-1b8d-44c0-9f8c-50855c6f1fed:c1296]
2019-08-21 12:27:56,425 | INFO  | DNAudit | user=null | ip=null | op=WRITE_CHUNK {blockData=conID: 3 locID: 102654965998879160 bcsId: 1295} | ret=SUCCESS |  
2019-08-21 12:27:56,425 | INFO  | DNAudit | user=null | ip=null | op=WRITE_CHUNK {blockData=conID: 3 locID: 102654965998879160 bcsId: 1295} | ret=SUCCESS |  
2019-08-21 12:27:56,427 | INFO  | DNAudit | user=null | ip=null | op=PUT_BLOCK {blockData=[blockId=conID: 3 locID: 102654965998879160 bcsId: 0,size=3145728]} | ret=SUCCESS |  
2019-08-21 12:27:56,427 | INFO  | DNAudit | user=null | ip=null | op=PUT_BLOCK {blockData=[blockId=conID: 3 locID: 102654965998879160 bcsId: 0,size=3145728]} | ret=SUCCESS |  
2019-08-21 12:27:56,429 | INFO  | DNAudit | user=null | ip=null | op=WRITE_CHUNK {blockData=conID: 3 locID: 102654965998879160 bcsId: 1301} | ret=SUCCESS |  
2019-08-21 12:27:56,432 | INFO  | DNAudit | user=null | ip=null | op=WRITE_CHUNK {blockData=conID: 3 locID: 102654965998879160 bcsId: 1301} | ret=SUCCESS |  
2019-08-21 12:27:56,432 | INFO  | DNAudit | user=null | ip=null | op=WRITE_CHUNK {blockData=conID: 3 locID: 102654965998879160 bcsId: 1301} | ret=SUCCESS |  
2019-08-21 12:27:56,434 | INFO  | DNAudit | user=null | ip=null | op=WRITE_CHUNK {blockData=conID: 3 locID: 102654965998879160 bcsId: 1301} | ret=SUCCESS |  
2019-08-21 12:27:56,435 | INFO  | DNAudit | user=null | ip=null | op=PUT_BLOCK {blockData=[blockId=conID: 3 locID: 102654965998879160 bcsId: 0,size=4194304]} | ret=SUCCESS |  
2019-08-21 12:27:56,435 [grpc-default-executor-5] INFO  client.GrpcClientProtocolClient (GrpcClientProtocolClient.java:onNext(255)) - client-C954105195FD->270584e6-a4a8-4db5-8151-214655ce1a56: receive RaftClientReply:client-C954105195FD->270584e6-a4a8-4db5-8151-214655ce1a56@group-787F5BA3AA67, cid=972, SUCCESS, logIndex=1304, commits[270584e6-a4a8-4db5-8151-214655ce1a56:c1305, af078b8b-61ec-497f-9506-472d46a72462:c1303, 09fb9ab4-1b8d-44c0-9f8c-50855c6f1fed:c1301]
2019-08-21 12:27:56,435 [grpc-default-executor-5] INFO  client.GrpcClientProtocolClient (GrpcClientProtocolClient.java:onNext(255)) - client-C954105195FD->270584e6-a4a8-4db5-8151-214655ce1a56: receive RaftClientReply:client-C954105195FD->270584e6-a4a8-4db5-8151-214655ce1a56@group-787F5BA3AA67, cid=973, SUCCESS, logIndex=1305, commits[270584e6-a4a8-4db5-8151-214655ce1a56:c1305, af078b8b-61ec-497f-9506-472d46a72462:c1303, 09fb9ab4-1b8d-44c0-9f8c-50855c6f1fed:c1303]
2019-08-21 12:27:56,436 | INFO  | DNAudit | user=null | ip=null | op=WRITE_CHUNK {blockData=conID: 3 locID: 102654965998879160 bcsId: 1301} | ret=SUCCESS |  
2019-08-21 12:27:56,436 | INFO  | DNAudit | user=null | ip=null | op=WRITE_CHUNK {blockData=conID: 3 locID: 102654965998879160 bcsId: 1301} | ret=SUCCESS |  
2019-08-21 12:27:56,436 | INFO  | DNAudit | user=null | ip=null | op=PUT_BLOCK {blockData=[blockId=conID: 3 locID: 102654965998879160 bcsId: 0,size=4194304]} | ret=SUCCESS |  
2019-08-21 12:27:56,436 | INFO  | DNAudit | user=null | ip=null | op=PUT_BLOCK {blockData=[blockId=conID: 3 locID: 102654965998879160 bcsId: 0,size=4194304]} | ret=SUCCESS |  
2019-08-21 12:27:56,437 [grpc-default-executor-1] INFO  client.GrpcClientProtocolClient (GrpcClientProtocolClient.java:onNext(255)) - client-C954105195FD->270584e6-a4a8-4db5-8151-214655ce1a56: receive RaftClientReply:client-C954105195FD->270584e6-a4a8-4db5-8151-214655ce1a56@group-787F5BA3AA67, cid=974, SUCCESS, logIndex=0, commits[270584e6-a4a8-4db5-8151-214655ce1a56:c1307, af078b8b-61ec-497f-9506-472d46a72462:c1305, 09fb9ab4-1b8d-44c0-9f8c-50855c6f1fed:c1305]
 0.00% |█                                                                                                    |  0/1 Time: 0:00:042019-08-21 12:27:56,580 | INFO  | DNAudit | user=null | ip=null | op=WRITE_CHUNK {blockData=conID: 1 locID: 102654965998879161 bcsId: 0} | ret=SUCCESS |  
2019-08-21 12:27:56,584 | INFO  | DNAudit | user=null | ip=null | op=WRITE_CHUNK {blockData=conID: 1 locID: 102654965998879161 bcsId: 0} | ret=SUCCESS |  
2019-08-21 12:27:56,586 | INFO  | DNAudit | user=null | ip=null | op=WRITE_CHUNK {blockData=conID: 1 locID: 102654965998879161 bcsId: 0} | ret=SUCCESS |  
2019-08-21 12:27:56,586 | INFO  | DNAudit | user=null | ip=null | op=WRITE_CHUNK {blockData=conID: 1 locID: 102654965998879161 bcsId: 0} | ret=SUCCESS |  
2019-08-21 12:27:56,589 | INFO  | DNAudit | user=null | ip=null | op=WRITE_CHUNK {blockData=conID: 1 locID: 102654965998879161 bcsId: 0} | ret=SUCCESS |  
2019-08-21 12:27:56,590 | INFO  | DNAudit | user=null | ip=null | op=WRITE_CHUNK {blockData=conID: 1 locID: 102654965998879161 bcsId: 0} | ret=SUCCESS |  
2019-08-21 12:27:56,594 | INFO  | DNAudit | user=null | ip=null | op=WRITE_CHUNK {blockData=conID: 1 locID: 102654965998879161 bcsId: 0} | ret=SUCCESS |  
2019-08-21 12:27:56,595 | INFO  | DNAudit | user=null | ip=null | op=PUT_BLOCK {blockData=[blockId=conID: 1 locID: 102654965998879161 bcsId: 0,size=1048576]} | ret=SUCCESS |  
2019-08-21 12:27:56,596 | INFO  | DNAudit | user=null | ip=null | op=WRITE_CHUNK {blockData=conID: 1 locID: 102654965998879161 bcsId: 0} | ret=SUCCESS |  
2019-08-21 12:27:56,596 [grpc-default-executor-1] INFO  client.GrpcClientProtocolClient (GrpcClientProtocolClient.java:onNext(255)) - client-C954105195FD->270584e6-a4a8-4db5-8151-214655ce1a56: receive RaftClientReply:client-C954105195FD->270584e6-a4a8-4db5-8151-214655ce1a56@group-787F5BA3AA67, cid=975, SUCCESS, logIndex=1308, commits[270584e6-a4a8-4db5-8151-214655ce1a56:c1309, af078b8b-61ec-497f-9506-472d46a72462:c1307, 09fb9ab4-1b8d-44c0-9f8c-50855c6f1fed:c1307]
2019-08-21 12:27:56,596 | INFO  | DNAudit | user=null | ip=null | op=PUT_BLOCK {blockData=[blockId=conID: 1 locID: 102654965998879161 bcsId: 0,size=2097152]} | ret=SUCCESS |  
2019-08-21 12:27:56,596 | INFO  | DNAudit | user=null | ip=null | op=WRITE_CHUNK {blockData=conID: 1 locID: 102654965998879161 bcsId: 0} | ret=SUCCESS |  
2019-08-21 12:27:56,597 [grpc-default-executor-1] INFO  client.GrpcClientProtocolClient (GrpcClientProtocolClient.java:onNext(255)) - client-C954105195FD->270584e6-a4a8-4db5-8151-214655ce1a56: receive RaftClientReply:client-C954105195FD->270584e6-a4a8-4db5-8151-214655ce1a56@group-787F5BA3AA67, cid=976, SUCCESS, logIndex=1309, commits[270584e6-a4a8-4db5-8151-214655ce1a56:c1311, af078b8b-61ec-497f-9506-472d46a72462:c1307, 09fb9ab4-1b8d-44c0-9f8c-50855c6f1fed:c1307]
2019-08-21 12:27:56,598 | INFO  | DNAudit | user=null | ip=null | op=WRITE_CHUNK {blockData=conID: 1 locID: 102654965998879161 bcsId: 0} | ret=SUCCESS |  
2019-08-21 12:27:56,598 [grpc-default-executor-1] INFO  client.GrpcClientProtocolClient (GrpcClientProtocolClient.java:onNext(255)) - client-C954105195FD->270584e6-a4a8-4db5-8151-214655ce1a56: receive RaftClientReply:client-C954105195FD->270584e6-a4a8-4db5-8151-214655ce1a56@group-787F5BA3AA67, cid=977, SUCCESS, logIndex=1310, commits[270584e6-a4a8-4db5-8151-214655ce1a56:c1311, af078b8b-61ec-497f-9506-472d46a72462:c1307, 09fb9ab4-1b8d-44c0-9f8c-50855c6f1fed:c1307]
2019-08-21 12:27:56,598 | INFO  | DNAudit | user=null | ip=null | op=PUT_BLOCK {blockData=[blockId=conID: 1 locID: 102654965998879161 bcsId: 0,size=1048576]} | ret=SUCCESS |  
2019-08-21 12:27:56,598 | INFO  | DNAudit | user=null | ip=null | op=PUT_BLOCK {blockData=[blockId=conID: 1 locID: 102654965998879161 bcsId: 0,size=1048576]} | ret=SUCCESS |  
2019-08-21 12:27:56,598 | INFO  | DNAudit | user=null | ip=null | op=WRITE_CHUNK {blockData=conID: 1 locID: 102654965998879161 bcsId: 0} | ret=SUCCESS |  
2019-08-21 12:27:56,598 [grpc-default-executor-4] INFO  client.GrpcClientProtocolClient (GrpcClientProtocolClient.java:onNext(255)) - client-C954105195FD->270584e6-a4a8-4db5-8151-214655ce1a56: receive RaftClientReply:client-C954105195FD->270584e6-a4a8-4db5-8151-214655ce1a56@group-787F5BA3AA67, cid=978, SUCCESS, logIndex=1311, commits[270584e6-a4a8-4db5-8151-214655ce1a56:c1311, af078b8b-61ec-497f-9506-472d46a72462:c1307, 09fb9ab4-1b8d-44c0-9f8c-50855c6f1fed:c1307]
2019-08-21 12:27:56,598 | INFO  | DNAudit | user=null | ip=null | op=WRITE_CHUNK {blockData=conID: 1 locID: 102654965998879161 bcsId: 0} | ret=SUCCESS |  
2019-08-21 12:27:56,598 | INFO  | DNAudit | user=null | ip=null | op=PUT_BLOCK {blockData=[blockId=conID: 1 locID: 102654965998879161 bcsId: 0,size=2097152]} | ret=SUCCESS |  
2019-08-21 12:27:56,599 | INFO  | DNAudit | user=null | ip=null | op=PUT_BLOCK {blockData=[blockId=conID: 1 locID: 102654965998879161 bcsId: 0,size=2097152]} | ret=SUCCESS |  
2019-08-21 12:27:56,600 [grpc-default-executor-4] INFO  client.GrpcClientProtocolClient (GrpcClientProtocolClient.java:onNext(255)) - client-C954105195FD->270584e6-a4a8-4db5-8151-214655ce1a56: receive RaftClientReply:client-C954105195FD->270584e6-a4a8-4db5-8151-214655ce1a56@group-787F5BA3AA67, cid=979, SUCCESS, logIndex=0, commits[270584e6-a4a8-4db5-8151-214655ce1a56:c1315, af078b8b-61ec-497f-9506-472d46a72462:c1311, 09fb9ab4-1b8d-44c0-9f8c-50855c6f1fed:c1311]
2019-08-21 12:27:56,610 | INFO  | DNAudit | user=null | ip=null | op=WRITE_CHUNK {blockData=conID: 1 locID: 102654965998879161 bcsId: 1311} | ret=SUCCESS |  
2019-08-21 12:27:56,612 | INFO  | DNAudit | user=null | ip=null | op=WRITE_CHUNK {blockData=conID: 1 locID: 102654965998879161 bcsId: 1311} | ret=SUCCESS |  
2019-08-21 12:27:56,613 | INFO  | DNAudit | user=null | ip=null | op=WRITE_CHUNK {blockData=conID: 1 locID: 102654965998879161 bcsId: 1311} | ret=SUCCESS |  
2019-08-21 12:27:56,622 | INFO  | DNAudit | user=null | ip=null | op=WRITE_CHUNK {blockData=conID: 1 locID: 102654965998879161 bcsId: 1311} | ret=SUCCESS |  
2019-08-21 12:27:56,623 | INFO  | DNAudit | user=null | ip=null | op=PUT_BLOCK {blockData=[blockId=conID: 1 locID: 102654965998879161 bcsId: 0,size=3145728]} | ret=SUCCESS |  
2019-08-21 12:27:56,623 [grpc-default-executor-4] INFO  client.GrpcClientProtocolClient (GrpcClientProtocolClient.java:onNext(255)) - client-C954105195FD->270584e6-a4a8-4db5-8151-214655ce1a56: receive RaftClientReply:client-C954105195FD->270584e6-a4a8-4db5-8151-214655ce1a56@group-787F5BA3AA67, cid=980, SUCCESS, logIndex=1316, commits[270584e6-a4a8-4db5-8151-214655ce1a56:c1317, af078b8b-61ec-497f-9506-472d46a72462:c1315, 09fb9ab4-1b8d-44c0-9f8c-50855c6f1fed:c1315]
2019-08-21 12:27:56,624 [grpc-default-executor-4] INFO  client.GrpcClientProtocolClient (GrpcClientProtocolClient.java:onNext(255)) - client-C954105195FD->270584e6-a4a8-4db5-8151-214655ce1a56: receive RaftClientReply:client-C954105195FD->270584e6-a4a8-4db5-8151-214655ce1a56@group-787F5BA3AA67, cid=981, SUCCESS, logIndex=1317, commits[270584e6-a4a8-4db5-8151-214655ce1a56:c1317, af078b8b-61ec-497f-9506-472d46a72462:c1315, 09fb9ab4-1b8d-44c0-9f8c-50855c6f1fed:c1315]
2019-08-21 12:27:56,632 | INFO  | DNAudit | user=null | ip=null | op=WRITE_CHUNK {blockData=conID: 1 locID: 102654965998879161 bcsId: 1317} | ret=SUCCESS |  
2019-08-21 12:27:56,634 | INFO  | DNAudit | user=null | ip=null | op=WRITE_CHUNK {blockData=conID: 1 locID: 102654965998879161 bcsId: 1311} | ret=SUCCESS |  
2019-08-21 12:27:56,634 | INFO  | DNAudit | user=null | ip=null | op=WRITE_CHUNK {blockData=conID: 1 locID: 102654965998879161 bcsId: 1311} | ret=SUCCESS |  
2019-08-21 12:27:56,636 | INFO  | DNAudit | user=null | ip=null | op=WRITE_CHUNK {blockData=conID: 1 locID: 102654965998879161 bcsId: 1317} | ret=SUCCESS |  
2019-08-21 12:27:56,636 | INFO  | DNAudit | user=null | ip=null | op=PUT_BLOCK {blockData=[blockId=conID: 1 locID: 102654965998879161 bcsId: 0,size=3145728]} | ret=SUCCESS |  
2019-08-21 12:27:56,636 | INFO  | DNAudit | user=null | ip=null | op=PUT_BLOCK {blockData=[blockId=conID: 1 locID: 102654965998879161 bcsId: 0,size=3145728]} | ret=SUCCESS |  
2019-08-21 12:27:56,637 | INFO  | DNAudit | user=null | ip=null | op=WRITE_CHUNK {blockData=conID: 1 locID: 102654965998879161 bcsId: 1317} | ret=SUCCESS |  
2019-08-21 12:27:56,648 | INFO  | DNAudit | user=null | ip=null | op=WRITE_CHUNK {blockData=conID: 1 locID: 102654965998879161 bcsId: 1317} | ret=SUCCESS |  
2019-08-21 12:27:56,649 | INFO  | DNAudit | user=null | ip=null | op=PUT_BLOCK {blockData=[blockId=conID: 1 locID: 102654965998879161 bcsId: 0,size=4194304]} | ret=SUCCESS |  
2019-08-21 12:27:56,649 [grpc-default-executor-1] INFO  client.GrpcClientProtocolClient (GrpcClientProtocolClient.java:onNext(255)) - client-C954105195FD->270584e6-a4a8-4db5-8151-214655ce1a56: receive RaftClientReply:client-C954105195FD->270584e6-a4a8-4db5-8151-214655ce1a56@group-787F5BA3AA67, cid=982, SUCCESS, logIndex=1320, commits[270584e6-a4a8-4db5-8151-214655ce1a56:c1321, af078b8b-61ec-497f-9506-472d46a72462:c1317, 09fb9ab4-1b8d-44c0-9f8c-50855c6f1fed:c1317]
2019-08-21 12:27:56,649 [grpc-default-executor-1] INFO  client.GrpcClientProtocolClient (GrpcClientProtocolClient.java:onNext(255)) - client-C954105195FD->270584e6-a4a8-4db5-8151-214655ce1a56: receive RaftClientReply:client-C954105195FD->270584e6-a4a8-4db5-8151-214655ce1a56@group-787F5BA3AA67, cid=983, SUCCESS, logIndex=1321, commits[270584e6-a4a8-4db5-8151-214655ce1a56:c1321, af078b8b-61ec-497f-9506-472d46a72462:c1317, 09fb9ab4-1b8d-44c0-9f8c-50855c6f1fed:c1317]
2019-08-21 12:27:56,650 | INFO  | DNAudit | user=null | ip=null | op=WRITE_CHUNK {blockData=conID: 1 locID: 102654965998879161 bcsId: 1317} | ret=SUCCESS |  
2019-08-21 12:27:56,650 | INFO  | DNAudit | user=null | ip=null | op=WRITE_CHUNK {blockData=conID: 1 locID: 102654965998879161 bcsId: 1317} | ret=SUCCESS |  
2019-08-21 12:27:56,650 | INFO  | DNAudit | user=null | ip=null | op=PUT_BLOCK {blockData=[blockId=conID: 1 locID: 102654965998879161 bcsId: 0,size=4194304]} | ret=SUCCESS |  
2019-08-21 12:27:56,651 | INFO  | DNAudit | user=null | ip=null | op=PUT_BLOCK {blockData=[blockId=conID: 1 locID: 102654965998879161 bcsId: 0,size=4194304]} | ret=SUCCESS |  
2019-08-21 12:27:56,652 [grpc-default-executor-1] INFO  client.GrpcClientProtocolClient (GrpcClientProtocolClient.java:onNext(255)) - client-C954105195FD->270584e6-a4a8-4db5-8151-214655ce1a56: receive RaftClientReply:client-C954105195FD->270584e6-a4a8-4db5-8151-214655ce1a56@group-787F5BA3AA67, cid=984, SUCCESS, logIndex=0, commits[270584e6-a4a8-4db5-8151-214655ce1a56:c1323, af078b8b-61ec-497f-9506-472d46a72462:c1321, 09fb9ab4-1b8d-44c0-9f8c-50855c6f1fed:c1321]
2019-08-21 12:27:56,660 | INFO  | DNAudit | user=null | ip=null | op=WRITE_CHUNK {blockData=conID: 2 locID: 102654965998879162 bcsId: 0} | ret=SUCCESS |  
2019-08-21 12:27:56,663 | INFO  | DNAudit | user=null | ip=null | op=WRITE_CHUNK {blockData=conID: 2 locID: 102654965998879162 bcsId: 0} | ret=SUCCESS |  
2019-08-21 12:27:56,664 | INFO  | DNAudit | user=null | ip=null | op=WRITE_CHUNK {blockData=conID: 2 locID: 102654965998879162 bcsId: 0} | ret=SUCCESS |  
2019-08-21 12:27:56,664 | INFO  | DNAudit | user=null | ip=null | op=WRITE_CHUNK {blockData=conID: 2 locID: 102654965998879162 bcsId: 0} | ret=SUCCESS |  
2019-08-21 12:27:56,668 | INFO  | DNAudit | user=null | ip=null | op=WRITE_CHUNK {blockData=conID: 2 locID: 102654965998879162 bcsId: 0} | ret=SUCCESS |  
2019-08-21 12:27:56,671 | INFO  | DNAudit | user=null | ip=null | op=WRITE_CHUNK {blockData=conID: 2 locID: 102654965998879162 bcsId: 0} | ret=SUCCESS |  
2019-08-21 12:27:56,675 | INFO  | DNAudit | user=null | ip=null | op=WRITE_CHUNK {blockData=conID: 2 locID: 102654965998879162 bcsId: 0} | ret=SUCCESS |  
2019-08-21 12:27:56,677 | INFO  | DNAudit | user=null | ip=null | op=PUT_BLOCK {blockData=[blockId=conID: 2 locID: 102654965998879162 bcsId: 0,size=1048576]} | ret=SUCCESS |  
2019-08-21 12:27:56,677 | INFO  | DNAudit | user=null | ip=null | op=WRITE_CHUNK {blockData=conID: 2 locID: 102654965998879162 bcsId: 0} | ret=SUCCESS |  
2019-08-21 12:27:56,677 [grpc-default-executor-4] INFO  client.GrpcClientProtocolClient (GrpcClientProtocolClient.java:onNext(255)) - client-C954105195FD->270584e6-a4a8-4db5-8151-214655ce1a56: receive RaftClientReply:client-C954105195FD->270584e6-a4a8-4db5-8151-214655ce1a56@group-787F5BA3AA67, cid=985, SUCCESS, logIndex=1324, commits[270584e6-a4a8-4db5-8151-214655ce1a56:c1327, af078b8b-61ec-497f-9506-472d46a72462:c1323, 09fb9ab4-1b8d-44c0-9f8c-50855c6f1fed:c1323]
2019-08-21 12:27:56,678 | INFO  | DNAudit | user=null | ip=null | op=PUT_BLOCK {blockData=[blockId=conID: 2 locID: 102654965998879162 bcsId: 0,size=2097152]} | ret=SUCCESS |  
2019-08-21 12:27:56,678 [grpc-default-executor-4] INFO  client.GrpcClientProtocolClient (GrpcClientProtocolClient.java:onNext(255)) - client-C954105195FD->270584e6-a4a8-4db5-8151-214655ce1a56: receive RaftClientReply:client-C954105195FD->270584e6-a4a8-4db5-8151-214655ce1a56@group-787F5BA3AA67, cid=986, SUCCESS, logIndex=1325, commits[270584e6-a4a8-4db5-8151-214655ce1a56:c1327, af078b8b-61ec-497f-9506-472d46a72462:c1323, 09fb9ab4-1b8d-44c0-9f8c-50855c6f1fed:c1323]
2019-08-21 12:27:56,679 [grpc-default-executor-4] INFO  client.GrpcClientProtocolClient (GrpcClientProtocolClient.java:onNext(255)) - client-C954105195FD->270584e6-a4a8-4db5-8151-214655ce1a56: receive RaftClientReply:client-C954105195FD->270584e6-a4a8-4db5-8151-214655ce1a56@group-787F5BA3AA67, cid=987, SUCCESS, logIndex=1326, commits[270584e6-a4a8-4db5-8151-214655ce1a56:c1327, af078b8b-61ec-497f-9506-472d46a72462:c1323, 09fb9ab4-1b8d-44c0-9f8c-50855c6f1fed:c1323]
2019-08-21 12:27:56,679 [grpc-default-executor-4] INFO  client.GrpcClientProtocolClient (GrpcClientProtocolClient.java:onNext(255)) - client-C954105195FD->270584e6-a4a8-4db5-8151-214655ce1a56: receive RaftClientReply:client-C954105195FD->270584e6-a4a8-4db5-8151-214655ce1a56@group-787F5BA3AA67, cid=988, SUCCESS, logIndex=1327, commits[270584e6-a4a8-4db5-8151-214655ce1a56:c1327, af078b8b-61ec-497f-9506-472d46a72462:c1323, 09fb9ab4-1b8d-44c0-9f8c-50855c6f1fed:c1323]
2019-08-21 12:27:56,686 | INFO  | DNAudit | user=null | ip=null | op=WRITE_CHUNK {blockData=conID: 2 locID: 102654965998879162 bcsId: 0} | ret=SUCCESS |  
2019-08-21 12:27:56,687 | INFO  | DNAudit | user=null | ip=null | op=WRITE_CHUNK {blockData=conID: 2 locID: 102654965998879162 bcsId: 0} | ret=SUCCESS |  
2019-08-21 12:27:56,687 | INFO  | DNAudit | user=null | ip=null | op=PUT_BLOCK {blockData=[blockId=conID: 2 locID: 102654965998879162 bcsId: 0,size=1048576]} | ret=SUCCESS |  
2019-08-21 12:27:56,687 | INFO  | DNAudit | user=null | ip=null | op=PUT_BLOCK {blockData=[blockId=conID: 2 locID: 102654965998879162 bcsId: 0,size=1048576]} | ret=SUCCESS |  
2019-08-21 12:27:56,687 | INFO  | DNAudit | user=null | ip=null | op=WRITE_CHUNK {blockData=conID: 2 locID: 102654965998879162 bcsId: 0} | ret=SUCCESS |  
2019-08-21 12:27:56,687 | INFO  | DNAudit | user=null | ip=null | op=WRITE_CHUNK {blockData=conID: 2 locID: 102654965998879162 bcsId: 0} | ret=SUCCESS |  
2019-08-21 12:27:56,687 [grpc-default-executor-4] INFO  client.GrpcClientProtocolClient (GrpcClientProtocolClient.java:onNext(255)) - client-C954105195FD->270584e6-a4a8-4db5-8151-214655ce1a56: receive RaftClientReply:client-C954105195FD->270584e6-a4a8-4db5-8151-214655ce1a56@group-787F5BA3AA67, cid=989, SUCCESS, logIndex=0, commits[270584e6-a4a8-4db5-8151-214655ce1a56:c1328, af078b8b-61ec-497f-9506-472d46a72462:c1327, 09fb9ab4-1b8d-44c0-9f8c-50855c6f1fed:c1327]
2019-08-21 12:27:56,687 | INFO  | DNAudit | user=null | ip=null | op=PUT_BLOCK {blockData=[blockId=conID: 2 locID: 102654965998879162 bcsId: 0,size=2097152]} | ret=SUCCESS |  
2019-08-21 12:27:56,688 | INFO  | DNAudit | user=null | ip=null | op=PUT_BLOCK {blockData=[blockId=conID: 2 locID: 102654965998879162 bcsId: 0,size=2097152]} | ret=SUCCESS |  
2019-08-21 12:27:56,696 | INFO  | DNAudit | user=null | ip=null | op=WRITE_CHUNK {blockData=conID: 2 locID: 102654965998879162 bcsId: 1327} | ret=SUCCESS |  
2019-08-21 12:27:56,699 | INFO  | DNAudit | user=null | ip=null | op=WRITE_CHUNK {blockData=conID: 2 locID: 102654965998879162 bcsId: 1327} | ret=SUCCESS |  
2019-08-21 12:27:56,699 | INFO  | DNAudit | user=null | ip=null | op=WRITE_CHUNK {blockData=conID: 2 locID: 102654965998879162 bcsId: 1327} | ret=SUCCESS |  
2019-08-21 12:27:56,709 | INFO  | DNAudit | user=null | ip=null | op=WRITE_CHUNK {blockData=conID: 2 locID: 102654965998879162 bcsId: 1327} | ret=SUCCESS |  
2019-08-21 12:27:56,709 | INFO  | DNAudit | user=null | ip=null | op=PUT_BLOCK {blockData=[blockId=conID: 2 locID: 102654965998879162 bcsId: 0,size=3145728]} | ret=SUCCESS |  
2019-08-21 12:27:56,710 [grpc-default-executor-5] INFO  client.GrpcClientProtocolClient (GrpcClientProtocolClient.java:onNext(255)) - client-C954105195FD->270584e6-a4a8-4db5-8151-214655ce1a56: receive RaftClientReply:client-C954105195FD->270584e6-a4a8-4db5-8151-214655ce1a56@group-787F5BA3AA67, cid=990, SUCCESS, logIndex=1330, commits[270584e6-a4a8-4db5-8151-214655ce1a56:c1331, af078b8b-61ec-497f-9506-472d46a72462:c1329, 09fb9ab4-1b8d-44c0-9f8c-50855c6f1fed:c1329]
2019-08-21 12:27:56,710 [grpc-default-executor-5] INFO  client.GrpcClientProtocolClient (GrpcClientProtocolClient.java:onNext(255)) - client-C954105195FD->270584e6-a4a8-4db5-8151-214655ce1a56: receive RaftClientReply:client-C954105195FD->270584e6-a4a8-4db5-8151-214655ce1a56@group-787F5BA3AA67, cid=991, SUCCESS, logIndex=1331, commits[270584e6-a4a8-4db5-8151-214655ce1a56:c1331, af078b8b-61ec-497f-9506-472d46a72462:c1329, 09fb9ab4-1b8d-44c0-9f8c-50855c6f1fed:c1329]
2019-08-21 12:27:56,717 | INFO  | DNAudit | user=null | ip=null | op=WRITE_CHUNK {blockData=conID: 2 locID: 102654965998879162 bcsId: 1331} | ret=SUCCESS |  
2019-08-21 12:27:56,720 | INFO  | DNAudit | user=null | ip=null | op=WRITE_CHUNK {blockData=conID: 2 locID: 102654965998879162 bcsId: 1331} | ret=SUCCESS |  
2019-08-21 12:27:56,721 | INFO  | DNAudit | user=null | ip=null | op=WRITE_CHUNK {blockData=conID: 2 locID: 102654965998879162 bcsId: 1327} | ret=SUCCESS |  
2019-08-21 12:27:56,721 | INFO  | DNAudit | user=null | ip=null | op=WRITE_CHUNK {blockData=conID: 2 locID: 102654965998879162 bcsId: 1327} | ret=SUCCESS |  
2019-08-21 12:27:56,721 | INFO  | DNAudit | user=null | ip=null | op=PUT_BLOCK {blockData=[blockId=conID: 2 locID: 102654965998879162 bcsId: 0,size=3145728]} | ret=SUCCESS |  
2019-08-21 12:27:56,721 | INFO  | DNAudit | user=null | ip=null | op=WRITE_CHUNK {blockData=conID: 2 locID: 102654965998879162 bcsId: 1331} | ret=SUCCESS |  
2019-08-21 12:27:56,722 | INFO  | DNAudit | user=null | ip=null | op=WRITE_CHUNK {blockData=conID: 2 locID: 102654965998879162 bcsId: 1331} | ret=SUCCESS |  
2019-08-21 12:27:56,722 | INFO  | DNAudit | user=null | ip=null | op=PUT_BLOCK {blockData=[blockId=conID: 2 locID: 102654965998879162 bcsId: 0,size=3145728]} | ret=SUCCESS |  
2019-08-21 12:27:56,723 | INFO  | DNAudit | user=null | ip=null | op=PUT_BLOCK {blockData=[blockId=conID: 2 locID: 102654965998879162 bcsId: 0,size=4194304]} | ret=SUCCESS |  
2019-08-21 12:27:56,723 [grpc-default-executor-1] INFO  client.GrpcClientProtocolClient (GrpcClientProtocolClient.java:onNext(255)) - client-C954105195FD->270584e6-a4a8-4db5-8151-214655ce1a56: receive RaftClientReply:client-C954105195FD->270584e6-a4a8-4db5-8151-214655ce1a56@group-787F5BA3AA67, cid=992, SUCCESS, logIndex=1334, commits[270584e6-a4a8-4db5-8151-214655ce1a56:c1335, af078b8b-61ec-497f-9506-472d46a72462:c1331, 09fb9ab4-1b8d-44c0-9f8c-50855c6f1fed:c1330]
2019-08-21 12:27:56,723 [grpc-default-executor-1] INFO  client.GrpcClientProtocolClient (GrpcClientProtocolClient.java:onNext(255)) - client-C954105195FD->270584e6-a4a8-4db5-8151-214655ce1a56: receive RaftClientReply:client-C954105195FD->270584e6-a4a8-4db5-8151-214655ce1a56@group-787F5BA3AA67, cid=993, SUCCESS, logIndex=1335, commits[270584e6-a4a8-4db5-8151-214655ce1a56:c1335, af078b8b-61ec-497f-9506-472d46a72462:c1331, 09fb9ab4-1b8d-44c0-9f8c-50855c6f1fed:c1331]
2019-08-21 12:27:56,724 | INFO  | DNAudit | user=null | ip=null | op=WRITE_CHUNK {blockData=conID: 2 locID: 102654965998879162 bcsId: 1331} | ret=SUCCESS |  
2019-08-21 12:27:56,724 | INFO  | DNAudit | user=null | ip=null | op=PUT_BLOCK {blockData=[blockId=conID: 2 locID: 102654965998879162 bcsId: 0,size=4194304]} | ret=SUCCESS |  
2019-08-21 12:27:56,724 | INFO  | DNAudit | user=null | ip=null | op=WRITE_CHUNK {blockData=conID: 2 locID: 102654965998879162 bcsId: 1331} | ret=SUCCESS |  
2019-08-21 12:27:56,725 | INFO  | DNAudit | user=null | ip=null | op=PUT_BLOCK {blockData=[blockId=conID: 2 locID: 102654965998879162 bcsId: 0,size=4194304]} | ret=SUCCESS |  
2019-08-21 12:27:56,725 [grpc-default-executor-4] INFO  client.GrpcClientProtocolClient (GrpcClientProtocolClient.java:onNext(255)) - client-C954105195FD->270584e6-a4a8-4db5-8151-214655ce1a56: receive RaftClientReply:client-C954105195FD->270584e6-a4a8-4db5-8151-214655ce1a56@group-787F5BA3AA67, cid=994, SUCCESS, logIndex=0, commits[270584e6-a4a8-4db5-8151-214655ce1a56:c1336, af078b8b-61ec-497f-9506-472d46a72462:c1335, 09fb9ab4-1b8d-44c0-9f8c-50855c6f1fed:c1335]
2019-08-21 12:27:56,733 | INFO  | DNAudit | user=null | ip=null | op=WRITE_CHUNK {blockData=conID: 3 locID: 102654965998879163 bcsId: 0} | ret=SUCCESS |  
2019-08-21 12:27:56,737 | INFO  | DNAudit | user=null | ip=null | op=WRITE_CHUNK {blockData=conID: 3 locID: 102654965998879163 bcsId: 0} | ret=SUCCESS |  
2019-08-21 12:27:56,737 | INFO  | DNAudit | user=null | ip=null | op=WRITE_CHUNK {blockData=conID: 3 locID: 102654965998879163 bcsId: 0} | ret=SUCCESS |  
2019-08-21 12:27:56,738 | INFO  | DNAudit | user=null | ip=null | op=WRITE_CHUNK {blockData=conID: 3 locID: 102654965998879163 bcsId: 0} | ret=SUCCESS |  
2019-08-21 12:27:56,740 | INFO  | DNAudit | user=null | ip=null | op=WRITE_CHUNK {blockData=conID: 3 locID: 102654965998879163 bcsId: 0} | ret=SUCCESS |  
2019-08-21 12:27:56,741 | INFO  | DNAudit | user=null | ip=null | op=WRITE_CHUNK {blockData=conID: 3 locID: 102654965998879163 bcsId: 0} | ret=SUCCESS |  
2019-08-21 12:27:56,746 | INFO  | DNAudit | user=null | ip=null | op=WRITE_CHUNK {blockData=conID: 3 locID: 102654965998879163 bcsId: 0} | ret=SUCCESS |  
2019-08-21 12:27:56,746 | INFO  | DNAudit | user=null | ip=null | op=PUT_BLOCK {blockData=[blockId=conID: 3 locID: 102654965998879163 bcsId: 0,size=1048576]} | ret=SUCCESS |  
2019-08-21 12:27:56,747 | INFO  | DNAudit | user=null | ip=null | op=WRITE_CHUNK {blockData=conID: 3 locID: 102654965998879163 bcsId: 0} | ret=SUCCESS |  
2019-08-21 12:27:56,747 [grpc-default-executor-5] INFO  client.GrpcClientProtocolClient (GrpcClientProtocolClient.java:onNext(255)) - client-C954105195FD->270584e6-a4a8-4db5-8151-214655ce1a56: receive RaftClientReply:client-C954105195FD->270584e6-a4a8-4db5-8151-214655ce1a56@group-787F5BA3AA67, cid=995, SUCCESS, logIndex=1338, commits[270584e6-a4a8-4db5-8151-214655ce1a56:c1339, af078b8b-61ec-497f-9506-472d46a72462:c1337, 09fb9ab4-1b8d-44c0-9f8c-50855c6f1fed:c1337]
2019-08-21 12:27:56,747 | INFO  | DNAudit | user=null | ip=null | op=PUT_BLOCK {blockData=[blockId=conID: 3 locID: 102654965998879163 bcsId: 0,size=2097152]} | ret=SUCCESS |  
2019-08-21 12:27:56,747 [grpc-default-executor-5] INFO  client.GrpcClientProtocolClient (GrpcClientProtocolClient.java:onNext(255)) - client-C954105195FD->270584e6-a4a8-4db5-8151-214655ce1a56: receive RaftClientReply:client-C954105195FD->270584e6-a4a8-4db5-8151-214655ce1a56@group-787F5BA3AA67, cid=996, SUCCESS, logIndex=1339, commits[270584e6-a4a8-4db5-8151-214655ce1a56:c1340, af078b8b-61ec-497f-9506-472d46a72462:c1337, 09fb9ab4-1b8d-44c0-9f8c-50855c6f1fed:c1337]
2019-08-21 12:27:56,747 [grpc-default-executor-5] INFO  client.GrpcClientProtocolClient (GrpcClientProtocolClient.java:onNext(255)) - client-C954105195FD->270584e6-a4a8-4db5-8151-214655ce1a56: receive RaftClientReply:client-C954105195FD->270584e6-a4a8-4db5-8151-214655ce1a56@group-787F5BA3AA67, cid=997, SUCCESS, logIndex=1340, commits[270584e6-a4a8-4db5-8151-214655ce1a56:c1341, af078b8b-61ec-497f-9506-472d46a72462:c1337, 09fb9ab4-1b8d-44c0-9f8c-50855c6f1fed:c1337]
2019-08-21 12:27:56,748 [grpc-default-executor-5] INFO  client.GrpcClientProtocolClient (GrpcClientProtocolClient.java:onNext(255)) - client-C954105195FD->270584e6-a4a8-4db5-8151-214655ce1a56: receive RaftClientReply:client-C954105195FD->270584e6-a4a8-4db5-8151-214655ce1a56@group-787F5BA3AA67, cid=998, SUCCESS, logIndex=1341, commits[270584e6-a4a8-4db5-8151-214655ce1a56:c1341, af078b8b-61ec-497f-9506-472d46a72462:c1337, 09fb9ab4-1b8d-44c0-9f8c-50855c6f1fed:c1337]
2019-08-21 12:27:56,760 | INFO  | DNAudit | user=null | ip=null | op=WRITE_CHUNK {blockData=conID: 3 locID: 102654965998879163 bcsId: 0} | ret=SUCCESS |  
2019-08-21 12:27:56,760 | INFO  | DNAudit | user=null | ip=null | op=WRITE_CHUNK {blockData=conID: 3 locID: 102654965998879163 bcsId: 0} | ret=SUCCESS |  
2019-08-21 12:27:56,761 | INFO  | DNAudit | user=null | ip=null | op=PUT_BLOCK {blockData=[blockId=conID: 3 locID: 102654965998879163 bcsId: 0,size=1048576]} | ret=SUCCESS |  
2019-08-21 12:27:56,761 | INFO  | DNAudit | user=null | ip=null | op=PUT_BLOCK {blockData=[blockId=conID: 3 locID: 102654965998879163 bcsId: 0,size=1048576]} | ret=SUCCESS |  
2019-08-21 12:27:56,761 | INFO  | DNAudit | user=null | ip=null | op=WRITE_CHUNK {blockData=conID: 3 locID: 102654965998879163 bcsId: 0} | ret=SUCCESS |  
2019-08-21 12:27:56,761 | INFO  | DNAudit | user=null | ip=null | op=WRITE_CHUNK {blockData=conID: 3 locID: 102654965998879163 bcsId: 0} | ret=SUCCESS |  
2019-08-21 12:27:56,761 [grpc-default-executor-4] INFO  client.GrpcClientProtocolClient (GrpcClientProtocolClient.java:onNext(255)) - client-C954105195FD->270584e6-a4a8-4db5-8151-214655ce1a56: receive RaftClientReply:client-C954105195FD->270584e6-a4a8-4db5-8151-214655ce1a56@group-787F5BA3AA67, cid=999, SUCCESS, logIndex=0, commits[270584e6-a4a8-4db5-8151-214655ce1a56:c1343, af078b8b-61ec-497f-9506-472d46a72462:c1339, 09fb9ab4-1b8d-44c0-9f8c-50855c6f1fed:c1339]
2019-08-21 12:27:56,761 | INFO  | DNAudit | user=null | ip=null | op=PUT_BLOCK {blockData=[blockId=conID: 3 locID: 102654965998879163 bcsId: 0,size=2097152]} | ret=SUCCESS |  
2019-08-21 12:27:56,762 | INFO  | DNAudit | user=null | ip=null | op=PUT_BLOCK {blockData=[blockId=conID: 3 locID: 102654965998879163 bcsId: 0,size=2097152]} | ret=SUCCESS |  
2019-08-21 12:27:56,768 | INFO  | DNAudit | user=null | ip=null | op=WRITE_CHUNK {blockData=conID: 3 locID: 102654965998879163 bcsId: 1341} | ret=SUCCESS |  
2019-08-21 12:27:56,770 | INFO  | DNAudit | user=null | ip=null | op=WRITE_CHUNK {blockData=conID: 3 locID: 102654965998879163 bcsId: 1341} | ret=SUCCESS |  
2019-08-21 12:27:56,771 | INFO  | DNAudit | user=null | ip=null | op=WRITE_CHUNK {blockData=conID: 3 locID: 102654965998879163 bcsId: 1341} | ret=SUCCESS |  
2019-08-21 12:27:56,783 | INFO  | DNAudit | user=null | ip=null | op=WRITE_CHUNK {blockData=conID: 3 locID: 102654965998879163 bcsId: 1341} | ret=SUCCESS |  
2019-08-21 12:27:56,783 | INFO  | DNAudit | user=null | ip=null | op=PUT_BLOCK {blockData=[blockId=conID: 3 locID: 102654965998879163 bcsId: 0,size=3145728]} | ret=SUCCESS |  
2019-08-21 12:27:56,784 [grpc-default-executor-5] INFO  client.GrpcClientProtocolClient (GrpcClientProtocolClient.java:onNext(255)) - client-C954105195FD->270584e6-a4a8-4db5-8151-214655ce1a56: receive RaftClientReply:client-C954105195FD->270584e6-a4a8-4db5-8151-214655ce1a56@group-787F5BA3AA67, cid=1000, SUCCESS, logIndex=1346, commits[270584e6-a4a8-4db5-8151-214655ce1a56:c1347, af078b8b-61ec-497f-9506-472d46a72462:c1345, 09fb9ab4-1b8d-44c0-9f8c-50855c6f1fed:c1345]
2019-08-21 12:27:56,784 [grpc-default-executor-5] INFO  client.GrpcClientProtocolClient (GrpcClientProtocolClient.java:onNext(255)) - client-C954105195FD->270584e6-a4a8-4db5-8151-214655ce1a56: receive RaftClientReply:client-C954105195FD->270584e6-a4a8-4db5-8151-214655ce1a56@group-787F5BA3AA67, cid=1001, SUCCESS, logIndex=1347, commits[270584e6-a4a8-4db5-8151-214655ce1a56:c1347, af078b8b-61ec-497f-9506-472d46a72462:c1345, 09fb9ab4-1b8d-44c0-9f8c-50855c6f1fed:c1345]
2019-08-21 12:27:56,791 | INFO  | DNAudit | user=null | ip=null | op=WRITE_CHUNK {blockData=conID: 3 locID: 102654965998879163 bcsId: 1347} | ret=SUCCESS |  
2019-08-21 12:27:56,794 | INFO  | DNAudit | user=null | ip=null | op=WRITE_CHUNK {blockData=conID: 3 locID: 102654965998879163 bcsId: 1347} | ret=SUCCESS |  
2019-08-21 12:27:56,794 | INFO  | DNAudit | user=null | ip=null | op=WRITE_CHUNK {blockData=conID: 3 locID: 102654965998879163 bcsId: 1347} | ret=SUCCESS |  
2019-08-21 12:27:56,794 | INFO  | DNAudit | user=null | ip=null | op=WRITE_CHUNK {blockData=conID: 3 locID: 102654965998879163 bcsId: 1341} | ret=SUCCESS |  
2019-08-21 12:27:56,795 | INFO  | DNAudit | user=null | ip=null | op=WRITE_CHUNK {blockData=conID: 3 locID: 102654965998879163 bcsId: 1341} | ret=SUCCESS |  
2019-08-21 12:27:56,795 | INFO  | DNAudit | user=null | ip=null | op=PUT_BLOCK {blockData=[blockId=conID: 3 locID: 102654965998879163 bcsId: 0,size=3145728]} | ret=SUCCESS |  
2019-08-21 12:27:56,796 | INFO  | DNAudit | user=null | ip=null | op=PUT_BLOCK {blockData=[blockId=conID: 3 locID: 102654965998879163 bcsId: 0,size=3145728]} | ret=SUCCESS |  
2019-08-21 12:27:56,796 | INFO  | DNAudit | user=null | ip=null | op=WRITE_CHUNK {blockData=conID: 3 locID: 102654965998879163 bcsId: 1347} | ret=SUCCESS |  
2019-08-21 12:27:56,797 | INFO  | DNAudit | user=null | ip=null | op=PUT_BLOCK {blockData=[blockId=conID: 3 locID: 102654965998879163 bcsId: 0,size=4194304]} | ret=SUCCESS |  
2019-08-21 12:27:56,797 [grpc-default-executor-1] INFO  client.GrpcClientProtocolClient (GrpcClientProtocolClient.java:onNext(255)) - client-C954105195FD->270584e6-a4a8-4db5-8151-214655ce1a56: receive RaftClientReply:client-C954105195FD->270584e6-a4a8-4db5-8151-214655ce1a56@group-787F5BA3AA67, cid=1002, SUCCESS, logIndex=1350, commits[270584e6-a4a8-4db5-8151-214655ce1a56:c1351, af078b8b-61ec-497f-9506-472d46a72462:c1347, 09fb9ab4-1b8d-44c0-9f8c-50855c6f1fed:c1347]
2019-08-21 12:27:56,797 [grpc-default-executor-1] INFO  client.GrpcClientProtocolClient (GrpcClientProtocolClient.java:onNext(255)) - client-C954105195FD->270584e6-a4a8-4db5-8151-214655ce1a56: receive RaftClientReply:client-C954105195FD->270584e6-a4a8-4db5-8151-214655ce1a56@group-787F5BA3AA67, cid=1003, SUCCESS, logIndex=1351, commits[270584e6-a4a8-4db5-8151-214655ce1a56:c1351, af078b8b-61ec-497f-9506-472d46a72462:c1347, 09fb9ab4-1b8d-44c0-9f8c-50855c6f1fed:c1347]
2019-08-21 12:27:56,808 | INFO  | DNAudit | user=null | ip=null | op=WRITE_CHUNK {blockData=conID: 3 locID: 102654965998879163 bcsId: 1347} | ret=SUCCESS |  
2019-08-21 12:27:56,808 | INFO  | DNAudit | user=null | ip=null | op=WRITE_CHUNK {blockData=conID: 3 locID: 102654965998879163 bcsId: 1347} | ret=SUCCESS |  
2019-08-21 12:27:56,808 | INFO  | DNAudit | user=null | ip=null | op=PUT_BLOCK {blockData=[blockId=conID: 3 locID: 102654965998879163 bcsId: 0,size=4194304]} | ret=SUCCESS |  
2019-08-21 12:27:56,808 | INFO  | DNAudit | user=null | ip=null | op=PUT_BLOCK {blockData=[blockId=conID: 3 locID: 102654965998879163 bcsId: 0,size=4194304]} | ret=SUCCESS |  
2019-08-21 12:27:56,808 [grpc-default-executor-1] INFO  client.GrpcClientProtocolClient (GrpcClientProtocolClient.java:onNext(255)) - client-C954105195FD->270584e6-a4a8-4db5-8151-214655ce1a56: receive RaftClientReply:client-C954105195FD->270584e6-a4a8-4db5-8151-214655ce1a56@group-787F5BA3AA67, cid=1004, SUCCESS, logIndex=0, commits[270584e6-a4a8-4db5-8151-214655ce1a56:c1352, af078b8b-61ec-497f-9506-472d46a72462:c1351, 09fb9ab4-1b8d-44c0-9f8c-50855c6f1fed:c1351]
2019-08-21 12:27:56,815 | INFO  | DNAudit | user=null | ip=null | op=WRITE_CHUNK {blockData=conID: 1 locID: 102654965998879164 bcsId: 0} | ret=SUCCESS |  
2019-08-21 12:27:56,818 | INFO  | DNAudit | user=null | ip=null | op=WRITE_CHUNK {blockData=conID: 1 locID: 102654965998879164 bcsId: 0} | ret=SUCCESS |  
2019-08-21 12:27:56,819 | INFO  | DNAudit | user=null | ip=null | op=WRITE_CHUNK {blockData=conID: 1 locID: 102654965998879164 bcsId: 0} | ret=SUCCESS |  
2019-08-21 12:27:56,819 | INFO  | DNAudit | user=null | ip=null | op=WRITE_CHUNK {blockData=conID: 1 locID: 102654965998879164 bcsId: 0} | ret=SUCCESS |  
2019-08-21 12:27:56,820 | INFO  | DNAudit | user=null | ip=null | op=WRITE_CHUNK {blockData=conID: 1 locID: 102654965998879164 bcsId: 0} | ret=SUCCESS |  
2019-08-21 12:27:56,821 | INFO  | DNAudit | user=null | ip=null | op=WRITE_CHUNK {blockData=conID: 1 locID: 102654965998879164 bcsId: 0} | ret=SUCCESS |  
2019-08-21 12:27:56,826 | INFO  | DNAudit | user=null | ip=null | op=WRITE_CHUNK {blockData=conID: 1 locID: 102654965998879164 bcsId: 0} | ret=SUCCESS |  
2019-08-21 12:27:56,826 | INFO  | DNAudit | user=null | ip=null | op=PUT_BLOCK {blockData=[blockId=conID: 1 locID: 102654965998879164 bcsId: 0,size=1048576]} | ret=SUCCESS |  
2019-08-21 12:27:56,826 | INFO  | DNAudit | user=null | ip=null | op=WRITE_CHUNK {blockData=conID: 1 locID: 102654965998879164 bcsId: 0} | ret=SUCCESS |  
2019-08-21 12:27:56,826 [grpc-default-executor-5] INFO  client.GrpcClientProtocolClient (GrpcClientProtocolClient.java:onNext(255)) - client-C954105195FD->270584e6-a4a8-4db5-8151-214655ce1a56: receive RaftClientReply:client-C954105195FD->270584e6-a4a8-4db5-8151-214655ce1a56@group-787F5BA3AA67, cid=1005, SUCCESS, logIndex=1354, commits[270584e6-a4a8-4db5-8151-214655ce1a56:c1356, af078b8b-61ec-497f-9506-472d46a72462:c1353, 09fb9ab4-1b8d-44c0-9f8c-50855c6f1fed:c1353]
2019-08-21 12:27:56,827 | INFO  | DNAudit | user=null | ip=null | op=PUT_BLOCK {blockData=[blockId=conID: 1 locID: 102654965998879164 bcsId: 0,size=2097152]} | ret=SUCCESS |  
2019-08-21 12:27:56,827 [grpc-default-executor-5] INFO  client.GrpcClientProtocolClient (GrpcClientProtocolClient.java:onNext(255)) - client-C954105195FD->270584e6-a4a8-4db5-8151-214655ce1a56: receive RaftClientReply:client-C954105195FD->270584e6-a4a8-4db5-8151-214655ce1a56@group-787F5BA3AA67, cid=1006, SUCCESS, logIndex=1355, commits[270584e6-a4a8-4db5-8151-214655ce1a56:c1357, af078b8b-61ec-497f-9506-472d46a72462:c1353, 09fb9ab4-1b8d-44c0-9f8c-50855c6f1fed:c1353]
2019-08-21 12:27:56,827 | INFO  | DNAudit | user=null | ip=null | op=WRITE_CHUNK {blockData=conID: 1 locID: 102654965998879164 bcsId: 0} | ret=SUCCESS |  
2019-08-21 12:27:56,827 [grpc-default-executor-5] INFO  client.GrpcClientProtocolClient (GrpcClientProtocolClient.java:onNext(255)) - client-C954105195FD->270584e6-a4a8-4db5-8151-214655ce1a56: receive RaftClientReply:client-C954105195FD->270584e6-a4a8-4db5-8151-214655ce1a56@group-787F5BA3AA67, cid=1007, SUCCESS, logIndex=1356, commits[270584e6-a4a8-4db5-8151-214655ce1a56:c1357, af078b8b-61ec-497f-9506-472d46a72462:c1353, 09fb9ab4-1b8d-44c0-9f8c-50855c6f1fed:c1353]
2019-08-21 12:27:56,827 [grpc-default-executor-5] INFO  client.GrpcClientProtocolClient (GrpcClientProtocolClient.java:onNext(255)) - client-C954105195FD->270584e6-a4a8-4db5-8151-214655ce1a56: receive RaftClientReply:client-C954105195FD->270584e6-a4a8-4db5-8151-214655ce1a56@group-787F5BA3AA67, cid=1008, SUCCESS, logIndex=1357, commits[270584e6-a4a8-4db5-8151-214655ce1a56:c1357, af078b8b-61ec-497f-9506-472d46a72462:c1353, 09fb9ab4-1b8d-44c0-9f8c-50855c6f1fed:c1355]
2019-08-21 12:27:56,828 | INFO  | DNAudit | user=null | ip=null | op=PUT_BLOCK {blockData=[blockId=conID: 1 locID: 102654965998879164 bcsId: 0,size=1048576]} | ret=SUCCESS |  
2019-08-21 12:27:56,828 | INFO  | DNAudit | user=null | ip=null | op=WRITE_CHUNK {blockData=conID: 1 locID: 102654965998879164 bcsId: 0} | ret=SUCCESS |  
2019-08-21 12:27:56,828 | INFO  | DNAudit | user=null | ip=null | op=PUT_BLOCK {blockData=[blockId=conID: 1 locID: 102654965998879164 bcsId: 0,size=1048576]} | ret=SUCCESS |  
2019-08-21 12:27:56,828 [grpc-default-executor-4] INFO  client.GrpcClientProtocolClient (GrpcClientProtocolClient.java:onNext(255)) - client-C954105195FD->270584e6-a4a8-4db5-8151-214655ce1a56: receive RaftClientReply:client-C954105195FD->270584e6-a4a8-4db5-8151-214655ce1a56@group-787F5BA3AA67, cid=1009, SUCCESS, logIndex=0, commits[270584e6-a4a8-4db5-8151-214655ce1a56:c1358, af078b8b-61ec-497f-9506-472d46a72462:c1355, 09fb9ab4-1b8d-44c0-9f8c-50855c6f1fed:c1355]
2019-08-21 12:27:56,829 | INFO  | DNAudit | user=null | ip=null | op=WRITE_CHUNK {blockData=conID: 1 locID: 102654965998879164 bcsId: 0} | ret=SUCCESS |  
2019-08-21 12:27:56,829 | INFO  | DNAudit | user=null | ip=null | op=PUT_BLOCK {blockData=[blockId=conID: 1 locID: 102654965998879164 bcsId: 0,size=2097152]} | ret=SUCCESS |  
2019-08-21 12:27:56,829 | INFO  | DNAudit | user=null | ip=null | op=WRITE_CHUNK {blockData=conID: 1 locID: 102654965998879164 bcsId: 0} | ret=SUCCESS |  
2019-08-21 12:27:56,829 | INFO  | DNAudit | user=null | ip=null | op=PUT_BLOCK {blockData=[blockId=conID: 1 locID: 102654965998879164 bcsId: 0,size=2097152]} | ret=SUCCESS |  
2019-08-21 12:27:56,836 | INFO  | DNAudit | user=null | ip=null | op=WRITE_CHUNK {blockData=conID: 1 locID: 102654965998879164 bcsId: 1357} | ret=SUCCESS |  
2019-08-21 12:27:56,838 | INFO  | DNAudit | user=null | ip=null | op=WRITE_CHUNK {blockData=conID: 1 locID: 102654965998879164 bcsId: 1357} | ret=SUCCESS |  
2019-08-21 12:27:56,839 | INFO  | DNAudit | user=null | ip=null | op=WRITE_CHUNK {blockData=conID: 1 locID: 102654965998879164 bcsId: 1357} | ret=SUCCESS |  
2019-08-21 12:27:56,849 | INFO  | DNAudit | user=null | ip=null | op=WRITE_CHUNK {blockData=conID: 1 locID: 102654965998879164 bcsId: 1357} | ret=SUCCESS |  
2019-08-21 12:27:56,850 | INFO  | DNAudit | user=null | ip=null | op=PUT_BLOCK {blockData=[blockId=conID: 1 locID: 102654965998879164 bcsId: 0,size=3145728]} | ret=SUCCESS |  
2019-08-21 12:27:56,850 [grpc-default-executor-5] INFO  client.GrpcClientProtocolClient (GrpcClientProtocolClient.java:onNext(255)) - client-C954105195FD->270584e6-a4a8-4db5-8151-214655ce1a56: receive RaftClientReply:client-C954105195FD->270584e6-a4a8-4db5-8151-214655ce1a56@group-787F5BA3AA67, cid=1010, SUCCESS, logIndex=1362, commits[270584e6-a4a8-4db5-8151-214655ce1a56:c1363, af078b8b-61ec-497f-9506-472d46a72462:c1361, 09fb9ab4-1b8d-44c0-9f8c-50855c6f1fed:c1361]
2019-08-21 12:27:56,850 [grpc-default-executor-5] INFO  client.GrpcClientProtocolClient (GrpcClientProtocolClient.java:onNext(255)) - client-C954105195FD->270584e6-a4a8-4db5-8151-214655ce1a56: receive RaftClientReply:client-C954105195FD->270584e6-a4a8-4db5-8151-214655ce1a56@group-787F5BA3AA67, cid=1011, SUCCESS, logIndex=1363, commits[270584e6-a4a8-4db5-8151-214655ce1a56:c1363, af078b8b-61ec-497f-9506-472d46a72462:c1361, 09fb9ab4-1b8d-44c0-9f8c-50855c6f1fed:c1361]
2019-08-21 12:27:56,858 | INFO  | DNAudit | user=null | ip=null | op=WRITE_CHUNK {blockData=conID: 1 locID: 102654965998879164 bcsId: 1363} | ret=SUCCESS |  
2019-08-21 12:27:56,859 | INFO  | DNAudit | user=null | ip=null | op=WRITE_CHUNK {blockData=conID: 1 locID: 102654965998879164 bcsId: 1363} | ret=SUCCESS |  
2019-08-21 12:27:56,860 | INFO  | DNAudit | user=null | ip=null | op=WRITE_CHUNK {blockData=conID: 1 locID: 102654965998879164 bcsId: 1363} | ret=SUCCESS |  
2019-08-21 12:27:56,861 | INFO  | DNAudit | user=null | ip=null | op=WRITE_CHUNK {blockData=conID: 1 locID: 102654965998879164 bcsId: 1357} | ret=SUCCESS |  
2019-08-21 12:27:56,861 | INFO  | DNAudit | user=null | ip=null | op=WRITE_CHUNK {blockData=conID: 1 locID: 102654965998879164 bcsId: 1357} | ret=SUCCESS |  
2019-08-21 12:27:56,873 | INFO  | DNAudit | user=null | ip=null | op=PUT_BLOCK {blockData=[blockId=conID: 1 locID: 102654965998879164 bcsId: 0,size=3145728]} | ret=SUCCESS |  
2019-08-21 12:27:56,873 | INFO  | DNAudit | user=null | ip=null | op=PUT_BLOCK {blockData=[blockId=conID: 1 locID: 102654965998879164 bcsId: 0,size=3145728]} | ret=SUCCESS |  
2019-08-21 12:27:56,874 | INFO  | DNAudit | user=null | ip=null | op=WRITE_CHUNK {blockData=conID: 1 locID: 102654965998879164 bcsId: 1363} | ret=SUCCESS |  
2019-08-21 12:27:56,874 | INFO  | DNAudit | user=null | ip=null | op=PUT_BLOCK {blockData=[blockId=conID: 1 locID: 102654965998879164 bcsId: 0,size=4194304]} | ret=SUCCESS |  
2019-08-21 12:27:56,874 [grpc-default-executor-5] INFO  client.GrpcClientProtocolClient (GrpcClientProtocolClient.java:onNext(255)) - client-C954105195FD->270584e6-a4a8-4db5-8151-214655ce1a56: receive RaftClientReply:client-C954105195FD->270584e6-a4a8-4db5-8151-214655ce1a56@group-787F5BA3AA67, cid=1012, SUCCESS, logIndex=1366, commits[270584e6-a4a8-4db5-8151-214655ce1a56:c1367, af078b8b-61ec-497f-9506-472d46a72462:c1363, 09fb9ab4-1b8d-44c0-9f8c-50855c6f1fed:c1363]
2019-08-21 12:27:56,875 [grpc-default-executor-5] INFO  client.GrpcClientProtocolClient (GrpcClientProtocolClient.java:onNext(255)) - client-C954105195FD->270584e6-a4a8-4db5-8151-214655ce1a56: receive RaftClientReply:client-C954105195FD->270584e6-a4a8-4db5-8151-214655ce1a56@group-787F5BA3AA67, cid=1013, SUCCESS, logIndex=1367, commits[270584e6-a4a8-4db5-8151-214655ce1a56:c1367, af078b8b-61ec-497f-9506-472d46a72462:c1363, 09fb9ab4-1b8d-44c0-9f8c-50855c6f1fed:c1363]
2019-08-21 12:27:56,885 | INFO  | DNAudit | user=null | ip=null | op=WRITE_CHUNK {blockData=conID: 1 locID: 102654965998879164 bcsId: 1363} | ret=SUCCESS |  
2019-08-21 12:27:56,885 | INFO  | DNAudit | user=null | ip=null | op=WRITE_CHUNK {blockData=conID: 1 locID: 102654965998879164 bcsId: 1363} | ret=SUCCESS |  
2019-08-21 12:27:56,885 | INFO  | DNAudit | user=null | ip=null | op=PUT_BLOCK {blockData=[blockId=conID: 1 locID: 102654965998879164 bcsId: 0,size=4194304]} | ret=SUCCESS |  
2019-08-21 12:27:56,886 | INFO  | DNAudit | user=null | ip=null | op=PUT_BLOCK {blockData=[blockId=conID: 1 locID: 102654965998879164 bcsId: 0,size=4194304]} | ret=SUCCESS |  
2019-08-21 12:27:56,887 [grpc-default-executor-1] INFO  client.GrpcClientProtocolClient (GrpcClientProtocolClient.java:onNext(255)) - client-C954105195FD->270584e6-a4a8-4db5-8151-214655ce1a56: receive RaftClientReply:client-C954105195FD->270584e6-a4a8-4db5-8151-214655ce1a56@group-787F5BA3AA67, cid=1014, SUCCESS, logIndex=0, commits[270584e6-a4a8-4db5-8151-214655ce1a56:c1368, af078b8b-61ec-497f-9506-472d46a72462:c1367, 09fb9ab4-1b8d-44c0-9f8c-50855c6f1fed:c1367]
2019-08-21 12:27:56,893 | INFO  | DNAudit | user=null | ip=null | op=WRITE_CHUNK {blockData=conID: 2 locID: 102654965998879165 bcsId: 0} | ret=SUCCESS |  
2019-08-21 12:27:56,895 | INFO  | DNAudit | user=null | ip=null | op=WRITE_CHUNK {blockData=conID: 2 locID: 102654965998879165 bcsId: 0} | ret=SUCCESS |  
2019-08-21 12:27:56,896 | INFO  | DNAudit | user=null | ip=null | op=WRITE_CHUNK {blockData=conID: 2 locID: 102654965998879165 bcsId: 0} | ret=SUCCESS |  
2019-08-21 12:27:56,896 | INFO  | DNAudit | user=null | ip=null | op=WRITE_CHUNK {blockData=conID: 2 locID: 102654965998879165 bcsId: 0} | ret=SUCCESS |  
2019-08-21 12:27:56,898 | INFO  | DNAudit | user=null | ip=null | op=WRITE_CHUNK {blockData=conID: 2 locID: 102654965998879165 bcsId: 0} | ret=SUCCESS |  
2019-08-21 12:27:56,898 | INFO  | DNAudit | user=null | ip=null | op=WRITE_CHUNK {blockData=conID: 2 locID: 102654965998879165 bcsId: 0} | ret=SUCCESS |  
2019-08-21 12:27:56,906 | INFO  | DNAudit | user=null | ip=null | op=WRITE_CHUNK {blockData=conID: 2 locID: 102654965998879165 bcsId: 0} | ret=SUCCESS |  
2019-08-21 12:27:56,906 | INFO  | DNAudit | user=null | ip=null | op=PUT_BLOCK {blockData=[blockId=conID: 2 locID: 102654965998879165 bcsId: 0,size=1048576]} | ret=SUCCESS |  
2019-08-21 12:27:56,906 [grpc-default-executor-5] INFO  client.GrpcClientProtocolClient (GrpcClientProtocolClient.java:onNext(255)) - client-C954105195FD->270584e6-a4a8-4db5-8151-214655ce1a56: receive RaftClientReply:client-C954105195FD->270584e6-a4a8-4db5-8151-214655ce1a56@group-787F5BA3AA67, cid=1015, SUCCESS, logIndex=1370, commits[270584e6-a4a8-4db5-8151-214655ce1a56:c1371, af078b8b-61ec-497f-9506-472d46a72462:c1369, 09fb9ab4-1b8d-44c0-9f8c-50855c6f1fed:c1369]
2019-08-21 12:27:56,907 [grpc-default-executor-5] INFO  client.GrpcClientProtocolClient (GrpcClientProtocolClient.java:onNext(255)) - client-C954105195FD->270584e6-a4a8-4db5-8151-214655ce1a56: receive RaftClientReply:client-C954105195FD->270584e6-a4a8-4db5-8151-214655ce1a56@group-787F5BA3AA67, cid=1016, SUCCESS, logIndex=1371, commits[270584e6-a4a8-4db5-8151-214655ce1a56:c1371, af078b8b-61ec-497f-9506-472d46a72462:c1369, 09fb9ab4-1b8d-44c0-9f8c-50855c6f1fed:c1369]
2019-08-21 12:27:56,909 | INFO  | DNAudit | user=null | ip=null | op=WRITE_CHUNK {blockData=conID: 2 locID: 102654965998879165 bcsId: 0} | ret=SUCCESS |  
2019-08-21 12:27:56,909 | INFO  | DNAudit | user=null | ip=null | op=PUT_BLOCK {blockData=[blockId=conID: 2 locID: 102654965998879165 bcsId: 0,size=2097152]} | ret=SUCCESS |  
2019-08-21 12:27:56,909 [grpc-default-executor-4] INFO  client.GrpcClientProtocolClient (GrpcClientProtocolClient.java:onNext(255)) - client-C954105195FD->270584e6-a4a8-4db5-8151-214655ce1a56: receive RaftClientReply:client-C954105195FD->270584e6-a4a8-4db5-8151-214655ce1a56@group-787F5BA3AA67, cid=1017, SUCCESS, logIndex=1372, commits[270584e6-a4a8-4db5-8151-214655ce1a56:c1373, af078b8b-61ec-497f-9506-472d46a72462:c1369, 09fb9ab4-1b8d-44c0-9f8c-50855c6f1fed:c1369]
2019-08-21 12:27:56,910 [grpc-default-executor-4] INFO  client.GrpcClientProtocolClient (GrpcClientProtocolClient.java:onNext(255)) - client-C954105195FD->270584e6-a4a8-4db5-8151-214655ce1a56: receive RaftClientReply:client-C954105195FD->270584e6-a4a8-4db5-8151-214655ce1a56@group-787F5BA3AA67, cid=1018, SUCCESS, logIndex=1373, commits[270584e6-a4a8-4db5-8151-214655ce1a56:c1373, af078b8b-61ec-497f-9506-472d46a72462:c1369, 09fb9ab4-1b8d-44c0-9f8c-50855c6f1fed:c1369]
2019-08-21 12:27:56,920 | INFO  | DNAudit | user=null | ip=null | op=WRITE_CHUNK {blockData=conID: 2 locID: 102654965998879165 bcsId: 0} | ret=SUCCESS |  
2019-08-21 12:27:56,920 | INFO  | DNAudit | user=null | ip=null | op=WRITE_CHUNK {blockData=conID: 2 locID: 102654965998879165 bcsId: 0} | ret=SUCCESS |  
2019-08-21 12:27:56,920 | INFO  | DNAudit | user=null | ip=null | op=PUT_BLOCK {blockData=[blockId=conID: 2 locID: 102654965998879165 bcsId: 0,size=1048576]} | ret=SUCCESS |  
2019-08-21 12:27:56,920 | INFO  | DNAudit | user=null | ip=null | op=PUT_BLOCK {blockData=[blockId=conID: 2 locID: 102654965998879165 bcsId: 0,size=1048576]} | ret=SUCCESS |  
2019-08-21 12:27:56,921 [grpc-default-executor-4] INFO  client.GrpcClientProtocolClient (GrpcClientProtocolClient.java:onNext(255)) - client-C954105195FD->270584e6-a4a8-4db5-8151-214655ce1a56: receive RaftClientReply:client-C954105195FD->270584e6-a4a8-4db5-8151-214655ce1a56@group-787F5BA3AA67, cid=1019, SUCCESS, logIndex=0, commits[270584e6-a4a8-4db5-8151-214655ce1a56:c1374, af078b8b-61ec-497f-9506-472d46a72462:c1371, 09fb9ab4-1b8d-44c0-9f8c-50855c6f1fed:c1371]
2019-08-21 12:27:56,921 | INFO  | DNAudit | user=null | ip=null | op=WRITE_CHUNK {blockData=conID: 2 locID: 102654965998879165 bcsId: 0} | ret=SUCCESS |  
2019-08-21 12:27:56,921 | INFO  | DNAudit | user=null | ip=null | op=PUT_BLOCK {blockData=[blockId=conID: 2 locID: 102654965998879165 bcsId: 0,size=2097152]} | ret=SUCCESS |  
2019-08-21 12:27:56,922 | INFO  | DNAudit | user=null | ip=null | op=WRITE_CHUNK {blockData=conID: 2 locID: 102654965998879165 bcsId: 0} | ret=SUCCESS |  
2019-08-21 12:27:56,922 | INFO  | DNAudit | user=null | ip=null | op=PUT_BLOCK {blockData=[blockId=conID: 2 locID: 102654965998879165 bcsId: 0,size=2097152]} | ret=SUCCESS |  
2019-08-21 12:27:56,928 | INFO  | DNAudit | user=null | ip=null | op=WRITE_CHUNK {blockData=conID: 2 locID: 102654965998879165 bcsId: 1373} | ret=SUCCESS |  
2019-08-21 12:27:56,932 | INFO  | DNAudit | user=null | ip=null | op=WRITE_CHUNK {blockData=conID: 2 locID: 102654965998879165 bcsId: 1373} | ret=SUCCESS |  
2019-08-21 12:27:56,932 | INFO  | DNAudit | user=null | ip=null | op=WRITE_CHUNK {blockData=conID: 2 locID: 102654965998879165 bcsId: 1373} | ret=SUCCESS |  
2019-08-21 12:27:56,941 | INFO  | DNAudit | user=null | ip=null | op=WRITE_CHUNK {blockData=conID: 2 locID: 102654965998879165 bcsId: 1373} | ret=SUCCESS |  
2019-08-21 12:27:56,941 | INFO  | DNAudit | user=null | ip=null | op=PUT_BLOCK {blockData=[blockId=conID: 2 locID: 102654965998879165 bcsId: 0,size=3145728]} | ret=SUCCESS |  
2019-08-21 12:27:56,941 [grpc-default-executor-5] INFO  client.GrpcClientProtocolClient (GrpcClientProtocolClient.java:onNext(255)) - client-C954105195FD->270584e6-a4a8-4db5-8151-214655ce1a56: receive RaftClientReply:client-C954105195FD->270584e6-a4a8-4db5-8151-214655ce1a56@group-787F5BA3AA67, cid=1020, SUCCESS, logIndex=1378, commits[270584e6-a4a8-4db5-8151-214655ce1a56:c1379, af078b8b-61ec-497f-9506-472d46a72462:c1377, 09fb9ab4-1b8d-44c0-9f8c-50855c6f1fed:c1377]
2019-08-21 12:27:56,942 [grpc-default-executor-5] INFO  client.GrpcClientProtocolClient (GrpcClientProtocolClient.java:onNext(255)) - client-C954105195FD->270584e6-a4a8-4db5-8151-214655ce1a56: receive RaftClientReply:client-C954105195FD->270584e6-a4a8-4db5-8151-214655ce1a56@group-787F5BA3AA67, cid=1021, SUCCESS, logIndex=1379, commits[270584e6-a4a8-4db5-8151-214655ce1a56:c1379, af078b8b-61ec-497f-9506-472d46a72462:c1377, 09fb9ab4-1b8d-44c0-9f8c-50855c6f1fed:c1377]
2019-08-21 12:27:56,949 | INFO  | DNAudit | user=null | ip=null | op=WRITE_CHUNK {blockData=conID: 2 locID: 102654965998879165 bcsId: 1379} | ret=SUCCESS |  
2019-08-21 12:27:56,951 | INFO  | DNAudit | user=null | ip=null | op=WRITE_CHUNK {blockData=conID: 2 locID: 102654965998879165 bcsId: 1379} | ret=SUCCESS |  
2019-08-21 12:27:56,951 | INFO  | DNAudit | user=null | ip=null | op=WRITE_CHUNK {blockData=conID: 2 locID: 102654965998879165 bcsId: 1379} | ret=SUCCESS |  
2019-08-21 12:27:56,952 | INFO  | DNAudit | user=null | ip=null | op=WRITE_CHUNK {blockData=conID: 2 locID: 102654965998879165 bcsId: 1373} | ret=SUCCESS |  
2019-08-21 12:27:56,952 | INFO  | DNAudit | user=null | ip=null | op=WRITE_CHUNK {blockData=conID: 2 locID: 102654965998879165 bcsId: 1373} | ret=SUCCESS |  
2019-08-21 12:27:56,952 | INFO  | DNAudit | user=null | ip=null | op=PUT_BLOCK {blockData=[blockId=conID: 2 locID: 102654965998879165 bcsId: 0,size=3145728]} | ret=SUCCESS |  
2019-08-21 12:27:56,952 | INFO  | DNAudit | user=null | ip=null | op=PUT_BLOCK {blockData=[blockId=conID: 2 locID: 102654965998879165 bcsId: 0,size=3145728]} | ret=SUCCESS |  
2019-08-21 12:27:56,955 | INFO  | DNAudit | user=null | ip=null | op=WRITE_CHUNK {blockData=conID: 2 locID: 102654965998879165 bcsId: 1379} | ret=SUCCESS |  
2019-08-21 12:27:56,956 | INFO  | DNAudit | user=null | ip=null | op=PUT_BLOCK {blockData=[blockId=conID: 2 locID: 102654965998879165 bcsId: 0,size=4194304]} | ret=SUCCESS |  
2019-08-21 12:27:56,956 [grpc-default-executor-4] INFO  client.GrpcClientProtocolClient (GrpcClientProtocolClient.java:onNext(255)) - client-C954105195FD->270584e6-a4a8-4db5-8151-214655ce1a56: receive RaftClientReply:client-C954105195FD->270584e6-a4a8-4db5-8151-214655ce1a56@group-787F5BA3AA67, cid=1022, SUCCESS, logIndex=1382, commits[270584e6-a4a8-4db5-8151-214655ce1a56:c1383, af078b8b-61ec-497f-9506-472d46a72462:c1379, 09fb9ab4-1b8d-44c0-9f8c-50855c6f1fed:c1379]
2019-08-21 12:27:56,956 [grpc-default-executor-4] INFO  client.GrpcClientProtocolClient (GrpcClientProtocolClient.java:onNext(255)) - client-C954105195FD->270584e6-a4a8-4db5-8151-214655ce1a56: receive RaftClientReply:client-C954105195FD->270584e6-a4a8-4db5-8151-214655ce1a56@group-787F5BA3AA67, cid=1023, SUCCESS, logIndex=1383, commits[270584e6-a4a8-4db5-8151-214655ce1a56:c1383, af078b8b-61ec-497f-9506-472d46a72462:c1379, 09fb9ab4-1b8d-44c0-9f8c-50855c6f1fed:c1379]
2019-08-21 12:27:56,960 | INFO  | SCMAudit | user=jenkins1000 | ip=192.168.34.23 | op=SEND_HEARTBEAT {datanodeUUID=39ae8c09-9b4b-4ddc-906b-4e52d104e1b1, command=[]} | ret=SUCCESS |  
2019-08-21 12:27:56,967 | INFO  | DNAudit | user=null | ip=null | op=WRITE_CHUNK {blockData=conID: 2 locID: 102654965998879165 bcsId: 1379} | ret=SUCCESS |  
2019-08-21 12:27:56,967 | INFO  | DNAudit | user=null | ip=null | op=WRITE_CHUNK {blockData=conID: 2 locID: 102654965998879165 bcsId: 1379} | ret=SUCCESS |  
2019-08-21 12:27:56,970 | INFO  | DNAudit | user=null | ip=null | op=PUT_BLOCK {blockData=[blockId=conID: 2 locID: 102654965998879165 bcsId: 0,size=4194304]} | ret=SUCCESS |  
2019-08-21 12:27:56,970 | INFO  | DNAudit | user=null | ip=null | op=PUT_BLOCK {blockData=[blockId=conID: 2 locID: 102654965998879165 bcsId: 0,size=4194304]} | ret=SUCCESS |  
2019-08-21 12:27:56,970 [grpc-default-executor-5] INFO  client.GrpcClientProtocolClient (GrpcClientProtocolClient.java:onNext(255)) - client-C954105195FD->270584e6-a4a8-4db5-8151-214655ce1a56: receive RaftClientReply:client-C954105195FD->270584e6-a4a8-4db5-8151-214655ce1a56@group-787F5BA3AA67, cid=1024, SUCCESS, logIndex=0, commits[270584e6-a4a8-4db5-8151-214655ce1a56:c1384, af078b8b-61ec-497f-9506-472d46a72462:c1383, 09fb9ab4-1b8d-44c0-9f8c-50855c6f1fed:c1383]
2019-08-21 12:27:56,977 | INFO  | DNAudit | user=null | ip=null | op=WRITE_CHUNK {blockData=conID: 3 locID: 102654965998879166 bcsId: 0} | ret=SUCCESS |  
2019-08-21 12:27:56,979 | INFO  | DNAudit | user=null | ip=null | op=WRITE_CHUNK {blockData=conID: 3 locID: 102654965998879166 bcsId: 0} | ret=SUCCESS |  
2019-08-21 12:27:56,980 | INFO  | DNAudit | user=null | ip=null | op=WRITE_CHUNK {blockData=conID: 3 locID: 102654965998879166 bcsId: 0} | ret=SUCCESS |  
2019-08-21 12:27:56,980 | INFO  | DNAudit | user=null | ip=null | op=WRITE_CHUNK {blockData=conID: 3 locID: 102654965998879166 bcsId: 0} | ret=SUCCESS |  
2019-08-21 12:27:56,981 | INFO  | DNAudit | user=null | ip=null | op=WRITE_CHUNK {blockData=conID: 3 locID: 102654965998879166 bcsId: 0} | ret=SUCCESS |  
2019-08-21 12:27:56,981 | INFO  | DNAudit | user=null | ip=null | op=WRITE_CHUNK {blockData=conID: 3 locID: 102654965998879166 bcsId: 0} | ret=SUCCESS |  
2019-08-21 12:27:56,984 | INFO  | SCMAudit | user=jenkins1000 | ip=192.168.34.23 | op=SEND_HEARTBEAT {datanodeUUID=0aa4def6-fe9f-4182-b0b1-80406548816f, command=[]} | ret=SUCCESS |  
2019-08-21 12:27:56,989 | INFO  | DNAudit | user=null | ip=null | op=WRITE_CHUNK {blockData=conID: 3 locID: 102654965998879166 bcsId: 0} | ret=SUCCESS |  
2019-08-21 12:27:56,990 | INFO  | DNAudit | user=null | ip=null | op=PUT_BLOCK {blockData=[blockId=conID: 3 locID: 102654965998879166 bcsId: 0,size=1048576]} | ret=SUCCESS |  
2019-08-21 12:27:56,990 [grpc-default-executor-4] INFO  client.GrpcClientProtocolClient (GrpcClientProtocolClient.java:onNext(255)) - client-C954105195FD->270584e6-a4a8-4db5-8151-214655ce1a56: receive RaftClientReply:client-C954105195FD->270584e6-a4a8-4db5-8151-214655ce1a56@group-787F5BA3AA67, cid=1025, SUCCESS, logIndex=1386, commits[270584e6-a4a8-4db5-8151-214655ce1a56:c1387, af078b8b-61ec-497f-9506-472d46a72462:c1385, 09fb9ab4-1b8d-44c0-9f8c-50855c6f1fed:c1385]
2019-08-21 12:27:56,990 | INFO  | DNAudit | user=null | ip=null | op=WRITE_CHUNK {blockData=conID: 3 locID: 102654965998879166 bcsId: 0} | ret=SUCCESS |  
2019-08-21 12:27:56,990 | INFO  | DNAudit | user=null | ip=null | op=PUT_BLOCK {blockData=[blockId=conID: 3 locID: 102654965998879166 bcsId: 0,size=2097152]} | ret=SUCCESS |  
2019-08-21 12:27:56,990 [grpc-default-executor-4] INFO  client.GrpcClientProtocolClient (GrpcClientProtocolClient.java:onNext(255)) - client-C954105195FD->270584e6-a4a8-4db5-8151-214655ce1a56: receive RaftClientReply:client-C954105195FD->270584e6-a4a8-4db5-8151-214655ce1a56@group-787F5BA3AA67, cid=1026, SUCCESS, logIndex=1387, commits[270584e6-a4a8-4db5-8151-214655ce1a56:c1389, af078b8b-61ec-497f-9506-472d46a72462:c1385, 09fb9ab4-1b8d-44c0-9f8c-50855c6f1fed:c1385]
2019-08-21 12:27:56,990 [grpc-default-executor-4] INFO  client.GrpcClientProtocolClient (GrpcClientProtocolClient.java:onNext(255)) - client-C954105195FD->270584e6-a4a8-4db5-8151-214655ce1a56: receive RaftClientReply:client-C954105195FD->270584e6-a4a8-4db5-8151-214655ce1a56@group-787F5BA3AA67, cid=1027, SUCCESS, logIndex=1388, commits[270584e6-a4a8-4db5-8151-214655ce1a56:c1389, af078b8b-61ec-497f-9506-472d46a72462:c1385, 09fb9ab4-1b8d-44c0-9f8c-50855c6f1fed:c1385]
2019-08-21 12:27:56,991 [grpc-default-executor-4] INFO  client.GrpcClientProtocolClient (GrpcClientProtocolClient.java:onNext(255)) - client-C954105195FD->270584e6-a4a8-4db5-8151-214655ce1a56: receive RaftClientReply:client-C954105195FD->270584e6-a4a8-4db5-8151-214655ce1a56@group-787F5BA3AA67, cid=1028, SUCCESS, logIndex=1389, commits[270584e6-a4a8-4db5-8151-214655ce1a56:c1389, af078b8b-61ec-497f-9506-472d46a72462:c1385, 09fb9ab4-1b8d-44c0-9f8c-50855c6f1fed:c1385]
2019-08-21 12:27:56,991 | INFO  | DNAudit | user=null | ip=null | op=WRITE_CHUNK {blockData=conID: 3 locID: 102654965998879166 bcsId: 0} | ret=SUCCESS |  
2019-08-21 12:27:56,991 | INFO  | DNAudit | user=null | ip=null | op=WRITE_CHUNK {blockData=conID: 3 locID: 102654965998879166 bcsId: 0} | ret=SUCCESS |  
2019-08-21 12:27:56,992 | INFO  | DNAudit | user=null | ip=null | op=PUT_BLOCK {blockData=[blockId=conID: 3 locID: 102654965998879166 bcsId: 0,size=1048576]} | ret=SUCCESS |  
2019-08-21 12:27:56,992 | INFO  | DNAudit | user=null | ip=null | op=WRITE_CHUNK {blockData=conID: 3 locID: 102654965998879166 bcsId: 0} | ret=SUCCESS |  
2019-08-21 12:27:56,992 | INFO  | DNAudit | user=null | ip=null | op=PUT_BLOCK {blockData=[blockId=conID: 3 locID: 102654965998879166 bcsId: 0,size=2097152]} | ret=SUCCESS |  
2019-08-21 12:27:56,993 | INFO  | DNAudit | user=null | ip=null | op=PUT_BLOCK {blockData=[blockId=conID: 3 locID: 102654965998879166 bcsId: 0,size=1048576]} | ret=SUCCESS |  
2019-08-21 12:27:56,993 | INFO  | DNAudit | user=null | ip=null | op=WRITE_CHUNK {blockData=conID: 3 locID: 102654965998879166 bcsId: 0} | ret=SUCCESS |  
2019-08-21 12:27:56,994 [grpc-default-executor-1] INFO  client.GrpcClientProtocolClient (GrpcClientProtocolClient.java:onNext(255)) - client-C954105195FD->270584e6-a4a8-4db5-8151-214655ce1a56: receive RaftClientReply:client-C954105195FD->270584e6-a4a8-4db5-8151-214655ce1a56@group-787F5BA3AA67, cid=1029, SUCCESS, logIndex=0, commits[270584e6-a4a8-4db5-8151-214655ce1a56:c1393, af078b8b-61ec-497f-9506-472d46a72462:c1387, 09fb9ab4-1b8d-44c0-9f8c-50855c6f1fed:c1389]
2019-08-21 12:27:56,994 | INFO  | DNAudit | user=null | ip=null | op=PUT_BLOCK {blockData=[blockId=conID: 3 locID: 102654965998879166 bcsId: 0,size=2097152]} | ret=SUCCESS |  
2019-08-21 12:27:57,000 | INFO  | DNAudit | user=null | ip=null | op=WRITE_CHUNK {blockData=conID: 3 locID: 102654965998879166 bcsId: 1389} | ret=SUCCESS |  
2019-08-21 12:27:57,002 | INFO  | DNAudit | user=null | ip=null | op=WRITE_CHUNK {blockData=conID: 3 locID: 102654965998879166 bcsId: 1389} | ret=SUCCESS |  
2019-08-21 12:27:57,003 | INFO  | DNAudit | user=null | ip=null | op=WRITE_CHUNK {blockData=conID: 3 locID: 102654965998879166 bcsId: 1389} | ret=SUCCESS |  
2019-08-21 12:27:57,013 | INFO  | DNAudit | user=null | ip=null | op=WRITE_CHUNK {blockData=conID: 3 locID: 102654965998879166 bcsId: 1389} | ret=SUCCESS |  
2019-08-21 12:27:57,013 | INFO  | DNAudit | user=null | ip=null | op=PUT_BLOCK {blockData=[blockId=conID: 3 locID: 102654965998879166 bcsId: 0,size=3145728]} | ret=SUCCESS |  
2019-08-21 12:27:57,014 [grpc-default-executor-4] INFO  client.GrpcClientProtocolClient (GrpcClientProtocolClient.java:onNext(255)) - client-C954105195FD->270584e6-a4a8-4db5-8151-214655ce1a56: receive RaftClientReply:client-C954105195FD->270584e6-a4a8-4db5-8151-214655ce1a56@group-787F5BA3AA67, cid=1030, SUCCESS, logIndex=1394, commits[270584e6-a4a8-4db5-8151-214655ce1a56:c1395, af078b8b-61ec-497f-9506-472d46a72462:c1393, 09fb9ab4-1b8d-44c0-9f8c-50855c6f1fed:c1393]
2019-08-21 12:27:57,014 [grpc-default-executor-4] INFO  client.GrpcClientProtocolClient (GrpcClientProtocolClient.java:onNext(255)) - client-C954105195FD->270584e6-a4a8-4db5-8151-214655ce1a56: receive RaftClientReply:client-C954105195FD->270584e6-a4a8-4db5-8151-214655ce1a56@group-787F5BA3AA67, cid=1031, SUCCESS, logIndex=1395, commits[270584e6-a4a8-4db5-8151-214655ce1a56:c1395, af078b8b-61ec-497f-9506-472d46a72462:c1393, 09fb9ab4-1b8d-44c0-9f8c-50855c6f1fed:c1393]
2019-08-21 12:27:57,021 | INFO  | DNAudit | user=null | ip=null | op=WRITE_CHUNK {blockData=conID: 3 locID: 102654965998879166 bcsId: 1395} | ret=SUCCESS |  
2019-08-21 12:27:57,023 | INFO  | DNAudit | user=null | ip=null | op=WRITE_CHUNK {blockData=conID: 3 locID: 102654965998879166 bcsId: 1395} | ret=SUCCESS |  
2019-08-21 12:27:57,024 | INFO  | DNAudit | user=null | ip=null | op=WRITE_CHUNK {blockData=conID: 3 locID: 102654965998879166 bcsId: 1395} | ret=SUCCESS |  
2019-08-21 12:27:57,034 | INFO  | DNAudit | user=null | ip=null | op=WRITE_CHUNK {blockData=conID: 3 locID: 102654965998879166 bcsId: 1389} | ret=SUCCESS |  
2019-08-21 12:27:57,034 | INFO  | DNAudit | user=null | ip=null | op=WRITE_CHUNK {blockData=conID: 3 locID: 102654965998879166 bcsId: 1389} | ret=SUCCESS |  
2019-08-21 12:27:57,035 | INFO  | DNAudit | user=null | ip=null | op=PUT_BLOCK {blockData=[blockId=conID: 3 locID: 102654965998879166 bcsId: 0,size=3145728]} | ret=SUCCESS |  
2019-08-21 12:27:57,035 | INFO  | DNAudit | user=null | ip=null | op=PUT_BLOCK {blockData=[blockId=conID: 3 locID: 102654965998879166 bcsId: 0,size=3145728]} | ret=SUCCESS |  
2019-08-21 12:27:57,035 | INFO  | DNAudit | user=null | ip=null | op=WRITE_CHUNK {blockData=conID: 3 locID: 102654965998879166 bcsId: 1395} | ret=SUCCESS |  
2019-08-21 12:27:57,036 | INFO  | DNAudit | user=null | ip=null | op=PUT_BLOCK {blockData=[blockId=conID: 3 locID: 102654965998879166 bcsId: 0,size=4194304]} | ret=SUCCESS |  
2019-08-21 12:27:57,036 [grpc-default-executor-1] INFO  client.GrpcClientProtocolClient (GrpcClientProtocolClient.java:onNext(255)) - client-C954105195FD->270584e6-a4a8-4db5-8151-214655ce1a56: receive RaftClientReply:client-C954105195FD->270584e6-a4a8-4db5-8151-214655ce1a56@group-787F5BA3AA67, cid=1032, SUCCESS, logIndex=1398, commits[270584e6-a4a8-4db5-8151-214655ce1a56:c1399, af078b8b-61ec-497f-9506-472d46a72462:c1395, 09fb9ab4-1b8d-44c0-9f8c-50855c6f1fed:c1395]
2019-08-21 12:27:57,037 [grpc-default-executor-4] INFO  client.GrpcClientProtocolClient (GrpcClientProtocolClient.java:onNext(255)) - client-C954105195FD->270584e6-a4a8-4db5-8151-214655ce1a56: receive RaftClientReply:client-C954105195FD->270584e6-a4a8-4db5-8151-214655ce1a56@group-787F5BA3AA67, cid=1033, SUCCESS, logIndex=1399, commits[270584e6-a4a8-4db5-8151-214655ce1a56:c1399, af078b8b-61ec-497f-9506-472d46a72462:c1395, 09fb9ab4-1b8d-44c0-9f8c-50855c6f1fed:c1395]
2019-08-21 12:27:57,037 | INFO  | DNAudit | user=null | ip=null | op=WRITE_CHUNK {blockData=conID: 3 locID: 102654965998879166 bcsId: 1395} | ret=SUCCESS |  
2019-08-21 12:27:57,037 | INFO  | DNAudit | user=null | ip=null | op=WRITE_CHUNK {blockData=conID: 3 locID: 102654965998879166 bcsId: 1395} | ret=SUCCESS |  
2019-08-21 12:27:57,037 | INFO  | DNAudit | user=null | ip=null | op=PUT_BLOCK {blockData=[blockId=conID: 3 locID: 102654965998879166 bcsId: 0,size=4194304]} | ret=SUCCESS |  
2019-08-21 12:27:57,038 | INFO  | DNAudit | user=null | ip=null | op=PUT_BLOCK {blockData=[blockId=conID: 3 locID: 102654965998879166 bcsId: 0,size=4194304]} | ret=SUCCESS |  
2019-08-21 12:27:57,038 [grpc-default-executor-5] INFO  client.GrpcClientProtocolClient (GrpcClientProtocolClient.java:onNext(255)) - client-C954105195FD->270584e6-a4a8-4db5-8151-214655ce1a56: receive RaftClientReply:client-C954105195FD->270584e6-a4a8-4db5-8151-214655ce1a56@group-787F5BA3AA67, cid=1034, SUCCESS, logIndex=0, commits[270584e6-a4a8-4db5-8151-214655ce1a56:c1401, af078b8b-61ec-497f-9506-472d46a72462:c1399, 09fb9ab4-1b8d-44c0-9f8c-50855c6f1fed:c1399]
2019-08-21 12:27:57,045 | INFO  | DNAudit | user=null | ip=null | op=WRITE_CHUNK {blockData=conID: 1 locID: 102654965998879167 bcsId: 0} | ret=SUCCESS |  
2019-08-21 12:27:57,048 | INFO  | DNAudit | user=null | ip=null | op=WRITE_CHUNK {blockData=conID: 1 locID: 102654965998879167 bcsId: 0} | ret=SUCCESS |  
2019-08-21 12:27:57,048 | INFO  | DNAudit | user=null | ip=null | op=WRITE_CHUNK {blockData=conID: 1 locID: 102654965998879167 bcsId: 0} | ret=SUCCESS |  
2019-08-21 12:27:57,049 | INFO  | DNAudit | user=null | ip=null | op=WRITE_CHUNK {blockData=conID: 1 locID: 102654965998879167 bcsId: 0} | ret=SUCCESS |  
2019-08-21 12:27:57,049 | INFO  | DNAudit | user=null | ip=null | op=WRITE_CHUNK {blockData=conID: 1 locID: 102654965998879167 bcsId: 0} | ret=SUCCESS |  
2019-08-21 12:27:57,050 | INFO  | DNAudit | user=null | ip=null | op=WRITE_CHUNK {blockData=conID: 1 locID: 102654965998879167 bcsId: 0} | ret=SUCCESS |  
2019-08-21 12:27:57,055 | INFO  | DNAudit | user=null | ip=null | op=WRITE_CHUNK {blockData=conID: 1 locID: 102654965998879167 bcsId: 0} | ret=SUCCESS |  
2019-08-21 12:27:57,055 | INFO  | DNAudit | user=null | ip=null | op=PUT_BLOCK {blockData=[blockId=conID: 1 locID: 102654965998879167 bcsId: 0,size=1048576]} | ret=SUCCESS |  
2019-08-21 12:27:57,056 [grpc-default-executor-5] INFO  client.GrpcClientProtocolClient (GrpcClientProtocolClient.java:onNext(255)) - client-C954105195FD->270584e6-a4a8-4db5-8151-214655ce1a56: receive RaftClientReply:client-C954105195FD->270584e6-a4a8-4db5-8151-214655ce1a56@group-787F5BA3AA67, cid=1035, SUCCESS, logIndex=1402, commits[270584e6-a4a8-4db5-8151-214655ce1a56:c1403, af078b8b-61ec-497f-9506-472d46a72462:c1401, 09fb9ab4-1b8d-44c0-9f8c-50855c6f1fed:c1401]
2019-08-21 12:27:57,056 | INFO  | DNAudit | user=null | ip=null | op=WRITE_CHUNK {blockData=conID: 1 locID: 102654965998879167 bcsId: 0} | ret=SUCCESS |  
2019-08-21 12:27:57,056 | INFO  | DNAudit | user=null | ip=null | op=PUT_BLOCK {blockData=[blockId=conID: 1 locID: 102654965998879167 bcsId: 0,size=2097152]} | ret=SUCCESS |  
2019-08-21 12:27:57,056 [grpc-default-executor-5] INFO  client.GrpcClientProtocolClient (GrpcClientProtocolClient.java:onNext(255)) - client-C954105195FD->270584e6-a4a8-4db5-8151-214655ce1a56: receive RaftClientReply:client-C954105195FD->270584e6-a4a8-4db5-8151-214655ce1a56@group-787F5BA3AA67, cid=1036, SUCCESS, logIndex=1403, commits[270584e6-a4a8-4db5-8151-214655ce1a56:c1405, af078b8b-61ec-497f-9506-472d46a72462:c1401, 09fb9ab4-1b8d-44c0-9f8c-50855c6f1fed:c1401]
2019-08-21 12:27:57,056 [grpc-default-executor-5] INFO  client.GrpcClientProtocolClient (GrpcClientProtocolClient.java:onNext(255)) - client-C954105195FD->270584e6-a4a8-4db5-8151-214655ce1a56: receive RaftClientReply:client-C954105195FD->270584e6-a4a8-4db5-8151-214655ce1a56@group-787F5BA3AA67, cid=1037, SUCCESS, logIndex=1404, commits[270584e6-a4a8-4db5-8151-214655ce1a56:c1405, af078b8b-61ec-497f-9506-472d46a72462:c1401, 09fb9ab4-1b8d-44c0-9f8c-50855c6f1fed:c1401]
2019-08-21 12:27:57,057 | INFO  | DNAudit | user=null | ip=null | op=WRITE_CHUNK {blockData=conID: 1 locID: 102654965998879167 bcsId: 0} | ret=SUCCESS |  
2019-08-21 12:27:57,057 | INFO  | DNAudit | user=null | ip=null | op=PUT_BLOCK {blockData=[blockId=conID: 1 locID: 102654965998879167 bcsId: 0,size=1048576]} | ret=SUCCESS |  
2019-08-21 12:27:57,057 | INFO  | DNAudit | user=null | ip=null | op=WRITE_CHUNK {blockData=conID: 1 locID: 102654965998879167 bcsId: 0} | ret=SUCCESS |  
2019-08-21 12:27:57,057 [grpc-default-executor-5] INFO  client.GrpcClientProtocolClient (GrpcClientProtocolClient.java:onNext(255)) - client-C954105195FD->270584e6-a4a8-4db5-8151-214655ce1a56: receive RaftClientReply:client-C954105195FD->270584e6-a4a8-4db5-8151-214655ce1a56@group-787F5BA3AA67, cid=1038, SUCCESS, logIndex=1405, commits[270584e6-a4a8-4db5-8151-214655ce1a56:c1405, af078b8b-61ec-497f-9506-472d46a72462:c1401, 09fb9ab4-1b8d-44c0-9f8c-50855c6f1fed:c1401]
2019-08-21 12:27:57,058 | INFO  | DNAudit | user=null | ip=null | op=PUT_BLOCK {blockData=[blockId=conID: 1 locID: 102654965998879167 bcsId: 0,size=1048576]} | ret=SUCCESS |  
2019-08-21 12:27:57,058 | INFO  | DNAudit | user=null | ip=null | op=WRITE_CHUNK {blockData=conID: 1 locID: 102654965998879167 bcsId: 0} | ret=SUCCESS |  
2019-08-21 12:27:57,058 | INFO  | DNAudit | user=null | ip=null | op=WRITE_CHUNK {blockData=conID: 1 locID: 102654965998879167 bcsId: 0} | ret=SUCCESS |  
2019-08-21 12:27:57,058 | INFO  | DNAudit | user=null | ip=null | op=PUT_BLOCK {blockData=[blockId=conID: 1 locID: 102654965998879167 bcsId: 0,size=2097152]} | ret=SUCCESS |  
2019-08-21 12:27:57,058 | INFO  | DNAudit | user=null | ip=null | op=PUT_BLOCK {blockData=[blockId=conID: 1 locID: 102654965998879167 bcsId: 0,size=2097152]} | ret=SUCCESS |  
2019-08-21 12:27:57,059 [grpc-default-executor-1] INFO  client.GrpcClientProtocolClient (GrpcClientProtocolClient.java:onNext(255)) - client-C954105195FD->270584e6-a4a8-4db5-8151-214655ce1a56: receive RaftClientReply:client-C954105195FD->270584e6-a4a8-4db5-8151-214655ce1a56@group-787F5BA3AA67, cid=1039, SUCCESS, logIndex=0, commits[270584e6-a4a8-4db5-8151-214655ce1a56:c1407, af078b8b-61ec-497f-9506-472d46a72462:c1403, 09fb9ab4-1b8d-44c0-9f8c-50855c6f1fed:c1403]
2019-08-21 12:27:57,065 | INFO  | DNAudit | user=null | ip=null | op=WRITE_CHUNK {blockData=conID: 1 locID: 102654965998879167 bcsId: 1405} | ret=SUCCESS |  
2019-08-21 12:27:57,067 | INFO  | DNAudit | user=null | ip=null | op=WRITE_CHUNK {blockData=conID: 1 locID: 102654965998879167 bcsId: 1405} | ret=SUCCESS |  
2019-08-21 12:27:57,068 | INFO  | DNAudit | user=null | ip=null | op=WRITE_CHUNK {blockData=conID: 1 locID: 102654965998879167 bcsId: 1405} | ret=SUCCESS |  
2019-08-21 12:27:57,077 | INFO  | DNAudit | user=null | ip=null | op=WRITE_CHUNK {blockData=conID: 1 locID: 102654965998879167 bcsId: 1405} | ret=SUCCESS |  
2019-08-21 12:27:57,078 | INFO  | DNAudit | user=null | ip=null | op=PUT_BLOCK {blockData=[blockId=conID: 1 locID: 102654965998879167 bcsId: 0,size=3145728]} | ret=SUCCESS |  
2019-08-21 12:27:57,078 [grpc-default-executor-4] INFO  client.GrpcClientProtocolClient (GrpcClientProtocolClient.java:onNext(255)) - client-C954105195FD->270584e6-a4a8-4db5-8151-214655ce1a56: receive RaftClientReply:client-C954105195FD->270584e6-a4a8-4db5-8151-214655ce1a56@group-787F5BA3AA67, cid=1040, SUCCESS, logIndex=1410, commits[270584e6-a4a8-4db5-8151-214655ce1a56:c1411, af078b8b-61ec-497f-9506-472d46a72462:c1409, 09fb9ab4-1b8d-44c0-9f8c-50855c6f1fed:c1409]
2019-08-21 12:27:57,078 [grpc-default-executor-4] INFO  client.GrpcClientProtocolClient (GrpcClientProtocolClient.java:onNext(255)) - client-C954105195FD->270584e6-a4a8-4db5-8151-214655ce1a56: receive RaftClientReply:client-C954105195FD->270584e6-a4a8-4db5-8151-214655ce1a56@group-787F5BA3AA67, cid=1041, SUCCESS, logIndex=1411, commits[270584e6-a4a8-4db5-8151-214655ce1a56:c1411, af078b8b-61ec-497f-9506-472d46a72462:c1409, 09fb9ab4-1b8d-44c0-9f8c-50855c6f1fed:c1409]
2019-08-21 12:27:57,085 | INFO  | DNAudit | user=null | ip=null | op=WRITE_CHUNK {blockData=conID: 1 locID: 102654965998879167 bcsId: 1411} | ret=SUCCESS |  
2019-08-21 12:27:57,087 | INFO  | DNAudit | user=null | ip=null | op=WRITE_CHUNK {blockData=conID: 1 locID: 102654965998879167 bcsId: 1411} | ret=SUCCESS |  
2019-08-21 12:27:57,088 | INFO  | DNAudit | user=null | ip=null | op=WRITE_CHUNK {blockData=conID: 1 locID: 102654965998879167 bcsId: 1411} | ret=SUCCESS |  
2019-08-21 12:27:57,089 | INFO  | DNAudit | user=null | ip=null | op=WRITE_CHUNK {blockData=conID: 1 locID: 102654965998879167 bcsId: 1405} | ret=SUCCESS |  
2019-08-21 12:27:57,089 | INFO  | DNAudit | user=null | ip=null | op=WRITE_CHUNK {blockData=conID: 1 locID: 102654965998879167 bcsId: 1405} | ret=SUCCESS |  
2019-08-21 12:27:57,090 | INFO  | DNAudit | user=null | ip=null | op=PUT_BLOCK {blockData=[blockId=conID: 1 locID: 102654965998879167 bcsId: 0,size=3145728]} | ret=SUCCESS |  
2019-08-21 12:27:57,090 | INFO  | DNAudit | user=null | ip=null | op=PUT_BLOCK {blockData=[blockId=conID: 1 locID: 102654965998879167 bcsId: 0,size=3145728]} | ret=SUCCESS |  
2019-08-21 12:27:57,091 | INFO  | DNAudit | user=null | ip=null | op=WRITE_CHUNK {blockData=conID: 1 locID: 102654965998879167 bcsId: 1411} | ret=SUCCESS |  
2019-08-21 12:27:57,091 | INFO  | DNAudit | user=null | ip=null | op=PUT_BLOCK {blockData=[blockId=conID: 1 locID: 102654965998879167 bcsId: 0,size=4194304]} | ret=SUCCESS |  
2019-08-21 12:27:57,091 [grpc-default-executor-5] INFO  client.GrpcClientProtocolClient (GrpcClientProtocolClient.java:onNext(255)) - client-C954105195FD->270584e6-a4a8-4db5-8151-214655ce1a56: receive RaftClientReply:client-C954105195FD->270584e6-a4a8-4db5-8151-214655ce1a56@group-787F5BA3AA67, cid=1042, SUCCESS, logIndex=1414, commits[270584e6-a4a8-4db5-8151-214655ce1a56:c1414, af078b8b-61ec-497f-9506-472d46a72462:c1411, 09fb9ab4-1b8d-44c0-9f8c-50855c6f1fed:c1411]
2019-08-21 12:27:57,092 [grpc-default-executor-5] INFO  client.GrpcClientProtocolClient (GrpcClientProtocolClient.java:onNext(255)) - client-C954105195FD->270584e6-a4a8-4db5-8151-214655ce1a56: receive RaftClientReply:client-C954105195FD->270584e6-a4a8-4db5-8151-214655ce1a56@group-787F5BA3AA67, cid=1043, SUCCESS, logIndex=1415, commits[270584e6-a4a8-4db5-8151-214655ce1a56:c1415, af078b8b-61ec-497f-9506-472d46a72462:c1411, 09fb9ab4-1b8d-44c0-9f8c-50855c6f1fed:c1411]
2019-08-21 12:27:57,103 | INFO  | DNAudit | user=null | ip=null | op=WRITE_CHUNK {blockData=conID: 1 locID: 102654965998879167 bcsId: 1411} | ret=SUCCESS |  
2019-08-21 12:27:57,103 | INFO  | DNAudit | user=null | ip=null | op=WRITE_CHUNK {blockData=conID: 1 locID: 102654965998879167 bcsId: 1411} | ret=SUCCESS |  
2019-08-21 12:27:57,103 | INFO  | DNAudit | user=null | ip=null | op=PUT_BLOCK {blockData=[blockId=conID: 1 locID: 102654965998879167 bcsId: 0,size=4194304]} | ret=SUCCESS |  
2019-08-21 12:27:57,104 | INFO  | DNAudit | user=null | ip=null | op=PUT_BLOCK {blockData=[blockId=conID: 1 locID: 102654965998879167 bcsId: 0,size=4194304]} | ret=SUCCESS |  
2019-08-21 12:27:57,104 [grpc-default-executor-4] INFO  client.GrpcClientProtocolClient (GrpcClientProtocolClient.java:onNext(255)) - client-C954105195FD->270584e6-a4a8-4db5-8151-214655ce1a56: receive RaftClientReply:client-C954105195FD->270584e6-a4a8-4db5-8151-214655ce1a56@group-787F5BA3AA67, cid=1044, SUCCESS, logIndex=0, commits[270584e6-a4a8-4db5-8151-214655ce1a56:c1416, af078b8b-61ec-497f-9506-472d46a72462:c1415, 09fb9ab4-1b8d-44c0-9f8c-50855c6f1fed:c1415]
2019-08-21 12:27:57,111 | INFO  | DNAudit | user=null | ip=null | op=WRITE_CHUNK {blockData=conID: 2 locID: 102654965998944704 bcsId: 0} | ret=SUCCESS |  
2019-08-21 12:27:57,113 | INFO  | DNAudit | user=null | ip=null | op=WRITE_CHUNK {blockData=conID: 2 locID: 102654965998944704 bcsId: 0} | ret=SUCCESS |  
2019-08-21 12:27:57,113 | INFO  | DNAudit | user=null | ip=null | op=WRITE_CHUNK {blockData=conID: 2 locID: 102654965998944704 bcsId: 0} | ret=SUCCESS |  
2019-08-21 12:27:57,261 | INFO  | DNAudit | user=null | ip=null | op=WRITE_CHUNK {blockData=conID: 2 locID: 102654965998944704 bcsId: 0} | ret=SUCCESS |  
2019-08-21 12:27:57,262 | INFO  | SCMAudit | user=jenkins1000 | ip=192.168.34.23 | op=SEND_HEARTBEAT {datanodeUUID=09fb9ab4-1b8d-44c0-9f8c-50855c6f1fed, command=[]} | ret=SUCCESS |  
2019-08-21 12:27:57,262 | INFO  | SCMAudit | user=jenkins1000 | ip=192.168.34.23 | op=SEND_HEARTBEAT {datanodeUUID=270584e6-a4a8-4db5-8151-214655ce1a56, command=[]} | ret=SUCCESS |  
2019-08-21 12:27:57,262 | INFO  | SCMAudit | user=jenkins1000 | ip=192.168.34.23 | op=SEND_HEARTBEAT {datanodeUUID=af078b8b-61ec-497f-9506-472d46a72462, command=[]} | ret=SUCCESS |  
2019-08-21 12:27:57,262 | INFO  | DNAudit | user=null | ip=null | op=WRITE_CHUNK {blockData=conID: 2 locID: 102654965998944704 bcsId: 0} | ret=SUCCESS |  
2019-08-21 12:27:57,263 | INFO  | DNAudit | user=null | ip=null | op=WRITE_CHUNK {blockData=conID: 2 locID: 102654965998944704 bcsId: 0} | ret=SUCCESS |  
2019-08-21 12:27:57,263 | INFO  | DNAudit | user=null | ip=null | op=PUT_BLOCK {blockData=[blockId=conID: 2 locID: 102654965998944704 bcsId: 0,size=1048576]} | ret=SUCCESS |  
2019-08-21 12:27:57,263 [grpc-default-executor-4] INFO  client.GrpcClientProtocolClient (GrpcClientProtocolClient.java:onNext(255)) - client-C954105195FD->270584e6-a4a8-4db5-8151-214655ce1a56: receive RaftClientReply:client-C954105195FD->270584e6-a4a8-4db5-8151-214655ce1a56@group-787F5BA3AA67, cid=1045, SUCCESS, logIndex=1418, commits[270584e6-a4a8-4db5-8151-214655ce1a56:c1419, af078b8b-61ec-497f-9506-472d46a72462:c1417, 09fb9ab4-1b8d-44c0-9f8c-50855c6f1fed:c1415]
2019-08-21 12:27:57,264 | INFO  | DNAudit | user=null | ip=null | op=WRITE_CHUNK {blockData=conID: 2 locID: 102654965998944704 bcsId: 0} | ret=SUCCESS |  
2019-08-21 12:27:57,264 [grpc-default-executor-4] INFO  client.GrpcClientProtocolClient (GrpcClientProtocolClient.java:onNext(255)) - client-C954105195FD->270584e6-a4a8-4db5-8151-214655ce1a56: receive RaftClientReply:client-C954105195FD->270584e6-a4a8-4db5-8151-214655ce1a56@group-787F5BA3AA67, cid=1046, SUCCESS, logIndex=1419, commits[270584e6-a4a8-4db5-8151-214655ce1a56:c1419, af078b8b-61ec-497f-9506-472d46a72462:c1417, 09fb9ab4-1b8d-44c0-9f8c-50855c6f1fed:c1415]
2019-08-21 12:27:57,274 | INFO  | DNAudit | user=null | ip=null | op=WRITE_CHUNK {blockData=conID: 2 locID: 102654965998944704 bcsId: 0} | ret=SUCCESS |  
2019-08-21 12:27:57,275 | INFO  | DNAudit | user=null | ip=null | op=WRITE_CHUNK {blockData=conID: 2 locID: 102654965998944704 bcsId: 0} | ret=SUCCESS |  
2019-08-21 12:27:57,275 | INFO  | DNAudit | user=null | ip=null | op=PUT_BLOCK {blockData=[blockId=conID: 2 locID: 102654965998944704 bcsId: 0,size=2097152]} | ret=SUCCESS |  
2019-08-21 12:27:57,275 | INFO  | DNAudit | user=null | ip=null | op=PUT_BLOCK {blockData=[blockId=conID: 2 locID: 102654965998944704 bcsId: 0,size=1048576]} | ret=SUCCESS |  
2019-08-21 12:27:57,275 [grpc-default-executor-1] INFO  client.GrpcClientProtocolClient (GrpcClientProtocolClient.java:onNext(255)) - client-C954105195FD->270584e6-a4a8-4db5-8151-214655ce1a56: receive RaftClientReply:client-C954105195FD->270584e6-a4a8-4db5-8151-214655ce1a56@group-787F5BA3AA67, cid=1047, SUCCESS, logIndex=1420, commits[270584e6-a4a8-4db5-8151-214655ce1a56:c1421, af078b8b-61ec-497f-9506-472d46a72462:c1417, 09fb9ab4-1b8d-44c0-9f8c-50855c6f1fed:c1417]
2019-08-21 12:27:57,276 | INFO  | DNAudit | user=null | ip=null | op=WRITE_CHUNK {blockData=conID: 2 locID: 102654965998944704 bcsId: 0} | ret=SUCCESS |  
2019-08-21 12:27:57,276 [grpc-default-executor-1] INFO  client.GrpcClientProtocolClient (GrpcClientProtocolClient.java:onNext(255)) - client-C954105195FD->270584e6-a4a8-4db5-8151-214655ce1a56: receive RaftClientReply:client-C954105195FD->270584e6-a4a8-4db5-8151-214655ce1a56@group-787F5BA3AA67, cid=1048, SUCCESS, logIndex=1421, commits[270584e6-a4a8-4db5-8151-214655ce1a56:c1422, af078b8b-61ec-497f-9506-472d46a72462:c1418, 09fb9ab4-1b8d-44c0-9f8c-50855c6f1fed:c1417]
2019-08-21 12:27:57,276 | INFO  | DNAudit | user=null | ip=null | op=PUT_BLOCK {blockData=[blockId=conID: 2 locID: 102654965998944704 bcsId: 0,size=1048576]} | ret=SUCCESS |  
2019-08-21 12:27:57,276 | INFO  | DNAudit | user=null | ip=null | op=WRITE_CHUNK {blockData=conID: 2 locID: 102654965998944704 bcsId: 0} | ret=SUCCESS |  
2019-08-21 12:27:57,277 | INFO  | DNAudit | user=null | ip=null | op=PUT_BLOCK {blockData=[blockId=conID: 2 locID: 102654965998944704 bcsId: 0,size=2097152]} | ret=SUCCESS |  
2019-08-21 12:27:57,277 | INFO  | DNAudit | user=null | ip=null | op=WRITE_CHUNK {blockData=conID: 2 locID: 102654965998944704 bcsId: 0} | ret=SUCCESS |  
2019-08-21 12:27:57,277 | INFO  | DNAudit | user=null | ip=null | op=PUT_BLOCK {blockData=[blockId=conID: 2 locID: 102654965998944704 bcsId: 0,size=2097152]} | ret=SUCCESS |  
2019-08-21 12:27:57,277 [grpc-default-executor-4] INFO  client.GrpcClientProtocolClient (GrpcClientProtocolClient.java:onNext(255)) - client-C954105195FD->270584e6-a4a8-4db5-8151-214655ce1a56: receive RaftClientReply:client-C954105195FD->270584e6-a4a8-4db5-8151-214655ce1a56@group-787F5BA3AA67, cid=1049, SUCCESS, logIndex=0, commits[270584e6-a4a8-4db5-8151-214655ce1a56:c1425, af078b8b-61ec-497f-9506-472d46a72462:c1421, 09fb9ab4-1b8d-44c0-9f8c-50855c6f1fed:c1419]
2019-08-21 12:27:57,287 | INFO  | DNAudit | user=null | ip=null | op=WRITE_CHUNK {blockData=conID: 2 locID: 102654965998944704 bcsId: 1421} | ret=SUCCESS |  
2019-08-21 12:27:57,289 | INFO  | DNAudit | user=null | ip=null | op=WRITE_CHUNK {blockData=conID: 2 locID: 102654965998944704 bcsId: 1421} | ret=SUCCESS |  
2019-08-21 12:27:57,290 | INFO  | DNAudit | user=null | ip=null | op=WRITE_CHUNK {blockData=conID: 2 locID: 102654965998944704 bcsId: 1421} | ret=SUCCESS |  
2019-08-21 12:27:57,293 | INFO  | DNAudit | user=null | ip=null | op=WRITE_CHUNK {blockData=conID: 2 locID: 102654965998944704 bcsId: 1421} | ret=SUCCESS |  
2019-08-21 12:27:57,293 | INFO  | DNAudit | user=null | ip=null | op=PUT_BLOCK {blockData=[blockId=conID: 2 locID: 102654965998944704 bcsId: 0,size=3145728]} | ret=SUCCESS |  
2019-08-21 12:27:57,293 [grpc-default-executor-1] INFO  client.GrpcClientProtocolClient (GrpcClientProtocolClient.java:onNext(255)) - client-C954105195FD->270584e6-a4a8-4db5-8151-214655ce1a56: receive RaftClientReply:client-C954105195FD->270584e6-a4a8-4db5-8151-214655ce1a56@group-787F5BA3AA67, cid=1050, SUCCESS, logIndex=1426, commits[270584e6-a4a8-4db5-8151-214655ce1a56:c1427, af078b8b-61ec-497f-9506-472d46a72462:c1425, 09fb9ab4-1b8d-44c0-9f8c-50855c6f1fed:c1425]
2019-08-21 12:27:57,294 [grpc-default-executor-1] INFO  client.GrpcClientProtocolClient (GrpcClientProtocolClient.java:onNext(255)) - client-C954105195FD->270584e6-a4a8-4db5-8151-214655ce1a56: receive RaftClientReply:client-C954105195FD->270584e6-a4a8-4db5-8151-214655ce1a56@group-787F5BA3AA67, cid=1051, SUCCESS, logIndex=1427, commits[270584e6-a4a8-4db5-8151-214655ce1a56:c1427, af078b8b-61ec-497f-9506-472d46a72462:c1425, 09fb9ab4-1b8d-44c0-9f8c-50855c6f1fed:c1425]
2019-08-21 12:27:57,295 | INFO  | DNAudit | user=null | ip=null | op=WRITE_CHUNK {blockData=conID: 2 locID: 102654965998944704 bcsId: 1421} | ret=SUCCESS |  
2019-08-21 12:27:57,295 | INFO  | DNAudit | user=null | ip=null | op=WRITE_CHUNK {blockData=conID: 2 locID: 102654965998944704 bcsId: 1421} | ret=SUCCESS |  
2019-08-21 12:27:57,296 | INFO  | DNAudit | user=null | ip=null | op=PUT_BLOCK {blockData=[blockId=conID: 2 locID: 102654965998944704 bcsId: 0,size=3145728]} | ret=SUCCESS |  
2019-08-21 12:27:57,296 | INFO  | DNAudit | user=null | ip=null | op=PUT_BLOCK {blockData=[blockId=conID: 2 locID: 102654965998944704 bcsId: 0,size=3145728]} | ret=SUCCESS |  
2019-08-21 12:27:57,302 | INFO  | DNAudit | user=null | ip=null | op=WRITE_CHUNK {blockData=conID: 2 locID: 102654965998944704 bcsId: 1427} | ret=SUCCESS |  
2019-08-21 12:27:57,304 | INFO  | DNAudit | user=null | ip=null | op=WRITE_CHUNK {blockData=conID: 2 locID: 102654965998944704 bcsId: 1427} | ret=SUCCESS |  
2019-08-21 12:27:57,305 | INFO  | DNAudit | user=null | ip=null | op=WRITE_CHUNK {blockData=conID: 2 locID: 102654965998944704 bcsId: 1427} | ret=SUCCESS |  
2019-08-21 12:27:57,309 | INFO  | DNAudit | user=null | ip=null | op=WRITE_CHUNK {blockData=conID: 2 locID: 102654965998944704 bcsId: 1427} | ret=SUCCESS |  
2019-08-21 12:27:57,309 | INFO  | DNAudit | user=null | ip=null | op=PUT_BLOCK {blockData=[blockId=conID: 2 locID: 102654965998944704 bcsId: 0,size=4194304]} | ret=SUCCESS |  
2019-08-21 12:27:57,309 [grpc-default-executor-4] INFO  client.GrpcClientProtocolClient (GrpcClientProtocolClient.java:onNext(255)) - client-C954105195FD->270584e6-a4a8-4db5-8151-214655ce1a56: receive RaftClientReply:client-C954105195FD->270584e6-a4a8-4db5-8151-214655ce1a56@group-787F5BA3AA67, cid=1052, SUCCESS, logIndex=1430, commits[270584e6-a4a8-4db5-8151-214655ce1a56:c1431, af078b8b-61ec-497f-9506-472d46a72462:c1429, 09fb9ab4-1b8d-44c0-9f8c-50855c6f1fed:c1429]
2019-08-21 12:27:57,310 [grpc-default-executor-4] INFO  client.GrpcClientProtocolClient (GrpcClientProtocolClient.java:onNext(255)) - client-C954105195FD->270584e6-a4a8-4db5-8151-214655ce1a56: receive RaftClientReply:client-C954105195FD->270584e6-a4a8-4db5-8151-214655ce1a56@group-787F5BA3AA67, cid=1053, SUCCESS, logIndex=1431, commits[270584e6-a4a8-4db5-8151-214655ce1a56:c1431, af078b8b-61ec-497f-9506-472d46a72462:c1429, 09fb9ab4-1b8d-44c0-9f8c-50855c6f1fed:c1429]
2019-08-21 12:27:57,320 | INFO  | DNAudit | user=null | ip=null | op=WRITE_CHUNK {blockData=conID: 2 locID: 102654965998944704 bcsId: 1427} | ret=SUCCESS |  
2019-08-21 12:27:57,320 | INFO  | DNAudit | user=null | ip=null | op=WRITE_CHUNK {blockData=conID: 2 locID: 102654965998944704 bcsId: 1427} | ret=SUCCESS |  
2019-08-21 12:27:57,322 | INFO  | DNAudit | user=null | ip=null | op=PUT_BLOCK {blockData=[blockId=conID: 2 locID: 102654965998944704 bcsId: 0,size=4194304]} | ret=SUCCESS |  
2019-08-21 12:27:57,322 | INFO  | DNAudit | user=null | ip=null | op=PUT_BLOCK {blockData=[blockId=conID: 2 locID: 102654965998944704 bcsId: 0,size=4194304]} | ret=SUCCESS |  
2019-08-21 12:27:57,322 [grpc-default-executor-1] INFO  client.GrpcClientProtocolClient (GrpcClientProtocolClient.java:onNext(255)) - client-C954105195FD->270584e6-a4a8-4db5-8151-214655ce1a56: receive RaftClientReply:client-C954105195FD->270584e6-a4a8-4db5-8151-214655ce1a56@group-787F5BA3AA67, cid=1054, SUCCESS, logIndex=0, commits[270584e6-a4a8-4db5-8151-214655ce1a56:c1432, af078b8b-61ec-497f-9506-472d46a72462:c1431, 09fb9ab4-1b8d-44c0-9f8c-50855c6f1fed:c1431]
2019-08-21 12:27:57,331 | INFO  | DNAudit | user=null | ip=null | op=WRITE_CHUNK {blockData=conID: 3 locID: 102654965998944705 bcsId: 0} | ret=SUCCESS |  
2019-08-21 12:27:57,333 | INFO  | DNAudit | user=null | ip=null | op=WRITE_CHUNK {blockData=conID: 3 locID: 102654965998944705 bcsId: 0} | ret=SUCCESS |  
2019-08-21 12:27:57,335 | INFO  | DNAudit | user=null | ip=null | op=WRITE_CHUNK {blockData=conID: 3 locID: 102654965998944705 bcsId: 0} | ret=SUCCESS |  
2019-08-21 12:27:57,335 | INFO  | DNAudit | user=null | ip=null | op=WRITE_CHUNK {blockData=conID: 3 locID: 102654965998944705 bcsId: 0} | ret=SUCCESS |  
2019-08-21 12:27:57,337 | INFO  | DNAudit | user=null | ip=null | op=WRITE_CHUNK {blockData=conID: 3 locID: 102654965998944705 bcsId: 0} | ret=SUCCESS |  
2019-08-21 12:27:57,338 | INFO  | DNAudit | user=null | ip=null | op=WRITE_CHUNK {blockData=conID: 3 locID: 102654965998944705 bcsId: 0} | ret=SUCCESS |  
2019-08-21 12:27:57,343 | INFO  | DNAudit | user=null | ip=null | op=WRITE_CHUNK {blockData=conID: 3 locID: 102654965998944705 bcsId: 0} | ret=SUCCESS |  
2019-08-21 12:27:57,344 | INFO  | DNAudit | user=null | ip=null | op=PUT_BLOCK {blockData=[blockId=conID: 3 locID: 102654965998944705 bcsId: 0,size=1048576]} | ret=SUCCESS |  
2019-08-21 12:27:57,344 [grpc-default-executor-1] INFO  client.GrpcClientProtocolClient (GrpcClientProtocolClient.java:onNext(255)) - client-C954105195FD->270584e6-a4a8-4db5-8151-214655ce1a56: receive RaftClientReply:client-C954105195FD->270584e6-a4a8-4db5-8151-214655ce1a56@group-787F5BA3AA67, cid=1055, SUCCESS, logIndex=1434, commits[270584e6-a4a8-4db5-8151-214655ce1a56:c1435, af078b8b-61ec-497f-9506-472d46a72462:c1433, 09fb9ab4-1b8d-44c0-9f8c-50855c6f1fed:c1433]
2019-08-21 12:27:57,344 | INFO  | DNAudit | user=null | ip=null | op=WRITE_CHUNK {blockData=conID: 3 locID: 102654965998944705 bcsId: 0} | ret=SUCCESS |  
2019-08-21 12:27:57,345 [grpc-default-executor-1] INFO  client.GrpcClientProtocolClient (GrpcClientProtocolClient.java:onNext(255)) - client-C954105195FD->270584e6-a4a8-4db5-8151-214655ce1a56: receive RaftClientReply:client-C954105195FD->270584e6-a4a8-4db5-8151-214655ce1a56@group-787F5BA3AA67, cid=1056, SUCCESS, logIndex=1435, commits[270584e6-a4a8-4db5-8151-214655ce1a56:c1435, af078b8b-61ec-497f-9506-472d46a72462:c1433, 09fb9ab4-1b8d-44c0-9f8c-50855c6f1fed:c1433]
2019-08-21 12:27:57,345 | INFO  | DNAudit | user=null | ip=null | op=PUT_BLOCK {blockData=[blockId=conID: 3 locID: 102654965998944705 bcsId: 0,size=2097152]} | ret=SUCCESS |  
2019-08-21 12:27:57,345 [grpc-default-executor-4] INFO  client.GrpcClientProtocolClient (GrpcClientProtocolClient.java:onNext(255)) - client-C954105195FD->270584e6-a4a8-4db5-8151-214655ce1a56: receive RaftClientReply:client-C954105195FD->270584e6-a4a8-4db5-8151-214655ce1a56@group-787F5BA3AA67, cid=1057, SUCCESS, logIndex=1436, commits[270584e6-a4a8-4db5-8151-214655ce1a56:c1436, af078b8b-61ec-497f-9506-472d46a72462:c1433, 09fb9ab4-1b8d-44c0-9f8c-50855c6f1fed:c1433]
2019-08-21 12:27:57,345 [grpc-default-executor-4] INFO  client.GrpcClientProtocolClient (GrpcClientProtocolClient.java:onNext(255)) - client-C954105195FD->270584e6-a4a8-4db5-8151-214655ce1a56: receive RaftClientReply:client-C954105195FD->270584e6-a4a8-4db5-8151-214655ce1a56@group-787F5BA3AA67, cid=1058, SUCCESS, logIndex=1437, commits[270584e6-a4a8-4db5-8151-214655ce1a56:c1437, af078b8b-61ec-497f-9506-472d46a72462:c1433, 09fb9ab4-1b8d-44c0-9f8c-50855c6f1fed:c1433]
2019-08-21 12:27:57,346 | INFO  | DNAudit | user=null | ip=null | op=WRITE_CHUNK {blockData=conID: 3 locID: 102654965998944705 bcsId: 0} | ret=SUCCESS |  
2019-08-21 12:27:57,346 | INFO  | DNAudit | user=null | ip=null | op=WRITE_CHUNK {blockData=conID: 3 locID: 102654965998944705 bcsId: 0} | ret=SUCCESS |  
2019-08-21 12:27:57,346 | INFO  | DNAudit | user=null | ip=null | op=PUT_BLOCK {blockData=[blockId=conID: 3 locID: 102654965998944705 bcsId: 0,size=1048576]} | ret=SUCCESS |  
2019-08-21 12:27:57,347 | INFO  | DNAudit | user=null | ip=null | op=PUT_BLOCK {blockData=[blockId=conID: 3 locID: 102654965998944705 bcsId: 0,size=1048576]} | ret=SUCCESS |  
2019-08-21 12:27:57,347 [grpc-default-executor-5] INFO  client.GrpcClientProtocolClient (GrpcClientProtocolClient.java:onNext(255)) - client-C954105195FD->270584e6-a4a8-4db5-8151-214655ce1a56: receive RaftClientReply:client-C954105195FD->270584e6-a4a8-4db5-8151-214655ce1a56@group-787F5BA3AA67, cid=1059, SUCCESS, logIndex=0, commits[270584e6-a4a8-4db5-8151-214655ce1a56:c1439, af078b8b-61ec-497f-9506-472d46a72462:c1435, 09fb9ab4-1b8d-44c0-9f8c-50855c6f1fed:c1435]
2019-08-21 12:27:57,348 | INFO  | DNAudit | user=null | ip=null | op=WRITE_CHUNK {blockData=conID: 3 locID: 102654965998944705 bcsId: 0} | ret=SUCCESS |  
2019-08-21 12:27:57,348 | INFO  | DNAudit | user=null | ip=null | op=WRITE_CHUNK {blockData=conID: 3 locID: 102654965998944705 bcsId: 0} | ret=SUCCESS |  
2019-08-21 12:27:57,348 | INFO  | DNAudit | user=null | ip=null | op=PUT_BLOCK {blockData=[blockId=conID: 3 locID: 102654965998944705 bcsId: 0,size=2097152]} | ret=SUCCESS |  
2019-08-21 12:27:57,348 | INFO  | DNAudit | user=null | ip=null | op=PUT_BLOCK {blockData=[blockId=conID: 3 locID: 102654965998944705 bcsId: 0,size=2097152]} | ret=SUCCESS |  
2019-08-21 12:27:57,354 | INFO  | DNAudit | user=null | ip=null | op=WRITE_CHUNK {blockData=conID: 3 locID: 102654965998944705 bcsId: 1437} | ret=SUCCESS |  
2019-08-21 12:27:57,357 | INFO  | DNAudit | user=null | ip=null | op=WRITE_CHUNK {blockData=conID: 3 locID: 102654965998944705 bcsId: 1437} | ret=SUCCESS |  
2019-08-21 12:27:57,357 | INFO  | DNAudit | user=null | ip=null | op=WRITE_CHUNK {blockData=conID: 3 locID: 102654965998944705 bcsId: 1437} | ret=SUCCESS |  
2019-08-21 12:27:57,360 | INFO  | DNAudit | user=null | ip=null | op=WRITE_CHUNK {blockData=conID: 3 locID: 102654965998944705 bcsId: 1437} | ret=SUCCESS |  
2019-08-21 12:27:57,360 | INFO  | DNAudit | user=null | ip=null | op=PUT_BLOCK {blockData=[blockId=conID: 3 locID: 102654965998944705 bcsId: 0,size=3145728]} | ret=SUCCESS |  
2019-08-21 12:27:57,361 [grpc-default-executor-4] INFO  client.GrpcClientProtocolClient (GrpcClientProtocolClient.java:onNext(255)) - client-C954105195FD->270584e6-a4a8-4db5-8151-214655ce1a56: receive RaftClientReply:client-C954105195FD->270584e6-a4a8-4db5-8151-214655ce1a56@group-787F5BA3AA67, cid=1060, SUCCESS, logIndex=1442, commits[270584e6-a4a8-4db5-8151-214655ce1a56:c1443, af078b8b-61ec-497f-9506-472d46a72462:c1440, 09fb9ab4-1b8d-44c0-9f8c-50855c6f1fed:c1440]
2019-08-21 12:27:57,361 [grpc-default-executor-4] INFO  client.GrpcClientProtocolClient (GrpcClientProtocolClient.java:onNext(255)) - client-C954105195FD->270584e6-a4a8-4db5-8151-214655ce1a56: receive RaftClientReply:client-C954105195FD->270584e6-a4a8-4db5-8151-214655ce1a56@group-787F5BA3AA67, cid=1061, SUCCESS, logIndex=1443, commits[270584e6-a4a8-4db5-8151-214655ce1a56:c1443, af078b8b-61ec-497f-9506-472d46a72462:c1440, 09fb9ab4-1b8d-44c0-9f8c-50855c6f1fed:c1440]
2019-08-21 12:27:57,362 | INFO  | DNAudit | user=null | ip=null | op=WRITE_CHUNK {blockData=conID: 3 locID: 102654965998944705 bcsId: 1437} | ret=SUCCESS |  
2019-08-21 12:27:57,362 | INFO  | DNAudit | user=null | ip=null | op=WRITE_CHUNK {blockData=conID: 3 locID: 102654965998944705 bcsId: 1437} | ret=SUCCESS |  
2019-08-21 12:27:57,362 | INFO  | DNAudit | user=null | ip=null | op=PUT_BLOCK {blockData=[blockId=conID: 3 locID: 102654965998944705 bcsId: 0,size=3145728]} | ret=SUCCESS |  
2019-08-21 12:27:57,363 | INFO  | DNAudit | user=null | ip=null | op=PUT_BLOCK {blockData=[blockId=conID: 3 locID: 102654965998944705 bcsId: 0,size=3145728]} | ret=SUCCESS |  
2019-08-21 12:27:57,368 | INFO  | DNAudit | user=null | ip=null | op=WRITE_CHUNK {blockData=conID: 3 locID: 102654965998944705 bcsId: 1443} | ret=SUCCESS |  
2019-08-21 12:27:57,370 | INFO  | DNAudit | user=null | ip=null | op=WRITE_CHUNK {blockData=conID: 3 locID: 102654965998944705 bcsId: 1443} | ret=SUCCESS |  
2019-08-21 12:27:57,370 | INFO  | DNAudit | user=null | ip=null | op=WRITE_CHUNK {blockData=conID: 3 locID: 102654965998944705 bcsId: 1443} | ret=SUCCESS |  
2019-08-21 12:27:57,380 | INFO  | DNAudit | user=null | ip=null | op=WRITE_CHUNK {blockData=conID: 3 locID: 102654965998944705 bcsId: 1443} | ret=SUCCESS |  
2019-08-21 12:27:57,381 | INFO  | DNAudit | user=null | ip=null | op=PUT_BLOCK {blockData=[blockId=conID: 3 locID: 102654965998944705 bcsId: 0,size=4194304]} | ret=SUCCESS |  
2019-08-21 12:27:57,381 [grpc-default-executor-4] INFO  client.GrpcClientProtocolClient (GrpcClientProtocolClient.java:onNext(255)) - client-C954105195FD->270584e6-a4a8-4db5-8151-214655ce1a56: receive RaftClientReply:client-C954105195FD->270584e6-a4a8-4db5-8151-214655ce1a56@group-787F5BA3AA67, cid=1062, SUCCESS, logIndex=1446, commits[270584e6-a4a8-4db5-8151-214655ce1a56:c1447, af078b8b-61ec-497f-9506-472d46a72462:c1445, 09fb9ab4-1b8d-44c0-9f8c-50855c6f1fed:c1445]
2019-08-21 12:27:57,381 [grpc-default-executor-4] INFO  client.GrpcClientProtocolClient (GrpcClientProtocolClient.java:onNext(255)) - client-C954105195FD->270584e6-a4a8-4db5-8151-214655ce1a56: receive RaftClientReply:client-C954105195FD->270584e6-a4a8-4db5-8151-214655ce1a56@group-787F5BA3AA67, cid=1063, SUCCESS, logIndex=1447, commits[270584e6-a4a8-4db5-8151-214655ce1a56:c1447, af078b8b-61ec-497f-9506-472d46a72462:c1445, 09fb9ab4-1b8d-44c0-9f8c-50855c6f1fed:c1445]
2019-08-21 12:27:57,392 | INFO  | DNAudit | user=null | ip=null | op=WRITE_CHUNK {blockData=conID: 3 locID: 102654965998944705 bcsId: 1443} | ret=SUCCESS |  
2019-08-21 12:27:57,392 | INFO  | DNAudit | user=null | ip=null | op=WRITE_CHUNK {blockData=conID: 3 locID: 102654965998944705 bcsId: 1443} | ret=SUCCESS |  
2019-08-21 12:27:57,395 | INFO  | DNAudit | user=null | ip=null | op=PUT_BLOCK {blockData=[blockId=conID: 3 locID: 102654965998944705 bcsId: 0,size=4194304]} | ret=SUCCESS |  
2019-08-21 12:27:57,395 | INFO  | DNAudit | user=null | ip=null | op=PUT_BLOCK {blockData=[blockId=conID: 3 locID: 102654965998944705 bcsId: 0,size=4194304]} | ret=SUCCESS |  
2019-08-21 12:27:57,395 [grpc-default-executor-1] INFO  client.GrpcClientProtocolClient (GrpcClientProtocolClient.java:onNext(255)) - client-C954105195FD->270584e6-a4a8-4db5-8151-214655ce1a56: receive RaftClientReply:client-C954105195FD->270584e6-a4a8-4db5-8151-214655ce1a56@group-787F5BA3AA67, cid=1064, SUCCESS, logIndex=0, commits[270584e6-a4a8-4db5-8151-214655ce1a56:c1449, af078b8b-61ec-497f-9506-472d46a72462:c1447, 09fb9ab4-1b8d-44c0-9f8c-50855c6f1fed:c1447]
2019-08-21 12:27:57,403 | INFO  | DNAudit | user=null | ip=null | op=WRITE_CHUNK {blockData=conID: 1 locID: 102654965998944706 bcsId: 0} | ret=SUCCESS |  
2019-08-21 12:27:57,406 | INFO  | DNAudit | user=null | ip=null | op=WRITE_CHUNK {blockData=conID: 1 locID: 102654965998944706 bcsId: 0} | ret=SUCCESS |  
2019-08-21 12:27:57,406 | INFO  | DNAudit | user=null | ip=null | op=WRITE_CHUNK {blockData=conID: 1 locID: 102654965998944706 bcsId: 0} | ret=SUCCESS |  
2019-08-21 12:27:57,406 | INFO  | DNAudit | user=null | ip=null | op=WRITE_CHUNK {blockData=conID: 1 locID: 102654965998944706 bcsId: 0} | ret=SUCCESS |  
2019-08-21 12:27:57,408 | INFO  | DNAudit | user=null | ip=null | op=WRITE_CHUNK {blockData=conID: 1 locID: 102654965998944706 bcsId: 0} | ret=SUCCESS |  
2019-08-21 12:27:57,409 | INFO  | DNAudit | user=null | ip=null | op=WRITE_CHUNK {blockData=conID: 1 locID: 102654965998944706 bcsId: 0} | ret=SUCCESS |  
2019-08-21 12:27:57,416 | INFO  | DNAudit | user=null | ip=null | op=WRITE_CHUNK {blockData=conID: 1 locID: 102654965998944706 bcsId: 0} | ret=SUCCESS |  
2019-08-21 12:27:57,417 | INFO  | DNAudit | user=null | ip=null | op=PUT_BLOCK {blockData=[blockId=conID: 1 locID: 102654965998944706 bcsId: 0,size=1048576]} | ret=SUCCESS |  
2019-08-21 12:27:57,417 [grpc-default-executor-5] INFO  client.GrpcClientProtocolClient (GrpcClientProtocolClient.java:onNext(255)) - client-C954105195FD->270584e6-a4a8-4db5-8151-214655ce1a56: receive RaftClientReply:client-C954105195FD->270584e6-a4a8-4db5-8151-214655ce1a56@group-787F5BA3AA67, cid=1065, SUCCESS, logIndex=1450, commits[270584e6-a4a8-4db5-8151-214655ce1a56:c1451, af078b8b-61ec-497f-9506-472d46a72462:c1449, 09fb9ab4-1b8d-44c0-9f8c-50855c6f1fed:c1449]
2019-08-21 12:27:57,417 | INFO  | DNAudit | user=null | ip=null | op=WRITE_CHUNK {blockData=conID: 1 locID: 102654965998944706 bcsId: 0} | ret=SUCCESS |  
2019-08-21 12:27:57,418 | INFO  | DNAudit | user=null | ip=null | op=WRITE_CHUNK {blockData=conID: 1 locID: 102654965998944706 bcsId: 0} | ret=SUCCESS |  
2019-08-21 12:27:57,418 | INFO  | DNAudit | user=null | ip=null | op=WRITE_CHUNK {blockData=conID: 1 locID: 102654965998944706 bcsId: 0} | ret=SUCCESS |  
2019-08-21 12:27:57,418 [grpc-default-executor-5] INFO  client.GrpcClientProtocolClient (GrpcClientProtocolClient.java:onNext(255)) - client-C954105195FD->270584e6-a4a8-4db5-8151-214655ce1a56: receive RaftClientReply:client-C954105195FD->270584e6-a4a8-4db5-8151-214655ce1a56@group-787F5BA3AA67, cid=1066, SUCCESS, logIndex=1451, commits[270584e6-a4a8-4db5-8151-214655ce1a56:c1453, af078b8b-61ec-497f-9506-472d46a72462:c1449, 09fb9ab4-1b8d-44c0-9f8c-50855c6f1fed:c1449]
2019-08-21 12:27:57,418 | INFO  | DNAudit | user=null | ip=null | op=PUT_BLOCK {blockData=[blockId=conID: 1 locID: 102654965998944706 bcsId: 0,size=1048576]} | ret=SUCCESS |  
2019-08-21 12:27:57,418 | INFO  | DNAudit | user=null | ip=null | op=PUT_BLOCK {blockData=[blockId=conID: 1 locID: 102654965998944706 bcsId: 0,size=1048576]} | ret=SUCCESS |  
2019-08-21 12:27:57,418 | INFO  | DNAudit | user=null | ip=null | op=PUT_BLOCK {blockData=[blockId=conID: 1 locID: 102654965998944706 bcsId: 0,size=2097152]} | ret=SUCCESS |  
2019-08-21 12:27:57,418 [grpc-default-executor-4] INFO  client.GrpcClientProtocolClient (GrpcClientProtocolClient.java:onNext(255)) - client-C954105195FD->270584e6-a4a8-4db5-8151-214655ce1a56: receive RaftClientReply:client-C954105195FD->270584e6-a4a8-4db5-8151-214655ce1a56@group-787F5BA3AA67, cid=1067, SUCCESS, logIndex=1452, commits[270584e6-a4a8-4db5-8151-214655ce1a56:c1453, af078b8b-61ec-497f-9506-472d46a72462:c1449, 09fb9ab4-1b8d-44c0-9f8c-50855c6f1fed:c1449]
2019-08-21 12:27:57,419 [grpc-default-executor-4] INFO  client.GrpcClientProtocolClient (GrpcClientProtocolClient.java:onNext(255)) - client-C954105195FD->270584e6-a4a8-4db5-8151-214655ce1a56: receive RaftClientReply:client-C954105195FD->270584e6-a4a8-4db5-8151-214655ce1a56@group-787F5BA3AA67, cid=1068, SUCCESS, logIndex=1453, commits[270584e6-a4a8-4db5-8151-214655ce1a56:c1455, af078b8b-61ec-497f-9506-472d46a72462:c1451, 09fb9ab4-1b8d-44c0-9f8c-50855c6f1fed:c1450]
2019-08-21 12:27:57,419 | INFO  | DNAudit | user=null | ip=null | op=WRITE_CHUNK {blockData=conID: 1 locID: 102654965998944706 bcsId: 0} | ret=SUCCESS |  
2019-08-21 12:27:57,419 | INFO  | DNAudit | user=null | ip=null | op=WRITE_CHUNK {blockData=conID: 1 locID: 102654965998944706 bcsId: 0} | ret=SUCCESS |  
2019-08-21 12:27:57,419 | INFO  | DNAudit | user=null | ip=null | op=PUT_BLOCK {blockData=[blockId=conID: 1 locID: 102654965998944706 bcsId: 0,size=2097152]} | ret=SUCCESS |  
2019-08-21 12:27:57,419 | INFO  | DNAudit | user=null | ip=null | op=PUT_BLOCK {blockData=[blockId=conID: 1 locID: 102654965998944706 bcsId: 0,size=2097152]} | ret=SUCCESS |  
2019-08-21 12:27:57,420 [grpc-default-executor-5] INFO  client.GrpcClientProtocolClient (GrpcClientProtocolClient.java:onNext(255)) - client-C954105195FD->270584e6-a4a8-4db5-8151-214655ce1a56: receive RaftClientReply:client-C954105195FD->270584e6-a4a8-4db5-8151-214655ce1a56@group-787F5BA3AA67, cid=1069, SUCCESS, logIndex=0, commits[270584e6-a4a8-4db5-8151-214655ce1a56:c1455, af078b8b-61ec-497f-9506-472d46a72462:c1451, 09fb9ab4-1b8d-44c0-9f8c-50855c6f1fed:c1452]
2019-08-21 12:27:57,427 | INFO  | DNAudit | user=null | ip=null | op=WRITE_CHUNK {blockData=conID: 1 locID: 102654965998944706 bcsId: 1453} | ret=SUCCESS |  
2019-08-21 12:27:57,429 | INFO  | DNAudit | user=null | ip=null | op=WRITE_CHUNK {blockData=conID: 1 locID: 102654965998944706 bcsId: 1453} | ret=SUCCESS |  
2019-08-21 12:27:57,430 | INFO  | DNAudit | user=null | ip=null | op=WRITE_CHUNK {blockData=conID: 1 locID: 102654965998944706 bcsId: 1453} | ret=SUCCESS |  
2019-08-21 12:27:57,440 | INFO  | DNAudit | user=null | ip=null | op=WRITE_CHUNK {blockData=conID: 1 locID: 102654965998944706 bcsId: 1453} | ret=SUCCESS |  
2019-08-21 12:27:57,441 | INFO  | DNAudit | user=null | ip=null | op=PUT_BLOCK {blockData=[blockId=conID: 1 locID: 102654965998944706 bcsId: 0,size=3145728]} | ret=SUCCESS |  
2019-08-21 12:27:57,441 [grpc-default-executor-1] INFO  client.GrpcClientProtocolClient (GrpcClientProtocolClient.java:onNext(255)) - client-C954105195FD->270584e6-a4a8-4db5-8151-214655ce1a56: receive RaftClientReply:client-C954105195FD->270584e6-a4a8-4db5-8151-214655ce1a56@group-787F5BA3AA67, cid=1070, SUCCESS, logIndex=1458, commits[270584e6-a4a8-4db5-8151-214655ce1a56:c1459, af078b8b-61ec-497f-9506-472d46a72462:c1457, 09fb9ab4-1b8d-44c0-9f8c-50855c6f1fed:c1457]
2019-08-21 12:27:57,441 [grpc-default-executor-1] INFO  client.GrpcClientProtocolClient (GrpcClientProtocolClient.java:onNext(255)) - client-C954105195FD->270584e6-a4a8-4db5-8151-214655ce1a56: receive RaftClientReply:client-C954105195FD->270584e6-a4a8-4db5-8151-214655ce1a56@group-787F5BA3AA67, cid=1071, SUCCESS, logIndex=1459, commits[270584e6-a4a8-4db5-8151-214655ce1a56:c1459, af078b8b-61ec-497f-9506-472d46a72462:c1457, 09fb9ab4-1b8d-44c0-9f8c-50855c6f1fed:c1457]
2019-08-21 12:27:57,448 | INFO  | DNAudit | user=null | ip=null | op=WRITE_CHUNK {blockData=conID: 1 locID: 102654965998944706 bcsId: 1459} | ret=SUCCESS |  
2019-08-21 12:27:57,450 | INFO  | DNAudit | user=null | ip=null | op=WRITE_CHUNK {blockData=conID: 1 locID: 102654965998944706 bcsId: 1459} | ret=SUCCESS |  
2019-08-21 12:27:57,451 | INFO  | DNAudit | user=null | ip=null | op=WRITE_CHUNK {blockData=conID: 1 locID: 102654965998944706 bcsId: 1459} | ret=SUCCESS |  
2019-08-21 12:27:57,452 | INFO  | DNAudit | user=null | ip=null | op=WRITE_CHUNK {blockData=conID: 1 locID: 102654965998944706 bcsId: 1453} | ret=SUCCESS |  
2019-08-21 12:27:57,452 | INFO  | DNAudit | user=null | ip=null | op=WRITE_CHUNK {blockData=conID: 1 locID: 102654965998944706 bcsId: 1453} | ret=SUCCESS |  
2019-08-21 12:27:57,452 | INFO  | DNAudit | user=null | ip=null | op=PUT_BLOCK {blockData=[blockId=conID: 1 locID: 102654965998944706 bcsId: 0,size=3145728]} | ret=SUCCESS |  
2019-08-21 12:27:57,452 | INFO  | DNAudit | user=null | ip=null | op=PUT_BLOCK {blockData=[blockId=conID: 1 locID: 102654965998944706 bcsId: 0,size=3145728]} | ret=SUCCESS |  
2019-08-21 12:27:57,455 | INFO  | DNAudit | user=null | ip=null | op=WRITE_CHUNK {blockData=conID: 1 locID: 102654965998944706 bcsId: 1459} | ret=SUCCESS |  
2019-08-21 12:27:57,456 | INFO  | DNAudit | user=null | ip=null | op=PUT_BLOCK {blockData=[blockId=conID: 1 locID: 102654965998944706 bcsId: 0,size=4194304]} | ret=SUCCESS |  
2019-08-21 12:27:57,456 [grpc-default-executor-1] INFO  client.GrpcClientProtocolClient (GrpcClientProtocolClient.java:onNext(255)) - client-C954105195FD->270584e6-a4a8-4db5-8151-214655ce1a56: receive RaftClientReply:client-C954105195FD->270584e6-a4a8-4db5-8151-214655ce1a56@group-787F5BA3AA67, cid=1072, SUCCESS, logIndex=1462, commits[270584e6-a4a8-4db5-8151-214655ce1a56:c1463, af078b8b-61ec-497f-9506-472d46a72462:c1459, 09fb9ab4-1b8d-44c0-9f8c-50855c6f1fed:c1459]
2019-08-21 12:27:57,456 [grpc-default-executor-1] INFO  client.GrpcClientProtocolClient (GrpcClientProtocolClient.java:onNext(255)) - client-C954105195FD->270584e6-a4a8-4db5-8151-214655ce1a56: receive RaftClientReply:client-C954105195FD->270584e6-a4a8-4db5-8151-214655ce1a56@group-787F5BA3AA67, cid=1073, SUCCESS, logIndex=1463, commits[270584e6-a4a8-4db5-8151-214655ce1a56:c1463, af078b8b-61ec-497f-9506-472d46a72462:c1459, 09fb9ab4-1b8d-44c0-9f8c-50855c6f1fed:c1459]
2019-08-21 12:27:57,467 | INFO  | DNAudit | user=null | ip=null | op=WRITE_CHUNK {blockData=conID: 1 locID: 102654965998944706 bcsId: 1459} | ret=SUCCESS |  
2019-08-21 12:27:57,467 | INFO  | DNAudit | user=null | ip=null | op=WRITE_CHUNK {blockData=conID: 1 locID: 102654965998944706 bcsId: 1459} | ret=SUCCESS |  
2019-08-21 12:27:57,468 | INFO  | DNAudit | user=null | ip=null | op=PUT_BLOCK {blockData=[blockId=conID: 1 locID: 102654965998944706 bcsId: 0,size=4194304]} | ret=SUCCESS |  
2019-08-21 12:27:57,469 | INFO  | DNAudit | user=null | ip=null | op=PUT_BLOCK {blockData=[blockId=conID: 1 locID: 102654965998944706 bcsId: 0,size=4194304]} | ret=SUCCESS |  
2019-08-21 12:27:57,469 [grpc-default-executor-1] INFO  client.GrpcClientProtocolClient (GrpcClientProtocolClient.java:onNext(255)) - client-C954105195FD->270584e6-a4a8-4db5-8151-214655ce1a56: receive RaftClientReply:client-C954105195FD->270584e6-a4a8-4db5-8151-214655ce1a56@group-787F5BA3AA67, cid=1074, SUCCESS, logIndex=0, commits[270584e6-a4a8-4db5-8151-214655ce1a56:c1465, af078b8b-61ec-497f-9506-472d46a72462:c1463, 09fb9ab4-1b8d-44c0-9f8c-50855c6f1fed:c1463]
2019-08-21 12:27:57,476 | INFO  | DNAudit | user=null | ip=null | op=WRITE_CHUNK {blockData=conID: 2 locID: 102654965998944707 bcsId: 0} | ret=SUCCESS |  
2019-08-21 12:27:57,479 | INFO  | DNAudit | user=null | ip=null | op=WRITE_CHUNK {blockData=conID: 2 locID: 102654965998944707 bcsId: 0} | ret=SUCCESS |  
2019-08-21 12:27:57,479 | INFO  | DNAudit | user=null | ip=null | op=WRITE_CHUNK {blockData=conID: 2 locID: 102654965998944707 bcsId: 0} | ret=SUCCESS |  
2019-08-21 12:27:57,480 | INFO  | DNAudit | user=null | ip=null | op=WRITE_CHUNK {blockData=conID: 2 locID: 102654965998944707 bcsId: 0} | ret=SUCCESS |  
2019-08-21 12:27:57,481 | INFO  | DNAudit | user=null | ip=null | op=WRITE_CHUNK {blockData=conID: 2 locID: 102654965998944707 bcsId: 0} | ret=SUCCESS |  
2019-08-21 12:27:57,482 | INFO  | DNAudit | user=null | ip=null | op=WRITE_CHUNK {blockData=conID: 2 locID: 102654965998944707 bcsId: 0} | ret=SUCCESS |  
2019-08-21 12:27:57,489 | INFO  | DNAudit | user=null | ip=null | op=WRITE_CHUNK {blockData=conID: 2 locID: 102654965998944707 bcsId: 0} | ret=SUCCESS |  
2019-08-21 12:27:57,490 | INFO  | DNAudit | user=null | ip=null | op=PUT_BLOCK {blockData=[blockId=conID: 2 locID: 102654965998944707 bcsId: 0,size=1048576]} | ret=SUCCESS |  
2019-08-21 12:27:57,490 | INFO  | DNAudit | user=null | ip=null | op=WRITE_CHUNK {blockData=conID: 2 locID: 102654965998944707 bcsId: 0} | ret=SUCCESS |  
2019-08-21 12:27:57,490 [grpc-default-executor-1] INFO  client.GrpcClientProtocolClient (GrpcClientProtocolClient.java:onNext(255)) - client-C954105195FD->270584e6-a4a8-4db5-8151-214655ce1a56: receive RaftClientReply:client-C954105195FD->270584e6-a4a8-4db5-8151-214655ce1a56@group-787F5BA3AA67, cid=1075, SUCCESS, logIndex=1466, commits[270584e6-a4a8-4db5-8151-214655ce1a56:c1467, af078b8b-61ec-497f-9506-472d46a72462:c1465, 09fb9ab4-1b8d-44c0-9f8c-50855c6f1fed:c1465]
2019-08-21 12:27:57,491 | INFO  | DNAudit | user=null | ip=null | op=PUT_BLOCK {blockData=[blockId=conID: 2 locID: 102654965998944707 bcsId: 0,size=2097152]} | ret=SUCCESS |  
2019-08-21 12:27:57,491 | INFO  | DNAudit | user=null | ip=null | op=WRITE_CHUNK {blockData=conID: 2 locID: 102654965998944707 bcsId: 0} | ret=SUCCESS |  
2019-08-21 12:27:57,491 [grpc-default-executor-1] INFO  client.GrpcClientProtocolClient (GrpcClientProtocolClient.java:onNext(255)) - client-C954105195FD->270584e6-a4a8-4db5-8151-214655ce1a56: receive RaftClientReply:client-C954105195FD->270584e6-a4a8-4db5-8151-214655ce1a56@group-787F5BA3AA67, cid=1076, SUCCESS, logIndex=1467, commits[270584e6-a4a8-4db5-8151-214655ce1a56:c1469, af078b8b-61ec-497f-9506-472d46a72462:c1465, 09fb9ab4-1b8d-44c0-9f8c-50855c6f1fed:c1465]
2019-08-21 12:27:57,491 | INFO  | DNAudit | user=null | ip=null | op=PUT_BLOCK {blockData=[blockId=conID: 2 locID: 102654965998944707 bcsId: 0,size=1048576]} | ret=SUCCESS |  
2019-08-21 12:27:57,491 [grpc-default-executor-1] INFO  client.GrpcClientProtocolClient (GrpcClientProtocolClient.java:onNext(255)) - client-C954105195FD->270584e6-a4a8-4db5-8151-214655ce1a56: receive RaftClientReply:client-C954105195FD->270584e6-a4a8-4db5-8151-214655ce1a56@group-787F5BA3AA67, cid=1077, SUCCESS, logIndex=1468, commits[270584e6-a4a8-4db5-8151-214655ce1a56:c1469, af078b8b-61ec-497f-9506-472d46a72462:c1465, 09fb9ab4-1b8d-44c0-9f8c-50855c6f1fed:c1465]
2019-08-21 12:27:57,491 [grpc-default-executor-1] INFO  client.GrpcClientProtocolClient (GrpcClientProtocolClient.java:onNext(255)) - client-C954105195FD->270584e6-a4a8-4db5-8151-214655ce1a56: receive RaftClientReply:client-C954105195FD->270584e6-a4a8-4db5-8151-214655ce1a56@group-787F5BA3AA67, cid=1078, SUCCESS, logIndex=1469, commits[270584e6-a4a8-4db5-8151-214655ce1a56:c1469, af078b8b-61ec-497f-9506-472d46a72462:c1465, 09fb9ab4-1b8d-44c0-9f8c-50855c6f1fed:c1465]
2019-08-21 12:27:57,491 | INFO  | DNAudit | user=null | ip=null | op=WRITE_CHUNK {blockData=conID: 2 locID: 102654965998944707 bcsId: 0} | ret=SUCCESS |  
2019-08-21 12:27:57,492 | INFO  | DNAudit | user=null | ip=null | op=PUT_BLOCK {blockData=[blockId=conID: 2 locID: 102654965998944707 bcsId: 0,size=1048576]} | ret=SUCCESS |  
2019-08-21 12:27:57,492 | INFO  | DNAudit | user=null | ip=null | op=WRITE_CHUNK {blockData=conID: 2 locID: 102654965998944707 bcsId: 0} | ret=SUCCESS |  
2019-08-21 12:27:57,492 | INFO  | DNAudit | user=null | ip=null | op=PUT_BLOCK {blockData=[blockId=conID: 2 locID: 102654965998944707 bcsId: 0,size=2097152]} | ret=SUCCESS |  
2019-08-21 12:27:57,493 [grpc-default-executor-5] INFO  client.GrpcClientProtocolClient (GrpcClientProtocolClient.java:onNext(255)) - client-C954105195FD->270584e6-a4a8-4db5-8151-214655ce1a56: receive RaftClientReply:client-C954105195FD->270584e6-a4a8-4db5-8151-214655ce1a56@group-787F5BA3AA67, cid=1079, SUCCESS, logIndex=0, commits[270584e6-a4a8-4db5-8151-214655ce1a56:c1471, af078b8b-61ec-497f-9506-472d46a72462:c1467, 09fb9ab4-1b8d-44c0-9f8c-50855c6f1fed:c1467]
2019-08-21 12:27:57,493 | INFO  | DNAudit | user=null | ip=null | op=WRITE_CHUNK {blockData=conID: 2 locID: 102654965998944707 bcsId: 0} | ret=SUCCESS |  
2019-08-21 12:27:57,493 | INFO  | DNAudit | user=null | ip=null | op=PUT_BLOCK {blockData=[blockId=conID: 2 locID: 102654965998944707 bcsId: 0,size=2097152]} | ret=SUCCESS |  
2019-08-21 12:27:57,499 | INFO  | DNAudit | user=null | ip=null | op=WRITE_CHUNK {blockData=conID: 2 locID: 102654965998944707 bcsId: 1469} | ret=SUCCESS |  
2019-08-21 12:27:57,501 | INFO  | DNAudit | user=null | ip=null | op=WRITE_CHUNK {blockData=conID: 2 locID: 102654965998944707 bcsId: 1469} | ret=SUCCESS |  
2019-08-21 12:27:57,502 | INFO  | DNAudit | user=null | ip=null | op=WRITE_CHUNK {blockData=conID: 2 locID: 102654965998944707 bcsId: 1469} | ret=SUCCESS |  
2019-08-21 12:27:57,503 | INFO  | DNAudit | user=null | ip=null | op=WRITE_CHUNK {blockData=conID: 2 locID: 102654965998944707 bcsId: 1469} | ret=SUCCESS |  
2019-08-21 12:27:57,504 | INFO  | DNAudit | user=null | ip=null | op=PUT_BLOCK {blockData=[blockId=conID: 2 locID: 102654965998944707 bcsId: 0,size=3145728]} | ret=SUCCESS |  
2019-08-21 12:27:57,504 [grpc-default-executor-1] INFO  client.GrpcClientProtocolClient (GrpcClientProtocolClient.java:onNext(255)) - client-C954105195FD->270584e6-a4a8-4db5-8151-214655ce1a56: receive RaftClientReply:client-C954105195FD->270584e6-a4a8-4db5-8151-214655ce1a56@group-787F5BA3AA67, cid=1080, SUCCESS, logIndex=1474, commits[270584e6-a4a8-4db5-8151-214655ce1a56:c1475, af078b8b-61ec-497f-9506-472d46a72462:c1473, 09fb9ab4-1b8d-44c0-9f8c-50855c6f1fed:c1473]
2019-08-21 12:27:57,505 [grpc-default-executor-1] INFO  client.GrpcClientProtocolClient (GrpcClientProtocolClient.java:onNext(255)) - client-C954105195FD->270584e6-a4a8-4db5-8151-214655ce1a56: receive RaftClientReply:client-C954105195FD->270584e6-a4a8-4db5-8151-214655ce1a56@group-787F5BA3AA67, cid=1081, SUCCESS, logIndex=1475, commits[270584e6-a4a8-4db5-8151-214655ce1a56:c1475, af078b8b-61ec-497f-9506-472d46a72462:c1473, 09fb9ab4-1b8d-44c0-9f8c-50855c6f1fed:c1473]
2019-08-21 12:27:57,505 | INFO  | DNAudit | user=null | ip=null | op=WRITE_CHUNK {blockData=conID: 2 locID: 102654965998944707 bcsId: 1469} | ret=SUCCESS |  
2019-08-21 12:27:57,505 | INFO  | DNAudit | user=null | ip=null | op=WRITE_CHUNK {blockData=conID: 2 locID: 102654965998944707 bcsId: 1469} | ret=SUCCESS |  
2019-08-21 12:27:57,505 | INFO  | DNAudit | user=null | ip=null | op=PUT_BLOCK {blockData=[blockId=conID: 2 locID: 102654965998944707 bcsId: 0,size=3145728]} | ret=SUCCESS |  
2019-08-21 12:27:57,506 | INFO  | DNAudit | user=null | ip=null | op=PUT_BLOCK {blockData=[blockId=conID: 2 locID: 102654965998944707 bcsId: 0,size=3145728]} | ret=SUCCESS |  
2019-08-21 12:27:57,511 | INFO  | DNAudit | user=null | ip=null | op=WRITE_CHUNK {blockData=conID: 2 locID: 102654965998944707 bcsId: 1475} | ret=SUCCESS |  
2019-08-21 12:27:57,513 | INFO  | DNAudit | user=null | ip=null | op=WRITE_CHUNK {blockData=conID: 2 locID: 102654965998944707 bcsId: 1475} | ret=SUCCESS |  
2019-08-21 12:27:57,514 | INFO  | DNAudit | user=null | ip=null | op=WRITE_CHUNK {blockData=conID: 2 locID: 102654965998944707 bcsId: 1475} | ret=SUCCESS |  
2019-08-21 12:27:57,519 | INFO  | DNAudit | user=null | ip=null | op=WRITE_CHUNK {blockData=conID: 2 locID: 102654965998944707 bcsId: 1475} | ret=SUCCESS |  
2019-08-21 12:27:57,520 | INFO  | DNAudit | user=null | ip=null | op=PUT_BLOCK {blockData=[blockId=conID: 2 locID: 102654965998944707 bcsId: 0,size=4194304]} | ret=SUCCESS |  
2019-08-21 12:27:57,520 [grpc-default-executor-1] INFO  client.GrpcClientProtocolClient (GrpcClientProtocolClient.java:onNext(255)) - client-C954105195FD->270584e6-a4a8-4db5-8151-214655ce1a56: receive RaftClientReply:client-C954105195FD->270584e6-a4a8-4db5-8151-214655ce1a56@group-787F5BA3AA67, cid=1082, SUCCESS, logIndex=1477, commits[270584e6-a4a8-4db5-8151-214655ce1a56:c1478, af078b8b-61ec-497f-9506-472d46a72462:c1476, 09fb9ab4-1b8d-44c0-9f8c-50855c6f1fed:c1476]
2019-08-21 12:27:57,520 [grpc-default-executor-1] INFO  client.GrpcClientProtocolClient (GrpcClientProtocolClient.java:onNext(255)) - client-C954105195FD->270584e6-a4a8-4db5-8151-214655ce1a56: receive RaftClientReply:client-C954105195FD->270584e6-a4a8-4db5-8151-214655ce1a56@group-787F5BA3AA67, cid=1083, SUCCESS, logIndex=1478, commits[270584e6-a4a8-4db5-8151-214655ce1a56:c1478, af078b8b-61ec-497f-9506-472d46a72462:c1476, 09fb9ab4-1b8d-44c0-9f8c-50855c6f1fed:c1476]
2019-08-21 12:27:57,542 | INFO  | DNAudit | user=null | ip=null | op=WRITE_CHUNK {blockData=conID: 2 locID: 102654965998944707 bcsId: 1475} | ret=SUCCESS |  
2019-08-21 12:27:57,542 | INFO  | DNAudit | user=null | ip=null | op=WRITE_CHUNK {blockData=conID: 2 locID: 102654965998944707 bcsId: 1475} | ret=SUCCESS |  
2019-08-21 12:27:57,543 | INFO  | DNAudit | user=null | ip=null | op=PUT_BLOCK {blockData=[blockId=conID: 2 locID: 102654965998944707 bcsId: 0,size=4194304]} | ret=SUCCESS |  
2019-08-21 12:27:57,543 | INFO  | DNAudit | user=null | ip=null | op=PUT_BLOCK {blockData=[blockId=conID: 2 locID: 102654965998944707 bcsId: 0,size=4194304]} | ret=SUCCESS |  
2019-08-21 12:27:57,544 [grpc-default-executor-1] INFO  client.GrpcClientProtocolClient (GrpcClientProtocolClient.java:onNext(255)) - client-C954105195FD->270584e6-a4a8-4db5-8151-214655ce1a56: receive RaftClientReply:client-C954105195FD->270584e6-a4a8-4db5-8151-214655ce1a56@group-787F5BA3AA67, cid=1084, SUCCESS, logIndex=0, commits[270584e6-a4a8-4db5-8151-214655ce1a56:c1480, af078b8b-61ec-497f-9506-472d46a72462:c1478, 09fb9ab4-1b8d-44c0-9f8c-50855c6f1fed:c1478]
2019-08-21 12:27:57,552 | INFO  | DNAudit | user=null | ip=null | op=WRITE_CHUNK {blockData=conID: 3 locID: 102654965998944708 bcsId: 0} | ret=SUCCESS |  
2019-08-21 12:27:57,556 | INFO  | DNAudit | user=null | ip=null | op=WRITE_CHUNK {blockData=conID: 3 locID: 102654965998944708 bcsId: 0} | ret=SUCCESS |  
2019-08-21 12:27:57,556 | INFO  | DNAudit | user=null | ip=null | op=WRITE_CHUNK {blockData=conID: 3 locID: 102654965998944708 bcsId: 0} | ret=SUCCESS |  
2019-08-21 12:27:57,558 | INFO  | DNAudit | user=null | ip=null | op=WRITE_CHUNK {blockData=conID: 3 locID: 102654965998944708 bcsId: 0} | ret=SUCCESS |  
2019-08-21 12:27:57,559 | INFO  | DNAudit | user=null | ip=null | op=WRITE_CHUNK {blockData=conID: 3 locID: 102654965998944708 bcsId: 0} | ret=SUCCESS |  
2019-08-21 12:27:57,560 | INFO  | DNAudit | user=null | ip=null | op=WRITE_CHUNK {blockData=conID: 3 locID: 102654965998944708 bcsId: 0} | ret=SUCCESS |  
2019-08-21 12:27:57,566 | INFO  | DNAudit | user=null | ip=null | op=WRITE_CHUNK {blockData=conID: 3 locID: 102654965998944708 bcsId: 0} | ret=SUCCESS |  
2019-08-21 12:27:57,566 | INFO  | DNAudit | user=null | ip=null | op=PUT_BLOCK {blockData=[blockId=conID: 3 locID: 102654965998944708 bcsId: 0,size=1048576]} | ret=SUCCESS |  
2019-08-21 12:27:57,567 | INFO  | DNAudit | user=null | ip=null | op=WRITE_CHUNK {blockData=conID: 3 locID: 102654965998944708 bcsId: 0} | ret=SUCCESS |  
2019-08-21 12:27:57,567 [grpc-default-executor-1] INFO  client.GrpcClientProtocolClient (GrpcClientProtocolClient.java:onNext(255)) - client-C954105195FD->270584e6-a4a8-4db5-8151-214655ce1a56: receive RaftClientReply:client-C954105195FD->270584e6-a4a8-4db5-8151-214655ce1a56@group-787F5BA3AA67, cid=1085, SUCCESS, logIndex=1481, commits[270584e6-a4a8-4db5-8151-214655ce1a56:c1484, af078b8b-61ec-497f-9506-472d46a72462:c1480, 09fb9ab4-1b8d-44c0-9f8c-50855c6f1fed:c1480]
2019-08-21 12:27:57,567 | INFO  | DNAudit | user=null | ip=null | op=PUT_BLOCK {blockData=[blockId=conID: 3 locID: 102654965998944708 bcsId: 0,size=2097152]} | ret=SUCCESS |  
2019-08-21 12:27:57,567 [grpc-default-executor-1] INFO  client.GrpcClientProtocolClient (GrpcClientProtocolClient.java:onNext(255)) - client-C954105195FD->270584e6-a4a8-4db5-8151-214655ce1a56: receive RaftClientReply:client-C954105195FD->270584e6-a4a8-4db5-8151-214655ce1a56@group-787F5BA3AA67, cid=1086, SUCCESS, logIndex=1482, commits[270584e6-a4a8-4db5-8151-214655ce1a56:c1484, af078b8b-61ec-497f-9506-472d46a72462:c1480, 09fb9ab4-1b8d-44c0-9f8c-50855c6f1fed:c1480]
2019-08-21 12:27:57,568 [grpc-default-executor-1] INFO  client.GrpcClientProtocolClient (GrpcClientProtocolClient.java:onNext(255)) - client-C954105195FD->270584e6-a4a8-4db5-8151-214655ce1a56: receive RaftClientReply:client-C954105195FD->270584e6-a4a8-4db5-8151-214655ce1a56@group-787F5BA3AA67, cid=1087, SUCCESS, logIndex=1483, commits[270584e6-a4a8-4db5-8151-214655ce1a56:c1484, af078b8b-61ec-497f-9506-472d46a72462:c1480, 09fb9ab4-1b8d-44c0-9f8c-50855c6f1fed:c1480]
2019-08-21 12:27:57,568 [grpc-default-executor-1] INFO  client.GrpcClientProtocolClient (GrpcClientProtocolClient.java:onNext(255)) - client-C954105195FD->270584e6-a4a8-4db5-8151-214655ce1a56: receive RaftClientReply:client-C954105195FD->270584e6-a4a8-4db5-8151-214655ce1a56@group-787F5BA3AA67, cid=1088, SUCCESS, logIndex=1484, commits[270584e6-a4a8-4db5-8151-214655ce1a56:c1484, af078b8b-61ec-497f-9506-472d46a72462:c1480, 09fb9ab4-1b8d-44c0-9f8c-50855c6f1fed:c1480]
2019-08-21 12:27:57,577 | INFO  | DNAudit | user=null | ip=null | op=WRITE_CHUNK {blockData=conID: 3 locID: 102654965998944708 bcsId: 0} | ret=SUCCESS |  
2019-08-21 12:27:57,577 | INFO  | DNAudit | user=null | ip=null | op=WRITE_CHUNK {blockData=conID: 3 locID: 102654965998944708 bcsId: 0} | ret=SUCCESS |  
 0.00% |█                                                                                                    |  0/1 Time: 0:00:052019-08-21 12:27:57,578 | INFO  | DNAudit | user=null | ip=null | op=PUT_BLOCK {blockData=[blockId=conID: 3 locID: 102654965998944708 bcsId: 0,size=1048576]} | ret=SUCCESS |  
2019-08-21 12:27:57,578 | INFO  | DNAudit | user=null | ip=null | op=WRITE_CHUNK {blockData=conID: 3 locID: 102654965998944708 bcsId: 0} | ret=SUCCESS |  
2019-08-21 12:27:57,578 | INFO  | DNAudit | user=null | ip=null | op=PUT_BLOCK {blockData=[blockId=conID: 3 locID: 102654965998944708 bcsId: 0,size=2097152]} | ret=SUCCESS |  
2019-08-21 12:27:57,578 | INFO  | DNAudit | user=null | ip=null | op=PUT_BLOCK {blockData=[blockId=conID: 3 locID: 102654965998944708 bcsId: 0,size=1048576]} | ret=SUCCESS |  
2019-08-21 12:27:57,579 | INFO  | DNAudit | user=null | ip=null | op=WRITE_CHUNK {blockData=conID: 3 locID: 102654965998944708 bcsId: 0} | ret=SUCCESS |  
2019-08-21 12:27:57,579 | INFO  | DNAudit | user=null | ip=null | op=PUT_BLOCK {blockData=[blockId=conID: 3 locID: 102654965998944708 bcsId: 0,size=2097152]} | ret=SUCCESS |  
2019-08-21 12:27:57,579 [grpc-default-executor-1] INFO  client.GrpcClientProtocolClient (GrpcClientProtocolClient.java:onNext(255)) - client-C954105195FD->270584e6-a4a8-4db5-8151-214655ce1a56: receive RaftClientReply:client-C954105195FD->270584e6-a4a8-4db5-8151-214655ce1a56@group-787F5BA3AA67, cid=1089, SUCCESS, logIndex=0, commits[270584e6-a4a8-4db5-8151-214655ce1a56:c1488, af078b8b-61ec-497f-9506-472d46a72462:c1483, 09fb9ab4-1b8d-44c0-9f8c-50855c6f1fed:c1484]
2019-08-21 12:27:57,586 | INFO  | DNAudit | user=null | ip=null | op=WRITE_CHUNK {blockData=conID: 3 locID: 102654965998944708 bcsId: 1484} | ret=SUCCESS |  
2019-08-21 12:27:57,588 | INFO  | DNAudit | user=null | ip=null | op=WRITE_CHUNK {blockData=conID: 3 locID: 102654965998944708 bcsId: 1484} | ret=SUCCESS |  
2019-08-21 12:27:57,589 | INFO  | DNAudit | user=null | ip=null | op=WRITE_CHUNK {blockData=conID: 3 locID: 102654965998944708 bcsId: 1484} | ret=SUCCESS |  
2019-08-21 12:27:57,599 | INFO  | DNAudit | user=null | ip=null | op=WRITE_CHUNK {blockData=conID: 3 locID: 102654965998944708 bcsId: 1484} | ret=SUCCESS |  
2019-08-21 12:27:57,599 | INFO  | DNAudit | user=null | ip=null | op=PUT_BLOCK {blockData=[blockId=conID: 3 locID: 102654965998944708 bcsId: 0,size=3145728]} | ret=SUCCESS |  
2019-08-21 12:27:57,599 [grpc-default-executor-1] INFO  client.GrpcClientProtocolClient (GrpcClientProtocolClient.java:onNext(255)) - client-C954105195FD->270584e6-a4a8-4db5-8151-214655ce1a56: receive RaftClientReply:client-C954105195FD->270584e6-a4a8-4db5-8151-214655ce1a56@group-787F5BA3AA67, cid=1090, SUCCESS, logIndex=1489, commits[270584e6-a4a8-4db5-8151-214655ce1a56:c1490, af078b8b-61ec-497f-9506-472d46a72462:c1488, 09fb9ab4-1b8d-44c0-9f8c-50855c6f1fed:c1488]
2019-08-21 12:27:57,600 [grpc-default-executor-1] INFO  client.GrpcClientProtocolClient (GrpcClientProtocolClient.java:onNext(255)) - client-C954105195FD->270584e6-a4a8-4db5-8151-214655ce1a56: receive RaftClientReply:client-C954105195FD->270584e6-a4a8-4db5-8151-214655ce1a56@group-787F5BA3AA67, cid=1091, SUCCESS, logIndex=1490, commits[270584e6-a4a8-4db5-8151-214655ce1a56:c1490, af078b8b-61ec-497f-9506-472d46a72462:c1488, 09fb9ab4-1b8d-44c0-9f8c-50855c6f1fed:c1488]
2019-08-21 12:27:57,606 | INFO  | DNAudit | user=null | ip=null | op=WRITE_CHUNK {blockData=conID: 3 locID: 102654965998944708 bcsId: 1490} | ret=SUCCESS |  
2019-08-21 12:27:57,608 | INFO  | DNAudit | user=null | ip=null | op=WRITE_CHUNK {blockData=conID: 3 locID: 102654965998944708 bcsId: 1490} | ret=SUCCESS |  
2019-08-21 12:27:57,609 | INFO  | DNAudit | user=null | ip=null | op=WRITE_CHUNK {blockData=conID: 3 locID: 102654965998944708 bcsId: 1490} | ret=SUCCESS |  
2019-08-21 12:27:57,611 | INFO  | DNAudit | user=null | ip=null | op=WRITE_CHUNK {blockData=conID: 3 locID: 102654965998944708 bcsId: 1484} | ret=SUCCESS |  
2019-08-21 12:27:57,611 | INFO  | DNAudit | user=null | ip=null | op=WRITE_CHUNK {blockData=conID: 3 locID: 102654965998944708 bcsId: 1484} | ret=SUCCESS |  
2019-08-21 12:27:57,613 | INFO  | DNAudit | user=null | ip=null | op=PUT_BLOCK {blockData=[blockId=conID: 3 locID: 102654965998944708 bcsId: 0,size=3145728]} | ret=SUCCESS |  
2019-08-21 12:27:57,613 | INFO  | DNAudit | user=null | ip=null | op=PUT_BLOCK {blockData=[blockId=conID: 3 locID: 102654965998944708 bcsId: 0,size=3145728]} | ret=SUCCESS |  
2019-08-21 12:27:57,614 | INFO  | DNAudit | user=null | ip=null | op=WRITE_CHUNK {blockData=conID: 3 locID: 102654965998944708 bcsId: 1490} | ret=SUCCESS |  
2019-08-21 12:27:57,614 | INFO  | DNAudit | user=null | ip=null | op=PUT_BLOCK {blockData=[blockId=conID: 3 locID: 102654965998944708 bcsId: 0,size=4194304]} | ret=SUCCESS |  
2019-08-21 12:27:57,614 [grpc-default-executor-1] INFO  client.GrpcClientProtocolClient (GrpcClientProtocolClient.java:onNext(255)) - client-C954105195FD->270584e6-a4a8-4db5-8151-214655ce1a56: receive RaftClientReply:client-C954105195FD->270584e6-a4a8-4db5-8151-214655ce1a56@group-787F5BA3AA67, cid=1092, SUCCESS, logIndex=1493, commits[270584e6-a4a8-4db5-8151-214655ce1a56:c1494, af078b8b-61ec-497f-9506-472d46a72462:c1490, 09fb9ab4-1b8d-44c0-9f8c-50855c6f1fed:c1490]
2019-08-21 12:27:57,615 [grpc-default-executor-1] INFO  client.GrpcClientProtocolClient (GrpcClientProtocolClient.java:onNext(255)) - client-C954105195FD->270584e6-a4a8-4db5-8151-214655ce1a56: receive RaftClientReply:client-C954105195FD->270584e6-a4a8-4db5-8151-214655ce1a56@group-787F5BA3AA67, cid=1093, SUCCESS, logIndex=1494, commits[270584e6-a4a8-4db5-8151-214655ce1a56:c1494, af078b8b-61ec-497f-9506-472d46a72462:c1490, 09fb9ab4-1b8d-44c0-9f8c-50855c6f1fed:c1490]
2019-08-21 12:27:57,626 | INFO  | DNAudit | user=null | ip=null | op=WRITE_CHUNK {blockData=conID: 3 locID: 102654965998944708 bcsId: 1490} | ret=SUCCESS |  
2019-08-21 12:27:57,626 | INFO  | DNAudit | user=null | ip=null | op=WRITE_CHUNK {blockData=conID: 3 locID: 102654965998944708 bcsId: 1490} | ret=SUCCESS |  
2019-08-21 12:27:57,627 | INFO  | DNAudit | user=null | ip=null | op=PUT_BLOCK {blockData=[blockId=conID: 3 locID: 102654965998944708 bcsId: 0,size=4194304]} | ret=SUCCESS |  
2019-08-21 12:27:57,627 | INFO  | DNAudit | user=null | ip=null | op=PUT_BLOCK {blockData=[blockId=conID: 3 locID: 102654965998944708 bcsId: 0,size=4194304]} | ret=SUCCESS |  
2019-08-21 12:27:57,628 [grpc-default-executor-5] INFO  client.GrpcClientProtocolClient (GrpcClientProtocolClient.java:onNext(255)) - client-C954105195FD->270584e6-a4a8-4db5-8151-214655ce1a56: receive RaftClientReply:client-C954105195FD->270584e6-a4a8-4db5-8151-214655ce1a56@group-787F5BA3AA67, cid=1094, SUCCESS, logIndex=0, commits[270584e6-a4a8-4db5-8151-214655ce1a56:c1495, af078b8b-61ec-497f-9506-472d46a72462:c1494, 09fb9ab4-1b8d-44c0-9f8c-50855c6f1fed:c1494]
2019-08-21 12:27:57,636 | INFO  | DNAudit | user=null | ip=null | op=WRITE_CHUNK {blockData=conID: 1 locID: 102654965998944709 bcsId: 0} | ret=SUCCESS |  
2019-08-21 12:27:57,638 | INFO  | DNAudit | user=null | ip=null | op=WRITE_CHUNK {blockData=conID: 1 locID: 102654965998944709 bcsId: 0} | ret=SUCCESS |  
2019-08-21 12:27:57,641 | INFO  | DNAudit | user=null | ip=null | op=WRITE_CHUNK {blockData=conID: 1 locID: 102654965998944709 bcsId: 0} | ret=SUCCESS |  
2019-08-21 12:27:57,641 | INFO  | DNAudit | user=null | ip=null | op=WRITE_CHUNK {blockData=conID: 1 locID: 102654965998944709 bcsId: 0} | ret=SUCCESS |  
2019-08-21 12:27:57,643 | INFO  | DNAudit | user=null | ip=null | op=WRITE_CHUNK {blockData=conID: 1 locID: 102654965998944709 bcsId: 0} | ret=SUCCESS |  
2019-08-21 12:27:57,644 | INFO  | DNAudit | user=null | ip=null | op=WRITE_CHUNK {blockData=conID: 1 locID: 102654965998944709 bcsId: 0} | ret=SUCCESS |  
2019-08-21 12:27:57,649 | INFO  | DNAudit | user=null | ip=null | op=WRITE_CHUNK {blockData=conID: 1 locID: 102654965998944709 bcsId: 0} | ret=SUCCESS |  
2019-08-21 12:27:57,649 | INFO  | DNAudit | user=null | ip=null | op=PUT_BLOCK {blockData=[blockId=conID: 1 locID: 102654965998944709 bcsId: 0,size=1048576]} | ret=SUCCESS |  
2019-08-21 12:27:57,649 [grpc-default-executor-5] INFO  client.GrpcClientProtocolClient (GrpcClientProtocolClient.java:onNext(255)) - client-C954105195FD->270584e6-a4a8-4db5-8151-214655ce1a56: receive RaftClientReply:client-C954105195FD->270584e6-a4a8-4db5-8151-214655ce1a56@group-787F5BA3AA67, cid=1095, SUCCESS, logIndex=1497, commits[270584e6-a4a8-4db5-8151-214655ce1a56:c1498, af078b8b-61ec-497f-9506-472d46a72462:c1496, 09fb9ab4-1b8d-44c0-9f8c-50855c6f1fed:c1496]
2019-08-21 12:27:57,650 | INFO  | DNAudit | user=null | ip=null | op=WRITE_CHUNK {blockData=conID: 1 locID: 102654965998944709 bcsId: 0} | ret=SUCCESS |  
2019-08-21 12:27:57,650 [grpc-default-executor-1] INFO  client.GrpcClientProtocolClient (GrpcClientProtocolClient.java:onNext(255)) - client-C954105195FD->270584e6-a4a8-4db5-8151-214655ce1a56: receive RaftClientReply:client-C954105195FD->270584e6-a4a8-4db5-8151-214655ce1a56@group-787F5BA3AA67, cid=1096, SUCCESS, logIndex=1498, commits[270584e6-a4a8-4db5-8151-214655ce1a56:c1498, af078b8b-61ec-497f-9506-472d46a72462:c1496, 09fb9ab4-1b8d-44c0-9f8c-50855c6f1fed:c1496]
2019-08-21 12:27:57,650 | INFO  | DNAudit | user=null | ip=null | op=PUT_BLOCK {blockData=[blockId=conID: 1 locID: 102654965998944709 bcsId: 0,size=2097152]} | ret=SUCCESS |  
2019-08-21 12:27:57,651 [grpc-default-executor-4] INFO  client.GrpcClientProtocolClient (GrpcClientProtocolClient.java:onNext(255)) - client-C954105195FD->270584e6-a4a8-4db5-8151-214655ce1a56: receive RaftClientReply:client-C954105195FD->270584e6-a4a8-4db5-8151-214655ce1a56@group-787F5BA3AA67, cid=1097, SUCCESS, logIndex=1499, commits[270584e6-a4a8-4db5-8151-214655ce1a56:c1499, af078b8b-61ec-497f-9506-472d46a72462:c1496, 09fb9ab4-1b8d-44c0-9f8c-50855c6f1fed:c1496]
2019-08-21 12:27:57,651 | INFO  | DNAudit | user=null | ip=null | op=WRITE_CHUNK {blockData=conID: 1 locID: 102654965998944709 bcsId: 0} | ret=SUCCESS |  
2019-08-21 12:27:57,651 | INFO  | DNAudit | user=null | ip=null | op=PUT_BLOCK {blockData=[blockId=conID: 1 locID: 102654965998944709 bcsId: 0,size=1048576]} | ret=SUCCESS |  
2019-08-21 12:27:57,651 [grpc-default-executor-2] INFO  client.GrpcClientProtocolClient (GrpcClientProtocolClient.java:onNext(255)) - client-C954105195FD->270584e6-a4a8-4db5-8151-214655ce1a56: receive RaftClientReply:client-C954105195FD->270584e6-a4a8-4db5-8151-214655ce1a56@group-787F5BA3AA67, cid=1098, SUCCESS, logIndex=1500, commits[270584e6-a4a8-4db5-8151-214655ce1a56:c1500, af078b8b-61ec-497f-9506-472d46a72462:c1496, 09fb9ab4-1b8d-44c0-9f8c-50855c6f1fed:c1496]
2019-08-21 12:27:57,652 | INFO  | DNAudit | user=null | ip=null | op=WRITE_CHUNK {blockData=conID: 1 locID: 102654965998944709 bcsId: 0} | ret=SUCCESS |  
2019-08-21 12:27:57,652 | INFO  | DNAudit | user=null | ip=null | op=PUT_BLOCK {blockData=[blockId=conID: 1 locID: 102654965998944709 bcsId: 0,size=1048576]} | ret=SUCCESS |  
2019-08-21 12:27:57,652 | INFO  | DNAudit | user=null | ip=null | op=WRITE_CHUNK {blockData=conID: 1 locID: 102654965998944709 bcsId: 0} | ret=SUCCESS |  
2019-08-21 12:27:57,652 | INFO  | DNAudit | user=null | ip=null | op=WRITE_CHUNK {blockData=conID: 1 locID: 102654965998944709 bcsId: 0} | ret=SUCCESS |  
2019-08-21 12:27:57,653 | INFO  | DNAudit | user=null | ip=null | op=PUT_BLOCK {blockData=[blockId=conID: 1 locID: 102654965998944709 bcsId: 0,size=2097152]} | ret=SUCCESS |  
2019-08-21 12:27:57,653 [grpc-default-executor-2] INFO  client.GrpcClientProtocolClient (GrpcClientProtocolClient.java:onNext(255)) - client-C954105195FD->270584e6-a4a8-4db5-8151-214655ce1a56: receive RaftClientReply:client-C954105195FD->270584e6-a4a8-4db5-8151-214655ce1a56@group-787F5BA3AA67, cid=1099, SUCCESS, logIndex=0, commits[270584e6-a4a8-4db5-8151-214655ce1a56:c1503, af078b8b-61ec-497f-9506-472d46a72462:c1499, 09fb9ab4-1b8d-44c0-9f8c-50855c6f1fed:c1498]
2019-08-21 12:27:57,653 | INFO  | DNAudit | user=null | ip=null | op=PUT_BLOCK {blockData=[blockId=conID: 1 locID: 102654965998944709 bcsId: 0,size=2097152]} | ret=SUCCESS |  
2019-08-21 12:27:57,661 | INFO  | DNAudit | user=null | ip=null | op=WRITE_CHUNK {blockData=conID: 1 locID: 102654965998944709 bcsId: 1500} | ret=SUCCESS |  
2019-08-21 12:27:57,663 | INFO  | DNAudit | user=null | ip=null | op=WRITE_CHUNK {blockData=conID: 1 locID: 102654965998944709 bcsId: 1500} | ret=SUCCESS |  
2019-08-21 12:27:57,664 | INFO  | DNAudit | user=null | ip=null | op=WRITE_CHUNK {blockData=conID: 1 locID: 102654965998944709 bcsId: 1500} | ret=SUCCESS |  
2019-08-21 12:27:57,674 | INFO  | DNAudit | user=null | ip=null | op=WRITE_CHUNK {blockData=conID: 1 locID: 102654965998944709 bcsId: 1500} | ret=SUCCESS |  
2019-08-21 12:27:57,674 | INFO  | DNAudit | user=null | ip=null | op=PUT_BLOCK {blockData=[blockId=conID: 1 locID: 102654965998944709 bcsId: 0,size=3145728]} | ret=SUCCESS |  
2019-08-21 12:27:57,674 [grpc-default-executor-4] INFO  client.GrpcClientProtocolClient (GrpcClientProtocolClient.java:onNext(255)) - client-C954105195FD->270584e6-a4a8-4db5-8151-214655ce1a56: receive RaftClientReply:client-C954105195FD->270584e6-a4a8-4db5-8151-214655ce1a56@group-787F5BA3AA67, cid=1100, SUCCESS, logIndex=1505, commits[270584e6-a4a8-4db5-8151-214655ce1a56:c1506, af078b8b-61ec-497f-9506-472d46a72462:c1504, 09fb9ab4-1b8d-44c0-9f8c-50855c6f1fed:c1504]
2019-08-21 12:27:57,675 [grpc-default-executor-4] INFO  client.GrpcClientProtocolClient (GrpcClientProtocolClient.java:onNext(255)) - client-C954105195FD->270584e6-a4a8-4db5-8151-214655ce1a56: receive RaftClientReply:client-C954105195FD->270584e6-a4a8-4db5-8151-214655ce1a56@group-787F5BA3AA67, cid=1101, SUCCESS, logIndex=1506, commits[270584e6-a4a8-4db5-8151-214655ce1a56:c1506, af078b8b-61ec-497f-9506-472d46a72462:c1504, 09fb9ab4-1b8d-44c0-9f8c-50855c6f1fed:c1504]
2019-08-21 12:27:57,682 | INFO  | DNAudit | user=null | ip=null | op=WRITE_CHUNK {blockData=conID: 1 locID: 102654965998944709 bcsId: 1506} | ret=SUCCESS |  
2019-08-21 12:27:57,684 | INFO  | DNAudit | user=null | ip=null | op=WRITE_CHUNK {blockData=conID: 1 locID: 102654965998944709 bcsId: 1506} | ret=SUCCESS |  
2019-08-21 12:27:57,685 | INFO  | DNAudit | user=null | ip=null | op=WRITE_CHUNK {blockData=conID: 1 locID: 102654965998944709 bcsId: 1506} | ret=SUCCESS |  
2019-08-21 12:27:57,685 | INFO  | DNAudit | user=null | ip=null | op=WRITE_CHUNK {blockData=conID: 1 locID: 102654965998944709 bcsId: 1500} | ret=SUCCESS |  
2019-08-21 12:27:57,685 | INFO  | DNAudit | user=null | ip=null | op=WRITE_CHUNK {blockData=conID: 1 locID: 102654965998944709 bcsId: 1500} | ret=SUCCESS |  
2019-08-21 12:27:57,687 | INFO  | DNAudit | user=null | ip=null | op=PUT_BLOCK {blockData=[blockId=conID: 1 locID: 102654965998944709 bcsId: 0,size=3145728]} | ret=SUCCESS |  
2019-08-21 12:27:57,687 | INFO  | DNAudit | user=null | ip=null | op=WRITE_CHUNK {blockData=conID: 1 locID: 102654965998944709 bcsId: 1506} | ret=SUCCESS |  
2019-08-21 12:27:57,687 | INFO  | DNAudit | user=null | ip=null | op=PUT_BLOCK {blockData=[blockId=conID: 1 locID: 102654965998944709 bcsId: 0,size=3145728]} | ret=SUCCESS |  
2019-08-21 12:27:57,688 | INFO  | DNAudit | user=null | ip=null | op=PUT_BLOCK {blockData=[blockId=conID: 1 locID: 102654965998944709 bcsId: 0,size=4194304]} | ret=SUCCESS |  
2019-08-21 12:27:57,688 [grpc-default-executor-4] INFO  client.GrpcClientProtocolClient (GrpcClientProtocolClient.java:onNext(255)) - client-C954105195FD->270584e6-a4a8-4db5-8151-214655ce1a56: receive RaftClientReply:client-C954105195FD->270584e6-a4a8-4db5-8151-214655ce1a56@group-787F5BA3AA67, cid=1102, SUCCESS, logIndex=1509, commits[270584e6-a4a8-4db5-8151-214655ce1a56:c1510, af078b8b-61ec-497f-9506-472d46a72462:c1506, 09fb9ab4-1b8d-44c0-9f8c-50855c6f1fed:c1505]
2019-08-21 12:27:57,688 [grpc-default-executor-4] INFO  client.GrpcClientProtocolClient (GrpcClientProtocolClient.java:onNext(255)) - client-C954105195FD->270584e6-a4a8-4db5-8151-214655ce1a56: receive RaftClientReply:client-C954105195FD->270584e6-a4a8-4db5-8151-214655ce1a56@group-787F5BA3AA67, cid=1103, SUCCESS, logIndex=1510, commits[270584e6-a4a8-4db5-8151-214655ce1a56:c1510, af078b8b-61ec-497f-9506-472d46a72462:c1506, 09fb9ab4-1b8d-44c0-9f8c-50855c6f1fed:c1506]
2019-08-21 12:27:57,689 | INFO  | DNAudit | user=null | ip=null | op=WRITE_CHUNK {blockData=conID: 1 locID: 102654965998944709 bcsId: 1506} | ret=SUCCESS |  
2019-08-21 12:27:57,689 | INFO  | DNAudit | user=null | ip=null | op=PUT_BLOCK {blockData=[blockId=conID: 1 locID: 102654965998944709 bcsId: 0,size=4194304]} | ret=SUCCESS |  
2019-08-21 12:27:57,689 | INFO  | DNAudit | user=null | ip=null | op=WRITE_CHUNK {blockData=conID: 1 locID: 102654965998944709 bcsId: 1506} | ret=SUCCESS |  
2019-08-21 12:27:57,689 | INFO  | DNAudit | user=null | ip=null | op=PUT_BLOCK {blockData=[blockId=conID: 1 locID: 102654965998944709 bcsId: 0,size=4194304]} | ret=SUCCESS |  
2019-08-21 12:27:57,690 [grpc-default-executor-4] INFO  client.GrpcClientProtocolClient (GrpcClientProtocolClient.java:onNext(255)) - client-C954105195FD->270584e6-a4a8-4db5-8151-214655ce1a56: receive RaftClientReply:client-C954105195FD->270584e6-a4a8-4db5-8151-214655ce1a56@group-787F5BA3AA67, cid=1104, SUCCESS, logIndex=0, commits[270584e6-a4a8-4db5-8151-214655ce1a56:c1511, af078b8b-61ec-497f-9506-472d46a72462:c1510, 09fb9ab4-1b8d-44c0-9f8c-50855c6f1fed:c1510]
2019-08-21 12:27:57,696 | INFO  | DNAudit | user=null | ip=null | op=WRITE_CHUNK {blockData=conID: 2 locID: 102654965998944710 bcsId: 0} | ret=SUCCESS |  
2019-08-21 12:27:57,699 | INFO  | DNAudit | user=null | ip=null | op=WRITE_CHUNK {blockData=conID: 2 locID: 102654965998944710 bcsId: 0} | ret=SUCCESS |  
2019-08-21 12:27:57,700 | INFO  | DNAudit | user=null | ip=null | op=WRITE_CHUNK {blockData=conID: 2 locID: 102654965998944710 bcsId: 0} | ret=SUCCESS |  
2019-08-21 12:27:57,700 | INFO  | DNAudit | user=null | ip=null | op=WRITE_CHUNK {blockData=conID: 2 locID: 102654965998944710 bcsId: 0} | ret=SUCCESS |  
2019-08-21 12:27:57,702 | INFO  | DNAudit | user=null | ip=null | op=WRITE_CHUNK {blockData=conID: 2 locID: 102654965998944710 bcsId: 0} | ret=SUCCESS |  
2019-08-21 12:27:57,703 | INFO  | DNAudit | user=null | ip=null | op=WRITE_CHUNK {blockData=conID: 2 locID: 102654965998944710 bcsId: 0} | ret=SUCCESS |  
2019-08-21 12:27:57,709 | INFO  | DNAudit | user=null | ip=null | op=WRITE_CHUNK {blockData=conID: 2 locID: 102654965998944710 bcsId: 0} | ret=SUCCESS |  
2019-08-21 12:27:57,710 | INFO  | DNAudit | user=null | ip=null | op=PUT_BLOCK {blockData=[blockId=conID: 2 locID: 102654965998944710 bcsId: 0,size=1048576]} | ret=SUCCESS |  
2019-08-21 12:27:57,710 [grpc-default-executor-4] INFO  client.GrpcClientProtocolClient (GrpcClientProtocolClient.java:onNext(255)) - client-C954105195FD->270584e6-a4a8-4db5-8151-214655ce1a56: receive RaftClientReply:client-C954105195FD->270584e6-a4a8-4db5-8151-214655ce1a56@group-787F5BA3AA67, cid=1105, SUCCESS, logIndex=1513, commits[270584e6-a4a8-4db5-8151-214655ce1a56:c1514, af078b8b-61ec-497f-9506-472d46a72462:c1512, 09fb9ab4-1b8d-44c0-9f8c-50855c6f1fed:c1512]
2019-08-21 12:27:57,710 [grpc-default-executor-4] INFO  client.GrpcClientProtocolClient (GrpcClientProtocolClient.java:onNext(255)) - client-C954105195FD->270584e6-a4a8-4db5-8151-214655ce1a56: receive RaftClientReply:client-C954105195FD->270584e6-a4a8-4db5-8151-214655ce1a56@group-787F5BA3AA67, cid=1106, SUCCESS, logIndex=1514, commits[270584e6-a4a8-4db5-8151-214655ce1a56:c1514, af078b8b-61ec-497f-9506-472d46a72462:c1512, 09fb9ab4-1b8d-44c0-9f8c-50855c6f1fed:c1512]
2019-08-21 12:27:57,721 | INFO  | DNAudit | user=null | ip=null | op=WRITE_CHUNK {blockData=conID: 2 locID: 102654965998944710 bcsId: 0} | ret=SUCCESS |  
2019-08-21 12:27:57,721 | INFO  | DNAudit | user=null | ip=null | op=WRITE_CHUNK {blockData=conID: 2 locID: 102654965998944710 bcsId: 0} | ret=SUCCESS |  
2019-08-21 12:27:57,722 | INFO  | DNAudit | user=null | ip=null | op=PUT_BLOCK {blockData=[blockId=conID: 2 locID: 102654965998944710 bcsId: 0,size=2097152]} | ret=SUCCESS |  
2019-08-21 12:27:57,722 | INFO  | DNAudit | user=null | ip=null | op=PUT_BLOCK {blockData=[blockId=conID: 2 locID: 102654965998944710 bcsId: 0,size=1048576]} | ret=SUCCESS |  
2019-08-21 12:27:57,722 [grpc-default-executor-2] INFO  client.GrpcClientProtocolClient (GrpcClientProtocolClient.java:onNext(255)) - client-C954105195FD->270584e6-a4a8-4db5-8151-214655ce1a56: receive RaftClientReply:client-C954105195FD->270584e6-a4a8-4db5-8151-214655ce1a56@group-787F5BA3AA67, cid=1107, SUCCESS, logIndex=1515, commits[270584e6-a4a8-4db5-8151-214655ce1a56:c1516, af078b8b-61ec-497f-9506-472d46a72462:c1512, 09fb9ab4-1b8d-44c0-9f8c-50855c6f1fed:c1512]
2019-08-21 12:27:57,722 [grpc-default-executor-2] INFO  client.GrpcClientProtocolClient (GrpcClientProtocolClient.java:onNext(255)) - client-C954105195FD->270584e6-a4a8-4db5-8151-214655ce1a56: receive RaftClientReply:client-C954105195FD->270584e6-a4a8-4db5-8151-214655ce1a56@group-787F5BA3AA67, cid=1108, SUCCESS, logIndex=1516, commits[270584e6-a4a8-4db5-8151-214655ce1a56:c1517, af078b8b-61ec-497f-9506-472d46a72462:c1512, 09fb9ab4-1b8d-44c0-9f8c-50855c6f1fed:c1514]
2019-08-21 12:27:57,723 | INFO  | DNAudit | user=null | ip=null | op=WRITE_CHUNK {blockData=conID: 2 locID: 102654965998944710 bcsId: 0} | ret=SUCCESS |  
2019-08-21 12:27:57,724 | INFO  | DNAudit | user=null | ip=null | op=PUT_BLOCK {blockData=[blockId=conID: 2 locID: 102654965998944710 bcsId: 0,size=1048576]} | ret=SUCCESS |  
2019-08-21 12:27:57,724 [grpc-default-executor-2] INFO  client.GrpcClientProtocolClient (GrpcClientProtocolClient.java:onNext(255)) - client-C954105195FD->270584e6-a4a8-4db5-8151-214655ce1a56: receive RaftClientReply:client-C954105195FD->270584e6-a4a8-4db5-8151-214655ce1a56@group-787F5BA3AA67, cid=1109, SUCCESS, logIndex=0, commits[270584e6-a4a8-4db5-8151-214655ce1a56:c1518, af078b8b-61ec-497f-9506-472d46a72462:c1514, 09fb9ab4-1b8d-44c0-9f8c-50855c6f1fed:c1514]
2019-08-21 12:27:57,725 | INFO  | DNAudit | user=null | ip=null | op=WRITE_CHUNK {blockData=conID: 2 locID: 102654965998944710 bcsId: 0} | ret=SUCCESS |  
2019-08-21 12:27:57,725 | INFO  | DNAudit | user=null | ip=null | op=PUT_BLOCK {blockData=[blockId=conID: 2 locID: 102654965998944710 bcsId: 0,size=2097152]} | ret=SUCCESS |  
2019-08-21 12:27:57,725 | INFO  | DNAudit | user=null | ip=null | op=WRITE_CHUNK {blockData=conID: 2 locID: 102654965998944710 bcsId: 0} | ret=SUCCESS |  
2019-08-21 12:27:57,725 | INFO  | DNAudit | user=null | ip=null | op=PUT_BLOCK {blockData=[blockId=conID: 2 locID: 102654965998944710 bcsId: 0,size=2097152]} | ret=SUCCESS |  
2019-08-21 12:27:57,731 | INFO  | DNAudit | user=null | ip=null | op=WRITE_CHUNK {blockData=conID: 2 locID: 102654965998944710 bcsId: 1516} | ret=SUCCESS |  
2019-08-21 12:27:57,733 | INFO  | DNAudit | user=null | ip=null | op=WRITE_CHUNK {blockData=conID: 2 locID: 102654965998944710 bcsId: 1516} | ret=SUCCESS |  
2019-08-21 12:27:57,734 | INFO  | DNAudit | user=null | ip=null | op=WRITE_CHUNK {blockData=conID: 2 locID: 102654965998944710 bcsId: 1516} | ret=SUCCESS |  
2019-08-21 12:27:57,735 | INFO  | DNAudit | user=null | ip=null | op=WRITE_CHUNK {blockData=conID: 2 locID: 102654965998944710 bcsId: 1516} | ret=SUCCESS |  
2019-08-21 12:27:57,736 | INFO  | DNAudit | user=null | ip=null | op=PUT_BLOCK {blockData=[blockId=conID: 2 locID: 102654965998944710 bcsId: 0,size=3145728]} | ret=SUCCESS |  
2019-08-21 12:27:57,736 [grpc-default-executor-2] INFO  client.GrpcClientProtocolClient (GrpcClientProtocolClient.java:onNext(255)) - client-C954105195FD->270584e6-a4a8-4db5-8151-214655ce1a56: receive RaftClientReply:client-C954105195FD->270584e6-a4a8-4db5-8151-214655ce1a56@group-787F5BA3AA67, cid=1110, SUCCESS, logIndex=1521, commits[270584e6-a4a8-4db5-8151-214655ce1a56:c1522, af078b8b-61ec-497f-9506-472d46a72462:c1520, 09fb9ab4-1b8d-44c0-9f8c-50855c6f1fed:c1516]
2019-08-21 12:27:57,736 [grpc-default-executor-2] INFO  client.GrpcClientProtocolClient (GrpcClientProtocolClient.java:onNext(255)) - client-C954105195FD->270584e6-a4a8-4db5-8151-214655ce1a56: receive RaftClientReply:client-C954105195FD->270584e6-a4a8-4db5-8151-214655ce1a56@group-787F5BA3AA67, cid=1111, SUCCESS, logIndex=1522, commits[270584e6-a4a8-4db5-8151-214655ce1a56:c1522, af078b8b-61ec-497f-9506-472d46a72462:c1520, 09fb9ab4-1b8d-44c0-9f8c-50855c6f1fed:c1520]
2019-08-21 12:27:57,737 | INFO  | DNAudit | user=null | ip=null | op=WRITE_CHUNK {blockData=conID: 2 locID: 102654965998944710 bcsId: 1516} | ret=SUCCESS |  
2019-08-21 12:27:57,737 | INFO  | DNAudit | user=null | ip=null | op=PUT_BLOCK {blockData=[blockId=conID: 2 locID: 102654965998944710 bcsId: 0,size=3145728]} | ret=SUCCESS |  
2019-08-21 12:27:57,737 | INFO  | DNAudit | user=null | ip=null | op=WRITE_CHUNK {blockData=conID: 2 locID: 102654965998944710 bcsId: 1516} | ret=SUCCESS |  
2019-08-21 12:27:57,738 | INFO  | DNAudit | user=null | ip=null | op=PUT_BLOCK {blockData=[blockId=conID: 2 locID: 102654965998944710 bcsId: 0,size=3145728]} | ret=SUCCESS |  
2019-08-21 12:27:57,743 | INFO  | DNAudit | user=null | ip=null | op=WRITE_CHUNK {blockData=conID: 2 locID: 102654965998944710 bcsId: 1522} | ret=SUCCESS |  
2019-08-21 12:27:57,746 | INFO  | DNAudit | user=null | ip=null | op=WRITE_CHUNK {blockData=conID: 2 locID: 102654965998944710 bcsId: 1522} | ret=SUCCESS |  
2019-08-21 12:27:57,746 | INFO  | DNAudit | user=null | ip=null | op=WRITE_CHUNK {blockData=conID: 2 locID: 102654965998944710 bcsId: 1522} | ret=SUCCESS |  
2019-08-21 12:27:57,748 | INFO  | DNAudit | user=null | ip=null | op=WRITE_CHUNK {blockData=conID: 2 locID: 102654965998944710 bcsId: 1522} | ret=SUCCESS |  
2019-08-21 12:27:57,749 | INFO  | DNAudit | user=null | ip=null | op=PUT_BLOCK {blockData=[blockId=conID: 2 locID: 102654965998944710 bcsId: 0,size=4194304]} | ret=SUCCESS |  
2019-08-21 12:27:57,749 [grpc-default-executor-2] INFO  client.GrpcClientProtocolClient (GrpcClientProtocolClient.java:onNext(255)) - client-C954105195FD->270584e6-a4a8-4db5-8151-214655ce1a56: receive RaftClientReply:client-C954105195FD->270584e6-a4a8-4db5-8151-214655ce1a56@group-787F5BA3AA67, cid=1112, SUCCESS, logIndex=1525, commits[270584e6-a4a8-4db5-8151-214655ce1a56:c1526, af078b8b-61ec-497f-9506-472d46a72462:c1524, 09fb9ab4-1b8d-44c0-9f8c-50855c6f1fed:c1522]
2019-08-21 12:27:57,749 [grpc-default-executor-2] INFO  client.GrpcClientProtocolClient (GrpcClientProtocolClient.java:onNext(255)) - client-C954105195FD->270584e6-a4a8-4db5-8151-214655ce1a56: receive RaftClientReply:client-C954105195FD->270584e6-a4a8-4db5-8151-214655ce1a56@group-787F5BA3AA67, cid=1113, SUCCESS, logIndex=1526, commits[270584e6-a4a8-4db5-8151-214655ce1a56:c1526, af078b8b-61ec-497f-9506-472d46a72462:c1524, 09fb9ab4-1b8d-44c0-9f8c-50855c6f1fed:c1524]
2019-08-21 12:27:57,749 | INFO  | DNAudit | user=null | ip=null | op=WRITE_CHUNK {blockData=conID: 2 locID: 102654965998944710 bcsId: 1522} | ret=SUCCESS |  
2019-08-21 12:27:57,750 | INFO  | DNAudit | user=null | ip=null | op=WRITE_CHUNK {blockData=conID: 2 locID: 102654965998944710 bcsId: 1522} | ret=SUCCESS |  
2019-08-21 12:27:57,750 | INFO  | DNAudit | user=null | ip=null | op=PUT_BLOCK {blockData=[blockId=conID: 2 locID: 102654965998944710 bcsId: 0,size=4194304]} | ret=SUCCESS |  
2019-08-21 12:27:57,751 | INFO  | DNAudit | user=null | ip=null | op=PUT_BLOCK {blockData=[blockId=conID: 2 locID: 102654965998944710 bcsId: 0,size=4194304]} | ret=SUCCESS |  
2019-08-21 12:27:57,751 [grpc-default-executor-2] INFO  client.GrpcClientProtocolClient (GrpcClientProtocolClient.java:onNext(255)) - client-C954105195FD->270584e6-a4a8-4db5-8151-214655ce1a56: receive RaftClientReply:client-C954105195FD->270584e6-a4a8-4db5-8151-214655ce1a56@group-787F5BA3AA67, cid=1114, SUCCESS, logIndex=0, commits[270584e6-a4a8-4db5-8151-214655ce1a56:c1527, af078b8b-61ec-497f-9506-472d46a72462:c1526, 09fb9ab4-1b8d-44c0-9f8c-50855c6f1fed:c1526]
2019-08-21 12:27:57,758 | INFO  | DNAudit | user=null | ip=null | op=WRITE_CHUNK {blockData=conID: 3 locID: 102654965998944711 bcsId: 0} | ret=SUCCESS |  
2019-08-21 12:27:57,761 | INFO  | DNAudit | user=null | ip=null | op=WRITE_CHUNK {blockData=conID: 3 locID: 102654965998944711 bcsId: 0} | ret=SUCCESS |  
2019-08-21 12:27:57,761 | INFO  | DNAudit | user=null | ip=null | op=WRITE_CHUNK {blockData=conID: 3 locID: 102654965998944711 bcsId: 0} | ret=SUCCESS |  
2019-08-21 12:27:57,762 | INFO  | DNAudit | user=null | ip=null | op=WRITE_CHUNK {blockData=conID: 3 locID: 102654965998944711 bcsId: 0} | ret=SUCCESS |  
2019-08-21 12:27:57,764 | INFO  | DNAudit | user=null | ip=null | op=WRITE_CHUNK {blockData=conID: 3 locID: 102654965998944711 bcsId: 0} | ret=SUCCESS |  
2019-08-21 12:27:57,764 | INFO  | DNAudit | user=null | ip=null | op=WRITE_CHUNK {blockData=conID: 3 locID: 102654965998944711 bcsId: 0} | ret=SUCCESS |  
2019-08-21 12:27:57,764 | INFO  | DNAudit | user=null | ip=null | op=WRITE_CHUNK {blockData=conID: 3 locID: 102654965998944711 bcsId: 0} | ret=SUCCESS |  
2019-08-21 12:27:57,765 | INFO  | DNAudit | user=null | ip=null | op=PUT_BLOCK {blockData=[blockId=conID: 3 locID: 102654965998944711 bcsId: 0,size=1048576]} | ret=SUCCESS |  
2019-08-21 12:27:57,765 [grpc-default-executor-1] INFO  client.GrpcClientProtocolClient (GrpcClientProtocolClient.java:onNext(255)) - client-C954105195FD->270584e6-a4a8-4db5-8151-214655ce1a56: receive RaftClientReply:client-C954105195FD->270584e6-a4a8-4db5-8151-214655ce1a56@group-787F5BA3AA67, cid=1115, SUCCESS, logIndex=1529, commits[270584e6-a4a8-4db5-8151-214655ce1a56:c1530, af078b8b-61ec-497f-9506-472d46a72462:c1528, 09fb9ab4-1b8d-44c0-9f8c-50855c6f1fed:c1528]
2019-08-21 12:27:57,765 [grpc-default-executor-1] INFO  client.GrpcClientProtocolClient (GrpcClientProtocolClient.java:onNext(255)) - client-C954105195FD->270584e6-a4a8-4db5-8151-214655ce1a56: receive RaftClientReply:client-C954105195FD->270584e6-a4a8-4db5-8151-214655ce1a56@group-787F5BA3AA67, cid=1116, SUCCESS, logIndex=1530, commits[270584e6-a4a8-4db5-8151-214655ce1a56:c1530, af078b8b-61ec-497f-9506-472d46a72462:c1528, 09fb9ab4-1b8d-44c0-9f8c-50855c6f1fed:c1528]
2019-08-21 12:27:57,767 | INFO  | DNAudit | user=null | ip=null | op=WRITE_CHUNK {blockData=conID: 3 locID: 102654965998944711 bcsId: 0} | ret=SUCCESS |  
2019-08-21 12:27:57,767 | INFO  | DNAudit | user=null | ip=null | op=WRITE_CHUNK {blockData=conID: 3 locID: 102654965998944711 bcsId: 0} | ret=SUCCESS |  
2019-08-21 12:27:57,767 | INFO  | DNAudit | user=null | ip=null | op=PUT_BLOCK {blockData=[blockId=conID: 3 locID: 102654965998944711 bcsId: 0,size=1048576]} | ret=SUCCESS |  
2019-08-21 12:27:57,768 | INFO  | DNAudit | user=null | ip=null | op=WRITE_CHUNK {blockData=conID: 3 locID: 102654965998944711 bcsId: 0} | ret=SUCCESS |  
2019-08-21 12:27:57,768 | INFO  | DNAudit | user=null | ip=null | op=PUT_BLOCK {blockData=[blockId=conID: 3 locID: 102654965998944711 bcsId: 0,size=1048576]} | ret=SUCCESS |  
2019-08-21 12:27:57,768 | INFO  | DNAudit | user=null | ip=null | op=PUT_BLOCK {blockData=[blockId=conID: 3 locID: 102654965998944711 bcsId: 0,size=2097152]} | ret=SUCCESS |  
2019-08-21 12:27:57,768 [grpc-default-executor-2] INFO  client.GrpcClientProtocolClient (GrpcClientProtocolClient.java:onNext(255)) - client-C954105195FD->270584e6-a4a8-4db5-8151-214655ce1a56: receive RaftClientReply:client-C954105195FD->270584e6-a4a8-4db5-8151-214655ce1a56@group-787F5BA3AA67, cid=1117, SUCCESS, logIndex=1531, commits[270584e6-a4a8-4db5-8151-214655ce1a56:c1534, af078b8b-61ec-497f-9506-472d46a72462:c1530, 09fb9ab4-1b8d-44c0-9f8c-50855c6f1fed:c1530]
2019-08-21 12:27:57,768 [grpc-default-executor-2] INFO  client.GrpcClientProtocolClient (GrpcClientProtocolClient.java:onNext(255)) - client-C954105195FD->270584e6-a4a8-4db5-8151-214655ce1a56: receive RaftClientReply:client-C954105195FD->270584e6-a4a8-4db5-8151-214655ce1a56@group-787F5BA3AA67, cid=1118, SUCCESS, logIndex=1532, commits[270584e6-a4a8-4db5-8151-214655ce1a56:c1534, af078b8b-61ec-497f-9506-472d46a72462:c1530, 09fb9ab4-1b8d-44c0-9f8c-50855c6f1fed:c1530]
2019-08-21 12:27:57,921 | INFO  | DNAudit | user=null | ip=null | op=WRITE_CHUNK {blockData=conID: 3 locID: 102654965998944711 bcsId: 0} | ret=SUCCESS |  
2019-08-21 12:27:57,921 | INFO  | DNAudit | user=null | ip=null | op=WRITE_CHUNK {blockData=conID: 3 locID: 102654965998944711 bcsId: 0} | ret=SUCCESS |  
2019-08-21 12:27:57,921 | INFO  | DNAudit | user=null | ip=null | op=PUT_BLOCK {blockData=[blockId=conID: 3 locID: 102654965998944711 bcsId: 0,size=2097152]} | ret=SUCCESS |  
2019-08-21 12:27:57,921 | INFO  | DNAudit | user=null | ip=null | op=PUT_BLOCK {blockData=[blockId=conID: 3 locID: 102654965998944711 bcsId: 0,size=2097152]} | ret=SUCCESS |  
2019-08-21 12:27:57,925 | INFO  | DNAudit | user=null | ip=null | op=WRITE_CHUNK {blockData=conID: 3 locID: 102654965998944711 bcsId: 1532} | ret=SUCCESS |  
2019-08-21 12:27:57,928 | INFO  | DNAudit | user=null | ip=null | op=WRITE_CHUNK {blockData=conID: 3 locID: 102654965998944711 bcsId: 1532} | ret=SUCCESS |  
2019-08-21 12:27:57,929 | INFO  | DNAudit | user=null | ip=null | op=WRITE_CHUNK {blockData=conID: 3 locID: 102654965998944711 bcsId: 1532} | ret=SUCCESS |  
2019-08-21 12:27:57,938 | INFO  | DNAudit | user=null | ip=null | op=WRITE_CHUNK {blockData=conID: 3 locID: 102654965998944711 bcsId: 1532} | ret=SUCCESS |  
2019-08-21 12:27:57,938 | INFO  | DNAudit | user=null | ip=null | op=PUT_BLOCK {blockData=[blockId=conID: 3 locID: 102654965998944711 bcsId: 0,size=3145728]} | ret=SUCCESS |  
2019-08-21 12:27:57,939 [grpc-default-executor-2] INFO  client.GrpcClientProtocolClient (GrpcClientProtocolClient.java:onNext(255)) - client-C954105195FD->270584e6-a4a8-4db5-8151-214655ce1a56: receive RaftClientReply:client-C954105195FD->270584e6-a4a8-4db5-8151-214655ce1a56@group-787F5BA3AA67, cid=1119, SUCCESS, logIndex=1536, commits[270584e6-a4a8-4db5-8151-214655ce1a56:c1537, af078b8b-61ec-497f-9506-472d46a72462:c1535, 09fb9ab4-1b8d-44c0-9f8c-50855c6f1fed:c1535]
2019-08-21 12:27:57,939 [grpc-default-executor-2] INFO  client.GrpcClientProtocolClient (GrpcClientProtocolClient.java:onNext(255)) - client-C954105195FD->270584e6-a4a8-4db5-8151-214655ce1a56: receive RaftClientReply:client-C954105195FD->270584e6-a4a8-4db5-8151-214655ce1a56@group-787F5BA3AA67, cid=1120, SUCCESS, logIndex=1537, commits[270584e6-a4a8-4db5-8151-214655ce1a56:c1537, af078b8b-61ec-497f-9506-472d46a72462:c1535, 09fb9ab4-1b8d-44c0-9f8c-50855c6f1fed:c1535]
2019-08-21 12:27:57,948 | INFO  | DNAudit | user=null | ip=null | op=WRITE_CHUNK {blockData=conID: 3 locID: 102654965998944711 bcsId: 1537} | ret=SUCCESS |  
2019-08-21 12:27:57,949 | INFO  | DNAudit | user=null | ip=null | op=WRITE_CHUNK {blockData=conID: 3 locID: 102654965998944711 bcsId: 1532} | ret=SUCCESS |  
2019-08-21 12:27:57,950 | INFO  | DNAudit | user=null | ip=null | op=WRITE_CHUNK {blockData=conID: 3 locID: 102654965998944711 bcsId: 1532} | ret=SUCCESS |  
2019-08-21 12:27:57,950 | INFO  | DNAudit | user=null | ip=null | op=WRITE_CHUNK {blockData=conID: 3 locID: 102654965998944711 bcsId: 1537} | ret=SUCCESS |  
2019-08-21 12:27:57,951 | INFO  | DNAudit | user=null | ip=null | op=PUT_BLOCK {blockData=[blockId=conID: 3 locID: 102654965998944711 bcsId: 0,size=3145728]} | ret=SUCCESS |  
2019-08-21 12:27:57,951 | INFO  | DNAudit | user=null | ip=null | op=WRITE_CHUNK {blockData=conID: 3 locID: 102654965998944711 bcsId: 1537} | ret=SUCCESS |  
2019-08-21 12:27:57,959 | INFO  | SCMAudit | user=jenkins1000 | ip=192.168.34.23 | op=SEND_HEARTBEAT {datanodeUUID=39ae8c09-9b4b-4ddc-906b-4e52d104e1b1, command=[]} | ret=SUCCESS |  
2019-08-21 12:27:57,962 | INFO  | DNAudit | user=null | ip=null | op=PUT_BLOCK {blockData=[blockId=conID: 3 locID: 102654965998944711 bcsId: 0,size=3145728]} | ret=SUCCESS |  
2019-08-21 12:27:57,963 | INFO  | DNAudit | user=null | ip=null | op=WRITE_CHUNK {blockData=conID: 3 locID: 102654965998944711 bcsId: 1537} | ret=SUCCESS |  
2019-08-21 12:27:57,964 | INFO  | DNAudit | user=null | ip=null | op=PUT_BLOCK {blockData=[blockId=conID: 3 locID: 102654965998944711 bcsId: 0,size=4194304]} | ret=SUCCESS |  
2019-08-21 12:27:57,964 [grpc-default-executor-1] INFO  client.GrpcClientProtocolClient (GrpcClientProtocolClient.java:onNext(255)) - client-C954105195FD->270584e6-a4a8-4db5-8151-214655ce1a56: receive RaftClientReply:client-C954105195FD->270584e6-a4a8-4db5-8151-214655ce1a56@group-787F5BA3AA67, cid=1121, SUCCESS, logIndex=1540, commits[270584e6-a4a8-4db5-8151-214655ce1a56:c1541, af078b8b-61ec-497f-9506-472d46a72462:c1537, 09fb9ab4-1b8d-44c0-9f8c-50855c6f1fed:c1537]
2019-08-21 12:27:57,964 [grpc-default-executor-1] INFO  client.GrpcClientProtocolClient (GrpcClientProtocolClient.java:onNext(255)) - client-C954105195FD->270584e6-a4a8-4db5-8151-214655ce1a56: receive RaftClientReply:client-C954105195FD->270584e6-a4a8-4db5-8151-214655ce1a56@group-787F5BA3AA67, cid=1122, SUCCESS, logIndex=1541, commits[270584e6-a4a8-4db5-8151-214655ce1a56:c1541, af078b8b-61ec-497f-9506-472d46a72462:c1537, 09fb9ab4-1b8d-44c0-9f8c-50855c6f1fed:c1537]
2019-08-21 12:27:57,974 | INFO  | DNAudit | user=null | ip=null | op=WRITE_CHUNK {blockData=conID: 3 locID: 102654965998944711 bcsId: 1537} | ret=SUCCESS |  
2019-08-21 12:27:57,974 | INFO  | DNAudit | user=null | ip=null | op=WRITE_CHUNK {blockData=conID: 3 locID: 102654965998944711 bcsId: 1537} | ret=SUCCESS |  
2019-08-21 12:27:57,977 | INFO  | DNAudit | user=null | ip=null | op=PUT_BLOCK {blockData=[blockId=conID: 3 locID: 102654965998944711 bcsId: 0,size=4194304]} | ret=SUCCESS |  
2019-08-21 12:27:57,977 | INFO  | DNAudit | user=null | ip=null | op=PUT_BLOCK {blockData=[blockId=conID: 3 locID: 102654965998944711 bcsId: 0,size=4194304]} | ret=SUCCESS |  
2019-08-21 12:27:57,982 [grpc-default-executor-2] INFO  client.GrpcClientProtocolClient (GrpcClientProtocolClient.java:onNext(255)) - client-C954105195FD->270584e6-a4a8-4db5-8151-214655ce1a56: receive RaftClientReply:client-C954105195FD->270584e6-a4a8-4db5-8151-214655ce1a56@group-787F5BA3AA67, cid=1123, SUCCESS, logIndex=0, commits[270584e6-a4a8-4db5-8151-214655ce1a56:c1543, af078b8b-61ec-497f-9506-472d46a72462:c1541, 09fb9ab4-1b8d-44c0-9f8c-50855c6f1fed:c1541]
2019-08-21 12:27:57,983 | INFO  | SCMAudit | user=jenkins1000 | ip=192.168.34.23 | op=SEND_HEARTBEAT {datanodeUUID=0aa4def6-fe9f-4182-b0b1-80406548816f, command=[]} | ret=SUCCESS |  
2019-08-21 12:27:57,990 | INFO  | DNAudit | user=null | ip=null | op=WRITE_CHUNK {blockData=conID: 1 locID: 102654965999010248 bcsId: 0} | ret=SUCCESS |  
2019-08-21 12:27:57,993 | INFO  | DNAudit | user=null | ip=null | op=WRITE_CHUNK {blockData=conID: 1 locID: 102654965999010248 bcsId: 0} | ret=SUCCESS |  
2019-08-21 12:27:57,994 | INFO  | DNAudit | user=null | ip=null | op=WRITE_CHUNK {blockData=conID: 1 locID: 102654965999010248 bcsId: 0} | ret=SUCCESS |  
2019-08-21 12:27:57,995 | INFO  | DNAudit | user=null | ip=null | op=WRITE_CHUNK {blockData=conID: 1 locID: 102654965999010248 bcsId: 0} | ret=SUCCESS |  
2019-08-21 12:27:57,996 | INFO  | DNAudit | user=null | ip=null | op=WRITE_CHUNK {blockData=conID: 1 locID: 102654965999010248 bcsId: 0} | ret=SUCCESS |  
2019-08-21 12:27:57,997 | INFO  | DNAudit | user=null | ip=null | op=WRITE_CHUNK {blockData=conID: 1 locID: 102654965999010248 bcsId: 0} | ret=SUCCESS |  
2019-08-21 12:27:58,003 | INFO  | DNAudit | user=null | ip=null | op=WRITE_CHUNK {blockData=conID: 1 locID: 102654965999010248 bcsId: 0} | ret=SUCCESS |  
2019-08-21 12:27:58,004 | INFO  | DNAudit | user=null | ip=null | op=PUT_BLOCK {blockData=[blockId=conID: 1 locID: 102654965999010248 bcsId: 0,size=1048576]} | ret=SUCCESS |  
2019-08-21 12:27:58,004 | INFO  | DNAudit | user=null | ip=null | op=WRITE_CHUNK {blockData=conID: 1 locID: 102654965999010248 bcsId: 0} | ret=SUCCESS |  
2019-08-21 12:27:58,004 [grpc-default-executor-4] INFO  client.GrpcClientProtocolClient (GrpcClientProtocolClient.java:onNext(255)) - client-C954105195FD->270584e6-a4a8-4db5-8151-214655ce1a56: receive RaftClientReply:client-C954105195FD->270584e6-a4a8-4db5-8151-214655ce1a56@group-787F5BA3AA67, cid=1124, SUCCESS, logIndex=1544, commits[270584e6-a4a8-4db5-8151-214655ce1a56:c1545, af078b8b-61ec-497f-9506-472d46a72462:c1543, 09fb9ab4-1b8d-44c0-9f8c-50855c6f1fed:c1543]
2019-08-21 12:27:58,005 | INFO  | DNAudit | user=null | ip=null | op=PUT_BLOCK {blockData=[blockId=conID: 1 locID: 102654965999010248 bcsId: 0,size=2097152]} | ret=SUCCESS |  
2019-08-21 12:27:58,005 [grpc-default-executor-4] INFO  client.GrpcClientProtocolClient (GrpcClientProtocolClient.java:onNext(255)) - client-C954105195FD->270584e6-a4a8-4db5-8151-214655ce1a56: receive RaftClientReply:client-C954105195FD->270584e6-a4a8-4db5-8151-214655ce1a56@group-787F5BA3AA67, cid=1125, SUCCESS, logIndex=1545, commits[270584e6-a4a8-4db5-8151-214655ce1a56:c1545, af078b8b-61ec-497f-9506-472d46a72462:c1543, 09fb9ab4-1b8d-44c0-9f8c-50855c6f1fed:c1543]
2019-08-21 12:27:58,005 [grpc-default-executor-4] INFO  client.GrpcClientProtocolClient (GrpcClientProtocolClient.java:onNext(255)) - client-C954105195FD->270584e6-a4a8-4db5-8151-214655ce1a56: receive RaftClientReply:client-C954105195FD->270584e6-a4a8-4db5-8151-214655ce1a56@group-787F5BA3AA67, cid=1126, SUCCESS, logIndex=1546, commits[270584e6-a4a8-4db5-8151-214655ce1a56:c1547, af078b8b-61ec-497f-9506-472d46a72462:c1543, 09fb9ab4-1b8d-44c0-9f8c-50855c6f1fed:c1543]
2019-08-21 12:27:58,005 [grpc-default-executor-4] INFO  client.GrpcClientProtocolClient (GrpcClientProtocolClient.java:onNext(255)) - client-C954105195FD->270584e6-a4a8-4db5-8151-214655ce1a56: receive RaftClientReply:client-C954105195FD->270584e6-a4a8-4db5-8151-214655ce1a56@group-787F5BA3AA67, cid=1127, SUCCESS, logIndex=1547, commits[270584e6-a4a8-4db5-8151-214655ce1a56:c1547, af078b8b-61ec-497f-9506-472d46a72462:c1543, 09fb9ab4-1b8d-44c0-9f8c-50855c6f1fed:c1543]
2019-08-21 12:27:58,016 | INFO  | DNAudit | user=null | ip=null | op=WRITE_CHUNK {blockData=conID: 1 locID: 102654965999010248 bcsId: 0} | ret=SUCCESS |  
2019-08-21 12:27:58,017 | INFO  | DNAudit | user=null | ip=null | op=PUT_BLOCK {blockData=[blockId=conID: 1 locID: 102654965999010248 bcsId: 0,size=1048576]} | ret=SUCCESS |  
2019-08-21 12:27:58,017 | INFO  | DNAudit | user=null | ip=null | op=WRITE_CHUNK {blockData=conID: 1 locID: 102654965999010248 bcsId: 0} | ret=SUCCESS |  
2019-08-21 12:27:58,017 | INFO  | DNAudit | user=null | ip=null | op=PUT_BLOCK {blockData=[blockId=conID: 1 locID: 102654965999010248 bcsId: 0,size=1048576]} | ret=SUCCESS |  
2019-08-21 12:27:58,017 | INFO  | DNAudit | user=null | ip=null | op=WRITE_CHUNK {blockData=conID: 1 locID: 102654965999010248 bcsId: 0} | ret=SUCCESS |  
2019-08-21 12:27:58,017 | INFO  | DNAudit | user=null | ip=null | op=WRITE_CHUNK {blockData=conID: 1 locID: 102654965999010248 bcsId: 0} | ret=SUCCESS |  
2019-08-21 12:27:58,017 | INFO  | DNAudit | user=null | ip=null | op=PUT_BLOCK {blockData=[blockId=conID: 1 locID: 102654965999010248 bcsId: 0,size=2097152]} | ret=SUCCESS |  
2019-08-21 12:27:58,018 | INFO  | DNAudit | user=null | ip=null | op=PUT_BLOCK {blockData=[blockId=conID: 1 locID: 102654965999010248 bcsId: 0,size=2097152]} | ret=SUCCESS |  
2019-08-21 12:27:58,018 [grpc-default-executor-2] INFO  client.GrpcClientProtocolClient (GrpcClientProtocolClient.java:onNext(255)) - client-C954105195FD->270584e6-a4a8-4db5-8151-214655ce1a56: receive RaftClientReply:client-C954105195FD->270584e6-a4a8-4db5-8151-214655ce1a56@group-787F5BA3AA67, cid=1128, SUCCESS, logIndex=0, commits[270584e6-a4a8-4db5-8151-214655ce1a56:c1549, af078b8b-61ec-497f-9506-472d46a72462:c1545, 09fb9ab4-1b8d-44c0-9f8c-50855c6f1fed:c1545]
2019-08-21 12:27:58,025 | INFO  | DNAudit | user=null | ip=null | op=WRITE_CHUNK {blockData=conID: 1 locID: 102654965999010248 bcsId: 1547} | ret=SUCCESS |  
2019-08-21 12:27:58,027 | INFO  | DNAudit | user=null | ip=null | op=WRITE_CHUNK {blockData=conID: 1 locID: 102654965999010248 bcsId: 1547} | ret=SUCCESS |  
2019-08-21 12:27:58,028 | INFO  | DNAudit | user=null | ip=null | op=WRITE_CHUNK {blockData=conID: 1 locID: 102654965999010248 bcsId: 1547} | ret=SUCCESS |  
2019-08-21 12:27:58,034 | INFO  | DNAudit | user=null | ip=null | op=WRITE_CHUNK {blockData=conID: 1 locID: 102654965999010248 bcsId: 1547} | ret=SUCCESS |  
2019-08-21 12:27:58,034 | INFO  | DNAudit | user=null | ip=null | op=PUT_BLOCK {blockData=[blockId=conID: 1 locID: 102654965999010248 bcsId: 0,size=3145728]} | ret=SUCCESS |  
2019-08-21 12:27:58,034 [grpc-default-executor-2] INFO  client.GrpcClientProtocolClient (GrpcClientProtocolClient.java:onNext(255)) - client-C954105195FD->270584e6-a4a8-4db5-8151-214655ce1a56: receive RaftClientReply:client-C954105195FD->270584e6-a4a8-4db5-8151-214655ce1a56@group-787F5BA3AA67, cid=1129, SUCCESS, logIndex=1552, commits[270584e6-a4a8-4db5-8151-214655ce1a56:c1553, af078b8b-61ec-497f-9506-472d46a72462:c1551, 09fb9ab4-1b8d-44c0-9f8c-50855c6f1fed:c1551]
2019-08-21 12:27:58,035 [grpc-default-executor-2] INFO  client.GrpcClientProtocolClient (GrpcClientProtocolClient.java:onNext(255)) - client-C954105195FD->270584e6-a4a8-4db5-8151-214655ce1a56: receive RaftClientReply:client-C954105195FD->270584e6-a4a8-4db5-8151-214655ce1a56@group-787F5BA3AA67, cid=1130, SUCCESS, logIndex=1553, commits[270584e6-a4a8-4db5-8151-214655ce1a56:c1553, af078b8b-61ec-497f-9506-472d46a72462:c1551, 09fb9ab4-1b8d-44c0-9f8c-50855c6f1fed:c1551]
2019-08-21 12:27:58,041 | INFO  | DNAudit | user=null | ip=null | op=WRITE_CHUNK {blockData=conID: 1 locID: 102654965999010248 bcsId: 1553} | ret=SUCCESS |  
2019-08-21 12:27:58,043 | INFO  | DNAudit | user=null | ip=null | op=WRITE_CHUNK {blockData=conID: 1 locID: 102654965999010248 bcsId: 1553} | ret=SUCCESS |  
2019-08-21 12:27:58,044 | INFO  | DNAudit | user=null | ip=null | op=WRITE_CHUNK {blockData=conID: 1 locID: 102654965999010248 bcsId: 1553} | ret=SUCCESS |  
2019-08-21 12:27:58,045 | INFO  | DNAudit | user=null | ip=null | op=WRITE_CHUNK {blockData=conID: 1 locID: 102654965999010248 bcsId: 1547} | ret=SUCCESS |  
2019-08-21 12:27:58,045 | INFO  | DNAudit | user=null | ip=null | op=WRITE_CHUNK {blockData=conID: 1 locID: 102654965999010248 bcsId: 1547} | ret=SUCCESS |  
2019-08-21 12:27:58,047 | INFO  | DNAudit | user=null | ip=null | op=PUT_BLOCK {blockData=[blockId=conID: 1 locID: 102654965999010248 bcsId: 0,size=3145728]} | ret=SUCCESS |  
2019-08-21 12:27:58,047 | INFO  | DNAudit | user=null | ip=null | op=PUT_BLOCK {blockData=[blockId=conID: 1 locID: 102654965999010248 bcsId: 0,size=3145728]} | ret=SUCCESS |  
2019-08-21 12:27:58,047 | INFO  | DNAudit | user=null | ip=null | op=WRITE_CHUNK {blockData=conID: 1 locID: 102654965999010248 bcsId: 1553} | ret=SUCCESS |  
2019-08-21 12:27:58,048 | INFO  | DNAudit | user=null | ip=null | op=PUT_BLOCK {blockData=[blockId=conID: 1 locID: 102654965999010248 bcsId: 0,size=4194304]} | ret=SUCCESS |  
2019-08-21 12:27:58,048 [grpc-default-executor-4] INFO  client.GrpcClientProtocolClient (GrpcClientProtocolClient.java:onNext(255)) - client-C954105195FD->270584e6-a4a8-4db5-8151-214655ce1a56: receive RaftClientReply:client-C954105195FD->270584e6-a4a8-4db5-8151-214655ce1a56@group-787F5BA3AA67, cid=1131, SUCCESS, logIndex=1556, commits[270584e6-a4a8-4db5-8151-214655ce1a56:c1557, af078b8b-61ec-497f-9506-472d46a72462:c1553, 09fb9ab4-1b8d-44c0-9f8c-50855c6f1fed:c1553]
2019-08-21 12:27:58,048 [grpc-default-executor-4] INFO  client.GrpcClientProtocolClient (GrpcClientProtocolClient.java:onNext(255)) - client-C954105195FD->270584e6-a4a8-4db5-8151-214655ce1a56: receive RaftClientReply:client-C954105195FD->270584e6-a4a8-4db5-8151-214655ce1a56@group-787F5BA3AA67, cid=1132, SUCCESS, logIndex=1557, commits[270584e6-a4a8-4db5-8151-214655ce1a56:c1557, af078b8b-61ec-497f-9506-472d46a72462:c1553, 09fb9ab4-1b8d-44c0-9f8c-50855c6f1fed:c1553]
2019-08-21 12:27:58,058 | INFO  | DNAudit | user=null | ip=null | op=WRITE_CHUNK {blockData=conID: 1 locID: 102654965999010248 bcsId: 1553} | ret=SUCCESS |  
2019-08-21 12:27:58,058 | INFO  | DNAudit | user=null | ip=null | op=WRITE_CHUNK {blockData=conID: 1 locID: 102654965999010248 bcsId: 1553} | ret=SUCCESS |  
2019-08-21 12:27:58,059 | INFO  | DNAudit | user=null | ip=null | op=PUT_BLOCK {blockData=[blockId=conID: 1 locID: 102654965999010248 bcsId: 0,size=4194304]} | ret=SUCCESS |  
2019-08-21 12:27:58,059 | INFO  | DNAudit | user=null | ip=null | op=PUT_BLOCK {blockData=[blockId=conID: 1 locID: 102654965999010248 bcsId: 0,size=4194304]} | ret=SUCCESS |  
2019-08-21 12:27:58,060 [grpc-default-executor-4] INFO  client.GrpcClientProtocolClient (GrpcClientProtocolClient.java:onNext(255)) - client-C954105195FD->270584e6-a4a8-4db5-8151-214655ce1a56: receive RaftClientReply:client-C954105195FD->270584e6-a4a8-4db5-8151-214655ce1a56@group-787F5BA3AA67, cid=1133, SUCCESS, logIndex=0, commits[270584e6-a4a8-4db5-8151-214655ce1a56:c1559, af078b8b-61ec-497f-9506-472d46a72462:c1557, 09fb9ab4-1b8d-44c0-9f8c-50855c6f1fed:c1557]
2019-08-21 12:27:58,067 | INFO  | DNAudit | user=null | ip=null | op=WRITE_CHUNK {blockData=conID: 2 locID: 102654965999010249 bcsId: 0} | ret=SUCCESS |  
2019-08-21 12:27:58,070 | INFO  | DNAudit | user=null | ip=null | op=WRITE_CHUNK {blockData=conID: 2 locID: 102654965999010249 bcsId: 0} | ret=SUCCESS |  
2019-08-21 12:27:58,071 | INFO  | DNAudit | user=null | ip=null | op=WRITE_CHUNK {blockData=conID: 2 locID: 102654965999010249 bcsId: 0} | ret=SUCCESS |  
2019-08-21 12:27:58,071 | INFO  | DNAudit | user=null | ip=null | op=WRITE_CHUNK {blockData=conID: 2 locID: 102654965999010249 bcsId: 0} | ret=SUCCESS |  
2019-08-21 12:27:58,072 | INFO  | DNAudit | user=null | ip=null | op=WRITE_CHUNK {blockData=conID: 2 locID: 102654965999010249 bcsId: 0} | ret=SUCCESS |  
2019-08-21 12:27:58,073 | INFO  | DNAudit | user=null | ip=null | op=WRITE_CHUNK {blockData=conID: 2 locID: 102654965999010249 bcsId: 0} | ret=SUCCESS |  
2019-08-21 12:27:58,079 | INFO  | DNAudit | user=null | ip=null | op=WRITE_CHUNK {blockData=conID: 2 locID: 102654965999010249 bcsId: 0} | ret=SUCCESS |  
2019-08-21 12:27:58,080 | INFO  | DNAudit | user=null | ip=null | op=PUT_BLOCK {blockData=[blockId=conID: 2 locID: 102654965999010249 bcsId: 0,size=1048576]} | ret=SUCCESS |  
2019-08-21 12:27:58,080 [grpc-default-executor-1] INFO  client.GrpcClientProtocolClient (GrpcClientProtocolClient.java:onNext(255)) - client-C954105195FD->270584e6-a4a8-4db5-8151-214655ce1a56: receive RaftClientReply:client-C954105195FD->270584e6-a4a8-4db5-8151-214655ce1a56@group-787F5BA3AA67, cid=1134, SUCCESS, logIndex=1560, commits[270584e6-a4a8-4db5-8151-214655ce1a56:c1561, af078b8b-61ec-497f-9506-472d46a72462:c1559, 09fb9ab4-1b8d-44c0-9f8c-50855c6f1fed:c1559]
2019-08-21 12:27:58,081 | INFO  | DNAudit | user=null | ip=null | op=WRITE_CHUNK {blockData=conID: 2 locID: 102654965999010249 bcsId: 0} | ret=SUCCESS |  
2019-08-21 12:27:58,081 [grpc-default-executor-1] INFO  client.GrpcClientProtocolClient (GrpcClientProtocolClient.java:onNext(255)) - client-C954105195FD->270584e6-a4a8-4db5-8151-214655ce1a56: receive RaftClientReply:client-C954105195FD->270584e6-a4a8-4db5-8151-214655ce1a56@group-787F5BA3AA67, cid=1135, SUCCESS, logIndex=1561, commits[270584e6-a4a8-4db5-8151-214655ce1a56:c1561, af078b8b-61ec-497f-9506-472d46a72462:c1559, 09fb9ab4-1b8d-44c0-9f8c-50855c6f1fed:c1559]
2019-08-21 12:27:58,081 | INFO  | DNAudit | user=null | ip=null | op=PUT_BLOCK {blockData=[blockId=conID: 2 locID: 102654965999010249 bcsId: 0,size=2097152]} | ret=SUCCESS |  
2019-08-21 12:27:58,081 [grpc-default-executor-5] INFO  client.GrpcClientProtocolClient (GrpcClientProtocolClient.java:onNext(255)) - client-C954105195FD->270584e6-a4a8-4db5-8151-214655ce1a56: receive RaftClientReply:client-C954105195FD->270584e6-a4a8-4db5-8151-214655ce1a56@group-787F5BA3AA67, cid=1136, SUCCESS, logIndex=1562, commits[270584e6-a4a8-4db5-8151-214655ce1a56:c1562, af078b8b-61ec-497f-9506-472d46a72462:c1559, 09fb9ab4-1b8d-44c0-9f8c-50855c6f1fed:c1559]
2019-08-21 12:27:58,082 | INFO  | DNAudit | user=null | ip=null | op=WRITE_CHUNK {blockData=conID: 2 locID: 102654965999010249 bcsId: 0} | ret=SUCCESS |  
2019-08-21 12:27:58,082 | INFO  | DNAudit | user=null | ip=null | op=PUT_BLOCK {blockData=[blockId=conID: 2 locID: 102654965999010249 bcsId: 0,size=1048576]} | ret=SUCCESS |  
2019-08-21 12:27:58,082 [grpc-default-executor-5] INFO  client.GrpcClientProtocolClient (GrpcClientProtocolClient.java:onNext(255)) - client-C954105195FD->270584e6-a4a8-4db5-8151-214655ce1a56: receive RaftClientReply:client-C954105195FD->270584e6-a4a8-4db5-8151-214655ce1a56@group-787F5BA3AA67, cid=1137, SUCCESS, logIndex=1563, commits[270584e6-a4a8-4db5-8151-214655ce1a56:c1563, af078b8b-61ec-497f-9506-472d46a72462:c1559, 09fb9ab4-1b8d-44c0-9f8c-50855c6f1fed:c1559]
2019-08-21 12:27:58,083 | INFO  | DNAudit | user=null | ip=null | op=WRITE_CHUNK {blockData=conID: 2 locID: 102654965999010249 bcsId: 0} | ret=SUCCESS |  
2019-08-21 12:27:58,083 | INFO  | DNAudit | user=null | ip=null | op=PUT_BLOCK {blockData=[blockId=conID: 2 locID: 102654965999010249 bcsId: 0,size=1048576]} | ret=SUCCESS |  
2019-08-21 12:27:58,083 | INFO  | DNAudit | user=null | ip=null | op=WRITE_CHUNK {blockData=conID: 2 locID: 102654965999010249 bcsId: 0} | ret=SUCCESS |  
2019-08-21 12:27:58,083 | INFO  | DNAudit | user=null | ip=null | op=PUT_BLOCK {blockData=[blockId=conID: 2 locID: 102654965999010249 bcsId: 0,size=2097152]} | ret=SUCCESS |  
2019-08-21 12:27:58,083 [grpc-default-executor-1] INFO  client.GrpcClientProtocolClient (GrpcClientProtocolClient.java:onNext(255)) - client-C954105195FD->270584e6-a4a8-4db5-8151-214655ce1a56: receive RaftClientReply:client-C954105195FD->270584e6-a4a8-4db5-8151-214655ce1a56@group-787F5BA3AA67, cid=1138, SUCCESS, logIndex=0, commits[270584e6-a4a8-4db5-8151-214655ce1a56:c1565, af078b8b-61ec-497f-9506-472d46a72462:c1561, 09fb9ab4-1b8d-44c0-9f8c-50855c6f1fed:c1561]
2019-08-21 12:27:58,084 | INFO  | DNAudit | user=null | ip=null | op=WRITE_CHUNK {blockData=conID: 2 locID: 102654965999010249 bcsId: 0} | ret=SUCCESS |  
2019-08-21 12:27:58,084 | INFO  | DNAudit | user=null | ip=null | op=PUT_BLOCK {blockData=[blockId=conID: 2 locID: 102654965999010249 bcsId: 0,size=2097152]} | ret=SUCCESS |  
2019-08-21 12:27:58,090 | INFO  | DNAudit | user=null | ip=null | op=WRITE_CHUNK {blockData=conID: 2 locID: 102654965999010249 bcsId: 1563} | ret=SUCCESS |  
2019-08-21 12:27:58,092 | INFO  | DNAudit | user=null | ip=null | op=WRITE_CHUNK {blockData=conID: 2 locID: 102654965999010249 bcsId: 1563} | ret=SUCCESS |  
2019-08-21 12:27:58,092 | INFO  | DNAudit | user=null | ip=null | op=WRITE_CHUNK {blockData=conID: 2 locID: 102654965999010249 bcsId: 1563} | ret=SUCCESS |  
2019-08-21 12:27:58,102 | INFO  | DNAudit | user=null | ip=null | op=WRITE_CHUNK {blockData=conID: 2 locID: 102654965999010249 bcsId: 1563} | ret=SUCCESS |  
2019-08-21 12:27:58,103 | INFO  | DNAudit | user=null | ip=null | op=PUT_BLOCK {blockData=[blockId=conID: 2 locID: 102654965999010249 bcsId: 0,size=3145728]} | ret=SUCCESS |  
2019-08-21 12:27:58,103 [grpc-default-executor-4] INFO  client.GrpcClientProtocolClient (GrpcClientProtocolClient.java:onNext(255)) - client-C954105195FD->270584e6-a4a8-4db5-8151-214655ce1a56: receive RaftClientReply:client-C954105195FD->270584e6-a4a8-4db5-8151-214655ce1a56@group-787F5BA3AA67, cid=1139, SUCCESS, logIndex=1568, commits[270584e6-a4a8-4db5-8151-214655ce1a56:c1569, af078b8b-61ec-497f-9506-472d46a72462:c1567, 09fb9ab4-1b8d-44c0-9f8c-50855c6f1fed:c1567]
2019-08-21 12:27:58,103 [grpc-default-executor-4] INFO  client.GrpcClientProtocolClient (GrpcClientProtocolClient.java:onNext(255)) - client-C954105195FD->270584e6-a4a8-4db5-8151-214655ce1a56: receive RaftClientReply:client-C954105195FD->270584e6-a4a8-4db5-8151-214655ce1a56@group-787F5BA3AA67, cid=1140, SUCCESS, logIndex=1569, commits[270584e6-a4a8-4db5-8151-214655ce1a56:c1569, af078b8b-61ec-497f-9506-472d46a72462:c1567, 09fb9ab4-1b8d-44c0-9f8c-50855c6f1fed:c1567]
2019-08-21 12:27:58,110 | INFO  | DNAudit | user=null | ip=null | op=WRITE_CHUNK {blockData=conID: 2 locID: 102654965999010249 bcsId: 1569} | ret=SUCCESS |  
2019-08-21 12:27:58,112 | INFO  | DNAudit | user=null | ip=null | op=WRITE_CHUNK {blockData=conID: 2 locID: 102654965999010249 bcsId: 1569} | ret=SUCCESS |  
2019-08-21 12:27:58,112 | INFO  | DNAudit | user=null | ip=null | op=WRITE_CHUNK {blockData=conID: 2 locID: 102654965999010249 bcsId: 1569} | ret=SUCCESS |  
2019-08-21 12:27:58,114 | INFO  | DNAudit | user=null | ip=null | op=WRITE_CHUNK {blockData=conID: 2 locID: 102654965999010249 bcsId: 1563} | ret=SUCCESS |  
2019-08-21 12:27:58,114 | INFO  | DNAudit | user=null | ip=null | op=WRITE_CHUNK {blockData=conID: 2 locID: 102654965999010249 bcsId: 1563} | ret=SUCCESS |  
2019-08-21 12:27:58,114 | INFO  | DNAudit | user=null | ip=null | op=PUT_BLOCK {blockData=[blockId=conID: 2 locID: 102654965999010249 bcsId: 0,size=3145728]} | ret=SUCCESS |  
2019-08-21 12:27:58,115 | INFO  | DNAudit | user=null | ip=null | op=PUT_BLOCK {blockData=[blockId=conID: 2 locID: 102654965999010249 bcsId: 0,size=3145728]} | ret=SUCCESS |  
2019-08-21 12:27:58,115 | INFO  | DNAudit | user=null | ip=null | op=WRITE_CHUNK {blockData=conID: 2 locID: 102654965999010249 bcsId: 1569} | ret=SUCCESS |  
2019-08-21 12:27:58,116 | INFO  | DNAudit | user=null | ip=null | op=PUT_BLOCK {blockData=[blockId=conID: 2 locID: 102654965999010249 bcsId: 0,size=4194304]} | ret=SUCCESS |  
2019-08-21 12:27:58,116 [grpc-default-executor-5] INFO  client.GrpcClientProtocolClient (GrpcClientProtocolClient.java:onNext(255)) - client-C954105195FD->270584e6-a4a8-4db5-8151-214655ce1a56: receive RaftClientReply:client-C954105195FD->270584e6-a4a8-4db5-8151-214655ce1a56@group-787F5BA3AA67, cid=1141, SUCCESS, logIndex=1572, commits[270584e6-a4a8-4db5-8151-214655ce1a56:c1573, af078b8b-61ec-497f-9506-472d46a72462:c1569, 09fb9ab4-1b8d-44c0-9f8c-50855c6f1fed:c1569]
2019-08-21 12:27:58,116 [grpc-default-executor-5] INFO  client.GrpcClientProtocolClient (GrpcClientProtocolClient.java:onNext(255)) - client-C954105195FD->270584e6-a4a8-4db5-8151-214655ce1a56: receive RaftClientReply:client-C954105195FD->270584e6-a4a8-4db5-8151-214655ce1a56@group-787F5BA3AA67, cid=1142, SUCCESS, logIndex=1573, commits[270584e6-a4a8-4db5-8151-214655ce1a56:c1573, af078b8b-61ec-497f-9506-472d46a72462:c1569, 09fb9ab4-1b8d-44c0-9f8c-50855c6f1fed:c1569]
2019-08-21 12:27:58,127 | INFO  | DNAudit | user=null | ip=null | op=WRITE_CHUNK {blockData=conID: 2 locID: 102654965999010249 bcsId: 1569} | ret=SUCCESS |  
2019-08-21 12:27:58,127 | INFO  | DNAudit | user=null | ip=null | op=WRITE_CHUNK {blockData=conID: 2 locID: 102654965999010249 bcsId: 1569} | ret=SUCCESS |  
2019-08-21 12:27:58,127 | INFO  | DNAudit | user=null | ip=null | op=PUT_BLOCK {blockData=[blockId=conID: 2 locID: 102654965999010249 bcsId: 0,size=4194304]} | ret=SUCCESS |  
2019-08-21 12:27:58,127 | INFO  | DNAudit | user=null | ip=null | op=PUT_BLOCK {blockData=[blockId=conID: 2 locID: 102654965999010249 bcsId: 0,size=4194304]} | ret=SUCCESS |  
2019-08-21 12:27:58,128 [grpc-default-executor-5] INFO  client.GrpcClientProtocolClient (GrpcClientProtocolClient.java:onNext(255)) - client-C954105195FD->270584e6-a4a8-4db5-8151-214655ce1a56: receive RaftClientReply:client-C954105195FD->270584e6-a4a8-4db5-8151-214655ce1a56@group-787F5BA3AA67, cid=1143, SUCCESS, logIndex=0, commits[270584e6-a4a8-4db5-8151-214655ce1a56:c1574, af078b8b-61ec-497f-9506-472d46a72462:c1573, 09fb9ab4-1b8d-44c0-9f8c-50855c6f1fed:c1573]
2019-08-21 12:27:58,134 | INFO  | DNAudit | user=null | ip=null | op=WRITE_CHUNK {blockData=conID: 3 locID: 102654965999010250 bcsId: 0} | ret=SUCCESS |  
2019-08-21 12:27:58,137 | INFO  | DNAudit | user=null | ip=null | op=WRITE_CHUNK {blockData=conID: 3 locID: 102654965999010250 bcsId: 0} | ret=SUCCESS |  
2019-08-21 12:27:58,138 | INFO  | DNAudit | user=null | ip=null | op=WRITE_CHUNK {blockData=conID: 3 locID: 102654965999010250 bcsId: 0} | ret=SUCCESS |  
2019-08-21 12:27:58,138 | INFO  | DNAudit | user=null | ip=null | op=WRITE_CHUNK {blockData=conID: 3 locID: 102654965999010250 bcsId: 0} | ret=SUCCESS |  
2019-08-21 12:27:58,141 | INFO  | DNAudit | user=null | ip=null | op=WRITE_CHUNK {blockData=conID: 3 locID: 102654965999010250 bcsId: 0} | ret=SUCCESS |  
2019-08-21 12:27:58,142 | INFO  | DNAudit | user=null | ip=null | op=WRITE_CHUNK {blockData=conID: 3 locID: 102654965999010250 bcsId: 0} | ret=SUCCESS |  
2019-08-21 12:27:58,147 | INFO  | DNAudit | user=null | ip=null | op=WRITE_CHUNK {blockData=conID: 3 locID: 102654965999010250 bcsId: 0} | ret=SUCCESS |  
2019-08-21 12:27:58,148 | INFO  | DNAudit | user=null | ip=null | op=PUT_BLOCK {blockData=[blockId=conID: 3 locID: 102654965999010250 bcsId: 0,size=1048576]} | ret=SUCCESS |  
2019-08-21 12:27:58,149 | INFO  | DNAudit | user=null | ip=null | op=WRITE_CHUNK {blockData=conID: 3 locID: 102654965999010250 bcsId: 0} | ret=SUCCESS |  
2019-08-21 12:27:58,149 [grpc-default-executor-5] INFO  client.GrpcClientProtocolClient (GrpcClientProtocolClient.java:onNext(255)) - client-C954105195FD->270584e6-a4a8-4db5-8151-214655ce1a56: receive RaftClientReply:client-C954105195FD->270584e6-a4a8-4db5-8151-214655ce1a56@group-787F5BA3AA67, cid=1144, SUCCESS, logIndex=1576, commits[270584e6-a4a8-4db5-8151-214655ce1a56:c1577, af078b8b-61ec-497f-9506-472d46a72462:c1575, 09fb9ab4-1b8d-44c0-9f8c-50855c6f1fed:c1575]
2019-08-21 12:27:58,149 | INFO  | DNAudit | user=null | ip=null | op=WRITE_CHUNK {blockData=conID: 3 locID: 102654965999010250 bcsId: 0} | ret=SUCCESS |  
2019-08-21 12:27:58,150 | INFO  | DNAudit | user=null | ip=null | op=PUT_BLOCK {blockData=[blockId=conID: 3 locID: 102654965999010250 bcsId: 0,size=2097152]} | ret=SUCCESS |  
2019-08-21 12:27:58,150 | INFO  | DNAudit | user=null | ip=null | op=WRITE_CHUNK {blockData=conID: 3 locID: 102654965999010250 bcsId: 0} | ret=SUCCESS |  
2019-08-21 12:27:58,150 | INFO  | DNAudit | user=null | ip=null | op=PUT_BLOCK {blockData=[blockId=conID: 3 locID: 102654965999010250 bcsId: 0,size=1048576]} | ret=SUCCESS |  
2019-08-21 12:27:58,150 | INFO  | DNAudit | user=null | ip=null | op=PUT_BLOCK {blockData=[blockId=conID: 3 locID: 102654965999010250 bcsId: 0,size=1048576]} | ret=SUCCESS |  
2019-08-21 12:27:58,150 | INFO  | DNAudit | user=null | ip=null | op=WRITE_CHUNK {blockData=conID: 3 locID: 102654965999010250 bcsId: 0} | ret=SUCCESS |  
2019-08-21 12:27:58,151 | INFO  | DNAudit | user=null | ip=null | op=WRITE_CHUNK {blockData=conID: 3 locID: 102654965999010250 bcsId: 0} | ret=SUCCESS |  
2019-08-21 12:27:58,151 | INFO  | DNAudit | user=null | ip=null | op=PUT_BLOCK {blockData=[blockId=conID: 3 locID: 102654965999010250 bcsId: 0,size=2097152]} | ret=SUCCESS |  
2019-08-21 12:27:58,151 | INFO  | DNAudit | user=null | ip=null | op=PUT_BLOCK {blockData=[blockId=conID: 3 locID: 102654965999010250 bcsId: 0,size=2097152]} | ret=SUCCESS |  
2019-08-21 12:27:58,151 [grpc-default-executor-5] INFO  client.GrpcClientProtocolClient (GrpcClientProtocolClient.java:onNext(255)) - client-C954105195FD->270584e6-a4a8-4db5-8151-214655ce1a56: receive RaftClientReply:client-C954105195FD->270584e6-a4a8-4db5-8151-214655ce1a56@group-787F5BA3AA67, cid=1145, SUCCESS, logIndex=1577, commits[270584e6-a4a8-4db5-8151-214655ce1a56:c1579, af078b8b-61ec-497f-9506-472d46a72462:c1575, 09fb9ab4-1b8d-44c0-9f8c-50855c6f1fed:c1575]
2019-08-21 12:27:58,152 [grpc-default-executor-5] INFO  client.GrpcClientProtocolClient (GrpcClientProtocolClient.java:onNext(255)) - client-C954105195FD->270584e6-a4a8-4db5-8151-214655ce1a56: receive RaftClientReply:client-C954105195FD->270584e6-a4a8-4db5-8151-214655ce1a56@group-787F5BA3AA67, cid=1146, SUCCESS, logIndex=1578, commits[270584e6-a4a8-4db5-8151-214655ce1a56:c1579, af078b8b-61ec-497f-9506-472d46a72462:c1575, 09fb9ab4-1b8d-44c0-9f8c-50855c6f1fed:c1575]
2019-08-21 12:27:58,152 [grpc-default-executor-5] INFO  client.GrpcClientProtocolClient (GrpcClientProtocolClient.java:onNext(255)) - client-C954105195FD->270584e6-a4a8-4db5-8151-214655ce1a56: receive RaftClientReply:client-C954105195FD->270584e6-a4a8-4db5-8151-214655ce1a56@group-787F5BA3AA67, cid=1147, SUCCESS, logIndex=1579, commits[270584e6-a4a8-4db5-8151-214655ce1a56:c1580, af078b8b-61ec-497f-9506-472d46a72462:c1575, 09fb9ab4-1b8d-44c0-9f8c-50855c6f1fed:c1577]
2019-08-21 12:27:58,154 [grpc-default-executor-5] INFO  client.GrpcClientProtocolClient (GrpcClientProtocolClient.java:onNext(255)) - client-C954105195FD->270584e6-a4a8-4db5-8151-214655ce1a56: receive RaftClientReply:client-C954105195FD->270584e6-a4a8-4db5-8151-214655ce1a56@group-787F5BA3AA67, cid=1148, SUCCESS, logIndex=0, commits[270584e6-a4a8-4db5-8151-214655ce1a56:c1582, af078b8b-61ec-497f-9506-472d46a72462:c1579, 09fb9ab4-1b8d-44c0-9f8c-50855c6f1fed:c1579]
2019-08-21 12:27:58,163 | INFO  | DNAudit | user=null | ip=null | op=WRITE_CHUNK {blockData=conID: 3 locID: 102654965999010250 bcsId: 1579} | ret=SUCCESS |  
2019-08-21 12:27:58,165 | INFO  | DNAudit | user=null | ip=null | op=WRITE_CHUNK {blockData=conID: 3 locID: 102654965999010250 bcsId: 1579} | ret=SUCCESS |  
2019-08-21 12:27:58,166 | INFO  | DNAudit | user=null | ip=null | op=WRITE_CHUNK {blockData=conID: 3 locID: 102654965999010250 bcsId: 1579} | ret=SUCCESS |  
2019-08-21 12:27:58,176 | INFO  | DNAudit | user=null | ip=null | op=WRITE_CHUNK {blockData=conID: 3 locID: 102654965999010250 bcsId: 1579} | ret=SUCCESS |  
2019-08-21 12:27:58,177 | INFO  | DNAudit | user=null | ip=null | op=PUT_BLOCK {blockData=[blockId=conID: 3 locID: 102654965999010250 bcsId: 0,size=3145728]} | ret=SUCCESS |  
2019-08-21 12:27:58,177 [grpc-default-executor-5] INFO  client.GrpcClientProtocolClient (GrpcClientProtocolClient.java:onNext(255)) - client-C954105195FD->270584e6-a4a8-4db5-8151-214655ce1a56: receive RaftClientReply:client-C954105195FD->270584e6-a4a8-4db5-8151-214655ce1a56@group-787F5BA3AA67, cid=1149, SUCCESS, logIndex=1583, commits[270584e6-a4a8-4db5-8151-214655ce1a56:c1584, af078b8b-61ec-497f-9506-472d46a72462:c1582, 09fb9ab4-1b8d-44c0-9f8c-50855c6f1fed:c1582]
2019-08-21 12:27:58,178 [grpc-default-executor-1] INFO  client.GrpcClientProtocolClient (GrpcClientProtocolClient.java:onNext(255)) - client-C954105195FD->270584e6-a4a8-4db5-8151-214655ce1a56: receive RaftClientReply:client-C954105195FD->270584e6-a4a8-4db5-8151-214655ce1a56@group-787F5BA3AA67, cid=1150, SUCCESS, logIndex=1584, commits[270584e6-a4a8-4db5-8151-214655ce1a56:c1584, af078b8b-61ec-497f-9506-472d46a72462:c1582, 09fb9ab4-1b8d-44c0-9f8c-50855c6f1fed:c1582]
2019-08-21 12:27:58,185 | INFO  | DNAudit | user=null | ip=null | op=WRITE_CHUNK {blockData=conID: 3 locID: 102654965999010250 bcsId: 1584} | ret=SUCCESS |  
2019-08-21 12:27:58,187 | INFO  | DNAudit | user=null | ip=null | op=WRITE_CHUNK {blockData=conID: 3 locID: 102654965999010250 bcsId: 1584} | ret=SUCCESS |  
2019-08-21 12:27:58,188 | INFO  | DNAudit | user=null | ip=null | op=WRITE_CHUNK {blockData=conID: 3 locID: 102654965999010250 bcsId: 1584} | ret=SUCCESS |  
2019-08-21 12:27:58,189 | INFO  | DNAudit | user=null | ip=null | op=WRITE_CHUNK {blockData=conID: 3 locID: 102654965999010250 bcsId: 1579} | ret=SUCCESS |  
2019-08-21 12:27:58,189 | INFO  | DNAudit | user=null | ip=null | op=WRITE_CHUNK {blockData=conID: 3 locID: 102654965999010250 bcsId: 1579} | ret=SUCCESS |  
2019-08-21 12:27:58,189 | INFO  | DNAudit | user=null | ip=null | op=PUT_BLOCK {blockData=[blockId=conID: 3 locID: 102654965999010250 bcsId: 0,size=3145728]} | ret=SUCCESS |  
2019-08-21 12:27:58,189 | INFO  | DNAudit | user=null | ip=null | op=PUT_BLOCK {blockData=[blockId=conID: 3 locID: 102654965999010250 bcsId: 0,size=3145728]} | ret=SUCCESS |  
2019-08-21 12:27:58,193 | INFO  | DNAudit | user=null | ip=null | op=WRITE_CHUNK {blockData=conID: 3 locID: 102654965999010250 bcsId: 1584} | ret=SUCCESS |  
2019-08-21 12:27:58,193 | INFO  | DNAudit | user=null | ip=null | op=PUT_BLOCK {blockData=[blockId=conID: 3 locID: 102654965999010250 bcsId: 0,size=4194304]} | ret=SUCCESS |  
2019-08-21 12:27:58,193 [grpc-default-executor-1] INFO  client.GrpcClientProtocolClient (GrpcClientProtocolClient.java:onNext(255)) - client-C954105195FD->270584e6-a4a8-4db5-8151-214655ce1a56: receive RaftClientReply:client-C954105195FD->270584e6-a4a8-4db5-8151-214655ce1a56@group-787F5BA3AA67, cid=1151, SUCCESS, logIndex=1587, commits[270584e6-a4a8-4db5-8151-214655ce1a56:c1588, af078b8b-61ec-497f-9506-472d46a72462:c1584, 09fb9ab4-1b8d-44c0-9f8c-50855c6f1fed:c1584]
2019-08-21 12:27:58,194 [grpc-default-executor-1] INFO  client.GrpcClientProtocolClient (GrpcClientProtocolClient.java:onNext(255)) - client-C954105195FD->270584e6-a4a8-4db5-8151-214655ce1a56: receive RaftClientReply:client-C954105195FD->270584e6-a4a8-4db5-8151-214655ce1a56@group-787F5BA3AA67, cid=1152, SUCCESS, logIndex=1588, commits[270584e6-a4a8-4db5-8151-214655ce1a56:c1588, af078b8b-61ec-497f-9506-472d46a72462:c1584, 09fb9ab4-1b8d-44c0-9f8c-50855c6f1fed:c1584]
2019-08-21 12:27:58,204 | INFO  | DNAudit | user=null | ip=null | op=WRITE_CHUNK {blockData=conID: 3 locID: 102654965999010250 bcsId: 1584} | ret=SUCCESS |  
2019-08-21 12:27:58,204 | INFO  | DNAudit | user=null | ip=null | op=WRITE_CHUNK {blockData=conID: 3 locID: 102654965999010250 bcsId: 1584} | ret=SUCCESS |  
2019-08-21 12:27:58,207 | INFO  | DNAudit | user=null | ip=null | op=PUT_BLOCK {blockData=[blockId=conID: 3 locID: 102654965999010250 bcsId: 0,size=4194304]} | ret=SUCCESS |  
2019-08-21 12:27:58,207 | INFO  | DNAudit | user=null | ip=null | op=PUT_BLOCK {blockData=[blockId=conID: 3 locID: 102654965999010250 bcsId: 0,size=4194304]} | ret=SUCCESS |  
2019-08-21 12:27:58,207 [grpc-default-executor-1] INFO  client.GrpcClientProtocolClient (GrpcClientProtocolClient.java:onNext(255)) - client-C954105195FD->270584e6-a4a8-4db5-8151-214655ce1a56: receive RaftClientReply:client-C954105195FD->270584e6-a4a8-4db5-8151-214655ce1a56@group-787F5BA3AA67, cid=1153, SUCCESS, logIndex=0, commits[270584e6-a4a8-4db5-8151-214655ce1a56:c1590, af078b8b-61ec-497f-9506-472d46a72462:c1588, 09fb9ab4-1b8d-44c0-9f8c-50855c6f1fed:c1588]
2019-08-21 12:27:58,216 | INFO  | DNAudit | user=null | ip=null | op=WRITE_CHUNK {blockData=conID: 1 locID: 102654965999010251 bcsId: 0} | ret=SUCCESS |  
2019-08-21 12:27:58,219 | INFO  | DNAudit | user=null | ip=null | op=WRITE_CHUNK {blockData=conID: 1 locID: 102654965999010251 bcsId: 0} | ret=SUCCESS |  
2019-08-21 12:27:58,219 | INFO  | DNAudit | user=null | ip=null | op=WRITE_CHUNK {blockData=conID: 1 locID: 102654965999010251 bcsId: 0} | ret=SUCCESS |  
2019-08-21 12:27:58,219 | INFO  | DNAudit | user=null | ip=null | op=WRITE_CHUNK {blockData=conID: 1 locID: 102654965999010251 bcsId: 0} | ret=SUCCESS |  
2019-08-21 12:27:58,221 | INFO  | DNAudit | user=null | ip=null | op=WRITE_CHUNK {blockData=conID: 1 locID: 102654965999010251 bcsId: 0} | ret=SUCCESS |  
2019-08-21 12:27:58,222 | INFO  | DNAudit | user=null | ip=null | op=WRITE_CHUNK {blockData=conID: 1 locID: 102654965999010251 bcsId: 0} | ret=SUCCESS |  
2019-08-21 12:27:58,230 | INFO  | DNAudit | user=null | ip=null | op=WRITE_CHUNK {blockData=conID: 1 locID: 102654965999010251 bcsId: 0} | ret=SUCCESS |  
2019-08-21 12:27:58,230 | INFO  | DNAudit | user=null | ip=null | op=PUT_BLOCK {blockData=[blockId=conID: 1 locID: 102654965999010251 bcsId: 0,size=1048576]} | ret=SUCCESS |  
2019-08-21 12:27:58,231 | INFO  | DNAudit | user=null | ip=null | op=WRITE_CHUNK {blockData=conID: 1 locID: 102654965999010251 bcsId: 0} | ret=SUCCESS |  
2019-08-21 12:27:58,231 | INFO  | DNAudit | user=null | ip=null | op=PUT_BLOCK {blockData=[blockId=conID: 1 locID: 102654965999010251 bcsId: 0,size=2097152]} | ret=SUCCESS |  
2019-08-21 12:27:58,231 [grpc-default-executor-1] INFO  client.GrpcClientProtocolClient (GrpcClientProtocolClient.java:onNext(255)) - client-C954105195FD->270584e6-a4a8-4db5-8151-214655ce1a56: receive RaftClientReply:client-C954105195FD->270584e6-a4a8-4db5-8151-214655ce1a56@group-787F5BA3AA67, cid=1154, SUCCESS, logIndex=1591, commits[270584e6-a4a8-4db5-8151-214655ce1a56:c1592, af078b8b-61ec-497f-9506-472d46a72462:c1590, 09fb9ab4-1b8d-44c0-9f8c-50855c6f1fed:c1590]
2019-08-21 12:27:58,231 [grpc-default-executor-1] INFO  client.GrpcClientProtocolClient (GrpcClientProtocolClient.java:onNext(255)) - client-C954105195FD->270584e6-a4a8-4db5-8151-214655ce1a56: receive RaftClientReply:client-C954105195FD->270584e6-a4a8-4db5-8151-214655ce1a56@group-787F5BA3AA67, cid=1155, SUCCESS, logIndex=1592, commits[270584e6-a4a8-4db5-8151-214655ce1a56:c1594, af078b8b-61ec-497f-9506-472d46a72462:c1590, 09fb9ab4-1b8d-44c0-9f8c-50855c6f1fed:c1590]
2019-08-21 12:27:58,232 [grpc-default-executor-1] INFO  client.GrpcClientProtocolClient (GrpcClientProtocolClient.java:onNext(255)) - client-C954105195FD->270584e6-a4a8-4db5-8151-214655ce1a56: receive RaftClientReply:client-C954105195FD->270584e6-a4a8-4db5-8151-214655ce1a56@group-787F5BA3AA67, cid=1156, SUCCESS, logIndex=1593, commits[270584e6-a4a8-4db5-8151-214655ce1a56:c1594, af078b8b-61ec-497f-9506-472d46a72462:c1590, 09fb9ab4-1b8d-44c0-9f8c-50855c6f1fed:c1590]
2019-08-21 12:27:58,232 | INFO  | DNAudit | user=null | ip=null | op=WRITE_CHUNK {blockData=conID: 1 locID: 102654965999010251 bcsId: 0} | ret=SUCCESS |  
2019-08-21 12:27:58,232 | INFO  | DNAudit | user=null | ip=null | op=WRITE_CHUNK {blockData=conID: 1 locID: 102654965999010251 bcsId: 0} | ret=SUCCESS |  
2019-08-21 12:27:58,232 [grpc-default-executor-1] INFO  client.GrpcClientProtocolClient (GrpcClientProtocolClient.java:onNext(255)) - client-C954105195FD->270584e6-a4a8-4db5-8151-214655ce1a56: receive RaftClientReply:client-C954105195FD->270584e6-a4a8-4db5-8151-214655ce1a56@group-787F5BA3AA67, cid=1157, SUCCESS, logIndex=1594, commits[270584e6-a4a8-4db5-8151-214655ce1a56:c1594, af078b8b-61ec-497f-9506-472d46a72462:c1590, 09fb9ab4-1b8d-44c0-9f8c-50855c6f1fed:c1590]
2019-08-21 12:27:58,233 | INFO  | DNAudit | user=null | ip=null | op=PUT_BLOCK {blockData=[blockId=conID: 1 locID: 102654965999010251 bcsId: 0,size=1048576]} | ret=SUCCESS |  
2019-08-21 12:27:58,233 | INFO  | DNAudit | user=null | ip=null | op=PUT_BLOCK {blockData=[blockId=conID: 1 locID: 102654965999010251 bcsId: 0,size=1048576]} | ret=SUCCESS |  
2019-08-21 12:27:58,234 [grpc-default-executor-4] INFO  client.GrpcClientProtocolClient (GrpcClientProtocolClient.java:onNext(255)) - client-C954105195FD->270584e6-a4a8-4db5-8151-214655ce1a56: receive RaftClientReply:client-C954105195FD->270584e6-a4a8-4db5-8151-214655ce1a56@group-787F5BA3AA67, cid=1158, SUCCESS, logIndex=0, commits[270584e6-a4a8-4db5-8151-214655ce1a56:c1595, af078b8b-61ec-497f-9506-472d46a72462:c1592, 09fb9ab4-1b8d-44c0-9f8c-50855c6f1fed:c1592]
2019-08-21 12:27:58,243 | INFO  | DNAudit | user=null | ip=null | op=WRITE_CHUNK {blockData=conID: 1 locID: 102654965999010251 bcsId: 1594} | ret=SUCCESS |  
2019-08-21 12:27:58,244 | INFO  | DNAudit | user=null | ip=null | op=WRITE_CHUNK {blockData=conID: 1 locID: 102654965999010251 bcsId: 0} | ret=SUCCESS |  
2019-08-21 12:27:58,244 | INFO  | DNAudit | user=null | ip=null | op=WRITE_CHUNK {blockData=conID: 1 locID: 102654965999010251 bcsId: 0} | ret=SUCCESS |  
2019-08-21 12:27:58,244 | INFO  | DNAudit | user=null | ip=null | op=PUT_BLOCK {blockData=[blockId=conID: 1 locID: 102654965999010251 bcsId: 0,size=2097152]} | ret=SUCCESS |  
2019-08-21 12:27:58,244 | INFO  | DNAudit | user=null | ip=null | op=PUT_BLOCK {blockData=[blockId=conID: 1 locID: 102654965999010251 bcsId: 0,size=2097152]} | ret=SUCCESS |  
2019-08-21 12:27:58,246 | INFO  | DNAudit | user=null | ip=null | op=WRITE_CHUNK {blockData=conID: 1 locID: 102654965999010251 bcsId: 1594} | ret=SUCCESS |  
2019-08-21 12:27:58,246 | INFO  | DNAudit | user=null | ip=null | op=WRITE_CHUNK {blockData=conID: 1 locID: 102654965999010251 bcsId: 1594} | ret=SUCCESS |  
2019-08-21 12:27:58,249 | INFO  | DNAudit | user=null | ip=null | op=WRITE_CHUNK {blockData=conID: 1 locID: 102654965999010251 bcsId: 1594} | ret=SUCCESS |  
2019-08-21 12:27:58,250 | INFO  | DNAudit | user=null | ip=null | op=PUT_BLOCK {blockData=[blockId=conID: 1 locID: 102654965999010251 bcsId: 0,size=3145728]} | ret=SUCCESS |  
2019-08-21 12:27:58,250 [grpc-default-executor-1] INFO  client.GrpcClientProtocolClient (GrpcClientProtocolClient.java:onNext(255)) - client-C954105195FD->270584e6-a4a8-4db5-8151-214655ce1a56: receive RaftClientReply:client-C954105195FD->270584e6-a4a8-4db5-8151-214655ce1a56@group-787F5BA3AA67, cid=1159, SUCCESS, logIndex=1598, commits[270584e6-a4a8-4db5-8151-214655ce1a56:c1599, af078b8b-61ec-497f-9506-472d46a72462:c1595, 09fb9ab4-1b8d-44c0-9f8c-50855c6f1fed:c1595]
2019-08-21 12:27:58,250 [grpc-default-executor-1] INFO  client.GrpcClientProtocolClient (GrpcClientProtocolClient.java:onNext(255)) - client-C954105195FD->270584e6-a4a8-4db5-8151-214655ce1a56: receive RaftClientReply:client-C954105195FD->270584e6-a4a8-4db5-8151-214655ce1a56@group-787F5BA3AA67, cid=1160, SUCCESS, logIndex=1599, commits[270584e6-a4a8-4db5-8151-214655ce1a56:c1599, af078b8b-61ec-497f-9506-472d46a72462:c1595, 09fb9ab4-1b8d-44c0-9f8c-50855c6f1fed:c1595]
2019-08-21 12:27:58,251 | INFO  | DNAudit | user=null | ip=null | op=WRITE_CHUNK {blockData=conID: 1 locID: 102654965999010251 bcsId: 1594} | ret=SUCCESS |  
2019-08-21 12:27:58,251 | INFO  | DNAudit | user=null | ip=null | op=WRITE_CHUNK {blockData=conID: 1 locID: 102654965999010251 bcsId: 1594} | ret=SUCCESS |  
2019-08-21 12:27:58,251 | INFO  | DNAudit | user=null | ip=null | op=PUT_BLOCK {blockData=[blockId=conID: 1 locID: 102654965999010251 bcsId: 0,size=3145728]} | ret=SUCCESS |  
2019-08-21 12:27:58,251 | INFO  | DNAudit | user=null | ip=null | op=PUT_BLOCK {blockData=[blockId=conID: 1 locID: 102654965999010251 bcsId: 0,size=3145728]} | ret=SUCCESS |  
2019-08-21 12:27:58,258 | INFO  | DNAudit | user=null | ip=null | op=WRITE_CHUNK {blockData=conID: 1 locID: 102654965999010251 bcsId: 1599} | ret=SUCCESS |  
2019-08-21 12:27:58,261 | INFO  | SCMAudit | user=jenkins1000 | ip=192.168.34.23 | op=SEND_HEARTBEAT {datanodeUUID=270584e6-a4a8-4db5-8151-214655ce1a56, command=[]} | ret=SUCCESS |  
2019-08-21 12:27:58,262 | INFO  | SCMAudit | user=jenkins1000 | ip=192.168.34.23 | op=SEND_HEARTBEAT {datanodeUUID=af078b8b-61ec-497f-9506-472d46a72462, command=[]} | ret=SUCCESS |  
2019-08-21 12:27:58,262 | INFO  | SCMAudit | user=jenkins1000 | ip=192.168.34.23 | op=SEND_HEARTBEAT {datanodeUUID=09fb9ab4-1b8d-44c0-9f8c-50855c6f1fed, command=[]} | ret=SUCCESS |  
2019-08-21 12:27:58,262 | INFO  | DNAudit | user=null | ip=null | op=WRITE_CHUNK {blockData=conID: 1 locID: 102654965999010251 bcsId: 1599} | ret=SUCCESS |  
2019-08-21 12:27:58,262 | INFO  | DNAudit | user=null | ip=null | op=WRITE_CHUNK {blockData=conID: 1 locID: 102654965999010251 bcsId: 1599} | ret=SUCCESS |  
2019-08-21 12:27:58,264 | INFO  | DNAudit | user=null | ip=null | op=WRITE_CHUNK {blockData=conID: 1 locID: 102654965999010251 bcsId: 1599} | ret=SUCCESS |  
2019-08-21 12:27:58,265 | INFO  | DNAudit | user=null | ip=null | op=PUT_BLOCK {blockData=[blockId=conID: 1 locID: 102654965999010251 bcsId: 0,size=4194304]} | ret=SUCCESS |  
2019-08-21 12:27:58,265 [grpc-default-executor-1] INFO  client.GrpcClientProtocolClient (GrpcClientProtocolClient.java:onNext(255)) - client-C954105195FD->270584e6-a4a8-4db5-8151-214655ce1a56: receive RaftClientReply:client-C954105195FD->270584e6-a4a8-4db5-8151-214655ce1a56@group-787F5BA3AA67, cid=1161, SUCCESS, logIndex=1602, commits[270584e6-a4a8-4db5-8151-214655ce1a56:c1603, af078b8b-61ec-497f-9506-472d46a72462:c1601, 09fb9ab4-1b8d-44c0-9f8c-50855c6f1fed:c1601]
2019-08-21 12:27:58,266 [grpc-default-executor-1] INFO  client.GrpcClientProtocolClient (GrpcClientProtocolClient.java:onNext(255)) - client-C954105195FD->270584e6-a4a8-4db5-8151-214655ce1a56: receive RaftClientReply:client-C954105195FD->270584e6-a4a8-4db5-8151-214655ce1a56@group-787F5BA3AA67, cid=1162, SUCCESS, logIndex=1603, commits[270584e6-a4a8-4db5-8151-214655ce1a56:c1603, af078b8b-61ec-497f-9506-472d46a72462:c1601, 09fb9ab4-1b8d-44c0-9f8c-50855c6f1fed:c1601]
2019-08-21 12:27:58,267 | INFO  | DNAudit | user=null | ip=null | op=WRITE_CHUNK {blockData=conID: 1 locID: 102654965999010251 bcsId: 1599} | ret=SUCCESS |  
2019-08-21 12:27:58,267 | INFO  | DNAudit | user=null | ip=null | op=WRITE_CHUNK {blockData=conID: 1 locID: 102654965999010251 bcsId: 1599} | ret=SUCCESS |  
2019-08-21 12:27:58,267 | INFO  | DNAudit | user=null | ip=null | op=PUT_BLOCK {blockData=[blockId=conID: 1 locID: 102654965999010251 bcsId: 0,size=4194304]} | ret=SUCCESS |  
2019-08-21 12:27:58,267 | INFO  | DNAudit | user=null | ip=null | op=PUT_BLOCK {blockData=[blockId=conID: 1 locID: 102654965999010251 bcsId: 0,size=4194304]} | ret=SUCCESS |  
2019-08-21 12:27:58,268 [grpc-default-executor-1] INFO  client.GrpcClientProtocolClient (GrpcClientProtocolClient.java:onNext(255)) - client-C954105195FD->270584e6-a4a8-4db5-8151-214655ce1a56: receive RaftClientReply:client-C954105195FD->270584e6-a4a8-4db5-8151-214655ce1a56@group-787F5BA3AA67, cid=1163, SUCCESS, logIndex=0, commits[270584e6-a4a8-4db5-8151-214655ce1a56:c1604, af078b8b-61ec-497f-9506-472d46a72462:c1603, 09fb9ab4-1b8d-44c0-9f8c-50855c6f1fed:c1603]
2019-08-21 12:27:58,276 | INFO  | DNAudit | user=null | ip=null | op=WRITE_CHUNK {blockData=conID: 2 locID: 102654965999010252 bcsId: 0} | ret=SUCCESS |  
2019-08-21 12:27:58,279 | INFO  | DNAudit | user=null | ip=null | op=WRITE_CHUNK {blockData=conID: 2 locID: 102654965999010252 bcsId: 0} | ret=SUCCESS |  
2019-08-21 12:27:58,280 | INFO  | DNAudit | user=null | ip=null | op=WRITE_CHUNK {blockData=conID: 2 locID: 102654965999010252 bcsId: 0} | ret=SUCCESS |  
2019-08-21 12:27:58,280 | INFO  | DNAudit | user=null | ip=null | op=WRITE_CHUNK {blockData=conID: 2 locID: 102654965999010252 bcsId: 0} | ret=SUCCESS |  
2019-08-21 12:27:58,283 | INFO  | DNAudit | user=null | ip=null | op=WRITE_CHUNK {blockData=conID: 2 locID: 102654965999010252 bcsId: 0} | ret=SUCCESS |  
2019-08-21 12:27:58,283 | INFO  | DNAudit | user=null | ip=null | op=WRITE_CHUNK {blockData=conID: 2 locID: 102654965999010252 bcsId: 0} | ret=SUCCESS |  
2019-08-21 12:27:58,292 | INFO  | DNAudit | user=null | ip=null | op=WRITE_CHUNK {blockData=conID: 2 locID: 102654965999010252 bcsId: 0} | ret=SUCCESS |  
2019-08-21 12:27:58,293 | INFO  | DNAudit | user=null | ip=null | op=PUT_BLOCK {blockData=[blockId=conID: 2 locID: 102654965999010252 bcsId: 0,size=1048576]} | ret=SUCCESS |  
2019-08-21 12:27:58,294 | INFO  | DNAudit | user=null | ip=null | op=WRITE_CHUNK {blockData=conID: 2 locID: 102654965999010252 bcsId: 0} | ret=SUCCESS |  
2019-08-21 12:27:58,294 [grpc-default-executor-4] INFO  client.GrpcClientProtocolClient (GrpcClientProtocolClient.java:onNext(255)) - client-C954105195FD->270584e6-a4a8-4db5-8151-214655ce1a56: receive RaftClientReply:client-C954105195FD->270584e6-a4a8-4db5-8151-214655ce1a56@group-787F5BA3AA67, cid=1164, SUCCESS, logIndex=1606, commits[270584e6-a4a8-4db5-8151-214655ce1a56:c1607, af078b8b-61ec-497f-9506-472d46a72462:c1605, 09fb9ab4-1b8d-44c0-9f8c-50855c6f1fed:c1605]
2019-08-21 12:27:58,294 | INFO  | DNAudit | user=null | ip=null | op=PUT_BLOCK {blockData=[blockId=conID: 2 locID: 102654965999010252 bcsId: 0,size=2097152]} | ret=SUCCESS |  
2019-08-21 12:27:58,294 | INFO  | DNAudit | user=null | ip=null | op=WRITE_CHUNK {blockData=conID: 2 locID: 102654965999010252 bcsId: 0} | ret=SUCCESS |  
2019-08-21 12:27:58,294 | INFO  | DNAudit | user=null | ip=null | op=WRITE_CHUNK {blockData=conID: 2 locID: 102654965999010252 bcsId: 0} | ret=SUCCESS |  
2019-08-21 12:27:58,295 | INFO  | DNAudit | user=null | ip=null | op=PUT_BLOCK {blockData=[blockId=conID: 2 locID: 102654965999010252 bcsId: 0,size=1048576]} | ret=SUCCESS |  
2019-08-21 12:27:58,295 | INFO  | DNAudit | user=null | ip=null | op=PUT_BLOCK {blockData=[blockId=conID: 2 locID: 102654965999010252 bcsId: 0,size=1048576]} | ret=SUCCESS |  
2019-08-21 12:27:58,295 [grpc-default-executor-4] INFO  client.GrpcClientProtocolClient (GrpcClientProtocolClient.java:onNext(255)) - client-C954105195FD->270584e6-a4a8-4db5-8151-214655ce1a56: receive RaftClientReply:client-C954105195FD->270584e6-a4a8-4db5-8151-214655ce1a56@group-787F5BA3AA67, cid=1165, SUCCESS, logIndex=1607, commits[270584e6-a4a8-4db5-8151-214655ce1a56:c1607, af078b8b-61ec-497f-9506-472d46a72462:c1605, 09fb9ab4-1b8d-44c0-9f8c-50855c6f1fed:c1605]
2019-08-21 12:27:58,295 | INFO  | DNAudit | user=null | ip=null | op=WRITE_CHUNK {blockData=conID: 2 locID: 102654965999010252 bcsId: 0} | ret=SUCCESS |  
2019-08-21 12:27:58,296 | INFO  | DNAudit | user=null | ip=null | op=WRITE_CHUNK {blockData=conID: 2 locID: 102654965999010252 bcsId: 0} | ret=SUCCESS |  
2019-08-21 12:27:58,296 | INFO  | DNAudit | user=null | ip=null | op=PUT_BLOCK {blockData=[blockId=conID: 2 locID: 102654965999010252 bcsId: 0,size=2097152]} | ret=SUCCESS |  
2019-08-21 12:27:58,296 | INFO  | DNAudit | user=null | ip=null | op=PUT_BLOCK {blockData=[blockId=conID: 2 locID: 102654965999010252 bcsId: 0,size=2097152]} | ret=SUCCESS |  
2019-08-21 12:27:58,296 [grpc-default-executor-4] INFO  client.GrpcClientProtocolClient (GrpcClientProtocolClient.java:onNext(255)) - client-C954105195FD->270584e6-a4a8-4db5-8151-214655ce1a56: receive RaftClientReply:client-C954105195FD->270584e6-a4a8-4db5-8151-214655ce1a56@group-787F5BA3AA67, cid=1166, SUCCESS, logIndex=1608, commits[270584e6-a4a8-4db5-8151-214655ce1a56:c1609, af078b8b-61ec-497f-9506-472d46a72462:c1605, 09fb9ab4-1b8d-44c0-9f8c-50855c6f1fed:c1605]
2019-08-21 12:27:58,297 [grpc-default-executor-4] INFO  client.GrpcClientProtocolClient (GrpcClientProtocolClient.java:onNext(255)) - client-C954105195FD->270584e6-a4a8-4db5-8151-214655ce1a56: receive RaftClientReply:client-C954105195FD->270584e6-a4a8-4db5-8151-214655ce1a56@group-787F5BA3AA67, cid=1167, SUCCESS, logIndex=1609, commits[270584e6-a4a8-4db5-8151-214655ce1a56:c1609, af078b8b-61ec-497f-9506-472d46a72462:c1605, 09fb9ab4-1b8d-44c0-9f8c-50855c6f1fed:c1605]
2019-08-21 12:27:58,298 [grpc-default-executor-4] INFO  client.GrpcClientProtocolClient (GrpcClientProtocolClient.java:onNext(255)) - client-C954105195FD->270584e6-a4a8-4db5-8151-214655ce1a56: receive RaftClientReply:client-C954105195FD->270584e6-a4a8-4db5-8151-214655ce1a56@group-787F5BA3AA67, cid=1168, SUCCESS, logIndex=0, commits[270584e6-a4a8-4db5-8151-214655ce1a56:c1613, af078b8b-61ec-497f-9506-472d46a72462:c1609, 09fb9ab4-1b8d-44c0-9f8c-50855c6f1fed:c1609]
2019-08-21 12:27:58,304 | INFO  | DNAudit | user=null | ip=null | op=WRITE_CHUNK {blockData=conID: 2 locID: 102654965999010252 bcsId: 1609} | ret=SUCCESS |  
2019-08-21 12:27:58,308 | INFO  | DNAudit | user=null | ip=null | op=WRITE_CHUNK {blockData=conID: 2 locID: 102654965999010252 bcsId: 1609} | ret=SUCCESS |  
2019-08-21 12:27:58,308 | INFO  | DNAudit | user=null | ip=null | op=WRITE_CHUNK {blockData=conID: 2 locID: 102654965999010252 bcsId: 1609} | ret=SUCCESS |  
2019-08-21 12:27:58,310 | INFO  | DNAudit | user=null | ip=null | op=WRITE_CHUNK {blockData=conID: 2 locID: 102654965999010252 bcsId: 1609} | ret=SUCCESS |  
2019-08-21 12:27:58,311 | INFO  | DNAudit | user=null | ip=null | op=PUT_BLOCK {blockData=[blockId=conID: 2 locID: 102654965999010252 bcsId: 0,size=3145728]} | ret=SUCCESS |  
2019-08-21 12:27:58,311 [grpc-default-executor-4] INFO  client.GrpcClientProtocolClient (GrpcClientProtocolClient.java:onNext(255)) - client-C954105195FD->270584e6-a4a8-4db5-8151-214655ce1a56: receive RaftClientReply:client-C954105195FD->270584e6-a4a8-4db5-8151-214655ce1a56@group-787F5BA3AA67, cid=1169, SUCCESS, logIndex=1614, commits[270584e6-a4a8-4db5-8151-214655ce1a56:c1615, af078b8b-61ec-497f-9506-472d46a72462:c1613, 09fb9ab4-1b8d-44c0-9f8c-50855c6f1fed:c1613]
2019-08-21 12:27:58,312 [grpc-default-executor-4] INFO  client.GrpcClientProtocolClient (GrpcClientProtocolClient.java:onNext(255)) - client-C954105195FD->270584e6-a4a8-4db5-8151-214655ce1a56: receive RaftClientReply:client-C954105195FD->270584e6-a4a8-4db5-8151-214655ce1a56@group-787F5BA3AA67, cid=1170, SUCCESS, logIndex=1615, commits[270584e6-a4a8-4db5-8151-214655ce1a56:c1615, af078b8b-61ec-497f-9506-472d46a72462:c1613, 09fb9ab4-1b8d-44c0-9f8c-50855c6f1fed:c1613]
2019-08-21 12:27:58,320 | INFO  | DNAudit | user=null | ip=null | op=WRITE_CHUNK {blockData=conID: 2 locID: 102654965999010252 bcsId: 1615} | ret=SUCCESS |  
2019-08-21 12:27:58,322 | INFO  | DNAudit | user=null | ip=null | op=WRITE_CHUNK {blockData=conID: 2 locID: 102654965999010252 bcsId: 1609} | ret=SUCCESS |  
2019-08-21 12:27:58,322 | INFO  | DNAudit | user=null | ip=null | op=WRITE_CHUNK {blockData=conID: 2 locID: 102654965999010252 bcsId: 1609} | ret=SUCCESS |  
2019-08-21 12:27:58,322 | INFO  | DNAudit | user=null | ip=null | op=PUT_BLOCK {blockData=[blockId=conID: 2 locID: 102654965999010252 bcsId: 0,size=3145728]} | ret=SUCCESS |  
2019-08-21 12:27:58,323 | INFO  | DNAudit | user=null | ip=null | op=WRITE_CHUNK {blockData=conID: 2 locID: 102654965999010252 bcsId: 1615} | ret=SUCCESS |  
2019-08-21 12:27:58,323 | INFO  | DNAudit | user=null | ip=null | op=WRITE_CHUNK {blockData=conID: 2 locID: 102654965999010252 bcsId: 1615} | ret=SUCCESS |  
2019-08-21 12:27:58,334 | INFO  | DNAudit | user=null | ip=null | op=PUT_BLOCK {blockData=[blockId=conID: 2 locID: 102654965999010252 bcsId: 0,size=3145728]} | ret=SUCCESS |  
2019-08-21 12:27:58,335 | INFO  | DNAudit | user=null | ip=null | op=WRITE_CHUNK {blockData=conID: 2 locID: 102654965999010252 bcsId: 1615} | ret=SUCCESS |  
2019-08-21 12:27:58,335 | INFO  | DNAudit | user=null | ip=null | op=PUT_BLOCK {blockData=[blockId=conID: 2 locID: 102654965999010252 bcsId: 0,size=4194304]} | ret=SUCCESS |  
2019-08-21 12:27:58,335 [grpc-default-executor-5] INFO  client.GrpcClientProtocolClient (GrpcClientProtocolClient.java:onNext(255)) - client-C954105195FD->270584e6-a4a8-4db5-8151-214655ce1a56: receive RaftClientReply:client-C954105195FD->270584e6-a4a8-4db5-8151-214655ce1a56@group-787F5BA3AA67, cid=1171, SUCCESS, logIndex=1618, commits[270584e6-a4a8-4db5-8151-214655ce1a56:c1619, af078b8b-61ec-497f-9506-472d46a72462:c1615, 09fb9ab4-1b8d-44c0-9f8c-50855c6f1fed:c1615]
2019-08-21 12:27:58,335 [grpc-default-executor-5] INFO  client.GrpcClientProtocolClient (GrpcClientProtocolClient.java:onNext(255)) - client-C954105195FD->270584e6-a4a8-4db5-8151-214655ce1a56: receive RaftClientReply:client-C954105195FD->270584e6-a4a8-4db5-8151-214655ce1a56@group-787F5BA3AA67, cid=1172, SUCCESS, logIndex=1619, commits[270584e6-a4a8-4db5-8151-214655ce1a56:c1619, af078b8b-61ec-497f-9506-472d46a72462:c1615, 09fb9ab4-1b8d-44c0-9f8c-50855c6f1fed:c1615]
2019-08-21 12:27:58,337 | INFO  | DNAudit | user=null | ip=null | op=WRITE_CHUNK {blockData=conID: 2 locID: 102654965999010252 bcsId: 1615} | ret=SUCCESS |  
2019-08-21 12:27:58,337 | INFO  | DNAudit | user=null | ip=null | op=WRITE_CHUNK {blockData=conID: 2 locID: 102654965999010252 bcsId: 1615} | ret=SUCCESS |  
2019-08-21 12:27:58,338 | INFO  | DNAudit | user=null | ip=null | op=PUT_BLOCK {blockData=[blockId=conID: 2 locID: 102654965999010252 bcsId: 0,size=4194304]} | ret=SUCCESS |  
2019-08-21 12:27:58,338 | INFO  | DNAudit | user=null | ip=null | op=PUT_BLOCK {blockData=[blockId=conID: 2 locID: 102654965999010252 bcsId: 0,size=4194304]} | ret=SUCCESS |  
2019-08-21 12:27:58,339 [grpc-default-executor-5] INFO  client.GrpcClientProtocolClient (GrpcClientProtocolClient.java:onNext(255)) - client-C954105195FD->270584e6-a4a8-4db5-8151-214655ce1a56: receive RaftClientReply:client-C954105195FD->270584e6-a4a8-4db5-8151-214655ce1a56@group-787F5BA3AA67, cid=1173, SUCCESS, logIndex=0, commits[270584e6-a4a8-4db5-8151-214655ce1a56:c1621, af078b8b-61ec-497f-9506-472d46a72462:c1619, 09fb9ab4-1b8d-44c0-9f8c-50855c6f1fed:c1619]
2019-08-21 12:27:58,344 | INFO  | DNAudit | user=null | ip=null | op=WRITE_CHUNK {blockData=conID: 3 locID: 102654965999010253 bcsId: 0} | ret=SUCCESS |  
2019-08-21 12:27:58,347 | INFO  | DNAudit | user=null | ip=null | op=WRITE_CHUNK {blockData=conID: 3 locID: 102654965999010253 bcsId: 0} | ret=SUCCESS |  
2019-08-21 12:27:58,347 | INFO  | DNAudit | user=null | ip=null | op=WRITE_CHUNK {blockData=conID: 3 locID: 102654965999010253 bcsId: 0} | ret=SUCCESS |  
2019-08-21 12:27:58,348 | INFO  | DNAudit | user=null | ip=null | op=WRITE_CHUNK {blockData=conID: 3 locID: 102654965999010253 bcsId: 0} | ret=SUCCESS |  
2019-08-21 12:27:58,350 | INFO  | DNAudit | user=null | ip=null | op=WRITE_CHUNK {blockData=conID: 3 locID: 102654965999010253 bcsId: 0} | ret=SUCCESS |  
2019-08-21 12:27:58,350 | INFO  | DNAudit | user=null | ip=null | op=WRITE_CHUNK {blockData=conID: 3 locID: 102654965999010253 bcsId: 0} | ret=SUCCESS |  
2019-08-21 12:27:58,357 | INFO  | DNAudit | user=null | ip=null | op=WRITE_CHUNK {blockData=conID: 3 locID: 102654965999010253 bcsId: 0} | ret=SUCCESS |  
2019-08-21 12:27:58,358 | INFO  | DNAudit | user=null | ip=null | op=PUT_BLOCK {blockData=[blockId=conID: 3 locID: 102654965999010253 bcsId: 0,size=1048576]} | ret=SUCCESS |  
2019-08-21 12:27:58,358 [grpc-default-executor-1] INFO  client.GrpcClientProtocolClient (GrpcClientProtocolClient.java:onNext(255)) - client-C954105195FD->270584e6-a4a8-4db5-8151-214655ce1a56: receive RaftClientReply:client-C954105195FD->270584e6-a4a8-4db5-8151-214655ce1a56@group-787F5BA3AA67, cid=1174, SUCCESS, logIndex=1622, commits[270584e6-a4a8-4db5-8151-214655ce1a56:c1624, af078b8b-61ec-497f-9506-472d46a72462:c1621, 09fb9ab4-1b8d-44c0-9f8c-50855c6f1fed:c1621]
2019-08-21 12:27:58,358 | INFO  | DNAudit | user=null | ip=null | op=WRITE_CHUNK {blockData=conID: 3 locID: 102654965999010253 bcsId: 0} | ret=SUCCESS |  
2019-08-21 12:27:58,359 | INFO  | DNAudit | user=null | ip=null | op=WRITE_CHUNK {blockData=conID: 3 locID: 102654965999010253 bcsId: 0} | ret=SUCCESS |  
2019-08-21 12:27:58,359 | INFO  | DNAudit | user=null | ip=null | op=WRITE_CHUNK {blockData=conID: 3 locID: 102654965999010253 bcsId: 0} | ret=SUCCESS |  
2019-08-21 12:27:58,359 [grpc-default-executor-4] INFO  client.GrpcClientProtocolClient (GrpcClientProtocolClient.java:onNext(255)) - client-C954105195FD->270584e6-a4a8-4db5-8151-214655ce1a56: receive RaftClientReply:client-C954105195FD->270584e6-a4a8-4db5-8151-214655ce1a56@group-787F5BA3AA67, cid=1175, SUCCESS, logIndex=1623, commits[270584e6-a4a8-4db5-8151-214655ce1a56:c1625, af078b8b-61ec-497f-9506-472d46a72462:c1621, 09fb9ab4-1b8d-44c0-9f8c-50855c6f1fed:c1621]
2019-08-21 12:27:58,359 | INFO  | DNAudit | user=null | ip=null | op=PUT_BLOCK {blockData=[blockId=conID: 3 locID: 102654965999010253 bcsId: 0,size=2097152]} | ret=SUCCESS |  
2019-08-21 12:27:58,359 | INFO  | DNAudit | user=null | ip=null | op=PUT_BLOCK {blockData=[blockId=conID: 3 locID: 102654965999010253 bcsId: 0,size=1048576]} | ret=SUCCESS |  
2019-08-21 12:27:58,359 | INFO  | DNAudit | user=null | ip=null | op=PUT_BLOCK {blockData=[blockId=conID: 3 locID: 102654965999010253 bcsId: 0,size=1048576]} | ret=SUCCESS |  
2019-08-21 12:27:58,359 [grpc-default-executor-4] INFO  client.GrpcClientProtocolClient (GrpcClientProtocolClient.java:onNext(255)) - client-C954105195FD->270584e6-a4a8-4db5-8151-214655ce1a56: receive RaftClientReply:client-C954105195FD->270584e6-a4a8-4db5-8151-214655ce1a56@group-787F5BA3AA67, cid=1176, SUCCESS, logIndex=1624, commits[270584e6-a4a8-4db5-8151-214655ce1a56:c1625, af078b8b-61ec-497f-9506-472d46a72462:c1621, 09fb9ab4-1b8d-44c0-9f8c-50855c6f1fed:c1621]
2019-08-21 12:27:58,360 [grpc-default-executor-4] INFO  client.GrpcClientProtocolClient (GrpcClientProtocolClient.java:onNext(255)) - client-C954105195FD->270584e6-a4a8-4db5-8151-214655ce1a56: receive RaftClientReply:client-C954105195FD->270584e6-a4a8-4db5-8151-214655ce1a56@group-787F5BA3AA67, cid=1177, SUCCESS, logIndex=1625, commits[270584e6-a4a8-4db5-8151-214655ce1a56:c1627, af078b8b-61ec-497f-9506-472d46a72462:c1623, 09fb9ab4-1b8d-44c0-9f8c-50855c6f1fed:c1623]
2019-08-21 12:27:58,360 | INFO  | DNAudit | user=null | ip=null | op=WRITE_CHUNK {blockData=conID: 3 locID: 102654965999010253 bcsId: 0} | ret=SUCCESS |  
2019-08-21 12:27:58,360 | INFO  | DNAudit | user=null | ip=null | op=WRITE_CHUNK {blockData=conID: 3 locID: 102654965999010253 bcsId: 0} | ret=SUCCESS |  
2019-08-21 12:27:58,360 | INFO  | DNAudit | user=null | ip=null | op=PUT_BLOCK {blockData=[blockId=conID: 3 locID: 102654965999010253 bcsId: 0,size=2097152]} | ret=SUCCESS |  
2019-08-21 12:27:58,360 | INFO  | DNAudit | user=null | ip=null | op=PUT_BLOCK {blockData=[blockId=conID: 3 locID: 102654965999010253 bcsId: 0,size=2097152]} | ret=SUCCESS |  
2019-08-21 12:27:58,366 | INFO  | DNAudit | user=null | ip=null | op=WRITE_CHUNK {blockData=conID: 3 locID: 102654965999010253 bcsId: 1625} | ret=SUCCESS |  
2019-08-21 12:27:58,369 | INFO  | DNAudit | user=null | ip=null | op=WRITE_CHUNK {blockData=conID: 3 locID: 102654965999010253 bcsId: 1625} | ret=SUCCESS |  
2019-08-21 12:27:58,369 | INFO  | DNAudit | user=null | ip=null | op=WRITE_CHUNK {blockData=conID: 3 locID: 102654965999010253 bcsId: 1625} | ret=SUCCESS |  
2019-08-21 12:27:58,379 | INFO  | DNAudit | user=null | ip=null | op=WRITE_CHUNK {blockData=conID: 3 locID: 102654965999010253 bcsId: 1625} | ret=SUCCESS |  
2019-08-21 12:27:58,379 | INFO  | DNAudit | user=null | ip=null | op=PUT_BLOCK {blockData=[blockId=conID: 3 locID: 102654965999010253 bcsId: 0,size=3145728]} | ret=SUCCESS |  
2019-08-21 12:27:58,379 [grpc-default-executor-2] INFO  client.GrpcClientProtocolClient (GrpcClientProtocolClient.java:onNext(255)) - client-C954105195FD->270584e6-a4a8-4db5-8151-214655ce1a56: receive RaftClientReply:client-C954105195FD->270584e6-a4a8-4db5-8151-214655ce1a56@group-787F5BA3AA67, cid=1178, SUCCESS, logIndex=1630, commits[270584e6-a4a8-4db5-8151-214655ce1a56:c1631, af078b8b-61ec-497f-9506-472d46a72462:c1629, 09fb9ab4-1b8d-44c0-9f8c-50855c6f1fed:c1629]
2019-08-21 12:27:58,380 [grpc-default-executor-2] INFO  client.GrpcClientProtocolClient (GrpcClientProtocolClient.java:onNext(255)) - client-C954105195FD->270584e6-a4a8-4db5-8151-214655ce1a56: receive RaftClientReply:client-C954105195FD->270584e6-a4a8-4db5-8151-214655ce1a56@group-787F5BA3AA67, cid=1179, SUCCESS, logIndex=1631, commits[270584e6-a4a8-4db5-8151-214655ce1a56:c1631, af078b8b-61ec-497f-9506-472d46a72462:c1629, 09fb9ab4-1b8d-44c0-9f8c-50855c6f1fed:c1629]
2019-08-21 12:27:58,386 | INFO  | DNAudit | user=null | ip=null | op=WRITE_CHUNK {blockData=conID: 3 locID: 102654965999010253 bcsId: 1631} | ret=SUCCESS |  
2019-08-21 12:27:58,388 | INFO  | DNAudit | user=null | ip=null | op=WRITE_CHUNK {blockData=conID: 3 locID: 102654965999010253 bcsId: 1631} | ret=SUCCESS |  
2019-08-21 12:27:58,388 | INFO  | DNAudit | user=null | ip=null | op=WRITE_CHUNK {blockData=conID: 3 locID: 102654965999010253 bcsId: 1631} | ret=SUCCESS |  
2019-08-21 12:27:58,390 | INFO  | DNAudit | user=null | ip=null | op=WRITE_CHUNK {blockData=conID: 3 locID: 102654965999010253 bcsId: 1625} | ret=SUCCESS |  
2019-08-21 12:27:58,390 | INFO  | DNAudit | user=null | ip=null | op=WRITE_CHUNK {blockData=conID: 3 locID: 102654965999010253 bcsId: 1625} | ret=SUCCESS |  
2019-08-21 12:27:58,393 | INFO  | DNAudit | user=null | ip=null | op=PUT_BLOCK {blockData=[blockId=conID: 3 locID: 102654965999010253 bcsId: 0,size=3145728]} | ret=SUCCESS |  
2019-08-21 12:27:58,393 | INFO  | DNAudit | user=null | ip=null | op=PUT_BLOCK {blockData=[blockId=conID: 3 locID: 102654965999010253 bcsId: 0,size=3145728]} | ret=SUCCESS |  
2019-08-21 12:27:58,393 | INFO  | DNAudit | user=null | ip=null | op=WRITE_CHUNK {blockData=conID: 3 locID: 102654965999010253 bcsId: 1631} | ret=SUCCESS |  
2019-08-21 12:27:58,394 | INFO  | DNAudit | user=null | ip=null | op=PUT_BLOCK {blockData=[blockId=conID: 3 locID: 102654965999010253 bcsId: 0,size=4194304]} | ret=SUCCESS |  
2019-08-21 12:27:58,394 [grpc-default-executor-2] INFO  client.GrpcClientProtocolClient (GrpcClientProtocolClient.java:onNext(255)) - client-C954105195FD->270584e6-a4a8-4db5-8151-214655ce1a56: receive RaftClientReply:client-C954105195FD->270584e6-a4a8-4db5-8151-214655ce1a56@group-787F5BA3AA67, cid=1180, SUCCESS, logIndex=1634, commits[270584e6-a4a8-4db5-8151-214655ce1a56:c1635, af078b8b-61ec-497f-9506-472d46a72462:c1631, 09fb9ab4-1b8d-44c0-9f8c-50855c6f1fed:c1631]
2019-08-21 12:27:58,394 [grpc-default-executor-2] INFO  client.GrpcClientProtocolClient (GrpcClientProtocolClient.java:onNext(255)) - client-C954105195FD->270584e6-a4a8-4db5-8151-214655ce1a56: receive RaftClientReply:client-C954105195FD->270584e6-a4a8-4db5-8151-214655ce1a56@group-787F5BA3AA67, cid=1181, SUCCESS, logIndex=1635, commits[270584e6-a4a8-4db5-8151-214655ce1a56:c1635, af078b8b-61ec-497f-9506-472d46a72462:c1631, 09fb9ab4-1b8d-44c0-9f8c-50855c6f1fed:c1631]
2019-08-21 12:27:58,405 | INFO  | DNAudit | user=null | ip=null | op=WRITE_CHUNK {blockData=conID: 3 locID: 102654965999010253 bcsId: 1631} | ret=SUCCESS |  
2019-08-21 12:27:58,405 | INFO  | DNAudit | user=null | ip=null | op=WRITE_CHUNK {blockData=conID: 3 locID: 102654965999010253 bcsId: 1631} | ret=SUCCESS |  
2019-08-21 12:27:58,406 | INFO  | DNAudit | user=null | ip=null | op=PUT_BLOCK {blockData=[blockId=conID: 3 locID: 102654965999010253 bcsId: 0,size=4194304]} | ret=SUCCESS |  
2019-08-21 12:27:58,406 | INFO  | DNAudit | user=null | ip=null | op=PUT_BLOCK {blockData=[blockId=conID: 3 locID: 102654965999010253 bcsId: 0,size=4194304]} | ret=SUCCESS |  
2019-08-21 12:27:58,407 [grpc-default-executor-1] INFO  client.GrpcClientProtocolClient (GrpcClientProtocolClient.java:onNext(255)) - client-C954105195FD->270584e6-a4a8-4db5-8151-214655ce1a56: receive RaftClientReply:client-C954105195FD->270584e6-a4a8-4db5-8151-214655ce1a56@group-787F5BA3AA67, cid=1182, SUCCESS, logIndex=0, commits[270584e6-a4a8-4db5-8151-214655ce1a56:c1637, af078b8b-61ec-497f-9506-472d46a72462:c1635, 09fb9ab4-1b8d-44c0-9f8c-50855c6f1fed:c1635]
2019-08-21 12:27:58,413 | INFO  | DNAudit | user=null | ip=null | op=WRITE_CHUNK {blockData=conID: 1 locID: 102654965999010254 bcsId: 0} | ret=SUCCESS |  
2019-08-21 12:27:58,417 | INFO  | DNAudit | user=null | ip=null | op=WRITE_CHUNK {blockData=conID: 1 locID: 102654965999010254 bcsId: 0} | ret=SUCCESS |  
2019-08-21 12:27:58,417 | INFO  | DNAudit | user=null | ip=null | op=WRITE_CHUNK {blockData=conID: 1 locID: 102654965999010254 bcsId: 0} | ret=SUCCESS |  
2019-08-21 12:27:58,417 | INFO  | DNAudit | user=null | ip=null | op=WRITE_CHUNK {blockData=conID: 1 locID: 102654965999010254 bcsId: 0} | ret=SUCCESS |  
2019-08-21 12:27:58,419 | INFO  | DNAudit | user=null | ip=null | op=WRITE_CHUNK {blockData=conID: 1 locID: 102654965999010254 bcsId: 0} | ret=SUCCESS |  
2019-08-21 12:27:58,419 | INFO  | DNAudit | user=null | ip=null | op=WRITE_CHUNK {blockData=conID: 1 locID: 102654965999010254 bcsId: 0} | ret=SUCCESS |  
2019-08-21 12:27:58,426 | INFO  | DNAudit | user=null | ip=null | op=WRITE_CHUNK {blockData=conID: 1 locID: 102654965999010254 bcsId: 0} | ret=SUCCESS |  
2019-08-21 12:27:58,427 | INFO  | DNAudit | user=null | ip=null | op=PUT_BLOCK {blockData=[blockId=conID: 1 locID: 102654965999010254 bcsId: 0,size=1048576]} | ret=SUCCESS |  
2019-08-21 12:27:58,427 [grpc-default-executor-4] INFO  client.GrpcClientProtocolClient (GrpcClientProtocolClient.java:onNext(255)) - client-C954105195FD->270584e6-a4a8-4db5-8151-214655ce1a56: receive RaftClientReply:client-C954105195FD->270584e6-a4a8-4db5-8151-214655ce1a56@group-787F5BA3AA67, cid=1183, SUCCESS, logIndex=1638, commits[270584e6-a4a8-4db5-8151-214655ce1a56:c1639, af078b8b-61ec-497f-9506-472d46a72462:c1637, 09fb9ab4-1b8d-44c0-9f8c-50855c6f1fed:c1637]
2019-08-21 12:27:58,427 | INFO  | DNAudit | user=null | ip=null | op=WRITE_CHUNK {blockData=conID: 1 locID: 102654965999010254 bcsId: 0} | ret=SUCCESS |  
2019-08-21 12:27:58,427 | INFO  | DNAudit | user=null | ip=null | op=PUT_BLOCK {blockData=[blockId=conID: 1 locID: 102654965999010254 bcsId: 0,size=2097152]} | ret=SUCCESS |  
2019-08-21 12:27:58,428 | INFO  | DNAudit | user=null | ip=null | op=WRITE_CHUNK {blockData=conID: 1 locID: 102654965999010254 bcsId: 0} | ret=SUCCESS |  
2019-08-21 12:27:58,428 | INFO  | DNAudit | user=null | ip=null | op=PUT_BLOCK {blockData=[blockId=conID: 1 locID: 102654965999010254 bcsId: 0,size=1048576]} | ret=SUCCESS |  
2019-08-21 12:27:58,428 [grpc-default-executor-1] INFO  client.GrpcClientProtocolClient (GrpcClientProtocolClient.java:onNext(255)) - client-C954105195FD->270584e6-a4a8-4db5-8151-214655ce1a56: receive RaftClientReply:client-C954105195FD->270584e6-a4a8-4db5-8151-214655ce1a56@group-787F5BA3AA67, cid=1184, SUCCESS, logIndex=1639, commits[270584e6-a4a8-4db5-8151-214655ce1a56:c1641, af078b8b-61ec-497f-9506-472d46a72462:c1637, 09fb9ab4-1b8d-44c0-9f8c-50855c6f1fed:c1637]
2019-08-21 12:27:58,428 | INFO  | DNAudit | user=null | ip=null | op=WRITE_CHUNK {blockData=conID: 1 locID: 102654965999010254 bcsId: 0} | ret=SUCCESS |  
2019-08-21 12:27:58,428 [grpc-default-executor-1] INFO  client.GrpcClientProtocolClient (GrpcClientProtocolClient.java:onNext(255)) - client-C954105195FD->270584e6-a4a8-4db5-8151-214655ce1a56: receive RaftClientReply:client-C954105195FD->270584e6-a4a8-4db5-8151-214655ce1a56@group-787F5BA3AA67, cid=1185, SUCCESS, logIndex=1640, commits[270584e6-a4a8-4db5-8151-214655ce1a56:c1641, af078b8b-61ec-497f-9506-472d46a72462:c1637, 09fb9ab4-1b8d-44c0-9f8c-50855c6f1fed:c1637]
2019-08-21 12:27:58,428 [grpc-default-executor-1] INFO  client.GrpcClientProtocolClient (GrpcClientProtocolClient.java:onNext(255)) - client-C954105195FD->270584e6-a4a8-4db5-8151-214655ce1a56: receive RaftClientReply:client-C954105195FD->270584e6-a4a8-4db5-8151-214655ce1a56@group-787F5BA3AA67, cid=1186, SUCCESS, logIndex=1641, commits[270584e6-a4a8-4db5-8151-214655ce1a56:c1641, af078b8b-61ec-497f-9506-472d46a72462:c1637, 09fb9ab4-1b8d-44c0-9f8c-50855c6f1fed:c1639]
2019-08-21 12:27:58,428 | INFO  | DNAudit | user=null | ip=null | op=PUT_BLOCK {blockData=[blockId=conID: 1 locID: 102654965999010254 bcsId: 0,size=1048576]} | ret=SUCCESS |  
2019-08-21 12:27:58,429 | INFO  | DNAudit | user=null | ip=null | op=WRITE_CHUNK {blockData=conID: 1 locID: 102654965999010254 bcsId: 0} | ret=SUCCESS |  
2019-08-21 12:27:58,429 | INFO  | DNAudit | user=null | ip=null | op=PUT_BLOCK {blockData=[blockId=conID: 1 locID: 102654965999010254 bcsId: 0,size=2097152]} | ret=SUCCESS |  
2019-08-21 12:27:58,429 | INFO  | DNAudit | user=null | ip=null | op=WRITE_CHUNK {blockData=conID: 1 locID: 102654965999010254 bcsId: 0} | ret=SUCCESS |  
2019-08-21 12:27:58,429 [grpc-default-executor-2] INFO  client.GrpcClientProtocolClient (GrpcClientProtocolClient.java:onNext(255)) - client-C954105195FD->270584e6-a4a8-4db5-8151-214655ce1a56: receive RaftClientReply:client-C954105195FD->270584e6-a4a8-4db5-8151-214655ce1a56@group-787F5BA3AA67, cid=1187, SUCCESS, logIndex=0, commits[270584e6-a4a8-4db5-8151-214655ce1a56:c1643, af078b8b-61ec-497f-9506-472d46a72462:c1639, 09fb9ab4-1b8d-44c0-9f8c-50855c6f1fed:c1639]
2019-08-21 12:27:58,430 | INFO  | DNAudit | user=null | ip=null | op=PUT_BLOCK {blockData=[blockId=conID: 1 locID: 102654965999010254 bcsId: 0,size=2097152]} | ret=SUCCESS |  
2019-08-21 12:27:58,436 | INFO  | DNAudit | user=null | ip=null | op=WRITE_CHUNK {blockData=conID: 1 locID: 102654965999010254 bcsId: 1641} | ret=SUCCESS |  
2019-08-21 12:27:58,438 | INFO  | DNAudit | user=null | ip=null | op=WRITE_CHUNK {blockData=conID: 1 locID: 102654965999010254 bcsId: 1641} | ret=SUCCESS |  
2019-08-21 12:27:58,439 | INFO  | DNAudit | user=null | ip=null | op=WRITE_CHUNK {blockData=conID: 1 locID: 102654965999010254 bcsId: 1641} | ret=SUCCESS |  
2019-08-21 12:27:58,449 | INFO  | DNAudit | user=null | ip=null | op=WRITE_CHUNK {blockData=conID: 1 locID: 102654965999010254 bcsId: 1641} | ret=SUCCESS |  
2019-08-21 12:27:58,449 | INFO  | DNAudit | user=null | ip=null | op=PUT_BLOCK {blockData=[blockId=conID: 1 locID: 102654965999010254 bcsId: 0,size=3145728]} | ret=SUCCESS |  
2019-08-21 12:27:58,449 [grpc-default-executor-2] INFO  client.GrpcClientProtocolClient (GrpcClientProtocolClient.java:onNext(255)) - client-C954105195FD->270584e6-a4a8-4db5-8151-214655ce1a56: receive RaftClientReply:client-C954105195FD->270584e6-a4a8-4db5-8151-214655ce1a56@group-787F5BA3AA67, cid=1188, SUCCESS, logIndex=1646, commits[270584e6-a4a8-4db5-8151-214655ce1a56:c1647, af078b8b-61ec-497f-9506-472d46a72462:c1645, 09fb9ab4-1b8d-44c0-9f8c-50855c6f1fed:c1645]
2019-08-21 12:27:58,450 [grpc-default-executor-2] INFO  client.GrpcClientProtocolClient (GrpcClientProtocolClient.java:onNext(255)) - client-C954105195FD->270584e6-a4a8-4db5-8151-214655ce1a56: receive RaftClientReply:client-C954105195FD->270584e6-a4a8-4db5-8151-214655ce1a56@group-787F5BA3AA67, cid=1189, SUCCESS, logIndex=1647, commits[270584e6-a4a8-4db5-8151-214655ce1a56:c1647, af078b8b-61ec-497f-9506-472d46a72462:c1645, 09fb9ab4-1b8d-44c0-9f8c-50855c6f1fed:c1645]
 0.00% |█                                                                                                    |  0/1 Time: 0:00:062019-08-21 12:27:58,582 | INFO  | DNAudit | user=null | ip=null | op=WRITE_CHUNK {blockData=conID: 1 locID: 102654965999010254 bcsId: 1641} | ret=SUCCESS |  
2019-08-21 12:27:58,582 | INFO  | DNAudit | user=null | ip=null | op=WRITE_CHUNK {blockData=conID: 1 locID: 102654965999010254 bcsId: 1641} | ret=SUCCESS |  
2019-08-21 12:27:58,582 | INFO  | DNAudit | user=null | ip=null | op=PUT_BLOCK {blockData=[blockId=conID: 1 locID: 102654965999010254 bcsId: 0,size=3145728]} | ret=SUCCESS |  
2019-08-21 12:27:58,585 | INFO  | DNAudit | user=null | ip=null | op=WRITE_CHUNK {blockData=conID: 1 locID: 102654965999010254 bcsId: 1647} | ret=SUCCESS |  
2019-08-21 12:27:58,589 | INFO  | DNAudit | user=null | ip=null | op=WRITE_CHUNK {blockData=conID: 1 locID: 102654965999010254 bcsId: 1647} | ret=SUCCESS |  
2019-08-21 12:27:58,589 | INFO  | DNAudit | user=null | ip=null | op=WRITE_CHUNK {blockData=conID: 1 locID: 102654965999010254 bcsId: 1647} | ret=SUCCESS |  
2019-08-21 12:27:58,593 | INFO  | DNAudit | user=null | ip=null | op=PUT_BLOCK {blockData=[blockId=conID: 1 locID: 102654965999010254 bcsId: 0,size=3145728]} | ret=SUCCESS |  
2019-08-21 12:27:58,595 | INFO  | DNAudit | user=null | ip=null | op=WRITE_CHUNK {blockData=conID: 1 locID: 102654965999010254 bcsId: 1647} | ret=SUCCESS |  
2019-08-21 12:27:58,596 | INFO  | DNAudit | user=null | ip=null | op=PUT_BLOCK {blockData=[blockId=conID: 1 locID: 102654965999010254 bcsId: 0,size=4194304]} | ret=SUCCESS |  
2019-08-21 12:27:58,596 [grpc-default-executor-4] INFO  client.GrpcClientProtocolClient (GrpcClientProtocolClient.java:onNext(255)) - client-C954105195FD->270584e6-a4a8-4db5-8151-214655ce1a56: receive RaftClientReply:client-C954105195FD->270584e6-a4a8-4db5-8151-214655ce1a56@group-787F5BA3AA67, cid=1190, SUCCESS, logIndex=1650, commits[270584e6-a4a8-4db5-8151-214655ce1a56:c1651, af078b8b-61ec-497f-9506-472d46a72462:c1648, 09fb9ab4-1b8d-44c0-9f8c-50855c6f1fed:c1648]
2019-08-21 12:27:58,597 [grpc-default-executor-4] INFO  client.GrpcClientProtocolClient (GrpcClientProtocolClient.java:onNext(255)) - client-C954105195FD->270584e6-a4a8-4db5-8151-214655ce1a56: receive RaftClientReply:client-C954105195FD->270584e6-a4a8-4db5-8151-214655ce1a56@group-787F5BA3AA67, cid=1191, SUCCESS, logIndex=1651, commits[270584e6-a4a8-4db5-8151-214655ce1a56:c1651, af078b8b-61ec-497f-9506-472d46a72462:c1648, 09fb9ab4-1b8d-44c0-9f8c-50855c6f1fed:c1648]
2019-08-21 12:27:58,607 | INFO  | DNAudit | user=null | ip=null | op=WRITE_CHUNK {blockData=conID: 1 locID: 102654965999010254 bcsId: 1647} | ret=SUCCESS |  
2019-08-21 12:27:58,607 | INFO  | DNAudit | user=null | ip=null | op=WRITE_CHUNK {blockData=conID: 1 locID: 102654965999010254 bcsId: 1647} | ret=SUCCESS |  
2019-08-21 12:27:58,608 | INFO  | DNAudit | user=null | ip=null | op=PUT_BLOCK {blockData=[blockId=conID: 1 locID: 102654965999010254 bcsId: 0,size=4194304]} | ret=SUCCESS |  
2019-08-21 12:27:58,608 | INFO  | DNAudit | user=null | ip=null | op=PUT_BLOCK {blockData=[blockId=conID: 1 locID: 102654965999010254 bcsId: 0,size=4194304]} | ret=SUCCESS |  
2019-08-21 12:27:58,609 [grpc-default-executor-4] INFO  client.GrpcClientProtocolClient (GrpcClientProtocolClient.java:onNext(255)) - client-C954105195FD->270584e6-a4a8-4db5-8151-214655ce1a56: receive RaftClientReply:client-C954105195FD->270584e6-a4a8-4db5-8151-214655ce1a56@group-787F5BA3AA67, cid=1192, SUCCESS, logIndex=0, commits[270584e6-a4a8-4db5-8151-214655ce1a56:c1653, af078b8b-61ec-497f-9506-472d46a72462:c1651, 09fb9ab4-1b8d-44c0-9f8c-50855c6f1fed:c1651]
2019-08-21 12:27:58,616 | INFO  | DNAudit | user=null | ip=null | op=WRITE_CHUNK {blockData=conID: 2 locID: 102654965999075791 bcsId: 0} | ret=SUCCESS |  
2019-08-21 12:27:58,619 | INFO  | DNAudit | user=null | ip=null | op=WRITE_CHUNK {blockData=conID: 2 locID: 102654965999075791 bcsId: 0} | ret=SUCCESS |  
2019-08-21 12:27:58,619 | INFO  | DNAudit | user=null | ip=null | op=WRITE_CHUNK {blockData=conID: 2 locID: 102654965999075791 bcsId: 0} | ret=SUCCESS |  
2019-08-21 12:27:58,619 | INFO  | DNAudit | user=null | ip=null | op=WRITE_CHUNK {blockData=conID: 2 locID: 102654965999075791 bcsId: 0} | ret=SUCCESS |  
2019-08-21 12:27:58,622 | INFO  | DNAudit | user=null | ip=null | op=WRITE_CHUNK {blockData=conID: 2 locID: 102654965999075791 bcsId: 0} | ret=SUCCESS |  
2019-08-21 12:27:58,624 | INFO  | DNAudit | user=null | ip=null | op=WRITE_CHUNK {blockData=conID: 2 locID: 102654965999075791 bcsId: 0} | ret=SUCCESS |  
2019-08-21 12:27:58,629 | INFO  | DNAudit | user=null | ip=null | op=WRITE_CHUNK {blockData=conID: 2 locID: 102654965999075791 bcsId: 0} | ret=SUCCESS |  
2019-08-21 12:27:58,630 | INFO  | DNAudit | user=null | ip=null | op=PUT_BLOCK {blockData=[blockId=conID: 2 locID: 102654965999075791 bcsId: 0,size=1048576]} | ret=SUCCESS |  
2019-08-21 12:27:58,630 | INFO  | DNAudit | user=null | ip=null | op=WRITE_CHUNK {blockData=conID: 2 locID: 102654965999075791 bcsId: 0} | ret=SUCCESS |  
2019-08-21 12:27:58,631 | INFO  | DNAudit | user=null | ip=null | op=PUT_BLOCK {blockData=[blockId=conID: 2 locID: 102654965999075791 bcsId: 0,size=2097152]} | ret=SUCCESS |  
2019-08-21 12:27:58,630 [grpc-default-executor-4] INFO  client.GrpcClientProtocolClient (GrpcClientProtocolClient.java:onNext(255)) - client-C954105195FD->270584e6-a4a8-4db5-8151-214655ce1a56: receive RaftClientReply:client-C954105195FD->270584e6-a4a8-4db5-8151-214655ce1a56@group-787F5BA3AA67, cid=1193, SUCCESS, logIndex=1654, commits[270584e6-a4a8-4db5-8151-214655ce1a56:c1655, af078b8b-61ec-497f-9506-472d46a72462:c1653, 09fb9ab4-1b8d-44c0-9f8c-50855c6f1fed:c1653]
2019-08-21 12:27:58,631 | INFO  | DNAudit | user=null | ip=null | op=WRITE_CHUNK {blockData=conID: 2 locID: 102654965999075791 bcsId: 0} | ret=SUCCESS |  
2019-08-21 12:27:58,631 | INFO  | DNAudit | user=null | ip=null | op=PUT_BLOCK {blockData=[blockId=conID: 2 locID: 102654965999075791 bcsId: 0,size=1048576]} | ret=SUCCESS |  
2019-08-21 12:27:58,631 | INFO  | DNAudit | user=null | ip=null | op=WRITE_CHUNK {blockData=conID: 2 locID: 102654965999075791 bcsId: 0} | ret=SUCCESS |  
2019-08-21 12:27:58,631 [grpc-default-executor-4] INFO  client.GrpcClientProtocolClient (GrpcClientProtocolClient.java:onNext(255)) - client-C954105195FD->270584e6-a4a8-4db5-8151-214655ce1a56: receive RaftClientReply:client-C954105195FD->270584e6-a4a8-4db5-8151-214655ce1a56@group-787F5BA3AA67, cid=1194, SUCCESS, logIndex=1655, commits[270584e6-a4a8-4db5-8151-214655ce1a56:c1657, af078b8b-61ec-497f-9506-472d46a72462:c1653, 09fb9ab4-1b8d-44c0-9f8c-50855c6f1fed:c1653]
2019-08-21 12:27:58,632 | INFO  | DNAudit | user=null | ip=null | op=PUT_BLOCK {blockData=[blockId=conID: 2 locID: 102654965999075791 bcsId: 0,size=1048576]} | ret=SUCCESS |  
2019-08-21 12:27:58,632 [grpc-default-executor-4] INFO  client.GrpcClientProtocolClient (GrpcClientProtocolClient.java:onNext(255)) - client-C954105195FD->270584e6-a4a8-4db5-8151-214655ce1a56: receive RaftClientReply:client-C954105195FD->270584e6-a4a8-4db5-8151-214655ce1a56@group-787F5BA3AA67, cid=1195, SUCCESS, logIndex=1656, commits[270584e6-a4a8-4db5-8151-214655ce1a56:c1657, af078b8b-61ec-497f-9506-472d46a72462:c1653, 09fb9ab4-1b8d-44c0-9f8c-50855c6f1fed:c1653]
2019-08-21 12:27:58,632 | INFO  | DNAudit | user=null | ip=null | op=WRITE_CHUNK {blockData=conID: 2 locID: 102654965999075791 bcsId: 0} | ret=SUCCESS |  
2019-08-21 12:27:58,632 | INFO  | DNAudit | user=null | ip=null | op=PUT_BLOCK {blockData=[blockId=conID: 2 locID: 102654965999075791 bcsId: 0,size=2097152]} | ret=SUCCESS |  
2019-08-21 12:27:58,633 [grpc-default-executor-5] INFO  client.GrpcClientProtocolClient (GrpcClientProtocolClient.java:onNext(255)) - client-C954105195FD->270584e6-a4a8-4db5-8151-214655ce1a56: receive RaftClientReply:client-C954105195FD->270584e6-a4a8-4db5-8151-214655ce1a56@group-787F5BA3AA67, cid=1196, SUCCESS, logIndex=1657, commits[270584e6-a4a8-4db5-8151-214655ce1a56:c1657, af078b8b-61ec-497f-9506-472d46a72462:c1653, 09fb9ab4-1b8d-44c0-9f8c-50855c6f1fed:c1653]
2019-08-21 12:27:58,634 [grpc-default-executor-4] INFO  client.GrpcClientProtocolClient (GrpcClientProtocolClient.java:onNext(255)) - client-C954105195FD->270584e6-a4a8-4db5-8151-214655ce1a56: receive RaftClientReply:client-C954105195FD->270584e6-a4a8-4db5-8151-214655ce1a56@group-787F5BA3AA67, cid=1197, SUCCESS, logIndex=0, commits[270584e6-a4a8-4db5-8151-214655ce1a56:c1659, af078b8b-61ec-497f-9506-472d46a72462:c1657, 09fb9ab4-1b8d-44c0-9f8c-50855c6f1fed:c1655]
2019-08-21 12:27:58,634 | INFO  | DNAudit | user=null | ip=null | op=WRITE_CHUNK {blockData=conID: 2 locID: 102654965999075791 bcsId: 0} | ret=SUCCESS |  
2019-08-21 12:27:58,635 | INFO  | DNAudit | user=null | ip=null | op=PUT_BLOCK {blockData=[blockId=conID: 2 locID: 102654965999075791 bcsId: 0,size=2097152]} | ret=SUCCESS |  
2019-08-21 12:27:58,641 | INFO  | DNAudit | user=null | ip=null | op=WRITE_CHUNK {blockData=conID: 2 locID: 102654965999075791 bcsId: 1657} | ret=SUCCESS |  
2019-08-21 12:27:58,644 | INFO  | DNAudit | user=null | ip=null | op=WRITE_CHUNK {blockData=conID: 2 locID: 102654965999075791 bcsId: 1657} | ret=SUCCESS |  
2019-08-21 12:27:58,644 | INFO  | DNAudit | user=null | ip=null | op=WRITE_CHUNK {blockData=conID: 2 locID: 102654965999075791 bcsId: 1657} | ret=SUCCESS |  
2019-08-21 12:27:58,654 | INFO  | DNAudit | user=null | ip=null | op=WRITE_CHUNK {blockData=conID: 2 locID: 102654965999075791 bcsId: 1657} | ret=SUCCESS |  
2019-08-21 12:27:58,655 | INFO  | DNAudit | user=null | ip=null | op=PUT_BLOCK {blockData=[blockId=conID: 2 locID: 102654965999075791 bcsId: 0,size=3145728]} | ret=SUCCESS |  
2019-08-21 12:27:58,655 [grpc-default-executor-4] INFO  client.GrpcClientProtocolClient (GrpcClientProtocolClient.java:onNext(255)) - client-C954105195FD->270584e6-a4a8-4db5-8151-214655ce1a56: receive RaftClientReply:client-C954105195FD->270584e6-a4a8-4db5-8151-214655ce1a56@group-787F5BA3AA67, cid=1198, SUCCESS, logIndex=1662, commits[270584e6-a4a8-4db5-8151-214655ce1a56:c1663, af078b8b-61ec-497f-9506-472d46a72462:c1661, 09fb9ab4-1b8d-44c0-9f8c-50855c6f1fed:c1661]
2019-08-21 12:27:58,655 [grpc-default-executor-4] INFO  client.GrpcClientProtocolClient (GrpcClientProtocolClient.java:onNext(255)) - client-C954105195FD->270584e6-a4a8-4db5-8151-214655ce1a56: receive RaftClientReply:client-C954105195FD->270584e6-a4a8-4db5-8151-214655ce1a56@group-787F5BA3AA67, cid=1199, SUCCESS, logIndex=1663, commits[270584e6-a4a8-4db5-8151-214655ce1a56:c1663, af078b8b-61ec-497f-9506-472d46a72462:c1661, 09fb9ab4-1b8d-44c0-9f8c-50855c6f1fed:c1661]
2019-08-21 12:27:58,662 | INFO  | DNAudit | user=null | ip=null | op=WRITE_CHUNK {blockData=conID: 2 locID: 102654965999075791 bcsId: 1663} | ret=SUCCESS |  
2019-08-21 12:27:58,665 | INFO  | DNAudit | user=null | ip=null | op=WRITE_CHUNK {blockData=conID: 2 locID: 102654965999075791 bcsId: 1663} | ret=SUCCESS |  
2019-08-21 12:27:58,665 | INFO  | DNAudit | user=null | ip=null | op=WRITE_CHUNK {blockData=conID: 2 locID: 102654965999075791 bcsId: 1663} | ret=SUCCESS |  
2019-08-21 12:27:58,666 | INFO  | DNAudit | user=null | ip=null | op=WRITE_CHUNK {blockData=conID: 2 locID: 102654965999075791 bcsId: 1657} | ret=SUCCESS |  
2019-08-21 12:27:58,666 | INFO  | DNAudit | user=null | ip=null | op=WRITE_CHUNK {blockData=conID: 2 locID: 102654965999075791 bcsId: 1657} | ret=SUCCESS |  
2019-08-21 12:27:58,666 | INFO  | DNAudit | user=null | ip=null | op=PUT_BLOCK {blockData=[blockId=conID: 2 locID: 102654965999075791 bcsId: 0,size=3145728]} | ret=SUCCESS |  
2019-08-21 12:27:58,666 | INFO  | DNAudit | user=null | ip=null | op=PUT_BLOCK {blockData=[blockId=conID: 2 locID: 102654965999075791 bcsId: 0,size=3145728]} | ret=SUCCESS |  
2019-08-21 12:27:58,669 | INFO  | DNAudit | user=null | ip=null | op=WRITE_CHUNK {blockData=conID: 2 locID: 102654965999075791 bcsId: 1663} | ret=SUCCESS |  
2019-08-21 12:27:58,670 | INFO  | DNAudit | user=null | ip=null | op=PUT_BLOCK {blockData=[blockId=conID: 2 locID: 102654965999075791 bcsId: 0,size=4194304]} | ret=SUCCESS |  
2019-08-21 12:27:58,670 [grpc-default-executor-4] INFO  client.GrpcClientProtocolClient (GrpcClientProtocolClient.java:onNext(255)) - client-C954105195FD->270584e6-a4a8-4db5-8151-214655ce1a56: receive RaftClientReply:client-C954105195FD->270584e6-a4a8-4db5-8151-214655ce1a56@group-787F5BA3AA67, cid=1200, SUCCESS, logIndex=1666, commits[270584e6-a4a8-4db5-8151-214655ce1a56:c1667, af078b8b-61ec-497f-9506-472d46a72462:c1663, 09fb9ab4-1b8d-44c0-9f8c-50855c6f1fed:c1663]
2019-08-21 12:27:58,670 [grpc-default-executor-4] INFO  client.GrpcClientProtocolClient (GrpcClientProtocolClient.java:onNext(255)) - client-C954105195FD->270584e6-a4a8-4db5-8151-214655ce1a56: receive RaftClientReply:client-C954105195FD->270584e6-a4a8-4db5-8151-214655ce1a56@group-787F5BA3AA67, cid=1201, SUCCESS, logIndex=1667, commits[270584e6-a4a8-4db5-8151-214655ce1a56:c1667, af078b8b-61ec-497f-9506-472d46a72462:c1663, 09fb9ab4-1b8d-44c0-9f8c-50855c6f1fed:c1663]
2019-08-21 12:27:58,681 | INFO  | DNAudit | user=null | ip=null | op=WRITE_CHUNK {blockData=conID: 2 locID: 102654965999075791 bcsId: 1663} | ret=SUCCESS |  
2019-08-21 12:27:58,681 | INFO  | DNAudit | user=null | ip=null | op=WRITE_CHUNK {blockData=conID: 2 locID: 102654965999075791 bcsId: 1663} | ret=SUCCESS |  
2019-08-21 12:27:58,683 | INFO  | DNAudit | user=null | ip=null | op=PUT_BLOCK {blockData=[blockId=conID: 2 locID: 102654965999075791 bcsId: 0,size=4194304]} | ret=SUCCESS |  
2019-08-21 12:27:58,683 | INFO  | DNAudit | user=null | ip=null | op=PUT_BLOCK {blockData=[blockId=conID: 2 locID: 102654965999075791 bcsId: 0,size=4194304]} | ret=SUCCESS |  
2019-08-21 12:27:58,684 [grpc-default-executor-4] INFO  client.GrpcClientProtocolClient (GrpcClientProtocolClient.java:onNext(255)) - client-C954105195FD->270584e6-a4a8-4db5-8151-214655ce1a56: receive RaftClientReply:client-C954105195FD->270584e6-a4a8-4db5-8151-214655ce1a56@group-787F5BA3AA67, cid=1202, SUCCESS, logIndex=0, commits[270584e6-a4a8-4db5-8151-214655ce1a56:c1669, af078b8b-61ec-497f-9506-472d46a72462:c1667, 09fb9ab4-1b8d-44c0-9f8c-50855c6f1fed:c1667]
2019-08-21 12:27:58,692 | INFO  | DNAudit | user=null | ip=null | op=WRITE_CHUNK {blockData=conID: 3 locID: 102654965999075792 bcsId: 0} | ret=SUCCESS |  
2019-08-21 12:27:58,696 | INFO  | DNAudit | user=null | ip=null | op=WRITE_CHUNK {blockData=conID: 3 locID: 102654965999075792 bcsId: 0} | ret=SUCCESS |  
2019-08-21 12:27:58,696 | INFO  | DNAudit | user=null | ip=null | op=WRITE_CHUNK {blockData=conID: 3 locID: 102654965999075792 bcsId: 0} | ret=SUCCESS |  
2019-08-21 12:27:58,696 | INFO  | DNAudit | user=null | ip=null | op=WRITE_CHUNK {blockData=conID: 3 locID: 102654965999075792 bcsId: 0} | ret=SUCCESS |  
2019-08-21 12:27:58,698 | INFO  | DNAudit | user=null | ip=null | op=WRITE_CHUNK {blockData=conID: 3 locID: 102654965999075792 bcsId: 0} | ret=SUCCESS |  
2019-08-21 12:27:58,699 | INFO  | DNAudit | user=null | ip=null | op=WRITE_CHUNK {blockData=conID: 3 locID: 102654965999075792 bcsId: 0} | ret=SUCCESS |  
2019-08-21 12:27:58,705 | INFO  | DNAudit | user=null | ip=null | op=WRITE_CHUNK {blockData=conID: 3 locID: 102654965999075792 bcsId: 0} | ret=SUCCESS |  
2019-08-21 12:27:58,706 | INFO  | DNAudit | user=null | ip=null | op=PUT_BLOCK {blockData=[blockId=conID: 3 locID: 102654965999075792 bcsId: 0,size=1048576]} | ret=SUCCESS |  
2019-08-21 12:27:58,706 | INFO  | DNAudit | user=null | ip=null | op=WRITE_CHUNK {blockData=conID: 3 locID: 102654965999075792 bcsId: 0} | ret=SUCCESS |  
2019-08-21 12:27:58,706 [grpc-default-executor-4] INFO  client.GrpcClientProtocolClient (GrpcClientProtocolClient.java:onNext(255)) - client-C954105195FD->270584e6-a4a8-4db5-8151-214655ce1a56: receive RaftClientReply:client-C954105195FD->270584e6-a4a8-4db5-8151-214655ce1a56@group-787F5BA3AA67, cid=1203, SUCCESS, logIndex=1670, commits[270584e6-a4a8-4db5-8151-214655ce1a56:c1673, af078b8b-61ec-497f-9506-472d46a72462:c1669, 09fb9ab4-1b8d-44c0-9f8c-50855c6f1fed:c1669]
2019-08-21 12:27:58,706 | INFO  | DNAudit | user=null | ip=null | op=PUT_BLOCK {blockData=[blockId=conID: 3 locID: 102654965999075792 bcsId: 0,size=2097152]} | ret=SUCCESS |  
2019-08-21 12:27:58,707 [grpc-default-executor-2] INFO  client.GrpcClientProtocolClient (GrpcClientProtocolClient.java:onNext(255)) - client-C954105195FD->270584e6-a4a8-4db5-8151-214655ce1a56: receive RaftClientReply:client-C954105195FD->270584e6-a4a8-4db5-8151-214655ce1a56@group-787F5BA3AA67, cid=1204, SUCCESS, logIndex=1671, commits[270584e6-a4a8-4db5-8151-214655ce1a56:c1673, af078b8b-61ec-497f-9506-472d46a72462:c1669, 09fb9ab4-1b8d-44c0-9f8c-50855c6f1fed:c1669]
2019-08-21 12:27:58,707 | INFO  | DNAudit | user=null | ip=null | op=WRITE_CHUNK {blockData=conID: 3 locID: 102654965999075792 bcsId: 0} | ret=SUCCESS |  
2019-08-21 12:27:58,707 | INFO  | DNAudit | user=null | ip=null | op=WRITE_CHUNK {blockData=conID: 3 locID: 102654965999075792 bcsId: 0} | ret=SUCCESS |  
2019-08-21 12:27:58,707 [grpc-default-executor-2] INFO  client.GrpcClientProtocolClient (GrpcClientProtocolClient.java:onNext(255)) - client-C954105195FD->270584e6-a4a8-4db5-8151-214655ce1a56: receive RaftClientReply:client-C954105195FD->270584e6-a4a8-4db5-8151-214655ce1a56@group-787F5BA3AA67, cid=1205, SUCCESS, logIndex=1672, commits[270584e6-a4a8-4db5-8151-214655ce1a56:c1673, af078b8b-61ec-497f-9506-472d46a72462:c1669, 09fb9ab4-1b8d-44c0-9f8c-50855c6f1fed:c1669]
2019-08-21 12:27:58,707 | INFO  | DNAudit | user=null | ip=null | op=PUT_BLOCK {blockData=[blockId=conID: 3 locID: 102654965999075792 bcsId: 0,size=1048576]} | ret=SUCCESS |  
2019-08-21 12:27:58,707 [grpc-default-executor-2] INFO  client.GrpcClientProtocolClient (GrpcClientProtocolClient.java:onNext(255)) - client-C954105195FD->270584e6-a4a8-4db5-8151-214655ce1a56: receive RaftClientReply:client-C954105195FD->270584e6-a4a8-4db5-8151-214655ce1a56@group-787F5BA3AA67, cid=1206, SUCCESS, logIndex=1673, commits[270584e6-a4a8-4db5-8151-214655ce1a56:c1673, af078b8b-61ec-497f-9506-472d46a72462:c1669, 09fb9ab4-1b8d-44c0-9f8c-50855c6f1fed:c1669]
2019-08-21 12:27:58,708 | INFO  | DNAudit | user=null | ip=null | op=PUT_BLOCK {blockData=[blockId=conID: 3 locID: 102654965999075792 bcsId: 0,size=1048576]} | ret=SUCCESS |  
2019-08-21 12:27:58,708 | INFO  | DNAudit | user=null | ip=null | op=WRITE_CHUNK {blockData=conID: 3 locID: 102654965999075792 bcsId: 0} | ret=SUCCESS |  
2019-08-21 12:27:58,709 | INFO  | DNAudit | user=null | ip=null | op=PUT_BLOCK {blockData=[blockId=conID: 3 locID: 102654965999075792 bcsId: 0,size=2097152]} | ret=SUCCESS |  
2019-08-21 12:27:58,709 | INFO  | DNAudit | user=null | ip=null | op=WRITE_CHUNK {blockData=conID: 3 locID: 102654965999075792 bcsId: 0} | ret=SUCCESS |  
2019-08-21 12:27:58,709 | INFO  | DNAudit | user=null | ip=null | op=PUT_BLOCK {blockData=[blockId=conID: 3 locID: 102654965999075792 bcsId: 0,size=2097152]} | ret=SUCCESS |  
2019-08-21 12:27:58,709 [grpc-default-executor-4] INFO  client.GrpcClientProtocolClient (GrpcClientProtocolClient.java:onNext(255)) - client-C954105195FD->270584e6-a4a8-4db5-8151-214655ce1a56: receive RaftClientReply:client-C954105195FD->270584e6-a4a8-4db5-8151-214655ce1a56@group-787F5BA3AA67, cid=1207, SUCCESS, logIndex=0, commits[270584e6-a4a8-4db5-8151-214655ce1a56:c1675, af078b8b-61ec-497f-9506-472d46a72462:c1671, 09fb9ab4-1b8d-44c0-9f8c-50855c6f1fed:c1671]
2019-08-21 12:27:58,715 | INFO  | DNAudit | user=null | ip=null | op=WRITE_CHUNK {blockData=conID: 3 locID: 102654965999075792 bcsId: 1673} | ret=SUCCESS |  
2019-08-21 12:27:58,717 | INFO  | DNAudit | user=null | ip=null | op=WRITE_CHUNK {blockData=conID: 3 locID: 102654965999075792 bcsId: 1673} | ret=SUCCESS |  
2019-08-21 12:27:58,718 | INFO  | DNAudit | user=null | ip=null | op=WRITE_CHUNK {blockData=conID: 3 locID: 102654965999075792 bcsId: 1673} | ret=SUCCESS |  
2019-08-21 12:27:58,728 | INFO  | DNAudit | user=null | ip=null | op=WRITE_CHUNK {blockData=conID: 3 locID: 102654965999075792 bcsId: 1673} | ret=SUCCESS |  
2019-08-21 12:27:58,729 | INFO  | DNAudit | user=null | ip=null | op=PUT_BLOCK {blockData=[blockId=conID: 3 locID: 102654965999075792 bcsId: 0,size=3145728]} | ret=SUCCESS |  
2019-08-21 12:27:58,729 [grpc-default-executor-2] INFO  client.GrpcClientProtocolClient (GrpcClientProtocolClient.java:onNext(255)) - client-C954105195FD->270584e6-a4a8-4db5-8151-214655ce1a56: receive RaftClientReply:client-C954105195FD->270584e6-a4a8-4db5-8151-214655ce1a56@group-787F5BA3AA67, cid=1208, SUCCESS, logIndex=1678, commits[270584e6-a4a8-4db5-8151-214655ce1a56:c1678, af078b8b-61ec-497f-9506-472d46a72462:c1677, 09fb9ab4-1b8d-44c0-9f8c-50855c6f1fed:c1677]
2019-08-21 12:27:58,729 [grpc-default-executor-2] INFO  client.GrpcClientProtocolClient (GrpcClientProtocolClient.java:onNext(255)) - client-C954105195FD->270584e6-a4a8-4db5-8151-214655ce1a56: receive RaftClientReply:client-C954105195FD->270584e6-a4a8-4db5-8151-214655ce1a56@group-787F5BA3AA67, cid=1209, SUCCESS, logIndex=1679, commits[270584e6-a4a8-4db5-8151-214655ce1a56:c1679, af078b8b-61ec-497f-9506-472d46a72462:c1677, 09fb9ab4-1b8d-44c0-9f8c-50855c6f1fed:c1677]
2019-08-21 12:27:58,735 | INFO  | DNAudit | user=null | ip=null | op=WRITE_CHUNK {blockData=conID: 3 locID: 102654965999075792 bcsId: 1679} | ret=SUCCESS |  
2019-08-21 12:27:58,738 | INFO  | DNAudit | user=null | ip=null | op=WRITE_CHUNK {blockData=conID: 3 locID: 102654965999075792 bcsId: 1679} | ret=SUCCESS |  
2019-08-21 12:27:58,739 | INFO  | DNAudit | user=null | ip=null | op=WRITE_CHUNK {blockData=conID: 3 locID: 102654965999075792 bcsId: 1679} | ret=SUCCESS |  
2019-08-21 12:27:58,741 | INFO  | DNAudit | user=null | ip=null | op=WRITE_CHUNK {blockData=conID: 3 locID: 102654965999075792 bcsId: 1673} | ret=SUCCESS |  
2019-08-21 12:27:58,741 | INFO  | DNAudit | user=null | ip=null | op=WRITE_CHUNK {blockData=conID: 3 locID: 102654965999075792 bcsId: 1673} | ret=SUCCESS |  
2019-08-21 12:27:58,753 | INFO  | DNAudit | user=null | ip=null | op=PUT_BLOCK {blockData=[blockId=conID: 3 locID: 102654965999075792 bcsId: 0,size=3145728]} | ret=SUCCESS |  
2019-08-21 12:27:58,753 | INFO  | DNAudit | user=null | ip=null | op=PUT_BLOCK {blockData=[blockId=conID: 3 locID: 102654965999075792 bcsId: 0,size=3145728]} | ret=SUCCESS |  
2019-08-21 12:27:58,754 | INFO  | DNAudit | user=null | ip=null | op=WRITE_CHUNK {blockData=conID: 3 locID: 102654965999075792 bcsId: 1679} | ret=SUCCESS |  
2019-08-21 12:27:58,754 | INFO  | DNAudit | user=null | ip=null | op=PUT_BLOCK {blockData=[blockId=conID: 3 locID: 102654965999075792 bcsId: 0,size=4194304]} | ret=SUCCESS |  
2019-08-21 12:27:58,755 [grpc-default-executor-2] INFO  client.GrpcClientProtocolClient (GrpcClientProtocolClient.java:onNext(255)) - client-C954105195FD->270584e6-a4a8-4db5-8151-214655ce1a56: receive RaftClientReply:client-C954105195FD->270584e6-a4a8-4db5-8151-214655ce1a56@group-787F5BA3AA67, cid=1210, SUCCESS, logIndex=1682, commits[270584e6-a4a8-4db5-8151-214655ce1a56:c1682, af078b8b-61ec-497f-9506-472d46a72462:c1679, 09fb9ab4-1b8d-44c0-9f8c-50855c6f1fed:c1679]
2019-08-21 12:27:58,755 [grpc-default-executor-2] INFO  client.GrpcClientProtocolClient (GrpcClientProtocolClient.java:onNext(255)) - client-C954105195FD->270584e6-a4a8-4db5-8151-214655ce1a56: receive RaftClientReply:client-C954105195FD->270584e6-a4a8-4db5-8151-214655ce1a56@group-787F5BA3AA67, cid=1211, SUCCESS, logIndex=1683, commits[270584e6-a4a8-4db5-8151-214655ce1a56:c1683, af078b8b-61ec-497f-9506-472d46a72462:c1679, 09fb9ab4-1b8d-44c0-9f8c-50855c6f1fed:c1679]
2019-08-21 12:27:58,756 | INFO  | DNAudit | user=null | ip=null | op=WRITE_CHUNK {blockData=conID: 3 locID: 102654965999075792 bcsId: 1679} | ret=SUCCESS |  
2019-08-21 12:27:58,756 | INFO  | DNAudit | user=null | ip=null | op=WRITE_CHUNK {blockData=conID: 3 locID: 102654965999075792 bcsId: 1679} | ret=SUCCESS |  
2019-08-21 12:27:58,758 | INFO  | DNAudit | user=null | ip=null | op=PUT_BLOCK {blockData=[blockId=conID: 3 locID: 102654965999075792 bcsId: 0,size=4194304]} | ret=SUCCESS |  
2019-08-21 12:27:58,758 | INFO  | DNAudit | user=null | ip=null | op=PUT_BLOCK {blockData=[blockId=conID: 3 locID: 102654965999075792 bcsId: 0,size=4194304]} | ret=SUCCESS |  
2019-08-21 12:27:58,759 [grpc-default-executor-2] INFO  client.GrpcClientProtocolClient (GrpcClientProtocolClient.java:onNext(255)) - client-C954105195FD->270584e6-a4a8-4db5-8151-214655ce1a56: receive RaftClientReply:client-C954105195FD->270584e6-a4a8-4db5-8151-214655ce1a56@group-787F5BA3AA67, cid=1212, SUCCESS, logIndex=0, commits[270584e6-a4a8-4db5-8151-214655ce1a56:c1685, af078b8b-61ec-497f-9506-472d46a72462:c1683, 09fb9ab4-1b8d-44c0-9f8c-50855c6f1fed:c1683]
2019-08-21 12:27:58,767 | INFO  | DNAudit | user=null | ip=null | op=WRITE_CHUNK {blockData=conID: 1 locID: 102654965999075793 bcsId: 0} | ret=SUCCESS |  
2019-08-21 12:27:58,770 | INFO  | DNAudit | user=null | ip=null | op=WRITE_CHUNK {blockData=conID: 1 locID: 102654965999075793 bcsId: 0} | ret=SUCCESS |  
2019-08-21 12:27:58,771 | INFO  | DNAudit | user=null | ip=null | op=WRITE_CHUNK {blockData=conID: 1 locID: 102654965999075793 bcsId: 0} | ret=SUCCESS |  
2019-08-21 12:27:58,771 | INFO  | DNAudit | user=null | ip=null | op=WRITE_CHUNK {blockData=conID: 1 locID: 102654965999075793 bcsId: 0} | ret=SUCCESS |  
2019-08-21 12:27:58,773 | INFO  | DNAudit | user=null | ip=null | op=WRITE_CHUNK {blockData=conID: 1 locID: 102654965999075793 bcsId: 0} | ret=SUCCESS |  
2019-08-21 12:27:58,774 | INFO  | DNAudit | user=null | ip=null | op=PUT_BLOCK {blockData=[blockId=conID: 1 locID: 102654965999075793 bcsId: 0,size=1048576]} | ret=SUCCESS |  
2019-08-21 12:27:58,774 [grpc-default-executor-5] INFO  client.GrpcClientProtocolClient (GrpcClientProtocolClient.java:onNext(255)) - client-C954105195FD->270584e6-a4a8-4db5-8151-214655ce1a56: receive RaftClientReply:client-C954105195FD->270584e6-a4a8-4db5-8151-214655ce1a56@group-787F5BA3AA67, cid=1213, SUCCESS, logIndex=1686, commits[270584e6-a4a8-4db5-8151-214655ce1a56:c1687, af078b8b-61ec-497f-9506-472d46a72462:c1685, 09fb9ab4-1b8d-44c0-9f8c-50855c6f1fed:c1683]
2019-08-21 12:27:58,775 | INFO  | DNAudit | user=null | ip=null | op=WRITE_CHUNK {blockData=conID: 1 locID: 102654965999075793 bcsId: 0} | ret=SUCCESS |  
2019-08-21 12:27:58,775 [grpc-default-executor-5] INFO  client.GrpcClientProtocolClient (GrpcClientProtocolClient.java:onNext(255)) - client-C954105195FD->270584e6-a4a8-4db5-8151-214655ce1a56: receive RaftClientReply:client-C954105195FD->270584e6-a4a8-4db5-8151-214655ce1a56@group-787F5BA3AA67, cid=1214, SUCCESS, logIndex=1687, commits[270584e6-a4a8-4db5-8151-214655ce1a56:c1687, af078b8b-61ec-497f-9506-472d46a72462:c1685, 09fb9ab4-1b8d-44c0-9f8c-50855c6f1fed:c1685]
2019-08-21 12:27:58,776 | INFO  | DNAudit | user=null | ip=null | op=WRITE_CHUNK {blockData=conID: 1 locID: 102654965999075793 bcsId: 0} | ret=SUCCESS |  
2019-08-21 12:27:58,778 | INFO  | DNAudit | user=null | ip=null | op=WRITE_CHUNK {blockData=conID: 1 locID: 102654965999075793 bcsId: 0} | ret=SUCCESS |  
2019-08-21 12:27:58,778 | INFO  | DNAudit | user=null | ip=null | op=WRITE_CHUNK {blockData=conID: 1 locID: 102654965999075793 bcsId: 0} | ret=SUCCESS |  
2019-08-21 12:27:58,778 | INFO  | DNAudit | user=null | ip=null | op=WRITE_CHUNK {blockData=conID: 1 locID: 102654965999075793 bcsId: 0} | ret=SUCCESS |  
2019-08-21 12:27:58,779 | INFO  | DNAudit | user=null | ip=null | op=PUT_BLOCK {blockData=[blockId=conID: 1 locID: 102654965999075793 bcsId: 0,size=1048576]} | ret=SUCCESS |  
2019-08-21 12:27:58,779 | INFO  | DNAudit | user=null | ip=null | op=PUT_BLOCK {blockData=[blockId=conID: 1 locID: 102654965999075793 bcsId: 0,size=1048576]} | ret=SUCCESS |  
2019-08-21 12:27:58,779 | INFO  | DNAudit | user=null | ip=null | op=PUT_BLOCK {blockData=[blockId=conID: 1 locID: 102654965999075793 bcsId: 0,size=2097152]} | ret=SUCCESS |  
2019-08-21 12:27:58,779 [grpc-default-executor-4] INFO  client.GrpcClientProtocolClient (GrpcClientProtocolClient.java:onNext(255)) - client-C954105195FD->270584e6-a4a8-4db5-8151-214655ce1a56: receive RaftClientReply:client-C954105195FD->270584e6-a4a8-4db5-8151-214655ce1a56@group-787F5BA3AA67, cid=1215, SUCCESS, logIndex=1688, commits[270584e6-a4a8-4db5-8151-214655ce1a56:c1691, af078b8b-61ec-497f-9506-472d46a72462:c1687, 09fb9ab4-1b8d-44c0-9f8c-50855c6f1fed:c1685]
2019-08-21 12:27:58,779 | INFO  | DNAudit | user=null | ip=null | op=WRITE_CHUNK {blockData=conID: 1 locID: 102654965999075793 bcsId: 0} | ret=SUCCESS |  
2019-08-21 12:27:58,779 [grpc-default-executor-4] INFO  client.GrpcClientProtocolClient (GrpcClientProtocolClient.java:onNext(255)) - client-C954105195FD->270584e6-a4a8-4db5-8151-214655ce1a56: receive RaftClientReply:client-C954105195FD->270584e6-a4a8-4db5-8151-214655ce1a56@group-787F5BA3AA67, cid=1216, SUCCESS, logIndex=1689, commits[270584e6-a4a8-4db5-8151-214655ce1a56:c1691, af078b8b-61ec-497f-9506-472d46a72462:c1687, 09fb9ab4-1b8d-44c0-9f8c-50855c6f1fed:c1687]
2019-08-21 12:27:58,780 | INFO  | DNAudit | user=null | ip=null | op=PUT_BLOCK {blockData=[blockId=conID: 1 locID: 102654965999075793 bcsId: 0,size=2097152]} | ret=SUCCESS |  
2019-08-21 12:27:58,780 | INFO  | DNAudit | user=null | ip=null | op=WRITE_CHUNK {blockData=conID: 1 locID: 102654965999075793 bcsId: 0} | ret=SUCCESS |  
2019-08-21 12:27:58,780 | INFO  | DNAudit | user=null | ip=null | op=PUT_BLOCK {blockData=[blockId=conID: 1 locID: 102654965999075793 bcsId: 0,size=2097152]} | ret=SUCCESS |  
2019-08-21 12:27:58,786 | INFO  | DNAudit | user=null | ip=null | op=WRITE_CHUNK {blockData=conID: 1 locID: 102654965999075793 bcsId: 1689} | ret=SUCCESS |  
2019-08-21 12:27:58,788 | INFO  | DNAudit | user=null | ip=null | op=WRITE_CHUNK {blockData=conID: 1 locID: 102654965999075793 bcsId: 1689} | ret=SUCCESS |  
2019-08-21 12:27:58,788 | INFO  | DNAudit | user=null | ip=null | op=WRITE_CHUNK {blockData=conID: 1 locID: 102654965999075793 bcsId: 1689} | ret=SUCCESS |  
2019-08-21 12:27:58,790 | INFO  | DNAudit | user=null | ip=null | op=WRITE_CHUNK {blockData=conID: 1 locID: 102654965999075793 bcsId: 1689} | ret=SUCCESS |  
2019-08-21 12:27:58,790 | INFO  | DNAudit | user=null | ip=null | op=PUT_BLOCK {blockData=[blockId=conID: 1 locID: 102654965999075793 bcsId: 0,size=3145728]} | ret=SUCCESS |  
2019-08-21 12:27:58,790 [grpc-default-executor-4] INFO  client.GrpcClientProtocolClient (GrpcClientProtocolClient.java:onNext(255)) - client-C954105195FD->270584e6-a4a8-4db5-8151-214655ce1a56: receive RaftClientReply:client-C954105195FD->270584e6-a4a8-4db5-8151-214655ce1a56@group-787F5BA3AA67, cid=1217, SUCCESS, logIndex=1694, commits[270584e6-a4a8-4db5-8151-214655ce1a56:c1695, af078b8b-61ec-497f-9506-472d46a72462:c1693, 09fb9ab4-1b8d-44c0-9f8c-50855c6f1fed:c1693]
2019-08-21 12:27:58,791 [grpc-default-executor-4] INFO  client.GrpcClientProtocolClient (GrpcClientProtocolClient.java:onNext(255)) - client-C954105195FD->270584e6-a4a8-4db5-8151-214655ce1a56: receive RaftClientReply:client-C954105195FD->270584e6-a4a8-4db5-8151-214655ce1a56@group-787F5BA3AA67, cid=1218, SUCCESS, logIndex=1695, commits[270584e6-a4a8-4db5-8151-214655ce1a56:c1695, af078b8b-61ec-497f-9506-472d46a72462:c1693, 09fb9ab4-1b8d-44c0-9f8c-50855c6f1fed:c1693]
2019-08-21 12:27:58,791 | INFO  | DNAudit | user=null | ip=null | op=WRITE_CHUNK {blockData=conID: 1 locID: 102654965999075793 bcsId: 1689} | ret=SUCCESS |  
2019-08-21 12:27:58,792 | INFO  | DNAudit | user=null | ip=null | op=WRITE_CHUNK {blockData=conID: 1 locID: 102654965999075793 bcsId: 1689} | ret=SUCCESS |  
2019-08-21 12:27:58,792 | INFO  | DNAudit | user=null | ip=null | op=PUT_BLOCK {blockData=[blockId=conID: 1 locID: 102654965999075793 bcsId: 0,size=3145728]} | ret=SUCCESS |  
2019-08-21 12:27:58,792 | INFO  | DNAudit | user=null | ip=null | op=PUT_BLOCK {blockData=[blockId=conID: 1 locID: 102654965999075793 bcsId: 0,size=3145728]} | ret=SUCCESS |  
2019-08-21 12:27:58,797 | INFO  | DNAudit | user=null | ip=null | op=WRITE_CHUNK {blockData=conID: 1 locID: 102654965999075793 bcsId: 1695} | ret=SUCCESS |  
2019-08-21 12:27:58,799 | INFO  | DNAudit | user=null | ip=null | op=WRITE_CHUNK {blockData=conID: 1 locID: 102654965999075793 bcsId: 1695} | ret=SUCCESS |  
2019-08-21 12:27:58,800 | INFO  | DNAudit | user=null | ip=null | op=WRITE_CHUNK {blockData=conID: 1 locID: 102654965999075793 bcsId: 1695} | ret=SUCCESS |  
2019-08-21 12:27:58,821 | INFO  | DNAudit | user=null | ip=null | op=WRITE_CHUNK {blockData=conID: 1 locID: 102654965999075793 bcsId: 1695} | ret=SUCCESS |  
2019-08-21 12:27:58,822 | INFO  | DNAudit | user=null | ip=null | op=PUT_BLOCK {blockData=[blockId=conID: 1 locID: 102654965999075793 bcsId: 0,size=4194304]} | ret=SUCCESS |  
2019-08-21 12:27:58,822 [grpc-default-executor-4] INFO  client.GrpcClientProtocolClient (GrpcClientProtocolClient.java:onNext(255)) - client-C954105195FD->270584e6-a4a8-4db5-8151-214655ce1a56: receive RaftClientReply:client-C954105195FD->270584e6-a4a8-4db5-8151-214655ce1a56@group-787F5BA3AA67, cid=1219, SUCCESS, logIndex=1698, commits[270584e6-a4a8-4db5-8151-214655ce1a56:c1699, af078b8b-61ec-497f-9506-472d46a72462:c1697, 09fb9ab4-1b8d-44c0-9f8c-50855c6f1fed:c1697]
2019-08-21 12:27:58,822 [grpc-default-executor-4] INFO  client.GrpcClientProtocolClient (GrpcClientProtocolClient.java:onNext(255)) - client-C954105195FD->270584e6-a4a8-4db5-8151-214655ce1a56: receive RaftClientReply:client-C954105195FD->270584e6-a4a8-4db5-8151-214655ce1a56@group-787F5BA3AA67, cid=1220, SUCCESS, logIndex=1699, commits[270584e6-a4a8-4db5-8151-214655ce1a56:c1699, af078b8b-61ec-497f-9506-472d46a72462:c1697, 09fb9ab4-1b8d-44c0-9f8c-50855c6f1fed:c1697]
2019-08-21 12:27:58,826 | INFO  | DNAudit | user=null | ip=null | op=WRITE_CHUNK {blockData=conID: 1 locID: 102654965999075793 bcsId: 1695} | ret=SUCCESS |  
2019-08-21 12:27:58,826 | INFO  | DNAudit | user=null | ip=null | op=WRITE_CHUNK {blockData=conID: 1 locID: 102654965999075793 bcsId: 1695} | ret=SUCCESS |  
2019-08-21 12:27:58,827 | INFO  | DNAudit | user=null | ip=null | op=PUT_BLOCK {blockData=[blockId=conID: 1 locID: 102654965999075793 bcsId: 0,size=4194304]} | ret=SUCCESS |  
2019-08-21 12:27:58,827 | INFO  | DNAudit | user=null | ip=null | op=PUT_BLOCK {blockData=[blockId=conID: 1 locID: 102654965999075793 bcsId: 0,size=4194304]} | ret=SUCCESS |  
2019-08-21 12:27:58,827 [grpc-default-executor-4] INFO  client.GrpcClientProtocolClient (GrpcClientProtocolClient.java:onNext(255)) - client-C954105195FD->270584e6-a4a8-4db5-8151-214655ce1a56: receive RaftClientReply:client-C954105195FD->270584e6-a4a8-4db5-8151-214655ce1a56@group-787F5BA3AA67, cid=1221, SUCCESS, logIndex=0, commits[270584e6-a4a8-4db5-8151-214655ce1a56:c1701, af078b8b-61ec-497f-9506-472d46a72462:c1699, 09fb9ab4-1b8d-44c0-9f8c-50855c6f1fed:c1699]
2019-08-21 12:27:58,835 | INFO  | DNAudit | user=null | ip=null | op=WRITE_CHUNK {blockData=conID: 2 locID: 102654965999075794 bcsId: 0} | ret=SUCCESS |  
2019-08-21 12:27:58,838 | INFO  | DNAudit | user=null | ip=null | op=WRITE_CHUNK {blockData=conID: 2 locID: 102654965999075794 bcsId: 0} | ret=SUCCESS |  
2019-08-21 12:27:58,840 | INFO  | DNAudit | user=null | ip=null | op=WRITE_CHUNK {blockData=conID: 2 locID: 102654965999075794 bcsId: 0} | ret=SUCCESS |  
2019-08-21 12:27:58,840 | INFO  | DNAudit | user=null | ip=null | op=WRITE_CHUNK {blockData=conID: 2 locID: 102654965999075794 bcsId: 0} | ret=SUCCESS |  
2019-08-21 12:27:58,841 | INFO  | DNAudit | user=null | ip=null | op=WRITE_CHUNK {blockData=conID: 2 locID: 102654965999075794 bcsId: 0} | ret=SUCCESS |  
2019-08-21 12:27:58,842 | INFO  | DNAudit | user=null | ip=null | op=WRITE_CHUNK {blockData=conID: 2 locID: 102654965999075794 bcsId: 0} | ret=SUCCESS |  
2019-08-21 12:27:58,848 | INFO  | DNAudit | user=null | ip=null | op=WRITE_CHUNK {blockData=conID: 2 locID: 102654965999075794 bcsId: 0} | ret=SUCCESS |  
2019-08-21 12:27:58,849 | INFO  | DNAudit | user=null | ip=null | op=PUT_BLOCK {blockData=[blockId=conID: 2 locID: 102654965999075794 bcsId: 0,size=1048576]} | ret=SUCCESS |  
2019-08-21 12:27:58,849 | INFO  | DNAudit | user=null | ip=null | op=WRITE_CHUNK {blockData=conID: 2 locID: 102654965999075794 bcsId: 0} | ret=SUCCESS |  
2019-08-21 12:27:58,849 [grpc-default-executor-4] INFO  client.GrpcClientProtocolClient (GrpcClientProtocolClient.java:onNext(255)) - client-C954105195FD->270584e6-a4a8-4db5-8151-214655ce1a56: receive RaftClientReply:client-C954105195FD->270584e6-a4a8-4db5-8151-214655ce1a56@group-787F5BA3AA67, cid=1222, SUCCESS, logIndex=1702, commits[270584e6-a4a8-4db5-8151-214655ce1a56:c1703, af078b8b-61ec-497f-9506-472d46a72462:c1701, 09fb9ab4-1b8d-44c0-9f8c-50855c6f1fed:c1701]
2019-08-21 12:27:58,849 | INFO  | DNAudit | user=null | ip=null | op=PUT_BLOCK {blockData=[blockId=conID: 2 locID: 102654965999075794 bcsId: 0,size=2097152]} | ret=SUCCESS |  
2019-08-21 12:27:58,849 | INFO  | DNAudit | user=null | ip=null | op=WRITE_CHUNK {blockData=conID: 2 locID: 102654965999075794 bcsId: 0} | ret=SUCCESS |  
2019-08-21 12:27:58,849 [grpc-default-executor-4] INFO  client.GrpcClientProtocolClient (GrpcClientProtocolClient.java:onNext(255)) - client-C954105195FD->270584e6-a4a8-4db5-8151-214655ce1a56: receive RaftClientReply:client-C954105195FD->270584e6-a4a8-4db5-8151-214655ce1a56@group-787F5BA3AA67, cid=1223, SUCCESS, logIndex=1703, commits[270584e6-a4a8-4db5-8151-214655ce1a56:c1705, af078b8b-61ec-497f-9506-472d46a72462:c1701, 09fb9ab4-1b8d-44c0-9f8c-50855c6f1fed:c1701]
2019-08-21 12:27:58,850 | INFO  | DNAudit | user=null | ip=null | op=WRITE_CHUNK {blockData=conID: 2 locID: 102654965999075794 bcsId: 0} | ret=SUCCESS |  
2019-08-21 12:27:58,850 | INFO  | DNAudit | user=null | ip=null | op=PUT_BLOCK {blockData=[blockId=conID: 2 locID: 102654965999075794 bcsId: 0,size=1048576]} | ret=SUCCESS |  
2019-08-21 12:27:58,850 [grpc-default-executor-1] INFO  client.GrpcClientProtocolClient (GrpcClientProtocolClient.java:onNext(255)) - client-C954105195FD->270584e6-a4a8-4db5-8151-214655ce1a56: receive RaftClientReply:client-C954105195FD->270584e6-a4a8-4db5-8151-214655ce1a56@group-787F5BA3AA67, cid=1224, SUCCESS, logIndex=1704, commits[270584e6-a4a8-4db5-8151-214655ce1a56:c1705, af078b8b-61ec-497f-9506-472d46a72462:c1701, 09fb9ab4-1b8d-44c0-9f8c-50855c6f1fed:c1701]
2019-08-21 12:27:58,850 | INFO  | DNAudit | user=null | ip=null | op=PUT_BLOCK {blockData=[blockId=conID: 2 locID: 102654965999075794 bcsId: 0,size=1048576]} | ret=SUCCESS |  
2019-08-21 12:27:58,850 [grpc-default-executor-1] INFO  client.GrpcClientProtocolClient (GrpcClientProtocolClient.java:onNext(255)) - client-C954105195FD->270584e6-a4a8-4db5-8151-214655ce1a56: receive RaftClientReply:client-C954105195FD->270584e6-a4a8-4db5-8151-214655ce1a56@group-787F5BA3AA67, cid=1225, SUCCESS, logIndex=1705, commits[270584e6-a4a8-4db5-8151-214655ce1a56:c1706, af078b8b-61ec-497f-9506-472d46a72462:c1701, 09fb9ab4-1b8d-44c0-9f8c-50855c6f1fed:c1703]
2019-08-21 12:27:58,850 | INFO  | DNAudit | user=null | ip=null | op=WRITE_CHUNK {blockData=conID: 2 locID: 102654965999075794 bcsId: 0} | ret=SUCCESS |  
2019-08-21 12:27:58,851 | INFO  | DNAudit | user=null | ip=null | op=PUT_BLOCK {blockData=[blockId=conID: 2 locID: 102654965999075794 bcsId: 0,size=2097152]} | ret=SUCCESS |  
2019-08-21 12:27:58,851 | INFO  | DNAudit | user=null | ip=null | op=WRITE_CHUNK {blockData=conID: 2 locID: 102654965999075794 bcsId: 0} | ret=SUCCESS |  
2019-08-21 12:27:58,851 [grpc-default-executor-4] INFO  client.GrpcClientProtocolClient (GrpcClientProtocolClient.java:onNext(255)) - client-C954105195FD->270584e6-a4a8-4db5-8151-214655ce1a56: receive RaftClientReply:client-C954105195FD->270584e6-a4a8-4db5-8151-214655ce1a56@group-787F5BA3AA67, cid=1226, SUCCESS, logIndex=0, commits[270584e6-a4a8-4db5-8151-214655ce1a56:c1707, af078b8b-61ec-497f-9506-472d46a72462:c1703, 09fb9ab4-1b8d-44c0-9f8c-50855c6f1fed:c1703]
2019-08-21 12:27:58,851 | INFO  | DNAudit | user=null | ip=null | op=PUT_BLOCK {blockData=[blockId=conID: 2 locID: 102654965999075794 bcsId: 0,size=2097152]} | ret=SUCCESS |  
2019-08-21 12:27:58,857 | INFO  | DNAudit | user=null | ip=null | op=WRITE_CHUNK {blockData=conID: 2 locID: 102654965999075794 bcsId: 1705} | ret=SUCCESS |  
2019-08-21 12:27:58,860 | INFO  | DNAudit | user=null | ip=null | op=WRITE_CHUNK {blockData=conID: 2 locID: 102654965999075794 bcsId: 1705} | ret=SUCCESS |  
2019-08-21 12:27:58,860 | INFO  | DNAudit | user=null | ip=null | op=WRITE_CHUNK {blockData=conID: 2 locID: 102654965999075794 bcsId: 1705} | ret=SUCCESS |  
2019-08-21 12:27:58,870 | INFO  | DNAudit | user=null | ip=null | op=WRITE_CHUNK {blockData=conID: 2 locID: 102654965999075794 bcsId: 1705} | ret=SUCCESS |  
2019-08-21 12:27:58,870 | INFO  | DNAudit | user=null | ip=null | op=PUT_BLOCK {blockData=[blockId=conID: 2 locID: 102654965999075794 bcsId: 0,size=3145728]} | ret=SUCCESS |  
2019-08-21 12:27:58,871 [grpc-default-executor-4] INFO  client.GrpcClientProtocolClient (GrpcClientProtocolClient.java:onNext(255)) - client-C954105195FD->270584e6-a4a8-4db5-8151-214655ce1a56: receive RaftClientReply:client-C954105195FD->270584e6-a4a8-4db5-8151-214655ce1a56@group-787F5BA3AA67, cid=1227, SUCCESS, logIndex=1710, commits[270584e6-a4a8-4db5-8151-214655ce1a56:c1711, af078b8b-61ec-497f-9506-472d46a72462:c1709, 09fb9ab4-1b8d-44c0-9f8c-50855c6f1fed:c1709]
2019-08-21 12:27:58,871 [grpc-default-executor-4] INFO  client.GrpcClientProtocolClient (GrpcClientProtocolClient.java:onNext(255)) - client-C954105195FD->270584e6-a4a8-4db5-8151-214655ce1a56: receive RaftClientReply:client-C954105195FD->270584e6-a4a8-4db5-8151-214655ce1a56@group-787F5BA3AA67, cid=1228, SUCCESS, logIndex=1711, commits[270584e6-a4a8-4db5-8151-214655ce1a56:c1711, af078b8b-61ec-497f-9506-472d46a72462:c1709, 09fb9ab4-1b8d-44c0-9f8c-50855c6f1fed:c1709]
2019-08-21 12:27:58,877 | INFO  | DNAudit | user=null | ip=null | op=WRITE_CHUNK {blockData=conID: 2 locID: 102654965999075794 bcsId: 1711} | ret=SUCCESS |  
2019-08-21 12:27:58,880 | INFO  | DNAudit | user=null | ip=null | op=WRITE_CHUNK {blockData=conID: 2 locID: 102654965999075794 bcsId: 1711} | ret=SUCCESS |  
2019-08-21 12:27:58,880 | INFO  | DNAudit | user=null | ip=null | op=WRITE_CHUNK {blockData=conID: 2 locID: 102654965999075794 bcsId: 1711} | ret=SUCCESS |  
2019-08-21 12:27:58,881 | INFO  | DNAudit | user=null | ip=null | op=WRITE_CHUNK {blockData=conID: 2 locID: 102654965999075794 bcsId: 1705} | ret=SUCCESS |  
2019-08-21 12:27:58,881 | INFO  | DNAudit | user=null | ip=null | op=WRITE_CHUNK {blockData=conID: 2 locID: 102654965999075794 bcsId: 1705} | ret=SUCCESS |  
2019-08-21 12:27:58,881 | INFO  | DNAudit | user=null | ip=null | op=PUT_BLOCK {blockData=[blockId=conID: 2 locID: 102654965999075794 bcsId: 0,size=3145728]} | ret=SUCCESS |  
2019-08-21 12:27:58,881 | INFO  | DNAudit | user=null | ip=null | op=PUT_BLOCK {blockData=[blockId=conID: 2 locID: 102654965999075794 bcsId: 0,size=3145728]} | ret=SUCCESS |  
2019-08-21 12:27:58,884 | INFO  | DNAudit | user=null | ip=null | op=WRITE_CHUNK {blockData=conID: 2 locID: 102654965999075794 bcsId: 1711} | ret=SUCCESS |  
2019-08-21 12:27:58,885 | INFO  | DNAudit | user=null | ip=null | op=PUT_BLOCK {blockData=[blockId=conID: 2 locID: 102654965999075794 bcsId: 0,size=4194304]} | ret=SUCCESS |  
2019-08-21 12:27:58,885 [grpc-default-executor-1] INFO  client.GrpcClientProtocolClient (GrpcClientProtocolClient.java:onNext(255)) - client-C954105195FD->270584e6-a4a8-4db5-8151-214655ce1a56: receive RaftClientReply:client-C954105195FD->270584e6-a4a8-4db5-8151-214655ce1a56@group-787F5BA3AA67, cid=1229, SUCCESS, logIndex=1714, commits[270584e6-a4a8-4db5-8151-214655ce1a56:c1715, af078b8b-61ec-497f-9506-472d46a72462:c1711, 09fb9ab4-1b8d-44c0-9f8c-50855c6f1fed:c1711]
2019-08-21 12:27:58,885 [grpc-default-executor-1] INFO  client.GrpcClientProtocolClient (GrpcClientProtocolClient.java:onNext(255)) - client-C954105195FD->270584e6-a4a8-4db5-8151-214655ce1a56: receive RaftClientReply:client-C954105195FD->270584e6-a4a8-4db5-8151-214655ce1a56@group-787F5BA3AA67, cid=1230, SUCCESS, logIndex=1715, commits[270584e6-a4a8-4db5-8151-214655ce1a56:c1715, af078b8b-61ec-497f-9506-472d46a72462:c1711, 09fb9ab4-1b8d-44c0-9f8c-50855c6f1fed:c1711]
2019-08-21 12:27:58,896 | INFO  | DNAudit | user=null | ip=null | op=WRITE_CHUNK {blockData=conID: 2 locID: 102654965999075794 bcsId: 1711} | ret=SUCCESS |  
2019-08-21 12:27:58,896 | INFO  | DNAudit | user=null | ip=null | op=WRITE_CHUNK {blockData=conID: 2 locID: 102654965999075794 bcsId: 1711} | ret=SUCCESS |  
2019-08-21 12:27:58,898 | INFO  | DNAudit | user=null | ip=null | op=PUT_BLOCK {blockData=[blockId=conID: 2 locID: 102654965999075794 bcsId: 0,size=4194304]} | ret=SUCCESS |  
2019-08-21 12:27:58,899 | INFO  | DNAudit | user=null | ip=null | op=PUT_BLOCK {blockData=[blockId=conID: 2 locID: 102654965999075794 bcsId: 0,size=4194304]} | ret=SUCCESS |  
2019-08-21 12:27:58,899 [grpc-default-executor-2] INFO  client.GrpcClientProtocolClient (GrpcClientProtocolClient.java:onNext(255)) - client-C954105195FD->270584e6-a4a8-4db5-8151-214655ce1a56: receive RaftClientReply:client-C954105195FD->270584e6-a4a8-4db5-8151-214655ce1a56@group-787F5BA3AA67, cid=1231, SUCCESS, logIndex=0, commits[270584e6-a4a8-4db5-8151-214655ce1a56:c1717, af078b8b-61ec-497f-9506-472d46a72462:c1715, 09fb9ab4-1b8d-44c0-9f8c-50855c6f1fed:c1715]
2019-08-21 12:27:58,913 | INFO  | SCMAudit | user=jenkins1000 | ip=192.168.34.23 | op=ALLOCATE_BLOCK {owner=b79f83c9-5f7d-4caf-af30-78af34bc5eea, size=4194304, type=RATIS, factor=THREE} | ret=SUCCESS |  
2019-08-21 12:27:58,918 | INFO  | OMAudit | user=jenkins1000 | ip=127.0.0.1 | op=ALLOCATE_BLOCK {volume=vol-0-06517, bucket=bucket-0-64549, key=key-0-34512, dataSize=0, replicationType=null, replicationFactor=null, keyLocationInfo=null, clientID=102654965997830546} | ret=SUCCESS |  
2019-08-21 12:27:58,927 | INFO  | DNAudit | user=null | ip=null | op=WRITE_CHUNK {blockData=conID: 3 locID: 102654966426042835 bcsId: 0} | ret=SUCCESS |  
2019-08-21 12:27:58,930 | INFO  | DNAudit | user=null | ip=null | op=WRITE_CHUNK {blockData=conID: 3 locID: 102654966426042835 bcsId: 0} | ret=SUCCESS |  
2019-08-21 12:27:58,930 | INFO  | DNAudit | user=null | ip=null | op=WRITE_CHUNK {blockData=conID: 3 locID: 102654966426042835 bcsId: 0} | ret=SUCCESS |  
2019-08-21 12:27:58,930 | INFO  | DNAudit | user=null | ip=null | op=WRITE_CHUNK {blockData=conID: 3 locID: 102654966426042835 bcsId: 0} | ret=SUCCESS |  
2019-08-21 12:27:58,933 | INFO  | DNAudit | user=null | ip=null | op=WRITE_CHUNK {blockData=conID: 3 locID: 102654966426042835 bcsId: 0} | ret=SUCCESS |  
2019-08-21 12:27:58,934 | INFO  | DNAudit | user=null | ip=null | op=WRITE_CHUNK {blockData=conID: 3 locID: 102654966426042835 bcsId: 0} | ret=SUCCESS |  
2019-08-21 12:27:58,940 | INFO  | DNAudit | user=null | ip=null | op=WRITE_CHUNK {blockData=conID: 3 locID: 102654966426042835 bcsId: 0} | ret=SUCCESS |  
2019-08-21 12:27:58,940 | INFO  | DNAudit | user=null | ip=null | op=PUT_BLOCK {blockData=[blockId=conID: 3 locID: 102654966426042835 bcsId: 0,size=1048576]} | ret=SUCCESS |  
2019-08-21 12:27:58,940 [grpc-default-executor-4] INFO  client.GrpcClientProtocolClient (GrpcClientProtocolClient.java:onNext(255)) - client-C954105195FD->270584e6-a4a8-4db5-8151-214655ce1a56: receive RaftClientReply:client-C954105195FD->270584e6-a4a8-4db5-8151-214655ce1a56@group-787F5BA3AA67, cid=1232, SUCCESS, logIndex=1718, commits[270584e6-a4a8-4db5-8151-214655ce1a56:c1719, af078b8b-61ec-497f-9506-472d46a72462:c1717, 09fb9ab4-1b8d-44c0-9f8c-50855c6f1fed:c1717]
2019-08-21 12:27:58,941 | INFO  | DNAudit | user=null | ip=null | op=WRITE_CHUNK {blockData=conID: 3 locID: 102654966426042835 bcsId: 0} | ret=SUCCESS |  
2019-08-21 12:27:58,941 | INFO  | DNAudit | user=null | ip=null | op=PUT_BLOCK {blockData=[blockId=conID: 3 locID: 102654966426042835 bcsId: 0,size=2097152]} | ret=SUCCESS |  
2019-08-21 12:27:58,941 [grpc-default-executor-1] INFO  client.GrpcClientProtocolClient (GrpcClientProtocolClient.java:onNext(255)) - client-C954105195FD->270584e6-a4a8-4db5-8151-214655ce1a56: receive RaftClientReply:client-C954105195FD->270584e6-a4a8-4db5-8151-214655ce1a56@group-787F5BA3AA67, cid=1233, SUCCESS, logIndex=1719, commits[270584e6-a4a8-4db5-8151-214655ce1a56:c1719, af078b8b-61ec-497f-9506-472d46a72462:c1717, 09fb9ab4-1b8d-44c0-9f8c-50855c6f1fed:c1717]
2019-08-21 12:27:58,941 [grpc-default-executor-1] INFO  client.GrpcClientProtocolClient (GrpcClientProtocolClient.java:onNext(255)) - client-C954105195FD->270584e6-a4a8-4db5-8151-214655ce1a56: receive RaftClientReply:client-C954105195FD->270584e6-a4a8-4db5-8151-214655ce1a56@group-787F5BA3AA67, cid=1234, SUCCESS, logIndex=1720, commits[270584e6-a4a8-4db5-8151-214655ce1a56:c1720, af078b8b-61ec-497f-9506-472d46a72462:c1717, 09fb9ab4-1b8d-44c0-9f8c-50855c6f1fed:c1717]
2019-08-21 12:27:58,942 | INFO  | DNAudit | user=null | ip=null | op=WRITE_CHUNK {blockData=conID: 3 locID: 102654966426042835 bcsId: 0} | ret=SUCCESS |  
2019-08-21 12:27:58,942 [grpc-default-executor-5] INFO  client.GrpcClientProtocolClient (GrpcClientProtocolClient.java:onNext(255)) - client-C954105195FD->270584e6-a4a8-4db5-8151-214655ce1a56: receive RaftClientReply:client-C954105195FD->270584e6-a4a8-4db5-8151-214655ce1a56@group-787F5BA3AA67, cid=1235, SUCCESS, logIndex=1721, commits[270584e6-a4a8-4db5-8151-214655ce1a56:c1721, af078b8b-61ec-497f-9506-472d46a72462:c1717, 09fb9ab4-1b8d-44c0-9f8c-50855c6f1fed:c1717]
2019-08-21 12:27:58,942 | INFO  | DNAudit | user=null | ip=null | op=PUT_BLOCK {blockData=[blockId=conID: 3 locID: 102654966426042835 bcsId: 0,size=1048576]} | ret=SUCCESS |  
2019-08-21 12:27:58,943 | INFO  | DNAudit | user=null | ip=null | op=WRITE_CHUNK {blockData=conID: 3 locID: 102654966426042835 bcsId: 0} | ret=SUCCESS |  
2019-08-21 12:27:58,943 | INFO  | DNAudit | user=null | ip=null | op=PUT_BLOCK {blockData=[blockId=conID: 3 locID: 102654966426042835 bcsId: 0,size=1048576]} | ret=SUCCESS |  
2019-08-21 12:27:58,943 [grpc-default-executor-5] INFO  client.GrpcClientProtocolClient (GrpcClientProtocolClient.java:onNext(255)) - client-C954105195FD->270584e6-a4a8-4db5-8151-214655ce1a56: receive RaftClientReply:client-C954105195FD->270584e6-a4a8-4db5-8151-214655ce1a56@group-787F5BA3AA67, cid=1236, SUCCESS, logIndex=0, commits[270584e6-a4a8-4db5-8151-214655ce1a56:c1723, af078b8b-61ec-497f-9506-472d46a72462:c1719, 09fb9ab4-1b8d-44c0-9f8c-50855c6f1fed:c1719]
2019-08-21 12:27:58,951 | INFO  | DNAudit | user=null | ip=null | op=WRITE_CHUNK {blockData=conID: 3 locID: 102654966426042835 bcsId: 1721} | ret=SUCCESS |  
2019-08-21 12:27:58,953 | INFO  | DNAudit | user=null | ip=null | op=WRITE_CHUNK {blockData=conID: 3 locID: 102654966426042835 bcsId: 1721} | ret=SUCCESS |  
2019-08-21 12:27:58,954 | INFO  | DNAudit | user=null | ip=null | op=WRITE_CHUNK {blockData=conID: 3 locID: 102654966426042835 bcsId: 1721} | ret=SUCCESS |  
2019-08-21 12:27:58,954 | INFO  | DNAudit | user=null | ip=null | op=WRITE_CHUNK {blockData=conID: 3 locID: 102654966426042835 bcsId: 0} | ret=SUCCESS |  
2019-08-21 12:27:58,954 | INFO  | DNAudit | user=null | ip=null | op=WRITE_CHUNK {blockData=conID: 3 locID: 102654966426042835 bcsId: 0} | ret=SUCCESS |  
2019-08-21 12:27:58,954 | INFO  | DNAudit | user=null | ip=null | op=PUT_BLOCK {blockData=[blockId=conID: 3 locID: 102654966426042835 bcsId: 0,size=2097152]} | ret=SUCCESS |  
2019-08-21 12:27:58,954 | INFO  | DNAudit | user=null | ip=null | op=PUT_BLOCK {blockData=[blockId=conID: 3 locID: 102654966426042835 bcsId: 0,size=2097152]} | ret=SUCCESS |  
2019-08-21 12:27:58,957 | INFO  | DNAudit | user=null | ip=null | op=WRITE_CHUNK {blockData=conID: 3 locID: 102654966426042835 bcsId: 1721} | ret=SUCCESS |  
2019-08-21 12:27:58,958 | INFO  | DNAudit | user=null | ip=null | op=PUT_BLOCK {blockData=[blockId=conID: 3 locID: 102654966426042835 bcsId: 0,size=3145728]} | ret=SUCCESS |  
2019-08-21 12:27:58,958 [grpc-default-executor-5] INFO  client.GrpcClientProtocolClient (GrpcClientProtocolClient.java:onNext(255)) - client-C954105195FD->270584e6-a4a8-4db5-8151-214655ce1a56: receive RaftClientReply:client-C954105195FD->270584e6-a4a8-4db5-8151-214655ce1a56@group-787F5BA3AA67, cid=1237, SUCCESS, logIndex=1726, commits[270584e6-a4a8-4db5-8151-214655ce1a56:c1727, af078b8b-61ec-497f-9506-472d46a72462:c1723, 09fb9ab4-1b8d-44c0-9f8c-50855c6f1fed:c1723]
2019-08-21 12:27:58,958 | INFO  | DNAudit | user=null | ip=null | op=WRITE_CHUNK {blockData=conID: 3 locID: 102654966426042835 bcsId: 1721} | ret=SUCCESS |  
2019-08-21 12:27:58,959 | INFO  | DNAudit | user=null | ip=null | op=PUT_BLOCK {blockData=[blockId=conID: 3 locID: 102654966426042835 bcsId: 0,size=3145728]} | ret=SUCCESS |  
2019-08-21 12:27:58,959 | INFO  | SCMAudit | user=jenkins1000 | ip=192.168.34.23 | op=SEND_HEARTBEAT {datanodeUUID=39ae8c09-9b4b-4ddc-906b-4e52d104e1b1, command=[]} | ret=SUCCESS |  
2019-08-21 12:27:58,959 [grpc-default-executor-5] INFO  client.GrpcClientProtocolClient (GrpcClientProtocolClient.java:onNext(255)) - client-C954105195FD->270584e6-a4a8-4db5-8151-214655ce1a56: receive RaftClientReply:client-C954105195FD->270584e6-a4a8-4db5-8151-214655ce1a56@group-787F5BA3AA67, cid=1238, SUCCESS, logIndex=1727, commits[270584e6-a4a8-4db5-8151-214655ce1a56:c1727, af078b8b-61ec-497f-9506-472d46a72462:c1723, 09fb9ab4-1b8d-44c0-9f8c-50855c6f1fed:c1723]
2019-08-21 12:27:58,959 | INFO  | DNAudit | user=null | ip=null | op=WRITE_CHUNK {blockData=conID: 3 locID: 102654966426042835 bcsId: 1721} | ret=SUCCESS |  
2019-08-21 12:27:58,959 | INFO  | DNAudit | user=null | ip=null | op=PUT_BLOCK {blockData=[blockId=conID: 3 locID: 102654966426042835 bcsId: 0,size=3145728]} | ret=SUCCESS |  
2019-08-21 12:27:58,964 | INFO  | DNAudit | user=null | ip=null | op=WRITE_CHUNK {blockData=conID: 3 locID: 102654966426042835 bcsId: 1727} | ret=SUCCESS |  
2019-08-21 12:27:58,967 | INFO  | DNAudit | user=null | ip=null | op=WRITE_CHUNK {blockData=conID: 3 locID: 102654966426042835 bcsId: 1727} | ret=SUCCESS |  
2019-08-21 12:27:58,967 | INFO  | DNAudit | user=null | ip=null | op=WRITE_CHUNK {blockData=conID: 3 locID: 102654966426042835 bcsId: 1727} | ret=SUCCESS |  
2019-08-21 12:27:58,977 | INFO  | DNAudit | user=null | ip=null | op=WRITE_CHUNK {blockData=conID: 3 locID: 102654966426042835 bcsId: 1727} | ret=SUCCESS |  
2019-08-21 12:27:58,977 | INFO  | DNAudit | user=null | ip=null | op=PUT_BLOCK {blockData=[blockId=conID: 3 locID: 102654966426042835 bcsId: 0,size=4194304]} | ret=SUCCESS |  
2019-08-21 12:27:58,977 [grpc-default-executor-1] INFO  client.GrpcClientProtocolClient (GrpcClientProtocolClient.java:onNext(255)) - client-C954105195FD->270584e6-a4a8-4db5-8151-214655ce1a56: receive RaftClientReply:client-C954105195FD->270584e6-a4a8-4db5-8151-214655ce1a56@group-787F5BA3AA67, cid=1239, SUCCESS, logIndex=1730, commits[270584e6-a4a8-4db5-8151-214655ce1a56:c1731, af078b8b-61ec-497f-9506-472d46a72462:c1729, 09fb9ab4-1b8d-44c0-9f8c-50855c6f1fed:c1729]
2019-08-21 12:27:58,978 [grpc-default-executor-1] INFO  client.GrpcClientProtocolClient (GrpcClientProtocolClient.java:onNext(255)) - client-C954105195FD->270584e6-a4a8-4db5-8151-214655ce1a56: receive RaftClientReply:client-C954105195FD->270584e6-a4a8-4db5-8151-214655ce1a56@group-787F5BA3AA67, cid=1240, SUCCESS, logIndex=1731, commits[270584e6-a4a8-4db5-8151-214655ce1a56:c1731, af078b8b-61ec-497f-9506-472d46a72462:c1729, 09fb9ab4-1b8d-44c0-9f8c-50855c6f1fed:c1729]
2019-08-21 12:27:58,983 | INFO  | SCMAudit | user=jenkins1000 | ip=192.168.34.23 | op=SEND_HEARTBEAT {datanodeUUID=0aa4def6-fe9f-4182-b0b1-80406548816f, command=[]} | ret=SUCCESS |  
2019-08-21 12:27:58,989 | INFO  | DNAudit | user=null | ip=null | op=WRITE_CHUNK {blockData=conID: 3 locID: 102654966426042835 bcsId: 1727} | ret=SUCCESS |  
2019-08-21 12:27:58,989 | INFO  | DNAudit | user=null | ip=null | op=WRITE_CHUNK {blockData=conID: 3 locID: 102654966426042835 bcsId: 1727} | ret=SUCCESS |  
2019-08-21 12:27:58,990 | INFO  | DNAudit | user=null | ip=null | op=PUT_BLOCK {blockData=[blockId=conID: 3 locID: 102654966426042835 bcsId: 0,size=4194304]} | ret=SUCCESS |  
2019-08-21 12:27:58,990 | INFO  | DNAudit | user=null | ip=null | op=PUT_BLOCK {blockData=[blockId=conID: 3 locID: 102654966426042835 bcsId: 0,size=4194304]} | ret=SUCCESS |  
2019-08-21 12:27:58,990 [grpc-default-executor-4] INFO  client.GrpcClientProtocolClient (GrpcClientProtocolClient.java:onNext(255)) - client-C954105195FD->270584e6-a4a8-4db5-8151-214655ce1a56: receive RaftClientReply:client-C954105195FD->270584e6-a4a8-4db5-8151-214655ce1a56@group-787F5BA3AA67, cid=1241, SUCCESS, logIndex=0, commits[270584e6-a4a8-4db5-8151-214655ce1a56:c1733, af078b8b-61ec-497f-9506-472d46a72462:c1731, 09fb9ab4-1b8d-44c0-9f8c-50855c6f1fed:c1731]
2019-08-21 12:27:58,995 | INFO  | SCMAudit | user=jenkins1000 | ip=192.168.34.23 | op=ALLOCATE_BLOCK {owner=b79f83c9-5f7d-4caf-af30-78af34bc5eea, size=4194304, type=RATIS, factor=THREE} | ret=SUCCESS |  
2019-08-21 12:27:59,001 | INFO  | OMAudit | user=jenkins1000 | ip=127.0.0.1 | op=ALLOCATE_BLOCK {volume=vol-0-06517, bucket=bucket-0-64549, key=key-0-34512, dataSize=0, replicationType=null, replicationFactor=null, keyLocationInfo=null, clientID=102654965997830546} | ret=SUCCESS |  
2019-08-21 12:27:59,009 | INFO  | DNAudit | user=null | ip=null | op=WRITE_CHUNK {blockData=conID: 1 locID: 102654966431416788 bcsId: 0} | ret=SUCCESS |  
2019-08-21 12:27:59,013 | INFO  | DNAudit | user=null | ip=null | op=WRITE_CHUNK {blockData=conID: 1 locID: 102654966431416788 bcsId: 0} | ret=SUCCESS |  
2019-08-21 12:27:59,013 | INFO  | DNAudit | user=null | ip=null | op=WRITE_CHUNK {blockData=conID: 1 locID: 102654966431416788 bcsId: 0} | ret=SUCCESS |  
2019-08-21 12:27:59,013 | INFO  | DNAudit | user=null | ip=null | op=WRITE_CHUNK {blockData=conID: 1 locID: 102654966431416788 bcsId: 0} | ret=SUCCESS |  
2019-08-21 12:27:59,015 | INFO  | DNAudit | user=null | ip=null | op=WRITE_CHUNK {blockData=conID: 1 locID: 102654966431416788 bcsId: 0} | ret=SUCCESS |  
2019-08-21 12:27:59,016 | INFO  | DNAudit | user=null | ip=null | op=WRITE_CHUNK {blockData=conID: 1 locID: 102654966431416788 bcsId: 0} | ret=SUCCESS |  
2019-08-21 12:27:59,022 | INFO  | DNAudit | user=null | ip=null | op=WRITE_CHUNK {blockData=conID: 1 locID: 102654966431416788 bcsId: 0} | ret=SUCCESS |  
2019-08-21 12:27:59,023 | INFO  | DNAudit | user=null | ip=null | op=PUT_BLOCK {blockData=[blockId=conID: 1 locID: 102654966431416788 bcsId: 0,size=1048576]} | ret=SUCCESS |  
2019-08-21 12:27:59,024 | INFO  | DNAudit | user=null | ip=null | op=WRITE_CHUNK {blockData=conID: 1 locID: 102654966431416788 bcsId: 0} | ret=SUCCESS |  
2019-08-21 12:27:59,024 [grpc-default-executor-4] INFO  client.GrpcClientProtocolClient (GrpcClientProtocolClient.java:onNext(255)) - client-C954105195FD->270584e6-a4a8-4db5-8151-214655ce1a56: receive RaftClientReply:client-C954105195FD->270584e6-a4a8-4db5-8151-214655ce1a56@group-787F5BA3AA67, cid=1242, SUCCESS, logIndex=1734, commits[270584e6-a4a8-4db5-8151-214655ce1a56:c1735, af078b8b-61ec-497f-9506-472d46a72462:c1733, 09fb9ab4-1b8d-44c0-9f8c-50855c6f1fed:c1733]
2019-08-21 12:27:59,024 | INFO  | DNAudit | user=null | ip=null | op=PUT_BLOCK {blockData=[blockId=conID: 1 locID: 102654966431416788 bcsId: 0,size=2097152]} | ret=SUCCESS |  
2019-08-21 12:27:59,024 [grpc-default-executor-4] INFO  client.GrpcClientProtocolClient (GrpcClientProtocolClient.java:onNext(255)) - client-C954105195FD->270584e6-a4a8-4db5-8151-214655ce1a56: receive RaftClientReply:client-C954105195FD->270584e6-a4a8-4db5-8151-214655ce1a56@group-787F5BA3AA67, cid=1243, SUCCESS, logIndex=1735, commits[270584e6-a4a8-4db5-8151-214655ce1a56:c1735, af078b8b-61ec-497f-9506-472d46a72462:c1733, 09fb9ab4-1b8d-44c0-9f8c-50855c6f1fed:c1733]
2019-08-21 12:27:59,025 [grpc-default-executor-4] INFO  client.GrpcClientProtocolClient (GrpcClientProtocolClient.java:onNext(255)) - client-C954105195FD->270584e6-a4a8-4db5-8151-214655ce1a56: receive RaftClientReply:client-C954105195FD->270584e6-a4a8-4db5-8151-214655ce1a56@group-787F5BA3AA67, cid=1244, SUCCESS, logIndex=1736, commits[270584e6-a4a8-4db5-8151-214655ce1a56:c1737, af078b8b-61ec-497f-9506-472d46a72462:c1733, 09fb9ab4-1b8d-44c0-9f8c-50855c6f1fed:c1733]
2019-08-21 12:27:59,025 [grpc-default-executor-4] INFO  client.GrpcClientProtocolClient (GrpcClientProtocolClient.java:onNext(255)) - client-C954105195FD->270584e6-a4a8-4db5-8151-214655ce1a56: receive RaftClientReply:client-C954105195FD->270584e6-a4a8-4db5-8151-214655ce1a56@group-787F5BA3AA67, cid=1245, SUCCESS, logIndex=1737, commits[270584e6-a4a8-4db5-8151-214655ce1a56:c1737, af078b8b-61ec-497f-9506-472d46a72462:c1733, 09fb9ab4-1b8d-44c0-9f8c-50855c6f1fed:c1733]
2019-08-21 12:27:59,035 | INFO  | DNAudit | user=null | ip=null | op=WRITE_CHUNK {blockData=conID: 1 locID: 102654966431416788 bcsId: 0} | ret=SUCCESS |  
2019-08-21 12:27:59,036 | INFO  | DNAudit | user=null | ip=null | op=WRITE_CHUNK {blockData=conID: 1 locID: 102654966431416788 bcsId: 0} | ret=SUCCESS |  
2019-08-21 12:27:59,036 | INFO  | DNAudit | user=null | ip=null | op=PUT_BLOCK {blockData=[blockId=conID: 1 locID: 102654966431416788 bcsId: 0,size=1048576]} | ret=SUCCESS |  
2019-08-21 12:27:59,036 | INFO  | DNAudit | user=null | ip=null | op=PUT_BLOCK {blockData=[blockId=conID: 1 locID: 102654966431416788 bcsId: 0,size=1048576]} | ret=SUCCESS |  
2019-08-21 12:27:59,036 | INFO  | DNAudit | user=null | ip=null | op=WRITE_CHUNK {blockData=conID: 1 locID: 102654966431416788 bcsId: 0} | ret=SUCCESS |  
2019-08-21 12:27:59,037 [grpc-default-executor-4] INFO  client.GrpcClientProtocolClient (GrpcClientProtocolClient.java:onNext(255)) - client-C954105195FD->270584e6-a4a8-4db5-8151-214655ce1a56: receive RaftClientReply:client-C954105195FD->270584e6-a4a8-4db5-8151-214655ce1a56@group-787F5BA3AA67, cid=1246, SUCCESS, logIndex=0, commits[270584e6-a4a8-4db5-8151-214655ce1a56:c1738, af078b8b-61ec-497f-9506-472d46a72462:c1735, 09fb9ab4-1b8d-44c0-9f8c-50855c6f1fed:c1735]
2019-08-21 12:27:59,037 | INFO  | DNAudit | user=null | ip=null | op=PUT_BLOCK {blockData=[blockId=conID: 1 locID: 102654966431416788 bcsId: 0,size=2097152]} | ret=SUCCESS |  
2019-08-21 12:27:59,037 | INFO  | DNAudit | user=null | ip=null | op=WRITE_CHUNK {blockData=conID: 1 locID: 102654966431416788 bcsId: 0} | ret=SUCCESS |  
2019-08-21 12:27:59,037 | INFO  | DNAudit | user=null | ip=null | op=PUT_BLOCK {blockData=[blockId=conID: 1 locID: 102654966431416788 bcsId: 0,size=2097152]} | ret=SUCCESS |  
2019-08-21 12:27:59,045 | INFO  | DNAudit | user=null | ip=null | op=WRITE_CHUNK {blockData=conID: 1 locID: 102654966431416788 bcsId: 1737} | ret=SUCCESS |  
2019-08-21 12:27:59,048 | INFO  | DNAudit | user=null | ip=null | op=WRITE_CHUNK {blockData=conID: 1 locID: 102654966431416788 bcsId: 1737} | ret=SUCCESS |  
2019-08-21 12:27:59,048 | INFO  | DNAudit | user=null | ip=null | op=WRITE_CHUNK {blockData=conID: 1 locID: 102654966431416788 bcsId: 1737} | ret=SUCCESS |  
2019-08-21 12:27:59,069 | INFO  | DNAudit | user=null | ip=null | op=WRITE_CHUNK {blockData=conID: 1 locID: 102654966431416788 bcsId: 1737} | ret=SUCCESS |  
2019-08-21 12:27:59,069 | INFO  | DNAudit | user=null | ip=null | op=PUT_BLOCK {blockData=[blockId=conID: 1 locID: 102654966431416788 bcsId: 0,size=3145728]} | ret=SUCCESS |  
2019-08-21 12:27:59,070 [grpc-default-executor-1] INFO  client.GrpcClientProtocolClient (GrpcClientProtocolClient.java:onNext(255)) - client-C954105195FD->270584e6-a4a8-4db5-8151-214655ce1a56: receive RaftClientReply:client-C954105195FD->270584e6-a4a8-4db5-8151-214655ce1a56@group-787F5BA3AA67, cid=1247, SUCCESS, logIndex=1742, commits[270584e6-a4a8-4db5-8151-214655ce1a56:c1743, af078b8b-61ec-497f-9506-472d46a72462:c1741, 09fb9ab4-1b8d-44c0-9f8c-50855c6f1fed:c1741]
2019-08-21 12:27:59,070 [grpc-default-executor-1] INFO  client.GrpcClientProtocolClient (GrpcClientProtocolClient.java:onNext(255)) - client-C954105195FD->270584e6-a4a8-4db5-8151-214655ce1a56: receive RaftClientReply:client-C954105195FD->270584e6-a4a8-4db5-8151-214655ce1a56@group-787F5BA3AA67, cid=1248, SUCCESS, logIndex=1743, commits[270584e6-a4a8-4db5-8151-214655ce1a56:c1743, af078b8b-61ec-497f-9506-472d46a72462:c1741, 09fb9ab4-1b8d-44c0-9f8c-50855c6f1fed:c1741]
2019-08-21 12:27:59,079 | INFO  | DNAudit | user=null | ip=null | op=WRITE_CHUNK {blockData=conID: 1 locID: 102654966431416788 bcsId: 1743} | ret=SUCCESS |  
2019-08-21 12:27:59,082 | INFO  | DNAudit | user=null | ip=null | op=WRITE_CHUNK {blockData=conID: 1 locID: 102654966431416788 bcsId: 1743} | ret=SUCCESS |  
2019-08-21 12:27:59,082 | INFO  | DNAudit | user=null | ip=null | op=WRITE_CHUNK {blockData=conID: 1 locID: 102654966431416788 bcsId: 1743} | ret=SUCCESS |  
2019-08-21 12:27:59,084 | INFO  | DNAudit | user=null | ip=null | op=WRITE_CHUNK {blockData=conID: 1 locID: 102654966431416788 bcsId: 1737} | ret=SUCCESS |  
2019-08-21 12:27:59,084 | INFO  | DNAudit | user=null | ip=null | op=WRITE_CHUNK {blockData=conID: 1 locID: 102654966431416788 bcsId: 1737} | ret=SUCCESS |  
2019-08-21 12:27:59,085 | INFO  | DNAudit | user=null | ip=null | op=PUT_BLOCK {blockData=[blockId=conID: 1 locID: 102654966431416788 bcsId: 0,size=3145728]} | ret=SUCCESS |  
2019-08-21 12:27:59,085 | INFO  | DNAudit | user=null | ip=null | op=PUT_BLOCK {blockData=[blockId=conID: 1 locID: 102654966431416788 bcsId: 0,size=3145728]} | ret=SUCCESS |  
2019-08-21 12:27:59,086 | INFO  | DNAudit | user=null | ip=null | op=WRITE_CHUNK {blockData=conID: 1 locID: 102654966431416788 bcsId: 1743} | ret=SUCCESS |  
2019-08-21 12:27:59,086 | INFO  | DNAudit | user=null | ip=null | op=PUT_BLOCK {blockData=[blockId=conID: 1 locID: 102654966431416788 bcsId: 0,size=4194304]} | ret=SUCCESS |  
2019-08-21 12:27:59,087 [grpc-default-executor-4] INFO  client.GrpcClientProtocolClient (GrpcClientProtocolClient.java:onNext(255)) - client-C954105195FD->270584e6-a4a8-4db5-8151-214655ce1a56: receive RaftClientReply:client-C954105195FD->270584e6-a4a8-4db5-8151-214655ce1a56@group-787F5BA3AA67, cid=1249, SUCCESS, logIndex=1746, commits[270584e6-a4a8-4db5-8151-214655ce1a56:c1747, af078b8b-61ec-497f-9506-472d46a72462:c1743, 09fb9ab4-1b8d-44c0-9f8c-50855c6f1fed:c1743]
2019-08-21 12:27:59,087 [grpc-default-executor-4] INFO  client.GrpcClientProtocolClient (GrpcClientProtocolClient.java:onNext(255)) - client-C954105195FD->270584e6-a4a8-4db5-8151-214655ce1a56: receive RaftClientReply:client-C954105195FD->270584e6-a4a8-4db5-8151-214655ce1a56@group-787F5BA3AA67, cid=1250, SUCCESS, logIndex=1747, commits[270584e6-a4a8-4db5-8151-214655ce1a56:c1747, af078b8b-61ec-497f-9506-472d46a72462:c1743, 09fb9ab4-1b8d-44c0-9f8c-50855c6f1fed:c1743]
2019-08-21 12:27:59,098 | INFO  | DNAudit | user=null | ip=null | op=WRITE_CHUNK {blockData=conID: 1 locID: 102654966431416788 bcsId: 1743} | ret=SUCCESS |  
2019-08-21 12:27:59,098 | INFO  | DNAudit | user=null | ip=null | op=WRITE_CHUNK {blockData=conID: 1 locID: 102654966431416788 bcsId: 1743} | ret=SUCCESS |  
2019-08-21 12:27:59,099 | INFO  | DNAudit | user=null | ip=null | op=PUT_BLOCK {blockData=[blockId=conID: 1 locID: 102654966431416788 bcsId: 0,size=4194304]} | ret=SUCCESS |  
2019-08-21 12:27:59,099 | INFO  | DNAudit | user=null | ip=null | op=PUT_BLOCK {blockData=[blockId=conID: 1 locID: 102654966431416788 bcsId: 0,size=4194304]} | ret=SUCCESS |  
2019-08-21 12:27:59,100 [grpc-default-executor-4] INFO  client.GrpcClientProtocolClient (GrpcClientProtocolClient.java:onNext(255)) - client-C954105195FD->270584e6-a4a8-4db5-8151-214655ce1a56: receive RaftClientReply:client-C954105195FD->270584e6-a4a8-4db5-8151-214655ce1a56@group-787F5BA3AA67, cid=1251, SUCCESS, logIndex=0, commits[270584e6-a4a8-4db5-8151-214655ce1a56:c1749, af078b8b-61ec-497f-9506-472d46a72462:c1747, 09fb9ab4-1b8d-44c0-9f8c-50855c6f1fed:c1747]
2019-08-21 12:27:59,105 | INFO  | SCMAudit | user=jenkins1000 | ip=192.168.34.23 | op=ALLOCATE_BLOCK {owner=b79f83c9-5f7d-4caf-af30-78af34bc5eea, size=4194304, type=RATIS, factor=THREE} | ret=SUCCESS |  
2019-08-21 12:27:59,109 | INFO  | OMAudit | user=jenkins1000 | ip=127.0.0.1 | op=ALLOCATE_BLOCK {volume=vol-0-06517, bucket=bucket-0-64549, key=key-0-34512, dataSize=0, replicationType=null, replicationFactor=null, keyLocationInfo=null, clientID=102654965997830546} | ret=SUCCESS |  
2019-08-21 12:27:59,119 | INFO  | DNAudit | user=null | ip=null | op=WRITE_CHUNK {blockData=conID: 2 locID: 102654966438625749 bcsId: 0} | ret=SUCCESS |  
2019-08-21 12:27:59,122 | INFO  | DNAudit | user=null | ip=null | op=WRITE_CHUNK {blockData=conID: 2 locID: 102654966438625749 bcsId: 0} | ret=SUCCESS |  
2019-08-21 12:27:59,123 | INFO  | DNAudit | user=null | ip=null | op=WRITE_CHUNK {blockData=conID: 2 locID: 102654966438625749 bcsId: 0} | ret=SUCCESS |  
2019-08-21 12:27:59,123 | INFO  | DNAudit | user=null | ip=null | op=WRITE_CHUNK {blockData=conID: 2 locID: 102654966438625749 bcsId: 0} | ret=SUCCESS |  
2019-08-21 12:27:59,125 | INFO  | DNAudit | user=null | ip=null | op=WRITE_CHUNK {blockData=conID: 2 locID: 102654966438625749 bcsId: 0} | ret=SUCCESS |  
2019-08-21 12:27:59,126 | INFO  | DNAudit | user=null | ip=null | op=WRITE_CHUNK {blockData=conID: 2 locID: 102654966438625749 bcsId: 0} | ret=SUCCESS |  
2019-08-21 12:27:59,133 | INFO  | DNAudit | user=null | ip=null | op=WRITE_CHUNK {blockData=conID: 2 locID: 102654966438625749 bcsId: 0} | ret=SUCCESS |  
2019-08-21 12:27:59,134 | INFO  | DNAudit | user=null | ip=null | op=PUT_BLOCK {blockData=[blockId=conID: 2 locID: 102654966438625749 bcsId: 0,size=1048576]} | ret=SUCCESS |  
2019-08-21 12:27:59,134 | INFO  | DNAudit | user=null | ip=null | op=WRITE_CHUNK {blockData=conID: 2 locID: 102654966438625749 bcsId: 0} | ret=SUCCESS |  
2019-08-21 12:27:59,134 | INFO  | DNAudit | user=null | ip=null | op=PUT_BLOCK {blockData=[blockId=conID: 2 locID: 102654966438625749 bcsId: 0,size=2097152]} | ret=SUCCESS |  
2019-08-21 12:27:59,135 | INFO  | DNAudit | user=null | ip=null | op=WRITE_CHUNK {blockData=conID: 2 locID: 102654966438625749 bcsId: 0} | ret=SUCCESS |  
2019-08-21 12:27:59,134 [grpc-default-executor-4] INFO  client.GrpcClientProtocolClient (GrpcClientProtocolClient.java:onNext(255)) - client-C954105195FD->270584e6-a4a8-4db5-8151-214655ce1a56: receive RaftClientReply:client-C954105195FD->270584e6-a4a8-4db5-8151-214655ce1a56@group-787F5BA3AA67, cid=1252, SUCCESS, logIndex=1750, commits[270584e6-a4a8-4db5-8151-214655ce1a56:c1752, af078b8b-61ec-497f-9506-472d46a72462:c1747, 09fb9ab4-1b8d-44c0-9f8c-50855c6f1fed:c1749]
2019-08-21 12:27:59,135 | INFO  | DNAudit | user=null | ip=null | op=PUT_BLOCK {blockData=[blockId=conID: 2 locID: 102654966438625749 bcsId: 0,size=1048576]} | ret=SUCCESS |  
2019-08-21 12:27:59,135 | INFO  | DNAudit | user=null | ip=null | op=WRITE_CHUNK {blockData=conID: 2 locID: 102654966438625749 bcsId: 0} | ret=SUCCESS |  
2019-08-21 12:27:59,135 | INFO  | DNAudit | user=null | ip=null | op=PUT_BLOCK {blockData=[blockId=conID: 2 locID: 102654966438625749 bcsId: 0,size=1048576]} | ret=SUCCESS |  
2019-08-21 12:27:59,136 | INFO  | DNAudit | user=null | ip=null | op=WRITE_CHUNK {blockData=conID: 2 locID: 102654966438625749 bcsId: 0} | ret=SUCCESS |  
2019-08-21 12:27:59,136 | INFO  | DNAudit | user=null | ip=null | op=PUT_BLOCK {blockData=[blockId=conID: 2 locID: 102654966438625749 bcsId: 0,size=2097152]} | ret=SUCCESS |  
2019-08-21 12:27:59,136 [grpc-default-executor-4] INFO  client.GrpcClientProtocolClient (GrpcClientProtocolClient.java:onNext(255)) - client-C954105195FD->270584e6-a4a8-4db5-8151-214655ce1a56: receive RaftClientReply:client-C954105195FD->270584e6-a4a8-4db5-8151-214655ce1a56@group-787F5BA3AA67, cid=1253, SUCCESS, logIndex=1751, commits[270584e6-a4a8-4db5-8151-214655ce1a56:c1753, af078b8b-61ec-497f-9506-472d46a72462:c1749, 09fb9ab4-1b8d-44c0-9f8c-50855c6f1fed:c1749]
2019-08-21 12:27:59,137 [grpc-default-executor-1] INFO  client.GrpcClientProtocolClient (GrpcClientProtocolClient.java:onNext(255)) - client-C954105195FD->270584e6-a4a8-4db5-8151-214655ce1a56: receive RaftClientReply:client-C954105195FD->270584e6-a4a8-4db5-8151-214655ce1a56@group-787F5BA3AA67, cid=1254, SUCCESS, logIndex=1752, commits[270584e6-a4a8-4db5-8151-214655ce1a56:c1753, af078b8b-61ec-497f-9506-472d46a72462:c1749, 09fb9ab4-1b8d-44c0-9f8c-50855c6f1fed:c1749]
2019-08-21 12:27:59,137 [grpc-default-executor-1] INFO  client.GrpcClientProtocolClient (GrpcClientProtocolClient.java:onNext(255)) - client-C954105195FD->270584e6-a4a8-4db5-8151-214655ce1a56: receive RaftClientReply:client-C954105195FD->270584e6-a4a8-4db5-8151-214655ce1a56@group-787F5BA3AA67, cid=1255, SUCCESS, logIndex=1753, commits[270584e6-a4a8-4db5-8151-214655ce1a56:c1753, af078b8b-61ec-497f-9506-472d46a72462:c1749, 09fb9ab4-1b8d-44c0-9f8c-50855c6f1fed:c1749]
2019-08-21 12:27:59,138 | INFO  | DNAudit | user=null | ip=null | op=WRITE_CHUNK {blockData=conID: 2 locID: 102654966438625749 bcsId: 0} | ret=SUCCESS |  
2019-08-21 12:27:59,138 | INFO  | DNAudit | user=null | ip=null | op=PUT_BLOCK {blockData=[blockId=conID: 2 locID: 102654966438625749 bcsId: 0,size=2097152]} | ret=SUCCESS |  
2019-08-21 12:27:59,138 [grpc-default-executor-1] INFO  client.GrpcClientProtocolClient (GrpcClientProtocolClient.java:onNext(255)) - client-C954105195FD->270584e6-a4a8-4db5-8151-214655ce1a56: receive RaftClientReply:client-C954105195FD->270584e6-a4a8-4db5-8151-214655ce1a56@group-787F5BA3AA67, cid=1256, SUCCESS, logIndex=0, commits[270584e6-a4a8-4db5-8151-214655ce1a56:c1757, af078b8b-61ec-497f-9506-472d46a72462:c1751, 09fb9ab4-1b8d-44c0-9f8c-50855c6f1fed:c1753]
2019-08-21 12:27:59,146 | INFO  | DNAudit | user=null | ip=null | op=WRITE_CHUNK {blockData=conID: 2 locID: 102654966438625749 bcsId: 1753} | ret=SUCCESS |  
2019-08-21 12:27:59,149 | INFO  | DNAudit | user=null | ip=null | op=WRITE_CHUNK {blockData=conID: 2 locID: 102654966438625749 bcsId: 1753} | ret=SUCCESS |  
2019-08-21 12:27:59,150 | INFO  | DNAudit | user=null | ip=null | op=WRITE_CHUNK {blockData=conID: 2 locID: 102654966438625749 bcsId: 1753} | ret=SUCCESS |  
2019-08-21 12:27:59,160 | INFO  | DNAudit | user=null | ip=null | op=WRITE_CHUNK {blockData=conID: 2 locID: 102654966438625749 bcsId: 1753} | ret=SUCCESS |  
2019-08-21 12:27:59,160 | INFO  | DNAudit | user=null | ip=null | op=PUT_BLOCK {blockData=[blockId=conID: 2 locID: 102654966438625749 bcsId: 0,size=3145728]} | ret=SUCCESS |  
2019-08-21 12:27:59,161 [grpc-default-executor-4] INFO  client.GrpcClientProtocolClient (GrpcClientProtocolClient.java:onNext(255)) - client-C954105195FD->270584e6-a4a8-4db5-8151-214655ce1a56: receive RaftClientReply:client-C954105195FD->270584e6-a4a8-4db5-8151-214655ce1a56@group-787F5BA3AA67, cid=1257, SUCCESS, logIndex=1758, commits[270584e6-a4a8-4db5-8151-214655ce1a56:c1759, af078b8b-61ec-497f-9506-472d46a72462:c1757, 09fb9ab4-1b8d-44c0-9f8c-50855c6f1fed:c1753]
2019-08-21 12:27:59,162 [grpc-default-executor-4] INFO  client.GrpcClientProtocolClient (GrpcClientProtocolClient.java:onNext(255)) - client-C954105195FD->270584e6-a4a8-4db5-8151-214655ce1a56: receive RaftClientReply:client-C954105195FD->270584e6-a4a8-4db5-8151-214655ce1a56@group-787F5BA3AA67, cid=1258, SUCCESS, logIndex=1759, commits[270584e6-a4a8-4db5-8151-214655ce1a56:c1759, af078b8b-61ec-497f-9506-472d46a72462:c1757, 09fb9ab4-1b8d-44c0-9f8c-50855c6f1fed:c1757]
2019-08-21 12:27:59,170 | INFO  | DNAudit | user=null | ip=null | op=WRITE_CHUNK {blockData=conID: 2 locID: 102654966438625749 bcsId: 1759} | ret=SUCCESS |  
2019-08-21 12:27:59,372 | INFO  | DNAudit | user=null | ip=null | op=WRITE_CHUNK {blockData=conID: 2 locID: 102654966438625749 bcsId: 1753} | ret=SUCCESS |  
2019-08-21 12:27:59,373 | INFO  | SCMAudit | user=jenkins1000 | ip=192.168.34.23 | op=SEND_HEARTBEAT {datanodeUUID=09fb9ab4-1b8d-44c0-9f8c-50855c6f1fed, command=[]} | ret=SUCCESS |  
2019-08-21 12:27:59,373 | INFO  | SCMAudit | user=jenkins1000 | ip=192.168.34.23 | op=SEND_HEARTBEAT {datanodeUUID=af078b8b-61ec-497f-9506-472d46a72462, command=[]} | ret=SUCCESS |  
2019-08-21 12:27:59,373 | INFO  | SCMAudit | user=jenkins1000 | ip=192.168.34.23 | op=SEND_HEARTBEAT {datanodeUUID=270584e6-a4a8-4db5-8151-214655ce1a56, command=[]} | ret=SUCCESS |  
2019-08-21 12:27:59,373 | INFO  | DNAudit | user=null | ip=null | op=PUT_BLOCK {blockData=[blockId=conID: 2 locID: 102654966438625749 bcsId: 0,size=3145728]} | ret=SUCCESS |  
2019-08-21 12:27:59,373 | INFO  | DNAudit | user=null | ip=null | op=WRITE_CHUNK {blockData=conID: 2 locID: 102654966438625749 bcsId: 1753} | ret=SUCCESS |  
2019-08-21 12:27:59,374 | INFO  | DNAudit | user=null | ip=null | op=PUT_BLOCK {blockData=[blockId=conID: 2 locID: 102654966438625749 bcsId: 0,size=3145728]} | ret=SUCCESS |  
2019-08-21 12:27:59,375 | INFO  | DNAudit | user=null | ip=null | op=WRITE_CHUNK {blockData=conID: 2 locID: 102654966438625749 bcsId: 1759} | ret=SUCCESS |  
2019-08-21 12:27:59,375 | INFO  | DNAudit | user=null | ip=null | op=WRITE_CHUNK {blockData=conID: 2 locID: 102654966438625749 bcsId: 1759} | ret=SUCCESS |  
2019-08-21 12:27:59,385 | INFO  | DNAudit | user=null | ip=null | op=WRITE_CHUNK {blockData=conID: 2 locID: 102654966438625749 bcsId: 1759} | ret=SUCCESS |  
2019-08-21 12:27:59,386 | INFO  | DNAudit | user=null | ip=null | op=PUT_BLOCK {blockData=[blockId=conID: 2 locID: 102654966438625749 bcsId: 0,size=4194304]} | ret=SUCCESS |  
2019-08-21 12:27:59,386 [grpc-default-executor-4] INFO  client.GrpcClientProtocolClient (GrpcClientProtocolClient.java:onNext(255)) - client-C954105195FD->270584e6-a4a8-4db5-8151-214655ce1a56: receive RaftClientReply:client-C954105195FD->270584e6-a4a8-4db5-8151-214655ce1a56@group-787F5BA3AA67, cid=1259, SUCCESS, logIndex=1762, commits[270584e6-a4a8-4db5-8151-214655ce1a56:c1763, af078b8b-61ec-497f-9506-472d46a72462:c1759, 09fb9ab4-1b8d-44c0-9f8c-50855c6f1fed:c1759]
2019-08-21 12:27:59,386 [grpc-default-executor-4] INFO  client.GrpcClientProtocolClient (GrpcClientProtocolClient.java:onNext(255)) - client-C954105195FD->270584e6-a4a8-4db5-8151-214655ce1a56: receive RaftClientReply:client-C954105195FD->270584e6-a4a8-4db5-8151-214655ce1a56@group-787F5BA3AA67, cid=1260, SUCCESS, logIndex=1763, commits[270584e6-a4a8-4db5-8151-214655ce1a56:c1763, af078b8b-61ec-497f-9506-472d46a72462:c1759, 09fb9ab4-1b8d-44c0-9f8c-50855c6f1fed:c1759]
2019-08-21 12:27:59,387 | INFO  | DNAudit | user=null | ip=null | op=WRITE_CHUNK {blockData=conID: 2 locID: 102654966438625749 bcsId: 1759} | ret=SUCCESS |  
2019-08-21 12:27:59,387 | INFO  | DNAudit | user=null | ip=null | op=WRITE_CHUNK {blockData=conID: 2 locID: 102654966438625749 bcsId: 1759} | ret=SUCCESS |  
2019-08-21 12:27:59,389 | INFO  | DNAudit | user=null | ip=null | op=PUT_BLOCK {blockData=[blockId=conID: 2 locID: 102654966438625749 bcsId: 0,size=4194304]} | ret=SUCCESS |  
2019-08-21 12:27:59,389 | INFO  | DNAudit | user=null | ip=null | op=PUT_BLOCK {blockData=[blockId=conID: 2 locID: 102654966438625749 bcsId: 0,size=4194304]} | ret=SUCCESS |  
2019-08-21 12:27:59,389 [grpc-default-executor-4] INFO  client.GrpcClientProtocolClient (GrpcClientProtocolClient.java:onNext(255)) - client-C954105195FD->270584e6-a4a8-4db5-8151-214655ce1a56: receive RaftClientReply:client-C954105195FD->270584e6-a4a8-4db5-8151-214655ce1a56@group-787F5BA3AA67, cid=1261, SUCCESS, logIndex=0, commits[270584e6-a4a8-4db5-8151-214655ce1a56:c1765, af078b8b-61ec-497f-9506-472d46a72462:c1763, 09fb9ab4-1b8d-44c0-9f8c-50855c6f1fed:c1763]
2019-08-21 12:27:59,395 | INFO  | SCMAudit | user=jenkins1000 | ip=192.168.34.23 | op=ALLOCATE_BLOCK {owner=b79f83c9-5f7d-4caf-af30-78af34bc5eea, size=4194304, type=RATIS, factor=THREE} | ret=SUCCESS |  
2019-08-21 12:27:59,400 | INFO  | OMAudit | user=jenkins1000 | ip=127.0.0.1 | op=ALLOCATE_BLOCK {volume=vol-0-06517, bucket=bucket-0-64549, key=key-0-34512, dataSize=0, replicationType=null, replicationFactor=null, keyLocationInfo=null, clientID=102654965997830546} | ret=SUCCESS |  
2019-08-21 12:27:59,411 | INFO  | DNAudit | user=null | ip=null | op=WRITE_CHUNK {blockData=conID: 3 locID: 102654966457631190 bcsId: 0} | ret=SUCCESS |  
2019-08-21 12:27:59,412 | INFO  | DNAudit | user=null | ip=null | op=WRITE_CHUNK {blockData=conID: 3 locID: 102654966457631190 bcsId: 0} | ret=SUCCESS |  
2019-08-21 12:27:59,413 | INFO  | DNAudit | user=null | ip=null | op=WRITE_CHUNK {blockData=conID: 3 locID: 102654966457631190 bcsId: 0} | ret=SUCCESS |  
2019-08-21 12:27:59,414 | INFO  | DNAudit | user=null | ip=null | op=WRITE_CHUNK {blockData=conID: 3 locID: 102654966457631190 bcsId: 0} | ret=SUCCESS |  
2019-08-21 12:27:59,415 | INFO  | DNAudit | user=null | ip=null | op=WRITE_CHUNK {blockData=conID: 3 locID: 102654966457631190 bcsId: 0} | ret=SUCCESS |  
2019-08-21 12:27:59,415 | INFO  | DNAudit | user=null | ip=null | op=WRITE_CHUNK {blockData=conID: 3 locID: 102654966457631190 bcsId: 0} | ret=SUCCESS |  
2019-08-21 12:27:59,426 | INFO  | DNAudit | user=null | ip=null | op=WRITE_CHUNK {blockData=conID: 3 locID: 102654966457631190 bcsId: 0} | ret=SUCCESS |  
2019-08-21 12:27:59,426 | INFO  | DNAudit | user=null | ip=null | op=PUT_BLOCK {blockData=[blockId=conID: 3 locID: 102654966457631190 bcsId: 0,size=1048576]} | ret=SUCCESS |  
2019-08-21 12:27:59,427 | INFO  | DNAudit | user=null | ip=null | op=WRITE_CHUNK {blockData=conID: 3 locID: 102654966457631190 bcsId: 0} | ret=SUCCESS |  
2019-08-21 12:27:59,427 [grpc-default-executor-1] INFO  client.GrpcClientProtocolClient (GrpcClientProtocolClient.java:onNext(255)) - client-C954105195FD->270584e6-a4a8-4db5-8151-214655ce1a56: receive RaftClientReply:client-C954105195FD->270584e6-a4a8-4db5-8151-214655ce1a56@group-787F5BA3AA67, cid=1262, SUCCESS, logIndex=1766, commits[270584e6-a4a8-4db5-8151-214655ce1a56:c1769, af078b8b-61ec-497f-9506-472d46a72462:c1765, 09fb9ab4-1b8d-44c0-9f8c-50855c6f1fed:c1765]
2019-08-21 12:27:59,427 | INFO  | DNAudit | user=null | ip=null | op=PUT_BLOCK {blockData=[blockId=conID: 3 locID: 102654966457631190 bcsId: 0,size=2097152]} | ret=SUCCESS |  
2019-08-21 12:27:59,427 [grpc-default-executor-1] INFO  client.GrpcClientProtocolClient (GrpcClientProtocolClient.java:onNext(255)) - client-C954105195FD->270584e6-a4a8-4db5-8151-214655ce1a56: receive RaftClientReply:client-C954105195FD->270584e6-a4a8-4db5-8151-214655ce1a56@group-787F5BA3AA67, cid=1263, SUCCESS, logIndex=1767, commits[270584e6-a4a8-4db5-8151-214655ce1a56:c1769, af078b8b-61ec-497f-9506-472d46a72462:c1765, 09fb9ab4-1b8d-44c0-9f8c-50855c6f1fed:c1765]
2019-08-21 12:27:59,428 [grpc-default-executor-1] INFO  client.GrpcClientProtocolClient (GrpcClientProtocolClient.java:onNext(255)) - client-C954105195FD->270584e6-a4a8-4db5-8151-214655ce1a56: receive RaftClientReply:client-C954105195FD->270584e6-a4a8-4db5-8151-214655ce1a56@group-787F5BA3AA67, cid=1264, SUCCESS, logIndex=1768, commits[270584e6-a4a8-4db5-8151-214655ce1a56:c1769, af078b8b-61ec-497f-9506-472d46a72462:c1765, 09fb9ab4-1b8d-44c0-9f8c-50855c6f1fed:c1765]
2019-08-21 12:27:59,428 [grpc-default-executor-1] INFO  client.GrpcClientProtocolClient (GrpcClientProtocolClient.java:onNext(255)) - client-C954105195FD->270584e6-a4a8-4db5-8151-214655ce1a56: receive RaftClientReply:client-C954105195FD->270584e6-a4a8-4db5-8151-214655ce1a56@group-787F5BA3AA67, cid=1265, SUCCESS, logIndex=1769, commits[270584e6-a4a8-4db5-8151-214655ce1a56:c1769, af078b8b-61ec-497f-9506-472d46a72462:c1765, 09fb9ab4-1b8d-44c0-9f8c-50855c6f1fed:c1765]
2019-08-21 12:27:59,436 | INFO  | DNAudit | user=null | ip=null | op=WRITE_CHUNK {blockData=conID: 3 locID: 102654966457631190 bcsId: 0} | ret=SUCCESS |  
2019-08-21 12:27:59,437 | INFO  | DNAudit | user=null | ip=null | op=WRITE_CHUNK {blockData=conID: 3 locID: 102654966457631190 bcsId: 0} | ret=SUCCESS |  
2019-08-21 12:27:59,437 | INFO  | DNAudit | user=null | ip=null | op=PUT_BLOCK {blockData=[blockId=conID: 3 locID: 102654966457631190 bcsId: 0,size=1048576]} | ret=SUCCESS |  
2019-08-21 12:27:59,437 | INFO  | DNAudit | user=null | ip=null | op=PUT_BLOCK {blockData=[blockId=conID: 3 locID: 102654966457631190 bcsId: 0,size=1048576]} | ret=SUCCESS |  
2019-08-21 12:27:59,437 | INFO  | DNAudit | user=null | ip=null | op=WRITE_CHUNK {blockData=conID: 3 locID: 102654966457631190 bcsId: 0} | ret=SUCCESS |  
2019-08-21 12:27:59,437 | INFO  | DNAudit | user=null | ip=null | op=WRITE_CHUNK {blockData=conID: 3 locID: 102654966457631190 bcsId: 0} | ret=SUCCESS |  
2019-08-21 12:27:59,437 [grpc-default-executor-1] INFO  client.GrpcClientProtocolClient (GrpcClientProtocolClient.java:onNext(255)) - client-C954105195FD->270584e6-a4a8-4db5-8151-214655ce1a56: receive RaftClientReply:client-C954105195FD->270584e6-a4a8-4db5-8151-214655ce1a56@group-787F5BA3AA67, cid=1266, SUCCESS, logIndex=0, commits[270584e6-a4a8-4db5-8151-214655ce1a56:c1771, af078b8b-61ec-497f-9506-472d46a72462:c1767, 09fb9ab4-1b8d-44c0-9f8c-50855c6f1fed:c1767]
2019-08-21 12:27:59,438 | INFO  | DNAudit | user=null | ip=null | op=PUT_BLOCK {blockData=[blockId=conID: 3 locID: 102654966457631190 bcsId: 0,size=2097152]} | ret=SUCCESS |  
2019-08-21 12:27:59,438 | INFO  | DNAudit | user=null | ip=null | op=PUT_BLOCK {blockData=[blockId=conID: 3 locID: 102654966457631190 bcsId: 0,size=2097152]} | ret=SUCCESS |  
2019-08-21 12:27:59,445 | INFO  | DNAudit | user=null | ip=null | op=WRITE_CHUNK {blockData=conID: 3 locID: 102654966457631190 bcsId: 1769} | ret=SUCCESS |  
2019-08-21 12:27:59,448 | INFO  | DNAudit | user=null | ip=null | op=WRITE_CHUNK {blockData=conID: 3 locID: 102654966457631190 bcsId: 1769} | ret=SUCCESS |  
2019-08-21 12:27:59,449 | INFO  | DNAudit | user=null | ip=null | op=WRITE_CHUNK {blockData=conID: 3 locID: 102654966457631190 bcsId: 1769} | ret=SUCCESS |  
2019-08-21 12:27:59,458 | INFO  | DNAudit | user=null | ip=null | op=WRITE_CHUNK {blockData=conID: 3 locID: 102654966457631190 bcsId: 1769} | ret=SUCCESS |  
2019-08-21 12:27:59,458 | INFO  | DNAudit | user=null | ip=null | op=PUT_BLOCK {blockData=[blockId=conID: 3 locID: 102654966457631190 bcsId: 0,size=3145728]} | ret=SUCCESS |  
2019-08-21 12:27:59,458 [grpc-default-executor-1] INFO  client.GrpcClientProtocolClient (GrpcClientProtocolClient.java:onNext(255)) - client-C954105195FD->270584e6-a4a8-4db5-8151-214655ce1a56: receive RaftClientReply:client-C954105195FD->270584e6-a4a8-4db5-8151-214655ce1a56@group-787F5BA3AA67, cid=1267, SUCCESS, logIndex=1774, commits[270584e6-a4a8-4db5-8151-214655ce1a56:c1775, af078b8b-61ec-497f-9506-472d46a72462:c1773, 09fb9ab4-1b8d-44c0-9f8c-50855c6f1fed:c1773]
2019-08-21 12:27:59,459 [grpc-default-executor-1] INFO  client.GrpcClientProtocolClient (GrpcClientProtocolClient.java:onNext(255)) - client-C954105195FD->270584e6-a4a8-4db5-8151-214655ce1a56: receive RaftClientReply:client-C954105195FD->270584e6-a4a8-4db5-8151-214655ce1a56@group-787F5BA3AA67, cid=1268, SUCCESS, logIndex=1775, commits[270584e6-a4a8-4db5-8151-214655ce1a56:c1775, af078b8b-61ec-497f-9506-472d46a72462:c1773, 09fb9ab4-1b8d-44c0-9f8c-50855c6f1fed:c1773]
2019-08-21 12:27:59,466 | INFO  | DNAudit | user=null | ip=null | op=WRITE_CHUNK {blockData=conID: 3 locID: 102654966457631190 bcsId: 1775} | ret=SUCCESS |  
2019-08-21 12:27:59,468 | INFO  | DNAudit | user=null | ip=null | op=WRITE_CHUNK {blockData=conID: 3 locID: 102654966457631190 bcsId: 1775} | ret=SUCCESS |  
2019-08-21 12:27:59,468 | INFO  | DNAudit | user=null | ip=null | op=WRITE_CHUNK {blockData=conID: 3 locID: 102654966457631190 bcsId: 1775} | ret=SUCCESS |  
2019-08-21 12:27:59,469 | INFO  | DNAudit | user=null | ip=null | op=WRITE_CHUNK {blockData=conID: 3 locID: 102654966457631190 bcsId: 1769} | ret=SUCCESS |  
2019-08-21 12:27:59,469 | INFO  | DNAudit | user=null | ip=null | op=WRITE_CHUNK {blockData=conID: 3 locID: 102654966457631190 bcsId: 1769} | ret=SUCCESS |  
2019-08-21 12:27:59,470 | INFO  | DNAudit | user=null | ip=null | op=PUT_BLOCK {blockData=[blockId=conID: 3 locID: 102654966457631190 bcsId: 0,size=3145728]} | ret=SUCCESS |  
2019-08-21 12:27:59,470 | INFO  | DNAudit | user=null | ip=null | op=PUT_BLOCK {blockData=[blockId=conID: 3 locID: 102654966457631190 bcsId: 0,size=3145728]} | ret=SUCCESS |  
2019-08-21 12:27:59,473 | INFO  | DNAudit | user=null | ip=null | op=WRITE_CHUNK {blockData=conID: 3 locID: 102654966457631190 bcsId: 1775} | ret=SUCCESS |  
2019-08-21 12:27:59,473 | INFO  | DNAudit | user=null | ip=null | op=PUT_BLOCK {blockData=[blockId=conID: 3 locID: 102654966457631190 bcsId: 0,size=4194304]} | ret=SUCCESS |  
2019-08-21 12:27:59,473 [grpc-default-executor-4] INFO  client.GrpcClientProtocolClient (GrpcClientProtocolClient.java:onNext(255)) - client-C954105195FD->270584e6-a4a8-4db5-8151-214655ce1a56: receive RaftClientReply:client-C954105195FD->270584e6-a4a8-4db5-8151-214655ce1a56@group-787F5BA3AA67, cid=1269, SUCCESS, logIndex=1778, commits[270584e6-a4a8-4db5-8151-214655ce1a56:c1779, af078b8b-61ec-497f-9506-472d46a72462:c1775, 09fb9ab4-1b8d-44c0-9f8c-50855c6f1fed:c1775]
2019-08-21 12:27:59,474 [grpc-default-executor-4] INFO  client.GrpcClientProtocolClient (GrpcClientProtocolClient.java:onNext(255)) - client-C954105195FD->270584e6-a4a8-4db5-8151-214655ce1a56: receive RaftClientReply:client-C954105195FD->270584e6-a4a8-4db5-8151-214655ce1a56@group-787F5BA3AA67, cid=1270, SUCCESS, logIndex=1779, commits[270584e6-a4a8-4db5-8151-214655ce1a56:c1779, af078b8b-61ec-497f-9506-472d46a72462:c1775, 09fb9ab4-1b8d-44c0-9f8c-50855c6f1fed:c1775]
2019-08-21 12:27:59,484 | INFO  | DNAudit | user=null | ip=null | op=WRITE_CHUNK {blockData=conID: 3 locID: 102654966457631190 bcsId: 1775} | ret=SUCCESS |  
2019-08-21 12:27:59,484 | INFO  | DNAudit | user=null | ip=null | op=WRITE_CHUNK {blockData=conID: 3 locID: 102654966457631190 bcsId: 1775} | ret=SUCCESS |  
2019-08-21 12:27:59,486 | INFO  | DNAudit | user=null | ip=null | op=PUT_BLOCK {blockData=[blockId=conID: 3 locID: 102654966457631190 bcsId: 0,size=4194304]} | ret=SUCCESS |  
2019-08-21 12:27:59,486 | INFO  | DNAudit | user=null | ip=null | op=PUT_BLOCK {blockData=[blockId=conID: 3 locID: 102654966457631190 bcsId: 0,size=4194304]} | ret=SUCCESS |  
2019-08-21 12:27:59,487 [grpc-default-executor-5] INFO  client.GrpcClientProtocolClient (GrpcClientProtocolClient.java:onNext(255)) - client-C954105195FD->270584e6-a4a8-4db5-8151-214655ce1a56: receive RaftClientReply:client-C954105195FD->270584e6-a4a8-4db5-8151-214655ce1a56@group-787F5BA3AA67, cid=1271, SUCCESS, logIndex=0, commits[270584e6-a4a8-4db5-8151-214655ce1a56:c1781, af078b8b-61ec-497f-9506-472d46a72462:c1779, 09fb9ab4-1b8d-44c0-9f8c-50855c6f1fed:c1779]
2019-08-21 12:27:59,492 | INFO  | SCMAudit | user=jenkins1000 | ip=192.168.34.23 | op=ALLOCATE_BLOCK {owner=b79f83c9-5f7d-4caf-af30-78af34bc5eea, size=4194304, type=RATIS, factor=THREE} | ret=SUCCESS |  
2019-08-21 12:27:59,495 | INFO  | OMAudit | user=jenkins1000 | ip=127.0.0.1 | op=ALLOCATE_BLOCK {volume=vol-0-06517, bucket=bucket-0-64549, key=key-0-34512, dataSize=0, replicationType=null, replicationFactor=null, keyLocationInfo=null, clientID=102654965997830546} | ret=SUCCESS |  
2019-08-21 12:27:59,502 | INFO  | DNAudit | user=null | ip=null | op=WRITE_CHUNK {blockData=conID: 1 locID: 102654966463988183 bcsId: 0} | ret=SUCCESS |  
2019-08-21 12:27:59,505 | INFO  | DNAudit | user=null | ip=null | op=WRITE_CHUNK {blockData=conID: 1 locID: 102654966463988183 bcsId: 0} | ret=SUCCESS |  
2019-08-21 12:27:59,506 | INFO  | DNAudit | user=null | ip=null | op=WRITE_CHUNK {blockData=conID: 1 locID: 102654966463988183 bcsId: 0} | ret=SUCCESS |  
2019-08-21 12:27:59,506 | INFO  | DNAudit | user=null | ip=null | op=WRITE_CHUNK {blockData=conID: 1 locID: 102654966463988183 bcsId: 0} | ret=SUCCESS |  
2019-08-21 12:27:59,508 | INFO  | DNAudit | user=null | ip=null | op=WRITE_CHUNK {blockData=conID: 1 locID: 102654966463988183 bcsId: 0} | ret=SUCCESS |  
2019-08-21 12:27:59,508 | INFO  | DNAudit | user=null | ip=null | op=WRITE_CHUNK {blockData=conID: 1 locID: 102654966463988183 bcsId: 0} | ret=SUCCESS |  
2019-08-21 12:27:59,515 | INFO  | DNAudit | user=null | ip=null | op=WRITE_CHUNK {blockData=conID: 1 locID: 102654966463988183 bcsId: 0} | ret=SUCCESS |  
2019-08-21 12:27:59,515 | INFO  | DNAudit | user=null | ip=null | op=PUT_BLOCK {blockData=[blockId=conID: 1 locID: 102654966463988183 bcsId: 0,size=1048576]} | ret=SUCCESS |  
2019-08-21 12:27:59,515 [grpc-default-executor-4] INFO  client.GrpcClientProtocolClient (GrpcClientProtocolClient.java:onNext(255)) - client-C954105195FD->270584e6-a4a8-4db5-8151-214655ce1a56: receive RaftClientReply:client-C954105195FD->270584e6-a4a8-4db5-8151-214655ce1a56@group-787F5BA3AA67, cid=1272, SUCCESS, logIndex=1782, commits[270584e6-a4a8-4db5-8151-214655ce1a56:c1785, af078b8b-61ec-497f-9506-472d46a72462:c1781, 09fb9ab4-1b8d-44c0-9f8c-50855c6f1fed:c1781]
2019-08-21 12:27:59,516 | INFO  | DNAudit | user=null | ip=null | op=WRITE_CHUNK {blockData=conID: 1 locID: 102654966463988183 bcsId: 0} | ret=SUCCESS |  
2019-08-21 12:27:59,516 | INFO  | DNAudit | user=null | ip=null | op=WRITE_CHUNK {blockData=conID: 1 locID: 102654966463988183 bcsId: 0} | ret=SUCCESS |  
2019-08-21 12:27:59,516 [grpc-default-executor-4] INFO  client.GrpcClientProtocolClient (GrpcClientProtocolClient.java:onNext(255)) - client-C954105195FD->270584e6-a4a8-4db5-8151-214655ce1a56: receive RaftClientReply:client-C954105195FD->270584e6-a4a8-4db5-8151-214655ce1a56@group-787F5BA3AA67, cid=1273, SUCCESS, logIndex=1783, commits[270584e6-a4a8-4db5-8151-214655ce1a56:c1785, af078b8b-61ec-497f-9506-472d46a72462:c1781, 09fb9ab4-1b8d-44c0-9f8c-50855c6f1fed:c1781]
2019-08-21 12:27:59,517 | INFO  | DNAudit | user=null | ip=null | op=PUT_BLOCK {blockData=[blockId=conID: 1 locID: 102654966463988183 bcsId: 0,size=2097152]} | ret=SUCCESS |  
2019-08-21 12:27:59,517 [grpc-default-executor-4] INFO  client.GrpcClientProtocolClient (GrpcClientProtocolClient.java:onNext(255)) - client-C954105195FD->270584e6-a4a8-4db5-8151-214655ce1a56: receive RaftClientReply:client-C954105195FD->270584e6-a4a8-4db5-8151-214655ce1a56@group-787F5BA3AA67, cid=1274, SUCCESS, logIndex=1784, commits[270584e6-a4a8-4db5-8151-214655ce1a56:c1786, af078b8b-61ec-497f-9506-472d46a72462:c1781, 09fb9ab4-1b8d-44c0-9f8c-50855c6f1fed:c1782]
2019-08-21 12:27:59,517 | INFO  | DNAudit | user=null | ip=null | op=WRITE_CHUNK {blockData=conID: 1 locID: 102654966463988183 bcsId: 0} | ret=SUCCESS |  
2019-08-21 12:27:59,518 | INFO  | DNAudit | user=null | ip=null | op=PUT_BLOCK {blockData=[blockId=conID: 1 locID: 102654966463988183 bcsId: 0,size=1048576]} | ret=SUCCESS |  
2019-08-21 12:27:59,518 | INFO  | DNAudit | user=null | ip=null | op=PUT_BLOCK {blockData=[blockId=conID: 1 locID: 102654966463988183 bcsId: 0,size=1048576]} | ret=SUCCESS |  
2019-08-21 12:27:59,518 | INFO  | DNAudit | user=null | ip=null | op=WRITE_CHUNK {blockData=conID: 1 locID: 102654966463988183 bcsId: 0} | ret=SUCCESS |  
2019-08-21 12:27:59,518 [grpc-default-executor-4] INFO  client.GrpcClientProtocolClient (GrpcClientProtocolClient.java:onNext(255)) - client-C954105195FD->270584e6-a4a8-4db5-8151-214655ce1a56: receive RaftClientReply:client-C954105195FD->270584e6-a4a8-4db5-8151-214655ce1a56@group-787F5BA3AA67, cid=1275, SUCCESS, logIndex=1785, commits[270584e6-a4a8-4db5-8151-214655ce1a56:c1786, af078b8b-61ec-497f-9506-472d46a72462:c1781, 09fb9ab4-1b8d-44c0-9f8c-50855c6f1fed:c1782]
2019-08-21 12:27:59,518 | INFO  | DNAudit | user=null | ip=null | op=WRITE_CHUNK {blockData=conID: 1 locID: 102654966463988183 bcsId: 0} | ret=SUCCESS |  
2019-08-21 12:27:59,518 | INFO  | DNAudit | user=null | ip=null | op=PUT_BLOCK {blockData=[blockId=conID: 1 locID: 102654966463988183 bcsId: 0,size=2097152]} | ret=SUCCESS |  
2019-08-21 12:27:59,518 | INFO  | DNAudit | user=null | ip=null | op=PUT_BLOCK {blockData=[blockId=conID: 1 locID: 102654966463988183 bcsId: 0,size=2097152]} | ret=SUCCESS |  
2019-08-21 12:27:59,519 [grpc-default-executor-4] INFO  client.GrpcClientProtocolClient (GrpcClientProtocolClient.java:onNext(255)) - client-C954105195FD->270584e6-a4a8-4db5-8151-214655ce1a56: receive RaftClientReply:client-C954105195FD->270584e6-a4a8-4db5-8151-214655ce1a56@group-787F5BA3AA67, cid=1276, SUCCESS, logIndex=0, commits[270584e6-a4a8-4db5-8151-214655ce1a56:c1789, af078b8b-61ec-497f-9506-472d46a72462:c1785, 09fb9ab4-1b8d-44c0-9f8c-50855c6f1fed:c1785]
2019-08-21 12:27:59,527 | INFO  | DNAudit | user=null | ip=null | op=WRITE_CHUNK {blockData=conID: 1 locID: 102654966463988183 bcsId: 1785} | ret=SUCCESS |  
2019-08-21 12:27:59,528 | INFO  | DNAudit | user=null | ip=null | op=WRITE_CHUNK {blockData=conID: 1 locID: 102654966463988183 bcsId: 1785} | ret=SUCCESS |  
2019-08-21 12:27:59,529 | INFO  | DNAudit | user=null | ip=null | op=WRITE_CHUNK {blockData=conID: 1 locID: 102654966463988183 bcsId: 1785} | ret=SUCCESS |  
2019-08-21 12:27:59,540 | INFO  | DNAudit | user=null | ip=null | op=WRITE_CHUNK {blockData=conID: 1 locID: 102654966463988183 bcsId: 1785} | ret=SUCCESS |  
2019-08-21 12:27:59,540 | INFO  | DNAudit | user=null | ip=null | op=PUT_BLOCK {blockData=[blockId=conID: 1 locID: 102654966463988183 bcsId: 0,size=3145728]} | ret=SUCCESS |  
2019-08-21 12:27:59,540 [grpc-default-executor-5] INFO  client.GrpcClientProtocolClient (GrpcClientProtocolClient.java:onNext(255)) - client-C954105195FD->270584e6-a4a8-4db5-8151-214655ce1a56: receive RaftClientReply:client-C954105195FD->270584e6-a4a8-4db5-8151-214655ce1a56@group-787F5BA3AA67, cid=1277, SUCCESS, logIndex=1790, commits[270584e6-a4a8-4db5-8151-214655ce1a56:c1791, af078b8b-61ec-497f-9506-472d46a72462:c1789, 09fb9ab4-1b8d-44c0-9f8c-50855c6f1fed:c1789]
2019-08-21 12:27:59,541 [grpc-default-executor-5] INFO  client.GrpcClientProtocolClient (GrpcClientProtocolClient.java:onNext(255)) - client-C954105195FD->270584e6-a4a8-4db5-8151-214655ce1a56: receive RaftClientReply:client-C954105195FD->270584e6-a4a8-4db5-8151-214655ce1a56@group-787F5BA3AA67, cid=1278, SUCCESS, logIndex=1791, commits[270584e6-a4a8-4db5-8151-214655ce1a56:c1791, af078b8b-61ec-497f-9506-472d46a72462:c1789, 09fb9ab4-1b8d-44c0-9f8c-50855c6f1fed:c1789]
2019-08-21 12:27:59,550 | INFO  | DNAudit | user=null | ip=null | op=WRITE_CHUNK {blockData=conID: 1 locID: 102654966463988183 bcsId: 1791} | ret=SUCCESS |  
2019-08-21 12:27:59,551 | INFO  | DNAudit | user=null | ip=null | op=WRITE_CHUNK {blockData=conID: 1 locID: 102654966463988183 bcsId: 1785} | ret=SUCCESS |  
2019-08-21 12:27:59,551 | INFO  | DNAudit | user=null | ip=null | op=WRITE_CHUNK {blockData=conID: 1 locID: 102654966463988183 bcsId: 1785} | ret=SUCCESS |  
2019-08-21 12:27:59,552 | INFO  | DNAudit | user=null | ip=null | op=PUT_BLOCK {blockData=[blockId=conID: 1 locID: 102654966463988183 bcsId: 0,size=3145728]} | ret=SUCCESS |  
2019-08-21 12:27:59,552 | INFO  | DNAudit | user=null | ip=null | op=WRITE_CHUNK {blockData=conID: 1 locID: 102654966463988183 bcsId: 1791} | ret=SUCCESS |  
2019-08-21 12:27:59,552 | INFO  | DNAudit | user=null | ip=null | op=PUT_BLOCK {blockData=[blockId=conID: 1 locID: 102654966463988183 bcsId: 0,size=3145728]} | ret=SUCCESS |  
2019-08-21 12:27:59,552 | INFO  | DNAudit | user=null | ip=null | op=WRITE_CHUNK {blockData=conID: 1 locID: 102654966463988183 bcsId: 1791} | ret=SUCCESS |  
2019-08-21 12:27:59,564 | INFO  | DNAudit | user=null | ip=null | op=WRITE_CHUNK {blockData=conID: 1 locID: 102654966463988183 bcsId: 1791} | ret=SUCCESS |  
2019-08-21 12:27:59,565 | INFO  | DNAudit | user=null | ip=null | op=PUT_BLOCK {blockData=[blockId=conID: 1 locID: 102654966463988183 bcsId: 0,size=4194304]} | ret=SUCCESS |  
2019-08-21 12:27:59,565 [grpc-default-executor-5] INFO  client.GrpcClientProtocolClient (GrpcClientProtocolClient.java:onNext(255)) - client-C954105195FD->270584e6-a4a8-4db5-8151-214655ce1a56: receive RaftClientReply:client-C954105195FD->270584e6-a4a8-4db5-8151-214655ce1a56@group-787F5BA3AA67, cid=1279, SUCCESS, logIndex=1794, commits[270584e6-a4a8-4db5-8151-214655ce1a56:c1795, af078b8b-61ec-497f-9506-472d46a72462:c1791, 09fb9ab4-1b8d-44c0-9f8c-50855c6f1fed:c1791]
2019-08-21 12:27:59,565 [grpc-default-executor-5] INFO  client.GrpcClientProtocolClient (GrpcClientProtocolClient.java:onNext(255)) - client-C954105195FD->270584e6-a4a8-4db5-8151-214655ce1a56: receive RaftClientReply:client-C954105195FD->270584e6-a4a8-4db5-8151-214655ce1a56@group-787F5BA3AA67, cid=1280, SUCCESS, logIndex=1795, commits[270584e6-a4a8-4db5-8151-214655ce1a56:c1795, af078b8b-61ec-497f-9506-472d46a72462:c1791, 09fb9ab4-1b8d-44c0-9f8c-50855c6f1fed:c1791]
2019-08-21 12:27:59,566 | INFO  | DNAudit | user=null | ip=null | op=WRITE_CHUNK {blockData=conID: 1 locID: 102654966463988183 bcsId: 1791} | ret=SUCCESS |  
2019-08-21 12:27:59,566 | INFO  | DNAudit | user=null | ip=null | op=WRITE_CHUNK {blockData=conID: 1 locID: 102654966463988183 bcsId: 1791} | ret=SUCCESS |  
2019-08-21 12:27:59,566 | INFO  | DNAudit | user=null | ip=null | op=PUT_BLOCK {blockData=[blockId=conID: 1 locID: 102654966463988183 bcsId: 0,size=4194304]} | ret=SUCCESS |  
2019-08-21 12:27:59,566 | INFO  | DNAudit | user=null | ip=null | op=PUT_BLOCK {blockData=[blockId=conID: 1 locID: 102654966463988183 bcsId: 0,size=4194304]} | ret=SUCCESS |  
2019-08-21 12:27:59,567 [grpc-default-executor-5] INFO  client.GrpcClientProtocolClient (GrpcClientProtocolClient.java:onNext(255)) - client-C954105195FD->270584e6-a4a8-4db5-8151-214655ce1a56: receive RaftClientReply:client-C954105195FD->270584e6-a4a8-4db5-8151-214655ce1a56@group-787F5BA3AA67, cid=1281, SUCCESS, logIndex=0, commits[270584e6-a4a8-4db5-8151-214655ce1a56:c1796, af078b8b-61ec-497f-9506-472d46a72462:c1795, 09fb9ab4-1b8d-44c0-9f8c-50855c6f1fed:c1795]
2019-08-21 12:27:59,572 | INFO  | SCMAudit | user=jenkins1000 | ip=192.168.34.23 | op=ALLOCATE_BLOCK {owner=b79f83c9-5f7d-4caf-af30-78af34bc5eea, size=4194304, type=RATIS, factor=THREE} | ret=SUCCESS |  
2019-08-21 12:27:59,576 | INFO  | OMAudit | user=jenkins1000 | ip=127.0.0.1 | op=ALLOCATE_BLOCK {volume=vol-0-06517, bucket=bucket-0-64549, key=key-0-34512, dataSize=0, replicationType=null, replicationFactor=null, keyLocationInfo=null, clientID=102654965997830546} | ret=SUCCESS |  
 0.00% |█                                                                                                    |  0/1 Time: 0:00:072019-08-21 12:27:59,583 | INFO  | DNAudit | user=null | ip=null | op=WRITE_CHUNK {blockData=conID: 2 locID: 102654966469231064 bcsId: 0} | ret=SUCCESS |  
2019-08-21 12:27:59,585 | INFO  | DNAudit | user=null | ip=null | op=WRITE_CHUNK {blockData=conID: 2 locID: 102654966469231064 bcsId: 0} | ret=SUCCESS |  
2019-08-21 12:27:59,585 | INFO  | DNAudit | user=null | ip=null | op=WRITE_CHUNK {blockData=conID: 2 locID: 102654966469231064 bcsId: 0} | ret=SUCCESS |  
2019-08-21 12:27:59,585 | INFO  | DNAudit | user=null | ip=null | op=WRITE_CHUNK {blockData=conID: 2 locID: 102654966469231064 bcsId: 0} | ret=SUCCESS |  
2019-08-21 12:27:59,587 | INFO  | DNAudit | user=null | ip=null | op=WRITE_CHUNK {blockData=conID: 2 locID: 102654966469231064 bcsId: 0} | ret=SUCCESS |  
2019-08-21 12:27:59,587 | INFO  | DNAudit | user=null | ip=null | op=WRITE_CHUNK {blockData=conID: 2 locID: 102654966469231064 bcsId: 0} | ret=SUCCESS |  
2019-08-21 12:27:59,588 | INFO  | DNAudit | user=null | ip=null | op=WRITE_CHUNK {blockData=conID: 2 locID: 102654966469231064 bcsId: 0} | ret=SUCCESS |  
2019-08-21 12:27:59,588 | INFO  | DNAudit | user=null | ip=null | op=PUT_BLOCK {blockData=[blockId=conID: 2 locID: 102654966469231064 bcsId: 0,size=1048576]} | ret=SUCCESS |  
2019-08-21 12:27:59,588 [grpc-default-executor-4] INFO  client.GrpcClientProtocolClient (GrpcClientProtocolClient.java:onNext(255)) - client-C954105195FD->270584e6-a4a8-4db5-8151-214655ce1a56: receive RaftClientReply:client-C954105195FD->270584e6-a4a8-4db5-8151-214655ce1a56@group-787F5BA3AA67, cid=1282, SUCCESS, logIndex=1798, commits[270584e6-a4a8-4db5-8151-214655ce1a56:c1799, af078b8b-61ec-497f-9506-472d46a72462:c1795, 09fb9ab4-1b8d-44c0-9f8c-50855c6f1fed:c1797]
2019-08-21 12:27:59,589 [grpc-default-executor-4] INFO  client.GrpcClientProtocolClient (GrpcClientProtocolClient.java:onNext(255)) - client-C954105195FD->270584e6-a4a8-4db5-8151-214655ce1a56: receive RaftClientReply:client-C954105195FD->270584e6-a4a8-4db5-8151-214655ce1a56@group-787F5BA3AA67, cid=1283, SUCCESS, logIndex=1799, commits[270584e6-a4a8-4db5-8151-214655ce1a56:c1799, af078b8b-61ec-497f-9506-472d46a72462:c1795, 09fb9ab4-1b8d-44c0-9f8c-50855c6f1fed:c1797]
2019-08-21 12:27:59,590 | INFO  | DNAudit | user=null | ip=null | op=WRITE_CHUNK {blockData=conID: 2 locID: 102654966469231064 bcsId: 0} | ret=SUCCESS |  
2019-08-21 12:27:59,590 | INFO  | DNAudit | user=null | ip=null | op=PUT_BLOCK {blockData=[blockId=conID: 2 locID: 102654966469231064 bcsId: 0,size=2097152]} | ret=SUCCESS |  
2019-08-21 12:27:59,590 | INFO  | DNAudit | user=null | ip=null | op=WRITE_CHUNK {blockData=conID: 2 locID: 102654966469231064 bcsId: 0} | ret=SUCCESS |  
2019-08-21 12:27:59,590 [grpc-default-executor-4] INFO  client.GrpcClientProtocolClient (GrpcClientProtocolClient.java:onNext(255)) - client-C954105195FD->270584e6-a4a8-4db5-8151-214655ce1a56: receive RaftClientReply:client-C954105195FD->270584e6-a4a8-4db5-8151-214655ce1a56@group-787F5BA3AA67, cid=1284, SUCCESS, logIndex=1800, commits[270584e6-a4a8-4db5-8151-214655ce1a56:c1801, af078b8b-61ec-497f-9506-472d46a72462:c1797, 09fb9ab4-1b8d-44c0-9f8c-50855c6f1fed:c1797]
2019-08-21 12:27:59,591 | INFO  | DNAudit | user=null | ip=null | op=PUT_BLOCK {blockData=[blockId=conID: 2 locID: 102654966469231064 bcsId: 0,size=1048576]} | ret=SUCCESS |  
2019-08-21 12:27:59,591 [grpc-default-executor-4] INFO  client.GrpcClientProtocolClient (GrpcClientProtocolClient.java:onNext(255)) - client-C954105195FD->270584e6-a4a8-4db5-8151-214655ce1a56: receive RaftClientReply:client-C954105195FD->270584e6-a4a8-4db5-8151-214655ce1a56@group-787F5BA3AA67, cid=1285, SUCCESS, logIndex=1801, commits[270584e6-a4a8-4db5-8151-214655ce1a56:c1801, af078b8b-61ec-497f-9506-472d46a72462:c1797, 09fb9ab4-1b8d-44c0-9f8c-50855c6f1fed:c1797]
2019-08-21 12:27:59,591 | INFO  | DNAudit | user=null | ip=null | op=WRITE_CHUNK {blockData=conID: 2 locID: 102654966469231064 bcsId: 0} | ret=SUCCESS |  
2019-08-21 12:27:59,591 | INFO  | DNAudit | user=null | ip=null | op=PUT_BLOCK {blockData=[blockId=conID: 2 locID: 102654966469231064 bcsId: 0,size=1048576]} | ret=SUCCESS |  
2019-08-21 12:27:59,592 | INFO  | DNAudit | user=null | ip=null | op=WRITE_CHUNK {blockData=conID: 2 locID: 102654966469231064 bcsId: 0} | ret=SUCCESS |  
2019-08-21 12:27:59,592 | INFO  | DNAudit | user=null | ip=null | op=PUT_BLOCK {blockData=[blockId=conID: 2 locID: 102654966469231064 bcsId: 0,size=2097152]} | ret=SUCCESS |  
2019-08-21 12:27:59,592 [grpc-default-executor-5] INFO  client.GrpcClientProtocolClient (GrpcClientProtocolClient.java:onNext(255)) - client-C954105195FD->270584e6-a4a8-4db5-8151-214655ce1a56: receive RaftClientReply:client-C954105195FD->270584e6-a4a8-4db5-8151-214655ce1a56@group-787F5BA3AA67, cid=1286, SUCCESS, logIndex=0, commits[270584e6-a4a8-4db5-8151-214655ce1a56:c1802, af078b8b-61ec-497f-9506-472d46a72462:c1799, 09fb9ab4-1b8d-44c0-9f8c-50855c6f1fed:c1799]
2019-08-21 12:27:59,592 | INFO  | DNAudit | user=null | ip=null | op=WRITE_CHUNK {blockData=conID: 2 locID: 102654966469231064 bcsId: 0} | ret=SUCCESS |  
2019-08-21 12:27:59,592 | INFO  | DNAudit | user=null | ip=null | op=PUT_BLOCK {blockData=[blockId=conID: 2 locID: 102654966469231064 bcsId: 0,size=2097152]} | ret=SUCCESS |  
2019-08-21 12:27:59,599 | INFO  | DNAudit | user=null | ip=null | op=WRITE_CHUNK {blockData=conID: 2 locID: 102654966469231064 bcsId: 1801} | ret=SUCCESS |  
2019-08-21 12:27:59,601 | INFO  | DNAudit | user=null | ip=null | op=WRITE_CHUNK {blockData=conID: 2 locID: 102654966469231064 bcsId: 1801} | ret=SUCCESS |  
2019-08-21 12:27:59,601 | INFO  | DNAudit | user=null | ip=null | op=WRITE_CHUNK {blockData=conID: 2 locID: 102654966469231064 bcsId: 1801} | ret=SUCCESS |  
2019-08-21 12:27:59,619 | INFO  | DNAudit | user=null | ip=null | op=WRITE_CHUNK {blockData=conID: 2 locID: 102654966469231064 bcsId: 1801} | ret=SUCCESS |  
2019-08-21 12:27:59,619 | INFO  | DNAudit | user=null | ip=null | op=PUT_BLOCK {blockData=[blockId=conID: 2 locID: 102654966469231064 bcsId: 0,size=3145728]} | ret=SUCCESS |  
2019-08-21 12:27:59,619 [grpc-default-executor-5] INFO  client.GrpcClientProtocolClient (GrpcClientProtocolClient.java:onNext(255)) - client-C954105195FD->270584e6-a4a8-4db5-8151-214655ce1a56: receive RaftClientReply:client-C954105195FD->270584e6-a4a8-4db5-8151-214655ce1a56@group-787F5BA3AA67, cid=1287, SUCCESS, logIndex=1805, commits[270584e6-a4a8-4db5-8151-214655ce1a56:c1806, af078b8b-61ec-497f-9506-472d46a72462:c1804, 09fb9ab4-1b8d-44c0-9f8c-50855c6f1fed:c1804]
2019-08-21 12:27:59,620 [grpc-default-executor-5] INFO  client.GrpcClientProtocolClient (GrpcClientProtocolClient.java:onNext(255)) - client-C954105195FD->270584e6-a4a8-4db5-8151-214655ce1a56: receive RaftClientReply:client-C954105195FD->270584e6-a4a8-4db5-8151-214655ce1a56@group-787F5BA3AA67, cid=1288, SUCCESS, logIndex=1806, commits[270584e6-a4a8-4db5-8151-214655ce1a56:c1806, af078b8b-61ec-497f-9506-472d46a72462:c1804, 09fb9ab4-1b8d-44c0-9f8c-50855c6f1fed:c1804]
2019-08-21 12:27:59,626 | INFO  | DNAudit | user=null | ip=null | op=WRITE_CHUNK {blockData=conID: 2 locID: 102654966469231064 bcsId: 1801} | ret=SUCCESS |  
2019-08-21 12:27:59,626 | INFO  | DNAudit | user=null | ip=null | op=WRITE_CHUNK {blockData=conID: 2 locID: 102654966469231064 bcsId: 1801} | ret=SUCCESS |  
2019-08-21 12:27:59,626 | INFO  | DNAudit | user=null | ip=null | op=PUT_BLOCK {blockData=[blockId=conID: 2 locID: 102654966469231064 bcsId: 0,size=3145728]} | ret=SUCCESS |  
2019-08-21 12:27:59,626 | INFO  | DNAudit | user=null | ip=null | op=WRITE_CHUNK {blockData=conID: 2 locID: 102654966469231064 bcsId: 1806} | ret=SUCCESS |  
2019-08-21 12:27:59,627 | INFO  | DNAudit | user=null | ip=null | op=PUT_BLOCK {blockData=[blockId=conID: 2 locID: 102654966469231064 bcsId: 0,size=3145728]} | ret=SUCCESS |  
2019-08-21 12:27:59,628 | INFO  | DNAudit | user=null | ip=null | op=WRITE_CHUNK {blockData=conID: 2 locID: 102654966469231064 bcsId: 1806} | ret=SUCCESS |  
2019-08-21 12:27:59,629 | INFO  | DNAudit | user=null | ip=null | op=WRITE_CHUNK {blockData=conID: 2 locID: 102654966469231064 bcsId: 1806} | ret=SUCCESS |  
2019-08-21 12:27:59,644 | INFO  | DNAudit | user=null | ip=null | op=WRITE_CHUNK {blockData=conID: 2 locID: 102654966469231064 bcsId: 1806} | ret=SUCCESS |  
2019-08-21 12:27:59,645 | INFO  | DNAudit | user=null | ip=null | op=PUT_BLOCK {blockData=[blockId=conID: 2 locID: 102654966469231064 bcsId: 0,size=4194304]} | ret=SUCCESS |  
2019-08-21 12:27:59,645 [grpc-default-executor-4] INFO  client.GrpcClientProtocolClient (GrpcClientProtocolClient.java:onNext(255)) - client-C954105195FD->270584e6-a4a8-4db5-8151-214655ce1a56: receive RaftClientReply:client-C954105195FD->270584e6-a4a8-4db5-8151-214655ce1a56@group-787F5BA3AA67, cid=1289, SUCCESS, logIndex=1809, commits[270584e6-a4a8-4db5-8151-214655ce1a56:c1810, af078b8b-61ec-497f-9506-472d46a72462:c1806, 09fb9ab4-1b8d-44c0-9f8c-50855c6f1fed:c1806]
2019-08-21 12:27:59,645 [grpc-default-executor-4] INFO  client.GrpcClientProtocolClient (GrpcClientProtocolClient.java:onNext(255)) - client-C954105195FD->270584e6-a4a8-4db5-8151-214655ce1a56: receive RaftClientReply:client-C954105195FD->270584e6-a4a8-4db5-8151-214655ce1a56@group-787F5BA3AA67, cid=1290, SUCCESS, logIndex=1810, commits[270584e6-a4a8-4db5-8151-214655ce1a56:c1810, af078b8b-61ec-497f-9506-472d46a72462:c1806, 09fb9ab4-1b8d-44c0-9f8c-50855c6f1fed:c1806]
2019-08-21 12:27:59,656 | INFO  | DNAudit | user=null | ip=null | op=WRITE_CHUNK {blockData=conID: 2 locID: 102654966469231064 bcsId: 1806} | ret=SUCCESS |  
2019-08-21 12:27:59,656 | INFO  | DNAudit | user=null | ip=null | op=WRITE_CHUNK {blockData=conID: 2 locID: 102654966469231064 bcsId: 1806} | ret=SUCCESS |  
2019-08-21 12:27:59,658 | INFO  | DNAudit | user=null | ip=null | op=PUT_BLOCK {blockData=[blockId=conID: 2 locID: 102654966469231064 bcsId: 0,size=4194304]} | ret=SUCCESS |  
2019-08-21 12:27:59,658 | INFO  | DNAudit | user=null | ip=null | op=PUT_BLOCK {blockData=[blockId=conID: 2 locID: 102654966469231064 bcsId: 0,size=4194304]} | ret=SUCCESS |  
2019-08-21 12:27:59,659 [grpc-default-executor-1] INFO  client.GrpcClientProtocolClient (GrpcClientProtocolClient.java:onNext(255)) - client-C954105195FD->270584e6-a4a8-4db5-8151-214655ce1a56: receive RaftClientReply:client-C954105195FD->270584e6-a4a8-4db5-8151-214655ce1a56@group-787F5BA3AA67, cid=1291, SUCCESS, logIndex=0, commits[270584e6-a4a8-4db5-8151-214655ce1a56:c1811, af078b8b-61ec-497f-9506-472d46a72462:c1810, 09fb9ab4-1b8d-44c0-9f8c-50855c6f1fed:c1810]
2019-08-21 12:27:59,663 | INFO  | SCMAudit | user=jenkins1000 | ip=192.168.34.23 | op=ALLOCATE_BLOCK {owner=b79f83c9-5f7d-4caf-af30-78af34bc5eea, size=4194304, type=RATIS, factor=THREE} | ret=SUCCESS |  
2019-08-21 12:27:59,665 | INFO  | OMAudit | user=jenkins1000 | ip=127.0.0.1 | op=ALLOCATE_BLOCK {volume=vol-0-06517, bucket=bucket-0-64549, key=key-0-34512, dataSize=0, replicationType=null, replicationFactor=null, keyLocationInfo=null, clientID=102654965997830546} | ret=SUCCESS |  
2019-08-21 12:27:59,671 | INFO  | DNAudit | user=null | ip=null | op=WRITE_CHUNK {blockData=conID: 3 locID: 102654966475194841 bcsId: 0} | ret=SUCCESS |  
2019-08-21 12:27:59,674 | INFO  | DNAudit | user=null | ip=null | op=WRITE_CHUNK {blockData=conID: 3 locID: 102654966475194841 bcsId: 0} | ret=SUCCESS |  
2019-08-21 12:27:59,674 | INFO  | DNAudit | user=null | ip=null | op=WRITE_CHUNK {blockData=conID: 3 locID: 102654966475194841 bcsId: 0} | ret=SUCCESS |  
2019-08-21 12:27:59,674 | INFO  | DNAudit | user=null | ip=null | op=WRITE_CHUNK {blockData=conID: 3 locID: 102654966475194841 bcsId: 0} | ret=SUCCESS |  
2019-08-21 12:27:59,675 | INFO  | DNAudit | user=null | ip=null | op=WRITE_CHUNK {blockData=conID: 3 locID: 102654966475194841 bcsId: 0} | ret=SUCCESS |  
2019-08-21 12:27:59,676 | INFO  | DNAudit | user=null | ip=null | op=WRITE_CHUNK {blockData=conID: 3 locID: 102654966475194841 bcsId: 0} | ret=SUCCESS |  
2019-08-21 12:27:59,684 | INFO  | DNAudit | user=null | ip=null | op=WRITE_CHUNK {blockData=conID: 3 locID: 102654966475194841 bcsId: 0} | ret=SUCCESS |  
2019-08-21 12:27:59,684 | INFO  | DNAudit | user=null | ip=null | op=PUT_BLOCK {blockData=[blockId=conID: 3 locID: 102654966475194841 bcsId: 0,size=1048576]} | ret=SUCCESS |  
2019-08-21 12:27:59,685 | INFO  | DNAudit | user=null | ip=null | op=WRITE_CHUNK {blockData=conID: 3 locID: 102654966475194841 bcsId: 0} | ret=SUCCESS |  
2019-08-21 12:27:59,685 [grpc-default-executor-4] INFO  client.GrpcClientProtocolClient (GrpcClientProtocolClient.java:onNext(255)) - client-C954105195FD->270584e6-a4a8-4db5-8151-214655ce1a56: receive RaftClientReply:client-C954105195FD->270584e6-a4a8-4db5-8151-214655ce1a56@group-787F5BA3AA67, cid=1292, SUCCESS, logIndex=1813, commits[270584e6-a4a8-4db5-8151-214655ce1a56:c1815, af078b8b-61ec-497f-9506-472d46a72462:c1812, 09fb9ab4-1b8d-44c0-9f8c-50855c6f1fed:c1812]
2019-08-21 12:27:59,685 | INFO  | DNAudit | user=null | ip=null | op=PUT_BLOCK {blockData=[blockId=conID: 3 locID: 102654966475194841 bcsId: 0,size=2097152]} | ret=SUCCESS |  
2019-08-21 12:27:59,685 [grpc-default-executor-4] INFO  client.GrpcClientProtocolClient (GrpcClientProtocolClient.java:onNext(255)) - client-C954105195FD->270584e6-a4a8-4db5-8151-214655ce1a56: receive RaftClientReply:client-C954105195FD->270584e6-a4a8-4db5-8151-214655ce1a56@group-787F5BA3AA67, cid=1293, SUCCESS, logIndex=1814, commits[270584e6-a4a8-4db5-8151-214655ce1a56:c1816, af078b8b-61ec-497f-9506-472d46a72462:c1812, 09fb9ab4-1b8d-44c0-9f8c-50855c6f1fed:c1812]
2019-08-21 12:27:59,686 [grpc-default-executor-4] INFO  client.GrpcClientProtocolClient (GrpcClientProtocolClient.java:onNext(255)) - client-C954105195FD->270584e6-a4a8-4db5-8151-214655ce1a56: receive RaftClientReply:client-C954105195FD->270584e6-a4a8-4db5-8151-214655ce1a56@group-787F5BA3AA67, cid=1294, SUCCESS, logIndex=1815, commits[270584e6-a4a8-4db5-8151-214655ce1a56:c1816, af078b8b-61ec-497f-9506-472d46a72462:c1812, 09fb9ab4-1b8d-44c0-9f8c-50855c6f1fed:c1812]
2019-08-21 12:27:59,686 | INFO  | DNAudit | user=null | ip=null | op=WRITE_CHUNK {blockData=conID: 3 locID: 102654966475194841 bcsId: 0} | ret=SUCCESS |  
2019-08-21 12:27:59,686 [grpc-default-executor-4] INFO  client.GrpcClientProtocolClient (GrpcClientProtocolClient.java:onNext(255)) - client-C954105195FD->270584e6-a4a8-4db5-8151-214655ce1a56: receive RaftClientReply:client-C954105195FD->270584e6-a4a8-4db5-8151-214655ce1a56@group-787F5BA3AA67, cid=1295, SUCCESS, logIndex=1816, commits[270584e6-a4a8-4db5-8151-214655ce1a56:c1816, af078b8b-61ec-497f-9506-472d46a72462:c1812, 09fb9ab4-1b8d-44c0-9f8c-50855c6f1fed:c1812]
2019-08-21 12:27:59,686 | INFO  | DNAudit | user=null | ip=null | op=WRITE_CHUNK {blockData=conID: 3 locID: 102654966475194841 bcsId: 0} | ret=SUCCESS |  
2019-08-21 12:27:59,687 | INFO  | DNAudit | user=null | ip=null | op=PUT_BLOCK {blockData=[blockId=conID: 3 locID: 102654966475194841 bcsId: 0,size=1048576]} | ret=SUCCESS |  
2019-08-21 12:27:59,687 | INFO  | DNAudit | user=null | ip=null | op=PUT_BLOCK {blockData=[blockId=conID: 3 locID: 102654966475194841 bcsId: 0,size=1048576]} | ret=SUCCESS |  
2019-08-21 12:27:59,687 | INFO  | DNAudit | user=null | ip=null | op=WRITE_CHUNK {blockData=conID: 3 locID: 102654966475194841 bcsId: 0} | ret=SUCCESS |  
2019-08-21 12:27:59,688 | INFO  | DNAudit | user=null | ip=null | op=PUT_BLOCK {blockData=[blockId=conID: 3 locID: 102654966475194841 bcsId: 0,size=2097152]} | ret=SUCCESS |  
2019-08-21 12:27:59,688 | INFO  | DNAudit | user=null | ip=null | op=WRITE_CHUNK {blockData=conID: 3 locID: 102654966475194841 bcsId: 0} | ret=SUCCESS |  
2019-08-21 12:27:59,688 [grpc-default-executor-4] INFO  client.GrpcClientProtocolClient (GrpcClientProtocolClient.java:onNext(255)) - client-C954105195FD->270584e6-a4a8-4db5-8151-214655ce1a56: receive RaftClientReply:client-C954105195FD->270584e6-a4a8-4db5-8151-214655ce1a56@group-787F5BA3AA67, cid=1296, SUCCESS, logIndex=0, commits[270584e6-a4a8-4db5-8151-214655ce1a56:c1818, af078b8b-61ec-497f-9506-472d46a72462:c1814, 09fb9ab4-1b8d-44c0-9f8c-50855c6f1fed:c1815]
2019-08-21 12:27:59,688 | INFO  | DNAudit | user=null | ip=null | op=PUT_BLOCK {blockData=[blockId=conID: 3 locID: 102654966475194841 bcsId: 0,size=2097152]} | ret=SUCCESS |  
2019-08-21 12:27:59,694 | INFO  | DNAudit | user=null | ip=null | op=WRITE_CHUNK {blockData=conID: 3 locID: 102654966475194841 bcsId: 1816} | ret=SUCCESS |  
2019-08-21 12:27:59,696 | INFO  | DNAudit | user=null | ip=null | op=WRITE_CHUNK {blockData=conID: 3 locID: 102654966475194841 bcsId: 1816} | ret=SUCCESS |  
2019-08-21 12:27:59,697 | INFO  | DNAudit | user=null | ip=null | op=WRITE_CHUNK {blockData=conID: 3 locID: 102654966475194841 bcsId: 1816} | ret=SUCCESS |  
2019-08-21 12:27:59,707 | INFO  | DNAudit | user=null | ip=null | op=WRITE_CHUNK {blockData=conID: 3 locID: 102654966475194841 bcsId: 1816} | ret=SUCCESS |  
2019-08-21 12:27:59,708 | INFO  | DNAudit | user=null | ip=null | op=PUT_BLOCK {blockData=[blockId=conID: 3 locID: 102654966475194841 bcsId: 0,size=3145728]} | ret=SUCCESS |  
2019-08-21 12:27:59,708 [grpc-default-executor-4] INFO  client.GrpcClientProtocolClient (GrpcClientProtocolClient.java:onNext(255)) - client-C954105195FD->270584e6-a4a8-4db5-8151-214655ce1a56: receive RaftClientReply:client-C954105195FD->270584e6-a4a8-4db5-8151-214655ce1a56@group-787F5BA3AA67, cid=1297, SUCCESS, logIndex=1821, commits[270584e6-a4a8-4db5-8151-214655ce1a56:c1822, af078b8b-61ec-497f-9506-472d46a72462:c1820, 09fb9ab4-1b8d-44c0-9f8c-50855c6f1fed:c1820]
2019-08-21 12:27:59,708 [grpc-default-executor-4] INFO  client.GrpcClientProtocolClient (GrpcClientProtocolClient.java:onNext(255)) - client-C954105195FD->270584e6-a4a8-4db5-8151-214655ce1a56: receive RaftClientReply:client-C954105195FD->270584e6-a4a8-4db5-8151-214655ce1a56@group-787F5BA3AA67, cid=1298, SUCCESS, logIndex=1822, commits[270584e6-a4a8-4db5-8151-214655ce1a56:c1822, af078b8b-61ec-497f-9506-472d46a72462:c1820, 09fb9ab4-1b8d-44c0-9f8c-50855c6f1fed:c1820]
2019-08-21 12:27:59,714 | INFO  | DNAudit | user=null | ip=null | op=WRITE_CHUNK {blockData=conID: 3 locID: 102654966475194841 bcsId: 1822} | ret=SUCCESS |  
2019-08-21 12:27:59,716 | INFO  | DNAudit | user=null | ip=null | op=WRITE_CHUNK {blockData=conID: 3 locID: 102654966475194841 bcsId: 1822} | ret=SUCCESS |  
2019-08-21 12:27:59,716 | INFO  | DNAudit | user=null | ip=null | op=WRITE_CHUNK {blockData=conID: 3 locID: 102654966475194841 bcsId: 1822} | ret=SUCCESS |  
2019-08-21 12:27:59,719 | INFO  | DNAudit | user=null | ip=null | op=WRITE_CHUNK {blockData=conID: 3 locID: 102654966475194841 bcsId: 1816} | ret=SUCCESS |  
2019-08-21 12:27:59,719 | INFO  | DNAudit | user=null | ip=null | op=WRITE_CHUNK {blockData=conID: 3 locID: 102654966475194841 bcsId: 1816} | ret=SUCCESS |  
2019-08-21 12:27:59,719 | INFO  | DNAudit | user=null | ip=null | op=PUT_BLOCK {blockData=[blockId=conID: 3 locID: 102654966475194841 bcsId: 0,size=3145728]} | ret=SUCCESS |  
2019-08-21 12:27:59,720 | INFO  | DNAudit | user=null | ip=null | op=PUT_BLOCK {blockData=[blockId=conID: 3 locID: 102654966475194841 bcsId: 0,size=3145728]} | ret=SUCCESS |  
2019-08-21 12:27:59,720 | INFO  | DNAudit | user=null | ip=null | op=WRITE_CHUNK {blockData=conID: 3 locID: 102654966475194841 bcsId: 1822} | ret=SUCCESS |  
2019-08-21 12:27:59,721 | INFO  | DNAudit | user=null | ip=null | op=PUT_BLOCK {blockData=[blockId=conID: 3 locID: 102654966475194841 bcsId: 0,size=4194304]} | ret=SUCCESS |  
2019-08-21 12:27:59,721 [grpc-default-executor-1] INFO  client.GrpcClientProtocolClient (GrpcClientProtocolClient.java:onNext(255)) - client-C954105195FD->270584e6-a4a8-4db5-8151-214655ce1a56: receive RaftClientReply:client-C954105195FD->270584e6-a4a8-4db5-8151-214655ce1a56@group-787F5BA3AA67, cid=1299, SUCCESS, logIndex=1825, commits[270584e6-a4a8-4db5-8151-214655ce1a56:c1826, af078b8b-61ec-497f-9506-472d46a72462:c1822, 09fb9ab4-1b8d-44c0-9f8c-50855c6f1fed:c1822]
2019-08-21 12:27:59,721 [grpc-default-executor-1] INFO  client.GrpcClientProtocolClient (GrpcClientProtocolClient.java:onNext(255)) - client-C954105195FD->270584e6-a4a8-4db5-8151-214655ce1a56: receive RaftClientReply:client-C954105195FD->270584e6-a4a8-4db5-8151-214655ce1a56@group-787F5BA3AA67, cid=1300, SUCCESS, logIndex=1826, commits[270584e6-a4a8-4db5-8151-214655ce1a56:c1826, af078b8b-61ec-497f-9506-472d46a72462:c1822, 09fb9ab4-1b8d-44c0-9f8c-50855c6f1fed:c1822]
2019-08-21 12:27:59,732 | INFO  | DNAudit | user=null | ip=null | op=WRITE_CHUNK {blockData=conID: 3 locID: 102654966475194841 bcsId: 1822} | ret=SUCCESS |  
2019-08-21 12:27:59,732 | INFO  | DNAudit | user=null | ip=null | op=WRITE_CHUNK {blockData=conID: 3 locID: 102654966475194841 bcsId: 1822} | ret=SUCCESS |  
2019-08-21 12:27:59,735 | INFO  | DNAudit | user=null | ip=null | op=PUT_BLOCK {blockData=[blockId=conID: 3 locID: 102654966475194841 bcsId: 0,size=4194304]} | ret=SUCCESS |  
2019-08-21 12:27:59,735 | INFO  | DNAudit | user=null | ip=null | op=PUT_BLOCK {blockData=[blockId=conID: 3 locID: 102654966475194841 bcsId: 0,size=4194304]} | ret=SUCCESS |  
2019-08-21 12:27:59,736 [grpc-default-executor-5] INFO  client.GrpcClientProtocolClient (GrpcClientProtocolClient.java:onNext(255)) - client-C954105195FD->270584e6-a4a8-4db5-8151-214655ce1a56: receive RaftClientReply:client-C954105195FD->270584e6-a4a8-4db5-8151-214655ce1a56@group-787F5BA3AA67, cid=1301, SUCCESS, logIndex=0, commits[270584e6-a4a8-4db5-8151-214655ce1a56:c1828, af078b8b-61ec-497f-9506-472d46a72462:c1826, 09fb9ab4-1b8d-44c0-9f8c-50855c6f1fed:c1826]
2019-08-21 12:27:59,741 | INFO  | SCMAudit | user=jenkins1000 | ip=192.168.34.23 | op=ALLOCATE_BLOCK {owner=b79f83c9-5f7d-4caf-af30-78af34bc5eea, size=4194304, type=RATIS, factor=THREE} | ret=SUCCESS |  
2019-08-21 12:27:59,744 | INFO  | OMAudit | user=jenkins1000 | ip=127.0.0.1 | op=ALLOCATE_BLOCK {volume=vol-0-06517, bucket=bucket-0-64549, key=key-0-34512, dataSize=0, replicationType=null, replicationFactor=null, keyLocationInfo=null, clientID=102654965997830546} | ret=SUCCESS |  
2019-08-21 12:27:59,750 | INFO  | DNAudit | user=null | ip=null | op=WRITE_CHUNK {blockData=conID: 1 locID: 102654966480306650 bcsId: 0} | ret=SUCCESS |  
2019-08-21 12:27:59,753 | INFO  | DNAudit | user=null | ip=null | op=WRITE_CHUNK {blockData=conID: 1 locID: 102654966480306650 bcsId: 0} | ret=SUCCESS |  
2019-08-21 12:27:59,754 | INFO  | DNAudit | user=null | ip=null | op=WRITE_CHUNK {blockData=conID: 1 locID: 102654966480306650 bcsId: 0} | ret=SUCCESS |  
2019-08-21 12:27:59,754 | INFO  | DNAudit | user=null | ip=null | op=WRITE_CHUNK {blockData=conID: 1 locID: 102654966480306650 bcsId: 0} | ret=SUCCESS |  
2019-08-21 12:27:59,755 | INFO  | DNAudit | user=null | ip=null | op=WRITE_CHUNK {blockData=conID: 1 locID: 102654966480306650 bcsId: 0} | ret=SUCCESS |  
2019-08-21 12:27:59,756 | INFO  | DNAudit | user=null | ip=null | op=WRITE_CHUNK {blockData=conID: 1 locID: 102654966480306650 bcsId: 0} | ret=SUCCESS |  
2019-08-21 12:27:59,763 | INFO  | DNAudit | user=null | ip=null | op=WRITE_CHUNK {blockData=conID: 1 locID: 102654966480306650 bcsId: 0} | ret=SUCCESS |  
2019-08-21 12:27:59,763 | INFO  | DNAudit | user=null | ip=null | op=PUT_BLOCK {blockData=[blockId=conID: 1 locID: 102654966480306650 bcsId: 0,size=1048576]} | ret=SUCCESS |  
2019-08-21 12:27:59,763 | INFO  | DNAudit | user=null | ip=null | op=WRITE_CHUNK {blockData=conID: 1 locID: 102654966480306650 bcsId: 0} | ret=SUCCESS |  
2019-08-21 12:27:59,763 [grpc-default-executor-4] INFO  client.GrpcClientProtocolClient (GrpcClientProtocolClient.java:onNext(255)) - client-C954105195FD->270584e6-a4a8-4db5-8151-214655ce1a56: receive RaftClientReply:client-C954105195FD->270584e6-a4a8-4db5-8151-214655ce1a56@group-787F5BA3AA67, cid=1302, SUCCESS, logIndex=1829, commits[270584e6-a4a8-4db5-8151-214655ce1a56:c1830, af078b8b-61ec-497f-9506-472d46a72462:c1828, 09fb9ab4-1b8d-44c0-9f8c-50855c6f1fed:c1828]
2019-08-21 12:27:59,764 | INFO  | DNAudit | user=null | ip=null | op=PUT_BLOCK {blockData=[blockId=conID: 1 locID: 102654966480306650 bcsId: 0,size=2097152]} | ret=SUCCESS |  
2019-08-21 12:27:59,764 [grpc-default-executor-4] INFO  client.GrpcClientProtocolClient (GrpcClientProtocolClient.java:onNext(255)) - client-C954105195FD->270584e6-a4a8-4db5-8151-214655ce1a56: receive RaftClientReply:client-C954105195FD->270584e6-a4a8-4db5-8151-214655ce1a56@group-787F5BA3AA67, cid=1303, SUCCESS, logIndex=1830, commits[270584e6-a4a8-4db5-8151-214655ce1a56:c1832, af078b8b-61ec-497f-9506-472d46a72462:c1828, 09fb9ab4-1b8d-44c0-9f8c-50855c6f1fed:c1828]
2019-08-21 12:27:59,764 [grpc-default-executor-4] INFO  client.GrpcClientProtocolClient (GrpcClientProtocolClient.java:onNext(255)) - client-C954105195FD->270584e6-a4a8-4db5-8151-214655ce1a56: receive RaftClientReply:client-C954105195FD->270584e6-a4a8-4db5-8151-214655ce1a56@group-787F5BA3AA67, cid=1304, SUCCESS, logIndex=1831, commits[270584e6-a4a8-4db5-8151-214655ce1a56:c1832, af078b8b-61ec-497f-9506-472d46a72462:c1828, 09fb9ab4-1b8d-44c0-9f8c-50855c6f1fed:c1828]
2019-08-21 12:27:59,764 [grpc-default-executor-4] INFO  client.GrpcClientProtocolClient (GrpcClientProtocolClient.java:onNext(255)) - client-C954105195FD->270584e6-a4a8-4db5-8151-214655ce1a56: receive RaftClientReply:client-C954105195FD->270584e6-a4a8-4db5-8151-214655ce1a56@group-787F5BA3AA67, cid=1305, SUCCESS, logIndex=1832, commits[270584e6-a4a8-4db5-8151-214655ce1a56:c1832, af078b8b-61ec-497f-9506-472d46a72462:c1828, 09fb9ab4-1b8d-44c0-9f8c-50855c6f1fed:c1828]
2019-08-21 12:27:59,765 | INFO  | DNAudit | user=null | ip=null | op=WRITE_CHUNK {blockData=conID: 1 locID: 102654966480306650 bcsId: 0} | ret=SUCCESS |  
2019-08-21 12:27:59,765 | INFO  | DNAudit | user=null | ip=null | op=PUT_BLOCK {blockData=[blockId=conID: 1 locID: 102654966480306650 bcsId: 0,size=1048576]} | ret=SUCCESS |  
2019-08-21 12:27:59,766 | INFO  | DNAudit | user=null | ip=null | op=WRITE_CHUNK {blockData=conID: 1 locID: 102654966480306650 bcsId: 0} | ret=SUCCESS |  
2019-08-21 12:27:59,766 | INFO  | DNAudit | user=null | ip=null | op=WRITE_CHUNK {blockData=conID: 1 locID: 102654966480306650 bcsId: 0} | ret=SUCCESS |  
2019-08-21 12:27:59,766 | INFO  | DNAudit | user=null | ip=null | op=PUT_BLOCK {blockData=[blockId=conID: 1 locID: 102654966480306650 bcsId: 0,size=1048576]} | ret=SUCCESS |  
2019-08-21 12:27:59,766 | INFO  | DNAudit | user=null | ip=null | op=PUT_BLOCK {blockData=[blockId=conID: 1 locID: 102654966480306650 bcsId: 0,size=2097152]} | ret=SUCCESS |  
2019-08-21 12:27:59,766 | INFO  | DNAudit | user=null | ip=null | op=WRITE_CHUNK {blockData=conID: 1 locID: 102654966480306650 bcsId: 0} | ret=SUCCESS |  
2019-08-21 12:27:59,766 [grpc-default-executor-4] INFO  client.GrpcClientProtocolClient (GrpcClientProtocolClient.java:onNext(255)) - client-C954105195FD->270584e6-a4a8-4db5-8151-214655ce1a56: receive RaftClientReply:client-C954105195FD->270584e6-a4a8-4db5-8151-214655ce1a56@group-787F5BA3AA67, cid=1306, SUCCESS, logIndex=0, commits[270584e6-a4a8-4db5-8151-214655ce1a56:c1834, af078b8b-61ec-497f-9506-472d46a72462:c1830, 09fb9ab4-1b8d-44c0-9f8c-50855c6f1fed:c1830]
2019-08-21 12:27:59,767 | INFO  | DNAudit | user=null | ip=null | op=PUT_BLOCK {blockData=[blockId=conID: 1 locID: 102654966480306650 bcsId: 0,size=2097152]} | ret=SUCCESS |  
2019-08-21 12:27:59,772 | INFO  | DNAudit | user=null | ip=null | op=WRITE_CHUNK {blockData=conID: 1 locID: 102654966480306650 bcsId: 1832} | ret=SUCCESS |  
2019-08-21 12:27:59,774 | INFO  | DNAudit | user=null | ip=null | op=WRITE_CHUNK {blockData=conID: 1 locID: 102654966480306650 bcsId: 1832} | ret=SUCCESS |  
2019-08-21 12:27:59,775 | INFO  | DNAudit | user=null | ip=null | op=WRITE_CHUNK {blockData=conID: 1 locID: 102654966480306650 bcsId: 1832} | ret=SUCCESS |  
2019-08-21 12:27:59,786 | INFO  | DNAudit | user=null | ip=null | op=WRITE_CHUNK {blockData=conID: 1 locID: 102654966480306650 bcsId: 1832} | ret=SUCCESS |  
2019-08-21 12:27:59,787 | INFO  | DNAudit | user=null | ip=null | op=PUT_BLOCK {blockData=[blockId=conID: 1 locID: 102654966480306650 bcsId: 0,size=3145728]} | ret=SUCCESS |  
2019-08-21 12:27:59,787 [grpc-default-executor-1] INFO  client.GrpcClientProtocolClient (GrpcClientProtocolClient.java:onNext(255)) - client-C954105195FD->270584e6-a4a8-4db5-8151-214655ce1a56: receive RaftClientReply:client-C954105195FD->270584e6-a4a8-4db5-8151-214655ce1a56@group-787F5BA3AA67, cid=1307, SUCCESS, logIndex=1836, commits[270584e6-a4a8-4db5-8151-214655ce1a56:c1837, af078b8b-61ec-497f-9506-472d46a72462:c1835, 09fb9ab4-1b8d-44c0-9f8c-50855c6f1fed:c1835]
2019-08-21 12:27:59,787 [grpc-default-executor-1] INFO  client.GrpcClientProtocolClient (GrpcClientProtocolClient.java:onNext(255)) - client-C954105195FD->270584e6-a4a8-4db5-8151-214655ce1a56: receive RaftClientReply:client-C954105195FD->270584e6-a4a8-4db5-8151-214655ce1a56@group-787F5BA3AA67, cid=1308, SUCCESS, logIndex=1837, commits[270584e6-a4a8-4db5-8151-214655ce1a56:c1837, af078b8b-61ec-497f-9506-472d46a72462:c1835, 09fb9ab4-1b8d-44c0-9f8c-50855c6f1fed:c1835]
2019-08-21 12:27:59,793 | INFO  | DNAudit | user=null | ip=null | op=WRITE_CHUNK {blockData=conID: 1 locID: 102654966480306650 bcsId: 1837} | ret=SUCCESS |  
2019-08-21 12:27:59,795 | INFO  | DNAudit | user=null | ip=null | op=WRITE_CHUNK {blockData=conID: 1 locID: 102654966480306650 bcsId: 1837} | ret=SUCCESS |  
2019-08-21 12:27:59,795 | INFO  | DNAudit | user=null | ip=null | op=WRITE_CHUNK {blockData=conID: 1 locID: 102654966480306650 bcsId: 1837} | ret=SUCCESS |  
2019-08-21 12:27:59,799 | INFO  | DNAudit | user=null | ip=null | op=WRITE_CHUNK {blockData=conID: 1 locID: 102654966480306650 bcsId: 1832} | ret=SUCCESS |  
2019-08-21 12:27:59,799 | INFO  | DNAudit | user=null | ip=null | op=WRITE_CHUNK {blockData=conID: 1 locID: 102654966480306650 bcsId: 1832} | ret=SUCCESS |  
2019-08-21 12:27:59,812 | INFO  | DNAudit | user=null | ip=null | op=PUT_BLOCK {blockData=[blockId=conID: 1 locID: 102654966480306650 bcsId: 0,size=3145728]} | ret=SUCCESS |  
2019-08-21 12:27:59,812 | INFO  | DNAudit | user=null | ip=null | op=PUT_BLOCK {blockData=[blockId=conID: 1 locID: 102654966480306650 bcsId: 0,size=3145728]} | ret=SUCCESS |  
2019-08-21 12:27:59,812 | INFO  | DNAudit | user=null | ip=null | op=WRITE_CHUNK {blockData=conID: 1 locID: 102654966480306650 bcsId: 1837} | ret=SUCCESS |  
2019-08-21 12:27:59,813 | INFO  | DNAudit | user=null | ip=null | op=PUT_BLOCK {blockData=[blockId=conID: 1 locID: 102654966480306650 bcsId: 0,size=4194304]} | ret=SUCCESS |  
2019-08-21 12:27:59,813 [grpc-default-executor-1] INFO  client.GrpcClientProtocolClient (GrpcClientProtocolClient.java:onNext(255)) - client-C954105195FD->270584e6-a4a8-4db5-8151-214655ce1a56: receive RaftClientReply:client-C954105195FD->270584e6-a4a8-4db5-8151-214655ce1a56@group-787F5BA3AA67, cid=1309, SUCCESS, logIndex=1840, commits[270584e6-a4a8-4db5-8151-214655ce1a56:c1841, af078b8b-61ec-497f-9506-472d46a72462:c1837, 09fb9ab4-1b8d-44c0-9f8c-50855c6f1fed:c1837]
2019-08-21 12:27:59,813 [grpc-default-executor-1] INFO  client.GrpcClientProtocolClient (GrpcClientProtocolClient.java:onNext(255)) - client-C954105195FD->270584e6-a4a8-4db5-8151-214655ce1a56: receive RaftClientReply:client-C954105195FD->270584e6-a4a8-4db5-8151-214655ce1a56@group-787F5BA3AA67, cid=1310, SUCCESS, logIndex=1841, commits[270584e6-a4a8-4db5-8151-214655ce1a56:c1841, af078b8b-61ec-497f-9506-472d46a72462:c1837, 09fb9ab4-1b8d-44c0-9f8c-50855c6f1fed:c1837]
2019-08-21 12:27:59,814 | INFO  | DNAudit | user=null | ip=null | op=WRITE_CHUNK {blockData=conID: 1 locID: 102654966480306650 bcsId: 1837} | ret=SUCCESS |  
2019-08-21 12:27:59,814 | INFO  | DNAudit | user=null | ip=null | op=WRITE_CHUNK {blockData=conID: 1 locID: 102654966480306650 bcsId: 1837} | ret=SUCCESS |  
2019-08-21 12:27:59,814 | INFO  | DNAudit | user=null | ip=null | op=PUT_BLOCK {blockData=[blockId=conID: 1 locID: 102654966480306650 bcsId: 0,size=4194304]} | ret=SUCCESS |  
2019-08-21 12:27:59,815 | INFO  | DNAudit | user=null | ip=null | op=PUT_BLOCK {blockData=[blockId=conID: 1 locID: 102654966480306650 bcsId: 0,size=4194304]} | ret=SUCCESS |  
2019-08-21 12:27:59,816 [grpc-default-executor-1] INFO  client.GrpcClientProtocolClient (GrpcClientProtocolClient.java:onNext(255)) - client-C954105195FD->270584e6-a4a8-4db5-8151-214655ce1a56: receive RaftClientReply:client-C954105195FD->270584e6-a4a8-4db5-8151-214655ce1a56@group-787F5BA3AA67, cid=1311, SUCCESS, logIndex=0, commits[270584e6-a4a8-4db5-8151-214655ce1a56:c1842, af078b8b-61ec-497f-9506-472d46a72462:c1841, 09fb9ab4-1b8d-44c0-9f8c-50855c6f1fed:c1841]
2019-08-21 12:27:59,820 | INFO  | SCMAudit | user=jenkins1000 | ip=192.168.34.23 | op=ALLOCATE_BLOCK {owner=b79f83c9-5f7d-4caf-af30-78af34bc5eea, size=4194304, type=RATIS, factor=THREE} | ret=SUCCESS |  
2019-08-21 12:27:59,821 | INFO  | OMAudit | user=jenkins1000 | ip=127.0.0.1 | op=ALLOCATE_BLOCK {volume=vol-0-06517, bucket=bucket-0-64549, key=key-0-34512, dataSize=0, replicationType=null, replicationFactor=null, keyLocationInfo=null, clientID=102654965997830546} | ret=SUCCESS |  
2019-08-21 12:27:59,827 | INFO  | DNAudit | user=null | ip=null | op=WRITE_CHUNK {blockData=conID: 2 locID: 102654966485418459 bcsId: 0} | ret=SUCCESS |  
2019-08-21 12:27:59,830 | INFO  | DNAudit | user=null | ip=null | op=WRITE_CHUNK {blockData=conID: 2 locID: 102654966485418459 bcsId: 0} | ret=SUCCESS |  
2019-08-21 12:27:59,830 | INFO  | DNAudit | user=null | ip=null | op=WRITE_CHUNK {blockData=conID: 2 locID: 102654966485418459 bcsId: 0} | ret=SUCCESS |  
2019-08-21 12:27:59,830 | INFO  | DNAudit | user=null | ip=null | op=WRITE_CHUNK {blockData=conID: 2 locID: 102654966485418459 bcsId: 0} | ret=SUCCESS |  
2019-08-21 12:27:59,832 | INFO  | DNAudit | user=null | ip=null | op=WRITE_CHUNK {blockData=conID: 2 locID: 102654966485418459 bcsId: 0} | ret=SUCCESS |  
2019-08-21 12:27:59,832 | INFO  | DNAudit | user=null | ip=null | op=WRITE_CHUNK {blockData=conID: 2 locID: 102654966485418459 bcsId: 0} | ret=SUCCESS |  
2019-08-21 12:27:59,833 | INFO  | DNAudit | user=null | ip=null | op=WRITE_CHUNK {blockData=conID: 2 locID: 102654966485418459 bcsId: 0} | ret=SUCCESS |  
2019-08-21 12:27:59,833 | INFO  | DNAudit | user=null | ip=null | op=PUT_BLOCK {blockData=[blockId=conID: 2 locID: 102654966485418459 bcsId: 0,size=1048576]} | ret=SUCCESS |  
2019-08-21 12:27:59,833 | INFO  | DNAudit | user=null | ip=null | op=WRITE_CHUNK {blockData=conID: 2 locID: 102654966485418459 bcsId: 0} | ret=SUCCESS |  
2019-08-21 12:27:59,833 [grpc-default-executor-5] INFO  client.GrpcClientProtocolClient (GrpcClientProtocolClient.java:onNext(255)) - client-C954105195FD->270584e6-a4a8-4db5-8151-214655ce1a56: receive RaftClientReply:client-C954105195FD->270584e6-a4a8-4db5-8151-214655ce1a56@group-787F5BA3AA67, cid=1312, SUCCESS, logIndex=1844, commits[270584e6-a4a8-4db5-8151-214655ce1a56:c1845, af078b8b-61ec-497f-9506-472d46a72462:c1843, 09fb9ab4-1b8d-44c0-9f8c-50855c6f1fed:c1843]
2019-08-21 12:27:59,834 | INFO  | DNAudit | user=null | ip=null | op=PUT_BLOCK {blockData=[blockId=conID: 2 locID: 102654966485418459 bcsId: 0,size=2097152]} | ret=SUCCESS |  
2019-08-21 12:27:59,834 [grpc-default-executor-5] INFO  client.GrpcClientProtocolClient (GrpcClientProtocolClient.java:onNext(255)) - client-C954105195FD->270584e6-a4a8-4db5-8151-214655ce1a56: receive RaftClientReply:client-C954105195FD->270584e6-a4a8-4db5-8151-214655ce1a56@group-787F5BA3AA67, cid=1313, SUCCESS, logIndex=1845, commits[270584e6-a4a8-4db5-8151-214655ce1a56:c1847, af078b8b-61ec-497f-9506-472d46a72462:c1843, 09fb9ab4-1b8d-44c0-9f8c-50855c6f1fed:c1843]
2019-08-21 12:27:59,834 [grpc-default-executor-5] INFO  client.GrpcClientProtocolClient (GrpcClientProtocolClient.java:onNext(255)) - client-C954105195FD->270584e6-a4a8-4db5-8151-214655ce1a56: receive RaftClientReply:client-C954105195FD->270584e6-a4a8-4db5-8151-214655ce1a56@group-787F5BA3AA67, cid=1314, SUCCESS, logIndex=1846, commits[270584e6-a4a8-4db5-8151-214655ce1a56:c1847, af078b8b-61ec-497f-9506-472d46a72462:c1843, 09fb9ab4-1b8d-44c0-9f8c-50855c6f1fed:c1843]
2019-08-21 12:27:59,834 | INFO  | DNAudit | user=null | ip=null | op=WRITE_CHUNK {blockData=conID: 2 locID: 102654966485418459 bcsId: 0} | ret=SUCCESS |  
2019-08-21 12:27:59,834 [grpc-default-executor-5] INFO  client.GrpcClientProtocolClient (GrpcClientProtocolClient.java:onNext(255)) - client-C954105195FD->270584e6-a4a8-4db5-8151-214655ce1a56: receive RaftClientReply:client-C954105195FD->270584e6-a4a8-4db5-8151-214655ce1a56@group-787F5BA3AA67, cid=1315, SUCCESS, logIndex=1847, commits[270584e6-a4a8-4db5-8151-214655ce1a56:c1847, af078b8b-61ec-497f-9506-472d46a72462:c1843, 09fb9ab4-1b8d-44c0-9f8c-50855c6f1fed:c1843]
2019-08-21 12:27:59,835 | INFO  | DNAudit | user=null | ip=null | op=PUT_BLOCK {blockData=[blockId=conID: 2 locID: 102654966485418459 bcsId: 0,size=1048576]} | ret=SUCCESS |  
2019-08-21 12:27:59,835 | INFO  | DNAudit | user=null | ip=null | op=WRITE_CHUNK {blockData=conID: 2 locID: 102654966485418459 bcsId: 0} | ret=SUCCESS |  
2019-08-21 12:27:59,835 | INFO  | DNAudit | user=null | ip=null | op=PUT_BLOCK {blockData=[blockId=conID: 2 locID: 102654966485418459 bcsId: 0,size=1048576]} | ret=SUCCESS |  
2019-08-21 12:27:59,836 | INFO  | DNAudit | user=null | ip=null | op=WRITE_CHUNK {blockData=conID: 2 locID: 102654966485418459 bcsId: 0} | ret=SUCCESS |  
2019-08-21 12:27:59,835 [grpc-default-executor-4] INFO  client.GrpcClientProtocolClient (GrpcClientProtocolClient.java:onNext(255)) - client-C954105195FD->270584e6-a4a8-4db5-8151-214655ce1a56: receive RaftClientReply:client-C954105195FD->270584e6-a4a8-4db5-8151-214655ce1a56@group-787F5BA3AA67, cid=1316, SUCCESS, logIndex=0, commits[270584e6-a4a8-4db5-8151-214655ce1a56:c1849, af078b8b-61ec-497f-9506-472d46a72462:c1845, 09fb9ab4-1b8d-44c0-9f8c-50855c6f1fed:c1845]
2019-08-21 12:27:59,836 | INFO  | DNAudit | user=null | ip=null | op=PUT_BLOCK {blockData=[blockId=conID: 2 locID: 102654966485418459 bcsId: 0,size=2097152]} | ret=SUCCESS |  
2019-08-21 12:27:59,836 | INFO  | DNAudit | user=null | ip=null | op=WRITE_CHUNK {blockData=conID: 2 locID: 102654966485418459 bcsId: 0} | ret=SUCCESS |  
2019-08-21 12:27:59,836 | INFO  | DNAudit | user=null | ip=null | op=PUT_BLOCK {blockData=[blockId=conID: 2 locID: 102654966485418459 bcsId: 0,size=2097152]} | ret=SUCCESS |  
2019-08-21 12:27:59,842 | INFO  | DNAudit | user=null | ip=null | op=WRITE_CHUNK {blockData=conID: 2 locID: 102654966485418459 bcsId: 1847} | ret=SUCCESS |  
2019-08-21 12:27:59,844 | INFO  | DNAudit | user=null | ip=null | op=WRITE_CHUNK {blockData=conID: 2 locID: 102654966485418459 bcsId: 1847} | ret=SUCCESS |  
2019-08-21 12:27:59,844 | INFO  | DNAudit | user=null | ip=null | op=WRITE_CHUNK {blockData=conID: 2 locID: 102654966485418459 bcsId: 1847} | ret=SUCCESS |  
2019-08-21 12:27:59,846 | INFO  | DNAudit | user=null | ip=null | op=WRITE_CHUNK {blockData=conID: 2 locID: 102654966485418459 bcsId: 1847} | ret=SUCCESS |  
2019-08-21 12:27:59,846 | INFO  | DNAudit | user=null | ip=null | op=PUT_BLOCK {blockData=[blockId=conID: 2 locID: 102654966485418459 bcsId: 0,size=3145728]} | ret=SUCCESS |  
2019-08-21 12:27:59,846 [grpc-default-executor-1] INFO  client.GrpcClientProtocolClient (GrpcClientProtocolClient.java:onNext(255)) - client-C954105195FD->270584e6-a4a8-4db5-8151-214655ce1a56: receive RaftClientReply:client-C954105195FD->270584e6-a4a8-4db5-8151-214655ce1a56@group-787F5BA3AA67, cid=1317, SUCCESS, logIndex=1852, commits[270584e6-a4a8-4db5-8151-214655ce1a56:c1853, af078b8b-61ec-497f-9506-472d46a72462:c1851, 09fb9ab4-1b8d-44c0-9f8c-50855c6f1fed:c1847]
2019-08-21 12:27:59,847 [grpc-default-executor-1] INFO  client.GrpcClientProtocolClient (GrpcClientProtocolClient.java:onNext(255)) - client-C954105195FD->270584e6-a4a8-4db5-8151-214655ce1a56: receive RaftClientReply:client-C954105195FD->270584e6-a4a8-4db5-8151-214655ce1a56@group-787F5BA3AA67, cid=1318, SUCCESS, logIndex=1853, commits[270584e6-a4a8-4db5-8151-214655ce1a56:c1853, af078b8b-61ec-497f-9506-472d46a72462:c1851, 09fb9ab4-1b8d-44c0-9f8c-50855c6f1fed:c1851]
2019-08-21 12:27:59,847 | INFO  | DNAudit | user=null | ip=null | op=WRITE_CHUNK {blockData=conID: 2 locID: 102654966485418459 bcsId: 1847} | ret=SUCCESS |  
2019-08-21 12:27:59,848 | INFO  | DNAudit | user=null | ip=null | op=WRITE_CHUNK {blockData=conID: 2 locID: 102654966485418459 bcsId: 1847} | ret=SUCCESS |  
2019-08-21 12:27:59,848 | INFO  | DNAudit | user=null | ip=null | op=PUT_BLOCK {blockData=[blockId=conID: 2 locID: 102654966485418459 bcsId: 0,size=3145728]} | ret=SUCCESS |  
2019-08-21 12:27:59,848 | INFO  | DNAudit | user=null | ip=null | op=PUT_BLOCK {blockData=[blockId=conID: 2 locID: 102654966485418459 bcsId: 0,size=3145728]} | ret=SUCCESS |  
2019-08-21 12:27:59,852 | INFO  | DNAudit | user=null | ip=null | op=WRITE_CHUNK {blockData=conID: 2 locID: 102654966485418459 bcsId: 1853} | ret=SUCCESS |  
2019-08-21 12:27:59,854 | INFO  | DNAudit | user=null | ip=null | op=WRITE_CHUNK {blockData=conID: 2 locID: 102654966485418459 bcsId: 1853} | ret=SUCCESS |  
2019-08-21 12:27:59,854 | INFO  | DNAudit | user=null | ip=null | op=WRITE_CHUNK {blockData=conID: 2 locID: 102654966485418459 bcsId: 1853} | ret=SUCCESS |  
2019-08-21 12:27:59,878 | INFO  | DNAudit | user=null | ip=null | op=WRITE_CHUNK {blockData=conID: 2 locID: 102654966485418459 bcsId: 1853} | ret=SUCCESS |  
2019-08-21 12:27:59,878 | INFO  | DNAudit | user=null | ip=null | op=PUT_BLOCK {blockData=[blockId=conID: 2 locID: 102654966485418459 bcsId: 0,size=4194304]} | ret=SUCCESS |  
2019-08-21 12:27:59,879 [grpc-default-executor-1] INFO  client.GrpcClientProtocolClient (GrpcClientProtocolClient.java:onNext(255)) - client-C954105195FD->270584e6-a4a8-4db5-8151-214655ce1a56: receive RaftClientReply:client-C954105195FD->270584e6-a4a8-4db5-8151-214655ce1a56@group-787F5BA3AA67, cid=1319, SUCCESS, logIndex=1856, commits[270584e6-a4a8-4db5-8151-214655ce1a56:c1857, af078b8b-61ec-497f-9506-472d46a72462:c1855, 09fb9ab4-1b8d-44c0-9f8c-50855c6f1fed:c1855]
2019-08-21 12:27:59,879 [grpc-default-executor-1] INFO  client.GrpcClientProtocolClient (GrpcClientProtocolClient.java:onNext(255)) - client-C954105195FD->270584e6-a4a8-4db5-8151-214655ce1a56: receive RaftClientReply:client-C954105195FD->270584e6-a4a8-4db5-8151-214655ce1a56@group-787F5BA3AA67, cid=1320, SUCCESS, logIndex=1857, commits[270584e6-a4a8-4db5-8151-214655ce1a56:c1857, af078b8b-61ec-497f-9506-472d46a72462:c1855, 09fb9ab4-1b8d-44c0-9f8c-50855c6f1fed:c1855]
2019-08-21 12:27:59,889 | INFO  | DNAudit | user=null | ip=null | op=WRITE_CHUNK {blockData=conID: 2 locID: 102654966485418459 bcsId: 1853} | ret=SUCCESS |  
2019-08-21 12:27:59,889 | INFO  | DNAudit | user=null | ip=null | op=WRITE_CHUNK {blockData=conID: 2 locID: 102654966485418459 bcsId: 1853} | ret=SUCCESS |  
2019-08-21 12:27:59,890 | INFO  | DNAudit | user=null | ip=null | op=PUT_BLOCK {blockData=[blockId=conID: 2 locID: 102654966485418459 bcsId: 0,size=4194304]} | ret=SUCCESS |  
2019-08-21 12:27:59,890 | INFO  | DNAudit | user=null | ip=null | op=PUT_BLOCK {blockData=[blockId=conID: 2 locID: 102654966485418459 bcsId: 0,size=4194304]} | ret=SUCCESS |  
2019-08-21 12:27:59,891 [grpc-default-executor-4] INFO  client.GrpcClientProtocolClient (GrpcClientProtocolClient.java:onNext(255)) - client-C954105195FD->270584e6-a4a8-4db5-8151-214655ce1a56: receive RaftClientReply:client-C954105195FD->270584e6-a4a8-4db5-8151-214655ce1a56@group-787F5BA3AA67, cid=1321, SUCCESS, logIndex=0, commits[270584e6-a4a8-4db5-8151-214655ce1a56:c1859, af078b8b-61ec-497f-9506-472d46a72462:c1857, 09fb9ab4-1b8d-44c0-9f8c-50855c6f1fed:c1857]
2019-08-21 12:27:59,894 | INFO  | SCMAudit | user=jenkins1000 | ip=192.168.34.23 | op=ALLOCATE_BLOCK {owner=b79f83c9-5f7d-4caf-af30-78af34bc5eea, size=4194304, type=RATIS, factor=THREE} | ret=SUCCESS |  
2019-08-21 12:27:59,896 | INFO  | OMAudit | user=jenkins1000 | ip=127.0.0.1 | op=ALLOCATE_BLOCK {volume=vol-0-06517, bucket=bucket-0-64549, key=key-0-34512, dataSize=0, replicationType=null, replicationFactor=null, keyLocationInfo=null, clientID=102654965997830546} | ret=SUCCESS |  
2019-08-21 12:27:59,904 | INFO  | DNAudit | user=null | ip=null | op=WRITE_CHUNK {blockData=conID: 3 locID: 102654966490333660 bcsId: 0} | ret=SUCCESS |  
2019-08-21 12:27:59,908 | INFO  | DNAudit | user=null | ip=null | op=WRITE_CHUNK {blockData=conID: 3 locID: 102654966490333660 bcsId: 0} | ret=SUCCESS |  
2019-08-21 12:27:59,908 | INFO  | DNAudit | user=null | ip=null | op=WRITE_CHUNK {blockData=conID: 3 locID: 102654966490333660 bcsId: 0} | ret=SUCCESS |  
2019-08-21 12:27:59,909 | INFO  | DNAudit | user=null | ip=null | op=WRITE_CHUNK {blockData=conID: 3 locID: 102654966490333660 bcsId: 0} | ret=SUCCESS |  
2019-08-21 12:27:59,912 | INFO  | DNAudit | user=null | ip=null | op=WRITE_CHUNK {blockData=conID: 3 locID: 102654966490333660 bcsId: 0} | ret=SUCCESS |  
2019-08-21 12:27:59,912 | INFO  | DNAudit | user=null | ip=null | op=WRITE_CHUNK {blockData=conID: 3 locID: 102654966490333660 bcsId: 0} | ret=SUCCESS |  
2019-08-21 12:27:59,912 | INFO  | DNAudit | user=null | ip=null | op=PUT_BLOCK {blockData=[blockId=conID: 3 locID: 102654966490333660 bcsId: 0,size=1048576]} | ret=SUCCESS |  
2019-08-21 12:27:59,912 | INFO  | DNAudit | user=null | ip=null | op=WRITE_CHUNK {blockData=conID: 3 locID: 102654966490333660 bcsId: 0} | ret=SUCCESS |  
2019-08-21 12:27:59,912 [grpc-default-executor-1] INFO  client.GrpcClientProtocolClient (GrpcClientProtocolClient.java:onNext(255)) - client-C954105195FD->270584e6-a4a8-4db5-8151-214655ce1a56: receive RaftClientReply:client-C954105195FD->270584e6-a4a8-4db5-8151-214655ce1a56@group-787F5BA3AA67, cid=1322, SUCCESS, logIndex=1860, commits[270584e6-a4a8-4db5-8151-214655ce1a56:c1861, af078b8b-61ec-497f-9506-472d46a72462:c1859, 09fb9ab4-1b8d-44c0-9f8c-50855c6f1fed:c1859]
2019-08-21 12:27:59,913 [grpc-default-executor-1] INFO  client.GrpcClientProtocolClient (GrpcClientProtocolClient.java:onNext(255)) - client-C954105195FD->270584e6-a4a8-4db5-8151-214655ce1a56: receive RaftClientReply:client-C954105195FD->270584e6-a4a8-4db5-8151-214655ce1a56@group-787F5BA3AA67, cid=1323, SUCCESS, logIndex=1861, commits[270584e6-a4a8-4db5-8151-214655ce1a56:c1861, af078b8b-61ec-497f-9506-472d46a72462:c1859, 09fb9ab4-1b8d-44c0-9f8c-50855c6f1fed:c1859]
2019-08-21 12:27:59,913 | INFO  | DNAudit | user=null | ip=null | op=WRITE_CHUNK {blockData=conID: 3 locID: 102654966490333660 bcsId: 0} | ret=SUCCESS |  
2019-08-21 12:27:59,913 | INFO  | DNAudit | user=null | ip=null | op=WRITE_CHUNK {blockData=conID: 3 locID: 102654966490333660 bcsId: 0} | ret=SUCCESS |  
2019-08-21 12:27:59,913 | INFO  | DNAudit | user=null | ip=null | op=WRITE_CHUNK {blockData=conID: 3 locID: 102654966490333660 bcsId: 0} | ret=SUCCESS |  
2019-08-21 12:27:59,913 | INFO  | DNAudit | user=null | ip=null | op=PUT_BLOCK {blockData=[blockId=conID: 3 locID: 102654966490333660 bcsId: 0,size=2097152]} | ret=SUCCESS |  
2019-08-21 12:27:59,914 | INFO  | DNAudit | user=null | ip=null | op=PUT_BLOCK {blockData=[blockId=conID: 3 locID: 102654966490333660 bcsId: 0,size=1048576]} | ret=SUCCESS |  
2019-08-21 12:27:59,914 [grpc-default-executor-4] INFO  client.GrpcClientProtocolClient (GrpcClientProtocolClient.java:onNext(255)) - client-C954105195FD->270584e6-a4a8-4db5-8151-214655ce1a56: receive RaftClientReply:client-C954105195FD->270584e6-a4a8-4db5-8151-214655ce1a56@group-787F5BA3AA67, cid=1324, SUCCESS, logIndex=1862, commits[270584e6-a4a8-4db5-8151-214655ce1a56:c1864, af078b8b-61ec-497f-9506-472d46a72462:c1860, 09fb9ab4-1b8d-44c0-9f8c-50855c6f1fed:c1859]
2019-08-21 12:27:59,914 | INFO  | DNAudit | user=null | ip=null | op=PUT_BLOCK {blockData=[blockId=conID: 3 locID: 102654966490333660 bcsId: 0,size=1048576]} | ret=SUCCESS |  
2019-08-21 12:27:59,914 [grpc-default-executor-1] INFO  client.GrpcClientProtocolClient (GrpcClientProtocolClient.java:onNext(255)) - client-C954105195FD->270584e6-a4a8-4db5-8151-214655ce1a56: receive RaftClientReply:client-C954105195FD->270584e6-a4a8-4db5-8151-214655ce1a56@group-787F5BA3AA67, cid=1325, SUCCESS, logIndex=1863, commits[270584e6-a4a8-4db5-8151-214655ce1a56:c1865, af078b8b-61ec-497f-9506-472d46a72462:c1860, 09fb9ab4-1b8d-44c0-9f8c-50855c6f1fed:c1861]
2019-08-21 12:27:59,914 | INFO  | DNAudit | user=null | ip=null | op=WRITE_CHUNK {blockData=conID: 3 locID: 102654966490333660 bcsId: 0} | ret=SUCCESS |  
2019-08-21 12:27:59,915 | INFO  | DNAudit | user=null | ip=null | op=PUT_BLOCK {blockData=[blockId=conID: 3 locID: 102654966490333660 bcsId: 0,size=2097152]} | ret=SUCCESS |  
2019-08-21 12:27:59,915 | INFO  | DNAudit | user=null | ip=null | op=WRITE_CHUNK {blockData=conID: 3 locID: 102654966490333660 bcsId: 0} | ret=SUCCESS |  
2019-08-21 12:27:59,915 | INFO  | DNAudit | user=null | ip=null | op=PUT_BLOCK {blockData=[blockId=conID: 3 locID: 102654966490333660 bcsId: 0,size=2097152]} | ret=SUCCESS |  
2019-08-21 12:27:59,915 [grpc-default-executor-4] INFO  client.GrpcClientProtocolClient (GrpcClientProtocolClient.java:onNext(255)) - client-C954105195FD->270584e6-a4a8-4db5-8151-214655ce1a56: receive RaftClientReply:client-C954105195FD->270584e6-a4a8-4db5-8151-214655ce1a56@group-787F5BA3AA67, cid=1326, SUCCESS, logIndex=0, commits[270584e6-a4a8-4db5-8151-214655ce1a56:c1866, af078b8b-61ec-497f-9506-472d46a72462:c1861, 09fb9ab4-1b8d-44c0-9f8c-50855c6f1fed:c1863]
2019-08-21 12:27:59,921 | INFO  | DNAudit | user=null | ip=null | op=WRITE_CHUNK {blockData=conID: 3 locID: 102654966490333660 bcsId: 1863} | ret=SUCCESS |  
2019-08-21 12:27:59,924 | INFO  | DNAudit | user=null | ip=null | op=WRITE_CHUNK {blockData=conID: 3 locID: 102654966490333660 bcsId: 1863} | ret=SUCCESS |  
2019-08-21 12:27:59,924 | INFO  | DNAudit | user=null | ip=null | op=WRITE_CHUNK {blockData=conID: 3 locID: 102654966490333660 bcsId: 1863} | ret=SUCCESS |  
2019-08-21 12:27:59,934 | INFO  | DNAudit | user=null | ip=null | op=WRITE_CHUNK {blockData=conID: 3 locID: 102654966490333660 bcsId: 1863} | ret=SUCCESS |  
2019-08-21 12:27:59,934 | INFO  | DNAudit | user=null | ip=null | op=PUT_BLOCK {blockData=[blockId=conID: 3 locID: 102654966490333660 bcsId: 0,size=3145728]} | ret=SUCCESS |  
2019-08-21 12:27:59,934 [grpc-default-executor-4] INFO  client.GrpcClientProtocolClient (GrpcClientProtocolClient.java:onNext(255)) - client-C954105195FD->270584e6-a4a8-4db5-8151-214655ce1a56: receive RaftClientReply:client-C954105195FD->270584e6-a4a8-4db5-8151-214655ce1a56@group-787F5BA3AA67, cid=1327, SUCCESS, logIndex=1868, commits[270584e6-a4a8-4db5-8151-214655ce1a56:c1869, af078b8b-61ec-497f-9506-472d46a72462:c1867, 09fb9ab4-1b8d-44c0-9f8c-50855c6f1fed:c1867]
2019-08-21 12:27:59,935 [grpc-default-executor-4] INFO  client.GrpcClientProtocolClient (GrpcClientProtocolClient.java:onNext(255)) - client-C954105195FD->270584e6-a4a8-4db5-8151-214655ce1a56: receive RaftClientReply:client-C954105195FD->270584e6-a4a8-4db5-8151-214655ce1a56@group-787F5BA3AA67, cid=1328, SUCCESS, logIndex=1869, commits[270584e6-a4a8-4db5-8151-214655ce1a56:c1869, af078b8b-61ec-497f-9506-472d46a72462:c1867, 09fb9ab4-1b8d-44c0-9f8c-50855c6f1fed:c1867]
2019-08-21 12:28:00,078 | INFO  | SCMAudit | user=jenkins1000 | ip=192.168.34.23 | op=SEND_HEARTBEAT {datanodeUUID=0aa4def6-fe9f-4182-b0b1-80406548816f, command=[]} | ret=SUCCESS |  
2019-08-21 12:28:00,078 | INFO  | SCMAudit | user=jenkins1000 | ip=192.168.34.23 | op=SEND_HEARTBEAT {datanodeUUID=39ae8c09-9b4b-4ddc-906b-4e52d104e1b1, command=[]} | ret=SUCCESS |  
2019-08-21 12:28:00,079 | INFO  | DNAudit | user=null | ip=null | op=WRITE_CHUNK {blockData=conID: 3 locID: 102654966490333660 bcsId: 1863} | ret=SUCCESS |  
2019-08-21 12:28:00,079 | INFO  | DNAudit | user=null | ip=null | op=WRITE_CHUNK {blockData=conID: 3 locID: 102654966490333660 bcsId: 1863} | ret=SUCCESS |  
2019-08-21 12:28:00,081 | INFO  | DNAudit | user=null | ip=null | op=WRITE_CHUNK {blockData=conID: 3 locID: 102654966490333660 bcsId: 1869} | ret=SUCCESS |  
2019-08-21 12:28:00,085 | INFO  | DNAudit | user=null | ip=null | op=WRITE_CHUNK {blockData=conID: 3 locID: 102654966490333660 bcsId: 1869} | ret=SUCCESS |  
2019-08-21 12:28:00,086 | INFO  | DNAudit | user=null | ip=null | op=WRITE_CHUNK {blockData=conID: 3 locID: 102654966490333660 bcsId: 1869} | ret=SUCCESS |  
2019-08-21 12:28:00,090 | INFO  | DNAudit | user=null | ip=null | op=PUT_BLOCK {blockData=[blockId=conID: 3 locID: 102654966490333660 bcsId: 0,size=3145728]} | ret=SUCCESS |  
2019-08-21 12:28:00,090 | INFO  | DNAudit | user=null | ip=null | op=PUT_BLOCK {blockData=[blockId=conID: 3 locID: 102654966490333660 bcsId: 0,size=3145728]} | ret=SUCCESS |  
2019-08-21 12:28:00,092 | INFO  | DNAudit | user=null | ip=null | op=WRITE_CHUNK {blockData=conID: 3 locID: 102654966490333660 bcsId: 1869} | ret=SUCCESS |  
2019-08-21 12:28:00,092 | INFO  | DNAudit | user=null | ip=null | op=PUT_BLOCK {blockData=[blockId=conID: 3 locID: 102654966490333660 bcsId: 0,size=4194304]} | ret=SUCCESS |  
2019-08-21 12:28:00,092 [grpc-default-executor-4] INFO  client.GrpcClientProtocolClient (GrpcClientProtocolClient.java:onNext(255)) - client-C954105195FD->270584e6-a4a8-4db5-8151-214655ce1a56: receive RaftClientReply:client-C954105195FD->270584e6-a4a8-4db5-8151-214655ce1a56@group-787F5BA3AA67, cid=1329, SUCCESS, logIndex=1872, commits[270584e6-a4a8-4db5-8151-214655ce1a56:c1873, af078b8b-61ec-497f-9506-472d46a72462:c1870, 09fb9ab4-1b8d-44c0-9f8c-50855c6f1fed:c1869]
2019-08-21 12:28:00,093 [grpc-default-executor-4] INFO  client.GrpcClientProtocolClient (GrpcClientProtocolClient.java:onNext(255)) - client-C954105195FD->270584e6-a4a8-4db5-8151-214655ce1a56: receive RaftClientReply:client-C954105195FD->270584e6-a4a8-4db5-8151-214655ce1a56@group-787F5BA3AA67, cid=1330, SUCCESS, logIndex=1873, commits[270584e6-a4a8-4db5-8151-214655ce1a56:c1873, af078b8b-61ec-497f-9506-472d46a72462:c1870, 09fb9ab4-1b8d-44c0-9f8c-50855c6f1fed:c1870]
2019-08-21 12:28:00,093 | INFO  | DNAudit | user=null | ip=null | op=WRITE_CHUNK {blockData=conID: 3 locID: 102654966490333660 bcsId: 1869} | ret=SUCCESS |  
2019-08-21 12:28:00,093 | INFO  | DNAudit | user=null | ip=null | op=WRITE_CHUNK {blockData=conID: 3 locID: 102654966490333660 bcsId: 1869} | ret=SUCCESS |  
2019-08-21 12:28:00,094 | INFO  | DNAudit | user=null | ip=null | op=PUT_BLOCK {blockData=[blockId=conID: 3 locID: 102654966490333660 bcsId: 0,size=4194304]} | ret=SUCCESS |  
2019-08-21 12:28:00,094 | INFO  | DNAudit | user=null | ip=null | op=PUT_BLOCK {blockData=[blockId=conID: 3 locID: 102654966490333660 bcsId: 0,size=4194304]} | ret=SUCCESS |  
2019-08-21 12:28:00,095 [grpc-default-executor-4] INFO  client.GrpcClientProtocolClient (GrpcClientProtocolClient.java:onNext(255)) - client-C954105195FD->270584e6-a4a8-4db5-8151-214655ce1a56: receive RaftClientReply:client-C954105195FD->270584e6-a4a8-4db5-8151-214655ce1a56@group-787F5BA3AA67, cid=1331, SUCCESS, logIndex=0, commits[270584e6-a4a8-4db5-8151-214655ce1a56:c1875, af078b8b-61ec-497f-9506-472d46a72462:c1873, 09fb9ab4-1b8d-44c0-9f8c-50855c6f1fed:c1873]
2019-08-21 12:28:00,100 | INFO  | SCMAudit | user=jenkins1000 | ip=192.168.34.23 | op=ALLOCATE_BLOCK {owner=b79f83c9-5f7d-4caf-af30-78af34bc5eea, size=4194304, type=RATIS, factor=THREE} | ret=SUCCESS |  
2019-08-21 12:28:00,103 | INFO  | OMAudit | user=jenkins1000 | ip=127.0.0.1 | op=ALLOCATE_BLOCK {volume=vol-0-06517, bucket=bucket-0-64549, key=key-0-34512, dataSize=0, replicationType=null, replicationFactor=null, keyLocationInfo=null, clientID=102654965997830546} | ret=SUCCESS |  
2019-08-21 12:28:00,111 | INFO  | DNAudit | user=null | ip=null | op=WRITE_CHUNK {blockData=conID: 1 locID: 102654966503834077 bcsId: 0} | ret=SUCCESS |  
2019-08-21 12:28:00,115 | INFO  | DNAudit | user=null | ip=null | op=WRITE_CHUNK {blockData=conID: 1 locID: 102654966503834077 bcsId: 0} | ret=SUCCESS |  
2019-08-21 12:28:00,115 | INFO  | DNAudit | user=null | ip=null | op=WRITE_CHUNK {blockData=conID: 1 locID: 102654966503834077 bcsId: 0} | ret=SUCCESS |  
2019-08-21 12:28:00,115 | INFO  | DNAudit | user=null | ip=null | op=WRITE_CHUNK {blockData=conID: 1 locID: 102654966503834077 bcsId: 0} | ret=SUCCESS |  
2019-08-21 12:28:00,118 | INFO  | DNAudit | user=null | ip=null | op=WRITE_CHUNK {blockData=conID: 1 locID: 102654966503834077 bcsId: 0} | ret=SUCCESS |  
2019-08-21 12:28:00,118 | INFO  | DNAudit | user=null | ip=null | op=PUT_BLOCK {blockData=[blockId=conID: 1 locID: 102654966503834077 bcsId: 0,size=1048576]} | ret=SUCCESS |  
2019-08-21 12:28:00,118 [grpc-default-executor-5] INFO  client.GrpcClientProtocolClient (GrpcClientProtocolClient.java:onNext(255)) - client-C954105195FD->270584e6-a4a8-4db5-8151-214655ce1a56: receive RaftClientReply:client-C954105195FD->270584e6-a4a8-4db5-8151-214655ce1a56@group-787F5BA3AA67, cid=1332, SUCCESS, logIndex=1876, commits[270584e6-a4a8-4db5-8151-214655ce1a56:c1877, af078b8b-61ec-497f-9506-472d46a72462:c1875, 09fb9ab4-1b8d-44c0-9f8c-50855c6f1fed:c1875]
2019-08-21 12:28:00,119 | INFO  | DNAudit | user=null | ip=null | op=WRITE_CHUNK {blockData=conID: 1 locID: 102654966503834077 bcsId: 0} | ret=SUCCESS |  
2019-08-21 12:28:00,119 [grpc-default-executor-5] INFO  client.GrpcClientProtocolClient (GrpcClientProtocolClient.java:onNext(255)) - client-C954105195FD->270584e6-a4a8-4db5-8151-214655ce1a56: receive RaftClientReply:client-C954105195FD->270584e6-a4a8-4db5-8151-214655ce1a56@group-787F5BA3AA67, cid=1333, SUCCESS, logIndex=1877, commits[270584e6-a4a8-4db5-8151-214655ce1a56:c1877, af078b8b-61ec-497f-9506-472d46a72462:c1875, 09fb9ab4-1b8d-44c0-9f8c-50855c6f1fed:c1875]
2019-08-21 12:28:00,119 | INFO  | DNAudit | user=null | ip=null | op=WRITE_CHUNK {blockData=conID: 1 locID: 102654966503834077 bcsId: 0} | ret=SUCCESS |  
2019-08-21 12:28:00,121 | INFO  | DNAudit | user=null | ip=null | op=WRITE_CHUNK {blockData=conID: 1 locID: 102654966503834077 bcsId: 0} | ret=SUCCESS |  
2019-08-21 12:28:00,121 | INFO  | DNAudit | user=null | ip=null | op=WRITE_CHUNK {blockData=conID: 1 locID: 102654966503834077 bcsId: 0} | ret=SUCCESS |  
2019-08-21 12:28:00,121 | INFO  | DNAudit | user=null | ip=null | op=PUT_BLOCK {blockData=[blockId=conID: 1 locID: 102654966503834077 bcsId: 0,size=1048576]} | ret=SUCCESS |  
2019-08-21 12:28:00,121 | INFO  | DNAudit | user=null | ip=null | op=PUT_BLOCK {blockData=[blockId=conID: 1 locID: 102654966503834077 bcsId: 0,size=2097152]} | ret=SUCCESS |  
2019-08-21 12:28:00,121 | INFO  | DNAudit | user=null | ip=null | op=WRITE_CHUNK {blockData=conID: 1 locID: 102654966503834077 bcsId: 0} | ret=SUCCESS |  
2019-08-21 12:28:00,121 [grpc-default-executor-4] INFO  client.GrpcClientProtocolClient (GrpcClientProtocolClient.java:onNext(255)) - client-C954105195FD->270584e6-a4a8-4db5-8151-214655ce1a56: receive RaftClientReply:client-C954105195FD->270584e6-a4a8-4db5-8151-214655ce1a56@group-787F5BA3AA67, cid=1334, SUCCESS, logIndex=1878, commits[270584e6-a4a8-4db5-8151-214655ce1a56:c1879, af078b8b-61ec-497f-9506-472d46a72462:c1875, 09fb9ab4-1b8d-44c0-9f8c-50855c6f1fed:c1875]
2019-08-21 12:28:00,122 | INFO  | DNAudit | user=null | ip=null | op=PUT_BLOCK {blockData=[blockId=conID: 1 locID: 102654966503834077 bcsId: 0,size=1048576]} | ret=SUCCESS |  
2019-08-21 12:28:00,122 [grpc-default-executor-4] INFO  client.GrpcClientProtocolClient (GrpcClientProtocolClient.java:onNext(255)) - client-C954105195FD->270584e6-a4a8-4db5-8151-214655ce1a56: receive RaftClientReply:client-C954105195FD->270584e6-a4a8-4db5-8151-214655ce1a56@group-787F5BA3AA67, cid=1335, SUCCESS, logIndex=1879, commits[270584e6-a4a8-4db5-8151-214655ce1a56:c1881, af078b8b-61ec-497f-9506-472d46a72462:c1875, 09fb9ab4-1b8d-44c0-9f8c-50855c6f1fed:c1877]
2019-08-21 12:28:00,122 | INFO  | DNAudit | user=null | ip=null | op=WRITE_CHUNK {blockData=conID: 1 locID: 102654966503834077 bcsId: 0} | ret=SUCCESS |  
2019-08-21 12:28:00,122 | INFO  | DNAudit | user=null | ip=null | op=PUT_BLOCK {blockData=[blockId=conID: 1 locID: 102654966503834077 bcsId: 0,size=2097152]} | ret=SUCCESS |  
2019-08-21 12:28:00,123 | INFO  | DNAudit | user=null | ip=null | op=WRITE_CHUNK {blockData=conID: 1 locID: 102654966503834077 bcsId: 0} | ret=SUCCESS |  
2019-08-21 12:28:00,123 | INFO  | DNAudit | user=null | ip=null | op=PUT_BLOCK {blockData=[blockId=conID: 1 locID: 102654966503834077 bcsId: 0,size=2097152]} | ret=SUCCESS |  
2019-08-21 12:28:00,123 [grpc-default-executor-1] INFO  client.GrpcClientProtocolClient (GrpcClientProtocolClient.java:onNext(255)) - client-C954105195FD->270584e6-a4a8-4db5-8151-214655ce1a56: receive RaftClientReply:client-C954105195FD->270584e6-a4a8-4db5-8151-214655ce1a56@group-787F5BA3AA67, cid=1336, SUCCESS, logIndex=0, commits[270584e6-a4a8-4db5-8151-214655ce1a56:c1882, af078b8b-61ec-497f-9506-472d46a72462:c1877, 09fb9ab4-1b8d-44c0-9f8c-50855c6f1fed:c1879]
2019-08-21 12:28:00,130 | INFO  | DNAudit | user=null | ip=null | op=WRITE_CHUNK {blockData=conID: 1 locID: 102654966503834077 bcsId: 1879} | ret=SUCCESS |  
2019-08-21 12:28:00,133 | INFO  | DNAudit | user=null | ip=null | op=WRITE_CHUNK {blockData=conID: 1 locID: 102654966503834077 bcsId: 1879} | ret=SUCCESS |  
2019-08-21 12:28:00,134 | INFO  | DNAudit | user=null | ip=null | op=WRITE_CHUNK {blockData=conID: 1 locID: 102654966503834077 bcsId: 1879} | ret=SUCCESS |  
2019-08-21 12:28:00,143 | INFO  | DNAudit | user=null | ip=null | op=WRITE_CHUNK {blockData=conID: 1 locID: 102654966503834077 bcsId: 1879} | ret=SUCCESS |  
2019-08-21 12:28:00,144 | INFO  | DNAudit | user=null | ip=null | op=PUT_BLOCK {blockData=[blockId=conID: 1 locID: 102654966503834077 bcsId: 0,size=3145728]} | ret=SUCCESS |  
2019-08-21 12:28:00,144 [grpc-default-executor-5] INFO  client.GrpcClientProtocolClient (GrpcClientProtocolClient.java:onNext(255)) - client-C954105195FD->270584e6-a4a8-4db5-8151-214655ce1a56: receive RaftClientReply:client-C954105195FD->270584e6-a4a8-4db5-8151-214655ce1a56@group-787F5BA3AA67, cid=1337, SUCCESS, logIndex=1884, commits[270584e6-a4a8-4db5-8151-214655ce1a56:c1885, af078b8b-61ec-497f-9506-472d46a72462:c1883, 09fb9ab4-1b8d-44c0-9f8c-50855c6f1fed:c1883]
2019-08-21 12:28:00,145 [grpc-default-executor-5] INFO  client.GrpcClientProtocolClient (GrpcClientProtocolClient.java:onNext(255)) - client-C954105195FD->270584e6-a4a8-4db5-8151-214655ce1a56: receive RaftClientReply:client-C954105195FD->270584e6-a4a8-4db5-8151-214655ce1a56@group-787F5BA3AA67, cid=1338, SUCCESS, logIndex=1885, commits[270584e6-a4a8-4db5-8151-214655ce1a56:c1885, af078b8b-61ec-497f-9506-472d46a72462:c1883, 09fb9ab4-1b8d-44c0-9f8c-50855c6f1fed:c1883]
2019-08-21 12:28:00,153 | INFO  | DNAudit | user=null | ip=null | op=WRITE_CHUNK {blockData=conID: 1 locID: 102654966503834077 bcsId: 1885} | ret=SUCCESS |  
2019-08-21 12:28:00,155 | INFO  | DNAudit | user=null | ip=null | op=WRITE_CHUNK {blockData=conID: 1 locID: 102654966503834077 bcsId: 1879} | ret=SUCCESS |  
2019-08-21 12:28:00,155 | INFO  | DNAudit | user=null | ip=null | op=WRITE_CHUNK {blockData=conID: 1 locID: 102654966503834077 bcsId: 1879} | ret=SUCCESS |  
2019-08-21 12:28:00,156 | INFO  | DNAudit | user=null | ip=null | op=PUT_BLOCK {blockData=[blockId=conID: 1 locID: 102654966503834077 bcsId: 0,size=3145728]} | ret=SUCCESS |  
2019-08-21 12:28:00,156 | INFO  | DNAudit | user=null | ip=null | op=WRITE_CHUNK {blockData=conID: 1 locID: 102654966503834077 bcsId: 1885} | ret=SUCCESS |  
2019-08-21 12:28:00,156 | INFO  | DNAudit | user=null | ip=null | op=WRITE_CHUNK {blockData=conID: 1 locID: 102654966503834077 bcsId: 1885} | ret=SUCCESS |  
2019-08-21 12:28:00,170 | INFO  | DNAudit | user=null | ip=null | op=WRITE_CHUNK {blockData=conID: 1 locID: 102654966503834077 bcsId: 1885} | ret=SUCCESS |  
2019-08-21 12:28:00,170 | INFO  | DNAudit | user=null | ip=null | op=WRITE_CHUNK {blockData=conID: 1 locID: 102654966503834077 bcsId: 1885} | ret=SUCCESS |  
2019-08-21 12:28:00,170 | INFO  | DNAudit | user=null | ip=null | op=PUT_BLOCK {blockData=[blockId=conID: 1 locID: 102654966503834077 bcsId: 0,size=3145728]} | ret=SUCCESS |  
2019-08-21 12:28:00,171 | INFO  | DNAudit | user=null | ip=null | op=PUT_BLOCK {blockData=[blockId=conID: 1 locID: 102654966503834077 bcsId: 0,size=4194304]} | ret=SUCCESS |  
2019-08-21 12:28:00,171 [grpc-default-executor-1] INFO  client.GrpcClientProtocolClient (GrpcClientProtocolClient.java:onNext(255)) - client-C954105195FD->270584e6-a4a8-4db5-8151-214655ce1a56: receive RaftClientReply:client-C954105195FD->270584e6-a4a8-4db5-8151-214655ce1a56@group-787F5BA3AA67, cid=1339, SUCCESS, logIndex=1888, commits[270584e6-a4a8-4db5-8151-214655ce1a56:c1889, af078b8b-61ec-497f-9506-472d46a72462:c1888, 09fb9ab4-1b8d-44c0-9f8c-50855c6f1fed:c1885]
2019-08-21 12:28:00,172 [grpc-default-executor-1] INFO  client.GrpcClientProtocolClient (GrpcClientProtocolClient.java:onNext(255)) - client-C954105195FD->270584e6-a4a8-4db5-8151-214655ce1a56: receive RaftClientReply:client-C954105195FD->270584e6-a4a8-4db5-8151-214655ce1a56@group-787F5BA3AA67, cid=1340, SUCCESS, logIndex=1889, commits[270584e6-a4a8-4db5-8151-214655ce1a56:c1890, af078b8b-61ec-497f-9506-472d46a72462:c1888, 09fb9ab4-1b8d-44c0-9f8c-50855c6f1fed:c1885]
2019-08-21 12:28:00,183 | INFO  | DNAudit | user=null | ip=null | op=WRITE_CHUNK {blockData=conID: 1 locID: 102654966503834077 bcsId: 1885} | ret=SUCCESS |  
2019-08-21 12:28:00,183 | INFO  | DNAudit | user=null | ip=null | op=PUT_BLOCK {blockData=[blockId=conID: 1 locID: 102654966503834077 bcsId: 0,size=4194304]} | ret=SUCCESS |  
2019-08-21 12:28:00,183 | INFO  | DNAudit | user=null | ip=null | op=PUT_BLOCK {blockData=[blockId=conID: 1 locID: 102654966503834077 bcsId: 0,size=4194304]} | ret=SUCCESS |  
2019-08-21 12:28:00,183 [grpc-default-executor-4] INFO  client.GrpcClientProtocolClient (GrpcClientProtocolClient.java:onNext(255)) - client-C954105195FD->270584e6-a4a8-4db5-8151-214655ce1a56: receive RaftClientReply:client-C954105195FD->270584e6-a4a8-4db5-8151-214655ce1a56@group-787F5BA3AA67, cid=1341, SUCCESS, logIndex=0, commits[270584e6-a4a8-4db5-8151-214655ce1a56:c1891, af078b8b-61ec-497f-9506-472d46a72462:c1889, 09fb9ab4-1b8d-44c0-9f8c-50855c6f1fed:c1889]
2019-08-21 12:28:00,188 | INFO  | SCMAudit | user=jenkins1000 | ip=192.168.34.23 | op=ALLOCATE_BLOCK {owner=b79f83c9-5f7d-4caf-af30-78af34bc5eea, size=4194304, type=RATIS, factor=THREE} | ret=SUCCESS |  
2019-08-21 12:28:00,190 | INFO  | OMAudit | user=jenkins1000 | ip=127.0.0.1 | op=ALLOCATE_BLOCK {volume=vol-0-06517, bucket=bucket-0-64549, key=key-0-34512, dataSize=0, replicationType=null, replicationFactor=null, keyLocationInfo=null, clientID=102654965997830546} | ret=SUCCESS |  
2019-08-21 12:28:00,198 | INFO  | DNAudit | user=null | ip=null | op=WRITE_CHUNK {blockData=conID: 2 locID: 102654966509601246 bcsId: 0} | ret=SUCCESS |  
2019-08-21 12:28:00,200 | INFO  | DNAudit | user=null | ip=null | op=WRITE_CHUNK {blockData=conID: 2 locID: 102654966509601246 bcsId: 0} | ret=SUCCESS |  
2019-08-21 12:28:00,201 | INFO  | DNAudit | user=null | ip=null | op=WRITE_CHUNK {blockData=conID: 2 locID: 102654966509601246 bcsId: 0} | ret=SUCCESS |  
2019-08-21 12:28:00,202 | INFO  | DNAudit | user=null | ip=null | op=WRITE_CHUNK {blockData=conID: 2 locID: 102654966509601246 bcsId: 0} | ret=SUCCESS |  
2019-08-21 12:28:00,204 | INFO  | DNAudit | user=null | ip=null | op=WRITE_CHUNK {blockData=conID: 2 locID: 102654966509601246 bcsId: 0} | ret=SUCCESS |  
2019-08-21 12:28:00,205 | INFO  | DNAudit | user=null | ip=null | op=WRITE_CHUNK {blockData=conID: 2 locID: 102654966509601246 bcsId: 0} | ret=SUCCESS |  
2019-08-21 12:28:00,211 | INFO  | DNAudit | user=null | ip=null | op=WRITE_CHUNK {blockData=conID: 2 locID: 102654966509601246 bcsId: 0} | ret=SUCCESS |  
2019-08-21 12:28:00,212 | INFO  | DNAudit | user=null | ip=null | op=PUT_BLOCK {blockData=[blockId=conID: 2 locID: 102654966509601246 bcsId: 0,size=1048576]} | ret=SUCCESS |  
2019-08-21 12:28:00,212 | INFO  | DNAudit | user=null | ip=null | op=WRITE_CHUNK {blockData=conID: 2 locID: 102654966509601246 bcsId: 0} | ret=SUCCESS |  
2019-08-21 12:28:00,212 [grpc-default-executor-5] INFO  client.GrpcClientProtocolClient (GrpcClientProtocolClient.java:onNext(255)) - client-C954105195FD->270584e6-a4a8-4db5-8151-214655ce1a56: receive RaftClientReply:client-C954105195FD->270584e6-a4a8-4db5-8151-214655ce1a56@group-787F5BA3AA67, cid=1342, SUCCESS, logIndex=1892, commits[270584e6-a4a8-4db5-8151-214655ce1a56:c1893, af078b8b-61ec-497f-9506-472d46a72462:c1891, 09fb9ab4-1b8d-44c0-9f8c-50855c6f1fed:c1891]
2019-08-21 12:28:00,213 | INFO  | DNAudit | user=null | ip=null | op=PUT_BLOCK {blockData=[blockId=conID: 2 locID: 102654966509601246 bcsId: 0,size=2097152]} | ret=SUCCESS |  
2019-08-21 12:28:00,213 [grpc-default-executor-5] INFO  client.GrpcClientProtocolClient (GrpcClientProtocolClient.java:onNext(255)) - client-C954105195FD->270584e6-a4a8-4db5-8151-214655ce1a56: receive RaftClientReply:client-C954105195FD->270584e6-a4a8-4db5-8151-214655ce1a56@group-787F5BA3AA67, cid=1343, SUCCESS, logIndex=1893, commits[270584e6-a4a8-4db5-8151-214655ce1a56:c1894, af078b8b-61ec-497f-9506-472d46a72462:c1891, 09fb9ab4-1b8d-44c0-9f8c-50855c6f1fed:c1891]
2019-08-21 12:28:00,213 [grpc-default-executor-5] INFO  client.GrpcClientProtocolClient (GrpcClientProtocolClient.java:onNext(255)) - client-C954105195FD->270584e6-a4a8-4db5-8151-214655ce1a56: receive RaftClientReply:client-C954105195FD->270584e6-a4a8-4db5-8151-214655ce1a56@group-787F5BA3AA67, cid=1344, SUCCESS, logIndex=1894, commits[270584e6-a4a8-4db5-8151-214655ce1a56:c1895, af078b8b-61ec-497f-9506-472d46a72462:c1891, 09fb9ab4-1b8d-44c0-9f8c-50855c6f1fed:c1891]
2019-08-21 12:28:00,214 | INFO  | DNAudit | user=null | ip=null | op=WRITE_CHUNK {blockData=conID: 2 locID: 102654966509601246 bcsId: 0} | ret=SUCCESS |  
2019-08-21 12:28:00,213 [grpc-default-executor-4] INFO  client.GrpcClientProtocolClient (GrpcClientProtocolClient.java:onNext(255)) - client-C954105195FD->270584e6-a4a8-4db5-8151-214655ce1a56: receive RaftClientReply:client-C954105195FD->270584e6-a4a8-4db5-8151-214655ce1a56@group-787F5BA3AA67, cid=1345, SUCCESS, logIndex=1895, commits[270584e6-a4a8-4db5-8151-214655ce1a56:c1895, af078b8b-61ec-497f-9506-472d46a72462:c1891, 09fb9ab4-1b8d-44c0-9f8c-50855c6f1fed:c1891]
2019-08-21 12:28:00,214 | INFO  | DNAudit | user=null | ip=null | op=PUT_BLOCK {blockData=[blockId=conID: 2 locID: 102654966509601246 bcsId: 0,size=1048576]} | ret=SUCCESS |  
2019-08-21 12:28:00,215 | INFO  | DNAudit | user=null | ip=null | op=WRITE_CHUNK {blockData=conID: 2 locID: 102654966509601246 bcsId: 0} | ret=SUCCESS |  
2019-08-21 12:28:00,215 | INFO  | DNAudit | user=null | ip=null | op=PUT_BLOCK {blockData=[blockId=conID: 2 locID: 102654966509601246 bcsId: 0,size=1048576]} | ret=SUCCESS |  
2019-08-21 12:28:00,215 | INFO  | DNAudit | user=null | ip=null | op=WRITE_CHUNK {blockData=conID: 2 locID: 102654966509601246 bcsId: 0} | ret=SUCCESS |  
2019-08-21 12:28:00,215 | INFO  | DNAudit | user=null | ip=null | op=WRITE_CHUNK {blockData=conID: 2 locID: 102654966509601246 bcsId: 0} | ret=SUCCESS |  
2019-08-21 12:28:00,215 | INFO  | DNAudit | user=null | ip=null | op=PUT_BLOCK {blockData=[blockId=conID: 2 locID: 102654966509601246 bcsId: 0,size=2097152]} | ret=SUCCESS |  
2019-08-21 12:28:00,215 [grpc-default-executor-5] INFO  client.GrpcClientProtocolClient (GrpcClientProtocolClient.java:onNext(255)) - client-C954105195FD->270584e6-a4a8-4db5-8151-214655ce1a56: receive RaftClientReply:client-C954105195FD->270584e6-a4a8-4db5-8151-214655ce1a56@group-787F5BA3AA67, cid=1346, SUCCESS, logIndex=0, commits[270584e6-a4a8-4db5-8151-214655ce1a56:c1897, af078b8b-61ec-497f-9506-472d46a72462:c1893, 09fb9ab4-1b8d-44c0-9f8c-50855c6f1fed:c1893]
2019-08-21 12:28:00,216 | INFO  | DNAudit | user=null | ip=null | op=PUT_BLOCK {blockData=[blockId=conID: 2 locID: 102654966509601246 bcsId: 0,size=2097152]} | ret=SUCCESS |  
2019-08-21 12:28:00,222 | INFO  | DNAudit | user=null | ip=null | op=WRITE_CHUNK {blockData=conID: 2 locID: 102654966509601246 bcsId: 1895} | ret=SUCCESS |  
2019-08-21 12:28:00,225 | INFO  | DNAudit | user=null | ip=null | op=WRITE_CHUNK {blockData=conID: 2 locID: 102654966509601246 bcsId: 1895} | ret=SUCCESS |  
2019-08-21 12:28:00,225 | INFO  | DNAudit | user=null | ip=null | op=WRITE_CHUNK {blockData=conID: 2 locID: 102654966509601246 bcsId: 1895} | ret=SUCCESS |  
2019-08-21 12:28:00,235 | INFO  | DNAudit | user=null | ip=null | op=WRITE_CHUNK {blockData=conID: 2 locID: 102654966509601246 bcsId: 1895} | ret=SUCCESS |  
2019-08-21 12:28:00,236 | INFO  | DNAudit | user=null | ip=null | op=PUT_BLOCK {blockData=[blockId=conID: 2 locID: 102654966509601246 bcsId: 0,size=3145728]} | ret=SUCCESS |  
2019-08-21 12:28:00,236 [grpc-default-executor-5] INFO  client.GrpcClientProtocolClient (GrpcClientProtocolClient.java:onNext(255)) - client-C954105195FD->270584e6-a4a8-4db5-8151-214655ce1a56: receive RaftClientReply:client-C954105195FD->270584e6-a4a8-4db5-8151-214655ce1a56@group-787F5BA3AA67, cid=1347, SUCCESS, logIndex=1900, commits[270584e6-a4a8-4db5-8151-214655ce1a56:c1901, af078b8b-61ec-497f-9506-472d46a72462:c1899, 09fb9ab4-1b8d-44c0-9f8c-50855c6f1fed:c1899]
2019-08-21 12:28:00,236 [grpc-default-executor-5] INFO  client.GrpcClientProtocolClient (GrpcClientProtocolClient.java:onNext(255)) - client-C954105195FD->270584e6-a4a8-4db5-8151-214655ce1a56: receive RaftClientReply:client-C954105195FD->270584e6-a4a8-4db5-8151-214655ce1a56@group-787F5BA3AA67, cid=1348, SUCCESS, logIndex=1901, commits[270584e6-a4a8-4db5-8151-214655ce1a56:c1901, af078b8b-61ec-497f-9506-472d46a72462:c1899, 09fb9ab4-1b8d-44c0-9f8c-50855c6f1fed:c1899]
2019-08-21 12:28:00,243 | INFO  | DNAudit | user=null | ip=null | op=WRITE_CHUNK {blockData=conID: 2 locID: 102654966509601246 bcsId: 1901} | ret=SUCCESS |  
2019-08-21 12:28:00,246 | INFO  | DNAudit | user=null | ip=null | op=WRITE_CHUNK {blockData=conID: 2 locID: 102654966509601246 bcsId: 1901} | ret=SUCCESS |  
2019-08-21 12:28:00,246 | INFO  | DNAudit | user=null | ip=null | op=WRITE_CHUNK {blockData=conID: 2 locID: 102654966509601246 bcsId: 1895} | ret=SUCCESS |  
2019-08-21 12:28:00,246 | INFO  | DNAudit | user=null | ip=null | op=WRITE_CHUNK {blockData=conID: 2 locID: 102654966509601246 bcsId: 1895} | ret=SUCCESS |  
2019-08-21 12:28:00,247 | INFO  | DNAudit | user=null | ip=null | op=WRITE_CHUNK {blockData=conID: 2 locID: 102654966509601246 bcsId: 1901} | ret=SUCCESS |  
2019-08-21 12:28:00,247 | INFO  | DNAudit | user=null | ip=null | op=PUT_BLOCK {blockData=[blockId=conID: 2 locID: 102654966509601246 bcsId: 0,size=3145728]} | ret=SUCCESS |  
2019-08-21 12:28:00,247 | INFO  | DNAudit | user=null | ip=null | op=PUT_BLOCK {blockData=[blockId=conID: 2 locID: 102654966509601246 bcsId: 0,size=3145728]} | ret=SUCCESS |  
2019-08-21 12:28:00,248 | INFO  | DNAudit | user=null | ip=null | op=WRITE_CHUNK {blockData=conID: 2 locID: 102654966509601246 bcsId: 1901} | ret=SUCCESS |  
2019-08-21 12:28:00,248 | INFO  | DNAudit | user=null | ip=null | op=PUT_BLOCK {blockData=[blockId=conID: 2 locID: 102654966509601246 bcsId: 0,size=4194304]} | ret=SUCCESS |  
2019-08-21 12:28:00,248 [grpc-default-executor-1] INFO  client.GrpcClientProtocolClient (GrpcClientProtocolClient.java:onNext(255)) - client-C954105195FD->270584e6-a4a8-4db5-8151-214655ce1a56: receive RaftClientReply:client-C954105195FD->270584e6-a4a8-4db5-8151-214655ce1a56@group-787F5BA3AA67, cid=1349, SUCCESS, logIndex=1904, commits[270584e6-a4a8-4db5-8151-214655ce1a56:c1905, af078b8b-61ec-497f-9506-472d46a72462:c1901, 09fb9ab4-1b8d-44c0-9f8c-50855c6f1fed:c1901]
2019-08-21 12:28:00,249 [grpc-default-executor-1] INFO  client.GrpcClientProtocolClient (GrpcClientProtocolClient.java:onNext(255)) - client-C954105195FD->270584e6-a4a8-4db5-8151-214655ce1a56: receive RaftClientReply:client-C954105195FD->270584e6-a4a8-4db5-8151-214655ce1a56@group-787F5BA3AA67, cid=1350, SUCCESS, logIndex=1905, commits[270584e6-a4a8-4db5-8151-214655ce1a56:c1905, af078b8b-61ec-497f-9506-472d46a72462:c1901, 09fb9ab4-1b8d-44c0-9f8c-50855c6f1fed:c1901]
2019-08-21 12:28:00,249 | INFO  | DNAudit | user=null | ip=null | op=WRITE_CHUNK {blockData=conID: 2 locID: 102654966509601246 bcsId: 1901} | ret=SUCCESS |  
2019-08-21 12:28:00,249 | INFO  | DNAudit | user=null | ip=null | op=WRITE_CHUNK {blockData=conID: 2 locID: 102654966509601246 bcsId: 1901} | ret=SUCCESS |  
2019-08-21 12:28:00,249 | INFO  | DNAudit | user=null | ip=null | op=PUT_BLOCK {blockData=[blockId=conID: 2 locID: 102654966509601246 bcsId: 0,size=4194304]} | ret=SUCCESS |  
2019-08-21 12:28:00,250 | INFO  | DNAudit | user=null | ip=null | op=PUT_BLOCK {blockData=[blockId=conID: 2 locID: 102654966509601246 bcsId: 0,size=4194304]} | ret=SUCCESS |  
2019-08-21 12:28:00,250 [grpc-default-executor-5] INFO  client.GrpcClientProtocolClient (GrpcClientProtocolClient.java:onNext(255)) - client-C954105195FD->270584e6-a4a8-4db5-8151-214655ce1a56: receive RaftClientReply:client-C954105195FD->270584e6-a4a8-4db5-8151-214655ce1a56@group-787F5BA3AA67, cid=1351, SUCCESS, logIndex=0, commits[270584e6-a4a8-4db5-8151-214655ce1a56:c1906, af078b8b-61ec-497f-9506-472d46a72462:c1905, 09fb9ab4-1b8d-44c0-9f8c-50855c6f1fed:c1905]
2019-08-21 12:28:00,255 | INFO  | SCMAudit | user=jenkins1000 | ip=192.168.34.23 | op=ALLOCATE_BLOCK {owner=b79f83c9-5f7d-4caf-af30-78af34bc5eea, size=4194304, type=RATIS, factor=THREE} | ret=SUCCESS |  
2019-08-21 12:28:00,258 | INFO  | OMAudit | user=jenkins1000 | ip=127.0.0.1 | op=ALLOCATE_BLOCK {volume=vol-0-06517, bucket=bucket-0-64549, key=key-0-34512, dataSize=0, replicationType=null, replicationFactor=null, keyLocationInfo=null, clientID=102654965997830546} | ret=SUCCESS |  
2019-08-21 12:28:00,264 | INFO  | DNAudit | user=null | ip=null | op=WRITE_CHUNK {blockData=conID: 3 locID: 102654966513992159 bcsId: 0} | ret=SUCCESS |  
2019-08-21 12:28:00,268 | INFO  | DNAudit | user=null | ip=null | op=WRITE_CHUNK {blockData=conID: 3 locID: 102654966513992159 bcsId: 0} | ret=SUCCESS |  
2019-08-21 12:28:00,269 | INFO  | DNAudit | user=null | ip=null | op=WRITE_CHUNK {blockData=conID: 3 locID: 102654966513992159 bcsId: 0} | ret=SUCCESS |  
2019-08-21 12:28:00,269 | INFO  | DNAudit | user=null | ip=null | op=WRITE_CHUNK {blockData=conID: 3 locID: 102654966513992159 bcsId: 0} | ret=SUCCESS |  
2019-08-21 12:28:00,271 | INFO  | DNAudit | user=null | ip=null | op=WRITE_CHUNK {blockData=conID: 3 locID: 102654966513992159 bcsId: 0} | ret=SUCCESS |  
2019-08-21 12:28:00,271 | INFO  | DNAudit | user=null | ip=null | op=WRITE_CHUNK {blockData=conID: 3 locID: 102654966513992159 bcsId: 0} | ret=SUCCESS |  
2019-08-21 12:28:00,278 | INFO  | DNAudit | user=null | ip=null | op=WRITE_CHUNK {blockData=conID: 3 locID: 102654966513992159 bcsId: 0} | ret=SUCCESS |  
2019-08-21 12:28:00,278 | INFO  | DNAudit | user=null | ip=null | op=PUT_BLOCK {blockData=[blockId=conID: 3 locID: 102654966513992159 bcsId: 0,size=1048576]} | ret=SUCCESS |  
2019-08-21 12:28:00,278 [grpc-default-executor-1] INFO  client.GrpcClientProtocolClient (GrpcClientProtocolClient.java:onNext(255)) - client-C954105195FD->270584e6-a4a8-4db5-8151-214655ce1a56: receive RaftClientReply:client-C954105195FD->270584e6-a4a8-4db5-8151-214655ce1a56@group-787F5BA3AA67, cid=1352, SUCCESS, logIndex=1908, commits[270584e6-a4a8-4db5-8151-214655ce1a56:c1911, af078b8b-61ec-497f-9506-472d46a72462:c1907, 09fb9ab4-1b8d-44c0-9f8c-50855c6f1fed:c1907]
2019-08-21 12:28:00,279 | INFO  | DNAudit | user=null | ip=null | op=WRITE_CHUNK {blockData=conID: 3 locID: 102654966513992159 bcsId: 0} | ret=SUCCESS |  
2019-08-21 12:28:00,279 [grpc-default-executor-1] INFO  client.GrpcClientProtocolClient (GrpcClientProtocolClient.java:onNext(255)) - client-C954105195FD->270584e6-a4a8-4db5-8151-214655ce1a56: receive RaftClientReply:client-C954105195FD->270584e6-a4a8-4db5-8151-214655ce1a56@group-787F5BA3AA67, cid=1353, SUCCESS, logIndex=1909, commits[270584e6-a4a8-4db5-8151-214655ce1a56:c1911, af078b8b-61ec-497f-9506-472d46a72462:c1907, 09fb9ab4-1b8d-44c0-9f8c-50855c6f1fed:c1907]
2019-08-21 12:28:00,279 | INFO  | DNAudit | user=null | ip=null | op=PUT_BLOCK {blockData=[blockId=conID: 3 locID: 102654966513992159 bcsId: 0,size=2097152]} | ret=SUCCESS |  
2019-08-21 12:28:00,279 | INFO  | DNAudit | user=null | ip=null | op=WRITE_CHUNK {blockData=conID: 3 locID: 102654966513992159 bcsId: 0} | ret=SUCCESS |  
2019-08-21 12:28:00,279 | INFO  | DNAudit | user=null | ip=null | op=WRITE_CHUNK {blockData=conID: 3 locID: 102654966513992159 bcsId: 0} | ret=SUCCESS |  
2019-08-21 12:28:00,279 [grpc-default-executor-1] INFO  client.GrpcClientProtocolClient (GrpcClientProtocolClient.java:onNext(255)) - client-C954105195FD->270584e6-a4a8-4db5-8151-214655ce1a56: receive RaftClientReply:client-C954105195FD->270584e6-a4a8-4db5-8151-214655ce1a56@group-787F5BA3AA67, cid=1354, SUCCESS, logIndex=1910, commits[270584e6-a4a8-4db5-8151-214655ce1a56:c1911, af078b8b-61ec-497f-9506-472d46a72462:c1907, 09fb9ab4-1b8d-44c0-9f8c-50855c6f1fed:c1907]
2019-08-21 12:28:00,280 | INFO  | DNAudit | user=null | ip=null | op=PUT_BLOCK {blockData=[blockId=conID: 3 locID: 102654966513992159 bcsId: 0,size=1048576]} | ret=SUCCESS |  
2019-08-21 12:28:00,280 | INFO  | DNAudit | user=null | ip=null | op=PUT_BLOCK {blockData=[blockId=conID: 3 locID: 102654966513992159 bcsId: 0,size=1048576]} | ret=SUCCESS |  
2019-08-21 12:28:00,280 [grpc-default-executor-5] INFO  client.GrpcClientProtocolClient (GrpcClientProtocolClient.java:onNext(255)) - client-C954105195FD->270584e6-a4a8-4db5-8151-214655ce1a56: receive RaftClientReply:client-C954105195FD->270584e6-a4a8-4db5-8151-214655ce1a56@group-787F5BA3AA67, cid=1355, SUCCESS, logIndex=1911, commits[270584e6-a4a8-4db5-8151-214655ce1a56:c1912, af078b8b-61ec-497f-9506-472d46a72462:c1909, 09fb9ab4-1b8d-44c0-9f8c-50855c6f1fed:c1907]
2019-08-21 12:28:00,280 | INFO  | DNAudit | user=null | ip=null | op=WRITE_CHUNK {blockData=conID: 3 locID: 102654966513992159 bcsId: 0} | ret=SUCCESS |  
2019-08-21 12:28:00,281 | INFO  | DNAudit | user=null | ip=null | op=PUT_BLOCK {blockData=[blockId=conID: 3 locID: 102654966513992159 bcsId: 0,size=2097152]} | ret=SUCCESS |  
2019-08-21 12:28:00,281 [grpc-default-executor-5] INFO  client.GrpcClientProtocolClient (GrpcClientProtocolClient.java:onNext(255)) - client-C954105195FD->270584e6-a4a8-4db5-8151-214655ce1a56: receive RaftClientReply:client-C954105195FD->270584e6-a4a8-4db5-8151-214655ce1a56@group-787F5BA3AA67, cid=1356, SUCCESS, logIndex=0, commits[270584e6-a4a8-4db5-8151-214655ce1a56:c1913, af078b8b-61ec-497f-9506-472d46a72462:c1909, 09fb9ab4-1b8d-44c0-9f8c-50855c6f1fed:c1909]
2019-08-21 12:28:00,281 | INFO  | DNAudit | user=null | ip=null | op=WRITE_CHUNK {blockData=conID: 3 locID: 102654966513992159 bcsId: 0} | ret=SUCCESS |  
2019-08-21 12:28:00,281 | INFO  | DNAudit | user=null | ip=null | op=PUT_BLOCK {blockData=[blockId=conID: 3 locID: 102654966513992159 bcsId: 0,size=2097152]} | ret=SUCCESS |  
2019-08-21 12:28:00,287 | INFO  | DNAudit | user=null | ip=null | op=WRITE_CHUNK {blockData=conID: 3 locID: 102654966513992159 bcsId: 1911} | ret=SUCCESS |  
2019-08-21 12:28:00,290 | INFO  | DNAudit | user=null | ip=null | op=WRITE_CHUNK {blockData=conID: 3 locID: 102654966513992159 bcsId: 1911} | ret=SUCCESS |  
2019-08-21 12:28:00,290 | INFO  | DNAudit | user=null | ip=null | op=WRITE_CHUNK {blockData=conID: 3 locID: 102654966513992159 bcsId: 1911} | ret=SUCCESS |  
2019-08-21 12:28:00,300 | INFO  | DNAudit | user=null | ip=null | op=WRITE_CHUNK {blockData=conID: 3 locID: 102654966513992159 bcsId: 1911} | ret=SUCCESS |  
2019-08-21 12:28:00,301 | INFO  | DNAudit | user=null | ip=null | op=PUT_BLOCK {blockData=[blockId=conID: 3 locID: 102654966513992159 bcsId: 0,size=3145728]} | ret=SUCCESS |  
2019-08-21 12:28:00,301 [grpc-default-executor-1] INFO  client.GrpcClientProtocolClient (GrpcClientProtocolClient.java:onNext(255)) - client-C954105195FD->270584e6-a4a8-4db5-8151-214655ce1a56: receive RaftClientReply:client-C954105195FD->270584e6-a4a8-4db5-8151-214655ce1a56@group-787F5BA3AA67, cid=1357, SUCCESS, logIndex=1916, commits[270584e6-a4a8-4db5-8151-214655ce1a56:c1917, af078b8b-61ec-497f-9506-472d46a72462:c1915, 09fb9ab4-1b8d-44c0-9f8c-50855c6f1fed:c1915]
2019-08-21 12:28:00,301 [grpc-default-executor-1] INFO  client.GrpcClientProtocolClient (GrpcClientProtocolClient.java:onNext(255)) - client-C954105195FD->270584e6-a4a8-4db5-8151-214655ce1a56: receive RaftClientReply:client-C954105195FD->270584e6-a4a8-4db5-8151-214655ce1a56@group-787F5BA3AA67, cid=1358, SUCCESS, logIndex=1917, commits[270584e6-a4a8-4db5-8151-214655ce1a56:c1917, af078b8b-61ec-497f-9506-472d46a72462:c1915, 09fb9ab4-1b8d-44c0-9f8c-50855c6f1fed:c1915]
2019-08-21 12:28:00,308 | INFO  | DNAudit | user=null | ip=null | op=WRITE_CHUNK {blockData=conID: 3 locID: 102654966513992159 bcsId: 1917} | ret=SUCCESS |  
2019-08-21 12:28:00,311 | INFO  | DNAudit | user=null | ip=null | op=WRITE_CHUNK {blockData=conID: 3 locID: 102654966513992159 bcsId: 1917} | ret=SUCCESS |  
2019-08-21 12:28:00,311 | INFO  | DNAudit | user=null | ip=null | op=WRITE_CHUNK {blockData=conID: 3 locID: 102654966513992159 bcsId: 1917} | ret=SUCCESS |  
2019-08-21 12:28:00,314 | INFO  | DNAudit | user=null | ip=null | op=WRITE_CHUNK {blockData=conID: 3 locID: 102654966513992159 bcsId: 1911} | ret=SUCCESS |  
2019-08-21 12:28:00,314 | INFO  | DNAudit | user=null | ip=null | op=WRITE_CHUNK {blockData=conID: 3 locID: 102654966513992159 bcsId: 1911} | ret=SUCCESS |  
2019-08-21 12:28:00,319 | INFO  | DNAudit | user=null | ip=null | op=PUT_BLOCK {blockData=[blockId=conID: 3 locID: 102654966513992159 bcsId: 0,size=3145728]} | ret=SUCCESS |  
2019-08-21 12:28:00,319 | INFO  | DNAudit | user=null | ip=null | op=PUT_BLOCK {blockData=[blockId=conID: 3 locID: 102654966513992159 bcsId: 0,size=3145728]} | ret=SUCCESS |  
2019-08-21 12:28:00,319 | INFO  | DNAudit | user=null | ip=null | op=WRITE_CHUNK {blockData=conID: 3 locID: 102654966513992159 bcsId: 1917} | ret=SUCCESS |  
2019-08-21 12:28:00,320 | INFO  | DNAudit | user=null | ip=null | op=PUT_BLOCK {blockData=[blockId=conID: 3 locID: 102654966513992159 bcsId: 0,size=4194304]} | ret=SUCCESS |  
2019-08-21 12:28:00,320 [grpc-default-executor-5] INFO  client.GrpcClientProtocolClient (GrpcClientProtocolClient.java:onNext(255)) - client-C954105195FD->270584e6-a4a8-4db5-8151-214655ce1a56: receive RaftClientReply:client-C954105195FD->270584e6-a4a8-4db5-8151-214655ce1a56@group-787F5BA3AA67, cid=1359, SUCCESS, logIndex=1920, commits[270584e6-a4a8-4db5-8151-214655ce1a56:c1921, af078b8b-61ec-497f-9506-472d46a72462:c1917, 09fb9ab4-1b8d-44c0-9f8c-50855c6f1fed:c1917]
2019-08-21 12:28:00,320 [grpc-default-executor-5] INFO  client.GrpcClientProtocolClient (GrpcClientProtocolClient.java:onNext(255)) - client-C954105195FD->270584e6-a4a8-4db5-8151-214655ce1a56: receive RaftClientReply:client-C954105195FD->270584e6-a4a8-4db5-8151-214655ce1a56@group-787F5BA3AA67, cid=1360, SUCCESS, logIndex=1921, commits[270584e6-a4a8-4db5-8151-214655ce1a56:c1921, af078b8b-61ec-497f-9506-472d46a72462:c1917, 09fb9ab4-1b8d-44c0-9f8c-50855c6f1fed:c1917]
2019-08-21 12:28:00,321 | INFO  | DNAudit | user=null | ip=null | op=WRITE_CHUNK {blockData=conID: 3 locID: 102654966513992159 bcsId: 1917} | ret=SUCCESS |  
2019-08-21 12:28:00,321 | INFO  | DNAudit | user=null | ip=null | op=WRITE_CHUNK {blockData=conID: 3 locID: 102654966513992159 bcsId: 1917} | ret=SUCCESS |  
2019-08-21 12:28:00,322 | INFO  | DNAudit | user=null | ip=null | op=PUT_BLOCK {blockData=[blockId=conID: 3 locID: 102654966513992159 bcsId: 0,size=4194304]} | ret=SUCCESS |  
2019-08-21 12:28:00,322 | INFO  | DNAudit | user=null | ip=null | op=PUT_BLOCK {blockData=[blockId=conID: 3 locID: 102654966513992159 bcsId: 0,size=4194304]} | ret=SUCCESS |  
2019-08-21 12:28:00,322 [grpc-default-executor-4] INFO  client.GrpcClientProtocolClient (GrpcClientProtocolClient.java:onNext(255)) - client-C954105195FD->270584e6-a4a8-4db5-8151-214655ce1a56: receive RaftClientReply:client-C954105195FD->270584e6-a4a8-4db5-8151-214655ce1a56@group-787F5BA3AA67, cid=1361, SUCCESS, logIndex=0, commits[270584e6-a4a8-4db5-8151-214655ce1a56:c1922, af078b8b-61ec-497f-9506-472d46a72462:c1921, 09fb9ab4-1b8d-44c0-9f8c-50855c6f1fed:c1921]
2019-08-21 12:28:00,326 | INFO  | SCMAudit | user=jenkins1000 | ip=192.168.34.23 | op=ALLOCATE_BLOCK {owner=b79f83c9-5f7d-4caf-af30-78af34bc5eea, size=4194304, type=RATIS, factor=THREE} | ret=SUCCESS |  
2019-08-21 12:28:00,330 | INFO  | OMAudit | user=jenkins1000 | ip=127.0.0.1 | op=ALLOCATE_BLOCK {volume=vol-0-06517, bucket=bucket-0-64549, key=key-0-34512, dataSize=0, replicationType=null, replicationFactor=null, keyLocationInfo=null, clientID=102654965997830546} | ret=SUCCESS |  
2019-08-21 12:28:00,338 | INFO  | DNAudit | user=null | ip=null | op=WRITE_CHUNK {blockData=conID: 1 locID: 102654966518645216 bcsId: 0} | ret=SUCCESS |  
2019-08-21 12:28:00,340 | INFO  | DNAudit | user=null | ip=null | op=WRITE_CHUNK {blockData=conID: 1 locID: 102654966518645216 bcsId: 0} | ret=SUCCESS |  
2019-08-21 12:28:00,341 | INFO  | DNAudit | user=null | ip=null | op=WRITE_CHUNK {blockData=conID: 1 locID: 102654966518645216 bcsId: 0} | ret=SUCCESS |  
2019-08-21 12:28:00,341 | INFO  | DNAudit | user=null | ip=null | op=WRITE_CHUNK {blockData=conID: 1 locID: 102654966518645216 bcsId: 0} | ret=SUCCESS |  
2019-08-21 12:28:00,343 | INFO  | DNAudit | user=null | ip=null | op=WRITE_CHUNK {blockData=conID: 1 locID: 102654966518645216 bcsId: 0} | ret=SUCCESS |  
2019-08-21 12:28:00,343 | INFO  | DNAudit | user=null | ip=null | op=WRITE_CHUNK {blockData=conID: 1 locID: 102654966518645216 bcsId: 0} | ret=SUCCESS |  
2019-08-21 12:28:00,343 | INFO  | DNAudit | user=null | ip=null | op=PUT_BLOCK {blockData=[blockId=conID: 1 locID: 102654966518645216 bcsId: 0,size=1048576]} | ret=SUCCESS |  
2019-08-21 12:28:00,344 [grpc-default-executor-1] INFO  client.GrpcClientProtocolClient (GrpcClientProtocolClient.java:onNext(255)) - client-C954105195FD->270584e6-a4a8-4db5-8151-214655ce1a56: receive RaftClientReply:client-C954105195FD->270584e6-a4a8-4db5-8151-214655ce1a56@group-787F5BA3AA67, cid=1362, SUCCESS, logIndex=1924, commits[270584e6-a4a8-4db5-8151-214655ce1a56:c1925, af078b8b-61ec-497f-9506-472d46a72462:c1923, 09fb9ab4-1b8d-44c0-9f8c-50855c6f1fed:c1923]
2019-08-21 12:28:00,344 | INFO  | DNAudit | user=null | ip=null | op=WRITE_CHUNK {blockData=conID: 1 locID: 102654966518645216 bcsId: 0} | ret=SUCCESS |  
2019-08-21 12:28:00,344 [grpc-default-executor-1] INFO  client.GrpcClientProtocolClient (GrpcClientProtocolClient.java:onNext(255)) - client-C954105195FD->270584e6-a4a8-4db5-8151-214655ce1a56: receive RaftClientReply:client-C954105195FD->270584e6-a4a8-4db5-8151-214655ce1a56@group-787F5BA3AA67, cid=1363, SUCCESS, logIndex=1925, commits[270584e6-a4a8-4db5-8151-214655ce1a56:c1925, af078b8b-61ec-497f-9506-472d46a72462:c1923, 09fb9ab4-1b8d-44c0-9f8c-50855c6f1fed:c1923]
2019-08-21 12:28:00,345 | INFO  | DNAudit | user=null | ip=null | op=WRITE_CHUNK {blockData=conID: 1 locID: 102654966518645216 bcsId: 0} | ret=SUCCESS |  
2019-08-21 12:28:00,346 | INFO  | DNAudit | user=null | ip=null | op=PUT_BLOCK {blockData=[blockId=conID: 1 locID: 102654966518645216 bcsId: 0,size=2097152]} | ret=SUCCESS |  
2019-08-21 12:28:00,346 | INFO  | DNAudit | user=null | ip=null | op=WRITE_CHUNK {blockData=conID: 1 locID: 102654966518645216 bcsId: 0} | ret=SUCCESS |  
2019-08-21 12:28:00,346 [grpc-default-executor-4] INFO  client.GrpcClientProtocolClient (GrpcClientProtocolClient.java:onNext(255)) - client-C954105195FD->270584e6-a4a8-4db5-8151-214655ce1a56: receive RaftClientReply:client-C954105195FD->270584e6-a4a8-4db5-8151-214655ce1a56@group-787F5BA3AA67, cid=1364, SUCCESS, logIndex=1926, commits[270584e6-a4a8-4db5-8151-214655ce1a56:c1927, af078b8b-61ec-497f-9506-472d46a72462:c1923, 09fb9ab4-1b8d-44c0-9f8c-50855c6f1fed:c1923]
2019-08-21 12:28:00,346 | INFO  | DNAudit | user=null | ip=null | op=WRITE_CHUNK {blockData=conID: 1 locID: 102654966518645216 bcsId: 0} | ret=SUCCESS |  
2019-08-21 12:28:00,346 | INFO  | DNAudit | user=null | ip=null | op=PUT_BLOCK {blockData=[blockId=conID: 1 locID: 102654966518645216 bcsId: 0,size=1048576]} | ret=SUCCESS |  
2019-08-21 12:28:00,346 [grpc-default-executor-4] INFO  client.GrpcClientProtocolClient (GrpcClientProtocolClient.java:onNext(255)) - client-C954105195FD->270584e6-a4a8-4db5-8151-214655ce1a56: receive RaftClientReply:client-C954105195FD->270584e6-a4a8-4db5-8151-214655ce1a56@group-787F5BA3AA67, cid=1365, SUCCESS, logIndex=1927, commits[270584e6-a4a8-4db5-8151-214655ce1a56:c1928, af078b8b-61ec-497f-9506-472d46a72462:c1923, 09fb9ab4-1b8d-44c0-9f8c-50855c6f1fed:c1925]
2019-08-21 12:28:00,346 | INFO  | DNAudit | user=null | ip=null | op=PUT_BLOCK {blockData=[blockId=conID: 1 locID: 102654966518645216 bcsId: 0,size=1048576]} | ret=SUCCESS |  
2019-08-21 12:28:00,347 | INFO  | DNAudit | user=null | ip=null | op=WRITE_CHUNK {blockData=conID: 1 locID: 102654966518645216 bcsId: 0} | ret=SUCCESS |  
2019-08-21 12:28:00,347 | INFO  | DNAudit | user=null | ip=null | op=PUT_BLOCK {blockData=[blockId=conID: 1 locID: 102654966518645216 bcsId: 0,size=2097152]} | ret=SUCCESS |  
2019-08-21 12:28:00,347 [grpc-default-executor-4] INFO  client.GrpcClientProtocolClient (GrpcClientProtocolClient.java:onNext(255)) - client-C954105195FD->270584e6-a4a8-4db5-8151-214655ce1a56: receive RaftClientReply:client-C954105195FD->270584e6-a4a8-4db5-8151-214655ce1a56@group-787F5BA3AA67, cid=1366, SUCCESS, logIndex=0, commits[270584e6-a4a8-4db5-8151-214655ce1a56:c1929, af078b8b-61ec-497f-9506-472d46a72462:c1925, 09fb9ab4-1b8d-44c0-9f8c-50855c6f1fed:c1925]
2019-08-21 12:28:00,347 | INFO  | DNAudit | user=null | ip=null | op=WRITE_CHUNK {blockData=conID: 1 locID: 102654966518645216 bcsId: 0} | ret=SUCCESS |  
2019-08-21 12:28:00,348 | INFO  | DNAudit | user=null | ip=null | op=PUT_BLOCK {blockData=[blockId=conID: 1 locID: 102654966518645216 bcsId: 0,size=2097152]} | ret=SUCCESS |  
2019-08-21 12:28:00,354 | INFO  | DNAudit | user=null | ip=null | op=WRITE_CHUNK {blockData=conID: 1 locID: 102654966518645216 bcsId: 1927} | ret=SUCCESS |  
2019-08-21 12:28:00,356 | INFO  | DNAudit | user=null | ip=null | op=WRITE_CHUNK {blockData=conID: 1 locID: 102654966518645216 bcsId: 1927} | ret=SUCCESS |  
2019-08-21 12:28:00,356 | INFO  | DNAudit | user=null | ip=null | op=WRITE_CHUNK {blockData=conID: 1 locID: 102654966518645216 bcsId: 1927} | ret=SUCCESS |  
2019-08-21 12:28:00,372 | INFO  | DNAudit | user=null | ip=null | op=WRITE_CHUNK {blockData=conID: 1 locID: 102654966518645216 bcsId: 1927} | ret=SUCCESS |  
2019-08-21 12:28:00,372 | INFO  | DNAudit | user=null | ip=null | op=PUT_BLOCK {blockData=[blockId=conID: 1 locID: 102654966518645216 bcsId: 0,size=3145728]} | ret=SUCCESS |  
2019-08-21 12:28:00,372 | INFO  | SCMAudit | user=jenkins1000 | ip=192.168.34.23 | op=SEND_HEARTBEAT {datanodeUUID=270584e6-a4a8-4db5-8151-214655ce1a56, command=[]} | ret=SUCCESS |  
2019-08-21 12:28:00,372 | INFO  | SCMAudit | user=jenkins1000 | ip=192.168.34.23 | op=SEND_HEARTBEAT {datanodeUUID=09fb9ab4-1b8d-44c0-9f8c-50855c6f1fed, command=[]} | ret=SUCCESS |  
2019-08-21 12:28:00,372 | INFO  | SCMAudit | user=jenkins1000 | ip=192.168.34.23 | op=SEND_HEARTBEAT {datanodeUUID=af078b8b-61ec-497f-9506-472d46a72462, command=[]} | ret=SUCCESS |  
2019-08-21 12:28:00,372 [grpc-default-executor-4] INFO  client.GrpcClientProtocolClient (GrpcClientProtocolClient.java:onNext(255)) - client-C954105195FD->270584e6-a4a8-4db5-8151-214655ce1a56: receive RaftClientReply:client-C954105195FD->270584e6-a4a8-4db5-8151-214655ce1a56@group-787F5BA3AA67, cid=1367, SUCCESS, logIndex=1932, commits[270584e6-a4a8-4db5-8151-214655ce1a56:c1933, af078b8b-61ec-497f-9506-472d46a72462:c1931, 09fb9ab4-1b8d-44c0-9f8c-50855c6f1fed:c1931]
2019-08-21 12:28:00,373 [grpc-default-executor-4] INFO  client.GrpcClientProtocolClient (GrpcClientProtocolClient.java:onNext(255)) - client-C954105195FD->270584e6-a4a8-4db5-8151-214655ce1a56: receive RaftClientReply:client-C954105195FD->270584e6-a4a8-4db5-8151-214655ce1a56@group-787F5BA3AA67, cid=1368, SUCCESS, logIndex=1933, commits[270584e6-a4a8-4db5-8151-214655ce1a56:c1933, af078b8b-61ec-497f-9506-472d46a72462:c1931, 09fb9ab4-1b8d-44c0-9f8c-50855c6f1fed:c1931]
2019-08-21 12:28:00,380 | INFO  | DNAudit | user=null | ip=null | op=WRITE_CHUNK {blockData=conID: 1 locID: 102654966518645216 bcsId: 1933} | ret=SUCCESS |  
2019-08-21 12:28:00,382 | INFO  | DNAudit | user=null | ip=null | op=WRITE_CHUNK {blockData=conID: 1 locID: 102654966518645216 bcsId: 1933} | ret=SUCCESS |  
2019-08-21 12:28:00,383 | INFO  | DNAudit | user=null | ip=null | op=WRITE_CHUNK {blockData=conID: 1 locID: 102654966518645216 bcsId: 1927} | ret=SUCCESS |  
2019-08-21 12:28:00,383 | INFO  | DNAudit | user=null | ip=null | op=WRITE_CHUNK {blockData=conID: 1 locID: 102654966518645216 bcsId: 1927} | ret=SUCCESS |  
2019-08-21 12:28:00,383 | INFO  | DNAudit | user=null | ip=null | op=WRITE_CHUNK {blockData=conID: 1 locID: 102654966518645216 bcsId: 1933} | ret=SUCCESS |  
2019-08-21 12:28:00,384 | INFO  | DNAudit | user=null | ip=null | op=PUT_BLOCK {blockData=[blockId=conID: 1 locID: 102654966518645216 bcsId: 0,size=3145728]} | ret=SUCCESS |  
2019-08-21 12:28:00,385 | INFO  | DNAudit | user=null | ip=null | op=WRITE_CHUNK {blockData=conID: 1 locID: 102654966518645216 bcsId: 1933} | ret=SUCCESS |  
2019-08-21 12:28:00,385 | INFO  | DNAudit | user=null | ip=null | op=PUT_BLOCK {blockData=[blockId=conID: 1 locID: 102654966518645216 bcsId: 0,size=3145728]} | ret=SUCCESS |  
2019-08-21 12:28:00,385 | INFO  | DNAudit | user=null | ip=null | op=PUT_BLOCK {blockData=[blockId=conID: 1 locID: 102654966518645216 bcsId: 0,size=4194304]} | ret=SUCCESS |  
2019-08-21 12:28:00,385 [grpc-default-executor-1] INFO  client.GrpcClientProtocolClient (GrpcClientProtocolClient.java:onNext(255)) - client-C954105195FD->270584e6-a4a8-4db5-8151-214655ce1a56: receive RaftClientReply:client-C954105195FD->270584e6-a4a8-4db5-8151-214655ce1a56@group-787F5BA3AA67, cid=1369, SUCCESS, logIndex=1936, commits[270584e6-a4a8-4db5-8151-214655ce1a56:c1937, af078b8b-61ec-497f-9506-472d46a72462:c1933, 09fb9ab4-1b8d-44c0-9f8c-50855c6f1fed:c1932]
2019-08-21 12:28:00,386 [grpc-default-executor-1] INFO  client.GrpcClientProtocolClient (GrpcClientProtocolClient.java:onNext(255)) - client-C954105195FD->270584e6-a4a8-4db5-8151-214655ce1a56: receive RaftClientReply:client-C954105195FD->270584e6-a4a8-4db5-8151-214655ce1a56@group-787F5BA3AA67, cid=1370, SUCCESS, logIndex=1937, commits[270584e6-a4a8-4db5-8151-214655ce1a56:c1937, af078b8b-61ec-497f-9506-472d46a72462:c1933, 09fb9ab4-1b8d-44c0-9f8c-50855c6f1fed:c1933]
2019-08-21 12:28:00,386 | INFO  | DNAudit | user=null | ip=null | op=WRITE_CHUNK {blockData=conID: 1 locID: 102654966518645216 bcsId: 1933} | ret=SUCCESS |  
2019-08-21 12:28:00,387 | INFO  | DNAudit | user=null | ip=null | op=WRITE_CHUNK {blockData=conID: 1 locID: 102654966518645216 bcsId: 1933} | ret=SUCCESS |  
2019-08-21 12:28:00,387 | INFO  | DNAudit | user=null | ip=null | op=PUT_BLOCK {blockData=[blockId=conID: 1 locID: 102654966518645216 bcsId: 0,size=4194304]} | ret=SUCCESS |  
2019-08-21 12:28:00,388 | INFO  | DNAudit | user=null | ip=null | op=PUT_BLOCK {blockData=[blockId=conID: 1 locID: 102654966518645216 bcsId: 0,size=4194304]} | ret=SUCCESS |  
2019-08-21 12:28:00,388 [grpc-default-executor-1] INFO  client.GrpcClientProtocolClient (GrpcClientProtocolClient.java:onNext(255)) - client-C954105195FD->270584e6-a4a8-4db5-8151-214655ce1a56: receive RaftClientReply:client-C954105195FD->270584e6-a4a8-4db5-8151-214655ce1a56@group-787F5BA3AA67, cid=1371, SUCCESS, logIndex=0, commits[270584e6-a4a8-4db5-8151-214655ce1a56:c1939, af078b8b-61ec-497f-9506-472d46a72462:c1937, 09fb9ab4-1b8d-44c0-9f8c-50855c6f1fed:c1937]
2019-08-21 12:28:00,392 | INFO  | SCMAudit | user=jenkins1000 | ip=192.168.34.23 | op=ALLOCATE_BLOCK {owner=b79f83c9-5f7d-4caf-af30-78af34bc5eea, size=4194304, type=RATIS, factor=THREE} | ret=SUCCESS |  
2019-08-21 12:28:00,394 | INFO  | OMAudit | user=jenkins1000 | ip=127.0.0.1 | op=ALLOCATE_BLOCK {volume=vol-0-06517, bucket=bucket-0-64549, key=key-0-34512, dataSize=0, replicationType=null, replicationFactor=null, keyLocationInfo=null, clientID=102654965997830546} | ret=SUCCESS |  
2019-08-21 12:28:00,401 | INFO  | DNAudit | user=null | ip=null | op=WRITE_CHUNK {blockData=conID: 2 locID: 102654966522970593 bcsId: 0} | ret=SUCCESS |  
2019-08-21 12:28:00,404 | INFO  | DNAudit | user=null | ip=null | op=WRITE_CHUNK {blockData=conID: 2 locID: 102654966522970593 bcsId: 0} | ret=SUCCESS |  
2019-08-21 12:28:00,404 | INFO  | DNAudit | user=null | ip=null | op=WRITE_CHUNK {blockData=conID: 2 locID: 102654966522970593 bcsId: 0} | ret=SUCCESS |  
2019-08-21 12:28:00,405 | INFO  | DNAudit | user=null | ip=null | op=WRITE_CHUNK {blockData=conID: 2 locID: 102654966522970593 bcsId: 0} | ret=SUCCESS |  
2019-08-21 12:28:00,407 | INFO  | DNAudit | user=null | ip=null | op=WRITE_CHUNK {blockData=conID: 2 locID: 102654966522970593 bcsId: 0} | ret=SUCCESS |  
2019-08-21 12:28:00,407 | INFO  | DNAudit | user=null | ip=null | op=WRITE_CHUNK {blockData=conID: 2 locID: 102654966522970593 bcsId: 0} | ret=SUCCESS |  
2019-08-21 12:28:00,415 | INFO  | DNAudit | user=null | ip=null | op=WRITE_CHUNK {blockData=conID: 2 locID: 102654966522970593 bcsId: 0} | ret=SUCCESS |  
2019-08-21 12:28:00,415 | INFO  | DNAudit | user=null | ip=null | op=PUT_BLOCK {blockData=[blockId=conID: 2 locID: 102654966522970593 bcsId: 0,size=1048576]} | ret=SUCCESS |  
2019-08-21 12:28:00,415 | INFO  | DNAudit | user=null | ip=null | op=WRITE_CHUNK {blockData=conID: 2 locID: 102654966522970593 bcsId: 0} | ret=SUCCESS |  
2019-08-21 12:28:00,415 [grpc-default-executor-1] INFO  client.GrpcClientProtocolClient (GrpcClientProtocolClient.java:onNext(255)) - client-C954105195FD->270584e6-a4a8-4db5-8151-214655ce1a56: receive RaftClientReply:client-C954105195FD->270584e6-a4a8-4db5-8151-214655ce1a56@group-787F5BA3AA67, cid=1372, SUCCESS, logIndex=1940, commits[270584e6-a4a8-4db5-8151-214655ce1a56:c1943, af078b8b-61ec-497f-9506-472d46a72462:c1939, 09fb9ab4-1b8d-44c0-9f8c-50855c6f1fed:c1939]
2019-08-21 12:28:00,416 | INFO  | DNAudit | user=null | ip=null | op=PUT_BLOCK {blockData=[blockId=conID: 2 locID: 102654966522970593 bcsId: 0,size=2097152]} | ret=SUCCESS |  
2019-08-21 12:28:00,416 [grpc-default-executor-1] INFO  client.GrpcClientProtocolClient (GrpcClientProtocolClient.java:onNext(255)) - client-C954105195FD->270584e6-a4a8-4db5-8151-214655ce1a56: receive RaftClientReply:client-C954105195FD->270584e6-a4a8-4db5-8151-214655ce1a56@group-787F5BA3AA67, cid=1373, SUCCESS, logIndex=1941, commits[270584e6-a4a8-4db5-8151-214655ce1a56:c1943, af078b8b-61ec-497f-9506-472d46a72462:c1939, 09fb9ab4-1b8d-44c0-9f8c-50855c6f1fed:c1939]
2019-08-21 12:28:00,416 [grpc-default-executor-1] INFO  client.GrpcClientProtocolClient (GrpcClientProtocolClient.java:onNext(255)) - client-C954105195FD->270584e6-a4a8-4db5-8151-214655ce1a56: receive RaftClientReply:client-C954105195FD->270584e6-a4a8-4db5-8151-214655ce1a56@group-787F5BA3AA67, cid=1374, SUCCESS, logIndex=1942, commits[270584e6-a4a8-4db5-8151-214655ce1a56:c1943, af078b8b-61ec-497f-9506-472d46a72462:c1939, 09fb9ab4-1b8d-44c0-9f8c-50855c6f1fed:c1939]
2019-08-21 12:28:00,416 [grpc-default-executor-1] INFO  client.GrpcClientProtocolClient (GrpcClientProtocolClient.java:onNext(255)) - client-C954105195FD->270584e6-a4a8-4db5-8151-214655ce1a56: receive RaftClientReply:client-C954105195FD->270584e6-a4a8-4db5-8151-214655ce1a56@group-787F5BA3AA67, cid=1375, SUCCESS, logIndex=1943, commits[270584e6-a4a8-4db5-8151-214655ce1a56:c1943, af078b8b-61ec-497f-9506-472d46a72462:c1939, 09fb9ab4-1b8d-44c0-9f8c-50855c6f1fed:c1939]
2019-08-21 12:28:00,425 | INFO  | DNAudit | user=null | ip=null | op=WRITE_CHUNK {blockData=conID: 2 locID: 102654966522970593 bcsId: 0} | ret=SUCCESS |  
2019-08-21 12:28:00,426 | INFO  | DNAudit | user=null | ip=null | op=WRITE_CHUNK {blockData=conID: 2 locID: 102654966522970593 bcsId: 0} | ret=SUCCESS |  
2019-08-21 12:28:00,426 | INFO  | DNAudit | user=null | ip=null | op=PUT_BLOCK {blockData=[blockId=conID: 2 locID: 102654966522970593 bcsId: 0,size=1048576]} | ret=SUCCESS |  
2019-08-21 12:28:00,427 | INFO  | DNAudit | user=null | ip=null | op=WRITE_CHUNK {blockData=conID: 2 locID: 102654966522970593 bcsId: 0} | ret=SUCCESS |  
2019-08-21 12:28:00,427 | INFO  | DNAudit | user=null | ip=null | op=PUT_BLOCK {blockData=[blockId=conID: 2 locID: 102654966522970593 bcsId: 0,size=2097152]} | ret=SUCCESS |  
2019-08-21 12:28:00,427 | INFO  | DNAudit | user=null | ip=null | op=PUT_BLOCK {blockData=[blockId=conID: 2 locID: 102654966522970593 bcsId: 0,size=1048576]} | ret=SUCCESS |  
2019-08-21 12:28:00,427 | INFO  | DNAudit | user=null | ip=null | op=WRITE_CHUNK {blockData=conID: 2 locID: 102654966522970593 bcsId: 0} | ret=SUCCESS |  
2019-08-21 12:28:00,428 | INFO  | DNAudit | user=null | ip=null | op=PUT_BLOCK {blockData=[blockId=conID: 2 locID: 102654966522970593 bcsId: 0,size=2097152]} | ret=SUCCESS |  
2019-08-21 12:28:00,428 [grpc-default-executor-1] INFO  client.GrpcClientProtocolClient (GrpcClientProtocolClient.java:onNext(255)) - client-C954105195FD->270584e6-a4a8-4db5-8151-214655ce1a56: receive RaftClientReply:client-C954105195FD->270584e6-a4a8-4db5-8151-214655ce1a56@group-787F5BA3AA67, cid=1376, SUCCESS, logIndex=0, commits[270584e6-a4a8-4db5-8151-214655ce1a56:c1947, af078b8b-61ec-497f-9506-472d46a72462:c1941, 09fb9ab4-1b8d-44c0-9f8c-50855c6f1fed:c1943]
2019-08-21 12:28:00,434 | INFO  | DNAudit | user=null | ip=null | op=WRITE_CHUNK {blockData=conID: 2 locID: 102654966522970593 bcsId: 1943} | ret=SUCCESS |  
2019-08-21 12:28:00,436 | INFO  | DNAudit | user=null | ip=null | op=WRITE_CHUNK {blockData=conID: 2 locID: 102654966522970593 bcsId: 1943} | ret=SUCCESS |  
2019-08-21 12:28:00,437 | INFO  | DNAudit | user=null | ip=null | op=WRITE_CHUNK {blockData=conID: 2 locID: 102654966522970593 bcsId: 1943} | ret=SUCCESS |  
2019-08-21 12:28:00,446 | INFO  | DNAudit | user=null | ip=null | op=WRITE_CHUNK {blockData=conID: 2 locID: 102654966522970593 bcsId: 1943} | ret=SUCCESS |  
2019-08-21 12:28:00,447 | INFO  | DNAudit | user=null | ip=null | op=PUT_BLOCK {blockData=[blockId=conID: 2 locID: 102654966522970593 bcsId: 0,size=3145728]} | ret=SUCCESS |  
2019-08-21 12:28:00,447 [grpc-default-executor-4] INFO  client.GrpcClientProtocolClient (GrpcClientProtocolClient.java:onNext(255)) - client-C954105195FD->270584e6-a4a8-4db5-8151-214655ce1a56: receive RaftClientReply:client-C954105195FD->270584e6-a4a8-4db5-8151-214655ce1a56@group-787F5BA3AA67, cid=1377, SUCCESS, logIndex=1948, commits[270584e6-a4a8-4db5-8151-214655ce1a56:c1949, af078b8b-61ec-497f-9506-472d46a72462:c1947, 09fb9ab4-1b8d-44c0-9f8c-50855c6f1fed:c1947]
2019-08-21 12:28:00,447 [grpc-default-executor-4] INFO  client.GrpcClientProtocolClient (GrpcClientProtocolClient.java:onNext(255)) - client-C954105195FD->270584e6-a4a8-4db5-8151-214655ce1a56: receive RaftClientReply:client-C954105195FD->270584e6-a4a8-4db5-8151-214655ce1a56@group-787F5BA3AA67, cid=1378, SUCCESS, logIndex=1949, commits[270584e6-a4a8-4db5-8151-214655ce1a56:c1949, af078b8b-61ec-497f-9506-472d46a72462:c1947, 09fb9ab4-1b8d-44c0-9f8c-50855c6f1fed:c1947]
2019-08-21 12:28:00,453 | INFO  | DNAudit | user=null | ip=null | op=WRITE_CHUNK {blockData=conID: 2 locID: 102654966522970593 bcsId: 1949} | ret=SUCCESS |  
2019-08-21 12:28:00,456 | INFO  | DNAudit | user=null | ip=null | op=WRITE_CHUNK {blockData=conID: 2 locID: 102654966522970593 bcsId: 1949} | ret=SUCCESS |  
2019-08-21 12:28:00,456 | INFO  | DNAudit | user=null | ip=null | op=WRITE_CHUNK {blockData=conID: 2 locID: 102654966522970593 bcsId: 1949} | ret=SUCCESS |  
2019-08-21 12:28:00,457 | INFO  | DNAudit | user=null | ip=null | op=WRITE_CHUNK {blockData=conID: 2 locID: 102654966522970593 bcsId: 1943} | ret=SUCCESS |  
2019-08-21 12:28:00,458 | INFO  | DNAudit | user=null | ip=null | op=WRITE_CHUNK {blockData=conID: 2 locID: 102654966522970593 bcsId: 1943} | ret=SUCCESS |  
2019-08-21 12:28:00,458 | INFO  | DNAudit | user=null | ip=null | op=PUT_BLOCK {blockData=[blockId=conID: 2 locID: 102654966522970593 bcsId: 0,size=3145728]} | ret=SUCCESS |  
2019-08-21 12:28:00,458 | INFO  | DNAudit | user=null | ip=null | op=PUT_BLOCK {blockData=[blockId=conID: 2 locID: 102654966522970593 bcsId: 0,size=3145728]} | ret=SUCCESS |  
2019-08-21 12:28:00,459 | INFO  | DNAudit | user=null | ip=null | op=WRITE_CHUNK {blockData=conID: 2 locID: 102654966522970593 bcsId: 1949} | ret=SUCCESS |  
2019-08-21 12:28:00,460 | INFO  | DNAudit | user=null | ip=null | op=PUT_BLOCK {blockData=[blockId=conID: 2 locID: 102654966522970593 bcsId: 0,size=4194304]} | ret=SUCCESS |  
2019-08-21 12:28:00,460 [grpc-default-executor-1] INFO  client.GrpcClientProtocolClient (GrpcClientProtocolClient.java:onNext(255)) - client-C954105195FD->270584e6-a4a8-4db5-8151-214655ce1a56: receive RaftClientReply:client-C954105195FD->270584e6-a4a8-4db5-8151-214655ce1a56@group-787F5BA3AA67, cid=1379, SUCCESS, logIndex=1952, commits[270584e6-a4a8-4db5-8151-214655ce1a56:c1953, af078b8b-61ec-497f-9506-472d46a72462:c1949, 09fb9ab4-1b8d-44c0-9f8c-50855c6f1fed:c1949]
2019-08-21 12:28:00,460 [grpc-default-executor-1] INFO  client.GrpcClientProtocolClient (GrpcClientProtocolClient.java:onNext(255)) - client-C954105195FD->270584e6-a4a8-4db5-8151-214655ce1a56: receive RaftClientReply:client-C954105195FD->270584e6-a4a8-4db5-8151-214655ce1a56@group-787F5BA3AA67, cid=1380, SUCCESS, logIndex=1953, commits[270584e6-a4a8-4db5-8151-214655ce1a56:c1953, af078b8b-61ec-497f-9506-472d46a72462:c1949, 09fb9ab4-1b8d-44c0-9f8c-50855c6f1fed:c1949]
2019-08-21 12:28:00,472 | INFO  | DNAudit | user=null | ip=null | op=WRITE_CHUNK {blockData=conID: 2 locID: 102654966522970593 bcsId: 1949} | ret=SUCCESS |  
2019-08-21 12:28:00,472 | INFO  | DNAudit | user=null | ip=null | op=WRITE_CHUNK {blockData=conID: 2 locID: 102654966522970593 bcsId: 1949} | ret=SUCCESS |  
2019-08-21 12:28:00,473 | INFO  | DNAudit | user=null | ip=null | op=PUT_BLOCK {blockData=[blockId=conID: 2 locID: 102654966522970593 bcsId: 0,size=4194304]} | ret=SUCCESS |  
2019-08-21 12:28:00,473 | INFO  | DNAudit | user=null | ip=null | op=PUT_BLOCK {blockData=[blockId=conID: 2 locID: 102654966522970593 bcsId: 0,size=4194304]} | ret=SUCCESS |  
2019-08-21 12:28:00,474 [grpc-default-executor-5] INFO  client.GrpcClientProtocolClient (GrpcClientProtocolClient.java:onNext(255)) - client-C954105195FD->270584e6-a4a8-4db5-8151-214655ce1a56: receive RaftClientReply:client-C954105195FD->270584e6-a4a8-4db5-8151-214655ce1a56@group-787F5BA3AA67, cid=1381, SUCCESS, logIndex=0, commits[270584e6-a4a8-4db5-8151-214655ce1a56:c1955, af078b8b-61ec-497f-9506-472d46a72462:c1953, 09fb9ab4-1b8d-44c0-9f8c-50855c6f1fed:c1953]
2019-08-21 12:28:00,478 | INFO  | SCMAudit | user=jenkins1000 | ip=192.168.34.23 | op=ALLOCATE_BLOCK {owner=b79f83c9-5f7d-4caf-af30-78af34bc5eea, size=4194304, type=RATIS, factor=THREE} | ret=SUCCESS |  
2019-08-21 12:28:00,481 | INFO  | OMAudit | user=jenkins1000 | ip=127.0.0.1 | op=ALLOCATE_BLOCK {volume=vol-0-06517, bucket=bucket-0-64549, key=key-0-34512, dataSize=0, replicationType=null, replicationFactor=null, keyLocationInfo=null, clientID=102654965997830546} | ret=SUCCESS |  
2019-08-21 12:28:00,488 | INFO  | DNAudit | user=null | ip=null | op=WRITE_CHUNK {blockData=conID: 3 locID: 102654966528606690 bcsId: 0} | ret=SUCCESS |  
2019-08-21 12:28:00,490 | INFO  | DNAudit | user=null | ip=null | op=WRITE_CHUNK {blockData=conID: 3 locID: 102654966528606690 bcsId: 0} | ret=SUCCESS |  
2019-08-21 12:28:00,491 | INFO  | DNAudit | user=null | ip=null | op=WRITE_CHUNK {blockData=conID: 3 locID: 102654966528606690 bcsId: 0} | ret=SUCCESS |  
2019-08-21 12:28:00,491 | INFO  | DNAudit | user=null | ip=null | op=WRITE_CHUNK {blockData=conID: 3 locID: 102654966528606690 bcsId: 0} | ret=SUCCESS |  
2019-08-21 12:28:00,493 | INFO  | DNAudit | user=null | ip=null | op=WRITE_CHUNK {blockData=conID: 3 locID: 102654966528606690 bcsId: 0} | ret=SUCCESS |  
2019-08-21 12:28:00,493 | INFO  | DNAudit | user=null | ip=null | op=WRITE_CHUNK {blockData=conID: 3 locID: 102654966528606690 bcsId: 0} | ret=SUCCESS |  
2019-08-21 12:28:00,500 | INFO  | DNAudit | user=null | ip=null | op=WRITE_CHUNK {blockData=conID: 3 locID: 102654966528606690 bcsId: 0} | ret=SUCCESS |  
2019-08-21 12:28:00,501 | INFO  | DNAudit | user=null | ip=null | op=PUT_BLOCK {blockData=[blockId=conID: 3 locID: 102654966528606690 bcsId: 0,size=1048576]} | ret=SUCCESS |  
2019-08-21 12:28:00,501 | INFO  | DNAudit | user=null | ip=null | op=WRITE_CHUNK {blockData=conID: 3 locID: 102654966528606690 bcsId: 0} | ret=SUCCESS |  
2019-08-21 12:28:00,501 [grpc-default-executor-2] INFO  client.GrpcClientProtocolClient (GrpcClientProtocolClient.java:onNext(255)) - client-C954105195FD->270584e6-a4a8-4db5-8151-214655ce1a56: receive RaftClientReply:client-C954105195FD->270584e6-a4a8-4db5-8151-214655ce1a56@group-787F5BA3AA67, cid=1382, SUCCESS, logIndex=1956, commits[270584e6-a4a8-4db5-8151-214655ce1a56:c1958, af078b8b-61ec-497f-9506-472d46a72462:c1955, 09fb9ab4-1b8d-44c0-9f8c-50855c6f1fed:c1955]
2019-08-21 12:28:00,501 [grpc-default-executor-2] INFO  client.GrpcClientProtocolClient (GrpcClientProtocolClient.java:onNext(255)) - client-C954105195FD->270584e6-a4a8-4db5-8151-214655ce1a56: receive RaftClientReply:client-C954105195FD->270584e6-a4a8-4db5-8151-214655ce1a56@group-787F5BA3AA67, cid=1383, SUCCESS, logIndex=1957, commits[270584e6-a4a8-4db5-8151-214655ce1a56:c1959, af078b8b-61ec-497f-9506-472d46a72462:c1955, 09fb9ab4-1b8d-44c0-9f8c-50855c6f1fed:c1955]
2019-08-21 12:28:00,502 | INFO  | DNAudit | user=null | ip=null | op=PUT_BLOCK {blockData=[blockId=conID: 3 locID: 102654966528606690 bcsId: 0,size=2097152]} | ret=SUCCESS |  
2019-08-21 12:28:00,502 | INFO  | DNAudit | user=null | ip=null | op=WRITE_CHUNK {blockData=conID: 3 locID: 102654966528606690 bcsId: 0} | ret=SUCCESS |  
2019-08-21 12:28:00,502 [grpc-default-executor-2] INFO  client.GrpcClientProtocolClient (GrpcClientProtocolClient.java:onNext(255)) - client-C954105195FD->270584e6-a4a8-4db5-8151-214655ce1a56: receive RaftClientReply:client-C954105195FD->270584e6-a4a8-4db5-8151-214655ce1a56@group-787F5BA3AA67, cid=1384, SUCCESS, logIndex=1958, commits[270584e6-a4a8-4db5-8151-214655ce1a56:c1959, af078b8b-61ec-497f-9506-472d46a72462:c1955, 09fb9ab4-1b8d-44c0-9f8c-50855c6f1fed:c1955]
2019-08-21 12:28:00,502 | INFO  | DNAudit | user=null | ip=null | op=WRITE_CHUNK {blockData=conID: 3 locID: 102654966528606690 bcsId: 0} | ret=SUCCESS |  
2019-08-21 12:28:00,502 [grpc-default-executor-2] INFO  client.GrpcClientProtocolClient (GrpcClientProtocolClient.java:onNext(255)) - client-C954105195FD->270584e6-a4a8-4db5-8151-214655ce1a56: receive RaftClientReply:client-C954105195FD->270584e6-a4a8-4db5-8151-214655ce1a56@group-787F5BA3AA67, cid=1385, SUCCESS, logIndex=1959, commits[270584e6-a4a8-4db5-8151-214655ce1a56:c1960, af078b8b-61ec-497f-9506-472d46a72462:c1955, 09fb9ab4-1b8d-44c0-9f8c-50855c6f1fed:c1956]
2019-08-21 12:28:00,503 | INFO  | DNAudit | user=null | ip=null | op=PUT_BLOCK {blockData=[blockId=conID: 3 locID: 102654966528606690 bcsId: 0,size=1048576]} | ret=SUCCESS |  
2019-08-21 12:28:00,503 | INFO  | DNAudit | user=null | ip=null | op=PUT_BLOCK {blockData=[blockId=conID: 3 locID: 102654966528606690 bcsId: 0,size=1048576]} | ret=SUCCESS |  
2019-08-21 12:28:00,503 | INFO  | DNAudit | user=null | ip=null | op=WRITE_CHUNK {blockData=conID: 3 locID: 102654966528606690 bcsId: 0} | ret=SUCCESS |  
2019-08-21 12:28:00,503 | INFO  | DNAudit | user=null | ip=null | op=WRITE_CHUNK {blockData=conID: 3 locID: 102654966528606690 bcsId: 0} | ret=SUCCESS |  
2019-08-21 12:28:00,504 | INFO  | DNAudit | user=null | ip=null | op=PUT_BLOCK {blockData=[blockId=conID: 3 locID: 102654966528606690 bcsId: 0,size=2097152]} | ret=SUCCESS |  
2019-08-21 12:28:00,504 [grpc-default-executor-5] INFO  client.GrpcClientProtocolClient (GrpcClientProtocolClient.java:onNext(255)) - client-C954105195FD->270584e6-a4a8-4db5-8151-214655ce1a56: receive RaftClientReply:client-C954105195FD->270584e6-a4a8-4db5-8151-214655ce1a56@group-787F5BA3AA67, cid=1386, SUCCESS, logIndex=0, commits[270584e6-a4a8-4db5-8151-214655ce1a56:c1961, af078b8b-61ec-497f-9506-472d46a72462:c1957, 09fb9ab4-1b8d-44c0-9f8c-50855c6f1fed:c1958]
2019-08-21 12:28:00,504 | INFO  | DNAudit | user=null | ip=null | op=PUT_BLOCK {blockData=[blockId=conID: 3 locID: 102654966528606690 bcsId: 0,size=2097152]} | ret=SUCCESS |  
2019-08-21 12:28:00,510 | INFO  | DNAudit | user=null | ip=null | op=WRITE_CHUNK {blockData=conID: 3 locID: 102654966528606690 bcsId: 1959} | ret=SUCCESS |  
2019-08-21 12:28:00,512 | INFO  | DNAudit | user=null | ip=null | op=WRITE_CHUNK {blockData=conID: 3 locID: 102654966528606690 bcsId: 1959} | ret=SUCCESS |  
2019-08-21 12:28:00,512 | INFO  | DNAudit | user=null | ip=null | op=WRITE_CHUNK {blockData=conID: 3 locID: 102654966528606690 bcsId: 1959} | ret=SUCCESS |  
2019-08-21 12:28:00,523 | INFO  | DNAudit | user=null | ip=null | op=WRITE_CHUNK {blockData=conID: 3 locID: 102654966528606690 bcsId: 1959} | ret=SUCCESS |  
2019-08-21 12:28:00,524 | INFO  | DNAudit | user=null | ip=null | op=PUT_BLOCK {blockData=[blockId=conID: 3 locID: 102654966528606690 bcsId: 0,size=3145728]} | ret=SUCCESS |  
2019-08-21 12:28:00,524 [grpc-default-executor-5] INFO  client.GrpcClientProtocolClient (GrpcClientProtocolClient.java:onNext(255)) - client-C954105195FD->270584e6-a4a8-4db5-8151-214655ce1a56: receive RaftClientReply:client-C954105195FD->270584e6-a4a8-4db5-8151-214655ce1a56@group-787F5BA3AA67, cid=1387, SUCCESS, logIndex=1964, commits[270584e6-a4a8-4db5-8151-214655ce1a56:c1965, af078b8b-61ec-497f-9506-472d46a72462:c1963, 09fb9ab4-1b8d-44c0-9f8c-50855c6f1fed:c1963]
2019-08-21 12:28:00,524 [grpc-default-executor-5] INFO  client.GrpcClientProtocolClient (GrpcClientProtocolClient.java:onNext(255)) - client-C954105195FD->270584e6-a4a8-4db5-8151-214655ce1a56: receive RaftClientReply:client-C954105195FD->270584e6-a4a8-4db5-8151-214655ce1a56@group-787F5BA3AA67, cid=1388, SUCCESS, logIndex=1965, commits[270584e6-a4a8-4db5-8151-214655ce1a56:c1965, af078b8b-61ec-497f-9506-472d46a72462:c1963, 09fb9ab4-1b8d-44c0-9f8c-50855c6f1fed:c1963]
2019-08-21 12:28:00,531 | INFO  | DNAudit | user=null | ip=null | op=WRITE_CHUNK {blockData=conID: 3 locID: 102654966528606690 bcsId: 1965} | ret=SUCCESS |  
2019-08-21 12:28:00,534 | INFO  | DNAudit | user=null | ip=null | op=WRITE_CHUNK {blockData=conID: 3 locID: 102654966528606690 bcsId: 1965} | ret=SUCCESS |  
2019-08-21 12:28:00,534 | INFO  | DNAudit | user=null | ip=null | op=WRITE_CHUNK {blockData=conID: 3 locID: 102654966528606690 bcsId: 1965} | ret=SUCCESS |  
2019-08-21 12:28:00,535 | INFO  | DNAudit | user=null | ip=null | op=WRITE_CHUNK {blockData=conID: 3 locID: 102654966528606690 bcsId: 1959} | ret=SUCCESS |  
2019-08-21 12:28:00,535 | INFO  | DNAudit | user=null | ip=null | op=WRITE_CHUNK {blockData=conID: 3 locID: 102654966528606690 bcsId: 1959} | ret=SUCCESS |  
2019-08-21 12:28:00,536 | INFO  | DNAudit | user=null | ip=null | op=PUT_BLOCK {blockData=[blockId=conID: 3 locID: 102654966528606690 bcsId: 0,size=3145728]} | ret=SUCCESS |  
2019-08-21 12:28:00,536 | INFO  | DNAudit | user=null | ip=null | op=PUT_BLOCK {blockData=[blockId=conID: 3 locID: 102654966528606690 bcsId: 0,size=3145728]} | ret=SUCCESS |  
2019-08-21 12:28:00,538 | INFO  | DNAudit | user=null | ip=null | op=WRITE_CHUNK {blockData=conID: 3 locID: 102654966528606690 bcsId: 1965} | ret=SUCCESS |  
2019-08-21 12:28:00,539 | INFO  | DNAudit | user=null | ip=null | op=PUT_BLOCK {blockData=[blockId=conID: 3 locID: 102654966528606690 bcsId: 0,size=4194304]} | ret=SUCCESS |  
2019-08-21 12:28:00,539 [grpc-default-executor-5] INFO  client.GrpcClientProtocolClient (GrpcClientProtocolClient.java:onNext(255)) - client-C954105195FD->270584e6-a4a8-4db5-8151-214655ce1a56: receive RaftClientReply:client-C954105195FD->270584e6-a4a8-4db5-8151-214655ce1a56@group-787F5BA3AA67, cid=1389, SUCCESS, logIndex=1968, commits[270584e6-a4a8-4db5-8151-214655ce1a56:c1969, af078b8b-61ec-497f-9506-472d46a72462:c1965, 09fb9ab4-1b8d-44c0-9f8c-50855c6f1fed:c1965]
2019-08-21 12:28:00,539 [grpc-default-executor-5] INFO  client.GrpcClientProtocolClient (GrpcClientProtocolClient.java:onNext(255)) - client-C954105195FD->270584e6-a4a8-4db5-8151-214655ce1a56: receive RaftClientReply:client-C954105195FD->270584e6-a4a8-4db5-8151-214655ce1a56@group-787F5BA3AA67, cid=1390, SUCCESS, logIndex=1969, commits[270584e6-a4a8-4db5-8151-214655ce1a56:c1969, af078b8b-61ec-497f-9506-472d46a72462:c1965, 09fb9ab4-1b8d-44c0-9f8c-50855c6f1fed:c1965]
2019-08-21 12:28:00,550 | INFO  | DNAudit | user=null | ip=null | op=WRITE_CHUNK {blockData=conID: 3 locID: 102654966528606690 bcsId: 1965} | ret=SUCCESS |  
2019-08-21 12:28:00,550 | INFO  | DNAudit | user=null | ip=null | op=WRITE_CHUNK {blockData=conID: 3 locID: 102654966528606690 bcsId: 1965} | ret=SUCCESS |  
2019-08-21 12:28:00,552 | INFO  | DNAudit | user=null | ip=null | op=PUT_BLOCK {blockData=[blockId=conID: 3 locID: 102654966528606690 bcsId: 0,size=4194304]} | ret=SUCCESS |  
2019-08-21 12:28:00,552 | INFO  | DNAudit | user=null | ip=null | op=PUT_BLOCK {blockData=[blockId=conID: 3 locID: 102654966528606690 bcsId: 0,size=4194304]} | ret=SUCCESS |  
2019-08-21 12:28:00,553 [grpc-default-executor-2] INFO  client.GrpcClientProtocolClient (GrpcClientProtocolClient.java:onNext(255)) - client-C954105195FD->270584e6-a4a8-4db5-8151-214655ce1a56: receive RaftClientReply:client-C954105195FD->270584e6-a4a8-4db5-8151-214655ce1a56@group-787F5BA3AA67, cid=1391, SUCCESS, logIndex=0, commits[270584e6-a4a8-4db5-8151-214655ce1a56:c1971, af078b8b-61ec-497f-9506-472d46a72462:c1969, 09fb9ab4-1b8d-44c0-9f8c-50855c6f1fed:c1969]
2019-08-21 12:28:00,558 | INFO  | SCMAudit | user=jenkins1000 | ip=192.168.34.23 | op=ALLOCATE_BLOCK {owner=b79f83c9-5f7d-4caf-af30-78af34bc5eea, size=4194304, type=RATIS, factor=THREE} | ret=SUCCESS |  
2019-08-21 12:28:00,561 | INFO  | OMAudit | user=jenkins1000 | ip=127.0.0.1 | op=ALLOCATE_BLOCK {volume=vol-0-06517, bucket=bucket-0-64549, key=key-0-34512, dataSize=0, replicationType=null, replicationFactor=null, keyLocationInfo=null, clientID=102654965997830546} | ret=SUCCESS |  
2019-08-21 12:28:00,567 | INFO  | DNAudit | user=null | ip=null | op=WRITE_CHUNK {blockData=conID: 1 locID: 102654966533849571 bcsId: 0} | ret=SUCCESS |  
2019-08-21 12:28:00,569 | INFO  | DNAudit | user=null | ip=null | op=WRITE_CHUNK {blockData=conID: 1 locID: 102654966533849571 bcsId: 0} | ret=SUCCESS |  
2019-08-21 12:28:00,570 | INFO  | DNAudit | user=null | ip=null | op=WRITE_CHUNK {blockData=conID: 1 locID: 102654966533849571 bcsId: 0} | ret=SUCCESS |  
2019-08-21 12:28:00,570 | INFO  | DNAudit | user=null | ip=null | op=WRITE_CHUNK {blockData=conID: 1 locID: 102654966533849571 bcsId: 0} | ret=SUCCESS |  
2019-08-21 12:28:00,571 | INFO  | DNAudit | user=null | ip=null | op=WRITE_CHUNK {blockData=conID: 1 locID: 102654966533849571 bcsId: 0} | ret=SUCCESS |  
2019-08-21 12:28:00,571 | INFO  | DNAudit | user=null | ip=null | op=WRITE_CHUNK {blockData=conID: 1 locID: 102654966533849571 bcsId: 0} | ret=SUCCESS |  
 0.00% |█                                                                                                    |  0/1 Time: 0:00:082019-08-21 12:28:00,582 | INFO  | DNAudit | user=null | ip=null | op=WRITE_CHUNK {blockData=conID: 1 locID: 102654966533849571 bcsId: 0} | ret=SUCCESS |  
2019-08-21 12:28:00,582 | INFO  | DNAudit | user=null | ip=null | op=PUT_BLOCK {blockData=[blockId=conID: 1 locID: 102654966533849571 bcsId: 0,size=1048576]} | ret=SUCCESS |  
2019-08-21 12:28:00,583 | INFO  | DNAudit | user=null | ip=null | op=WRITE_CHUNK {blockData=conID: 1 locID: 102654966533849571 bcsId: 0} | ret=SUCCESS |  
2019-08-21 12:28:00,583 [grpc-default-executor-4] INFO  client.GrpcClientProtocolClient (GrpcClientProtocolClient.java:onNext(255)) - client-C954105195FD->270584e6-a4a8-4db5-8151-214655ce1a56: receive RaftClientReply:client-C954105195FD->270584e6-a4a8-4db5-8151-214655ce1a56@group-787F5BA3AA67, cid=1392, SUCCESS, logIndex=1972, commits[270584e6-a4a8-4db5-8151-214655ce1a56:c1975, af078b8b-61ec-497f-9506-472d46a72462:c1971, 09fb9ab4-1b8d-44c0-9f8c-50855c6f1fed:c1971]
2019-08-21 12:28:00,583 | INFO  | DNAudit | user=null | ip=null | op=PUT_BLOCK {blockData=[blockId=conID: 1 locID: 102654966533849571 bcsId: 0,size=2097152]} | ret=SUCCESS |  
2019-08-21 12:28:00,583 [grpc-default-executor-4] INFO  client.GrpcClientProtocolClient (GrpcClientProtocolClient.java:onNext(255)) - client-C954105195FD->270584e6-a4a8-4db5-8151-214655ce1a56: receive RaftClientReply:client-C954105195FD->270584e6-a4a8-4db5-8151-214655ce1a56@group-787F5BA3AA67, cid=1393, SUCCESS, logIndex=1973, commits[270584e6-a4a8-4db5-8151-214655ce1a56:c1975, af078b8b-61ec-497f-9506-472d46a72462:c1971, 09fb9ab4-1b8d-44c0-9f8c-50855c6f1fed:c1971]
2019-08-21 12:28:00,583 [grpc-default-executor-4] INFO  client.GrpcClientProtocolClient (GrpcClientProtocolClient.java:onNext(255)) - client-C954105195FD->270584e6-a4a8-4db5-8151-214655ce1a56: receive RaftClientReply:client-C954105195FD->270584e6-a4a8-4db5-8151-214655ce1a56@group-787F5BA3AA67, cid=1394, SUCCESS, logIndex=1974, commits[270584e6-a4a8-4db5-8151-214655ce1a56:c1975, af078b8b-61ec-497f-9506-472d46a72462:c1971, 09fb9ab4-1b8d-44c0-9f8c-50855c6f1fed:c1971]
2019-08-21 12:28:00,583 | INFO  | DNAudit | user=null | ip=null | op=WRITE_CHUNK {blockData=conID: 1 locID: 102654966533849571 bcsId: 0} | ret=SUCCESS |  
2019-08-21 12:28:00,583 [grpc-default-executor-4] INFO  client.GrpcClientProtocolClient (GrpcClientProtocolClient.java:onNext(255)) - client-C954105195FD->270584e6-a4a8-4db5-8151-214655ce1a56: receive RaftClientReply:client-C954105195FD->270584e6-a4a8-4db5-8151-214655ce1a56@group-787F5BA3AA67, cid=1395, SUCCESS, logIndex=1975, commits[270584e6-a4a8-4db5-8151-214655ce1a56:c1975, af078b8b-61ec-497f-9506-472d46a72462:c1971, 09fb9ab4-1b8d-44c0-9f8c-50855c6f1fed:c1971]
2019-08-21 12:28:00,584 | INFO  | DNAudit | user=null | ip=null | op=WRITE_CHUNK {blockData=conID: 1 locID: 102654966533849571 bcsId: 0} | ret=SUCCESS |  
2019-08-21 12:28:00,584 | INFO  | DNAudit | user=null | ip=null | op=PUT_BLOCK {blockData=[blockId=conID: 1 locID: 102654966533849571 bcsId: 0,size=1048576]} | ret=SUCCESS |  
2019-08-21 12:28:00,584 | INFO  | DNAudit | user=null | ip=null | op=PUT_BLOCK {blockData=[blockId=conID: 1 locID: 102654966533849571 bcsId: 0,size=1048576]} | ret=SUCCESS |  
2019-08-21 12:28:00,584 [grpc-default-executor-4] INFO  client.GrpcClientProtocolClient (GrpcClientProtocolClient.java:onNext(255)) - client-C954105195FD->270584e6-a4a8-4db5-8151-214655ce1a56: receive RaftClientReply:client-C954105195FD->270584e6-a4a8-4db5-8151-214655ce1a56@group-787F5BA3AA67, cid=1396, SUCCESS, logIndex=0, commits[270584e6-a4a8-4db5-8151-214655ce1a56:c1976, af078b8b-61ec-497f-9506-472d46a72462:c1973, 09fb9ab4-1b8d-44c0-9f8c-50855c6f1fed:c1973]
2019-08-21 12:28:00,586 | INFO  | DNAudit | user=null | ip=null | op=WRITE_CHUNK {blockData=conID: 1 locID: 102654966533849571 bcsId: 0} | ret=SUCCESS |  
2019-08-21 12:28:00,587 | INFO  | DNAudit | user=null | ip=null | op=PUT_BLOCK {blockData=[blockId=conID: 1 locID: 102654966533849571 bcsId: 0,size=2097152]} | ret=SUCCESS |  
2019-08-21 12:28:00,587 | INFO  | DNAudit | user=null | ip=null | op=WRITE_CHUNK {blockData=conID: 1 locID: 102654966533849571 bcsId: 0} | ret=SUCCESS |  
2019-08-21 12:28:00,587 | INFO  | DNAudit | user=null | ip=null | op=PUT_BLOCK {blockData=[blockId=conID: 1 locID: 102654966533849571 bcsId: 0,size=2097152]} | ret=SUCCESS |  
2019-08-21 12:28:00,591 | INFO  | DNAudit | user=null | ip=null | op=WRITE_CHUNK {blockData=conID: 1 locID: 102654966533849571 bcsId: 1975} | ret=SUCCESS |  
2019-08-21 12:28:00,679 | INFO  | DNAudit | user=null | ip=null | op=WRITE_CHUNK {blockData=conID: 1 locID: 102654966533849571 bcsId: 1975} | ret=SUCCESS |  
2019-08-21 12:28:00,681 | INFO  | DNAudit | user=null | ip=null | op=WRITE_CHUNK {blockData=conID: 1 locID: 102654966533849571 bcsId: 1975} | ret=SUCCESS |  
2019-08-21 12:28:00,690 | INFO  | DNAudit | user=null | ip=null | op=WRITE_CHUNK {blockData=conID: 1 locID: 102654966533849571 bcsId: 1975} | ret=SUCCESS |  
2019-08-21 12:28:00,691 | INFO  | DNAudit | user=null | ip=null | op=PUT_BLOCK {blockData=[blockId=conID: 1 locID: 102654966533849571 bcsId: 0,size=3145728]} | ret=SUCCESS |  
2019-08-21 12:28:00,691 [grpc-default-executor-1] INFO  client.GrpcClientProtocolClient (GrpcClientProtocolClient.java:onNext(255)) - client-C954105195FD->270584e6-a4a8-4db5-8151-214655ce1a56: receive RaftClientReply:client-C954105195FD->270584e6-a4a8-4db5-8151-214655ce1a56@group-787F5BA3AA67, cid=1397, SUCCESS, logIndex=1980, commits[270584e6-a4a8-4db5-8151-214655ce1a56:c1981, af078b8b-61ec-497f-9506-472d46a72462:c1979, 09fb9ab4-1b8d-44c0-9f8c-50855c6f1fed:c1979]
2019-08-21 12:28:00,691 [grpc-default-executor-1] INFO  client.GrpcClientProtocolClient (GrpcClientProtocolClient.java:onNext(255)) - client-C954105195FD->270584e6-a4a8-4db5-8151-214655ce1a56: receive RaftClientReply:client-C954105195FD->270584e6-a4a8-4db5-8151-214655ce1a56@group-787F5BA3AA67, cid=1398, SUCCESS, logIndex=1981, commits[270584e6-a4a8-4db5-8151-214655ce1a56:c1981, af078b8b-61ec-497f-9506-472d46a72462:c1979, 09fb9ab4-1b8d-44c0-9f8c-50855c6f1fed:c1979]
2019-08-21 12:28:00,699 | INFO  | DNAudit | user=null | ip=null | op=WRITE_CHUNK {blockData=conID: 1 locID: 102654966533849571 bcsId: 1981} | ret=SUCCESS |  
2019-08-21 12:28:00,701 | INFO  | DNAudit | user=null | ip=null | op=WRITE_CHUNK {blockData=conID: 1 locID: 102654966533849571 bcsId: 1975} | ret=SUCCESS |  
2019-08-21 12:28:00,701 | INFO  | DNAudit | user=null | ip=null | op=WRITE_CHUNK {blockData=conID: 1 locID: 102654966533849571 bcsId: 1975} | ret=SUCCESS |  
2019-08-21 12:28:00,703 | INFO  | DNAudit | user=null | ip=null | op=WRITE_CHUNK {blockData=conID: 1 locID: 102654966533849571 bcsId: 1981} | ret=SUCCESS |  
2019-08-21 12:28:00,703 | INFO  | DNAudit | user=null | ip=null | op=WRITE_CHUNK {blockData=conID: 1 locID: 102654966533849571 bcsId: 1981} | ret=SUCCESS |  
2019-08-21 12:28:00,715 | INFO  | DNAudit | user=null | ip=null | op=PUT_BLOCK {blockData=[blockId=conID: 1 locID: 102654966533849571 bcsId: 0,size=3145728]} | ret=SUCCESS |  
2019-08-21 12:28:00,715 | INFO  | DNAudit | user=null | ip=null | op=PUT_BLOCK {blockData=[blockId=conID: 1 locID: 102654966533849571 bcsId: 0,size=3145728]} | ret=SUCCESS |  
2019-08-21 12:28:00,715 | INFO  | DNAudit | user=null | ip=null | op=WRITE_CHUNK {blockData=conID: 1 locID: 102654966533849571 bcsId: 1981} | ret=SUCCESS |  
2019-08-21 12:28:00,716 | INFO  | DNAudit | user=null | ip=null | op=PUT_BLOCK {blockData=[blockId=conID: 1 locID: 102654966533849571 bcsId: 0,size=4194304]} | ret=SUCCESS |  
2019-08-21 12:28:00,716 [grpc-default-executor-4] INFO  client.GrpcClientProtocolClient (GrpcClientProtocolClient.java:onNext(255)) - client-C954105195FD->270584e6-a4a8-4db5-8151-214655ce1a56: receive RaftClientReply:client-C954105195FD->270584e6-a4a8-4db5-8151-214655ce1a56@group-787F5BA3AA67, cid=1399, SUCCESS, logIndex=1984, commits[270584e6-a4a8-4db5-8151-214655ce1a56:c1985, af078b8b-61ec-497f-9506-472d46a72462:c1981, 09fb9ab4-1b8d-44c0-9f8c-50855c6f1fed:c1981]
2019-08-21 12:28:00,716 | INFO  | DNAudit | user=null | ip=null | op=WRITE_CHUNK {blockData=conID: 1 locID: 102654966533849571 bcsId: 1981} | ret=SUCCESS |  
2019-08-21 12:28:00,716 [grpc-default-executor-4] INFO  client.GrpcClientProtocolClient (GrpcClientProtocolClient.java:onNext(255)) - client-C954105195FD->270584e6-a4a8-4db5-8151-214655ce1a56: receive RaftClientReply:client-C954105195FD->270584e6-a4a8-4db5-8151-214655ce1a56@group-787F5BA3AA67, cid=1400, SUCCESS, logIndex=1985, commits[270584e6-a4a8-4db5-8151-214655ce1a56:c1985, af078b8b-61ec-497f-9506-472d46a72462:c1981, 09fb9ab4-1b8d-44c0-9f8c-50855c6f1fed:c1981]
2019-08-21 12:28:00,717 | INFO  | DNAudit | user=null | ip=null | op=WRITE_CHUNK {blockData=conID: 1 locID: 102654966533849571 bcsId: 1981} | ret=SUCCESS |  
2019-08-21 12:28:00,717 | INFO  | DNAudit | user=null | ip=null | op=PUT_BLOCK {blockData=[blockId=conID: 1 locID: 102654966533849571 bcsId: 0,size=4194304]} | ret=SUCCESS |  
2019-08-21 12:28:00,717 | INFO  | DNAudit | user=null | ip=null | op=PUT_BLOCK {blockData=[blockId=conID: 1 locID: 102654966533849571 bcsId: 0,size=4194304]} | ret=SUCCESS |  
2019-08-21 12:28:00,718 [grpc-default-executor-4] INFO  client.GrpcClientProtocolClient (GrpcClientProtocolClient.java:onNext(255)) - client-C954105195FD->270584e6-a4a8-4db5-8151-214655ce1a56: receive RaftClientReply:client-C954105195FD->270584e6-a4a8-4db5-8151-214655ce1a56@group-787F5BA3AA67, cid=1401, SUCCESS, logIndex=0, commits[270584e6-a4a8-4db5-8151-214655ce1a56:c1987, af078b8b-61ec-497f-9506-472d46a72462:c1985, 09fb9ab4-1b8d-44c0-9f8c-50855c6f1fed:c1985]
2019-08-21 12:28:00,724 | INFO  | SCMAudit | user=jenkins1000 | ip=192.168.34.23 | op=ALLOCATE_BLOCK {owner=b79f83c9-5f7d-4caf-af30-78af34bc5eea, size=4194304, type=RATIS, factor=THREE} | ret=SUCCESS |  
2019-08-21 12:28:00,727 | INFO  | OMAudit | user=jenkins1000 | ip=127.0.0.1 | op=ALLOCATE_BLOCK {volume=vol-0-06517, bucket=bucket-0-64549, key=key-0-34512, dataSize=0, replicationType=null, replicationFactor=null, keyLocationInfo=null, clientID=102654965997830546} | ret=SUCCESS |  
2019-08-21 12:28:00,735 | INFO  | DNAudit | user=null | ip=null | op=WRITE_CHUNK {blockData=conID: 2 locID: 102654966544663012 bcsId: 0} | ret=SUCCESS |  
2019-08-21 12:28:00,737 | INFO  | DNAudit | user=null | ip=null | op=WRITE_CHUNK {blockData=conID: 2 locID: 102654966544663012 bcsId: 0} | ret=SUCCESS |  
2019-08-21 12:28:00,739 | INFO  | DNAudit | user=null | ip=null | op=WRITE_CHUNK {blockData=conID: 2 locID: 102654966544663012 bcsId: 0} | ret=SUCCESS |  
2019-08-21 12:28:00,740 | INFO  | DNAudit | user=null | ip=null | op=WRITE_CHUNK {blockData=conID: 2 locID: 102654966544663012 bcsId: 0} | ret=SUCCESS |  
2019-08-21 12:28:00,743 | INFO  | DNAudit | user=null | ip=null | op=WRITE_CHUNK {blockData=conID: 2 locID: 102654966544663012 bcsId: 0} | ret=SUCCESS |  
2019-08-21 12:28:00,743 | INFO  | DNAudit | user=null | ip=null | op=WRITE_CHUNK {blockData=conID: 2 locID: 102654966544663012 bcsId: 0} | ret=SUCCESS |  
2019-08-21 12:28:00,748 | INFO  | DNAudit | user=null | ip=null | op=WRITE_CHUNK {blockData=conID: 2 locID: 102654966544663012 bcsId: 0} | ret=SUCCESS |  
2019-08-21 12:28:00,748 | INFO  | DNAudit | user=null | ip=null | op=PUT_BLOCK {blockData=[blockId=conID: 2 locID: 102654966544663012 bcsId: 0,size=1048576]} | ret=SUCCESS |  
2019-08-21 12:28:00,748 [grpc-default-executor-4] INFO  client.GrpcClientProtocolClient (GrpcClientProtocolClient.java:onNext(255)) - client-C954105195FD->270584e6-a4a8-4db5-8151-214655ce1a56: receive RaftClientReply:client-C954105195FD->270584e6-a4a8-4db5-8151-214655ce1a56@group-787F5BA3AA67, cid=1402, SUCCESS, logIndex=1988, commits[270584e6-a4a8-4db5-8151-214655ce1a56:c1989, af078b8b-61ec-497f-9506-472d46a72462:c1987, 09fb9ab4-1b8d-44c0-9f8c-50855c6f1fed:c1987]
2019-08-21 12:28:00,749 | INFO  | DNAudit | user=null | ip=null | op=WRITE_CHUNK {blockData=conID: 2 locID: 102654966544663012 bcsId: 0} | ret=SUCCESS |  
2019-08-21 12:28:00,749 [grpc-default-executor-4] INFO  client.GrpcClientProtocolClient (GrpcClientProtocolClient.java:onNext(255)) - client-C954105195FD->270584e6-a4a8-4db5-8151-214655ce1a56: receive RaftClientReply:client-C954105195FD->270584e6-a4a8-4db5-8151-214655ce1a56@group-787F5BA3AA67, cid=1403, SUCCESS, logIndex=1989, commits[270584e6-a4a8-4db5-8151-214655ce1a56:c1989, af078b8b-61ec-497f-9506-472d46a72462:c1987, 09fb9ab4-1b8d-44c0-9f8c-50855c6f1fed:c1987]
2019-08-21 12:28:00,749 | INFO  | DNAudit | user=null | ip=null | op=PUT_BLOCK {blockData=[blockId=conID: 2 locID: 102654966544663012 bcsId: 0,size=2097152]} | ret=SUCCESS |  
2019-08-21 12:28:00,749 [grpc-default-executor-4] INFO  client.GrpcClientProtocolClient (GrpcClientProtocolClient.java:onNext(255)) - client-C954105195FD->270584e6-a4a8-4db5-8151-214655ce1a56: receive RaftClientReply:client-C954105195FD->270584e6-a4a8-4db5-8151-214655ce1a56@group-787F5BA3AA67, cid=1404, SUCCESS, logIndex=1990, commits[270584e6-a4a8-4db5-8151-214655ce1a56:c1991, af078b8b-61ec-497f-9506-472d46a72462:c1987, 09fb9ab4-1b8d-44c0-9f8c-50855c6f1fed:c1987]
2019-08-21 12:28:00,750 | INFO  | DNAudit | user=null | ip=null | op=WRITE_CHUNK {blockData=conID: 2 locID: 102654966544663012 bcsId: 0} | ret=SUCCESS |  
2019-08-21 12:28:00,750 [grpc-default-executor-4] INFO  client.GrpcClientProtocolClient (GrpcClientProtocolClient.java:onNext(255)) - client-C954105195FD->270584e6-a4a8-4db5-8151-214655ce1a56: receive RaftClientReply:client-C954105195FD->270584e6-a4a8-4db5-8151-214655ce1a56@group-787F5BA3AA67, cid=1405, SUCCESS, logIndex=1991, commits[270584e6-a4a8-4db5-8151-214655ce1a56:c1991, af078b8b-61ec-497f-9506-472d46a72462:c1987, 09fb9ab4-1b8d-44c0-9f8c-50855c6f1fed:c1987]
2019-08-21 12:28:00,750 | INFO  | DNAudit | user=null | ip=null | op=PUT_BLOCK {blockData=[blockId=conID: 2 locID: 102654966544663012 bcsId: 0,size=1048576]} | ret=SUCCESS |  
2019-08-21 12:28:00,752 | INFO  | DNAudit | user=null | ip=null | op=WRITE_CHUNK {blockData=conID: 2 locID: 102654966544663012 bcsId: 0} | ret=SUCCESS |  
2019-08-21 12:28:00,752 | INFO  | DNAudit | user=null | ip=null | op=PUT_BLOCK {blockData=[blockId=conID: 2 locID: 102654966544663012 bcsId: 0,size=1048576]} | ret=SUCCESS |  
2019-08-21 12:28:00,753 [grpc-default-executor-1] INFO  client.GrpcClientProtocolClient (GrpcClientProtocolClient.java:onNext(255)) - client-C954105195FD->270584e6-a4a8-4db5-8151-214655ce1a56: receive RaftClientReply:client-C954105195FD->270584e6-a4a8-4db5-8151-214655ce1a56@group-787F5BA3AA67, cid=1406, SUCCESS, logIndex=0, commits[270584e6-a4a8-4db5-8151-214655ce1a56:c1993, af078b8b-61ec-497f-9506-472d46a72462:c1989, 09fb9ab4-1b8d-44c0-9f8c-50855c6f1fed:c1989]
2019-08-21 12:28:00,761 | INFO  | DNAudit | user=null | ip=null | op=WRITE_CHUNK {blockData=conID: 2 locID: 102654966544663012 bcsId: 1991} | ret=SUCCESS |  
2019-08-21 12:28:00,763 | INFO  | DNAudit | user=null | ip=null | op=WRITE_CHUNK {blockData=conID: 2 locID: 102654966544663012 bcsId: 1991} | ret=SUCCESS |  
2019-08-21 12:28:00,764 | INFO  | DNAudit | user=null | ip=null | op=WRITE_CHUNK {blockData=conID: 2 locID: 102654966544663012 bcsId: 1991} | ret=SUCCESS |  
2019-08-21 12:28:00,780 | INFO  | DNAudit | user=null | ip=null | op=WRITE_CHUNK {blockData=conID: 2 locID: 102654966544663012 bcsId: 0} | ret=SUCCESS |  
2019-08-21 12:28:00,780 | INFO  | DNAudit | user=null | ip=null | op=PUT_BLOCK {blockData=[blockId=conID: 2 locID: 102654966544663012 bcsId: 0,size=2097152]} | ret=SUCCESS |  
2019-08-21 12:28:00,780 | INFO  | DNAudit | user=null | ip=null | op=WRITE_CHUNK {blockData=conID: 2 locID: 102654966544663012 bcsId: 0} | ret=SUCCESS |  
2019-08-21 12:28:00,781 | INFO  | DNAudit | user=null | ip=null | op=PUT_BLOCK {blockData=[blockId=conID: 2 locID: 102654966544663012 bcsId: 0,size=2097152]} | ret=SUCCESS |  
2019-08-21 12:28:00,791 | INFO  | DNAudit | user=null | ip=null | op=WRITE_CHUNK {blockData=conID: 2 locID: 102654966544663012 bcsId: 1991} | ret=SUCCESS |  
2019-08-21 12:28:00,792 | INFO  | DNAudit | user=null | ip=null | op=PUT_BLOCK {blockData=[blockId=conID: 2 locID: 102654966544663012 bcsId: 0,size=3145728]} | ret=SUCCESS |  
2019-08-21 12:28:00,792 [grpc-default-executor-2] INFO  client.GrpcClientProtocolClient (GrpcClientProtocolClient.java:onNext(255)) - client-C954105195FD->270584e6-a4a8-4db5-8151-214655ce1a56: receive RaftClientReply:client-C954105195FD->270584e6-a4a8-4db5-8151-214655ce1a56@group-787F5BA3AA67, cid=1407, SUCCESS, logIndex=1996, commits[270584e6-a4a8-4db5-8151-214655ce1a56:c1997, af078b8b-61ec-497f-9506-472d46a72462:c1991, 09fb9ab4-1b8d-44c0-9f8c-50855c6f1fed:c1993]
2019-08-21 12:28:00,793 | INFO  | DNAudit | user=null | ip=null | op=WRITE_CHUNK {blockData=conID: 2 locID: 102654966544663012 bcsId: 1991} | ret=SUCCESS |  
2019-08-21 12:28:00,793 [grpc-default-executor-2] INFO  client.GrpcClientProtocolClient (GrpcClientProtocolClient.java:onNext(255)) - client-C954105195FD->270584e6-a4a8-4db5-8151-214655ce1a56: receive RaftClientReply:client-C954105195FD->270584e6-a4a8-4db5-8151-214655ce1a56@group-787F5BA3AA67, cid=1408, SUCCESS, logIndex=1997, commits[270584e6-a4a8-4db5-8151-214655ce1a56:c1997, af078b8b-61ec-497f-9506-472d46a72462:c1993, 09fb9ab4-1b8d-44c0-9f8c-50855c6f1fed:c1993]
2019-08-21 12:28:00,795 | INFO  | DNAudit | user=null | ip=null | op=WRITE_CHUNK {blockData=conID: 2 locID: 102654966544663012 bcsId: 1991} | ret=SUCCESS |  
2019-08-21 12:28:00,795 | INFO  | DNAudit | user=null | ip=null | op=PUT_BLOCK {blockData=[blockId=conID: 2 locID: 102654966544663012 bcsId: 0,size=3145728]} | ret=SUCCESS |  
2019-08-21 12:28:00,800 | INFO  | DNAudit | user=null | ip=null | op=WRITE_CHUNK {blockData=conID: 2 locID: 102654966544663012 bcsId: 1997} | ret=SUCCESS |  
2019-08-21 12:28:00,803 | INFO  | DNAudit | user=null | ip=null | op=WRITE_CHUNK {blockData=conID: 2 locID: 102654966544663012 bcsId: 1997} | ret=SUCCESS |  
2019-08-21 12:28:00,803 | INFO  | DNAudit | user=null | ip=null | op=WRITE_CHUNK {blockData=conID: 2 locID: 102654966544663012 bcsId: 1997} | ret=SUCCESS |  
2019-08-21 12:28:00,806 | INFO  | DNAudit | user=null | ip=null | op=PUT_BLOCK {blockData=[blockId=conID: 2 locID: 102654966544663012 bcsId: 0,size=3145728]} | ret=SUCCESS |  
2019-08-21 12:28:00,807 | INFO  | DNAudit | user=null | ip=null | op=WRITE_CHUNK {blockData=conID: 2 locID: 102654966544663012 bcsId: 1997} | ret=SUCCESS |  
2019-08-21 12:28:00,807 | INFO  | DNAudit | user=null | ip=null | op=PUT_BLOCK {blockData=[blockId=conID: 2 locID: 102654966544663012 bcsId: 0,size=4194304]} | ret=SUCCESS |  
2019-08-21 12:28:00,807 [grpc-default-executor-2] INFO  client.GrpcClientProtocolClient (GrpcClientProtocolClient.java:onNext(255)) - client-C954105195FD->270584e6-a4a8-4db5-8151-214655ce1a56: receive RaftClientReply:client-C954105195FD->270584e6-a4a8-4db5-8151-214655ce1a56@group-787F5BA3AA67, cid=1409, SUCCESS, logIndex=2000, commits[270584e6-a4a8-4db5-8151-214655ce1a56:c2001, af078b8b-61ec-497f-9506-472d46a72462:c1999, 09fb9ab4-1b8d-44c0-9f8c-50855c6f1fed:c1997]
2019-08-21 12:28:00,808 [grpc-default-executor-2] INFO  client.GrpcClientProtocolClient (GrpcClientProtocolClient.java:onNext(255)) - client-C954105195FD->270584e6-a4a8-4db5-8151-214655ce1a56: receive RaftClientReply:client-C954105195FD->270584e6-a4a8-4db5-8151-214655ce1a56@group-787F5BA3AA67, cid=1410, SUCCESS, logIndex=2001, commits[270584e6-a4a8-4db5-8151-214655ce1a56:c2001, af078b8b-61ec-497f-9506-472d46a72462:c1999, 09fb9ab4-1b8d-44c0-9f8c-50855c6f1fed:c1999]
2019-08-21 12:28:00,808 | INFO  | DNAudit | user=null | ip=null | op=WRITE_CHUNK {blockData=conID: 2 locID: 102654966544663012 bcsId: 1997} | ret=SUCCESS |  
2019-08-21 12:28:00,809 | INFO  | DNAudit | user=null | ip=null | op=WRITE_CHUNK {blockData=conID: 2 locID: 102654966544663012 bcsId: 1997} | ret=SUCCESS |  
2019-08-21 12:28:00,809 | INFO  | DNAudit | user=null | ip=null | op=PUT_BLOCK {blockData=[blockId=conID: 2 locID: 102654966544663012 bcsId: 0,size=4194304]} | ret=SUCCESS |  
2019-08-21 12:28:00,810 | INFO  | DNAudit | user=null | ip=null | op=PUT_BLOCK {blockData=[blockId=conID: 2 locID: 102654966544663012 bcsId: 0,size=4194304]} | ret=SUCCESS |  
2019-08-21 12:28:00,810 [grpc-default-executor-1] INFO  client.GrpcClientProtocolClient (GrpcClientProtocolClient.java:onNext(255)) - client-C954105195FD->270584e6-a4a8-4db5-8151-214655ce1a56: receive RaftClientReply:client-C954105195FD->270584e6-a4a8-4db5-8151-214655ce1a56@group-787F5BA3AA67, cid=1411, SUCCESS, logIndex=0, commits[270584e6-a4a8-4db5-8151-214655ce1a56:c2003, af078b8b-61ec-497f-9506-472d46a72462:c2001, 09fb9ab4-1b8d-44c0-9f8c-50855c6f1fed:c2001]
2019-08-21 12:28:00,815 | INFO  | SCMAudit | user=jenkins1000 | ip=192.168.34.23 | op=ALLOCATE_BLOCK {owner=b79f83c9-5f7d-4caf-af30-78af34bc5eea, size=4194304, type=RATIS, factor=THREE} | ret=SUCCESS |  
2019-08-21 12:28:00,818 | INFO  | OMAudit | user=jenkins1000 | ip=127.0.0.1 | op=ALLOCATE_BLOCK {volume=vol-0-06517, bucket=bucket-0-64549, key=key-0-34512, dataSize=0, replicationType=null, replicationFactor=null, keyLocationInfo=null, clientID=102654965997830546} | ret=SUCCESS |  
2019-08-21 12:28:00,826 | INFO  | DNAudit | user=null | ip=null | op=WRITE_CHUNK {blockData=conID: 3 locID: 102654966550692325 bcsId: 0} | ret=SUCCESS |  
2019-08-21 12:28:00,829 | INFO  | DNAudit | user=null | ip=null | op=WRITE_CHUNK {blockData=conID: 3 locID: 102654966550692325 bcsId: 0} | ret=SUCCESS |  
2019-08-21 12:28:00,831 | INFO  | DNAudit | user=null | ip=null | op=WRITE_CHUNK {blockData=conID: 3 locID: 102654966550692325 bcsId: 0} | ret=SUCCESS |  
2019-08-21 12:28:00,831 | INFO  | DNAudit | user=null | ip=null | op=WRITE_CHUNK {blockData=conID: 3 locID: 102654966550692325 bcsId: 0} | ret=SUCCESS |  
2019-08-21 12:28:00,833 | INFO  | DNAudit | user=null | ip=null | op=WRITE_CHUNK {blockData=conID: 3 locID: 102654966550692325 bcsId: 0} | ret=SUCCESS |  
2019-08-21 12:28:00,833 | INFO  | DNAudit | user=null | ip=null | op=WRITE_CHUNK {blockData=conID: 3 locID: 102654966550692325 bcsId: 0} | ret=SUCCESS |  
2019-08-21 12:28:00,838 | INFO  | DNAudit | user=null | ip=null | op=WRITE_CHUNK {blockData=conID: 3 locID: 102654966550692325 bcsId: 0} | ret=SUCCESS |  
2019-08-21 12:28:00,839 | INFO  | DNAudit | user=null | ip=null | op=PUT_BLOCK {blockData=[blockId=conID: 3 locID: 102654966550692325 bcsId: 0,size=1048576]} | ret=SUCCESS |  
2019-08-21 12:28:00,839 [grpc-default-executor-1] INFO  client.GrpcClientProtocolClient (GrpcClientProtocolClient.java:onNext(255)) - client-C954105195FD->270584e6-a4a8-4db5-8151-214655ce1a56: receive RaftClientReply:client-C954105195FD->270584e6-a4a8-4db5-8151-214655ce1a56@group-787F5BA3AA67, cid=1412, SUCCESS, logIndex=2004, commits[270584e6-a4a8-4db5-8151-214655ce1a56:c2005, af078b8b-61ec-497f-9506-472d46a72462:c2003, 09fb9ab4-1b8d-44c0-9f8c-50855c6f1fed:c2003]
2019-08-21 12:28:00,839 | INFO  | DNAudit | user=null | ip=null | op=WRITE_CHUNK {blockData=conID: 3 locID: 102654966550692325 bcsId: 0} | ret=SUCCESS |  
2019-08-21 12:28:00,840 [grpc-default-executor-1] INFO  client.GrpcClientProtocolClient (GrpcClientProtocolClient.java:onNext(255)) - client-C954105195FD->270584e6-a4a8-4db5-8151-214655ce1a56: receive RaftClientReply:client-C954105195FD->270584e6-a4a8-4db5-8151-214655ce1a56@group-787F5BA3AA67, cid=1413, SUCCESS, logIndex=2005, commits[270584e6-a4a8-4db5-8151-214655ce1a56:c2005, af078b8b-61ec-497f-9506-472d46a72462:c2003, 09fb9ab4-1b8d-44c0-9f8c-50855c6f1fed:c2003]
2019-08-21 12:28:00,840 | INFO  | DNAudit | user=null | ip=null | op=PUT_BLOCK {blockData=[blockId=conID: 3 locID: 102654966550692325 bcsId: 0,size=2097152]} | ret=SUCCESS |  
2019-08-21 12:28:00,840 [grpc-default-executor-5] INFO  client.GrpcClientProtocolClient (GrpcClientProtocolClient.java:onNext(255)) - client-C954105195FD->270584e6-a4a8-4db5-8151-214655ce1a56: receive RaftClientReply:client-C954105195FD->270584e6-a4a8-4db5-8151-214655ce1a56@group-787F5BA3AA67, cid=1414, SUCCESS, logIndex=2006, commits[270584e6-a4a8-4db5-8151-214655ce1a56:c2007, af078b8b-61ec-497f-9506-472d46a72462:c2003, 09fb9ab4-1b8d-44c0-9f8c-50855c6f1fed:c2003]
2019-08-21 12:28:00,840 | INFO  | DNAudit | user=null | ip=null | op=WRITE_CHUNK {blockData=conID: 3 locID: 102654966550692325 bcsId: 0} | ret=SUCCESS |  
2019-08-21 12:28:00,840 [grpc-default-executor-5] INFO  client.GrpcClientProtocolClient (GrpcClientProtocolClient.java:onNext(255)) - client-C954105195FD->270584e6-a4a8-4db5-8151-214655ce1a56: receive RaftClientReply:client-C954105195FD->270584e6-a4a8-4db5-8151-214655ce1a56@group-787F5BA3AA67, cid=1415, SUCCESS, logIndex=2007, commits[270584e6-a4a8-4db5-8151-214655ce1a56:c2007, af078b8b-61ec-497f-9506-472d46a72462:c2003, 09fb9ab4-1b8d-44c0-9f8c-50855c6f1fed:c2003]
2019-08-21 12:28:00,841 | INFO  | DNAudit | user=null | ip=null | op=PUT_BLOCK {blockData=[blockId=conID: 3 locID: 102654966550692325 bcsId: 0,size=1048576]} | ret=SUCCESS |  
2019-08-21 12:28:00,841 | INFO  | DNAudit | user=null | ip=null | op=WRITE_CHUNK {blockData=conID: 3 locID: 102654966550692325 bcsId: 0} | ret=SUCCESS |  
2019-08-21 12:28:00,841 | INFO  | DNAudit | user=null | ip=null | op=PUT_BLOCK {blockData=[blockId=conID: 3 locID: 102654966550692325 bcsId: 0,size=1048576]} | ret=SUCCESS |  
2019-08-21 12:28:00,842 | INFO  | DNAudit | user=null | ip=null | op=WRITE_CHUNK {blockData=conID: 3 locID: 102654966550692325 bcsId: 0} | ret=SUCCESS |  
2019-08-21 12:28:00,842 [grpc-default-executor-1] INFO  client.GrpcClientProtocolClient (GrpcClientProtocolClient.java:onNext(255)) - client-C954105195FD->270584e6-a4a8-4db5-8151-214655ce1a56: receive RaftClientReply:client-C954105195FD->270584e6-a4a8-4db5-8151-214655ce1a56@group-787F5BA3AA67, cid=1416, SUCCESS, logIndex=0, commits[270584e6-a4a8-4db5-8151-214655ce1a56:c2009, af078b8b-61ec-497f-9506-472d46a72462:c2005, 09fb9ab4-1b8d-44c0-9f8c-50855c6f1fed:c2005]
2019-08-21 12:28:00,842 | INFO  | DNAudit | user=null | ip=null | op=PUT_BLOCK {blockData=[blockId=conID: 3 locID: 102654966550692325 bcsId: 0,size=2097152]} | ret=SUCCESS |  
2019-08-21 12:28:00,842 | INFO  | DNAudit | user=null | ip=null | op=WRITE_CHUNK {blockData=conID: 3 locID: 102654966550692325 bcsId: 0} | ret=SUCCESS |  
2019-08-21 12:28:00,843 | INFO  | DNAudit | user=null | ip=null | op=PUT_BLOCK {blockData=[blockId=conID: 3 locID: 102654966550692325 bcsId: 0,size=2097152]} | ret=SUCCESS |  
2019-08-21 12:28:00,849 | INFO  | DNAudit | user=null | ip=null | op=WRITE_CHUNK {blockData=conID: 3 locID: 102654966550692325 bcsId: 2007} | ret=SUCCESS |  
2019-08-21 12:28:00,852 | INFO  | DNAudit | user=null | ip=null | op=WRITE_CHUNK {blockData=conID: 3 locID: 102654966550692325 bcsId: 2007} | ret=SUCCESS |  
2019-08-21 12:28:00,853 | INFO  | DNAudit | user=null | ip=null | op=WRITE_CHUNK {blockData=conID: 3 locID: 102654966550692325 bcsId: 2007} | ret=SUCCESS |  
2019-08-21 12:28:00,862 | INFO  | DNAudit | user=null | ip=null | op=WRITE_CHUNK {blockData=conID: 3 locID: 102654966550692325 bcsId: 2007} | ret=SUCCESS |  
2019-08-21 12:28:00,863 | INFO  | DNAudit | user=null | ip=null | op=PUT_BLOCK {blockData=[blockId=conID: 3 locID: 102654966550692325 bcsId: 0,size=3145728]} | ret=SUCCESS |  
2019-08-21 12:28:00,863 [grpc-default-executor-1] INFO  client.GrpcClientProtocolClient (GrpcClientProtocolClient.java:onNext(255)) - client-C954105195FD->270584e6-a4a8-4db5-8151-214655ce1a56: receive RaftClientReply:client-C954105195FD->270584e6-a4a8-4db5-8151-214655ce1a56@group-787F5BA3AA67, cid=1417, SUCCESS, logIndex=2012, commits[270584e6-a4a8-4db5-8151-214655ce1a56:c2013, af078b8b-61ec-497f-9506-472d46a72462:c2011, 09fb9ab4-1b8d-44c0-9f8c-50855c6f1fed:c2011]
2019-08-21 12:28:00,863 [grpc-default-executor-1] INFO  client.GrpcClientProtocolClient (GrpcClientProtocolClient.java:onNext(255)) - client-C954105195FD->270584e6-a4a8-4db5-8151-214655ce1a56: receive RaftClientReply:client-C954105195FD->270584e6-a4a8-4db5-8151-214655ce1a56@group-787F5BA3AA67, cid=1418, SUCCESS, logIndex=2013, commits[270584e6-a4a8-4db5-8151-214655ce1a56:c2013, af078b8b-61ec-497f-9506-472d46a72462:c2011, 09fb9ab4-1b8d-44c0-9f8c-50855c6f1fed:c2011]
2019-08-21 12:28:00,869 | INFO  | DNAudit | user=null | ip=null | op=WRITE_CHUNK {blockData=conID: 3 locID: 102654966550692325 bcsId: 2013} | ret=SUCCESS |  
2019-08-21 12:28:00,872 | INFO  | DNAudit | user=null | ip=null | op=WRITE_CHUNK {blockData=conID: 3 locID: 102654966550692325 bcsId: 2013} | ret=SUCCESS |  
2019-08-21 12:28:00,872 | INFO  | DNAudit | user=null | ip=null | op=WRITE_CHUNK {blockData=conID: 3 locID: 102654966550692325 bcsId: 2013} | ret=SUCCESS |  
2019-08-21 12:28:00,874 | INFO  | DNAudit | user=null | ip=null | op=WRITE_CHUNK {blockData=conID: 3 locID: 102654966550692325 bcsId: 2007} | ret=SUCCESS |  
2019-08-21 12:28:00,874 | INFO  | DNAudit | user=null | ip=null | op=WRITE_CHUNK {blockData=conID: 3 locID: 102654966550692325 bcsId: 2007} | ret=SUCCESS |  
2019-08-21 12:28:00,875 | INFO  | DNAudit | user=null | ip=null | op=PUT_BLOCK {blockData=[blockId=conID: 3 locID: 102654966550692325 bcsId: 0,size=3145728]} | ret=SUCCESS |  
2019-08-21 12:28:00,875 | INFO  | DNAudit | user=null | ip=null | op=PUT_BLOCK {blockData=[blockId=conID: 3 locID: 102654966550692325 bcsId: 0,size=3145728]} | ret=SUCCESS |  
2019-08-21 12:28:00,876 | INFO  | DNAudit | user=null | ip=null | op=WRITE_CHUNK {blockData=conID: 3 locID: 102654966550692325 bcsId: 2013} | ret=SUCCESS |  
2019-08-21 12:28:00,876 | INFO  | DNAudit | user=null | ip=null | op=PUT_BLOCK {blockData=[blockId=conID: 3 locID: 102654966550692325 bcsId: 0,size=4194304]} | ret=SUCCESS |  
2019-08-21 12:28:00,876 [grpc-default-executor-2] INFO  client.GrpcClientProtocolClient (GrpcClientProtocolClient.java:onNext(255)) - client-C954105195FD->270584e6-a4a8-4db5-8151-214655ce1a56: receive RaftClientReply:client-C954105195FD->270584e6-a4a8-4db5-8151-214655ce1a56@group-787F5BA3AA67, cid=1419, SUCCESS, logIndex=2016, commits[270584e6-a4a8-4db5-8151-214655ce1a56:c2017, af078b8b-61ec-497f-9506-472d46a72462:c2013, 09fb9ab4-1b8d-44c0-9f8c-50855c6f1fed:c2013]
2019-08-21 12:28:00,877 [grpc-default-executor-2] INFO  client.GrpcClientProtocolClient (GrpcClientProtocolClient.java:onNext(255)) - client-C954105195FD->270584e6-a4a8-4db5-8151-214655ce1a56: receive RaftClientReply:client-C954105195FD->270584e6-a4a8-4db5-8151-214655ce1a56@group-787F5BA3AA67, cid=1420, SUCCESS, logIndex=2017, commits[270584e6-a4a8-4db5-8151-214655ce1a56:c2017, af078b8b-61ec-497f-9506-472d46a72462:c2013, 09fb9ab4-1b8d-44c0-9f8c-50855c6f1fed:c2013]
2019-08-21 12:28:00,878 | INFO  | DNAudit | user=null | ip=null | op=WRITE_CHUNK {blockData=conID: 3 locID: 102654966550692325 bcsId: 2013} | ret=SUCCESS |  
2019-08-21 12:28:00,878 | INFO  | DNAudit | user=null | ip=null | op=WRITE_CHUNK {blockData=conID: 3 locID: 102654966550692325 bcsId: 2013} | ret=SUCCESS |  
2019-08-21 12:28:00,879 | INFO  | DNAudit | user=null | ip=null | op=PUT_BLOCK {blockData=[blockId=conID: 3 locID: 102654966550692325 bcsId: 0,size=4194304]} | ret=SUCCESS |  
2019-08-21 12:28:00,879 | INFO  | DNAudit | user=null | ip=null | op=PUT_BLOCK {blockData=[blockId=conID: 3 locID: 102654966550692325 bcsId: 0,size=4194304]} | ret=SUCCESS |  
2019-08-21 12:28:00,880 [grpc-default-executor-2] INFO  client.GrpcClientProtocolClient (GrpcClientProtocolClient.java:onNext(255)) - client-C954105195FD->270584e6-a4a8-4db5-8151-214655ce1a56: receive RaftClientReply:client-C954105195FD->270584e6-a4a8-4db5-8151-214655ce1a56@group-787F5BA3AA67, cid=1421, SUCCESS, logIndex=0, commits[270584e6-a4a8-4db5-8151-214655ce1a56:c2019, af078b8b-61ec-497f-9506-472d46a72462:c2017, 09fb9ab4-1b8d-44c0-9f8c-50855c6f1fed:c2017]
2019-08-21 12:28:00,887 | INFO  | SCMAudit | user=jenkins1000 | ip=192.168.34.23 | op=ALLOCATE_BLOCK {owner=b79f83c9-5f7d-4caf-af30-78af34bc5eea, size=4194304, type=RATIS, factor=THREE} | ret=SUCCESS |  
2019-08-21 12:28:00,889 | INFO  | OMAudit | user=jenkins1000 | ip=127.0.0.1 | op=ALLOCATE_BLOCK {volume=vol-0-06517, bucket=bucket-0-64549, key=key-0-34512, dataSize=0, replicationType=null, replicationFactor=null, keyLocationInfo=null, clientID=102654965997830546} | ret=SUCCESS |  
2019-08-21 12:28:00,897 | INFO  | DNAudit | user=null | ip=null | op=WRITE_CHUNK {blockData=conID: 1 locID: 102654966555410918 bcsId: 0} | ret=SUCCESS |  
2019-08-21 12:28:00,900 | INFO  | DNAudit | user=null | ip=null | op=WRITE_CHUNK {blockData=conID: 1 locID: 102654966555410918 bcsId: 0} | ret=SUCCESS |  
2019-08-21 12:28:00,900 | INFO  | DNAudit | user=null | ip=null | op=WRITE_CHUNK {blockData=conID: 1 locID: 102654966555410918 bcsId: 0} | ret=SUCCESS |  
2019-08-21 12:28:00,900 | INFO  | DNAudit | user=null | ip=null | op=WRITE_CHUNK {blockData=conID: 1 locID: 102654966555410918 bcsId: 0} | ret=SUCCESS |  
2019-08-21 12:28:00,902 | INFO  | DNAudit | user=null | ip=null | op=WRITE_CHUNK {blockData=conID: 1 locID: 102654966555410918 bcsId: 0} | ret=SUCCESS |  
2019-08-21 12:28:00,903 | INFO  | DNAudit | user=null | ip=null | op=WRITE_CHUNK {blockData=conID: 1 locID: 102654966555410918 bcsId: 0} | ret=SUCCESS |  
2019-08-21 12:28:00,918 | INFO  | DNAudit | user=null | ip=null | op=WRITE_CHUNK {blockData=conID: 1 locID: 102654966555410918 bcsId: 0} | ret=SUCCESS |  
2019-08-21 12:28:00,919 | INFO  | DNAudit | user=null | ip=null | op=PUT_BLOCK {blockData=[blockId=conID: 1 locID: 102654966555410918 bcsId: 0,size=1048576]} | ret=SUCCESS |  
2019-08-21 12:28:00,919 [grpc-default-executor-1] INFO  client.GrpcClientProtocolClient (GrpcClientProtocolClient.java:onNext(255)) - client-C954105195FD->270584e6-a4a8-4db5-8151-214655ce1a56: receive RaftClientReply:client-C954105195FD->270584e6-a4a8-4db5-8151-214655ce1a56@group-787F5BA3AA67, cid=1422, SUCCESS, logIndex=2020, commits[270584e6-a4a8-4db5-8151-214655ce1a56:c2021, af078b8b-61ec-497f-9506-472d46a72462:c2019, 09fb9ab4-1b8d-44c0-9f8c-50855c6f1fed:c2019]
2019-08-21 12:28:00,920 [grpc-default-executor-1] INFO  client.GrpcClientProtocolClient (GrpcClientProtocolClient.java:onNext(255)) - client-C954105195FD->270584e6-a4a8-4db5-8151-214655ce1a56: receive RaftClientReply:client-C954105195FD->270584e6-a4a8-4db5-8151-214655ce1a56@group-787F5BA3AA67, cid=1423, SUCCESS, logIndex=2021, commits[270584e6-a4a8-4db5-8151-214655ce1a56:c2021, af078b8b-61ec-497f-9506-472d46a72462:c2019, 09fb9ab4-1b8d-44c0-9f8c-50855c6f1fed:c2019]
2019-08-21 12:28:00,930 | INFO  | DNAudit | user=null | ip=null | op=WRITE_CHUNK {blockData=conID: 1 locID: 102654966555410918 bcsId: 0} | ret=SUCCESS |  
2019-08-21 12:28:00,930 | INFO  | DNAudit | user=null | ip=null | op=WRITE_CHUNK {blockData=conID: 1 locID: 102654966555410918 bcsId: 0} | ret=SUCCESS |  
2019-08-21 12:28:00,931 | INFO  | DNAudit | user=null | ip=null | op=PUT_BLOCK {blockData=[blockId=conID: 1 locID: 102654966555410918 bcsId: 0,size=1048576]} | ret=SUCCESS |  
2019-08-21 12:28:00,931 | INFO  | DNAudit | user=null | ip=null | op=PUT_BLOCK {blockData=[blockId=conID: 1 locID: 102654966555410918 bcsId: 0,size=2097152]} | ret=SUCCESS |  
2019-08-21 12:28:00,931 | INFO  | DNAudit | user=null | ip=null | op=WRITE_CHUNK {blockData=conID: 1 locID: 102654966555410918 bcsId: 0} | ret=SUCCESS |  
2019-08-21 12:28:00,931 | INFO  | DNAudit | user=null | ip=null | op=PUT_BLOCK {blockData=[blockId=conID: 1 locID: 102654966555410918 bcsId: 0,size=1048576]} | ret=SUCCESS |  
2019-08-21 12:28:00,931 [grpc-default-executor-5] INFO  client.GrpcClientProtocolClient (GrpcClientProtocolClient.java:onNext(255)) - client-C954105195FD->270584e6-a4a8-4db5-8151-214655ce1a56: receive RaftClientReply:client-C954105195FD->270584e6-a4a8-4db5-8151-214655ce1a56@group-787F5BA3AA67, cid=1424, SUCCESS, logIndex=2022, commits[270584e6-a4a8-4db5-8151-214655ce1a56:c2023, af078b8b-61ec-497f-9506-472d46a72462:c2019, 09fb9ab4-1b8d-44c0-9f8c-50855c6f1fed:c2019]
2019-08-21 12:28:00,932 | INFO  | DNAudit | user=null | ip=null | op=WRITE_CHUNK {blockData=conID: 1 locID: 102654966555410918 bcsId: 0} | ret=SUCCESS |  
2019-08-21 12:28:00,932 [grpc-default-executor-1] INFO  client.GrpcClientProtocolClient (GrpcClientProtocolClient.java:onNext(255)) - client-C954105195FD->270584e6-a4a8-4db5-8151-214655ce1a56: receive RaftClientReply:client-C954105195FD->270584e6-a4a8-4db5-8151-214655ce1a56@group-787F5BA3AA67, cid=1425, SUCCESS, logIndex=2023, commits[270584e6-a4a8-4db5-8151-214655ce1a56:c2024, af078b8b-61ec-497f-9506-472d46a72462:c2019, 09fb9ab4-1b8d-44c0-9f8c-50855c6f1fed:c2021]
2019-08-21 12:28:00,932 | INFO  | DNAudit | user=null | ip=null | op=PUT_BLOCK {blockData=[blockId=conID: 1 locID: 102654966555410918 bcsId: 0,size=2097152]} | ret=SUCCESS |  
2019-08-21 12:28:00,932 | INFO  | DNAudit | user=null | ip=null | op=WRITE_CHUNK {blockData=conID: 1 locID: 102654966555410918 bcsId: 0} | ret=SUCCESS |  
2019-08-21 12:28:00,933 | INFO  | DNAudit | user=null | ip=null | op=PUT_BLOCK {blockData=[blockId=conID: 1 locID: 102654966555410918 bcsId: 0,size=2097152]} | ret=SUCCESS |  
2019-08-21 12:28:00,933 [grpc-default-executor-1] INFO  client.GrpcClientProtocolClient (GrpcClientProtocolClient.java:onNext(255)) - client-C954105195FD->270584e6-a4a8-4db5-8151-214655ce1a56: receive RaftClientReply:client-C954105195FD->270584e6-a4a8-4db5-8151-214655ce1a56@group-787F5BA3AA67, cid=1426, SUCCESS, logIndex=0, commits[270584e6-a4a8-4db5-8151-214655ce1a56:c2026, af078b8b-61ec-497f-9506-472d46a72462:c2023, 09fb9ab4-1b8d-44c0-9f8c-50855c6f1fed:c2023]
2019-08-21 12:28:00,939 | INFO  | DNAudit | user=null | ip=null | op=WRITE_CHUNK {blockData=conID: 1 locID: 102654966555410918 bcsId: 2023} | ret=SUCCESS |  
2019-08-21 12:28:00,943 | INFO  | DNAudit | user=null | ip=null | op=WRITE_CHUNK {blockData=conID: 1 locID: 102654966555410918 bcsId: 2023} | ret=SUCCESS |  
2019-08-21 12:28:00,945 | INFO  | DNAudit | user=null | ip=null | op=WRITE_CHUNK {blockData=conID: 1 locID: 102654966555410918 bcsId: 2023} | ret=SUCCESS |  
2019-08-21 12:28:00,955 | INFO  | DNAudit | user=null | ip=null | op=WRITE_CHUNK {blockData=conID: 1 locID: 102654966555410918 bcsId: 2023} | ret=SUCCESS |  
2019-08-21 12:28:00,955 | INFO  | DNAudit | user=null | ip=null | op=PUT_BLOCK {blockData=[blockId=conID: 1 locID: 102654966555410918 bcsId: 0,size=3145728]} | ret=SUCCESS |  
2019-08-21 12:28:00,955 [grpc-default-executor-1] INFO  client.GrpcClientProtocolClient (GrpcClientProtocolClient.java:onNext(255)) - client-C954105195FD->270584e6-a4a8-4db5-8151-214655ce1a56: receive RaftClientReply:client-C954105195FD->270584e6-a4a8-4db5-8151-214655ce1a56@group-787F5BA3AA67, cid=1427, SUCCESS, logIndex=2027, commits[270584e6-a4a8-4db5-8151-214655ce1a56:c2028, af078b8b-61ec-497f-9506-472d46a72462:c2026, 09fb9ab4-1b8d-44c0-9f8c-50855c6f1fed:c2026]
2019-08-21 12:28:00,956 [grpc-default-executor-1] INFO  client.GrpcClientProtocolClient (GrpcClientProtocolClient.java:onNext(255)) - client-C954105195FD->270584e6-a4a8-4db5-8151-214655ce1a56: receive RaftClientReply:client-C954105195FD->270584e6-a4a8-4db5-8151-214655ce1a56@group-787F5BA3AA67, cid=1428, SUCCESS, logIndex=2028, commits[270584e6-a4a8-4db5-8151-214655ce1a56:c2028, af078b8b-61ec-497f-9506-472d46a72462:c2026, 09fb9ab4-1b8d-44c0-9f8c-50855c6f1fed:c2026]
2019-08-21 12:28:00,962 | INFO  | DNAudit | user=null | ip=null | op=WRITE_CHUNK {blockData=conID: 1 locID: 102654966555410918 bcsId: 2028} | ret=SUCCESS |  
2019-08-21 12:28:00,965 | INFO  | DNAudit | user=null | ip=null | op=WRITE_CHUNK {blockData=conID: 1 locID: 102654966555410918 bcsId: 2028} | ret=SUCCESS |  
2019-08-21 12:28:00,965 | INFO  | DNAudit | user=null | ip=null | op=WRITE_CHUNK {blockData=conID: 1 locID: 102654966555410918 bcsId: 2023} | ret=SUCCESS |  
2019-08-21 12:28:00,965 | INFO  | DNAudit | user=null | ip=null | op=WRITE_CHUNK {blockData=conID: 1 locID: 102654966555410918 bcsId: 2023} | ret=SUCCESS |  
2019-08-21 12:28:00,965 | INFO  | DNAudit | user=null | ip=null | op=WRITE_CHUNK {blockData=conID: 1 locID: 102654966555410918 bcsId: 2028} | ret=SUCCESS |  
2019-08-21 12:28:00,966 | INFO  | DNAudit | user=null | ip=null | op=PUT_BLOCK {blockData=[blockId=conID: 1 locID: 102654966555410918 bcsId: 0,size=3145728]} | ret=SUCCESS |  
2019-08-21 12:28:00,966 | INFO  | DNAudit | user=null | ip=null | op=PUT_BLOCK {blockData=[blockId=conID: 1 locID: 102654966555410918 bcsId: 0,size=3145728]} | ret=SUCCESS |  
2019-08-21 12:28:00,967 | INFO  | DNAudit | user=null | ip=null | op=WRITE_CHUNK {blockData=conID: 1 locID: 102654966555410918 bcsId: 2028} | ret=SUCCESS |  
2019-08-21 12:28:00,967 | INFO  | DNAudit | user=null | ip=null | op=PUT_BLOCK {blockData=[blockId=conID: 1 locID: 102654966555410918 bcsId: 0,size=4194304]} | ret=SUCCESS |  
2019-08-21 12:28:00,967 [grpc-default-executor-1] INFO  client.GrpcClientProtocolClient (GrpcClientProtocolClient.java:onNext(255)) - client-C954105195FD->270584e6-a4a8-4db5-8151-214655ce1a56: receive RaftClientReply:client-C954105195FD->270584e6-a4a8-4db5-8151-214655ce1a56@group-787F5BA3AA67, cid=1429, SUCCESS, logIndex=2031, commits[270584e6-a4a8-4db5-8151-214655ce1a56:c2032, af078b8b-61ec-497f-9506-472d46a72462:c2028, 09fb9ab4-1b8d-44c0-9f8c-50855c6f1fed:c2028]
2019-08-21 12:28:00,968 [grpc-default-executor-1] INFO  client.GrpcClientProtocolClient (GrpcClientProtocolClient.java:onNext(255)) - client-C954105195FD->270584e6-a4a8-4db5-8151-214655ce1a56: receive RaftClientReply:client-C954105195FD->270584e6-a4a8-4db5-8151-214655ce1a56@group-787F5BA3AA67, cid=1430, SUCCESS, logIndex=2032, commits[270584e6-a4a8-4db5-8151-214655ce1a56:c2032, af078b8b-61ec-497f-9506-472d46a72462:c2028, 09fb9ab4-1b8d-44c0-9f8c-50855c6f1fed:c2028]
2019-08-21 12:28:00,982 | INFO  | DNAudit | user=null | ip=null | op=WRITE_CHUNK {blockData=conID: 1 locID: 102654966555410918 bcsId: 2028} | ret=SUCCESS |  
2019-08-21 12:28:00,982 | INFO  | DNAudit | user=null | ip=null | op=WRITE_CHUNK {blockData=conID: 1 locID: 102654966555410918 bcsId: 2028} | ret=SUCCESS |  
2019-08-21 12:28:00,983 | INFO  | DNAudit | user=null | ip=null | op=PUT_BLOCK {blockData=[blockId=conID: 1 locID: 102654966555410918 bcsId: 0,size=4194304]} | ret=SUCCESS |  
2019-08-21 12:28:00,983 | INFO  | DNAudit | user=null | ip=null | op=PUT_BLOCK {blockData=[blockId=conID: 1 locID: 102654966555410918 bcsId: 0,size=4194304]} | ret=SUCCESS |  
2019-08-21 12:28:00,983 [grpc-default-executor-5] INFO  client.GrpcClientProtocolClient (GrpcClientProtocolClient.java:onNext(255)) - client-C954105195FD->270584e6-a4a8-4db5-8151-214655ce1a56: receive RaftClientReply:client-C954105195FD->270584e6-a4a8-4db5-8151-214655ce1a56@group-787F5BA3AA67, cid=1431, SUCCESS, logIndex=0, commits[270584e6-a4a8-4db5-8151-214655ce1a56:c2034, af078b8b-61ec-497f-9506-472d46a72462:c2032, 09fb9ab4-1b8d-44c0-9f8c-50855c6f1fed:c2032]
2019-08-21 12:28:00,990 | INFO  | SCMAudit | user=jenkins1000 | ip=192.168.34.23 | op=ALLOCATE_BLOCK {owner=b79f83c9-5f7d-4caf-af30-78af34bc5eea, size=4194304, type=RATIS, factor=THREE} | ret=SUCCESS |  
2019-08-21 12:28:00,992 | INFO  | OMAudit | user=jenkins1000 | ip=127.0.0.1 | op=ALLOCATE_BLOCK {volume=vol-0-06517, bucket=bucket-0-64549, key=key-0-34512, dataSize=0, replicationType=null, replicationFactor=null, keyLocationInfo=null, clientID=102654965997830546} | ret=SUCCESS |  
2019-08-21 12:28:00,998 | INFO  | DNAudit | user=null | ip=null | op=WRITE_CHUNK {blockData=conID: 2 locID: 102654966562095591 bcsId: 0} | ret=SUCCESS |  
2019-08-21 12:28:01,000 | INFO  | DNAudit | user=null | ip=null | op=WRITE_CHUNK {blockData=conID: 2 locID: 102654966562095591 bcsId: 0} | ret=SUCCESS |  
2019-08-21 12:28:01,001 | INFO  | DNAudit | user=null | ip=null | op=WRITE_CHUNK {blockData=conID: 2 locID: 102654966562095591 bcsId: 0} | ret=SUCCESS |  
2019-08-21 12:28:01,001 | INFO  | DNAudit | user=null | ip=null | op=WRITE_CHUNK {blockData=conID: 2 locID: 102654966562095591 bcsId: 0} | ret=SUCCESS |  
2019-08-21 12:28:01,003 | INFO  | DNAudit | user=null | ip=null | op=WRITE_CHUNK {blockData=conID: 2 locID: 102654966562095591 bcsId: 0} | ret=SUCCESS |  
2019-08-21 12:28:01,003 | INFO  | DNAudit | user=null | ip=null | op=WRITE_CHUNK {blockData=conID: 2 locID: 102654966562095591 bcsId: 0} | ret=SUCCESS |  
2019-08-21 12:28:01,011 | INFO  | DNAudit | user=null | ip=null | op=WRITE_CHUNK {blockData=conID: 2 locID: 102654966562095591 bcsId: 0} | ret=SUCCESS |  
2019-08-21 12:28:01,011 | INFO  | DNAudit | user=null | ip=null | op=PUT_BLOCK {blockData=[blockId=conID: 2 locID: 102654966562095591 bcsId: 0,size=1048576]} | ret=SUCCESS |  
2019-08-21 12:28:01,011 | INFO  | DNAudit | user=null | ip=null | op=WRITE_CHUNK {blockData=conID: 2 locID: 102654966562095591 bcsId: 0} | ret=SUCCESS |  
2019-08-21 12:28:01,011 [grpc-default-executor-5] INFO  client.GrpcClientProtocolClient (GrpcClientProtocolClient.java:onNext(255)) - client-C954105195FD->270584e6-a4a8-4db5-8151-214655ce1a56: receive RaftClientReply:client-C954105195FD->270584e6-a4a8-4db5-8151-214655ce1a56@group-787F5BA3AA67, cid=1432, SUCCESS, logIndex=2035, commits[270584e6-a4a8-4db5-8151-214655ce1a56:c2036, af078b8b-61ec-497f-9506-472d46a72462:c2034, 09fb9ab4-1b8d-44c0-9f8c-50855c6f1fed:c2034]
2019-08-21 12:28:01,012 | INFO  | DNAudit | user=null | ip=null | op=PUT_BLOCK {blockData=[blockId=conID: 2 locID: 102654966562095591 bcsId: 0,size=2097152]} | ret=SUCCESS |  
2019-08-21 12:28:01,012 [grpc-default-executor-5] INFO  client.GrpcClientProtocolClient (GrpcClientProtocolClient.java:onNext(255)) - client-C954105195FD->270584e6-a4a8-4db5-8151-214655ce1a56: receive RaftClientReply:client-C954105195FD->270584e6-a4a8-4db5-8151-214655ce1a56@group-787F5BA3AA67, cid=1433, SUCCESS, logIndex=2036, commits[270584e6-a4a8-4db5-8151-214655ce1a56:c2037, af078b8b-61ec-497f-9506-472d46a72462:c2034, 09fb9ab4-1b8d-44c0-9f8c-50855c6f1fed:c2034]
2019-08-21 12:28:01,012 [grpc-default-executor-5] INFO  client.GrpcClientProtocolClient (GrpcClientProtocolClient.java:onNext(255)) - client-C954105195FD->270584e6-a4a8-4db5-8151-214655ce1a56: receive RaftClientReply:client-C954105195FD->270584e6-a4a8-4db5-8151-214655ce1a56@group-787F5BA3AA67, cid=1434, SUCCESS, logIndex=2037, commits[270584e6-a4a8-4db5-8151-214655ce1a56:c2038, af078b8b-61ec-497f-9506-472d46a72462:c2034, 09fb9ab4-1b8d-44c0-9f8c-50855c6f1fed:c2034]
2019-08-21 12:28:01,012 | INFO  | DNAudit | user=null | ip=null | op=WRITE_CHUNK {blockData=conID: 2 locID: 102654966562095591 bcsId: 0} | ret=SUCCESS |  
2019-08-21 12:28:01,012 [grpc-default-executor-5] INFO  client.GrpcClientProtocolClient (GrpcClientProtocolClient.java:onNext(255)) - client-C954105195FD->270584e6-a4a8-4db5-8151-214655ce1a56: receive RaftClientReply:client-C954105195FD->270584e6-a4a8-4db5-8151-214655ce1a56@group-787F5BA3AA67, cid=1435, SUCCESS, logIndex=2038, commits[270584e6-a4a8-4db5-8151-214655ce1a56:c2038, af078b8b-61ec-497f-9506-472d46a72462:c2034, 09fb9ab4-1b8d-44c0-9f8c-50855c6f1fed:c2034]
2019-08-21 12:28:01,013 | INFO  | DNAudit | user=null | ip=null | op=PUT_BLOCK {blockData=[blockId=conID: 2 locID: 102654966562095591 bcsId: 0,size=1048576]} | ret=SUCCESS |  
2019-08-21 12:28:01,015 | INFO  | DNAudit | user=null | ip=null | op=WRITE_CHUNK {blockData=conID: 2 locID: 102654966562095591 bcsId: 0} | ret=SUCCESS |  
2019-08-21 12:28:01,015 | INFO  | DNAudit | user=null | ip=null | op=PUT_BLOCK {blockData=[blockId=conID: 2 locID: 102654966562095591 bcsId: 0,size=1048576]} | ret=SUCCESS |  
2019-08-21 12:28:01,015 [grpc-default-executor-5] INFO  client.GrpcClientProtocolClient (GrpcClientProtocolClient.java:onNext(255)) - client-C954105195FD->270584e6-a4a8-4db5-8151-214655ce1a56: receive RaftClientReply:client-C954105195FD->270584e6-a4a8-4db5-8151-214655ce1a56@group-787F5BA3AA67, cid=1436, SUCCESS, logIndex=0, commits[270584e6-a4a8-4db5-8151-214655ce1a56:c2040, af078b8b-61ec-497f-9506-472d46a72462:c2036, 09fb9ab4-1b8d-44c0-9f8c-50855c6f1fed:c2036]
2019-08-21 12:28:01,022 | INFO  | DNAudit | user=null | ip=null | op=WRITE_CHUNK {blockData=conID: 2 locID: 102654966562095591 bcsId: 2038} | ret=SUCCESS |  
2019-08-21 12:28:01,024 | INFO  | DNAudit | user=null | ip=null | op=WRITE_CHUNK {blockData=conID: 2 locID: 102654966562095591 bcsId: 2038} | ret=SUCCESS |  
2019-08-21 12:28:01,024 | INFO  | DNAudit | user=null | ip=null | op=WRITE_CHUNK {blockData=conID: 2 locID: 102654966562095591 bcsId: 2038} | ret=SUCCESS |  
2019-08-21 12:28:01,026 | INFO  | DNAudit | user=null | ip=null | op=WRITE_CHUNK {blockData=conID: 2 locID: 102654966562095591 bcsId: 0} | ret=SUCCESS |  
2019-08-21 12:28:01,026 | INFO  | DNAudit | user=null | ip=null | op=PUT_BLOCK {blockData=[blockId=conID: 2 locID: 102654966562095591 bcsId: 0,size=2097152]} | ret=SUCCESS |  
2019-08-21 12:28:01,026 | INFO  | DNAudit | user=null | ip=null | op=WRITE_CHUNK {blockData=conID: 2 locID: 102654966562095591 bcsId: 0} | ret=SUCCESS |  
2019-08-21 12:28:01,026 | INFO  | DNAudit | user=null | ip=null | op=PUT_BLOCK {blockData=[blockId=conID: 2 locID: 102654966562095591 bcsId: 0,size=2097152]} | ret=SUCCESS |  
2019-08-21 12:28:01,028 | INFO  | DNAudit | user=null | ip=null | op=WRITE_CHUNK {blockData=conID: 2 locID: 102654966562095591 bcsId: 2038} | ret=SUCCESS |  
2019-08-21 12:28:01,029 | INFO  | DNAudit | user=null | ip=null | op=PUT_BLOCK {blockData=[blockId=conID: 2 locID: 102654966562095591 bcsId: 0,size=3145728]} | ret=SUCCESS |  
2019-08-21 12:28:01,029 [grpc-default-executor-5] INFO  client.GrpcClientProtocolClient (GrpcClientProtocolClient.java:onNext(255)) - client-C954105195FD->270584e6-a4a8-4db5-8151-214655ce1a56: receive RaftClientReply:client-C954105195FD->270584e6-a4a8-4db5-8151-214655ce1a56@group-787F5BA3AA67, cid=1437, SUCCESS, logIndex=2043, commits[270584e6-a4a8-4db5-8151-214655ce1a56:c2044, af078b8b-61ec-497f-9506-472d46a72462:c2038, 09fb9ab4-1b8d-44c0-9f8c-50855c6f1fed:c2040]
2019-08-21 12:28:01,029 [grpc-default-executor-5] INFO  client.GrpcClientProtocolClient (GrpcClientProtocolClient.java:onNext(255)) - client-C954105195FD->270584e6-a4a8-4db5-8151-214655ce1a56: receive RaftClientReply:client-C954105195FD->270584e6-a4a8-4db5-8151-214655ce1a56@group-787F5BA3AA67, cid=1438, SUCCESS, logIndex=2044, commits[270584e6-a4a8-4db5-8151-214655ce1a56:c2044, af078b8b-61ec-497f-9506-472d46a72462:c2040, 09fb9ab4-1b8d-44c0-9f8c-50855c6f1fed:c2040]
2019-08-21 12:28:01,035 | INFO  | DNAudit | user=null | ip=null | op=WRITE_CHUNK {blockData=conID: 2 locID: 102654966562095591 bcsId: 2044} | ret=SUCCESS |  
2019-08-21 12:28:01,036 | INFO  | DNAudit | user=null | ip=null | op=WRITE_CHUNK {blockData=conID: 2 locID: 102654966562095591 bcsId: 2044} | ret=SUCCESS |  
2019-08-21 12:28:01,037 | INFO  | DNAudit | user=null | ip=null | op=WRITE_CHUNK {blockData=conID: 2 locID: 102654966562095591 bcsId: 2044} | ret=SUCCESS |  
2019-08-21 12:28:01,040 | INFO  | DNAudit | user=null | ip=null | op=WRITE_CHUNK {blockData=conID: 2 locID: 102654966562095591 bcsId: 2038} | ret=SUCCESS |  
2019-08-21 12:28:01,040 | INFO  | DNAudit | user=null | ip=null | op=WRITE_CHUNK {blockData=conID: 2 locID: 102654966562095591 bcsId: 2038} | ret=SUCCESS |  
2019-08-21 12:28:01,040 | INFO  | DNAudit | user=null | ip=null | op=PUT_BLOCK {blockData=[blockId=conID: 2 locID: 102654966562095591 bcsId: 0,size=3145728]} | ret=SUCCESS |  
2019-08-21 12:28:01,040 | INFO  | DNAudit | user=null | ip=null | op=PUT_BLOCK {blockData=[blockId=conID: 2 locID: 102654966562095591 bcsId: 0,size=3145728]} | ret=SUCCESS |  
2019-08-21 12:28:01,043 | INFO  | DNAudit | user=null | ip=null | op=WRITE_CHUNK {blockData=conID: 2 locID: 102654966562095591 bcsId: 2044} | ret=SUCCESS |  
2019-08-21 12:28:01,044 | INFO  | DNAudit | user=null | ip=null | op=PUT_BLOCK {blockData=[blockId=conID: 2 locID: 102654966562095591 bcsId: 0,size=4194304]} | ret=SUCCESS |  
2019-08-21 12:28:01,044 [grpc-default-executor-1] INFO  client.GrpcClientProtocolClient (GrpcClientProtocolClient.java:onNext(255)) - client-C954105195FD->270584e6-a4a8-4db5-8151-214655ce1a56: receive RaftClientReply:client-C954105195FD->270584e6-a4a8-4db5-8151-214655ce1a56@group-787F5BA3AA67, cid=1439, SUCCESS, logIndex=2046, commits[270584e6-a4a8-4db5-8151-214655ce1a56:c2046, af078b8b-61ec-497f-9506-472d46a72462:c2044, 09fb9ab4-1b8d-44c0-9f8c-50855c6f1fed:c2044]
2019-08-21 12:28:01,044 [grpc-default-executor-1] INFO  client.GrpcClientProtocolClient (GrpcClientProtocolClient.java:onNext(255)) - client-C954105195FD->270584e6-a4a8-4db5-8151-214655ce1a56: receive RaftClientReply:client-C954105195FD->270584e6-a4a8-4db5-8151-214655ce1a56@group-787F5BA3AA67, cid=1440, SUCCESS, logIndex=2047, commits[270584e6-a4a8-4db5-8151-214655ce1a56:c2047, af078b8b-61ec-497f-9506-472d46a72462:c2044, 09fb9ab4-1b8d-44c0-9f8c-50855c6f1fed:c2044]
2019-08-21 12:28:01,055 | INFO  | DNAudit | user=null | ip=null | op=WRITE_CHUNK {blockData=conID: 2 locID: 102654966562095591 bcsId: 2044} | ret=SUCCESS |  
2019-08-21 12:28:01,055 | INFO  | DNAudit | user=null | ip=null | op=WRITE_CHUNK {blockData=conID: 2 locID: 102654966562095591 bcsId: 2044} | ret=SUCCESS |  
2019-08-21 12:28:01,058 | INFO  | DNAudit | user=null | ip=null | op=PUT_BLOCK {blockData=[blockId=conID: 2 locID: 102654966562095591 bcsId: 0,size=4194304]} | ret=SUCCESS |  
2019-08-21 12:28:01,058 | INFO  | DNAudit | user=null | ip=null | op=PUT_BLOCK {blockData=[blockId=conID: 2 locID: 102654966562095591 bcsId: 0,size=4194304]} | ret=SUCCESS |  
2019-08-21 12:28:01,058 [grpc-default-executor-1] INFO  client.GrpcClientProtocolClient (GrpcClientProtocolClient.java:onNext(255)) - client-C954105195FD->270584e6-a4a8-4db5-8151-214655ce1a56: receive RaftClientReply:client-C954105195FD->270584e6-a4a8-4db5-8151-214655ce1a56@group-787F5BA3AA67, cid=1441, SUCCESS, logIndex=0, commits[270584e6-a4a8-4db5-8151-214655ce1a56:c2048, af078b8b-61ec-497f-9506-472d46a72462:c2047, 09fb9ab4-1b8d-44c0-9f8c-50855c6f1fed:c2047]
2019-08-21 12:28:01,062 | INFO  | SCMAudit | user=jenkins1000 | ip=192.168.34.23 | op=ALLOCATE_BLOCK {owner=b79f83c9-5f7d-4caf-af30-78af34bc5eea, size=4194304, type=RATIS, factor=THREE} | ret=SUCCESS |  
2019-08-21 12:28:01,064 | INFO  | OMAudit | user=jenkins1000 | ip=127.0.0.1 | op=ALLOCATE_BLOCK {volume=vol-0-06517, bucket=bucket-0-64549, key=key-0-34512, dataSize=0, replicationType=null, replicationFactor=null, keyLocationInfo=null, clientID=102654965997830546} | ret=SUCCESS |  
2019-08-21 12:28:01,071 | INFO  | DNAudit | user=null | ip=null | op=WRITE_CHUNK {blockData=conID: 3 locID: 102654966566879720 bcsId: 0} | ret=SUCCESS |  
2019-08-21 12:28:01,072 | INFO  | DNAudit | user=null | ip=null | op=WRITE_CHUNK {blockData=conID: 3 locID: 102654966566879720 bcsId: 0} | ret=SUCCESS |  
2019-08-21 12:28:01,072 | INFO  | DNAudit | user=null | ip=null | op=WRITE_CHUNK {blockData=conID: 3 locID: 102654966566879720 bcsId: 0} | ret=SUCCESS |  
2019-08-21 12:28:01,073 | INFO  | DNAudit | user=null | ip=null | op=WRITE_CHUNK {blockData=conID: 3 locID: 102654966566879720 bcsId: 0} | ret=SUCCESS |  
2019-08-21 12:28:01,074 | INFO  | DNAudit | user=null | ip=null | op=WRITE_CHUNK {blockData=conID: 3 locID: 102654966566879720 bcsId: 0} | ret=SUCCESS |  
2019-08-21 12:28:01,074 | INFO  | DNAudit | user=null | ip=null | op=WRITE_CHUNK {blockData=conID: 3 locID: 102654966566879720 bcsId: 0} | ret=SUCCESS |  
2019-08-21 12:28:01,080 | INFO  | SCMAudit | user=jenkins1000 | ip=192.168.34.23 | op=SEND_HEARTBEAT {datanodeUUID=0aa4def6-fe9f-4182-b0b1-80406548816f, command=[]} | ret=SUCCESS |  
2019-08-21 12:28:01,080 | INFO  | SCMAudit | user=jenkins1000 | ip=192.168.34.23 | op=SEND_HEARTBEAT {datanodeUUID=39ae8c09-9b4b-4ddc-906b-4e52d104e1b1, command=[]} | ret=SUCCESS |  
2019-08-21 12:28:01,085 | INFO  | DNAudit | user=null | ip=null | op=WRITE_CHUNK {blockData=conID: 3 locID: 102654966566879720 bcsId: 0} | ret=SUCCESS |  
2019-08-21 12:28:01,086 | INFO  | DNAudit | user=null | ip=null | op=PUT_BLOCK {blockData=[blockId=conID: 3 locID: 102654966566879720 bcsId: 0,size=1048576]} | ret=SUCCESS |  
2019-08-21 12:28:01,086 [grpc-default-executor-1] INFO  client.GrpcClientProtocolClient (GrpcClientProtocolClient.java:onNext(255)) - client-C954105195FD->270584e6-a4a8-4db5-8151-214655ce1a56: receive RaftClientReply:client-C954105195FD->270584e6-a4a8-4db5-8151-214655ce1a56@group-787F5BA3AA67, cid=1442, SUCCESS, logIndex=2050, commits[270584e6-a4a8-4db5-8151-214655ce1a56:c2053, af078b8b-61ec-497f-9506-472d46a72462:c2049, 09fb9ab4-1b8d-44c0-9f8c-50855c6f1fed:c2049]
2019-08-21 12:28:01,086 | INFO  | DNAudit | user=null | ip=null | op=WRITE_CHUNK {blockData=conID: 3 locID: 102654966566879720 bcsId: 0} | ret=SUCCESS |  
2019-08-21 12:28:01,086 [grpc-default-executor-2] INFO  client.GrpcClientProtocolClient (GrpcClientProtocolClient.java:onNext(255)) - client-C954105195FD->270584e6-a4a8-4db5-8151-214655ce1a56: receive RaftClientReply:client-C954105195FD->270584e6-a4a8-4db5-8151-214655ce1a56@group-787F5BA3AA67, cid=1443, SUCCESS, logIndex=2051, commits[270584e6-a4a8-4db5-8151-214655ce1a56:c2053, af078b8b-61ec-497f-9506-472d46a72462:c2049, 09fb9ab4-1b8d-44c0-9f8c-50855c6f1fed:c2049]
2019-08-21 12:28:01,086 | INFO  | DNAudit | user=null | ip=null | op=PUT_BLOCK {blockData=[blockId=conID: 3 locID: 102654966566879720 bcsId: 0,size=2097152]} | ret=SUCCESS |  
2019-08-21 12:28:01,087 [grpc-default-executor-2] INFO  client.GrpcClientProtocolClient (GrpcClientProtocolClient.java:onNext(255)) - client-C954105195FD->270584e6-a4a8-4db5-8151-214655ce1a56: receive RaftClientReply:client-C954105195FD->270584e6-a4a8-4db5-8151-214655ce1a56@group-787F5BA3AA67, cid=1444, SUCCESS, logIndex=2052, commits[270584e6-a4a8-4db5-8151-214655ce1a56:c2053, af078b8b-61ec-497f-9506-472d46a72462:c2049, 09fb9ab4-1b8d-44c0-9f8c-50855c6f1fed:c2049]
2019-08-21 12:28:01,087 [grpc-default-executor-2] INFO  client.GrpcClientProtocolClient (GrpcClientProtocolClient.java:onNext(255)) - client-C954105195FD->270584e6-a4a8-4db5-8151-214655ce1a56: receive RaftClientReply:client-C954105195FD->270584e6-a4a8-4db5-8151-214655ce1a56@group-787F5BA3AA67, cid=1445, SUCCESS, logIndex=2053, commits[270584e6-a4a8-4db5-8151-214655ce1a56:c2053, af078b8b-61ec-497f-9506-472d46a72462:c2049, 09fb9ab4-1b8d-44c0-9f8c-50855c6f1fed:c2049]
2019-08-21 12:28:01,096 | INFO  | DNAudit | user=null | ip=null | op=WRITE_CHUNK {blockData=conID: 3 locID: 102654966566879720 bcsId: 0} | ret=SUCCESS |  
2019-08-21 12:28:01,097 | INFO  | DNAudit | user=null | ip=null | op=PUT_BLOCK {blockData=[blockId=conID: 3 locID: 102654966566879720 bcsId: 0,size=1048576]} | ret=SUCCESS |  
2019-08-21 12:28:01,097 | INFO  | DNAudit | user=null | ip=null | op=WRITE_CHUNK {blockData=conID: 3 locID: 102654966566879720 bcsId: 0} | ret=SUCCESS |  
2019-08-21 12:28:01,097 | INFO  | DNAudit | user=null | ip=null | op=PUT_BLOCK {blockData=[blockId=conID: 3 locID: 102654966566879720 bcsId: 0,size=1048576]} | ret=SUCCESS |  
2019-08-21 12:28:01,097 | INFO  | DNAudit | user=null | ip=null | op=WRITE_CHUNK {blockData=conID: 3 locID: 102654966566879720 bcsId: 0} | ret=SUCCESS |  
2019-08-21 12:28:01,098 | INFO  | DNAudit | user=null | ip=null | op=PUT_BLOCK {blockData=[blockId=conID: 3 locID: 102654966566879720 bcsId: 0,size=2097152]} | ret=SUCCESS |  
2019-08-21 12:28:01,098 [grpc-default-executor-2] INFO  client.GrpcClientProtocolClient (GrpcClientProtocolClient.java:onNext(255)) - client-C954105195FD->270584e6-a4a8-4db5-8151-214655ce1a56: receive RaftClientReply:client-C954105195FD->270584e6-a4a8-4db5-8151-214655ce1a56@group-787F5BA3AA67, cid=1446, SUCCESS, logIndex=0, commits[270584e6-a4a8-4db5-8151-214655ce1a56:c2054, af078b8b-61ec-497f-9506-472d46a72462:c2051, 09fb9ab4-1b8d-44c0-9f8c-50855c6f1fed:c2051]
2019-08-21 12:28:01,099 | INFO  | DNAudit | user=null | ip=null | op=WRITE_CHUNK {blockData=conID: 3 locID: 102654966566879720 bcsId: 0} | ret=SUCCESS |  
2019-08-21 12:28:01,099 | INFO  | DNAudit | user=null | ip=null | op=PUT_BLOCK {blockData=[blockId=conID: 3 locID: 102654966566879720 bcsId: 0,size=2097152]} | ret=SUCCESS |  
2019-08-21 12:28:01,104 | INFO  | DNAudit | user=null | ip=null | op=WRITE_CHUNK {blockData=conID: 3 locID: 102654966566879720 bcsId: 2053} | ret=SUCCESS |  
2019-08-21 12:28:01,107 | INFO  | DNAudit | user=null | ip=null | op=WRITE_CHUNK {blockData=conID: 3 locID: 102654966566879720 bcsId: 2053} | ret=SUCCESS |  
2019-08-21 12:28:01,107 | INFO  | DNAudit | user=null | ip=null | op=WRITE_CHUNK {blockData=conID: 3 locID: 102654966566879720 bcsId: 2053} | ret=SUCCESS |  
2019-08-21 12:28:01,117 | INFO  | DNAudit | user=null | ip=null | op=WRITE_CHUNK {blockData=conID: 3 locID: 102654966566879720 bcsId: 2053} | ret=SUCCESS |  
2019-08-21 12:28:01,118 | INFO  | DNAudit | user=null | ip=null | op=PUT_BLOCK {blockData=[blockId=conID: 3 locID: 102654966566879720 bcsId: 0,size=3145728]} | ret=SUCCESS |  
2019-08-21 12:28:01,118 [grpc-default-executor-2] INFO  client.GrpcClientProtocolClient (GrpcClientProtocolClient.java:onNext(255)) - client-C954105195FD->270584e6-a4a8-4db5-8151-214655ce1a56: receive RaftClientReply:client-C954105195FD->270584e6-a4a8-4db5-8151-214655ce1a56@group-787F5BA3AA67, cid=1447, SUCCESS, logIndex=2058, commits[270584e6-a4a8-4db5-8151-214655ce1a56:c2059, af078b8b-61ec-497f-9506-472d46a72462:c2057, 09fb9ab4-1b8d-44c0-9f8c-50855c6f1fed:c2057]
2019-08-21 12:28:01,118 [grpc-default-executor-2] INFO  client.GrpcClientProtocolClient (GrpcClientProtocolClient.java:onNext(255)) - client-C954105195FD->270584e6-a4a8-4db5-8151-214655ce1a56: receive RaftClientReply:client-C954105195FD->270584e6-a4a8-4db5-8151-214655ce1a56@group-787F5BA3AA67, cid=1448, SUCCESS, logIndex=2059, commits[270584e6-a4a8-4db5-8151-214655ce1a56:c2059, af078b8b-61ec-497f-9506-472d46a72462:c2057, 09fb9ab4-1b8d-44c0-9f8c-50855c6f1fed:c2057]
2019-08-21 12:28:01,120 | INFO  | DNAudit | user=null | ip=null | op=WRITE_CHUNK {blockData=conID: 3 locID: 102654966566879720 bcsId: 2053} | ret=SUCCESS |  
2019-08-21 12:28:01,120 | INFO  | DNAudit | user=null | ip=null | op=WRITE_CHUNK {blockData=conID: 3 locID: 102654966566879720 bcsId: 2053} | ret=SUCCESS |  
2019-08-21 12:28:01,120 | INFO  | DNAudit | user=null | ip=null | op=PUT_BLOCK {blockData=[blockId=conID: 3 locID: 102654966566879720 bcsId: 0,size=3145728]} | ret=SUCCESS |  
2019-08-21 12:28:01,120 | INFO  | DNAudit | user=null | ip=null | op=PUT_BLOCK {blockData=[blockId=conID: 3 locID: 102654966566879720 bcsId: 0,size=3145728]} | ret=SUCCESS |  
2019-08-21 12:28:01,125 | INFO  | DNAudit | user=null | ip=null | op=WRITE_CHUNK {blockData=conID: 3 locID: 102654966566879720 bcsId: 2059} | ret=SUCCESS |  
2019-08-21 12:28:01,126 | INFO  | DNAudit | user=null | ip=null | op=WRITE_CHUNK {blockData=conID: 3 locID: 102654966566879720 bcsId: 2059} | ret=SUCCESS |  
2019-08-21 12:28:01,126 | INFO  | DNAudit | user=null | ip=null | op=WRITE_CHUNK {blockData=conID: 3 locID: 102654966566879720 bcsId: 2059} | ret=SUCCESS |  
2019-08-21 12:28:01,128 | INFO  | DNAudit | user=null | ip=null | op=WRITE_CHUNK {blockData=conID: 3 locID: 102654966566879720 bcsId: 2059} | ret=SUCCESS |  
2019-08-21 12:28:01,131 [grpc-default-executor-2] INFO  client.GrpcClientProtocolClient (GrpcClientProtocolClient.java:onNext(255)) - client-C954105195FD->270584e6-a4a8-4db5-8151-214655ce1a56: receive RaftClientReply:client-C954105195FD->270584e6-a4a8-4db5-8151-214655ce1a56@group-787F5BA3AA67, cid=1449, SUCCESS, logIndex=2062, commits[270584e6-a4a8-4db5-8151-214655ce1a56:c2063, af078b8b-61ec-497f-9506-472d46a72462:c2061, 09fb9ab4-1b8d-44c0-9f8c-50855c6f1fed:c2059]
2019-08-21 12:28:01,131 | INFO  | DNAudit | user=null | ip=null | op=WRITE_CHUNK {blockData=conID: 3 locID: 102654966566879720 bcsId: 2059} | ret=SUCCESS |  
2019-08-21 12:28:01,131 | INFO  | DNAudit | user=null | ip=null | op=PUT_BLOCK {blockData=[blockId=conID: 3 locID: 102654966566879720 bcsId: 0,size=4194304]} | ret=SUCCESS |  
2019-08-21 12:28:01,131 | INFO  | DNAudit | user=null | ip=null | op=WRITE_CHUNK {blockData=conID: 3 locID: 102654966566879720 bcsId: 2059} | ret=SUCCESS |  
2019-08-21 12:28:01,132 | INFO  | DNAudit | user=null | ip=null | op=PUT_BLOCK {blockData=[blockId=conID: 3 locID: 102654966566879720 bcsId: 0,size=4194304]} | ret=SUCCESS |  
2019-08-21 12:28:01,132 | INFO  | DNAudit | user=null | ip=null | op=PUT_BLOCK {blockData=[blockId=conID: 3 locID: 102654966566879720 bcsId: 0,size=4194304]} | ret=SUCCESS |  
2019-08-21 12:28:01,132 [grpc-default-executor-2] INFO  client.GrpcClientProtocolClient (GrpcClientProtocolClient.java:onNext(255)) - client-C954105195FD->270584e6-a4a8-4db5-8151-214655ce1a56: receive RaftClientReply:client-C954105195FD->270584e6-a4a8-4db5-8151-214655ce1a56@group-787F5BA3AA67, cid=1450, SUCCESS, logIndex=2063, commits[270584e6-a4a8-4db5-8151-214655ce1a56:c2065, af078b8b-61ec-497f-9506-472d46a72462:c2063, 09fb9ab4-1b8d-44c0-9f8c-50855c6f1fed:c2063]
2019-08-21 12:28:01,137 | INFO  | SCMAudit | user=jenkins1000 | ip=192.168.34.23 | op=ALLOCATE_BLOCK {owner=b79f83c9-5f7d-4caf-af30-78af34bc5eea, size=4194304, type=RATIS, factor=THREE} | ret=SUCCESS |  
2019-08-21 12:28:01,140 | INFO  | OMAudit | user=jenkins1000 | ip=127.0.0.1 | op=ALLOCATE_BLOCK {volume=vol-0-06517, bucket=bucket-0-64549, key=key-0-34512, dataSize=0, replicationType=null, replicationFactor=null, keyLocationInfo=null, clientID=102654965997830546} | ret=SUCCESS |  
2019-08-21 12:28:01,146 | INFO  | DNAudit | user=null | ip=null | op=WRITE_CHUNK {blockData=conID: 1 locID: 102654966571794921 bcsId: 0} | ret=SUCCESS |  
2019-08-21 12:28:01,150 | INFO  | DNAudit | user=null | ip=null | op=WRITE_CHUNK {blockData=conID: 1 locID: 102654966571794921 bcsId: 0} | ret=SUCCESS |  
2019-08-21 12:28:01,150 | INFO  | DNAudit | user=null | ip=null | op=WRITE_CHUNK {blockData=conID: 1 locID: 102654966571794921 bcsId: 0} | ret=SUCCESS |  
2019-08-21 12:28:01,150 | INFO  | DNAudit | user=null | ip=null | op=WRITE_CHUNK {blockData=conID: 1 locID: 102654966571794921 bcsId: 0} | ret=SUCCESS |  
2019-08-21 12:28:01,151 | INFO  | DNAudit | user=null | ip=null | op=WRITE_CHUNK {blockData=conID: 1 locID: 102654966571794921 bcsId: 0} | ret=SUCCESS |  
2019-08-21 12:28:01,151 | INFO  | DNAudit | user=null | ip=null | op=WRITE_CHUNK {blockData=conID: 1 locID: 102654966571794921 bcsId: 0} | ret=SUCCESS |  
2019-08-21 12:28:01,174 | INFO  | DNAudit | user=null | ip=null | op=WRITE_CHUNK {blockData=conID: 1 locID: 102654966571794921 bcsId: 0} | ret=SUCCESS |  
2019-08-21 12:28:01,174 | INFO  | DNAudit | user=null | ip=null | op=PUT_BLOCK {blockData=[blockId=conID: 1 locID: 102654966571794921 bcsId: 0,size=1048576]} | ret=SUCCESS |  
2019-08-21 12:28:01,174 | INFO  | DNAudit | user=null | ip=null | op=WRITE_CHUNK {blockData=conID: 1 locID: 102654966571794921 bcsId: 0} | ret=SUCCESS |  
2019-08-21 12:28:01,174 [grpc-default-executor-2] INFO  client.GrpcClientProtocolClient (GrpcClientProtocolClient.java:onNext(255)) - client-C954105195FD->270584e6-a4a8-4db5-8151-214655ce1a56: receive RaftClientReply:client-C954105195FD->270584e6-a4a8-4db5-8151-214655ce1a56@group-787F5BA3AA67, cid=1451, SUCCESS, logIndex=2066, commits[270584e6-a4a8-4db5-8151-214655ce1a56:c2069, af078b8b-61ec-497f-9506-472d46a72462:c2065, 09fb9ab4-1b8d-44c0-9f8c-50855c6f1fed:c2065]
2019-08-21 12:28:01,175 | INFO  | DNAudit | user=null | ip=null | op=PUT_BLOCK {blockData=[blockId=conID: 1 locID: 102654966571794921 bcsId: 0,size=2097152]} | ret=SUCCESS |  
2019-08-21 12:28:01,175 [grpc-default-executor-2] INFO  client.GrpcClientProtocolClient (GrpcClientProtocolClient.java:onNext(255)) - client-C954105195FD->270584e6-a4a8-4db5-8151-214655ce1a56: receive RaftClientReply:client-C954105195FD->270584e6-a4a8-4db5-8151-214655ce1a56@group-787F5BA3AA67, cid=1452, SUCCESS, logIndex=2067, commits[270584e6-a4a8-4db5-8151-214655ce1a56:c2069, af078b8b-61ec-497f-9506-472d46a72462:c2065, 09fb9ab4-1b8d-44c0-9f8c-50855c6f1fed:c2065]
2019-08-21 12:28:01,175 [grpc-default-executor-2] INFO  client.GrpcClientProtocolClient (GrpcClientProtocolClient.java:onNext(255)) - client-C954105195FD->270584e6-a4a8-4db5-8151-214655ce1a56: receive RaftClientReply:client-C954105195FD->270584e6-a4a8-4db5-8151-214655ce1a56@group-787F5BA3AA67, cid=1453, SUCCESS, logIndex=2068, commits[270584e6-a4a8-4db5-8151-214655ce1a56:c2069, af078b8b-61ec-497f-9506-472d46a72462:c2065, 09fb9ab4-1b8d-44c0-9f8c-50855c6f1fed:c2065]
2019-08-21 12:28:01,175 [grpc-default-executor-2] INFO  client.GrpcClientProtocolClient (GrpcClientProtocolClient.java:onNext(255)) - client-C954105195FD->270584e6-a4a8-4db5-8151-214655ce1a56: receive RaftClientReply:client-C954105195FD->270584e6-a4a8-4db5-8151-214655ce1a56@group-787F5BA3AA67, cid=1454, SUCCESS, logIndex=2069, commits[270584e6-a4a8-4db5-8151-214655ce1a56:c2069, af078b8b-61ec-497f-9506-472d46a72462:c2065, 09fb9ab4-1b8d-44c0-9f8c-50855c6f1fed:c2065]
2019-08-21 12:28:01,185 | INFO  | DNAudit | user=null | ip=null | op=WRITE_CHUNK {blockData=conID: 1 locID: 102654966571794921 bcsId: 0} | ret=SUCCESS |  
2019-08-21 12:28:01,185 | INFO  | DNAudit | user=null | ip=null | op=WRITE_CHUNK {blockData=conID: 1 locID: 102654966571794921 bcsId: 0} | ret=SUCCESS |  
2019-08-21 12:28:01,185 | INFO  | DNAudit | user=null | ip=null | op=PUT_BLOCK {blockData=[blockId=conID: 1 locID: 102654966571794921 bcsId: 0,size=1048576]} | ret=SUCCESS |  
2019-08-21 12:28:01,185 | INFO  | DNAudit | user=null | ip=null | op=PUT_BLOCK {blockData=[blockId=conID: 1 locID: 102654966571794921 bcsId: 0,size=1048576]} | ret=SUCCESS |  
2019-08-21 12:28:01,186 | INFO  | DNAudit | user=null | ip=null | op=WRITE_CHUNK {blockData=conID: 1 locID: 102654966571794921 bcsId: 0} | ret=SUCCESS |  
2019-08-21 12:28:01,186 | INFO  | DNAudit | user=null | ip=null | op=WRITE_CHUNK {blockData=conID: 1 locID: 102654966571794921 bcsId: 0} | ret=SUCCESS |  
2019-08-21 12:28:01,186 | INFO  | DNAudit | user=null | ip=null | op=PUT_BLOCK {blockData=[blockId=conID: 1 locID: 102654966571794921 bcsId: 0,size=2097152]} | ret=SUCCESS |  
2019-08-21 12:28:01,186 | INFO  | DNAudit | user=null | ip=null | op=PUT_BLOCK {blockData=[blockId=conID: 1 locID: 102654966571794921 bcsId: 0,size=2097152]} | ret=SUCCESS |  
2019-08-21 12:28:01,186 [grpc-default-executor-1] INFO  client.GrpcClientProtocolClient (GrpcClientProtocolClient.java:onNext(255)) - client-C954105195FD->270584e6-a4a8-4db5-8151-214655ce1a56: receive RaftClientReply:client-C954105195FD->270584e6-a4a8-4db5-8151-214655ce1a56@group-787F5BA3AA67, cid=1455, SUCCESS, logIndex=0, commits[270584e6-a4a8-4db5-8151-214655ce1a56:c2072, af078b8b-61ec-497f-9506-472d46a72462:c2068, 09fb9ab4-1b8d-44c0-9f8c-50855c6f1fed:c2069]
2019-08-21 12:28:01,193 | INFO  | DNAudit | user=null | ip=null | op=WRITE_CHUNK {blockData=conID: 1 locID: 102654966571794921 bcsId: 2069} | ret=SUCCESS |  
2019-08-21 12:28:01,195 | INFO  | DNAudit | user=null | ip=null | op=WRITE_CHUNK {blockData=conID: 1 locID: 102654966571794921 bcsId: 2069} | ret=SUCCESS |  
2019-08-21 12:28:01,195 | INFO  | DNAudit | user=null | ip=null | op=WRITE_CHUNK {blockData=conID: 1 locID: 102654966571794921 bcsId: 2069} | ret=SUCCESS |  
2019-08-21 12:28:01,205 | INFO  | DNAudit | user=null | ip=null | op=WRITE_CHUNK {blockData=conID: 1 locID: 102654966571794921 bcsId: 2069} | ret=SUCCESS |  
2019-08-21 12:28:01,206 | INFO  | DNAudit | user=null | ip=null | op=PUT_BLOCK {blockData=[blockId=conID: 1 locID: 102654966571794921 bcsId: 0,size=3145728]} | ret=SUCCESS |  
2019-08-21 12:28:01,206 [grpc-default-executor-2] INFO  client.GrpcClientProtocolClient (GrpcClientProtocolClient.java:onNext(255)) - client-C954105195FD->270584e6-a4a8-4db5-8151-214655ce1a56: receive RaftClientReply:client-C954105195FD->270584e6-a4a8-4db5-8151-214655ce1a56@group-787F5BA3AA67, cid=1456, SUCCESS, logIndex=2073, commits[270584e6-a4a8-4db5-8151-214655ce1a56:c2074, af078b8b-61ec-497f-9506-472d46a72462:c2072, 09fb9ab4-1b8d-44c0-9f8c-50855c6f1fed:c2072]
2019-08-21 12:28:01,206 [grpc-default-executor-2] INFO  client.GrpcClientProtocolClient (GrpcClientProtocolClient.java:onNext(255)) - client-C954105195FD->270584e6-a4a8-4db5-8151-214655ce1a56: receive RaftClientReply:client-C954105195FD->270584e6-a4a8-4db5-8151-214655ce1a56@group-787F5BA3AA67, cid=1457, SUCCESS, logIndex=2074, commits[270584e6-a4a8-4db5-8151-214655ce1a56:c2074, af078b8b-61ec-497f-9506-472d46a72462:c2072, 09fb9ab4-1b8d-44c0-9f8c-50855c6f1fed:c2072]
2019-08-21 12:28:01,213 | INFO  | DNAudit | user=null | ip=null | op=WRITE_CHUNK {blockData=conID: 1 locID: 102654966571794921 bcsId: 2074} | ret=SUCCESS |  
2019-08-21 12:28:01,214 | INFO  | DNAudit | user=null | ip=null | op=WRITE_CHUNK {blockData=conID: 1 locID: 102654966571794921 bcsId: 2074} | ret=SUCCESS |  
2019-08-21 12:28:01,215 | INFO  | DNAudit | user=null | ip=null | op=WRITE_CHUNK {blockData=conID: 1 locID: 102654966571794921 bcsId: 2074} | ret=SUCCESS |  
2019-08-21 12:28:01,217 | INFO  | DNAudit | user=null | ip=null | op=WRITE_CHUNK {blockData=conID: 1 locID: 102654966571794921 bcsId: 2069} | ret=SUCCESS |  
2019-08-21 12:28:01,217 | INFO  | DNAudit | user=null | ip=null | op=WRITE_CHUNK {blockData=conID: 1 locID: 102654966571794921 bcsId: 2069} | ret=SUCCESS |  
2019-08-21 12:28:01,217 | INFO  | DNAudit | user=null | ip=null | op=PUT_BLOCK {blockData=[blockId=conID: 1 locID: 102654966571794921 bcsId: 0,size=3145728]} | ret=SUCCESS |  
2019-08-21 12:28:01,217 | INFO  | DNAudit | user=null | ip=null | op=PUT_BLOCK {blockData=[blockId=conID: 1 locID: 102654966571794921 bcsId: 0,size=3145728]} | ret=SUCCESS |  
2019-08-21 12:28:01,219 | INFO  | DNAudit | user=null | ip=null | op=WRITE_CHUNK {blockData=conID: 1 locID: 102654966571794921 bcsId: 2074} | ret=SUCCESS |  
2019-08-21 12:28:01,219 | INFO  | DNAudit | user=null | ip=null | op=PUT_BLOCK {blockData=[blockId=conID: 1 locID: 102654966571794921 bcsId: 0,size=4194304]} | ret=SUCCESS |  
2019-08-21 12:28:01,219 [grpc-default-executor-2] INFO  client.GrpcClientProtocolClient (GrpcClientProtocolClient.java:onNext(255)) - client-C954105195FD->270584e6-a4a8-4db5-8151-214655ce1a56: receive RaftClientReply:client-C954105195FD->270584e6-a4a8-4db5-8151-214655ce1a56@group-787F5BA3AA67, cid=1458, SUCCESS, logIndex=2077, commits[270584e6-a4a8-4db5-8151-214655ce1a56:c2078, af078b8b-61ec-497f-9506-472d46a72462:c2074, 09fb9ab4-1b8d-44c0-9f8c-50855c6f1fed:c2074]
2019-08-21 12:28:01,220 [grpc-default-executor-2] INFO  client.GrpcClientProtocolClient (GrpcClientProtocolClient.java:onNext(255)) - client-C954105195FD->270584e6-a4a8-4db5-8151-214655ce1a56: receive RaftClientReply:client-C954105195FD->270584e6-a4a8-4db5-8151-214655ce1a56@group-787F5BA3AA67, cid=1459, SUCCESS, logIndex=2078, commits[270584e6-a4a8-4db5-8151-214655ce1a56:c2078, af078b8b-61ec-497f-9506-472d46a72462:c2074, 09fb9ab4-1b8d-44c0-9f8c-50855c6f1fed:c2074]
2019-08-21 12:28:01,230 | INFO  | DNAudit | user=null | ip=null | op=WRITE_CHUNK {blockData=conID: 1 locID: 102654966571794921 bcsId: 2074} | ret=SUCCESS |  
2019-08-21 12:28:01,231 | INFO  | DNAudit | user=null | ip=null | op=WRITE_CHUNK {blockData=conID: 1 locID: 102654966571794921 bcsId: 2074} | ret=SUCCESS |  
2019-08-21 12:28:01,231 | INFO  | DNAudit | user=null | ip=null | op=PUT_BLOCK {blockData=[blockId=conID: 1 locID: 102654966571794921 bcsId: 0,size=4194304]} | ret=SUCCESS |  
2019-08-21 12:28:01,231 | INFO  | DNAudit | user=null | ip=null | op=PUT_BLOCK {blockData=[blockId=conID: 1 locID: 102654966571794921 bcsId: 0,size=4194304]} | ret=SUCCESS |  
2019-08-21 12:28:01,231 [grpc-default-executor-2] INFO  client.GrpcClientProtocolClient (GrpcClientProtocolClient.java:onNext(255)) - client-C954105195FD->270584e6-a4a8-4db5-8151-214655ce1a56: receive RaftClientReply:client-C954105195FD->270584e6-a4a8-4db5-8151-214655ce1a56@group-787F5BA3AA67, cid=1460, SUCCESS, logIndex=0, commits[270584e6-a4a8-4db5-8151-214655ce1a56:c2079, af078b8b-61ec-497f-9506-472d46a72462:c2078, 09fb9ab4-1b8d-44c0-9f8c-50855c6f1fed:c2078]
2019-08-21 12:28:01,235 | INFO  | SCMAudit | user=jenkins1000 | ip=192.168.34.23 | op=ALLOCATE_BLOCK {owner=b79f83c9-5f7d-4caf-af30-78af34bc5eea, size=4194304, type=RATIS, factor=THREE} | ret=SUCCESS |  
2019-08-21 12:28:01,237 | INFO  | OMAudit | user=jenkins1000 | ip=127.0.0.1 | op=ALLOCATE_BLOCK {volume=vol-0-06517, bucket=bucket-0-64549, key=key-0-34512, dataSize=0, replicationType=null, replicationFactor=null, keyLocationInfo=null, clientID=102654965997830546} | ret=SUCCESS |  
2019-08-21 12:28:01,244 | INFO  | DNAudit | user=null | ip=null | op=WRITE_CHUNK {blockData=conID: 2 locID: 102654966578217450 bcsId: 0} | ret=SUCCESS |  
2019-08-21 12:28:01,246 | INFO  | DNAudit | user=null | ip=null | op=WRITE_CHUNK {blockData=conID: 2 locID: 102654966578217450 bcsId: 0} | ret=SUCCESS |  
2019-08-21 12:28:01,246 | INFO  | DNAudit | user=null | ip=null | op=WRITE_CHUNK {blockData=conID: 2 locID: 102654966578217450 bcsId: 0} | ret=SUCCESS |  
2019-08-21 12:28:01,247 | INFO  | DNAudit | user=null | ip=null | op=WRITE_CHUNK {blockData=conID: 2 locID: 102654966578217450 bcsId: 0} | ret=SUCCESS |  
2019-08-21 12:28:01,249 | INFO  | DNAudit | user=null | ip=null | op=WRITE_CHUNK {blockData=conID: 2 locID: 102654966578217450 bcsId: 0} | ret=SUCCESS |  
2019-08-21 12:28:01,250 | INFO  | DNAudit | user=null | ip=null | op=WRITE_CHUNK {blockData=conID: 2 locID: 102654966578217450 bcsId: 0} | ret=SUCCESS |  
2019-08-21 12:28:01,257 | INFO  | DNAudit | user=null | ip=null | op=WRITE_CHUNK {blockData=conID: 2 locID: 102654966578217450 bcsId: 0} | ret=SUCCESS |  
2019-08-21 12:28:01,258 | INFO  | DNAudit | user=null | ip=null | op=PUT_BLOCK {blockData=[blockId=conID: 2 locID: 102654966578217450 bcsId: 0,size=1048576]} | ret=SUCCESS |  
2019-08-21 12:28:01,258 | INFO  | DNAudit | user=null | ip=null | op=WRITE_CHUNK {blockData=conID: 2 locID: 102654966578217450 bcsId: 0} | ret=SUCCESS |  
2019-08-21 12:28:01,258 [grpc-default-executor-1] INFO  client.GrpcClientProtocolClient (GrpcClientProtocolClient.java:onNext(255)) - client-C954105195FD->270584e6-a4a8-4db5-8151-214655ce1a56: receive RaftClientReply:client-C954105195FD->270584e6-a4a8-4db5-8151-214655ce1a56@group-787F5BA3AA67, cid=1461, SUCCESS, logIndex=2081, commits[270584e6-a4a8-4db5-8151-214655ce1a56:c2082, af078b8b-61ec-497f-9506-472d46a72462:c2080, 09fb9ab4-1b8d-44c0-9f8c-50855c6f1fed:c2080]
2019-08-21 12:28:01,258 | INFO  | DNAudit | user=null | ip=null | op=PUT_BLOCK {blockData=[blockId=conID: 2 locID: 102654966578217450 bcsId: 0,size=2097152]} | ret=SUCCESS |  
2019-08-21 12:28:01,259 [grpc-default-executor-1] INFO  client.GrpcClientProtocolClient (GrpcClientProtocolClient.java:onNext(255)) - client-C954105195FD->270584e6-a4a8-4db5-8151-214655ce1a56: receive RaftClientReply:client-C954105195FD->270584e6-a4a8-4db5-8151-214655ce1a56@group-787F5BA3AA67, cid=1462, SUCCESS, logIndex=2082, commits[270584e6-a4a8-4db5-8151-214655ce1a56:c2084, af078b8b-61ec-497f-9506-472d46a72462:c2080, 09fb9ab4-1b8d-44c0-9f8c-50855c6f1fed:c2080]
2019-08-21 12:28:01,259 [grpc-default-executor-1] INFO  client.GrpcClientProtocolClient (GrpcClientProtocolClient.java:onNext(255)) - client-C954105195FD->270584e6-a4a8-4db5-8151-214655ce1a56: receive RaftClientReply:client-C954105195FD->270584e6-a4a8-4db5-8151-214655ce1a56@group-787F5BA3AA67, cid=1463, SUCCESS, logIndex=2083, commits[270584e6-a4a8-4db5-8151-214655ce1a56:c2084, af078b8b-61ec-497f-9506-472d46a72462:c2080, 09fb9ab4-1b8d-44c0-9f8c-50855c6f1fed:c2080]
2019-08-21 12:28:01,259 | INFO  | DNAudit | user=null | ip=null | op=WRITE_CHUNK {blockData=conID: 2 locID: 102654966578217450 bcsId: 0} | ret=SUCCESS |  
2019-08-21 12:28:01,259 | INFO  | DNAudit | user=null | ip=null | op=PUT_BLOCK {blockData=[blockId=conID: 2 locID: 102654966578217450 bcsId: 0,size=1048576]} | ret=SUCCESS |  
2019-08-21 12:28:01,259 [grpc-default-executor-1] INFO  client.GrpcClientProtocolClient (GrpcClientProtocolClient.java:onNext(255)) - client-C954105195FD->270584e6-a4a8-4db5-8151-214655ce1a56: receive RaftClientReply:client-C954105195FD->270584e6-a4a8-4db5-8151-214655ce1a56@group-787F5BA3AA67, cid=1464, SUCCESS, logIndex=2084, commits[270584e6-a4a8-4db5-8151-214655ce1a56:c2084, af078b8b-61ec-497f-9506-472d46a72462:c2080, 09fb9ab4-1b8d-44c0-9f8c-50855c6f1fed:c2080]
2019-08-21 12:28:01,259 | INFO  | DNAudit | user=null | ip=null | op=WRITE_CHUNK {blockData=conID: 2 locID: 102654966578217450 bcsId: 0} | ret=SUCCESS |  
2019-08-21 12:28:01,260 | INFO  | DNAudit | user=null | ip=null | op=PUT_BLOCK {blockData=[blockId=conID: 2 locID: 102654966578217450 bcsId: 0,size=1048576]} | ret=SUCCESS |  
2019-08-21 12:28:01,260 | INFO  | DNAudit | user=null | ip=null | op=WRITE_CHUNK {blockData=conID: 2 locID: 102654966578217450 bcsId: 0} | ret=SUCCESS |  
2019-08-21 12:28:01,260 | INFO  | DNAudit | user=null | ip=null | op=PUT_BLOCK {blockData=[blockId=conID: 2 locID: 102654966578217450 bcsId: 0,size=2097152]} | ret=SUCCESS |  
2019-08-21 12:28:01,260 [grpc-default-executor-5] INFO  client.GrpcClientProtocolClient (GrpcClientProtocolClient.java:onNext(255)) - client-C954105195FD->270584e6-a4a8-4db5-8151-214655ce1a56: receive RaftClientReply:client-C954105195FD->270584e6-a4a8-4db5-8151-214655ce1a56@group-787F5BA3AA67, cid=1465, SUCCESS, logIndex=0, commits[270584e6-a4a8-4db5-8151-214655ce1a56:c2085, af078b8b-61ec-497f-9506-472d46a72462:c2082, 09fb9ab4-1b8d-44c0-9f8c-50855c6f1fed:c2082]
2019-08-21 12:28:01,260 | INFO  | DNAudit | user=null | ip=null | op=WRITE_CHUNK {blockData=conID: 2 locID: 102654966578217450 bcsId: 0} | ret=SUCCESS |  
2019-08-21 12:28:01,260 | INFO  | DNAudit | user=null | ip=null | op=PUT_BLOCK {blockData=[blockId=conID: 2 locID: 102654966578217450 bcsId: 0,size=2097152]} | ret=SUCCESS |  
2019-08-21 12:28:01,370 | INFO  | DNAudit | user=null | ip=null | op=WRITE_CHUNK {blockData=conID: 2 locID: 102654966578217450 bcsId: 2084} | ret=SUCCESS |  
2019-08-21 12:28:01,373 | INFO  | SCMAudit | user=jenkins1000 | ip=192.168.34.23 | op=SEND_HEARTBEAT {datanodeUUID=09fb9ab4-1b8d-44c0-9f8c-50855c6f1fed, command=[]} | ret=SUCCESS |  
2019-08-21 12:28:01,373 | INFO  | SCMAudit | user=jenkins1000 | ip=192.168.34.23 | op=SEND_HEARTBEAT {datanodeUUID=af078b8b-61ec-497f-9506-472d46a72462, command=[]} | ret=SUCCESS |  
2019-08-21 12:28:01,373 | INFO  | DNAudit | user=null | ip=null | op=WRITE_CHUNK {blockData=conID: 2 locID: 102654966578217450 bcsId: 2084} | ret=SUCCESS |  
2019-08-21 12:28:01,373 | INFO  | SCMAudit | user=jenkins1000 | ip=192.168.34.23 | op=SEND_HEARTBEAT {datanodeUUID=270584e6-a4a8-4db5-8151-214655ce1a56, command=[]} | ret=SUCCESS |  
2019-08-21 12:28:01,373 | INFO  | DNAudit | user=null | ip=null | op=WRITE_CHUNK {blockData=conID: 2 locID: 102654966578217450 bcsId: 2084} | ret=SUCCESS |  
2019-08-21 12:28:01,383 | INFO  | DNAudit | user=null | ip=null | op=WRITE_CHUNK {blockData=conID: 2 locID: 102654966578217450 bcsId: 2084} | ret=SUCCESS |  
2019-08-21 12:28:01,384 | INFO  | DNAudit | user=null | ip=null | op=PUT_BLOCK {blockData=[blockId=conID: 2 locID: 102654966578217450 bcsId: 0,size=3145728]} | ret=SUCCESS |  
2019-08-21 12:28:01,384 [grpc-default-executor-5] INFO  client.GrpcClientProtocolClient (GrpcClientProtocolClient.java:onNext(255)) - client-C954105195FD->270584e6-a4a8-4db5-8151-214655ce1a56: receive RaftClientReply:client-C954105195FD->270584e6-a4a8-4db5-8151-214655ce1a56@group-787F5BA3AA67, cid=1466, SUCCESS, logIndex=2088, commits[270584e6-a4a8-4db5-8151-214655ce1a56:c2089, af078b8b-61ec-497f-9506-472d46a72462:c2087, 09fb9ab4-1b8d-44c0-9f8c-50855c6f1fed:c2087]
2019-08-21 12:28:01,384 [grpc-default-executor-5] INFO  client.GrpcClientProtocolClient (GrpcClientProtocolClient.java:onNext(255)) - client-C954105195FD->270584e6-a4a8-4db5-8151-214655ce1a56: receive RaftClientReply:client-C954105195FD->270584e6-a4a8-4db5-8151-214655ce1a56@group-787F5BA3AA67, cid=1467, SUCCESS, logIndex=2089, commits[270584e6-a4a8-4db5-8151-214655ce1a56:c2089, af078b8b-61ec-497f-9506-472d46a72462:c2087, 09fb9ab4-1b8d-44c0-9f8c-50855c6f1fed:c2087]
2019-08-21 12:28:01,391 | INFO  | DNAudit | user=null | ip=null | op=WRITE_CHUNK {blockData=conID: 2 locID: 102654966578217450 bcsId: 2089} | ret=SUCCESS |  
2019-08-21 12:28:01,393 | INFO  | DNAudit | user=null | ip=null | op=WRITE_CHUNK {blockData=conID: 2 locID: 102654966578217450 bcsId: 2089} | ret=SUCCESS |  
2019-08-21 12:28:01,394 | INFO  | DNAudit | user=null | ip=null | op=WRITE_CHUNK {blockData=conID: 2 locID: 102654966578217450 bcsId: 2084} | ret=SUCCESS |  
2019-08-21 12:28:01,394 | INFO  | DNAudit | user=null | ip=null | op=WRITE_CHUNK {blockData=conID: 2 locID: 102654966578217450 bcsId: 2089} | ret=SUCCESS |  
2019-08-21 12:28:01,394 | INFO  | DNAudit | user=null | ip=null | op=WRITE_CHUNK {blockData=conID: 2 locID: 102654966578217450 bcsId: 2084} | ret=SUCCESS |  
2019-08-21 12:28:01,395 | INFO  | DNAudit | user=null | ip=null | op=PUT_BLOCK {blockData=[blockId=conID: 2 locID: 102654966578217450 bcsId: 0,size=3145728]} | ret=SUCCESS |  
2019-08-21 12:28:01,396 | INFO  | DNAudit | user=null | ip=null | op=WRITE_CHUNK {blockData=conID: 2 locID: 102654966578217450 bcsId: 2089} | ret=SUCCESS |  
2019-08-21 12:28:01,396 | INFO  | DNAudit | user=null | ip=null | op=PUT_BLOCK {blockData=[blockId=conID: 2 locID: 102654966578217450 bcsId: 0,size=3145728]} | ret=SUCCESS |  
2019-08-21 12:28:01,396 | INFO  | DNAudit | user=null | ip=null | op=PUT_BLOCK {blockData=[blockId=conID: 2 locID: 102654966578217450 bcsId: 0,size=4194304]} | ret=SUCCESS |  
2019-08-21 12:28:01,396 [grpc-default-executor-1] INFO  client.GrpcClientProtocolClient (GrpcClientProtocolClient.java:onNext(255)) - client-C954105195FD->270584e6-a4a8-4db5-8151-214655ce1a56: receive RaftClientReply:client-C954105195FD->270584e6-a4a8-4db5-8151-214655ce1a56@group-787F5BA3AA67, cid=1468, SUCCESS, logIndex=2092, commits[270584e6-a4a8-4db5-8151-214655ce1a56:c2093, af078b8b-61ec-497f-9506-472d46a72462:c2089, 09fb9ab4-1b8d-44c0-9f8c-50855c6f1fed:c2088]
2019-08-21 12:28:01,397 [grpc-default-executor-1] INFO  client.GrpcClientProtocolClient (GrpcClientProtocolClient.java:onNext(255)) - client-C954105195FD->270584e6-a4a8-4db5-8151-214655ce1a56: receive RaftClientReply:client-C954105195FD->270584e6-a4a8-4db5-8151-214655ce1a56@group-787F5BA3AA67, cid=1469, SUCCESS, logIndex=2093, commits[270584e6-a4a8-4db5-8151-214655ce1a56:c2093, af078b8b-61ec-497f-9506-472d46a72462:c2089, 09fb9ab4-1b8d-44c0-9f8c-50855c6f1fed:c2089]
2019-08-21 12:28:01,397 | INFO  | DNAudit | user=null | ip=null | op=WRITE_CHUNK {blockData=conID: 2 locID: 102654966578217450 bcsId: 2089} | ret=SUCCESS |  
2019-08-21 12:28:01,398 | INFO  | DNAudit | user=null | ip=null | op=PUT_BLOCK {blockData=[blockId=conID: 2 locID: 102654966578217450 bcsId: 0,size=4194304]} | ret=SUCCESS |  
2019-08-21 12:28:01,398 | INFO  | DNAudit | user=null | ip=null | op=WRITE_CHUNK {blockData=conID: 2 locID: 102654966578217450 bcsId: 2089} | ret=SUCCESS |  
2019-08-21 12:28:01,398 | INFO  | DNAudit | user=null | ip=null | op=PUT_BLOCK {blockData=[blockId=conID: 2 locID: 102654966578217450 bcsId: 0,size=4194304]} | ret=SUCCESS |  
2019-08-21 12:28:01,398 [grpc-default-executor-1] INFO  client.GrpcClientProtocolClient (GrpcClientProtocolClient.java:onNext(255)) - client-C954105195FD->270584e6-a4a8-4db5-8151-214655ce1a56: receive RaftClientReply:client-C954105195FD->270584e6-a4a8-4db5-8151-214655ce1a56@group-787F5BA3AA67, cid=1470, SUCCESS, logIndex=0, commits[270584e6-a4a8-4db5-8151-214655ce1a56:c2094, af078b8b-61ec-497f-9506-472d46a72462:c2093, 09fb9ab4-1b8d-44c0-9f8c-50855c6f1fed:c2093]
2019-08-21 12:28:01,403 | INFO  | SCMAudit | user=jenkins1000 | ip=192.168.34.23 | op=ALLOCATE_BLOCK {owner=b79f83c9-5f7d-4caf-af30-78af34bc5eea, size=4194304, type=RATIS, factor=THREE} | ret=SUCCESS |  
2019-08-21 12:28:01,406 | INFO  | OMAudit | user=jenkins1000 | ip=127.0.0.1 | op=ALLOCATE_BLOCK {volume=vol-0-06517, bucket=bucket-0-64549, key=key-0-34512, dataSize=0, replicationType=null, replicationFactor=null, keyLocationInfo=null, clientID=102654965997830546} | ret=SUCCESS |  
2019-08-21 12:28:01,414 | INFO  | DNAudit | user=null | ip=null | op=WRITE_CHUNK {blockData=conID: 3 locID: 102654966589227499 bcsId: 0} | ret=SUCCESS |  
2019-08-21 12:28:01,417 | INFO  | DNAudit | user=null | ip=null | op=WRITE_CHUNK {blockData=conID: 3 locID: 102654966589227499 bcsId: 0} | ret=SUCCESS |  
2019-08-21 12:28:01,417 | INFO  | DNAudit | user=null | ip=null | op=WRITE_CHUNK {blockData=conID: 3 locID: 102654966589227499 bcsId: 0} | ret=SUCCESS |  
2019-08-21 12:28:01,417 | INFO  | DNAudit | user=null | ip=null | op=WRITE_CHUNK {blockData=conID: 3 locID: 102654966589227499 bcsId: 0} | ret=SUCCESS |  
2019-08-21 12:28:01,420 | INFO  | DNAudit | user=null | ip=null | op=WRITE_CHUNK {blockData=conID: 3 locID: 102654966589227499 bcsId: 0} | ret=SUCCESS |  
2019-08-21 12:28:01,420 | INFO  | DNAudit | user=null | ip=null | op=WRITE_CHUNK {blockData=conID: 3 locID: 102654966589227499 bcsId: 0} | ret=SUCCESS |  
2019-08-21 12:28:01,427 | INFO  | DNAudit | user=null | ip=null | op=WRITE_CHUNK {blockData=conID: 3 locID: 102654966589227499 bcsId: 0} | ret=SUCCESS |  
2019-08-21 12:28:01,427 | INFO  | DNAudit | user=null | ip=null | op=PUT_BLOCK {blockData=[blockId=conID: 3 locID: 102654966589227499 bcsId: 0,size=1048576]} | ret=SUCCESS |  
2019-08-21 12:28:01,428 [grpc-default-executor-5] INFO  client.GrpcClientProtocolClient (GrpcClientProtocolClient.java:onNext(255)) - client-C954105195FD->270584e6-a4a8-4db5-8151-214655ce1a56: receive RaftClientReply:client-C954105195FD->270584e6-a4a8-4db5-8151-214655ce1a56@group-787F5BA3AA67, cid=1471, SUCCESS, logIndex=2096, commits[270584e6-a4a8-4db5-8151-214655ce1a56:c2097, af078b8b-61ec-497f-9506-472d46a72462:c2095, 09fb9ab4-1b8d-44c0-9f8c-50855c6f1fed:c2095]
2019-08-21 12:28:01,428 | INFO  | DNAudit | user=null | ip=null | op=WRITE_CHUNK {blockData=conID: 3 locID: 102654966589227499 bcsId: 0} | ret=SUCCESS |  
2019-08-21 12:28:01,428 [grpc-default-executor-5] INFO  client.GrpcClientProtocolClient (GrpcClientProtocolClient.java:onNext(255)) - client-C954105195FD->270584e6-a4a8-4db5-8151-214655ce1a56: receive RaftClientReply:client-C954105195FD->270584e6-a4a8-4db5-8151-214655ce1a56@group-787F5BA3AA67, cid=1472, SUCCESS, logIndex=2097, commits[270584e6-a4a8-4db5-8151-214655ce1a56:c2097, af078b8b-61ec-497f-9506-472d46a72462:c2095, 09fb9ab4-1b8d-44c0-9f8c-50855c6f1fed:c2095]
2019-08-21 12:28:01,429 | INFO  | DNAudit | user=null | ip=null | op=PUT_BLOCK {blockData=[blockId=conID: 3 locID: 102654966589227499 bcsId: 0,size=2097152]} | ret=SUCCESS |  
2019-08-21 12:28:01,429 [grpc-default-executor-5] INFO  client.GrpcClientProtocolClient (GrpcClientProtocolClient.java:onNext(255)) - client-C954105195FD->270584e6-a4a8-4db5-8151-214655ce1a56: receive RaftClientReply:client-C954105195FD->270584e6-a4a8-4db5-8151-214655ce1a56@group-787F5BA3AA67, cid=1473, SUCCESS, logIndex=2098, commits[270584e6-a4a8-4db5-8151-214655ce1a56:c2099, af078b8b-61ec-497f-9506-472d46a72462:c2095, 09fb9ab4-1b8d-44c0-9f8c-50855c6f1fed:c2095]
2019-08-21 12:28:01,429 [grpc-default-executor-5] INFO  client.GrpcClientProtocolClient (GrpcClientProtocolClient.java:onNext(255)) - client-C954105195FD->270584e6-a4a8-4db5-8151-214655ce1a56: receive RaftClientReply:client-C954105195FD->270584e6-a4a8-4db5-8151-214655ce1a56@group-787F5BA3AA67, cid=1474, SUCCESS, logIndex=2099, commits[270584e6-a4a8-4db5-8151-214655ce1a56:c2099, af078b8b-61ec-497f-9506-472d46a72462:c2095, 09fb9ab4-1b8d-44c0-9f8c-50855c6f1fed:c2095]
2019-08-21 12:28:01,430 | INFO  | DNAudit | user=null | ip=null | op=WRITE_CHUNK {blockData=conID: 3 locID: 102654966589227499 bcsId: 0} | ret=SUCCESS |  
2019-08-21 12:28:01,430 | INFO  | DNAudit | user=null | ip=null | op=PUT_BLOCK {blockData=[blockId=conID: 3 locID: 102654966589227499 bcsId: 0,size=1048576]} | ret=SUCCESS |  
2019-08-21 12:28:01,430 | INFO  | DNAudit | user=null | ip=null | op=WRITE_CHUNK {blockData=conID: 3 locID: 102654966589227499 bcsId: 0} | ret=SUCCESS |  
2019-08-21 12:28:01,431 | INFO  | DNAudit | user=null | ip=null | op=PUT_BLOCK {blockData=[blockId=conID: 3 locID: 102654966589227499 bcsId: 0,size=1048576]} | ret=SUCCESS |  
2019-08-21 12:28:01,431 | INFO  | DNAudit | user=null | ip=null | op=WRITE_CHUNK {blockData=conID: 3 locID: 102654966589227499 bcsId: 0} | ret=SUCCESS |  
2019-08-21 12:28:01,431 | INFO  | DNAudit | user=null | ip=null | op=PUT_BLOCK {blockData=[blockId=conID: 3 locID: 102654966589227499 bcsId: 0,size=2097152]} | ret=SUCCESS |  
2019-08-21 12:28:01,431 | INFO  | DNAudit | user=null | ip=null | op=WRITE_CHUNK {blockData=conID: 3 locID: 102654966589227499 bcsId: 0} | ret=SUCCESS |  
2019-08-21 12:28:01,431 [grpc-default-executor-5] INFO  client.GrpcClientProtocolClient (GrpcClientProtocolClient.java:onNext(255)) - client-C954105195FD->270584e6-a4a8-4db5-8151-214655ce1a56: receive RaftClientReply:client-C954105195FD->270584e6-a4a8-4db5-8151-214655ce1a56@group-787F5BA3AA67, cid=1475, SUCCESS, logIndex=0, commits[270584e6-a4a8-4db5-8151-214655ce1a56:c2101, af078b8b-61ec-497f-9506-472d46a72462:c2097, 09fb9ab4-1b8d-44c0-9f8c-50855c6f1fed:c2097]
2019-08-21 12:28:01,431 | INFO  | DNAudit | user=null | ip=null | op=PUT_BLOCK {blockData=[blockId=conID: 3 locID: 102654966589227499 bcsId: 0,size=2097152]} | ret=SUCCESS |  
2019-08-21 12:28:01,438 | INFO  | DNAudit | user=null | ip=null | op=WRITE_CHUNK {blockData=conID: 3 locID: 102654966589227499 bcsId: 2099} | ret=SUCCESS |  
2019-08-21 12:28:01,441 | INFO  | DNAudit | user=null | ip=null | op=WRITE_CHUNK {blockData=conID: 3 locID: 102654966589227499 bcsId: 2099} | ret=SUCCESS |  
2019-08-21 12:28:01,442 | INFO  | DNAudit | user=null | ip=null | op=WRITE_CHUNK {blockData=conID: 3 locID: 102654966589227499 bcsId: 2099} | ret=SUCCESS |  
2019-08-21 12:28:01,450 | INFO  | DNAudit | user=null | ip=null | op=WRITE_CHUNK {blockData=conID: 3 locID: 102654966589227499 bcsId: 2099} | ret=SUCCESS |  
2019-08-21 12:28:01,451 | INFO  | DNAudit | user=null | ip=null | op=PUT_BLOCK {blockData=[blockId=conID: 3 locID: 102654966589227499 bcsId: 0,size=3145728]} | ret=SUCCESS |  
2019-08-21 12:28:01,451 [grpc-default-executor-2] INFO  client.GrpcClientProtocolClient (GrpcClientProtocolClient.java:onNext(255)) - client-C954105195FD->270584e6-a4a8-4db5-8151-214655ce1a56: receive RaftClientReply:client-C954105195FD->270584e6-a4a8-4db5-8151-214655ce1a56@group-787F5BA3AA67, cid=1476, SUCCESS, logIndex=2104, commits[270584e6-a4a8-4db5-8151-214655ce1a56:c2105, af078b8b-61ec-497f-9506-472d46a72462:c2103, 09fb9ab4-1b8d-44c0-9f8c-50855c6f1fed:c2103]
2019-08-21 12:28:01,451 [grpc-default-executor-2] INFO  client.GrpcClientProtocolClient (GrpcClientProtocolClient.java:onNext(255)) - client-C954105195FD->270584e6-a4a8-4db5-8151-214655ce1a56: receive RaftClientReply:client-C954105195FD->270584e6-a4a8-4db5-8151-214655ce1a56@group-787F5BA3AA67, cid=1477, SUCCESS, logIndex=2105, commits[270584e6-a4a8-4db5-8151-214655ce1a56:c2105, af078b8b-61ec-497f-9506-472d46a72462:c2103, 09fb9ab4-1b8d-44c0-9f8c-50855c6f1fed:c2103]
2019-08-21 12:28:01,459 | INFO  | DNAudit | user=null | ip=null | op=WRITE_CHUNK {blockData=conID: 3 locID: 102654966589227499 bcsId: 2105} | ret=SUCCESS |  
2019-08-21 12:28:01,461 | INFO  | DNAudit | user=null | ip=null | op=WRITE_CHUNK {blockData=conID: 3 locID: 102654966589227499 bcsId: 2105} | ret=SUCCESS |  
2019-08-21 12:28:01,461 | INFO  | DNAudit | user=null | ip=null | op=WRITE_CHUNK {blockData=conID: 3 locID: 102654966589227499 bcsId: 2105} | ret=SUCCESS |  
2019-08-21 12:28:01,462 | INFO  | DNAudit | user=null | ip=null | op=WRITE_CHUNK {blockData=conID: 3 locID: 102654966589227499 bcsId: 2099} | ret=SUCCESS |  
2019-08-21 12:28:01,462 | INFO  | DNAudit | user=null | ip=null | op=WRITE_CHUNK {blockData=conID: 3 locID: 102654966589227499 bcsId: 2099} | ret=SUCCESS |  
2019-08-21 12:28:01,462 | INFO  | DNAudit | user=null | ip=null | op=PUT_BLOCK {blockData=[blockId=conID: 3 locID: 102654966589227499 bcsId: 0,size=3145728]} | ret=SUCCESS |  
2019-08-21 12:28:01,463 | INFO  | DNAudit | user=null | ip=null | op=WRITE_CHUNK {blockData=conID: 3 locID: 102654966589227499 bcsId: 2105} | ret=SUCCESS |  
2019-08-21 12:28:01,463 | INFO  | DNAudit | user=null | ip=null | op=PUT_BLOCK {blockData=[blockId=conID: 3 locID: 102654966589227499 bcsId: 0,size=3145728]} | ret=SUCCESS |  
2019-08-21 12:28:01,464 | INFO  | DNAudit | user=null | ip=null | op=PUT_BLOCK {blockData=[blockId=conID: 3 locID: 102654966589227499 bcsId: 0,size=4194304]} | ret=SUCCESS |  
2019-08-21 12:28:01,464 [grpc-default-executor-4] INFO  client.GrpcClientProtocolClient (GrpcClientProtocolClient.java:onNext(255)) - client-C954105195FD->270584e6-a4a8-4db5-8151-214655ce1a56: receive RaftClientReply:client-C954105195FD->270584e6-a4a8-4db5-8151-214655ce1a56@group-787F5BA3AA67, cid=1478, SUCCESS, logIndex=2108, commits[270584e6-a4a8-4db5-8151-214655ce1a56:c2109, af078b8b-61ec-497f-9506-472d46a72462:c2105, 09fb9ab4-1b8d-44c0-9f8c-50855c6f1fed:c2104]
2019-08-21 12:28:01,464 [grpc-default-executor-4] INFO  client.GrpcClientProtocolClient (GrpcClientProtocolClient.java:onNext(255)) - client-C954105195FD->270584e6-a4a8-4db5-8151-214655ce1a56: receive RaftClientReply:client-C954105195FD->270584e6-a4a8-4db5-8151-214655ce1a56@group-787F5BA3AA67, cid=1479, SUCCESS, logIndex=2109, commits[270584e6-a4a8-4db5-8151-214655ce1a56:c2109, af078b8b-61ec-497f-9506-472d46a72462:c2105, 09fb9ab4-1b8d-44c0-9f8c-50855c6f1fed:c2105]
2019-08-21 12:28:01,465 | INFO  | DNAudit | user=null | ip=null | op=WRITE_CHUNK {blockData=conID: 3 locID: 102654966589227499 bcsId: 2105} | ret=SUCCESS |  
2019-08-21 12:28:01,465 | INFO  | DNAudit | user=null | ip=null | op=PUT_BLOCK {blockData=[blockId=conID: 3 locID: 102654966589227499 bcsId: 0,size=4194304]} | ret=SUCCESS |  
2019-08-21 12:28:01,466 | INFO  | DNAudit | user=null | ip=null | op=WRITE_CHUNK {blockData=conID: 3 locID: 102654966589227499 bcsId: 2105} | ret=SUCCESS |  
2019-08-21 12:28:01,466 | INFO  | DNAudit | user=null | ip=null | op=PUT_BLOCK {blockData=[blockId=conID: 3 locID: 102654966589227499 bcsId: 0,size=4194304]} | ret=SUCCESS |  
2019-08-21 12:28:01,466 [grpc-default-executor-4] INFO  client.GrpcClientProtocolClient (GrpcClientProtocolClient.java:onNext(255)) - client-C954105195FD->270584e6-a4a8-4db5-8151-214655ce1a56: receive RaftClientReply:client-C954105195FD->270584e6-a4a8-4db5-8151-214655ce1a56@group-787F5BA3AA67, cid=1480, SUCCESS, logIndex=0, commits[270584e6-a4a8-4db5-8151-214655ce1a56:c2110, af078b8b-61ec-497f-9506-472d46a72462:c2109, 09fb9ab4-1b8d-44c0-9f8c-50855c6f1fed:c2109]
2019-08-21 12:28:01,470 | INFO  | SCMAudit | user=jenkins1000 | ip=192.168.34.23 | op=ALLOCATE_BLOCK {owner=b79f83c9-5f7d-4caf-af30-78af34bc5eea, size=4194304, type=RATIS, factor=THREE} | ret=SUCCESS |  
2019-08-21 12:28:01,473 | INFO  | OMAudit | user=jenkins1000 | ip=127.0.0.1 | op=ALLOCATE_BLOCK {volume=vol-0-06517, bucket=bucket-0-64549, key=key-0-34512, dataSize=0, replicationType=null, replicationFactor=null, keyLocationInfo=null, clientID=102654965997830546} | ret=SUCCESS |  
2019-08-21 12:28:01,480 | INFO  | DNAudit | user=null | ip=null | op=WRITE_CHUNK {blockData=conID: 1 locID: 102654966593618412 bcsId: 0} | ret=SUCCESS |  
2019-08-21 12:28:01,483 | INFO  | DNAudit | user=null | ip=null | op=WRITE_CHUNK {blockData=conID: 1 locID: 102654966593618412 bcsId: 0} | ret=SUCCESS |  
2019-08-21 12:28:01,483 | INFO  | DNAudit | user=null | ip=null | op=WRITE_CHUNK {blockData=conID: 1 locID: 102654966593618412 bcsId: 0} | ret=SUCCESS |  
2019-08-21 12:28:01,484 | INFO  | DNAudit | user=null | ip=null | op=WRITE_CHUNK {blockData=conID: 1 locID: 102654966593618412 bcsId: 0} | ret=SUCCESS |  
2019-08-21 12:28:01,485 | INFO  | DNAudit | user=null | ip=null | op=WRITE_CHUNK {blockData=conID: 1 locID: 102654966593618412 bcsId: 0} | ret=SUCCESS |  
2019-08-21 12:28:01,486 | INFO  | DNAudit | user=null | ip=null | op=WRITE_CHUNK {blockData=conID: 1 locID: 102654966593618412 bcsId: 0} | ret=SUCCESS |  
2019-08-21 12:28:01,493 | INFO  | DNAudit | user=null | ip=null | op=WRITE_CHUNK {blockData=conID: 1 locID: 102654966593618412 bcsId: 0} | ret=SUCCESS |  
2019-08-21 12:28:01,493 | INFO  | DNAudit | user=null | ip=null | op=PUT_BLOCK {blockData=[blockId=conID: 1 locID: 102654966593618412 bcsId: 0,size=1048576]} | ret=SUCCESS |  
2019-08-21 12:28:01,493 [grpc-default-executor-2] INFO  client.GrpcClientProtocolClient (GrpcClientProtocolClient.java:onNext(255)) - client-C954105195FD->270584e6-a4a8-4db5-8151-214655ce1a56: receive RaftClientReply:client-C954105195FD->270584e6-a4a8-4db5-8151-214655ce1a56@group-787F5BA3AA67, cid=1481, SUCCESS, logIndex=2112, commits[270584e6-a4a8-4db5-8151-214655ce1a56:c2115, af078b8b-61ec-497f-9506-472d46a72462:c2111, 09fb9ab4-1b8d-44c0-9f8c-50855c6f1fed:c2111]
2019-08-21 12:28:01,494 | INFO  | DNAudit | user=null | ip=null | op=WRITE_CHUNK {blockData=conID: 1 locID: 102654966593618412 bcsId: 0} | ret=SUCCESS |  
2019-08-21 12:28:01,494 [grpc-default-executor-2] INFO  client.GrpcClientProtocolClient (GrpcClientProtocolClient.java:onNext(255)) - client-C954105195FD->270584e6-a4a8-4db5-8151-214655ce1a56: receive RaftClientReply:client-C954105195FD->270584e6-a4a8-4db5-8151-214655ce1a56@group-787F5BA3AA67, cid=1482, SUCCESS, logIndex=2113, commits[270584e6-a4a8-4db5-8151-214655ce1a56:c2115, af078b8b-61ec-497f-9506-472d46a72462:c2111, 09fb9ab4-1b8d-44c0-9f8c-50855c6f1fed:c2111]
2019-08-21 12:28:01,494 | INFO  | DNAudit | user=null | ip=null | op=WRITE_CHUNK {blockData=conID: 1 locID: 102654966593618412 bcsId: 0} | ret=SUCCESS |  
2019-08-21 12:28:01,495 | INFO  | DNAudit | user=null | ip=null | op=WRITE_CHUNK {blockData=conID: 1 locID: 102654966593618412 bcsId: 0} | ret=SUCCESS |  
2019-08-21 12:28:01,495 | INFO  | DNAudit | user=null | ip=null | op=PUT_BLOCK {blockData=[blockId=conID: 1 locID: 102654966593618412 bcsId: 0,size=1048576]} | ret=SUCCESS |  
2019-08-21 12:28:01,495 | INFO  | DNAudit | user=null | ip=null | op=PUT_BLOCK {blockData=[blockId=conID: 1 locID: 102654966593618412 bcsId: 0,size=2097152]} | ret=SUCCESS |  
2019-08-21 12:28:01,495 | INFO  | DNAudit | user=null | ip=null | op=PUT_BLOCK {blockData=[blockId=conID: 1 locID: 102654966593618412 bcsId: 0,size=1048576]} | ret=SUCCESS |  
2019-08-21 12:28:01,495 [grpc-default-executor-4] INFO  client.GrpcClientProtocolClient (GrpcClientProtocolClient.java:onNext(255)) - client-C954105195FD->270584e6-a4a8-4db5-8151-214655ce1a56: receive RaftClientReply:client-C954105195FD->270584e6-a4a8-4db5-8151-214655ce1a56@group-787F5BA3AA67, cid=1483, SUCCESS, logIndex=2114, commits[270584e6-a4a8-4db5-8151-214655ce1a56:c2116, af078b8b-61ec-497f-9506-472d46a72462:c2111, 09fb9ab4-1b8d-44c0-9f8c-50855c6f1fed:c2113]
2019-08-21 12:28:01,495 | INFO  | DNAudit | user=null | ip=null | op=WRITE_CHUNK {blockData=conID: 1 locID: 102654966593618412 bcsId: 0} | ret=SUCCESS |  
2019-08-21 12:28:01,495 [grpc-default-executor-4] INFO  client.GrpcClientProtocolClient (GrpcClientProtocolClient.java:onNext(255)) - client-C954105195FD->270584e6-a4a8-4db5-8151-214655ce1a56: receive RaftClientReply:client-C954105195FD->270584e6-a4a8-4db5-8151-214655ce1a56@group-787F5BA3AA67, cid=1484, SUCCESS, logIndex=2115, commits[270584e6-a4a8-4db5-8151-214655ce1a56:c2116, af078b8b-61ec-497f-9506-472d46a72462:c2115, 09fb9ab4-1b8d-44c0-9f8c-50855c6f1fed:c2113]
2019-08-21 12:28:01,496 | INFO  | DNAudit | user=null | ip=null | op=PUT_BLOCK {blockData=[blockId=conID: 1 locID: 102654966593618412 bcsId: 0,size=2097152]} | ret=SUCCESS |  
2019-08-21 12:28:01,496 | INFO  | DNAudit | user=null | ip=null | op=WRITE_CHUNK {blockData=conID: 1 locID: 102654966593618412 bcsId: 0} | ret=SUCCESS |  
2019-08-21 12:28:01,496 | INFO  | DNAudit | user=null | ip=null | op=PUT_BLOCK {blockData=[blockId=conID: 1 locID: 102654966593618412 bcsId: 0,size=2097152]} | ret=SUCCESS |  
2019-08-21 12:28:01,502 | INFO  | DNAudit | user=null | ip=null | op=WRITE_CHUNK {blockData=conID: 1 locID: 102654966593618412 bcsId: 2115} | ret=SUCCESS |  
2019-08-21 12:28:01,505 | INFO  | DNAudit | user=null | ip=null | op=WRITE_CHUNK {blockData=conID: 1 locID: 102654966593618412 bcsId: 2115} | ret=SUCCESS |  
2019-08-21 12:28:01,505 | INFO  | DNAudit | user=null | ip=null | op=WRITE_CHUNK {blockData=conID: 1 locID: 102654966593618412 bcsId: 2115} | ret=SUCCESS |  
2019-08-21 12:28:01,515 | INFO  | DNAudit | user=null | ip=null | op=WRITE_CHUNK {blockData=conID: 1 locID: 102654966593618412 bcsId: 2115} | ret=SUCCESS |  
2019-08-21 12:28:01,515 | INFO  | DNAudit | user=null | ip=null | op=PUT_BLOCK {blockData=[blockId=conID: 1 locID: 102654966593618412 bcsId: 0,size=3145728]} | ret=SUCCESS |  
2019-08-21 12:28:01,516 [grpc-default-executor-4] INFO  client.GrpcClientProtocolClient (GrpcClientProtocolClient.java:onNext(255)) - client-C954105195FD->270584e6-a4a8-4db5-8151-214655ce1a56: receive RaftClientReply:client-C954105195FD->270584e6-a4a8-4db5-8151-214655ce1a56@group-787F5BA3AA67, cid=1485, SUCCESS, logIndex=2120, commits[270584e6-a4a8-4db5-8151-214655ce1a56:c2121, af078b8b-61ec-497f-9506-472d46a72462:c2119, 09fb9ab4-1b8d-44c0-9f8c-50855c6f1fed:c2119]
2019-08-21 12:28:01,516 [grpc-default-executor-4] INFO  client.GrpcClientProtocolClient (GrpcClientProtocolClient.java:onNext(255)) - client-C954105195FD->270584e6-a4a8-4db5-8151-214655ce1a56: receive RaftClientReply:client-C954105195FD->270584e6-a4a8-4db5-8151-214655ce1a56@group-787F5BA3AA67, cid=1486, SUCCESS, logIndex=2121, commits[270584e6-a4a8-4db5-8151-214655ce1a56:c2121, af078b8b-61ec-497f-9506-472d46a72462:c2119, 09fb9ab4-1b8d-44c0-9f8c-50855c6f1fed:c2119]
2019-08-21 12:28:01,523 | INFO  | DNAudit | user=null | ip=null | op=WRITE_CHUNK {blockData=conID: 1 locID: 102654966593618412 bcsId: 2121} | ret=SUCCESS |  
2019-08-21 12:28:01,525 | INFO  | DNAudit | user=null | ip=null | op=WRITE_CHUNK {blockData=conID: 1 locID: 102654966593618412 bcsId: 2121} | ret=SUCCESS |  
2019-08-21 12:28:01,525 | INFO  | DNAudit | user=null | ip=null | op=WRITE_CHUNK {blockData=conID: 1 locID: 102654966593618412 bcsId: 2121} | ret=SUCCESS |  
2019-08-21 12:28:01,527 | INFO  | DNAudit | user=null | ip=null | op=WRITE_CHUNK {blockData=conID: 1 locID: 102654966593618412 bcsId: 2115} | ret=SUCCESS |  
2019-08-21 12:28:01,527 | INFO  | DNAudit | user=null | ip=null | op=WRITE_CHUNK {blockData=conID: 1 locID: 102654966593618412 bcsId: 2115} | ret=SUCCESS |  
2019-08-21 12:28:01,529 | INFO  | DNAudit | user=null | ip=null | op=PUT_BLOCK {blockData=[blockId=conID: 1 locID: 102654966593618412 bcsId: 0,size=3145728]} | ret=SUCCESS |  
2019-08-21 12:28:01,529 | INFO  | DNAudit | user=null | ip=null | op=PUT_BLOCK {blockData=[blockId=conID: 1 locID: 102654966593618412 bcsId: 0,size=3145728]} | ret=SUCCESS |  
2019-08-21 12:28:01,530 | INFO  | DNAudit | user=null | ip=null | op=WRITE_CHUNK {blockData=conID: 1 locID: 102654966593618412 bcsId: 2121} | ret=SUCCESS |  
2019-08-21 12:28:01,530 | INFO  | DNAudit | user=null | ip=null | op=PUT_BLOCK {blockData=[blockId=conID: 1 locID: 102654966593618412 bcsId: 0,size=4194304]} | ret=SUCCESS |  
2019-08-21 12:28:01,530 [grpc-default-executor-4] INFO  client.GrpcClientProtocolClient (GrpcClientProtocolClient.java:onNext(255)) - client-C954105195FD->270584e6-a4a8-4db5-8151-214655ce1a56: receive RaftClientReply:client-C954105195FD->270584e6-a4a8-4db5-8151-214655ce1a56@group-787F5BA3AA67, cid=1487, SUCCESS, logIndex=2124, commits[270584e6-a4a8-4db5-8151-214655ce1a56:c2125, af078b8b-61ec-497f-9506-472d46a72462:c2121, 09fb9ab4-1b8d-44c0-9f8c-50855c6f1fed:c2121]
2019-08-21 12:28:01,531 [grpc-default-executor-4] INFO  client.GrpcClientProtocolClient (GrpcClientProtocolClient.java:onNext(255)) - client-C954105195FD->270584e6-a4a8-4db5-8151-214655ce1a56: receive RaftClientReply:client-C954105195FD->270584e6-a4a8-4db5-8151-214655ce1a56@group-787F5BA3AA67, cid=1488, SUCCESS, logIndex=2125, commits[270584e6-a4a8-4db5-8151-214655ce1a56:c2125, af078b8b-61ec-497f-9506-472d46a72462:c2121, 09fb9ab4-1b8d-44c0-9f8c-50855c6f1fed:c2121]
2019-08-21 12:28:01,541 | INFO  | DNAudit | user=null | ip=null | op=WRITE_CHUNK {blockData=conID: 1 locID: 102654966593618412 bcsId: 2121} | ret=SUCCESS |  
2019-08-21 12:28:01,541 | INFO  | DNAudit | user=null | ip=null | op=WRITE_CHUNK {blockData=conID: 1 locID: 102654966593618412 bcsId: 2121} | ret=SUCCESS |  
2019-08-21 12:28:01,543 | INFO  | DNAudit | user=null | ip=null | op=PUT_BLOCK {blockData=[blockId=conID: 1 locID: 102654966593618412 bcsId: 0,size=4194304]} | ret=SUCCESS |  
2019-08-21 12:28:01,543 | INFO  | DNAudit | user=null | ip=null | op=PUT_BLOCK {blockData=[blockId=conID: 1 locID: 102654966593618412 bcsId: 0,size=4194304]} | ret=SUCCESS |  
2019-08-21 12:28:01,543 [grpc-default-executor-5] INFO  client.GrpcClientProtocolClient (GrpcClientProtocolClient.java:onNext(255)) - client-C954105195FD->270584e6-a4a8-4db5-8151-214655ce1a56: receive RaftClientReply:client-C954105195FD->270584e6-a4a8-4db5-8151-214655ce1a56@group-787F5BA3AA67, cid=1489, SUCCESS, logIndex=0, commits[270584e6-a4a8-4db5-8151-214655ce1a56:c2127, af078b8b-61ec-497f-9506-472d46a72462:c2125, 09fb9ab4-1b8d-44c0-9f8c-50855c6f1fed:c2125]
2019-08-21 12:28:01,547 | INFO  | SCMAudit | user=jenkins1000 | ip=192.168.34.23 | op=ALLOCATE_BLOCK {owner=b79f83c9-5f7d-4caf-af30-78af34bc5eea, size=4194304, type=RATIS, factor=THREE} | ret=SUCCESS |  
2019-08-21 12:28:01,549 | INFO  | OMAudit | user=jenkins1000 | ip=127.0.0.1 | op=ALLOCATE_BLOCK {volume=vol-0-06517, bucket=bucket-0-64549, key=key-0-34512, dataSize=0, replicationType=null, replicationFactor=null, keyLocationInfo=null, clientID=102654965997830546} | ret=SUCCESS |  
2019-08-21 12:28:01,557 | INFO  | DNAudit | user=null | ip=null | op=WRITE_CHUNK {blockData=conID: 2 locID: 102654966598664685 bcsId: 0} | ret=SUCCESS |  
2019-08-21 12:28:01,559 | INFO  | DNAudit | user=null | ip=null | op=WRITE_CHUNK {blockData=conID: 2 locID: 102654966598664685 bcsId: 0} | ret=SUCCESS |  
2019-08-21 12:28:01,560 | INFO  | DNAudit | user=null | ip=null | op=WRITE_CHUNK {blockData=conID: 2 locID: 102654966598664685 bcsId: 0} | ret=SUCCESS |  
2019-08-21 12:28:01,560 | INFO  | DNAudit | user=null | ip=null | op=WRITE_CHUNK {blockData=conID: 2 locID: 102654966598664685 bcsId: 0} | ret=SUCCESS |  
2019-08-21 12:28:01,562 | INFO  | DNAudit | user=null | ip=null | op=WRITE_CHUNK {blockData=conID: 2 locID: 102654966598664685 bcsId: 0} | ret=SUCCESS |  
2019-08-21 12:28:01,563 | INFO  | DNAudit | user=null | ip=null | op=WRITE_CHUNK {blockData=conID: 2 locID: 102654966598664685 bcsId: 0} | ret=SUCCESS |  
2019-08-21 12:28:01,569 | INFO  | DNAudit | user=null | ip=null | op=WRITE_CHUNK {blockData=conID: 2 locID: 102654966598664685 bcsId: 0} | ret=SUCCESS |  
2019-08-21 12:28:01,569 | INFO  | DNAudit | user=null | ip=null | op=PUT_BLOCK {blockData=[blockId=conID: 2 locID: 102654966598664685 bcsId: 0,size=1048576]} | ret=SUCCESS |  
2019-08-21 12:28:01,570 | INFO  | DNAudit | user=null | ip=null | op=WRITE_CHUNK {blockData=conID: 2 locID: 102654966598664685 bcsId: 0} | ret=SUCCESS |  
2019-08-21 12:28:01,570 [grpc-default-executor-4] INFO  client.GrpcClientProtocolClient (GrpcClientProtocolClient.java:onNext(255)) - client-C954105195FD->270584e6-a4a8-4db5-8151-214655ce1a56: receive RaftClientReply:client-C954105195FD->270584e6-a4a8-4db5-8151-214655ce1a56@group-787F5BA3AA67, cid=1490, SUCCESS, logIndex=2128, commits[270584e6-a4a8-4db5-8151-214655ce1a56:c2129, af078b8b-61ec-497f-9506-472d46a72462:c2127, 09fb9ab4-1b8d-44c0-9f8c-50855c6f1fed:c2127]
2019-08-21 12:28:01,570 | INFO  | DNAudit | user=null | ip=null | op=PUT_BLOCK {blockData=[blockId=conID: 2 locID: 102654966598664685 bcsId: 0,size=2097152]} | ret=SUCCESS |  
2019-08-21 12:28:01,570 [grpc-default-executor-4] INFO  client.GrpcClientProtocolClient (GrpcClientProtocolClient.java:onNext(255)) - client-C954105195FD->270584e6-a4a8-4db5-8151-214655ce1a56: receive RaftClientReply:client-C954105195FD->270584e6-a4a8-4db5-8151-214655ce1a56@group-787F5BA3AA67, cid=1491, SUCCESS, logIndex=2129, commits[270584e6-a4a8-4db5-8151-214655ce1a56:c2131, af078b8b-61ec-497f-9506-472d46a72462:c2127, 09fb9ab4-1b8d-44c0-9f8c-50855c6f1fed:c2127]
2019-08-21 12:28:01,571 [grpc-default-executor-4] INFO  client.GrpcClientProtocolClient (GrpcClientProtocolClient.java:onNext(255)) - client-C954105195FD->270584e6-a4a8-4db5-8151-214655ce1a56: receive RaftClientReply:client-C954105195FD->270584e6-a4a8-4db5-8151-214655ce1a56@group-787F5BA3AA67, cid=1492, SUCCESS, logIndex=2130, commits[270584e6-a4a8-4db5-8151-214655ce1a56:c2131, af078b8b-61ec-497f-9506-472d46a72462:c2127, 09fb9ab4-1b8d-44c0-9f8c-50855c6f1fed:c2127]
2019-08-21 12:28:01,571 | INFO  | DNAudit | user=null | ip=null | op=WRITE_CHUNK {blockData=conID: 2 locID: 102654966598664685 bcsId: 0} | ret=SUCCESS |  
2019-08-21 12:28:01,571 [grpc-default-executor-4] INFO  client.GrpcClientProtocolClient (GrpcClientProtocolClient.java:onNext(255)) - client-C954105195FD->270584e6-a4a8-4db5-8151-214655ce1a56: receive RaftClientReply:client-C954105195FD->270584e6-a4a8-4db5-8151-214655ce1a56@group-787F5BA3AA67, cid=1493, SUCCESS, logIndex=2131, commits[270584e6-a4a8-4db5-8151-214655ce1a56:c2131, af078b8b-61ec-497f-9506-472d46a72462:c2127, 09fb9ab4-1b8d-44c0-9f8c-50855c6f1fed:c2127]
2019-08-21 12:28:01,571 | INFO  | DNAudit | user=null | ip=null | op=PUT_BLOCK {blockData=[blockId=conID: 2 locID: 102654966598664685 bcsId: 0,size=1048576]} | ret=SUCCESS |  
2019-08-21 12:28:01,571 | INFO  | DNAudit | user=null | ip=null | op=WRITE_CHUNK {blockData=conID: 2 locID: 102654966598664685 bcsId: 0} | ret=SUCCESS |  
2019-08-21 12:28:01,572 | INFO  | DNAudit | user=null | ip=null | op=PUT_BLOCK {blockData=[blockId=conID: 2 locID: 102654966598664685 bcsId: 0,size=1048576]} | ret=SUCCESS |  
2019-08-21 12:28:01,572 | INFO  | DNAudit | user=null | ip=null | op=WRITE_CHUNK {blockData=conID: 2 locID: 102654966598664685 bcsId: 0} | ret=SUCCESS |  
2019-08-21 12:28:01,572 | INFO  | DNAudit | user=null | ip=null | op=WRITE_CHUNK {blockData=conID: 2 locID: 102654966598664685 bcsId: 0} | ret=SUCCESS |  
2019-08-21 12:28:01,572 [grpc-default-executor-2] INFO  client.GrpcClientProtocolClient (GrpcClientProtocolClient.java:onNext(255)) - client-C954105195FD->270584e6-a4a8-4db5-8151-214655ce1a56: receive RaftClientReply:client-C954105195FD->270584e6-a4a8-4db5-8151-214655ce1a56@group-787F5BA3AA67, cid=1494, SUCCESS, logIndex=0, commits[270584e6-a4a8-4db5-8151-214655ce1a56:c2134, af078b8b-61ec-497f-9506-472d46a72462:c2130, 09fb9ab4-1b8d-44c0-9f8c-50855c6f1fed:c2129]
2019-08-21 12:28:01,573 | INFO  | DNAudit | user=null | ip=null | op=PUT_BLOCK {blockData=[blockId=conID: 2 locID: 102654966598664685 bcsId: 0,size=2097152]} | ret=SUCCESS |  
2019-08-21 12:28:01,573 | INFO  | DNAudit | user=null | ip=null | op=PUT_BLOCK {blockData=[blockId=conID: 2 locID: 102654966598664685 bcsId: 0,size=2097152]} | ret=SUCCESS |  
2019-08-21 12:28:01,580 | INFO  | DNAudit | user=null | ip=null | op=WRITE_CHUNK {blockData=conID: 2 locID: 102654966598664685 bcsId: 2131} | ret=SUCCESS |  
 0.00% |█                                                                                                    |  0/1 Time: 0:00:092019-08-21 12:28:01,582 | INFO  | DNAudit | user=null | ip=null | op=WRITE_CHUNK {blockData=conID: 2 locID: 102654966598664685 bcsId: 2131} | ret=SUCCESS |  
2019-08-21 12:28:01,582 | INFO  | DNAudit | user=null | ip=null | op=WRITE_CHUNK {blockData=conID: 2 locID: 102654966598664685 bcsId: 2131} | ret=SUCCESS |  
2019-08-21 12:28:01,592 | INFO  | DNAudit | user=null | ip=null | op=WRITE_CHUNK {blockData=conID: 2 locID: 102654966598664685 bcsId: 2131} | ret=SUCCESS |  
2019-08-21 12:28:01,593 | INFO  | DNAudit | user=null | ip=null | op=PUT_BLOCK {blockData=[blockId=conID: 2 locID: 102654966598664685 bcsId: 0,size=3145728]} | ret=SUCCESS |  
2019-08-21 12:28:01,593 [grpc-default-executor-2] INFO  client.GrpcClientProtocolClient (GrpcClientProtocolClient.java:onNext(255)) - client-C954105195FD->270584e6-a4a8-4db5-8151-214655ce1a56: receive RaftClientReply:client-C954105195FD->270584e6-a4a8-4db5-8151-214655ce1a56@group-787F5BA3AA67, cid=1495, SUCCESS, logIndex=2136, commits[270584e6-a4a8-4db5-8151-214655ce1a56:c2137, af078b8b-61ec-497f-9506-472d46a72462:c2135, 09fb9ab4-1b8d-44c0-9f8c-50855c6f1fed:c2135]
2019-08-21 12:28:01,593 [grpc-default-executor-2] INFO  client.GrpcClientProtocolClient (GrpcClientProtocolClient.java:onNext(255)) - client-C954105195FD->270584e6-a4a8-4db5-8151-214655ce1a56: receive RaftClientReply:client-C954105195FD->270584e6-a4a8-4db5-8151-214655ce1a56@group-787F5BA3AA67, cid=1496, SUCCESS, logIndex=2137, commits[270584e6-a4a8-4db5-8151-214655ce1a56:c2137, af078b8b-61ec-497f-9506-472d46a72462:c2135, 09fb9ab4-1b8d-44c0-9f8c-50855c6f1fed:c2135]
2019-08-21 12:28:01,599 | INFO  | DNAudit | user=null | ip=null | op=WRITE_CHUNK {blockData=conID: 2 locID: 102654966598664685 bcsId: 2137} | ret=SUCCESS |  
2019-08-21 12:28:01,601 | INFO  | DNAudit | user=null | ip=null | op=WRITE_CHUNK {blockData=conID: 2 locID: 102654966598664685 bcsId: 2137} | ret=SUCCESS |  
2019-08-21 12:28:01,602 | INFO  | DNAudit | user=null | ip=null | op=WRITE_CHUNK {blockData=conID: 2 locID: 102654966598664685 bcsId: 2137} | ret=SUCCESS |  
2019-08-21 12:28:01,604 | INFO  | DNAudit | user=null | ip=null | op=WRITE_CHUNK {blockData=conID: 2 locID: 102654966598664685 bcsId: 2131} | ret=SUCCESS |  
2019-08-21 12:28:01,604 | INFO  | DNAudit | user=null | ip=null | op=WRITE_CHUNK {blockData=conID: 2 locID: 102654966598664685 bcsId: 2131} | ret=SUCCESS |  
2019-08-21 12:28:01,606 | INFO  | DNAudit | user=null | ip=null | op=PUT_BLOCK {blockData=[blockId=conID: 2 locID: 102654966598664685 bcsId: 0,size=3145728]} | ret=SUCCESS |  
2019-08-21 12:28:01,606 | INFO  | DNAudit | user=null | ip=null | op=PUT_BLOCK {blockData=[blockId=conID: 2 locID: 102654966598664685 bcsId: 0,size=3145728]} | ret=SUCCESS |  
2019-08-21 12:28:01,606 | INFO  | DNAudit | user=null | ip=null | op=WRITE_CHUNK {blockData=conID: 2 locID: 102654966598664685 bcsId: 2137} | ret=SUCCESS |  
2019-08-21 12:28:01,606 | INFO  | DNAudit | user=null | ip=null | op=PUT_BLOCK {blockData=[blockId=conID: 2 locID: 102654966598664685 bcsId: 0,size=4194304]} | ret=SUCCESS |  
2019-08-21 12:28:01,607 [grpc-default-executor-5] INFO  client.GrpcClientProtocolClient (GrpcClientProtocolClient.java:onNext(255)) - client-C954105195FD->270584e6-a4a8-4db5-8151-214655ce1a56: receive RaftClientReply:client-C954105195FD->270584e6-a4a8-4db5-8151-214655ce1a56@group-787F5BA3AA67, cid=1497, SUCCESS, logIndex=2140, commits[270584e6-a4a8-4db5-8151-214655ce1a56:c2140, af078b8b-61ec-497f-9506-472d46a72462:c2137, 09fb9ab4-1b8d-44c0-9f8c-50855c6f1fed:c2137]
2019-08-21 12:28:01,607 [grpc-default-executor-5] INFO  client.GrpcClientProtocolClient (GrpcClientProtocolClient.java:onNext(255)) - client-C954105195FD->270584e6-a4a8-4db5-8151-214655ce1a56: receive RaftClientReply:client-C954105195FD->270584e6-a4a8-4db5-8151-214655ce1a56@group-787F5BA3AA67, cid=1498, SUCCESS, logIndex=2141, commits[270584e6-a4a8-4db5-8151-214655ce1a56:c2141, af078b8b-61ec-497f-9506-472d46a72462:c2137, 09fb9ab4-1b8d-44c0-9f8c-50855c6f1fed:c2137]
2019-08-21 12:28:01,618 | INFO  | DNAudit | user=null | ip=null | op=WRITE_CHUNK {blockData=conID: 2 locID: 102654966598664685 bcsId: 2137} | ret=SUCCESS |  
2019-08-21 12:28:01,618 | INFO  | DNAudit | user=null | ip=null | op=WRITE_CHUNK {blockData=conID: 2 locID: 102654966598664685 bcsId: 2137} | ret=SUCCESS |  
2019-08-21 12:28:01,621 | INFO  | DNAudit | user=null | ip=null | op=PUT_BLOCK {blockData=[blockId=conID: 2 locID: 102654966598664685 bcsId: 0,size=4194304]} | ret=SUCCESS |  
2019-08-21 12:28:01,621 | INFO  | DNAudit | user=null | ip=null | op=PUT_BLOCK {blockData=[blockId=conID: 2 locID: 102654966598664685 bcsId: 0,size=4194304]} | ret=SUCCESS |  
2019-08-21 12:28:01,622 [grpc-default-executor-5] INFO  client.GrpcClientProtocolClient (GrpcClientProtocolClient.java:onNext(255)) - client-C954105195FD->270584e6-a4a8-4db5-8151-214655ce1a56: receive RaftClientReply:client-C954105195FD->270584e6-a4a8-4db5-8151-214655ce1a56@group-787F5BA3AA67, cid=1499, SUCCESS, logIndex=0, commits[270584e6-a4a8-4db5-8151-214655ce1a56:c2143, af078b8b-61ec-497f-9506-472d46a72462:c2141, 09fb9ab4-1b8d-44c0-9f8c-50855c6f1fed:c2141]
2019-08-21 12:28:01,626 | INFO  | SCMAudit | user=jenkins1000 | ip=192.168.34.23 | op=ALLOCATE_BLOCK {owner=b79f83c9-5f7d-4caf-af30-78af34bc5eea, size=4194304, type=RATIS, factor=THREE} | ret=SUCCESS |  
2019-08-21 12:28:01,629 | INFO  | OMAudit | user=jenkins1000 | ip=127.0.0.1 | op=ALLOCATE_BLOCK {volume=vol-0-06517, bucket=bucket-0-64549, key=key-0-34512, dataSize=0, replicationType=null, replicationFactor=null, keyLocationInfo=null, clientID=102654965997830546} | ret=SUCCESS |  
2019-08-21 12:28:01,635 | INFO  | DNAudit | user=null | ip=null | op=WRITE_CHUNK {blockData=conID: 3 locID: 102654966603842030 bcsId: 0} | ret=SUCCESS |  
2019-08-21 12:28:01,637 | INFO  | DNAudit | user=null | ip=null | op=WRITE_CHUNK {blockData=conID: 3 locID: 102654966603842030 bcsId: 0} | ret=SUCCESS |  
2019-08-21 12:28:01,638 | INFO  | DNAudit | user=null | ip=null | op=WRITE_CHUNK {blockData=conID: 3 locID: 102654966603842030 bcsId: 0} | ret=SUCCESS |  
2019-08-21 12:28:01,639 | INFO  | DNAudit | user=null | ip=null | op=WRITE_CHUNK {blockData=conID: 3 locID: 102654966603842030 bcsId: 0} | ret=SUCCESS |  
2019-08-21 12:28:01,639 | INFO  | DNAudit | user=null | ip=null | op=WRITE_CHUNK {blockData=conID: 3 locID: 102654966603842030 bcsId: 0} | ret=SUCCESS |  
2019-08-21 12:28:01,641 | INFO  | DNAudit | user=null | ip=null | op=WRITE_CHUNK {blockData=conID: 3 locID: 102654966603842030 bcsId: 0} | ret=SUCCESS |  
2019-08-21 12:28:01,642 | INFO  | DNAudit | user=null | ip=null | op=WRITE_CHUNK {blockData=conID: 3 locID: 102654966603842030 bcsId: 0} | ret=SUCCESS |  
2019-08-21 12:28:01,643 | INFO  | DNAudit | user=null | ip=null | op=PUT_BLOCK {blockData=[blockId=conID: 3 locID: 102654966603842030 bcsId: 0,size=1048576]} | ret=SUCCESS |  
2019-08-21 12:28:01,643 [grpc-default-executor-4] INFO  client.GrpcClientProtocolClient (GrpcClientProtocolClient.java:onNext(255)) - client-C954105195FD->270584e6-a4a8-4db5-8151-214655ce1a56: receive RaftClientReply:client-C954105195FD->270584e6-a4a8-4db5-8151-214655ce1a56@group-787F5BA3AA67, cid=1500, SUCCESS, logIndex=2144, commits[270584e6-a4a8-4db5-8151-214655ce1a56:c2145, af078b8b-61ec-497f-9506-472d46a72462:c2143, 09fb9ab4-1b8d-44c0-9f8c-50855c6f1fed:c2141]
2019-08-21 12:28:01,643 [grpc-default-executor-4] INFO  client.GrpcClientProtocolClient (GrpcClientProtocolClient.java:onNext(255)) - client-C954105195FD->270584e6-a4a8-4db5-8151-214655ce1a56: receive RaftClientReply:client-C954105195FD->270584e6-a4a8-4db5-8151-214655ce1a56@group-787F5BA3AA67, cid=1501, SUCCESS, logIndex=2145, commits[270584e6-a4a8-4db5-8151-214655ce1a56:c2147, af078b8b-61ec-497f-9506-472d46a72462:c2143, 09fb9ab4-1b8d-44c0-9f8c-50855c6f1fed:c2141]
2019-08-21 12:28:01,644 | INFO  | DNAudit | user=null | ip=null | op=WRITE_CHUNK {blockData=conID: 3 locID: 102654966603842030 bcsId: 0} | ret=SUCCESS |  
2019-08-21 12:28:01,644 | INFO  | DNAudit | user=null | ip=null | op=WRITE_CHUNK {blockData=conID: 3 locID: 102654966603842030 bcsId: 0} | ret=SUCCESS |  
2019-08-21 12:28:01,645 | INFO  | DNAudit | user=null | ip=null | op=PUT_BLOCK {blockData=[blockId=conID: 3 locID: 102654966603842030 bcsId: 0,size=1048576]} | ret=SUCCESS |  
2019-08-21 12:28:01,645 | INFO  | DNAudit | user=null | ip=null | op=PUT_BLOCK {blockData=[blockId=conID: 3 locID: 102654966603842030 bcsId: 0,size=2097152]} | ret=SUCCESS |  
2019-08-21 12:28:01,645 [grpc-default-executor-4] INFO  client.GrpcClientProtocolClient (GrpcClientProtocolClient.java:onNext(255)) - client-C954105195FD->270584e6-a4a8-4db5-8151-214655ce1a56: receive RaftClientReply:client-C954105195FD->270584e6-a4a8-4db5-8151-214655ce1a56@group-787F5BA3AA67, cid=1502, SUCCESS, logIndex=2146, commits[270584e6-a4a8-4db5-8151-214655ce1a56:c2149, af078b8b-61ec-497f-9506-472d46a72462:c2145, 09fb9ab4-1b8d-44c0-9f8c-50855c6f1fed:c2141]
2019-08-21 12:28:01,645 [grpc-default-executor-4] INFO  client.GrpcClientProtocolClient (GrpcClientProtocolClient.java:onNext(255)) - client-C954105195FD->270584e6-a4a8-4db5-8151-214655ce1a56: receive RaftClientReply:client-C954105195FD->270584e6-a4a8-4db5-8151-214655ce1a56@group-787F5BA3AA67, cid=1503, SUCCESS, logIndex=2147, commits[270584e6-a4a8-4db5-8151-214655ce1a56:c2149, af078b8b-61ec-497f-9506-472d46a72462:c2145, 09fb9ab4-1b8d-44c0-9f8c-50855c6f1fed:c2141]
2019-08-21 12:28:01,645 | INFO  | DNAudit | user=null | ip=null | op=WRITE_CHUNK {blockData=conID: 3 locID: 102654966603842030 bcsId: 0} | ret=SUCCESS |  
2019-08-21 12:28:01,646 | INFO  | DNAudit | user=null | ip=null | op=PUT_BLOCK {blockData=[blockId=conID: 3 locID: 102654966603842030 bcsId: 0,size=2097152]} | ret=SUCCESS |  
2019-08-21 12:28:01,647 | INFO  | DNAudit | user=null | ip=null | op=WRITE_CHUNK {blockData=conID: 3 locID: 102654966603842030 bcsId: 0} | ret=SUCCESS |  
2019-08-21 12:28:01,648 | INFO  | DNAudit | user=null | ip=null | op=PUT_BLOCK {blockData=[blockId=conID: 3 locID: 102654966603842030 bcsId: 0,size=1048576]} | ret=SUCCESS |  
2019-08-21 12:28:01,648 | INFO  | DNAudit | user=null | ip=null | op=WRITE_CHUNK {blockData=conID: 3 locID: 102654966603842030 bcsId: 0} | ret=SUCCESS |  
2019-08-21 12:28:01,648 [grpc-default-executor-5] INFO  client.GrpcClientProtocolClient (GrpcClientProtocolClient.java:onNext(255)) - client-C954105195FD->270584e6-a4a8-4db5-8151-214655ce1a56: receive RaftClientReply:client-C954105195FD->270584e6-a4a8-4db5-8151-214655ce1a56@group-787F5BA3AA67, cid=1504, SUCCESS, logIndex=0, commits[270584e6-a4a8-4db5-8151-214655ce1a56:c2151, af078b8b-61ec-497f-9506-472d46a72462:c2147, 09fb9ab4-1b8d-44c0-9f8c-50855c6f1fed:c2145]
2019-08-21 12:28:01,648 | INFO  | DNAudit | user=null | ip=null | op=PUT_BLOCK {blockData=[blockId=conID: 3 locID: 102654966603842030 bcsId: 0,size=2097152]} | ret=SUCCESS |  
2019-08-21 12:28:01,655 | INFO  | DNAudit | user=null | ip=null | op=WRITE_CHUNK {blockData=conID: 3 locID: 102654966603842030 bcsId: 2147} | ret=SUCCESS |  
2019-08-21 12:28:01,658 | INFO  | DNAudit | user=null | ip=null | op=WRITE_CHUNK {blockData=conID: 3 locID: 102654966603842030 bcsId: 2147} | ret=SUCCESS |  
2019-08-21 12:28:01,659 | INFO  | DNAudit | user=null | ip=null | op=WRITE_CHUNK {blockData=conID: 3 locID: 102654966603842030 bcsId: 2147} | ret=SUCCESS |  
2019-08-21 12:28:01,685 | INFO  | DNAudit | user=null | ip=null | op=WRITE_CHUNK {blockData=conID: 3 locID: 102654966603842030 bcsId: 2147} | ret=SUCCESS |  
2019-08-21 12:28:01,686 | INFO  | DNAudit | user=null | ip=null | op=PUT_BLOCK {blockData=[blockId=conID: 3 locID: 102654966603842030 bcsId: 0,size=3145728]} | ret=SUCCESS |  
2019-08-21 12:28:01,686 [grpc-default-executor-5] INFO  client.GrpcClientProtocolClient (GrpcClientProtocolClient.java:onNext(255)) - client-C954105195FD->270584e6-a4a8-4db5-8151-214655ce1a56: receive RaftClientReply:client-C954105195FD->270584e6-a4a8-4db5-8151-214655ce1a56@group-787F5BA3AA67, cid=1505, SUCCESS, logIndex=2152, commits[270584e6-a4a8-4db5-8151-214655ce1a56:c2153, af078b8b-61ec-497f-9506-472d46a72462:c2151, 09fb9ab4-1b8d-44c0-9f8c-50855c6f1fed:c2151]
2019-08-21 12:28:01,686 [grpc-default-executor-5] INFO  client.GrpcClientProtocolClient (GrpcClientProtocolClient.java:onNext(255)) - client-C954105195FD->270584e6-a4a8-4db5-8151-214655ce1a56: receive RaftClientReply:client-C954105195FD->270584e6-a4a8-4db5-8151-214655ce1a56@group-787F5BA3AA67, cid=1506, SUCCESS, logIndex=2153, commits[270584e6-a4a8-4db5-8151-214655ce1a56:c2153, af078b8b-61ec-497f-9506-472d46a72462:c2151, 09fb9ab4-1b8d-44c0-9f8c-50855c6f1fed:c2151]
2019-08-21 12:28:01,694 | INFO  | DNAudit | user=null | ip=null | op=WRITE_CHUNK {blockData=conID: 3 locID: 102654966603842030 bcsId: 2147} | ret=SUCCESS |  
2019-08-21 12:28:01,695 | INFO  | DNAudit | user=null | ip=null | op=PUT_BLOCK {blockData=[blockId=conID: 3 locID: 102654966603842030 bcsId: 0,size=3145728]} | ret=SUCCESS |  
2019-08-21 12:28:01,695 | INFO  | DNAudit | user=null | ip=null | op=WRITE_CHUNK {blockData=conID: 3 locID: 102654966603842030 bcsId: 2147} | ret=SUCCESS |  
2019-08-21 12:28:01,695 | INFO  | DNAudit | user=null | ip=null | op=PUT_BLOCK {blockData=[blockId=conID: 3 locID: 102654966603842030 bcsId: 0,size=3145728]} | ret=SUCCESS |  
2019-08-21 12:28:01,695 | INFO  | DNAudit | user=null | ip=null | op=WRITE_CHUNK {blockData=conID: 3 locID: 102654966603842030 bcsId: 2153} | ret=SUCCESS |  
2019-08-21 12:28:01,697 | INFO  | DNAudit | user=null | ip=null | op=WRITE_CHUNK {blockData=conID: 3 locID: 102654966603842030 bcsId: 2153} | ret=SUCCESS |  
2019-08-21 12:28:01,698 | INFO  | DNAudit | user=null | ip=null | op=WRITE_CHUNK {blockData=conID: 3 locID: 102654966603842030 bcsId: 2153} | ret=SUCCESS |  
2019-08-21 12:28:01,709 | INFO  | DNAudit | user=null | ip=null | op=WRITE_CHUNK {blockData=conID: 3 locID: 102654966603842030 bcsId: 2153} | ret=SUCCESS |  
2019-08-21 12:28:01,709 | INFO  | DNAudit | user=null | ip=null | op=PUT_BLOCK {blockData=[blockId=conID: 3 locID: 102654966603842030 bcsId: 0,size=4194304]} | ret=SUCCESS |  
2019-08-21 12:28:01,710 [grpc-default-executor-2] INFO  client.GrpcClientProtocolClient (GrpcClientProtocolClient.java:onNext(255)) - client-C954105195FD->270584e6-a4a8-4db5-8151-214655ce1a56: receive RaftClientReply:client-C954105195FD->270584e6-a4a8-4db5-8151-214655ce1a56@group-787F5BA3AA67, cid=1507, SUCCESS, logIndex=2156, commits[270584e6-a4a8-4db5-8151-214655ce1a56:c2157, af078b8b-61ec-497f-9506-472d46a72462:c2153, 09fb9ab4-1b8d-44c0-9f8c-50855c6f1fed:c2153]
2019-08-21 12:28:01,710 [grpc-default-executor-2] INFO  client.GrpcClientProtocolClient (GrpcClientProtocolClient.java:onNext(255)) - client-C954105195FD->270584e6-a4a8-4db5-8151-214655ce1a56: receive RaftClientReply:client-C954105195FD->270584e6-a4a8-4db5-8151-214655ce1a56@group-787F5BA3AA67, cid=1508, SUCCESS, logIndex=2157, commits[270584e6-a4a8-4db5-8151-214655ce1a56:c2157, af078b8b-61ec-497f-9506-472d46a72462:c2153, 09fb9ab4-1b8d-44c0-9f8c-50855c6f1fed:c2153]
2019-08-21 12:28:01,711 | INFO  | DNAudit | user=null | ip=null | op=WRITE_CHUNK {blockData=conID: 3 locID: 102654966603842030 bcsId: 2153} | ret=SUCCESS |  
2019-08-21 12:28:01,711 | INFO  | DNAudit | user=null | ip=null | op=WRITE_CHUNK {blockData=conID: 3 locID: 102654966603842030 bcsId: 2153} | ret=SUCCESS |  
2019-08-21 12:28:01,711 | INFO  | DNAudit | user=null | ip=null | op=PUT_BLOCK {blockData=[blockId=conID: 3 locID: 102654966603842030 bcsId: 0,size=4194304]} | ret=SUCCESS |  
2019-08-21 12:28:01,711 | INFO  | DNAudit | user=null | ip=null | op=PUT_BLOCK {blockData=[blockId=conID: 3 locID: 102654966603842030 bcsId: 0,size=4194304]} | ret=SUCCESS |  
2019-08-21 12:28:01,711 [grpc-default-executor-5] INFO  client.GrpcClientProtocolClient (GrpcClientProtocolClient.java:onNext(255)) - client-C954105195FD->270584e6-a4a8-4db5-8151-214655ce1a56: receive RaftClientReply:client-C954105195FD->270584e6-a4a8-4db5-8151-214655ce1a56@group-787F5BA3AA67, cid=1509, SUCCESS, logIndex=0, commits[270584e6-a4a8-4db5-8151-214655ce1a56:c2158, af078b8b-61ec-497f-9506-472d46a72462:c2157, 09fb9ab4-1b8d-44c0-9f8c-50855c6f1fed:c2157]
2019-08-21 12:28:01,716 | INFO  | SCMAudit | user=jenkins1000 | ip=192.168.34.23 | op=ALLOCATE_BLOCK {owner=b79f83c9-5f7d-4caf-af30-78af34bc5eea, size=4194304, type=RATIS, factor=THREE} | ret=SUCCESS |  
2019-08-21 12:28:01,719 | INFO  | OMAudit | user=jenkins1000 | ip=127.0.0.1 | op=ALLOCATE_BLOCK {volume=vol-0-06517, bucket=bucket-0-64549, key=key-0-34512, dataSize=0, replicationType=null, replicationFactor=null, keyLocationInfo=null, clientID=102654965997830546} | ret=SUCCESS |  
2019-08-21 12:28:01,728 | INFO  | DNAudit | user=null | ip=null | op=WRITE_CHUNK {blockData=conID: 1 locID: 102654966609740271 bcsId: 0} | ret=SUCCESS |  
2019-08-21 12:28:01,732 | INFO  | DNAudit | user=null | ip=null | op=WRITE_CHUNK {blockData=conID: 1 locID: 102654966609740271 bcsId: 0} | ret=SUCCESS |  
2019-08-21 12:28:01,733 | INFO  | DNAudit | user=null | ip=null | op=WRITE_CHUNK {blockData=conID: 1 locID: 102654966609740271 bcsId: 0} | ret=SUCCESS |  
2019-08-21 12:28:01,733 | INFO  | DNAudit | user=null | ip=null | op=WRITE_CHUNK {blockData=conID: 1 locID: 102654966609740271 bcsId: 0} | ret=SUCCESS |  
2019-08-21 12:28:01,735 | INFO  | DNAudit | user=null | ip=null | op=WRITE_CHUNK {blockData=conID: 1 locID: 102654966609740271 bcsId: 0} | ret=SUCCESS |  
2019-08-21 12:28:01,736 | INFO  | DNAudit | user=null | ip=null | op=WRITE_CHUNK {blockData=conID: 1 locID: 102654966609740271 bcsId: 0} | ret=SUCCESS |  
2019-08-21 12:28:01,741 | INFO  | DNAudit | user=null | ip=null | op=WRITE_CHUNK {blockData=conID: 1 locID: 102654966609740271 bcsId: 0} | ret=SUCCESS |  
2019-08-21 12:28:01,741 | INFO  | DNAudit | user=null | ip=null | op=PUT_BLOCK {blockData=[blockId=conID: 1 locID: 102654966609740271 bcsId: 0,size=1048576]} | ret=SUCCESS |  
2019-08-21 12:28:01,742 | INFO  | DNAudit | user=null | ip=null | op=WRITE_CHUNK {blockData=conID: 1 locID: 102654966609740271 bcsId: 0} | ret=SUCCESS |  
2019-08-21 12:28:01,742 [grpc-default-executor-2] INFO  client.GrpcClientProtocolClient (GrpcClientProtocolClient.java:onNext(255)) - client-C954105195FD->270584e6-a4a8-4db5-8151-214655ce1a56: receive RaftClientReply:client-C954105195FD->270584e6-a4a8-4db5-8151-214655ce1a56@group-787F5BA3AA67, cid=1510, SUCCESS, logIndex=2160, commits[270584e6-a4a8-4db5-8151-214655ce1a56:c2161, af078b8b-61ec-497f-9506-472d46a72462:c2159, 09fb9ab4-1b8d-44c0-9f8c-50855c6f1fed:c2159]
2019-08-21 12:28:01,742 | INFO  | DNAudit | user=null | ip=null | op=PUT_BLOCK {blockData=[blockId=conID: 1 locID: 102654966609740271 bcsId: 0,size=2097152]} | ret=SUCCESS |  
2019-08-21 12:28:01,742 [grpc-default-executor-2] INFO  client.GrpcClientProtocolClient (GrpcClientProtocolClient.java:onNext(255)) - client-C954105195FD->270584e6-a4a8-4db5-8151-214655ce1a56: receive RaftClientReply:client-C954105195FD->270584e6-a4a8-4db5-8151-214655ce1a56@group-787F5BA3AA67, cid=1511, SUCCESS, logIndex=2161, commits[270584e6-a4a8-4db5-8151-214655ce1a56:c2163, af078b8b-61ec-497f-9506-472d46a72462:c2159, 09fb9ab4-1b8d-44c0-9f8c-50855c6f1fed:c2159]
2019-08-21 12:28:01,743 [grpc-default-executor-2] INFO  client.GrpcClientProtocolClient (GrpcClientProtocolClient.java:onNext(255)) - client-C954105195FD->270584e6-a4a8-4db5-8151-214655ce1a56: receive RaftClientReply:client-C954105195FD->270584e6-a4a8-4db5-8151-214655ce1a56@group-787F5BA3AA67, cid=1512, SUCCESS, logIndex=2162, commits[270584e6-a4a8-4db5-8151-214655ce1a56:c2163, af078b8b-61ec-497f-9506-472d46a72462:c2159, 09fb9ab4-1b8d-44c0-9f8c-50855c6f1fed:c2159]
2019-08-21 12:28:01,743 [grpc-default-executor-2] INFO  client.GrpcClientProtocolClient (GrpcClientProtocolClient.java:onNext(255)) - client-C954105195FD->270584e6-a4a8-4db5-8151-214655ce1a56: receive RaftClientReply:client-C954105195FD->270584e6-a4a8-4db5-8151-214655ce1a56@group-787F5BA3AA67, cid=1513, SUCCESS, logIndex=2163, commits[270584e6-a4a8-4db5-8151-214655ce1a56:c2163, af078b8b-61ec-497f-9506-472d46a72462:c2159, 09fb9ab4-1b8d-44c0-9f8c-50855c6f1fed:c2159]
2019-08-21 12:28:01,754 | INFO  | DNAudit | user=null | ip=null | op=WRITE_CHUNK {blockData=conID: 1 locID: 102654966609740271 bcsId: 0} | ret=SUCCESS |  
2019-08-21 12:28:01,754 | INFO  | DNAudit | user=null | ip=null | op=WRITE_CHUNK {blockData=conID: 1 locID: 102654966609740271 bcsId: 0} | ret=SUCCESS |  
2019-08-21 12:28:01,754 | INFO  | DNAudit | user=null | ip=null | op=PUT_BLOCK {blockData=[blockId=conID: 1 locID: 102654966609740271 bcsId: 0,size=1048576]} | ret=SUCCESS |  
2019-08-21 12:28:01,754 | INFO  | DNAudit | user=null | ip=null | op=PUT_BLOCK {blockData=[blockId=conID: 1 locID: 102654966609740271 bcsId: 0,size=1048576]} | ret=SUCCESS |  
2019-08-21 12:28:01,755 | INFO  | DNAudit | user=null | ip=null | op=WRITE_CHUNK {blockData=conID: 1 locID: 102654966609740271 bcsId: 0} | ret=SUCCESS |  
2019-08-21 12:28:01,755 | INFO  | DNAudit | user=null | ip=null | op=WRITE_CHUNK {blockData=conID: 1 locID: 102654966609740271 bcsId: 0} | ret=SUCCESS |  
2019-08-21 12:28:01,755 [grpc-default-executor-2] INFO  client.GrpcClientProtocolClient (GrpcClientProtocolClient.java:onNext(255)) - client-C954105195FD->270584e6-a4a8-4db5-8151-214655ce1a56: receive RaftClientReply:client-C954105195FD->270584e6-a4a8-4db5-8151-214655ce1a56@group-787F5BA3AA67, cid=1514, SUCCESS, logIndex=0, commits[270584e6-a4a8-4db5-8151-214655ce1a56:c2165, af078b8b-61ec-497f-9506-472d46a72462:c2161, 09fb9ab4-1b8d-44c0-9f8c-50855c6f1fed:c2161]
2019-08-21 12:28:01,755 | INFO  | DNAudit | user=null | ip=null | op=PUT_BLOCK {blockData=[blockId=conID: 1 locID: 102654966609740271 bcsId: 0,size=2097152]} | ret=SUCCESS |  
2019-08-21 12:28:01,755 | INFO  | DNAudit | user=null | ip=null | op=PUT_BLOCK {blockData=[blockId=conID: 1 locID: 102654966609740271 bcsId: 0,size=2097152]} | ret=SUCCESS |  
2019-08-21 12:28:01,763 | INFO  | DNAudit | user=null | ip=null | op=WRITE_CHUNK {blockData=conID: 1 locID: 102654966609740271 bcsId: 2163} | ret=SUCCESS |  
2019-08-21 12:28:01,765 | INFO  | DNAudit | user=null | ip=null | op=WRITE_CHUNK {blockData=conID: 1 locID: 102654966609740271 bcsId: 2163} | ret=SUCCESS |  
2019-08-21 12:28:01,765 | INFO  | DNAudit | user=null | ip=null | op=WRITE_CHUNK {blockData=conID: 1 locID: 102654966609740271 bcsId: 2163} | ret=SUCCESS |  
2019-08-21 12:28:01,775 | INFO  | DNAudit | user=null | ip=null | op=WRITE_CHUNK {blockData=conID: 1 locID: 102654966609740271 bcsId: 2163} | ret=SUCCESS |  
2019-08-21 12:28:01,776 | INFO  | DNAudit | user=null | ip=null | op=PUT_BLOCK {blockData=[blockId=conID: 1 locID: 102654966609740271 bcsId: 0,size=3145728]} | ret=SUCCESS |  
2019-08-21 12:28:01,776 [grpc-default-executor-5] INFO  client.GrpcClientProtocolClient (GrpcClientProtocolClient.java:onNext(255)) - client-C954105195FD->270584e6-a4a8-4db5-8151-214655ce1a56: receive RaftClientReply:client-C954105195FD->270584e6-a4a8-4db5-8151-214655ce1a56@group-787F5BA3AA67, cid=1515, SUCCESS, logIndex=2168, commits[270584e6-a4a8-4db5-8151-214655ce1a56:c2169, af078b8b-61ec-497f-9506-472d46a72462:c2167, 09fb9ab4-1b8d-44c0-9f8c-50855c6f1fed:c2167]
2019-08-21 12:28:01,776 [grpc-default-executor-5] INFO  client.GrpcClientProtocolClient (GrpcClientProtocolClient.java:onNext(255)) - client-C954105195FD->270584e6-a4a8-4db5-8151-214655ce1a56: receive RaftClientReply:client-C954105195FD->270584e6-a4a8-4db5-8151-214655ce1a56@group-787F5BA3AA67, cid=1516, SUCCESS, logIndex=2169, commits[270584e6-a4a8-4db5-8151-214655ce1a56:c2169, af078b8b-61ec-497f-9506-472d46a72462:c2167, 09fb9ab4-1b8d-44c0-9f8c-50855c6f1fed:c2167]
2019-08-21 12:28:01,784 | INFO  | DNAudit | user=null | ip=null | op=WRITE_CHUNK {blockData=conID: 1 locID: 102654966609740271 bcsId: 2169} | ret=SUCCESS |  
2019-08-21 12:28:01,786 | INFO  | DNAudit | user=null | ip=null | op=WRITE_CHUNK {blockData=conID: 1 locID: 102654966609740271 bcsId: 2169} | ret=SUCCESS |  
2019-08-21 12:28:01,786 | INFO  | DNAudit | user=null | ip=null | op=WRITE_CHUNK {blockData=conID: 1 locID: 102654966609740271 bcsId: 2169} | ret=SUCCESS |  
2019-08-21 12:28:01,787 | INFO  | DNAudit | user=null | ip=null | op=WRITE_CHUNK {blockData=conID: 1 locID: 102654966609740271 bcsId: 2163} | ret=SUCCESS |  
2019-08-21 12:28:01,787 | INFO  | DNAudit | user=null | ip=null | op=WRITE_CHUNK {blockData=conID: 1 locID: 102654966609740271 bcsId: 2163} | ret=SUCCESS |  
2019-08-21 12:28:01,789 | INFO  | DNAudit | user=null | ip=null | op=PUT_BLOCK {blockData=[blockId=conID: 1 locID: 102654966609740271 bcsId: 0,size=3145728]} | ret=SUCCESS |  
2019-08-21 12:28:01,789 | INFO  | DNAudit | user=null | ip=null | op=PUT_BLOCK {blockData=[blockId=conID: 1 locID: 102654966609740271 bcsId: 0,size=3145728]} | ret=SUCCESS |  
2019-08-21 12:28:01,790 | INFO  | DNAudit | user=null | ip=null | op=WRITE_CHUNK {blockData=conID: 1 locID: 102654966609740271 bcsId: 2169} | ret=SUCCESS |  
2019-08-21 12:28:01,790 | INFO  | DNAudit | user=null | ip=null | op=PUT_BLOCK {blockData=[blockId=conID: 1 locID: 102654966609740271 bcsId: 0,size=4194304]} | ret=SUCCESS |  
2019-08-21 12:28:01,790 [grpc-default-executor-5] INFO  client.GrpcClientProtocolClient (GrpcClientProtocolClient.java:onNext(255)) - client-C954105195FD->270584e6-a4a8-4db5-8151-214655ce1a56: receive RaftClientReply:client-C954105195FD->270584e6-a4a8-4db5-8151-214655ce1a56@group-787F5BA3AA67, cid=1517, SUCCESS, logIndex=2172, commits[270584e6-a4a8-4db5-8151-214655ce1a56:c2173, af078b8b-61ec-497f-9506-472d46a72462:c2169, 09fb9ab4-1b8d-44c0-9f8c-50855c6f1fed:c2169]
2019-08-21 12:28:01,790 [grpc-default-executor-5] INFO  client.GrpcClientProtocolClient (GrpcClientProtocolClient.java:onNext(255)) - client-C954105195FD->270584e6-a4a8-4db5-8151-214655ce1a56: receive RaftClientReply:client-C954105195FD->270584e6-a4a8-4db5-8151-214655ce1a56@group-787F5BA3AA67, cid=1518, SUCCESS, logIndex=2173, commits[270584e6-a4a8-4db5-8151-214655ce1a56:c2173, af078b8b-61ec-497f-9506-472d46a72462:c2169, 09fb9ab4-1b8d-44c0-9f8c-50855c6f1fed:c2169]
2019-08-21 12:28:01,801 | INFO  | DNAudit | user=null | ip=null | op=WRITE_CHUNK {blockData=conID: 1 locID: 102654966609740271 bcsId: 2169} | ret=SUCCESS |  
2019-08-21 12:28:01,801 | INFO  | DNAudit | user=null | ip=null | op=WRITE_CHUNK {blockData=conID: 1 locID: 102654966609740271 bcsId: 2169} | ret=SUCCESS |  
2019-08-21 12:28:01,801 | INFO  | DNAudit | user=null | ip=null | op=PUT_BLOCK {blockData=[blockId=conID: 1 locID: 102654966609740271 bcsId: 0,size=4194304]} | ret=SUCCESS |  
2019-08-21 12:28:01,801 | INFO  | DNAudit | user=null | ip=null | op=PUT_BLOCK {blockData=[blockId=conID: 1 locID: 102654966609740271 bcsId: 0,size=4194304]} | ret=SUCCESS |  
2019-08-21 12:28:01,801 [grpc-default-executor-5] INFO  client.GrpcClientProtocolClient (GrpcClientProtocolClient.java:onNext(255)) - client-C954105195FD->270584e6-a4a8-4db5-8151-214655ce1a56: receive RaftClientReply:client-C954105195FD->270584e6-a4a8-4db5-8151-214655ce1a56@group-787F5BA3AA67, cid=1519, SUCCESS, logIndex=0, commits[270584e6-a4a8-4db5-8151-214655ce1a56:c2174, af078b8b-61ec-497f-9506-472d46a72462:c2173, 09fb9ab4-1b8d-44c0-9f8c-50855c6f1fed:c2173]
2019-08-21 12:28:01,806 | INFO  | SCMAudit | user=jenkins1000 | ip=192.168.34.23 | op=ALLOCATE_BLOCK {owner=b79f83c9-5f7d-4caf-af30-78af34bc5eea, size=4194304, type=RATIS, factor=THREE} | ret=SUCCESS |  
2019-08-21 12:28:01,808 | INFO  | OMAudit | user=jenkins1000 | ip=127.0.0.1 | op=ALLOCATE_BLOCK {volume=vol-0-06517, bucket=bucket-0-64549, key=key-0-34512, dataSize=0, replicationType=null, replicationFactor=null, keyLocationInfo=null, clientID=102654965997830546} | ret=SUCCESS |  
2019-08-21 12:28:01,817 | INFO  | DNAudit | user=null | ip=null | op=WRITE_CHUNK {blockData=conID: 2 locID: 102654966615638512 bcsId: 0} | ret=SUCCESS |  
2019-08-21 12:28:01,819 | INFO  | DNAudit | user=null | ip=null | op=WRITE_CHUNK {blockData=conID: 2 locID: 102654966615638512 bcsId: 0} | ret=SUCCESS |  
2019-08-21 12:28:01,820 | INFO  | DNAudit | user=null | ip=null | op=WRITE_CHUNK {blockData=conID: 2 locID: 102654966615638512 bcsId: 0} | ret=SUCCESS |  
2019-08-21 12:28:01,820 | INFO  | DNAudit | user=null | ip=null | op=WRITE_CHUNK {blockData=conID: 2 locID: 102654966615638512 bcsId: 0} | ret=SUCCESS |  
2019-08-21 12:28:01,822 | INFO  | DNAudit | user=null | ip=null | op=WRITE_CHUNK {blockData=conID: 2 locID: 102654966615638512 bcsId: 0} | ret=SUCCESS |  
2019-08-21 12:28:01,822 | INFO  | DNAudit | user=null | ip=null | op=WRITE_CHUNK {blockData=conID: 2 locID: 102654966615638512 bcsId: 0} | ret=SUCCESS |  
2019-08-21 12:28:01,829 | INFO  | DNAudit | user=null | ip=null | op=WRITE_CHUNK {blockData=conID: 2 locID: 102654966615638512 bcsId: 0} | ret=SUCCESS |  
2019-08-21 12:28:01,829 | INFO  | DNAudit | user=null | ip=null | op=PUT_BLOCK {blockData=[blockId=conID: 2 locID: 102654966615638512 bcsId: 0,size=1048576]} | ret=SUCCESS |  
2019-08-21 12:28:01,830 [grpc-default-executor-2] INFO  client.GrpcClientProtocolClient (GrpcClientProtocolClient.java:onNext(255)) - client-C954105195FD->270584e6-a4a8-4db5-8151-214655ce1a56: receive RaftClientReply:client-C954105195FD->270584e6-a4a8-4db5-8151-214655ce1a56@group-787F5BA3AA67, cid=1520, SUCCESS, logIndex=2176, commits[270584e6-a4a8-4db5-8151-214655ce1a56:c2177, af078b8b-61ec-497f-9506-472d46a72462:c2175, 09fb9ab4-1b8d-44c0-9f8c-50855c6f1fed:c2175]
2019-08-21 12:28:01,830 | INFO  | DNAudit | user=null | ip=null | op=WRITE_CHUNK {blockData=conID: 2 locID: 102654966615638512 bcsId: 0} | ret=SUCCESS |  
2019-08-21 12:28:01,830 [grpc-default-executor-2] INFO  client.GrpcClientProtocolClient (GrpcClientProtocolClient.java:onNext(255)) - client-C954105195FD->270584e6-a4a8-4db5-8151-214655ce1a56: receive RaftClientReply:client-C954105195FD->270584e6-a4a8-4db5-8151-214655ce1a56@group-787F5BA3AA67, cid=1521, SUCCESS, logIndex=2177, commits[270584e6-a4a8-4db5-8151-214655ce1a56:c2177, af078b8b-61ec-497f-9506-472d46a72462:c2175, 09fb9ab4-1b8d-44c0-9f8c-50855c6f1fed:c2175]
2019-08-21 12:28:01,831 | INFO  | DNAudit | user=null | ip=null | op=PUT_BLOCK {blockData=[blockId=conID: 2 locID: 102654966615638512 bcsId: 0,size=2097152]} | ret=SUCCESS |  
2019-08-21 12:28:01,831 [grpc-default-executor-2] INFO  client.GrpcClientProtocolClient (GrpcClientProtocolClient.java:onNext(255)) - client-C954105195FD->270584e6-a4a8-4db5-8151-214655ce1a56: receive RaftClientReply:client-C954105195FD->270584e6-a4a8-4db5-8151-214655ce1a56@group-787F5BA3AA67, cid=1522, SUCCESS, logIndex=2178, commits[270584e6-a4a8-4db5-8151-214655ce1a56:c2179, af078b8b-61ec-497f-9506-472d46a72462:c2175, 09fb9ab4-1b8d-44c0-9f8c-50855c6f1fed:c2175]
2019-08-21 12:28:01,831 | INFO  | DNAudit | user=null | ip=null | op=WRITE_CHUNK {blockData=conID: 2 locID: 102654966615638512 bcsId: 0} | ret=SUCCESS |  
2019-08-21 12:28:01,831 [grpc-default-executor-2] INFO  client.GrpcClientProtocolClient (GrpcClientProtocolClient.java:onNext(255)) - client-C954105195FD->270584e6-a4a8-4db5-8151-214655ce1a56: receive RaftClientReply:client-C954105195FD->270584e6-a4a8-4db5-8151-214655ce1a56@group-787F5BA3AA67, cid=1523, SUCCESS, logIndex=2179, commits[270584e6-a4a8-4db5-8151-214655ce1a56:c2179, af078b8b-61ec-497f-9506-472d46a72462:c2175, 09fb9ab4-1b8d-44c0-9f8c-50855c6f1fed:c2175]
2019-08-21 12:28:01,832 | INFO  | DNAudit | user=null | ip=null | op=PUT_BLOCK {blockData=[blockId=conID: 2 locID: 102654966615638512 bcsId: 0,size=1048576]} | ret=SUCCESS |  
2019-08-21 12:28:01,832 | INFO  | DNAudit | user=null | ip=null | op=WRITE_CHUNK {blockData=conID: 2 locID: 102654966615638512 bcsId: 0} | ret=SUCCESS |  
2019-08-21 12:28:01,832 | INFO  | DNAudit | user=null | ip=null | op=PUT_BLOCK {blockData=[blockId=conID: 2 locID: 102654966615638512 bcsId: 0,size=1048576]} | ret=SUCCESS |  
2019-08-21 12:28:01,832 [grpc-default-executor-2] INFO  client.GrpcClientProtocolClient (GrpcClientProtocolClient.java:onNext(255)) - client-C954105195FD->270584e6-a4a8-4db5-8151-214655ce1a56: receive RaftClientReply:client-C954105195FD->270584e6-a4a8-4db5-8151-214655ce1a56@group-787F5BA3AA67, cid=1524, SUCCESS, logIndex=0, commits[270584e6-a4a8-4db5-8151-214655ce1a56:c2181, af078b8b-61ec-497f-9506-472d46a72462:c2177, 09fb9ab4-1b8d-44c0-9f8c-50855c6f1fed:c2177]
2019-08-21 12:28:01,833 | INFO  | DNAudit | user=null | ip=null | op=WRITE_CHUNK {blockData=conID: 2 locID: 102654966615638512 bcsId: 0} | ret=SUCCESS |  
2019-08-21 12:28:01,833 | INFO  | DNAudit | user=null | ip=null | op=WRITE_CHUNK {blockData=conID: 2 locID: 102654966615638512 bcsId: 0} | ret=SUCCESS |  
2019-08-21 12:28:01,833 | INFO  | DNAudit | user=null | ip=null | op=PUT_BLOCK {blockData=[blockId=conID: 2 locID: 102654966615638512 bcsId: 0,size=2097152]} | ret=SUCCESS |  
2019-08-21 12:28:01,833 | INFO  | DNAudit | user=null | ip=null | op=PUT_BLOCK {blockData=[blockId=conID: 2 locID: 102654966615638512 bcsId: 0,size=2097152]} | ret=SUCCESS |  
2019-08-21 12:28:01,840 | INFO  | DNAudit | user=null | ip=null | op=WRITE_CHUNK {blockData=conID: 2 locID: 102654966615638512 bcsId: 2179} | ret=SUCCESS |  
2019-08-21 12:28:01,842 | INFO  | DNAudit | user=null | ip=null | op=WRITE_CHUNK {blockData=conID: 2 locID: 102654966615638512 bcsId: 2179} | ret=SUCCESS |  
2019-08-21 12:28:01,842 | INFO  | DNAudit | user=null | ip=null | op=WRITE_CHUNK {blockData=conID: 2 locID: 102654966615638512 bcsId: 2179} | ret=SUCCESS |  
2019-08-21 12:28:01,852 | INFO  | DNAudit | user=null | ip=null | op=WRITE_CHUNK {blockData=conID: 2 locID: 102654966615638512 bcsId: 2179} | ret=SUCCESS |  
2019-08-21 12:28:01,853 | INFO  | DNAudit | user=null | ip=null | op=PUT_BLOCK {blockData=[blockId=conID: 2 locID: 102654966615638512 bcsId: 0,size=3145728]} | ret=SUCCESS |  
2019-08-21 12:28:01,853 [grpc-default-executor-4] INFO  client.GrpcClientProtocolClient (GrpcClientProtocolClient.java:onNext(255)) - client-C954105195FD->270584e6-a4a8-4db5-8151-214655ce1a56: receive RaftClientReply:client-C954105195FD->270584e6-a4a8-4db5-8151-214655ce1a56@group-787F5BA3AA67, cid=1525, SUCCESS, logIndex=2184, commits[270584e6-a4a8-4db5-8151-214655ce1a56:c2185, af078b8b-61ec-497f-9506-472d46a72462:c2183, 09fb9ab4-1b8d-44c0-9f8c-50855c6f1fed:c2183]
2019-08-21 12:28:01,853 [grpc-default-executor-4] INFO  client.GrpcClientProtocolClient (GrpcClientProtocolClient.java:onNext(255)) - client-C954105195FD->270584e6-a4a8-4db5-8151-214655ce1a56: receive RaftClientReply:client-C954105195FD->270584e6-a4a8-4db5-8151-214655ce1a56@group-787F5BA3AA67, cid=1526, SUCCESS, logIndex=2185, commits[270584e6-a4a8-4db5-8151-214655ce1a56:c2185, af078b8b-61ec-497f-9506-472d46a72462:c2183, 09fb9ab4-1b8d-44c0-9f8c-50855c6f1fed:c2183]
2019-08-21 12:28:01,860 | INFO  | DNAudit | user=null | ip=null | op=WRITE_CHUNK {blockData=conID: 2 locID: 102654966615638512 bcsId: 2185} | ret=SUCCESS |  
2019-08-21 12:28:01,863 | INFO  | DNAudit | user=null | ip=null | op=WRITE_CHUNK {blockData=conID: 2 locID: 102654966615638512 bcsId: 2185} | ret=SUCCESS |  
2019-08-21 12:28:01,863 | INFO  | DNAudit | user=null | ip=null | op=WRITE_CHUNK {blockData=conID: 2 locID: 102654966615638512 bcsId: 2185} | ret=SUCCESS |  
2019-08-21 12:28:01,864 | INFO  | DNAudit | user=null | ip=null | op=WRITE_CHUNK {blockData=conID: 2 locID: 102654966615638512 bcsId: 2179} | ret=SUCCESS |  
2019-08-21 12:28:01,864 | INFO  | DNAudit | user=null | ip=null | op=WRITE_CHUNK {blockData=conID: 2 locID: 102654966615638512 bcsId: 2179} | ret=SUCCESS |  
2019-08-21 12:28:01,866 | INFO  | DNAudit | user=null | ip=null | op=PUT_BLOCK {blockData=[blockId=conID: 2 locID: 102654966615638512 bcsId: 0,size=3145728]} | ret=SUCCESS |  
2019-08-21 12:28:01,866 | INFO  | DNAudit | user=null | ip=null | op=PUT_BLOCK {blockData=[blockId=conID: 2 locID: 102654966615638512 bcsId: 0,size=3145728]} | ret=SUCCESS |  
2019-08-21 12:28:01,867 | INFO  | DNAudit | user=null | ip=null | op=WRITE_CHUNK {blockData=conID: 2 locID: 102654966615638512 bcsId: 2185} | ret=SUCCESS |  
2019-08-21 12:28:01,867 | INFO  | DNAudit | user=null | ip=null | op=PUT_BLOCK {blockData=[blockId=conID: 2 locID: 102654966615638512 bcsId: 0,size=4194304]} | ret=SUCCESS |  
2019-08-21 12:28:01,867 [grpc-default-executor-4] INFO  client.GrpcClientProtocolClient (GrpcClientProtocolClient.java:onNext(255)) - client-C954105195FD->270584e6-a4a8-4db5-8151-214655ce1a56: receive RaftClientReply:client-C954105195FD->270584e6-a4a8-4db5-8151-214655ce1a56@group-787F5BA3AA67, cid=1527, SUCCESS, logIndex=2188, commits[270584e6-a4a8-4db5-8151-214655ce1a56:c2189, af078b8b-61ec-497f-9506-472d46a72462:c2185, 09fb9ab4-1b8d-44c0-9f8c-50855c6f1fed:c2185]
2019-08-21 12:28:01,868 [grpc-default-executor-4] INFO  client.GrpcClientProtocolClient (GrpcClientProtocolClient.java:onNext(255)) - client-C954105195FD->270584e6-a4a8-4db5-8151-214655ce1a56: receive RaftClientReply:client-C954105195FD->270584e6-a4a8-4db5-8151-214655ce1a56@group-787F5BA3AA67, cid=1528, SUCCESS, logIndex=2189, commits[270584e6-a4a8-4db5-8151-214655ce1a56:c2189, af078b8b-61ec-497f-9506-472d46a72462:c2185, 09fb9ab4-1b8d-44c0-9f8c-50855c6f1fed:c2185]
2019-08-21 12:28:01,879 | INFO  | DNAudit | user=null | ip=null | op=WRITE_CHUNK {blockData=conID: 2 locID: 102654966615638512 bcsId: 2185} | ret=SUCCESS |  
2019-08-21 12:28:01,879 | INFO  | DNAudit | user=null | ip=null | op=WRITE_CHUNK {blockData=conID: 2 locID: 102654966615638512 bcsId: 2185} | ret=SUCCESS |  
2019-08-21 12:28:01,879 | INFO  | DNAudit | user=null | ip=null | op=PUT_BLOCK {blockData=[blockId=conID: 2 locID: 102654966615638512 bcsId: 0,size=4194304]} | ret=SUCCESS |  
2019-08-21 12:28:01,880 | INFO  | DNAudit | user=null | ip=null | op=PUT_BLOCK {blockData=[blockId=conID: 2 locID: 102654966615638512 bcsId: 0,size=4194304]} | ret=SUCCESS |  
2019-08-21 12:28:01,880 [grpc-default-executor-1] INFO  client.GrpcClientProtocolClient (GrpcClientProtocolClient.java:onNext(255)) - client-C954105195FD->270584e6-a4a8-4db5-8151-214655ce1a56: receive RaftClientReply:client-C954105195FD->270584e6-a4a8-4db5-8151-214655ce1a56@group-787F5BA3AA67, cid=1529, SUCCESS, logIndex=0, commits[270584e6-a4a8-4db5-8151-214655ce1a56:c2190, af078b8b-61ec-497f-9506-472d46a72462:c2189, 09fb9ab4-1b8d-44c0-9f8c-50855c6f1fed:c2189]
2019-08-21 12:28:01,886 | INFO  | SCMAudit | user=jenkins1000 | ip=192.168.34.23 | op=ALLOCATE_BLOCK {owner=b79f83c9-5f7d-4caf-af30-78af34bc5eea, size=4194304, type=RATIS, factor=THREE} | ret=SUCCESS |  
2019-08-21 12:28:01,889 | INFO  | OMAudit | user=jenkins1000 | ip=127.0.0.1 | op=ALLOCATE_BLOCK {volume=vol-0-06517, bucket=bucket-0-64549, key=key-0-34512, dataSize=0, replicationType=null, replicationFactor=null, keyLocationInfo=null, clientID=102654965997830546} | ret=SUCCESS |  
2019-08-21 12:28:01,897 | INFO  | DNAudit | user=null | ip=null | op=WRITE_CHUNK {blockData=conID: 3 locID: 102654966620881393 bcsId: 0} | ret=SUCCESS |  
2019-08-21 12:28:01,900 | INFO  | DNAudit | user=null | ip=null | op=WRITE_CHUNK {blockData=conID: 3 locID: 102654966620881393 bcsId: 0} | ret=SUCCESS |  
2019-08-21 12:28:01,900 | INFO  | DNAudit | user=null | ip=null | op=WRITE_CHUNK {blockData=conID: 3 locID: 102654966620881393 bcsId: 0} | ret=SUCCESS |  
2019-08-21 12:28:01,900 | INFO  | DNAudit | user=null | ip=null | op=WRITE_CHUNK {blockData=conID: 3 locID: 102654966620881393 bcsId: 0} | ret=SUCCESS |  
2019-08-21 12:28:02,007 | INFO  | DNAudit | user=null | ip=null | op=WRITE_CHUNK {blockData=conID: 3 locID: 102654966620881393 bcsId: 0} | ret=SUCCESS |  
2019-08-21 12:28:02,008 | INFO  | DNAudit | user=null | ip=null | op=PUT_BLOCK {blockData=[blockId=conID: 3 locID: 102654966620881393 bcsId: 0,size=1048576]} | ret=SUCCESS |  
2019-08-21 12:28:02,008 [grpc-default-executor-1] INFO  client.GrpcClientProtocolClient (GrpcClientProtocolClient.java:onNext(255)) - client-C954105195FD->270584e6-a4a8-4db5-8151-214655ce1a56: receive RaftClientReply:client-C954105195FD->270584e6-a4a8-4db5-8151-214655ce1a56@group-787F5BA3AA67, cid=1530, SUCCESS, logIndex=2192, commits[270584e6-a4a8-4db5-8151-214655ce1a56:c2193, af078b8b-61ec-497f-9506-472d46a72462:c2191, 09fb9ab4-1b8d-44c0-9f8c-50855c6f1fed:c2189]
2019-08-21 12:28:02,009 | INFO  | DNAudit | user=null | ip=null | op=WRITE_CHUNK {blockData=conID: 3 locID: 102654966620881393 bcsId: 0} | ret=SUCCESS |  
2019-08-21 12:28:02,009 [grpc-default-executor-1] INFO  client.GrpcClientProtocolClient (GrpcClientProtocolClient.java:onNext(255)) - client-C954105195FD->270584e6-a4a8-4db5-8151-214655ce1a56: receive RaftClientReply:client-C954105195FD->270584e6-a4a8-4db5-8151-214655ce1a56@group-787F5BA3AA67, cid=1531, SUCCESS, logIndex=2193, commits[270584e6-a4a8-4db5-8151-214655ce1a56:c2193, af078b8b-61ec-497f-9506-472d46a72462:c2191, 09fb9ab4-1b8d-44c0-9f8c-50855c6f1fed:c2191]
2019-08-21 12:28:02,009 | INFO  | DNAudit | user=null | ip=null | op=WRITE_CHUNK {blockData=conID: 3 locID: 102654966620881393 bcsId: 0} | ret=SUCCESS |  
2019-08-21 12:28:02,019 | INFO  | DNAudit | user=null | ip=null | op=WRITE_CHUNK {blockData=conID: 3 locID: 102654966620881393 bcsId: 0} | ret=SUCCESS |  
2019-08-21 12:28:02,019 | INFO  | DNAudit | user=null | ip=null | op=WRITE_CHUNK {blockData=conID: 3 locID: 102654966620881393 bcsId: 0} | ret=SUCCESS |  
2019-08-21 12:28:02,020 | INFO  | DNAudit | user=null | ip=null | op=PUT_BLOCK {blockData=[blockId=conID: 3 locID: 102654966620881393 bcsId: 0,size=2097152]} | ret=SUCCESS |  
2019-08-21 12:28:02,020 | INFO  | DNAudit | user=null | ip=null | op=PUT_BLOCK {blockData=[blockId=conID: 3 locID: 102654966620881393 bcsId: 0,size=1048576]} | ret=SUCCESS |  
2019-08-21 12:28:02,020 | INFO  | DNAudit | user=null | ip=null | op=WRITE_CHUNK {blockData=conID: 3 locID: 102654966620881393 bcsId: 0} | ret=SUCCESS |  
2019-08-21 12:28:02,020 [grpc-default-executor-4] INFO  client.GrpcClientProtocolClient (GrpcClientProtocolClient.java:onNext(255)) - client-C954105195FD->270584e6-a4a8-4db5-8151-214655ce1a56: receive RaftClientReply:client-C954105195FD->270584e6-a4a8-4db5-8151-214655ce1a56@group-787F5BA3AA67, cid=1532, SUCCESS, logIndex=2194, commits[270584e6-a4a8-4db5-8151-214655ce1a56:c2194, af078b8b-61ec-497f-9506-472d46a72462:c2191, 09fb9ab4-1b8d-44c0-9f8c-50855c6f1fed:c2191]
2019-08-21 12:28:02,020 | INFO  | DNAudit | user=null | ip=null | op=PUT_BLOCK {blockData=[blockId=conID: 3 locID: 102654966620881393 bcsId: 0,size=1048576]} | ret=SUCCESS |  
2019-08-21 12:28:02,020 [grpc-default-executor-4] INFO  client.GrpcClientProtocolClient (GrpcClientProtocolClient.java:onNext(255)) - client-C954105195FD->270584e6-a4a8-4db5-8151-214655ce1a56: receive RaftClientReply:client-C954105195FD->270584e6-a4a8-4db5-8151-214655ce1a56@group-787F5BA3AA67, cid=1533, SUCCESS, logIndex=2195, commits[270584e6-a4a8-4db5-8151-214655ce1a56:c2197, af078b8b-61ec-497f-9506-472d46a72462:c2193, 09fb9ab4-1b8d-44c0-9f8c-50855c6f1fed:c2191]
2019-08-21 12:28:02,021 | INFO  | DNAudit | user=null | ip=null | op=WRITE_CHUNK {blockData=conID: 3 locID: 102654966620881393 bcsId: 0} | ret=SUCCESS |  
2019-08-21 12:28:02,021 | INFO  | DNAudit | user=null | ip=null | op=WRITE_CHUNK {blockData=conID: 3 locID: 102654966620881393 bcsId: 0} | ret=SUCCESS |  
2019-08-21 12:28:02,022 | INFO  | DNAudit | user=null | ip=null | op=PUT_BLOCK {blockData=[blockId=conID: 3 locID: 102654966620881393 bcsId: 0,size=2097152]} | ret=SUCCESS |  
2019-08-21 12:28:02,022 | INFO  | DNAudit | user=null | ip=null | op=PUT_BLOCK {blockData=[blockId=conID: 3 locID: 102654966620881393 bcsId: 0,size=2097152]} | ret=SUCCESS |  
2019-08-21 12:28:02,022 [grpc-default-executor-4] INFO  client.GrpcClientProtocolClient (GrpcClientProtocolClient.java:onNext(255)) - client-C954105195FD->270584e6-a4a8-4db5-8151-214655ce1a56: receive RaftClientReply:client-C954105195FD->270584e6-a4a8-4db5-8151-214655ce1a56@group-787F5BA3AA67, cid=1534, SUCCESS, logIndex=0, commits[270584e6-a4a8-4db5-8151-214655ce1a56:c2198, af078b8b-61ec-497f-9506-472d46a72462:c2194, 09fb9ab4-1b8d-44c0-9f8c-50855c6f1fed:c2193]
2019-08-21 12:28:02,030 | INFO  | DNAudit | user=null | ip=null | op=WRITE_CHUNK {blockData=conID: 3 locID: 102654966620881393 bcsId: 2195} | ret=SUCCESS |  
2019-08-21 12:28:02,034 | INFO  | DNAudit | user=null | ip=null | op=WRITE_CHUNK {blockData=conID: 3 locID: 102654966620881393 bcsId: 2195} | ret=SUCCESS |  
2019-08-21 12:28:02,034 | INFO  | DNAudit | user=null | ip=null | op=WRITE_CHUNK {blockData=conID: 3 locID: 102654966620881393 bcsId: 2195} | ret=SUCCESS |  
2019-08-21 12:28:02,042 | INFO  | DNAudit | user=null | ip=null | op=WRITE_CHUNK {blockData=conID: 3 locID: 102654966620881393 bcsId: 2195} | ret=SUCCESS |  
2019-08-21 12:28:02,043 | INFO  | DNAudit | user=null | ip=null | op=PUT_BLOCK {blockData=[blockId=conID: 3 locID: 102654966620881393 bcsId: 0,size=3145728]} | ret=SUCCESS |  
2019-08-21 12:28:02,043 [grpc-default-executor-1] INFO  client.GrpcClientProtocolClient (GrpcClientProtocolClient.java:onNext(255)) - client-C954105195FD->270584e6-a4a8-4db5-8151-214655ce1a56: receive RaftClientReply:client-C954105195FD->270584e6-a4a8-4db5-8151-214655ce1a56@group-787F5BA3AA67, cid=1535, SUCCESS, logIndex=2200, commits[270584e6-a4a8-4db5-8151-214655ce1a56:c2200, af078b8b-61ec-497f-9506-472d46a72462:c2199, 09fb9ab4-1b8d-44c0-9f8c-50855c6f1fed:c2199]
2019-08-21 12:28:02,043 [grpc-default-executor-1] INFO  client.GrpcClientProtocolClient (GrpcClientProtocolClient.java:onNext(255)) - client-C954105195FD->270584e6-a4a8-4db5-8151-214655ce1a56: receive RaftClientReply:client-C954105195FD->270584e6-a4a8-4db5-8151-214655ce1a56@group-787F5BA3AA67, cid=1536, SUCCESS, logIndex=2201, commits[270584e6-a4a8-4db5-8151-214655ce1a56:c2201, af078b8b-61ec-497f-9506-472d46a72462:c2199, 09fb9ab4-1b8d-44c0-9f8c-50855c6f1fed:c2199]
2019-08-21 12:28:02,051 | INFO  | DNAudit | user=null | ip=null | op=WRITE_CHUNK {blockData=conID: 3 locID: 102654966620881393 bcsId: 2201} | ret=SUCCESS |  
2019-08-21 12:28:02,054 | INFO  | DNAudit | user=null | ip=null | op=WRITE_CHUNK {blockData=conID: 3 locID: 102654966620881393 bcsId: 2201} | ret=SUCCESS |  
2019-08-21 12:28:02,054 | INFO  | DNAudit | user=null | ip=null | op=WRITE_CHUNK {blockData=conID: 3 locID: 102654966620881393 bcsId: 2201} | ret=SUCCESS |  
2019-08-21 12:28:02,054 | INFO  | DNAudit | user=null | ip=null | op=WRITE_CHUNK {blockData=conID: 3 locID: 102654966620881393 bcsId: 2195} | ret=SUCCESS |  
2019-08-21 12:28:02,054 | INFO  | DNAudit | user=null | ip=null | op=WRITE_CHUNK {blockData=conID: 3 locID: 102654966620881393 bcsId: 2195} | ret=SUCCESS |  
2019-08-21 12:28:02,055 | INFO  | DNAudit | user=null | ip=null | op=PUT_BLOCK {blockData=[blockId=conID: 3 locID: 102654966620881393 bcsId: 0,size=3145728]} | ret=SUCCESS |  
2019-08-21 12:28:02,055 | INFO  | DNAudit | user=null | ip=null | op=PUT_BLOCK {blockData=[blockId=conID: 3 locID: 102654966620881393 bcsId: 0,size=3145728]} | ret=SUCCESS |  
2019-08-21 12:28:02,056 | INFO  | DNAudit | user=null | ip=null | op=WRITE_CHUNK {blockData=conID: 3 locID: 102654966620881393 bcsId: 2201} | ret=SUCCESS |  
2019-08-21 12:28:02,056 | INFO  | DNAudit | user=null | ip=null | op=PUT_BLOCK {blockData=[blockId=conID: 3 locID: 102654966620881393 bcsId: 0,size=4194304]} | ret=SUCCESS |  
2019-08-21 12:28:02,057 [grpc-default-executor-4] INFO  client.GrpcClientProtocolClient (GrpcClientProtocolClient.java:onNext(255)) - client-C954105195FD->270584e6-a4a8-4db5-8151-214655ce1a56: receive RaftClientReply:client-C954105195FD->270584e6-a4a8-4db5-8151-214655ce1a56@group-787F5BA3AA67, cid=1537, SUCCESS, logIndex=2204, commits[270584e6-a4a8-4db5-8151-214655ce1a56:c2204, af078b8b-61ec-497f-9506-472d46a72462:c2201, 09fb9ab4-1b8d-44c0-9f8c-50855c6f1fed:c2201]
2019-08-21 12:28:02,057 [grpc-default-executor-4] INFO  client.GrpcClientProtocolClient (GrpcClientProtocolClient.java:onNext(255)) - client-C954105195FD->270584e6-a4a8-4db5-8151-214655ce1a56: receive RaftClientReply:client-C954105195FD->270584e6-a4a8-4db5-8151-214655ce1a56@group-787F5BA3AA67, cid=1538, SUCCESS, logIndex=2205, commits[270584e6-a4a8-4db5-8151-214655ce1a56:c2205, af078b8b-61ec-497f-9506-472d46a72462:c2201, 09fb9ab4-1b8d-44c0-9f8c-50855c6f1fed:c2201]
2019-08-21 12:28:02,067 | INFO  | DNAudit | user=null | ip=null | op=WRITE_CHUNK {blockData=conID: 3 locID: 102654966620881393 bcsId: 2201} | ret=SUCCESS |  
2019-08-21 12:28:02,067 | INFO  | DNAudit | user=null | ip=null | op=WRITE_CHUNK {blockData=conID: 3 locID: 102654966620881393 bcsId: 2201} | ret=SUCCESS |  
2019-08-21 12:28:02,070 | INFO  | DNAudit | user=null | ip=null | op=PUT_BLOCK {blockData=[blockId=conID: 3 locID: 102654966620881393 bcsId: 0,size=4194304]} | ret=SUCCESS |  
2019-08-21 12:28:02,070 | INFO  | DNAudit | user=null | ip=null | op=PUT_BLOCK {blockData=[blockId=conID: 3 locID: 102654966620881393 bcsId: 0,size=4194304]} | ret=SUCCESS |  
2019-08-21 12:28:02,071 [grpc-default-executor-4] INFO  client.GrpcClientProtocolClient (GrpcClientProtocolClient.java:onNext(255)) - client-C954105195FD->270584e6-a4a8-4db5-8151-214655ce1a56: receive RaftClientReply:client-C954105195FD->270584e6-a4a8-4db5-8151-214655ce1a56@group-787F5BA3AA67, cid=1539, SUCCESS, logIndex=0, commits[270584e6-a4a8-4db5-8151-214655ce1a56:c2207, af078b8b-61ec-497f-9506-472d46a72462:c2205, 09fb9ab4-1b8d-44c0-9f8c-50855c6f1fed:c2205]
2019-08-21 12:28:02,075 | INFO  | SCMAudit | user=jenkins1000 | ip=192.168.34.23 | op=ALLOCATE_BLOCK {owner=b79f83c9-5f7d-4caf-af30-78af34bc5eea, size=4194304, type=RATIS, factor=THREE} | ret=SUCCESS |  
2019-08-21 12:28:02,078 | INFO  | OMAudit | user=jenkins1000 | ip=127.0.0.1 | op=ALLOCATE_BLOCK {volume=vol-0-06517, bucket=bucket-0-64549, key=key-0-34512, dataSize=0, replicationType=null, replicationFactor=null, keyLocationInfo=null, clientID=102654965997830546} | ret=SUCCESS |  
2019-08-21 12:28:02,080 | INFO  | SCMAudit | user=jenkins1000 | ip=192.168.34.23 | op=SEND_HEARTBEAT {datanodeUUID=0aa4def6-fe9f-4182-b0b1-80406548816f, command=[]} | ret=SUCCESS |  
2019-08-21 12:28:02,080 | INFO  | SCMAudit | user=jenkins1000 | ip=192.168.34.23 | op=SEND_HEARTBEAT {datanodeUUID=39ae8c09-9b4b-4ddc-906b-4e52d104e1b1, command=[]} | ret=SUCCESS |  
2019-08-21 12:28:02,085 | INFO  | DNAudit | user=null | ip=null | op=WRITE_CHUNK {blockData=conID: 1 locID: 102654966633267698 bcsId: 0} | ret=SUCCESS |  
2019-08-21 12:28:02,088 | INFO  | DNAudit | user=null | ip=null | op=WRITE_CHUNK {blockData=conID: 1 locID: 102654966633267698 bcsId: 0} | ret=SUCCESS |  
2019-08-21 12:28:02,090 | INFO  | DNAudit | user=null | ip=null | op=WRITE_CHUNK {blockData=conID: 1 locID: 102654966633267698 bcsId: 0} | ret=SUCCESS |  
2019-08-21 12:28:02,090 | INFO  | DNAudit | user=null | ip=null | op=WRITE_CHUNK {blockData=conID: 1 locID: 102654966633267698 bcsId: 0} | ret=SUCCESS |  
2019-08-21 12:28:02,093 | INFO  | DNAudit | user=null | ip=null | op=WRITE_CHUNK {blockData=conID: 1 locID: 102654966633267698 bcsId: 0} | ret=SUCCESS |  
2019-08-21 12:28:02,093 | INFO  | DNAudit | user=null | ip=null | op=WRITE_CHUNK {blockData=conID: 1 locID: 102654966633267698 bcsId: 0} | ret=SUCCESS |  
2019-08-21 12:28:02,098 | INFO  | DNAudit | user=null | ip=null | op=WRITE_CHUNK {blockData=conID: 1 locID: 102654966633267698 bcsId: 0} | ret=SUCCESS |  
2019-08-21 12:28:02,099 | INFO  | DNAudit | user=null | ip=null | op=PUT_BLOCK {blockData=[blockId=conID: 1 locID: 102654966633267698 bcsId: 0,size=1048576]} | ret=SUCCESS |  
2019-08-21 12:28:02,099 [grpc-default-executor-1] INFO  client.GrpcClientProtocolClient (GrpcClientProtocolClient.java:onNext(255)) - client-C954105195FD->270584e6-a4a8-4db5-8151-214655ce1a56: receive RaftClientReply:client-C954105195FD->270584e6-a4a8-4db5-8151-214655ce1a56@group-787F5BA3AA67, cid=1540, SUCCESS, logIndex=2208, commits[270584e6-a4a8-4db5-8151-214655ce1a56:c2209, af078b8b-61ec-497f-9506-472d46a72462:c2207, 09fb9ab4-1b8d-44c0-9f8c-50855c6f1fed:c2207]
2019-08-21 12:28:02,099 | INFO  | DNAudit | user=null | ip=null | op=WRITE_CHUNK {blockData=conID: 1 locID: 102654966633267698 bcsId: 0} | ret=SUCCESS |  
2019-08-21 12:28:02,099 [grpc-default-executor-1] INFO  client.GrpcClientProtocolClient (GrpcClientProtocolClient.java:onNext(255)) - client-C954105195FD->270584e6-a4a8-4db5-8151-214655ce1a56: receive RaftClientReply:client-C954105195FD->270584e6-a4a8-4db5-8151-214655ce1a56@group-787F5BA3AA67, cid=1541, SUCCESS, logIndex=2209, commits[270584e6-a4a8-4db5-8151-214655ce1a56:c2209, af078b8b-61ec-497f-9506-472d46a72462:c2207, 09fb9ab4-1b8d-44c0-9f8c-50855c6f1fed:c2207]
2019-08-21 12:28:02,100 | INFO  | DNAudit | user=null | ip=null | op=PUT_BLOCK {blockData=[blockId=conID: 1 locID: 102654966633267698 bcsId: 0,size=2097152]} | ret=SUCCESS |  
2019-08-21 12:28:02,100 [grpc-default-executor-1] INFO  client.GrpcClientProtocolClient (GrpcClientProtocolClient.java:onNext(255)) - client-C954105195FD->270584e6-a4a8-4db5-8151-214655ce1a56: receive RaftClientReply:client-C954105195FD->270584e6-a4a8-4db5-8151-214655ce1a56@group-787F5BA3AA67, cid=1542, SUCCESS, logIndex=2210, commits[270584e6-a4a8-4db5-8151-214655ce1a56:c2211, af078b8b-61ec-497f-9506-472d46a72462:c2207, 09fb9ab4-1b8d-44c0-9f8c-50855c6f1fed:c2207]
2019-08-21 12:28:02,100 [grpc-default-executor-1] INFO  client.GrpcClientProtocolClient (GrpcClientProtocolClient.java:onNext(255)) - client-C954105195FD->270584e6-a4a8-4db5-8151-214655ce1a56: receive RaftClientReply:client-C954105195FD->270584e6-a4a8-4db5-8151-214655ce1a56@group-787F5BA3AA67, cid=1543, SUCCESS, logIndex=2211, commits[270584e6-a4a8-4db5-8151-214655ce1a56:c2211, af078b8b-61ec-497f-9506-472d46a72462:c2207, 09fb9ab4-1b8d-44c0-9f8c-50855c6f1fed:c2207]
2019-08-21 12:28:02,112 | INFO  | DNAudit | user=null | ip=null | op=WRITE_CHUNK {blockData=conID: 1 locID: 102654966633267698 bcsId: 0} | ret=SUCCESS |  
2019-08-21 12:28:02,112 | INFO  | DNAudit | user=null | ip=null | op=PUT_BLOCK {blockData=[blockId=conID: 1 locID: 102654966633267698 bcsId: 0,size=1048576]} | ret=SUCCESS |  
2019-08-21 12:28:02,112 | INFO  | DNAudit | user=null | ip=null | op=WRITE_CHUNK {blockData=conID: 1 locID: 102654966633267698 bcsId: 0} | ret=SUCCESS |  
2019-08-21 12:28:02,112 | INFO  | DNAudit | user=null | ip=null | op=PUT_BLOCK {blockData=[blockId=conID: 1 locID: 102654966633267698 bcsId: 0,size=1048576]} | ret=SUCCESS |  
2019-08-21 12:28:02,112 | INFO  | DNAudit | user=null | ip=null | op=WRITE_CHUNK {blockData=conID: 1 locID: 102654966633267698 bcsId: 0} | ret=SUCCESS |  
2019-08-21 12:28:02,113 | INFO  | DNAudit | user=null | ip=null | op=WRITE_CHUNK {blockData=conID: 1 locID: 102654966633267698 bcsId: 0} | ret=SUCCESS |  
2019-08-21 12:28:02,113 | INFO  | DNAudit | user=null | ip=null | op=PUT_BLOCK {blockData=[blockId=conID: 1 locID: 102654966633267698 bcsId: 0,size=2097152]} | ret=SUCCESS |  
2019-08-21 12:28:02,113 | INFO  | DNAudit | user=null | ip=null | op=PUT_BLOCK {blockData=[blockId=conID: 1 locID: 102654966633267698 bcsId: 0,size=2097152]} | ret=SUCCESS |  
2019-08-21 12:28:02,113 [grpc-default-executor-1] INFO  client.GrpcClientProtocolClient (GrpcClientProtocolClient.java:onNext(255)) - client-C954105195FD->270584e6-a4a8-4db5-8151-214655ce1a56: receive RaftClientReply:client-C954105195FD->270584e6-a4a8-4db5-8151-214655ce1a56@group-787F5BA3AA67, cid=1544, SUCCESS, logIndex=0, commits[270584e6-a4a8-4db5-8151-214655ce1a56:c2213, af078b8b-61ec-497f-9506-472d46a72462:c2209, 09fb9ab4-1b8d-44c0-9f8c-50855c6f1fed:c2209]
2019-08-21 12:28:02,119 | INFO  | DNAudit | user=null | ip=null | op=WRITE_CHUNK {blockData=conID: 1 locID: 102654966633267698 bcsId: 2211} | ret=SUCCESS |  
2019-08-21 12:28:02,122 | INFO  | DNAudit | user=null | ip=null | op=WRITE_CHUNK {blockData=conID: 1 locID: 102654966633267698 bcsId: 2211} | ret=SUCCESS |  
2019-08-21 12:28:02,122 | INFO  | DNAudit | user=null | ip=null | op=WRITE_CHUNK {blockData=conID: 1 locID: 102654966633267698 bcsId: 2211} | ret=SUCCESS |  
2019-08-21 12:28:02,133 | INFO  | DNAudit | user=null | ip=null | op=WRITE_CHUNK {blockData=conID: 1 locID: 102654966633267698 bcsId: 2211} | ret=SUCCESS |  
2019-08-21 12:28:02,133 | INFO  | DNAudit | user=null | ip=null | op=PUT_BLOCK {blockData=[blockId=conID: 1 locID: 102654966633267698 bcsId: 0,size=3145728]} | ret=SUCCESS |  
2019-08-21 12:28:02,133 [grpc-default-executor-1] INFO  client.GrpcClientProtocolClient (GrpcClientProtocolClient.java:onNext(255)) - client-C954105195FD->270584e6-a4a8-4db5-8151-214655ce1a56: receive RaftClientReply:client-C954105195FD->270584e6-a4a8-4db5-8151-214655ce1a56@group-787F5BA3AA67, cid=1545, SUCCESS, logIndex=2215, commits[270584e6-a4a8-4db5-8151-214655ce1a56:c2216, af078b8b-61ec-497f-9506-472d46a72462:c2214, 09fb9ab4-1b8d-44c0-9f8c-50855c6f1fed:c2214]
2019-08-21 12:28:02,134 [grpc-default-executor-1] INFO  client.GrpcClientProtocolClient (GrpcClientProtocolClient.java:onNext(255)) - client-C954105195FD->270584e6-a4a8-4db5-8151-214655ce1a56: receive RaftClientReply:client-C954105195FD->270584e6-a4a8-4db5-8151-214655ce1a56@group-787F5BA3AA67, cid=1546, SUCCESS, logIndex=2216, commits[270584e6-a4a8-4db5-8151-214655ce1a56:c2216, af078b8b-61ec-497f-9506-472d46a72462:c2214, 09fb9ab4-1b8d-44c0-9f8c-50855c6f1fed:c2214]
2019-08-21 12:28:02,141 | INFO  | DNAudit | user=null | ip=null | op=WRITE_CHUNK {blockData=conID: 1 locID: 102654966633267698 bcsId: 2216} | ret=SUCCESS |  
2019-08-21 12:28:02,143 | INFO  | DNAudit | user=null | ip=null | op=WRITE_CHUNK {blockData=conID: 1 locID: 102654966633267698 bcsId: 2216} | ret=SUCCESS |  
2019-08-21 12:28:02,143 | INFO  | DNAudit | user=null | ip=null | op=WRITE_CHUNK {blockData=conID: 1 locID: 102654966633267698 bcsId: 2216} | ret=SUCCESS |  
2019-08-21 12:28:02,144 | INFO  | DNAudit | user=null | ip=null | op=WRITE_CHUNK {blockData=conID: 1 locID: 102654966633267698 bcsId: 2211} | ret=SUCCESS |  
2019-08-21 12:28:02,144 | INFO  | DNAudit | user=null | ip=null | op=WRITE_CHUNK {blockData=conID: 1 locID: 102654966633267698 bcsId: 2211} | ret=SUCCESS |  
2019-08-21 12:28:02,147 | INFO  | DNAudit | user=null | ip=null | op=PUT_BLOCK {blockData=[blockId=conID: 1 locID: 102654966633267698 bcsId: 0,size=3145728]} | ret=SUCCESS |  
2019-08-21 12:28:02,147 | INFO  | DNAudit | user=null | ip=null | op=PUT_BLOCK {blockData=[blockId=conID: 1 locID: 102654966633267698 bcsId: 0,size=3145728]} | ret=SUCCESS |  
2019-08-21 12:28:02,147 | INFO  | DNAudit | user=null | ip=null | op=WRITE_CHUNK {blockData=conID: 1 locID: 102654966633267698 bcsId: 2216} | ret=SUCCESS |  
2019-08-21 12:28:02,148 | INFO  | DNAudit | user=null | ip=null | op=PUT_BLOCK {blockData=[blockId=conID: 1 locID: 102654966633267698 bcsId: 0,size=4194304]} | ret=SUCCESS |  
2019-08-21 12:28:02,148 [grpc-default-executor-1] INFO  client.GrpcClientProtocolClient (GrpcClientProtocolClient.java:onNext(255)) - client-C954105195FD->270584e6-a4a8-4db5-8151-214655ce1a56: receive RaftClientReply:client-C954105195FD->270584e6-a4a8-4db5-8151-214655ce1a56@group-787F5BA3AA67, cid=1547, SUCCESS, logIndex=2219, commits[270584e6-a4a8-4db5-8151-214655ce1a56:c2220, af078b8b-61ec-497f-9506-472d46a72462:c2216, 09fb9ab4-1b8d-44c0-9f8c-50855c6f1fed:c2215]
2019-08-21 12:28:02,148 [grpc-default-executor-1] INFO  client.GrpcClientProtocolClient (GrpcClientProtocolClient.java:onNext(255)) - client-C954105195FD->270584e6-a4a8-4db5-8151-214655ce1a56: receive RaftClientReply:client-C954105195FD->270584e6-a4a8-4db5-8151-214655ce1a56@group-787F5BA3AA67, cid=1548, SUCCESS, logIndex=2220, commits[270584e6-a4a8-4db5-8151-214655ce1a56:c2220, af078b8b-61ec-497f-9506-472d46a72462:c2216, 09fb9ab4-1b8d-44c0-9f8c-50855c6f1fed:c2216]
2019-08-21 12:28:02,159 | INFO  | DNAudit | user=null | ip=null | op=WRITE_CHUNK {blockData=conID: 1 locID: 102654966633267698 bcsId: 2216} | ret=SUCCESS |  
2019-08-21 12:28:02,159 | INFO  | DNAudit | user=null | ip=null | op=WRITE_CHUNK {blockData=conID: 1 locID: 102654966633267698 bcsId: 2216} | ret=SUCCESS |  
2019-08-21 12:28:02,162 | INFO  | DNAudit | user=null | ip=null | op=PUT_BLOCK {blockData=[blockId=conID: 1 locID: 102654966633267698 bcsId: 0,size=4194304]} | ret=SUCCESS |  
2019-08-21 12:28:02,162 | INFO  | DNAudit | user=null | ip=null | op=PUT_BLOCK {blockData=[blockId=conID: 1 locID: 102654966633267698 bcsId: 0,size=4194304]} | ret=SUCCESS |  
2019-08-21 12:28:02,162 [grpc-default-executor-2] INFO  client.GrpcClientProtocolClient (GrpcClientProtocolClient.java:onNext(255)) - client-C954105195FD->270584e6-a4a8-4db5-8151-214655ce1a56: receive RaftClientReply:client-C954105195FD->270584e6-a4a8-4db5-8151-214655ce1a56@group-787F5BA3AA67, cid=1549, SUCCESS, logIndex=0, commits[270584e6-a4a8-4db5-8151-214655ce1a56:c2222, af078b8b-61ec-497f-9506-472d46a72462:c2220, 09fb9ab4-1b8d-44c0-9f8c-50855c6f1fed:c2220]
2019-08-21 12:28:02,168 | INFO  | SCMAudit | user=jenkins1000 | ip=192.168.34.23 | op=ALLOCATE_BLOCK {owner=b79f83c9-5f7d-4caf-af30-78af34bc5eea, size=4194304, type=RATIS, factor=THREE} | ret=SUCCESS |  
2019-08-21 12:28:02,171 | INFO  | OMAudit | user=jenkins1000 | ip=127.0.0.1 | op=ALLOCATE_BLOCK {volume=vol-0-06517, bucket=bucket-0-64549, key=key-0-34512, dataSize=0, replicationType=null, replicationFactor=null, keyLocationInfo=null, clientID=102654965997830546} | ret=SUCCESS |  
2019-08-21 12:28:02,178 | INFO  | DNAudit | user=null | ip=null | op=WRITE_CHUNK {blockData=conID: 2 locID: 102654966639362547 bcsId: 0} | ret=SUCCESS |  
2019-08-21 12:28:02,181 | INFO  | DNAudit | user=null | ip=null | op=WRITE_CHUNK {blockData=conID: 2 locID: 102654966639362547 bcsId: 0} | ret=SUCCESS |  
2019-08-21 12:28:02,182 | INFO  | DNAudit | user=null | ip=null | op=WRITE_CHUNK {blockData=conID: 2 locID: 102654966639362547 bcsId: 0} | ret=SUCCESS |  
2019-08-21 12:28:02,182 | INFO  | DNAudit | user=null | ip=null | op=WRITE_CHUNK {blockData=conID: 2 locID: 102654966639362547 bcsId: 0} | ret=SUCCESS |  
2019-08-21 12:28:02,183 | INFO  | DNAudit | user=null | ip=null | op=WRITE_CHUNK {blockData=conID: 2 locID: 102654966639362547 bcsId: 0} | ret=SUCCESS |  
2019-08-21 12:28:02,184 | INFO  | DNAudit | user=null | ip=null | op=WRITE_CHUNK {blockData=conID: 2 locID: 102654966639362547 bcsId: 0} | ret=SUCCESS |  
2019-08-21 12:28:02,191 | INFO  | DNAudit | user=null | ip=null | op=WRITE_CHUNK {blockData=conID: 2 locID: 102654966639362547 bcsId: 0} | ret=SUCCESS |  
2019-08-21 12:28:02,192 | INFO  | DNAudit | user=null | ip=null | op=PUT_BLOCK {blockData=[blockId=conID: 2 locID: 102654966639362547 bcsId: 0,size=1048576]} | ret=SUCCESS |  
2019-08-21 12:28:02,192 [grpc-default-executor-4] INFO  client.GrpcClientProtocolClient (GrpcClientProtocolClient.java:onNext(255)) - client-C954105195FD->270584e6-a4a8-4db5-8151-214655ce1a56: receive RaftClientReply:client-C954105195FD->270584e6-a4a8-4db5-8151-214655ce1a56@group-787F5BA3AA67, cid=1550, SUCCESS, logIndex=2223, commits[270584e6-a4a8-4db5-8151-214655ce1a56:c2225, af078b8b-61ec-497f-9506-472d46a72462:c2222, 09fb9ab4-1b8d-44c0-9f8c-50855c6f1fed:c2222]
2019-08-21 12:28:02,192 | INFO  | DNAudit | user=null | ip=null | op=WRITE_CHUNK {blockData=conID: 2 locID: 102654966639362547 bcsId: 0} | ret=SUCCESS |  
2019-08-21 12:28:02,192 [grpc-default-executor-4] INFO  client.GrpcClientProtocolClient (GrpcClientProtocolClient.java:onNext(255)) - client-C954105195FD->270584e6-a4a8-4db5-8151-214655ce1a56: receive RaftClientReply:client-C954105195FD->270584e6-a4a8-4db5-8151-214655ce1a56@group-787F5BA3AA67, cid=1551, SUCCESS, logIndex=2224, commits[270584e6-a4a8-4db5-8151-214655ce1a56:c2226, af078b8b-61ec-497f-9506-472d46a72462:c2222, 09fb9ab4-1b8d-44c0-9f8c-50855c6f1fed:c2222]
2019-08-21 12:28:02,192 | INFO  | DNAudit | user=null | ip=null | op=PUT_BLOCK {blockData=[blockId=conID: 2 locID: 102654966639362547 bcsId: 0,size=2097152]} | ret=SUCCESS |  
2019-08-21 12:28:02,192 [grpc-default-executor-4] INFO  client.GrpcClientProtocolClient (GrpcClientProtocolClient.java:onNext(255)) - client-C954105195FD->270584e6-a4a8-4db5-8151-214655ce1a56: receive RaftClientReply:client-C954105195FD->270584e6-a4a8-4db5-8151-214655ce1a56@group-787F5BA3AA67, cid=1552, SUCCESS, logIndex=2225, commits[270584e6-a4a8-4db5-8151-214655ce1a56:c2226, af078b8b-61ec-497f-9506-472d46a72462:c2222, 09fb9ab4-1b8d-44c0-9f8c-50855c6f1fed:c2222]
2019-08-21 12:28:02,193 [grpc-default-executor-4] INFO  client.GrpcClientProtocolClient (GrpcClientProtocolClient.java:onNext(255)) - client-C954105195FD->270584e6-a4a8-4db5-8151-214655ce1a56: receive RaftClientReply:client-C954105195FD->270584e6-a4a8-4db5-8151-214655ce1a56@group-787F5BA3AA67, cid=1553, SUCCESS, logIndex=2226, commits[270584e6-a4a8-4db5-8151-214655ce1a56:c2226, af078b8b-61ec-497f-9506-472d46a72462:c2222, 09fb9ab4-1b8d-44c0-9f8c-50855c6f1fed:c2222]
2019-08-21 12:28:02,193 | INFO  | DNAudit | user=null | ip=null | op=WRITE_CHUNK {blockData=conID: 2 locID: 102654966639362547 bcsId: 0} | ret=SUCCESS |  
2019-08-21 12:28:02,193 | INFO  | DNAudit | user=null | ip=null | op=WRITE_CHUNK {blockData=conID: 2 locID: 102654966639362547 bcsId: 0} | ret=SUCCESS |  
2019-08-21 12:28:02,195 | INFO  | DNAudit | user=null | ip=null | op=PUT_BLOCK {blockData=[blockId=conID: 2 locID: 102654966639362547 bcsId: 0,size=1048576]} | ret=SUCCESS |  
2019-08-21 12:28:02,195 | INFO  | DNAudit | user=null | ip=null | op=PUT_BLOCK {blockData=[blockId=conID: 2 locID: 102654966639362547 bcsId: 0,size=1048576]} | ret=SUCCESS |  
2019-08-21 12:28:02,195 | INFO  | DNAudit | user=null | ip=null | op=WRITE_CHUNK {blockData=conID: 2 locID: 102654966639362547 bcsId: 0} | ret=SUCCESS |  
2019-08-21 12:28:02,195 | INFO  | DNAudit | user=null | ip=null | op=WRITE_CHUNK {blockData=conID: 2 locID: 102654966639362547 bcsId: 0} | ret=SUCCESS |  
2019-08-21 12:28:02,196 | INFO  | DNAudit | user=null | ip=null | op=PUT_BLOCK {blockData=[blockId=conID: 2 locID: 102654966639362547 bcsId: 0,size=2097152]} | ret=SUCCESS |  
2019-08-21 12:28:02,196 [grpc-default-executor-4] INFO  client.GrpcClientProtocolClient (GrpcClientProtocolClient.java:onNext(255)) - client-C954105195FD->270584e6-a4a8-4db5-8151-214655ce1a56: receive RaftClientReply:client-C954105195FD->270584e6-a4a8-4db5-8151-214655ce1a56@group-787F5BA3AA67, cid=1554, SUCCESS, logIndex=0, commits[270584e6-a4a8-4db5-8151-214655ce1a56:c2228, af078b8b-61ec-497f-9506-472d46a72462:c2224, 09fb9ab4-1b8d-44c0-9f8c-50855c6f1fed:c2225]
2019-08-21 12:28:02,196 | INFO  | DNAudit | user=null | ip=null | op=PUT_BLOCK {blockData=[blockId=conID: 2 locID: 102654966639362547 bcsId: 0,size=2097152]} | ret=SUCCESS |  
2019-08-21 12:28:02,203 | INFO  | DNAudit | user=null | ip=null | op=WRITE_CHUNK {blockData=conID: 2 locID: 102654966639362547 bcsId: 2226} | ret=SUCCESS |  
2019-08-21 12:28:02,206 | INFO  | DNAudit | user=null | ip=null | op=WRITE_CHUNK {blockData=conID: 2 locID: 102654966639362547 bcsId: 2226} | ret=SUCCESS |  
2019-08-21 12:28:02,206 | INFO  | DNAudit | user=null | ip=null | op=WRITE_CHUNK {blockData=conID: 2 locID: 102654966639362547 bcsId: 2226} | ret=SUCCESS |  
2019-08-21 12:28:02,218 | INFO  | DNAudit | user=null | ip=null | op=WRITE_CHUNK {blockData=conID: 2 locID: 102654966639362547 bcsId: 2226} | ret=SUCCESS |  
2019-08-21 12:28:02,219 | INFO  | DNAudit | user=null | ip=null | op=PUT_BLOCK {blockData=[blockId=conID: 2 locID: 102654966639362547 bcsId: 0,size=3145728]} | ret=SUCCESS |  
2019-08-21 12:28:02,219 [grpc-default-executor-4] INFO  client.GrpcClientProtocolClient (GrpcClientProtocolClient.java:onNext(255)) - client-C954105195FD->270584e6-a4a8-4db5-8151-214655ce1a56: receive RaftClientReply:client-C954105195FD->270584e6-a4a8-4db5-8151-214655ce1a56@group-787F5BA3AA67, cid=1555, SUCCESS, logIndex=2231, commits[270584e6-a4a8-4db5-8151-214655ce1a56:c2232, af078b8b-61ec-497f-9506-472d46a72462:c2230, 09fb9ab4-1b8d-44c0-9f8c-50855c6f1fed:c2230]
2019-08-21 12:28:02,220 [grpc-default-executor-4] INFO  client.GrpcClientProtocolClient (GrpcClientProtocolClient.java:onNext(255)) - client-C954105195FD->270584e6-a4a8-4db5-8151-214655ce1a56: receive RaftClientReply:client-C954105195FD->270584e6-a4a8-4db5-8151-214655ce1a56@group-787F5BA3AA67, cid=1556, SUCCESS, logIndex=2232, commits[270584e6-a4a8-4db5-8151-214655ce1a56:c2232, af078b8b-61ec-497f-9506-472d46a72462:c2230, 09fb9ab4-1b8d-44c0-9f8c-50855c6f1fed:c2230]
2019-08-21 12:28:02,226 | INFO  | DNAudit | user=null | ip=null | op=WRITE_CHUNK {blockData=conID: 2 locID: 102654966639362547 bcsId: 2232} | ret=SUCCESS |  
2019-08-21 12:28:02,227 | INFO  | DNAudit | user=null | ip=null | op=WRITE_CHUNK {blockData=conID: 2 locID: 102654966639362547 bcsId: 2226} | ret=SUCCESS |  
2019-08-21 12:28:02,228 | INFO  | DNAudit | user=null | ip=null | op=WRITE_CHUNK {blockData=conID: 2 locID: 102654966639362547 bcsId: 2226} | ret=SUCCESS |  
2019-08-21 12:28:02,229 | INFO  | DNAudit | user=null | ip=null | op=PUT_BLOCK {blockData=[blockId=conID: 2 locID: 102654966639362547 bcsId: 0,size=3145728]} | ret=SUCCESS |  
2019-08-21 12:28:02,230 | INFO  | DNAudit | user=null | ip=null | op=WRITE_CHUNK {blockData=conID: 2 locID: 102654966639362547 bcsId: 2232} | ret=SUCCESS |  
2019-08-21 12:28:02,230 | INFO  | DNAudit | user=null | ip=null | op=WRITE_CHUNK {blockData=conID: 2 locID: 102654966639362547 bcsId: 2232} | ret=SUCCESS |  
2019-08-21 12:28:02,241 | INFO  | DNAudit | user=null | ip=null | op=PUT_BLOCK {blockData=[blockId=conID: 2 locID: 102654966639362547 bcsId: 0,size=3145728]} | ret=SUCCESS |  
2019-08-21 12:28:02,242 | INFO  | DNAudit | user=null | ip=null | op=WRITE_CHUNK {blockData=conID: 2 locID: 102654966639362547 bcsId: 2232} | ret=SUCCESS |  
2019-08-21 12:28:02,242 | INFO  | DNAudit | user=null | ip=null | op=PUT_BLOCK {blockData=[blockId=conID: 2 locID: 102654966639362547 bcsId: 0,size=4194304]} | ret=SUCCESS |  
2019-08-21 12:28:02,242 [grpc-default-executor-4] INFO  client.GrpcClientProtocolClient (GrpcClientProtocolClient.java:onNext(255)) - client-C954105195FD->270584e6-a4a8-4db5-8151-214655ce1a56: receive RaftClientReply:client-C954105195FD->270584e6-a4a8-4db5-8151-214655ce1a56@group-787F5BA3AA67, cid=1557, SUCCESS, logIndex=2235, commits[270584e6-a4a8-4db5-8151-214655ce1a56:c2236, af078b8b-61ec-497f-9506-472d46a72462:c2232, 09fb9ab4-1b8d-44c0-9f8c-50855c6f1fed:c2232]
2019-08-21 12:28:02,243 [grpc-default-executor-4] INFO  client.GrpcClientProtocolClient (GrpcClientProtocolClient.java:onNext(255)) - client-C954105195FD->270584e6-a4a8-4db5-8151-214655ce1a56: receive RaftClientReply:client-C954105195FD->270584e6-a4a8-4db5-8151-214655ce1a56@group-787F5BA3AA67, cid=1558, SUCCESS, logIndex=2236, commits[270584e6-a4a8-4db5-8151-214655ce1a56:c2236, af078b8b-61ec-497f-9506-472d46a72462:c2232, 09fb9ab4-1b8d-44c0-9f8c-50855c6f1fed:c2232]
2019-08-21 12:28:02,243 | INFO  | DNAudit | user=null | ip=null | op=WRITE_CHUNK {blockData=conID: 2 locID: 102654966639362547 bcsId: 2232} | ret=SUCCESS |  
2019-08-21 12:28:02,243 | INFO  | DNAudit | user=null | ip=null | op=WRITE_CHUNK {blockData=conID: 2 locID: 102654966639362547 bcsId: 2232} | ret=SUCCESS |  
2019-08-21 12:28:02,244 | INFO  | DNAudit | user=null | ip=null | op=PUT_BLOCK {blockData=[blockId=conID: 2 locID: 102654966639362547 bcsId: 0,size=4194304]} | ret=SUCCESS |  
2019-08-21 12:28:02,244 | INFO  | DNAudit | user=null | ip=null | op=PUT_BLOCK {blockData=[blockId=conID: 2 locID: 102654966639362547 bcsId: 0,size=4194304]} | ret=SUCCESS |  
2019-08-21 12:28:02,245 [grpc-default-executor-4] INFO  client.GrpcClientProtocolClient (GrpcClientProtocolClient.java:onNext(255)) - client-C954105195FD->270584e6-a4a8-4db5-8151-214655ce1a56: receive RaftClientReply:client-C954105195FD->270584e6-a4a8-4db5-8151-214655ce1a56@group-787F5BA3AA67, cid=1559, SUCCESS, logIndex=0, commits[270584e6-a4a8-4db5-8151-214655ce1a56:c2237, af078b8b-61ec-497f-9506-472d46a72462:c2236, 09fb9ab4-1b8d-44c0-9f8c-50855c6f1fed:c2236]
2019-08-21 12:28:02,250 | INFO  | SCMAudit | user=jenkins1000 | ip=192.168.34.23 | op=ALLOCATE_BLOCK {owner=b79f83c9-5f7d-4caf-af30-78af34bc5eea, size=4194304, type=RATIS, factor=THREE} | ret=SUCCESS |  
2019-08-21 12:28:02,253 | INFO  | OMAudit | user=jenkins1000 | ip=127.0.0.1 | op=ALLOCATE_BLOCK {volume=vol-0-06517, bucket=bucket-0-64549, key=key-0-34512, dataSize=0, replicationType=null, replicationFactor=null, keyLocationInfo=null, clientID=102654965997830546} | ret=SUCCESS |  
2019-08-21 12:28:02,262 | INFO  | DNAudit | user=null | ip=null | op=WRITE_CHUNK {blockData=conID: 3 locID: 102654966644736500 bcsId: 0} | ret=SUCCESS |  
2019-08-21 12:28:02,265 | INFO  | DNAudit | user=null | ip=null | op=WRITE_CHUNK {blockData=conID: 3 locID: 102654966644736500 bcsId: 0} | ret=SUCCESS |  
2019-08-21 12:28:02,265 | INFO  | DNAudit | user=null | ip=null | op=WRITE_CHUNK {blockData=conID: 3 locID: 102654966644736500 bcsId: 0} | ret=SUCCESS |  
2019-08-21 12:28:02,266 | INFO  | DNAudit | user=null | ip=null | op=WRITE_CHUNK {blockData=conID: 3 locID: 102654966644736500 bcsId: 0} | ret=SUCCESS |  
2019-08-21 12:28:02,268 | INFO  | DNAudit | user=null | ip=null | op=WRITE_CHUNK {blockData=conID: 3 locID: 102654966644736500 bcsId: 0} | ret=SUCCESS |  
2019-08-21 12:28:02,268 | INFO  | DNAudit | user=null | ip=null | op=WRITE_CHUNK {blockData=conID: 3 locID: 102654966644736500 bcsId: 0} | ret=SUCCESS |  
2019-08-21 12:28:02,274 | INFO  | DNAudit | user=null | ip=null | op=WRITE_CHUNK {blockData=conID: 3 locID: 102654966644736500 bcsId: 0} | ret=SUCCESS |  
2019-08-21 12:28:02,275 | INFO  | DNAudit | user=null | ip=null | op=PUT_BLOCK {blockData=[blockId=conID: 3 locID: 102654966644736500 bcsId: 0,size=1048576]} | ret=SUCCESS |  
2019-08-21 12:28:02,275 [grpc-default-executor-2] INFO  client.GrpcClientProtocolClient (GrpcClientProtocolClient.java:onNext(255)) - client-C954105195FD->270584e6-a4a8-4db5-8151-214655ce1a56: receive RaftClientReply:client-C954105195FD->270584e6-a4a8-4db5-8151-214655ce1a56@group-787F5BA3AA67, cid=1560, SUCCESS, logIndex=2239, commits[270584e6-a4a8-4db5-8151-214655ce1a56:c2240, af078b8b-61ec-497f-9506-472d46a72462:c2238, 09fb9ab4-1b8d-44c0-9f8c-50855c6f1fed:c2238]
2019-08-21 12:28:02,275 | INFO  | DNAudit | user=null | ip=null | op=WRITE_CHUNK {blockData=conID: 3 locID: 102654966644736500 bcsId: 0} | ret=SUCCESS |  
2019-08-21 12:28:02,276 [grpc-default-executor-5] INFO  client.GrpcClientProtocolClient (GrpcClientProtocolClient.java:onNext(255)) - client-C954105195FD->270584e6-a4a8-4db5-8151-214655ce1a56: receive RaftClientReply:client-C954105195FD->270584e6-a4a8-4db5-8151-214655ce1a56@group-787F5BA3AA67, cid=1561, SUCCESS, logIndex=2240, commits[270584e6-a4a8-4db5-8151-214655ce1a56:c2240, af078b8b-61ec-497f-9506-472d46a72462:c2238, 09fb9ab4-1b8d-44c0-9f8c-50855c6f1fed:c2238]
2019-08-21 12:28:02,276 | INFO  | DNAudit | user=null | ip=null | op=PUT_BLOCK {blockData=[blockId=conID: 3 locID: 102654966644736500 bcsId: 0,size=2097152]} | ret=SUCCESS |  
2019-08-21 12:28:02,276 | INFO  | DNAudit | user=null | ip=null | op=WRITE_CHUNK {blockData=conID: 3 locID: 102654966644736500 bcsId: 0} | ret=SUCCESS |  
2019-08-21 12:28:02,276 [grpc-default-executor-4] INFO  client.GrpcClientProtocolClient (GrpcClientProtocolClient.java:onNext(255)) - client-C954105195FD->270584e6-a4a8-4db5-8151-214655ce1a56: receive RaftClientReply:client-C954105195FD->270584e6-a4a8-4db5-8151-214655ce1a56@group-787F5BA3AA67, cid=1562, SUCCESS, logIndex=2241, commits[270584e6-a4a8-4db5-8151-214655ce1a56:c2242, af078b8b-61ec-497f-9506-472d46a72462:c2238, 09fb9ab4-1b8d-44c0-9f8c-50855c6f1fed:c2238]
2019-08-21 12:28:02,277 | INFO  | DNAudit | user=null | ip=null | op=PUT_BLOCK {blockData=[blockId=conID: 3 locID: 102654966644736500 bcsId: 0,size=1048576]} | ret=SUCCESS |  
2019-08-21 12:28:02,277 [grpc-default-executor-4] INFO  client.GrpcClientProtocolClient (GrpcClientProtocolClient.java:onNext(255)) - client-C954105195FD->270584e6-a4a8-4db5-8151-214655ce1a56: receive RaftClientReply:client-C954105195FD->270584e6-a4a8-4db5-8151-214655ce1a56@group-787F5BA3AA67, cid=1563, SUCCESS, logIndex=2242, commits[270584e6-a4a8-4db5-8151-214655ce1a56:c2242, af078b8b-61ec-497f-9506-472d46a72462:c2238, 09fb9ab4-1b8d-44c0-9f8c-50855c6f1fed:c2238]
2019-08-21 12:28:02,277 | INFO  | DNAudit | user=null | ip=null | op=WRITE_CHUNK {blockData=conID: 3 locID: 102654966644736500 bcsId: 0} | ret=SUCCESS |  
2019-08-21 12:28:02,277 | INFO  | DNAudit | user=null | ip=null | op=WRITE_CHUNK {blockData=conID: 3 locID: 102654966644736500 bcsId: 0} | ret=SUCCESS |  
2019-08-21 12:28:02,277 | INFO  | DNAudit | user=null | ip=null | op=PUT_BLOCK {blockData=[blockId=conID: 3 locID: 102654966644736500 bcsId: 0,size=1048576]} | ret=SUCCESS |  
2019-08-21 12:28:02,278 | INFO  | DNAudit | user=null | ip=null | op=PUT_BLOCK {blockData=[blockId=conID: 3 locID: 102654966644736500 bcsId: 0,size=2097152]} | ret=SUCCESS |  
2019-08-21 12:28:02,278 [grpc-default-executor-5] INFO  client.GrpcClientProtocolClient (GrpcClientProtocolClient.java:onNext(255)) - client-C954105195FD->270584e6-a4a8-4db5-8151-214655ce1a56: receive RaftClientReply:client-C954105195FD->270584e6-a4a8-4db5-8151-214655ce1a56@group-787F5BA3AA67, cid=1564, SUCCESS, logIndex=0, commits[270584e6-a4a8-4db5-8151-214655ce1a56:c2244, af078b8b-61ec-497f-9506-472d46a72462:c2240, 09fb9ab4-1b8d-44c0-9f8c-50855c6f1fed:c2240]
2019-08-21 12:28:02,279 | INFO  | DNAudit | user=null | ip=null | op=WRITE_CHUNK {blockData=conID: 3 locID: 102654966644736500 bcsId: 0} | ret=SUCCESS |  
2019-08-21 12:28:02,279 | INFO  | DNAudit | user=null | ip=null | op=PUT_BLOCK {blockData=[blockId=conID: 3 locID: 102654966644736500 bcsId: 0,size=2097152]} | ret=SUCCESS |  
2019-08-21 12:28:02,285 | INFO  | DNAudit | user=null | ip=null | op=WRITE_CHUNK {blockData=conID: 3 locID: 102654966644736500 bcsId: 2242} | ret=SUCCESS |  
2019-08-21 12:28:02,287 | INFO  | DNAudit | user=null | ip=null | op=WRITE_CHUNK {blockData=conID: 3 locID: 102654966644736500 bcsId: 2242} | ret=SUCCESS |  
2019-08-21 12:28:02,288 | INFO  | DNAudit | user=null | ip=null | op=WRITE_CHUNK {blockData=conID: 3 locID: 102654966644736500 bcsId: 2242} | ret=SUCCESS |  
2019-08-21 12:28:02,297 | INFO  | DNAudit | user=null | ip=null | op=WRITE_CHUNK {blockData=conID: 3 locID: 102654966644736500 bcsId: 2242} | ret=SUCCESS |  
2019-08-21 12:28:02,298 | INFO  | DNAudit | user=null | ip=null | op=PUT_BLOCK {blockData=[blockId=conID: 3 locID: 102654966644736500 bcsId: 0,size=3145728]} | ret=SUCCESS |  
2019-08-21 12:28:02,298 [grpc-default-executor-4] INFO  client.GrpcClientProtocolClient (GrpcClientProtocolClient.java:onNext(255)) - client-C954105195FD->270584e6-a4a8-4db5-8151-214655ce1a56: receive RaftClientReply:client-C954105195FD->270584e6-a4a8-4db5-8151-214655ce1a56@group-787F5BA3AA67, cid=1565, SUCCESS, logIndex=2247, commits[270584e6-a4a8-4db5-8151-214655ce1a56:c2248, af078b8b-61ec-497f-9506-472d46a72462:c2246, 09fb9ab4-1b8d-44c0-9f8c-50855c6f1fed:c2246]
2019-08-21 12:28:02,299 [grpc-default-executor-4] INFO  client.GrpcClientProtocolClient (GrpcClientProtocolClient.java:onNext(255)) - client-C954105195FD->270584e6-a4a8-4db5-8151-214655ce1a56: receive RaftClientReply:client-C954105195FD->270584e6-a4a8-4db5-8151-214655ce1a56@group-787F5BA3AA67, cid=1566, SUCCESS, logIndex=2248, commits[270584e6-a4a8-4db5-8151-214655ce1a56:c2248, af078b8b-61ec-497f-9506-472d46a72462:c2246, 09fb9ab4-1b8d-44c0-9f8c-50855c6f1fed:c2246]
2019-08-21 12:28:02,305 | INFO  | DNAudit | user=null | ip=null | op=WRITE_CHUNK {blockData=conID: 3 locID: 102654966644736500 bcsId: 2248} | ret=SUCCESS |  
2019-08-21 12:28:02,308 | INFO  | DNAudit | user=null | ip=null | op=WRITE_CHUNK {blockData=conID: 3 locID: 102654966644736500 bcsId: 2248} | ret=SUCCESS |  
2019-08-21 12:28:02,311 | INFO  | DNAudit | user=null | ip=null | op=WRITE_CHUNK {blockData=conID: 3 locID: 102654966644736500 bcsId: 2242} | ret=SUCCESS |  
2019-08-21 12:28:02,311 | INFO  | DNAudit | user=null | ip=null | op=WRITE_CHUNK {blockData=conID: 3 locID: 102654966644736500 bcsId: 2242} | ret=SUCCESS |  
2019-08-21 12:28:02,312 | INFO  | DNAudit | user=null | ip=null | op=WRITE_CHUNK {blockData=conID: 3 locID: 102654966644736500 bcsId: 2248} | ret=SUCCESS |  
2019-08-21 12:28:02,323 | INFO  | DNAudit | user=null | ip=null | op=PUT_BLOCK {blockData=[blockId=conID: 3 locID: 102654966644736500 bcsId: 0,size=3145728]} | ret=SUCCESS |  
2019-08-21 12:28:02,323 | INFO  | DNAudit | user=null | ip=null | op=PUT_BLOCK {blockData=[blockId=conID: 3 locID: 102654966644736500 bcsId: 0,size=3145728]} | ret=SUCCESS |  
2019-08-21 12:28:02,324 | INFO  | DNAudit | user=null | ip=null | op=WRITE_CHUNK {blockData=conID: 3 locID: 102654966644736500 bcsId: 2248} | ret=SUCCESS |  
2019-08-21 12:28:02,325 | INFO  | DNAudit | user=null | ip=null | op=PUT_BLOCK {blockData=[blockId=conID: 3 locID: 102654966644736500 bcsId: 0,size=4194304]} | ret=SUCCESS |  
2019-08-21 12:28:02,325 [grpc-default-executor-2] INFO  client.GrpcClientProtocolClient (GrpcClientProtocolClient.java:onNext(255)) - client-C954105195FD->270584e6-a4a8-4db5-8151-214655ce1a56: receive RaftClientReply:client-C954105195FD->270584e6-a4a8-4db5-8151-214655ce1a56@group-787F5BA3AA67, cid=1567, SUCCESS, logIndex=2251, commits[270584e6-a4a8-4db5-8151-214655ce1a56:c2252, af078b8b-61ec-497f-9506-472d46a72462:c2248, 09fb9ab4-1b8d-44c0-9f8c-50855c6f1fed:c2248]
2019-08-21 12:28:02,326 [grpc-default-executor-2] INFO  client.GrpcClientProtocolClient (GrpcClientProtocolClient.java:onNext(255)) - client-C954105195FD->270584e6-a4a8-4db5-8151-214655ce1a56: receive RaftClientReply:client-C954105195FD->270584e6-a4a8-4db5-8151-214655ce1a56@group-787F5BA3AA67, cid=1568, SUCCESS, logIndex=2252, commits[270584e6-a4a8-4db5-8151-214655ce1a56:c2252, af078b8b-61ec-497f-9506-472d46a72462:c2248, 09fb9ab4-1b8d-44c0-9f8c-50855c6f1fed:c2248]
2019-08-21 12:28:02,335 | INFO  | DNAudit | user=null | ip=null | op=WRITE_CHUNK {blockData=conID: 3 locID: 102654966644736500 bcsId: 2248} | ret=SUCCESS |  
2019-08-21 12:28:02,335 | INFO  | DNAudit | user=null | ip=null | op=WRITE_CHUNK {blockData=conID: 3 locID: 102654966644736500 bcsId: 2248} | ret=SUCCESS |  
2019-08-21 12:28:02,336 | INFO  | DNAudit | user=null | ip=null | op=PUT_BLOCK {blockData=[blockId=conID: 3 locID: 102654966644736500 bcsId: 0,size=4194304]} | ret=SUCCESS |  
2019-08-21 12:28:02,336 | INFO  | DNAudit | user=null | ip=null | op=PUT_BLOCK {blockData=[blockId=conID: 3 locID: 102654966644736500 bcsId: 0,size=4194304]} | ret=SUCCESS |  
2019-08-21 12:28:02,336 [grpc-default-executor-2] INFO  client.GrpcClientProtocolClient (GrpcClientProtocolClient.java:onNext(255)) - client-C954105195FD->270584e6-a4a8-4db5-8151-214655ce1a56: receive RaftClientReply:client-C954105195FD->270584e6-a4a8-4db5-8151-214655ce1a56@group-787F5BA3AA67, cid=1569, SUCCESS, logIndex=0, commits[270584e6-a4a8-4db5-8151-214655ce1a56:c2253, af078b8b-61ec-497f-9506-472d46a72462:c2252, 09fb9ab4-1b8d-44c0-9f8c-50855c6f1fed:c2252]
2019-08-21 12:28:02,340 | INFO  | SCMAudit | user=jenkins1000 | ip=192.168.34.23 | op=ALLOCATE_BLOCK {owner=b79f83c9-5f7d-4caf-af30-78af34bc5eea, size=4194304, type=RATIS, factor=THREE} | ret=SUCCESS |  
2019-08-21 12:28:02,343 | INFO  | OMAudit | user=jenkins1000 | ip=127.0.0.1 | op=ALLOCATE_BLOCK {volume=vol-0-06517, bucket=bucket-0-64549, key=key-0-34512, dataSize=0, replicationType=null, replicationFactor=null, keyLocationInfo=null, clientID=102654965997830546} | ret=SUCCESS |  
2019-08-21 12:28:02,351 | INFO  | DNAudit | user=null | ip=null | op=WRITE_CHUNK {blockData=conID: 1 locID: 102654966650634741 bcsId: 0} | ret=SUCCESS |  
2019-08-21 12:28:02,355 | INFO  | DNAudit | user=null | ip=null | op=WRITE_CHUNK {blockData=conID: 1 locID: 102654966650634741 bcsId: 0} | ret=SUCCESS |  
2019-08-21 12:28:02,355 | INFO  | DNAudit | user=null | ip=null | op=WRITE_CHUNK {blockData=conID: 1 locID: 102654966650634741 bcsId: 0} | ret=SUCCESS |  
2019-08-21 12:28:02,356 | INFO  | DNAudit | user=null | ip=null | op=WRITE_CHUNK {blockData=conID: 1 locID: 102654966650634741 bcsId: 0} | ret=SUCCESS |  
2019-08-21 12:28:02,358 | INFO  | DNAudit | user=null | ip=null | op=WRITE_CHUNK {blockData=conID: 1 locID: 102654966650634741 bcsId: 0} | ret=SUCCESS |  
2019-08-21 12:28:02,358 | INFO  | DNAudit | user=null | ip=null | op=WRITE_CHUNK {blockData=conID: 1 locID: 102654966650634741 bcsId: 0} | ret=SUCCESS |  
2019-08-21 12:28:02,366 | INFO  | DNAudit | user=null | ip=null | op=WRITE_CHUNK {blockData=conID: 1 locID: 102654966650634741 bcsId: 0} | ret=SUCCESS |  
2019-08-21 12:28:02,367 | INFO  | DNAudit | user=null | ip=null | op=PUT_BLOCK {blockData=[blockId=conID: 1 locID: 102654966650634741 bcsId: 0,size=1048576]} | ret=SUCCESS |  
2019-08-21 12:28:02,367 [grpc-default-executor-2] INFO  client.GrpcClientProtocolClient (GrpcClientProtocolClient.java:onNext(255)) - client-C954105195FD->270584e6-a4a8-4db5-8151-214655ce1a56: receive RaftClientReply:client-C954105195FD->270584e6-a4a8-4db5-8151-214655ce1a56@group-787F5BA3AA67, cid=1570, SUCCESS, logIndex=2255, commits[270584e6-a4a8-4db5-8151-214655ce1a56:c2256, af078b8b-61ec-497f-9506-472d46a72462:c2254, 09fb9ab4-1b8d-44c0-9f8c-50855c6f1fed:c2254]
2019-08-21 12:28:02,367 | INFO  | DNAudit | user=null | ip=null | op=WRITE_CHUNK {blockData=conID: 1 locID: 102654966650634741 bcsId: 0} | ret=SUCCESS |  
2019-08-21 12:28:02,367 [grpc-default-executor-2] INFO  client.GrpcClientProtocolClient (GrpcClientProtocolClient.java:onNext(255)) - client-C954105195FD->270584e6-a4a8-4db5-8151-214655ce1a56: receive RaftClientReply:client-C954105195FD->270584e6-a4a8-4db5-8151-214655ce1a56@group-787F5BA3AA67, cid=1571, SUCCESS, logIndex=2256, commits[270584e6-a4a8-4db5-8151-214655ce1a56:c2256, af078b8b-61ec-497f-9506-472d46a72462:c2254, 09fb9ab4-1b8d-44c0-9f8c-50855c6f1fed:c2254]
2019-08-21 12:28:02,368 | INFO  | DNAudit | user=null | ip=null | op=PUT_BLOCK {blockData=[blockId=conID: 1 locID: 102654966650634741 bcsId: 0,size=2097152]} | ret=SUCCESS |  
2019-08-21 12:28:02,368 [grpc-default-executor-2] INFO  client.GrpcClientProtocolClient (GrpcClientProtocolClient.java:onNext(255)) - client-C954105195FD->270584e6-a4a8-4db5-8151-214655ce1a56: receive RaftClientReply:client-C954105195FD->270584e6-a4a8-4db5-8151-214655ce1a56@group-787F5BA3AA67, cid=1572, SUCCESS, logIndex=2257, commits[270584e6-a4a8-4db5-8151-214655ce1a56:c2258, af078b8b-61ec-497f-9506-472d46a72462:c2254, 09fb9ab4-1b8d-44c0-9f8c-50855c6f1fed:c2254]
2019-08-21 12:28:02,368 [grpc-default-executor-2] INFO  client.GrpcClientProtocolClient (GrpcClientProtocolClient.java:onNext(255)) - client-C954105195FD->270584e6-a4a8-4db5-8151-214655ce1a56: receive RaftClientReply:client-C954105195FD->270584e6-a4a8-4db5-8151-214655ce1a56@group-787F5BA3AA67, cid=1573, SUCCESS, logIndex=2258, commits[270584e6-a4a8-4db5-8151-214655ce1a56:c2258, af078b8b-61ec-497f-9506-472d46a72462:c2254, 09fb9ab4-1b8d-44c0-9f8c-50855c6f1fed:c2254]
2019-08-21 12:28:02,368 | INFO  | DNAudit | user=null | ip=null | op=WRITE_CHUNK {blockData=conID: 1 locID: 102654966650634741 bcsId: 0} | ret=SUCCESS |  
2019-08-21 12:28:02,369 | INFO  | DNAudit | user=null | ip=null | op=PUT_BLOCK {blockData=[blockId=conID: 1 locID: 102654966650634741 bcsId: 0,size=1048576]} | ret=SUCCESS |  
2019-08-21 12:28:02,369 | INFO  | DNAudit | user=null | ip=null | op=WRITE_CHUNK {blockData=conID: 1 locID: 102654966650634741 bcsId: 0} | ret=SUCCESS |  
2019-08-21 12:28:02,370 | INFO  | DNAudit | user=null | ip=null | op=WRITE_CHUNK {blockData=conID: 1 locID: 102654966650634741 bcsId: 0} | ret=SUCCESS |  
2019-08-21 12:28:02,370 | INFO  | DNAudit | user=null | ip=null | op=PUT_BLOCK {blockData=[blockId=conID: 1 locID: 102654966650634741 bcsId: 0,size=2097152]} | ret=SUCCESS |  
2019-08-21 12:28:02,370 | INFO  | DNAudit | user=null | ip=null | op=PUT_BLOCK {blockData=[blockId=conID: 1 locID: 102654966650634741 bcsId: 0,size=1048576]} | ret=SUCCESS |  
2019-08-21 12:28:02,370 | INFO  | DNAudit | user=null | ip=null | op=WRITE_CHUNK {blockData=conID: 1 locID: 102654966650634741 bcsId: 0} | ret=SUCCESS |  
2019-08-21 12:28:02,370 | INFO  | DNAudit | user=null | ip=null | op=PUT_BLOCK {blockData=[blockId=conID: 1 locID: 102654966650634741 bcsId: 0,size=2097152]} | ret=SUCCESS |  
2019-08-21 12:28:02,371 [grpc-default-executor-1] INFO  client.GrpcClientProtocolClient (GrpcClientProtocolClient.java:onNext(255)) - client-C954105195FD->270584e6-a4a8-4db5-8151-214655ce1a56: receive RaftClientReply:client-C954105195FD->270584e6-a4a8-4db5-8151-214655ce1a56@group-787F5BA3AA67, cid=1574, SUCCESS, logIndex=0, commits[270584e6-a4a8-4db5-8151-214655ce1a56:c2262, af078b8b-61ec-497f-9506-472d46a72462:c2256, 09fb9ab4-1b8d-44c0-9f8c-50855c6f1fed:c2258]
2019-08-21 12:28:02,372 | INFO  | SCMAudit | user=jenkins1000 | ip=192.168.34.23 | op=SEND_HEARTBEAT {datanodeUUID=af078b8b-61ec-497f-9506-472d46a72462, command=[]} | ret=SUCCESS |  
2019-08-21 12:28:02,372 | INFO  | SCMAudit | user=jenkins1000 | ip=192.168.34.23 | op=SEND_HEARTBEAT {datanodeUUID=09fb9ab4-1b8d-44c0-9f8c-50855c6f1fed, command=[]} | ret=SUCCESS |  
2019-08-21 12:28:02,373 | INFO  | SCMAudit | user=jenkins1000 | ip=192.168.34.23 | op=SEND_HEARTBEAT {datanodeUUID=270584e6-a4a8-4db5-8151-214655ce1a56, command=[]} | ret=SUCCESS |  
2019-08-21 12:28:02,377 | INFO  | DNAudit | user=null | ip=null | op=WRITE_CHUNK {blockData=conID: 1 locID: 102654966650634741 bcsId: 2258} | ret=SUCCESS |  
2019-08-21 12:28:02,379 | INFO  | DNAudit | user=null | ip=null | op=WRITE_CHUNK {blockData=conID: 1 locID: 102654966650634741 bcsId: 2258} | ret=SUCCESS |  
2019-08-21 12:28:02,380 | INFO  | DNAudit | user=null | ip=null | op=WRITE_CHUNK {blockData=conID: 1 locID: 102654966650634741 bcsId: 2258} | ret=SUCCESS |  
2019-08-21 12:28:02,389 | INFO  | DNAudit | user=null | ip=null | op=WRITE_CHUNK {blockData=conID: 1 locID: 102654966650634741 bcsId: 2258} | ret=SUCCESS |  
2019-08-21 12:28:02,390 | INFO  | DNAudit | user=null | ip=null | op=PUT_BLOCK {blockData=[blockId=conID: 1 locID: 102654966650634741 bcsId: 0,size=3145728]} | ret=SUCCESS |  
2019-08-21 12:28:02,390 [grpc-default-executor-2] INFO  client.GrpcClientProtocolClient (GrpcClientProtocolClient.java:onNext(255)) - client-C954105195FD->270584e6-a4a8-4db5-8151-214655ce1a56: receive RaftClientReply:client-C954105195FD->270584e6-a4a8-4db5-8151-214655ce1a56@group-787F5BA3AA67, cid=1575, SUCCESS, logIndex=2263, commits[270584e6-a4a8-4db5-8151-214655ce1a56:c2264, af078b8b-61ec-497f-9506-472d46a72462:c2262, 09fb9ab4-1b8d-44c0-9f8c-50855c6f1fed:c2262]
2019-08-21 12:28:02,390 [grpc-default-executor-2] INFO  client.GrpcClientProtocolClient (GrpcClientProtocolClient.java:onNext(255)) - client-C954105195FD->270584e6-a4a8-4db5-8151-214655ce1a56: receive RaftClientReply:client-C954105195FD->270584e6-a4a8-4db5-8151-214655ce1a56@group-787F5BA3AA67, cid=1576, SUCCESS, logIndex=2264, commits[270584e6-a4a8-4db5-8151-214655ce1a56:c2264, af078b8b-61ec-497f-9506-472d46a72462:c2262, 09fb9ab4-1b8d-44c0-9f8c-50855c6f1fed:c2262]
2019-08-21 12:28:02,396 | INFO  | DNAudit | user=null | ip=null | op=WRITE_CHUNK {blockData=conID: 1 locID: 102654966650634741 bcsId: 2264} | ret=SUCCESS |  
2019-08-21 12:28:02,399 | INFO  | DNAudit | user=null | ip=null | op=WRITE_CHUNK {blockData=conID: 1 locID: 102654966650634741 bcsId: 2264} | ret=SUCCESS |  
2019-08-21 12:28:02,399 | INFO  | DNAudit | user=null | ip=null | op=WRITE_CHUNK {blockData=conID: 1 locID: 102654966650634741 bcsId: 2264} | ret=SUCCESS |  
2019-08-21 12:28:02,401 | INFO  | DNAudit | user=null | ip=null | op=WRITE_CHUNK {blockData=conID: 1 locID: 102654966650634741 bcsId: 2258} | ret=SUCCESS |  
2019-08-21 12:28:02,401 | INFO  | DNAudit | user=null | ip=null | op=WRITE_CHUNK {blockData=conID: 1 locID: 102654966650634741 bcsId: 2258} | ret=SUCCESS |  
2019-08-21 12:28:02,401 | INFO  | DNAudit | user=null | ip=null | op=PUT_BLOCK {blockData=[blockId=conID: 1 locID: 102654966650634741 bcsId: 0,size=3145728]} | ret=SUCCESS |  
2019-08-21 12:28:02,403 | INFO  | DNAudit | user=null | ip=null | op=PUT_BLOCK {blockData=[blockId=conID: 1 locID: 102654966650634741 bcsId: 0,size=3145728]} | ret=SUCCESS |  
2019-08-21 12:28:02,404 | INFO  | DNAudit | user=null | ip=null | op=WRITE_CHUNK {blockData=conID: 1 locID: 102654966650634741 bcsId: 2264} | ret=SUCCESS |  
2019-08-21 12:28:02,405 | INFO  | DNAudit | user=null | ip=null | op=PUT_BLOCK {blockData=[blockId=conID: 1 locID: 102654966650634741 bcsId: 0,size=4194304]} | ret=SUCCESS |  
2019-08-21 12:28:02,405 [grpc-default-executor-2] INFO  client.GrpcClientProtocolClient (GrpcClientProtocolClient.java:onNext(255)) - client-C954105195FD->270584e6-a4a8-4db5-8151-214655ce1a56: receive RaftClientReply:client-C954105195FD->270584e6-a4a8-4db5-8151-214655ce1a56@group-787F5BA3AA67, cid=1577, SUCCESS, logIndex=2267, commits[270584e6-a4a8-4db5-8151-214655ce1a56:c2268, af078b8b-61ec-497f-9506-472d46a72462:c2264, 09fb9ab4-1b8d-44c0-9f8c-50855c6f1fed:c2264]
2019-08-21 12:28:02,405 [grpc-default-executor-2] INFO  client.GrpcClientProtocolClient (GrpcClientProtocolClient.java:onNext(255)) - client-C954105195FD->270584e6-a4a8-4db5-8151-214655ce1a56: receive RaftClientReply:client-C954105195FD->270584e6-a4a8-4db5-8151-214655ce1a56@group-787F5BA3AA67, cid=1578, SUCCESS, logIndex=2268, commits[270584e6-a4a8-4db5-8151-214655ce1a56:c2268, af078b8b-61ec-497f-9506-472d46a72462:c2264, 09fb9ab4-1b8d-44c0-9f8c-50855c6f1fed:c2264]
2019-08-21 12:28:02,417 | INFO  | DNAudit | user=null | ip=null | op=WRITE_CHUNK {blockData=conID: 1 locID: 102654966650634741 bcsId: 2264} | ret=SUCCESS |  
2019-08-21 12:28:02,417 | INFO  | DNAudit | user=null | ip=null | op=WRITE_CHUNK {blockData=conID: 1 locID: 102654966650634741 bcsId: 2264} | ret=SUCCESS |  
2019-08-21 12:28:02,418 | INFO  | DNAudit | user=null | ip=null | op=PUT_BLOCK {blockData=[blockId=conID: 1 locID: 102654966650634741 bcsId: 0,size=4194304]} | ret=SUCCESS |  
2019-08-21 12:28:02,418 | INFO  | DNAudit | user=null | ip=null | op=PUT_BLOCK {blockData=[blockId=conID: 1 locID: 102654966650634741 bcsId: 0,size=4194304]} | ret=SUCCESS |  
2019-08-21 12:28:02,419 [grpc-default-executor-2] INFO  client.GrpcClientProtocolClient (GrpcClientProtocolClient.java:onNext(255)) - client-C954105195FD->270584e6-a4a8-4db5-8151-214655ce1a56: receive RaftClientReply:client-C954105195FD->270584e6-a4a8-4db5-8151-214655ce1a56@group-787F5BA3AA67, cid=1579, SUCCESS, logIndex=0, commits[270584e6-a4a8-4db5-8151-214655ce1a56:c2270, af078b8b-61ec-497f-9506-472d46a72462:c2268, 09fb9ab4-1b8d-44c0-9f8c-50855c6f1fed:c2268]
2019-08-21 12:28:02,423 | INFO  | SCMAudit | user=jenkins1000 | ip=192.168.34.23 | op=ALLOCATE_BLOCK {owner=b79f83c9-5f7d-4caf-af30-78af34bc5eea, size=4194304, type=RATIS, factor=THREE} | ret=SUCCESS |  
2019-08-21 12:28:02,426 | INFO  | OMAudit | user=jenkins1000 | ip=127.0.0.1 | op=ALLOCATE_BLOCK {volume=vol-0-06517, bucket=bucket-0-64549, key=key-0-34512, dataSize=0, replicationType=null, replicationFactor=null, keyLocationInfo=null, clientID=102654965997830546} | ret=SUCCESS |  
2019-08-21 12:28:02,432 | INFO  | DNAudit | user=null | ip=null | op=WRITE_CHUNK {blockData=conID: 2 locID: 102654966656074230 bcsId: 0} | ret=SUCCESS |  
2019-08-21 12:28:02,435 | INFO  | DNAudit | user=null | ip=null | op=WRITE_CHUNK {blockData=conID: 2 locID: 102654966656074230 bcsId: 0} | ret=SUCCESS |  
2019-08-21 12:28:02,435 | INFO  | DNAudit | user=null | ip=null | op=WRITE_CHUNK {blockData=conID: 2 locID: 102654966656074230 bcsId: 0} | ret=SUCCESS |  
2019-08-21 12:28:02,436 | INFO  | DNAudit | user=null | ip=null | op=WRITE_CHUNK {blockData=conID: 2 locID: 102654966656074230 bcsId: 0} | ret=SUCCESS |  
2019-08-21 12:28:02,437 | INFO  | DNAudit | user=null | ip=null | op=WRITE_CHUNK {blockData=conID: 2 locID: 102654966656074230 bcsId: 0} | ret=SUCCESS |  
2019-08-21 12:28:02,438 | INFO  | DNAudit | user=null | ip=null | op=WRITE_CHUNK {blockData=conID: 2 locID: 102654966656074230 bcsId: 0} | ret=SUCCESS |  
2019-08-21 12:28:02,438 | INFO  | DNAudit | user=null | ip=null | op=WRITE_CHUNK {blockData=conID: 2 locID: 102654966656074230 bcsId: 0} | ret=SUCCESS |  
2019-08-21 12:28:02,439 | INFO  | DNAudit | user=null | ip=null | op=PUT_BLOCK {blockData=[blockId=conID: 2 locID: 102654966656074230 bcsId: 0,size=1048576]} | ret=SUCCESS |  
2019-08-21 12:28:02,439 [grpc-default-executor-4] INFO  client.GrpcClientProtocolClient (GrpcClientProtocolClient.java:onNext(255)) - client-C954105195FD->270584e6-a4a8-4db5-8151-214655ce1a56: receive RaftClientReply:client-C954105195FD->270584e6-a4a8-4db5-8151-214655ce1a56@group-787F5BA3AA67, cid=1580, SUCCESS, logIndex=2271, commits[270584e6-a4a8-4db5-8151-214655ce1a56:c2272, af078b8b-61ec-497f-9506-472d46a72462:c2268, 09fb9ab4-1b8d-44c0-9f8c-50855c6f1fed:c2270]
2019-08-21 12:28:02,439 [grpc-default-executor-4] INFO  client.GrpcClientProtocolClient (GrpcClientProtocolClient.java:onNext(255)) - client-C954105195FD->270584e6-a4a8-4db5-8151-214655ce1a56: receive RaftClientReply:client-C954105195FD->270584e6-a4a8-4db5-8151-214655ce1a56@group-787F5BA3AA67, cid=1581, SUCCESS, logIndex=2272, commits[270584e6-a4a8-4db5-8151-214655ce1a56:c2272, af078b8b-61ec-497f-9506-472d46a72462:c2268, 09fb9ab4-1b8d-44c0-9f8c-50855c6f1fed:c2270]
2019-08-21 12:28:02,440 | INFO  | DNAudit | user=null | ip=null | op=WRITE_CHUNK {blockData=conID: 2 locID: 102654966656074230 bcsId: 0} | ret=SUCCESS |  
2019-08-21 12:28:02,440 | INFO  | DNAudit | user=null | ip=null | op=PUT_BLOCK {blockData=[blockId=conID: 2 locID: 102654966656074230 bcsId: 0,size=2097152]} | ret=SUCCESS |  
2019-08-21 12:28:02,440 [grpc-default-executor-2] INFO  client.GrpcClientProtocolClient (GrpcClientProtocolClient.java:onNext(255)) - client-C954105195FD->270584e6-a4a8-4db5-8151-214655ce1a56: receive RaftClientReply:client-C954105195FD->270584e6-a4a8-4db5-8151-214655ce1a56@group-787F5BA3AA67, cid=1582, SUCCESS, logIndex=2273, commits[270584e6-a4a8-4db5-8151-214655ce1a56:c2274, af078b8b-61ec-497f-9506-472d46a72462:c2268, 09fb9ab4-1b8d-44c0-9f8c-50855c6f1fed:c2270]
2019-08-21 12:28:02,441 [grpc-default-executor-2] INFO  client.GrpcClientProtocolClient (GrpcClientProtocolClient.java:onNext(255)) - client-C954105195FD->270584e6-a4a8-4db5-8151-214655ce1a56: receive RaftClientReply:client-C954105195FD->270584e6-a4a8-4db5-8151-214655ce1a56@group-787F5BA3AA67, cid=1583, SUCCESS, logIndex=2274, commits[270584e6-a4a8-4db5-8151-214655ce1a56:c2274, af078b8b-61ec-497f-9506-472d46a72462:c2270, 09fb9ab4-1b8d-44c0-9f8c-50855c6f1fed:c2270]
2019-08-21 12:28:02,441 | INFO  | DNAudit | user=null | ip=null | op=WRITE_CHUNK {blockData=conID: 2 locID: 102654966656074230 bcsId: 0} | ret=SUCCESS |  
2019-08-21 12:28:02,442 | INFO  | DNAudit | user=null | ip=null | op=WRITE_CHUNK {blockData=conID: 2 locID: 102654966656074230 bcsId: 0} | ret=SUCCESS |  
2019-08-21 12:28:02,442 | INFO  | DNAudit | user=null | ip=null | op=PUT_BLOCK {blockData=[blockId=conID: 2 locID: 102654966656074230 bcsId: 0,size=1048576]} | ret=SUCCESS |  
2019-08-21 12:28:02,442 | INFO  | DNAudit | user=null | ip=null | op=PUT_BLOCK {blockData=[blockId=conID: 2 locID: 102654966656074230 bcsId: 0,size=1048576]} | ret=SUCCESS |  
2019-08-21 12:28:02,442 | INFO  | DNAudit | user=null | ip=null | op=WRITE_CHUNK {blockData=conID: 2 locID: 102654966656074230 bcsId: 0} | ret=SUCCESS |  
2019-08-21 12:28:02,442 | INFO  | DNAudit | user=null | ip=null | op=PUT_BLOCK {blockData=[blockId=conID: 2 locID: 102654966656074230 bcsId: 0,size=2097152]} | ret=SUCCESS |  
2019-08-21 12:28:02,442 [grpc-default-executor-5] INFO  client.GrpcClientProtocolClient (GrpcClientProtocolClient.java:onNext(255)) - client-C954105195FD->270584e6-a4a8-4db5-8151-214655ce1a56: receive RaftClientReply:client-C954105195FD->270584e6-a4a8-4db5-8151-214655ce1a56@group-787F5BA3AA67, cid=1584, SUCCESS, logIndex=0, commits[270584e6-a4a8-4db5-8151-214655ce1a56:c2275, af078b8b-61ec-497f-9506-472d46a72462:c2272, 09fb9ab4-1b8d-44c0-9f8c-50855c6f1fed:c2272]
2019-08-21 12:28:02,444 | INFO  | DNAudit | user=null | ip=null | op=WRITE_CHUNK {blockData=conID: 2 locID: 102654966656074230 bcsId: 0} | ret=SUCCESS |  
2019-08-21 12:28:02,444 | INFO  | DNAudit | user=null | ip=null | op=PUT_BLOCK {blockData=[blockId=conID: 2 locID: 102654966656074230 bcsId: 0,size=2097152]} | ret=SUCCESS |  
2019-08-21 12:28:02,448 | INFO  | DNAudit | user=null | ip=null | op=WRITE_CHUNK {blockData=conID: 2 locID: 102654966656074230 bcsId: 2274} | ret=SUCCESS |  
2019-08-21 12:28:02,451 | INFO  | DNAudit | user=null | ip=null | op=WRITE_CHUNK {blockData=conID: 2 locID: 102654966656074230 bcsId: 2274} | ret=SUCCESS |  
2019-08-21 12:28:02,451 | INFO  | DNAudit | user=null | ip=null | op=WRITE_CHUNK {blockData=conID: 2 locID: 102654966656074230 bcsId: 2274} | ret=SUCCESS |  
2019-08-21 12:28:02,470 | INFO  | DNAudit | user=null | ip=null | op=WRITE_CHUNK {blockData=conID: 2 locID: 102654966656074230 bcsId: 2274} | ret=SUCCESS |  
2019-08-21 12:28:02,470 | INFO  | DNAudit | user=null | ip=null | op=PUT_BLOCK {blockData=[blockId=conID: 2 locID: 102654966656074230 bcsId: 0,size=3145728]} | ret=SUCCESS |  
2019-08-21 12:28:02,470 [grpc-default-executor-4] INFO  client.GrpcClientProtocolClient (GrpcClientProtocolClient.java:onNext(255)) - client-C954105195FD->270584e6-a4a8-4db5-8151-214655ce1a56: receive RaftClientReply:client-C954105195FD->270584e6-a4a8-4db5-8151-214655ce1a56@group-787F5BA3AA67, cid=1585, SUCCESS, logIndex=2279, commits[270584e6-a4a8-4db5-8151-214655ce1a56:c2280, af078b8b-61ec-497f-9506-472d46a72462:c2278, 09fb9ab4-1b8d-44c0-9f8c-50855c6f1fed:c2278]
2019-08-21 12:28:02,471 [grpc-default-executor-4] INFO  client.GrpcClientProtocolClient (GrpcClientProtocolClient.java:onNext(255)) - client-C954105195FD->270584e6-a4a8-4db5-8151-214655ce1a56: receive RaftClientReply:client-C954105195FD->270584e6-a4a8-4db5-8151-214655ce1a56@group-787F5BA3AA67, cid=1586, SUCCESS, logIndex=2280, commits[270584e6-a4a8-4db5-8151-214655ce1a56:c2280, af078b8b-61ec-497f-9506-472d46a72462:c2278, 09fb9ab4-1b8d-44c0-9f8c-50855c6f1fed:c2278]
2019-08-21 12:28:02,477 | INFO  | DNAudit | user=null | ip=null | op=WRITE_CHUNK {blockData=conID: 2 locID: 102654966656074230 bcsId: 2280} | ret=SUCCESS |  
2019-08-21 12:28:02,478 | INFO  | DNAudit | user=null | ip=null | op=WRITE_CHUNK {blockData=conID: 2 locID: 102654966656074230 bcsId: 2274} | ret=SUCCESS |  
2019-08-21 12:28:02,479 | INFO  | DNAudit | user=null | ip=null | op=WRITE_CHUNK {blockData=conID: 2 locID: 102654966656074230 bcsId: 2274} | ret=SUCCESS |  
2019-08-21 12:28:02,479 | INFO  | DNAudit | user=null | ip=null | op=WRITE_CHUNK {blockData=conID: 2 locID: 102654966656074230 bcsId: 2280} | ret=SUCCESS |  
2019-08-21 12:28:02,479 | INFO  | DNAudit | user=null | ip=null | op=PUT_BLOCK {blockData=[blockId=conID: 2 locID: 102654966656074230 bcsId: 0,size=3145728]} | ret=SUCCESS |  
2019-08-21 12:28:02,480 | INFO  | DNAudit | user=null | ip=null | op=WRITE_CHUNK {blockData=conID: 2 locID: 102654966656074230 bcsId: 2280} | ret=SUCCESS |  
2019-08-21 12:28:02,481 | INFO  | DNAudit | user=null | ip=null | op=PUT_BLOCK {blockData=[blockId=conID: 2 locID: 102654966656074230 bcsId: 0,size=3145728]} | ret=SUCCESS |  
2019-08-21 12:28:02,481 | INFO  | DNAudit | user=null | ip=null | op=WRITE_CHUNK {blockData=conID: 2 locID: 102654966656074230 bcsId: 2280} | ret=SUCCESS |  
2019-08-21 12:28:02,482 | INFO  | DNAudit | user=null | ip=null | op=PUT_BLOCK {blockData=[blockId=conID: 2 locID: 102654966656074230 bcsId: 0,size=4194304]} | ret=SUCCESS |  
2019-08-21 12:28:02,482 [grpc-default-executor-4] INFO  client.GrpcClientProtocolClient (GrpcClientProtocolClient.java:onNext(255)) - client-C954105195FD->270584e6-a4a8-4db5-8151-214655ce1a56: receive RaftClientReply:client-C954105195FD->270584e6-a4a8-4db5-8151-214655ce1a56@group-787F5BA3AA67, cid=1587, SUCCESS, logIndex=2283, commits[270584e6-a4a8-4db5-8151-214655ce1a56:c2284, af078b8b-61ec-497f-9506-472d46a72462:c2280, 09fb9ab4-1b8d-44c0-9f8c-50855c6f1fed:c2280]
2019-08-21 12:28:02,482 [grpc-default-executor-4] INFO  client.GrpcClientProtocolClient (GrpcClientProtocolClient.java:onNext(255)) - client-C954105195FD->270584e6-a4a8-4db5-8151-214655ce1a56: receive RaftClientReply:client-C954105195FD->270584e6-a4a8-4db5-8151-214655ce1a56@group-787F5BA3AA67, cid=1588, SUCCESS, logIndex=2284, commits[270584e6-a4a8-4db5-8151-214655ce1a56:c2284, af078b8b-61ec-497f-9506-472d46a72462:c2280, 09fb9ab4-1b8d-44c0-9f8c-50855c6f1fed:c2280]
2019-08-21 12:28:02,483 | INFO  | DNAudit | user=null | ip=null | op=WRITE_CHUNK {blockData=conID: 2 locID: 102654966656074230 bcsId: 2280} | ret=SUCCESS |  
2019-08-21 12:28:02,483 | INFO  | DNAudit | user=null | ip=null | op=WRITE_CHUNK {blockData=conID: 2 locID: 102654966656074230 bcsId: 2280} | ret=SUCCESS |  
2019-08-21 12:28:02,483 | INFO  | DNAudit | user=null | ip=null | op=PUT_BLOCK {blockData=[blockId=conID: 2 locID: 102654966656074230 bcsId: 0,size=4194304]} | ret=SUCCESS |  
2019-08-21 12:28:02,483 | INFO  | DNAudit | user=null | ip=null | op=PUT_BLOCK {blockData=[blockId=conID: 2 locID: 102654966656074230 bcsId: 0,size=4194304]} | ret=SUCCESS |  
2019-08-21 12:28:02,483 [grpc-default-executor-2] INFO  client.GrpcClientProtocolClient (GrpcClientProtocolClient.java:onNext(255)) - client-C954105195FD->270584e6-a4a8-4db5-8151-214655ce1a56: receive RaftClientReply:client-C954105195FD->270584e6-a4a8-4db5-8151-214655ce1a56@group-787F5BA3AA67, cid=1589, SUCCESS, logIndex=0, commits[270584e6-a4a8-4db5-8151-214655ce1a56:c2285, af078b8b-61ec-497f-9506-472d46a72462:c2284, 09fb9ab4-1b8d-44c0-9f8c-50855c6f1fed:c2284]
2019-08-21 12:28:02,489 | INFO  | SCMAudit | user=jenkins1000 | ip=192.168.34.23 | op=ALLOCATE_BLOCK {owner=b79f83c9-5f7d-4caf-af30-78af34bc5eea, size=4194304, type=RATIS, factor=THREE} | ret=SUCCESS |  
2019-08-21 12:28:02,493 | INFO  | OMAudit | user=jenkins1000 | ip=127.0.0.1 | op=ALLOCATE_BLOCK {volume=vol-0-06517, bucket=bucket-0-64549, key=key-0-34512, dataSize=0, replicationType=null, replicationFactor=null, keyLocationInfo=null, clientID=102654965997830546} | ret=SUCCESS |  
2019-08-21 12:28:02,499 | INFO  | DNAudit | user=null | ip=null | op=WRITE_CHUNK {blockData=conID: 3 locID: 102654966660399607 bcsId: 0} | ret=SUCCESS |  
2019-08-21 12:28:02,502 | INFO  | DNAudit | user=null | ip=null | op=WRITE_CHUNK {blockData=conID: 3 locID: 102654966660399607 bcsId: 0} | ret=SUCCESS |  
2019-08-21 12:28:02,502 | INFO  | DNAudit | user=null | ip=null | op=WRITE_CHUNK {blockData=conID: 3 locID: 102654966660399607 bcsId: 0} | ret=SUCCESS |  
2019-08-21 12:28:02,502 | INFO  | DNAudit | user=null | ip=null | op=WRITE_CHUNK {blockData=conID: 3 locID: 102654966660399607 bcsId: 0} | ret=SUCCESS |  
2019-08-21 12:28:02,504 | INFO  | DNAudit | user=null | ip=null | op=WRITE_CHUNK {blockData=conID: 3 locID: 102654966660399607 bcsId: 0} | ret=SUCCESS |  
2019-08-21 12:28:02,504 | INFO  | DNAudit | user=null | ip=null | op=WRITE_CHUNK {blockData=conID: 3 locID: 102654966660399607 bcsId: 0} | ret=SUCCESS |  
2019-08-21 12:28:02,512 | INFO  | DNAudit | user=null | ip=null | op=WRITE_CHUNK {blockData=conID: 3 locID: 102654966660399607 bcsId: 0} | ret=SUCCESS |  
2019-08-21 12:28:02,512 | INFO  | DNAudit | user=null | ip=null | op=PUT_BLOCK {blockData=[blockId=conID: 3 locID: 102654966660399607 bcsId: 0,size=1048576]} | ret=SUCCESS |  
2019-08-21 12:28:02,513 | INFO  | DNAudit | user=null | ip=null | op=WRITE_CHUNK {blockData=conID: 3 locID: 102654966660399607 bcsId: 0} | ret=SUCCESS |  
2019-08-21 12:28:02,512 [grpc-default-executor-5] INFO  client.GrpcClientProtocolClient (GrpcClientProtocolClient.java:onNext(255)) - client-C954105195FD->270584e6-a4a8-4db5-8151-214655ce1a56: receive RaftClientReply:client-C954105195FD->270584e6-a4a8-4db5-8151-214655ce1a56@group-787F5BA3AA67, cid=1590, SUCCESS, logIndex=2287, commits[270584e6-a4a8-4db5-8151-214655ce1a56:c2290, af078b8b-61ec-497f-9506-472d46a72462:c2286, 09fb9ab4-1b8d-44c0-9f8c-50855c6f1fed:c2286]
2019-08-21 12:28:02,513 | INFO  | DNAudit | user=null | ip=null | op=WRITE_CHUNK {blockData=conID: 3 locID: 102654966660399607 bcsId: 0} | ret=SUCCESS |  
2019-08-21 12:28:02,513 | INFO  | DNAudit | user=null | ip=null | op=PUT_BLOCK {blockData=[blockId=conID: 3 locID: 102654966660399607 bcsId: 0,size=2097152]} | ret=SUCCESS |  
2019-08-21 12:28:02,513 [grpc-default-executor-2] INFO  client.GrpcClientProtocolClient (GrpcClientProtocolClient.java:onNext(255)) - client-C954105195FD->270584e6-a4a8-4db5-8151-214655ce1a56: receive RaftClientReply:client-C954105195FD->270584e6-a4a8-4db5-8151-214655ce1a56@group-787F5BA3AA67, cid=1591, SUCCESS, logIndex=2288, commits[270584e6-a4a8-4db5-8151-214655ce1a56:c2290, af078b8b-61ec-497f-9506-472d46a72462:c2286, 09fb9ab4-1b8d-44c0-9f8c-50855c6f1fed:c2286]
2019-08-21 12:28:02,513 | INFO  | DNAudit | user=null | ip=null | op=PUT_BLOCK {blockData=[blockId=conID: 3 locID: 102654966660399607 bcsId: 0,size=1048576]} | ret=SUCCESS |  
2019-08-21 12:28:02,514 [grpc-default-executor-2] INFO  client.GrpcClientProtocolClient (GrpcClientProtocolClient.java:onNext(255)) - client-C954105195FD->270584e6-a4a8-4db5-8151-214655ce1a56: receive RaftClientReply:client-C954105195FD->270584e6-a4a8-4db5-8151-214655ce1a56@group-787F5BA3AA67, cid=1592, SUCCESS, logIndex=2289, commits[270584e6-a4a8-4db5-8151-214655ce1a56:c2290, af078b8b-61ec-497f-9506-472d46a72462:c2286, 09fb9ab4-1b8d-44c0-9f8c-50855c6f1fed:c2286]
2019-08-21 12:28:02,514 [grpc-default-executor-2] INFO  client.GrpcClientProtocolClient (GrpcClientProtocolClient.java:onNext(255)) - client-C954105195FD->270584e6-a4a8-4db5-8151-214655ce1a56: receive RaftClientReply:client-C954105195FD->270584e6-a4a8-4db5-8151-214655ce1a56@group-787F5BA3AA67, cid=1593, SUCCESS, logIndex=2290, commits[270584e6-a4a8-4db5-8151-214655ce1a56:c2291, af078b8b-61ec-497f-9506-472d46a72462:c2286, 09fb9ab4-1b8d-44c0-9f8c-50855c6f1fed:c2288]
2019-08-21 12:28:02,514 | INFO  | DNAudit | user=null | ip=null | op=WRITE_CHUNK {blockData=conID: 3 locID: 102654966660399607 bcsId: 0} | ret=SUCCESS |  
2019-08-21 12:28:02,515 | INFO  | DNAudit | user=null | ip=null | op=PUT_BLOCK {blockData=[blockId=conID: 3 locID: 102654966660399607 bcsId: 0,size=2097152]} | ret=SUCCESS |  
2019-08-21 12:28:02,515 | INFO  | DNAudit | user=null | ip=null | op=WRITE_CHUNK {blockData=conID: 3 locID: 102654966660399607 bcsId: 0} | ret=SUCCESS |  
2019-08-21 12:28:02,515 | INFO  | DNAudit | user=null | ip=null | op=PUT_BLOCK {blockData=[blockId=conID: 3 locID: 102654966660399607 bcsId: 0,size=1048576]} | ret=SUCCESS |  
2019-08-21 12:28:02,515 | INFO  | DNAudit | user=null | ip=null | op=WRITE_CHUNK {blockData=conID: 3 locID: 102654966660399607 bcsId: 0} | ret=SUCCESS |  
2019-08-21 12:28:02,515 | INFO  | DNAudit | user=null | ip=null | op=PUT_BLOCK {blockData=[blockId=conID: 3 locID: 102654966660399607 bcsId: 0,size=2097152]} | ret=SUCCESS |  
2019-08-21 12:28:02,515 [grpc-default-executor-2] INFO  client.GrpcClientProtocolClient (GrpcClientProtocolClient.java:onNext(255)) - client-C954105195FD->270584e6-a4a8-4db5-8151-214655ce1a56: receive RaftClientReply:client-C954105195FD->270584e6-a4a8-4db5-8151-214655ce1a56@group-787F5BA3AA67, cid=1594, SUCCESS, logIndex=0, commits[270584e6-a4a8-4db5-8151-214655ce1a56:c2294, af078b8b-61ec-497f-9506-472d46a72462:c2288, 09fb9ab4-1b8d-44c0-9f8c-50855c6f1fed:c2290]
2019-08-21 12:28:02,522 | INFO  | DNAudit | user=null | ip=null | op=WRITE_CHUNK {blockData=conID: 3 locID: 102654966660399607 bcsId: 2290} | ret=SUCCESS |  
2019-08-21 12:28:02,524 | INFO  | DNAudit | user=null | ip=null | op=WRITE_CHUNK {blockData=conID: 3 locID: 102654966660399607 bcsId: 2290} | ret=SUCCESS |  
2019-08-21 12:28:02,524 | INFO  | DNAudit | user=null | ip=null | op=WRITE_CHUNK {blockData=conID: 3 locID: 102654966660399607 bcsId: 2290} | ret=SUCCESS |  
2019-08-21 12:28:02,534 | INFO  | DNAudit | user=null | ip=null | op=WRITE_CHUNK {blockData=conID: 3 locID: 102654966660399607 bcsId: 2290} | ret=SUCCESS |  
2019-08-21 12:28:02,534 | INFO  | DNAudit | user=null | ip=null | op=PUT_BLOCK {blockData=[blockId=conID: 3 locID: 102654966660399607 bcsId: 0,size=3145728]} | ret=SUCCESS |  
2019-08-21 12:28:02,534 [grpc-default-executor-5] INFO  client.GrpcClientProtocolClient (GrpcClientProtocolClient.java:onNext(255)) - client-C954105195FD->270584e6-a4a8-4db5-8151-214655ce1a56: receive RaftClientReply:client-C954105195FD->270584e6-a4a8-4db5-8151-214655ce1a56@group-787F5BA3AA67, cid=1595, SUCCESS, logIndex=2295, commits[270584e6-a4a8-4db5-8151-214655ce1a56:c2296, af078b8b-61ec-497f-9506-472d46a72462:c2294, 09fb9ab4-1b8d-44c0-9f8c-50855c6f1fed:c2294]
2019-08-21 12:28:02,535 [grpc-default-executor-5] INFO  client.GrpcClientProtocolClient (GrpcClientProtocolClient.java:onNext(255)) - client-C954105195FD->270584e6-a4a8-4db5-8151-214655ce1a56: receive RaftClientReply:client-C954105195FD->270584e6-a4a8-4db5-8151-214655ce1a56@group-787F5BA3AA67, cid=1596, SUCCESS, logIndex=2296, commits[270584e6-a4a8-4db5-8151-214655ce1a56:c2296, af078b8b-61ec-497f-9506-472d46a72462:c2294, 09fb9ab4-1b8d-44c0-9f8c-50855c6f1fed:c2294]
2019-08-21 12:28:02,541 | INFO  | DNAudit | user=null | ip=null | op=WRITE_CHUNK {blockData=conID: 3 locID: 102654966660399607 bcsId: 2296} | ret=SUCCESS |  
2019-08-21 12:28:02,543 | INFO  | DNAudit | user=null | ip=null | op=WRITE_CHUNK {blockData=conID: 3 locID: 102654966660399607 bcsId: 2296} | ret=SUCCESS |  
2019-08-21 12:28:02,544 | INFO  | DNAudit | user=null | ip=null | op=WRITE_CHUNK {blockData=conID: 3 locID: 102654966660399607 bcsId: 2296} | ret=SUCCESS |  
2019-08-21 12:28:02,545 | INFO  | DNAudit | user=null | ip=null | op=WRITE_CHUNK {blockData=conID: 3 locID: 102654966660399607 bcsId: 2290} | ret=SUCCESS |  
2019-08-21 12:28:02,545 | INFO  | DNAudit | user=null | ip=null | op=WRITE_CHUNK {blockData=conID: 3 locID: 102654966660399607 bcsId: 2290} | ret=SUCCESS |  
2019-08-21 12:28:02,546 | INFO  | DNAudit | user=null | ip=null | op=PUT_BLOCK {blockData=[blockId=conID: 3 locID: 102654966660399607 bcsId: 0,size=3145728]} | ret=SUCCESS |  
2019-08-21 12:28:02,546 | INFO  | DNAudit | user=null | ip=null | op=PUT_BLOCK {blockData=[blockId=conID: 3 locID: 102654966660399607 bcsId: 0,size=3145728]} | ret=SUCCESS |  
2019-08-21 12:28:02,547 | INFO  | DNAudit | user=null | ip=null | op=WRITE_CHUNK {blockData=conID: 3 locID: 102654966660399607 bcsId: 2296} | ret=SUCCESS |  
2019-08-21 12:28:02,548 | INFO  | DNAudit | user=null | ip=null | op=PUT_BLOCK {blockData=[blockId=conID: 3 locID: 102654966660399607 bcsId: 0,size=4194304]} | ret=SUCCESS |  
2019-08-21 12:28:02,548 [grpc-default-executor-2] INFO  client.GrpcClientProtocolClient (GrpcClientProtocolClient.java:onNext(255)) - client-C954105195FD->270584e6-a4a8-4db5-8151-214655ce1a56: receive RaftClientReply:client-C954105195FD->270584e6-a4a8-4db5-8151-214655ce1a56@group-787F5BA3AA67, cid=1597, SUCCESS, logIndex=2299, commits[270584e6-a4a8-4db5-8151-214655ce1a56:c2300, af078b8b-61ec-497f-9506-472d46a72462:c2296, 09fb9ab4-1b8d-44c0-9f8c-50855c6f1fed:c2296]
2019-08-21 12:28:02,548 [grpc-default-executor-2] INFO  client.GrpcClientProtocolClient (GrpcClientProtocolClient.java:onNext(255)) - client-C954105195FD->270584e6-a4a8-4db5-8151-214655ce1a56: receive RaftClientReply:client-C954105195FD->270584e6-a4a8-4db5-8151-214655ce1a56@group-787F5BA3AA67, cid=1598, SUCCESS, logIndex=2300, commits[270584e6-a4a8-4db5-8151-214655ce1a56:c2300, af078b8b-61ec-497f-9506-472d46a72462:c2296, 09fb9ab4-1b8d-44c0-9f8c-50855c6f1fed:c2296]
2019-08-21 12:28:02,559 | INFO  | DNAudit | user=null | ip=null | op=WRITE_CHUNK {blockData=conID: 3 locID: 102654966660399607 bcsId: 2296} | ret=SUCCESS |  
2019-08-21 12:28:02,559 | INFO  | DNAudit | user=null | ip=null | op=WRITE_CHUNK {blockData=conID: 3 locID: 102654966660399607 bcsId: 2296} | ret=SUCCESS |  
2019-08-21 12:28:02,562 | INFO  | DNAudit | user=null | ip=null | op=PUT_BLOCK {blockData=[blockId=conID: 3 locID: 102654966660399607 bcsId: 0,size=4194304]} | ret=SUCCESS |  
2019-08-21 12:28:02,562 | INFO  | DNAudit | user=null | ip=null | op=PUT_BLOCK {blockData=[blockId=conID: 3 locID: 102654966660399607 bcsId: 0,size=4194304]} | ret=SUCCESS |  
2019-08-21 12:28:02,563 [grpc-default-executor-2] INFO  client.GrpcClientProtocolClient (GrpcClientProtocolClient.java:onNext(255)) - client-C954105195FD->270584e6-a4a8-4db5-8151-214655ce1a56: receive RaftClientReply:client-C954105195FD->270584e6-a4a8-4db5-8151-214655ce1a56@group-787F5BA3AA67, cid=1599, SUCCESS, logIndex=0, commits[270584e6-a4a8-4db5-8151-214655ce1a56:c2302, af078b8b-61ec-497f-9506-472d46a72462:c2300, 09fb9ab4-1b8d-44c0-9f8c-50855c6f1fed:c2300]
2019-08-21 12:28:02,567 | INFO  | SCMAudit | user=jenkins1000 | ip=192.168.34.23 | op=ALLOCATE_BLOCK {owner=b79f83c9-5f7d-4caf-af30-78af34bc5eea, size=4194304, type=RATIS, factor=THREE} | ret=SUCCESS |  
2019-08-21 12:28:02,571 | INFO  | OMAudit | user=jenkins1000 | ip=127.0.0.1 | op=ALLOCATE_BLOCK {volume=vol-0-06517, bucket=bucket-0-64549, key=key-0-34512, dataSize=0, replicationType=null, replicationFactor=null, keyLocationInfo=null, clientID=102654965997830546} | ret=SUCCESS |  
2019-08-21 12:28:02,579 | INFO  | DNAudit | user=null | ip=null | op=WRITE_CHUNK {blockData=conID: 1 locID: 102654966665511416 bcsId: 0} | ret=SUCCESS |  
 0.00% |█                                                                                                    |  0/1 Time: 0:00:102019-08-21 12:28:02,696 | INFO  | DNAudit | user=null | ip=null | op=WRITE_CHUNK {blockData=conID: 1 locID: 102654966665511416 bcsId: 0} | ret=SUCCESS |  
2019-08-21 12:28:02,697 | INFO  | DNAudit | user=null | ip=null | op=WRITE_CHUNK {blockData=conID: 1 locID: 102654966665511416 bcsId: 0} | ret=SUCCESS |  
2019-08-21 12:28:02,698 | INFO  | DNAudit | user=null | ip=null | op=WRITE_CHUNK {blockData=conID: 1 locID: 102654966665511416 bcsId: 0} | ret=SUCCESS |  
2019-08-21 12:28:02,699 | INFO  | DNAudit | user=null | ip=null | op=WRITE_CHUNK {blockData=conID: 1 locID: 102654966665511416 bcsId: 0} | ret=SUCCESS |  
2019-08-21 12:28:02,700 | INFO  | DNAudit | user=null | ip=null | op=WRITE_CHUNK {blockData=conID: 1 locID: 102654966665511416 bcsId: 0} | ret=SUCCESS |  
2019-08-21 12:28:02,709 | INFO  | DNAudit | user=null | ip=null | op=WRITE_CHUNK {blockData=conID: 1 locID: 102654966665511416 bcsId: 0} | ret=SUCCESS |  
2019-08-21 12:28:02,709 | INFO  | DNAudit | user=null | ip=null | op=PUT_BLOCK {blockData=[blockId=conID: 1 locID: 102654966665511416 bcsId: 0,size=1048576]} | ret=SUCCESS |  
2019-08-21 12:28:02,710 [grpc-default-executor-2] INFO  client.GrpcClientProtocolClient (GrpcClientProtocolClient.java:onNext(255)) - client-C954105195FD->270584e6-a4a8-4db5-8151-214655ce1a56: receive RaftClientReply:client-C954105195FD->270584e6-a4a8-4db5-8151-214655ce1a56@group-787F5BA3AA67, cid=1600, SUCCESS, logIndex=2303, commits[270584e6-a4a8-4db5-8151-214655ce1a56:c2305, af078b8b-61ec-497f-9506-472d46a72462:c2302, 09fb9ab4-1b8d-44c0-9f8c-50855c6f1fed:c2302]
2019-08-21 12:28:02,710 | INFO  | DNAudit | user=null | ip=null | op=WRITE_CHUNK {blockData=conID: 1 locID: 102654966665511416 bcsId: 0} | ret=SUCCESS |  
2019-08-21 12:28:02,710 | INFO  | DNAudit | user=null | ip=null | op=PUT_BLOCK {blockData=[blockId=conID: 1 locID: 102654966665511416 bcsId: 0,size=2097152]} | ret=SUCCESS |  
2019-08-21 12:28:02,710 [grpc-default-executor-2] INFO  client.GrpcClientProtocolClient (GrpcClientProtocolClient.java:onNext(255)) - client-C954105195FD->270584e6-a4a8-4db5-8151-214655ce1a56: receive RaftClientReply:client-C954105195FD->270584e6-a4a8-4db5-8151-214655ce1a56@group-787F5BA3AA67, cid=1601, SUCCESS, logIndex=2304, commits[270584e6-a4a8-4db5-8151-214655ce1a56:c2306, af078b8b-61ec-497f-9506-472d46a72462:c2302, 09fb9ab4-1b8d-44c0-9f8c-50855c6f1fed:c2302]
2019-08-21 12:28:02,711 [grpc-default-executor-2] INFO  client.GrpcClientProtocolClient (GrpcClientProtocolClient.java:onNext(255)) - client-C954105195FD->270584e6-a4a8-4db5-8151-214655ce1a56: receive RaftClientReply:client-C954105195FD->270584e6-a4a8-4db5-8151-214655ce1a56@group-787F5BA3AA67, cid=1602, SUCCESS, logIndex=2305, commits[270584e6-a4a8-4db5-8151-214655ce1a56:c2306, af078b8b-61ec-497f-9506-472d46a72462:c2302, 09fb9ab4-1b8d-44c0-9f8c-50855c6f1fed:c2302]
2019-08-21 12:28:02,711 [grpc-default-executor-2] INFO  client.GrpcClientProtocolClient (GrpcClientProtocolClient.java:onNext(255)) - client-C954105195FD->270584e6-a4a8-4db5-8151-214655ce1a56: receive RaftClientReply:client-C954105195FD->270584e6-a4a8-4db5-8151-214655ce1a56@group-787F5BA3AA67, cid=1603, SUCCESS, logIndex=2306, commits[270584e6-a4a8-4db5-8151-214655ce1a56:c2306, af078b8b-61ec-497f-9506-472d46a72462:c2302, 09fb9ab4-1b8d-44c0-9f8c-50855c6f1fed:c2302]
2019-08-21 12:28:02,726 | INFO  | DNAudit | user=null | ip=null | op=WRITE_CHUNK {blockData=conID: 1 locID: 102654966665511416 bcsId: 0} | ret=SUCCESS |  
2019-08-21 12:28:02,726 | INFO  | DNAudit | user=null | ip=null | op=WRITE_CHUNK {blockData=conID: 1 locID: 102654966665511416 bcsId: 0} | ret=SUCCESS |  
2019-08-21 12:28:02,727 | INFO  | DNAudit | user=null | ip=null | op=PUT_BLOCK {blockData=[blockId=conID: 1 locID: 102654966665511416 bcsId: 0,size=1048576]} | ret=SUCCESS |  
2019-08-21 12:28:02,737 | INFO  | DNAudit | user=null | ip=null | op=PUT_BLOCK {blockData=[blockId=conID: 1 locID: 102654966665511416 bcsId: 0,size=1048576]} | ret=SUCCESS |  
2019-08-21 12:28:02,737 | INFO  | DNAudit | user=null | ip=null | op=WRITE_CHUNK {blockData=conID: 1 locID: 102654966665511416 bcsId: 0} | ret=SUCCESS |  
2019-08-21 12:28:02,738 | INFO  | DNAudit | user=null | ip=null | op=WRITE_CHUNK {blockData=conID: 1 locID: 102654966665511416 bcsId: 0} | ret=SUCCESS |  
2019-08-21 12:28:02,738 | INFO  | DNAudit | user=null | ip=null | op=PUT_BLOCK {blockData=[blockId=conID: 1 locID: 102654966665511416 bcsId: 0,size=2097152]} | ret=SUCCESS |  
2019-08-21 12:28:02,738 | INFO  | DNAudit | user=null | ip=null | op=PUT_BLOCK {blockData=[blockId=conID: 1 locID: 102654966665511416 bcsId: 0,size=2097152]} | ret=SUCCESS |  
2019-08-21 12:28:02,738 [grpc-default-executor-2] INFO  client.GrpcClientProtocolClient (GrpcClientProtocolClient.java:onNext(255)) - client-C954105195FD->270584e6-a4a8-4db5-8151-214655ce1a56: receive RaftClientReply:client-C954105195FD->270584e6-a4a8-4db5-8151-214655ce1a56@group-787F5BA3AA67, cid=1604, SUCCESS, logIndex=0, commits[270584e6-a4a8-4db5-8151-214655ce1a56:c2308, af078b8b-61ec-497f-9506-472d46a72462:c2304, 09fb9ab4-1b8d-44c0-9f8c-50855c6f1fed:c2304]
2019-08-21 12:28:02,747 | INFO  | DNAudit | user=null | ip=null | op=WRITE_CHUNK {blockData=conID: 1 locID: 102654966665511416 bcsId: 2306} | ret=SUCCESS |  
2019-08-21 12:28:02,750 | INFO  | DNAudit | user=null | ip=null | op=WRITE_CHUNK {blockData=conID: 1 locID: 102654966665511416 bcsId: 2306} | ret=SUCCESS |  
2019-08-21 12:28:02,750 | INFO  | DNAudit | user=null | ip=null | op=WRITE_CHUNK {blockData=conID: 1 locID: 102654966665511416 bcsId: 2306} | ret=SUCCESS |  
2019-08-21 12:28:02,752 | INFO  | DNAudit | user=null | ip=null | op=WRITE_CHUNK {blockData=conID: 1 locID: 102654966665511416 bcsId: 2306} | ret=SUCCESS |  
2019-08-21 12:28:02,753 | INFO  | DNAudit | user=null | ip=null | op=PUT_BLOCK {blockData=[blockId=conID: 1 locID: 102654966665511416 bcsId: 0,size=3145728]} | ret=SUCCESS |  
2019-08-21 12:28:02,753 [grpc-default-executor-2] INFO  client.GrpcClientProtocolClient (GrpcClientProtocolClient.java:onNext(255)) - client-C954105195FD->270584e6-a4a8-4db5-8151-214655ce1a56: receive RaftClientReply:client-C954105195FD->270584e6-a4a8-4db5-8151-214655ce1a56@group-787F5BA3AA67, cid=1605, SUCCESS, logIndex=2311, commits[270584e6-a4a8-4db5-8151-214655ce1a56:c2312, af078b8b-61ec-497f-9506-472d46a72462:c2310, 09fb9ab4-1b8d-44c0-9f8c-50855c6f1fed:c2310]
2019-08-21 12:28:02,753 [grpc-default-executor-2] INFO  client.GrpcClientProtocolClient (GrpcClientProtocolClient.java:onNext(255)) - client-C954105195FD->270584e6-a4a8-4db5-8151-214655ce1a56: receive RaftClientReply:client-C954105195FD->270584e6-a4a8-4db5-8151-214655ce1a56@group-787F5BA3AA67, cid=1606, SUCCESS, logIndex=2312, commits[270584e6-a4a8-4db5-8151-214655ce1a56:c2312, af078b8b-61ec-497f-9506-472d46a72462:c2310, 09fb9ab4-1b8d-44c0-9f8c-50855c6f1fed:c2310]
2019-08-21 12:28:02,761 | INFO  | DNAudit | user=null | ip=null | op=WRITE_CHUNK {blockData=conID: 1 locID: 102654966665511416 bcsId: 2312} | ret=SUCCESS |  
2019-08-21 12:28:02,764 | INFO  | DNAudit | user=null | ip=null | op=WRITE_CHUNK {blockData=conID: 1 locID: 102654966665511416 bcsId: 2306} | ret=SUCCESS |  
2019-08-21 12:28:02,764 | INFO  | DNAudit | user=null | ip=null | op=WRITE_CHUNK {blockData=conID: 1 locID: 102654966665511416 bcsId: 2306} | ret=SUCCESS |  
2019-08-21 12:28:02,764 | INFO  | DNAudit | user=null | ip=null | op=WRITE_CHUNK {blockData=conID: 1 locID: 102654966665511416 bcsId: 2312} | ret=SUCCESS |  
2019-08-21 12:28:02,764 | INFO  | DNAudit | user=null | ip=null | op=PUT_BLOCK {blockData=[blockId=conID: 1 locID: 102654966665511416 bcsId: 0,size=3145728]} | ret=SUCCESS |  
2019-08-21 12:28:02,764 | INFO  | DNAudit | user=null | ip=null | op=PUT_BLOCK {blockData=[blockId=conID: 1 locID: 102654966665511416 bcsId: 0,size=3145728]} | ret=SUCCESS |  
2019-08-21 12:28:02,764 | INFO  | DNAudit | user=null | ip=null | op=WRITE_CHUNK {blockData=conID: 1 locID: 102654966665511416 bcsId: 2312} | ret=SUCCESS |  
2019-08-21 12:28:02,776 | INFO  | DNAudit | user=null | ip=null | op=WRITE_CHUNK {blockData=conID: 1 locID: 102654966665511416 bcsId: 2312} | ret=SUCCESS |  
2019-08-21 12:28:02,776 | INFO  | DNAudit | user=null | ip=null | op=PUT_BLOCK {blockData=[blockId=conID: 1 locID: 102654966665511416 bcsId: 0,size=4194304]} | ret=SUCCESS |  
2019-08-21 12:28:02,777 [grpc-default-executor-5] INFO  client.GrpcClientProtocolClient (GrpcClientProtocolClient.java:onNext(255)) - client-C954105195FD->270584e6-a4a8-4db5-8151-214655ce1a56: receive RaftClientReply:client-C954105195FD->270584e6-a4a8-4db5-8151-214655ce1a56@group-787F5BA3AA67, cid=1607, SUCCESS, logIndex=2315, commits[270584e6-a4a8-4db5-8151-214655ce1a56:c2316, af078b8b-61ec-497f-9506-472d46a72462:c2312, 09fb9ab4-1b8d-44c0-9f8c-50855c6f1fed:c2312]
2019-08-21 12:28:02,777 [grpc-default-executor-5] INFO  client.GrpcClientProtocolClient (GrpcClientProtocolClient.java:onNext(255)) - client-C954105195FD->270584e6-a4a8-4db5-8151-214655ce1a56: receive RaftClientReply:client-C954105195FD->270584e6-a4a8-4db5-8151-214655ce1a56@group-787F5BA3AA67, cid=1608, SUCCESS, logIndex=2316, commits[270584e6-a4a8-4db5-8151-214655ce1a56:c2316, af078b8b-61ec-497f-9506-472d46a72462:c2312, 09fb9ab4-1b8d-44c0-9f8c-50855c6f1fed:c2312]
2019-08-21 12:28:02,788 | INFO  | DNAudit | user=null | ip=null | op=WRITE_CHUNK {blockData=conID: 1 locID: 102654966665511416 bcsId: 2312} | ret=SUCCESS |  
2019-08-21 12:28:02,788 | INFO  | DNAudit | user=null | ip=null | op=WRITE_CHUNK {blockData=conID: 1 locID: 102654966665511416 bcsId: 2312} | ret=SUCCESS |  
2019-08-21 12:28:02,790 | INFO  | DNAudit | user=null | ip=null | op=PUT_BLOCK {blockData=[blockId=conID: 1 locID: 102654966665511416 bcsId: 0,size=4194304]} | ret=SUCCESS |  
2019-08-21 12:28:02,790 | INFO  | DNAudit | user=null | ip=null | op=PUT_BLOCK {blockData=[blockId=conID: 1 locID: 102654966665511416 bcsId: 0,size=4194304]} | ret=SUCCESS |  
2019-08-21 12:28:02,791 [grpc-default-executor-5] INFO  client.GrpcClientProtocolClient (GrpcClientProtocolClient.java:onNext(255)) - client-C954105195FD->270584e6-a4a8-4db5-8151-214655ce1a56: receive RaftClientReply:client-C954105195FD->270584e6-a4a8-4db5-8151-214655ce1a56@group-787F5BA3AA67, cid=1609, SUCCESS, logIndex=0, commits[270584e6-a4a8-4db5-8151-214655ce1a56:c2318, af078b8b-61ec-497f-9506-472d46a72462:c2316, 09fb9ab4-1b8d-44c0-9f8c-50855c6f1fed:c2316]
2019-08-21 12:28:02,797 | INFO  | SCMAudit | user=jenkins1000 | ip=192.168.34.23 | op=ALLOCATE_BLOCK {owner=b79f83c9-5f7d-4caf-af30-78af34bc5eea, size=4194304, type=RATIS, factor=THREE} | ret=SUCCESS |  
2019-08-21 12:28:02,800 | INFO  | OMAudit | user=jenkins1000 | ip=127.0.0.1 | op=ALLOCATE_BLOCK {volume=vol-0-06517, bucket=bucket-0-64549, key=key-0-34512, dataSize=0, replicationType=null, replicationFactor=null, keyLocationInfo=null, clientID=102654965997830546} | ret=SUCCESS |  
2019-08-21 12:28:02,808 | INFO  | DNAudit | user=null | ip=null | op=WRITE_CHUNK {blockData=conID: 2 locID: 102654966680584697 bcsId: 0} | ret=SUCCESS |  
2019-08-21 12:28:02,812 | INFO  | DNAudit | user=null | ip=null | op=WRITE_CHUNK {blockData=conID: 2 locID: 102654966680584697 bcsId: 0} | ret=SUCCESS |  
2019-08-21 12:28:02,812 | INFO  | DNAudit | user=null | ip=null | op=WRITE_CHUNK {blockData=conID: 2 locID: 102654966680584697 bcsId: 0} | ret=SUCCESS |  
2019-08-21 12:28:02,813 | INFO  | DNAudit | user=null | ip=null | op=WRITE_CHUNK {blockData=conID: 2 locID: 102654966680584697 bcsId: 0} | ret=SUCCESS |  
2019-08-21 12:28:02,815 | INFO  | DNAudit | user=null | ip=null | op=WRITE_CHUNK {blockData=conID: 2 locID: 102654966680584697 bcsId: 0} | ret=SUCCESS |  
2019-08-21 12:28:02,816 | INFO  | DNAudit | user=null | ip=null | op=WRITE_CHUNK {blockData=conID: 2 locID: 102654966680584697 bcsId: 0} | ret=SUCCESS |  
2019-08-21 12:28:02,821 | INFO  | DNAudit | user=null | ip=null | op=WRITE_CHUNK {blockData=conID: 2 locID: 102654966680584697 bcsId: 0} | ret=SUCCESS |  
2019-08-21 12:28:02,822 | INFO  | DNAudit | user=null | ip=null | op=PUT_BLOCK {blockData=[blockId=conID: 2 locID: 102654966680584697 bcsId: 0,size=1048576]} | ret=SUCCESS |  
2019-08-21 12:28:02,822 [grpc-default-executor-5] INFO  client.GrpcClientProtocolClient (GrpcClientProtocolClient.java:onNext(255)) - client-C954105195FD->270584e6-a4a8-4db5-8151-214655ce1a56: receive RaftClientReply:client-C954105195FD->270584e6-a4a8-4db5-8151-214655ce1a56@group-787F5BA3AA67, cid=1610, SUCCESS, logIndex=2319, commits[270584e6-a4a8-4db5-8151-214655ce1a56:c2320, af078b8b-61ec-497f-9506-472d46a72462:c2318, 09fb9ab4-1b8d-44c0-9f8c-50855c6f1fed:c2318]
2019-08-21 12:28:02,822 | INFO  | DNAudit | user=null | ip=null | op=WRITE_CHUNK {blockData=conID: 2 locID: 102654966680584697 bcsId: 0} | ret=SUCCESS |  
2019-08-21 12:28:02,823 | INFO  | DNAudit | user=null | ip=null | op=PUT_BLOCK {blockData=[blockId=conID: 2 locID: 102654966680584697 bcsId: 0,size=2097152]} | ret=SUCCESS |  
2019-08-21 12:28:02,823 [grpc-default-executor-5] INFO  client.GrpcClientProtocolClient (GrpcClientProtocolClient.java:onNext(255)) - client-C954105195FD->270584e6-a4a8-4db5-8151-214655ce1a56: receive RaftClientReply:client-C954105195FD->270584e6-a4a8-4db5-8151-214655ce1a56@group-787F5BA3AA67, cid=1611, SUCCESS, logIndex=2320, commits[270584e6-a4a8-4db5-8151-214655ce1a56:c2322, af078b8b-61ec-497f-9506-472d46a72462:c2318, 09fb9ab4-1b8d-44c0-9f8c-50855c6f1fed:c2318]
2019-08-21 12:28:02,823 [grpc-default-executor-5] INFO  client.GrpcClientProtocolClient (GrpcClientProtocolClient.java:onNext(255)) - client-C954105195FD->270584e6-a4a8-4db5-8151-214655ce1a56: receive RaftClientReply:client-C954105195FD->270584e6-a4a8-4db5-8151-214655ce1a56@group-787F5BA3AA67, cid=1612, SUCCESS, logIndex=2321, commits[270584e6-a4a8-4db5-8151-214655ce1a56:c2322, af078b8b-61ec-497f-9506-472d46a72462:c2318, 09fb9ab4-1b8d-44c0-9f8c-50855c6f1fed:c2318]
2019-08-21 12:28:02,824 [grpc-default-executor-5] INFO  client.GrpcClientProtocolClient (GrpcClientProtocolClient.java:onNext(255)) - client-C954105195FD->270584e6-a4a8-4db5-8151-214655ce1a56: receive RaftClientReply:client-C954105195FD->270584e6-a4a8-4db5-8151-214655ce1a56@group-787F5BA3AA67, cid=1613, SUCCESS, logIndex=2322, commits[270584e6-a4a8-4db5-8151-214655ce1a56:c2322, af078b8b-61ec-497f-9506-472d46a72462:c2318, 09fb9ab4-1b8d-44c0-9f8c-50855c6f1fed:c2318]
2019-08-21 12:28:02,834 | INFO  | DNAudit | user=null | ip=null | op=WRITE_CHUNK {blockData=conID: 2 locID: 102654966680584697 bcsId: 0} | ret=SUCCESS |  
2019-08-21 12:28:02,834 | INFO  | DNAudit | user=null | ip=null | op=PUT_BLOCK {blockData=[blockId=conID: 2 locID: 102654966680584697 bcsId: 0,size=1048576]} | ret=SUCCESS |  
2019-08-21 12:28:02,834 | INFO  | DNAudit | user=null | ip=null | op=WRITE_CHUNK {blockData=conID: 2 locID: 102654966680584697 bcsId: 0} | ret=SUCCESS |  
2019-08-21 12:28:02,835 | INFO  | DNAudit | user=null | ip=null | op=PUT_BLOCK {blockData=[blockId=conID: 2 locID: 102654966680584697 bcsId: 0,size=1048576]} | ret=SUCCESS |  
2019-08-21 12:28:02,835 | INFO  | DNAudit | user=null | ip=null | op=WRITE_CHUNK {blockData=conID: 2 locID: 102654966680584697 bcsId: 0} | ret=SUCCESS |  
2019-08-21 12:28:02,835 | INFO  | DNAudit | user=null | ip=null | op=WRITE_CHUNK {blockData=conID: 2 locID: 102654966680584697 bcsId: 0} | ret=SUCCESS |  
2019-08-21 12:28:02,835 | INFO  | DNAudit | user=null | ip=null | op=PUT_BLOCK {blockData=[blockId=conID: 2 locID: 102654966680584697 bcsId: 0,size=2097152]} | ret=SUCCESS |  
2019-08-21 12:28:02,835 [grpc-default-executor-5] INFO  client.GrpcClientProtocolClient (GrpcClientProtocolClient.java:onNext(255)) - client-C954105195FD->270584e6-a4a8-4db5-8151-214655ce1a56: receive RaftClientReply:client-C954105195FD->270584e6-a4a8-4db5-8151-214655ce1a56@group-787F5BA3AA67, cid=1614, SUCCESS, logIndex=0, commits[270584e6-a4a8-4db5-8151-214655ce1a56:c2324, af078b8b-61ec-497f-9506-472d46a72462:c2320, 09fb9ab4-1b8d-44c0-9f8c-50855c6f1fed:c2320]
2019-08-21 12:28:02,836 | INFO  | DNAudit | user=null | ip=null | op=PUT_BLOCK {blockData=[blockId=conID: 2 locID: 102654966680584697 bcsId: 0,size=2097152]} | ret=SUCCESS |  
2019-08-21 12:28:02,842 | INFO  | DNAudit | user=null | ip=null | op=WRITE_CHUNK {blockData=conID: 2 locID: 102654966680584697 bcsId: 2322} | ret=SUCCESS |  
2019-08-21 12:28:02,846 | INFO  | DNAudit | user=null | ip=null | op=WRITE_CHUNK {blockData=conID: 2 locID: 102654966680584697 bcsId: 2322} | ret=SUCCESS |  
2019-08-21 12:28:02,846 | INFO  | DNAudit | user=null | ip=null | op=WRITE_CHUNK {blockData=conID: 2 locID: 102654966680584697 bcsId: 2322} | ret=SUCCESS |  
2019-08-21 12:28:02,854 | INFO  | DNAudit | user=null | ip=null | op=WRITE_CHUNK {blockData=conID: 2 locID: 102654966680584697 bcsId: 2322} | ret=SUCCESS |  
2019-08-21 12:28:02,855 | INFO  | DNAudit | user=null | ip=null | op=PUT_BLOCK {blockData=[blockId=conID: 2 locID: 102654966680584697 bcsId: 0,size=3145728]} | ret=SUCCESS |  
2019-08-21 12:28:02,855 [grpc-default-executor-5] INFO  client.GrpcClientProtocolClient (GrpcClientProtocolClient.java:onNext(255)) - client-C954105195FD->270584e6-a4a8-4db5-8151-214655ce1a56: receive RaftClientReply:client-C954105195FD->270584e6-a4a8-4db5-8151-214655ce1a56@group-787F5BA3AA67, cid=1615, SUCCESS, logIndex=2327, commits[270584e6-a4a8-4db5-8151-214655ce1a56:c2328, af078b8b-61ec-497f-9506-472d46a72462:c2326, 09fb9ab4-1b8d-44c0-9f8c-50855c6f1fed:c2326]
2019-08-21 12:28:02,856 [grpc-default-executor-5] INFO  client.GrpcClientProtocolClient (GrpcClientProtocolClient.java:onNext(255)) - client-C954105195FD->270584e6-a4a8-4db5-8151-214655ce1a56: receive RaftClientReply:client-C954105195FD->270584e6-a4a8-4db5-8151-214655ce1a56@group-787F5BA3AA67, cid=1616, SUCCESS, logIndex=2328, commits[270584e6-a4a8-4db5-8151-214655ce1a56:c2328, af078b8b-61ec-497f-9506-472d46a72462:c2326, 09fb9ab4-1b8d-44c0-9f8c-50855c6f1fed:c2326]
2019-08-21 12:28:02,863 | INFO  | DNAudit | user=null | ip=null | op=WRITE_CHUNK {blockData=conID: 2 locID: 102654966680584697 bcsId: 2328} | ret=SUCCESS |  
2019-08-21 12:28:02,865 | INFO  | DNAudit | user=null | ip=null | op=WRITE_CHUNK {blockData=conID: 2 locID: 102654966680584697 bcsId: 2328} | ret=SUCCESS |  
2019-08-21 12:28:02,865 | INFO  | DNAudit | user=null | ip=null | op=WRITE_CHUNK {blockData=conID: 2 locID: 102654966680584697 bcsId: 2328} | ret=SUCCESS |  
2019-08-21 12:28:02,866 | INFO  | DNAudit | user=null | ip=null | op=WRITE_CHUNK {blockData=conID: 2 locID: 102654966680584697 bcsId: 2322} | ret=SUCCESS |  
2019-08-21 12:28:02,866 | INFO  | DNAudit | user=null | ip=null | op=WRITE_CHUNK {blockData=conID: 2 locID: 102654966680584697 bcsId: 2322} | ret=SUCCESS |  
2019-08-21 12:28:02,867 | INFO  | DNAudit | user=null | ip=null | op=PUT_BLOCK {blockData=[blockId=conID: 2 locID: 102654966680584697 bcsId: 0,size=3145728]} | ret=SUCCESS |  
2019-08-21 12:28:02,867 | INFO  | DNAudit | user=null | ip=null | op=PUT_BLOCK {blockData=[blockId=conID: 2 locID: 102654966680584697 bcsId: 0,size=3145728]} | ret=SUCCESS |  
2019-08-21 12:28:02,868 | INFO  | DNAudit | user=null | ip=null | op=WRITE_CHUNK {blockData=conID: 2 locID: 102654966680584697 bcsId: 2328} | ret=SUCCESS |  
2019-08-21 12:28:02,868 | INFO  | DNAudit | user=null | ip=null | op=PUT_BLOCK {blockData=[blockId=conID: 2 locID: 102654966680584697 bcsId: 0,size=4194304]} | ret=SUCCESS |  
2019-08-21 12:28:02,869 [grpc-default-executor-5] INFO  client.GrpcClientProtocolClient (GrpcClientProtocolClient.java:onNext(255)) - client-C954105195FD->270584e6-a4a8-4db5-8151-214655ce1a56: receive RaftClientReply:client-C954105195FD->270584e6-a4a8-4db5-8151-214655ce1a56@group-787F5BA3AA67, cid=1617, SUCCESS, logIndex=2331, commits[270584e6-a4a8-4db5-8151-214655ce1a56:c2332, af078b8b-61ec-497f-9506-472d46a72462:c2328, 09fb9ab4-1b8d-44c0-9f8c-50855c6f1fed:c2328]
2019-08-21 12:28:02,869 [grpc-default-executor-5] INFO  client.GrpcClientProtocolClient (GrpcClientProtocolClient.java:onNext(255)) - client-C954105195FD->270584e6-a4a8-4db5-8151-214655ce1a56: receive RaftClientReply:client-C954105195FD->270584e6-a4a8-4db5-8151-214655ce1a56@group-787F5BA3AA67, cid=1618, SUCCESS, logIndex=2332, commits[270584e6-a4a8-4db5-8151-214655ce1a56:c2332, af078b8b-61ec-497f-9506-472d46a72462:c2328, 09fb9ab4-1b8d-44c0-9f8c-50855c6f1fed:c2328]
2019-08-21 12:28:02,869 | INFO  | DNAudit | user=null | ip=null | op=WRITE_CHUNK {blockData=conID: 2 locID: 102654966680584697 bcsId: 2328} | ret=SUCCESS |  
2019-08-21 12:28:02,871 | INFO  | DNAudit | user=null | ip=null | op=WRITE_CHUNK {blockData=conID: 2 locID: 102654966680584697 bcsId: 2328} | ret=SUCCESS |  
2019-08-21 12:28:02,882 | INFO  | DNAudit | user=null | ip=null | op=PUT_BLOCK {blockData=[blockId=conID: 2 locID: 102654966680584697 bcsId: 0,size=4194304]} | ret=SUCCESS |  
2019-08-21 12:28:02,883 | INFO  | DNAudit | user=null | ip=null | op=PUT_BLOCK {blockData=[blockId=conID: 2 locID: 102654966680584697 bcsId: 0,size=4194304]} | ret=SUCCESS |  
2019-08-21 12:28:02,883 [grpc-default-executor-5] INFO  client.GrpcClientProtocolClient (GrpcClientProtocolClient.java:onNext(255)) - client-C954105195FD->270584e6-a4a8-4db5-8151-214655ce1a56: receive RaftClientReply:client-C954105195FD->270584e6-a4a8-4db5-8151-214655ce1a56@group-787F5BA3AA67, cid=1619, SUCCESS, logIndex=0, commits[270584e6-a4a8-4db5-8151-214655ce1a56:c2334, af078b8b-61ec-497f-9506-472d46a72462:c2332, 09fb9ab4-1b8d-44c0-9f8c-50855c6f1fed:c2332]
2019-08-21 12:28:02,888 | INFO  | SCMAudit | user=jenkins1000 | ip=192.168.34.23 | op=ALLOCATE_BLOCK {owner=b79f83c9-5f7d-4caf-af30-78af34bc5eea, size=4194304, type=RATIS, factor=THREE} | ret=SUCCESS |  
2019-08-21 12:28:02,891 | INFO  | OMAudit | user=jenkins1000 | ip=127.0.0.1 | op=ALLOCATE_BLOCK {volume=vol-0-06517, bucket=bucket-0-64549, key=key-0-34512, dataSize=0, replicationType=null, replicationFactor=null, keyLocationInfo=null, clientID=102654965997830546} | ret=SUCCESS |  
2019-08-21 12:28:02,898 | INFO  | DNAudit | user=null | ip=null | op=WRITE_CHUNK {blockData=conID: 3 locID: 102654966686548474 bcsId: 0} | ret=SUCCESS |  
2019-08-21 12:28:02,901 | INFO  | DNAudit | user=null | ip=null | op=WRITE_CHUNK {blockData=conID: 3 locID: 102654966686548474 bcsId: 0} | ret=SUCCESS |  
2019-08-21 12:28:02,902 | INFO  | DNAudit | user=null | ip=null | op=WRITE_CHUNK {blockData=conID: 3 locID: 102654966686548474 bcsId: 0} | ret=SUCCESS |  
2019-08-21 12:28:02,902 | INFO  | DNAudit | user=null | ip=null | op=WRITE_CHUNK {blockData=conID: 3 locID: 102654966686548474 bcsId: 0} | ret=SUCCESS |  
2019-08-21 12:28:02,904 | INFO  | DNAudit | user=null | ip=null | op=WRITE_CHUNK {blockData=conID: 3 locID: 102654966686548474 bcsId: 0} | ret=SUCCESS |  
2019-08-21 12:28:02,904 | INFO  | DNAudit | user=null | ip=null | op=WRITE_CHUNK {blockData=conID: 3 locID: 102654966686548474 bcsId: 0} | ret=SUCCESS |  
2019-08-21 12:28:02,913 | INFO  | DNAudit | user=null | ip=null | op=WRITE_CHUNK {blockData=conID: 3 locID: 102654966686548474 bcsId: 0} | ret=SUCCESS |  
2019-08-21 12:28:02,913 | INFO  | DNAudit | user=null | ip=null | op=PUT_BLOCK {blockData=[blockId=conID: 3 locID: 102654966686548474 bcsId: 0,size=1048576]} | ret=SUCCESS |  
2019-08-21 12:28:02,914 [grpc-default-executor-4] INFO  client.GrpcClientProtocolClient (GrpcClientProtocolClient.java:onNext(255)) - client-C954105195FD->270584e6-a4a8-4db5-8151-214655ce1a56: receive RaftClientReply:client-C954105195FD->270584e6-a4a8-4db5-8151-214655ce1a56@group-787F5BA3AA67, cid=1620, SUCCESS, logIndex=2335, commits[270584e6-a4a8-4db5-8151-214655ce1a56:c2336, af078b8b-61ec-497f-9506-472d46a72462:c2334, 09fb9ab4-1b8d-44c0-9f8c-50855c6f1fed:c2334]
2019-08-21 12:28:02,914 [grpc-default-executor-4] INFO  client.GrpcClientProtocolClient (GrpcClientProtocolClient.java:onNext(255)) - client-C954105195FD->270584e6-a4a8-4db5-8151-214655ce1a56: receive RaftClientReply:client-C954105195FD->270584e6-a4a8-4db5-8151-214655ce1a56@group-787F5BA3AA67, cid=1621, SUCCESS, logIndex=2336, commits[270584e6-a4a8-4db5-8151-214655ce1a56:c2336, af078b8b-61ec-497f-9506-472d46a72462:c2334, 09fb9ab4-1b8d-44c0-9f8c-50855c6f1fed:c2334]
2019-08-21 12:28:02,925 | INFO  | DNAudit | user=null | ip=null | op=WRITE_CHUNK {blockData=conID: 3 locID: 102654966686548474 bcsId: 0} | ret=SUCCESS |  
2019-08-21 12:28:02,925 | INFO  | DNAudit | user=null | ip=null | op=PUT_BLOCK {blockData=[blockId=conID: 3 locID: 102654966686548474 bcsId: 0,size=2097152]} | ret=SUCCESS |  
2019-08-21 12:28:02,925 [grpc-default-executor-1] INFO  client.GrpcClientProtocolClient (GrpcClientProtocolClient.java:onNext(255)) - client-C954105195FD->270584e6-a4a8-4db5-8151-214655ce1a56: receive RaftClientReply:client-C954105195FD->270584e6-a4a8-4db5-8151-214655ce1a56@group-787F5BA3AA67, cid=1622, SUCCESS, logIndex=2337, commits[270584e6-a4a8-4db5-8151-214655ce1a56:c2338, af078b8b-61ec-497f-9506-472d46a72462:c2334, 09fb9ab4-1b8d-44c0-9f8c-50855c6f1fed:c2334]
2019-08-21 12:28:02,925 | INFO  | DNAudit | user=null | ip=null | op=WRITE_CHUNK {blockData=conID: 3 locID: 102654966686548474 bcsId: 0} | ret=SUCCESS |  
2019-08-21 12:28:02,926 [grpc-default-executor-5] INFO  client.GrpcClientProtocolClient (GrpcClientProtocolClient.java:onNext(255)) - client-C954105195FD->270584e6-a4a8-4db5-8151-214655ce1a56: receive RaftClientReply:client-C954105195FD->270584e6-a4a8-4db5-8151-214655ce1a56@group-787F5BA3AA67, cid=1623, SUCCESS, logIndex=2338, commits[270584e6-a4a8-4db5-8151-214655ce1a56:c2338, af078b8b-61ec-497f-9506-472d46a72462:c2334, 09fb9ab4-1b8d-44c0-9f8c-50855c6f1fed:c2334]
2019-08-21 12:28:02,926 | INFO  | DNAudit | user=null | ip=null | op=PUT_BLOCK {blockData=[blockId=conID: 3 locID: 102654966686548474 bcsId: 0,size=1048576]} | ret=SUCCESS |  
2019-08-21 12:28:02,927 | INFO  | DNAudit | user=null | ip=null | op=WRITE_CHUNK {blockData=conID: 3 locID: 102654966686548474 bcsId: 0} | ret=SUCCESS |  
2019-08-21 12:28:02,927 | INFO  | DNAudit | user=null | ip=null | op=PUT_BLOCK {blockData=[blockId=conID: 3 locID: 102654966686548474 bcsId: 0,size=1048576]} | ret=SUCCESS |  
2019-08-21 12:28:02,927 [grpc-default-executor-5] INFO  client.GrpcClientProtocolClient (GrpcClientProtocolClient.java:onNext(255)) - client-C954105195FD->270584e6-a4a8-4db5-8151-214655ce1a56: receive RaftClientReply:client-C954105195FD->270584e6-a4a8-4db5-8151-214655ce1a56@group-787F5BA3AA67, cid=1624, SUCCESS, logIndex=0, commits[270584e6-a4a8-4db5-8151-214655ce1a56:c2340, af078b8b-61ec-497f-9506-472d46a72462:c2336, 09fb9ab4-1b8d-44c0-9f8c-50855c6f1fed:c2336]
2019-08-21 12:28:02,928 | INFO  | DNAudit | user=null | ip=null | op=WRITE_CHUNK {blockData=conID: 3 locID: 102654966686548474 bcsId: 0} | ret=SUCCESS |  
2019-08-21 12:28:02,929 | INFO  | DNAudit | user=null | ip=null | op=PUT_BLOCK {blockData=[blockId=conID: 3 locID: 102654966686548474 bcsId: 0,size=2097152]} | ret=SUCCESS |  
2019-08-21 12:28:02,929 | INFO  | DNAudit | user=null | ip=null | op=WRITE_CHUNK {blockData=conID: 3 locID: 102654966686548474 bcsId: 0} | ret=SUCCESS |  
2019-08-21 12:28:02,929 | INFO  | DNAudit | user=null | ip=null | op=PUT_BLOCK {blockData=[blockId=conID: 3 locID: 102654966686548474 bcsId: 0,size=2097152]} | ret=SUCCESS |  
2019-08-21 12:28:02,934 | INFO  | DNAudit | user=null | ip=null | op=WRITE_CHUNK {blockData=conID: 3 locID: 102654966686548474 bcsId: 2338} | ret=SUCCESS |  
2019-08-21 12:28:02,936 | INFO  | DNAudit | user=null | ip=null | op=WRITE_CHUNK {blockData=conID: 3 locID: 102654966686548474 bcsId: 2338} | ret=SUCCESS |  
2019-08-21 12:28:02,937 | INFO  | DNAudit | user=null | ip=null | op=WRITE_CHUNK {blockData=conID: 3 locID: 102654966686548474 bcsId: 2338} | ret=SUCCESS |  
2019-08-21 12:28:02,939 | INFO  | DNAudit | user=null | ip=null | op=WRITE_CHUNK {blockData=conID: 3 locID: 102654966686548474 bcsId: 2338} | ret=SUCCESS |  
2019-08-21 12:28:02,940 | INFO  | DNAudit | user=null | ip=null | op=PUT_BLOCK {blockData=[blockId=conID: 3 locID: 102654966686548474 bcsId: 0,size=3145728]} | ret=SUCCESS |  
2019-08-21 12:28:02,940 [grpc-default-executor-2] INFO  client.GrpcClientProtocolClient (GrpcClientProtocolClient.java:onNext(255)) - client-C954105195FD->270584e6-a4a8-4db5-8151-214655ce1a56: receive RaftClientReply:client-C954105195FD->270584e6-a4a8-4db5-8151-214655ce1a56@group-787F5BA3AA67, cid=1625, SUCCESS, logIndex=2343, commits[270584e6-a4a8-4db5-8151-214655ce1a56:c2343, af078b8b-61ec-497f-9506-472d46a72462:c2342, 09fb9ab4-1b8d-44c0-9f8c-50855c6f1fed:c2342]
2019-08-21 12:28:02,941 [grpc-default-executor-2] INFO  client.GrpcClientProtocolClient (GrpcClientProtocolClient.java:onNext(255)) - client-C954105195FD->270584e6-a4a8-4db5-8151-214655ce1a56: receive RaftClientReply:client-C954105195FD->270584e6-a4a8-4db5-8151-214655ce1a56@group-787F5BA3AA67, cid=1626, SUCCESS, logIndex=2344, commits[270584e6-a4a8-4db5-8151-214655ce1a56:c2344, af078b8b-61ec-497f-9506-472d46a72462:c2342, 09fb9ab4-1b8d-44c0-9f8c-50855c6f1fed:c2342]
2019-08-21 12:28:02,941 | INFO  | DNAudit | user=null | ip=null | op=WRITE_CHUNK {blockData=conID: 3 locID: 102654966686548474 bcsId: 2338} | ret=SUCCESS |  
2019-08-21 12:28:02,941 | INFO  | DNAudit | user=null | ip=null | op=WRITE_CHUNK {blockData=conID: 3 locID: 102654966686548474 bcsId: 2338} | ret=SUCCESS |  
2019-08-21 12:28:02,944 | INFO  | DNAudit | user=null | ip=null | op=PUT_BLOCK {blockData=[blockId=conID: 3 locID: 102654966686548474 bcsId: 0,size=3145728]} | ret=SUCCESS |  
2019-08-21 12:28:02,944 | INFO  | DNAudit | user=null | ip=null | op=PUT_BLOCK {blockData=[blockId=conID: 3 locID: 102654966686548474 bcsId: 0,size=3145728]} | ret=SUCCESS |  
2019-08-21 12:28:02,948 | INFO  | DNAudit | user=null | ip=null | op=WRITE_CHUNK {blockData=conID: 3 locID: 102654966686548474 bcsId: 2344} | ret=SUCCESS |  
2019-08-21 12:28:02,950 | INFO  | DNAudit | user=null | ip=null | op=WRITE_CHUNK {blockData=conID: 3 locID: 102654966686548474 bcsId: 2344} | ret=SUCCESS |  
2019-08-21 12:28:02,950 | INFO  | DNAudit | user=null | ip=null | op=WRITE_CHUNK {blockData=conID: 3 locID: 102654966686548474 bcsId: 2344} | ret=SUCCESS |  
2019-08-21 12:28:02,952 | INFO  | DNAudit | user=null | ip=null | op=WRITE_CHUNK {blockData=conID: 3 locID: 102654966686548474 bcsId: 2344} | ret=SUCCESS |  
2019-08-21 12:28:02,953 | INFO  | DNAudit | user=null | ip=null | op=PUT_BLOCK {blockData=[blockId=conID: 3 locID: 102654966686548474 bcsId: 0,size=4194304]} | ret=SUCCESS |  
2019-08-21 12:28:02,953 [grpc-default-executor-2] INFO  client.GrpcClientProtocolClient (GrpcClientProtocolClient.java:onNext(255)) - client-C954105195FD->270584e6-a4a8-4db5-8151-214655ce1a56: receive RaftClientReply:client-C954105195FD->270584e6-a4a8-4db5-8151-214655ce1a56@group-787F5BA3AA67, cid=1627, SUCCESS, logIndex=2347, commits[270584e6-a4a8-4db5-8151-214655ce1a56:c2348, af078b8b-61ec-497f-9506-472d46a72462:c2346, 09fb9ab4-1b8d-44c0-9f8c-50855c6f1fed:c2344]
2019-08-21 12:28:02,954 [grpc-default-executor-2] INFO  client.GrpcClientProtocolClient (GrpcClientProtocolClient.java:onNext(255)) - client-C954105195FD->270584e6-a4a8-4db5-8151-214655ce1a56: receive RaftClientReply:client-C954105195FD->270584e6-a4a8-4db5-8151-214655ce1a56@group-787F5BA3AA67, cid=1628, SUCCESS, logIndex=2348, commits[270584e6-a4a8-4db5-8151-214655ce1a56:c2348, af078b8b-61ec-497f-9506-472d46a72462:c2346, 09fb9ab4-1b8d-44c0-9f8c-50855c6f1fed:c2346]
2019-08-21 12:28:02,956 | INFO  | DNAudit | user=null | ip=null | op=WRITE_CHUNK {blockData=conID: 3 locID: 102654966686548474 bcsId: 2344} | ret=SUCCESS |  
2019-08-21 12:28:02,956 | INFO  | DNAudit | user=null | ip=null | op=WRITE_CHUNK {blockData=conID: 3 locID: 102654966686548474 bcsId: 2344} | ret=SUCCESS |  
2019-08-21 12:28:02,956 | INFO  | DNAudit | user=null | ip=null | op=PUT_BLOCK {blockData=[blockId=conID: 3 locID: 102654966686548474 bcsId: 0,size=4194304]} | ret=SUCCESS |  
2019-08-21 12:28:02,957 | INFO  | DNAudit | user=null | ip=null | op=PUT_BLOCK {blockData=[blockId=conID: 3 locID: 102654966686548474 bcsId: 0,size=4194304]} | ret=SUCCESS |  
2019-08-21 12:28:02,958 [grpc-default-executor-4] INFO  client.GrpcClientProtocolClient (GrpcClientProtocolClient.java:onNext(255)) - client-C954105195FD->270584e6-a4a8-4db5-8151-214655ce1a56: receive RaftClientReply:client-C954105195FD->270584e6-a4a8-4db5-8151-214655ce1a56@group-787F5BA3AA67, cid=1629, SUCCESS, logIndex=0, commits[270584e6-a4a8-4db5-8151-214655ce1a56:c2349, af078b8b-61ec-497f-9506-472d46a72462:c2348, 09fb9ab4-1b8d-44c0-9f8c-50855c6f1fed:c2348]
2019-08-21 12:28:02,962 | INFO  | SCMAudit | user=jenkins1000 | ip=192.168.34.23 | op=ALLOCATE_BLOCK {owner=b79f83c9-5f7d-4caf-af30-78af34bc5eea, size=4194304, type=RATIS, factor=THREE} | ret=SUCCESS |  
2019-08-21 12:28:02,965 | INFO  | OMAudit | user=jenkins1000 | ip=127.0.0.1 | op=ALLOCATE_BLOCK {volume=vol-0-06517, bucket=bucket-0-64549, key=key-0-34512, dataSize=0, replicationType=null, replicationFactor=null, keyLocationInfo=null, clientID=102654965997830546} | ret=SUCCESS |  
2019-08-21 12:28:02,971 | INFO  | DNAudit | user=null | ip=null | op=WRITE_CHUNK {blockData=conID: 1 locID: 102654966691398139 bcsId: 0} | ret=SUCCESS |  
2019-08-21 12:28:02,975 | INFO  | DNAudit | user=null | ip=null | op=WRITE_CHUNK {blockData=conID: 1 locID: 102654966691398139 bcsId: 0} | ret=SUCCESS |  
2019-08-21 12:28:02,975 | INFO  | DNAudit | user=null | ip=null | op=WRITE_CHUNK {blockData=conID: 1 locID: 102654966691398139 bcsId: 0} | ret=SUCCESS |  
2019-08-21 12:28:02,976 | INFO  | DNAudit | user=null | ip=null | op=WRITE_CHUNK {blockData=conID: 1 locID: 102654966691398139 bcsId: 0} | ret=SUCCESS |  
2019-08-21 12:28:02,978 | INFO  | DNAudit | user=null | ip=null | op=WRITE_CHUNK {blockData=conID: 1 locID: 102654966691398139 bcsId: 0} | ret=SUCCESS |  
2019-08-21 12:28:02,978 | INFO  | DNAudit | user=null | ip=null | op=WRITE_CHUNK {blockData=conID: 1 locID: 102654966691398139 bcsId: 0} | ret=SUCCESS |  
2019-08-21 12:28:02,979 | INFO  | DNAudit | user=null | ip=null | op=WRITE_CHUNK {blockData=conID: 1 locID: 102654966691398139 bcsId: 0} | ret=SUCCESS |  
2019-08-21 12:28:02,979 | INFO  | DNAudit | user=null | ip=null | op=PUT_BLOCK {blockData=[blockId=conID: 1 locID: 102654966691398139 bcsId: 0,size=1048576]} | ret=SUCCESS |  
2019-08-21 12:28:02,980 [grpc-default-executor-1] INFO  client.GrpcClientProtocolClient (GrpcClientProtocolClient.java:onNext(255)) - client-C954105195FD->270584e6-a4a8-4db5-8151-214655ce1a56: receive RaftClientReply:client-C954105195FD->270584e6-a4a8-4db5-8151-214655ce1a56@group-787F5BA3AA67, cid=1630, SUCCESS, logIndex=2351, commits[270584e6-a4a8-4db5-8151-214655ce1a56:c2352, af078b8b-61ec-497f-9506-472d46a72462:c2348, 09fb9ab4-1b8d-44c0-9f8c-50855c6f1fed:c2350]
2019-08-21 12:28:02,980 [grpc-default-executor-1] INFO  client.GrpcClientProtocolClient (GrpcClientProtocolClient.java:onNext(255)) - client-C954105195FD->270584e6-a4a8-4db5-8151-214655ce1a56: receive RaftClientReply:client-C954105195FD->270584e6-a4a8-4db5-8151-214655ce1a56@group-787F5BA3AA67, cid=1631, SUCCESS, logIndex=2352, commits[270584e6-a4a8-4db5-8151-214655ce1a56:c2352, af078b8b-61ec-497f-9506-472d46a72462:c2348, 09fb9ab4-1b8d-44c0-9f8c-50855c6f1fed:c2350]
2019-08-21 12:28:02,990 | INFO  | DNAudit | user=null | ip=null | op=WRITE_CHUNK {blockData=conID: 1 locID: 102654966691398139 bcsId: 0} | ret=SUCCESS |  
2019-08-21 12:28:02,990 | INFO  | DNAudit | user=null | ip=null | op=WRITE_CHUNK {blockData=conID: 1 locID: 102654966691398139 bcsId: 0} | ret=SUCCESS |  
2019-08-21 12:28:02,990 | INFO  | DNAudit | user=null | ip=null | op=PUT_BLOCK {blockData=[blockId=conID: 1 locID: 102654966691398139 bcsId: 0,size=2097152]} | ret=SUCCESS |  
2019-08-21 12:28:02,991 | INFO  | DNAudit | user=null | ip=null | op=PUT_BLOCK {blockData=[blockId=conID: 1 locID: 102654966691398139 bcsId: 0,size=1048576]} | ret=SUCCESS |  
2019-08-21 12:28:02,991 [grpc-default-executor-2] INFO  client.GrpcClientProtocolClient (GrpcClientProtocolClient.java:onNext(255)) - client-C954105195FD->270584e6-a4a8-4db5-8151-214655ce1a56: receive RaftClientReply:client-C954105195FD->270584e6-a4a8-4db5-8151-214655ce1a56@group-787F5BA3AA67, cid=1632, SUCCESS, logIndex=2353, commits[270584e6-a4a8-4db5-8151-214655ce1a56:c2354, af078b8b-61ec-497f-9506-472d46a72462:c2350, 09fb9ab4-1b8d-44c0-9f8c-50855c6f1fed:c2350]
2019-08-21 12:28:02,991 [grpc-default-executor-2] INFO  client.GrpcClientProtocolClient (GrpcClientProtocolClient.java:onNext(255)) - client-C954105195FD->270584e6-a4a8-4db5-8151-214655ce1a56: receive RaftClientReply:client-C954105195FD->270584e6-a4a8-4db5-8151-214655ce1a56@group-787F5BA3AA67, cid=1633, SUCCESS, logIndex=2354, commits[270584e6-a4a8-4db5-8151-214655ce1a56:c2354, af078b8b-61ec-497f-9506-472d46a72462:c2352, 09fb9ab4-1b8d-44c0-9f8c-50855c6f1fed:c2350]
2019-08-21 12:28:02,991 | INFO  | DNAudit | user=null | ip=null | op=WRITE_CHUNK {blockData=conID: 1 locID: 102654966691398139 bcsId: 0} | ret=SUCCESS |  
2019-08-21 12:28:02,992 | INFO  | DNAudit | user=null | ip=null | op=PUT_BLOCK {blockData=[blockId=conID: 1 locID: 102654966691398139 bcsId: 0,size=1048576]} | ret=SUCCESS |  
2019-08-21 12:28:02,992 [grpc-default-executor-2] INFO  client.GrpcClientProtocolClient (GrpcClientProtocolClient.java:onNext(255)) - client-C954105195FD->270584e6-a4a8-4db5-8151-214655ce1a56: receive RaftClientReply:client-C954105195FD->270584e6-a4a8-4db5-8151-214655ce1a56@group-787F5BA3AA67, cid=1634, SUCCESS, logIndex=0, commits[270584e6-a4a8-4db5-8151-214655ce1a56:c2356, af078b8b-61ec-497f-9506-472d46a72462:c2352, 09fb9ab4-1b8d-44c0-9f8c-50855c6f1fed:c2352]
2019-08-21 12:28:02,998 | INFO  | DNAudit | user=null | ip=null | op=WRITE_CHUNK {blockData=conID: 1 locID: 102654966691398139 bcsId: 2354} | ret=SUCCESS |  
2019-08-21 12:28:03,000 | INFO  | DNAudit | user=null | ip=null | op=WRITE_CHUNK {blockData=conID: 1 locID: 102654966691398139 bcsId: 2354} | ret=SUCCESS |  
2019-08-21 12:28:03,000 | INFO  | DNAudit | user=null | ip=null | op=WRITE_CHUNK {blockData=conID: 1 locID: 102654966691398139 bcsId: 2354} | ret=SUCCESS |  
2019-08-21 12:28:03,002 | INFO  | DNAudit | user=null | ip=null | op=WRITE_CHUNK {blockData=conID: 1 locID: 102654966691398139 bcsId: 0} | ret=SUCCESS |  
2019-08-21 12:28:03,002 | INFO  | DNAudit | user=null | ip=null | op=PUT_BLOCK {blockData=[blockId=conID: 1 locID: 102654966691398139 bcsId: 0,size=2097152]} | ret=SUCCESS |  
2019-08-21 12:28:03,002 | INFO  | DNAudit | user=null | ip=null | op=WRITE_CHUNK {blockData=conID: 1 locID: 102654966691398139 bcsId: 0} | ret=SUCCESS |  
2019-08-21 12:28:03,003 | INFO  | DNAudit | user=null | ip=null | op=PUT_BLOCK {blockData=[blockId=conID: 1 locID: 102654966691398139 bcsId: 0,size=2097152]} | ret=SUCCESS |  
2019-08-21 12:28:03,004 | INFO  | DNAudit | user=null | ip=null | op=WRITE_CHUNK {blockData=conID: 1 locID: 102654966691398139 bcsId: 2354} | ret=SUCCESS |  
2019-08-21 12:28:03,005 | INFO  | DNAudit | user=null | ip=null | op=PUT_BLOCK {blockData=[blockId=conID: 1 locID: 102654966691398139 bcsId: 0,size=3145728]} | ret=SUCCESS |  
2019-08-21 12:28:03,005 [grpc-default-executor-2] INFO  client.GrpcClientProtocolClient (GrpcClientProtocolClient.java:onNext(255)) - client-C954105195FD->270584e6-a4a8-4db5-8151-214655ce1a56: receive RaftClientReply:client-C954105195FD->270584e6-a4a8-4db5-8151-214655ce1a56@group-787F5BA3AA67, cid=1635, SUCCESS, logIndex=2359, commits[270584e6-a4a8-4db5-8151-214655ce1a56:c2360, af078b8b-61ec-497f-9506-472d46a72462:c2356, 09fb9ab4-1b8d-44c0-9f8c-50855c6f1fed:c2356]
2019-08-21 12:28:03,005 [grpc-default-executor-2] INFO  client.GrpcClientProtocolClient (GrpcClientProtocolClient.java:onNext(255)) - client-C954105195FD->270584e6-a4a8-4db5-8151-214655ce1a56: receive RaftClientReply:client-C954105195FD->270584e6-a4a8-4db5-8151-214655ce1a56@group-787F5BA3AA67, cid=1636, SUCCESS, logIndex=2360, commits[270584e6-a4a8-4db5-8151-214655ce1a56:c2360, af078b8b-61ec-497f-9506-472d46a72462:c2356, 09fb9ab4-1b8d-44c0-9f8c-50855c6f1fed:c2356]
2019-08-21 12:28:03,011 | INFO  | DNAudit | user=null | ip=null | op=WRITE_CHUNK {blockData=conID: 1 locID: 102654966691398139 bcsId: 2360} | ret=SUCCESS |  
2019-08-21 12:28:03,013 | INFO  | DNAudit | user=null | ip=null | op=WRITE_CHUNK {blockData=conID: 1 locID: 102654966691398139 bcsId: 2360} | ret=SUCCESS |  
2019-08-21 12:28:03,014 | INFO  | DNAudit | user=null | ip=null | op=WRITE_CHUNK {blockData=conID: 1 locID: 102654966691398139 bcsId: 2360} | ret=SUCCESS |  
2019-08-21 12:28:03,016 | INFO  | DNAudit | user=null | ip=null | op=WRITE_CHUNK {blockData=conID: 1 locID: 102654966691398139 bcsId: 2354} | ret=SUCCESS |  
2019-08-21 12:28:03,016 | INFO  | DNAudit | user=null | ip=null | op=WRITE_CHUNK {blockData=conID: 1 locID: 102654966691398139 bcsId: 2354} | ret=SUCCESS |  
2019-08-21 12:28:03,016 | INFO  | DNAudit | user=null | ip=null | op=PUT_BLOCK {blockData=[blockId=conID: 1 locID: 102654966691398139 bcsId: 0,size=3145728]} | ret=SUCCESS |  
2019-08-21 12:28:03,016 | INFO  | DNAudit | user=null | ip=null | op=PUT_BLOCK {blockData=[blockId=conID: 1 locID: 102654966691398139 bcsId: 0,size=3145728]} | ret=SUCCESS |  
2019-08-21 12:28:03,018 | INFO  | DNAudit | user=null | ip=null | op=WRITE_CHUNK {blockData=conID: 1 locID: 102654966691398139 bcsId: 2360} | ret=SUCCESS |  
2019-08-21 12:28:03,018 | INFO  | DNAudit | user=null | ip=null | op=PUT_BLOCK {blockData=[blockId=conID: 1 locID: 102654966691398139 bcsId: 0,size=4194304]} | ret=SUCCESS |  
2019-08-21 12:28:03,018 [grpc-default-executor-1] INFO  client.GrpcClientProtocolClient (GrpcClientProtocolClient.java:onNext(255)) - client-C954105195FD->270584e6-a4a8-4db5-8151-214655ce1a56: receive RaftClientReply:client-C954105195FD->270584e6-a4a8-4db5-8151-214655ce1a56@group-787F5BA3AA67, cid=1637, SUCCESS, logIndex=2362, commits[270584e6-a4a8-4db5-8151-214655ce1a56:c2363, af078b8b-61ec-497f-9506-472d46a72462:c2360, 09fb9ab4-1b8d-44c0-9f8c-50855c6f1fed:c2360]
2019-08-21 12:28:03,018 [grpc-default-executor-1] INFO  client.GrpcClientProtocolClient (GrpcClientProtocolClient.java:onNext(255)) - client-C954105195FD->270584e6-a4a8-4db5-8151-214655ce1a56: receive RaftClientReply:client-C954105195FD->270584e6-a4a8-4db5-8151-214655ce1a56@group-787F5BA3AA67, cid=1638, SUCCESS, logIndex=2363, commits[270584e6-a4a8-4db5-8151-214655ce1a56:c2363, af078b8b-61ec-497f-9506-472d46a72462:c2360, 09fb9ab4-1b8d-44c0-9f8c-50855c6f1fed:c2360]
2019-08-21 12:28:03,037 | INFO  | DNAudit | user=null | ip=null | op=WRITE_CHUNK {blockData=conID: 1 locID: 102654966691398139 bcsId: 2360} | ret=SUCCESS |  
2019-08-21 12:28:03,037 | INFO  | DNAudit | user=null | ip=null | op=WRITE_CHUNK {blockData=conID: 1 locID: 102654966691398139 bcsId: 2360} | ret=SUCCESS |  
2019-08-21 12:28:03,038 | INFO  | DNAudit | user=null | ip=null | op=PUT_BLOCK {blockData=[blockId=conID: 1 locID: 102654966691398139 bcsId: 0,size=4194304]} | ret=SUCCESS |  
2019-08-21 12:28:03,039 | INFO  | DNAudit | user=null | ip=null | op=PUT_BLOCK {blockData=[blockId=conID: 1 locID: 102654966691398139 bcsId: 0,size=4194304]} | ret=SUCCESS |  
2019-08-21 12:28:03,040 [grpc-default-executor-1] INFO  client.GrpcClientProtocolClient (GrpcClientProtocolClient.java:onNext(255)) - client-C954105195FD->270584e6-a4a8-4db5-8151-214655ce1a56: receive RaftClientReply:client-C954105195FD->270584e6-a4a8-4db5-8151-214655ce1a56@group-787F5BA3AA67, cid=1639, SUCCESS, logIndex=0, commits[270584e6-a4a8-4db5-8151-214655ce1a56:c2365, af078b8b-61ec-497f-9506-472d46a72462:c2363, 09fb9ab4-1b8d-44c0-9f8c-50855c6f1fed:c2363]
2019-08-21 12:28:03,045 | INFO  | SCMAudit | user=jenkins1000 | ip=192.168.34.23 | op=ALLOCATE_BLOCK {owner=b79f83c9-5f7d-4caf-af30-78af34bc5eea, size=4194304, type=RATIS, factor=THREE} | ret=SUCCESS |  
2019-08-21 12:28:03,049 | INFO  | OMAudit | user=jenkins1000 | ip=127.0.0.1 | op=ALLOCATE_BLOCK {volume=vol-0-06517, bucket=bucket-0-64549, key=key-0-34512, dataSize=0, replicationType=null, replicationFactor=null, keyLocationInfo=null, clientID=102654965997830546} | ret=SUCCESS |  
2019-08-21 12:28:03,057 | INFO  | DNAudit | user=null | ip=null | op=WRITE_CHUNK {blockData=conID: 2 locID: 102654966696837628 bcsId: 0} | ret=SUCCESS |  
2019-08-21 12:28:03,060 | INFO  | DNAudit | user=null | ip=null | op=WRITE_CHUNK {blockData=conID: 2 locID: 102654966696837628 bcsId: 0} | ret=SUCCESS |  
2019-08-21 12:28:03,060 | INFO  | DNAudit | user=null | ip=null | op=WRITE_CHUNK {blockData=conID: 2 locID: 102654966696837628 bcsId: 0} | ret=SUCCESS |  
2019-08-21 12:28:03,061 | INFO  | DNAudit | user=null | ip=null | op=WRITE_CHUNK {blockData=conID: 2 locID: 102654966696837628 bcsId: 0} | ret=SUCCESS |  
2019-08-21 12:28:03,063 | INFO  | DNAudit | user=null | ip=null | op=WRITE_CHUNK {blockData=conID: 2 locID: 102654966696837628 bcsId: 0} | ret=SUCCESS |  
2019-08-21 12:28:03,064 | INFO  | DNAudit | user=null | ip=null | op=WRITE_CHUNK {blockData=conID: 2 locID: 102654966696837628 bcsId: 0} | ret=SUCCESS |  
2019-08-21 12:28:03,074 | INFO  | DNAudit | user=null | ip=null | op=WRITE_CHUNK {blockData=conID: 2 locID: 102654966696837628 bcsId: 0} | ret=SUCCESS |  
2019-08-21 12:28:03,074 | INFO  | DNAudit | user=null | ip=null | op=PUT_BLOCK {blockData=[blockId=conID: 2 locID: 102654966696837628 bcsId: 0,size=1048576]} | ret=SUCCESS |  
2019-08-21 12:28:03,074 [grpc-default-executor-1] INFO  client.GrpcClientProtocolClient (GrpcClientProtocolClient.java:onNext(255)) - client-C954105195FD->270584e6-a4a8-4db5-8151-214655ce1a56: receive RaftClientReply:client-C954105195FD->270584e6-a4a8-4db5-8151-214655ce1a56@group-787F5BA3AA67, cid=1640, SUCCESS, logIndex=2366, commits[270584e6-a4a8-4db5-8151-214655ce1a56:c2367, af078b8b-61ec-497f-9506-472d46a72462:c2365, 09fb9ab4-1b8d-44c0-9f8c-50855c6f1fed:c2365]
2019-08-21 12:28:03,075 [grpc-default-executor-1] INFO  client.GrpcClientProtocolClient (GrpcClientProtocolClient.java:onNext(255)) - client-C954105195FD->270584e6-a4a8-4db5-8151-214655ce1a56: receive RaftClientReply:client-C954105195FD->270584e6-a4a8-4db5-8151-214655ce1a56@group-787F5BA3AA67, cid=1641, SUCCESS, logIndex=2367, commits[270584e6-a4a8-4db5-8151-214655ce1a56:c2367, af078b8b-61ec-497f-9506-472d46a72462:c2365, 09fb9ab4-1b8d-44c0-9f8c-50855c6f1fed:c2365]
2019-08-21 12:28:03,080 | INFO  | SCMAudit | user=jenkins1000 | ip=192.168.34.23 | op=SEND_HEARTBEAT {datanodeUUID=0aa4def6-fe9f-4182-b0b1-80406548816f, command=[]} | ret=SUCCESS |  
2019-08-21 12:28:03,080 | INFO  | SCMAudit | user=jenkins1000 | ip=192.168.34.23 | op=SEND_HEARTBEAT {datanodeUUID=39ae8c09-9b4b-4ddc-906b-4e52d104e1b1, command=[]} | ret=SUCCESS |  
2019-08-21 12:28:03,086 | INFO  | DNAudit | user=null | ip=null | op=WRITE_CHUNK {blockData=conID: 2 locID: 102654966696837628 bcsId: 0} | ret=SUCCESS |  
2019-08-21 12:28:03,086 | INFO  | DNAudit | user=null | ip=null | op=WRITE_CHUNK {blockData=conID: 2 locID: 102654966696837628 bcsId: 0} | ret=SUCCESS |  
2019-08-21 12:28:03,086 | INFO  | DNAudit | user=null | ip=null | op=PUT_BLOCK {blockData=[blockId=conID: 2 locID: 102654966696837628 bcsId: 0,size=1048576]} | ret=SUCCESS |  
2019-08-21 12:28:03,086 | INFO  | DNAudit | user=null | ip=null | op=WRITE_CHUNK {blockData=conID: 2 locID: 102654966696837628 bcsId: 0} | ret=SUCCESS |  
2019-08-21 12:28:03,086 | INFO  | DNAudit | user=null | ip=null | op=PUT_BLOCK {blockData=[blockId=conID: 2 locID: 102654966696837628 bcsId: 0,size=2097152]} | ret=SUCCESS |  
2019-08-21 12:28:03,087 | INFO  | DNAudit | user=null | ip=null | op=PUT_BLOCK {blockData=[blockId=conID: 2 locID: 102654966696837628 bcsId: 0,size=1048576]} | ret=SUCCESS |  
2019-08-21 12:28:03,087 [grpc-default-executor-2] INFO  client.GrpcClientProtocolClient (GrpcClientProtocolClient.java:onNext(255)) - client-C954105195FD->270584e6-a4a8-4db5-8151-214655ce1a56: receive RaftClientReply:client-C954105195FD->270584e6-a4a8-4db5-8151-214655ce1a56@group-787F5BA3AA67, cid=1642, SUCCESS, logIndex=2368, commits[270584e6-a4a8-4db5-8151-214655ce1a56:c2369, af078b8b-61ec-497f-9506-472d46a72462:c2365, 09fb9ab4-1b8d-44c0-9f8c-50855c6f1fed:c2365]
2019-08-21 12:28:03,087 | INFO  | DNAudit | user=null | ip=null | op=WRITE_CHUNK {blockData=conID: 2 locID: 102654966696837628 bcsId: 0} | ret=SUCCESS |  
2019-08-21 12:28:03,088 | INFO  | DNAudit | user=null | ip=null | op=PUT_BLOCK {blockData=[blockId=conID: 2 locID: 102654966696837628 bcsId: 0,size=2097152]} | ret=SUCCESS |  
2019-08-21 12:28:03,088 [grpc-default-executor-2] INFO  client.GrpcClientProtocolClient (GrpcClientProtocolClient.java:onNext(255)) - client-C954105195FD->270584e6-a4a8-4db5-8151-214655ce1a56: receive RaftClientReply:client-C954105195FD->270584e6-a4a8-4db5-8151-214655ce1a56@group-787F5BA3AA67, cid=1643, SUCCESS, logIndex=2369, commits[270584e6-a4a8-4db5-8151-214655ce1a56:c2369, af078b8b-61ec-497f-9506-472d46a72462:c2365, 09fb9ab4-1b8d-44c0-9f8c-50855c6f1fed:c2365]
2019-08-21 12:28:03,088 | INFO  | DNAudit | user=null | ip=null | op=WRITE_CHUNK {blockData=conID: 2 locID: 102654966696837628 bcsId: 0} | ret=SUCCESS |  
2019-08-21 12:28:03,089 | INFO  | DNAudit | user=null | ip=null | op=PUT_BLOCK {blockData=[blockId=conID: 2 locID: 102654966696837628 bcsId: 0,size=2097152]} | ret=SUCCESS |  
2019-08-21 12:28:03,089 [grpc-default-executor-1] INFO  client.GrpcClientProtocolClient (GrpcClientProtocolClient.java:onNext(255)) - client-C954105195FD->270584e6-a4a8-4db5-8151-214655ce1a56: receive RaftClientReply:client-C954105195FD->270584e6-a4a8-4db5-8151-214655ce1a56@group-787F5BA3AA67, cid=1644, SUCCESS, logIndex=0, commits[270584e6-a4a8-4db5-8151-214655ce1a56:c2372, af078b8b-61ec-497f-9506-472d46a72462:c2369, 09fb9ab4-1b8d-44c0-9f8c-50855c6f1fed:c2367]
2019-08-21 12:28:03,098 | INFO  | DNAudit | user=null | ip=null | op=WRITE_CHUNK {blockData=conID: 2 locID: 102654966696837628 bcsId: 2369} | ret=SUCCESS |  
2019-08-21 12:28:03,101 | INFO  | DNAudit | user=null | ip=null | op=WRITE_CHUNK {blockData=conID: 2 locID: 102654966696837628 bcsId: 2369} | ret=SUCCESS |  
2019-08-21 12:28:03,101 | INFO  | DNAudit | user=null | ip=null | op=WRITE_CHUNK {blockData=conID: 2 locID: 102654966696837628 bcsId: 2369} | ret=SUCCESS |  
2019-08-21 12:28:03,113 | INFO  | DNAudit | user=null | ip=null | op=WRITE_CHUNK {blockData=conID: 2 locID: 102654966696837628 bcsId: 2369} | ret=SUCCESS |  
2019-08-21 12:28:03,113 | INFO  | DNAudit | user=null | ip=null | op=PUT_BLOCK {blockData=[blockId=conID: 2 locID: 102654966696837628 bcsId: 0,size=3145728]} | ret=SUCCESS |  
2019-08-21 12:28:03,114 [grpc-default-executor-4] INFO  client.GrpcClientProtocolClient (GrpcClientProtocolClient.java:onNext(255)) - client-C954105195FD->270584e6-a4a8-4db5-8151-214655ce1a56: receive RaftClientReply:client-C954105195FD->270584e6-a4a8-4db5-8151-214655ce1a56@group-787F5BA3AA67, cid=1645, SUCCESS, logIndex=2374, commits[270584e6-a4a8-4db5-8151-214655ce1a56:c2375, af078b8b-61ec-497f-9506-472d46a72462:c2373, 09fb9ab4-1b8d-44c0-9f8c-50855c6f1fed:c2373]
2019-08-21 12:28:03,114 [grpc-default-executor-4] INFO  client.GrpcClientProtocolClient (GrpcClientProtocolClient.java:onNext(255)) - client-C954105195FD->270584e6-a4a8-4db5-8151-214655ce1a56: receive RaftClientReply:client-C954105195FD->270584e6-a4a8-4db5-8151-214655ce1a56@group-787F5BA3AA67, cid=1646, SUCCESS, logIndex=2375, commits[270584e6-a4a8-4db5-8151-214655ce1a56:c2375, af078b8b-61ec-497f-9506-472d46a72462:c2373, 09fb9ab4-1b8d-44c0-9f8c-50855c6f1fed:c2373]
2019-08-21 12:28:03,122 | INFO  | DNAudit | user=null | ip=null | op=WRITE_CHUNK {blockData=conID: 2 locID: 102654966696837628 bcsId: 2375} | ret=SUCCESS |  
2019-08-21 12:28:03,124 | INFO  | DNAudit | user=null | ip=null | op=WRITE_CHUNK {blockData=conID: 2 locID: 102654966696837628 bcsId: 2369} | ret=SUCCESS |  
2019-08-21 12:28:03,125 | INFO  | DNAudit | user=null | ip=null | op=WRITE_CHUNK {blockData=conID: 2 locID: 102654966696837628 bcsId: 2369} | ret=SUCCESS |  
2019-08-21 12:28:03,125 | INFO  | DNAudit | user=null | ip=null | op=PUT_BLOCK {blockData=[blockId=conID: 2 locID: 102654966696837628 bcsId: 0,size=3145728]} | ret=SUCCESS |  
2019-08-21 12:28:03,126 | INFO  | DNAudit | user=null | ip=null | op=PUT_BLOCK {blockData=[blockId=conID: 2 locID: 102654966696837628 bcsId: 0,size=3145728]} | ret=SUCCESS |  
2019-08-21 12:28:03,126 | INFO  | DNAudit | user=null | ip=null | op=WRITE_CHUNK {blockData=conID: 2 locID: 102654966696837628 bcsId: 2375} | ret=SUCCESS |  
2019-08-21 12:28:03,127 | INFO  | DNAudit | user=null | ip=null | op=WRITE_CHUNK {blockData=conID: 2 locID: 102654966696837628 bcsId: 2375} | ret=SUCCESS |  
2019-08-21 12:28:03,138 | INFO  | DNAudit | user=null | ip=null | op=WRITE_CHUNK {blockData=conID: 2 locID: 102654966696837628 bcsId: 2375} | ret=SUCCESS |  
2019-08-21 12:28:03,139 | INFO  | DNAudit | user=null | ip=null | op=PUT_BLOCK {blockData=[blockId=conID: 2 locID: 102654966696837628 bcsId: 0,size=4194304]} | ret=SUCCESS |  
2019-08-21 12:28:03,140 [grpc-default-executor-1] INFO  client.GrpcClientProtocolClient (GrpcClientProtocolClient.java:onNext(255)) - client-C954105195FD->270584e6-a4a8-4db5-8151-214655ce1a56: receive RaftClientReply:client-C954105195FD->270584e6-a4a8-4db5-8151-214655ce1a56@group-787F5BA3AA67, cid=1647, SUCCESS, logIndex=2378, commits[270584e6-a4a8-4db5-8151-214655ce1a56:c2379, af078b8b-61ec-497f-9506-472d46a72462:c2375, 09fb9ab4-1b8d-44c0-9f8c-50855c6f1fed:c2375]
2019-08-21 12:28:03,140 [grpc-default-executor-1] INFO  client.GrpcClientProtocolClient (GrpcClientProtocolClient.java:onNext(255)) - client-C954105195FD->270584e6-a4a8-4db5-8151-214655ce1a56: receive RaftClientReply:client-C954105195FD->270584e6-a4a8-4db5-8151-214655ce1a56@group-787F5BA3AA67, cid=1648, SUCCESS, logIndex=2379, commits[270584e6-a4a8-4db5-8151-214655ce1a56:c2379, af078b8b-61ec-497f-9506-472d46a72462:c2375, 09fb9ab4-1b8d-44c0-9f8c-50855c6f1fed:c2375]
2019-08-21 12:28:03,150 | INFO  | DNAudit | user=null | ip=null | op=WRITE_CHUNK {blockData=conID: 2 locID: 102654966696837628 bcsId: 2375} | ret=SUCCESS |  
2019-08-21 12:28:03,150 | INFO  | DNAudit | user=null | ip=null | op=WRITE_CHUNK {blockData=conID: 2 locID: 102654966696837628 bcsId: 2375} | ret=SUCCESS |  
2019-08-21 12:28:03,150 | INFO  | DNAudit | user=null | ip=null | op=PUT_BLOCK {blockData=[blockId=conID: 2 locID: 102654966696837628 bcsId: 0,size=4194304]} | ret=SUCCESS |  
2019-08-21 12:28:03,150 | INFO  | DNAudit | user=null | ip=null | op=PUT_BLOCK {blockData=[blockId=conID: 2 locID: 102654966696837628 bcsId: 0,size=4194304]} | ret=SUCCESS |  
2019-08-21 12:28:03,151 [grpc-default-executor-1] INFO  client.GrpcClientProtocolClient (GrpcClientProtocolClient.java:onNext(255)) - client-C954105195FD->270584e6-a4a8-4db5-8151-214655ce1a56: receive RaftClientReply:client-C954105195FD->270584e6-a4a8-4db5-8151-214655ce1a56@group-787F5BA3AA67, cid=1649, SUCCESS, logIndex=0, commits[270584e6-a4a8-4db5-8151-214655ce1a56:c2380, af078b8b-61ec-497f-9506-472d46a72462:c2379, 09fb9ab4-1b8d-44c0-9f8c-50855c6f1fed:c2379]
2019-08-21 12:28:03,157 | INFO  | SCMAudit | user=jenkins1000 | ip=192.168.34.23 | op=ALLOCATE_BLOCK {owner=b79f83c9-5f7d-4caf-af30-78af34bc5eea, size=4194304, type=RATIS, factor=THREE} | ret=SUCCESS |  
2019-08-21 12:28:03,160 | INFO  | OMAudit | user=jenkins1000 | ip=127.0.0.1 | op=ALLOCATE_BLOCK {volume=vol-0-06517, bucket=bucket-0-64549, key=key-0-34512, dataSize=0, replicationType=null, replicationFactor=null, keyLocationInfo=null, clientID=102654965997830546} | ret=SUCCESS |  
2019-08-21 12:28:03,169 | INFO  | DNAudit | user=null | ip=null | op=WRITE_CHUNK {blockData=conID: 3 locID: 102654966704112125 bcsId: 0} | ret=SUCCESS |  
2019-08-21 12:28:03,172 | INFO  | DNAudit | user=null | ip=null | op=WRITE_CHUNK {blockData=conID: 3 locID: 102654966704112125 bcsId: 0} | ret=SUCCESS |  
2019-08-21 12:28:03,173 | INFO  | DNAudit | user=null | ip=null | op=WRITE_CHUNK {blockData=conID: 3 locID: 102654966704112125 bcsId: 0} | ret=SUCCESS |  
2019-08-21 12:28:03,173 | INFO  | DNAudit | user=null | ip=null | op=WRITE_CHUNK {blockData=conID: 3 locID: 102654966704112125 bcsId: 0} | ret=SUCCESS |  
2019-08-21 12:28:03,174 | INFO  | DNAudit | user=null | ip=null | op=WRITE_CHUNK {blockData=conID: 3 locID: 102654966704112125 bcsId: 0} | ret=SUCCESS |  
2019-08-21 12:28:03,175 | INFO  | DNAudit | user=null | ip=null | op=WRITE_CHUNK {blockData=conID: 3 locID: 102654966704112125 bcsId: 0} | ret=SUCCESS |  
2019-08-21 12:28:03,184 | INFO  | DNAudit | user=null | ip=null | op=WRITE_CHUNK {blockData=conID: 3 locID: 102654966704112125 bcsId: 0} | ret=SUCCESS |  
2019-08-21 12:28:03,184 | INFO  | DNAudit | user=null | ip=null | op=PUT_BLOCK {blockData=[blockId=conID: 3 locID: 102654966704112125 bcsId: 0,size=1048576]} | ret=SUCCESS |  
2019-08-21 12:28:03,184 [grpc-default-executor-4] INFO  client.GrpcClientProtocolClient (GrpcClientProtocolClient.java:onNext(255)) - client-C954105195FD->270584e6-a4a8-4db5-8151-214655ce1a56: receive RaftClientReply:client-C954105195FD->270584e6-a4a8-4db5-8151-214655ce1a56@group-787F5BA3AA67, cid=1650, SUCCESS, logIndex=2382, commits[270584e6-a4a8-4db5-8151-214655ce1a56:c2383, af078b8b-61ec-497f-9506-472d46a72462:c2381, 09fb9ab4-1b8d-44c0-9f8c-50855c6f1fed:c2381]
2019-08-21 12:28:03,185 [grpc-default-executor-4] INFO  client.GrpcClientProtocolClient (GrpcClientProtocolClient.java:onNext(255)) - client-C954105195FD->270584e6-a4a8-4db5-8151-214655ce1a56: receive RaftClientReply:client-C954105195FD->270584e6-a4a8-4db5-8151-214655ce1a56@group-787F5BA3AA67, cid=1651, SUCCESS, logIndex=2383, commits[270584e6-a4a8-4db5-8151-214655ce1a56:c2383, af078b8b-61ec-497f-9506-472d46a72462:c2381, 09fb9ab4-1b8d-44c0-9f8c-50855c6f1fed:c2381]
2019-08-21 12:28:03,194 | INFO  | DNAudit | user=null | ip=null | op=WRITE_CHUNK {blockData=conID: 3 locID: 102654966704112125 bcsId: 0} | ret=SUCCESS |  
2019-08-21 12:28:03,194 | INFO  | DNAudit | user=null | ip=null | op=PUT_BLOCK {blockData=[blockId=conID: 3 locID: 102654966704112125 bcsId: 0,size=2097152]} | ret=SUCCESS |  
2019-08-21 12:28:03,195 [grpc-default-executor-2] INFO  client.GrpcClientProtocolClient (GrpcClientProtocolClient.java:onNext(255)) - client-C954105195FD->270584e6-a4a8-4db5-8151-214655ce1a56: receive RaftClientReply:client-C954105195FD->270584e6-a4a8-4db5-8151-214655ce1a56@group-787F5BA3AA67, cid=1652, SUCCESS, logIndex=2384, commits[270584e6-a4a8-4db5-8151-214655ce1a56:c2385, af078b8b-61ec-497f-9506-472d46a72462:c2381, 09fb9ab4-1b8d-44c0-9f8c-50855c6f1fed:c2381]
2019-08-21 12:28:03,195 | INFO  | DNAudit | user=null | ip=null | op=WRITE_CHUNK {blockData=conID: 3 locID: 102654966704112125 bcsId: 0} | ret=SUCCESS |  
2019-08-21 12:28:03,195 | INFO  | DNAudit | user=null | ip=null | op=PUT_BLOCK {blockData=[blockId=conID: 3 locID: 102654966704112125 bcsId: 0,size=1048576]} | ret=SUCCESS |  
2019-08-21 12:28:03,195 [grpc-default-executor-2] INFO  client.GrpcClientProtocolClient (GrpcClientProtocolClient.java:onNext(255)) - client-C954105195FD->270584e6-a4a8-4db5-8151-214655ce1a56: receive RaftClientReply:client-C954105195FD->270584e6-a4a8-4db5-8151-214655ce1a56@group-787F5BA3AA67, cid=1653, SUCCESS, logIndex=2385, commits[270584e6-a4a8-4db5-8151-214655ce1a56:c2385, af078b8b-61ec-497f-9506-472d46a72462:c2381, 09fb9ab4-1b8d-44c0-9f8c-50855c6f1fed:c2381]
2019-08-21 12:28:03,196 | INFO  | DNAudit | user=null | ip=null | op=WRITE_CHUNK {blockData=conID: 3 locID: 102654966704112125 bcsId: 0} | ret=SUCCESS |  
2019-08-21 12:28:03,196 | INFO  | DNAudit | user=null | ip=null | op=PUT_BLOCK {blockData=[blockId=conID: 3 locID: 102654966704112125 bcsId: 0,size=2097152]} | ret=SUCCESS |  
2019-08-21 12:28:03,197 | INFO  | DNAudit | user=null | ip=null | op=WRITE_CHUNK {blockData=conID: 3 locID: 102654966704112125 bcsId: 0} | ret=SUCCESS |  
2019-08-21 12:28:03,197 | INFO  | DNAudit | user=null | ip=null | op=PUT_BLOCK {blockData=[blockId=conID: 3 locID: 102654966704112125 bcsId: 0,size=1048576]} | ret=SUCCESS |  
2019-08-21 12:28:03,197 [grpc-default-executor-2] INFO  client.GrpcClientProtocolClient (GrpcClientProtocolClient.java:onNext(255)) - client-C954105195FD->270584e6-a4a8-4db5-8151-214655ce1a56: receive RaftClientReply:client-C954105195FD->270584e6-a4a8-4db5-8151-214655ce1a56@group-787F5BA3AA67, cid=1654, SUCCESS, logIndex=0, commits[270584e6-a4a8-4db5-8151-214655ce1a56:c2388, af078b8b-61ec-497f-9506-472d46a72462:c2385, 09fb9ab4-1b8d-44c0-9f8c-50855c6f1fed:c2383]
2019-08-21 12:28:03,198 | INFO  | DNAudit | user=null | ip=null | op=WRITE_CHUNK {blockData=conID: 3 locID: 102654966704112125 bcsId: 0} | ret=SUCCESS |  
2019-08-21 12:28:03,198 | INFO  | DNAudit | user=null | ip=null | op=PUT_BLOCK {blockData=[blockId=conID: 3 locID: 102654966704112125 bcsId: 0,size=2097152]} | ret=SUCCESS |  
2019-08-21 12:28:03,203 | INFO  | DNAudit | user=null | ip=null | op=WRITE_CHUNK {blockData=conID: 3 locID: 102654966704112125 bcsId: 2385} | ret=SUCCESS |  
2019-08-21 12:28:03,207 | INFO  | DNAudit | user=null | ip=null | op=WRITE_CHUNK {blockData=conID: 3 locID: 102654966704112125 bcsId: 2385} | ret=SUCCESS |  
2019-08-21 12:28:03,210 | INFO  | DNAudit | user=null | ip=null | op=WRITE_CHUNK {blockData=conID: 3 locID: 102654966704112125 bcsId: 2385} | ret=SUCCESS |  
2019-08-21 12:28:03,217 | INFO  | DNAudit | user=null | ip=null | op=WRITE_CHUNK {blockData=conID: 3 locID: 102654966704112125 bcsId: 2385} | ret=SUCCESS |  
2019-08-21 12:28:03,217 | INFO  | DNAudit | user=null | ip=null | op=PUT_BLOCK {blockData=[blockId=conID: 3 locID: 102654966704112125 bcsId: 0,size=3145728]} | ret=SUCCESS |  
2019-08-21 12:28:03,218 [grpc-default-executor-2] INFO  client.GrpcClientProtocolClient (GrpcClientProtocolClient.java:onNext(255)) - client-C954105195FD->270584e6-a4a8-4db5-8151-214655ce1a56: receive RaftClientReply:client-C954105195FD->270584e6-a4a8-4db5-8151-214655ce1a56@group-787F5BA3AA67, cid=1655, SUCCESS, logIndex=2389, commits[270584e6-a4a8-4db5-8151-214655ce1a56:c2390, af078b8b-61ec-497f-9506-472d46a72462:c2388, 09fb9ab4-1b8d-44c0-9f8c-50855c6f1fed:c2388]
2019-08-21 12:28:03,218 [grpc-default-executor-2] INFO  client.GrpcClientProtocolClient (GrpcClientProtocolClient.java:onNext(255)) - client-C954105195FD->270584e6-a4a8-4db5-8151-214655ce1a56: receive RaftClientReply:client-C954105195FD->270584e6-a4a8-4db5-8151-214655ce1a56@group-787F5BA3AA67, cid=1656, SUCCESS, logIndex=2390, commits[270584e6-a4a8-4db5-8151-214655ce1a56:c2390, af078b8b-61ec-497f-9506-472d46a72462:c2388, 09fb9ab4-1b8d-44c0-9f8c-50855c6f1fed:c2388]
2019-08-21 12:28:03,226 | INFO  | DNAudit | user=null | ip=null | op=WRITE_CHUNK {blockData=conID: 3 locID: 102654966704112125 bcsId: 2390} | ret=SUCCESS |  
2019-08-21 12:28:03,229 | INFO  | DNAudit | user=null | ip=null | op=WRITE_CHUNK {blockData=conID: 3 locID: 102654966704112125 bcsId: 2390} | ret=SUCCESS |  
2019-08-21 12:28:03,230 | INFO  | DNAudit | user=null | ip=null | op=WRITE_CHUNK {blockData=conID: 3 locID: 102654966704112125 bcsId: 2390} | ret=SUCCESS |  
2019-08-21 12:28:03,237 | INFO  | DNAudit | user=null | ip=null | op=WRITE_CHUNK {blockData=conID: 3 locID: 102654966704112125 bcsId: 2385} | ret=SUCCESS |  
2019-08-21 12:28:03,238 | INFO  | DNAudit | user=null | ip=null | op=WRITE_CHUNK {blockData=conID: 3 locID: 102654966704112125 bcsId: 2385} | ret=SUCCESS |  
2019-08-21 12:28:03,238 | INFO  | DNAudit | user=null | ip=null | op=PUT_BLOCK {blockData=[blockId=conID: 3 locID: 102654966704112125 bcsId: 0,size=3145728]} | ret=SUCCESS |  
2019-08-21 12:28:03,238 | INFO  | DNAudit | user=null | ip=null | op=PUT_BLOCK {blockData=[blockId=conID: 3 locID: 102654966704112125 bcsId: 0,size=3145728]} | ret=SUCCESS |  
2019-08-21 12:28:03,240 | INFO  | DNAudit | user=null | ip=null | op=WRITE_CHUNK {blockData=conID: 3 locID: 102654966704112125 bcsId: 2390} | ret=SUCCESS |  
2019-08-21 12:28:03,240 | INFO  | DNAudit | user=null | ip=null | op=PUT_BLOCK {blockData=[blockId=conID: 3 locID: 102654966704112125 bcsId: 0,size=4194304]} | ret=SUCCESS |  
2019-08-21 12:28:03,241 [grpc-default-executor-4] INFO  client.GrpcClientProtocolClient (GrpcClientProtocolClient.java:onNext(255)) - client-C954105195FD->270584e6-a4a8-4db5-8151-214655ce1a56: receive RaftClientReply:client-C954105195FD->270584e6-a4a8-4db5-8151-214655ce1a56@group-787F5BA3AA67, cid=1657, SUCCESS, logIndex=2393, commits[270584e6-a4a8-4db5-8151-214655ce1a56:c2394, af078b8b-61ec-497f-9506-472d46a72462:c2390, 09fb9ab4-1b8d-44c0-9f8c-50855c6f1fed:c2390]
2019-08-21 12:28:03,241 [grpc-default-executor-4] INFO  client.GrpcClientProtocolClient (GrpcClientProtocolClient.java:onNext(255)) - client-C954105195FD->270584e6-a4a8-4db5-8151-214655ce1a56: receive RaftClientReply:client-C954105195FD->270584e6-a4a8-4db5-8151-214655ce1a56@group-787F5BA3AA67, cid=1658, SUCCESS, logIndex=2394, commits[270584e6-a4a8-4db5-8151-214655ce1a56:c2394, af078b8b-61ec-497f-9506-472d46a72462:c2390, 09fb9ab4-1b8d-44c0-9f8c-50855c6f1fed:c2390]
2019-08-21 12:28:03,254 | INFO  | DNAudit | user=null | ip=null | op=WRITE_CHUNK {blockData=conID: 3 locID: 102654966704112125 bcsId: 2390} | ret=SUCCESS |  
2019-08-21 12:28:03,254 | INFO  | DNAudit | user=null | ip=null | op=WRITE_CHUNK {blockData=conID: 3 locID: 102654966704112125 bcsId: 2390} | ret=SUCCESS |  
2019-08-21 12:28:03,255 | INFO  | DNAudit | user=null | ip=null | op=PUT_BLOCK {blockData=[blockId=conID: 3 locID: 102654966704112125 bcsId: 0,size=4194304]} | ret=SUCCESS |  
2019-08-21 12:28:03,256 | INFO  | DNAudit | user=null | ip=null | op=PUT_BLOCK {blockData=[blockId=conID: 3 locID: 102654966704112125 bcsId: 0,size=4194304]} | ret=SUCCESS |  
2019-08-21 12:28:03,257 [grpc-default-executor-4] INFO  client.GrpcClientProtocolClient (GrpcClientProtocolClient.java:onNext(255)) - client-C954105195FD->270584e6-a4a8-4db5-8151-214655ce1a56: receive RaftClientReply:client-C954105195FD->270584e6-a4a8-4db5-8151-214655ce1a56@group-787F5BA3AA67, cid=1659, SUCCESS, logIndex=0, commits[270584e6-a4a8-4db5-8151-214655ce1a56:c2396, af078b8b-61ec-497f-9506-472d46a72462:c2394, 09fb9ab4-1b8d-44c0-9f8c-50855c6f1fed:c2394]
2019-08-21 12:28:03,262 | INFO  | SCMAudit | user=jenkins1000 | ip=192.168.34.23 | op=ALLOCATE_BLOCK {owner=b79f83c9-5f7d-4caf-af30-78af34bc5eea, size=4194304, type=RATIS, factor=THREE} | ret=SUCCESS |  
2019-08-21 12:28:03,265 | INFO  | OMAudit | user=jenkins1000 | ip=127.0.0.1 | op=ALLOCATE_BLOCK {volume=vol-0-06517, bucket=bucket-0-64549, key=key-0-34512, dataSize=0, replicationType=null, replicationFactor=null, keyLocationInfo=null, clientID=102654965997830546} | ret=SUCCESS |  
2019-08-21 12:28:03,273 | INFO  | DNAudit | user=null | ip=null | op=WRITE_CHUNK {blockData=conID: 1 locID: 102654966711058942 bcsId: 0} | ret=SUCCESS |  
2019-08-21 12:28:03,276 | INFO  | DNAudit | user=null | ip=null | op=WRITE_CHUNK {blockData=conID: 1 locID: 102654966711058942 bcsId: 0} | ret=SUCCESS |  
2019-08-21 12:28:03,276 | INFO  | DNAudit | user=null | ip=null | op=WRITE_CHUNK {blockData=conID: 1 locID: 102654966711058942 bcsId: 0} | ret=SUCCESS |  
2019-08-21 12:28:03,277 | INFO  | DNAudit | user=null | ip=null | op=WRITE_CHUNK {blockData=conID: 1 locID: 102654966711058942 bcsId: 0} | ret=SUCCESS |  
2019-08-21 12:28:03,279 | INFO  | DNAudit | user=null | ip=null | op=WRITE_CHUNK {blockData=conID: 1 locID: 102654966711058942 bcsId: 0} | ret=SUCCESS |  
2019-08-21 12:28:03,280 | INFO  | DNAudit | user=null | ip=null | op=WRITE_CHUNK {blockData=conID: 1 locID: 102654966711058942 bcsId: 0} | ret=SUCCESS |  
2019-08-21 12:28:03,286 | INFO  | DNAudit | user=null | ip=null | op=WRITE_CHUNK {blockData=conID: 1 locID: 102654966711058942 bcsId: 0} | ret=SUCCESS |  
2019-08-21 12:28:03,287 | INFO  | DNAudit | user=null | ip=null | op=PUT_BLOCK {blockData=[blockId=conID: 1 locID: 102654966711058942 bcsId: 0,size=1048576]} | ret=SUCCESS |  
2019-08-21 12:28:03,288 [grpc-default-executor-4] INFO  client.GrpcClientProtocolClient (GrpcClientProtocolClient.java:onNext(255)) - client-C954105195FD->270584e6-a4a8-4db5-8151-214655ce1a56: receive RaftClientReply:client-C954105195FD->270584e6-a4a8-4db5-8151-214655ce1a56@group-787F5BA3AA67, cid=1660, SUCCESS, logIndex=2397, commits[270584e6-a4a8-4db5-8151-214655ce1a56:c2398, af078b8b-61ec-497f-9506-472d46a72462:c2394, 09fb9ab4-1b8d-44c0-9f8c-50855c6f1fed:c2396]
2019-08-21 12:28:03,289 | INFO  | DNAudit | user=null | ip=null | op=WRITE_CHUNK {blockData=conID: 1 locID: 102654966711058942 bcsId: 0} | ret=SUCCESS |  
2019-08-21 12:28:03,289 | INFO  | DNAudit | user=null | ip=null | op=PUT_BLOCK {blockData=[blockId=conID: 1 locID: 102654966711058942 bcsId: 0,size=2097152]} | ret=SUCCESS |  
2019-08-21 12:28:03,290 [grpc-default-executor-2] INFO  client.GrpcClientProtocolClient (GrpcClientProtocolClient.java:onNext(255)) - client-C954105195FD->270584e6-a4a8-4db5-8151-214655ce1a56: receive RaftClientReply:client-C954105195FD->270584e6-a4a8-4db5-8151-214655ce1a56@group-787F5BA3AA67, cid=1661, SUCCESS, logIndex=2398, commits[270584e6-a4a8-4db5-8151-214655ce1a56:c2398, af078b8b-61ec-497f-9506-472d46a72462:c2396, 09fb9ab4-1b8d-44c0-9f8c-50855c6f1fed:c2396]
2019-08-21 12:28:03,290 | INFO  | DNAudit | user=null | ip=null | op=WRITE_CHUNK {blockData=conID: 1 locID: 102654966711058942 bcsId: 0} | ret=SUCCESS |  
2019-08-21 12:28:03,290 | INFO  | DNAudit | user=null | ip=null | op=WRITE_CHUNK {blockData=conID: 1 locID: 102654966711058942 bcsId: 0} | ret=SUCCESS |  
2019-08-21 12:28:03,290 | INFO  | DNAudit | user=null | ip=null | op=PUT_BLOCK {blockData=[blockId=conID: 1 locID: 102654966711058942 bcsId: 0,size=1048576]} | ret=SUCCESS |  
2019-08-21 12:28:03,291 [grpc-default-executor-2] INFO  client.GrpcClientProtocolClient (GrpcClientProtocolClient.java:onNext(255)) - client-C954105195FD->270584e6-a4a8-4db5-8151-214655ce1a56: receive RaftClientReply:client-C954105195FD->270584e6-a4a8-4db5-8151-214655ce1a56@group-787F5BA3AA67, cid=1662, SUCCESS, logIndex=2399, commits[270584e6-a4a8-4db5-8151-214655ce1a56:c2400, af078b8b-61ec-497f-9506-472d46a72462:c2396, 09fb9ab4-1b8d-44c0-9f8c-50855c6f1fed:c2396]
2019-08-21 12:28:03,291 [grpc-default-executor-2] INFO  client.GrpcClientProtocolClient (GrpcClientProtocolClient.java:onNext(255)) - client-C954105195FD->270584e6-a4a8-4db5-8151-214655ce1a56: receive RaftClientReply:client-C954105195FD->270584e6-a4a8-4db5-8151-214655ce1a56@group-787F5BA3AA67, cid=1663, SUCCESS, logIndex=2400, commits[270584e6-a4a8-4db5-8151-214655ce1a56:c2400, af078b8b-61ec-497f-9506-472d46a72462:c2396, 09fb9ab4-1b8d-44c0-9f8c-50855c6f1fed:c2396]
2019-08-21 12:28:03,301 | INFO  | DNAudit | user=null | ip=null | op=PUT_BLOCK {blockData=[blockId=conID: 1 locID: 102654966711058942 bcsId: 0,size=1048576]} | ret=SUCCESS |  
2019-08-21 12:28:03,301 | INFO  | DNAudit | user=null | ip=null | op=WRITE_CHUNK {blockData=conID: 1 locID: 102654966711058942 bcsId: 0} | ret=SUCCESS |  
2019-08-21 12:28:03,301 | INFO  | DNAudit | user=null | ip=null | op=WRITE_CHUNK {blockData=conID: 1 locID: 102654966711058942 bcsId: 0} | ret=SUCCESS |  
2019-08-21 12:28:03,302 | INFO  | DNAudit | user=null | ip=null | op=PUT_BLOCK {blockData=[blockId=conID: 1 locID: 102654966711058942 bcsId: 0,size=2097152]} | ret=SUCCESS |  
2019-08-21 12:28:03,302 | INFO  | DNAudit | user=null | ip=null | op=PUT_BLOCK {blockData=[blockId=conID: 1 locID: 102654966711058942 bcsId: 0,size=2097152]} | ret=SUCCESS |  
2019-08-21 12:28:03,303 [grpc-default-executor-4] INFO  client.GrpcClientProtocolClient (GrpcClientProtocolClient.java:onNext(255)) - client-C954105195FD->270584e6-a4a8-4db5-8151-214655ce1a56: receive RaftClientReply:client-C954105195FD->270584e6-a4a8-4db5-8151-214655ce1a56@group-787F5BA3AA67, cid=1664, SUCCESS, logIndex=0, commits[270584e6-a4a8-4db5-8151-214655ce1a56:c2402, af078b8b-61ec-497f-9506-472d46a72462:c2398, 09fb9ab4-1b8d-44c0-9f8c-50855c6f1fed:c2398]
2019-08-21 12:28:03,310 | INFO  | DNAudit | user=null | ip=null | op=WRITE_CHUNK {blockData=conID: 1 locID: 102654966711058942 bcsId: 2400} | ret=SUCCESS |  
2019-08-21 12:28:03,313 | INFO  | DNAudit | user=null | ip=null | op=WRITE_CHUNK {blockData=conID: 1 locID: 102654966711058942 bcsId: 2400} | ret=SUCCESS |  
2019-08-21 12:28:03,313 | INFO  | DNAudit | user=null | ip=null | op=WRITE_CHUNK {blockData=conID: 1 locID: 102654966711058942 bcsId: 2400} | ret=SUCCESS |  
2019-08-21 12:28:03,325 | INFO  | DNAudit | user=null | ip=null | op=WRITE_CHUNK {blockData=conID: 1 locID: 102654966711058942 bcsId: 2400} | ret=SUCCESS |  
2019-08-21 12:28:03,325 | INFO  | DNAudit | user=null | ip=null | op=PUT_BLOCK {blockData=[blockId=conID: 1 locID: 102654966711058942 bcsId: 0,size=3145728]} | ret=SUCCESS |  
2019-08-21 12:28:03,326 [grpc-default-executor-2] INFO  client.GrpcClientProtocolClient (GrpcClientProtocolClient.java:onNext(255)) - client-C954105195FD->270584e6-a4a8-4db5-8151-214655ce1a56: receive RaftClientReply:client-C954105195FD->270584e6-a4a8-4db5-8151-214655ce1a56@group-787F5BA3AA67, cid=1665, SUCCESS, logIndex=2405, commits[270584e6-a4a8-4db5-8151-214655ce1a56:c2406, af078b8b-61ec-497f-9506-472d46a72462:c2404, 09fb9ab4-1b8d-44c0-9f8c-50855c6f1fed:c2404]
2019-08-21 12:28:03,327 [grpc-default-executor-2] INFO  client.GrpcClientProtocolClient (GrpcClientProtocolClient.java:onNext(255)) - client-C954105195FD->270584e6-a4a8-4db5-8151-214655ce1a56: receive RaftClientReply:client-C954105195FD->270584e6-a4a8-4db5-8151-214655ce1a56@group-787F5BA3AA67, cid=1666, SUCCESS, logIndex=2406, commits[270584e6-a4a8-4db5-8151-214655ce1a56:c2406, af078b8b-61ec-497f-9506-472d46a72462:c2404, 09fb9ab4-1b8d-44c0-9f8c-50855c6f1fed:c2404]
2019-08-21 12:28:03,335 | INFO  | DNAudit | user=null | ip=null | op=WRITE_CHUNK {blockData=conID: 1 locID: 102654966711058942 bcsId: 2406} | ret=SUCCESS |  
2019-08-21 12:28:03,336 | INFO  | DNAudit | user=null | ip=null | op=WRITE_CHUNK {blockData=conID: 1 locID: 102654966711058942 bcsId: 2400} | ret=SUCCESS |  
2019-08-21 12:28:03,336 | INFO  | DNAudit | user=null | ip=null | op=WRITE_CHUNK {blockData=conID: 1 locID: 102654966711058942 bcsId: 2400} | ret=SUCCESS |  
2019-08-21 12:28:03,339 | INFO  | DNAudit | user=null | ip=null | op=PUT_BLOCK {blockData=[blockId=conID: 1 locID: 102654966711058942 bcsId: 0,size=3145728]} | ret=SUCCESS |  
2019-08-21 12:28:03,339 | INFO  | DNAudit | user=null | ip=null | op=WRITE_CHUNK {blockData=conID: 1 locID: 102654966711058942 bcsId: 2406} | ret=SUCCESS |  
2019-08-21 12:28:03,339 | INFO  | DNAudit | user=null | ip=null | op=PUT_BLOCK {blockData=[blockId=conID: 1 locID: 102654966711058942 bcsId: 0,size=3145728]} | ret=SUCCESS |  
2019-08-21 12:28:03,339 | INFO  | DNAudit | user=null | ip=null | op=WRITE_CHUNK {blockData=conID: 1 locID: 102654966711058942 bcsId: 2406} | ret=SUCCESS |  
2019-08-21 12:28:03,352 | INFO  | DNAudit | user=null | ip=null | op=WRITE_CHUNK {blockData=conID: 1 locID: 102654966711058942 bcsId: 2406} | ret=SUCCESS |  
2019-08-21 12:28:03,352 | INFO  | DNAudit | user=null | ip=null | op=PUT_BLOCK {blockData=[blockId=conID: 1 locID: 102654966711058942 bcsId: 0,size=4194304]} | ret=SUCCESS |  
2019-08-21 12:28:03,353 [grpc-default-executor-1] INFO  client.GrpcClientProtocolClient (GrpcClientProtocolClient.java:onNext(255)) - client-C954105195FD->270584e6-a4a8-4db5-8151-214655ce1a56: receive RaftClientReply:client-C954105195FD->270584e6-a4a8-4db5-8151-214655ce1a56@group-787F5BA3AA67, cid=1667, SUCCESS, logIndex=2409, commits[270584e6-a4a8-4db5-8151-214655ce1a56:c2410, af078b8b-61ec-497f-9506-472d46a72462:c2406, 09fb9ab4-1b8d-44c0-9f8c-50855c6f1fed:c2406]
2019-08-21 12:28:03,354 [grpc-default-executor-1] INFO  client.GrpcClientProtocolClient (GrpcClientProtocolClient.java:onNext(255)) - client-C954105195FD->270584e6-a4a8-4db5-8151-214655ce1a56: receive RaftClientReply:client-C954105195FD->270584e6-a4a8-4db5-8151-214655ce1a56@group-787F5BA3AA67, cid=1668, SUCCESS, logIndex=2410, commits[270584e6-a4a8-4db5-8151-214655ce1a56:c2410, af078b8b-61ec-497f-9506-472d46a72462:c2406, 09fb9ab4-1b8d-44c0-9f8c-50855c6f1fed:c2406]
2019-08-21 12:28:03,364 | INFO  | DNAudit | user=null | ip=null | op=WRITE_CHUNK {blockData=conID: 1 locID: 102654966711058942 bcsId: 2406} | ret=SUCCESS |  
2019-08-21 12:28:03,364 | INFO  | DNAudit | user=null | ip=null | op=WRITE_CHUNK {blockData=conID: 1 locID: 102654966711058942 bcsId: 2406} | ret=SUCCESS |  
2019-08-21 12:28:03,365 | INFO  | DNAudit | user=null | ip=null | op=PUT_BLOCK {blockData=[blockId=conID: 1 locID: 102654966711058942 bcsId: 0,size=4194304]} | ret=SUCCESS |  
2019-08-21 12:28:03,365 | INFO  | DNAudit | user=null | ip=null | op=PUT_BLOCK {blockData=[blockId=conID: 1 locID: 102654966711058942 bcsId: 0,size=4194304]} | ret=SUCCESS |  
2019-08-21 12:28:03,366 [grpc-default-executor-1] INFO  client.GrpcClientProtocolClient (GrpcClientProtocolClient.java:onNext(255)) - client-C954105195FD->270584e6-a4a8-4db5-8151-214655ce1a56: receive RaftClientReply:client-C954105195FD->270584e6-a4a8-4db5-8151-214655ce1a56@group-787F5BA3AA67, cid=1669, SUCCESS, logIndex=0, commits[270584e6-a4a8-4db5-8151-214655ce1a56:c2411, af078b8b-61ec-497f-9506-472d46a72462:c2410, 09fb9ab4-1b8d-44c0-9f8c-50855c6f1fed:c2410]
2019-08-21 12:28:03,372 | INFO  | SCMAudit | user=jenkins1000 | ip=192.168.34.23 | op=ALLOCATE_BLOCK {owner=b79f83c9-5f7d-4caf-af30-78af34bc5eea, size=4194304, type=RATIS, factor=THREE} | ret=SUCCESS |  
2019-08-21 12:28:03,373 | INFO  | SCMAudit | user=jenkins1000 | ip=192.168.34.23 | op=SEND_HEARTBEAT {datanodeUUID=af078b8b-61ec-497f-9506-472d46a72462, command=[]} | ret=SUCCESS |  
2019-08-21 12:28:03,373 | INFO  | SCMAudit | user=jenkins1000 | ip=192.168.34.23 | op=SEND_HEARTBEAT {datanodeUUID=09fb9ab4-1b8d-44c0-9f8c-50855c6f1fed, command=[]} | ret=SUCCESS |  
2019-08-21 12:28:03,373 | INFO  | SCMAudit | user=jenkins1000 | ip=192.168.34.23 | op=SEND_HEARTBEAT {datanodeUUID=270584e6-a4a8-4db5-8151-214655ce1a56, command=[]} | ret=SUCCESS |  
2019-08-21 12:28:03,377 | INFO  | OMAudit | user=jenkins1000 | ip=127.0.0.1 | op=ALLOCATE_BLOCK {volume=vol-0-06517, bucket=bucket-0-64549, key=key-0-34512, dataSize=0, replicationType=null, replicationFactor=null, keyLocationInfo=null, clientID=102654965997830546} | ret=SUCCESS |  
2019-08-21 12:28:03,621 | INFO  | DNAudit | user=null | ip=null | op=WRITE_CHUNK {blockData=conID: 2 locID: 102654966718267903 bcsId: 0} | ret=SUCCESS |  
2019-08-21 12:28:03,624 | INFO  | DNAudit | user=null | ip=null | op=WRITE_CHUNK {blockData=conID: 2 locID: 102654966718267903 bcsId: 0} | ret=SUCCESS |  
2019-08-21 12:28:03,626 | INFO  | DNAudit | user=null | ip=null | op=WRITE_CHUNK {blockData=conID: 2 locID: 102654966718267903 bcsId: 0} | ret=SUCCESS |  
2019-08-21 12:28:03,627 | INFO  | DNAudit | user=null | ip=null | op=WRITE_CHUNK {blockData=conID: 2 locID: 102654966718267903 bcsId: 0} | ret=SUCCESS |  
2019-08-21 12:28:03,628 | INFO  | DNAudit | user=null | ip=null | op=WRITE_CHUNK {blockData=conID: 2 locID: 102654966718267903 bcsId: 0} | ret=SUCCESS |  
2019-08-21 12:28:03,628 | INFO  | DNAudit | user=null | ip=null | op=WRITE_CHUNK {blockData=conID: 2 locID: 102654966718267903 bcsId: 0} | ret=SUCCESS |  
2019-08-21 12:28:03,639 | INFO  | DNAudit | user=null | ip=null | op=WRITE_CHUNK {blockData=conID: 2 locID: 102654966718267903 bcsId: 0} | ret=SUCCESS |  
2019-08-21 12:28:03,640 | INFO  | DNAudit | user=null | ip=null | op=PUT_BLOCK {blockData=[blockId=conID: 2 locID: 102654966718267903 bcsId: 0,size=1048576]} | ret=SUCCESS |  
2019-08-21 12:28:03,640 [grpc-default-executor-4] INFO  client.GrpcClientProtocolClient (GrpcClientProtocolClient.java:onNext(255)) - client-C954105195FD->270584e6-a4a8-4db5-8151-214655ce1a56: receive RaftClientReply:client-C954105195FD->270584e6-a4a8-4db5-8151-214655ce1a56@group-787F5BA3AA67, cid=1670, SUCCESS, logIndex=2413, commits[270584e6-a4a8-4db5-8151-214655ce1a56:c2416, af078b8b-61ec-497f-9506-472d46a72462:c2412, 09fb9ab4-1b8d-44c0-9f8c-50855c6f1fed:c2412]
2019-08-21 12:28:03,641 | INFO  | DNAudit | user=null | ip=null | op=WRITE_CHUNK {blockData=conID: 2 locID: 102654966718267903 bcsId: 0} | ret=SUCCESS |  
2019-08-21 12:28:03,641 [grpc-default-executor-4] INFO  client.GrpcClientProtocolClient (GrpcClientProtocolClient.java:onNext(255)) - client-C954105195FD->270584e6-a4a8-4db5-8151-214655ce1a56: receive RaftClientReply:client-C954105195FD->270584e6-a4a8-4db5-8151-214655ce1a56@group-787F5BA3AA67, cid=1671, SUCCESS, logIndex=2414, commits[270584e6-a4a8-4db5-8151-214655ce1a56:c2416, af078b8b-61ec-497f-9506-472d46a72462:c2412, 09fb9ab4-1b8d-44c0-9f8c-50855c6f1fed:c2412]
2019-08-21 12:28:03,641 | INFO  | DNAudit | user=null | ip=null | op=PUT_BLOCK {blockData=[blockId=conID: 2 locID: 102654966718267903 bcsId: 0,size=2097152]} | ret=SUCCESS |  
2019-08-21 12:28:03,641 [grpc-default-executor-4] INFO  client.GrpcClientProtocolClient (GrpcClientProtocolClient.java:onNext(255)) - client-C954105195FD->270584e6-a4a8-4db5-8151-214655ce1a56: receive RaftClientReply:client-C954105195FD->270584e6-a4a8-4db5-8151-214655ce1a56@group-787F5BA3AA67, cid=1672, SUCCESS, logIndex=2415, commits[270584e6-a4a8-4db5-8151-214655ce1a56:c2416, af078b8b-61ec-497f-9506-472d46a72462:c2412, 09fb9ab4-1b8d-44c0-9f8c-50855c6f1fed:c2412]
2019-08-21 12:28:03,642 [grpc-default-executor-4] INFO  client.GrpcClientProtocolClient (GrpcClientProtocolClient.java:onNext(255)) - client-C954105195FD->270584e6-a4a8-4db5-8151-214655ce1a56: receive RaftClientReply:client-C954105195FD->270584e6-a4a8-4db5-8151-214655ce1a56@group-787F5BA3AA67, cid=1673, SUCCESS, logIndex=2416, commits[270584e6-a4a8-4db5-8151-214655ce1a56:c2416, af078b8b-61ec-497f-9506-472d46a72462:c2412, 09fb9ab4-1b8d-44c0-9f8c-50855c6f1fed:c2412]
2019-08-21 12:28:03,650 | INFO  | DNAudit | user=null | ip=null | op=WRITE_CHUNK {blockData=conID: 2 locID: 102654966718267903 bcsId: 0} | ret=SUCCESS |  
2019-08-21 12:28:03,650 | INFO  | DNAudit | user=null | ip=null | op=WRITE_CHUNK {blockData=conID: 2 locID: 102654966718267903 bcsId: 0} | ret=SUCCESS |  
2019-08-21 12:28:03,651 | INFO  | DNAudit | user=null | ip=null | op=PUT_BLOCK {blockData=[blockId=conID: 2 locID: 102654966718267903 bcsId: 0,size=1048576]} | ret=SUCCESS |  
2019-08-21 12:28:03,651 | INFO  | DNAudit | user=null | ip=null | op=WRITE_CHUNK {blockData=conID: 2 locID: 102654966718267903 bcsId: 0} | ret=SUCCESS |  
2019-08-21 12:28:03,653 | INFO  | DNAudit | user=null | ip=null | op=PUT_BLOCK {blockData=[blockId=conID: 2 locID: 102654966718267903 bcsId: 0,size=1048576]} | ret=SUCCESS |  
2019-08-21 12:28:03,653 | INFO  | DNAudit | user=null | ip=null | op=WRITE_CHUNK {blockData=conID: 2 locID: 102654966718267903 bcsId: 0} | ret=SUCCESS |  
2019-08-21 12:28:03,653 | INFO  | DNAudit | user=null | ip=null | op=PUT_BLOCK {blockData=[blockId=conID: 2 locID: 102654966718267903 bcsId: 0,size=2097152]} | ret=SUCCESS |  
2019-08-21 12:28:03,654 [grpc-default-executor-4] INFO  client.GrpcClientProtocolClient (GrpcClientProtocolClient.java:onNext(255)) - client-C954105195FD->270584e6-a4a8-4db5-8151-214655ce1a56: receive RaftClientReply:client-C954105195FD->270584e6-a4a8-4db5-8151-214655ce1a56@group-787F5BA3AA67, cid=1674, SUCCESS, logIndex=0, commits[270584e6-a4a8-4db5-8151-214655ce1a56:c2419, af078b8b-61ec-497f-9506-472d46a72462:c2414, 09fb9ab4-1b8d-44c0-9f8c-50855c6f1fed:c2415]
2019-08-21 12:28:03,662 | INFO  | DNAudit | user=null | ip=null | op=WRITE_CHUNK {blockData=conID: 2 locID: 102654966718267903 bcsId: 2416} | ret=SUCCESS |  
2019-08-21 12:28:03,663 | INFO  | DNAudit | user=null | ip=null | op=PUT_BLOCK {blockData=[blockId=conID: 2 locID: 102654966718267903 bcsId: 0,size=2097152]} | ret=SUCCESS |  
2019-08-21 12:28:03,666 | INFO  | DNAudit | user=null | ip=null | op=WRITE_CHUNK {blockData=conID: 2 locID: 102654966718267903 bcsId: 2416} | ret=SUCCESS |  
2019-08-21 12:28:03,666 | INFO  | DNAudit | user=null | ip=null | op=WRITE_CHUNK {blockData=conID: 2 locID: 102654966718267903 bcsId: 2416} | ret=SUCCESS |  
2019-08-21 12:28:03,678 | INFO  | DNAudit | user=null | ip=null | op=WRITE_CHUNK {blockData=conID: 2 locID: 102654966718267903 bcsId: 2416} | ret=SUCCESS |  
2019-08-21 12:28:03,678 | INFO  | DNAudit | user=null | ip=null | op=PUT_BLOCK {blockData=[blockId=conID: 2 locID: 102654966718267903 bcsId: 0,size=3145728]} | ret=SUCCESS |  
2019-08-21 12:28:03,679 [grpc-default-executor-2] INFO  client.GrpcClientProtocolClient (GrpcClientProtocolClient.java:onNext(255)) - client-C954105195FD->270584e6-a4a8-4db5-8151-214655ce1a56: receive RaftClientReply:client-C954105195FD->270584e6-a4a8-4db5-8151-214655ce1a56@group-787F5BA3AA67, cid=1675, SUCCESS, logIndex=2421, commits[270584e6-a4a8-4db5-8151-214655ce1a56:c2422, af078b8b-61ec-497f-9506-472d46a72462:c2420, 09fb9ab4-1b8d-44c0-9f8c-50855c6f1fed:c2420]
2019-08-21 12:28:03,679 | INFO  | DNAudit | user=null | ip=null | op=WRITE_CHUNK {blockData=conID: 2 locID: 102654966718267903 bcsId: 2416} | ret=SUCCESS |  
2019-08-21 12:28:03,680 [grpc-default-executor-2] INFO  client.GrpcClientProtocolClient (GrpcClientProtocolClient.java:onNext(255)) - client-C954105195FD->270584e6-a4a8-4db5-8151-214655ce1a56: receive RaftClientReply:client-C954105195FD->270584e6-a4a8-4db5-8151-214655ce1a56@group-787F5BA3AA67, cid=1676, SUCCESS, logIndex=2422, commits[270584e6-a4a8-4db5-8151-214655ce1a56:c2422, af078b8b-61ec-497f-9506-472d46a72462:c2420, 09fb9ab4-1b8d-44c0-9f8c-50855c6f1fed:c2420]
2019-08-21 12:28:03,681 | INFO  | DNAudit | user=null | ip=null | op=WRITE_CHUNK {blockData=conID: 2 locID: 102654966718267903 bcsId: 2416} | ret=SUCCESS |  
2019-08-21 12:28:03,688 | INFO  | DNAudit | user=null | ip=null | op=WRITE_CHUNK {blockData=conID: 2 locID: 102654966718267903 bcsId: 2422} | ret=SUCCESS |  
2019-08-21 12:28:03,691 | INFO  | DNAudit | user=null | ip=null | op=WRITE_CHUNK {blockData=conID: 2 locID: 102654966718267903 bcsId: 2422} | ret=SUCCESS |  
2019-08-21 12:28:03,692 | INFO  | DNAudit | user=null | ip=null | op=WRITE_CHUNK {blockData=conID: 2 locID: 102654966718267903 bcsId: 2422} | ret=SUCCESS |  
2019-08-21 12:28:03,693 | INFO  | DNAudit | user=null | ip=null | op=PUT_BLOCK {blockData=[blockId=conID: 2 locID: 102654966718267903 bcsId: 0,size=3145728]} | ret=SUCCESS |  
 0.00% |█                                                                                                    |  0/1 Time: 0:00:112019-08-21 12:28:03,697 | INFO  | DNAudit | user=null | ip=null | op=PUT_BLOCK {blockData=[blockId=conID: 2 locID: 102654966718267903 bcsId: 0,size=3145728]} | ret=SUCCESS |  
2019-08-21 12:28:03,706 | INFO  | DNAudit | user=null | ip=null | op=WRITE_CHUNK {blockData=conID: 2 locID: 102654966718267903 bcsId: 2422} | ret=SUCCESS |  
2019-08-21 12:28:03,707 | INFO  | DNAudit | user=null | ip=null | op=PUT_BLOCK {blockData=[blockId=conID: 2 locID: 102654966718267903 bcsId: 0,size=4194304]} | ret=SUCCESS |  
2019-08-21 12:28:03,707 [grpc-default-executor-2] INFO  client.GrpcClientProtocolClient (GrpcClientProtocolClient.java:onNext(255)) - client-C954105195FD->270584e6-a4a8-4db5-8151-214655ce1a56: receive RaftClientReply:client-C954105195FD->270584e6-a4a8-4db5-8151-214655ce1a56@group-787F5BA3AA67, cid=1677, SUCCESS, logIndex=2425, commits[270584e6-a4a8-4db5-8151-214655ce1a56:c2426, af078b8b-61ec-497f-9506-472d46a72462:c2423, 09fb9ab4-1b8d-44c0-9f8c-50855c6f1fed:c2423]
2019-08-21 12:28:03,708 [grpc-default-executor-2] INFO  client.GrpcClientProtocolClient (GrpcClientProtocolClient.java:onNext(255)) - client-C954105195FD->270584e6-a4a8-4db5-8151-214655ce1a56: receive RaftClientReply:client-C954105195FD->270584e6-a4a8-4db5-8151-214655ce1a56@group-787F5BA3AA67, cid=1678, SUCCESS, logIndex=2426, commits[270584e6-a4a8-4db5-8151-214655ce1a56:c2426, af078b8b-61ec-497f-9506-472d46a72462:c2423, 09fb9ab4-1b8d-44c0-9f8c-50855c6f1fed:c2423]
2019-08-21 12:28:03,719 | INFO  | DNAudit | user=null | ip=null | op=WRITE_CHUNK {blockData=conID: 2 locID: 102654966718267903 bcsId: 2422} | ret=SUCCESS |  
2019-08-21 12:28:03,719 | INFO  | DNAudit | user=null | ip=null | op=WRITE_CHUNK {blockData=conID: 2 locID: 102654966718267903 bcsId: 2422} | ret=SUCCESS |  
2019-08-21 12:28:03,719 | INFO  | DNAudit | user=null | ip=null | op=PUT_BLOCK {blockData=[blockId=conID: 2 locID: 102654966718267903 bcsId: 0,size=4194304]} | ret=SUCCESS |  
2019-08-21 12:28:03,719 | INFO  | DNAudit | user=null | ip=null | op=PUT_BLOCK {blockData=[blockId=conID: 2 locID: 102654966718267903 bcsId: 0,size=4194304]} | ret=SUCCESS |  
2019-08-21 12:28:03,719 [grpc-default-executor-2] INFO  client.GrpcClientProtocolClient (GrpcClientProtocolClient.java:onNext(255)) - client-C954105195FD->270584e6-a4a8-4db5-8151-214655ce1a56: receive RaftClientReply:client-C954105195FD->270584e6-a4a8-4db5-8151-214655ce1a56@group-787F5BA3AA67, cid=1679, SUCCESS, logIndex=0, commits[270584e6-a4a8-4db5-8151-214655ce1a56:c2427, af078b8b-61ec-497f-9506-472d46a72462:c2426, 09fb9ab4-1b8d-44c0-9f8c-50855c6f1fed:c2426]
2019-08-21 12:28:03,733 | INFO  | SCMAudit | user=jenkins1000 | ip=192.168.34.23 | op=ALLOCATE_BLOCK {owner=b79f83c9-5f7d-4caf-af30-78af34bc5eea, size=4194304, type=RATIS, factor=THREE} | ret=SUCCESS |  
2019-08-21 12:28:03,736 | INFO  | OMAudit | user=jenkins1000 | ip=127.0.0.1 | op=ALLOCATE_BLOCK {volume=vol-0-06517, bucket=bucket-0-64549, key=key-0-34512, dataSize=0, replicationType=null, replicationFactor=null, keyLocationInfo=null, clientID=102654965997830546} | ret=SUCCESS |  
2019-08-21 12:28:03,745 | INFO  | DNAudit | user=null | ip=null | op=WRITE_CHUNK {blockData=conID: 3 locID: 102654966741860864 bcsId: 0} | ret=SUCCESS |  
2019-08-21 12:28:03,749 | INFO  | DNAudit | user=null | ip=null | op=WRITE_CHUNK {blockData=conID: 3 locID: 102654966741860864 bcsId: 0} | ret=SUCCESS |  
2019-08-21 12:28:03,749 | INFO  | DNAudit | user=null | ip=null | op=WRITE_CHUNK {blockData=conID: 3 locID: 102654966741860864 bcsId: 0} | ret=SUCCESS |  
2019-08-21 12:28:03,749 | INFO  | DNAudit | user=null | ip=null | op=WRITE_CHUNK {blockData=conID: 3 locID: 102654966741860864 bcsId: 0} | ret=SUCCESS |  
2019-08-21 12:28:03,751 | INFO  | DNAudit | user=null | ip=null | op=WRITE_CHUNK {blockData=conID: 3 locID: 102654966741860864 bcsId: 0} | ret=SUCCESS |  
2019-08-21 12:28:03,752 | INFO  | DNAudit | user=null | ip=null | op=WRITE_CHUNK {blockData=conID: 3 locID: 102654966741860864 bcsId: 0} | ret=SUCCESS |  
2019-08-21 12:28:03,758 | INFO  | DNAudit | user=null | ip=null | op=WRITE_CHUNK {blockData=conID: 3 locID: 102654966741860864 bcsId: 0} | ret=SUCCESS |  
2019-08-21 12:28:03,759 | INFO  | DNAudit | user=null | ip=null | op=PUT_BLOCK {blockData=[blockId=conID: 3 locID: 102654966741860864 bcsId: 0,size=1048576]} | ret=SUCCESS |  
2019-08-21 12:28:03,759 [grpc-default-executor-4] INFO  client.GrpcClientProtocolClient (GrpcClientProtocolClient.java:onNext(255)) - client-C954105195FD->270584e6-a4a8-4db5-8151-214655ce1a56: receive RaftClientReply:client-C954105195FD->270584e6-a4a8-4db5-8151-214655ce1a56@group-787F5BA3AA67, cid=1680, SUCCESS, logIndex=2429, commits[270584e6-a4a8-4db5-8151-214655ce1a56:c2431, af078b8b-61ec-497f-9506-472d46a72462:c2428, 09fb9ab4-1b8d-44c0-9f8c-50855c6f1fed:c2428]
2019-08-21 12:28:03,760 | INFO  | DNAudit | user=null | ip=null | op=WRITE_CHUNK {blockData=conID: 3 locID: 102654966741860864 bcsId: 0} | ret=SUCCESS |  
2019-08-21 12:28:03,760 [grpc-default-executor-4] INFO  client.GrpcClientProtocolClient (GrpcClientProtocolClient.java:onNext(255)) - client-C954105195FD->270584e6-a4a8-4db5-8151-214655ce1a56: receive RaftClientReply:client-C954105195FD->270584e6-a4a8-4db5-8151-214655ce1a56@group-787F5BA3AA67, cid=1681, SUCCESS, logIndex=2430, commits[270584e6-a4a8-4db5-8151-214655ce1a56:c2432, af078b8b-61ec-497f-9506-472d46a72462:c2428, 09fb9ab4-1b8d-44c0-9f8c-50855c6f1fed:c2428]
2019-08-21 12:28:03,760 | INFO  | DNAudit | user=null | ip=null | op=PUT_BLOCK {blockData=[blockId=conID: 3 locID: 102654966741860864 bcsId: 0,size=2097152]} | ret=SUCCESS |  
2019-08-21 12:28:03,760 [grpc-default-executor-4] INFO  client.GrpcClientProtocolClient (GrpcClientProtocolClient.java:onNext(255)) - client-C954105195FD->270584e6-a4a8-4db5-8151-214655ce1a56: receive RaftClientReply:client-C954105195FD->270584e6-a4a8-4db5-8151-214655ce1a56@group-787F5BA3AA67, cid=1682, SUCCESS, logIndex=2431, commits[270584e6-a4a8-4db5-8151-214655ce1a56:c2432, af078b8b-61ec-497f-9506-472d46a72462:c2428, 09fb9ab4-1b8d-44c0-9f8c-50855c6f1fed:c2428]
2019-08-21 12:28:03,761 [grpc-default-executor-4] INFO  client.GrpcClientProtocolClient (GrpcClientProtocolClient.java:onNext(255)) - client-C954105195FD->270584e6-a4a8-4db5-8151-214655ce1a56: receive RaftClientReply:client-C954105195FD->270584e6-a4a8-4db5-8151-214655ce1a56@group-787F5BA3AA67, cid=1683, SUCCESS, logIndex=2432, commits[270584e6-a4a8-4db5-8151-214655ce1a56:c2432, af078b8b-61ec-497f-9506-472d46a72462:c2428, 09fb9ab4-1b8d-44c0-9f8c-50855c6f1fed:c2428]
2019-08-21 12:28:03,771 | INFO  | DNAudit | user=null | ip=null | op=WRITE_CHUNK {blockData=conID: 3 locID: 102654966741860864 bcsId: 0} | ret=SUCCESS |  
2019-08-21 12:28:03,773 | INFO  | DNAudit | user=null | ip=null | op=WRITE_CHUNK {blockData=conID: 3 locID: 102654966741860864 bcsId: 0} | ret=SUCCESS |  
2019-08-21 12:28:03,773 | INFO  | DNAudit | user=null | ip=null | op=PUT_BLOCK {blockData=[blockId=conID: 3 locID: 102654966741860864 bcsId: 0,size=1048576]} | ret=SUCCESS |  
2019-08-21 12:28:03,773 | INFO  | DNAudit | user=null | ip=null | op=WRITE_CHUNK {blockData=conID: 3 locID: 102654966741860864 bcsId: 0} | ret=SUCCESS |  
2019-08-21 12:28:03,774 | INFO  | DNAudit | user=null | ip=null | op=PUT_BLOCK {blockData=[blockId=conID: 3 locID: 102654966741860864 bcsId: 0,size=2097152]} | ret=SUCCESS |  
2019-08-21 12:28:03,775 | INFO  | DNAudit | user=null | ip=null | op=PUT_BLOCK {blockData=[blockId=conID: 3 locID: 102654966741860864 bcsId: 0,size=1048576]} | ret=SUCCESS |  
2019-08-21 12:28:03,775 | INFO  | DNAudit | user=null | ip=null | op=WRITE_CHUNK {blockData=conID: 3 locID: 102654966741860864 bcsId: 0} | ret=SUCCESS |  
2019-08-21 12:28:03,775 | INFO  | DNAudit | user=null | ip=null | op=PUT_BLOCK {blockData=[blockId=conID: 3 locID: 102654966741860864 bcsId: 0,size=2097152]} | ret=SUCCESS |  
2019-08-21 12:28:03,776 [grpc-default-executor-4] INFO  client.GrpcClientProtocolClient (GrpcClientProtocolClient.java:onNext(255)) - client-C954105195FD->270584e6-a4a8-4db5-8151-214655ce1a56: receive RaftClientReply:client-C954105195FD->270584e6-a4a8-4db5-8151-214655ce1a56@group-787F5BA3AA67, cid=1684, SUCCESS, logIndex=0, commits[270584e6-a4a8-4db5-8151-214655ce1a56:c2436, af078b8b-61ec-497f-9506-472d46a72462:c2431, 09fb9ab4-1b8d-44c0-9f8c-50855c6f1fed:c2432]
2019-08-21 12:28:03,784 | INFO  | DNAudit | user=null | ip=null | op=WRITE_CHUNK {blockData=conID: 3 locID: 102654966741860864 bcsId: 2432} | ret=SUCCESS |  
2019-08-21 12:28:03,786 | INFO  | DNAudit | user=null | ip=null | op=WRITE_CHUNK {blockData=conID: 3 locID: 102654966741860864 bcsId: 2432} | ret=SUCCESS |  
2019-08-21 12:28:03,787 | INFO  | DNAudit | user=null | ip=null | op=WRITE_CHUNK {blockData=conID: 3 locID: 102654966741860864 bcsId: 2432} | ret=SUCCESS |  
2019-08-21 12:28:03,794 | INFO  | DNAudit | user=null | ip=null | op=WRITE_CHUNK {blockData=conID: 3 locID: 102654966741860864 bcsId: 2432} | ret=SUCCESS |  
2019-08-21 12:28:03,794 | INFO  | DNAudit | user=null | ip=null | op=PUT_BLOCK {blockData=[blockId=conID: 3 locID: 102654966741860864 bcsId: 0,size=3145728]} | ret=SUCCESS |  
2019-08-21 12:28:03,794 [grpc-default-executor-2] INFO  client.GrpcClientProtocolClient (GrpcClientProtocolClient.java:onNext(255)) - client-C954105195FD->270584e6-a4a8-4db5-8151-214655ce1a56: receive RaftClientReply:client-C954105195FD->270584e6-a4a8-4db5-8151-214655ce1a56@group-787F5BA3AA67, cid=1685, SUCCESS, logIndex=2437, commits[270584e6-a4a8-4db5-8151-214655ce1a56:c2438, af078b8b-61ec-497f-9506-472d46a72462:c2436, 09fb9ab4-1b8d-44c0-9f8c-50855c6f1fed:c2436]
2019-08-21 12:28:03,795 [grpc-default-executor-2] INFO  client.GrpcClientProtocolClient (GrpcClientProtocolClient.java:onNext(255)) - client-C954105195FD->270584e6-a4a8-4db5-8151-214655ce1a56: receive RaftClientReply:client-C954105195FD->270584e6-a4a8-4db5-8151-214655ce1a56@group-787F5BA3AA67, cid=1686, SUCCESS, logIndex=2438, commits[270584e6-a4a8-4db5-8151-214655ce1a56:c2438, af078b8b-61ec-497f-9506-472d46a72462:c2436, 09fb9ab4-1b8d-44c0-9f8c-50855c6f1fed:c2436]
2019-08-21 12:28:03,802 | INFO  | DNAudit | user=null | ip=null | op=WRITE_CHUNK {blockData=conID: 3 locID: 102654966741860864 bcsId: 2438} | ret=SUCCESS |  
2019-08-21 12:28:03,803 | INFO  | DNAudit | user=null | ip=null | op=WRITE_CHUNK {blockData=conID: 3 locID: 102654966741860864 bcsId: 2432} | ret=SUCCESS |  
2019-08-21 12:28:03,804 | INFO  | DNAudit | user=null | ip=null | op=PUT_BLOCK {blockData=[blockId=conID: 3 locID: 102654966741860864 bcsId: 0,size=3145728]} | ret=SUCCESS |  
2019-08-21 12:28:03,804 | INFO  | DNAudit | user=null | ip=null | op=WRITE_CHUNK {blockData=conID: 3 locID: 102654966741860864 bcsId: 2432} | ret=SUCCESS |  
2019-08-21 12:28:03,804 | INFO  | DNAudit | user=null | ip=null | op=PUT_BLOCK {blockData=[blockId=conID: 3 locID: 102654966741860864 bcsId: 0,size=3145728]} | ret=SUCCESS |  
2019-08-21 12:28:03,804 | INFO  | DNAudit | user=null | ip=null | op=WRITE_CHUNK {blockData=conID: 3 locID: 102654966741860864 bcsId: 2438} | ret=SUCCESS |  
2019-08-21 12:28:03,804 | INFO  | DNAudit | user=null | ip=null | op=WRITE_CHUNK {blockData=conID: 3 locID: 102654966741860864 bcsId: 2438} | ret=SUCCESS |  
2019-08-21 12:28:03,816 | INFO  | DNAudit | user=null | ip=null | op=WRITE_CHUNK {blockData=conID: 3 locID: 102654966741860864 bcsId: 2438} | ret=SUCCESS |  
2019-08-21 12:28:03,817 | INFO  | DNAudit | user=null | ip=null | op=PUT_BLOCK {blockData=[blockId=conID: 3 locID: 102654966741860864 bcsId: 0,size=4194304]} | ret=SUCCESS |  
2019-08-21 12:28:03,817 [grpc-default-executor-1] INFO  client.GrpcClientProtocolClient (GrpcClientProtocolClient.java:onNext(255)) - client-C954105195FD->270584e6-a4a8-4db5-8151-214655ce1a56: receive RaftClientReply:client-C954105195FD->270584e6-a4a8-4db5-8151-214655ce1a56@group-787F5BA3AA67, cid=1687, SUCCESS, logIndex=2441, commits[270584e6-a4a8-4db5-8151-214655ce1a56:c2442, af078b8b-61ec-497f-9506-472d46a72462:c2438, 09fb9ab4-1b8d-44c0-9f8c-50855c6f1fed:c2438]
2019-08-21 12:28:03,817 [grpc-default-executor-1] INFO  client.GrpcClientProtocolClient (GrpcClientProtocolClient.java:onNext(255)) - client-C954105195FD->270584e6-a4a8-4db5-8151-214655ce1a56: receive RaftClientReply:client-C954105195FD->270584e6-a4a8-4db5-8151-214655ce1a56@group-787F5BA3AA67, cid=1688, SUCCESS, logIndex=2442, commits[270584e6-a4a8-4db5-8151-214655ce1a56:c2442, af078b8b-61ec-497f-9506-472d46a72462:c2438, 09fb9ab4-1b8d-44c0-9f8c-50855c6f1fed:c2438]
2019-08-21 12:28:03,829 | INFO  | DNAudit | user=null | ip=null | op=WRITE_CHUNK {blockData=conID: 3 locID: 102654966741860864 bcsId: 2438} | ret=SUCCESS |  
2019-08-21 12:28:03,829 | INFO  | DNAudit | user=null | ip=null | op=WRITE_CHUNK {blockData=conID: 3 locID: 102654966741860864 bcsId: 2438} | ret=SUCCESS |  
2019-08-21 12:28:03,840 | INFO  | DNAudit | user=null | ip=null | op=PUT_BLOCK {blockData=[blockId=conID: 3 locID: 102654966741860864 bcsId: 0,size=4194304]} | ret=SUCCESS |  
2019-08-21 12:28:03,840 | INFO  | DNAudit | user=null | ip=null | op=PUT_BLOCK {blockData=[blockId=conID: 3 locID: 102654966741860864 bcsId: 0,size=4194304]} | ret=SUCCESS |  
2019-08-21 12:28:03,841 [grpc-default-executor-1] INFO  client.GrpcClientProtocolClient (GrpcClientProtocolClient.java:onNext(255)) - client-C954105195FD->270584e6-a4a8-4db5-8151-214655ce1a56: receive RaftClientReply:client-C954105195FD->270584e6-a4a8-4db5-8151-214655ce1a56@group-787F5BA3AA67, cid=1689, SUCCESS, logIndex=0, commits[270584e6-a4a8-4db5-8151-214655ce1a56:c2444, af078b8b-61ec-497f-9506-472d46a72462:c2442, 09fb9ab4-1b8d-44c0-9f8c-50855c6f1fed:c2442]
2019-08-21 12:28:03,846 | INFO  | SCMAudit | user=jenkins1000 | ip=192.168.34.23 | op=ALLOCATE_BLOCK {owner=b79f83c9-5f7d-4caf-af30-78af34bc5eea, size=4194304, type=RATIS, factor=THREE} | ret=SUCCESS |  
2019-08-21 12:28:03,848 | INFO  | OMAudit | user=jenkins1000 | ip=127.0.0.1 | op=ALLOCATE_BLOCK {volume=vol-0-06517, bucket=bucket-0-64549, key=key-0-34512, dataSize=0, replicationType=null, replicationFactor=null, keyLocationInfo=null, clientID=102654965997830546} | ret=SUCCESS |  
2019-08-21 12:28:03,856 | INFO  | DNAudit | user=null | ip=null | op=WRITE_CHUNK {blockData=conID: 1 locID: 102654966749331969 bcsId: 0} | ret=SUCCESS |  
2019-08-21 12:28:03,859 | INFO  | DNAudit | user=null | ip=null | op=WRITE_CHUNK {blockData=conID: 1 locID: 102654966749331969 bcsId: 0} | ret=SUCCESS |  
2019-08-21 12:28:03,860 | INFO  | DNAudit | user=null | ip=null | op=WRITE_CHUNK {blockData=conID: 1 locID: 102654966749331969 bcsId: 0} | ret=SUCCESS |  
2019-08-21 12:28:03,862 | INFO  | DNAudit | user=null | ip=null | op=WRITE_CHUNK {blockData=conID: 1 locID: 102654966749331969 bcsId: 0} | ret=SUCCESS |  
2019-08-21 12:28:03,863 | INFO  | DNAudit | user=null | ip=null | op=WRITE_CHUNK {blockData=conID: 1 locID: 102654966749331969 bcsId: 0} | ret=SUCCESS |  
2019-08-21 12:28:03,863 | INFO  | DNAudit | user=null | ip=null | op=WRITE_CHUNK {blockData=conID: 1 locID: 102654966749331969 bcsId: 0} | ret=SUCCESS |  
2019-08-21 12:28:03,871 | INFO  | DNAudit | user=null | ip=null | op=WRITE_CHUNK {blockData=conID: 1 locID: 102654966749331969 bcsId: 0} | ret=SUCCESS |  
2019-08-21 12:28:03,871 | INFO  | DNAudit | user=null | ip=null | op=PUT_BLOCK {blockData=[blockId=conID: 1 locID: 102654966749331969 bcsId: 0,size=1048576]} | ret=SUCCESS |  
2019-08-21 12:28:03,871 [grpc-default-executor-5] INFO  client.GrpcClientProtocolClient (GrpcClientProtocolClient.java:onNext(255)) - client-C954105195FD->270584e6-a4a8-4db5-8151-214655ce1a56: receive RaftClientReply:client-C954105195FD->270584e6-a4a8-4db5-8151-214655ce1a56@group-787F5BA3AA67, cid=1690, SUCCESS, logIndex=2445, commits[270584e6-a4a8-4db5-8151-214655ce1a56:c2446, af078b8b-61ec-497f-9506-472d46a72462:c2444, 09fb9ab4-1b8d-44c0-9f8c-50855c6f1fed:c2444]
2019-08-21 12:28:03,872 [grpc-default-executor-5] INFO  client.GrpcClientProtocolClient (GrpcClientProtocolClient.java:onNext(255)) - client-C954105195FD->270584e6-a4a8-4db5-8151-214655ce1a56: receive RaftClientReply:client-C954105195FD->270584e6-a4a8-4db5-8151-214655ce1a56@group-787F5BA3AA67, cid=1691, SUCCESS, logIndex=2446, commits[270584e6-a4a8-4db5-8151-214655ce1a56:c2446, af078b8b-61ec-497f-9506-472d46a72462:c2444, 09fb9ab4-1b8d-44c0-9f8c-50855c6f1fed:c2444]
2019-08-21 12:28:03,884 | INFO  | DNAudit | user=null | ip=null | op=WRITE_CHUNK {blockData=conID: 1 locID: 102654966749331969 bcsId: 0} | ret=SUCCESS |  
2019-08-21 12:28:03,884 | INFO  | DNAudit | user=null | ip=null | op=PUT_BLOCK {blockData=[blockId=conID: 1 locID: 102654966749331969 bcsId: 0,size=2097152]} | ret=SUCCESS |  
2019-08-21 12:28:03,884 [grpc-default-executor-4] INFO  client.GrpcClientProtocolClient (GrpcClientProtocolClient.java:onNext(255)) - client-C954105195FD->270584e6-a4a8-4db5-8151-214655ce1a56: receive RaftClientReply:client-C954105195FD->270584e6-a4a8-4db5-8151-214655ce1a56@group-787F5BA3AA67, cid=1692, SUCCESS, logIndex=2447, commits[270584e6-a4a8-4db5-8151-214655ce1a56:c2448, af078b8b-61ec-497f-9506-472d46a72462:c2444, 09fb9ab4-1b8d-44c0-9f8c-50855c6f1fed:c2444]
2019-08-21 12:28:03,885 [grpc-default-executor-4] INFO  client.GrpcClientProtocolClient (GrpcClientProtocolClient.java:onNext(255)) - client-C954105195FD->270584e6-a4a8-4db5-8151-214655ce1a56: receive RaftClientReply:client-C954105195FD->270584e6-a4a8-4db5-8151-214655ce1a56@group-787F5BA3AA67, cid=1693, SUCCESS, logIndex=2448, commits[270584e6-a4a8-4db5-8151-214655ce1a56:c2448, af078b8b-61ec-497f-9506-472d46a72462:c2444, 09fb9ab4-1b8d-44c0-9f8c-50855c6f1fed:c2444]
2019-08-21 12:28:03,896 | INFO  | DNAudit | user=null | ip=null | op=WRITE_CHUNK {blockData=conID: 1 locID: 102654966749331969 bcsId: 0} | ret=SUCCESS |  
2019-08-21 12:28:03,896 | INFO  | DNAudit | user=null | ip=null | op=WRITE_CHUNK {blockData=conID: 1 locID: 102654966749331969 bcsId: 0} | ret=SUCCESS |  
2019-08-21 12:28:03,897 | INFO  | DNAudit | user=null | ip=null | op=PUT_BLOCK {blockData=[blockId=conID: 1 locID: 102654966749331969 bcsId: 0,size=1048576]} | ret=SUCCESS |  
2019-08-21 12:28:03,897 | INFO  | DNAudit | user=null | ip=null | op=PUT_BLOCK {blockData=[blockId=conID: 1 locID: 102654966749331969 bcsId: 0,size=1048576]} | ret=SUCCESS |  
2019-08-21 12:28:03,897 [grpc-default-executor-4] INFO  client.GrpcClientProtocolClient (GrpcClientProtocolClient.java:onNext(255)) - client-C954105195FD->270584e6-a4a8-4db5-8151-214655ce1a56: receive RaftClientReply:client-C954105195FD->270584e6-a4a8-4db5-8151-214655ce1a56@group-787F5BA3AA67, cid=1694, SUCCESS, logIndex=0, commits[270584e6-a4a8-4db5-8151-214655ce1a56:c2450, af078b8b-61ec-497f-9506-472d46a72462:c2446, 09fb9ab4-1b8d-44c0-9f8c-50855c6f1fed:c2446]
2019-08-21 12:28:03,905 | INFO  | DNAudit | user=null | ip=null | op=WRITE_CHUNK {blockData=conID: 1 locID: 102654966749331969 bcsId: 2448} | ret=SUCCESS |  
2019-08-21 12:28:03,907 | INFO  | DNAudit | user=null | ip=null | op=WRITE_CHUNK {blockData=conID: 1 locID: 102654966749331969 bcsId: 2448} | ret=SUCCESS |  
2019-08-21 12:28:03,907 | INFO  | DNAudit | user=null | ip=null | op=WRITE_CHUNK {blockData=conID: 1 locID: 102654966749331969 bcsId: 0} | ret=SUCCESS |  
2019-08-21 12:28:03,907 | INFO  | DNAudit | user=null | ip=null | op=WRITE_CHUNK {blockData=conID: 1 locID: 102654966749331969 bcsId: 0} | ret=SUCCESS |  
2019-08-21 12:28:03,908 | INFO  | DNAudit | user=null | ip=null | op=PUT_BLOCK {blockData=[blockId=conID: 1 locID: 102654966749331969 bcsId: 0,size=2097152]} | ret=SUCCESS |  
2019-08-21 12:28:03,908 | INFO  | DNAudit | user=null | ip=null | op=PUT_BLOCK {blockData=[blockId=conID: 1 locID: 102654966749331969 bcsId: 0,size=2097152]} | ret=SUCCESS |  
2019-08-21 12:28:03,908 | INFO  | DNAudit | user=null | ip=null | op=WRITE_CHUNK {blockData=conID: 1 locID: 102654966749331969 bcsId: 2448} | ret=SUCCESS |  
2019-08-21 12:28:03,909 | INFO  | DNAudit | user=null | ip=null | op=WRITE_CHUNK {blockData=conID: 1 locID: 102654966749331969 bcsId: 2448} | ret=SUCCESS |  
2019-08-21 12:28:03,910 [grpc-default-executor-1] INFO  client.GrpcClientProtocolClient (GrpcClientProtocolClient.java:onNext(255)) - client-C954105195FD->270584e6-a4a8-4db5-8151-214655ce1a56: receive RaftClientReply:client-C954105195FD->270584e6-a4a8-4db5-8151-214655ce1a56@group-787F5BA3AA67, cid=1695, SUCCESS, logIndex=2453, commits[270584e6-a4a8-4db5-8151-214655ce1a56:c2454, af078b8b-61ec-497f-9506-472d46a72462:c2450, 09fb9ab4-1b8d-44c0-9f8c-50855c6f1fed:c2448]
2019-08-21 12:28:03,910 | INFO  | DNAudit | user=null | ip=null | op=PUT_BLOCK {blockData=[blockId=conID: 1 locID: 102654966749331969 bcsId: 0,size=3145728]} | ret=SUCCESS |  
2019-08-21 12:28:03,910 | INFO  | DNAudit | user=null | ip=null | op=WRITE_CHUNK {blockData=conID: 1 locID: 102654966749331969 bcsId: 2448} | ret=SUCCESS |  
2019-08-21 12:28:03,911 | INFO  | DNAudit | user=null | ip=null | op=WRITE_CHUNK {blockData=conID: 1 locID: 102654966749331969 bcsId: 2448} | ret=SUCCESS |  
2019-08-21 12:28:03,911 | INFO  | DNAudit | user=null | ip=null | op=PUT_BLOCK {blockData=[blockId=conID: 1 locID: 102654966749331969 bcsId: 0,size=3145728]} | ret=SUCCESS |  
2019-08-21 12:28:03,911 | INFO  | DNAudit | user=null | ip=null | op=PUT_BLOCK {blockData=[blockId=conID: 1 locID: 102654966749331969 bcsId: 0,size=3145728]} | ret=SUCCESS |  
2019-08-21 12:28:03,911 [grpc-default-executor-1] INFO  client.GrpcClientProtocolClient (GrpcClientProtocolClient.java:onNext(255)) - client-C954105195FD->270584e6-a4a8-4db5-8151-214655ce1a56: receive RaftClientReply:client-C954105195FD->270584e6-a4a8-4db5-8151-214655ce1a56@group-787F5BA3AA67, cid=1696, SUCCESS, logIndex=2454, commits[270584e6-a4a8-4db5-8151-214655ce1a56:c2455, af078b8b-61ec-497f-9506-472d46a72462:c2454, 09fb9ab4-1b8d-44c0-9f8c-50855c6f1fed:c2454]
2019-08-21 12:28:03,917 | INFO  | DNAudit | user=null | ip=null | op=WRITE_CHUNK {blockData=conID: 1 locID: 102654966749331969 bcsId: 2454} | ret=SUCCESS |  
2019-08-21 12:28:03,920 | INFO  | DNAudit | user=null | ip=null | op=WRITE_CHUNK {blockData=conID: 1 locID: 102654966749331969 bcsId: 2454} | ret=SUCCESS |  
2019-08-21 12:28:03,920 | INFO  | DNAudit | user=null | ip=null | op=WRITE_CHUNK {blockData=conID: 1 locID: 102654966749331969 bcsId: 2454} | ret=SUCCESS |  
2019-08-21 12:28:03,932 | INFO  | DNAudit | user=null | ip=null | op=WRITE_CHUNK {blockData=conID: 1 locID: 102654966749331969 bcsId: 2454} | ret=SUCCESS |  
2019-08-21 12:28:03,932 | INFO  | DNAudit | user=null | ip=null | op=PUT_BLOCK {blockData=[blockId=conID: 1 locID: 102654966749331969 bcsId: 0,size=4194304]} | ret=SUCCESS |  
2019-08-21 12:28:03,933 [grpc-default-executor-4] INFO  client.GrpcClientProtocolClient (GrpcClientProtocolClient.java:onNext(255)) - client-C954105195FD->270584e6-a4a8-4db5-8151-214655ce1a56: receive RaftClientReply:client-C954105195FD->270584e6-a4a8-4db5-8151-214655ce1a56@group-787F5BA3AA67, cid=1697, SUCCESS, logIndex=2457, commits[270584e6-a4a8-4db5-8151-214655ce1a56:c2458, af078b8b-61ec-497f-9506-472d46a72462:c2456, 09fb9ab4-1b8d-44c0-9f8c-50855c6f1fed:c2456]
2019-08-21 12:28:03,933 [grpc-default-executor-4] INFO  client.GrpcClientProtocolClient (GrpcClientProtocolClient.java:onNext(255)) - client-C954105195FD->270584e6-a4a8-4db5-8151-214655ce1a56: receive RaftClientReply:client-C954105195FD->270584e6-a4a8-4db5-8151-214655ce1a56@group-787F5BA3AA67, cid=1698, SUCCESS, logIndex=2458, commits[270584e6-a4a8-4db5-8151-214655ce1a56:c2458, af078b8b-61ec-497f-9506-472d46a72462:c2456, 09fb9ab4-1b8d-44c0-9f8c-50855c6f1fed:c2456]
2019-08-21 12:28:03,945 | INFO  | DNAudit | user=null | ip=null | op=WRITE_CHUNK {blockData=conID: 1 locID: 102654966749331969 bcsId: 2454} | ret=SUCCESS |  
2019-08-21 12:28:03,945 | INFO  | DNAudit | user=null | ip=null | op=WRITE_CHUNK {blockData=conID: 1 locID: 102654966749331969 bcsId: 2454} | ret=SUCCESS |  
2019-08-21 12:28:03,959 | INFO  | DNAudit | user=null | ip=null | op=PUT_BLOCK {blockData=[blockId=conID: 1 locID: 102654966749331969 bcsId: 0,size=4194304]} | ret=SUCCESS |  
2019-08-21 12:28:03,959 | INFO  | DNAudit | user=null | ip=null | op=PUT_BLOCK {blockData=[blockId=conID: 1 locID: 102654966749331969 bcsId: 0,size=4194304]} | ret=SUCCESS |  
2019-08-21 12:28:03,960 [grpc-default-executor-1] INFO  client.GrpcClientProtocolClient (GrpcClientProtocolClient.java:onNext(255)) - client-C954105195FD->270584e6-a4a8-4db5-8151-214655ce1a56: receive RaftClientReply:client-C954105195FD->270584e6-a4a8-4db5-8151-214655ce1a56@group-787F5BA3AA67, cid=1699, SUCCESS, logIndex=0, commits[270584e6-a4a8-4db5-8151-214655ce1a56:c2460, af078b8b-61ec-497f-9506-472d46a72462:c2458, 09fb9ab4-1b8d-44c0-9f8c-50855c6f1fed:c2458]
2019-08-21 12:28:03,966 | INFO  | SCMAudit | user=jenkins1000 | ip=192.168.34.23 | op=ALLOCATE_BLOCK {owner=b79f83c9-5f7d-4caf-af30-78af34bc5eea, size=4194304, type=RATIS, factor=THREE} | ret=SUCCESS |  
2019-08-21 12:28:03,969 | INFO  | OMAudit | user=jenkins1000 | ip=127.0.0.1 | op=ALLOCATE_BLOCK {volume=vol-0-06517, bucket=bucket-0-64549, key=key-0-34512, dataSize=0, replicationType=null, replicationFactor=null, keyLocationInfo=null, clientID=102654965997830546} | ret=SUCCESS |  
2019-08-21 12:28:03,976 | INFO  | DNAudit | user=null | ip=null | op=WRITE_CHUNK {blockData=conID: 2 locID: 102654966757130754 bcsId: 0} | ret=SUCCESS |  
2019-08-21 12:28:03,979 | INFO  | DNAudit | user=null | ip=null | op=WRITE_CHUNK {blockData=conID: 2 locID: 102654966757130754 bcsId: 0} | ret=SUCCESS |  
2019-08-21 12:28:03,980 | INFO  | DNAudit | user=null | ip=null | op=WRITE_CHUNK {blockData=conID: 2 locID: 102654966757130754 bcsId: 0} | ret=SUCCESS |  
2019-08-21 12:28:03,981 | INFO  | DNAudit | user=null | ip=null | op=WRITE_CHUNK {blockData=conID: 2 locID: 102654966757130754 bcsId: 0} | ret=SUCCESS |  
2019-08-21 12:28:03,981 | INFO  | DNAudit | user=null | ip=null | op=WRITE_CHUNK {blockData=conID: 2 locID: 102654966757130754 bcsId: 0} | ret=SUCCESS |  
2019-08-21 12:28:03,982 | INFO  | DNAudit | user=null | ip=null | op=WRITE_CHUNK {blockData=conID: 2 locID: 102654966757130754 bcsId: 0} | ret=SUCCESS |  
2019-08-21 12:28:03,983 | INFO  | DNAudit | user=null | ip=null | op=WRITE_CHUNK {blockData=conID: 2 locID: 102654966757130754 bcsId: 0} | ret=SUCCESS |  
2019-08-21 12:28:03,983 | INFO  | DNAudit | user=null | ip=null | op=PUT_BLOCK {blockData=[blockId=conID: 2 locID: 102654966757130754 bcsId: 0,size=1048576]} | ret=SUCCESS |  
2019-08-21 12:28:03,984 [grpc-default-executor-5] INFO  client.GrpcClientProtocolClient (GrpcClientProtocolClient.java:onNext(255)) - client-C954105195FD->270584e6-a4a8-4db5-8151-214655ce1a56: receive RaftClientReply:client-C954105195FD->270584e6-a4a8-4db5-8151-214655ce1a56@group-787F5BA3AA67, cid=1700, SUCCESS, logIndex=2461, commits[270584e6-a4a8-4db5-8151-214655ce1a56:c2462, af078b8b-61ec-497f-9506-472d46a72462:c2458, 09fb9ab4-1b8d-44c0-9f8c-50855c6f1fed:c2460]
2019-08-21 12:28:03,984 | INFO  | DNAudit | user=null | ip=null | op=WRITE_CHUNK {blockData=conID: 2 locID: 102654966757130754 bcsId: 0} | ret=SUCCESS |  
2019-08-21 12:28:03,984 | INFO  | DNAudit | user=null | ip=null | op=PUT_BLOCK {blockData=[blockId=conID: 2 locID: 102654966757130754 bcsId: 0,size=2097152]} | ret=SUCCESS |  
2019-08-21 12:28:03,984 [grpc-default-executor-4] INFO  client.GrpcClientProtocolClient (GrpcClientProtocolClient.java:onNext(255)) - client-C954105195FD->270584e6-a4a8-4db5-8151-214655ce1a56: receive RaftClientReply:client-C954105195FD->270584e6-a4a8-4db5-8151-214655ce1a56@group-787F5BA3AA67, cid=1701, SUCCESS, logIndex=2462, commits[270584e6-a4a8-4db5-8151-214655ce1a56:c2462, af078b8b-61ec-497f-9506-472d46a72462:c2458, 09fb9ab4-1b8d-44c0-9f8c-50855c6f1fed:c2460]
2019-08-21 12:28:03,985 [grpc-default-executor-4] INFO  client.GrpcClientProtocolClient (GrpcClientProtocolClient.java:onNext(255)) - client-C954105195FD->270584e6-a4a8-4db5-8151-214655ce1a56: receive RaftClientReply:client-C954105195FD->270584e6-a4a8-4db5-8151-214655ce1a56@group-787F5BA3AA67, cid=1702, SUCCESS, logIndex=2463, commits[270584e6-a4a8-4db5-8151-214655ce1a56:c2464, af078b8b-61ec-497f-9506-472d46a72462:c2460, 09fb9ab4-1b8d-44c0-9f8c-50855c6f1fed:c2460]
2019-08-21 12:28:03,985 [grpc-default-executor-4] INFO  client.GrpcClientProtocolClient (GrpcClientProtocolClient.java:onNext(255)) - client-C954105195FD->270584e6-a4a8-4db5-8151-214655ce1a56: receive RaftClientReply:client-C954105195FD->270584e6-a4a8-4db5-8151-214655ce1a56@group-787F5BA3AA67, cid=1703, SUCCESS, logIndex=2464, commits[270584e6-a4a8-4db5-8151-214655ce1a56:c2464, af078b8b-61ec-497f-9506-472d46a72462:c2460, 09fb9ab4-1b8d-44c0-9f8c-50855c6f1fed:c2460]
2019-08-21 12:28:03,986 | INFO  | DNAudit | user=null | ip=null | op=WRITE_CHUNK {blockData=conID: 2 locID: 102654966757130754 bcsId: 0} | ret=SUCCESS |  
2019-08-21 12:28:03,987 | INFO  | DNAudit | user=null | ip=null | op=PUT_BLOCK {blockData=[blockId=conID: 2 locID: 102654966757130754 bcsId: 0,size=1048576]} | ret=SUCCESS |  
2019-08-21 12:28:03,988 | INFO  | DNAudit | user=null | ip=null | op=WRITE_CHUNK {blockData=conID: 2 locID: 102654966757130754 bcsId: 0} | ret=SUCCESS |  
2019-08-21 12:28:03,988 | INFO  | DNAudit | user=null | ip=null | op=PUT_BLOCK {blockData=[blockId=conID: 2 locID: 102654966757130754 bcsId: 0,size=1048576]} | ret=SUCCESS |  
2019-08-21 12:28:03,988 [grpc-default-executor-4] INFO  client.GrpcClientProtocolClient (GrpcClientProtocolClient.java:onNext(255)) - client-C954105195FD->270584e6-a4a8-4db5-8151-214655ce1a56: receive RaftClientReply:client-C954105195FD->270584e6-a4a8-4db5-8151-214655ce1a56@group-787F5BA3AA67, cid=1704, SUCCESS, logIndex=0, commits[270584e6-a4a8-4db5-8151-214655ce1a56:c2465, af078b8b-61ec-497f-9506-472d46a72462:c2462, 09fb9ab4-1b8d-44c0-9f8c-50855c6f1fed:c2462]
2019-08-21 12:28:03,989 | INFO  | DNAudit | user=null | ip=null | op=WRITE_CHUNK {blockData=conID: 2 locID: 102654966757130754 bcsId: 0} | ret=SUCCESS |  
2019-08-21 12:28:03,989 | INFO  | DNAudit | user=null | ip=null | op=PUT_BLOCK {blockData=[blockId=conID: 2 locID: 102654966757130754 bcsId: 0,size=2097152]} | ret=SUCCESS |  
2019-08-21 12:28:03,990 | INFO  | DNAudit | user=null | ip=null | op=WRITE_CHUNK {blockData=conID: 2 locID: 102654966757130754 bcsId: 0} | ret=SUCCESS |  
2019-08-21 12:28:03,990 | INFO  | DNAudit | user=null | ip=null | op=PUT_BLOCK {blockData=[blockId=conID: 2 locID: 102654966757130754 bcsId: 0,size=2097152]} | ret=SUCCESS |  
2019-08-21 12:28:03,996 | INFO  | DNAudit | user=null | ip=null | op=WRITE_CHUNK {blockData=conID: 2 locID: 102654966757130754 bcsId: 2464} | ret=SUCCESS |  
2019-08-21 12:28:03,998 | INFO  | DNAudit | user=null | ip=null | op=WRITE_CHUNK {blockData=conID: 2 locID: 102654966757130754 bcsId: 2464} | ret=SUCCESS |  
2019-08-21 12:28:03,999 | INFO  | DNAudit | user=null | ip=null | op=WRITE_CHUNK {blockData=conID: 2 locID: 102654966757130754 bcsId: 2464} | ret=SUCCESS |  
2019-08-21 12:28:04,022 | INFO  | DNAudit | user=null | ip=null | op=WRITE_CHUNK {blockData=conID: 2 locID: 102654966757130754 bcsId: 2464} | ret=SUCCESS |  
2019-08-21 12:28:04,022 | INFO  | DNAudit | user=null | ip=null | op=PUT_BLOCK {blockData=[blockId=conID: 2 locID: 102654966757130754 bcsId: 0,size=3145728]} | ret=SUCCESS |  
2019-08-21 12:28:04,022 [grpc-default-executor-1] INFO  client.GrpcClientProtocolClient (GrpcClientProtocolClient.java:onNext(255)) - client-C954105195FD->270584e6-a4a8-4db5-8151-214655ce1a56: receive RaftClientReply:client-C954105195FD->270584e6-a4a8-4db5-8151-214655ce1a56@group-787F5BA3AA67, cid=1705, SUCCESS, logIndex=2469, commits[270584e6-a4a8-4db5-8151-214655ce1a56:c2470, af078b8b-61ec-497f-9506-472d46a72462:c2468, 09fb9ab4-1b8d-44c0-9f8c-50855c6f1fed:c2468]
2019-08-21 12:28:04,023 [grpc-default-executor-1] INFO  client.GrpcClientProtocolClient (GrpcClientProtocolClient.java:onNext(255)) - client-C954105195FD->270584e6-a4a8-4db5-8151-214655ce1a56: receive RaftClientReply:client-C954105195FD->270584e6-a4a8-4db5-8151-214655ce1a56@group-787F5BA3AA67, cid=1706, SUCCESS, logIndex=2470, commits[270584e6-a4a8-4db5-8151-214655ce1a56:c2470, af078b8b-61ec-497f-9506-472d46a72462:c2468, 09fb9ab4-1b8d-44c0-9f8c-50855c6f1fed:c2468]
2019-08-21 12:28:04,026 | INFO  | DNAudit | user=null | ip=null | op=WRITE_CHUNK {blockData=conID: 2 locID: 102654966757130754 bcsId: 2464} | ret=SUCCESS |  
2019-08-21 12:28:04,026 | INFO  | DNAudit | user=null | ip=null | op=WRITE_CHUNK {blockData=conID: 2 locID: 102654966757130754 bcsId: 2464} | ret=SUCCESS |  
2019-08-21 12:28:04,026 | INFO  | DNAudit | user=null | ip=null | op=PUT_BLOCK {blockData=[blockId=conID: 2 locID: 102654966757130754 bcsId: 0,size=3145728]} | ret=SUCCESS |  
2019-08-21 12:28:04,029 | INFO  | DNAudit | user=null | ip=null | op=PUT_BLOCK {blockData=[blockId=conID: 2 locID: 102654966757130754 bcsId: 0,size=3145728]} | ret=SUCCESS |  
2019-08-21 12:28:04,029 | INFO  | DNAudit | user=null | ip=null | op=WRITE_CHUNK {blockData=conID: 2 locID: 102654966757130754 bcsId: 2470} | ret=SUCCESS |  
2019-08-21 12:28:04,032 | INFO  | DNAudit | user=null | ip=null | op=WRITE_CHUNK {blockData=conID: 2 locID: 102654966757130754 bcsId: 2470} | ret=SUCCESS |  
2019-08-21 12:28:04,032 | INFO  | DNAudit | user=null | ip=null | op=WRITE_CHUNK {blockData=conID: 2 locID: 102654966757130754 bcsId: 2470} | ret=SUCCESS |  
2019-08-21 12:28:04,041 | INFO  | DNAudit | user=null | ip=null | op=WRITE_CHUNK {blockData=conID: 2 locID: 102654966757130754 bcsId: 2470} | ret=SUCCESS |  
2019-08-21 12:28:04,042 | INFO  | DNAudit | user=null | ip=null | op=PUT_BLOCK {blockData=[blockId=conID: 2 locID: 102654966757130754 bcsId: 0,size=4194304]} | ret=SUCCESS |  
2019-08-21 12:28:04,042 [grpc-default-executor-5] INFO  client.GrpcClientProtocolClient (GrpcClientProtocolClient.java:onNext(255)) - client-C954105195FD->270584e6-a4a8-4db5-8151-214655ce1a56: receive RaftClientReply:client-C954105195FD->270584e6-a4a8-4db5-8151-214655ce1a56@group-787F5BA3AA67, cid=1707, SUCCESS, logIndex=2473, commits[270584e6-a4a8-4db5-8151-214655ce1a56:c2474, af078b8b-61ec-497f-9506-472d46a72462:c2471, 09fb9ab4-1b8d-44c0-9f8c-50855c6f1fed:c2471]
2019-08-21 12:28:04,042 [grpc-default-executor-5] INFO  client.GrpcClientProtocolClient (GrpcClientProtocolClient.java:onNext(255)) - client-C954105195FD->270584e6-a4a8-4db5-8151-214655ce1a56: receive RaftClientReply:client-C954105195FD->270584e6-a4a8-4db5-8151-214655ce1a56@group-787F5BA3AA67, cid=1708, SUCCESS, logIndex=2474, commits[270584e6-a4a8-4db5-8151-214655ce1a56:c2474, af078b8b-61ec-497f-9506-472d46a72462:c2471, 09fb9ab4-1b8d-44c0-9f8c-50855c6f1fed:c2471]
2019-08-21 12:28:04,052 | INFO  | DNAudit | user=null | ip=null | op=WRITE_CHUNK {blockData=conID: 2 locID: 102654966757130754 bcsId: 2470} | ret=SUCCESS |  
2019-08-21 12:28:04,052 | INFO  | DNAudit | user=null | ip=null | op=WRITE_CHUNK {blockData=conID: 2 locID: 102654966757130754 bcsId: 2470} | ret=SUCCESS |  
2019-08-21 12:28:04,053 | INFO  | DNAudit | user=null | ip=null | op=PUT_BLOCK {blockData=[blockId=conID: 2 locID: 102654966757130754 bcsId: 0,size=4194304]} | ret=SUCCESS |  
2019-08-21 12:28:04,055 | INFO  | DNAudit | user=null | ip=null | op=PUT_BLOCK {blockData=[blockId=conID: 2 locID: 102654966757130754 bcsId: 0,size=4194304]} | ret=SUCCESS |  
2019-08-21 12:28:04,056 [grpc-default-executor-5] INFO  client.GrpcClientProtocolClient (GrpcClientProtocolClient.java:onNext(255)) - client-C954105195FD->270584e6-a4a8-4db5-8151-214655ce1a56: receive RaftClientReply:client-C954105195FD->270584e6-a4a8-4db5-8151-214655ce1a56@group-787F5BA3AA67, cid=1709, SUCCESS, logIndex=0, commits[270584e6-a4a8-4db5-8151-214655ce1a56:c2475, af078b8b-61ec-497f-9506-472d46a72462:c2474, 09fb9ab4-1b8d-44c0-9f8c-50855c6f1fed:c2474]
2019-08-21 12:28:04,062 | INFO  | SCMAudit | user=jenkins1000 | ip=192.168.34.23 | op=ALLOCATE_BLOCK {owner=b79f83c9-5f7d-4caf-af30-78af34bc5eea, size=4194304, type=RATIS, factor=THREE} | ret=SUCCESS |  
2019-08-21 12:28:04,065 | INFO  | OMAudit | user=jenkins1000 | ip=127.0.0.1 | op=ALLOCATE_BLOCK {volume=vol-0-06517, bucket=bucket-0-64549, key=key-0-34512, dataSize=0, replicationType=null, replicationFactor=null, keyLocationInfo=null, clientID=102654965997830546} | ret=SUCCESS |  
2019-08-21 12:28:04,072 | INFO  | DNAudit | user=null | ip=null | op=WRITE_CHUNK {blockData=conID: 3 locID: 102654966763422211 bcsId: 0} | ret=SUCCESS |  
2019-08-21 12:28:04,075 | INFO  | DNAudit | user=null | ip=null | op=WRITE_CHUNK {blockData=conID: 3 locID: 102654966763422211 bcsId: 0} | ret=SUCCESS |  
2019-08-21 12:28:04,076 | INFO  | DNAudit | user=null | ip=null | op=WRITE_CHUNK {blockData=conID: 3 locID: 102654966763422211 bcsId: 0} | ret=SUCCESS |  
2019-08-21 12:28:04,076 | INFO  | DNAudit | user=null | ip=null | op=WRITE_CHUNK {blockData=conID: 3 locID: 102654966763422211 bcsId: 0} | ret=SUCCESS |  
2019-08-21 12:28:04,077 | INFO  | DNAudit | user=null | ip=null | op=WRITE_CHUNK {blockData=conID: 3 locID: 102654966763422211 bcsId: 0} | ret=SUCCESS |  
2019-08-21 12:28:04,078 | INFO  | DNAudit | user=null | ip=null | op=WRITE_CHUNK {blockData=conID: 3 locID: 102654966763422211 bcsId: 0} | ret=SUCCESS |  
2019-08-21 12:28:04,079 | INFO  | SCMAudit | user=jenkins1000 | ip=192.168.34.23 | op=SEND_HEARTBEAT {datanodeUUID=0aa4def6-fe9f-4182-b0b1-80406548816f, command=[]} | ret=SUCCESS |  
2019-08-21 12:28:04,079 | INFO  | SCMAudit | user=jenkins1000 | ip=192.168.34.23 | op=SEND_HEARTBEAT {datanodeUUID=39ae8c09-9b4b-4ddc-906b-4e52d104e1b1, command=[]} | ret=SUCCESS |  
2019-08-21 12:28:04,087 | INFO  | DNAudit | user=null | ip=null | op=WRITE_CHUNK {blockData=conID: 3 locID: 102654966763422211 bcsId: 0} | ret=SUCCESS |  
2019-08-21 12:28:04,087 | INFO  | DNAudit | user=null | ip=null | op=PUT_BLOCK {blockData=[blockId=conID: 3 locID: 102654966763422211 bcsId: 0,size=1048576]} | ret=SUCCESS |  
2019-08-21 12:28:04,088 | INFO  | DNAudit | user=null | ip=null | op=WRITE_CHUNK {blockData=conID: 3 locID: 102654966763422211 bcsId: 0} | ret=SUCCESS |  
2019-08-21 12:28:04,088 [grpc-default-executor-5] INFO  client.GrpcClientProtocolClient (GrpcClientProtocolClient.java:onNext(255)) - client-C954105195FD->270584e6-a4a8-4db5-8151-214655ce1a56: receive RaftClientReply:client-C954105195FD->270584e6-a4a8-4db5-8151-214655ce1a56@group-787F5BA3AA67, cid=1710, SUCCESS, logIndex=2477, commits[270584e6-a4a8-4db5-8151-214655ce1a56:c2478, af078b8b-61ec-497f-9506-472d46a72462:c2476, 09fb9ab4-1b8d-44c0-9f8c-50855c6f1fed:c2476]
2019-08-21 12:28:04,088 | INFO  | DNAudit | user=null | ip=null | op=PUT_BLOCK {blockData=[blockId=conID: 3 locID: 102654966763422211 bcsId: 0,size=2097152]} | ret=SUCCESS |  
2019-08-21 12:28:04,088 [grpc-default-executor-5] INFO  client.GrpcClientProtocolClient (GrpcClientProtocolClient.java:onNext(255)) - client-C954105195FD->270584e6-a4a8-4db5-8151-214655ce1a56: receive RaftClientReply:client-C954105195FD->270584e6-a4a8-4db5-8151-214655ce1a56@group-787F5BA3AA67, cid=1711, SUCCESS, logIndex=2478, commits[270584e6-a4a8-4db5-8151-214655ce1a56:c2480, af078b8b-61ec-497f-9506-472d46a72462:c2476, 09fb9ab4-1b8d-44c0-9f8c-50855c6f1fed:c2476]
2019-08-21 12:28:04,088 [grpc-default-executor-5] INFO  client.GrpcClientProtocolClient (GrpcClientProtocolClient.java:onNext(255)) - client-C954105195FD->270584e6-a4a8-4db5-8151-214655ce1a56: receive RaftClientReply:client-C954105195FD->270584e6-a4a8-4db5-8151-214655ce1a56@group-787F5BA3AA67, cid=1712, SUCCESS, logIndex=2479, commits[270584e6-a4a8-4db5-8151-214655ce1a56:c2480, af078b8b-61ec-497f-9506-472d46a72462:c2476, 09fb9ab4-1b8d-44c0-9f8c-50855c6f1fed:c2476]
2019-08-21 12:28:04,088 [grpc-default-executor-5] INFO  client.GrpcClientProtocolClient (GrpcClientProtocolClient.java:onNext(255)) - client-C954105195FD->270584e6-a4a8-4db5-8151-214655ce1a56: receive RaftClientReply:client-C954105195FD->270584e6-a4a8-4db5-8151-214655ce1a56@group-787F5BA3AA67, cid=1713, SUCCESS, logIndex=2480, commits[270584e6-a4a8-4db5-8151-214655ce1a56:c2480, af078b8b-61ec-497f-9506-472d46a72462:c2476, 09fb9ab4-1b8d-44c0-9f8c-50855c6f1fed:c2476]
2019-08-21 12:28:04,089 | INFO  | DNAudit | user=null | ip=null | op=WRITE_CHUNK {blockData=conID: 3 locID: 102654966763422211 bcsId: 0} | ret=SUCCESS |  
2019-08-21 12:28:04,089 | INFO  | DNAudit | user=null | ip=null | op=WRITE_CHUNK {blockData=conID: 3 locID: 102654966763422211 bcsId: 0} | ret=SUCCESS |  
2019-08-21 12:28:04,091 | INFO  | DNAudit | user=null | ip=null | op=PUT_BLOCK {blockData=[blockId=conID: 3 locID: 102654966763422211 bcsId: 0,size=1048576]} | ret=SUCCESS |  
2019-08-21 12:28:04,091 | INFO  | DNAudit | user=null | ip=null | op=WRITE_CHUNK {blockData=conID: 3 locID: 102654966763422211 bcsId: 0} | ret=SUCCESS |  
2019-08-21 12:28:04,091 | INFO  | DNAudit | user=null | ip=null | op=PUT_BLOCK {blockData=[blockId=conID: 3 locID: 102654966763422211 bcsId: 0,size=1048576]} | ret=SUCCESS |  
2019-08-21 12:28:04,091 | INFO  | DNAudit | user=null | ip=null | op=PUT_BLOCK {blockData=[blockId=conID: 3 locID: 102654966763422211 bcsId: 0,size=2097152]} | ret=SUCCESS |  
2019-08-21 12:28:04,092 | INFO  | DNAudit | user=null | ip=null | op=WRITE_CHUNK {blockData=conID: 3 locID: 102654966763422211 bcsId: 0} | ret=SUCCESS |  
2019-08-21 12:28:04,092 [grpc-default-executor-2] INFO  client.GrpcClientProtocolClient (GrpcClientProtocolClient.java:onNext(255)) - client-C954105195FD->270584e6-a4a8-4db5-8151-214655ce1a56: receive RaftClientReply:client-C954105195FD->270584e6-a4a8-4db5-8151-214655ce1a56@group-787F5BA3AA67, cid=1714, SUCCESS, logIndex=0, commits[270584e6-a4a8-4db5-8151-214655ce1a56:c2483, af078b8b-61ec-497f-9506-472d46a72462:c2478, 09fb9ab4-1b8d-44c0-9f8c-50855c6f1fed:c2479]
2019-08-21 12:28:04,092 | INFO  | DNAudit | user=null | ip=null | op=PUT_BLOCK {blockData=[blockId=conID: 3 locID: 102654966763422211 bcsId: 0,size=2097152]} | ret=SUCCESS |  
2019-08-21 12:28:04,099 | INFO  | DNAudit | user=null | ip=null | op=WRITE_CHUNK {blockData=conID: 3 locID: 102654966763422211 bcsId: 2480} | ret=SUCCESS |  
2019-08-21 12:28:04,101 | INFO  | DNAudit | user=null | ip=null | op=WRITE_CHUNK {blockData=conID: 3 locID: 102654966763422211 bcsId: 2480} | ret=SUCCESS |  
2019-08-21 12:28:04,102 | INFO  | DNAudit | user=null | ip=null | op=WRITE_CHUNK {blockData=conID: 3 locID: 102654966763422211 bcsId: 2480} | ret=SUCCESS |  
2019-08-21 12:28:04,112 | INFO  | DNAudit | user=null | ip=null | op=WRITE_CHUNK {blockData=conID: 3 locID: 102654966763422211 bcsId: 2480} | ret=SUCCESS |  
2019-08-21 12:28:04,112 | INFO  | DNAudit | user=null | ip=null | op=PUT_BLOCK {blockData=[blockId=conID: 3 locID: 102654966763422211 bcsId: 0,size=3145728]} | ret=SUCCESS |  
2019-08-21 12:28:04,112 [grpc-default-executor-4] INFO  client.GrpcClientProtocolClient (GrpcClientProtocolClient.java:onNext(255)) - client-C954105195FD->270584e6-a4a8-4db5-8151-214655ce1a56: receive RaftClientReply:client-C954105195FD->270584e6-a4a8-4db5-8151-214655ce1a56@group-787F5BA3AA67, cid=1715, SUCCESS, logIndex=2485, commits[270584e6-a4a8-4db5-8151-214655ce1a56:c2486, af078b8b-61ec-497f-9506-472d46a72462:c2484, 09fb9ab4-1b8d-44c0-9f8c-50855c6f1fed:c2484]
2019-08-21 12:28:04,113 [grpc-default-executor-4] INFO  client.GrpcClientProtocolClient (GrpcClientProtocolClient.java:onNext(255)) - client-C954105195FD->270584e6-a4a8-4db5-8151-214655ce1a56: receive RaftClientReply:client-C954105195FD->270584e6-a4a8-4db5-8151-214655ce1a56@group-787F5BA3AA67, cid=1716, SUCCESS, logIndex=2486, commits[270584e6-a4a8-4db5-8151-214655ce1a56:c2486, af078b8b-61ec-497f-9506-472d46a72462:c2484, 09fb9ab4-1b8d-44c0-9f8c-50855c6f1fed:c2484]
2019-08-21 12:28:04,120 | INFO  | DNAudit | user=null | ip=null | op=WRITE_CHUNK {blockData=conID: 3 locID: 102654966763422211 bcsId: 2486} | ret=SUCCESS |  
2019-08-21 12:28:04,122 | INFO  | DNAudit | user=null | ip=null | op=WRITE_CHUNK {blockData=conID: 3 locID: 102654966763422211 bcsId: 2486} | ret=SUCCESS |  
2019-08-21 12:28:04,123 | INFO  | DNAudit | user=null | ip=null | op=WRITE_CHUNK {blockData=conID: 3 locID: 102654966763422211 bcsId: 2486} | ret=SUCCESS |  
2019-08-21 12:28:04,125 | INFO  | DNAudit | user=null | ip=null | op=WRITE_CHUNK {blockData=conID: 3 locID: 102654966763422211 bcsId: 2480} | ret=SUCCESS |  
2019-08-21 12:28:04,125 | INFO  | DNAudit | user=null | ip=null | op=WRITE_CHUNK {blockData=conID: 3 locID: 102654966763422211 bcsId: 2480} | ret=SUCCESS |  
2019-08-21 12:28:04,126 | INFO  | DNAudit | user=null | ip=null | op=PUT_BLOCK {blockData=[blockId=conID: 3 locID: 102654966763422211 bcsId: 0,size=3145728]} | ret=SUCCESS |  
2019-08-21 12:28:04,126 | INFO  | DNAudit | user=null | ip=null | op=PUT_BLOCK {blockData=[blockId=conID: 3 locID: 102654966763422211 bcsId: 0,size=3145728]} | ret=SUCCESS |  
2019-08-21 12:28:04,138 | INFO  | DNAudit | user=null | ip=null | op=WRITE_CHUNK {blockData=conID: 3 locID: 102654966763422211 bcsId: 2486} | ret=SUCCESS |  
2019-08-21 12:28:04,139 | INFO  | DNAudit | user=null | ip=null | op=PUT_BLOCK {blockData=[blockId=conID: 3 locID: 102654966763422211 bcsId: 0,size=4194304]} | ret=SUCCESS |  
2019-08-21 12:28:04,139 [grpc-default-executor-4] INFO  client.GrpcClientProtocolClient (GrpcClientProtocolClient.java:onNext(255)) - client-C954105195FD->270584e6-a4a8-4db5-8151-214655ce1a56: receive RaftClientReply:client-C954105195FD->270584e6-a4a8-4db5-8151-214655ce1a56@group-787F5BA3AA67, cid=1717, SUCCESS, logIndex=2489, commits[270584e6-a4a8-4db5-8151-214655ce1a56:c2490, af078b8b-61ec-497f-9506-472d46a72462:c2486, 09fb9ab4-1b8d-44c0-9f8c-50855c6f1fed:c2486]
2019-08-21 12:28:04,139 [grpc-default-executor-4] INFO  client.GrpcClientProtocolClient (GrpcClientProtocolClient.java:onNext(255)) - client-C954105195FD->270584e6-a4a8-4db5-8151-214655ce1a56: receive RaftClientReply:client-C954105195FD->270584e6-a4a8-4db5-8151-214655ce1a56@group-787F5BA3AA67, cid=1718, SUCCESS, logIndex=2490, commits[270584e6-a4a8-4db5-8151-214655ce1a56:c2490, af078b8b-61ec-497f-9506-472d46a72462:c2486, 09fb9ab4-1b8d-44c0-9f8c-50855c6f1fed:c2486]
2019-08-21 12:28:04,151 | INFO  | DNAudit | user=null | ip=null | op=WRITE_CHUNK {blockData=conID: 3 locID: 102654966763422211 bcsId: 2486} | ret=SUCCESS |  
2019-08-21 12:28:04,151 | INFO  | DNAudit | user=null | ip=null | op=WRITE_CHUNK {blockData=conID: 3 locID: 102654966763422211 bcsId: 2486} | ret=SUCCESS |  
2019-08-21 12:28:04,165 | INFO  | DNAudit | user=null | ip=null | op=PUT_BLOCK {blockData=[blockId=conID: 3 locID: 102654966763422211 bcsId: 0,size=4194304]} | ret=SUCCESS |  
2019-08-21 12:28:04,165 | INFO  | DNAudit | user=null | ip=null | op=PUT_BLOCK {blockData=[blockId=conID: 3 locID: 102654966763422211 bcsId: 0,size=4194304]} | ret=SUCCESS |  
2019-08-21 12:28:04,165 [grpc-default-executor-4] INFO  client.GrpcClientProtocolClient (GrpcClientProtocolClient.java:onNext(255)) - client-C954105195FD->270584e6-a4a8-4db5-8151-214655ce1a56: receive RaftClientReply:client-C954105195FD->270584e6-a4a8-4db5-8151-214655ce1a56@group-787F5BA3AA67, cid=1719, SUCCESS, logIndex=0, commits[270584e6-a4a8-4db5-8151-214655ce1a56:c2492, af078b8b-61ec-497f-9506-472d46a72462:c2490, 09fb9ab4-1b8d-44c0-9f8c-50855c6f1fed:c2490]
2019-08-21 12:28:04,171 | INFO  | SCMAudit | user=jenkins1000 | ip=192.168.34.23 | op=ALLOCATE_BLOCK {owner=b79f83c9-5f7d-4caf-af30-78af34bc5eea, size=4194304, type=RATIS, factor=THREE} | ret=SUCCESS |  
2019-08-21 12:28:04,174 | INFO  | OMAudit | user=jenkins1000 | ip=127.0.0.1 | op=ALLOCATE_BLOCK {volume=vol-0-06517, bucket=bucket-0-64549, key=key-0-34512, dataSize=0, replicationType=null, replicationFactor=null, keyLocationInfo=null, clientID=102654965997830546} | ret=SUCCESS |  
2019-08-21 12:28:04,182 | INFO  | DNAudit | user=null | ip=null | op=WRITE_CHUNK {blockData=conID: 1 locID: 102654966770631172 bcsId: 0} | ret=SUCCESS |  
2019-08-21 12:28:04,185 | INFO  | DNAudit | user=null | ip=null | op=WRITE_CHUNK {blockData=conID: 1 locID: 102654966770631172 bcsId: 0} | ret=SUCCESS |  
2019-08-21 12:28:04,186 | INFO  | DNAudit | user=null | ip=null | op=WRITE_CHUNK {blockData=conID: 1 locID: 102654966770631172 bcsId: 0} | ret=SUCCESS |  
2019-08-21 12:28:04,186 | INFO  | DNAudit | user=null | ip=null | op=WRITE_CHUNK {blockData=conID: 1 locID: 102654966770631172 bcsId: 0} | ret=SUCCESS |  
2019-08-21 12:28:04,188 | INFO  | DNAudit | user=null | ip=null | op=WRITE_CHUNK {blockData=conID: 1 locID: 102654966770631172 bcsId: 0} | ret=SUCCESS |  
2019-08-21 12:28:04,190 | INFO  | DNAudit | user=null | ip=null | op=WRITE_CHUNK {blockData=conID: 1 locID: 102654966770631172 bcsId: 0} | ret=SUCCESS |  
2019-08-21 12:28:04,197 | INFO  | DNAudit | user=null | ip=null | op=WRITE_CHUNK {blockData=conID: 1 locID: 102654966770631172 bcsId: 0} | ret=SUCCESS |  
2019-08-21 12:28:04,198 | INFO  | DNAudit | user=null | ip=null | op=PUT_BLOCK {blockData=[blockId=conID: 1 locID: 102654966770631172 bcsId: 0,size=1048576]} | ret=SUCCESS |  
2019-08-21 12:28:04,198 [grpc-default-executor-4] INFO  client.GrpcClientProtocolClient (GrpcClientProtocolClient.java:onNext(255)) - client-C954105195FD->270584e6-a4a8-4db5-8151-214655ce1a56: receive RaftClientReply:client-C954105195FD->270584e6-a4a8-4db5-8151-214655ce1a56@group-787F5BA3AA67, cid=1720, SUCCESS, logIndex=2493, commits[270584e6-a4a8-4db5-8151-214655ce1a56:c2494, af078b8b-61ec-497f-9506-472d46a72462:c2492, 09fb9ab4-1b8d-44c0-9f8c-50855c6f1fed:c2492]
2019-08-21 12:28:04,199 [grpc-default-executor-4] INFO  client.GrpcClientProtocolClient (GrpcClientProtocolClient.java:onNext(255)) - client-C954105195FD->270584e6-a4a8-4db5-8151-214655ce1a56: receive RaftClientReply:client-C954105195FD->270584e6-a4a8-4db5-8151-214655ce1a56@group-787F5BA3AA67, cid=1721, SUCCESS, logIndex=2494, commits[270584e6-a4a8-4db5-8151-214655ce1a56:c2494, af078b8b-61ec-497f-9506-472d46a72462:c2492, 09fb9ab4-1b8d-44c0-9f8c-50855c6f1fed:c2492]
2019-08-21 12:28:04,211 | INFO  | DNAudit | user=null | ip=null | op=WRITE_CHUNK {blockData=conID: 1 locID: 102654966770631172 bcsId: 0} | ret=SUCCESS |  
2019-08-21 12:28:04,211 | INFO  | DNAudit | user=null | ip=null | op=PUT_BLOCK {blockData=[blockId=conID: 1 locID: 102654966770631172 bcsId: 0,size=2097152]} | ret=SUCCESS |  
2019-08-21 12:28:04,211 [grpc-default-executor-2] INFO  client.GrpcClientProtocolClient (GrpcClientProtocolClient.java:onNext(255)) - client-C954105195FD->270584e6-a4a8-4db5-8151-214655ce1a56: receive RaftClientReply:client-C954105195FD->270584e6-a4a8-4db5-8151-214655ce1a56@group-787F5BA3AA67, cid=1722, SUCCESS, logIndex=2495, commits[270584e6-a4a8-4db5-8151-214655ce1a56:c2496, af078b8b-61ec-497f-9506-472d46a72462:c2492, 09fb9ab4-1b8d-44c0-9f8c-50855c6f1fed:c2492]
2019-08-21 12:28:04,212 [grpc-default-executor-2] INFO  client.GrpcClientProtocolClient (GrpcClientProtocolClient.java:onNext(255)) - client-C954105195FD->270584e6-a4a8-4db5-8151-214655ce1a56: receive RaftClientReply:client-C954105195FD->270584e6-a4a8-4db5-8151-214655ce1a56@group-787F5BA3AA67, cid=1723, SUCCESS, logIndex=2496, commits[270584e6-a4a8-4db5-8151-214655ce1a56:c2496, af078b8b-61ec-497f-9506-472d46a72462:c2492, 09fb9ab4-1b8d-44c0-9f8c-50855c6f1fed:c2492]
2019-08-21 12:28:04,213 | INFO  | DNAudit | user=null | ip=null | op=WRITE_CHUNK {blockData=conID: 1 locID: 102654966770631172 bcsId: 0} | ret=SUCCESS |  
2019-08-21 12:28:04,213 | INFO  | DNAudit | user=null | ip=null | op=WRITE_CHUNK {blockData=conID: 1 locID: 102654966770631172 bcsId: 0} | ret=SUCCESS |  
2019-08-21 12:28:04,213 | INFO  | DNAudit | user=null | ip=null | op=PUT_BLOCK {blockData=[blockId=conID: 1 locID: 102654966770631172 bcsId: 0,size=1048576]} | ret=SUCCESS |  
2019-08-21 12:28:04,213 | INFO  | DNAudit | user=null | ip=null | op=PUT_BLOCK {blockData=[blockId=conID: 1 locID: 102654966770631172 bcsId: 0,size=1048576]} | ret=SUCCESS |  
2019-08-21 12:28:04,213 [grpc-default-executor-2] INFO  client.GrpcClientProtocolClient (GrpcClientProtocolClient.java:onNext(255)) - client-C954105195FD->270584e6-a4a8-4db5-8151-214655ce1a56: receive RaftClientReply:client-C954105195FD->270584e6-a4a8-4db5-8151-214655ce1a56@group-787F5BA3AA67, cid=1724, SUCCESS, logIndex=0, commits[270584e6-a4a8-4db5-8151-214655ce1a56:c2497, af078b8b-61ec-497f-9506-472d46a72462:c2494, 09fb9ab4-1b8d-44c0-9f8c-50855c6f1fed:c2494]
2019-08-21 12:28:04,215 | INFO  | DNAudit | user=null | ip=null | op=WRITE_CHUNK {blockData=conID: 1 locID: 102654966770631172 bcsId: 0} | ret=SUCCESS |  
2019-08-21 12:28:04,215 | INFO  | DNAudit | user=null | ip=null | op=WRITE_CHUNK {blockData=conID: 1 locID: 102654966770631172 bcsId: 0} | ret=SUCCESS |  
2019-08-21 12:28:04,215 | INFO  | DNAudit | user=null | ip=null | op=PUT_BLOCK {blockData=[blockId=conID: 1 locID: 102654966770631172 bcsId: 0,size=2097152]} | ret=SUCCESS |  
2019-08-21 12:28:04,215 | INFO  | DNAudit | user=null | ip=null | op=PUT_BLOCK {blockData=[blockId=conID: 1 locID: 102654966770631172 bcsId: 0,size=2097152]} | ret=SUCCESS |  
2019-08-21 12:28:04,221 | INFO  | DNAudit | user=null | ip=null | op=WRITE_CHUNK {blockData=conID: 1 locID: 102654966770631172 bcsId: 2496} | ret=SUCCESS |  
2019-08-21 12:28:04,223 | INFO  | DNAudit | user=null | ip=null | op=WRITE_CHUNK {blockData=conID: 1 locID: 102654966770631172 bcsId: 2496} | ret=SUCCESS |  
2019-08-21 12:28:04,223 | INFO  | DNAudit | user=null | ip=null | op=WRITE_CHUNK {blockData=conID: 1 locID: 102654966770631172 bcsId: 2496} | ret=SUCCESS |  
2019-08-21 12:28:04,225 | INFO  | DNAudit | user=null | ip=null | op=WRITE_CHUNK {blockData=conID: 1 locID: 102654966770631172 bcsId: 2496} | ret=SUCCESS |  
2019-08-21 12:28:04,225 | INFO  | DNAudit | user=null | ip=null | op=PUT_BLOCK {blockData=[blockId=conID: 1 locID: 102654966770631172 bcsId: 0,size=3145728]} | ret=SUCCESS |  
2019-08-21 12:28:04,225 [grpc-default-executor-4] INFO  client.GrpcClientProtocolClient (GrpcClientProtocolClient.java:onNext(255)) - client-C954105195FD->270584e6-a4a8-4db5-8151-214655ce1a56: receive RaftClientReply:client-C954105195FD->270584e6-a4a8-4db5-8151-214655ce1a56@group-787F5BA3AA67, cid=1725, SUCCESS, logIndex=2501, commits[270584e6-a4a8-4db5-8151-214655ce1a56:c2502, af078b8b-61ec-497f-9506-472d46a72462:c2500, 09fb9ab4-1b8d-44c0-9f8c-50855c6f1fed:c2500]
2019-08-21 12:28:04,226 [grpc-default-executor-4] INFO  client.GrpcClientProtocolClient (GrpcClientProtocolClient.java:onNext(255)) - client-C954105195FD->270584e6-a4a8-4db5-8151-214655ce1a56: receive RaftClientReply:client-C954105195FD->270584e6-a4a8-4db5-8151-214655ce1a56@group-787F5BA3AA67, cid=1726, SUCCESS, logIndex=2502, commits[270584e6-a4a8-4db5-8151-214655ce1a56:c2502, af078b8b-61ec-497f-9506-472d46a72462:c2500, 09fb9ab4-1b8d-44c0-9f8c-50855c6f1fed:c2500]
2019-08-21 12:28:04,228 | INFO  | DNAudit | user=null | ip=null | op=WRITE_CHUNK {blockData=conID: 1 locID: 102654966770631172 bcsId: 2496} | ret=SUCCESS |  
2019-08-21 12:28:04,228 | INFO  | DNAudit | user=null | ip=null | op=WRITE_CHUNK {blockData=conID: 1 locID: 102654966770631172 bcsId: 2496} | ret=SUCCESS |  
2019-08-21 12:28:04,228 | INFO  | DNAudit | user=null | ip=null | op=PUT_BLOCK {blockData=[blockId=conID: 1 locID: 102654966770631172 bcsId: 0,size=3145728]} | ret=SUCCESS |  
2019-08-21 12:28:04,228 | INFO  | DNAudit | user=null | ip=null | op=PUT_BLOCK {blockData=[blockId=conID: 1 locID: 102654966770631172 bcsId: 0,size=3145728]} | ret=SUCCESS |  
2019-08-21 12:28:04,233 | INFO  | DNAudit | user=null | ip=null | op=WRITE_CHUNK {blockData=conID: 1 locID: 102654966770631172 bcsId: 2502} | ret=SUCCESS |  
2019-08-21 12:28:04,234 | INFO  | DNAudit | user=null | ip=null | op=WRITE_CHUNK {blockData=conID: 1 locID: 102654966770631172 bcsId: 2502} | ret=SUCCESS |  
2019-08-21 12:28:04,235 | INFO  | DNAudit | user=null | ip=null | op=WRITE_CHUNK {blockData=conID: 1 locID: 102654966770631172 bcsId: 2502} | ret=SUCCESS |  
2019-08-21 12:28:04,236 | INFO  | DNAudit | user=null | ip=null | op=WRITE_CHUNK {blockData=conID: 1 locID: 102654966770631172 bcsId: 2502} | ret=SUCCESS |  
2019-08-21 12:28:04,236 | INFO  | DNAudit | user=null | ip=null | op=PUT_BLOCK {blockData=[blockId=conID: 1 locID: 102654966770631172 bcsId: 0,size=4194304]} | ret=SUCCESS |  
2019-08-21 12:28:04,236 [grpc-default-executor-4] INFO  client.GrpcClientProtocolClient (GrpcClientProtocolClient.java:onNext(255)) - client-C954105195FD->270584e6-a4a8-4db5-8151-214655ce1a56: receive RaftClientReply:client-C954105195FD->270584e6-a4a8-4db5-8151-214655ce1a56@group-787F5BA3AA67, cid=1727, SUCCESS, logIndex=2505, commits[270584e6-a4a8-4db5-8151-214655ce1a56:c2506, af078b8b-61ec-497f-9506-472d46a72462:c2503, 09fb9ab4-1b8d-44c0-9f8c-50855c6f1fed:c2502]
2019-08-21 12:28:04,236 [grpc-default-executor-4] INFO  client.GrpcClientProtocolClient (GrpcClientProtocolClient.java:onNext(255)) - client-C954105195FD->270584e6-a4a8-4db5-8151-214655ce1a56: receive RaftClientReply:client-C954105195FD->270584e6-a4a8-4db5-8151-214655ce1a56@group-787F5BA3AA67, cid=1728, SUCCESS, logIndex=2506, commits[270584e6-a4a8-4db5-8151-214655ce1a56:c2506, af078b8b-61ec-497f-9506-472d46a72462:c2503, 09fb9ab4-1b8d-44c0-9f8c-50855c6f1fed:c2503]
2019-08-21 12:28:04,239 | INFO  | DNAudit | user=null | ip=null | op=WRITE_CHUNK {blockData=conID: 1 locID: 102654966770631172 bcsId: 2502} | ret=SUCCESS |  
2019-08-21 12:28:04,239 | INFO  | DNAudit | user=null | ip=null | op=WRITE_CHUNK {blockData=conID: 1 locID: 102654966770631172 bcsId: 2502} | ret=SUCCESS |  
2019-08-21 12:28:04,239 | INFO  | DNAudit | user=null | ip=null | op=PUT_BLOCK {blockData=[blockId=conID: 1 locID: 102654966770631172 bcsId: 0,size=4194304]} | ret=SUCCESS |  
2019-08-21 12:28:04,239 | INFO  | DNAudit | user=null | ip=null | op=PUT_BLOCK {blockData=[blockId=conID: 1 locID: 102654966770631172 bcsId: 0,size=4194304]} | ret=SUCCESS |  
2019-08-21 12:28:04,239 [grpc-default-executor-4] INFO  client.GrpcClientProtocolClient (GrpcClientProtocolClient.java:onNext(255)) - client-C954105195FD->270584e6-a4a8-4db5-8151-214655ce1a56: receive RaftClientReply:client-C954105195FD->270584e6-a4a8-4db5-8151-214655ce1a56@group-787F5BA3AA67, cid=1729, SUCCESS, logIndex=0, commits[270584e6-a4a8-4db5-8151-214655ce1a56:c2507, af078b8b-61ec-497f-9506-472d46a72462:c2506, 09fb9ab4-1b8d-44c0-9f8c-50855c6f1fed:c2506]
2019-08-21 12:28:04,243 | INFO  | SCMAudit | user=jenkins1000 | ip=192.168.34.23 | op=ALLOCATE_BLOCK {owner=b79f83c9-5f7d-4caf-af30-78af34bc5eea, size=4194304, type=RATIS, factor=THREE} | ret=SUCCESS |  
2019-08-21 12:28:04,245 | INFO  | OMAudit | user=jenkins1000 | ip=127.0.0.1 | op=ALLOCATE_BLOCK {volume=vol-0-06517, bucket=bucket-0-64549, key=key-0-34512, dataSize=0, replicationType=null, replicationFactor=null, keyLocationInfo=null, clientID=102654965997830546} | ret=SUCCESS |  
2019-08-21 12:28:04,251 | INFO  | DNAudit | user=null | ip=null | op=WRITE_CHUNK {blockData=conID: 2 locID: 102654966775349765 bcsId: 0} | ret=SUCCESS |  
2019-08-21 12:28:04,254 | INFO  | DNAudit | user=null | ip=null | op=WRITE_CHUNK {blockData=conID: 2 locID: 102654966775349765 bcsId: 0} | ret=SUCCESS |  
2019-08-21 12:28:04,255 | INFO  | DNAudit | user=null | ip=null | op=WRITE_CHUNK {blockData=conID: 2 locID: 102654966775349765 bcsId: 0} | ret=SUCCESS |  
2019-08-21 12:28:04,255 | INFO  | DNAudit | user=null | ip=null | op=WRITE_CHUNK {blockData=conID: 2 locID: 102654966775349765 bcsId: 0} | ret=SUCCESS |  
2019-08-21 12:28:04,256 | INFO  | DNAudit | user=null | ip=null | op=WRITE_CHUNK {blockData=conID: 2 locID: 102654966775349765 bcsId: 0} | ret=SUCCESS |  
2019-08-21 12:28:04,256 | INFO  | DNAudit | user=null | ip=null | op=WRITE_CHUNK {blockData=conID: 2 locID: 102654966775349765 bcsId: 0} | ret=SUCCESS |  
2019-08-21 12:28:04,271 | INFO  | DNAudit | user=null | ip=null | op=WRITE_CHUNK {blockData=conID: 2 locID: 102654966775349765 bcsId: 0} | ret=SUCCESS |  
2019-08-21 12:28:04,273 | INFO  | DNAudit | user=null | ip=null | op=PUT_BLOCK {blockData=[blockId=conID: 2 locID: 102654966775349765 bcsId: 0,size=1048576]} | ret=SUCCESS |  
2019-08-21 12:28:04,274 | INFO  | DNAudit | user=null | ip=null | op=WRITE_CHUNK {blockData=conID: 2 locID: 102654966775349765 bcsId: 0} | ret=SUCCESS |  
2019-08-21 12:28:04,274 [grpc-default-executor-5] INFO  client.GrpcClientProtocolClient (GrpcClientProtocolClient.java:onNext(255)) - client-C954105195FD->270584e6-a4a8-4db5-8151-214655ce1a56: receive RaftClientReply:client-C954105195FD->270584e6-a4a8-4db5-8151-214655ce1a56@group-787F5BA3AA67, cid=1730, SUCCESS, logIndex=2509, commits[270584e6-a4a8-4db5-8151-214655ce1a56:c2510, af078b8b-61ec-497f-9506-472d46a72462:c2508, 09fb9ab4-1b8d-44c0-9f8c-50855c6f1fed:c2508]
2019-08-21 12:28:04,274 | INFO  | DNAudit | user=null | ip=null | op=WRITE_CHUNK {blockData=conID: 2 locID: 102654966775349765 bcsId: 0} | ret=SUCCESS |  
2019-08-21 12:28:04,274 | INFO  | DNAudit | user=null | ip=null | op=WRITE_CHUNK {blockData=conID: 2 locID: 102654966775349765 bcsId: 0} | ret=SUCCESS |  
2019-08-21 12:28:04,274 | INFO  | DNAudit | user=null | ip=null | op=PUT_BLOCK {blockData=[blockId=conID: 2 locID: 102654966775349765 bcsId: 0,size=1048576]} | ret=SUCCESS |  
2019-08-21 12:28:04,274 | INFO  | DNAudit | user=null | ip=null | op=PUT_BLOCK {blockData=[blockId=conID: 2 locID: 102654966775349765 bcsId: 0,size=1048576]} | ret=SUCCESS |  
2019-08-21 12:28:04,274 [grpc-default-executor-5] INFO  client.GrpcClientProtocolClient (GrpcClientProtocolClient.java:onNext(255)) - client-C954105195FD->270584e6-a4a8-4db5-8151-214655ce1a56: receive RaftClientReply:client-C954105195FD->270584e6-a4a8-4db5-8151-214655ce1a56@group-787F5BA3AA67, cid=1731, SUCCESS, logIndex=2510, commits[270584e6-a4a8-4db5-8151-214655ce1a56:c2512, af078b8b-61ec-497f-9506-472d46a72462:c2508, 09fb9ab4-1b8d-44c0-9f8c-50855c6f1fed:c2510]
2019-08-21 12:28:04,275 | INFO  | DNAudit | user=null | ip=null | op=PUT_BLOCK {blockData=[blockId=conID: 2 locID: 102654966775349765 bcsId: 0,size=2097152]} | ret=SUCCESS |  
2019-08-21 12:28:04,275 [grpc-default-executor-5] INFO  client.GrpcClientProtocolClient (GrpcClientProtocolClient.java:onNext(255)) - client-C954105195FD->270584e6-a4a8-4db5-8151-214655ce1a56: receive RaftClientReply:client-C954105195FD->270584e6-a4a8-4db5-8151-214655ce1a56@group-787F5BA3AA67, cid=1732, SUCCESS, logIndex=2511, commits[270584e6-a4a8-4db5-8151-214655ce1a56:c2513, af078b8b-61ec-497f-9506-472d46a72462:c2510, 09fb9ab4-1b8d-44c0-9f8c-50855c6f1fed:c2510]
2019-08-21 12:28:04,275 | INFO  | DNAudit | user=null | ip=null | op=WRITE_CHUNK {blockData=conID: 2 locID: 102654966775349765 bcsId: 0} | ret=SUCCESS |  
2019-08-21 12:28:04,275 | INFO  | DNAudit | user=null | ip=null | op=PUT_BLOCK {blockData=[blockId=conID: 2 locID: 102654966775349765 bcsId: 0,size=2097152]} | ret=SUCCESS |  
2019-08-21 12:28:04,275 [grpc-default-executor-5] INFO  client.GrpcClientProtocolClient (GrpcClientProtocolClient.java:onNext(255)) - client-C954105195FD->270584e6-a4a8-4db5-8151-214655ce1a56: receive RaftClientReply:client-C954105195FD->270584e6-a4a8-4db5-8151-214655ce1a56@group-787F5BA3AA67, cid=1733, SUCCESS, logIndex=2512, commits[270584e6-a4a8-4db5-8151-214655ce1a56:c2514, af078b8b-61ec-497f-9506-472d46a72462:c2510, 09fb9ab4-1b8d-44c0-9f8c-50855c6f1fed:c2510]
2019-08-21 12:28:04,276 | INFO  | DNAudit | user=null | ip=null | op=WRITE_CHUNK {blockData=conID: 2 locID: 102654966775349765 bcsId: 0} | ret=SUCCESS |  
2019-08-21 12:28:04,276 | INFO  | DNAudit | user=null | ip=null | op=PUT_BLOCK {blockData=[blockId=conID: 2 locID: 102654966775349765 bcsId: 0,size=2097152]} | ret=SUCCESS |  
2019-08-21 12:28:04,281 | INFO  | DNAudit | user=null | ip=null | op=WRITE_CHUNK {blockData=conID: 2 locID: 102654966775349765 bcsId: 2512} | ret=SUCCESS |  
2019-08-21 12:28:04,284 | INFO  | DNAudit | user=null | ip=null | op=WRITE_CHUNK {blockData=conID: 2 locID: 102654966775349765 bcsId: 2512} | ret=SUCCESS |  
2019-08-21 12:28:04,284 | INFO  | DNAudit | user=null | ip=null | op=WRITE_CHUNK {blockData=conID: 2 locID: 102654966775349765 bcsId: 2512} | ret=SUCCESS |  
2019-08-21 12:28:04,289 | INFO  | DNAudit | user=null | ip=null | op=WRITE_CHUNK {blockData=conID: 2 locID: 102654966775349765 bcsId: 2512} | ret=SUCCESS |  
2019-08-21 12:28:04,290 | INFO  | DNAudit | user=null | ip=null | op=PUT_BLOCK {blockData=[blockId=conID: 2 locID: 102654966775349765 bcsId: 0,size=3145728]} | ret=SUCCESS |  
2019-08-21 12:28:04,290 [grpc-default-executor-4] INFO  client.GrpcClientProtocolClient (GrpcClientProtocolClient.java:onNext(255)) - client-C954105195FD->270584e6-a4a8-4db5-8151-214655ce1a56: receive RaftClientReply:client-C954105195FD->270584e6-a4a8-4db5-8151-214655ce1a56@group-787F5BA3AA67, cid=1734, SUCCESS, logIndex=2516, commits[270584e6-a4a8-4db5-8151-214655ce1a56:c2517, af078b8b-61ec-497f-9506-472d46a72462:c2515, 09fb9ab4-1b8d-44c0-9f8c-50855c6f1fed:c2515]
2019-08-21 12:28:04,290 [grpc-default-executor-4] INFO  client.GrpcClientProtocolClient (GrpcClientProtocolClient.java:onNext(255)) - client-C954105195FD->270584e6-a4a8-4db5-8151-214655ce1a56: receive RaftClientReply:client-C954105195FD->270584e6-a4a8-4db5-8151-214655ce1a56@group-787F5BA3AA67, cid=1735, SUCCESS, logIndex=2517, commits[270584e6-a4a8-4db5-8151-214655ce1a56:c2517, af078b8b-61ec-497f-9506-472d46a72462:c2515, 09fb9ab4-1b8d-44c0-9f8c-50855c6f1fed:c2515]
2019-08-21 12:28:04,296 | INFO  | DNAudit | user=null | ip=null | op=WRITE_CHUNK {blockData=conID: 2 locID: 102654966775349765 bcsId: 2517} | ret=SUCCESS |  
2019-08-21 12:28:04,297 | INFO  | DNAudit | user=null | ip=null | op=WRITE_CHUNK {blockData=conID: 2 locID: 102654966775349765 bcsId: 2517} | ret=SUCCESS |  
2019-08-21 12:28:04,299 | INFO  | DNAudit | user=null | ip=null | op=WRITE_CHUNK {blockData=conID: 2 locID: 102654966775349765 bcsId: 2517} | ret=SUCCESS |  
2019-08-21 12:28:04,301 | INFO  | DNAudit | user=null | ip=null | op=WRITE_CHUNK {blockData=conID: 2 locID: 102654966775349765 bcsId: 2512} | ret=SUCCESS |  
2019-08-21 12:28:04,301 | INFO  | DNAudit | user=null | ip=null | op=WRITE_CHUNK {blockData=conID: 2 locID: 102654966775349765 bcsId: 2512} | ret=SUCCESS |  
2019-08-21 12:28:04,303 | INFO  | DNAudit | user=null | ip=null | op=PUT_BLOCK {blockData=[blockId=conID: 2 locID: 102654966775349765 bcsId: 0,size=3145728]} | ret=SUCCESS |  
2019-08-21 12:28:04,303 | INFO  | DNAudit | user=null | ip=null | op=PUT_BLOCK {blockData=[blockId=conID: 2 locID: 102654966775349765 bcsId: 0,size=3145728]} | ret=SUCCESS |  
2019-08-21 12:28:04,304 | INFO  | DNAudit | user=null | ip=null | op=WRITE_CHUNK {blockData=conID: 2 locID: 102654966775349765 bcsId: 2517} | ret=SUCCESS |  
2019-08-21 12:28:04,304 | INFO  | DNAudit | user=null | ip=null | op=PUT_BLOCK {blockData=[blockId=conID: 2 locID: 102654966775349765 bcsId: 0,size=4194304]} | ret=SUCCESS |  
2019-08-21 12:28:04,305 [grpc-default-executor-2] INFO  client.GrpcClientProtocolClient (GrpcClientProtocolClient.java:onNext(255)) - client-C954105195FD->270584e6-a4a8-4db5-8151-214655ce1a56: receive RaftClientReply:client-C954105195FD->270584e6-a4a8-4db5-8151-214655ce1a56@group-787F5BA3AA67, cid=1736, SUCCESS, logIndex=2520, commits[270584e6-a4a8-4db5-8151-214655ce1a56:c2521, af078b8b-61ec-497f-9506-472d46a72462:c2517, 09fb9ab4-1b8d-44c0-9f8c-50855c6f1fed:c2517]
2019-08-21 12:28:04,305 [grpc-default-executor-2] INFO  client.GrpcClientProtocolClient (GrpcClientProtocolClient.java:onNext(255)) - client-C954105195FD->270584e6-a4a8-4db5-8151-214655ce1a56: receive RaftClientReply:client-C954105195FD->270584e6-a4a8-4db5-8151-214655ce1a56@group-787F5BA3AA67, cid=1737, SUCCESS, logIndex=2521, commits[270584e6-a4a8-4db5-8151-214655ce1a56:c2521, af078b8b-61ec-497f-9506-472d46a72462:c2517, 09fb9ab4-1b8d-44c0-9f8c-50855c6f1fed:c2517]
2019-08-21 12:28:04,315 | INFO  | DNAudit | user=null | ip=null | op=WRITE_CHUNK {blockData=conID: 2 locID: 102654966775349765 bcsId: 2517} | ret=SUCCESS |  
2019-08-21 12:28:04,316 | INFO  | DNAudit | user=null | ip=null | op=WRITE_CHUNK {blockData=conID: 2 locID: 102654966775349765 bcsId: 2517} | ret=SUCCESS |  
2019-08-21 12:28:04,447 | INFO  | DNAudit | user=null | ip=null | op=PUT_BLOCK {blockData=[blockId=conID: 2 locID: 102654966775349765 bcsId: 0,size=4194304]} | ret=SUCCESS |  
2019-08-21 12:28:04,447 | INFO  | DNAudit | user=null | ip=null | op=PUT_BLOCK {blockData=[blockId=conID: 2 locID: 102654966775349765 bcsId: 0,size=4194304]} | ret=SUCCESS |  
2019-08-21 12:28:04,448 | INFO  | SCMAudit | user=jenkins1000 | ip=192.168.34.23 | op=SEND_HEARTBEAT {datanodeUUID=af078b8b-61ec-497f-9506-472d46a72462, command=[]} | ret=SUCCESS |  
2019-08-21 12:28:04,448 | INFO  | SCMAudit | user=jenkins1000 | ip=192.168.34.23 | op=SEND_HEARTBEAT {datanodeUUID=270584e6-a4a8-4db5-8151-214655ce1a56, command=[]} | ret=SUCCESS |  
2019-08-21 12:28:04,448 | INFO  | SCMAudit | user=jenkins1000 | ip=192.168.34.23 | op=SEND_HEARTBEAT {datanodeUUID=09fb9ab4-1b8d-44c0-9f8c-50855c6f1fed, command=[]} | ret=SUCCESS |  
2019-08-21 12:28:04,448 [grpc-default-executor-2] INFO  client.GrpcClientProtocolClient (GrpcClientProtocolClient.java:onNext(255)) - client-C954105195FD->270584e6-a4a8-4db5-8151-214655ce1a56: receive RaftClientReply:client-C954105195FD->270584e6-a4a8-4db5-8151-214655ce1a56@group-787F5BA3AA67, cid=1738, SUCCESS, logIndex=0, commits[270584e6-a4a8-4db5-8151-214655ce1a56:c2523, af078b8b-61ec-497f-9506-472d46a72462:c2521, 09fb9ab4-1b8d-44c0-9f8c-50855c6f1fed:c2521]
2019-08-21 12:28:04,455 | INFO  | SCMAudit | user=jenkins1000 | ip=192.168.34.23 | op=ALLOCATE_BLOCK {owner=b79f83c9-5f7d-4caf-af30-78af34bc5eea, size=4194304, type=RATIS, factor=THREE} | ret=SUCCESS |  
2019-08-21 12:28:04,458 | INFO  | OMAudit | user=jenkins1000 | ip=127.0.0.1 | op=ALLOCATE_BLOCK {volume=vol-0-06517, bucket=bucket-0-64549, key=key-0-34512, dataSize=0, replicationType=null, replicationFactor=null, keyLocationInfo=null, clientID=102654965997830546} | ret=SUCCESS |  
2019-08-21 12:28:04,466 | INFO  | DNAudit | user=null | ip=null | op=WRITE_CHUNK {blockData=conID: 3 locID: 102654966789243398 bcsId: 0} | ret=SUCCESS |  
2019-08-21 12:28:04,469 | INFO  | DNAudit | user=null | ip=null | op=WRITE_CHUNK {blockData=conID: 3 locID: 102654966789243398 bcsId: 0} | ret=SUCCESS |  
2019-08-21 12:28:04,469 | INFO  | DNAudit | user=null | ip=null | op=WRITE_CHUNK {blockData=conID: 3 locID: 102654966789243398 bcsId: 0} | ret=SUCCESS |  
2019-08-21 12:28:04,469 | INFO  | DNAudit | user=null | ip=null | op=WRITE_CHUNK {blockData=conID: 3 locID: 102654966789243398 bcsId: 0} | ret=SUCCESS |  
2019-08-21 12:28:04,471 | INFO  | DNAudit | user=null | ip=null | op=WRITE_CHUNK {blockData=conID: 3 locID: 102654966789243398 bcsId: 0} | ret=SUCCESS |  
2019-08-21 12:28:04,471 | INFO  | DNAudit | user=null | ip=null | op=WRITE_CHUNK {blockData=conID: 3 locID: 102654966789243398 bcsId: 0} | ret=SUCCESS |  
2019-08-21 12:28:04,484 | INFO  | DNAudit | user=null | ip=null | op=WRITE_CHUNK {blockData=conID: 3 locID: 102654966789243398 bcsId: 0} | ret=SUCCESS |  
2019-08-21 12:28:04,484 | INFO  | DNAudit | user=null | ip=null | op=PUT_BLOCK {blockData=[blockId=conID: 3 locID: 102654966789243398 bcsId: 0,size=1048576]} | ret=SUCCESS |  
2019-08-21 12:28:04,485 [grpc-default-executor-1] INFO  client.GrpcClientProtocolClient (GrpcClientProtocolClient.java:onNext(255)) - client-C954105195FD->270584e6-a4a8-4db5-8151-214655ce1a56: receive RaftClientReply:client-C954105195FD->270584e6-a4a8-4db5-8151-214655ce1a56@group-787F5BA3AA67, cid=1739, SUCCESS, logIndex=2524, commits[270584e6-a4a8-4db5-8151-214655ce1a56:c2525, af078b8b-61ec-497f-9506-472d46a72462:c2523, 09fb9ab4-1b8d-44c0-9f8c-50855c6f1fed:c2523]
2019-08-21 12:28:04,485 | INFO  | DNAudit | user=null | ip=null | op=WRITE_CHUNK {blockData=conID: 3 locID: 102654966789243398 bcsId: 0} | ret=SUCCESS |  
2019-08-21 12:28:04,485 | INFO  | DNAudit | user=null | ip=null | op=PUT_BLOCK {blockData=[blockId=conID: 3 locID: 102654966789243398 bcsId: 0,size=2097152]} | ret=SUCCESS |  
2019-08-21 12:28:04,485 [grpc-default-executor-1] INFO  client.GrpcClientProtocolClient (GrpcClientProtocolClient.java:onNext(255)) - client-C954105195FD->270584e6-a4a8-4db5-8151-214655ce1a56: receive RaftClientReply:client-C954105195FD->270584e6-a4a8-4db5-8151-214655ce1a56@group-787F5BA3AA67, cid=1740, SUCCESS, logIndex=2525, commits[270584e6-a4a8-4db5-8151-214655ce1a56:c2527, af078b8b-61ec-497f-9506-472d46a72462:c2523, 09fb9ab4-1b8d-44c0-9f8c-50855c6f1fed:c2523]
2019-08-21 12:28:04,486 [grpc-default-executor-1] INFO  client.GrpcClientProtocolClient (GrpcClientProtocolClient.java:onNext(255)) - client-C954105195FD->270584e6-a4a8-4db5-8151-214655ce1a56: receive RaftClientReply:client-C954105195FD->270584e6-a4a8-4db5-8151-214655ce1a56@group-787F5BA3AA67, cid=1741, SUCCESS, logIndex=2526, commits[270584e6-a4a8-4db5-8151-214655ce1a56:c2527, af078b8b-61ec-497f-9506-472d46a72462:c2523, 09fb9ab4-1b8d-44c0-9f8c-50855c6f1fed:c2523]
2019-08-21 12:28:04,486 [grpc-default-executor-1] INFO  client.GrpcClientProtocolClient (GrpcClientProtocolClient.java:onNext(255)) - client-C954105195FD->270584e6-a4a8-4db5-8151-214655ce1a56: receive RaftClientReply:client-C954105195FD->270584e6-a4a8-4db5-8151-214655ce1a56@group-787F5BA3AA67, cid=1742, SUCCESS, logIndex=2527, commits[270584e6-a4a8-4db5-8151-214655ce1a56:c2527, af078b8b-61ec-497f-9506-472d46a72462:c2523, 09fb9ab4-1b8d-44c0-9f8c-50855c6f1fed:c2523]
2019-08-21 12:28:04,497 | INFO  | DNAudit | user=null | ip=null | op=WRITE_CHUNK {blockData=conID: 3 locID: 102654966789243398 bcsId: 0} | ret=SUCCESS |  
2019-08-21 12:28:04,497 | INFO  | DNAudit | user=null | ip=null | op=WRITE_CHUNK {blockData=conID: 3 locID: 102654966789243398 bcsId: 0} | ret=SUCCESS |  
2019-08-21 12:28:04,498 | INFO  | DNAudit | user=null | ip=null | op=PUT_BLOCK {blockData=[blockId=conID: 3 locID: 102654966789243398 bcsId: 0,size=1048576]} | ret=SUCCESS |  
2019-08-21 12:28:04,510 | INFO  | DNAudit | user=null | ip=null | op=WRITE_CHUNK {blockData=conID: 3 locID: 102654966789243398 bcsId: 0} | ret=SUCCESS |  
2019-08-21 12:28:04,510 | INFO  | DNAudit | user=null | ip=null | op=PUT_BLOCK {blockData=[blockId=conID: 3 locID: 102654966789243398 bcsId: 0,size=1048576]} | ret=SUCCESS |  
2019-08-21 12:28:04,510 | INFO  | DNAudit | user=null | ip=null | op=PUT_BLOCK {blockData=[blockId=conID: 3 locID: 102654966789243398 bcsId: 0,size=2097152]} | ret=SUCCESS |  
2019-08-21 12:28:04,510 | INFO  | DNAudit | user=null | ip=null | op=WRITE_CHUNK {blockData=conID: 3 locID: 102654966789243398 bcsId: 0} | ret=SUCCESS |  
2019-08-21 12:28:04,511 | INFO  | DNAudit | user=null | ip=null | op=PUT_BLOCK {blockData=[blockId=conID: 3 locID: 102654966789243398 bcsId: 0,size=2097152]} | ret=SUCCESS |  
2019-08-21 12:28:04,511 [grpc-default-executor-2] INFO  client.GrpcClientProtocolClient (GrpcClientProtocolClient.java:onNext(255)) - client-C954105195FD->270584e6-a4a8-4db5-8151-214655ce1a56: receive RaftClientReply:client-C954105195FD->270584e6-a4a8-4db5-8151-214655ce1a56@group-787F5BA3AA67, cid=1743, SUCCESS, logIndex=0, commits[270584e6-a4a8-4db5-8151-214655ce1a56:c2530, af078b8b-61ec-497f-9506-472d46a72462:c2525, 09fb9ab4-1b8d-44c0-9f8c-50855c6f1fed:c2527]
2019-08-21 12:28:04,519 | INFO  | DNAudit | user=null | ip=null | op=WRITE_CHUNK {blockData=conID: 3 locID: 102654966789243398 bcsId: 2527} | ret=SUCCESS |  
2019-08-21 12:28:04,524 | INFO  | DNAudit | user=null | ip=null | op=WRITE_CHUNK {blockData=conID: 3 locID: 102654966789243398 bcsId: 2527} | ret=SUCCESS |  
2019-08-21 12:28:04,524 | INFO  | DNAudit | user=null | ip=null | op=WRITE_CHUNK {blockData=conID: 3 locID: 102654966789243398 bcsId: 2527} | ret=SUCCESS |  
2019-08-21 12:28:04,536 | INFO  | DNAudit | user=null | ip=null | op=WRITE_CHUNK {blockData=conID: 3 locID: 102654966789243398 bcsId: 2527} | ret=SUCCESS |  
2019-08-21 12:28:04,536 | INFO  | DNAudit | user=null | ip=null | op=PUT_BLOCK {blockData=[blockId=conID: 3 locID: 102654966789243398 bcsId: 0,size=3145728]} | ret=SUCCESS |  
2019-08-21 12:28:04,536 [grpc-default-executor-4] INFO  client.GrpcClientProtocolClient (GrpcClientProtocolClient.java:onNext(255)) - client-C954105195FD->270584e6-a4a8-4db5-8151-214655ce1a56: receive RaftClientReply:client-C954105195FD->270584e6-a4a8-4db5-8151-214655ce1a56@group-787F5BA3AA67, cid=1744, SUCCESS, logIndex=2531, commits[270584e6-a4a8-4db5-8151-214655ce1a56:c2532, af078b8b-61ec-497f-9506-472d46a72462:c2530, 09fb9ab4-1b8d-44c0-9f8c-50855c6f1fed:c2530]
2019-08-21 12:28:04,537 [grpc-default-executor-4] INFO  client.GrpcClientProtocolClient (GrpcClientProtocolClient.java:onNext(255)) - client-C954105195FD->270584e6-a4a8-4db5-8151-214655ce1a56: receive RaftClientReply:client-C954105195FD->270584e6-a4a8-4db5-8151-214655ce1a56@group-787F5BA3AA67, cid=1745, SUCCESS, logIndex=2532, commits[270584e6-a4a8-4db5-8151-214655ce1a56:c2532, af078b8b-61ec-497f-9506-472d46a72462:c2530, 09fb9ab4-1b8d-44c0-9f8c-50855c6f1fed:c2530]
2019-08-21 12:28:04,545 | INFO  | DNAudit | user=null | ip=null | op=WRITE_CHUNK {blockData=conID: 3 locID: 102654966789243398 bcsId: 2532} | ret=SUCCESS |  
2019-08-21 12:28:04,546 | INFO  | DNAudit | user=null | ip=null | op=WRITE_CHUNK {blockData=conID: 3 locID: 102654966789243398 bcsId: 2532} | ret=SUCCESS |  
2019-08-21 12:28:04,547 | INFO  | DNAudit | user=null | ip=null | op=WRITE_CHUNK {blockData=conID: 3 locID: 102654966789243398 bcsId: 2532} | ret=SUCCESS |  
2019-08-21 12:28:04,547 | INFO  | DNAudit | user=null | ip=null | op=WRITE_CHUNK {blockData=conID: 3 locID: 102654966789243398 bcsId: 2527} | ret=SUCCESS |  
2019-08-21 12:28:04,547 | INFO  | DNAudit | user=null | ip=null | op=WRITE_CHUNK {blockData=conID: 3 locID: 102654966789243398 bcsId: 2527} | ret=SUCCESS |  
2019-08-21 12:28:04,548 | INFO  | DNAudit | user=null | ip=null | op=PUT_BLOCK {blockData=[blockId=conID: 3 locID: 102654966789243398 bcsId: 0,size=3145728]} | ret=SUCCESS |  
2019-08-21 12:28:04,549 | INFO  | DNAudit | user=null | ip=null | op=WRITE_CHUNK {blockData=conID: 3 locID: 102654966789243398 bcsId: 2532} | ret=SUCCESS |  
2019-08-21 12:28:04,549 | INFO  | DNAudit | user=null | ip=null | op=PUT_BLOCK {blockData=[blockId=conID: 3 locID: 102654966789243398 bcsId: 0,size=3145728]} | ret=SUCCESS |  
2019-08-21 12:28:04,549 | INFO  | DNAudit | user=null | ip=null | op=PUT_BLOCK {blockData=[blockId=conID: 3 locID: 102654966789243398 bcsId: 0,size=4194304]} | ret=SUCCESS |  
2019-08-21 12:28:04,549 [grpc-default-executor-1] INFO  client.GrpcClientProtocolClient (GrpcClientProtocolClient.java:onNext(255)) - client-C954105195FD->270584e6-a4a8-4db5-8151-214655ce1a56: receive RaftClientReply:client-C954105195FD->270584e6-a4a8-4db5-8151-214655ce1a56@group-787F5BA3AA67, cid=1746, SUCCESS, logIndex=2535, commits[270584e6-a4a8-4db5-8151-214655ce1a56:c2536, af078b8b-61ec-497f-9506-472d46a72462:c2532, 09fb9ab4-1b8d-44c0-9f8c-50855c6f1fed:c2531]
2019-08-21 12:28:04,550 [grpc-default-executor-4] INFO  client.GrpcClientProtocolClient (GrpcClientProtocolClient.java:onNext(255)) - client-C954105195FD->270584e6-a4a8-4db5-8151-214655ce1a56: receive RaftClientReply:client-C954105195FD->270584e6-a4a8-4db5-8151-214655ce1a56@group-787F5BA3AA67, cid=1747, SUCCESS, logIndex=2536, commits[270584e6-a4a8-4db5-8151-214655ce1a56:c2536, af078b8b-61ec-497f-9506-472d46a72462:c2532, 09fb9ab4-1b8d-44c0-9f8c-50855c6f1fed:c2532]
2019-08-21 12:28:04,551 | INFO  | DNAudit | user=null | ip=null | op=WRITE_CHUNK {blockData=conID: 3 locID: 102654966789243398 bcsId: 2532} | ret=SUCCESS |  
2019-08-21 12:28:04,552 | INFO  | DNAudit | user=null | ip=null | op=WRITE_CHUNK {blockData=conID: 3 locID: 102654966789243398 bcsId: 2532} | ret=SUCCESS |  
2019-08-21 12:28:04,552 | INFO  | DNAudit | user=null | ip=null | op=PUT_BLOCK {blockData=[blockId=conID: 3 locID: 102654966789243398 bcsId: 0,size=4194304]} | ret=SUCCESS |  
2019-08-21 12:28:04,562 | INFO  | DNAudit | user=null | ip=null | op=PUT_BLOCK {blockData=[blockId=conID: 3 locID: 102654966789243398 bcsId: 0,size=4194304]} | ret=SUCCESS |  
2019-08-21 12:28:04,563 [grpc-default-executor-4] INFO  client.GrpcClientProtocolClient (GrpcClientProtocolClient.java:onNext(255)) - client-C954105195FD->270584e6-a4a8-4db5-8151-214655ce1a56: receive RaftClientReply:client-C954105195FD->270584e6-a4a8-4db5-8151-214655ce1a56@group-787F5BA3AA67, cid=1748, SUCCESS, logIndex=0, commits[270584e6-a4a8-4db5-8151-214655ce1a56:c2538, af078b8b-61ec-497f-9506-472d46a72462:c2536, 09fb9ab4-1b8d-44c0-9f8c-50855c6f1fed:c2536]
2019-08-21 12:28:04,571 | INFO  | SCMAudit | user=jenkins1000 | ip=192.168.34.23 | op=ALLOCATE_BLOCK {owner=b79f83c9-5f7d-4caf-af30-78af34bc5eea, size=4194304, type=RATIS, factor=THREE} | ret=SUCCESS |  
2019-08-21 12:28:04,575 | INFO  | OMAudit | user=jenkins1000 | ip=127.0.0.1 | op=ALLOCATE_BLOCK {volume=vol-0-06517, bucket=bucket-0-64549, key=key-0-34512, dataSize=0, replicationType=null, replicationFactor=null, keyLocationInfo=null, clientID=102654965997830546} | ret=SUCCESS |  
2019-08-21 12:28:04,584 | INFO  | DNAudit | user=null | ip=null | op=WRITE_CHUNK {blockData=conID: 1 locID: 102654966796845575 bcsId: 0} | ret=SUCCESS |  
2019-08-21 12:28:04,587 | INFO  | DNAudit | user=null | ip=null | op=WRITE_CHUNK {blockData=conID: 1 locID: 102654966796845575 bcsId: 0} | ret=SUCCESS |  
2019-08-21 12:28:04,588 | INFO  | DNAudit | user=null | ip=null | op=WRITE_CHUNK {blockData=conID: 1 locID: 102654966796845575 bcsId: 0} | ret=SUCCESS |  
2019-08-21 12:28:04,589 | INFO  | DNAudit | user=null | ip=null | op=WRITE_CHUNK {blockData=conID: 1 locID: 102654966796845575 bcsId: 0} | ret=SUCCESS |  
2019-08-21 12:28:04,591 | INFO  | DNAudit | user=null | ip=null | op=WRITE_CHUNK {blockData=conID: 1 locID: 102654966796845575 bcsId: 0} | ret=SUCCESS |  
2019-08-21 12:28:04,592 | INFO  | DNAudit | user=null | ip=null | op=WRITE_CHUNK {blockData=conID: 1 locID: 102654966796845575 bcsId: 0} | ret=SUCCESS |  
2019-08-21 12:28:04,598 | INFO  | DNAudit | user=null | ip=null | op=WRITE_CHUNK {blockData=conID: 1 locID: 102654966796845575 bcsId: 0} | ret=SUCCESS |  
2019-08-21 12:28:04,598 | INFO  | DNAudit | user=null | ip=null | op=PUT_BLOCK {blockData=[blockId=conID: 1 locID: 102654966796845575 bcsId: 0,size=1048576]} | ret=SUCCESS |  
2019-08-21 12:28:04,598 [grpc-default-executor-2] INFO  client.GrpcClientProtocolClient (GrpcClientProtocolClient.java:onNext(255)) - client-C954105195FD->270584e6-a4a8-4db5-8151-214655ce1a56: receive RaftClientReply:client-C954105195FD->270584e6-a4a8-4db5-8151-214655ce1a56@group-787F5BA3AA67, cid=1749, SUCCESS, logIndex=2539, commits[270584e6-a4a8-4db5-8151-214655ce1a56:c2540, af078b8b-61ec-497f-9506-472d46a72462:c2538, 09fb9ab4-1b8d-44c0-9f8c-50855c6f1fed:c2538]
2019-08-21 12:28:04,599 | INFO  | DNAudit | user=null | ip=null | op=WRITE_CHUNK {blockData=conID: 1 locID: 102654966796845575 bcsId: 0} | ret=SUCCESS |  
2019-08-21 12:28:04,599 [grpc-default-executor-2] INFO  client.GrpcClientProtocolClient (GrpcClientProtocolClient.java:onNext(255)) - client-C954105195FD->270584e6-a4a8-4db5-8151-214655ce1a56: receive RaftClientReply:client-C954105195FD->270584e6-a4a8-4db5-8151-214655ce1a56@group-787F5BA3AA67, cid=1750, SUCCESS, logIndex=2540, commits[270584e6-a4a8-4db5-8151-214655ce1a56:c2540, af078b8b-61ec-497f-9506-472d46a72462:c2538, 09fb9ab4-1b8d-44c0-9f8c-50855c6f1fed:c2538]
2019-08-21 12:28:04,599 | INFO  | DNAudit | user=null | ip=null | op=PUT_BLOCK {blockData=[blockId=conID: 1 locID: 102654966796845575 bcsId: 0,size=2097152]} | ret=SUCCESS |  
2019-08-21 12:28:04,600 [grpc-default-executor-2] INFO  client.GrpcClientProtocolClient (GrpcClientProtocolClient.java:onNext(255)) - client-C954105195FD->270584e6-a4a8-4db5-8151-214655ce1a56: receive RaftClientReply:client-C954105195FD->270584e6-a4a8-4db5-8151-214655ce1a56@group-787F5BA3AA67, cid=1751, SUCCESS, logIndex=2541, commits[270584e6-a4a8-4db5-8151-214655ce1a56:c2542, af078b8b-61ec-497f-9506-472d46a72462:c2538, 09fb9ab4-1b8d-44c0-9f8c-50855c6f1fed:c2538]
2019-08-21 12:28:04,600 [grpc-default-executor-2] INFO  client.GrpcClientProtocolClient (GrpcClientProtocolClient.java:onNext(255)) - client-C954105195FD->270584e6-a4a8-4db5-8151-214655ce1a56: receive RaftClientReply:client-C954105195FD->270584e6-a4a8-4db5-8151-214655ce1a56@group-787F5BA3AA67, cid=1752, SUCCESS, logIndex=2542, commits[270584e6-a4a8-4db5-8151-214655ce1a56:c2542, af078b8b-61ec-497f-9506-472d46a72462:c2538, 09fb9ab4-1b8d-44c0-9f8c-50855c6f1fed:c2538]
2019-08-21 12:28:04,611 | INFO  | DNAudit | user=null | ip=null | op=WRITE_CHUNK {blockData=conID: 1 locID: 102654966796845575 bcsId: 0} | ret=SUCCESS |  
2019-08-21 12:28:04,611 | INFO  | DNAudit | user=null | ip=null | op=PUT_BLOCK {blockData=[blockId=conID: 1 locID: 102654966796845575 bcsId: 0,size=1048576]} | ret=SUCCESS |  
2019-08-21 12:28:04,613 | INFO  | DNAudit | user=null | ip=null | op=WRITE_CHUNK {blockData=conID: 1 locID: 102654966796845575 bcsId: 0} | ret=SUCCESS |  
2019-08-21 12:28:04,613 | INFO  | DNAudit | user=null | ip=null | op=PUT_BLOCK {blockData=[blockId=conID: 1 locID: 102654966796845575 bcsId: 0,size=1048576]} | ret=SUCCESS |  
2019-08-21 12:28:04,614 | INFO  | DNAudit | user=null | ip=null | op=WRITE_CHUNK {blockData=conID: 1 locID: 102654966796845575 bcsId: 0} | ret=SUCCESS |  
2019-08-21 12:28:04,614 | INFO  | DNAudit | user=null | ip=null | op=PUT_BLOCK {blockData=[blockId=conID: 1 locID: 102654966796845575 bcsId: 0,size=2097152]} | ret=SUCCESS |  
2019-08-21 12:28:04,614 [grpc-default-executor-2] INFO  client.GrpcClientProtocolClient (GrpcClientProtocolClient.java:onNext(255)) - client-C954105195FD->270584e6-a4a8-4db5-8151-214655ce1a56: receive RaftClientReply:client-C954105195FD->270584e6-a4a8-4db5-8151-214655ce1a56@group-787F5BA3AA67, cid=1753, SUCCESS, logIndex=0, commits[270584e6-a4a8-4db5-8151-214655ce1a56:c2544, af078b8b-61ec-497f-9506-472d46a72462:c2540, 09fb9ab4-1b8d-44c0-9f8c-50855c6f1fed:c2540]
2019-08-21 12:28:04,622 | INFO  | DNAudit | user=null | ip=null | op=WRITE_CHUNK {blockData=conID: 1 locID: 102654966796845575 bcsId: 2542} | ret=SUCCESS |  
2019-08-21 12:28:04,625 | INFO  | DNAudit | user=null | ip=null | op=WRITE_CHUNK {blockData=conID: 1 locID: 102654966796845575 bcsId: 0} | ret=SUCCESS |  
2019-08-21 12:28:04,625 | INFO  | DNAudit | user=null | ip=null | op=PUT_BLOCK {blockData=[blockId=conID: 1 locID: 102654966796845575 bcsId: 0,size=2097152]} | ret=SUCCESS |  
2019-08-21 12:28:04,627 | INFO  | DNAudit | user=null | ip=null | op=WRITE_CHUNK {blockData=conID: 1 locID: 102654966796845575 bcsId: 2542} | ret=SUCCESS |  
2019-08-21 12:28:04,627 | INFO  | DNAudit | user=null | ip=null | op=WRITE_CHUNK {blockData=conID: 1 locID: 102654966796845575 bcsId: 2542} | ret=SUCCESS |  
2019-08-21 12:28:04,638 | INFO  | DNAudit | user=null | ip=null | op=WRITE_CHUNK {blockData=conID: 1 locID: 102654966796845575 bcsId: 2542} | ret=SUCCESS |  
2019-08-21 12:28:04,639 | INFO  | DNAudit | user=null | ip=null | op=PUT_BLOCK {blockData=[blockId=conID: 1 locID: 102654966796845575 bcsId: 0,size=3145728]} | ret=SUCCESS |  
2019-08-21 12:28:04,640 [grpc-default-executor-4] INFO  client.GrpcClientProtocolClient (GrpcClientProtocolClient.java:onNext(255)) - client-C954105195FD->270584e6-a4a8-4db5-8151-214655ce1a56: receive RaftClientReply:client-C954105195FD->270584e6-a4a8-4db5-8151-214655ce1a56@group-787F5BA3AA67, cid=1754, SUCCESS, logIndex=2547, commits[270584e6-a4a8-4db5-8151-214655ce1a56:c2548, af078b8b-61ec-497f-9506-472d46a72462:c2546, 09fb9ab4-1b8d-44c0-9f8c-50855c6f1fed:c2542]
2019-08-21 12:28:04,640 [grpc-default-executor-4] INFO  client.GrpcClientProtocolClient (GrpcClientProtocolClient.java:onNext(255)) - client-C954105195FD->270584e6-a4a8-4db5-8151-214655ce1a56: receive RaftClientReply:client-C954105195FD->270584e6-a4a8-4db5-8151-214655ce1a56@group-787F5BA3AA67, cid=1755, SUCCESS, logIndex=2548, commits[270584e6-a4a8-4db5-8151-214655ce1a56:c2548, af078b8b-61ec-497f-9506-472d46a72462:c2546, 09fb9ab4-1b8d-44c0-9f8c-50855c6f1fed:c2546]
2019-08-21 12:28:04,641 | INFO  | DNAudit | user=null | ip=null | op=WRITE_CHUNK {blockData=conID: 1 locID: 102654966796845575 bcsId: 2542} | ret=SUCCESS |  
2019-08-21 12:28:04,641 | INFO  | DNAudit | user=null | ip=null | op=WRITE_CHUNK {blockData=conID: 1 locID: 102654966796845575 bcsId: 2542} | ret=SUCCESS |  
2019-08-21 12:28:04,641 | INFO  | DNAudit | user=null | ip=null | op=PUT_BLOCK {blockData=[blockId=conID: 1 locID: 102654966796845575 bcsId: 0,size=3145728]} | ret=SUCCESS |  
2019-08-21 12:28:04,641 | INFO  | DNAudit | user=null | ip=null | op=PUT_BLOCK {blockData=[blockId=conID: 1 locID: 102654966796845575 bcsId: 0,size=3145728]} | ret=SUCCESS |  
2019-08-21 12:28:04,648 | INFO  | DNAudit | user=null | ip=null | op=WRITE_CHUNK {blockData=conID: 1 locID: 102654966796845575 bcsId: 2548} | ret=SUCCESS |  
2019-08-21 12:28:04,651 | INFO  | DNAudit | user=null | ip=null | op=WRITE_CHUNK {blockData=conID: 1 locID: 102654966796845575 bcsId: 2548} | ret=SUCCESS |  
2019-08-21 12:28:04,651 | INFO  | DNAudit | user=null | ip=null | op=WRITE_CHUNK {blockData=conID: 1 locID: 102654966796845575 bcsId: 2548} | ret=SUCCESS |  
2019-08-21 12:28:04,662 | INFO  | DNAudit | user=null | ip=null | op=WRITE_CHUNK {blockData=conID: 1 locID: 102654966796845575 bcsId: 2548} | ret=SUCCESS |  
2019-08-21 12:28:04,663 | INFO  | DNAudit | user=null | ip=null | op=PUT_BLOCK {blockData=[blockId=conID: 1 locID: 102654966796845575 bcsId: 0,size=4194304]} | ret=SUCCESS |  
2019-08-21 12:28:04,663 [grpc-default-executor-4] INFO  client.GrpcClientProtocolClient (GrpcClientProtocolClient.java:onNext(255)) - client-C954105195FD->270584e6-a4a8-4db5-8151-214655ce1a56: receive RaftClientReply:client-C954105195FD->270584e6-a4a8-4db5-8151-214655ce1a56@group-787F5BA3AA67, cid=1756, SUCCESS, logIndex=2550, commits[270584e6-a4a8-4db5-8151-214655ce1a56:c2551, af078b8b-61ec-497f-9506-472d46a72462:c2549, 09fb9ab4-1b8d-44c0-9f8c-50855c6f1fed:c2549]
2019-08-21 12:28:04,663 [grpc-default-executor-4] INFO  client.GrpcClientProtocolClient (GrpcClientProtocolClient.java:onNext(255)) - client-C954105195FD->270584e6-a4a8-4db5-8151-214655ce1a56: receive RaftClientReply:client-C954105195FD->270584e6-a4a8-4db5-8151-214655ce1a56@group-787F5BA3AA67, cid=1757, SUCCESS, logIndex=2551, commits[270584e6-a4a8-4db5-8151-214655ce1a56:c2551, af078b8b-61ec-497f-9506-472d46a72462:c2549, 09fb9ab4-1b8d-44c0-9f8c-50855c6f1fed:c2549]
2019-08-21 12:28:04,676 | INFO  | DNAudit | user=null | ip=null | op=WRITE_CHUNK {blockData=conID: 1 locID: 102654966796845575 bcsId: 2548} | ret=SUCCESS |  
2019-08-21 12:28:04,676 | INFO  | DNAudit | user=null | ip=null | op=WRITE_CHUNK {blockData=conID: 1 locID: 102654966796845575 bcsId: 2548} | ret=SUCCESS |  
2019-08-21 12:28:04,689 | INFO  | DNAudit | user=null | ip=null | op=PUT_BLOCK {blockData=[blockId=conID: 1 locID: 102654966796845575 bcsId: 0,size=4194304]} | ret=SUCCESS |  
2019-08-21 12:28:04,689 | INFO  | DNAudit | user=null | ip=null | op=PUT_BLOCK {blockData=[blockId=conID: 1 locID: 102654966796845575 bcsId: 0,size=4194304]} | ret=SUCCESS |  
2019-08-21 12:28:04,689 [grpc-default-executor-4] INFO  client.GrpcClientProtocolClient (GrpcClientProtocolClient.java:onNext(255)) - client-C954105195FD->270584e6-a4a8-4db5-8151-214655ce1a56: receive RaftClientReply:client-C954105195FD->270584e6-a4a8-4db5-8151-214655ce1a56@group-787F5BA3AA67, cid=1758, SUCCESS, logIndex=0, commits[270584e6-a4a8-4db5-8151-214655ce1a56:c2553, af078b8b-61ec-497f-9506-472d46a72462:c2551, 09fb9ab4-1b8d-44c0-9f8c-50855c6f1fed:c2551]
 0.00% |█                                                                                                    |  0/1 Time: 0:00:122019-08-21 12:28:04,697 | INFO  | SCMAudit | user=jenkins1000 | ip=192.168.34.23 | op=ALLOCATE_BLOCK {owner=b79f83c9-5f7d-4caf-af30-78af34bc5eea, size=4194304, type=RATIS, factor=THREE} | ret=SUCCESS |  
2019-08-21 12:28:04,700 | INFO  | OMAudit | user=jenkins1000 | ip=127.0.0.1 | op=ALLOCATE_BLOCK {volume=vol-0-06517, bucket=bucket-0-64549, key=key-0-34512, dataSize=0, replicationType=null, replicationFactor=null, keyLocationInfo=null, clientID=102654965997830546} | ret=SUCCESS |  
2019-08-21 12:28:04,708 | INFO  | DNAudit | user=null | ip=null | op=WRITE_CHUNK {blockData=conID: 2 locID: 102654966805103112 bcsId: 0} | ret=SUCCESS |  
2019-08-21 12:28:04,711 | INFO  | DNAudit | user=null | ip=null | op=WRITE_CHUNK {blockData=conID: 2 locID: 102654966805103112 bcsId: 0} | ret=SUCCESS |  
2019-08-21 12:28:04,711 | INFO  | DNAudit | user=null | ip=null | op=WRITE_CHUNK {blockData=conID: 2 locID: 102654966805103112 bcsId: 0} | ret=SUCCESS |  
2019-08-21 12:28:04,712 | INFO  | DNAudit | user=null | ip=null | op=WRITE_CHUNK {blockData=conID: 2 locID: 102654966805103112 bcsId: 0} | ret=SUCCESS |  
2019-08-21 12:28:04,712 | INFO  | DNAudit | user=null | ip=null | op=WRITE_CHUNK {blockData=conID: 2 locID: 102654966805103112 bcsId: 0} | ret=SUCCESS |  
2019-08-21 12:28:04,713 | INFO  | DNAudit | user=null | ip=null | op=WRITE_CHUNK {blockData=conID: 2 locID: 102654966805103112 bcsId: 0} | ret=SUCCESS |  
2019-08-21 12:28:04,722 | INFO  | DNAudit | user=null | ip=null | op=WRITE_CHUNK {blockData=conID: 2 locID: 102654966805103112 bcsId: 0} | ret=SUCCESS |  
2019-08-21 12:28:04,723 | INFO  | DNAudit | user=null | ip=null | op=PUT_BLOCK {blockData=[blockId=conID: 2 locID: 102654966805103112 bcsId: 0,size=1048576]} | ret=SUCCESS |  
2019-08-21 12:28:04,723 [grpc-default-executor-4] INFO  client.GrpcClientProtocolClient (GrpcClientProtocolClient.java:onNext(255)) - client-C954105195FD->270584e6-a4a8-4db5-8151-214655ce1a56: receive RaftClientReply:client-C954105195FD->270584e6-a4a8-4db5-8151-214655ce1a56@group-787F5BA3AA67, cid=1759, SUCCESS, logIndex=2554, commits[270584e6-a4a8-4db5-8151-214655ce1a56:c2555, af078b8b-61ec-497f-9506-472d46a72462:c2553, 09fb9ab4-1b8d-44c0-9f8c-50855c6f1fed:c2553]
2019-08-21 12:28:04,723 | INFO  | DNAudit | user=null | ip=null | op=WRITE_CHUNK {blockData=conID: 2 locID: 102654966805103112 bcsId: 0} | ret=SUCCESS |  
2019-08-21 12:28:04,724 | INFO  | DNAudit | user=null | ip=null | op=WRITE_CHUNK {blockData=conID: 2 locID: 102654966805103112 bcsId: 0} | ret=SUCCESS |  
2019-08-21 12:28:04,724 | INFO  | DNAudit | user=null | ip=null | op=PUT_BLOCK {blockData=[blockId=conID: 2 locID: 102654966805103112 bcsId: 0,size=2097152]} | ret=SUCCESS |  
2019-08-21 12:28:04,724 [grpc-default-executor-4] INFO  client.GrpcClientProtocolClient (GrpcClientProtocolClient.java:onNext(255)) - client-C954105195FD->270584e6-a4a8-4db5-8151-214655ce1a56: receive RaftClientReply:client-C954105195FD->270584e6-a4a8-4db5-8151-214655ce1a56@group-787F5BA3AA67, cid=1760, SUCCESS, logIndex=2555, commits[270584e6-a4a8-4db5-8151-214655ce1a56:c2557, af078b8b-61ec-497f-9506-472d46a72462:c2553, 09fb9ab4-1b8d-44c0-9f8c-50855c6f1fed:c2553]
2019-08-21 12:28:04,724 [grpc-default-executor-4] INFO  client.GrpcClientProtocolClient (GrpcClientProtocolClient.java:onNext(255)) - client-C954105195FD->270584e6-a4a8-4db5-8151-214655ce1a56: receive RaftClientReply:client-C954105195FD->270584e6-a4a8-4db5-8151-214655ce1a56@group-787F5BA3AA67, cid=1761, SUCCESS, logIndex=2556, commits[270584e6-a4a8-4db5-8151-214655ce1a56:c2557, af078b8b-61ec-497f-9506-472d46a72462:c2553, 09fb9ab4-1b8d-44c0-9f8c-50855c6f1fed:c2553]
2019-08-21 12:28:04,724 [grpc-default-executor-4] INFO  client.GrpcClientProtocolClient (GrpcClientProtocolClient.java:onNext(255)) - client-C954105195FD->270584e6-a4a8-4db5-8151-214655ce1a56: receive RaftClientReply:client-C954105195FD->270584e6-a4a8-4db5-8151-214655ce1a56@group-787F5BA3AA67, cid=1762, SUCCESS, logIndex=2557, commits[270584e6-a4a8-4db5-8151-214655ce1a56:c2557, af078b8b-61ec-497f-9506-472d46a72462:c2553, 09fb9ab4-1b8d-44c0-9f8c-50855c6f1fed:c2553]
2019-08-21 12:28:04,726 | INFO  | DNAudit | user=null | ip=null | op=WRITE_CHUNK {blockData=conID: 2 locID: 102654966805103112 bcsId: 0} | ret=SUCCESS |  
2019-08-21 12:28:04,726 | INFO  | DNAudit | user=null | ip=null | op=PUT_BLOCK {blockData=[blockId=conID: 2 locID: 102654966805103112 bcsId: 0,size=1048576]} | ret=SUCCESS |  
2019-08-21 12:28:04,727 | INFO  | DNAudit | user=null | ip=null | op=PUT_BLOCK {blockData=[blockId=conID: 2 locID: 102654966805103112 bcsId: 0,size=1048576]} | ret=SUCCESS |  
2019-08-21 12:28:04,727 | INFO  | DNAudit | user=null | ip=null | op=WRITE_CHUNK {blockData=conID: 2 locID: 102654966805103112 bcsId: 0} | ret=SUCCESS |  
2019-08-21 12:28:04,727 | INFO  | DNAudit | user=null | ip=null | op=PUT_BLOCK {blockData=[blockId=conID: 2 locID: 102654966805103112 bcsId: 0,size=2097152]} | ret=SUCCESS |  
2019-08-21 12:28:04,727 | INFO  | DNAudit | user=null | ip=null | op=WRITE_CHUNK {blockData=conID: 2 locID: 102654966805103112 bcsId: 0} | ret=SUCCESS |  
2019-08-21 12:28:04,728 | INFO  | DNAudit | user=null | ip=null | op=PUT_BLOCK {blockData=[blockId=conID: 2 locID: 102654966805103112 bcsId: 0,size=2097152]} | ret=SUCCESS |  
2019-08-21 12:28:04,728 [grpc-default-executor-4] INFO  client.GrpcClientProtocolClient (GrpcClientProtocolClient.java:onNext(255)) - client-C954105195FD->270584e6-a4a8-4db5-8151-214655ce1a56: receive RaftClientReply:client-C954105195FD->270584e6-a4a8-4db5-8151-214655ce1a56@group-787F5BA3AA67, cid=1763, SUCCESS, logIndex=0, commits[270584e6-a4a8-4db5-8151-214655ce1a56:c2559, af078b8b-61ec-497f-9506-472d46a72462:c2555, 09fb9ab4-1b8d-44c0-9f8c-50855c6f1fed:c2555]
2019-08-21 12:28:04,735 | INFO  | DNAudit | user=null | ip=null | op=WRITE_CHUNK {blockData=conID: 2 locID: 102654966805103112 bcsId: 2557} | ret=SUCCESS |  
2019-08-21 12:28:04,738 | INFO  | DNAudit | user=null | ip=null | op=WRITE_CHUNK {blockData=conID: 2 locID: 102654966805103112 bcsId: 2557} | ret=SUCCESS |  
2019-08-21 12:28:04,738 | INFO  | DNAudit | user=null | ip=null | op=WRITE_CHUNK {blockData=conID: 2 locID: 102654966805103112 bcsId: 2557} | ret=SUCCESS |  
2019-08-21 12:28:04,740 | INFO  | DNAudit | user=null | ip=null | op=WRITE_CHUNK {blockData=conID: 2 locID: 102654966805103112 bcsId: 2557} | ret=SUCCESS |  
2019-08-21 12:28:04,740 | INFO  | DNAudit | user=null | ip=null | op=PUT_BLOCK {blockData=[blockId=conID: 2 locID: 102654966805103112 bcsId: 0,size=3145728]} | ret=SUCCESS |  
2019-08-21 12:28:04,740 [grpc-default-executor-4] INFO  client.GrpcClientProtocolClient (GrpcClientProtocolClient.java:onNext(255)) - client-C954105195FD->270584e6-a4a8-4db5-8151-214655ce1a56: receive RaftClientReply:client-C954105195FD->270584e6-a4a8-4db5-8151-214655ce1a56@group-787F5BA3AA67, cid=1764, SUCCESS, logIndex=2561, commits[270584e6-a4a8-4db5-8151-214655ce1a56:c2562, af078b8b-61ec-497f-9506-472d46a72462:c2560, 09fb9ab4-1b8d-44c0-9f8c-50855c6f1fed:c2557]
2019-08-21 12:28:04,741 [grpc-default-executor-4] INFO  client.GrpcClientProtocolClient (GrpcClientProtocolClient.java:onNext(255)) - client-C954105195FD->270584e6-a4a8-4db5-8151-214655ce1a56: receive RaftClientReply:client-C954105195FD->270584e6-a4a8-4db5-8151-214655ce1a56@group-787F5BA3AA67, cid=1765, SUCCESS, logIndex=2562, commits[270584e6-a4a8-4db5-8151-214655ce1a56:c2562, af078b8b-61ec-497f-9506-472d46a72462:c2560, 09fb9ab4-1b8d-44c0-9f8c-50855c6f1fed:c2560]
2019-08-21 12:28:04,741 | INFO  | DNAudit | user=null | ip=null | op=WRITE_CHUNK {blockData=conID: 2 locID: 102654966805103112 bcsId: 2557} | ret=SUCCESS |  
2019-08-21 12:28:04,741 | INFO  | DNAudit | user=null | ip=null | op=WRITE_CHUNK {blockData=conID: 2 locID: 102654966805103112 bcsId: 2557} | ret=SUCCESS |  
2019-08-21 12:28:04,741 | INFO  | DNAudit | user=null | ip=null | op=PUT_BLOCK {blockData=[blockId=conID: 2 locID: 102654966805103112 bcsId: 0,size=3145728]} | ret=SUCCESS |  
2019-08-21 12:28:04,744 | INFO  | DNAudit | user=null | ip=null | op=PUT_BLOCK {blockData=[blockId=conID: 2 locID: 102654966805103112 bcsId: 0,size=3145728]} | ret=SUCCESS |  
2019-08-21 12:28:04,747 | INFO  | DNAudit | user=null | ip=null | op=WRITE_CHUNK {blockData=conID: 2 locID: 102654966805103112 bcsId: 2562} | ret=SUCCESS |  
2019-08-21 12:28:04,750 | INFO  | DNAudit | user=null | ip=null | op=WRITE_CHUNK {blockData=conID: 2 locID: 102654966805103112 bcsId: 2562} | ret=SUCCESS |  
2019-08-21 12:28:04,750 | INFO  | DNAudit | user=null | ip=null | op=WRITE_CHUNK {blockData=conID: 2 locID: 102654966805103112 bcsId: 2562} | ret=SUCCESS |  
2019-08-21 12:28:04,752 | INFO  | DNAudit | user=null | ip=null | op=WRITE_CHUNK {blockData=conID: 2 locID: 102654966805103112 bcsId: 2562} | ret=SUCCESS |  
2019-08-21 12:28:04,752 | INFO  | DNAudit | user=null | ip=null | op=PUT_BLOCK {blockData=[blockId=conID: 2 locID: 102654966805103112 bcsId: 0,size=4194304]} | ret=SUCCESS |  
2019-08-21 12:28:04,753 [grpc-default-executor-1] INFO  client.GrpcClientProtocolClient (GrpcClientProtocolClient.java:onNext(255)) - client-C954105195FD->270584e6-a4a8-4db5-8151-214655ce1a56: receive RaftClientReply:client-C954105195FD->270584e6-a4a8-4db5-8151-214655ce1a56@group-787F5BA3AA67, cid=1766, SUCCESS, logIndex=2565, commits[270584e6-a4a8-4db5-8151-214655ce1a56:c2566, af078b8b-61ec-497f-9506-472d46a72462:c2564, 09fb9ab4-1b8d-44c0-9f8c-50855c6f1fed:c2562]
2019-08-21 12:28:04,753 [grpc-default-executor-1] INFO  client.GrpcClientProtocolClient (GrpcClientProtocolClient.java:onNext(255)) - client-C954105195FD->270584e6-a4a8-4db5-8151-214655ce1a56: receive RaftClientReply:client-C954105195FD->270584e6-a4a8-4db5-8151-214655ce1a56@group-787F5BA3AA67, cid=1767, SUCCESS, logIndex=2566, commits[270584e6-a4a8-4db5-8151-214655ce1a56:c2566, af078b8b-61ec-497f-9506-472d46a72462:c2564, 09fb9ab4-1b8d-44c0-9f8c-50855c6f1fed:c2564]
2019-08-21 12:28:04,753 | INFO  | DNAudit | user=null | ip=null | op=WRITE_CHUNK {blockData=conID: 2 locID: 102654966805103112 bcsId: 2562} | ret=SUCCESS |  
2019-08-21 12:28:04,754 | INFO  | DNAudit | user=null | ip=null | op=WRITE_CHUNK {blockData=conID: 2 locID: 102654966805103112 bcsId: 2562} | ret=SUCCESS |  
2019-08-21 12:28:04,754 | INFO  | DNAudit | user=null | ip=null | op=PUT_BLOCK {blockData=[blockId=conID: 2 locID: 102654966805103112 bcsId: 0,size=4194304]} | ret=SUCCESS |  
2019-08-21 12:28:04,754 | INFO  | DNAudit | user=null | ip=null | op=PUT_BLOCK {blockData=[blockId=conID: 2 locID: 102654966805103112 bcsId: 0,size=4194304]} | ret=SUCCESS |  
2019-08-21 12:28:04,754 [grpc-default-executor-4] INFO  client.GrpcClientProtocolClient (GrpcClientProtocolClient.java:onNext(255)) - client-C954105195FD->270584e6-a4a8-4db5-8151-214655ce1a56: receive RaftClientReply:client-C954105195FD->270584e6-a4a8-4db5-8151-214655ce1a56@group-787F5BA3AA67, cid=1768, SUCCESS, logIndex=0, commits[270584e6-a4a8-4db5-8151-214655ce1a56:c2567, af078b8b-61ec-497f-9506-472d46a72462:c2566, 09fb9ab4-1b8d-44c0-9f8c-50855c6f1fed:c2566]
2019-08-21 12:28:04,758 | INFO  | SCMAudit | user=jenkins1000 | ip=192.168.34.23 | op=ALLOCATE_BLOCK {owner=b79f83c9-5f7d-4caf-af30-78af34bc5eea, size=4194304, type=RATIS, factor=THREE} | ret=SUCCESS |  
2019-08-21 12:28:04,760 | INFO  | OMAudit | user=jenkins1000 | ip=127.0.0.1 | op=ALLOCATE_BLOCK {volume=vol-0-06517, bucket=bucket-0-64549, key=key-0-34512, dataSize=0, replicationType=null, replicationFactor=null, keyLocationInfo=null, clientID=102654965997830546} | ret=SUCCESS |  
2019-08-21 12:28:04,767 | INFO  | DNAudit | user=null | ip=null | op=WRITE_CHUNK {blockData=conID: 3 locID: 102654966809100809 bcsId: 0} | ret=SUCCESS |  
2019-08-21 12:28:04,769 | INFO  | DNAudit | user=null | ip=null | op=WRITE_CHUNK {blockData=conID: 3 locID: 102654966809100809 bcsId: 0} | ret=SUCCESS |  
2019-08-21 12:28:04,770 | INFO  | DNAudit | user=null | ip=null | op=WRITE_CHUNK {blockData=conID: 3 locID: 102654966809100809 bcsId: 0} | ret=SUCCESS |  
2019-08-21 12:28:04,770 | INFO  | DNAudit | user=null | ip=null | op=WRITE_CHUNK {blockData=conID: 3 locID: 102654966809100809 bcsId: 0} | ret=SUCCESS |  
2019-08-21 12:28:04,772 | INFO  | DNAudit | user=null | ip=null | op=WRITE_CHUNK {blockData=conID: 3 locID: 102654966809100809 bcsId: 0} | ret=SUCCESS |  
2019-08-21 12:28:04,772 | INFO  | DNAudit | user=null | ip=null | op=WRITE_CHUNK {blockData=conID: 3 locID: 102654966809100809 bcsId: 0} | ret=SUCCESS |  
2019-08-21 12:28:04,793 | INFO  | DNAudit | user=null | ip=null | op=WRITE_CHUNK {blockData=conID: 3 locID: 102654966809100809 bcsId: 0} | ret=SUCCESS |  
2019-08-21 12:28:04,794 | INFO  | DNAudit | user=null | ip=null | op=PUT_BLOCK {blockData=[blockId=conID: 3 locID: 102654966809100809 bcsId: 0,size=1048576]} | ret=SUCCESS |  
2019-08-21 12:28:04,794 | INFO  | DNAudit | user=null | ip=null | op=WRITE_CHUNK {blockData=conID: 3 locID: 102654966809100809 bcsId: 0} | ret=SUCCESS |  
2019-08-21 12:28:04,794 [grpc-default-executor-5] INFO  client.GrpcClientProtocolClient (GrpcClientProtocolClient.java:onNext(255)) - client-C954105195FD->270584e6-a4a8-4db5-8151-214655ce1a56: receive RaftClientReply:client-C954105195FD->270584e6-a4a8-4db5-8151-214655ce1a56@group-787F5BA3AA67, cid=1769, SUCCESS, logIndex=2569, commits[270584e6-a4a8-4db5-8151-214655ce1a56:c2572, af078b8b-61ec-497f-9506-472d46a72462:c2568, 09fb9ab4-1b8d-44c0-9f8c-50855c6f1fed:c2568]
2019-08-21 12:28:04,794 | INFO  | DNAudit | user=null | ip=null | op=PUT_BLOCK {blockData=[blockId=conID: 3 locID: 102654966809100809 bcsId: 0,size=2097152]} | ret=SUCCESS |  
2019-08-21 12:28:04,795 [grpc-default-executor-5] INFO  client.GrpcClientProtocolClient (GrpcClientProtocolClient.java:onNext(255)) - client-C954105195FD->270584e6-a4a8-4db5-8151-214655ce1a56: receive RaftClientReply:client-C954105195FD->270584e6-a4a8-4db5-8151-214655ce1a56@group-787F5BA3AA67, cid=1770, SUCCESS, logIndex=2570, commits[270584e6-a4a8-4db5-8151-214655ce1a56:c2572, af078b8b-61ec-497f-9506-472d46a72462:c2568, 09fb9ab4-1b8d-44c0-9f8c-50855c6f1fed:c2568]
2019-08-21 12:28:04,795 [grpc-default-executor-5] INFO  client.GrpcClientProtocolClient (GrpcClientProtocolClient.java:onNext(255)) - client-C954105195FD->270584e6-a4a8-4db5-8151-214655ce1a56: receive RaftClientReply:client-C954105195FD->270584e6-a4a8-4db5-8151-214655ce1a56@group-787F5BA3AA67, cid=1771, SUCCESS, logIndex=2571, commits[270584e6-a4a8-4db5-8151-214655ce1a56:c2572, af078b8b-61ec-497f-9506-472d46a72462:c2568, 09fb9ab4-1b8d-44c0-9f8c-50855c6f1fed:c2568]
2019-08-21 12:28:04,795 [grpc-default-executor-5] INFO  client.GrpcClientProtocolClient (GrpcClientProtocolClient.java:onNext(255)) - client-C954105195FD->270584e6-a4a8-4db5-8151-214655ce1a56: receive RaftClientReply:client-C954105195FD->270584e6-a4a8-4db5-8151-214655ce1a56@group-787F5BA3AA67, cid=1772, SUCCESS, logIndex=2572, commits[270584e6-a4a8-4db5-8151-214655ce1a56:c2572, af078b8b-61ec-497f-9506-472d46a72462:c2568, 09fb9ab4-1b8d-44c0-9f8c-50855c6f1fed:c2568]
2019-08-21 12:28:04,804 | INFO  | DNAudit | user=null | ip=null | op=WRITE_CHUNK {blockData=conID: 3 locID: 102654966809100809 bcsId: 0} | ret=SUCCESS |  
2019-08-21 12:28:04,804 | INFO  | DNAudit | user=null | ip=null | op=WRITE_CHUNK {blockData=conID: 3 locID: 102654966809100809 bcsId: 0} | ret=SUCCESS |  
2019-08-21 12:28:04,805 | INFO  | DNAudit | user=null | ip=null | op=PUT_BLOCK {blockData=[blockId=conID: 3 locID: 102654966809100809 bcsId: 0,size=1048576]} | ret=SUCCESS |  
2019-08-21 12:28:04,805 | INFO  | DNAudit | user=null | ip=null | op=PUT_BLOCK {blockData=[blockId=conID: 3 locID: 102654966809100809 bcsId: 0,size=1048576]} | ret=SUCCESS |  
2019-08-21 12:28:04,805 [grpc-default-executor-5] INFO  client.GrpcClientProtocolClient (GrpcClientProtocolClient.java:onNext(255)) - client-C954105195FD->270584e6-a4a8-4db5-8151-214655ce1a56: receive RaftClientReply:client-C954105195FD->270584e6-a4a8-4db5-8151-214655ce1a56@group-787F5BA3AA67, cid=1773, SUCCESS, logIndex=0, commits[270584e6-a4a8-4db5-8151-214655ce1a56:c2573, af078b8b-61ec-497f-9506-472d46a72462:c2570, 09fb9ab4-1b8d-44c0-9f8c-50855c6f1fed:c2570]
2019-08-21 12:28:04,806 | INFO  | DNAudit | user=null | ip=null | op=WRITE_CHUNK {blockData=conID: 3 locID: 102654966809100809 bcsId: 0} | ret=SUCCESS |  
2019-08-21 12:28:04,806 | INFO  | DNAudit | user=null | ip=null | op=WRITE_CHUNK {blockData=conID: 3 locID: 102654966809100809 bcsId: 0} | ret=SUCCESS |  
2019-08-21 12:28:04,807 | INFO  | DNAudit | user=null | ip=null | op=PUT_BLOCK {blockData=[blockId=conID: 3 locID: 102654966809100809 bcsId: 0,size=2097152]} | ret=SUCCESS |  
2019-08-21 12:28:04,807 | INFO  | DNAudit | user=null | ip=null | op=PUT_BLOCK {blockData=[blockId=conID: 3 locID: 102654966809100809 bcsId: 0,size=2097152]} | ret=SUCCESS |  
2019-08-21 12:28:04,812 | INFO  | DNAudit | user=null | ip=null | op=WRITE_CHUNK {blockData=conID: 3 locID: 102654966809100809 bcsId: 2572} | ret=SUCCESS |  
2019-08-21 12:28:04,813 | INFO  | DNAudit | user=null | ip=null | op=WRITE_CHUNK {blockData=conID: 3 locID: 102654966809100809 bcsId: 2572} | ret=SUCCESS |  
2019-08-21 12:28:04,815 | INFO  | DNAudit | user=null | ip=null | op=WRITE_CHUNK {blockData=conID: 3 locID: 102654966809100809 bcsId: 2572} | ret=SUCCESS |  
2019-08-21 12:28:04,820 | INFO  | DNAudit | user=null | ip=null | op=WRITE_CHUNK {blockData=conID: 3 locID: 102654966809100809 bcsId: 2572} | ret=SUCCESS |  
2019-08-21 12:28:04,820 | INFO  | DNAudit | user=null | ip=null | op=PUT_BLOCK {blockData=[blockId=conID: 3 locID: 102654966809100809 bcsId: 0,size=3145728]} | ret=SUCCESS |  
2019-08-21 12:28:04,820 [grpc-default-executor-4] INFO  client.GrpcClientProtocolClient (GrpcClientProtocolClient.java:onNext(255)) - client-C954105195FD->270584e6-a4a8-4db5-8151-214655ce1a56: receive RaftClientReply:client-C954105195FD->270584e6-a4a8-4db5-8151-214655ce1a56@group-787F5BA3AA67, cid=1774, SUCCESS, logIndex=2577, commits[270584e6-a4a8-4db5-8151-214655ce1a56:c2578, af078b8b-61ec-497f-9506-472d46a72462:c2576, 09fb9ab4-1b8d-44c0-9f8c-50855c6f1fed:c2576]
2019-08-21 12:28:04,821 [grpc-default-executor-4] INFO  client.GrpcClientProtocolClient (GrpcClientProtocolClient.java:onNext(255)) - client-C954105195FD->270584e6-a4a8-4db5-8151-214655ce1a56: receive RaftClientReply:client-C954105195FD->270584e6-a4a8-4db5-8151-214655ce1a56@group-787F5BA3AA67, cid=1775, SUCCESS, logIndex=2578, commits[270584e6-a4a8-4db5-8151-214655ce1a56:c2578, af078b8b-61ec-497f-9506-472d46a72462:c2576, 09fb9ab4-1b8d-44c0-9f8c-50855c6f1fed:c2576]
2019-08-21 12:28:04,823 | INFO  | DNAudit | user=null | ip=null | op=WRITE_CHUNK {blockData=conID: 3 locID: 102654966809100809 bcsId: 2572} | ret=SUCCESS |  
2019-08-21 12:28:04,823 | INFO  | DNAudit | user=null | ip=null | op=WRITE_CHUNK {blockData=conID: 3 locID: 102654966809100809 bcsId: 2572} | ret=SUCCESS |  
2019-08-21 12:28:04,823 | INFO  | DNAudit | user=null | ip=null | op=PUT_BLOCK {blockData=[blockId=conID: 3 locID: 102654966809100809 bcsId: 0,size=3145728]} | ret=SUCCESS |  
2019-08-21 12:28:04,828 | INFO  | DNAudit | user=null | ip=null | op=WRITE_CHUNK {blockData=conID: 3 locID: 102654966809100809 bcsId: 2578} | ret=SUCCESS |  
2019-08-21 12:28:04,829 | INFO  | DNAudit | user=null | ip=null | op=WRITE_CHUNK {blockData=conID: 3 locID: 102654966809100809 bcsId: 2578} | ret=SUCCESS |  
2019-08-21 12:28:04,830 | INFO  | DNAudit | user=null | ip=null | op=WRITE_CHUNK {blockData=conID: 3 locID: 102654966809100809 bcsId: 2578} | ret=SUCCESS |  
2019-08-21 12:28:04,835 | INFO  | DNAudit | user=null | ip=null | op=PUT_BLOCK {blockData=[blockId=conID: 3 locID: 102654966809100809 bcsId: 0,size=3145728]} | ret=SUCCESS |  
2019-08-21 12:28:04,837 | INFO  | DNAudit | user=null | ip=null | op=WRITE_CHUNK {blockData=conID: 3 locID: 102654966809100809 bcsId: 2578} | ret=SUCCESS |  
2019-08-21 12:28:04,837 | INFO  | DNAudit | user=null | ip=null | op=PUT_BLOCK {blockData=[blockId=conID: 3 locID: 102654966809100809 bcsId: 0,size=4194304]} | ret=SUCCESS |  
2019-08-21 12:28:04,837 [grpc-default-executor-2] INFO  client.GrpcClientProtocolClient (GrpcClientProtocolClient.java:onNext(255)) - client-C954105195FD->270584e6-a4a8-4db5-8151-214655ce1a56: receive RaftClientReply:client-C954105195FD->270584e6-a4a8-4db5-8151-214655ce1a56@group-787F5BA3AA67, cid=1776, SUCCESS, logIndex=2581, commits[270584e6-a4a8-4db5-8151-214655ce1a56:c2582, af078b8b-61ec-497f-9506-472d46a72462:c2579, 09fb9ab4-1b8d-44c0-9f8c-50855c6f1fed:c2579]
2019-08-21 12:28:04,838 [grpc-default-executor-2] INFO  client.GrpcClientProtocolClient (GrpcClientProtocolClient.java:onNext(255)) - client-C954105195FD->270584e6-a4a8-4db5-8151-214655ce1a56: receive RaftClientReply:client-C954105195FD->270584e6-a4a8-4db5-8151-214655ce1a56@group-787F5BA3AA67, cid=1777, SUCCESS, logIndex=2582, commits[270584e6-a4a8-4db5-8151-214655ce1a56:c2582, af078b8b-61ec-497f-9506-472d46a72462:c2579, 09fb9ab4-1b8d-44c0-9f8c-50855c6f1fed:c2579]
2019-08-21 12:28:04,850 | INFO  | DNAudit | user=null | ip=null | op=WRITE_CHUNK {blockData=conID: 3 locID: 102654966809100809 bcsId: 2578} | ret=SUCCESS |  
2019-08-21 12:28:04,850 | INFO  | DNAudit | user=null | ip=null | op=WRITE_CHUNK {blockData=conID: 3 locID: 102654966809100809 bcsId: 2578} | ret=SUCCESS |  
2019-08-21 12:28:04,861 | INFO  | DNAudit | user=null | ip=null | op=PUT_BLOCK {blockData=[blockId=conID: 3 locID: 102654966809100809 bcsId: 0,size=4194304]} | ret=SUCCESS |  
2019-08-21 12:28:04,861 | INFO  | DNAudit | user=null | ip=null | op=PUT_BLOCK {blockData=[blockId=conID: 3 locID: 102654966809100809 bcsId: 0,size=4194304]} | ret=SUCCESS |  
2019-08-21 12:28:04,862 [grpc-default-executor-2] INFO  client.GrpcClientProtocolClient (GrpcClientProtocolClient.java:onNext(255)) - client-C954105195FD->270584e6-a4a8-4db5-8151-214655ce1a56: receive RaftClientReply:client-C954105195FD->270584e6-a4a8-4db5-8151-214655ce1a56@group-787F5BA3AA67, cid=1778, SUCCESS, logIndex=0, commits[270584e6-a4a8-4db5-8151-214655ce1a56:c2584, af078b8b-61ec-497f-9506-472d46a72462:c2582, 09fb9ab4-1b8d-44c0-9f8c-50855c6f1fed:c2582]
2019-08-21 12:28:04,868 | INFO  | SCMAudit | user=jenkins1000 | ip=192.168.34.23 | op=ALLOCATE_BLOCK {owner=b79f83c9-5f7d-4caf-af30-78af34bc5eea, size=4194304, type=RATIS, factor=THREE} | ret=SUCCESS |  
2019-08-21 12:28:04,871 | INFO  | OMAudit | user=jenkins1000 | ip=127.0.0.1 | op=ALLOCATE_BLOCK {volume=vol-0-06517, bucket=bucket-0-64549, key=key-0-34512, dataSize=0, replicationType=null, replicationFactor=null, keyLocationInfo=null, clientID=102654965997830546} | ret=SUCCESS |  
2019-08-21 12:28:04,879 | INFO  | DNAudit | user=null | ip=null | op=WRITE_CHUNK {blockData=conID: 1 locID: 102654966816309770 bcsId: 0} | ret=SUCCESS |  
2019-08-21 12:28:04,882 | INFO  | DNAudit | user=null | ip=null | op=WRITE_CHUNK {blockData=conID: 1 locID: 102654966816309770 bcsId: 0} | ret=SUCCESS |  
2019-08-21 12:28:04,884 | INFO  | DNAudit | user=null | ip=null | op=WRITE_CHUNK {blockData=conID: 1 locID: 102654966816309770 bcsId: 0} | ret=SUCCESS |  
2019-08-21 12:28:04,884 | INFO  | DNAudit | user=null | ip=null | op=WRITE_CHUNK {blockData=conID: 1 locID: 102654966816309770 bcsId: 0} | ret=SUCCESS |  
2019-08-21 12:28:04,885 | INFO  | DNAudit | user=null | ip=null | op=WRITE_CHUNK {blockData=conID: 1 locID: 102654966816309770 bcsId: 0} | ret=SUCCESS |  
2019-08-21 12:28:04,886 | INFO  | DNAudit | user=null | ip=null | op=WRITE_CHUNK {blockData=conID: 1 locID: 102654966816309770 bcsId: 0} | ret=SUCCESS |  
2019-08-21 12:28:04,894 | INFO  | DNAudit | user=null | ip=null | op=WRITE_CHUNK {blockData=conID: 1 locID: 102654966816309770 bcsId: 0} | ret=SUCCESS |  
2019-08-21 12:28:04,895 | INFO  | DNAudit | user=null | ip=null | op=PUT_BLOCK {blockData=[blockId=conID: 1 locID: 102654966816309770 bcsId: 0,size=1048576]} | ret=SUCCESS |  
2019-08-21 12:28:04,895 [grpc-default-executor-4] INFO  client.GrpcClientProtocolClient (GrpcClientProtocolClient.java:onNext(255)) - client-C954105195FD->270584e6-a4a8-4db5-8151-214655ce1a56: receive RaftClientReply:client-C954105195FD->270584e6-a4a8-4db5-8151-214655ce1a56@group-787F5BA3AA67, cid=1779, SUCCESS, logIndex=2585, commits[270584e6-a4a8-4db5-8151-214655ce1a56:c2588, af078b8b-61ec-497f-9506-472d46a72462:c2584, 09fb9ab4-1b8d-44c0-9f8c-50855c6f1fed:c2584]
2019-08-21 12:28:04,895 | INFO  | DNAudit | user=null | ip=null | op=WRITE_CHUNK {blockData=conID: 1 locID: 102654966816309770 bcsId: 0} | ret=SUCCESS |  
2019-08-21 12:28:04,895 [grpc-default-executor-4] INFO  client.GrpcClientProtocolClient (GrpcClientProtocolClient.java:onNext(255)) - client-C954105195FD->270584e6-a4a8-4db5-8151-214655ce1a56: receive RaftClientReply:client-C954105195FD->270584e6-a4a8-4db5-8151-214655ce1a56@group-787F5BA3AA67, cid=1780, SUCCESS, logIndex=2586, commits[270584e6-a4a8-4db5-8151-214655ce1a56:c2588, af078b8b-61ec-497f-9506-472d46a72462:c2584, 09fb9ab4-1b8d-44c0-9f8c-50855c6f1fed:c2584]
2019-08-21 12:28:04,896 | INFO  | DNAudit | user=null | ip=null | op=PUT_BLOCK {blockData=[blockId=conID: 1 locID: 102654966816309770 bcsId: 0,size=2097152]} | ret=SUCCESS |  
2019-08-21 12:28:04,896 [grpc-default-executor-4] INFO  client.GrpcClientProtocolClient (GrpcClientProtocolClient.java:onNext(255)) - client-C954105195FD->270584e6-a4a8-4db5-8151-214655ce1a56: receive RaftClientReply:client-C954105195FD->270584e6-a4a8-4db5-8151-214655ce1a56@group-787F5BA3AA67, cid=1781, SUCCESS, logIndex=2587, commits[270584e6-a4a8-4db5-8151-214655ce1a56:c2588, af078b8b-61ec-497f-9506-472d46a72462:c2584, 09fb9ab4-1b8d-44c0-9f8c-50855c6f1fed:c2584]
2019-08-21 12:28:04,896 | INFO  | DNAudit | user=null | ip=null | op=WRITE_CHUNK {blockData=conID: 1 locID: 102654966816309770 bcsId: 0} | ret=SUCCESS |  
2019-08-21 12:28:04,897 | INFO  | DNAudit | user=null | ip=null | op=PUT_BLOCK {blockData=[blockId=conID: 1 locID: 102654966816309770 bcsId: 0,size=1048576]} | ret=SUCCESS |  
2019-08-21 12:28:04,897 [grpc-default-executor-2] INFO  client.GrpcClientProtocolClient (GrpcClientProtocolClient.java:onNext(255)) - client-C954105195FD->270584e6-a4a8-4db5-8151-214655ce1a56: receive RaftClientReply:client-C954105195FD->270584e6-a4a8-4db5-8151-214655ce1a56@group-787F5BA3AA67, cid=1782, SUCCESS, logIndex=2588, commits[270584e6-a4a8-4db5-8151-214655ce1a56:c2588, af078b8b-61ec-497f-9506-472d46a72462:c2584, 09fb9ab4-1b8d-44c0-9f8c-50855c6f1fed:c2584]
2019-08-21 12:28:04,910 | INFO  | DNAudit | user=null | ip=null | op=WRITE_CHUNK {blockData=conID: 1 locID: 102654966816309770 bcsId: 0} | ret=SUCCESS |  
2019-08-21 12:28:04,910 | INFO  | DNAudit | user=null | ip=null | op=WRITE_CHUNK {blockData=conID: 1 locID: 102654966816309770 bcsId: 0} | ret=SUCCESS |  
2019-08-21 12:28:04,910 | INFO  | DNAudit | user=null | ip=null | op=PUT_BLOCK {blockData=[blockId=conID: 1 locID: 102654966816309770 bcsId: 0,size=1048576]} | ret=SUCCESS |  
2019-08-21 12:28:04,910 | INFO  | DNAudit | user=null | ip=null | op=PUT_BLOCK {blockData=[blockId=conID: 1 locID: 102654966816309770 bcsId: 0,size=2097152]} | ret=SUCCESS |  
2019-08-21 12:28:04,910 [grpc-default-executor-2] INFO  client.GrpcClientProtocolClient (GrpcClientProtocolClient.java:onNext(255)) - client-C954105195FD->270584e6-a4a8-4db5-8151-214655ce1a56: receive RaftClientReply:client-C954105195FD->270584e6-a4a8-4db5-8151-214655ce1a56@group-787F5BA3AA67, cid=1783, SUCCESS, logIndex=0, commits[270584e6-a4a8-4db5-8151-214655ce1a56:c2589, af078b8b-61ec-497f-9506-472d46a72462:c2586, 09fb9ab4-1b8d-44c0-9f8c-50855c6f1fed:c2586]
2019-08-21 12:28:04,911 | INFO  | DNAudit | user=null | ip=null | op=WRITE_CHUNK {blockData=conID: 1 locID: 102654966816309770 bcsId: 0} | ret=SUCCESS |  
2019-08-21 12:28:04,911 | INFO  | DNAudit | user=null | ip=null | op=PUT_BLOCK {blockData=[blockId=conID: 1 locID: 102654966816309770 bcsId: 0,size=2097152]} | ret=SUCCESS |  
2019-08-21 12:28:04,918 | INFO  | DNAudit | user=null | ip=null | op=WRITE_CHUNK {blockData=conID: 1 locID: 102654966816309770 bcsId: 2588} | ret=SUCCESS |  
2019-08-21 12:28:04,921 | INFO  | DNAudit | user=null | ip=null | op=WRITE_CHUNK {blockData=conID: 1 locID: 102654966816309770 bcsId: 2588} | ret=SUCCESS |  
2019-08-21 12:28:04,921 | INFO  | DNAudit | user=null | ip=null | op=WRITE_CHUNK {blockData=conID: 1 locID: 102654966816309770 bcsId: 2588} | ret=SUCCESS |  
2019-08-21 12:28:04,933 | INFO  | DNAudit | user=null | ip=null | op=WRITE_CHUNK {blockData=conID: 1 locID: 102654966816309770 bcsId: 2588} | ret=SUCCESS |  
2019-08-21 12:28:04,934 | INFO  | DNAudit | user=null | ip=null | op=PUT_BLOCK {blockData=[blockId=conID: 1 locID: 102654966816309770 bcsId: 0,size=3145728]} | ret=SUCCESS |  
2019-08-21 12:28:04,934 [grpc-default-executor-2] INFO  client.GrpcClientProtocolClient (GrpcClientProtocolClient.java:onNext(255)) - client-C954105195FD->270584e6-a4a8-4db5-8151-214655ce1a56: receive RaftClientReply:client-C954105195FD->270584e6-a4a8-4db5-8151-214655ce1a56@group-787F5BA3AA67, cid=1784, SUCCESS, logIndex=2592, commits[270584e6-a4a8-4db5-8151-214655ce1a56:c2593, af078b8b-61ec-497f-9506-472d46a72462:c2590, 09fb9ab4-1b8d-44c0-9f8c-50855c6f1fed:c2590]
2019-08-21 12:28:04,934 [grpc-default-executor-2] INFO  client.GrpcClientProtocolClient (GrpcClientProtocolClient.java:onNext(255)) - client-C954105195FD->270584e6-a4a8-4db5-8151-214655ce1a56: receive RaftClientReply:client-C954105195FD->270584e6-a4a8-4db5-8151-214655ce1a56@group-787F5BA3AA67, cid=1785, SUCCESS, logIndex=2593, commits[270584e6-a4a8-4db5-8151-214655ce1a56:c2593, af078b8b-61ec-497f-9506-472d46a72462:c2590, 09fb9ab4-1b8d-44c0-9f8c-50855c6f1fed:c2590]
2019-08-21 12:28:04,943 | INFO  | DNAudit | user=null | ip=null | op=WRITE_CHUNK {blockData=conID: 1 locID: 102654966816309770 bcsId: 2593} | ret=SUCCESS |  
2019-08-21 12:28:04,945 | INFO  | DNAudit | user=null | ip=null | op=WRITE_CHUNK {blockData=conID: 1 locID: 102654966816309770 bcsId: 2593} | ret=SUCCESS |  
2019-08-21 12:28:04,946 | INFO  | DNAudit | user=null | ip=null | op=WRITE_CHUNK {blockData=conID: 1 locID: 102654966816309770 bcsId: 2593} | ret=SUCCESS |  
2019-08-21 12:28:04,946 | INFO  | DNAudit | user=null | ip=null | op=WRITE_CHUNK {blockData=conID: 1 locID: 102654966816309770 bcsId: 2588} | ret=SUCCESS |  
2019-08-21 12:28:04,946 | INFO  | DNAudit | user=null | ip=null | op=WRITE_CHUNK {blockData=conID: 1 locID: 102654966816309770 bcsId: 2588} | ret=SUCCESS |  
2019-08-21 12:28:04,947 | INFO  | DNAudit | user=null | ip=null | op=PUT_BLOCK {blockData=[blockId=conID: 1 locID: 102654966816309770 bcsId: 0,size=3145728]} | ret=SUCCESS |  
2019-08-21 12:28:04,947 | INFO  | DNAudit | user=null | ip=null | op=PUT_BLOCK {blockData=[blockId=conID: 1 locID: 102654966816309770 bcsId: 0,size=3145728]} | ret=SUCCESS |  
2019-08-21 12:28:04,960 | INFO  | DNAudit | user=null | ip=null | op=WRITE_CHUNK {blockData=conID: 1 locID: 102654966816309770 bcsId: 2593} | ret=SUCCESS |  
2019-08-21 12:28:04,960 | INFO  | DNAudit | user=null | ip=null | op=PUT_BLOCK {blockData=[blockId=conID: 1 locID: 102654966816309770 bcsId: 0,size=4194304]} | ret=SUCCESS |  
2019-08-21 12:28:04,960 [grpc-default-executor-1] INFO  client.GrpcClientProtocolClient (GrpcClientProtocolClient.java:onNext(255)) - client-C954105195FD->270584e6-a4a8-4db5-8151-214655ce1a56: receive RaftClientReply:client-C954105195FD->270584e6-a4a8-4db5-8151-214655ce1a56@group-787F5BA3AA67, cid=1786, SUCCESS, logIndex=2596, commits[270584e6-a4a8-4db5-8151-214655ce1a56:c2597, af078b8b-61ec-497f-9506-472d46a72462:c2593, 09fb9ab4-1b8d-44c0-9f8c-50855c6f1fed:c2593]
2019-08-21 12:28:04,961 [grpc-default-executor-1] INFO  client.GrpcClientProtocolClient (GrpcClientProtocolClient.java:onNext(255)) - client-C954105195FD->270584e6-a4a8-4db5-8151-214655ce1a56: receive RaftClientReply:client-C954105195FD->270584e6-a4a8-4db5-8151-214655ce1a56@group-787F5BA3AA67, cid=1787, SUCCESS, logIndex=2597, commits[270584e6-a4a8-4db5-8151-214655ce1a56:c2597, af078b8b-61ec-497f-9506-472d46a72462:c2593, 09fb9ab4-1b8d-44c0-9f8c-50855c6f1fed:c2593]
2019-08-21 12:28:04,973 | INFO  | DNAudit | user=null | ip=null | op=WRITE_CHUNK {blockData=conID: 1 locID: 102654966816309770 bcsId: 2593} | ret=SUCCESS |  
2019-08-21 12:28:04,973 | INFO  | DNAudit | user=null | ip=null | op=WRITE_CHUNK {blockData=conID: 1 locID: 102654966816309770 bcsId: 2593} | ret=SUCCESS |  
2019-08-21 12:28:04,976 | INFO  | DNAudit | user=null | ip=null | op=PUT_BLOCK {blockData=[blockId=conID: 1 locID: 102654966816309770 bcsId: 0,size=4194304]} | ret=SUCCESS |  
2019-08-21 12:28:04,977 | INFO  | DNAudit | user=null | ip=null | op=PUT_BLOCK {blockData=[blockId=conID: 1 locID: 102654966816309770 bcsId: 0,size=4194304]} | ret=SUCCESS |  
2019-08-21 12:28:04,977 [grpc-default-executor-5] INFO  client.GrpcClientProtocolClient (GrpcClientProtocolClient.java:onNext(255)) - client-C954105195FD->270584e6-a4a8-4db5-8151-214655ce1a56: receive RaftClientReply:client-C954105195FD->270584e6-a4a8-4db5-8151-214655ce1a56@group-787F5BA3AA67, cid=1788, SUCCESS, logIndex=0, commits[270584e6-a4a8-4db5-8151-214655ce1a56:c2599, af078b8b-61ec-497f-9506-472d46a72462:c2597, 09fb9ab4-1b8d-44c0-9f8c-50855c6f1fed:c2597]
2019-08-21 12:28:04,982 | INFO  | SCMAudit | user=jenkins1000 | ip=192.168.34.23 | op=ALLOCATE_BLOCK {owner=b79f83c9-5f7d-4caf-af30-78af34bc5eea, size=4194304, type=RATIS, factor=THREE} | ret=SUCCESS |  
2019-08-21 12:28:04,986 | INFO  | OMAudit | user=jenkins1000 | ip=127.0.0.1 | op=ALLOCATE_BLOCK {volume=vol-0-06517, bucket=bucket-0-64549, key=key-0-34512, dataSize=0, replicationType=null, replicationFactor=null, keyLocationInfo=null, clientID=102654965997830546} | ret=SUCCESS |  
2019-08-21 12:28:04,993 | INFO  | DNAudit | user=null | ip=null | op=WRITE_CHUNK {blockData=conID: 2 locID: 102654966823780875 bcsId: 0} | ret=SUCCESS |  
2019-08-21 12:28:04,996 | INFO  | DNAudit | user=null | ip=null | op=WRITE_CHUNK {blockData=conID: 2 locID: 102654966823780875 bcsId: 0} | ret=SUCCESS |  
2019-08-21 12:28:04,997 | INFO  | DNAudit | user=null | ip=null | op=WRITE_CHUNK {blockData=conID: 2 locID: 102654966823780875 bcsId: 0} | ret=SUCCESS |  
2019-08-21 12:28:04,997 | INFO  | DNAudit | user=null | ip=null | op=WRITE_CHUNK {blockData=conID: 2 locID: 102654966823780875 bcsId: 0} | ret=SUCCESS |  
2019-08-21 12:28:04,998 | INFO  | DNAudit | user=null | ip=null | op=WRITE_CHUNK {blockData=conID: 2 locID: 102654966823780875 bcsId: 0} | ret=SUCCESS |  
2019-08-21 12:28:04,999 | INFO  | DNAudit | user=null | ip=null | op=WRITE_CHUNK {blockData=conID: 2 locID: 102654966823780875 bcsId: 0} | ret=SUCCESS |  
2019-08-21 12:28:05,002 | INFO  | DNAudit | user=null | ip=null | op=WRITE_CHUNK {blockData=conID: 2 locID: 102654966823780875 bcsId: 0} | ret=SUCCESS |  
2019-08-21 12:28:05,003 | INFO  | DNAudit | user=null | ip=null | op=PUT_BLOCK {blockData=[blockId=conID: 2 locID: 102654966823780875 bcsId: 0,size=1048576]} | ret=SUCCESS |  
2019-08-21 12:28:05,003 [grpc-default-executor-5] INFO  client.GrpcClientProtocolClient (GrpcClientProtocolClient.java:onNext(255)) - client-C954105195FD->270584e6-a4a8-4db5-8151-214655ce1a56: receive RaftClientReply:client-C954105195FD->270584e6-a4a8-4db5-8151-214655ce1a56@group-787F5BA3AA67, cid=1789, SUCCESS, logIndex=2600, commits[270584e6-a4a8-4db5-8151-214655ce1a56:c2603, af078b8b-61ec-497f-9506-472d46a72462:c2599, 09fb9ab4-1b8d-44c0-9f8c-50855c6f1fed:c2599]
2019-08-21 12:28:05,003 | INFO  | DNAudit | user=null | ip=null | op=WRITE_CHUNK {blockData=conID: 2 locID: 102654966823780875 bcsId: 0} | ret=SUCCESS |  
2019-08-21 12:28:05,004 [grpc-default-executor-5] INFO  client.GrpcClientProtocolClient (GrpcClientProtocolClient.java:onNext(255)) - client-C954105195FD->270584e6-a4a8-4db5-8151-214655ce1a56: receive RaftClientReply:client-C954105195FD->270584e6-a4a8-4db5-8151-214655ce1a56@group-787F5BA3AA67, cid=1790, SUCCESS, logIndex=2601, commits[270584e6-a4a8-4db5-8151-214655ce1a56:c2603, af078b8b-61ec-497f-9506-472d46a72462:c2599, 09fb9ab4-1b8d-44c0-9f8c-50855c6f1fed:c2599]
2019-08-21 12:28:05,004 | INFO  | DNAudit | user=null | ip=null | op=PUT_BLOCK {blockData=[blockId=conID: 2 locID: 102654966823780875 bcsId: 0,size=2097152]} | ret=SUCCESS |  
2019-08-21 12:28:05,004 [grpc-default-executor-5] INFO  client.GrpcClientProtocolClient (GrpcClientProtocolClient.java:onNext(255)) - client-C954105195FD->270584e6-a4a8-4db5-8151-214655ce1a56: receive RaftClientReply:client-C954105195FD->270584e6-a4a8-4db5-8151-214655ce1a56@group-787F5BA3AA67, cid=1791, SUCCESS, logIndex=2602, commits[270584e6-a4a8-4db5-8151-214655ce1a56:c2603, af078b8b-61ec-497f-9506-472d46a72462:c2599, 09fb9ab4-1b8d-44c0-9f8c-50855c6f1fed:c2599]
2019-08-21 12:28:05,004 [grpc-default-executor-5] INFO  client.GrpcClientProtocolClient (GrpcClientProtocolClient.java:onNext(255)) - client-C954105195FD->270584e6-a4a8-4db5-8151-214655ce1a56: receive RaftClientReply:client-C954105195FD->270584e6-a4a8-4db5-8151-214655ce1a56@group-787F5BA3AA67, cid=1792, SUCCESS, logIndex=2603, commits[270584e6-a4a8-4db5-8151-214655ce1a56:c2603, af078b8b-61ec-497f-9506-472d46a72462:c2599, 09fb9ab4-1b8d-44c0-9f8c-50855c6f1fed:c2599]
2019-08-21 12:28:05,005 | INFO  | DNAudit | user=null | ip=null | op=WRITE_CHUNK {blockData=conID: 2 locID: 102654966823780875 bcsId: 0} | ret=SUCCESS |  
2019-08-21 12:28:05,005 | INFO  | DNAudit | user=null | ip=null | op=WRITE_CHUNK {blockData=conID: 2 locID: 102654966823780875 bcsId: 0} | ret=SUCCESS |  
2019-08-21 12:28:05,005 | INFO  | DNAudit | user=null | ip=null | op=PUT_BLOCK {blockData=[blockId=conID: 2 locID: 102654966823780875 bcsId: 0,size=1048576]} | ret=SUCCESS |  
2019-08-21 12:28:05,005 | INFO  | DNAudit | user=null | ip=null | op=PUT_BLOCK {blockData=[blockId=conID: 2 locID: 102654966823780875 bcsId: 0,size=1048576]} | ret=SUCCESS |  
2019-08-21 12:28:05,005 [grpc-default-executor-5] INFO  client.GrpcClientProtocolClient (GrpcClientProtocolClient.java:onNext(255)) - client-C954105195FD->270584e6-a4a8-4db5-8151-214655ce1a56: receive RaftClientReply:client-C954105195FD->270584e6-a4a8-4db5-8151-214655ce1a56@group-787F5BA3AA67, cid=1793, SUCCESS, logIndex=0, commits[270584e6-a4a8-4db5-8151-214655ce1a56:c2603, af078b8b-61ec-497f-9506-472d46a72462:c2601, 09fb9ab4-1b8d-44c0-9f8c-50855c6f1fed:c2603]
2019-08-21 12:28:05,006 | INFO  | DNAudit | user=null | ip=null | op=WRITE_CHUNK {blockData=conID: 2 locID: 102654966823780875 bcsId: 0} | ret=SUCCESS |  
2019-08-21 12:28:05,006 | INFO  | DNAudit | user=null | ip=null | op=PUT_BLOCK {blockData=[blockId=conID: 2 locID: 102654966823780875 bcsId: 0,size=2097152]} | ret=SUCCESS |  
2019-08-21 12:28:05,008 | INFO  | DNAudit | user=null | ip=null | op=WRITE_CHUNK {blockData=conID: 2 locID: 102654966823780875 bcsId: 0} | ret=SUCCESS |  
2019-08-21 12:28:05,009 | INFO  | DNAudit | user=null | ip=null | op=PUT_BLOCK {blockData=[blockId=conID: 2 locID: 102654966823780875 bcsId: 0,size=2097152]} | ret=SUCCESS |  
2019-08-21 12:28:05,012 | INFO  | DNAudit | user=null | ip=null | op=WRITE_CHUNK {blockData=conID: 2 locID: 102654966823780875 bcsId: 2603} | ret=SUCCESS |  
2019-08-21 12:28:05,014 | INFO  | DNAudit | user=null | ip=null | op=WRITE_CHUNK {blockData=conID: 2 locID: 102654966823780875 bcsId: 2603} | ret=SUCCESS |  
2019-08-21 12:28:05,014 | INFO  | DNAudit | user=null | ip=null | op=WRITE_CHUNK {blockData=conID: 2 locID: 102654966823780875 bcsId: 2603} | ret=SUCCESS |  
2019-08-21 12:28:05,016 | INFO  | DNAudit | user=null | ip=null | op=WRITE_CHUNK {blockData=conID: 2 locID: 102654966823780875 bcsId: 2603} | ret=SUCCESS |  
2019-08-21 12:28:05,017 | INFO  | DNAudit | user=null | ip=null | op=PUT_BLOCK {blockData=[blockId=conID: 2 locID: 102654966823780875 bcsId: 0,size=3145728]} | ret=SUCCESS |  
2019-08-21 12:28:05,017 [grpc-default-executor-5] INFO  client.GrpcClientProtocolClient (GrpcClientProtocolClient.java:onNext(255)) - client-C954105195FD->270584e6-a4a8-4db5-8151-214655ce1a56: receive RaftClientReply:client-C954105195FD->270584e6-a4a8-4db5-8151-214655ce1a56@group-787F5BA3AA67, cid=1794, SUCCESS, logIndex=2606, commits[270584e6-a4a8-4db5-8151-214655ce1a56:c2607, af078b8b-61ec-497f-9506-472d46a72462:c2605, 09fb9ab4-1b8d-44c0-9f8c-50855c6f1fed:c2605]
2019-08-21 12:28:05,017 [grpc-default-executor-5] INFO  client.GrpcClientProtocolClient (GrpcClientProtocolClient.java:onNext(255)) - client-C954105195FD->270584e6-a4a8-4db5-8151-214655ce1a56: receive RaftClientReply:client-C954105195FD->270584e6-a4a8-4db5-8151-214655ce1a56@group-787F5BA3AA67, cid=1795, SUCCESS, logIndex=2607, commits[270584e6-a4a8-4db5-8151-214655ce1a56:c2607, af078b8b-61ec-497f-9506-472d46a72462:c2605, 09fb9ab4-1b8d-44c0-9f8c-50855c6f1fed:c2605]
2019-08-21 12:28:05,019 | INFO  | DNAudit | user=null | ip=null | op=WRITE_CHUNK {blockData=conID: 2 locID: 102654966823780875 bcsId: 2603} | ret=SUCCESS |  
2019-08-21 12:28:05,021 | INFO  | DNAudit | user=null | ip=null | op=WRITE_CHUNK {blockData=conID: 2 locID: 102654966823780875 bcsId: 2603} | ret=SUCCESS |  
2019-08-21 12:28:05,021 | INFO  | DNAudit | user=null | ip=null | op=PUT_BLOCK {blockData=[blockId=conID: 2 locID: 102654966823780875 bcsId: 0,size=3145728]} | ret=SUCCESS |  
2019-08-21 12:28:05,022 | INFO  | DNAudit | user=null | ip=null | op=PUT_BLOCK {blockData=[blockId=conID: 2 locID: 102654966823780875 bcsId: 0,size=3145728]} | ret=SUCCESS |  
2019-08-21 12:28:05,024 | INFO  | DNAudit | user=null | ip=null | op=WRITE_CHUNK {blockData=conID: 2 locID: 102654966823780875 bcsId: 2607} | ret=SUCCESS |  
2019-08-21 12:28:05,026 | INFO  | DNAudit | user=null | ip=null | op=WRITE_CHUNK {blockData=conID: 2 locID: 102654966823780875 bcsId: 2607} | ret=SUCCESS |  
2019-08-21 12:28:05,027 | INFO  | DNAudit | user=null | ip=null | op=WRITE_CHUNK {blockData=conID: 2 locID: 102654966823780875 bcsId: 2607} | ret=SUCCESS |  
2019-08-21 12:28:05,058 | INFO  | DNAudit | user=null | ip=null | op=WRITE_CHUNK {blockData=conID: 2 locID: 102654966823780875 bcsId: 2607} | ret=SUCCESS |  
2019-08-21 12:28:05,058 | INFO  | DNAudit | user=null | ip=null | op=PUT_BLOCK {blockData=[blockId=conID: 2 locID: 102654966823780875 bcsId: 0,size=4194304]} | ret=SUCCESS |  
2019-08-21 12:28:05,058 [grpc-default-executor-1] INFO  client.GrpcClientProtocolClient (GrpcClientProtocolClient.java:onNext(255)) - client-C954105195FD->270584e6-a4a8-4db5-8151-214655ce1a56: receive RaftClientReply:client-C954105195FD->270584e6-a4a8-4db5-8151-214655ce1a56@group-787F5BA3AA67, cid=1796, SUCCESS, logIndex=2610, commits[270584e6-a4a8-4db5-8151-214655ce1a56:c2611, af078b8b-61ec-497f-9506-472d46a72462:c2609, 09fb9ab4-1b8d-44c0-9f8c-50855c6f1fed:c2609]
2019-08-21 12:28:05,059 [grpc-default-executor-1] INFO  client.GrpcClientProtocolClient (GrpcClientProtocolClient.java:onNext(255)) - client-C954105195FD->270584e6-a4a8-4db5-8151-214655ce1a56: receive RaftClientReply:client-C954105195FD->270584e6-a4a8-4db5-8151-214655ce1a56@group-787F5BA3AA67, cid=1797, SUCCESS, logIndex=2611, commits[270584e6-a4a8-4db5-8151-214655ce1a56:c2611, af078b8b-61ec-497f-9506-472d46a72462:c2609, 09fb9ab4-1b8d-44c0-9f8c-50855c6f1fed:c2609]
2019-08-21 12:28:05,059 | INFO  | DNAudit | user=null | ip=null | op=WRITE_CHUNK {blockData=conID: 2 locID: 102654966823780875 bcsId: 2607} | ret=SUCCESS |  
2019-08-21 12:28:05,061 | INFO  | DNAudit | user=null | ip=null | op=WRITE_CHUNK {blockData=conID: 2 locID: 102654966823780875 bcsId: 2607} | ret=SUCCESS |  
2019-08-21 12:28:05,062 | INFO  | DNAudit | user=null | ip=null | op=PUT_BLOCK {blockData=[blockId=conID: 2 locID: 102654966823780875 bcsId: 0,size=4194304]} | ret=SUCCESS |  
2019-08-21 12:28:05,073 | INFO  | DNAudit | user=null | ip=null | op=PUT_BLOCK {blockData=[blockId=conID: 2 locID: 102654966823780875 bcsId: 0,size=4194304]} | ret=SUCCESS |  
2019-08-21 12:28:05,073 [grpc-default-executor-5] INFO  client.GrpcClientProtocolClient (GrpcClientProtocolClient.java:onNext(255)) - client-C954105195FD->270584e6-a4a8-4db5-8151-214655ce1a56: receive RaftClientReply:client-C954105195FD->270584e6-a4a8-4db5-8151-214655ce1a56@group-787F5BA3AA67, cid=1798, SUCCESS, logIndex=0, commits[270584e6-a4a8-4db5-8151-214655ce1a56:c2612, af078b8b-61ec-497f-9506-472d46a72462:c2611, 09fb9ab4-1b8d-44c0-9f8c-50855c6f1fed:c2611]
2019-08-21 12:28:05,079 | INFO  | SCMAudit | user=jenkins1000 | ip=192.168.34.23 | op=ALLOCATE_BLOCK {owner=b79f83c9-5f7d-4caf-af30-78af34bc5eea, size=4194304, type=RATIS, factor=THREE} | ret=SUCCESS |  
2019-08-21 12:28:05,080 | INFO  | SCMAudit | user=jenkins1000 | ip=192.168.34.23 | op=SEND_HEARTBEAT {datanodeUUID=39ae8c09-9b4b-4ddc-906b-4e52d104e1b1, command=[]} | ret=SUCCESS |  
2019-08-21 12:28:05,080 | INFO  | SCMAudit | user=jenkins1000 | ip=192.168.34.23 | op=SEND_HEARTBEAT {datanodeUUID=0aa4def6-fe9f-4182-b0b1-80406548816f, command=[]} | ret=SUCCESS |  
2019-08-21 12:28:05,082 | INFO  | OMAudit | user=jenkins1000 | ip=127.0.0.1 | op=ALLOCATE_BLOCK {volume=vol-0-06517, bucket=bucket-0-64549, key=key-0-34512, dataSize=0, replicationType=null, replicationFactor=null, keyLocationInfo=null, clientID=102654965997830546} | ret=SUCCESS |  
2019-08-21 12:28:05,090 | INFO  | DNAudit | user=null | ip=null | op=WRITE_CHUNK {blockData=conID: 3 locID: 102654966830137868 bcsId: 0} | ret=SUCCESS |  
2019-08-21 12:28:05,092 | INFO  | DNAudit | user=null | ip=null | op=WRITE_CHUNK {blockData=conID: 3 locID: 102654966830137868 bcsId: 0} | ret=SUCCESS |  
2019-08-21 12:28:05,093 | INFO  | DNAudit | user=null | ip=null | op=WRITE_CHUNK {blockData=conID: 3 locID: 102654966830137868 bcsId: 0} | ret=SUCCESS |  
2019-08-21 12:28:05,094 | INFO  | DNAudit | user=null | ip=null | op=WRITE_CHUNK {blockData=conID: 3 locID: 102654966830137868 bcsId: 0} | ret=SUCCESS |  
2019-08-21 12:28:05,094 | INFO  | DNAudit | user=null | ip=null | op=WRITE_CHUNK {blockData=conID: 3 locID: 102654966830137868 bcsId: 0} | ret=SUCCESS |  
2019-08-21 12:28:05,096 | INFO  | DNAudit | user=null | ip=null | op=WRITE_CHUNK {blockData=conID: 3 locID: 102654966830137868 bcsId: 0} | ret=SUCCESS |  
2019-08-21 12:28:05,103 | INFO  | DNAudit | user=null | ip=null | op=WRITE_CHUNK {blockData=conID: 3 locID: 102654966830137868 bcsId: 0} | ret=SUCCESS |  
2019-08-21 12:28:05,103 | INFO  | DNAudit | user=null | ip=null | op=PUT_BLOCK {blockData=[blockId=conID: 3 locID: 102654966830137868 bcsId: 0,size=1048576]} | ret=SUCCESS |  
2019-08-21 12:28:05,104 | INFO  | DNAudit | user=null | ip=null | op=WRITE_CHUNK {blockData=conID: 3 locID: 102654966830137868 bcsId: 0} | ret=SUCCESS |  
2019-08-21 12:28:05,103 [grpc-default-executor-5] INFO  client.GrpcClientProtocolClient (GrpcClientProtocolClient.java:onNext(255)) - client-C954105195FD->270584e6-a4a8-4db5-8151-214655ce1a56: receive RaftClientReply:client-C954105195FD->270584e6-a4a8-4db5-8151-214655ce1a56@group-787F5BA3AA67, cid=1799, SUCCESS, logIndex=2614, commits[270584e6-a4a8-4db5-8151-214655ce1a56:c2615, af078b8b-61ec-497f-9506-472d46a72462:c2613, 09fb9ab4-1b8d-44c0-9f8c-50855c6f1fed:c2613]
2019-08-21 12:28:05,104 | INFO  | DNAudit | user=null | ip=null | op=PUT_BLOCK {blockData=[blockId=conID: 3 locID: 102654966830137868 bcsId: 0,size=2097152]} | ret=SUCCESS |  
2019-08-21 12:28:05,104 [grpc-default-executor-5] INFO  client.GrpcClientProtocolClient (GrpcClientProtocolClient.java:onNext(255)) - client-C954105195FD->270584e6-a4a8-4db5-8151-214655ce1a56: receive RaftClientReply:client-C954105195FD->270584e6-a4a8-4db5-8151-214655ce1a56@group-787F5BA3AA67, cid=1800, SUCCESS, logIndex=2615, commits[270584e6-a4a8-4db5-8151-214655ce1a56:c2617, af078b8b-61ec-497f-9506-472d46a72462:c2613, 09fb9ab4-1b8d-44c0-9f8c-50855c6f1fed:c2613]
2019-08-21 12:28:05,104 [grpc-default-executor-5] INFO  client.GrpcClientProtocolClient (GrpcClientProtocolClient.java:onNext(255)) - client-C954105195FD->270584e6-a4a8-4db5-8151-214655ce1a56: receive RaftClientReply:client-C954105195FD->270584e6-a4a8-4db5-8151-214655ce1a56@group-787F5BA3AA67, cid=1801, SUCCESS, logIndex=2616, commits[270584e6-a4a8-4db5-8151-214655ce1a56:c2617, af078b8b-61ec-497f-9506-472d46a72462:c2613, 09fb9ab4-1b8d-44c0-9f8c-50855c6f1fed:c2613]
2019-08-21 12:28:05,104 [grpc-default-executor-5] INFO  client.GrpcClientProtocolClient (GrpcClientProtocolClient.java:onNext(255)) - client-C954105195FD->270584e6-a4a8-4db5-8151-214655ce1a56: receive RaftClientReply:client-C954105195FD->270584e6-a4a8-4db5-8151-214655ce1a56@group-787F5BA3AA67, cid=1802, SUCCESS, logIndex=2617, commits[270584e6-a4a8-4db5-8151-214655ce1a56:c2617, af078b8b-61ec-497f-9506-472d46a72462:c2613, 09fb9ab4-1b8d-44c0-9f8c-50855c6f1fed:c2613]
2019-08-21 12:28:05,117 | INFO  | DNAudit | user=null | ip=null | op=WRITE_CHUNK {blockData=conID: 3 locID: 102654966830137868 bcsId: 0} | ret=SUCCESS |  
2019-08-21 12:28:05,117 | INFO  | DNAudit | user=null | ip=null | op=PUT_BLOCK {blockData=[blockId=conID: 3 locID: 102654966830137868 bcsId: 0,size=1048576]} | ret=SUCCESS |  
2019-08-21 12:28:05,117 | INFO  | DNAudit | user=null | ip=null | op=WRITE_CHUNK {blockData=conID: 3 locID: 102654966830137868 bcsId: 0} | ret=SUCCESS |  
2019-08-21 12:28:05,117 | INFO  | DNAudit | user=null | ip=null | op=PUT_BLOCK {blockData=[blockId=conID: 3 locID: 102654966830137868 bcsId: 0,size=1048576]} | ret=SUCCESS |  
2019-08-21 12:28:05,118 [grpc-default-executor-5] INFO  client.GrpcClientProtocolClient (GrpcClientProtocolClient.java:onNext(255)) - client-C954105195FD->270584e6-a4a8-4db5-8151-214655ce1a56: receive RaftClientReply:client-C954105195FD->270584e6-a4a8-4db5-8151-214655ce1a56@group-787F5BA3AA67, cid=1803, SUCCESS, logIndex=0, commits[270584e6-a4a8-4db5-8151-214655ce1a56:c2619, af078b8b-61ec-497f-9506-472d46a72462:c2615, 09fb9ab4-1b8d-44c0-9f8c-50855c6f1fed:c2615]
2019-08-21 12:28:05,118 | INFO  | DNAudit | user=null | ip=null | op=WRITE_CHUNK {blockData=conID: 3 locID: 102654966830137868 bcsId: 0} | ret=SUCCESS |  
2019-08-21 12:28:05,119 | INFO  | DNAudit | user=null | ip=null | op=PUT_BLOCK {blockData=[blockId=conID: 3 locID: 102654966830137868 bcsId: 0,size=2097152]} | ret=SUCCESS |  
2019-08-21 12:28:05,126 | INFO  | DNAudit | user=null | ip=null | op=WRITE_CHUNK {blockData=conID: 3 locID: 102654966830137868 bcsId: 2617} | ret=SUCCESS |  
2019-08-21 12:28:05,128 | INFO  | DNAudit | user=null | ip=null | op=WRITE_CHUNK {blockData=conID: 3 locID: 102654966830137868 bcsId: 2617} | ret=SUCCESS |  
2019-08-21 12:28:05,128 | INFO  | DNAudit | user=null | ip=null | op=WRITE_CHUNK {blockData=conID: 3 locID: 102654966830137868 bcsId: 2617} | ret=SUCCESS |  
2019-08-21 12:28:05,128 | INFO  | DNAudit | user=null | ip=null | op=WRITE_CHUNK {blockData=conID: 3 locID: 102654966830137868 bcsId: 0} | ret=SUCCESS |  
2019-08-21 12:28:05,129 | INFO  | DNAudit | user=null | ip=null | op=PUT_BLOCK {blockData=[blockId=conID: 3 locID: 102654966830137868 bcsId: 0,size=2097152]} | ret=SUCCESS |  
2019-08-21 12:28:05,129 | INFO  | DNAudit | user=null | ip=null | op=WRITE_CHUNK {blockData=conID: 3 locID: 102654966830137868 bcsId: 2617} | ret=SUCCESS |  
2019-08-21 12:28:05,130 | INFO  | DNAudit | user=null | ip=null | op=PUT_BLOCK {blockData=[blockId=conID: 3 locID: 102654966830137868 bcsId: 0,size=3145728]} | ret=SUCCESS |  
2019-08-21 12:28:05,130 [grpc-default-executor-1] INFO  client.GrpcClientProtocolClient (GrpcClientProtocolClient.java:onNext(255)) - client-C954105195FD->270584e6-a4a8-4db5-8151-214655ce1a56: receive RaftClientReply:client-C954105195FD->270584e6-a4a8-4db5-8151-214655ce1a56@group-787F5BA3AA67, cid=1804, SUCCESS, logIndex=2622, commits[270584e6-a4a8-4db5-8151-214655ce1a56:c2623, af078b8b-61ec-497f-9506-472d46a72462:c2621, 09fb9ab4-1b8d-44c0-9f8c-50855c6f1fed:c2621]
2019-08-21 12:28:05,130 [grpc-default-executor-1] INFO  client.GrpcClientProtocolClient (GrpcClientProtocolClient.java:onNext(255)) - client-C954105195FD->270584e6-a4a8-4db5-8151-214655ce1a56: receive RaftClientReply:client-C954105195FD->270584e6-a4a8-4db5-8151-214655ce1a56@group-787F5BA3AA67, cid=1805, SUCCESS, logIndex=2623, commits[270584e6-a4a8-4db5-8151-214655ce1a56:c2623, af078b8b-61ec-497f-9506-472d46a72462:c2621, 09fb9ab4-1b8d-44c0-9f8c-50855c6f1fed:c2621]
 0.00% |█                                                                                                    |  0/1 Time: 0:00:132019-08-21 12:28:05,812 | INFO  | SCMAudit | user=jenkins1000 | ip=192.168.34.23 | op=SEND_HEARTBEAT {datanodeUUID=270584e6-a4a8-4db5-8151-214655ce1a56, command=[]} | ret=SUCCESS |  
2019-08-21 12:28:05,812 | INFO  | SCMAudit | user=jenkins1000 | ip=192.168.34.23 | op=SEND_HEARTBEAT {datanodeUUID=af078b8b-61ec-497f-9506-472d46a72462, command=[]} | ret=SUCCESS |  
2019-08-21 12:28:05,812 | INFO  | DNAudit | user=null | ip=null | op=WRITE_CHUNK {blockData=conID: 3 locID: 102654966830137868 bcsId: 2617} | ret=SUCCESS |  
2019-08-21 12:28:05,812 | INFO  | SCMAudit | user=jenkins1000 | ip=192.168.34.23 | op=SEND_HEARTBEAT {datanodeUUID=09fb9ab4-1b8d-44c0-9f8c-50855c6f1fed, command=[]} | ret=SUCCESS |  
2019-08-21 12:28:05,812 | INFO  | DNAudit | user=null | ip=null | op=WRITE_CHUNK {blockData=conID: 3 locID: 102654966830137868 bcsId: 2617} | ret=SUCCESS |  
2019-08-21 12:28:05,815 | INFO  | DNAudit | user=null | ip=null | op=WRITE_CHUNK {blockData=conID: 3 locID: 102654966830137868 bcsId: 2623} | ret=SUCCESS |  
2019-08-21 12:28:05,819 | INFO  | DNAudit | user=null | ip=null | op=WRITE_CHUNK {blockData=conID: 3 locID: 102654966830137868 bcsId: 2623} | ret=SUCCESS |  
2019-08-21 12:28:05,819 | INFO  | DNAudit | user=null | ip=null | op=WRITE_CHUNK {blockData=conID: 3 locID: 102654966830137868 bcsId: 2623} | ret=SUCCESS |  
2019-08-21 12:28:05,824 | INFO  | DNAudit | user=null | ip=null | op=PUT_BLOCK {blockData=[blockId=conID: 3 locID: 102654966830137868 bcsId: 0,size=3145728]} | ret=SUCCESS |  
2019-08-21 12:28:05,824 | INFO  | DNAudit | user=null | ip=null | op=PUT_BLOCK {blockData=[blockId=conID: 3 locID: 102654966830137868 bcsId: 0,size=3145728]} | ret=SUCCESS |  
2019-08-21 12:28:05,838 | INFO  | DNAudit | user=null | ip=null | op=WRITE_CHUNK {blockData=conID: 3 locID: 102654966830137868 bcsId: 2623} | ret=SUCCESS |  
2019-08-21 12:28:05,838 | INFO  | DNAudit | user=null | ip=null | op=PUT_BLOCK {blockData=[blockId=conID: 3 locID: 102654966830137868 bcsId: 0,size=4194304]} | ret=SUCCESS |  
2019-08-21 12:28:05,839 [grpc-default-executor-1] INFO  client.GrpcClientProtocolClient (GrpcClientProtocolClient.java:onNext(255)) - client-C954105195FD->270584e6-a4a8-4db5-8151-214655ce1a56: receive RaftClientReply:client-C954105195FD->270584e6-a4a8-4db5-8151-214655ce1a56@group-787F5BA3AA67, cid=1806, SUCCESS, logIndex=2626, commits[270584e6-a4a8-4db5-8151-214655ce1a56:c2627, af078b8b-61ec-497f-9506-472d46a72462:c2623, 09fb9ab4-1b8d-44c0-9f8c-50855c6f1fed:c2624]
2019-08-21 12:28:05,839 [grpc-default-executor-1] INFO  client.GrpcClientProtocolClient (GrpcClientProtocolClient.java:onNext(255)) - client-C954105195FD->270584e6-a4a8-4db5-8151-214655ce1a56: receive RaftClientReply:client-C954105195FD->270584e6-a4a8-4db5-8151-214655ce1a56@group-787F5BA3AA67, cid=1807, SUCCESS, logIndex=2627, commits[270584e6-a4a8-4db5-8151-214655ce1a56:c2627, af078b8b-61ec-497f-9506-472d46a72462:c2624, 09fb9ab4-1b8d-44c0-9f8c-50855c6f1fed:c2624]
2019-08-21 12:28:05,841 | INFO  | DNAudit | user=null | ip=null | op=WRITE_CHUNK {blockData=conID: 3 locID: 102654966830137868 bcsId: 2623} | ret=SUCCESS |  
2019-08-21 12:28:05,841 | INFO  | DNAudit | user=null | ip=null | op=WRITE_CHUNK {blockData=conID: 3 locID: 102654966830137868 bcsId: 2623} | ret=SUCCESS |  
2019-08-21 12:28:05,845 | INFO  | DNAudit | user=null | ip=null | op=PUT_BLOCK {blockData=[blockId=conID: 3 locID: 102654966830137868 bcsId: 0,size=4194304]} | ret=SUCCESS |  
2019-08-21 12:28:05,845 | INFO  | DNAudit | user=null | ip=null | op=PUT_BLOCK {blockData=[blockId=conID: 3 locID: 102654966830137868 bcsId: 0,size=4194304]} | ret=SUCCESS |  
2019-08-21 12:28:05,845 [grpc-default-executor-1] INFO  client.GrpcClientProtocolClient (GrpcClientProtocolClient.java:onNext(255)) - client-C954105195FD->270584e6-a4a8-4db5-8151-214655ce1a56: receive RaftClientReply:client-C954105195FD->270584e6-a4a8-4db5-8151-214655ce1a56@group-787F5BA3AA67, cid=1808, SUCCESS, logIndex=0, commits[270584e6-a4a8-4db5-8151-214655ce1a56:c2629, af078b8b-61ec-497f-9506-472d46a72462:c2627, 09fb9ab4-1b8d-44c0-9f8c-50855c6f1fed:c2627]
2019-08-21 12:28:05,851 | INFO  | SCMAudit | user=jenkins1000 | ip=192.168.34.23 | op=ALLOCATE_BLOCK {owner=b79f83c9-5f7d-4caf-af30-78af34bc5eea, size=4194304, type=RATIS, factor=THREE} | ret=SUCCESS |  
2019-08-21 12:28:05,855 | INFO  | OMAudit | user=jenkins1000 | ip=127.0.0.1 | op=ALLOCATE_BLOCK {volume=vol-0-06517, bucket=bucket-0-64549, key=key-0-34512, dataSize=0, replicationType=null, replicationFactor=null, keyLocationInfo=null, clientID=102654965997830546} | ret=SUCCESS |  
2019-08-21 12:28:05,864 | INFO  | DNAudit | user=null | ip=null | op=WRITE_CHUNK {blockData=conID: 1 locID: 102654966880731661 bcsId: 0} | ret=SUCCESS |  
2019-08-21 12:28:05,870 | INFO  | DNAudit | user=null | ip=null | op=WRITE_CHUNK {blockData=conID: 1 locID: 102654966880731661 bcsId: 0} | ret=SUCCESS |  
2019-08-21 12:28:05,870 | INFO  | DNAudit | user=null | ip=null | op=WRITE_CHUNK {blockData=conID: 1 locID: 102654966880731661 bcsId: 0} | ret=SUCCESS |  
2019-08-21 12:28:05,870 | INFO  | DNAudit | user=null | ip=null | op=WRITE_CHUNK {blockData=conID: 1 locID: 102654966880731661 bcsId: 0} | ret=SUCCESS |  
2019-08-21 12:28:05,874 | INFO  | DNAudit | user=null | ip=null | op=WRITE_CHUNK {blockData=conID: 1 locID: 102654966880731661 bcsId: 0} | ret=SUCCESS |  
2019-08-21 12:28:05,875 | INFO  | DNAudit | user=null | ip=null | op=WRITE_CHUNK {blockData=conID: 1 locID: 102654966880731661 bcsId: 0} | ret=SUCCESS |  
2019-08-21 12:28:05,875 | INFO  | DNAudit | user=null | ip=null | op=WRITE_CHUNK {blockData=conID: 1 locID: 102654966880731661 bcsId: 0} | ret=SUCCESS |  
2019-08-21 12:28:05,876 | INFO  | DNAudit | user=null | ip=null | op=PUT_BLOCK {blockData=[blockId=conID: 1 locID: 102654966880731661 bcsId: 0,size=1048576]} | ret=SUCCESS |  
2019-08-21 12:28:05,876 [grpc-default-executor-2] INFO  client.GrpcClientProtocolClient (GrpcClientProtocolClient.java:onNext(255)) - client-C954105195FD->270584e6-a4a8-4db5-8151-214655ce1a56: receive RaftClientReply:client-C954105195FD->270584e6-a4a8-4db5-8151-214655ce1a56@group-787F5BA3AA67, cid=1809, SUCCESS, logIndex=2630, commits[270584e6-a4a8-4db5-8151-214655ce1a56:c2631, af078b8b-61ec-497f-9506-472d46a72462:c2629, 09fb9ab4-1b8d-44c0-9f8c-50855c6f1fed:c2629]
2019-08-21 12:28:05,877 | INFO  | DNAudit | user=null | ip=null | op=WRITE_CHUNK {blockData=conID: 1 locID: 102654966880731661 bcsId: 0} | ret=SUCCESS |  
2019-08-21 12:28:05,877 [grpc-default-executor-1] INFO  client.GrpcClientProtocolClient (GrpcClientProtocolClient.java:onNext(255)) - client-C954105195FD->270584e6-a4a8-4db5-8151-214655ce1a56: receive RaftClientReply:client-C954105195FD->270584e6-a4a8-4db5-8151-214655ce1a56@group-787F5BA3AA67, cid=1810, SUCCESS, logIndex=2631, commits[270584e6-a4a8-4db5-8151-214655ce1a56:c2631, af078b8b-61ec-497f-9506-472d46a72462:c2629, 09fb9ab4-1b8d-44c0-9f8c-50855c6f1fed:c2629]
2019-08-21 12:28:05,877 | INFO  | DNAudit | user=null | ip=null | op=PUT_BLOCK {blockData=[blockId=conID: 1 locID: 102654966880731661 bcsId: 0,size=2097152]} | ret=SUCCESS |  
2019-08-21 12:28:05,878 [grpc-default-executor-1] INFO  client.GrpcClientProtocolClient (GrpcClientProtocolClient.java:onNext(255)) - client-C954105195FD->270584e6-a4a8-4db5-8151-214655ce1a56: receive RaftClientReply:client-C954105195FD->270584e6-a4a8-4db5-8151-214655ce1a56@group-787F5BA3AA67, cid=1811, SUCCESS, logIndex=2632, commits[270584e6-a4a8-4db5-8151-214655ce1a56:c2633, af078b8b-61ec-497f-9506-472d46a72462:c2629, 09fb9ab4-1b8d-44c0-9f8c-50855c6f1fed:c2629]
2019-08-21 12:28:05,878 | INFO  | DNAudit | user=null | ip=null | op=WRITE_CHUNK {blockData=conID: 1 locID: 102654966880731661 bcsId: 0} | ret=SUCCESS |  
2019-08-21 12:28:05,878 [grpc-default-executor-1] INFO  client.GrpcClientProtocolClient (GrpcClientProtocolClient.java:onNext(255)) - client-C954105195FD->270584e6-a4a8-4db5-8151-214655ce1a56: receive RaftClientReply:client-C954105195FD->270584e6-a4a8-4db5-8151-214655ce1a56@group-787F5BA3AA67, cid=1812, SUCCESS, logIndex=2633, commits[270584e6-a4a8-4db5-8151-214655ce1a56:c2633, af078b8b-61ec-497f-9506-472d46a72462:c2629, 09fb9ab4-1b8d-44c0-9f8c-50855c6f1fed:c2629]
2019-08-21 12:28:05,878 | INFO  | DNAudit | user=null | ip=null | op=PUT_BLOCK {blockData=[blockId=conID: 1 locID: 102654966880731661 bcsId: 0,size=1048576]} | ret=SUCCESS |  
2019-08-21 12:28:05,879 | INFO  | DNAudit | user=null | ip=null | op=WRITE_CHUNK {blockData=conID: 1 locID: 102654966880731661 bcsId: 0} | ret=SUCCESS |  
2019-08-21 12:28:05,879 | INFO  | DNAudit | user=null | ip=null | op=PUT_BLOCK {blockData=[blockId=conID: 1 locID: 102654966880731661 bcsId: 0,size=1048576]} | ret=SUCCESS |  
2019-08-21 12:28:05,879 [grpc-default-executor-1] INFO  client.GrpcClientProtocolClient (GrpcClientProtocolClient.java:onNext(255)) - client-C954105195FD->270584e6-a4a8-4db5-8151-214655ce1a56: receive RaftClientReply:client-C954105195FD->270584e6-a4a8-4db5-8151-214655ce1a56@group-787F5BA3AA67, cid=1813, SUCCESS, logIndex=0, commits[270584e6-a4a8-4db5-8151-214655ce1a56:c2635, af078b8b-61ec-497f-9506-472d46a72462:c2631, 09fb9ab4-1b8d-44c0-9f8c-50855c6f1fed:c2631]
2019-08-21 12:28:05,880 | INFO  | DNAudit | user=null | ip=null | op=WRITE_CHUNK {blockData=conID: 1 locID: 102654966880731661 bcsId: 0} | ret=SUCCESS |  
2019-08-21 12:28:05,880 | INFO  | DNAudit | user=null | ip=null | op=PUT_BLOCK {blockData=[blockId=conID: 1 locID: 102654966880731661 bcsId: 0,size=2097152]} | ret=SUCCESS |  
2019-08-21 12:28:05,882 | INFO  | DNAudit | user=null | ip=null | op=WRITE_CHUNK {blockData=conID: 1 locID: 102654966880731661 bcsId: 0} | ret=SUCCESS |  
2019-08-21 12:28:05,882 | INFO  | DNAudit | user=null | ip=null | op=PUT_BLOCK {blockData=[blockId=conID: 1 locID: 102654966880731661 bcsId: 0,size=2097152]} | ret=SUCCESS |  
2019-08-21 12:28:05,888 | INFO  | DNAudit | user=null | ip=null | op=WRITE_CHUNK {blockData=conID: 1 locID: 102654966880731661 bcsId: 2633} | ret=SUCCESS |  
2019-08-21 12:28:05,890 | INFO  | DNAudit | user=null | ip=null | op=WRITE_CHUNK {blockData=conID: 1 locID: 102654966880731661 bcsId: 2633} | ret=SUCCESS |  
2019-08-21 12:28:05,890 | INFO  | DNAudit | user=null | ip=null | op=WRITE_CHUNK {blockData=conID: 1 locID: 102654966880731661 bcsId: 2633} | ret=SUCCESS |  
2019-08-21 12:28:05,892 | INFO  | DNAudit | user=null | ip=null | op=WRITE_CHUNK {blockData=conID: 1 locID: 102654966880731661 bcsId: 2633} | ret=SUCCESS |  
2019-08-21 12:28:05,893 | INFO  | DNAudit | user=null | ip=null | op=PUT_BLOCK {blockData=[blockId=conID: 1 locID: 102654966880731661 bcsId: 0,size=3145728]} | ret=SUCCESS |  
2019-08-21 12:28:05,893 [grpc-default-executor-4] INFO  client.GrpcClientProtocolClient (GrpcClientProtocolClient.java:onNext(255)) - client-C954105195FD->270584e6-a4a8-4db5-8151-214655ce1a56: receive RaftClientReply:client-C954105195FD->270584e6-a4a8-4db5-8151-214655ce1a56@group-787F5BA3AA67, cid=1814, SUCCESS, logIndex=2638, commits[270584e6-a4a8-4db5-8151-214655ce1a56:c2639, af078b8b-61ec-497f-9506-472d46a72462:c2633, 09fb9ab4-1b8d-44c0-9f8c-50855c6f1fed:c2637]
2019-08-21 12:28:05,893 [grpc-default-executor-4] INFO  client.GrpcClientProtocolClient (GrpcClientProtocolClient.java:onNext(255)) - client-C954105195FD->270584e6-a4a8-4db5-8151-214655ce1a56: receive RaftClientReply:client-C954105195FD->270584e6-a4a8-4db5-8151-214655ce1a56@group-787F5BA3AA67, cid=1815, SUCCESS, logIndex=2639, commits[270584e6-a4a8-4db5-8151-214655ce1a56:c2639, af078b8b-61ec-497f-9506-472d46a72462:c2637, 09fb9ab4-1b8d-44c0-9f8c-50855c6f1fed:c2637]
2019-08-21 12:28:05,895 | INFO  | DNAudit | user=null | ip=null | op=WRITE_CHUNK {blockData=conID: 1 locID: 102654966880731661 bcsId: 2633} | ret=SUCCESS |  
2019-08-21 12:28:05,895 | INFO  | DNAudit | user=null | ip=null | op=WRITE_CHUNK {blockData=conID: 1 locID: 102654966880731661 bcsId: 2633} | ret=SUCCESS |  
2019-08-21 12:28:05,895 | INFO  | DNAudit | user=null | ip=null | op=PUT_BLOCK {blockData=[blockId=conID: 1 locID: 102654966880731661 bcsId: 0,size=3145728]} | ret=SUCCESS |  
2019-08-21 12:28:05,897 | INFO  | DNAudit | user=null | ip=null | op=PUT_BLOCK {blockData=[blockId=conID: 1 locID: 102654966880731661 bcsId: 0,size=3145728]} | ret=SUCCESS |  
2019-08-21 12:28:05,902 | INFO  | DNAudit | user=null | ip=null | op=WRITE_CHUNK {blockData=conID: 1 locID: 102654966880731661 bcsId: 2639} | ret=SUCCESS |  
2019-08-21 12:28:05,904 | INFO  | DNAudit | user=null | ip=null | op=WRITE_CHUNK {blockData=conID: 1 locID: 102654966880731661 bcsId: 2639} | ret=SUCCESS |  
2019-08-21 12:28:05,905 | INFO  | DNAudit | user=null | ip=null | op=WRITE_CHUNK {blockData=conID: 1 locID: 102654966880731661 bcsId: 2639} | ret=SUCCESS |  
2019-08-21 12:28:05,907 | INFO  | DNAudit | user=null | ip=null | op=WRITE_CHUNK {blockData=conID: 1 locID: 102654966880731661 bcsId: 2639} | ret=SUCCESS |  
2019-08-21 12:28:05,907 | INFO  | DNAudit | user=null | ip=null | op=PUT_BLOCK {blockData=[blockId=conID: 1 locID: 102654966880731661 bcsId: 0,size=4194304]} | ret=SUCCESS |  
2019-08-21 12:28:05,907 [grpc-default-executor-2] INFO  client.GrpcClientProtocolClient (GrpcClientProtocolClient.java:onNext(255)) - client-C954105195FD->270584e6-a4a8-4db5-8151-214655ce1a56: receive RaftClientReply:client-C954105195FD->270584e6-a4a8-4db5-8151-214655ce1a56@group-787F5BA3AA67, cid=1816, SUCCESS, logIndex=2642, commits[270584e6-a4a8-4db5-8151-214655ce1a56:c2643, af078b8b-61ec-497f-9506-472d46a72462:c2641, 09fb9ab4-1b8d-44c0-9f8c-50855c6f1fed:c2641]
2019-08-21 12:28:05,908 [grpc-default-executor-2] INFO  client.GrpcClientProtocolClient (GrpcClientProtocolClient.java:onNext(255)) - client-C954105195FD->270584e6-a4a8-4db5-8151-214655ce1a56: receive RaftClientReply:client-C954105195FD->270584e6-a4a8-4db5-8151-214655ce1a56@group-787F5BA3AA67, cid=1817, SUCCESS, logIndex=2643, commits[270584e6-a4a8-4db5-8151-214655ce1a56:c2643, af078b8b-61ec-497f-9506-472d46a72462:c2641, 09fb9ab4-1b8d-44c0-9f8c-50855c6f1fed:c2641]
2019-08-21 12:28:05,910 | INFO  | DNAudit | user=null | ip=null | op=WRITE_CHUNK {blockData=conID: 1 locID: 102654966880731661 bcsId: 2639} | ret=SUCCESS |  
2019-08-21 12:28:05,910 | INFO  | DNAudit | user=null | ip=null | op=WRITE_CHUNK {blockData=conID: 1 locID: 102654966880731661 bcsId: 2639} | ret=SUCCESS |  
2019-08-21 12:28:05,910 | INFO  | DNAudit | user=null | ip=null | op=PUT_BLOCK {blockData=[blockId=conID: 1 locID: 102654966880731661 bcsId: 0,size=4194304]} | ret=SUCCESS |  
2019-08-21 12:28:05,912 | INFO  | DNAudit | user=null | ip=null | op=PUT_BLOCK {blockData=[blockId=conID: 1 locID: 102654966880731661 bcsId: 0,size=4194304]} | ret=SUCCESS |  
2019-08-21 12:28:05,913 [grpc-default-executor-2] INFO  client.GrpcClientProtocolClient (GrpcClientProtocolClient.java:onNext(255)) - client-C954105195FD->270584e6-a4a8-4db5-8151-214655ce1a56: receive RaftClientReply:client-C954105195FD->270584e6-a4a8-4db5-8151-214655ce1a56@group-787F5BA3AA67, cid=1818, SUCCESS, logIndex=0, commits[270584e6-a4a8-4db5-8151-214655ce1a56:c2645, af078b8b-61ec-497f-9506-472d46a72462:c2643, 09fb9ab4-1b8d-44c0-9f8c-50855c6f1fed:c2643]
2019-08-21 12:28:05,917 | INFO  | SCMAudit | user=jenkins1000 | ip=192.168.34.23 | op=ALLOCATE_BLOCK {owner=b79f83c9-5f7d-4caf-af30-78af34bc5eea, size=4194304, type=RATIS, factor=THREE} | ret=SUCCESS |  
2019-08-21 12:28:05,920 | INFO  | OMAudit | user=jenkins1000 | ip=127.0.0.1 | op=ALLOCATE_BLOCK {volume=vol-0-06517, bucket=bucket-0-64549, key=key-0-34512, dataSize=0, replicationType=null, replicationFactor=null, keyLocationInfo=null, clientID=102654965997830546} | ret=SUCCESS |  
2019-08-21 12:28:05,929 | INFO  | DNAudit | user=null | ip=null | op=WRITE_CHUNK {blockData=conID: 2 locID: 102654966885057038 bcsId: 0} | ret=SUCCESS |  
2019-08-21 12:28:05,933 | INFO  | DNAudit | user=null | ip=null | op=WRITE_CHUNK {blockData=conID: 2 locID: 102654966885057038 bcsId: 0} | ret=SUCCESS |  
2019-08-21 12:28:05,933 | INFO  | DNAudit | user=null | ip=null | op=WRITE_CHUNK {blockData=conID: 2 locID: 102654966885057038 bcsId: 0} | ret=SUCCESS |  
2019-08-21 12:28:05,933 | INFO  | DNAudit | user=null | ip=null | op=WRITE_CHUNK {blockData=conID: 2 locID: 102654966885057038 bcsId: 0} | ret=SUCCESS |  
2019-08-21 12:28:05,935 | INFO  | DNAudit | user=null | ip=null | op=WRITE_CHUNK {blockData=conID: 2 locID: 102654966885057038 bcsId: 0} | ret=SUCCESS |  
2019-08-21 12:28:05,935 | INFO  | DNAudit | user=null | ip=null | op=WRITE_CHUNK {blockData=conID: 2 locID: 102654966885057038 bcsId: 0} | ret=SUCCESS |  
2019-08-21 12:28:05,938 | INFO  | DNAudit | user=null | ip=null | op=WRITE_CHUNK {blockData=conID: 2 locID: 102654966885057038 bcsId: 0} | ret=SUCCESS |  
2019-08-21 12:28:05,939 | INFO  | DNAudit | user=null | ip=null | op=PUT_BLOCK {blockData=[blockId=conID: 2 locID: 102654966885057038 bcsId: 0,size=1048576]} | ret=SUCCESS |  
2019-08-21 12:28:05,939 [grpc-default-executor-4] INFO  client.GrpcClientProtocolClient (GrpcClientProtocolClient.java:onNext(255)) - client-C954105195FD->270584e6-a4a8-4db5-8151-214655ce1a56: receive RaftClientReply:client-C954105195FD->270584e6-a4a8-4db5-8151-214655ce1a56@group-787F5BA3AA67, cid=1819, SUCCESS, logIndex=2646, commits[270584e6-a4a8-4db5-8151-214655ce1a56:c2649, af078b8b-61ec-497f-9506-472d46a72462:c2643, 09fb9ab4-1b8d-44c0-9f8c-50855c6f1fed:c2645]
2019-08-21 12:28:05,939 | INFO  | DNAudit | user=null | ip=null | op=WRITE_CHUNK {blockData=conID: 2 locID: 102654966885057038 bcsId: 0} | ret=SUCCESS |  
2019-08-21 12:28:05,940 [grpc-default-executor-4] INFO  client.GrpcClientProtocolClient (GrpcClientProtocolClient.java:onNext(255)) - client-C954105195FD->270584e6-a4a8-4db5-8151-214655ce1a56: receive RaftClientReply:client-C954105195FD->270584e6-a4a8-4db5-8151-214655ce1a56@group-787F5BA3AA67, cid=1820, SUCCESS, logIndex=2647, commits[270584e6-a4a8-4db5-8151-214655ce1a56:c2649, af078b8b-61ec-497f-9506-472d46a72462:c2645, 09fb9ab4-1b8d-44c0-9f8c-50855c6f1fed:c2645]
2019-08-21 12:28:05,940 | INFO  | DNAudit | user=null | ip=null | op=PUT_BLOCK {blockData=[blockId=conID: 2 locID: 102654966885057038 bcsId: 0,size=2097152]} | ret=SUCCESS |  
2019-08-21 12:28:05,940 [grpc-default-executor-4] INFO  client.GrpcClientProtocolClient (GrpcClientProtocolClient.java:onNext(255)) - client-C954105195FD->270584e6-a4a8-4db5-8151-214655ce1a56: receive RaftClientReply:client-C954105195FD->270584e6-a4a8-4db5-8151-214655ce1a56@group-787F5BA3AA67, cid=1821, SUCCESS, logIndex=2648, commits[270584e6-a4a8-4db5-8151-214655ce1a56:c2649, af078b8b-61ec-497f-9506-472d46a72462:c2645, 09fb9ab4-1b8d-44c0-9f8c-50855c6f1fed:c2645]
2019-08-21 12:28:05,940 | INFO  | DNAudit | user=null | ip=null | op=WRITE_CHUNK {blockData=conID: 2 locID: 102654966885057038 bcsId: 0} | ret=SUCCESS |  
2019-08-21 12:28:05,940 [grpc-default-executor-4] INFO  client.GrpcClientProtocolClient (GrpcClientProtocolClient.java:onNext(255)) - client-C954105195FD->270584e6-a4a8-4db5-8151-214655ce1a56: receive RaftClientReply:client-C954105195FD->270584e6-a4a8-4db5-8151-214655ce1a56@group-787F5BA3AA67, cid=1822, SUCCESS, logIndex=2649, commits[270584e6-a4a8-4db5-8151-214655ce1a56:c2649, af078b8b-61ec-497f-9506-472d46a72462:c2645, 09fb9ab4-1b8d-44c0-9f8c-50855c6f1fed:c2645]
2019-08-21 12:28:05,942 | INFO  | DNAudit | user=null | ip=null | op=WRITE_CHUNK {blockData=conID: 2 locID: 102654966885057038 bcsId: 0} | ret=SUCCESS |  
2019-08-21 12:28:05,942 | INFO  | DNAudit | user=null | ip=null | op=PUT_BLOCK {blockData=[blockId=conID: 2 locID: 102654966885057038 bcsId: 0,size=1048576]} | ret=SUCCESS |  
2019-08-21 12:28:05,943 | INFO  | DNAudit | user=null | ip=null | op=WRITE_CHUNK {blockData=conID: 2 locID: 102654966885057038 bcsId: 0} | ret=SUCCESS |  
2019-08-21 12:28:05,943 | INFO  | DNAudit | user=null | ip=null | op=PUT_BLOCK {blockData=[blockId=conID: 2 locID: 102654966885057038 bcsId: 0,size=2097152]} | ret=SUCCESS |  
2019-08-21 12:28:05,943 | INFO  | DNAudit | user=null | ip=null | op=PUT_BLOCK {blockData=[blockId=conID: 2 locID: 102654966885057038 bcsId: 0,size=1048576]} | ret=SUCCESS |  
2019-08-21 12:28:05,944 | INFO  | DNAudit | user=null | ip=null | op=WRITE_CHUNK {blockData=conID: 2 locID: 102654966885057038 bcsId: 0} | ret=SUCCESS |  
2019-08-21 12:28:05,944 | INFO  | DNAudit | user=null | ip=null | op=PUT_BLOCK {blockData=[blockId=conID: 2 locID: 102654966885057038 bcsId: 0,size=2097152]} | ret=SUCCESS |  
2019-08-21 12:28:05,944 [grpc-default-executor-4] INFO  client.GrpcClientProtocolClient (GrpcClientProtocolClient.java:onNext(255)) - client-C954105195FD->270584e6-a4a8-4db5-8151-214655ce1a56: receive RaftClientReply:client-C954105195FD->270584e6-a4a8-4db5-8151-214655ce1a56@group-787F5BA3AA67, cid=1823, SUCCESS, logIndex=0, commits[270584e6-a4a8-4db5-8151-214655ce1a56:c2653, af078b8b-61ec-497f-9506-472d46a72462:c2649, 09fb9ab4-1b8d-44c0-9f8c-50855c6f1fed:c2647]
2019-08-21 12:28:05,952 | INFO  | DNAudit | user=null | ip=null | op=WRITE_CHUNK {blockData=conID: 2 locID: 102654966885057038 bcsId: 2649} | ret=SUCCESS |  
2019-08-21 12:28:05,954 | INFO  | DNAudit | user=null | ip=null | op=WRITE_CHUNK {blockData=conID: 2 locID: 102654966885057038 bcsId: 2649} | ret=SUCCESS |  
2019-08-21 12:28:05,954 | INFO  | DNAudit | user=null | ip=null | op=WRITE_CHUNK {blockData=conID: 2 locID: 102654966885057038 bcsId: 2649} | ret=SUCCESS |  
2019-08-21 12:28:05,956 | INFO  | DNAudit | user=null | ip=null | op=WRITE_CHUNK {blockData=conID: 2 locID: 102654966885057038 bcsId: 2649} | ret=SUCCESS |  
2019-08-21 12:28:05,956 | INFO  | DNAudit | user=null | ip=null | op=PUT_BLOCK {blockData=[blockId=conID: 2 locID: 102654966885057038 bcsId: 0,size=3145728]} | ret=SUCCESS |  
2019-08-21 12:28:05,956 [grpc-default-executor-4] INFO  client.GrpcClientProtocolClient (GrpcClientProtocolClient.java:onNext(255)) - client-C954105195FD->270584e6-a4a8-4db5-8151-214655ce1a56: receive RaftClientReply:client-C954105195FD->270584e6-a4a8-4db5-8151-214655ce1a56@group-787F5BA3AA67, cid=1824, SUCCESS, logIndex=2654, commits[270584e6-a4a8-4db5-8151-214655ce1a56:c2655, af078b8b-61ec-497f-9506-472d46a72462:c2653, 09fb9ab4-1b8d-44c0-9f8c-50855c6f1fed:c2649]
2019-08-21 12:28:05,957 [grpc-default-executor-4] INFO  client.GrpcClientProtocolClient (GrpcClientProtocolClient.java:onNext(255)) - client-C954105195FD->270584e6-a4a8-4db5-8151-214655ce1a56: receive RaftClientReply:client-C954105195FD->270584e6-a4a8-4db5-8151-214655ce1a56@group-787F5BA3AA67, cid=1825, SUCCESS, logIndex=2655, commits[270584e6-a4a8-4db5-8151-214655ce1a56:c2655, af078b8b-61ec-497f-9506-472d46a72462:c2653, 09fb9ab4-1b8d-44c0-9f8c-50855c6f1fed:c2653]
2019-08-21 12:28:05,959 | INFO  | DNAudit | user=null | ip=null | op=WRITE_CHUNK {blockData=conID: 2 locID: 102654966885057038 bcsId: 2649} | ret=SUCCESS |  
2019-08-21 12:28:05,959 | INFO  | DNAudit | user=null | ip=null | op=WRITE_CHUNK {blockData=conID: 2 locID: 102654966885057038 bcsId: 2649} | ret=SUCCESS |  
2019-08-21 12:28:05,959 | INFO  | DNAudit | user=null | ip=null | op=PUT_BLOCK {blockData=[blockId=conID: 2 locID: 102654966885057038 bcsId: 0,size=3145728]} | ret=SUCCESS |  
2019-08-21 12:28:05,959 | INFO  | DNAudit | user=null | ip=null | op=PUT_BLOCK {blockData=[blockId=conID: 2 locID: 102654966885057038 bcsId: 0,size=3145728]} | ret=SUCCESS |  
2019-08-21 12:28:05,964 | INFO  | DNAudit | user=null | ip=null | op=WRITE_CHUNK {blockData=conID: 2 locID: 102654966885057038 bcsId: 2655} | ret=SUCCESS |  
2019-08-21 12:28:05,966 | INFO  | DNAudit | user=null | ip=null | op=WRITE_CHUNK {blockData=conID: 2 locID: 102654966885057038 bcsId: 2655} | ret=SUCCESS |  
2019-08-21 12:28:05,967 | INFO  | DNAudit | user=null | ip=null | op=WRITE_CHUNK {blockData=conID: 2 locID: 102654966885057038 bcsId: 2655} | ret=SUCCESS |  
2019-08-21 12:28:05,969 | INFO  | DNAudit | user=null | ip=null | op=WRITE_CHUNK {blockData=conID: 2 locID: 102654966885057038 bcsId: 2655} | ret=SUCCESS |  
2019-08-21 12:28:05,969 | INFO  | DNAudit | user=null | ip=null | op=PUT_BLOCK {blockData=[blockId=conID: 2 locID: 102654966885057038 bcsId: 0,size=4194304]} | ret=SUCCESS |  
2019-08-21 12:28:05,969 [grpc-default-executor-4] INFO  client.GrpcClientProtocolClient (GrpcClientProtocolClient.java:onNext(255)) - client-C954105195FD->270584e6-a4a8-4db5-8151-214655ce1a56: receive RaftClientReply:client-C954105195FD->270584e6-a4a8-4db5-8151-214655ce1a56@group-787F5BA3AA67, cid=1826, SUCCESS, logIndex=2658, commits[270584e6-a4a8-4db5-8151-214655ce1a56:c2659, af078b8b-61ec-497f-9506-472d46a72462:c2657, 09fb9ab4-1b8d-44c0-9f8c-50855c6f1fed:c2655]
2019-08-21 12:28:05,970 [grpc-default-executor-4] INFO  client.GrpcClientProtocolClient (GrpcClientProtocolClient.java:onNext(255)) - client-C954105195FD->270584e6-a4a8-4db5-8151-214655ce1a56: receive RaftClientReply:client-C954105195FD->270584e6-a4a8-4db5-8151-214655ce1a56@group-787F5BA3AA67, cid=1827, SUCCESS, logIndex=2659, commits[270584e6-a4a8-4db5-8151-214655ce1a56:c2659, af078b8b-61ec-497f-9506-472d46a72462:c2657, 09fb9ab4-1b8d-44c0-9f8c-50855c6f1fed:c2657]
2019-08-21 12:28:05,972 | INFO  | DNAudit | user=null | ip=null | op=WRITE_CHUNK {blockData=conID: 2 locID: 102654966885057038 bcsId: 2655} | ret=SUCCESS |  
2019-08-21 12:28:05,972 | INFO  | DNAudit | user=null | ip=null | op=WRITE_CHUNK {blockData=conID: 2 locID: 102654966885057038 bcsId: 2655} | ret=SUCCESS |  
2019-08-21 12:28:05,972 | INFO  | DNAudit | user=null | ip=null | op=PUT_BLOCK {blockData=[blockId=conID: 2 locID: 102654966885057038 bcsId: 0,size=4194304]} | ret=SUCCESS |  
2019-08-21 12:28:05,973 | INFO  | DNAudit | user=null | ip=null | op=PUT_BLOCK {blockData=[blockId=conID: 2 locID: 102654966885057038 bcsId: 0,size=4194304]} | ret=SUCCESS |  
2019-08-21 12:28:05,973 [grpc-default-executor-2] INFO  client.GrpcClientProtocolClient (GrpcClientProtocolClient.java:onNext(255)) - client-C954105195FD->270584e6-a4a8-4db5-8151-214655ce1a56: receive RaftClientReply:client-C954105195FD->270584e6-a4a8-4db5-8151-214655ce1a56@group-787F5BA3AA67, cid=1828, SUCCESS, logIndex=0, commits[270584e6-a4a8-4db5-8151-214655ce1a56:c2661, af078b8b-61ec-497f-9506-472d46a72462:c2659, 09fb9ab4-1b8d-44c0-9f8c-50855c6f1fed:c2659]
2019-08-21 12:28:05,977 | INFO  | SCMAudit | user=jenkins1000 | ip=192.168.34.23 | op=ALLOCATE_BLOCK {owner=b79f83c9-5f7d-4caf-af30-78af34bc5eea, size=4194304, type=RATIS, factor=THREE} | ret=SUCCESS |  
2019-08-21 12:28:05,980 | INFO  | OMAudit | user=jenkins1000 | ip=127.0.0.1 | op=ALLOCATE_BLOCK {volume=vol-0-06517, bucket=bucket-0-64549, key=key-0-34512, dataSize=0, replicationType=null, replicationFactor=null, keyLocationInfo=null, clientID=102654965997830546} | ret=SUCCESS |  
2019-08-21 12:28:05,988 | INFO  | DNAudit | user=null | ip=null | op=WRITE_CHUNK {blockData=conID: 3 locID: 102654966888989199 bcsId: 0} | ret=SUCCESS |  
2019-08-21 12:28:05,989 | INFO  | DNAudit | user=null | ip=null | op=WRITE_CHUNK {blockData=conID: 3 locID: 102654966888989199 bcsId: 0} | ret=SUCCESS |  
2019-08-21 12:28:05,990 | INFO  | DNAudit | user=null | ip=null | op=WRITE_CHUNK {blockData=conID: 3 locID: 102654966888989199 bcsId: 0} | ret=SUCCESS |  
2019-08-21 12:28:05,990 | INFO  | DNAudit | user=null | ip=null | op=WRITE_CHUNK {blockData=conID: 3 locID: 102654966888989199 bcsId: 0} | ret=SUCCESS |  
2019-08-21 12:28:05,992 | INFO  | DNAudit | user=null | ip=null | op=WRITE_CHUNK {blockData=conID: 3 locID: 102654966888989199 bcsId: 0} | ret=SUCCESS |  
2019-08-21 12:28:05,992 | INFO  | DNAudit | user=null | ip=null | op=WRITE_CHUNK {blockData=conID: 3 locID: 102654966888989199 bcsId: 0} | ret=SUCCESS |  
2019-08-21 12:28:05,992 | INFO  | DNAudit | user=null | ip=null | op=WRITE_CHUNK {blockData=conID: 3 locID: 102654966888989199 bcsId: 0} | ret=SUCCESS |  
2019-08-21 12:28:05,992 | INFO  | DNAudit | user=null | ip=null | op=PUT_BLOCK {blockData=[blockId=conID: 3 locID: 102654966888989199 bcsId: 0,size=1048576]} | ret=SUCCESS |  
2019-08-21 12:28:05,992 [grpc-default-executor-4] INFO  client.GrpcClientProtocolClient (GrpcClientProtocolClient.java:onNext(255)) - client-C954105195FD->270584e6-a4a8-4db5-8151-214655ce1a56: receive RaftClientReply:client-C954105195FD->270584e6-a4a8-4db5-8151-214655ce1a56@group-787F5BA3AA67, cid=1829, SUCCESS, logIndex=2662, commits[270584e6-a4a8-4db5-8151-214655ce1a56:c2663, af078b8b-61ec-497f-9506-472d46a72462:c2661, 09fb9ab4-1b8d-44c0-9f8c-50855c6f1fed:c2659]
2019-08-21 12:28:05,993 [grpc-default-executor-4] INFO  client.GrpcClientProtocolClient (GrpcClientProtocolClient.java:onNext(255)) - client-C954105195FD->270584e6-a4a8-4db5-8151-214655ce1a56: receive RaftClientReply:client-C954105195FD->270584e6-a4a8-4db5-8151-214655ce1a56@group-787F5BA3AA67, cid=1830, SUCCESS, logIndex=2663, commits[270584e6-a4a8-4db5-8151-214655ce1a56:c2663, af078b8b-61ec-497f-9506-472d46a72462:c2661, 09fb9ab4-1b8d-44c0-9f8c-50855c6f1fed:c2659]
2019-08-21 12:28:05,996 | INFO  | DNAudit | user=null | ip=null | op=WRITE_CHUNK {blockData=conID: 3 locID: 102654966888989199 bcsId: 0} | ret=SUCCESS |  
2019-08-21 12:28:05,996 | INFO  | DNAudit | user=null | ip=null | op=WRITE_CHUNK {blockData=conID: 3 locID: 102654966888989199 bcsId: 0} | ret=SUCCESS |  
2019-08-21 12:28:05,997 | INFO  | DNAudit | user=null | ip=null | op=PUT_BLOCK {blockData=[blockId=conID: 3 locID: 102654966888989199 bcsId: 0,size=2097152]} | ret=SUCCESS |  
2019-08-21 12:28:05,997 [grpc-default-executor-5] INFO  client.GrpcClientProtocolClient (GrpcClientProtocolClient.java:onNext(255)) - client-C954105195FD->270584e6-a4a8-4db5-8151-214655ce1a56: receive RaftClientReply:client-C954105195FD->270584e6-a4a8-4db5-8151-214655ce1a56@group-787F5BA3AA67, cid=1831, SUCCESS, logIndex=2664, commits[270584e6-a4a8-4db5-8151-214655ce1a56:c2664, af078b8b-61ec-497f-9506-472d46a72462:c2661, 09fb9ab4-1b8d-44c0-9f8c-50855c6f1fed:c2661]
2019-08-21 12:28:05,997 [grpc-default-executor-5] INFO  client.GrpcClientProtocolClient (GrpcClientProtocolClient.java:onNext(255)) - client-C954105195FD->270584e6-a4a8-4db5-8151-214655ce1a56: receive RaftClientReply:client-C954105195FD->270584e6-a4a8-4db5-8151-214655ce1a56@group-787F5BA3AA67, cid=1832, SUCCESS, logIndex=2665, commits[270584e6-a4a8-4db5-8151-214655ce1a56:c2666, af078b8b-61ec-497f-9506-472d46a72462:c2662, 09fb9ab4-1b8d-44c0-9f8c-50855c6f1fed:c2661]
2019-08-21 12:28:05,997 | INFO  | DNAudit | user=null | ip=null | op=WRITE_CHUNK {blockData=conID: 3 locID: 102654966888989199 bcsId: 0} | ret=SUCCESS |  
2019-08-21 12:28:05,998 | INFO  | DNAudit | user=null | ip=null | op=PUT_BLOCK {blockData=[blockId=conID: 3 locID: 102654966888989199 bcsId: 0,size=1048576]} | ret=SUCCESS |  
2019-08-21 12:28:05,999 | INFO  | DNAudit | user=null | ip=null | op=PUT_BLOCK {blockData=[blockId=conID: 3 locID: 102654966888989199 bcsId: 0,size=1048576]} | ret=SUCCESS |  
2019-08-21 12:28:06,000 [grpc-default-executor-5] INFO  client.GrpcClientProtocolClient (GrpcClientProtocolClient.java:onNext(255)) - client-C954105195FD->270584e6-a4a8-4db5-8151-214655ce1a56: receive RaftClientReply:client-C954105195FD->270584e6-a4a8-4db5-8151-214655ce1a56@group-787F5BA3AA67, cid=1833, SUCCESS, logIndex=0, commits[270584e6-a4a8-4db5-8151-214655ce1a56:c2667, af078b8b-61ec-497f-9506-472d46a72462:c2663, 09fb9ab4-1b8d-44c0-9f8c-50855c6f1fed:c2663]
2019-08-21 12:28:06,001 | INFO  | DNAudit | user=null | ip=null | op=WRITE_CHUNK {blockData=conID: 3 locID: 102654966888989199 bcsId: 0} | ret=SUCCESS |  
2019-08-21 12:28:06,001 | INFO  | DNAudit | user=null | ip=null | op=PUT_BLOCK {blockData=[blockId=conID: 3 locID: 102654966888989199 bcsId: 0,size=2097152]} | ret=SUCCESS |  
2019-08-21 12:28:06,002 | INFO  | DNAudit | user=null | ip=null | op=WRITE_CHUNK {blockData=conID: 3 locID: 102654966888989199 bcsId: 0} | ret=SUCCESS |  
2019-08-21 12:28:06,003 | INFO  | DNAudit | user=null | ip=null | op=PUT_BLOCK {blockData=[blockId=conID: 3 locID: 102654966888989199 bcsId: 0,size=2097152]} | ret=SUCCESS |  
2019-08-21 12:28:06,006 | INFO  | DNAudit | user=null | ip=null | op=WRITE_CHUNK {blockData=conID: 3 locID: 102654966888989199 bcsId: 2665} | ret=SUCCESS |  
2019-08-21 12:28:06,009 | INFO  | DNAudit | user=null | ip=null | op=WRITE_CHUNK {blockData=conID: 3 locID: 102654966888989199 bcsId: 2665} | ret=SUCCESS |  
2019-08-21 12:28:06,010 | INFO  | DNAudit | user=null | ip=null | op=WRITE_CHUNK {blockData=conID: 3 locID: 102654966888989199 bcsId: 2665} | ret=SUCCESS |  
2019-08-21 12:28:06,011 | INFO  | DNAudit | user=null | ip=null | op=WRITE_CHUNK {blockData=conID: 3 locID: 102654966888989199 bcsId: 2665} | ret=SUCCESS |  
2019-08-21 12:28:06,012 | INFO  | DNAudit | user=null | ip=null | op=PUT_BLOCK {blockData=[blockId=conID: 3 locID: 102654966888989199 bcsId: 0,size=3145728]} | ret=SUCCESS |  
2019-08-21 12:28:06,012 [grpc-default-executor-1] INFO  client.GrpcClientProtocolClient (GrpcClientProtocolClient.java:onNext(255)) - client-C954105195FD->270584e6-a4a8-4db5-8151-214655ce1a56: receive RaftClientReply:client-C954105195FD->270584e6-a4a8-4db5-8151-214655ce1a56@group-787F5BA3AA67, cid=1834, SUCCESS, logIndex=2670, commits[270584e6-a4a8-4db5-8151-214655ce1a56:c2671, af078b8b-61ec-497f-9506-472d46a72462:c2669, 09fb9ab4-1b8d-44c0-9f8c-50855c6f1fed:c2666]
2019-08-21 12:28:06,012 [grpc-default-executor-1] INFO  client.GrpcClientProtocolClient (GrpcClientProtocolClient.java:onNext(255)) - client-C954105195FD->270584e6-a4a8-4db5-8151-214655ce1a56: receive RaftClientReply:client-C954105195FD->270584e6-a4a8-4db5-8151-214655ce1a56@group-787F5BA3AA67, cid=1835, SUCCESS, logIndex=2671, commits[270584e6-a4a8-4db5-8151-214655ce1a56:c2671, af078b8b-61ec-497f-9506-472d46a72462:c2669, 09fb9ab4-1b8d-44c0-9f8c-50855c6f1fed:c2666]
2019-08-21 12:28:06,012 | INFO  | DNAudit | user=null | ip=null | op=WRITE_CHUNK {blockData=conID: 3 locID: 102654966888989199 bcsId: 2665} | ret=SUCCESS |  
2019-08-21 12:28:06,015 | INFO  | DNAudit | user=null | ip=null | op=WRITE_CHUNK {blockData=conID: 3 locID: 102654966888989199 bcsId: 2665} | ret=SUCCESS |  
2019-08-21 12:28:06,015 | INFO  | DNAudit | user=null | ip=null | op=PUT_BLOCK {blockData=[blockId=conID: 3 locID: 102654966888989199 bcsId: 0,size=3145728]} | ret=SUCCESS |  
2019-08-21 12:28:06,016 | INFO  | DNAudit | user=null | ip=null | op=PUT_BLOCK {blockData=[blockId=conID: 3 locID: 102654966888989199 bcsId: 0,size=3145728]} | ret=SUCCESS |  
2019-08-21 12:28:06,018 | INFO  | DNAudit | user=null | ip=null | op=WRITE_CHUNK {blockData=conID: 3 locID: 102654966888989199 bcsId: 2671} | ret=SUCCESS |  
2019-08-21 12:28:06,021 | INFO  | DNAudit | user=null | ip=null | op=WRITE_CHUNK {blockData=conID: 3 locID: 102654966888989199 bcsId: 2671} | ret=SUCCESS |  
2019-08-21 12:28:06,021 | INFO  | DNAudit | user=null | ip=null | op=WRITE_CHUNK {blockData=conID: 3 locID: 102654966888989199 bcsId: 2671} | ret=SUCCESS |  
2019-08-21 12:28:06,023 | INFO  | DNAudit | user=null | ip=null | op=WRITE_CHUNK {blockData=conID: 3 locID: 102654966888989199 bcsId: 2671} | ret=SUCCESS |  
2019-08-21 12:28:06,024 | INFO  | DNAudit | user=null | ip=null | op=PUT_BLOCK {blockData=[blockId=conID: 3 locID: 102654966888989199 bcsId: 0,size=4194304]} | ret=SUCCESS |  
2019-08-21 12:28:06,024 [grpc-default-executor-4] INFO  client.GrpcClientProtocolClient (GrpcClientProtocolClient.java:onNext(255)) - client-C954105195FD->270584e6-a4a8-4db5-8151-214655ce1a56: receive RaftClientReply:client-C954105195FD->270584e6-a4a8-4db5-8151-214655ce1a56@group-787F5BA3AA67, cid=1836, SUCCESS, logIndex=2674, commits[270584e6-a4a8-4db5-8151-214655ce1a56:c2675, af078b8b-61ec-497f-9506-472d46a72462:c2671, 09fb9ab4-1b8d-44c0-9f8c-50855c6f1fed:c2673]
2019-08-21 12:28:06,024 [grpc-default-executor-4] INFO  client.GrpcClientProtocolClient (GrpcClientProtocolClient.java:onNext(255)) - client-C954105195FD->270584e6-a4a8-4db5-8151-214655ce1a56: receive RaftClientReply:client-C954105195FD->270584e6-a4a8-4db5-8151-214655ce1a56@group-787F5BA3AA67, cid=1837, SUCCESS, logIndex=2675, commits[270584e6-a4a8-4db5-8151-214655ce1a56:c2675, af078b8b-61ec-497f-9506-472d46a72462:c2673, 09fb9ab4-1b8d-44c0-9f8c-50855c6f1fed:c2673]
2019-08-21 12:28:06,026 | INFO  | DNAudit | user=null | ip=null | op=WRITE_CHUNK {blockData=conID: 3 locID: 102654966888989199 bcsId: 2671} | ret=SUCCESS |  
2019-08-21 12:28:06,027 | INFO  | DNAudit | user=null | ip=null | op=WRITE_CHUNK {blockData=conID: 3 locID: 102654966888989199 bcsId: 2671} | ret=SUCCESS |  
2019-08-21 12:28:06,030 | INFO  | DNAudit | user=null | ip=null | op=PUT_BLOCK {blockData=[blockId=conID: 3 locID: 102654966888989199 bcsId: 0,size=4194304]} | ret=SUCCESS |  
2019-08-21 12:28:06,030 | INFO  | DNAudit | user=null | ip=null | op=PUT_BLOCK {blockData=[blockId=conID: 3 locID: 102654966888989199 bcsId: 0,size=4194304]} | ret=SUCCESS |  
2019-08-21 12:28:06,030 [grpc-default-executor-4] INFO  client.GrpcClientProtocolClient (GrpcClientProtocolClient.java:onNext(255)) - client-C954105195FD->270584e6-a4a8-4db5-8151-214655ce1a56: receive RaftClientReply:client-C954105195FD->270584e6-a4a8-4db5-8151-214655ce1a56@group-787F5BA3AA67, cid=1838, SUCCESS, logIndex=0, commits[270584e6-a4a8-4db5-8151-214655ce1a56:c2677, af078b8b-61ec-497f-9506-472d46a72462:c2675, 09fb9ab4-1b8d-44c0-9f8c-50855c6f1fed:c2675]
2019-08-21 12:28:06,035 | INFO  | SCMAudit | user=jenkins1000 | ip=192.168.34.23 | op=ALLOCATE_BLOCK {owner=b79f83c9-5f7d-4caf-af30-78af34bc5eea, size=4194304, type=RATIS, factor=THREE} | ret=SUCCESS |  
2019-08-21 12:28:06,037 | INFO  | OMAudit | user=jenkins1000 | ip=127.0.0.1 | op=ALLOCATE_BLOCK {volume=vol-0-06517, bucket=bucket-0-64549, key=key-0-34512, dataSize=0, replicationType=null, replicationFactor=null, keyLocationInfo=null, clientID=102654965997830546} | ret=SUCCESS |  
2019-08-21 12:28:06,044 | INFO  | DNAudit | user=null | ip=null | op=WRITE_CHUNK {blockData=conID: 1 locID: 102654966892724752 bcsId: 0} | ret=SUCCESS |  
2019-08-21 12:28:06,047 | INFO  | DNAudit | user=null | ip=null | op=WRITE_CHUNK {blockData=conID: 1 locID: 102654966892724752 bcsId: 0} | ret=SUCCESS |  
2019-08-21 12:28:06,047 | INFO  | DNAudit | user=null | ip=null | op=WRITE_CHUNK {blockData=conID: 1 locID: 102654966892724752 bcsId: 0} | ret=SUCCESS |  
2019-08-21 12:28:06,048 | INFO  | DNAudit | user=null | ip=null | op=WRITE_CHUNK {blockData=conID: 1 locID: 102654966892724752 bcsId: 0} | ret=SUCCESS |  
2019-08-21 12:28:06,049 | INFO  | DNAudit | user=null | ip=null | op=WRITE_CHUNK {blockData=conID: 1 locID: 102654966892724752 bcsId: 0} | ret=SUCCESS |  
2019-08-21 12:28:06,050 | INFO  | DNAudit | user=null | ip=null | op=WRITE_CHUNK {blockData=conID: 1 locID: 102654966892724752 bcsId: 0} | ret=SUCCESS |  
2019-08-21 12:28:06,050 | INFO  | DNAudit | user=null | ip=null | op=PUT_BLOCK {blockData=[blockId=conID: 1 locID: 102654966892724752 bcsId: 0,size=1048576]} | ret=SUCCESS |  
2019-08-21 12:28:06,050 | INFO  | DNAudit | user=null | ip=null | op=WRITE_CHUNK {blockData=conID: 1 locID: 102654966892724752 bcsId: 0} | ret=SUCCESS |  
2019-08-21 12:28:06,050 [grpc-default-executor-4] INFO  client.GrpcClientProtocolClient (GrpcClientProtocolClient.java:onNext(255)) - client-C954105195FD->270584e6-a4a8-4db5-8151-214655ce1a56: receive RaftClientReply:client-C954105195FD->270584e6-a4a8-4db5-8151-214655ce1a56@group-787F5BA3AA67, cid=1839, SUCCESS, logIndex=2678, commits[270584e6-a4a8-4db5-8151-214655ce1a56:c2679, af078b8b-61ec-497f-9506-472d46a72462:c2677, 09fb9ab4-1b8d-44c0-9f8c-50855c6f1fed:c2675]
2019-08-21 12:28:06,050 [grpc-default-executor-4] INFO  client.GrpcClientProtocolClient (GrpcClientProtocolClient.java:onNext(255)) - client-C954105195FD->270584e6-a4a8-4db5-8151-214655ce1a56: receive RaftClientReply:client-C954105195FD->270584e6-a4a8-4db5-8151-214655ce1a56@group-787F5BA3AA67, cid=1840, SUCCESS, logIndex=2679, commits[270584e6-a4a8-4db5-8151-214655ce1a56:c2679, af078b8b-61ec-497f-9506-472d46a72462:c2677, 09fb9ab4-1b8d-44c0-9f8c-50855c6f1fed:c2675]
2019-08-21 12:28:06,051 | INFO  | DNAudit | user=null | ip=null | op=WRITE_CHUNK {blockData=conID: 1 locID: 102654966892724752 bcsId: 0} | ret=SUCCESS |  
2019-08-21 12:28:06,051 | INFO  | DNAudit | user=null | ip=null | op=WRITE_CHUNK {blockData=conID: 1 locID: 102654966892724752 bcsId: 0} | ret=SUCCESS |  
2019-08-21 12:28:06,051 | INFO  | DNAudit | user=null | ip=null | op=PUT_BLOCK {blockData=[blockId=conID: 1 locID: 102654966892724752 bcsId: 0,size=1048576]} | ret=SUCCESS |  
2019-08-21 12:28:06,052 | INFO  | DNAudit | user=null | ip=null | op=PUT_BLOCK {blockData=[blockId=conID: 1 locID: 102654966892724752 bcsId: 0,size=2097152]} | ret=SUCCESS |  
2019-08-21 12:28:06,052 [grpc-default-executor-1] INFO  client.GrpcClientProtocolClient (GrpcClientProtocolClient.java:onNext(255)) - client-C954105195FD->270584e6-a4a8-4db5-8151-214655ce1a56: receive RaftClientReply:client-C954105195FD->270584e6-a4a8-4db5-8151-214655ce1a56@group-787F5BA3AA67, cid=1841, SUCCESS, logIndex=2680, commits[270584e6-a4a8-4db5-8151-214655ce1a56:c2682, af078b8b-61ec-497f-9506-472d46a72462:c2677, 09fb9ab4-1b8d-44c0-9f8c-50855c6f1fed:c2679]
2019-08-21 12:28:06,053 | INFO  | DNAudit | user=null | ip=null | op=WRITE_CHUNK {blockData=conID: 1 locID: 102654966892724752 bcsId: 0} | ret=SUCCESS |  
2019-08-21 12:28:06,053 [grpc-default-executor-4] INFO  client.GrpcClientProtocolClient (GrpcClientProtocolClient.java:onNext(255)) - client-C954105195FD->270584e6-a4a8-4db5-8151-214655ce1a56: receive RaftClientReply:client-C954105195FD->270584e6-a4a8-4db5-8151-214655ce1a56@group-787F5BA3AA67, cid=1842, SUCCESS, logIndex=2681, commits[270584e6-a4a8-4db5-8151-214655ce1a56:c2683, af078b8b-61ec-497f-9506-472d46a72462:c2677, 09fb9ab4-1b8d-44c0-9f8c-50855c6f1fed:c2679]
2019-08-21 12:28:06,053 | INFO  | DNAudit | user=null | ip=null | op=WRITE_CHUNK {blockData=conID: 1 locID: 102654966892724752 bcsId: 0} | ret=SUCCESS |  
2019-08-21 12:28:06,053 | INFO  | DNAudit | user=null | ip=null | op=PUT_BLOCK {blockData=[blockId=conID: 1 locID: 102654966892724752 bcsId: 0,size=1048576]} | ret=SUCCESS |  
2019-08-21 12:28:06,053 | INFO  | DNAudit | user=null | ip=null | op=PUT_BLOCK {blockData=[blockId=conID: 1 locID: 102654966892724752 bcsId: 0,size=2097152]} | ret=SUCCESS |  
2019-08-21 12:28:06,053 [grpc-default-executor-4] INFO  client.GrpcClientProtocolClient (GrpcClientProtocolClient.java:onNext(255)) - client-C954105195FD->270584e6-a4a8-4db5-8151-214655ce1a56: receive RaftClientReply:client-C954105195FD->270584e6-a4a8-4db5-8151-214655ce1a56@group-787F5BA3AA67, cid=1843, SUCCESS, logIndex=0, commits[270584e6-a4a8-4db5-8151-214655ce1a56:c2684, af078b8b-61ec-497f-9506-472d46a72462:c2679, 09fb9ab4-1b8d-44c0-9f8c-50855c6f1fed:c2681]
2019-08-21 12:28:06,056 | INFO  | DNAudit | user=null | ip=null | op=WRITE_CHUNK {blockData=conID: 1 locID: 102654966892724752 bcsId: 0} | ret=SUCCESS |  
2019-08-21 12:28:06,056 | INFO  | DNAudit | user=null | ip=null | op=PUT_BLOCK {blockData=[blockId=conID: 1 locID: 102654966892724752 bcsId: 0,size=2097152]} | ret=SUCCESS |  
2019-08-21 12:28:06,059 | INFO  | DNAudit | user=null | ip=null | op=WRITE_CHUNK {blockData=conID: 1 locID: 102654966892724752 bcsId: 2681} | ret=SUCCESS |  
2019-08-21 12:28:06,061 | INFO  | DNAudit | user=null | ip=null | op=WRITE_CHUNK {blockData=conID: 1 locID: 102654966892724752 bcsId: 2681} | ret=SUCCESS |  
2019-08-21 12:28:06,061 | INFO  | DNAudit | user=null | ip=null | op=WRITE_CHUNK {blockData=conID: 1 locID: 102654966892724752 bcsId: 2681} | ret=SUCCESS |  
2019-08-21 12:28:06,063 | INFO  | DNAudit | user=null | ip=null | op=WRITE_CHUNK {blockData=conID: 1 locID: 102654966892724752 bcsId: 2681} | ret=SUCCESS |  
2019-08-21 12:28:06,064 | INFO  | DNAudit | user=null | ip=null | op=PUT_BLOCK {blockData=[blockId=conID: 1 locID: 102654966892724752 bcsId: 0,size=3145728]} | ret=SUCCESS |  
2019-08-21 12:28:06,064 [grpc-default-executor-1] INFO  client.GrpcClientProtocolClient (GrpcClientProtocolClient.java:onNext(255)) - client-C954105195FD->270584e6-a4a8-4db5-8151-214655ce1a56: receive RaftClientReply:client-C954105195FD->270584e6-a4a8-4db5-8151-214655ce1a56@group-787F5BA3AA67, cid=1844, SUCCESS, logIndex=2686, commits[270584e6-a4a8-4db5-8151-214655ce1a56:c2687, af078b8b-61ec-497f-9506-472d46a72462:c2681, 09fb9ab4-1b8d-44c0-9f8c-50855c6f1fed:c2685]
2019-08-21 12:28:06,064 [grpc-default-executor-1] INFO  client.GrpcClientProtocolClient (GrpcClientProtocolClient.java:onNext(255)) - client-C954105195FD->270584e6-a4a8-4db5-8151-214655ce1a56: receive RaftClientReply:client-C954105195FD->270584e6-a4a8-4db5-8151-214655ce1a56@group-787F5BA3AA67, cid=1845, SUCCESS, logIndex=2687, commits[270584e6-a4a8-4db5-8151-214655ce1a56:c2687, af078b8b-61ec-497f-9506-472d46a72462:c2685, 09fb9ab4-1b8d-44c0-9f8c-50855c6f1fed:c2685]
2019-08-21 12:28:06,065 | INFO  | DNAudit | user=null | ip=null | op=WRITE_CHUNK {blockData=conID: 1 locID: 102654966892724752 bcsId: 2681} | ret=SUCCESS |  
2019-08-21 12:28:06,065 | INFO  | DNAudit | user=null | ip=null | op=WRITE_CHUNK {blockData=conID: 1 locID: 102654966892724752 bcsId: 2681} | ret=SUCCESS |  
2019-08-21 12:28:06,065 | INFO  | DNAudit | user=null | ip=null | op=PUT_BLOCK {blockData=[blockId=conID: 1 locID: 102654966892724752 bcsId: 0,size=3145728]} | ret=SUCCESS |  
2019-08-21 12:28:06,065 | INFO  | DNAudit | user=null | ip=null | op=PUT_BLOCK {blockData=[blockId=conID: 1 locID: 102654966892724752 bcsId: 0,size=3145728]} | ret=SUCCESS |  
2019-08-21 12:28:06,070 | INFO  | DNAudit | user=null | ip=null | op=WRITE_CHUNK {blockData=conID: 1 locID: 102654966892724752 bcsId: 2687} | ret=SUCCESS |  
2019-08-21 12:28:06,072 | INFO  | DNAudit | user=null | ip=null | op=WRITE_CHUNK {blockData=conID: 1 locID: 102654966892724752 bcsId: 2687} | ret=SUCCESS |  
2019-08-21 12:28:06,072 | INFO  | DNAudit | user=null | ip=null | op=WRITE_CHUNK {blockData=conID: 1 locID: 102654966892724752 bcsId: 2687} | ret=SUCCESS |  
2019-08-21 12:28:06,075 | INFO  | DNAudit | user=null | ip=null | op=WRITE_CHUNK {blockData=conID: 1 locID: 102654966892724752 bcsId: 2687} | ret=SUCCESS |  
2019-08-21 12:28:06,076 | INFO  | DNAudit | user=null | ip=null | op=PUT_BLOCK {blockData=[blockId=conID: 1 locID: 102654966892724752 bcsId: 0,size=4194304]} | ret=SUCCESS |  
2019-08-21 12:28:06,076 [grpc-default-executor-4] INFO  client.GrpcClientProtocolClient (GrpcClientProtocolClient.java:onNext(255)) - client-C954105195FD->270584e6-a4a8-4db5-8151-214655ce1a56: receive RaftClientReply:client-C954105195FD->270584e6-a4a8-4db5-8151-214655ce1a56@group-787F5BA3AA67, cid=1846, SUCCESS, logIndex=2690, commits[270584e6-a4a8-4db5-8151-214655ce1a56:c2691, af078b8b-61ec-497f-9506-472d46a72462:c2689, 09fb9ab4-1b8d-44c0-9f8c-50855c6f1fed:c2689]
2019-08-21 12:28:06,076 [grpc-default-executor-4] INFO  client.GrpcClientProtocolClient (GrpcClientProtocolClient.java:onNext(255)) - client-C954105195FD->270584e6-a4a8-4db5-8151-214655ce1a56: receive RaftClientReply:client-C954105195FD->270584e6-a4a8-4db5-8151-214655ce1a56@group-787F5BA3AA67, cid=1847, SUCCESS, logIndex=2691, commits[270584e6-a4a8-4db5-8151-214655ce1a56:c2691, af078b8b-61ec-497f-9506-472d46a72462:c2689, 09fb9ab4-1b8d-44c0-9f8c-50855c6f1fed:c2689]
2019-08-21 12:28:06,078 | INFO  | DNAudit | user=null | ip=null | op=WRITE_CHUNK {blockData=conID: 1 locID: 102654966892724752 bcsId: 2687} | ret=SUCCESS |  
2019-08-21 12:28:06,078 | INFO  | DNAudit | user=null | ip=null | op=WRITE_CHUNK {blockData=conID: 1 locID: 102654966892724752 bcsId: 2687} | ret=SUCCESS |  
2019-08-21 12:28:06,078 | INFO  | DNAudit | user=null | ip=null | op=PUT_BLOCK {blockData=[blockId=conID: 1 locID: 102654966892724752 bcsId: 0,size=4194304]} | ret=SUCCESS |  
2019-08-21 12:28:06,080 | INFO  | DNAudit | user=null | ip=null | op=PUT_BLOCK {blockData=[blockId=conID: 1 locID: 102654966892724752 bcsId: 0,size=4194304]} | ret=SUCCESS |  
2019-08-21 12:28:06,080 [grpc-default-executor-4] INFO  client.GrpcClientProtocolClient (GrpcClientProtocolClient.java:onNext(255)) - client-C954105195FD->270584e6-a4a8-4db5-8151-214655ce1a56: receive RaftClientReply:client-C954105195FD->270584e6-a4a8-4db5-8151-214655ce1a56@group-787F5BA3AA67, cid=1848, SUCCESS, logIndex=0, commits[270584e6-a4a8-4db5-8151-214655ce1a56:c2692, af078b8b-61ec-497f-9506-472d46a72462:c2691, 09fb9ab4-1b8d-44c0-9f8c-50855c6f1fed:c2691]
2019-08-21 12:28:06,081 | INFO  | SCMAudit | user=jenkins1000 | ip=192.168.34.23 | op=SEND_HEARTBEAT {datanodeUUID=0aa4def6-fe9f-4182-b0b1-80406548816f, command=[]} | ret=SUCCESS |  
2019-08-21 12:28:06,081 | INFO  | SCMAudit | user=jenkins1000 | ip=192.168.34.23 | op=SEND_HEARTBEAT {datanodeUUID=39ae8c09-9b4b-4ddc-906b-4e52d104e1b1, command=[]} | ret=SUCCESS |  
2019-08-21 12:28:06,084 | INFO  | SCMAudit | user=jenkins1000 | ip=192.168.34.23 | op=ALLOCATE_BLOCK {owner=b79f83c9-5f7d-4caf-af30-78af34bc5eea, size=4194304, type=RATIS, factor=THREE} | ret=SUCCESS |  
2019-08-21 12:28:06,087 | INFO  | OMAudit | user=jenkins1000 | ip=127.0.0.1 | op=ALLOCATE_BLOCK {volume=vol-0-06517, bucket=bucket-0-64549, key=key-0-34512, dataSize=0, replicationType=null, replicationFactor=null, keyLocationInfo=null, clientID=102654965997830546} | ret=SUCCESS |  
2019-08-21 12:28:06,093 | INFO  | DNAudit | user=null | ip=null | op=WRITE_CHUNK {blockData=conID: 2 locID: 102654966896001553 bcsId: 0} | ret=SUCCESS |  
2019-08-21 12:28:06,095 | INFO  | DNAudit | user=null | ip=null | op=WRITE_CHUNK {blockData=conID: 2 locID: 102654966896001553 bcsId: 0} | ret=SUCCESS |  
2019-08-21 12:28:06,096 | INFO  | DNAudit | user=null | ip=null | op=WRITE_CHUNK {blockData=conID: 2 locID: 102654966896001553 bcsId: 0} | ret=SUCCESS |  
2019-08-21 12:28:06,096 | INFO  | DNAudit | user=null | ip=null | op=WRITE_CHUNK {blockData=conID: 2 locID: 102654966896001553 bcsId: 0} | ret=SUCCESS |  
2019-08-21 12:28:06,101 | INFO  | DNAudit | user=null | ip=null | op=WRITE_CHUNK {blockData=conID: 2 locID: 102654966896001553 bcsId: 0} | ret=SUCCESS |  
2019-08-21 12:28:06,101 | INFO  | DNAudit | user=null | ip=null | op=WRITE_CHUNK {blockData=conID: 2 locID: 102654966896001553 bcsId: 0} | ret=SUCCESS |  
2019-08-21 12:28:06,117 | INFO  | DNAudit | user=null | ip=null | op=WRITE_CHUNK {blockData=conID: 2 locID: 102654966896001553 bcsId: 0} | ret=SUCCESS |  
2019-08-21 12:28:06,117 | INFO  | DNAudit | user=null | ip=null | op=PUT_BLOCK {blockData=[blockId=conID: 2 locID: 102654966896001553 bcsId: 0,size=1048576]} | ret=SUCCESS |  
2019-08-21 12:28:06,118 [grpc-default-executor-1] INFO  client.GrpcClientProtocolClient (GrpcClientProtocolClient.java:onNext(255)) - client-C954105195FD->270584e6-a4a8-4db5-8151-214655ce1a56: receive RaftClientReply:client-C954105195FD->270584e6-a4a8-4db5-8151-214655ce1a56@group-787F5BA3AA67, cid=1849, SUCCESS, logIndex=2694, commits[270584e6-a4a8-4db5-8151-214655ce1a56:c2695, af078b8b-61ec-497f-9506-472d46a72462:c2693, 09fb9ab4-1b8d-44c0-9f8c-50855c6f1fed:c2693]
2019-08-21 12:28:06,118 [grpc-default-executor-1] INFO  client.GrpcClientProtocolClient (GrpcClientProtocolClient.java:onNext(255)) - client-C954105195FD->270584e6-a4a8-4db5-8151-214655ce1a56: receive RaftClientReply:client-C954105195FD->270584e6-a4a8-4db5-8151-214655ce1a56@group-787F5BA3AA67, cid=1850, SUCCESS, logIndex=2695, commits[270584e6-a4a8-4db5-8151-214655ce1a56:c2695, af078b8b-61ec-497f-9506-472d46a72462:c2693, 09fb9ab4-1b8d-44c0-9f8c-50855c6f1fed:c2693]
2019-08-21 12:28:06,119 | INFO  | DNAudit | user=null | ip=null | op=WRITE_CHUNK {blockData=conID: 2 locID: 102654966896001553 bcsId: 0} | ret=SUCCESS |  
2019-08-21 12:28:06,119 | INFO  | DNAudit | user=null | ip=null | op=PUT_BLOCK {blockData=[blockId=conID: 2 locID: 102654966896001553 bcsId: 0,size=2097152]} | ret=SUCCESS |  
2019-08-21 12:28:06,120 [grpc-default-executor-4] INFO  client.GrpcClientProtocolClient (GrpcClientProtocolClient.java:onNext(255)) - client-C954105195FD->270584e6-a4a8-4db5-8151-214655ce1a56: receive RaftClientReply:client-C954105195FD->270584e6-a4a8-4db5-8151-214655ce1a56@group-787F5BA3AA67, cid=1851, SUCCESS, logIndex=2696, commits[270584e6-a4a8-4db5-8151-214655ce1a56:c2697, af078b8b-61ec-497f-9506-472d46a72462:c2693, 09fb9ab4-1b8d-44c0-9f8c-50855c6f1fed:c2693]
2019-08-21 12:28:06,120 [grpc-default-executor-4] INFO  client.GrpcClientProtocolClient (GrpcClientProtocolClient.java:onNext(255)) - client-C954105195FD->270584e6-a4a8-4db5-8151-214655ce1a56: receive RaftClientReply:client-C954105195FD->270584e6-a4a8-4db5-8151-214655ce1a56@group-787F5BA3AA67, cid=1852, SUCCESS, logIndex=2697, commits[270584e6-a4a8-4db5-8151-214655ce1a56:c2697, af078b8b-61ec-497f-9506-472d46a72462:c2693, 09fb9ab4-1b8d-44c0-9f8c-50855c6f1fed:c2693]
2019-08-21 12:28:06,130 | INFO  | DNAudit | user=null | ip=null | op=WRITE_CHUNK {blockData=conID: 2 locID: 102654966896001553 bcsId: 0} | ret=SUCCESS |  
2019-08-21 12:28:06,130 | INFO  | DNAudit | user=null | ip=null | op=WRITE_CHUNK {blockData=conID: 2 locID: 102654966896001553 bcsId: 0} | ret=SUCCESS |  
2019-08-21 12:28:06,130 | INFO  | DNAudit | user=null | ip=null | op=PUT_BLOCK {blockData=[blockId=conID: 2 locID: 102654966896001553 bcsId: 0,size=1048576]} | ret=SUCCESS |  
2019-08-21 12:28:06,130 | INFO  | DNAudit | user=null | ip=null | op=PUT_BLOCK {blockData=[blockId=conID: 2 locID: 102654966896001553 bcsId: 0,size=1048576]} | ret=SUCCESS |  
2019-08-21 12:28:06,130 [grpc-default-executor-4] INFO  client.GrpcClientProtocolClient (GrpcClientProtocolClient.java:onNext(255)) - client-C954105195FD->270584e6-a4a8-4db5-8151-214655ce1a56: receive RaftClientReply:client-C954105195FD->270584e6-a4a8-4db5-8151-214655ce1a56@group-787F5BA3AA67, cid=1853, SUCCESS, logIndex=0, commits[270584e6-a4a8-4db5-8151-214655ce1a56:c2699, af078b8b-61ec-497f-9506-472d46a72462:c2695, 09fb9ab4-1b8d-44c0-9f8c-50855c6f1fed:c2695]
2019-08-21 12:28:06,132 | INFO  | DNAudit | user=null | ip=null | op=WRITE_CHUNK {blockData=conID: 2 locID: 102654966896001553 bcsId: 0} | ret=SUCCESS |  
2019-08-21 12:28:06,133 | INFO  | DNAudit | user=null | ip=null | op=WRITE_CHUNK {blockData=conID: 2 locID: 102654966896001553 bcsId: 0} | ret=SUCCESS |  
2019-08-21 12:28:06,133 | INFO  | DNAudit | user=null | ip=null | op=PUT_BLOCK {blockData=[blockId=conID: 2 locID: 102654966896001553 bcsId: 0,size=2097152]} | ret=SUCCESS |  
2019-08-21 12:28:06,133 | INFO  | DNAudit | user=null | ip=null | op=PUT_BLOCK {blockData=[blockId=conID: 2 locID: 102654966896001553 bcsId: 0,size=2097152]} | ret=SUCCESS |  
2019-08-21 12:28:06,136 | INFO  | DNAudit | user=null | ip=null | op=WRITE_CHUNK {blockData=conID: 2 locID: 102654966896001553 bcsId: 2697} | ret=SUCCESS |  
2019-08-21 12:28:06,139 | INFO  | DNAudit | user=null | ip=null | op=WRITE_CHUNK {blockData=conID: 2 locID: 102654966896001553 bcsId: 2697} | ret=SUCCESS |  
2019-08-21 12:28:06,139 | INFO  | DNAudit | user=null | ip=null | op=WRITE_CHUNK {blockData=conID: 2 locID: 102654966896001553 bcsId: 2697} | ret=SUCCESS |  
2019-08-21 12:28:06,146 | INFO  | DNAudit | user=null | ip=null | op=WRITE_CHUNK {blockData=conID: 2 locID: 102654966896001553 bcsId: 2697} | ret=SUCCESS |  
2019-08-21 12:28:06,146 | INFO  | DNAudit | user=null | ip=null | op=PUT_BLOCK {blockData=[blockId=conID: 2 locID: 102654966896001553 bcsId: 0,size=3145728]} | ret=SUCCESS |  
2019-08-21 12:28:06,146 [grpc-default-executor-2] INFO  client.GrpcClientProtocolClient (GrpcClientProtocolClient.java:onNext(255)) - client-C954105195FD->270584e6-a4a8-4db5-8151-214655ce1a56: receive RaftClientReply:client-C954105195FD->270584e6-a4a8-4db5-8151-214655ce1a56@group-787F5BA3AA67, cid=1854, SUCCESS, logIndex=2702, commits[270584e6-a4a8-4db5-8151-214655ce1a56:c2703, af078b8b-61ec-497f-9506-472d46a72462:c2701, 09fb9ab4-1b8d-44c0-9f8c-50855c6f1fed:c2697]
2019-08-21 12:28:06,147 [grpc-default-executor-2] INFO  client.GrpcClientProtocolClient (GrpcClientProtocolClient.java:onNext(255)) - client-C954105195FD->270584e6-a4a8-4db5-8151-214655ce1a56: receive RaftClientReply:client-C954105195FD->270584e6-a4a8-4db5-8151-214655ce1a56@group-787F5BA3AA67, cid=1855, SUCCESS, logIndex=2703, commits[270584e6-a4a8-4db5-8151-214655ce1a56:c2703, af078b8b-61ec-497f-9506-472d46a72462:c2701, 09fb9ab4-1b8d-44c0-9f8c-50855c6f1fed:c2701]
2019-08-21 12:28:06,152 | INFO  | DNAudit | user=null | ip=null | op=WRITE_CHUNK {blockData=conID: 2 locID: 102654966896001553 bcsId: 2703} | ret=SUCCESS |  
2019-08-21 12:28:06,155 | INFO  | DNAudit | user=null | ip=null | op=WRITE_CHUNK {blockData=conID: 2 locID: 102654966896001553 bcsId: 2703} | ret=SUCCESS |  
2019-08-21 12:28:06,155 | INFO  | DNAudit | user=null | ip=null | op=WRITE_CHUNK {blockData=conID: 2 locID: 102654966896001553 bcsId: 2703} | ret=SUCCESS |  
2019-08-21 12:28:06,160 | INFO  | DNAudit | user=null | ip=null | op=WRITE_CHUNK {blockData=conID: 2 locID: 102654966896001553 bcsId: 2697} | ret=SUCCESS |  
2019-08-21 12:28:06,160 | INFO  | DNAudit | user=null | ip=null | op=WRITE_CHUNK {blockData=conID: 2 locID: 102654966896001553 bcsId: 2697} | ret=SUCCESS |  
2019-08-21 12:28:06,161 | INFO  | DNAudit | user=null | ip=null | op=PUT_BLOCK {blockData=[blockId=conID: 2 locID: 102654966896001553 bcsId: 0,size=3145728]} | ret=SUCCESS |  
2019-08-21 12:28:06,161 | INFO  | DNAudit | user=null | ip=null | op=WRITE_CHUNK {blockData=conID: 2 locID: 102654966896001553 bcsId: 2703} | ret=SUCCESS |  
2019-08-21 12:28:06,162 | INFO  | DNAudit | user=null | ip=null | op=PUT_BLOCK {blockData=[blockId=conID: 2 locID: 102654966896001553 bcsId: 0,size=3145728]} | ret=SUCCESS |  
2019-08-21 12:28:06,162 | INFO  | DNAudit | user=null | ip=null | op=PUT_BLOCK {blockData=[blockId=conID: 2 locID: 102654966896001553 bcsId: 0,size=4194304]} | ret=SUCCESS |  
2019-08-21 12:28:06,162 [grpc-default-executor-1] INFO  client.GrpcClientProtocolClient (GrpcClientProtocolClient.java:onNext(255)) - client-C954105195FD->270584e6-a4a8-4db5-8151-214655ce1a56: receive RaftClientReply:client-C954105195FD->270584e6-a4a8-4db5-8151-214655ce1a56@group-787F5BA3AA67, cid=1856, SUCCESS, logIndex=2706, commits[270584e6-a4a8-4db5-8151-214655ce1a56:c2707, af078b8b-61ec-497f-9506-472d46a72462:c2703, 09fb9ab4-1b8d-44c0-9f8c-50855c6f1fed:c2702]
2019-08-21 12:28:06,163 [grpc-default-executor-1] INFO  client.GrpcClientProtocolClient (GrpcClientProtocolClient.java:onNext(255)) - client-C954105195FD->270584e6-a4a8-4db5-8151-214655ce1a56: receive RaftClientReply:client-C954105195FD->270584e6-a4a8-4db5-8151-214655ce1a56@group-787F5BA3AA67, cid=1857, SUCCESS, logIndex=2707, commits[270584e6-a4a8-4db5-8151-214655ce1a56:c2707, af078b8b-61ec-497f-9506-472d46a72462:c2703, 09fb9ab4-1b8d-44c0-9f8c-50855c6f1fed:c2703]
2019-08-21 12:28:06,164 | INFO  | DNAudit | user=null | ip=null | op=WRITE_CHUNK {blockData=conID: 2 locID: 102654966896001553 bcsId: 2703} | ret=SUCCESS |  
2019-08-21 12:28:06,165 | INFO  | DNAudit | user=null | ip=null | op=WRITE_CHUNK {blockData=conID: 2 locID: 102654966896001553 bcsId: 2703} | ret=SUCCESS |  
2019-08-21 12:28:06,165 | INFO  | DNAudit | user=null | ip=null | op=PUT_BLOCK {blockData=[blockId=conID: 2 locID: 102654966896001553 bcsId: 0,size=4194304]} | ret=SUCCESS |  
2019-08-21 12:28:06,165 | INFO  | DNAudit | user=null | ip=null | op=PUT_BLOCK {blockData=[blockId=conID: 2 locID: 102654966896001553 bcsId: 0,size=4194304]} | ret=SUCCESS |  
2019-08-21 12:28:06,165 [grpc-default-executor-1] INFO  client.GrpcClientProtocolClient (GrpcClientProtocolClient.java:onNext(255)) - client-C954105195FD->270584e6-a4a8-4db5-8151-214655ce1a56: receive RaftClientReply:client-C954105195FD->270584e6-a4a8-4db5-8151-214655ce1a56@group-787F5BA3AA67, cid=1858, SUCCESS, logIndex=0, commits[270584e6-a4a8-4db5-8151-214655ce1a56:c2708, af078b8b-61ec-497f-9506-472d46a72462:c2707, 09fb9ab4-1b8d-44c0-9f8c-50855c6f1fed:c2707]
2019-08-21 12:28:06,169 | INFO  | SCMAudit | user=jenkins1000 | ip=192.168.34.23 | op=ALLOCATE_BLOCK {owner=b79f83c9-5f7d-4caf-af30-78af34bc5eea, size=4194304, type=RATIS, factor=THREE} | ret=SUCCESS |  
2019-08-21 12:28:06,171 | INFO  | OMAudit | user=jenkins1000 | ip=127.0.0.1 | op=ALLOCATE_BLOCK {volume=vol-0-06517, bucket=bucket-0-64549, key=key-0-34512, dataSize=0, replicationType=null, replicationFactor=null, keyLocationInfo=null, clientID=102654965997830546} | ret=SUCCESS |  
2019-08-21 12:28:06,177 | INFO  | DNAudit | user=null | ip=null | op=WRITE_CHUNK {blockData=conID: 3 locID: 102654966901572114 bcsId: 0} | ret=SUCCESS |  
2019-08-21 12:28:06,180 | INFO  | DNAudit | user=null | ip=null | op=WRITE_CHUNK {blockData=conID: 3 locID: 102654966901572114 bcsId: 0} | ret=SUCCESS |  
2019-08-21 12:28:06,180 | INFO  | DNAudit | user=null | ip=null | op=WRITE_CHUNK {blockData=conID: 3 locID: 102654966901572114 bcsId: 0} | ret=SUCCESS |  
2019-08-21 12:28:06,181 | INFO  | DNAudit | user=null | ip=null | op=WRITE_CHUNK {blockData=conID: 3 locID: 102654966901572114 bcsId: 0} | ret=SUCCESS |  
2019-08-21 12:28:06,182 | INFO  | DNAudit | user=null | ip=null | op=WRITE_CHUNK {blockData=conID: 3 locID: 102654966901572114 bcsId: 0} | ret=SUCCESS |  
2019-08-21 12:28:06,183 | INFO  | DNAudit | user=null | ip=null | op=WRITE_CHUNK {blockData=conID: 3 locID: 102654966901572114 bcsId: 0} | ret=SUCCESS |  
2019-08-21 12:28:06,190 | INFO  | DNAudit | user=null | ip=null | op=WRITE_CHUNK {blockData=conID: 3 locID: 102654966901572114 bcsId: 0} | ret=SUCCESS |  
2019-08-21 12:28:06,190 | INFO  | DNAudit | user=null | ip=null | op=PUT_BLOCK {blockData=[blockId=conID: 3 locID: 102654966901572114 bcsId: 0,size=1048576]} | ret=SUCCESS |  
2019-08-21 12:28:06,190 [grpc-default-executor-2] INFO  client.GrpcClientProtocolClient (GrpcClientProtocolClient.java:onNext(255)) - client-C954105195FD->270584e6-a4a8-4db5-8151-214655ce1a56: receive RaftClientReply:client-C954105195FD->270584e6-a4a8-4db5-8151-214655ce1a56@group-787F5BA3AA67, cid=1859, SUCCESS, logIndex=2710, commits[270584e6-a4a8-4db5-8151-214655ce1a56:c2711, af078b8b-61ec-497f-9506-472d46a72462:c2709, 09fb9ab4-1b8d-44c0-9f8c-50855c6f1fed:c2709]
2019-08-21 12:28:06,191 | INFO  | DNAudit | user=null | ip=null | op=WRITE_CHUNK {blockData=conID: 3 locID: 102654966901572114 bcsId: 0} | ret=SUCCESS |  
2019-08-21 12:28:06,191 [grpc-default-executor-2] INFO  client.GrpcClientProtocolClient (GrpcClientProtocolClient.java:onNext(255)) - client-C954105195FD->270584e6-a4a8-4db5-8151-214655ce1a56: receive RaftClientReply:client-C954105195FD->270584e6-a4a8-4db5-8151-214655ce1a56@group-787F5BA3AA67, cid=1860, SUCCESS, logIndex=2711, commits[270584e6-a4a8-4db5-8151-214655ce1a56:c2711, af078b8b-61ec-497f-9506-472d46a72462:c2709, 09fb9ab4-1b8d-44c0-9f8c-50855c6f1fed:c2709]
2019-08-21 12:28:06,191 | INFO  | DNAudit | user=null | ip=null | op=PUT_BLOCK {blockData=[blockId=conID: 3 locID: 102654966901572114 bcsId: 0,size=2097152]} | ret=SUCCESS |  
2019-08-21 12:28:06,191 [grpc-default-executor-2] INFO  client.GrpcClientProtocolClient (GrpcClientProtocolClient.java:onNext(255)) - client-C954105195FD->270584e6-a4a8-4db5-8151-214655ce1a56: receive RaftClientReply:client-C954105195FD->270584e6-a4a8-4db5-8151-214655ce1a56@group-787F5BA3AA67, cid=1861, SUCCESS, logIndex=2712, commits[270584e6-a4a8-4db5-8151-214655ce1a56:c2713, af078b8b-61ec-497f-9506-472d46a72462:c2709, 09fb9ab4-1b8d-44c0-9f8c-50855c6f1fed:c2709]
2019-08-21 12:28:06,192 [grpc-default-executor-2] INFO  client.GrpcClientProtocolClient (GrpcClientProtocolClient.java:onNext(255)) - client-C954105195FD->270584e6-a4a8-4db5-8151-214655ce1a56: receive RaftClientReply:client-C954105195FD->270584e6-a4a8-4db5-8151-214655ce1a56@group-787F5BA3AA67, cid=1862, SUCCESS, logIndex=2713, commits[270584e6-a4a8-4db5-8151-214655ce1a56:c2713, af078b8b-61ec-497f-9506-472d46a72462:c2709, 09fb9ab4-1b8d-44c0-9f8c-50855c6f1fed:c2709]
2019-08-21 12:28:06,204 | INFO  | DNAudit | user=null | ip=null | op=WRITE_CHUNK {blockData=conID: 3 locID: 102654966901572114 bcsId: 0} | ret=SUCCESS |  
2019-08-21 12:28:06,204 | INFO  | DNAudit | user=null | ip=null | op=PUT_BLOCK {blockData=[blockId=conID: 3 locID: 102654966901572114 bcsId: 0,size=1048576]} | ret=SUCCESS |  
2019-08-21 12:28:06,204 | INFO  | DNAudit | user=null | ip=null | op=WRITE_CHUNK {blockData=conID: 3 locID: 102654966901572114 bcsId: 0} | ret=SUCCESS |  
2019-08-21 12:28:06,204 | INFO  | DNAudit | user=null | ip=null | op=PUT_BLOCK {blockData=[blockId=conID: 3 locID: 102654966901572114 bcsId: 0,size=1048576]} | ret=SUCCESS |  
2019-08-21 12:28:06,205 | INFO  | DNAudit | user=null | ip=null | op=WRITE_CHUNK {blockData=conID: 3 locID: 102654966901572114 bcsId: 0} | ret=SUCCESS |  
2019-08-21 12:28:06,205 | INFO  | DNAudit | user=null | ip=null | op=WRITE_CHUNK {blockData=conID: 3 locID: 102654966901572114 bcsId: 0} | ret=SUCCESS |  
2019-08-21 12:28:06,205 | INFO  | DNAudit | user=null | ip=null | op=PUT_BLOCK {blockData=[blockId=conID: 3 locID: 102654966901572114 bcsId: 0,size=2097152]} | ret=SUCCESS |  
2019-08-21 12:28:06,205 [grpc-default-executor-2] INFO  client.GrpcClientProtocolClient (GrpcClientProtocolClient.java:onNext(255)) - client-C954105195FD->270584e6-a4a8-4db5-8151-214655ce1a56: receive RaftClientReply:client-C954105195FD->270584e6-a4a8-4db5-8151-214655ce1a56@group-787F5BA3AA67, cid=1863, SUCCESS, logIndex=0, commits[270584e6-a4a8-4db5-8151-214655ce1a56:c2715, af078b8b-61ec-497f-9506-472d46a72462:c2711, 09fb9ab4-1b8d-44c0-9f8c-50855c6f1fed:c2711]
2019-08-21 12:28:06,205 | INFO  | DNAudit | user=null | ip=null | op=PUT_BLOCK {blockData=[blockId=conID: 3 locID: 102654966901572114 bcsId: 0,size=2097152]} | ret=SUCCESS |  
2019-08-21 12:28:06,211 | INFO  | DNAudit | user=null | ip=null | op=WRITE_CHUNK {blockData=conID: 3 locID: 102654966901572114 bcsId: 2713} | ret=SUCCESS |  
2019-08-21 12:28:06,213 | INFO  | DNAudit | user=null | ip=null | op=WRITE_CHUNK {blockData=conID: 3 locID: 102654966901572114 bcsId: 2713} | ret=SUCCESS |  
2019-08-21 12:28:06,213 | INFO  | DNAudit | user=null | ip=null | op=WRITE_CHUNK {blockData=conID: 3 locID: 102654966901572114 bcsId: 2713} | ret=SUCCESS |  
2019-08-21 12:28:06,226 | INFO  | DNAudit | user=null | ip=null | op=WRITE_CHUNK {blockData=conID: 3 locID: 102654966901572114 bcsId: 2713} | ret=SUCCESS |  
2019-08-21 12:28:06,226 | INFO  | DNAudit | user=null | ip=null | op=PUT_BLOCK {blockData=[blockId=conID: 3 locID: 102654966901572114 bcsId: 0,size=3145728]} | ret=SUCCESS |  
2019-08-21 12:28:06,227 [grpc-default-executor-4] INFO  client.GrpcClientProtocolClient (GrpcClientProtocolClient.java:onNext(255)) - client-C954105195FD->270584e6-a4a8-4db5-8151-214655ce1a56: receive RaftClientReply:client-C954105195FD->270584e6-a4a8-4db5-8151-214655ce1a56@group-787F5BA3AA67, cid=1864, SUCCESS, logIndex=2718, commits[270584e6-a4a8-4db5-8151-214655ce1a56:c2719, af078b8b-61ec-497f-9506-472d46a72462:c2717, 09fb9ab4-1b8d-44c0-9f8c-50855c6f1fed:c2717]
2019-08-21 12:28:06,227 [grpc-default-executor-4] INFO  client.GrpcClientProtocolClient (GrpcClientProtocolClient.java:onNext(255)) - client-C954105195FD->270584e6-a4a8-4db5-8151-214655ce1a56: receive RaftClientReply:client-C954105195FD->270584e6-a4a8-4db5-8151-214655ce1a56@group-787F5BA3AA67, cid=1865, SUCCESS, logIndex=2719, commits[270584e6-a4a8-4db5-8151-214655ce1a56:c2719, af078b8b-61ec-497f-9506-472d46a72462:c2717, 09fb9ab4-1b8d-44c0-9f8c-50855c6f1fed:c2717]
2019-08-21 12:28:06,233 | INFO  | DNAudit | user=null | ip=null | op=WRITE_CHUNK {blockData=conID: 3 locID: 102654966901572114 bcsId: 2719} | ret=SUCCESS |  
2019-08-21 12:28:06,235 | INFO  | DNAudit | user=null | ip=null | op=WRITE_CHUNK {blockData=conID: 3 locID: 102654966901572114 bcsId: 2719} | ret=SUCCESS |  
2019-08-21 12:28:06,235 | INFO  | DNAudit | user=null | ip=null | op=WRITE_CHUNK {blockData=conID: 3 locID: 102654966901572114 bcsId: 2719} | ret=SUCCESS |  
2019-08-21 12:28:06,237 | INFO  | DNAudit | user=null | ip=null | op=WRITE_CHUNK {blockData=conID: 3 locID: 102654966901572114 bcsId: 2713} | ret=SUCCESS |  
2019-08-21 12:28:06,237 | INFO  | DNAudit | user=null | ip=null | op=WRITE_CHUNK {blockData=conID: 3 locID: 102654966901572114 bcsId: 2713} | ret=SUCCESS |  
2019-08-21 12:28:06,238 | INFO  | DNAudit | user=null | ip=null | op=PUT_BLOCK {blockData=[blockId=conID: 3 locID: 102654966901572114 bcsId: 0,size=3145728]} | ret=SUCCESS |  
2019-08-21 12:28:06,238 | INFO  | DNAudit | user=null | ip=null | op=PUT_BLOCK {blockData=[blockId=conID: 3 locID: 102654966901572114 bcsId: 0,size=3145728]} | ret=SUCCESS |  
2019-08-21 12:28:06,239 | INFO  | DNAudit | user=null | ip=null | op=WRITE_CHUNK {blockData=conID: 3 locID: 102654966901572114 bcsId: 2719} | ret=SUCCESS |  
2019-08-21 12:28:06,239 | INFO  | DNAudit | user=null | ip=null | op=PUT_BLOCK {blockData=[blockId=conID: 3 locID: 102654966901572114 bcsId: 0,size=4194304]} | ret=SUCCESS |  
2019-08-21 12:28:06,239 [grpc-default-executor-2] INFO  client.GrpcClientProtocolClient (GrpcClientProtocolClient.java:onNext(255)) - client-C954105195FD->270584e6-a4a8-4db5-8151-214655ce1a56: receive RaftClientReply:client-C954105195FD->270584e6-a4a8-4db5-8151-214655ce1a56@group-787F5BA3AA67, cid=1866, SUCCESS, logIndex=2721, commits[270584e6-a4a8-4db5-8151-214655ce1a56:c2722, af078b8b-61ec-497f-9506-472d46a72462:c2719, 09fb9ab4-1b8d-44c0-9f8c-50855c6f1fed:c2719]
2019-08-21 12:28:06,240 [grpc-default-executor-2] INFO  client.GrpcClientProtocolClient (GrpcClientProtocolClient.java:onNext(255)) - client-C954105195FD->270584e6-a4a8-4db5-8151-214655ce1a56: receive RaftClientReply:client-C954105195FD->270584e6-a4a8-4db5-8151-214655ce1a56@group-787F5BA3AA67, cid=1867, SUCCESS, logIndex=2722, commits[270584e6-a4a8-4db5-8151-214655ce1a56:c2722, af078b8b-61ec-497f-9506-472d46a72462:c2719, 09fb9ab4-1b8d-44c0-9f8c-50855c6f1fed:c2719]
2019-08-21 12:28:06,250 | INFO  | DNAudit | user=null | ip=null | op=WRITE_CHUNK {blockData=conID: 3 locID: 102654966901572114 bcsId: 2719} | ret=SUCCESS |  
2019-08-21 12:28:06,250 | INFO  | DNAudit | user=null | ip=null | op=WRITE_CHUNK {blockData=conID: 3 locID: 102654966901572114 bcsId: 2719} | ret=SUCCESS |  
2019-08-21 12:28:06,253 | INFO  | DNAudit | user=null | ip=null | op=PUT_BLOCK {blockData=[blockId=conID: 3 locID: 102654966901572114 bcsId: 0,size=4194304]} | ret=SUCCESS |  
2019-08-21 12:28:06,253 | INFO  | DNAudit | user=null | ip=null | op=PUT_BLOCK {blockData=[blockId=conID: 3 locID: 102654966901572114 bcsId: 0,size=4194304]} | ret=SUCCESS |  
2019-08-21 12:28:06,253 [grpc-default-executor-2] INFO  client.GrpcClientProtocolClient (GrpcClientProtocolClient.java:onNext(255)) - client-C954105195FD->270584e6-a4a8-4db5-8151-214655ce1a56: receive RaftClientReply:client-C954105195FD->270584e6-a4a8-4db5-8151-214655ce1a56@group-787F5BA3AA67, cid=1868, SUCCESS, logIndex=0, commits[270584e6-a4a8-4db5-8151-214655ce1a56:c2724, af078b8b-61ec-497f-9506-472d46a72462:c2722, 09fb9ab4-1b8d-44c0-9f8c-50855c6f1fed:c2722]
2019-08-21 12:28:06,259 | INFO  | SCMAudit | user=jenkins1000 | ip=192.168.34.23 | op=ALLOCATE_BLOCK {owner=b79f83c9-5f7d-4caf-af30-78af34bc5eea, size=4194304, type=RATIS, factor=THREE} | ret=SUCCESS |  
2019-08-21 12:28:06,263 | INFO  | OMAudit | user=jenkins1000 | ip=127.0.0.1 | op=ALLOCATE_BLOCK {volume=vol-0-06517, bucket=bucket-0-64549, key=key-0-34512, dataSize=0, replicationType=null, replicationFactor=null, keyLocationInfo=null, clientID=102654965997830546} | ret=SUCCESS |  
2019-08-21 12:28:06,270 | INFO  | DNAudit | user=null | ip=null | op=WRITE_CHUNK {blockData=conID: 1 locID: 102654966907470355 bcsId: 0} | ret=SUCCESS |  
2019-08-21 12:28:06,271 | INFO  | DNAudit | user=null | ip=null | op=WRITE_CHUNK {blockData=conID: 1 locID: 102654966907470355 bcsId: 0} | ret=SUCCESS |  
2019-08-21 12:28:06,271 | INFO  | DNAudit | user=null | ip=null | op=WRITE_CHUNK {blockData=conID: 1 locID: 102654966907470355 bcsId: 0} | ret=SUCCESS |  
2019-08-21 12:28:06,272 | INFO  | DNAudit | user=null | ip=null | op=WRITE_CHUNK {blockData=conID: 1 locID: 102654966907470355 bcsId: 0} | ret=SUCCESS |  
2019-08-21 12:28:06,273 | INFO  | DNAudit | user=null | ip=null | op=WRITE_CHUNK {blockData=conID: 1 locID: 102654966907470355 bcsId: 0} | ret=SUCCESS |  
2019-08-21 12:28:06,274 | INFO  | DNAudit | user=null | ip=null | op=WRITE_CHUNK {blockData=conID: 1 locID: 102654966907470355 bcsId: 0} | ret=SUCCESS |  
2019-08-21 12:28:06,350 | INFO  | DNAudit | user=null | ip=null | op=WRITE_CHUNK {blockData=conID: 1 locID: 102654966907470355 bcsId: 0} | ret=SUCCESS |  
2019-08-21 12:28:06,351 | INFO  | DNAudit | user=null | ip=null | op=PUT_BLOCK {blockData=[blockId=conID: 1 locID: 102654966907470355 bcsId: 0,size=1048576]} | ret=SUCCESS |  
2019-08-21 12:28:06,352 | INFO  | DNAudit | user=null | ip=null | op=WRITE_CHUNK {blockData=conID: 1 locID: 102654966907470355 bcsId: 0} | ret=SUCCESS |  
2019-08-21 12:28:06,351 [grpc-default-executor-2] INFO  client.GrpcClientProtocolClient (GrpcClientProtocolClient.java:onNext(255)) - client-C954105195FD->270584e6-a4a8-4db5-8151-214655ce1a56: receive RaftClientReply:client-C954105195FD->270584e6-a4a8-4db5-8151-214655ce1a56@group-787F5BA3AA67, cid=1869, SUCCESS, logIndex=2725, commits[270584e6-a4a8-4db5-8151-214655ce1a56:c2727, af078b8b-61ec-497f-9506-472d46a72462:c2724, 09fb9ab4-1b8d-44c0-9f8c-50855c6f1fed:c2724]
2019-08-21 12:28:06,352 | INFO  | DNAudit | user=null | ip=null | op=PUT_BLOCK {blockData=[blockId=conID: 1 locID: 102654966907470355 bcsId: 0,size=2097152]} | ret=SUCCESS |  
2019-08-21 12:28:06,352 [grpc-default-executor-2] INFO  client.GrpcClientProtocolClient (GrpcClientProtocolClient.java:onNext(255)) - client-C954105195FD->270584e6-a4a8-4db5-8151-214655ce1a56: receive RaftClientReply:client-C954105195FD->270584e6-a4a8-4db5-8151-214655ce1a56@group-787F5BA3AA67, cid=1870, SUCCESS, logIndex=2726, commits[270584e6-a4a8-4db5-8151-214655ce1a56:c2728, af078b8b-61ec-497f-9506-472d46a72462:c2724, 09fb9ab4-1b8d-44c0-9f8c-50855c6f1fed:c2724]
2019-08-21 12:28:06,352 [grpc-default-executor-2] INFO  client.GrpcClientProtocolClient (GrpcClientProtocolClient.java:onNext(255)) - client-C954105195FD->270584e6-a4a8-4db5-8151-214655ce1a56: receive RaftClientReply:client-C954105195FD->270584e6-a4a8-4db5-8151-214655ce1a56@group-787F5BA3AA67, cid=1871, SUCCESS, logIndex=2727, commits[270584e6-a4a8-4db5-8151-214655ce1a56:c2728, af078b8b-61ec-497f-9506-472d46a72462:c2724, 09fb9ab4-1b8d-44c0-9f8c-50855c6f1fed:c2724]
2019-08-21 12:28:06,353 [grpc-default-executor-2] INFO  client.GrpcClientProtocolClient (GrpcClientProtocolClient.java:onNext(255)) - client-C954105195FD->270584e6-a4a8-4db5-8151-214655ce1a56: receive RaftClientReply:client-C954105195FD->270584e6-a4a8-4db5-8151-214655ce1a56@group-787F5BA3AA67, cid=1872, SUCCESS, logIndex=2728, commits[270584e6-a4a8-4db5-8151-214655ce1a56:c2728, af078b8b-61ec-497f-9506-472d46a72462:c2724, 09fb9ab4-1b8d-44c0-9f8c-50855c6f1fed:c2724]
2019-08-21 12:28:06,371 | INFO  | DNAudit | user=null | ip=null | op=WRITE_CHUNK {blockData=conID: 1 locID: 102654966907470355 bcsId: 0} | ret=SUCCESS |  
2019-08-21 12:28:06,372 | INFO  | DNAudit | user=null | ip=null | op=WRITE_CHUNK {blockData=conID: 1 locID: 102654966907470355 bcsId: 0} | ret=SUCCESS |  
2019-08-21 12:28:06,372 | INFO  | DNAudit | user=null | ip=null | op=PUT_BLOCK {blockData=[blockId=conID: 1 locID: 102654966907470355 bcsId: 0,size=1048576]} | ret=SUCCESS |  
2019-08-21 12:28:06,372 | INFO  | DNAudit | user=null | ip=null | op=WRITE_CHUNK {blockData=conID: 1 locID: 102654966907470355 bcsId: 0} | ret=SUCCESS |  
2019-08-21 12:28:06,372 | INFO  | DNAudit | user=null | ip=null | op=PUT_BLOCK {blockData=[blockId=conID: 1 locID: 102654966907470355 bcsId: 0,size=2097152]} | ret=SUCCESS |  
2019-08-21 12:28:06,374 | INFO  | DNAudit | user=null | ip=null | op=PUT_BLOCK {blockData=[blockId=conID: 1 locID: 102654966907470355 bcsId: 0,size=1048576]} | ret=SUCCESS |  
2019-08-21 12:28:06,374 | INFO  | DNAudit | user=null | ip=null | op=WRITE_CHUNK {blockData=conID: 1 locID: 102654966907470355 bcsId: 0} | ret=SUCCESS |  
2019-08-21 12:28:06,374 [grpc-default-executor-2] INFO  client.GrpcClientProtocolClient (GrpcClientProtocolClient.java:onNext(255)) - client-C954105195FD->270584e6-a4a8-4db5-8151-214655ce1a56: receive RaftClientReply:client-C954105195FD->270584e6-a4a8-4db5-8151-214655ce1a56@group-787F5BA3AA67, cid=1873, SUCCESS, logIndex=0, commits[270584e6-a4a8-4db5-8151-214655ce1a56:c2732, af078b8b-61ec-497f-9506-472d46a72462:c2728, 09fb9ab4-1b8d-44c0-9f8c-50855c6f1fed:c2727]
2019-08-21 12:28:06,374 | INFO  | DNAudit | user=null | ip=null | op=PUT_BLOCK {blockData=[blockId=conID: 1 locID: 102654966907470355 bcsId: 0,size=2097152]} | ret=SUCCESS |  
2019-08-21 12:28:06,381 | INFO  | DNAudit | user=null | ip=null | op=WRITE_CHUNK {blockData=conID: 1 locID: 102654966907470355 bcsId: 2728} | ret=SUCCESS |  
2019-08-21 12:28:06,384 | INFO  | DNAudit | user=null | ip=null | op=WRITE_CHUNK {blockData=conID: 1 locID: 102654966907470355 bcsId: 2728} | ret=SUCCESS |  
2019-08-21 12:28:06,385 | INFO  | DNAudit | user=null | ip=null | op=WRITE_CHUNK {blockData=conID: 1 locID: 102654966907470355 bcsId: 2728} | ret=SUCCESS |  
2019-08-21 12:28:06,393 | INFO  | DNAudit | user=null | ip=null | op=WRITE_CHUNK {blockData=conID: 1 locID: 102654966907470355 bcsId: 2728} | ret=SUCCESS |  
2019-08-21 12:28:06,397 | INFO  | DNAudit | user=null | ip=null | op=PUT_BLOCK {blockData=[blockId=conID: 1 locID: 102654966907470355 bcsId: 0,size=3145728]} | ret=SUCCESS |  
2019-08-21 12:28:06,397 [grpc-default-executor-4] INFO  client.GrpcClientProtocolClient (GrpcClientProtocolClient.java:onNext(255)) - client-C954105195FD->270584e6-a4a8-4db5-8151-214655ce1a56: receive RaftClientReply:client-C954105195FD->270584e6-a4a8-4db5-8151-214655ce1a56@group-787F5BA3AA67, cid=1874, SUCCESS, logIndex=2733, commits[270584e6-a4a8-4db5-8151-214655ce1a56:c2733, af078b8b-61ec-497f-9506-472d46a72462:c2732, 09fb9ab4-1b8d-44c0-9f8c-50855c6f1fed:c2732]
2019-08-21 12:28:06,397 [grpc-default-executor-4] INFO  client.GrpcClientProtocolClient (GrpcClientProtocolClient.java:onNext(255)) - client-C954105195FD->270584e6-a4a8-4db5-8151-214655ce1a56: receive RaftClientReply:client-C954105195FD->270584e6-a4a8-4db5-8151-214655ce1a56@group-787F5BA3AA67, cid=1875, SUCCESS, logIndex=2734, commits[270584e6-a4a8-4db5-8151-214655ce1a56:c2734, af078b8b-61ec-497f-9506-472d46a72462:c2732, 09fb9ab4-1b8d-44c0-9f8c-50855c6f1fed:c2732]
2019-08-21 12:28:06,404 | INFO  | DNAudit | user=null | ip=null | op=WRITE_CHUNK {blockData=conID: 1 locID: 102654966907470355 bcsId: 2734} | ret=SUCCESS |  
2019-08-21 12:28:06,405 | INFO  | DNAudit | user=null | ip=null | op=WRITE_CHUNK {blockData=conID: 1 locID: 102654966907470355 bcsId: 2728} | ret=SUCCESS |  
2019-08-21 12:28:06,405 | INFO  | DNAudit | user=null | ip=null | op=WRITE_CHUNK {blockData=conID: 1 locID: 102654966907470355 bcsId: 2728} | ret=SUCCESS |  
2019-08-21 12:28:06,407 | INFO  | DNAudit | user=null | ip=null | op=WRITE_CHUNK {blockData=conID: 1 locID: 102654966907470355 bcsId: 2734} | ret=SUCCESS |  
2019-08-21 12:28:06,408 | INFO  | DNAudit | user=null | ip=null | op=WRITE_CHUNK {blockData=conID: 1 locID: 102654966907470355 bcsId: 2734} | ret=SUCCESS |  
2019-08-21 12:28:06,408 | INFO  | DNAudit | user=null | ip=null | op=PUT_BLOCK {blockData=[blockId=conID: 1 locID: 102654966907470355 bcsId: 0,size=3145728]} | ret=SUCCESS |  
2019-08-21 12:28:06,408 | INFO  | DNAudit | user=null | ip=null | op=PUT_BLOCK {blockData=[blockId=conID: 1 locID: 102654966907470355 bcsId: 0,size=3145728]} | ret=SUCCESS |  
2019-08-21 12:28:06,419 | INFO  | DNAudit | user=null | ip=null | op=WRITE_CHUNK {blockData=conID: 1 locID: 102654966907470355 bcsId: 2734} | ret=SUCCESS |  
2019-08-21 12:28:06,420 | INFO  | DNAudit | user=null | ip=null | op=PUT_BLOCK {blockData=[blockId=conID: 1 locID: 102654966907470355 bcsId: 0,size=4194304]} | ret=SUCCESS |  
2019-08-21 12:28:06,420 [grpc-default-executor-2] INFO  client.GrpcClientProtocolClient (GrpcClientProtocolClient.java:onNext(255)) - client-C954105195FD->270584e6-a4a8-4db5-8151-214655ce1a56: receive RaftClientReply:client-C954105195FD->270584e6-a4a8-4db5-8151-214655ce1a56@group-787F5BA3AA67, cid=1876, SUCCESS, logIndex=2737, commits[270584e6-a4a8-4db5-8151-214655ce1a56:c2738, af078b8b-61ec-497f-9506-472d46a72462:c2734, 09fb9ab4-1b8d-44c0-9f8c-50855c6f1fed:c2734]
2019-08-21 12:28:06,421 [grpc-default-executor-2] INFO  client.GrpcClientProtocolClient (GrpcClientProtocolClient.java:onNext(255)) - client-C954105195FD->270584e6-a4a8-4db5-8151-214655ce1a56: receive RaftClientReply:client-C954105195FD->270584e6-a4a8-4db5-8151-214655ce1a56@group-787F5BA3AA67, cid=1877, SUCCESS, logIndex=2738, commits[270584e6-a4a8-4db5-8151-214655ce1a56:c2738, af078b8b-61ec-497f-9506-472d46a72462:c2734, 09fb9ab4-1b8d-44c0-9f8c-50855c6f1fed:c2734]
2019-08-21 12:28:06,421 | INFO  | DNAudit | user=null | ip=null | op=WRITE_CHUNK {blockData=conID: 1 locID: 102654966907470355 bcsId: 2734} | ret=SUCCESS |  
2019-08-21 12:28:06,423 | INFO  | DNAudit | user=null | ip=null | op=WRITE_CHUNK {blockData=conID: 1 locID: 102654966907470355 bcsId: 2734} | ret=SUCCESS |  
2019-08-21 12:28:06,424 | INFO  | DNAudit | user=null | ip=null | op=PUT_BLOCK {blockData=[blockId=conID: 1 locID: 102654966907470355 bcsId: 0,size=4194304]} | ret=SUCCESS |  
2019-08-21 12:28:06,434 | INFO  | DNAudit | user=null | ip=null | op=PUT_BLOCK {blockData=[blockId=conID: 1 locID: 102654966907470355 bcsId: 0,size=4194304]} | ret=SUCCESS |  
2019-08-21 12:28:06,435 [grpc-default-executor-2] INFO  client.GrpcClientProtocolClient (GrpcClientProtocolClient.java:onNext(255)) - client-C954105195FD->270584e6-a4a8-4db5-8151-214655ce1a56: receive RaftClientReply:client-C954105195FD->270584e6-a4a8-4db5-8151-214655ce1a56@group-787F5BA3AA67, cid=1878, SUCCESS, logIndex=0, commits[270584e6-a4a8-4db5-8151-214655ce1a56:c2739, af078b8b-61ec-497f-9506-472d46a72462:c2738, 09fb9ab4-1b8d-44c0-9f8c-50855c6f1fed:c2738]
2019-08-21 12:28:06,440 | INFO  | SCMAudit | user=jenkins1000 | ip=192.168.34.23 | op=ALLOCATE_BLOCK {owner=b79f83c9-5f7d-4caf-af30-78af34bc5eea, size=4194304, type=RATIS, factor=THREE} | ret=SUCCESS |  
2019-08-21 12:28:06,443 | INFO  | OMAudit | user=jenkins1000 | ip=127.0.0.1 | op=ALLOCATE_BLOCK {volume=vol-0-06517, bucket=bucket-0-64549, key=key-0-34512, dataSize=0, replicationType=null, replicationFactor=null, keyLocationInfo=null, clientID=102654965997830546} | ret=SUCCESS |  
2019-08-21 12:28:06,451 | INFO  | DNAudit | user=null | ip=null | op=WRITE_CHUNK {blockData=conID: 2 locID: 102654966919332372 bcsId: 0} | ret=SUCCESS |  
2019-08-21 12:28:06,454 | INFO  | DNAudit | user=null | ip=null | op=WRITE_CHUNK {blockData=conID: 2 locID: 102654966919332372 bcsId: 0} | ret=SUCCESS |  
2019-08-21 12:28:06,454 | INFO  | DNAudit | user=null | ip=null | op=WRITE_CHUNK {blockData=conID: 2 locID: 102654966919332372 bcsId: 0} | ret=SUCCESS |  
2019-08-21 12:28:06,455 | INFO  | DNAudit | user=null | ip=null | op=WRITE_CHUNK {blockData=conID: 2 locID: 102654966919332372 bcsId: 0} | ret=SUCCESS |  
2019-08-21 12:28:06,456 | INFO  | DNAudit | user=null | ip=null | op=WRITE_CHUNK {blockData=conID: 2 locID: 102654966919332372 bcsId: 0} | ret=SUCCESS |  
2019-08-21 12:28:06,457 | INFO  | DNAudit | user=null | ip=null | op=WRITE_CHUNK {blockData=conID: 2 locID: 102654966919332372 bcsId: 0} | ret=SUCCESS |  
2019-08-21 12:28:06,464 | INFO  | DNAudit | user=null | ip=null | op=WRITE_CHUNK {blockData=conID: 2 locID: 102654966919332372 bcsId: 0} | ret=SUCCESS |  
2019-08-21 12:28:06,464 | INFO  | DNAudit | user=null | ip=null | op=PUT_BLOCK {blockData=[blockId=conID: 2 locID: 102654966919332372 bcsId: 0,size=1048576]} | ret=SUCCESS |  
2019-08-21 12:28:06,464 [grpc-default-executor-2] INFO  client.GrpcClientProtocolClient (GrpcClientProtocolClient.java:onNext(255)) - client-C954105195FD->270584e6-a4a8-4db5-8151-214655ce1a56: receive RaftClientReply:client-C954105195FD->270584e6-a4a8-4db5-8151-214655ce1a56@group-787F5BA3AA67, cid=1879, SUCCESS, logIndex=2741, commits[270584e6-a4a8-4db5-8151-214655ce1a56:c2742, af078b8b-61ec-497f-9506-472d46a72462:c2740, 09fb9ab4-1b8d-44c0-9f8c-50855c6f1fed:c2740]
2019-08-21 12:28:06,465 | INFO  | DNAudit | user=null | ip=null | op=WRITE_CHUNK {blockData=conID: 2 locID: 102654966919332372 bcsId: 0} | ret=SUCCESS |  
2019-08-21 12:28:06,465 [grpc-default-executor-2] INFO  client.GrpcClientProtocolClient (GrpcClientProtocolClient.java:onNext(255)) - client-C954105195FD->270584e6-a4a8-4db5-8151-214655ce1a56: receive RaftClientReply:client-C954105195FD->270584e6-a4a8-4db5-8151-214655ce1a56@group-787F5BA3AA67, cid=1880, SUCCESS, logIndex=2742, commits[270584e6-a4a8-4db5-8151-214655ce1a56:c2744, af078b8b-61ec-497f-9506-472d46a72462:c2740, 09fb9ab4-1b8d-44c0-9f8c-50855c6f1fed:c2740]
2019-08-21 12:28:06,465 | INFO  | DNAudit | user=null | ip=null | op=PUT_BLOCK {blockData=[blockId=conID: 2 locID: 102654966919332372 bcsId: 0,size=2097152]} | ret=SUCCESS |  
2019-08-21 12:28:06,465 [grpc-default-executor-2] INFO  client.GrpcClientProtocolClient (GrpcClientProtocolClient.java:onNext(255)) - client-C954105195FD->270584e6-a4a8-4db5-8151-214655ce1a56: receive RaftClientReply:client-C954105195FD->270584e6-a4a8-4db5-8151-214655ce1a56@group-787F5BA3AA67, cid=1881, SUCCESS, logIndex=2743, commits[270584e6-a4a8-4db5-8151-214655ce1a56:c2744, af078b8b-61ec-497f-9506-472d46a72462:c2740, 09fb9ab4-1b8d-44c0-9f8c-50855c6f1fed:c2740]
2019-08-21 12:28:06,466 [grpc-default-executor-2] INFO  client.GrpcClientProtocolClient (GrpcClientProtocolClient.java:onNext(255)) - client-C954105195FD->270584e6-a4a8-4db5-8151-214655ce1a56: receive RaftClientReply:client-C954105195FD->270584e6-a4a8-4db5-8151-214655ce1a56@group-787F5BA3AA67, cid=1882, SUCCESS, logIndex=2744, commits[270584e6-a4a8-4db5-8151-214655ce1a56:c2744, af078b8b-61ec-497f-9506-472d46a72462:c2740, 09fb9ab4-1b8d-44c0-9f8c-50855c6f1fed:c2740]
2019-08-21 12:28:06,477 | INFO  | DNAudit | user=null | ip=null | op=WRITE_CHUNK {blockData=conID: 2 locID: 102654966919332372 bcsId: 0} | ret=SUCCESS |  
2019-08-21 12:28:06,477 | INFO  | DNAudit | user=null | ip=null | op=WRITE_CHUNK {blockData=conID: 2 locID: 102654966919332372 bcsId: 0} | ret=SUCCESS |  
2019-08-21 12:28:06,477 | INFO  | DNAudit | user=null | ip=null | op=PUT_BLOCK {blockData=[blockId=conID: 2 locID: 102654966919332372 bcsId: 0,size=1048576]} | ret=SUCCESS |  
2019-08-21 12:28:06,478 | INFO  | DNAudit | user=null | ip=null | op=WRITE_CHUNK {blockData=conID: 2 locID: 102654966919332372 bcsId: 0} | ret=SUCCESS |  
2019-08-21 12:28:06,478 | INFO  | DNAudit | user=null | ip=null | op=PUT_BLOCK {blockData=[blockId=conID: 2 locID: 102654966919332372 bcsId: 0,size=2097152]} | ret=SUCCESS |  
2019-08-21 12:28:06,478 | INFO  | DNAudit | user=null | ip=null | op=PUT_BLOCK {blockData=[blockId=conID: 2 locID: 102654966919332372 bcsId: 0,size=1048576]} | ret=SUCCESS |  
2019-08-21 12:28:06,478 | INFO  | DNAudit | user=null | ip=null | op=WRITE_CHUNK {blockData=conID: 2 locID: 102654966919332372 bcsId: 0} | ret=SUCCESS |  
2019-08-21 12:28:06,478 [grpc-default-executor-2] INFO  client.GrpcClientProtocolClient (GrpcClientProtocolClient.java:onNext(255)) - client-C954105195FD->270584e6-a4a8-4db5-8151-214655ce1a56: receive RaftClientReply:client-C954105195FD->270584e6-a4a8-4db5-8151-214655ce1a56@group-787F5BA3AA67, cid=1883, SUCCESS, logIndex=0, commits[270584e6-a4a8-4db5-8151-214655ce1a56:c2747, af078b8b-61ec-497f-9506-472d46a72462:c2744, 09fb9ab4-1b8d-44c0-9f8c-50855c6f1fed:c2742]
2019-08-21 12:28:06,479 | INFO  | DNAudit | user=null | ip=null | op=PUT_BLOCK {blockData=[blockId=conID: 2 locID: 102654966919332372 bcsId: 0,size=2097152]} | ret=SUCCESS |  
2019-08-21 12:28:06,486 | INFO  | DNAudit | user=null | ip=null | op=WRITE_CHUNK {blockData=conID: 2 locID: 102654966919332372 bcsId: 2744} | ret=SUCCESS |  
2019-08-21 12:28:06,489 | INFO  | DNAudit | user=null | ip=null | op=WRITE_CHUNK {blockData=conID: 2 locID: 102654966919332372 bcsId: 2744} | ret=SUCCESS |  
2019-08-21 12:28:06,490 | INFO  | DNAudit | user=null | ip=null | op=WRITE_CHUNK {blockData=conID: 2 locID: 102654966919332372 bcsId: 2744} | ret=SUCCESS |  
2019-08-21 12:28:06,499 | INFO  | DNAudit | user=null | ip=null | op=WRITE_CHUNK {blockData=conID: 2 locID: 102654966919332372 bcsId: 2744} | ret=SUCCESS |  
2019-08-21 12:28:06,499 | INFO  | DNAudit | user=null | ip=null | op=PUT_BLOCK {blockData=[blockId=conID: 2 locID: 102654966919332372 bcsId: 0,size=3145728]} | ret=SUCCESS |  
2019-08-21 12:28:06,500 [grpc-default-executor-2] INFO  client.GrpcClientProtocolClient (GrpcClientProtocolClient.java:onNext(255)) - client-C954105195FD->270584e6-a4a8-4db5-8151-214655ce1a56: receive RaftClientReply:client-C954105195FD->270584e6-a4a8-4db5-8151-214655ce1a56@group-787F5BA3AA67, cid=1884, SUCCESS, logIndex=2748, commits[270584e6-a4a8-4db5-8151-214655ce1a56:c2749, af078b8b-61ec-497f-9506-472d46a72462:c2747, 09fb9ab4-1b8d-44c0-9f8c-50855c6f1fed:c2747]
2019-08-21 12:28:06,500 [grpc-default-executor-5] INFO  client.GrpcClientProtocolClient (GrpcClientProtocolClient.java:onNext(255)) - client-C954105195FD->270584e6-a4a8-4db5-8151-214655ce1a56: receive RaftClientReply:client-C954105195FD->270584e6-a4a8-4db5-8151-214655ce1a56@group-787F5BA3AA67, cid=1885, SUCCESS, logIndex=2749, commits[270584e6-a4a8-4db5-8151-214655ce1a56:c2749, af078b8b-61ec-497f-9506-472d46a72462:c2747, 09fb9ab4-1b8d-44c0-9f8c-50855c6f1fed:c2747]
2019-08-21 12:28:06,507 | INFO  | DNAudit | user=null | ip=null | op=WRITE_CHUNK {blockData=conID: 2 locID: 102654966919332372 bcsId: 2749} | ret=SUCCESS |  
2019-08-21 12:28:06,510 | INFO  | DNAudit | user=null | ip=null | op=WRITE_CHUNK {blockData=conID: 2 locID: 102654966919332372 bcsId: 2749} | ret=SUCCESS |  
2019-08-21 12:28:06,511 | INFO  | DNAudit | user=null | ip=null | op=WRITE_CHUNK {blockData=conID: 2 locID: 102654966919332372 bcsId: 2749} | ret=SUCCESS |  
2019-08-21 12:28:06,512 | INFO  | DNAudit | user=null | ip=null | op=WRITE_CHUNK {blockData=conID: 2 locID: 102654966919332372 bcsId: 2744} | ret=SUCCESS |  
2019-08-21 12:28:06,512 | INFO  | DNAudit | user=null | ip=null | op=WRITE_CHUNK {blockData=conID: 2 locID: 102654966919332372 bcsId: 2744} | ret=SUCCESS |  
2019-08-21 12:28:06,525 | INFO  | DNAudit | user=null | ip=null | op=PUT_BLOCK {blockData=[blockId=conID: 2 locID: 102654966919332372 bcsId: 0,size=3145728]} | ret=SUCCESS |  
2019-08-21 12:28:06,525 | INFO  | DNAudit | user=null | ip=null | op=PUT_BLOCK {blockData=[blockId=conID: 2 locID: 102654966919332372 bcsId: 0,size=3145728]} | ret=SUCCESS |  
2019-08-21 12:28:06,526 | INFO  | DNAudit | user=null | ip=null | op=WRITE_CHUNK {blockData=conID: 2 locID: 102654966919332372 bcsId: 2749} | ret=SUCCESS |  
2019-08-21 12:28:06,526 | INFO  | DNAudit | user=null | ip=null | op=PUT_BLOCK {blockData=[blockId=conID: 2 locID: 102654966919332372 bcsId: 0,size=4194304]} | ret=SUCCESS |  
2019-08-21 12:28:06,526 [grpc-default-executor-2] INFO  client.GrpcClientProtocolClient (GrpcClientProtocolClient.java:onNext(255)) - client-C954105195FD->270584e6-a4a8-4db5-8151-214655ce1a56: receive RaftClientReply:client-C954105195FD->270584e6-a4a8-4db5-8151-214655ce1a56@group-787F5BA3AA67, cid=1886, SUCCESS, logIndex=2752, commits[270584e6-a4a8-4db5-8151-214655ce1a56:c2753, af078b8b-61ec-497f-9506-472d46a72462:c2749, 09fb9ab4-1b8d-44c0-9f8c-50855c6f1fed:c2749]
2019-08-21 12:28:06,527 [grpc-default-executor-2] INFO  client.GrpcClientProtocolClient (GrpcClientProtocolClient.java:onNext(255)) - client-C954105195FD->270584e6-a4a8-4db5-8151-214655ce1a56: receive RaftClientReply:client-C954105195FD->270584e6-a4a8-4db5-8151-214655ce1a56@group-787F5BA3AA67, cid=1887, SUCCESS, logIndex=2753, commits[270584e6-a4a8-4db5-8151-214655ce1a56:c2753, af078b8b-61ec-497f-9506-472d46a72462:c2749, 09fb9ab4-1b8d-44c0-9f8c-50855c6f1fed:c2749]
2019-08-21 12:28:06,538 | INFO  | DNAudit | user=null | ip=null | op=WRITE_CHUNK {blockData=conID: 2 locID: 102654966919332372 bcsId: 2749} | ret=SUCCESS |  
2019-08-21 12:28:06,538 | INFO  | DNAudit | user=null | ip=null | op=WRITE_CHUNK {blockData=conID: 2 locID: 102654966919332372 bcsId: 2749} | ret=SUCCESS |  
2019-08-21 12:28:06,538 | INFO  | DNAudit | user=null | ip=null | op=PUT_BLOCK {blockData=[blockId=conID: 2 locID: 102654966919332372 bcsId: 0,size=4194304]} | ret=SUCCESS |  
2019-08-21 12:28:06,538 | INFO  | DNAudit | user=null | ip=null | op=PUT_BLOCK {blockData=[blockId=conID: 2 locID: 102654966919332372 bcsId: 0,size=4194304]} | ret=SUCCESS |  
2019-08-21 12:28:06,538 [grpc-default-executor-2] INFO  client.GrpcClientProtocolClient (GrpcClientProtocolClient.java:onNext(255)) - client-C954105195FD->270584e6-a4a8-4db5-8151-214655ce1a56: receive RaftClientReply:client-C954105195FD->270584e6-a4a8-4db5-8151-214655ce1a56@group-787F5BA3AA67, cid=1888, SUCCESS, logIndex=0, commits[270584e6-a4a8-4db5-8151-214655ce1a56:c2754, af078b8b-61ec-497f-9506-472d46a72462:c2753, 09fb9ab4-1b8d-44c0-9f8c-50855c6f1fed:c2753]
2019-08-21 12:28:06,545 | INFO  | SCMAudit | user=jenkins1000 | ip=192.168.34.23 | op=ALLOCATE_BLOCK {owner=b79f83c9-5f7d-4caf-af30-78af34bc5eea, size=4194304, type=RATIS, factor=THREE} | ret=SUCCESS |  
2019-08-21 12:28:06,548 | INFO  | OMAudit | user=jenkins1000 | ip=127.0.0.1 | op=ALLOCATE_BLOCK {volume=vol-0-06517, bucket=bucket-0-64549, key=key-0-34512, dataSize=0, replicationType=null, replicationFactor=null, keyLocationInfo=null, clientID=102654965997830546} | ret=SUCCESS |  
2019-08-21 12:28:06,557 | INFO  | DNAudit | user=null | ip=null | op=WRITE_CHUNK {blockData=conID: 3 locID: 102654966926148117 bcsId: 0} | ret=SUCCESS |  
2019-08-21 12:28:06,560 | INFO  | DNAudit | user=null | ip=null | op=WRITE_CHUNK {blockData=conID: 3 locID: 102654966926148117 bcsId: 0} | ret=SUCCESS |  
2019-08-21 12:28:06,560 | INFO  | DNAudit | user=null | ip=null | op=WRITE_CHUNK {blockData=conID: 3 locID: 102654966926148117 bcsId: 0} | ret=SUCCESS |  
2019-08-21 12:28:06,560 | INFO  | DNAudit | user=null | ip=null | op=WRITE_CHUNK {blockData=conID: 3 locID: 102654966926148117 bcsId: 0} | ret=SUCCESS |  
2019-08-21 12:28:06,562 | INFO  | DNAudit | user=null | ip=null | op=WRITE_CHUNK {blockData=conID: 3 locID: 102654966926148117 bcsId: 0} | ret=SUCCESS |  
2019-08-21 12:28:06,563 | INFO  | DNAudit | user=null | ip=null | op=PUT_BLOCK {blockData=[blockId=conID: 3 locID: 102654966926148117 bcsId: 0,size=1048576]} | ret=SUCCESS |  
2019-08-21 12:28:06,563 [grpc-default-executor-2] INFO  client.GrpcClientProtocolClient (GrpcClientProtocolClient.java:onNext(255)) - client-C954105195FD->270584e6-a4a8-4db5-8151-214655ce1a56: receive RaftClientReply:client-C954105195FD->270584e6-a4a8-4db5-8151-214655ce1a56@group-787F5BA3AA67, cid=1889, SUCCESS, logIndex=2756, commits[270584e6-a4a8-4db5-8151-214655ce1a56:c2757, af078b8b-61ec-497f-9506-472d46a72462:c2755, 09fb9ab4-1b8d-44c0-9f8c-50855c6f1fed:c2753]
2019-08-21 12:28:06,563 | INFO  | DNAudit | user=null | ip=null | op=WRITE_CHUNK {blockData=conID: 3 locID: 102654966926148117 bcsId: 0} | ret=SUCCESS |  
2019-08-21 12:28:06,563 | INFO  | DNAudit | user=null | ip=null | op=WRITE_CHUNK {blockData=conID: 3 locID: 102654966926148117 bcsId: 0} | ret=SUCCESS |  
2019-08-21 12:28:06,563 [grpc-default-executor-2] INFO  client.GrpcClientProtocolClient (GrpcClientProtocolClient.java:onNext(255)) - client-C954105195FD->270584e6-a4a8-4db5-8151-214655ce1a56: receive RaftClientReply:client-C954105195FD->270584e6-a4a8-4db5-8151-214655ce1a56@group-787F5BA3AA67, cid=1890, SUCCESS, logIndex=2757, commits[270584e6-a4a8-4db5-8151-214655ce1a56:c2757, af078b8b-61ec-497f-9506-472d46a72462:c2755, 09fb9ab4-1b8d-44c0-9f8c-50855c6f1fed:c2755]
2019-08-21 12:28:06,565 | INFO  | DNAudit | user=null | ip=null | op=WRITE_CHUNK {blockData=conID: 3 locID: 102654966926148117 bcsId: 0} | ret=SUCCESS |  
2019-08-21 12:28:06,565 | INFO  | DNAudit | user=null | ip=null | op=WRITE_CHUNK {blockData=conID: 3 locID: 102654966926148117 bcsId: 0} | ret=SUCCESS |  
2019-08-21 12:28:06,565 | INFO  | DNAudit | user=null | ip=null | op=PUT_BLOCK {blockData=[blockId=conID: 3 locID: 102654966926148117 bcsId: 0,size=1048576]} | ret=SUCCESS |  
2019-08-21 12:28:06,566 | INFO  | DNAudit | user=null | ip=null | op=WRITE_CHUNK {blockData=conID: 3 locID: 102654966926148117 bcsId: 0} | ret=SUCCESS |  
2019-08-21 12:28:06,566 | INFO  | DNAudit | user=null | ip=null | op=PUT_BLOCK {blockData=[blockId=conID: 3 locID: 102654966926148117 bcsId: 0,size=2097152]} | ret=SUCCESS |  
2019-08-21 12:28:06,566 | INFO  | DNAudit | user=null | ip=null | op=PUT_BLOCK {blockData=[blockId=conID: 3 locID: 102654966926148117 bcsId: 0,size=1048576]} | ret=SUCCESS |  
2019-08-21 12:28:06,566 [grpc-default-executor-2] INFO  client.GrpcClientProtocolClient (GrpcClientProtocolClient.java:onNext(255)) - client-C954105195FD->270584e6-a4a8-4db5-8151-214655ce1a56: receive RaftClientReply:client-C954105195FD->270584e6-a4a8-4db5-8151-214655ce1a56@group-787F5BA3AA67, cid=1891, SUCCESS, logIndex=2758, commits[270584e6-a4a8-4db5-8151-214655ce1a56:c2760, af078b8b-61ec-497f-9506-472d46a72462:c2755, 09fb9ab4-1b8d-44c0-9f8c-50855c6f1fed:c2756]
2019-08-21 12:28:06,566 [grpc-default-executor-2] INFO  client.GrpcClientProtocolClient (GrpcClientProtocolClient.java:onNext(255)) - client-C954105195FD->270584e6-a4a8-4db5-8151-214655ce1a56: receive RaftClientReply:client-C954105195FD->270584e6-a4a8-4db5-8151-214655ce1a56@group-787F5BA3AA67, cid=1892, SUCCESS, logIndex=2759, commits[270584e6-a4a8-4db5-8151-214655ce1a56:c2761, af078b8b-61ec-497f-9506-472d46a72462:c2757, 09fb9ab4-1b8d-44c0-9f8c-50855c6f1fed:c2757]
2019-08-21 12:28:06,568 | INFO  | DNAudit | user=null | ip=null | op=WRITE_CHUNK {blockData=conID: 3 locID: 102654966926148117 bcsId: 0} | ret=SUCCESS |  
2019-08-21 12:28:06,568 | INFO  | DNAudit | user=null | ip=null | op=WRITE_CHUNK {blockData=conID: 3 locID: 102654966926148117 bcsId: 0} | ret=SUCCESS |  
2019-08-21 12:28:06,569 | INFO  | DNAudit | user=null | ip=null | op=PUT_BLOCK {blockData=[blockId=conID: 3 locID: 102654966926148117 bcsId: 0,size=2097152]} | ret=SUCCESS |  
2019-08-21 12:28:06,570 | INFO  | DNAudit | user=null | ip=null | op=PUT_BLOCK {blockData=[blockId=conID: 3 locID: 102654966926148117 bcsId: 0,size=2097152]} | ret=SUCCESS |  
2019-08-21 12:28:06,574 | INFO  | DNAudit | user=null | ip=null | op=WRITE_CHUNK {blockData=conID: 3 locID: 102654966926148117 bcsId: 2759} | ret=SUCCESS |  
2019-08-21 12:28:06,576 | INFO  | DNAudit | user=null | ip=null | op=WRITE_CHUNK {blockData=conID: 3 locID: 102654966926148117 bcsId: 2759} | ret=SUCCESS |  
2019-08-21 12:28:06,577 | INFO  | DNAudit | user=null | ip=null | op=WRITE_CHUNK {blockData=conID: 3 locID: 102654966926148117 bcsId: 2759} | ret=SUCCESS |  
2019-08-21 12:28:06,579 | INFO  | DNAudit | user=null | ip=null | op=WRITE_CHUNK {blockData=conID: 3 locID: 102654966926148117 bcsId: 2759} | ret=SUCCESS |  
2019-08-21 12:28:06,580 | INFO  | DNAudit | user=null | ip=null | op=PUT_BLOCK {blockData=[blockId=conID: 3 locID: 102654966926148117 bcsId: 0,size=3145728]} | ret=SUCCESS |  
2019-08-21 12:28:06,580 [grpc-default-executor-2] INFO  client.GrpcClientProtocolClient (GrpcClientProtocolClient.java:onNext(255)) - client-C954105195FD->270584e6-a4a8-4db5-8151-214655ce1a56: receive RaftClientReply:client-C954105195FD->270584e6-a4a8-4db5-8151-214655ce1a56@group-787F5BA3AA67, cid=1893, SUCCESS, logIndex=2764, commits[270584e6-a4a8-4db5-8151-214655ce1a56:c2765, af078b8b-61ec-497f-9506-472d46a72462:c2763, 09fb9ab4-1b8d-44c0-9f8c-50855c6f1fed:c2759]
2019-08-21 12:28:06,580 [grpc-default-executor-2] INFO  client.GrpcClientProtocolClient (GrpcClientProtocolClient.java:onNext(255)) - client-C954105195FD->270584e6-a4a8-4db5-8151-214655ce1a56: receive RaftClientReply:client-C954105195FD->270584e6-a4a8-4db5-8151-214655ce1a56@group-787F5BA3AA67, cid=1894, SUCCESS, logIndex=2765, commits[270584e6-a4a8-4db5-8151-214655ce1a56:c2765, af078b8b-61ec-497f-9506-472d46a72462:c2763, 09fb9ab4-1b8d-44c0-9f8c-50855c6f1fed:c2763]
2019-08-21 12:28:06,581 | INFO  | DNAudit | user=null | ip=null | op=WRITE_CHUNK {blockData=conID: 3 locID: 102654966926148117 bcsId: 2759} | ret=SUCCESS |  
2019-08-21 12:28:06,581 | INFO  | DNAudit | user=null | ip=null | op=PUT_BLOCK {blockData=[blockId=conID: 3 locID: 102654966926148117 bcsId: 0,size=3145728]} | ret=SUCCESS |  
2019-08-21 12:28:06,582 | INFO  | DNAudit | user=null | ip=null | op=WRITE_CHUNK {blockData=conID: 3 locID: 102654966926148117 bcsId: 2759} | ret=SUCCESS |  
2019-08-21 12:28:06,582 | INFO  | DNAudit | user=null | ip=null | op=PUT_BLOCK {blockData=[blockId=conID: 3 locID: 102654966926148117 bcsId: 0,size=3145728]} | ret=SUCCESS |  
2019-08-21 12:28:06,587 | INFO  | DNAudit | user=null | ip=null | op=WRITE_CHUNK {blockData=conID: 3 locID: 102654966926148117 bcsId: 2765} | ret=SUCCESS |  
2019-08-21 12:28:06,590 | INFO  | DNAudit | user=null | ip=null | op=WRITE_CHUNK {blockData=conID: 3 locID: 102654966926148117 bcsId: 2765} | ret=SUCCESS |  
2019-08-21 12:28:06,590 | INFO  | DNAudit | user=null | ip=null | op=WRITE_CHUNK {blockData=conID: 3 locID: 102654966926148117 bcsId: 2765} | ret=SUCCESS |  
2019-08-21 12:28:06,610 | INFO  | DNAudit | user=null | ip=null | op=WRITE_CHUNK {blockData=conID: 3 locID: 102654966926148117 bcsId: 2765} | ret=SUCCESS |  
2019-08-21 12:28:06,611 | INFO  | DNAudit | user=null | ip=null | op=PUT_BLOCK {blockData=[blockId=conID: 3 locID: 102654966926148117 bcsId: 0,size=4194304]} | ret=SUCCESS |  
2019-08-21 12:28:06,611 [grpc-default-executor-1] INFO  client.GrpcClientProtocolClient (GrpcClientProtocolClient.java:onNext(255)) - client-C954105195FD->270584e6-a4a8-4db5-8151-214655ce1a56: receive RaftClientReply:client-C954105195FD->270584e6-a4a8-4db5-8151-214655ce1a56@group-787F5BA3AA67, cid=1895, SUCCESS, logIndex=2768, commits[270584e6-a4a8-4db5-8151-214655ce1a56:c2769, af078b8b-61ec-497f-9506-472d46a72462:c2767, 09fb9ab4-1b8d-44c0-9f8c-50855c6f1fed:c2767]
2019-08-21 12:28:06,611 [grpc-default-executor-1] INFO  client.GrpcClientProtocolClient (GrpcClientProtocolClient.java:onNext(255)) - client-C954105195FD->270584e6-a4a8-4db5-8151-214655ce1a56: receive RaftClientReply:client-C954105195FD->270584e6-a4a8-4db5-8151-214655ce1a56@group-787F5BA3AA67, cid=1896, SUCCESS, logIndex=2769, commits[270584e6-a4a8-4db5-8151-214655ce1a56:c2769, af078b8b-61ec-497f-9506-472d46a72462:c2767, 09fb9ab4-1b8d-44c0-9f8c-50855c6f1fed:c2767]
2019-08-21 12:28:06,622 | INFO  | DNAudit | user=null | ip=null | op=WRITE_CHUNK {blockData=conID: 3 locID: 102654966926148117 bcsId: 2765} | ret=SUCCESS |  
2019-08-21 12:28:06,622 | INFO  | DNAudit | user=null | ip=null | op=WRITE_CHUNK {blockData=conID: 3 locID: 102654966926148117 bcsId: 2765} | ret=SUCCESS |  
2019-08-21 12:28:06,622 | INFO  | DNAudit | user=null | ip=null | op=PUT_BLOCK {blockData=[blockId=conID: 3 locID: 102654966926148117 bcsId: 0,size=4194304]} | ret=SUCCESS |  
2019-08-21 12:28:06,624 | INFO  | DNAudit | user=null | ip=null | op=PUT_BLOCK {blockData=[blockId=conID: 3 locID: 102654966926148117 bcsId: 0,size=4194304]} | ret=SUCCESS |  
2019-08-21 12:28:06,625 [grpc-default-executor-1] INFO  client.GrpcClientProtocolClient (GrpcClientProtocolClient.java:onNext(255)) - client-C954105195FD->270584e6-a4a8-4db5-8151-214655ce1a56: receive RaftClientReply:client-C954105195FD->270584e6-a4a8-4db5-8151-214655ce1a56@group-787F5BA3AA67, cid=1897, SUCCESS, logIndex=0, commits[270584e6-a4a8-4db5-8151-214655ce1a56:c2771, af078b8b-61ec-497f-9506-472d46a72462:c2769, 09fb9ab4-1b8d-44c0-9f8c-50855c6f1fed:c2769]
2019-08-21 12:28:06,631 | INFO  | SCMAudit | user=jenkins1000 | ip=192.168.34.23 | op=ALLOCATE_BLOCK {owner=b79f83c9-5f7d-4caf-af30-78af34bc5eea, size=4194304, type=RATIS, factor=THREE} | ret=SUCCESS |  
2019-08-21 12:28:06,635 | INFO  | OMAudit | user=jenkins1000 | ip=127.0.0.1 | op=ALLOCATE_BLOCK {volume=vol-0-06517, bucket=bucket-0-64549, key=key-0-34512, dataSize=0, replicationType=null, replicationFactor=null, keyLocationInfo=null, clientID=102654965997830546} | ret=SUCCESS |  
2019-08-21 12:28:06,643 | INFO  | DNAudit | user=null | ip=null | op=WRITE_CHUNK {blockData=conID: 1 locID: 102654966931849750 bcsId: 0} | ret=SUCCESS |  
2019-08-21 12:28:06,646 | INFO  | DNAudit | user=null | ip=null | op=WRITE_CHUNK {blockData=conID: 1 locID: 102654966931849750 bcsId: 0} | ret=SUCCESS |  
2019-08-21 12:28:06,647 | INFO  | DNAudit | user=null | ip=null | op=WRITE_CHUNK {blockData=conID: 1 locID: 102654966931849750 bcsId: 0} | ret=SUCCESS |  
2019-08-21 12:28:06,647 | INFO  | DNAudit | user=null | ip=null | op=WRITE_CHUNK {blockData=conID: 1 locID: 102654966931849750 bcsId: 0} | ret=SUCCESS |  
2019-08-21 12:28:06,649 | INFO  | DNAudit | user=null | ip=null | op=WRITE_CHUNK {blockData=conID: 1 locID: 102654966931849750 bcsId: 0} | ret=SUCCESS |  
2019-08-21 12:28:06,650 | INFO  | DNAudit | user=null | ip=null | op=WRITE_CHUNK {blockData=conID: 1 locID: 102654966931849750 bcsId: 0} | ret=SUCCESS |  
2019-08-21 12:28:06,655 | INFO  | DNAudit | user=null | ip=null | op=WRITE_CHUNK {blockData=conID: 1 locID: 102654966931849750 bcsId: 0} | ret=SUCCESS |  
2019-08-21 12:28:06,656 | INFO  | DNAudit | user=null | ip=null | op=PUT_BLOCK {blockData=[blockId=conID: 1 locID: 102654966931849750 bcsId: 0,size=1048576]} | ret=SUCCESS |  
2019-08-21 12:28:06,656 [grpc-default-executor-4] INFO  client.GrpcClientProtocolClient (GrpcClientProtocolClient.java:onNext(255)) - client-C954105195FD->270584e6-a4a8-4db5-8151-214655ce1a56: receive RaftClientReply:client-C954105195FD->270584e6-a4a8-4db5-8151-214655ce1a56@group-787F5BA3AA67, cid=1898, SUCCESS, logIndex=2772, commits[270584e6-a4a8-4db5-8151-214655ce1a56:c2773, af078b8b-61ec-497f-9506-472d46a72462:c2771, 09fb9ab4-1b8d-44c0-9f8c-50855c6f1fed:c2771]
2019-08-21 12:28:06,657 | INFO  | DNAudit | user=null | ip=null | op=WRITE_CHUNK {blockData=conID: 1 locID: 102654966931849750 bcsId: 0} | ret=SUCCESS |  
2019-08-21 12:28:06,657 | INFO  | DNAudit | user=null | ip=null | op=PUT_BLOCK {blockData=[blockId=conID: 1 locID: 102654966931849750 bcsId: 0,size=2097152]} | ret=SUCCESS |  
2019-08-21 12:28:06,657 | INFO  | DNAudit | user=null | ip=null | op=WRITE_CHUNK {blockData=conID: 1 locID: 102654966931849750 bcsId: 0} | ret=SUCCESS |  
2019-08-21 12:28:06,657 [grpc-default-executor-4] INFO  client.GrpcClientProtocolClient (GrpcClientProtocolClient.java:onNext(255)) - client-C954105195FD->270584e6-a4a8-4db5-8151-214655ce1a56: receive RaftClientReply:client-C954105195FD->270584e6-a4a8-4db5-8151-214655ce1a56@group-787F5BA3AA67, cid=1899, SUCCESS, logIndex=2773, commits[270584e6-a4a8-4db5-8151-214655ce1a56:c2775, af078b8b-61ec-497f-9506-472d46a72462:c2771, 09fb9ab4-1b8d-44c0-9f8c-50855c6f1fed:c2771]
2019-08-21 12:28:06,657 | INFO  | DNAudit | user=null | ip=null | op=PUT_BLOCK {blockData=[blockId=conID: 1 locID: 102654966931849750 bcsId: 0,size=1048576]} | ret=SUCCESS |  
2019-08-21 12:28:06,657 [grpc-default-executor-4] INFO  client.GrpcClientProtocolClient (GrpcClientProtocolClient.java:onNext(255)) - client-C954105195FD->270584e6-a4a8-4db5-8151-214655ce1a56: receive RaftClientReply:client-C954105195FD->270584e6-a4a8-4db5-8151-214655ce1a56@group-787F5BA3AA67, cid=1900, SUCCESS, logIndex=2774, commits[270584e6-a4a8-4db5-8151-214655ce1a56:c2775, af078b8b-61ec-497f-9506-472d46a72462:c2771, 09fb9ab4-1b8d-44c0-9f8c-50855c6f1fed:c2771]
2019-08-21 12:28:06,658 [grpc-default-executor-1] INFO  client.GrpcClientProtocolClient (GrpcClientProtocolClient.java:onNext(255)) - client-C954105195FD->270584e6-a4a8-4db5-8151-214655ce1a56: receive RaftClientReply:client-C954105195FD->270584e6-a4a8-4db5-8151-214655ce1a56@group-787F5BA3AA67, cid=1901, SUCCESS, logIndex=2775, commits[270584e6-a4a8-4db5-8151-214655ce1a56:c2776, af078b8b-61ec-497f-9506-472d46a72462:c2771, 09fb9ab4-1b8d-44c0-9f8c-50855c6f1fed:c2772]
2019-08-21 12:28:06,658 | INFO  | DNAudit | user=null | ip=null | op=WRITE_CHUNK {blockData=conID: 1 locID: 102654966931849750 bcsId: 0} | ret=SUCCESS |  
2019-08-21 12:28:06,659 | INFO  | DNAudit | user=null | ip=null | op=PUT_BLOCK {blockData=[blockId=conID: 1 locID: 102654966931849750 bcsId: 0,size=1048576]} | ret=SUCCESS |  
2019-08-21 12:28:06,659 | INFO  | DNAudit | user=null | ip=null | op=WRITE_CHUNK {blockData=conID: 1 locID: 102654966931849750 bcsId: 0} | ret=SUCCESS |  
2019-08-21 12:28:06,659 [grpc-default-executor-1] INFO  client.GrpcClientProtocolClient (GrpcClientProtocolClient.java:onNext(255)) - client-C954105195FD->270584e6-a4a8-4db5-8151-214655ce1a56: receive RaftClientReply:client-C954105195FD->270584e6-a4a8-4db5-8151-214655ce1a56@group-787F5BA3AA67, cid=1902, SUCCESS, logIndex=0, commits[270584e6-a4a8-4db5-8151-214655ce1a56:c2777, af078b8b-61ec-497f-9506-472d46a72462:c2775, 09fb9ab4-1b8d-44c0-9f8c-50855c6f1fed:c2773]
2019-08-21 12:28:06,659 | INFO  | DNAudit | user=null | ip=null | op=WRITE_CHUNK {blockData=conID: 1 locID: 102654966931849750 bcsId: 0} | ret=SUCCESS |  
2019-08-21 12:28:06,659 | INFO  | DNAudit | user=null | ip=null | op=PUT_BLOCK {blockData=[blockId=conID: 1 locID: 102654966931849750 bcsId: 0,size=2097152]} | ret=SUCCESS |  
2019-08-21 12:28:06,659 | INFO  | DNAudit | user=null | ip=null | op=PUT_BLOCK {blockData=[blockId=conID: 1 locID: 102654966931849750 bcsId: 0,size=2097152]} | ret=SUCCESS |  
2019-08-21 12:28:06,667 | INFO  | DNAudit | user=null | ip=null | op=WRITE_CHUNK {blockData=conID: 1 locID: 102654966931849750 bcsId: 2775} | ret=SUCCESS |  
2019-08-21 12:28:06,670 | INFO  | DNAudit | user=null | ip=null | op=WRITE_CHUNK {blockData=conID: 1 locID: 102654966931849750 bcsId: 2775} | ret=SUCCESS |  
2019-08-21 12:28:06,670 | INFO  | DNAudit | user=null | ip=null | op=WRITE_CHUNK {blockData=conID: 1 locID: 102654966931849750 bcsId: 2775} | ret=SUCCESS |  
2019-08-21 12:28:06,680 | INFO  | DNAudit | user=null | ip=null | op=WRITE_CHUNK {blockData=conID: 1 locID: 102654966931849750 bcsId: 2775} | ret=SUCCESS |  
2019-08-21 12:28:06,681 | INFO  | DNAudit | user=null | ip=null | op=PUT_BLOCK {blockData=[blockId=conID: 1 locID: 102654966931849750 bcsId: 0,size=3145728]} | ret=SUCCESS |  
2019-08-21 12:28:06,681 [grpc-default-executor-1] INFO  client.GrpcClientProtocolClient (GrpcClientProtocolClient.java:onNext(255)) - client-C954105195FD->270584e6-a4a8-4db5-8151-214655ce1a56: receive RaftClientReply:client-C954105195FD->270584e6-a4a8-4db5-8151-214655ce1a56@group-787F5BA3AA67, cid=1903, SUCCESS, logIndex=2780, commits[270584e6-a4a8-4db5-8151-214655ce1a56:c2781, af078b8b-61ec-497f-9506-472d46a72462:c2779, 09fb9ab4-1b8d-44c0-9f8c-50855c6f1fed:c2779]
2019-08-21 12:28:06,681 [grpc-default-executor-1] INFO  client.GrpcClientProtocolClient (GrpcClientProtocolClient.java:onNext(255)) - client-C954105195FD->270584e6-a4a8-4db5-8151-214655ce1a56: receive RaftClientReply:client-C954105195FD->270584e6-a4a8-4db5-8151-214655ce1a56@group-787F5BA3AA67, cid=1904, SUCCESS, logIndex=2781, commits[270584e6-a4a8-4db5-8151-214655ce1a56:c2781, af078b8b-61ec-497f-9506-472d46a72462:c2779, 09fb9ab4-1b8d-44c0-9f8c-50855c6f1fed:c2779]
2019-08-21 12:28:06,687 | INFO  | DNAudit | user=null | ip=null | op=WRITE_CHUNK {blockData=conID: 1 locID: 102654966931849750 bcsId: 2781} | ret=SUCCESS |  
2019-08-21 12:28:06,690 | INFO  | DNAudit | user=null | ip=null | op=WRITE_CHUNK {blockData=conID: 1 locID: 102654966931849750 bcsId: 2781} | ret=SUCCESS |  
2019-08-21 12:28:06,690 | INFO  | DNAudit | user=null | ip=null | op=WRITE_CHUNK {blockData=conID: 1 locID: 102654966931849750 bcsId: 2781} | ret=SUCCESS |  
2019-08-21 12:28:06,691 | INFO  | DNAudit | user=null | ip=null | op=WRITE_CHUNK {blockData=conID: 1 locID: 102654966931849750 bcsId: 2775} | ret=SUCCESS |  
2019-08-21 12:28:06,691 | INFO  | DNAudit | user=null | ip=null | op=WRITE_CHUNK {blockData=conID: 1 locID: 102654966931849750 bcsId: 2775} | ret=SUCCESS |  
2019-08-21 12:28:06,694 | INFO  | DNAudit | user=null | ip=null | op=PUT_BLOCK {blockData=[blockId=conID: 1 locID: 102654966931849750 bcsId: 0,size=3145728]} | ret=SUCCESS |  
2019-08-21 12:28:06,694 | INFO  | DNAudit | user=null | ip=null | op=PUT_BLOCK {blockData=[blockId=conID: 1 locID: 102654966931849750 bcsId: 0,size=3145728]} | ret=SUCCESS |  
2019-08-21 12:28:06,695 | INFO  | DNAudit | user=null | ip=null | op=WRITE_CHUNK {blockData=conID: 1 locID: 102654966931849750 bcsId: 2781} | ret=SUCCESS |  
2019-08-21 12:28:06,695 | INFO  | DNAudit | user=null | ip=null | op=PUT_BLOCK {blockData=[blockId=conID: 1 locID: 102654966931849750 bcsId: 0,size=4194304]} | ret=SUCCESS |  
2019-08-21 12:28:06,695 [grpc-default-executor-2] INFO  client.GrpcClientProtocolClient (GrpcClientProtocolClient.java:onNext(255)) - client-C954105195FD->270584e6-a4a8-4db5-8151-214655ce1a56: receive RaftClientReply:client-C954105195FD->270584e6-a4a8-4db5-8151-214655ce1a56@group-787F5BA3AA67, cid=1905, SUCCESS, logIndex=2784, commits[270584e6-a4a8-4db5-8151-214655ce1a56:c2785, af078b8b-61ec-497f-9506-472d46a72462:c2781, 09fb9ab4-1b8d-44c0-9f8c-50855c6f1fed:c2781]
2019-08-21 12:28:06,696 [grpc-default-executor-2] INFO  client.GrpcClientProtocolClient (GrpcClientProtocolClient.java:onNext(255)) - client-C954105195FD->270584e6-a4a8-4db5-8151-214655ce1a56: receive RaftClientReply:client-C954105195FD->270584e6-a4a8-4db5-8151-214655ce1a56@group-787F5BA3AA67, cid=1906, SUCCESS, logIndex=2785, commits[270584e6-a4a8-4db5-8151-214655ce1a56:c2785, af078b8b-61ec-497f-9506-472d46a72462:c2781, 09fb9ab4-1b8d-44c0-9f8c-50855c6f1fed:c2781]
2019-08-21 12:28:06,706 | INFO  | DNAudit | user=null | ip=null | op=WRITE_CHUNK {blockData=conID: 1 locID: 102654966931849750 bcsId: 2781} | ret=SUCCESS |  
2019-08-21 12:28:06,707 | INFO  | DNAudit | user=null | ip=null | op=WRITE_CHUNK {blockData=conID: 1 locID: 102654966931849750 bcsId: 2781} | ret=SUCCESS |  
2019-08-21 12:28:06,709 | INFO  | DNAudit | user=null | ip=null | op=PUT_BLOCK {blockData=[blockId=conID: 1 locID: 102654966931849750 bcsId: 0,size=4194304]} | ret=SUCCESS |  
2019-08-21 12:28:06,709 | INFO  | DNAudit | user=null | ip=null | op=PUT_BLOCK {blockData=[blockId=conID: 1 locID: 102654966931849750 bcsId: 0,size=4194304]} | ret=SUCCESS |  
2019-08-21 12:28:06,710 [grpc-default-executor-2] INFO  client.GrpcClientProtocolClient (GrpcClientProtocolClient.java:onNext(255)) - client-C954105195FD->270584e6-a4a8-4db5-8151-214655ce1a56: receive RaftClientReply:client-C954105195FD->270584e6-a4a8-4db5-8151-214655ce1a56@group-787F5BA3AA67, cid=1907, SUCCESS, logIndex=0, commits[270584e6-a4a8-4db5-8151-214655ce1a56:c2787, af078b8b-61ec-497f-9506-472d46a72462:c2785, 09fb9ab4-1b8d-44c0-9f8c-50855c6f1fed:c2785]
2019-08-21 12:28:06,716 | INFO  | SCMAudit | user=jenkins1000 | ip=192.168.34.23 | op=ALLOCATE_BLOCK {owner=b79f83c9-5f7d-4caf-af30-78af34bc5eea, size=4194304, type=RATIS, factor=THREE} | ret=SUCCESS |  
2019-08-21 12:28:06,719 | INFO  | OMAudit | user=jenkins1000 | ip=127.0.0.1 | op=ALLOCATE_BLOCK {volume=vol-0-06517, bucket=bucket-0-64549, key=key-0-34512, dataSize=0, replicationType=null, replicationFactor=null, keyLocationInfo=null, clientID=102654965997830546} | ret=SUCCESS |  
2019-08-21 12:28:06,727 | INFO  | DNAudit | user=null | ip=null | op=WRITE_CHUNK {blockData=conID: 2 locID: 102654966937420311 bcsId: 0} | ret=SUCCESS |  
2019-08-21 12:28:06,730 | INFO  | DNAudit | user=null | ip=null | op=WRITE_CHUNK {blockData=conID: 2 locID: 102654966937420311 bcsId: 0} | ret=SUCCESS |  
2019-08-21 12:28:06,730 | INFO  | DNAudit | user=null | ip=null | op=WRITE_CHUNK {blockData=conID: 2 locID: 102654966937420311 bcsId: 0} | ret=SUCCESS |  
2019-08-21 12:28:06,731 | INFO  | DNAudit | user=null | ip=null | op=WRITE_CHUNK {blockData=conID: 2 locID: 102654966937420311 bcsId: 0} | ret=SUCCESS |  
2019-08-21 12:28:06,733 | INFO  | DNAudit | user=null | ip=null | op=WRITE_CHUNK {blockData=conID: 2 locID: 102654966937420311 bcsId: 0} | ret=SUCCESS |  
2019-08-21 12:28:06,734 | INFO  | DNAudit | user=null | ip=null | op=WRITE_CHUNK {blockData=conID: 2 locID: 102654966937420311 bcsId: 0} | ret=SUCCESS |  
2019-08-21 12:28:06,740 | INFO  | DNAudit | user=null | ip=null | op=WRITE_CHUNK {blockData=conID: 2 locID: 102654966937420311 bcsId: 0} | ret=SUCCESS |  
2019-08-21 12:28:06,743 | INFO  | DNAudit | user=null | ip=null | op=PUT_BLOCK {blockData=[blockId=conID: 2 locID: 102654966937420311 bcsId: 0,size=1048576]} | ret=SUCCESS |  
2019-08-21 12:28:06,744 | INFO  | DNAudit | user=null | ip=null | op=WRITE_CHUNK {blockData=conID: 2 locID: 102654966937420311 bcsId: 0} | ret=SUCCESS |  
2019-08-21 12:28:06,744 [grpc-default-executor-1] INFO  client.GrpcClientProtocolClient (GrpcClientProtocolClient.java:onNext(255)) - client-C954105195FD->270584e6-a4a8-4db5-8151-214655ce1a56: receive RaftClientReply:client-C954105195FD->270584e6-a4a8-4db5-8151-214655ce1a56@group-787F5BA3AA67, cid=1908, SUCCESS, logIndex=2788, commits[270584e6-a4a8-4db5-8151-214655ce1a56:c2788, af078b8b-61ec-497f-9506-472d46a72462:c2787, 09fb9ab4-1b8d-44c0-9f8c-50855c6f1fed:c2785]
2019-08-21 12:28:06,744 | INFO  | DNAudit | user=null | ip=null | op=PUT_BLOCK {blockData=[blockId=conID: 2 locID: 102654966937420311 bcsId: 0,size=2097152]} | ret=SUCCESS |  
2019-08-21 12:28:06,744 [grpc-default-executor-1] INFO  client.GrpcClientProtocolClient (GrpcClientProtocolClient.java:onNext(255)) - client-C954105195FD->270584e6-a4a8-4db5-8151-214655ce1a56: receive RaftClientReply:client-C954105195FD->270584e6-a4a8-4db5-8151-214655ce1a56@group-787F5BA3AA67, cid=1909, SUCCESS, logIndex=2789, commits[270584e6-a4a8-4db5-8151-214655ce1a56:c2789, af078b8b-61ec-497f-9506-472d46a72462:c2787, 09fb9ab4-1b8d-44c0-9f8c-50855c6f1fed:c2787]
2019-08-21 12:28:06,745 [grpc-default-executor-1] INFO  client.GrpcClientProtocolClient (GrpcClientProtocolClient.java:onNext(255)) - client-C954105195FD->270584e6-a4a8-4db5-8151-214655ce1a56: receive RaftClientReply:client-C954105195FD->270584e6-a4a8-4db5-8151-214655ce1a56@group-787F5BA3AA67, cid=1910, SUCCESS, logIndex=2790, commits[270584e6-a4a8-4db5-8151-214655ce1a56:c2790, af078b8b-61ec-497f-9506-472d46a72462:c2787, 09fb9ab4-1b8d-44c0-9f8c-50855c6f1fed:c2787]
2019-08-21 12:28:06,746 [grpc-default-executor-1] INFO  client.GrpcClientProtocolClient (GrpcClientProtocolClient.java:onNext(255)) - client-C954105195FD->270584e6-a4a8-4db5-8151-214655ce1a56: receive RaftClientReply:client-C954105195FD->270584e6-a4a8-4db5-8151-214655ce1a56@group-787F5BA3AA67, cid=1911, SUCCESS, logIndex=2791, commits[270584e6-a4a8-4db5-8151-214655ce1a56:c2791, af078b8b-61ec-497f-9506-472d46a72462:c2787, 09fb9ab4-1b8d-44c0-9f8c-50855c6f1fed:c2787]
2019-08-21 12:28:06,755 | INFO  | DNAudit | user=null | ip=null | op=WRITE_CHUNK {blockData=conID: 2 locID: 102654966937420311 bcsId: 0} | ret=SUCCESS |  
2019-08-21 12:28:06,755 | INFO  | DNAudit | user=null | ip=null | op=WRITE_CHUNK {blockData=conID: 2 locID: 102654966937420311 bcsId: 0} | ret=SUCCESS |  
2019-08-21 12:28:06,756 | INFO  | DNAudit | user=null | ip=null | op=PUT_BLOCK {blockData=[blockId=conID: 2 locID: 102654966937420311 bcsId: 0,size=1048576]} | ret=SUCCESS |  
2019-08-21 12:28:06,756 | INFO  | DNAudit | user=null | ip=null | op=PUT_BLOCK {blockData=[blockId=conID: 2 locID: 102654966937420311 bcsId: 0,size=1048576]} | ret=SUCCESS |  
2019-08-21 12:28:06,756 | INFO  | DNAudit | user=null | ip=null | op=WRITE_CHUNK {blockData=conID: 2 locID: 102654966937420311 bcsId: 0} | ret=SUCCESS |  
2019-08-21 12:28:06,756 | INFO  | DNAudit | user=null | ip=null | op=WRITE_CHUNK {blockData=conID: 2 locID: 102654966937420311 bcsId: 0} | ret=SUCCESS |  
2019-08-21 12:28:06,756 | INFO  | DNAudit | user=null | ip=null | op=PUT_BLOCK {blockData=[blockId=conID: 2 locID: 102654966937420311 bcsId: 0,size=2097152]} | ret=SUCCESS |  
2019-08-21 12:28:06,757 | INFO  | DNAudit | user=null | ip=null | op=PUT_BLOCK {blockData=[blockId=conID: 2 locID: 102654966937420311 bcsId: 0,size=2097152]} | ret=SUCCESS |  
2019-08-21 12:28:06,757 [grpc-default-executor-1] INFO  client.GrpcClientProtocolClient (GrpcClientProtocolClient.java:onNext(255)) - client-C954105195FD->270584e6-a4a8-4db5-8151-214655ce1a56: receive RaftClientReply:client-C954105195FD->270584e6-a4a8-4db5-8151-214655ce1a56@group-787F5BA3AA67, cid=1912, SUCCESS, logIndex=0, commits[270584e6-a4a8-4db5-8151-214655ce1a56:c2794, af078b8b-61ec-497f-9506-472d46a72462:c2789, 09fb9ab4-1b8d-44c0-9f8c-50855c6f1fed:c2790]
2019-08-21 12:28:06,767 | INFO  | DNAudit | user=null | ip=null | op=WRITE_CHUNK {blockData=conID: 2 locID: 102654966937420311 bcsId: 2791} | ret=SUCCESS |  
2019-08-21 12:28:06,771 | INFO  | DNAudit | user=null | ip=null | op=WRITE_CHUNK {blockData=conID: 2 locID: 102654966937420311 bcsId: 2791} | ret=SUCCESS |  
2019-08-21 12:28:06,771 | INFO  | DNAudit | user=null | ip=null | op=WRITE_CHUNK {blockData=conID: 2 locID: 102654966937420311 bcsId: 2791} | ret=SUCCESS |  
2019-08-21 12:28:06,780 | INFO  | DNAudit | user=null | ip=null | op=WRITE_CHUNK {blockData=conID: 2 locID: 102654966937420311 bcsId: 2791} | ret=SUCCESS |  
2019-08-21 12:28:06,781 | INFO  | DNAudit | user=null | ip=null | op=PUT_BLOCK {blockData=[blockId=conID: 2 locID: 102654966937420311 bcsId: 0,size=3145728]} | ret=SUCCESS |  
2019-08-21 12:28:06,781 [grpc-default-executor-4] INFO  client.GrpcClientProtocolClient (GrpcClientProtocolClient.java:onNext(255)) - client-C954105195FD->270584e6-a4a8-4db5-8151-214655ce1a56: receive RaftClientReply:client-C954105195FD->270584e6-a4a8-4db5-8151-214655ce1a56@group-787F5BA3AA67, cid=1913, SUCCESS, logIndex=2796, commits[270584e6-a4a8-4db5-8151-214655ce1a56:c2797, af078b8b-61ec-497f-9506-472d46a72462:c2795, 09fb9ab4-1b8d-44c0-9f8c-50855c6f1fed:c2795]
2019-08-21 12:28:06,782 [grpc-default-executor-4] INFO  client.GrpcClientProtocolClient (GrpcClientProtocolClient.java:onNext(255)) - client-C954105195FD->270584e6-a4a8-4db5-8151-214655ce1a56: receive RaftClientReply:client-C954105195FD->270584e6-a4a8-4db5-8151-214655ce1a56@group-787F5BA3AA67, cid=1914, SUCCESS, logIndex=2797, commits[270584e6-a4a8-4db5-8151-214655ce1a56:c2797, af078b8b-61ec-497f-9506-472d46a72462:c2795, 09fb9ab4-1b8d-44c0-9f8c-50855c6f1fed:c2795]
2019-08-21 12:28:06,791 | INFO  | DNAudit | user=null | ip=null | op=WRITE_CHUNK {blockData=conID: 2 locID: 102654966937420311 bcsId: 2797} | ret=SUCCESS |  
2019-08-21 12:28:06,793 | INFO  | DNAudit | user=null | ip=null | op=WRITE_CHUNK {blockData=conID: 2 locID: 102654966937420311 bcsId: 2797} | ret=SUCCESS |  
2019-08-21 12:28:06,794 | INFO  | DNAudit | user=null | ip=null | op=WRITE_CHUNK {blockData=conID: 2 locID: 102654966937420311 bcsId: 2797} | ret=SUCCESS |  
2019-08-21 12:28:06,795 | INFO  | DNAudit | user=null | ip=null | op=WRITE_CHUNK {blockData=conID: 2 locID: 102654966937420311 bcsId: 2791} | ret=SUCCESS |  
2019-08-21 12:28:06,795 | INFO  | DNAudit | user=null | ip=null | op=WRITE_CHUNK {blockData=conID: 2 locID: 102654966937420311 bcsId: 2791} | ret=SUCCESS |  
2019-08-21 12:28:06,795 | INFO  | DNAudit | user=null | ip=null | op=PUT_BLOCK {blockData=[blockId=conID: 2 locID: 102654966937420311 bcsId: 0,size=3145728]} | ret=SUCCESS |  
2019-08-21 12:28:06,796 | INFO  | DNAudit | user=null | ip=null | op=PUT_BLOCK {blockData=[blockId=conID: 2 locID: 102654966937420311 bcsId: 0,size=3145728]} | ret=SUCCESS |  
 0.00% |█                                                                                                    |  0/1 Time: 0:00:142019-08-21 12:28:06,809 | INFO  | DNAudit | user=null | ip=null | op=WRITE_CHUNK {blockData=conID: 2 locID: 102654966937420311 bcsId: 2797} | ret=SUCCESS |  
2019-08-21 12:28:06,809 | INFO  | DNAudit | user=null | ip=null | op=PUT_BLOCK {blockData=[blockId=conID: 2 locID: 102654966937420311 bcsId: 0,size=4194304]} | ret=SUCCESS |  
2019-08-21 12:28:06,809 [grpc-default-executor-2] INFO  client.GrpcClientProtocolClient (GrpcClientProtocolClient.java:onNext(255)) - client-C954105195FD->270584e6-a4a8-4db5-8151-214655ce1a56: receive RaftClientReply:client-C954105195FD->270584e6-a4a8-4db5-8151-214655ce1a56@group-787F5BA3AA67, cid=1915, SUCCESS, logIndex=2800, commits[270584e6-a4a8-4db5-8151-214655ce1a56:c2801, af078b8b-61ec-497f-9506-472d46a72462:c2797, 09fb9ab4-1b8d-44c0-9f8c-50855c6f1fed:c2797]
2019-08-21 12:28:06,810 [grpc-default-executor-2] INFO  client.GrpcClientProtocolClient (GrpcClientProtocolClient.java:onNext(255)) - client-C954105195FD->270584e6-a4a8-4db5-8151-214655ce1a56: receive RaftClientReply:client-C954105195FD->270584e6-a4a8-4db5-8151-214655ce1a56@group-787F5BA3AA67, cid=1916, SUCCESS, logIndex=2801, commits[270584e6-a4a8-4db5-8151-214655ce1a56:c2801, af078b8b-61ec-497f-9506-472d46a72462:c2797, 09fb9ab4-1b8d-44c0-9f8c-50855c6f1fed:c2797]
2019-08-21 12:28:06,810 | INFO  | SCMAudit | user=jenkins1000 | ip=192.168.34.23 | op=SEND_HEARTBEAT {datanodeUUID=270584e6-a4a8-4db5-8151-214655ce1a56, command=[]} | ret=SUCCESS |  
2019-08-21 12:28:06,810 | INFO  | SCMAudit | user=jenkins1000 | ip=192.168.34.23 | op=SEND_HEARTBEAT {datanodeUUID=09fb9ab4-1b8d-44c0-9f8c-50855c6f1fed, command=[]} | ret=SUCCESS |  
2019-08-21 12:28:06,810 | INFO  | SCMAudit | user=jenkins1000 | ip=192.168.34.23 | op=SEND_HEARTBEAT {datanodeUUID=af078b8b-61ec-497f-9506-472d46a72462, command=[]} | ret=SUCCESS |  
2019-08-21 12:28:06,820 | INFO  | DNAudit | user=null | ip=null | op=WRITE_CHUNK {blockData=conID: 2 locID: 102654966937420311 bcsId: 2797} | ret=SUCCESS |  
2019-08-21 12:28:06,820 | INFO  | DNAudit | user=null | ip=null | op=WRITE_CHUNK {blockData=conID: 2 locID: 102654966937420311 bcsId: 2797} | ret=SUCCESS |  
2019-08-21 12:28:06,823 | INFO  | DNAudit | user=null | ip=null | op=PUT_BLOCK {blockData=[blockId=conID: 2 locID: 102654966937420311 bcsId: 0,size=4194304]} | ret=SUCCESS |  
2019-08-21 12:28:06,823 | INFO  | DNAudit | user=null | ip=null | op=PUT_BLOCK {blockData=[blockId=conID: 2 locID: 102654966937420311 bcsId: 0,size=4194304]} | ret=SUCCESS |  
2019-08-21 12:28:06,824 [grpc-default-executor-2] INFO  client.GrpcClientProtocolClient (GrpcClientProtocolClient.java:onNext(255)) - client-C954105195FD->270584e6-a4a8-4db5-8151-214655ce1a56: receive RaftClientReply:client-C954105195FD->270584e6-a4a8-4db5-8151-214655ce1a56@group-787F5BA3AA67, cid=1917, SUCCESS, logIndex=0, commits[270584e6-a4a8-4db5-8151-214655ce1a56:c2803, af078b8b-61ec-497f-9506-472d46a72462:c2801, 09fb9ab4-1b8d-44c0-9f8c-50855c6f1fed:c2801]
2019-08-21 12:28:06,830 | INFO  | SCMAudit | user=jenkins1000 | ip=192.168.34.23 | op=ALLOCATE_BLOCK {owner=b79f83c9-5f7d-4caf-af30-78af34bc5eea, size=4194304, type=RATIS, factor=THREE} | ret=SUCCESS |  
2019-08-21 12:28:06,834 | INFO  | OMAudit | user=jenkins1000 | ip=127.0.0.1 | op=ALLOCATE_BLOCK {volume=vol-0-06517, bucket=bucket-0-64549, key=key-0-34512, dataSize=0, replicationType=null, replicationFactor=null, keyLocationInfo=null, clientID=102654965997830546} | ret=SUCCESS |  
2019-08-21 12:28:06,844 | INFO  | DNAudit | user=null | ip=null | op=WRITE_CHUNK {blockData=conID: 3 locID: 102654966944891416 bcsId: 0} | ret=SUCCESS |  
2019-08-21 12:28:06,846 | INFO  | DNAudit | user=null | ip=null | op=WRITE_CHUNK {blockData=conID: 3 locID: 102654966944891416 bcsId: 0} | ret=SUCCESS |  
2019-08-21 12:28:06,850 | INFO  | DNAudit | user=null | ip=null | op=WRITE_CHUNK {blockData=conID: 3 locID: 102654966944891416 bcsId: 0} | ret=SUCCESS |  
2019-08-21 12:28:06,851 | INFO  | DNAudit | user=null | ip=null | op=WRITE_CHUNK {blockData=conID: 3 locID: 102654966944891416 bcsId: 0} | ret=SUCCESS |  
2019-08-21 12:28:06,851 | INFO  | DNAudit | user=null | ip=null | op=WRITE_CHUNK {blockData=conID: 3 locID: 102654966944891416 bcsId: 0} | ret=SUCCESS |  
2019-08-21 12:28:06,852 | INFO  | DNAudit | user=null | ip=null | op=WRITE_CHUNK {blockData=conID: 3 locID: 102654966944891416 bcsId: 0} | ret=SUCCESS |  
2019-08-21 12:28:06,852 | INFO  | DNAudit | user=null | ip=null | op=WRITE_CHUNK {blockData=conID: 3 locID: 102654966944891416 bcsId: 0} | ret=SUCCESS |  
2019-08-21 12:28:06,852 | INFO  | DNAudit | user=null | ip=null | op=PUT_BLOCK {blockData=[blockId=conID: 3 locID: 102654966944891416 bcsId: 0,size=1048576]} | ret=SUCCESS |  
2019-08-21 12:28:06,853 [grpc-default-executor-4] INFO  client.GrpcClientProtocolClient (GrpcClientProtocolClient.java:onNext(255)) - client-C954105195FD->270584e6-a4a8-4db5-8151-214655ce1a56: receive RaftClientReply:client-C954105195FD->270584e6-a4a8-4db5-8151-214655ce1a56@group-787F5BA3AA67, cid=1918, SUCCESS, logIndex=2804, commits[270584e6-a4a8-4db5-8151-214655ce1a56:c2805, af078b8b-61ec-497f-9506-472d46a72462:c2803, 09fb9ab4-1b8d-44c0-9f8c-50855c6f1fed:c2801]
2019-08-21 12:28:06,853 [grpc-default-executor-4] INFO  client.GrpcClientProtocolClient (GrpcClientProtocolClient.java:onNext(255)) - client-C954105195FD->270584e6-a4a8-4db5-8151-214655ce1a56: receive RaftClientReply:client-C954105195FD->270584e6-a4a8-4db5-8151-214655ce1a56@group-787F5BA3AA67, cid=1919, SUCCESS, logIndex=2805, commits[270584e6-a4a8-4db5-8151-214655ce1a56:c2805, af078b8b-61ec-497f-9506-472d46a72462:c2803, 09fb9ab4-1b8d-44c0-9f8c-50855c6f1fed:c2801]
2019-08-21 12:28:06,870 | INFO  | DNAudit | user=null | ip=null | op=WRITE_CHUNK {blockData=conID: 3 locID: 102654966944891416 bcsId: 0} | ret=SUCCESS |  
2019-08-21 12:28:06,870 | INFO  | DNAudit | user=null | ip=null | op=WRITE_CHUNK {blockData=conID: 3 locID: 102654966944891416 bcsId: 0} | ret=SUCCESS |  
2019-08-21 12:28:06,870 | INFO  | DNAudit | user=null | ip=null | op=PUT_BLOCK {blockData=[blockId=conID: 3 locID: 102654966944891416 bcsId: 0,size=2097152]} | ret=SUCCESS |  
2019-08-21 12:28:06,870 | INFO  | DNAudit | user=null | ip=null | op=PUT_BLOCK {blockData=[blockId=conID: 3 locID: 102654966944891416 bcsId: 0,size=1048576]} | ret=SUCCESS |  
2019-08-21 12:28:06,870 [grpc-default-executor-4] INFO  client.GrpcClientProtocolClient (GrpcClientProtocolClient.java:onNext(255)) - client-C954105195FD->270584e6-a4a8-4db5-8151-214655ce1a56: receive RaftClientReply:client-C954105195FD->270584e6-a4a8-4db5-8151-214655ce1a56@group-787F5BA3AA67, cid=1920, SUCCESS, logIndex=2806, commits[270584e6-a4a8-4db5-8151-214655ce1a56:c2809, af078b8b-61ec-497f-9506-472d46a72462:c2805, 09fb9ab4-1b8d-44c0-9f8c-50855c6f1fed:c2801]
2019-08-21 12:28:06,871 [grpc-default-executor-4] INFO  client.GrpcClientProtocolClient (GrpcClientProtocolClient.java:onNext(255)) - client-C954105195FD->270584e6-a4a8-4db5-8151-214655ce1a56: receive RaftClientReply:client-C954105195FD->270584e6-a4a8-4db5-8151-214655ce1a56@group-787F5BA3AA67, cid=1921, SUCCESS, logIndex=2807, commits[270584e6-a4a8-4db5-8151-214655ce1a56:c2809, af078b8b-61ec-497f-9506-472d46a72462:c2805, 09fb9ab4-1b8d-44c0-9f8c-50855c6f1fed:c2801]
2019-08-21 12:28:06,871 | INFO  | DNAudit | user=null | ip=null | op=WRITE_CHUNK {blockData=conID: 3 locID: 102654966944891416 bcsId: 0} | ret=SUCCESS |  
2019-08-21 12:28:06,871 | INFO  | DNAudit | user=null | ip=null | op=PUT_BLOCK {blockData=[blockId=conID: 3 locID: 102654966944891416 bcsId: 0,size=2097152]} | ret=SUCCESS |  
2019-08-21 12:28:06,879 | INFO  | DNAudit | user=null | ip=null | op=WRITE_CHUNK {blockData=conID: 3 locID: 102654966944891416 bcsId: 0} | ret=SUCCESS |  
2019-08-21 12:28:06,879 | INFO  | DNAudit | user=null | ip=null | op=PUT_BLOCK {blockData=[blockId=conID: 3 locID: 102654966944891416 bcsId: 0,size=1048576]} | ret=SUCCESS |  
2019-08-21 12:28:06,880 | INFO  | DNAudit | user=null | ip=null | op=WRITE_CHUNK {blockData=conID: 3 locID: 102654966944891416 bcsId: 0} | ret=SUCCESS |  
2019-08-21 12:28:06,880 [grpc-default-executor-1] INFO  client.GrpcClientProtocolClient (GrpcClientProtocolClient.java:onNext(255)) - client-C954105195FD->270584e6-a4a8-4db5-8151-214655ce1a56: receive RaftClientReply:client-C954105195FD->270584e6-a4a8-4db5-8151-214655ce1a56@group-787F5BA3AA67, cid=1922, SUCCESS, logIndex=0, commits[270584e6-a4a8-4db5-8151-214655ce1a56:c2811, af078b8b-61ec-497f-9506-472d46a72462:c2807, 09fb9ab4-1b8d-44c0-9f8c-50855c6f1fed:c2805]
2019-08-21 12:28:06,880 | INFO  | DNAudit | user=null | ip=null | op=PUT_BLOCK {blockData=[blockId=conID: 3 locID: 102654966944891416 bcsId: 0,size=2097152]} | ret=SUCCESS |  
2019-08-21 12:28:06,888 | INFO  | DNAudit | user=null | ip=null | op=WRITE_CHUNK {blockData=conID: 3 locID: 102654966944891416 bcsId: 2807} | ret=SUCCESS |  
2019-08-21 12:28:06,890 | INFO  | DNAudit | user=null | ip=null | op=WRITE_CHUNK {blockData=conID: 3 locID: 102654966944891416 bcsId: 2807} | ret=SUCCESS |  
2019-08-21 12:28:06,892 | INFO  | DNAudit | user=null | ip=null | op=WRITE_CHUNK {blockData=conID: 3 locID: 102654966944891416 bcsId: 2807} | ret=SUCCESS |  
2019-08-21 12:28:06,901 | INFO  | DNAudit | user=null | ip=null | op=WRITE_CHUNK {blockData=conID: 3 locID: 102654966944891416 bcsId: 2807} | ret=SUCCESS |  
2019-08-21 12:28:06,902 | INFO  | DNAudit | user=null | ip=null | op=PUT_BLOCK {blockData=[blockId=conID: 3 locID: 102654966944891416 bcsId: 0,size=3145728]} | ret=SUCCESS |  
2019-08-21 12:28:06,902 [grpc-default-executor-4] INFO  client.GrpcClientProtocolClient (GrpcClientProtocolClient.java:onNext(255)) - client-C954105195FD->270584e6-a4a8-4db5-8151-214655ce1a56: receive RaftClientReply:client-C954105195FD->270584e6-a4a8-4db5-8151-214655ce1a56@group-787F5BA3AA67, cid=1923, SUCCESS, logIndex=2812, commits[270584e6-a4a8-4db5-8151-214655ce1a56:c2813, af078b8b-61ec-497f-9506-472d46a72462:c2811, 09fb9ab4-1b8d-44c0-9f8c-50855c6f1fed:c2811]
2019-08-21 12:28:06,902 [grpc-default-executor-4] INFO  client.GrpcClientProtocolClient (GrpcClientProtocolClient.java:onNext(255)) - client-C954105195FD->270584e6-a4a8-4db5-8151-214655ce1a56: receive RaftClientReply:client-C954105195FD->270584e6-a4a8-4db5-8151-214655ce1a56@group-787F5BA3AA67, cid=1924, SUCCESS, logIndex=2813, commits[270584e6-a4a8-4db5-8151-214655ce1a56:c2813, af078b8b-61ec-497f-9506-472d46a72462:c2811, 09fb9ab4-1b8d-44c0-9f8c-50855c6f1fed:c2811]
2019-08-21 12:28:06,909 | INFO  | DNAudit | user=null | ip=null | op=WRITE_CHUNK {blockData=conID: 3 locID: 102654966944891416 bcsId: 2813} | ret=SUCCESS |  
2019-08-21 12:28:06,912 | INFO  | DNAudit | user=null | ip=null | op=WRITE_CHUNK {blockData=conID: 3 locID: 102654966944891416 bcsId: 2807} | ret=SUCCESS |  
2019-08-21 12:28:06,912 | INFO  | DNAudit | user=null | ip=null | op=WRITE_CHUNK {blockData=conID: 3 locID: 102654966944891416 bcsId: 2807} | ret=SUCCESS |  
2019-08-21 12:28:06,912 | INFO  | DNAudit | user=null | ip=null | op=WRITE_CHUNK {blockData=conID: 3 locID: 102654966944891416 bcsId: 2813} | ret=SUCCESS |  
2019-08-21 12:28:06,913 | INFO  | DNAudit | user=null | ip=null | op=WRITE_CHUNK {blockData=conID: 3 locID: 102654966944891416 bcsId: 2813} | ret=SUCCESS |  
2019-08-21 12:28:06,924 | INFO  | DNAudit | user=null | ip=null | op=PUT_BLOCK {blockData=[blockId=conID: 3 locID: 102654966944891416 bcsId: 0,size=3145728]} | ret=SUCCESS |  
2019-08-21 12:28:06,924 | INFO  | DNAudit | user=null | ip=null | op=PUT_BLOCK {blockData=[blockId=conID: 3 locID: 102654966944891416 bcsId: 0,size=3145728]} | ret=SUCCESS |  
2019-08-21 12:28:06,925 | INFO  | DNAudit | user=null | ip=null | op=WRITE_CHUNK {blockData=conID: 3 locID: 102654966944891416 bcsId: 2813} | ret=SUCCESS |  
2019-08-21 12:28:06,925 | INFO  | DNAudit | user=null | ip=null | op=PUT_BLOCK {blockData=[blockId=conID: 3 locID: 102654966944891416 bcsId: 0,size=4194304]} | ret=SUCCESS |  
2019-08-21 12:28:06,926 [grpc-default-executor-1] INFO  client.GrpcClientProtocolClient (GrpcClientProtocolClient.java:onNext(255)) - client-C954105195FD->270584e6-a4a8-4db5-8151-214655ce1a56: receive RaftClientReply:client-C954105195FD->270584e6-a4a8-4db5-8151-214655ce1a56@group-787F5BA3AA67, cid=1925, SUCCESS, logIndex=2816, commits[270584e6-a4a8-4db5-8151-214655ce1a56:c2817, af078b8b-61ec-497f-9506-472d46a72462:c2813, 09fb9ab4-1b8d-44c0-9f8c-50855c6f1fed:c2813]
2019-08-21 12:28:06,926 [grpc-default-executor-1] INFO  client.GrpcClientProtocolClient (GrpcClientProtocolClient.java:onNext(255)) - client-C954105195FD->270584e6-a4a8-4db5-8151-214655ce1a56: receive RaftClientReply:client-C954105195FD->270584e6-a4a8-4db5-8151-214655ce1a56@group-787F5BA3AA67, cid=1926, SUCCESS, logIndex=2817, commits[270584e6-a4a8-4db5-8151-214655ce1a56:c2817, af078b8b-61ec-497f-9506-472d46a72462:c2813, 09fb9ab4-1b8d-44c0-9f8c-50855c6f1fed:c2813]
2019-08-21 12:28:06,937 | INFO  | DNAudit | user=null | ip=null | op=WRITE_CHUNK {blockData=conID: 3 locID: 102654966944891416 bcsId: 2813} | ret=SUCCESS |  
2019-08-21 12:28:06,937 | INFO  | DNAudit | user=null | ip=null | op=WRITE_CHUNK {blockData=conID: 3 locID: 102654966944891416 bcsId: 2813} | ret=SUCCESS |  
2019-08-21 12:28:06,937 | INFO  | DNAudit | user=null | ip=null | op=PUT_BLOCK {blockData=[blockId=conID: 3 locID: 102654966944891416 bcsId: 0,size=4194304]} | ret=SUCCESS |  
2019-08-21 12:28:06,937 | INFO  | DNAudit | user=null | ip=null | op=PUT_BLOCK {blockData=[blockId=conID: 3 locID: 102654966944891416 bcsId: 0,size=4194304]} | ret=SUCCESS |  
2019-08-21 12:28:06,937 [grpc-default-executor-2] INFO  client.GrpcClientProtocolClient (GrpcClientProtocolClient.java:onNext(255)) - client-C954105195FD->270584e6-a4a8-4db5-8151-214655ce1a56: receive RaftClientReply:client-C954105195FD->270584e6-a4a8-4db5-8151-214655ce1a56@group-787F5BA3AA67, cid=1927, SUCCESS, logIndex=0, commits[270584e6-a4a8-4db5-8151-214655ce1a56:c2818, af078b8b-61ec-497f-9506-472d46a72462:c2817, 09fb9ab4-1b8d-44c0-9f8c-50855c6f1fed:c2817]
2019-08-21 12:28:06,943 | INFO  | SCMAudit | user=jenkins1000 | ip=192.168.34.23 | op=ALLOCATE_BLOCK {owner=b79f83c9-5f7d-4caf-af30-78af34bc5eea, size=4194304, type=RATIS, factor=THREE} | ret=SUCCESS |  
2019-08-21 12:28:06,947 | INFO  | OMAudit | user=jenkins1000 | ip=127.0.0.1 | op=ALLOCATE_BLOCK {volume=vol-0-06517, bucket=bucket-0-64549, key=key-0-34512, dataSize=0, replicationType=null, replicationFactor=null, keyLocationInfo=null, clientID=102654965997830546} | ret=SUCCESS |  
2019-08-21 12:28:06,955 | INFO  | DNAudit | user=null | ip=null | op=WRITE_CHUNK {blockData=conID: 1 locID: 102654966952296985 bcsId: 0} | ret=SUCCESS |  
2019-08-21 12:28:06,957 | INFO  | DNAudit | user=null | ip=null | op=WRITE_CHUNK {blockData=conID: 1 locID: 102654966952296985 bcsId: 0} | ret=SUCCESS |  
2019-08-21 12:28:06,958 | INFO  | DNAudit | user=null | ip=null | op=WRITE_CHUNK {blockData=conID: 1 locID: 102654966952296985 bcsId: 0} | ret=SUCCESS |  
2019-08-21 12:28:06,959 | INFO  | DNAudit | user=null | ip=null | op=WRITE_CHUNK {blockData=conID: 1 locID: 102654966952296985 bcsId: 0} | ret=SUCCESS |  
2019-08-21 12:28:06,961 | INFO  | DNAudit | user=null | ip=null | op=WRITE_CHUNK {blockData=conID: 1 locID: 102654966952296985 bcsId: 0} | ret=SUCCESS |  
2019-08-21 12:28:06,962 | INFO  | DNAudit | user=null | ip=null | op=WRITE_CHUNK {blockData=conID: 1 locID: 102654966952296985 bcsId: 0} | ret=SUCCESS |  
2019-08-21 12:28:06,968 | INFO  | DNAudit | user=null | ip=null | op=WRITE_CHUNK {blockData=conID: 1 locID: 102654966952296985 bcsId: 0} | ret=SUCCESS |  
2019-08-21 12:28:06,968 | INFO  | DNAudit | user=null | ip=null | op=PUT_BLOCK {blockData=[blockId=conID: 1 locID: 102654966952296985 bcsId: 0,size=1048576]} | ret=SUCCESS |  
2019-08-21 12:28:06,969 | INFO  | DNAudit | user=null | ip=null | op=WRITE_CHUNK {blockData=conID: 1 locID: 102654966952296985 bcsId: 0} | ret=SUCCESS |  
2019-08-21 12:28:06,969 [grpc-default-executor-5] INFO  client.GrpcClientProtocolClient (GrpcClientProtocolClient.java:onNext(255)) - client-C954105195FD->270584e6-a4a8-4db5-8151-214655ce1a56: receive RaftClientReply:client-C954105195FD->270584e6-a4a8-4db5-8151-214655ce1a56@group-787F5BA3AA67, cid=1928, SUCCESS, logIndex=2820, commits[270584e6-a4a8-4db5-8151-214655ce1a56:c2821, af078b8b-61ec-497f-9506-472d46a72462:c2819, 09fb9ab4-1b8d-44c0-9f8c-50855c6f1fed:c2819]
2019-08-21 12:28:06,969 | INFO  | DNAudit | user=null | ip=null | op=PUT_BLOCK {blockData=[blockId=conID: 1 locID: 102654966952296985 bcsId: 0,size=2097152]} | ret=SUCCESS |  
2019-08-21 12:28:06,969 [grpc-default-executor-5] INFO  client.GrpcClientProtocolClient (GrpcClientProtocolClient.java:onNext(255)) - client-C954105195FD->270584e6-a4a8-4db5-8151-214655ce1a56: receive RaftClientReply:client-C954105195FD->270584e6-a4a8-4db5-8151-214655ce1a56@group-787F5BA3AA67, cid=1929, SUCCESS, logIndex=2821, commits[270584e6-a4a8-4db5-8151-214655ce1a56:c2822, af078b8b-61ec-497f-9506-472d46a72462:c2819, 09fb9ab4-1b8d-44c0-9f8c-50855c6f1fed:c2819]
2019-08-21 12:28:06,969 [grpc-default-executor-5] INFO  client.GrpcClientProtocolClient (GrpcClientProtocolClient.java:onNext(255)) - client-C954105195FD->270584e6-a4a8-4db5-8151-214655ce1a56: receive RaftClientReply:client-C954105195FD->270584e6-a4a8-4db5-8151-214655ce1a56@group-787F5BA3AA67, cid=1930, SUCCESS, logIndex=2822, commits[270584e6-a4a8-4db5-8151-214655ce1a56:c2823, af078b8b-61ec-497f-9506-472d46a72462:c2819, 09fb9ab4-1b8d-44c0-9f8c-50855c6f1fed:c2819]
2019-08-21 12:28:06,970 [grpc-default-executor-5] INFO  client.GrpcClientProtocolClient (GrpcClientProtocolClient.java:onNext(255)) - client-C954105195FD->270584e6-a4a8-4db5-8151-214655ce1a56: receive RaftClientReply:client-C954105195FD->270584e6-a4a8-4db5-8151-214655ce1a56@group-787F5BA3AA67, cid=1931, SUCCESS, logIndex=2823, commits[270584e6-a4a8-4db5-8151-214655ce1a56:c2823, af078b8b-61ec-497f-9506-472d46a72462:c2819, 09fb9ab4-1b8d-44c0-9f8c-50855c6f1fed:c2819]
2019-08-21 12:28:06,981 | INFO  | DNAudit | user=null | ip=null | op=WRITE_CHUNK {blockData=conID: 1 locID: 102654966952296985 bcsId: 0} | ret=SUCCESS |  
2019-08-21 12:28:06,982 | INFO  | DNAudit | user=null | ip=null | op=WRITE_CHUNK {blockData=conID: 1 locID: 102654966952296985 bcsId: 0} | ret=SUCCESS |  
2019-08-21 12:28:06,982 | INFO  | DNAudit | user=null | ip=null | op=PUT_BLOCK {blockData=[blockId=conID: 1 locID: 102654966952296985 bcsId: 0,size=1048576]} | ret=SUCCESS |  
2019-08-21 12:28:06,982 | INFO  | DNAudit | user=null | ip=null | op=PUT_BLOCK {blockData=[blockId=conID: 1 locID: 102654966952296985 bcsId: 0,size=1048576]} | ret=SUCCESS |  
2019-08-21 12:28:06,982 | INFO  | DNAudit | user=null | ip=null | op=WRITE_CHUNK {blockData=conID: 1 locID: 102654966952296985 bcsId: 0} | ret=SUCCESS |  
2019-08-21 12:28:06,982 | INFO  | DNAudit | user=null | ip=null | op=WRITE_CHUNK {blockData=conID: 1 locID: 102654966952296985 bcsId: 0} | ret=SUCCESS |  
2019-08-21 12:28:06,982 | INFO  | DNAudit | user=null | ip=null | op=PUT_BLOCK {blockData=[blockId=conID: 1 locID: 102654966952296985 bcsId: 0,size=2097152]} | ret=SUCCESS |  
2019-08-21 12:28:06,982 [grpc-default-executor-5] INFO  client.GrpcClientProtocolClient (GrpcClientProtocolClient.java:onNext(255)) - client-C954105195FD->270584e6-a4a8-4db5-8151-214655ce1a56: receive RaftClientReply:client-C954105195FD->270584e6-a4a8-4db5-8151-214655ce1a56@group-787F5BA3AA67, cid=1932, SUCCESS, logIndex=0, commits[270584e6-a4a8-4db5-8151-214655ce1a56:c2825, af078b8b-61ec-497f-9506-472d46a72462:c2821, 09fb9ab4-1b8d-44c0-9f8c-50855c6f1fed:c2821]
2019-08-21 12:28:06,983 | INFO  | DNAudit | user=null | ip=null | op=PUT_BLOCK {blockData=[blockId=conID: 1 locID: 102654966952296985 bcsId: 0,size=2097152]} | ret=SUCCESS |  
2019-08-21 12:28:06,990 | INFO  | DNAudit | user=null | ip=null | op=WRITE_CHUNK {blockData=conID: 1 locID: 102654966952296985 bcsId: 2823} | ret=SUCCESS |  
2019-08-21 12:28:06,993 | INFO  | DNAudit | user=null | ip=null | op=WRITE_CHUNK {blockData=conID: 1 locID: 102654966952296985 bcsId: 2823} | ret=SUCCESS |  
2019-08-21 12:28:06,993 | INFO  | DNAudit | user=null | ip=null | op=WRITE_CHUNK {blockData=conID: 1 locID: 102654966952296985 bcsId: 2823} | ret=SUCCESS |  
2019-08-21 12:28:07,002 | INFO  | DNAudit | user=null | ip=null | op=WRITE_CHUNK {blockData=conID: 1 locID: 102654966952296985 bcsId: 2823} | ret=SUCCESS |  
2019-08-21 12:28:07,003 | INFO  | DNAudit | user=null | ip=null | op=PUT_BLOCK {blockData=[blockId=conID: 1 locID: 102654966952296985 bcsId: 0,size=3145728]} | ret=SUCCESS |  
2019-08-21 12:28:07,003 [grpc-default-executor-4] INFO  client.GrpcClientProtocolClient (GrpcClientProtocolClient.java:onNext(255)) - client-C954105195FD->270584e6-a4a8-4db5-8151-214655ce1a56: receive RaftClientReply:client-C954105195FD->270584e6-a4a8-4db5-8151-214655ce1a56@group-787F5BA3AA67, cid=1933, SUCCESS, logIndex=2828, commits[270584e6-a4a8-4db5-8151-214655ce1a56:c2829, af078b8b-61ec-497f-9506-472d46a72462:c2827, 09fb9ab4-1b8d-44c0-9f8c-50855c6f1fed:c2827]
2019-08-21 12:28:07,003 [grpc-default-executor-4] INFO  client.GrpcClientProtocolClient (GrpcClientProtocolClient.java:onNext(255)) - client-C954105195FD->270584e6-a4a8-4db5-8151-214655ce1a56: receive RaftClientReply:client-C954105195FD->270584e6-a4a8-4db5-8151-214655ce1a56@group-787F5BA3AA67, cid=1934, SUCCESS, logIndex=2829, commits[270584e6-a4a8-4db5-8151-214655ce1a56:c2829, af078b8b-61ec-497f-9506-472d46a72462:c2827, 09fb9ab4-1b8d-44c0-9f8c-50855c6f1fed:c2827]
2019-08-21 12:28:07,010 | INFO  | DNAudit | user=null | ip=null | op=WRITE_CHUNK {blockData=conID: 1 locID: 102654966952296985 bcsId: 2829} | ret=SUCCESS |  
2019-08-21 12:28:07,012 | INFO  | DNAudit | user=null | ip=null | op=WRITE_CHUNK {blockData=conID: 1 locID: 102654966952296985 bcsId: 2829} | ret=SUCCESS |  
2019-08-21 12:28:07,012 | INFO  | DNAudit | user=null | ip=null | op=WRITE_CHUNK {blockData=conID: 1 locID: 102654966952296985 bcsId: 2829} | ret=SUCCESS |  
2019-08-21 12:28:07,014 | INFO  | DNAudit | user=null | ip=null | op=WRITE_CHUNK {blockData=conID: 1 locID: 102654966952296985 bcsId: 2823} | ret=SUCCESS |  
2019-08-21 12:28:07,014 | INFO  | DNAudit | user=null | ip=null | op=WRITE_CHUNK {blockData=conID: 1 locID: 102654966952296985 bcsId: 2823} | ret=SUCCESS |  
2019-08-21 12:28:07,015 | INFO  | DNAudit | user=null | ip=null | op=PUT_BLOCK {blockData=[blockId=conID: 1 locID: 102654966952296985 bcsId: 0,size=3145728]} | ret=SUCCESS |  
2019-08-21 12:28:07,015 | INFO  | DNAudit | user=null | ip=null | op=PUT_BLOCK {blockData=[blockId=conID: 1 locID: 102654966952296985 bcsId: 0,size=3145728]} | ret=SUCCESS |  
2019-08-21 12:28:07,016 | INFO  | DNAudit | user=null | ip=null | op=WRITE_CHUNK {blockData=conID: 1 locID: 102654966952296985 bcsId: 2829} | ret=SUCCESS |  
2019-08-21 12:28:07,016 | INFO  | DNAudit | user=null | ip=null | op=PUT_BLOCK {blockData=[blockId=conID: 1 locID: 102654966952296985 bcsId: 0,size=4194304]} | ret=SUCCESS |  
2019-08-21 12:28:07,016 [grpc-default-executor-1] INFO  client.GrpcClientProtocolClient (GrpcClientProtocolClient.java:onNext(255)) - client-C954105195FD->270584e6-a4a8-4db5-8151-214655ce1a56: receive RaftClientReply:client-C954105195FD->270584e6-a4a8-4db5-8151-214655ce1a56@group-787F5BA3AA67, cid=1935, SUCCESS, logIndex=2832, commits[270584e6-a4a8-4db5-8151-214655ce1a56:c2833, af078b8b-61ec-497f-9506-472d46a72462:c2829, 09fb9ab4-1b8d-44c0-9f8c-50855c6f1fed:c2829]
2019-08-21 12:28:07,017 [grpc-default-executor-1] INFO  client.GrpcClientProtocolClient (GrpcClientProtocolClient.java:onNext(255)) - client-C954105195FD->270584e6-a4a8-4db5-8151-214655ce1a56: receive RaftClientReply:client-C954105195FD->270584e6-a4a8-4db5-8151-214655ce1a56@group-787F5BA3AA67, cid=1936, SUCCESS, logIndex=2833, commits[270584e6-a4a8-4db5-8151-214655ce1a56:c2833, af078b8b-61ec-497f-9506-472d46a72462:c2829, 09fb9ab4-1b8d-44c0-9f8c-50855c6f1fed:c2829]
2019-08-21 12:28:07,027 | INFO  | DNAudit | user=null | ip=null | op=WRITE_CHUNK {blockData=conID: 1 locID: 102654966952296985 bcsId: 2829} | ret=SUCCESS |  
2019-08-21 12:28:07,027 | INFO  | DNAudit | user=null | ip=null | op=WRITE_CHUNK {blockData=conID: 1 locID: 102654966952296985 bcsId: 2829} | ret=SUCCESS |  
2019-08-21 12:28:07,028 | INFO  | DNAudit | user=null | ip=null | op=PUT_BLOCK {blockData=[blockId=conID: 1 locID: 102654966952296985 bcsId: 0,size=4194304]} | ret=SUCCESS |  
2019-08-21 12:28:07,028 | INFO  | DNAudit | user=null | ip=null | op=PUT_BLOCK {blockData=[blockId=conID: 1 locID: 102654966952296985 bcsId: 0,size=4194304]} | ret=SUCCESS |  
2019-08-21 12:28:07,028 [grpc-default-executor-1] INFO  client.GrpcClientProtocolClient (GrpcClientProtocolClient.java:onNext(255)) - client-C954105195FD->270584e6-a4a8-4db5-8151-214655ce1a56: receive RaftClientReply:client-C954105195FD->270584e6-a4a8-4db5-8151-214655ce1a56@group-787F5BA3AA67, cid=1937, SUCCESS, logIndex=0, commits[270584e6-a4a8-4db5-8151-214655ce1a56:c2834, af078b8b-61ec-497f-9506-472d46a72462:c2833, 09fb9ab4-1b8d-44c0-9f8c-50855c6f1fed:c2833]
2019-08-21 12:28:07,033 | INFO  | SCMAudit | user=jenkins1000 | ip=192.168.34.23 | op=ALLOCATE_BLOCK {owner=b79f83c9-5f7d-4caf-af30-78af34bc5eea, size=4194304, type=RATIS, factor=THREE} | ret=SUCCESS |  
2019-08-21 12:28:07,036 | INFO  | OMAudit | user=jenkins1000 | ip=127.0.0.1 | op=ALLOCATE_BLOCK {volume=vol-0-06517, bucket=bucket-0-64549, key=key-0-34512, dataSize=0, replicationType=null, replicationFactor=null, keyLocationInfo=null, clientID=102654965997830546} | ret=SUCCESS |  
2019-08-21 12:28:07,043 | INFO  | DNAudit | user=null | ip=null | op=WRITE_CHUNK {blockData=conID: 2 locID: 102654966958195226 bcsId: 0} | ret=SUCCESS |  
2019-08-21 12:28:07,189 | INFO  | SCMAudit | user=jenkins1000 | ip=192.168.34.23 | op=SEND_HEARTBEAT {datanodeUUID=0aa4def6-fe9f-4182-b0b1-80406548816f, command=[]} | ret=SUCCESS |  
2019-08-21 12:28:07,189 | INFO  | SCMAudit | user=jenkins1000 | ip=192.168.34.23 | op=SEND_HEARTBEAT {datanodeUUID=39ae8c09-9b4b-4ddc-906b-4e52d104e1b1, command=[]} | ret=SUCCESS |  
2019-08-21 12:28:07,190 | INFO  | DNAudit | user=null | ip=null | op=WRITE_CHUNK {blockData=conID: 2 locID: 102654966958195226 bcsId: 0} | ret=SUCCESS |  
2019-08-21 12:28:07,191 | INFO  | DNAudit | user=null | ip=null | op=WRITE_CHUNK {blockData=conID: 2 locID: 102654966958195226 bcsId: 0} | ret=SUCCESS |  
2019-08-21 12:28:07,192 | INFO  | DNAudit | user=null | ip=null | op=WRITE_CHUNK {blockData=conID: 2 locID: 102654966958195226 bcsId: 0} | ret=SUCCESS |  
2019-08-21 12:28:07,194 | INFO  | DNAudit | user=null | ip=null | op=WRITE_CHUNK {blockData=conID: 2 locID: 102654966958195226 bcsId: 0} | ret=SUCCESS |  
2019-08-21 12:28:07,195 | INFO  | DNAudit | user=null | ip=null | op=WRITE_CHUNK {blockData=conID: 2 locID: 102654966958195226 bcsId: 0} | ret=SUCCESS |  
2019-08-21 12:28:07,203 | INFO  | DNAudit | user=null | ip=null | op=WRITE_CHUNK {blockData=conID: 2 locID: 102654966958195226 bcsId: 0} | ret=SUCCESS |  
2019-08-21 12:28:07,203 | INFO  | DNAudit | user=null | ip=null | op=PUT_BLOCK {blockData=[blockId=conID: 2 locID: 102654966958195226 bcsId: 0,size=1048576]} | ret=SUCCESS |  
2019-08-21 12:28:07,204 [grpc-default-executor-5] INFO  client.GrpcClientProtocolClient (GrpcClientProtocolClient.java:onNext(255)) - client-C954105195FD->270584e6-a4a8-4db5-8151-214655ce1a56: receive RaftClientReply:client-C954105195FD->270584e6-a4a8-4db5-8151-214655ce1a56@group-787F5BA3AA67, cid=1938, SUCCESS, logIndex=2836, commits[270584e6-a4a8-4db5-8151-214655ce1a56:c2837, af078b8b-61ec-497f-9506-472d46a72462:c2835, 09fb9ab4-1b8d-44c0-9f8c-50855c6f1fed:c2835]
2019-08-21 12:28:07,204 | INFO  | DNAudit | user=null | ip=null | op=WRITE_CHUNK {blockData=conID: 2 locID: 102654966958195226 bcsId: 0} | ret=SUCCESS |  
2019-08-21 12:28:07,204 | INFO  | DNAudit | user=null | ip=null | op=PUT_BLOCK {blockData=[blockId=conID: 2 locID: 102654966958195226 bcsId: 0,size=2097152]} | ret=SUCCESS |  
2019-08-21 12:28:07,204 [grpc-default-executor-5] INFO  client.GrpcClientProtocolClient (GrpcClientProtocolClient.java:onNext(255)) - client-C954105195FD->270584e6-a4a8-4db5-8151-214655ce1a56: receive RaftClientReply:client-C954105195FD->270584e6-a4a8-4db5-8151-214655ce1a56@group-787F5BA3AA67, cid=1939, SUCCESS, logIndex=2837, commits[270584e6-a4a8-4db5-8151-214655ce1a56:c2839, af078b8b-61ec-497f-9506-472d46a72462:c2835, 09fb9ab4-1b8d-44c0-9f8c-50855c6f1fed:c2835]
2019-08-21 12:28:07,205 [grpc-default-executor-5] INFO  client.GrpcClientProtocolClient (GrpcClientProtocolClient.java:onNext(255)) - client-C954105195FD->270584e6-a4a8-4db5-8151-214655ce1a56: receive RaftClientReply:client-C954105195FD->270584e6-a4a8-4db5-8151-214655ce1a56@group-787F5BA3AA67, cid=1940, SUCCESS, logIndex=2838, commits[270584e6-a4a8-4db5-8151-214655ce1a56:c2839, af078b8b-61ec-497f-9506-472d46a72462:c2835, 09fb9ab4-1b8d-44c0-9f8c-50855c6f1fed:c2835]
2019-08-21 12:28:07,205 | INFO  | DNAudit | user=null | ip=null | op=WRITE_CHUNK {blockData=conID: 2 locID: 102654966958195226 bcsId: 0} | ret=SUCCESS |  
2019-08-21 12:28:07,205 [grpc-default-executor-5] INFO  client.GrpcClientProtocolClient (GrpcClientProtocolClient.java:onNext(255)) - client-C954105195FD->270584e6-a4a8-4db5-8151-214655ce1a56: receive RaftClientReply:client-C954105195FD->270584e6-a4a8-4db5-8151-214655ce1a56@group-787F5BA3AA67, cid=1941, SUCCESS, logIndex=2839, commits[270584e6-a4a8-4db5-8151-214655ce1a56:c2839, af078b8b-61ec-497f-9506-472d46a72462:c2835, 09fb9ab4-1b8d-44c0-9f8c-50855c6f1fed:c2835]
2019-08-21 12:28:07,205 | INFO  | DNAudit | user=null | ip=null | op=PUT_BLOCK {blockData=[blockId=conID: 2 locID: 102654966958195226 bcsId: 0,size=1048576]} | ret=SUCCESS |  
2019-08-21 12:28:07,206 | INFO  | DNAudit | user=null | ip=null | op=WRITE_CHUNK {blockData=conID: 2 locID: 102654966958195226 bcsId: 0} | ret=SUCCESS |  
2019-08-21 12:28:07,206 | INFO  | DNAudit | user=null | ip=null | op=WRITE_CHUNK {blockData=conID: 2 locID: 102654966958195226 bcsId: 0} | ret=SUCCESS |  
2019-08-21 12:28:07,206 | INFO  | DNAudit | user=null | ip=null | op=PUT_BLOCK {blockData=[blockId=conID: 2 locID: 102654966958195226 bcsId: 0,size=1048576]} | ret=SUCCESS |  
2019-08-21 12:28:07,206 | INFO  | DNAudit | user=null | ip=null | op=PUT_BLOCK {blockData=[blockId=conID: 2 locID: 102654966958195226 bcsId: 0,size=2097152]} | ret=SUCCESS |  
2019-08-21 12:28:07,207 | INFO  | DNAudit | user=null | ip=null | op=WRITE_CHUNK {blockData=conID: 2 locID: 102654966958195226 bcsId: 0} | ret=SUCCESS |  
2019-08-21 12:28:07,207 [grpc-default-executor-5] INFO  client.GrpcClientProtocolClient (GrpcClientProtocolClient.java:onNext(255)) - client-C954105195FD->270584e6-a4a8-4db5-8151-214655ce1a56: receive RaftClientReply:client-C954105195FD->270584e6-a4a8-4db5-8151-214655ce1a56@group-787F5BA3AA67, cid=1942, SUCCESS, logIndex=0, commits[270584e6-a4a8-4db5-8151-214655ce1a56:c2840, af078b8b-61ec-497f-9506-472d46a72462:c2837, 09fb9ab4-1b8d-44c0-9f8c-50855c6f1fed:c2837]
2019-08-21 12:28:07,207 | INFO  | DNAudit | user=null | ip=null | op=PUT_BLOCK {blockData=[blockId=conID: 2 locID: 102654966958195226 bcsId: 0,size=2097152]} | ret=SUCCESS |  
2019-08-21 12:28:07,215 | INFO  | DNAudit | user=null | ip=null | op=WRITE_CHUNK {blockData=conID: 2 locID: 102654966958195226 bcsId: 2839} | ret=SUCCESS |  
2019-08-21 12:28:07,217 | INFO  | DNAudit | user=null | ip=null | op=WRITE_CHUNK {blockData=conID: 2 locID: 102654966958195226 bcsId: 2839} | ret=SUCCESS |  
2019-08-21 12:28:07,218 | INFO  | DNAudit | user=null | ip=null | op=WRITE_CHUNK {blockData=conID: 2 locID: 102654966958195226 bcsId: 2839} | ret=SUCCESS |  
2019-08-21 12:28:07,228 | INFO  | DNAudit | user=null | ip=null | op=WRITE_CHUNK {blockData=conID: 2 locID: 102654966958195226 bcsId: 2839} | ret=SUCCESS |  
2019-08-21 12:28:07,228 | INFO  | DNAudit | user=null | ip=null | op=PUT_BLOCK {blockData=[blockId=conID: 2 locID: 102654966958195226 bcsId: 0,size=3145728]} | ret=SUCCESS |  
2019-08-21 12:28:07,228 [grpc-default-executor-4] INFO  client.GrpcClientProtocolClient (GrpcClientProtocolClient.java:onNext(255)) - client-C954105195FD->270584e6-a4a8-4db5-8151-214655ce1a56: receive RaftClientReply:client-C954105195FD->270584e6-a4a8-4db5-8151-214655ce1a56@group-787F5BA3AA67, cid=1943, SUCCESS, logIndex=2844, commits[270584e6-a4a8-4db5-8151-214655ce1a56:c2845, af078b8b-61ec-497f-9506-472d46a72462:c2843, 09fb9ab4-1b8d-44c0-9f8c-50855c6f1fed:c2843]
2019-08-21 12:28:07,229 [grpc-default-executor-4] INFO  client.GrpcClientProtocolClient (GrpcClientProtocolClient.java:onNext(255)) - client-C954105195FD->270584e6-a4a8-4db5-8151-214655ce1a56: receive RaftClientReply:client-C954105195FD->270584e6-a4a8-4db5-8151-214655ce1a56@group-787F5BA3AA67, cid=1944, SUCCESS, logIndex=2845, commits[270584e6-a4a8-4db5-8151-214655ce1a56:c2845, af078b8b-61ec-497f-9506-472d46a72462:c2843, 09fb9ab4-1b8d-44c0-9f8c-50855c6f1fed:c2843]
2019-08-21 12:28:07,236 | INFO  | DNAudit | user=null | ip=null | op=WRITE_CHUNK {blockData=conID: 2 locID: 102654966958195226 bcsId: 2845} | ret=SUCCESS |  
2019-08-21 12:28:07,241 | INFO  | DNAudit | user=null | ip=null | op=WRITE_CHUNK {blockData=conID: 2 locID: 102654966958195226 bcsId: 2845} | ret=SUCCESS |  
2019-08-21 12:28:07,242 | INFO  | DNAudit | user=null | ip=null | op=WRITE_CHUNK {blockData=conID: 2 locID: 102654966958195226 bcsId: 2839} | ret=SUCCESS |  
2019-08-21 12:28:07,242 | INFO  | DNAudit | user=null | ip=null | op=WRITE_CHUNK {blockData=conID: 2 locID: 102654966958195226 bcsId: 2839} | ret=SUCCESS |  
2019-08-21 12:28:07,242 | INFO  | DNAudit | user=null | ip=null | op=PUT_BLOCK {blockData=[blockId=conID: 2 locID: 102654966958195226 bcsId: 0,size=3145728]} | ret=SUCCESS |  
2019-08-21 12:28:07,242 | INFO  | DNAudit | user=null | ip=null | op=PUT_BLOCK {blockData=[blockId=conID: 2 locID: 102654966958195226 bcsId: 0,size=3145728]} | ret=SUCCESS |  
2019-08-21 12:28:07,245 | INFO  | DNAudit | user=null | ip=null | op=WRITE_CHUNK {blockData=conID: 2 locID: 102654966958195226 bcsId: 2845} | ret=SUCCESS |  
2019-08-21 12:28:07,253 | INFO  | DNAudit | user=null | ip=null | op=WRITE_CHUNK {blockData=conID: 2 locID: 102654966958195226 bcsId: 2845} | ret=SUCCESS |  
2019-08-21 12:28:07,254 | INFO  | DNAudit | user=null | ip=null | op=PUT_BLOCK {blockData=[blockId=conID: 2 locID: 102654966958195226 bcsId: 0,size=4194304]} | ret=SUCCESS |  
2019-08-21 12:28:07,254 [grpc-default-executor-4] INFO  client.GrpcClientProtocolClient (GrpcClientProtocolClient.java:onNext(255)) - client-C954105195FD->270584e6-a4a8-4db5-8151-214655ce1a56: receive RaftClientReply:client-C954105195FD->270584e6-a4a8-4db5-8151-214655ce1a56@group-787F5BA3AA67, cid=1945, SUCCESS, logIndex=2848, commits[270584e6-a4a8-4db5-8151-214655ce1a56:c2849, af078b8b-61ec-497f-9506-472d46a72462:c2845, 09fb9ab4-1b8d-44c0-9f8c-50855c6f1fed:c2845]
2019-08-21 12:28:07,255 [grpc-default-executor-4] INFO  client.GrpcClientProtocolClient (GrpcClientProtocolClient.java:onNext(255)) - client-C954105195FD->270584e6-a4a8-4db5-8151-214655ce1a56: receive RaftClientReply:client-C954105195FD->270584e6-a4a8-4db5-8151-214655ce1a56@group-787F5BA3AA67, cid=1946, SUCCESS, logIndex=2849, commits[270584e6-a4a8-4db5-8151-214655ce1a56:c2849, af078b8b-61ec-497f-9506-472d46a72462:c2845, 09fb9ab4-1b8d-44c0-9f8c-50855c6f1fed:c2845]
2019-08-21 12:28:07,257 | INFO  | DNAudit | user=null | ip=null | op=WRITE_CHUNK {blockData=conID: 2 locID: 102654966958195226 bcsId: 2845} | ret=SUCCESS |  
2019-08-21 12:28:07,257 | INFO  | DNAudit | user=null | ip=null | op=WRITE_CHUNK {blockData=conID: 2 locID: 102654966958195226 bcsId: 2845} | ret=SUCCESS |  
2019-08-21 12:28:07,268 | INFO  | DNAudit | user=null | ip=null | op=PUT_BLOCK {blockData=[blockId=conID: 2 locID: 102654966958195226 bcsId: 0,size=4194304]} | ret=SUCCESS |  
2019-08-21 12:28:07,268 | INFO  | DNAudit | user=null | ip=null | op=PUT_BLOCK {blockData=[blockId=conID: 2 locID: 102654966958195226 bcsId: 0,size=4194304]} | ret=SUCCESS |  
2019-08-21 12:28:07,269 [grpc-default-executor-4] INFO  client.GrpcClientProtocolClient (GrpcClientProtocolClient.java:onNext(255)) - client-C954105195FD->270584e6-a4a8-4db5-8151-214655ce1a56: receive RaftClientReply:client-C954105195FD->270584e6-a4a8-4db5-8151-214655ce1a56@group-787F5BA3AA67, cid=1947, SUCCESS, logIndex=0, commits[270584e6-a4a8-4db5-8151-214655ce1a56:c2851, af078b8b-61ec-497f-9506-472d46a72462:c2849, 09fb9ab4-1b8d-44c0-9f8c-50855c6f1fed:c2849]
2019-08-21 12:28:07,273 | INFO  | SCMAudit | user=jenkins1000 | ip=192.168.34.23 | op=ALLOCATE_BLOCK {owner=b79f83c9-5f7d-4caf-af30-78af34bc5eea, size=4194304, type=RATIS, factor=THREE} | ret=SUCCESS |  
2019-08-21 12:28:07,276 | INFO  | OMAudit | user=jenkins1000 | ip=127.0.0.1 | op=ALLOCATE_BLOCK {volume=vol-0-06517, bucket=bucket-0-64549, key=key-0-34512, dataSize=0, replicationType=null, replicationFactor=null, keyLocationInfo=null, clientID=102654965997830546} | ret=SUCCESS |  
2019-08-21 12:28:07,284 | INFO  | DNAudit | user=null | ip=null | op=WRITE_CHUNK {blockData=conID: 3 locID: 102654966973923867 bcsId: 0} | ret=SUCCESS |  
2019-08-21 12:28:07,287 | INFO  | DNAudit | user=null | ip=null | op=WRITE_CHUNK {blockData=conID: 3 locID: 102654966973923867 bcsId: 0} | ret=SUCCESS |  
2019-08-21 12:28:07,288 | INFO  | DNAudit | user=null | ip=null | op=WRITE_CHUNK {blockData=conID: 3 locID: 102654966973923867 bcsId: 0} | ret=SUCCESS |  
2019-08-21 12:28:07,289 | INFO  | DNAudit | user=null | ip=null | op=WRITE_CHUNK {blockData=conID: 3 locID: 102654966973923867 bcsId: 0} | ret=SUCCESS |  
2019-08-21 12:28:07,291 | INFO  | DNAudit | user=null | ip=null | op=WRITE_CHUNK {blockData=conID: 3 locID: 102654966973923867 bcsId: 0} | ret=SUCCESS |  
2019-08-21 12:28:07,291 | INFO  | DNAudit | user=null | ip=null | op=WRITE_CHUNK {blockData=conID: 3 locID: 102654966973923867 bcsId: 0} | ret=SUCCESS |  
2019-08-21 12:28:07,297 | INFO  | DNAudit | user=null | ip=null | op=WRITE_CHUNK {blockData=conID: 3 locID: 102654966973923867 bcsId: 0} | ret=SUCCESS |  
2019-08-21 12:28:07,297 | INFO  | DNAudit | user=null | ip=null | op=PUT_BLOCK {blockData=[blockId=conID: 3 locID: 102654966973923867 bcsId: 0,size=1048576]} | ret=SUCCESS |  
2019-08-21 12:28:07,297 [grpc-default-executor-4] INFO  client.GrpcClientProtocolClient (GrpcClientProtocolClient.java:onNext(255)) - client-C954105195FD->270584e6-a4a8-4db5-8151-214655ce1a56: receive RaftClientReply:client-C954105195FD->270584e6-a4a8-4db5-8151-214655ce1a56@group-787F5BA3AA67, cid=1948, SUCCESS, logIndex=2852, commits[270584e6-a4a8-4db5-8151-214655ce1a56:c2853, af078b8b-61ec-497f-9506-472d46a72462:c2851, 09fb9ab4-1b8d-44c0-9f8c-50855c6f1fed:c2851]
2019-08-21 12:28:07,298 | INFO  | DNAudit | user=null | ip=null | op=WRITE_CHUNK {blockData=conID: 3 locID: 102654966973923867 bcsId: 0} | ret=SUCCESS |  
2019-08-21 12:28:07,298 [grpc-default-executor-1] INFO  client.GrpcClientProtocolClient (GrpcClientProtocolClient.java:onNext(255)) - client-C954105195FD->270584e6-a4a8-4db5-8151-214655ce1a56: receive RaftClientReply:client-C954105195FD->270584e6-a4a8-4db5-8151-214655ce1a56@group-787F5BA3AA67, cid=1949, SUCCESS, logIndex=2853, commits[270584e6-a4a8-4db5-8151-214655ce1a56:c2853, af078b8b-61ec-497f-9506-472d46a72462:c2851, 09fb9ab4-1b8d-44c0-9f8c-50855c6f1fed:c2851]
2019-08-21 12:28:07,299 | INFO  | DNAudit | user=null | ip=null | op=PUT_BLOCK {blockData=[blockId=conID: 3 locID: 102654966973923867 bcsId: 0,size=2097152]} | ret=SUCCESS |  
2019-08-21 12:28:07,299 | INFO  | DNAudit | user=null | ip=null | op=WRITE_CHUNK {blockData=conID: 3 locID: 102654966973923867 bcsId: 0} | ret=SUCCESS |  
2019-08-21 12:28:07,299 [grpc-default-executor-5] INFO  client.GrpcClientProtocolClient (GrpcClientProtocolClient.java:onNext(255)) - client-C954105195FD->270584e6-a4a8-4db5-8151-214655ce1a56: receive RaftClientReply:client-C954105195FD->270584e6-a4a8-4db5-8151-214655ce1a56@group-787F5BA3AA67, cid=1950, SUCCESS, logIndex=2854, commits[270584e6-a4a8-4db5-8151-214655ce1a56:c2855, af078b8b-61ec-497f-9506-472d46a72462:c2851, 09fb9ab4-1b8d-44c0-9f8c-50855c6f1fed:c2851]
2019-08-21 12:28:07,299 | INFO  | DNAudit | user=null | ip=null | op=PUT_BLOCK {blockData=[blockId=conID: 3 locID: 102654966973923867 bcsId: 0,size=1048576]} | ret=SUCCESS |  
2019-08-21 12:28:07,299 [grpc-default-executor-5] INFO  client.GrpcClientProtocolClient (GrpcClientProtocolClient.java:onNext(255)) - client-C954105195FD->270584e6-a4a8-4db5-8151-214655ce1a56: receive RaftClientReply:client-C954105195FD->270584e6-a4a8-4db5-8151-214655ce1a56@group-787F5BA3AA67, cid=1951, SUCCESS, logIndex=2855, commits[270584e6-a4a8-4db5-8151-214655ce1a56:c2855, af078b8b-61ec-497f-9506-472d46a72462:c2851, 09fb9ab4-1b8d-44c0-9f8c-50855c6f1fed:c2852]
2019-08-21 12:28:07,300 | INFO  | DNAudit | user=null | ip=null | op=WRITE_CHUNK {blockData=conID: 3 locID: 102654966973923867 bcsId: 0} | ret=SUCCESS |  
2019-08-21 12:28:07,300 | INFO  | DNAudit | user=null | ip=null | op=PUT_BLOCK {blockData=[blockId=conID: 3 locID: 102654966973923867 bcsId: 0,size=1048576]} | ret=SUCCESS |  
2019-08-21 12:28:07,300 | INFO  | DNAudit | user=null | ip=null | op=WRITE_CHUNK {blockData=conID: 3 locID: 102654966973923867 bcsId: 0} | ret=SUCCESS |  
2019-08-21 12:28:07,300 [grpc-default-executor-1] INFO  client.GrpcClientProtocolClient (GrpcClientProtocolClient.java:onNext(255)) - client-C954105195FD->270584e6-a4a8-4db5-8151-214655ce1a56: receive RaftClientReply:client-C954105195FD->270584e6-a4a8-4db5-8151-214655ce1a56@group-787F5BA3AA67, cid=1952, SUCCESS, logIndex=0, commits[270584e6-a4a8-4db5-8151-214655ce1a56:c2857, af078b8b-61ec-497f-9506-472d46a72462:c2853, 09fb9ab4-1b8d-44c0-9f8c-50855c6f1fed:c2853]
2019-08-21 12:28:07,301 | INFO  | DNAudit | user=null | ip=null | op=PUT_BLOCK {blockData=[blockId=conID: 3 locID: 102654966973923867 bcsId: 0,size=2097152]} | ret=SUCCESS |  
2019-08-21 12:28:07,302 | INFO  | DNAudit | user=null | ip=null | op=WRITE_CHUNK {blockData=conID: 3 locID: 102654966973923867 bcsId: 0} | ret=SUCCESS |  
2019-08-21 12:28:07,302 | INFO  | DNAudit | user=null | ip=null | op=PUT_BLOCK {blockData=[blockId=conID: 3 locID: 102654966973923867 bcsId: 0,size=2097152]} | ret=SUCCESS |  
2019-08-21 12:28:07,309 | INFO  | DNAudit | user=null | ip=null | op=WRITE_CHUNK {blockData=conID: 3 locID: 102654966973923867 bcsId: 2855} | ret=SUCCESS |  
2019-08-21 12:28:07,311 | INFO  | DNAudit | user=null | ip=null | op=WRITE_CHUNK {blockData=conID: 3 locID: 102654966973923867 bcsId: 2855} | ret=SUCCESS |  
2019-08-21 12:28:07,311 | INFO  | DNAudit | user=null | ip=null | op=WRITE_CHUNK {blockData=conID: 3 locID: 102654966973923867 bcsId: 2855} | ret=SUCCESS |  
2019-08-21 12:28:07,322 | INFO  | DNAudit | user=null | ip=null | op=WRITE_CHUNK {blockData=conID: 3 locID: 102654966973923867 bcsId: 2855} | ret=SUCCESS |  
2019-08-21 12:28:07,322 | INFO  | DNAudit | user=null | ip=null | op=PUT_BLOCK {blockData=[blockId=conID: 3 locID: 102654966973923867 bcsId: 0,size=3145728]} | ret=SUCCESS |  
2019-08-21 12:28:07,323 [grpc-default-executor-5] INFO  client.GrpcClientProtocolClient (GrpcClientProtocolClient.java:onNext(255)) - client-C954105195FD->270584e6-a4a8-4db5-8151-214655ce1a56: receive RaftClientReply:client-C954105195FD->270584e6-a4a8-4db5-8151-214655ce1a56@group-787F5BA3AA67, cid=1953, SUCCESS, logIndex=2859, commits[270584e6-a4a8-4db5-8151-214655ce1a56:c2860, af078b8b-61ec-497f-9506-472d46a72462:c2858, 09fb9ab4-1b8d-44c0-9f8c-50855c6f1fed:c2858]
2019-08-21 12:28:07,323 [grpc-default-executor-5] INFO  client.GrpcClientProtocolClient (GrpcClientProtocolClient.java:onNext(255)) - client-C954105195FD->270584e6-a4a8-4db5-8151-214655ce1a56: receive RaftClientReply:client-C954105195FD->270584e6-a4a8-4db5-8151-214655ce1a56@group-787F5BA3AA67, cid=1954, SUCCESS, logIndex=2860, commits[270584e6-a4a8-4db5-8151-214655ce1a56:c2860, af078b8b-61ec-497f-9506-472d46a72462:c2858, 09fb9ab4-1b8d-44c0-9f8c-50855c6f1fed:c2858]
2019-08-21 12:28:07,331 | INFO  | DNAudit | user=null | ip=null | op=WRITE_CHUNK {blockData=conID: 3 locID: 102654966973923867 bcsId: 2860} | ret=SUCCESS |  
2019-08-21 12:28:07,333 | INFO  | DNAudit | user=null | ip=null | op=WRITE_CHUNK {blockData=conID: 3 locID: 102654966973923867 bcsId: 2855} | ret=SUCCESS |  
2019-08-21 12:28:07,334 | INFO  | DNAudit | user=null | ip=null | op=WRITE_CHUNK {blockData=conID: 3 locID: 102654966973923867 bcsId: 2855} | ret=SUCCESS |  
2019-08-21 12:28:07,334 | INFO  | DNAudit | user=null | ip=null | op=WRITE_CHUNK {blockData=conID: 3 locID: 102654966973923867 bcsId: 2860} | ret=SUCCESS |  
2019-08-21 12:28:07,334 | INFO  | DNAudit | user=null | ip=null | op=PUT_BLOCK {blockData=[blockId=conID: 3 locID: 102654966973923867 bcsId: 0,size=3145728]} | ret=SUCCESS |  
2019-08-21 12:28:07,334 | INFO  | DNAudit | user=null | ip=null | op=WRITE_CHUNK {blockData=conID: 3 locID: 102654966973923867 bcsId: 2860} | ret=SUCCESS |  
2019-08-21 12:28:07,334 | INFO  | DNAudit | user=null | ip=null | op=PUT_BLOCK {blockData=[blockId=conID: 3 locID: 102654966973923867 bcsId: 0,size=3145728]} | ret=SUCCESS |  
2019-08-21 12:28:07,347 | INFO  | DNAudit | user=null | ip=null | op=WRITE_CHUNK {blockData=conID: 3 locID: 102654966973923867 bcsId: 2860} | ret=SUCCESS |  
2019-08-21 12:28:07,347 | INFO  | DNAudit | user=null | ip=null | op=PUT_BLOCK {blockData=[blockId=conID: 3 locID: 102654966973923867 bcsId: 0,size=4194304]} | ret=SUCCESS |  
2019-08-21 12:28:07,348 [grpc-default-executor-5] INFO  client.GrpcClientProtocolClient (GrpcClientProtocolClient.java:onNext(255)) - client-C954105195FD->270584e6-a4a8-4db5-8151-214655ce1a56: receive RaftClientReply:client-C954105195FD->270584e6-a4a8-4db5-8151-214655ce1a56@group-787F5BA3AA67, cid=1955, SUCCESS, logIndex=2863, commits[270584e6-a4a8-4db5-8151-214655ce1a56:c2864, af078b8b-61ec-497f-9506-472d46a72462:c2860, 09fb9ab4-1b8d-44c0-9f8c-50855c6f1fed:c2860]
2019-08-21 12:28:07,348 [grpc-default-executor-5] INFO  client.GrpcClientProtocolClient (GrpcClientProtocolClient.java:onNext(255)) - client-C954105195FD->270584e6-a4a8-4db5-8151-214655ce1a56: receive RaftClientReply:client-C954105195FD->270584e6-a4a8-4db5-8151-214655ce1a56@group-787F5BA3AA67, cid=1956, SUCCESS, logIndex=2864, commits[270584e6-a4a8-4db5-8151-214655ce1a56:c2864, af078b8b-61ec-497f-9506-472d46a72462:c2860, 09fb9ab4-1b8d-44c0-9f8c-50855c6f1fed:c2860]
2019-08-21 12:28:07,359 | INFO  | DNAudit | user=null | ip=null | op=WRITE_CHUNK {blockData=conID: 3 locID: 102654966973923867 bcsId: 2860} | ret=SUCCESS |  
2019-08-21 12:28:07,359 | INFO  | DNAudit | user=null | ip=null | op=WRITE_CHUNK {blockData=conID: 3 locID: 102654966973923867 bcsId: 2860} | ret=SUCCESS |  
2019-08-21 12:28:07,359 | INFO  | DNAudit | user=null | ip=null | op=PUT_BLOCK {blockData=[blockId=conID: 3 locID: 102654966973923867 bcsId: 0,size=4194304]} | ret=SUCCESS |  
2019-08-21 12:28:07,359 | INFO  | DNAudit | user=null | ip=null | op=PUT_BLOCK {blockData=[blockId=conID: 3 locID: 102654966973923867 bcsId: 0,size=4194304]} | ret=SUCCESS |  
2019-08-21 12:28:07,360 [grpc-default-executor-5] INFO  client.GrpcClientProtocolClient (GrpcClientProtocolClient.java:onNext(255)) - client-C954105195FD->270584e6-a4a8-4db5-8151-214655ce1a56: receive RaftClientReply:client-C954105195FD->270584e6-a4a8-4db5-8151-214655ce1a56@group-787F5BA3AA67, cid=1957, SUCCESS, logIndex=0, commits[270584e6-a4a8-4db5-8151-214655ce1a56:c2865, af078b8b-61ec-497f-9506-472d46a72462:c2864, 09fb9ab4-1b8d-44c0-9f8c-50855c6f1fed:c2864]
2019-08-21 12:28:07,366 | INFO  | SCMAudit | user=jenkins1000 | ip=192.168.34.23 | op=ALLOCATE_BLOCK {owner=b79f83c9-5f7d-4caf-af30-78af34bc5eea, size=4194304, type=RATIS, factor=THREE} | ret=SUCCESS |  
2019-08-21 12:28:07,370 | INFO  | OMAudit | user=jenkins1000 | ip=127.0.0.1 | op=ALLOCATE_BLOCK {volume=vol-0-06517, bucket=bucket-0-64549, key=key-0-34512, dataSize=0, replicationType=null, replicationFactor=null, keyLocationInfo=null, clientID=102654965997830546} | ret=SUCCESS |  
2019-08-21 12:28:07,379 | INFO  | DNAudit | user=null | ip=null | op=WRITE_CHUNK {blockData=conID: 1 locID: 102654966980018716 bcsId: 0} | ret=SUCCESS |  
2019-08-21 12:28:07,382 | INFO  | DNAudit | user=null | ip=null | op=WRITE_CHUNK {blockData=conID: 1 locID: 102654966980018716 bcsId: 0} | ret=SUCCESS |  
2019-08-21 12:28:07,382 | INFO  | DNAudit | user=null | ip=null | op=WRITE_CHUNK {blockData=conID: 1 locID: 102654966980018716 bcsId: 0} | ret=SUCCESS |  
2019-08-21 12:28:07,382 | INFO  | DNAudit | user=null | ip=null | op=WRITE_CHUNK {blockData=conID: 1 locID: 102654966980018716 bcsId: 0} | ret=SUCCESS |  
2019-08-21 12:28:07,384 | INFO  | DNAudit | user=null | ip=null | op=WRITE_CHUNK {blockData=conID: 1 locID: 102654966980018716 bcsId: 0} | ret=SUCCESS |  
2019-08-21 12:28:07,384 | INFO  | DNAudit | user=null | ip=null | op=WRITE_CHUNK {blockData=conID: 1 locID: 102654966980018716 bcsId: 0} | ret=SUCCESS |  
2019-08-21 12:28:07,385 | INFO  | DNAudit | user=null | ip=null | op=WRITE_CHUNK {blockData=conID: 1 locID: 102654966980018716 bcsId: 0} | ret=SUCCESS |  
2019-08-21 12:28:07,386 | INFO  | DNAudit | user=null | ip=null | op=PUT_BLOCK {blockData=[blockId=conID: 1 locID: 102654966980018716 bcsId: 0,size=1048576]} | ret=SUCCESS |  
2019-08-21 12:28:07,386 [grpc-default-executor-5] INFO  client.GrpcClientProtocolClient (GrpcClientProtocolClient.java:onNext(255)) - client-C954105195FD->270584e6-a4a8-4db5-8151-214655ce1a56: receive RaftClientReply:client-C954105195FD->270584e6-a4a8-4db5-8151-214655ce1a56@group-787F5BA3AA67, cid=1958, SUCCESS, logIndex=2866, commits[270584e6-a4a8-4db5-8151-214655ce1a56:c2869, af078b8b-61ec-497f-9506-472d46a72462:c2865, 09fb9ab4-1b8d-44c0-9f8c-50855c6f1fed:c2865]
2019-08-21 12:28:07,387 | INFO  | DNAudit | user=null | ip=null | op=WRITE_CHUNK {blockData=conID: 1 locID: 102654966980018716 bcsId: 0} | ret=SUCCESS |  
2019-08-21 12:28:07,387 | INFO  | DNAudit | user=null | ip=null | op=WRITE_CHUNK {blockData=conID: 1 locID: 102654966980018716 bcsId: 0} | ret=SUCCESS |  
2019-08-21 12:28:07,387 | INFO  | DNAudit | user=null | ip=null | op=PUT_BLOCK {blockData=[blockId=conID: 1 locID: 102654966980018716 bcsId: 0,size=1048576]} | ret=SUCCESS |  
2019-08-21 12:28:07,387 [grpc-default-executor-5] INFO  client.GrpcClientProtocolClient (GrpcClientProtocolClient.java:onNext(255)) - client-C954105195FD->270584e6-a4a8-4db5-8151-214655ce1a56: receive RaftClientReply:client-C954105195FD->270584e6-a4a8-4db5-8151-214655ce1a56@group-787F5BA3AA67, cid=1959, SUCCESS, logIndex=2867, commits[270584e6-a4a8-4db5-8151-214655ce1a56:c2869, af078b8b-61ec-497f-9506-472d46a72462:c2865, 09fb9ab4-1b8d-44c0-9f8c-50855c6f1fed:c2865]
2019-08-21 12:28:07,387 | INFO  | DNAudit | user=null | ip=null | op=WRITE_CHUNK {blockData=conID: 1 locID: 102654966980018716 bcsId: 0} | ret=SUCCESS |  
2019-08-21 12:28:07,387 | INFO  | DNAudit | user=null | ip=null | op=PUT_BLOCK {blockData=[blockId=conID: 1 locID: 102654966980018716 bcsId: 0,size=2097152]} | ret=SUCCESS |  
2019-08-21 12:28:07,388 | INFO  | DNAudit | user=null | ip=null | op=PUT_BLOCK {blockData=[blockId=conID: 1 locID: 102654966980018716 bcsId: 0,size=1048576]} | ret=SUCCESS |  
2019-08-21 12:28:07,388 [grpc-default-executor-5] INFO  client.GrpcClientProtocolClient (GrpcClientProtocolClient.java:onNext(255)) - client-C954105195FD->270584e6-a4a8-4db5-8151-214655ce1a56: receive RaftClientReply:client-C954105195FD->270584e6-a4a8-4db5-8151-214655ce1a56@group-787F5BA3AA67, cid=1960, SUCCESS, logIndex=2868, commits[270584e6-a4a8-4db5-8151-214655ce1a56:c2870, af078b8b-61ec-497f-9506-472d46a72462:c2867, 09fb9ab4-1b8d-44c0-9f8c-50855c6f1fed:c2865]
2019-08-21 12:28:07,388 | INFO  | DNAudit | user=null | ip=null | op=WRITE_CHUNK {blockData=conID: 1 locID: 102654966980018716 bcsId: 0} | ret=SUCCESS |  
2019-08-21 12:28:07,388 | INFO  | DNAudit | user=null | ip=null | op=WRITE_CHUNK {blockData=conID: 1 locID: 102654966980018716 bcsId: 0} | ret=SUCCESS |  
2019-08-21 12:28:07,389 | INFO  | DNAudit | user=null | ip=null | op=PUT_BLOCK {blockData=[blockId=conID: 1 locID: 102654966980018716 bcsId: 0,size=2097152]} | ret=SUCCESS |  
2019-08-21 12:28:07,389 [grpc-default-executor-5] INFO  client.GrpcClientProtocolClient (GrpcClientProtocolClient.java:onNext(255)) - client-C954105195FD->270584e6-a4a8-4db5-8151-214655ce1a56: receive RaftClientReply:client-C954105195FD->270584e6-a4a8-4db5-8151-214655ce1a56@group-787F5BA3AA67, cid=1961, SUCCESS, logIndex=2869, commits[270584e6-a4a8-4db5-8151-214655ce1a56:c2870, af078b8b-61ec-497f-9506-472d46a72462:c2867, 09fb9ab4-1b8d-44c0-9f8c-50855c6f1fed:c2866]
2019-08-21 12:28:07,389 | INFO  | DNAudit | user=null | ip=null | op=PUT_BLOCK {blockData=[blockId=conID: 1 locID: 102654966980018716 bcsId: 0,size=2097152]} | ret=SUCCESS |  
2019-08-21 12:28:07,390 [grpc-default-executor-5] INFO  client.GrpcClientProtocolClient (GrpcClientProtocolClient.java:onNext(255)) - client-C954105195FD->270584e6-a4a8-4db5-8151-214655ce1a56: receive RaftClientReply:client-C954105195FD->270584e6-a4a8-4db5-8151-214655ce1a56@group-787F5BA3AA67, cid=1962, SUCCESS, logIndex=0, commits[270584e6-a4a8-4db5-8151-214655ce1a56:c2873, af078b8b-61ec-497f-9506-472d46a72462:c2869, 09fb9ab4-1b8d-44c0-9f8c-50855c6f1fed:c2869]
2019-08-21 12:28:07,396 | INFO  | DNAudit | user=null | ip=null | op=WRITE_CHUNK {blockData=conID: 1 locID: 102654966980018716 bcsId: 2869} | ret=SUCCESS |  
2019-08-21 12:28:07,399 | INFO  | DNAudit | user=null | ip=null | op=WRITE_CHUNK {blockData=conID: 1 locID: 102654966980018716 bcsId: 2869} | ret=SUCCESS |  
2019-08-21 12:28:07,400 | INFO  | DNAudit | user=null | ip=null | op=WRITE_CHUNK {blockData=conID: 1 locID: 102654966980018716 bcsId: 2869} | ret=SUCCESS |  
2019-08-21 12:28:07,421 | INFO  | DNAudit | user=null | ip=null | op=WRITE_CHUNK {blockData=conID: 1 locID: 102654966980018716 bcsId: 2869} | ret=SUCCESS |  
2019-08-21 12:28:07,422 | INFO  | DNAudit | user=null | ip=null | op=PUT_BLOCK {blockData=[blockId=conID: 1 locID: 102654966980018716 bcsId: 0,size=3145728]} | ret=SUCCESS |  
2019-08-21 12:28:07,422 [grpc-default-executor-4] INFO  client.GrpcClientProtocolClient (GrpcClientProtocolClient.java:onNext(255)) - client-C954105195FD->270584e6-a4a8-4db5-8151-214655ce1a56: receive RaftClientReply:client-C954105195FD->270584e6-a4a8-4db5-8151-214655ce1a56@group-787F5BA3AA67, cid=1963, SUCCESS, logIndex=2874, commits[270584e6-a4a8-4db5-8151-214655ce1a56:c2875, af078b8b-61ec-497f-9506-472d46a72462:c2873, 09fb9ab4-1b8d-44c0-9f8c-50855c6f1fed:c2873]
2019-08-21 12:28:07,422 | INFO  | DNAudit | user=null | ip=null | op=WRITE_CHUNK {blockData=conID: 1 locID: 102654966980018716 bcsId: 2869} | ret=SUCCESS |  
2019-08-21 12:28:07,422 | INFO  | DNAudit | user=null | ip=null | op=WRITE_CHUNK {blockData=conID: 1 locID: 102654966980018716 bcsId: 2869} | ret=SUCCESS |  
2019-08-21 12:28:07,423 | INFO  | DNAudit | user=null | ip=null | op=PUT_BLOCK {blockData=[blockId=conID: 1 locID: 102654966980018716 bcsId: 0,size=3145728]} | ret=SUCCESS |  
2019-08-21 12:28:07,423 | INFO  | DNAudit | user=null | ip=null | op=PUT_BLOCK {blockData=[blockId=conID: 1 locID: 102654966980018716 bcsId: 0,size=3145728]} | ret=SUCCESS |  
2019-08-21 12:28:07,423 [grpc-default-executor-5] INFO  client.GrpcClientProtocolClient (GrpcClientProtocolClient.java:onNext(255)) - client-C954105195FD->270584e6-a4a8-4db5-8151-214655ce1a56: receive RaftClientReply:client-C954105195FD->270584e6-a4a8-4db5-8151-214655ce1a56@group-787F5BA3AA67, cid=1964, SUCCESS, logIndex=2875, commits[270584e6-a4a8-4db5-8151-214655ce1a56:c2875, af078b8b-61ec-497f-9506-472d46a72462:c2873, 09fb9ab4-1b8d-44c0-9f8c-50855c6f1fed:c2873]
2019-08-21 12:28:07,429 | INFO  | DNAudit | user=null | ip=null | op=WRITE_CHUNK {blockData=conID: 1 locID: 102654966980018716 bcsId: 2875} | ret=SUCCESS |  
2019-08-21 12:28:07,431 | INFO  | DNAudit | user=null | ip=null | op=WRITE_CHUNK {blockData=conID: 1 locID: 102654966980018716 bcsId: 2875} | ret=SUCCESS |  
2019-08-21 12:28:07,432 | INFO  | DNAudit | user=null | ip=null | op=WRITE_CHUNK {blockData=conID: 1 locID: 102654966980018716 bcsId: 2875} | ret=SUCCESS |  
2019-08-21 12:28:07,442 | INFO  | DNAudit | user=null | ip=null | op=WRITE_CHUNK {blockData=conID: 1 locID: 102654966980018716 bcsId: 2875} | ret=SUCCESS |  
2019-08-21 12:28:07,443 | INFO  | DNAudit | user=null | ip=null | op=PUT_BLOCK {blockData=[blockId=conID: 1 locID: 102654966980018716 bcsId: 0,size=4194304]} | ret=SUCCESS |  
2019-08-21 12:28:07,443 [grpc-default-executor-4] INFO  client.GrpcClientProtocolClient (GrpcClientProtocolClient.java:onNext(255)) - client-C954105195FD->270584e6-a4a8-4db5-8151-214655ce1a56: receive RaftClientReply:client-C954105195FD->270584e6-a4a8-4db5-8151-214655ce1a56@group-787F5BA3AA67, cid=1965, SUCCESS, logIndex=2878, commits[270584e6-a4a8-4db5-8151-214655ce1a56:c2879, af078b8b-61ec-497f-9506-472d46a72462:c2877, 09fb9ab4-1b8d-44c0-9f8c-50855c6f1fed:c2877]
2019-08-21 12:28:07,443 [grpc-default-executor-4] INFO  client.GrpcClientProtocolClient (GrpcClientProtocolClient.java:onNext(255)) - client-C954105195FD->270584e6-a4a8-4db5-8151-214655ce1a56: receive RaftClientReply:client-C954105195FD->270584e6-a4a8-4db5-8151-214655ce1a56@group-787F5BA3AA67, cid=1966, SUCCESS, logIndex=2879, commits[270584e6-a4a8-4db5-8151-214655ce1a56:c2879, af078b8b-61ec-497f-9506-472d46a72462:c2877, 09fb9ab4-1b8d-44c0-9f8c-50855c6f1fed:c2877]
2019-08-21 12:28:07,454 | INFO  | DNAudit | user=null | ip=null | op=WRITE_CHUNK {blockData=conID: 1 locID: 102654966980018716 bcsId: 2875} | ret=SUCCESS |  
2019-08-21 12:28:07,454 | INFO  | DNAudit | user=null | ip=null | op=WRITE_CHUNK {blockData=conID: 1 locID: 102654966980018716 bcsId: 2875} | ret=SUCCESS |  
2019-08-21 12:28:07,454 | INFO  | DNAudit | user=null | ip=null | op=PUT_BLOCK {blockData=[blockId=conID: 1 locID: 102654966980018716 bcsId: 0,size=4194304]} | ret=SUCCESS |  
2019-08-21 12:28:07,454 | INFO  | DNAudit | user=null | ip=null | op=PUT_BLOCK {blockData=[blockId=conID: 1 locID: 102654966980018716 bcsId: 0,size=4194304]} | ret=SUCCESS |  
2019-08-21 12:28:07,454 [grpc-default-executor-4] INFO  client.GrpcClientProtocolClient (GrpcClientProtocolClient.java:onNext(255)) - client-C954105195FD->270584e6-a4a8-4db5-8151-214655ce1a56: receive RaftClientReply:client-C954105195FD->270584e6-a4a8-4db5-8151-214655ce1a56@group-787F5BA3AA67, cid=1967, SUCCESS, logIndex=0, commits[270584e6-a4a8-4db5-8151-214655ce1a56:c2880, af078b8b-61ec-497f-9506-472d46a72462:c2879, 09fb9ab4-1b8d-44c0-9f8c-50855c6f1fed:c2879]
2019-08-21 12:28:07,461 | INFO  | SCMAudit | user=jenkins1000 | ip=192.168.34.23 | op=ALLOCATE_BLOCK {owner=b79f83c9-5f7d-4caf-af30-78af34bc5eea, size=4194304, type=RATIS, factor=THREE} | ret=SUCCESS |  
2019-08-21 12:28:07,465 | INFO  | OMAudit | user=jenkins1000 | ip=127.0.0.1 | op=ALLOCATE_BLOCK {volume=vol-0-06517, bucket=bucket-0-64549, key=key-0-34512, dataSize=0, replicationType=null, replicationFactor=null, keyLocationInfo=null, clientID=102654965997830546} | ret=SUCCESS |  
2019-08-21 12:28:07,472 | INFO  | DNAudit | user=null | ip=null | op=WRITE_CHUNK {blockData=conID: 2 locID: 102654966986244637 bcsId: 0} | ret=SUCCESS |  
2019-08-21 12:28:07,475 | INFO  | DNAudit | user=null | ip=null | op=WRITE_CHUNK {blockData=conID: 2 locID: 102654966986244637 bcsId: 0} | ret=SUCCESS |  
2019-08-21 12:28:07,475 | INFO  | DNAudit | user=null | ip=null | op=WRITE_CHUNK {blockData=conID: 2 locID: 102654966986244637 bcsId: 0} | ret=SUCCESS |  
2019-08-21 12:28:07,475 | INFO  | DNAudit | user=null | ip=null | op=WRITE_CHUNK {blockData=conID: 2 locID: 102654966986244637 bcsId: 0} | ret=SUCCESS |  
2019-08-21 12:28:07,477 | INFO  | DNAudit | user=null | ip=null | op=WRITE_CHUNK {blockData=conID: 2 locID: 102654966986244637 bcsId: 0} | ret=SUCCESS |  
2019-08-21 12:28:07,478 | INFO  | DNAudit | user=null | ip=null | op=WRITE_CHUNK {blockData=conID: 2 locID: 102654966986244637 bcsId: 0} | ret=SUCCESS |  
2019-08-21 12:28:07,484 | INFO  | DNAudit | user=null | ip=null | op=WRITE_CHUNK {blockData=conID: 2 locID: 102654966986244637 bcsId: 0} | ret=SUCCESS |  
2019-08-21 12:28:07,485 | INFO  | DNAudit | user=null | ip=null | op=PUT_BLOCK {blockData=[blockId=conID: 2 locID: 102654966986244637 bcsId: 0,size=1048576]} | ret=SUCCESS |  
2019-08-21 12:28:07,485 [grpc-default-executor-5] INFO  client.GrpcClientProtocolClient (GrpcClientProtocolClient.java:onNext(255)) - client-C954105195FD->270584e6-a4a8-4db5-8151-214655ce1a56: receive RaftClientReply:client-C954105195FD->270584e6-a4a8-4db5-8151-214655ce1a56@group-787F5BA3AA67, cid=1968, SUCCESS, logIndex=2882, commits[270584e6-a4a8-4db5-8151-214655ce1a56:c2883, af078b8b-61ec-497f-9506-472d46a72462:c2881, 09fb9ab4-1b8d-44c0-9f8c-50855c6f1fed:c2881]
2019-08-21 12:28:07,485 | INFO  | DNAudit | user=null | ip=null | op=WRITE_CHUNK {blockData=conID: 2 locID: 102654966986244637 bcsId: 0} | ret=SUCCESS |  
2019-08-21 12:28:07,486 | INFO  | DNAudit | user=null | ip=null | op=PUT_BLOCK {blockData=[blockId=conID: 2 locID: 102654966986244637 bcsId: 0,size=2097152]} | ret=SUCCESS |  
2019-08-21 12:28:07,486 [grpc-default-executor-5] INFO  client.GrpcClientProtocolClient (GrpcClientProtocolClient.java:onNext(255)) - client-C954105195FD->270584e6-a4a8-4db5-8151-214655ce1a56: receive RaftClientReply:client-C954105195FD->270584e6-a4a8-4db5-8151-214655ce1a56@group-787F5BA3AA67, cid=1969, SUCCESS, logIndex=2883, commits[270584e6-a4a8-4db5-8151-214655ce1a56:c2883, af078b8b-61ec-497f-9506-472d46a72462:c2881, 09fb9ab4-1b8d-44c0-9f8c-50855c6f1fed:c2881]
2019-08-21 12:28:07,486 [grpc-default-executor-5] INFO  client.GrpcClientProtocolClient (GrpcClientProtocolClient.java:onNext(255)) - client-C954105195FD->270584e6-a4a8-4db5-8151-214655ce1a56: receive RaftClientReply:client-C954105195FD->270584e6-a4a8-4db5-8151-214655ce1a56@group-787F5BA3AA67, cid=1970, SUCCESS, logIndex=2884, commits[270584e6-a4a8-4db5-8151-214655ce1a56:c2885, af078b8b-61ec-497f-9506-472d46a72462:c2881, 09fb9ab4-1b8d-44c0-9f8c-50855c6f1fed:c2881]
2019-08-21 12:28:07,487 | INFO  | DNAudit | user=null | ip=null | op=WRITE_CHUNK {blockData=conID: 2 locID: 102654966986244637 bcsId: 0} | ret=SUCCESS |  
2019-08-21 12:28:07,487 [grpc-default-executor-4] INFO  client.GrpcClientProtocolClient (GrpcClientProtocolClient.java:onNext(255)) - client-C954105195FD->270584e6-a4a8-4db5-8151-214655ce1a56: receive RaftClientReply:client-C954105195FD->270584e6-a4a8-4db5-8151-214655ce1a56@group-787F5BA3AA67, cid=1971, SUCCESS, logIndex=2885, commits[270584e6-a4a8-4db5-8151-214655ce1a56:c2885, af078b8b-61ec-497f-9506-472d46a72462:c2881, 09fb9ab4-1b8d-44c0-9f8c-50855c6f1fed:c2881]
2019-08-21 12:28:07,487 | INFO  | DNAudit | user=null | ip=null | op=PUT_BLOCK {blockData=[blockId=conID: 2 locID: 102654966986244637 bcsId: 0,size=1048576]} | ret=SUCCESS |  
2019-08-21 12:28:07,487 | INFO  | DNAudit | user=null | ip=null | op=WRITE_CHUNK {blockData=conID: 2 locID: 102654966986244637 bcsId: 0} | ret=SUCCESS |  
2019-08-21 12:28:07,488 | INFO  | DNAudit | user=null | ip=null | op=PUT_BLOCK {blockData=[blockId=conID: 2 locID: 102654966986244637 bcsId: 0,size=1048576]} | ret=SUCCESS |  
2019-08-21 12:28:07,488 [grpc-default-executor-4] INFO  client.GrpcClientProtocolClient (GrpcClientProtocolClient.java:onNext(255)) - client-C954105195FD->270584e6-a4a8-4db5-8151-214655ce1a56: receive RaftClientReply:client-C954105195FD->270584e6-a4a8-4db5-8151-214655ce1a56@group-787F5BA3AA67, cid=1972, SUCCESS, logIndex=0, commits[270584e6-a4a8-4db5-8151-214655ce1a56:c2887, af078b8b-61ec-497f-9506-472d46a72462:c2883, 09fb9ab4-1b8d-44c0-9f8c-50855c6f1fed:c2883]
2019-08-21 12:28:07,494 | INFO  | DNAudit | user=null | ip=null | op=WRITE_CHUNK {blockData=conID: 2 locID: 102654966986244637 bcsId: 2885} | ret=SUCCESS |  
2019-08-21 12:28:07,496 | INFO  | DNAudit | user=null | ip=null | op=WRITE_CHUNK {blockData=conID: 2 locID: 102654966986244637 bcsId: 2885} | ret=SUCCESS |  
2019-08-21 12:28:07,496 | INFO  | DNAudit | user=null | ip=null | op=WRITE_CHUNK {blockData=conID: 2 locID: 102654966986244637 bcsId: 2885} | ret=SUCCESS |  
2019-08-21 12:28:07,498 | INFO  | DNAudit | user=null | ip=null | op=WRITE_CHUNK {blockData=conID: 2 locID: 102654966986244637 bcsId: 0} | ret=SUCCESS |  
2019-08-21 12:28:07,499 | INFO  | DNAudit | user=null | ip=null | op=PUT_BLOCK {blockData=[blockId=conID: 2 locID: 102654966986244637 bcsId: 0,size=2097152]} | ret=SUCCESS |  
2019-08-21 12:28:07,499 | INFO  | DNAudit | user=null | ip=null | op=WRITE_CHUNK {blockData=conID: 2 locID: 102654966986244637 bcsId: 0} | ret=SUCCESS |  
2019-08-21 12:28:07,499 | INFO  | DNAudit | user=null | ip=null | op=PUT_BLOCK {blockData=[blockId=conID: 2 locID: 102654966986244637 bcsId: 0,size=2097152]} | ret=SUCCESS |  
2019-08-21 12:28:07,501 | INFO  | DNAudit | user=null | ip=null | op=WRITE_CHUNK {blockData=conID: 2 locID: 102654966986244637 bcsId: 2885} | ret=SUCCESS |  
2019-08-21 12:28:07,502 | INFO  | DNAudit | user=null | ip=null | op=PUT_BLOCK {blockData=[blockId=conID: 2 locID: 102654966986244637 bcsId: 0,size=3145728]} | ret=SUCCESS |  
2019-08-21 12:28:07,502 [grpc-default-executor-4] INFO  client.GrpcClientProtocolClient (GrpcClientProtocolClient.java:onNext(255)) - client-C954105195FD->270584e6-a4a8-4db5-8151-214655ce1a56: receive RaftClientReply:client-C954105195FD->270584e6-a4a8-4db5-8151-214655ce1a56@group-787F5BA3AA67, cid=1973, SUCCESS, logIndex=2890, commits[270584e6-a4a8-4db5-8151-214655ce1a56:c2891, af078b8b-61ec-497f-9506-472d46a72462:c2885, 09fb9ab4-1b8d-44c0-9f8c-50855c6f1fed:c2887]
2019-08-21 12:28:07,502 [grpc-default-executor-4] INFO  client.GrpcClientProtocolClient (GrpcClientProtocolClient.java:onNext(255)) - client-C954105195FD->270584e6-a4a8-4db5-8151-214655ce1a56: receive RaftClientReply:client-C954105195FD->270584e6-a4a8-4db5-8151-214655ce1a56@group-787F5BA3AA67, cid=1974, SUCCESS, logIndex=2891, commits[270584e6-a4a8-4db5-8151-214655ce1a56:c2891, af078b8b-61ec-497f-9506-472d46a72462:c2887, 09fb9ab4-1b8d-44c0-9f8c-50855c6f1fed:c2887]
2019-08-21 12:28:07,509 | INFO  | DNAudit | user=null | ip=null | op=WRITE_CHUNK {blockData=conID: 2 locID: 102654966986244637 bcsId: 2891} | ret=SUCCESS |  
2019-08-21 12:28:07,511 | INFO  | DNAudit | user=null | ip=null | op=WRITE_CHUNK {blockData=conID: 2 locID: 102654966986244637 bcsId: 2891} | ret=SUCCESS |  
2019-08-21 12:28:07,512 | INFO  | DNAudit | user=null | ip=null | op=WRITE_CHUNK {blockData=conID: 2 locID: 102654966986244637 bcsId: 2891} | ret=SUCCESS |  
2019-08-21 12:28:07,514 | INFO  | DNAudit | user=null | ip=null | op=WRITE_CHUNK {blockData=conID: 2 locID: 102654966986244637 bcsId: 2885} | ret=SUCCESS |  
2019-08-21 12:28:07,514 | INFO  | DNAudit | user=null | ip=null | op=WRITE_CHUNK {blockData=conID: 2 locID: 102654966986244637 bcsId: 2885} | ret=SUCCESS |  
2019-08-21 12:28:07,514 | INFO  | DNAudit | user=null | ip=null | op=PUT_BLOCK {blockData=[blockId=conID: 2 locID: 102654966986244637 bcsId: 0,size=3145728]} | ret=SUCCESS |  
2019-08-21 12:28:07,514 | INFO  | DNAudit | user=null | ip=null | op=PUT_BLOCK {blockData=[blockId=conID: 2 locID: 102654966986244637 bcsId: 0,size=3145728]} | ret=SUCCESS |  
2019-08-21 12:28:07,517 | INFO  | DNAudit | user=null | ip=null | op=WRITE_CHUNK {blockData=conID: 2 locID: 102654966986244637 bcsId: 2891} | ret=SUCCESS |  
2019-08-21 12:28:07,517 | INFO  | DNAudit | user=null | ip=null | op=PUT_BLOCK {blockData=[blockId=conID: 2 locID: 102654966986244637 bcsId: 0,size=4194304]} | ret=SUCCESS |  
2019-08-21 12:28:07,517 [grpc-default-executor-4] INFO  client.GrpcClientProtocolClient (GrpcClientProtocolClient.java:onNext(255)) - client-C954105195FD->270584e6-a4a8-4db5-8151-214655ce1a56: receive RaftClientReply:client-C954105195FD->270584e6-a4a8-4db5-8151-214655ce1a56@group-787F5BA3AA67, cid=1975, SUCCESS, logIndex=2893, commits[270584e6-a4a8-4db5-8151-214655ce1a56:c2894, af078b8b-61ec-497f-9506-472d46a72462:c2891, 09fb9ab4-1b8d-44c0-9f8c-50855c6f1fed:c2891]
2019-08-21 12:28:07,518 [grpc-default-executor-4] INFO  client.GrpcClientProtocolClient (GrpcClientProtocolClient.java:onNext(255)) - client-C954105195FD->270584e6-a4a8-4db5-8151-214655ce1a56: receive RaftClientReply:client-C954105195FD->270584e6-a4a8-4db5-8151-214655ce1a56@group-787F5BA3AA67, cid=1976, SUCCESS, logIndex=2894, commits[270584e6-a4a8-4db5-8151-214655ce1a56:c2894, af078b8b-61ec-497f-9506-472d46a72462:c2891, 09fb9ab4-1b8d-44c0-9f8c-50855c6f1fed:c2891]
2019-08-21 12:28:07,528 | INFO  | DNAudit | user=null | ip=null | op=WRITE_CHUNK {blockData=conID: 2 locID: 102654966986244637 bcsId: 2891} | ret=SUCCESS |  
2019-08-21 12:28:07,528 | INFO  | DNAudit | user=null | ip=null | op=WRITE_CHUNK {blockData=conID: 2 locID: 102654966986244637 bcsId: 2891} | ret=SUCCESS |  
2019-08-21 12:28:07,531 | INFO  | DNAudit | user=null | ip=null | op=PUT_BLOCK {blockData=[blockId=conID: 2 locID: 102654966986244637 bcsId: 0,size=4194304]} | ret=SUCCESS |  
2019-08-21 12:28:07,531 | INFO  | DNAudit | user=null | ip=null | op=PUT_BLOCK {blockData=[blockId=conID: 2 locID: 102654966986244637 bcsId: 0,size=4194304]} | ret=SUCCESS |  
2019-08-21 12:28:07,532 [grpc-default-executor-4] INFO  client.GrpcClientProtocolClient (GrpcClientProtocolClient.java:onNext(255)) - client-C954105195FD->270584e6-a4a8-4db5-8151-214655ce1a56: receive RaftClientReply:client-C954105195FD->270584e6-a4a8-4db5-8151-214655ce1a56@group-787F5BA3AA67, cid=1977, SUCCESS, logIndex=0, commits[270584e6-a4a8-4db5-8151-214655ce1a56:c2896, af078b8b-61ec-497f-9506-472d46a72462:c2894, 09fb9ab4-1b8d-44c0-9f8c-50855c6f1fed:c2894]
2019-08-21 12:28:07,538 | INFO  | SCMAudit | user=jenkins1000 | ip=192.168.34.23 | op=ALLOCATE_BLOCK {owner=b79f83c9-5f7d-4caf-af30-78af34bc5eea, size=4194304, type=RATIS, factor=THREE} | ret=SUCCESS |  
2019-08-21 12:28:07,542 | INFO  | OMAudit | user=jenkins1000 | ip=127.0.0.1 | op=ALLOCATE_BLOCK {volume=vol-0-06517, bucket=bucket-0-64549, key=key-0-34512, dataSize=0, replicationType=null, replicationFactor=null, keyLocationInfo=null, clientID=102654965997830546} | ret=SUCCESS |  
2019-08-21 12:28:07,550 | INFO  | DNAudit | user=null | ip=null | op=WRITE_CHUNK {blockData=conID: 3 locID: 102654966991290910 bcsId: 0} | ret=SUCCESS |  
2019-08-21 12:28:07,552 | INFO  | DNAudit | user=null | ip=null | op=WRITE_CHUNK {blockData=conID: 3 locID: 102654966991290910 bcsId: 0} | ret=SUCCESS |  
2019-08-21 12:28:07,552 | INFO  | DNAudit | user=null | ip=null | op=WRITE_CHUNK {blockData=conID: 3 locID: 102654966991290910 bcsId: 0} | ret=SUCCESS |  
2019-08-21 12:28:07,552 | INFO  | DNAudit | user=null | ip=null | op=WRITE_CHUNK {blockData=conID: 3 locID: 102654966991290910 bcsId: 0} | ret=SUCCESS |  
2019-08-21 12:28:07,554 | INFO  | DNAudit | user=null | ip=null | op=WRITE_CHUNK {blockData=conID: 3 locID: 102654966991290910 bcsId: 0} | ret=SUCCESS |  
2019-08-21 12:28:07,554 | INFO  | DNAudit | user=null | ip=null | op=WRITE_CHUNK {blockData=conID: 3 locID: 102654966991290910 bcsId: 0} | ret=SUCCESS |  
2019-08-21 12:28:07,566 | INFO  | DNAudit | user=null | ip=null | op=WRITE_CHUNK {blockData=conID: 3 locID: 102654966991290910 bcsId: 0} | ret=SUCCESS |  
2019-08-21 12:28:07,567 | INFO  | DNAudit | user=null | ip=null | op=PUT_BLOCK {blockData=[blockId=conID: 3 locID: 102654966991290910 bcsId: 0,size=1048576]} | ret=SUCCESS |  
2019-08-21 12:28:07,567 [grpc-default-executor-4] INFO  client.GrpcClientProtocolClient (GrpcClientProtocolClient.java:onNext(255)) - client-C954105195FD->270584e6-a4a8-4db5-8151-214655ce1a56: receive RaftClientReply:client-C954105195FD->270584e6-a4a8-4db5-8151-214655ce1a56@group-787F5BA3AA67, cid=1978, SUCCESS, logIndex=2897, commits[270584e6-a4a8-4db5-8151-214655ce1a56:c2898, af078b8b-61ec-497f-9506-472d46a72462:c2896, 09fb9ab4-1b8d-44c0-9f8c-50855c6f1fed:c2896]
2019-08-21 12:28:07,568 [grpc-default-executor-4] INFO  client.GrpcClientProtocolClient (GrpcClientProtocolClient.java:onNext(255)) - client-C954105195FD->270584e6-a4a8-4db5-8151-214655ce1a56: receive RaftClientReply:client-C954105195FD->270584e6-a4a8-4db5-8151-214655ce1a56@group-787F5BA3AA67, cid=1979, SUCCESS, logIndex=2898, commits[270584e6-a4a8-4db5-8151-214655ce1a56:c2898, af078b8b-61ec-497f-9506-472d46a72462:c2896, 09fb9ab4-1b8d-44c0-9f8c-50855c6f1fed:c2896]
2019-08-21 12:28:07,577 | INFO  | DNAudit | user=null | ip=null | op=WRITE_CHUNK {blockData=conID: 3 locID: 102654966991290910 bcsId: 0} | ret=SUCCESS |  
2019-08-21 12:28:07,578 | INFO  | DNAudit | user=null | ip=null | op=PUT_BLOCK {blockData=[blockId=conID: 3 locID: 102654966991290910 bcsId: 0,size=2097152]} | ret=SUCCESS |  
2019-08-21 12:28:07,578 [grpc-default-executor-5] INFO  client.GrpcClientProtocolClient (GrpcClientProtocolClient.java:onNext(255)) - client-C954105195FD->270584e6-a4a8-4db5-8151-214655ce1a56: receive RaftClientReply:client-C954105195FD->270584e6-a4a8-4db5-8151-214655ce1a56@group-787F5BA3AA67, cid=1980, SUCCESS, logIndex=2899, commits[270584e6-a4a8-4db5-8151-214655ce1a56:c2900, af078b8b-61ec-497f-9506-472d46a72462:c2896, 09fb9ab4-1b8d-44c0-9f8c-50855c6f1fed:c2896]
2019-08-21 12:28:07,578 | INFO  | DNAudit | user=null | ip=null | op=WRITE_CHUNK {blockData=conID: 3 locID: 102654966991290910 bcsId: 0} | ret=SUCCESS |  
2019-08-21 12:28:07,578 | INFO  | DNAudit | user=null | ip=null | op=PUT_BLOCK {blockData=[blockId=conID: 3 locID: 102654966991290910 bcsId: 0,size=1048576]} | ret=SUCCESS |  
2019-08-21 12:28:07,578 [grpc-default-executor-5] INFO  client.GrpcClientProtocolClient (GrpcClientProtocolClient.java:onNext(255)) - client-C954105195FD->270584e6-a4a8-4db5-8151-214655ce1a56: receive RaftClientReply:client-C954105195FD->270584e6-a4a8-4db5-8151-214655ce1a56@group-787F5BA3AA67, cid=1981, SUCCESS, logIndex=2900, commits[270584e6-a4a8-4db5-8151-214655ce1a56:c2901, af078b8b-61ec-497f-9506-472d46a72462:c2896, 09fb9ab4-1b8d-44c0-9f8c-50855c6f1fed:c2898]
2019-08-21 12:28:07,579 | INFO  | DNAudit | user=null | ip=null | op=WRITE_CHUNK {blockData=conID: 3 locID: 102654966991290910 bcsId: 0} | ret=SUCCESS |  
2019-08-21 12:28:07,579 | INFO  | DNAudit | user=null | ip=null | op=PUT_BLOCK {blockData=[blockId=conID: 3 locID: 102654966991290910 bcsId: 0,size=1048576]} | ret=SUCCESS |  
2019-08-21 12:28:07,579 | INFO  | DNAudit | user=null | ip=null | op=WRITE_CHUNK {blockData=conID: 3 locID: 102654966991290910 bcsId: 0} | ret=SUCCESS |  
2019-08-21 12:28:07,580 | INFO  | DNAudit | user=null | ip=null | op=PUT_BLOCK {blockData=[blockId=conID: 3 locID: 102654966991290910 bcsId: 0,size=2097152]} | ret=SUCCESS |  
2019-08-21 12:28:07,580 [grpc-default-executor-4] INFO  client.GrpcClientProtocolClient (GrpcClientProtocolClient.java:onNext(255)) - client-C954105195FD->270584e6-a4a8-4db5-8151-214655ce1a56: receive RaftClientReply:client-C954105195FD->270584e6-a4a8-4db5-8151-214655ce1a56@group-787F5BA3AA67, cid=1982, SUCCESS, logIndex=0, commits[270584e6-a4a8-4db5-8151-214655ce1a56:c2902, af078b8b-61ec-497f-9506-472d46a72462:c2898, 09fb9ab4-1b8d-44c0-9f8c-50855c6f1fed:c2898]
2019-08-21 12:28:07,580 | INFO  | DNAudit | user=null | ip=null | op=WRITE_CHUNK {blockData=conID: 3 locID: 102654966991290910 bcsId: 0} | ret=SUCCESS |  
2019-08-21 12:28:07,580 | INFO  | DNAudit | user=null | ip=null | op=PUT_BLOCK {blockData=[blockId=conID: 3 locID: 102654966991290910 bcsId: 0,size=2097152]} | ret=SUCCESS |  
2019-08-21 12:28:07,587 | INFO  | DNAudit | user=null | ip=null | op=WRITE_CHUNK {blockData=conID: 3 locID: 102654966991290910 bcsId: 2900} | ret=SUCCESS |  
2019-08-21 12:28:07,589 | INFO  | DNAudit | user=null | ip=null | op=WRITE_CHUNK {blockData=conID: 3 locID: 102654966991290910 bcsId: 2900} | ret=SUCCESS |  
2019-08-21 12:28:07,589 | INFO  | DNAudit | user=null | ip=null | op=WRITE_CHUNK {blockData=conID: 3 locID: 102654966991290910 bcsId: 2900} | ret=SUCCESS |  
2019-08-21 12:28:07,592 | INFO  | DNAudit | user=null | ip=null | op=WRITE_CHUNK {blockData=conID: 3 locID: 102654966991290910 bcsId: 2900} | ret=SUCCESS |  
2019-08-21 12:28:07,593 | INFO  | DNAudit | user=null | ip=null | op=PUT_BLOCK {blockData=[blockId=conID: 3 locID: 102654966991290910 bcsId: 0,size=3145728]} | ret=SUCCESS |  
2019-08-21 12:28:07,593 [grpc-default-executor-4] INFO  client.GrpcClientProtocolClient (GrpcClientProtocolClient.java:onNext(255)) - client-C954105195FD->270584e6-a4a8-4db5-8151-214655ce1a56: receive RaftClientReply:client-C954105195FD->270584e6-a4a8-4db5-8151-214655ce1a56@group-787F5BA3AA67, cid=1983, SUCCESS, logIndex=2905, commits[270584e6-a4a8-4db5-8151-214655ce1a56:c2906, af078b8b-61ec-497f-9506-472d46a72462:c2904, 09fb9ab4-1b8d-44c0-9f8c-50855c6f1fed:c2904]
2019-08-21 12:28:07,593 [grpc-default-executor-4] INFO  client.GrpcClientProtocolClient (GrpcClientProtocolClient.java:onNext(255)) - client-C954105195FD->270584e6-a4a8-4db5-8151-214655ce1a56: receive RaftClientReply:client-C954105195FD->270584e6-a4a8-4db5-8151-214655ce1a56@group-787F5BA3AA67, cid=1984, SUCCESS, logIndex=2906, commits[270584e6-a4a8-4db5-8151-214655ce1a56:c2906, af078b8b-61ec-497f-9506-472d46a72462:c2904, 09fb9ab4-1b8d-44c0-9f8c-50855c6f1fed:c2904]
2019-08-21 12:28:07,594 | INFO  | DNAudit | user=null | ip=null | op=WRITE_CHUNK {blockData=conID: 3 locID: 102654966991290910 bcsId: 2900} | ret=SUCCESS |  
2019-08-21 12:28:07,595 | INFO  | DNAudit | user=null | ip=null | op=WRITE_CHUNK {blockData=conID: 3 locID: 102654966991290910 bcsId: 2900} | ret=SUCCESS |  
2019-08-21 12:28:07,599 | INFO  | DNAudit | user=null | ip=null | op=WRITE_CHUNK {blockData=conID: 3 locID: 102654966991290910 bcsId: 2906} | ret=SUCCESS |  
2019-08-21 12:28:07,602 | INFO  | DNAudit | user=null | ip=null | op=WRITE_CHUNK {blockData=conID: 3 locID: 102654966991290910 bcsId: 2906} | ret=SUCCESS |  
2019-08-21 12:28:07,602 | INFO  | DNAudit | user=null | ip=null | op=WRITE_CHUNK {blockData=conID: 3 locID: 102654966991290910 bcsId: 2906} | ret=SUCCESS |  
2019-08-21 12:28:07,606 | INFO  | DNAudit | user=null | ip=null | op=PUT_BLOCK {blockData=[blockId=conID: 3 locID: 102654966991290910 bcsId: 0,size=3145728]} | ret=SUCCESS |  
2019-08-21 12:28:07,607 | INFO  | DNAudit | user=null | ip=null | op=PUT_BLOCK {blockData=[blockId=conID: 3 locID: 102654966991290910 bcsId: 0,size=3145728]} | ret=SUCCESS |  
2019-08-21 12:28:07,607 | INFO  | DNAudit | user=null | ip=null | op=WRITE_CHUNK {blockData=conID: 3 locID: 102654966991290910 bcsId: 2906} | ret=SUCCESS |  
2019-08-21 12:28:07,608 | INFO  | DNAudit | user=null | ip=null | op=PUT_BLOCK {blockData=[blockId=conID: 3 locID: 102654966991290910 bcsId: 0,size=4194304]} | ret=SUCCESS |  
2019-08-21 12:28:07,608 [grpc-default-executor-1] INFO  client.GrpcClientProtocolClient (GrpcClientProtocolClient.java:onNext(255)) - client-C954105195FD->270584e6-a4a8-4db5-8151-214655ce1a56: receive RaftClientReply:client-C954105195FD->270584e6-a4a8-4db5-8151-214655ce1a56@group-787F5BA3AA67, cid=1985, SUCCESS, logIndex=2909, commits[270584e6-a4a8-4db5-8151-214655ce1a56:c2910, af078b8b-61ec-497f-9506-472d46a72462:c2907, 09fb9ab4-1b8d-44c0-9f8c-50855c6f1fed:c2906]
2019-08-21 12:28:07,608 [grpc-default-executor-1] INFO  client.GrpcClientProtocolClient (GrpcClientProtocolClient.java:onNext(255)) - client-C954105195FD->270584e6-a4a8-4db5-8151-214655ce1a56: receive RaftClientReply:client-C954105195FD->270584e6-a4a8-4db5-8151-214655ce1a56@group-787F5BA3AA67, cid=1986, SUCCESS, logIndex=2910, commits[270584e6-a4a8-4db5-8151-214655ce1a56:c2910, af078b8b-61ec-497f-9506-472d46a72462:c2907, 09fb9ab4-1b8d-44c0-9f8c-50855c6f1fed:c2907]
2019-08-21 12:28:07,611 | INFO  | DNAudit | user=null | ip=null | op=WRITE_CHUNK {blockData=conID: 3 locID: 102654966991290910 bcsId: 2906} | ret=SUCCESS |  
2019-08-21 12:28:07,611 | INFO  | DNAudit | user=null | ip=null | op=WRITE_CHUNK {blockData=conID: 3 locID: 102654966991290910 bcsId: 2906} | ret=SUCCESS |  
2019-08-21 12:28:07,611 | INFO  | DNAudit | user=null | ip=null | op=PUT_BLOCK {blockData=[blockId=conID: 3 locID: 102654966991290910 bcsId: 0,size=4194304]} | ret=SUCCESS |  
2019-08-21 12:28:07,618 | INFO  | DNAudit | user=null | ip=null | op=PUT_BLOCK {blockData=[blockId=conID: 3 locID: 102654966991290910 bcsId: 0,size=4194304]} | ret=SUCCESS |  
2019-08-21 12:28:07,617 [grpc-default-executor-1] INFO  client.GrpcClientProtocolClient (GrpcClientProtocolClient.java:onNext(255)) - client-C954105195FD->270584e6-a4a8-4db5-8151-214655ce1a56: receive RaftClientReply:client-C954105195FD->270584e6-a4a8-4db5-8151-214655ce1a56@group-787F5BA3AA67, cid=1987, SUCCESS, logIndex=0, commits[270584e6-a4a8-4db5-8151-214655ce1a56:c2912, af078b8b-61ec-497f-9506-472d46a72462:c2910, 09fb9ab4-1b8d-44c0-9f8c-50855c6f1fed:c2910]
2019-08-21 12:28:07,622 | INFO  | SCMAudit | user=jenkins1000 | ip=192.168.34.23 | op=ALLOCATE_BLOCK {owner=b79f83c9-5f7d-4caf-af30-78af34bc5eea, size=4194304, type=RATIS, factor=THREE} | ret=SUCCESS |  
2019-08-21 12:28:07,625 | INFO  | OMAudit | user=jenkins1000 | ip=127.0.0.1 | op=ALLOCATE_BLOCK {volume=vol-0-06517, bucket=bucket-0-64549, key=key-0-34512, dataSize=0, replicationType=null, replicationFactor=null, keyLocationInfo=null, clientID=102654965997830546} | ret=SUCCESS |  
2019-08-21 12:28:07,632 | INFO  | DNAudit | user=null | ip=null | op=WRITE_CHUNK {blockData=conID: 1 locID: 102654966996795935 bcsId: 0} | ret=SUCCESS |  
2019-08-21 12:28:07,637 | INFO  | DNAudit | user=null | ip=null | op=WRITE_CHUNK {blockData=conID: 1 locID: 102654966996795935 bcsId: 0} | ret=SUCCESS |  
2019-08-21 12:28:07,637 | INFO  | DNAudit | user=null | ip=null | op=WRITE_CHUNK {blockData=conID: 1 locID: 102654966996795935 bcsId: 0} | ret=SUCCESS |  
2019-08-21 12:28:07,638 | INFO  | DNAudit | user=null | ip=null | op=WRITE_CHUNK {blockData=conID: 1 locID: 102654966996795935 bcsId: 0} | ret=SUCCESS |  
2019-08-21 12:28:07,641 | INFO  | DNAudit | user=null | ip=null | op=WRITE_CHUNK {blockData=conID: 1 locID: 102654966996795935 bcsId: 0} | ret=SUCCESS |  
2019-08-21 12:28:07,641 | INFO  | DNAudit | user=null | ip=null | op=WRITE_CHUNK {blockData=conID: 1 locID: 102654966996795935 bcsId: 0} | ret=SUCCESS |  
2019-08-21 12:28:07,642 | INFO  | DNAudit | user=null | ip=null | op=WRITE_CHUNK {blockData=conID: 1 locID: 102654966996795935 bcsId: 0} | ret=SUCCESS |  
2019-08-21 12:28:07,643 | INFO  | DNAudit | user=null | ip=null | op=PUT_BLOCK {blockData=[blockId=conID: 1 locID: 102654966996795935 bcsId: 0,size=1048576]} | ret=SUCCESS |  
2019-08-21 12:28:07,643 [grpc-default-executor-4] INFO  client.GrpcClientProtocolClient (GrpcClientProtocolClient.java:onNext(255)) - client-C954105195FD->270584e6-a4a8-4db5-8151-214655ce1a56: receive RaftClientReply:client-C954105195FD->270584e6-a4a8-4db5-8151-214655ce1a56@group-787F5BA3AA67, cid=1988, SUCCESS, logIndex=2913, commits[270584e6-a4a8-4db5-8151-214655ce1a56:c2914, af078b8b-61ec-497f-9506-472d46a72462:c2912, 09fb9ab4-1b8d-44c0-9f8c-50855c6f1fed:c2910]
2019-08-21 12:28:07,643 [grpc-default-executor-4] INFO  client.GrpcClientProtocolClient (GrpcClientProtocolClient.java:onNext(255)) - client-C954105195FD->270584e6-a4a8-4db5-8151-214655ce1a56: receive RaftClientReply:client-C954105195FD->270584e6-a4a8-4db5-8151-214655ce1a56@group-787F5BA3AA67, cid=1989, SUCCESS, logIndex=2914, commits[270584e6-a4a8-4db5-8151-214655ce1a56:c2914, af078b8b-61ec-497f-9506-472d46a72462:c2912, 09fb9ab4-1b8d-44c0-9f8c-50855c6f1fed:c2910]
2019-08-21 12:28:07,644 | INFO  | DNAudit | user=null | ip=null | op=WRITE_CHUNK {blockData=conID: 1 locID: 102654966996795935 bcsId: 0} | ret=SUCCESS |  
2019-08-21 12:28:07,644 | INFO  | DNAudit | user=null | ip=null | op=PUT_BLOCK {blockData=[blockId=conID: 1 locID: 102654966996795935 bcsId: 0,size=2097152]} | ret=SUCCESS |  
2019-08-21 12:28:07,644 [grpc-default-executor-4] INFO  client.GrpcClientProtocolClient (GrpcClientProtocolClient.java:onNext(255)) - client-C954105195FD->270584e6-a4a8-4db5-8151-214655ce1a56: receive RaftClientReply:client-C954105195FD->270584e6-a4a8-4db5-8151-214655ce1a56@group-787F5BA3AA67, cid=1990, SUCCESS, logIndex=2915, commits[270584e6-a4a8-4db5-8151-214655ce1a56:c2916, af078b8b-61ec-497f-9506-472d46a72462:c2912, 09fb9ab4-1b8d-44c0-9f8c-50855c6f1fed:c2910]
2019-08-21 12:28:07,644 [grpc-default-executor-4] INFO  client.GrpcClientProtocolClient (GrpcClientProtocolClient.java:onNext(255)) - client-C954105195FD->270584e6-a4a8-4db5-8151-214655ce1a56: receive RaftClientReply:client-C954105195FD->270584e6-a4a8-4db5-8151-214655ce1a56@group-787F5BA3AA67, cid=1991, SUCCESS, logIndex=2916, commits[270584e6-a4a8-4db5-8151-214655ce1a56:c2916, af078b8b-61ec-497f-9506-472d46a72462:c2912, 09fb9ab4-1b8d-44c0-9f8c-50855c6f1fed:c2910]
2019-08-21 12:28:07,647 | INFO  | DNAudit | user=null | ip=null | op=WRITE_CHUNK {blockData=conID: 1 locID: 102654966996795935 bcsId: 0} | ret=SUCCESS |  
2019-08-21 12:28:07,647 | INFO  | DNAudit | user=null | ip=null | op=PUT_BLOCK {blockData=[blockId=conID: 1 locID: 102654966996795935 bcsId: 0,size=1048576]} | ret=SUCCESS |  
2019-08-21 12:28:07,649 | INFO  | DNAudit | user=null | ip=null | op=WRITE_CHUNK {blockData=conID: 1 locID: 102654966996795935 bcsId: 0} | ret=SUCCESS |  
2019-08-21 12:28:07,650 | INFO  | DNAudit | user=null | ip=null | op=PUT_BLOCK {blockData=[blockId=conID: 1 locID: 102654966996795935 bcsId: 0,size=2097152]} | ret=SUCCESS |  
2019-08-21 12:28:07,650 | INFO  | DNAudit | user=null | ip=null | op=WRITE_CHUNK {blockData=conID: 1 locID: 102654966996795935 bcsId: 0} | ret=SUCCESS |  
2019-08-21 12:28:07,650 | INFO  | DNAudit | user=null | ip=null | op=PUT_BLOCK {blockData=[blockId=conID: 1 locID: 102654966996795935 bcsId: 0,size=1048576]} | ret=SUCCESS |  
2019-08-21 12:28:07,650 | INFO  | DNAudit | user=null | ip=null | op=WRITE_CHUNK {blockData=conID: 1 locID: 102654966996795935 bcsId: 0} | ret=SUCCESS |  
2019-08-21 12:28:07,650 | INFO  | DNAudit | user=null | ip=null | op=PUT_BLOCK {blockData=[blockId=conID: 1 locID: 102654966996795935 bcsId: 0,size=2097152]} | ret=SUCCESS |  
2019-08-21 12:28:07,650 [grpc-default-executor-4] INFO  client.GrpcClientProtocolClient (GrpcClientProtocolClient.java:onNext(255)) - client-C954105195FD->270584e6-a4a8-4db5-8151-214655ce1a56: receive RaftClientReply:client-C954105195FD->270584e6-a4a8-4db5-8151-214655ce1a56@group-787F5BA3AA67, cid=1992, SUCCESS, logIndex=0, commits[270584e6-a4a8-4db5-8151-214655ce1a56:c2918, af078b8b-61ec-497f-9506-472d46a72462:c2914, 09fb9ab4-1b8d-44c0-9f8c-50855c6f1fed:c2914]
2019-08-21 12:28:07,658 | INFO  | DNAudit | user=null | ip=null | op=WRITE_CHUNK {blockData=conID: 1 locID: 102654966996795935 bcsId: 2916} | ret=SUCCESS |  
2019-08-21 12:28:07,661 | INFO  | DNAudit | user=null | ip=null | op=WRITE_CHUNK {blockData=conID: 1 locID: 102654966996795935 bcsId: 2916} | ret=SUCCESS |  
2019-08-21 12:28:07,661 | INFO  | DNAudit | user=null | ip=null | op=WRITE_CHUNK {blockData=conID: 1 locID: 102654966996795935 bcsId: 2916} | ret=SUCCESS |  
2019-08-21 12:28:07,669 | INFO  | DNAudit | user=null | ip=null | op=WRITE_CHUNK {blockData=conID: 1 locID: 102654966996795935 bcsId: 2916} | ret=SUCCESS |  
2019-08-21 12:28:07,670 | INFO  | DNAudit | user=null | ip=null | op=PUT_BLOCK {blockData=[blockId=conID: 1 locID: 102654966996795935 bcsId: 0,size=3145728]} | ret=SUCCESS |  
2019-08-21 12:28:07,670 [grpc-default-executor-4] INFO  client.GrpcClientProtocolClient (GrpcClientProtocolClient.java:onNext(255)) - client-C954105195FD->270584e6-a4a8-4db5-8151-214655ce1a56: receive RaftClientReply:client-C954105195FD->270584e6-a4a8-4db5-8151-214655ce1a56@group-787F5BA3AA67, cid=1993, SUCCESS, logIndex=2921, commits[270584e6-a4a8-4db5-8151-214655ce1a56:c2922, af078b8b-61ec-497f-9506-472d46a72462:c2920, 09fb9ab4-1b8d-44c0-9f8c-50855c6f1fed:c2920]
2019-08-21 12:28:07,671 [grpc-default-executor-4] INFO  client.GrpcClientProtocolClient (GrpcClientProtocolClient.java:onNext(255)) - client-C954105195FD->270584e6-a4a8-4db5-8151-214655ce1a56: receive RaftClientReply:client-C954105195FD->270584e6-a4a8-4db5-8151-214655ce1a56@group-787F5BA3AA67, cid=1994, SUCCESS, logIndex=2922, commits[270584e6-a4a8-4db5-8151-214655ce1a56:c2922, af078b8b-61ec-497f-9506-472d46a72462:c2920, 09fb9ab4-1b8d-44c0-9f8c-50855c6f1fed:c2920]
2019-08-21 12:28:07,679 | INFO  | DNAudit | user=null | ip=null | op=WRITE_CHUNK {blockData=conID: 1 locID: 102654966996795935 bcsId: 2916} | ret=SUCCESS |  
2019-08-21 12:28:07,679 | INFO  | DNAudit | user=null | ip=null | op=WRITE_CHUNK {blockData=conID: 1 locID: 102654966996795935 bcsId: 2922} | ret=SUCCESS |  
2019-08-21 12:28:07,679 | INFO  | DNAudit | user=null | ip=null | op=WRITE_CHUNK {blockData=conID: 1 locID: 102654966996795935 bcsId: 2916} | ret=SUCCESS |  
2019-08-21 12:28:07,679 | INFO  | DNAudit | user=null | ip=null | op=PUT_BLOCK {blockData=[blockId=conID: 1 locID: 102654966996795935 bcsId: 0,size=3145728]} | ret=SUCCESS |  
2019-08-21 12:28:07,680 | INFO  | DNAudit | user=null | ip=null | op=PUT_BLOCK {blockData=[blockId=conID: 1 locID: 102654966996795935 bcsId: 0,size=3145728]} | ret=SUCCESS |  
2019-08-21 12:28:07,682 | INFO  | DNAudit | user=null | ip=null | op=WRITE_CHUNK {blockData=conID: 1 locID: 102654966996795935 bcsId: 2922} | ret=SUCCESS |  
2019-08-21 12:28:07,682 | INFO  | DNAudit | user=null | ip=null | op=WRITE_CHUNK {blockData=conID: 1 locID: 102654966996795935 bcsId: 2922} | ret=SUCCESS |  
2019-08-21 12:28:07,694 | INFO  | DNAudit | user=null | ip=null | op=WRITE_CHUNK {blockData=conID: 1 locID: 102654966996795935 bcsId: 2922} | ret=SUCCESS |  
2019-08-21 12:28:07,695 | INFO  | DNAudit | user=null | ip=null | op=PUT_BLOCK {blockData=[blockId=conID: 1 locID: 102654966996795935 bcsId: 0,size=4194304]} | ret=SUCCESS |  
2019-08-21 12:28:07,695 [grpc-default-executor-4] INFO  client.GrpcClientProtocolClient (GrpcClientProtocolClient.java:onNext(255)) - client-C954105195FD->270584e6-a4a8-4db5-8151-214655ce1a56: receive RaftClientReply:client-C954105195FD->270584e6-a4a8-4db5-8151-214655ce1a56@group-787F5BA3AA67, cid=1995, SUCCESS, logIndex=2925, commits[270584e6-a4a8-4db5-8151-214655ce1a56:c2926, af078b8b-61ec-497f-9506-472d46a72462:c2922, 09fb9ab4-1b8d-44c0-9f8c-50855c6f1fed:c2922]
2019-08-21 12:28:07,696 [grpc-default-executor-4] INFO  client.GrpcClientProtocolClient (GrpcClientProtocolClient.java:onNext(255)) - client-C954105195FD->270584e6-a4a8-4db5-8151-214655ce1a56: receive RaftClientReply:client-C954105195FD->270584e6-a4a8-4db5-8151-214655ce1a56@group-787F5BA3AA67, cid=1996, SUCCESS, logIndex=2926, commits[270584e6-a4a8-4db5-8151-214655ce1a56:c2926, af078b8b-61ec-497f-9506-472d46a72462:c2922, 09fb9ab4-1b8d-44c0-9f8c-50855c6f1fed:c2922]
2019-08-21 12:28:07,706 | INFO  | DNAudit | user=null | ip=null | op=WRITE_CHUNK {blockData=conID: 1 locID: 102654966996795935 bcsId: 2922} | ret=SUCCESS |  
2019-08-21 12:28:07,706 | INFO  | DNAudit | user=null | ip=null | op=WRITE_CHUNK {blockData=conID: 1 locID: 102654966996795935 bcsId: 2922} | ret=SUCCESS |  
2019-08-21 12:28:07,706 | INFO  | DNAudit | user=null | ip=null | op=PUT_BLOCK {blockData=[blockId=conID: 1 locID: 102654966996795935 bcsId: 0,size=4194304]} | ret=SUCCESS |  
2019-08-21 12:28:07,706 | INFO  | DNAudit | user=null | ip=null | op=PUT_BLOCK {blockData=[blockId=conID: 1 locID: 102654966996795935 bcsId: 0,size=4194304]} | ret=SUCCESS |  
2019-08-21 12:28:07,706 [grpc-default-executor-4] INFO  client.GrpcClientProtocolClient (GrpcClientProtocolClient.java:onNext(255)) - client-C954105195FD->270584e6-a4a8-4db5-8151-214655ce1a56: receive RaftClientReply:client-C954105195FD->270584e6-a4a8-4db5-8151-214655ce1a56@group-787F5BA3AA67, cid=1997, SUCCESS, logIndex=0, commits[270584e6-a4a8-4db5-8151-214655ce1a56:c2927, af078b8b-61ec-497f-9506-472d46a72462:c2926, 09fb9ab4-1b8d-44c0-9f8c-50855c6f1fed:c2926]
2019-08-21 12:28:07,712 | INFO  | SCMAudit | user=jenkins1000 | ip=192.168.34.23 | op=ALLOCATE_BLOCK {owner=b79f83c9-5f7d-4caf-af30-78af34bc5eea, size=4194304, type=RATIS, factor=THREE} | ret=SUCCESS |  
2019-08-21 12:28:07,715 | INFO  | OMAudit | user=jenkins1000 | ip=127.0.0.1 | op=ALLOCATE_BLOCK {volume=vol-0-06517, bucket=bucket-0-64549, key=key-0-34512, dataSize=0, replicationType=null, replicationFactor=null, keyLocationInfo=null, clientID=102654965997830546} | ret=SUCCESS |  
2019-08-21 12:28:07,724 | INFO  | DNAudit | user=null | ip=null | op=WRITE_CHUNK {blockData=conID: 2 locID: 102654967002694176 bcsId: 0} | ret=SUCCESS |  
2019-08-21 12:28:07,728 | INFO  | DNAudit | user=null | ip=null | op=WRITE_CHUNK {blockData=conID: 2 locID: 102654967002694176 bcsId: 0} | ret=SUCCESS |  
2019-08-21 12:28:07,729 | INFO  | DNAudit | user=null | ip=null | op=WRITE_CHUNK {blockData=conID: 2 locID: 102654967002694176 bcsId: 0} | ret=SUCCESS |  
2019-08-21 12:28:07,729 | INFO  | DNAudit | user=null | ip=null | op=WRITE_CHUNK {blockData=conID: 2 locID: 102654967002694176 bcsId: 0} | ret=SUCCESS |  
2019-08-21 12:28:07,731 | INFO  | DNAudit | user=null | ip=null | op=WRITE_CHUNK {blockData=conID: 2 locID: 102654967002694176 bcsId: 0} | ret=SUCCESS |  
2019-08-21 12:28:07,731 | INFO  | DNAudit | user=null | ip=null | op=WRITE_CHUNK {blockData=conID: 2 locID: 102654967002694176 bcsId: 0} | ret=SUCCESS |  
2019-08-21 12:28:07,737 | INFO  | DNAudit | user=null | ip=null | op=WRITE_CHUNK {blockData=conID: 2 locID: 102654967002694176 bcsId: 0} | ret=SUCCESS |  
2019-08-21 12:28:07,738 | INFO  | DNAudit | user=null | ip=null | op=PUT_BLOCK {blockData=[blockId=conID: 2 locID: 102654967002694176 bcsId: 0,size=1048576]} | ret=SUCCESS |  
2019-08-21 12:28:07,738 | INFO  | DNAudit | user=null | ip=null | op=WRITE_CHUNK {blockData=conID: 2 locID: 102654967002694176 bcsId: 0} | ret=SUCCESS |  
2019-08-21 12:28:07,738 [grpc-default-executor-1] INFO  client.GrpcClientProtocolClient (GrpcClientProtocolClient.java:onNext(255)) - client-C954105195FD->270584e6-a4a8-4db5-8151-214655ce1a56: receive RaftClientReply:client-C954105195FD->270584e6-a4a8-4db5-8151-214655ce1a56@group-787F5BA3AA67, cid=1998, SUCCESS, logIndex=2929, commits[270584e6-a4a8-4db5-8151-214655ce1a56:c2932, af078b8b-61ec-497f-9506-472d46a72462:c2928, 09fb9ab4-1b8d-44c0-9f8c-50855c6f1fed:c2928]
2019-08-21 12:28:07,738 | INFO  | DNAudit | user=null | ip=null | op=PUT_BLOCK {blockData=[blockId=conID: 2 locID: 102654967002694176 bcsId: 0,size=2097152]} | ret=SUCCESS |  
2019-08-21 12:28:07,739 [grpc-default-executor-1] INFO  client.GrpcClientProtocolClient (GrpcClientProtocolClient.java:onNext(255)) - client-C954105195FD->270584e6-a4a8-4db5-8151-214655ce1a56: receive RaftClientReply:client-C954105195FD->270584e6-a4a8-4db5-8151-214655ce1a56@group-787F5BA3AA67, cid=1999, SUCCESS, logIndex=2930, commits[270584e6-a4a8-4db5-8151-214655ce1a56:c2932, af078b8b-61ec-497f-9506-472d46a72462:c2928, 09fb9ab4-1b8d-44c0-9f8c-50855c6f1fed:c2928]
2019-08-21 12:28:07,739 [grpc-default-executor-1] INFO  client.GrpcClientProtocolClient (GrpcClientProtocolClient.java:onNext(255)) - client-C954105195FD->270584e6-a4a8-4db5-8151-214655ce1a56: receive RaftClientReply:client-C954105195FD->270584e6-a4a8-4db5-8151-214655ce1a56@group-787F5BA3AA67, cid=2000, SUCCESS, logIndex=2931, commits[270584e6-a4a8-4db5-8151-214655ce1a56:c2932, af078b8b-61ec-497f-9506-472d46a72462:c2928, 09fb9ab4-1b8d-44c0-9f8c-50855c6f1fed:c2928]
2019-08-21 12:28:07,740 [grpc-default-executor-1] INFO  client.GrpcClientProtocolClient (GrpcClientProtocolClient.java:onNext(255)) - client-C954105195FD->270584e6-a4a8-4db5-8151-214655ce1a56: receive RaftClientReply:client-C954105195FD->270584e6-a4a8-4db5-8151-214655ce1a56@group-787F5BA3AA67, cid=2001, SUCCESS, logIndex=2932, commits[270584e6-a4a8-4db5-8151-214655ce1a56:c2932, af078b8b-61ec-497f-9506-472d46a72462:c2928, 09fb9ab4-1b8d-44c0-9f8c-50855c6f1fed:c2928]
2019-08-21 12:28:07,748 | INFO  | DNAudit | user=null | ip=null | op=WRITE_CHUNK {blockData=conID: 2 locID: 102654967002694176 bcsId: 0} | ret=SUCCESS |  
2019-08-21 12:28:07,749 | INFO  | DNAudit | user=null | ip=null | op=WRITE_CHUNK {blockData=conID: 2 locID: 102654967002694176 bcsId: 0} | ret=SUCCESS |  
2019-08-21 12:28:07,749 | INFO  | DNAudit | user=null | ip=null | op=PUT_BLOCK {blockData=[blockId=conID: 2 locID: 102654967002694176 bcsId: 0,size=1048576]} | ret=SUCCESS |  
2019-08-21 12:28:07,749 | INFO  | DNAudit | user=null | ip=null | op=PUT_BLOCK {blockData=[blockId=conID: 2 locID: 102654967002694176 bcsId: 0,size=1048576]} | ret=SUCCESS |  
2019-08-21 12:28:07,749 | INFO  | DNAudit | user=null | ip=null | op=WRITE_CHUNK {blockData=conID: 2 locID: 102654967002694176 bcsId: 0} | ret=SUCCESS |  
2019-08-21 12:28:07,750 | INFO  | DNAudit | user=null | ip=null | op=PUT_BLOCK {blockData=[blockId=conID: 2 locID: 102654967002694176 bcsId: 0,size=2097152]} | ret=SUCCESS |  
2019-08-21 12:28:07,750 [grpc-default-executor-5] INFO  client.GrpcClientProtocolClient (GrpcClientProtocolClient.java:onNext(255)) - client-C954105195FD->270584e6-a4a8-4db5-8151-214655ce1a56: receive RaftClientReply:client-C954105195FD->270584e6-a4a8-4db5-8151-214655ce1a56@group-787F5BA3AA67, cid=2002, SUCCESS, logIndex=0, commits[270584e6-a4a8-4db5-8151-214655ce1a56:c2933, af078b8b-61ec-497f-9506-472d46a72462:c2930, 09fb9ab4-1b8d-44c0-9f8c-50855c6f1fed:c2930]
2019-08-21 12:28:07,751 | INFO  | DNAudit | user=null | ip=null | op=WRITE_CHUNK {blockData=conID: 2 locID: 102654967002694176 bcsId: 0} | ret=SUCCESS |  
2019-08-21 12:28:07,751 | INFO  | DNAudit | user=null | ip=null | op=PUT_BLOCK {blockData=[blockId=conID: 2 locID: 102654967002694176 bcsId: 0,size=2097152]} | ret=SUCCESS |  
2019-08-21 12:28:07,759 | INFO  | DNAudit | user=null | ip=null | op=WRITE_CHUNK {blockData=conID: 2 locID: 102654967002694176 bcsId: 2932} | ret=SUCCESS |  
2019-08-21 12:28:07,761 | INFO  | DNAudit | user=null | ip=null | op=WRITE_CHUNK {blockData=conID: 2 locID: 102654967002694176 bcsId: 2932} | ret=SUCCESS |  
2019-08-21 12:28:07,761 | INFO  | DNAudit | user=null | ip=null | op=WRITE_CHUNK {blockData=conID: 2 locID: 102654967002694176 bcsId: 2932} | ret=SUCCESS |  
2019-08-21 12:28:07,773 | INFO  | DNAudit | user=null | ip=null | op=WRITE_CHUNK {blockData=conID: 2 locID: 102654967002694176 bcsId: 2932} | ret=SUCCESS |  
2019-08-21 12:28:07,773 | INFO  | DNAudit | user=null | ip=null | op=PUT_BLOCK {blockData=[blockId=conID: 2 locID: 102654967002694176 bcsId: 0,size=3145728]} | ret=SUCCESS |  
2019-08-21 12:28:07,774 [grpc-default-executor-4] INFO  client.GrpcClientProtocolClient (GrpcClientProtocolClient.java:onNext(255)) - client-C954105195FD->270584e6-a4a8-4db5-8151-214655ce1a56: receive RaftClientReply:client-C954105195FD->270584e6-a4a8-4db5-8151-214655ce1a56@group-787F5BA3AA67, cid=2003, SUCCESS, logIndex=2937, commits[270584e6-a4a8-4db5-8151-214655ce1a56:c2938, af078b8b-61ec-497f-9506-472d46a72462:c2936, 09fb9ab4-1b8d-44c0-9f8c-50855c6f1fed:c2936]
2019-08-21 12:28:07,774 [grpc-default-executor-4] INFO  client.GrpcClientProtocolClient (GrpcClientProtocolClient.java:onNext(255)) - client-C954105195FD->270584e6-a4a8-4db5-8151-214655ce1a56: receive RaftClientReply:client-C954105195FD->270584e6-a4a8-4db5-8151-214655ce1a56@group-787F5BA3AA67, cid=2004, SUCCESS, logIndex=2938, commits[270584e6-a4a8-4db5-8151-214655ce1a56:c2938, af078b8b-61ec-497f-9506-472d46a72462:c2936, 09fb9ab4-1b8d-44c0-9f8c-50855c6f1fed:c2936]
2019-08-21 12:28:07,783 | INFO  | DNAudit | user=null | ip=null | op=WRITE_CHUNK {blockData=conID: 2 locID: 102654967002694176 bcsId: 2938} | ret=SUCCESS |  
2019-08-21 12:28:07,784 | INFO  | DNAudit | user=null | ip=null | op=WRITE_CHUNK {blockData=conID: 2 locID: 102654967002694176 bcsId: 2938} | ret=SUCCESS |  
2019-08-21 12:28:07,784 | INFO  | DNAudit | user=null | ip=null | op=WRITE_CHUNK {blockData=conID: 2 locID: 102654967002694176 bcsId: 2932} | ret=SUCCESS |  
2019-08-21 12:28:07,784 | INFO  | DNAudit | user=null | ip=null | op=WRITE_CHUNK {blockData=conID: 2 locID: 102654967002694176 bcsId: 2932} | ret=SUCCESS |  
2019-08-21 12:28:07,785 | INFO  | DNAudit | user=null | ip=null | op=PUT_BLOCK {blockData=[blockId=conID: 2 locID: 102654967002694176 bcsId: 0,size=3145728]} | ret=SUCCESS |  
2019-08-21 12:28:07,785 | INFO  | DNAudit | user=null | ip=null | op=WRITE_CHUNK {blockData=conID: 2 locID: 102654967002694176 bcsId: 2938} | ret=SUCCESS |  
2019-08-21 12:28:07,785 | INFO  | DNAudit | user=null | ip=null | op=PUT_BLOCK {blockData=[blockId=conID: 2 locID: 102654967002694176 bcsId: 0,size=3145728]} | ret=SUCCESS |  
2019-08-21 12:28:07,786 | INFO  | DNAudit | user=null | ip=null | op=WRITE_CHUNK {blockData=conID: 2 locID: 102654967002694176 bcsId: 2938} | ret=SUCCESS |  
2019-08-21 12:28:07,786 | INFO  | DNAudit | user=null | ip=null | op=PUT_BLOCK {blockData=[blockId=conID: 2 locID: 102654967002694176 bcsId: 0,size=4194304]} | ret=SUCCESS |  
2019-08-21 12:28:07,787 [grpc-default-executor-4] INFO  client.GrpcClientProtocolClient (GrpcClientProtocolClient.java:onNext(255)) - client-C954105195FD->270584e6-a4a8-4db5-8151-214655ce1a56: receive RaftClientReply:client-C954105195FD->270584e6-a4a8-4db5-8151-214655ce1a56@group-787F5BA3AA67, cid=2005, SUCCESS, logIndex=2940, commits[270584e6-a4a8-4db5-8151-214655ce1a56:c2941, af078b8b-61ec-497f-9506-472d46a72462:c2938, 09fb9ab4-1b8d-44c0-9f8c-50855c6f1fed:c2938]
2019-08-21 12:28:07,787 [grpc-default-executor-4] INFO  client.GrpcClientProtocolClient (GrpcClientProtocolClient.java:onNext(255)) - client-C954105195FD->270584e6-a4a8-4db5-8151-214655ce1a56: receive RaftClientReply:client-C954105195FD->270584e6-a4a8-4db5-8151-214655ce1a56@group-787F5BA3AA67, cid=2006, SUCCESS, logIndex=2941, commits[270584e6-a4a8-4db5-8151-214655ce1a56:c2941, af078b8b-61ec-497f-9506-472d46a72462:c2938, 09fb9ab4-1b8d-44c0-9f8c-50855c6f1fed:c2938]
2019-08-21 12:28:07,788 | INFO  | DNAudit | user=null | ip=null | op=WRITE_CHUNK {blockData=conID: 2 locID: 102654967002694176 bcsId: 2938} | ret=SUCCESS |  
2019-08-21 12:28:07,788 | INFO  | DNAudit | user=null | ip=null | op=PUT_BLOCK {blockData=[blockId=conID: 2 locID: 102654967002694176 bcsId: 0,size=4194304]} | ret=SUCCESS |  
2019-08-21 12:28:07,788 | INFO  | DNAudit | user=null | ip=null | op=WRITE_CHUNK {blockData=conID: 2 locID: 102654967002694176 bcsId: 2938} | ret=SUCCESS |  
2019-08-21 12:28:07,788 | INFO  | DNAudit | user=null | ip=null | op=PUT_BLOCK {blockData=[blockId=conID: 2 locID: 102654967002694176 bcsId: 0,size=4194304]} | ret=SUCCESS |  
2019-08-21 12:28:07,789 [grpc-default-executor-1] INFO  client.GrpcClientProtocolClient (GrpcClientProtocolClient.java:onNext(255)) - client-C954105195FD->270584e6-a4a8-4db5-8151-214655ce1a56: receive RaftClientReply:client-C954105195FD->270584e6-a4a8-4db5-8151-214655ce1a56@group-787F5BA3AA67, cid=2007, SUCCESS, logIndex=0, commits[270584e6-a4a8-4db5-8151-214655ce1a56:c2942, af078b8b-61ec-497f-9506-472d46a72462:c2941, 09fb9ab4-1b8d-44c0-9f8c-50855c6f1fed:c2941]
2019-08-21 12:28:07,795 | INFO  | SCMAudit | user=jenkins1000 | ip=192.168.34.23 | op=ALLOCATE_BLOCK {owner=b79f83c9-5f7d-4caf-af30-78af34bc5eea, size=4194304, type=RATIS, factor=THREE} | ret=SUCCESS |  
2019-08-21 12:28:07,798 | INFO  | OMAudit | user=jenkins1000 | ip=127.0.0.1 | op=ALLOCATE_BLOCK {volume=vol-0-06517, bucket=bucket-0-64549, key=key-0-34512, dataSize=0, replicationType=null, replicationFactor=null, keyLocationInfo=null, clientID=102654965997830546} | ret=SUCCESS |  
2019-08-21 12:28:07,806 | INFO  | DNAudit | user=null | ip=null | op=WRITE_CHUNK {blockData=conID: 3 locID: 102654967008133665 bcsId: 0} | ret=SUCCESS |  
2019-08-21 12:28:07,950 | INFO  | DNAudit | user=null | ip=null | op=WRITE_CHUNK {blockData=conID: 3 locID: 102654967008133665 bcsId: 0} | ret=SUCCESS |  
2019-08-21 12:28:07,951 | INFO  | SCMAudit | user=jenkins1000 | ip=192.168.34.23 | op=SEND_HEARTBEAT {datanodeUUID=270584e6-a4a8-4db5-8151-214655ce1a56, command=[]} | ret=SUCCESS |  
 0.00% |█                                                                                                    |  0/1 Time: 0:00:152019-08-21 12:28:07,951 | INFO  | SCMAudit | user=jenkins1000 | ip=192.168.34.23 | op=SEND_HEARTBEAT {datanodeUUID=09fb9ab4-1b8d-44c0-9f8c-50855c6f1fed, command=[]} | ret=SUCCESS |  
2019-08-21 12:28:07,951 | INFO  | SCMAudit | user=jenkins1000 | ip=192.168.34.23 | op=SEND_HEARTBEAT {datanodeUUID=af078b8b-61ec-497f-9506-472d46a72462, command=[]} | ret=SUCCESS |  
2019-08-21 12:28:07,952 | INFO  | DNAudit | user=null | ip=null | op=WRITE_CHUNK {blockData=conID: 3 locID: 102654967008133665 bcsId: 0} | ret=SUCCESS |  
2019-08-21 12:28:07,953 | INFO  | DNAudit | user=null | ip=null | op=WRITE_CHUNK {blockData=conID: 3 locID: 102654967008133665 bcsId: 0} | ret=SUCCESS |  
2019-08-21 12:28:07,956 | INFO  | DNAudit | user=null | ip=null | op=WRITE_CHUNK {blockData=conID: 3 locID: 102654967008133665 bcsId: 0} | ret=SUCCESS |  
2019-08-21 12:28:07,958 | INFO  | DNAudit | user=null | ip=null | op=WRITE_CHUNK {blockData=conID: 3 locID: 102654967008133665 bcsId: 0} | ret=SUCCESS |  
2019-08-21 12:28:07,978 | INFO  | DNAudit | user=null | ip=null | op=WRITE_CHUNK {blockData=conID: 3 locID: 102654967008133665 bcsId: 0} | ret=SUCCESS |  
2019-08-21 12:28:07,979 | INFO  | DNAudit | user=null | ip=null | op=PUT_BLOCK {blockData=[blockId=conID: 3 locID: 102654967008133665 bcsId: 0,size=1048576]} | ret=SUCCESS |  
2019-08-21 12:28:07,980 [grpc-default-executor-4] INFO  client.GrpcClientProtocolClient (GrpcClientProtocolClient.java:onNext(255)) - client-C954105195FD->270584e6-a4a8-4db5-8151-214655ce1a56: receive RaftClientReply:client-C954105195FD->270584e6-a4a8-4db5-8151-214655ce1a56@group-787F5BA3AA67, cid=2008, SUCCESS, logIndex=2944, commits[270584e6-a4a8-4db5-8151-214655ce1a56:c2947, af078b8b-61ec-497f-9506-472d46a72462:c2943, 09fb9ab4-1b8d-44c0-9f8c-50855c6f1fed:c2943]
2019-08-21 12:28:07,980 | INFO  | DNAudit | user=null | ip=null | op=WRITE_CHUNK {blockData=conID: 3 locID: 102654967008133665 bcsId: 0} | ret=SUCCESS |  
2019-08-21 12:28:07,980 | INFO  | DNAudit | user=null | ip=null | op=PUT_BLOCK {blockData=[blockId=conID: 3 locID: 102654967008133665 bcsId: 0,size=2097152]} | ret=SUCCESS |  
2019-08-21 12:28:07,980 [grpc-default-executor-4] INFO  client.GrpcClientProtocolClient (GrpcClientProtocolClient.java:onNext(255)) - client-C954105195FD->270584e6-a4a8-4db5-8151-214655ce1a56: receive RaftClientReply:client-C954105195FD->270584e6-a4a8-4db5-8151-214655ce1a56@group-787F5BA3AA67, cid=2009, SUCCESS, logIndex=2945, commits[270584e6-a4a8-4db5-8151-214655ce1a56:c2947, af078b8b-61ec-497f-9506-472d46a72462:c2943, 09fb9ab4-1b8d-44c0-9f8c-50855c6f1fed:c2943]
2019-08-21 12:28:07,981 [grpc-default-executor-4] INFO  client.GrpcClientProtocolClient (GrpcClientProtocolClient.java:onNext(255)) - client-C954105195FD->270584e6-a4a8-4db5-8151-214655ce1a56: receive RaftClientReply:client-C954105195FD->270584e6-a4a8-4db5-8151-214655ce1a56@group-787F5BA3AA67, cid=2010, SUCCESS, logIndex=2946, commits[270584e6-a4a8-4db5-8151-214655ce1a56:c2947, af078b8b-61ec-497f-9506-472d46a72462:c2943, 09fb9ab4-1b8d-44c0-9f8c-50855c6f1fed:c2943]
2019-08-21 12:28:07,981 [grpc-default-executor-4] INFO  client.GrpcClientProtocolClient (GrpcClientProtocolClient.java:onNext(255)) - client-C954105195FD->270584e6-a4a8-4db5-8151-214655ce1a56: receive RaftClientReply:client-C954105195FD->270584e6-a4a8-4db5-8151-214655ce1a56@group-787F5BA3AA67, cid=2011, SUCCESS, logIndex=2947, commits[270584e6-a4a8-4db5-8151-214655ce1a56:c2947, af078b8b-61ec-497f-9506-472d46a72462:c2943, 09fb9ab4-1b8d-44c0-9f8c-50855c6f1fed:c2943]
2019-08-21 12:28:07,989 | INFO  | DNAudit | user=null | ip=null | op=WRITE_CHUNK {blockData=conID: 3 locID: 102654967008133665 bcsId: 0} | ret=SUCCESS |  
2019-08-21 12:28:07,990 | INFO  | DNAudit | user=null | ip=null | op=WRITE_CHUNK {blockData=conID: 3 locID: 102654967008133665 bcsId: 0} | ret=SUCCESS |  
2019-08-21 12:28:07,990 | INFO  | DNAudit | user=null | ip=null | op=PUT_BLOCK {blockData=[blockId=conID: 3 locID: 102654967008133665 bcsId: 0,size=1048576]} | ret=SUCCESS |  
2019-08-21 12:28:07,991 | INFO  | DNAudit | user=null | ip=null | op=WRITE_CHUNK {blockData=conID: 3 locID: 102654967008133665 bcsId: 0} | ret=SUCCESS |  
2019-08-21 12:28:07,991 | INFO  | DNAudit | user=null | ip=null | op=PUT_BLOCK {blockData=[blockId=conID: 3 locID: 102654967008133665 bcsId: 0,size=1048576]} | ret=SUCCESS |  
2019-08-21 12:28:07,991 | INFO  | DNAudit | user=null | ip=null | op=PUT_BLOCK {blockData=[blockId=conID: 3 locID: 102654967008133665 bcsId: 0,size=2097152]} | ret=SUCCESS |  
2019-08-21 12:28:07,991 | INFO  | DNAudit | user=null | ip=null | op=WRITE_CHUNK {blockData=conID: 3 locID: 102654967008133665 bcsId: 0} | ret=SUCCESS |  
2019-08-21 12:28:07,992 | INFO  | DNAudit | user=null | ip=null | op=PUT_BLOCK {blockData=[blockId=conID: 3 locID: 102654967008133665 bcsId: 0,size=2097152]} | ret=SUCCESS |  
2019-08-21 12:28:07,992 [grpc-default-executor-4] INFO  client.GrpcClientProtocolClient (GrpcClientProtocolClient.java:onNext(255)) - client-C954105195FD->270584e6-a4a8-4db5-8151-214655ce1a56: receive RaftClientReply:client-C954105195FD->270584e6-a4a8-4db5-8151-214655ce1a56@group-787F5BA3AA67, cid=2012, SUCCESS, logIndex=0, commits[270584e6-a4a8-4db5-8151-214655ce1a56:c2950, af078b8b-61ec-497f-9506-472d46a72462:c2947, 09fb9ab4-1b8d-44c0-9f8c-50855c6f1fed:c2946]
2019-08-21 12:28:08,001 | INFO  | DNAudit | user=null | ip=null | op=WRITE_CHUNK {blockData=conID: 3 locID: 102654967008133665 bcsId: 2947} | ret=SUCCESS |  
2019-08-21 12:28:08,004 | INFO  | DNAudit | user=null | ip=null | op=WRITE_CHUNK {blockData=conID: 3 locID: 102654967008133665 bcsId: 2947} | ret=SUCCESS |  
2019-08-21 12:28:08,004 | INFO  | DNAudit | user=null | ip=null | op=WRITE_CHUNK {blockData=conID: 3 locID: 102654967008133665 bcsId: 2947} | ret=SUCCESS |  
2019-08-21 12:28:08,013 | INFO  | DNAudit | user=null | ip=null | op=WRITE_CHUNK {blockData=conID: 3 locID: 102654967008133665 bcsId: 2947} | ret=SUCCESS |  
2019-08-21 12:28:08,014 | INFO  | DNAudit | user=null | ip=null | op=PUT_BLOCK {blockData=[blockId=conID: 3 locID: 102654967008133665 bcsId: 0,size=3145728]} | ret=SUCCESS |  
2019-08-21 12:28:08,014 [grpc-default-executor-1] INFO  client.GrpcClientProtocolClient (GrpcClientProtocolClient.java:onNext(255)) - client-C954105195FD->270584e6-a4a8-4db5-8151-214655ce1a56: receive RaftClientReply:client-C954105195FD->270584e6-a4a8-4db5-8151-214655ce1a56@group-787F5BA3AA67, cid=2013, SUCCESS, logIndex=2951, commits[270584e6-a4a8-4db5-8151-214655ce1a56:c2952, af078b8b-61ec-497f-9506-472d46a72462:c2950, 09fb9ab4-1b8d-44c0-9f8c-50855c6f1fed:c2950]
2019-08-21 12:28:08,014 [grpc-default-executor-1] INFO  client.GrpcClientProtocolClient (GrpcClientProtocolClient.java:onNext(255)) - client-C954105195FD->270584e6-a4a8-4db5-8151-214655ce1a56: receive RaftClientReply:client-C954105195FD->270584e6-a4a8-4db5-8151-214655ce1a56@group-787F5BA3AA67, cid=2014, SUCCESS, logIndex=2952, commits[270584e6-a4a8-4db5-8151-214655ce1a56:c2952, af078b8b-61ec-497f-9506-472d46a72462:c2950, 09fb9ab4-1b8d-44c0-9f8c-50855c6f1fed:c2950]
2019-08-21 12:28:08,023 | INFO  | DNAudit | user=null | ip=null | op=WRITE_CHUNK {blockData=conID: 3 locID: 102654967008133665 bcsId: 2952} | ret=SUCCESS |  
2019-08-21 12:28:08,025 | INFO  | DNAudit | user=null | ip=null | op=WRITE_CHUNK {blockData=conID: 3 locID: 102654967008133665 bcsId: 2947} | ret=SUCCESS |  
2019-08-21 12:28:08,025 | INFO  | DNAudit | user=null | ip=null | op=WRITE_CHUNK {blockData=conID: 3 locID: 102654967008133665 bcsId: 2947} | ret=SUCCESS |  
2019-08-21 12:28:08,025 | INFO  | DNAudit | user=null | ip=null | op=WRITE_CHUNK {blockData=conID: 3 locID: 102654967008133665 bcsId: 2952} | ret=SUCCESS |  
2019-08-21 12:28:08,026 | INFO  | DNAudit | user=null | ip=null | op=PUT_BLOCK {blockData=[blockId=conID: 3 locID: 102654967008133665 bcsId: 0,size=3145728]} | ret=SUCCESS |  
2019-08-21 12:28:08,026 | INFO  | DNAudit | user=null | ip=null | op=WRITE_CHUNK {blockData=conID: 3 locID: 102654967008133665 bcsId: 2952} | ret=SUCCESS |  
2019-08-21 12:28:08,026 | INFO  | DNAudit | user=null | ip=null | op=PUT_BLOCK {blockData=[blockId=conID: 3 locID: 102654967008133665 bcsId: 0,size=3145728]} | ret=SUCCESS |  
2019-08-21 12:28:08,038 | INFO  | DNAudit | user=null | ip=null | op=WRITE_CHUNK {blockData=conID: 3 locID: 102654967008133665 bcsId: 2952} | ret=SUCCESS |  
2019-08-21 12:28:08,038 | INFO  | DNAudit | user=null | ip=null | op=PUT_BLOCK {blockData=[blockId=conID: 3 locID: 102654967008133665 bcsId: 0,size=4194304]} | ret=SUCCESS |  
2019-08-21 12:28:08,039 [grpc-default-executor-1] INFO  client.GrpcClientProtocolClient (GrpcClientProtocolClient.java:onNext(255)) - client-C954105195FD->270584e6-a4a8-4db5-8151-214655ce1a56: receive RaftClientReply:client-C954105195FD->270584e6-a4a8-4db5-8151-214655ce1a56@group-787F5BA3AA67, cid=2015, SUCCESS, logIndex=2955, commits[270584e6-a4a8-4db5-8151-214655ce1a56:c2956, af078b8b-61ec-497f-9506-472d46a72462:c2952, 09fb9ab4-1b8d-44c0-9f8c-50855c6f1fed:c2952]
2019-08-21 12:28:08,039 [grpc-default-executor-1] INFO  client.GrpcClientProtocolClient (GrpcClientProtocolClient.java:onNext(255)) - client-C954105195FD->270584e6-a4a8-4db5-8151-214655ce1a56: receive RaftClientReply:client-C954105195FD->270584e6-a4a8-4db5-8151-214655ce1a56@group-787F5BA3AA67, cid=2016, SUCCESS, logIndex=2956, commits[270584e6-a4a8-4db5-8151-214655ce1a56:c2956, af078b8b-61ec-497f-9506-472d46a72462:c2952, 09fb9ab4-1b8d-44c0-9f8c-50855c6f1fed:c2952]
2019-08-21 12:28:08,050 | INFO  | DNAudit | user=null | ip=null | op=WRITE_CHUNK {blockData=conID: 3 locID: 102654967008133665 bcsId: 2952} | ret=SUCCESS |  
2019-08-21 12:28:08,050 | INFO  | DNAudit | user=null | ip=null | op=WRITE_CHUNK {blockData=conID: 3 locID: 102654967008133665 bcsId: 2952} | ret=SUCCESS |  
2019-08-21 12:28:08,050 | INFO  | DNAudit | user=null | ip=null | op=PUT_BLOCK {blockData=[blockId=conID: 3 locID: 102654967008133665 bcsId: 0,size=4194304]} | ret=SUCCESS |  
2019-08-21 12:28:08,050 | INFO  | DNAudit | user=null | ip=null | op=PUT_BLOCK {blockData=[blockId=conID: 3 locID: 102654967008133665 bcsId: 0,size=4194304]} | ret=SUCCESS |  
2019-08-21 12:28:08,051 [grpc-default-executor-4] INFO  client.GrpcClientProtocolClient (GrpcClientProtocolClient.java:onNext(255)) - client-C954105195FD->270584e6-a4a8-4db5-8151-214655ce1a56: receive RaftClientReply:client-C954105195FD->270584e6-a4a8-4db5-8151-214655ce1a56@group-787F5BA3AA67, cid=2017, SUCCESS, logIndex=0, commits[270584e6-a4a8-4db5-8151-214655ce1a56:c2957, af078b8b-61ec-497f-9506-472d46a72462:c2956, 09fb9ab4-1b8d-44c0-9f8c-50855c6f1fed:c2956]
2019-08-21 12:28:08,057 | INFO  | SCMAudit | user=jenkins1000 | ip=192.168.34.23 | op=ALLOCATE_BLOCK {owner=b79f83c9-5f7d-4caf-af30-78af34bc5eea, size=4194304, type=RATIS, factor=THREE} | ret=SUCCESS |  
2019-08-21 12:28:08,060 | INFO  | OMAudit | user=jenkins1000 | ip=127.0.0.1 | op=ALLOCATE_BLOCK {volume=vol-0-06517, bucket=bucket-0-64549, key=key-0-34512, dataSize=0, replicationType=null, replicationFactor=null, keyLocationInfo=null, clientID=102654965997830546} | ret=SUCCESS |  
2019-08-21 12:28:08,069 | INFO  | DNAudit | user=null | ip=null | op=WRITE_CHUNK {blockData=conID: 1 locID: 102654967025304098 bcsId: 0} | ret=SUCCESS |  
2019-08-21 12:28:08,072 | INFO  | DNAudit | user=null | ip=null | op=WRITE_CHUNK {blockData=conID: 1 locID: 102654967025304098 bcsId: 0} | ret=SUCCESS |  
2019-08-21 12:28:08,073 | INFO  | DNAudit | user=null | ip=null | op=WRITE_CHUNK {blockData=conID: 1 locID: 102654967025304098 bcsId: 0} | ret=SUCCESS |  
2019-08-21 12:28:08,073 | INFO  | DNAudit | user=null | ip=null | op=WRITE_CHUNK {blockData=conID: 1 locID: 102654967025304098 bcsId: 0} | ret=SUCCESS |  
2019-08-21 12:28:08,074 | INFO  | DNAudit | user=null | ip=null | op=WRITE_CHUNK {blockData=conID: 1 locID: 102654967025304098 bcsId: 0} | ret=SUCCESS |  
2019-08-21 12:28:08,075 | INFO  | DNAudit | user=null | ip=null | op=WRITE_CHUNK {blockData=conID: 1 locID: 102654967025304098 bcsId: 0} | ret=SUCCESS |  
2019-08-21 12:28:08,082 | INFO  | DNAudit | user=null | ip=null | op=WRITE_CHUNK {blockData=conID: 1 locID: 102654967025304098 bcsId: 0} | ret=SUCCESS |  
2019-08-21 12:28:08,083 | INFO  | DNAudit | user=null | ip=null | op=PUT_BLOCK {blockData=[blockId=conID: 1 locID: 102654967025304098 bcsId: 0,size=1048576]} | ret=SUCCESS |  
2019-08-21 12:28:08,083 | INFO  | DNAudit | user=null | ip=null | op=WRITE_CHUNK {blockData=conID: 1 locID: 102654967025304098 bcsId: 0} | ret=SUCCESS |  
2019-08-21 12:28:08,083 [grpc-default-executor-5] INFO  client.GrpcClientProtocolClient (GrpcClientProtocolClient.java:onNext(255)) - client-C954105195FD->270584e6-a4a8-4db5-8151-214655ce1a56: receive RaftClientReply:client-C954105195FD->270584e6-a4a8-4db5-8151-214655ce1a56@group-787F5BA3AA67, cid=2018, SUCCESS, logIndex=2959, commits[270584e6-a4a8-4db5-8151-214655ce1a56:c2961, af078b8b-61ec-497f-9506-472d46a72462:c2958, 09fb9ab4-1b8d-44c0-9f8c-50855c6f1fed:c2958]
2019-08-21 12:28:08,083 | INFO  | DNAudit | user=null | ip=null | op=PUT_BLOCK {blockData=[blockId=conID: 1 locID: 102654967025304098 bcsId: 0,size=2097152]} | ret=SUCCESS |  
2019-08-21 12:28:08,083 [grpc-default-executor-5] INFO  client.GrpcClientProtocolClient (GrpcClientProtocolClient.java:onNext(255)) - client-C954105195FD->270584e6-a4a8-4db5-8151-214655ce1a56: receive RaftClientReply:client-C954105195FD->270584e6-a4a8-4db5-8151-214655ce1a56@group-787F5BA3AA67, cid=2019, SUCCESS, logIndex=2960, commits[270584e6-a4a8-4db5-8151-214655ce1a56:c2962, af078b8b-61ec-497f-9506-472d46a72462:c2958, 09fb9ab4-1b8d-44c0-9f8c-50855c6f1fed:c2958]
2019-08-21 12:28:08,084 [grpc-default-executor-5] INFO  client.GrpcClientProtocolClient (GrpcClientProtocolClient.java:onNext(255)) - client-C954105195FD->270584e6-a4a8-4db5-8151-214655ce1a56: receive RaftClientReply:client-C954105195FD->270584e6-a4a8-4db5-8151-214655ce1a56@group-787F5BA3AA67, cid=2020, SUCCESS, logIndex=2961, commits[270584e6-a4a8-4db5-8151-214655ce1a56:c2962, af078b8b-61ec-497f-9506-472d46a72462:c2958, 09fb9ab4-1b8d-44c0-9f8c-50855c6f1fed:c2958]
2019-08-21 12:28:08,084 [grpc-default-executor-5] INFO  client.GrpcClientProtocolClient (GrpcClientProtocolClient.java:onNext(255)) - client-C954105195FD->270584e6-a4a8-4db5-8151-214655ce1a56: receive RaftClientReply:client-C954105195FD->270584e6-a4a8-4db5-8151-214655ce1a56@group-787F5BA3AA67, cid=2021, SUCCESS, logIndex=2962, commits[270584e6-a4a8-4db5-8151-214655ce1a56:c2962, af078b8b-61ec-497f-9506-472d46a72462:c2958, 09fb9ab4-1b8d-44c0-9f8c-50855c6f1fed:c2958]
2019-08-21 12:28:08,093 | INFO  | DNAudit | user=null | ip=null | op=WRITE_CHUNK {blockData=conID: 1 locID: 102654967025304098 bcsId: 0} | ret=SUCCESS |  
2019-08-21 12:28:08,093 | INFO  | DNAudit | user=null | ip=null | op=WRITE_CHUNK {blockData=conID: 1 locID: 102654967025304098 bcsId: 0} | ret=SUCCESS |  
2019-08-21 12:28:08,093 | INFO  | DNAudit | user=null | ip=null | op=PUT_BLOCK {blockData=[blockId=conID: 1 locID: 102654967025304098 bcsId: 0,size=1048576]} | ret=SUCCESS |  
2019-08-21 12:28:08,093 | INFO  | DNAudit | user=null | ip=null | op=PUT_BLOCK {blockData=[blockId=conID: 1 locID: 102654967025304098 bcsId: 0,size=1048576]} | ret=SUCCESS |  
2019-08-21 12:28:08,094 [grpc-default-executor-5] INFO  client.GrpcClientProtocolClient (GrpcClientProtocolClient.java:onNext(255)) - client-C954105195FD->270584e6-a4a8-4db5-8151-214655ce1a56: receive RaftClientReply:client-C954105195FD->270584e6-a4a8-4db5-8151-214655ce1a56@group-787F5BA3AA67, cid=2022, SUCCESS, logIndex=0, commits[270584e6-a4a8-4db5-8151-214655ce1a56:c2963, af078b8b-61ec-497f-9506-472d46a72462:c2960, 09fb9ab4-1b8d-44c0-9f8c-50855c6f1fed:c2960]
2019-08-21 12:28:08,095 | INFO  | DNAudit | user=null | ip=null | op=WRITE_CHUNK {blockData=conID: 1 locID: 102654967025304098 bcsId: 0} | ret=SUCCESS |  
2019-08-21 12:28:08,095 | INFO  | DNAudit | user=null | ip=null | op=PUT_BLOCK {blockData=[blockId=conID: 1 locID: 102654967025304098 bcsId: 0,size=2097152]} | ret=SUCCESS |  
2019-08-21 12:28:08,095 | INFO  | DNAudit | user=null | ip=null | op=WRITE_CHUNK {blockData=conID: 1 locID: 102654967025304098 bcsId: 0} | ret=SUCCESS |  
2019-08-21 12:28:08,095 | INFO  | DNAudit | user=null | ip=null | op=PUT_BLOCK {blockData=[blockId=conID: 1 locID: 102654967025304098 bcsId: 0,size=2097152]} | ret=SUCCESS |  
2019-08-21 12:28:08,102 | INFO  | DNAudit | user=null | ip=null | op=WRITE_CHUNK {blockData=conID: 1 locID: 102654967025304098 bcsId: 2962} | ret=SUCCESS |  
2019-08-21 12:28:08,104 | INFO  | DNAudit | user=null | ip=null | op=WRITE_CHUNK {blockData=conID: 1 locID: 102654967025304098 bcsId: 2962} | ret=SUCCESS |  
2019-08-21 12:28:08,105 | INFO  | DNAudit | user=null | ip=null | op=WRITE_CHUNK {blockData=conID: 1 locID: 102654967025304098 bcsId: 2962} | ret=SUCCESS |  
2019-08-21 12:28:08,115 | INFO  | DNAudit | user=null | ip=null | op=WRITE_CHUNK {blockData=conID: 1 locID: 102654967025304098 bcsId: 2962} | ret=SUCCESS |  
2019-08-21 12:28:08,115 | INFO  | DNAudit | user=null | ip=null | op=PUT_BLOCK {blockData=[blockId=conID: 1 locID: 102654967025304098 bcsId: 0,size=3145728]} | ret=SUCCESS |  
2019-08-21 12:28:08,116 [grpc-default-executor-2] INFO  client.GrpcClientProtocolClient (GrpcClientProtocolClient.java:onNext(255)) - client-C954105195FD->270584e6-a4a8-4db5-8151-214655ce1a56: receive RaftClientReply:client-C954105195FD->270584e6-a4a8-4db5-8151-214655ce1a56@group-787F5BA3AA67, cid=2023, SUCCESS, logIndex=2967, commits[270584e6-a4a8-4db5-8151-214655ce1a56:c2968, af078b8b-61ec-497f-9506-472d46a72462:c2966, 09fb9ab4-1b8d-44c0-9f8c-50855c6f1fed:c2966]
2019-08-21 12:28:08,116 [grpc-default-executor-2] INFO  client.GrpcClientProtocolClient (GrpcClientProtocolClient.java:onNext(255)) - client-C954105195FD->270584e6-a4a8-4db5-8151-214655ce1a56: receive RaftClientReply:client-C954105195FD->270584e6-a4a8-4db5-8151-214655ce1a56@group-787F5BA3AA67, cid=2024, SUCCESS, logIndex=2968, commits[270584e6-a4a8-4db5-8151-214655ce1a56:c2968, af078b8b-61ec-497f-9506-472d46a72462:c2966, 09fb9ab4-1b8d-44c0-9f8c-50855c6f1fed:c2966]
2019-08-21 12:28:08,124 | INFO  | DNAudit | user=null | ip=null | op=WRITE_CHUNK {blockData=conID: 1 locID: 102654967025304098 bcsId: 2968} | ret=SUCCESS |  
2019-08-21 12:28:08,126 | INFO  | DNAudit | user=null | ip=null | op=WRITE_CHUNK {blockData=conID: 1 locID: 102654967025304098 bcsId: 2968} | ret=SUCCESS |  
2019-08-21 12:28:08,126 | INFO  | DNAudit | user=null | ip=null | op=WRITE_CHUNK {blockData=conID: 1 locID: 102654967025304098 bcsId: 2968} | ret=SUCCESS |  
2019-08-21 12:28:08,127 | INFO  | DNAudit | user=null | ip=null | op=WRITE_CHUNK {blockData=conID: 1 locID: 102654967025304098 bcsId: 2962} | ret=SUCCESS |  
2019-08-21 12:28:08,127 | INFO  | DNAudit | user=null | ip=null | op=WRITE_CHUNK {blockData=conID: 1 locID: 102654967025304098 bcsId: 2962} | ret=SUCCESS |  
2019-08-21 12:28:08,127 | INFO  | DNAudit | user=null | ip=null | op=PUT_BLOCK {blockData=[blockId=conID: 1 locID: 102654967025304098 bcsId: 0,size=3145728]} | ret=SUCCESS |  
2019-08-21 12:28:08,127 | INFO  | DNAudit | user=null | ip=null | op=PUT_BLOCK {blockData=[blockId=conID: 1 locID: 102654967025304098 bcsId: 0,size=3145728]} | ret=SUCCESS |  
2019-08-21 12:28:08,129 | INFO  | DNAudit | user=null | ip=null | op=WRITE_CHUNK {blockData=conID: 1 locID: 102654967025304098 bcsId: 2968} | ret=SUCCESS |  
2019-08-21 12:28:08,130 | INFO  | DNAudit | user=null | ip=null | op=PUT_BLOCK {blockData=[blockId=conID: 1 locID: 102654967025304098 bcsId: 0,size=4194304]} | ret=SUCCESS |  
2019-08-21 12:28:08,130 [grpc-default-executor-2] INFO  client.GrpcClientProtocolClient (GrpcClientProtocolClient.java:onNext(255)) - client-C954105195FD->270584e6-a4a8-4db5-8151-214655ce1a56: receive RaftClientReply:client-C954105195FD->270584e6-a4a8-4db5-8151-214655ce1a56@group-787F5BA3AA67, cid=2025, SUCCESS, logIndex=2971, commits[270584e6-a4a8-4db5-8151-214655ce1a56:c2971, af078b8b-61ec-497f-9506-472d46a72462:c2968, 09fb9ab4-1b8d-44c0-9f8c-50855c6f1fed:c2968]
2019-08-21 12:28:08,130 [grpc-default-executor-2] INFO  client.GrpcClientProtocolClient (GrpcClientProtocolClient.java:onNext(255)) - client-C954105195FD->270584e6-a4a8-4db5-8151-214655ce1a56: receive RaftClientReply:client-C954105195FD->270584e6-a4a8-4db5-8151-214655ce1a56@group-787F5BA3AA67, cid=2026, SUCCESS, logIndex=2972, commits[270584e6-a4a8-4db5-8151-214655ce1a56:c2972, af078b8b-61ec-497f-9506-472d46a72462:c2968, 09fb9ab4-1b8d-44c0-9f8c-50855c6f1fed:c2968]
2019-08-21 12:28:08,141 | INFO  | DNAudit | user=null | ip=null | op=WRITE_CHUNK {blockData=conID: 1 locID: 102654967025304098 bcsId: 2968} | ret=SUCCESS |  
2019-08-21 12:28:08,142 | INFO  | DNAudit | user=null | ip=null | op=WRITE_CHUNK {blockData=conID: 1 locID: 102654967025304098 bcsId: 2968} | ret=SUCCESS |  
2019-08-21 12:28:08,143 | INFO  | DNAudit | user=null | ip=null | op=PUT_BLOCK {blockData=[blockId=conID: 1 locID: 102654967025304098 bcsId: 0,size=4194304]} | ret=SUCCESS |  
2019-08-21 12:28:08,143 | INFO  | DNAudit | user=null | ip=null | op=PUT_BLOCK {blockData=[blockId=conID: 1 locID: 102654967025304098 bcsId: 0,size=4194304]} | ret=SUCCESS |  
2019-08-21 12:28:08,144 [grpc-default-executor-2] INFO  client.GrpcClientProtocolClient (GrpcClientProtocolClient.java:onNext(255)) - client-C954105195FD->270584e6-a4a8-4db5-8151-214655ce1a56: receive RaftClientReply:client-C954105195FD->270584e6-a4a8-4db5-8151-214655ce1a56@group-787F5BA3AA67, cid=2027, SUCCESS, logIndex=0, commits[270584e6-a4a8-4db5-8151-214655ce1a56:c2974, af078b8b-61ec-497f-9506-472d46a72462:c2972, 09fb9ab4-1b8d-44c0-9f8c-50855c6f1fed:c2972]
2019-08-21 12:28:08,150 | INFO  | SCMAudit | user=jenkins1000 | ip=192.168.34.23 | op=ALLOCATE_BLOCK {owner=b79f83c9-5f7d-4caf-af30-78af34bc5eea, size=4194304, type=RATIS, factor=THREE} | ret=SUCCESS |  
2019-08-21 12:28:08,153 | INFO  | OMAudit | user=jenkins1000 | ip=127.0.0.1 | op=ALLOCATE_BLOCK {volume=vol-0-06517, bucket=bucket-0-64549, key=key-0-34512, dataSize=0, replicationType=null, replicationFactor=null, keyLocationInfo=null, clientID=102654965997830546} | ret=SUCCESS |  
2019-08-21 12:28:08,162 | INFO  | DNAudit | user=null | ip=null | op=WRITE_CHUNK {blockData=conID: 2 locID: 102654967031398947 bcsId: 0} | ret=SUCCESS |  
2019-08-21 12:28:08,166 | INFO  | DNAudit | user=null | ip=null | op=WRITE_CHUNK {blockData=conID: 2 locID: 102654967031398947 bcsId: 0} | ret=SUCCESS |  
2019-08-21 12:28:08,166 | INFO  | DNAudit | user=null | ip=null | op=WRITE_CHUNK {blockData=conID: 2 locID: 102654967031398947 bcsId: 0} | ret=SUCCESS |  
2019-08-21 12:28:08,166 | INFO  | DNAudit | user=null | ip=null | op=WRITE_CHUNK {blockData=conID: 2 locID: 102654967031398947 bcsId: 0} | ret=SUCCESS |  
2019-08-21 12:28:08,168 | INFO  | DNAudit | user=null | ip=null | op=WRITE_CHUNK {blockData=conID: 2 locID: 102654967031398947 bcsId: 0} | ret=SUCCESS |  
2019-08-21 12:28:08,169 | INFO  | DNAudit | user=null | ip=null | op=WRITE_CHUNK {blockData=conID: 2 locID: 102654967031398947 bcsId: 0} | ret=SUCCESS |  
2019-08-21 12:28:08,170 | INFO  | DNAudit | user=null | ip=null | op=WRITE_CHUNK {blockData=conID: 2 locID: 102654967031398947 bcsId: 0} | ret=SUCCESS |  
2019-08-21 12:28:08,170 | INFO  | DNAudit | user=null | ip=null | op=PUT_BLOCK {blockData=[blockId=conID: 2 locID: 102654967031398947 bcsId: 0,size=1048576]} | ret=SUCCESS |  
2019-08-21 12:28:08,171 | INFO  | DNAudit | user=null | ip=null | op=WRITE_CHUNK {blockData=conID: 2 locID: 102654967031398947 bcsId: 0} | ret=SUCCESS |  
2019-08-21 12:28:08,170 [grpc-default-executor-5] INFO  client.GrpcClientProtocolClient (GrpcClientProtocolClient.java:onNext(255)) - client-C954105195FD->270584e6-a4a8-4db5-8151-214655ce1a56: receive RaftClientReply:client-C954105195FD->270584e6-a4a8-4db5-8151-214655ce1a56@group-787F5BA3AA67, cid=2028, SUCCESS, logIndex=2975, commits[270584e6-a4a8-4db5-8151-214655ce1a56:c2976, af078b8b-61ec-497f-9506-472d46a72462:c2974, 09fb9ab4-1b8d-44c0-9f8c-50855c6f1fed:c2974]
2019-08-21 12:28:08,171 | INFO  | DNAudit | user=null | ip=null | op=PUT_BLOCK {blockData=[blockId=conID: 2 locID: 102654967031398947 bcsId: 0,size=2097152]} | ret=SUCCESS |  
2019-08-21 12:28:08,171 [grpc-default-executor-5] INFO  client.GrpcClientProtocolClient (GrpcClientProtocolClient.java:onNext(255)) - client-C954105195FD->270584e6-a4a8-4db5-8151-214655ce1a56: receive RaftClientReply:client-C954105195FD->270584e6-a4a8-4db5-8151-214655ce1a56@group-787F5BA3AA67, cid=2029, SUCCESS, logIndex=2976, commits[270584e6-a4a8-4db5-8151-214655ce1a56:c2978, af078b8b-61ec-497f-9506-472d46a72462:c2974, 09fb9ab4-1b8d-44c0-9f8c-50855c6f1fed:c2974]
2019-08-21 12:28:08,171 [grpc-default-executor-5] INFO  client.GrpcClientProtocolClient (GrpcClientProtocolClient.java:onNext(255)) - client-C954105195FD->270584e6-a4a8-4db5-8151-214655ce1a56: receive RaftClientReply:client-C954105195FD->270584e6-a4a8-4db5-8151-214655ce1a56@group-787F5BA3AA67, cid=2030, SUCCESS, logIndex=2977, commits[270584e6-a4a8-4db5-8151-214655ce1a56:c2978, af078b8b-61ec-497f-9506-472d46a72462:c2974, 09fb9ab4-1b8d-44c0-9f8c-50855c6f1fed:c2974]
2019-08-21 12:28:08,171 [grpc-default-executor-5] INFO  client.GrpcClientProtocolClient (GrpcClientProtocolClient.java:onNext(255)) - client-C954105195FD->270584e6-a4a8-4db5-8151-214655ce1a56: receive RaftClientReply:client-C954105195FD->270584e6-a4a8-4db5-8151-214655ce1a56@group-787F5BA3AA67, cid=2031, SUCCESS, logIndex=2978, commits[270584e6-a4a8-4db5-8151-214655ce1a56:c2978, af078b8b-61ec-497f-9506-472d46a72462:c2974, 09fb9ab4-1b8d-44c0-9f8c-50855c6f1fed:c2974]
2019-08-21 12:28:08,172 | INFO  | DNAudit | user=null | ip=null | op=WRITE_CHUNK {blockData=conID: 2 locID: 102654967031398947 bcsId: 0} | ret=SUCCESS |  
2019-08-21 12:28:08,173 | INFO  | DNAudit | user=null | ip=null | op=PUT_BLOCK {blockData=[blockId=conID: 2 locID: 102654967031398947 bcsId: 0,size=1048576]} | ret=SUCCESS |  
2019-08-21 12:28:08,174 | INFO  | DNAudit | user=null | ip=null | op=WRITE_CHUNK {blockData=conID: 2 locID: 102654967031398947 bcsId: 0} | ret=SUCCESS |  
2019-08-21 12:28:08,174 | INFO  | DNAudit | user=null | ip=null | op=PUT_BLOCK {blockData=[blockId=conID: 2 locID: 102654967031398947 bcsId: 0,size=1048576]} | ret=SUCCESS |  
2019-08-21 12:28:08,174 [grpc-default-executor-5] INFO  client.GrpcClientProtocolClient (GrpcClientProtocolClient.java:onNext(255)) - client-C954105195FD->270584e6-a4a8-4db5-8151-214655ce1a56: receive RaftClientReply:client-C954105195FD->270584e6-a4a8-4db5-8151-214655ce1a56@group-787F5BA3AA67, cid=2032, SUCCESS, logIndex=0, commits[270584e6-a4a8-4db5-8151-214655ce1a56:c2979, af078b8b-61ec-497f-9506-472d46a72462:c2976, 09fb9ab4-1b8d-44c0-9f8c-50855c6f1fed:c2976]
2019-08-21 12:28:08,175 | INFO  | DNAudit | user=null | ip=null | op=WRITE_CHUNK {blockData=conID: 2 locID: 102654967031398947 bcsId: 0} | ret=SUCCESS |  
2019-08-21 12:28:08,175 | INFO  | DNAudit | user=null | ip=null | op=WRITE_CHUNK {blockData=conID: 2 locID: 102654967031398947 bcsId: 0} | ret=SUCCESS |  
2019-08-21 12:28:08,175 | INFO  | DNAudit | user=null | ip=null | op=PUT_BLOCK {blockData=[blockId=conID: 2 locID: 102654967031398947 bcsId: 0,size=2097152]} | ret=SUCCESS |  
2019-08-21 12:28:08,175 | INFO  | DNAudit | user=null | ip=null | op=PUT_BLOCK {blockData=[blockId=conID: 2 locID: 102654967031398947 bcsId: 0,size=2097152]} | ret=SUCCESS |  
2019-08-21 12:28:08,181 | INFO  | DNAudit | user=null | ip=null | op=WRITE_CHUNK {blockData=conID: 2 locID: 102654967031398947 bcsId: 2978} | ret=SUCCESS |  
2019-08-21 12:28:08,184 | INFO  | DNAudit | user=null | ip=null | op=WRITE_CHUNK {blockData=conID: 2 locID: 102654967031398947 bcsId: 2978} | ret=SUCCESS |  
2019-08-21 12:28:08,184 | INFO  | DNAudit | user=null | ip=null | op=WRITE_CHUNK {blockData=conID: 2 locID: 102654967031398947 bcsId: 2978} | ret=SUCCESS |  
2019-08-21 12:28:08,186 | INFO  | DNAudit | user=null | ip=null | op=WRITE_CHUNK {blockData=conID: 2 locID: 102654967031398947 bcsId: 2978} | ret=SUCCESS |  
2019-08-21 12:28:08,187 | INFO  | DNAudit | user=null | ip=null | op=PUT_BLOCK {blockData=[blockId=conID: 2 locID: 102654967031398947 bcsId: 0,size=3145728]} | ret=SUCCESS |  
2019-08-21 12:28:08,187 [grpc-default-executor-1] INFO  client.GrpcClientProtocolClient (GrpcClientProtocolClient.java:onNext(255)) - client-C954105195FD->270584e6-a4a8-4db5-8151-214655ce1a56: receive RaftClientReply:client-C954105195FD->270584e6-a4a8-4db5-8151-214655ce1a56@group-787F5BA3AA67, cid=2033, SUCCESS, logIndex=2983, commits[270584e6-a4a8-4db5-8151-214655ce1a56:c2984, af078b8b-61ec-497f-9506-472d46a72462:c2982, 09fb9ab4-1b8d-44c0-9f8c-50855c6f1fed:c2978]
2019-08-21 12:28:08,187 [grpc-default-executor-1] INFO  client.GrpcClientProtocolClient (GrpcClientProtocolClient.java:onNext(255)) - client-C954105195FD->270584e6-a4a8-4db5-8151-214655ce1a56: receive RaftClientReply:client-C954105195FD->270584e6-a4a8-4db5-8151-214655ce1a56@group-787F5BA3AA67, cid=2034, SUCCESS, logIndex=2984, commits[270584e6-a4a8-4db5-8151-214655ce1a56:c2984, af078b8b-61ec-497f-9506-472d46a72462:c2982, 09fb9ab4-1b8d-44c0-9f8c-50855c6f1fed:c2982]
2019-08-21 12:28:08,188 | INFO  | DNAudit | user=null | ip=null | op=WRITE_CHUNK {blockData=conID: 2 locID: 102654967031398947 bcsId: 2978} | ret=SUCCESS |  
2019-08-21 12:28:08,188 | INFO  | DNAudit | user=null | ip=null | op=WRITE_CHUNK {blockData=conID: 2 locID: 102654967031398947 bcsId: 2978} | ret=SUCCESS |  
2019-08-21 12:28:08,188 | INFO  | SCMAudit | user=jenkins1000 | ip=192.168.34.23 | op=SEND_HEARTBEAT {datanodeUUID=0aa4def6-fe9f-4182-b0b1-80406548816f, command=[]} | ret=SUCCESS |  
2019-08-21 12:28:08,188 | INFO  | SCMAudit | user=jenkins1000 | ip=192.168.34.23 | op=SEND_HEARTBEAT {datanodeUUID=39ae8c09-9b4b-4ddc-906b-4e52d104e1b1, command=[]} | ret=SUCCESS |  
2019-08-21 12:28:08,189 | INFO  | DNAudit | user=null | ip=null | op=PUT_BLOCK {blockData=[blockId=conID: 2 locID: 102654967031398947 bcsId: 0,size=3145728]} | ret=SUCCESS |  
2019-08-21 12:28:08,189 | INFO  | DNAudit | user=null | ip=null | op=PUT_BLOCK {blockData=[blockId=conID: 2 locID: 102654967031398947 bcsId: 0,size=3145728]} | ret=SUCCESS |  
2019-08-21 12:28:08,194 | INFO  | DNAudit | user=null | ip=null | op=WRITE_CHUNK {blockData=conID: 2 locID: 102654967031398947 bcsId: 2984} | ret=SUCCESS |  
2019-08-21 12:28:08,195 | INFO  | DNAudit | user=null | ip=null | op=WRITE_CHUNK {blockData=conID: 2 locID: 102654967031398947 bcsId: 2984} | ret=SUCCESS |  
2019-08-21 12:28:08,198 | INFO  | DNAudit | user=null | ip=null | op=WRITE_CHUNK {blockData=conID: 2 locID: 102654967031398947 bcsId: 2984} | ret=SUCCESS |  
2019-08-21 12:28:08,219 | INFO  | DNAudit | user=null | ip=null | op=WRITE_CHUNK {blockData=conID: 2 locID: 102654967031398947 bcsId: 2984} | ret=SUCCESS |  
2019-08-21 12:28:08,220 | INFO  | DNAudit | user=null | ip=null | op=PUT_BLOCK {blockData=[blockId=conID: 2 locID: 102654967031398947 bcsId: 0,size=4194304]} | ret=SUCCESS |  
2019-08-21 12:28:08,220 [grpc-default-executor-1] INFO  client.GrpcClientProtocolClient (GrpcClientProtocolClient.java:onNext(255)) - client-C954105195FD->270584e6-a4a8-4db5-8151-214655ce1a56: receive RaftClientReply:client-C954105195FD->270584e6-a4a8-4db5-8151-214655ce1a56@group-787F5BA3AA67, cid=2035, SUCCESS, logIndex=2987, commits[270584e6-a4a8-4db5-8151-214655ce1a56:c2988, af078b8b-61ec-497f-9506-472d46a72462:c2986, 09fb9ab4-1b8d-44c0-9f8c-50855c6f1fed:c2984]
2019-08-21 12:28:08,220 [grpc-default-executor-1] INFO  client.GrpcClientProtocolClient (GrpcClientProtocolClient.java:onNext(255)) - client-C954105195FD->270584e6-a4a8-4db5-8151-214655ce1a56: receive RaftClientReply:client-C954105195FD->270584e6-a4a8-4db5-8151-214655ce1a56@group-787F5BA3AA67, cid=2036, SUCCESS, logIndex=2988, commits[270584e6-a4a8-4db5-8151-214655ce1a56:c2988, af078b8b-61ec-497f-9506-472d46a72462:c2986, 09fb9ab4-1b8d-44c0-9f8c-50855c6f1fed:c2986]
2019-08-21 12:28:08,222 | INFO  | DNAudit | user=null | ip=null | op=WRITE_CHUNK {blockData=conID: 2 locID: 102654967031398947 bcsId: 2984} | ret=SUCCESS |  
2019-08-21 12:28:08,222 | INFO  | DNAudit | user=null | ip=null | op=WRITE_CHUNK {blockData=conID: 2 locID: 102654967031398947 bcsId: 2984} | ret=SUCCESS |  
2019-08-21 12:28:08,234 | INFO  | DNAudit | user=null | ip=null | op=PUT_BLOCK {blockData=[blockId=conID: 2 locID: 102654967031398947 bcsId: 0,size=4194304]} | ret=SUCCESS |  
2019-08-21 12:28:08,234 | INFO  | DNAudit | user=null | ip=null | op=PUT_BLOCK {blockData=[blockId=conID: 2 locID: 102654967031398947 bcsId: 0,size=4194304]} | ret=SUCCESS |  
2019-08-21 12:28:08,235 [grpc-default-executor-1] INFO  client.GrpcClientProtocolClient (GrpcClientProtocolClient.java:onNext(255)) - client-C954105195FD->270584e6-a4a8-4db5-8151-214655ce1a56: receive RaftClientReply:client-C954105195FD->270584e6-a4a8-4db5-8151-214655ce1a56@group-787F5BA3AA67, cid=2037, SUCCESS, logIndex=0, commits[270584e6-a4a8-4db5-8151-214655ce1a56:c2990, af078b8b-61ec-497f-9506-472d46a72462:c2988, 09fb9ab4-1b8d-44c0-9f8c-50855c6f1fed:c2988]
2019-08-21 12:28:08,240 | INFO  | SCMAudit | user=jenkins1000 | ip=192.168.34.23 | op=ALLOCATE_BLOCK {owner=b79f83c9-5f7d-4caf-af30-78af34bc5eea, size=4194304, type=RATIS, factor=THREE} | ret=SUCCESS |  
2019-08-21 12:28:08,244 | INFO  | OMAudit | user=jenkins1000 | ip=127.0.0.1 | op=ALLOCATE_BLOCK {volume=vol-0-06517, bucket=bucket-0-64549, key=key-0-34512, dataSize=0, replicationType=null, replicationFactor=null, keyLocationInfo=null, clientID=102654965997830546} | ret=SUCCESS |  
2019-08-21 12:28:08,252 | INFO  | DNAudit | user=null | ip=null | op=WRITE_CHUNK {blockData=conID: 3 locID: 102654967037297188 bcsId: 0} | ret=SUCCESS |  
2019-08-21 12:28:08,256 | INFO  | DNAudit | user=null | ip=null | op=WRITE_CHUNK {blockData=conID: 3 locID: 102654967037297188 bcsId: 0} | ret=SUCCESS |  
2019-08-21 12:28:08,256 | INFO  | DNAudit | user=null | ip=null | op=WRITE_CHUNK {blockData=conID: 3 locID: 102654967037297188 bcsId: 0} | ret=SUCCESS |  
2019-08-21 12:28:08,256 | INFO  | DNAudit | user=null | ip=null | op=WRITE_CHUNK {blockData=conID: 3 locID: 102654967037297188 bcsId: 0} | ret=SUCCESS |  
2019-08-21 12:28:08,257 | INFO  | DNAudit | user=null | ip=null | op=WRITE_CHUNK {blockData=conID: 3 locID: 102654967037297188 bcsId: 0} | ret=SUCCESS |  
2019-08-21 12:28:08,258 | INFO  | DNAudit | user=null | ip=null | op=WRITE_CHUNK {blockData=conID: 3 locID: 102654967037297188 bcsId: 0} | ret=SUCCESS |  
2019-08-21 12:28:08,265 | INFO  | DNAudit | user=null | ip=null | op=WRITE_CHUNK {blockData=conID: 3 locID: 102654967037297188 bcsId: 0} | ret=SUCCESS |  
2019-08-21 12:28:08,266 | INFO  | DNAudit | user=null | ip=null | op=PUT_BLOCK {blockData=[blockId=conID: 3 locID: 102654967037297188 bcsId: 0,size=1048576]} | ret=SUCCESS |  
2019-08-21 12:28:08,266 | INFO  | DNAudit | user=null | ip=null | op=WRITE_CHUNK {blockData=conID: 3 locID: 102654967037297188 bcsId: 0} | ret=SUCCESS |  
2019-08-21 12:28:08,266 | INFO  | DNAudit | user=null | ip=null | op=WRITE_CHUNK {blockData=conID: 3 locID: 102654967037297188 bcsId: 0} | ret=SUCCESS |  
2019-08-21 12:28:08,266 [grpc-default-executor-5] INFO  client.GrpcClientProtocolClient (GrpcClientProtocolClient.java:onNext(255)) - client-C954105195FD->270584e6-a4a8-4db5-8151-214655ce1a56: receive RaftClientReply:client-C954105195FD->270584e6-a4a8-4db5-8151-214655ce1a56@group-787F5BA3AA67, cid=2038, SUCCESS, logIndex=2991, commits[270584e6-a4a8-4db5-8151-214655ce1a56:c2992, af078b8b-61ec-497f-9506-472d46a72462:c2990, 09fb9ab4-1b8d-44c0-9f8c-50855c6f1fed:c2990]
2019-08-21 12:28:08,267 | INFO  | DNAudit | user=null | ip=null | op=PUT_BLOCK {blockData=[blockId=conID: 3 locID: 102654967037297188 bcsId: 0,size=2097152]} | ret=SUCCESS |  
2019-08-21 12:28:08,267 | INFO  | DNAudit | user=null | ip=null | op=PUT_BLOCK {blockData=[blockId=conID: 3 locID: 102654967037297188 bcsId: 0,size=1048576]} | ret=SUCCESS |  
2019-08-21 12:28:08,267 [grpc-default-executor-5] INFO  client.GrpcClientProtocolClient (GrpcClientProtocolClient.java:onNext(255)) - client-C954105195FD->270584e6-a4a8-4db5-8151-214655ce1a56: receive RaftClientReply:client-C954105195FD->270584e6-a4a8-4db5-8151-214655ce1a56@group-787F5BA3AA67, cid=2039, SUCCESS, logIndex=2992, commits[270584e6-a4a8-4db5-8151-214655ce1a56:c2994, af078b8b-61ec-497f-9506-472d46a72462:c2990, 09fb9ab4-1b8d-44c0-9f8c-50855c6f1fed:c2990]
2019-08-21 12:28:08,267 [grpc-default-executor-5] INFO  client.GrpcClientProtocolClient (GrpcClientProtocolClient.java:onNext(255)) - client-C954105195FD->270584e6-a4a8-4db5-8151-214655ce1a56: receive RaftClientReply:client-C954105195FD->270584e6-a4a8-4db5-8151-214655ce1a56@group-787F5BA3AA67, cid=2040, SUCCESS, logIndex=2993, commits[270584e6-a4a8-4db5-8151-214655ce1a56:c2995, af078b8b-61ec-497f-9506-472d46a72462:c2990, 09fb9ab4-1b8d-44c0-9f8c-50855c6f1fed:c2991]
2019-08-21 12:28:08,267 [grpc-default-executor-5] INFO  client.GrpcClientProtocolClient (GrpcClientProtocolClient.java:onNext(255)) - client-C954105195FD->270584e6-a4a8-4db5-8151-214655ce1a56: receive RaftClientReply:client-C954105195FD->270584e6-a4a8-4db5-8151-214655ce1a56@group-787F5BA3AA67, cid=2041, SUCCESS, logIndex=2994, commits[270584e6-a4a8-4db5-8151-214655ce1a56:c2995, af078b8b-61ec-497f-9506-472d46a72462:c2990, 09fb9ab4-1b8d-44c0-9f8c-50855c6f1fed:c2992]
2019-08-21 12:28:08,268 | INFO  | DNAudit | user=null | ip=null | op=WRITE_CHUNK {blockData=conID: 3 locID: 102654967037297188 bcsId: 0} | ret=SUCCESS |  
2019-08-21 12:28:08,268 | INFO  | DNAudit | user=null | ip=null | op=PUT_BLOCK {blockData=[blockId=conID: 3 locID: 102654967037297188 bcsId: 0,size=1048576]} | ret=SUCCESS |  
2019-08-21 12:28:08,268 [grpc-default-executor-1] INFO  client.GrpcClientProtocolClient (GrpcClientProtocolClient.java:onNext(255)) - client-C954105195FD->270584e6-a4a8-4db5-8151-214655ce1a56: receive RaftClientReply:client-C954105195FD->270584e6-a4a8-4db5-8151-214655ce1a56@group-787F5BA3AA67, cid=2042, SUCCESS, logIndex=0, commits[270584e6-a4a8-4db5-8151-214655ce1a56:c2996, af078b8b-61ec-497f-9506-472d46a72462:c2992, 09fb9ab4-1b8d-44c0-9f8c-50855c6f1fed:c2992]
2019-08-21 12:28:08,277 | INFO  | DNAudit | user=null | ip=null | op=WRITE_CHUNK {blockData=conID: 3 locID: 102654967037297188 bcsId: 2994} | ret=SUCCESS |  
2019-08-21 12:28:08,278 | INFO  | DNAudit | user=null | ip=null | op=WRITE_CHUNK {blockData=conID: 3 locID: 102654967037297188 bcsId: 2994} | ret=SUCCESS |  
2019-08-21 12:28:08,278 | INFO  | DNAudit | user=null | ip=null | op=WRITE_CHUNK {blockData=conID: 3 locID: 102654967037297188 bcsId: 2994} | ret=SUCCESS |  
2019-08-21 12:28:08,279 | INFO  | DNAudit | user=null | ip=null | op=WRITE_CHUNK {blockData=conID: 3 locID: 102654967037297188 bcsId: 0} | ret=SUCCESS |  
2019-08-21 12:28:08,279 | INFO  | DNAudit | user=null | ip=null | op=PUT_BLOCK {blockData=[blockId=conID: 3 locID: 102654967037297188 bcsId: 0,size=2097152]} | ret=SUCCESS |  
2019-08-21 12:28:08,279 | INFO  | DNAudit | user=null | ip=null | op=WRITE_CHUNK {blockData=conID: 3 locID: 102654967037297188 bcsId: 0} | ret=SUCCESS |  
2019-08-21 12:28:08,279 | INFO  | DNAudit | user=null | ip=null | op=PUT_BLOCK {blockData=[blockId=conID: 3 locID: 102654967037297188 bcsId: 0,size=2097152]} | ret=SUCCESS |  
2019-08-21 12:28:08,281 | INFO  | DNAudit | user=null | ip=null | op=WRITE_CHUNK {blockData=conID: 3 locID: 102654967037297188 bcsId: 2994} | ret=SUCCESS |  
2019-08-21 12:28:08,281 | INFO  | DNAudit | user=null | ip=null | op=PUT_BLOCK {blockData=[blockId=conID: 3 locID: 102654967037297188 bcsId: 0,size=3145728]} | ret=SUCCESS |  
2019-08-21 12:28:08,281 [grpc-default-executor-1] INFO  client.GrpcClientProtocolClient (GrpcClientProtocolClient.java:onNext(255)) - client-C954105195FD->270584e6-a4a8-4db5-8151-214655ce1a56: receive RaftClientReply:client-C954105195FD->270584e6-a4a8-4db5-8151-214655ce1a56@group-787F5BA3AA67, cid=2043, SUCCESS, logIndex=2999, commits[270584e6-a4a8-4db5-8151-214655ce1a56:c3000, af078b8b-61ec-497f-9506-472d46a72462:c2996, 09fb9ab4-1b8d-44c0-9f8c-50855c6f1fed:c2996]
2019-08-21 12:28:08,282 [grpc-default-executor-1] INFO  client.GrpcClientProtocolClient (GrpcClientProtocolClient.java:onNext(255)) - client-C954105195FD->270584e6-a4a8-4db5-8151-214655ce1a56: receive RaftClientReply:client-C954105195FD->270584e6-a4a8-4db5-8151-214655ce1a56@group-787F5BA3AA67, cid=2044, SUCCESS, logIndex=3000, commits[270584e6-a4a8-4db5-8151-214655ce1a56:c3000, af078b8b-61ec-497f-9506-472d46a72462:c2996, 09fb9ab4-1b8d-44c0-9f8c-50855c6f1fed:c2996]
2019-08-21 12:28:08,289 | INFO  | DNAudit | user=null | ip=null | op=WRITE_CHUNK {blockData=conID: 3 locID: 102654967037297188 bcsId: 3000} | ret=SUCCESS |  
2019-08-21 12:28:08,292 | INFO  | DNAudit | user=null | ip=null | op=WRITE_CHUNK {blockData=conID: 3 locID: 102654967037297188 bcsId: 3000} | ret=SUCCESS |  
2019-08-21 12:28:08,292 | INFO  | DNAudit | user=null | ip=null | op=WRITE_CHUNK {blockData=conID: 3 locID: 102654967037297188 bcsId: 3000} | ret=SUCCESS |  
2019-08-21 12:28:08,292 | INFO  | DNAudit | user=null | ip=null | op=WRITE_CHUNK {blockData=conID: 3 locID: 102654967037297188 bcsId: 2994} | ret=SUCCESS |  
2019-08-21 12:28:08,292 | INFO  | DNAudit | user=null | ip=null | op=WRITE_CHUNK {blockData=conID: 3 locID: 102654967037297188 bcsId: 2994} | ret=SUCCESS |  
2019-08-21 12:28:08,293 | INFO  | DNAudit | user=null | ip=null | op=PUT_BLOCK {blockData=[blockId=conID: 3 locID: 102654967037297188 bcsId: 0,size=3145728]} | ret=SUCCESS |  
2019-08-21 12:28:08,294 | INFO  | DNAudit | user=null | ip=null | op=WRITE_CHUNK {blockData=conID: 3 locID: 102654967037297188 bcsId: 3000} | ret=SUCCESS |  
2019-08-21 12:28:08,294 | INFO  | DNAudit | user=null | ip=null | op=PUT_BLOCK {blockData=[blockId=conID: 3 locID: 102654967037297188 bcsId: 0,size=4194304]} | ret=SUCCESS |  
2019-08-21 12:28:08,295 | INFO  | DNAudit | user=null | ip=null | op=PUT_BLOCK {blockData=[blockId=conID: 3 locID: 102654967037297188 bcsId: 0,size=3145728]} | ret=SUCCESS |  
2019-08-21 12:28:08,295 [grpc-default-executor-5] INFO  client.GrpcClientProtocolClient (GrpcClientProtocolClient.java:onNext(255)) - client-C954105195FD->270584e6-a4a8-4db5-8151-214655ce1a56: receive RaftClientReply:client-C954105195FD->270584e6-a4a8-4db5-8151-214655ce1a56@group-787F5BA3AA67, cid=2045, SUCCESS, logIndex=3003, commits[270584e6-a4a8-4db5-8151-214655ce1a56:c3004, af078b8b-61ec-497f-9506-472d46a72462:c3000, 09fb9ab4-1b8d-44c0-9f8c-50855c6f1fed:c2999]
2019-08-21 12:28:08,295 [grpc-default-executor-5] INFO  client.GrpcClientProtocolClient (GrpcClientProtocolClient.java:onNext(255)) - client-C954105195FD->270584e6-a4a8-4db5-8151-214655ce1a56: receive RaftClientReply:client-C954105195FD->270584e6-a4a8-4db5-8151-214655ce1a56@group-787F5BA3AA67, cid=2046, SUCCESS, logIndex=3004, commits[270584e6-a4a8-4db5-8151-214655ce1a56:c3004, af078b8b-61ec-497f-9506-472d46a72462:c3000, 09fb9ab4-1b8d-44c0-9f8c-50855c6f1fed:c2999]
2019-08-21 12:28:08,296 | INFO  | DNAudit | user=null | ip=null | op=WRITE_CHUNK {blockData=conID: 3 locID: 102654967037297188 bcsId: 3000} | ret=SUCCESS |  
2019-08-21 12:28:08,296 [grpc-default-executor-5] INFO  client.GrpcClientProtocolClient (GrpcClientProtocolClient.java:onNext(255)) - client-C954105195FD->270584e6-a4a8-4db5-8151-214655ce1a56: receive RaftClientReply:client-C954105195FD->270584e6-a4a8-4db5-8151-214655ce1a56@group-787F5BA3AA67, cid=2047, SUCCESS, logIndex=0, commits[270584e6-a4a8-4db5-8151-214655ce1a56:c3004, af078b8b-61ec-497f-9506-472d46a72462:c3003, 09fb9ab4-1b8d-44c0-9f8c-50855c6f1fed:c3000]
2019-08-21 12:28:08,307 | INFO  | DNAudit | user=null | ip=null | op=WRITE_CHUNK {blockData=conID: 3 locID: 102654967037297188 bcsId: 3000} | ret=SUCCESS |  
2019-08-21 12:28:08,307 | INFO  | DNAudit | user=null | ip=null | op=PUT_BLOCK {blockData=[blockId=conID: 3 locID: 102654967037297188 bcsId: 0,size=4194304]} | ret=SUCCESS |  
2019-08-21 12:28:08,307 | INFO  | DNAudit | user=null | ip=null | op=PUT_BLOCK {blockData=[blockId=conID: 3 locID: 102654967037297188 bcsId: 0,size=4194304]} | ret=SUCCESS |  
2019-08-21 12:28:08,308 [grpc-default-executor-5] INFO  client.GrpcClientProtocolClient (GrpcClientProtocolClient.java:onNext(255)) - client-C954105195FD->270584e6-a4a8-4db5-8151-214655ce1a56: receive RaftClientReply:client-C954105195FD->270584e6-a4a8-4db5-8151-214655ce1a56@group-787F5BA3AA67, cid=2048, SUCCESS, logIndex=0, commits[270584e6-a4a8-4db5-8151-214655ce1a56:c3006, af078b8b-61ec-497f-9506-472d46a72462:c3004, 09fb9ab4-1b8d-44c0-9f8c-50855c6f1fed:c3004]
2019-08-21 12:28:08,313 | INFO  | SCMAudit | user=jenkins1000 | ip=192.168.34.23 | op=ALLOCATE_BLOCK {owner=b79f83c9-5f7d-4caf-af30-78af34bc5eea, size=4194304, type=RATIS, factor=THREE} | ret=SUCCESS |  
2019-08-21 12:28:08,316 | INFO  | OMAudit | user=jenkins1000 | ip=127.0.0.1 | op=ALLOCATE_BLOCK {volume=vol-0-06517, bucket=bucket-0-64549, key=key-0-34512, dataSize=0, replicationType=null, replicationFactor=null, keyLocationInfo=null, clientID=102654965997830546} | ret=SUCCESS |  
2019-08-21 12:28:08,324 | INFO  | DNAudit | user=null | ip=null | op=WRITE_CHUNK {blockData=conID: 1 locID: 102654967042081317 bcsId: 0} | ret=SUCCESS |  
2019-08-21 12:28:08,326 | INFO  | DNAudit | user=null | ip=null | op=WRITE_CHUNK {blockData=conID: 1 locID: 102654967042081317 bcsId: 0} | ret=SUCCESS |  
2019-08-21 12:28:08,327 | INFO  | DNAudit | user=null | ip=null | op=WRITE_CHUNK {blockData=conID: 1 locID: 102654967042081317 bcsId: 0} | ret=SUCCESS |  
2019-08-21 12:28:08,327 | INFO  | DNAudit | user=null | ip=null | op=WRITE_CHUNK {blockData=conID: 1 locID: 102654967042081317 bcsId: 0} | ret=SUCCESS |  
2019-08-21 12:28:08,329 | INFO  | DNAudit | user=null | ip=null | op=WRITE_CHUNK {blockData=conID: 1 locID: 102654967042081317 bcsId: 0} | ret=SUCCESS |  
2019-08-21 12:28:08,329 | INFO  | DNAudit | user=null | ip=null | op=WRITE_CHUNK {blockData=conID: 1 locID: 102654967042081317 bcsId: 0} | ret=SUCCESS |  
2019-08-21 12:28:08,336 | INFO  | DNAudit | user=null | ip=null | op=WRITE_CHUNK {blockData=conID: 1 locID: 102654967042081317 bcsId: 0} | ret=SUCCESS |  
2019-08-21 12:28:08,337 | INFO  | DNAudit | user=null | ip=null | op=PUT_BLOCK {blockData=[blockId=conID: 1 locID: 102654967042081317 bcsId: 0,size=1048576]} | ret=SUCCESS |  
2019-08-21 12:28:08,337 [grpc-default-executor-5] INFO  client.GrpcClientProtocolClient (GrpcClientProtocolClient.java:onNext(255)) - client-C954105195FD->270584e6-a4a8-4db5-8151-214655ce1a56: receive RaftClientReply:client-C954105195FD->270584e6-a4a8-4db5-8151-214655ce1a56@group-787F5BA3AA67, cid=2049, SUCCESS, logIndex=3007, commits[270584e6-a4a8-4db5-8151-214655ce1a56:c3009, af078b8b-61ec-497f-9506-472d46a72462:c3006, 09fb9ab4-1b8d-44c0-9f8c-50855c6f1fed:c3006]
2019-08-21 12:28:08,337 | INFO  | DNAudit | user=null | ip=null | op=WRITE_CHUNK {blockData=conID: 1 locID: 102654967042081317 bcsId: 0} | ret=SUCCESS |  
2019-08-21 12:28:08,337 [grpc-default-executor-5] INFO  client.GrpcClientProtocolClient (GrpcClientProtocolClient.java:onNext(255)) - client-C954105195FD->270584e6-a4a8-4db5-8151-214655ce1a56: receive RaftClientReply:client-C954105195FD->270584e6-a4a8-4db5-8151-214655ce1a56@group-787F5BA3AA67, cid=2050, SUCCESS, logIndex=3008, commits[270584e6-a4a8-4db5-8151-214655ce1a56:c3010, af078b8b-61ec-497f-9506-472d46a72462:c3006, 09fb9ab4-1b8d-44c0-9f8c-50855c6f1fed:c3006]
2019-08-21 12:28:08,338 | INFO  | DNAudit | user=null | ip=null | op=WRITE_CHUNK {blockData=conID: 1 locID: 102654967042081317 bcsId: 0} | ret=SUCCESS |  
2019-08-21 12:28:08,338 | INFO  | DNAudit | user=null | ip=null | op=PUT_BLOCK {blockData=[blockId=conID: 1 locID: 102654967042081317 bcsId: 0,size=2097152]} | ret=SUCCESS |  
2019-08-21 12:28:08,338 [grpc-default-executor-2] INFO  client.GrpcClientProtocolClient (GrpcClientProtocolClient.java:onNext(255)) - client-C954105195FD->270584e6-a4a8-4db5-8151-214655ce1a56: receive RaftClientReply:client-C954105195FD->270584e6-a4a8-4db5-8151-214655ce1a56@group-787F5BA3AA67, cid=2051, SUCCESS, logIndex=3009, commits[270584e6-a4a8-4db5-8151-214655ce1a56:c3010, af078b8b-61ec-497f-9506-472d46a72462:c3006, 09fb9ab4-1b8d-44c0-9f8c-50855c6f1fed:c3006]
2019-08-21 12:28:08,338 [grpc-default-executor-2] INFO  client.GrpcClientProtocolClient (GrpcClientProtocolClient.java:onNext(255)) - client-C954105195FD->270584e6-a4a8-4db5-8151-214655ce1a56: receive RaftClientReply:client-C954105195FD->270584e6-a4a8-4db5-8151-214655ce1a56@group-787F5BA3AA67, cid=2052, SUCCESS, logIndex=3010, commits[270584e6-a4a8-4db5-8151-214655ce1a56:c3011, af078b8b-61ec-497f-9506-472d46a72462:c3006, 09fb9ab4-1b8d-44c0-9f8c-50855c6f1fed:c3007]
2019-08-21 12:28:08,339 | INFO  | DNAudit | user=null | ip=null | op=WRITE_CHUNK {blockData=conID: 1 locID: 102654967042081317 bcsId: 0} | ret=SUCCESS |  
2019-08-21 12:28:08,339 | INFO  | DNAudit | user=null | ip=null | op=PUT_BLOCK {blockData=[blockId=conID: 1 locID: 102654967042081317 bcsId: 0,size=1048576]} | ret=SUCCESS |  
2019-08-21 12:28:08,339 | INFO  | DNAudit | user=null | ip=null | op=PUT_BLOCK {blockData=[blockId=conID: 1 locID: 102654967042081317 bcsId: 0,size=1048576]} | ret=SUCCESS |  
2019-08-21 12:28:08,339 | INFO  | DNAudit | user=null | ip=null | op=WRITE_CHUNK {blockData=conID: 1 locID: 102654967042081317 bcsId: 0} | ret=SUCCESS |  
2019-08-21 12:28:08,339 | INFO  | DNAudit | user=null | ip=null | op=WRITE_CHUNK {blockData=conID: 1 locID: 102654967042081317 bcsId: 0} | ret=SUCCESS |  
2019-08-21 12:28:08,340 [grpc-default-executor-2] INFO  client.GrpcClientProtocolClient (GrpcClientProtocolClient.java:onNext(255)) - client-C954105195FD->270584e6-a4a8-4db5-8151-214655ce1a56: receive RaftClientReply:client-C954105195FD->270584e6-a4a8-4db5-8151-214655ce1a56@group-787F5BA3AA67, cid=2053, SUCCESS, logIndex=0, commits[270584e6-a4a8-4db5-8151-214655ce1a56:c3013, af078b8b-61ec-497f-9506-472d46a72462:c3009, 09fb9ab4-1b8d-44c0-9f8c-50855c6f1fed:c3008]
2019-08-21 12:28:08,340 | INFO  | DNAudit | user=null | ip=null | op=PUT_BLOCK {blockData=[blockId=conID: 1 locID: 102654967042081317 bcsId: 0,size=2097152]} | ret=SUCCESS |  
2019-08-21 12:28:08,340 | INFO  | DNAudit | user=null | ip=null | op=PUT_BLOCK {blockData=[blockId=conID: 1 locID: 102654967042081317 bcsId: 0,size=2097152]} | ret=SUCCESS |  
2019-08-21 12:28:08,347 | INFO  | DNAudit | user=null | ip=null | op=WRITE_CHUNK {blockData=conID: 1 locID: 102654967042081317 bcsId: 3010} | ret=SUCCESS |  
2019-08-21 12:28:08,348 | INFO  | DNAudit | user=null | ip=null | op=WRITE_CHUNK {blockData=conID: 1 locID: 102654967042081317 bcsId: 3010} | ret=SUCCESS |  
2019-08-21 12:28:08,349 | INFO  | DNAudit | user=null | ip=null | op=WRITE_CHUNK {blockData=conID: 1 locID: 102654967042081317 bcsId: 3010} | ret=SUCCESS |  
2019-08-21 12:28:08,359 | INFO  | DNAudit | user=null | ip=null | op=WRITE_CHUNK {blockData=conID: 1 locID: 102654967042081317 bcsId: 3010} | ret=SUCCESS |  
2019-08-21 12:28:08,360 | INFO  | DNAudit | user=null | ip=null | op=PUT_BLOCK {blockData=[blockId=conID: 1 locID: 102654967042081317 bcsId: 0,size=3145728]} | ret=SUCCESS |  
2019-08-21 12:28:08,360 [grpc-default-executor-1] INFO  client.GrpcClientProtocolClient (GrpcClientProtocolClient.java:onNext(255)) - client-C954105195FD->270584e6-a4a8-4db5-8151-214655ce1a56: receive RaftClientReply:client-C954105195FD->270584e6-a4a8-4db5-8151-214655ce1a56@group-787F5BA3AA67, cid=2054, SUCCESS, logIndex=3015, commits[270584e6-a4a8-4db5-8151-214655ce1a56:c3016, af078b8b-61ec-497f-9506-472d46a72462:c3014, 09fb9ab4-1b8d-44c0-9f8c-50855c6f1fed:c3014]
2019-08-21 12:28:08,360 [grpc-default-executor-1] INFO  client.GrpcClientProtocolClient (GrpcClientProtocolClient.java:onNext(255)) - client-C954105195FD->270584e6-a4a8-4db5-8151-214655ce1a56: receive RaftClientReply:client-C954105195FD->270584e6-a4a8-4db5-8151-214655ce1a56@group-787F5BA3AA67, cid=2055, SUCCESS, logIndex=3016, commits[270584e6-a4a8-4db5-8151-214655ce1a56:c3016, af078b8b-61ec-497f-9506-472d46a72462:c3014, 09fb9ab4-1b8d-44c0-9f8c-50855c6f1fed:c3014]
2019-08-21 12:28:08,367 | INFO  | DNAudit | user=null | ip=null | op=WRITE_CHUNK {blockData=conID: 1 locID: 102654967042081317 bcsId: 3016} | ret=SUCCESS |  
2019-08-21 12:28:08,369 | INFO  | DNAudit | user=null | ip=null | op=WRITE_CHUNK {blockData=conID: 1 locID: 102654967042081317 bcsId: 3016} | ret=SUCCESS |  
2019-08-21 12:28:08,369 | INFO  | DNAudit | user=null | ip=null | op=WRITE_CHUNK {blockData=conID: 1 locID: 102654967042081317 bcsId: 3016} | ret=SUCCESS |  
2019-08-21 12:28:08,371 | INFO  | DNAudit | user=null | ip=null | op=WRITE_CHUNK {blockData=conID: 1 locID: 102654967042081317 bcsId: 3010} | ret=SUCCESS |  
2019-08-21 12:28:08,371 | INFO  | DNAudit | user=null | ip=null | op=WRITE_CHUNK {blockData=conID: 1 locID: 102654967042081317 bcsId: 3010} | ret=SUCCESS |  
2019-08-21 12:28:08,374 | INFO  | DNAudit | user=null | ip=null | op=PUT_BLOCK {blockData=[blockId=conID: 1 locID: 102654967042081317 bcsId: 0,size=3145728]} | ret=SUCCESS |  
2019-08-21 12:28:08,374 | INFO  | DNAudit | user=null | ip=null | op=PUT_BLOCK {blockData=[blockId=conID: 1 locID: 102654967042081317 bcsId: 0,size=3145728]} | ret=SUCCESS |  
2019-08-21 12:28:08,374 | INFO  | DNAudit | user=null | ip=null | op=WRITE_CHUNK {blockData=conID: 1 locID: 102654967042081317 bcsId: 3016} | ret=SUCCESS |  
2019-08-21 12:28:08,375 | INFO  | DNAudit | user=null | ip=null | op=PUT_BLOCK {blockData=[blockId=conID: 1 locID: 102654967042081317 bcsId: 0,size=4194304]} | ret=SUCCESS |  
2019-08-21 12:28:08,375 [grpc-default-executor-1] INFO  client.GrpcClientProtocolClient (GrpcClientProtocolClient.java:onNext(255)) - client-C954105195FD->270584e6-a4a8-4db5-8151-214655ce1a56: receive RaftClientReply:client-C954105195FD->270584e6-a4a8-4db5-8151-214655ce1a56@group-787F5BA3AA67, cid=2056, SUCCESS, logIndex=3019, commits[270584e6-a4a8-4db5-8151-214655ce1a56:c3020, af078b8b-61ec-497f-9506-472d46a72462:c3016, 09fb9ab4-1b8d-44c0-9f8c-50855c6f1fed:c3016]
2019-08-21 12:28:08,375 [grpc-default-executor-1] INFO  client.GrpcClientProtocolClient (GrpcClientProtocolClient.java:onNext(255)) - client-C954105195FD->270584e6-a4a8-4db5-8151-214655ce1a56: receive RaftClientReply:client-C954105195FD->270584e6-a4a8-4db5-8151-214655ce1a56@group-787F5BA3AA67, cid=2057, SUCCESS, logIndex=3020, commits[270584e6-a4a8-4db5-8151-214655ce1a56:c3020, af078b8b-61ec-497f-9506-472d46a72462:c3016, 09fb9ab4-1b8d-44c0-9f8c-50855c6f1fed:c3016]
2019-08-21 12:28:08,386 | INFO  | DNAudit | user=null | ip=null | op=WRITE_CHUNK {blockData=conID: 1 locID: 102654967042081317 bcsId: 3016} | ret=SUCCESS |  
2019-08-21 12:28:08,386 | INFO  | DNAudit | user=null | ip=null | op=WRITE_CHUNK {blockData=conID: 1 locID: 102654967042081317 bcsId: 3016} | ret=SUCCESS |  
2019-08-21 12:28:08,389 | INFO  | DNAudit | user=null | ip=null | op=PUT_BLOCK {blockData=[blockId=conID: 1 locID: 102654967042081317 bcsId: 0,size=4194304]} | ret=SUCCESS |  
2019-08-21 12:28:08,389 | INFO  | DNAudit | user=null | ip=null | op=PUT_BLOCK {blockData=[blockId=conID: 1 locID: 102654967042081317 bcsId: 0,size=4194304]} | ret=SUCCESS |  
2019-08-21 12:28:08,389 [grpc-default-executor-1] INFO  client.GrpcClientProtocolClient (GrpcClientProtocolClient.java:onNext(255)) - client-C954105195FD->270584e6-a4a8-4db5-8151-214655ce1a56: receive RaftClientReply:client-C954105195FD->270584e6-a4a8-4db5-8151-214655ce1a56@group-787F5BA3AA67, cid=2058, SUCCESS, logIndex=0, commits[270584e6-a4a8-4db5-8151-214655ce1a56:c3021, af078b8b-61ec-497f-9506-472d46a72462:c3020, 09fb9ab4-1b8d-44c0-9f8c-50855c6f1fed:c3020]
2019-08-21 12:28:08,395 | INFO  | SCMAudit | user=jenkins1000 | ip=192.168.34.23 | op=ALLOCATE_BLOCK {owner=b79f83c9-5f7d-4caf-af30-78af34bc5eea, size=4194304, type=RATIS, factor=THREE} | ret=SUCCESS |  
2019-08-21 12:28:08,398 | INFO  | OMAudit | user=jenkins1000 | ip=127.0.0.1 | op=ALLOCATE_BLOCK {volume=vol-0-06517, bucket=bucket-0-64549, key=key-0-34512, dataSize=0, replicationType=null, replicationFactor=null, keyLocationInfo=null, clientID=102654965997830546} | ret=SUCCESS |  
2019-08-21 12:28:08,406 | INFO  | DNAudit | user=null | ip=null | op=WRITE_CHUNK {blockData=conID: 2 locID: 102654967047455270 bcsId: 0} | ret=SUCCESS |  
2019-08-21 12:28:08,408 | INFO  | DNAudit | user=null | ip=null | op=WRITE_CHUNK {blockData=conID: 2 locID: 102654967047455270 bcsId: 0} | ret=SUCCESS |  
2019-08-21 12:28:08,408 | INFO  | DNAudit | user=null | ip=null | op=WRITE_CHUNK {blockData=conID: 2 locID: 102654967047455270 bcsId: 0} | ret=SUCCESS |  
2019-08-21 12:28:08,409 | INFO  | DNAudit | user=null | ip=null | op=WRITE_CHUNK {blockData=conID: 2 locID: 102654967047455270 bcsId: 0} | ret=SUCCESS |  
2019-08-21 12:28:08,410 | INFO  | DNAudit | user=null | ip=null | op=WRITE_CHUNK {blockData=conID: 2 locID: 102654967047455270 bcsId: 0} | ret=SUCCESS |  
2019-08-21 12:28:08,410 | INFO  | DNAudit | user=null | ip=null | op=WRITE_CHUNK {blockData=conID: 2 locID: 102654967047455270 bcsId: 0} | ret=SUCCESS |  
2019-08-21 12:28:08,423 | INFO  | DNAudit | user=null | ip=null | op=WRITE_CHUNK {blockData=conID: 2 locID: 102654967047455270 bcsId: 0} | ret=SUCCESS |  
2019-08-21 12:28:08,424 | INFO  | DNAudit | user=null | ip=null | op=PUT_BLOCK {blockData=[blockId=conID: 2 locID: 102654967047455270 bcsId: 0,size=1048576]} | ret=SUCCESS |  
2019-08-21 12:28:08,424 | INFO  | DNAudit | user=null | ip=null | op=WRITE_CHUNK {blockData=conID: 2 locID: 102654967047455270 bcsId: 0} | ret=SUCCESS |  
2019-08-21 12:28:08,424 [grpc-default-executor-5] INFO  client.GrpcClientProtocolClient (GrpcClientProtocolClient.java:onNext(255)) - client-C954105195FD->270584e6-a4a8-4db5-8151-214655ce1a56: receive RaftClientReply:client-C954105195FD->270584e6-a4a8-4db5-8151-214655ce1a56@group-787F5BA3AA67, cid=2059, SUCCESS, logIndex=3023, commits[270584e6-a4a8-4db5-8151-214655ce1a56:c3025, af078b8b-61ec-497f-9506-472d46a72462:c3022, 09fb9ab4-1b8d-44c0-9f8c-50855c6f1fed:c3022]
2019-08-21 12:28:08,425 | INFO  | DNAudit | user=null | ip=null | op=PUT_BLOCK {blockData=[blockId=conID: 2 locID: 102654967047455270 bcsId: 0,size=2097152]} | ret=SUCCESS |  
2019-08-21 12:28:08,425 [grpc-default-executor-5] INFO  client.GrpcClientProtocolClient (GrpcClientProtocolClient.java:onNext(255)) - client-C954105195FD->270584e6-a4a8-4db5-8151-214655ce1a56: receive RaftClientReply:client-C954105195FD->270584e6-a4a8-4db5-8151-214655ce1a56@group-787F5BA3AA67, cid=2060, SUCCESS, logIndex=3024, commits[270584e6-a4a8-4db5-8151-214655ce1a56:c3026, af078b8b-61ec-497f-9506-472d46a72462:c3022, 09fb9ab4-1b8d-44c0-9f8c-50855c6f1fed:c3022]
2019-08-21 12:28:08,425 [grpc-default-executor-5] INFO  client.GrpcClientProtocolClient (GrpcClientProtocolClient.java:onNext(255)) - client-C954105195FD->270584e6-a4a8-4db5-8151-214655ce1a56: receive RaftClientReply:client-C954105195FD->270584e6-a4a8-4db5-8151-214655ce1a56@group-787F5BA3AA67, cid=2061, SUCCESS, logIndex=3025, commits[270584e6-a4a8-4db5-8151-214655ce1a56:c3026, af078b8b-61ec-497f-9506-472d46a72462:c3022, 09fb9ab4-1b8d-44c0-9f8c-50855c6f1fed:c3022]
2019-08-21 12:28:08,425 [grpc-default-executor-5] INFO  client.GrpcClientProtocolClient (GrpcClientProtocolClient.java:onNext(255)) - client-C954105195FD->270584e6-a4a8-4db5-8151-214655ce1a56: receive RaftClientReply:client-C954105195FD->270584e6-a4a8-4db5-8151-214655ce1a56@group-787F5BA3AA67, cid=2062, SUCCESS, logIndex=3026, commits[270584e6-a4a8-4db5-8151-214655ce1a56:c3026, af078b8b-61ec-497f-9506-472d46a72462:c3022, 09fb9ab4-1b8d-44c0-9f8c-50855c6f1fed:c3022]
2019-08-21 12:28:08,426 | INFO  | DNAudit | user=null | ip=null | op=WRITE_CHUNK {blockData=conID: 2 locID: 102654967047455270 bcsId: 0} | ret=SUCCESS |  
2019-08-21 12:28:08,426 | INFO  | DNAudit | user=null | ip=null | op=WRITE_CHUNK {blockData=conID: 2 locID: 102654967047455270 bcsId: 0} | ret=SUCCESS |  
2019-08-21 12:28:08,426 | INFO  | DNAudit | user=null | ip=null | op=PUT_BLOCK {blockData=[blockId=conID: 2 locID: 102654967047455270 bcsId: 0,size=1048576]} | ret=SUCCESS |  
2019-08-21 12:28:08,428 | INFO  | DNAudit | user=null | ip=null | op=PUT_BLOCK {blockData=[blockId=conID: 2 locID: 102654967047455270 bcsId: 0,size=1048576]} | ret=SUCCESS |  
2019-08-21 12:28:08,428 | INFO  | DNAudit | user=null | ip=null | op=WRITE_CHUNK {blockData=conID: 2 locID: 102654967047455270 bcsId: 0} | ret=SUCCESS |  
2019-08-21 12:28:08,428 | INFO  | DNAudit | user=null | ip=null | op=WRITE_CHUNK {blockData=conID: 2 locID: 102654967047455270 bcsId: 0} | ret=SUCCESS |  
2019-08-21 12:28:08,428 | INFO  | DNAudit | user=null | ip=null | op=PUT_BLOCK {blockData=[blockId=conID: 2 locID: 102654967047455270 bcsId: 0,size=2097152]} | ret=SUCCESS |  
2019-08-21 12:28:08,429 | INFO  | DNAudit | user=null | ip=null | op=PUT_BLOCK {blockData=[blockId=conID: 2 locID: 102654967047455270 bcsId: 0,size=2097152]} | ret=SUCCESS |  
2019-08-21 12:28:08,429 [grpc-default-executor-5] INFO  client.GrpcClientProtocolClient (GrpcClientProtocolClient.java:onNext(255)) - client-C954105195FD->270584e6-a4a8-4db5-8151-214655ce1a56: receive RaftClientReply:client-C954105195FD->270584e6-a4a8-4db5-8151-214655ce1a56@group-787F5BA3AA67, cid=2063, SUCCESS, logIndex=0, commits[270584e6-a4a8-4db5-8151-214655ce1a56:c3028, af078b8b-61ec-497f-9506-472d46a72462:c3024, 09fb9ab4-1b8d-44c0-9f8c-50855c6f1fed:c3024]
2019-08-21 12:28:08,436 | INFO  | DNAudit | user=null | ip=null | op=WRITE_CHUNK {blockData=conID: 2 locID: 102654967047455270 bcsId: 3026} | ret=SUCCESS |  
2019-08-21 12:28:08,439 | INFO  | DNAudit | user=null | ip=null | op=WRITE_CHUNK {blockData=conID: 2 locID: 102654967047455270 bcsId: 3026} | ret=SUCCESS |  
2019-08-21 12:28:08,439 | INFO  | DNAudit | user=null | ip=null | op=WRITE_CHUNK {blockData=conID: 2 locID: 102654967047455270 bcsId: 3026} | ret=SUCCESS |  
2019-08-21 12:28:08,441 | INFO  | DNAudit | user=null | ip=null | op=WRITE_CHUNK {blockData=conID: 2 locID: 102654967047455270 bcsId: 3026} | ret=SUCCESS |  
2019-08-21 12:28:08,442 | INFO  | DNAudit | user=null | ip=null | op=PUT_BLOCK {blockData=[blockId=conID: 2 locID: 102654967047455270 bcsId: 0,size=3145728]} | ret=SUCCESS |  
2019-08-21 12:28:08,442 [grpc-default-executor-2] INFO  client.GrpcClientProtocolClient (GrpcClientProtocolClient.java:onNext(255)) - client-C954105195FD->270584e6-a4a8-4db5-8151-214655ce1a56: receive RaftClientReply:client-C954105195FD->270584e6-a4a8-4db5-8151-214655ce1a56@group-787F5BA3AA67, cid=2064, SUCCESS, logIndex=3031, commits[270584e6-a4a8-4db5-8151-214655ce1a56:c3032, af078b8b-61ec-497f-9506-472d46a72462:c3026, 09fb9ab4-1b8d-44c0-9f8c-50855c6f1fed:c3030]
2019-08-21 12:28:08,442 [grpc-default-executor-2] INFO  client.GrpcClientProtocolClient (GrpcClientProtocolClient.java:onNext(255)) - client-C954105195FD->270584e6-a4a8-4db5-8151-214655ce1a56: receive RaftClientReply:client-C954105195FD->270584e6-a4a8-4db5-8151-214655ce1a56@group-787F5BA3AA67, cid=2065, SUCCESS, logIndex=3032, commits[270584e6-a4a8-4db5-8151-214655ce1a56:c3032, af078b8b-61ec-497f-9506-472d46a72462:c3030, 09fb9ab4-1b8d-44c0-9f8c-50855c6f1fed:c3030]
2019-08-21 12:28:08,445 | INFO  | DNAudit | user=null | ip=null | op=WRITE_CHUNK {blockData=conID: 2 locID: 102654967047455270 bcsId: 3026} | ret=SUCCESS |  
2019-08-21 12:28:08,445 | INFO  | DNAudit | user=null | ip=null | op=WRITE_CHUNK {blockData=conID: 2 locID: 102654967047455270 bcsId: 3026} | ret=SUCCESS |  
2019-08-21 12:28:08,447 | INFO  | DNAudit | user=null | ip=null | op=PUT_BLOCK {blockData=[blockId=conID: 2 locID: 102654967047455270 bcsId: 0,size=3145728]} | ret=SUCCESS |  
2019-08-21 12:28:08,447 | INFO  | DNAudit | user=null | ip=null | op=PUT_BLOCK {blockData=[blockId=conID: 2 locID: 102654967047455270 bcsId: 0,size=3145728]} | ret=SUCCESS |  
2019-08-21 12:28:08,449 | INFO  | DNAudit | user=null | ip=null | op=WRITE_CHUNK {blockData=conID: 2 locID: 102654967047455270 bcsId: 3032} | ret=SUCCESS |  
2019-08-21 12:28:08,451 | INFO  | DNAudit | user=null | ip=null | op=WRITE_CHUNK {blockData=conID: 2 locID: 102654967047455270 bcsId: 3032} | ret=SUCCESS |  
2019-08-21 12:28:08,452 | INFO  | DNAudit | user=null | ip=null | op=WRITE_CHUNK {blockData=conID: 2 locID: 102654967047455270 bcsId: 3032} | ret=SUCCESS |  
2019-08-21 12:28:08,469 | INFO  | DNAudit | user=null | ip=null | op=WRITE_CHUNK {blockData=conID: 2 locID: 102654967047455270 bcsId: 3032} | ret=SUCCESS |  
2019-08-21 12:28:08,470 | INFO  | DNAudit | user=null | ip=null | op=PUT_BLOCK {blockData=[blockId=conID: 2 locID: 102654967047455270 bcsId: 0,size=4194304]} | ret=SUCCESS |  
2019-08-21 12:28:08,470 [grpc-default-executor-5] INFO  client.GrpcClientProtocolClient (GrpcClientProtocolClient.java:onNext(255)) - client-C954105195FD->270584e6-a4a8-4db5-8151-214655ce1a56: receive RaftClientReply:client-C954105195FD->270584e6-a4a8-4db5-8151-214655ce1a56@group-787F5BA3AA67, cid=2066, SUCCESS, logIndex=3035, commits[270584e6-a4a8-4db5-8151-214655ce1a56:c3036, af078b8b-61ec-497f-9506-472d46a72462:c3034, 09fb9ab4-1b8d-44c0-9f8c-50855c6f1fed:c3034]
2019-08-21 12:28:08,470 [grpc-default-executor-5] INFO  client.GrpcClientProtocolClient (GrpcClientProtocolClient.java:onNext(255)) - client-C954105195FD->270584e6-a4a8-4db5-8151-214655ce1a56: receive RaftClientReply:client-C954105195FD->270584e6-a4a8-4db5-8151-214655ce1a56@group-787F5BA3AA67, cid=2067, SUCCESS, logIndex=3036, commits[270584e6-a4a8-4db5-8151-214655ce1a56:c3036, af078b8b-61ec-497f-9506-472d46a72462:c3034, 09fb9ab4-1b8d-44c0-9f8c-50855c6f1fed:c3034]
2019-08-21 12:28:08,485 | INFO  | DNAudit | user=null | ip=null | op=WRITE_CHUNK {blockData=conID: 2 locID: 102654967047455270 bcsId: 3032} | ret=SUCCESS |  
2019-08-21 12:28:08,485 | INFO  | DNAudit | user=null | ip=null | op=WRITE_CHUNK {blockData=conID: 2 locID: 102654967047455270 bcsId: 3032} | ret=SUCCESS |  
2019-08-21 12:28:08,486 | INFO  | DNAudit | user=null | ip=null | op=PUT_BLOCK {blockData=[blockId=conID: 2 locID: 102654967047455270 bcsId: 0,size=4194304]} | ret=SUCCESS |  
2019-08-21 12:28:08,487 | INFO  | DNAudit | user=null | ip=null | op=PUT_BLOCK {blockData=[blockId=conID: 2 locID: 102654967047455270 bcsId: 0,size=4194304]} | ret=SUCCESS |  
2019-08-21 12:28:08,487 [grpc-default-executor-2] INFO  client.GrpcClientProtocolClient (GrpcClientProtocolClient.java:onNext(255)) - client-C954105195FD->270584e6-a4a8-4db5-8151-214655ce1a56: receive RaftClientReply:client-C954105195FD->270584e6-a4a8-4db5-8151-214655ce1a56@group-787F5BA3AA67, cid=2068, SUCCESS, logIndex=0, commits[270584e6-a4a8-4db5-8151-214655ce1a56:c3038, af078b8b-61ec-497f-9506-472d46a72462:c3036, 09fb9ab4-1b8d-44c0-9f8c-50855c6f1fed:c3036]
2019-08-21 12:28:08,493 | INFO  | SCMAudit | user=jenkins1000 | ip=192.168.34.23 | op=ALLOCATE_BLOCK {owner=b79f83c9-5f7d-4caf-af30-78af34bc5eea, size=4194304, type=RATIS, factor=THREE} | ret=SUCCESS |  
2019-08-21 12:28:08,496 | INFO  | OMAudit | user=jenkins1000 | ip=127.0.0.1 | op=ALLOCATE_BLOCK {volume=vol-0-06517, bucket=bucket-0-64549, key=key-0-34512, dataSize=0, replicationType=null, replicationFactor=null, keyLocationInfo=null, clientID=102654965997830546} | ret=SUCCESS |  
2019-08-21 12:28:08,503 | INFO  | DNAudit | user=null | ip=null | op=WRITE_CHUNK {blockData=conID: 3 locID: 102654967053877799 bcsId: 0} | ret=SUCCESS |  
2019-08-21 12:28:08,506 | INFO  | DNAudit | user=null | ip=null | op=WRITE_CHUNK {blockData=conID: 3 locID: 102654967053877799 bcsId: 0} | ret=SUCCESS |  
2019-08-21 12:28:08,506 | INFO  | DNAudit | user=null | ip=null | op=WRITE_CHUNK {blockData=conID: 3 locID: 102654967053877799 bcsId: 0} | ret=SUCCESS |  
2019-08-21 12:28:08,507 | INFO  | DNAudit | user=null | ip=null | op=WRITE_CHUNK {blockData=conID: 3 locID: 102654967053877799 bcsId: 0} | ret=SUCCESS |  
2019-08-21 12:28:08,509 | INFO  | DNAudit | user=null | ip=null | op=WRITE_CHUNK {blockData=conID: 3 locID: 102654967053877799 bcsId: 0} | ret=SUCCESS |  
2019-08-21 12:28:08,509 | INFO  | DNAudit | user=null | ip=null | op=WRITE_CHUNK {blockData=conID: 3 locID: 102654967053877799 bcsId: 0} | ret=SUCCESS |  
2019-08-21 12:28:08,516 | INFO  | DNAudit | user=null | ip=null | op=WRITE_CHUNK {blockData=conID: 3 locID: 102654967053877799 bcsId: 0} | ret=SUCCESS |  
2019-08-21 12:28:08,517 | INFO  | DNAudit | user=null | ip=null | op=PUT_BLOCK {blockData=[blockId=conID: 3 locID: 102654967053877799 bcsId: 0,size=1048576]} | ret=SUCCESS |  
2019-08-21 12:28:08,517 [grpc-default-executor-2] INFO  client.GrpcClientProtocolClient (GrpcClientProtocolClient.java:onNext(255)) - client-C954105195FD->270584e6-a4a8-4db5-8151-214655ce1a56: receive RaftClientReply:client-C954105195FD->270584e6-a4a8-4db5-8151-214655ce1a56@group-787F5BA3AA67, cid=2069, SUCCESS, logIndex=3039, commits[270584e6-a4a8-4db5-8151-214655ce1a56:c3039, af078b8b-61ec-497f-9506-472d46a72462:c3038, 09fb9ab4-1b8d-44c0-9f8c-50855c6f1fed:c3038]
2019-08-21 12:28:08,517 | INFO  | DNAudit | user=null | ip=null | op=WRITE_CHUNK {blockData=conID: 3 locID: 102654967053877799 bcsId: 0} | ret=SUCCESS |  
2019-08-21 12:28:08,518 [grpc-default-executor-2] INFO  client.GrpcClientProtocolClient (GrpcClientProtocolClient.java:onNext(255)) - client-C954105195FD->270584e6-a4a8-4db5-8151-214655ce1a56: receive RaftClientReply:client-C954105195FD->270584e6-a4a8-4db5-8151-214655ce1a56@group-787F5BA3AA67, cid=2070, SUCCESS, logIndex=3040, commits[270584e6-a4a8-4db5-8151-214655ce1a56:c3042, af078b8b-61ec-497f-9506-472d46a72462:c3038, 09fb9ab4-1b8d-44c0-9f8c-50855c6f1fed:c3038]
2019-08-21 12:28:08,518 | INFO  | DNAudit | user=null | ip=null | op=PUT_BLOCK {blockData=[blockId=conID: 3 locID: 102654967053877799 bcsId: 0,size=2097152]} | ret=SUCCESS |  
2019-08-21 12:28:08,518 [grpc-default-executor-2] INFO  client.GrpcClientProtocolClient (GrpcClientProtocolClient.java:onNext(255)) - client-C954105195FD->270584e6-a4a8-4db5-8151-214655ce1a56: receive RaftClientReply:client-C954105195FD->270584e6-a4a8-4db5-8151-214655ce1a56@group-787F5BA3AA67, cid=2071, SUCCESS, logIndex=3041, commits[270584e6-a4a8-4db5-8151-214655ce1a56:c3042, af078b8b-61ec-497f-9506-472d46a72462:c3038, 09fb9ab4-1b8d-44c0-9f8c-50855c6f1fed:c3038]
2019-08-21 12:28:08,519 [grpc-default-executor-2] INFO  client.GrpcClientProtocolClient (GrpcClientProtocolClient.java:onNext(255)) - client-C954105195FD->270584e6-a4a8-4db5-8151-214655ce1a56: receive RaftClientReply:client-C954105195FD->270584e6-a4a8-4db5-8151-214655ce1a56@group-787F5BA3AA67, cid=2072, SUCCESS, logIndex=3042, commits[270584e6-a4a8-4db5-8151-214655ce1a56:c3042, af078b8b-61ec-497f-9506-472d46a72462:c3038, 09fb9ab4-1b8d-44c0-9f8c-50855c6f1fed:c3038]
2019-08-21 12:28:08,520 | INFO  | DNAudit | user=null | ip=null | op=WRITE_CHUNK {blockData=conID: 3 locID: 102654967053877799 bcsId: 0} | ret=SUCCESS |  
2019-08-21 12:28:08,520 | INFO  | DNAudit | user=null | ip=null | op=WRITE_CHUNK {blockData=conID: 3 locID: 102654967053877799 bcsId: 0} | ret=SUCCESS |  
2019-08-21 12:28:08,531 | INFO  | DNAudit | user=null | ip=null | op=PUT_BLOCK {blockData=[blockId=conID: 3 locID: 102654967053877799 bcsId: 0,size=1048576]} | ret=SUCCESS |  
2019-08-21 12:28:08,531 | INFO  | DNAudit | user=null | ip=null | op=PUT_BLOCK {blockData=[blockId=conID: 3 locID: 102654967053877799 bcsId: 0,size=1048576]} | ret=SUCCESS |  
2019-08-21 12:28:08,531 | INFO  | DNAudit | user=null | ip=null | op=WRITE_CHUNK {blockData=conID: 3 locID: 102654967053877799 bcsId: 0} | ret=SUCCESS |  
2019-08-21 12:28:08,531 | INFO  | DNAudit | user=null | ip=null | op=WRITE_CHUNK {blockData=conID: 3 locID: 102654967053877799 bcsId: 0} | ret=SUCCESS |  
2019-08-21 12:28:08,531 | INFO  | DNAudit | user=null | ip=null | op=PUT_BLOCK {blockData=[blockId=conID: 3 locID: 102654967053877799 bcsId: 0,size=2097152]} | ret=SUCCESS |  
2019-08-21 12:28:08,531 | INFO  | DNAudit | user=null | ip=null | op=PUT_BLOCK {blockData=[blockId=conID: 3 locID: 102654967053877799 bcsId: 0,size=2097152]} | ret=SUCCESS |  
2019-08-21 12:28:08,531 [grpc-default-executor-2] INFO  client.GrpcClientProtocolClient (GrpcClientProtocolClient.java:onNext(255)) - client-C954105195FD->270584e6-a4a8-4db5-8151-214655ce1a56: receive RaftClientReply:client-C954105195FD->270584e6-a4a8-4db5-8151-214655ce1a56@group-787F5BA3AA67, cid=2073, SUCCESS, logIndex=0, commits[270584e6-a4a8-4db5-8151-214655ce1a56:c3044, af078b8b-61ec-497f-9506-472d46a72462:c3042, 09fb9ab4-1b8d-44c0-9f8c-50855c6f1fed:c3042]
2019-08-21 12:28:08,539 | INFO  | DNAudit | user=null | ip=null | op=WRITE_CHUNK {blockData=conID: 3 locID: 102654967053877799 bcsId: 3042} | ret=SUCCESS |  
2019-08-21 12:28:08,541 | INFO  | DNAudit | user=null | ip=null | op=WRITE_CHUNK {blockData=conID: 3 locID: 102654967053877799 bcsId: 3042} | ret=SUCCESS |  
2019-08-21 12:28:08,542 | INFO  | DNAudit | user=null | ip=null | op=WRITE_CHUNK {blockData=conID: 3 locID: 102654967053877799 bcsId: 3042} | ret=SUCCESS |  
2019-08-21 12:28:08,551 | INFO  | DNAudit | user=null | ip=null | op=WRITE_CHUNK {blockData=conID: 3 locID: 102654967053877799 bcsId: 3042} | ret=SUCCESS |  
2019-08-21 12:28:08,551 | INFO  | DNAudit | user=null | ip=null | op=PUT_BLOCK {blockData=[blockId=conID: 3 locID: 102654967053877799 bcsId: 0,size=3145728]} | ret=SUCCESS |  
2019-08-21 12:28:08,551 [grpc-default-executor-1] INFO  client.GrpcClientProtocolClient (GrpcClientProtocolClient.java:onNext(255)) - client-C954105195FD->270584e6-a4a8-4db5-8151-214655ce1a56: receive RaftClientReply:client-C954105195FD->270584e6-a4a8-4db5-8151-214655ce1a56@group-787F5BA3AA67, cid=2074, SUCCESS, logIndex=3045, commits[270584e6-a4a8-4db5-8151-214655ce1a56:c3046, af078b8b-61ec-497f-9506-472d46a72462:c3044, 09fb9ab4-1b8d-44c0-9f8c-50855c6f1fed:c3044]
2019-08-21 12:28:08,552 [grpc-default-executor-1] INFO  client.GrpcClientProtocolClient (GrpcClientProtocolClient.java:onNext(255)) - client-C954105195FD->270584e6-a4a8-4db5-8151-214655ce1a56: receive RaftClientReply:client-C954105195FD->270584e6-a4a8-4db5-8151-214655ce1a56@group-787F5BA3AA67, cid=2075, SUCCESS, logIndex=3046, commits[270584e6-a4a8-4db5-8151-214655ce1a56:c3046, af078b8b-61ec-497f-9506-472d46a72462:c3044, 09fb9ab4-1b8d-44c0-9f8c-50855c6f1fed:c3044]
2019-08-21 12:28:08,559 | INFO  | DNAudit | user=null | ip=null | op=WRITE_CHUNK {blockData=conID: 3 locID: 102654967053877799 bcsId: 3046} | ret=SUCCESS |  
2019-08-21 12:28:08,561 | INFO  | DNAudit | user=null | ip=null | op=WRITE_CHUNK {blockData=conID: 3 locID: 102654967053877799 bcsId: 3046} | ret=SUCCESS |  
2019-08-21 12:28:08,562 | INFO  | DNAudit | user=null | ip=null | op=WRITE_CHUNK {blockData=conID: 3 locID: 102654967053877799 bcsId: 3046} | ret=SUCCESS |  
2019-08-21 12:28:08,562 | INFO  | DNAudit | user=null | ip=null | op=WRITE_CHUNK {blockData=conID: 3 locID: 102654967053877799 bcsId: 3042} | ret=SUCCESS |  
2019-08-21 12:28:08,562 | INFO  | DNAudit | user=null | ip=null | op=WRITE_CHUNK {blockData=conID: 3 locID: 102654967053877799 bcsId: 3042} | ret=SUCCESS |  
2019-08-21 12:28:08,564 | INFO  | DNAudit | user=null | ip=null | op=PUT_BLOCK {blockData=[blockId=conID: 3 locID: 102654967053877799 bcsId: 0,size=3145728]} | ret=SUCCESS |  
2019-08-21 12:28:08,564 | INFO  | DNAudit | user=null | ip=null | op=WRITE_CHUNK {blockData=conID: 3 locID: 102654967053877799 bcsId: 3046} | ret=SUCCESS |  
2019-08-21 12:28:08,564 | INFO  | DNAudit | user=null | ip=null | op=PUT_BLOCK {blockData=[blockId=conID: 3 locID: 102654967053877799 bcsId: 0,size=3145728]} | ret=SUCCESS |  
2019-08-21 12:28:08,564 | INFO  | DNAudit | user=null | ip=null | op=PUT_BLOCK {blockData=[blockId=conID: 3 locID: 102654967053877799 bcsId: 0,size=4194304]} | ret=SUCCESS |  
2019-08-21 12:28:08,565 [grpc-default-executor-5] INFO  client.GrpcClientProtocolClient (GrpcClientProtocolClient.java:onNext(255)) - client-C954105195FD->270584e6-a4a8-4db5-8151-214655ce1a56: receive RaftClientReply:client-C954105195FD->270584e6-a4a8-4db5-8151-214655ce1a56@group-787F5BA3AA67, cid=2076, SUCCESS, logIndex=3049, commits[270584e6-a4a8-4db5-8151-214655ce1a56:c3050, af078b8b-61ec-497f-9506-472d46a72462:c3046, 09fb9ab4-1b8d-44c0-9f8c-50855c6f1fed:c3045]
2019-08-21 12:28:08,565 [grpc-default-executor-5] INFO  client.GrpcClientProtocolClient (GrpcClientProtocolClient.java:onNext(255)) - client-C954105195FD->270584e6-a4a8-4db5-8151-214655ce1a56: receive RaftClientReply:client-C954105195FD->270584e6-a4a8-4db5-8151-214655ce1a56@group-787F5BA3AA67, cid=2077, SUCCESS, logIndex=3050, commits[270584e6-a4a8-4db5-8151-214655ce1a56:c3050, af078b8b-61ec-497f-9506-472d46a72462:c3046, 09fb9ab4-1b8d-44c0-9f8c-50855c6f1fed:c3046]
2019-08-21 12:28:08,575 | INFO  | DNAudit | user=null | ip=null | op=WRITE_CHUNK {blockData=conID: 3 locID: 102654967053877799 bcsId: 3046} | ret=SUCCESS |  
2019-08-21 12:28:08,575 | INFO  | DNAudit | user=null | ip=null | op=WRITE_CHUNK {blockData=conID: 3 locID: 102654967053877799 bcsId: 3046} | ret=SUCCESS |  
2019-08-21 12:28:08,587 | INFO  | DNAudit | user=null | ip=null | op=PUT_BLOCK {blockData=[blockId=conID: 3 locID: 102654967053877799 bcsId: 0,size=4194304]} | ret=SUCCESS |  
2019-08-21 12:28:08,587 | INFO  | DNAudit | user=null | ip=null | op=PUT_BLOCK {blockData=[blockId=conID: 3 locID: 102654967053877799 bcsId: 0,size=4194304]} | ret=SUCCESS |  
2019-08-21 12:28:08,587 [grpc-default-executor-5] INFO  client.GrpcClientProtocolClient (GrpcClientProtocolClient.java:onNext(255)) - client-C954105195FD->270584e6-a4a8-4db5-8151-214655ce1a56: receive RaftClientReply:client-C954105195FD->270584e6-a4a8-4db5-8151-214655ce1a56@group-787F5BA3AA67, cid=2078, SUCCESS, logIndex=0, commits[270584e6-a4a8-4db5-8151-214655ce1a56:c3052, af078b8b-61ec-497f-9506-472d46a72462:c3050, 09fb9ab4-1b8d-44c0-9f8c-50855c6f1fed:c3050]
2019-08-21 12:28:08,593 | INFO  | SCMAudit | user=jenkins1000 | ip=192.168.34.23 | op=ALLOCATE_BLOCK {owner=b79f83c9-5f7d-4caf-af30-78af34bc5eea, size=4194304, type=RATIS, factor=THREE} | ret=SUCCESS |  
2019-08-21 12:28:08,597 | INFO  | OMAudit | user=jenkins1000 | ip=127.0.0.1 | op=ALLOCATE_BLOCK {volume=vol-0-06517, bucket=bucket-0-64549, key=key-0-34512, dataSize=0, replicationType=null, replicationFactor=null, keyLocationInfo=null, clientID=102654965997830546} | ret=SUCCESS |  
2019-08-21 12:28:08,605 | INFO  | DNAudit | user=null | ip=null | op=WRITE_CHUNK {blockData=conID: 1 locID: 102654967060431400 bcsId: 0} | ret=SUCCESS |  
2019-08-21 12:28:08,606 | INFO  | DNAudit | user=null | ip=null | op=WRITE_CHUNK {blockData=conID: 1 locID: 102654967060431400 bcsId: 0} | ret=SUCCESS |  
2019-08-21 12:28:08,609 | INFO  | DNAudit | user=null | ip=null | op=WRITE_CHUNK {blockData=conID: 1 locID: 102654967060431400 bcsId: 0} | ret=SUCCESS |  
2019-08-21 12:28:08,610 | INFO  | DNAudit | user=null | ip=null | op=WRITE_CHUNK {blockData=conID: 1 locID: 102654967060431400 bcsId: 0} | ret=SUCCESS |  
2019-08-21 12:28:08,610 | INFO  | DNAudit | user=null | ip=null | op=WRITE_CHUNK {blockData=conID: 1 locID: 102654967060431400 bcsId: 0} | ret=SUCCESS |  
2019-08-21 12:28:08,611 | INFO  | DNAudit | user=null | ip=null | op=WRITE_CHUNK {blockData=conID: 1 locID: 102654967060431400 bcsId: 0} | ret=SUCCESS |  
2019-08-21 12:28:08,621 | INFO  | DNAudit | user=null | ip=null | op=WRITE_CHUNK {blockData=conID: 1 locID: 102654967060431400 bcsId: 0} | ret=SUCCESS |  
2019-08-21 12:28:08,621 | INFO  | DNAudit | user=null | ip=null | op=PUT_BLOCK {blockData=[blockId=conID: 1 locID: 102654967060431400 bcsId: 0,size=1048576]} | ret=SUCCESS |  
2019-08-21 12:28:08,621 [grpc-default-executor-5] INFO  client.GrpcClientProtocolClient (GrpcClientProtocolClient.java:onNext(255)) - client-C954105195FD->270584e6-a4a8-4db5-8151-214655ce1a56: receive RaftClientReply:client-C954105195FD->270584e6-a4a8-4db5-8151-214655ce1a56@group-787F5BA3AA67, cid=2079, SUCCESS, logIndex=3053, commits[270584e6-a4a8-4db5-8151-214655ce1a56:c3056, af078b8b-61ec-497f-9506-472d46a72462:c3052, 09fb9ab4-1b8d-44c0-9f8c-50855c6f1fed:c3052]
2019-08-21 12:28:08,622 | INFO  | DNAudit | user=null | ip=null | op=WRITE_CHUNK {blockData=conID: 1 locID: 102654967060431400 bcsId: 0} | ret=SUCCESS |  
2019-08-21 12:28:08,622 [grpc-default-executor-5] INFO  client.GrpcClientProtocolClient (GrpcClientProtocolClient.java:onNext(255)) - client-C954105195FD->270584e6-a4a8-4db5-8151-214655ce1a56: receive RaftClientReply:client-C954105195FD->270584e6-a4a8-4db5-8151-214655ce1a56@group-787F5BA3AA67, cid=2080, SUCCESS, logIndex=3054, commits[270584e6-a4a8-4db5-8151-214655ce1a56:c3056, af078b8b-61ec-497f-9506-472d46a72462:c3052, 09fb9ab4-1b8d-44c0-9f8c-50855c6f1fed:c3052]
2019-08-21 12:28:08,622 | INFO  | DNAudit | user=null | ip=null | op=PUT_BLOCK {blockData=[blockId=conID: 1 locID: 102654967060431400 bcsId: 0,size=2097152]} | ret=SUCCESS |  
2019-08-21 12:28:08,622 [grpc-default-executor-5] INFO  client.GrpcClientProtocolClient (GrpcClientProtocolClient.java:onNext(255)) - client-C954105195FD->270584e6-a4a8-4db5-8151-214655ce1a56: receive RaftClientReply:client-C954105195FD->270584e6-a4a8-4db5-8151-214655ce1a56@group-787F5BA3AA67, cid=2081, SUCCESS, logIndex=3055, commits[270584e6-a4a8-4db5-8151-214655ce1a56:c3056, af078b8b-61ec-497f-9506-472d46a72462:c3052, 09fb9ab4-1b8d-44c0-9f8c-50855c6f1fed:c3052]
2019-08-21 12:28:08,623 [grpc-default-executor-5] INFO  client.GrpcClientProtocolClient (GrpcClientProtocolClient.java:onNext(255)) - client-C954105195FD->270584e6-a4a8-4db5-8151-214655ce1a56: receive RaftClientReply:client-C954105195FD->270584e6-a4a8-4db5-8151-214655ce1a56@group-787F5BA3AA67, cid=2082, SUCCESS, logIndex=3056, commits[270584e6-a4a8-4db5-8151-214655ce1a56:c3056, af078b8b-61ec-497f-9506-472d46a72462:c3052, 09fb9ab4-1b8d-44c0-9f8c-50855c6f1fed:c3052]
2019-08-21 12:28:08,632 | INFO  | DNAudit | user=null | ip=null | op=WRITE_CHUNK {blockData=conID: 1 locID: 102654967060431400 bcsId: 0} | ret=SUCCESS |  
2019-08-21 12:28:08,632 | INFO  | DNAudit | user=null | ip=null | op=WRITE_CHUNK {blockData=conID: 1 locID: 102654967060431400 bcsId: 0} | ret=SUCCESS |  
2019-08-21 12:28:08,632 | INFO  | DNAudit | user=null | ip=null | op=PUT_BLOCK {blockData=[blockId=conID: 1 locID: 102654967060431400 bcsId: 0,size=1048576]} | ret=SUCCESS |  
2019-08-21 12:28:08,633 | INFO  | DNAudit | user=null | ip=null | op=PUT_BLOCK {blockData=[blockId=conID: 1 locID: 102654967060431400 bcsId: 0,size=1048576]} | ret=SUCCESS |  
2019-08-21 12:28:08,633 [grpc-default-executor-5] INFO  client.GrpcClientProtocolClient (GrpcClientProtocolClient.java:onNext(255)) - client-C954105195FD->270584e6-a4a8-4db5-8151-214655ce1a56: receive RaftClientReply:client-C954105195FD->270584e6-a4a8-4db5-8151-214655ce1a56@group-787F5BA3AA67, cid=2083, SUCCESS, logIndex=0, commits[270584e6-a4a8-4db5-8151-214655ce1a56:c3057, af078b8b-61ec-497f-9506-472d46a72462:c3054, 09fb9ab4-1b8d-44c0-9f8c-50855c6f1fed:c3054]
2019-08-21 12:28:08,633 | INFO  | DNAudit | user=null | ip=null | op=WRITE_CHUNK {blockData=conID: 1 locID: 102654967060431400 bcsId: 0} | ret=SUCCESS |  
2019-08-21 12:28:08,633 | INFO  | DNAudit | user=null | ip=null | op=WRITE_CHUNK {blockData=conID: 1 locID: 102654967060431400 bcsId: 0} | ret=SUCCESS |  
2019-08-21 12:28:08,634 | INFO  | DNAudit | user=null | ip=null | op=PUT_BLOCK {blockData=[blockId=conID: 1 locID: 102654967060431400 bcsId: 0,size=2097152]} | ret=SUCCESS |  
2019-08-21 12:28:08,634 | INFO  | DNAudit | user=null | ip=null | op=PUT_BLOCK {blockData=[blockId=conID: 1 locID: 102654967060431400 bcsId: 0,size=2097152]} | ret=SUCCESS |  
2019-08-21 12:28:08,641 | INFO  | DNAudit | user=null | ip=null | op=WRITE_CHUNK {blockData=conID: 1 locID: 102654967060431400 bcsId: 3056} | ret=SUCCESS |  
2019-08-21 12:28:08,644 | INFO  | DNAudit | user=null | ip=null | op=WRITE_CHUNK {blockData=conID: 1 locID: 102654967060431400 bcsId: 3056} | ret=SUCCESS |  
2019-08-21 12:28:08,644 | INFO  | DNAudit | user=null | ip=null | op=WRITE_CHUNK {blockData=conID: 1 locID: 102654967060431400 bcsId: 3056} | ret=SUCCESS |  
2019-08-21 12:28:08,655 | INFO  | DNAudit | user=null | ip=null | op=WRITE_CHUNK {blockData=conID: 1 locID: 102654967060431400 bcsId: 3056} | ret=SUCCESS |  
2019-08-21 12:28:08,655 | INFO  | DNAudit | user=null | ip=null | op=PUT_BLOCK {blockData=[blockId=conID: 1 locID: 102654967060431400 bcsId: 0,size=3145728]} | ret=SUCCESS |  
2019-08-21 12:28:08,656 [grpc-default-executor-1] INFO  client.GrpcClientProtocolClient (GrpcClientProtocolClient.java:onNext(255)) - client-C954105195FD->270584e6-a4a8-4db5-8151-214655ce1a56: receive RaftClientReply:client-C954105195FD->270584e6-a4a8-4db5-8151-214655ce1a56@group-787F5BA3AA67, cid=2084, SUCCESS, logIndex=3061, commits[270584e6-a4a8-4db5-8151-214655ce1a56:c3062, af078b8b-61ec-497f-9506-472d46a72462:c3060, 09fb9ab4-1b8d-44c0-9f8c-50855c6f1fed:c3060]
2019-08-21 12:28:08,656 [grpc-default-executor-1] INFO  client.GrpcClientProtocolClient (GrpcClientProtocolClient.java:onNext(255)) - client-C954105195FD->270584e6-a4a8-4db5-8151-214655ce1a56: receive RaftClientReply:client-C954105195FD->270584e6-a4a8-4db5-8151-214655ce1a56@group-787F5BA3AA67, cid=2085, SUCCESS, logIndex=3062, commits[270584e6-a4a8-4db5-8151-214655ce1a56:c3062, af078b8b-61ec-497f-9506-472d46a72462:c3060, 09fb9ab4-1b8d-44c0-9f8c-50855c6f1fed:c3060]
2019-08-21 12:28:08,662 | INFO  | DNAudit | user=null | ip=null | op=WRITE_CHUNK {blockData=conID: 1 locID: 102654967060431400 bcsId: 3062} | ret=SUCCESS |  
2019-08-21 12:28:08,826 | INFO  | DNAudit | user=null | ip=null | op=WRITE_CHUNK {blockData=conID: 1 locID: 102654967060431400 bcsId: 3056} | ret=SUCCESS |  
2019-08-21 12:28:08,827 | INFO  | DNAudit | user=null | ip=null | op=WRITE_CHUNK {blockData=conID: 1 locID: 102654967060431400 bcsId: 3056} | ret=SUCCESS |  
2019-08-21 12:28:08,829 | INFO  | DNAudit | user=null | ip=null | op=WRITE_CHUNK {blockData=conID: 1 locID: 102654967060431400 bcsId: 3062} | ret=SUCCESS |  
2019-08-21 12:28:08,829 | INFO  | DNAudit | user=null | ip=null | op=WRITE_CHUNK {blockData=conID: 1 locID: 102654967060431400 bcsId: 3062} | ret=SUCCESS |  
2019-08-21 12:28:08,838 | INFO  | DNAudit | user=null | ip=null | op=PUT_BLOCK {blockData=[blockId=conID: 1 locID: 102654967060431400 bcsId: 0,size=3145728]} | ret=SUCCESS |  
2019-08-21 12:28:08,838 | INFO  | DNAudit | user=null | ip=null | op=PUT_BLOCK {blockData=[blockId=conID: 1 locID: 102654967060431400 bcsId: 0,size=3145728]} | ret=SUCCESS |  
2019-08-21 12:28:08,839 | INFO  | DNAudit | user=null | ip=null | op=WRITE_CHUNK {blockData=conID: 1 locID: 102654967060431400 bcsId: 3062} | ret=SUCCESS |  
2019-08-21 12:28:08,839 | INFO  | DNAudit | user=null | ip=null | op=PUT_BLOCK {blockData=[blockId=conID: 1 locID: 102654967060431400 bcsId: 0,size=4194304]} | ret=SUCCESS |  
2019-08-21 12:28:08,839 [grpc-default-executor-5] INFO  client.GrpcClientProtocolClient (GrpcClientProtocolClient.java:onNext(255)) - client-C954105195FD->270584e6-a4a8-4db5-8151-214655ce1a56: receive RaftClientReply:client-C954105195FD->270584e6-a4a8-4db5-8151-214655ce1a56@group-787F5BA3AA67, cid=2086, SUCCESS, logIndex=3065, commits[270584e6-a4a8-4db5-8151-214655ce1a56:c3066, af078b8b-61ec-497f-9506-472d46a72462:c3062, 09fb9ab4-1b8d-44c0-9f8c-50855c6f1fed:c3062]
2019-08-21 12:28:08,840 [grpc-default-executor-5] INFO  client.GrpcClientProtocolClient (GrpcClientProtocolClient.java:onNext(255)) - client-C954105195FD->270584e6-a4a8-4db5-8151-214655ce1a56: receive RaftClientReply:client-C954105195FD->270584e6-a4a8-4db5-8151-214655ce1a56@group-787F5BA3AA67, cid=2087, SUCCESS, logIndex=3066, commits[270584e6-a4a8-4db5-8151-214655ce1a56:c3066, af078b8b-61ec-497f-9506-472d46a72462:c3062, 09fb9ab4-1b8d-44c0-9f8c-50855c6f1fed:c3062]
2019-08-21 12:28:08,850 | INFO  | DNAudit | user=null | ip=null | op=WRITE_CHUNK {blockData=conID: 1 locID: 102654967060431400 bcsId: 3062} | ret=SUCCESS |  
2019-08-21 12:28:08,850 | INFO  | DNAudit | user=null | ip=null | op=WRITE_CHUNK {blockData=conID: 1 locID: 102654967060431400 bcsId: 3062} | ret=SUCCESS |  
2019-08-21 12:28:08,853 | INFO  | DNAudit | user=null | ip=null | op=PUT_BLOCK {blockData=[blockId=conID: 1 locID: 102654967060431400 bcsId: 0,size=4194304]} | ret=SUCCESS |  
2019-08-21 12:28:08,853 | INFO  | DNAudit | user=null | ip=null | op=PUT_BLOCK {blockData=[blockId=conID: 1 locID: 102654967060431400 bcsId: 0,size=4194304]} | ret=SUCCESS |  
2019-08-21 12:28:08,853 [grpc-default-executor-1] INFO  client.GrpcClientProtocolClient (GrpcClientProtocolClient.java:onNext(255)) - client-C954105195FD->270584e6-a4a8-4db5-8151-214655ce1a56: receive RaftClientReply:client-C954105195FD->270584e6-a4a8-4db5-8151-214655ce1a56@group-787F5BA3AA67, cid=2088, SUCCESS, logIndex=0, commits[270584e6-a4a8-4db5-8151-214655ce1a56:c3068, af078b8b-61ec-497f-9506-472d46a72462:c3066, 09fb9ab4-1b8d-44c0-9f8c-50855c6f1fed:c3066]
2019-08-21 12:28:08,860 | INFO  | SCMAudit | user=jenkins1000 | ip=192.168.34.23 | op=ALLOCATE_BLOCK {owner=b79f83c9-5f7d-4caf-af30-78af34bc5eea, size=4194304, type=RATIS, factor=THREE} | ret=SUCCESS |  
2019-08-21 12:28:08,864 | INFO  | OMAudit | user=jenkins1000 | ip=127.0.0.1 | op=ALLOCATE_BLOCK {volume=vol-0-06517, bucket=bucket-0-64549, key=key-0-34512, dataSize=0, replicationType=null, replicationFactor=null, keyLocationInfo=null, clientID=102654965997830546} | ret=SUCCESS |  
2019-08-21 12:28:08,872 | INFO  | DNAudit | user=null | ip=null | op=WRITE_CHUNK {blockData=conID: 2 locID: 102654967077929513 bcsId: 0} | ret=SUCCESS |  
2019-08-21 12:28:08,877 | INFO  | DNAudit | user=null | ip=null | op=WRITE_CHUNK {blockData=conID: 2 locID: 102654967077929513 bcsId: 0} | ret=SUCCESS |  
2019-08-21 12:28:08,877 | INFO  | DNAudit | user=null | ip=null | op=WRITE_CHUNK {blockData=conID: 2 locID: 102654967077929513 bcsId: 0} | ret=SUCCESS |  
2019-08-21 12:28:08,877 | INFO  | DNAudit | user=null | ip=null | op=WRITE_CHUNK {blockData=conID: 2 locID: 102654967077929513 bcsId: 0} | ret=SUCCESS |  
2019-08-21 12:28:08,880 | INFO  | DNAudit | user=null | ip=null | op=WRITE_CHUNK {blockData=conID: 2 locID: 102654967077929513 bcsId: 0} | ret=SUCCESS |  
2019-08-21 12:28:08,881 | INFO  | DNAudit | user=null | ip=null | op=WRITE_CHUNK {blockData=conID: 2 locID: 102654967077929513 bcsId: 0} | ret=SUCCESS |  
2019-08-21 12:28:08,885 | INFO  | DNAudit | user=null | ip=null | op=WRITE_CHUNK {blockData=conID: 2 locID: 102654967077929513 bcsId: 0} | ret=SUCCESS |  
2019-08-21 12:28:08,885 | INFO  | DNAudit | user=null | ip=null | op=PUT_BLOCK {blockData=[blockId=conID: 2 locID: 102654967077929513 bcsId: 0,size=1048576]} | ret=SUCCESS |  
2019-08-21 12:28:08,886 | INFO  | DNAudit | user=null | ip=null | op=WRITE_CHUNK {blockData=conID: 2 locID: 102654967077929513 bcsId: 0} | ret=SUCCESS |  
2019-08-21 12:28:08,886 [grpc-default-executor-5] INFO  client.GrpcClientProtocolClient (GrpcClientProtocolClient.java:onNext(255)) - client-C954105195FD->270584e6-a4a8-4db5-8151-214655ce1a56: receive RaftClientReply:client-C954105195FD->270584e6-a4a8-4db5-8151-214655ce1a56@group-787F5BA3AA67, cid=2089, SUCCESS, logIndex=3069, commits[270584e6-a4a8-4db5-8151-214655ce1a56:c3070, af078b8b-61ec-497f-9506-472d46a72462:c3068, 09fb9ab4-1b8d-44c0-9f8c-50855c6f1fed:c3068]
2019-08-21 12:28:08,886 | INFO  | DNAudit | user=null | ip=null | op=PUT_BLOCK {blockData=[blockId=conID: 2 locID: 102654967077929513 bcsId: 0,size=2097152]} | ret=SUCCESS |  
2019-08-21 12:28:08,886 [grpc-default-executor-5] INFO  client.GrpcClientProtocolClient (GrpcClientProtocolClient.java:onNext(255)) - client-C954105195FD->270584e6-a4a8-4db5-8151-214655ce1a56: receive RaftClientReply:client-C954105195FD->270584e6-a4a8-4db5-8151-214655ce1a56@group-787F5BA3AA67, cid=2090, SUCCESS, logIndex=3070, commits[270584e6-a4a8-4db5-8151-214655ce1a56:c3072, af078b8b-61ec-497f-9506-472d46a72462:c3068, 09fb9ab4-1b8d-44c0-9f8c-50855c6f1fed:c3068]
2019-08-21 12:28:08,887 [grpc-default-executor-5] INFO  client.GrpcClientProtocolClient (GrpcClientProtocolClient.java:onNext(255)) - client-C954105195FD->270584e6-a4a8-4db5-8151-214655ce1a56: receive RaftClientReply:client-C954105195FD->270584e6-a4a8-4db5-8151-214655ce1a56@group-787F5BA3AA67, cid=2091, SUCCESS, logIndex=3071, commits[270584e6-a4a8-4db5-8151-214655ce1a56:c3072, af078b8b-61ec-497f-9506-472d46a72462:c3068, 09fb9ab4-1b8d-44c0-9f8c-50855c6f1fed:c3068]
2019-08-21 12:28:08,887 [grpc-default-executor-5] INFO  client.GrpcClientProtocolClient (GrpcClientProtocolClient.java:onNext(255)) - client-C954105195FD->270584e6-a4a8-4db5-8151-214655ce1a56: receive RaftClientReply:client-C954105195FD->270584e6-a4a8-4db5-8151-214655ce1a56@group-787F5BA3AA67, cid=2092, SUCCESS, logIndex=3072, commits[270584e6-a4a8-4db5-8151-214655ce1a56:c3072, af078b8b-61ec-497f-9506-472d46a72462:c3068, 09fb9ab4-1b8d-44c0-9f8c-50855c6f1fed:c3068]
2019-08-21 12:28:08,898 | INFO  | DNAudit | user=null | ip=null | op=WRITE_CHUNK {blockData=conID: 2 locID: 102654967077929513 bcsId: 0} | ret=SUCCESS |  
2019-08-21 12:28:08,899 | INFO  | DNAudit | user=null | ip=null | op=WRITE_CHUNK {blockData=conID: 2 locID: 102654967077929513 bcsId: 0} | ret=SUCCESS |  
2019-08-21 12:28:08,899 | INFO  | DNAudit | user=null | ip=null | op=PUT_BLOCK {blockData=[blockId=conID: 2 locID: 102654967077929513 bcsId: 0,size=1048576]} | ret=SUCCESS |  
2019-08-21 12:28:08,899 | INFO  | DNAudit | user=null | ip=null | op=PUT_BLOCK {blockData=[blockId=conID: 2 locID: 102654967077929513 bcsId: 0,size=1048576]} | ret=SUCCESS |  
2019-08-21 12:28:08,899 | INFO  | DNAudit | user=null | ip=null | op=WRITE_CHUNK {blockData=conID: 2 locID: 102654967077929513 bcsId: 0} | ret=SUCCESS |  
2019-08-21 12:28:08,899 | INFO  | DNAudit | user=null | ip=null | op=WRITE_CHUNK {blockData=conID: 2 locID: 102654967077929513 bcsId: 0} | ret=SUCCESS |  
2019-08-21 12:28:08,900 | INFO  | DNAudit | user=null | ip=null | op=PUT_BLOCK {blockData=[blockId=conID: 2 locID: 102654967077929513 bcsId: 0,size=2097152]} | ret=SUCCESS |  
2019-08-21 12:28:08,900 | INFO  | DNAudit | user=null | ip=null | op=PUT_BLOCK {blockData=[blockId=conID: 2 locID: 102654967077929513 bcsId: 0,size=2097152]} | ret=SUCCESS |  
2019-08-21 12:28:08,900 [grpc-default-executor-1] INFO  client.GrpcClientProtocolClient (GrpcClientProtocolClient.java:onNext(255)) - client-C954105195FD->270584e6-a4a8-4db5-8151-214655ce1a56: receive RaftClientReply:client-C954105195FD->270584e6-a4a8-4db5-8151-214655ce1a56@group-787F5BA3AA67, cid=2093, SUCCESS, logIndex=0, commits[270584e6-a4a8-4db5-8151-214655ce1a56:c3074, af078b8b-61ec-497f-9506-472d46a72462:c3070, 09fb9ab4-1b8d-44c0-9f8c-50855c6f1fed:c3070]
2019-08-21 12:28:08,908 | INFO  | DNAudit | user=null | ip=null | op=WRITE_CHUNK {blockData=conID: 2 locID: 102654967077929513 bcsId: 3072} | ret=SUCCESS |  
2019-08-21 12:28:08,910 | INFO  | DNAudit | user=null | ip=null | op=WRITE_CHUNK {blockData=conID: 2 locID: 102654967077929513 bcsId: 3072} | ret=SUCCESS |  
2019-08-21 12:28:08,911 | INFO  | DNAudit | user=null | ip=null | op=WRITE_CHUNK {blockData=conID: 2 locID: 102654967077929513 bcsId: 3072} | ret=SUCCESS |  
2019-08-21 12:28:08,920 | INFO  | DNAudit | user=null | ip=null | op=WRITE_CHUNK {blockData=conID: 2 locID: 102654967077929513 bcsId: 3072} | ret=SUCCESS |  
2019-08-21 12:28:08,921 | INFO  | DNAudit | user=null | ip=null | op=PUT_BLOCK {blockData=[blockId=conID: 2 locID: 102654967077929513 bcsId: 0,size=3145728]} | ret=SUCCESS |  
2019-08-21 12:28:08,921 [grpc-default-executor-5] INFO  client.GrpcClientProtocolClient (GrpcClientProtocolClient.java:onNext(255)) - client-C954105195FD->270584e6-a4a8-4db5-8151-214655ce1a56: receive RaftClientReply:client-C954105195FD->270584e6-a4a8-4db5-8151-214655ce1a56@group-787F5BA3AA67, cid=2094, SUCCESS, logIndex=3076, commits[270584e6-a4a8-4db5-8151-214655ce1a56:c3077, af078b8b-61ec-497f-9506-472d46a72462:c3075, 09fb9ab4-1b8d-44c0-9f8c-50855c6f1fed:c3075]
2019-08-21 12:28:08,921 [grpc-default-executor-5] INFO  client.GrpcClientProtocolClient (GrpcClientProtocolClient.java:onNext(255)) - client-C954105195FD->270584e6-a4a8-4db5-8151-214655ce1a56: receive RaftClientReply:client-C954105195FD->270584e6-a4a8-4db5-8151-214655ce1a56@group-787F5BA3AA67, cid=2095, SUCCESS, logIndex=3077, commits[270584e6-a4a8-4db5-8151-214655ce1a56:c3077, af078b8b-61ec-497f-9506-472d46a72462:c3075, 09fb9ab4-1b8d-44c0-9f8c-50855c6f1fed:c3075]
2019-08-21 12:28:08,929 | INFO  | DNAudit | user=null | ip=null | op=WRITE_CHUNK {blockData=conID: 2 locID: 102654967077929513 bcsId: 3077} | ret=SUCCESS |  
2019-08-21 12:28:08,931 | INFO  | DNAudit | user=null | ip=null | op=WRITE_CHUNK {blockData=conID: 2 locID: 102654967077929513 bcsId: 3077} | ret=SUCCESS |  
2019-08-21 12:28:08,931 | INFO  | DNAudit | user=null | ip=null | op=WRITE_CHUNK {blockData=conID: 2 locID: 102654967077929513 bcsId: 3072} | ret=SUCCESS |  
2019-08-21 12:28:08,932 | INFO  | DNAudit | user=null | ip=null | op=WRITE_CHUNK {blockData=conID: 2 locID: 102654967077929513 bcsId: 3072} | ret=SUCCESS |  
2019-08-21 12:28:08,932 | INFO  | DNAudit | user=null | ip=null | op=WRITE_CHUNK {blockData=conID: 2 locID: 102654967077929513 bcsId: 3077} | ret=SUCCESS |  
2019-08-21 12:28:08,933 | INFO  | DNAudit | user=null | ip=null | op=PUT_BLOCK {blockData=[blockId=conID: 2 locID: 102654967077929513 bcsId: 0,size=3145728]} | ret=SUCCESS |  
2019-08-21 12:28:08,933 | INFO  | DNAudit | user=null | ip=null | op=WRITE_CHUNK {blockData=conID: 2 locID: 102654967077929513 bcsId: 3077} | ret=SUCCESS |  
2019-08-21 12:28:08,933 | INFO  | DNAudit | user=null | ip=null | op=PUT_BLOCK {blockData=[blockId=conID: 2 locID: 102654967077929513 bcsId: 0,size=4194304]} | ret=SUCCESS |  
2019-08-21 12:28:08,934 [grpc-default-executor-5] INFO  client.GrpcClientProtocolClient (GrpcClientProtocolClient.java:onNext(255)) - client-C954105195FD->270584e6-a4a8-4db5-8151-214655ce1a56: receive RaftClientReply:client-C954105195FD->270584e6-a4a8-4db5-8151-214655ce1a56@group-787F5BA3AA67, cid=2096, SUCCESS, logIndex=3080, commits[270584e6-a4a8-4db5-8151-214655ce1a56:c3081, af078b8b-61ec-497f-9506-472d46a72462:c3077, 09fb9ab4-1b8d-44c0-9f8c-50855c6f1fed:c3076]
2019-08-21 12:28:08,934 [grpc-default-executor-5] INFO  client.GrpcClientProtocolClient (GrpcClientProtocolClient.java:onNext(255)) - client-C954105195FD->270584e6-a4a8-4db5-8151-214655ce1a56: receive RaftClientReply:client-C954105195FD->270584e6-a4a8-4db5-8151-214655ce1a56@group-787F5BA3AA67, cid=2097, SUCCESS, logIndex=3081, commits[270584e6-a4a8-4db5-8151-214655ce1a56:c3081, af078b8b-61ec-497f-9506-472d46a72462:c3077, 09fb9ab4-1b8d-44c0-9f8c-50855c6f1fed:c3076]
2019-08-21 12:28:08,943 | INFO  | DNAudit | user=null | ip=null | op=PUT_BLOCK {blockData=[blockId=conID: 2 locID: 102654967077929513 bcsId: 0,size=3145728]} | ret=SUCCESS |  
2019-08-21 12:28:08,944 [grpc-default-executor-5] INFO  client.GrpcClientProtocolClient (GrpcClientProtocolClient.java:onNext(255)) - client-C954105195FD->270584e6-a4a8-4db5-8151-214655ce1a56: receive RaftClientReply:client-C954105195FD->270584e6-a4a8-4db5-8151-214655ce1a56@group-787F5BA3AA67, cid=2098, SUCCESS, logIndex=0, commits[270584e6-a4a8-4db5-8151-214655ce1a56:c3081, af078b8b-61ec-497f-9506-472d46a72462:c3077, 09fb9ab4-1b8d-44c0-9f8c-50855c6f1fed:c3077]
2019-08-21 12:28:08,946 | INFO  | DNAudit | user=null | ip=null | op=WRITE_CHUNK {blockData=conID: 2 locID: 102654967077929513 bcsId: 3077} | ret=SUCCESS |  
2019-08-21 12:28:08,946 | INFO  | DNAudit | user=null | ip=null | op=PUT_BLOCK {blockData=[blockId=conID: 2 locID: 102654967077929513 bcsId: 0,size=4194304]} | ret=SUCCESS |  
2019-08-21 12:28:08,951 | INFO  | SCMAudit | user=jenkins1000 | ip=192.168.34.23 | op=SEND_HEARTBEAT {datanodeUUID=af078b8b-61ec-497f-9506-472d46a72462, command=[]} | ret=SUCCESS |  
2019-08-21 12:28:08,951 | INFO  | SCMAudit | user=jenkins1000 | ip=192.168.34.23 | op=SEND_HEARTBEAT {datanodeUUID=09fb9ab4-1b8d-44c0-9f8c-50855c6f1fed, command=[]} | ret=SUCCESS |  
2019-08-21 12:28:08,951 | INFO  | SCMAudit | user=jenkins1000 | ip=192.168.34.23 | op=SEND_HEARTBEAT {datanodeUUID=270584e6-a4a8-4db5-8151-214655ce1a56, command=[]} | ret=SUCCESS |  
 0.00% |█                                                                                                    |  0/1 Time: 0:00:162019-08-21 12:28:08,957 | INFO  | DNAudit | user=null | ip=null | op=WRITE_CHUNK {blockData=conID: 2 locID: 102654967077929513 bcsId: 3077} | ret=SUCCESS |  
2019-08-21 12:28:08,958 | INFO  | DNAudit | user=null | ip=null | op=PUT_BLOCK {blockData=[blockId=conID: 2 locID: 102654967077929513 bcsId: 0,size=4194304]} | ret=SUCCESS |  
2019-08-21 12:28:08,958 [grpc-default-executor-5] INFO  client.GrpcClientProtocolClient (GrpcClientProtocolClient.java:onNext(255)) - client-C954105195FD->270584e6-a4a8-4db5-8151-214655ce1a56: receive RaftClientReply:client-C954105195FD->270584e6-a4a8-4db5-8151-214655ce1a56@group-787F5BA3AA67, cid=2099, SUCCESS, logIndex=0, commits[270584e6-a4a8-4db5-8151-214655ce1a56:c3082, af078b8b-61ec-497f-9506-472d46a72462:c3081, 09fb9ab4-1b8d-44c0-9f8c-50855c6f1fed:c3081]
2019-08-21 12:28:08,963 | INFO  | SCMAudit | user=jenkins1000 | ip=192.168.34.23 | op=ALLOCATE_BLOCK {owner=b79f83c9-5f7d-4caf-af30-78af34bc5eea, size=4194304, type=RATIS, factor=THREE} | ret=SUCCESS |  
2019-08-21 12:28:08,966 | INFO  | OMAudit | user=jenkins1000 | ip=127.0.0.1 | op=ALLOCATE_BLOCK {volume=vol-0-06517, bucket=bucket-0-64549, key=key-0-34512, dataSize=0, replicationType=null, replicationFactor=null, keyLocationInfo=null, clientID=102654965997830546} | ret=SUCCESS |  
2019-08-21 12:28:08,974 | INFO  | DNAudit | user=null | ip=null | op=WRITE_CHUNK {blockData=conID: 3 locID: 102654967084679722 bcsId: 0} | ret=SUCCESS |  
2019-08-21 12:28:08,977 | INFO  | DNAudit | user=null | ip=null | op=WRITE_CHUNK {blockData=conID: 3 locID: 102654967084679722 bcsId: 0} | ret=SUCCESS |  
2019-08-21 12:28:08,978 | INFO  | DNAudit | user=null | ip=null | op=WRITE_CHUNK {blockData=conID: 3 locID: 102654967084679722 bcsId: 0} | ret=SUCCESS |  
2019-08-21 12:28:08,978 | INFO  | DNAudit | user=null | ip=null | op=WRITE_CHUNK {blockData=conID: 3 locID: 102654967084679722 bcsId: 0} | ret=SUCCESS |  
2019-08-21 12:28:08,982 | INFO  | DNAudit | user=null | ip=null | op=WRITE_CHUNK {blockData=conID: 3 locID: 102654967084679722 bcsId: 0} | ret=SUCCESS |  
2019-08-21 12:28:08,982 | INFO  | DNAudit | user=null | ip=null | op=WRITE_CHUNK {blockData=conID: 3 locID: 102654967084679722 bcsId: 0} | ret=SUCCESS |  
2019-08-21 12:28:08,988 | INFO  | DNAudit | user=null | ip=null | op=WRITE_CHUNK {blockData=conID: 3 locID: 102654967084679722 bcsId: 0} | ret=SUCCESS |  
2019-08-21 12:28:08,988 | INFO  | DNAudit | user=null | ip=null | op=PUT_BLOCK {blockData=[blockId=conID: 3 locID: 102654967084679722 bcsId: 0,size=1048576]} | ret=SUCCESS |  
2019-08-21 12:28:08,989 | INFO  | DNAudit | user=null | ip=null | op=WRITE_CHUNK {blockData=conID: 3 locID: 102654967084679722 bcsId: 0} | ret=SUCCESS |  
2019-08-21 12:28:08,989 | INFO  | DNAudit | user=null | ip=null | op=PUT_BLOCK {blockData=[blockId=conID: 3 locID: 102654967084679722 bcsId: 0,size=2097152]} | ret=SUCCESS |  
2019-08-21 12:28:08,988 [grpc-default-executor-5] INFO  client.GrpcClientProtocolClient (GrpcClientProtocolClient.java:onNext(255)) - client-C954105195FD->270584e6-a4a8-4db5-8151-214655ce1a56: receive RaftClientReply:client-C954105195FD->270584e6-a4a8-4db5-8151-214655ce1a56@group-787F5BA3AA67, cid=2100, SUCCESS, logIndex=3084, commits[270584e6-a4a8-4db5-8151-214655ce1a56:c3085, af078b8b-61ec-497f-9506-472d46a72462:c3083, 09fb9ab4-1b8d-44c0-9f8c-50855c6f1fed:c3083]
2019-08-21 12:28:08,989 [grpc-default-executor-5] INFO  client.GrpcClientProtocolClient (GrpcClientProtocolClient.java:onNext(255)) - client-C954105195FD->270584e6-a4a8-4db5-8151-214655ce1a56: receive RaftClientReply:client-C954105195FD->270584e6-a4a8-4db5-8151-214655ce1a56@group-787F5BA3AA67, cid=2101, SUCCESS, logIndex=3085, commits[270584e6-a4a8-4db5-8151-214655ce1a56:c3087, af078b8b-61ec-497f-9506-472d46a72462:c3083, 09fb9ab4-1b8d-44c0-9f8c-50855c6f1fed:c3083]
2019-08-21 12:28:08,990 [grpc-default-executor-5] INFO  client.GrpcClientProtocolClient (GrpcClientProtocolClient.java:onNext(255)) - client-C954105195FD->270584e6-a4a8-4db5-8151-214655ce1a56: receive RaftClientReply:client-C954105195FD->270584e6-a4a8-4db5-8151-214655ce1a56@group-787F5BA3AA67, cid=2102, SUCCESS, logIndex=3086, commits[270584e6-a4a8-4db5-8151-214655ce1a56:c3087, af078b8b-61ec-497f-9506-472d46a72462:c3083, 09fb9ab4-1b8d-44c0-9f8c-50855c6f1fed:c3083]
2019-08-21 12:28:08,990 | INFO  | DNAudit | user=null | ip=null | op=WRITE_CHUNK {blockData=conID: 3 locID: 102654967084679722 bcsId: 0} | ret=SUCCESS |  
2019-08-21 12:28:08,990 [grpc-default-executor-5] INFO  client.GrpcClientProtocolClient (GrpcClientProtocolClient.java:onNext(255)) - client-C954105195FD->270584e6-a4a8-4db5-8151-214655ce1a56: receive RaftClientReply:client-C954105195FD->270584e6-a4a8-4db5-8151-214655ce1a56@group-787F5BA3AA67, cid=2103, SUCCESS, logIndex=3087, commits[270584e6-a4a8-4db5-8151-214655ce1a56:c3087, af078b8b-61ec-497f-9506-472d46a72462:c3083, 09fb9ab4-1b8d-44c0-9f8c-50855c6f1fed:c3083]
2019-08-21 12:28:08,990 | INFO  | DNAudit | user=null | ip=null | op=PUT_BLOCK {blockData=[blockId=conID: 3 locID: 102654967084679722 bcsId: 0,size=1048576]} | ret=SUCCESS |  
2019-08-21 12:28:09,001 | INFO  | DNAudit | user=null | ip=null | op=WRITE_CHUNK {blockData=conID: 3 locID: 102654967084679722 bcsId: 0} | ret=SUCCESS |  
2019-08-21 12:28:09,001 | INFO  | DNAudit | user=null | ip=null | op=PUT_BLOCK {blockData=[blockId=conID: 3 locID: 102654967084679722 bcsId: 0,size=1048576]} | ret=SUCCESS |  
2019-08-21 12:28:09,002 | INFO  | DNAudit | user=null | ip=null | op=WRITE_CHUNK {blockData=conID: 3 locID: 102654967084679722 bcsId: 0} | ret=SUCCESS |  
2019-08-21 12:28:09,002 | INFO  | DNAudit | user=null | ip=null | op=WRITE_CHUNK {blockData=conID: 3 locID: 102654967084679722 bcsId: 0} | ret=SUCCESS |  
2019-08-21 12:28:09,002 [grpc-default-executor-5] INFO  client.GrpcClientProtocolClient (GrpcClientProtocolClient.java:onNext(255)) - client-C954105195FD->270584e6-a4a8-4db5-8151-214655ce1a56: receive RaftClientReply:client-C954105195FD->270584e6-a4a8-4db5-8151-214655ce1a56@group-787F5BA3AA67, cid=2104, SUCCESS, logIndex=0, commits[270584e6-a4a8-4db5-8151-214655ce1a56:c3089, af078b8b-61ec-497f-9506-472d46a72462:c3085, 09fb9ab4-1b8d-44c0-9f8c-50855c6f1fed:c3085]
2019-08-21 12:28:09,002 | INFO  | DNAudit | user=null | ip=null | op=PUT_BLOCK {blockData=[blockId=conID: 3 locID: 102654967084679722 bcsId: 0,size=2097152]} | ret=SUCCESS |  
2019-08-21 12:28:09,003 | INFO  | DNAudit | user=null | ip=null | op=PUT_BLOCK {blockData=[blockId=conID: 3 locID: 102654967084679722 bcsId: 0,size=2097152]} | ret=SUCCESS |  
2019-08-21 12:28:09,010 | INFO  | DNAudit | user=null | ip=null | op=WRITE_CHUNK {blockData=conID: 3 locID: 102654967084679722 bcsId: 3087} | ret=SUCCESS |  
2019-08-21 12:28:09,012 | INFO  | DNAudit | user=null | ip=null | op=WRITE_CHUNK {blockData=conID: 3 locID: 102654967084679722 bcsId: 3087} | ret=SUCCESS |  
2019-08-21 12:28:09,012 | INFO  | DNAudit | user=null | ip=null | op=WRITE_CHUNK {blockData=conID: 3 locID: 102654967084679722 bcsId: 3087} | ret=SUCCESS |  
2019-08-21 12:28:09,027 | INFO  | DNAudit | user=null | ip=null | op=WRITE_CHUNK {blockData=conID: 3 locID: 102654967084679722 bcsId: 3087} | ret=SUCCESS |  
2019-08-21 12:28:09,028 | INFO  | DNAudit | user=null | ip=null | op=PUT_BLOCK {blockData=[blockId=conID: 3 locID: 102654967084679722 bcsId: 0,size=3145728]} | ret=SUCCESS |  
2019-08-21 12:28:09,028 [grpc-default-executor-2] INFO  client.GrpcClientProtocolClient (GrpcClientProtocolClient.java:onNext(255)) - client-C954105195FD->270584e6-a4a8-4db5-8151-214655ce1a56: receive RaftClientReply:client-C954105195FD->270584e6-a4a8-4db5-8151-214655ce1a56@group-787F5BA3AA67, cid=2105, SUCCESS, logIndex=3092, commits[270584e6-a4a8-4db5-8151-214655ce1a56:c3093, af078b8b-61ec-497f-9506-472d46a72462:c3091, 09fb9ab4-1b8d-44c0-9f8c-50855c6f1fed:c3091]
2019-08-21 12:28:09,028 [grpc-default-executor-2] INFO  client.GrpcClientProtocolClient (GrpcClientProtocolClient.java:onNext(255)) - client-C954105195FD->270584e6-a4a8-4db5-8151-214655ce1a56: receive RaftClientReply:client-C954105195FD->270584e6-a4a8-4db5-8151-214655ce1a56@group-787F5BA3AA67, cid=2106, SUCCESS, logIndex=3093, commits[270584e6-a4a8-4db5-8151-214655ce1a56:c3093, af078b8b-61ec-497f-9506-472d46a72462:c3091, 09fb9ab4-1b8d-44c0-9f8c-50855c6f1fed:c3091]
2019-08-21 12:28:09,036 | INFO  | DNAudit | user=null | ip=null | op=WRITE_CHUNK {blockData=conID: 3 locID: 102654967084679722 bcsId: 3093} | ret=SUCCESS |  
2019-08-21 12:28:09,038 | INFO  | DNAudit | user=null | ip=null | op=WRITE_CHUNK {blockData=conID: 3 locID: 102654967084679722 bcsId: 3093} | ret=SUCCESS |  
2019-08-21 12:28:09,039 | INFO  | DNAudit | user=null | ip=null | op=WRITE_CHUNK {blockData=conID: 3 locID: 102654967084679722 bcsId: 3087} | ret=SUCCESS |  
2019-08-21 12:28:09,039 | INFO  | DNAudit | user=null | ip=null | op=WRITE_CHUNK {blockData=conID: 3 locID: 102654967084679722 bcsId: 3087} | ret=SUCCESS |  
2019-08-21 12:28:09,039 | INFO  | DNAudit | user=null | ip=null | op=WRITE_CHUNK {blockData=conID: 3 locID: 102654967084679722 bcsId: 3093} | ret=SUCCESS |  
2019-08-21 12:28:09,039 | INFO  | DNAudit | user=null | ip=null | op=PUT_BLOCK {blockData=[blockId=conID: 3 locID: 102654967084679722 bcsId: 0,size=3145728]} | ret=SUCCESS |  
2019-08-21 12:28:09,040 | INFO  | DNAudit | user=null | ip=null | op=PUT_BLOCK {blockData=[blockId=conID: 3 locID: 102654967084679722 bcsId: 0,size=3145728]} | ret=SUCCESS |  
2019-08-21 12:28:09,040 | INFO  | DNAudit | user=null | ip=null | op=WRITE_CHUNK {blockData=conID: 3 locID: 102654967084679722 bcsId: 3093} | ret=SUCCESS |  
2019-08-21 12:28:09,041 | INFO  | DNAudit | user=null | ip=null | op=PUT_BLOCK {blockData=[blockId=conID: 3 locID: 102654967084679722 bcsId: 0,size=4194304]} | ret=SUCCESS |  
2019-08-21 12:28:09,041 [grpc-default-executor-1] INFO  client.GrpcClientProtocolClient (GrpcClientProtocolClient.java:onNext(255)) - client-C954105195FD->270584e6-a4a8-4db5-8151-214655ce1a56: receive RaftClientReply:client-C954105195FD->270584e6-a4a8-4db5-8151-214655ce1a56@group-787F5BA3AA67, cid=2107, SUCCESS, logIndex=3096, commits[270584e6-a4a8-4db5-8151-214655ce1a56:c3097, af078b8b-61ec-497f-9506-472d46a72462:c3093, 09fb9ab4-1b8d-44c0-9f8c-50855c6f1fed:c3093]
2019-08-21 12:28:09,041 [grpc-default-executor-1] INFO  client.GrpcClientProtocolClient (GrpcClientProtocolClient.java:onNext(255)) - client-C954105195FD->270584e6-a4a8-4db5-8151-214655ce1a56: receive RaftClientReply:client-C954105195FD->270584e6-a4a8-4db5-8151-214655ce1a56@group-787F5BA3AA67, cid=2108, SUCCESS, logIndex=3097, commits[270584e6-a4a8-4db5-8151-214655ce1a56:c3097, af078b8b-61ec-497f-9506-472d46a72462:c3093, 09fb9ab4-1b8d-44c0-9f8c-50855c6f1fed:c3093]
2019-08-21 12:28:09,052 | INFO  | DNAudit | user=null | ip=null | op=WRITE_CHUNK {blockData=conID: 3 locID: 102654967084679722 bcsId: 3093} | ret=SUCCESS |  
2019-08-21 12:28:09,052 | INFO  | DNAudit | user=null | ip=null | op=WRITE_CHUNK {blockData=conID: 3 locID: 102654967084679722 bcsId: 3093} | ret=SUCCESS |  
2019-08-21 12:28:09,053 | INFO  | DNAudit | user=null | ip=null | op=PUT_BLOCK {blockData=[blockId=conID: 3 locID: 102654967084679722 bcsId: 0,size=4194304]} | ret=SUCCESS |  
2019-08-21 12:28:09,054 | INFO  | DNAudit | user=null | ip=null | op=PUT_BLOCK {blockData=[blockId=conID: 3 locID: 102654967084679722 bcsId: 0,size=4194304]} | ret=SUCCESS |  
2019-08-21 12:28:09,054 [grpc-default-executor-1] INFO  client.GrpcClientProtocolClient (GrpcClientProtocolClient.java:onNext(255)) - client-C954105195FD->270584e6-a4a8-4db5-8151-214655ce1a56: receive RaftClientReply:client-C954105195FD->270584e6-a4a8-4db5-8151-214655ce1a56@group-787F5BA3AA67, cid=2109, SUCCESS, logIndex=0, commits[270584e6-a4a8-4db5-8151-214655ce1a56:c3099, af078b8b-61ec-497f-9506-472d46a72462:c3097, 09fb9ab4-1b8d-44c0-9f8c-50855c6f1fed:c3097]
2019-08-21 12:28:09,060 | INFO  | SCMAudit | user=jenkins1000 | ip=192.168.34.23 | op=ALLOCATE_BLOCK {owner=b79f83c9-5f7d-4caf-af30-78af34bc5eea, size=4194304, type=RATIS, factor=THREE} | ret=SUCCESS |  
2019-08-21 12:28:09,062 | INFO  | OMAudit | user=jenkins1000 | ip=127.0.0.1 | op=ALLOCATE_BLOCK {volume=vol-0-06517, bucket=bucket-0-64549, key=key-0-34512, dataSize=0, replicationType=null, replicationFactor=null, keyLocationInfo=null, clientID=102654965997830546} | ret=SUCCESS |  
2019-08-21 12:28:09,070 | INFO  | DNAudit | user=null | ip=null | op=WRITE_CHUNK {blockData=conID: 1 locID: 102654967091036715 bcsId: 0} | ret=SUCCESS |  
2019-08-21 12:28:09,074 | INFO  | DNAudit | user=null | ip=null | op=WRITE_CHUNK {blockData=conID: 1 locID: 102654967091036715 bcsId: 0} | ret=SUCCESS |  
2019-08-21 12:28:09,074 | INFO  | DNAudit | user=null | ip=null | op=WRITE_CHUNK {blockData=conID: 1 locID: 102654967091036715 bcsId: 0} | ret=SUCCESS |  
2019-08-21 12:28:09,074 | INFO  | DNAudit | user=null | ip=null | op=WRITE_CHUNK {blockData=conID: 1 locID: 102654967091036715 bcsId: 0} | ret=SUCCESS |  
2019-08-21 12:28:09,077 | INFO  | DNAudit | user=null | ip=null | op=WRITE_CHUNK {blockData=conID: 1 locID: 102654967091036715 bcsId: 0} | ret=SUCCESS |  
2019-08-21 12:28:09,077 | INFO  | DNAudit | user=null | ip=null | op=WRITE_CHUNK {blockData=conID: 1 locID: 102654967091036715 bcsId: 0} | ret=SUCCESS |  
2019-08-21 12:28:09,082 | INFO  | DNAudit | user=null | ip=null | op=WRITE_CHUNK {blockData=conID: 1 locID: 102654967091036715 bcsId: 0} | ret=SUCCESS |  
2019-08-21 12:28:09,083 | INFO  | DNAudit | user=null | ip=null | op=PUT_BLOCK {blockData=[blockId=conID: 1 locID: 102654967091036715 bcsId: 0,size=1048576]} | ret=SUCCESS |  
2019-08-21 12:28:09,083 [grpc-default-executor-1] INFO  client.GrpcClientProtocolClient (GrpcClientProtocolClient.java:onNext(255)) - client-C954105195FD->270584e6-a4a8-4db5-8151-214655ce1a56: receive RaftClientReply:client-C954105195FD->270584e6-a4a8-4db5-8151-214655ce1a56@group-787F5BA3AA67, cid=2110, SUCCESS, logIndex=3100, commits[270584e6-a4a8-4db5-8151-214655ce1a56:c3101, af078b8b-61ec-497f-9506-472d46a72462:c3099, 09fb9ab4-1b8d-44c0-9f8c-50855c6f1fed:c3099]
2019-08-21 12:28:09,084 [grpc-default-executor-1] INFO  client.GrpcClientProtocolClient (GrpcClientProtocolClient.java:onNext(255)) - client-C954105195FD->270584e6-a4a8-4db5-8151-214655ce1a56: receive RaftClientReply:client-C954105195FD->270584e6-a4a8-4db5-8151-214655ce1a56@group-787F5BA3AA67, cid=2111, SUCCESS, logIndex=3101, commits[270584e6-a4a8-4db5-8151-214655ce1a56:c3101, af078b8b-61ec-497f-9506-472d46a72462:c3099, 09fb9ab4-1b8d-44c0-9f8c-50855c6f1fed:c3099]
2019-08-21 12:28:09,084 | INFO  | DNAudit | user=null | ip=null | op=WRITE_CHUNK {blockData=conID: 1 locID: 102654967091036715 bcsId: 0} | ret=SUCCESS |  
2019-08-21 12:28:09,084 | INFO  | DNAudit | user=null | ip=null | op=PUT_BLOCK {blockData=[blockId=conID: 1 locID: 102654967091036715 bcsId: 0,size=2097152]} | ret=SUCCESS |  
2019-08-21 12:28:09,084 [grpc-default-executor-1] INFO  client.GrpcClientProtocolClient (GrpcClientProtocolClient.java:onNext(255)) - client-C954105195FD->270584e6-a4a8-4db5-8151-214655ce1a56: receive RaftClientReply:client-C954105195FD->270584e6-a4a8-4db5-8151-214655ce1a56@group-787F5BA3AA67, cid=2112, SUCCESS, logIndex=3102, commits[270584e6-a4a8-4db5-8151-214655ce1a56:c3103, af078b8b-61ec-497f-9506-472d46a72462:c3099, 09fb9ab4-1b8d-44c0-9f8c-50855c6f1fed:c3099]
2019-08-21 12:28:09,085 [grpc-default-executor-5] INFO  client.GrpcClientProtocolClient (GrpcClientProtocolClient.java:onNext(255)) - client-C954105195FD->270584e6-a4a8-4db5-8151-214655ce1a56: receive RaftClientReply:client-C954105195FD->270584e6-a4a8-4db5-8151-214655ce1a56@group-787F5BA3AA67, cid=2113, SUCCESS, logIndex=3103, commits[270584e6-a4a8-4db5-8151-214655ce1a56:c3103, af078b8b-61ec-497f-9506-472d46a72462:c3099, 09fb9ab4-1b8d-44c0-9f8c-50855c6f1fed:c3099]
2019-08-21 12:28:09,096 | INFO  | DNAudit | user=null | ip=null | op=WRITE_CHUNK {blockData=conID: 1 locID: 102654967091036715 bcsId: 0} | ret=SUCCESS |  
2019-08-21 12:28:09,096 | INFO  | DNAudit | user=null | ip=null | op=PUT_BLOCK {blockData=[blockId=conID: 1 locID: 102654967091036715 bcsId: 0,size=1048576]} | ret=SUCCESS |  
2019-08-21 12:28:09,096 | INFO  | DNAudit | user=null | ip=null | op=WRITE_CHUNK {blockData=conID: 1 locID: 102654967091036715 bcsId: 0} | ret=SUCCESS |  
2019-08-21 12:28:09,096 | INFO  | DNAudit | user=null | ip=null | op=PUT_BLOCK {blockData=[blockId=conID: 1 locID: 102654967091036715 bcsId: 0,size=1048576]} | ret=SUCCESS |  
2019-08-21 12:28:09,097 | INFO  | DNAudit | user=null | ip=null | op=WRITE_CHUNK {blockData=conID: 1 locID: 102654967091036715 bcsId: 0} | ret=SUCCESS |  
2019-08-21 12:28:09,097 | INFO  | DNAudit | user=null | ip=null | op=PUT_BLOCK {blockData=[blockId=conID: 1 locID: 102654967091036715 bcsId: 0,size=2097152]} | ret=SUCCESS |  
2019-08-21 12:28:09,097 | INFO  | DNAudit | user=null | ip=null | op=WRITE_CHUNK {blockData=conID: 1 locID: 102654967091036715 bcsId: 0} | ret=SUCCESS |  
2019-08-21 12:28:09,097 [grpc-default-executor-1] INFO  client.GrpcClientProtocolClient (GrpcClientProtocolClient.java:onNext(255)) - client-C954105195FD->270584e6-a4a8-4db5-8151-214655ce1a56: receive RaftClientReply:client-C954105195FD->270584e6-a4a8-4db5-8151-214655ce1a56@group-787F5BA3AA67, cid=2114, SUCCESS, logIndex=0, commits[270584e6-a4a8-4db5-8151-214655ce1a56:c3105, af078b8b-61ec-497f-9506-472d46a72462:c3101, 09fb9ab4-1b8d-44c0-9f8c-50855c6f1fed:c3101]
2019-08-21 12:28:09,097 | INFO  | DNAudit | user=null | ip=null | op=PUT_BLOCK {blockData=[blockId=conID: 1 locID: 102654967091036715 bcsId: 0,size=2097152]} | ret=SUCCESS |  
2019-08-21 12:28:09,104 | INFO  | DNAudit | user=null | ip=null | op=WRITE_CHUNK {blockData=conID: 1 locID: 102654967091036715 bcsId: 3103} | ret=SUCCESS |  
2019-08-21 12:28:09,106 | INFO  | DNAudit | user=null | ip=null | op=WRITE_CHUNK {blockData=conID: 1 locID: 102654967091036715 bcsId: 3103} | ret=SUCCESS |  
2019-08-21 12:28:09,106 | INFO  | DNAudit | user=null | ip=null | op=WRITE_CHUNK {blockData=conID: 1 locID: 102654967091036715 bcsId: 3103} | ret=SUCCESS |  
2019-08-21 12:28:09,116 | INFO  | DNAudit | user=null | ip=null | op=WRITE_CHUNK {blockData=conID: 1 locID: 102654967091036715 bcsId: 3103} | ret=SUCCESS |  
2019-08-21 12:28:09,116 | INFO  | DNAudit | user=null | ip=null | op=PUT_BLOCK {blockData=[blockId=conID: 1 locID: 102654967091036715 bcsId: 0,size=3145728]} | ret=SUCCESS |  
2019-08-21 12:28:09,117 [grpc-default-executor-1] INFO  client.GrpcClientProtocolClient (GrpcClientProtocolClient.java:onNext(255)) - client-C954105195FD->270584e6-a4a8-4db5-8151-214655ce1a56: receive RaftClientReply:client-C954105195FD->270584e6-a4a8-4db5-8151-214655ce1a56@group-787F5BA3AA67, cid=2115, SUCCESS, logIndex=3108, commits[270584e6-a4a8-4db5-8151-214655ce1a56:c3109, af078b8b-61ec-497f-9506-472d46a72462:c3107, 09fb9ab4-1b8d-44c0-9f8c-50855c6f1fed:c3107]
2019-08-21 12:28:09,117 [grpc-default-executor-1] INFO  client.GrpcClientProtocolClient (GrpcClientProtocolClient.java:onNext(255)) - client-C954105195FD->270584e6-a4a8-4db5-8151-214655ce1a56: receive RaftClientReply:client-C954105195FD->270584e6-a4a8-4db5-8151-214655ce1a56@group-787F5BA3AA67, cid=2116, SUCCESS, logIndex=3109, commits[270584e6-a4a8-4db5-8151-214655ce1a56:c3109, af078b8b-61ec-497f-9506-472d46a72462:c3107, 09fb9ab4-1b8d-44c0-9f8c-50855c6f1fed:c3107]
2019-08-21 12:28:09,124 | INFO  | DNAudit | user=null | ip=null | op=WRITE_CHUNK {blockData=conID: 1 locID: 102654967091036715 bcsId: 3109} | ret=SUCCESS |  
2019-08-21 12:28:09,127 | INFO  | DNAudit | user=null | ip=null | op=WRITE_CHUNK {blockData=conID: 1 locID: 102654967091036715 bcsId: 3109} | ret=SUCCESS |  
2019-08-21 12:28:09,127 | INFO  | DNAudit | user=null | ip=null | op=WRITE_CHUNK {blockData=conID: 1 locID: 102654967091036715 bcsId: 3109} | ret=SUCCESS |  
2019-08-21 12:28:09,128 | INFO  | DNAudit | user=null | ip=null | op=WRITE_CHUNK {blockData=conID: 1 locID: 102654967091036715 bcsId: 3103} | ret=SUCCESS |  
2019-08-21 12:28:09,128 | INFO  | DNAudit | user=null | ip=null | op=WRITE_CHUNK {blockData=conID: 1 locID: 102654967091036715 bcsId: 3103} | ret=SUCCESS |  
2019-08-21 12:28:09,129 | INFO  | DNAudit | user=null | ip=null | op=PUT_BLOCK {blockData=[blockId=conID: 1 locID: 102654967091036715 bcsId: 0,size=3145728]} | ret=SUCCESS |  
2019-08-21 12:28:09,129 | INFO  | DNAudit | user=null | ip=null | op=PUT_BLOCK {blockData=[blockId=conID: 1 locID: 102654967091036715 bcsId: 0,size=3145728]} | ret=SUCCESS |  
2019-08-21 12:28:09,130 | INFO  | DNAudit | user=null | ip=null | op=WRITE_CHUNK {blockData=conID: 1 locID: 102654967091036715 bcsId: 3109} | ret=SUCCESS |  
2019-08-21 12:28:09,130 | INFO  | DNAudit | user=null | ip=null | op=PUT_BLOCK {blockData=[blockId=conID: 1 locID: 102654967091036715 bcsId: 0,size=4194304]} | ret=SUCCESS |  
2019-08-21 12:28:09,130 [grpc-default-executor-1] INFO  client.GrpcClientProtocolClient (GrpcClientProtocolClient.java:onNext(255)) - client-C954105195FD->270584e6-a4a8-4db5-8151-214655ce1a56: receive RaftClientReply:client-C954105195FD->270584e6-a4a8-4db5-8151-214655ce1a56@group-787F5BA3AA67, cid=2117, SUCCESS, logIndex=3112, commits[270584e6-a4a8-4db5-8151-214655ce1a56:c3112, af078b8b-61ec-497f-9506-472d46a72462:c3109, 09fb9ab4-1b8d-44c0-9f8c-50855c6f1fed:c3109]
2019-08-21 12:28:09,131 [grpc-default-executor-1] INFO  client.GrpcClientProtocolClient (GrpcClientProtocolClient.java:onNext(255)) - client-C954105195FD->270584e6-a4a8-4db5-8151-214655ce1a56: receive RaftClientReply:client-C954105195FD->270584e6-a4a8-4db5-8151-214655ce1a56@group-787F5BA3AA67, cid=2118, SUCCESS, logIndex=3113, commits[270584e6-a4a8-4db5-8151-214655ce1a56:c3113, af078b8b-61ec-497f-9506-472d46a72462:c3109, 09fb9ab4-1b8d-44c0-9f8c-50855c6f1fed:c3109]
2019-08-21 12:28:09,141 | INFO  | DNAudit | user=null | ip=null | op=WRITE_CHUNK {blockData=conID: 1 locID: 102654967091036715 bcsId: 3109} | ret=SUCCESS |  
2019-08-21 12:28:09,141 | INFO  | DNAudit | user=null | ip=null | op=WRITE_CHUNK {blockData=conID: 1 locID: 102654967091036715 bcsId: 3109} | ret=SUCCESS |  
2019-08-21 12:28:09,143 | INFO  | DNAudit | user=null | ip=null | op=PUT_BLOCK {blockData=[blockId=conID: 1 locID: 102654967091036715 bcsId: 0,size=4194304]} | ret=SUCCESS |  
2019-08-21 12:28:09,143 | INFO  | DNAudit | user=null | ip=null | op=PUT_BLOCK {blockData=[blockId=conID: 1 locID: 102654967091036715 bcsId: 0,size=4194304]} | ret=SUCCESS |  
2019-08-21 12:28:09,143 [grpc-default-executor-1] INFO  client.GrpcClientProtocolClient (GrpcClientProtocolClient.java:onNext(255)) - client-C954105195FD->270584e6-a4a8-4db5-8151-214655ce1a56: receive RaftClientReply:client-C954105195FD->270584e6-a4a8-4db5-8151-214655ce1a56@group-787F5BA3AA67, cid=2119, SUCCESS, logIndex=0, commits[270584e6-a4a8-4db5-8151-214655ce1a56:c3115, af078b8b-61ec-497f-9506-472d46a72462:c3113, 09fb9ab4-1b8d-44c0-9f8c-50855c6f1fed:c3113]
2019-08-21 12:28:09,150 | INFO  | SCMAudit | user=jenkins1000 | ip=192.168.34.23 | op=ALLOCATE_BLOCK {owner=b79f83c9-5f7d-4caf-af30-78af34bc5eea, size=4194304, type=RATIS, factor=THREE} | ret=SUCCESS |  
2019-08-21 12:28:09,153 | INFO  | OMAudit | user=jenkins1000 | ip=127.0.0.1 | op=ALLOCATE_BLOCK {volume=vol-0-06517, bucket=bucket-0-64549, key=key-0-34512, dataSize=0, replicationType=null, replicationFactor=null, keyLocationInfo=null, clientID=102654965997830546} | ret=SUCCESS |  
2019-08-21 12:28:09,160 | INFO  | DNAudit | user=null | ip=null | op=WRITE_CHUNK {blockData=conID: 2 locID: 102654967096934956 bcsId: 0} | ret=SUCCESS |  
2019-08-21 12:28:09,161 | INFO  | DNAudit | user=null | ip=null | op=WRITE_CHUNK {blockData=conID: 2 locID: 102654967096934956 bcsId: 0} | ret=SUCCESS |  
2019-08-21 12:28:09,163 | INFO  | DNAudit | user=null | ip=null | op=WRITE_CHUNK {blockData=conID: 2 locID: 102654967096934956 bcsId: 0} | ret=SUCCESS |  
2019-08-21 12:28:09,163 | INFO  | DNAudit | user=null | ip=null | op=WRITE_CHUNK {blockData=conID: 2 locID: 102654967096934956 bcsId: 0} | ret=SUCCESS |  
2019-08-21 12:28:09,165 | INFO  | DNAudit | user=null | ip=null | op=WRITE_CHUNK {blockData=conID: 2 locID: 102654967096934956 bcsId: 0} | ret=SUCCESS |  
2019-08-21 12:28:09,165 | INFO  | DNAudit | user=null | ip=null | op=WRITE_CHUNK {blockData=conID: 2 locID: 102654967096934956 bcsId: 0} | ret=SUCCESS |  
2019-08-21 12:28:09,175 | INFO  | DNAudit | user=null | ip=null | op=WRITE_CHUNK {blockData=conID: 2 locID: 102654967096934956 bcsId: 0} | ret=SUCCESS |  
2019-08-21 12:28:09,175 | INFO  | DNAudit | user=null | ip=null | op=PUT_BLOCK {blockData=[blockId=conID: 2 locID: 102654967096934956 bcsId: 0,size=1048576]} | ret=SUCCESS |  
2019-08-21 12:28:09,175 [grpc-default-executor-1] INFO  client.GrpcClientProtocolClient (GrpcClientProtocolClient.java:onNext(255)) - client-C954105195FD->270584e6-a4a8-4db5-8151-214655ce1a56: receive RaftClientReply:client-C954105195FD->270584e6-a4a8-4db5-8151-214655ce1a56@group-787F5BA3AA67, cid=2120, SUCCESS, logIndex=3116, commits[270584e6-a4a8-4db5-8151-214655ce1a56:c3117, af078b8b-61ec-497f-9506-472d46a72462:c3115, 09fb9ab4-1b8d-44c0-9f8c-50855c6f1fed:c3115]
2019-08-21 12:28:09,176 [grpc-default-executor-1] INFO  client.GrpcClientProtocolClient (GrpcClientProtocolClient.java:onNext(255)) - client-C954105195FD->270584e6-a4a8-4db5-8151-214655ce1a56: receive RaftClientReply:client-C954105195FD->270584e6-a4a8-4db5-8151-214655ce1a56@group-787F5BA3AA67, cid=2121, SUCCESS, logIndex=3117, commits[270584e6-a4a8-4db5-8151-214655ce1a56:c3117, af078b8b-61ec-497f-9506-472d46a72462:c3115, 09fb9ab4-1b8d-44c0-9f8c-50855c6f1fed:c3115]
2019-08-21 12:28:09,186 | INFO  | DNAudit | user=null | ip=null | op=WRITE_CHUNK {blockData=conID: 2 locID: 102654967096934956 bcsId: 0} | ret=SUCCESS |  
2019-08-21 12:28:09,186 | INFO  | DNAudit | user=null | ip=null | op=PUT_BLOCK {blockData=[blockId=conID: 2 locID: 102654967096934956 bcsId: 0,size=2097152]} | ret=SUCCESS |  
2019-08-21 12:28:09,187 [grpc-default-executor-5] INFO  client.GrpcClientProtocolClient (GrpcClientProtocolClient.java:onNext(255)) - client-C954105195FD->270584e6-a4a8-4db5-8151-214655ce1a56: receive RaftClientReply:client-C954105195FD->270584e6-a4a8-4db5-8151-214655ce1a56@group-787F5BA3AA67, cid=2122, SUCCESS, logIndex=3118, commits[270584e6-a4a8-4db5-8151-214655ce1a56:c3119, af078b8b-61ec-497f-9506-472d46a72462:c3115, 09fb9ab4-1b8d-44c0-9f8c-50855c6f1fed:c3115]
2019-08-21 12:28:09,187 | INFO  | DNAudit | user=null | ip=null | op=WRITE_CHUNK {blockData=conID: 2 locID: 102654967096934956 bcsId: 0} | ret=SUCCESS |  
2019-08-21 12:28:09,187 [grpc-default-executor-4] INFO  client.GrpcClientProtocolClient (GrpcClientProtocolClient.java:onNext(255)) - client-C954105195FD->270584e6-a4a8-4db5-8151-214655ce1a56: receive RaftClientReply:client-C954105195FD->270584e6-a4a8-4db5-8151-214655ce1a56@group-787F5BA3AA67, cid=2123, SUCCESS, logIndex=3119, commits[270584e6-a4a8-4db5-8151-214655ce1a56:c3119, af078b8b-61ec-497f-9506-472d46a72462:c3115, 09fb9ab4-1b8d-44c0-9f8c-50855c6f1fed:c3115]
2019-08-21 12:28:09,187 | INFO  | DNAudit | user=null | ip=null | op=PUT_BLOCK {blockData=[blockId=conID: 2 locID: 102654967096934956 bcsId: 0,size=1048576]} | ret=SUCCESS |  
2019-08-21 12:28:09,188 | INFO  | DNAudit | user=null | ip=null | op=WRITE_CHUNK {blockData=conID: 2 locID: 102654967096934956 bcsId: 0} | ret=SUCCESS |  
2019-08-21 12:28:09,188 | INFO  | DNAudit | user=null | ip=null | op=PUT_BLOCK {blockData=[blockId=conID: 2 locID: 102654967096934956 bcsId: 0,size=1048576]} | ret=SUCCESS |  
2019-08-21 12:28:09,189 [grpc-default-executor-4] INFO  client.GrpcClientProtocolClient (GrpcClientProtocolClient.java:onNext(255)) - client-C954105195FD->270584e6-a4a8-4db5-8151-214655ce1a56: receive RaftClientReply:client-C954105195FD->270584e6-a4a8-4db5-8151-214655ce1a56@group-787F5BA3AA67, cid=2124, SUCCESS, logIndex=0, commits[270584e6-a4a8-4db5-8151-214655ce1a56:c3121, af078b8b-61ec-497f-9506-472d46a72462:c3117, 09fb9ab4-1b8d-44c0-9f8c-50855c6f1fed:c3117]
2019-08-21 12:28:09,189 | INFO  | SCMAudit | user=jenkins1000 | ip=192.168.34.23 | op=SEND_HEARTBEAT {datanodeUUID=0aa4def6-fe9f-4182-b0b1-80406548816f, command=[]} | ret=SUCCESS |  
2019-08-21 12:28:09,189 | INFO  | SCMAudit | user=jenkins1000 | ip=192.168.34.23 | op=SEND_HEARTBEAT {datanodeUUID=39ae8c09-9b4b-4ddc-906b-4e52d104e1b1, command=[]} | ret=SUCCESS |  
2019-08-21 12:28:09,196 | INFO  | DNAudit | user=null | ip=null | op=WRITE_CHUNK {blockData=conID: 2 locID: 102654967096934956 bcsId: 3119} | ret=SUCCESS |  
2019-08-21 12:28:09,199 | INFO  | DNAudit | user=null | ip=null | op=WRITE_CHUNK {blockData=conID: 2 locID: 102654967096934956 bcsId: 3119} | ret=SUCCESS |  
2019-08-21 12:28:09,199 | INFO  | DNAudit | user=null | ip=null | op=WRITE_CHUNK {blockData=conID: 2 locID: 102654967096934956 bcsId: 3119} | ret=SUCCESS |  
2019-08-21 12:28:09,200 | INFO  | DNAudit | user=null | ip=null | op=WRITE_CHUNK {blockData=conID: 2 locID: 102654967096934956 bcsId: 0} | ret=SUCCESS |  
2019-08-21 12:28:09,201 | INFO  | DNAudit | user=null | ip=null | op=PUT_BLOCK {blockData=[blockId=conID: 2 locID: 102654967096934956 bcsId: 0,size=2097152]} | ret=SUCCESS |  
2019-08-21 12:28:09,202 | INFO  | DNAudit | user=null | ip=null | op=WRITE_CHUNK {blockData=conID: 2 locID: 102654967096934956 bcsId: 0} | ret=SUCCESS |  
2019-08-21 12:28:09,202 | INFO  | DNAudit | user=null | ip=null | op=PUT_BLOCK {blockData=[blockId=conID: 2 locID: 102654967096934956 bcsId: 0,size=2097152]} | ret=SUCCESS |  
2019-08-21 12:28:09,203 | INFO  | DNAudit | user=null | ip=null | op=WRITE_CHUNK {blockData=conID: 2 locID: 102654967096934956 bcsId: 3119} | ret=SUCCESS |  
2019-08-21 12:28:09,204 | INFO  | DNAudit | user=null | ip=null | op=PUT_BLOCK {blockData=[blockId=conID: 2 locID: 102654967096934956 bcsId: 0,size=3145728]} | ret=SUCCESS |  
2019-08-21 12:28:09,204 [grpc-default-executor-4] INFO  client.GrpcClientProtocolClient (GrpcClientProtocolClient.java:onNext(255)) - client-C954105195FD->270584e6-a4a8-4db5-8151-214655ce1a56: receive RaftClientReply:client-C954105195FD->270584e6-a4a8-4db5-8151-214655ce1a56@group-787F5BA3AA67, cid=2125, SUCCESS, logIndex=3124, commits[270584e6-a4a8-4db5-8151-214655ce1a56:c3125, af078b8b-61ec-497f-9506-472d46a72462:c3119, 09fb9ab4-1b8d-44c0-9f8c-50855c6f1fed:c3121]
2019-08-21 12:28:09,204 [grpc-default-executor-4] INFO  client.GrpcClientProtocolClient (GrpcClientProtocolClient.java:onNext(255)) - client-C954105195FD->270584e6-a4a8-4db5-8151-214655ce1a56: receive RaftClientReply:client-C954105195FD->270584e6-a4a8-4db5-8151-214655ce1a56@group-787F5BA3AA67, cid=2126, SUCCESS, logIndex=3125, commits[270584e6-a4a8-4db5-8151-214655ce1a56:c3125, af078b8b-61ec-497f-9506-472d46a72462:c3121, 09fb9ab4-1b8d-44c0-9f8c-50855c6f1fed:c3121]
2019-08-21 12:28:09,205 | INFO  | DNAudit | user=null | ip=null | op=WRITE_CHUNK {blockData=conID: 2 locID: 102654967096934956 bcsId: 3119} | ret=SUCCESS |  
2019-08-21 12:28:09,205 | INFO  | DNAudit | user=null | ip=null | op=PUT_BLOCK {blockData=[blockId=conID: 2 locID: 102654967096934956 bcsId: 0,size=3145728]} | ret=SUCCESS |  
2019-08-21 12:28:09,205 | INFO  | DNAudit | user=null | ip=null | op=WRITE_CHUNK {blockData=conID: 2 locID: 102654967096934956 bcsId: 3119} | ret=SUCCESS |  
2019-08-21 12:28:09,206 | INFO  | DNAudit | user=null | ip=null | op=PUT_BLOCK {blockData=[blockId=conID: 2 locID: 102654967096934956 bcsId: 0,size=3145728]} | ret=SUCCESS |  
2019-08-21 12:28:09,211 | INFO  | DNAudit | user=null | ip=null | op=WRITE_CHUNK {blockData=conID: 2 locID: 102654967096934956 bcsId: 3125} | ret=SUCCESS |  
2019-08-21 12:28:09,213 | INFO  | DNAudit | user=null | ip=null | op=WRITE_CHUNK {blockData=conID: 2 locID: 102654967096934956 bcsId: 3125} | ret=SUCCESS |  
2019-08-21 12:28:09,213 | INFO  | DNAudit | user=null | ip=null | op=WRITE_CHUNK {blockData=conID: 2 locID: 102654967096934956 bcsId: 3125} | ret=SUCCESS |  
2019-08-21 12:28:09,216 | INFO  | DNAudit | user=null | ip=null | op=WRITE_CHUNK {blockData=conID: 2 locID: 102654967096934956 bcsId: 3125} | ret=SUCCESS |  
2019-08-21 12:28:09,216 | INFO  | DNAudit | user=null | ip=null | op=PUT_BLOCK {blockData=[blockId=conID: 2 locID: 102654967096934956 bcsId: 0,size=4194304]} | ret=SUCCESS |  
2019-08-21 12:28:09,216 [grpc-default-executor-5] INFO  client.GrpcClientProtocolClient (GrpcClientProtocolClient.java:onNext(255)) - client-C954105195FD->270584e6-a4a8-4db5-8151-214655ce1a56: receive RaftClientReply:client-C954105195FD->270584e6-a4a8-4db5-8151-214655ce1a56@group-787F5BA3AA67, cid=2127, SUCCESS, logIndex=3128, commits[270584e6-a4a8-4db5-8151-214655ce1a56:c3129, af078b8b-61ec-497f-9506-472d46a72462:c3127, 09fb9ab4-1b8d-44c0-9f8c-50855c6f1fed:c3127]
2019-08-21 12:28:09,216 [grpc-default-executor-5] INFO  client.GrpcClientProtocolClient (GrpcClientProtocolClient.java:onNext(255)) - client-C954105195FD->270584e6-a4a8-4db5-8151-214655ce1a56: receive RaftClientReply:client-C954105195FD->270584e6-a4a8-4db5-8151-214655ce1a56@group-787F5BA3AA67, cid=2128, SUCCESS, logIndex=3129, commits[270584e6-a4a8-4db5-8151-214655ce1a56:c3129, af078b8b-61ec-497f-9506-472d46a72462:c3127, 09fb9ab4-1b8d-44c0-9f8c-50855c6f1fed:c3127]
2019-08-21 12:28:09,218 | INFO  | DNAudit | user=null | ip=null | op=WRITE_CHUNK {blockData=conID: 2 locID: 102654967096934956 bcsId: 3125} | ret=SUCCESS |  
2019-08-21 12:28:09,218 | INFO  | DNAudit | user=null | ip=null | op=WRITE_CHUNK {blockData=conID: 2 locID: 102654967096934956 bcsId: 3125} | ret=SUCCESS |  
2019-08-21 12:28:09,220 | INFO  | DNAudit | user=null | ip=null | op=PUT_BLOCK {blockData=[blockId=conID: 2 locID: 102654967096934956 bcsId: 0,size=4194304]} | ret=SUCCESS |  
2019-08-21 12:28:09,220 | INFO  | DNAudit | user=null | ip=null | op=PUT_BLOCK {blockData=[blockId=conID: 2 locID: 102654967096934956 bcsId: 0,size=4194304]} | ret=SUCCESS |  
2019-08-21 12:28:09,221 [grpc-default-executor-5] INFO  client.GrpcClientProtocolClient (GrpcClientProtocolClient.java:onNext(255)) - client-C954105195FD->270584e6-a4a8-4db5-8151-214655ce1a56: receive RaftClientReply:client-C954105195FD->270584e6-a4a8-4db5-8151-214655ce1a56@group-787F5BA3AA67, cid=2129, SUCCESS, logIndex=0, commits[270584e6-a4a8-4db5-8151-214655ce1a56:c3131, af078b8b-61ec-497f-9506-472d46a72462:c3129, 09fb9ab4-1b8d-44c0-9f8c-50855c6f1fed:c3129]
2019-08-21 12:28:09,226 | INFO  | SCMAudit | user=jenkins1000 | ip=192.168.34.23 | op=ALLOCATE_BLOCK {owner=b79f83c9-5f7d-4caf-af30-78af34bc5eea, size=4194304, type=RATIS, factor=THREE} | ret=SUCCESS |  
2019-08-21 12:28:09,229 | INFO  | OMAudit | user=jenkins1000 | ip=127.0.0.1 | op=ALLOCATE_BLOCK {volume=vol-0-06517, bucket=bucket-0-64549, key=key-0-34512, dataSize=0, replicationType=null, replicationFactor=null, keyLocationInfo=null, clientID=102654965997830546} | ret=SUCCESS |  
2019-08-21 12:28:09,239 | INFO  | DNAudit | user=null | ip=null | op=WRITE_CHUNK {blockData=conID: 3 locID: 102654967101915693 bcsId: 0} | ret=SUCCESS |  
2019-08-21 12:28:09,239 | INFO  | DNAudit | user=null | ip=null | op=WRITE_CHUNK {blockData=conID: 3 locID: 102654967101915693 bcsId: 0} | ret=SUCCESS |  
2019-08-21 12:28:09,239 | INFO  | DNAudit | user=null | ip=null | op=WRITE_CHUNK {blockData=conID: 3 locID: 102654967101915693 bcsId: 0} | ret=SUCCESS |  
2019-08-21 12:28:09,240 | INFO  | DNAudit | user=null | ip=null | op=WRITE_CHUNK {blockData=conID: 3 locID: 102654967101915693 bcsId: 0} | ret=SUCCESS |  
2019-08-21 12:28:09,242 | INFO  | DNAudit | user=null | ip=null | op=WRITE_CHUNK {blockData=conID: 3 locID: 102654967101915693 bcsId: 0} | ret=SUCCESS |  
2019-08-21 12:28:09,242 | INFO  | DNAudit | user=null | ip=null | op=WRITE_CHUNK {blockData=conID: 3 locID: 102654967101915693 bcsId: 0} | ret=SUCCESS |  
2019-08-21 12:28:09,246 | INFO  | DNAudit | user=null | ip=null | op=WRITE_CHUNK {blockData=conID: 3 locID: 102654967101915693 bcsId: 0} | ret=SUCCESS |  
2019-08-21 12:28:09,247 | INFO  | DNAudit | user=null | ip=null | op=PUT_BLOCK {blockData=[blockId=conID: 3 locID: 102654967101915693 bcsId: 0,size=1048576]} | ret=SUCCESS |  
2019-08-21 12:28:09,247 | INFO  | DNAudit | user=null | ip=null | op=WRITE_CHUNK {blockData=conID: 3 locID: 102654967101915693 bcsId: 0} | ret=SUCCESS |  
2019-08-21 12:28:09,247 [grpc-default-executor-1] INFO  client.GrpcClientProtocolClient (GrpcClientProtocolClient.java:onNext(255)) - client-C954105195FD->270584e6-a4a8-4db5-8151-214655ce1a56: receive RaftClientReply:client-C954105195FD->270584e6-a4a8-4db5-8151-214655ce1a56@group-787F5BA3AA67, cid=2130, SUCCESS, logIndex=3132, commits[270584e6-a4a8-4db5-8151-214655ce1a56:c3133, af078b8b-61ec-497f-9506-472d46a72462:c3131, 09fb9ab4-1b8d-44c0-9f8c-50855c6f1fed:c3131]
2019-08-21 12:28:09,247 | INFO  | DNAudit | user=null | ip=null | op=PUT_BLOCK {blockData=[blockId=conID: 3 locID: 102654967101915693 bcsId: 0,size=2097152]} | ret=SUCCESS |  
2019-08-21 12:28:09,247 [grpc-default-executor-1] INFO  client.GrpcClientProtocolClient (GrpcClientProtocolClient.java:onNext(255)) - client-C954105195FD->270584e6-a4a8-4db5-8151-214655ce1a56: receive RaftClientReply:client-C954105195FD->270584e6-a4a8-4db5-8151-214655ce1a56@group-787F5BA3AA67, cid=2131, SUCCESS, logIndex=3133, commits[270584e6-a4a8-4db5-8151-214655ce1a56:c3135, af078b8b-61ec-497f-9506-472d46a72462:c3131, 09fb9ab4-1b8d-44c0-9f8c-50855c6f1fed:c3131]
2019-08-21 12:28:09,247 [grpc-default-executor-1] INFO  client.GrpcClientProtocolClient (GrpcClientProtocolClient.java:onNext(255)) - client-C954105195FD->270584e6-a4a8-4db5-8151-214655ce1a56: receive RaftClientReply:client-C954105195FD->270584e6-a4a8-4db5-8151-214655ce1a56@group-787F5BA3AA67, cid=2132, SUCCESS, logIndex=3134, commits[270584e6-a4a8-4db5-8151-214655ce1a56:c3135, af078b8b-61ec-497f-9506-472d46a72462:c3131, 09fb9ab4-1b8d-44c0-9f8c-50855c6f1fed:c3131]
2019-08-21 12:28:09,248 [grpc-default-executor-1] INFO  client.GrpcClientProtocolClient (GrpcClientProtocolClient.java:onNext(255)) - client-C954105195FD->270584e6-a4a8-4db5-8151-214655ce1a56: receive RaftClientReply:client-C954105195FD->270584e6-a4a8-4db5-8151-214655ce1a56@group-787F5BA3AA67, cid=2133, SUCCESS, logIndex=3135, commits[270584e6-a4a8-4db5-8151-214655ce1a56:c3135, af078b8b-61ec-497f-9506-472d46a72462:c3131, 09fb9ab4-1b8d-44c0-9f8c-50855c6f1fed:c3131]
2019-08-21 12:28:09,249 | INFO  | DNAudit | user=null | ip=null | op=WRITE_CHUNK {blockData=conID: 3 locID: 102654967101915693 bcsId: 0} | ret=SUCCESS |  
2019-08-21 12:28:09,250 | INFO  | DNAudit | user=null | ip=null | op=WRITE_CHUNK {blockData=conID: 3 locID: 102654967101915693 bcsId: 0} | ret=SUCCESS |  
2019-08-21 12:28:09,250 | INFO  | DNAudit | user=null | ip=null | op=PUT_BLOCK {blockData=[blockId=conID: 3 locID: 102654967101915693 bcsId: 0,size=1048576]} | ret=SUCCESS |  
2019-08-21 12:28:09,251 | INFO  | DNAudit | user=null | ip=null | op=WRITE_CHUNK {blockData=conID: 3 locID: 102654967101915693 bcsId: 0} | ret=SUCCESS |  
2019-08-21 12:28:09,251 | INFO  | DNAudit | user=null | ip=null | op=PUT_BLOCK {blockData=[blockId=conID: 3 locID: 102654967101915693 bcsId: 0,size=2097152]} | ret=SUCCESS |  
2019-08-21 12:28:09,251 | INFO  | DNAudit | user=null | ip=null | op=PUT_BLOCK {blockData=[blockId=conID: 3 locID: 102654967101915693 bcsId: 0,size=1048576]} | ret=SUCCESS |  
2019-08-21 12:28:09,252 | INFO  | DNAudit | user=null | ip=null | op=WRITE_CHUNK {blockData=conID: 3 locID: 102654967101915693 bcsId: 0} | ret=SUCCESS |  
2019-08-21 12:28:09,252 | INFO  | DNAudit | user=null | ip=null | op=PUT_BLOCK {blockData=[blockId=conID: 3 locID: 102654967101915693 bcsId: 0,size=2097152]} | ret=SUCCESS |  
2019-08-21 12:28:09,252 [grpc-default-executor-1] INFO  client.GrpcClientProtocolClient (GrpcClientProtocolClient.java:onNext(255)) - client-C954105195FD->270584e6-a4a8-4db5-8151-214655ce1a56: receive RaftClientReply:client-C954105195FD->270584e6-a4a8-4db5-8151-214655ce1a56@group-787F5BA3AA67, cid=2134, SUCCESS, logIndex=0, commits[270584e6-a4a8-4db5-8151-214655ce1a56:c3138, af078b8b-61ec-497f-9506-472d46a72462:c3133, 09fb9ab4-1b8d-44c0-9f8c-50855c6f1fed:c3134]
2019-08-21 12:28:09,258 | INFO  | DNAudit | user=null | ip=null | op=WRITE_CHUNK {blockData=conID: 3 locID: 102654967101915693 bcsId: 3135} | ret=SUCCESS |  
2019-08-21 12:28:09,260 | INFO  | DNAudit | user=null | ip=null | op=WRITE_CHUNK {blockData=conID: 3 locID: 102654967101915693 bcsId: 3135} | ret=SUCCESS |  
2019-08-21 12:28:09,261 | INFO  | DNAudit | user=null | ip=null | op=WRITE_CHUNK {blockData=conID: 3 locID: 102654967101915693 bcsId: 3135} | ret=SUCCESS |  
2019-08-21 12:28:09,269 | INFO  | DNAudit | user=null | ip=null | op=WRITE_CHUNK {blockData=conID: 3 locID: 102654967101915693 bcsId: 3135} | ret=SUCCESS |  
2019-08-21 12:28:09,270 | INFO  | DNAudit | user=null | ip=null | op=PUT_BLOCK {blockData=[blockId=conID: 3 locID: 102654967101915693 bcsId: 0,size=3145728]} | ret=SUCCESS |  
2019-08-21 12:28:09,270 [grpc-default-executor-1] INFO  client.GrpcClientProtocolClient (GrpcClientProtocolClient.java:onNext(255)) - client-C954105195FD->270584e6-a4a8-4db5-8151-214655ce1a56: receive RaftClientReply:client-C954105195FD->270584e6-a4a8-4db5-8151-214655ce1a56@group-787F5BA3AA67, cid=2135, SUCCESS, logIndex=3140, commits[270584e6-a4a8-4db5-8151-214655ce1a56:c3141, af078b8b-61ec-497f-9506-472d46a72462:c3139, 09fb9ab4-1b8d-44c0-9f8c-50855c6f1fed:c3139]
2019-08-21 12:28:09,270 [grpc-default-executor-1] INFO  client.GrpcClientProtocolClient (GrpcClientProtocolClient.java:onNext(255)) - client-C954105195FD->270584e6-a4a8-4db5-8151-214655ce1a56: receive RaftClientReply:client-C954105195FD->270584e6-a4a8-4db5-8151-214655ce1a56@group-787F5BA3AA67, cid=2136, SUCCESS, logIndex=3141, commits[270584e6-a4a8-4db5-8151-214655ce1a56:c3141, af078b8b-61ec-497f-9506-472d46a72462:c3139, 09fb9ab4-1b8d-44c0-9f8c-50855c6f1fed:c3139]
2019-08-21 12:28:09,276 | INFO  | DNAudit | user=null | ip=null | op=WRITE_CHUNK {blockData=conID: 3 locID: 102654967101915693 bcsId: 3141} | ret=SUCCESS |  
2019-08-21 12:28:09,278 | INFO  | DNAudit | user=null | ip=null | op=WRITE_CHUNK {blockData=conID: 3 locID: 102654967101915693 bcsId: 3141} | ret=SUCCESS |  
2019-08-21 12:28:09,278 | INFO  | DNAudit | user=null | ip=null | op=WRITE_CHUNK {blockData=conID: 3 locID: 102654967101915693 bcsId: 3141} | ret=SUCCESS |  
2019-08-21 12:28:09,281 | INFO  | DNAudit | user=null | ip=null | op=WRITE_CHUNK {blockData=conID: 3 locID: 102654967101915693 bcsId: 3135} | ret=SUCCESS |  
2019-08-21 12:28:09,281 | INFO  | DNAudit | user=null | ip=null | op=WRITE_CHUNK {blockData=conID: 3 locID: 102654967101915693 bcsId: 3135} | ret=SUCCESS |  
2019-08-21 12:28:09,284 | INFO  | DNAudit | user=null | ip=null | op=PUT_BLOCK {blockData=[blockId=conID: 3 locID: 102654967101915693 bcsId: 0,size=3145728]} | ret=SUCCESS |  
2019-08-21 12:28:09,284 | INFO  | DNAudit | user=null | ip=null | op=PUT_BLOCK {blockData=[blockId=conID: 3 locID: 102654967101915693 bcsId: 0,size=3145728]} | ret=SUCCESS |  
2019-08-21 12:28:09,284 | INFO  | DNAudit | user=null | ip=null | op=WRITE_CHUNK {blockData=conID: 3 locID: 102654967101915693 bcsId: 3141} | ret=SUCCESS |  
2019-08-21 12:28:09,285 | INFO  | DNAudit | user=null | ip=null | op=PUT_BLOCK {blockData=[blockId=conID: 3 locID: 102654967101915693 bcsId: 0,size=4194304]} | ret=SUCCESS |  
2019-08-21 12:28:09,285 [grpc-default-executor-5] INFO  client.GrpcClientProtocolClient (GrpcClientProtocolClient.java:onNext(255)) - client-C954105195FD->270584e6-a4a8-4db5-8151-214655ce1a56: receive RaftClientReply:client-C954105195FD->270584e6-a4a8-4db5-8151-214655ce1a56@group-787F5BA3AA67, cid=2137, SUCCESS, logIndex=3144, commits[270584e6-a4a8-4db5-8151-214655ce1a56:c3145, af078b8b-61ec-497f-9506-472d46a72462:c3141, 09fb9ab4-1b8d-44c0-9f8c-50855c6f1fed:c3141]
2019-08-21 12:28:09,285 [grpc-default-executor-5] INFO  client.GrpcClientProtocolClient (GrpcClientProtocolClient.java:onNext(255)) - client-C954105195FD->270584e6-a4a8-4db5-8151-214655ce1a56: receive RaftClientReply:client-C954105195FD->270584e6-a4a8-4db5-8151-214655ce1a56@group-787F5BA3AA67, cid=2138, SUCCESS, logIndex=3145, commits[270584e6-a4a8-4db5-8151-214655ce1a56:c3145, af078b8b-61ec-497f-9506-472d46a72462:c3141, 09fb9ab4-1b8d-44c0-9f8c-50855c6f1fed:c3141]
2019-08-21 12:28:09,295 | INFO  | DNAudit | user=null | ip=null | op=WRITE_CHUNK {blockData=conID: 3 locID: 102654967101915693 bcsId: 3141} | ret=SUCCESS |  
2019-08-21 12:28:09,295 | INFO  | DNAudit | user=null | ip=null | op=PUT_BLOCK {blockData=[blockId=conID: 3 locID: 102654967101915693 bcsId: 0,size=4194304]} | ret=SUCCESS |  
2019-08-21 12:28:09,295 | INFO  | DNAudit | user=null | ip=null | op=WRITE_CHUNK {blockData=conID: 3 locID: 102654967101915693 bcsId: 3141} | ret=SUCCESS |  
2019-08-21 12:28:09,296 | INFO  | DNAudit | user=null | ip=null | op=PUT_BLOCK {blockData=[blockId=conID: 3 locID: 102654967101915693 bcsId: 0,size=4194304]} | ret=SUCCESS |  
2019-08-21 12:28:09,296 [grpc-default-executor-5] INFO  client.GrpcClientProtocolClient (GrpcClientProtocolClient.java:onNext(255)) - client-C954105195FD->270584e6-a4a8-4db5-8151-214655ce1a56: receive RaftClientReply:client-C954105195FD->270584e6-a4a8-4db5-8151-214655ce1a56@group-787F5BA3AA67, cid=2139, SUCCESS, logIndex=0, commits[270584e6-a4a8-4db5-8151-214655ce1a56:c3146, af078b8b-61ec-497f-9506-472d46a72462:c3145, 09fb9ab4-1b8d-44c0-9f8c-50855c6f1fed:c3145]
2019-08-21 12:28:09,301 | INFO  | SCMAudit | user=jenkins1000 | ip=192.168.34.23 | op=ALLOCATE_BLOCK {owner=b79f83c9-5f7d-4caf-af30-78af34bc5eea, size=4194304, type=RATIS, factor=THREE} | ret=SUCCESS |  
2019-08-21 12:28:09,304 | INFO  | OMAudit | user=jenkins1000 | ip=127.0.0.1 | op=ALLOCATE_BLOCK {volume=vol-0-06517, bucket=bucket-0-64549, key=key-0-34512, dataSize=0, replicationType=null, replicationFactor=null, keyLocationInfo=null, clientID=102654965997830546} | ret=SUCCESS |  
2019-08-21 12:28:09,311 | INFO  | DNAudit | user=null | ip=null | op=WRITE_CHUNK {blockData=conID: 1 locID: 102654967106830894 bcsId: 0} | ret=SUCCESS |  
2019-08-21 12:28:09,312 | INFO  | DNAudit | user=null | ip=null | op=WRITE_CHUNK {blockData=conID: 1 locID: 102654967106830894 bcsId: 0} | ret=SUCCESS |  
2019-08-21 12:28:09,313 | INFO  | DNAudit | user=null | ip=null | op=WRITE_CHUNK {blockData=conID: 1 locID: 102654967106830894 bcsId: 0} | ret=SUCCESS |  
2019-08-21 12:28:09,313 | INFO  | DNAudit | user=null | ip=null | op=WRITE_CHUNK {blockData=conID: 1 locID: 102654967106830894 bcsId: 0} | ret=SUCCESS |  
2019-08-21 12:28:09,315 | INFO  | DNAudit | user=null | ip=null | op=WRITE_CHUNK {blockData=conID: 1 locID: 102654967106830894 bcsId: 0} | ret=SUCCESS |  
2019-08-21 12:28:09,315 | INFO  | DNAudit | user=null | ip=null | op=WRITE_CHUNK {blockData=conID: 1 locID: 102654967106830894 bcsId: 0} | ret=SUCCESS |  
2019-08-21 12:28:09,325 | INFO  | DNAudit | user=null | ip=null | op=WRITE_CHUNK {blockData=conID: 1 locID: 102654967106830894 bcsId: 0} | ret=SUCCESS |  
2019-08-21 12:28:09,325 | INFO  | DNAudit | user=null | ip=null | op=PUT_BLOCK {blockData=[blockId=conID: 1 locID: 102654967106830894 bcsId: 0,size=1048576]} | ret=SUCCESS |  
2019-08-21 12:28:09,325 [grpc-default-executor-1] INFO  client.GrpcClientProtocolClient (GrpcClientProtocolClient.java:onNext(255)) - client-C954105195FD->270584e6-a4a8-4db5-8151-214655ce1a56: receive RaftClientReply:client-C954105195FD->270584e6-a4a8-4db5-8151-214655ce1a56@group-787F5BA3AA67, cid=2140, SUCCESS, logIndex=3148, commits[270584e6-a4a8-4db5-8151-214655ce1a56:c3149, af078b8b-61ec-497f-9506-472d46a72462:c3147, 09fb9ab4-1b8d-44c0-9f8c-50855c6f1fed:c3147]
2019-08-21 12:28:09,326 | INFO  | DNAudit | user=null | ip=null | op=WRITE_CHUNK {blockData=conID: 1 locID: 102654967106830894 bcsId: 0} | ret=SUCCESS |  
2019-08-21 12:28:09,326 [grpc-default-executor-1] INFO  client.GrpcClientProtocolClient (GrpcClientProtocolClient.java:onNext(255)) - client-C954105195FD->270584e6-a4a8-4db5-8151-214655ce1a56: receive RaftClientReply:client-C954105195FD->270584e6-a4a8-4db5-8151-214655ce1a56@group-787F5BA3AA67, cid=2141, SUCCESS, logIndex=3149, commits[270584e6-a4a8-4db5-8151-214655ce1a56:c3151, af078b8b-61ec-497f-9506-472d46a72462:c3147, 09fb9ab4-1b8d-44c0-9f8c-50855c6f1fed:c3147]
2019-08-21 12:28:09,326 | INFO  | DNAudit | user=null | ip=null | op=PUT_BLOCK {blockData=[blockId=conID: 1 locID: 102654967106830894 bcsId: 0,size=2097152]} | ret=SUCCESS |  
2019-08-21 12:28:09,326 [grpc-default-executor-1] INFO  client.GrpcClientProtocolClient (GrpcClientProtocolClient.java:onNext(255)) - client-C954105195FD->270584e6-a4a8-4db5-8151-214655ce1a56: receive RaftClientReply:client-C954105195FD->270584e6-a4a8-4db5-8151-214655ce1a56@group-787F5BA3AA67, cid=2142, SUCCESS, logIndex=3150, commits[270584e6-a4a8-4db5-8151-214655ce1a56:c3151, af078b8b-61ec-497f-9506-472d46a72462:c3147, 09fb9ab4-1b8d-44c0-9f8c-50855c6f1fed:c3147]
2019-08-21 12:28:09,326 [grpc-default-executor-1] INFO  client.GrpcClientProtocolClient (GrpcClientProtocolClient.java:onNext(255)) - client-C954105195FD->270584e6-a4a8-4db5-8151-214655ce1a56: receive RaftClientReply:client-C954105195FD->270584e6-a4a8-4db5-8151-214655ce1a56@group-787F5BA3AA67, cid=2143, SUCCESS, logIndex=3151, commits[270584e6-a4a8-4db5-8151-214655ce1a56:c3151, af078b8b-61ec-497f-9506-472d46a72462:c3147, 09fb9ab4-1b8d-44c0-9f8c-50855c6f1fed:c3147]
2019-08-21 12:28:09,335 | INFO  | DNAudit | user=null | ip=null | op=WRITE_CHUNK {blockData=conID: 1 locID: 102654967106830894 bcsId: 0} | ret=SUCCESS |  
2019-08-21 12:28:09,336 | INFO  | DNAudit | user=null | ip=null | op=WRITE_CHUNK {blockData=conID: 1 locID: 102654967106830894 bcsId: 0} | ret=SUCCESS |  
2019-08-21 12:28:09,336 | INFO  | DNAudit | user=null | ip=null | op=PUT_BLOCK {blockData=[blockId=conID: 1 locID: 102654967106830894 bcsId: 0,size=1048576]} | ret=SUCCESS |  
2019-08-21 12:28:09,336 | INFO  | DNAudit | user=null | ip=null | op=PUT_BLOCK {blockData=[blockId=conID: 1 locID: 102654967106830894 bcsId: 0,size=1048576]} | ret=SUCCESS |  
2019-08-21 12:28:09,337 | INFO  | DNAudit | user=null | ip=null | op=WRITE_CHUNK {blockData=conID: 1 locID: 102654967106830894 bcsId: 0} | ret=SUCCESS |  
2019-08-21 12:28:09,337 | INFO  | DNAudit | user=null | ip=null | op=WRITE_CHUNK {blockData=conID: 1 locID: 102654967106830894 bcsId: 0} | ret=SUCCESS |  
2019-08-21 12:28:09,337 | INFO  | DNAudit | user=null | ip=null | op=PUT_BLOCK {blockData=[blockId=conID: 1 locID: 102654967106830894 bcsId: 0,size=2097152]} | ret=SUCCESS |  
2019-08-21 12:28:09,337 | INFO  | DNAudit | user=null | ip=null | op=PUT_BLOCK {blockData=[blockId=conID: 1 locID: 102654967106830894 bcsId: 0,size=2097152]} | ret=SUCCESS |  
2019-08-21 12:28:09,337 [grpc-default-executor-1] INFO  client.GrpcClientProtocolClient (GrpcClientProtocolClient.java:onNext(255)) - client-C954105195FD->270584e6-a4a8-4db5-8151-214655ce1a56: receive RaftClientReply:client-C954105195FD->270584e6-a4a8-4db5-8151-214655ce1a56@group-787F5BA3AA67, cid=2144, SUCCESS, logIndex=0, commits[270584e6-a4a8-4db5-8151-214655ce1a56:c3154, af078b8b-61ec-497f-9506-472d46a72462:c3149, 09fb9ab4-1b8d-44c0-9f8c-50855c6f1fed:c3151]
2019-08-21 12:28:09,343 | INFO  | DNAudit | user=null | ip=null | op=WRITE_CHUNK {blockData=conID: 1 locID: 102654967106830894 bcsId: 3151} | ret=SUCCESS |  
2019-08-21 12:28:09,345 | INFO  | DNAudit | user=null | ip=null | op=WRITE_CHUNK {blockData=conID: 1 locID: 102654967106830894 bcsId: 3151} | ret=SUCCESS |  
2019-08-21 12:28:09,346 | INFO  | DNAudit | user=null | ip=null | op=WRITE_CHUNK {blockData=conID: 1 locID: 102654967106830894 bcsId: 3151} | ret=SUCCESS |  
2019-08-21 12:28:09,356 | INFO  | DNAudit | user=null | ip=null | op=WRITE_CHUNK {blockData=conID: 1 locID: 102654967106830894 bcsId: 3151} | ret=SUCCESS |  
2019-08-21 12:28:09,356 | INFO  | DNAudit | user=null | ip=null | op=PUT_BLOCK {blockData=[blockId=conID: 1 locID: 102654967106830894 bcsId: 0,size=3145728]} | ret=SUCCESS |  
2019-08-21 12:28:09,356 [grpc-default-executor-4] INFO  client.GrpcClientProtocolClient (GrpcClientProtocolClient.java:onNext(255)) - client-C954105195FD->270584e6-a4a8-4db5-8151-214655ce1a56: receive RaftClientReply:client-C954105195FD->270584e6-a4a8-4db5-8151-214655ce1a56@group-787F5BA3AA67, cid=2145, SUCCESS, logIndex=3155, commits[270584e6-a4a8-4db5-8151-214655ce1a56:c3156, af078b8b-61ec-497f-9506-472d46a72462:c3154, 09fb9ab4-1b8d-44c0-9f8c-50855c6f1fed:c3154]
2019-08-21 12:28:09,356 [grpc-default-executor-4] INFO  client.GrpcClientProtocolClient (GrpcClientProtocolClient.java:onNext(255)) - client-C954105195FD->270584e6-a4a8-4db5-8151-214655ce1a56: receive RaftClientReply:client-C954105195FD->270584e6-a4a8-4db5-8151-214655ce1a56@group-787F5BA3AA67, cid=2146, SUCCESS, logIndex=3156, commits[270584e6-a4a8-4db5-8151-214655ce1a56:c3156, af078b8b-61ec-497f-9506-472d46a72462:c3154, 09fb9ab4-1b8d-44c0-9f8c-50855c6f1fed:c3154]
2019-08-21 12:28:09,363 | INFO  | DNAudit | user=null | ip=null | op=WRITE_CHUNK {blockData=conID: 1 locID: 102654967106830894 bcsId: 3156} | ret=SUCCESS |  
2019-08-21 12:28:09,366 | INFO  | DNAudit | user=null | ip=null | op=WRITE_CHUNK {blockData=conID: 1 locID: 102654967106830894 bcsId: 3156} | ret=SUCCESS |  
2019-08-21 12:28:09,366 | INFO  | DNAudit | user=null | ip=null | op=WRITE_CHUNK {blockData=conID: 1 locID: 102654967106830894 bcsId: 3156} | ret=SUCCESS |  
2019-08-21 12:28:09,367 | INFO  | DNAudit | user=null | ip=null | op=WRITE_CHUNK {blockData=conID: 1 locID: 102654967106830894 bcsId: 3151} | ret=SUCCESS |  
2019-08-21 12:28:09,367 | INFO  | DNAudit | user=null | ip=null | op=WRITE_CHUNK {blockData=conID: 1 locID: 102654967106830894 bcsId: 3151} | ret=SUCCESS |  
2019-08-21 12:28:09,369 | INFO  | DNAudit | user=null | ip=null | op=PUT_BLOCK {blockData=[blockId=conID: 1 locID: 102654967106830894 bcsId: 0,size=3145728]} | ret=SUCCESS |  
2019-08-21 12:28:09,369 | INFO  | DNAudit | user=null | ip=null | op=PUT_BLOCK {blockData=[blockId=conID: 1 locID: 102654967106830894 bcsId: 0,size=3145728]} | ret=SUCCESS |  
2019-08-21 12:28:09,370 | INFO  | DNAudit | user=null | ip=null | op=WRITE_CHUNK {blockData=conID: 1 locID: 102654967106830894 bcsId: 3156} | ret=SUCCESS |  
2019-08-21 12:28:09,370 | INFO  | DNAudit | user=null | ip=null | op=PUT_BLOCK {blockData=[blockId=conID: 1 locID: 102654967106830894 bcsId: 0,size=4194304]} | ret=SUCCESS |  
2019-08-21 12:28:09,370 [grpc-default-executor-4] INFO  client.GrpcClientProtocolClient (GrpcClientProtocolClient.java:onNext(255)) - client-C954105195FD->270584e6-a4a8-4db5-8151-214655ce1a56: receive RaftClientReply:client-C954105195FD->270584e6-a4a8-4db5-8151-214655ce1a56@group-787F5BA3AA67, cid=2147, SUCCESS, logIndex=3159, commits[270584e6-a4a8-4db5-8151-214655ce1a56:c3160, af078b8b-61ec-497f-9506-472d46a72462:c3156, 09fb9ab4-1b8d-44c0-9f8c-50855c6f1fed:c3156]
2019-08-21 12:28:09,371 [grpc-default-executor-4] INFO  client.GrpcClientProtocolClient (GrpcClientProtocolClient.java:onNext(255)) - client-C954105195FD->270584e6-a4a8-4db5-8151-214655ce1a56: receive RaftClientReply:client-C954105195FD->270584e6-a4a8-4db5-8151-214655ce1a56@group-787F5BA3AA67, cid=2148, SUCCESS, logIndex=3160, commits[270584e6-a4a8-4db5-8151-214655ce1a56:c3160, af078b8b-61ec-497f-9506-472d46a72462:c3156, 09fb9ab4-1b8d-44c0-9f8c-50855c6f1fed:c3156]
2019-08-21 12:28:09,381 | INFO  | DNAudit | user=null | ip=null | op=WRITE_CHUNK {blockData=conID: 1 locID: 102654967106830894 bcsId: 3156} | ret=SUCCESS |  
2019-08-21 12:28:09,382 | INFO  | DNAudit | user=null | ip=null | op=WRITE_CHUNK {blockData=conID: 1 locID: 102654967106830894 bcsId: 3156} | ret=SUCCESS |  
2019-08-21 12:28:09,383 | INFO  | DNAudit | user=null | ip=null | op=PUT_BLOCK {blockData=[blockId=conID: 1 locID: 102654967106830894 bcsId: 0,size=4194304]} | ret=SUCCESS |  
2019-08-21 12:28:09,383 | INFO  | DNAudit | user=null | ip=null | op=PUT_BLOCK {blockData=[blockId=conID: 1 locID: 102654967106830894 bcsId: 0,size=4194304]} | ret=SUCCESS |  
2019-08-21 12:28:09,384 [grpc-default-executor-1] INFO  client.GrpcClientProtocolClient (GrpcClientProtocolClient.java:onNext(255)) - client-C954105195FD->270584e6-a4a8-4db5-8151-214655ce1a56: receive RaftClientReply:client-C954105195FD->270584e6-a4a8-4db5-8151-214655ce1a56@group-787F5BA3AA67, cid=2149, SUCCESS, logIndex=0, commits[270584e6-a4a8-4db5-8151-214655ce1a56:c3162, af078b8b-61ec-497f-9506-472d46a72462:c3160, 09fb9ab4-1b8d-44c0-9f8c-50855c6f1fed:c3160]
2019-08-21 12:28:09,389 | INFO  | SCMAudit | user=jenkins1000 | ip=192.168.34.23 | op=ALLOCATE_BLOCK {owner=b79f83c9-5f7d-4caf-af30-78af34bc5eea, size=4194304, type=RATIS, factor=THREE} | ret=SUCCESS |  
2019-08-21 12:28:09,393 | INFO  | OMAudit | user=jenkins1000 | ip=127.0.0.1 | op=ALLOCATE_BLOCK {volume=vol-0-06517, bucket=bucket-0-64549, key=key-0-34512, dataSize=0, replicationType=null, replicationFactor=null, keyLocationInfo=null, clientID=102654965997830546} | ret=SUCCESS |  
2019-08-21 12:28:09,400 | INFO  | DNAudit | user=null | ip=null | op=WRITE_CHUNK {blockData=conID: 2 locID: 102654967112598063 bcsId: 0} | ret=SUCCESS |  
2019-08-21 12:28:09,402 | INFO  | DNAudit | user=null | ip=null | op=WRITE_CHUNK {blockData=conID: 2 locID: 102654967112598063 bcsId: 0} | ret=SUCCESS |  
2019-08-21 12:28:09,403 | INFO  | DNAudit | user=null | ip=null | op=WRITE_CHUNK {blockData=conID: 2 locID: 102654967112598063 bcsId: 0} | ret=SUCCESS |  
2019-08-21 12:28:09,404 | INFO  | DNAudit | user=null | ip=null | op=WRITE_CHUNK {blockData=conID: 2 locID: 102654967112598063 bcsId: 0} | ret=SUCCESS |  
2019-08-21 12:28:09,404 | INFO  | DNAudit | user=null | ip=null | op=WRITE_CHUNK {blockData=conID: 2 locID: 102654967112598063 bcsId: 0} | ret=SUCCESS |  
2019-08-21 12:28:09,406 | INFO  | DNAudit | user=null | ip=null | op=WRITE_CHUNK {blockData=conID: 2 locID: 102654967112598063 bcsId: 0} | ret=SUCCESS |  
2019-08-21 12:28:09,413 | INFO  | DNAudit | user=null | ip=null | op=WRITE_CHUNK {blockData=conID: 2 locID: 102654967112598063 bcsId: 0} | ret=SUCCESS |  
2019-08-21 12:28:09,413 | INFO  | DNAudit | user=null | ip=null | op=PUT_BLOCK {blockData=[blockId=conID: 2 locID: 102654967112598063 bcsId: 0,size=1048576]} | ret=SUCCESS |  
2019-08-21 12:28:09,413 [grpc-default-executor-1] INFO  client.GrpcClientProtocolClient (GrpcClientProtocolClient.java:onNext(255)) - client-C954105195FD->270584e6-a4a8-4db5-8151-214655ce1a56: receive RaftClientReply:client-C954105195FD->270584e6-a4a8-4db5-8151-214655ce1a56@group-787F5BA3AA67, cid=2150, SUCCESS, logIndex=3163, commits[270584e6-a4a8-4db5-8151-214655ce1a56:c3164, af078b8b-61ec-497f-9506-472d46a72462:c3162, 09fb9ab4-1b8d-44c0-9f8c-50855c6f1fed:c3162]
2019-08-21 12:28:09,414 [grpc-default-executor-1] INFO  client.GrpcClientProtocolClient (GrpcClientProtocolClient.java:onNext(255)) - client-C954105195FD->270584e6-a4a8-4db5-8151-214655ce1a56: receive RaftClientReply:client-C954105195FD->270584e6-a4a8-4db5-8151-214655ce1a56@group-787F5BA3AA67, cid=2151, SUCCESS, logIndex=3164, commits[270584e6-a4a8-4db5-8151-214655ce1a56:c3164, af078b8b-61ec-497f-9506-472d46a72462:c3162, 09fb9ab4-1b8d-44c0-9f8c-50855c6f1fed:c3162]
2019-08-21 12:28:09,425 | INFO  | DNAudit | user=null | ip=null | op=WRITE_CHUNK {blockData=conID: 2 locID: 102654967112598063 bcsId: 0} | ret=SUCCESS |  
2019-08-21 12:28:09,425 | INFO  | DNAudit | user=null | ip=null | op=PUT_BLOCK {blockData=[blockId=conID: 2 locID: 102654967112598063 bcsId: 0,size=2097152]} | ret=SUCCESS |  
2019-08-21 12:28:09,426 [grpc-default-executor-1] INFO  client.GrpcClientProtocolClient (GrpcClientProtocolClient.java:onNext(255)) - client-C954105195FD->270584e6-a4a8-4db5-8151-214655ce1a56: receive RaftClientReply:client-C954105195FD->270584e6-a4a8-4db5-8151-214655ce1a56@group-787F5BA3AA67, cid=2152, SUCCESS, logIndex=3165, commits[270584e6-a4a8-4db5-8151-214655ce1a56:c3166, af078b8b-61ec-497f-9506-472d46a72462:c3162, 09fb9ab4-1b8d-44c0-9f8c-50855c6f1fed:c3162]
2019-08-21 12:28:09,426 | INFO  | DNAudit | user=null | ip=null | op=WRITE_CHUNK {blockData=conID: 2 locID: 102654967112598063 bcsId: 0} | ret=SUCCESS |  
2019-08-21 12:28:09,426 [grpc-default-executor-1] INFO  client.GrpcClientProtocolClient (GrpcClientProtocolClient.java:onNext(255)) - client-C954105195FD->270584e6-a4a8-4db5-8151-214655ce1a56: receive RaftClientReply:client-C954105195FD->270584e6-a4a8-4db5-8151-214655ce1a56@group-787F5BA3AA67, cid=2153, SUCCESS, logIndex=3166, commits[270584e6-a4a8-4db5-8151-214655ce1a56:c3166, af078b8b-61ec-497f-9506-472d46a72462:c3162, 09fb9ab4-1b8d-44c0-9f8c-50855c6f1fed:c3162]
2019-08-21 12:28:09,426 | INFO  | DNAudit | user=null | ip=null | op=PUT_BLOCK {blockData=[blockId=conID: 2 locID: 102654967112598063 bcsId: 0,size=1048576]} | ret=SUCCESS |  
2019-08-21 12:28:09,427 | INFO  | DNAudit | user=null | ip=null | op=WRITE_CHUNK {blockData=conID: 2 locID: 102654967112598063 bcsId: 0} | ret=SUCCESS |  
2019-08-21 12:28:09,427 | INFO  | DNAudit | user=null | ip=null | op=PUT_BLOCK {blockData=[blockId=conID: 2 locID: 102654967112598063 bcsId: 0,size=1048576]} | ret=SUCCESS |  
2019-08-21 12:28:09,427 [grpc-default-executor-5] INFO  client.GrpcClientProtocolClient (GrpcClientProtocolClient.java:onNext(255)) - client-C954105195FD->270584e6-a4a8-4db5-8151-214655ce1a56: receive RaftClientReply:client-C954105195FD->270584e6-a4a8-4db5-8151-214655ce1a56@group-787F5BA3AA67, cid=2154, SUCCESS, logIndex=0, commits[270584e6-a4a8-4db5-8151-214655ce1a56:c3168, af078b8b-61ec-497f-9506-472d46a72462:c3164, 09fb9ab4-1b8d-44c0-9f8c-50855c6f1fed:c3164]
2019-08-21 12:28:09,435 | INFO  | DNAudit | user=null | ip=null | op=WRITE_CHUNK {blockData=conID: 2 locID: 102654967112598063 bcsId: 3166} | ret=SUCCESS |  
2019-08-21 12:28:09,438 | INFO  | DNAudit | user=null | ip=null | op=WRITE_CHUNK {blockData=conID: 2 locID: 102654967112598063 bcsId: 3166} | ret=SUCCESS |  
2019-08-21 12:28:09,438 | INFO  | DNAudit | user=null | ip=null | op=WRITE_CHUNK {blockData=conID: 2 locID: 102654967112598063 bcsId: 3166} | ret=SUCCESS |  
2019-08-21 12:28:09,438 | INFO  | DNAudit | user=null | ip=null | op=WRITE_CHUNK {blockData=conID: 2 locID: 102654967112598063 bcsId: 0} | ret=SUCCESS |  
2019-08-21 12:28:09,439 | INFO  | DNAudit | user=null | ip=null | op=PUT_BLOCK {blockData=[blockId=conID: 2 locID: 102654967112598063 bcsId: 0,size=2097152]} | ret=SUCCESS |  
2019-08-21 12:28:09,439 | INFO  | DNAudit | user=null | ip=null | op=WRITE_CHUNK {blockData=conID: 2 locID: 102654967112598063 bcsId: 0} | ret=SUCCESS |  
2019-08-21 12:28:09,440 | INFO  | DNAudit | user=null | ip=null | op=PUT_BLOCK {blockData=[blockId=conID: 2 locID: 102654967112598063 bcsId: 0,size=2097152]} | ret=SUCCESS |  
2019-08-21 12:28:09,452 | INFO  | DNAudit | user=null | ip=null | op=WRITE_CHUNK {blockData=conID: 2 locID: 102654967112598063 bcsId: 3166} | ret=SUCCESS |  
2019-08-21 12:28:09,452 | INFO  | DNAudit | user=null | ip=null | op=PUT_BLOCK {blockData=[blockId=conID: 2 locID: 102654967112598063 bcsId: 0,size=3145728]} | ret=SUCCESS |  
2019-08-21 12:28:09,452 [grpc-default-executor-4] INFO  client.GrpcClientProtocolClient (GrpcClientProtocolClient.java:onNext(255)) - client-C954105195FD->270584e6-a4a8-4db5-8151-214655ce1a56: receive RaftClientReply:client-C954105195FD->270584e6-a4a8-4db5-8151-214655ce1a56@group-787F5BA3AA67, cid=2155, SUCCESS, logIndex=3171, commits[270584e6-a4a8-4db5-8151-214655ce1a56:c3172, af078b8b-61ec-497f-9506-472d46a72462:c3168, 09fb9ab4-1b8d-44c0-9f8c-50855c6f1fed:c3168]
2019-08-21 12:28:09,453 [grpc-default-executor-4] INFO  client.GrpcClientProtocolClient (GrpcClientProtocolClient.java:onNext(255)) - client-C954105195FD->270584e6-a4a8-4db5-8151-214655ce1a56: receive RaftClientReply:client-C954105195FD->270584e6-a4a8-4db5-8151-214655ce1a56@group-787F5BA3AA67, cid=2156, SUCCESS, logIndex=3172, commits[270584e6-a4a8-4db5-8151-214655ce1a56:c3172, af078b8b-61ec-497f-9506-472d46a72462:c3168, 09fb9ab4-1b8d-44c0-9f8c-50855c6f1fed:c3168]
2019-08-21 12:28:09,460 | INFO  | DNAudit | user=null | ip=null | op=WRITE_CHUNK {blockData=conID: 2 locID: 102654967112598063 bcsId: 3172} | ret=SUCCESS |  
2019-08-21 12:28:09,463 | INFO  | DNAudit | user=null | ip=null | op=WRITE_CHUNK {blockData=conID: 2 locID: 102654967112598063 bcsId: 3172} | ret=SUCCESS |  
2019-08-21 12:28:09,463 | INFO  | DNAudit | user=null | ip=null | op=WRITE_CHUNK {blockData=conID: 2 locID: 102654967112598063 bcsId: 3172} | ret=SUCCESS |  
2019-08-21 12:28:09,463 | INFO  | DNAudit | user=null | ip=null | op=WRITE_CHUNK {blockData=conID: 2 locID: 102654967112598063 bcsId: 3166} | ret=SUCCESS |  
2019-08-21 12:28:09,463 | INFO  | DNAudit | user=null | ip=null | op=WRITE_CHUNK {blockData=conID: 2 locID: 102654967112598063 bcsId: 3166} | ret=SUCCESS |  
2019-08-21 12:28:09,464 | INFO  | DNAudit | user=null | ip=null | op=PUT_BLOCK {blockData=[blockId=conID: 2 locID: 102654967112598063 bcsId: 0,size=3145728]} | ret=SUCCESS |  
2019-08-21 12:28:09,464 | INFO  | DNAudit | user=null | ip=null | op=PUT_BLOCK {blockData=[blockId=conID: 2 locID: 102654967112598063 bcsId: 0,size=3145728]} | ret=SUCCESS |  
2019-08-21 12:28:09,465 | INFO  | DNAudit | user=null | ip=null | op=WRITE_CHUNK {blockData=conID: 2 locID: 102654967112598063 bcsId: 3172} | ret=SUCCESS |  
2019-08-21 12:28:09,465 | INFO  | DNAudit | user=null | ip=null | op=PUT_BLOCK {blockData=[blockId=conID: 2 locID: 102654967112598063 bcsId: 0,size=4194304]} | ret=SUCCESS |  
2019-08-21 12:28:09,466 [grpc-default-executor-4] INFO  client.GrpcClientProtocolClient (GrpcClientProtocolClient.java:onNext(255)) - client-C954105195FD->270584e6-a4a8-4db5-8151-214655ce1a56: receive RaftClientReply:client-C954105195FD->270584e6-a4a8-4db5-8151-214655ce1a56@group-787F5BA3AA67, cid=2157, SUCCESS, logIndex=3174, commits[270584e6-a4a8-4db5-8151-214655ce1a56:c3175, af078b8b-61ec-497f-9506-472d46a72462:c3172, 09fb9ab4-1b8d-44c0-9f8c-50855c6f1fed:c3172]
2019-08-21 12:28:09,466 [grpc-default-executor-4] INFO  client.GrpcClientProtocolClient (GrpcClientProtocolClient.java:onNext(255)) - client-C954105195FD->270584e6-a4a8-4db5-8151-214655ce1a56: receive RaftClientReply:client-C954105195FD->270584e6-a4a8-4db5-8151-214655ce1a56@group-787F5BA3AA67, cid=2158, SUCCESS, logIndex=3175, commits[270584e6-a4a8-4db5-8151-214655ce1a56:c3175, af078b8b-61ec-497f-9506-472d46a72462:c3172, 09fb9ab4-1b8d-44c0-9f8c-50855c6f1fed:c3172]
2019-08-21 12:28:09,467 | INFO  | DNAudit | user=null | ip=null | op=WRITE_CHUNK {blockData=conID: 2 locID: 102654967112598063 bcsId: 3172} | ret=SUCCESS |  
2019-08-21 12:28:09,467 | INFO  | DNAudit | user=null | ip=null | op=WRITE_CHUNK {blockData=conID: 2 locID: 102654967112598063 bcsId: 3172} | ret=SUCCESS |  
2019-08-21 12:28:09,467 | INFO  | DNAudit | user=null | ip=null | op=PUT_BLOCK {blockData=[blockId=conID: 2 locID: 102654967112598063 bcsId: 0,size=4194304]} | ret=SUCCESS |  
2019-08-21 12:28:09,470 | INFO  | DNAudit | user=null | ip=null | op=PUT_BLOCK {blockData=[blockId=conID: 2 locID: 102654967112598063 bcsId: 0,size=4194304]} | ret=SUCCESS |  
2019-08-21 12:28:09,471 [grpc-default-executor-4] INFO  client.GrpcClientProtocolClient (GrpcClientProtocolClient.java:onNext(255)) - client-C954105195FD->270584e6-a4a8-4db5-8151-214655ce1a56: receive RaftClientReply:client-C954105195FD->270584e6-a4a8-4db5-8151-214655ce1a56@group-787F5BA3AA67, cid=2159, SUCCESS, logIndex=0, commits[270584e6-a4a8-4db5-8151-214655ce1a56:c3177, af078b8b-61ec-497f-9506-472d46a72462:c3175, 09fb9ab4-1b8d-44c0-9f8c-50855c6f1fed:c3175]
2019-08-21 12:28:09,477 | INFO  | SCMAudit | user=jenkins1000 | ip=192.168.34.23 | op=ALLOCATE_BLOCK {owner=b79f83c9-5f7d-4caf-af30-78af34bc5eea, size=4194304, type=RATIS, factor=THREE} | ret=SUCCESS |  
2019-08-21 12:28:09,481 | INFO  | OMAudit | user=jenkins1000 | ip=127.0.0.1 | op=ALLOCATE_BLOCK {volume=vol-0-06517, bucket=bucket-0-64549, key=key-0-34512, dataSize=0, replicationType=null, replicationFactor=null, keyLocationInfo=null, clientID=102654965997830546} | ret=SUCCESS |  
2019-08-21 12:28:09,619 | INFO  | DNAudit | user=null | ip=null | op=WRITE_CHUNK {blockData=conID: 3 locID: 102654967118365232 bcsId: 0} | ret=SUCCESS |  
2019-08-21 12:28:09,621 | INFO  | DNAudit | user=null | ip=null | op=WRITE_CHUNK {blockData=conID: 3 locID: 102654967118365232 bcsId: 0} | ret=SUCCESS |  
2019-08-21 12:28:09,623 | INFO  | DNAudit | user=null | ip=null | op=WRITE_CHUNK {blockData=conID: 3 locID: 102654967118365232 bcsId: 0} | ret=SUCCESS |  
2019-08-21 12:28:09,624 | INFO  | DNAudit | user=null | ip=null | op=WRITE_CHUNK {blockData=conID: 3 locID: 102654967118365232 bcsId: 0} | ret=SUCCESS |  
2019-08-21 12:28:09,624 | INFO  | DNAudit | user=null | ip=null | op=WRITE_CHUNK {blockData=conID: 3 locID: 102654967118365232 bcsId: 0} | ret=SUCCESS |  
2019-08-21 12:28:09,624 | INFO  | DNAudit | user=null | ip=null | op=WRITE_CHUNK {blockData=conID: 3 locID: 102654967118365232 bcsId: 0} | ret=SUCCESS |  
2019-08-21 12:28:09,634 | INFO  | DNAudit | user=null | ip=null | op=WRITE_CHUNK {blockData=conID: 3 locID: 102654967118365232 bcsId: 0} | ret=SUCCESS |  
2019-08-21 12:28:09,635 | INFO  | DNAudit | user=null | ip=null | op=PUT_BLOCK {blockData=[blockId=conID: 3 locID: 102654967118365232 bcsId: 0,size=1048576]} | ret=SUCCESS |  
2019-08-21 12:28:09,635 [grpc-default-executor-5] INFO  client.GrpcClientProtocolClient (GrpcClientProtocolClient.java:onNext(255)) - client-C954105195FD->270584e6-a4a8-4db5-8151-214655ce1a56: receive RaftClientReply:client-C954105195FD->270584e6-a4a8-4db5-8151-214655ce1a56@group-787F5BA3AA67, cid=2160, SUCCESS, logIndex=3178, commits[270584e6-a4a8-4db5-8151-214655ce1a56:c3181, af078b8b-61ec-497f-9506-472d46a72462:c3177, 09fb9ab4-1b8d-44c0-9f8c-50855c6f1fed:c3177]
2019-08-21 12:28:09,635 | INFO  | DNAudit | user=null | ip=null | op=WRITE_CHUNK {blockData=conID: 3 locID: 102654967118365232 bcsId: 0} | ret=SUCCESS |  
2019-08-21 12:28:09,636 [grpc-default-executor-5] INFO  client.GrpcClientProtocolClient (GrpcClientProtocolClient.java:onNext(255)) - client-C954105195FD->270584e6-a4a8-4db5-8151-214655ce1a56: receive RaftClientReply:client-C954105195FD->270584e6-a4a8-4db5-8151-214655ce1a56@group-787F5BA3AA67, cid=2161, SUCCESS, logIndex=3179, commits[270584e6-a4a8-4db5-8151-214655ce1a56:c3181, af078b8b-61ec-497f-9506-472d46a72462:c3177, 09fb9ab4-1b8d-44c0-9f8c-50855c6f1fed:c3177]
2019-08-21 12:28:09,636 | INFO  | DNAudit | user=null | ip=null | op=PUT_BLOCK {blockData=[blockId=conID: 3 locID: 102654967118365232 bcsId: 0,size=2097152]} | ret=SUCCESS |  
2019-08-21 12:28:09,636 [grpc-default-executor-5] INFO  client.GrpcClientProtocolClient (GrpcClientProtocolClient.java:onNext(255)) - client-C954105195FD->270584e6-a4a8-4db5-8151-214655ce1a56: receive RaftClientReply:client-C954105195FD->270584e6-a4a8-4db5-8151-214655ce1a56@group-787F5BA3AA67, cid=2162, SUCCESS, logIndex=3180, commits[270584e6-a4a8-4db5-8151-214655ce1a56:c3181, af078b8b-61ec-497f-9506-472d46a72462:c3177, 09fb9ab4-1b8d-44c0-9f8c-50855c6f1fed:c3177]
2019-08-21 12:28:09,636 [grpc-default-executor-5] INFO  client.GrpcClientProtocolClient (GrpcClientProtocolClient.java:onNext(255)) - client-C954105195FD->270584e6-a4a8-4db5-8151-214655ce1a56: receive RaftClientReply:client-C954105195FD->270584e6-a4a8-4db5-8151-214655ce1a56@group-787F5BA3AA67, cid=2163, SUCCESS, logIndex=3181, commits[270584e6-a4a8-4db5-8151-214655ce1a56:c3181, af078b8b-61ec-497f-9506-472d46a72462:c3177, 09fb9ab4-1b8d-44c0-9f8c-50855c6f1fed:c3177]
2019-08-21 12:28:09,645 | INFO  | DNAudit | user=null | ip=null | op=WRITE_CHUNK {blockData=conID: 3 locID: 102654967118365232 bcsId: 0} | ret=SUCCESS |  
2019-08-21 12:28:09,645 | INFO  | DNAudit | user=null | ip=null | op=WRITE_CHUNK {blockData=conID: 3 locID: 102654967118365232 bcsId: 0} | ret=SUCCESS |  
2019-08-21 12:28:09,645 | INFO  | DNAudit | user=null | ip=null | op=PUT_BLOCK {blockData=[blockId=conID: 3 locID: 102654967118365232 bcsId: 0,size=1048576]} | ret=SUCCESS |  
2019-08-21 12:28:09,648 | INFO  | DNAudit | user=null | ip=null | op=PUT_BLOCK {blockData=[blockId=conID: 3 locID: 102654967118365232 bcsId: 0,size=1048576]} | ret=SUCCESS |  
2019-08-21 12:28:09,648 | INFO  | DNAudit | user=null | ip=null | op=WRITE_CHUNK {blockData=conID: 3 locID: 102654967118365232 bcsId: 0} | ret=SUCCESS |  
2019-08-21 12:28:09,649 | INFO  | DNAudit | user=null | ip=null | op=WRITE_CHUNK {blockData=conID: 3 locID: 102654967118365232 bcsId: 0} | ret=SUCCESS |  
2019-08-21 12:28:09,649 | INFO  | DNAudit | user=null | ip=null | op=PUT_BLOCK {blockData=[blockId=conID: 3 locID: 102654967118365232 bcsId: 0,size=2097152]} | ret=SUCCESS |  
2019-08-21 12:28:09,649 | INFO  | DNAudit | user=null | ip=null | op=PUT_BLOCK {blockData=[blockId=conID: 3 locID: 102654967118365232 bcsId: 0,size=2097152]} | ret=SUCCESS |  
2019-08-21 12:28:09,649 [grpc-default-executor-5] INFO  client.GrpcClientProtocolClient (GrpcClientProtocolClient.java:onNext(255)) - client-C954105195FD->270584e6-a4a8-4db5-8151-214655ce1a56: receive RaftClientReply:client-C954105195FD->270584e6-a4a8-4db5-8151-214655ce1a56@group-787F5BA3AA67, cid=2164, SUCCESS, logIndex=0, commits[270584e6-a4a8-4db5-8151-214655ce1a56:c3182, af078b8b-61ec-497f-9506-472d46a72462:c3179, 09fb9ab4-1b8d-44c0-9f8c-50855c6f1fed:c3181]
2019-08-21 12:28:09,657 | INFO  | DNAudit | user=null | ip=null | op=WRITE_CHUNK {blockData=conID: 3 locID: 102654967118365232 bcsId: 3181} | ret=SUCCESS |  
2019-08-21 12:28:09,660 | INFO  | DNAudit | user=null | ip=null | op=WRITE_CHUNK {blockData=conID: 3 locID: 102654967118365232 bcsId: 3181} | ret=SUCCESS |  
2019-08-21 12:28:09,660 | INFO  | DNAudit | user=null | ip=null | op=WRITE_CHUNK {blockData=conID: 3 locID: 102654967118365232 bcsId: 3181} | ret=SUCCESS |  
2019-08-21 12:28:09,670 | INFO  | DNAudit | user=null | ip=null | op=WRITE_CHUNK {blockData=conID: 3 locID: 102654967118365232 bcsId: 3181} | ret=SUCCESS |  
2019-08-21 12:28:09,670 | INFO  | DNAudit | user=null | ip=null | op=PUT_BLOCK {blockData=[blockId=conID: 3 locID: 102654967118365232 bcsId: 0,size=3145728]} | ret=SUCCESS |  
2019-08-21 12:28:09,670 [grpc-default-executor-4] INFO  client.GrpcClientProtocolClient (GrpcClientProtocolClient.java:onNext(255)) - client-C954105195FD->270584e6-a4a8-4db5-8151-214655ce1a56: receive RaftClientReply:client-C954105195FD->270584e6-a4a8-4db5-8151-214655ce1a56@group-787F5BA3AA67, cid=2165, SUCCESS, logIndex=3186, commits[270584e6-a4a8-4db5-8151-214655ce1a56:c3187, af078b8b-61ec-497f-9506-472d46a72462:c3185, 09fb9ab4-1b8d-44c0-9f8c-50855c6f1fed:c3185]
2019-08-21 12:28:09,671 [grpc-default-executor-4] INFO  client.GrpcClientProtocolClient (GrpcClientProtocolClient.java:onNext(255)) - client-C954105195FD->270584e6-a4a8-4db5-8151-214655ce1a56: receive RaftClientReply:client-C954105195FD->270584e6-a4a8-4db5-8151-214655ce1a56@group-787F5BA3AA67, cid=2166, SUCCESS, logIndex=3187, commits[270584e6-a4a8-4db5-8151-214655ce1a56:c3187, af078b8b-61ec-497f-9506-472d46a72462:c3185, 09fb9ab4-1b8d-44c0-9f8c-50855c6f1fed:c3185]
2019-08-21 12:28:09,672 | INFO  | DNAudit | user=null | ip=null | op=WRITE_CHUNK {blockData=conID: 3 locID: 102654967118365232 bcsId: 3181} | ret=SUCCESS |  
2019-08-21 12:28:09,672 | INFO  | DNAudit | user=null | ip=null | op=WRITE_CHUNK {blockData=conID: 3 locID: 102654967118365232 bcsId: 3181} | ret=SUCCESS |  
2019-08-21 12:28:09,674 | INFO  | DNAudit | user=null | ip=null | op=PUT_BLOCK {blockData=[blockId=conID: 3 locID: 102654967118365232 bcsId: 0,size=3145728]} | ret=SUCCESS |  
2019-08-21 12:28:09,675 | INFO  | DNAudit | user=null | ip=null | op=PUT_BLOCK {blockData=[blockId=conID: 3 locID: 102654967118365232 bcsId: 0,size=3145728]} | ret=SUCCESS |  
2019-08-21 12:28:09,679 | INFO  | DNAudit | user=null | ip=null | op=WRITE_CHUNK {blockData=conID: 3 locID: 102654967118365232 bcsId: 3187} | ret=SUCCESS |  
2019-08-21 12:28:09,682 | INFO  | DNAudit | user=null | ip=null | op=WRITE_CHUNK {blockData=conID: 3 locID: 102654967118365232 bcsId: 3187} | ret=SUCCESS |  
2019-08-21 12:28:09,682 | INFO  | DNAudit | user=null | ip=null | op=WRITE_CHUNK {blockData=conID: 3 locID: 102654967118365232 bcsId: 3187} | ret=SUCCESS |  
2019-08-21 12:28:09,685 | INFO  | DNAudit | user=null | ip=null | op=WRITE_CHUNK {blockData=conID: 3 locID: 102654967118365232 bcsId: 3187} | ret=SUCCESS |  
2019-08-21 12:28:09,685 | INFO  | DNAudit | user=null | ip=null | op=PUT_BLOCK {blockData=[blockId=conID: 3 locID: 102654967118365232 bcsId: 0,size=4194304]} | ret=SUCCESS |  
2019-08-21 12:28:09,685 [grpc-default-executor-4] INFO  client.GrpcClientProtocolClient (GrpcClientProtocolClient.java:onNext(255)) - client-C954105195FD->270584e6-a4a8-4db5-8151-214655ce1a56: receive RaftClientReply:client-C954105195FD->270584e6-a4a8-4db5-8151-214655ce1a56@group-787F5BA3AA67, cid=2167, SUCCESS, logIndex=3190, commits[270584e6-a4a8-4db5-8151-214655ce1a56:c3191, af078b8b-61ec-497f-9506-472d46a72462:c3189, 09fb9ab4-1b8d-44c0-9f8c-50855c6f1fed:c3189]
2019-08-21 12:28:09,686 [grpc-default-executor-4] INFO  client.GrpcClientProtocolClient (GrpcClientProtocolClient.java:onNext(255)) - client-C954105195FD->270584e6-a4a8-4db5-8151-214655ce1a56: receive RaftClientReply:client-C954105195FD->270584e6-a4a8-4db5-8151-214655ce1a56@group-787F5BA3AA67, cid=2168, SUCCESS, logIndex=3191, commits[270584e6-a4a8-4db5-8151-214655ce1a56:c3191, af078b8b-61ec-497f-9506-472d46a72462:c3189, 09fb9ab4-1b8d-44c0-9f8c-50855c6f1fed:c3189]
2019-08-21 12:28:09,687 | INFO  | DNAudit | user=null | ip=null | op=WRITE_CHUNK {blockData=conID: 3 locID: 102654967118365232 bcsId: 3187} | ret=SUCCESS |  
2019-08-21 12:28:09,687 | INFO  | DNAudit | user=null | ip=null | op=WRITE_CHUNK {blockData=conID: 3 locID: 102654967118365232 bcsId: 3187} | ret=SUCCESS |  
2019-08-21 12:28:09,688 | INFO  | DNAudit | user=null | ip=null | op=PUT_BLOCK {blockData=[blockId=conID: 3 locID: 102654967118365232 bcsId: 0,size=4194304]} | ret=SUCCESS |  
2019-08-21 12:28:09,688 | INFO  | DNAudit | user=null | ip=null | op=PUT_BLOCK {blockData=[blockId=conID: 3 locID: 102654967118365232 bcsId: 0,size=4194304]} | ret=SUCCESS |  
2019-08-21 12:28:09,688 [grpc-default-executor-4] INFO  client.GrpcClientProtocolClient (GrpcClientProtocolClient.java:onNext(255)) - client-C954105195FD->270584e6-a4a8-4db5-8151-214655ce1a56: receive RaftClientReply:client-C954105195FD->270584e6-a4a8-4db5-8151-214655ce1a56@group-787F5BA3AA67, cid=2169, SUCCESS, logIndex=0, commits[270584e6-a4a8-4db5-8151-214655ce1a56:c3192, af078b8b-61ec-497f-9506-472d46a72462:c3191, 09fb9ab4-1b8d-44c0-9f8c-50855c6f1fed:c3191]
2019-08-21 12:28:09,694 | INFO  | SCMAudit | user=jenkins1000 | ip=192.168.34.23 | op=ALLOCATE_BLOCK {owner=b79f83c9-5f7d-4caf-af30-78af34bc5eea, size=4194304, type=RATIS, factor=THREE} | ret=SUCCESS |  
2019-08-21 12:28:09,697 | INFO  | OMAudit | user=jenkins1000 | ip=127.0.0.1 | op=ALLOCATE_BLOCK {volume=vol-0-06517, bucket=bucket-0-64549, key=key-0-34512, dataSize=0, replicationType=null, replicationFactor=null, keyLocationInfo=null, clientID=102654965997830546} | ret=SUCCESS |  
2019-08-21 12:28:09,706 | INFO  | DNAudit | user=null | ip=null | op=WRITE_CHUNK {blockData=conID: 1 locID: 102654967132586545 bcsId: 0} | ret=SUCCESS |  
2019-08-21 12:28:09,709 | INFO  | DNAudit | user=null | ip=null | op=WRITE_CHUNK {blockData=conID: 1 locID: 102654967132586545 bcsId: 0} | ret=SUCCESS |  
2019-08-21 12:28:09,710 | INFO  | DNAudit | user=null | ip=null | op=WRITE_CHUNK {blockData=conID: 1 locID: 102654967132586545 bcsId: 0} | ret=SUCCESS |  
2019-08-21 12:28:09,710 | INFO  | DNAudit | user=null | ip=null | op=WRITE_CHUNK {blockData=conID: 1 locID: 102654967132586545 bcsId: 0} | ret=SUCCESS |  
2019-08-21 12:28:09,712 | INFO  | DNAudit | user=null | ip=null | op=WRITE_CHUNK {blockData=conID: 1 locID: 102654967132586545 bcsId: 0} | ret=SUCCESS |  
2019-08-21 12:28:09,712 | INFO  | DNAudit | user=null | ip=null | op=WRITE_CHUNK {blockData=conID: 1 locID: 102654967132586545 bcsId: 0} | ret=SUCCESS |  
2019-08-21 12:28:09,712 | INFO  | DNAudit | user=null | ip=null | op=PUT_BLOCK {blockData=[blockId=conID: 1 locID: 102654967132586545 bcsId: 0,size=1048576]} | ret=SUCCESS |  
2019-08-21 12:28:09,713 | INFO  | DNAudit | user=null | ip=null | op=WRITE_CHUNK {blockData=conID: 1 locID: 102654967132586545 bcsId: 0} | ret=SUCCESS |  
2019-08-21 12:28:09,712 [grpc-default-executor-4] INFO  client.GrpcClientProtocolClient (GrpcClientProtocolClient.java:onNext(255)) - client-C954105195FD->270584e6-a4a8-4db5-8151-214655ce1a56: receive RaftClientReply:client-C954105195FD->270584e6-a4a8-4db5-8151-214655ce1a56@group-787F5BA3AA67, cid=2170, SUCCESS, logIndex=3194, commits[270584e6-a4a8-4db5-8151-214655ce1a56:c3195, af078b8b-61ec-497f-9506-472d46a72462:c3193, 09fb9ab4-1b8d-44c0-9f8c-50855c6f1fed:c3193]
2019-08-21 12:28:09,713 [grpc-default-executor-4] INFO  client.GrpcClientProtocolClient (GrpcClientProtocolClient.java:onNext(255)) - client-C954105195FD->270584e6-a4a8-4db5-8151-214655ce1a56: receive RaftClientReply:client-C954105195FD->270584e6-a4a8-4db5-8151-214655ce1a56@group-787F5BA3AA67, cid=2171, SUCCESS, logIndex=3195, commits[270584e6-a4a8-4db5-8151-214655ce1a56:c3195, af078b8b-61ec-497f-9506-472d46a72462:c3193, 09fb9ab4-1b8d-44c0-9f8c-50855c6f1fed:c3193]
2019-08-21 12:28:09,714 | INFO  | DNAudit | user=null | ip=null | op=WRITE_CHUNK {blockData=conID: 1 locID: 102654967132586545 bcsId: 0} | ret=SUCCESS |  
2019-08-21 12:28:09,714 | INFO  | DNAudit | user=null | ip=null | op=WRITE_CHUNK {blockData=conID: 1 locID: 102654967132586545 bcsId: 0} | ret=SUCCESS |  
2019-08-21 12:28:09,714 | INFO  | DNAudit | user=null | ip=null | op=PUT_BLOCK {blockData=[blockId=conID: 1 locID: 102654967132586545 bcsId: 0,size=2097152]} | ret=SUCCESS |  
2019-08-21 12:28:09,714 | INFO  | DNAudit | user=null | ip=null | op=PUT_BLOCK {blockData=[blockId=conID: 1 locID: 102654967132586545 bcsId: 0,size=1048576]} | ret=SUCCESS |  
2019-08-21 12:28:09,714 [grpc-default-executor-4] INFO  client.GrpcClientProtocolClient (GrpcClientProtocolClient.java:onNext(255)) - client-C954105195FD->270584e6-a4a8-4db5-8151-214655ce1a56: receive RaftClientReply:client-C954105195FD->270584e6-a4a8-4db5-8151-214655ce1a56@group-787F5BA3AA67, cid=2172, SUCCESS, logIndex=3196, commits[270584e6-a4a8-4db5-8151-214655ce1a56:c3197, af078b8b-61ec-497f-9506-472d46a72462:c3193, 09fb9ab4-1b8d-44c0-9f8c-50855c6f1fed:c3193]
2019-08-21 12:28:09,715 [grpc-default-executor-4] INFO  client.GrpcClientProtocolClient (GrpcClientProtocolClient.java:onNext(255)) - client-C954105195FD->270584e6-a4a8-4db5-8151-214655ce1a56: receive RaftClientReply:client-C954105195FD->270584e6-a4a8-4db5-8151-214655ce1a56@group-787F5BA3AA67, cid=2173, SUCCESS, logIndex=3197, commits[270584e6-a4a8-4db5-8151-214655ce1a56:c3199, af078b8b-61ec-497f-9506-472d46a72462:c3195, 09fb9ab4-1b8d-44c0-9f8c-50855c6f1fed:c3193]
2019-08-21 12:28:09,716 | INFO  | DNAudit | user=null | ip=null | op=WRITE_CHUNK {blockData=conID: 1 locID: 102654967132586545 bcsId: 0} | ret=SUCCESS |  
2019-08-21 12:28:09,716 | INFO  | DNAudit | user=null | ip=null | op=PUT_BLOCK {blockData=[blockId=conID: 1 locID: 102654967132586545 bcsId: 0,size=1048576]} | ret=SUCCESS |  
2019-08-21 12:28:09,716 [grpc-default-executor-4] INFO  client.GrpcClientProtocolClient (GrpcClientProtocolClient.java:onNext(255)) - client-C954105195FD->270584e6-a4a8-4db5-8151-214655ce1a56: receive RaftClientReply:client-C954105195FD->270584e6-a4a8-4db5-8151-214655ce1a56@group-787F5BA3AA67, cid=2174, SUCCESS, logIndex=0, commits[270584e6-a4a8-4db5-8151-214655ce1a56:c3199, af078b8b-61ec-497f-9506-472d46a72462:c3195, 09fb9ab4-1b8d-44c0-9f8c-50855c6f1fed:c3195]
2019-08-21 12:28:09,717 | INFO  | DNAudit | user=null | ip=null | op=WRITE_CHUNK {blockData=conID: 1 locID: 102654967132586545 bcsId: 0} | ret=SUCCESS |  
2019-08-21 12:28:09,718 | INFO  | DNAudit | user=null | ip=null | op=WRITE_CHUNK {blockData=conID: 1 locID: 102654967132586545 bcsId: 0} | ret=SUCCESS |  
2019-08-21 12:28:09,718 | INFO  | DNAudit | user=null | ip=null | op=PUT_BLOCK {blockData=[blockId=conID: 1 locID: 102654967132586545 bcsId: 0,size=2097152]} | ret=SUCCESS |  
2019-08-21 12:28:09,719 | INFO  | DNAudit | user=null | ip=null | op=PUT_BLOCK {blockData=[blockId=conID: 1 locID: 102654967132586545 bcsId: 0,size=2097152]} | ret=SUCCESS |  
2019-08-21 12:28:09,724 | INFO  | DNAudit | user=null | ip=null | op=WRITE_CHUNK {blockData=conID: 1 locID: 102654967132586545 bcsId: 3197} | ret=SUCCESS |  
2019-08-21 12:28:09,726 | INFO  | DNAudit | user=null | ip=null | op=WRITE_CHUNK {blockData=conID: 1 locID: 102654967132586545 bcsId: 3197} | ret=SUCCESS |  
2019-08-21 12:28:09,727 | INFO  | DNAudit | user=null | ip=null | op=WRITE_CHUNK {blockData=conID: 1 locID: 102654967132586545 bcsId: 3197} | ret=SUCCESS |  
2019-08-21 12:28:09,729 | INFO  | DNAudit | user=null | ip=null | op=WRITE_CHUNK {blockData=conID: 1 locID: 102654967132586545 bcsId: 3197} | ret=SUCCESS |  
2019-08-21 12:28:09,729 | INFO  | DNAudit | user=null | ip=null | op=PUT_BLOCK {blockData=[blockId=conID: 1 locID: 102654967132586545 bcsId: 0,size=3145728]} | ret=SUCCESS |  
2019-08-21 12:28:09,730 [grpc-default-executor-1] INFO  client.GrpcClientProtocolClient (GrpcClientProtocolClient.java:onNext(255)) - client-C954105195FD->270584e6-a4a8-4db5-8151-214655ce1a56: receive RaftClientReply:client-C954105195FD->270584e6-a4a8-4db5-8151-214655ce1a56@group-787F5BA3AA67, cid=2175, SUCCESS, logIndex=3202, commits[270584e6-a4a8-4db5-8151-214655ce1a56:c3203, af078b8b-61ec-497f-9506-472d46a72462:c3201, 09fb9ab4-1b8d-44c0-9f8c-50855c6f1fed:c3201]
2019-08-21 12:28:09,730 [grpc-default-executor-1] INFO  client.GrpcClientProtocolClient (GrpcClientProtocolClient.java:onNext(255)) - client-C954105195FD->270584e6-a4a8-4db5-8151-214655ce1a56: receive RaftClientReply:client-C954105195FD->270584e6-a4a8-4db5-8151-214655ce1a56@group-787F5BA3AA67, cid=2176, SUCCESS, logIndex=3203, commits[270584e6-a4a8-4db5-8151-214655ce1a56:c3203, af078b8b-61ec-497f-9506-472d46a72462:c3201, 09fb9ab4-1b8d-44c0-9f8c-50855c6f1fed:c3201]
2019-08-21 12:28:09,730 | INFO  | DNAudit | user=null | ip=null | op=WRITE_CHUNK {blockData=conID: 1 locID: 102654967132586545 bcsId: 3197} | ret=SUCCESS |  
2019-08-21 12:28:09,731 | INFO  | DNAudit | user=null | ip=null | op=WRITE_CHUNK {blockData=conID: 1 locID: 102654967132586545 bcsId: 3197} | ret=SUCCESS |  
2019-08-21 12:28:09,731 | INFO  | DNAudit | user=null | ip=null | op=PUT_BLOCK {blockData=[blockId=conID: 1 locID: 102654967132586545 bcsId: 0,size=3145728]} | ret=SUCCESS |  
2019-08-21 12:28:09,731 | INFO  | DNAudit | user=null | ip=null | op=PUT_BLOCK {blockData=[blockId=conID: 1 locID: 102654967132586545 bcsId: 0,size=3145728]} | ret=SUCCESS |  
2019-08-21 12:28:09,738 | INFO  | DNAudit | user=null | ip=null | op=WRITE_CHUNK {blockData=conID: 1 locID: 102654967132586545 bcsId: 3203} | ret=SUCCESS |  
2019-08-21 12:28:09,740 | INFO  | DNAudit | user=null | ip=null | op=WRITE_CHUNK {blockData=conID: 1 locID: 102654967132586545 bcsId: 3203} | ret=SUCCESS |  
2019-08-21 12:28:09,740 | INFO  | DNAudit | user=null | ip=null | op=WRITE_CHUNK {blockData=conID: 1 locID: 102654967132586545 bcsId: 3203} | ret=SUCCESS |  
2019-08-21 12:28:09,742 | INFO  | DNAudit | user=null | ip=null | op=WRITE_CHUNK {blockData=conID: 1 locID: 102654967132586545 bcsId: 3203} | ret=SUCCESS |  
2019-08-21 12:28:09,743 | INFO  | DNAudit | user=null | ip=null | op=PUT_BLOCK {blockData=[blockId=conID: 1 locID: 102654967132586545 bcsId: 0,size=4194304]} | ret=SUCCESS |  
2019-08-21 12:28:09,743 [grpc-default-executor-4] INFO  client.GrpcClientProtocolClient (GrpcClientProtocolClient.java:onNext(255)) - client-C954105195FD->270584e6-a4a8-4db5-8151-214655ce1a56: receive RaftClientReply:client-C954105195FD->270584e6-a4a8-4db5-8151-214655ce1a56@group-787F5BA3AA67, cid=2177, SUCCESS, logIndex=3206, commits[270584e6-a4a8-4db5-8151-214655ce1a56:c3207, af078b8b-61ec-497f-9506-472d46a72462:c3205, 09fb9ab4-1b8d-44c0-9f8c-50855c6f1fed:c3203]
2019-08-21 12:28:09,743 [grpc-default-executor-4] INFO  client.GrpcClientProtocolClient (GrpcClientProtocolClient.java:onNext(255)) - client-C954105195FD->270584e6-a4a8-4db5-8151-214655ce1a56: receive RaftClientReply:client-C954105195FD->270584e6-a4a8-4db5-8151-214655ce1a56@group-787F5BA3AA67, cid=2178, SUCCESS, logIndex=3207, commits[270584e6-a4a8-4db5-8151-214655ce1a56:c3207, af078b8b-61ec-497f-9506-472d46a72462:c3205, 09fb9ab4-1b8d-44c0-9f8c-50855c6f1fed:c3205]
2019-08-21 12:28:09,744 | INFO  | DNAudit | user=null | ip=null | op=WRITE_CHUNK {blockData=conID: 1 locID: 102654967132586545 bcsId: 3203} | ret=SUCCESS |  
2019-08-21 12:28:09,744 | INFO  | DNAudit | user=null | ip=null | op=WRITE_CHUNK {blockData=conID: 1 locID: 102654967132586545 bcsId: 3203} | ret=SUCCESS |  
2019-08-21 12:28:09,745 | INFO  | DNAudit | user=null | ip=null | op=PUT_BLOCK {blockData=[blockId=conID: 1 locID: 102654967132586545 bcsId: 0,size=4194304]} | ret=SUCCESS |  
2019-08-21 12:28:09,746 | INFO  | DNAudit | user=null | ip=null | op=PUT_BLOCK {blockData=[blockId=conID: 1 locID: 102654967132586545 bcsId: 0,size=4194304]} | ret=SUCCESS |  
2019-08-21 12:28:09,747 [grpc-default-executor-4] INFO  client.GrpcClientProtocolClient (GrpcClientProtocolClient.java:onNext(255)) - client-C954105195FD->270584e6-a4a8-4db5-8151-214655ce1a56: receive RaftClientReply:client-C954105195FD->270584e6-a4a8-4db5-8151-214655ce1a56@group-787F5BA3AA67, cid=2179, SUCCESS, logIndex=0, commits[270584e6-a4a8-4db5-8151-214655ce1a56:c3209, af078b8b-61ec-497f-9506-472d46a72462:c3207, 09fb9ab4-1b8d-44c0-9f8c-50855c6f1fed:c3207]
2019-08-21 12:28:09,751 | INFO  | SCMAudit | user=jenkins1000 | ip=192.168.34.23 | op=ALLOCATE_BLOCK {owner=b79f83c9-5f7d-4caf-af30-78af34bc5eea, size=4194304, type=RATIS, factor=THREE} | ret=SUCCESS |  
2019-08-21 12:28:09,754 | INFO  | OMAudit | user=jenkins1000 | ip=127.0.0.1 | op=ALLOCATE_BLOCK {volume=vol-0-06517, bucket=bucket-0-64549, key=key-0-34512, dataSize=0, replicationType=null, replicationFactor=null, keyLocationInfo=null, clientID=102654965997830546} | ret=SUCCESS |  
2019-08-21 12:28:09,761 | INFO  | DNAudit | user=null | ip=null | op=WRITE_CHUNK {blockData=conID: 2 locID: 102654967136322098 bcsId: 0} | ret=SUCCESS |  
2019-08-21 12:28:09,764 | INFO  | DNAudit | user=null | ip=null | op=WRITE_CHUNK {blockData=conID: 2 locID: 102654967136322098 bcsId: 0} | ret=SUCCESS |  
2019-08-21 12:28:09,765 | INFO  | DNAudit | user=null | ip=null | op=WRITE_CHUNK {blockData=conID: 2 locID: 102654967136322098 bcsId: 0} | ret=SUCCESS |  
2019-08-21 12:28:09,765 | INFO  | DNAudit | user=null | ip=null | op=WRITE_CHUNK {blockData=conID: 2 locID: 102654967136322098 bcsId: 0} | ret=SUCCESS |  
2019-08-21 12:28:09,767 | INFO  | DNAudit | user=null | ip=null | op=WRITE_CHUNK {blockData=conID: 2 locID: 102654967136322098 bcsId: 0} | ret=SUCCESS |  
2019-08-21 12:28:09,767 | INFO  | DNAudit | user=null | ip=null | op=WRITE_CHUNK {blockData=conID: 2 locID: 102654967136322098 bcsId: 0} | ret=SUCCESS |  
2019-08-21 12:28:09,768 | INFO  | DNAudit | user=null | ip=null | op=WRITE_CHUNK {blockData=conID: 2 locID: 102654967136322098 bcsId: 0} | ret=SUCCESS |  
2019-08-21 12:28:09,768 | INFO  | DNAudit | user=null | ip=null | op=PUT_BLOCK {blockData=[blockId=conID: 2 locID: 102654967136322098 bcsId: 0,size=1048576]} | ret=SUCCESS |  
2019-08-21 12:28:09,769 [grpc-default-executor-5] INFO  client.GrpcClientProtocolClient (GrpcClientProtocolClient.java:onNext(255)) - client-C954105195FD->270584e6-a4a8-4db5-8151-214655ce1a56: receive RaftClientReply:client-C954105195FD->270584e6-a4a8-4db5-8151-214655ce1a56@group-787F5BA3AA67, cid=2180, SUCCESS, logIndex=3210, commits[270584e6-a4a8-4db5-8151-214655ce1a56:c3211, af078b8b-61ec-497f-9506-472d46a72462:c3207, 09fb9ab4-1b8d-44c0-9f8c-50855c6f1fed:c3209]
2019-08-21 12:28:09,769 [grpc-default-executor-5] INFO  client.GrpcClientProtocolClient (GrpcClientProtocolClient.java:onNext(255)) - client-C954105195FD->270584e6-a4a8-4db5-8151-214655ce1a56: receive RaftClientReply:client-C954105195FD->270584e6-a4a8-4db5-8151-214655ce1a56@group-787F5BA3AA67, cid=2181, SUCCESS, logIndex=3211, commits[270584e6-a4a8-4db5-8151-214655ce1a56:c3211, af078b8b-61ec-497f-9506-472d46a72462:c3207, 09fb9ab4-1b8d-44c0-9f8c-50855c6f1fed:c3209]
2019-08-21 12:28:09,770 | INFO  | DNAudit | user=null | ip=null | op=WRITE_CHUNK {blockData=conID: 2 locID: 102654967136322098 bcsId: 0} | ret=SUCCESS |  
2019-08-21 12:28:09,770 | INFO  | DNAudit | user=null | ip=null | op=PUT_BLOCK {blockData=[blockId=conID: 2 locID: 102654967136322098 bcsId: 0,size=2097152]} | ret=SUCCESS |  
2019-08-21 12:28:09,770 [grpc-default-executor-1] INFO  client.GrpcClientProtocolClient (GrpcClientProtocolClient.java:onNext(255)) - client-C954105195FD->270584e6-a4a8-4db5-8151-214655ce1a56: receive RaftClientReply:client-C954105195FD->270584e6-a4a8-4db5-8151-214655ce1a56@group-787F5BA3AA67, cid=2182, SUCCESS, logIndex=3212, commits[270584e6-a4a8-4db5-8151-214655ce1a56:c3213, af078b8b-61ec-497f-9506-472d46a72462:c3209, 09fb9ab4-1b8d-44c0-9f8c-50855c6f1fed:c3209]
2019-08-21 12:28:09,771 | INFO  | DNAudit | user=null | ip=null | op=WRITE_CHUNK {blockData=conID: 2 locID: 102654967136322098 bcsId: 0} | ret=SUCCESS |  
2019-08-21 12:28:09,771 [grpc-default-executor-4] INFO  client.GrpcClientProtocolClient (GrpcClientProtocolClient.java:onNext(255)) - client-C954105195FD->270584e6-a4a8-4db5-8151-214655ce1a56: receive RaftClientReply:client-C954105195FD->270584e6-a4a8-4db5-8151-214655ce1a56@group-787F5BA3AA67, cid=2183, SUCCESS, logIndex=3213, commits[270584e6-a4a8-4db5-8151-214655ce1a56:c3213, af078b8b-61ec-497f-9506-472d46a72462:c3209, 09fb9ab4-1b8d-44c0-9f8c-50855c6f1fed:c3209]
2019-08-21 12:28:09,771 | INFO  | DNAudit | user=null | ip=null | op=PUT_BLOCK {blockData=[blockId=conID: 2 locID: 102654967136322098 bcsId: 0,size=1048576]} | ret=SUCCESS |  
2019-08-21 12:28:09,771 | INFO  | DNAudit | user=null | ip=null | op=WRITE_CHUNK {blockData=conID: 2 locID: 102654967136322098 bcsId: 0} | ret=SUCCESS |  
2019-08-21 12:28:09,772 | INFO  | DNAudit | user=null | ip=null | op=PUT_BLOCK {blockData=[blockId=conID: 2 locID: 102654967136322098 bcsId: 0,size=1048576]} | ret=SUCCESS |  
2019-08-21 12:28:09,772 [grpc-default-executor-1] INFO  client.GrpcClientProtocolClient (GrpcClientProtocolClient.java:onNext(255)) - client-C954105195FD->270584e6-a4a8-4db5-8151-214655ce1a56: receive RaftClientReply:client-C954105195FD->270584e6-a4a8-4db5-8151-214655ce1a56@group-787F5BA3AA67, cid=2184, SUCCESS, logIndex=0, commits[270584e6-a4a8-4db5-8151-214655ce1a56:c3215, af078b8b-61ec-497f-9506-472d46a72462:c3211, 09fb9ab4-1b8d-44c0-9f8c-50855c6f1fed:c3212]
2019-08-21 12:28:09,772 | INFO  | DNAudit | user=null | ip=null | op=WRITE_CHUNK {blockData=conID: 2 locID: 102654967136322098 bcsId: 0} | ret=SUCCESS |  
2019-08-21 12:28:09,772 | INFO  | DNAudit | user=null | ip=null | op=WRITE_CHUNK {blockData=conID: 2 locID: 102654967136322098 bcsId: 0} | ret=SUCCESS |  
2019-08-21 12:28:09,772 | INFO  | DNAudit | user=null | ip=null | op=PUT_BLOCK {blockData=[blockId=conID: 2 locID: 102654967136322098 bcsId: 0,size=2097152]} | ret=SUCCESS |  
2019-08-21 12:28:09,773 | INFO  | DNAudit | user=null | ip=null | op=PUT_BLOCK {blockData=[blockId=conID: 2 locID: 102654967136322098 bcsId: 0,size=2097152]} | ret=SUCCESS |  
2019-08-21 12:28:09,779 | INFO  | DNAudit | user=null | ip=null | op=WRITE_CHUNK {blockData=conID: 2 locID: 102654967136322098 bcsId: 3213} | ret=SUCCESS |  
2019-08-21 12:28:09,782 | INFO  | DNAudit | user=null | ip=null | op=WRITE_CHUNK {blockData=conID: 2 locID: 102654967136322098 bcsId: 3213} | ret=SUCCESS |  
2019-08-21 12:28:09,782 | INFO  | DNAudit | user=null | ip=null | op=WRITE_CHUNK {blockData=conID: 2 locID: 102654967136322098 bcsId: 3213} | ret=SUCCESS |  
2019-08-21 12:28:09,784 | INFO  | DNAudit | user=null | ip=null | op=WRITE_CHUNK {blockData=conID: 2 locID: 102654967136322098 bcsId: 3213} | ret=SUCCESS |  
2019-08-21 12:28:09,785 | INFO  | DNAudit | user=null | ip=null | op=PUT_BLOCK {blockData=[blockId=conID: 2 locID: 102654967136322098 bcsId: 0,size=3145728]} | ret=SUCCESS |  
2019-08-21 12:28:09,785 [grpc-default-executor-5] INFO  client.GrpcClientProtocolClient (GrpcClientProtocolClient.java:onNext(255)) - client-C954105195FD->270584e6-a4a8-4db5-8151-214655ce1a56: receive RaftClientReply:client-C954105195FD->270584e6-a4a8-4db5-8151-214655ce1a56@group-787F5BA3AA67, cid=2185, SUCCESS, logIndex=3218, commits[270584e6-a4a8-4db5-8151-214655ce1a56:c3219, af078b8b-61ec-497f-9506-472d46a72462:c3217, 09fb9ab4-1b8d-44c0-9f8c-50855c6f1fed:c3217]
2019-08-21 12:28:09,785 [grpc-default-executor-5] INFO  client.GrpcClientProtocolClient (GrpcClientProtocolClient.java:onNext(255)) - client-C954105195FD->270584e6-a4a8-4db5-8151-214655ce1a56: receive RaftClientReply:client-C954105195FD->270584e6-a4a8-4db5-8151-214655ce1a56@group-787F5BA3AA67, cid=2186, SUCCESS, logIndex=3219, commits[270584e6-a4a8-4db5-8151-214655ce1a56:c3219, af078b8b-61ec-497f-9506-472d46a72462:c3217, 09fb9ab4-1b8d-44c0-9f8c-50855c6f1fed:c3217]
2019-08-21 12:28:09,787 | INFO  | DNAudit | user=null | ip=null | op=WRITE_CHUNK {blockData=conID: 2 locID: 102654967136322098 bcsId: 3213} | ret=SUCCESS |  
2019-08-21 12:28:09,787 | INFO  | DNAudit | user=null | ip=null | op=WRITE_CHUNK {blockData=conID: 2 locID: 102654967136322098 bcsId: 3213} | ret=SUCCESS |  
2019-08-21 12:28:09,788 | INFO  | DNAudit | user=null | ip=null | op=PUT_BLOCK {blockData=[blockId=conID: 2 locID: 102654967136322098 bcsId: 0,size=3145728]} | ret=SUCCESS |  
2019-08-21 12:28:09,791 | INFO  | DNAudit | user=null | ip=null | op=PUT_BLOCK {blockData=[blockId=conID: 2 locID: 102654967136322098 bcsId: 0,size=3145728]} | ret=SUCCESS |  
2019-08-21 12:28:09,793 | INFO  | DNAudit | user=null | ip=null | op=WRITE_CHUNK {blockData=conID: 2 locID: 102654967136322098 bcsId: 3219} | ret=SUCCESS |  
2019-08-21 12:28:09,794 | INFO  | DNAudit | user=null | ip=null | op=WRITE_CHUNK {blockData=conID: 2 locID: 102654967136322098 bcsId: 3219} | ret=SUCCESS |  
2019-08-21 12:28:09,795 | INFO  | DNAudit | user=null | ip=null | op=WRITE_CHUNK {blockData=conID: 2 locID: 102654967136322098 bcsId: 3219} | ret=SUCCESS |  
2019-08-21 12:28:09,805 | INFO  | DNAudit | user=null | ip=null | op=WRITE_CHUNK {blockData=conID: 2 locID: 102654967136322098 bcsId: 3219} | ret=SUCCESS |  
2019-08-21 12:28:09,805 | INFO  | DNAudit | user=null | ip=null | op=PUT_BLOCK {blockData=[blockId=conID: 2 locID: 102654967136322098 bcsId: 0,size=4194304]} | ret=SUCCESS |  
2019-08-21 12:28:09,806 [grpc-default-executor-1] INFO  client.GrpcClientProtocolClient (GrpcClientProtocolClient.java:onNext(255)) - client-C954105195FD->270584e6-a4a8-4db5-8151-214655ce1a56: receive RaftClientReply:client-C954105195FD->270584e6-a4a8-4db5-8151-214655ce1a56@group-787F5BA3AA67, cid=2187, SUCCESS, logIndex=3222, commits[270584e6-a4a8-4db5-8151-214655ce1a56:c3223, af078b8b-61ec-497f-9506-472d46a72462:c3221, 09fb9ab4-1b8d-44c0-9f8c-50855c6f1fed:c3221]
2019-08-21 12:28:09,806 [grpc-default-executor-1] INFO  client.GrpcClientProtocolClient (GrpcClientProtocolClient.java:onNext(255)) - client-C954105195FD->270584e6-a4a8-4db5-8151-214655ce1a56: receive RaftClientReply:client-C954105195FD->270584e6-a4a8-4db5-8151-214655ce1a56@group-787F5BA3AA67, cid=2188, SUCCESS, logIndex=3223, commits[270584e6-a4a8-4db5-8151-214655ce1a56:c3223, af078b8b-61ec-497f-9506-472d46a72462:c3221, 09fb9ab4-1b8d-44c0-9f8c-50855c6f1fed:c3221]
2019-08-21 12:28:09,817 | INFO  | DNAudit | user=null | ip=null | op=WRITE_CHUNK {blockData=conID: 2 locID: 102654967136322098 bcsId: 3219} | ret=SUCCESS |  
2019-08-21 12:28:09,817 | INFO  | DNAudit | user=null | ip=null | op=WRITE_CHUNK {blockData=conID: 2 locID: 102654967136322098 bcsId: 3219} | ret=SUCCESS |  
2019-08-21 12:28:09,819 | INFO  | DNAudit | user=null | ip=null | op=PUT_BLOCK {blockData=[blockId=conID: 2 locID: 102654967136322098 bcsId: 0,size=4194304]} | ret=SUCCESS |  
2019-08-21 12:28:09,820 | INFO  | DNAudit | user=null | ip=null | op=PUT_BLOCK {blockData=[blockId=conID: 2 locID: 102654967136322098 bcsId: 0,size=4194304]} | ret=SUCCESS |  
2019-08-21 12:28:09,820 [grpc-default-executor-1] INFO  client.GrpcClientProtocolClient (GrpcClientProtocolClient.java:onNext(255)) - client-C954105195FD->270584e6-a4a8-4db5-8151-214655ce1a56: receive RaftClientReply:client-C954105195FD->270584e6-a4a8-4db5-8151-214655ce1a56@group-787F5BA3AA67, cid=2189, SUCCESS, logIndex=0, commits[270584e6-a4a8-4db5-8151-214655ce1a56:c3225, af078b8b-61ec-497f-9506-472d46a72462:c3223, 09fb9ab4-1b8d-44c0-9f8c-50855c6f1fed:c3223]
2019-08-21 12:28:09,826 | INFO  | SCMAudit | user=jenkins1000 | ip=192.168.34.23 | op=ALLOCATE_BLOCK {owner=b79f83c9-5f7d-4caf-af30-78af34bc5eea, size=4194304, type=RATIS, factor=THREE} | ret=SUCCESS |  
2019-08-21 12:28:09,830 | INFO  | OMAudit | user=jenkins1000 | ip=127.0.0.1 | op=ALLOCATE_BLOCK {volume=vol-0-06517, bucket=bucket-0-64549, key=key-0-34512, dataSize=0, replicationType=null, replicationFactor=null, keyLocationInfo=null, clientID=102654965997830546} | ret=SUCCESS |  
2019-08-21 12:28:09,838 | INFO  | DNAudit | user=null | ip=null | op=WRITE_CHUNK {blockData=conID: 3 locID: 102654967141237299 bcsId: 0} | ret=SUCCESS |  
2019-08-21 12:28:09,841 | INFO  | DNAudit | user=null | ip=null | op=WRITE_CHUNK {blockData=conID: 3 locID: 102654967141237299 bcsId: 0} | ret=SUCCESS |  
2019-08-21 12:28:09,841 | INFO  | DNAudit | user=null | ip=null | op=WRITE_CHUNK {blockData=conID: 3 locID: 102654967141237299 bcsId: 0} | ret=SUCCESS |  
2019-08-21 12:28:09,842 | INFO  | DNAudit | user=null | ip=null | op=WRITE_CHUNK {blockData=conID: 3 locID: 102654967141237299 bcsId: 0} | ret=SUCCESS |  
2019-08-21 12:28:09,844 | INFO  | DNAudit | user=null | ip=null | op=WRITE_CHUNK {blockData=conID: 3 locID: 102654967141237299 bcsId: 0} | ret=SUCCESS |  
2019-08-21 12:28:09,844 | INFO  | DNAudit | user=null | ip=null | op=WRITE_CHUNK {blockData=conID: 3 locID: 102654967141237299 bcsId: 0} | ret=SUCCESS |  
2019-08-21 12:28:09,851 | INFO  | DNAudit | user=null | ip=null | op=WRITE_CHUNK {blockData=conID: 3 locID: 102654967141237299 bcsId: 0} | ret=SUCCESS |  
2019-08-21 12:28:09,851 | INFO  | DNAudit | user=null | ip=null | op=PUT_BLOCK {blockData=[blockId=conID: 3 locID: 102654967141237299 bcsId: 0,size=1048576]} | ret=SUCCESS |  
2019-08-21 12:28:09,851 [grpc-default-executor-4] INFO  client.GrpcClientProtocolClient (GrpcClientProtocolClient.java:onNext(255)) - client-C954105195FD->270584e6-a4a8-4db5-8151-214655ce1a56: receive RaftClientReply:client-C954105195FD->270584e6-a4a8-4db5-8151-214655ce1a56@group-787F5BA3AA67, cid=2190, SUCCESS, logIndex=3226, commits[270584e6-a4a8-4db5-8151-214655ce1a56:c3227, af078b8b-61ec-497f-9506-472d46a72462:c3225, 09fb9ab4-1b8d-44c0-9f8c-50855c6f1fed:c3225]
2019-08-21 12:28:09,852 [grpc-default-executor-4] INFO  client.GrpcClientProtocolClient (GrpcClientProtocolClient.java:onNext(255)) - client-C954105195FD->270584e6-a4a8-4db5-8151-214655ce1a56: receive RaftClientReply:client-C954105195FD->270584e6-a4a8-4db5-8151-214655ce1a56@group-787F5BA3AA67, cid=2191, SUCCESS, logIndex=3227, commits[270584e6-a4a8-4db5-8151-214655ce1a56:c3227, af078b8b-61ec-497f-9506-472d46a72462:c3225, 09fb9ab4-1b8d-44c0-9f8c-50855c6f1fed:c3225]
2019-08-21 12:28:09,853 | INFO  | DNAudit | user=null | ip=null | op=WRITE_CHUNK {blockData=conID: 3 locID: 102654967141237299 bcsId: 0} | ret=SUCCESS |  
2019-08-21 12:28:09,854 | INFO  | DNAudit | user=null | ip=null | op=PUT_BLOCK {blockData=[blockId=conID: 3 locID: 102654967141237299 bcsId: 0,size=2097152]} | ret=SUCCESS |  
2019-08-21 12:28:09,854 [grpc-default-executor-5] INFO  client.GrpcClientProtocolClient (GrpcClientProtocolClient.java:onNext(255)) - client-C954105195FD->270584e6-a4a8-4db5-8151-214655ce1a56: receive RaftClientReply:client-C954105195FD->270584e6-a4a8-4db5-8151-214655ce1a56@group-787F5BA3AA67, cid=2192, SUCCESS, logIndex=3228, commits[270584e6-a4a8-4db5-8151-214655ce1a56:c3229, af078b8b-61ec-497f-9506-472d46a72462:c3225, 09fb9ab4-1b8d-44c0-9f8c-50855c6f1fed:c3225]
2019-08-21 12:28:09,854 [grpc-default-executor-5] INFO  client.GrpcClientProtocolClient (GrpcClientProtocolClient.java:onNext(255)) - client-C954105195FD->270584e6-a4a8-4db5-8151-214655ce1a56: receive RaftClientReply:client-C954105195FD->270584e6-a4a8-4db5-8151-214655ce1a56@group-787F5BA3AA67, cid=2193, SUCCESS, logIndex=3229, commits[270584e6-a4a8-4db5-8151-214655ce1a56:c3229, af078b8b-61ec-497f-9506-472d46a72462:c3225, 09fb9ab4-1b8d-44c0-9f8c-50855c6f1fed:c3225]
2019-08-21 12:28:09,864 | INFO  | DNAudit | user=null | ip=null | op=WRITE_CHUNK {blockData=conID: 3 locID: 102654967141237299 bcsId: 0} | ret=SUCCESS |  
2019-08-21 12:28:09,864 | INFO  | DNAudit | user=null | ip=null | op=WRITE_CHUNK {blockData=conID: 3 locID: 102654967141237299 bcsId: 0} | ret=SUCCESS |  
2019-08-21 12:28:09,864 | INFO  | DNAudit | user=null | ip=null | op=PUT_BLOCK {blockData=[blockId=conID: 3 locID: 102654967141237299 bcsId: 0,size=1048576]} | ret=SUCCESS |  
2019-08-21 12:28:09,864 | INFO  | DNAudit | user=null | ip=null | op=PUT_BLOCK {blockData=[blockId=conID: 3 locID: 102654967141237299 bcsId: 0,size=1048576]} | ret=SUCCESS |  
2019-08-21 12:28:09,864 [grpc-default-executor-5] INFO  client.GrpcClientProtocolClient (GrpcClientProtocolClient.java:onNext(255)) - client-C954105195FD->270584e6-a4a8-4db5-8151-214655ce1a56: receive RaftClientReply:client-C954105195FD->270584e6-a4a8-4db5-8151-214655ce1a56@group-787F5BA3AA67, cid=2194, SUCCESS, logIndex=0, commits[270584e6-a4a8-4db5-8151-214655ce1a56:c3230, af078b8b-61ec-497f-9506-472d46a72462:c3227, 09fb9ab4-1b8d-44c0-9f8c-50855c6f1fed:c3227]
2019-08-21 12:28:09,866 | INFO  | DNAudit | user=null | ip=null | op=WRITE_CHUNK {blockData=conID: 3 locID: 102654967141237299 bcsId: 0} | ret=SUCCESS |  
2019-08-21 12:28:09,867 | INFO  | DNAudit | user=null | ip=null | op=PUT_BLOCK {blockData=[blockId=conID: 3 locID: 102654967141237299 bcsId: 0,size=2097152]} | ret=SUCCESS |  
2019-08-21 12:28:09,867 | INFO  | DNAudit | user=null | ip=null | op=WRITE_CHUNK {blockData=conID: 3 locID: 102654967141237299 bcsId: 0} | ret=SUCCESS |  
2019-08-21 12:28:09,867 | INFO  | DNAudit | user=null | ip=null | op=PUT_BLOCK {blockData=[blockId=conID: 3 locID: 102654967141237299 bcsId: 0,size=2097152]} | ret=SUCCESS |  
2019-08-21 12:28:09,871 | INFO  | DNAudit | user=null | ip=null | op=WRITE_CHUNK {blockData=conID: 3 locID: 102654967141237299 bcsId: 3229} | ret=SUCCESS |  
2019-08-21 12:28:09,874 | INFO  | DNAudit | user=null | ip=null | op=WRITE_CHUNK {blockData=conID: 3 locID: 102654967141237299 bcsId: 3229} | ret=SUCCESS |  
2019-08-21 12:28:09,874 | INFO  | DNAudit | user=null | ip=null | op=WRITE_CHUNK {blockData=conID: 3 locID: 102654967141237299 bcsId: 3229} | ret=SUCCESS |  
2019-08-21 12:28:09,883 | INFO  | DNAudit | user=null | ip=null | op=WRITE_CHUNK {blockData=conID: 3 locID: 102654967141237299 bcsId: 3229} | ret=SUCCESS |  
2019-08-21 12:28:09,884 | INFO  | DNAudit | user=null | ip=null | op=PUT_BLOCK {blockData=[blockId=conID: 3 locID: 102654967141237299 bcsId: 0,size=3145728]} | ret=SUCCESS |  
2019-08-21 12:28:09,884 [grpc-default-executor-2] INFO  client.GrpcClientProtocolClient (GrpcClientProtocolClient.java:onNext(255)) - client-C954105195FD->270584e6-a4a8-4db5-8151-214655ce1a56: receive RaftClientReply:client-C954105195FD->270584e6-a4a8-4db5-8151-214655ce1a56@group-787F5BA3AA67, cid=2195, SUCCESS, logIndex=3233, commits[270584e6-a4a8-4db5-8151-214655ce1a56:c3234, af078b8b-61ec-497f-9506-472d46a72462:c3232, 09fb9ab4-1b8d-44c0-9f8c-50855c6f1fed:c3232]
2019-08-21 12:28:09,884 [grpc-default-executor-2] INFO  client.GrpcClientProtocolClient (GrpcClientProtocolClient.java:onNext(255)) - client-C954105195FD->270584e6-a4a8-4db5-8151-214655ce1a56: receive RaftClientReply:client-C954105195FD->270584e6-a4a8-4db5-8151-214655ce1a56@group-787F5BA3AA67, cid=2196, SUCCESS, logIndex=3234, commits[270584e6-a4a8-4db5-8151-214655ce1a56:c3234, af078b8b-61ec-497f-9506-472d46a72462:c3232, 09fb9ab4-1b8d-44c0-9f8c-50855c6f1fed:c3232]
2019-08-21 12:28:09,891 | INFO  | DNAudit | user=null | ip=null | op=WRITE_CHUNK {blockData=conID: 3 locID: 102654967141237299 bcsId: 3234} | ret=SUCCESS |  
2019-08-21 12:28:09,894 | INFO  | DNAudit | user=null | ip=null | op=WRITE_CHUNK {blockData=conID: 3 locID: 102654967141237299 bcsId: 3234} | ret=SUCCESS |  
2019-08-21 12:28:09,894 | INFO  | DNAudit | user=null | ip=null | op=WRITE_CHUNK {blockData=conID: 3 locID: 102654967141237299 bcsId: 3234} | ret=SUCCESS |  
2019-08-21 12:28:09,895 | INFO  | DNAudit | user=null | ip=null | op=WRITE_CHUNK {blockData=conID: 3 locID: 102654967141237299 bcsId: 3229} | ret=SUCCESS |  
2019-08-21 12:28:09,896 | INFO  | DNAudit | user=null | ip=null | op=WRITE_CHUNK {blockData=conID: 3 locID: 102654967141237299 bcsId: 3229} | ret=SUCCESS |  
2019-08-21 12:28:09,896 | INFO  | DNAudit | user=null | ip=null | op=PUT_BLOCK {blockData=[blockId=conID: 3 locID: 102654967141237299 bcsId: 0,size=3145728]} | ret=SUCCESS |  
2019-08-21 12:28:09,897 | INFO  | DNAudit | user=null | ip=null | op=WRITE_CHUNK {blockData=conID: 3 locID: 102654967141237299 bcsId: 3234} | ret=SUCCESS |  
2019-08-21 12:28:09,897 | INFO  | DNAudit | user=null | ip=null | op=PUT_BLOCK {blockData=[blockId=conID: 3 locID: 102654967141237299 bcsId: 0,size=3145728]} | ret=SUCCESS |  
2019-08-21 12:28:09,897 | INFO  | DNAudit | user=null | ip=null | op=PUT_BLOCK {blockData=[blockId=conID: 3 locID: 102654967141237299 bcsId: 0,size=4194304]} | ret=SUCCESS |  
2019-08-21 12:28:09,897 [grpc-default-executor-2] INFO  client.GrpcClientProtocolClient (GrpcClientProtocolClient.java:onNext(255)) - client-C954105195FD->270584e6-a4a8-4db5-8151-214655ce1a56: receive RaftClientReply:client-C954105195FD->270584e6-a4a8-4db5-8151-214655ce1a56@group-787F5BA3AA67, cid=2197, SUCCESS, logIndex=3237, commits[270584e6-a4a8-4db5-8151-214655ce1a56:c3238, af078b8b-61ec-497f-9506-472d46a72462:c3233, 09fb9ab4-1b8d-44c0-9f8c-50855c6f1fed:c3234]
2019-08-21 12:28:09,898 [grpc-default-executor-2] INFO  client.GrpcClientProtocolClient (GrpcClientProtocolClient.java:onNext(255)) - client-C954105195FD->270584e6-a4a8-4db5-8151-214655ce1a56: receive RaftClientReply:client-C954105195FD->270584e6-a4a8-4db5-8151-214655ce1a56@group-787F5BA3AA67, cid=2198, SUCCESS, logIndex=3238, commits[270584e6-a4a8-4db5-8151-214655ce1a56:c3238, af078b8b-61ec-497f-9506-472d46a72462:c3234, 09fb9ab4-1b8d-44c0-9f8c-50855c6f1fed:c3234]
2019-08-21 12:28:09,900 | INFO  | DNAudit | user=null | ip=null | op=WRITE_CHUNK {blockData=conID: 3 locID: 102654967141237299 bcsId: 3234} | ret=SUCCESS |  
2019-08-21 12:28:09,900 | INFO  | DNAudit | user=null | ip=null | op=WRITE_CHUNK {blockData=conID: 3 locID: 102654967141237299 bcsId: 3234} | ret=SUCCESS |  
2019-08-21 12:28:09,900 | INFO  | DNAudit | user=null | ip=null | op=PUT_BLOCK {blockData=[blockId=conID: 3 locID: 102654967141237299 bcsId: 0,size=4194304]} | ret=SUCCESS |  
2019-08-21 12:28:09,900 | INFO  | DNAudit | user=null | ip=null | op=PUT_BLOCK {blockData=[blockId=conID: 3 locID: 102654967141237299 bcsId: 0,size=4194304]} | ret=SUCCESS |  
2019-08-21 12:28:09,901 [grpc-default-executor-1] INFO  client.GrpcClientProtocolClient (GrpcClientProtocolClient.java:onNext(255)) - client-C954105195FD->270584e6-a4a8-4db5-8151-214655ce1a56: receive RaftClientReply:client-C954105195FD->270584e6-a4a8-4db5-8151-214655ce1a56@group-787F5BA3AA67, cid=2199, SUCCESS, logIndex=0, commits[270584e6-a4a8-4db5-8151-214655ce1a56:c3239, af078b8b-61ec-497f-9506-472d46a72462:c3238, 09fb9ab4-1b8d-44c0-9f8c-50855c6f1fed:c3238]
2019-08-21 12:28:09,905 | INFO  | SCMAudit | user=jenkins1000 | ip=192.168.34.23 | op=ALLOCATE_BLOCK {owner=b79f83c9-5f7d-4caf-af30-78af34bc5eea, size=4194304, type=RATIS, factor=THREE} | ret=SUCCESS |  
2019-08-21 12:28:09,907 | INFO  | OMAudit | user=jenkins1000 | ip=127.0.0.1 | op=ALLOCATE_BLOCK {volume=vol-0-06517, bucket=bucket-0-64549, key=key-0-34512, dataSize=0, replicationType=null, replicationFactor=null, keyLocationInfo=null, clientID=102654965997830546} | ret=SUCCESS |  
2019-08-21 12:28:09,914 | INFO  | DNAudit | user=null | ip=null | op=WRITE_CHUNK {blockData=conID: 1 locID: 102654967146414644 bcsId: 0} | ret=SUCCESS |  
2019-08-21 12:28:09,918 | INFO  | DNAudit | user=null | ip=null | op=WRITE_CHUNK {blockData=conID: 1 locID: 102654967146414644 bcsId: 0} | ret=SUCCESS |  
2019-08-21 12:28:09,918 | INFO  | DNAudit | user=null | ip=null | op=WRITE_CHUNK {blockData=conID: 1 locID: 102654967146414644 bcsId: 0} | ret=SUCCESS |  
2019-08-21 12:28:09,918 | INFO  | DNAudit | user=null | ip=null | op=WRITE_CHUNK {blockData=conID: 1 locID: 102654967146414644 bcsId: 0} | ret=SUCCESS |  
2019-08-21 12:28:09,919 | INFO  | DNAudit | user=null | ip=null | op=WRITE_CHUNK {blockData=conID: 1 locID: 102654967146414644 bcsId: 0} | ret=SUCCESS |  
2019-08-21 12:28:09,920 | INFO  | DNAudit | user=null | ip=null | op=WRITE_CHUNK {blockData=conID: 1 locID: 102654967146414644 bcsId: 0} | ret=SUCCESS |  
2019-08-21 12:28:09,928 | INFO  | DNAudit | user=null | ip=null | op=WRITE_CHUNK {blockData=conID: 1 locID: 102654967146414644 bcsId: 0} | ret=SUCCESS |  
2019-08-21 12:28:09,929 | INFO  | DNAudit | user=null | ip=null | op=PUT_BLOCK {blockData=[blockId=conID: 1 locID: 102654967146414644 bcsId: 0,size=1048576]} | ret=SUCCESS |  
2019-08-21 12:28:09,929 [grpc-default-executor-4] INFO  client.GrpcClientProtocolClient (GrpcClientProtocolClient.java:onNext(255)) - client-C954105195FD->270584e6-a4a8-4db5-8151-214655ce1a56: receive RaftClientReply:client-C954105195FD->270584e6-a4a8-4db5-8151-214655ce1a56@group-787F5BA3AA67, cid=2200, SUCCESS, logIndex=3241, commits[270584e6-a4a8-4db5-8151-214655ce1a56:c3243, af078b8b-61ec-497f-9506-472d46a72462:c3240, 09fb9ab4-1b8d-44c0-9f8c-50855c6f1fed:c3240]
2019-08-21 12:28:09,929 | INFO  | DNAudit | user=null | ip=null | op=WRITE_CHUNK {blockData=conID: 1 locID: 102654967146414644 bcsId: 0} | ret=SUCCESS |  
2019-08-21 12:28:09,930 [grpc-default-executor-4] INFO  client.GrpcClientProtocolClient (GrpcClientProtocolClient.java:onNext(255)) - client-C954105195FD->270584e6-a4a8-4db5-8151-214655ce1a56: receive RaftClientReply:client-C954105195FD->270584e6-a4a8-4db5-8151-214655ce1a56@group-787F5BA3AA67, cid=2201, SUCCESS, logIndex=3242, commits[270584e6-a4a8-4db5-8151-214655ce1a56:c3244, af078b8b-61ec-497f-9506-472d46a72462:c3240, 09fb9ab4-1b8d-44c0-9f8c-50855c6f1fed:c3240]
2019-08-21 12:28:09,930 | INFO  | DNAudit | user=null | ip=null | op=PUT_BLOCK {blockData=[blockId=conID: 1 locID: 102654967146414644 bcsId: 0,size=2097152]} | ret=SUCCESS |  
2019-08-21 12:28:09,930 | INFO  | DNAudit | user=null | ip=null | op=WRITE_CHUNK {blockData=conID: 1 locID: 102654967146414644 bcsId: 0} | ret=SUCCESS |  
2019-08-21 12:28:09,930 [grpc-default-executor-4] INFO  client.GrpcClientProtocolClient (GrpcClientProtocolClient.java:onNext(255)) - client-C954105195FD->270584e6-a4a8-4db5-8151-214655ce1a56: receive RaftClientReply:client-C954105195FD->270584e6-a4a8-4db5-8151-214655ce1a56@group-787F5BA3AA67, cid=2202, SUCCESS, logIndex=3243, commits[270584e6-a4a8-4db5-8151-214655ce1a56:c3244, af078b8b-61ec-497f-9506-472d46a72462:c3240, 09fb9ab4-1b8d-44c0-9f8c-50855c6f1fed:c3240]
2019-08-21 12:28:09,930 [grpc-default-executor-4] INFO  client.GrpcClientProtocolClient (GrpcClientProtocolClient.java:onNext(255)) - client-C954105195FD->270584e6-a4a8-4db5-8151-214655ce1a56: receive RaftClientReply:client-C954105195FD->270584e6-a4a8-4db5-8151-214655ce1a56@group-787F5BA3AA67, cid=2203, SUCCESS, logIndex=3244, commits[270584e6-a4a8-4db5-8151-214655ce1a56:c3244, af078b8b-61ec-497f-9506-472d46a72462:c3241, 09fb9ab4-1b8d-44c0-9f8c-50855c6f1fed:c3240]
2019-08-21 12:28:09,931 | INFO  | DNAudit | user=null | ip=null | op=WRITE_CHUNK {blockData=conID: 1 locID: 102654967146414644 bcsId: 0} | ret=SUCCESS |  
2019-08-21 12:28:09,931 | INFO  | DNAudit | user=null | ip=null | op=PUT_BLOCK {blockData=[blockId=conID: 1 locID: 102654967146414644 bcsId: 0,size=1048576]} | ret=SUCCESS |  
2019-08-21 12:28:09,931 | INFO  | DNAudit | user=null | ip=null | op=PUT_BLOCK {blockData=[blockId=conID: 1 locID: 102654967146414644 bcsId: 0,size=1048576]} | ret=SUCCESS |  
2019-08-21 12:28:09,931 | INFO  | DNAudit | user=null | ip=null | op=WRITE_CHUNK {blockData=conID: 1 locID: 102654967146414644 bcsId: 0} | ret=SUCCESS |  
2019-08-21 12:28:09,931 | INFO  | DNAudit | user=null | ip=null | op=PUT_BLOCK {blockData=[blockId=conID: 1 locID: 102654967146414644 bcsId: 0,size=2097152]} | ret=SUCCESS |  
2019-08-21 12:28:09,932 [grpc-default-executor-1] INFO  client.GrpcClientProtocolClient (GrpcClientProtocolClient.java:onNext(255)) - client-C954105195FD->270584e6-a4a8-4db5-8151-214655ce1a56: receive RaftClientReply:client-C954105195FD->270584e6-a4a8-4db5-8151-214655ce1a56@group-787F5BA3AA67, cid=2204, SUCCESS, logIndex=0, commits[270584e6-a4a8-4db5-8151-214655ce1a56:c3246, af078b8b-61ec-497f-9506-472d46a72462:c3242, 09fb9ab4-1b8d-44c0-9f8c-50855c6f1fed:c3242]
2019-08-21 12:28:09,932 | INFO  | DNAudit | user=null | ip=null | op=WRITE_CHUNK {blockData=conID: 1 locID: 102654967146414644 bcsId: 0} | ret=SUCCESS |  
2019-08-21 12:28:09,933 | INFO  | DNAudit | user=null | ip=null | op=PUT_BLOCK {blockData=[blockId=conID: 1 locID: 102654967146414644 bcsId: 0,size=2097152]} | ret=SUCCESS |  
2019-08-21 12:28:09,938 | INFO  | DNAudit | user=null | ip=null | op=WRITE_CHUNK {blockData=conID: 1 locID: 102654967146414644 bcsId: 3244} | ret=SUCCESS |  
2019-08-21 12:28:09,941 | INFO  | DNAudit | user=null | ip=null | op=WRITE_CHUNK {blockData=conID: 1 locID: 102654967146414644 bcsId: 3244} | ret=SUCCESS |  
2019-08-21 12:28:09,941 | INFO  | DNAudit | user=null | ip=null | op=WRITE_CHUNK {blockData=conID: 1 locID: 102654967146414644 bcsId: 3244} | ret=SUCCESS |  
2019-08-21 12:28:09,950 | INFO  | SCMAudit | user=jenkins1000 | ip=192.168.34.23 | op=SEND_HEARTBEAT {datanodeUUID=af078b8b-61ec-497f-9506-472d46a72462, command=[]} | ret=SUCCESS |  
2019-08-21 12:28:09,950 | INFO  | SCMAudit | user=jenkins1000 | ip=192.168.34.23 | op=SEND_HEARTBEAT {datanodeUUID=09fb9ab4-1b8d-44c0-9f8c-50855c6f1fed, command=[]} | ret=SUCCESS |  
2019-08-21 12:28:09,950 | INFO  | DNAudit | user=null | ip=null | op=WRITE_CHUNK {blockData=conID: 1 locID: 102654967146414644 bcsId: 3244} | ret=SUCCESS |  
2019-08-21 12:28:09,951 | INFO  | DNAudit | user=null | ip=null | op=PUT_BLOCK {blockData=[blockId=conID: 1 locID: 102654967146414644 bcsId: 0,size=3145728]} | ret=SUCCESS |  
2019-08-21 12:28:09,951 | INFO  | SCMAudit | user=jenkins1000 | ip=192.168.34.23 | op=SEND_HEARTBEAT {datanodeUUID=270584e6-a4a8-4db5-8151-214655ce1a56, command=[]} | ret=SUCCESS |  
 0.00% |█                                                                                                    |  0/1 Time: 0:00:172019-08-21 12:28:09,951 [grpc-default-executor-1] INFO  client.GrpcClientProtocolClient (GrpcClientProtocolClient.java:onNext(255)) - client-C954105195FD->270584e6-a4a8-4db5-8151-214655ce1a56: receive RaftClientReply:client-C954105195FD->270584e6-a4a8-4db5-8151-214655ce1a56@group-787F5BA3AA67, cid=2205, SUCCESS, logIndex=3249, commits[270584e6-a4a8-4db5-8151-214655ce1a56:c3249, af078b8b-61ec-497f-9506-472d46a72462:c3248, 09fb9ab4-1b8d-44c0-9f8c-50855c6f1fed:c3248]
2019-08-21 12:28:09,952 [grpc-default-executor-1] INFO  client.GrpcClientProtocolClient (GrpcClientProtocolClient.java:onNext(255)) - client-C954105195FD->270584e6-a4a8-4db5-8151-214655ce1a56: receive RaftClientReply:client-C954105195FD->270584e6-a4a8-4db5-8151-214655ce1a56@group-787F5BA3AA67, cid=2206, SUCCESS, logIndex=3250, commits[270584e6-a4a8-4db5-8151-214655ce1a56:c3250, af078b8b-61ec-497f-9506-472d46a72462:c3248, 09fb9ab4-1b8d-44c0-9f8c-50855c6f1fed:c3248]
2019-08-21 12:28:09,958 | INFO  | DNAudit | user=null | ip=null | op=WRITE_CHUNK {blockData=conID: 1 locID: 102654967146414644 bcsId: 3250} | ret=SUCCESS |  
2019-08-21 12:28:09,960 | INFO  | DNAudit | user=null | ip=null | op=WRITE_CHUNK {blockData=conID: 1 locID: 102654967146414644 bcsId: 3250} | ret=SUCCESS |  
2019-08-21 12:28:09,960 | INFO  | DNAudit | user=null | ip=null | op=WRITE_CHUNK {blockData=conID: 1 locID: 102654967146414644 bcsId: 3250} | ret=SUCCESS |  
2019-08-21 12:28:09,963 | INFO  | DNAudit | user=null | ip=null | op=WRITE_CHUNK {blockData=conID: 1 locID: 102654967146414644 bcsId: 3244} | ret=SUCCESS |  
2019-08-21 12:28:09,963 | INFO  | DNAudit | user=null | ip=null | op=WRITE_CHUNK {blockData=conID: 1 locID: 102654967146414644 bcsId: 3244} | ret=SUCCESS |  
2019-08-21 12:28:09,977 | INFO  | DNAudit | user=null | ip=null | op=PUT_BLOCK {blockData=[blockId=conID: 1 locID: 102654967146414644 bcsId: 0,size=3145728]} | ret=SUCCESS |  
2019-08-21 12:28:09,977 | INFO  | DNAudit | user=null | ip=null | op=PUT_BLOCK {blockData=[blockId=conID: 1 locID: 102654967146414644 bcsId: 0,size=3145728]} | ret=SUCCESS |  
2019-08-21 12:28:09,977 | INFO  | DNAudit | user=null | ip=null | op=WRITE_CHUNK {blockData=conID: 1 locID: 102654967146414644 bcsId: 3250} | ret=SUCCESS |  
2019-08-21 12:28:09,978 | INFO  | DNAudit | user=null | ip=null | op=PUT_BLOCK {blockData=[blockId=conID: 1 locID: 102654967146414644 bcsId: 0,size=4194304]} | ret=SUCCESS |  
2019-08-21 12:28:09,978 [grpc-default-executor-4] INFO  client.GrpcClientProtocolClient (GrpcClientProtocolClient.java:onNext(255)) - client-C954105195FD->270584e6-a4a8-4db5-8151-214655ce1a56: receive RaftClientReply:client-C954105195FD->270584e6-a4a8-4db5-8151-214655ce1a56@group-787F5BA3AA67, cid=2207, SUCCESS, logIndex=3253, commits[270584e6-a4a8-4db5-8151-214655ce1a56:c3254, af078b8b-61ec-497f-9506-472d46a72462:c3250, 09fb9ab4-1b8d-44c0-9f8c-50855c6f1fed:c3250]
2019-08-21 12:28:09,978 [grpc-default-executor-4] INFO  client.GrpcClientProtocolClient (GrpcClientProtocolClient.java:onNext(255)) - client-C954105195FD->270584e6-a4a8-4db5-8151-214655ce1a56: receive RaftClientReply:client-C954105195FD->270584e6-a4a8-4db5-8151-214655ce1a56@group-787F5BA3AA67, cid=2208, SUCCESS, logIndex=3254, commits[270584e6-a4a8-4db5-8151-214655ce1a56:c3254, af078b8b-61ec-497f-9506-472d46a72462:c3250, 09fb9ab4-1b8d-44c0-9f8c-50855c6f1fed:c3250]
2019-08-21 12:28:09,989 | INFO  | DNAudit | user=null | ip=null | op=WRITE_CHUNK {blockData=conID: 1 locID: 102654967146414644 bcsId: 3250} | ret=SUCCESS |  
2019-08-21 12:28:09,989 | INFO  | DNAudit | user=null | ip=null | op=WRITE_CHUNK {blockData=conID: 1 locID: 102654967146414644 bcsId: 3250} | ret=SUCCESS |  
2019-08-21 12:28:09,991 | INFO  | DNAudit | user=null | ip=null | op=PUT_BLOCK {blockData=[blockId=conID: 1 locID: 102654967146414644 bcsId: 0,size=4194304]} | ret=SUCCESS |  
2019-08-21 12:28:09,991 | INFO  | DNAudit | user=null | ip=null | op=PUT_BLOCK {blockData=[blockId=conID: 1 locID: 102654967146414644 bcsId: 0,size=4194304]} | ret=SUCCESS |  
2019-08-21 12:28:09,992 [grpc-default-executor-4] INFO  client.GrpcClientProtocolClient (GrpcClientProtocolClient.java:onNext(255)) - client-C954105195FD->270584e6-a4a8-4db5-8151-214655ce1a56: receive RaftClientReply:client-C954105195FD->270584e6-a4a8-4db5-8151-214655ce1a56@group-787F5BA3AA67, cid=2209, SUCCESS, logIndex=0, commits[270584e6-a4a8-4db5-8151-214655ce1a56:c3256, af078b8b-61ec-497f-9506-472d46a72462:c3254, 09fb9ab4-1b8d-44c0-9f8c-50855c6f1fed:c3254]
2019-08-21 12:28:09,995 | INFO  | SCMAudit | user=jenkins1000 | ip=192.168.34.23 | op=ALLOCATE_BLOCK {owner=b79f83c9-5f7d-4caf-af30-78af34bc5eea, size=4194304, type=RATIS, factor=THREE} | ret=SUCCESS |  
2019-08-21 12:28:09,998 | INFO  | OMAudit | user=jenkins1000 | ip=127.0.0.1 | op=ALLOCATE_BLOCK {volume=vol-0-06517, bucket=bucket-0-64549, key=key-0-34512, dataSize=0, replicationType=null, replicationFactor=null, keyLocationInfo=null, clientID=102654965997830546} | ret=SUCCESS |  
2019-08-21 12:28:10,004 | INFO  | DNAudit | user=null | ip=null | op=WRITE_CHUNK {blockData=conID: 2 locID: 102654967152312885 bcsId: 0} | ret=SUCCESS |  
2019-08-21 12:28:10,007 | INFO  | DNAudit | user=null | ip=null | op=WRITE_CHUNK {blockData=conID: 2 locID: 102654967152312885 bcsId: 0} | ret=SUCCESS |  
2019-08-21 12:28:10,008 | INFO  | DNAudit | user=null | ip=null | op=WRITE_CHUNK {blockData=conID: 2 locID: 102654967152312885 bcsId: 0} | ret=SUCCESS |  
2019-08-21 12:28:10,008 | INFO  | DNAudit | user=null | ip=null | op=WRITE_CHUNK {blockData=conID: 2 locID: 102654967152312885 bcsId: 0} | ret=SUCCESS |  
2019-08-21 12:28:10,010 | INFO  | DNAudit | user=null | ip=null | op=WRITE_CHUNK {blockData=conID: 2 locID: 102654967152312885 bcsId: 0} | ret=SUCCESS |  
2019-08-21 12:28:10,010 | INFO  | DNAudit | user=null | ip=null | op=PUT_BLOCK {blockData=[blockId=conID: 2 locID: 102654967152312885 bcsId: 0,size=1048576]} | ret=SUCCESS |  
2019-08-21 12:28:10,010 | INFO  | DNAudit | user=null | ip=null | op=WRITE_CHUNK {blockData=conID: 2 locID: 102654967152312885 bcsId: 0} | ret=SUCCESS |  
2019-08-21 12:28:10,010 [grpc-default-executor-1] INFO  client.GrpcClientProtocolClient (GrpcClientProtocolClient.java:onNext(255)) - client-C954105195FD->270584e6-a4a8-4db5-8151-214655ce1a56: receive RaftClientReply:client-C954105195FD->270584e6-a4a8-4db5-8151-214655ce1a56@group-787F5BA3AA67, cid=2210, SUCCESS, logIndex=3257, commits[270584e6-a4a8-4db5-8151-214655ce1a56:c3258, af078b8b-61ec-497f-9506-472d46a72462:c3256, 09fb9ab4-1b8d-44c0-9f8c-50855c6f1fed:c3254]
2019-08-21 12:28:10,010 | INFO  | DNAudit | user=null | ip=null | op=WRITE_CHUNK {blockData=conID: 2 locID: 102654967152312885 bcsId: 0} | ret=SUCCESS |  
2019-08-21 12:28:10,011 [grpc-default-executor-1] INFO  client.GrpcClientProtocolClient (GrpcClientProtocolClient.java:onNext(255)) - client-C954105195FD->270584e6-a4a8-4db5-8151-214655ce1a56: receive RaftClientReply:client-C954105195FD->270584e6-a4a8-4db5-8151-214655ce1a56@group-787F5BA3AA67, cid=2211, SUCCESS, logIndex=3258, commits[270584e6-a4a8-4db5-8151-214655ce1a56:c3258, af078b8b-61ec-497f-9506-472d46a72462:c3256, 09fb9ab4-1b8d-44c0-9f8c-50855c6f1fed:c3254]
2019-08-21 12:28:10,013 | INFO  | DNAudit | user=null | ip=null | op=WRITE_CHUNK {blockData=conID: 2 locID: 102654967152312885 bcsId: 0} | ret=SUCCESS |  
2019-08-21 12:28:10,013 | INFO  | DNAudit | user=null | ip=null | op=WRITE_CHUNK {blockData=conID: 2 locID: 102654967152312885 bcsId: 0} | ret=SUCCESS |  
2019-08-21 12:28:10,013 | INFO  | DNAudit | user=null | ip=null | op=PUT_BLOCK {blockData=[blockId=conID: 2 locID: 102654967152312885 bcsId: 0,size=1048576]} | ret=SUCCESS |  
2019-08-21 12:28:10,013 | INFO  | DNAudit | user=null | ip=null | op=PUT_BLOCK {blockData=[blockId=conID: 2 locID: 102654967152312885 bcsId: 0,size=2097152]} | ret=SUCCESS |  
2019-08-21 12:28:10,013 [grpc-default-executor-1] INFO  client.GrpcClientProtocolClient (GrpcClientProtocolClient.java:onNext(255)) - client-C954105195FD->270584e6-a4a8-4db5-8151-214655ce1a56: receive RaftClientReply:client-C954105195FD->270584e6-a4a8-4db5-8151-214655ce1a56@group-787F5BA3AA67, cid=2212, SUCCESS, logIndex=3259, commits[270584e6-a4a8-4db5-8151-214655ce1a56:c3260, af078b8b-61ec-497f-9506-472d46a72462:c3258, 09fb9ab4-1b8d-44c0-9f8c-50855c6f1fed:c3256]
2019-08-21 12:28:10,014 [grpc-default-executor-1] INFO  client.GrpcClientProtocolClient (GrpcClientProtocolClient.java:onNext(255)) - client-C954105195FD->270584e6-a4a8-4db5-8151-214655ce1a56: receive RaftClientReply:client-C954105195FD->270584e6-a4a8-4db5-8151-214655ce1a56@group-787F5BA3AA67, cid=2213, SUCCESS, logIndex=3260, commits[270584e6-a4a8-4db5-8151-214655ce1a56:c3262, af078b8b-61ec-497f-9506-472d46a72462:c3258, 09fb9ab4-1b8d-44c0-9f8c-50855c6f1fed:c3256]
2019-08-21 12:28:10,014 | INFO  | DNAudit | user=null | ip=null | op=WRITE_CHUNK {blockData=conID: 2 locID: 102654967152312885 bcsId: 0} | ret=SUCCESS |  
2019-08-21 12:28:10,014 | INFO  | DNAudit | user=null | ip=null | op=WRITE_CHUNK {blockData=conID: 2 locID: 102654967152312885 bcsId: 0} | ret=SUCCESS |  
2019-08-21 12:28:10,014 | INFO  | DNAudit | user=null | ip=null | op=PUT_BLOCK {blockData=[blockId=conID: 2 locID: 102654967152312885 bcsId: 0,size=1048576]} | ret=SUCCESS |  
2019-08-21 12:28:10,015 [grpc-default-executor-4] INFO  client.GrpcClientProtocolClient (GrpcClientProtocolClient.java:onNext(255)) - client-C954105195FD->270584e6-a4a8-4db5-8151-214655ce1a56: receive RaftClientReply:client-C954105195FD->270584e6-a4a8-4db5-8151-214655ce1a56@group-787F5BA3AA67, cid=2214, SUCCESS, logIndex=0, commits[270584e6-a4a8-4db5-8151-214655ce1a56:c3263, af078b8b-61ec-497f-9506-472d46a72462:c3259, 09fb9ab4-1b8d-44c0-9f8c-50855c6f1fed:c3258]
2019-08-21 12:28:10,016 | INFO  | DNAudit | user=null | ip=null | op=WRITE_CHUNK {blockData=conID: 2 locID: 102654967152312885 bcsId: 0} | ret=SUCCESS |  
2019-08-21 12:28:10,016 | INFO  | DNAudit | user=null | ip=null | op=PUT_BLOCK {blockData=[blockId=conID: 2 locID: 102654967152312885 bcsId: 0,size=2097152]} | ret=SUCCESS |  
2019-08-21 12:28:10,016 | INFO  | DNAudit | user=null | ip=null | op=PUT_BLOCK {blockData=[blockId=conID: 2 locID: 102654967152312885 bcsId: 0,size=2097152]} | ret=SUCCESS |  
2019-08-21 12:28:10,022 | INFO  | DNAudit | user=null | ip=null | op=WRITE_CHUNK {blockData=conID: 2 locID: 102654967152312885 bcsId: 3260} | ret=SUCCESS |  
2019-08-21 12:28:10,024 | INFO  | DNAudit | user=null | ip=null | op=WRITE_CHUNK {blockData=conID: 2 locID: 102654967152312885 bcsId: 3260} | ret=SUCCESS |  
2019-08-21 12:28:10,024 | INFO  | DNAudit | user=null | ip=null | op=WRITE_CHUNK {blockData=conID: 2 locID: 102654967152312885 bcsId: 3260} | ret=SUCCESS |  
2019-08-21 12:28:10,026 | INFO  | DNAudit | user=null | ip=null | op=WRITE_CHUNK {blockData=conID: 2 locID: 102654967152312885 bcsId: 3260} | ret=SUCCESS |  
2019-08-21 12:28:10,026 | INFO  | DNAudit | user=null | ip=null | op=PUT_BLOCK {blockData=[blockId=conID: 2 locID: 102654967152312885 bcsId: 0,size=3145728]} | ret=SUCCESS |  
2019-08-21 12:28:10,026 [grpc-default-executor-2] INFO  client.GrpcClientProtocolClient (GrpcClientProtocolClient.java:onNext(255)) - client-C954105195FD->270584e6-a4a8-4db5-8151-214655ce1a56: receive RaftClientReply:client-C954105195FD->270584e6-a4a8-4db5-8151-214655ce1a56@group-787F5BA3AA67, cid=2215, SUCCESS, logIndex=3265, commits[270584e6-a4a8-4db5-8151-214655ce1a56:c3266, af078b8b-61ec-497f-9506-472d46a72462:c3260, 09fb9ab4-1b8d-44c0-9f8c-50855c6f1fed:c3264]
2019-08-21 12:28:10,027 [grpc-default-executor-2] INFO  client.GrpcClientProtocolClient (GrpcClientProtocolClient.java:onNext(255)) - client-C954105195FD->270584e6-a4a8-4db5-8151-214655ce1a56: receive RaftClientReply:client-C954105195FD->270584e6-a4a8-4db5-8151-214655ce1a56@group-787F5BA3AA67, cid=2216, SUCCESS, logIndex=3266, commits[270584e6-a4a8-4db5-8151-214655ce1a56:c3266, af078b8b-61ec-497f-9506-472d46a72462:c3264, 09fb9ab4-1b8d-44c0-9f8c-50855c6f1fed:c3264]
2019-08-21 12:28:10,029 | INFO  | DNAudit | user=null | ip=null | op=WRITE_CHUNK {blockData=conID: 2 locID: 102654967152312885 bcsId: 3260} | ret=SUCCESS |  
2019-08-21 12:28:10,029 | INFO  | DNAudit | user=null | ip=null | op=WRITE_CHUNK {blockData=conID: 2 locID: 102654967152312885 bcsId: 3260} | ret=SUCCESS |  
2019-08-21 12:28:10,030 | INFO  | DNAudit | user=null | ip=null | op=PUT_BLOCK {blockData=[blockId=conID: 2 locID: 102654967152312885 bcsId: 0,size=3145728]} | ret=SUCCESS |  
2019-08-21 12:28:10,030 | INFO  | DNAudit | user=null | ip=null | op=PUT_BLOCK {blockData=[blockId=conID: 2 locID: 102654967152312885 bcsId: 0,size=3145728]} | ret=SUCCESS |  
2019-08-21 12:28:10,033 | INFO  | DNAudit | user=null | ip=null | op=WRITE_CHUNK {blockData=conID: 2 locID: 102654967152312885 bcsId: 3266} | ret=SUCCESS |  
2019-08-21 12:28:10,035 | INFO  | DNAudit | user=null | ip=null | op=WRITE_CHUNK {blockData=conID: 2 locID: 102654967152312885 bcsId: 3266} | ret=SUCCESS |  
2019-08-21 12:28:10,036 | INFO  | DNAudit | user=null | ip=null | op=WRITE_CHUNK {blockData=conID: 2 locID: 102654967152312885 bcsId: 3266} | ret=SUCCESS |  
2019-08-21 12:28:10,038 | INFO  | DNAudit | user=null | ip=null | op=WRITE_CHUNK {blockData=conID: 2 locID: 102654967152312885 bcsId: 3266} | ret=SUCCESS |  
2019-08-21 12:28:10,038 | INFO  | DNAudit | user=null | ip=null | op=PUT_BLOCK {blockData=[blockId=conID: 2 locID: 102654967152312885 bcsId: 0,size=4194304]} | ret=SUCCESS |  
2019-08-21 12:28:10,038 [grpc-default-executor-4] INFO  client.GrpcClientProtocolClient (GrpcClientProtocolClient.java:onNext(255)) - client-C954105195FD->270584e6-a4a8-4db5-8151-214655ce1a56: receive RaftClientReply:client-C954105195FD->270584e6-a4a8-4db5-8151-214655ce1a56@group-787F5BA3AA67, cid=2217, SUCCESS, logIndex=3269, commits[270584e6-a4a8-4db5-8151-214655ce1a56:c3270, af078b8b-61ec-497f-9506-472d46a72462:c3266, 09fb9ab4-1b8d-44c0-9f8c-50855c6f1fed:c3268]
2019-08-21 12:28:10,039 [grpc-default-executor-4] INFO  client.GrpcClientProtocolClient (GrpcClientProtocolClient.java:onNext(255)) - client-C954105195FD->270584e6-a4a8-4db5-8151-214655ce1a56: receive RaftClientReply:client-C954105195FD->270584e6-a4a8-4db5-8151-214655ce1a56@group-787F5BA3AA67, cid=2218, SUCCESS, logIndex=3270, commits[270584e6-a4a8-4db5-8151-214655ce1a56:c3270, af078b8b-61ec-497f-9506-472d46a72462:c3266, 09fb9ab4-1b8d-44c0-9f8c-50855c6f1fed:c3268]
2019-08-21 12:28:10,039 | INFO  | DNAudit | user=null | ip=null | op=WRITE_CHUNK {blockData=conID: 2 locID: 102654967152312885 bcsId: 3266} | ret=SUCCESS |  
2019-08-21 12:28:10,040 | INFO  | DNAudit | user=null | ip=null | op=WRITE_CHUNK {blockData=conID: 2 locID: 102654967152312885 bcsId: 3266} | ret=SUCCESS |  
2019-08-21 12:28:10,040 | INFO  | DNAudit | user=null | ip=null | op=PUT_BLOCK {blockData=[blockId=conID: 2 locID: 102654967152312885 bcsId: 0,size=4194304]} | ret=SUCCESS |  
2019-08-21 12:28:10,042 | INFO  | DNAudit | user=null | ip=null | op=PUT_BLOCK {blockData=[blockId=conID: 2 locID: 102654967152312885 bcsId: 0,size=4194304]} | ret=SUCCESS |  
2019-08-21 12:28:10,042 [grpc-default-executor-4] INFO  client.GrpcClientProtocolClient (GrpcClientProtocolClient.java:onNext(255)) - client-C954105195FD->270584e6-a4a8-4db5-8151-214655ce1a56: receive RaftClientReply:client-C954105195FD->270584e6-a4a8-4db5-8151-214655ce1a56@group-787F5BA3AA67, cid=2219, SUCCESS, logIndex=0, commits[270584e6-a4a8-4db5-8151-214655ce1a56:c3272, af078b8b-61ec-497f-9506-472d46a72462:c3270, 09fb9ab4-1b8d-44c0-9f8c-50855c6f1fed:c3270]
2019-08-21 12:28:10,047 | INFO  | SCMAudit | user=jenkins1000 | ip=192.168.34.23 | op=ALLOCATE_BLOCK {owner=b79f83c9-5f7d-4caf-af30-78af34bc5eea, size=4194304, type=RATIS, factor=THREE} | ret=SUCCESS |  
2019-08-21 12:28:10,050 | INFO  | OMAudit | user=jenkins1000 | ip=127.0.0.1 | op=ALLOCATE_BLOCK {volume=vol-0-06517, bucket=bucket-0-64549, key=key-0-34512, dataSize=0, replicationType=null, replicationFactor=null, keyLocationInfo=null, clientID=102654965997830546} | ret=SUCCESS |  
2019-08-21 12:28:10,057 | INFO  | DNAudit | user=null | ip=null | op=WRITE_CHUNK {blockData=conID: 3 locID: 102654967155720758 bcsId: 0} | ret=SUCCESS |  
2019-08-21 12:28:10,060 | INFO  | DNAudit | user=null | ip=null | op=WRITE_CHUNK {blockData=conID: 3 locID: 102654967155720758 bcsId: 0} | ret=SUCCESS |  
2019-08-21 12:28:10,060 | INFO  | DNAudit | user=null | ip=null | op=WRITE_CHUNK {blockData=conID: 3 locID: 102654967155720758 bcsId: 0} | ret=SUCCESS |  
2019-08-21 12:28:10,060 | INFO  | DNAudit | user=null | ip=null | op=WRITE_CHUNK {blockData=conID: 3 locID: 102654967155720758 bcsId: 0} | ret=SUCCESS |  
2019-08-21 12:28:10,062 | INFO  | DNAudit | user=null | ip=null | op=WRITE_CHUNK {blockData=conID: 3 locID: 102654967155720758 bcsId: 0} | ret=SUCCESS |  
2019-08-21 12:28:10,063 | INFO  | DNAudit | user=null | ip=null | op=WRITE_CHUNK {blockData=conID: 3 locID: 102654967155720758 bcsId: 0} | ret=SUCCESS |  
2019-08-21 12:28:10,065 | INFO  | DNAudit | user=null | ip=null | op=WRITE_CHUNK {blockData=conID: 3 locID: 102654967155720758 bcsId: 0} | ret=SUCCESS |  
2019-08-21 12:28:10,065 | INFO  | DNAudit | user=null | ip=null | op=PUT_BLOCK {blockData=[blockId=conID: 3 locID: 102654967155720758 bcsId: 0,size=1048576]} | ret=SUCCESS |  
2019-08-21 12:28:10,065 [grpc-default-executor-1] INFO  client.GrpcClientProtocolClient (GrpcClientProtocolClient.java:onNext(255)) - client-C954105195FD->270584e6-a4a8-4db5-8151-214655ce1a56: receive RaftClientReply:client-C954105195FD->270584e6-a4a8-4db5-8151-214655ce1a56@group-787F5BA3AA67, cid=2220, SUCCESS, logIndex=3273, commits[270584e6-a4a8-4db5-8151-214655ce1a56:c3274, af078b8b-61ec-497f-9506-472d46a72462:c3272, 09fb9ab4-1b8d-44c0-9f8c-50855c6f1fed:c3272]
2019-08-21 12:28:10,065 | INFO  | DNAudit | user=null | ip=null | op=WRITE_CHUNK {blockData=conID: 3 locID: 102654967155720758 bcsId: 0} | ret=SUCCESS |  
2019-08-21 12:28:10,066 [grpc-default-executor-4] INFO  client.GrpcClientProtocolClient (GrpcClientProtocolClient.java:onNext(255)) - client-C954105195FD->270584e6-a4a8-4db5-8151-214655ce1a56: receive RaftClientReply:client-C954105195FD->270584e6-a4a8-4db5-8151-214655ce1a56@group-787F5BA3AA67, cid=2221, SUCCESS, logIndex=3274, commits[270584e6-a4a8-4db5-8151-214655ce1a56:c3274, af078b8b-61ec-497f-9506-472d46a72462:c3272, 09fb9ab4-1b8d-44c0-9f8c-50855c6f1fed:c3272]
2019-08-21 12:28:10,066 | INFO  | DNAudit | user=null | ip=null | op=PUT_BLOCK {blockData=[blockId=conID: 3 locID: 102654967155720758 bcsId: 0,size=2097152]} | ret=SUCCESS |  
2019-08-21 12:28:10,066 [grpc-default-executor-4] INFO  client.GrpcClientProtocolClient (GrpcClientProtocolClient.java:onNext(255)) - client-C954105195FD->270584e6-a4a8-4db5-8151-214655ce1a56: receive RaftClientReply:client-C954105195FD->270584e6-a4a8-4db5-8151-214655ce1a56@group-787F5BA3AA67, cid=2222, SUCCESS, logIndex=3275, commits[270584e6-a4a8-4db5-8151-214655ce1a56:c3276, af078b8b-61ec-497f-9506-472d46a72462:c3272, 09fb9ab4-1b8d-44c0-9f8c-50855c6f1fed:c3272]
2019-08-21 12:28:10,066 [grpc-default-executor-4] INFO  client.GrpcClientProtocolClient (GrpcClientProtocolClient.java:onNext(255)) - client-C954105195FD->270584e6-a4a8-4db5-8151-214655ce1a56: receive RaftClientReply:client-C954105195FD->270584e6-a4a8-4db5-8151-214655ce1a56@group-787F5BA3AA67, cid=2223, SUCCESS, logIndex=3276, commits[270584e6-a4a8-4db5-8151-214655ce1a56:c3276, af078b8b-61ec-497f-9506-472d46a72462:c3272, 09fb9ab4-1b8d-44c0-9f8c-50855c6f1fed:c3272]
2019-08-21 12:28:10,079 | INFO  | DNAudit | user=null | ip=null | op=WRITE_CHUNK {blockData=conID: 3 locID: 102654967155720758 bcsId: 0} | ret=SUCCESS |  
2019-08-21 12:28:10,079 | INFO  | DNAudit | user=null | ip=null | op=WRITE_CHUNK {blockData=conID: 3 locID: 102654967155720758 bcsId: 0} | ret=SUCCESS |  
2019-08-21 12:28:10,079 | INFO  | DNAudit | user=null | ip=null | op=PUT_BLOCK {blockData=[blockId=conID: 3 locID: 102654967155720758 bcsId: 0,size=1048576]} | ret=SUCCESS |  
2019-08-21 12:28:10,079 | INFO  | DNAudit | user=null | ip=null | op=PUT_BLOCK {blockData=[blockId=conID: 3 locID: 102654967155720758 bcsId: 0,size=1048576]} | ret=SUCCESS |  
2019-08-21 12:28:10,079 | INFO  | DNAudit | user=null | ip=null | op=WRITE_CHUNK {blockData=conID: 3 locID: 102654967155720758 bcsId: 0} | ret=SUCCESS |  
2019-08-21 12:28:10,079 | INFO  | DNAudit | user=null | ip=null | op=WRITE_CHUNK {blockData=conID: 3 locID: 102654967155720758 bcsId: 0} | ret=SUCCESS |  
2019-08-21 12:28:10,079 | INFO  | DNAudit | user=null | ip=null | op=PUT_BLOCK {blockData=[blockId=conID: 3 locID: 102654967155720758 bcsId: 0,size=2097152]} | ret=SUCCESS |  
2019-08-21 12:28:10,079 [grpc-default-executor-4] INFO  client.GrpcClientProtocolClient (GrpcClientProtocolClient.java:onNext(255)) - client-C954105195FD->270584e6-a4a8-4db5-8151-214655ce1a56: receive RaftClientReply:client-C954105195FD->270584e6-a4a8-4db5-8151-214655ce1a56@group-787F5BA3AA67, cid=2224, SUCCESS, logIndex=0, commits[270584e6-a4a8-4db5-8151-214655ce1a56:c3278, af078b8b-61ec-497f-9506-472d46a72462:c3274, 09fb9ab4-1b8d-44c0-9f8c-50855c6f1fed:c3274]
2019-08-21 12:28:10,080 | INFO  | DNAudit | user=null | ip=null | op=PUT_BLOCK {blockData=[blockId=conID: 3 locID: 102654967155720758 bcsId: 0,size=2097152]} | ret=SUCCESS |  
2019-08-21 12:28:10,086 | INFO  | DNAudit | user=null | ip=null | op=WRITE_CHUNK {blockData=conID: 3 locID: 102654967155720758 bcsId: 3276} | ret=SUCCESS |  
2019-08-21 12:28:10,089 | INFO  | DNAudit | user=null | ip=null | op=WRITE_CHUNK {blockData=conID: 3 locID: 102654967155720758 bcsId: 3276} | ret=SUCCESS |  
2019-08-21 12:28:10,089 | INFO  | DNAudit | user=null | ip=null | op=WRITE_CHUNK {blockData=conID: 3 locID: 102654967155720758 bcsId: 3276} | ret=SUCCESS |  
2019-08-21 12:28:10,098 | INFO  | DNAudit | user=null | ip=null | op=WRITE_CHUNK {blockData=conID: 3 locID: 102654967155720758 bcsId: 3276} | ret=SUCCESS |  
2019-08-21 12:28:10,099 | INFO  | DNAudit | user=null | ip=null | op=PUT_BLOCK {blockData=[blockId=conID: 3 locID: 102654967155720758 bcsId: 0,size=3145728]} | ret=SUCCESS |  
2019-08-21 12:28:10,099 [grpc-default-executor-4] INFO  client.GrpcClientProtocolClient (GrpcClientProtocolClient.java:onNext(255)) - client-C954105195FD->270584e6-a4a8-4db5-8151-214655ce1a56: receive RaftClientReply:client-C954105195FD->270584e6-a4a8-4db5-8151-214655ce1a56@group-787F5BA3AA67, cid=2225, SUCCESS, logIndex=3281, commits[270584e6-a4a8-4db5-8151-214655ce1a56:c3282, af078b8b-61ec-497f-9506-472d46a72462:c3280, 09fb9ab4-1b8d-44c0-9f8c-50855c6f1fed:c3280]
2019-08-21 12:28:10,099 [grpc-default-executor-4] INFO  client.GrpcClientProtocolClient (GrpcClientProtocolClient.java:onNext(255)) - client-C954105195FD->270584e6-a4a8-4db5-8151-214655ce1a56: receive RaftClientReply:client-C954105195FD->270584e6-a4a8-4db5-8151-214655ce1a56@group-787F5BA3AA67, cid=2226, SUCCESS, logIndex=3282, commits[270584e6-a4a8-4db5-8151-214655ce1a56:c3282, af078b8b-61ec-497f-9506-472d46a72462:c3280, 09fb9ab4-1b8d-44c0-9f8c-50855c6f1fed:c3280]
2019-08-21 12:28:10,106 | INFO  | DNAudit | user=null | ip=null | op=WRITE_CHUNK {blockData=conID: 3 locID: 102654967155720758 bcsId: 3282} | ret=SUCCESS |  
2019-08-21 12:28:10,108 | INFO  | DNAudit | user=null | ip=null | op=WRITE_CHUNK {blockData=conID: 3 locID: 102654967155720758 bcsId: 3282} | ret=SUCCESS |  
2019-08-21 12:28:10,108 | INFO  | DNAudit | user=null | ip=null | op=WRITE_CHUNK {blockData=conID: 3 locID: 102654967155720758 bcsId: 3282} | ret=SUCCESS |  
2019-08-21 12:28:10,110 | INFO  | DNAudit | user=null | ip=null | op=WRITE_CHUNK {blockData=conID: 3 locID: 102654967155720758 bcsId: 3276} | ret=SUCCESS |  
2019-08-21 12:28:10,110 | INFO  | DNAudit | user=null | ip=null | op=WRITE_CHUNK {blockData=conID: 3 locID: 102654967155720758 bcsId: 3276} | ret=SUCCESS |  
2019-08-21 12:28:10,112 | INFO  | DNAudit | user=null | ip=null | op=PUT_BLOCK {blockData=[blockId=conID: 3 locID: 102654967155720758 bcsId: 0,size=3145728]} | ret=SUCCESS |  
2019-08-21 12:28:10,112 | INFO  | DNAudit | user=null | ip=null | op=PUT_BLOCK {blockData=[blockId=conID: 3 locID: 102654967155720758 bcsId: 0,size=3145728]} | ret=SUCCESS |  
2019-08-21 12:28:10,113 | INFO  | DNAudit | user=null | ip=null | op=WRITE_CHUNK {blockData=conID: 3 locID: 102654967155720758 bcsId: 3282} | ret=SUCCESS |  
2019-08-21 12:28:10,113 | INFO  | DNAudit | user=null | ip=null | op=PUT_BLOCK {blockData=[blockId=conID: 3 locID: 102654967155720758 bcsId: 0,size=4194304]} | ret=SUCCESS |  
2019-08-21 12:28:10,113 [grpc-default-executor-2] INFO  client.GrpcClientProtocolClient (GrpcClientProtocolClient.java:onNext(255)) - client-C954105195FD->270584e6-a4a8-4db5-8151-214655ce1a56: receive RaftClientReply:client-C954105195FD->270584e6-a4a8-4db5-8151-214655ce1a56@group-787F5BA3AA67, cid=2227, SUCCESS, logIndex=3285, commits[270584e6-a4a8-4db5-8151-214655ce1a56:c3286, af078b8b-61ec-497f-9506-472d46a72462:c3282, 09fb9ab4-1b8d-44c0-9f8c-50855c6f1fed:c3282]
2019-08-21 12:28:10,114 [grpc-default-executor-2] INFO  client.GrpcClientProtocolClient (GrpcClientProtocolClient.java:onNext(255)) - client-C954105195FD->270584e6-a4a8-4db5-8151-214655ce1a56: receive RaftClientReply:client-C954105195FD->270584e6-a4a8-4db5-8151-214655ce1a56@group-787F5BA3AA67, cid=2228, SUCCESS, logIndex=3286, commits[270584e6-a4a8-4db5-8151-214655ce1a56:c3286, af078b8b-61ec-497f-9506-472d46a72462:c3282, 09fb9ab4-1b8d-44c0-9f8c-50855c6f1fed:c3282]
2019-08-21 12:28:10,124 | INFO  | DNAudit | user=null | ip=null | op=WRITE_CHUNK {blockData=conID: 3 locID: 102654967155720758 bcsId: 3282} | ret=SUCCESS |  
2019-08-21 12:28:10,124 | INFO  | DNAudit | user=null | ip=null | op=WRITE_CHUNK {blockData=conID: 3 locID: 102654967155720758 bcsId: 3282} | ret=SUCCESS |  
2019-08-21 12:28:10,127 | INFO  | DNAudit | user=null | ip=null | op=PUT_BLOCK {blockData=[blockId=conID: 3 locID: 102654967155720758 bcsId: 0,size=4194304]} | ret=SUCCESS |  
2019-08-21 12:28:10,127 | INFO  | DNAudit | user=null | ip=null | op=PUT_BLOCK {blockData=[blockId=conID: 3 locID: 102654967155720758 bcsId: 0,size=4194304]} | ret=SUCCESS |  
2019-08-21 12:28:10,128 [grpc-default-executor-1] INFO  client.GrpcClientProtocolClient (GrpcClientProtocolClient.java:onNext(255)) - client-C954105195FD->270584e6-a4a8-4db5-8151-214655ce1a56: receive RaftClientReply:client-C954105195FD->270584e6-a4a8-4db5-8151-214655ce1a56@group-787F5BA3AA67, cid=2229, SUCCESS, logIndex=0, commits[270584e6-a4a8-4db5-8151-214655ce1a56:c3288, af078b8b-61ec-497f-9506-472d46a72462:c3286, 09fb9ab4-1b8d-44c0-9f8c-50855c6f1fed:c3286]
2019-08-21 12:28:10,133 | INFO  | SCMAudit | user=jenkins1000 | ip=192.168.34.23 | op=ALLOCATE_BLOCK {owner=b79f83c9-5f7d-4caf-af30-78af34bc5eea, size=4194304, type=RATIS, factor=THREE} | ret=SUCCESS |  
2019-08-21 12:28:10,137 | INFO  | OMAudit | user=jenkins1000 | ip=127.0.0.1 | op=ALLOCATE_BLOCK {volume=vol-0-06517, bucket=bucket-0-64549, key=key-0-34512, dataSize=0, replicationType=null, replicationFactor=null, keyLocationInfo=null, clientID=102654965997830546} | ret=SUCCESS |  
2019-08-21 12:28:10,147 | INFO  | DNAudit | user=null | ip=null | op=WRITE_CHUNK {blockData=conID: 1 locID: 102654967161356855 bcsId: 0} | ret=SUCCESS |  
2019-08-21 12:28:10,147 | INFO  | DNAudit | user=null | ip=null | op=WRITE_CHUNK {blockData=conID: 1 locID: 102654967161356855 bcsId: 0} | ret=SUCCESS |  
2019-08-21 12:28:10,147 | INFO  | DNAudit | user=null | ip=null | op=WRITE_CHUNK {blockData=conID: 1 locID: 102654967161356855 bcsId: 0} | ret=SUCCESS |  
2019-08-21 12:28:10,147 | INFO  | DNAudit | user=null | ip=null | op=WRITE_CHUNK {blockData=conID: 1 locID: 102654967161356855 bcsId: 0} | ret=SUCCESS |  
2019-08-21 12:28:10,150 | INFO  | DNAudit | user=null | ip=null | op=WRITE_CHUNK {blockData=conID: 1 locID: 102654967161356855 bcsId: 0} | ret=SUCCESS |  
2019-08-21 12:28:10,150 | INFO  | DNAudit | user=null | ip=null | op=WRITE_CHUNK {blockData=conID: 1 locID: 102654967161356855 bcsId: 0} | ret=SUCCESS |  
2019-08-21 12:28:10,160 | INFO  | DNAudit | user=null | ip=null | op=WRITE_CHUNK {blockData=conID: 1 locID: 102654967161356855 bcsId: 0} | ret=SUCCESS |  
2019-08-21 12:28:10,160 | INFO  | DNAudit | user=null | ip=null | op=PUT_BLOCK {blockData=[blockId=conID: 1 locID: 102654967161356855 bcsId: 0,size=1048576]} | ret=SUCCESS |  
2019-08-21 12:28:10,160 [grpc-default-executor-2] INFO  client.GrpcClientProtocolClient (GrpcClientProtocolClient.java:onNext(255)) - client-C954105195FD->270584e6-a4a8-4db5-8151-214655ce1a56: receive RaftClientReply:client-C954105195FD->270584e6-a4a8-4db5-8151-214655ce1a56@group-787F5BA3AA67, cid=2230, SUCCESS, logIndex=3289, commits[270584e6-a4a8-4db5-8151-214655ce1a56:c3290, af078b8b-61ec-497f-9506-472d46a72462:c3288, 09fb9ab4-1b8d-44c0-9f8c-50855c6f1fed:c3288]
2019-08-21 12:28:10,160 | INFO  | DNAudit | user=null | ip=null | op=WRITE_CHUNK {blockData=conID: 1 locID: 102654967161356855 bcsId: 0} | ret=SUCCESS |  
2019-08-21 12:28:10,161 | INFO  | DNAudit | user=null | ip=null | op=PUT_BLOCK {blockData=[blockId=conID: 1 locID: 102654967161356855 bcsId: 0,size=2097152]} | ret=SUCCESS |  
2019-08-21 12:28:10,161 [grpc-default-executor-2] INFO  client.GrpcClientProtocolClient (GrpcClientProtocolClient.java:onNext(255)) - client-C954105195FD->270584e6-a4a8-4db5-8151-214655ce1a56: receive RaftClientReply:client-C954105195FD->270584e6-a4a8-4db5-8151-214655ce1a56@group-787F5BA3AA67, cid=2231, SUCCESS, logIndex=3290, commits[270584e6-a4a8-4db5-8151-214655ce1a56:c3292, af078b8b-61ec-497f-9506-472d46a72462:c3288, 09fb9ab4-1b8d-44c0-9f8c-50855c6f1fed:c3288]
2019-08-21 12:28:10,161 [grpc-default-executor-2] INFO  client.GrpcClientProtocolClient (GrpcClientProtocolClient.java:onNext(255)) - client-C954105195FD->270584e6-a4a8-4db5-8151-214655ce1a56: receive RaftClientReply:client-C954105195FD->270584e6-a4a8-4db5-8151-214655ce1a56@group-787F5BA3AA67, cid=2232, SUCCESS, logIndex=3291, commits[270584e6-a4a8-4db5-8151-214655ce1a56:c3292, af078b8b-61ec-497f-9506-472d46a72462:c3288, 09fb9ab4-1b8d-44c0-9f8c-50855c6f1fed:c3288]
2019-08-21 12:28:10,161 [grpc-default-executor-2] INFO  client.GrpcClientProtocolClient (GrpcClientProtocolClient.java:onNext(255)) - client-C954105195FD->270584e6-a4a8-4db5-8151-214655ce1a56: receive RaftClientReply:client-C954105195FD->270584e6-a4a8-4db5-8151-214655ce1a56@group-787F5BA3AA67, cid=2233, SUCCESS, logIndex=3292, commits[270584e6-a4a8-4db5-8151-214655ce1a56:c3292, af078b8b-61ec-497f-9506-472d46a72462:c3288, 09fb9ab4-1b8d-44c0-9f8c-50855c6f1fed:c3288]
2019-08-21 12:28:10,173 | INFO  | DNAudit | user=null | ip=null | op=WRITE_CHUNK {blockData=conID: 1 locID: 102654967161356855 bcsId: 0} | ret=SUCCESS |  
2019-08-21 12:28:10,173 | INFO  | DNAudit | user=null | ip=null | op=PUT_BLOCK {blockData=[blockId=conID: 1 locID: 102654967161356855 bcsId: 0,size=1048576]} | ret=SUCCESS |  
2019-08-21 12:28:10,174 | INFO  | DNAudit | user=null | ip=null | op=WRITE_CHUNK {blockData=conID: 1 locID: 102654967161356855 bcsId: 0} | ret=SUCCESS |  
2019-08-21 12:28:10,174 | INFO  | DNAudit | user=null | ip=null | op=PUT_BLOCK {blockData=[blockId=conID: 1 locID: 102654967161356855 bcsId: 0,size=1048576]} | ret=SUCCESS |  
2019-08-21 12:28:10,174 | INFO  | DNAudit | user=null | ip=null | op=WRITE_CHUNK {blockData=conID: 1 locID: 102654967161356855 bcsId: 0} | ret=SUCCESS |  
2019-08-21 12:28:10,174 | INFO  | DNAudit | user=null | ip=null | op=WRITE_CHUNK {blockData=conID: 1 locID: 102654967161356855 bcsId: 0} | ret=SUCCESS |  
2019-08-21 12:28:10,174 [grpc-default-executor-1] INFO  client.GrpcClientProtocolClient (GrpcClientProtocolClient.java:onNext(255)) - client-C954105195FD->270584e6-a4a8-4db5-8151-214655ce1a56: receive RaftClientReply:client-C954105195FD->270584e6-a4a8-4db5-8151-214655ce1a56@group-787F5BA3AA67, cid=2234, SUCCESS, logIndex=0, commits[270584e6-a4a8-4db5-8151-214655ce1a56:c3294, af078b8b-61ec-497f-9506-472d46a72462:c3290, 09fb9ab4-1b8d-44c0-9f8c-50855c6f1fed:c3290]
2019-08-21 12:28:10,174 | INFO  | DNAudit | user=null | ip=null | op=PUT_BLOCK {blockData=[blockId=conID: 1 locID: 102654967161356855 bcsId: 0,size=2097152]} | ret=SUCCESS |  
2019-08-21 12:28:10,174 | INFO  | DNAudit | user=null | ip=null | op=PUT_BLOCK {blockData=[blockId=conID: 1 locID: 102654967161356855 bcsId: 0,size=2097152]} | ret=SUCCESS |  
2019-08-21 12:28:10,180 | INFO  | DNAudit | user=null | ip=null | op=WRITE_CHUNK {blockData=conID: 1 locID: 102654967161356855 bcsId: 3292} | ret=SUCCESS |  
2019-08-21 12:28:10,183 | INFO  | DNAudit | user=null | ip=null | op=WRITE_CHUNK {blockData=conID: 1 locID: 102654967161356855 bcsId: 3292} | ret=SUCCESS |  
2019-08-21 12:28:10,183 | INFO  | DNAudit | user=null | ip=null | op=WRITE_CHUNK {blockData=conID: 1 locID: 102654967161356855 bcsId: 3292} | ret=SUCCESS |  
2019-08-21 12:28:10,189 | INFO  | SCMAudit | user=jenkins1000 | ip=192.168.34.23 | op=SEND_HEARTBEAT {datanodeUUID=0aa4def6-fe9f-4182-b0b1-80406548816f, command=[]} | ret=SUCCESS |  
2019-08-21 12:28:10,189 | INFO  | SCMAudit | user=jenkins1000 | ip=192.168.34.23 | op=SEND_HEARTBEAT {datanodeUUID=39ae8c09-9b4b-4ddc-906b-4e52d104e1b1, command=[]} | ret=SUCCESS |  
2019-08-21 12:28:10,192 | INFO  | DNAudit | user=null | ip=null | op=WRITE_CHUNK {blockData=conID: 1 locID: 102654967161356855 bcsId: 3292} | ret=SUCCESS |  
2019-08-21 12:28:10,193 | INFO  | DNAudit | user=null | ip=null | op=PUT_BLOCK {blockData=[blockId=conID: 1 locID: 102654967161356855 bcsId: 0,size=3145728]} | ret=SUCCESS |  
2019-08-21 12:28:10,193 [grpc-default-executor-1] INFO  client.GrpcClientProtocolClient (GrpcClientProtocolClient.java:onNext(255)) - client-C954105195FD->270584e6-a4a8-4db5-8151-214655ce1a56: receive RaftClientReply:client-C954105195FD->270584e6-a4a8-4db5-8151-214655ce1a56@group-787F5BA3AA67, cid=2235, SUCCESS, logIndex=3297, commits[270584e6-a4a8-4db5-8151-214655ce1a56:c3298, af078b8b-61ec-497f-9506-472d46a72462:c3296, 09fb9ab4-1b8d-44c0-9f8c-50855c6f1fed:c3296]
2019-08-21 12:28:10,193 [grpc-default-executor-1] INFO  client.GrpcClientProtocolClient (GrpcClientProtocolClient.java:onNext(255)) - client-C954105195FD->270584e6-a4a8-4db5-8151-214655ce1a56: receive RaftClientReply:client-C954105195FD->270584e6-a4a8-4db5-8151-214655ce1a56@group-787F5BA3AA67, cid=2236, SUCCESS, logIndex=3298, commits[270584e6-a4a8-4db5-8151-214655ce1a56:c3298, af078b8b-61ec-497f-9506-472d46a72462:c3296, 09fb9ab4-1b8d-44c0-9f8c-50855c6f1fed:c3296]
2019-08-21 12:28:10,200 | INFO  | DNAudit | user=null | ip=null | op=WRITE_CHUNK {blockData=conID: 1 locID: 102654967161356855 bcsId: 3298} | ret=SUCCESS |  
2019-08-21 12:28:10,203 | INFO  | DNAudit | user=null | ip=null | op=WRITE_CHUNK {blockData=conID: 1 locID: 102654967161356855 bcsId: 3298} | ret=SUCCESS |  
2019-08-21 12:28:10,203 | INFO  | DNAudit | user=null | ip=null | op=WRITE_CHUNK {blockData=conID: 1 locID: 102654967161356855 bcsId: 3298} | ret=SUCCESS |  
2019-08-21 12:28:10,204 | INFO  | DNAudit | user=null | ip=null | op=WRITE_CHUNK {blockData=conID: 1 locID: 102654967161356855 bcsId: 3292} | ret=SUCCESS |  
2019-08-21 12:28:10,204 | INFO  | DNAudit | user=null | ip=null | op=WRITE_CHUNK {blockData=conID: 1 locID: 102654967161356855 bcsId: 3292} | ret=SUCCESS |  
2019-08-21 12:28:10,207 | INFO  | DNAudit | user=null | ip=null | op=PUT_BLOCK {blockData=[blockId=conID: 1 locID: 102654967161356855 bcsId: 0,size=3145728]} | ret=SUCCESS |  
2019-08-21 12:28:10,207 | INFO  | DNAudit | user=null | ip=null | op=PUT_BLOCK {blockData=[blockId=conID: 1 locID: 102654967161356855 bcsId: 0,size=3145728]} | ret=SUCCESS |  
2019-08-21 12:28:10,208 | INFO  | DNAudit | user=null | ip=null | op=WRITE_CHUNK {blockData=conID: 1 locID: 102654967161356855 bcsId: 3298} | ret=SUCCESS |  
2019-08-21 12:28:10,208 | INFO  | DNAudit | user=null | ip=null | op=PUT_BLOCK {blockData=[blockId=conID: 1 locID: 102654967161356855 bcsId: 0,size=4194304]} | ret=SUCCESS |  
2019-08-21 12:28:10,209 [grpc-default-executor-2] INFO  client.GrpcClientProtocolClient (GrpcClientProtocolClient.java:onNext(255)) - client-C954105195FD->270584e6-a4a8-4db5-8151-214655ce1a56: receive RaftClientReply:client-C954105195FD->270584e6-a4a8-4db5-8151-214655ce1a56@group-787F5BA3AA67, cid=2237, SUCCESS, logIndex=3301, commits[270584e6-a4a8-4db5-8151-214655ce1a56:c3302, af078b8b-61ec-497f-9506-472d46a72462:c3298, 09fb9ab4-1b8d-44c0-9f8c-50855c6f1fed:c3298]
2019-08-21 12:28:10,209 [grpc-default-executor-2] INFO  client.GrpcClientProtocolClient (GrpcClientProtocolClient.java:onNext(255)) - client-C954105195FD->270584e6-a4a8-4db5-8151-214655ce1a56: receive RaftClientReply:client-C954105195FD->270584e6-a4a8-4db5-8151-214655ce1a56@group-787F5BA3AA67, cid=2238, SUCCESS, logIndex=3302, commits[270584e6-a4a8-4db5-8151-214655ce1a56:c3302, af078b8b-61ec-497f-9506-472d46a72462:c3298, 09fb9ab4-1b8d-44c0-9f8c-50855c6f1fed:c3298]
2019-08-21 12:28:10,221 | INFO  | DNAudit | user=null | ip=null | op=WRITE_CHUNK {blockData=conID: 1 locID: 102654967161356855 bcsId: 3298} | ret=SUCCESS |  
2019-08-21 12:28:10,221 | INFO  | DNAudit | user=null | ip=null | op=WRITE_CHUNK {blockData=conID: 1 locID: 102654967161356855 bcsId: 3298} | ret=SUCCESS |  
2019-08-21 12:28:10,222 | INFO  | DNAudit | user=null | ip=null | op=PUT_BLOCK {blockData=[blockId=conID: 1 locID: 102654967161356855 bcsId: 0,size=4194304]} | ret=SUCCESS |  
2019-08-21 12:28:10,233 | INFO  | DNAudit | user=null | ip=null | op=PUT_BLOCK {blockData=[blockId=conID: 1 locID: 102654967161356855 bcsId: 0,size=4194304]} | ret=SUCCESS |  
2019-08-21 12:28:10,234 [grpc-default-executor-2] INFO  client.GrpcClientProtocolClient (GrpcClientProtocolClient.java:onNext(255)) - client-C954105195FD->270584e6-a4a8-4db5-8151-214655ce1a56: receive RaftClientReply:client-C954105195FD->270584e6-a4a8-4db5-8151-214655ce1a56@group-787F5BA3AA67, cid=2239, SUCCESS, logIndex=0, commits[270584e6-a4a8-4db5-8151-214655ce1a56:c3303, af078b8b-61ec-497f-9506-472d46a72462:c3302, 09fb9ab4-1b8d-44c0-9f8c-50855c6f1fed:c3302]
2019-08-21 12:28:10,240 | INFO  | SCMAudit | user=jenkins1000 | ip=192.168.34.23 | op=ALLOCATE_BLOCK {owner=b79f83c9-5f7d-4caf-af30-78af34bc5eea, size=4194304, type=RATIS, factor=THREE} | ret=SUCCESS |  
2019-08-21 12:28:10,244 | INFO  | OMAudit | user=jenkins1000 | ip=127.0.0.1 | op=ALLOCATE_BLOCK {volume=vol-0-06517, bucket=bucket-0-64549, key=key-0-34512, dataSize=0, replicationType=null, replicationFactor=null, keyLocationInfo=null, clientID=102654965997830546} | ret=SUCCESS |  
2019-08-21 12:28:10,251 | INFO  | DNAudit | user=null | ip=null | op=WRITE_CHUNK {blockData=conID: 2 locID: 102654967168369208 bcsId: 0} | ret=SUCCESS |  
2019-08-21 12:28:10,254 | INFO  | DNAudit | user=null | ip=null | op=WRITE_CHUNK {blockData=conID: 2 locID: 102654967168369208 bcsId: 0} | ret=SUCCESS |  
2019-08-21 12:28:10,254 | INFO  | DNAudit | user=null | ip=null | op=WRITE_CHUNK {blockData=conID: 2 locID: 102654967168369208 bcsId: 0} | ret=SUCCESS |  
2019-08-21 12:28:10,255 | INFO  | DNAudit | user=null | ip=null | op=WRITE_CHUNK {blockData=conID: 2 locID: 102654967168369208 bcsId: 0} | ret=SUCCESS |  
2019-08-21 12:28:10,257 | INFO  | DNAudit | user=null | ip=null | op=WRITE_CHUNK {blockData=conID: 2 locID: 102654967168369208 bcsId: 0} | ret=SUCCESS |  
2019-08-21 12:28:10,257 | INFO  | DNAudit | user=null | ip=null | op=WRITE_CHUNK {blockData=conID: 2 locID: 102654967168369208 bcsId: 0} | ret=SUCCESS |  
2019-08-21 12:28:10,265 | INFO  | DNAudit | user=null | ip=null | op=WRITE_CHUNK {blockData=conID: 2 locID: 102654967168369208 bcsId: 0} | ret=SUCCESS |  
2019-08-21 12:28:10,266 | INFO  | DNAudit | user=null | ip=null | op=PUT_BLOCK {blockData=[blockId=conID: 2 locID: 102654967168369208 bcsId: 0,size=1048576]} | ret=SUCCESS |  
2019-08-21 12:28:10,266 [grpc-default-executor-4] INFO  client.GrpcClientProtocolClient (GrpcClientProtocolClient.java:onNext(255)) - client-C954105195FD->270584e6-a4a8-4db5-8151-214655ce1a56: receive RaftClientReply:client-C954105195FD->270584e6-a4a8-4db5-8151-214655ce1a56@group-787F5BA3AA67, cid=2240, SUCCESS, logIndex=3305, commits[270584e6-a4a8-4db5-8151-214655ce1a56:c3306, af078b8b-61ec-497f-9506-472d46a72462:c3304, 09fb9ab4-1b8d-44c0-9f8c-50855c6f1fed:c3304]
2019-08-21 12:28:10,267 | INFO  | DNAudit | user=null | ip=null | op=WRITE_CHUNK {blockData=conID: 2 locID: 102654967168369208 bcsId: 0} | ret=SUCCESS |  
2019-08-21 12:28:10,267 [grpc-default-executor-2] INFO  client.GrpcClientProtocolClient (GrpcClientProtocolClient.java:onNext(255)) - client-C954105195FD->270584e6-a4a8-4db5-8151-214655ce1a56: receive RaftClientReply:client-C954105195FD->270584e6-a4a8-4db5-8151-214655ce1a56@group-787F5BA3AA67, cid=2241, SUCCESS, logIndex=3306, commits[270584e6-a4a8-4db5-8151-214655ce1a56:c3306, af078b8b-61ec-497f-9506-472d46a72462:c3304, 09fb9ab4-1b8d-44c0-9f8c-50855c6f1fed:c3304]
2019-08-21 12:28:10,267 | INFO  | DNAudit | user=null | ip=null | op=PUT_BLOCK {blockData=[blockId=conID: 2 locID: 102654967168369208 bcsId: 0,size=2097152]} | ret=SUCCESS |  
2019-08-21 12:28:10,267 [grpc-default-executor-4] INFO  client.GrpcClientProtocolClient (GrpcClientProtocolClient.java:onNext(255)) - client-C954105195FD->270584e6-a4a8-4db5-8151-214655ce1a56: receive RaftClientReply:client-C954105195FD->270584e6-a4a8-4db5-8151-214655ce1a56@group-787F5BA3AA67, cid=2242, SUCCESS, logIndex=3307, commits[270584e6-a4a8-4db5-8151-214655ce1a56:c3307, af078b8b-61ec-497f-9506-472d46a72462:c3304, 09fb9ab4-1b8d-44c0-9f8c-50855c6f1fed:c3304]
2019-08-21 12:28:10,268 | INFO  | DNAudit | user=null | ip=null | op=WRITE_CHUNK {blockData=conID: 2 locID: 102654967168369208 bcsId: 0} | ret=SUCCESS |  
2019-08-21 12:28:10,268 [grpc-default-executor-4] INFO  client.GrpcClientProtocolClient (GrpcClientProtocolClient.java:onNext(255)) - client-C954105195FD->270584e6-a4a8-4db5-8151-214655ce1a56: receive RaftClientReply:client-C954105195FD->270584e6-a4a8-4db5-8151-214655ce1a56@group-787F5BA3AA67, cid=2243, SUCCESS, logIndex=3308, commits[270584e6-a4a8-4db5-8151-214655ce1a56:c3308, af078b8b-61ec-497f-9506-472d46a72462:c3304, 09fb9ab4-1b8d-44c0-9f8c-50855c6f1fed:c3304]
2019-08-21 12:28:10,268 | INFO  | DNAudit | user=null | ip=null | op=PUT_BLOCK {blockData=[blockId=conID: 2 locID: 102654967168369208 bcsId: 0,size=1048576]} | ret=SUCCESS |  
2019-08-21 12:28:10,270 | INFO  | DNAudit | user=null | ip=null | op=WRITE_CHUNK {blockData=conID: 2 locID: 102654967168369208 bcsId: 0} | ret=SUCCESS |  
2019-08-21 12:28:10,270 | INFO  | DNAudit | user=null | ip=null | op=PUT_BLOCK {blockData=[blockId=conID: 2 locID: 102654967168369208 bcsId: 0,size=1048576]} | ret=SUCCESS |  
2019-08-21 12:28:10,271 | INFO  | DNAudit | user=null | ip=null | op=WRITE_CHUNK {blockData=conID: 2 locID: 102654967168369208 bcsId: 0} | ret=SUCCESS |  
2019-08-21 12:28:10,272 | INFO  | DNAudit | user=null | ip=null | op=PUT_BLOCK {blockData=[blockId=conID: 2 locID: 102654967168369208 bcsId: 0,size=2097152]} | ret=SUCCESS |  
2019-08-21 12:28:10,272 | INFO  | DNAudit | user=null | ip=null | op=WRITE_CHUNK {blockData=conID: 2 locID: 102654967168369208 bcsId: 0} | ret=SUCCESS |  
2019-08-21 12:28:10,272 [grpc-default-executor-4] INFO  client.GrpcClientProtocolClient (GrpcClientProtocolClient.java:onNext(255)) - client-C954105195FD->270584e6-a4a8-4db5-8151-214655ce1a56: receive RaftClientReply:client-C954105195FD->270584e6-a4a8-4db5-8151-214655ce1a56@group-787F5BA3AA67, cid=2244, SUCCESS, logIndex=0, commits[270584e6-a4a8-4db5-8151-214655ce1a56:c3310, af078b8b-61ec-497f-9506-472d46a72462:c3306, 09fb9ab4-1b8d-44c0-9f8c-50855c6f1fed:c3306]
2019-08-21 12:28:10,272 | INFO  | DNAudit | user=null | ip=null | op=PUT_BLOCK {blockData=[blockId=conID: 2 locID: 102654967168369208 bcsId: 0,size=2097152]} | ret=SUCCESS |  
2019-08-21 12:28:10,418 | INFO  | DNAudit | user=null | ip=null | op=WRITE_CHUNK {blockData=conID: 2 locID: 102654967168369208 bcsId: 3308} | ret=SUCCESS |  
2019-08-21 12:28:10,422 | INFO  | DNAudit | user=null | ip=null | op=WRITE_CHUNK {blockData=conID: 2 locID: 102654967168369208 bcsId: 3308} | ret=SUCCESS |  
2019-08-21 12:28:10,422 | INFO  | DNAudit | user=null | ip=null | op=WRITE_CHUNK {blockData=conID: 2 locID: 102654967168369208 bcsId: 3308} | ret=SUCCESS |  
2019-08-21 12:28:10,431 | INFO  | DNAudit | user=null | ip=null | op=WRITE_CHUNK {blockData=conID: 2 locID: 102654967168369208 bcsId: 3308} | ret=SUCCESS |  
2019-08-21 12:28:10,432 | INFO  | DNAudit | user=null | ip=null | op=PUT_BLOCK {blockData=[blockId=conID: 2 locID: 102654967168369208 bcsId: 0,size=3145728]} | ret=SUCCESS |  
2019-08-21 12:28:10,432 [grpc-default-executor-2] INFO  client.GrpcClientProtocolClient (GrpcClientProtocolClient.java:onNext(255)) - client-C954105195FD->270584e6-a4a8-4db5-8151-214655ce1a56: receive RaftClientReply:client-C954105195FD->270584e6-a4a8-4db5-8151-214655ce1a56@group-787F5BA3AA67, cid=2245, SUCCESS, logIndex=3313, commits[270584e6-a4a8-4db5-8151-214655ce1a56:c3314, af078b8b-61ec-497f-9506-472d46a72462:c3312, 09fb9ab4-1b8d-44c0-9f8c-50855c6f1fed:c3312]
2019-08-21 12:28:10,433 [grpc-default-executor-2] INFO  client.GrpcClientProtocolClient (GrpcClientProtocolClient.java:onNext(255)) - client-C954105195FD->270584e6-a4a8-4db5-8151-214655ce1a56: receive RaftClientReply:client-C954105195FD->270584e6-a4a8-4db5-8151-214655ce1a56@group-787F5BA3AA67, cid=2246, SUCCESS, logIndex=3314, commits[270584e6-a4a8-4db5-8151-214655ce1a56:c3314, af078b8b-61ec-497f-9506-472d46a72462:c3312, 09fb9ab4-1b8d-44c0-9f8c-50855c6f1fed:c3312]
2019-08-21 12:28:10,440 | INFO  | DNAudit | user=null | ip=null | op=WRITE_CHUNK {blockData=conID: 2 locID: 102654967168369208 bcsId: 3314} | ret=SUCCESS |  
2019-08-21 12:28:10,443 | INFO  | DNAudit | user=null | ip=null | op=WRITE_CHUNK {blockData=conID: 2 locID: 102654967168369208 bcsId: 3308} | ret=SUCCESS |  
2019-08-21 12:28:10,443 | INFO  | DNAudit | user=null | ip=null | op=WRITE_CHUNK {blockData=conID: 2 locID: 102654967168369208 bcsId: 3308} | ret=SUCCESS |  
2019-08-21 12:28:10,444 | INFO  | DNAudit | user=null | ip=null | op=WRITE_CHUNK {blockData=conID: 2 locID: 102654967168369208 bcsId: 3314} | ret=SUCCESS |  
2019-08-21 12:28:10,444 | INFO  | DNAudit | user=null | ip=null | op=WRITE_CHUNK {blockData=conID: 2 locID: 102654967168369208 bcsId: 3314} | ret=SUCCESS |  
2019-08-21 12:28:10,455 | INFO  | DNAudit | user=null | ip=null | op=PUT_BLOCK {blockData=[blockId=conID: 2 locID: 102654967168369208 bcsId: 0,size=3145728]} | ret=SUCCESS |  
2019-08-21 12:28:10,456 | INFO  | DNAudit | user=null | ip=null | op=PUT_BLOCK {blockData=[blockId=conID: 2 locID: 102654967168369208 bcsId: 0,size=3145728]} | ret=SUCCESS |  
2019-08-21 12:28:10,456 | INFO  | DNAudit | user=null | ip=null | op=WRITE_CHUNK {blockData=conID: 2 locID: 102654967168369208 bcsId: 3314} | ret=SUCCESS |  
2019-08-21 12:28:10,457 | INFO  | DNAudit | user=null | ip=null | op=PUT_BLOCK {blockData=[blockId=conID: 2 locID: 102654967168369208 bcsId: 0,size=4194304]} | ret=SUCCESS |  
2019-08-21 12:28:10,457 [grpc-default-executor-2] INFO  client.GrpcClientProtocolClient (GrpcClientProtocolClient.java:onNext(255)) - client-C954105195FD->270584e6-a4a8-4db5-8151-214655ce1a56: receive RaftClientReply:client-C954105195FD->270584e6-a4a8-4db5-8151-214655ce1a56@group-787F5BA3AA67, cid=2247, SUCCESS, logIndex=3317, commits[270584e6-a4a8-4db5-8151-214655ce1a56:c3318, af078b8b-61ec-497f-9506-472d46a72462:c3314, 09fb9ab4-1b8d-44c0-9f8c-50855c6f1fed:c3314]
2019-08-21 12:28:10,457 [grpc-default-executor-2] INFO  client.GrpcClientProtocolClient (GrpcClientProtocolClient.java:onNext(255)) - client-C954105195FD->270584e6-a4a8-4db5-8151-214655ce1a56: receive RaftClientReply:client-C954105195FD->270584e6-a4a8-4db5-8151-214655ce1a56@group-787F5BA3AA67, cid=2248, SUCCESS, logIndex=3318, commits[270584e6-a4a8-4db5-8151-214655ce1a56:c3318, af078b8b-61ec-497f-9506-472d46a72462:c3314, 09fb9ab4-1b8d-44c0-9f8c-50855c6f1fed:c3314]
2019-08-21 12:28:10,468 | INFO  | DNAudit | user=null | ip=null | op=WRITE_CHUNK {blockData=conID: 2 locID: 102654967168369208 bcsId: 3314} | ret=SUCCESS |  
2019-08-21 12:28:10,468 | INFO  | DNAudit | user=null | ip=null | op=WRITE_CHUNK {blockData=conID: 2 locID: 102654967168369208 bcsId: 3314} | ret=SUCCESS |  
2019-08-21 12:28:10,470 | INFO  | DNAudit | user=null | ip=null | op=PUT_BLOCK {blockData=[blockId=conID: 2 locID: 102654967168369208 bcsId: 0,size=4194304]} | ret=SUCCESS |  
2019-08-21 12:28:10,470 | INFO  | DNAudit | user=null | ip=null | op=PUT_BLOCK {blockData=[blockId=conID: 2 locID: 102654967168369208 bcsId: 0,size=4194304]} | ret=SUCCESS |  
2019-08-21 12:28:10,471 [grpc-default-executor-2] INFO  client.GrpcClientProtocolClient (GrpcClientProtocolClient.java:onNext(255)) - client-C954105195FD->270584e6-a4a8-4db5-8151-214655ce1a56: receive RaftClientReply:client-C954105195FD->270584e6-a4a8-4db5-8151-214655ce1a56@group-787F5BA3AA67, cid=2249, SUCCESS, logIndex=0, commits[270584e6-a4a8-4db5-8151-214655ce1a56:c3320, af078b8b-61ec-497f-9506-472d46a72462:c3318, 09fb9ab4-1b8d-44c0-9f8c-50855c6f1fed:c3318]
2019-08-21 12:28:10,476 | INFO  | SCMAudit | user=jenkins1000 | ip=192.168.34.23 | op=ALLOCATE_BLOCK {owner=b79f83c9-5f7d-4caf-af30-78af34bc5eea, size=4194304, type=RATIS, factor=THREE} | ret=SUCCESS |  
2019-08-21 12:28:10,478 | INFO  | OMAudit | user=jenkins1000 | ip=127.0.0.1 | op=ALLOCATE_BLOCK {volume=vol-0-06517, bucket=bucket-0-64549, key=key-0-34512, dataSize=0, replicationType=null, replicationFactor=null, keyLocationInfo=null, clientID=102654965997830546} | ret=SUCCESS |  
2019-08-21 12:28:10,486 | INFO  | DNAudit | user=null | ip=null | op=WRITE_CHUNK {blockData=conID: 3 locID: 102654967183835705 bcsId: 0} | ret=SUCCESS |  
2019-08-21 12:28:10,490 | INFO  | DNAudit | user=null | ip=null | op=WRITE_CHUNK {blockData=conID: 3 locID: 102654967183835705 bcsId: 0} | ret=SUCCESS |  
2019-08-21 12:28:10,491 | INFO  | DNAudit | user=null | ip=null | op=WRITE_CHUNK {blockData=conID: 3 locID: 102654967183835705 bcsId: 0} | ret=SUCCESS |  
2019-08-21 12:28:10,491 | INFO  | DNAudit | user=null | ip=null | op=WRITE_CHUNK {blockData=conID: 3 locID: 102654967183835705 bcsId: 0} | ret=SUCCESS |  
2019-08-21 12:28:10,493 | INFO  | DNAudit | user=null | ip=null | op=WRITE_CHUNK {blockData=conID: 3 locID: 102654967183835705 bcsId: 0} | ret=SUCCESS |  
2019-08-21 12:28:10,494 | INFO  | DNAudit | user=null | ip=null | op=WRITE_CHUNK {blockData=conID: 3 locID: 102654967183835705 bcsId: 0} | ret=SUCCESS |  
2019-08-21 12:28:10,499 | INFO  | DNAudit | user=null | ip=null | op=WRITE_CHUNK {blockData=conID: 3 locID: 102654967183835705 bcsId: 0} | ret=SUCCESS |  
2019-08-21 12:28:10,499 | INFO  | DNAudit | user=null | ip=null | op=PUT_BLOCK {blockData=[blockId=conID: 3 locID: 102654967183835705 bcsId: 0,size=1048576]} | ret=SUCCESS |  
2019-08-21 12:28:10,500 | INFO  | DNAudit | user=null | ip=null | op=WRITE_CHUNK {blockData=conID: 3 locID: 102654967183835705 bcsId: 0} | ret=SUCCESS |  
2019-08-21 12:28:10,500 [grpc-default-executor-4] INFO  client.GrpcClientProtocolClient (GrpcClientProtocolClient.java:onNext(255)) - client-C954105195FD->270584e6-a4a8-4db5-8151-214655ce1a56: receive RaftClientReply:client-C954105195FD->270584e6-a4a8-4db5-8151-214655ce1a56@group-787F5BA3AA67, cid=2250, SUCCESS, logIndex=3321, commits[270584e6-a4a8-4db5-8151-214655ce1a56:c3322, af078b8b-61ec-497f-9506-472d46a72462:c3320, 09fb9ab4-1b8d-44c0-9f8c-50855c6f1fed:c3320]
2019-08-21 12:28:10,500 | INFO  | DNAudit | user=null | ip=null | op=PUT_BLOCK {blockData=[blockId=conID: 3 locID: 102654967183835705 bcsId: 0,size=2097152]} | ret=SUCCESS |  
2019-08-21 12:28:10,500 [grpc-default-executor-4] INFO  client.GrpcClientProtocolClient (GrpcClientProtocolClient.java:onNext(255)) - client-C954105195FD->270584e6-a4a8-4db5-8151-214655ce1a56: receive RaftClientReply:client-C954105195FD->270584e6-a4a8-4db5-8151-214655ce1a56@group-787F5BA3AA67, cid=2251, SUCCESS, logIndex=3322, commits[270584e6-a4a8-4db5-8151-214655ce1a56:c3322, af078b8b-61ec-497f-9506-472d46a72462:c3320, 09fb9ab4-1b8d-44c0-9f8c-50855c6f1fed:c3320]
2019-08-21 12:28:10,501 [grpc-default-executor-4] INFO  client.GrpcClientProtocolClient (GrpcClientProtocolClient.java:onNext(255)) - client-C954105195FD->270584e6-a4a8-4db5-8151-214655ce1a56: receive RaftClientReply:client-C954105195FD->270584e6-a4a8-4db5-8151-214655ce1a56@group-787F5BA3AA67, cid=2252, SUCCESS, logIndex=3323, commits[270584e6-a4a8-4db5-8151-214655ce1a56:c3324, af078b8b-61ec-497f-9506-472d46a72462:c3320, 09fb9ab4-1b8d-44c0-9f8c-50855c6f1fed:c3320]
2019-08-21 12:28:10,501 [grpc-default-executor-4] INFO  client.GrpcClientProtocolClient (GrpcClientProtocolClient.java:onNext(255)) - client-C954105195FD->270584e6-a4a8-4db5-8151-214655ce1a56: receive RaftClientReply:client-C954105195FD->270584e6-a4a8-4db5-8151-214655ce1a56@group-787F5BA3AA67, cid=2253, SUCCESS, logIndex=3324, commits[270584e6-a4a8-4db5-8151-214655ce1a56:c3324, af078b8b-61ec-497f-9506-472d46a72462:c3320, 09fb9ab4-1b8d-44c0-9f8c-50855c6f1fed:c3320]
2019-08-21 12:28:10,512 | INFO  | DNAudit | user=null | ip=null | op=WRITE_CHUNK {blockData=conID: 3 locID: 102654967183835705 bcsId: 0} | ret=SUCCESS |  
2019-08-21 12:28:10,512 | INFO  | DNAudit | user=null | ip=null | op=WRITE_CHUNK {blockData=conID: 3 locID: 102654967183835705 bcsId: 0} | ret=SUCCESS |  
2019-08-21 12:28:10,512 | INFO  | DNAudit | user=null | ip=null | op=PUT_BLOCK {blockData=[blockId=conID: 3 locID: 102654967183835705 bcsId: 0,size=1048576]} | ret=SUCCESS |  
2019-08-21 12:28:10,512 | INFO  | DNAudit | user=null | ip=null | op=PUT_BLOCK {blockData=[blockId=conID: 3 locID: 102654967183835705 bcsId: 0,size=1048576]} | ret=SUCCESS |  
2019-08-21 12:28:10,513 | INFO  | DNAudit | user=null | ip=null | op=WRITE_CHUNK {blockData=conID: 3 locID: 102654967183835705 bcsId: 0} | ret=SUCCESS |  
2019-08-21 12:28:10,513 | INFO  | DNAudit | user=null | ip=null | op=WRITE_CHUNK {blockData=conID: 3 locID: 102654967183835705 bcsId: 0} | ret=SUCCESS |  
2019-08-21 12:28:10,513 | INFO  | DNAudit | user=null | ip=null | op=PUT_BLOCK {blockData=[blockId=conID: 3 locID: 102654967183835705 bcsId: 0,size=2097152]} | ret=SUCCESS |  
2019-08-21 12:28:10,513 | INFO  | DNAudit | user=null | ip=null | op=PUT_BLOCK {blockData=[blockId=conID: 3 locID: 102654967183835705 bcsId: 0,size=2097152]} | ret=SUCCESS |  
2019-08-21 12:28:10,513 [grpc-default-executor-4] INFO  client.GrpcClientProtocolClient (GrpcClientProtocolClient.java:onNext(255)) - client-C954105195FD->270584e6-a4a8-4db5-8151-214655ce1a56: receive RaftClientReply:client-C954105195FD->270584e6-a4a8-4db5-8151-214655ce1a56@group-787F5BA3AA67, cid=2254, SUCCESS, logIndex=0, commits[270584e6-a4a8-4db5-8151-214655ce1a56:c3326, af078b8b-61ec-497f-9506-472d46a72462:c3322, 09fb9ab4-1b8d-44c0-9f8c-50855c6f1fed:c3322]
2019-08-21 12:28:10,521 | INFO  | DNAudit | user=null | ip=null | op=WRITE_CHUNK {blockData=conID: 3 locID: 102654967183835705 bcsId: 3324} | ret=SUCCESS |  
2019-08-21 12:28:10,522 | INFO  | DNAudit | user=null | ip=null | op=WRITE_CHUNK {blockData=conID: 3 locID: 102654967183835705 bcsId: 3324} | ret=SUCCESS |  
2019-08-21 12:28:10,523 | INFO  | DNAudit | user=null | ip=null | op=WRITE_CHUNK {blockData=conID: 3 locID: 102654967183835705 bcsId: 3324} | ret=SUCCESS |  
2019-08-21 12:28:10,534 | INFO  | DNAudit | user=null | ip=null | op=WRITE_CHUNK {blockData=conID: 3 locID: 102654967183835705 bcsId: 3324} | ret=SUCCESS |  
2019-08-21 12:28:10,534 | INFO  | DNAudit | user=null | ip=null | op=PUT_BLOCK {blockData=[blockId=conID: 3 locID: 102654967183835705 bcsId: 0,size=3145728]} | ret=SUCCESS |  
2019-08-21 12:28:10,534 [grpc-default-executor-2] INFO  client.GrpcClientProtocolClient (GrpcClientProtocolClient.java:onNext(255)) - client-C954105195FD->270584e6-a4a8-4db5-8151-214655ce1a56: receive RaftClientReply:client-C954105195FD->270584e6-a4a8-4db5-8151-214655ce1a56@group-787F5BA3AA67, cid=2255, SUCCESS, logIndex=3329, commits[270584e6-a4a8-4db5-8151-214655ce1a56:c3330, af078b8b-61ec-497f-9506-472d46a72462:c3328, 09fb9ab4-1b8d-44c0-9f8c-50855c6f1fed:c3328]
2019-08-21 12:28:10,535 [grpc-default-executor-2] INFO  client.GrpcClientProtocolClient (GrpcClientProtocolClient.java:onNext(255)) - client-C954105195FD->270584e6-a4a8-4db5-8151-214655ce1a56: receive RaftClientReply:client-C954105195FD->270584e6-a4a8-4db5-8151-214655ce1a56@group-787F5BA3AA67, cid=2256, SUCCESS, logIndex=3330, commits[270584e6-a4a8-4db5-8151-214655ce1a56:c3330, af078b8b-61ec-497f-9506-472d46a72462:c3328, 09fb9ab4-1b8d-44c0-9f8c-50855c6f1fed:c3328]
2019-08-21 12:28:10,542 | INFO  | DNAudit | user=null | ip=null | op=WRITE_CHUNK {blockData=conID: 3 locID: 102654967183835705 bcsId: 3330} | ret=SUCCESS |  
2019-08-21 12:28:10,544 | INFO  | DNAudit | user=null | ip=null | op=WRITE_CHUNK {blockData=conID: 3 locID: 102654967183835705 bcsId: 3330} | ret=SUCCESS |  
2019-08-21 12:28:10,544 | INFO  | DNAudit | user=null | ip=null | op=WRITE_CHUNK {blockData=conID: 3 locID: 102654967183835705 bcsId: 3330} | ret=SUCCESS |  
2019-08-21 12:28:10,547 | INFO  | DNAudit | user=null | ip=null | op=WRITE_CHUNK {blockData=conID: 3 locID: 102654967183835705 bcsId: 3324} | ret=SUCCESS |  
2019-08-21 12:28:10,547 | INFO  | DNAudit | user=null | ip=null | op=WRITE_CHUNK {blockData=conID: 3 locID: 102654967183835705 bcsId: 3324} | ret=SUCCESS |  
2019-08-21 12:28:10,561 | INFO  | DNAudit | user=null | ip=null | op=PUT_BLOCK {blockData=[blockId=conID: 3 locID: 102654967183835705 bcsId: 0,size=3145728]} | ret=SUCCESS |  
2019-08-21 12:28:10,561 | INFO  | DNAudit | user=null | ip=null | op=PUT_BLOCK {blockData=[blockId=conID: 3 locID: 102654967183835705 bcsId: 0,size=3145728]} | ret=SUCCESS |  
2019-08-21 12:28:10,561 | INFO  | DNAudit | user=null | ip=null | op=WRITE_CHUNK {blockData=conID: 3 locID: 102654967183835705 bcsId: 3330} | ret=SUCCESS |  
2019-08-21 12:28:10,561 | INFO  | DNAudit | user=null | ip=null | op=PUT_BLOCK {blockData=[blockId=conID: 3 locID: 102654967183835705 bcsId: 0,size=4194304]} | ret=SUCCESS |  
2019-08-21 12:28:10,562 [grpc-default-executor-1] INFO  client.GrpcClientProtocolClient (GrpcClientProtocolClient.java:onNext(255)) - client-C954105195FD->270584e6-a4a8-4db5-8151-214655ce1a56: receive RaftClientReply:client-C954105195FD->270584e6-a4a8-4db5-8151-214655ce1a56@group-787F5BA3AA67, cid=2257, SUCCESS, logIndex=3333, commits[270584e6-a4a8-4db5-8151-214655ce1a56:c3334, af078b8b-61ec-497f-9506-472d46a72462:c3330, 09fb9ab4-1b8d-44c0-9f8c-50855c6f1fed:c3330]
2019-08-21 12:28:10,562 [grpc-default-executor-1] INFO  client.GrpcClientProtocolClient (GrpcClientProtocolClient.java:onNext(255)) - client-C954105195FD->270584e6-a4a8-4db5-8151-214655ce1a56: receive RaftClientReply:client-C954105195FD->270584e6-a4a8-4db5-8151-214655ce1a56@group-787F5BA3AA67, cid=2258, SUCCESS, logIndex=3334, commits[270584e6-a4a8-4db5-8151-214655ce1a56:c3334, af078b8b-61ec-497f-9506-472d46a72462:c3330, 09fb9ab4-1b8d-44c0-9f8c-50855c6f1fed:c3330]
2019-08-21 12:28:10,575 | INFO  | DNAudit | user=null | ip=null | op=WRITE_CHUNK {blockData=conID: 3 locID: 102654967183835705 bcsId: 3330} | ret=SUCCESS |  
2019-08-21 12:28:10,575 | INFO  | DNAudit | user=null | ip=null | op=WRITE_CHUNK {blockData=conID: 3 locID: 102654967183835705 bcsId: 3330} | ret=SUCCESS |  
2019-08-21 12:28:10,578 | INFO  | DNAudit | user=null | ip=null | op=PUT_BLOCK {blockData=[blockId=conID: 3 locID: 102654967183835705 bcsId: 0,size=4194304]} | ret=SUCCESS |  
2019-08-21 12:28:10,578 | INFO  | DNAudit | user=null | ip=null | op=PUT_BLOCK {blockData=[blockId=conID: 3 locID: 102654967183835705 bcsId: 0,size=4194304]} | ret=SUCCESS |  
2019-08-21 12:28:10,579 [grpc-default-executor-1] INFO  client.GrpcClientProtocolClient (GrpcClientProtocolClient.java:onNext(255)) - client-C954105195FD->270584e6-a4a8-4db5-8151-214655ce1a56: receive RaftClientReply:client-C954105195FD->270584e6-a4a8-4db5-8151-214655ce1a56@group-787F5BA3AA67, cid=2259, SUCCESS, logIndex=0, commits[270584e6-a4a8-4db5-8151-214655ce1a56:c3336, af078b8b-61ec-497f-9506-472d46a72462:c3334, 09fb9ab4-1b8d-44c0-9f8c-50855c6f1fed:c3334]
2019-08-21 12:28:10,584 | INFO  | SCMAudit | user=jenkins1000 | ip=192.168.34.23 | op=ALLOCATE_BLOCK {owner=b79f83c9-5f7d-4caf-af30-78af34bc5eea, size=4194304, type=RATIS, factor=THREE} | ret=SUCCESS |  
2019-08-21 12:28:10,586 | INFO  | OMAudit | user=jenkins1000 | ip=127.0.0.1 | op=ALLOCATE_BLOCK {volume=vol-0-06517, bucket=bucket-0-64549, key=key-0-34512, dataSize=0, replicationType=null, replicationFactor=null, keyLocationInfo=null, clientID=102654965997830546} | ret=SUCCESS |  
2019-08-21 12:28:10,594 | INFO  | DNAudit | user=null | ip=null | op=WRITE_CHUNK {blockData=conID: 1 locID: 102654967190848058 bcsId: 0} | ret=SUCCESS |  
2019-08-21 12:28:10,597 | INFO  | DNAudit | user=null | ip=null | op=WRITE_CHUNK {blockData=conID: 1 locID: 102654967190848058 bcsId: 0} | ret=SUCCESS |  
2019-08-21 12:28:10,597 | INFO  | DNAudit | user=null | ip=null | op=WRITE_CHUNK {blockData=conID: 1 locID: 102654967190848058 bcsId: 0} | ret=SUCCESS |  
2019-08-21 12:28:10,597 | INFO  | DNAudit | user=null | ip=null | op=WRITE_CHUNK {blockData=conID: 1 locID: 102654967190848058 bcsId: 0} | ret=SUCCESS |  
2019-08-21 12:28:10,598 | INFO  | DNAudit | user=null | ip=null | op=WRITE_CHUNK {blockData=conID: 1 locID: 102654967190848058 bcsId: 0} | ret=SUCCESS |  
2019-08-21 12:28:10,599 | INFO  | DNAudit | user=null | ip=null | op=WRITE_CHUNK {blockData=conID: 1 locID: 102654967190848058 bcsId: 0} | ret=SUCCESS |  
2019-08-21 12:28:10,605 | INFO  | DNAudit | user=null | ip=null | op=WRITE_CHUNK {blockData=conID: 1 locID: 102654967190848058 bcsId: 0} | ret=SUCCESS |  
2019-08-21 12:28:10,606 | INFO  | DNAudit | user=null | ip=null | op=PUT_BLOCK {blockData=[blockId=conID: 1 locID: 102654967190848058 bcsId: 0,size=1048576]} | ret=SUCCESS |  
2019-08-21 12:28:10,606 | INFO  | DNAudit | user=null | ip=null | op=WRITE_CHUNK {blockData=conID: 1 locID: 102654967190848058 bcsId: 0} | ret=SUCCESS |  
2019-08-21 12:28:10,606 [grpc-default-executor-4] INFO  client.GrpcClientProtocolClient (GrpcClientProtocolClient.java:onNext(255)) - client-C954105195FD->270584e6-a4a8-4db5-8151-214655ce1a56: receive RaftClientReply:client-C954105195FD->270584e6-a4a8-4db5-8151-214655ce1a56@group-787F5BA3AA67, cid=2260, SUCCESS, logIndex=3337, commits[270584e6-a4a8-4db5-8151-214655ce1a56:c3339, af078b8b-61ec-497f-9506-472d46a72462:c3336, 09fb9ab4-1b8d-44c0-9f8c-50855c6f1fed:c3336]
2019-08-21 12:28:10,606 | INFO  | DNAudit | user=null | ip=null | op=PUT_BLOCK {blockData=[blockId=conID: 1 locID: 102654967190848058 bcsId: 0,size=2097152]} | ret=SUCCESS |  
2019-08-21 12:28:10,607 | INFO  | DNAudit | user=null | ip=null | op=WRITE_CHUNK {blockData=conID: 1 locID: 102654967190848058 bcsId: 0} | ret=SUCCESS |  
2019-08-21 12:28:10,607 [grpc-default-executor-4] INFO  client.GrpcClientProtocolClient (GrpcClientProtocolClient.java:onNext(255)) - client-C954105195FD->270584e6-a4a8-4db5-8151-214655ce1a56: receive RaftClientReply:client-C954105195FD->270584e6-a4a8-4db5-8151-214655ce1a56@group-787F5BA3AA67, cid=2261, SUCCESS, logIndex=3338, commits[270584e6-a4a8-4db5-8151-214655ce1a56:c3340, af078b8b-61ec-497f-9506-472d46a72462:c3336, 09fb9ab4-1b8d-44c0-9f8c-50855c6f1fed:c3336]
2019-08-21 12:28:10,607 | INFO  | DNAudit | user=null | ip=null | op=PUT_BLOCK {blockData=[blockId=conID: 1 locID: 102654967190848058 bcsId: 0,size=1048576]} | ret=SUCCESS |  
2019-08-21 12:28:10,607 [grpc-default-executor-4] INFO  client.GrpcClientProtocolClient (GrpcClientProtocolClient.java:onNext(255)) - client-C954105195FD->270584e6-a4a8-4db5-8151-214655ce1a56: receive RaftClientReply:client-C954105195FD->270584e6-a4a8-4db5-8151-214655ce1a56@group-787F5BA3AA67, cid=2262, SUCCESS, logIndex=3339, commits[270584e6-a4a8-4db5-8151-214655ce1a56:c3340, af078b8b-61ec-497f-9506-472d46a72462:c3336, 09fb9ab4-1b8d-44c0-9f8c-50855c6f1fed:c3336]
2019-08-21 12:28:10,607 [grpc-default-executor-4] INFO  client.GrpcClientProtocolClient (GrpcClientProtocolClient.java:onNext(255)) - client-C954105195FD->270584e6-a4a8-4db5-8151-214655ce1a56: receive RaftClientReply:client-C954105195FD->270584e6-a4a8-4db5-8151-214655ce1a56@group-787F5BA3AA67, cid=2263, SUCCESS, logIndex=3340, commits[270584e6-a4a8-4db5-8151-214655ce1a56:c3341, af078b8b-61ec-497f-9506-472d46a72462:c3336, 09fb9ab4-1b8d-44c0-9f8c-50855c6f1fed:c3337]
2019-08-21 12:28:10,608 | INFO  | DNAudit | user=null | ip=null | op=WRITE_CHUNK {blockData=conID: 1 locID: 102654967190848058 bcsId: 0} | ret=SUCCESS |  
2019-08-21 12:28:10,609 | INFO  | DNAudit | user=null | ip=null | op=PUT_BLOCK {blockData=[blockId=conID: 1 locID: 102654967190848058 bcsId: 0,size=1048576]} | ret=SUCCESS |  
2019-08-21 12:28:10,609 | INFO  | DNAudit | user=null | ip=null | op=WRITE_CHUNK {blockData=conID: 1 locID: 102654967190848058 bcsId: 0} | ret=SUCCESS |  
2019-08-21 12:28:10,609 [grpc-default-executor-4] INFO  client.GrpcClientProtocolClient (GrpcClientProtocolClient.java:onNext(255)) - client-C954105195FD->270584e6-a4a8-4db5-8151-214655ce1a56: receive RaftClientReply:client-C954105195FD->270584e6-a4a8-4db5-8151-214655ce1a56@group-787F5BA3AA67, cid=2264, SUCCESS, logIndex=0, commits[270584e6-a4a8-4db5-8151-214655ce1a56:c3342, af078b8b-61ec-497f-9506-472d46a72462:c3338, 09fb9ab4-1b8d-44c0-9f8c-50855c6f1fed:c3338]
2019-08-21 12:28:10,610 | INFO  | DNAudit | user=null | ip=null | op=WRITE_CHUNK {blockData=conID: 1 locID: 102654967190848058 bcsId: 0} | ret=SUCCESS |  
2019-08-21 12:28:10,610 | INFO  | DNAudit | user=null | ip=null | op=PUT_BLOCK {blockData=[blockId=conID: 1 locID: 102654967190848058 bcsId: 0,size=2097152]} | ret=SUCCESS |  
2019-08-21 12:28:10,610 | INFO  | DNAudit | user=null | ip=null | op=PUT_BLOCK {blockData=[blockId=conID: 1 locID: 102654967190848058 bcsId: 0,size=2097152]} | ret=SUCCESS |  
2019-08-21 12:28:10,616 | INFO  | DNAudit | user=null | ip=null | op=WRITE_CHUNK {blockData=conID: 1 locID: 102654967190848058 bcsId: 3340} | ret=SUCCESS |  
2019-08-21 12:28:10,618 | INFO  | DNAudit | user=null | ip=null | op=WRITE_CHUNK {blockData=conID: 1 locID: 102654967190848058 bcsId: 3340} | ret=SUCCESS |  
2019-08-21 12:28:10,618 | INFO  | DNAudit | user=null | ip=null | op=WRITE_CHUNK {blockData=conID: 1 locID: 102654967190848058 bcsId: 3340} | ret=SUCCESS |  
2019-08-21 12:28:10,628 | INFO  | DNAudit | user=null | ip=null | op=WRITE_CHUNK {blockData=conID: 1 locID: 102654967190848058 bcsId: 3340} | ret=SUCCESS |  
2019-08-21 12:28:10,628 | INFO  | DNAudit | user=null | ip=null | op=PUT_BLOCK {blockData=[blockId=conID: 1 locID: 102654967190848058 bcsId: 0,size=3145728]} | ret=SUCCESS |  
2019-08-21 12:28:10,628 [grpc-default-executor-1] INFO  client.GrpcClientProtocolClient (GrpcClientProtocolClient.java:onNext(255)) - client-C954105195FD->270584e6-a4a8-4db5-8151-214655ce1a56: receive RaftClientReply:client-C954105195FD->270584e6-a4a8-4db5-8151-214655ce1a56@group-787F5BA3AA67, cid=2265, SUCCESS, logIndex=3345, commits[270584e6-a4a8-4db5-8151-214655ce1a56:c3346, af078b8b-61ec-497f-9506-472d46a72462:c3344, 09fb9ab4-1b8d-44c0-9f8c-50855c6f1fed:c3344]
2019-08-21 12:28:10,629 [grpc-default-executor-1] INFO  client.GrpcClientProtocolClient (GrpcClientProtocolClient.java:onNext(255)) - client-C954105195FD->270584e6-a4a8-4db5-8151-214655ce1a56: receive RaftClientReply:client-C954105195FD->270584e6-a4a8-4db5-8151-214655ce1a56@group-787F5BA3AA67, cid=2266, SUCCESS, logIndex=3346, commits[270584e6-a4a8-4db5-8151-214655ce1a56:c3346, af078b8b-61ec-497f-9506-472d46a72462:c3344, 09fb9ab4-1b8d-44c0-9f8c-50855c6f1fed:c3344]
2019-08-21 12:28:10,636 | INFO  | DNAudit | user=null | ip=null | op=WRITE_CHUNK {blockData=conID: 1 locID: 102654967190848058 bcsId: 3346} | ret=SUCCESS |  
2019-08-21 12:28:10,638 | INFO  | DNAudit | user=null | ip=null | op=WRITE_CHUNK {blockData=conID: 1 locID: 102654967190848058 bcsId: 3346} | ret=SUCCESS |  
2019-08-21 12:28:10,639 | INFO  | DNAudit | user=null | ip=null | op=WRITE_CHUNK {blockData=conID: 1 locID: 102654967190848058 bcsId: 3346} | ret=SUCCESS |  
2019-08-21 12:28:10,640 | INFO  | DNAudit | user=null | ip=null | op=WRITE_CHUNK {blockData=conID: 1 locID: 102654967190848058 bcsId: 3340} | ret=SUCCESS |  
2019-08-21 12:28:10,640 | INFO  | DNAudit | user=null | ip=null | op=WRITE_CHUNK {blockData=conID: 1 locID: 102654967190848058 bcsId: 3340} | ret=SUCCESS |  
2019-08-21 12:28:10,640 | INFO  | DNAudit | user=null | ip=null | op=PUT_BLOCK {blockData=[blockId=conID: 1 locID: 102654967190848058 bcsId: 0,size=3145728]} | ret=SUCCESS |  
2019-08-21 12:28:10,640 | INFO  | DNAudit | user=null | ip=null | op=PUT_BLOCK {blockData=[blockId=conID: 1 locID: 102654967190848058 bcsId: 0,size=3145728]} | ret=SUCCESS |  
2019-08-21 12:28:10,643 | INFO  | DNAudit | user=null | ip=null | op=WRITE_CHUNK {blockData=conID: 1 locID: 102654967190848058 bcsId: 3346} | ret=SUCCESS |  
2019-08-21 12:28:10,643 | INFO  | DNAudit | user=null | ip=null | op=PUT_BLOCK {blockData=[blockId=conID: 1 locID: 102654967190848058 bcsId: 0,size=4194304]} | ret=SUCCESS |  
2019-08-21 12:28:10,643 [grpc-default-executor-4] INFO  client.GrpcClientProtocolClient (GrpcClientProtocolClient.java:onNext(255)) - client-C954105195FD->270584e6-a4a8-4db5-8151-214655ce1a56: receive RaftClientReply:client-C954105195FD->270584e6-a4a8-4db5-8151-214655ce1a56@group-787F5BA3AA67, cid=2267, SUCCESS, logIndex=3349, commits[270584e6-a4a8-4db5-8151-214655ce1a56:c3350, af078b8b-61ec-497f-9506-472d46a72462:c3346, 09fb9ab4-1b8d-44c0-9f8c-50855c6f1fed:c3346]
2019-08-21 12:28:10,644 [grpc-default-executor-4] INFO  client.GrpcClientProtocolClient (GrpcClientProtocolClient.java:onNext(255)) - client-C954105195FD->270584e6-a4a8-4db5-8151-214655ce1a56: receive RaftClientReply:client-C954105195FD->270584e6-a4a8-4db5-8151-214655ce1a56@group-787F5BA3AA67, cid=2268, SUCCESS, logIndex=3350, commits[270584e6-a4a8-4db5-8151-214655ce1a56:c3350, af078b8b-61ec-497f-9506-472d46a72462:c3346, 09fb9ab4-1b8d-44c0-9f8c-50855c6f1fed:c3346]
2019-08-21 12:28:10,654 | INFO  | DNAudit | user=null | ip=null | op=WRITE_CHUNK {blockData=conID: 1 locID: 102654967190848058 bcsId: 3346} | ret=SUCCESS |  
2019-08-21 12:28:10,654 | INFO  | DNAudit | user=null | ip=null | op=WRITE_CHUNK {blockData=conID: 1 locID: 102654967190848058 bcsId: 3346} | ret=SUCCESS |  
2019-08-21 12:28:10,655 | INFO  | DNAudit | user=null | ip=null | op=PUT_BLOCK {blockData=[blockId=conID: 1 locID: 102654967190848058 bcsId: 0,size=4194304]} | ret=SUCCESS |  
2019-08-21 12:28:10,657 | INFO  | DNAudit | user=null | ip=null | op=PUT_BLOCK {blockData=[blockId=conID: 1 locID: 102654967190848058 bcsId: 0,size=4194304]} | ret=SUCCESS |  
2019-08-21 12:28:10,657 [grpc-default-executor-4] INFO  client.GrpcClientProtocolClient (GrpcClientProtocolClient.java:onNext(255)) - client-C954105195FD->270584e6-a4a8-4db5-8151-214655ce1a56: receive RaftClientReply:client-C954105195FD->270584e6-a4a8-4db5-8151-214655ce1a56@group-787F5BA3AA67, cid=2269, SUCCESS, logIndex=0, commits[270584e6-a4a8-4db5-8151-214655ce1a56:c3352, af078b8b-61ec-497f-9506-472d46a72462:c3350, 09fb9ab4-1b8d-44c0-9f8c-50855c6f1fed:c3350]
2019-08-21 12:28:10,664 | INFO  | SCMAudit | user=jenkins1000 | ip=192.168.34.23 | op=ALLOCATE_BLOCK {owner=b79f83c9-5f7d-4caf-af30-78af34bc5eea, size=4194304, type=RATIS, factor=THREE} | ret=SUCCESS |  
2019-08-21 12:28:10,668 | INFO  | OMAudit | user=jenkins1000 | ip=127.0.0.1 | op=ALLOCATE_BLOCK {volume=vol-0-06517, bucket=bucket-0-64549, key=key-0-34512, dataSize=0, replicationType=null, replicationFactor=null, keyLocationInfo=null, clientID=102654965997830546} | ret=SUCCESS |  
2019-08-21 12:28:10,675 | INFO  | DNAudit | user=null | ip=null | op=WRITE_CHUNK {blockData=conID: 2 locID: 102654967196090939 bcsId: 0} | ret=SUCCESS |  
2019-08-21 12:28:10,678 | INFO  | DNAudit | user=null | ip=null | op=WRITE_CHUNK {blockData=conID: 2 locID: 102654967196090939 bcsId: 0} | ret=SUCCESS |  
2019-08-21 12:28:10,679 | INFO  | DNAudit | user=null | ip=null | op=WRITE_CHUNK {blockData=conID: 2 locID: 102654967196090939 bcsId: 0} | ret=SUCCESS |  
2019-08-21 12:28:10,680 | INFO  | DNAudit | user=null | ip=null | op=WRITE_CHUNK {blockData=conID: 2 locID: 102654967196090939 bcsId: 0} | ret=SUCCESS |  
2019-08-21 12:28:10,681 | INFO  | DNAudit | user=null | ip=null | op=WRITE_CHUNK {blockData=conID: 2 locID: 102654967196090939 bcsId: 0} | ret=SUCCESS |  
2019-08-21 12:28:10,681 | INFO  | DNAudit | user=null | ip=null | op=WRITE_CHUNK {blockData=conID: 2 locID: 102654967196090939 bcsId: 0} | ret=SUCCESS |  
2019-08-21 12:28:10,692 | INFO  | DNAudit | user=null | ip=null | op=WRITE_CHUNK {blockData=conID: 2 locID: 102654967196090939 bcsId: 0} | ret=SUCCESS |  
2019-08-21 12:28:10,693 | INFO  | DNAudit | user=null | ip=null | op=PUT_BLOCK {blockData=[blockId=conID: 2 locID: 102654967196090939 bcsId: 0,size=1048576]} | ret=SUCCESS |  
2019-08-21 12:28:10,693 | INFO  | DNAudit | user=null | ip=null | op=WRITE_CHUNK {blockData=conID: 2 locID: 102654967196090939 bcsId: 0} | ret=SUCCESS |  
2019-08-21 12:28:10,693 [grpc-default-executor-5] INFO  client.GrpcClientProtocolClient (GrpcClientProtocolClient.java:onNext(255)) - client-C954105195FD->270584e6-a4a8-4db5-8151-214655ce1a56: receive RaftClientReply:client-C954105195FD->270584e6-a4a8-4db5-8151-214655ce1a56@group-787F5BA3AA67, cid=2270, SUCCESS, logIndex=3353, commits[270584e6-a4a8-4db5-8151-214655ce1a56:c3354, af078b8b-61ec-497f-9506-472d46a72462:c3352, 09fb9ab4-1b8d-44c0-9f8c-50855c6f1fed:c3352]
2019-08-21 12:28:10,694 | INFO  | DNAudit | user=null | ip=null | op=PUT_BLOCK {blockData=[blockId=conID: 2 locID: 102654967196090939 bcsId: 0,size=2097152]} | ret=SUCCESS |  
2019-08-21 12:28:10,694 | INFO  | DNAudit | user=null | ip=null | op=WRITE_CHUNK {blockData=conID: 2 locID: 102654967196090939 bcsId: 0} | ret=SUCCESS |  
2019-08-21 12:28:10,694 | INFO  | DNAudit | user=null | ip=null | op=WRITE_CHUNK {blockData=conID: 2 locID: 102654967196090939 bcsId: 0} | ret=SUCCESS |  
2019-08-21 12:28:10,694 | INFO  | DNAudit | user=null | ip=null | op=PUT_BLOCK {blockData=[blockId=conID: 2 locID: 102654967196090939 bcsId: 0,size=1048576]} | ret=SUCCESS |  
2019-08-21 12:28:10,694 | INFO  | DNAudit | user=null | ip=null | op=PUT_BLOCK {blockData=[blockId=conID: 2 locID: 102654967196090939 bcsId: 0,size=1048576]} | ret=SUCCESS |  
2019-08-21 12:28:10,694 [grpc-default-executor-5] INFO  client.GrpcClientProtocolClient (GrpcClientProtocolClient.java:onNext(255)) - client-C954105195FD->270584e6-a4a8-4db5-8151-214655ce1a56: receive RaftClientReply:client-C954105195FD->270584e6-a4a8-4db5-8151-214655ce1a56@group-787F5BA3AA67, cid=2271, SUCCESS, logIndex=3354, commits[270584e6-a4a8-4db5-8151-214655ce1a56:c3356, af078b8b-61ec-497f-9506-472d46a72462:c3352, 09fb9ab4-1b8d-44c0-9f8c-50855c6f1fed:c3352]
2019-08-21 12:28:10,694 [grpc-default-executor-5] INFO  client.GrpcClientProtocolClient (GrpcClientProtocolClient.java:onNext(255)) - client-C954105195FD->270584e6-a4a8-4db5-8151-214655ce1a56: receive RaftClientReply:client-C954105195FD->270584e6-a4a8-4db5-8151-214655ce1a56@group-787F5BA3AA67, cid=2272, SUCCESS, logIndex=3355, commits[270584e6-a4a8-4db5-8151-214655ce1a56:c3356, af078b8b-61ec-497f-9506-472d46a72462:c3352, 09fb9ab4-1b8d-44c0-9f8c-50855c6f1fed:c3352]
2019-08-21 12:28:10,695 [grpc-default-executor-5] INFO  client.GrpcClientProtocolClient (GrpcClientProtocolClient.java:onNext(255)) - client-C954105195FD->270584e6-a4a8-4db5-8151-214655ce1a56: receive RaftClientReply:client-C954105195FD->270584e6-a4a8-4db5-8151-214655ce1a56@group-787F5BA3AA67, cid=2273, SUCCESS, logIndex=3356, commits[270584e6-a4a8-4db5-8151-214655ce1a56:c3357, af078b8b-61ec-497f-9506-472d46a72462:c3352, 09fb9ab4-1b8d-44c0-9f8c-50855c6f1fed:c3354]
2019-08-21 12:28:10,695 | INFO  | DNAudit | user=null | ip=null | op=WRITE_CHUNK {blockData=conID: 2 locID: 102654967196090939 bcsId: 0} | ret=SUCCESS |  
2019-08-21 12:28:10,695 | INFO  | DNAudit | user=null | ip=null | op=PUT_BLOCK {blockData=[blockId=conID: 2 locID: 102654967196090939 bcsId: 0,size=2097152]} | ret=SUCCESS |  
2019-08-21 12:28:10,696 | INFO  | DNAudit | user=null | ip=null | op=WRITE_CHUNK {blockData=conID: 2 locID: 102654967196090939 bcsId: 0} | ret=SUCCESS |  
2019-08-21 12:28:10,696 [grpc-default-executor-4] INFO  client.GrpcClientProtocolClient (GrpcClientProtocolClient.java:onNext(255)) - client-C954105195FD->270584e6-a4a8-4db5-8151-214655ce1a56: receive RaftClientReply:client-C954105195FD->270584e6-a4a8-4db5-8151-214655ce1a56@group-787F5BA3AA67, cid=2274, SUCCESS, logIndex=0, commits[270584e6-a4a8-4db5-8151-214655ce1a56:c3358, af078b8b-61ec-497f-9506-472d46a72462:c3354, 09fb9ab4-1b8d-44c0-9f8c-50855c6f1fed:c3354]
2019-08-21 12:28:10,696 | INFO  | DNAudit | user=null | ip=null | op=PUT_BLOCK {blockData=[blockId=conID: 2 locID: 102654967196090939 bcsId: 0,size=2097152]} | ret=SUCCESS |  
2019-08-21 12:28:10,703 | INFO  | DNAudit | user=null | ip=null | op=WRITE_CHUNK {blockData=conID: 2 locID: 102654967196090939 bcsId: 3356} | ret=SUCCESS |  
2019-08-21 12:28:10,705 | INFO  | DNAudit | user=null | ip=null | op=WRITE_CHUNK {blockData=conID: 2 locID: 102654967196090939 bcsId: 3356} | ret=SUCCESS |  
2019-08-21 12:28:10,705 | INFO  | DNAudit | user=null | ip=null | op=WRITE_CHUNK {blockData=conID: 2 locID: 102654967196090939 bcsId: 3356} | ret=SUCCESS |  
2019-08-21 12:28:10,715 | INFO  | DNAudit | user=null | ip=null | op=WRITE_CHUNK {blockData=conID: 2 locID: 102654967196090939 bcsId: 3356} | ret=SUCCESS |  
2019-08-21 12:28:10,715 | INFO  | DNAudit | user=null | ip=null | op=PUT_BLOCK {blockData=[blockId=conID: 2 locID: 102654967196090939 bcsId: 0,size=3145728]} | ret=SUCCESS |  
2019-08-21 12:28:10,715 [grpc-default-executor-5] INFO  client.GrpcClientProtocolClient (GrpcClientProtocolClient.java:onNext(255)) - client-C954105195FD->270584e6-a4a8-4db5-8151-214655ce1a56: receive RaftClientReply:client-C954105195FD->270584e6-a4a8-4db5-8151-214655ce1a56@group-787F5BA3AA67, cid=2275, SUCCESS, logIndex=3361, commits[270584e6-a4a8-4db5-8151-214655ce1a56:c3362, af078b8b-61ec-497f-9506-472d46a72462:c3360, 09fb9ab4-1b8d-44c0-9f8c-50855c6f1fed:c3360]
2019-08-21 12:28:10,716 [grpc-default-executor-5] INFO  client.GrpcClientProtocolClient (GrpcClientProtocolClient.java:onNext(255)) - client-C954105195FD->270584e6-a4a8-4db5-8151-214655ce1a56: receive RaftClientReply:client-C954105195FD->270584e6-a4a8-4db5-8151-214655ce1a56@group-787F5BA3AA67, cid=2276, SUCCESS, logIndex=3362, commits[270584e6-a4a8-4db5-8151-214655ce1a56:c3362, af078b8b-61ec-497f-9506-472d46a72462:c3360, 09fb9ab4-1b8d-44c0-9f8c-50855c6f1fed:c3360]
2019-08-21 12:28:10,722 | INFO  | DNAudit | user=null | ip=null | op=WRITE_CHUNK {blockData=conID: 2 locID: 102654967196090939 bcsId: 3362} | ret=SUCCESS |  
2019-08-21 12:28:10,725 | INFO  | DNAudit | user=null | ip=null | op=WRITE_CHUNK {blockData=conID: 2 locID: 102654967196090939 bcsId: 3362} | ret=SUCCESS |  
2019-08-21 12:28:10,726 | INFO  | DNAudit | user=null | ip=null | op=WRITE_CHUNK {blockData=conID: 2 locID: 102654967196090939 bcsId: 3362} | ret=SUCCESS |  
2019-08-21 12:28:10,726 | INFO  | DNAudit | user=null | ip=null | op=WRITE_CHUNK {blockData=conID: 2 locID: 102654967196090939 bcsId: 3356} | ret=SUCCESS |  
2019-08-21 12:28:10,726 | INFO  | DNAudit | user=null | ip=null | op=WRITE_CHUNK {blockData=conID: 2 locID: 102654967196090939 bcsId: 3356} | ret=SUCCESS |  
2019-08-21 12:28:10,728 | INFO  | DNAudit | user=null | ip=null | op=PUT_BLOCK {blockData=[blockId=conID: 2 locID: 102654967196090939 bcsId: 0,size=3145728]} | ret=SUCCESS |  
2019-08-21 12:28:10,728 | INFO  | DNAudit | user=null | ip=null | op=PUT_BLOCK {blockData=[blockId=conID: 2 locID: 102654967196090939 bcsId: 0,size=3145728]} | ret=SUCCESS |  
2019-08-21 12:28:10,729 | INFO  | DNAudit | user=null | ip=null | op=WRITE_CHUNK {blockData=conID: 2 locID: 102654967196090939 bcsId: 3362} | ret=SUCCESS |  
2019-08-21 12:28:10,729 | INFO  | DNAudit | user=null | ip=null | op=PUT_BLOCK {blockData=[blockId=conID: 2 locID: 102654967196090939 bcsId: 0,size=4194304]} | ret=SUCCESS |  
2019-08-21 12:28:10,729 [grpc-default-executor-1] INFO  client.GrpcClientProtocolClient (GrpcClientProtocolClient.java:onNext(255)) - client-C954105195FD->270584e6-a4a8-4db5-8151-214655ce1a56: receive RaftClientReply:client-C954105195FD->270584e6-a4a8-4db5-8151-214655ce1a56@group-787F5BA3AA67, cid=2277, SUCCESS, logIndex=3365, commits[270584e6-a4a8-4db5-8151-214655ce1a56:c3366, af078b8b-61ec-497f-9506-472d46a72462:c3362, 09fb9ab4-1b8d-44c0-9f8c-50855c6f1fed:c3362]
2019-08-21 12:28:10,730 [grpc-default-executor-1] INFO  client.GrpcClientProtocolClient (GrpcClientProtocolClient.java:onNext(255)) - client-C954105195FD->270584e6-a4a8-4db5-8151-214655ce1a56: receive RaftClientReply:client-C954105195FD->270584e6-a4a8-4db5-8151-214655ce1a56@group-787F5BA3AA67, cid=2278, SUCCESS, logIndex=3366, commits[270584e6-a4a8-4db5-8151-214655ce1a56:c3366, af078b8b-61ec-497f-9506-472d46a72462:c3362, 09fb9ab4-1b8d-44c0-9f8c-50855c6f1fed:c3362]
2019-08-21 12:28:10,743 | INFO  | DNAudit | user=null | ip=null | op=WRITE_CHUNK {blockData=conID: 2 locID: 102654967196090939 bcsId: 3362} | ret=SUCCESS |  
2019-08-21 12:28:10,743 | INFO  | DNAudit | user=null | ip=null | op=WRITE_CHUNK {blockData=conID: 2 locID: 102654967196090939 bcsId: 3362} | ret=SUCCESS |  
2019-08-21 12:28:10,743 | INFO  | DNAudit | user=null | ip=null | op=PUT_BLOCK {blockData=[blockId=conID: 2 locID: 102654967196090939 bcsId: 0,size=4194304]} | ret=SUCCESS |  
2019-08-21 12:28:10,762 | INFO  | DNAudit | user=null | ip=null | op=PUT_BLOCK {blockData=[blockId=conID: 2 locID: 102654967196090939 bcsId: 0,size=4194304]} | ret=SUCCESS |  
2019-08-21 12:28:10,763 [grpc-default-executor-5] INFO  client.GrpcClientProtocolClient (GrpcClientProtocolClient.java:onNext(255)) - client-C954105195FD->270584e6-a4a8-4db5-8151-214655ce1a56: receive RaftClientReply:client-C954105195FD->270584e6-a4a8-4db5-8151-214655ce1a56@group-787F5BA3AA67, cid=2279, SUCCESS, logIndex=0, commits[270584e6-a4a8-4db5-8151-214655ce1a56:c3367, af078b8b-61ec-497f-9506-472d46a72462:c3366, 09fb9ab4-1b8d-44c0-9f8c-50855c6f1fed:c3366]
2019-08-21 12:28:10,767 | INFO  | SCMAudit | user=jenkins1000 | ip=192.168.34.23 | op=ALLOCATE_BLOCK {owner=b79f83c9-5f7d-4caf-af30-78af34bc5eea, size=4194304, type=RATIS, factor=THREE} | ret=SUCCESS |  
2019-08-21 12:28:10,770 | INFO  | OMAudit | user=jenkins1000 | ip=127.0.0.1 | op=ALLOCATE_BLOCK {volume=vol-0-06517, bucket=bucket-0-64549, key=key-0-34512, dataSize=0, replicationType=null, replicationFactor=null, keyLocationInfo=null, clientID=102654965997830546} | ret=SUCCESS |  
2019-08-21 12:28:10,777 | INFO  | DNAudit | user=null | ip=null | op=WRITE_CHUNK {blockData=conID: 3 locID: 102654967202906684 bcsId: 0} | ret=SUCCESS |  
2019-08-21 12:28:10,779 | INFO  | DNAudit | user=null | ip=null | op=WRITE_CHUNK {blockData=conID: 3 locID: 102654967202906684 bcsId: 0} | ret=SUCCESS |  
2019-08-21 12:28:10,780 | INFO  | DNAudit | user=null | ip=null | op=WRITE_CHUNK {blockData=conID: 3 locID: 102654967202906684 bcsId: 0} | ret=SUCCESS |  
2019-08-21 12:28:10,780 | INFO  | DNAudit | user=null | ip=null | op=WRITE_CHUNK {blockData=conID: 3 locID: 102654967202906684 bcsId: 0} | ret=SUCCESS |  
2019-08-21 12:28:10,782 | INFO  | DNAudit | user=null | ip=null | op=WRITE_CHUNK {blockData=conID: 3 locID: 102654967202906684 bcsId: 0} | ret=SUCCESS |  
2019-08-21 12:28:10,782 | INFO  | DNAudit | user=null | ip=null | op=WRITE_CHUNK {blockData=conID: 3 locID: 102654967202906684 bcsId: 0} | ret=SUCCESS |  
2019-08-21 12:28:10,793 | INFO  | DNAudit | user=null | ip=null | op=WRITE_CHUNK {blockData=conID: 3 locID: 102654967202906684 bcsId: 0} | ret=SUCCESS |  
2019-08-21 12:28:10,793 | INFO  | DNAudit | user=null | ip=null | op=PUT_BLOCK {blockData=[blockId=conID: 3 locID: 102654967202906684 bcsId: 0,size=1048576]} | ret=SUCCESS |  
2019-08-21 12:28:10,794 [grpc-default-executor-4] INFO  client.GrpcClientProtocolClient (GrpcClientProtocolClient.java:onNext(255)) - client-C954105195FD->270584e6-a4a8-4db5-8151-214655ce1a56: receive RaftClientReply:client-C954105195FD->270584e6-a4a8-4db5-8151-214655ce1a56@group-787F5BA3AA67, cid=2280, SUCCESS, logIndex=3369, commits[270584e6-a4a8-4db5-8151-214655ce1a56:c3371, af078b8b-61ec-497f-9506-472d46a72462:c3368, 09fb9ab4-1b8d-44c0-9f8c-50855c6f1fed:c3368]
2019-08-21 12:28:10,794 | INFO  | DNAudit | user=null | ip=null | op=WRITE_CHUNK {blockData=conID: 3 locID: 102654967202906684 bcsId: 0} | ret=SUCCESS |  
2019-08-21 12:28:10,794 | INFO  | DNAudit | user=null | ip=null | op=PUT_BLOCK {blockData=[blockId=conID: 3 locID: 102654967202906684 bcsId: 0,size=2097152]} | ret=SUCCESS |  
2019-08-21 12:28:10,794 [grpc-default-executor-4] INFO  client.GrpcClientProtocolClient (GrpcClientProtocolClient.java:onNext(255)) - client-C954105195FD->270584e6-a4a8-4db5-8151-214655ce1a56: receive RaftClientReply:client-C954105195FD->270584e6-a4a8-4db5-8151-214655ce1a56@group-787F5BA3AA67, cid=2281, SUCCESS, logIndex=3370, commits[270584e6-a4a8-4db5-8151-214655ce1a56:c3372, af078b8b-61ec-497f-9506-472d46a72462:c3368, 09fb9ab4-1b8d-44c0-9f8c-50855c6f1fed:c3368]
2019-08-21 12:28:10,795 [grpc-default-executor-4] INFO  client.GrpcClientProtocolClient (GrpcClientProtocolClient.java:onNext(255)) - client-C954105195FD->270584e6-a4a8-4db5-8151-214655ce1a56: receive RaftClientReply:client-C954105195FD->270584e6-a4a8-4db5-8151-214655ce1a56@group-787F5BA3AA67, cid=2282, SUCCESS, logIndex=3371, commits[270584e6-a4a8-4db5-8151-214655ce1a56:c3372, af078b8b-61ec-497f-9506-472d46a72462:c3368, 09fb9ab4-1b8d-44c0-9f8c-50855c6f1fed:c3368]
2019-08-21 12:28:10,795 [grpc-default-executor-4] INFO  client.GrpcClientProtocolClient (GrpcClientProtocolClient.java:onNext(255)) - client-C954105195FD->270584e6-a4a8-4db5-8151-214655ce1a56: receive RaftClientReply:client-C954105195FD->270584e6-a4a8-4db5-8151-214655ce1a56@group-787F5BA3AA67, cid=2283, SUCCESS, logIndex=3372, commits[270584e6-a4a8-4db5-8151-214655ce1a56:c3372, af078b8b-61ec-497f-9506-472d46a72462:c3368, 09fb9ab4-1b8d-44c0-9f8c-50855c6f1fed:c3368]
2019-08-21 12:28:10,806 | INFO  | DNAudit | user=null | ip=null | op=WRITE_CHUNK {blockData=conID: 3 locID: 102654967202906684 bcsId: 0} | ret=SUCCESS |  
2019-08-21 12:28:10,806 | INFO  | DNAudit | user=null | ip=null | op=WRITE_CHUNK {blockData=conID: 3 locID: 102654967202906684 bcsId: 0} | ret=SUCCESS |  
2019-08-21 12:28:10,819 | INFO  | DNAudit | user=null | ip=null | op=PUT_BLOCK {blockData=[blockId=conID: 3 locID: 102654967202906684 bcsId: 0,size=1048576]} | ret=SUCCESS |  
2019-08-21 12:28:10,819 | INFO  | DNAudit | user=null | ip=null | op=PUT_BLOCK {blockData=[blockId=conID: 3 locID: 102654967202906684 bcsId: 0,size=1048576]} | ret=SUCCESS |  
2019-08-21 12:28:10,819 | INFO  | DNAudit | user=null | ip=null | op=WRITE_CHUNK {blockData=conID: 3 locID: 102654967202906684 bcsId: 0} | ret=SUCCESS |  
2019-08-21 12:28:10,819 | INFO  | DNAudit | user=null | ip=null | op=WRITE_CHUNK {blockData=conID: 3 locID: 102654967202906684 bcsId: 0} | ret=SUCCESS |  
2019-08-21 12:28:10,820 | INFO  | DNAudit | user=null | ip=null | op=PUT_BLOCK {blockData=[blockId=conID: 3 locID: 102654967202906684 bcsId: 0,size=2097152]} | ret=SUCCESS |  
2019-08-21 12:28:10,820 | INFO  | DNAudit | user=null | ip=null | op=PUT_BLOCK {blockData=[blockId=conID: 3 locID: 102654967202906684 bcsId: 0,size=2097152]} | ret=SUCCESS |  
2019-08-21 12:28:10,820 [grpc-default-executor-4] INFO  client.GrpcClientProtocolClient (GrpcClientProtocolClient.java:onNext(255)) - client-C954105195FD->270584e6-a4a8-4db5-8151-214655ce1a56: receive RaftClientReply:client-C954105195FD->270584e6-a4a8-4db5-8151-214655ce1a56@group-787F5BA3AA67, cid=2284, SUCCESS, logIndex=0, commits[270584e6-a4a8-4db5-8151-214655ce1a56:c3375, af078b8b-61ec-497f-9506-472d46a72462:c3371, 09fb9ab4-1b8d-44c0-9f8c-50855c6f1fed:c3371]
2019-08-21 12:28:10,827 | INFO  | DNAudit | user=null | ip=null | op=WRITE_CHUNK {blockData=conID: 3 locID: 102654967202906684 bcsId: 3372} | ret=SUCCESS |  
2019-08-21 12:28:10,829 | INFO  | DNAudit | user=null | ip=null | op=WRITE_CHUNK {blockData=conID: 3 locID: 102654967202906684 bcsId: 3372} | ret=SUCCESS |  
2019-08-21 12:28:10,829 | INFO  | DNAudit | user=null | ip=null | op=WRITE_CHUNK {blockData=conID: 3 locID: 102654967202906684 bcsId: 3372} | ret=SUCCESS |  
2019-08-21 12:28:10,841 | INFO  | DNAudit | user=null | ip=null | op=WRITE_CHUNK {blockData=conID: 3 locID: 102654967202906684 bcsId: 3372} | ret=SUCCESS |  
2019-08-21 12:28:10,841 | INFO  | DNAudit | user=null | ip=null | op=PUT_BLOCK {blockData=[blockId=conID: 3 locID: 102654967202906684 bcsId: 0,size=3145728]} | ret=SUCCESS |  
2019-08-21 12:28:10,842 [grpc-default-executor-1] INFO  client.GrpcClientProtocolClient (GrpcClientProtocolClient.java:onNext(255)) - client-C954105195FD->270584e6-a4a8-4db5-8151-214655ce1a56: receive RaftClientReply:client-C954105195FD->270584e6-a4a8-4db5-8151-214655ce1a56@group-787F5BA3AA67, cid=2285, SUCCESS, logIndex=3377, commits[270584e6-a4a8-4db5-8151-214655ce1a56:c3378, af078b8b-61ec-497f-9506-472d46a72462:c3376, 09fb9ab4-1b8d-44c0-9f8c-50855c6f1fed:c3376]
2019-08-21 12:28:10,842 [grpc-default-executor-1] INFO  client.GrpcClientProtocolClient (GrpcClientProtocolClient.java:onNext(255)) - client-C954105195FD->270584e6-a4a8-4db5-8151-214655ce1a56: receive RaftClientReply:client-C954105195FD->270584e6-a4a8-4db5-8151-214655ce1a56@group-787F5BA3AA67, cid=2286, SUCCESS, logIndex=3378, commits[270584e6-a4a8-4db5-8151-214655ce1a56:c3378, af078b8b-61ec-497f-9506-472d46a72462:c3376, 09fb9ab4-1b8d-44c0-9f8c-50855c6f1fed:c3376]
2019-08-21 12:28:10,845 | INFO  | DNAudit | user=null | ip=null | op=WRITE_CHUNK {blockData=conID: 3 locID: 102654967202906684 bcsId: 3372} | ret=SUCCESS |  
2019-08-21 12:28:10,845 | INFO  | DNAudit | user=null | ip=null | op=WRITE_CHUNK {blockData=conID: 3 locID: 102654967202906684 bcsId: 3372} | ret=SUCCESS |  
2019-08-21 12:28:10,848 | INFO  | DNAudit | user=null | ip=null | op=PUT_BLOCK {blockData=[blockId=conID: 3 locID: 102654967202906684 bcsId: 0,size=3145728]} | ret=SUCCESS |  
2019-08-21 12:28:10,848 | INFO  | DNAudit | user=null | ip=null | op=PUT_BLOCK {blockData=[blockId=conID: 3 locID: 102654967202906684 bcsId: 0,size=3145728]} | ret=SUCCESS |  
2019-08-21 12:28:10,849 | INFO  | DNAudit | user=null | ip=null | op=WRITE_CHUNK {blockData=conID: 3 locID: 102654967202906684 bcsId: 3378} | ret=SUCCESS |  
2019-08-21 12:28:10,850 | INFO  | DNAudit | user=null | ip=null | op=WRITE_CHUNK {blockData=conID: 3 locID: 102654967202906684 bcsId: 3378} | ret=SUCCESS |  
2019-08-21 12:28:10,851 | INFO  | DNAudit | user=null | ip=null | op=WRITE_CHUNK {blockData=conID: 3 locID: 102654967202906684 bcsId: 3378} | ret=SUCCESS |  
2019-08-21 12:28:10,883 | INFO  | DNAudit | user=null | ip=null | op=WRITE_CHUNK {blockData=conID: 3 locID: 102654967202906684 bcsId: 3378} | ret=SUCCESS |  
2019-08-21 12:28:10,884 | INFO  | DNAudit | user=null | ip=null | op=PUT_BLOCK {blockData=[blockId=conID: 3 locID: 102654967202906684 bcsId: 0,size=4194304]} | ret=SUCCESS |  
2019-08-21 12:28:10,884 [grpc-default-executor-1] INFO  client.GrpcClientProtocolClient (GrpcClientProtocolClient.java:onNext(255)) - client-C954105195FD->270584e6-a4a8-4db5-8151-214655ce1a56: receive RaftClientReply:client-C954105195FD->270584e6-a4a8-4db5-8151-214655ce1a56@group-787F5BA3AA67, cid=2287, SUCCESS, logIndex=3381, commits[270584e6-a4a8-4db5-8151-214655ce1a56:c3382, af078b8b-61ec-497f-9506-472d46a72462:c3379, 09fb9ab4-1b8d-44c0-9f8c-50855c6f1fed:c3379]
2019-08-21 12:28:10,884 [grpc-default-executor-1] INFO  client.GrpcClientProtocolClient (GrpcClientProtocolClient.java:onNext(255)) - client-C954105195FD->270584e6-a4a8-4db5-8151-214655ce1a56: receive RaftClientReply:client-C954105195FD->270584e6-a4a8-4db5-8151-214655ce1a56@group-787F5BA3AA67, cid=2288, SUCCESS, logIndex=3382, commits[270584e6-a4a8-4db5-8151-214655ce1a56:c3382, af078b8b-61ec-497f-9506-472d46a72462:c3379, 09fb9ab4-1b8d-44c0-9f8c-50855c6f1fed:c3379]
2019-08-21 12:28:10,895 | INFO  | DNAudit | user=null | ip=null | op=WRITE_CHUNK {blockData=conID: 3 locID: 102654967202906684 bcsId: 3378} | ret=SUCCESS |  
2019-08-21 12:28:10,896 | INFO  | DNAudit | user=null | ip=null | op=WRITE_CHUNK {blockData=conID: 3 locID: 102654967202906684 bcsId: 3378} | ret=SUCCESS |  
2019-08-21 12:28:10,897 | INFO  | DNAudit | user=null | ip=null | op=PUT_BLOCK {blockData=[blockId=conID: 3 locID: 102654967202906684 bcsId: 0,size=4194304]} | ret=SUCCESS |  
2019-08-21 12:28:10,897 | INFO  | DNAudit | user=null | ip=null | op=PUT_BLOCK {blockData=[blockId=conID: 3 locID: 102654967202906684 bcsId: 0,size=4194304]} | ret=SUCCESS |  
2019-08-21 12:28:10,898 [grpc-default-executor-1] INFO  client.GrpcClientProtocolClient (GrpcClientProtocolClient.java:onNext(255)) - client-C954105195FD->270584e6-a4a8-4db5-8151-214655ce1a56: receive RaftClientReply:client-C954105195FD->270584e6-a4a8-4db5-8151-214655ce1a56@group-787F5BA3AA67, cid=2289, SUCCESS, logIndex=0, commits[270584e6-a4a8-4db5-8151-214655ce1a56:c3384, af078b8b-61ec-497f-9506-472d46a72462:c3382, 09fb9ab4-1b8d-44c0-9f8c-50855c6f1fed:c3382]
2019-08-21 12:28:10,903 | INFO  | SCMAudit | user=jenkins1000 | ip=192.168.34.23 | op=ALLOCATE_BLOCK {owner=b79f83c9-5f7d-4caf-af30-78af34bc5eea, size=4194304, type=RATIS, factor=THREE} | ret=SUCCESS |  
2019-08-21 12:28:10,907 | INFO  | OMAudit | user=jenkins1000 | ip=127.0.0.1 | op=ALLOCATE_BLOCK {volume=vol-0-06517, bucket=bucket-0-64549, key=key-0-34512, dataSize=0, replicationType=null, replicationFactor=null, keyLocationInfo=null, clientID=102654965997830546} | ret=SUCCESS |  
2019-08-21 12:28:10,915 | INFO  | DNAudit | user=null | ip=null | op=WRITE_CHUNK {blockData=conID: 1 locID: 102654967211819581 bcsId: 0} | ret=SUCCESS |  
2019-08-21 12:28:10,919 | INFO  | DNAudit | user=null | ip=null | op=WRITE_CHUNK {blockData=conID: 1 locID: 102654967211819581 bcsId: 0} | ret=SUCCESS |  
2019-08-21 12:28:10,919 | INFO  | DNAudit | user=null | ip=null | op=WRITE_CHUNK {blockData=conID: 1 locID: 102654967211819581 bcsId: 0} | ret=SUCCESS |  
2019-08-21 12:28:10,920 | INFO  | DNAudit | user=null | ip=null | op=WRITE_CHUNK {blockData=conID: 1 locID: 102654967211819581 bcsId: 0} | ret=SUCCESS |  
2019-08-21 12:28:10,923 | INFO  | DNAudit | user=null | ip=null | op=WRITE_CHUNK {blockData=conID: 1 locID: 102654967211819581 bcsId: 0} | ret=SUCCESS |  
2019-08-21 12:28:10,923 | INFO  | DNAudit | user=null | ip=null | op=WRITE_CHUNK {blockData=conID: 1 locID: 102654967211819581 bcsId: 0} | ret=SUCCESS |  
2019-08-21 12:28:10,928 | INFO  | DNAudit | user=null | ip=null | op=WRITE_CHUNK {blockData=conID: 1 locID: 102654967211819581 bcsId: 0} | ret=SUCCESS |  
2019-08-21 12:28:10,929 | INFO  | DNAudit | user=null | ip=null | op=PUT_BLOCK {blockData=[blockId=conID: 1 locID: 102654967211819581 bcsId: 0,size=1048576]} | ret=SUCCESS |  
2019-08-21 12:28:10,929 | INFO  | DNAudit | user=null | ip=null | op=WRITE_CHUNK {blockData=conID: 1 locID: 102654967211819581 bcsId: 0} | ret=SUCCESS |  
2019-08-21 12:28:10,929 [grpc-default-executor-5] INFO  client.GrpcClientProtocolClient (GrpcClientProtocolClient.java:onNext(255)) - client-C954105195FD->270584e6-a4a8-4db5-8151-214655ce1a56: receive RaftClientReply:client-C954105195FD->270584e6-a4a8-4db5-8151-214655ce1a56@group-787F5BA3AA67, cid=2290, SUCCESS, logIndex=3385, commits[270584e6-a4a8-4db5-8151-214655ce1a56:c3386, af078b8b-61ec-497f-9506-472d46a72462:c3384, 09fb9ab4-1b8d-44c0-9f8c-50855c6f1fed:c3384]
2019-08-21 12:28:10,929 | INFO  | DNAudit | user=null | ip=null | op=PUT_BLOCK {blockData=[blockId=conID: 1 locID: 102654967211819581 bcsId: 0,size=2097152]} | ret=SUCCESS |  
2019-08-21 12:28:10,930 [grpc-default-executor-5] INFO  client.GrpcClientProtocolClient (GrpcClientProtocolClient.java:onNext(255)) - client-C954105195FD->270584e6-a4a8-4db5-8151-214655ce1a56: receive RaftClientReply:client-C954105195FD->270584e6-a4a8-4db5-8151-214655ce1a56@group-787F5BA3AA67, cid=2291, SUCCESS, logIndex=3386, commits[270584e6-a4a8-4db5-8151-214655ce1a56:c3387, af078b8b-61ec-497f-9506-472d46a72462:c3384, 09fb9ab4-1b8d-44c0-9f8c-50855c6f1fed:c3384]
2019-08-21 12:28:10,930 [grpc-default-executor-5] INFO  client.GrpcClientProtocolClient (GrpcClientProtocolClient.java:onNext(255)) - client-C954105195FD->270584e6-a4a8-4db5-8151-214655ce1a56: receive RaftClientReply:client-C954105195FD->270584e6-a4a8-4db5-8151-214655ce1a56@group-787F5BA3AA67, cid=2292, SUCCESS, logIndex=3387, commits[270584e6-a4a8-4db5-8151-214655ce1a56:c3388, af078b8b-61ec-497f-9506-472d46a72462:c3384, 09fb9ab4-1b8d-44c0-9f8c-50855c6f1fed:c3384]
2019-08-21 12:28:10,930 [grpc-default-executor-5] INFO  client.GrpcClientProtocolClient (GrpcClientProtocolClient.java:onNext(255)) - client-C954105195FD->270584e6-a4a8-4db5-8151-214655ce1a56: receive RaftClientReply:client-C954105195FD->270584e6-a4a8-4db5-8151-214655ce1a56@group-787F5BA3AA67, cid=2293, SUCCESS, logIndex=3388, commits[270584e6-a4a8-4db5-8151-214655ce1a56:c3388, af078b8b-61ec-497f-9506-472d46a72462:c3384, 09fb9ab4-1b8d-44c0-9f8c-50855c6f1fed:c3384]
2019-08-21 12:28:10,942 | INFO  | DNAudit | user=null | ip=null | op=WRITE_CHUNK {blockData=conID: 1 locID: 102654967211819581 bcsId: 0} | ret=SUCCESS |  
2019-08-21 12:28:10,942 | INFO  | DNAudit | user=null | ip=null | op=WRITE_CHUNK {blockData=conID: 1 locID: 102654967211819581 bcsId: 0} | ret=SUCCESS |  
2019-08-21 12:28:10,943 | INFO  | DNAudit | user=null | ip=null | op=PUT_BLOCK {blockData=[blockId=conID: 1 locID: 102654967211819581 bcsId: 0,size=1048576]} | ret=SUCCESS |  
2019-08-21 12:28:10,943 | INFO  | DNAudit | user=null | ip=null | op=WRITE_CHUNK {blockData=conID: 1 locID: 102654967211819581 bcsId: 0} | ret=SUCCESS |  
2019-08-21 12:28:10,943 | INFO  | DNAudit | user=null | ip=null | op=PUT_BLOCK {blockData=[blockId=conID: 1 locID: 102654967211819581 bcsId: 0,size=1048576]} | ret=SUCCESS |  
2019-08-21 12:28:10,943 | INFO  | DNAudit | user=null | ip=null | op=PUT_BLOCK {blockData=[blockId=conID: 1 locID: 102654967211819581 bcsId: 0,size=2097152]} | ret=SUCCESS |  
2019-08-21 12:28:10,943 | INFO  | DNAudit | user=null | ip=null | op=WRITE_CHUNK {blockData=conID: 1 locID: 102654967211819581 bcsId: 0} | ret=SUCCESS |  
2019-08-21 12:28:10,944 | INFO  | DNAudit | user=null | ip=null | op=PUT_BLOCK {blockData=[blockId=conID: 1 locID: 102654967211819581 bcsId: 0,size=2097152]} | ret=SUCCESS |  
2019-08-21 12:28:10,944 [grpc-default-executor-1] INFO  client.GrpcClientProtocolClient (GrpcClientProtocolClient.java:onNext(255)) - client-C954105195FD->270584e6-a4a8-4db5-8151-214655ce1a56: receive RaftClientReply:client-C954105195FD->270584e6-a4a8-4db5-8151-214655ce1a56@group-787F5BA3AA67, cid=2294, SUCCESS, logIndex=0, commits[270584e6-a4a8-4db5-8151-214655ce1a56:c3392, af078b8b-61ec-497f-9506-472d46a72462:c3388, 09fb9ab4-1b8d-44c0-9f8c-50855c6f1fed:c3386]
2019-08-21 12:28:10,951 | INFO  | SCMAudit | user=jenkins1000 | ip=192.168.34.23 | op=SEND_HEARTBEAT {datanodeUUID=af078b8b-61ec-497f-9506-472d46a72462, command=[]} | ret=SUCCESS |  
2019-08-21 12:28:10,951 | INFO  | SCMAudit | user=jenkins1000 | ip=192.168.34.23 | op=SEND_HEARTBEAT {datanodeUUID=09fb9ab4-1b8d-44c0-9f8c-50855c6f1fed, command=[]} | ret=SUCCESS |  
2019-08-21 12:28:10,951 | INFO  | DNAudit | user=null | ip=null | op=WRITE_CHUNK {blockData=conID: 1 locID: 102654967211819581 bcsId: 3388} | ret=SUCCESS |  
2019-08-21 12:28:10,951 | INFO  | SCMAudit | user=jenkins1000 | ip=192.168.34.23 | op=SEND_HEARTBEAT {datanodeUUID=270584e6-a4a8-4db5-8151-214655ce1a56, command=[]} | ret=SUCCESS |  
 0.00% |█                                                                                                    |  0/1 Time: 0:00:182019-08-21 12:28:10,953 | INFO  | DNAudit | user=null | ip=null | op=WRITE_CHUNK {blockData=conID: 1 locID: 102654967211819581 bcsId: 3388} | ret=SUCCESS |  
2019-08-21 12:28:10,953 | INFO  | DNAudit | user=null | ip=null | op=WRITE_CHUNK {blockData=conID: 1 locID: 102654967211819581 bcsId: 3388} | ret=SUCCESS |  
2019-08-21 12:28:10,966 | INFO  | DNAudit | user=null | ip=null | op=WRITE_CHUNK {blockData=conID: 1 locID: 102654967211819581 bcsId: 3388} | ret=SUCCESS |  
2019-08-21 12:28:10,967 | INFO  | DNAudit | user=null | ip=null | op=PUT_BLOCK {blockData=[blockId=conID: 1 locID: 102654967211819581 bcsId: 0,size=3145728]} | ret=SUCCESS |  
2019-08-21 12:28:10,967 [grpc-default-executor-5] INFO  client.GrpcClientProtocolClient (GrpcClientProtocolClient.java:onNext(255)) - client-C954105195FD->270584e6-a4a8-4db5-8151-214655ce1a56: receive RaftClientReply:client-C954105195FD->270584e6-a4a8-4db5-8151-214655ce1a56@group-787F5BA3AA67, cid=2295, SUCCESS, logIndex=3393, commits[270584e6-a4a8-4db5-8151-214655ce1a56:c3394, af078b8b-61ec-497f-9506-472d46a72462:c3392, 09fb9ab4-1b8d-44c0-9f8c-50855c6f1fed:c3388]
2019-08-21 12:28:10,967 [grpc-default-executor-5] INFO  client.GrpcClientProtocolClient (GrpcClientProtocolClient.java:onNext(255)) - client-C954105195FD->270584e6-a4a8-4db5-8151-214655ce1a56: receive RaftClientReply:client-C954105195FD->270584e6-a4a8-4db5-8151-214655ce1a56@group-787F5BA3AA67, cid=2296, SUCCESS, logIndex=3394, commits[270584e6-a4a8-4db5-8151-214655ce1a56:c3394, af078b8b-61ec-497f-9506-472d46a72462:c3392, 09fb9ab4-1b8d-44c0-9f8c-50855c6f1fed:c3392]
2019-08-21 12:28:10,974 | INFO  | DNAudit | user=null | ip=null | op=WRITE_CHUNK {blockData=conID: 1 locID: 102654967211819581 bcsId: 3394} | ret=SUCCESS |  
2019-08-21 12:28:10,977 | INFO  | DNAudit | user=null | ip=null | op=WRITE_CHUNK {blockData=conID: 1 locID: 102654967211819581 bcsId: 3394} | ret=SUCCESS |  
2019-08-21 12:28:10,977 | INFO  | DNAudit | user=null | ip=null | op=WRITE_CHUNK {blockData=conID: 1 locID: 102654967211819581 bcsId: 3394} | ret=SUCCESS |  
2019-08-21 12:28:10,979 | INFO  | DNAudit | user=null | ip=null | op=WRITE_CHUNK {blockData=conID: 1 locID: 102654967211819581 bcsId: 3388} | ret=SUCCESS |  
2019-08-21 12:28:10,979 | INFO  | DNAudit | user=null | ip=null | op=WRITE_CHUNK {blockData=conID: 1 locID: 102654967211819581 bcsId: 3388} | ret=SUCCESS |  
2019-08-21 12:28:10,979 | INFO  | DNAudit | user=null | ip=null | op=PUT_BLOCK {blockData=[blockId=conID: 1 locID: 102654967211819581 bcsId: 0,size=3145728]} | ret=SUCCESS |  
2019-08-21 12:28:10,979 | INFO  | DNAudit | user=null | ip=null | op=PUT_BLOCK {blockData=[blockId=conID: 1 locID: 102654967211819581 bcsId: 0,size=3145728]} | ret=SUCCESS |  
2019-08-21 12:28:10,993 | INFO  | DNAudit | user=null | ip=null | op=WRITE_CHUNK {blockData=conID: 1 locID: 102654967211819581 bcsId: 3394} | ret=SUCCESS |  
2019-08-21 12:28:10,993 | INFO  | DNAudit | user=null | ip=null | op=PUT_BLOCK {blockData=[blockId=conID: 1 locID: 102654967211819581 bcsId: 0,size=4194304]} | ret=SUCCESS |  
2019-08-21 12:28:10,994 [grpc-default-executor-5] INFO  client.GrpcClientProtocolClient (GrpcClientProtocolClient.java:onNext(255)) - client-C954105195FD->270584e6-a4a8-4db5-8151-214655ce1a56: receive RaftClientReply:client-C954105195FD->270584e6-a4a8-4db5-8151-214655ce1a56@group-787F5BA3AA67, cid=2297, SUCCESS, logIndex=3397, commits[270584e6-a4a8-4db5-8151-214655ce1a56:c3397, af078b8b-61ec-497f-9506-472d46a72462:c3394, 09fb9ab4-1b8d-44c0-9f8c-50855c6f1fed:c3394]
2019-08-21 12:28:10,994 [grpc-default-executor-5] INFO  client.GrpcClientProtocolClient (GrpcClientProtocolClient.java:onNext(255)) - client-C954105195FD->270584e6-a4a8-4db5-8151-214655ce1a56: receive RaftClientReply:client-C954105195FD->270584e6-a4a8-4db5-8151-214655ce1a56@group-787F5BA3AA67, cid=2298, SUCCESS, logIndex=3398, commits[270584e6-a4a8-4db5-8151-214655ce1a56:c3398, af078b8b-61ec-497f-9506-472d46a72462:c3394, 09fb9ab4-1b8d-44c0-9f8c-50855c6f1fed:c3394]
2019-08-21 12:28:11,006 | INFO  | DNAudit | user=null | ip=null | op=WRITE_CHUNK {blockData=conID: 1 locID: 102654967211819581 bcsId: 3394} | ret=SUCCESS |  
2019-08-21 12:28:11,006 | INFO  | DNAudit | user=null | ip=null | op=WRITE_CHUNK {blockData=conID: 1 locID: 102654967211819581 bcsId: 3394} | ret=SUCCESS |  
2019-08-21 12:28:11,019 | INFO  | DNAudit | user=null | ip=null | op=PUT_BLOCK {blockData=[blockId=conID: 1 locID: 102654967211819581 bcsId: 0,size=4194304]} | ret=SUCCESS |  
2019-08-21 12:28:11,019 | INFO  | DNAudit | user=null | ip=null | op=PUT_BLOCK {blockData=[blockId=conID: 1 locID: 102654967211819581 bcsId: 0,size=4194304]} | ret=SUCCESS |  
2019-08-21 12:28:11,019 [grpc-default-executor-5] INFO  client.GrpcClientProtocolClient (GrpcClientProtocolClient.java:onNext(255)) - client-C954105195FD->270584e6-a4a8-4db5-8151-214655ce1a56: receive RaftClientReply:client-C954105195FD->270584e6-a4a8-4db5-8151-214655ce1a56@group-787F5BA3AA67, cid=2299, SUCCESS, logIndex=0, commits[270584e6-a4a8-4db5-8151-214655ce1a56:c3400, af078b8b-61ec-497f-9506-472d46a72462:c3398, 09fb9ab4-1b8d-44c0-9f8c-50855c6f1fed:c3398]
2019-08-21 12:28:11,024 | INFO  | SCMAudit | user=jenkins1000 | ip=192.168.34.23 | op=ALLOCATE_BLOCK {owner=b79f83c9-5f7d-4caf-af30-78af34bc5eea, size=4194304, type=RATIS, factor=THREE} | ret=SUCCESS |  
2019-08-21 12:28:11,027 | INFO  | OMAudit | user=jenkins1000 | ip=127.0.0.1 | op=ALLOCATE_BLOCK {volume=vol-0-06517, bucket=bucket-0-64549, key=key-0-34512, dataSize=0, replicationType=null, replicationFactor=null, keyLocationInfo=null, clientID=102654965997830546} | ret=SUCCESS |  
2019-08-21 12:28:11,035 | INFO  | DNAudit | user=null | ip=null | op=WRITE_CHUNK {blockData=conID: 2 locID: 102654967219749438 bcsId: 0} | ret=SUCCESS |  
2019-08-21 12:28:11,039 | INFO  | DNAudit | user=null | ip=null | op=WRITE_CHUNK {blockData=conID: 2 locID: 102654967219749438 bcsId: 0} | ret=SUCCESS |  
2019-08-21 12:28:11,039 | INFO  | DNAudit | user=null | ip=null | op=WRITE_CHUNK {blockData=conID: 2 locID: 102654967219749438 bcsId: 0} | ret=SUCCESS |  
2019-08-21 12:28:11,039 | INFO  | DNAudit | user=null | ip=null | op=WRITE_CHUNK {blockData=conID: 2 locID: 102654967219749438 bcsId: 0} | ret=SUCCESS |  
2019-08-21 12:28:11,040 | INFO  | DNAudit | user=null | ip=null | op=WRITE_CHUNK {blockData=conID: 2 locID: 102654967219749438 bcsId: 0} | ret=SUCCESS |  
2019-08-21 12:28:11,041 | INFO  | DNAudit | user=null | ip=null | op=WRITE_CHUNK {blockData=conID: 2 locID: 102654967219749438 bcsId: 0} | ret=SUCCESS |  
2019-08-21 12:28:11,050 | INFO  | DNAudit | user=null | ip=null | op=WRITE_CHUNK {blockData=conID: 2 locID: 102654967219749438 bcsId: 0} | ret=SUCCESS |  
2019-08-21 12:28:11,050 | INFO  | DNAudit | user=null | ip=null | op=PUT_BLOCK {blockData=[blockId=conID: 2 locID: 102654967219749438 bcsId: 0,size=1048576]} | ret=SUCCESS |  
2019-08-21 12:28:11,051 [grpc-default-executor-1] INFO  client.GrpcClientProtocolClient (GrpcClientProtocolClient.java:onNext(255)) - client-C954105195FD->270584e6-a4a8-4db5-8151-214655ce1a56: receive RaftClientReply:client-C954105195FD->270584e6-a4a8-4db5-8151-214655ce1a56@group-787F5BA3AA67, cid=2300, SUCCESS, logIndex=3401, commits[270584e6-a4a8-4db5-8151-214655ce1a56:c3402, af078b8b-61ec-497f-9506-472d46a72462:c3400, 09fb9ab4-1b8d-44c0-9f8c-50855c6f1fed:c3400]
2019-08-21 12:28:11,051 [grpc-default-executor-1] INFO  client.GrpcClientProtocolClient (GrpcClientProtocolClient.java:onNext(255)) - client-C954105195FD->270584e6-a4a8-4db5-8151-214655ce1a56: receive RaftClientReply:client-C954105195FD->270584e6-a4a8-4db5-8151-214655ce1a56@group-787F5BA3AA67, cid=2301, SUCCESS, logIndex=3402, commits[270584e6-a4a8-4db5-8151-214655ce1a56:c3402, af078b8b-61ec-497f-9506-472d46a72462:c3400, 09fb9ab4-1b8d-44c0-9f8c-50855c6f1fed:c3400]
2019-08-21 12:28:11,060 | INFO  | DNAudit | user=null | ip=null | op=WRITE_CHUNK {blockData=conID: 2 locID: 102654967219749438 bcsId: 0} | ret=SUCCESS |  
2019-08-21 12:28:11,060 | INFO  | DNAudit | user=null | ip=null | op=PUT_BLOCK {blockData=[blockId=conID: 2 locID: 102654967219749438 bcsId: 0,size=2097152]} | ret=SUCCESS |  
2019-08-21 12:28:11,060 [grpc-default-executor-4] INFO  client.GrpcClientProtocolClient (GrpcClientProtocolClient.java:onNext(255)) - client-C954105195FD->270584e6-a4a8-4db5-8151-214655ce1a56: receive RaftClientReply:client-C954105195FD->270584e6-a4a8-4db5-8151-214655ce1a56@group-787F5BA3AA67, cid=2302, SUCCESS, logIndex=3403, commits[270584e6-a4a8-4db5-8151-214655ce1a56:c3404, af078b8b-61ec-497f-9506-472d46a72462:c3400, 09fb9ab4-1b8d-44c0-9f8c-50855c6f1fed:c3400]
2019-08-21 12:28:11,060 [grpc-default-executor-4] INFO  client.GrpcClientProtocolClient (GrpcClientProtocolClient.java:onNext(255)) - client-C954105195FD->270584e6-a4a8-4db5-8151-214655ce1a56: receive RaftClientReply:client-C954105195FD->270584e6-a4a8-4db5-8151-214655ce1a56@group-787F5BA3AA67, cid=2303, SUCCESS, logIndex=3404, commits[270584e6-a4a8-4db5-8151-214655ce1a56:c3404, af078b8b-61ec-497f-9506-472d46a72462:c3400, 09fb9ab4-1b8d-44c0-9f8c-50855c6f1fed:c3400]
2019-08-21 12:28:11,062 | INFO  | DNAudit | user=null | ip=null | op=WRITE_CHUNK {blockData=conID: 2 locID: 102654967219749438 bcsId: 0} | ret=SUCCESS |  
2019-08-21 12:28:11,075 | INFO  | DNAudit | user=null | ip=null | op=PUT_BLOCK {blockData=[blockId=conID: 2 locID: 102654967219749438 bcsId: 0,size=1048576]} | ret=SUCCESS |  
2019-08-21 12:28:11,075 | INFO  | DNAudit | user=null | ip=null | op=WRITE_CHUNK {blockData=conID: 2 locID: 102654967219749438 bcsId: 0} | ret=SUCCESS |  
2019-08-21 12:28:11,075 | INFO  | DNAudit | user=null | ip=null | op=PUT_BLOCK {blockData=[blockId=conID: 2 locID: 102654967219749438 bcsId: 0,size=1048576]} | ret=SUCCESS |  
2019-08-21 12:28:11,075 | INFO  | DNAudit | user=null | ip=null | op=WRITE_CHUNK {blockData=conID: 2 locID: 102654967219749438 bcsId: 0} | ret=SUCCESS |  
2019-08-21 12:28:11,076 | INFO  | DNAudit | user=null | ip=null | op=WRITE_CHUNK {blockData=conID: 2 locID: 102654967219749438 bcsId: 0} | ret=SUCCESS |  
2019-08-21 12:28:11,076 | INFO  | DNAudit | user=null | ip=null | op=PUT_BLOCK {blockData=[blockId=conID: 2 locID: 102654967219749438 bcsId: 0,size=2097152]} | ret=SUCCESS |  
2019-08-21 12:28:11,076 [grpc-default-executor-1] INFO  client.GrpcClientProtocolClient (GrpcClientProtocolClient.java:onNext(255)) - client-C954105195FD->270584e6-a4a8-4db5-8151-214655ce1a56: receive RaftClientReply:client-C954105195FD->270584e6-a4a8-4db5-8151-214655ce1a56@group-787F5BA3AA67, cid=2304, SUCCESS, logIndex=0, commits[270584e6-a4a8-4db5-8151-214655ce1a56:c3406, af078b8b-61ec-497f-9506-472d46a72462:c3402, 09fb9ab4-1b8d-44c0-9f8c-50855c6f1fed:c3404]
2019-08-21 12:28:11,076 | INFO  | DNAudit | user=null | ip=null | op=PUT_BLOCK {blockData=[blockId=conID: 2 locID: 102654967219749438 bcsId: 0,size=2097152]} | ret=SUCCESS |  
2019-08-21 12:28:11,082 | INFO  | DNAudit | user=null | ip=null | op=WRITE_CHUNK {blockData=conID: 2 locID: 102654967219749438 bcsId: 3404} | ret=SUCCESS |  
2019-08-21 12:28:11,085 | INFO  | DNAudit | user=null | ip=null | op=WRITE_CHUNK {blockData=conID: 2 locID: 102654967219749438 bcsId: 3404} | ret=SUCCESS |  
2019-08-21 12:28:11,086 | INFO  | DNAudit | user=null | ip=null | op=WRITE_CHUNK {blockData=conID: 2 locID: 102654967219749438 bcsId: 3404} | ret=SUCCESS |  
2019-08-21 12:28:11,088 | INFO  | DNAudit | user=null | ip=null | op=WRITE_CHUNK {blockData=conID: 2 locID: 102654967219749438 bcsId: 3404} | ret=SUCCESS |  
2019-08-21 12:28:11,088 | INFO  | DNAudit | user=null | ip=null | op=PUT_BLOCK {blockData=[blockId=conID: 2 locID: 102654967219749438 bcsId: 0,size=3145728]} | ret=SUCCESS |  
2019-08-21 12:28:11,088 [grpc-default-executor-1] INFO  client.GrpcClientProtocolClient (GrpcClientProtocolClient.java:onNext(255)) - client-C954105195FD->270584e6-a4a8-4db5-8151-214655ce1a56: receive RaftClientReply:client-C954105195FD->270584e6-a4a8-4db5-8151-214655ce1a56@group-787F5BA3AA67, cid=2305, SUCCESS, logIndex=3408, commits[270584e6-a4a8-4db5-8151-214655ce1a56:c3409, af078b8b-61ec-497f-9506-472d46a72462:c3407, 09fb9ab4-1b8d-44c0-9f8c-50855c6f1fed:c3404]
2019-08-21 12:28:11,088 [grpc-default-executor-1] INFO  client.GrpcClientProtocolClient (GrpcClientProtocolClient.java:onNext(255)) - client-C954105195FD->270584e6-a4a8-4db5-8151-214655ce1a56: receive RaftClientReply:client-C954105195FD->270584e6-a4a8-4db5-8151-214655ce1a56@group-787F5BA3AA67, cid=2306, SUCCESS, logIndex=3409, commits[270584e6-a4a8-4db5-8151-214655ce1a56:c3409, af078b8b-61ec-497f-9506-472d46a72462:c3407, 09fb9ab4-1b8d-44c0-9f8c-50855c6f1fed:c3407]
2019-08-21 12:28:11,091 | INFO  | DNAudit | user=null | ip=null | op=WRITE_CHUNK {blockData=conID: 2 locID: 102654967219749438 bcsId: 3404} | ret=SUCCESS |  
2019-08-21 12:28:11,092 | INFO  | DNAudit | user=null | ip=null | op=WRITE_CHUNK {blockData=conID: 2 locID: 102654967219749438 bcsId: 3404} | ret=SUCCESS |  
2019-08-21 12:28:11,093 | INFO  | DNAudit | user=null | ip=null | op=PUT_BLOCK {blockData=[blockId=conID: 2 locID: 102654967219749438 bcsId: 0,size=3145728]} | ret=SUCCESS |  
2019-08-21 12:28:11,093 | INFO  | DNAudit | user=null | ip=null | op=PUT_BLOCK {blockData=[blockId=conID: 2 locID: 102654967219749438 bcsId: 0,size=3145728]} | ret=SUCCESS |  
2019-08-21 12:28:11,095 | INFO  | DNAudit | user=null | ip=null | op=WRITE_CHUNK {blockData=conID: 2 locID: 102654967219749438 bcsId: 3409} | ret=SUCCESS |  
2019-08-21 12:28:11,098 | INFO  | DNAudit | user=null | ip=null | op=WRITE_CHUNK {blockData=conID: 2 locID: 102654967219749438 bcsId: 3409} | ret=SUCCESS |  
2019-08-21 12:28:11,098 | INFO  | DNAudit | user=null | ip=null | op=WRITE_CHUNK {blockData=conID: 2 locID: 102654967219749438 bcsId: 3409} | ret=SUCCESS |  
2019-08-21 12:28:11,121 | INFO  | DNAudit | user=null | ip=null | op=WRITE_CHUNK {blockData=conID: 2 locID: 102654967219749438 bcsId: 3409} | ret=SUCCESS |  
2019-08-21 12:28:11,122 | INFO  | DNAudit | user=null | ip=null | op=PUT_BLOCK {blockData=[blockId=conID: 2 locID: 102654967219749438 bcsId: 0,size=4194304]} | ret=SUCCESS |  
2019-08-21 12:28:11,122 [grpc-default-executor-4] INFO  client.GrpcClientProtocolClient (GrpcClientProtocolClient.java:onNext(255)) - client-C954105195FD->270584e6-a4a8-4db5-8151-214655ce1a56: receive RaftClientReply:client-C954105195FD->270584e6-a4a8-4db5-8151-214655ce1a56@group-787F5BA3AA67, cid=2307, SUCCESS, logIndex=3412, commits[270584e6-a4a8-4db5-8151-214655ce1a56:c3413, af078b8b-61ec-497f-9506-472d46a72462:c3411, 09fb9ab4-1b8d-44c0-9f8c-50855c6f1fed:c3411]
2019-08-21 12:28:11,122 [grpc-default-executor-4] INFO  client.GrpcClientProtocolClient (GrpcClientProtocolClient.java:onNext(255)) - client-C954105195FD->270584e6-a4a8-4db5-8151-214655ce1a56: receive RaftClientReply:client-C954105195FD->270584e6-a4a8-4db5-8151-214655ce1a56@group-787F5BA3AA67, cid=2308, SUCCESS, logIndex=3413, commits[270584e6-a4a8-4db5-8151-214655ce1a56:c3413, af078b8b-61ec-497f-9506-472d46a72462:c3411, 09fb9ab4-1b8d-44c0-9f8c-50855c6f1fed:c3411]
2019-08-21 12:28:11,123 | INFO  | DNAudit | user=null | ip=null | op=WRITE_CHUNK {blockData=conID: 2 locID: 102654967219749438 bcsId: 3409} | ret=SUCCESS |  
2019-08-21 12:28:11,123 | INFO  | DNAudit | user=null | ip=null | op=WRITE_CHUNK {blockData=conID: 2 locID: 102654967219749438 bcsId: 3409} | ret=SUCCESS |  
2019-08-21 12:28:11,123 | INFO  | DNAudit | user=null | ip=null | op=PUT_BLOCK {blockData=[blockId=conID: 2 locID: 102654967219749438 bcsId: 0,size=4194304]} | ret=SUCCESS |  
2019-08-21 12:28:11,123 | INFO  | DNAudit | user=null | ip=null | op=PUT_BLOCK {blockData=[blockId=conID: 2 locID: 102654967219749438 bcsId: 0,size=4194304]} | ret=SUCCESS |  
2019-08-21 12:28:11,123 [grpc-default-executor-1] INFO  client.GrpcClientProtocolClient (GrpcClientProtocolClient.java:onNext(255)) - client-C954105195FD->270584e6-a4a8-4db5-8151-214655ce1a56: receive RaftClientReply:client-C954105195FD->270584e6-a4a8-4db5-8151-214655ce1a56@group-787F5BA3AA67, cid=2309, SUCCESS, logIndex=0, commits[270584e6-a4a8-4db5-8151-214655ce1a56:c3414, af078b8b-61ec-497f-9506-472d46a72462:c3413, 09fb9ab4-1b8d-44c0-9f8c-50855c6f1fed:c3413]
2019-08-21 12:28:11,130 | INFO  | SCMAudit | user=jenkins1000 | ip=192.168.34.23 | op=ALLOCATE_BLOCK {owner=b79f83c9-5f7d-4caf-af30-78af34bc5eea, size=4194304, type=RATIS, factor=THREE} | ret=SUCCESS |  
2019-08-21 12:28:11,135 | INFO  | OMAudit | user=jenkins1000 | ip=127.0.0.1 | op=ALLOCATE_BLOCK {volume=vol-0-06517, bucket=bucket-0-64549, key=key-0-34512, dataSize=0, replicationType=null, replicationFactor=null, keyLocationInfo=null, clientID=102654965997830546} | ret=SUCCESS |  
2019-08-21 12:28:11,142 | INFO  | DNAudit | user=null | ip=null | op=WRITE_CHUNK {blockData=conID: 3 locID: 102654967226696255 bcsId: 0} | ret=SUCCESS |  
2019-08-21 12:28:11,146 | INFO  | DNAudit | user=null | ip=null | op=WRITE_CHUNK {blockData=conID: 3 locID: 102654967226696255 bcsId: 0} | ret=SUCCESS |  
2019-08-21 12:28:11,146 | INFO  | DNAudit | user=null | ip=null | op=WRITE_CHUNK {blockData=conID: 3 locID: 102654967226696255 bcsId: 0} | ret=SUCCESS |  
2019-08-21 12:28:11,146 | INFO  | DNAudit | user=null | ip=null | op=WRITE_CHUNK {blockData=conID: 3 locID: 102654967226696255 bcsId: 0} | ret=SUCCESS |  
2019-08-21 12:28:11,148 | INFO  | DNAudit | user=null | ip=null | op=WRITE_CHUNK {blockData=conID: 3 locID: 102654967226696255 bcsId: 0} | ret=SUCCESS |  
2019-08-21 12:28:11,148 | INFO  | DNAudit | user=null | ip=null | op=WRITE_CHUNK {blockData=conID: 3 locID: 102654967226696255 bcsId: 0} | ret=SUCCESS |  
2019-08-21 12:28:11,155 | INFO  | DNAudit | user=null | ip=null | op=WRITE_CHUNK {blockData=conID: 3 locID: 102654967226696255 bcsId: 0} | ret=SUCCESS |  
2019-08-21 12:28:11,155 | INFO  | DNAudit | user=null | ip=null | op=PUT_BLOCK {blockData=[blockId=conID: 3 locID: 102654967226696255 bcsId: 0,size=1048576]} | ret=SUCCESS |  
2019-08-21 12:28:11,156 | INFO  | DNAudit | user=null | ip=null | op=WRITE_CHUNK {blockData=conID: 3 locID: 102654967226696255 bcsId: 0} | ret=SUCCESS |  
2019-08-21 12:28:11,156 [grpc-default-executor-5] INFO  client.GrpcClientProtocolClient (GrpcClientProtocolClient.java:onNext(255)) - client-C954105195FD->270584e6-a4a8-4db5-8151-214655ce1a56: receive RaftClientReply:client-C954105195FD->270584e6-a4a8-4db5-8151-214655ce1a56@group-787F5BA3AA67, cid=2310, SUCCESS, logIndex=3416, commits[270584e6-a4a8-4db5-8151-214655ce1a56:c3417, af078b8b-61ec-497f-9506-472d46a72462:c3415, 09fb9ab4-1b8d-44c0-9f8c-50855c6f1fed:c3415]
2019-08-21 12:28:11,156 | INFO  | DNAudit | user=null | ip=null | op=PUT_BLOCK {blockData=[blockId=conID: 3 locID: 102654967226696255 bcsId: 0,size=2097152]} | ret=SUCCESS |  
2019-08-21 12:28:11,156 | INFO  | DNAudit | user=null | ip=null | op=WRITE_CHUNK {blockData=conID: 3 locID: 102654967226696255 bcsId: 0} | ret=SUCCESS |  
2019-08-21 12:28:11,156 [grpc-default-executor-2] INFO  client.GrpcClientProtocolClient (GrpcClientProtocolClient.java:onNext(255)) - client-C954105195FD->270584e6-a4a8-4db5-8151-214655ce1a56: receive RaftClientReply:client-C954105195FD->270584e6-a4a8-4db5-8151-214655ce1a56@group-787F5BA3AA67, cid=2311, SUCCESS, logIndex=3417, commits[270584e6-a4a8-4db5-8151-214655ce1a56:c3419, af078b8b-61ec-497f-9506-472d46a72462:c3415, 09fb9ab4-1b8d-44c0-9f8c-50855c6f1fed:c3415]
2019-08-21 12:28:11,157 [grpc-default-executor-2] INFO  client.GrpcClientProtocolClient (GrpcClientProtocolClient.java:onNext(255)) - client-C954105195FD->270584e6-a4a8-4db5-8151-214655ce1a56: receive RaftClientReply:client-C954105195FD->270584e6-a4a8-4db5-8151-214655ce1a56@group-787F5BA3AA67, cid=2312, SUCCESS, logIndex=3418, commits[270584e6-a4a8-4db5-8151-214655ce1a56:c3419, af078b8b-61ec-497f-9506-472d46a72462:c3415, 09fb9ab4-1b8d-44c0-9f8c-50855c6f1fed:c3415]
2019-08-21 12:28:11,157 | INFO  | DNAudit | user=null | ip=null | op=WRITE_CHUNK {blockData=conID: 3 locID: 102654967226696255 bcsId: 0} | ret=SUCCESS |  
2019-08-21 12:28:11,157 [grpc-default-executor-5] INFO  client.GrpcClientProtocolClient (GrpcClientProtocolClient.java:onNext(255)) - client-C954105195FD->270584e6-a4a8-4db5-8151-214655ce1a56: receive RaftClientReply:client-C954105195FD->270584e6-a4a8-4db5-8151-214655ce1a56@group-787F5BA3AA67, cid=2313, SUCCESS, logIndex=3419, commits[270584e6-a4a8-4db5-8151-214655ce1a56:c3419, af078b8b-61ec-497f-9506-472d46a72462:c3415, 09fb9ab4-1b8d-44c0-9f8c-50855c6f1fed:c3415]
2019-08-21 12:28:11,157 | INFO  | DNAudit | user=null | ip=null | op=PUT_BLOCK {blockData=[blockId=conID: 3 locID: 102654967226696255 bcsId: 0,size=1048576]} | ret=SUCCESS |  
2019-08-21 12:28:11,158 | INFO  | DNAudit | user=null | ip=null | op=PUT_BLOCK {blockData=[blockId=conID: 3 locID: 102654967226696255 bcsId: 0,size=1048576]} | ret=SUCCESS |  
2019-08-21 12:28:11,158 | INFO  | DNAudit | user=null | ip=null | op=WRITE_CHUNK {blockData=conID: 3 locID: 102654967226696255 bcsId: 0} | ret=SUCCESS |  
2019-08-21 12:28:11,159 | INFO  | DNAudit | user=null | ip=null | op=PUT_BLOCK {blockData=[blockId=conID: 3 locID: 102654967226696255 bcsId: 0,size=2097152]} | ret=SUCCESS |  
2019-08-21 12:28:11,159 [grpc-default-executor-5] INFO  client.GrpcClientProtocolClient (GrpcClientProtocolClient.java:onNext(255)) - client-C954105195FD->270584e6-a4a8-4db5-8151-214655ce1a56: receive RaftClientReply:client-C954105195FD->270584e6-a4a8-4db5-8151-214655ce1a56@group-787F5BA3AA67, cid=2314, SUCCESS, logIndex=0, commits[270584e6-a4a8-4db5-8151-214655ce1a56:c3421, af078b8b-61ec-497f-9506-472d46a72462:c3417, 09fb9ab4-1b8d-44c0-9f8c-50855c6f1fed:c3417]
2019-08-21 12:28:11,166 | INFO  | DNAudit | user=null | ip=null | op=WRITE_CHUNK {blockData=conID: 3 locID: 102654967226696255 bcsId: 3419} | ret=SUCCESS |  
2019-08-21 12:28:11,168 | INFO  | DNAudit | user=null | ip=null | op=WRITE_CHUNK {blockData=conID: 3 locID: 102654967226696255 bcsId: 3419} | ret=SUCCESS |  
2019-08-21 12:28:11,168 | INFO  | DNAudit | user=null | ip=null | op=WRITE_CHUNK {blockData=conID: 3 locID: 102654967226696255 bcsId: 3419} | ret=SUCCESS |  
2019-08-21 12:28:11,169 | INFO  | DNAudit | user=null | ip=null | op=WRITE_CHUNK {blockData=conID: 3 locID: 102654967226696255 bcsId: 0} | ret=SUCCESS |  
2019-08-21 12:28:11,169 | INFO  | DNAudit | user=null | ip=null | op=PUT_BLOCK {blockData=[blockId=conID: 3 locID: 102654967226696255 bcsId: 0,size=2097152]} | ret=SUCCESS |  
2019-08-21 12:28:11,171 | INFO  | DNAudit | user=null | ip=null | op=WRITE_CHUNK {blockData=conID: 3 locID: 102654967226696255 bcsId: 3419} | ret=SUCCESS |  
2019-08-21 12:28:11,171 | INFO  | DNAudit | user=null | ip=null | op=PUT_BLOCK {blockData=[blockId=conID: 3 locID: 102654967226696255 bcsId: 0,size=3145728]} | ret=SUCCESS |  
2019-08-21 12:28:11,171 [grpc-default-executor-5] INFO  client.GrpcClientProtocolClient (GrpcClientProtocolClient.java:onNext(255)) - client-C954105195FD->270584e6-a4a8-4db5-8151-214655ce1a56: receive RaftClientReply:client-C954105195FD->270584e6-a4a8-4db5-8151-214655ce1a56@group-787F5BA3AA67, cid=2315, SUCCESS, logIndex=3424, commits[270584e6-a4a8-4db5-8151-214655ce1a56:c3425, af078b8b-61ec-497f-9506-472d46a72462:c3423, 09fb9ab4-1b8d-44c0-9f8c-50855c6f1fed:c3419]
2019-08-21 12:28:11,172 [grpc-default-executor-5] INFO  client.GrpcClientProtocolClient (GrpcClientProtocolClient.java:onNext(255)) - client-C954105195FD->270584e6-a4a8-4db5-8151-214655ce1a56: receive RaftClientReply:client-C954105195FD->270584e6-a4a8-4db5-8151-214655ce1a56@group-787F5BA3AA67, cid=2316, SUCCESS, logIndex=3425, commits[270584e6-a4a8-4db5-8151-214655ce1a56:c3425, af078b8b-61ec-497f-9506-472d46a72462:c3423, 09fb9ab4-1b8d-44c0-9f8c-50855c6f1fed:c3419]
2019-08-21 12:28:11,178 | INFO  | DNAudit | user=null | ip=null | op=WRITE_CHUNK {blockData=conID: 3 locID: 102654967226696255 bcsId: 3425} | ret=SUCCESS |  
2019-08-21 12:28:11,181 | INFO  | DNAudit | user=null | ip=null | op=WRITE_CHUNK {blockData=conID: 3 locID: 102654967226696255 bcsId: 3425} | ret=SUCCESS |  
2019-08-21 12:28:11,181 | INFO  | DNAudit | user=null | ip=null | op=WRITE_CHUNK {blockData=conID: 3 locID: 102654967226696255 bcsId: 3425} | ret=SUCCESS |  
2019-08-21 12:28:11,183 | INFO  | DNAudit | user=null | ip=null | op=WRITE_CHUNK {blockData=conID: 3 locID: 102654967226696255 bcsId: 3419} | ret=SUCCESS |  
2019-08-21 12:28:11,188 | INFO  | SCMAudit | user=jenkins1000 | ip=192.168.34.23 | op=SEND_HEARTBEAT {datanodeUUID=39ae8c09-9b4b-4ddc-906b-4e52d104e1b1, command=[]} | ret=SUCCESS |  
2019-08-21 12:28:11,188 | INFO  | SCMAudit | user=jenkins1000 | ip=192.168.34.23 | op=SEND_HEARTBEAT {datanodeUUID=0aa4def6-fe9f-4182-b0b1-80406548816f, command=[]} | ret=SUCCESS |  
2019-08-21 12:28:11,194 | INFO  | DNAudit | user=null | ip=null | op=WRITE_CHUNK {blockData=conID: 3 locID: 102654967226696255 bcsId: 3419} | ret=SUCCESS |  
2019-08-21 12:28:11,194 | INFO  | DNAudit | user=null | ip=null | op=PUT_BLOCK {blockData=[blockId=conID: 3 locID: 102654967226696255 bcsId: 0,size=3145728]} | ret=SUCCESS |  
2019-08-21 12:28:11,195 | INFO  | DNAudit | user=null | ip=null | op=WRITE_CHUNK {blockData=conID: 3 locID: 102654967226696255 bcsId: 3425} | ret=SUCCESS |  
2019-08-21 12:28:11,195 | INFO  | DNAudit | user=null | ip=null | op=PUT_BLOCK {blockData=[blockId=conID: 3 locID: 102654967226696255 bcsId: 0,size=3145728]} | ret=SUCCESS |  
2019-08-21 12:28:11,195 | INFO  | DNAudit | user=null | ip=null | op=PUT_BLOCK {blockData=[blockId=conID: 3 locID: 102654967226696255 bcsId: 0,size=4194304]} | ret=SUCCESS |  
2019-08-21 12:28:11,195 [grpc-default-executor-2] INFO  client.GrpcClientProtocolClient (GrpcClientProtocolClient.java:onNext(255)) - client-C954105195FD->270584e6-a4a8-4db5-8151-214655ce1a56: receive RaftClientReply:client-C954105195FD->270584e6-a4a8-4db5-8151-214655ce1a56@group-787F5BA3AA67, cid=2317, SUCCESS, logIndex=3428, commits[270584e6-a4a8-4db5-8151-214655ce1a56:c3429, af078b8b-61ec-497f-9506-472d46a72462:c3424, 09fb9ab4-1b8d-44c0-9f8c-50855c6f1fed:c3425]
2019-08-21 12:28:11,196 [grpc-default-executor-2] INFO  client.GrpcClientProtocolClient (GrpcClientProtocolClient.java:onNext(255)) - client-C954105195FD->270584e6-a4a8-4db5-8151-214655ce1a56: receive RaftClientReply:client-C954105195FD->270584e6-a4a8-4db5-8151-214655ce1a56@group-787F5BA3AA67, cid=2318, SUCCESS, logIndex=3429, commits[270584e6-a4a8-4db5-8151-214655ce1a56:c3429, af078b8b-61ec-497f-9506-472d46a72462:c3425, 09fb9ab4-1b8d-44c0-9f8c-50855c6f1fed:c3425]
2019-08-21 12:28:11,196 | INFO  | DNAudit | user=null | ip=null | op=WRITE_CHUNK {blockData=conID: 3 locID: 102654967226696255 bcsId: 3425} | ret=SUCCESS |  
2019-08-21 12:28:11,196 | INFO  | DNAudit | user=null | ip=null | op=WRITE_CHUNK {blockData=conID: 3 locID: 102654967226696255 bcsId: 3425} | ret=SUCCESS |  
2019-08-21 12:28:11,197 | INFO  | DNAudit | user=null | ip=null | op=PUT_BLOCK {blockData=[blockId=conID: 3 locID: 102654967226696255 bcsId: 0,size=4194304]} | ret=SUCCESS |  
2019-08-21 12:28:11,197 | INFO  | DNAudit | user=null | ip=null | op=PUT_BLOCK {blockData=[blockId=conID: 3 locID: 102654967226696255 bcsId: 0,size=4194304]} | ret=SUCCESS |  
2019-08-21 12:28:11,197 [grpc-default-executor-2] INFO  client.GrpcClientProtocolClient (GrpcClientProtocolClient.java:onNext(255)) - client-C954105195FD->270584e6-a4a8-4db5-8151-214655ce1a56: receive RaftClientReply:client-C954105195FD->270584e6-a4a8-4db5-8151-214655ce1a56@group-787F5BA3AA67, cid=2319, SUCCESS, logIndex=0, commits[270584e6-a4a8-4db5-8151-214655ce1a56:c3430, af078b8b-61ec-497f-9506-472d46a72462:c3429, 09fb9ab4-1b8d-44c0-9f8c-50855c6f1fed:c3429]
2019-08-21 12:28:11,203 | INFO  | SCMAudit | user=jenkins1000 | ip=192.168.34.23 | op=ALLOCATE_BLOCK {owner=b79f83c9-5f7d-4caf-af30-78af34bc5eea, size=4194304, type=RATIS, factor=THREE} | ret=SUCCESS |  
2019-08-21 12:28:11,207 | INFO  | OMAudit | user=jenkins1000 | ip=127.0.0.1 | op=ALLOCATE_BLOCK {volume=vol-0-06517, bucket=bucket-0-64549, key=key-0-34512, dataSize=0, replicationType=null, replicationFactor=null, keyLocationInfo=null, clientID=102654965997830546} | ret=SUCCESS |  
2019-08-21 12:28:11,214 | INFO  | DNAudit | user=null | ip=null | op=WRITE_CHUNK {blockData=conID: 1 locID: 102654967231480384 bcsId: 0} | ret=SUCCESS |  
2019-08-21 12:28:11,217 | INFO  | DNAudit | user=null | ip=null | op=WRITE_CHUNK {blockData=conID: 1 locID: 102654967231480384 bcsId: 0} | ret=SUCCESS |  
2019-08-21 12:28:11,218 | INFO  | DNAudit | user=null | ip=null | op=WRITE_CHUNK {blockData=conID: 1 locID: 102654967231480384 bcsId: 0} | ret=SUCCESS |  
2019-08-21 12:28:11,218 | INFO  | DNAudit | user=null | ip=null | op=WRITE_CHUNK {blockData=conID: 1 locID: 102654967231480384 bcsId: 0} | ret=SUCCESS |  
2019-08-21 12:28:11,219 | INFO  | DNAudit | user=null | ip=null | op=WRITE_CHUNK {blockData=conID: 1 locID: 102654967231480384 bcsId: 0} | ret=SUCCESS |  
2019-08-21 12:28:11,220 | INFO  | DNAudit | user=null | ip=null | op=WRITE_CHUNK {blockData=conID: 1 locID: 102654967231480384 bcsId: 0} | ret=SUCCESS |  
2019-08-21 12:28:11,228 | INFO  | DNAudit | user=null | ip=null | op=WRITE_CHUNK {blockData=conID: 1 locID: 102654967231480384 bcsId: 0} | ret=SUCCESS |  
2019-08-21 12:28:11,229 | INFO  | DNAudit | user=null | ip=null | op=PUT_BLOCK {blockData=[blockId=conID: 1 locID: 102654967231480384 bcsId: 0,size=1048576]} | ret=SUCCESS |  
2019-08-21 12:28:11,229 [grpc-default-executor-2] INFO  client.GrpcClientProtocolClient (GrpcClientProtocolClient.java:onNext(255)) - client-C954105195FD->270584e6-a4a8-4db5-8151-214655ce1a56: receive RaftClientReply:client-C954105195FD->270584e6-a4a8-4db5-8151-214655ce1a56@group-787F5BA3AA67, cid=2320, SUCCESS, logIndex=3432, commits[270584e6-a4a8-4db5-8151-214655ce1a56:c3433, af078b8b-61ec-497f-9506-472d46a72462:c3431, 09fb9ab4-1b8d-44c0-9f8c-50855c6f1fed:c3431]
2019-08-21 12:28:11,229 [grpc-default-executor-2] INFO  client.GrpcClientProtocolClient (GrpcClientProtocolClient.java:onNext(255)) - client-C954105195FD->270584e6-a4a8-4db5-8151-214655ce1a56: receive RaftClientReply:client-C954105195FD->270584e6-a4a8-4db5-8151-214655ce1a56@group-787F5BA3AA67, cid=2321, SUCCESS, logIndex=3433, commits[270584e6-a4a8-4db5-8151-214655ce1a56:c3433, af078b8b-61ec-497f-9506-472d46a72462:c3431, 09fb9ab4-1b8d-44c0-9f8c-50855c6f1fed:c3431]
2019-08-21 12:28:11,238 | INFO  | DNAudit | user=null | ip=null | op=WRITE_CHUNK {blockData=conID: 1 locID: 102654967231480384 bcsId: 0} | ret=SUCCESS |  
2019-08-21 12:28:11,239 | INFO  | DNAudit | user=null | ip=null | op=WRITE_CHUNK {blockData=conID: 1 locID: 102654967231480384 bcsId: 0} | ret=SUCCESS |  
2019-08-21 12:28:11,239 | INFO  | DNAudit | user=null | ip=null | op=PUT_BLOCK {blockData=[blockId=conID: 1 locID: 102654967231480384 bcsId: 0,size=2097152]} | ret=SUCCESS |  
2019-08-21 12:28:11,239 [grpc-default-executor-5] INFO  client.GrpcClientProtocolClient (GrpcClientProtocolClient.java:onNext(255)) - client-C954105195FD->270584e6-a4a8-4db5-8151-214655ce1a56: receive RaftClientReply:client-C954105195FD->270584e6-a4a8-4db5-8151-214655ce1a56@group-787F5BA3AA67, cid=2322, SUCCESS, logIndex=3434, commits[270584e6-a4a8-4db5-8151-214655ce1a56:c3435, af078b8b-61ec-497f-9506-472d46a72462:c3431, 09fb9ab4-1b8d-44c0-9f8c-50855c6f1fed:c3431]
2019-08-21 12:28:11,240 [grpc-default-executor-5] INFO  client.GrpcClientProtocolClient (GrpcClientProtocolClient.java:onNext(255)) - client-C954105195FD->270584e6-a4a8-4db5-8151-214655ce1a56: receive RaftClientReply:client-C954105195FD->270584e6-a4a8-4db5-8151-214655ce1a56@group-787F5BA3AA67, cid=2323, SUCCESS, logIndex=3435, commits[270584e6-a4a8-4db5-8151-214655ce1a56:c3435, af078b8b-61ec-497f-9506-472d46a72462:c3431, 09fb9ab4-1b8d-44c0-9f8c-50855c6f1fed:c3432]
2019-08-21 12:28:11,241 | INFO  | DNAudit | user=null | ip=null | op=PUT_BLOCK {blockData=[blockId=conID: 1 locID: 102654967231480384 bcsId: 0,size=1048576]} | ret=SUCCESS |  
2019-08-21 12:28:11,241 | INFO  | DNAudit | user=null | ip=null | op=WRITE_CHUNK {blockData=conID: 1 locID: 102654967231480384 bcsId: 0} | ret=SUCCESS |  
2019-08-21 12:28:11,241 | INFO  | DNAudit | user=null | ip=null | op=WRITE_CHUNK {blockData=conID: 1 locID: 102654967231480384 bcsId: 0} | ret=SUCCESS |  
2019-08-21 12:28:11,241 | INFO  | DNAudit | user=null | ip=null | op=PUT_BLOCK {blockData=[blockId=conID: 1 locID: 102654967231480384 bcsId: 0,size=1048576]} | ret=SUCCESS |  
2019-08-21 12:28:11,241 | INFO  | DNAudit | user=null | ip=null | op=PUT_BLOCK {blockData=[blockId=conID: 1 locID: 102654967231480384 bcsId: 0,size=2097152]} | ret=SUCCESS |  
2019-08-21 12:28:11,241 [grpc-default-executor-5] INFO  client.GrpcClientProtocolClient (GrpcClientProtocolClient.java:onNext(255)) - client-C954105195FD->270584e6-a4a8-4db5-8151-214655ce1a56: receive RaftClientReply:client-C954105195FD->270584e6-a4a8-4db5-8151-214655ce1a56@group-787F5BA3AA67, cid=2324, SUCCESS, logIndex=0, commits[270584e6-a4a8-4db5-8151-214655ce1a56:c3437, af078b8b-61ec-497f-9506-472d46a72462:c3433, 09fb9ab4-1b8d-44c0-9f8c-50855c6f1fed:c3433]
2019-08-21 12:28:11,242 | INFO  | DNAudit | user=null | ip=null | op=WRITE_CHUNK {blockData=conID: 1 locID: 102654967231480384 bcsId: 0} | ret=SUCCESS |  
2019-08-21 12:28:11,242 | INFO  | DNAudit | user=null | ip=null | op=PUT_BLOCK {blockData=[blockId=conID: 1 locID: 102654967231480384 bcsId: 0,size=2097152]} | ret=SUCCESS |  
2019-08-21 12:28:11,248 | INFO  | DNAudit | user=null | ip=null | op=WRITE_CHUNK {blockData=conID: 1 locID: 102654967231480384 bcsId: 3435} | ret=SUCCESS |  
2019-08-21 12:28:11,250 | INFO  | DNAudit | user=null | ip=null | op=WRITE_CHUNK {blockData=conID: 1 locID: 102654967231480384 bcsId: 3435} | ret=SUCCESS |  
2019-08-21 12:28:11,250 | INFO  | DNAudit | user=null | ip=null | op=WRITE_CHUNK {blockData=conID: 1 locID: 102654967231480384 bcsId: 3435} | ret=SUCCESS |  
2019-08-21 12:28:11,264 | INFO  | DNAudit | user=null | ip=null | op=WRITE_CHUNK {blockData=conID: 1 locID: 102654967231480384 bcsId: 3435} | ret=SUCCESS |  
2019-08-21 12:28:11,265 | INFO  | DNAudit | user=null | ip=null | op=PUT_BLOCK {blockData=[blockId=conID: 1 locID: 102654967231480384 bcsId: 0,size=3145728]} | ret=SUCCESS |  
2019-08-21 12:28:11,265 [grpc-default-executor-1] INFO  client.GrpcClientProtocolClient (GrpcClientProtocolClient.java:onNext(255)) - client-C954105195FD->270584e6-a4a8-4db5-8151-214655ce1a56: receive RaftClientReply:client-C954105195FD->270584e6-a4a8-4db5-8151-214655ce1a56@group-787F5BA3AA67, cid=2325, SUCCESS, logIndex=3439, commits[270584e6-a4a8-4db5-8151-214655ce1a56:c3440, af078b8b-61ec-497f-9506-472d46a72462:c3437, 09fb9ab4-1b8d-44c0-9f8c-50855c6f1fed:c3437]
2019-08-21 12:28:11,265 [grpc-default-executor-1] INFO  client.GrpcClientProtocolClient (GrpcClientProtocolClient.java:onNext(255)) - client-C954105195FD->270584e6-a4a8-4db5-8151-214655ce1a56: receive RaftClientReply:client-C954105195FD->270584e6-a4a8-4db5-8151-214655ce1a56@group-787F5BA3AA67, cid=2326, SUCCESS, logIndex=3440, commits[270584e6-a4a8-4db5-8151-214655ce1a56:c3440, af078b8b-61ec-497f-9506-472d46a72462:c3437, 09fb9ab4-1b8d-44c0-9f8c-50855c6f1fed:c3437]
2019-08-21 12:28:11,418 | INFO  | DNAudit | user=null | ip=null | op=WRITE_CHUNK {blockData=conID: 1 locID: 102654967231480384 bcsId: 3440} | ret=SUCCESS |  
2019-08-21 12:28:11,421 | INFO  | DNAudit | user=null | ip=null | op=WRITE_CHUNK {blockData=conID: 1 locID: 102654967231480384 bcsId: 3440} | ret=SUCCESS |  
2019-08-21 12:28:11,421 | INFO  | DNAudit | user=null | ip=null | op=WRITE_CHUNK {blockData=conID: 1 locID: 102654967231480384 bcsId: 3440} | ret=SUCCESS |  
2019-08-21 12:28:11,431 | INFO  | DNAudit | user=null | ip=null | op=WRITE_CHUNK {blockData=conID: 1 locID: 102654967231480384 bcsId: 3435} | ret=SUCCESS |  
2019-08-21 12:28:11,431 | INFO  | DNAudit | user=null | ip=null | op=WRITE_CHUNK {blockData=conID: 1 locID: 102654967231480384 bcsId: 3435} | ret=SUCCESS |  
2019-08-21 12:28:11,431 | INFO  | DNAudit | user=null | ip=null | op=PUT_BLOCK {blockData=[blockId=conID: 1 locID: 102654967231480384 bcsId: 0,size=3145728]} | ret=SUCCESS |  
2019-08-21 12:28:11,431 | INFO  | DNAudit | user=null | ip=null | op=PUT_BLOCK {blockData=[blockId=conID: 1 locID: 102654967231480384 bcsId: 0,size=3145728]} | ret=SUCCESS |  
2019-08-21 12:28:11,432 | INFO  | DNAudit | user=null | ip=null | op=WRITE_CHUNK {blockData=conID: 1 locID: 102654967231480384 bcsId: 3440} | ret=SUCCESS |  
2019-08-21 12:28:11,432 | INFO  | DNAudit | user=null | ip=null | op=PUT_BLOCK {blockData=[blockId=conID: 1 locID: 102654967231480384 bcsId: 0,size=4194304]} | ret=SUCCESS |  
2019-08-21 12:28:11,432 [grpc-default-executor-2] INFO  client.GrpcClientProtocolClient (GrpcClientProtocolClient.java:onNext(255)) - client-C954105195FD->270584e6-a4a8-4db5-8151-214655ce1a56: receive RaftClientReply:client-C954105195FD->270584e6-a4a8-4db5-8151-214655ce1a56@group-787F5BA3AA67, cid=2327, SUCCESS, logIndex=3443, commits[270584e6-a4a8-4db5-8151-214655ce1a56:c3444, af078b8b-61ec-497f-9506-472d46a72462:c3442, 09fb9ab4-1b8d-44c0-9f8c-50855c6f1fed:c3442]
2019-08-21 12:28:11,433 [grpc-default-executor-2] INFO  client.GrpcClientProtocolClient (GrpcClientProtocolClient.java:onNext(255)) - client-C954105195FD->270584e6-a4a8-4db5-8151-214655ce1a56: receive RaftClientReply:client-C954105195FD->270584e6-a4a8-4db5-8151-214655ce1a56@group-787F5BA3AA67, cid=2328, SUCCESS, logIndex=3444, commits[270584e6-a4a8-4db5-8151-214655ce1a56:c3444, af078b8b-61ec-497f-9506-472d46a72462:c3442, 09fb9ab4-1b8d-44c0-9f8c-50855c6f1fed:c3442]
2019-08-21 12:28:11,443 | INFO  | DNAudit | user=null | ip=null | op=WRITE_CHUNK {blockData=conID: 1 locID: 102654967231480384 bcsId: 3440} | ret=SUCCESS |  
2019-08-21 12:28:11,443 | INFO  | DNAudit | user=null | ip=null | op=WRITE_CHUNK {blockData=conID: 1 locID: 102654967231480384 bcsId: 3440} | ret=SUCCESS |  
2019-08-21 12:28:11,445 | INFO  | DNAudit | user=null | ip=null | op=PUT_BLOCK {blockData=[blockId=conID: 1 locID: 102654967231480384 bcsId: 0,size=4194304]} | ret=SUCCESS |  
2019-08-21 12:28:11,446 | INFO  | DNAudit | user=null | ip=null | op=PUT_BLOCK {blockData=[blockId=conID: 1 locID: 102654967231480384 bcsId: 0,size=4194304]} | ret=SUCCESS |  
2019-08-21 12:28:11,446 [grpc-default-executor-2] INFO  client.GrpcClientProtocolClient (GrpcClientProtocolClient.java:onNext(255)) - client-C954105195FD->270584e6-a4a8-4db5-8151-214655ce1a56: receive RaftClientReply:client-C954105195FD->270584e6-a4a8-4db5-8151-214655ce1a56@group-787F5BA3AA67, cid=2329, SUCCESS, logIndex=0, commits[270584e6-a4a8-4db5-8151-214655ce1a56:c3446, af078b8b-61ec-497f-9506-472d46a72462:c3444, 09fb9ab4-1b8d-44c0-9f8c-50855c6f1fed:c3444]
2019-08-21 12:28:11,453 | INFO  | SCMAudit | user=jenkins1000 | ip=192.168.34.23 | op=ALLOCATE_BLOCK {owner=b79f83c9-5f7d-4caf-af30-78af34bc5eea, size=4194304, type=RATIS, factor=THREE} | ret=SUCCESS |  
2019-08-21 12:28:11,457 | INFO  | OMAudit | user=jenkins1000 | ip=127.0.0.1 | op=ALLOCATE_BLOCK {volume=vol-0-06517, bucket=bucket-0-64549, key=key-0-34512, dataSize=0, replicationType=null, replicationFactor=null, keyLocationInfo=null, clientID=102654965997830546} | ret=SUCCESS |  
2019-08-21 12:28:11,465 | INFO  | DNAudit | user=null | ip=null | op=WRITE_CHUNK {blockData=conID: 2 locID: 102654967247864385 bcsId: 0} | ret=SUCCESS |  
2019-08-21 12:28:11,468 | INFO  | DNAudit | user=null | ip=null | op=WRITE_CHUNK {blockData=conID: 2 locID: 102654967247864385 bcsId: 0} | ret=SUCCESS |  
2019-08-21 12:28:11,469 | INFO  | DNAudit | user=null | ip=null | op=WRITE_CHUNK {blockData=conID: 2 locID: 102654967247864385 bcsId: 0} | ret=SUCCESS |  
2019-08-21 12:28:11,469 | INFO  | DNAudit | user=null | ip=null | op=WRITE_CHUNK {blockData=conID: 2 locID: 102654967247864385 bcsId: 0} | ret=SUCCESS |  
2019-08-21 12:28:11,471 | INFO  | DNAudit | user=null | ip=null | op=WRITE_CHUNK {blockData=conID: 2 locID: 102654967247864385 bcsId: 0} | ret=SUCCESS |  
2019-08-21 12:28:11,471 | INFO  | DNAudit | user=null | ip=null | op=WRITE_CHUNK {blockData=conID: 2 locID: 102654967247864385 bcsId: 0} | ret=SUCCESS |  
2019-08-21 12:28:11,479 | INFO  | DNAudit | user=null | ip=null | op=WRITE_CHUNK {blockData=conID: 2 locID: 102654967247864385 bcsId: 0} | ret=SUCCESS |  
2019-08-21 12:28:11,479 | INFO  | DNAudit | user=null | ip=null | op=PUT_BLOCK {blockData=[blockId=conID: 2 locID: 102654967247864385 bcsId: 0,size=1048576]} | ret=SUCCESS |  
2019-08-21 12:28:11,479 [grpc-default-executor-1] INFO  client.GrpcClientProtocolClient (GrpcClientProtocolClient.java:onNext(255)) - client-C954105195FD->270584e6-a4a8-4db5-8151-214655ce1a56: receive RaftClientReply:client-C954105195FD->270584e6-a4a8-4db5-8151-214655ce1a56@group-787F5BA3AA67, cid=2330, SUCCESS, logIndex=3447, commits[270584e6-a4a8-4db5-8151-214655ce1a56:c3448, af078b8b-61ec-497f-9506-472d46a72462:c3446, 09fb9ab4-1b8d-44c0-9f8c-50855c6f1fed:c3446]
2019-08-21 12:28:11,480 [grpc-default-executor-1] INFO  client.GrpcClientProtocolClient (GrpcClientProtocolClient.java:onNext(255)) - client-C954105195FD->270584e6-a4a8-4db5-8151-214655ce1a56: receive RaftClientReply:client-C954105195FD->270584e6-a4a8-4db5-8151-214655ce1a56@group-787F5BA3AA67, cid=2331, SUCCESS, logIndex=3448, commits[270584e6-a4a8-4db5-8151-214655ce1a56:c3448, af078b8b-61ec-497f-9506-472d46a72462:c3446, 09fb9ab4-1b8d-44c0-9f8c-50855c6f1fed:c3446]
2019-08-21 12:28:11,492 | INFO  | DNAudit | user=null | ip=null | op=WRITE_CHUNK {blockData=conID: 2 locID: 102654967247864385 bcsId: 0} | ret=SUCCESS |  
2019-08-21 12:28:11,492 | INFO  | DNAudit | user=null | ip=null | op=PUT_BLOCK {blockData=[blockId=conID: 2 locID: 102654967247864385 bcsId: 0,size=2097152]} | ret=SUCCESS |  
2019-08-21 12:28:11,492 [grpc-default-executor-2] INFO  client.GrpcClientProtocolClient (GrpcClientProtocolClient.java:onNext(255)) - client-C954105195FD->270584e6-a4a8-4db5-8151-214655ce1a56: receive RaftClientReply:client-C954105195FD->270584e6-a4a8-4db5-8151-214655ce1a56@group-787F5BA3AA67, cid=2332, SUCCESS, logIndex=3449, commits[270584e6-a4a8-4db5-8151-214655ce1a56:c3450, af078b8b-61ec-497f-9506-472d46a72462:c3446, 09fb9ab4-1b8d-44c0-9f8c-50855c6f1fed:c3446]
2019-08-21 12:28:11,493 [grpc-default-executor-2] INFO  client.GrpcClientProtocolClient (GrpcClientProtocolClient.java:onNext(255)) - client-C954105195FD->270584e6-a4a8-4db5-8151-214655ce1a56: receive RaftClientReply:client-C954105195FD->270584e6-a4a8-4db5-8151-214655ce1a56@group-787F5BA3AA67, cid=2333, SUCCESS, logIndex=3450, commits[270584e6-a4a8-4db5-8151-214655ce1a56:c3450, af078b8b-61ec-497f-9506-472d46a72462:c3446, 09fb9ab4-1b8d-44c0-9f8c-50855c6f1fed:c3446]
2019-08-21 12:28:11,504 | INFO  | DNAudit | user=null | ip=null | op=WRITE_CHUNK {blockData=conID: 2 locID: 102654967247864385 bcsId: 0} | ret=SUCCESS |  
2019-08-21 12:28:11,504 | INFO  | DNAudit | user=null | ip=null | op=WRITE_CHUNK {blockData=conID: 2 locID: 102654967247864385 bcsId: 0} | ret=SUCCESS |  
2019-08-21 12:28:11,504 | INFO  | DNAudit | user=null | ip=null | op=PUT_BLOCK {blockData=[blockId=conID: 2 locID: 102654967247864385 bcsId: 0,size=1048576]} | ret=SUCCESS |  
2019-08-21 12:28:11,505 | INFO  | DNAudit | user=null | ip=null | op=PUT_BLOCK {blockData=[blockId=conID: 2 locID: 102654967247864385 bcsId: 0,size=1048576]} | ret=SUCCESS |  
2019-08-21 12:28:11,505 [grpc-default-executor-5] INFO  client.GrpcClientProtocolClient (GrpcClientProtocolClient.java:onNext(255)) - client-C954105195FD->270584e6-a4a8-4db5-8151-214655ce1a56: receive RaftClientReply:client-C954105195FD->270584e6-a4a8-4db5-8151-214655ce1a56@group-787F5BA3AA67, cid=2334, SUCCESS, logIndex=0, commits[270584e6-a4a8-4db5-8151-214655ce1a56:c3452, af078b8b-61ec-497f-9506-472d46a72462:c3448, 09fb9ab4-1b8d-44c0-9f8c-50855c6f1fed:c3448]
2019-08-21 12:28:11,514 | INFO  | DNAudit | user=null | ip=null | op=WRITE_CHUNK {blockData=conID: 2 locID: 102654967247864385 bcsId: 3450} | ret=SUCCESS |  
2019-08-21 12:28:11,516 | INFO  | DNAudit | user=null | ip=null | op=WRITE_CHUNK {blockData=conID: 2 locID: 102654967247864385 bcsId: 0} | ret=SUCCESS |  
2019-08-21 12:28:11,516 | INFO  | DNAudit | user=null | ip=null | op=WRITE_CHUNK {blockData=conID: 2 locID: 102654967247864385 bcsId: 0} | ret=SUCCESS |  
2019-08-21 12:28:11,516 | INFO  | DNAudit | user=null | ip=null | op=PUT_BLOCK {blockData=[blockId=conID: 2 locID: 102654967247864385 bcsId: 0,size=2097152]} | ret=SUCCESS |  
2019-08-21 12:28:11,516 | INFO  | DNAudit | user=null | ip=null | op=PUT_BLOCK {blockData=[blockId=conID: 2 locID: 102654967247864385 bcsId: 0,size=2097152]} | ret=SUCCESS |  
2019-08-21 12:28:11,517 | INFO  | DNAudit | user=null | ip=null | op=WRITE_CHUNK {blockData=conID: 2 locID: 102654967247864385 bcsId: 3450} | ret=SUCCESS |  
2019-08-21 12:28:11,518 | INFO  | DNAudit | user=null | ip=null | op=WRITE_CHUNK {blockData=conID: 2 locID: 102654967247864385 bcsId: 3450} | ret=SUCCESS |  
2019-08-21 12:28:11,527 | INFO  | DNAudit | user=null | ip=null | op=WRITE_CHUNK {blockData=conID: 2 locID: 102654967247864385 bcsId: 3450} | ret=SUCCESS |  
2019-08-21 12:28:11,528 | INFO  | DNAudit | user=null | ip=null | op=PUT_BLOCK {blockData=[blockId=conID: 2 locID: 102654967247864385 bcsId: 0,size=3145728]} | ret=SUCCESS |  
2019-08-21 12:28:11,528 [grpc-default-executor-5] INFO  client.GrpcClientProtocolClient (GrpcClientProtocolClient.java:onNext(255)) - client-C954105195FD->270584e6-a4a8-4db5-8151-214655ce1a56: receive RaftClientReply:client-C954105195FD->270584e6-a4a8-4db5-8151-214655ce1a56@group-787F5BA3AA67, cid=2335, SUCCESS, logIndex=3455, commits[270584e6-a4a8-4db5-8151-214655ce1a56:c3456, af078b8b-61ec-497f-9506-472d46a72462:c3452, 09fb9ab4-1b8d-44c0-9f8c-50855c6f1fed:c3452]
2019-08-21 12:28:11,529 [grpc-default-executor-5] INFO  client.GrpcClientProtocolClient (GrpcClientProtocolClient.java:onNext(255)) - client-C954105195FD->270584e6-a4a8-4db5-8151-214655ce1a56: receive RaftClientReply:client-C954105195FD->270584e6-a4a8-4db5-8151-214655ce1a56@group-787F5BA3AA67, cid=2336, SUCCESS, logIndex=3456, commits[270584e6-a4a8-4db5-8151-214655ce1a56:c3456, af078b8b-61ec-497f-9506-472d46a72462:c3452, 09fb9ab4-1b8d-44c0-9f8c-50855c6f1fed:c3452]
2019-08-21 12:28:11,536 | INFO  | DNAudit | user=null | ip=null | op=WRITE_CHUNK {blockData=conID: 2 locID: 102654967247864385 bcsId: 3456} | ret=SUCCESS |  
2019-08-21 12:28:11,538 | INFO  | DNAudit | user=null | ip=null | op=WRITE_CHUNK {blockData=conID: 2 locID: 102654967247864385 bcsId: 3456} | ret=SUCCESS |  
2019-08-21 12:28:11,540 | INFO  | DNAudit | user=null | ip=null | op=WRITE_CHUNK {blockData=conID: 2 locID: 102654967247864385 bcsId: 3456} | ret=SUCCESS |  
2019-08-21 12:28:11,541 | INFO  | DNAudit | user=null | ip=null | op=WRITE_CHUNK {blockData=conID: 2 locID: 102654967247864385 bcsId: 3450} | ret=SUCCESS |  
2019-08-21 12:28:11,541 | INFO  | DNAudit | user=null | ip=null | op=WRITE_CHUNK {blockData=conID: 2 locID: 102654967247864385 bcsId: 3450} | ret=SUCCESS |  
2019-08-21 12:28:11,554 | INFO  | DNAudit | user=null | ip=null | op=PUT_BLOCK {blockData=[blockId=conID: 2 locID: 102654967247864385 bcsId: 0,size=3145728]} | ret=SUCCESS |  
2019-08-21 12:28:11,554 | INFO  | DNAudit | user=null | ip=null | op=PUT_BLOCK {blockData=[blockId=conID: 2 locID: 102654967247864385 bcsId: 0,size=3145728]} | ret=SUCCESS |  
2019-08-21 12:28:11,555 | INFO  | DNAudit | user=null | ip=null | op=WRITE_CHUNK {blockData=conID: 2 locID: 102654967247864385 bcsId: 3456} | ret=SUCCESS |  
2019-08-21 12:28:11,555 | INFO  | DNAudit | user=null | ip=null | op=PUT_BLOCK {blockData=[blockId=conID: 2 locID: 102654967247864385 bcsId: 0,size=4194304]} | ret=SUCCESS |  
2019-08-21 12:28:11,555 [grpc-default-executor-1] INFO  client.GrpcClientProtocolClient (GrpcClientProtocolClient.java:onNext(255)) - client-C954105195FD->270584e6-a4a8-4db5-8151-214655ce1a56: receive RaftClientReply:client-C954105195FD->270584e6-a4a8-4db5-8151-214655ce1a56@group-787F5BA3AA67, cid=2337, SUCCESS, logIndex=3459, commits[270584e6-a4a8-4db5-8151-214655ce1a56:c3460, af078b8b-61ec-497f-9506-472d46a72462:c3456, 09fb9ab4-1b8d-44c0-9f8c-50855c6f1fed:c3456]
2019-08-21 12:28:11,556 [grpc-default-executor-1] INFO  client.GrpcClientProtocolClient (GrpcClientProtocolClient.java:onNext(255)) - client-C954105195FD->270584e6-a4a8-4db5-8151-214655ce1a56: receive RaftClientReply:client-C954105195FD->270584e6-a4a8-4db5-8151-214655ce1a56@group-787F5BA3AA67, cid=2338, SUCCESS, logIndex=3460, commits[270584e6-a4a8-4db5-8151-214655ce1a56:c3460, af078b8b-61ec-497f-9506-472d46a72462:c3456, 09fb9ab4-1b8d-44c0-9f8c-50855c6f1fed:c3456]
2019-08-21 12:28:11,568 | INFO  | DNAudit | user=null | ip=null | op=WRITE_CHUNK {blockData=conID: 2 locID: 102654967247864385 bcsId: 3456} | ret=SUCCESS |  
2019-08-21 12:28:11,568 | INFO  | DNAudit | user=null | ip=null | op=WRITE_CHUNK {blockData=conID: 2 locID: 102654967247864385 bcsId: 3456} | ret=SUCCESS |  
2019-08-21 12:28:11,570 | INFO  | DNAudit | user=null | ip=null | op=PUT_BLOCK {blockData=[blockId=conID: 2 locID: 102654967247864385 bcsId: 0,size=4194304]} | ret=SUCCESS |  
2019-08-21 12:28:11,570 | INFO  | DNAudit | user=null | ip=null | op=PUT_BLOCK {blockData=[blockId=conID: 2 locID: 102654967247864385 bcsId: 0,size=4194304]} | ret=SUCCESS |  
2019-08-21 12:28:11,571 [grpc-default-executor-1] INFO  client.GrpcClientProtocolClient (GrpcClientProtocolClient.java:onNext(255)) - client-C954105195FD->270584e6-a4a8-4db5-8151-214655ce1a56: receive RaftClientReply:client-C954105195FD->270584e6-a4a8-4db5-8151-214655ce1a56@group-787F5BA3AA67, cid=2339, SUCCESS, logIndex=0, commits[270584e6-a4a8-4db5-8151-214655ce1a56:c3462, af078b8b-61ec-497f-9506-472d46a72462:c3460, 09fb9ab4-1b8d-44c0-9f8c-50855c6f1fed:c3460]
2019-08-21 12:28:11,575 | INFO  | SCMAudit | user=jenkins1000 | ip=192.168.34.23 | op=ALLOCATE_BLOCK {owner=b79f83c9-5f7d-4caf-af30-78af34bc5eea, size=4194304, type=RATIS, factor=THREE} | ret=SUCCESS |  
2019-08-21 12:28:11,578 | INFO  | OMAudit | user=jenkins1000 | ip=127.0.0.1 | op=ALLOCATE_BLOCK {volume=vol-0-06517, bucket=bucket-0-64549, key=key-0-34512, dataSize=0, replicationType=null, replicationFactor=null, keyLocationInfo=null, clientID=102654965997830546} | ret=SUCCESS |  
2019-08-21 12:28:11,586 | INFO  | DNAudit | user=null | ip=null | op=WRITE_CHUNK {blockData=conID: 3 locID: 102654967255859778 bcsId: 0} | ret=SUCCESS |  
2019-08-21 12:28:11,589 | INFO  | DNAudit | user=null | ip=null | op=WRITE_CHUNK {blockData=conID: 3 locID: 102654967255859778 bcsId: 0} | ret=SUCCESS |  
2019-08-21 12:28:11,590 | INFO  | DNAudit | user=null | ip=null | op=WRITE_CHUNK {blockData=conID: 3 locID: 102654967255859778 bcsId: 0} | ret=SUCCESS |  
2019-08-21 12:28:11,590 | INFO  | DNAudit | user=null | ip=null | op=WRITE_CHUNK {blockData=conID: 3 locID: 102654967255859778 bcsId: 0} | ret=SUCCESS |  
2019-08-21 12:28:11,592 | INFO  | DNAudit | user=null | ip=null | op=WRITE_CHUNK {blockData=conID: 3 locID: 102654967255859778 bcsId: 0} | ret=SUCCESS |  
2019-08-21 12:28:11,592 | INFO  | DNAudit | user=null | ip=null | op=WRITE_CHUNK {blockData=conID: 3 locID: 102654967255859778 bcsId: 0} | ret=SUCCESS |  
2019-08-21 12:28:11,594 | INFO  | DNAudit | user=null | ip=null | op=WRITE_CHUNK {blockData=conID: 3 locID: 102654967255859778 bcsId: 0} | ret=SUCCESS |  
2019-08-21 12:28:11,595 | INFO  | DNAudit | user=null | ip=null | op=PUT_BLOCK {blockData=[blockId=conID: 3 locID: 102654967255859778 bcsId: 0,size=1048576]} | ret=SUCCESS |  
2019-08-21 12:28:11,595 [grpc-default-executor-2] INFO  client.GrpcClientProtocolClient (GrpcClientProtocolClient.java:onNext(255)) - client-C954105195FD->270584e6-a4a8-4db5-8151-214655ce1a56: receive RaftClientReply:client-C954105195FD->270584e6-a4a8-4db5-8151-214655ce1a56@group-787F5BA3AA67, cid=2340, SUCCESS, logIndex=3463, commits[270584e6-a4a8-4db5-8151-214655ce1a56:c3464, af078b8b-61ec-497f-9506-472d46a72462:c3462, 09fb9ab4-1b8d-44c0-9f8c-50855c6f1fed:c3462]
2019-08-21 12:28:11,596 [grpc-default-executor-2] INFO  client.GrpcClientProtocolClient (GrpcClientProtocolClient.java:onNext(255)) - client-C954105195FD->270584e6-a4a8-4db5-8151-214655ce1a56: receive RaftClientReply:client-C954105195FD->270584e6-a4a8-4db5-8151-214655ce1a56@group-787F5BA3AA67, cid=2341, SUCCESS, logIndex=3464, commits[270584e6-a4a8-4db5-8151-214655ce1a56:c3464, af078b8b-61ec-497f-9506-472d46a72462:c3462, 09fb9ab4-1b8d-44c0-9f8c-50855c6f1fed:c3462]
2019-08-21 12:28:11,601 | INFO  | DNAudit | user=null | ip=null | op=WRITE_CHUNK {blockData=conID: 3 locID: 102654967255859778 bcsId: 0} | ret=SUCCESS |  
2019-08-21 12:28:11,601 | INFO  | DNAudit | user=null | ip=null | op=WRITE_CHUNK {blockData=conID: 3 locID: 102654967255859778 bcsId: 0} | ret=SUCCESS |  
2019-08-21 12:28:11,601 | INFO  | DNAudit | user=null | ip=null | op=PUT_BLOCK {blockData=[blockId=conID: 3 locID: 102654967255859778 bcsId: 0,size=2097152]} | ret=SUCCESS |  
2019-08-21 12:28:11,601 | INFO  | DNAudit | user=null | ip=null | op=WRITE_CHUNK {blockData=conID: 3 locID: 102654967255859778 bcsId: 0} | ret=SUCCESS |  
2019-08-21 12:28:11,601 | INFO  | DNAudit | user=null | ip=null | op=PUT_BLOCK {blockData=[blockId=conID: 3 locID: 102654967255859778 bcsId: 0,size=1048576]} | ret=SUCCESS |  
2019-08-21 12:28:11,602 | INFO  | DNAudit | user=null | ip=null | op=PUT_BLOCK {blockData=[blockId=conID: 3 locID: 102654967255859778 bcsId: 0,size=1048576]} | ret=SUCCESS |  
2019-08-21 12:28:11,602 [grpc-default-executor-1] INFO  client.GrpcClientProtocolClient (GrpcClientProtocolClient.java:onNext(255)) - client-C954105195FD->270584e6-a4a8-4db5-8151-214655ce1a56: receive RaftClientReply:client-C954105195FD->270584e6-a4a8-4db5-8151-214655ce1a56@group-787F5BA3AA67, cid=2342, SUCCESS, logIndex=3465, commits[270584e6-a4a8-4db5-8151-214655ce1a56:c3466, af078b8b-61ec-497f-9506-472d46a72462:c3462, 09fb9ab4-1b8d-44c0-9f8c-50855c6f1fed:c3462]
2019-08-21 12:28:11,602 [grpc-default-executor-1] INFO  client.GrpcClientProtocolClient (GrpcClientProtocolClient.java:onNext(255)) - client-C954105195FD->270584e6-a4a8-4db5-8151-214655ce1a56: receive RaftClientReply:client-C954105195FD->270584e6-a4a8-4db5-8151-214655ce1a56@group-787F5BA3AA67, cid=2343, SUCCESS, logIndex=3466, commits[270584e6-a4a8-4db5-8151-214655ce1a56:c3468, af078b8b-61ec-497f-9506-472d46a72462:c3463, 09fb9ab4-1b8d-44c0-9f8c-50855c6f1fed:c3464]
2019-08-21 12:28:11,603 [grpc-default-executor-1] INFO  client.GrpcClientProtocolClient (GrpcClientProtocolClient.java:onNext(255)) - client-C954105195FD->270584e6-a4a8-4db5-8151-214655ce1a56: receive RaftClientReply:client-C954105195FD->270584e6-a4a8-4db5-8151-214655ce1a56@group-787F5BA3AA67, cid=2344, SUCCESS, logIndex=0, commits[270584e6-a4a8-4db5-8151-214655ce1a56:c3468, af078b8b-61ec-497f-9506-472d46a72462:c3464, 09fb9ab4-1b8d-44c0-9f8c-50855c6f1fed:c3464]
2019-08-21 12:28:11,604 | INFO  | DNAudit | user=null | ip=null | op=WRITE_CHUNK {blockData=conID: 3 locID: 102654967255859778 bcsId: 0} | ret=SUCCESS |  
2019-08-21 12:28:11,604 | INFO  | DNAudit | user=null | ip=null | op=WRITE_CHUNK {blockData=conID: 3 locID: 102654967255859778 bcsId: 0} | ret=SUCCESS |  
2019-08-21 12:28:11,605 | INFO  | DNAudit | user=null | ip=null | op=PUT_BLOCK {blockData=[blockId=conID: 3 locID: 102654967255859778 bcsId: 0,size=2097152]} | ret=SUCCESS |  
2019-08-21 12:28:11,606 | INFO  | DNAudit | user=null | ip=null | op=PUT_BLOCK {blockData=[blockId=conID: 3 locID: 102654967255859778 bcsId: 0,size=2097152]} | ret=SUCCESS |  
2019-08-21 12:28:11,610 | INFO  | DNAudit | user=null | ip=null | op=WRITE_CHUNK {blockData=conID: 3 locID: 102654967255859778 bcsId: 3466} | ret=SUCCESS |  
2019-08-21 12:28:11,613 | INFO  | DNAudit | user=null | ip=null | op=WRITE_CHUNK {blockData=conID: 3 locID: 102654967255859778 bcsId: 3466} | ret=SUCCESS |  
2019-08-21 12:28:11,613 | INFO  | DNAudit | user=null | ip=null | op=WRITE_CHUNK {blockData=conID: 3 locID: 102654967255859778 bcsId: 3466} | ret=SUCCESS |  
2019-08-21 12:28:11,615 | INFO  | DNAudit | user=null | ip=null | op=WRITE_CHUNK {blockData=conID: 3 locID: 102654967255859778 bcsId: 3466} | ret=SUCCESS |  
2019-08-21 12:28:11,616 | INFO  | DNAudit | user=null | ip=null | op=PUT_BLOCK {blockData=[blockId=conID: 3 locID: 102654967255859778 bcsId: 0,size=3145728]} | ret=SUCCESS |  
2019-08-21 12:28:11,616 [grpc-default-executor-2] INFO  client.GrpcClientProtocolClient (GrpcClientProtocolClient.java:onNext(255)) - client-C954105195FD->270584e6-a4a8-4db5-8151-214655ce1a56: receive RaftClientReply:client-C954105195FD->270584e6-a4a8-4db5-8151-214655ce1a56@group-787F5BA3AA67, cid=2345, SUCCESS, logIndex=3471, commits[270584e6-a4a8-4db5-8151-214655ce1a56:c3472, af078b8b-61ec-497f-9506-472d46a72462:c3470, 09fb9ab4-1b8d-44c0-9f8c-50855c6f1fed:c3470]
2019-08-21 12:28:11,617 [grpc-default-executor-2] INFO  client.GrpcClientProtocolClient (GrpcClientProtocolClient.java:onNext(255)) - client-C954105195FD->270584e6-a4a8-4db5-8151-214655ce1a56: receive RaftClientReply:client-C954105195FD->270584e6-a4a8-4db5-8151-214655ce1a56@group-787F5BA3AA67, cid=2346, SUCCESS, logIndex=3472, commits[270584e6-a4a8-4db5-8151-214655ce1a56:c3472, af078b8b-61ec-497f-9506-472d46a72462:c3470, 09fb9ab4-1b8d-44c0-9f8c-50855c6f1fed:c3470]
2019-08-21 12:28:11,619 | INFO  | DNAudit | user=null | ip=null | op=WRITE_CHUNK {blockData=conID: 3 locID: 102654967255859778 bcsId: 3466} | ret=SUCCESS |  
2019-08-21 12:28:11,619 | INFO  | DNAudit | user=null | ip=null | op=WRITE_CHUNK {blockData=conID: 3 locID: 102654967255859778 bcsId: 3466} | ret=SUCCESS |  
2019-08-21 12:28:11,619 | INFO  | DNAudit | user=null | ip=null | op=PUT_BLOCK {blockData=[blockId=conID: 3 locID: 102654967255859778 bcsId: 0,size=3145728]} | ret=SUCCESS |  
2019-08-21 12:28:11,620 | INFO  | DNAudit | user=null | ip=null | op=PUT_BLOCK {blockData=[blockId=conID: 3 locID: 102654967255859778 bcsId: 0,size=3145728]} | ret=SUCCESS |  
2019-08-21 12:28:11,623 | INFO  | DNAudit | user=null | ip=null | op=WRITE_CHUNK {blockData=conID: 3 locID: 102654967255859778 bcsId: 3472} | ret=SUCCESS |  
2019-08-21 12:28:11,627 | INFO  | DNAudit | user=null | ip=null | op=WRITE_CHUNK {blockData=conID: 3 locID: 102654967255859778 bcsId: 3472} | ret=SUCCESS |  
2019-08-21 12:28:11,627 | INFO  | DNAudit | user=null | ip=null | op=WRITE_CHUNK {blockData=conID: 3 locID: 102654967255859778 bcsId: 3472} | ret=SUCCESS |  
2019-08-21 12:28:11,629 | INFO  | DNAudit | user=null | ip=null | op=WRITE_CHUNK {blockData=conID: 3 locID: 102654967255859778 bcsId: 3472} | ret=SUCCESS |  
2019-08-21 12:28:11,630 | INFO  | DNAudit | user=null | ip=null | op=PUT_BLOCK {blockData=[blockId=conID: 3 locID: 102654967255859778 bcsId: 0,size=4194304]} | ret=SUCCESS |  
2019-08-21 12:28:11,630 [grpc-default-executor-5] INFO  client.GrpcClientProtocolClient (GrpcClientProtocolClient.java:onNext(255)) - client-C954105195FD->270584e6-a4a8-4db5-8151-214655ce1a56: receive RaftClientReply:client-C954105195FD->270584e6-a4a8-4db5-8151-214655ce1a56@group-787F5BA3AA67, cid=2347, SUCCESS, logIndex=3475, commits[270584e6-a4a8-4db5-8151-214655ce1a56:c3476, af078b8b-61ec-497f-9506-472d46a72462:c3474, 09fb9ab4-1b8d-44c0-9f8c-50855c6f1fed:c3474]
2019-08-21 12:28:11,630 [grpc-default-executor-5] INFO  client.GrpcClientProtocolClient (GrpcClientProtocolClient.java:onNext(255)) - client-C954105195FD->270584e6-a4a8-4db5-8151-214655ce1a56: receive RaftClientReply:client-C954105195FD->270584e6-a4a8-4db5-8151-214655ce1a56@group-787F5BA3AA67, cid=2348, SUCCESS, logIndex=3476, commits[270584e6-a4a8-4db5-8151-214655ce1a56:c3476, af078b8b-61ec-497f-9506-472d46a72462:c3474, 09fb9ab4-1b8d-44c0-9f8c-50855c6f1fed:c3474]
2019-08-21 12:28:11,633 | INFO  | DNAudit | user=null | ip=null | op=WRITE_CHUNK {blockData=conID: 3 locID: 102654967255859778 bcsId: 3472} | ret=SUCCESS |  
2019-08-21 12:28:11,633 | INFO  | DNAudit | user=null | ip=null | op=WRITE_CHUNK {blockData=conID: 3 locID: 102654967255859778 bcsId: 3472} | ret=SUCCESS |  
2019-08-21 12:28:11,633 | INFO  | DNAudit | user=null | ip=null | op=PUT_BLOCK {blockData=[blockId=conID: 3 locID: 102654967255859778 bcsId: 0,size=4194304]} | ret=SUCCESS |  
2019-08-21 12:28:11,633 | INFO  | DNAudit | user=null | ip=null | op=PUT_BLOCK {blockData=[blockId=conID: 3 locID: 102654967255859778 bcsId: 0,size=4194304]} | ret=SUCCESS |  
2019-08-21 12:28:11,633 [grpc-default-executor-5] INFO  client.GrpcClientProtocolClient (GrpcClientProtocolClient.java:onNext(255)) - client-C954105195FD->270584e6-a4a8-4db5-8151-214655ce1a56: receive RaftClientReply:client-C954105195FD->270584e6-a4a8-4db5-8151-214655ce1a56@group-787F5BA3AA67, cid=2349, SUCCESS, logIndex=0, commits[270584e6-a4a8-4db5-8151-214655ce1a56:c3477, af078b8b-61ec-497f-9506-472d46a72462:c3476, 09fb9ab4-1b8d-44c0-9f8c-50855c6f1fed:c3476]
2019-08-21 12:28:11,639 | INFO  | SCMAudit | user=jenkins1000 | ip=192.168.34.23 | op=ALLOCATE_BLOCK {owner=b79f83c9-5f7d-4caf-af30-78af34bc5eea, size=4194304, type=RATIS, factor=THREE} | ret=SUCCESS |  
2019-08-21 12:28:11,642 | INFO  | OMAudit | user=jenkins1000 | ip=127.0.0.1 | op=ALLOCATE_BLOCK {volume=vol-0-06517, bucket=bucket-0-64549, key=key-0-34512, dataSize=0, replicationType=null, replicationFactor=null, keyLocationInfo=null, clientID=102654965997830546} | ret=SUCCESS |  
2019-08-21 12:28:11,650 | INFO  | DNAudit | user=null | ip=null | op=WRITE_CHUNK {blockData=conID: 1 locID: 102654967260054083 bcsId: 0} | ret=SUCCESS |  
2019-08-21 12:28:11,653 | INFO  | DNAudit | user=null | ip=null | op=WRITE_CHUNK {blockData=conID: 1 locID: 102654967260054083 bcsId: 0} | ret=SUCCESS |  
2019-08-21 12:28:11,654 | INFO  | DNAudit | user=null | ip=null | op=WRITE_CHUNK {blockData=conID: 1 locID: 102654967260054083 bcsId: 0} | ret=SUCCESS |  
2019-08-21 12:28:11,654 | INFO  | DNAudit | user=null | ip=null | op=WRITE_CHUNK {blockData=conID: 1 locID: 102654967260054083 bcsId: 0} | ret=SUCCESS |  
2019-08-21 12:28:11,656 | INFO  | DNAudit | user=null | ip=null | op=WRITE_CHUNK {blockData=conID: 1 locID: 102654967260054083 bcsId: 0} | ret=SUCCESS |  
2019-08-21 12:28:11,656 | INFO  | DNAudit | user=null | ip=null | op=WRITE_CHUNK {blockData=conID: 1 locID: 102654967260054083 bcsId: 0} | ret=SUCCESS |  
2019-08-21 12:28:11,671 | INFO  | DNAudit | user=null | ip=null | op=WRITE_CHUNK {blockData=conID: 1 locID: 102654967260054083 bcsId: 0} | ret=SUCCESS |  
2019-08-21 12:28:11,672 | INFO  | DNAudit | user=null | ip=null | op=PUT_BLOCK {blockData=[blockId=conID: 1 locID: 102654967260054083 bcsId: 0,size=1048576]} | ret=SUCCESS |  
2019-08-21 12:28:11,672 [grpc-default-executor-1] INFO  client.GrpcClientProtocolClient (GrpcClientProtocolClient.java:onNext(255)) - client-C954105195FD->270584e6-a4a8-4db5-8151-214655ce1a56: receive RaftClientReply:client-C954105195FD->270584e6-a4a8-4db5-8151-214655ce1a56@group-787F5BA3AA67, cid=2350, SUCCESS, logIndex=3479, commits[270584e6-a4a8-4db5-8151-214655ce1a56:c3479, af078b8b-61ec-497f-9506-472d46a72462:c3478, 09fb9ab4-1b8d-44c0-9f8c-50855c6f1fed:c3476]
2019-08-21 12:28:11,672 | INFO  | DNAudit | user=null | ip=null | op=WRITE_CHUNK {blockData=conID: 1 locID: 102654967260054083 bcsId: 0} | ret=SUCCESS |  
2019-08-21 12:28:11,673 [grpc-default-executor-1] INFO  client.GrpcClientProtocolClient (GrpcClientProtocolClient.java:onNext(255)) - client-C954105195FD->270584e6-a4a8-4db5-8151-214655ce1a56: receive RaftClientReply:client-C954105195FD->270584e6-a4a8-4db5-8151-214655ce1a56@group-787F5BA3AA67, cid=2351, SUCCESS, logIndex=3480, commits[270584e6-a4a8-4db5-8151-214655ce1a56:c3482, af078b8b-61ec-497f-9506-472d46a72462:c3478, 09fb9ab4-1b8d-44c0-9f8c-50855c6f1fed:c3478]
2019-08-21 12:28:11,673 | INFO  | DNAudit | user=null | ip=null | op=PUT_BLOCK {blockData=[blockId=conID: 1 locID: 102654967260054083 bcsId: 0,size=2097152]} | ret=SUCCESS |  
2019-08-21 12:28:11,673 [grpc-default-executor-1] INFO  client.GrpcClientProtocolClient (GrpcClientProtocolClient.java:onNext(255)) - client-C954105195FD->270584e6-a4a8-4db5-8151-214655ce1a56: receive RaftClientReply:client-C954105195FD->270584e6-a4a8-4db5-8151-214655ce1a56@group-787F5BA3AA67, cid=2352, SUCCESS, logIndex=3481, commits[270584e6-a4a8-4db5-8151-214655ce1a56:c3482, af078b8b-61ec-497f-9506-472d46a72462:c3478, 09fb9ab4-1b8d-44c0-9f8c-50855c6f1fed:c3478]
2019-08-21 12:28:11,673 | INFO  | DNAudit | user=null | ip=null | op=WRITE_CHUNK {blockData=conID: 1 locID: 102654967260054083 bcsId: 0} | ret=SUCCESS |  
2019-08-21 12:28:11,674 [grpc-default-executor-1] INFO  client.GrpcClientProtocolClient (GrpcClientProtocolClient.java:onNext(255)) - client-C954105195FD->270584e6-a4a8-4db5-8151-214655ce1a56: receive RaftClientReply:client-C954105195FD->270584e6-a4a8-4db5-8151-214655ce1a56@group-787F5BA3AA67, cid=2353, SUCCESS, logIndex=3482, commits[270584e6-a4a8-4db5-8151-214655ce1a56:c3482, af078b8b-61ec-497f-9506-472d46a72462:c3478, 09fb9ab4-1b8d-44c0-9f8c-50855c6f1fed:c3478]
2019-08-21 12:28:11,675 | INFO  | DNAudit | user=null | ip=null | op=WRITE_CHUNK {blockData=conID: 1 locID: 102654967260054083 bcsId: 0} | ret=SUCCESS |  
2019-08-21 12:28:11,676 | INFO  | DNAudit | user=null | ip=null | op=PUT_BLOCK {blockData=[blockId=conID: 1 locID: 102654967260054083 bcsId: 0,size=1048576]} | ret=SUCCESS |  
2019-08-21 12:28:11,686 | INFO  | DNAudit | user=null | ip=null | op=PUT_BLOCK {blockData=[blockId=conID: 1 locID: 102654967260054083 bcsId: 0,size=1048576]} | ret=SUCCESS |  
2019-08-21 12:28:11,686 | INFO  | DNAudit | user=null | ip=null | op=WRITE_CHUNK {blockData=conID: 1 locID: 102654967260054083 bcsId: 0} | ret=SUCCESS |  
2019-08-21 12:28:11,687 | INFO  | DNAudit | user=null | ip=null | op=WRITE_CHUNK {blockData=conID: 1 locID: 102654967260054083 bcsId: 0} | ret=SUCCESS |  
2019-08-21 12:28:11,687 | INFO  | DNAudit | user=null | ip=null | op=PUT_BLOCK {blockData=[blockId=conID: 1 locID: 102654967260054083 bcsId: 0,size=2097152]} | ret=SUCCESS |  
2019-08-21 12:28:11,687 | INFO  | DNAudit | user=null | ip=null | op=PUT_BLOCK {blockData=[blockId=conID: 1 locID: 102654967260054083 bcsId: 0,size=2097152]} | ret=SUCCESS |  
2019-08-21 12:28:11,687 [grpc-default-executor-2] INFO  client.GrpcClientProtocolClient (GrpcClientProtocolClient.java:onNext(255)) - client-C954105195FD->270584e6-a4a8-4db5-8151-214655ce1a56: receive RaftClientReply:client-C954105195FD->270584e6-a4a8-4db5-8151-214655ce1a56@group-787F5BA3AA67, cid=2354, SUCCESS, logIndex=0, commits[270584e6-a4a8-4db5-8151-214655ce1a56:c3484, af078b8b-61ec-497f-9506-472d46a72462:c3480, 09fb9ab4-1b8d-44c0-9f8c-50855c6f1fed:c3480]
2019-08-21 12:28:11,694 | INFO  | DNAudit | user=null | ip=null | op=WRITE_CHUNK {blockData=conID: 1 locID: 102654967260054083 bcsId: 3482} | ret=SUCCESS |  
2019-08-21 12:28:11,697 | INFO  | DNAudit | user=null | ip=null | op=WRITE_CHUNK {blockData=conID: 1 locID: 102654967260054083 bcsId: 3482} | ret=SUCCESS |  
2019-08-21 12:28:11,698 | INFO  | DNAudit | user=null | ip=null | op=WRITE_CHUNK {blockData=conID: 1 locID: 102654967260054083 bcsId: 3482} | ret=SUCCESS |  
2019-08-21 12:28:11,703 | INFO  | DNAudit | user=null | ip=null | op=WRITE_CHUNK {blockData=conID: 1 locID: 102654967260054083 bcsId: 3482} | ret=SUCCESS |  
2019-08-21 12:28:11,704 | INFO  | DNAudit | user=null | ip=null | op=PUT_BLOCK {blockData=[blockId=conID: 1 locID: 102654967260054083 bcsId: 0,size=3145728]} | ret=SUCCESS |  
2019-08-21 12:28:11,704 [grpc-default-executor-1] INFO  client.GrpcClientProtocolClient (GrpcClientProtocolClient.java:onNext(255)) - client-C954105195FD->270584e6-a4a8-4db5-8151-214655ce1a56: receive RaftClientReply:client-C954105195FD->270584e6-a4a8-4db5-8151-214655ce1a56@group-787F5BA3AA67, cid=2355, SUCCESS, logIndex=3487, commits[270584e6-a4a8-4db5-8151-214655ce1a56:c3488, af078b8b-61ec-497f-9506-472d46a72462:c3486, 09fb9ab4-1b8d-44c0-9f8c-50855c6f1fed:c3486]
2019-08-21 12:28:11,704 [grpc-default-executor-1] INFO  client.GrpcClientProtocolClient (GrpcClientProtocolClient.java:onNext(255)) - client-C954105195FD->270584e6-a4a8-4db5-8151-214655ce1a56: receive RaftClientReply:client-C954105195FD->270584e6-a4a8-4db5-8151-214655ce1a56@group-787F5BA3AA67, cid=2356, SUCCESS, logIndex=3488, commits[270584e6-a4a8-4db5-8151-214655ce1a56:c3488, af078b8b-61ec-497f-9506-472d46a72462:c3486, 09fb9ab4-1b8d-44c0-9f8c-50855c6f1fed:c3486]
2019-08-21 12:28:11,712 | INFO  | DNAudit | user=null | ip=null | op=WRITE_CHUNK {blockData=conID: 1 locID: 102654967260054083 bcsId: 3488} | ret=SUCCESS |  
2019-08-21 12:28:11,714 | INFO  | DNAudit | user=null | ip=null | op=WRITE_CHUNK {blockData=conID: 1 locID: 102654967260054083 bcsId: 3488} | ret=SUCCESS |  
2019-08-21 12:28:11,715 | INFO  | DNAudit | user=null | ip=null | op=WRITE_CHUNK {blockData=conID: 1 locID: 102654967260054083 bcsId: 3488} | ret=SUCCESS |  
2019-08-21 12:28:11,715 | INFO  | DNAudit | user=null | ip=null | op=WRITE_CHUNK {blockData=conID: 1 locID: 102654967260054083 bcsId: 3482} | ret=SUCCESS |  
2019-08-21 12:28:11,715 | INFO  | DNAudit | user=null | ip=null | op=WRITE_CHUNK {blockData=conID: 1 locID: 102654967260054083 bcsId: 3482} | ret=SUCCESS |  
2019-08-21 12:28:11,716 | INFO  | DNAudit | user=null | ip=null | op=PUT_BLOCK {blockData=[blockId=conID: 1 locID: 102654967260054083 bcsId: 0,size=3145728]} | ret=SUCCESS |  
2019-08-21 12:28:11,717 | INFO  | DNAudit | user=null | ip=null | op=PUT_BLOCK {blockData=[blockId=conID: 1 locID: 102654967260054083 bcsId: 0,size=3145728]} | ret=SUCCESS |  
2019-08-21 12:28:11,717 | INFO  | DNAudit | user=null | ip=null | op=WRITE_CHUNK {blockData=conID: 1 locID: 102654967260054083 bcsId: 3488} | ret=SUCCESS |  
2019-08-21 12:28:11,717 | INFO  | DNAudit | user=null | ip=null | op=PUT_BLOCK {blockData=[blockId=conID: 1 locID: 102654967260054083 bcsId: 0,size=4194304]} | ret=SUCCESS |  
2019-08-21 12:28:11,717 [grpc-default-executor-4] INFO  client.GrpcClientProtocolClient (GrpcClientProtocolClient.java:onNext(255)) - client-C954105195FD->270584e6-a4a8-4db5-8151-214655ce1a56: receive RaftClientReply:client-C954105195FD->270584e6-a4a8-4db5-8151-214655ce1a56@group-787F5BA3AA67, cid=2357, SUCCESS, logIndex=3491, commits[270584e6-a4a8-4db5-8151-214655ce1a56:c3492, af078b8b-61ec-497f-9506-472d46a72462:c3488, 09fb9ab4-1b8d-44c0-9f8c-50855c6f1fed:c3488]
2019-08-21 12:28:11,718 [grpc-default-executor-4] INFO  client.GrpcClientProtocolClient (GrpcClientProtocolClient.java:onNext(255)) - client-C954105195FD->270584e6-a4a8-4db5-8151-214655ce1a56: receive RaftClientReply:client-C954105195FD->270584e6-a4a8-4db5-8151-214655ce1a56@group-787F5BA3AA67, cid=2358, SUCCESS, logIndex=3492, commits[270584e6-a4a8-4db5-8151-214655ce1a56:c3492, af078b8b-61ec-497f-9506-472d46a72462:c3488, 09fb9ab4-1b8d-44c0-9f8c-50855c6f1fed:c3488]
2019-08-21 12:28:11,728 | INFO  | DNAudit | user=null | ip=null | op=WRITE_CHUNK {blockData=conID: 1 locID: 102654967260054083 bcsId: 3488} | ret=SUCCESS |  
2019-08-21 12:28:11,729 | INFO  | DNAudit | user=null | ip=null | op=WRITE_CHUNK {blockData=conID: 1 locID: 102654967260054083 bcsId: 3488} | ret=SUCCESS |  
2019-08-21 12:28:11,729 | INFO  | DNAudit | user=null | ip=null | op=PUT_BLOCK {blockData=[blockId=conID: 1 locID: 102654967260054083 bcsId: 0,size=4194304]} | ret=SUCCESS |  
2019-08-21 12:28:11,730 | INFO  | DNAudit | user=null | ip=null | op=PUT_BLOCK {blockData=[blockId=conID: 1 locID: 102654967260054083 bcsId: 0,size=4194304]} | ret=SUCCESS |  
2019-08-21 12:28:11,731 [grpc-default-executor-4] INFO  client.GrpcClientProtocolClient (GrpcClientProtocolClient.java:onNext(255)) - client-C954105195FD->270584e6-a4a8-4db5-8151-214655ce1a56: receive RaftClientReply:client-C954105195FD->270584e6-a4a8-4db5-8151-214655ce1a56@group-787F5BA3AA67, cid=2359, SUCCESS, logIndex=0, commits[270584e6-a4a8-4db5-8151-214655ce1a56:c3494, af078b8b-61ec-497f-9506-472d46a72462:c3492, 09fb9ab4-1b8d-44c0-9f8c-50855c6f1fed:c3492]
2019-08-21 12:28:11,737 | INFO  | SCMAudit | user=jenkins1000 | ip=192.168.34.23 | op=ALLOCATE_BLOCK {owner=b79f83c9-5f7d-4caf-af30-78af34bc5eea, size=4194304, type=RATIS, factor=THREE} | ret=SUCCESS |  
2019-08-21 12:28:11,741 | INFO  | OMAudit | user=jenkins1000 | ip=127.0.0.1 | op=ALLOCATE_BLOCK {volume=vol-0-06517, bucket=bucket-0-64549, key=key-0-34512, dataSize=0, replicationType=null, replicationFactor=null, keyLocationInfo=null, clientID=102654965997830546} | ret=SUCCESS |  
2019-08-21 12:28:11,749 | INFO  | DNAudit | user=null | ip=null | op=WRITE_CHUNK {blockData=conID: 2 locID: 102654967266476612 bcsId: 0} | ret=SUCCESS |  
2019-08-21 12:28:11,752 | INFO  | DNAudit | user=null | ip=null | op=WRITE_CHUNK {blockData=conID: 2 locID: 102654967266476612 bcsId: 0} | ret=SUCCESS |  
2019-08-21 12:28:11,752 | INFO  | DNAudit | user=null | ip=null | op=WRITE_CHUNK {blockData=conID: 2 locID: 102654967266476612 bcsId: 0} | ret=SUCCESS |  
2019-08-21 12:28:11,753 | INFO  | DNAudit | user=null | ip=null | op=WRITE_CHUNK {blockData=conID: 2 locID: 102654967266476612 bcsId: 0} | ret=SUCCESS |  
2019-08-21 12:28:11,755 | INFO  | DNAudit | user=null | ip=null | op=WRITE_CHUNK {blockData=conID: 2 locID: 102654967266476612 bcsId: 0} | ret=SUCCESS |  
2019-08-21 12:28:11,755 | INFO  | DNAudit | user=null | ip=null | op=WRITE_CHUNK {blockData=conID: 2 locID: 102654967266476612 bcsId: 0} | ret=SUCCESS |  
2019-08-21 12:28:11,762 | INFO  | DNAudit | user=null | ip=null | op=WRITE_CHUNK {blockData=conID: 2 locID: 102654967266476612 bcsId: 0} | ret=SUCCESS |  
2019-08-21 12:28:11,762 | INFO  | DNAudit | user=null | ip=null | op=PUT_BLOCK {blockData=[blockId=conID: 2 locID: 102654967266476612 bcsId: 0,size=1048576]} | ret=SUCCESS |  
2019-08-21 12:28:11,762 [grpc-default-executor-1] INFO  client.GrpcClientProtocolClient (GrpcClientProtocolClient.java:onNext(255)) - client-C954105195FD->270584e6-a4a8-4db5-8151-214655ce1a56: receive RaftClientReply:client-C954105195FD->270584e6-a4a8-4db5-8151-214655ce1a56@group-787F5BA3AA67, cid=2360, SUCCESS, logIndex=3495, commits[270584e6-a4a8-4db5-8151-214655ce1a56:c3497, af078b8b-61ec-497f-9506-472d46a72462:c3494, 09fb9ab4-1b8d-44c0-9f8c-50855c6f1fed:c3494]
2019-08-21 12:28:11,763 | INFO  | DNAudit | user=null | ip=null | op=WRITE_CHUNK {blockData=conID: 2 locID: 102654967266476612 bcsId: 0} | ret=SUCCESS |  
2019-08-21 12:28:11,763 [grpc-default-executor-1] INFO  client.GrpcClientProtocolClient (GrpcClientProtocolClient.java:onNext(255)) - client-C954105195FD->270584e6-a4a8-4db5-8151-214655ce1a56: receive RaftClientReply:client-C954105195FD->270584e6-a4a8-4db5-8151-214655ce1a56@group-787F5BA3AA67, cid=2361, SUCCESS, logIndex=3496, commits[270584e6-a4a8-4db5-8151-214655ce1a56:c3498, af078b8b-61ec-497f-9506-472d46a72462:c3494, 09fb9ab4-1b8d-44c0-9f8c-50855c6f1fed:c3494]
2019-08-21 12:28:11,763 | INFO  | DNAudit | user=null | ip=null | op=PUT_BLOCK {blockData=[blockId=conID: 2 locID: 102654967266476612 bcsId: 0,size=2097152]} | ret=SUCCESS |  
2019-08-21 12:28:11,763 | INFO  | DNAudit | user=null | ip=null | op=WRITE_CHUNK {blockData=conID: 2 locID: 102654967266476612 bcsId: 0} | ret=SUCCESS |  
2019-08-21 12:28:11,764 [grpc-default-executor-1] INFO  client.GrpcClientProtocolClient (GrpcClientProtocolClient.java:onNext(255)) - client-C954105195FD->270584e6-a4a8-4db5-8151-214655ce1a56: receive RaftClientReply:client-C954105195FD->270584e6-a4a8-4db5-8151-214655ce1a56@group-787F5BA3AA67, cid=2362, SUCCESS, logIndex=3497, commits[270584e6-a4a8-4db5-8151-214655ce1a56:c3498, af078b8b-61ec-497f-9506-472d46a72462:c3494, 09fb9ab4-1b8d-44c0-9f8c-50855c6f1fed:c3494]
2019-08-21 12:28:11,764 [grpc-default-executor-1] INFO  client.GrpcClientProtocolClient (GrpcClientProtocolClient.java:onNext(255)) - client-C954105195FD->270584e6-a4a8-4db5-8151-214655ce1a56: receive RaftClientReply:client-C954105195FD->270584e6-a4a8-4db5-8151-214655ce1a56@group-787F5BA3AA67, cid=2363, SUCCESS, logIndex=3498, commits[270584e6-a4a8-4db5-8151-214655ce1a56:c3499, af078b8b-61ec-497f-9506-472d46a72462:c3494, 09fb9ab4-1b8d-44c0-9f8c-50855c6f1fed:c3495]
2019-08-21 12:28:11,764 | INFO  | DNAudit | user=null | ip=null | op=PUT_BLOCK {blockData=[blockId=conID: 2 locID: 102654967266476612 bcsId: 0,size=1048576]} | ret=SUCCESS |  
2019-08-21 12:28:11,765 | INFO  | DNAudit | user=null | ip=null | op=WRITE_CHUNK {blockData=conID: 2 locID: 102654967266476612 bcsId: 0} | ret=SUCCESS |  
2019-08-21 12:28:11,765 | INFO  | DNAudit | user=null | ip=null | op=PUT_BLOCK {blockData=[blockId=conID: 2 locID: 102654967266476612 bcsId: 0,size=2097152]} | ret=SUCCESS |  
2019-08-21 12:28:11,767 | INFO  | DNAudit | user=null | ip=null | op=WRITE_CHUNK {blockData=conID: 2 locID: 102654967266476612 bcsId: 0} | ret=SUCCESS |  
2019-08-21 12:28:11,767 | INFO  | DNAudit | user=null | ip=null | op=PUT_BLOCK {blockData=[blockId=conID: 2 locID: 102654967266476612 bcsId: 0,size=1048576]} | ret=SUCCESS |  
2019-08-21 12:28:11,767 | INFO  | DNAudit | user=null | ip=null | op=WRITE_CHUNK {blockData=conID: 2 locID: 102654967266476612 bcsId: 0} | ret=SUCCESS |  
2019-08-21 12:28:11,767 [grpc-default-executor-5] INFO  client.GrpcClientProtocolClient (GrpcClientProtocolClient.java:onNext(255)) - client-C954105195FD->270584e6-a4a8-4db5-8151-214655ce1a56: receive RaftClientReply:client-C954105195FD->270584e6-a4a8-4db5-8151-214655ce1a56@group-787F5BA3AA67, cid=2364, SUCCESS, logIndex=0, commits[270584e6-a4a8-4db5-8151-214655ce1a56:c3502, af078b8b-61ec-497f-9506-472d46a72462:c3496, 09fb9ab4-1b8d-44c0-9f8c-50855c6f1fed:c3498]
2019-08-21 12:28:11,767 | INFO  | DNAudit | user=null | ip=null | op=PUT_BLOCK {blockData=[blockId=conID: 2 locID: 102654967266476612 bcsId: 0,size=2097152]} | ret=SUCCESS |  
2019-08-21 12:28:11,774 | INFO  | DNAudit | user=null | ip=null | op=WRITE_CHUNK {blockData=conID: 2 locID: 102654967266476612 bcsId: 3498} | ret=SUCCESS |  
2019-08-21 12:28:11,776 | INFO  | DNAudit | user=null | ip=null | op=WRITE_CHUNK {blockData=conID: 2 locID: 102654967266476612 bcsId: 3498} | ret=SUCCESS |  
2019-08-21 12:28:11,776 | INFO  | DNAudit | user=null | ip=null | op=WRITE_CHUNK {blockData=conID: 2 locID: 102654967266476612 bcsId: 3498} | ret=SUCCESS |  
2019-08-21 12:28:11,788 | INFO  | DNAudit | user=null | ip=null | op=WRITE_CHUNK {blockData=conID: 2 locID: 102654967266476612 bcsId: 3498} | ret=SUCCESS |  
2019-08-21 12:28:11,789 | INFO  | DNAudit | user=null | ip=null | op=PUT_BLOCK {blockData=[blockId=conID: 2 locID: 102654967266476612 bcsId: 0,size=3145728]} | ret=SUCCESS |  
2019-08-21 12:28:11,789 [grpc-default-executor-5] INFO  client.GrpcClientProtocolClient (GrpcClientProtocolClient.java:onNext(255)) - client-C954105195FD->270584e6-a4a8-4db5-8151-214655ce1a56: receive RaftClientReply:client-C954105195FD->270584e6-a4a8-4db5-8151-214655ce1a56@group-787F5BA3AA67, cid=2365, SUCCESS, logIndex=3503, commits[270584e6-a4a8-4db5-8151-214655ce1a56:c3504, af078b8b-61ec-497f-9506-472d46a72462:c3502, 09fb9ab4-1b8d-44c0-9f8c-50855c6f1fed:c3502]
2019-08-21 12:28:11,789 [grpc-default-executor-5] INFO  client.GrpcClientProtocolClient (GrpcClientProtocolClient.java:onNext(255)) - client-C954105195FD->270584e6-a4a8-4db5-8151-214655ce1a56: receive RaftClientReply:client-C954105195FD->270584e6-a4a8-4db5-8151-214655ce1a56@group-787F5BA3AA67, cid=2366, SUCCESS, logIndex=3504, commits[270584e6-a4a8-4db5-8151-214655ce1a56:c3504, af078b8b-61ec-497f-9506-472d46a72462:c3502, 09fb9ab4-1b8d-44c0-9f8c-50855c6f1fed:c3502]
2019-08-21 12:28:11,797 | INFO  | DNAudit | user=null | ip=null | op=WRITE_CHUNK {blockData=conID: 2 locID: 102654967266476612 bcsId: 3504} | ret=SUCCESS |  
2019-08-21 12:28:11,800 | INFO  | DNAudit | user=null | ip=null | op=WRITE_CHUNK {blockData=conID: 2 locID: 102654967266476612 bcsId: 3504} | ret=SUCCESS |  
2019-08-21 12:28:11,800 | INFO  | DNAudit | user=null | ip=null | op=WRITE_CHUNK {blockData=conID: 2 locID: 102654967266476612 bcsId: 3504} | ret=SUCCESS |  
2019-08-21 12:28:11,801 | INFO  | DNAudit | user=null | ip=null | op=WRITE_CHUNK {blockData=conID: 2 locID: 102654967266476612 bcsId: 3498} | ret=SUCCESS |  
2019-08-21 12:28:11,801 | INFO  | DNAudit | user=null | ip=null | op=WRITE_CHUNK {blockData=conID: 2 locID: 102654967266476612 bcsId: 3498} | ret=SUCCESS |  
2019-08-21 12:28:11,815 | INFO  | DNAudit | user=null | ip=null | op=PUT_BLOCK {blockData=[blockId=conID: 2 locID: 102654967266476612 bcsId: 0,size=3145728]} | ret=SUCCESS |  
2019-08-21 12:28:11,815 | INFO  | DNAudit | user=null | ip=null | op=PUT_BLOCK {blockData=[blockId=conID: 2 locID: 102654967266476612 bcsId: 0,size=3145728]} | ret=SUCCESS |  
2019-08-21 12:28:11,815 | INFO  | DNAudit | user=null | ip=null | op=WRITE_CHUNK {blockData=conID: 2 locID: 102654967266476612 bcsId: 3504} | ret=SUCCESS |  
2019-08-21 12:28:11,816 | INFO  | DNAudit | user=null | ip=null | op=PUT_BLOCK {blockData=[blockId=conID: 2 locID: 102654967266476612 bcsId: 0,size=4194304]} | ret=SUCCESS |  
2019-08-21 12:28:11,816 [grpc-default-executor-1] INFO  client.GrpcClientProtocolClient (GrpcClientProtocolClient.java:onNext(255)) - client-C954105195FD->270584e6-a4a8-4db5-8151-214655ce1a56: receive RaftClientReply:client-C954105195FD->270584e6-a4a8-4db5-8151-214655ce1a56@group-787F5BA3AA67, cid=2367, SUCCESS, logIndex=3507, commits[270584e6-a4a8-4db5-8151-214655ce1a56:c3508, af078b8b-61ec-497f-9506-472d46a72462:c3504, 09fb9ab4-1b8d-44c0-9f8c-50855c6f1fed:c3504]
2019-08-21 12:28:11,816 [grpc-default-executor-1] INFO  client.GrpcClientProtocolClient (GrpcClientProtocolClient.java:onNext(255)) - client-C954105195FD->270584e6-a4a8-4db5-8151-214655ce1a56: receive RaftClientReply:client-C954105195FD->270584e6-a4a8-4db5-8151-214655ce1a56@group-787F5BA3AA67, cid=2368, SUCCESS, logIndex=3508, commits[270584e6-a4a8-4db5-8151-214655ce1a56:c3508, af078b8b-61ec-497f-9506-472d46a72462:c3504, 09fb9ab4-1b8d-44c0-9f8c-50855c6f1fed:c3504]
2019-08-21 12:28:11,828 | INFO  | DNAudit | user=null | ip=null | op=WRITE_CHUNK {blockData=conID: 2 locID: 102654967266476612 bcsId: 3504} | ret=SUCCESS |  
2019-08-21 12:28:11,828 | INFO  | DNAudit | user=null | ip=null | op=WRITE_CHUNK {blockData=conID: 2 locID: 102654967266476612 bcsId: 3504} | ret=SUCCESS |  
2019-08-21 12:28:11,828 | INFO  | DNAudit | user=null | ip=null | op=PUT_BLOCK {blockData=[blockId=conID: 2 locID: 102654967266476612 bcsId: 0,size=4194304]} | ret=SUCCESS |  
2019-08-21 12:28:11,829 | INFO  | DNAudit | user=null | ip=null | op=PUT_BLOCK {blockData=[blockId=conID: 2 locID: 102654967266476612 bcsId: 0,size=4194304]} | ret=SUCCESS |  
2019-08-21 12:28:11,829 [grpc-default-executor-1] INFO  client.GrpcClientProtocolClient (GrpcClientProtocolClient.java:onNext(255)) - client-C954105195FD->270584e6-a4a8-4db5-8151-214655ce1a56: receive RaftClientReply:client-C954105195FD->270584e6-a4a8-4db5-8151-214655ce1a56@group-787F5BA3AA67, cid=2369, SUCCESS, logIndex=0, commits[270584e6-a4a8-4db5-8151-214655ce1a56:c3509, af078b8b-61ec-497f-9506-472d46a72462:c3508, 09fb9ab4-1b8d-44c0-9f8c-50855c6f1fed:c3508]
2019-08-21 12:28:11,835 | INFO  | SCMAudit | user=jenkins1000 | ip=192.168.34.23 | op=ALLOCATE_BLOCK {owner=b79f83c9-5f7d-4caf-af30-78af34bc5eea, size=4194304, type=RATIS, factor=THREE} | ret=SUCCESS |  
2019-08-21 12:28:11,838 | INFO  | OMAudit | user=jenkins1000 | ip=127.0.0.1 | op=ALLOCATE_BLOCK {volume=vol-0-06517, bucket=bucket-0-64549, key=key-0-34512, dataSize=0, replicationType=null, replicationFactor=null, keyLocationInfo=null, clientID=102654965997830546} | ret=SUCCESS |  
2019-08-21 12:28:11,846 | INFO  | DNAudit | user=null | ip=null | op=WRITE_CHUNK {blockData=conID: 3 locID: 102654967272833605 bcsId: 0} | ret=SUCCESS |  
2019-08-21 12:28:11,849 | INFO  | DNAudit | user=null | ip=null | op=WRITE_CHUNK {blockData=conID: 3 locID: 102654967272833605 bcsId: 0} | ret=SUCCESS |  
2019-08-21 12:28:11,850 | INFO  | DNAudit | user=null | ip=null | op=WRITE_CHUNK {blockData=conID: 3 locID: 102654967272833605 bcsId: 0} | ret=SUCCESS |  
2019-08-21 12:28:11,850 | INFO  | DNAudit | user=null | ip=null | op=WRITE_CHUNK {blockData=conID: 3 locID: 102654967272833605 bcsId: 0} | ret=SUCCESS |  
2019-08-21 12:28:11,851 | INFO  | DNAudit | user=null | ip=null | op=WRITE_CHUNK {blockData=conID: 3 locID: 102654967272833605 bcsId: 0} | ret=SUCCESS |  
2019-08-21 12:28:11,851 | INFO  | DNAudit | user=null | ip=null | op=WRITE_CHUNK {blockData=conID: 3 locID: 102654967272833605 bcsId: 0} | ret=SUCCESS |  
2019-08-21 12:28:11,861 | INFO  | DNAudit | user=null | ip=null | op=WRITE_CHUNK {blockData=conID: 3 locID: 102654967272833605 bcsId: 0} | ret=SUCCESS |  
2019-08-21 12:28:11,861 | INFO  | DNAudit | user=null | ip=null | op=PUT_BLOCK {blockData=[blockId=conID: 3 locID: 102654967272833605 bcsId: 0,size=1048576]} | ret=SUCCESS |  
2019-08-21 12:28:11,862 [grpc-default-executor-2] INFO  client.GrpcClientProtocolClient (GrpcClientProtocolClient.java:onNext(255)) - client-C954105195FD->270584e6-a4a8-4db5-8151-214655ce1a56: receive RaftClientReply:client-C954105195FD->270584e6-a4a8-4db5-8151-214655ce1a56@group-787F5BA3AA67, cid=2370, SUCCESS, logIndex=3511, commits[270584e6-a4a8-4db5-8151-214655ce1a56:c3512, af078b8b-61ec-497f-9506-472d46a72462:c3510, 09fb9ab4-1b8d-44c0-9f8c-50855c6f1fed:c3510]
2019-08-21 12:28:11,862 [grpc-default-executor-2] INFO  client.GrpcClientProtocolClient (GrpcClientProtocolClient.java:onNext(255)) - client-C954105195FD->270584e6-a4a8-4db5-8151-214655ce1a56: receive RaftClientReply:client-C954105195FD->270584e6-a4a8-4db5-8151-214655ce1a56@group-787F5BA3AA67, cid=2371, SUCCESS, logIndex=3512, commits[270584e6-a4a8-4db5-8151-214655ce1a56:c3512, af078b8b-61ec-497f-9506-472d46a72462:c3510, 09fb9ab4-1b8d-44c0-9f8c-50855c6f1fed:c3510]
2019-08-21 12:28:11,871 | INFO  | DNAudit | user=null | ip=null | op=WRITE_CHUNK {blockData=conID: 3 locID: 102654967272833605 bcsId: 0} | ret=SUCCESS |  
2019-08-21 12:28:11,871 | INFO  | DNAudit | user=null | ip=null | op=PUT_BLOCK {blockData=[blockId=conID: 3 locID: 102654967272833605 bcsId: 0,size=2097152]} | ret=SUCCESS |  
2019-08-21 12:28:11,871 [grpc-default-executor-2] INFO  client.GrpcClientProtocolClient (GrpcClientProtocolClient.java:onNext(255)) - client-C954105195FD->270584e6-a4a8-4db5-8151-214655ce1a56: receive RaftClientReply:client-C954105195FD->270584e6-a4a8-4db5-8151-214655ce1a56@group-787F5BA3AA67, cid=2372, SUCCESS, logIndex=3513, commits[270584e6-a4a8-4db5-8151-214655ce1a56:c3514, af078b8b-61ec-497f-9506-472d46a72462:c3510, 09fb9ab4-1b8d-44c0-9f8c-50855c6f1fed:c3510]
2019-08-21 12:28:11,872 [grpc-default-executor-2] INFO  client.GrpcClientProtocolClient (GrpcClientProtocolClient.java:onNext(255)) - client-C954105195FD->270584e6-a4a8-4db5-8151-214655ce1a56: receive RaftClientReply:client-C954105195FD->270584e6-a4a8-4db5-8151-214655ce1a56@group-787F5BA3AA67, cid=2373, SUCCESS, logIndex=3514, commits[270584e6-a4a8-4db5-8151-214655ce1a56:c3514, af078b8b-61ec-497f-9506-472d46a72462:c3510, 09fb9ab4-1b8d-44c0-9f8c-50855c6f1fed:c3510]
2019-08-21 12:28:11,873 | INFO  | DNAudit | user=null | ip=null | op=WRITE_CHUNK {blockData=conID: 3 locID: 102654967272833605 bcsId: 0} | ret=SUCCESS |  
2019-08-21 12:28:11,873 | INFO  | DNAudit | user=null | ip=null | op=WRITE_CHUNK {blockData=conID: 3 locID: 102654967272833605 bcsId: 0} | ret=SUCCESS |  
2019-08-21 12:28:11,892 | INFO  | DNAudit | user=null | ip=null | op=PUT_BLOCK {blockData=[blockId=conID: 3 locID: 102654967272833605 bcsId: 0,size=1048576]} | ret=SUCCESS |  
2019-08-21 12:28:11,892 | INFO  | DNAudit | user=null | ip=null | op=PUT_BLOCK {blockData=[blockId=conID: 3 locID: 102654967272833605 bcsId: 0,size=1048576]} | ret=SUCCESS |  
2019-08-21 12:28:11,893 [grpc-default-executor-4] INFO  client.GrpcClientProtocolClient (GrpcClientProtocolClient.java:onNext(255)) - client-C954105195FD->270584e6-a4a8-4db5-8151-214655ce1a56: receive RaftClientReply:client-C954105195FD->270584e6-a4a8-4db5-8151-214655ce1a56@group-787F5BA3AA67, cid=2374, SUCCESS, logIndex=0, commits[270584e6-a4a8-4db5-8151-214655ce1a56:c3516, af078b8b-61ec-497f-9506-472d46a72462:c3512, 09fb9ab4-1b8d-44c0-9f8c-50855c6f1fed:c3512]
2019-08-21 12:28:11,901 | INFO  | DNAudit | user=null | ip=null | op=WRITE_CHUNK {blockData=conID: 3 locID: 102654967272833605 bcsId: 3514} | ret=SUCCESS |  
2019-08-21 12:28:11,904 | INFO  | DNAudit | user=null | ip=null | op=WRITE_CHUNK {blockData=conID: 3 locID: 102654967272833605 bcsId: 3514} | ret=SUCCESS |  
2019-08-21 12:28:11,904 | INFO  | DNAudit | user=null | ip=null | op=WRITE_CHUNK {blockData=conID: 3 locID: 102654967272833605 bcsId: 3514} | ret=SUCCESS |  
2019-08-21 12:28:11,921 | INFO  | DNAudit | user=null | ip=null | op=WRITE_CHUNK {blockData=conID: 3 locID: 102654967272833605 bcsId: 0} | ret=SUCCESS |  
2019-08-21 12:28:11,921 | INFO  | DNAudit | user=null | ip=null | op=WRITE_CHUNK {blockData=conID: 3 locID: 102654967272833605 bcsId: 0} | ret=SUCCESS |  
2019-08-21 12:28:11,921 | INFO  | DNAudit | user=null | ip=null | op=PUT_BLOCK {blockData=[blockId=conID: 3 locID: 102654967272833605 bcsId: 0,size=2097152]} | ret=SUCCESS |  
2019-08-21 12:28:11,921 | INFO  | DNAudit | user=null | ip=null | op=WRITE_CHUNK {blockData=conID: 3 locID: 102654967272833605 bcsId: 3514} | ret=SUCCESS |  
2019-08-21 12:28:11,922 | INFO  | DNAudit | user=null | ip=null | op=PUT_BLOCK {blockData=[blockId=conID: 3 locID: 102654967272833605 bcsId: 0,size=2097152]} | ret=SUCCESS |  
2019-08-21 12:28:11,922 | INFO  | DNAudit | user=null | ip=null | op=PUT_BLOCK {blockData=[blockId=conID: 3 locID: 102654967272833605 bcsId: 0,size=3145728]} | ret=SUCCESS |  
2019-08-21 12:28:11,922 [grpc-default-executor-5] INFO  client.GrpcClientProtocolClient (GrpcClientProtocolClient.java:onNext(255)) - client-C954105195FD->270584e6-a4a8-4db5-8151-214655ce1a56: receive RaftClientReply:client-C954105195FD->270584e6-a4a8-4db5-8151-214655ce1a56@group-787F5BA3AA67, cid=2375, SUCCESS, logIndex=3519, commits[270584e6-a4a8-4db5-8151-214655ce1a56:c3520, af078b8b-61ec-497f-9506-472d46a72462:c3518, 09fb9ab4-1b8d-44c0-9f8c-50855c6f1fed:c3518]
2019-08-21 12:28:11,923 [grpc-default-executor-5] INFO  client.GrpcClientProtocolClient (GrpcClientProtocolClient.java:onNext(255)) - client-C954105195FD->270584e6-a4a8-4db5-8151-214655ce1a56: receive RaftClientReply:client-C954105195FD->270584e6-a4a8-4db5-8151-214655ce1a56@group-787F5BA3AA67, cid=2376, SUCCESS, logIndex=3520, commits[270584e6-a4a8-4db5-8151-214655ce1a56:c3520, af078b8b-61ec-497f-9506-472d46a72462:c3518, 09fb9ab4-1b8d-44c0-9f8c-50855c6f1fed:c3518]
2019-08-21 12:28:11,930 | INFO  | DNAudit | user=null | ip=null | op=WRITE_CHUNK {blockData=conID: 3 locID: 102654967272833605 bcsId: 3520} | ret=SUCCESS |  
2019-08-21 12:28:11,933 | INFO  | DNAudit | user=null | ip=null | op=WRITE_CHUNK {blockData=conID: 3 locID: 102654967272833605 bcsId: 3514} | ret=SUCCESS |  
2019-08-21 12:28:11,933 | INFO  | DNAudit | user=null | ip=null | op=WRITE_CHUNK {blockData=conID: 3 locID: 102654967272833605 bcsId: 3520} | ret=SUCCESS |  
2019-08-21 12:28:11,933 | INFO  | DNAudit | user=null | ip=null | op=WRITE_CHUNK {blockData=conID: 3 locID: 102654967272833605 bcsId: 3514} | ret=SUCCESS |  
2019-08-21 12:28:11,933 | INFO  | DNAudit | user=null | ip=null | op=PUT_BLOCK {blockData=[blockId=conID: 3 locID: 102654967272833605 bcsId: 0,size=3145728]} | ret=SUCCESS |  
2019-08-21 12:28:11,933 | INFO  | DNAudit | user=null | ip=null | op=PUT_BLOCK {blockData=[blockId=conID: 3 locID: 102654967272833605 bcsId: 0,size=3145728]} | ret=SUCCESS |  
2019-08-21 12:28:11,934 | INFO  | DNAudit | user=null | ip=null | op=WRITE_CHUNK {blockData=conID: 3 locID: 102654967272833605 bcsId: 3520} | ret=SUCCESS |  
2019-08-21 12:28:11,935 | INFO  | DNAudit | user=null | ip=null | op=WRITE_CHUNK {blockData=conID: 3 locID: 102654967272833605 bcsId: 3520} | ret=SUCCESS |  
2019-08-21 12:28:11,936 | INFO  | DNAudit | user=null | ip=null | op=PUT_BLOCK {blockData=[blockId=conID: 3 locID: 102654967272833605 bcsId: 0,size=4194304]} | ret=SUCCESS |  
2019-08-21 12:28:11,936 [grpc-default-executor-2] INFO  client.GrpcClientProtocolClient (GrpcClientProtocolClient.java:onNext(255)) - client-C954105195FD->270584e6-a4a8-4db5-8151-214655ce1a56: receive RaftClientReply:client-C954105195FD->270584e6-a4a8-4db5-8151-214655ce1a56@group-787F5BA3AA67, cid=2377, SUCCESS, logIndex=3523, commits[270584e6-a4a8-4db5-8151-214655ce1a56:c3524, af078b8b-61ec-497f-9506-472d46a72462:c3520, 09fb9ab4-1b8d-44c0-9f8c-50855c6f1fed:c3520]
2019-08-21 12:28:11,936 [grpc-default-executor-2] INFO  client.GrpcClientProtocolClient (GrpcClientProtocolClient.java:onNext(255)) - client-C954105195FD->270584e6-a4a8-4db5-8151-214655ce1a56: receive RaftClientReply:client-C954105195FD->270584e6-a4a8-4db5-8151-214655ce1a56@group-787F5BA3AA67, cid=2378, SUCCESS, logIndex=3524, commits[270584e6-a4a8-4db5-8151-214655ce1a56:c3524, af078b8b-61ec-497f-9506-472d46a72462:c3520, 09fb9ab4-1b8d-44c0-9f8c-50855c6f1fed:c3520]
2019-08-21 12:28:11,937 | INFO  | DNAudit | user=null | ip=null | op=WRITE_CHUNK {blockData=conID: 3 locID: 102654967272833605 bcsId: 3520} | ret=SUCCESS |  
2019-08-21 12:28:11,938 | INFO  | DNAudit | user=null | ip=null | op=WRITE_CHUNK {blockData=conID: 3 locID: 102654967272833605 bcsId: 3520} | ret=SUCCESS |  
2019-08-21 12:28:11,950 | INFO  | DNAudit | user=null | ip=null | op=PUT_BLOCK {blockData=[blockId=conID: 3 locID: 102654967272833605 bcsId: 0,size=4194304]} | ret=SUCCESS |  
2019-08-21 12:28:11,950 | INFO  | DNAudit | user=null | ip=null | op=PUT_BLOCK {blockData=[blockId=conID: 3 locID: 102654967272833605 bcsId: 0,size=4194304]} | ret=SUCCESS |  
2019-08-21 12:28:11,951 | INFO  | SCMAudit | user=jenkins1000 | ip=192.168.34.23 | op=SEND_HEARTBEAT {datanodeUUID=09fb9ab4-1b8d-44c0-9f8c-50855c6f1fed, command=[]} | ret=SUCCESS |  
2019-08-21 12:28:11,951 | INFO  | SCMAudit | user=jenkins1000 | ip=192.168.34.23 | op=SEND_HEARTBEAT {datanodeUUID=af078b8b-61ec-497f-9506-472d46a72462, command=[]} | ret=SUCCESS |  
2019-08-21 12:28:11,951 [grpc-default-executor-2] INFO  client.GrpcClientProtocolClient (GrpcClientProtocolClient.java:onNext(255)) - client-C954105195FD->270584e6-a4a8-4db5-8151-214655ce1a56: receive RaftClientReply:client-C954105195FD->270584e6-a4a8-4db5-8151-214655ce1a56@group-787F5BA3AA67, cid=2379, SUCCESS, logIndex=0, commits[270584e6-a4a8-4db5-8151-214655ce1a56:c3526, af078b8b-61ec-497f-9506-472d46a72462:c3524, 09fb9ab4-1b8d-44c0-9f8c-50855c6f1fed:c3524]
 0.00% |█                                                                                                    |  0/1 Time: 0:00:192019-08-21 12:28:11,952 | INFO  | SCMAudit | user=jenkins1000 | ip=192.168.34.23 | op=SEND_HEARTBEAT {datanodeUUID=270584e6-a4a8-4db5-8151-214655ce1a56, command=[]} | ret=SUCCESS |  
2019-08-21 12:28:11,957 | INFO  | SCMAudit | user=jenkins1000 | ip=192.168.34.23 | op=ALLOCATE_BLOCK {owner=b79f83c9-5f7d-4caf-af30-78af34bc5eea, size=4194304, type=RATIS, factor=THREE} | ret=SUCCESS |  
2019-08-21 12:28:11,961 | INFO  | OMAudit | user=jenkins1000 | ip=127.0.0.1 | op=ALLOCATE_BLOCK {volume=vol-0-06517, bucket=bucket-0-64549, key=key-0-34512, dataSize=0, replicationType=null, replicationFactor=null, keyLocationInfo=null, clientID=102654965997830546} | ret=SUCCESS |  
2019-08-21 12:28:11,968 | INFO  | DNAudit | user=null | ip=null | op=WRITE_CHUNK {blockData=conID: 1 locID: 102654967280894534 bcsId: 0} | ret=SUCCESS |  
2019-08-21 12:28:11,971 | INFO  | DNAudit | user=null | ip=null | op=WRITE_CHUNK {blockData=conID: 1 locID: 102654967280894534 bcsId: 0} | ret=SUCCESS |  
2019-08-21 12:28:11,971 | INFO  | DNAudit | user=null | ip=null | op=WRITE_CHUNK {blockData=conID: 1 locID: 102654967280894534 bcsId: 0} | ret=SUCCESS |  
2019-08-21 12:28:11,972 | INFO  | DNAudit | user=null | ip=null | op=WRITE_CHUNK {blockData=conID: 1 locID: 102654967280894534 bcsId: 0} | ret=SUCCESS |  
2019-08-21 12:28:11,973 | INFO  | DNAudit | user=null | ip=null | op=WRITE_CHUNK {blockData=conID: 1 locID: 102654967280894534 bcsId: 0} | ret=SUCCESS |  
2019-08-21 12:28:11,973 | INFO  | DNAudit | user=null | ip=null | op=WRITE_CHUNK {blockData=conID: 1 locID: 102654967280894534 bcsId: 0} | ret=SUCCESS |  
2019-08-21 12:28:11,980 | INFO  | DNAudit | user=null | ip=null | op=WRITE_CHUNK {blockData=conID: 1 locID: 102654967280894534 bcsId: 0} | ret=SUCCESS |  
2019-08-21 12:28:11,981 | INFO  | DNAudit | user=null | ip=null | op=PUT_BLOCK {blockData=[blockId=conID: 1 locID: 102654967280894534 bcsId: 0,size=1048576]} | ret=SUCCESS |  
2019-08-21 12:28:11,981 | INFO  | DNAudit | user=null | ip=null | op=WRITE_CHUNK {blockData=conID: 1 locID: 102654967280894534 bcsId: 0} | ret=SUCCESS |  
2019-08-21 12:28:11,981 [grpc-default-executor-1] INFO  client.GrpcClientProtocolClient (GrpcClientProtocolClient.java:onNext(255)) - client-C954105195FD->270584e6-a4a8-4db5-8151-214655ce1a56: receive RaftClientReply:client-C954105195FD->270584e6-a4a8-4db5-8151-214655ce1a56@group-787F5BA3AA67, cid=2380, SUCCESS, logIndex=3527, commits[270584e6-a4a8-4db5-8151-214655ce1a56:c3528, af078b8b-61ec-497f-9506-472d46a72462:c3526, 09fb9ab4-1b8d-44c0-9f8c-50855c6f1fed:c3526]
2019-08-21 12:28:11,981 | INFO  | DNAudit | user=null | ip=null | op=PUT_BLOCK {blockData=[blockId=conID: 1 locID: 102654967280894534 bcsId: 0,size=2097152]} | ret=SUCCESS |  
2019-08-21 12:28:11,982 [grpc-default-executor-1] INFO  client.GrpcClientProtocolClient (GrpcClientProtocolClient.java:onNext(255)) - client-C954105195FD->270584e6-a4a8-4db5-8151-214655ce1a56: receive RaftClientReply:client-C954105195FD->270584e6-a4a8-4db5-8151-214655ce1a56@group-787F5BA3AA67, cid=2381, SUCCESS, logIndex=3528, commits[270584e6-a4a8-4db5-8151-214655ce1a56:c3530, af078b8b-61ec-497f-9506-472d46a72462:c3526, 09fb9ab4-1b8d-44c0-9f8c-50855c6f1fed:c3526]
2019-08-21 12:28:11,982 [grpc-default-executor-1] INFO  client.GrpcClientProtocolClient (GrpcClientProtocolClient.java:onNext(255)) - client-C954105195FD->270584e6-a4a8-4db5-8151-214655ce1a56: receive RaftClientReply:client-C954105195FD->270584e6-a4a8-4db5-8151-214655ce1a56@group-787F5BA3AA67, cid=2382, SUCCESS, logIndex=3529, commits[270584e6-a4a8-4db5-8151-214655ce1a56:c3530, af078b8b-61ec-497f-9506-472d46a72462:c3526, 09fb9ab4-1b8d-44c0-9f8c-50855c6f1fed:c3526]
2019-08-21 12:28:11,982 [grpc-default-executor-1] INFO  client.GrpcClientProtocolClient (GrpcClientProtocolClient.java:onNext(255)) - client-C954105195FD->270584e6-a4a8-4db5-8151-214655ce1a56: receive RaftClientReply:client-C954105195FD->270584e6-a4a8-4db5-8151-214655ce1a56@group-787F5BA3AA67, cid=2383, SUCCESS, logIndex=3530, commits[270584e6-a4a8-4db5-8151-214655ce1a56:c3530, af078b8b-61ec-497f-9506-472d46a72462:c3526, 09fb9ab4-1b8d-44c0-9f8c-50855c6f1fed:c3526]
2019-08-21 12:28:11,993 | INFO  | DNAudit | user=null | ip=null | op=WRITE_CHUNK {blockData=conID: 1 locID: 102654967280894534 bcsId: 0} | ret=SUCCESS |  
2019-08-21 12:28:11,995 | INFO  | DNAudit | user=null | ip=null | op=WRITE_CHUNK {blockData=conID: 1 locID: 102654967280894534 bcsId: 0} | ret=SUCCESS |  
2019-08-21 12:28:11,996 | INFO  | DNAudit | user=null | ip=null | op=PUT_BLOCK {blockData=[blockId=conID: 1 locID: 102654967280894534 bcsId: 0,size=1048576]} | ret=SUCCESS |  
2019-08-21 12:28:11,996 | INFO  | DNAudit | user=null | ip=null | op=WRITE_CHUNK {blockData=conID: 1 locID: 102654967280894534 bcsId: 0} | ret=SUCCESS |  
2019-08-21 12:28:11,996 | INFO  | DNAudit | user=null | ip=null | op=PUT_BLOCK {blockData=[blockId=conID: 1 locID: 102654967280894534 bcsId: 0,size=2097152]} | ret=SUCCESS |  
2019-08-21 12:28:12,006 | INFO  | DNAudit | user=null | ip=null | op=PUT_BLOCK {blockData=[blockId=conID: 1 locID: 102654967280894534 bcsId: 0,size=1048576]} | ret=SUCCESS |  
2019-08-21 12:28:12,006 | INFO  | DNAudit | user=null | ip=null | op=WRITE_CHUNK {blockData=conID: 1 locID: 102654967280894534 bcsId: 0} | ret=SUCCESS |  
2019-08-21 12:28:12,006 | INFO  | DNAudit | user=null | ip=null | op=PUT_BLOCK {blockData=[blockId=conID: 1 locID: 102654967280894534 bcsId: 0,size=2097152]} | ret=SUCCESS |  
2019-08-21 12:28:12,007 [grpc-default-executor-2] INFO  client.GrpcClientProtocolClient (GrpcClientProtocolClient.java:onNext(255)) - client-C954105195FD->270584e6-a4a8-4db5-8151-214655ce1a56: receive RaftClientReply:client-C954105195FD->270584e6-a4a8-4db5-8151-214655ce1a56@group-787F5BA3AA67, cid=2384, SUCCESS, logIndex=0, commits[270584e6-a4a8-4db5-8151-214655ce1a56:c3533, af078b8b-61ec-497f-9506-472d46a72462:c3530, 09fb9ab4-1b8d-44c0-9f8c-50855c6f1fed:c3528]
2019-08-21 12:28:12,015 | INFO  | DNAudit | user=null | ip=null | op=WRITE_CHUNK {blockData=conID: 1 locID: 102654967280894534 bcsId: 3530} | ret=SUCCESS |  
2019-08-21 12:28:12,018 | INFO  | DNAudit | user=null | ip=null | op=WRITE_CHUNK {blockData=conID: 1 locID: 102654967280894534 bcsId: 3530} | ret=SUCCESS |  
2019-08-21 12:28:12,018 | INFO  | DNAudit | user=null | ip=null | op=WRITE_CHUNK {blockData=conID: 1 locID: 102654967280894534 bcsId: 3530} | ret=SUCCESS |  
2019-08-21 12:28:12,028 | INFO  | DNAudit | user=null | ip=null | op=WRITE_CHUNK {blockData=conID: 1 locID: 102654967280894534 bcsId: 3530} | ret=SUCCESS |  
2019-08-21 12:28:12,029 | INFO  | DNAudit | user=null | ip=null | op=PUT_BLOCK {blockData=[blockId=conID: 1 locID: 102654967280894534 bcsId: 0,size=3145728]} | ret=SUCCESS |  
2019-08-21 12:28:12,029 [grpc-default-executor-5] INFO  client.GrpcClientProtocolClient (GrpcClientProtocolClient.java:onNext(255)) - client-C954105195FD->270584e6-a4a8-4db5-8151-214655ce1a56: receive RaftClientReply:client-C954105195FD->270584e6-a4a8-4db5-8151-214655ce1a56@group-787F5BA3AA67, cid=2385, SUCCESS, logIndex=3534, commits[270584e6-a4a8-4db5-8151-214655ce1a56:c3535, af078b8b-61ec-497f-9506-472d46a72462:c3533, 09fb9ab4-1b8d-44c0-9f8c-50855c6f1fed:c3533]
2019-08-21 12:28:12,029 [grpc-default-executor-5] INFO  client.GrpcClientProtocolClient (GrpcClientProtocolClient.java:onNext(255)) - client-C954105195FD->270584e6-a4a8-4db5-8151-214655ce1a56: receive RaftClientReply:client-C954105195FD->270584e6-a4a8-4db5-8151-214655ce1a56@group-787F5BA3AA67, cid=2386, SUCCESS, logIndex=3535, commits[270584e6-a4a8-4db5-8151-214655ce1a56:c3535, af078b8b-61ec-497f-9506-472d46a72462:c3533, 09fb9ab4-1b8d-44c0-9f8c-50855c6f1fed:c3533]
2019-08-21 12:28:12,037 | INFO  | DNAudit | user=null | ip=null | op=WRITE_CHUNK {blockData=conID: 1 locID: 102654967280894534 bcsId: 3535} | ret=SUCCESS |  
2019-08-21 12:28:12,040 | INFO  | DNAudit | user=null | ip=null | op=WRITE_CHUNK {blockData=conID: 1 locID: 102654967280894534 bcsId: 3535} | ret=SUCCESS |  
2019-08-21 12:28:12,040 | INFO  | DNAudit | user=null | ip=null | op=WRITE_CHUNK {blockData=conID: 1 locID: 102654967280894534 bcsId: 3535} | ret=SUCCESS |  
2019-08-21 12:28:12,042 | INFO  | DNAudit | user=null | ip=null | op=WRITE_CHUNK {blockData=conID: 1 locID: 102654967280894534 bcsId: 3530} | ret=SUCCESS |  
2019-08-21 12:28:12,042 | INFO  | DNAudit | user=null | ip=null | op=WRITE_CHUNK {blockData=conID: 1 locID: 102654967280894534 bcsId: 3530} | ret=SUCCESS |  
2019-08-21 12:28:12,054 | INFO  | DNAudit | user=null | ip=null | op=PUT_BLOCK {blockData=[blockId=conID: 1 locID: 102654967280894534 bcsId: 0,size=3145728]} | ret=SUCCESS |  
2019-08-21 12:28:12,054 | INFO  | DNAudit | user=null | ip=null | op=PUT_BLOCK {blockData=[blockId=conID: 1 locID: 102654967280894534 bcsId: 0,size=3145728]} | ret=SUCCESS |  
2019-08-21 12:28:12,055 | INFO  | DNAudit | user=null | ip=null | op=WRITE_CHUNK {blockData=conID: 1 locID: 102654967280894534 bcsId: 3535} | ret=SUCCESS |  
2019-08-21 12:28:12,055 | INFO  | DNAudit | user=null | ip=null | op=PUT_BLOCK {blockData=[blockId=conID: 1 locID: 102654967280894534 bcsId: 0,size=4194304]} | ret=SUCCESS |  
2019-08-21 12:28:12,055 [grpc-default-executor-1] INFO  client.GrpcClientProtocolClient (GrpcClientProtocolClient.java:onNext(255)) - client-C954105195FD->270584e6-a4a8-4db5-8151-214655ce1a56: receive RaftClientReply:client-C954105195FD->270584e6-a4a8-4db5-8151-214655ce1a56@group-787F5BA3AA67, cid=2387, SUCCESS, logIndex=3538, commits[270584e6-a4a8-4db5-8151-214655ce1a56:c3539, af078b8b-61ec-497f-9506-472d46a72462:c3535, 09fb9ab4-1b8d-44c0-9f8c-50855c6f1fed:c3535]
2019-08-21 12:28:12,056 [grpc-default-executor-1] INFO  client.GrpcClientProtocolClient (GrpcClientProtocolClient.java:onNext(255)) - client-C954105195FD->270584e6-a4a8-4db5-8151-214655ce1a56: receive RaftClientReply:client-C954105195FD->270584e6-a4a8-4db5-8151-214655ce1a56@group-787F5BA3AA67, cid=2388, SUCCESS, logIndex=3539, commits[270584e6-a4a8-4db5-8151-214655ce1a56:c3539, af078b8b-61ec-497f-9506-472d46a72462:c3535, 09fb9ab4-1b8d-44c0-9f8c-50855c6f1fed:c3535]
2019-08-21 12:28:12,068 | INFO  | DNAudit | user=null | ip=null | op=WRITE_CHUNK {blockData=conID: 1 locID: 102654967280894534 bcsId: 3535} | ret=SUCCESS |  
2019-08-21 12:28:12,069 | INFO  | DNAudit | user=null | ip=null | op=WRITE_CHUNK {blockData=conID: 1 locID: 102654967280894534 bcsId: 3535} | ret=SUCCESS |  
2019-08-21 12:28:12,069 | INFO  | DNAudit | user=null | ip=null | op=PUT_BLOCK {blockData=[blockId=conID: 1 locID: 102654967280894534 bcsId: 0,size=4194304]} | ret=SUCCESS |  
2019-08-21 12:28:12,069 | INFO  | DNAudit | user=null | ip=null | op=PUT_BLOCK {blockData=[blockId=conID: 1 locID: 102654967280894534 bcsId: 0,size=4194304]} | ret=SUCCESS |  
2019-08-21 12:28:12,069 [grpc-default-executor-1] INFO  client.GrpcClientProtocolClient (GrpcClientProtocolClient.java:onNext(255)) - client-C954105195FD->270584e6-a4a8-4db5-8151-214655ce1a56: receive RaftClientReply:client-C954105195FD->270584e6-a4a8-4db5-8151-214655ce1a56@group-787F5BA3AA67, cid=2389, SUCCESS, logIndex=0, commits[270584e6-a4a8-4db5-8151-214655ce1a56:c3540, af078b8b-61ec-497f-9506-472d46a72462:c3539, 09fb9ab4-1b8d-44c0-9f8c-50855c6f1fed:c3539]
2019-08-21 12:28:12,076 | INFO  | SCMAudit | user=jenkins1000 | ip=192.168.34.23 | op=ALLOCATE_BLOCK {owner=b79f83c9-5f7d-4caf-af30-78af34bc5eea, size=4194304, type=RATIS, factor=THREE} | ret=SUCCESS |  
2019-08-21 12:28:12,079 | INFO  | OMAudit | user=jenkins1000 | ip=127.0.0.1 | op=ALLOCATE_BLOCK {volume=vol-0-06517, bucket=bucket-0-64549, key=key-0-34512, dataSize=0, replicationType=null, replicationFactor=null, keyLocationInfo=null, clientID=102654965997830546} | ret=SUCCESS |  
2019-08-21 12:28:12,087 | INFO  | DNAudit | user=null | ip=null | op=WRITE_CHUNK {blockData=conID: 2 locID: 102654967288627783 bcsId: 0} | ret=SUCCESS |  
2019-08-21 12:28:12,090 | INFO  | DNAudit | user=null | ip=null | op=WRITE_CHUNK {blockData=conID: 2 locID: 102654967288627783 bcsId: 0} | ret=SUCCESS |  
2019-08-21 12:28:12,091 | INFO  | DNAudit | user=null | ip=null | op=WRITE_CHUNK {blockData=conID: 2 locID: 102654967288627783 bcsId: 0} | ret=SUCCESS |  
2019-08-21 12:28:12,091 | INFO  | DNAudit | user=null | ip=null | op=WRITE_CHUNK {blockData=conID: 2 locID: 102654967288627783 bcsId: 0} | ret=SUCCESS |  
2019-08-21 12:28:12,093 | INFO  | DNAudit | user=null | ip=null | op=WRITE_CHUNK {blockData=conID: 2 locID: 102654967288627783 bcsId: 0} | ret=SUCCESS |  
2019-08-21 12:28:12,095 | INFO  | DNAudit | user=null | ip=null | op=WRITE_CHUNK {blockData=conID: 2 locID: 102654967288627783 bcsId: 0} | ret=SUCCESS |  
2019-08-21 12:28:12,109 | INFO  | DNAudit | user=null | ip=null | op=WRITE_CHUNK {blockData=conID: 2 locID: 102654967288627783 bcsId: 0} | ret=SUCCESS |  
2019-08-21 12:28:12,110 | INFO  | DNAudit | user=null | ip=null | op=PUT_BLOCK {blockData=[blockId=conID: 2 locID: 102654967288627783 bcsId: 0,size=1048576]} | ret=SUCCESS |  
2019-08-21 12:28:12,110 | INFO  | DNAudit | user=null | ip=null | op=WRITE_CHUNK {blockData=conID: 2 locID: 102654967288627783 bcsId: 0} | ret=SUCCESS |  
2019-08-21 12:28:12,110 [grpc-default-executor-1] INFO  client.GrpcClientProtocolClient (GrpcClientProtocolClient.java:onNext(255)) - client-C954105195FD->270584e6-a4a8-4db5-8151-214655ce1a56: receive RaftClientReply:client-C954105195FD->270584e6-a4a8-4db5-8151-214655ce1a56@group-787F5BA3AA67, cid=2390, SUCCESS, logIndex=3542, commits[270584e6-a4a8-4db5-8151-214655ce1a56:c3543, af078b8b-61ec-497f-9506-472d46a72462:c3541, 09fb9ab4-1b8d-44c0-9f8c-50855c6f1fed:c3541]
2019-08-21 12:28:12,110 | INFO  | DNAudit | user=null | ip=null | op=PUT_BLOCK {blockData=[blockId=conID: 2 locID: 102654967288627783 bcsId: 0,size=2097152]} | ret=SUCCESS |  
2019-08-21 12:28:12,111 [grpc-default-executor-1] INFO  client.GrpcClientProtocolClient (GrpcClientProtocolClient.java:onNext(255)) - client-C954105195FD->270584e6-a4a8-4db5-8151-214655ce1a56: receive RaftClientReply:client-C954105195FD->270584e6-a4a8-4db5-8151-214655ce1a56@group-787F5BA3AA67, cid=2391, SUCCESS, logIndex=3543, commits[270584e6-a4a8-4db5-8151-214655ce1a56:c3545, af078b8b-61ec-497f-9506-472d46a72462:c3541, 09fb9ab4-1b8d-44c0-9f8c-50855c6f1fed:c3541]
2019-08-21 12:28:12,111 | INFO  | DNAudit | user=null | ip=null | op=WRITE_CHUNK {blockData=conID: 2 locID: 102654967288627783 bcsId: 0} | ret=SUCCESS |  
2019-08-21 12:28:12,111 | INFO  | DNAudit | user=null | ip=null | op=PUT_BLOCK {blockData=[blockId=conID: 2 locID: 102654967288627783 bcsId: 0,size=1048576]} | ret=SUCCESS |  
2019-08-21 12:28:12,111 | INFO  | DNAudit | user=null | ip=null | op=WRITE_CHUNK {blockData=conID: 2 locID: 102654967288627783 bcsId: 0} | ret=SUCCESS |  
2019-08-21 12:28:12,111 [grpc-default-executor-1] INFO  client.GrpcClientProtocolClient (GrpcClientProtocolClient.java:onNext(255)) - client-C954105195FD->270584e6-a4a8-4db5-8151-214655ce1a56: receive RaftClientReply:client-C954105195FD->270584e6-a4a8-4db5-8151-214655ce1a56@group-787F5BA3AA67, cid=2392, SUCCESS, logIndex=3544, commits[270584e6-a4a8-4db5-8151-214655ce1a56:c3545, af078b8b-61ec-497f-9506-472d46a72462:c3541, 09fb9ab4-1b8d-44c0-9f8c-50855c6f1fed:c3541]
2019-08-21 12:28:12,112 | INFO  | DNAudit | user=null | ip=null | op=PUT_BLOCK {blockData=[blockId=conID: 2 locID: 102654967288627783 bcsId: 0,size=1048576]} | ret=SUCCESS |  
2019-08-21 12:28:12,112 [grpc-default-executor-1] INFO  client.GrpcClientProtocolClient (GrpcClientProtocolClient.java:onNext(255)) - client-C954105195FD->270584e6-a4a8-4db5-8151-214655ce1a56: receive RaftClientReply:client-C954105195FD->270584e6-a4a8-4db5-8151-214655ce1a56@group-787F5BA3AA67, cid=2393, SUCCESS, logIndex=3545, commits[270584e6-a4a8-4db5-8151-214655ce1a56:c3545, af078b8b-61ec-497f-9506-472d46a72462:c3541, 09fb9ab4-1b8d-44c0-9f8c-50855c6f1fed:c3541]
2019-08-21 12:28:12,112 | INFO  | DNAudit | user=null | ip=null | op=WRITE_CHUNK {blockData=conID: 2 locID: 102654967288627783 bcsId: 0} | ret=SUCCESS |  
2019-08-21 12:28:12,112 | INFO  | DNAudit | user=null | ip=null | op=PUT_BLOCK {blockData=[blockId=conID: 2 locID: 102654967288627783 bcsId: 0,size=2097152]} | ret=SUCCESS |  
2019-08-21 12:28:12,113 | INFO  | DNAudit | user=null | ip=null | op=WRITE_CHUNK {blockData=conID: 2 locID: 102654967288627783 bcsId: 0} | ret=SUCCESS |  
2019-08-21 12:28:12,113 | INFO  | DNAudit | user=null | ip=null | op=PUT_BLOCK {blockData=[blockId=conID: 2 locID: 102654967288627783 bcsId: 0,size=2097152]} | ret=SUCCESS |  
2019-08-21 12:28:12,113 [grpc-default-executor-1] INFO  client.GrpcClientProtocolClient (GrpcClientProtocolClient.java:onNext(255)) - client-C954105195FD->270584e6-a4a8-4db5-8151-214655ce1a56: receive RaftClientReply:client-C954105195FD->270584e6-a4a8-4db5-8151-214655ce1a56@group-787F5BA3AA67, cid=2394, SUCCESS, logIndex=0, commits[270584e6-a4a8-4db5-8151-214655ce1a56:c3548, af078b8b-61ec-497f-9506-472d46a72462:c3545, 09fb9ab4-1b8d-44c0-9f8c-50855c6f1fed:c3543]
2019-08-21 12:28:12,120 | INFO  | DNAudit | user=null | ip=null | op=WRITE_CHUNK {blockData=conID: 2 locID: 102654967288627783 bcsId: 3545} | ret=SUCCESS |  
2019-08-21 12:28:12,124 | INFO  | DNAudit | user=null | ip=null | op=WRITE_CHUNK {blockData=conID: 2 locID: 102654967288627783 bcsId: 3545} | ret=SUCCESS |  
2019-08-21 12:28:12,124 | INFO  | DNAudit | user=null | ip=null | op=WRITE_CHUNK {blockData=conID: 2 locID: 102654967288627783 bcsId: 3545} | ret=SUCCESS |  
2019-08-21 12:28:12,133 | INFO  | DNAudit | user=null | ip=null | op=WRITE_CHUNK {blockData=conID: 2 locID: 102654967288627783 bcsId: 3545} | ret=SUCCESS |  
2019-08-21 12:28:12,134 | INFO  | DNAudit | user=null | ip=null | op=PUT_BLOCK {blockData=[blockId=conID: 2 locID: 102654967288627783 bcsId: 0,size=3145728]} | ret=SUCCESS |  
2019-08-21 12:28:12,134 [grpc-default-executor-4] INFO  client.GrpcClientProtocolClient (GrpcClientProtocolClient.java:onNext(255)) - client-C954105195FD->270584e6-a4a8-4db5-8151-214655ce1a56: receive RaftClientReply:client-C954105195FD->270584e6-a4a8-4db5-8151-214655ce1a56@group-787F5BA3AA67, cid=2395, SUCCESS, logIndex=3550, commits[270584e6-a4a8-4db5-8151-214655ce1a56:c3551, af078b8b-61ec-497f-9506-472d46a72462:c3549, 09fb9ab4-1b8d-44c0-9f8c-50855c6f1fed:c3549]
2019-08-21 12:28:12,134 [grpc-default-executor-4] INFO  client.GrpcClientProtocolClient (GrpcClientProtocolClient.java:onNext(255)) - client-C954105195FD->270584e6-a4a8-4db5-8151-214655ce1a56: receive RaftClientReply:client-C954105195FD->270584e6-a4a8-4db5-8151-214655ce1a56@group-787F5BA3AA67, cid=2396, SUCCESS, logIndex=3551, commits[270584e6-a4a8-4db5-8151-214655ce1a56:c3551, af078b8b-61ec-497f-9506-472d46a72462:c3549, 09fb9ab4-1b8d-44c0-9f8c-50855c6f1fed:c3549]
2019-08-21 12:28:12,137 | INFO  | DNAudit | user=null | ip=null | op=WRITE_CHUNK {blockData=conID: 2 locID: 102654967288627783 bcsId: 3545} | ret=SUCCESS |  
2019-08-21 12:28:12,137 | INFO  | DNAudit | user=null | ip=null | op=WRITE_CHUNK {blockData=conID: 2 locID: 102654967288627783 bcsId: 3545} | ret=SUCCESS |  
2019-08-21 12:28:12,140 | INFO  | DNAudit | user=null | ip=null | op=PUT_BLOCK {blockData=[blockId=conID: 2 locID: 102654967288627783 bcsId: 0,size=3145728]} | ret=SUCCESS |  
2019-08-21 12:28:12,140 | INFO  | DNAudit | user=null | ip=null | op=PUT_BLOCK {blockData=[blockId=conID: 2 locID: 102654967288627783 bcsId: 0,size=3145728]} | ret=SUCCESS |  
2019-08-21 12:28:12,142 | INFO  | DNAudit | user=null | ip=null | op=WRITE_CHUNK {blockData=conID: 2 locID: 102654967288627783 bcsId: 3551} | ret=SUCCESS |  
2019-08-21 12:28:12,145 | INFO  | DNAudit | user=null | ip=null | op=WRITE_CHUNK {blockData=conID: 2 locID: 102654967288627783 bcsId: 3551} | ret=SUCCESS |  
2019-08-21 12:28:12,145 | INFO  | DNAudit | user=null | ip=null | op=WRITE_CHUNK {blockData=conID: 2 locID: 102654967288627783 bcsId: 3551} | ret=SUCCESS |  
2019-08-21 12:28:12,147 | INFO  | DNAudit | user=null | ip=null | op=WRITE_CHUNK {blockData=conID: 2 locID: 102654967288627783 bcsId: 3551} | ret=SUCCESS |  
2019-08-21 12:28:12,147 | INFO  | DNAudit | user=null | ip=null | op=PUT_BLOCK {blockData=[blockId=conID: 2 locID: 102654967288627783 bcsId: 0,size=4194304]} | ret=SUCCESS |  
2019-08-21 12:28:12,148 [grpc-default-executor-5] INFO  client.GrpcClientProtocolClient (GrpcClientProtocolClient.java:onNext(255)) - client-C954105195FD->270584e6-a4a8-4db5-8151-214655ce1a56: receive RaftClientReply:client-C954105195FD->270584e6-a4a8-4db5-8151-214655ce1a56@group-787F5BA3AA67, cid=2397, SUCCESS, logIndex=3554, commits[270584e6-a4a8-4db5-8151-214655ce1a56:c3555, af078b8b-61ec-497f-9506-472d46a72462:c3553, 09fb9ab4-1b8d-44c0-9f8c-50855c6f1fed:c3551]
2019-08-21 12:28:12,148 [grpc-default-executor-5] INFO  client.GrpcClientProtocolClient (GrpcClientProtocolClient.java:onNext(255)) - client-C954105195FD->270584e6-a4a8-4db5-8151-214655ce1a56: receive RaftClientReply:client-C954105195FD->270584e6-a4a8-4db5-8151-214655ce1a56@group-787F5BA3AA67, cid=2398, SUCCESS, logIndex=3555, commits[270584e6-a4a8-4db5-8151-214655ce1a56:c3555, af078b8b-61ec-497f-9506-472d46a72462:c3553, 09fb9ab4-1b8d-44c0-9f8c-50855c6f1fed:c3553]
2019-08-21 12:28:12,149 | INFO  | DNAudit | user=null | ip=null | op=WRITE_CHUNK {blockData=conID: 2 locID: 102654967288627783 bcsId: 3551} | ret=SUCCESS |  
2019-08-21 12:28:12,149 | INFO  | DNAudit | user=null | ip=null | op=PUT_BLOCK {blockData=[blockId=conID: 2 locID: 102654967288627783 bcsId: 0,size=4194304]} | ret=SUCCESS |  
2019-08-21 12:28:12,151 | INFO  | DNAudit | user=null | ip=null | op=WRITE_CHUNK {blockData=conID: 2 locID: 102654967288627783 bcsId: 3551} | ret=SUCCESS |  
2019-08-21 12:28:12,151 | INFO  | DNAudit | user=null | ip=null | op=PUT_BLOCK {blockData=[blockId=conID: 2 locID: 102654967288627783 bcsId: 0,size=4194304]} | ret=SUCCESS |  
2019-08-21 12:28:12,151 [grpc-default-executor-5] INFO  client.GrpcClientProtocolClient (GrpcClientProtocolClient.java:onNext(255)) - client-C954105195FD->270584e6-a4a8-4db5-8151-214655ce1a56: receive RaftClientReply:client-C954105195FD->270584e6-a4a8-4db5-8151-214655ce1a56@group-787F5BA3AA67, cid=2399, SUCCESS, logIndex=0, commits[270584e6-a4a8-4db5-8151-214655ce1a56:c3556, af078b8b-61ec-497f-9506-472d46a72462:c3555, 09fb9ab4-1b8d-44c0-9f8c-50855c6f1fed:c3555]
2019-08-21 12:28:12,157 | INFO  | SCMAudit | user=jenkins1000 | ip=192.168.34.23 | op=ALLOCATE_BLOCK {owner=b79f83c9-5f7d-4caf-af30-78af34bc5eea, size=4194304, type=RATIS, factor=THREE} | ret=SUCCESS |  
2019-08-21 12:28:12,161 | INFO  | OMAudit | user=jenkins1000 | ip=127.0.0.1 | op=ALLOCATE_BLOCK {volume=vol-0-06517, bucket=bucket-0-64549, key=key-0-34512, dataSize=0, replicationType=null, replicationFactor=null, keyLocationInfo=null, clientID=102654965997830546} | ret=SUCCESS |  
2019-08-21 12:28:12,168 | INFO  | DNAudit | user=null | ip=null | op=WRITE_CHUNK {blockData=conID: 3 locID: 102654967294001736 bcsId: 0} | ret=SUCCESS |  
2019-08-21 12:28:12,172 | INFO  | DNAudit | user=null | ip=null | op=WRITE_CHUNK {blockData=conID: 3 locID: 102654967294001736 bcsId: 0} | ret=SUCCESS |  
2019-08-21 12:28:12,172 | INFO  | DNAudit | user=null | ip=null | op=WRITE_CHUNK {blockData=conID: 3 locID: 102654967294001736 bcsId: 0} | ret=SUCCESS |  
2019-08-21 12:28:12,172 | INFO  | DNAudit | user=null | ip=null | op=WRITE_CHUNK {blockData=conID: 3 locID: 102654967294001736 bcsId: 0} | ret=SUCCESS |  
2019-08-21 12:28:12,175 | INFO  | DNAudit | user=null | ip=null | op=WRITE_CHUNK {blockData=conID: 3 locID: 102654967294001736 bcsId: 0} | ret=SUCCESS |  
2019-08-21 12:28:12,175 | INFO  | DNAudit | user=null | ip=null | op=WRITE_CHUNK {blockData=conID: 3 locID: 102654967294001736 bcsId: 0} | ret=SUCCESS |  
2019-08-21 12:28:12,178 | INFO  | DNAudit | user=null | ip=null | op=WRITE_CHUNK {blockData=conID: 3 locID: 102654967294001736 bcsId: 0} | ret=SUCCESS |  
2019-08-21 12:28:12,179 | INFO  | DNAudit | user=null | ip=null | op=PUT_BLOCK {blockData=[blockId=conID: 3 locID: 102654967294001736 bcsId: 0,size=1048576]} | ret=SUCCESS |  
2019-08-21 12:28:12,179 [grpc-default-executor-1] INFO  client.GrpcClientProtocolClient (GrpcClientProtocolClient.java:onNext(255)) - client-C954105195FD->270584e6-a4a8-4db5-8151-214655ce1a56: receive RaftClientReply:client-C954105195FD->270584e6-a4a8-4db5-8151-214655ce1a56@group-787F5BA3AA67, cid=2400, SUCCESS, logIndex=3558, commits[270584e6-a4a8-4db5-8151-214655ce1a56:c3559, af078b8b-61ec-497f-9506-472d46a72462:c3557, 09fb9ab4-1b8d-44c0-9f8c-50855c6f1fed:c3557]
2019-08-21 12:28:12,179 | INFO  | DNAudit | user=null | ip=null | op=WRITE_CHUNK {blockData=conID: 3 locID: 102654967294001736 bcsId: 0} | ret=SUCCESS |  
2019-08-21 12:28:12,179 [grpc-default-executor-4] INFO  client.GrpcClientProtocolClient (GrpcClientProtocolClient.java:onNext(255)) - client-C954105195FD->270584e6-a4a8-4db5-8151-214655ce1a56: receive RaftClientReply:client-C954105195FD->270584e6-a4a8-4db5-8151-214655ce1a56@group-787F5BA3AA67, cid=2401, SUCCESS, logIndex=3559, commits[270584e6-a4a8-4db5-8151-214655ce1a56:c3559, af078b8b-61ec-497f-9506-472d46a72462:c3557, 09fb9ab4-1b8d-44c0-9f8c-50855c6f1fed:c3557]
2019-08-21 12:28:12,180 | INFO  | DNAudit | user=null | ip=null | op=PUT_BLOCK {blockData=[blockId=conID: 3 locID: 102654967294001736 bcsId: 0,size=2097152]} | ret=SUCCESS |  
2019-08-21 12:28:12,180 [grpc-default-executor-4] INFO  client.GrpcClientProtocolClient (GrpcClientProtocolClient.java:onNext(255)) - client-C954105195FD->270584e6-a4a8-4db5-8151-214655ce1a56: receive RaftClientReply:client-C954105195FD->270584e6-a4a8-4db5-8151-214655ce1a56@group-787F5BA3AA67, cid=2402, SUCCESS, logIndex=3560, commits[270584e6-a4a8-4db5-8151-214655ce1a56:c3560, af078b8b-61ec-497f-9506-472d46a72462:c3557, 09fb9ab4-1b8d-44c0-9f8c-50855c6f1fed:c3557]
2019-08-21 12:28:12,180 | INFO  | DNAudit | user=null | ip=null | op=WRITE_CHUNK {blockData=conID: 3 locID: 102654967294001736 bcsId: 0} | ret=SUCCESS |  
2019-08-21 12:28:12,181 | INFO  | DNAudit | user=null | ip=null | op=PUT_BLOCK {blockData=[blockId=conID: 3 locID: 102654967294001736 bcsId: 0,size=1048576]} | ret=SUCCESS |  
2019-08-21 12:28:12,181 [grpc-default-executor-5] INFO  client.GrpcClientProtocolClient (GrpcClientProtocolClient.java:onNext(255)) - client-C954105195FD->270584e6-a4a8-4db5-8151-214655ce1a56: receive RaftClientReply:client-C954105195FD->270584e6-a4a8-4db5-8151-214655ce1a56@group-787F5BA3AA67, cid=2403, SUCCESS, logIndex=3561, commits[270584e6-a4a8-4db5-8151-214655ce1a56:c3561, af078b8b-61ec-497f-9506-472d46a72462:c3557, 09fb9ab4-1b8d-44c0-9f8c-50855c6f1fed:c3557]
2019-08-21 12:28:12,182 | INFO  | DNAudit | user=null | ip=null | op=WRITE_CHUNK {blockData=conID: 3 locID: 102654967294001736 bcsId: 0} | ret=SUCCESS |  
2019-08-21 12:28:12,183 | INFO  | DNAudit | user=null | ip=null | op=PUT_BLOCK {blockData=[blockId=conID: 3 locID: 102654967294001736 bcsId: 0,size=1048576]} | ret=SUCCESS |  
2019-08-21 12:28:12,183 [grpc-default-executor-5] INFO  client.GrpcClientProtocolClient (GrpcClientProtocolClient.java:onNext(255)) - client-C954105195FD->270584e6-a4a8-4db5-8151-214655ce1a56: receive RaftClientReply:client-C954105195FD->270584e6-a4a8-4db5-8151-214655ce1a56@group-787F5BA3AA67, cid=2404, SUCCESS, logIndex=0, commits[270584e6-a4a8-4db5-8151-214655ce1a56:c3563, af078b8b-61ec-497f-9506-472d46a72462:c3559, 09fb9ab4-1b8d-44c0-9f8c-50855c6f1fed:c3559]
2019-08-21 12:28:12,188 | INFO  | SCMAudit | user=jenkins1000 | ip=192.168.34.23 | op=SEND_HEARTBEAT {datanodeUUID=0aa4def6-fe9f-4182-b0b1-80406548816f, command=[]} | ret=SUCCESS |  
2019-08-21 12:28:12,188 | INFO  | SCMAudit | user=jenkins1000 | ip=192.168.34.23 | op=SEND_HEARTBEAT {datanodeUUID=39ae8c09-9b4b-4ddc-906b-4e52d104e1b1, command=[]} | ret=SUCCESS |  
2019-08-21 12:28:12,190 | INFO  | DNAudit | user=null | ip=null | op=WRITE_CHUNK {blockData=conID: 3 locID: 102654967294001736 bcsId: 3561} | ret=SUCCESS |  
2019-08-21 12:28:12,193 | INFO  | DNAudit | user=null | ip=null | op=WRITE_CHUNK {blockData=conID: 3 locID: 102654967294001736 bcsId: 3561} | ret=SUCCESS |  
2019-08-21 12:28:12,193 | INFO  | DNAudit | user=null | ip=null | op=WRITE_CHUNK {blockData=conID: 3 locID: 102654967294001736 bcsId: 3561} | ret=SUCCESS |  
2019-08-21 12:28:12,193 | INFO  | DNAudit | user=null | ip=null | op=WRITE_CHUNK {blockData=conID: 3 locID: 102654967294001736 bcsId: 0} | ret=SUCCESS |  
2019-08-21 12:28:12,193 | INFO  | DNAudit | user=null | ip=null | op=PUT_BLOCK {blockData=[blockId=conID: 3 locID: 102654967294001736 bcsId: 0,size=2097152]} | ret=SUCCESS |  
2019-08-21 12:28:12,194 | INFO  | DNAudit | user=null | ip=null | op=WRITE_CHUNK {blockData=conID: 3 locID: 102654967294001736 bcsId: 0} | ret=SUCCESS |  
2019-08-21 12:28:12,194 | INFO  | DNAudit | user=null | ip=null | op=PUT_BLOCK {blockData=[blockId=conID: 3 locID: 102654967294001736 bcsId: 0,size=2097152]} | ret=SUCCESS |  
2019-08-21 12:28:12,195 | INFO  | DNAudit | user=null | ip=null | op=WRITE_CHUNK {blockData=conID: 3 locID: 102654967294001736 bcsId: 3561} | ret=SUCCESS |  
2019-08-21 12:28:12,195 | INFO  | DNAudit | user=null | ip=null | op=PUT_BLOCK {blockData=[blockId=conID: 3 locID: 102654967294001736 bcsId: 0,size=3145728]} | ret=SUCCESS |  
2019-08-21 12:28:12,195 [grpc-default-executor-1] INFO  client.GrpcClientProtocolClient (GrpcClientProtocolClient.java:onNext(255)) - client-C954105195FD->270584e6-a4a8-4db5-8151-214655ce1a56: receive RaftClientReply:client-C954105195FD->270584e6-a4a8-4db5-8151-214655ce1a56@group-787F5BA3AA67, cid=2405, SUCCESS, logIndex=3566, commits[270584e6-a4a8-4db5-8151-214655ce1a56:c3567, af078b8b-61ec-497f-9506-472d46a72462:c3561, 09fb9ab4-1b8d-44c0-9f8c-50855c6f1fed:c3563]
2019-08-21 12:28:12,196 [grpc-default-executor-1] INFO  client.GrpcClientProtocolClient (GrpcClientProtocolClient.java:onNext(255)) - client-C954105195FD->270584e6-a4a8-4db5-8151-214655ce1a56: receive RaftClientReply:client-C954105195FD->270584e6-a4a8-4db5-8151-214655ce1a56@group-787F5BA3AA67, cid=2406, SUCCESS, logIndex=3567, commits[270584e6-a4a8-4db5-8151-214655ce1a56:c3567, af078b8b-61ec-497f-9506-472d46a72462:c3563, 09fb9ab4-1b8d-44c0-9f8c-50855c6f1fed:c3563]
2019-08-21 12:28:12,196 | INFO  | DNAudit | user=null | ip=null | op=WRITE_CHUNK {blockData=conID: 3 locID: 102654967294001736 bcsId: 3561} | ret=SUCCESS |  
2019-08-21 12:28:12,196 | INFO  | DNAudit | user=null | ip=null | op=WRITE_CHUNK {blockData=conID: 3 locID: 102654967294001736 bcsId: 3561} | ret=SUCCESS |  
2019-08-21 12:28:12,196 | INFO  | DNAudit | user=null | ip=null | op=PUT_BLOCK {blockData=[blockId=conID: 3 locID: 102654967294001736 bcsId: 0,size=3145728]} | ret=SUCCESS |  
2019-08-21 12:28:12,197 | INFO  | DNAudit | user=null | ip=null | op=PUT_BLOCK {blockData=[blockId=conID: 3 locID: 102654967294001736 bcsId: 0,size=3145728]} | ret=SUCCESS |  
2019-08-21 12:28:12,202 | INFO  | DNAudit | user=null | ip=null | op=WRITE_CHUNK {blockData=conID: 3 locID: 102654967294001736 bcsId: 3567} | ret=SUCCESS |  
2019-08-21 12:28:12,204 | INFO  | DNAudit | user=null | ip=null | op=WRITE_CHUNK {blockData=conID: 3 locID: 102654967294001736 bcsId: 3567} | ret=SUCCESS |  
2019-08-21 12:28:12,204 | INFO  | DNAudit | user=null | ip=null | op=WRITE_CHUNK {blockData=conID: 3 locID: 102654967294001736 bcsId: 3567} | ret=SUCCESS |  
2019-08-21 12:28:12,214 | INFO  | DNAudit | user=null | ip=null | op=WRITE_CHUNK {blockData=conID: 3 locID: 102654967294001736 bcsId: 3567} | ret=SUCCESS |  
2019-08-21 12:28:12,214 | INFO  | DNAudit | user=null | ip=null | op=PUT_BLOCK {blockData=[blockId=conID: 3 locID: 102654967294001736 bcsId: 0,size=4194304]} | ret=SUCCESS |  
2019-08-21 12:28:12,215 [grpc-default-executor-5] INFO  client.GrpcClientProtocolClient (GrpcClientProtocolClient.java:onNext(255)) - client-C954105195FD->270584e6-a4a8-4db5-8151-214655ce1a56: receive RaftClientReply:client-C954105195FD->270584e6-a4a8-4db5-8151-214655ce1a56@group-787F5BA3AA67, cid=2407, SUCCESS, logIndex=3570, commits[270584e6-a4a8-4db5-8151-214655ce1a56:c3571, af078b8b-61ec-497f-9506-472d46a72462:c3569, 09fb9ab4-1b8d-44c0-9f8c-50855c6f1fed:c3569]
2019-08-21 12:28:12,215 [grpc-default-executor-5] INFO  client.GrpcClientProtocolClient (GrpcClientProtocolClient.java:onNext(255)) - client-C954105195FD->270584e6-a4a8-4db5-8151-214655ce1a56: receive RaftClientReply:client-C954105195FD->270584e6-a4a8-4db5-8151-214655ce1a56@group-787F5BA3AA67, cid=2408, SUCCESS, logIndex=3571, commits[270584e6-a4a8-4db5-8151-214655ce1a56:c3571, af078b8b-61ec-497f-9506-472d46a72462:c3569, 09fb9ab4-1b8d-44c0-9f8c-50855c6f1fed:c3569]
2019-08-21 12:28:12,227 | INFO  | DNAudit | user=null | ip=null | op=WRITE_CHUNK {blockData=conID: 3 locID: 102654967294001736 bcsId: 3567} | ret=SUCCESS |  
2019-08-21 12:28:12,227 | INFO  | DNAudit | user=null | ip=null | op=WRITE_CHUNK {blockData=conID: 3 locID: 102654967294001736 bcsId: 3567} | ret=SUCCESS |  
2019-08-21 12:28:12,227 | INFO  | DNAudit | user=null | ip=null | op=PUT_BLOCK {blockData=[blockId=conID: 3 locID: 102654967294001736 bcsId: 0,size=4194304]} | ret=SUCCESS |  
2019-08-21 12:28:12,240 | INFO  | DNAudit | user=null | ip=null | op=PUT_BLOCK {blockData=[blockId=conID: 3 locID: 102654967294001736 bcsId: 0,size=4194304]} | ret=SUCCESS |  
2019-08-21 12:28:12,240 [grpc-default-executor-5] INFO  client.GrpcClientProtocolClient (GrpcClientProtocolClient.java:onNext(255)) - client-C954105195FD->270584e6-a4a8-4db5-8151-214655ce1a56: receive RaftClientReply:client-C954105195FD->270584e6-a4a8-4db5-8151-214655ce1a56@group-787F5BA3AA67, cid=2409, SUCCESS, logIndex=0, commits[270584e6-a4a8-4db5-8151-214655ce1a56:c3573, af078b8b-61ec-497f-9506-472d46a72462:c3571, 09fb9ab4-1b8d-44c0-9f8c-50855c6f1fed:c3571]
2019-08-21 12:28:12,246 | INFO  | SCMAudit | user=jenkins1000 | ip=192.168.34.23 | op=ALLOCATE_BLOCK {owner=b79f83c9-5f7d-4caf-af30-78af34bc5eea, size=4194304, type=RATIS, factor=THREE} | ret=SUCCESS |  
2019-08-21 12:28:12,250 | INFO  | OMAudit | user=jenkins1000 | ip=127.0.0.1 | op=ALLOCATE_BLOCK {volume=vol-0-06517, bucket=bucket-0-64549, key=key-0-34512, dataSize=0, replicationType=null, replicationFactor=null, keyLocationInfo=null, clientID=102654965997830546} | ret=SUCCESS |  
2019-08-21 12:28:12,257 | INFO  | DNAudit | user=null | ip=null | op=WRITE_CHUNK {blockData=conID: 1 locID: 102654967299834441 bcsId: 0} | ret=SUCCESS |  
2019-08-21 12:28:12,260 | INFO  | DNAudit | user=null | ip=null | op=WRITE_CHUNK {blockData=conID: 1 locID: 102654967299834441 bcsId: 0} | ret=SUCCESS |  
2019-08-21 12:28:12,261 | INFO  | DNAudit | user=null | ip=null | op=WRITE_CHUNK {blockData=conID: 1 locID: 102654967299834441 bcsId: 0} | ret=SUCCESS |  
2019-08-21 12:28:12,261 | INFO  | DNAudit | user=null | ip=null | op=WRITE_CHUNK {blockData=conID: 1 locID: 102654967299834441 bcsId: 0} | ret=SUCCESS |  
2019-08-21 12:28:12,262 | INFO  | DNAudit | user=null | ip=null | op=WRITE_CHUNK {blockData=conID: 1 locID: 102654967299834441 bcsId: 0} | ret=SUCCESS |  
2019-08-21 12:28:12,263 | INFO  | DNAudit | user=null | ip=null | op=WRITE_CHUNK {blockData=conID: 1 locID: 102654967299834441 bcsId: 0} | ret=SUCCESS |  
2019-08-21 12:28:12,272 | INFO  | DNAudit | user=null | ip=null | op=WRITE_CHUNK {blockData=conID: 1 locID: 102654967299834441 bcsId: 0} | ret=SUCCESS |  
2019-08-21 12:28:12,272 | INFO  | DNAudit | user=null | ip=null | op=PUT_BLOCK {blockData=[blockId=conID: 1 locID: 102654967299834441 bcsId: 0,size=1048576]} | ret=SUCCESS |  
2019-08-21 12:28:12,272 [grpc-default-executor-1] INFO  client.GrpcClientProtocolClient (GrpcClientProtocolClient.java:onNext(255)) - client-C954105195FD->270584e6-a4a8-4db5-8151-214655ce1a56: receive RaftClientReply:client-C954105195FD->270584e6-a4a8-4db5-8151-214655ce1a56@group-787F5BA3AA67, cid=2410, SUCCESS, logIndex=3574, commits[270584e6-a4a8-4db5-8151-214655ce1a56:c3575, af078b8b-61ec-497f-9506-472d46a72462:c3573, 09fb9ab4-1b8d-44c0-9f8c-50855c6f1fed:c3571]
2019-08-21 12:28:12,273 [grpc-default-executor-1] INFO  client.GrpcClientProtocolClient (GrpcClientProtocolClient.java:onNext(255)) - client-C954105195FD->270584e6-a4a8-4db5-8151-214655ce1a56: receive RaftClientReply:client-C954105195FD->270584e6-a4a8-4db5-8151-214655ce1a56@group-787F5BA3AA67, cid=2411, SUCCESS, logIndex=3575, commits[270584e6-a4a8-4db5-8151-214655ce1a56:c3575, af078b8b-61ec-497f-9506-472d46a72462:c3573, 09fb9ab4-1b8d-44c0-9f8c-50855c6f1fed:c3571]
2019-08-21 12:28:12,274 | INFO  | DNAudit | user=null | ip=null | op=WRITE_CHUNK {blockData=conID: 1 locID: 102654967299834441 bcsId: 0} | ret=SUCCESS |  
2019-08-21 12:28:12,274 | INFO  | DNAudit | user=null | ip=null | op=PUT_BLOCK {blockData=[blockId=conID: 1 locID: 102654967299834441 bcsId: 0,size=2097152]} | ret=SUCCESS |  
2019-08-21 12:28:12,275 [grpc-default-executor-4] INFO  client.GrpcClientProtocolClient (GrpcClientProtocolClient.java:onNext(255)) - client-C954105195FD->270584e6-a4a8-4db5-8151-214655ce1a56: receive RaftClientReply:client-C954105195FD->270584e6-a4a8-4db5-8151-214655ce1a56@group-787F5BA3AA67, cid=2412, SUCCESS, logIndex=3576, commits[270584e6-a4a8-4db5-8151-214655ce1a56:c3577, af078b8b-61ec-497f-9506-472d46a72462:c3573, 09fb9ab4-1b8d-44c0-9f8c-50855c6f1fed:c3573]
2019-08-21 12:28:12,275 [grpc-default-executor-4] INFO  client.GrpcClientProtocolClient (GrpcClientProtocolClient.java:onNext(255)) - client-C954105195FD->270584e6-a4a8-4db5-8151-214655ce1a56: receive RaftClientReply:client-C954105195FD->270584e6-a4a8-4db5-8151-214655ce1a56@group-787F5BA3AA67, cid=2413, SUCCESS, logIndex=3577, commits[270584e6-a4a8-4db5-8151-214655ce1a56:c3577, af078b8b-61ec-497f-9506-472d46a72462:c3573, 09fb9ab4-1b8d-44c0-9f8c-50855c6f1fed:c3573]
2019-08-21 12:28:12,285 | INFO  | DNAudit | user=null | ip=null | op=WRITE_CHUNK {blockData=conID: 1 locID: 102654967299834441 bcsId: 0} | ret=SUCCESS |  
2019-08-21 12:28:12,285 | INFO  | DNAudit | user=null | ip=null | op=PUT_BLOCK {blockData=[blockId=conID: 1 locID: 102654967299834441 bcsId: 0,size=1048576]} | ret=SUCCESS |  
2019-08-21 12:28:12,288 | INFO  | DNAudit | user=null | ip=null | op=WRITE_CHUNK {blockData=conID: 1 locID: 102654967299834441 bcsId: 0} | ret=SUCCESS |  
2019-08-21 12:28:12,288 | INFO  | DNAudit | user=null | ip=null | op=PUT_BLOCK {blockData=[blockId=conID: 1 locID: 102654967299834441 bcsId: 0,size=2097152]} | ret=SUCCESS |  
2019-08-21 12:28:12,288 | INFO  | DNAudit | user=null | ip=null | op=WRITE_CHUNK {blockData=conID: 1 locID: 102654967299834441 bcsId: 0} | ret=SUCCESS |  
2019-08-21 12:28:12,288 | INFO  | DNAudit | user=null | ip=null | op=PUT_BLOCK {blockData=[blockId=conID: 1 locID: 102654967299834441 bcsId: 0,size=1048576]} | ret=SUCCESS |  
2019-08-21 12:28:12,289 [grpc-default-executor-1] INFO  client.GrpcClientProtocolClient (GrpcClientProtocolClient.java:onNext(255)) - client-C954105195FD->270584e6-a4a8-4db5-8151-214655ce1a56: receive RaftClientReply:client-C954105195FD->270584e6-a4a8-4db5-8151-214655ce1a56@group-787F5BA3AA67, cid=2414, SUCCESS, logIndex=0, commits[270584e6-a4a8-4db5-8151-214655ce1a56:c3581, af078b8b-61ec-497f-9506-472d46a72462:c3575, 09fb9ab4-1b8d-44c0-9f8c-50855c6f1fed:c3577]
2019-08-21 12:28:12,297 | INFO  | DNAudit | user=null | ip=null | op=WRITE_CHUNK {blockData=conID: 1 locID: 102654967299834441 bcsId: 3577} | ret=SUCCESS |  
2019-08-21 12:28:12,447 | INFO  | DNAudit | user=null | ip=null | op=WRITE_CHUNK {blockData=conID: 1 locID: 102654967299834441 bcsId: 0} | ret=SUCCESS |  
2019-08-21 12:28:12,448 | INFO  | DNAudit | user=null | ip=null | op=PUT_BLOCK {blockData=[blockId=conID: 1 locID: 102654967299834441 bcsId: 0,size=2097152]} | ret=SUCCESS |  
2019-08-21 12:28:12,449 | INFO  | DNAudit | user=null | ip=null | op=WRITE_CHUNK {blockData=conID: 1 locID: 102654967299834441 bcsId: 3577} | ret=SUCCESS |  
2019-08-21 12:28:12,449 | INFO  | DNAudit | user=null | ip=null | op=WRITE_CHUNK {blockData=conID: 1 locID: 102654967299834441 bcsId: 3577} | ret=SUCCESS |  
2019-08-21 12:28:12,464 | INFO  | DNAudit | user=null | ip=null | op=WRITE_CHUNK {blockData=conID: 1 locID: 102654967299834441 bcsId: 3577} | ret=SUCCESS |  
2019-08-21 12:28:12,464 | INFO  | DNAudit | user=null | ip=null | op=PUT_BLOCK {blockData=[blockId=conID: 1 locID: 102654967299834441 bcsId: 0,size=3145728]} | ret=SUCCESS |  
2019-08-21 12:28:12,464 [grpc-default-executor-5] INFO  client.GrpcClientProtocolClient (GrpcClientProtocolClient.java:onNext(255)) - client-C954105195FD->270584e6-a4a8-4db5-8151-214655ce1a56: receive RaftClientReply:client-C954105195FD->270584e6-a4a8-4db5-8151-214655ce1a56@group-787F5BA3AA67, cid=2415, SUCCESS, logIndex=3582, commits[270584e6-a4a8-4db5-8151-214655ce1a56:c3583, af078b8b-61ec-497f-9506-472d46a72462:c3581, 09fb9ab4-1b8d-44c0-9f8c-50855c6f1fed:c3581]
2019-08-21 12:28:12,465 [grpc-default-executor-5] INFO  client.GrpcClientProtocolClient (GrpcClientProtocolClient.java:onNext(255)) - client-C954105195FD->270584e6-a4a8-4db5-8151-214655ce1a56: receive RaftClientReply:client-C954105195FD->270584e6-a4a8-4db5-8151-214655ce1a56@group-787F5BA3AA67, cid=2416, SUCCESS, logIndex=3583, commits[270584e6-a4a8-4db5-8151-214655ce1a56:c3583, af078b8b-61ec-497f-9506-472d46a72462:c3581, 09fb9ab4-1b8d-44c0-9f8c-50855c6f1fed:c3581]
2019-08-21 12:28:12,473 | INFO  | DNAudit | user=null | ip=null | op=WRITE_CHUNK {blockData=conID: 1 locID: 102654967299834441 bcsId: 3583} | ret=SUCCESS |  
2019-08-21 12:28:12,475 | INFO  | DNAudit | user=null | ip=null | op=WRITE_CHUNK {blockData=conID: 1 locID: 102654967299834441 bcsId: 3577} | ret=SUCCESS |  
2019-08-21 12:28:12,475 | INFO  | DNAudit | user=null | ip=null | op=WRITE_CHUNK {blockData=conID: 1 locID: 102654967299834441 bcsId: 3577} | ret=SUCCESS |  
2019-08-21 12:28:12,476 | INFO  | DNAudit | user=null | ip=null | op=WRITE_CHUNK {blockData=conID: 1 locID: 102654967299834441 bcsId: 3583} | ret=SUCCESS |  
2019-08-21 12:28:12,476 | INFO  | DNAudit | user=null | ip=null | op=WRITE_CHUNK {blockData=conID: 1 locID: 102654967299834441 bcsId: 3583} | ret=SUCCESS |  
2019-08-21 12:28:12,487 | INFO  | DNAudit | user=null | ip=null | op=PUT_BLOCK {blockData=[blockId=conID: 1 locID: 102654967299834441 bcsId: 0,size=3145728]} | ret=SUCCESS |  
2019-08-21 12:28:12,487 | INFO  | DNAudit | user=null | ip=null | op=WRITE_CHUNK {blockData=conID: 1 locID: 102654967299834441 bcsId: 3583} | ret=SUCCESS |  
2019-08-21 12:28:12,487 | INFO  | DNAudit | user=null | ip=null | op=PUT_BLOCK {blockData=[blockId=conID: 1 locID: 102654967299834441 bcsId: 0,size=3145728]} | ret=SUCCESS |  
2019-08-21 12:28:12,488 | INFO  | DNAudit | user=null | ip=null | op=PUT_BLOCK {blockData=[blockId=conID: 1 locID: 102654967299834441 bcsId: 0,size=4194304]} | ret=SUCCESS |  
2019-08-21 12:28:12,488 [grpc-default-executor-1] INFO  client.GrpcClientProtocolClient (GrpcClientProtocolClient.java:onNext(255)) - client-C954105195FD->270584e6-a4a8-4db5-8151-214655ce1a56: receive RaftClientReply:client-C954105195FD->270584e6-a4a8-4db5-8151-214655ce1a56@group-787F5BA3AA67, cid=2417, SUCCESS, logIndex=3586, commits[270584e6-a4a8-4db5-8151-214655ce1a56:c3587, af078b8b-61ec-497f-9506-472d46a72462:c3583, 09fb9ab4-1b8d-44c0-9f8c-50855c6f1fed:c3582]
2019-08-21 12:28:12,488 [grpc-default-executor-1] INFO  client.GrpcClientProtocolClient (GrpcClientProtocolClient.java:onNext(255)) - client-C954105195FD->270584e6-a4a8-4db5-8151-214655ce1a56: receive RaftClientReply:client-C954105195FD->270584e6-a4a8-4db5-8151-214655ce1a56@group-787F5BA3AA67, cid=2418, SUCCESS, logIndex=3587, commits[270584e6-a4a8-4db5-8151-214655ce1a56:c3587, af078b8b-61ec-497f-9506-472d46a72462:c3583, 09fb9ab4-1b8d-44c0-9f8c-50855c6f1fed:c3583]
2019-08-21 12:28:12,500 | INFO  | DNAudit | user=null | ip=null | op=WRITE_CHUNK {blockData=conID: 1 locID: 102654967299834441 bcsId: 3583} | ret=SUCCESS |  
2019-08-21 12:28:12,501 | INFO  | DNAudit | user=null | ip=null | op=WRITE_CHUNK {blockData=conID: 1 locID: 102654967299834441 bcsId: 3583} | ret=SUCCESS |  
2019-08-21 12:28:12,513 | INFO  | DNAudit | user=null | ip=null | op=PUT_BLOCK {blockData=[blockId=conID: 1 locID: 102654967299834441 bcsId: 0,size=4194304]} | ret=SUCCESS |  
2019-08-21 12:28:12,513 | INFO  | DNAudit | user=null | ip=null | op=PUT_BLOCK {blockData=[blockId=conID: 1 locID: 102654967299834441 bcsId: 0,size=4194304]} | ret=SUCCESS |  
2019-08-21 12:28:12,514 [grpc-default-executor-1] INFO  client.GrpcClientProtocolClient (GrpcClientProtocolClient.java:onNext(255)) - client-C954105195FD->270584e6-a4a8-4db5-8151-214655ce1a56: receive RaftClientReply:client-C954105195FD->270584e6-a4a8-4db5-8151-214655ce1a56@group-787F5BA3AA67, cid=2419, SUCCESS, logIndex=0, commits[270584e6-a4a8-4db5-8151-214655ce1a56:c3589, af078b8b-61ec-497f-9506-472d46a72462:c3587, 09fb9ab4-1b8d-44c0-9f8c-50855c6f1fed:c3587]
2019-08-21 12:28:12,521 | INFO  | SCMAudit | user=jenkins1000 | ip=192.168.34.23 | op=ALLOCATE_BLOCK {owner=b79f83c9-5f7d-4caf-af30-78af34bc5eea, size=4194304, type=RATIS, factor=THREE} | ret=SUCCESS |  
2019-08-21 12:28:12,525 | INFO  | OMAudit | user=jenkins1000 | ip=127.0.0.1 | op=ALLOCATE_BLOCK {volume=vol-0-06517, bucket=bucket-0-64549, key=key-0-34512, dataSize=0, replicationType=null, replicationFactor=null, keyLocationInfo=null, clientID=102654965997830546} | ret=SUCCESS |  
2019-08-21 12:28:12,534 | INFO  | DNAudit | user=null | ip=null | op=WRITE_CHUNK {blockData=conID: 2 locID: 102654967317856842 bcsId: 0} | ret=SUCCESS |  
2019-08-21 12:28:12,537 | INFO  | DNAudit | user=null | ip=null | op=WRITE_CHUNK {blockData=conID: 2 locID: 102654967317856842 bcsId: 0} | ret=SUCCESS |  
2019-08-21 12:28:12,537 | INFO  | DNAudit | user=null | ip=null | op=WRITE_CHUNK {blockData=conID: 2 locID: 102654967317856842 bcsId: 0} | ret=SUCCESS |  
2019-08-21 12:28:12,537 | INFO  | DNAudit | user=null | ip=null | op=WRITE_CHUNK {blockData=conID: 2 locID: 102654967317856842 bcsId: 0} | ret=SUCCESS |  
2019-08-21 12:28:12,539 | INFO  | DNAudit | user=null | ip=null | op=WRITE_CHUNK {blockData=conID: 2 locID: 102654967317856842 bcsId: 0} | ret=SUCCESS |  
2019-08-21 12:28:12,540 | INFO  | DNAudit | user=null | ip=null | op=WRITE_CHUNK {blockData=conID: 2 locID: 102654967317856842 bcsId: 0} | ret=SUCCESS |  
2019-08-21 12:28:12,547 | INFO  | DNAudit | user=null | ip=null | op=WRITE_CHUNK {blockData=conID: 2 locID: 102654967317856842 bcsId: 0} | ret=SUCCESS |  
2019-08-21 12:28:12,547 | INFO  | DNAudit | user=null | ip=null | op=PUT_BLOCK {blockData=[blockId=conID: 2 locID: 102654967317856842 bcsId: 0,size=1048576]} | ret=SUCCESS |  
2019-08-21 12:28:12,548 | INFO  | DNAudit | user=null | ip=null | op=WRITE_CHUNK {blockData=conID: 2 locID: 102654967317856842 bcsId: 0} | ret=SUCCESS |  
2019-08-21 12:28:12,548 [grpc-default-executor-5] INFO  client.GrpcClientProtocolClient (GrpcClientProtocolClient.java:onNext(255)) - client-C954105195FD->270584e6-a4a8-4db5-8151-214655ce1a56: receive RaftClientReply:client-C954105195FD->270584e6-a4a8-4db5-8151-214655ce1a56@group-787F5BA3AA67, cid=2420, SUCCESS, logIndex=3590, commits[270584e6-a4a8-4db5-8151-214655ce1a56:c3591, af078b8b-61ec-497f-9506-472d46a72462:c3589, 09fb9ab4-1b8d-44c0-9f8c-50855c6f1fed:c3589]
2019-08-21 12:28:12,548 | INFO  | DNAudit | user=null | ip=null | op=PUT_BLOCK {blockData=[blockId=conID: 2 locID: 102654967317856842 bcsId: 0,size=2097152]} | ret=SUCCESS |  
2019-08-21 12:28:12,548 [grpc-default-executor-5] INFO  client.GrpcClientProtocolClient (GrpcClientProtocolClient.java:onNext(255)) - client-C954105195FD->270584e6-a4a8-4db5-8151-214655ce1a56: receive RaftClientReply:client-C954105195FD->270584e6-a4a8-4db5-8151-214655ce1a56@group-787F5BA3AA67, cid=2421, SUCCESS, logIndex=3591, commits[270584e6-a4a8-4db5-8151-214655ce1a56:c3593, af078b8b-61ec-497f-9506-472d46a72462:c3589, 09fb9ab4-1b8d-44c0-9f8c-50855c6f1fed:c3589]
2019-08-21 12:28:12,549 [grpc-default-executor-5] INFO  client.GrpcClientProtocolClient (GrpcClientProtocolClient.java:onNext(255)) - client-C954105195FD->270584e6-a4a8-4db5-8151-214655ce1a56: receive RaftClientReply:client-C954105195FD->270584e6-a4a8-4db5-8151-214655ce1a56@group-787F5BA3AA67, cid=2422, SUCCESS, logIndex=3592, commits[270584e6-a4a8-4db5-8151-214655ce1a56:c3593, af078b8b-61ec-497f-9506-472d46a72462:c3589, 09fb9ab4-1b8d-44c0-9f8c-50855c6f1fed:c3589]
2019-08-21 12:28:12,549 | INFO  | DNAudit | user=null | ip=null | op=WRITE_CHUNK {blockData=conID: 2 locID: 102654967317856842 bcsId: 0} | ret=SUCCESS |  
2019-08-21 12:28:12,549 [grpc-default-executor-1] INFO  client.GrpcClientProtocolClient (GrpcClientProtocolClient.java:onNext(255)) - client-C954105195FD->270584e6-a4a8-4db5-8151-214655ce1a56: receive RaftClientReply:client-C954105195FD->270584e6-a4a8-4db5-8151-214655ce1a56@group-787F5BA3AA67, cid=2423, SUCCESS, logIndex=3593, commits[270584e6-a4a8-4db5-8151-214655ce1a56:c3593, af078b8b-61ec-497f-9506-472d46a72462:c3589, 09fb9ab4-1b8d-44c0-9f8c-50855c6f1fed:c3589]
2019-08-21 12:28:12,551 | INFO  | DNAudit | user=null | ip=null | op=WRITE_CHUNK {blockData=conID: 2 locID: 102654967317856842 bcsId: 0} | ret=SUCCESS |  
2019-08-21 12:28:12,551 | INFO  | DNAudit | user=null | ip=null | op=PUT_BLOCK {blockData=[blockId=conID: 2 locID: 102654967317856842 bcsId: 0,size=1048576]} | ret=SUCCESS |  
2019-08-21 12:28:12,562 | INFO  | DNAudit | user=null | ip=null | op=PUT_BLOCK {blockData=[blockId=conID: 2 locID: 102654967317856842 bcsId: 0,size=1048576]} | ret=SUCCESS |  
2019-08-21 12:28:12,562 | INFO  | DNAudit | user=null | ip=null | op=WRITE_CHUNK {blockData=conID: 2 locID: 102654967317856842 bcsId: 0} | ret=SUCCESS |  
2019-08-21 12:28:12,562 | INFO  | DNAudit | user=null | ip=null | op=WRITE_CHUNK {blockData=conID: 2 locID: 102654967317856842 bcsId: 0} | ret=SUCCESS |  
2019-08-21 12:28:12,562 | INFO  | DNAudit | user=null | ip=null | op=PUT_BLOCK {blockData=[blockId=conID: 2 locID: 102654967317856842 bcsId: 0,size=2097152]} | ret=SUCCESS |  
2019-08-21 12:28:12,563 | INFO  | DNAudit | user=null | ip=null | op=PUT_BLOCK {blockData=[blockId=conID: 2 locID: 102654967317856842 bcsId: 0,size=2097152]} | ret=SUCCESS |  
2019-08-21 12:28:12,563 [grpc-default-executor-5] INFO  client.GrpcClientProtocolClient (GrpcClientProtocolClient.java:onNext(255)) - client-C954105195FD->270584e6-a4a8-4db5-8151-214655ce1a56: receive RaftClientReply:client-C954105195FD->270584e6-a4a8-4db5-8151-214655ce1a56@group-787F5BA3AA67, cid=2424, SUCCESS, logIndex=0, commits[270584e6-a4a8-4db5-8151-214655ce1a56:c3595, af078b8b-61ec-497f-9506-472d46a72462:c3591, 09fb9ab4-1b8d-44c0-9f8c-50855c6f1fed:c3591]
2019-08-21 12:28:12,572 | INFO  | DNAudit | user=null | ip=null | op=WRITE_CHUNK {blockData=conID: 2 locID: 102654967317856842 bcsId: 3593} | ret=SUCCESS |  
2019-08-21 12:28:12,574 | INFO  | DNAudit | user=null | ip=null | op=WRITE_CHUNK {blockData=conID: 2 locID: 102654967317856842 bcsId: 3593} | ret=SUCCESS |  
2019-08-21 12:28:12,575 | INFO  | DNAudit | user=null | ip=null | op=WRITE_CHUNK {blockData=conID: 2 locID: 102654967317856842 bcsId: 3593} | ret=SUCCESS |  
2019-08-21 12:28:12,586 | INFO  | DNAudit | user=null | ip=null | op=WRITE_CHUNK {blockData=conID: 2 locID: 102654967317856842 bcsId: 3593} | ret=SUCCESS |  
2019-08-21 12:28:12,586 | INFO  | DNAudit | user=null | ip=null | op=PUT_BLOCK {blockData=[blockId=conID: 2 locID: 102654967317856842 bcsId: 0,size=3145728]} | ret=SUCCESS |  
2019-08-21 12:28:12,587 [grpc-default-executor-5] INFO  client.GrpcClientProtocolClient (GrpcClientProtocolClient.java:onNext(255)) - client-C954105195FD->270584e6-a4a8-4db5-8151-214655ce1a56: receive RaftClientReply:client-C954105195FD->270584e6-a4a8-4db5-8151-214655ce1a56@group-787F5BA3AA67, cid=2425, SUCCESS, logIndex=3598, commits[270584e6-a4a8-4db5-8151-214655ce1a56:c3599, af078b8b-61ec-497f-9506-472d46a72462:c3597, 09fb9ab4-1b8d-44c0-9f8c-50855c6f1fed:c3597]
2019-08-21 12:28:12,587 [grpc-default-executor-5] INFO  client.GrpcClientProtocolClient (GrpcClientProtocolClient.java:onNext(255)) - client-C954105195FD->270584e6-a4a8-4db5-8151-214655ce1a56: receive RaftClientReply:client-C954105195FD->270584e6-a4a8-4db5-8151-214655ce1a56@group-787F5BA3AA67, cid=2426, SUCCESS, logIndex=3599, commits[270584e6-a4a8-4db5-8151-214655ce1a56:c3599, af078b8b-61ec-497f-9506-472d46a72462:c3597, 09fb9ab4-1b8d-44c0-9f8c-50855c6f1fed:c3597]
2019-08-21 12:28:12,595 | INFO  | DNAudit | user=null | ip=null | op=WRITE_CHUNK {blockData=conID: 2 locID: 102654967317856842 bcsId: 3599} | ret=SUCCESS |  
2019-08-21 12:28:12,598 | INFO  | DNAudit | user=null | ip=null | op=WRITE_CHUNK {blockData=conID: 2 locID: 102654967317856842 bcsId: 3599} | ret=SUCCESS |  
2019-08-21 12:28:12,598 | INFO  | DNAudit | user=null | ip=null | op=WRITE_CHUNK {blockData=conID: 2 locID: 102654967317856842 bcsId: 3599} | ret=SUCCESS |  
2019-08-21 12:28:12,599 | INFO  | DNAudit | user=null | ip=null | op=WRITE_CHUNK {blockData=conID: 2 locID: 102654967317856842 bcsId: 3593} | ret=SUCCESS |  
2019-08-21 12:28:12,599 | INFO  | DNAudit | user=null | ip=null | op=WRITE_CHUNK {blockData=conID: 2 locID: 102654967317856842 bcsId: 3593} | ret=SUCCESS |  
2019-08-21 12:28:12,600 | INFO  | DNAudit | user=null | ip=null | op=PUT_BLOCK {blockData=[blockId=conID: 2 locID: 102654967317856842 bcsId: 0,size=3145728]} | ret=SUCCESS |  
2019-08-21 12:28:12,600 | INFO  | DNAudit | user=null | ip=null | op=PUT_BLOCK {blockData=[blockId=conID: 2 locID: 102654967317856842 bcsId: 0,size=3145728]} | ret=SUCCESS |  
2019-08-21 12:28:12,612 | INFO  | DNAudit | user=null | ip=null | op=WRITE_CHUNK {blockData=conID: 2 locID: 102654967317856842 bcsId: 3599} | ret=SUCCESS |  
2019-08-21 12:28:12,612 | INFO  | DNAudit | user=null | ip=null | op=PUT_BLOCK {blockData=[blockId=conID: 2 locID: 102654967317856842 bcsId: 0,size=4194304]} | ret=SUCCESS |  
2019-08-21 12:28:12,612 [grpc-default-executor-1] INFO  client.GrpcClientProtocolClient (GrpcClientProtocolClient.java:onNext(255)) - client-C954105195FD->270584e6-a4a8-4db5-8151-214655ce1a56: receive RaftClientReply:client-C954105195FD->270584e6-a4a8-4db5-8151-214655ce1a56@group-787F5BA3AA67, cid=2427, SUCCESS, logIndex=3602, commits[270584e6-a4a8-4db5-8151-214655ce1a56:c3603, af078b8b-61ec-497f-9506-472d46a72462:c3599, 09fb9ab4-1b8d-44c0-9f8c-50855c6f1fed:c3599]
2019-08-21 12:28:12,613 [grpc-default-executor-1] INFO  client.GrpcClientProtocolClient (GrpcClientProtocolClient.java:onNext(255)) - client-C954105195FD->270584e6-a4a8-4db5-8151-214655ce1a56: receive RaftClientReply:client-C954105195FD->270584e6-a4a8-4db5-8151-214655ce1a56@group-787F5BA3AA67, cid=2428, SUCCESS, logIndex=3603, commits[270584e6-a4a8-4db5-8151-214655ce1a56:c3603, af078b8b-61ec-497f-9506-472d46a72462:c3599, 09fb9ab4-1b8d-44c0-9f8c-50855c6f1fed:c3599]
2019-08-21 12:28:12,625 | INFO  | DNAudit | user=null | ip=null | op=WRITE_CHUNK {blockData=conID: 2 locID: 102654967317856842 bcsId: 3599} | ret=SUCCESS |  
2019-08-21 12:28:12,626 | INFO  | DNAudit | user=null | ip=null | op=WRITE_CHUNK {blockData=conID: 2 locID: 102654967317856842 bcsId: 3599} | ret=SUCCESS |  
2019-08-21 12:28:12,629 | INFO  | DNAudit | user=null | ip=null | op=PUT_BLOCK {blockData=[blockId=conID: 2 locID: 102654967317856842 bcsId: 0,size=4194304]} | ret=SUCCESS |  
2019-08-21 12:28:12,629 | INFO  | DNAudit | user=null | ip=null | op=PUT_BLOCK {blockData=[blockId=conID: 2 locID: 102654967317856842 bcsId: 0,size=4194304]} | ret=SUCCESS |  
2019-08-21 12:28:12,630 [grpc-default-executor-4] INFO  client.GrpcClientProtocolClient (GrpcClientProtocolClient.java:onNext(255)) - client-C954105195FD->270584e6-a4a8-4db5-8151-214655ce1a56: receive RaftClientReply:client-C954105195FD->270584e6-a4a8-4db5-8151-214655ce1a56@group-787F5BA3AA67, cid=2429, SUCCESS, logIndex=0, commits[270584e6-a4a8-4db5-8151-214655ce1a56:c3605, af078b8b-61ec-497f-9506-472d46a72462:c3603, 09fb9ab4-1b8d-44c0-9f8c-50855c6f1fed:c3603]
2019-08-21 12:28:12,636 | INFO  | SCMAudit | user=jenkins1000 | ip=192.168.34.23 | op=ALLOCATE_BLOCK {owner=b79f83c9-5f7d-4caf-af30-78af34bc5eea, size=4194304, type=RATIS, factor=THREE} | ret=SUCCESS |  
2019-08-21 12:28:12,640 | INFO  | OMAudit | user=jenkins1000 | ip=127.0.0.1 | op=ALLOCATE_BLOCK {volume=vol-0-06517, bucket=bucket-0-64549, key=key-0-34512, dataSize=0, replicationType=null, replicationFactor=null, keyLocationInfo=null, clientID=102654965997830546} | ret=SUCCESS |  
2019-08-21 12:28:12,647 | INFO  | DNAudit | user=null | ip=null | op=WRITE_CHUNK {blockData=conID: 3 locID: 102654967325393483 bcsId: 0} | ret=SUCCESS |  
2019-08-21 12:28:12,650 | INFO  | DNAudit | user=null | ip=null | op=WRITE_CHUNK {blockData=conID: 3 locID: 102654967325393483 bcsId: 0} | ret=SUCCESS |  
2019-08-21 12:28:12,650 | INFO  | DNAudit | user=null | ip=null | op=WRITE_CHUNK {blockData=conID: 3 locID: 102654967325393483 bcsId: 0} | ret=SUCCESS |  
2019-08-21 12:28:12,650 | INFO  | DNAudit | user=null | ip=null | op=WRITE_CHUNK {blockData=conID: 3 locID: 102654967325393483 bcsId: 0} | ret=SUCCESS |  
2019-08-21 12:28:12,653 | INFO  | DNAudit | user=null | ip=null | op=WRITE_CHUNK {blockData=conID: 3 locID: 102654967325393483 bcsId: 0} | ret=SUCCESS |  
2019-08-21 12:28:12,653 | INFO  | DNAudit | user=null | ip=null | op=PUT_BLOCK {blockData=[blockId=conID: 3 locID: 102654967325393483 bcsId: 0,size=1048576]} | ret=SUCCESS |  
2019-08-21 12:28:12,653 [grpc-default-executor-1] INFO  client.GrpcClientProtocolClient (GrpcClientProtocolClient.java:onNext(255)) - client-C954105195FD->270584e6-a4a8-4db5-8151-214655ce1a56: receive RaftClientReply:client-C954105195FD->270584e6-a4a8-4db5-8151-214655ce1a56@group-787F5BA3AA67, cid=2430, SUCCESS, logIndex=3606, commits[270584e6-a4a8-4db5-8151-214655ce1a56:c3607, af078b8b-61ec-497f-9506-472d46a72462:c3605, 09fb9ab4-1b8d-44c0-9f8c-50855c6f1fed:c3605]
2019-08-21 12:28:12,654 | INFO  | DNAudit | user=null | ip=null | op=WRITE_CHUNK {blockData=conID: 3 locID: 102654967325393483 bcsId: 0} | ret=SUCCESS |  
2019-08-21 12:28:12,654 | INFO  | DNAudit | user=null | ip=null | op=WRITE_CHUNK {blockData=conID: 3 locID: 102654967325393483 bcsId: 0} | ret=SUCCESS |  
2019-08-21 12:28:12,654 [grpc-default-executor-1] INFO  client.GrpcClientProtocolClient (GrpcClientProtocolClient.java:onNext(255)) - client-C954105195FD->270584e6-a4a8-4db5-8151-214655ce1a56: receive RaftClientReply:client-C954105195FD->270584e6-a4a8-4db5-8151-214655ce1a56@group-787F5BA3AA67, cid=2431, SUCCESS, logIndex=3607, commits[270584e6-a4a8-4db5-8151-214655ce1a56:c3607, af078b8b-61ec-497f-9506-472d46a72462:c3605, 09fb9ab4-1b8d-44c0-9f8c-50855c6f1fed:c3605]
2019-08-21 12:28:12,656 | INFO  | DNAudit | user=null | ip=null | op=WRITE_CHUNK {blockData=conID: 3 locID: 102654967325393483 bcsId: 0} | ret=SUCCESS |  
2019-08-21 12:28:12,656 | INFO  | DNAudit | user=null | ip=null | op=WRITE_CHUNK {blockData=conID: 3 locID: 102654967325393483 bcsId: 0} | ret=SUCCESS |  
2019-08-21 12:28:12,656 | INFO  | DNAudit | user=null | ip=null | op=PUT_BLOCK {blockData=[blockId=conID: 3 locID: 102654967325393483 bcsId: 0,size=1048576]} | ret=SUCCESS |  
2019-08-21 12:28:12,656 | INFO  | DNAudit | user=null | ip=null | op=PUT_BLOCK {blockData=[blockId=conID: 3 locID: 102654967325393483 bcsId: 0,size=2097152]} | ret=SUCCESS |  
2019-08-21 12:28:12,656 [grpc-default-executor-1] INFO  client.GrpcClientProtocolClient (GrpcClientProtocolClient.java:onNext(255)) - client-C954105195FD->270584e6-a4a8-4db5-8151-214655ce1a56: receive RaftClientReply:client-C954105195FD->270584e6-a4a8-4db5-8151-214655ce1a56@group-787F5BA3AA67, cid=2432, SUCCESS, logIndex=3608, commits[270584e6-a4a8-4db5-8151-214655ce1a56:c3610, af078b8b-61ec-497f-9506-472d46a72462:c3607, 09fb9ab4-1b8d-44c0-9f8c-50855c6f1fed:c3605]
2019-08-21 12:28:12,657 [grpc-default-executor-1] INFO  client.GrpcClientProtocolClient (GrpcClientProtocolClient.java:onNext(255)) - client-C954105195FD->270584e6-a4a8-4db5-8151-214655ce1a56: receive RaftClientReply:client-C954105195FD->270584e6-a4a8-4db5-8151-214655ce1a56@group-787F5BA3AA67, cid=2433, SUCCESS, logIndex=3609, commits[270584e6-a4a8-4db5-8151-214655ce1a56:c3611, af078b8b-61ec-497f-9506-472d46a72462:c3607, 09fb9ab4-1b8d-44c0-9f8c-50855c6f1fed:c3605]
2019-08-21 12:28:12,657 | INFO  | DNAudit | user=null | ip=null | op=WRITE_CHUNK {blockData=conID: 3 locID: 102654967325393483 bcsId: 0} | ret=SUCCESS |  
2019-08-21 12:28:12,658 | INFO  | DNAudit | user=null | ip=null | op=PUT_BLOCK {blockData=[blockId=conID: 3 locID: 102654967325393483 bcsId: 0,size=1048576]} | ret=SUCCESS |  
2019-08-21 12:28:12,658 [grpc-default-executor-1] INFO  client.GrpcClientProtocolClient (GrpcClientProtocolClient.java:onNext(255)) - client-C954105195FD->270584e6-a4a8-4db5-8151-214655ce1a56: receive RaftClientReply:client-C954105195FD->270584e6-a4a8-4db5-8151-214655ce1a56@group-787F5BA3AA67, cid=2434, SUCCESS, logIndex=0, commits[270584e6-a4a8-4db5-8151-214655ce1a56:c3611, af078b8b-61ec-497f-9506-472d46a72462:c3607, 09fb9ab4-1b8d-44c0-9f8c-50855c6f1fed:c3607]
2019-08-21 12:28:12,660 | INFO  | DNAudit | user=null | ip=null | op=WRITE_CHUNK {blockData=conID: 3 locID: 102654967325393483 bcsId: 0} | ret=SUCCESS |  
2019-08-21 12:28:12,660 | INFO  | DNAudit | user=null | ip=null | op=PUT_BLOCK {blockData=[blockId=conID: 3 locID: 102654967325393483 bcsId: 0,size=2097152]} | ret=SUCCESS |  
2019-08-21 12:28:12,660 | INFO  | DNAudit | user=null | ip=null | op=WRITE_CHUNK {blockData=conID: 3 locID: 102654967325393483 bcsId: 0} | ret=SUCCESS |  
2019-08-21 12:28:12,662 | INFO  | DNAudit | user=null | ip=null | op=PUT_BLOCK {blockData=[blockId=conID: 3 locID: 102654967325393483 bcsId: 0,size=2097152]} | ret=SUCCESS |  
2019-08-21 12:28:12,665 | INFO  | DNAudit | user=null | ip=null | op=WRITE_CHUNK {blockData=conID: 3 locID: 102654967325393483 bcsId: 3609} | ret=SUCCESS |  
2019-08-21 12:28:12,668 | INFO  | DNAudit | user=null | ip=null | op=WRITE_CHUNK {blockData=conID: 3 locID: 102654967325393483 bcsId: 3609} | ret=SUCCESS |  
2019-08-21 12:28:12,668 | INFO  | DNAudit | user=null | ip=null | op=WRITE_CHUNK {blockData=conID: 3 locID: 102654967325393483 bcsId: 3609} | ret=SUCCESS |  
2019-08-21 12:28:12,670 | INFO  | DNAudit | user=null | ip=null | op=WRITE_CHUNK {blockData=conID: 3 locID: 102654967325393483 bcsId: 3609} | ret=SUCCESS |  
2019-08-21 12:28:12,671 | INFO  | DNAudit | user=null | ip=null | op=PUT_BLOCK {blockData=[blockId=conID: 3 locID: 102654967325393483 bcsId: 0,size=3145728]} | ret=SUCCESS |  
2019-08-21 12:28:12,671 [grpc-default-executor-5] INFO  client.GrpcClientProtocolClient (GrpcClientProtocolClient.java:onNext(255)) - client-C954105195FD->270584e6-a4a8-4db5-8151-214655ce1a56: receive RaftClientReply:client-C954105195FD->270584e6-a4a8-4db5-8151-214655ce1a56@group-787F5BA3AA67, cid=2435, SUCCESS, logIndex=3614, commits[270584e6-a4a8-4db5-8151-214655ce1a56:c3615, af078b8b-61ec-497f-9506-472d46a72462:c3613, 09fb9ab4-1b8d-44c0-9f8c-50855c6f1fed:c3613]
2019-08-21 12:28:12,671 [grpc-default-executor-5] INFO  client.GrpcClientProtocolClient (GrpcClientProtocolClient.java:onNext(255)) - client-C954105195FD->270584e6-a4a8-4db5-8151-214655ce1a56: receive RaftClientReply:client-C954105195FD->270584e6-a4a8-4db5-8151-214655ce1a56@group-787F5BA3AA67, cid=2436, SUCCESS, logIndex=3615, commits[270584e6-a4a8-4db5-8151-214655ce1a56:c3615, af078b8b-61ec-497f-9506-472d46a72462:c3613, 09fb9ab4-1b8d-44c0-9f8c-50855c6f1fed:c3613]
2019-08-21 12:28:12,673 | INFO  | DNAudit | user=null | ip=null | op=WRITE_CHUNK {blockData=conID: 3 locID: 102654967325393483 bcsId: 3609} | ret=SUCCESS |  
2019-08-21 12:28:12,673 | INFO  | DNAudit | user=null | ip=null | op=WRITE_CHUNK {blockData=conID: 3 locID: 102654967325393483 bcsId: 3609} | ret=SUCCESS |  
2019-08-21 12:28:12,674 | INFO  | DNAudit | user=null | ip=null | op=PUT_BLOCK {blockData=[blockId=conID: 3 locID: 102654967325393483 bcsId: 0,size=3145728]} | ret=SUCCESS |  
2019-08-21 12:28:12,674 | INFO  | DNAudit | user=null | ip=null | op=PUT_BLOCK {blockData=[blockId=conID: 3 locID: 102654967325393483 bcsId: 0,size=3145728]} | ret=SUCCESS |  
2019-08-21 12:28:12,678 | INFO  | DNAudit | user=null | ip=null | op=WRITE_CHUNK {blockData=conID: 3 locID: 102654967325393483 bcsId: 3615} | ret=SUCCESS |  
2019-08-21 12:28:12,680 | INFO  | DNAudit | user=null | ip=null | op=WRITE_CHUNK {blockData=conID: 3 locID: 102654967325393483 bcsId: 3615} | ret=SUCCESS |  
2019-08-21 12:28:12,680 | INFO  | DNAudit | user=null | ip=null | op=WRITE_CHUNK {blockData=conID: 3 locID: 102654967325393483 bcsId: 3615} | ret=SUCCESS |  
2019-08-21 12:28:12,683 | INFO  | DNAudit | user=null | ip=null | op=WRITE_CHUNK {blockData=conID: 3 locID: 102654967325393483 bcsId: 3615} | ret=SUCCESS |  
2019-08-21 12:28:12,683 | INFO  | DNAudit | user=null | ip=null | op=PUT_BLOCK {blockData=[blockId=conID: 3 locID: 102654967325393483 bcsId: 0,size=4194304]} | ret=SUCCESS |  
2019-08-21 12:28:12,684 [grpc-default-executor-4] INFO  client.GrpcClientProtocolClient (GrpcClientProtocolClient.java:onNext(255)) - client-C954105195FD->270584e6-a4a8-4db5-8151-214655ce1a56: receive RaftClientReply:client-C954105195FD->270584e6-a4a8-4db5-8151-214655ce1a56@group-787F5BA3AA67, cid=2437, SUCCESS, logIndex=3618, commits[270584e6-a4a8-4db5-8151-214655ce1a56:c3619, af078b8b-61ec-497f-9506-472d46a72462:c3615, 09fb9ab4-1b8d-44c0-9f8c-50855c6f1fed:c3617]
2019-08-21 12:28:12,684 [grpc-default-executor-4] INFO  client.GrpcClientProtocolClient (GrpcClientProtocolClient.java:onNext(255)) - client-C954105195FD->270584e6-a4a8-4db5-8151-214655ce1a56: receive RaftClientReply:client-C954105195FD->270584e6-a4a8-4db5-8151-214655ce1a56@group-787F5BA3AA67, cid=2438, SUCCESS, logIndex=3619, commits[270584e6-a4a8-4db5-8151-214655ce1a56:c3619, af078b8b-61ec-497f-9506-472d46a72462:c3617, 09fb9ab4-1b8d-44c0-9f8c-50855c6f1fed:c3617]
2019-08-21 12:28:12,686 | INFO  | DNAudit | user=null | ip=null | op=WRITE_CHUNK {blockData=conID: 3 locID: 102654967325393483 bcsId: 3615} | ret=SUCCESS |  
2019-08-21 12:28:12,686 | INFO  | DNAudit | user=null | ip=null | op=WRITE_CHUNK {blockData=conID: 3 locID: 102654967325393483 bcsId: 3615} | ret=SUCCESS |  
2019-08-21 12:28:12,686 | INFO  | DNAudit | user=null | ip=null | op=PUT_BLOCK {blockData=[blockId=conID: 3 locID: 102654967325393483 bcsId: 0,size=4194304]} | ret=SUCCESS |  
2019-08-21 12:28:12,686 | INFO  | DNAudit | user=null | ip=null | op=PUT_BLOCK {blockData=[blockId=conID: 3 locID: 102654967325393483 bcsId: 0,size=4194304]} | ret=SUCCESS |  
2019-08-21 12:28:12,687 [grpc-default-executor-4] INFO  client.GrpcClientProtocolClient (GrpcClientProtocolClient.java:onNext(255)) - client-C954105195FD->270584e6-a4a8-4db5-8151-214655ce1a56: receive RaftClientReply:client-C954105195FD->270584e6-a4a8-4db5-8151-214655ce1a56@group-787F5BA3AA67, cid=2439, SUCCESS, logIndex=0, commits[270584e6-a4a8-4db5-8151-214655ce1a56:c3620, af078b8b-61ec-497f-9506-472d46a72462:c3619, 09fb9ab4-1b8d-44c0-9f8c-50855c6f1fed:c3619]
2019-08-21 12:28:12,691 | INFO  | SCMAudit | user=jenkins1000 | ip=192.168.34.23 | op=ALLOCATE_BLOCK {owner=b79f83c9-5f7d-4caf-af30-78af34bc5eea, size=4194304, type=RATIS, factor=THREE} | ret=SUCCESS |  
2019-08-21 12:28:12,693 | INFO  | OMAudit | user=jenkins1000 | ip=127.0.0.1 | op=ALLOCATE_BLOCK {volume=vol-0-06517, bucket=bucket-0-64549, key=key-0-34512, dataSize=0, replicationType=null, replicationFactor=null, keyLocationInfo=null, clientID=102654965997830546} | ret=SUCCESS |  
2019-08-21 12:28:12,700 | INFO  | DNAudit | user=null | ip=null | op=WRITE_CHUNK {blockData=conID: 1 locID: 102654967328997964 bcsId: 0} | ret=SUCCESS |  
2019-08-21 12:28:12,703 | INFO  | DNAudit | user=null | ip=null | op=WRITE_CHUNK {blockData=conID: 1 locID: 102654967328997964 bcsId: 0} | ret=SUCCESS |  
2019-08-21 12:28:12,704 | INFO  | DNAudit | user=null | ip=null | op=WRITE_CHUNK {blockData=conID: 1 locID: 102654967328997964 bcsId: 0} | ret=SUCCESS |  
2019-08-21 12:28:12,704 | INFO  | DNAudit | user=null | ip=null | op=WRITE_CHUNK {blockData=conID: 1 locID: 102654967328997964 bcsId: 0} | ret=SUCCESS |  
2019-08-21 12:28:12,705 | INFO  | DNAudit | user=null | ip=null | op=WRITE_CHUNK {blockData=conID: 1 locID: 102654967328997964 bcsId: 0} | ret=SUCCESS |  
2019-08-21 12:28:12,705 | INFO  | DNAudit | user=null | ip=null | op=WRITE_CHUNK {blockData=conID: 1 locID: 102654967328997964 bcsId: 0} | ret=SUCCESS |  
2019-08-21 12:28:12,736 | INFO  | DNAudit | user=null | ip=null | op=WRITE_CHUNK {blockData=conID: 1 locID: 102654967328997964 bcsId: 0} | ret=SUCCESS |  
2019-08-21 12:28:12,737 | INFO  | DNAudit | user=null | ip=null | op=PUT_BLOCK {blockData=[blockId=conID: 1 locID: 102654967328997964 bcsId: 0,size=1048576]} | ret=SUCCESS |  
2019-08-21 12:28:12,737 [grpc-default-executor-1] INFO  client.GrpcClientProtocolClient (GrpcClientProtocolClient.java:onNext(255)) - client-C954105195FD->270584e6-a4a8-4db5-8151-214655ce1a56: receive RaftClientReply:client-C954105195FD->270584e6-a4a8-4db5-8151-214655ce1a56@group-787F5BA3AA67, cid=2440, SUCCESS, logIndex=3622, commits[270584e6-a4a8-4db5-8151-214655ce1a56:c3624, af078b8b-61ec-497f-9506-472d46a72462:c3621, 09fb9ab4-1b8d-44c0-9f8c-50855c6f1fed:c3621]
2019-08-21 12:28:12,738 | INFO  | DNAudit | user=null | ip=null | op=WRITE_CHUNK {blockData=conID: 1 locID: 102654967328997964 bcsId: 0} | ret=SUCCESS |  
2019-08-21 12:28:12,738 [grpc-default-executor-1] INFO  client.GrpcClientProtocolClient (GrpcClientProtocolClient.java:onNext(255)) - client-C954105195FD->270584e6-a4a8-4db5-8151-214655ce1a56: receive RaftClientReply:client-C954105195FD->270584e6-a4a8-4db5-8151-214655ce1a56@group-787F5BA3AA67, cid=2441, SUCCESS, logIndex=3623, commits[270584e6-a4a8-4db5-8151-214655ce1a56:c3625, af078b8b-61ec-497f-9506-472d46a72462:c3621, 09fb9ab4-1b8d-44c0-9f8c-50855c6f1fed:c3621]
2019-08-21 12:28:12,738 | INFO  | DNAudit | user=null | ip=null | op=PUT_BLOCK {blockData=[blockId=conID: 1 locID: 102654967328997964 bcsId: 0,size=2097152]} | ret=SUCCESS |  
2019-08-21 12:28:12,738 [grpc-default-executor-1] INFO  client.GrpcClientProtocolClient (GrpcClientProtocolClient.java:onNext(255)) - client-C954105195FD->270584e6-a4a8-4db5-8151-214655ce1a56: receive RaftClientReply:client-C954105195FD->270584e6-a4a8-4db5-8151-214655ce1a56@group-787F5BA3AA67, cid=2442, SUCCESS, logIndex=3624, commits[270584e6-a4a8-4db5-8151-214655ce1a56:c3625, af078b8b-61ec-497f-9506-472d46a72462:c3621, 09fb9ab4-1b8d-44c0-9f8c-50855c6f1fed:c3621]
2019-08-21 12:28:12,739 [grpc-default-executor-1] INFO  client.GrpcClientProtocolClient (GrpcClientProtocolClient.java:onNext(255)) - client-C954105195FD->270584e6-a4a8-4db5-8151-214655ce1a56: receive RaftClientReply:client-C954105195FD->270584e6-a4a8-4db5-8151-214655ce1a56@group-787F5BA3AA67, cid=2443, SUCCESS, logIndex=3625, commits[270584e6-a4a8-4db5-8151-214655ce1a56:c3625, af078b8b-61ec-497f-9506-472d46a72462:c3621, 09fb9ab4-1b8d-44c0-9f8c-50855c6f1fed:c3621]
2019-08-21 12:28:12,748 | INFO  | DNAudit | user=null | ip=null | op=WRITE_CHUNK {blockData=conID: 1 locID: 102654967328997964 bcsId: 0} | ret=SUCCESS |  
2019-08-21 12:28:12,751 | INFO  | DNAudit | user=null | ip=null | op=WRITE_CHUNK {blockData=conID: 1 locID: 102654967328997964 bcsId: 0} | ret=SUCCESS |  
2019-08-21 12:28:12,751 | INFO  | DNAudit | user=null | ip=null | op=PUT_BLOCK {blockData=[blockId=conID: 1 locID: 102654967328997964 bcsId: 0,size=1048576]} | ret=SUCCESS |  
2019-08-21 12:28:12,752 | INFO  | DNAudit | user=null | ip=null | op=WRITE_CHUNK {blockData=conID: 1 locID: 102654967328997964 bcsId: 0} | ret=SUCCESS |  
2019-08-21 12:28:12,752 | INFO  | DNAudit | user=null | ip=null | op=PUT_BLOCK {blockData=[blockId=conID: 1 locID: 102654967328997964 bcsId: 0,size=1048576]} | ret=SUCCESS |  
2019-08-21 12:28:12,752 | INFO  | DNAudit | user=null | ip=null | op=PUT_BLOCK {blockData=[blockId=conID: 1 locID: 102654967328997964 bcsId: 0,size=2097152]} | ret=SUCCESS |  
2019-08-21 12:28:12,752 | INFO  | DNAudit | user=null | ip=null | op=WRITE_CHUNK {blockData=conID: 1 locID: 102654967328997964 bcsId: 0} | ret=SUCCESS |  
2019-08-21 12:28:12,752 | INFO  | DNAudit | user=null | ip=null | op=PUT_BLOCK {blockData=[blockId=conID: 1 locID: 102654967328997964 bcsId: 0,size=2097152]} | ret=SUCCESS |  
2019-08-21 12:28:12,753 [grpc-default-executor-1] INFO  client.GrpcClientProtocolClient (GrpcClientProtocolClient.java:onNext(255)) - client-C954105195FD->270584e6-a4a8-4db5-8151-214655ce1a56: receive RaftClientReply:client-C954105195FD->270584e6-a4a8-4db5-8151-214655ce1a56@group-787F5BA3AA67, cid=2444, SUCCESS, logIndex=0, commits[270584e6-a4a8-4db5-8151-214655ce1a56:c3629, af078b8b-61ec-497f-9506-472d46a72462:c3625, 09fb9ab4-1b8d-44c0-9f8c-50855c6f1fed:c3624]
2019-08-21 12:28:12,760 | INFO  | DNAudit | user=null | ip=null | op=WRITE_CHUNK {blockData=conID: 1 locID: 102654967328997964 bcsId: 3625} | ret=SUCCESS |  
2019-08-21 12:28:12,762 | INFO  | DNAudit | user=null | ip=null | op=WRITE_CHUNK {blockData=conID: 1 locID: 102654967328997964 bcsId: 3625} | ret=SUCCESS |  
2019-08-21 12:28:12,763 | INFO  | DNAudit | user=null | ip=null | op=WRITE_CHUNK {blockData=conID: 1 locID: 102654967328997964 bcsId: 3625} | ret=SUCCESS |  
2019-08-21 12:28:12,772 | INFO  | DNAudit | user=null | ip=null | op=WRITE_CHUNK {blockData=conID: 1 locID: 102654967328997964 bcsId: 3625} | ret=SUCCESS |  
2019-08-21 12:28:12,772 | INFO  | DNAudit | user=null | ip=null | op=PUT_BLOCK {blockData=[blockId=conID: 1 locID: 102654967328997964 bcsId: 0,size=3145728]} | ret=SUCCESS |  
2019-08-21 12:28:12,772 [grpc-default-executor-4] INFO  client.GrpcClientProtocolClient (GrpcClientProtocolClient.java:onNext(255)) - client-C954105195FD->270584e6-a4a8-4db5-8151-214655ce1a56: receive RaftClientReply:client-C954105195FD->270584e6-a4a8-4db5-8151-214655ce1a56@group-787F5BA3AA67, cid=2445, SUCCESS, logIndex=3630, commits[270584e6-a4a8-4db5-8151-214655ce1a56:c3631, af078b8b-61ec-497f-9506-472d46a72462:c3629, 09fb9ab4-1b8d-44c0-9f8c-50855c6f1fed:c3629]
2019-08-21 12:28:12,773 [grpc-default-executor-4] INFO  client.GrpcClientProtocolClient (GrpcClientProtocolClient.java:onNext(255)) - client-C954105195FD->270584e6-a4a8-4db5-8151-214655ce1a56: receive RaftClientReply:client-C954105195FD->270584e6-a4a8-4db5-8151-214655ce1a56@group-787F5BA3AA67, cid=2446, SUCCESS, logIndex=3631, commits[270584e6-a4a8-4db5-8151-214655ce1a56:c3631, af078b8b-61ec-497f-9506-472d46a72462:c3629, 09fb9ab4-1b8d-44c0-9f8c-50855c6f1fed:c3629]
2019-08-21 12:28:12,780 | INFO  | DNAudit | user=null | ip=null | op=WRITE_CHUNK {blockData=conID: 1 locID: 102654967328997964 bcsId: 3631} | ret=SUCCESS |  
2019-08-21 12:28:12,782 | INFO  | DNAudit | user=null | ip=null | op=WRITE_CHUNK {blockData=conID: 1 locID: 102654967328997964 bcsId: 3631} | ret=SUCCESS |  
2019-08-21 12:28:12,783 | INFO  | DNAudit | user=null | ip=null | op=WRITE_CHUNK {blockData=conID: 1 locID: 102654967328997964 bcsId: 3631} | ret=SUCCESS |  
2019-08-21 12:28:12,784 | INFO  | DNAudit | user=null | ip=null | op=WRITE_CHUNK {blockData=conID: 1 locID: 102654967328997964 bcsId: 3625} | ret=SUCCESS |  
2019-08-21 12:28:12,784 | INFO  | DNAudit | user=null | ip=null | op=WRITE_CHUNK {blockData=conID: 1 locID: 102654967328997964 bcsId: 3625} | ret=SUCCESS |  
2019-08-21 12:28:12,785 | INFO  | DNAudit | user=null | ip=null | op=PUT_BLOCK {blockData=[blockId=conID: 1 locID: 102654967328997964 bcsId: 0,size=3145728]} | ret=SUCCESS |  
2019-08-21 12:28:12,785 | INFO  | DNAudit | user=null | ip=null | op=PUT_BLOCK {blockData=[blockId=conID: 1 locID: 102654967328997964 bcsId: 0,size=3145728]} | ret=SUCCESS |  
2019-08-21 12:28:12,785 | INFO  | DNAudit | user=null | ip=null | op=WRITE_CHUNK {blockData=conID: 1 locID: 102654967328997964 bcsId: 3631} | ret=SUCCESS |  
2019-08-21 12:28:12,786 | INFO  | DNAudit | user=null | ip=null | op=PUT_BLOCK {blockData=[blockId=conID: 1 locID: 102654967328997964 bcsId: 0,size=4194304]} | ret=SUCCESS |  
2019-08-21 12:28:12,786 [grpc-default-executor-4] INFO  client.GrpcClientProtocolClient (GrpcClientProtocolClient.java:onNext(255)) - client-C954105195FD->270584e6-a4a8-4db5-8151-214655ce1a56: receive RaftClientReply:client-C954105195FD->270584e6-a4a8-4db5-8151-214655ce1a56@group-787F5BA3AA67, cid=2447, SUCCESS, logIndex=3634, commits[270584e6-a4a8-4db5-8151-214655ce1a56:c3635, af078b8b-61ec-497f-9506-472d46a72462:c3631, 09fb9ab4-1b8d-44c0-9f8c-50855c6f1fed:c3631]
2019-08-21 12:28:12,786 [grpc-default-executor-4] INFO  client.GrpcClientProtocolClient (GrpcClientProtocolClient.java:onNext(255)) - client-C954105195FD->270584e6-a4a8-4db5-8151-214655ce1a56: receive RaftClientReply:client-C954105195FD->270584e6-a4a8-4db5-8151-214655ce1a56@group-787F5BA3AA67, cid=2448, SUCCESS, logIndex=3635, commits[270584e6-a4a8-4db5-8151-214655ce1a56:c3635, af078b8b-61ec-497f-9506-472d46a72462:c3631, 09fb9ab4-1b8d-44c0-9f8c-50855c6f1fed:c3631]
2019-08-21 12:28:12,797 | INFO  | DNAudit | user=null | ip=null | op=WRITE_CHUNK {blockData=conID: 1 locID: 102654967328997964 bcsId: 3631} | ret=SUCCESS |  
2019-08-21 12:28:12,797 | INFO  | DNAudit | user=null | ip=null | op=WRITE_CHUNK {blockData=conID: 1 locID: 102654967328997964 bcsId: 3631} | ret=SUCCESS |  
2019-08-21 12:28:12,797 | INFO  | DNAudit | user=null | ip=null | op=PUT_BLOCK {blockData=[blockId=conID: 1 locID: 102654967328997964 bcsId: 0,size=4194304]} | ret=SUCCESS |  
2019-08-21 12:28:12,797 | INFO  | DNAudit | user=null | ip=null | op=PUT_BLOCK {blockData=[blockId=conID: 1 locID: 102654967328997964 bcsId: 0,size=4194304]} | ret=SUCCESS |  
2019-08-21 12:28:12,798 [grpc-default-executor-5] INFO  client.GrpcClientProtocolClient (GrpcClientProtocolClient.java:onNext(255)) - client-C954105195FD->270584e6-a4a8-4db5-8151-214655ce1a56: receive RaftClientReply:client-C954105195FD->270584e6-a4a8-4db5-8151-214655ce1a56@group-787F5BA3AA67, cid=2449, SUCCESS, logIndex=0, commits[270584e6-a4a8-4db5-8151-214655ce1a56:c3636, af078b8b-61ec-497f-9506-472d46a72462:c3635, 09fb9ab4-1b8d-44c0-9f8c-50855c6f1fed:c3635]
2019-08-21 12:28:12,804 | INFO  | SCMAudit | user=jenkins1000 | ip=192.168.34.23 | op=ALLOCATE_BLOCK {owner=b79f83c9-5f7d-4caf-af30-78af34bc5eea, size=4194304, type=RATIS, factor=THREE} | ret=SUCCESS |  
2019-08-21 12:28:12,807 | INFO  | OMAudit | user=jenkins1000 | ip=127.0.0.1 | op=ALLOCATE_BLOCK {volume=vol-0-06517, bucket=bucket-0-64549, key=key-0-34512, dataSize=0, replicationType=null, replicationFactor=null, keyLocationInfo=null, clientID=102654965997830546} | ret=SUCCESS |  
2019-08-21 12:28:12,814 | INFO  | DNAudit | user=null | ip=null | op=WRITE_CHUNK {blockData=conID: 2 locID: 102654967336337997 bcsId: 0} | ret=SUCCESS |  
2019-08-21 12:28:12,817 | INFO  | DNAudit | user=null | ip=null | op=WRITE_CHUNK {blockData=conID: 2 locID: 102654967336337997 bcsId: 0} | ret=SUCCESS |  
2019-08-21 12:28:12,818 | INFO  | DNAudit | user=null | ip=null | op=WRITE_CHUNK {blockData=conID: 2 locID: 102654967336337997 bcsId: 0} | ret=SUCCESS |  
2019-08-21 12:28:12,818 | INFO  | DNAudit | user=null | ip=null | op=WRITE_CHUNK {blockData=conID: 2 locID: 102654967336337997 bcsId: 0} | ret=SUCCESS |  
2019-08-21 12:28:12,819 | INFO  | DNAudit | user=null | ip=null | op=WRITE_CHUNK {blockData=conID: 2 locID: 102654967336337997 bcsId: 0} | ret=SUCCESS |  
2019-08-21 12:28:12,820 | INFO  | DNAudit | user=null | ip=null | op=WRITE_CHUNK {blockData=conID: 2 locID: 102654967336337997 bcsId: 0} | ret=SUCCESS |  
2019-08-21 12:28:12,827 | INFO  | DNAudit | user=null | ip=null | op=WRITE_CHUNK {blockData=conID: 2 locID: 102654967336337997 bcsId: 0} | ret=SUCCESS |  
2019-08-21 12:28:12,827 | INFO  | DNAudit | user=null | ip=null | op=PUT_BLOCK {blockData=[blockId=conID: 2 locID: 102654967336337997 bcsId: 0,size=1048576]} | ret=SUCCESS |  
2019-08-21 12:28:12,827 [grpc-default-executor-1] INFO  client.GrpcClientProtocolClient (GrpcClientProtocolClient.java:onNext(255)) - client-C954105195FD->270584e6-a4a8-4db5-8151-214655ce1a56: receive RaftClientReply:client-C954105195FD->270584e6-a4a8-4db5-8151-214655ce1a56@group-787F5BA3AA67, cid=2450, SUCCESS, logIndex=3638, commits[270584e6-a4a8-4db5-8151-214655ce1a56:c3639, af078b8b-61ec-497f-9506-472d46a72462:c3637, 09fb9ab4-1b8d-44c0-9f8c-50855c6f1fed:c3637]
2019-08-21 12:28:12,828 [grpc-default-executor-1] INFO  client.GrpcClientProtocolClient (GrpcClientProtocolClient.java:onNext(255)) - client-C954105195FD->270584e6-a4a8-4db5-8151-214655ce1a56: receive RaftClientReply:client-C954105195FD->270584e6-a4a8-4db5-8151-214655ce1a56@group-787F5BA3AA67, cid=2451, SUCCESS, logIndex=3639, commits[270584e6-a4a8-4db5-8151-214655ce1a56:c3639, af078b8b-61ec-497f-9506-472d46a72462:c3637, 09fb9ab4-1b8d-44c0-9f8c-50855c6f1fed:c3637]
2019-08-21 12:28:12,829 | INFO  | DNAudit | user=null | ip=null | op=WRITE_CHUNK {blockData=conID: 2 locID: 102654967336337997 bcsId: 0} | ret=SUCCESS |  
2019-08-21 12:28:12,829 | INFO  | DNAudit | user=null | ip=null | op=PUT_BLOCK {blockData=[blockId=conID: 2 locID: 102654967336337997 bcsId: 0,size=2097152]} | ret=SUCCESS |  
2019-08-21 12:28:12,830 [grpc-default-executor-1] INFO  client.GrpcClientProtocolClient (GrpcClientProtocolClient.java:onNext(255)) - client-C954105195FD->270584e6-a4a8-4db5-8151-214655ce1a56: receive RaftClientReply:client-C954105195FD->270584e6-a4a8-4db5-8151-214655ce1a56@group-787F5BA3AA67, cid=2452, SUCCESS, logIndex=3640, commits[270584e6-a4a8-4db5-8151-214655ce1a56:c3641, af078b8b-61ec-497f-9506-472d46a72462:c3637, 09fb9ab4-1b8d-44c0-9f8c-50855c6f1fed:c3637]
2019-08-21 12:28:12,830 [grpc-default-executor-1] INFO  client.GrpcClientProtocolClient (GrpcClientProtocolClient.java:onNext(255)) - client-C954105195FD->270584e6-a4a8-4db5-8151-214655ce1a56: receive RaftClientReply:client-C954105195FD->270584e6-a4a8-4db5-8151-214655ce1a56@group-787F5BA3AA67, cid=2453, SUCCESS, logIndex=3641, commits[270584e6-a4a8-4db5-8151-214655ce1a56:c3641, af078b8b-61ec-497f-9506-472d46a72462:c3637, 09fb9ab4-1b8d-44c0-9f8c-50855c6f1fed:c3637]
2019-08-21 12:28:12,842 | INFO  | DNAudit | user=null | ip=null | op=WRITE_CHUNK {blockData=conID: 2 locID: 102654967336337997 bcsId: 0} | ret=SUCCESS |  
2019-08-21 12:28:12,842 | INFO  | DNAudit | user=null | ip=null | op=PUT_BLOCK {blockData=[blockId=conID: 2 locID: 102654967336337997 bcsId: 0,size=1048576]} | ret=SUCCESS |  
2019-08-21 12:28:12,853 | INFO  | DNAudit | user=null | ip=null | op=WRITE_CHUNK {blockData=conID: 2 locID: 102654967336337997 bcsId: 0} | ret=SUCCESS |  
2019-08-21 12:28:12,853 | INFO  | DNAudit | user=null | ip=null | op=PUT_BLOCK {blockData=[blockId=conID: 2 locID: 102654967336337997 bcsId: 0,size=1048576]} | ret=SUCCESS |  
2019-08-21 12:28:12,853 | INFO  | DNAudit | user=null | ip=null | op=WRITE_CHUNK {blockData=conID: 2 locID: 102654967336337997 bcsId: 0} | ret=SUCCESS |  
2019-08-21 12:28:12,853 | INFO  | DNAudit | user=null | ip=null | op=PUT_BLOCK {blockData=[blockId=conID: 2 locID: 102654967336337997 bcsId: 0,size=2097152]} | ret=SUCCESS |  
2019-08-21 12:28:12,853 [grpc-default-executor-1] INFO  client.GrpcClientProtocolClient (GrpcClientProtocolClient.java:onNext(255)) - client-C954105195FD->270584e6-a4a8-4db5-8151-214655ce1a56: receive RaftClientReply:client-C954105195FD->270584e6-a4a8-4db5-8151-214655ce1a56@group-787F5BA3AA67, cid=2454, SUCCESS, logIndex=0, commits[270584e6-a4a8-4db5-8151-214655ce1a56:c3642, af078b8b-61ec-497f-9506-472d46a72462:c3639, 09fb9ab4-1b8d-44c0-9f8c-50855c6f1fed:c3639]
2019-08-21 12:28:12,854 | INFO  | DNAudit | user=null | ip=null | op=WRITE_CHUNK {blockData=conID: 2 locID: 102654967336337997 bcsId: 0} | ret=SUCCESS |  
2019-08-21 12:28:12,855 | INFO  | DNAudit | user=null | ip=null | op=PUT_BLOCK {blockData=[blockId=conID: 2 locID: 102654967336337997 bcsId: 0,size=2097152]} | ret=SUCCESS |  
2019-08-21 12:28:12,861 | INFO  | DNAudit | user=null | ip=null | op=WRITE_CHUNK {blockData=conID: 2 locID: 102654967336337997 bcsId: 3641} | ret=SUCCESS |  
2019-08-21 12:28:12,863 | INFO  | DNAudit | user=null | ip=null | op=WRITE_CHUNK {blockData=conID: 2 locID: 102654967336337997 bcsId: 3641} | ret=SUCCESS |  
2019-08-21 12:28:12,864 | INFO  | DNAudit | user=null | ip=null | op=WRITE_CHUNK {blockData=conID: 2 locID: 102654967336337997 bcsId: 3641} | ret=SUCCESS |  
2019-08-21 12:28:12,875 | INFO  | DNAudit | user=null | ip=null | op=WRITE_CHUNK {blockData=conID: 2 locID: 102654967336337997 bcsId: 3641} | ret=SUCCESS |  
2019-08-21 12:28:12,875 | INFO  | DNAudit | user=null | ip=null | op=PUT_BLOCK {blockData=[blockId=conID: 2 locID: 102654967336337997 bcsId: 0,size=3145728]} | ret=SUCCESS |  
2019-08-21 12:28:12,876 [grpc-default-executor-5] INFO  client.GrpcClientProtocolClient (GrpcClientProtocolClient.java:onNext(255)) - client-C954105195FD->270584e6-a4a8-4db5-8151-214655ce1a56: receive RaftClientReply:client-C954105195FD->270584e6-a4a8-4db5-8151-214655ce1a56@group-787F5BA3AA67, cid=2455, SUCCESS, logIndex=3646, commits[270584e6-a4a8-4db5-8151-214655ce1a56:c3647, af078b8b-61ec-497f-9506-472d46a72462:c3645, 09fb9ab4-1b8d-44c0-9f8c-50855c6f1fed:c3645]
2019-08-21 12:28:12,876 [grpc-default-executor-5] INFO  client.GrpcClientProtocolClient (GrpcClientProtocolClient.java:onNext(255)) - client-C954105195FD->270584e6-a4a8-4db5-8151-214655ce1a56: receive RaftClientReply:client-C954105195FD->270584e6-a4a8-4db5-8151-214655ce1a56@group-787F5BA3AA67, cid=2456, SUCCESS, logIndex=3647, commits[270584e6-a4a8-4db5-8151-214655ce1a56:c3647, af078b8b-61ec-497f-9506-472d46a72462:c3645, 09fb9ab4-1b8d-44c0-9f8c-50855c6f1fed:c3645]
2019-08-21 12:28:12,883 | INFO  | DNAudit | user=null | ip=null | op=WRITE_CHUNK {blockData=conID: 2 locID: 102654967336337997 bcsId: 3647} | ret=SUCCESS |  
2019-08-21 12:28:12,885 | INFO  | DNAudit | user=null | ip=null | op=WRITE_CHUNK {blockData=conID: 2 locID: 102654967336337997 bcsId: 3647} | ret=SUCCESS |  
2019-08-21 12:28:12,885 | INFO  | DNAudit | user=null | ip=null | op=WRITE_CHUNK {blockData=conID: 2 locID: 102654967336337997 bcsId: 3647} | ret=SUCCESS |  
2019-08-21 12:28:12,888 | INFO  | DNAudit | user=null | ip=null | op=WRITE_CHUNK {blockData=conID: 2 locID: 102654967336337997 bcsId: 3641} | ret=SUCCESS |  
2019-08-21 12:28:12,888 | INFO  | DNAudit | user=null | ip=null | op=WRITE_CHUNK {blockData=conID: 2 locID: 102654967336337997 bcsId: 3641} | ret=SUCCESS |  
2019-08-21 12:28:12,901 | INFO  | DNAudit | user=null | ip=null | op=PUT_BLOCK {blockData=[blockId=conID: 2 locID: 102654967336337997 bcsId: 0,size=3145728]} | ret=SUCCESS |  
2019-08-21 12:28:12,901 | INFO  | DNAudit | user=null | ip=null | op=PUT_BLOCK {blockData=[blockId=conID: 2 locID: 102654967336337997 bcsId: 0,size=3145728]} | ret=SUCCESS |  
2019-08-21 12:28:12,901 | INFO  | DNAudit | user=null | ip=null | op=WRITE_CHUNK {blockData=conID: 2 locID: 102654967336337997 bcsId: 3647} | ret=SUCCESS |  
2019-08-21 12:28:12,902 | INFO  | DNAudit | user=null | ip=null | op=PUT_BLOCK {blockData=[blockId=conID: 2 locID: 102654967336337997 bcsId: 0,size=4194304]} | ret=SUCCESS |  
2019-08-21 12:28:12,902 [grpc-default-executor-1] INFO  client.GrpcClientProtocolClient (GrpcClientProtocolClient.java:onNext(255)) - client-C954105195FD->270584e6-a4a8-4db5-8151-214655ce1a56: receive RaftClientReply:client-C954105195FD->270584e6-a4a8-4db5-8151-214655ce1a56@group-787F5BA3AA67, cid=2457, SUCCESS, logIndex=3650, commits[270584e6-a4a8-4db5-8151-214655ce1a56:c3651, af078b8b-61ec-497f-9506-472d46a72462:c3647, 09fb9ab4-1b8d-44c0-9f8c-50855c6f1fed:c3647]
2019-08-21 12:28:12,902 [grpc-default-executor-1] INFO  client.GrpcClientProtocolClient (GrpcClientProtocolClient.java:onNext(255)) - client-C954105195FD->270584e6-a4a8-4db5-8151-214655ce1a56: receive RaftClientReply:client-C954105195FD->270584e6-a4a8-4db5-8151-214655ce1a56@group-787F5BA3AA67, cid=2458, SUCCESS, logIndex=3651, commits[270584e6-a4a8-4db5-8151-214655ce1a56:c3651, af078b8b-61ec-497f-9506-472d46a72462:c3647, 09fb9ab4-1b8d-44c0-9f8c-50855c6f1fed:c3647]
2019-08-21 12:28:12,915 | INFO  | DNAudit | user=null | ip=null | op=WRITE_CHUNK {blockData=conID: 2 locID: 102654967336337997 bcsId: 3647} | ret=SUCCESS |  
2019-08-21 12:28:12,915 | INFO  | DNAudit | user=null | ip=null | op=WRITE_CHUNK {blockData=conID: 2 locID: 102654967336337997 bcsId: 3647} | ret=SUCCESS |  
2019-08-21 12:28:12,915 | INFO  | DNAudit | user=null | ip=null | op=PUT_BLOCK {blockData=[blockId=conID: 2 locID: 102654967336337997 bcsId: 0,size=4194304]} | ret=SUCCESS |  
2019-08-21 12:28:12,915 | INFO  | DNAudit | user=null | ip=null | op=PUT_BLOCK {blockData=[blockId=conID: 2 locID: 102654967336337997 bcsId: 0,size=4194304]} | ret=SUCCESS |  
2019-08-21 12:28:12,915 [grpc-default-executor-1] INFO  client.GrpcClientProtocolClient (GrpcClientProtocolClient.java:onNext(255)) - client-C954105195FD->270584e6-a4a8-4db5-8151-214655ce1a56: receive RaftClientReply:client-C954105195FD->270584e6-a4a8-4db5-8151-214655ce1a56@group-787F5BA3AA67, cid=2459, SUCCESS, logIndex=0, commits[270584e6-a4a8-4db5-8151-214655ce1a56:c3652, af078b8b-61ec-497f-9506-472d46a72462:c3651, 09fb9ab4-1b8d-44c0-9f8c-50855c6f1fed:c3651]
2019-08-21 12:28:12,921 | INFO  | SCMAudit | user=jenkins1000 | ip=192.168.34.23 | op=ALLOCATE_BLOCK {owner=b79f83c9-5f7d-4caf-af30-78af34bc5eea, size=4194304, type=RATIS, factor=THREE} | ret=SUCCESS |  
2019-08-21 12:28:12,924 | INFO  | OMAudit | user=jenkins1000 | ip=127.0.0.1 | op=ALLOCATE_BLOCK {volume=vol-0-06517, bucket=bucket-0-64549, key=key-0-34512, dataSize=0, replicationType=null, replicationFactor=null, keyLocationInfo=null, clientID=102654965997830546} | ret=SUCCESS |  
2019-08-21 12:28:12,932 | INFO  | DNAudit | user=null | ip=null | op=WRITE_CHUNK {blockData=conID: 3 locID: 102654967344071246 bcsId: 0} | ret=SUCCESS |  
2019-08-21 12:28:12,935 | INFO  | DNAudit | user=null | ip=null | op=WRITE_CHUNK {blockData=conID: 3 locID: 102654967344071246 bcsId: 0} | ret=SUCCESS |  
2019-08-21 12:28:12,936 | INFO  | DNAudit | user=null | ip=null | op=WRITE_CHUNK {blockData=conID: 3 locID: 102654967344071246 bcsId: 0} | ret=SUCCESS |  
2019-08-21 12:28:12,936 | INFO  | DNAudit | user=null | ip=null | op=WRITE_CHUNK {blockData=conID: 3 locID: 102654967344071246 bcsId: 0} | ret=SUCCESS |  
2019-08-21 12:28:12,938 | INFO  | DNAudit | user=null | ip=null | op=WRITE_CHUNK {blockData=conID: 3 locID: 102654967344071246 bcsId: 0} | ret=SUCCESS |  
2019-08-21 12:28:12,938 | INFO  | DNAudit | user=null | ip=null | op=WRITE_CHUNK {blockData=conID: 3 locID: 102654967344071246 bcsId: 0} | ret=SUCCESS |  
2019-08-21 12:28:12,950 | INFO  | SCMAudit | user=jenkins1000 | ip=192.168.34.23 | op=SEND_HEARTBEAT {datanodeUUID=af078b8b-61ec-497f-9506-472d46a72462, command=[]} | ret=SUCCESS |  
2019-08-21 12:28:12,951 | INFO  | SCMAudit | user=jenkins1000 | ip=192.168.34.23 | op=SEND_HEARTBEAT {datanodeUUID=09fb9ab4-1b8d-44c0-9f8c-50855c6f1fed, command=[]} | ret=SUCCESS |  
2019-08-21 12:28:12,952 | INFO  | SCMAudit | user=jenkins1000 | ip=192.168.34.23 | op=SEND_HEARTBEAT {datanodeUUID=270584e6-a4a8-4db5-8151-214655ce1a56, command=[]} | ret=SUCCESS |  
 0.00% |█                                                                                                    |  0/1 Time: 0:00:202019-08-21 12:28:12,953 | INFO  | DNAudit | user=null | ip=null | op=WRITE_CHUNK {blockData=conID: 3 locID: 102654967344071246 bcsId: 0} | ret=SUCCESS |  
2019-08-21 12:28:12,954 | INFO  | DNAudit | user=null | ip=null | op=PUT_BLOCK {blockData=[blockId=conID: 3 locID: 102654967344071246 bcsId: 0,size=1048576]} | ret=SUCCESS |  
2019-08-21 12:28:12,954 [grpc-default-executor-1] INFO  client.GrpcClientProtocolClient (GrpcClientProtocolClient.java:onNext(255)) - client-C954105195FD->270584e6-a4a8-4db5-8151-214655ce1a56: receive RaftClientReply:client-C954105195FD->270584e6-a4a8-4db5-8151-214655ce1a56@group-787F5BA3AA67, cid=2460, SUCCESS, logIndex=3654, commits[270584e6-a4a8-4db5-8151-214655ce1a56:c3655, af078b8b-61ec-497f-9506-472d46a72462:c3653, 09fb9ab4-1b8d-44c0-9f8c-50855c6f1fed:c3653]
2019-08-21 12:28:12,954 | INFO  | DNAudit | user=null | ip=null | op=WRITE_CHUNK {blockData=conID: 3 locID: 102654967344071246 bcsId: 0} | ret=SUCCESS |  
2019-08-21 12:28:12,955 | INFO  | DNAudit | user=null | ip=null | op=PUT_BLOCK {blockData=[blockId=conID: 3 locID: 102654967344071246 bcsId: 0,size=2097152]} | ret=SUCCESS |  
2019-08-21 12:28:12,955 [grpc-default-executor-1] INFO  client.GrpcClientProtocolClient (GrpcClientProtocolClient.java:onNext(255)) - client-C954105195FD->270584e6-a4a8-4db5-8151-214655ce1a56: receive RaftClientReply:client-C954105195FD->270584e6-a4a8-4db5-8151-214655ce1a56@group-787F5BA3AA67, cid=2461, SUCCESS, logIndex=3655, commits[270584e6-a4a8-4db5-8151-214655ce1a56:c3657, af078b8b-61ec-497f-9506-472d46a72462:c3653, 09fb9ab4-1b8d-44c0-9f8c-50855c6f1fed:c3653]
2019-08-21 12:28:12,955 [grpc-default-executor-1] INFO  client.GrpcClientProtocolClient (GrpcClientProtocolClient.java:onNext(255)) - client-C954105195FD->270584e6-a4a8-4db5-8151-214655ce1a56: receive RaftClientReply:client-C954105195FD->270584e6-a4a8-4db5-8151-214655ce1a56@group-787F5BA3AA67, cid=2462, SUCCESS, logIndex=3656, commits[270584e6-a4a8-4db5-8151-214655ce1a56:c3657, af078b8b-61ec-497f-9506-472d46a72462:c3653, 09fb9ab4-1b8d-44c0-9f8c-50855c6f1fed:c3653]
2019-08-21 12:28:12,955 [grpc-default-executor-1] INFO  client.GrpcClientProtocolClient (GrpcClientProtocolClient.java:onNext(255)) - client-C954105195FD->270584e6-a4a8-4db5-8151-214655ce1a56: receive RaftClientReply:client-C954105195FD->270584e6-a4a8-4db5-8151-214655ce1a56@group-787F5BA3AA67, cid=2463, SUCCESS, logIndex=3657, commits[270584e6-a4a8-4db5-8151-214655ce1a56:c3657, af078b8b-61ec-497f-9506-472d46a72462:c3653, 09fb9ab4-1b8d-44c0-9f8c-50855c6f1fed:c3653]
2019-08-21 12:28:12,957 | INFO  | DNAudit | user=null | ip=null | op=WRITE_CHUNK {blockData=conID: 3 locID: 102654967344071246 bcsId: 0} | ret=SUCCESS |  
2019-08-21 12:28:12,957 | INFO  | DNAudit | user=null | ip=null | op=PUT_BLOCK {blockData=[blockId=conID: 3 locID: 102654967344071246 bcsId: 0,size=1048576]} | ret=SUCCESS |  
2019-08-21 12:28:12,959 | INFO  | DNAudit | user=null | ip=null | op=WRITE_CHUNK {blockData=conID: 3 locID: 102654967344071246 bcsId: 0} | ret=SUCCESS |  
2019-08-21 12:28:12,959 | INFO  | DNAudit | user=null | ip=null | op=PUT_BLOCK {blockData=[blockId=conID: 3 locID: 102654967344071246 bcsId: 0,size=1048576]} | ret=SUCCESS |  
2019-08-21 12:28:12,960 | INFO  | DNAudit | user=null | ip=null | op=WRITE_CHUNK {blockData=conID: 3 locID: 102654967344071246 bcsId: 0} | ret=SUCCESS |  
2019-08-21 12:28:12,960 [grpc-default-executor-1] INFO  client.GrpcClientProtocolClient (GrpcClientProtocolClient.java:onNext(255)) - client-C954105195FD->270584e6-a4a8-4db5-8151-214655ce1a56: receive RaftClientReply:client-C954105195FD->270584e6-a4a8-4db5-8151-214655ce1a56@group-787F5BA3AA67, cid=2464, SUCCESS, logIndex=0, commits[270584e6-a4a8-4db5-8151-214655ce1a56:c3659, af078b8b-61ec-497f-9506-472d46a72462:c3655, 09fb9ab4-1b8d-44c0-9f8c-50855c6f1fed:c3655]
2019-08-21 12:28:12,960 | INFO  | DNAudit | user=null | ip=null | op=PUT_BLOCK {blockData=[blockId=conID: 3 locID: 102654967344071246 bcsId: 0,size=2097152]} | ret=SUCCESS |  
2019-08-21 12:28:12,961 | INFO  | DNAudit | user=null | ip=null | op=WRITE_CHUNK {blockData=conID: 3 locID: 102654967344071246 bcsId: 0} | ret=SUCCESS |  
2019-08-21 12:28:12,961 | INFO  | DNAudit | user=null | ip=null | op=PUT_BLOCK {blockData=[blockId=conID: 3 locID: 102654967344071246 bcsId: 0,size=2097152]} | ret=SUCCESS |  
2019-08-21 12:28:12,967 | INFO  | DNAudit | user=null | ip=null | op=WRITE_CHUNK {blockData=conID: 3 locID: 102654967344071246 bcsId: 3657} | ret=SUCCESS |  
2019-08-21 12:28:12,970 | INFO  | DNAudit | user=null | ip=null | op=WRITE_CHUNK {blockData=conID: 3 locID: 102654967344071246 bcsId: 3657} | ret=SUCCESS |  
2019-08-21 12:28:12,970 | INFO  | DNAudit | user=null | ip=null | op=WRITE_CHUNK {blockData=conID: 3 locID: 102654967344071246 bcsId: 3657} | ret=SUCCESS |  
2019-08-21 12:28:12,988 | INFO  | DNAudit | user=null | ip=null | op=WRITE_CHUNK {blockData=conID: 3 locID: 102654967344071246 bcsId: 3657} | ret=SUCCESS |  
2019-08-21 12:28:12,989 | INFO  | DNAudit | user=null | ip=null | op=PUT_BLOCK {blockData=[blockId=conID: 3 locID: 102654967344071246 bcsId: 0,size=3145728]} | ret=SUCCESS |  
2019-08-21 12:28:12,989 [grpc-default-executor-4] INFO  client.GrpcClientProtocolClient (GrpcClientProtocolClient.java:onNext(255)) - client-C954105195FD->270584e6-a4a8-4db5-8151-214655ce1a56: receive RaftClientReply:client-C954105195FD->270584e6-a4a8-4db5-8151-214655ce1a56@group-787F5BA3AA67, cid=2465, SUCCESS, logIndex=3662, commits[270584e6-a4a8-4db5-8151-214655ce1a56:c3663, af078b8b-61ec-497f-9506-472d46a72462:c3661, 09fb9ab4-1b8d-44c0-9f8c-50855c6f1fed:c3661]
2019-08-21 12:28:12,989 [grpc-default-executor-4] INFO  client.GrpcClientProtocolClient (GrpcClientProtocolClient.java:onNext(255)) - client-C954105195FD->270584e6-a4a8-4db5-8151-214655ce1a56: receive RaftClientReply:client-C954105195FD->270584e6-a4a8-4db5-8151-214655ce1a56@group-787F5BA3AA67, cid=2466, SUCCESS, logIndex=3663, commits[270584e6-a4a8-4db5-8151-214655ce1a56:c3663, af078b8b-61ec-497f-9506-472d46a72462:c3661, 09fb9ab4-1b8d-44c0-9f8c-50855c6f1fed:c3661]
2019-08-21 12:28:12,996 | INFO  | DNAudit | user=null | ip=null | op=WRITE_CHUNK {blockData=conID: 3 locID: 102654967344071246 bcsId: 3663} | ret=SUCCESS |  
2019-08-21 12:28:12,999 | INFO  | DNAudit | user=null | ip=null | op=WRITE_CHUNK {blockData=conID: 3 locID: 102654967344071246 bcsId: 3663} | ret=SUCCESS |  
2019-08-21 12:28:12,999 | INFO  | DNAudit | user=null | ip=null | op=WRITE_CHUNK {blockData=conID: 3 locID: 102654967344071246 bcsId: 3663} | ret=SUCCESS |  
2019-08-21 12:28:12,999 | INFO  | DNAudit | user=null | ip=null | op=WRITE_CHUNK {blockData=conID: 3 locID: 102654967344071246 bcsId: 3657} | ret=SUCCESS |  
2019-08-21 12:28:12,999 | INFO  | DNAudit | user=null | ip=null | op=WRITE_CHUNK {blockData=conID: 3 locID: 102654967344071246 bcsId: 3657} | ret=SUCCESS |  
2019-08-21 12:28:13,000 | INFO  | DNAudit | user=null | ip=null | op=PUT_BLOCK {blockData=[blockId=conID: 3 locID: 102654967344071246 bcsId: 0,size=3145728]} | ret=SUCCESS |  
2019-08-21 12:28:13,000 | INFO  | DNAudit | user=null | ip=null | op=PUT_BLOCK {blockData=[blockId=conID: 3 locID: 102654967344071246 bcsId: 0,size=3145728]} | ret=SUCCESS |  
2019-08-21 12:28:13,001 | INFO  | DNAudit | user=null | ip=null | op=WRITE_CHUNK {blockData=conID: 3 locID: 102654967344071246 bcsId: 3663} | ret=SUCCESS |  
2019-08-21 12:28:13,002 | INFO  | DNAudit | user=null | ip=null | op=PUT_BLOCK {blockData=[blockId=conID: 3 locID: 102654967344071246 bcsId: 0,size=4194304]} | ret=SUCCESS |  
2019-08-21 12:28:13,002 [grpc-default-executor-5] INFO  client.GrpcClientProtocolClient (GrpcClientProtocolClient.java:onNext(255)) - client-C954105195FD->270584e6-a4a8-4db5-8151-214655ce1a56: receive RaftClientReply:client-C954105195FD->270584e6-a4a8-4db5-8151-214655ce1a56@group-787F5BA3AA67, cid=2467, SUCCESS, logIndex=3666, commits[270584e6-a4a8-4db5-8151-214655ce1a56:c3667, af078b8b-61ec-497f-9506-472d46a72462:c3663, 09fb9ab4-1b8d-44c0-9f8c-50855c6f1fed:c3663]
2019-08-21 12:28:13,002 [grpc-default-executor-5] INFO  client.GrpcClientProtocolClient (GrpcClientProtocolClient.java:onNext(255)) - client-C954105195FD->270584e6-a4a8-4db5-8151-214655ce1a56: receive RaftClientReply:client-C954105195FD->270584e6-a4a8-4db5-8151-214655ce1a56@group-787F5BA3AA67, cid=2468, SUCCESS, logIndex=3667, commits[270584e6-a4a8-4db5-8151-214655ce1a56:c3667, af078b8b-61ec-497f-9506-472d46a72462:c3663, 09fb9ab4-1b8d-44c0-9f8c-50855c6f1fed:c3663]
2019-08-21 12:28:13,014 | INFO  | DNAudit | user=null | ip=null | op=WRITE_CHUNK {blockData=conID: 3 locID: 102654967344071246 bcsId: 3663} | ret=SUCCESS |  
2019-08-21 12:28:13,016 | INFO  | DNAudit | user=null | ip=null | op=WRITE_CHUNK {blockData=conID: 3 locID: 102654967344071246 bcsId: 3663} | ret=SUCCESS |  
2019-08-21 12:28:13,027 | INFO  | DNAudit | user=null | ip=null | op=PUT_BLOCK {blockData=[blockId=conID: 3 locID: 102654967344071246 bcsId: 0,size=4194304]} | ret=SUCCESS |  
2019-08-21 12:28:13,027 | INFO  | DNAudit | user=null | ip=null | op=PUT_BLOCK {blockData=[blockId=conID: 3 locID: 102654967344071246 bcsId: 0,size=4194304]} | ret=SUCCESS |  
2019-08-21 12:28:13,028 [grpc-default-executor-5] INFO  client.GrpcClientProtocolClient (GrpcClientProtocolClient.java:onNext(255)) - client-C954105195FD->270584e6-a4a8-4db5-8151-214655ce1a56: receive RaftClientReply:client-C954105195FD->270584e6-a4a8-4db5-8151-214655ce1a56@group-787F5BA3AA67, cid=2469, SUCCESS, logIndex=0, commits[270584e6-a4a8-4db5-8151-214655ce1a56:c3669, af078b8b-61ec-497f-9506-472d46a72462:c3667, 09fb9ab4-1b8d-44c0-9f8c-50855c6f1fed:c3667]
2019-08-21 12:28:13,035 | INFO  | SCMAudit | user=jenkins1000 | ip=192.168.34.23 | op=ALLOCATE_BLOCK {owner=b79f83c9-5f7d-4caf-af30-78af34bc5eea, size=4194304, type=RATIS, factor=THREE} | ret=SUCCESS |  
2019-08-21 12:28:13,040 | INFO  | OMAudit | user=jenkins1000 | ip=127.0.0.1 | op=ALLOCATE_BLOCK {volume=vol-0-06517, bucket=bucket-0-64549, key=key-0-34512, dataSize=0, replicationType=null, replicationFactor=null, keyLocationInfo=null, clientID=102654965997830546} | ret=SUCCESS |  
2019-08-21 12:28:13,048 | INFO  | DNAudit | user=null | ip=null | op=WRITE_CHUNK {blockData=conID: 1 locID: 102654967351542351 bcsId: 0} | ret=SUCCESS |  
2019-08-21 12:28:13,051 | INFO  | DNAudit | user=null | ip=null | op=WRITE_CHUNK {blockData=conID: 1 locID: 102654967351542351 bcsId: 0} | ret=SUCCESS |  
2019-08-21 12:28:13,052 | INFO  | DNAudit | user=null | ip=null | op=WRITE_CHUNK {blockData=conID: 1 locID: 102654967351542351 bcsId: 0} | ret=SUCCESS |  
2019-08-21 12:28:13,052 | INFO  | DNAudit | user=null | ip=null | op=WRITE_CHUNK {blockData=conID: 1 locID: 102654967351542351 bcsId: 0} | ret=SUCCESS |  
2019-08-21 12:28:13,055 | INFO  | DNAudit | user=null | ip=null | op=WRITE_CHUNK {blockData=conID: 1 locID: 102654967351542351 bcsId: 0} | ret=SUCCESS |  
2019-08-21 12:28:13,055 | INFO  | DNAudit | user=null | ip=null | op=WRITE_CHUNK {blockData=conID: 1 locID: 102654967351542351 bcsId: 0} | ret=SUCCESS |  
2019-08-21 12:28:13,062 | INFO  | DNAudit | user=null | ip=null | op=WRITE_CHUNK {blockData=conID: 1 locID: 102654967351542351 bcsId: 0} | ret=SUCCESS |  
2019-08-21 12:28:13,062 | INFO  | DNAudit | user=null | ip=null | op=PUT_BLOCK {blockData=[blockId=conID: 1 locID: 102654967351542351 bcsId: 0,size=1048576]} | ret=SUCCESS |  
2019-08-21 12:28:13,062 [grpc-default-executor-1] INFO  client.GrpcClientProtocolClient (GrpcClientProtocolClient.java:onNext(255)) - client-C954105195FD->270584e6-a4a8-4db5-8151-214655ce1a56: receive RaftClientReply:client-C954105195FD->270584e6-a4a8-4db5-8151-214655ce1a56@group-787F5BA3AA67, cid=2470, SUCCESS, logIndex=3670, commits[270584e6-a4a8-4db5-8151-214655ce1a56:c3671, af078b8b-61ec-497f-9506-472d46a72462:c3669, 09fb9ab4-1b8d-44c0-9f8c-50855c6f1fed:c3669]
2019-08-21 12:28:13,063 [grpc-default-executor-1] INFO  client.GrpcClientProtocolClient (GrpcClientProtocolClient.java:onNext(255)) - client-C954105195FD->270584e6-a4a8-4db5-8151-214655ce1a56: receive RaftClientReply:client-C954105195FD->270584e6-a4a8-4db5-8151-214655ce1a56@group-787F5BA3AA67, cid=2471, SUCCESS, logIndex=3671, commits[270584e6-a4a8-4db5-8151-214655ce1a56:c3671, af078b8b-61ec-497f-9506-472d46a72462:c3669, 09fb9ab4-1b8d-44c0-9f8c-50855c6f1fed:c3669]
2019-08-21 12:28:13,075 | INFO  | DNAudit | user=null | ip=null | op=WRITE_CHUNK {blockData=conID: 1 locID: 102654967351542351 bcsId: 0} | ret=SUCCESS |  
2019-08-21 12:28:13,075 | INFO  | DNAudit | user=null | ip=null | op=PUT_BLOCK {blockData=[blockId=conID: 1 locID: 102654967351542351 bcsId: 0,size=2097152]} | ret=SUCCESS |  
2019-08-21 12:28:13,075 [grpc-default-executor-4] INFO  client.GrpcClientProtocolClient (GrpcClientProtocolClient.java:onNext(255)) - client-C954105195FD->270584e6-a4a8-4db5-8151-214655ce1a56: receive RaftClientReply:client-C954105195FD->270584e6-a4a8-4db5-8151-214655ce1a56@group-787F5BA3AA67, cid=2472, SUCCESS, logIndex=3672, commits[270584e6-a4a8-4db5-8151-214655ce1a56:c3673, af078b8b-61ec-497f-9506-472d46a72462:c3669, 09fb9ab4-1b8d-44c0-9f8c-50855c6f1fed:c3669]
2019-08-21 12:28:13,075 [grpc-default-executor-4] INFO  client.GrpcClientProtocolClient (GrpcClientProtocolClient.java:onNext(255)) - client-C954105195FD->270584e6-a4a8-4db5-8151-214655ce1a56: receive RaftClientReply:client-C954105195FD->270584e6-a4a8-4db5-8151-214655ce1a56@group-787F5BA3AA67, cid=2473, SUCCESS, logIndex=3673, commits[270584e6-a4a8-4db5-8151-214655ce1a56:c3673, af078b8b-61ec-497f-9506-472d46a72462:c3669, 09fb9ab4-1b8d-44c0-9f8c-50855c6f1fed:c3669]
2019-08-21 12:28:13,087 | INFO  | DNAudit | user=null | ip=null | op=WRITE_CHUNK {blockData=conID: 1 locID: 102654967351542351 bcsId: 0} | ret=SUCCESS |  
2019-08-21 12:28:13,087 | INFO  | DNAudit | user=null | ip=null | op=WRITE_CHUNK {blockData=conID: 1 locID: 102654967351542351 bcsId: 0} | ret=SUCCESS |  
2019-08-21 12:28:13,087 | INFO  | DNAudit | user=null | ip=null | op=PUT_BLOCK {blockData=[blockId=conID: 1 locID: 102654967351542351 bcsId: 0,size=1048576]} | ret=SUCCESS |  
2019-08-21 12:28:13,087 | INFO  | DNAudit | user=null | ip=null | op=PUT_BLOCK {blockData=[blockId=conID: 1 locID: 102654967351542351 bcsId: 0,size=1048576]} | ret=SUCCESS |  
2019-08-21 12:28:13,088 [grpc-default-executor-1] INFO  client.GrpcClientProtocolClient (GrpcClientProtocolClient.java:onNext(255)) - client-C954105195FD->270584e6-a4a8-4db5-8151-214655ce1a56: receive RaftClientReply:client-C954105195FD->270584e6-a4a8-4db5-8151-214655ce1a56@group-787F5BA3AA67, cid=2474, SUCCESS, logIndex=0, commits[270584e6-a4a8-4db5-8151-214655ce1a56:c3675, af078b8b-61ec-497f-9506-472d46a72462:c3671, 09fb9ab4-1b8d-44c0-9f8c-50855c6f1fed:c3671]
2019-08-21 12:28:13,095 | INFO  | DNAudit | user=null | ip=null | op=WRITE_CHUNK {blockData=conID: 1 locID: 102654967351542351 bcsId: 3673} | ret=SUCCESS |  
2019-08-21 12:28:13,098 | INFO  | DNAudit | user=null | ip=null | op=WRITE_CHUNK {blockData=conID: 1 locID: 102654967351542351 bcsId: 3673} | ret=SUCCESS |  
2019-08-21 12:28:13,098 | INFO  | DNAudit | user=null | ip=null | op=WRITE_CHUNK {blockData=conID: 1 locID: 102654967351542351 bcsId: 3673} | ret=SUCCESS |  
2019-08-21 12:28:13,100 | INFO  | DNAudit | user=null | ip=null | op=WRITE_CHUNK {blockData=conID: 1 locID: 102654967351542351 bcsId: 0} | ret=SUCCESS |  
2019-08-21 12:28:13,100 | INFO  | DNAudit | user=null | ip=null | op=WRITE_CHUNK {blockData=conID: 1 locID: 102654967351542351 bcsId: 0} | ret=SUCCESS |  
2019-08-21 12:28:13,100 | INFO  | DNAudit | user=null | ip=null | op=PUT_BLOCK {blockData=[blockId=conID: 1 locID: 102654967351542351 bcsId: 0,size=2097152]} | ret=SUCCESS |  
2019-08-21 12:28:13,100 | INFO  | DNAudit | user=null | ip=null | op=PUT_BLOCK {blockData=[blockId=conID: 1 locID: 102654967351542351 bcsId: 0,size=2097152]} | ret=SUCCESS |  
2019-08-21 12:28:13,113 | INFO  | DNAudit | user=null | ip=null | op=WRITE_CHUNK {blockData=conID: 1 locID: 102654967351542351 bcsId: 3673} | ret=SUCCESS |  
2019-08-21 12:28:13,114 | INFO  | DNAudit | user=null | ip=null | op=PUT_BLOCK {blockData=[blockId=conID: 1 locID: 102654967351542351 bcsId: 0,size=3145728]} | ret=SUCCESS |  
2019-08-21 12:28:13,114 [grpc-default-executor-5] INFO  client.GrpcClientProtocolClient (GrpcClientProtocolClient.java:onNext(255)) - client-C954105195FD->270584e6-a4a8-4db5-8151-214655ce1a56: receive RaftClientReply:client-C954105195FD->270584e6-a4a8-4db5-8151-214655ce1a56@group-787F5BA3AA67, cid=2475, SUCCESS, logIndex=3678, commits[270584e6-a4a8-4db5-8151-214655ce1a56:c3679, af078b8b-61ec-497f-9506-472d46a72462:c3675, 09fb9ab4-1b8d-44c0-9f8c-50855c6f1fed:c3675]
2019-08-21 12:28:13,114 [grpc-default-executor-5] INFO  client.GrpcClientProtocolClient (GrpcClientProtocolClient.java:onNext(255)) - client-C954105195FD->270584e6-a4a8-4db5-8151-214655ce1a56: receive RaftClientReply:client-C954105195FD->270584e6-a4a8-4db5-8151-214655ce1a56@group-787F5BA3AA67, cid=2476, SUCCESS, logIndex=3679, commits[270584e6-a4a8-4db5-8151-214655ce1a56:c3679, af078b8b-61ec-497f-9506-472d46a72462:c3675, 09fb9ab4-1b8d-44c0-9f8c-50855c6f1fed:c3675]
2019-08-21 12:28:13,122 | INFO  | DNAudit | user=null | ip=null | op=WRITE_CHUNK {blockData=conID: 1 locID: 102654967351542351 bcsId: 3679} | ret=SUCCESS |  
2019-08-21 12:28:13,124 | INFO  | DNAudit | user=null | ip=null | op=WRITE_CHUNK {blockData=conID: 1 locID: 102654967351542351 bcsId: 3679} | ret=SUCCESS |  
2019-08-21 12:28:13,125 | INFO  | DNAudit | user=null | ip=null | op=WRITE_CHUNK {blockData=conID: 1 locID: 102654967351542351 bcsId: 3679} | ret=SUCCESS |  
2019-08-21 12:28:13,127 | INFO  | DNAudit | user=null | ip=null | op=WRITE_CHUNK {blockData=conID: 1 locID: 102654967351542351 bcsId: 3673} | ret=SUCCESS |  
2019-08-21 12:28:13,127 | INFO  | DNAudit | user=null | ip=null | op=WRITE_CHUNK {blockData=conID: 1 locID: 102654967351542351 bcsId: 3673} | ret=SUCCESS |  
2019-08-21 12:28:13,140 | INFO  | DNAudit | user=null | ip=null | op=PUT_BLOCK {blockData=[blockId=conID: 1 locID: 102654967351542351 bcsId: 0,size=3145728]} | ret=SUCCESS |  
2019-08-21 12:28:13,140 | INFO  | DNAudit | user=null | ip=null | op=PUT_BLOCK {blockData=[blockId=conID: 1 locID: 102654967351542351 bcsId: 0,size=3145728]} | ret=SUCCESS |  
2019-08-21 12:28:13,141 | INFO  | DNAudit | user=null | ip=null | op=WRITE_CHUNK {blockData=conID: 1 locID: 102654967351542351 bcsId: 3679} | ret=SUCCESS |  
2019-08-21 12:28:13,141 | INFO  | DNAudit | user=null | ip=null | op=PUT_BLOCK {blockData=[blockId=conID: 1 locID: 102654967351542351 bcsId: 0,size=4194304]} | ret=SUCCESS |  
2019-08-21 12:28:13,141 [grpc-default-executor-2] INFO  client.GrpcClientProtocolClient (GrpcClientProtocolClient.java:onNext(255)) - client-C954105195FD->270584e6-a4a8-4db5-8151-214655ce1a56: receive RaftClientReply:client-C954105195FD->270584e6-a4a8-4db5-8151-214655ce1a56@group-787F5BA3AA67, cid=2477, SUCCESS, logIndex=3682, commits[270584e6-a4a8-4db5-8151-214655ce1a56:c3683, af078b8b-61ec-497f-9506-472d46a72462:c3679, 09fb9ab4-1b8d-44c0-9f8c-50855c6f1fed:c3679]
2019-08-21 12:28:13,142 [grpc-default-executor-2] INFO  client.GrpcClientProtocolClient (GrpcClientProtocolClient.java:onNext(255)) - client-C954105195FD->270584e6-a4a8-4db5-8151-214655ce1a56: receive RaftClientReply:client-C954105195FD->270584e6-a4a8-4db5-8151-214655ce1a56@group-787F5BA3AA67, cid=2478, SUCCESS, logIndex=3683, commits[270584e6-a4a8-4db5-8151-214655ce1a56:c3683, af078b8b-61ec-497f-9506-472d46a72462:c3679, 09fb9ab4-1b8d-44c0-9f8c-50855c6f1fed:c3679]
2019-08-21 12:28:13,151 | INFO  | DNAudit | user=null | ip=null | op=WRITE_CHUNK {blockData=conID: 1 locID: 102654967351542351 bcsId: 3679} | ret=SUCCESS |  
2019-08-21 12:28:13,151 | INFO  | DNAudit | user=null | ip=null | op=WRITE_CHUNK {blockData=conID: 1 locID: 102654967351542351 bcsId: 3679} | ret=SUCCESS |  
2019-08-21 12:28:13,154 | INFO  | DNAudit | user=null | ip=null | op=PUT_BLOCK {blockData=[blockId=conID: 1 locID: 102654967351542351 bcsId: 0,size=4194304]} | ret=SUCCESS |  
2019-08-21 12:28:13,154 | INFO  | DNAudit | user=null | ip=null | op=PUT_BLOCK {blockData=[blockId=conID: 1 locID: 102654967351542351 bcsId: 0,size=4194304]} | ret=SUCCESS |  
2019-08-21 12:28:13,154 [grpc-default-executor-2] INFO  client.GrpcClientProtocolClient (GrpcClientProtocolClient.java:onNext(255)) - client-C954105195FD->270584e6-a4a8-4db5-8151-214655ce1a56: receive RaftClientReply:client-C954105195FD->270584e6-a4a8-4db5-8151-214655ce1a56@group-787F5BA3AA67, cid=2479, SUCCESS, logIndex=0, commits[270584e6-a4a8-4db5-8151-214655ce1a56:c3684, af078b8b-61ec-497f-9506-472d46a72462:c3683, 09fb9ab4-1b8d-44c0-9f8c-50855c6f1fed:c3683]
2019-08-21 12:28:13,161 | INFO  | SCMAudit | user=jenkins1000 | ip=192.168.34.23 | op=ALLOCATE_BLOCK {owner=b79f83c9-5f7d-4caf-af30-78af34bc5eea, size=4194304, type=RATIS, factor=THREE} | ret=SUCCESS |  
2019-08-21 12:28:13,165 | INFO  | OMAudit | user=jenkins1000 | ip=127.0.0.1 | op=ALLOCATE_BLOCK {volume=vol-0-06517, bucket=bucket-0-64549, key=key-0-34512, dataSize=0, replicationType=null, replicationFactor=null, keyLocationInfo=null, clientID=102654965997830546} | ret=SUCCESS |  
2019-08-21 12:28:13,174 | INFO  | DNAudit | user=null | ip=null | op=WRITE_CHUNK {blockData=conID: 2 locID: 102654967359799888 bcsId: 0} | ret=SUCCESS |  
2019-08-21 12:28:13,177 | INFO  | DNAudit | user=null | ip=null | op=WRITE_CHUNK {blockData=conID: 2 locID: 102654967359799888 bcsId: 0} | ret=SUCCESS |  
2019-08-21 12:28:13,178 | INFO  | DNAudit | user=null | ip=null | op=WRITE_CHUNK {blockData=conID: 2 locID: 102654967359799888 bcsId: 0} | ret=SUCCESS |  
2019-08-21 12:28:13,178 | INFO  | DNAudit | user=null | ip=null | op=WRITE_CHUNK {blockData=conID: 2 locID: 102654967359799888 bcsId: 0} | ret=SUCCESS |  
2019-08-21 12:28:13,180 | INFO  | DNAudit | user=null | ip=null | op=WRITE_CHUNK {blockData=conID: 2 locID: 102654967359799888 bcsId: 0} | ret=SUCCESS |  
2019-08-21 12:28:13,180 | INFO  | DNAudit | user=null | ip=null | op=WRITE_CHUNK {blockData=conID: 2 locID: 102654967359799888 bcsId: 0} | ret=SUCCESS |  
2019-08-21 12:28:13,180 | INFO  | DNAudit | user=null | ip=null | op=PUT_BLOCK {blockData=[blockId=conID: 2 locID: 102654967359799888 bcsId: 0,size=1048576]} | ret=SUCCESS |  
2019-08-21 12:28:13,180 [grpc-default-executor-5] INFO  client.GrpcClientProtocolClient (GrpcClientProtocolClient.java:onNext(255)) - client-C954105195FD->270584e6-a4a8-4db5-8151-214655ce1a56: receive RaftClientReply:client-C954105195FD->270584e6-a4a8-4db5-8151-214655ce1a56@group-787F5BA3AA67, cid=2480, SUCCESS, logIndex=3686, commits[270584e6-a4a8-4db5-8151-214655ce1a56:c3687, af078b8b-61ec-497f-9506-472d46a72462:c3685, 09fb9ab4-1b8d-44c0-9f8c-50855c6f1fed:c3683]
2019-08-21 12:28:13,181 [grpc-default-executor-5] INFO  client.GrpcClientProtocolClient (GrpcClientProtocolClient.java:onNext(255)) - client-C954105195FD->270584e6-a4a8-4db5-8151-214655ce1a56: receive RaftClientReply:client-C954105195FD->270584e6-a4a8-4db5-8151-214655ce1a56@group-787F5BA3AA67, cid=2481, SUCCESS, logIndex=3687, commits[270584e6-a4a8-4db5-8151-214655ce1a56:c3687, af078b8b-61ec-497f-9506-472d46a72462:c3685, 09fb9ab4-1b8d-44c0-9f8c-50855c6f1fed:c3685]
2019-08-21 12:28:13,181 | INFO  | DNAudit | user=null | ip=null | op=WRITE_CHUNK {blockData=conID: 2 locID: 102654967359799888 bcsId: 0} | ret=SUCCESS |  
2019-08-21 12:28:13,185 | INFO  | DNAudit | user=null | ip=null | op=WRITE_CHUNK {blockData=conID: 2 locID: 102654967359799888 bcsId: 0} | ret=SUCCESS |  
2019-08-21 12:28:13,185 | INFO  | DNAudit | user=null | ip=null | op=WRITE_CHUNK {blockData=conID: 2 locID: 102654967359799888 bcsId: 0} | ret=SUCCESS |  
2019-08-21 12:28:13,185 | INFO  | DNAudit | user=null | ip=null | op=PUT_BLOCK {blockData=[blockId=conID: 2 locID: 102654967359799888 bcsId: 0,size=1048576]} | ret=SUCCESS |  
2019-08-21 12:28:13,185 | INFO  | DNAudit | user=null | ip=null | op=PUT_BLOCK {blockData=[blockId=conID: 2 locID: 102654967359799888 bcsId: 0,size=2097152]} | ret=SUCCESS |  
2019-08-21 12:28:13,186 [grpc-default-executor-1] INFO  client.GrpcClientProtocolClient (GrpcClientProtocolClient.java:onNext(255)) - client-C954105195FD->270584e6-a4a8-4db5-8151-214655ce1a56: receive RaftClientReply:client-C954105195FD->270584e6-a4a8-4db5-8151-214655ce1a56@group-787F5BA3AA67, cid=2482, SUCCESS, logIndex=3688, commits[270584e6-a4a8-4db5-8151-214655ce1a56:c3689, af078b8b-61ec-497f-9506-472d46a72462:c3687, 09fb9ab4-1b8d-44c0-9f8c-50855c6f1fed:c3685]
2019-08-21 12:28:13,186 [grpc-default-executor-1] INFO  client.GrpcClientProtocolClient (GrpcClientProtocolClient.java:onNext(255)) - client-C954105195FD->270584e6-a4a8-4db5-8151-214655ce1a56: receive RaftClientReply:client-C954105195FD->270584e6-a4a8-4db5-8151-214655ce1a56@group-787F5BA3AA67, cid=2483, SUCCESS, logIndex=3689, commits[270584e6-a4a8-4db5-8151-214655ce1a56:c3689, af078b8b-61ec-497f-9506-472d46a72462:c3687, 09fb9ab4-1b8d-44c0-9f8c-50855c6f1fed:c3685]
2019-08-21 12:28:13,189 | INFO  | SCMAudit | user=jenkins1000 | ip=192.168.34.23 | op=SEND_HEARTBEAT {datanodeUUID=0aa4def6-fe9f-4182-b0b1-80406548816f, command=[]} | ret=SUCCESS |  
2019-08-21 12:28:13,189 | INFO  | SCMAudit | user=jenkins1000 | ip=192.168.34.23 | op=SEND_HEARTBEAT {datanodeUUID=39ae8c09-9b4b-4ddc-906b-4e52d104e1b1, command=[]} | ret=SUCCESS |  
2019-08-21 12:28:13,189 | INFO  | DNAudit | user=null | ip=null | op=WRITE_CHUNK {blockData=conID: 2 locID: 102654967359799888 bcsId: 0} | ret=SUCCESS |  
2019-08-21 12:28:13,191 | INFO  | DNAudit | user=null | ip=null | op=WRITE_CHUNK {blockData=conID: 2 locID: 102654967359799888 bcsId: 0} | ret=SUCCESS |  
2019-08-21 12:28:13,191 | INFO  | DNAudit | user=null | ip=null | op=PUT_BLOCK {blockData=[blockId=conID: 2 locID: 102654967359799888 bcsId: 0,size=1048576]} | ret=SUCCESS |  
2019-08-21 12:28:13,191 [grpc-default-executor-1] INFO  client.GrpcClientProtocolClient (GrpcClientProtocolClient.java:onNext(255)) - client-C954105195FD->270584e6-a4a8-4db5-8151-214655ce1a56: receive RaftClientReply:client-C954105195FD->270584e6-a4a8-4db5-8151-214655ce1a56@group-787F5BA3AA67, cid=2484, SUCCESS, logIndex=0, commits[270584e6-a4a8-4db5-8151-214655ce1a56:c3691, af078b8b-61ec-497f-9506-472d46a72462:c3688, 09fb9ab4-1b8d-44c0-9f8c-50855c6f1fed:c3687]
2019-08-21 12:28:13,193 | INFO  | DNAudit | user=null | ip=null | op=PUT_BLOCK {blockData=[blockId=conID: 2 locID: 102654967359799888 bcsId: 0,size=2097152]} | ret=SUCCESS |  
2019-08-21 12:28:13,194 | INFO  | DNAudit | user=null | ip=null | op=WRITE_CHUNK {blockData=conID: 2 locID: 102654967359799888 bcsId: 0} | ret=SUCCESS |  
2019-08-21 12:28:13,194 | INFO  | DNAudit | user=null | ip=null | op=PUT_BLOCK {blockData=[blockId=conID: 2 locID: 102654967359799888 bcsId: 0,size=2097152]} | ret=SUCCESS |  
2019-08-21 12:28:13,200 | INFO  | DNAudit | user=null | ip=null | op=WRITE_CHUNK {blockData=conID: 2 locID: 102654967359799888 bcsId: 3689} | ret=SUCCESS |  
2019-08-21 12:28:13,202 | INFO  | DNAudit | user=null | ip=null | op=WRITE_CHUNK {blockData=conID: 2 locID: 102654967359799888 bcsId: 3689} | ret=SUCCESS |  
2019-08-21 12:28:13,203 | INFO  | DNAudit | user=null | ip=null | op=WRITE_CHUNK {blockData=conID: 2 locID: 102654967359799888 bcsId: 3689} | ret=SUCCESS |  
2019-08-21 12:28:13,205 | INFO  | DNAudit | user=null | ip=null | op=WRITE_CHUNK {blockData=conID: 2 locID: 102654967359799888 bcsId: 3689} | ret=SUCCESS |  
2019-08-21 12:28:13,205 | INFO  | DNAudit | user=null | ip=null | op=PUT_BLOCK {blockData=[blockId=conID: 2 locID: 102654967359799888 bcsId: 0,size=3145728]} | ret=SUCCESS |  
2019-08-21 12:28:13,206 [grpc-default-executor-5] INFO  client.GrpcClientProtocolClient (GrpcClientProtocolClient.java:onNext(255)) - client-C954105195FD->270584e6-a4a8-4db5-8151-214655ce1a56: receive RaftClientReply:client-C954105195FD->270584e6-a4a8-4db5-8151-214655ce1a56@group-787F5BA3AA67, cid=2485, SUCCESS, logIndex=3694, commits[270584e6-a4a8-4db5-8151-214655ce1a56:c3695, af078b8b-61ec-497f-9506-472d46a72462:c3693, 09fb9ab4-1b8d-44c0-9f8c-50855c6f1fed:c3693]
2019-08-21 12:28:13,206 [grpc-default-executor-5] INFO  client.GrpcClientProtocolClient (GrpcClientProtocolClient.java:onNext(255)) - client-C954105195FD->270584e6-a4a8-4db5-8151-214655ce1a56: receive RaftClientReply:client-C954105195FD->270584e6-a4a8-4db5-8151-214655ce1a56@group-787F5BA3AA67, cid=2486, SUCCESS, logIndex=3695, commits[270584e6-a4a8-4db5-8151-214655ce1a56:c3695, af078b8b-61ec-497f-9506-472d46a72462:c3693, 09fb9ab4-1b8d-44c0-9f8c-50855c6f1fed:c3693]
2019-08-21 12:28:13,208 | INFO  | DNAudit | user=null | ip=null | op=WRITE_CHUNK {blockData=conID: 2 locID: 102654967359799888 bcsId: 3689} | ret=SUCCESS |  
2019-08-21 12:28:13,208 | INFO  | DNAudit | user=null | ip=null | op=WRITE_CHUNK {blockData=conID: 2 locID: 102654967359799888 bcsId: 3689} | ret=SUCCESS |  
2019-08-21 12:28:13,212 | INFO  | DNAudit | user=null | ip=null | op=PUT_BLOCK {blockData=[blockId=conID: 2 locID: 102654967359799888 bcsId: 0,size=3145728]} | ret=SUCCESS |  
2019-08-21 12:28:13,212 | INFO  | DNAudit | user=null | ip=null | op=PUT_BLOCK {blockData=[blockId=conID: 2 locID: 102654967359799888 bcsId: 0,size=3145728]} | ret=SUCCESS |  
2019-08-21 12:28:13,213 | INFO  | DNAudit | user=null | ip=null | op=WRITE_CHUNK {blockData=conID: 2 locID: 102654967359799888 bcsId: 3695} | ret=SUCCESS |  
2019-08-21 12:28:13,215 | INFO  | DNAudit | user=null | ip=null | op=WRITE_CHUNK {blockData=conID: 2 locID: 102654967359799888 bcsId: 3695} | ret=SUCCESS |  
2019-08-21 12:28:13,216 | INFO  | DNAudit | user=null | ip=null | op=WRITE_CHUNK {blockData=conID: 2 locID: 102654967359799888 bcsId: 3695} | ret=SUCCESS |  
2019-08-21 12:28:13,230 | INFO  | DNAudit | user=null | ip=null | op=WRITE_CHUNK {blockData=conID: 2 locID: 102654967359799888 bcsId: 3695} | ret=SUCCESS |  
2019-08-21 12:28:13,231 | INFO  | DNAudit | user=null | ip=null | op=PUT_BLOCK {blockData=[blockId=conID: 2 locID: 102654967359799888 bcsId: 0,size=4194304]} | ret=SUCCESS |  
2019-08-21 12:28:13,231 [grpc-default-executor-4] INFO  client.GrpcClientProtocolClient (GrpcClientProtocolClient.java:onNext(255)) - client-C954105195FD->270584e6-a4a8-4db5-8151-214655ce1a56: receive RaftClientReply:client-C954105195FD->270584e6-a4a8-4db5-8151-214655ce1a56@group-787F5BA3AA67, cid=2487, SUCCESS, logIndex=3698, commits[270584e6-a4a8-4db5-8151-214655ce1a56:c3699, af078b8b-61ec-497f-9506-472d46a72462:c3697, 09fb9ab4-1b8d-44c0-9f8c-50855c6f1fed:c3697]
2019-08-21 12:28:13,232 [grpc-default-executor-4] INFO  client.GrpcClientProtocolClient (GrpcClientProtocolClient.java:onNext(255)) - client-C954105195FD->270584e6-a4a8-4db5-8151-214655ce1a56: receive RaftClientReply:client-C954105195FD->270584e6-a4a8-4db5-8151-214655ce1a56@group-787F5BA3AA67, cid=2488, SUCCESS, logIndex=3699, commits[270584e6-a4a8-4db5-8151-214655ce1a56:c3699, af078b8b-61ec-497f-9506-472d46a72462:c3697, 09fb9ab4-1b8d-44c0-9f8c-50855c6f1fed:c3697]
2019-08-21 12:28:13,242 | INFO  | DNAudit | user=null | ip=null | op=WRITE_CHUNK {blockData=conID: 2 locID: 102654967359799888 bcsId: 3695} | ret=SUCCESS |  
2019-08-21 12:28:13,242 | INFO  | DNAudit | user=null | ip=null | op=WRITE_CHUNK {blockData=conID: 2 locID: 102654967359799888 bcsId: 3695} | ret=SUCCESS |  
2019-08-21 12:28:13,244 | INFO  | DNAudit | user=null | ip=null | op=PUT_BLOCK {blockData=[blockId=conID: 2 locID: 102654967359799888 bcsId: 0,size=4194304]} | ret=SUCCESS |  
2019-08-21 12:28:13,245 | INFO  | DNAudit | user=null | ip=null | op=PUT_BLOCK {blockData=[blockId=conID: 2 locID: 102654967359799888 bcsId: 0,size=4194304]} | ret=SUCCESS |  
2019-08-21 12:28:13,245 [grpc-default-executor-2] INFO  client.GrpcClientProtocolClient (GrpcClientProtocolClient.java:onNext(255)) - client-C954105195FD->270584e6-a4a8-4db5-8151-214655ce1a56: receive RaftClientReply:client-C954105195FD->270584e6-a4a8-4db5-8151-214655ce1a56@group-787F5BA3AA67, cid=2489, SUCCESS, logIndex=0, commits[270584e6-a4a8-4db5-8151-214655ce1a56:c3701, af078b8b-61ec-497f-9506-472d46a72462:c3699, 09fb9ab4-1b8d-44c0-9f8c-50855c6f1fed:c3699]
2019-08-21 12:28:13,252 | INFO  | SCMAudit | user=jenkins1000 | ip=192.168.34.23 | op=ALLOCATE_BLOCK {owner=b79f83c9-5f7d-4caf-af30-78af34bc5eea, size=4194304, type=RATIS, factor=THREE} | ret=SUCCESS |  
2019-08-21 12:28:13,256 | INFO  | OMAudit | user=jenkins1000 | ip=127.0.0.1 | op=ALLOCATE_BLOCK {volume=vol-0-06517, bucket=bucket-0-64549, key=key-0-34512, dataSize=0, replicationType=null, replicationFactor=null, keyLocationInfo=null, clientID=102654965997830546} | ret=SUCCESS |  
2019-08-21 12:28:13,263 | INFO  | DNAudit | user=null | ip=null | op=WRITE_CHUNK {blockData=conID: 3 locID: 102654967365698129 bcsId: 0} | ret=SUCCESS |  
2019-08-21 12:28:13,266 | INFO  | DNAudit | user=null | ip=null | op=WRITE_CHUNK {blockData=conID: 3 locID: 102654967365698129 bcsId: 0} | ret=SUCCESS |  
2019-08-21 12:28:13,267 | INFO  | DNAudit | user=null | ip=null | op=WRITE_CHUNK {blockData=conID: 3 locID: 102654967365698129 bcsId: 0} | ret=SUCCESS |  
2019-08-21 12:28:13,267 | INFO  | DNAudit | user=null | ip=null | op=WRITE_CHUNK {blockData=conID: 3 locID: 102654967365698129 bcsId: 0} | ret=SUCCESS |  
2019-08-21 12:28:13,269 | INFO  | DNAudit | user=null | ip=null | op=WRITE_CHUNK {blockData=conID: 3 locID: 102654967365698129 bcsId: 0} | ret=SUCCESS |  
2019-08-21 12:28:13,269 | INFO  | DNAudit | user=null | ip=null | op=WRITE_CHUNK {blockData=conID: 3 locID: 102654967365698129 bcsId: 0} | ret=SUCCESS |  
2019-08-21 12:28:13,275 | INFO  | DNAudit | user=null | ip=null | op=WRITE_CHUNK {blockData=conID: 3 locID: 102654967365698129 bcsId: 0} | ret=SUCCESS |  
2019-08-21 12:28:13,276 | INFO  | DNAudit | user=null | ip=null | op=PUT_BLOCK {blockData=[blockId=conID: 3 locID: 102654967365698129 bcsId: 0,size=1048576]} | ret=SUCCESS |  
2019-08-21 12:28:13,276 [grpc-default-executor-1] INFO  client.GrpcClientProtocolClient (GrpcClientProtocolClient.java:onNext(255)) - client-C954105195FD->270584e6-a4a8-4db5-8151-214655ce1a56: receive RaftClientReply:client-C954105195FD->270584e6-a4a8-4db5-8151-214655ce1a56@group-787F5BA3AA67, cid=2490, SUCCESS, logIndex=3702, commits[270584e6-a4a8-4db5-8151-214655ce1a56:c3703, af078b8b-61ec-497f-9506-472d46a72462:c3701, 09fb9ab4-1b8d-44c0-9f8c-50855c6f1fed:c3701]
2019-08-21 12:28:13,277 [grpc-default-executor-1] INFO  client.GrpcClientProtocolClient (GrpcClientProtocolClient.java:onNext(255)) - client-C954105195FD->270584e6-a4a8-4db5-8151-214655ce1a56: receive RaftClientReply:client-C954105195FD->270584e6-a4a8-4db5-8151-214655ce1a56@group-787F5BA3AA67, cid=2491, SUCCESS, logIndex=3703, commits[270584e6-a4a8-4db5-8151-214655ce1a56:c3703, af078b8b-61ec-497f-9506-472d46a72462:c3701, 09fb9ab4-1b8d-44c0-9f8c-50855c6f1fed:c3701]
2019-08-21 12:28:13,278 | INFO  | DNAudit | user=null | ip=null | op=WRITE_CHUNK {blockData=conID: 3 locID: 102654967365698129 bcsId: 0} | ret=SUCCESS |  
2019-08-21 12:28:13,278 | INFO  | DNAudit | user=null | ip=null | op=PUT_BLOCK {blockData=[blockId=conID: 3 locID: 102654967365698129 bcsId: 0,size=2097152]} | ret=SUCCESS |  
2019-08-21 12:28:13,278 [grpc-default-executor-1] INFO  client.GrpcClientProtocolClient (GrpcClientProtocolClient.java:onNext(255)) - client-C954105195FD->270584e6-a4a8-4db5-8151-214655ce1a56: receive RaftClientReply:client-C954105195FD->270584e6-a4a8-4db5-8151-214655ce1a56@group-787F5BA3AA67, cid=2492, SUCCESS, logIndex=3704, commits[270584e6-a4a8-4db5-8151-214655ce1a56:c3705, af078b8b-61ec-497f-9506-472d46a72462:c3701, 09fb9ab4-1b8d-44c0-9f8c-50855c6f1fed:c3701]
2019-08-21 12:28:13,279 [grpc-default-executor-1] INFO  client.GrpcClientProtocolClient (GrpcClientProtocolClient.java:onNext(255)) - client-C954105195FD->270584e6-a4a8-4db5-8151-214655ce1a56: receive RaftClientReply:client-C954105195FD->270584e6-a4a8-4db5-8151-214655ce1a56@group-787F5BA3AA67, cid=2493, SUCCESS, logIndex=3705, commits[270584e6-a4a8-4db5-8151-214655ce1a56:c3705, af078b8b-61ec-497f-9506-472d46a72462:c3701, 09fb9ab4-1b8d-44c0-9f8c-50855c6f1fed:c3701]
2019-08-21 12:28:13,289 | INFO  | DNAudit | user=null | ip=null | op=WRITE_CHUNK {blockData=conID: 3 locID: 102654967365698129 bcsId: 0} | ret=SUCCESS |  
2019-08-21 12:28:13,289 | INFO  | DNAudit | user=null | ip=null | op=PUT_BLOCK {blockData=[blockId=conID: 3 locID: 102654967365698129 bcsId: 0,size=1048576]} | ret=SUCCESS |  
2019-08-21 12:28:13,290 | INFO  | DNAudit | user=null | ip=null | op=WRITE_CHUNK {blockData=conID: 3 locID: 102654967365698129 bcsId: 0} | ret=SUCCESS |  
2019-08-21 12:28:13,290 | INFO  | DNAudit | user=null | ip=null | op=PUT_BLOCK {blockData=[blockId=conID: 3 locID: 102654967365698129 bcsId: 0,size=1048576]} | ret=SUCCESS |  
2019-08-21 12:28:13,290 | INFO  | DNAudit | user=null | ip=null | op=WRITE_CHUNK {blockData=conID: 3 locID: 102654967365698129 bcsId: 0} | ret=SUCCESS |  
2019-08-21 12:28:13,290 [grpc-default-executor-1] INFO  client.GrpcClientProtocolClient (GrpcClientProtocolClient.java:onNext(255)) - client-C954105195FD->270584e6-a4a8-4db5-8151-214655ce1a56: receive RaftClientReply:client-C954105195FD->270584e6-a4a8-4db5-8151-214655ce1a56@group-787F5BA3AA67, cid=2494, SUCCESS, logIndex=0, commits[270584e6-a4a8-4db5-8151-214655ce1a56:c3706, af078b8b-61ec-497f-9506-472d46a72462:c3703, 09fb9ab4-1b8d-44c0-9f8c-50855c6f1fed:c3703]
2019-08-21 12:28:13,290 | INFO  | DNAudit | user=null | ip=null | op=PUT_BLOCK {blockData=[blockId=conID: 3 locID: 102654967365698129 bcsId: 0,size=2097152]} | ret=SUCCESS |  
2019-08-21 12:28:13,291 | INFO  | DNAudit | user=null | ip=null | op=WRITE_CHUNK {blockData=conID: 3 locID: 102654967365698129 bcsId: 0} | ret=SUCCESS |  
2019-08-21 12:28:13,292 | INFO  | DNAudit | user=null | ip=null | op=PUT_BLOCK {blockData=[blockId=conID: 3 locID: 102654967365698129 bcsId: 0,size=2097152]} | ret=SUCCESS |  
2019-08-21 12:28:13,297 | INFO  | DNAudit | user=null | ip=null | op=WRITE_CHUNK {blockData=conID: 3 locID: 102654967365698129 bcsId: 3705} | ret=SUCCESS |  
2019-08-21 12:28:13,299 | INFO  | DNAudit | user=null | ip=null | op=WRITE_CHUNK {blockData=conID: 3 locID: 102654967365698129 bcsId: 3705} | ret=SUCCESS |  
2019-08-21 12:28:13,300 | INFO  | DNAudit | user=null | ip=null | op=WRITE_CHUNK {blockData=conID: 3 locID: 102654967365698129 bcsId: 3705} | ret=SUCCESS |  
2019-08-21 12:28:13,309 | INFO  | DNAudit | user=null | ip=null | op=WRITE_CHUNK {blockData=conID: 3 locID: 102654967365698129 bcsId: 3705} | ret=SUCCESS |  
2019-08-21 12:28:13,309 | INFO  | DNAudit | user=null | ip=null | op=PUT_BLOCK {blockData=[blockId=conID: 3 locID: 102654967365698129 bcsId: 0,size=3145728]} | ret=SUCCESS |  
2019-08-21 12:28:13,310 [grpc-default-executor-1] INFO  client.GrpcClientProtocolClient (GrpcClientProtocolClient.java:onNext(255)) - client-C954105195FD->270584e6-a4a8-4db5-8151-214655ce1a56: receive RaftClientReply:client-C954105195FD->270584e6-a4a8-4db5-8151-214655ce1a56@group-787F5BA3AA67, cid=2495, SUCCESS, logIndex=3710, commits[270584e6-a4a8-4db5-8151-214655ce1a56:c3711, af078b8b-61ec-497f-9506-472d46a72462:c3709, 09fb9ab4-1b8d-44c0-9f8c-50855c6f1fed:c3709]
2019-08-21 12:28:13,310 [grpc-default-executor-1] INFO  client.GrpcClientProtocolClient (GrpcClientProtocolClient.java:onNext(255)) - client-C954105195FD->270584e6-a4a8-4db5-8151-214655ce1a56: receive RaftClientReply:client-C954105195FD->270584e6-a4a8-4db5-8151-214655ce1a56@group-787F5BA3AA67, cid=2496, SUCCESS, logIndex=3711, commits[270584e6-a4a8-4db5-8151-214655ce1a56:c3711, af078b8b-61ec-497f-9506-472d46a72462:c3709, 09fb9ab4-1b8d-44c0-9f8c-50855c6f1fed:c3709]
2019-08-21 12:28:13,317 | INFO  | DNAudit | user=null | ip=null | op=WRITE_CHUNK {blockData=conID: 3 locID: 102654967365698129 bcsId: 3711} | ret=SUCCESS |  
2019-08-21 12:28:13,319 | INFO  | DNAudit | user=null | ip=null | op=WRITE_CHUNK {blockData=conID: 3 locID: 102654967365698129 bcsId: 3711} | ret=SUCCESS |  
2019-08-21 12:28:13,319 | INFO  | DNAudit | user=null | ip=null | op=WRITE_CHUNK {blockData=conID: 3 locID: 102654967365698129 bcsId: 3711} | ret=SUCCESS |  
2019-08-21 12:28:13,322 | INFO  | DNAudit | user=null | ip=null | op=WRITE_CHUNK {blockData=conID: 3 locID: 102654967365698129 bcsId: 3705} | ret=SUCCESS |  
2019-08-21 12:28:13,322 | INFO  | DNAudit | user=null | ip=null | op=WRITE_CHUNK {blockData=conID: 3 locID: 102654967365698129 bcsId: 3705} | ret=SUCCESS |  
2019-08-21 12:28:13,336 | INFO  | DNAudit | user=null | ip=null | op=PUT_BLOCK {blockData=[blockId=conID: 3 locID: 102654967365698129 bcsId: 0,size=3145728]} | ret=SUCCESS |  
2019-08-21 12:28:13,336 | INFO  | DNAudit | user=null | ip=null | op=PUT_BLOCK {blockData=[blockId=conID: 3 locID: 102654967365698129 bcsId: 0,size=3145728]} | ret=SUCCESS |  
2019-08-21 12:28:13,336 | INFO  | DNAudit | user=null | ip=null | op=WRITE_CHUNK {blockData=conID: 3 locID: 102654967365698129 bcsId: 3711} | ret=SUCCESS |  
2019-08-21 12:28:13,337 | INFO  | DNAudit | user=null | ip=null | op=PUT_BLOCK {blockData=[blockId=conID: 3 locID: 102654967365698129 bcsId: 0,size=4194304]} | ret=SUCCESS |  
2019-08-21 12:28:13,337 [grpc-default-executor-2] INFO  client.GrpcClientProtocolClient (GrpcClientProtocolClient.java:onNext(255)) - client-C954105195FD->270584e6-a4a8-4db5-8151-214655ce1a56: receive RaftClientReply:client-C954105195FD->270584e6-a4a8-4db5-8151-214655ce1a56@group-787F5BA3AA67, cid=2497, SUCCESS, logIndex=3714, commits[270584e6-a4a8-4db5-8151-214655ce1a56:c3715, af078b8b-61ec-497f-9506-472d46a72462:c3711, 09fb9ab4-1b8d-44c0-9f8c-50855c6f1fed:c3711]
2019-08-21 12:28:13,337 [grpc-default-executor-2] INFO  client.GrpcClientProtocolClient (GrpcClientProtocolClient.java:onNext(255)) - client-C954105195FD->270584e6-a4a8-4db5-8151-214655ce1a56: receive RaftClientReply:client-C954105195FD->270584e6-a4a8-4db5-8151-214655ce1a56@group-787F5BA3AA67, cid=2498, SUCCESS, logIndex=3715, commits[270584e6-a4a8-4db5-8151-214655ce1a56:c3715, af078b8b-61ec-497f-9506-472d46a72462:c3711, 09fb9ab4-1b8d-44c0-9f8c-50855c6f1fed:c3711]
2019-08-21 12:28:13,349 | INFO  | DNAudit | user=null | ip=null | op=WRITE_CHUNK {blockData=conID: 3 locID: 102654967365698129 bcsId: 3711} | ret=SUCCESS |  
2019-08-21 12:28:13,349 | INFO  | DNAudit | user=null | ip=null | op=WRITE_CHUNK {blockData=conID: 3 locID: 102654967365698129 bcsId: 3711} | ret=SUCCESS |  
2019-08-21 12:28:13,362 | INFO  | DNAudit | user=null | ip=null | op=PUT_BLOCK {blockData=[blockId=conID: 3 locID: 102654967365698129 bcsId: 0,size=4194304]} | ret=SUCCESS |  
2019-08-21 12:28:13,362 | INFO  | DNAudit | user=null | ip=null | op=PUT_BLOCK {blockData=[blockId=conID: 3 locID: 102654967365698129 bcsId: 0,size=4194304]} | ret=SUCCESS |  
2019-08-21 12:28:13,363 [grpc-default-executor-2] INFO  client.GrpcClientProtocolClient (GrpcClientProtocolClient.java:onNext(255)) - client-C954105195FD->270584e6-a4a8-4db5-8151-214655ce1a56: receive RaftClientReply:client-C954105195FD->270584e6-a4a8-4db5-8151-214655ce1a56@group-787F5BA3AA67, cid=2499, SUCCESS, logIndex=0, commits[270584e6-a4a8-4db5-8151-214655ce1a56:c3717, af078b8b-61ec-497f-9506-472d46a72462:c3715, 09fb9ab4-1b8d-44c0-9f8c-50855c6f1fed:c3715]
2019-08-21 12:28:13,370 | INFO  | SCMAudit | user=jenkins1000 | ip=192.168.34.23 | op=ALLOCATE_BLOCK {owner=b79f83c9-5f7d-4caf-af30-78af34bc5eea, size=4194304, type=RATIS, factor=THREE} | ret=SUCCESS |  
2019-08-21 12:28:13,375 | INFO  | OMAudit | user=jenkins1000 | ip=127.0.0.1 | op=ALLOCATE_BLOCK {volume=vol-0-06517, bucket=bucket-0-64549, key=key-0-34512, dataSize=0, replicationType=null, replicationFactor=null, keyLocationInfo=null, clientID=102654965997830546} | ret=SUCCESS |  
2019-08-21 12:28:13,383 | INFO  | DNAudit | user=null | ip=null | op=WRITE_CHUNK {blockData=conID: 1 locID: 102654967373496914 bcsId: 0} | ret=SUCCESS |  
2019-08-21 12:28:13,517 | INFO  | DNAudit | user=null | ip=null | op=WRITE_CHUNK {blockData=conID: 1 locID: 102654967373496914 bcsId: 0} | ret=SUCCESS |  
2019-08-21 12:28:13,517 | INFO  | DNAudit | user=null | ip=null | op=WRITE_CHUNK {blockData=conID: 1 locID: 102654967373496914 bcsId: 0} | ret=SUCCESS |  
2019-08-21 12:28:13,517 | INFO  | DNAudit | user=null | ip=null | op=WRITE_CHUNK {blockData=conID: 1 locID: 102654967373496914 bcsId: 0} | ret=SUCCESS |  
2019-08-21 12:28:13,519 | INFO  | DNAudit | user=null | ip=null | op=WRITE_CHUNK {blockData=conID: 1 locID: 102654967373496914 bcsId: 0} | ret=SUCCESS |  
2019-08-21 12:28:13,521 | INFO  | DNAudit | user=null | ip=null | op=WRITE_CHUNK {blockData=conID: 1 locID: 102654967373496914 bcsId: 0} | ret=SUCCESS |  
2019-08-21 12:28:13,530 | INFO  | DNAudit | user=null | ip=null | op=WRITE_CHUNK {blockData=conID: 1 locID: 102654967373496914 bcsId: 0} | ret=SUCCESS |  
2019-08-21 12:28:13,531 | INFO  | DNAudit | user=null | ip=null | op=PUT_BLOCK {blockData=[blockId=conID: 1 locID: 102654967373496914 bcsId: 0,size=1048576]} | ret=SUCCESS |  
2019-08-21 12:28:13,531 [grpc-default-executor-2] INFO  client.GrpcClientProtocolClient (GrpcClientProtocolClient.java:onNext(255)) - client-C954105195FD->270584e6-a4a8-4db5-8151-214655ce1a56: receive RaftClientReply:client-C954105195FD->270584e6-a4a8-4db5-8151-214655ce1a56@group-787F5BA3AA67, cid=2500, SUCCESS, logIndex=3718, commits[270584e6-a4a8-4db5-8151-214655ce1a56:c3719, af078b8b-61ec-497f-9506-472d46a72462:c3717, 09fb9ab4-1b8d-44c0-9f8c-50855c6f1fed:c3717]
2019-08-21 12:28:13,531 | INFO  | DNAudit | user=null | ip=null | op=WRITE_CHUNK {blockData=conID: 1 locID: 102654967373496914 bcsId: 0} | ret=SUCCESS |  
2019-08-21 12:28:13,532 | INFO  | DNAudit | user=null | ip=null | op=PUT_BLOCK {blockData=[blockId=conID: 1 locID: 102654967373496914 bcsId: 0,size=2097152]} | ret=SUCCESS |  
2019-08-21 12:28:13,532 [grpc-default-executor-2] INFO  client.GrpcClientProtocolClient (GrpcClientProtocolClient.java:onNext(255)) - client-C954105195FD->270584e6-a4a8-4db5-8151-214655ce1a56: receive RaftClientReply:client-C954105195FD->270584e6-a4a8-4db5-8151-214655ce1a56@group-787F5BA3AA67, cid=2501, SUCCESS, logIndex=3719, commits[270584e6-a4a8-4db5-8151-214655ce1a56:c3721, af078b8b-61ec-497f-9506-472d46a72462:c3717, 09fb9ab4-1b8d-44c0-9f8c-50855c6f1fed:c3717]
2019-08-21 12:28:13,532 [grpc-default-executor-2] INFO  client.GrpcClientProtocolClient (GrpcClientProtocolClient.java:onNext(255)) - client-C954105195FD->270584e6-a4a8-4db5-8151-214655ce1a56: receive RaftClientReply:client-C954105195FD->270584e6-a4a8-4db5-8151-214655ce1a56@group-787F5BA3AA67, cid=2502, SUCCESS, logIndex=3720, commits[270584e6-a4a8-4db5-8151-214655ce1a56:c3721, af078b8b-61ec-497f-9506-472d46a72462:c3717, 09fb9ab4-1b8d-44c0-9f8c-50855c6f1fed:c3717]
2019-08-21 12:28:13,532 [grpc-default-executor-2] INFO  client.GrpcClientProtocolClient (GrpcClientProtocolClient.java:onNext(255)) - client-C954105195FD->270584e6-a4a8-4db5-8151-214655ce1a56: receive RaftClientReply:client-C954105195FD->270584e6-a4a8-4db5-8151-214655ce1a56@group-787F5BA3AA67, cid=2503, SUCCESS, logIndex=3721, commits[270584e6-a4a8-4db5-8151-214655ce1a56:c3721, af078b8b-61ec-497f-9506-472d46a72462:c3717, 09fb9ab4-1b8d-44c0-9f8c-50855c6f1fed:c3717]
2019-08-21 12:28:13,542 | INFO  | DNAudit | user=null | ip=null | op=WRITE_CHUNK {blockData=conID: 1 locID: 102654967373496914 bcsId: 0} | ret=SUCCESS |  
2019-08-21 12:28:13,543 | INFO  | DNAudit | user=null | ip=null | op=PUT_BLOCK {blockData=[blockId=conID: 1 locID: 102654967373496914 bcsId: 0,size=1048576]} | ret=SUCCESS |  
2019-08-21 12:28:13,553 | INFO  | DNAudit | user=null | ip=null | op=WRITE_CHUNK {blockData=conID: 1 locID: 102654967373496914 bcsId: 0} | ret=SUCCESS |  
2019-08-21 12:28:13,553 | INFO  | DNAudit | user=null | ip=null | op=PUT_BLOCK {blockData=[blockId=conID: 1 locID: 102654967373496914 bcsId: 0,size=1048576]} | ret=SUCCESS |  
2019-08-21 12:28:13,554 | INFO  | DNAudit | user=null | ip=null | op=WRITE_CHUNK {blockData=conID: 1 locID: 102654967373496914 bcsId: 0} | ret=SUCCESS |  
2019-08-21 12:28:13,554 | INFO  | DNAudit | user=null | ip=null | op=PUT_BLOCK {blockData=[blockId=conID: 1 locID: 102654967373496914 bcsId: 0,size=2097152]} | ret=SUCCESS |  
2019-08-21 12:28:13,554 [grpc-default-executor-2] INFO  client.GrpcClientProtocolClient (GrpcClientProtocolClient.java:onNext(255)) - client-C954105195FD->270584e6-a4a8-4db5-8151-214655ce1a56: receive RaftClientReply:client-C954105195FD->270584e6-a4a8-4db5-8151-214655ce1a56@group-787F5BA3AA67, cid=2504, SUCCESS, logIndex=0, commits[270584e6-a4a8-4db5-8151-214655ce1a56:c3722, af078b8b-61ec-497f-9506-472d46a72462:c3719, 09fb9ab4-1b8d-44c0-9f8c-50855c6f1fed:c3719]
2019-08-21 12:28:13,555 | INFO  | DNAudit | user=null | ip=null | op=WRITE_CHUNK {blockData=conID: 1 locID: 102654967373496914 bcsId: 0} | ret=SUCCESS |  
2019-08-21 12:28:13,556 | INFO  | DNAudit | user=null | ip=null | op=PUT_BLOCK {blockData=[blockId=conID: 1 locID: 102654967373496914 bcsId: 0,size=2097152]} | ret=SUCCESS |  
2019-08-21 12:28:13,561 | INFO  | DNAudit | user=null | ip=null | op=WRITE_CHUNK {blockData=conID: 1 locID: 102654967373496914 bcsId: 3721} | ret=SUCCESS |  
2019-08-21 12:28:13,564 | INFO  | DNAudit | user=null | ip=null | op=WRITE_CHUNK {blockData=conID: 1 locID: 102654967373496914 bcsId: 3721} | ret=SUCCESS |  
2019-08-21 12:28:13,565 | INFO  | DNAudit | user=null | ip=null | op=WRITE_CHUNK {blockData=conID: 1 locID: 102654967373496914 bcsId: 3721} | ret=SUCCESS |  
2019-08-21 12:28:13,574 | INFO  | DNAudit | user=null | ip=null | op=WRITE_CHUNK {blockData=conID: 1 locID: 102654967373496914 bcsId: 3721} | ret=SUCCESS |  
2019-08-21 12:28:13,574 | INFO  | DNAudit | user=null | ip=null | op=PUT_BLOCK {blockData=[blockId=conID: 1 locID: 102654967373496914 bcsId: 0,size=3145728]} | ret=SUCCESS |  
2019-08-21 12:28:13,574 [grpc-default-executor-4] INFO  client.GrpcClientProtocolClient (GrpcClientProtocolClient.java:onNext(255)) - client-C954105195FD->270584e6-a4a8-4db5-8151-214655ce1a56: receive RaftClientReply:client-C954105195FD->270584e6-a4a8-4db5-8151-214655ce1a56@group-787F5BA3AA67, cid=2505, SUCCESS, logIndex=3726, commits[270584e6-a4a8-4db5-8151-214655ce1a56:c3727, af078b8b-61ec-497f-9506-472d46a72462:c3725, 09fb9ab4-1b8d-44c0-9f8c-50855c6f1fed:c3725]
2019-08-21 12:28:13,575 [grpc-default-executor-4] INFO  client.GrpcClientProtocolClient (GrpcClientProtocolClient.java:onNext(255)) - client-C954105195FD->270584e6-a4a8-4db5-8151-214655ce1a56: receive RaftClientReply:client-C954105195FD->270584e6-a4a8-4db5-8151-214655ce1a56@group-787F5BA3AA67, cid=2506, SUCCESS, logIndex=3727, commits[270584e6-a4a8-4db5-8151-214655ce1a56:c3727, af078b8b-61ec-497f-9506-472d46a72462:c3725, 09fb9ab4-1b8d-44c0-9f8c-50855c6f1fed:c3725]
2019-08-21 12:28:13,583 | INFO  | DNAudit | user=null | ip=null | op=WRITE_CHUNK {blockData=conID: 1 locID: 102654967373496914 bcsId: 3727} | ret=SUCCESS |  
2019-08-21 12:28:13,586 | INFO  | DNAudit | user=null | ip=null | op=WRITE_CHUNK {blockData=conID: 1 locID: 102654967373496914 bcsId: 3727} | ret=SUCCESS |  
2019-08-21 12:28:13,586 | INFO  | DNAudit | user=null | ip=null | op=WRITE_CHUNK {blockData=conID: 1 locID: 102654967373496914 bcsId: 3727} | ret=SUCCESS |  
2019-08-21 12:28:13,588 | INFO  | DNAudit | user=null | ip=null | op=WRITE_CHUNK {blockData=conID: 1 locID: 102654967373496914 bcsId: 3721} | ret=SUCCESS |  
2019-08-21 12:28:13,588 | INFO  | DNAudit | user=null | ip=null | op=WRITE_CHUNK {blockData=conID: 1 locID: 102654967373496914 bcsId: 3721} | ret=SUCCESS |  
2019-08-21 12:28:13,600 | INFO  | DNAudit | user=null | ip=null | op=PUT_BLOCK {blockData=[blockId=conID: 1 locID: 102654967373496914 bcsId: 0,size=3145728]} | ret=SUCCESS |  
2019-08-21 12:28:13,601 | INFO  | DNAudit | user=null | ip=null | op=PUT_BLOCK {blockData=[blockId=conID: 1 locID: 102654967373496914 bcsId: 0,size=3145728]} | ret=SUCCESS |  
2019-08-21 12:28:13,601 | INFO  | DNAudit | user=null | ip=null | op=WRITE_CHUNK {blockData=conID: 1 locID: 102654967373496914 bcsId: 3727} | ret=SUCCESS |  
2019-08-21 12:28:13,601 | INFO  | DNAudit | user=null | ip=null | op=PUT_BLOCK {blockData=[blockId=conID: 1 locID: 102654967373496914 bcsId: 0,size=4194304]} | ret=SUCCESS |  
2019-08-21 12:28:13,601 [grpc-default-executor-4] INFO  client.GrpcClientProtocolClient (GrpcClientProtocolClient.java:onNext(255)) - client-C954105195FD->270584e6-a4a8-4db5-8151-214655ce1a56: receive RaftClientReply:client-C954105195FD->270584e6-a4a8-4db5-8151-214655ce1a56@group-787F5BA3AA67, cid=2507, SUCCESS, logIndex=3730, commits[270584e6-a4a8-4db5-8151-214655ce1a56:c3731, af078b8b-61ec-497f-9506-472d46a72462:c3727, 09fb9ab4-1b8d-44c0-9f8c-50855c6f1fed:c3727]
2019-08-21 12:28:13,602 [grpc-default-executor-4] INFO  client.GrpcClientProtocolClient (GrpcClientProtocolClient.java:onNext(255)) - client-C954105195FD->270584e6-a4a8-4db5-8151-214655ce1a56: receive RaftClientReply:client-C954105195FD->270584e6-a4a8-4db5-8151-214655ce1a56@group-787F5BA3AA67, cid=2508, SUCCESS, logIndex=3731, commits[270584e6-a4a8-4db5-8151-214655ce1a56:c3731, af078b8b-61ec-497f-9506-472d46a72462:c3727, 09fb9ab4-1b8d-44c0-9f8c-50855c6f1fed:c3727]
2019-08-21 12:28:13,614 | INFO  | DNAudit | user=null | ip=null | op=WRITE_CHUNK {blockData=conID: 1 locID: 102654967373496914 bcsId: 3727} | ret=SUCCESS |  
2019-08-21 12:28:13,614 | INFO  | DNAudit | user=null | ip=null | op=WRITE_CHUNK {blockData=conID: 1 locID: 102654967373496914 bcsId: 3727} | ret=SUCCESS |  
2019-08-21 12:28:13,626 | INFO  | DNAudit | user=null | ip=null | op=PUT_BLOCK {blockData=[blockId=conID: 1 locID: 102654967373496914 bcsId: 0,size=4194304]} | ret=SUCCESS |  
2019-08-21 12:28:13,626 | INFO  | DNAudit | user=null | ip=null | op=PUT_BLOCK {blockData=[blockId=conID: 1 locID: 102654967373496914 bcsId: 0,size=4194304]} | ret=SUCCESS |  
2019-08-21 12:28:13,627 [grpc-default-executor-4] INFO  client.GrpcClientProtocolClient (GrpcClientProtocolClient.java:onNext(255)) - client-C954105195FD->270584e6-a4a8-4db5-8151-214655ce1a56: receive RaftClientReply:client-C954105195FD->270584e6-a4a8-4db5-8151-214655ce1a56@group-787F5BA3AA67, cid=2509, SUCCESS, logIndex=0, commits[270584e6-a4a8-4db5-8151-214655ce1a56:c3733, af078b8b-61ec-497f-9506-472d46a72462:c3731, 09fb9ab4-1b8d-44c0-9f8c-50855c6f1fed:c3731]
2019-08-21 12:28:13,633 | INFO  | SCMAudit | user=jenkins1000 | ip=192.168.34.23 | op=ALLOCATE_BLOCK {owner=b79f83c9-5f7d-4caf-af30-78af34bc5eea, size=4194304, type=RATIS, factor=THREE} | ret=SUCCESS |  
2019-08-21 12:28:13,638 | INFO  | OMAudit | user=jenkins1000 | ip=127.0.0.1 | op=ALLOCATE_BLOCK {volume=vol-0-06517, bucket=bucket-0-64549, key=key-0-34512, dataSize=0, replicationType=null, replicationFactor=null, keyLocationInfo=null, clientID=102654965997830546} | ret=SUCCESS |  
2019-08-21 12:28:13,646 | INFO  | DNAudit | user=null | ip=null | op=WRITE_CHUNK {blockData=conID: 2 locID: 102654967390732883 bcsId: 0} | ret=SUCCESS |  
2019-08-21 12:28:13,650 | INFO  | DNAudit | user=null | ip=null | op=WRITE_CHUNK {blockData=conID: 2 locID: 102654967390732883 bcsId: 0} | ret=SUCCESS |  
2019-08-21 12:28:13,651 | INFO  | DNAudit | user=null | ip=null | op=WRITE_CHUNK {blockData=conID: 2 locID: 102654967390732883 bcsId: 0} | ret=SUCCESS |  
2019-08-21 12:28:13,651 | INFO  | DNAudit | user=null | ip=null | op=WRITE_CHUNK {blockData=conID: 2 locID: 102654967390732883 bcsId: 0} | ret=SUCCESS |  
2019-08-21 12:28:13,653 | INFO  | DNAudit | user=null | ip=null | op=WRITE_CHUNK {blockData=conID: 2 locID: 102654967390732883 bcsId: 0} | ret=SUCCESS |  
2019-08-21 12:28:13,653 | INFO  | DNAudit | user=null | ip=null | op=WRITE_CHUNK {blockData=conID: 2 locID: 102654967390732883 bcsId: 0} | ret=SUCCESS |  
2019-08-21 12:28:13,661 | INFO  | DNAudit | user=null | ip=null | op=WRITE_CHUNK {blockData=conID: 2 locID: 102654967390732883 bcsId: 0} | ret=SUCCESS |  
2019-08-21 12:28:13,662 | INFO  | DNAudit | user=null | ip=null | op=PUT_BLOCK {blockData=[blockId=conID: 2 locID: 102654967390732883 bcsId: 0,size=1048576]} | ret=SUCCESS |  
2019-08-21 12:28:13,662 [grpc-default-executor-4] INFO  client.GrpcClientProtocolClient (GrpcClientProtocolClient.java:onNext(255)) - client-C954105195FD->270584e6-a4a8-4db5-8151-214655ce1a56: receive RaftClientReply:client-C954105195FD->270584e6-a4a8-4db5-8151-214655ce1a56@group-787F5BA3AA67, cid=2510, SUCCESS, logIndex=3734, commits[270584e6-a4a8-4db5-8151-214655ce1a56:c3735, af078b8b-61ec-497f-9506-472d46a72462:c3733, 09fb9ab4-1b8d-44c0-9f8c-50855c6f1fed:c3733]
2019-08-21 12:28:13,663 [grpc-default-executor-4] INFO  client.GrpcClientProtocolClient (GrpcClientProtocolClient.java:onNext(255)) - client-C954105195FD->270584e6-a4a8-4db5-8151-214655ce1a56: receive RaftClientReply:client-C954105195FD->270584e6-a4a8-4db5-8151-214655ce1a56@group-787F5BA3AA67, cid=2511, SUCCESS, logIndex=3735, commits[270584e6-a4a8-4db5-8151-214655ce1a56:c3735, af078b8b-61ec-497f-9506-472d46a72462:c3733, 09fb9ab4-1b8d-44c0-9f8c-50855c6f1fed:c3733]
2019-08-21 12:28:13,681 | INFO  | DNAudit | user=null | ip=null | op=WRITE_CHUNK {blockData=conID: 2 locID: 102654967390732883 bcsId: 0} | ret=SUCCESS |  
2019-08-21 12:28:13,681 | INFO  | DNAudit | user=null | ip=null | op=PUT_BLOCK {blockData=[blockId=conID: 2 locID: 102654967390732883 bcsId: 0,size=2097152]} | ret=SUCCESS |  
2019-08-21 12:28:13,681 | INFO  | DNAudit | user=null | ip=null | op=WRITE_CHUNK {blockData=conID: 2 locID: 102654967390732883 bcsId: 0} | ret=SUCCESS |  
2019-08-21 12:28:13,681 [grpc-default-executor-4] INFO  client.GrpcClientProtocolClient (GrpcClientProtocolClient.java:onNext(255)) - client-C954105195FD->270584e6-a4a8-4db5-8151-214655ce1a56: receive RaftClientReply:client-C954105195FD->270584e6-a4a8-4db5-8151-214655ce1a56@group-787F5BA3AA67, cid=2512, SUCCESS, logIndex=3736, commits[270584e6-a4a8-4db5-8151-214655ce1a56:c3736, af078b8b-61ec-497f-9506-472d46a72462:c3733, 09fb9ab4-1b8d-44c0-9f8c-50855c6f1fed:c3733]
2019-08-21 12:28:13,682 | INFO  | DNAudit | user=null | ip=null | op=PUT_BLOCK {blockData=[blockId=conID: 2 locID: 102654967390732883 bcsId: 0,size=1048576]} | ret=SUCCESS |  
2019-08-21 12:28:13,682 | INFO  | DNAudit | user=null | ip=null | op=WRITE_CHUNK {blockData=conID: 2 locID: 102654967390732883 bcsId: 0} | ret=SUCCESS |  
2019-08-21 12:28:13,682 [grpc-default-executor-4] INFO  client.GrpcClientProtocolClient (GrpcClientProtocolClient.java:onNext(255)) - client-C954105195FD->270584e6-a4a8-4db5-8151-214655ce1a56: receive RaftClientReply:client-C954105195FD->270584e6-a4a8-4db5-8151-214655ce1a56@group-787F5BA3AA67, cid=2513, SUCCESS, logIndex=3737, commits[270584e6-a4a8-4db5-8151-214655ce1a56:c3738, af078b8b-61ec-497f-9506-472d46a72462:c3733, 09fb9ab4-1b8d-44c0-9f8c-50855c6f1fed:c3734]
2019-08-21 12:28:13,682 | INFO  | DNAudit | user=null | ip=null | op=PUT_BLOCK {blockData=[blockId=conID: 2 locID: 102654967390732883 bcsId: 0,size=1048576]} | ret=SUCCESS |  
2019-08-21 12:28:13,682 | INFO  | DNAudit | user=null | ip=null | op=WRITE_CHUNK {blockData=conID: 2 locID: 102654967390732883 bcsId: 0} | ret=SUCCESS |  
2019-08-21 12:28:13,683 | INFO  | DNAudit | user=null | ip=null | op=WRITE_CHUNK {blockData=conID: 2 locID: 102654967390732883 bcsId: 0} | ret=SUCCESS |  
2019-08-21 12:28:13,683 | INFO  | DNAudit | user=null | ip=null | op=PUT_BLOCK {blockData=[blockId=conID: 2 locID: 102654967390732883 bcsId: 0,size=2097152]} | ret=SUCCESS |  
2019-08-21 12:28:13,683 [grpc-default-executor-1] INFO  client.GrpcClientProtocolClient (GrpcClientProtocolClient.java:onNext(255)) - client-C954105195FD->270584e6-a4a8-4db5-8151-214655ce1a56: receive RaftClientReply:client-C954105195FD->270584e6-a4a8-4db5-8151-214655ce1a56@group-787F5BA3AA67, cid=2514, SUCCESS, logIndex=0, commits[270584e6-a4a8-4db5-8151-214655ce1a56:c3740, af078b8b-61ec-497f-9506-472d46a72462:c3735, 09fb9ab4-1b8d-44c0-9f8c-50855c6f1fed:c3736]
2019-08-21 12:28:13,685 | INFO  | DNAudit | user=null | ip=null | op=PUT_BLOCK {blockData=[blockId=conID: 2 locID: 102654967390732883 bcsId: 0,size=2097152]} | ret=SUCCESS |  
2019-08-21 12:28:13,691 | INFO  | DNAudit | user=null | ip=null | op=WRITE_CHUNK {blockData=conID: 2 locID: 102654967390732883 bcsId: 3737} | ret=SUCCESS |  
2019-08-21 12:28:13,694 | INFO  | DNAudit | user=null | ip=null | op=WRITE_CHUNK {blockData=conID: 2 locID: 102654967390732883 bcsId: 3737} | ret=SUCCESS |  
2019-08-21 12:28:13,694 | INFO  | DNAudit | user=null | ip=null | op=WRITE_CHUNK {blockData=conID: 2 locID: 102654967390732883 bcsId: 3737} | ret=SUCCESS |  
2019-08-21 12:28:13,697 | INFO  | DNAudit | user=null | ip=null | op=WRITE_CHUNK {blockData=conID: 2 locID: 102654967390732883 bcsId: 3737} | ret=SUCCESS |  
2019-08-21 12:28:13,697 | INFO  | DNAudit | user=null | ip=null | op=PUT_BLOCK {blockData=[blockId=conID: 2 locID: 102654967390732883 bcsId: 0,size=3145728]} | ret=SUCCESS |  
2019-08-21 12:28:13,697 [grpc-default-executor-1] INFO  client.GrpcClientProtocolClient (GrpcClientProtocolClient.java:onNext(255)) - client-C954105195FD->270584e6-a4a8-4db5-8151-214655ce1a56: receive RaftClientReply:client-C954105195FD->270584e6-a4a8-4db5-8151-214655ce1a56@group-787F5BA3AA67, cid=2515, SUCCESS, logIndex=3742, commits[270584e6-a4a8-4db5-8151-214655ce1a56:c3743, af078b8b-61ec-497f-9506-472d46a72462:c3741, 09fb9ab4-1b8d-44c0-9f8c-50855c6f1fed:c3741]
2019-08-21 12:28:13,698 [grpc-default-executor-1] INFO  client.GrpcClientProtocolClient (GrpcClientProtocolClient.java:onNext(255)) - client-C954105195FD->270584e6-a4a8-4db5-8151-214655ce1a56: receive RaftClientReply:client-C954105195FD->270584e6-a4a8-4db5-8151-214655ce1a56@group-787F5BA3AA67, cid=2516, SUCCESS, logIndex=3743, commits[270584e6-a4a8-4db5-8151-214655ce1a56:c3743, af078b8b-61ec-497f-9506-472d46a72462:c3741, 09fb9ab4-1b8d-44c0-9f8c-50855c6f1fed:c3741]
2019-08-21 12:28:13,700 | INFO  | DNAudit | user=null | ip=null | op=WRITE_CHUNK {blockData=conID: 2 locID: 102654967390732883 bcsId: 3737} | ret=SUCCESS |  
2019-08-21 12:28:13,700 | INFO  | DNAudit | user=null | ip=null | op=WRITE_CHUNK {blockData=conID: 2 locID: 102654967390732883 bcsId: 3737} | ret=SUCCESS |  
2019-08-21 12:28:13,701 | INFO  | DNAudit | user=null | ip=null | op=PUT_BLOCK {blockData=[blockId=conID: 2 locID: 102654967390732883 bcsId: 0,size=3145728]} | ret=SUCCESS |  
2019-08-21 12:28:13,701 | INFO  | DNAudit | user=null | ip=null | op=PUT_BLOCK {blockData=[blockId=conID: 2 locID: 102654967390732883 bcsId: 0,size=3145728]} | ret=SUCCESS |  
2019-08-21 12:28:13,705 | INFO  | DNAudit | user=null | ip=null | op=WRITE_CHUNK {blockData=conID: 2 locID: 102654967390732883 bcsId: 3743} | ret=SUCCESS |  
2019-08-21 12:28:13,707 | INFO  | DNAudit | user=null | ip=null | op=WRITE_CHUNK {blockData=conID: 2 locID: 102654967390732883 bcsId: 3743} | ret=SUCCESS |  
2019-08-21 12:28:13,708 | INFO  | DNAudit | user=null | ip=null | op=WRITE_CHUNK {blockData=conID: 2 locID: 102654967390732883 bcsId: 3743} | ret=SUCCESS |  
2019-08-21 12:28:13,709 | INFO  | DNAudit | user=null | ip=null | op=WRITE_CHUNK {blockData=conID: 2 locID: 102654967390732883 bcsId: 3743} | ret=SUCCESS |  
2019-08-21 12:28:13,710 | INFO  | DNAudit | user=null | ip=null | op=PUT_BLOCK {blockData=[blockId=conID: 2 locID: 102654967390732883 bcsId: 0,size=4194304]} | ret=SUCCESS |  
2019-08-21 12:28:13,710 [grpc-default-executor-4] INFO  client.GrpcClientProtocolClient (GrpcClientProtocolClient.java:onNext(255)) - client-C954105195FD->270584e6-a4a8-4db5-8151-214655ce1a56: receive RaftClientReply:client-C954105195FD->270584e6-a4a8-4db5-8151-214655ce1a56@group-787F5BA3AA67, cid=2517, SUCCESS, logIndex=3746, commits[270584e6-a4a8-4db5-8151-214655ce1a56:c3747, af078b8b-61ec-497f-9506-472d46a72462:c3745, 09fb9ab4-1b8d-44c0-9f8c-50855c6f1fed:c3743]
2019-08-21 12:28:13,710 [grpc-default-executor-4] INFO  client.GrpcClientProtocolClient (GrpcClientProtocolClient.java:onNext(255)) - client-C954105195FD->270584e6-a4a8-4db5-8151-214655ce1a56: receive RaftClientReply:client-C954105195FD->270584e6-a4a8-4db5-8151-214655ce1a56@group-787F5BA3AA67, cid=2518, SUCCESS, logIndex=3747, commits[270584e6-a4a8-4db5-8151-214655ce1a56:c3747, af078b8b-61ec-497f-9506-472d46a72462:c3745, 09fb9ab4-1b8d-44c0-9f8c-50855c6f1fed:c3745]
2019-08-21 12:28:13,713 | INFO  | DNAudit | user=null | ip=null | op=WRITE_CHUNK {blockData=conID: 2 locID: 102654967390732883 bcsId: 3743} | ret=SUCCESS |  
2019-08-21 12:28:13,713 | INFO  | DNAudit | user=null | ip=null | op=WRITE_CHUNK {blockData=conID: 2 locID: 102654967390732883 bcsId: 3743} | ret=SUCCESS |  
2019-08-21 12:28:13,713 | INFO  | DNAudit | user=null | ip=null | op=PUT_BLOCK {blockData=[blockId=conID: 2 locID: 102654967390732883 bcsId: 0,size=4194304]} | ret=SUCCESS |  
2019-08-21 12:28:13,713 | INFO  | DNAudit | user=null | ip=null | op=PUT_BLOCK {blockData=[blockId=conID: 2 locID: 102654967390732883 bcsId: 0,size=4194304]} | ret=SUCCESS |  
2019-08-21 12:28:13,713 [grpc-default-executor-4] INFO  client.GrpcClientProtocolClient (GrpcClientProtocolClient.java:onNext(255)) - client-C954105195FD->270584e6-a4a8-4db5-8151-214655ce1a56: receive RaftClientReply:client-C954105195FD->270584e6-a4a8-4db5-8151-214655ce1a56@group-787F5BA3AA67, cid=2519, SUCCESS, logIndex=0, commits[270584e6-a4a8-4db5-8151-214655ce1a56:c3748, af078b8b-61ec-497f-9506-472d46a72462:c3747, 09fb9ab4-1b8d-44c0-9f8c-50855c6f1fed:c3747]
2019-08-21 12:28:13,719 | INFO  | SCMAudit | user=jenkins1000 | ip=192.168.34.23 | op=ALLOCATE_BLOCK {owner=b79f83c9-5f7d-4caf-af30-78af34bc5eea, size=4194304, type=RATIS, factor=THREE} | ret=SUCCESS |  
2019-08-21 12:28:13,722 | INFO  | OMAudit | user=jenkins1000 | ip=127.0.0.1 | op=ALLOCATE_BLOCK {volume=vol-0-06517, bucket=bucket-0-64549, key=key-0-34512, dataSize=0, replicationType=null, replicationFactor=null, keyLocationInfo=null, clientID=102654965997830546} | ret=SUCCESS |  
2019-08-21 12:28:13,730 | INFO  | DNAudit | user=null | ip=null | op=WRITE_CHUNK {blockData=conID: 3 locID: 102654967396368980 bcsId: 0} | ret=SUCCESS |  
2019-08-21 12:28:13,733 | INFO  | DNAudit | user=null | ip=null | op=WRITE_CHUNK {blockData=conID: 3 locID: 102654967396368980 bcsId: 0} | ret=SUCCESS |  
2019-08-21 12:28:13,734 | INFO  | DNAudit | user=null | ip=null | op=WRITE_CHUNK {blockData=conID: 3 locID: 102654967396368980 bcsId: 0} | ret=SUCCESS |  
2019-08-21 12:28:13,734 | INFO  | DNAudit | user=null | ip=null | op=WRITE_CHUNK {blockData=conID: 3 locID: 102654967396368980 bcsId: 0} | ret=SUCCESS |  
2019-08-21 12:28:13,735 | INFO  | DNAudit | user=null | ip=null | op=WRITE_CHUNK {blockData=conID: 3 locID: 102654967396368980 bcsId: 0} | ret=SUCCESS |  
2019-08-21 12:28:13,736 | INFO  | DNAudit | user=null | ip=null | op=WRITE_CHUNK {blockData=conID: 3 locID: 102654967396368980 bcsId: 0} | ret=SUCCESS |  
2019-08-21 12:28:13,736 | INFO  | DNAudit | user=null | ip=null | op=PUT_BLOCK {blockData=[blockId=conID: 3 locID: 102654967396368980 bcsId: 0,size=1048576]} | ret=SUCCESS |  
2019-08-21 12:28:13,736 | INFO  | DNAudit | user=null | ip=null | op=WRITE_CHUNK {blockData=conID: 3 locID: 102654967396368980 bcsId: 0} | ret=SUCCESS |  
2019-08-21 12:28:13,736 [grpc-default-executor-2] INFO  client.GrpcClientProtocolClient (GrpcClientProtocolClient.java:onNext(255)) - client-C954105195FD->270584e6-a4a8-4db5-8151-214655ce1a56: receive RaftClientReply:client-C954105195FD->270584e6-a4a8-4db5-8151-214655ce1a56@group-787F5BA3AA67, cid=2520, SUCCESS, logIndex=3750, commits[270584e6-a4a8-4db5-8151-214655ce1a56:c3751, af078b8b-61ec-497f-9506-472d46a72462:c3749, 09fb9ab4-1b8d-44c0-9f8c-50855c6f1fed:c3749]
2019-08-21 12:28:13,737 [grpc-default-executor-2] INFO  client.GrpcClientProtocolClient (GrpcClientProtocolClient.java:onNext(255)) - client-C954105195FD->270584e6-a4a8-4db5-8151-214655ce1a56: receive RaftClientReply:client-C954105195FD->270584e6-a4a8-4db5-8151-214655ce1a56@group-787F5BA3AA67, cid=2521, SUCCESS, logIndex=3751, commits[270584e6-a4a8-4db5-8151-214655ce1a56:c3751, af078b8b-61ec-497f-9506-472d46a72462:c3749, 09fb9ab4-1b8d-44c0-9f8c-50855c6f1fed:c3749]
2019-08-21 12:28:13,738 | INFO  | DNAudit | user=null | ip=null | op=WRITE_CHUNK {blockData=conID: 3 locID: 102654967396368980 bcsId: 0} | ret=SUCCESS |  
2019-08-21 12:28:13,738 | INFO  | DNAudit | user=null | ip=null | op=WRITE_CHUNK {blockData=conID: 3 locID: 102654967396368980 bcsId: 0} | ret=SUCCESS |  
2019-08-21 12:28:13,738 | INFO  | DNAudit | user=null | ip=null | op=PUT_BLOCK {blockData=[blockId=conID: 3 locID: 102654967396368980 bcsId: 0,size=2097152]} | ret=SUCCESS |  
2019-08-21 12:28:13,738 | INFO  | DNAudit | user=null | ip=null | op=PUT_BLOCK {blockData=[blockId=conID: 3 locID: 102654967396368980 bcsId: 0,size=1048576]} | ret=SUCCESS |  
2019-08-21 12:28:13,738 [grpc-default-executor-2] INFO  client.GrpcClientProtocolClient (GrpcClientProtocolClient.java:onNext(255)) - client-C954105195FD->270584e6-a4a8-4db5-8151-214655ce1a56: receive RaftClientReply:client-C954105195FD->270584e6-a4a8-4db5-8151-214655ce1a56@group-787F5BA3AA67, cid=2522, SUCCESS, logIndex=3752, commits[270584e6-a4a8-4db5-8151-214655ce1a56:c3754, af078b8b-61ec-497f-9506-472d46a72462:c3751, 09fb9ab4-1b8d-44c0-9f8c-50855c6f1fed:c3749]
2019-08-21 12:28:13,739 [grpc-default-executor-1] INFO  client.GrpcClientProtocolClient (GrpcClientProtocolClient.java:onNext(255)) - client-C954105195FD->270584e6-a4a8-4db5-8151-214655ce1a56: receive RaftClientReply:client-C954105195FD->270584e6-a4a8-4db5-8151-214655ce1a56@group-787F5BA3AA67, cid=2523, SUCCESS, logIndex=3753, commits[270584e6-a4a8-4db5-8151-214655ce1a56:c3755, af078b8b-61ec-497f-9506-472d46a72462:c3751, 09fb9ab4-1b8d-44c0-9f8c-50855c6f1fed:c3749]
2019-08-21 12:28:13,739 | INFO  | DNAudit | user=null | ip=null | op=WRITE_CHUNK {blockData=conID: 3 locID: 102654967396368980 bcsId: 0} | ret=SUCCESS |  
2019-08-21 12:28:13,739 | INFO  | DNAudit | user=null | ip=null | op=PUT_BLOCK {blockData=[blockId=conID: 3 locID: 102654967396368980 bcsId: 0,size=1048576]} | ret=SUCCESS |  
2019-08-21 12:28:13,740 [grpc-default-executor-1] INFO  client.GrpcClientProtocolClient (GrpcClientProtocolClient.java:onNext(255)) - client-C954105195FD->270584e6-a4a8-4db5-8151-214655ce1a56: receive RaftClientReply:client-C954105195FD->270584e6-a4a8-4db5-8151-214655ce1a56@group-787F5BA3AA67, cid=2524, SUCCESS, logIndex=0, commits[270584e6-a4a8-4db5-8151-214655ce1a56:c3755, af078b8b-61ec-497f-9506-472d46a72462:c3751, 09fb9ab4-1b8d-44c0-9f8c-50855c6f1fed:c3751]
2019-08-21 12:28:13,742 | INFO  | DNAudit | user=null | ip=null | op=WRITE_CHUNK {blockData=conID: 3 locID: 102654967396368980 bcsId: 0} | ret=SUCCESS |  
2019-08-21 12:28:13,742 | INFO  | DNAudit | user=null | ip=null | op=WRITE_CHUNK {blockData=conID: 3 locID: 102654967396368980 bcsId: 0} | ret=SUCCESS |  
2019-08-21 12:28:13,742 | INFO  | DNAudit | user=null | ip=null | op=PUT_BLOCK {blockData=[blockId=conID: 3 locID: 102654967396368980 bcsId: 0,size=2097152]} | ret=SUCCESS |  
2019-08-21 12:28:13,742 | INFO  | DNAudit | user=null | ip=null | op=PUT_BLOCK {blockData=[blockId=conID: 3 locID: 102654967396368980 bcsId: 0,size=2097152]} | ret=SUCCESS |  
2019-08-21 12:28:13,747 | INFO  | DNAudit | user=null | ip=null | op=WRITE_CHUNK {blockData=conID: 3 locID: 102654967396368980 bcsId: 3753} | ret=SUCCESS |  
2019-08-21 12:28:13,749 | INFO  | DNAudit | user=null | ip=null | op=WRITE_CHUNK {blockData=conID: 3 locID: 102654967396368980 bcsId: 3753} | ret=SUCCESS |  
2019-08-21 12:28:13,749 | INFO  | DNAudit | user=null | ip=null | op=WRITE_CHUNK {blockData=conID: 3 locID: 102654967396368980 bcsId: 3753} | ret=SUCCESS |  
2019-08-21 12:28:13,772 | INFO  | DNAudit | user=null | ip=null | op=WRITE_CHUNK {blockData=conID: 3 locID: 102654967396368980 bcsId: 3753} | ret=SUCCESS |  
2019-08-21 12:28:13,773 | INFO  | DNAudit | user=null | ip=null | op=PUT_BLOCK {blockData=[blockId=conID: 3 locID: 102654967396368980 bcsId: 0,size=3145728]} | ret=SUCCESS |  
2019-08-21 12:28:13,773 [grpc-default-executor-4] INFO  client.GrpcClientProtocolClient (GrpcClientProtocolClient.java:onNext(255)) - client-C954105195FD->270584e6-a4a8-4db5-8151-214655ce1a56: receive RaftClientReply:client-C954105195FD->270584e6-a4a8-4db5-8151-214655ce1a56@group-787F5BA3AA67, cid=2525, SUCCESS, logIndex=3758, commits[270584e6-a4a8-4db5-8151-214655ce1a56:c3759, af078b8b-61ec-497f-9506-472d46a72462:c3757, 09fb9ab4-1b8d-44c0-9f8c-50855c6f1fed:c3757]
2019-08-21 12:28:13,773 [grpc-default-executor-4] INFO  client.GrpcClientProtocolClient (GrpcClientProtocolClient.java:onNext(255)) - client-C954105195FD->270584e6-a4a8-4db5-8151-214655ce1a56: receive RaftClientReply:client-C954105195FD->270584e6-a4a8-4db5-8151-214655ce1a56@group-787F5BA3AA67, cid=2526, SUCCESS, logIndex=3759, commits[270584e6-a4a8-4db5-8151-214655ce1a56:c3759, af078b8b-61ec-497f-9506-472d46a72462:c3757, 09fb9ab4-1b8d-44c0-9f8c-50855c6f1fed:c3757]
2019-08-21 12:28:13,773 | INFO  | DNAudit | user=null | ip=null | op=WRITE_CHUNK {blockData=conID: 3 locID: 102654967396368980 bcsId: 3753} | ret=SUCCESS |  
2019-08-21 12:28:13,774 | INFO  | DNAudit | user=null | ip=null | op=PUT_BLOCK {blockData=[blockId=conID: 3 locID: 102654967396368980 bcsId: 0,size=3145728]} | ret=SUCCESS |  
2019-08-21 12:28:13,775 | INFO  | DNAudit | user=null | ip=null | op=WRITE_CHUNK {blockData=conID: 3 locID: 102654967396368980 bcsId: 3753} | ret=SUCCESS |  
2019-08-21 12:28:13,776 | INFO  | DNAudit | user=null | ip=null | op=PUT_BLOCK {blockData=[blockId=conID: 3 locID: 102654967396368980 bcsId: 0,size=3145728]} | ret=SUCCESS |  
2019-08-21 12:28:13,781 | INFO  | DNAudit | user=null | ip=null | op=WRITE_CHUNK {blockData=conID: 3 locID: 102654967396368980 bcsId: 3759} | ret=SUCCESS |  
2019-08-21 12:28:13,783 | INFO  | DNAudit | user=null | ip=null | op=WRITE_CHUNK {blockData=conID: 3 locID: 102654967396368980 bcsId: 3759} | ret=SUCCESS |  
2019-08-21 12:28:13,784 | INFO  | DNAudit | user=null | ip=null | op=WRITE_CHUNK {blockData=conID: 3 locID: 102654967396368980 bcsId: 3759} | ret=SUCCESS |  
2019-08-21 12:28:13,788 | INFO  | DNAudit | user=null | ip=null | op=WRITE_CHUNK {blockData=conID: 3 locID: 102654967396368980 bcsId: 3759} | ret=SUCCESS |  
2019-08-21 12:28:13,788 | INFO  | DNAudit | user=null | ip=null | op=PUT_BLOCK {blockData=[blockId=conID: 3 locID: 102654967396368980 bcsId: 0,size=4194304]} | ret=SUCCESS |  
2019-08-21 12:28:13,789 [grpc-default-executor-4] INFO  client.GrpcClientProtocolClient (GrpcClientProtocolClient.java:onNext(255)) - client-C954105195FD->270584e6-a4a8-4db5-8151-214655ce1a56: receive RaftClientReply:client-C954105195FD->270584e6-a4a8-4db5-8151-214655ce1a56@group-787F5BA3AA67, cid=2527, SUCCESS, logIndex=3762, commits[270584e6-a4a8-4db5-8151-214655ce1a56:c3763, af078b8b-61ec-497f-9506-472d46a72462:c3760, 09fb9ab4-1b8d-44c0-9f8c-50855c6f1fed:c3759]
2019-08-21 12:28:13,789 [grpc-default-executor-4] INFO  client.GrpcClientProtocolClient (GrpcClientProtocolClient.java:onNext(255)) - client-C954105195FD->270584e6-a4a8-4db5-8151-214655ce1a56: receive RaftClientReply:client-C954105195FD->270584e6-a4a8-4db5-8151-214655ce1a56@group-787F5BA3AA67, cid=2528, SUCCESS, logIndex=3763, commits[270584e6-a4a8-4db5-8151-214655ce1a56:c3763, af078b8b-61ec-497f-9506-472d46a72462:c3760, 09fb9ab4-1b8d-44c0-9f8c-50855c6f1fed:c3760]
2019-08-21 12:28:13,789 | INFO  | DNAudit | user=null | ip=null | op=WRITE_CHUNK {blockData=conID: 3 locID: 102654967396368980 bcsId: 3759} | ret=SUCCESS |  
2019-08-21 12:28:13,790 | INFO  | DNAudit | user=null | ip=null | op=PUT_BLOCK {blockData=[blockId=conID: 3 locID: 102654967396368980 bcsId: 0,size=4194304]} | ret=SUCCESS |  
2019-08-21 12:28:13,790 | INFO  | DNAudit | user=null | ip=null | op=WRITE_CHUNK {blockData=conID: 3 locID: 102654967396368980 bcsId: 3759} | ret=SUCCESS |  
2019-08-21 12:28:13,791 | INFO  | DNAudit | user=null | ip=null | op=PUT_BLOCK {blockData=[blockId=conID: 3 locID: 102654967396368980 bcsId: 0,size=4194304]} | ret=SUCCESS |  
2019-08-21 12:28:13,791 [grpc-default-executor-2] INFO  client.GrpcClientProtocolClient (GrpcClientProtocolClient.java:onNext(255)) - client-C954105195FD->270584e6-a4a8-4db5-8151-214655ce1a56: receive RaftClientReply:client-C954105195FD->270584e6-a4a8-4db5-8151-214655ce1a56@group-787F5BA3AA67, cid=2529, SUCCESS, logIndex=0, commits[270584e6-a4a8-4db5-8151-214655ce1a56:c3764, af078b8b-61ec-497f-9506-472d46a72462:c3763, 09fb9ab4-1b8d-44c0-9f8c-50855c6f1fed:c3763]
2019-08-21 12:28:13,796 | INFO  | SCMAudit | user=jenkins1000 | ip=192.168.34.23 | op=ALLOCATE_BLOCK {owner=b79f83c9-5f7d-4caf-af30-78af34bc5eea, size=4194304, type=RATIS, factor=THREE} | ret=SUCCESS |  
2019-08-21 12:28:13,799 | INFO  | OMAudit | user=jenkins1000 | ip=127.0.0.1 | op=ALLOCATE_BLOCK {volume=vol-0-06517, bucket=bucket-0-64549, key=key-0-34512, dataSize=0, replicationType=null, replicationFactor=null, keyLocationInfo=null, clientID=102654965997830546} | ret=SUCCESS |  
2019-08-21 12:28:13,807 | INFO  | DNAudit | user=null | ip=null | op=WRITE_CHUNK {blockData=conID: 1 locID: 102654967401415253 bcsId: 0} | ret=SUCCESS |  
2019-08-21 12:28:13,810 | INFO  | DNAudit | user=null | ip=null | op=WRITE_CHUNK {blockData=conID: 1 locID: 102654967401415253 bcsId: 0} | ret=SUCCESS |  
2019-08-21 12:28:13,811 | INFO  | DNAudit | user=null | ip=null | op=WRITE_CHUNK {blockData=conID: 1 locID: 102654967401415253 bcsId: 0} | ret=SUCCESS |  
2019-08-21 12:28:13,812 | INFO  | DNAudit | user=null | ip=null | op=WRITE_CHUNK {blockData=conID: 1 locID: 102654967401415253 bcsId: 0} | ret=SUCCESS |  
2019-08-21 12:28:13,814 | INFO  | DNAudit | user=null | ip=null | op=WRITE_CHUNK {blockData=conID: 1 locID: 102654967401415253 bcsId: 0} | ret=SUCCESS |  
2019-08-21 12:28:13,814 | INFO  | DNAudit | user=null | ip=null | op=WRITE_CHUNK {blockData=conID: 1 locID: 102654967401415253 bcsId: 0} | ret=SUCCESS |  
2019-08-21 12:28:13,822 | INFO  | DNAudit | user=null | ip=null | op=WRITE_CHUNK {blockData=conID: 1 locID: 102654967401415253 bcsId: 0} | ret=SUCCESS |  
2019-08-21 12:28:13,822 | INFO  | DNAudit | user=null | ip=null | op=PUT_BLOCK {blockData=[blockId=conID: 1 locID: 102654967401415253 bcsId: 0,size=1048576]} | ret=SUCCESS |  
2019-08-21 12:28:13,822 [grpc-default-executor-4] INFO  client.GrpcClientProtocolClient (GrpcClientProtocolClient.java:onNext(255)) - client-C954105195FD->270584e6-a4a8-4db5-8151-214655ce1a56: receive RaftClientReply:client-C954105195FD->270584e6-a4a8-4db5-8151-214655ce1a56@group-787F5BA3AA67, cid=2530, SUCCESS, logIndex=3766, commits[270584e6-a4a8-4db5-8151-214655ce1a56:c3767, af078b8b-61ec-497f-9506-472d46a72462:c3765, 09fb9ab4-1b8d-44c0-9f8c-50855c6f1fed:c3765]
2019-08-21 12:28:13,823 [grpc-default-executor-4] INFO  client.GrpcClientProtocolClient (GrpcClientProtocolClient.java:onNext(255)) - client-C954105195FD->270584e6-a4a8-4db5-8151-214655ce1a56: receive RaftClientReply:client-C954105195FD->270584e6-a4a8-4db5-8151-214655ce1a56@group-787F5BA3AA67, cid=2531, SUCCESS, logIndex=3767, commits[270584e6-a4a8-4db5-8151-214655ce1a56:c3767, af078b8b-61ec-497f-9506-472d46a72462:c3765, 09fb9ab4-1b8d-44c0-9f8c-50855c6f1fed:c3765]
2019-08-21 12:28:13,834 | INFO  | DNAudit | user=null | ip=null | op=WRITE_CHUNK {blockData=conID: 1 locID: 102654967401415253 bcsId: 0} | ret=SUCCESS |  
2019-08-21 12:28:13,835 | INFO  | DNAudit | user=null | ip=null | op=PUT_BLOCK {blockData=[blockId=conID: 1 locID: 102654967401415253 bcsId: 0,size=2097152]} | ret=SUCCESS |  
2019-08-21 12:28:13,835 [grpc-default-executor-1] INFO  client.GrpcClientProtocolClient (GrpcClientProtocolClient.java:onNext(255)) - client-C954105195FD->270584e6-a4a8-4db5-8151-214655ce1a56: receive RaftClientReply:client-C954105195FD->270584e6-a4a8-4db5-8151-214655ce1a56@group-787F5BA3AA67, cid=2532, SUCCESS, logIndex=3768, commits[270584e6-a4a8-4db5-8151-214655ce1a56:c3769, af078b8b-61ec-497f-9506-472d46a72462:c3765, 09fb9ab4-1b8d-44c0-9f8c-50855c6f1fed:c3765]
2019-08-21 12:28:13,835 [grpc-default-executor-1] INFO  client.GrpcClientProtocolClient (GrpcClientProtocolClient.java:onNext(255)) - client-C954105195FD->270584e6-a4a8-4db5-8151-214655ce1a56: receive RaftClientReply:client-C954105195FD->270584e6-a4a8-4db5-8151-214655ce1a56@group-787F5BA3AA67, cid=2533, SUCCESS, logIndex=3769, commits[270584e6-a4a8-4db5-8151-214655ce1a56:c3769, af078b8b-61ec-497f-9506-472d46a72462:c3765, 09fb9ab4-1b8d-44c0-9f8c-50855c6f1fed:c3765]
2019-08-21 12:28:13,847 | INFO  | DNAudit | user=null | ip=null | op=WRITE_CHUNK {blockData=conID: 1 locID: 102654967401415253 bcsId: 0} | ret=SUCCESS |  
2019-08-21 12:28:13,847 | INFO  | DNAudit | user=null | ip=null | op=WRITE_CHUNK {blockData=conID: 1 locID: 102654967401415253 bcsId: 0} | ret=SUCCESS |  
2019-08-21 12:28:13,847 | INFO  | DNAudit | user=null | ip=null | op=PUT_BLOCK {blockData=[blockId=conID: 1 locID: 102654967401415253 bcsId: 0,size=1048576]} | ret=SUCCESS |  
2019-08-21 12:28:13,847 | INFO  | DNAudit | user=null | ip=null | op=PUT_BLOCK {blockData=[blockId=conID: 1 locID: 102654967401415253 bcsId: 0,size=1048576]} | ret=SUCCESS |  
2019-08-21 12:28:13,848 [grpc-default-executor-1] INFO  client.GrpcClientProtocolClient (GrpcClientProtocolClient.java:onNext(255)) - client-C954105195FD->270584e6-a4a8-4db5-8151-214655ce1a56: receive RaftClientReply:client-C954105195FD->270584e6-a4a8-4db5-8151-214655ce1a56@group-787F5BA3AA67, cid=2534, SUCCESS, logIndex=0, commits[270584e6-a4a8-4db5-8151-214655ce1a56:c3770, af078b8b-61ec-497f-9506-472d46a72462:c3767, 09fb9ab4-1b8d-44c0-9f8c-50855c6f1fed:c3767]
2019-08-21 12:28:13,855 | INFO  | DNAudit | user=null | ip=null | op=WRITE_CHUNK {blockData=conID: 1 locID: 102654967401415253 bcsId: 3769} | ret=SUCCESS |  
2019-08-21 12:28:13,857 | INFO  | DNAudit | user=null | ip=null | op=WRITE_CHUNK {blockData=conID: 1 locID: 102654967401415253 bcsId: 3769} | ret=SUCCESS |  
2019-08-21 12:28:13,857 | INFO  | DNAudit | user=null | ip=null | op=WRITE_CHUNK {blockData=conID: 1 locID: 102654967401415253 bcsId: 3769} | ret=SUCCESS |  
2019-08-21 12:28:13,860 | INFO  | DNAudit | user=null | ip=null | op=WRITE_CHUNK {blockData=conID: 1 locID: 102654967401415253 bcsId: 0} | ret=SUCCESS |  
2019-08-21 12:28:13,860 | INFO  | DNAudit | user=null | ip=null | op=WRITE_CHUNK {blockData=conID: 1 locID: 102654967401415253 bcsId: 0} | ret=SUCCESS |  
2019-08-21 12:28:13,860 | INFO  | DNAudit | user=null | ip=null | op=PUT_BLOCK {blockData=[blockId=conID: 1 locID: 102654967401415253 bcsId: 0,size=2097152]} | ret=SUCCESS |  
2019-08-21 12:28:13,860 | INFO  | DNAudit | user=null | ip=null | op=PUT_BLOCK {blockData=[blockId=conID: 1 locID: 102654967401415253 bcsId: 0,size=2097152]} | ret=SUCCESS |  
2019-08-21 12:28:13,871 | INFO  | DNAudit | user=null | ip=null | op=WRITE_CHUNK {blockData=conID: 1 locID: 102654967401415253 bcsId: 3769} | ret=SUCCESS |  
2019-08-21 12:28:13,872 | INFO  | DNAudit | user=null | ip=null | op=PUT_BLOCK {blockData=[blockId=conID: 1 locID: 102654967401415253 bcsId: 0,size=3145728]} | ret=SUCCESS |  
2019-08-21 12:28:13,872 [grpc-default-executor-2] INFO  client.GrpcClientProtocolClient (GrpcClientProtocolClient.java:onNext(255)) - client-C954105195FD->270584e6-a4a8-4db5-8151-214655ce1a56: receive RaftClientReply:client-C954105195FD->270584e6-a4a8-4db5-8151-214655ce1a56@group-787F5BA3AA67, cid=2535, SUCCESS, logIndex=3774, commits[270584e6-a4a8-4db5-8151-214655ce1a56:c3775, af078b8b-61ec-497f-9506-472d46a72462:c3771, 09fb9ab4-1b8d-44c0-9f8c-50855c6f1fed:c3771]
2019-08-21 12:28:13,872 [grpc-default-executor-2] INFO  client.GrpcClientProtocolClient (GrpcClientProtocolClient.java:onNext(255)) - client-C954105195FD->270584e6-a4a8-4db5-8151-214655ce1a56: receive RaftClientReply:client-C954105195FD->270584e6-a4a8-4db5-8151-214655ce1a56@group-787F5BA3AA67, cid=2536, SUCCESS, logIndex=3775, commits[270584e6-a4a8-4db5-8151-214655ce1a56:c3775, af078b8b-61ec-497f-9506-472d46a72462:c3771, 09fb9ab4-1b8d-44c0-9f8c-50855c6f1fed:c3771]
2019-08-21 12:28:13,880 | INFO  | DNAudit | user=null | ip=null | op=WRITE_CHUNK {blockData=conID: 1 locID: 102654967401415253 bcsId: 3775} | ret=SUCCESS |  
2019-08-21 12:28:13,882 | INFO  | DNAudit | user=null | ip=null | op=WRITE_CHUNK {blockData=conID: 1 locID: 102654967401415253 bcsId: 3775} | ret=SUCCESS |  
2019-08-21 12:28:13,883 | INFO  | DNAudit | user=null | ip=null | op=WRITE_CHUNK {blockData=conID: 1 locID: 102654967401415253 bcsId: 3775} | ret=SUCCESS |  
2019-08-21 12:28:13,883 | INFO  | DNAudit | user=null | ip=null | op=WRITE_CHUNK {blockData=conID: 1 locID: 102654967401415253 bcsId: 3769} | ret=SUCCESS |  
2019-08-21 12:28:13,883 | INFO  | DNAudit | user=null | ip=null | op=WRITE_CHUNK {blockData=conID: 1 locID: 102654967401415253 bcsId: 3769} | ret=SUCCESS |  
2019-08-21 12:28:13,884 | INFO  | DNAudit | user=null | ip=null | op=PUT_BLOCK {blockData=[blockId=conID: 1 locID: 102654967401415253 bcsId: 0,size=3145728]} | ret=SUCCESS |  
2019-08-21 12:28:13,885 | INFO  | DNAudit | user=null | ip=null | op=PUT_BLOCK {blockData=[blockId=conID: 1 locID: 102654967401415253 bcsId: 0,size=3145728]} | ret=SUCCESS |  
2019-08-21 12:28:13,885 | INFO  | DNAudit | user=null | ip=null | op=WRITE_CHUNK {blockData=conID: 1 locID: 102654967401415253 bcsId: 3775} | ret=SUCCESS |  
2019-08-21 12:28:13,885 | INFO  | DNAudit | user=null | ip=null | op=PUT_BLOCK {blockData=[blockId=conID: 1 locID: 102654967401415253 bcsId: 0,size=4194304]} | ret=SUCCESS |  
2019-08-21 12:28:13,885 [grpc-default-executor-4] INFO  client.GrpcClientProtocolClient (GrpcClientProtocolClient.java:onNext(255)) - client-C954105195FD->270584e6-a4a8-4db5-8151-214655ce1a56: receive RaftClientReply:client-C954105195FD->270584e6-a4a8-4db5-8151-214655ce1a56@group-787F5BA3AA67, cid=2537, SUCCESS, logIndex=3778, commits[270584e6-a4a8-4db5-8151-214655ce1a56:c3779, af078b8b-61ec-497f-9506-472d46a72462:c3775, 09fb9ab4-1b8d-44c0-9f8c-50855c6f1fed:c3775]
2019-08-21 12:28:13,886 [grpc-default-executor-4] INFO  client.GrpcClientProtocolClient (GrpcClientProtocolClient.java:onNext(255)) - client-C954105195FD->270584e6-a4a8-4db5-8151-214655ce1a56: receive RaftClientReply:client-C954105195FD->270584e6-a4a8-4db5-8151-214655ce1a56@group-787F5BA3AA67, cid=2538, SUCCESS, logIndex=3779, commits[270584e6-a4a8-4db5-8151-214655ce1a56:c3779, af078b8b-61ec-497f-9506-472d46a72462:c3775, 09fb9ab4-1b8d-44c0-9f8c-50855c6f1fed:c3775]
2019-08-21 12:28:13,898 | INFO  | DNAudit | user=null | ip=null | op=WRITE_CHUNK {blockData=conID: 1 locID: 102654967401415253 bcsId: 3775} | ret=SUCCESS |  
2019-08-21 12:28:13,898 | INFO  | DNAudit | user=null | ip=null | op=WRITE_CHUNK {blockData=conID: 1 locID: 102654967401415253 bcsId: 3775} | ret=SUCCESS |  
2019-08-21 12:28:13,898 | INFO  | DNAudit | user=null | ip=null | op=PUT_BLOCK {blockData=[blockId=conID: 1 locID: 102654967401415253 bcsId: 0,size=4194304]} | ret=SUCCESS |  
2019-08-21 12:28:13,898 | INFO  | DNAudit | user=null | ip=null | op=PUT_BLOCK {blockData=[blockId=conID: 1 locID: 102654967401415253 bcsId: 0,size=4194304]} | ret=SUCCESS |  
2019-08-21 12:28:13,899 [grpc-default-executor-4] INFO  client.GrpcClientProtocolClient (GrpcClientProtocolClient.java:onNext(255)) - client-C954105195FD->270584e6-a4a8-4db5-8151-214655ce1a56: receive RaftClientReply:client-C954105195FD->270584e6-a4a8-4db5-8151-214655ce1a56@group-787F5BA3AA67, cid=2539, SUCCESS, logIndex=0, commits[270584e6-a4a8-4db5-8151-214655ce1a56:c3780, af078b8b-61ec-497f-9506-472d46a72462:c3779, 09fb9ab4-1b8d-44c0-9f8c-50855c6f1fed:c3779]
2019-08-21 12:28:13,905 | INFO  | SCMAudit | user=jenkins1000 | ip=192.168.34.23 | op=ALLOCATE_BLOCK {owner=b79f83c9-5f7d-4caf-af30-78af34bc5eea, size=4194304, type=RATIS, factor=THREE} | ret=SUCCESS |  
2019-08-21 12:28:13,909 | INFO  | OMAudit | user=jenkins1000 | ip=127.0.0.1 | op=ALLOCATE_BLOCK {volume=vol-0-06517, bucket=bucket-0-64549, key=key-0-34512, dataSize=0, replicationType=null, replicationFactor=null, keyLocationInfo=null, clientID=102654965997830546} | ret=SUCCESS |  
2019-08-21 12:28:13,917 | INFO  | DNAudit | user=null | ip=null | op=WRITE_CHUNK {blockData=conID: 2 locID: 102654967408558678 bcsId: 0} | ret=SUCCESS |  
2019-08-21 12:28:13,920 | INFO  | DNAudit | user=null | ip=null | op=WRITE_CHUNK {blockData=conID: 2 locID: 102654967408558678 bcsId: 0} | ret=SUCCESS |  
2019-08-21 12:28:13,921 | INFO  | DNAudit | user=null | ip=null | op=WRITE_CHUNK {blockData=conID: 2 locID: 102654967408558678 bcsId: 0} | ret=SUCCESS |  
2019-08-21 12:28:13,921 | INFO  | DNAudit | user=null | ip=null | op=WRITE_CHUNK {blockData=conID: 2 locID: 102654967408558678 bcsId: 0} | ret=SUCCESS |  
2019-08-21 12:28:13,923 | INFO  | DNAudit | user=null | ip=null | op=WRITE_CHUNK {blockData=conID: 2 locID: 102654967408558678 bcsId: 0} | ret=SUCCESS |  
2019-08-21 12:28:13,923 | INFO  | DNAudit | user=null | ip=null | op=WRITE_CHUNK {blockData=conID: 2 locID: 102654967408558678 bcsId: 0} | ret=SUCCESS |  
2019-08-21 12:28:13,923 | INFO  | DNAudit | user=null | ip=null | op=WRITE_CHUNK {blockData=conID: 2 locID: 102654967408558678 bcsId: 0} | ret=SUCCESS |  
2019-08-21 12:28:13,924 | INFO  | DNAudit | user=null | ip=null | op=PUT_BLOCK {blockData=[blockId=conID: 2 locID: 102654967408558678 bcsId: 0,size=1048576]} | ret=SUCCESS |  
2019-08-21 12:28:13,924 [grpc-default-executor-4] INFO  client.GrpcClientProtocolClient (GrpcClientProtocolClient.java:onNext(255)) - client-C954105195FD->270584e6-a4a8-4db5-8151-214655ce1a56: receive RaftClientReply:client-C954105195FD->270584e6-a4a8-4db5-8151-214655ce1a56@group-787F5BA3AA67, cid=2540, SUCCESS, logIndex=3782, commits[270584e6-a4a8-4db5-8151-214655ce1a56:c3783, af078b8b-61ec-497f-9506-472d46a72462:c3779, 09fb9ab4-1b8d-44c0-9f8c-50855c6f1fed:c3781]
2019-08-21 12:28:13,925 [grpc-default-executor-4] INFO  client.GrpcClientProtocolClient (GrpcClientProtocolClient.java:onNext(255)) - client-C954105195FD->270584e6-a4a8-4db5-8151-214655ce1a56: receive RaftClientReply:client-C954105195FD->270584e6-a4a8-4db5-8151-214655ce1a56@group-787F5BA3AA67, cid=2541, SUCCESS, logIndex=3783, commits[270584e6-a4a8-4db5-8151-214655ce1a56:c3783, af078b8b-61ec-497f-9506-472d46a72462:c3779, 09fb9ab4-1b8d-44c0-9f8c-50855c6f1fed:c3781]
2019-08-21 12:28:13,926 | INFO  | DNAudit | user=null | ip=null | op=WRITE_CHUNK {blockData=conID: 2 locID: 102654967408558678 bcsId: 0} | ret=SUCCESS |  
2019-08-21 12:28:13,927 | INFO  | DNAudit | user=null | ip=null | op=WRITE_CHUNK {blockData=conID: 2 locID: 102654967408558678 bcsId: 0} | ret=SUCCESS |  
2019-08-21 12:28:13,927 | INFO  | DNAudit | user=null | ip=null | op=PUT_BLOCK {blockData=[blockId=conID: 2 locID: 102654967408558678 bcsId: 0,size=2097152]} | ret=SUCCESS |  
2019-08-21 12:28:13,927 | INFO  | DNAudit | user=null | ip=null | op=PUT_BLOCK {blockData=[blockId=conID: 2 locID: 102654967408558678 bcsId: 0,size=1048576]} | ret=SUCCESS |  
2019-08-21 12:28:13,927 [grpc-default-executor-4] INFO  client.GrpcClientProtocolClient (GrpcClientProtocolClient.java:onNext(255)) - client-C954105195FD->270584e6-a4a8-4db5-8151-214655ce1a56: receive RaftClientReply:client-C954105195FD->270584e6-a4a8-4db5-8151-214655ce1a56@group-787F5BA3AA67, cid=2542, SUCCESS, logIndex=3784, commits[270584e6-a4a8-4db5-8151-214655ce1a56:c3785, af078b8b-61ec-497f-9506-472d46a72462:c3781, 09fb9ab4-1b8d-44c0-9f8c-50855c6f1fed:c3781]
2019-08-21 12:28:13,927 [grpc-default-executor-4] INFO  client.GrpcClientProtocolClient (GrpcClientProtocolClient.java:onNext(255)) - client-C954105195FD->270584e6-a4a8-4db5-8151-214655ce1a56: receive RaftClientReply:client-C954105195FD->270584e6-a4a8-4db5-8151-214655ce1a56@group-787F5BA3AA67, cid=2543, SUCCESS, logIndex=3785, commits[270584e6-a4a8-4db5-8151-214655ce1a56:c3786, af078b8b-61ec-497f-9506-472d46a72462:c3781, 09fb9ab4-1b8d-44c0-9f8c-50855c6f1fed:c3783]
2019-08-21 12:28:13,929 | INFO  | DNAudit | user=null | ip=null | op=WRITE_CHUNK {blockData=conID: 2 locID: 102654967408558678 bcsId: 0} | ret=SUCCESS |  
2019-08-21 12:28:13,929 | INFO  | DNAudit | user=null | ip=null | op=PUT_BLOCK {blockData=[blockId=conID: 2 locID: 102654967408558678 bcsId: 0,size=1048576]} | ret=SUCCESS |  
2019-08-21 12:28:13,930 | INFO  | DNAudit | user=null | ip=null | op=WRITE_CHUNK {blockData=conID: 2 locID: 102654967408558678 bcsId: 0} | ret=SUCCESS |  
2019-08-21 12:28:13,930 [grpc-default-executor-4] INFO  client.GrpcClientProtocolClient (GrpcClientProtocolClient.java:onNext(255)) - client-C954105195FD->270584e6-a4a8-4db5-8151-214655ce1a56: receive RaftClientReply:client-C954105195FD->270584e6-a4a8-4db5-8151-214655ce1a56@group-787F5BA3AA67, cid=2544, SUCCESS, logIndex=0, commits[270584e6-a4a8-4db5-8151-214655ce1a56:c3787, af078b8b-61ec-497f-9506-472d46a72462:c3783, 09fb9ab4-1b8d-44c0-9f8c-50855c6f1fed:c3783]
2019-08-21 12:28:13,931 | INFO  | DNAudit | user=null | ip=null | op=WRITE_CHUNK {blockData=conID: 2 locID: 102654967408558678 bcsId: 0} | ret=SUCCESS |  
2019-08-21 12:28:13,931 | INFO  | DNAudit | user=null | ip=null | op=PUT_BLOCK {blockData=[blockId=conID: 2 locID: 102654967408558678 bcsId: 0,size=2097152]} | ret=SUCCESS |  
2019-08-21 12:28:13,931 | INFO  | DNAudit | user=null | ip=null | op=PUT_BLOCK {blockData=[blockId=conID: 2 locID: 102654967408558678 bcsId: 0,size=2097152]} | ret=SUCCESS |  
2019-08-21 12:28:13,937 | INFO  | DNAudit | user=null | ip=null | op=WRITE_CHUNK {blockData=conID: 2 locID: 102654967408558678 bcsId: 3785} | ret=SUCCESS |  
2019-08-21 12:28:13,939 | INFO  | DNAudit | user=null | ip=null | op=WRITE_CHUNK {blockData=conID: 2 locID: 102654967408558678 bcsId: 3785} | ret=SUCCESS |  
2019-08-21 12:28:13,939 | INFO  | DNAudit | user=null | ip=null | op=WRITE_CHUNK {blockData=conID: 2 locID: 102654967408558678 bcsId: 3785} | ret=SUCCESS |  
2019-08-21 12:28:13,941 | INFO  | DNAudit | user=null | ip=null | op=WRITE_CHUNK {blockData=conID: 2 locID: 102654967408558678 bcsId: 3785} | ret=SUCCESS |  
2019-08-21 12:28:13,941 | INFO  | DNAudit | user=null | ip=null | op=PUT_BLOCK {blockData=[blockId=conID: 2 locID: 102654967408558678 bcsId: 0,size=3145728]} | ret=SUCCESS |  
2019-08-21 12:28:13,941 [grpc-default-executor-4] INFO  client.GrpcClientProtocolClient (GrpcClientProtocolClient.java:onNext(255)) - client-C954105195FD->270584e6-a4a8-4db5-8151-214655ce1a56: receive RaftClientReply:client-C954105195FD->270584e6-a4a8-4db5-8151-214655ce1a56@group-787F5BA3AA67, cid=2545, SUCCESS, logIndex=3790, commits[270584e6-a4a8-4db5-8151-214655ce1a56:c3791, af078b8b-61ec-497f-9506-472d46a72462:c3789, 09fb9ab4-1b8d-44c0-9f8c-50855c6f1fed:c3789]
2019-08-21 12:28:13,942 [grpc-default-executor-4] INFO  client.GrpcClientProtocolClient (GrpcClientProtocolClient.java:onNext(255)) - client-C954105195FD->270584e6-a4a8-4db5-8151-214655ce1a56: receive RaftClientReply:client-C954105195FD->270584e6-a4a8-4db5-8151-214655ce1a56@group-787F5BA3AA67, cid=2546, SUCCESS, logIndex=3791, commits[270584e6-a4a8-4db5-8151-214655ce1a56:c3791, af078b8b-61ec-497f-9506-472d46a72462:c3789, 09fb9ab4-1b8d-44c0-9f8c-50855c6f1fed:c3789]
2019-08-21 12:28:13,943 | INFO  | DNAudit | user=null | ip=null | op=WRITE_CHUNK {blockData=conID: 2 locID: 102654967408558678 bcsId: 3785} | ret=SUCCESS |  
2019-08-21 12:28:13,943 | INFO  | DNAudit | user=null | ip=null | op=WRITE_CHUNK {blockData=conID: 2 locID: 102654967408558678 bcsId: 3785} | ret=SUCCESS |  
2019-08-21 12:28:13,947 | INFO  | DNAudit | user=null | ip=null | op=PUT_BLOCK {blockData=[blockId=conID: 2 locID: 102654967408558678 bcsId: 0,size=3145728]} | ret=SUCCESS |  
2019-08-21 12:28:13,947 | INFO  | DNAudit | user=null | ip=null | op=PUT_BLOCK {blockData=[blockId=conID: 2 locID: 102654967408558678 bcsId: 0,size=3145728]} | ret=SUCCESS |  
2019-08-21 12:28:13,949 | INFO  | DNAudit | user=null | ip=null | op=WRITE_CHUNK {blockData=conID: 2 locID: 102654967408558678 bcsId: 3791} | ret=SUCCESS |  
2019-08-21 12:28:13,950 | INFO  | SCMAudit | user=jenkins1000 | ip=192.168.34.23 | op=SEND_HEARTBEAT {datanodeUUID=09fb9ab4-1b8d-44c0-9f8c-50855c6f1fed, command=[]} | ret=SUCCESS |  
2019-08-21 12:28:13,950 | INFO  | SCMAudit | user=jenkins1000 | ip=192.168.34.23 | op=SEND_HEARTBEAT {datanodeUUID=af078b8b-61ec-497f-9506-472d46a72462, command=[]} | ret=SUCCESS |  
2019-08-21 12:28:13,951 | INFO  | DNAudit | user=null | ip=null | op=WRITE_CHUNK {blockData=conID: 2 locID: 102654967408558678 bcsId: 3791} | ret=SUCCESS |  
2019-08-21 12:28:13,952 | INFO  | SCMAudit | user=jenkins1000 | ip=192.168.34.23 | op=SEND_HEARTBEAT {datanodeUUID=270584e6-a4a8-4db5-8151-214655ce1a56, command=[]} | ret=SUCCESS |  
2019-08-21 12:28:13,952 | INFO  | DNAudit | user=null | ip=null | op=WRITE_CHUNK {blockData=conID: 2 locID: 102654967408558678 bcsId: 3791} | ret=SUCCESS |  
 0.00% |█                                                                                                    |  0/1 Time: 0:00:212019-08-21 12:28:13,953 | INFO  | DNAudit | user=null | ip=null | op=WRITE_CHUNK {blockData=conID: 2 locID: 102654967408558678 bcsId: 3791} | ret=SUCCESS |  
2019-08-21 12:28:13,954 | INFO  | DNAudit | user=null | ip=null | op=PUT_BLOCK {blockData=[blockId=conID: 2 locID: 102654967408558678 bcsId: 0,size=4194304]} | ret=SUCCESS |  
2019-08-21 12:28:13,954 [grpc-default-executor-2] INFO  client.GrpcClientProtocolClient (GrpcClientProtocolClient.java:onNext(255)) - client-C954105195FD->270584e6-a4a8-4db5-8151-214655ce1a56: receive RaftClientReply:client-C954105195FD->270584e6-a4a8-4db5-8151-214655ce1a56@group-787F5BA3AA67, cid=2547, SUCCESS, logIndex=3794, commits[270584e6-a4a8-4db5-8151-214655ce1a56:c3795, af078b8b-61ec-497f-9506-472d46a72462:c3793, 09fb9ab4-1b8d-44c0-9f8c-50855c6f1fed:c3791]
2019-08-21 12:28:13,954 [grpc-default-executor-2] INFO  client.GrpcClientProtocolClient (GrpcClientProtocolClient.java:onNext(255)) - client-C954105195FD->270584e6-a4a8-4db5-8151-214655ce1a56: receive RaftClientReply:client-C954105195FD->270584e6-a4a8-4db5-8151-214655ce1a56@group-787F5BA3AA67, cid=2548, SUCCESS, logIndex=3795, commits[270584e6-a4a8-4db5-8151-214655ce1a56:c3795, af078b8b-61ec-497f-9506-472d46a72462:c3793, 09fb9ab4-1b8d-44c0-9f8c-50855c6f1fed:c3793]
2019-08-21 12:28:13,955 | INFO  | DNAudit | user=null | ip=null | op=WRITE_CHUNK {blockData=conID: 2 locID: 102654967408558678 bcsId: 3791} | ret=SUCCESS |  
2019-08-21 12:28:13,955 | INFO  | DNAudit | user=null | ip=null | op=WRITE_CHUNK {blockData=conID: 2 locID: 102654967408558678 bcsId: 3791} | ret=SUCCESS |  
2019-08-21 12:28:13,955 | INFO  | DNAudit | user=null | ip=null | op=PUT_BLOCK {blockData=[blockId=conID: 2 locID: 102654967408558678 bcsId: 0,size=4194304]} | ret=SUCCESS |  
2019-08-21 12:28:13,955 | INFO  | DNAudit | user=null | ip=null | op=PUT_BLOCK {blockData=[blockId=conID: 2 locID: 102654967408558678 bcsId: 0,size=4194304]} | ret=SUCCESS |  
2019-08-21 12:28:13,955 [grpc-default-executor-4] INFO  client.GrpcClientProtocolClient (GrpcClientProtocolClient.java:onNext(255)) - client-C954105195FD->270584e6-a4a8-4db5-8151-214655ce1a56: receive RaftClientReply:client-C954105195FD->270584e6-a4a8-4db5-8151-214655ce1a56@group-787F5BA3AA67, cid=2549, SUCCESS, logIndex=0, commits[270584e6-a4a8-4db5-8151-214655ce1a56:c3796, af078b8b-61ec-497f-9506-472d46a72462:c3795, 09fb9ab4-1b8d-44c0-9f8c-50855c6f1fed:c3795]
2019-08-21 12:28:13,961 | INFO  | SCMAudit | user=jenkins1000 | ip=192.168.34.23 | op=ALLOCATE_BLOCK {owner=b79f83c9-5f7d-4caf-af30-78af34bc5eea, size=4194304, type=RATIS, factor=THREE} | ret=SUCCESS |  
2019-08-21 12:28:13,965 | INFO  | OMAudit | user=jenkins1000 | ip=127.0.0.1 | op=ALLOCATE_BLOCK {volume=vol-0-06517, bucket=bucket-0-64549, key=key-0-34512, dataSize=0, replicationType=null, replicationFactor=null, keyLocationInfo=null, clientID=102654965997830546} | ret=SUCCESS |  
2019-08-21 12:28:13,971 | INFO  | DNAudit | user=null | ip=null | op=WRITE_CHUNK {blockData=conID: 3 locID: 102654967412228695 bcsId: 0} | ret=SUCCESS |  
2019-08-21 12:28:13,974 | INFO  | DNAudit | user=null | ip=null | op=WRITE_CHUNK {blockData=conID: 3 locID: 102654967412228695 bcsId: 0} | ret=SUCCESS |  
2019-08-21 12:28:13,974 | INFO  | DNAudit | user=null | ip=null | op=WRITE_CHUNK {blockData=conID: 3 locID: 102654967412228695 bcsId: 0} | ret=SUCCESS |  
2019-08-21 12:28:13,974 | INFO  | DNAudit | user=null | ip=null | op=WRITE_CHUNK {blockData=conID: 3 locID: 102654967412228695 bcsId: 0} | ret=SUCCESS |  
2019-08-21 12:28:13,976 | INFO  | DNAudit | user=null | ip=null | op=WRITE_CHUNK {blockData=conID: 3 locID: 102654967412228695 bcsId: 0} | ret=SUCCESS |  
2019-08-21 12:28:13,976 | INFO  | DNAudit | user=null | ip=null | op=WRITE_CHUNK {blockData=conID: 3 locID: 102654967412228695 bcsId: 0} | ret=SUCCESS |  
2019-08-21 12:28:13,979 | INFO  | DNAudit | user=null | ip=null | op=WRITE_CHUNK {blockData=conID: 3 locID: 102654967412228695 bcsId: 0} | ret=SUCCESS |  
2019-08-21 12:28:13,979 | INFO  | DNAudit | user=null | ip=null | op=PUT_BLOCK {blockData=[blockId=conID: 3 locID: 102654967412228695 bcsId: 0,size=1048576]} | ret=SUCCESS |  
2019-08-21 12:28:13,980 [grpc-default-executor-4] INFO  client.GrpcClientProtocolClient (GrpcClientProtocolClient.java:onNext(255)) - client-C954105195FD->270584e6-a4a8-4db5-8151-214655ce1a56: receive RaftClientReply:client-C954105195FD->270584e6-a4a8-4db5-8151-214655ce1a56@group-787F5BA3AA67, cid=2550, SUCCESS, logIndex=3798, commits[270584e6-a4a8-4db5-8151-214655ce1a56:c3799, af078b8b-61ec-497f-9506-472d46a72462:c3795, 09fb9ab4-1b8d-44c0-9f8c-50855c6f1fed:c3797]
2019-08-21 12:28:13,980 [grpc-default-executor-4] INFO  client.GrpcClientProtocolClient (GrpcClientProtocolClient.java:onNext(255)) - client-C954105195FD->270584e6-a4a8-4db5-8151-214655ce1a56: receive RaftClientReply:client-C954105195FD->270584e6-a4a8-4db5-8151-214655ce1a56@group-787F5BA3AA67, cid=2551, SUCCESS, logIndex=3799, commits[270584e6-a4a8-4db5-8151-214655ce1a56:c3799, af078b8b-61ec-497f-9506-472d46a72462:c3795, 09fb9ab4-1b8d-44c0-9f8c-50855c6f1fed:c3797]
2019-08-21 12:28:13,980 | INFO  | DNAudit | user=null | ip=null | op=WRITE_CHUNK {blockData=conID: 3 locID: 102654967412228695 bcsId: 0} | ret=SUCCESS |  
2019-08-21 12:28:13,981 | INFO  | DNAudit | user=null | ip=null | op=PUT_BLOCK {blockData=[blockId=conID: 3 locID: 102654967412228695 bcsId: 0,size=2097152]} | ret=SUCCESS |  
2019-08-21 12:28:13,981 [grpc-default-executor-2] INFO  client.GrpcClientProtocolClient (GrpcClientProtocolClient.java:onNext(255)) - client-C954105195FD->270584e6-a4a8-4db5-8151-214655ce1a56: receive RaftClientReply:client-C954105195FD->270584e6-a4a8-4db5-8151-214655ce1a56@group-787F5BA3AA67, cid=2552, SUCCESS, logIndex=3800, commits[270584e6-a4a8-4db5-8151-214655ce1a56:c3801, af078b8b-61ec-497f-9506-472d46a72462:c3797, 09fb9ab4-1b8d-44c0-9f8c-50855c6f1fed:c3797]
2019-08-21 12:28:13,981 [grpc-default-executor-2] INFO  client.GrpcClientProtocolClient (GrpcClientProtocolClient.java:onNext(255)) - client-C954105195FD->270584e6-a4a8-4db5-8151-214655ce1a56: receive RaftClientReply:client-C954105195FD->270584e6-a4a8-4db5-8151-214655ce1a56@group-787F5BA3AA67, cid=2553, SUCCESS, logIndex=3801, commits[270584e6-a4a8-4db5-8151-214655ce1a56:c3801, af078b8b-61ec-497f-9506-472d46a72462:c3797, 09fb9ab4-1b8d-44c0-9f8c-50855c6f1fed:c3797]
2019-08-21 12:28:13,985 | INFO  | DNAudit | user=null | ip=null | op=WRITE_CHUNK {blockData=conID: 3 locID: 102654967412228695 bcsId: 0} | ret=SUCCESS |  
2019-08-21 12:28:13,985 | INFO  | DNAudit | user=null | ip=null | op=PUT_BLOCK {blockData=[blockId=conID: 3 locID: 102654967412228695 bcsId: 0,size=1048576]} | ret=SUCCESS |  
2019-08-21 12:28:13,986 | INFO  | DNAudit | user=null | ip=null | op=WRITE_CHUNK {blockData=conID: 3 locID: 102654967412228695 bcsId: 0} | ret=SUCCESS |  
2019-08-21 12:28:13,987 | INFO  | DNAudit | user=null | ip=null | op=PUT_BLOCK {blockData=[blockId=conID: 3 locID: 102654967412228695 bcsId: 0,size=2097152]} | ret=SUCCESS |  
2019-08-21 12:28:13,989 | INFO  | DNAudit | user=null | ip=null | op=WRITE_CHUNK {blockData=conID: 3 locID: 102654967412228695 bcsId: 0} | ret=SUCCESS |  
2019-08-21 12:28:13,989 | INFO  | DNAudit | user=null | ip=null | op=PUT_BLOCK {blockData=[blockId=conID: 3 locID: 102654967412228695 bcsId: 0,size=1048576]} | ret=SUCCESS |  
2019-08-21 12:28:13,989 [grpc-default-executor-2] INFO  client.GrpcClientProtocolClient (GrpcClientProtocolClient.java:onNext(255)) - client-C954105195FD->270584e6-a4a8-4db5-8151-214655ce1a56: receive RaftClientReply:client-C954105195FD->270584e6-a4a8-4db5-8151-214655ce1a56@group-787F5BA3AA67, cid=2554, SUCCESS, logIndex=0, commits[270584e6-a4a8-4db5-8151-214655ce1a56:c3805, af078b8b-61ec-497f-9506-472d46a72462:c3801, 09fb9ab4-1b8d-44c0-9f8c-50855c6f1fed:c3799]
2019-08-21 12:28:13,990 | INFO  | DNAudit | user=null | ip=null | op=WRITE_CHUNK {blockData=conID: 3 locID: 102654967412228695 bcsId: 0} | ret=SUCCESS |  
2019-08-21 12:28:13,991 | INFO  | DNAudit | user=null | ip=null | op=PUT_BLOCK {blockData=[blockId=conID: 3 locID: 102654967412228695 bcsId: 0,size=2097152]} | ret=SUCCESS |  
2019-08-21 12:28:13,995 | INFO  | DNAudit | user=null | ip=null | op=WRITE_CHUNK {blockData=conID: 3 locID: 102654967412228695 bcsId: 3801} | ret=SUCCESS |  
2019-08-21 12:28:13,997 | INFO  | DNAudit | user=null | ip=null | op=WRITE_CHUNK {blockData=conID: 3 locID: 102654967412228695 bcsId: 3801} | ret=SUCCESS |  
2019-08-21 12:28:13,997 | INFO  | DNAudit | user=null | ip=null | op=WRITE_CHUNK {blockData=conID: 3 locID: 102654967412228695 bcsId: 3801} | ret=SUCCESS |  
2019-08-21 12:28:14,021 | INFO  | DNAudit | user=null | ip=null | op=WRITE_CHUNK {blockData=conID: 3 locID: 102654967412228695 bcsId: 3801} | ret=SUCCESS |  
2019-08-21 12:28:14,021 | INFO  | DNAudit | user=null | ip=null | op=PUT_BLOCK {blockData=[blockId=conID: 3 locID: 102654967412228695 bcsId: 0,size=3145728]} | ret=SUCCESS |  
2019-08-21 12:28:14,021 [grpc-default-executor-1] INFO  client.GrpcClientProtocolClient (GrpcClientProtocolClient.java:onNext(255)) - client-C954105195FD->270584e6-a4a8-4db5-8151-214655ce1a56: receive RaftClientReply:client-C954105195FD->270584e6-a4a8-4db5-8151-214655ce1a56@group-787F5BA3AA67, cid=2555, SUCCESS, logIndex=3806, commits[270584e6-a4a8-4db5-8151-214655ce1a56:c3807, af078b8b-61ec-497f-9506-472d46a72462:c3801, 09fb9ab4-1b8d-44c0-9f8c-50855c6f1fed:c3805]
2019-08-21 12:28:14,022 [grpc-default-executor-1] INFO  client.GrpcClientProtocolClient (GrpcClientProtocolClient.java:onNext(255)) - client-C954105195FD->270584e6-a4a8-4db5-8151-214655ce1a56: receive RaftClientReply:client-C954105195FD->270584e6-a4a8-4db5-8151-214655ce1a56@group-787F5BA3AA67, cid=2556, SUCCESS, logIndex=3807, commits[270584e6-a4a8-4db5-8151-214655ce1a56:c3807, af078b8b-61ec-497f-9506-472d46a72462:c3805, 09fb9ab4-1b8d-44c0-9f8c-50855c6f1fed:c3805]
2019-08-21 12:28:14,024 | INFO  | DNAudit | user=null | ip=null | op=WRITE_CHUNK {blockData=conID: 3 locID: 102654967412228695 bcsId: 3801} | ret=SUCCESS |  
2019-08-21 12:28:14,024 | INFO  | DNAudit | user=null | ip=null | op=WRITE_CHUNK {blockData=conID: 3 locID: 102654967412228695 bcsId: 3801} | ret=SUCCESS |  
2019-08-21 12:28:14,024 | INFO  | DNAudit | user=null | ip=null | op=PUT_BLOCK {blockData=[blockId=conID: 3 locID: 102654967412228695 bcsId: 0,size=3145728]} | ret=SUCCESS |  
2019-08-21 12:28:14,024 | INFO  | DNAudit | user=null | ip=null | op=PUT_BLOCK {blockData=[blockId=conID: 3 locID: 102654967412228695 bcsId: 0,size=3145728]} | ret=SUCCESS |  
2019-08-21 12:28:14,027 | INFO  | DNAudit | user=null | ip=null | op=WRITE_CHUNK {blockData=conID: 3 locID: 102654967412228695 bcsId: 3807} | ret=SUCCESS |  
2019-08-21 12:28:14,029 | INFO  | DNAudit | user=null | ip=null | op=WRITE_CHUNK {blockData=conID: 3 locID: 102654967412228695 bcsId: 3807} | ret=SUCCESS |  
2019-08-21 12:28:14,029 | INFO  | DNAudit | user=null | ip=null | op=WRITE_CHUNK {blockData=conID: 3 locID: 102654967412228695 bcsId: 3807} | ret=SUCCESS |  
2019-08-21 12:28:14,039 | INFO  | DNAudit | user=null | ip=null | op=WRITE_CHUNK {blockData=conID: 3 locID: 102654967412228695 bcsId: 3807} | ret=SUCCESS |  
2019-08-21 12:28:14,040 | INFO  | DNAudit | user=null | ip=null | op=PUT_BLOCK {blockData=[blockId=conID: 3 locID: 102654967412228695 bcsId: 0,size=4194304]} | ret=SUCCESS |  
2019-08-21 12:28:14,040 [grpc-default-executor-1] INFO  client.GrpcClientProtocolClient (GrpcClientProtocolClient.java:onNext(255)) - client-C954105195FD->270584e6-a4a8-4db5-8151-214655ce1a56: receive RaftClientReply:client-C954105195FD->270584e6-a4a8-4db5-8151-214655ce1a56@group-787F5BA3AA67, cid=2557, SUCCESS, logIndex=3809, commits[270584e6-a4a8-4db5-8151-214655ce1a56:c3810, af078b8b-61ec-497f-9506-472d46a72462:c3808, 09fb9ab4-1b8d-44c0-9f8c-50855c6f1fed:c3808]
2019-08-21 12:28:14,040 [grpc-default-executor-1] INFO  client.GrpcClientProtocolClient (GrpcClientProtocolClient.java:onNext(255)) - client-C954105195FD->270584e6-a4a8-4db5-8151-214655ce1a56: receive RaftClientReply:client-C954105195FD->270584e6-a4a8-4db5-8151-214655ce1a56@group-787F5BA3AA67, cid=2558, SUCCESS, logIndex=3810, commits[270584e6-a4a8-4db5-8151-214655ce1a56:c3810, af078b8b-61ec-497f-9506-472d46a72462:c3808, 09fb9ab4-1b8d-44c0-9f8c-50855c6f1fed:c3808]
2019-08-21 12:28:14,052 | INFO  | DNAudit | user=null | ip=null | op=WRITE_CHUNK {blockData=conID: 3 locID: 102654967412228695 bcsId: 3807} | ret=SUCCESS |  
2019-08-21 12:28:14,052 | INFO  | DNAudit | user=null | ip=null | op=WRITE_CHUNK {blockData=conID: 3 locID: 102654967412228695 bcsId: 3807} | ret=SUCCESS |  
2019-08-21 12:28:14,052 | INFO  | DNAudit | user=null | ip=null | op=PUT_BLOCK {blockData=[blockId=conID: 3 locID: 102654967412228695 bcsId: 0,size=4194304]} | ret=SUCCESS |  
2019-08-21 12:28:14,052 | INFO  | DNAudit | user=null | ip=null | op=PUT_BLOCK {blockData=[blockId=conID: 3 locID: 102654967412228695 bcsId: 0,size=4194304]} | ret=SUCCESS |  
2019-08-21 12:28:14,052 [grpc-default-executor-2] INFO  client.GrpcClientProtocolClient (GrpcClientProtocolClient.java:onNext(255)) - client-C954105195FD->270584e6-a4a8-4db5-8151-214655ce1a56: receive RaftClientReply:client-C954105195FD->270584e6-a4a8-4db5-8151-214655ce1a56@group-787F5BA3AA67, cid=2559, SUCCESS, logIndex=0, commits[270584e6-a4a8-4db5-8151-214655ce1a56:c3811, af078b8b-61ec-497f-9506-472d46a72462:c3810, 09fb9ab4-1b8d-44c0-9f8c-50855c6f1fed:c3810]
2019-08-21 12:28:14,058 | INFO  | SCMAudit | user=jenkins1000 | ip=192.168.34.23 | op=ALLOCATE_BLOCK {owner=b79f83c9-5f7d-4caf-af30-78af34bc5eea, size=4194304, type=RATIS, factor=THREE} | ret=SUCCESS |  
2019-08-21 12:28:14,061 | INFO  | OMAudit | user=jenkins1000 | ip=127.0.0.1 | op=ALLOCATE_BLOCK {volume=vol-0-06517, bucket=bucket-0-64549, key=key-0-34512, dataSize=0, replicationType=null, replicationFactor=null, keyLocationInfo=null, clientID=102654965997830546} | ret=SUCCESS |  
2019-08-21 12:28:14,067 | INFO  | DNAudit | user=null | ip=null | op=WRITE_CHUNK {blockData=conID: 1 locID: 102654967418585688 bcsId: 0} | ret=SUCCESS |  
2019-08-21 12:28:14,069 | INFO  | DNAudit | user=null | ip=null | op=WRITE_CHUNK {blockData=conID: 1 locID: 102654967418585688 bcsId: 0} | ret=SUCCESS |  
2019-08-21 12:28:14,069 | INFO  | DNAudit | user=null | ip=null | op=WRITE_CHUNK {blockData=conID: 1 locID: 102654967418585688 bcsId: 0} | ret=SUCCESS |  
2019-08-21 12:28:14,070 | INFO  | DNAudit | user=null | ip=null | op=WRITE_CHUNK {blockData=conID: 1 locID: 102654967418585688 bcsId: 0} | ret=SUCCESS |  
2019-08-21 12:28:14,071 | INFO  | DNAudit | user=null | ip=null | op=WRITE_CHUNK {blockData=conID: 1 locID: 102654967418585688 bcsId: 0} | ret=SUCCESS |  
2019-08-21 12:28:14,071 | INFO  | DNAudit | user=null | ip=null | op=WRITE_CHUNK {blockData=conID: 1 locID: 102654967418585688 bcsId: 0} | ret=SUCCESS |  
2019-08-21 12:28:14,081 | INFO  | DNAudit | user=null | ip=null | op=WRITE_CHUNK {blockData=conID: 1 locID: 102654967418585688 bcsId: 0} | ret=SUCCESS |  
2019-08-21 12:28:14,081 | INFO  | DNAudit | user=null | ip=null | op=PUT_BLOCK {blockData=[blockId=conID: 1 locID: 102654967418585688 bcsId: 0,size=1048576]} | ret=SUCCESS |  
2019-08-21 12:28:14,081 [grpc-default-executor-4] INFO  client.GrpcClientProtocolClient (GrpcClientProtocolClient.java:onNext(255)) - client-C954105195FD->270584e6-a4a8-4db5-8151-214655ce1a56: receive RaftClientReply:client-C954105195FD->270584e6-a4a8-4db5-8151-214655ce1a56@group-787F5BA3AA67, cid=2560, SUCCESS, logIndex=3813, commits[270584e6-a4a8-4db5-8151-214655ce1a56:c3814, af078b8b-61ec-497f-9506-472d46a72462:c3812, 09fb9ab4-1b8d-44c0-9f8c-50855c6f1fed:c3812]
2019-08-21 12:28:14,082 [grpc-default-executor-4] INFO  client.GrpcClientProtocolClient (GrpcClientProtocolClient.java:onNext(255)) - client-C954105195FD->270584e6-a4a8-4db5-8151-214655ce1a56: receive RaftClientReply:client-C954105195FD->270584e6-a4a8-4db5-8151-214655ce1a56@group-787F5BA3AA67, cid=2561, SUCCESS, logIndex=3814, commits[270584e6-a4a8-4db5-8151-214655ce1a56:c3814, af078b8b-61ec-497f-9506-472d46a72462:c3812, 09fb9ab4-1b8d-44c0-9f8c-50855c6f1fed:c3812]
2019-08-21 12:28:14,091 | INFO  | DNAudit | user=null | ip=null | op=WRITE_CHUNK {blockData=conID: 1 locID: 102654967418585688 bcsId: 0} | ret=SUCCESS |  
2019-08-21 12:28:14,091 | INFO  | DNAudit | user=null | ip=null | op=PUT_BLOCK {blockData=[blockId=conID: 1 locID: 102654967418585688 bcsId: 0,size=2097152]} | ret=SUCCESS |  
2019-08-21 12:28:14,091 [grpc-default-executor-4] INFO  client.GrpcClientProtocolClient (GrpcClientProtocolClient.java:onNext(255)) - client-C954105195FD->270584e6-a4a8-4db5-8151-214655ce1a56: receive RaftClientReply:client-C954105195FD->270584e6-a4a8-4db5-8151-214655ce1a56@group-787F5BA3AA67, cid=2562, SUCCESS, logIndex=3815, commits[270584e6-a4a8-4db5-8151-214655ce1a56:c3816, af078b8b-61ec-497f-9506-472d46a72462:c3812, 09fb9ab4-1b8d-44c0-9f8c-50855c6f1fed:c3812]
2019-08-21 12:28:14,092 [grpc-default-executor-4] INFO  client.GrpcClientProtocolClient (GrpcClientProtocolClient.java:onNext(255)) - client-C954105195FD->270584e6-a4a8-4db5-8151-214655ce1a56: receive RaftClientReply:client-C954105195FD->270584e6-a4a8-4db5-8151-214655ce1a56@group-787F5BA3AA67, cid=2563, SUCCESS, logIndex=3816, commits[270584e6-a4a8-4db5-8151-214655ce1a56:c3816, af078b8b-61ec-497f-9506-472d46a72462:c3812, 09fb9ab4-1b8d-44c0-9f8c-50855c6f1fed:c3812]
2019-08-21 12:28:14,094 | INFO  | DNAudit | user=null | ip=null | op=WRITE_CHUNK {blockData=conID: 1 locID: 102654967418585688 bcsId: 0} | ret=SUCCESS |  
2019-08-21 12:28:14,094 | INFO  | DNAudit | user=null | ip=null | op=PUT_BLOCK {blockData=[blockId=conID: 1 locID: 102654967418585688 bcsId: 0,size=1048576]} | ret=SUCCESS |  
2019-08-21 12:28:14,106 | INFO  | DNAudit | user=null | ip=null | op=WRITE_CHUNK {blockData=conID: 1 locID: 102654967418585688 bcsId: 0} | ret=SUCCESS |  
2019-08-21 12:28:14,107 | INFO  | DNAudit | user=null | ip=null | op=WRITE_CHUNK {blockData=conID: 1 locID: 102654967418585688 bcsId: 0} | ret=SUCCESS |  
2019-08-21 12:28:14,107 | INFO  | DNAudit | user=null | ip=null | op=PUT_BLOCK {blockData=[blockId=conID: 1 locID: 102654967418585688 bcsId: 0,size=2097152]} | ret=SUCCESS |  
2019-08-21 12:28:14,107 | INFO  | DNAudit | user=null | ip=null | op=PUT_BLOCK {blockData=[blockId=conID: 1 locID: 102654967418585688 bcsId: 0,size=1048576]} | ret=SUCCESS |  
2019-08-21 12:28:14,107 [grpc-default-executor-1] INFO  client.GrpcClientProtocolClient (GrpcClientProtocolClient.java:onNext(255)) - client-C954105195FD->270584e6-a4a8-4db5-8151-214655ce1a56: receive RaftClientReply:client-C954105195FD->270584e6-a4a8-4db5-8151-214655ce1a56@group-787F5BA3AA67, cid=2564, SUCCESS, logIndex=0, commits[270584e6-a4a8-4db5-8151-214655ce1a56:c3818, af078b8b-61ec-497f-9506-472d46a72462:c3814, 09fb9ab4-1b8d-44c0-9f8c-50855c6f1fed:c3814]
2019-08-21 12:28:14,107 | INFO  | DNAudit | user=null | ip=null | op=WRITE_CHUNK {blockData=conID: 1 locID: 102654967418585688 bcsId: 0} | ret=SUCCESS |  
2019-08-21 12:28:14,107 | INFO  | DNAudit | user=null | ip=null | op=PUT_BLOCK {blockData=[blockId=conID: 1 locID: 102654967418585688 bcsId: 0,size=2097152]} | ret=SUCCESS |  
2019-08-21 12:28:14,112 | INFO  | DNAudit | user=null | ip=null | op=WRITE_CHUNK {blockData=conID: 1 locID: 102654967418585688 bcsId: 3816} | ret=SUCCESS |  
2019-08-21 12:28:14,114 | INFO  | DNAudit | user=null | ip=null | op=WRITE_CHUNK {blockData=conID: 1 locID: 102654967418585688 bcsId: 3816} | ret=SUCCESS |  
2019-08-21 12:28:14,115 | INFO  | DNAudit | user=null | ip=null | op=WRITE_CHUNK {blockData=conID: 1 locID: 102654967418585688 bcsId: 3816} | ret=SUCCESS |  
2019-08-21 12:28:14,130 | INFO  | DNAudit | user=null | ip=null | op=WRITE_CHUNK {blockData=conID: 1 locID: 102654967418585688 bcsId: 3816} | ret=SUCCESS |  
2019-08-21 12:28:14,130 | INFO  | DNAudit | user=null | ip=null | op=PUT_BLOCK {blockData=[blockId=conID: 1 locID: 102654967418585688 bcsId: 0,size=3145728]} | ret=SUCCESS |  
2019-08-21 12:28:14,130 [grpc-default-executor-1] INFO  client.GrpcClientProtocolClient (GrpcClientProtocolClient.java:onNext(255)) - client-C954105195FD->270584e6-a4a8-4db5-8151-214655ce1a56: receive RaftClientReply:client-C954105195FD->270584e6-a4a8-4db5-8151-214655ce1a56@group-787F5BA3AA67, cid=2565, SUCCESS, logIndex=3820, commits[270584e6-a4a8-4db5-8151-214655ce1a56:c3821, af078b8b-61ec-497f-9506-472d46a72462:c3818, 09fb9ab4-1b8d-44c0-9f8c-50855c6f1fed:c3818]
2019-08-21 12:28:14,131 [grpc-default-executor-1] INFO  client.GrpcClientProtocolClient (GrpcClientProtocolClient.java:onNext(255)) - client-C954105195FD->270584e6-a4a8-4db5-8151-214655ce1a56: receive RaftClientReply:client-C954105195FD->270584e6-a4a8-4db5-8151-214655ce1a56@group-787F5BA3AA67, cid=2566, SUCCESS, logIndex=3821, commits[270584e6-a4a8-4db5-8151-214655ce1a56:c3821, af078b8b-61ec-497f-9506-472d46a72462:c3818, 09fb9ab4-1b8d-44c0-9f8c-50855c6f1fed:c3818]
2019-08-21 12:28:14,136 | INFO  | DNAudit | user=null | ip=null | op=WRITE_CHUNK {blockData=conID: 1 locID: 102654967418585688 bcsId: 3821} | ret=SUCCESS |  
2019-08-21 12:28:14,138 | INFO  | DNAudit | user=null | ip=null | op=WRITE_CHUNK {blockData=conID: 1 locID: 102654967418585688 bcsId: 3821} | ret=SUCCESS |  
2019-08-21 12:28:14,139 | INFO  | DNAudit | user=null | ip=null | op=WRITE_CHUNK {blockData=conID: 1 locID: 102654967418585688 bcsId: 3821} | ret=SUCCESS |  
2019-08-21 12:28:14,146 | INFO  | DNAudit | user=null | ip=null | op=WRITE_CHUNK {blockData=conID: 1 locID: 102654967418585688 bcsId: 3816} | ret=SUCCESS |  
2019-08-21 12:28:14,146 | INFO  | DNAudit | user=null | ip=null | op=WRITE_CHUNK {blockData=conID: 1 locID: 102654967418585688 bcsId: 3816} | ret=SUCCESS |  
2019-08-21 12:28:14,146 | INFO  | DNAudit | user=null | ip=null | op=WRITE_CHUNK {blockData=conID: 1 locID: 102654967418585688 bcsId: 3821} | ret=SUCCESS |  
2019-08-21 12:28:14,146 | INFO  | DNAudit | user=null | ip=null | op=PUT_BLOCK {blockData=[blockId=conID: 1 locID: 102654967418585688 bcsId: 0,size=3145728]} | ret=SUCCESS |  
2019-08-21 12:28:14,146 | INFO  | DNAudit | user=null | ip=null | op=PUT_BLOCK {blockData=[blockId=conID: 1 locID: 102654967418585688 bcsId: 0,size=3145728]} | ret=SUCCESS |  
2019-08-21 12:28:14,146 | INFO  | DNAudit | user=null | ip=null | op=PUT_BLOCK {blockData=[blockId=conID: 1 locID: 102654967418585688 bcsId: 0,size=4194304]} | ret=SUCCESS |  
2019-08-21 12:28:14,147 [grpc-default-executor-1] INFO  client.GrpcClientProtocolClient (GrpcClientProtocolClient.java:onNext(255)) - client-C954105195FD->270584e6-a4a8-4db5-8151-214655ce1a56: receive RaftClientReply:client-C954105195FD->270584e6-a4a8-4db5-8151-214655ce1a56@group-787F5BA3AA67, cid=2567, SUCCESS, logIndex=3824, commits[270584e6-a4a8-4db5-8151-214655ce1a56:c3825, af078b8b-61ec-497f-9506-472d46a72462:c3821, 09fb9ab4-1b8d-44c0-9f8c-50855c6f1fed:c3821]
2019-08-21 12:28:14,147 [grpc-default-executor-1] INFO  client.GrpcClientProtocolClient (GrpcClientProtocolClient.java:onNext(255)) - client-C954105195FD->270584e6-a4a8-4db5-8151-214655ce1a56: receive RaftClientReply:client-C954105195FD->270584e6-a4a8-4db5-8151-214655ce1a56@group-787F5BA3AA67, cid=2568, SUCCESS, logIndex=3825, commits[270584e6-a4a8-4db5-8151-214655ce1a56:c3825, af078b8b-61ec-497f-9506-472d46a72462:c3821, 09fb9ab4-1b8d-44c0-9f8c-50855c6f1fed:c3821]
2019-08-21 12:28:14,159 | INFO  | DNAudit | user=null | ip=null | op=WRITE_CHUNK {blockData=conID: 1 locID: 102654967418585688 bcsId: 3821} | ret=SUCCESS |  
2019-08-21 12:28:14,159 | INFO  | DNAudit | user=null | ip=null | op=WRITE_CHUNK {blockData=conID: 1 locID: 102654967418585688 bcsId: 3821} | ret=SUCCESS |  
2019-08-21 12:28:14,163 | INFO  | DNAudit | user=null | ip=null | op=PUT_BLOCK {blockData=[blockId=conID: 1 locID: 102654967418585688 bcsId: 0,size=4194304]} | ret=SUCCESS |  
2019-08-21 12:28:14,163 | INFO  | DNAudit | user=null | ip=null | op=PUT_BLOCK {blockData=[blockId=conID: 1 locID: 102654967418585688 bcsId: 0,size=4194304]} | ret=SUCCESS |  
2019-08-21 12:28:14,163 [grpc-default-executor-1] INFO  client.GrpcClientProtocolClient (GrpcClientProtocolClient.java:onNext(255)) - client-C954105195FD->270584e6-a4a8-4db5-8151-214655ce1a56: receive RaftClientReply:client-C954105195FD->270584e6-a4a8-4db5-8151-214655ce1a56@group-787F5BA3AA67, cid=2569, SUCCESS, logIndex=0, commits[270584e6-a4a8-4db5-8151-214655ce1a56:c3826, af078b8b-61ec-497f-9506-472d46a72462:c3825, 09fb9ab4-1b8d-44c0-9f8c-50855c6f1fed:c3825]
2019-08-21 12:28:14,167 | INFO  | SCMAudit | user=jenkins1000 | ip=192.168.34.23 | op=ALLOCATE_BLOCK {owner=b79f83c9-5f7d-4caf-af30-78af34bc5eea, size=4194304, type=RATIS, factor=THREE} | ret=SUCCESS |  
2019-08-21 12:28:14,170 | INFO  | OMAudit | user=jenkins1000 | ip=127.0.0.1 | op=ALLOCATE_BLOCK {volume=vol-0-06517, bucket=bucket-0-64549, key=key-0-34512, dataSize=0, replicationType=null, replicationFactor=null, keyLocationInfo=null, clientID=102654965997830546} | ret=SUCCESS |  
2019-08-21 12:28:14,176 | INFO  | DNAudit | user=null | ip=null | op=WRITE_CHUNK {blockData=conID: 2 locID: 102654967425729113 bcsId: 0} | ret=SUCCESS |  
2019-08-21 12:28:14,179 | INFO  | DNAudit | user=null | ip=null | op=WRITE_CHUNK {blockData=conID: 2 locID: 102654967425729113 bcsId: 0} | ret=SUCCESS |  
2019-08-21 12:28:14,180 | INFO  | DNAudit | user=null | ip=null | op=WRITE_CHUNK {blockData=conID: 2 locID: 102654967425729113 bcsId: 0} | ret=SUCCESS |  
2019-08-21 12:28:14,180 | INFO  | DNAudit | user=null | ip=null | op=WRITE_CHUNK {blockData=conID: 2 locID: 102654967425729113 bcsId: 0} | ret=SUCCESS |  
2019-08-21 12:28:14,181 | INFO  | DNAudit | user=null | ip=null | op=WRITE_CHUNK {blockData=conID: 2 locID: 102654967425729113 bcsId: 0} | ret=SUCCESS |  
2019-08-21 12:28:14,182 | INFO  | DNAudit | user=null | ip=null | op=WRITE_CHUNK {blockData=conID: 2 locID: 102654967425729113 bcsId: 0} | ret=SUCCESS |  
2019-08-21 12:28:14,182 | INFO  | DNAudit | user=null | ip=null | op=WRITE_CHUNK {blockData=conID: 2 locID: 102654967425729113 bcsId: 0} | ret=SUCCESS |  
2019-08-21 12:28:14,183 | INFO  | DNAudit | user=null | ip=null | op=PUT_BLOCK {blockData=[blockId=conID: 2 locID: 102654967425729113 bcsId: 0,size=1048576]} | ret=SUCCESS |  
2019-08-21 12:28:14,183 [grpc-default-executor-4] INFO  client.GrpcClientProtocolClient (GrpcClientProtocolClient.java:onNext(255)) - client-C954105195FD->270584e6-a4a8-4db5-8151-214655ce1a56: receive RaftClientReply:client-C954105195FD->270584e6-a4a8-4db5-8151-214655ce1a56@group-787F5BA3AA67, cid=2570, SUCCESS, logIndex=3828, commits[270584e6-a4a8-4db5-8151-214655ce1a56:c3829, af078b8b-61ec-497f-9506-472d46a72462:c3827, 09fb9ab4-1b8d-44c0-9f8c-50855c6f1fed:c3825]
2019-08-21 12:28:14,183 | INFO  | DNAudit | user=null | ip=null | op=WRITE_CHUNK {blockData=conID: 2 locID: 102654967425729113 bcsId: 0} | ret=SUCCESS |  
2019-08-21 12:28:14,183 [grpc-default-executor-1] INFO  client.GrpcClientProtocolClient (GrpcClientProtocolClient.java:onNext(255)) - client-C954105195FD->270584e6-a4a8-4db5-8151-214655ce1a56: receive RaftClientReply:client-C954105195FD->270584e6-a4a8-4db5-8151-214655ce1a56@group-787F5BA3AA67, cid=2571, SUCCESS, logIndex=3829, commits[270584e6-a4a8-4db5-8151-214655ce1a56:c3829, af078b8b-61ec-497f-9506-472d46a72462:c3827, 09fb9ab4-1b8d-44c0-9f8c-50855c6f1fed:c3827]
2019-08-21 12:28:14,183 | INFO  | DNAudit | user=null | ip=null | op=PUT_BLOCK {blockData=[blockId=conID: 2 locID: 102654967425729113 bcsId: 0,size=2097152]} | ret=SUCCESS |  
2019-08-21 12:28:14,184 [grpc-default-executor-1] INFO  client.GrpcClientProtocolClient (GrpcClientProtocolClient.java:onNext(255)) - client-C954105195FD->270584e6-a4a8-4db5-8151-214655ce1a56: receive RaftClientReply:client-C954105195FD->270584e6-a4a8-4db5-8151-214655ce1a56@group-787F5BA3AA67, cid=2572, SUCCESS, logIndex=3830, commits[270584e6-a4a8-4db5-8151-214655ce1a56:c3831, af078b8b-61ec-497f-9506-472d46a72462:c3827, 09fb9ab4-1b8d-44c0-9f8c-50855c6f1fed:c3827]
2019-08-21 12:28:14,184 [grpc-default-executor-1] INFO  client.GrpcClientProtocolClient (GrpcClientProtocolClient.java:onNext(255)) - client-C954105195FD->270584e6-a4a8-4db5-8151-214655ce1a56: receive RaftClientReply:client-C954105195FD->270584e6-a4a8-4db5-8151-214655ce1a56@group-787F5BA3AA67, cid=2573, SUCCESS, logIndex=3831, commits[270584e6-a4a8-4db5-8151-214655ce1a56:c3831, af078b8b-61ec-497f-9506-472d46a72462:c3827, 09fb9ab4-1b8d-44c0-9f8c-50855c6f1fed:c3827]
2019-08-21 12:28:14,185 | INFO  | DNAudit | user=null | ip=null | op=WRITE_CHUNK {blockData=conID: 2 locID: 102654967425729113 bcsId: 0} | ret=SUCCESS |  
2019-08-21 12:28:14,185 | INFO  | DNAudit | user=null | ip=null | op=PUT_BLOCK {blockData=[blockId=conID: 2 locID: 102654967425729113 bcsId: 0,size=1048576]} | ret=SUCCESS |  
2019-08-21 12:28:14,187 | INFO  | DNAudit | user=null | ip=null | op=WRITE_CHUNK {blockData=conID: 2 locID: 102654967425729113 bcsId: 0} | ret=SUCCESS |  
2019-08-21 12:28:14,187 | INFO  | DNAudit | user=null | ip=null | op=PUT_BLOCK {blockData=[blockId=conID: 2 locID: 102654967425729113 bcsId: 0,size=1048576]} | ret=SUCCESS |  
2019-08-21 12:28:14,187 | INFO  | DNAudit | user=null | ip=null | op=WRITE_CHUNK {blockData=conID: 2 locID: 102654967425729113 bcsId: 0} | ret=SUCCESS |  
2019-08-21 12:28:14,188 | INFO  | DNAudit | user=null | ip=null | op=PUT_BLOCK {blockData=[blockId=conID: 2 locID: 102654967425729113 bcsId: 0,size=2097152]} | ret=SUCCESS |  
2019-08-21 12:28:14,188 [grpc-default-executor-1] INFO  client.GrpcClientProtocolClient (GrpcClientProtocolClient.java:onNext(255)) - client-C954105195FD->270584e6-a4a8-4db5-8151-214655ce1a56: receive RaftClientReply:client-C954105195FD->270584e6-a4a8-4db5-8151-214655ce1a56@group-787F5BA3AA67, cid=2574, SUCCESS, logIndex=0, commits[270584e6-a4a8-4db5-8151-214655ce1a56:c3833, af078b8b-61ec-497f-9506-472d46a72462:c3829, 09fb9ab4-1b8d-44c0-9f8c-50855c6f1fed:c3829]
2019-08-21 12:28:14,188 | INFO  | DNAudit | user=null | ip=null | op=WRITE_CHUNK {blockData=conID: 2 locID: 102654967425729113 bcsId: 0} | ret=SUCCESS |  
2019-08-21 12:28:14,189 | INFO  | DNAudit | user=null | ip=null | op=PUT_BLOCK {blockData=[blockId=conID: 2 locID: 102654967425729113 bcsId: 0,size=2097152]} | ret=SUCCESS |  
2019-08-21 12:28:14,189 | INFO  | SCMAudit | user=jenkins1000 | ip=192.168.34.23 | op=SEND_HEARTBEAT {datanodeUUID=39ae8c09-9b4b-4ddc-906b-4e52d104e1b1, command=[]} | ret=SUCCESS |  
2019-08-21 12:28:14,189 | INFO  | SCMAudit | user=jenkins1000 | ip=192.168.34.23 | op=SEND_HEARTBEAT {datanodeUUID=0aa4def6-fe9f-4182-b0b1-80406548816f, command=[]} | ret=SUCCESS |  
2019-08-21 12:28:14,194 | INFO  | DNAudit | user=null | ip=null | op=WRITE_CHUNK {blockData=conID: 2 locID: 102654967425729113 bcsId: 3831} | ret=SUCCESS |  
2019-08-21 12:28:14,196 | INFO  | DNAudit | user=null | ip=null | op=WRITE_CHUNK {blockData=conID: 2 locID: 102654967425729113 bcsId: 3831} | ret=SUCCESS |  
2019-08-21 12:28:14,197 | INFO  | DNAudit | user=null | ip=null | op=WRITE_CHUNK {blockData=conID: 2 locID: 102654967425729113 bcsId: 3831} | ret=SUCCESS |  
2019-08-21 12:28:14,198 | INFO  | DNAudit | user=null | ip=null | op=WRITE_CHUNK {blockData=conID: 2 locID: 102654967425729113 bcsId: 3831} | ret=SUCCESS |  
2019-08-21 12:28:14,199 | INFO  | DNAudit | user=null | ip=null | op=PUT_BLOCK {blockData=[blockId=conID: 2 locID: 102654967425729113 bcsId: 0,size=3145728]} | ret=SUCCESS |  
2019-08-21 12:28:14,199 [grpc-default-executor-2] INFO  client.GrpcClientProtocolClient (GrpcClientProtocolClient.java:onNext(255)) - client-C954105195FD->270584e6-a4a8-4db5-8151-214655ce1a56: receive RaftClientReply:client-C954105195FD->270584e6-a4a8-4db5-8151-214655ce1a56@group-787F5BA3AA67, cid=2575, SUCCESS, logIndex=3836, commits[270584e6-a4a8-4db5-8151-214655ce1a56:c3837, af078b8b-61ec-497f-9506-472d46a72462:c3835, 09fb9ab4-1b8d-44c0-9f8c-50855c6f1fed:c3831]
2019-08-21 12:28:14,199 [grpc-default-executor-2] INFO  client.GrpcClientProtocolClient (GrpcClientProtocolClient.java:onNext(255)) - client-C954105195FD->270584e6-a4a8-4db5-8151-214655ce1a56: receive RaftClientReply:client-C954105195FD->270584e6-a4a8-4db5-8151-214655ce1a56@group-787F5BA3AA67, cid=2576, SUCCESS, logIndex=3837, commits[270584e6-a4a8-4db5-8151-214655ce1a56:c3837, af078b8b-61ec-497f-9506-472d46a72462:c3835, 09fb9ab4-1b8d-44c0-9f8c-50855c6f1fed:c3835]
2019-08-21 12:28:14,200 | INFO  | DNAudit | user=null | ip=null | op=WRITE_CHUNK {blockData=conID: 2 locID: 102654967425729113 bcsId: 3831} | ret=SUCCESS |  
2019-08-21 12:28:14,200 | INFO  | DNAudit | user=null | ip=null | op=WRITE_CHUNK {blockData=conID: 2 locID: 102654967425729113 bcsId: 3831} | ret=SUCCESS |  
2019-08-21 12:28:14,200 | INFO  | DNAudit | user=null | ip=null | op=PUT_BLOCK {blockData=[blockId=conID: 2 locID: 102654967425729113 bcsId: 0,size=3145728]} | ret=SUCCESS |  
2019-08-21 12:28:14,200 | INFO  | DNAudit | user=null | ip=null | op=PUT_BLOCK {blockData=[blockId=conID: 2 locID: 102654967425729113 bcsId: 0,size=3145728]} | ret=SUCCESS |  
2019-08-21 12:28:14,205 | INFO  | DNAudit | user=null | ip=null | op=WRITE_CHUNK {blockData=conID: 2 locID: 102654967425729113 bcsId: 3837} | ret=SUCCESS |  
2019-08-21 12:28:14,207 | INFO  | DNAudit | user=null | ip=null | op=WRITE_CHUNK {blockData=conID: 2 locID: 102654967425729113 bcsId: 3837} | ret=SUCCESS |  
2019-08-21 12:28:14,208 | INFO  | DNAudit | user=null | ip=null | op=WRITE_CHUNK {blockData=conID: 2 locID: 102654967425729113 bcsId: 3837} | ret=SUCCESS |  
2019-08-21 12:28:14,210 | INFO  | DNAudit | user=null | ip=null | op=WRITE_CHUNK {blockData=conID: 2 locID: 102654967425729113 bcsId: 3837} | ret=SUCCESS |  
2019-08-21 12:28:14,210 | INFO  | DNAudit | user=null | ip=null | op=PUT_BLOCK {blockData=[blockId=conID: 2 locID: 102654967425729113 bcsId: 0,size=4194304]} | ret=SUCCESS |  
2019-08-21 12:28:14,210 [grpc-default-executor-1] INFO  client.GrpcClientProtocolClient (GrpcClientProtocolClient.java:onNext(255)) - client-C954105195FD->270584e6-a4a8-4db5-8151-214655ce1a56: receive RaftClientReply:client-C954105195FD->270584e6-a4a8-4db5-8151-214655ce1a56@group-787F5BA3AA67, cid=2577, SUCCESS, logIndex=3840, commits[270584e6-a4a8-4db5-8151-214655ce1a56:c3841, af078b8b-61ec-497f-9506-472d46a72462:c3839, 09fb9ab4-1b8d-44c0-9f8c-50855c6f1fed:c3837]
2019-08-21 12:28:14,210 [grpc-default-executor-1] INFO  client.GrpcClientProtocolClient (GrpcClientProtocolClient.java:onNext(255)) - client-C954105195FD->270584e6-a4a8-4db5-8151-214655ce1a56: receive RaftClientReply:client-C954105195FD->270584e6-a4a8-4db5-8151-214655ce1a56@group-787F5BA3AA67, cid=2578, SUCCESS, logIndex=3841, commits[270584e6-a4a8-4db5-8151-214655ce1a56:c3841, af078b8b-61ec-497f-9506-472d46a72462:c3839, 09fb9ab4-1b8d-44c0-9f8c-50855c6f1fed:c3839]
2019-08-21 12:28:14,211 | INFO  | DNAudit | user=null | ip=null | op=WRITE_CHUNK {blockData=conID: 2 locID: 102654967425729113 bcsId: 3837} | ret=SUCCESS |  
2019-08-21 12:28:14,211 | INFO  | DNAudit | user=null | ip=null | op=PUT_BLOCK {blockData=[blockId=conID: 2 locID: 102654967425729113 bcsId: 0,size=4194304]} | ret=SUCCESS |  
2019-08-21 12:28:14,213 | INFO  | DNAudit | user=null | ip=null | op=WRITE_CHUNK {blockData=conID: 2 locID: 102654967425729113 bcsId: 3837} | ret=SUCCESS |  
2019-08-21 12:28:14,213 | INFO  | DNAudit | user=null | ip=null | op=PUT_BLOCK {blockData=[blockId=conID: 2 locID: 102654967425729113 bcsId: 0,size=4194304]} | ret=SUCCESS |  
2019-08-21 12:28:14,213 [grpc-default-executor-1] INFO  client.GrpcClientProtocolClient (GrpcClientProtocolClient.java:onNext(255)) - client-C954105195FD->270584e6-a4a8-4db5-8151-214655ce1a56: receive RaftClientReply:client-C954105195FD->270584e6-a4a8-4db5-8151-214655ce1a56@group-787F5BA3AA67, cid=2579, SUCCESS, logIndex=0, commits[270584e6-a4a8-4db5-8151-214655ce1a56:c3842, af078b8b-61ec-497f-9506-472d46a72462:c3841, 09fb9ab4-1b8d-44c0-9f8c-50855c6f1fed:c3841]
2019-08-21 12:28:14,217 | INFO  | SCMAudit | user=jenkins1000 | ip=192.168.34.23 | op=ALLOCATE_BLOCK {owner=b79f83c9-5f7d-4caf-af30-78af34bc5eea, size=4194304, type=RATIS, factor=THREE} | ret=SUCCESS |  
2019-08-21 12:28:14,220 | INFO  | OMAudit | user=jenkins1000 | ip=127.0.0.1 | op=ALLOCATE_BLOCK {volume=vol-0-06517, bucket=bucket-0-64549, key=key-0-34512, dataSize=0, replicationType=null, replicationFactor=null, keyLocationInfo=null, clientID=102654965997830546} | ret=SUCCESS |  
2019-08-21 12:28:14,226 | INFO  | DNAudit | user=null | ip=null | op=WRITE_CHUNK {blockData=conID: 3 locID: 102654967429005914 bcsId: 0} | ret=SUCCESS |  
2019-08-21 12:28:14,229 | INFO  | DNAudit | user=null | ip=null | op=WRITE_CHUNK {blockData=conID: 3 locID: 102654967429005914 bcsId: 0} | ret=SUCCESS |  
2019-08-21 12:28:14,229 | INFO  | DNAudit | user=null | ip=null | op=WRITE_CHUNK {blockData=conID: 3 locID: 102654967429005914 bcsId: 0} | ret=SUCCESS |  
2019-08-21 12:28:14,230 | INFO  | DNAudit | user=null | ip=null | op=WRITE_CHUNK {blockData=conID: 3 locID: 102654967429005914 bcsId: 0} | ret=SUCCESS |  
2019-08-21 12:28:14,231 | INFO  | DNAudit | user=null | ip=null | op=WRITE_CHUNK {blockData=conID: 3 locID: 102654967429005914 bcsId: 0} | ret=SUCCESS |  
2019-08-21 12:28:14,231 | INFO  | DNAudit | user=null | ip=null | op=WRITE_CHUNK {blockData=conID: 3 locID: 102654967429005914 bcsId: 0} | ret=SUCCESS |  
2019-08-21 12:28:14,233 | INFO  | DNAudit | user=null | ip=null | op=WRITE_CHUNK {blockData=conID: 3 locID: 102654967429005914 bcsId: 0} | ret=SUCCESS |  
2019-08-21 12:28:14,234 | INFO  | DNAudit | user=null | ip=null | op=PUT_BLOCK {blockData=[blockId=conID: 3 locID: 102654967429005914 bcsId: 0,size=1048576]} | ret=SUCCESS |  
2019-08-21 12:28:14,234 | INFO  | DNAudit | user=null | ip=null | op=WRITE_CHUNK {blockData=conID: 3 locID: 102654967429005914 bcsId: 0} | ret=SUCCESS |  
2019-08-21 12:28:14,234 [grpc-default-executor-1] INFO  client.GrpcClientProtocolClient (GrpcClientProtocolClient.java:onNext(255)) - client-C954105195FD->270584e6-a4a8-4db5-8151-214655ce1a56: receive RaftClientReply:client-C954105195FD->270584e6-a4a8-4db5-8151-214655ce1a56@group-787F5BA3AA67, cid=2580, SUCCESS, logIndex=3844, commits[270584e6-a4a8-4db5-8151-214655ce1a56:c3847, af078b8b-61ec-497f-9506-472d46a72462:c3843, 09fb9ab4-1b8d-44c0-9f8c-50855c6f1fed:c3841]
2019-08-21 12:28:14,234 | INFO  | DNAudit | user=null | ip=null | op=PUT_BLOCK {blockData=[blockId=conID: 3 locID: 102654967429005914 bcsId: 0,size=2097152]} | ret=SUCCESS |  
2019-08-21 12:28:14,234 [grpc-default-executor-1] INFO  client.GrpcClientProtocolClient (GrpcClientProtocolClient.java:onNext(255)) - client-C954105195FD->270584e6-a4a8-4db5-8151-214655ce1a56: receive RaftClientReply:client-C954105195FD->270584e6-a4a8-4db5-8151-214655ce1a56@group-787F5BA3AA67, cid=2581, SUCCESS, logIndex=3845, commits[270584e6-a4a8-4db5-8151-214655ce1a56:c3847, af078b8b-61ec-497f-9506-472d46a72462:c3843, 09fb9ab4-1b8d-44c0-9f8c-50855c6f1fed:c3843]
2019-08-21 12:28:14,235 [grpc-default-executor-1] INFO  client.GrpcClientProtocolClient (GrpcClientProtocolClient.java:onNext(255)) - client-C954105195FD->270584e6-a4a8-4db5-8151-214655ce1a56: receive RaftClientReply:client-C954105195FD->270584e6-a4a8-4db5-8151-214655ce1a56@group-787F5BA3AA67, cid=2582, SUCCESS, logIndex=3846, commits[270584e6-a4a8-4db5-8151-214655ce1a56:c3847, af078b8b-61ec-497f-9506-472d46a72462:c3843, 09fb9ab4-1b8d-44c0-9f8c-50855c6f1fed:c3843]
2019-08-21 12:28:14,235 [grpc-default-executor-1] INFO  client.GrpcClientProtocolClient (GrpcClientProtocolClient.java:onNext(255)) - client-C954105195FD->270584e6-a4a8-4db5-8151-214655ce1a56: receive RaftClientReply:client-C954105195FD->270584e6-a4a8-4db5-8151-214655ce1a56@group-787F5BA3AA67, cid=2583, SUCCESS, logIndex=3847, commits[270584e6-a4a8-4db5-8151-214655ce1a56:c3847, af078b8b-61ec-497f-9506-472d46a72462:c3843, 09fb9ab4-1b8d-44c0-9f8c-50855c6f1fed:c3843]
2019-08-21 12:28:14,236 | INFO  | DNAudit | user=null | ip=null | op=WRITE_CHUNK {blockData=conID: 3 locID: 102654967429005914 bcsId: 0} | ret=SUCCESS |  
2019-08-21 12:28:14,236 | INFO  | DNAudit | user=null | ip=null | op=WRITE_CHUNK {blockData=conID: 3 locID: 102654967429005914 bcsId: 0} | ret=SUCCESS |  
2019-08-21 12:28:14,236 | INFO  | DNAudit | user=null | ip=null | op=PUT_BLOCK {blockData=[blockId=conID: 3 locID: 102654967429005914 bcsId: 0,size=1048576]} | ret=SUCCESS |  
2019-08-21 12:28:14,236 | INFO  | DNAudit | user=null | ip=null | op=PUT_BLOCK {blockData=[blockId=conID: 3 locID: 102654967429005914 bcsId: 0,size=1048576]} | ret=SUCCESS |  
2019-08-21 12:28:14,237 [grpc-default-executor-1] INFO  client.GrpcClientProtocolClient (GrpcClientProtocolClient.java:onNext(255)) - client-C954105195FD->270584e6-a4a8-4db5-8151-214655ce1a56: receive RaftClientReply:client-C954105195FD->270584e6-a4a8-4db5-8151-214655ce1a56@group-787F5BA3AA67, cid=2584, SUCCESS, logIndex=0, commits[270584e6-a4a8-4db5-8151-214655ce1a56:c3848, af078b8b-61ec-497f-9506-472d46a72462:c3845, 09fb9ab4-1b8d-44c0-9f8c-50855c6f1fed:c3845]
2019-08-21 12:28:14,238 | INFO  | DNAudit | user=null | ip=null | op=WRITE_CHUNK {blockData=conID: 3 locID: 102654967429005914 bcsId: 0} | ret=SUCCESS |  
2019-08-21 12:28:14,238 | INFO  | DNAudit | user=null | ip=null | op=WRITE_CHUNK {blockData=conID: 3 locID: 102654967429005914 bcsId: 0} | ret=SUCCESS |  
2019-08-21 12:28:14,238 | INFO  | DNAudit | user=null | ip=null | op=PUT_BLOCK {blockData=[blockId=conID: 3 locID: 102654967429005914 bcsId: 0,size=2097152]} | ret=SUCCESS |  
2019-08-21 12:28:14,238 | INFO  | DNAudit | user=null | ip=null | op=PUT_BLOCK {blockData=[blockId=conID: 3 locID: 102654967429005914 bcsId: 0,size=2097152]} | ret=SUCCESS |  
2019-08-21 12:28:14,243 | INFO  | DNAudit | user=null | ip=null | op=WRITE_CHUNK {blockData=conID: 3 locID: 102654967429005914 bcsId: 3847} | ret=SUCCESS |  
2019-08-21 12:28:14,245 | INFO  | DNAudit | user=null | ip=null | op=WRITE_CHUNK {blockData=conID: 3 locID: 102654967429005914 bcsId: 3847} | ret=SUCCESS |  
2019-08-21 12:28:14,245 | INFO  | DNAudit | user=null | ip=null | op=WRITE_CHUNK {blockData=conID: 3 locID: 102654967429005914 bcsId: 3847} | ret=SUCCESS |  
2019-08-21 12:28:14,268 | INFO  | DNAudit | user=null | ip=null | op=WRITE_CHUNK {blockData=conID: 3 locID: 102654967429005914 bcsId: 3847} | ret=SUCCESS |  
2019-08-21 12:28:14,268 | INFO  | DNAudit | user=null | ip=null | op=PUT_BLOCK {blockData=[blockId=conID: 3 locID: 102654967429005914 bcsId: 0,size=3145728]} | ret=SUCCESS |  
2019-08-21 12:28:14,268 [grpc-default-executor-2] INFO  client.GrpcClientProtocolClient (GrpcClientProtocolClient.java:onNext(255)) - client-C954105195FD->270584e6-a4a8-4db5-8151-214655ce1a56: receive RaftClientReply:client-C954105195FD->270584e6-a4a8-4db5-8151-214655ce1a56@group-787F5BA3AA67, cid=2585, SUCCESS, logIndex=3851, commits[270584e6-a4a8-4db5-8151-214655ce1a56:c3852, af078b8b-61ec-497f-9506-472d46a72462:c3850, 09fb9ab4-1b8d-44c0-9f8c-50855c6f1fed:c3850]
2019-08-21 12:28:14,269 [grpc-default-executor-2] INFO  client.GrpcClientProtocolClient (GrpcClientProtocolClient.java:onNext(255)) - client-C954105195FD->270584e6-a4a8-4db5-8151-214655ce1a56: receive RaftClientReply:client-C954105195FD->270584e6-a4a8-4db5-8151-214655ce1a56@group-787F5BA3AA67, cid=2586, SUCCESS, logIndex=3852, commits[270584e6-a4a8-4db5-8151-214655ce1a56:c3852, af078b8b-61ec-497f-9506-472d46a72462:c3850, 09fb9ab4-1b8d-44c0-9f8c-50855c6f1fed:c3850]
2019-08-21 12:28:14,269 | INFO  | DNAudit | user=null | ip=null | op=WRITE_CHUNK {blockData=conID: 3 locID: 102654967429005914 bcsId: 3847} | ret=SUCCESS |  
2019-08-21 12:28:14,269 | INFO  | DNAudit | user=null | ip=null | op=PUT_BLOCK {blockData=[blockId=conID: 3 locID: 102654967429005914 bcsId: 0,size=3145728]} | ret=SUCCESS |  
2019-08-21 12:28:14,271 | INFO  | DNAudit | user=null | ip=null | op=WRITE_CHUNK {blockData=conID: 3 locID: 102654967429005914 bcsId: 3847} | ret=SUCCESS |  
2019-08-21 12:28:14,271 | INFO  | DNAudit | user=null | ip=null | op=PUT_BLOCK {blockData=[blockId=conID: 3 locID: 102654967429005914 bcsId: 0,size=3145728]} | ret=SUCCESS |  
2019-08-21 12:28:14,275 | INFO  | DNAudit | user=null | ip=null | op=WRITE_CHUNK {blockData=conID: 3 locID: 102654967429005914 bcsId: 3852} | ret=SUCCESS |  
2019-08-21 12:28:14,277 | INFO  | DNAudit | user=null | ip=null | op=WRITE_CHUNK {blockData=conID: 3 locID: 102654967429005914 bcsId: 3852} | ret=SUCCESS |  
2019-08-21 12:28:14,278 | INFO  | DNAudit | user=null | ip=null | op=WRITE_CHUNK {blockData=conID: 3 locID: 102654967429005914 bcsId: 3852} | ret=SUCCESS |  
2019-08-21 12:28:14,283 | INFO  | DNAudit | user=null | ip=null | op=WRITE_CHUNK {blockData=conID: 3 locID: 102654967429005914 bcsId: 3852} | ret=SUCCESS |  
2019-08-21 12:28:14,284 | INFO  | DNAudit | user=null | ip=null | op=PUT_BLOCK {blockData=[blockId=conID: 3 locID: 102654967429005914 bcsId: 0,size=4194304]} | ret=SUCCESS |  
2019-08-21 12:28:14,284 [grpc-default-executor-4] INFO  client.GrpcClientProtocolClient (GrpcClientProtocolClient.java:onNext(255)) - client-C954105195FD->270584e6-a4a8-4db5-8151-214655ce1a56: receive RaftClientReply:client-C954105195FD->270584e6-a4a8-4db5-8151-214655ce1a56@group-787F5BA3AA67, cid=2587, SUCCESS, logIndex=3855, commits[270584e6-a4a8-4db5-8151-214655ce1a56:c3856, af078b8b-61ec-497f-9506-472d46a72462:c3852, 09fb9ab4-1b8d-44c0-9f8c-50855c6f1fed:c3853]
2019-08-21 12:28:14,284 [grpc-default-executor-4] INFO  client.GrpcClientProtocolClient (GrpcClientProtocolClient.java:onNext(255)) - client-C954105195FD->270584e6-a4a8-4db5-8151-214655ce1a56: receive RaftClientReply:client-C954105195FD->270584e6-a4a8-4db5-8151-214655ce1a56@group-787F5BA3AA67, cid=2588, SUCCESS, logIndex=3856, commits[270584e6-a4a8-4db5-8151-214655ce1a56:c3856, af078b8b-61ec-497f-9506-472d46a72462:c3853, 09fb9ab4-1b8d-44c0-9f8c-50855c6f1fed:c3853]
2019-08-21 12:28:14,284 | INFO  | DNAudit | user=null | ip=null | op=WRITE_CHUNK {blockData=conID: 3 locID: 102654967429005914 bcsId: 3852} | ret=SUCCESS |  
2019-08-21 12:28:14,287 | INFO  | DNAudit | user=null | ip=null | op=WRITE_CHUNK {blockData=conID: 3 locID: 102654967429005914 bcsId: 3852} | ret=SUCCESS |  
2019-08-21 12:28:14,287 | INFO  | DNAudit | user=null | ip=null | op=PUT_BLOCK {blockData=[blockId=conID: 3 locID: 102654967429005914 bcsId: 0,size=4194304]} | ret=SUCCESS |  
2019-08-21 12:28:14,298 | INFO  | DNAudit | user=null | ip=null | op=PUT_BLOCK {blockData=[blockId=conID: 3 locID: 102654967429005914 bcsId: 0,size=4194304]} | ret=SUCCESS |  
2019-08-21 12:28:14,298 [grpc-default-executor-2] INFO  client.GrpcClientProtocolClient (GrpcClientProtocolClient.java:onNext(255)) - client-C954105195FD->270584e6-a4a8-4db5-8151-214655ce1a56: receive RaftClientReply:client-C954105195FD->270584e6-a4a8-4db5-8151-214655ce1a56@group-787F5BA3AA67, cid=2589, SUCCESS, logIndex=0, commits[270584e6-a4a8-4db5-8151-214655ce1a56:c3857, af078b8b-61ec-497f-9506-472d46a72462:c3856, 09fb9ab4-1b8d-44c0-9f8c-50855c6f1fed:c3856]
2019-08-21 12:28:14,303 | INFO  | SCMAudit | user=jenkins1000 | ip=192.168.34.23 | op=ALLOCATE_BLOCK {owner=b79f83c9-5f7d-4caf-af30-78af34bc5eea, size=4194304, type=RATIS, factor=THREE} | ret=SUCCESS |  
2019-08-21 12:28:14,308 | INFO  | OMAudit | user=jenkins1000 | ip=127.0.0.1 | op=ALLOCATE_BLOCK {volume=vol-0-06517, bucket=bucket-0-64549, key=key-0-34512, dataSize=0, replicationType=null, replicationFactor=null, keyLocationInfo=null, clientID=102654965997830546} | ret=SUCCESS |  
2019-08-21 12:28:14,315 | INFO  | DNAudit | user=null | ip=null | op=WRITE_CHUNK {blockData=conID: 1 locID: 102654967434642011 bcsId: 0} | ret=SUCCESS |  
2019-08-21 12:28:14,318 | INFO  | DNAudit | user=null | ip=null | op=WRITE_CHUNK {blockData=conID: 1 locID: 102654967434642011 bcsId: 0} | ret=SUCCESS |  
2019-08-21 12:28:14,427 | INFO  | DNAudit | user=null | ip=null | op=WRITE_CHUNK {blockData=conID: 1 locID: 102654967434642011 bcsId: 0} | ret=SUCCESS |  
2019-08-21 12:28:14,427 | INFO  | DNAudit | user=null | ip=null | op=WRITE_CHUNK {blockData=conID: 1 locID: 102654967434642011 bcsId: 0} | ret=SUCCESS |  
2019-08-21 12:28:14,429 | INFO  | DNAudit | user=null | ip=null | op=WRITE_CHUNK {blockData=conID: 1 locID: 102654967434642011 bcsId: 0} | ret=SUCCESS |  
2019-08-21 12:28:14,429 | INFO  | DNAudit | user=null | ip=null | op=WRITE_CHUNK {blockData=conID: 1 locID: 102654967434642011 bcsId: 0} | ret=SUCCESS |  
2019-08-21 12:28:14,439 | INFO  | DNAudit | user=null | ip=null | op=WRITE_CHUNK {blockData=conID: 1 locID: 102654967434642011 bcsId: 0} | ret=SUCCESS |  
2019-08-21 12:28:14,440 | INFO  | DNAudit | user=null | ip=null | op=PUT_BLOCK {blockData=[blockId=conID: 1 locID: 102654967434642011 bcsId: 0,size=1048576]} | ret=SUCCESS |  
2019-08-21 12:28:14,440 [grpc-default-executor-4] INFO  client.GrpcClientProtocolClient (GrpcClientProtocolClient.java:onNext(255)) - client-C954105195FD->270584e6-a4a8-4db5-8151-214655ce1a56: receive RaftClientReply:client-C954105195FD->270584e6-a4a8-4db5-8151-214655ce1a56@group-787F5BA3AA67, cid=2590, SUCCESS, logIndex=3859, commits[270584e6-a4a8-4db5-8151-214655ce1a56:c3860, af078b8b-61ec-497f-9506-472d46a72462:c3856, 09fb9ab4-1b8d-44c0-9f8c-50855c6f1fed:c3858]
2019-08-21 12:28:14,441 [grpc-default-executor-4] INFO  client.GrpcClientProtocolClient (GrpcClientProtocolClient.java:onNext(255)) - client-C954105195FD->270584e6-a4a8-4db5-8151-214655ce1a56: receive RaftClientReply:client-C954105195FD->270584e6-a4a8-4db5-8151-214655ce1a56@group-787F5BA3AA67, cid=2591, SUCCESS, logIndex=3860, commits[270584e6-a4a8-4db5-8151-214655ce1a56:c3860, af078b8b-61ec-497f-9506-472d46a72462:c3856, 09fb9ab4-1b8d-44c0-9f8c-50855c6f1fed:c3858]
2019-08-21 12:28:14,441 | INFO  | DNAudit | user=null | ip=null | op=WRITE_CHUNK {blockData=conID: 1 locID: 102654967434642011 bcsId: 0} | ret=SUCCESS |  
2019-08-21 12:28:14,442 | INFO  | DNAudit | user=null | ip=null | op=PUT_BLOCK {blockData=[blockId=conID: 1 locID: 102654967434642011 bcsId: 0,size=2097152]} | ret=SUCCESS |  
2019-08-21 12:28:14,442 [grpc-default-executor-4] INFO  client.GrpcClientProtocolClient (GrpcClientProtocolClient.java:onNext(255)) - client-C954105195FD->270584e6-a4a8-4db5-8151-214655ce1a56: receive RaftClientReply:client-C954105195FD->270584e6-a4a8-4db5-8151-214655ce1a56@group-787F5BA3AA67, cid=2592, SUCCESS, logIndex=3861, commits[270584e6-a4a8-4db5-8151-214655ce1a56:c3862, af078b8b-61ec-497f-9506-472d46a72462:c3858, 09fb9ab4-1b8d-44c0-9f8c-50855c6f1fed:c3858]
2019-08-21 12:28:14,442 [grpc-default-executor-4] INFO  client.GrpcClientProtocolClient (GrpcClientProtocolClient.java:onNext(255)) - client-C954105195FD->270584e6-a4a8-4db5-8151-214655ce1a56: receive RaftClientReply:client-C954105195FD->270584e6-a4a8-4db5-8151-214655ce1a56@group-787F5BA3AA67, cid=2593, SUCCESS, logIndex=3862, commits[270584e6-a4a8-4db5-8151-214655ce1a56:c3862, af078b8b-61ec-497f-9506-472d46a72462:c3858, 09fb9ab4-1b8d-44c0-9f8c-50855c6f1fed:c3858]
2019-08-21 12:28:14,453 | INFO  | DNAudit | user=null | ip=null | op=WRITE_CHUNK {blockData=conID: 1 locID: 102654967434642011 bcsId: 0} | ret=SUCCESS |  
2019-08-21 12:28:14,454 | INFO  | DNAudit | user=null | ip=null | op=PUT_BLOCK {blockData=[blockId=conID: 1 locID: 102654967434642011 bcsId: 0,size=1048576]} | ret=SUCCESS |  
2019-08-21 12:28:14,464 | INFO  | DNAudit | user=null | ip=null | op=WRITE_CHUNK {blockData=conID: 1 locID: 102654967434642011 bcsId: 0} | ret=SUCCESS |  
2019-08-21 12:28:14,464 | INFO  | DNAudit | user=null | ip=null | op=PUT_BLOCK {blockData=[blockId=conID: 1 locID: 102654967434642011 bcsId: 0,size=1048576]} | ret=SUCCESS |  
2019-08-21 12:28:14,464 | INFO  | DNAudit | user=null | ip=null | op=WRITE_CHUNK {blockData=conID: 1 locID: 102654967434642011 bcsId: 0} | ret=SUCCESS |  
2019-08-21 12:28:14,465 | INFO  | DNAudit | user=null | ip=null | op=PUT_BLOCK {blockData=[blockId=conID: 1 locID: 102654967434642011 bcsId: 0,size=2097152]} | ret=SUCCESS |  
2019-08-21 12:28:14,465 [grpc-default-executor-4] INFO  client.GrpcClientProtocolClient (GrpcClientProtocolClient.java:onNext(255)) - client-C954105195FD->270584e6-a4a8-4db5-8151-214655ce1a56: receive RaftClientReply:client-C954105195FD->270584e6-a4a8-4db5-8151-214655ce1a56@group-787F5BA3AA67, cid=2594, SUCCESS, logIndex=0, commits[270584e6-a4a8-4db5-8151-214655ce1a56:c3864, af078b8b-61ec-497f-9506-472d46a72462:c3860, 09fb9ab4-1b8d-44c0-9f8c-50855c6f1fed:c3860]
2019-08-21 12:28:14,466 | INFO  | DNAudit | user=null | ip=null | op=WRITE_CHUNK {blockData=conID: 1 locID: 102654967434642011 bcsId: 0} | ret=SUCCESS |  
2019-08-21 12:28:14,466 | INFO  | DNAudit | user=null | ip=null | op=PUT_BLOCK {blockData=[blockId=conID: 1 locID: 102654967434642011 bcsId: 0,size=2097152]} | ret=SUCCESS |  
2019-08-21 12:28:14,472 | INFO  | DNAudit | user=null | ip=null | op=WRITE_CHUNK {blockData=conID: 1 locID: 102654967434642011 bcsId: 3862} | ret=SUCCESS |  
2019-08-21 12:28:14,474 | INFO  | DNAudit | user=null | ip=null | op=WRITE_CHUNK {blockData=conID: 1 locID: 102654967434642011 bcsId: 3862} | ret=SUCCESS |  
2019-08-21 12:28:14,475 | INFO  | DNAudit | user=null | ip=null | op=WRITE_CHUNK {blockData=conID: 1 locID: 102654967434642011 bcsId: 3862} | ret=SUCCESS |  
2019-08-21 12:28:14,486 | INFO  | DNAudit | user=null | ip=null | op=WRITE_CHUNK {blockData=conID: 1 locID: 102654967434642011 bcsId: 3862} | ret=SUCCESS |  
2019-08-21 12:28:14,487 | INFO  | DNAudit | user=null | ip=null | op=PUT_BLOCK {blockData=[blockId=conID: 1 locID: 102654967434642011 bcsId: 0,size=3145728]} | ret=SUCCESS |  
2019-08-21 12:28:14,487 [grpc-default-executor-4] INFO  client.GrpcClientProtocolClient (GrpcClientProtocolClient.java:onNext(255)) - client-C954105195FD->270584e6-a4a8-4db5-8151-214655ce1a56: receive RaftClientReply:client-C954105195FD->270584e6-a4a8-4db5-8151-214655ce1a56@group-787F5BA3AA67, cid=2595, SUCCESS, logIndex=3867, commits[270584e6-a4a8-4db5-8151-214655ce1a56:c3868, af078b8b-61ec-497f-9506-472d46a72462:c3866, 09fb9ab4-1b8d-44c0-9f8c-50855c6f1fed:c3866]
2019-08-21 12:28:14,487 [grpc-default-executor-4] INFO  client.GrpcClientProtocolClient (GrpcClientProtocolClient.java:onNext(255)) - client-C954105195FD->270584e6-a4a8-4db5-8151-214655ce1a56: receive RaftClientReply:client-C954105195FD->270584e6-a4a8-4db5-8151-214655ce1a56@group-787F5BA3AA67, cid=2596, SUCCESS, logIndex=3868, commits[270584e6-a4a8-4db5-8151-214655ce1a56:c3868, af078b8b-61ec-497f-9506-472d46a72462:c3866, 09fb9ab4-1b8d-44c0-9f8c-50855c6f1fed:c3866]
2019-08-21 12:28:14,495 | INFO  | DNAudit | user=null | ip=null | op=WRITE_CHUNK {blockData=conID: 1 locID: 102654967434642011 bcsId: 3868} | ret=SUCCESS |  
2019-08-21 12:28:14,497 | INFO  | DNAudit | user=null | ip=null | op=WRITE_CHUNK {blockData=conID: 1 locID: 102654967434642011 bcsId: 3868} | ret=SUCCESS |  
2019-08-21 12:28:14,498 | INFO  | DNAudit | user=null | ip=null | op=WRITE_CHUNK {blockData=conID: 1 locID: 102654967434642011 bcsId: 3868} | ret=SUCCESS |  
2019-08-21 12:28:14,500 | INFO  | DNAudit | user=null | ip=null | op=WRITE_CHUNK {blockData=conID: 1 locID: 102654967434642011 bcsId: 3862} | ret=SUCCESS |  
2019-08-21 12:28:14,500 | INFO  | DNAudit | user=null | ip=null | op=WRITE_CHUNK {blockData=conID: 1 locID: 102654967434642011 bcsId: 3862} | ret=SUCCESS |  
2019-08-21 12:28:14,500 | INFO  | DNAudit | user=null | ip=null | op=PUT_BLOCK {blockData=[blockId=conID: 1 locID: 102654967434642011 bcsId: 0,size=3145728]} | ret=SUCCESS |  
2019-08-21 12:28:14,500 | INFO  | DNAudit | user=null | ip=null | op=PUT_BLOCK {blockData=[blockId=conID: 1 locID: 102654967434642011 bcsId: 0,size=3145728]} | ret=SUCCESS |  
2019-08-21 12:28:14,513 | INFO  | DNAudit | user=null | ip=null | op=WRITE_CHUNK {blockData=conID: 1 locID: 102654967434642011 bcsId: 3868} | ret=SUCCESS |  
2019-08-21 12:28:14,514 | INFO  | DNAudit | user=null | ip=null | op=PUT_BLOCK {blockData=[blockId=conID: 1 locID: 102654967434642011 bcsId: 0,size=4194304]} | ret=SUCCESS |  
2019-08-21 12:28:14,514 [grpc-default-executor-2] INFO  client.GrpcClientProtocolClient (GrpcClientProtocolClient.java:onNext(255)) - client-C954105195FD->270584e6-a4a8-4db5-8151-214655ce1a56: receive RaftClientReply:client-C954105195FD->270584e6-a4a8-4db5-8151-214655ce1a56@group-787F5BA3AA67, cid=2597, SUCCESS, logIndex=3871, commits[270584e6-a4a8-4db5-8151-214655ce1a56:c3872, af078b8b-61ec-497f-9506-472d46a72462:c3868, 09fb9ab4-1b8d-44c0-9f8c-50855c6f1fed:c3868]
2019-08-21 12:28:14,514 [grpc-default-executor-2] INFO  client.GrpcClientProtocolClient (GrpcClientProtocolClient.java:onNext(255)) - client-C954105195FD->270584e6-a4a8-4db5-8151-214655ce1a56: receive RaftClientReply:client-C954105195FD->270584e6-a4a8-4db5-8151-214655ce1a56@group-787F5BA3AA67, cid=2598, SUCCESS, logIndex=3872, commits[270584e6-a4a8-4db5-8151-214655ce1a56:c3872, af078b8b-61ec-497f-9506-472d46a72462:c3868, 09fb9ab4-1b8d-44c0-9f8c-50855c6f1fed:c3868]
2019-08-21 12:28:14,538 | INFO  | DNAudit | user=null | ip=null | op=WRITE_CHUNK {blockData=conID: 1 locID: 102654967434642011 bcsId: 3868} | ret=SUCCESS |  
2019-08-21 12:28:14,538 | INFO  | DNAudit | user=null | ip=null | op=WRITE_CHUNK {blockData=conID: 1 locID: 102654967434642011 bcsId: 3868} | ret=SUCCESS |  
2019-08-21 12:28:14,541 | INFO  | DNAudit | user=null | ip=null | op=PUT_BLOCK {blockData=[blockId=conID: 1 locID: 102654967434642011 bcsId: 0,size=4194304]} | ret=SUCCESS |  
2019-08-21 12:28:14,541 | INFO  | DNAudit | user=null | ip=null | op=PUT_BLOCK {blockData=[blockId=conID: 1 locID: 102654967434642011 bcsId: 0,size=4194304]} | ret=SUCCESS |  
2019-08-21 12:28:14,541 [grpc-default-executor-1] INFO  client.GrpcClientProtocolClient (GrpcClientProtocolClient.java:onNext(255)) - client-C954105195FD->270584e6-a4a8-4db5-8151-214655ce1a56: receive RaftClientReply:client-C954105195FD->270584e6-a4a8-4db5-8151-214655ce1a56@group-787F5BA3AA67, cid=2599, SUCCESS, logIndex=0, commits[270584e6-a4a8-4db5-8151-214655ce1a56:c3874, af078b8b-61ec-497f-9506-472d46a72462:c3872, 09fb9ab4-1b8d-44c0-9f8c-50855c6f1fed:c3872]
2019-08-21 12:28:14,548 | INFO  | SCMAudit | user=jenkins1000 | ip=192.168.34.23 | op=ALLOCATE_BLOCK {owner=b79f83c9-5f7d-4caf-af30-78af34bc5eea, size=4194304, type=RATIS, factor=THREE} | ret=SUCCESS |  
2019-08-21 12:28:14,553 | INFO  | OMAudit | user=jenkins1000 | ip=127.0.0.1 | op=ALLOCATE_BLOCK {volume=vol-0-06517, bucket=bucket-0-64549, key=key-0-34512, dataSize=0, replicationType=null, replicationFactor=null, keyLocationInfo=null, clientID=102654965997830546} | ret=SUCCESS |  
2019-08-21 12:28:14,562 | INFO  | DNAudit | user=null | ip=null | op=WRITE_CHUNK {blockData=conID: 2 locID: 102654967450698332 bcsId: 0} | ret=SUCCESS |  
2019-08-21 12:28:14,566 | INFO  | DNAudit | user=null | ip=null | op=WRITE_CHUNK {blockData=conID: 2 locID: 102654967450698332 bcsId: 0} | ret=SUCCESS |  
2019-08-21 12:28:14,567 | INFO  | DNAudit | user=null | ip=null | op=WRITE_CHUNK {blockData=conID: 2 locID: 102654967450698332 bcsId: 0} | ret=SUCCESS |  
2019-08-21 12:28:14,568 | INFO  | DNAudit | user=null | ip=null | op=WRITE_CHUNK {blockData=conID: 2 locID: 102654967450698332 bcsId: 0} | ret=SUCCESS |  
2019-08-21 12:28:14,569 | INFO  | DNAudit | user=null | ip=null | op=WRITE_CHUNK {blockData=conID: 2 locID: 102654967450698332 bcsId: 0} | ret=SUCCESS |  
2019-08-21 12:28:14,569 | INFO  | DNAudit | user=null | ip=null | op=WRITE_CHUNK {blockData=conID: 2 locID: 102654967450698332 bcsId: 0} | ret=SUCCESS |  
2019-08-21 12:28:14,575 | INFO  | DNAudit | user=null | ip=null | op=WRITE_CHUNK {blockData=conID: 2 locID: 102654967450698332 bcsId: 0} | ret=SUCCESS |  
2019-08-21 12:28:14,575 | INFO  | DNAudit | user=null | ip=null | op=PUT_BLOCK {blockData=[blockId=conID: 2 locID: 102654967450698332 bcsId: 0,size=1048576]} | ret=SUCCESS |  
2019-08-21 12:28:14,576 [grpc-default-executor-1] INFO  client.GrpcClientProtocolClient (GrpcClientProtocolClient.java:onNext(255)) - client-C954105195FD->270584e6-a4a8-4db5-8151-214655ce1a56: receive RaftClientReply:client-C954105195FD->270584e6-a4a8-4db5-8151-214655ce1a56@group-787F5BA3AA67, cid=2600, SUCCESS, logIndex=3875, commits[270584e6-a4a8-4db5-8151-214655ce1a56:c3876, af078b8b-61ec-497f-9506-472d46a72462:c3874, 09fb9ab4-1b8d-44c0-9f8c-50855c6f1fed:c3874]
2019-08-21 12:28:14,576 | INFO  | DNAudit | user=null | ip=null | op=WRITE_CHUNK {blockData=conID: 2 locID: 102654967450698332 bcsId: 0} | ret=SUCCESS |  
2019-08-21 12:28:14,576 | INFO  | DNAudit | user=null | ip=null | op=PUT_BLOCK {blockData=[blockId=conID: 2 locID: 102654967450698332 bcsId: 0,size=2097152]} | ret=SUCCESS |  
2019-08-21 12:28:14,576 [grpc-default-executor-1] INFO  client.GrpcClientProtocolClient (GrpcClientProtocolClient.java:onNext(255)) - client-C954105195FD->270584e6-a4a8-4db5-8151-214655ce1a56: receive RaftClientReply:client-C954105195FD->270584e6-a4a8-4db5-8151-214655ce1a56@group-787F5BA3AA67, cid=2601, SUCCESS, logIndex=3876, commits[270584e6-a4a8-4db5-8151-214655ce1a56:c3878, af078b8b-61ec-497f-9506-472d46a72462:c3874, 09fb9ab4-1b8d-44c0-9f8c-50855c6f1fed:c3874]
2019-08-21 12:28:14,577 [grpc-default-executor-1] INFO  client.GrpcClientProtocolClient (GrpcClientProtocolClient.java:onNext(255)) - client-C954105195FD->270584e6-a4a8-4db5-8151-214655ce1a56: receive RaftClientReply:client-C954105195FD->270584e6-a4a8-4db5-8151-214655ce1a56@group-787F5BA3AA67, cid=2602, SUCCESS, logIndex=3877, commits[270584e6-a4a8-4db5-8151-214655ce1a56:c3878, af078b8b-61ec-497f-9506-472d46a72462:c3874, 09fb9ab4-1b8d-44c0-9f8c-50855c6f1fed:c3874]
2019-08-21 12:28:14,577 [grpc-default-executor-1] INFO  client.GrpcClientProtocolClient (GrpcClientProtocolClient.java:onNext(255)) - client-C954105195FD->270584e6-a4a8-4db5-8151-214655ce1a56: receive RaftClientReply:client-C954105195FD->270584e6-a4a8-4db5-8151-214655ce1a56@group-787F5BA3AA67, cid=2603, SUCCESS, logIndex=3878, commits[270584e6-a4a8-4db5-8151-214655ce1a56:c3878, af078b8b-61ec-497f-9506-472d46a72462:c3874, 09fb9ab4-1b8d-44c0-9f8c-50855c6f1fed:c3874]
2019-08-21 12:28:14,586 | INFO  | DNAudit | user=null | ip=null | op=WRITE_CHUNK {blockData=conID: 2 locID: 102654967450698332 bcsId: 0} | ret=SUCCESS |  
2019-08-21 12:28:14,586 | INFO  | DNAudit | user=null | ip=null | op=WRITE_CHUNK {blockData=conID: 2 locID: 102654967450698332 bcsId: 0} | ret=SUCCESS |  
2019-08-21 12:28:14,586 | INFO  | DNAudit | user=null | ip=null | op=PUT_BLOCK {blockData=[blockId=conID: 2 locID: 102654967450698332 bcsId: 0,size=1048576]} | ret=SUCCESS |  
2019-08-21 12:28:14,586 | INFO  | DNAudit | user=null | ip=null | op=PUT_BLOCK {blockData=[blockId=conID: 2 locID: 102654967450698332 bcsId: 0,size=1048576]} | ret=SUCCESS |  
2019-08-21 12:28:14,587 [grpc-default-executor-1] INFO  client.GrpcClientProtocolClient (GrpcClientProtocolClient.java:onNext(255)) - client-C954105195FD->270584e6-a4a8-4db5-8151-214655ce1a56: receive RaftClientReply:client-C954105195FD->270584e6-a4a8-4db5-8151-214655ce1a56@group-787F5BA3AA67, cid=2604, SUCCESS, logIndex=0, commits[270584e6-a4a8-4db5-8151-214655ce1a56:c3879, af078b8b-61ec-497f-9506-472d46a72462:c3876, 09fb9ab4-1b8d-44c0-9f8c-50855c6f1fed:c3876]
2019-08-21 12:28:14,589 | INFO  | DNAudit | user=null | ip=null | op=WRITE_CHUNK {blockData=conID: 2 locID: 102654967450698332 bcsId: 0} | ret=SUCCESS |  
2019-08-21 12:28:14,590 | INFO  | DNAudit | user=null | ip=null | op=PUT_BLOCK {blockData=[blockId=conID: 2 locID: 102654967450698332 bcsId: 0,size=2097152]} | ret=SUCCESS |  
2019-08-21 12:28:14,590 | INFO  | DNAudit | user=null | ip=null | op=WRITE_CHUNK {blockData=conID: 2 locID: 102654967450698332 bcsId: 0} | ret=SUCCESS |  
2019-08-21 12:28:14,590 | INFO  | DNAudit | user=null | ip=null | op=PUT_BLOCK {blockData=[blockId=conID: 2 locID: 102654967450698332 bcsId: 0,size=2097152]} | ret=SUCCESS |  
2019-08-21 12:28:14,595 | INFO  | DNAudit | user=null | ip=null | op=WRITE_CHUNK {blockData=conID: 2 locID: 102654967450698332 bcsId: 3878} | ret=SUCCESS |  
2019-08-21 12:28:14,599 | INFO  | DNAudit | user=null | ip=null | op=WRITE_CHUNK {blockData=conID: 2 locID: 102654967450698332 bcsId: 3878} | ret=SUCCESS |  
2019-08-21 12:28:14,599 | INFO  | DNAudit | user=null | ip=null | op=WRITE_CHUNK {blockData=conID: 2 locID: 102654967450698332 bcsId: 3878} | ret=SUCCESS |  
2019-08-21 12:28:14,608 | INFO  | DNAudit | user=null | ip=null | op=WRITE_CHUNK {blockData=conID: 2 locID: 102654967450698332 bcsId: 3878} | ret=SUCCESS |  
2019-08-21 12:28:14,608 | INFO  | DNAudit | user=null | ip=null | op=PUT_BLOCK {blockData=[blockId=conID: 2 locID: 102654967450698332 bcsId: 0,size=3145728]} | ret=SUCCESS |  
2019-08-21 12:28:14,609 [grpc-default-executor-2] INFO  client.GrpcClientProtocolClient (GrpcClientProtocolClient.java:onNext(255)) - client-C954105195FD->270584e6-a4a8-4db5-8151-214655ce1a56: receive RaftClientReply:client-C954105195FD->270584e6-a4a8-4db5-8151-214655ce1a56@group-787F5BA3AA67, cid=2605, SUCCESS, logIndex=3883, commits[270584e6-a4a8-4db5-8151-214655ce1a56:c3884, af078b8b-61ec-497f-9506-472d46a72462:c3882, 09fb9ab4-1b8d-44c0-9f8c-50855c6f1fed:c3882]
2019-08-21 12:28:14,609 [grpc-default-executor-2] INFO  client.GrpcClientProtocolClient (GrpcClientProtocolClient.java:onNext(255)) - client-C954105195FD->270584e6-a4a8-4db5-8151-214655ce1a56: receive RaftClientReply:client-C954105195FD->270584e6-a4a8-4db5-8151-214655ce1a56@group-787F5BA3AA67, cid=2606, SUCCESS, logIndex=3884, commits[270584e6-a4a8-4db5-8151-214655ce1a56:c3884, af078b8b-61ec-497f-9506-472d46a72462:c3882, 09fb9ab4-1b8d-44c0-9f8c-50855c6f1fed:c3882]
2019-08-21 12:28:14,617 | INFO  | DNAudit | user=null | ip=null | op=WRITE_CHUNK {blockData=conID: 2 locID: 102654967450698332 bcsId: 3884} | ret=SUCCESS |  
2019-08-21 12:28:14,621 | INFO  | DNAudit | user=null | ip=null | op=WRITE_CHUNK {blockData=conID: 2 locID: 102654967450698332 bcsId: 3884} | ret=SUCCESS |  
2019-08-21 12:28:14,621 | INFO  | DNAudit | user=null | ip=null | op=WRITE_CHUNK {blockData=conID: 2 locID: 102654967450698332 bcsId: 3878} | ret=SUCCESS |  
2019-08-21 12:28:14,621 | INFO  | DNAudit | user=null | ip=null | op=WRITE_CHUNK {blockData=conID: 2 locID: 102654967450698332 bcsId: 3878} | ret=SUCCESS |  
2019-08-21 12:28:14,621 | INFO  | DNAudit | user=null | ip=null | op=WRITE_CHUNK {blockData=conID: 2 locID: 102654967450698332 bcsId: 3884} | ret=SUCCESS |  
2019-08-21 12:28:14,634 | INFO  | DNAudit | user=null | ip=null | op=PUT_BLOCK {blockData=[blockId=conID: 2 locID: 102654967450698332 bcsId: 0,size=3145728]} | ret=SUCCESS |  
2019-08-21 12:28:14,635 | INFO  | DNAudit | user=null | ip=null | op=PUT_BLOCK {blockData=[blockId=conID: 2 locID: 102654967450698332 bcsId: 0,size=3145728]} | ret=SUCCESS |  
2019-08-21 12:28:14,635 | INFO  | DNAudit | user=null | ip=null | op=WRITE_CHUNK {blockData=conID: 2 locID: 102654967450698332 bcsId: 3884} | ret=SUCCESS |  
2019-08-21 12:28:14,635 | INFO  | DNAudit | user=null | ip=null | op=PUT_BLOCK {blockData=[blockId=conID: 2 locID: 102654967450698332 bcsId: 0,size=4194304]} | ret=SUCCESS |  
2019-08-21 12:28:14,636 [grpc-default-executor-4] INFO  client.GrpcClientProtocolClient (GrpcClientProtocolClient.java:onNext(255)) - client-C954105195FD->270584e6-a4a8-4db5-8151-214655ce1a56: receive RaftClientReply:client-C954105195FD->270584e6-a4a8-4db5-8151-214655ce1a56@group-787F5BA3AA67, cid=2607, SUCCESS, logIndex=3887, commits[270584e6-a4a8-4db5-8151-214655ce1a56:c3888, af078b8b-61ec-497f-9506-472d46a72462:c3884, 09fb9ab4-1b8d-44c0-9f8c-50855c6f1fed:c3884]
2019-08-21 12:28:14,636 [grpc-default-executor-4] INFO  client.GrpcClientProtocolClient (GrpcClientProtocolClient.java:onNext(255)) - client-C954105195FD->270584e6-a4a8-4db5-8151-214655ce1a56: receive RaftClientReply:client-C954105195FD->270584e6-a4a8-4db5-8151-214655ce1a56@group-787F5BA3AA67, cid=2608, SUCCESS, logIndex=3888, commits[270584e6-a4a8-4db5-8151-214655ce1a56:c3888, af078b8b-61ec-497f-9506-472d46a72462:c3884, 09fb9ab4-1b8d-44c0-9f8c-50855c6f1fed:c3884]
2019-08-21 12:28:14,648 | INFO  | DNAudit | user=null | ip=null | op=WRITE_CHUNK {blockData=conID: 2 locID: 102654967450698332 bcsId: 3884} | ret=SUCCESS |  
2019-08-21 12:28:14,648 | INFO  | DNAudit | user=null | ip=null | op=WRITE_CHUNK {blockData=conID: 2 locID: 102654967450698332 bcsId: 3884} | ret=SUCCESS |  
2019-08-21 12:28:14,661 | INFO  | DNAudit | user=null | ip=null | op=PUT_BLOCK {blockData=[blockId=conID: 2 locID: 102654967450698332 bcsId: 0,size=4194304]} | ret=SUCCESS |  
2019-08-21 12:28:14,661 | INFO  | DNAudit | user=null | ip=null | op=PUT_BLOCK {blockData=[blockId=conID: 2 locID: 102654967450698332 bcsId: 0,size=4194304]} | ret=SUCCESS |  
2019-08-21 12:28:14,661 [grpc-default-executor-4] INFO  client.GrpcClientProtocolClient (GrpcClientProtocolClient.java:onNext(255)) - client-C954105195FD->270584e6-a4a8-4db5-8151-214655ce1a56: receive RaftClientReply:client-C954105195FD->270584e6-a4a8-4db5-8151-214655ce1a56@group-787F5BA3AA67, cid=2609, SUCCESS, logIndex=0, commits[270584e6-a4a8-4db5-8151-214655ce1a56:c3890, af078b8b-61ec-497f-9506-472d46a72462:c3888, 09fb9ab4-1b8d-44c0-9f8c-50855c6f1fed:c3888]
2019-08-21 12:28:14,668 | INFO  | SCMAudit | user=jenkins1000 | ip=192.168.34.23 | op=ALLOCATE_BLOCK {owner=b79f83c9-5f7d-4caf-af30-78af34bc5eea, size=4194304, type=RATIS, factor=THREE} | ret=SUCCESS |  
2019-08-21 12:28:14,673 | INFO  | OMAudit | user=jenkins1000 | ip=127.0.0.1 | op=ALLOCATE_BLOCK {volume=vol-0-06517, bucket=bucket-0-64549, key=key-0-34512, dataSize=0, replicationType=null, replicationFactor=null, keyLocationInfo=null, clientID=102654965997830546} | ret=SUCCESS |  
2019-08-21 12:28:14,681 | INFO  | DNAudit | user=null | ip=null | op=WRITE_CHUNK {blockData=conID: 3 locID: 102654967458562653 bcsId: 0} | ret=SUCCESS |  
2019-08-21 12:28:14,685 | INFO  | DNAudit | user=null | ip=null | op=WRITE_CHUNK {blockData=conID: 3 locID: 102654967458562653 bcsId: 0} | ret=SUCCESS |  
2019-08-21 12:28:14,686 | INFO  | DNAudit | user=null | ip=null | op=WRITE_CHUNK {blockData=conID: 3 locID: 102654967458562653 bcsId: 0} | ret=SUCCESS |  
2019-08-21 12:28:14,687 | INFO  | DNAudit | user=null | ip=null | op=WRITE_CHUNK {blockData=conID: 3 locID: 102654967458562653 bcsId: 0} | ret=SUCCESS |  
2019-08-21 12:28:14,689 | INFO  | DNAudit | user=null | ip=null | op=WRITE_CHUNK {blockData=conID: 3 locID: 102654967458562653 bcsId: 0} | ret=SUCCESS |  
2019-08-21 12:28:14,689 | INFO  | DNAudit | user=null | ip=null | op=WRITE_CHUNK {blockData=conID: 3 locID: 102654967458562653 bcsId: 0} | ret=SUCCESS |  
2019-08-21 12:28:14,696 | INFO  | DNAudit | user=null | ip=null | op=WRITE_CHUNK {blockData=conID: 3 locID: 102654967458562653 bcsId: 0} | ret=SUCCESS |  
2019-08-21 12:28:14,697 | INFO  | DNAudit | user=null | ip=null | op=PUT_BLOCK {blockData=[blockId=conID: 3 locID: 102654967458562653 bcsId: 0,size=1048576]} | ret=SUCCESS |  
2019-08-21 12:28:14,697 [grpc-default-executor-2] INFO  client.GrpcClientProtocolClient (GrpcClientProtocolClient.java:onNext(255)) - client-C954105195FD->270584e6-a4a8-4db5-8151-214655ce1a56: receive RaftClientReply:client-C954105195FD->270584e6-a4a8-4db5-8151-214655ce1a56@group-787F5BA3AA67, cid=2610, SUCCESS, logIndex=3891, commits[270584e6-a4a8-4db5-8151-214655ce1a56:c3892, af078b8b-61ec-497f-9506-472d46a72462:c3890, 09fb9ab4-1b8d-44c0-9f8c-50855c6f1fed:c3890]
2019-08-21 12:28:14,698 [grpc-default-executor-2] INFO  client.GrpcClientProtocolClient (GrpcClientProtocolClient.java:onNext(255)) - client-C954105195FD->270584e6-a4a8-4db5-8151-214655ce1a56: receive RaftClientReply:client-C954105195FD->270584e6-a4a8-4db5-8151-214655ce1a56@group-787F5BA3AA67, cid=2611, SUCCESS, logIndex=3892, commits[270584e6-a4a8-4db5-8151-214655ce1a56:c3892, af078b8b-61ec-497f-9506-472d46a72462:c3890, 09fb9ab4-1b8d-44c0-9f8c-50855c6f1fed:c3890]
2019-08-21 12:28:14,708 | INFO  | DNAudit | user=null | ip=null | op=WRITE_CHUNK {blockData=conID: 3 locID: 102654967458562653 bcsId: 0} | ret=SUCCESS |  
2019-08-21 12:28:14,709 | INFO  | DNAudit | user=null | ip=null | op=PUT_BLOCK {blockData=[blockId=conID: 3 locID: 102654967458562653 bcsId: 0,size=2097152]} | ret=SUCCESS |  
2019-08-21 12:28:14,709 [grpc-default-executor-4] INFO  client.GrpcClientProtocolClient (GrpcClientProtocolClient.java:onNext(255)) - client-C954105195FD->270584e6-a4a8-4db5-8151-214655ce1a56: receive RaftClientReply:client-C954105195FD->270584e6-a4a8-4db5-8151-214655ce1a56@group-787F5BA3AA67, cid=2612, SUCCESS, logIndex=3893, commits[270584e6-a4a8-4db5-8151-214655ce1a56:c3894, af078b8b-61ec-497f-9506-472d46a72462:c3890, 09fb9ab4-1b8d-44c0-9f8c-50855c6f1fed:c3890]
2019-08-21 12:28:14,709 [grpc-default-executor-4] INFO  client.GrpcClientProtocolClient (GrpcClientProtocolClient.java:onNext(255)) - client-C954105195FD->270584e6-a4a8-4db5-8151-214655ce1a56: receive RaftClientReply:client-C954105195FD->270584e6-a4a8-4db5-8151-214655ce1a56@group-787F5BA3AA67, cid=2613, SUCCESS, logIndex=3894, commits[270584e6-a4a8-4db5-8151-214655ce1a56:c3894, af078b8b-61ec-497f-9506-472d46a72462:c3890, 09fb9ab4-1b8d-44c0-9f8c-50855c6f1fed:c3890]
2019-08-21 12:28:14,721 | INFO  | DNAudit | user=null | ip=null | op=WRITE_CHUNK {blockData=conID: 3 locID: 102654967458562653 bcsId: 0} | ret=SUCCESS |  
2019-08-21 12:28:14,721 | INFO  | DNAudit | user=null | ip=null | op=WRITE_CHUNK {blockData=conID: 3 locID: 102654967458562653 bcsId: 0} | ret=SUCCESS |  
2019-08-21 12:28:14,722 | INFO  | DNAudit | user=null | ip=null | op=PUT_BLOCK {blockData=[blockId=conID: 3 locID: 102654967458562653 bcsId: 0,size=1048576]} | ret=SUCCESS |  
2019-08-21 12:28:14,722 | INFO  | DNAudit | user=null | ip=null | op=PUT_BLOCK {blockData=[blockId=conID: 3 locID: 102654967458562653 bcsId: 0,size=1048576]} | ret=SUCCESS |  
2019-08-21 12:28:14,722 [grpc-default-executor-4] INFO  client.GrpcClientProtocolClient (GrpcClientProtocolClient.java:onNext(255)) - client-C954105195FD->270584e6-a4a8-4db5-8151-214655ce1a56: receive RaftClientReply:client-C954105195FD->270584e6-a4a8-4db5-8151-214655ce1a56@group-787F5BA3AA67, cid=2614, SUCCESS, logIndex=0, commits[270584e6-a4a8-4db5-8151-214655ce1a56:c3895, af078b8b-61ec-497f-9506-472d46a72462:c3892, 09fb9ab4-1b8d-44c0-9f8c-50855c6f1fed:c3892]
2019-08-21 12:28:14,730 | INFO  | DNAudit | user=null | ip=null | op=WRITE_CHUNK {blockData=conID: 3 locID: 102654967458562653 bcsId: 3894} | ret=SUCCESS |  
2019-08-21 12:28:14,732 | INFO  | DNAudit | user=null | ip=null | op=WRITE_CHUNK {blockData=conID: 3 locID: 102654967458562653 bcsId: 0} | ret=SUCCESS |  
2019-08-21 12:28:14,732 | INFO  | DNAudit | user=null | ip=null | op=WRITE_CHUNK {blockData=conID: 3 locID: 102654967458562653 bcsId: 0} | ret=SUCCESS |  
2019-08-21 12:28:14,732 | INFO  | DNAudit | user=null | ip=null | op=PUT_BLOCK {blockData=[blockId=conID: 3 locID: 102654967458562653 bcsId: 0,size=2097152]} | ret=SUCCESS |  
2019-08-21 12:28:14,732 | INFO  | DNAudit | user=null | ip=null | op=PUT_BLOCK {blockData=[blockId=conID: 3 locID: 102654967458562653 bcsId: 0,size=2097152]} | ret=SUCCESS |  
2019-08-21 12:28:14,733 | INFO  | DNAudit | user=null | ip=null | op=WRITE_CHUNK {blockData=conID: 3 locID: 102654967458562653 bcsId: 3894} | ret=SUCCESS |  
2019-08-21 12:28:14,733 | INFO  | DNAudit | user=null | ip=null | op=WRITE_CHUNK {blockData=conID: 3 locID: 102654967458562653 bcsId: 3894} | ret=SUCCESS |  
2019-08-21 12:28:14,735 | INFO  | DNAudit | user=null | ip=null | op=WRITE_CHUNK {blockData=conID: 3 locID: 102654967458562653 bcsId: 3894} | ret=SUCCESS |  
2019-08-21 12:28:14,736 | INFO  | DNAudit | user=null | ip=null | op=PUT_BLOCK {blockData=[blockId=conID: 3 locID: 102654967458562653 bcsId: 0,size=3145728]} | ret=SUCCESS |  
2019-08-21 12:28:14,736 [grpc-default-executor-2] INFO  client.GrpcClientProtocolClient (GrpcClientProtocolClient.java:onNext(255)) - client-C954105195FD->270584e6-a4a8-4db5-8151-214655ce1a56: receive RaftClientReply:client-C954105195FD->270584e6-a4a8-4db5-8151-214655ce1a56@group-787F5BA3AA67, cid=2615, SUCCESS, logIndex=3899, commits[270584e6-a4a8-4db5-8151-214655ce1a56:c3900, af078b8b-61ec-497f-9506-472d46a72462:c3896, 09fb9ab4-1b8d-44c0-9f8c-50855c6f1fed:c3896]
2019-08-21 12:28:14,736 [grpc-default-executor-2] INFO  client.GrpcClientProtocolClient (GrpcClientProtocolClient.java:onNext(255)) - client-C954105195FD->270584e6-a4a8-4db5-8151-214655ce1a56: receive RaftClientReply:client-C954105195FD->270584e6-a4a8-4db5-8151-214655ce1a56@group-787F5BA3AA67, cid=2616, SUCCESS, logIndex=3900, commits[270584e6-a4a8-4db5-8151-214655ce1a56:c3900, af078b8b-61ec-497f-9506-472d46a72462:c3896, 09fb9ab4-1b8d-44c0-9f8c-50855c6f1fed:c3896]
2019-08-21 12:28:14,737 | INFO  | DNAudit | user=null | ip=null | op=WRITE_CHUNK {blockData=conID: 3 locID: 102654967458562653 bcsId: 3894} | ret=SUCCESS |  
2019-08-21 12:28:14,737 | INFO  | DNAudit | user=null | ip=null | op=WRITE_CHUNK {blockData=conID: 3 locID: 102654967458562653 bcsId: 3894} | ret=SUCCESS |  
2019-08-21 12:28:14,737 | INFO  | DNAudit | user=null | ip=null | op=PUT_BLOCK {blockData=[blockId=conID: 3 locID: 102654967458562653 bcsId: 0,size=3145728]} | ret=SUCCESS |  
2019-08-21 12:28:14,737 | INFO  | DNAudit | user=null | ip=null | op=PUT_BLOCK {blockData=[blockId=conID: 3 locID: 102654967458562653 bcsId: 0,size=3145728]} | ret=SUCCESS |  
2019-08-21 12:28:14,744 | INFO  | DNAudit | user=null | ip=null | op=WRITE_CHUNK {blockData=conID: 3 locID: 102654967458562653 bcsId: 3900} | ret=SUCCESS |  
2019-08-21 12:28:14,746 | INFO  | DNAudit | user=null | ip=null | op=WRITE_CHUNK {blockData=conID: 3 locID: 102654967458562653 bcsId: 3900} | ret=SUCCESS |  
2019-08-21 12:28:14,746 | INFO  | DNAudit | user=null | ip=null | op=WRITE_CHUNK {blockData=conID: 3 locID: 102654967458562653 bcsId: 3900} | ret=SUCCESS |  
2019-08-21 12:28:14,749 | INFO  | DNAudit | user=null | ip=null | op=WRITE_CHUNK {blockData=conID: 3 locID: 102654967458562653 bcsId: 3900} | ret=SUCCESS |  
2019-08-21 12:28:14,749 | INFO  | DNAudit | user=null | ip=null | op=PUT_BLOCK {blockData=[blockId=conID: 3 locID: 102654967458562653 bcsId: 0,size=4194304]} | ret=SUCCESS |  
2019-08-21 12:28:14,749 [grpc-default-executor-2] INFO  client.GrpcClientProtocolClient (GrpcClientProtocolClient.java:onNext(255)) - client-C954105195FD->270584e6-a4a8-4db5-8151-214655ce1a56: receive RaftClientReply:client-C954105195FD->270584e6-a4a8-4db5-8151-214655ce1a56@group-787F5BA3AA67, cid=2617, SUCCESS, logIndex=3903, commits[270584e6-a4a8-4db5-8151-214655ce1a56:c3904, af078b8b-61ec-497f-9506-472d46a72462:c3900, 09fb9ab4-1b8d-44c0-9f8c-50855c6f1fed:c3902]
2019-08-21 12:28:14,750 [grpc-default-executor-2] INFO  client.GrpcClientProtocolClient (GrpcClientProtocolClient.java:onNext(255)) - client-C954105195FD->270584e6-a4a8-4db5-8151-214655ce1a56: receive RaftClientReply:client-C954105195FD->270584e6-a4a8-4db5-8151-214655ce1a56@group-787F5BA3AA67, cid=2618, SUCCESS, logIndex=3904, commits[270584e6-a4a8-4db5-8151-214655ce1a56:c3904, af078b8b-61ec-497f-9506-472d46a72462:c3902, 09fb9ab4-1b8d-44c0-9f8c-50855c6f1fed:c3902]
2019-08-21 12:28:14,752 | INFO  | DNAudit | user=null | ip=null | op=WRITE_CHUNK {blockData=conID: 3 locID: 102654967458562653 bcsId: 3900} | ret=SUCCESS |  
2019-08-21 12:28:14,752 | INFO  | DNAudit | user=null | ip=null | op=WRITE_CHUNK {blockData=conID: 3 locID: 102654967458562653 bcsId: 3900} | ret=SUCCESS |  
2019-08-21 12:28:14,752 | INFO  | DNAudit | user=null | ip=null | op=PUT_BLOCK {blockData=[blockId=conID: 3 locID: 102654967458562653 bcsId: 0,size=4194304]} | ret=SUCCESS |  
2019-08-21 12:28:14,752 | INFO  | DNAudit | user=null | ip=null | op=PUT_BLOCK {blockData=[blockId=conID: 3 locID: 102654967458562653 bcsId: 0,size=4194304]} | ret=SUCCESS |  
2019-08-21 12:28:14,753 [grpc-default-executor-2] INFO  client.GrpcClientProtocolClient (GrpcClientProtocolClient.java:onNext(255)) - client-C954105195FD->270584e6-a4a8-4db5-8151-214655ce1a56: receive RaftClientReply:client-C954105195FD->270584e6-a4a8-4db5-8151-214655ce1a56@group-787F5BA3AA67, cid=2619, SUCCESS, logIndex=0, commits[270584e6-a4a8-4db5-8151-214655ce1a56:c3905, af078b8b-61ec-497f-9506-472d46a72462:c3904, 09fb9ab4-1b8d-44c0-9f8c-50855c6f1fed:c3904]
2019-08-21 12:28:14,759 | INFO  | SCMAudit | user=jenkins1000 | ip=192.168.34.23 | op=ALLOCATE_BLOCK {owner=b79f83c9-5f7d-4caf-af30-78af34bc5eea, size=4194304, type=RATIS, factor=THREE} | ret=SUCCESS |  
2019-08-21 12:28:14,763 | INFO  | OMAudit | user=jenkins1000 | ip=127.0.0.1 | op=ALLOCATE_BLOCK {volume=vol-0-06517, bucket=bucket-0-64549, key=key-0-34512, dataSize=0, replicationType=null, replicationFactor=null, keyLocationInfo=null, clientID=102654965997830546} | ret=SUCCESS |  
2019-08-21 12:28:14,771 | INFO  | DNAudit | user=null | ip=null | op=WRITE_CHUNK {blockData=conID: 1 locID: 102654967464526430 bcsId: 0} | ret=SUCCESS |  
2019-08-21 12:28:14,775 | INFO  | DNAudit | user=null | ip=null | op=WRITE_CHUNK {blockData=conID: 1 locID: 102654967464526430 bcsId: 0} | ret=SUCCESS |  
2019-08-21 12:28:14,775 | INFO  | DNAudit | user=null | ip=null | op=WRITE_CHUNK {blockData=conID: 1 locID: 102654967464526430 bcsId: 0} | ret=SUCCESS |  
2019-08-21 12:28:14,775 | INFO  | DNAudit | user=null | ip=null | op=WRITE_CHUNK {blockData=conID: 1 locID: 102654967464526430 bcsId: 0} | ret=SUCCESS |  
2019-08-21 12:28:14,777 | INFO  | DNAudit | user=null | ip=null | op=WRITE_CHUNK {blockData=conID: 1 locID: 102654967464526430 bcsId: 0} | ret=SUCCESS |  
2019-08-21 12:28:14,777 | INFO  | DNAudit | user=null | ip=null | op=WRITE_CHUNK {blockData=conID: 1 locID: 102654967464526430 bcsId: 0} | ret=SUCCESS |  
2019-08-21 12:28:14,804 | INFO  | DNAudit | user=null | ip=null | op=WRITE_CHUNK {blockData=conID: 1 locID: 102654967464526430 bcsId: 0} | ret=SUCCESS |  
2019-08-21 12:28:14,805 | INFO  | DNAudit | user=null | ip=null | op=PUT_BLOCK {blockData=[blockId=conID: 1 locID: 102654967464526430 bcsId: 0,size=1048576]} | ret=SUCCESS |  
2019-08-21 12:28:14,805 [grpc-default-executor-4] INFO  client.GrpcClientProtocolClient (GrpcClientProtocolClient.java:onNext(255)) - client-C954105195FD->270584e6-a4a8-4db5-8151-214655ce1a56: receive RaftClientReply:client-C954105195FD->270584e6-a4a8-4db5-8151-214655ce1a56@group-787F5BA3AA67, cid=2620, SUCCESS, logIndex=3907, commits[270584e6-a4a8-4db5-8151-214655ce1a56:c3909, af078b8b-61ec-497f-9506-472d46a72462:c3906, 09fb9ab4-1b8d-44c0-9f8c-50855c6f1fed:c3906]
2019-08-21 12:28:14,806 | INFO  | DNAudit | user=null | ip=null | op=WRITE_CHUNK {blockData=conID: 1 locID: 102654967464526430 bcsId: 0} | ret=SUCCESS |  
2019-08-21 12:28:14,806 [grpc-default-executor-4] INFO  client.GrpcClientProtocolClient (GrpcClientProtocolClient.java:onNext(255)) - client-C954105195FD->270584e6-a4a8-4db5-8151-214655ce1a56: receive RaftClientReply:client-C954105195FD->270584e6-a4a8-4db5-8151-214655ce1a56@group-787F5BA3AA67, cid=2621, SUCCESS, logIndex=3908, commits[270584e6-a4a8-4db5-8151-214655ce1a56:c3910, af078b8b-61ec-497f-9506-472d46a72462:c3906, 09fb9ab4-1b8d-44c0-9f8c-50855c6f1fed:c3906]
2019-08-21 12:28:14,806 | INFO  | DNAudit | user=null | ip=null | op=PUT_BLOCK {blockData=[blockId=conID: 1 locID: 102654967464526430 bcsId: 0,size=2097152]} | ret=SUCCESS |  
2019-08-21 12:28:14,806 [grpc-default-executor-4] INFO  client.GrpcClientProtocolClient (GrpcClientProtocolClient.java:onNext(255)) - client-C954105195FD->270584e6-a4a8-4db5-8151-214655ce1a56: receive RaftClientReply:client-C954105195FD->270584e6-a4a8-4db5-8151-214655ce1a56@group-787F5BA3AA67, cid=2622, SUCCESS, logIndex=3909, commits[270584e6-a4a8-4db5-8151-214655ce1a56:c3910, af078b8b-61ec-497f-9506-472d46a72462:c3906, 09fb9ab4-1b8d-44c0-9f8c-50855c6f1fed:c3906]
2019-08-21 12:28:14,807 [grpc-default-executor-4] INFO  client.GrpcClientProtocolClient (GrpcClientProtocolClient.java:onNext(255)) - client-C954105195FD->270584e6-a4a8-4db5-8151-214655ce1a56: receive RaftClientReply:client-C954105195FD->270584e6-a4a8-4db5-8151-214655ce1a56@group-787F5BA3AA67, cid=2623, SUCCESS, logIndex=3910, commits[270584e6-a4a8-4db5-8151-214655ce1a56:c3910, af078b8b-61ec-497f-9506-472d46a72462:c3906, 09fb9ab4-1b8d-44c0-9f8c-50855c6f1fed:c3906]
2019-08-21 12:28:14,816 | INFO  | DNAudit | user=null | ip=null | op=WRITE_CHUNK {blockData=conID: 1 locID: 102654967464526430 bcsId: 0} | ret=SUCCESS |  
2019-08-21 12:28:14,816 | INFO  | DNAudit | user=null | ip=null | op=WRITE_CHUNK {blockData=conID: 1 locID: 102654967464526430 bcsId: 0} | ret=SUCCESS |  
2019-08-21 12:28:14,816 | INFO  | DNAudit | user=null | ip=null | op=PUT_BLOCK {blockData=[blockId=conID: 1 locID: 102654967464526430 bcsId: 0,size=1048576]} | ret=SUCCESS |  
2019-08-21 12:28:14,816 | INFO  | DNAudit | user=null | ip=null | op=WRITE_CHUNK {blockData=conID: 1 locID: 102654967464526430 bcsId: 0} | ret=SUCCESS |  
2019-08-21 12:28:14,817 | INFO  | DNAudit | user=null | ip=null | op=PUT_BLOCK {blockData=[blockId=conID: 1 locID: 102654967464526430 bcsId: 0,size=1048576]} | ret=SUCCESS |  
2019-08-21 12:28:14,817 | INFO  | DNAudit | user=null | ip=null | op=WRITE_CHUNK {blockData=conID: 1 locID: 102654967464526430 bcsId: 0} | ret=SUCCESS |  
2019-08-21 12:28:14,818 | INFO  | DNAudit | user=null | ip=null | op=PUT_BLOCK {blockData=[blockId=conID: 1 locID: 102654967464526430 bcsId: 0,size=2097152]} | ret=SUCCESS |  
2019-08-21 12:28:14,818 [grpc-default-executor-4] INFO  client.GrpcClientProtocolClient (GrpcClientProtocolClient.java:onNext(255)) - client-C954105195FD->270584e6-a4a8-4db5-8151-214655ce1a56: receive RaftClientReply:client-C954105195FD->270584e6-a4a8-4db5-8151-214655ce1a56@group-787F5BA3AA67, cid=2624, SUCCESS, logIndex=0, commits[270584e6-a4a8-4db5-8151-214655ce1a56:c3913, af078b8b-61ec-497f-9506-472d46a72462:c3909, 09fb9ab4-1b8d-44c0-9f8c-50855c6f1fed:c3908]
2019-08-21 12:28:14,818 | INFO  | DNAudit | user=null | ip=null | op=PUT_BLOCK {blockData=[blockId=conID: 1 locID: 102654967464526430 bcsId: 0,size=2097152]} | ret=SUCCESS |  
2019-08-21 12:28:14,825 | INFO  | DNAudit | user=null | ip=null | op=WRITE_CHUNK {blockData=conID: 1 locID: 102654967464526430 bcsId: 3910} | ret=SUCCESS |  
2019-08-21 12:28:14,828 | INFO  | DNAudit | user=null | ip=null | op=WRITE_CHUNK {blockData=conID: 1 locID: 102654967464526430 bcsId: 3910} | ret=SUCCESS |  
2019-08-21 12:28:14,828 | INFO  | DNAudit | user=null | ip=null | op=WRITE_CHUNK {blockData=conID: 1 locID: 102654967464526430 bcsId: 3910} | ret=SUCCESS |  
2019-08-21 12:28:14,839 | INFO  | DNAudit | user=null | ip=null | op=WRITE_CHUNK {blockData=conID: 1 locID: 102654967464526430 bcsId: 3910} | ret=SUCCESS |  
2019-08-21 12:28:14,839 | INFO  | DNAudit | user=null | ip=null | op=PUT_BLOCK {blockData=[blockId=conID: 1 locID: 102654967464526430 bcsId: 0,size=3145728]} | ret=SUCCESS |  
2019-08-21 12:28:14,839 [grpc-default-executor-4] INFO  client.GrpcClientProtocolClient (GrpcClientProtocolClient.java:onNext(255)) - client-C954105195FD->270584e6-a4a8-4db5-8151-214655ce1a56: receive RaftClientReply:client-C954105195FD->270584e6-a4a8-4db5-8151-214655ce1a56@group-787F5BA3AA67, cid=2625, SUCCESS, logIndex=3915, commits[270584e6-a4a8-4db5-8151-214655ce1a56:c3916, af078b8b-61ec-497f-9506-472d46a72462:c3914, 09fb9ab4-1b8d-44c0-9f8c-50855c6f1fed:c3914]
2019-08-21 12:28:14,840 [grpc-default-executor-4] INFO  client.GrpcClientProtocolClient (GrpcClientProtocolClient.java:onNext(255)) - client-C954105195FD->270584e6-a4a8-4db5-8151-214655ce1a56: receive RaftClientReply:client-C954105195FD->270584e6-a4a8-4db5-8151-214655ce1a56@group-787F5BA3AA67, cid=2626, SUCCESS, logIndex=3916, commits[270584e6-a4a8-4db5-8151-214655ce1a56:c3916, af078b8b-61ec-497f-9506-472d46a72462:c3914, 09fb9ab4-1b8d-44c0-9f8c-50855c6f1fed:c3914]
2019-08-21 12:28:14,847 | INFO  | DNAudit | user=null | ip=null | op=WRITE_CHUNK {blockData=conID: 1 locID: 102654967464526430 bcsId: 3916} | ret=SUCCESS |  
2019-08-21 12:28:14,850 | INFO  | DNAudit | user=null | ip=null | op=WRITE_CHUNK {blockData=conID: 1 locID: 102654967464526430 bcsId: 3916} | ret=SUCCESS |  
2019-08-21 12:28:14,850 | INFO  | DNAudit | user=null | ip=null | op=WRITE_CHUNK {blockData=conID: 1 locID: 102654967464526430 bcsId: 3916} | ret=SUCCESS |  
2019-08-21 12:28:14,852 | INFO  | DNAudit | user=null | ip=null | op=WRITE_CHUNK {blockData=conID: 1 locID: 102654967464526430 bcsId: 3910} | ret=SUCCESS |  
2019-08-21 12:28:14,852 | INFO  | DNAudit | user=null | ip=null | op=WRITE_CHUNK {blockData=conID: 1 locID: 102654967464526430 bcsId: 3910} | ret=SUCCESS |  
2019-08-21 12:28:14,865 | INFO  | DNAudit | user=null | ip=null | op=PUT_BLOCK {blockData=[blockId=conID: 1 locID: 102654967464526430 bcsId: 0,size=3145728]} | ret=SUCCESS |  
2019-08-21 12:28:14,865 | INFO  | DNAudit | user=null | ip=null | op=PUT_BLOCK {blockData=[blockId=conID: 1 locID: 102654967464526430 bcsId: 0,size=3145728]} | ret=SUCCESS |  
2019-08-21 12:28:14,865 | INFO  | DNAudit | user=null | ip=null | op=WRITE_CHUNK {blockData=conID: 1 locID: 102654967464526430 bcsId: 3916} | ret=SUCCESS |  
2019-08-21 12:28:14,866 | INFO  | DNAudit | user=null | ip=null | op=PUT_BLOCK {blockData=[blockId=conID: 1 locID: 102654967464526430 bcsId: 0,size=4194304]} | ret=SUCCESS |  
2019-08-21 12:28:14,866 [grpc-default-executor-1] INFO  client.GrpcClientProtocolClient (GrpcClientProtocolClient.java:onNext(255)) - client-C954105195FD->270584e6-a4a8-4db5-8151-214655ce1a56: receive RaftClientReply:client-C954105195FD->270584e6-a4a8-4db5-8151-214655ce1a56@group-787F5BA3AA67, cid=2627, SUCCESS, logIndex=3919, commits[270584e6-a4a8-4db5-8151-214655ce1a56:c3920, af078b8b-61ec-497f-9506-472d46a72462:c3916, 09fb9ab4-1b8d-44c0-9f8c-50855c6f1fed:c3916]
2019-08-21 12:28:14,866 [grpc-default-executor-1] INFO  client.GrpcClientProtocolClient (GrpcClientProtocolClient.java:onNext(255)) - client-C954105195FD->270584e6-a4a8-4db5-8151-214655ce1a56: receive RaftClientReply:client-C954105195FD->270584e6-a4a8-4db5-8151-214655ce1a56@group-787F5BA3AA67, cid=2628, SUCCESS, logIndex=3920, commits[270584e6-a4a8-4db5-8151-214655ce1a56:c3920, af078b8b-61ec-497f-9506-472d46a72462:c3916, 09fb9ab4-1b8d-44c0-9f8c-50855c6f1fed:c3916]
2019-08-21 12:28:14,878 | INFO  | DNAudit | user=null | ip=null | op=WRITE_CHUNK {blockData=conID: 1 locID: 102654967464526430 bcsId: 3916} | ret=SUCCESS |  
2019-08-21 12:28:14,878 | INFO  | DNAudit | user=null | ip=null | op=WRITE_CHUNK {blockData=conID: 1 locID: 102654967464526430 bcsId: 3916} | ret=SUCCESS |  
2019-08-21 12:28:14,878 | INFO  | DNAudit | user=null | ip=null | op=PUT_BLOCK {blockData=[blockId=conID: 1 locID: 102654967464526430 bcsId: 0,size=4194304]} | ret=SUCCESS |  
2019-08-21 12:28:14,891 | INFO  | DNAudit | user=null | ip=null | op=PUT_BLOCK {blockData=[blockId=conID: 1 locID: 102654967464526430 bcsId: 0,size=4194304]} | ret=SUCCESS |  
2019-08-21 12:28:14,891 [grpc-default-executor-1] INFO  client.GrpcClientProtocolClient (GrpcClientProtocolClient.java:onNext(255)) - client-C954105195FD->270584e6-a4a8-4db5-8151-214655ce1a56: receive RaftClientReply:client-C954105195FD->270584e6-a4a8-4db5-8151-214655ce1a56@group-787F5BA3AA67, cid=2629, SUCCESS, logIndex=0, commits[270584e6-a4a8-4db5-8151-214655ce1a56:c3921, af078b8b-61ec-497f-9506-472d46a72462:c3920, 09fb9ab4-1b8d-44c0-9f8c-50855c6f1fed:c3920]
2019-08-21 12:28:14,897 | INFO  | SCMAudit | user=jenkins1000 | ip=192.168.34.23 | op=ALLOCATE_BLOCK {owner=b79f83c9-5f7d-4caf-af30-78af34bc5eea, size=4194304, type=RATIS, factor=THREE} | ret=SUCCESS |  
2019-08-21 12:28:14,901 | INFO  | OMAudit | user=jenkins1000 | ip=127.0.0.1 | op=ALLOCATE_BLOCK {volume=vol-0-06517, bucket=bucket-0-64549, key=key-0-34512, dataSize=0, replicationType=null, replicationFactor=null, keyLocationInfo=null, clientID=102654965997830546} | ret=SUCCESS |  
2019-08-21 12:28:14,909 | INFO  | DNAudit | user=null | ip=null | op=WRITE_CHUNK {blockData=conID: 2 locID: 102654967473570399 bcsId: 0} | ret=SUCCESS |  
2019-08-21 12:28:14,911 | INFO  | DNAudit | user=null | ip=null | op=WRITE_CHUNK {blockData=conID: 2 locID: 102654967473570399 bcsId: 0} | ret=SUCCESS |  
2019-08-21 12:28:14,912 | INFO  | DNAudit | user=null | ip=null | op=WRITE_CHUNK {blockData=conID: 2 locID: 102654967473570399 bcsId: 0} | ret=SUCCESS |  
2019-08-21 12:28:14,912 | INFO  | DNAudit | user=null | ip=null | op=WRITE_CHUNK {blockData=conID: 2 locID: 102654967473570399 bcsId: 0} | ret=SUCCESS |  
2019-08-21 12:28:14,915 | INFO  | DNAudit | user=null | ip=null | op=WRITE_CHUNK {blockData=conID: 2 locID: 102654967473570399 bcsId: 0} | ret=SUCCESS |  
2019-08-21 12:28:14,915 | INFO  | DNAudit | user=null | ip=null | op=WRITE_CHUNK {blockData=conID: 2 locID: 102654967473570399 bcsId: 0} | ret=SUCCESS |  
2019-08-21 12:28:14,923 | INFO  | DNAudit | user=null | ip=null | op=WRITE_CHUNK {blockData=conID: 2 locID: 102654967473570399 bcsId: 0} | ret=SUCCESS |  
2019-08-21 12:28:14,924 | INFO  | DNAudit | user=null | ip=null | op=PUT_BLOCK {blockData=[blockId=conID: 2 locID: 102654967473570399 bcsId: 0,size=1048576]} | ret=SUCCESS |  
2019-08-21 12:28:14,924 [grpc-default-executor-1] INFO  client.GrpcClientProtocolClient (GrpcClientProtocolClient.java:onNext(255)) - client-C954105195FD->270584e6-a4a8-4db5-8151-214655ce1a56: receive RaftClientReply:client-C954105195FD->270584e6-a4a8-4db5-8151-214655ce1a56@group-787F5BA3AA67, cid=2630, SUCCESS, logIndex=3923, commits[270584e6-a4a8-4db5-8151-214655ce1a56:c3924, af078b8b-61ec-497f-9506-472d46a72462:c3922, 09fb9ab4-1b8d-44c0-9f8c-50855c6f1fed:c3922]
2019-08-21 12:28:14,925 [grpc-default-executor-1] INFO  client.GrpcClientProtocolClient (GrpcClientProtocolClient.java:onNext(255)) - client-C954105195FD->270584e6-a4a8-4db5-8151-214655ce1a56: receive RaftClientReply:client-C954105195FD->270584e6-a4a8-4db5-8151-214655ce1a56@group-787F5BA3AA67, cid=2631, SUCCESS, logIndex=3924, commits[270584e6-a4a8-4db5-8151-214655ce1a56:c3924, af078b8b-61ec-497f-9506-472d46a72462:c3922, 09fb9ab4-1b8d-44c0-9f8c-50855c6f1fed:c3922]
2019-08-21 12:28:14,936 | INFO  | DNAudit | user=null | ip=null | op=WRITE_CHUNK {blockData=conID: 2 locID: 102654967473570399 bcsId: 0} | ret=SUCCESS |  
2019-08-21 12:28:14,937 | INFO  | DNAudit | user=null | ip=null | op=PUT_BLOCK {blockData=[blockId=conID: 2 locID: 102654967473570399 bcsId: 0,size=2097152]} | ret=SUCCESS |  
2019-08-21 12:28:14,937 [grpc-default-executor-4] INFO  client.GrpcClientProtocolClient (GrpcClientProtocolClient.java:onNext(255)) - client-C954105195FD->270584e6-a4a8-4db5-8151-214655ce1a56: receive RaftClientReply:client-C954105195FD->270584e6-a4a8-4db5-8151-214655ce1a56@group-787F5BA3AA67, cid=2632, SUCCESS, logIndex=3925, commits[270584e6-a4a8-4db5-8151-214655ce1a56:c3926, af078b8b-61ec-497f-9506-472d46a72462:c3922, 09fb9ab4-1b8d-44c0-9f8c-50855c6f1fed:c3922]
2019-08-21 12:28:14,937 [grpc-default-executor-4] INFO  client.GrpcClientProtocolClient (GrpcClientProtocolClient.java:onNext(255)) - client-C954105195FD->270584e6-a4a8-4db5-8151-214655ce1a56: receive RaftClientReply:client-C954105195FD->270584e6-a4a8-4db5-8151-214655ce1a56@group-787F5BA3AA67, cid=2633, SUCCESS, logIndex=3926, commits[270584e6-a4a8-4db5-8151-214655ce1a56:c3926, af078b8b-61ec-497f-9506-472d46a72462:c3922, 09fb9ab4-1b8d-44c0-9f8c-50855c6f1fed:c3922]
2019-08-21 12:28:14,938 | INFO  | DNAudit | user=null | ip=null | op=WRITE_CHUNK {blockData=conID: 2 locID: 102654967473570399 bcsId: 0} | ret=SUCCESS |  
2019-08-21 12:28:14,938 | INFO  | DNAudit | user=null | ip=null | op=WRITE_CHUNK {blockData=conID: 2 locID: 102654967473570399 bcsId: 0} | ret=SUCCESS |  
2019-08-21 12:28:14,938 | INFO  | DNAudit | user=null | ip=null | op=PUT_BLOCK {blockData=[blockId=conID: 2 locID: 102654967473570399 bcsId: 0,size=1048576]} | ret=SUCCESS |  
2019-08-21 12:28:14,938 | INFO  | DNAudit | user=null | ip=null | op=PUT_BLOCK {blockData=[blockId=conID: 2 locID: 102654967473570399 bcsId: 0,size=1048576]} | ret=SUCCESS |  
2019-08-21 12:28:14,938 [grpc-default-executor-2] INFO  client.GrpcClientProtocolClient (GrpcClientProtocolClient.java:onNext(255)) - client-C954105195FD->270584e6-a4a8-4db5-8151-214655ce1a56: receive RaftClientReply:client-C954105195FD->270584e6-a4a8-4db5-8151-214655ce1a56@group-787F5BA3AA67, cid=2634, SUCCESS, logIndex=0, commits[270584e6-a4a8-4db5-8151-214655ce1a56:c3928, af078b8b-61ec-497f-9506-472d46a72462:c3924, 09fb9ab4-1b8d-44c0-9f8c-50855c6f1fed:c3924]
2019-08-21 12:28:14,941 | INFO  | DNAudit | user=null | ip=null | op=WRITE_CHUNK {blockData=conID: 2 locID: 102654967473570399 bcsId: 0} | ret=SUCCESS |  
2019-08-21 12:28:14,941 | INFO  | DNAudit | user=null | ip=null | op=PUT_BLOCK {blockData=[blockId=conID: 2 locID: 102654967473570399 bcsId: 0,size=2097152]} | ret=SUCCESS |  
2019-08-21 12:28:14,941 | INFO  | DNAudit | user=null | ip=null | op=WRITE_CHUNK {blockData=conID: 2 locID: 102654967473570399 bcsId: 0} | ret=SUCCESS |  
2019-08-21 12:28:14,941 | INFO  | DNAudit | user=null | ip=null | op=PUT_BLOCK {blockData=[blockId=conID: 2 locID: 102654967473570399 bcsId: 0,size=2097152]} | ret=SUCCESS |  
2019-08-21 12:28:14,945 | INFO  | DNAudit | user=null | ip=null | op=WRITE_CHUNK {blockData=conID: 2 locID: 102654967473570399 bcsId: 3926} | ret=SUCCESS |  
2019-08-21 12:28:14,948 | INFO  | DNAudit | user=null | ip=null | op=WRITE_CHUNK {blockData=conID: 2 locID: 102654967473570399 bcsId: 3926} | ret=SUCCESS |  
2019-08-21 12:28:14,949 | INFO  | DNAudit | user=null | ip=null | op=WRITE_CHUNK {blockData=conID: 2 locID: 102654967473570399 bcsId: 3926} | ret=SUCCESS |  
2019-08-21 12:28:14,950 | INFO  | DNAudit | user=null | ip=null | op=WRITE_CHUNK {blockData=conID: 2 locID: 102654967473570399 bcsId: 3926} | ret=SUCCESS |  
2019-08-21 12:28:14,950 | INFO  | SCMAudit | user=jenkins1000 | ip=192.168.34.23 | op=SEND_HEARTBEAT {datanodeUUID=09fb9ab4-1b8d-44c0-9f8c-50855c6f1fed, command=[]} | ret=SUCCESS |  
2019-08-21 12:28:14,951 | INFO  | SCMAudit | user=jenkins1000 | ip=192.168.34.23 | op=SEND_HEARTBEAT {datanodeUUID=af078b8b-61ec-497f-9506-472d46a72462, command=[]} | ret=SUCCESS |  
2019-08-21 12:28:14,951 | INFO  | DNAudit | user=null | ip=null | op=PUT_BLOCK {blockData=[blockId=conID: 2 locID: 102654967473570399 bcsId: 0,size=3145728]} | ret=SUCCESS |  
2019-08-21 12:28:14,951 [grpc-default-executor-1] INFO  client.GrpcClientProtocolClient (GrpcClientProtocolClient.java:onNext(255)) - client-C954105195FD->270584e6-a4a8-4db5-8151-214655ce1a56: receive RaftClientReply:client-C954105195FD->270584e6-a4a8-4db5-8151-214655ce1a56@group-787F5BA3AA67, cid=2635, SUCCESS, logIndex=3931, commits[270584e6-a4a8-4db5-8151-214655ce1a56:c3932, af078b8b-61ec-497f-9506-472d46a72462:c3930, 09fb9ab4-1b8d-44c0-9f8c-50855c6f1fed:c3926]
2019-08-21 12:28:14,952 | INFO  | SCMAudit | user=jenkins1000 | ip=192.168.34.23 | op=SEND_HEARTBEAT {datanodeUUID=270584e6-a4a8-4db5-8151-214655ce1a56, command=[]} | ret=SUCCESS |  
2019-08-21 12:28:14,952 [grpc-default-executor-1] INFO  client.GrpcClientProtocolClient (GrpcClientProtocolClient.java:onNext(255)) - client-C954105195FD->270584e6-a4a8-4db5-8151-214655ce1a56: receive RaftClientReply:client-C954105195FD->270584e6-a4a8-4db5-8151-214655ce1a56@group-787F5BA3AA67, cid=2636, SUCCESS, logIndex=3932, commits[270584e6-a4a8-4db5-8151-214655ce1a56:c3932, af078b8b-61ec-497f-9506-472d46a72462:c3930, 09fb9ab4-1b8d-44c0-9f8c-50855c6f1fed:c3930]
 0.00% |█                                                                                                    |  0/1 Time: 0:00:222019-08-21 12:28:14,957 | INFO  | DNAudit | user=null | ip=null | op=WRITE_CHUNK {blockData=conID: 2 locID: 102654967473570399 bcsId: 3926} | ret=SUCCESS |  
2019-08-21 12:28:14,957 | INFO  | DNAudit | user=null | ip=null | op=WRITE_CHUNK {blockData=conID: 2 locID: 102654967473570399 bcsId: 3926} | ret=SUCCESS |  
2019-08-21 12:28:14,957 | INFO  | DNAudit | user=null | ip=null | op=PUT_BLOCK {blockData=[blockId=conID: 2 locID: 102654967473570399 bcsId: 0,size=3145728]} | ret=SUCCESS |  
2019-08-21 12:28:14,957 | INFO  | DNAudit | user=null | ip=null | op=PUT_BLOCK {blockData=[blockId=conID: 2 locID: 102654967473570399 bcsId: 0,size=3145728]} | ret=SUCCESS |  
2019-08-21 12:28:14,960 | INFO  | DNAudit | user=null | ip=null | op=WRITE_CHUNK {blockData=conID: 2 locID: 102654967473570399 bcsId: 3932} | ret=SUCCESS |  
2019-08-21 12:28:14,962 | INFO  | DNAudit | user=null | ip=null | op=WRITE_CHUNK {blockData=conID: 2 locID: 102654967473570399 bcsId: 3932} | ret=SUCCESS |  
2019-08-21 12:28:14,962 | INFO  | DNAudit | user=null | ip=null | op=WRITE_CHUNK {blockData=conID: 2 locID: 102654967473570399 bcsId: 3932} | ret=SUCCESS |  
2019-08-21 12:28:14,964 | INFO  | DNAudit | user=null | ip=null | op=WRITE_CHUNK {blockData=conID: 2 locID: 102654967473570399 bcsId: 3932} | ret=SUCCESS |  
2019-08-21 12:28:14,965 | INFO  | DNAudit | user=null | ip=null | op=PUT_BLOCK {blockData=[blockId=conID: 2 locID: 102654967473570399 bcsId: 0,size=4194304]} | ret=SUCCESS |  
2019-08-21 12:28:14,965 [grpc-default-executor-1] INFO  client.GrpcClientProtocolClient (GrpcClientProtocolClient.java:onNext(255)) - client-C954105195FD->270584e6-a4a8-4db5-8151-214655ce1a56: receive RaftClientReply:client-C954105195FD->270584e6-a4a8-4db5-8151-214655ce1a56@group-787F5BA3AA67, cid=2637, SUCCESS, logIndex=3935, commits[270584e6-a4a8-4db5-8151-214655ce1a56:c3936, af078b8b-61ec-497f-9506-472d46a72462:c3934, 09fb9ab4-1b8d-44c0-9f8c-50855c6f1fed:c3932]
2019-08-21 12:28:14,965 [grpc-default-executor-1] INFO  client.GrpcClientProtocolClient (GrpcClientProtocolClient.java:onNext(255)) - client-C954105195FD->270584e6-a4a8-4db5-8151-214655ce1a56: receive RaftClientReply:client-C954105195FD->270584e6-a4a8-4db5-8151-214655ce1a56@group-787F5BA3AA67, cid=2638, SUCCESS, logIndex=3936, commits[270584e6-a4a8-4db5-8151-214655ce1a56:c3936, af078b8b-61ec-497f-9506-472d46a72462:c3934, 09fb9ab4-1b8d-44c0-9f8c-50855c6f1fed:c3932]
2019-08-21 12:28:14,967 | INFO  | DNAudit | user=null | ip=null | op=WRITE_CHUNK {blockData=conID: 2 locID: 102654967473570399 bcsId: 3932} | ret=SUCCESS |  
2019-08-21 12:28:14,968 | INFO  | DNAudit | user=null | ip=null | op=WRITE_CHUNK {blockData=conID: 2 locID: 102654967473570399 bcsId: 3932} | ret=SUCCESS |  
2019-08-21 12:28:14,968 | INFO  | DNAudit | user=null | ip=null | op=PUT_BLOCK {blockData=[blockId=conID: 2 locID: 102654967473570399 bcsId: 0,size=4194304]} | ret=SUCCESS |  
2019-08-21 12:28:14,970 | INFO  | DNAudit | user=null | ip=null | op=PUT_BLOCK {blockData=[blockId=conID: 2 locID: 102654967473570399 bcsId: 0,size=4194304]} | ret=SUCCESS |  
2019-08-21 12:28:14,971 [grpc-default-executor-1] INFO  client.GrpcClientProtocolClient (GrpcClientProtocolClient.java:onNext(255)) - client-C954105195FD->270584e6-a4a8-4db5-8151-214655ce1a56: receive RaftClientReply:client-C954105195FD->270584e6-a4a8-4db5-8151-214655ce1a56@group-787F5BA3AA67, cid=2639, SUCCESS, logIndex=0, commits[270584e6-a4a8-4db5-8151-214655ce1a56:c3938, af078b8b-61ec-497f-9506-472d46a72462:c3936, 09fb9ab4-1b8d-44c0-9f8c-50855c6f1fed:c3936]
2019-08-21 12:28:14,976 | INFO  | SCMAudit | user=jenkins1000 | ip=192.168.34.23 | op=ALLOCATE_BLOCK {owner=b79f83c9-5f7d-4caf-af30-78af34bc5eea, size=4194304, type=RATIS, factor=THREE} | ret=SUCCESS |  
2019-08-21 12:28:14,979 | INFO  | OMAudit | user=jenkins1000 | ip=127.0.0.1 | op=ALLOCATE_BLOCK {volume=vol-0-06517, bucket=bucket-0-64549, key=key-0-34512, dataSize=0, replicationType=null, replicationFactor=null, keyLocationInfo=null, clientID=102654965997830546} | ret=SUCCESS |  
2019-08-21 12:28:14,985 | INFO  | DNAudit | user=null | ip=null | op=WRITE_CHUNK {blockData=conID: 3 locID: 102654967478747744 bcsId: 0} | ret=SUCCESS |  
2019-08-21 12:28:14,988 | INFO  | DNAudit | user=null | ip=null | op=WRITE_CHUNK {blockData=conID: 3 locID: 102654967478747744 bcsId: 0} | ret=SUCCESS |  
2019-08-21 12:28:14,989 | INFO  | DNAudit | user=null | ip=null | op=WRITE_CHUNK {blockData=conID: 3 locID: 102654967478747744 bcsId: 0} | ret=SUCCESS |  
2019-08-21 12:28:14,989 | INFO  | DNAudit | user=null | ip=null | op=WRITE_CHUNK {blockData=conID: 3 locID: 102654967478747744 bcsId: 0} | ret=SUCCESS |  
2019-08-21 12:28:14,990 | INFO  | DNAudit | user=null | ip=null | op=WRITE_CHUNK {blockData=conID: 3 locID: 102654967478747744 bcsId: 0} | ret=SUCCESS |  
2019-08-21 12:28:14,991 | INFO  | DNAudit | user=null | ip=null | op=WRITE_CHUNK {blockData=conID: 3 locID: 102654967478747744 bcsId: 0} | ret=SUCCESS |  
2019-08-21 12:28:14,991 | INFO  | DNAudit | user=null | ip=null | op=WRITE_CHUNK {blockData=conID: 3 locID: 102654967478747744 bcsId: 0} | ret=SUCCESS |  
2019-08-21 12:28:14,991 | INFO  | DNAudit | user=null | ip=null | op=PUT_BLOCK {blockData=[blockId=conID: 3 locID: 102654967478747744 bcsId: 0,size=1048576]} | ret=SUCCESS |  
2019-08-21 12:28:14,991 [grpc-default-executor-1] INFO  client.GrpcClientProtocolClient (GrpcClientProtocolClient.java:onNext(255)) - client-C954105195FD->270584e6-a4a8-4db5-8151-214655ce1a56: receive RaftClientReply:client-C954105195FD->270584e6-a4a8-4db5-8151-214655ce1a56@group-787F5BA3AA67, cid=2640, SUCCESS, logIndex=3939, commits[270584e6-a4a8-4db5-8151-214655ce1a56:c3940, af078b8b-61ec-497f-9506-472d46a72462:c3938, 09fb9ab4-1b8d-44c0-9f8c-50855c6f1fed:c3938]
2019-08-21 12:28:14,992 [grpc-default-executor-1] INFO  client.GrpcClientProtocolClient (GrpcClientProtocolClient.java:onNext(255)) - client-C954105195FD->270584e6-a4a8-4db5-8151-214655ce1a56: receive RaftClientReply:client-C954105195FD->270584e6-a4a8-4db5-8151-214655ce1a56@group-787F5BA3AA67, cid=2641, SUCCESS, logIndex=3940, commits[270584e6-a4a8-4db5-8151-214655ce1a56:c3940, af078b8b-61ec-497f-9506-472d46a72462:c3938, 09fb9ab4-1b8d-44c0-9f8c-50855c6f1fed:c3938]
2019-08-21 12:28:14,994 | INFO  | DNAudit | user=null | ip=null | op=WRITE_CHUNK {blockData=conID: 3 locID: 102654967478747744 bcsId: 0} | ret=SUCCESS |  
2019-08-21 12:28:14,994 | INFO  | DNAudit | user=null | ip=null | op=PUT_BLOCK {blockData=[blockId=conID: 3 locID: 102654967478747744 bcsId: 0,size=2097152]} | ret=SUCCESS |  
2019-08-21 12:28:14,994 | INFO  | DNAudit | user=null | ip=null | op=WRITE_CHUNK {blockData=conID: 3 locID: 102654967478747744 bcsId: 0} | ret=SUCCESS |  
2019-08-21 12:28:14,994 [grpc-default-executor-1] INFO  client.GrpcClientProtocolClient (GrpcClientProtocolClient.java:onNext(255)) - client-C954105195FD->270584e6-a4a8-4db5-8151-214655ce1a56: receive RaftClientReply:client-C954105195FD->270584e6-a4a8-4db5-8151-214655ce1a56@group-787F5BA3AA67, cid=2642, SUCCESS, logIndex=3941, commits[270584e6-a4a8-4db5-8151-214655ce1a56:c3942, af078b8b-61ec-497f-9506-472d46a72462:c3938, 09fb9ab4-1b8d-44c0-9f8c-50855c6f1fed:c3938]
2019-08-21 12:28:14,995 | INFO  | DNAudit | user=null | ip=null | op=PUT_BLOCK {blockData=[blockId=conID: 3 locID: 102654967478747744 bcsId: 0,size=1048576]} | ret=SUCCESS |  
2019-08-21 12:28:14,995 [grpc-default-executor-1] INFO  client.GrpcClientProtocolClient (GrpcClientProtocolClient.java:onNext(255)) - client-C954105195FD->270584e6-a4a8-4db5-8151-214655ce1a56: receive RaftClientReply:client-C954105195FD->270584e6-a4a8-4db5-8151-214655ce1a56@group-787F5BA3AA67, cid=2643, SUCCESS, logIndex=3942, commits[270584e6-a4a8-4db5-8151-214655ce1a56:c3943, af078b8b-61ec-497f-9506-472d46a72462:c3940, 09fb9ab4-1b8d-44c0-9f8c-50855c6f1fed:c3938]
2019-08-21 12:28:14,997 | INFO  | DNAudit | user=null | ip=null | op=WRITE_CHUNK {blockData=conID: 3 locID: 102654967478747744 bcsId: 0} | ret=SUCCESS |  
2019-08-21 12:28:14,997 | INFO  | DNAudit | user=null | ip=null | op=PUT_BLOCK {blockData=[blockId=conID: 3 locID: 102654967478747744 bcsId: 0,size=1048576]} | ret=SUCCESS |  
2019-08-21 12:28:14,998 [grpc-default-executor-1] INFO  client.GrpcClientProtocolClient (GrpcClientProtocolClient.java:onNext(255)) - client-C954105195FD->270584e6-a4a8-4db5-8151-214655ce1a56: receive RaftClientReply:client-C954105195FD->270584e6-a4a8-4db5-8151-214655ce1a56@group-787F5BA3AA67, cid=2644, SUCCESS, logIndex=0, commits[270584e6-a4a8-4db5-8151-214655ce1a56:c3943, af078b8b-61ec-497f-9506-472d46a72462:c3940, 09fb9ab4-1b8d-44c0-9f8c-50855c6f1fed:c3940]
2019-08-21 12:28:15,001 | INFO  | DNAudit | user=null | ip=null | op=WRITE_CHUNK {blockData=conID: 3 locID: 102654967478747744 bcsId: 0} | ret=SUCCESS |  
2019-08-21 12:28:15,001 | INFO  | DNAudit | user=null | ip=null | op=PUT_BLOCK {blockData=[blockId=conID: 3 locID: 102654967478747744 bcsId: 0,size=2097152]} | ret=SUCCESS |  
2019-08-21 12:28:15,001 | INFO  | DNAudit | user=null | ip=null | op=WRITE_CHUNK {blockData=conID: 3 locID: 102654967478747744 bcsId: 0} | ret=SUCCESS |  
2019-08-21 12:28:15,001 | INFO  | DNAudit | user=null | ip=null | op=PUT_BLOCK {blockData=[blockId=conID: 3 locID: 102654967478747744 bcsId: 0,size=2097152]} | ret=SUCCESS |  
2019-08-21 12:28:15,004 | INFO  | DNAudit | user=null | ip=null | op=WRITE_CHUNK {blockData=conID: 3 locID: 102654967478747744 bcsId: 3942} | ret=SUCCESS |  
2019-08-21 12:28:15,006 | INFO  | DNAudit | user=null | ip=null | op=WRITE_CHUNK {blockData=conID: 3 locID: 102654967478747744 bcsId: 3942} | ret=SUCCESS |  
2019-08-21 12:28:15,007 | INFO  | DNAudit | user=null | ip=null | op=WRITE_CHUNK {blockData=conID: 3 locID: 102654967478747744 bcsId: 3942} | ret=SUCCESS |  
2019-08-21 12:28:15,029 | INFO  | DNAudit | user=null | ip=null | op=WRITE_CHUNK {blockData=conID: 3 locID: 102654967478747744 bcsId: 3942} | ret=SUCCESS |  
2019-08-21 12:28:15,029 | INFO  | DNAudit | user=null | ip=null | op=PUT_BLOCK {blockData=[blockId=conID: 3 locID: 102654967478747744 bcsId: 0,size=3145728]} | ret=SUCCESS |  
2019-08-21 12:28:15,029 [grpc-default-executor-1] INFO  client.GrpcClientProtocolClient (GrpcClientProtocolClient.java:onNext(255)) - client-C954105195FD->270584e6-a4a8-4db5-8151-214655ce1a56: receive RaftClientReply:client-C954105195FD->270584e6-a4a8-4db5-8151-214655ce1a56@group-787F5BA3AA67, cid=2645, SUCCESS, logIndex=3947, commits[270584e6-a4a8-4db5-8151-214655ce1a56:c3948, af078b8b-61ec-497f-9506-472d46a72462:c3946, 09fb9ab4-1b8d-44c0-9f8c-50855c6f1fed:c3946]
2019-08-21 12:28:15,030 [grpc-default-executor-1] INFO  client.GrpcClientProtocolClient (GrpcClientProtocolClient.java:onNext(255)) - client-C954105195FD->270584e6-a4a8-4db5-8151-214655ce1a56: receive RaftClientReply:client-C954105195FD->270584e6-a4a8-4db5-8151-214655ce1a56@group-787F5BA3AA67, cid=2646, SUCCESS, logIndex=3948, commits[270584e6-a4a8-4db5-8151-214655ce1a56:c3948, af078b8b-61ec-497f-9506-472d46a72462:c3946, 09fb9ab4-1b8d-44c0-9f8c-50855c6f1fed:c3946]
2019-08-21 12:28:15,032 | INFO  | DNAudit | user=null | ip=null | op=WRITE_CHUNK {blockData=conID: 3 locID: 102654967478747744 bcsId: 3942} | ret=SUCCESS |  
2019-08-21 12:28:15,032 | INFO  | DNAudit | user=null | ip=null | op=WRITE_CHUNK {blockData=conID: 3 locID: 102654967478747744 bcsId: 3942} | ret=SUCCESS |  
2019-08-21 12:28:15,032 | INFO  | DNAudit | user=null | ip=null | op=PUT_BLOCK {blockData=[blockId=conID: 3 locID: 102654967478747744 bcsId: 0,size=3145728]} | ret=SUCCESS |  
2019-08-21 12:28:15,032 | INFO  | DNAudit | user=null | ip=null | op=PUT_BLOCK {blockData=[blockId=conID: 3 locID: 102654967478747744 bcsId: 0,size=3145728]} | ret=SUCCESS |  
2019-08-21 12:28:15,036 | INFO  | DNAudit | user=null | ip=null | op=WRITE_CHUNK {blockData=conID: 3 locID: 102654967478747744 bcsId: 3948} | ret=SUCCESS |  
2019-08-21 12:28:15,039 | INFO  | DNAudit | user=null | ip=null | op=WRITE_CHUNK {blockData=conID: 3 locID: 102654967478747744 bcsId: 3948} | ret=SUCCESS |  
2019-08-21 12:28:15,039 | INFO  | DNAudit | user=null | ip=null | op=WRITE_CHUNK {blockData=conID: 3 locID: 102654967478747744 bcsId: 3948} | ret=SUCCESS |  
2019-08-21 12:28:15,044 | INFO  | DNAudit | user=null | ip=null | op=WRITE_CHUNK {blockData=conID: 3 locID: 102654967478747744 bcsId: 3948} | ret=SUCCESS |  
2019-08-21 12:28:15,044 | INFO  | DNAudit | user=null | ip=null | op=PUT_BLOCK {blockData=[blockId=conID: 3 locID: 102654967478747744 bcsId: 0,size=4194304]} | ret=SUCCESS |  
2019-08-21 12:28:15,045 [grpc-default-executor-2] INFO  client.GrpcClientProtocolClient (GrpcClientProtocolClient.java:onNext(255)) - client-C954105195FD->270584e6-a4a8-4db5-8151-214655ce1a56: receive RaftClientReply:client-C954105195FD->270584e6-a4a8-4db5-8151-214655ce1a56@group-787F5BA3AA67, cid=2647, SUCCESS, logIndex=3951, commits[270584e6-a4a8-4db5-8151-214655ce1a56:c3952, af078b8b-61ec-497f-9506-472d46a72462:c3948, 09fb9ab4-1b8d-44c0-9f8c-50855c6f1fed:c3949]
2019-08-21 12:28:15,045 [grpc-default-executor-2] INFO  client.GrpcClientProtocolClient (GrpcClientProtocolClient.java:onNext(255)) - client-C954105195FD->270584e6-a4a8-4db5-8151-214655ce1a56: receive RaftClientReply:client-C954105195FD->270584e6-a4a8-4db5-8151-214655ce1a56@group-787F5BA3AA67, cid=2648, SUCCESS, logIndex=3952, commits[270584e6-a4a8-4db5-8151-214655ce1a56:c3952, af078b8b-61ec-497f-9506-472d46a72462:c3948, 09fb9ab4-1b8d-44c0-9f8c-50855c6f1fed:c3949]
2019-08-21 12:28:15,047 | INFO  | DNAudit | user=null | ip=null | op=WRITE_CHUNK {blockData=conID: 3 locID: 102654967478747744 bcsId: 3948} | ret=SUCCESS |  
2019-08-21 12:28:15,058 | INFO  | DNAudit | user=null | ip=null | op=WRITE_CHUNK {blockData=conID: 3 locID: 102654967478747744 bcsId: 3948} | ret=SUCCESS |  
2019-08-21 12:28:15,058 | INFO  | DNAudit | user=null | ip=null | op=PUT_BLOCK {blockData=[blockId=conID: 3 locID: 102654967478747744 bcsId: 0,size=4194304]} | ret=SUCCESS |  
2019-08-21 12:28:15,058 | INFO  | DNAudit | user=null | ip=null | op=PUT_BLOCK {blockData=[blockId=conID: 3 locID: 102654967478747744 bcsId: 0,size=4194304]} | ret=SUCCESS |  
2019-08-21 12:28:15,059 [grpc-default-executor-2] INFO  client.GrpcClientProtocolClient (GrpcClientProtocolClient.java:onNext(255)) - client-C954105195FD->270584e6-a4a8-4db5-8151-214655ce1a56: receive RaftClientReply:client-C954105195FD->270584e6-a4a8-4db5-8151-214655ce1a56@group-787F5BA3AA67, cid=2649, SUCCESS, logIndex=0, commits[270584e6-a4a8-4db5-8151-214655ce1a56:c3954, af078b8b-61ec-497f-9506-472d46a72462:c3952, 09fb9ab4-1b8d-44c0-9f8c-50855c6f1fed:c3952]
2019-08-21 12:28:15,063 | INFO  | SCMAudit | user=jenkins1000 | ip=192.168.34.23 | op=ALLOCATE_BLOCK {owner=b79f83c9-5f7d-4caf-af30-78af34bc5eea, size=4194304, type=RATIS, factor=THREE} | ret=SUCCESS |  
2019-08-21 12:28:15,065 | INFO  | OMAudit | user=jenkins1000 | ip=127.0.0.1 | op=ALLOCATE_BLOCK {volume=vol-0-06517, bucket=bucket-0-64549, key=key-0-34512, dataSize=0, replicationType=null, replicationFactor=null, keyLocationInfo=null, clientID=102654965997830546} | ret=SUCCESS |  
2019-08-21 12:28:15,071 | INFO  | DNAudit | user=null | ip=null | op=WRITE_CHUNK {blockData=conID: 1 locID: 102654967484449377 bcsId: 0} | ret=SUCCESS |  
2019-08-21 12:28:15,074 | INFO  | DNAudit | user=null | ip=null | op=WRITE_CHUNK {blockData=conID: 1 locID: 102654967484449377 bcsId: 0} | ret=SUCCESS |  
2019-08-21 12:28:15,074 | INFO  | DNAudit | user=null | ip=null | op=WRITE_CHUNK {blockData=conID: 1 locID: 102654967484449377 bcsId: 0} | ret=SUCCESS |  
2019-08-21 12:28:15,074 | INFO  | DNAudit | user=null | ip=null | op=WRITE_CHUNK {blockData=conID: 1 locID: 102654967484449377 bcsId: 0} | ret=SUCCESS |  
2019-08-21 12:28:15,075 | INFO  | DNAudit | user=null | ip=null | op=WRITE_CHUNK {blockData=conID: 1 locID: 102654967484449377 bcsId: 0} | ret=SUCCESS |  
2019-08-21 12:28:15,075 | INFO  | DNAudit | user=null | ip=null | op=WRITE_CHUNK {blockData=conID: 1 locID: 102654967484449377 bcsId: 0} | ret=SUCCESS |  
2019-08-21 12:28:15,084 | INFO  | DNAudit | user=null | ip=null | op=WRITE_CHUNK {blockData=conID: 1 locID: 102654967484449377 bcsId: 0} | ret=SUCCESS |  
2019-08-21 12:28:15,084 | INFO  | DNAudit | user=null | ip=null | op=PUT_BLOCK {blockData=[blockId=conID: 1 locID: 102654967484449377 bcsId: 0,size=1048576]} | ret=SUCCESS |  
2019-08-21 12:28:15,084 | INFO  | DNAudit | user=null | ip=null | op=WRITE_CHUNK {blockData=conID: 1 locID: 102654967484449377 bcsId: 0} | ret=SUCCESS |  
2019-08-21 12:28:15,084 [grpc-default-executor-2] INFO  client.GrpcClientProtocolClient (GrpcClientProtocolClient.java:onNext(255)) - client-C954105195FD->270584e6-a4a8-4db5-8151-214655ce1a56: receive RaftClientReply:client-C954105195FD->270584e6-a4a8-4db5-8151-214655ce1a56@group-787F5BA3AA67, cid=2650, SUCCESS, logIndex=3955, commits[270584e6-a4a8-4db5-8151-214655ce1a56:c3957, af078b8b-61ec-497f-9506-472d46a72462:c3954, 09fb9ab4-1b8d-44c0-9f8c-50855c6f1fed:c3954]
2019-08-21 12:28:15,085 | INFO  | DNAudit | user=null | ip=null | op=PUT_BLOCK {blockData=[blockId=conID: 1 locID: 102654967484449377 bcsId: 0,size=2097152]} | ret=SUCCESS |  
2019-08-21 12:28:15,085 | INFO  | DNAudit | user=null | ip=null | op=WRITE_CHUNK {blockData=conID: 1 locID: 102654967484449377 bcsId: 0} | ret=SUCCESS |  
2019-08-21 12:28:15,085 | INFO  | DNAudit | user=null | ip=null | op=WRITE_CHUNK {blockData=conID: 1 locID: 102654967484449377 bcsId: 0} | ret=SUCCESS |  
2019-08-21 12:28:15,085 | INFO  | DNAudit | user=null | ip=null | op=PUT_BLOCK {blockData=[blockId=conID: 1 locID: 102654967484449377 bcsId: 0,size=1048576]} | ret=SUCCESS |  
2019-08-21 12:28:15,085 | INFO  | DNAudit | user=null | ip=null | op=PUT_BLOCK {blockData=[blockId=conID: 1 locID: 102654967484449377 bcsId: 0,size=1048576]} | ret=SUCCESS |  
2019-08-21 12:28:15,085 [grpc-default-executor-2] INFO  client.GrpcClientProtocolClient (GrpcClientProtocolClient.java:onNext(255)) - client-C954105195FD->270584e6-a4a8-4db5-8151-214655ce1a56: receive RaftClientReply:client-C954105195FD->270584e6-a4a8-4db5-8151-214655ce1a56@group-787F5BA3AA67, cid=2651, SUCCESS, logIndex=3956, commits[270584e6-a4a8-4db5-8151-214655ce1a56:c3958, af078b8b-61ec-497f-9506-472d46a72462:c3954, 09fb9ab4-1b8d-44c0-9f8c-50855c6f1fed:c3954]
2019-08-21 12:28:15,086 [grpc-default-executor-2] INFO  client.GrpcClientProtocolClient (GrpcClientProtocolClient.java:onNext(255)) - client-C954105195FD->270584e6-a4a8-4db5-8151-214655ce1a56: receive RaftClientReply:client-C954105195FD->270584e6-a4a8-4db5-8151-214655ce1a56@group-787F5BA3AA67, cid=2652, SUCCESS, logIndex=3957, commits[270584e6-a4a8-4db5-8151-214655ce1a56:c3958, af078b8b-61ec-497f-9506-472d46a72462:c3954, 09fb9ab4-1b8d-44c0-9f8c-50855c6f1fed:c3954]
2019-08-21 12:28:15,086 [grpc-default-executor-2] INFO  client.GrpcClientProtocolClient (GrpcClientProtocolClient.java:onNext(255)) - client-C954105195FD->270584e6-a4a8-4db5-8151-214655ce1a56: receive RaftClientReply:client-C954105195FD->270584e6-a4a8-4db5-8151-214655ce1a56@group-787F5BA3AA67, cid=2653, SUCCESS, logIndex=3958, commits[270584e6-a4a8-4db5-8151-214655ce1a56:c3958, af078b8b-61ec-497f-9506-472d46a72462:c3954, 09fb9ab4-1b8d-44c0-9f8c-50855c6f1fed:c3954]
2019-08-21 12:28:15,087 [grpc-default-executor-2] INFO  client.GrpcClientProtocolClient (GrpcClientProtocolClient.java:onNext(255)) - client-C954105195FD->270584e6-a4a8-4db5-8151-214655ce1a56: receive RaftClientReply:client-C954105195FD->270584e6-a4a8-4db5-8151-214655ce1a56@group-787F5BA3AA67, cid=2654, SUCCESS, logIndex=0, commits[270584e6-a4a8-4db5-8151-214655ce1a56:c3960, af078b8b-61ec-497f-9506-472d46a72462:c3956, 09fb9ab4-1b8d-44c0-9f8c-50855c6f1fed:c3956]
2019-08-21 12:28:15,087 | INFO  | DNAudit | user=null | ip=null | op=WRITE_CHUNK {blockData=conID: 1 locID: 102654967484449377 bcsId: 0} | ret=SUCCESS |  
2019-08-21 12:28:15,088 | INFO  | DNAudit | user=null | ip=null | op=WRITE_CHUNK {blockData=conID: 1 locID: 102654967484449377 bcsId: 0} | ret=SUCCESS |  
2019-08-21 12:28:15,088 | INFO  | DNAudit | user=null | ip=null | op=PUT_BLOCK {blockData=[blockId=conID: 1 locID: 102654967484449377 bcsId: 0,size=2097152]} | ret=SUCCESS |  
2019-08-21 12:28:15,088 | INFO  | DNAudit | user=null | ip=null | op=PUT_BLOCK {blockData=[blockId=conID: 1 locID: 102654967484449377 bcsId: 0,size=2097152]} | ret=SUCCESS |  
2019-08-21 12:28:15,092 | INFO  | DNAudit | user=null | ip=null | op=WRITE_CHUNK {blockData=conID: 1 locID: 102654967484449377 bcsId: 3958} | ret=SUCCESS |  
2019-08-21 12:28:15,094 | INFO  | DNAudit | user=null | ip=null | op=WRITE_CHUNK {blockData=conID: 1 locID: 102654967484449377 bcsId: 3958} | ret=SUCCESS |  
2019-08-21 12:28:15,094 | INFO  | DNAudit | user=null | ip=null | op=WRITE_CHUNK {blockData=conID: 1 locID: 102654967484449377 bcsId: 3958} | ret=SUCCESS |  
2019-08-21 12:28:15,104 | INFO  | DNAudit | user=null | ip=null | op=WRITE_CHUNK {blockData=conID: 1 locID: 102654967484449377 bcsId: 3958} | ret=SUCCESS |  
2019-08-21 12:28:15,106 [grpc-default-executor-2] INFO  client.GrpcClientProtocolClient (GrpcClientProtocolClient.java:onNext(255)) - client-C954105195FD->270584e6-a4a8-4db5-8151-214655ce1a56: receive RaftClientReply:client-C954105195FD->270584e6-a4a8-4db5-8151-214655ce1a56@group-787F5BA3AA67, cid=2655, SUCCESS, logIndex=3963, commits[270584e6-a4a8-4db5-8151-214655ce1a56:c3963, af078b8b-61ec-497f-9506-472d46a72462:c3958, 09fb9ab4-1b8d-44c0-9f8c-50855c6f1fed:c3962]
2019-08-21 12:28:15,106 | INFO  | DNAudit | user=null | ip=null | op=PUT_BLOCK {blockData=[blockId=conID: 1 locID: 102654967484449377 bcsId: 0,size=3145728]} | ret=SUCCESS |  
2019-08-21 12:28:15,107 [grpc-default-executor-4] INFO  client.GrpcClientProtocolClient (GrpcClientProtocolClient.java:onNext(255)) - client-C954105195FD->270584e6-a4a8-4db5-8151-214655ce1a56: receive RaftClientReply:client-C954105195FD->270584e6-a4a8-4db5-8151-214655ce1a56@group-787F5BA3AA67, cid=2656, SUCCESS, logIndex=3964, commits[270584e6-a4a8-4db5-8151-214655ce1a56:c3964, af078b8b-61ec-497f-9506-472d46a72462:c3962, 09fb9ab4-1b8d-44c0-9f8c-50855c6f1fed:c3962]
2019-08-21 12:28:15,112 | INFO  | DNAudit | user=null | ip=null | op=WRITE_CHUNK {blockData=conID: 1 locID: 102654967484449377 bcsId: 3964} | ret=SUCCESS |  
2019-08-21 12:28:15,114 | INFO  | DNAudit | user=null | ip=null | op=WRITE_CHUNK {blockData=conID: 1 locID: 102654967484449377 bcsId: 3964} | ret=SUCCESS |  
2019-08-21 12:28:15,115 | INFO  | DNAudit | user=null | ip=null | op=WRITE_CHUNK {blockData=conID: 1 locID: 102654967484449377 bcsId: 3964} | ret=SUCCESS |  
2019-08-21 12:28:15,116 | INFO  | DNAudit | user=null | ip=null | op=WRITE_CHUNK {blockData=conID: 1 locID: 102654967484449377 bcsId: 3958} | ret=SUCCESS |  
2019-08-21 12:28:15,116 | INFO  | DNAudit | user=null | ip=null | op=WRITE_CHUNK {blockData=conID: 1 locID: 102654967484449377 bcsId: 3958} | ret=SUCCESS |  
2019-08-21 12:28:15,117 | INFO  | DNAudit | user=null | ip=null | op=PUT_BLOCK {blockData=[blockId=conID: 1 locID: 102654967484449377 bcsId: 0,size=3145728]} | ret=SUCCESS |  
2019-08-21 12:28:15,117 | INFO  | DNAudit | user=null | ip=null | op=PUT_BLOCK {blockData=[blockId=conID: 1 locID: 102654967484449377 bcsId: 0,size=3145728]} | ret=SUCCESS |  
2019-08-21 12:28:15,118 | INFO  | DNAudit | user=null | ip=null | op=WRITE_CHUNK {blockData=conID: 1 locID: 102654967484449377 bcsId: 3964} | ret=SUCCESS |  
2019-08-21 12:28:15,118 | INFO  | DNAudit | user=null | ip=null | op=PUT_BLOCK {blockData=[blockId=conID: 1 locID: 102654967484449377 bcsId: 0,size=4194304]} | ret=SUCCESS |  
2019-08-21 12:28:15,118 [grpc-default-executor-1] INFO  client.GrpcClientProtocolClient (GrpcClientProtocolClient.java:onNext(255)) - client-C954105195FD->270584e6-a4a8-4db5-8151-214655ce1a56: receive RaftClientReply:client-C954105195FD->270584e6-a4a8-4db5-8151-214655ce1a56@group-787F5BA3AA67, cid=2657, SUCCESS, logIndex=3967, commits[270584e6-a4a8-4db5-8151-214655ce1a56:c3967, af078b8b-61ec-497f-9506-472d46a72462:c3964, 09fb9ab4-1b8d-44c0-9f8c-50855c6f1fed:c3964]
2019-08-21 12:28:15,119 [grpc-default-executor-1] INFO  client.GrpcClientProtocolClient (GrpcClientProtocolClient.java:onNext(255)) - client-C954105195FD->270584e6-a4a8-4db5-8151-214655ce1a56: receive RaftClientReply:client-C954105195FD->270584e6-a4a8-4db5-8151-214655ce1a56@group-787F5BA3AA67, cid=2658, SUCCESS, logIndex=3968, commits[270584e6-a4a8-4db5-8151-214655ce1a56:c3968, af078b8b-61ec-497f-9506-472d46a72462:c3964, 09fb9ab4-1b8d-44c0-9f8c-50855c6f1fed:c3964]
2019-08-21 12:28:15,131 | INFO  | DNAudit | user=null | ip=null | op=WRITE_CHUNK {blockData=conID: 1 locID: 102654967484449377 bcsId: 3964} | ret=SUCCESS |  
2019-08-21 12:28:15,131 | INFO  | DNAudit | user=null | ip=null | op=WRITE_CHUNK {blockData=conID: 1 locID: 102654967484449377 bcsId: 3964} | ret=SUCCESS |  
2019-08-21 12:28:15,144 | INFO  | DNAudit | user=null | ip=null | op=PUT_BLOCK {blockData=[blockId=conID: 1 locID: 102654967484449377 bcsId: 0,size=4194304]} | ret=SUCCESS |  
2019-08-21 12:28:15,144 | INFO  | DNAudit | user=null | ip=null | op=PUT_BLOCK {blockData=[blockId=conID: 1 locID: 102654967484449377 bcsId: 0,size=4194304]} | ret=SUCCESS |  
2019-08-21 12:28:15,145 [grpc-default-executor-1] INFO  client.GrpcClientProtocolClient (GrpcClientProtocolClient.java:onNext(255)) - client-C954105195FD->270584e6-a4a8-4db5-8151-214655ce1a56: receive RaftClientReply:client-C954105195FD->270584e6-a4a8-4db5-8151-214655ce1a56@group-787F5BA3AA67, cid=2659, SUCCESS, logIndex=0, commits[270584e6-a4a8-4db5-8151-214655ce1a56:c3970, af078b8b-61ec-497f-9506-472d46a72462:c3968, 09fb9ab4-1b8d-44c0-9f8c-50855c6f1fed:c3968]
2019-08-21 12:28:15,151 | INFO  | SCMAudit | user=jenkins1000 | ip=192.168.34.23 | op=ALLOCATE_BLOCK {owner=b79f83c9-5f7d-4caf-af30-78af34bc5eea, size=4194304, type=RATIS, factor=THREE} | ret=SUCCESS |  
2019-08-21 12:28:15,156 | INFO  | OMAudit | user=jenkins1000 | ip=127.0.0.1 | op=ALLOCATE_BLOCK {volume=vol-0-06517, bucket=bucket-0-64549, key=key-0-34512, dataSize=0, replicationType=null, replicationFactor=null, keyLocationInfo=null, clientID=102654965997830546} | ret=SUCCESS |  
2019-08-21 12:28:15,162 | INFO  | DNAudit | user=null | ip=null | op=WRITE_CHUNK {blockData=conID: 2 locID: 102654967490216546 bcsId: 0} | ret=SUCCESS |  
2019-08-21 12:28:15,166 | INFO  | DNAudit | user=null | ip=null | op=WRITE_CHUNK {blockData=conID: 2 locID: 102654967490216546 bcsId: 0} | ret=SUCCESS |  
2019-08-21 12:28:15,166 | INFO  | DNAudit | user=null | ip=null | op=WRITE_CHUNK {blockData=conID: 2 locID: 102654967490216546 bcsId: 0} | ret=SUCCESS |  
2019-08-21 12:28:15,166 | INFO  | DNAudit | user=null | ip=null | op=WRITE_CHUNK {blockData=conID: 2 locID: 102654967490216546 bcsId: 0} | ret=SUCCESS |  
2019-08-21 12:28:15,167 | INFO  | DNAudit | user=null | ip=null | op=WRITE_CHUNK {blockData=conID: 2 locID: 102654967490216546 bcsId: 0} | ret=SUCCESS |  
2019-08-21 12:28:15,168 | INFO  | DNAudit | user=null | ip=null | op=WRITE_CHUNK {blockData=conID: 2 locID: 102654967490216546 bcsId: 0} | ret=SUCCESS |  
2019-08-21 12:28:15,176 | INFO  | DNAudit | user=null | ip=null | op=WRITE_CHUNK {blockData=conID: 2 locID: 102654967490216546 bcsId: 0} | ret=SUCCESS |  
2019-08-21 12:28:15,176 | INFO  | DNAudit | user=null | ip=null | op=PUT_BLOCK {blockData=[blockId=conID: 2 locID: 102654967490216546 bcsId: 0,size=1048576]} | ret=SUCCESS |  
2019-08-21 12:28:15,177 [grpc-default-executor-5] INFO  client.GrpcClientProtocolClient (GrpcClientProtocolClient.java:onNext(255)) - client-C954105195FD->270584e6-a4a8-4db5-8151-214655ce1a56: receive RaftClientReply:client-C954105195FD->270584e6-a4a8-4db5-8151-214655ce1a56@group-787F5BA3AA67, cid=2660, SUCCESS, logIndex=3971, commits[270584e6-a4a8-4db5-8151-214655ce1a56:c3972, af078b8b-61ec-497f-9506-472d46a72462:c3970, 09fb9ab4-1b8d-44c0-9f8c-50855c6f1fed:c3970]
2019-08-21 12:28:15,177 [grpc-default-executor-5] INFO  client.GrpcClientProtocolClient (GrpcClientProtocolClient.java:onNext(255)) - client-C954105195FD->270584e6-a4a8-4db5-8151-214655ce1a56: receive RaftClientReply:client-C954105195FD->270584e6-a4a8-4db5-8151-214655ce1a56@group-787F5BA3AA67, cid=2661, SUCCESS, logIndex=3972, commits[270584e6-a4a8-4db5-8151-214655ce1a56:c3972, af078b8b-61ec-497f-9506-472d46a72462:c3970, 09fb9ab4-1b8d-44c0-9f8c-50855c6f1fed:c3970]
2019-08-21 12:28:15,188 | INFO  | DNAudit | user=null | ip=null | op=WRITE_CHUNK {blockData=conID: 2 locID: 102654967490216546 bcsId: 0} | ret=SUCCESS |  
2019-08-21 12:28:15,189 | INFO  | DNAudit | user=null | ip=null | op=PUT_BLOCK {blockData=[blockId=conID: 2 locID: 102654967490216546 bcsId: 0,size=2097152]} | ret=SUCCESS |  
2019-08-21 12:28:15,189 | INFO  | SCMAudit | user=jenkins1000 | ip=192.168.34.23 | op=SEND_HEARTBEAT {datanodeUUID=39ae8c09-9b4b-4ddc-906b-4e52d104e1b1, command=[]} | ret=SUCCESS |  
2019-08-21 12:28:15,189 [grpc-default-executor-5] INFO  client.GrpcClientProtocolClient (GrpcClientProtocolClient.java:onNext(255)) - client-C954105195FD->270584e6-a4a8-4db5-8151-214655ce1a56: receive RaftClientReply:client-C954105195FD->270584e6-a4a8-4db5-8151-214655ce1a56@group-787F5BA3AA67, cid=2662, SUCCESS, logIndex=3973, commits[270584e6-a4a8-4db5-8151-214655ce1a56:c3974, af078b8b-61ec-497f-9506-472d46a72462:c3970, 09fb9ab4-1b8d-44c0-9f8c-50855c6f1fed:c3970]
2019-08-21 12:28:15,189 [grpc-default-executor-5] INFO  client.GrpcClientProtocolClient (GrpcClientProtocolClient.java:onNext(255)) - client-C954105195FD->270584e6-a4a8-4db5-8151-214655ce1a56: receive RaftClientReply:client-C954105195FD->270584e6-a4a8-4db5-8151-214655ce1a56@group-787F5BA3AA67, cid=2663, SUCCESS, logIndex=3974, commits[270584e6-a4a8-4db5-8151-214655ce1a56:c3974, af078b8b-61ec-497f-9506-472d46a72462:c3970, 09fb9ab4-1b8d-44c0-9f8c-50855c6f1fed:c3970]
2019-08-21 12:28:15,189 | INFO  | SCMAudit | user=jenkins1000 | ip=192.168.34.23 | op=SEND_HEARTBEAT {datanodeUUID=0aa4def6-fe9f-4182-b0b1-80406548816f, command=[]} | ret=SUCCESS |  
2019-08-21 12:28:15,201 | INFO  | DNAudit | user=null | ip=null | op=WRITE_CHUNK {blockData=conID: 2 locID: 102654967490216546 bcsId: 0} | ret=SUCCESS |  
2019-08-21 12:28:15,201 | INFO  | DNAudit | user=null | ip=null | op=WRITE_CHUNK {blockData=conID: 2 locID: 102654967490216546 bcsId: 0} | ret=SUCCESS |  
2019-08-21 12:28:15,202 | INFO  | DNAudit | user=null | ip=null | op=PUT_BLOCK {blockData=[blockId=conID: 2 locID: 102654967490216546 bcsId: 0,size=1048576]} | ret=SUCCESS |  
2019-08-21 12:28:15,202 | INFO  | DNAudit | user=null | ip=null | op=PUT_BLOCK {blockData=[blockId=conID: 2 locID: 102654967490216546 bcsId: 0,size=1048576]} | ret=SUCCESS |  
2019-08-21 12:28:15,202 [grpc-default-executor-5] INFO  client.GrpcClientProtocolClient (GrpcClientProtocolClient.java:onNext(255)) - client-C954105195FD->270584e6-a4a8-4db5-8151-214655ce1a56: receive RaftClientReply:client-C954105195FD->270584e6-a4a8-4db5-8151-214655ce1a56@group-787F5BA3AA67, cid=2664, SUCCESS, logIndex=0, commits[270584e6-a4a8-4db5-8151-214655ce1a56:c3976, af078b8b-61ec-497f-9506-472d46a72462:c3972, 09fb9ab4-1b8d-44c0-9f8c-50855c6f1fed:c3972]
2019-08-21 12:28:15,208 | INFO  | DNAudit | user=null | ip=null | op=WRITE_CHUNK {blockData=conID: 2 locID: 102654967490216546 bcsId: 3974} | ret=SUCCESS |  
2019-08-21 12:28:15,210 | INFO  | DNAudit | user=null | ip=null | op=WRITE_CHUNK {blockData=conID: 2 locID: 102654967490216546 bcsId: 3974} | ret=SUCCESS |  
2019-08-21 12:28:15,210 | INFO  | DNAudit | user=null | ip=null | op=WRITE_CHUNK {blockData=conID: 2 locID: 102654967490216546 bcsId: 3974} | ret=SUCCESS |  
2019-08-21 12:28:15,215 | INFO  | DNAudit | user=null | ip=null | op=WRITE_CHUNK {blockData=conID: 2 locID: 102654967490216546 bcsId: 0} | ret=SUCCESS |  
2019-08-21 12:28:15,215 | INFO  | DNAudit | user=null | ip=null | op=WRITE_CHUNK {blockData=conID: 2 locID: 102654967490216546 bcsId: 0} | ret=SUCCESS |  
2019-08-21 12:28:15,215 | INFO  | DNAudit | user=null | ip=null | op=PUT_BLOCK {blockData=[blockId=conID: 2 locID: 102654967490216546 bcsId: 0,size=2097152]} | ret=SUCCESS |  
2019-08-21 12:28:15,215 | INFO  | DNAudit | user=null | ip=null | op=PUT_BLOCK {blockData=[blockId=conID: 2 locID: 102654967490216546 bcsId: 0,size=2097152]} | ret=SUCCESS |  
2019-08-21 12:28:15,228 | INFO  | DNAudit | user=null | ip=null | op=WRITE_CHUNK {blockData=conID: 2 locID: 102654967490216546 bcsId: 3974} | ret=SUCCESS |  
2019-08-21 12:28:15,228 | INFO  | DNAudit | user=null | ip=null | op=PUT_BLOCK {blockData=[blockId=conID: 2 locID: 102654967490216546 bcsId: 0,size=3145728]} | ret=SUCCESS |  
2019-08-21 12:28:15,228 [grpc-default-executor-5] INFO  client.GrpcClientProtocolClient (GrpcClientProtocolClient.java:onNext(255)) - client-C954105195FD->270584e6-a4a8-4db5-8151-214655ce1a56: receive RaftClientReply:client-C954105195FD->270584e6-a4a8-4db5-8151-214655ce1a56@group-787F5BA3AA67, cid=2665, SUCCESS, logIndex=3979, commits[270584e6-a4a8-4db5-8151-214655ce1a56:c3980, af078b8b-61ec-497f-9506-472d46a72462:c3976, 09fb9ab4-1b8d-44c0-9f8c-50855c6f1fed:c3976]
2019-08-21 12:28:15,229 [grpc-default-executor-5] INFO  client.GrpcClientProtocolClient (GrpcClientProtocolClient.java:onNext(255)) - client-C954105195FD->270584e6-a4a8-4db5-8151-214655ce1a56: receive RaftClientReply:client-C954105195FD->270584e6-a4a8-4db5-8151-214655ce1a56@group-787F5BA3AA67, cid=2666, SUCCESS, logIndex=3980, commits[270584e6-a4a8-4db5-8151-214655ce1a56:c3980, af078b8b-61ec-497f-9506-472d46a72462:c3976, 09fb9ab4-1b8d-44c0-9f8c-50855c6f1fed:c3976]
2019-08-21 12:28:15,235 | INFO  | DNAudit | user=null | ip=null | op=WRITE_CHUNK {blockData=conID: 2 locID: 102654967490216546 bcsId: 3980} | ret=SUCCESS |  
2019-08-21 12:28:15,237 | INFO  | DNAudit | user=null | ip=null | op=WRITE_CHUNK {blockData=conID: 2 locID: 102654967490216546 bcsId: 3980} | ret=SUCCESS |  
2019-08-21 12:28:15,237 | INFO  | DNAudit | user=null | ip=null | op=WRITE_CHUNK {blockData=conID: 2 locID: 102654967490216546 bcsId: 3980} | ret=SUCCESS |  
2019-08-21 12:28:15,238 | INFO  | DNAudit | user=null | ip=null | op=WRITE_CHUNK {blockData=conID: 2 locID: 102654967490216546 bcsId: 3974} | ret=SUCCESS |  
2019-08-21 12:28:15,238 | INFO  | DNAudit | user=null | ip=null | op=WRITE_CHUNK {blockData=conID: 2 locID: 102654967490216546 bcsId: 3974} | ret=SUCCESS |  
2019-08-21 12:28:15,239 | INFO  | DNAudit | user=null | ip=null | op=PUT_BLOCK {blockData=[blockId=conID: 2 locID: 102654967490216546 bcsId: 0,size=3145728]} | ret=SUCCESS |  
2019-08-21 12:28:15,239 | INFO  | DNAudit | user=null | ip=null | op=PUT_BLOCK {blockData=[blockId=conID: 2 locID: 102654967490216546 bcsId: 0,size=3145728]} | ret=SUCCESS |  
2019-08-21 12:28:15,239 | INFO  | DNAudit | user=null | ip=null | op=WRITE_CHUNK {blockData=conID: 2 locID: 102654967490216546 bcsId: 3980} | ret=SUCCESS |  
2019-08-21 12:28:15,240 | INFO  | DNAudit | user=null | ip=null | op=PUT_BLOCK {blockData=[blockId=conID: 2 locID: 102654967490216546 bcsId: 0,size=4194304]} | ret=SUCCESS |  
2019-08-21 12:28:15,240 [grpc-default-executor-5] INFO  client.GrpcClientProtocolClient (GrpcClientProtocolClient.java:onNext(255)) - client-C954105195FD->270584e6-a4a8-4db5-8151-214655ce1a56: receive RaftClientReply:client-C954105195FD->270584e6-a4a8-4db5-8151-214655ce1a56@group-787F5BA3AA67, cid=2667, SUCCESS, logIndex=3983, commits[270584e6-a4a8-4db5-8151-214655ce1a56:c3984, af078b8b-61ec-497f-9506-472d46a72462:c3980, 09fb9ab4-1b8d-44c0-9f8c-50855c6f1fed:c3980]
2019-08-21 12:28:15,240 [grpc-default-executor-5] INFO  client.GrpcClientProtocolClient (GrpcClientProtocolClient.java:onNext(255)) - client-C954105195FD->270584e6-a4a8-4db5-8151-214655ce1a56: receive RaftClientReply:client-C954105195FD->270584e6-a4a8-4db5-8151-214655ce1a56@group-787F5BA3AA67, cid=2668, SUCCESS, logIndex=3984, commits[270584e6-a4a8-4db5-8151-214655ce1a56:c3984, af078b8b-61ec-497f-9506-472d46a72462:c3980, 09fb9ab4-1b8d-44c0-9f8c-50855c6f1fed:c3980]
2019-08-21 12:28:15,242 | INFO  | DNAudit | user=null | ip=null | op=WRITE_CHUNK {blockData=conID: 2 locID: 102654967490216546 bcsId: 3980} | ret=SUCCESS |  
2019-08-21 12:28:15,243 | INFO  | DNAudit | user=null | ip=null | op=WRITE_CHUNK {blockData=conID: 2 locID: 102654967490216546 bcsId: 3980} | ret=SUCCESS |  
2019-08-21 12:28:15,246 | INFO  | DNAudit | user=null | ip=null | op=PUT_BLOCK {blockData=[blockId=conID: 2 locID: 102654967490216546 bcsId: 0,size=4194304]} | ret=SUCCESS |  
2019-08-21 12:28:15,246 | INFO  | DNAudit | user=null | ip=null | op=PUT_BLOCK {blockData=[blockId=conID: 2 locID: 102654967490216546 bcsId: 0,size=4194304]} | ret=SUCCESS |  
2019-08-21 12:28:15,246 [grpc-default-executor-5] INFO  client.GrpcClientProtocolClient (GrpcClientProtocolClient.java:onNext(255)) - client-C954105195FD->270584e6-a4a8-4db5-8151-214655ce1a56: receive RaftClientReply:client-C954105195FD->270584e6-a4a8-4db5-8151-214655ce1a56@group-787F5BA3AA67, cid=2669, SUCCESS, logIndex=0, commits[270584e6-a4a8-4db5-8151-214655ce1a56:c3986, af078b8b-61ec-497f-9506-472d46a72462:c3984, 09fb9ab4-1b8d-44c0-9f8c-50855c6f1fed:c3984]
2019-08-21 12:28:15,252 | INFO  | SCMAudit | user=jenkins1000 | ip=192.168.34.23 | op=ALLOCATE_BLOCK {owner=b79f83c9-5f7d-4caf-af30-78af34bc5eea, size=4194304, type=RATIS, factor=THREE} | ret=SUCCESS |  
2019-08-21 12:28:15,257 | INFO  | OMAudit | user=jenkins1000 | ip=127.0.0.1 | op=ALLOCATE_BLOCK {volume=vol-0-06517, bucket=bucket-0-64549, key=key-0-34512, dataSize=0, replicationType=null, replicationFactor=null, keyLocationInfo=null, clientID=102654965997830546} | ret=SUCCESS |  
2019-08-21 12:28:15,264 | INFO  | DNAudit | user=null | ip=null | op=WRITE_CHUNK {blockData=conID: 3 locID: 102654967496835683 bcsId: 0} | ret=SUCCESS |  
2019-08-21 12:28:15,266 | INFO  | DNAudit | user=null | ip=null | op=WRITE_CHUNK {blockData=conID: 3 locID: 102654967496835683 bcsId: 0} | ret=SUCCESS |  
2019-08-21 12:28:15,266 | INFO  | DNAudit | user=null | ip=null | op=WRITE_CHUNK {blockData=conID: 3 locID: 102654967496835683 bcsId: 0} | ret=SUCCESS |  
2019-08-21 12:28:15,268 | INFO  | DNAudit | user=null | ip=null | op=WRITE_CHUNK {blockData=conID: 3 locID: 102654967496835683 bcsId: 0} | ret=SUCCESS |  
2019-08-21 12:28:15,269 | INFO  | DNAudit | user=null | ip=null | op=WRITE_CHUNK {blockData=conID: 3 locID: 102654967496835683 bcsId: 0} | ret=SUCCESS |  
2019-08-21 12:28:15,270 | INFO  | DNAudit | user=null | ip=null | op=WRITE_CHUNK {blockData=conID: 3 locID: 102654967496835683 bcsId: 0} | ret=SUCCESS |  
2019-08-21 12:28:15,287 | INFO  | DNAudit | user=null | ip=null | op=WRITE_CHUNK {blockData=conID: 3 locID: 102654967496835683 bcsId: 0} | ret=SUCCESS |  
2019-08-21 12:28:15,288 | INFO  | DNAudit | user=null | ip=null | op=PUT_BLOCK {blockData=[blockId=conID: 3 locID: 102654967496835683 bcsId: 0,size=1048576]} | ret=SUCCESS |  
2019-08-21 12:28:15,288 | INFO  | DNAudit | user=null | ip=null | op=WRITE_CHUNK {blockData=conID: 3 locID: 102654967496835683 bcsId: 0} | ret=SUCCESS |  
2019-08-21 12:28:15,288 [grpc-default-executor-1] INFO  client.GrpcClientProtocolClient (GrpcClientProtocolClient.java:onNext(255)) - client-C954105195FD->270584e6-a4a8-4db5-8151-214655ce1a56: receive RaftClientReply:client-C954105195FD->270584e6-a4a8-4db5-8151-214655ce1a56@group-787F5BA3AA67, cid=2670, SUCCESS, logIndex=3987, commits[270584e6-a4a8-4db5-8151-214655ce1a56:c3988, af078b8b-61ec-497f-9506-472d46a72462:c3986, 09fb9ab4-1b8d-44c0-9f8c-50855c6f1fed:c3986]
2019-08-21 12:28:15,289 | INFO  | DNAudit | user=null | ip=null | op=PUT_BLOCK {blockData=[blockId=conID: 3 locID: 102654967496835683 bcsId: 0,size=2097152]} | ret=SUCCESS |  
2019-08-21 12:28:15,289 [grpc-default-executor-1] INFO  client.GrpcClientProtocolClient (GrpcClientProtocolClient.java:onNext(255)) - client-C954105195FD->270584e6-a4a8-4db5-8151-214655ce1a56: receive RaftClientReply:client-C954105195FD->270584e6-a4a8-4db5-8151-214655ce1a56@group-787F5BA3AA67, cid=2671, SUCCESS, logIndex=3988, commits[270584e6-a4a8-4db5-8151-214655ce1a56:c3989, af078b8b-61ec-497f-9506-472d46a72462:c3986, 09fb9ab4-1b8d-44c0-9f8c-50855c6f1fed:c3986]
2019-08-21 12:28:15,289 [grpc-default-executor-1] INFO  client.GrpcClientProtocolClient (GrpcClientProtocolClient.java:onNext(255)) - client-C954105195FD->270584e6-a4a8-4db5-8151-214655ce1a56: receive RaftClientReply:client-C954105195FD->270584e6-a4a8-4db5-8151-214655ce1a56@group-787F5BA3AA67, cid=2672, SUCCESS, logIndex=3989, commits[270584e6-a4a8-4db5-8151-214655ce1a56:c3990, af078b8b-61ec-497f-9506-472d46a72462:c3986, 09fb9ab4-1b8d-44c0-9f8c-50855c6f1fed:c3986]
2019-08-21 12:28:15,289 [grpc-default-executor-1] INFO  client.GrpcClientProtocolClient (GrpcClientProtocolClient.java:onNext(255)) - client-C954105195FD->270584e6-a4a8-4db5-8151-214655ce1a56: receive RaftClientReply:client-C954105195FD->270584e6-a4a8-4db5-8151-214655ce1a56@group-787F5BA3AA67, cid=2673, SUCCESS, logIndex=3990, commits[270584e6-a4a8-4db5-8151-214655ce1a56:c3990, af078b8b-61ec-497f-9506-472d46a72462:c3986, 09fb9ab4-1b8d-44c0-9f8c-50855c6f1fed:c3986]
2019-08-21 12:28:15,301 | INFO  | DNAudit | user=null | ip=null | op=WRITE_CHUNK {blockData=conID: 3 locID: 102654967496835683 bcsId: 0} | ret=SUCCESS |  
2019-08-21 12:28:15,301 | INFO  | DNAudit | user=null | ip=null | op=WRITE_CHUNK {blockData=conID: 3 locID: 102654967496835683 bcsId: 0} | ret=SUCCESS |  
2019-08-21 12:28:15,301 | INFO  | DNAudit | user=null | ip=null | op=PUT_BLOCK {blockData=[blockId=conID: 3 locID: 102654967496835683 bcsId: 0,size=1048576]} | ret=SUCCESS |  
2019-08-21 12:28:15,301 | INFO  | DNAudit | user=null | ip=null | op=PUT_BLOCK {blockData=[blockId=conID: 3 locID: 102654967496835683 bcsId: 0,size=1048576]} | ret=SUCCESS |  
2019-08-21 12:28:15,302 | INFO  | DNAudit | user=null | ip=null | op=WRITE_CHUNK {blockData=conID: 3 locID: 102654967496835683 bcsId: 0} | ret=SUCCESS |  
2019-08-21 12:28:15,302 | INFO  | DNAudit | user=null | ip=null | op=PUT_BLOCK {blockData=[blockId=conID: 3 locID: 102654967496835683 bcsId: 0,size=2097152]} | ret=SUCCESS |  
2019-08-21 12:28:15,302 [grpc-default-executor-4] INFO  client.GrpcClientProtocolClient (GrpcClientProtocolClient.java:onNext(255)) - client-C954105195FD->270584e6-a4a8-4db5-8151-214655ce1a56: receive RaftClientReply:client-C954105195FD->270584e6-a4a8-4db5-8151-214655ce1a56@group-787F5BA3AA67, cid=2674, SUCCESS, logIndex=0, commits[270584e6-a4a8-4db5-8151-214655ce1a56:c3992, af078b8b-61ec-497f-9506-472d46a72462:c3988, 09fb9ab4-1b8d-44c0-9f8c-50855c6f1fed:c3988]
2019-08-21 12:28:15,302 | INFO  | DNAudit | user=null | ip=null | op=WRITE_CHUNK {blockData=conID: 3 locID: 102654967496835683 bcsId: 0} | ret=SUCCESS |  
2019-08-21 12:28:15,302 | INFO  | DNAudit | user=null | ip=null | op=PUT_BLOCK {blockData=[blockId=conID: 3 locID: 102654967496835683 bcsId: 0,size=2097152]} | ret=SUCCESS |  
2019-08-21 12:28:15,308 | INFO  | DNAudit | user=null | ip=null | op=WRITE_CHUNK {blockData=conID: 3 locID: 102654967496835683 bcsId: 3990} | ret=SUCCESS |  
2019-08-21 12:28:15,311 | INFO  | DNAudit | user=null | ip=null | op=WRITE_CHUNK {blockData=conID: 3 locID: 102654967496835683 bcsId: 3990} | ret=SUCCESS |  
2019-08-21 12:28:15,311 | INFO  | DNAudit | user=null | ip=null | op=WRITE_CHUNK {blockData=conID: 3 locID: 102654967496835683 bcsId: 3990} | ret=SUCCESS |  
2019-08-21 12:28:15,313 | INFO  | DNAudit | user=null | ip=null | op=WRITE_CHUNK {blockData=conID: 3 locID: 102654967496835683 bcsId: 3990} | ret=SUCCESS |  
2019-08-21 12:28:15,314 | INFO  | DNAudit | user=null | ip=null | op=PUT_BLOCK {blockData=[blockId=conID: 3 locID: 102654967496835683 bcsId: 0,size=3145728]} | ret=SUCCESS |  
2019-08-21 12:28:15,314 [grpc-default-executor-4] INFO  client.GrpcClientProtocolClient (GrpcClientProtocolClient.java:onNext(255)) - client-C954105195FD->270584e6-a4a8-4db5-8151-214655ce1a56: receive RaftClientReply:client-C954105195FD->270584e6-a4a8-4db5-8151-214655ce1a56@group-787F5BA3AA67, cid=2675, SUCCESS, logIndex=3995, commits[270584e6-a4a8-4db5-8151-214655ce1a56:c3996, af078b8b-61ec-497f-9506-472d46a72462:c3994, 09fb9ab4-1b8d-44c0-9f8c-50855c6f1fed:c3994]
2019-08-21 12:28:15,314 [grpc-default-executor-4] INFO  client.GrpcClientProtocolClient (GrpcClientProtocolClient.java:onNext(255)) - client-C954105195FD->270584e6-a4a8-4db5-8151-214655ce1a56: receive RaftClientReply:client-C954105195FD->270584e6-a4a8-4db5-8151-214655ce1a56@group-787F5BA3AA67, cid=2676, SUCCESS, logIndex=3996, commits[270584e6-a4a8-4db5-8151-214655ce1a56:c3996, af078b8b-61ec-497f-9506-472d46a72462:c3994, 09fb9ab4-1b8d-44c0-9f8c-50855c6f1fed:c3994]
2019-08-21 12:28:15,320 | INFO  | DNAudit | user=null | ip=null | op=WRITE_CHUNK {blockData=conID: 3 locID: 102654967496835683 bcsId: 3996} | ret=SUCCESS |  
2019-08-21 12:28:15,323 | INFO  | DNAudit | user=null | ip=null | op=WRITE_CHUNK {blockData=conID: 3 locID: 102654967496835683 bcsId: 3996} | ret=SUCCESS |  
2019-08-21 12:28:15,323 | INFO  | DNAudit | user=null | ip=null | op=WRITE_CHUNK {blockData=conID: 3 locID: 102654967496835683 bcsId: 3996} | ret=SUCCESS |  
2019-08-21 12:28:15,325 | INFO  | DNAudit | user=null | ip=null | op=WRITE_CHUNK {blockData=conID: 3 locID: 102654967496835683 bcsId: 3990} | ret=SUCCESS |  
2019-08-21 12:28:15,325 | INFO  | DNAudit | user=null | ip=null | op=WRITE_CHUNK {blockData=conID: 3 locID: 102654967496835683 bcsId: 3990} | ret=SUCCESS |  
2019-08-21 12:28:15,327 | INFO  | DNAudit | user=null | ip=null | op=PUT_BLOCK {blockData=[blockId=conID: 3 locID: 102654967496835683 bcsId: 0,size=3145728]} | ret=SUCCESS |  
2019-08-21 12:28:15,327 | INFO  | DNAudit | user=null | ip=null | op=PUT_BLOCK {blockData=[blockId=conID: 3 locID: 102654967496835683 bcsId: 0,size=3145728]} | ret=SUCCESS |  
2019-08-21 12:28:15,328 | INFO  | DNAudit | user=null | ip=null | op=WRITE_CHUNK {blockData=conID: 3 locID: 102654967496835683 bcsId: 3996} | ret=SUCCESS |  
2019-08-21 12:28:15,328 | INFO  | DNAudit | user=null | ip=null | op=PUT_BLOCK {blockData=[blockId=conID: 3 locID: 102654967496835683 bcsId: 0,size=4194304]} | ret=SUCCESS |  
2019-08-21 12:28:15,328 [grpc-default-executor-2] INFO  client.GrpcClientProtocolClient (GrpcClientProtocolClient.java:onNext(255)) - client-C954105195FD->270584e6-a4a8-4db5-8151-214655ce1a56: receive RaftClientReply:client-C954105195FD->270584e6-a4a8-4db5-8151-214655ce1a56@group-787F5BA3AA67, cid=2677, SUCCESS, logIndex=3999, commits[270584e6-a4a8-4db5-8151-214655ce1a56:c4000, af078b8b-61ec-497f-9506-472d46a72462:c3996, 09fb9ab4-1b8d-44c0-9f8c-50855c6f1fed:c3996]
2019-08-21 12:28:15,329 [grpc-default-executor-2] INFO  client.GrpcClientProtocolClient (GrpcClientProtocolClient.java:onNext(255)) - client-C954105195FD->270584e6-a4a8-4db5-8151-214655ce1a56: receive RaftClientReply:client-C954105195FD->270584e6-a4a8-4db5-8151-214655ce1a56@group-787F5BA3AA67, cid=2678, SUCCESS, logIndex=4000, commits[270584e6-a4a8-4db5-8151-214655ce1a56:c4000, af078b8b-61ec-497f-9506-472d46a72462:c3996, 09fb9ab4-1b8d-44c0-9f8c-50855c6f1fed:c3996]
2019-08-21 12:28:15,340 | INFO  | DNAudit | user=null | ip=null | op=WRITE_CHUNK {blockData=conID: 3 locID: 102654967496835683 bcsId: 3996} | ret=SUCCESS |  
2019-08-21 12:28:15,340 | INFO  | DNAudit | user=null | ip=null | op=WRITE_CHUNK {blockData=conID: 3 locID: 102654967496835683 bcsId: 3996} | ret=SUCCESS |  
2019-08-21 12:28:15,352 | INFO  | DNAudit | user=null | ip=null | op=PUT_BLOCK {blockData=[blockId=conID: 3 locID: 102654967496835683 bcsId: 0,size=4194304]} | ret=SUCCESS |  
2019-08-21 12:28:15,352 [grpc-default-executor-2] INFO  client.GrpcClientProtocolClient (GrpcClientProtocolClient.java:onNext(255)) - client-C954105195FD->270584e6-a4a8-4db5-8151-214655ce1a56: receive RaftClientReply:client-C954105195FD->270584e6-a4a8-4db5-8151-214655ce1a56@group-787F5BA3AA67, cid=2679, SUCCESS, logIndex=0, commits[270584e6-a4a8-4db5-8151-214655ce1a56:c4002, af078b8b-61ec-497f-9506-472d46a72462:c4000, 09fb9ab4-1b8d-44c0-9f8c-50855c6f1fed:c4000]
2019-08-21 12:28:15,352 | INFO  | DNAudit | user=null | ip=null | op=PUT_BLOCK {blockData=[blockId=conID: 3 locID: 102654967496835683 bcsId: 0,size=4194304]} | ret=SUCCESS |  
2019-08-21 12:28:15,358 | INFO  | SCMAudit | user=jenkins1000 | ip=192.168.34.23 | op=ALLOCATE_BLOCK {owner=b79f83c9-5f7d-4caf-af30-78af34bc5eea, size=4194304, type=RATIS, factor=THREE} | ret=SUCCESS |  
2019-08-21 12:28:15,362 | INFO  | OMAudit | user=jenkins1000 | ip=127.0.0.1 | op=ALLOCATE_BLOCK {volume=vol-0-06517, bucket=bucket-0-64549, key=key-0-34512, dataSize=0, replicationType=null, replicationFactor=null, keyLocationInfo=null, clientID=102654965997830546} | ret=SUCCESS |  
2019-08-21 12:28:15,481 | INFO  | DNAudit | user=null | ip=null | op=WRITE_CHUNK {blockData=conID: 1 locID: 102654967503782500 bcsId: 0} | ret=SUCCESS |  
2019-08-21 12:28:15,485 | INFO  | DNAudit | user=null | ip=null | op=WRITE_CHUNK {blockData=conID: 1 locID: 102654967503782500 bcsId: 0} | ret=SUCCESS |  
2019-08-21 12:28:15,485 | INFO  | DNAudit | user=null | ip=null | op=WRITE_CHUNK {blockData=conID: 1 locID: 102654967503782500 bcsId: 0} | ret=SUCCESS |  
2019-08-21 12:28:15,485 | INFO  | DNAudit | user=null | ip=null | op=WRITE_CHUNK {blockData=conID: 1 locID: 102654967503782500 bcsId: 0} | ret=SUCCESS |  
2019-08-21 12:28:15,487 | INFO  | DNAudit | user=null | ip=null | op=WRITE_CHUNK {blockData=conID: 1 locID: 102654967503782500 bcsId: 0} | ret=SUCCESS |  
2019-08-21 12:28:15,487 | INFO  | DNAudit | user=null | ip=null | op=WRITE_CHUNK {blockData=conID: 1 locID: 102654967503782500 bcsId: 0} | ret=SUCCESS |  
2019-08-21 12:28:15,496 | INFO  | DNAudit | user=null | ip=null | op=WRITE_CHUNK {blockData=conID: 1 locID: 102654967503782500 bcsId: 0} | ret=SUCCESS |  
2019-08-21 12:28:15,496 | INFO  | DNAudit | user=null | ip=null | op=PUT_BLOCK {blockData=[blockId=conID: 1 locID: 102654967503782500 bcsId: 0,size=1048576]} | ret=SUCCESS |  
2019-08-21 12:28:15,497 [grpc-default-executor-4] INFO  client.GrpcClientProtocolClient (GrpcClientProtocolClient.java:onNext(255)) - client-C954105195FD->270584e6-a4a8-4db5-8151-214655ce1a56: receive RaftClientReply:client-C954105195FD->270584e6-a4a8-4db5-8151-214655ce1a56@group-787F5BA3AA67, cid=2680, SUCCESS, logIndex=4003, commits[270584e6-a4a8-4db5-8151-214655ce1a56:c4004, af078b8b-61ec-497f-9506-472d46a72462:c4002, 09fb9ab4-1b8d-44c0-9f8c-50855c6f1fed:c4002]
2019-08-21 12:28:15,497 [grpc-default-executor-4] INFO  client.GrpcClientProtocolClient (GrpcClientProtocolClient.java:onNext(255)) - client-C954105195FD->270584e6-a4a8-4db5-8151-214655ce1a56: receive RaftClientReply:client-C954105195FD->270584e6-a4a8-4db5-8151-214655ce1a56@group-787F5BA3AA67, cid=2681, SUCCESS, logIndex=4004, commits[270584e6-a4a8-4db5-8151-214655ce1a56:c4004, af078b8b-61ec-497f-9506-472d46a72462:c4002, 09fb9ab4-1b8d-44c0-9f8c-50855c6f1fed:c4002]
2019-08-21 12:28:15,506 | INFO  | DNAudit | user=null | ip=null | op=WRITE_CHUNK {blockData=conID: 1 locID: 102654967503782500 bcsId: 0} | ret=SUCCESS |  
2019-08-21 12:28:15,506 | INFO  | DNAudit | user=null | ip=null | op=PUT_BLOCK {blockData=[blockId=conID: 1 locID: 102654967503782500 bcsId: 0,size=2097152]} | ret=SUCCESS |  
2019-08-21 12:28:15,507 [grpc-default-executor-4] INFO  client.GrpcClientProtocolClient (GrpcClientProtocolClient.java:onNext(255)) - client-C954105195FD->270584e6-a4a8-4db5-8151-214655ce1a56: receive RaftClientReply:client-C954105195FD->270584e6-a4a8-4db5-8151-214655ce1a56@group-787F5BA3AA67, cid=2682, SUCCESS, logIndex=4005, commits[270584e6-a4a8-4db5-8151-214655ce1a56:c4006, af078b8b-61ec-497f-9506-472d46a72462:c4002, 09fb9ab4-1b8d-44c0-9f8c-50855c6f1fed:c4002]
2019-08-21 12:28:15,507 [grpc-default-executor-4] INFO  client.GrpcClientProtocolClient (GrpcClientProtocolClient.java:onNext(255)) - client-C954105195FD->270584e6-a4a8-4db5-8151-214655ce1a56: receive RaftClientReply:client-C954105195FD->270584e6-a4a8-4db5-8151-214655ce1a56@group-787F5BA3AA67, cid=2683, SUCCESS, logIndex=4006, commits[270584e6-a4a8-4db5-8151-214655ce1a56:c4006, af078b8b-61ec-497f-9506-472d46a72462:c4002, 09fb9ab4-1b8d-44c0-9f8c-50855c6f1fed:c4002]
2019-08-21 12:28:15,508 | INFO  | DNAudit | user=null | ip=null | op=WRITE_CHUNK {blockData=conID: 1 locID: 102654967503782500 bcsId: 0} | ret=SUCCESS |  
2019-08-21 12:28:15,509 | INFO  | DNAudit | user=null | ip=null | op=WRITE_CHUNK {blockData=conID: 1 locID: 102654967503782500 bcsId: 0} | ret=SUCCESS |  
2019-08-21 12:28:15,509 | INFO  | DNAudit | user=null | ip=null | op=PUT_BLOCK {blockData=[blockId=conID: 1 locID: 102654967503782500 bcsId: 0,size=1048576]} | ret=SUCCESS |  
2019-08-21 12:28:15,521 | INFO  | DNAudit | user=null | ip=null | op=PUT_BLOCK {blockData=[blockId=conID: 1 locID: 102654967503782500 bcsId: 0,size=1048576]} | ret=SUCCESS |  
2019-08-21 12:28:15,522 [grpc-default-executor-4] INFO  client.GrpcClientProtocolClient (GrpcClientProtocolClient.java:onNext(255)) - client-C954105195FD->270584e6-a4a8-4db5-8151-214655ce1a56: receive RaftClientReply:client-C954105195FD->270584e6-a4a8-4db5-8151-214655ce1a56@group-787F5BA3AA67, cid=2684, SUCCESS, logIndex=0, commits[270584e6-a4a8-4db5-8151-214655ce1a56:c4009, af078b8b-61ec-497f-9506-472d46a72462:c4004, 09fb9ab4-1b8d-44c0-9f8c-50855c6f1fed:c4004]
2019-08-21 12:28:15,529 | INFO  | DNAudit | user=null | ip=null | op=WRITE_CHUNK {blockData=conID: 1 locID: 102654967503782500 bcsId: 4006} | ret=SUCCESS |  
2019-08-21 12:28:15,532 | INFO  | DNAudit | user=null | ip=null | op=WRITE_CHUNK {blockData=conID: 1 locID: 102654967503782500 bcsId: 4006} | ret=SUCCESS |  
2019-08-21 12:28:15,532 | INFO  | DNAudit | user=null | ip=null | op=WRITE_CHUNK {blockData=conID: 1 locID: 102654967503782500 bcsId: 4006} | ret=SUCCESS |  
2019-08-21 12:28:15,538 | INFO  | DNAudit | user=null | ip=null | op=WRITE_CHUNK {blockData=conID: 1 locID: 102654967503782500 bcsId: 0} | ret=SUCCESS |  
2019-08-21 12:28:15,539 | INFO  | DNAudit | user=null | ip=null | op=PUT_BLOCK {blockData=[blockId=conID: 1 locID: 102654967503782500 bcsId: 0,size=2097152]} | ret=SUCCESS |  
2019-08-21 12:28:15,539 | INFO  | DNAudit | user=null | ip=null | op=WRITE_CHUNK {blockData=conID: 1 locID: 102654967503782500 bcsId: 0} | ret=SUCCESS |  
2019-08-21 12:28:15,539 | INFO  | DNAudit | user=null | ip=null | op=WRITE_CHUNK {blockData=conID: 1 locID: 102654967503782500 bcsId: 4006} | ret=SUCCESS |  
2019-08-21 12:28:15,539 | INFO  | DNAudit | user=null | ip=null | op=PUT_BLOCK {blockData=[blockId=conID: 1 locID: 102654967503782500 bcsId: 0,size=2097152]} | ret=SUCCESS |  
2019-08-21 12:28:15,539 | INFO  | DNAudit | user=null | ip=null | op=PUT_BLOCK {blockData=[blockId=conID: 1 locID: 102654967503782500 bcsId: 0,size=3145728]} | ret=SUCCESS |  
2019-08-21 12:28:15,540 [grpc-default-executor-4] INFO  client.GrpcClientProtocolClient (GrpcClientProtocolClient.java:onNext(255)) - client-C954105195FD->270584e6-a4a8-4db5-8151-214655ce1a56: receive RaftClientReply:client-C954105195FD->270584e6-a4a8-4db5-8151-214655ce1a56@group-787F5BA3AA67, cid=2685, SUCCESS, logIndex=4011, commits[270584e6-a4a8-4db5-8151-214655ce1a56:c4012, af078b8b-61ec-497f-9506-472d46a72462:c4010, 09fb9ab4-1b8d-44c0-9f8c-50855c6f1fed:c4010]
2019-08-21 12:28:15,540 [grpc-default-executor-4] INFO  client.GrpcClientProtocolClient (GrpcClientProtocolClient.java:onNext(255)) - client-C954105195FD->270584e6-a4a8-4db5-8151-214655ce1a56: receive RaftClientReply:client-C954105195FD->270584e6-a4a8-4db5-8151-214655ce1a56@group-787F5BA3AA67, cid=2686, SUCCESS, logIndex=4012, commits[270584e6-a4a8-4db5-8151-214655ce1a56:c4012, af078b8b-61ec-497f-9506-472d46a72462:c4010, 09fb9ab4-1b8d-44c0-9f8c-50855c6f1fed:c4010]
2019-08-21 12:28:15,548 | INFO  | DNAudit | user=null | ip=null | op=WRITE_CHUNK {blockData=conID: 1 locID: 102654967503782500 bcsId: 4012} | ret=SUCCESS |  
2019-08-21 12:28:15,550 | INFO  | DNAudit | user=null | ip=null | op=WRITE_CHUNK {blockData=conID: 1 locID: 102654967503782500 bcsId: 4012} | ret=SUCCESS |  
2019-08-21 12:28:15,551 | INFO  | DNAudit | user=null | ip=null | op=WRITE_CHUNK {blockData=conID: 1 locID: 102654967503782500 bcsId: 4012} | ret=SUCCESS |  
2019-08-21 12:28:15,573 | INFO  | DNAudit | user=null | ip=null | op=WRITE_CHUNK {blockData=conID: 1 locID: 102654967503782500 bcsId: 4006} | ret=SUCCESS |  
2019-08-21 12:28:15,573 | INFO  | DNAudit | user=null | ip=null | op=WRITE_CHUNK {blockData=conID: 1 locID: 102654967503782500 bcsId: 4006} | ret=SUCCESS |  
2019-08-21 12:28:15,584 | INFO  | DNAudit | user=null | ip=null | op=PUT_BLOCK {blockData=[blockId=conID: 1 locID: 102654967503782500 bcsId: 0,size=3145728]} | ret=SUCCESS |  
2019-08-21 12:28:15,585 | INFO  | DNAudit | user=null | ip=null | op=PUT_BLOCK {blockData=[blockId=conID: 1 locID: 102654967503782500 bcsId: 0,size=3145728]} | ret=SUCCESS |  
2019-08-21 12:28:15,585 | INFO  | DNAudit | user=null | ip=null | op=WRITE_CHUNK {blockData=conID: 1 locID: 102654967503782500 bcsId: 4012} | ret=SUCCESS |  
2019-08-21 12:28:15,586 | INFO  | DNAudit | user=null | ip=null | op=PUT_BLOCK {blockData=[blockId=conID: 1 locID: 102654967503782500 bcsId: 0,size=4194304]} | ret=SUCCESS |  
2019-08-21 12:28:15,586 [grpc-default-executor-4] INFO  client.GrpcClientProtocolClient (GrpcClientProtocolClient.java:onNext(255)) - client-C954105195FD->270584e6-a4a8-4db5-8151-214655ce1a56: receive RaftClientReply:client-C954105195FD->270584e6-a4a8-4db5-8151-214655ce1a56@group-787F5BA3AA67, cid=2687, SUCCESS, logIndex=4015, commits[270584e6-a4a8-4db5-8151-214655ce1a56:c4016, af078b8b-61ec-497f-9506-472d46a72462:c4012, 09fb9ab4-1b8d-44c0-9f8c-50855c6f1fed:c4012]
2019-08-21 12:28:15,586 [grpc-default-executor-4] INFO  client.GrpcClientProtocolClient (GrpcClientProtocolClient.java:onNext(255)) - client-C954105195FD->270584e6-a4a8-4db5-8151-214655ce1a56: receive RaftClientReply:client-C954105195FD->270584e6-a4a8-4db5-8151-214655ce1a56@group-787F5BA3AA67, cid=2688, SUCCESS, logIndex=4016, commits[270584e6-a4a8-4db5-8151-214655ce1a56:c4016, af078b8b-61ec-497f-9506-472d46a72462:c4012, 09fb9ab4-1b8d-44c0-9f8c-50855c6f1fed:c4012]
2019-08-21 12:28:15,596 | INFO  | DNAudit | user=null | ip=null | op=WRITE_CHUNK {blockData=conID: 1 locID: 102654967503782500 bcsId: 4012} | ret=SUCCESS |  
2019-08-21 12:28:15,596 | INFO  | DNAudit | user=null | ip=null | op=PUT_BLOCK {blockData=[blockId=conID: 1 locID: 102654967503782500 bcsId: 0,size=4194304]} | ret=SUCCESS |  
2019-08-21 12:28:15,596 | INFO  | DNAudit | user=null | ip=null | op=WRITE_CHUNK {blockData=conID: 1 locID: 102654967503782500 bcsId: 4012} | ret=SUCCESS |  
2019-08-21 12:28:15,599 | INFO  | DNAudit | user=null | ip=null | op=PUT_BLOCK {blockData=[blockId=conID: 1 locID: 102654967503782500 bcsId: 0,size=4194304]} | ret=SUCCESS |  
2019-08-21 12:28:15,600 [grpc-default-executor-4] INFO  client.GrpcClientProtocolClient (GrpcClientProtocolClient.java:onNext(255)) - client-C954105195FD->270584e6-a4a8-4db5-8151-214655ce1a56: receive RaftClientReply:client-C954105195FD->270584e6-a4a8-4db5-8151-214655ce1a56@group-787F5BA3AA67, cid=2689, SUCCESS, logIndex=0, commits[270584e6-a4a8-4db5-8151-214655ce1a56:c4018, af078b8b-61ec-497f-9506-472d46a72462:c4016, 09fb9ab4-1b8d-44c0-9f8c-50855c6f1fed:c4016]
2019-08-21 12:28:15,606 | INFO  | SCMAudit | user=jenkins1000 | ip=192.168.34.23 | op=ALLOCATE_BLOCK {owner=b79f83c9-5f7d-4caf-af30-78af34bc5eea, size=4194304, type=RATIS, factor=THREE} | ret=SUCCESS |  
2019-08-21 12:28:15,611 | INFO  | OMAudit | user=jenkins1000 | ip=127.0.0.1 | op=ALLOCATE_BLOCK {volume=vol-0-06517, bucket=bucket-0-64549, key=key-0-34512, dataSize=0, replicationType=null, replicationFactor=null, keyLocationInfo=null, clientID=102654965997830546} | ret=SUCCESS |  
2019-08-21 12:28:15,620 | INFO  | DNAudit | user=null | ip=null | op=WRITE_CHUNK {blockData=conID: 2 locID: 102654967520035429 bcsId: 0} | ret=SUCCESS |  
2019-08-21 12:28:15,623 | INFO  | DNAudit | user=null | ip=null | op=WRITE_CHUNK {blockData=conID: 2 locID: 102654967520035429 bcsId: 0} | ret=SUCCESS |  
2019-08-21 12:28:15,623 | INFO  | DNAudit | user=null | ip=null | op=WRITE_CHUNK {blockData=conID: 2 locID: 102654967520035429 bcsId: 0} | ret=SUCCESS |  
2019-08-21 12:28:15,624 | INFO  | DNAudit | user=null | ip=null | op=WRITE_CHUNK {blockData=conID: 2 locID: 102654967520035429 bcsId: 0} | ret=SUCCESS |  
2019-08-21 12:28:15,626 | INFO  | DNAudit | user=null | ip=null | op=WRITE_CHUNK {blockData=conID: 2 locID: 102654967520035429 bcsId: 0} | ret=SUCCESS |  
2019-08-21 12:28:15,626 | INFO  | DNAudit | user=null | ip=null | op=WRITE_CHUNK {blockData=conID: 2 locID: 102654967520035429 bcsId: 0} | ret=SUCCESS |  
2019-08-21 12:28:15,632 | INFO  | DNAudit | user=null | ip=null | op=WRITE_CHUNK {blockData=conID: 2 locID: 102654967520035429 bcsId: 0} | ret=SUCCESS |  
2019-08-21 12:28:15,633 | INFO  | DNAudit | user=null | ip=null | op=PUT_BLOCK {blockData=[blockId=conID: 2 locID: 102654967520035429 bcsId: 0,size=1048576]} | ret=SUCCESS |  
2019-08-21 12:28:15,633 [grpc-default-executor-4] INFO  client.GrpcClientProtocolClient (GrpcClientProtocolClient.java:onNext(255)) - client-C954105195FD->270584e6-a4a8-4db5-8151-214655ce1a56: receive RaftClientReply:client-C954105195FD->270584e6-a4a8-4db5-8151-214655ce1a56@group-787F5BA3AA67, cid=2690, SUCCESS, logIndex=4019, commits[270584e6-a4a8-4db5-8151-214655ce1a56:c4020, af078b8b-61ec-497f-9506-472d46a72462:c4018, 09fb9ab4-1b8d-44c0-9f8c-50855c6f1fed:c4018]
2019-08-21 12:28:15,634 [grpc-default-executor-4] INFO  client.GrpcClientProtocolClient (GrpcClientProtocolClient.java:onNext(255)) - client-C954105195FD->270584e6-a4a8-4db5-8151-214655ce1a56: receive RaftClientReply:client-C954105195FD->270584e6-a4a8-4db5-8151-214655ce1a56@group-787F5BA3AA67, cid=2691, SUCCESS, logIndex=4020, commits[270584e6-a4a8-4db5-8151-214655ce1a56:c4020, af078b8b-61ec-497f-9506-472d46a72462:c4018, 09fb9ab4-1b8d-44c0-9f8c-50855c6f1fed:c4018]
2019-08-21 12:28:15,656 | INFO  | DNAudit | user=null | ip=null | op=WRITE_CHUNK {blockData=conID: 2 locID: 102654967520035429 bcsId: 0} | ret=SUCCESS |  
2019-08-21 12:28:15,656 | INFO  | DNAudit | user=null | ip=null | op=PUT_BLOCK {blockData=[blockId=conID: 2 locID: 102654967520035429 bcsId: 0,size=2097152]} | ret=SUCCESS |  
2019-08-21 12:28:15,656 [grpc-default-executor-2] INFO  client.GrpcClientProtocolClient (GrpcClientProtocolClient.java:onNext(255)) - client-C954105195FD->270584e6-a4a8-4db5-8151-214655ce1a56: receive RaftClientReply:client-C954105195FD->270584e6-a4a8-4db5-8151-214655ce1a56@group-787F5BA3AA67, cid=2692, SUCCESS, logIndex=4021, commits[270584e6-a4a8-4db5-8151-214655ce1a56:c4022, af078b8b-61ec-497f-9506-472d46a72462:c4018, 09fb9ab4-1b8d-44c0-9f8c-50855c6f1fed:c4018]
2019-08-21 12:28:15,657 | INFO  | DNAudit | user=null | ip=null | op=WRITE_CHUNK {blockData=conID: 2 locID: 102654967520035429 bcsId: 0} | ret=SUCCESS |  
2019-08-21 12:28:15,657 [grpc-default-executor-2] INFO  client.GrpcClientProtocolClient (GrpcClientProtocolClient.java:onNext(255)) - client-C954105195FD->270584e6-a4a8-4db5-8151-214655ce1a56: receive RaftClientReply:client-C954105195FD->270584e6-a4a8-4db5-8151-214655ce1a56@group-787F5BA3AA67, cid=2693, SUCCESS, logIndex=4022, commits[270584e6-a4a8-4db5-8151-214655ce1a56:c4022, af078b8b-61ec-497f-9506-472d46a72462:c4018, 09fb9ab4-1b8d-44c0-9f8c-50855c6f1fed:c4018]
2019-08-21 12:28:15,657 | INFO  | DNAudit | user=null | ip=null | op=PUT_BLOCK {blockData=[blockId=conID: 2 locID: 102654967520035429 bcsId: 0,size=1048576]} | ret=SUCCESS |  
2019-08-21 12:28:15,658 | INFO  | DNAudit | user=null | ip=null | op=WRITE_CHUNK {blockData=conID: 2 locID: 102654967520035429 bcsId: 0} | ret=SUCCESS |  
2019-08-21 12:28:15,658 | INFO  | DNAudit | user=null | ip=null | op=PUT_BLOCK {blockData=[blockId=conID: 2 locID: 102654967520035429 bcsId: 0,size=1048576]} | ret=SUCCESS |  
2019-08-21 12:28:15,660 [grpc-default-executor-1] INFO  client.GrpcClientProtocolClient (GrpcClientProtocolClient.java:onNext(255)) - client-C954105195FD->270584e6-a4a8-4db5-8151-214655ce1a56: receive RaftClientReply:client-C954105195FD->270584e6-a4a8-4db5-8151-214655ce1a56@group-787F5BA3AA67, cid=2694, SUCCESS, logIndex=0, commits[270584e6-a4a8-4db5-8151-214655ce1a56:c4024, af078b8b-61ec-497f-9506-472d46a72462:c4020, 09fb9ab4-1b8d-44c0-9f8c-50855c6f1fed:c4020]
2019-08-21 12:28:15,666 | INFO  | DNAudit | user=null | ip=null | op=WRITE_CHUNK {blockData=conID: 2 locID: 102654967520035429 bcsId: 4022} | ret=SUCCESS |  
2019-08-21 12:28:15,669 | INFO  | DNAudit | user=null | ip=null | op=WRITE_CHUNK {blockData=conID: 2 locID: 102654967520035429 bcsId: 0} | ret=SUCCESS |  
2019-08-21 12:28:15,669 | INFO  | DNAudit | user=null | ip=null | op=PUT_BLOCK {blockData=[blockId=conID: 2 locID: 102654967520035429 bcsId: 0,size=2097152]} | ret=SUCCESS |  
2019-08-21 12:28:15,669 | INFO  | DNAudit | user=null | ip=null | op=WRITE_CHUNK {blockData=conID: 2 locID: 102654967520035429 bcsId: 0} | ret=SUCCESS |  
2019-08-21 12:28:15,669 | INFO  | DNAudit | user=null | ip=null | op=WRITE_CHUNK {blockData=conID: 2 locID: 102654967520035429 bcsId: 4022} | ret=SUCCESS |  
2019-08-21 12:28:15,670 | INFO  | DNAudit | user=null | ip=null | op=WRITE_CHUNK {blockData=conID: 2 locID: 102654967520035429 bcsId: 4022} | ret=SUCCESS |  
2019-08-21 12:28:15,670 | INFO  | DNAudit | user=null | ip=null | op=PUT_BLOCK {blockData=[blockId=conID: 2 locID: 102654967520035429 bcsId: 0,size=2097152]} | ret=SUCCESS |  
2019-08-21 12:28:15,671 | INFO  | DNAudit | user=null | ip=null | op=WRITE_CHUNK {blockData=conID: 2 locID: 102654967520035429 bcsId: 4022} | ret=SUCCESS |  
2019-08-21 12:28:15,672 | INFO  | DNAudit | user=null | ip=null | op=PUT_BLOCK {blockData=[blockId=conID: 2 locID: 102654967520035429 bcsId: 0,size=3145728]} | ret=SUCCESS |  
2019-08-21 12:28:15,672 [grpc-default-executor-1] INFO  client.GrpcClientProtocolClient (GrpcClientProtocolClient.java:onNext(255)) - client-C954105195FD->270584e6-a4a8-4db5-8151-214655ce1a56: receive RaftClientReply:client-C954105195FD->270584e6-a4a8-4db5-8151-214655ce1a56@group-787F5BA3AA67, cid=2695, SUCCESS, logIndex=4027, commits[270584e6-a4a8-4db5-8151-214655ce1a56:c4028, af078b8b-61ec-497f-9506-472d46a72462:c4022, 09fb9ab4-1b8d-44c0-9f8c-50855c6f1fed:c4024]
2019-08-21 12:28:15,672 [grpc-default-executor-1] INFO  client.GrpcClientProtocolClient (GrpcClientProtocolClient.java:onNext(255)) - client-C954105195FD->270584e6-a4a8-4db5-8151-214655ce1a56: receive RaftClientReply:client-C954105195FD->270584e6-a4a8-4db5-8151-214655ce1a56@group-787F5BA3AA67, cid=2696, SUCCESS, logIndex=4028, commits[270584e6-a4a8-4db5-8151-214655ce1a56:c4028, af078b8b-61ec-497f-9506-472d46a72462:c4024, 09fb9ab4-1b8d-44c0-9f8c-50855c6f1fed:c4024]
2019-08-21 12:28:15,674 | INFO  | DNAudit | user=null | ip=null | op=WRITE_CHUNK {blockData=conID: 2 locID: 102654967520035429 bcsId: 4022} | ret=SUCCESS |  
2019-08-21 12:28:15,674 | INFO  | DNAudit | user=null | ip=null | op=WRITE_CHUNK {blockData=conID: 2 locID: 102654967520035429 bcsId: 4022} | ret=SUCCESS |  
2019-08-21 12:28:15,674 | INFO  | DNAudit | user=null | ip=null | op=PUT_BLOCK {blockData=[blockId=conID: 2 locID: 102654967520035429 bcsId: 0,size=3145728]} | ret=SUCCESS |  
2019-08-21 12:28:15,679 | INFO  | DNAudit | user=null | ip=null | op=WRITE_CHUNK {blockData=conID: 2 locID: 102654967520035429 bcsId: 4028} | ret=SUCCESS |  
2019-08-21 12:28:15,681 | INFO  | DNAudit | user=null | ip=null | op=WRITE_CHUNK {blockData=conID: 2 locID: 102654967520035429 bcsId: 4028} | ret=SUCCESS |  
2019-08-21 12:28:15,681 | INFO  | DNAudit | user=null | ip=null | op=WRITE_CHUNK {blockData=conID: 2 locID: 102654967520035429 bcsId: 4028} | ret=SUCCESS |  
2019-08-21 12:28:15,685 | INFO  | DNAudit | user=null | ip=null | op=PUT_BLOCK {blockData=[blockId=conID: 2 locID: 102654967520035429 bcsId: 0,size=3145728]} | ret=SUCCESS |  
2019-08-21 12:28:15,689 | INFO  | DNAudit | user=null | ip=null | op=WRITE_CHUNK {blockData=conID: 2 locID: 102654967520035429 bcsId: 4028} | ret=SUCCESS |  
2019-08-21 12:28:15,689 | INFO  | DNAudit | user=null | ip=null | op=PUT_BLOCK {blockData=[blockId=conID: 2 locID: 102654967520035429 bcsId: 0,size=4194304]} | ret=SUCCESS |  
2019-08-21 12:28:15,689 [grpc-default-executor-4] INFO  client.GrpcClientProtocolClient (GrpcClientProtocolClient.java:onNext(255)) - client-C954105195FD->270584e6-a4a8-4db5-8151-214655ce1a56: receive RaftClientReply:client-C954105195FD->270584e6-a4a8-4db5-8151-214655ce1a56@group-787F5BA3AA67, cid=2697, SUCCESS, logIndex=4031, commits[270584e6-a4a8-4db5-8151-214655ce1a56:c4032, af078b8b-61ec-497f-9506-472d46a72462:c4029, 09fb9ab4-1b8d-44c0-9f8c-50855c6f1fed:c4029]
2019-08-21 12:28:15,689 [grpc-default-executor-4] INFO  client.GrpcClientProtocolClient (GrpcClientProtocolClient.java:onNext(255)) - client-C954105195FD->270584e6-a4a8-4db5-8151-214655ce1a56: receive RaftClientReply:client-C954105195FD->270584e6-a4a8-4db5-8151-214655ce1a56@group-787F5BA3AA67, cid=2698, SUCCESS, logIndex=4032, commits[270584e6-a4a8-4db5-8151-214655ce1a56:c4032, af078b8b-61ec-497f-9506-472d46a72462:c4029, 09fb9ab4-1b8d-44c0-9f8c-50855c6f1fed:c4029]
2019-08-21 12:28:15,700 | INFO  | DNAudit | user=null | ip=null | op=WRITE_CHUNK {blockData=conID: 2 locID: 102654967520035429 bcsId: 4028} | ret=SUCCESS |  
2019-08-21 12:28:15,700 | INFO  | DNAudit | user=null | ip=null | op=WRITE_CHUNK {blockData=conID: 2 locID: 102654967520035429 bcsId: 4028} | ret=SUCCESS |  
2019-08-21 12:28:15,703 | INFO  | DNAudit | user=null | ip=null | op=PUT_BLOCK {blockData=[blockId=conID: 2 locID: 102654967520035429 bcsId: 0,size=4194304]} | ret=SUCCESS |  
2019-08-21 12:28:15,703 | INFO  | DNAudit | user=null | ip=null | op=PUT_BLOCK {blockData=[blockId=conID: 2 locID: 102654967520035429 bcsId: 0,size=4194304]} | ret=SUCCESS |  
2019-08-21 12:28:15,704 [grpc-default-executor-4] INFO  client.GrpcClientProtocolClient (GrpcClientProtocolClient.java:onNext(255)) - client-C954105195FD->270584e6-a4a8-4db5-8151-214655ce1a56: receive RaftClientReply:client-C954105195FD->270584e6-a4a8-4db5-8151-214655ce1a56@group-787F5BA3AA67, cid=2699, SUCCESS, logIndex=0, commits[270584e6-a4a8-4db5-8151-214655ce1a56:c4034, af078b8b-61ec-497f-9506-472d46a72462:c4032, 09fb9ab4-1b8d-44c0-9f8c-50855c6f1fed:c4032]
2019-08-21 12:28:15,709 | INFO  | SCMAudit | user=jenkins1000 | ip=192.168.34.23 | op=ALLOCATE_BLOCK {owner=b79f83c9-5f7d-4caf-af30-78af34bc5eea, size=4194304, type=RATIS, factor=THREE} | ret=SUCCESS |  
2019-08-21 12:28:15,713 | INFO  | OMAudit | user=jenkins1000 | ip=127.0.0.1 | op=ALLOCATE_BLOCK {volume=vol-0-06517, bucket=bucket-0-64549, key=key-0-34512, dataSize=0, replicationType=null, replicationFactor=null, keyLocationInfo=null, clientID=102654965997830546} | ret=SUCCESS |  
2019-08-21 12:28:15,720 | INFO  | DNAudit | user=null | ip=null | op=WRITE_CHUNK {blockData=conID: 3 locID: 102654967526785638 bcsId: 0} | ret=SUCCESS |  
2019-08-21 12:28:15,723 | INFO  | DNAudit | user=null | ip=null | op=WRITE_CHUNK {blockData=conID: 3 locID: 102654967526785638 bcsId: 0} | ret=SUCCESS |  
2019-08-21 12:28:15,724 | INFO  | DNAudit | user=null | ip=null | op=WRITE_CHUNK {blockData=conID: 3 locID: 102654967526785638 bcsId: 0} | ret=SUCCESS |  
2019-08-21 12:28:15,724 | INFO  | DNAudit | user=null | ip=null | op=WRITE_CHUNK {blockData=conID: 3 locID: 102654967526785638 bcsId: 0} | ret=SUCCESS |  
2019-08-21 12:28:15,726 | INFO  | DNAudit | user=null | ip=null | op=WRITE_CHUNK {blockData=conID: 3 locID: 102654967526785638 bcsId: 0} | ret=SUCCESS |  
2019-08-21 12:28:15,726 | INFO  | DNAudit | user=null | ip=null | op=WRITE_CHUNK {blockData=conID: 3 locID: 102654967526785638 bcsId: 0} | ret=SUCCESS |  
2019-08-21 12:28:15,734 | INFO  | DNAudit | user=null | ip=null | op=WRITE_CHUNK {blockData=conID: 3 locID: 102654967526785638 bcsId: 0} | ret=SUCCESS |  
2019-08-21 12:28:15,735 | INFO  | DNAudit | user=null | ip=null | op=PUT_BLOCK {blockData=[blockId=conID: 3 locID: 102654967526785638 bcsId: 0,size=1048576]} | ret=SUCCESS |  
2019-08-21 12:28:15,735 [grpc-default-executor-1] INFO  client.GrpcClientProtocolClient (GrpcClientProtocolClient.java:onNext(255)) - client-C954105195FD->270584e6-a4a8-4db5-8151-214655ce1a56: receive RaftClientReply:client-C954105195FD->270584e6-a4a8-4db5-8151-214655ce1a56@group-787F5BA3AA67, cid=2700, SUCCESS, logIndex=4035, commits[270584e6-a4a8-4db5-8151-214655ce1a56:c4036, af078b8b-61ec-497f-9506-472d46a72462:c4034, 09fb9ab4-1b8d-44c0-9f8c-50855c6f1fed:c4034]
2019-08-21 12:28:15,735 [grpc-default-executor-1] INFO  client.GrpcClientProtocolClient (GrpcClientProtocolClient.java:onNext(255)) - client-C954105195FD->270584e6-a4a8-4db5-8151-214655ce1a56: receive RaftClientReply:client-C954105195FD->270584e6-a4a8-4db5-8151-214655ce1a56@group-787F5BA3AA67, cid=2701, SUCCESS, logIndex=4036, commits[270584e6-a4a8-4db5-8151-214655ce1a56:c4036, af078b8b-61ec-497f-9506-472d46a72462:c4034, 09fb9ab4-1b8d-44c0-9f8c-50855c6f1fed:c4034]
2019-08-21 12:28:15,745 | INFO  | DNAudit | user=null | ip=null | op=WRITE_CHUNK {blockData=conID: 3 locID: 102654967526785638 bcsId: 0} | ret=SUCCESS |  
2019-08-21 12:28:15,745 | INFO  | DNAudit | user=null | ip=null | op=PUT_BLOCK {blockData=[blockId=conID: 3 locID: 102654967526785638 bcsId: 0,size=2097152]} | ret=SUCCESS |  
2019-08-21 12:28:15,745 [grpc-default-executor-2] INFO  client.GrpcClientProtocolClient (GrpcClientProtocolClient.java:onNext(255)) - client-C954105195FD->270584e6-a4a8-4db5-8151-214655ce1a56: receive RaftClientReply:client-C954105195FD->270584e6-a4a8-4db5-8151-214655ce1a56@group-787F5BA3AA67, cid=2702, SUCCESS, logIndex=4037, commits[270584e6-a4a8-4db5-8151-214655ce1a56:c4037, af078b8b-61ec-497f-9506-472d46a72462:c4034, 09fb9ab4-1b8d-44c0-9f8c-50855c6f1fed:c4034]
2019-08-21 12:28:15,746 [grpc-default-executor-2] INFO  client.GrpcClientProtocolClient (GrpcClientProtocolClient.java:onNext(255)) - client-C954105195FD->270584e6-a4a8-4db5-8151-214655ce1a56: receive RaftClientReply:client-C954105195FD->270584e6-a4a8-4db5-8151-214655ce1a56@group-787F5BA3AA67, cid=2703, SUCCESS, logIndex=4038, commits[270584e6-a4a8-4db5-8151-214655ce1a56:c4038, af078b8b-61ec-497f-9506-472d46a72462:c4034, 09fb9ab4-1b8d-44c0-9f8c-50855c6f1fed:c4034]
2019-08-21 12:28:15,746 | INFO  | DNAudit | user=null | ip=null | op=WRITE_CHUNK {blockData=conID: 3 locID: 102654967526785638 bcsId: 0} | ret=SUCCESS |  
2019-08-21 12:28:15,746 | INFO  | DNAudit | user=null | ip=null | op=PUT_BLOCK {blockData=[blockId=conID: 3 locID: 102654967526785638 bcsId: 0,size=1048576]} | ret=SUCCESS |  
2019-08-21 12:28:15,748 | INFO  | DNAudit | user=null | ip=null | op=WRITE_CHUNK {blockData=conID: 3 locID: 102654967526785638 bcsId: 0} | ret=SUCCESS |  
2019-08-21 12:28:15,748 | INFO  | DNAudit | user=null | ip=null | op=PUT_BLOCK {blockData=[blockId=conID: 3 locID: 102654967526785638 bcsId: 0,size=1048576]} | ret=SUCCESS |  
2019-08-21 12:28:15,748 [grpc-default-executor-2] INFO  client.GrpcClientProtocolClient (GrpcClientProtocolClient.java:onNext(255)) - client-C954105195FD->270584e6-a4a8-4db5-8151-214655ce1a56: receive RaftClientReply:client-C954105195FD->270584e6-a4a8-4db5-8151-214655ce1a56@group-787F5BA3AA67, cid=2704, SUCCESS, logIndex=0, commits[270584e6-a4a8-4db5-8151-214655ce1a56:c4040, af078b8b-61ec-497f-9506-472d46a72462:c4036, 09fb9ab4-1b8d-44c0-9f8c-50855c6f1fed:c4036]
2019-08-21 12:28:15,755 | INFO  | DNAudit | user=null | ip=null | op=WRITE_CHUNK {blockData=conID: 3 locID: 102654967526785638 bcsId: 4038} | ret=SUCCESS |  
2019-08-21 12:28:15,756 | INFO  | DNAudit | user=null | ip=null | op=WRITE_CHUNK {blockData=conID: 3 locID: 102654967526785638 bcsId: 4038} | ret=SUCCESS |  
2019-08-21 12:28:15,757 | INFO  | DNAudit | user=null | ip=null | op=WRITE_CHUNK {blockData=conID: 3 locID: 102654967526785638 bcsId: 4038} | ret=SUCCESS |  
2019-08-21 12:28:15,767 | INFO  | DNAudit | user=null | ip=null | op=WRITE_CHUNK {blockData=conID: 3 locID: 102654967526785638 bcsId: 0} | ret=SUCCESS |  
2019-08-21 12:28:15,767 | INFO  | DNAudit | user=null | ip=null | op=PUT_BLOCK {blockData=[blockId=conID: 3 locID: 102654967526785638 bcsId: 0,size=2097152]} | ret=SUCCESS |  
2019-08-21 12:28:15,769 | INFO  | DNAudit | user=null | ip=null | op=WRITE_CHUNK {blockData=conID: 3 locID: 102654967526785638 bcsId: 0} | ret=SUCCESS |  
2019-08-21 12:28:15,769 | INFO  | DNAudit | user=null | ip=null | op=PUT_BLOCK {blockData=[blockId=conID: 3 locID: 102654967526785638 bcsId: 0,size=2097152]} | ret=SUCCESS |  
2019-08-21 12:28:15,781 | INFO  | DNAudit | user=null | ip=null | op=WRITE_CHUNK {blockData=conID: 3 locID: 102654967526785638 bcsId: 4038} | ret=SUCCESS |  
2019-08-21 12:28:15,781 | INFO  | DNAudit | user=null | ip=null | op=PUT_BLOCK {blockData=[blockId=conID: 3 locID: 102654967526785638 bcsId: 0,size=3145728]} | ret=SUCCESS |  
2019-08-21 12:28:15,781 [grpc-default-executor-2] INFO  client.GrpcClientProtocolClient (GrpcClientProtocolClient.java:onNext(255)) - client-C954105195FD->270584e6-a4a8-4db5-8151-214655ce1a56: receive RaftClientReply:client-C954105195FD->270584e6-a4a8-4db5-8151-214655ce1a56@group-787F5BA3AA67, cid=2705, SUCCESS, logIndex=4043, commits[270584e6-a4a8-4db5-8151-214655ce1a56:c4044, af078b8b-61ec-497f-9506-472d46a72462:c4040, 09fb9ab4-1b8d-44c0-9f8c-50855c6f1fed:c4040]
2019-08-21 12:28:15,782 [grpc-default-executor-2] INFO  client.GrpcClientProtocolClient (GrpcClientProtocolClient.java:onNext(255)) - client-C954105195FD->270584e6-a4a8-4db5-8151-214655ce1a56: receive RaftClientReply:client-C954105195FD->270584e6-a4a8-4db5-8151-214655ce1a56@group-787F5BA3AA67, cid=2706, SUCCESS, logIndex=4044, commits[270584e6-a4a8-4db5-8151-214655ce1a56:c4044, af078b8b-61ec-497f-9506-472d46a72462:c4040, 09fb9ab4-1b8d-44c0-9f8c-50855c6f1fed:c4040]
2019-08-21 12:28:15,783 | INFO  | DNAudit | user=null | ip=null | op=WRITE_CHUNK {blockData=conID: 3 locID: 102654967526785638 bcsId: 4038} | ret=SUCCESS |  
2019-08-21 12:28:15,783 | INFO  | DNAudit | user=null | ip=null | op=PUT_BLOCK {blockData=[blockId=conID: 3 locID: 102654967526785638 bcsId: 0,size=3145728]} | ret=SUCCESS |  
2019-08-21 12:28:15,788 | INFO  | DNAudit | user=null | ip=null | op=WRITE_CHUNK {blockData=conID: 3 locID: 102654967526785638 bcsId: 4044} | ret=SUCCESS |  
2019-08-21 12:28:15,791 | INFO  | DNAudit | user=null | ip=null | op=WRITE_CHUNK {blockData=conID: 3 locID: 102654967526785638 bcsId: 4044} | ret=SUCCESS |  
2019-08-21 12:28:15,791 | INFO  | DNAudit | user=null | ip=null | op=WRITE_CHUNK {blockData=conID: 3 locID: 102654967526785638 bcsId: 4044} | ret=SUCCESS |  
2019-08-21 12:28:15,794 | INFO  | DNAudit | user=null | ip=null | op=WRITE_CHUNK {blockData=conID: 3 locID: 102654967526785638 bcsId: 4038} | ret=SUCCESS |  
2019-08-21 12:28:15,794 | INFO  | DNAudit | user=null | ip=null | op=PUT_BLOCK {blockData=[blockId=conID: 3 locID: 102654967526785638 bcsId: 0,size=3145728]} | ret=SUCCESS |  
2019-08-21 12:28:15,798 | INFO  | DNAudit | user=null | ip=null | op=WRITE_CHUNK {blockData=conID: 3 locID: 102654967526785638 bcsId: 4044} | ret=SUCCESS |  
2019-08-21 12:28:15,798 | INFO  | DNAudit | user=null | ip=null | op=PUT_BLOCK {blockData=[blockId=conID: 3 locID: 102654967526785638 bcsId: 0,size=4194304]} | ret=SUCCESS |  
2019-08-21 12:28:15,798 [grpc-default-executor-2] INFO  client.GrpcClientProtocolClient (GrpcClientProtocolClient.java:onNext(255)) - client-C954105195FD->270584e6-a4a8-4db5-8151-214655ce1a56: receive RaftClientReply:client-C954105195FD->270584e6-a4a8-4db5-8151-214655ce1a56@group-787F5BA3AA67, cid=2707, SUCCESS, logIndex=4047, commits[270584e6-a4a8-4db5-8151-214655ce1a56:c4048, af078b8b-61ec-497f-9506-472d46a72462:c4045, 09fb9ab4-1b8d-44c0-9f8c-50855c6f1fed:c4044]
2019-08-21 12:28:15,799 [grpc-default-executor-2] INFO  client.GrpcClientProtocolClient (GrpcClientProtocolClient.java:onNext(255)) - client-C954105195FD->270584e6-a4a8-4db5-8151-214655ce1a56: receive RaftClientReply:client-C954105195FD->270584e6-a4a8-4db5-8151-214655ce1a56@group-787F5BA3AA67, cid=2708, SUCCESS, logIndex=4048, commits[270584e6-a4a8-4db5-8151-214655ce1a56:c4048, af078b8b-61ec-497f-9506-472d46a72462:c4045, 09fb9ab4-1b8d-44c0-9f8c-50855c6f1fed:c4045]
2019-08-21 12:28:15,800 | INFO  | DNAudit | user=null | ip=null | op=WRITE_CHUNK {blockData=conID: 3 locID: 102654967526785638 bcsId: 4044} | ret=SUCCESS |  
2019-08-21 12:28:15,800 | INFO  | DNAudit | user=null | ip=null | op=WRITE_CHUNK {blockData=conID: 3 locID: 102654967526785638 bcsId: 4044} | ret=SUCCESS |  
2019-08-21 12:28:15,800 | INFO  | DNAudit | user=null | ip=null | op=PUT_BLOCK {blockData=[blockId=conID: 3 locID: 102654967526785638 bcsId: 0,size=4194304]} | ret=SUCCESS |  
2019-08-21 12:28:15,801 | INFO  | DNAudit | user=null | ip=null | op=PUT_BLOCK {blockData=[blockId=conID: 3 locID: 102654967526785638 bcsId: 0,size=4194304]} | ret=SUCCESS |  
2019-08-21 12:28:15,801 [grpc-default-executor-2] INFO  client.GrpcClientProtocolClient (GrpcClientProtocolClient.java:onNext(255)) - client-C954105195FD->270584e6-a4a8-4db5-8151-214655ce1a56: receive RaftClientReply:client-C954105195FD->270584e6-a4a8-4db5-8151-214655ce1a56@group-787F5BA3AA67, cid=2709, SUCCESS, logIndex=0, commits[270584e6-a4a8-4db5-8151-214655ce1a56:c4049, af078b8b-61ec-497f-9506-472d46a72462:c4048, 09fb9ab4-1b8d-44c0-9f8c-50855c6f1fed:c4048]
2019-08-21 12:28:15,807 | INFO  | SCMAudit | user=jenkins1000 | ip=192.168.34.23 | op=ALLOCATE_BLOCK {owner=b79f83c9-5f7d-4caf-af30-78af34bc5eea, size=4194304, type=RATIS, factor=THREE} | ret=SUCCESS |  
2019-08-21 12:28:15,812 | INFO  | OMAudit | user=jenkins1000 | ip=127.0.0.1 | op=ALLOCATE_BLOCK {volume=vol-0-06517, bucket=bucket-0-64549, key=key-0-34512, dataSize=0, replicationType=null, replicationFactor=null, keyLocationInfo=null, clientID=102654965997830546} | ret=SUCCESS |  
2019-08-21 12:28:15,819 | INFO  | DNAudit | user=null | ip=null | op=WRITE_CHUNK {blockData=conID: 1 locID: 102654967533208167 bcsId: 0} | ret=SUCCESS |  
2019-08-21 12:28:15,821 | INFO  | DNAudit | user=null | ip=null | op=WRITE_CHUNK {blockData=conID: 1 locID: 102654967533208167 bcsId: 0} | ret=SUCCESS |  
2019-08-21 12:28:15,822 | INFO  | DNAudit | user=null | ip=null | op=WRITE_CHUNK {blockData=conID: 1 locID: 102654967533208167 bcsId: 0} | ret=SUCCESS |  
2019-08-21 12:28:15,822 | INFO  | DNAudit | user=null | ip=null | op=WRITE_CHUNK {blockData=conID: 1 locID: 102654967533208167 bcsId: 0} | ret=SUCCESS |  
2019-08-21 12:28:15,823 | INFO  | DNAudit | user=null | ip=null | op=WRITE_CHUNK {blockData=conID: 1 locID: 102654967533208167 bcsId: 0} | ret=SUCCESS |  
2019-08-21 12:28:15,823 | INFO  | DNAudit | user=null | ip=null | op=WRITE_CHUNK {blockData=conID: 1 locID: 102654967533208167 bcsId: 0} | ret=SUCCESS |  
2019-08-21 12:28:15,831 | INFO  | DNAudit | user=null | ip=null | op=WRITE_CHUNK {blockData=conID: 1 locID: 102654967533208167 bcsId: 0} | ret=SUCCESS |  
2019-08-21 12:28:15,832 | INFO  | DNAudit | user=null | ip=null | op=PUT_BLOCK {blockData=[blockId=conID: 1 locID: 102654967533208167 bcsId: 0,size=1048576]} | ret=SUCCESS |  
2019-08-21 12:28:15,832 [grpc-default-executor-4] INFO  client.GrpcClientProtocolClient (GrpcClientProtocolClient.java:onNext(255)) - client-C954105195FD->270584e6-a4a8-4db5-8151-214655ce1a56: receive RaftClientReply:client-C954105195FD->270584e6-a4a8-4db5-8151-214655ce1a56@group-787F5BA3AA67, cid=2710, SUCCESS, logIndex=4050, commits[270584e6-a4a8-4db5-8151-214655ce1a56:c4051, af078b8b-61ec-497f-9506-472d46a72462:c4049, 09fb9ab4-1b8d-44c0-9f8c-50855c6f1fed:c4049]
2019-08-21 12:28:15,833 | INFO  | DNAudit | user=null | ip=null | op=WRITE_CHUNK {blockData=conID: 1 locID: 102654967533208167 bcsId: 0} | ret=SUCCESS |  
2019-08-21 12:28:15,833 [grpc-default-executor-1] INFO  client.GrpcClientProtocolClient (GrpcClientProtocolClient.java:onNext(255)) - client-C954105195FD->270584e6-a4a8-4db5-8151-214655ce1a56: receive RaftClientReply:client-C954105195FD->270584e6-a4a8-4db5-8151-214655ce1a56@group-787F5BA3AA67, cid=2711, SUCCESS, logIndex=4051, commits[270584e6-a4a8-4db5-8151-214655ce1a56:c4051, af078b8b-61ec-497f-9506-472d46a72462:c4049, 09fb9ab4-1b8d-44c0-9f8c-50855c6f1fed:c4049]
2019-08-21 12:28:15,833 | INFO  | DNAudit | user=null | ip=null | op=PUT_BLOCK {blockData=[blockId=conID: 1 locID: 102654967533208167 bcsId: 0,size=2097152]} | ret=SUCCESS |  
2019-08-21 12:28:15,833 [grpc-default-executor-1] INFO  client.GrpcClientProtocolClient (GrpcClientProtocolClient.java:onNext(255)) - client-C954105195FD->270584e6-a4a8-4db5-8151-214655ce1a56: receive RaftClientReply:client-C954105195FD->270584e6-a4a8-4db5-8151-214655ce1a56@group-787F5BA3AA67, cid=2712, SUCCESS, logIndex=4052, commits[270584e6-a4a8-4db5-8151-214655ce1a56:c4053, af078b8b-61ec-497f-9506-472d46a72462:c4049, 09fb9ab4-1b8d-44c0-9f8c-50855c6f1fed:c4049]
2019-08-21 12:28:15,834 [grpc-default-executor-1] INFO  client.GrpcClientProtocolClient (GrpcClientProtocolClient.java:onNext(255)) - client-C954105195FD->270584e6-a4a8-4db5-8151-214655ce1a56: receive RaftClientReply:client-C954105195FD->270584e6-a4a8-4db5-8151-214655ce1a56@group-787F5BA3AA67, cid=2713, SUCCESS, logIndex=4053, commits[270584e6-a4a8-4db5-8151-214655ce1a56:c4053, af078b8b-61ec-497f-9506-472d46a72462:c4049, 09fb9ab4-1b8d-44c0-9f8c-50855c6f1fed:c4049]
2019-08-21 12:28:15,845 | INFO  | DNAudit | user=null | ip=null | op=WRITE_CHUNK {blockData=conID: 1 locID: 102654967533208167 bcsId: 0} | ret=SUCCESS |  
2019-08-21 12:28:15,845 | INFO  | DNAudit | user=null | ip=null | op=PUT_BLOCK {blockData=[blockId=conID: 1 locID: 102654967533208167 bcsId: 0,size=1048576]} | ret=SUCCESS |  
2019-08-21 12:28:15,846 | INFO  | DNAudit | user=null | ip=null | op=WRITE_CHUNK {blockData=conID: 1 locID: 102654967533208167 bcsId: 0} | ret=SUCCESS |  
2019-08-21 12:28:15,846 | INFO  | DNAudit | user=null | ip=null | op=PUT_BLOCK {blockData=[blockId=conID: 1 locID: 102654967533208167 bcsId: 0,size=1048576]} | ret=SUCCESS |  
2019-08-21 12:28:15,846 | INFO  | DNAudit | user=null | ip=null | op=WRITE_CHUNK {blockData=conID: 1 locID: 102654967533208167 bcsId: 0} | ret=SUCCESS |  
2019-08-21 12:28:15,846 | INFO  | DNAudit | user=null | ip=null | op=WRITE_CHUNK {blockData=conID: 1 locID: 102654967533208167 bcsId: 0} | ret=SUCCESS |  
2019-08-21 12:28:15,846 | INFO  | DNAudit | user=null | ip=null | op=PUT_BLOCK {blockData=[blockId=conID: 1 locID: 102654967533208167 bcsId: 0,size=2097152]} | ret=SUCCESS |  
2019-08-21 12:28:15,846 | INFO  | DNAudit | user=null | ip=null | op=PUT_BLOCK {blockData=[blockId=conID: 1 locID: 102654967533208167 bcsId: 0,size=2097152]} | ret=SUCCESS |  
2019-08-21 12:28:15,847 [grpc-default-executor-1] INFO  client.GrpcClientProtocolClient (GrpcClientProtocolClient.java:onNext(255)) - client-C954105195FD->270584e6-a4a8-4db5-8151-214655ce1a56: receive RaftClientReply:client-C954105195FD->270584e6-a4a8-4db5-8151-214655ce1a56@group-787F5BA3AA67, cid=2714, SUCCESS, logIndex=0, commits[270584e6-a4a8-4db5-8151-214655ce1a56:c4055, af078b8b-61ec-497f-9506-472d46a72462:c4051, 09fb9ab4-1b8d-44c0-9f8c-50855c6f1fed:c4051]
2019-08-21 12:28:15,854 | INFO  | DNAudit | user=null | ip=null | op=WRITE_CHUNK {blockData=conID: 1 locID: 102654967533208167 bcsId: 4053} | ret=SUCCESS |  
2019-08-21 12:28:15,856 | INFO  | DNAudit | user=null | ip=null | op=WRITE_CHUNK {blockData=conID: 1 locID: 102654967533208167 bcsId: 4053} | ret=SUCCESS |  
2019-08-21 12:28:15,856 | INFO  | DNAudit | user=null | ip=null | op=WRITE_CHUNK {blockData=conID: 1 locID: 102654967533208167 bcsId: 4053} | ret=SUCCESS |  
2019-08-21 12:28:15,866 | INFO  | DNAudit | user=null | ip=null | op=WRITE_CHUNK {blockData=conID: 1 locID: 102654967533208167 bcsId: 4053} | ret=SUCCESS |  
2019-08-21 12:28:15,867 | INFO  | DNAudit | user=null | ip=null | op=PUT_BLOCK {blockData=[blockId=conID: 1 locID: 102654967533208167 bcsId: 0,size=3145728]} | ret=SUCCESS |  
2019-08-21 12:28:15,867 [grpc-default-executor-1] INFO  client.GrpcClientProtocolClient (GrpcClientProtocolClient.java:onNext(255)) - client-C954105195FD->270584e6-a4a8-4db5-8151-214655ce1a56: receive RaftClientReply:client-C954105195FD->270584e6-a4a8-4db5-8151-214655ce1a56@group-787F5BA3AA67, cid=2715, SUCCESS, logIndex=4058, commits[270584e6-a4a8-4db5-8151-214655ce1a56:c4059, af078b8b-61ec-497f-9506-472d46a72462:c4057, 09fb9ab4-1b8d-44c0-9f8c-50855c6f1fed:c4057]
2019-08-21 12:28:15,867 [grpc-default-executor-1] INFO  client.GrpcClientProtocolClient (GrpcClientProtocolClient.java:onNext(255)) - client-C954105195FD->270584e6-a4a8-4db5-8151-214655ce1a56: receive RaftClientReply:client-C954105195FD->270584e6-a4a8-4db5-8151-214655ce1a56@group-787F5BA3AA67, cid=2716, SUCCESS, logIndex=4059, commits[270584e6-a4a8-4db5-8151-214655ce1a56:c4059, af078b8b-61ec-497f-9506-472d46a72462:c4057, 09fb9ab4-1b8d-44c0-9f8c-50855c6f1fed:c4057]
2019-08-21 12:28:15,874 | INFO  | DNAudit | user=null | ip=null | op=WRITE_CHUNK {blockData=conID: 1 locID: 102654967533208167 bcsId: 4059} | ret=SUCCESS |  
2019-08-21 12:28:15,877 | INFO  | DNAudit | user=null | ip=null | op=WRITE_CHUNK {blockData=conID: 1 locID: 102654967533208167 bcsId: 4059} | ret=SUCCESS |  
2019-08-21 12:28:15,878 | INFO  | DNAudit | user=null | ip=null | op=WRITE_CHUNK {blockData=conID: 1 locID: 102654967533208167 bcsId: 4059} | ret=SUCCESS |  
2019-08-21 12:28:15,879 | INFO  | DNAudit | user=null | ip=null | op=WRITE_CHUNK {blockData=conID: 1 locID: 102654967533208167 bcsId: 4053} | ret=SUCCESS |  
2019-08-21 12:28:15,879 | INFO  | DNAudit | user=null | ip=null | op=WRITE_CHUNK {blockData=conID: 1 locID: 102654967533208167 bcsId: 4053} | ret=SUCCESS |  
2019-08-21 12:28:15,891 | INFO  | DNAudit | user=null | ip=null | op=PUT_BLOCK {blockData=[blockId=conID: 1 locID: 102654967533208167 bcsId: 0,size=3145728]} | ret=SUCCESS |  
2019-08-21 12:28:15,891 | INFO  | DNAudit | user=null | ip=null | op=PUT_BLOCK {blockData=[blockId=conID: 1 locID: 102654967533208167 bcsId: 0,size=3145728]} | ret=SUCCESS |  
2019-08-21 12:28:15,892 | INFO  | DNAudit | user=null | ip=null | op=WRITE_CHUNK {blockData=conID: 1 locID: 102654967533208167 bcsId: 4059} | ret=SUCCESS |  
2019-08-21 12:28:15,892 | INFO  | DNAudit | user=null | ip=null | op=PUT_BLOCK {blockData=[blockId=conID: 1 locID: 102654967533208167 bcsId: 0,size=4194304]} | ret=SUCCESS |  
2019-08-21 12:28:15,892 [grpc-default-executor-1] INFO  client.GrpcClientProtocolClient (GrpcClientProtocolClient.java:onNext(255)) - client-C954105195FD->270584e6-a4a8-4db5-8151-214655ce1a56: receive RaftClientReply:client-C954105195FD->270584e6-a4a8-4db5-8151-214655ce1a56@group-787F5BA3AA67, cid=2717, SUCCESS, logIndex=4062, commits[270584e6-a4a8-4db5-8151-214655ce1a56:c4063, af078b8b-61ec-497f-9506-472d46a72462:c4059, 09fb9ab4-1b8d-44c0-9f8c-50855c6f1fed:c4059]
2019-08-21 12:28:15,893 [grpc-default-executor-1] INFO  client.GrpcClientProtocolClient (GrpcClientProtocolClient.java:onNext(255)) - client-C954105195FD->270584e6-a4a8-4db5-8151-214655ce1a56: receive RaftClientReply:client-C954105195FD->270584e6-a4a8-4db5-8151-214655ce1a56@group-787F5BA3AA67, cid=2718, SUCCESS, logIndex=4063, commits[270584e6-a4a8-4db5-8151-214655ce1a56:c4063, af078b8b-61ec-497f-9506-472d46a72462:c4059, 09fb9ab4-1b8d-44c0-9f8c-50855c6f1fed:c4059]
2019-08-21 12:28:15,903 | INFO  | DNAudit | user=null | ip=null | op=WRITE_CHUNK {blockData=conID: 1 locID: 102654967533208167 bcsId: 4059} | ret=SUCCESS |  
2019-08-21 12:28:15,903 | INFO  | DNAudit | user=null | ip=null | op=WRITE_CHUNK {blockData=conID: 1 locID: 102654967533208167 bcsId: 4059} | ret=SUCCESS |  
2019-08-21 12:28:15,906 | INFO  | DNAudit | user=null | ip=null | op=PUT_BLOCK {blockData=[blockId=conID: 1 locID: 102654967533208167 bcsId: 0,size=4194304]} | ret=SUCCESS |  
2019-08-21 12:28:15,906 | INFO  | DNAudit | user=null | ip=null | op=PUT_BLOCK {blockData=[blockId=conID: 1 locID: 102654967533208167 bcsId: 0,size=4194304]} | ret=SUCCESS |  
2019-08-21 12:28:15,907 [grpc-default-executor-1] INFO  client.GrpcClientProtocolClient (GrpcClientProtocolClient.java:onNext(255)) - client-C954105195FD->270584e6-a4a8-4db5-8151-214655ce1a56: receive RaftClientReply:client-C954105195FD->270584e6-a4a8-4db5-8151-214655ce1a56@group-787F5BA3AA67, cid=2719, SUCCESS, logIndex=0, commits[270584e6-a4a8-4db5-8151-214655ce1a56:c4065, af078b8b-61ec-497f-9506-472d46a72462:c4063, 09fb9ab4-1b8d-44c0-9f8c-50855c6f1fed:c4063]
2019-08-21 12:28:15,913 | INFO  | SCMAudit | user=jenkins1000 | ip=192.168.34.23 | op=ALLOCATE_BLOCK {owner=b79f83c9-5f7d-4caf-af30-78af34bc5eea, size=4194304, type=RATIS, factor=THREE} | ret=SUCCESS |  
2019-08-21 12:28:15,917 | INFO  | OMAudit | user=jenkins1000 | ip=127.0.0.1 | op=ALLOCATE_BLOCK {volume=vol-0-06517, bucket=bucket-0-64549, key=key-0-34512, dataSize=0, replicationType=null, replicationFactor=null, keyLocationInfo=null, clientID=102654965997830546} | ret=SUCCESS |  
2019-08-21 12:28:15,924 | INFO  | DNAudit | user=null | ip=null | op=WRITE_CHUNK {blockData=conID: 2 locID: 102654967540154984 bcsId: 0} | ret=SUCCESS |  
2019-08-21 12:28:15,927 | INFO  | DNAudit | user=null | ip=null | op=WRITE_CHUNK {blockData=conID: 2 locID: 102654967540154984 bcsId: 0} | ret=SUCCESS |  
2019-08-21 12:28:15,928 | INFO  | DNAudit | user=null | ip=null | op=WRITE_CHUNK {blockData=conID: 2 locID: 102654967540154984 bcsId: 0} | ret=SUCCESS |  
2019-08-21 12:28:15,928 | INFO  | DNAudit | user=null | ip=null | op=WRITE_CHUNK {blockData=conID: 2 locID: 102654967540154984 bcsId: 0} | ret=SUCCESS |  
2019-08-21 12:28:15,929 | INFO  | DNAudit | user=null | ip=null | op=WRITE_CHUNK {blockData=conID: 2 locID: 102654967540154984 bcsId: 0} | ret=SUCCESS |  
2019-08-21 12:28:15,930 | INFO  | DNAudit | user=null | ip=null | op=WRITE_CHUNK {blockData=conID: 2 locID: 102654967540154984 bcsId: 0} | ret=SUCCESS |  
2019-08-21 12:28:15,937 | INFO  | DNAudit | user=null | ip=null | op=WRITE_CHUNK {blockData=conID: 2 locID: 102654967540154984 bcsId: 0} | ret=SUCCESS |  
2019-08-21 12:28:15,938 | INFO  | DNAudit | user=null | ip=null | op=PUT_BLOCK {blockData=[blockId=conID: 2 locID: 102654967540154984 bcsId: 0,size=1048576]} | ret=SUCCESS |  
2019-08-21 12:28:15,938 | INFO  | DNAudit | user=null | ip=null | op=WRITE_CHUNK {blockData=conID: 2 locID: 102654967540154984 bcsId: 0} | ret=SUCCESS |  
2019-08-21 12:28:15,938 [grpc-default-executor-4] INFO  client.GrpcClientProtocolClient (GrpcClientProtocolClient.java:onNext(255)) - client-C954105195FD->270584e6-a4a8-4db5-8151-214655ce1a56: receive RaftClientReply:client-C954105195FD->270584e6-a4a8-4db5-8151-214655ce1a56@group-787F5BA3AA67, cid=2720, SUCCESS, logIndex=4066, commits[270584e6-a4a8-4db5-8151-214655ce1a56:c4067, af078b8b-61ec-497f-9506-472d46a72462:c4065, 09fb9ab4-1b8d-44c0-9f8c-50855c6f1fed:c4065]
2019-08-21 12:28:15,939 | INFO  | DNAudit | user=null | ip=null | op=PUT_BLOCK {blockData=[blockId=conID: 2 locID: 102654967540154984 bcsId: 0,size=2097152]} | ret=SUCCESS |  
2019-08-21 12:28:15,939 [grpc-default-executor-4] INFO  client.GrpcClientProtocolClient (GrpcClientProtocolClient.java:onNext(255)) - client-C954105195FD->270584e6-a4a8-4db5-8151-214655ce1a56: receive RaftClientReply:client-C954105195FD->270584e6-a4a8-4db5-8151-214655ce1a56@group-787F5BA3AA67, cid=2721, SUCCESS, logIndex=4067, commits[270584e6-a4a8-4db5-8151-214655ce1a56:c4069, af078b8b-61ec-497f-9506-472d46a72462:c4065, 09fb9ab4-1b8d-44c0-9f8c-50855c6f1fed:c4065]
2019-08-21 12:28:15,939 [grpc-default-executor-4] INFO  client.GrpcClientProtocolClient (GrpcClientProtocolClient.java:onNext(255)) - client-C954105195FD->270584e6-a4a8-4db5-8151-214655ce1a56: receive RaftClientReply:client-C954105195FD->270584e6-a4a8-4db5-8151-214655ce1a56@group-787F5BA3AA67, cid=2722, SUCCESS, logIndex=4068, commits[270584e6-a4a8-4db5-8151-214655ce1a56:c4069, af078b8b-61ec-497f-9506-472d46a72462:c4065, 09fb9ab4-1b8d-44c0-9f8c-50855c6f1fed:c4065]
2019-08-21 12:28:15,940 [grpc-default-executor-4] INFO  client.GrpcClientProtocolClient (GrpcClientProtocolClient.java:onNext(255)) - client-C954105195FD->270584e6-a4a8-4db5-8151-214655ce1a56: receive RaftClientReply:client-C954105195FD->270584e6-a4a8-4db5-8151-214655ce1a56@group-787F5BA3AA67, cid=2723, SUCCESS, logIndex=4069, commits[270584e6-a4a8-4db5-8151-214655ce1a56:c4069, af078b8b-61ec-497f-9506-472d46a72462:c4065, 09fb9ab4-1b8d-44c0-9f8c-50855c6f1fed:c4065]
2019-08-21 12:28:15,941 | INFO  | DNAudit | user=null | ip=null | op=WRITE_CHUNK {blockData=conID: 2 locID: 102654967540154984 bcsId: 0} | ret=SUCCESS |  
2019-08-21 12:28:15,941 | INFO  | DNAudit | user=null | ip=null | op=WRITE_CHUNK {blockData=conID: 2 locID: 102654967540154984 bcsId: 0} | ret=SUCCESS |  
2019-08-21 12:28:15,941 | INFO  | DNAudit | user=null | ip=null | op=PUT_BLOCK {blockData=[blockId=conID: 2 locID: 102654967540154984 bcsId: 0,size=1048576]} | ret=SUCCESS |  
2019-08-21 12:28:15,941 | INFO  | DNAudit | user=null | ip=null | op=PUT_BLOCK {blockData=[blockId=conID: 2 locID: 102654967540154984 bcsId: 0,size=1048576]} | ret=SUCCESS |  
2019-08-21 12:28:15,941 [grpc-default-executor-1] INFO  client.GrpcClientProtocolClient (GrpcClientProtocolClient.java:onNext(255)) - client-C954105195FD->270584e6-a4a8-4db5-8151-214655ce1a56: receive RaftClientReply:client-C954105195FD->270584e6-a4a8-4db5-8151-214655ce1a56@group-787F5BA3AA67, cid=2724, SUCCESS, logIndex=0, commits[270584e6-a4a8-4db5-8151-214655ce1a56:c4071, af078b8b-61ec-497f-9506-472d46a72462:c4067, 09fb9ab4-1b8d-44c0-9f8c-50855c6f1fed:c4067]
2019-08-21 12:28:15,949 | INFO  | DNAudit | user=null | ip=null | op=WRITE_CHUNK {blockData=conID: 2 locID: 102654967540154984 bcsId: 4069} | ret=SUCCESS |  
2019-08-21 12:28:15,951 | INFO  | SCMAudit | user=jenkins1000 | ip=192.168.34.23 | op=SEND_HEARTBEAT {datanodeUUID=09fb9ab4-1b8d-44c0-9f8c-50855c6f1fed, command=[]} | ret=SUCCESS |  
2019-08-21 12:28:15,951 | INFO  | SCMAudit | user=jenkins1000 | ip=192.168.34.23 | op=SEND_HEARTBEAT {datanodeUUID=af078b8b-61ec-497f-9506-472d46a72462, command=[]} | ret=SUCCESS |  
2019-08-21 12:28:15,951 | INFO  | DNAudit | user=null | ip=null | op=WRITE_CHUNK {blockData=conID: 2 locID: 102654967540154984 bcsId: 4069} | ret=SUCCESS |  
2019-08-21 12:28:15,951 | INFO  | DNAudit | user=null | ip=null | op=WRITE_CHUNK {blockData=conID: 2 locID: 102654967540154984 bcsId: 4069} | ret=SUCCESS |  
 0.00% |█                                                                                                    |  0/1 Time: 0:00:232019-08-21 12:28:15,953 | INFO  | SCMAudit | user=jenkins1000 | ip=192.168.34.23 | op=SEND_HEARTBEAT {datanodeUUID=270584e6-a4a8-4db5-8151-214655ce1a56, command=[]} | ret=SUCCESS |  
2019-08-21 12:28:15,954 | INFO  | DNAudit | user=null | ip=null | op=WRITE_CHUNK {blockData=conID: 2 locID: 102654967540154984 bcsId: 0} | ret=SUCCESS |  
2019-08-21 12:28:15,954 | INFO  | DNAudit | user=null | ip=null | op=WRITE_CHUNK {blockData=conID: 2 locID: 102654967540154984 bcsId: 0} | ret=SUCCESS |  
2019-08-21 12:28:15,954 | INFO  | DNAudit | user=null | ip=null | op=PUT_BLOCK {blockData=[blockId=conID: 2 locID: 102654967540154984 bcsId: 0,size=2097152]} | ret=SUCCESS |  
2019-08-21 12:28:15,954 | INFO  | DNAudit | user=null | ip=null | op=PUT_BLOCK {blockData=[blockId=conID: 2 locID: 102654967540154984 bcsId: 0,size=2097152]} | ret=SUCCESS |  
2019-08-21 12:28:15,965 | INFO  | DNAudit | user=null | ip=null | op=WRITE_CHUNK {blockData=conID: 2 locID: 102654967540154984 bcsId: 4069} | ret=SUCCESS |  
2019-08-21 12:28:15,966 | INFO  | DNAudit | user=null | ip=null | op=PUT_BLOCK {blockData=[blockId=conID: 2 locID: 102654967540154984 bcsId: 0,size=3145728]} | ret=SUCCESS |  
2019-08-21 12:28:15,966 [grpc-default-executor-4] INFO  client.GrpcClientProtocolClient (GrpcClientProtocolClient.java:onNext(255)) - client-C954105195FD->270584e6-a4a8-4db5-8151-214655ce1a56: receive RaftClientReply:client-C954105195FD->270584e6-a4a8-4db5-8151-214655ce1a56@group-787F5BA3AA67, cid=2725, SUCCESS, logIndex=4073, commits[270584e6-a4a8-4db5-8151-214655ce1a56:c4074, af078b8b-61ec-497f-9506-472d46a72462:c4071, 09fb9ab4-1b8d-44c0-9f8c-50855c6f1fed:c4071]
2019-08-21 12:28:15,966 [grpc-default-executor-4] INFO  client.GrpcClientProtocolClient (GrpcClientProtocolClient.java:onNext(255)) - client-C954105195FD->270584e6-a4a8-4db5-8151-214655ce1a56: receive RaftClientReply:client-C954105195FD->270584e6-a4a8-4db5-8151-214655ce1a56@group-787F5BA3AA67, cid=2726, SUCCESS, logIndex=4074, commits[270584e6-a4a8-4db5-8151-214655ce1a56:c4074, af078b8b-61ec-497f-9506-472d46a72462:c4071, 09fb9ab4-1b8d-44c0-9f8c-50855c6f1fed:c4071]
2019-08-21 12:28:15,967 | INFO  | DNAudit | user=null | ip=null | op=WRITE_CHUNK {blockData=conID: 2 locID: 102654967540154984 bcsId: 4069} | ret=SUCCESS |  
2019-08-21 12:28:15,967 | INFO  | DNAudit | user=null | ip=null | op=WRITE_CHUNK {blockData=conID: 2 locID: 102654967540154984 bcsId: 4069} | ret=SUCCESS |  
2019-08-21 12:28:15,970 | INFO  | DNAudit | user=null | ip=null | op=PUT_BLOCK {blockData=[blockId=conID: 2 locID: 102654967540154984 bcsId: 0,size=3145728]} | ret=SUCCESS |  
2019-08-21 12:28:15,970 | INFO  | DNAudit | user=null | ip=null | op=PUT_BLOCK {blockData=[blockId=conID: 2 locID: 102654967540154984 bcsId: 0,size=3145728]} | ret=SUCCESS |  
2019-08-21 12:28:15,973 | INFO  | DNAudit | user=null | ip=null | op=WRITE_CHUNK {blockData=conID: 2 locID: 102654967540154984 bcsId: 4074} | ret=SUCCESS |  
2019-08-21 12:28:15,976 | INFO  | DNAudit | user=null | ip=null | op=WRITE_CHUNK {blockData=conID: 2 locID: 102654967540154984 bcsId: 4074} | ret=SUCCESS |  
2019-08-21 12:28:15,977 | INFO  | DNAudit | user=null | ip=null | op=WRITE_CHUNK {blockData=conID: 2 locID: 102654967540154984 bcsId: 4074} | ret=SUCCESS |  
2019-08-21 12:28:15,979 | INFO  | DNAudit | user=null | ip=null | op=WRITE_CHUNK {blockData=conID: 2 locID: 102654967540154984 bcsId: 4074} | ret=SUCCESS |  
2019-08-21 12:28:15,979 | INFO  | DNAudit | user=null | ip=null | op=PUT_BLOCK {blockData=[blockId=conID: 2 locID: 102654967540154984 bcsId: 0,size=4194304]} | ret=SUCCESS |  
2019-08-21 12:28:15,979 [grpc-default-executor-2] INFO  client.GrpcClientProtocolClient (GrpcClientProtocolClient.java:onNext(255)) - client-C954105195FD->270584e6-a4a8-4db5-8151-214655ce1a56: receive RaftClientReply:client-C954105195FD->270584e6-a4a8-4db5-8151-214655ce1a56@group-787F5BA3AA67, cid=2727, SUCCESS, logIndex=4077, commits[270584e6-a4a8-4db5-8151-214655ce1a56:c4078, af078b8b-61ec-497f-9506-472d46a72462:c4076, 09fb9ab4-1b8d-44c0-9f8c-50855c6f1fed:c4076]
2019-08-21 12:28:15,980 [grpc-default-executor-2] INFO  client.GrpcClientProtocolClient (GrpcClientProtocolClient.java:onNext(255)) - client-C954105195FD->270584e6-a4a8-4db5-8151-214655ce1a56: receive RaftClientReply:client-C954105195FD->270584e6-a4a8-4db5-8151-214655ce1a56@group-787F5BA3AA67, cid=2728, SUCCESS, logIndex=4078, commits[270584e6-a4a8-4db5-8151-214655ce1a56:c4078, af078b8b-61ec-497f-9506-472d46a72462:c4076, 09fb9ab4-1b8d-44c0-9f8c-50855c6f1fed:c4076]
2019-08-21 12:28:15,980 | INFO  | DNAudit | user=null | ip=null | op=WRITE_CHUNK {blockData=conID: 2 locID: 102654967540154984 bcsId: 4074} | ret=SUCCESS |  
2019-08-21 12:28:15,980 | INFO  | DNAudit | user=null | ip=null | op=WRITE_CHUNK {blockData=conID: 2 locID: 102654967540154984 bcsId: 4074} | ret=SUCCESS |  
2019-08-21 12:28:15,982 | INFO  | DNAudit | user=null | ip=null | op=PUT_BLOCK {blockData=[blockId=conID: 2 locID: 102654967540154984 bcsId: 0,size=4194304]} | ret=SUCCESS |  
2019-08-21 12:28:15,982 | INFO  | DNAudit | user=null | ip=null | op=PUT_BLOCK {blockData=[blockId=conID: 2 locID: 102654967540154984 bcsId: 0,size=4194304]} | ret=SUCCESS |  
2019-08-21 12:28:15,983 [grpc-default-executor-4] INFO  client.GrpcClientProtocolClient (GrpcClientProtocolClient.java:onNext(255)) - client-C954105195FD->270584e6-a4a8-4db5-8151-214655ce1a56: receive RaftClientReply:client-C954105195FD->270584e6-a4a8-4db5-8151-214655ce1a56@group-787F5BA3AA67, cid=2729, SUCCESS, logIndex=0, commits[270584e6-a4a8-4db5-8151-214655ce1a56:c4080, af078b8b-61ec-497f-9506-472d46a72462:c4078, 09fb9ab4-1b8d-44c0-9f8c-50855c6f1fed:c4078]
2019-08-21 12:28:15,990 | INFO  | SCMAudit | user=jenkins1000 | ip=192.168.34.23 | op=ALLOCATE_BLOCK {owner=b79f83c9-5f7d-4caf-af30-78af34bc5eea, size=4194304, type=RATIS, factor=THREE} | ret=SUCCESS |  
2019-08-21 12:28:15,993 | INFO  | OMAudit | user=jenkins1000 | ip=127.0.0.1 | op=ALLOCATE_BLOCK {volume=vol-0-06517, bucket=bucket-0-64549, key=key-0-34512, dataSize=0, replicationType=null, replicationFactor=null, keyLocationInfo=null, clientID=102654965997830546} | ret=SUCCESS |  
2019-08-21 12:28:16,000 | INFO  | DNAudit | user=null | ip=null | op=WRITE_CHUNK {blockData=conID: 3 locID: 102654967545135721 bcsId: 0} | ret=SUCCESS |  
2019-08-21 12:28:16,004 | INFO  | DNAudit | user=null | ip=null | op=WRITE_CHUNK {blockData=conID: 3 locID: 102654967545135721 bcsId: 0} | ret=SUCCESS |  
2019-08-21 12:28:16,004 | INFO  | DNAudit | user=null | ip=null | op=WRITE_CHUNK {blockData=conID: 3 locID: 102654967545135721 bcsId: 0} | ret=SUCCESS |  
2019-08-21 12:28:16,005 | INFO  | DNAudit | user=null | ip=null | op=WRITE_CHUNK {blockData=conID: 3 locID: 102654967545135721 bcsId: 0} | ret=SUCCESS |  
2019-08-21 12:28:16,006 | INFO  | DNAudit | user=null | ip=null | op=WRITE_CHUNK {blockData=conID: 3 locID: 102654967545135721 bcsId: 0} | ret=SUCCESS |  
2019-08-21 12:28:16,006 | INFO  | DNAudit | user=null | ip=null | op=WRITE_CHUNK {blockData=conID: 3 locID: 102654967545135721 bcsId: 0} | ret=SUCCESS |  
2019-08-21 12:28:16,009 | INFO  | DNAudit | user=null | ip=null | op=WRITE_CHUNK {blockData=conID: 3 locID: 102654967545135721 bcsId: 0} | ret=SUCCESS |  
2019-08-21 12:28:16,009 | INFO  | DNAudit | user=null | ip=null | op=PUT_BLOCK {blockData=[blockId=conID: 3 locID: 102654967545135721 bcsId: 0,size=1048576]} | ret=SUCCESS |  
2019-08-21 12:28:16,009 [grpc-default-executor-4] INFO  client.GrpcClientProtocolClient (GrpcClientProtocolClient.java:onNext(255)) - client-C954105195FD->270584e6-a4a8-4db5-8151-214655ce1a56: receive RaftClientReply:client-C954105195FD->270584e6-a4a8-4db5-8151-214655ce1a56@group-787F5BA3AA67, cid=2730, SUCCESS, logIndex=4081, commits[270584e6-a4a8-4db5-8151-214655ce1a56:c4084, af078b8b-61ec-497f-9506-472d46a72462:c4080, 09fb9ab4-1b8d-44c0-9f8c-50855c6f1fed:c4080]
2019-08-21 12:28:16,010 | INFO  | DNAudit | user=null | ip=null | op=WRITE_CHUNK {blockData=conID: 3 locID: 102654967545135721 bcsId: 0} | ret=SUCCESS |  
2019-08-21 12:28:16,010 | INFO  | DNAudit | user=null | ip=null | op=PUT_BLOCK {blockData=[blockId=conID: 3 locID: 102654967545135721 bcsId: 0,size=2097152]} | ret=SUCCESS |  
2019-08-21 12:28:16,010 [grpc-default-executor-4] INFO  client.GrpcClientProtocolClient (GrpcClientProtocolClient.java:onNext(255)) - client-C954105195FD->270584e6-a4a8-4db5-8151-214655ce1a56: receive RaftClientReply:client-C954105195FD->270584e6-a4a8-4db5-8151-214655ce1a56@group-787F5BA3AA67, cid=2731, SUCCESS, logIndex=4082, commits[270584e6-a4a8-4db5-8151-214655ce1a56:c4084, af078b8b-61ec-497f-9506-472d46a72462:c4080, 09fb9ab4-1b8d-44c0-9f8c-50855c6f1fed:c4080]
2019-08-21 12:28:16,011 | INFO  | DNAudit | user=null | ip=null | op=WRITE_CHUNK {blockData=conID: 3 locID: 102654967545135721 bcsId: 0} | ret=SUCCESS |  
2019-08-21 12:28:16,010 [grpc-default-executor-4] INFO  client.GrpcClientProtocolClient (GrpcClientProtocolClient.java:onNext(255)) - client-C954105195FD->270584e6-a4a8-4db5-8151-214655ce1a56: receive RaftClientReply:client-C954105195FD->270584e6-a4a8-4db5-8151-214655ce1a56@group-787F5BA3AA67, cid=2732, SUCCESS, logIndex=4083, commits[270584e6-a4a8-4db5-8151-214655ce1a56:c4084, af078b8b-61ec-497f-9506-472d46a72462:c4080, 09fb9ab4-1b8d-44c0-9f8c-50855c6f1fed:c4080]
2019-08-21 12:28:16,011 | INFO  | DNAudit | user=null | ip=null | op=WRITE_CHUNK {blockData=conID: 3 locID: 102654967545135721 bcsId: 0} | ret=SUCCESS |  
2019-08-21 12:28:16,011 | INFO  | DNAudit | user=null | ip=null | op=PUT_BLOCK {blockData=[blockId=conID: 3 locID: 102654967545135721 bcsId: 0,size=1048576]} | ret=SUCCESS |  
2019-08-21 12:28:16,011 [grpc-default-executor-4] INFO  client.GrpcClientProtocolClient (GrpcClientProtocolClient.java:onNext(255)) - client-C954105195FD->270584e6-a4a8-4db5-8151-214655ce1a56: receive RaftClientReply:client-C954105195FD->270584e6-a4a8-4db5-8151-214655ce1a56@group-787F5BA3AA67, cid=2733, SUCCESS, logIndex=4084, commits[270584e6-a4a8-4db5-8151-214655ce1a56:c4084, af078b8b-61ec-497f-9506-472d46a72462:c4080, 09fb9ab4-1b8d-44c0-9f8c-50855c6f1fed:c4080]
2019-08-21 12:28:16,011 | INFO  | DNAudit | user=null | ip=null | op=PUT_BLOCK {blockData=[blockId=conID: 3 locID: 102654967545135721 bcsId: 0,size=1048576]} | ret=SUCCESS |  
2019-08-21 12:28:16,012 [grpc-default-executor-4] INFO  client.GrpcClientProtocolClient (GrpcClientProtocolClient.java:onNext(255)) - client-C954105195FD->270584e6-a4a8-4db5-8151-214655ce1a56: receive RaftClientReply:client-C954105195FD->270584e6-a4a8-4db5-8151-214655ce1a56@group-787F5BA3AA67, cid=2734, SUCCESS, logIndex=0, commits[270584e6-a4a8-4db5-8151-214655ce1a56:c4085, af078b8b-61ec-497f-9506-472d46a72462:c4082, 09fb9ab4-1b8d-44c0-9f8c-50855c6f1fed:c4082]
2019-08-21 12:28:16,013 | INFO  | DNAudit | user=null | ip=null | op=WRITE_CHUNK {blockData=conID: 3 locID: 102654967545135721 bcsId: 0} | ret=SUCCESS |  
2019-08-21 12:28:16,014 | INFO  | DNAudit | user=null | ip=null | op=PUT_BLOCK {blockData=[blockId=conID: 3 locID: 102654967545135721 bcsId: 0,size=2097152]} | ret=SUCCESS |  
2019-08-21 12:28:16,014 | INFO  | DNAudit | user=null | ip=null | op=WRITE_CHUNK {blockData=conID: 3 locID: 102654967545135721 bcsId: 0} | ret=SUCCESS |  
2019-08-21 12:28:16,014 | INFO  | DNAudit | user=null | ip=null | op=PUT_BLOCK {blockData=[blockId=conID: 3 locID: 102654967545135721 bcsId: 0,size=2097152]} | ret=SUCCESS |  
2019-08-21 12:28:16,019 | INFO  | DNAudit | user=null | ip=null | op=WRITE_CHUNK {blockData=conID: 3 locID: 102654967545135721 bcsId: 4084} | ret=SUCCESS |  
2019-08-21 12:28:16,022 | INFO  | DNAudit | user=null | ip=null | op=WRITE_CHUNK {blockData=conID: 3 locID: 102654967545135721 bcsId: 4084} | ret=SUCCESS |  
2019-08-21 12:28:16,022 | INFO  | DNAudit | user=null | ip=null | op=WRITE_CHUNK {blockData=conID: 3 locID: 102654967545135721 bcsId: 4084} | ret=SUCCESS |  
2019-08-21 12:28:16,024 | INFO  | DNAudit | user=null | ip=null | op=WRITE_CHUNK {blockData=conID: 3 locID: 102654967545135721 bcsId: 4084} | ret=SUCCESS |  
2019-08-21 12:28:16,025 | INFO  | DNAudit | user=null | ip=null | op=PUT_BLOCK {blockData=[blockId=conID: 3 locID: 102654967545135721 bcsId: 0,size=3145728]} | ret=SUCCESS |  
2019-08-21 12:28:16,025 [grpc-default-executor-5] INFO  client.GrpcClientProtocolClient (GrpcClientProtocolClient.java:onNext(255)) - client-C954105195FD->270584e6-a4a8-4db5-8151-214655ce1a56: receive RaftClientReply:client-C954105195FD->270584e6-a4a8-4db5-8151-214655ce1a56@group-787F5BA3AA67, cid=2735, SUCCESS, logIndex=4089, commits[270584e6-a4a8-4db5-8151-214655ce1a56:c4090, af078b8b-61ec-497f-9506-472d46a72462:c4088, 09fb9ab4-1b8d-44c0-9f8c-50855c6f1fed:c4084]
2019-08-21 12:28:16,025 [grpc-default-executor-5] INFO  client.GrpcClientProtocolClient (GrpcClientProtocolClient.java:onNext(255)) - client-C954105195FD->270584e6-a4a8-4db5-8151-214655ce1a56: receive RaftClientReply:client-C954105195FD->270584e6-a4a8-4db5-8151-214655ce1a56@group-787F5BA3AA67, cid=2736, SUCCESS, logIndex=4090, commits[270584e6-a4a8-4db5-8151-214655ce1a56:c4090, af078b8b-61ec-497f-9506-472d46a72462:c4088, 09fb9ab4-1b8d-44c0-9f8c-50855c6f1fed:c4088]
2019-08-21 12:28:16,027 | INFO  | DNAudit | user=null | ip=null | op=WRITE_CHUNK {blockData=conID: 3 locID: 102654967545135721 bcsId: 4084} | ret=SUCCESS |  
2019-08-21 12:28:16,027 | INFO  | DNAudit | user=null | ip=null | op=WRITE_CHUNK {blockData=conID: 3 locID: 102654967545135721 bcsId: 4084} | ret=SUCCESS |  
2019-08-21 12:28:16,027 | INFO  | DNAudit | user=null | ip=null | op=PUT_BLOCK {blockData=[blockId=conID: 3 locID: 102654967545135721 bcsId: 0,size=3145728]} | ret=SUCCESS |  
2019-08-21 12:28:16,027 | INFO  | DNAudit | user=null | ip=null | op=PUT_BLOCK {blockData=[blockId=conID: 3 locID: 102654967545135721 bcsId: 0,size=3145728]} | ret=SUCCESS |  
2019-08-21 12:28:16,031 | INFO  | DNAudit | user=null | ip=null | op=WRITE_CHUNK {blockData=conID: 3 locID: 102654967545135721 bcsId: 4090} | ret=SUCCESS |  
2019-08-21 12:28:16,034 | INFO  | DNAudit | user=null | ip=null | op=WRITE_CHUNK {blockData=conID: 3 locID: 102654967545135721 bcsId: 4090} | ret=SUCCESS |  
2019-08-21 12:28:16,034 | INFO  | DNAudit | user=null | ip=null | op=WRITE_CHUNK {blockData=conID: 3 locID: 102654967545135721 bcsId: 4090} | ret=SUCCESS |  
2019-08-21 12:28:16,057 | INFO  | DNAudit | user=null | ip=null | op=WRITE_CHUNK {blockData=conID: 3 locID: 102654967545135721 bcsId: 4090} | ret=SUCCESS |  
2019-08-21 12:28:16,057 | INFO  | DNAudit | user=null | ip=null | op=PUT_BLOCK {blockData=[blockId=conID: 3 locID: 102654967545135721 bcsId: 0,size=4194304]} | ret=SUCCESS |  
2019-08-21 12:28:16,058 [grpc-default-executor-2] INFO  client.GrpcClientProtocolClient (GrpcClientProtocolClient.java:onNext(255)) - client-C954105195FD->270584e6-a4a8-4db5-8151-214655ce1a56: receive RaftClientReply:client-C954105195FD->270584e6-a4a8-4db5-8151-214655ce1a56@group-787F5BA3AA67, cid=2737, SUCCESS, logIndex=4093, commits[270584e6-a4a8-4db5-8151-214655ce1a56:c4094, af078b8b-61ec-497f-9506-472d46a72462:c4092, 09fb9ab4-1b8d-44c0-9f8c-50855c6f1fed:c4090]
2019-08-21 12:28:16,058 [grpc-default-executor-2] INFO  client.GrpcClientProtocolClient (GrpcClientProtocolClient.java:onNext(255)) - client-C954105195FD->270584e6-a4a8-4db5-8151-214655ce1a56: receive RaftClientReply:client-C954105195FD->270584e6-a4a8-4db5-8151-214655ce1a56@group-787F5BA3AA67, cid=2738, SUCCESS, logIndex=4094, commits[270584e6-a4a8-4db5-8151-214655ce1a56:c4094, af078b8b-61ec-497f-9506-472d46a72462:c4092, 09fb9ab4-1b8d-44c0-9f8c-50855c6f1fed:c4092]
2019-08-21 12:28:16,060 | INFO  | DNAudit | user=null | ip=null | op=WRITE_CHUNK {blockData=conID: 3 locID: 102654967545135721 bcsId: 4090} | ret=SUCCESS |  
2019-08-21 12:28:16,060 | INFO  | DNAudit | user=null | ip=null | op=WRITE_CHUNK {blockData=conID: 3 locID: 102654967545135721 bcsId: 4090} | ret=SUCCESS |  
2019-08-21 12:28:16,072 | INFO  | DNAudit | user=null | ip=null | op=PUT_BLOCK {blockData=[blockId=conID: 3 locID: 102654967545135721 bcsId: 0,size=4194304]} | ret=SUCCESS |  
2019-08-21 12:28:16,072 | INFO  | DNAudit | user=null | ip=null | op=PUT_BLOCK {blockData=[blockId=conID: 3 locID: 102654967545135721 bcsId: 0,size=4194304]} | ret=SUCCESS |  
2019-08-21 12:28:16,072 [grpc-default-executor-2] INFO  client.GrpcClientProtocolClient (GrpcClientProtocolClient.java:onNext(255)) - client-C954105195FD->270584e6-a4a8-4db5-8151-214655ce1a56: receive RaftClientReply:client-C954105195FD->270584e6-a4a8-4db5-8151-214655ce1a56@group-787F5BA3AA67, cid=2739, SUCCESS, logIndex=0, commits[270584e6-a4a8-4db5-8151-214655ce1a56:c4095, af078b8b-61ec-497f-9506-472d46a72462:c4094, 09fb9ab4-1b8d-44c0-9f8c-50855c6f1fed:c4094]
2019-08-21 12:28:16,079 | INFO  | SCMAudit | user=jenkins1000 | ip=192.168.34.23 | op=ALLOCATE_BLOCK {owner=b79f83c9-5f7d-4caf-af30-78af34bc5eea, size=4194304, type=RATIS, factor=THREE} | ret=SUCCESS |  
2019-08-21 12:28:16,084 | INFO  | OMAudit | user=jenkins1000 | ip=127.0.0.1 | op=ALLOCATE_BLOCK {volume=vol-0-06517, bucket=bucket-0-64549, key=key-0-34512, dataSize=0, replicationType=null, replicationFactor=null, keyLocationInfo=null, clientID=102654965997830546} | ret=SUCCESS |  
2019-08-21 12:28:16,091 | INFO  | DNAudit | user=null | ip=null | op=WRITE_CHUNK {blockData=conID: 1 locID: 102654967551033962 bcsId: 0} | ret=SUCCESS |  
2019-08-21 12:28:16,093 | INFO  | DNAudit | user=null | ip=null | op=WRITE_CHUNK {blockData=conID: 1 locID: 102654967551033962 bcsId: 0} | ret=SUCCESS |  
2019-08-21 12:28:16,094 | INFO  | DNAudit | user=null | ip=null | op=WRITE_CHUNK {blockData=conID: 1 locID: 102654967551033962 bcsId: 0} | ret=SUCCESS |  
2019-08-21 12:28:16,095 | INFO  | DNAudit | user=null | ip=null | op=WRITE_CHUNK {blockData=conID: 1 locID: 102654967551033962 bcsId: 0} | ret=SUCCESS |  
2019-08-21 12:28:16,096 | INFO  | DNAudit | user=null | ip=null | op=WRITE_CHUNK {blockData=conID: 1 locID: 102654967551033962 bcsId: 0} | ret=SUCCESS |  
2019-08-21 12:28:16,096 | INFO  | DNAudit | user=null | ip=null | op=WRITE_CHUNK {blockData=conID: 1 locID: 102654967551033962 bcsId: 0} | ret=SUCCESS |  
2019-08-21 12:28:16,104 | INFO  | DNAudit | user=null | ip=null | op=WRITE_CHUNK {blockData=conID: 1 locID: 102654967551033962 bcsId: 0} | ret=SUCCESS |  
2019-08-21 12:28:16,104 | INFO  | DNAudit | user=null | ip=null | op=PUT_BLOCK {blockData=[blockId=conID: 1 locID: 102654967551033962 bcsId: 0,size=1048576]} | ret=SUCCESS |  
2019-08-21 12:28:16,105 | INFO  | DNAudit | user=null | ip=null | op=WRITE_CHUNK {blockData=conID: 1 locID: 102654967551033962 bcsId: 0} | ret=SUCCESS |  
2019-08-21 12:28:16,105 [grpc-default-executor-4] INFO  client.GrpcClientProtocolClient (GrpcClientProtocolClient.java:onNext(255)) - client-C954105195FD->270584e6-a4a8-4db5-8151-214655ce1a56: receive RaftClientReply:client-C954105195FD->270584e6-a4a8-4db5-8151-214655ce1a56@group-787F5BA3AA67, cid=2740, SUCCESS, logIndex=4097, commits[270584e6-a4a8-4db5-8151-214655ce1a56:c4098, af078b8b-61ec-497f-9506-472d46a72462:c4096, 09fb9ab4-1b8d-44c0-9f8c-50855c6f1fed:c4096]
2019-08-21 12:28:16,105 | INFO  | DNAudit | user=null | ip=null | op=PUT_BLOCK {blockData=[blockId=conID: 1 locID: 102654967551033962 bcsId: 0,size=2097152]} | ret=SUCCESS |  
2019-08-21 12:28:16,105 | INFO  | DNAudit | user=null | ip=null | op=WRITE_CHUNK {blockData=conID: 1 locID: 102654967551033962 bcsId: 0} | ret=SUCCESS |  
2019-08-21 12:28:16,105 [grpc-default-executor-4] INFO  client.GrpcClientProtocolClient (GrpcClientProtocolClient.java:onNext(255)) - client-C954105195FD->270584e6-a4a8-4db5-8151-214655ce1a56: receive RaftClientReply:client-C954105195FD->270584e6-a4a8-4db5-8151-214655ce1a56@group-787F5BA3AA67, cid=2741, SUCCESS, logIndex=4098, commits[270584e6-a4a8-4db5-8151-214655ce1a56:c4100, af078b8b-61ec-497f-9506-472d46a72462:c4096, 09fb9ab4-1b8d-44c0-9f8c-50855c6f1fed:c4096]
2019-08-21 12:28:16,105 [grpc-default-executor-4] INFO  client.GrpcClientProtocolClient (GrpcClientProtocolClient.java:onNext(255)) - client-C954105195FD->270584e6-a4a8-4db5-8151-214655ce1a56: receive RaftClientReply:client-C954105195FD->270584e6-a4a8-4db5-8151-214655ce1a56@group-787F5BA3AA67, cid=2742, SUCCESS, logIndex=4099, commits[270584e6-a4a8-4db5-8151-214655ce1a56:c4100, af078b8b-61ec-497f-9506-472d46a72462:c4096, 09fb9ab4-1b8d-44c0-9f8c-50855c6f1fed:c4096]
2019-08-21 12:28:16,106 [grpc-default-executor-4] INFO  client.GrpcClientProtocolClient (GrpcClientProtocolClient.java:onNext(255)) - client-C954105195FD->270584e6-a4a8-4db5-8151-214655ce1a56: receive RaftClientReply:client-C954105195FD->270584e6-a4a8-4db5-8151-214655ce1a56@group-787F5BA3AA67, cid=2743, SUCCESS, logIndex=4100, commits[270584e6-a4a8-4db5-8151-214655ce1a56:c4101, af078b8b-61ec-497f-9506-472d46a72462:c4097, 09fb9ab4-1b8d-44c0-9f8c-50855c6f1fed:c4096]
2019-08-21 12:28:16,107 | INFO  | DNAudit | user=null | ip=null | op=WRITE_CHUNK {blockData=conID: 1 locID: 102654967551033962 bcsId: 0} | ret=SUCCESS |  
2019-08-21 12:28:16,107 | INFO  | DNAudit | user=null | ip=null | op=PUT_BLOCK {blockData=[blockId=conID: 1 locID: 102654967551033962 bcsId: 0,size=1048576]} | ret=SUCCESS |  
2019-08-21 12:28:16,118 | INFO  | DNAudit | user=null | ip=null | op=PUT_BLOCK {blockData=[blockId=conID: 1 locID: 102654967551033962 bcsId: 0,size=1048576]} | ret=SUCCESS |  
2019-08-21 12:28:16,118 | INFO  | DNAudit | user=null | ip=null | op=WRITE_CHUNK {blockData=conID: 1 locID: 102654967551033962 bcsId: 0} | ret=SUCCESS |  
2019-08-21 12:28:16,118 | INFO  | DNAudit | user=null | ip=null | op=WRITE_CHUNK {blockData=conID: 1 locID: 102654967551033962 bcsId: 0} | ret=SUCCESS |  
2019-08-21 12:28:16,118 | INFO  | DNAudit | user=null | ip=null | op=PUT_BLOCK {blockData=[blockId=conID: 1 locID: 102654967551033962 bcsId: 0,size=2097152]} | ret=SUCCESS |  
2019-08-21 12:28:16,118 [grpc-default-executor-4] INFO  client.GrpcClientProtocolClient (GrpcClientProtocolClient.java:onNext(255)) - client-C954105195FD->270584e6-a4a8-4db5-8151-214655ce1a56: receive RaftClientReply:client-C954105195FD->270584e6-a4a8-4db5-8151-214655ce1a56@group-787F5BA3AA67, cid=2744, SUCCESS, logIndex=0, commits[270584e6-a4a8-4db5-8151-214655ce1a56:c4102, af078b8b-61ec-497f-9506-472d46a72462:c4098, 09fb9ab4-1b8d-44c0-9f8c-50855c6f1fed:c4098]
2019-08-21 12:28:16,119 | INFO  | DNAudit | user=null | ip=null | op=PUT_BLOCK {blockData=[blockId=conID: 1 locID: 102654967551033962 bcsId: 0,size=2097152]} | ret=SUCCESS |  
2019-08-21 12:28:16,124 | INFO  | DNAudit | user=null | ip=null | op=WRITE_CHUNK {blockData=conID: 1 locID: 102654967551033962 bcsId: 4100} | ret=SUCCESS |  
2019-08-21 12:28:16,127 | INFO  | DNAudit | user=null | ip=null | op=WRITE_CHUNK {blockData=conID: 1 locID: 102654967551033962 bcsId: 4100} | ret=SUCCESS |  
2019-08-21 12:28:16,127 | INFO  | DNAudit | user=null | ip=null | op=WRITE_CHUNK {blockData=conID: 1 locID: 102654967551033962 bcsId: 4100} | ret=SUCCESS |  
2019-08-21 12:28:16,137 | INFO  | DNAudit | user=null | ip=null | op=WRITE_CHUNK {blockData=conID: 1 locID: 102654967551033962 bcsId: 4100} | ret=SUCCESS |  
2019-08-21 12:28:16,137 | INFO  | DNAudit | user=null | ip=null | op=PUT_BLOCK {blockData=[blockId=conID: 1 locID: 102654967551033962 bcsId: 0,size=3145728]} | ret=SUCCESS |  
2019-08-21 12:28:16,137 [grpc-default-executor-5] INFO  client.GrpcClientProtocolClient (GrpcClientProtocolClient.java:onNext(255)) - client-C954105195FD->270584e6-a4a8-4db5-8151-214655ce1a56: receive RaftClientReply:client-C954105195FD->270584e6-a4a8-4db5-8151-214655ce1a56@group-787F5BA3AA67, cid=2745, SUCCESS, logIndex=4104, commits[270584e6-a4a8-4db5-8151-214655ce1a56:c4105, af078b8b-61ec-497f-9506-472d46a72462:c4103, 09fb9ab4-1b8d-44c0-9f8c-50855c6f1fed:c4103]
2019-08-21 12:28:16,137 [grpc-default-executor-5] INFO  client.GrpcClientProtocolClient (GrpcClientProtocolClient.java:onNext(255)) - client-C954105195FD->270584e6-a4a8-4db5-8151-214655ce1a56: receive RaftClientReply:client-C954105195FD->270584e6-a4a8-4db5-8151-214655ce1a56@group-787F5BA3AA67, cid=2746, SUCCESS, logIndex=4105, commits[270584e6-a4a8-4db5-8151-214655ce1a56:c4105, af078b8b-61ec-497f-9506-472d46a72462:c4103, 09fb9ab4-1b8d-44c0-9f8c-50855c6f1fed:c4103]
2019-08-21 12:28:16,144 | INFO  | DNAudit | user=null | ip=null | op=WRITE_CHUNK {blockData=conID: 1 locID: 102654967551033962 bcsId: 4105} | ret=SUCCESS |  
2019-08-21 12:28:16,146 | INFO  | DNAudit | user=null | ip=null | op=WRITE_CHUNK {blockData=conID: 1 locID: 102654967551033962 bcsId: 4105} | ret=SUCCESS |  
2019-08-21 12:28:16,146 | INFO  | DNAudit | user=null | ip=null | op=WRITE_CHUNK {blockData=conID: 1 locID: 102654967551033962 bcsId: 4105} | ret=SUCCESS |  
2019-08-21 12:28:16,148 | INFO  | DNAudit | user=null | ip=null | op=WRITE_CHUNK {blockData=conID: 1 locID: 102654967551033962 bcsId: 4100} | ret=SUCCESS |  
2019-08-21 12:28:16,148 | INFO  | DNAudit | user=null | ip=null | op=WRITE_CHUNK {blockData=conID: 1 locID: 102654967551033962 bcsId: 4100} | ret=SUCCESS |  
2019-08-21 12:28:16,151 | INFO  | DNAudit | user=null | ip=null | op=PUT_BLOCK {blockData=[blockId=conID: 1 locID: 102654967551033962 bcsId: 0,size=3145728]} | ret=SUCCESS |  
2019-08-21 12:28:16,151 | INFO  | DNAudit | user=null | ip=null | op=PUT_BLOCK {blockData=[blockId=conID: 1 locID: 102654967551033962 bcsId: 0,size=3145728]} | ret=SUCCESS |  
2019-08-21 12:28:16,152 | INFO  | DNAudit | user=null | ip=null | op=WRITE_CHUNK {blockData=conID: 1 locID: 102654967551033962 bcsId: 4105} | ret=SUCCESS |  
2019-08-21 12:28:16,152 | INFO  | DNAudit | user=null | ip=null | op=PUT_BLOCK {blockData=[blockId=conID: 1 locID: 102654967551033962 bcsId: 0,size=4194304]} | ret=SUCCESS |  
2019-08-21 12:28:16,152 [grpc-default-executor-2] INFO  client.GrpcClientProtocolClient (GrpcClientProtocolClient.java:onNext(255)) - client-C954105195FD->270584e6-a4a8-4db5-8151-214655ce1a56: receive RaftClientReply:client-C954105195FD->270584e6-a4a8-4db5-8151-214655ce1a56@group-787F5BA3AA67, cid=2747, SUCCESS, logIndex=4108, commits[270584e6-a4a8-4db5-8151-214655ce1a56:c4109, af078b8b-61ec-497f-9506-472d46a72462:c4105, 09fb9ab4-1b8d-44c0-9f8c-50855c6f1fed:c4105]
2019-08-21 12:28:16,153 [grpc-default-executor-2] INFO  client.GrpcClientProtocolClient (GrpcClientProtocolClient.java:onNext(255)) - client-C954105195FD->270584e6-a4a8-4db5-8151-214655ce1a56: receive RaftClientReply:client-C954105195FD->270584e6-a4a8-4db5-8151-214655ce1a56@group-787F5BA3AA67, cid=2748, SUCCESS, logIndex=4109, commits[270584e6-a4a8-4db5-8151-214655ce1a56:c4109, af078b8b-61ec-497f-9506-472d46a72462:c4105, 09fb9ab4-1b8d-44c0-9f8c-50855c6f1fed:c4105]
2019-08-21 12:28:16,163 | INFO  | DNAudit | user=null | ip=null | op=WRITE_CHUNK {blockData=conID: 1 locID: 102654967551033962 bcsId: 4105} | ret=SUCCESS |  
2019-08-21 12:28:16,163 | INFO  | DNAudit | user=null | ip=null | op=WRITE_CHUNK {blockData=conID: 1 locID: 102654967551033962 bcsId: 4105} | ret=SUCCESS |  
2019-08-21 12:28:16,165 | INFO  | DNAudit | user=null | ip=null | op=PUT_BLOCK {blockData=[blockId=conID: 1 locID: 102654967551033962 bcsId: 0,size=4194304]} | ret=SUCCESS |  
2019-08-21 12:28:16,165 | INFO  | DNAudit | user=null | ip=null | op=PUT_BLOCK {blockData=[blockId=conID: 1 locID: 102654967551033962 bcsId: 0,size=4194304]} | ret=SUCCESS |  
2019-08-21 12:28:16,166 [grpc-default-executor-5] INFO  client.GrpcClientProtocolClient (GrpcClientProtocolClient.java:onNext(255)) - client-C954105195FD->270584e6-a4a8-4db5-8151-214655ce1a56: receive RaftClientReply:client-C954105195FD->270584e6-a4a8-4db5-8151-214655ce1a56@group-787F5BA3AA67, cid=2749, SUCCESS, logIndex=0, commits[270584e6-a4a8-4db5-8151-214655ce1a56:c4111, af078b8b-61ec-497f-9506-472d46a72462:c4109, 09fb9ab4-1b8d-44c0-9f8c-50855c6f1fed:c4109]
2019-08-21 12:28:16,171 | INFO  | SCMAudit | user=jenkins1000 | ip=192.168.34.23 | op=ALLOCATE_BLOCK {owner=b79f83c9-5f7d-4caf-af30-78af34bc5eea, size=4194304, type=RATIS, factor=THREE} | ret=SUCCESS |  
2019-08-21 12:28:16,175 | INFO  | OMAudit | user=jenkins1000 | ip=127.0.0.1 | op=ALLOCATE_BLOCK {volume=vol-0-06517, bucket=bucket-0-64549, key=key-0-34512, dataSize=0, replicationType=null, replicationFactor=null, keyLocationInfo=null, clientID=102654965997830546} | ret=SUCCESS |  
2019-08-21 12:28:16,182 | INFO  | DNAudit | user=null | ip=null | op=WRITE_CHUNK {blockData=conID: 2 locID: 102654967557063275 bcsId: 0} | ret=SUCCESS |  
2019-08-21 12:28:16,185 | INFO  | DNAudit | user=null | ip=null | op=WRITE_CHUNK {blockData=conID: 2 locID: 102654967557063275 bcsId: 0} | ret=SUCCESS |  
2019-08-21 12:28:16,185 | INFO  | DNAudit | user=null | ip=null | op=WRITE_CHUNK {blockData=conID: 2 locID: 102654967557063275 bcsId: 0} | ret=SUCCESS |  
2019-08-21 12:28:16,185 | INFO  | DNAudit | user=null | ip=null | op=WRITE_CHUNK {blockData=conID: 2 locID: 102654967557063275 bcsId: 0} | ret=SUCCESS |  
2019-08-21 12:28:16,187 | INFO  | DNAudit | user=null | ip=null | op=WRITE_CHUNK {blockData=conID: 2 locID: 102654967557063275 bcsId: 0} | ret=SUCCESS |  
2019-08-21 12:28:16,187 | INFO  | DNAudit | user=null | ip=null | op=WRITE_CHUNK {blockData=conID: 2 locID: 102654967557063275 bcsId: 0} | ret=SUCCESS |  
2019-08-21 12:28:16,188 | INFO  | SCMAudit | user=jenkins1000 | ip=192.168.34.23 | op=SEND_HEARTBEAT {datanodeUUID=0aa4def6-fe9f-4182-b0b1-80406548816f, command=[]} | ret=SUCCESS |  
2019-08-21 12:28:16,189 | INFO  | SCMAudit | user=jenkins1000 | ip=192.168.34.23 | op=SEND_HEARTBEAT {datanodeUUID=39ae8c09-9b4b-4ddc-906b-4e52d104e1b1, command=[]} | ret=SUCCESS |  
2019-08-21 12:28:16,195 | INFO  | DNAudit | user=null | ip=null | op=WRITE_CHUNK {blockData=conID: 2 locID: 102654967557063275 bcsId: 0} | ret=SUCCESS |  
2019-08-21 12:28:16,195 | INFO  | DNAudit | user=null | ip=null | op=PUT_BLOCK {blockData=[blockId=conID: 2 locID: 102654967557063275 bcsId: 0,size=1048576]} | ret=SUCCESS |  
2019-08-21 12:28:16,196 [grpc-default-executor-4] INFO  client.GrpcClientProtocolClient (GrpcClientProtocolClient.java:onNext(255)) - client-C954105195FD->270584e6-a4a8-4db5-8151-214655ce1a56: receive RaftClientReply:client-C954105195FD->270584e6-a4a8-4db5-8151-214655ce1a56@group-787F5BA3AA67, cid=2750, SUCCESS, logIndex=4112, commits[270584e6-a4a8-4db5-8151-214655ce1a56:c4113, af078b8b-61ec-497f-9506-472d46a72462:c4111, 09fb9ab4-1b8d-44c0-9f8c-50855c6f1fed:c4111]
2019-08-21 12:28:16,196 | INFO  | DNAudit | user=null | ip=null | op=WRITE_CHUNK {blockData=conID: 2 locID: 102654967557063275 bcsId: 0} | ret=SUCCESS |  
2019-08-21 12:28:16,196 [grpc-default-executor-4] INFO  client.GrpcClientProtocolClient (GrpcClientProtocolClient.java:onNext(255)) - client-C954105195FD->270584e6-a4a8-4db5-8151-214655ce1a56: receive RaftClientReply:client-C954105195FD->270584e6-a4a8-4db5-8151-214655ce1a56@group-787F5BA3AA67, cid=2751, SUCCESS, logIndex=4113, commits[270584e6-a4a8-4db5-8151-214655ce1a56:c4114, af078b8b-61ec-497f-9506-472d46a72462:c4111, 09fb9ab4-1b8d-44c0-9f8c-50855c6f1fed:c4111]
2019-08-21 12:28:16,197 | INFO  | DNAudit | user=null | ip=null | op=PUT_BLOCK {blockData=[blockId=conID: 2 locID: 102654967557063275 bcsId: 0,size=2097152]} | ret=SUCCESS |  
2019-08-21 12:28:16,197 | INFO  | DNAudit | user=null | ip=null | op=WRITE_CHUNK {blockData=conID: 2 locID: 102654967557063275 bcsId: 0} | ret=SUCCESS |  
2019-08-21 12:28:16,197 [grpc-default-executor-4] INFO  client.GrpcClientProtocolClient (GrpcClientProtocolClient.java:onNext(255)) - client-C954105195FD->270584e6-a4a8-4db5-8151-214655ce1a56: receive RaftClientReply:client-C954105195FD->270584e6-a4a8-4db5-8151-214655ce1a56@group-787F5BA3AA67, cid=2752, SUCCESS, logIndex=4114, commits[270584e6-a4a8-4db5-8151-214655ce1a56:c4115, af078b8b-61ec-497f-9506-472d46a72462:c4111, 09fb9ab4-1b8d-44c0-9f8c-50855c6f1fed:c4111]
2019-08-21 12:28:16,197 | INFO  | DNAudit | user=null | ip=null | op=WRITE_CHUNK {blockData=conID: 2 locID: 102654967557063275 bcsId: 0} | ret=SUCCESS |  
2019-08-21 12:28:16,197 | INFO  | DNAudit | user=null | ip=null | op=PUT_BLOCK {blockData=[blockId=conID: 2 locID: 102654967557063275 bcsId: 0,size=1048576]} | ret=SUCCESS |  
2019-08-21 12:28:16,197 | INFO  | DNAudit | user=null | ip=null | op=PUT_BLOCK {blockData=[blockId=conID: 2 locID: 102654967557063275 bcsId: 0,size=1048576]} | ret=SUCCESS |  
2019-08-21 12:28:16,197 [grpc-default-executor-2] INFO  client.GrpcClientProtocolClient (GrpcClientProtocolClient.java:onNext(255)) - client-C954105195FD->270584e6-a4a8-4db5-8151-214655ce1a56: receive RaftClientReply:client-C954105195FD->270584e6-a4a8-4db5-8151-214655ce1a56@group-787F5BA3AA67, cid=2753, SUCCESS, logIndex=4115, commits[270584e6-a4a8-4db5-8151-214655ce1a56:c4116, af078b8b-61ec-497f-9506-472d46a72462:c4111, 09fb9ab4-1b8d-44c0-9f8c-50855c6f1fed:c4112]
2019-08-21 12:28:16,198 [grpc-default-executor-2] INFO  client.GrpcClientProtocolClient (GrpcClientProtocolClient.java:onNext(255)) - client-C954105195FD->270584e6-a4a8-4db5-8151-214655ce1a56: receive RaftClientReply:client-C954105195FD->270584e6-a4a8-4db5-8151-214655ce1a56@group-787F5BA3AA67, cid=2754, SUCCESS, logIndex=0, commits[270584e6-a4a8-4db5-8151-214655ce1a56:c4117, af078b8b-61ec-497f-9506-472d46a72462:c4113, 09fb9ab4-1b8d-44c0-9f8c-50855c6f1fed:c4113]
2019-08-21 12:28:16,205 | INFO  | DNAudit | user=null | ip=null | op=WRITE_CHUNK {blockData=conID: 2 locID: 102654967557063275 bcsId: 4115} | ret=SUCCESS |  
2019-08-21 12:28:16,207 | INFO  | DNAudit | user=null | ip=null | op=WRITE_CHUNK {blockData=conID: 2 locID: 102654967557063275 bcsId: 4115} | ret=SUCCESS |  
2019-08-21 12:28:16,207 | INFO  | DNAudit | user=null | ip=null | op=WRITE_CHUNK {blockData=conID: 2 locID: 102654967557063275 bcsId: 4115} | ret=SUCCESS |  
2019-08-21 12:28:16,208 | INFO  | DNAudit | user=null | ip=null | op=WRITE_CHUNK {blockData=conID: 2 locID: 102654967557063275 bcsId: 0} | ret=SUCCESS |  
2019-08-21 12:28:16,209 | INFO  | DNAudit | user=null | ip=null | op=PUT_BLOCK {blockData=[blockId=conID: 2 locID: 102654967557063275 bcsId: 0,size=2097152]} | ret=SUCCESS |  
2019-08-21 12:28:16,209 | INFO  | DNAudit | user=null | ip=null | op=WRITE_CHUNK {blockData=conID: 2 locID: 102654967557063275 bcsId: 0} | ret=SUCCESS |  
2019-08-21 12:28:16,209 | INFO  | DNAudit | user=null | ip=null | op=PUT_BLOCK {blockData=[blockId=conID: 2 locID: 102654967557063275 bcsId: 0,size=2097152]} | ret=SUCCESS |  
2019-08-21 12:28:16,210 | INFO  | DNAudit | user=null | ip=null | op=WRITE_CHUNK {blockData=conID: 2 locID: 102654967557063275 bcsId: 4115} | ret=SUCCESS |  
2019-08-21 12:28:16,210 | INFO  | DNAudit | user=null | ip=null | op=PUT_BLOCK {blockData=[blockId=conID: 2 locID: 102654967557063275 bcsId: 0,size=3145728]} | ret=SUCCESS |  
2019-08-21 12:28:16,210 [grpc-default-executor-2] INFO  client.GrpcClientProtocolClient (GrpcClientProtocolClient.java:onNext(255)) - client-C954105195FD->270584e6-a4a8-4db5-8151-214655ce1a56: receive RaftClientReply:client-C954105195FD->270584e6-a4a8-4db5-8151-214655ce1a56@group-787F5BA3AA67, cid=2755, SUCCESS, logIndex=4120, commits[270584e6-a4a8-4db5-8151-214655ce1a56:c4121, af078b8b-61ec-497f-9506-472d46a72462:c4115, 09fb9ab4-1b8d-44c0-9f8c-50855c6f1fed:c4117]
2019-08-21 12:28:16,211 [grpc-default-executor-2] INFO  client.GrpcClientProtocolClient (GrpcClientProtocolClient.java:onNext(255)) - client-C954105195FD->270584e6-a4a8-4db5-8151-214655ce1a56: receive RaftClientReply:client-C954105195FD->270584e6-a4a8-4db5-8151-214655ce1a56@group-787F5BA3AA67, cid=2756, SUCCESS, logIndex=4121, commits[270584e6-a4a8-4db5-8151-214655ce1a56:c4121, af078b8b-61ec-497f-9506-472d46a72462:c4117, 09fb9ab4-1b8d-44c0-9f8c-50855c6f1fed:c4117]
2019-08-21 12:28:16,213 | INFO  | DNAudit | user=null | ip=null | op=WRITE_CHUNK {blockData=conID: 2 locID: 102654967557063275 bcsId: 4115} | ret=SUCCESS |  
2019-08-21 12:28:16,213 | INFO  | DNAudit | user=null | ip=null | op=WRITE_CHUNK {blockData=conID: 2 locID: 102654967557063275 bcsId: 4115} | ret=SUCCESS |  
2019-08-21 12:28:16,217 | INFO  | DNAudit | user=null | ip=null | op=WRITE_CHUNK {blockData=conID: 2 locID: 102654967557063275 bcsId: 4121} | ret=SUCCESS |  
2019-08-21 12:28:16,219 | INFO  | DNAudit | user=null | ip=null | op=WRITE_CHUNK {blockData=conID: 2 locID: 102654967557063275 bcsId: 4121} | ret=SUCCESS |  
2019-08-21 12:28:16,219 | INFO  | DNAudit | user=null | ip=null | op=WRITE_CHUNK {blockData=conID: 2 locID: 102654967557063275 bcsId: 4121} | ret=SUCCESS |  
2019-08-21 12:28:16,224 | INFO  | DNAudit | user=null | ip=null | op=PUT_BLOCK {blockData=[blockId=conID: 2 locID: 102654967557063275 bcsId: 0,size=3145728]} | ret=SUCCESS |  
2019-08-21 12:28:16,224 | INFO  | DNAudit | user=null | ip=null | op=PUT_BLOCK {blockData=[blockId=conID: 2 locID: 102654967557063275 bcsId: 0,size=3145728]} | ret=SUCCESS |  
2019-08-21 12:28:16,227 | INFO  | DNAudit | user=null | ip=null | op=WRITE_CHUNK {blockData=conID: 2 locID: 102654967557063275 bcsId: 4121} | ret=SUCCESS |  
2019-08-21 12:28:16,227 | INFO  | DNAudit | user=null | ip=null | op=PUT_BLOCK {blockData=[blockId=conID: 2 locID: 102654967557063275 bcsId: 0,size=4194304]} | ret=SUCCESS |  
2019-08-21 12:28:16,228 [grpc-default-executor-2] INFO  client.GrpcClientProtocolClient (GrpcClientProtocolClient.java:onNext(255)) - client-C954105195FD->270584e6-a4a8-4db5-8151-214655ce1a56: receive RaftClientReply:client-C954105195FD->270584e6-a4a8-4db5-8151-214655ce1a56@group-787F5BA3AA67, cid=2757, SUCCESS, logIndex=4124, commits[270584e6-a4a8-4db5-8151-214655ce1a56:c4125, af078b8b-61ec-497f-9506-472d46a72462:c4122, 09fb9ab4-1b8d-44c0-9f8c-50855c6f1fed:c4122]
2019-08-21 12:28:16,228 [grpc-default-executor-2] INFO  client.GrpcClientProtocolClient (GrpcClientProtocolClient.java:onNext(255)) - client-C954105195FD->270584e6-a4a8-4db5-8151-214655ce1a56: receive RaftClientReply:client-C954105195FD->270584e6-a4a8-4db5-8151-214655ce1a56@group-787F5BA3AA67, cid=2758, SUCCESS, logIndex=4125, commits[270584e6-a4a8-4db5-8151-214655ce1a56:c4125, af078b8b-61ec-497f-9506-472d46a72462:c4122, 09fb9ab4-1b8d-44c0-9f8c-50855c6f1fed:c4122]
2019-08-21 12:28:16,240 | INFO  | DNAudit | user=null | ip=null | op=WRITE_CHUNK {blockData=conID: 2 locID: 102654967557063275 bcsId: 4121} | ret=SUCCESS |  
2019-08-21 12:28:16,241 | INFO  | DNAudit | user=null | ip=null | op=WRITE_CHUNK {blockData=conID: 2 locID: 102654967557063275 bcsId: 4121} | ret=SUCCESS |  
2019-08-21 12:28:16,253 | INFO  | DNAudit | user=null | ip=null | op=PUT_BLOCK {blockData=[blockId=conID: 2 locID: 102654967557063275 bcsId: 0,size=4194304]} | ret=SUCCESS |  
2019-08-21 12:28:16,253 | INFO  | DNAudit | user=null | ip=null | op=PUT_BLOCK {blockData=[blockId=conID: 2 locID: 102654967557063275 bcsId: 0,size=4194304]} | ret=SUCCESS |  
2019-08-21 12:28:16,254 [grpc-default-executor-2] INFO  client.GrpcClientProtocolClient (GrpcClientProtocolClient.java:onNext(255)) - client-C954105195FD->270584e6-a4a8-4db5-8151-214655ce1a56: receive RaftClientReply:client-C954105195FD->270584e6-a4a8-4db5-8151-214655ce1a56@group-787F5BA3AA67, cid=2759, SUCCESS, logIndex=0, commits[270584e6-a4a8-4db5-8151-214655ce1a56:c4127, af078b8b-61ec-497f-9506-472d46a72462:c4125, 09fb9ab4-1b8d-44c0-9f8c-50855c6f1fed:c4125]
2019-08-21 12:28:16,261 | INFO  | SCMAudit | user=jenkins1000 | ip=192.168.34.23 | op=ALLOCATE_BLOCK {owner=b79f83c9-5f7d-4caf-af30-78af34bc5eea, size=4194304, type=RATIS, factor=THREE} | ret=SUCCESS |  
2019-08-21 12:28:16,266 | INFO  | OMAudit | user=jenkins1000 | ip=127.0.0.1 | op=ALLOCATE_BLOCK {volume=vol-0-06517, bucket=bucket-0-64549, key=key-0-34512, dataSize=0, replicationType=null, replicationFactor=null, keyLocationInfo=null, clientID=102654965997830546} | ret=SUCCESS |  
2019-08-21 12:28:16,272 | INFO  | DNAudit | user=null | ip=null | op=WRITE_CHUNK {blockData=conID: 3 locID: 102654967562961516 bcsId: 0} | ret=SUCCESS |  
2019-08-21 12:28:16,275 | INFO  | DNAudit | user=null | ip=null | op=WRITE_CHUNK {blockData=conID: 3 locID: 102654967562961516 bcsId: 0} | ret=SUCCESS |  
2019-08-21 12:28:16,276 | INFO  | DNAudit | user=null | ip=null | op=WRITE_CHUNK {blockData=conID: 3 locID: 102654967562961516 bcsId: 0} | ret=SUCCESS |  
2019-08-21 12:28:16,276 | INFO  | DNAudit | user=null | ip=null | op=WRITE_CHUNK {blockData=conID: 3 locID: 102654967562961516 bcsId: 0} | ret=SUCCESS |  
2019-08-21 12:28:16,278 | INFO  | DNAudit | user=null | ip=null | op=WRITE_CHUNK {blockData=conID: 3 locID: 102654967562961516 bcsId: 0} | ret=SUCCESS |  
2019-08-21 12:28:16,278 | INFO  | DNAudit | user=null | ip=null | op=WRITE_CHUNK {blockData=conID: 3 locID: 102654967562961516 bcsId: 0} | ret=SUCCESS |  
2019-08-21 12:28:16,278 | INFO  | DNAudit | user=null | ip=null | op=PUT_BLOCK {blockData=[blockId=conID: 3 locID: 102654967562961516 bcsId: 0,size=1048576]} | ret=SUCCESS |  
2019-08-21 12:28:16,278 | INFO  | DNAudit | user=null | ip=null | op=WRITE_CHUNK {blockData=conID: 3 locID: 102654967562961516 bcsId: 0} | ret=SUCCESS |  
2019-08-21 12:28:16,278 [grpc-default-executor-2] INFO  client.GrpcClientProtocolClient (GrpcClientProtocolClient.java:onNext(255)) - client-C954105195FD->270584e6-a4a8-4db5-8151-214655ce1a56: receive RaftClientReply:client-C954105195FD->270584e6-a4a8-4db5-8151-214655ce1a56@group-787F5BA3AA67, cid=2760, SUCCESS, logIndex=4128, commits[270584e6-a4a8-4db5-8151-214655ce1a56:c4129, af078b8b-61ec-497f-9506-472d46a72462:c4127, 09fb9ab4-1b8d-44c0-9f8c-50855c6f1fed:c4125]
2019-08-21 12:28:16,279 [grpc-default-executor-2] INFO  client.GrpcClientProtocolClient (GrpcClientProtocolClient.java:onNext(255)) - client-C954105195FD->270584e6-a4a8-4db5-8151-214655ce1a56: receive RaftClientReply:client-C954105195FD->270584e6-a4a8-4db5-8151-214655ce1a56@group-787F5BA3AA67, cid=2761, SUCCESS, logIndex=4129, commits[270584e6-a4a8-4db5-8151-214655ce1a56:c4129, af078b8b-61ec-497f-9506-472d46a72462:c4127, 09fb9ab4-1b8d-44c0-9f8c-50855c6f1fed:c4125]
2019-08-21 12:28:16,283 | INFO  | DNAudit | user=null | ip=null | op=WRITE_CHUNK {blockData=conID: 3 locID: 102654967562961516 bcsId: 0} | ret=SUCCESS |  
2019-08-21 12:28:16,283 | INFO  | DNAudit | user=null | ip=null | op=WRITE_CHUNK {blockData=conID: 3 locID: 102654967562961516 bcsId: 0} | ret=SUCCESS |  
2019-08-21 12:28:16,284 | INFO  | DNAudit | user=null | ip=null | op=PUT_BLOCK {blockData=[blockId=conID: 3 locID: 102654967562961516 bcsId: 0,size=1048576]} | ret=SUCCESS |  
2019-08-21 12:28:16,284 | INFO  | DNAudit | user=null | ip=null | op=PUT_BLOCK {blockData=[blockId=conID: 3 locID: 102654967562961516 bcsId: 0,size=2097152]} | ret=SUCCESS |  
2019-08-21 12:28:16,284 [grpc-default-executor-2] INFO  client.GrpcClientProtocolClient (GrpcClientProtocolClient.java:onNext(255)) - client-C954105195FD->270584e6-a4a8-4db5-8151-214655ce1a56: receive RaftClientReply:client-C954105195FD->270584e6-a4a8-4db5-8151-214655ce1a56@group-787F5BA3AA67, cid=2762, SUCCESS, logIndex=4130, commits[270584e6-a4a8-4db5-8151-214655ce1a56:c4131, af078b8b-61ec-497f-9506-472d46a72462:c4129, 09fb9ab4-1b8d-44c0-9f8c-50855c6f1fed:c4127]
2019-08-21 12:28:16,284 [grpc-default-executor-2] INFO  client.GrpcClientProtocolClient (GrpcClientProtocolClient.java:onNext(255)) - client-C954105195FD->270584e6-a4a8-4db5-8151-214655ce1a56: receive RaftClientReply:client-C954105195FD->270584e6-a4a8-4db5-8151-214655ce1a56@group-787F5BA3AA67, cid=2763, SUCCESS, logIndex=4131, commits[270584e6-a4a8-4db5-8151-214655ce1a56:c4133, af078b8b-61ec-497f-9506-472d46a72462:c4129, 09fb9ab4-1b8d-44c0-9f8c-50855c6f1fed:c4127]
2019-08-21 12:28:16,286 | INFO  | DNAudit | user=null | ip=null | op=WRITE_CHUNK {blockData=conID: 3 locID: 102654967562961516 bcsId: 0} | ret=SUCCESS |  
2019-08-21 12:28:16,286 | INFO  | DNAudit | user=null | ip=null | op=PUT_BLOCK {blockData=[blockId=conID: 3 locID: 102654967562961516 bcsId: 0,size=2097152]} | ret=SUCCESS |  
2019-08-21 12:28:16,286 | INFO  | DNAudit | user=null | ip=null | op=WRITE_CHUNK {blockData=conID: 3 locID: 102654967562961516 bcsId: 0} | ret=SUCCESS |  
2019-08-21 12:28:16,286 | INFO  | DNAudit | user=null | ip=null | op=PUT_BLOCK {blockData=[blockId=conID: 3 locID: 102654967562961516 bcsId: 0,size=1048576]} | ret=SUCCESS |  
2019-08-21 12:28:16,287 | INFO  | DNAudit | user=null | ip=null | op=WRITE_CHUNK {blockData=conID: 3 locID: 102654967562961516 bcsId: 0} | ret=SUCCESS |  
2019-08-21 12:28:16,287 [grpc-default-executor-4] INFO  client.GrpcClientProtocolClient (GrpcClientProtocolClient.java:onNext(255)) - client-C954105195FD->270584e6-a4a8-4db5-8151-214655ce1a56: receive RaftClientReply:client-C954105195FD->270584e6-a4a8-4db5-8151-214655ce1a56@group-787F5BA3AA67, cid=2764, SUCCESS, logIndex=0, commits[270584e6-a4a8-4db5-8151-214655ce1a56:c4134, af078b8b-61ec-497f-9506-472d46a72462:c4131, 09fb9ab4-1b8d-44c0-9f8c-50855c6f1fed:c4129]
2019-08-21 12:28:16,287 | INFO  | DNAudit | user=null | ip=null | op=PUT_BLOCK {blockData=[blockId=conID: 3 locID: 102654967562961516 bcsId: 0,size=2097152]} | ret=SUCCESS |  
2019-08-21 12:28:16,293 | INFO  | DNAudit | user=null | ip=null | op=WRITE_CHUNK {blockData=conID: 3 locID: 102654967562961516 bcsId: 4131} | ret=SUCCESS |  
2019-08-21 12:28:16,295 | INFO  | DNAudit | user=null | ip=null | op=WRITE_CHUNK {blockData=conID: 3 locID: 102654967562961516 bcsId: 4131} | ret=SUCCESS |  
2019-08-21 12:28:16,296 | INFO  | DNAudit | user=null | ip=null | op=WRITE_CHUNK {blockData=conID: 3 locID: 102654967562961516 bcsId: 4131} | ret=SUCCESS |  
2019-08-21 12:28:16,313 | INFO  | DNAudit | user=null | ip=null | op=WRITE_CHUNK {blockData=conID: 3 locID: 102654967562961516 bcsId: 4131} | ret=SUCCESS |  
2019-08-21 12:28:16,313 | INFO  | DNAudit | user=null | ip=null | op=PUT_BLOCK {blockData=[blockId=conID: 3 locID: 102654967562961516 bcsId: 0,size=3145728]} | ret=SUCCESS |  
2019-08-21 12:28:16,313 [grpc-default-executor-5] INFO  client.GrpcClientProtocolClient (GrpcClientProtocolClient.java:onNext(255)) - client-C954105195FD->270584e6-a4a8-4db5-8151-214655ce1a56: receive RaftClientReply:client-C954105195FD->270584e6-a4a8-4db5-8151-214655ce1a56@group-787F5BA3AA67, cid=2765, SUCCESS, logIndex=4136, commits[270584e6-a4a8-4db5-8151-214655ce1a56:c4137, af078b8b-61ec-497f-9506-472d46a72462:c4135, 09fb9ab4-1b8d-44c0-9f8c-50855c6f1fed:c4135]
2019-08-21 12:28:16,314 [grpc-default-executor-5] INFO  client.GrpcClientProtocolClient (GrpcClientProtocolClient.java:onNext(255)) - client-C954105195FD->270584e6-a4a8-4db5-8151-214655ce1a56: receive RaftClientReply:client-C954105195FD->270584e6-a4a8-4db5-8151-214655ce1a56@group-787F5BA3AA67, cid=2766, SUCCESS, logIndex=4137, commits[270584e6-a4a8-4db5-8151-214655ce1a56:c4137, af078b8b-61ec-497f-9506-472d46a72462:c4135, 09fb9ab4-1b8d-44c0-9f8c-50855c6f1fed:c4135]
2019-08-21 12:28:16,321 | INFO  | DNAudit | user=null | ip=null | op=WRITE_CHUNK {blockData=conID: 3 locID: 102654967562961516 bcsId: 4137} | ret=SUCCESS |  
2019-08-21 12:28:16,324 | INFO  | DNAudit | user=null | ip=null | op=WRITE_CHUNK {blockData=conID: 3 locID: 102654967562961516 bcsId: 4137} | ret=SUCCESS |  
2019-08-21 12:28:16,324 | INFO  | DNAudit | user=null | ip=null | op=WRITE_CHUNK {blockData=conID: 3 locID: 102654967562961516 bcsId: 4137} | ret=SUCCESS |  
2019-08-21 12:28:16,325 | INFO  | DNAudit | user=null | ip=null | op=WRITE_CHUNK {blockData=conID: 3 locID: 102654967562961516 bcsId: 4131} | ret=SUCCESS |  
2019-08-21 12:28:16,325 | INFO  | DNAudit | user=null | ip=null | op=WRITE_CHUNK {blockData=conID: 3 locID: 102654967562961516 bcsId: 4131} | ret=SUCCESS |  
2019-08-21 12:28:16,453 | INFO  | DNAudit | user=null | ip=null | op=PUT_BLOCK {blockData=[blockId=conID: 3 locID: 102654967562961516 bcsId: 0,size=3145728]} | ret=SUCCESS |  
2019-08-21 12:28:16,453 | INFO  | DNAudit | user=null | ip=null | op=PUT_BLOCK {blockData=[blockId=conID: 3 locID: 102654967562961516 bcsId: 0,size=3145728]} | ret=SUCCESS |  
2019-08-21 12:28:16,454 | INFO  | DNAudit | user=null | ip=null | op=WRITE_CHUNK {blockData=conID: 3 locID: 102654967562961516 bcsId: 4137} | ret=SUCCESS |  
2019-08-21 12:28:16,454 | INFO  | DNAudit | user=null | ip=null | op=PUT_BLOCK {blockData=[blockId=conID: 3 locID: 102654967562961516 bcsId: 0,size=4194304]} | ret=SUCCESS |  
2019-08-21 12:28:16,455 [grpc-default-executor-2] INFO  client.GrpcClientProtocolClient (GrpcClientProtocolClient.java:onNext(255)) - client-C954105195FD->270584e6-a4a8-4db5-8151-214655ce1a56: receive RaftClientReply:client-C954105195FD->270584e6-a4a8-4db5-8151-214655ce1a56@group-787F5BA3AA67, cid=2767, SUCCESS, logIndex=4140, commits[270584e6-a4a8-4db5-8151-214655ce1a56:c4141, af078b8b-61ec-497f-9506-472d46a72462:c4137, 09fb9ab4-1b8d-44c0-9f8c-50855c6f1fed:c4137]
2019-08-21 12:28:16,455 [grpc-default-executor-2] INFO  client.GrpcClientProtocolClient (GrpcClientProtocolClient.java:onNext(255)) - client-C954105195FD->270584e6-a4a8-4db5-8151-214655ce1a56: receive RaftClientReply:client-C954105195FD->270584e6-a4a8-4db5-8151-214655ce1a56@group-787F5BA3AA67, cid=2768, SUCCESS, logIndex=4141, commits[270584e6-a4a8-4db5-8151-214655ce1a56:c4141, af078b8b-61ec-497f-9506-472d46a72462:c4137, 09fb9ab4-1b8d-44c0-9f8c-50855c6f1fed:c4137]
2019-08-21 12:28:16,465 | INFO  | DNAudit | user=null | ip=null | op=WRITE_CHUNK {blockData=conID: 3 locID: 102654967562961516 bcsId: 4137} | ret=SUCCESS |  
2019-08-21 12:28:16,466 | INFO  | DNAudit | user=null | ip=null | op=WRITE_CHUNK {blockData=conID: 3 locID: 102654967562961516 bcsId: 4137} | ret=SUCCESS |  
2019-08-21 12:28:16,466 | INFO  | DNAudit | user=null | ip=null | op=PUT_BLOCK {blockData=[blockId=conID: 3 locID: 102654967562961516 bcsId: 0,size=4194304]} | ret=SUCCESS |  
2019-08-21 12:28:16,466 | INFO  | DNAudit | user=null | ip=null | op=PUT_BLOCK {blockData=[blockId=conID: 3 locID: 102654967562961516 bcsId: 0,size=4194304]} | ret=SUCCESS |  
2019-08-21 12:28:16,466 [grpc-default-executor-2] INFO  client.GrpcClientProtocolClient (GrpcClientProtocolClient.java:onNext(255)) - client-C954105195FD->270584e6-a4a8-4db5-8151-214655ce1a56: receive RaftClientReply:client-C954105195FD->270584e6-a4a8-4db5-8151-214655ce1a56@group-787F5BA3AA67, cid=2769, SUCCESS, logIndex=0, commits[270584e6-a4a8-4db5-8151-214655ce1a56:c4142, af078b8b-61ec-497f-9506-472d46a72462:c4141, 09fb9ab4-1b8d-44c0-9f8c-50855c6f1fed:c4141]
2019-08-21 12:28:16,474 | INFO  | SCMAudit | user=jenkins1000 | ip=192.168.34.23 | op=ALLOCATE_BLOCK {owner=b79f83c9-5f7d-4caf-af30-78af34bc5eea, size=4194304, type=RATIS, factor=THREE} | ret=SUCCESS |  
2019-08-21 12:28:16,478 | INFO  | OMAudit | user=jenkins1000 | ip=127.0.0.1 | op=ALLOCATE_BLOCK {volume=vol-0-06517, bucket=bucket-0-64549, key=key-0-34512, dataSize=0, replicationType=null, replicationFactor=null, keyLocationInfo=null, clientID=102654965997830546} | ret=SUCCESS |  
2019-08-21 12:28:16,487 | INFO  | DNAudit | user=null | ip=null | op=WRITE_CHUNK {blockData=conID: 1 locID: 102654967576855149 bcsId: 0} | ret=SUCCESS |  
2019-08-21 12:28:16,491 | INFO  | DNAudit | user=null | ip=null | op=WRITE_CHUNK {blockData=conID: 1 locID: 102654967576855149 bcsId: 0} | ret=SUCCESS |  
2019-08-21 12:28:16,492 | INFO  | DNAudit | user=null | ip=null | op=WRITE_CHUNK {blockData=conID: 1 locID: 102654967576855149 bcsId: 0} | ret=SUCCESS |  
2019-08-21 12:28:16,492 | INFO  | DNAudit | user=null | ip=null | op=WRITE_CHUNK {blockData=conID: 1 locID: 102654967576855149 bcsId: 0} | ret=SUCCESS |  
2019-08-21 12:28:16,494 | INFO  | DNAudit | user=null | ip=null | op=WRITE_CHUNK {blockData=conID: 1 locID: 102654967576855149 bcsId: 0} | ret=SUCCESS |  
2019-08-21 12:28:16,495 | INFO  | DNAudit | user=null | ip=null | op=WRITE_CHUNK {blockData=conID: 1 locID: 102654967576855149 bcsId: 0} | ret=SUCCESS |  
2019-08-21 12:28:16,500 | INFO  | DNAudit | user=null | ip=null | op=WRITE_CHUNK {blockData=conID: 1 locID: 102654967576855149 bcsId: 0} | ret=SUCCESS |  
2019-08-21 12:28:16,501 | INFO  | DNAudit | user=null | ip=null | op=PUT_BLOCK {blockData=[blockId=conID: 1 locID: 102654967576855149 bcsId: 0,size=1048576]} | ret=SUCCESS |  
2019-08-21 12:28:16,501 [grpc-default-executor-4] INFO  client.GrpcClientProtocolClient (GrpcClientProtocolClient.java:onNext(255)) - client-C954105195FD->270584e6-a4a8-4db5-8151-214655ce1a56: receive RaftClientReply:client-C954105195FD->270584e6-a4a8-4db5-8151-214655ce1a56@group-787F5BA3AA67, cid=2770, SUCCESS, logIndex=4144, commits[270584e6-a4a8-4db5-8151-214655ce1a56:c4145, af078b8b-61ec-497f-9506-472d46a72462:c4143, 09fb9ab4-1b8d-44c0-9f8c-50855c6f1fed:c4143]
2019-08-21 12:28:16,502 [grpc-default-executor-4] INFO  client.GrpcClientProtocolClient (GrpcClientProtocolClient.java:onNext(255)) - client-C954105195FD->270584e6-a4a8-4db5-8151-214655ce1a56: receive RaftClientReply:client-C954105195FD->270584e6-a4a8-4db5-8151-214655ce1a56@group-787F5BA3AA67, cid=2771, SUCCESS, logIndex=4145, commits[270584e6-a4a8-4db5-8151-214655ce1a56:c4145, af078b8b-61ec-497f-9506-472d46a72462:c4143, 09fb9ab4-1b8d-44c0-9f8c-50855c6f1fed:c4143]
2019-08-21 12:28:16,510 | INFO  | DNAudit | user=null | ip=null | op=WRITE_CHUNK {blockData=conID: 1 locID: 102654967576855149 bcsId: 0} | ret=SUCCESS |  
2019-08-21 12:28:16,510 | INFO  | DNAudit | user=null | ip=null | op=PUT_BLOCK {blockData=[blockId=conID: 1 locID: 102654967576855149 bcsId: 0,size=2097152]} | ret=SUCCESS |  
2019-08-21 12:28:16,511 [grpc-default-executor-4] INFO  client.GrpcClientProtocolClient (GrpcClientProtocolClient.java:onNext(255)) - client-C954105195FD->270584e6-a4a8-4db5-8151-214655ce1a56: receive RaftClientReply:client-C954105195FD->270584e6-a4a8-4db5-8151-214655ce1a56@group-787F5BA3AA67, cid=2772, SUCCESS, logIndex=4146, commits[270584e6-a4a8-4db5-8151-214655ce1a56:c4147, af078b8b-61ec-497f-9506-472d46a72462:c4143, 09fb9ab4-1b8d-44c0-9f8c-50855c6f1fed:c4143]
2019-08-21 12:28:16,511 | INFO  | DNAudit | user=null | ip=null | op=WRITE_CHUNK {blockData=conID: 1 locID: 102654967576855149 bcsId: 0} | ret=SUCCESS |  
2019-08-21 12:28:16,511 [grpc-default-executor-4] INFO  client.GrpcClientProtocolClient (GrpcClientProtocolClient.java:onNext(255)) - client-C954105195FD->270584e6-a4a8-4db5-8151-214655ce1a56: receive RaftClientReply:client-C954105195FD->270584e6-a4a8-4db5-8151-214655ce1a56@group-787F5BA3AA67, cid=2773, SUCCESS, logIndex=4147, commits[270584e6-a4a8-4db5-8151-214655ce1a56:c4147, af078b8b-61ec-497f-9506-472d46a72462:c4143, 09fb9ab4-1b8d-44c0-9f8c-50855c6f1fed:c4143]
2019-08-21 12:28:16,512 | INFO  | DNAudit | user=null | ip=null | op=PUT_BLOCK {blockData=[blockId=conID: 1 locID: 102654967576855149 bcsId: 0,size=1048576]} | ret=SUCCESS |  
2019-08-21 12:28:16,512 | INFO  | DNAudit | user=null | ip=null | op=WRITE_CHUNK {blockData=conID: 1 locID: 102654967576855149 bcsId: 0} | ret=SUCCESS |  
2019-08-21 12:28:16,513 | INFO  | DNAudit | user=null | ip=null | op=PUT_BLOCK {blockData=[blockId=conID: 1 locID: 102654967576855149 bcsId: 0,size=2097152]} | ret=SUCCESS |  
2019-08-21 12:28:16,514 | INFO  | DNAudit | user=null | ip=null | op=WRITE_CHUNK {blockData=conID: 1 locID: 102654967576855149 bcsId: 0} | ret=SUCCESS |  
2019-08-21 12:28:16,515 | INFO  | DNAudit | user=null | ip=null | op=PUT_BLOCK {blockData=[blockId=conID: 1 locID: 102654967576855149 bcsId: 0,size=1048576]} | ret=SUCCESS |  
2019-08-21 12:28:16,515 | INFO  | DNAudit | user=null | ip=null | op=WRITE_CHUNK {blockData=conID: 1 locID: 102654967576855149 bcsId: 0} | ret=SUCCESS |  
2019-08-21 12:28:16,515 | INFO  | DNAudit | user=null | ip=null | op=PUT_BLOCK {blockData=[blockId=conID: 1 locID: 102654967576855149 bcsId: 0,size=2097152]} | ret=SUCCESS |  
2019-08-21 12:28:16,515 [grpc-default-executor-4] INFO  client.GrpcClientProtocolClient (GrpcClientProtocolClient.java:onNext(255)) - client-C954105195FD->270584e6-a4a8-4db5-8151-214655ce1a56: receive RaftClientReply:client-C954105195FD->270584e6-a4a8-4db5-8151-214655ce1a56@group-787F5BA3AA67, cid=2774, SUCCESS, logIndex=0, commits[270584e6-a4a8-4db5-8151-214655ce1a56:c4150, af078b8b-61ec-497f-9506-472d46a72462:c4145, 09fb9ab4-1b8d-44c0-9f8c-50855c6f1fed:c4147]
2019-08-21 12:28:16,523 | INFO  | DNAudit | user=null | ip=null | op=WRITE_CHUNK {blockData=conID: 1 locID: 102654967576855149 bcsId: 4147} | ret=SUCCESS |  
2019-08-21 12:28:16,527 | INFO  | DNAudit | user=null | ip=null | op=WRITE_CHUNK {blockData=conID: 1 locID: 102654967576855149 bcsId: 4147} | ret=SUCCESS |  
2019-08-21 12:28:16,527 | INFO  | DNAudit | user=null | ip=null | op=WRITE_CHUNK {blockData=conID: 1 locID: 102654967576855149 bcsId: 4147} | ret=SUCCESS |  
2019-08-21 12:28:16,536 | INFO  | DNAudit | user=null | ip=null | op=WRITE_CHUNK {blockData=conID: 1 locID: 102654967576855149 bcsId: 4147} | ret=SUCCESS |  
2019-08-21 12:28:16,537 | INFO  | DNAudit | user=null | ip=null | op=PUT_BLOCK {blockData=[blockId=conID: 1 locID: 102654967576855149 bcsId: 0,size=3145728]} | ret=SUCCESS |  
2019-08-21 12:28:16,537 [grpc-default-executor-2] INFO  client.GrpcClientProtocolClient (GrpcClientProtocolClient.java:onNext(255)) - client-C954105195FD->270584e6-a4a8-4db5-8151-214655ce1a56: receive RaftClientReply:client-C954105195FD->270584e6-a4a8-4db5-8151-214655ce1a56@group-787F5BA3AA67, cid=2775, SUCCESS, logIndex=4151, commits[270584e6-a4a8-4db5-8151-214655ce1a56:c4152, af078b8b-61ec-497f-9506-472d46a72462:c4150, 09fb9ab4-1b8d-44c0-9f8c-50855c6f1fed:c4150]
2019-08-21 12:28:16,538 [grpc-default-executor-2] INFO  client.GrpcClientProtocolClient (GrpcClientProtocolClient.java:onNext(255)) - client-C954105195FD->270584e6-a4a8-4db5-8151-214655ce1a56: receive RaftClientReply:client-C954105195FD->270584e6-a4a8-4db5-8151-214655ce1a56@group-787F5BA3AA67, cid=2776, SUCCESS, logIndex=4152, commits[270584e6-a4a8-4db5-8151-214655ce1a56:c4152, af078b8b-61ec-497f-9506-472d46a72462:c4150, 09fb9ab4-1b8d-44c0-9f8c-50855c6f1fed:c4150]
2019-08-21 12:28:16,546 | INFO  | DNAudit | user=null | ip=null | op=WRITE_CHUNK {blockData=conID: 1 locID: 102654967576855149 bcsId: 4152} | ret=SUCCESS |  
2019-08-21 12:28:16,548 | INFO  | DNAudit | user=null | ip=null | op=WRITE_CHUNK {blockData=conID: 1 locID: 102654967576855149 bcsId: 4152} | ret=SUCCESS |  
2019-08-21 12:28:16,549 | INFO  | DNAudit | user=null | ip=null | op=WRITE_CHUNK {blockData=conID: 1 locID: 102654967576855149 bcsId: 4152} | ret=SUCCESS |  
2019-08-21 12:28:16,549 | INFO  | DNAudit | user=null | ip=null | op=WRITE_CHUNK {blockData=conID: 1 locID: 102654967576855149 bcsId: 4147} | ret=SUCCESS |  
2019-08-21 12:28:16,549 | INFO  | DNAudit | user=null | ip=null | op=WRITE_CHUNK {blockData=conID: 1 locID: 102654967576855149 bcsId: 4147} | ret=SUCCESS |  
2019-08-21 12:28:16,549 | INFO  | DNAudit | user=null | ip=null | op=PUT_BLOCK {blockData=[blockId=conID: 1 locID: 102654967576855149 bcsId: 0,size=3145728]} | ret=SUCCESS |  
2019-08-21 12:28:16,549 | INFO  | DNAudit | user=null | ip=null | op=PUT_BLOCK {blockData=[blockId=conID: 1 locID: 102654967576855149 bcsId: 0,size=3145728]} | ret=SUCCESS |  
2019-08-21 12:28:16,561 | INFO  | DNAudit | user=null | ip=null | op=WRITE_CHUNK {blockData=conID: 1 locID: 102654967576855149 bcsId: 4152} | ret=SUCCESS |  
2019-08-21 12:28:16,562 | INFO  | DNAudit | user=null | ip=null | op=PUT_BLOCK {blockData=[blockId=conID: 1 locID: 102654967576855149 bcsId: 0,size=4194304]} | ret=SUCCESS |  
2019-08-21 12:28:16,562 [grpc-default-executor-5] INFO  client.GrpcClientProtocolClient (GrpcClientProtocolClient.java:onNext(255)) - client-C954105195FD->270584e6-a4a8-4db5-8151-214655ce1a56: receive RaftClientReply:client-C954105195FD->270584e6-a4a8-4db5-8151-214655ce1a56@group-787F5BA3AA67, cid=2777, SUCCESS, logIndex=4155, commits[270584e6-a4a8-4db5-8151-214655ce1a56:c4156, af078b8b-61ec-497f-9506-472d46a72462:c4152, 09fb9ab4-1b8d-44c0-9f8c-50855c6f1fed:c4152]
2019-08-21 12:28:16,563 [grpc-default-executor-5] INFO  client.GrpcClientProtocolClient (GrpcClientProtocolClient.java:onNext(255)) - client-C954105195FD->270584e6-a4a8-4db5-8151-214655ce1a56: receive RaftClientReply:client-C954105195FD->270584e6-a4a8-4db5-8151-214655ce1a56@group-787F5BA3AA67, cid=2778, SUCCESS, logIndex=4156, commits[270584e6-a4a8-4db5-8151-214655ce1a56:c4156, af078b8b-61ec-497f-9506-472d46a72462:c4152, 09fb9ab4-1b8d-44c0-9f8c-50855c6f1fed:c4152]
2019-08-21 12:28:16,582 | INFO  | DNAudit | user=null | ip=null | op=WRITE_CHUNK {blockData=conID: 1 locID: 102654967576855149 bcsId: 4152} | ret=SUCCESS |  
2019-08-21 12:28:16,582 | INFO  | DNAudit | user=null | ip=null | op=WRITE_CHUNK {blockData=conID: 1 locID: 102654967576855149 bcsId: 4152} | ret=SUCCESS |  
2019-08-21 12:28:16,584 | INFO  | DNAudit | user=null | ip=null | op=PUT_BLOCK {blockData=[blockId=conID: 1 locID: 102654967576855149 bcsId: 0,size=4194304]} | ret=SUCCESS |  
2019-08-21 12:28:16,584 | INFO  | DNAudit | user=null | ip=null | op=PUT_BLOCK {blockData=[blockId=conID: 1 locID: 102654967576855149 bcsId: 0,size=4194304]} | ret=SUCCESS |  
2019-08-21 12:28:16,585 [grpc-default-executor-5] INFO  client.GrpcClientProtocolClient (GrpcClientProtocolClient.java:onNext(255)) - client-C954105195FD->270584e6-a4a8-4db5-8151-214655ce1a56: receive RaftClientReply:client-C954105195FD->270584e6-a4a8-4db5-8151-214655ce1a56@group-787F5BA3AA67, cid=2779, SUCCESS, logIndex=0, commits[270584e6-a4a8-4db5-8151-214655ce1a56:c4158, af078b8b-61ec-497f-9506-472d46a72462:c4156, 09fb9ab4-1b8d-44c0-9f8c-50855c6f1fed:c4156]
2019-08-21 12:28:16,591 | INFO  | SCMAudit | user=jenkins1000 | ip=192.168.34.23 | op=ALLOCATE_BLOCK {owner=b79f83c9-5f7d-4caf-af30-78af34bc5eea, size=4194304, type=RATIS, factor=THREE} | ret=SUCCESS |  
2019-08-21 12:28:16,596 | INFO  | OMAudit | user=jenkins1000 | ip=127.0.0.1 | op=ALLOCATE_BLOCK {volume=vol-0-06517, bucket=bucket-0-64549, key=key-0-34512, dataSize=0, replicationType=null, replicationFactor=null, keyLocationInfo=null, clientID=102654965997830546} | ret=SUCCESS |  
2019-08-21 12:28:16,604 | INFO  | DNAudit | user=null | ip=null | op=WRITE_CHUNK {blockData=conID: 2 locID: 102654967584588398 bcsId: 0} | ret=SUCCESS |  
2019-08-21 12:28:16,608 | INFO  | DNAudit | user=null | ip=null | op=WRITE_CHUNK {blockData=conID: 2 locID: 102654967584588398 bcsId: 0} | ret=SUCCESS |  
2019-08-21 12:28:16,609 | INFO  | DNAudit | user=null | ip=null | op=WRITE_CHUNK {blockData=conID: 2 locID: 102654967584588398 bcsId: 0} | ret=SUCCESS |  
2019-08-21 12:28:16,609 | INFO  | DNAudit | user=null | ip=null | op=WRITE_CHUNK {blockData=conID: 2 locID: 102654967584588398 bcsId: 0} | ret=SUCCESS |  
2019-08-21 12:28:16,611 | INFO  | DNAudit | user=null | ip=null | op=WRITE_CHUNK {blockData=conID: 2 locID: 102654967584588398 bcsId: 0} | ret=SUCCESS |  
2019-08-21 12:28:16,612 | INFO  | DNAudit | user=null | ip=null | op=WRITE_CHUNK {blockData=conID: 2 locID: 102654967584588398 bcsId: 0} | ret=SUCCESS |  
2019-08-21 12:28:16,617 | INFO  | DNAudit | user=null | ip=null | op=WRITE_CHUNK {blockData=conID: 2 locID: 102654967584588398 bcsId: 0} | ret=SUCCESS |  
2019-08-21 12:28:16,618 | INFO  | DNAudit | user=null | ip=null | op=PUT_BLOCK {blockData=[blockId=conID: 2 locID: 102654967584588398 bcsId: 0,size=1048576]} | ret=SUCCESS |  
2019-08-21 12:28:16,618 [grpc-default-executor-5] INFO  client.GrpcClientProtocolClient (GrpcClientProtocolClient.java:onNext(255)) - client-C954105195FD->270584e6-a4a8-4db5-8151-214655ce1a56: receive RaftClientReply:client-C954105195FD->270584e6-a4a8-4db5-8151-214655ce1a56@group-787F5BA3AA67, cid=2780, SUCCESS, logIndex=4159, commits[270584e6-a4a8-4db5-8151-214655ce1a56:c4160, af078b8b-61ec-497f-9506-472d46a72462:c4158, 09fb9ab4-1b8d-44c0-9f8c-50855c6f1fed:c4158]
2019-08-21 12:28:16,618 | INFO  | DNAudit | user=null | ip=null | op=WRITE_CHUNK {blockData=conID: 2 locID: 102654967584588398 bcsId: 0} | ret=SUCCESS |  
2019-08-21 12:28:16,619 | INFO  | DNAudit | user=null | ip=null | op=PUT_BLOCK {blockData=[blockId=conID: 2 locID: 102654967584588398 bcsId: 0,size=2097152]} | ret=SUCCESS |  
2019-08-21 12:28:16,619 [grpc-default-executor-5] INFO  client.GrpcClientProtocolClient (GrpcClientProtocolClient.java:onNext(255)) - client-C954105195FD->270584e6-a4a8-4db5-8151-214655ce1a56: receive RaftClientReply:client-C954105195FD->270584e6-a4a8-4db5-8151-214655ce1a56@group-787F5BA3AA67, cid=2781, SUCCESS, logIndex=4160, commits[270584e6-a4a8-4db5-8151-214655ce1a56:c4160, af078b8b-61ec-497f-9506-472d46a72462:c4158, 09fb9ab4-1b8d-44c0-9f8c-50855c6f1fed:c4158]
2019-08-21 12:28:16,619 [grpc-default-executor-5] INFO  client.GrpcClientProtocolClient (GrpcClientProtocolClient.java:onNext(255)) - client-C954105195FD->270584e6-a4a8-4db5-8151-214655ce1a56: receive RaftClientReply:client-C954105195FD->270584e6-a4a8-4db5-8151-214655ce1a56@group-787F5BA3AA67, cid=2782, SUCCESS, logIndex=4161, commits[270584e6-a4a8-4db5-8151-214655ce1a56:c4162, af078b8b-61ec-497f-9506-472d46a72462:c4158, 09fb9ab4-1b8d-44c0-9f8c-50855c6f1fed:c4158]
2019-08-21 12:28:16,619 [grpc-default-executor-5] INFO  client.GrpcClientProtocolClient (GrpcClientProtocolClient.java:onNext(255)) - client-C954105195FD->270584e6-a4a8-4db5-8151-214655ce1a56: receive RaftClientReply:client-C954105195FD->270584e6-a4a8-4db5-8151-214655ce1a56@group-787F5BA3AA67, cid=2783, SUCCESS, logIndex=4162, commits[270584e6-a4a8-4db5-8151-214655ce1a56:c4162, af078b8b-61ec-497f-9506-472d46a72462:c4158, 09fb9ab4-1b8d-44c0-9f8c-50855c6f1fed:c4158]
2019-08-21 12:28:16,631 | INFO  | DNAudit | user=null | ip=null | op=WRITE_CHUNK {blockData=conID: 2 locID: 102654967584588398 bcsId: 0} | ret=SUCCESS |  
2019-08-21 12:28:16,631 | INFO  | DNAudit | user=null | ip=null | op=PUT_BLOCK {blockData=[blockId=conID: 2 locID: 102654967584588398 bcsId: 0,size=1048576]} | ret=SUCCESS |  
2019-08-21 12:28:16,631 | INFO  | DNAudit | user=null | ip=null | op=WRITE_CHUNK {blockData=conID: 2 locID: 102654967584588398 bcsId: 0} | ret=SUCCESS |  
2019-08-21 12:28:16,632 | INFO  | DNAudit | user=null | ip=null | op=PUT_BLOCK {blockData=[blockId=conID: 2 locID: 102654967584588398 bcsId: 0,size=1048576]} | ret=SUCCESS |  
2019-08-21 12:28:16,632 | INFO  | DNAudit | user=null | ip=null | op=WRITE_CHUNK {blockData=conID: 2 locID: 102654967584588398 bcsId: 0} | ret=SUCCESS |  
2019-08-21 12:28:16,632 | INFO  | DNAudit | user=null | ip=null | op=PUT_BLOCK {blockData=[blockId=conID: 2 locID: 102654967584588398 bcsId: 0,size=2097152]} | ret=SUCCESS |  
2019-08-21 12:28:16,632 | INFO  | DNAudit | user=null | ip=null | op=WRITE_CHUNK {blockData=conID: 2 locID: 102654967584588398 bcsId: 0} | ret=SUCCESS |  
2019-08-21 12:28:16,632 [grpc-default-executor-5] INFO  client.GrpcClientProtocolClient (GrpcClientProtocolClient.java:onNext(255)) - client-C954105195FD->270584e6-a4a8-4db5-8151-214655ce1a56: receive RaftClientReply:client-C954105195FD->270584e6-a4a8-4db5-8151-214655ce1a56@group-787F5BA3AA67, cid=2784, SUCCESS, logIndex=0, commits[270584e6-a4a8-4db5-8151-214655ce1a56:c4164, af078b8b-61ec-497f-9506-472d46a72462:c4160, 09fb9ab4-1b8d-44c0-9f8c-50855c6f1fed:c4160]
2019-08-21 12:28:16,632 | INFO  | DNAudit | user=null | ip=null | op=PUT_BLOCK {blockData=[blockId=conID: 2 locID: 102654967584588398 bcsId: 0,size=2097152]} | ret=SUCCESS |  
2019-08-21 12:28:16,640 | INFO  | DNAudit | user=null | ip=null | op=WRITE_CHUNK {blockData=conID: 2 locID: 102654967584588398 bcsId: 4162} | ret=SUCCESS |  
2019-08-21 12:28:16,642 | INFO  | DNAudit | user=null | ip=null | op=WRITE_CHUNK {blockData=conID: 2 locID: 102654967584588398 bcsId: 4162} | ret=SUCCESS |  
2019-08-21 12:28:16,642 | INFO  | DNAudit | user=null | ip=null | op=WRITE_CHUNK {blockData=conID: 2 locID: 102654967584588398 bcsId: 4162} | ret=SUCCESS |  
2019-08-21 12:28:16,653 | INFO  | DNAudit | user=null | ip=null | op=WRITE_CHUNK {blockData=conID: 2 locID: 102654967584588398 bcsId: 4162} | ret=SUCCESS |  
2019-08-21 12:28:16,654 | INFO  | DNAudit | user=null | ip=null | op=PUT_BLOCK {blockData=[blockId=conID: 2 locID: 102654967584588398 bcsId: 0,size=3145728]} | ret=SUCCESS |  
2019-08-21 12:28:16,654 [grpc-default-executor-2] INFO  client.GrpcClientProtocolClient (GrpcClientProtocolClient.java:onNext(255)) - client-C954105195FD->270584e6-a4a8-4db5-8151-214655ce1a56: receive RaftClientReply:client-C954105195FD->270584e6-a4a8-4db5-8151-214655ce1a56@group-787F5BA3AA67, cid=2785, SUCCESS, logIndex=4167, commits[270584e6-a4a8-4db5-8151-214655ce1a56:c4168, af078b8b-61ec-497f-9506-472d46a72462:c4166, 09fb9ab4-1b8d-44c0-9f8c-50855c6f1fed:c4166]
2019-08-21 12:28:16,654 [grpc-default-executor-2] INFO  client.GrpcClientProtocolClient (GrpcClientProtocolClient.java:onNext(255)) - client-C954105195FD->270584e6-a4a8-4db5-8151-214655ce1a56: receive RaftClientReply:client-C954105195FD->270584e6-a4a8-4db5-8151-214655ce1a56@group-787F5BA3AA67, cid=2786, SUCCESS, logIndex=4168, commits[270584e6-a4a8-4db5-8151-214655ce1a56:c4168, af078b8b-61ec-497f-9506-472d46a72462:c4166, 09fb9ab4-1b8d-44c0-9f8c-50855c6f1fed:c4166]
2019-08-21 12:28:16,661 | INFO  | DNAudit | user=null | ip=null | op=WRITE_CHUNK {blockData=conID: 2 locID: 102654967584588398 bcsId: 4168} | ret=SUCCESS |  
2019-08-21 12:28:16,664 | INFO  | DNAudit | user=null | ip=null | op=WRITE_CHUNK {blockData=conID: 2 locID: 102654967584588398 bcsId: 4168} | ret=SUCCESS |  
2019-08-21 12:28:16,664 | INFO  | DNAudit | user=null | ip=null | op=WRITE_CHUNK {blockData=conID: 2 locID: 102654967584588398 bcsId: 4168} | ret=SUCCESS |  
2019-08-21 12:28:16,665 | INFO  | DNAudit | user=null | ip=null | op=WRITE_CHUNK {blockData=conID: 2 locID: 102654967584588398 bcsId: 4162} | ret=SUCCESS |  
2019-08-21 12:28:16,665 | INFO  | DNAudit | user=null | ip=null | op=WRITE_CHUNK {blockData=conID: 2 locID: 102654967584588398 bcsId: 4162} | ret=SUCCESS |  
2019-08-21 12:28:16,665 | INFO  | DNAudit | user=null | ip=null | op=PUT_BLOCK {blockData=[blockId=conID: 2 locID: 102654967584588398 bcsId: 0,size=3145728]} | ret=SUCCESS |  
2019-08-21 12:28:16,665 | INFO  | DNAudit | user=null | ip=null | op=PUT_BLOCK {blockData=[blockId=conID: 2 locID: 102654967584588398 bcsId: 0,size=3145728]} | ret=SUCCESS |  
2019-08-21 12:28:16,668 | INFO  | DNAudit | user=null | ip=null | op=WRITE_CHUNK {blockData=conID: 2 locID: 102654967584588398 bcsId: 4168} | ret=SUCCESS |  
2019-08-21 12:28:16,668 | INFO  | DNAudit | user=null | ip=null | op=PUT_BLOCK {blockData=[blockId=conID: 2 locID: 102654967584588398 bcsId: 0,size=4194304]} | ret=SUCCESS |  
2019-08-21 12:28:16,668 [grpc-default-executor-4] INFO  client.GrpcClientProtocolClient (GrpcClientProtocolClient.java:onNext(255)) - client-C954105195FD->270584e6-a4a8-4db5-8151-214655ce1a56: receive RaftClientReply:client-C954105195FD->270584e6-a4a8-4db5-8151-214655ce1a56@group-787F5BA3AA67, cid=2787, SUCCESS, logIndex=4171, commits[270584e6-a4a8-4db5-8151-214655ce1a56:c4172, af078b8b-61ec-497f-9506-472d46a72462:c4168, 09fb9ab4-1b8d-44c0-9f8c-50855c6f1fed:c4168]
2019-08-21 12:28:16,669 [grpc-default-executor-4] INFO  client.GrpcClientProtocolClient (GrpcClientProtocolClient.java:onNext(255)) - client-C954105195FD->270584e6-a4a8-4db5-8151-214655ce1a56: receive RaftClientReply:client-C954105195FD->270584e6-a4a8-4db5-8151-214655ce1a56@group-787F5BA3AA67, cid=2788, SUCCESS, logIndex=4172, commits[270584e6-a4a8-4db5-8151-214655ce1a56:c4172, af078b8b-61ec-497f-9506-472d46a72462:c4168, 09fb9ab4-1b8d-44c0-9f8c-50855c6f1fed:c4168]
2019-08-21 12:28:16,679 | INFO  | DNAudit | user=null | ip=null | op=WRITE_CHUNK {blockData=conID: 2 locID: 102654967584588398 bcsId: 4168} | ret=SUCCESS |  
2019-08-21 12:28:16,679 | INFO  | DNAudit | user=null | ip=null | op=WRITE_CHUNK {blockData=conID: 2 locID: 102654967584588398 bcsId: 4168} | ret=SUCCESS |  
2019-08-21 12:28:16,680 | INFO  | DNAudit | user=null | ip=null | op=PUT_BLOCK {blockData=[blockId=conID: 2 locID: 102654967584588398 bcsId: 0,size=4194304]} | ret=SUCCESS |  
2019-08-21 12:28:16,680 | INFO  | DNAudit | user=null | ip=null | op=PUT_BLOCK {blockData=[blockId=conID: 2 locID: 102654967584588398 bcsId: 0,size=4194304]} | ret=SUCCESS |  
2019-08-21 12:28:16,681 [grpc-default-executor-5] INFO  client.GrpcClientProtocolClient (GrpcClientProtocolClient.java:onNext(255)) - client-C954105195FD->270584e6-a4a8-4db5-8151-214655ce1a56: receive RaftClientReply:client-C954105195FD->270584e6-a4a8-4db5-8151-214655ce1a56@group-787F5BA3AA67, cid=2789, SUCCESS, logIndex=0, commits[270584e6-a4a8-4db5-8151-214655ce1a56:c4174, af078b8b-61ec-497f-9506-472d46a72462:c4172, 09fb9ab4-1b8d-44c0-9f8c-50855c6f1fed:c4172]
2019-08-21 12:28:16,687 | INFO  | SCMAudit | user=jenkins1000 | ip=192.168.34.23 | op=ALLOCATE_BLOCK {owner=b79f83c9-5f7d-4caf-af30-78af34bc5eea, size=4194304, type=RATIS, factor=THREE} | ret=SUCCESS |  
2019-08-21 12:28:16,691 | INFO  | OMAudit | user=jenkins1000 | ip=127.0.0.1 | op=ALLOCATE_BLOCK {volume=vol-0-06517, bucket=bucket-0-64549, key=key-0-34512, dataSize=0, replicationType=null, replicationFactor=null, keyLocationInfo=null, clientID=102654965997830546} | ret=SUCCESS |  
2019-08-21 12:28:16,698 | INFO  | DNAudit | user=null | ip=null | op=WRITE_CHUNK {blockData=conID: 3 locID: 102654967590879855 bcsId: 0} | ret=SUCCESS |  
2019-08-21 12:28:16,701 | INFO  | DNAudit | user=null | ip=null | op=WRITE_CHUNK {blockData=conID: 3 locID: 102654967590879855 bcsId: 0} | ret=SUCCESS |  
2019-08-21 12:28:16,701 | INFO  | DNAudit | user=null | ip=null | op=WRITE_CHUNK {blockData=conID: 3 locID: 102654967590879855 bcsId: 0} | ret=SUCCESS |  
2019-08-21 12:28:16,702 | INFO  | DNAudit | user=null | ip=null | op=WRITE_CHUNK {blockData=conID: 3 locID: 102654967590879855 bcsId: 0} | ret=SUCCESS |  
2019-08-21 12:28:16,703 | INFO  | DNAudit | user=null | ip=null | op=WRITE_CHUNK {blockData=conID: 3 locID: 102654967590879855 bcsId: 0} | ret=SUCCESS |  
2019-08-21 12:28:16,703 | INFO  | DNAudit | user=null | ip=null | op=WRITE_CHUNK {blockData=conID: 3 locID: 102654967590879855 bcsId: 0} | ret=SUCCESS |  
2019-08-21 12:28:16,711 | INFO  | DNAudit | user=null | ip=null | op=WRITE_CHUNK {blockData=conID: 3 locID: 102654967590879855 bcsId: 0} | ret=SUCCESS |  
2019-08-21 12:28:16,711 | INFO  | DNAudit | user=null | ip=null | op=PUT_BLOCK {blockData=[blockId=conID: 3 locID: 102654967590879855 bcsId: 0,size=1048576]} | ret=SUCCESS |  
2019-08-21 12:28:16,711 [grpc-default-executor-4] INFO  client.GrpcClientProtocolClient (GrpcClientProtocolClient.java:onNext(255)) - client-C954105195FD->270584e6-a4a8-4db5-8151-214655ce1a56: receive RaftClientReply:client-C954105195FD->270584e6-a4a8-4db5-8151-214655ce1a56@group-787F5BA3AA67, cid=2790, SUCCESS, logIndex=4175, commits[270584e6-a4a8-4db5-8151-214655ce1a56:c4177, af078b8b-61ec-497f-9506-472d46a72462:c4174, 09fb9ab4-1b8d-44c0-9f8c-50855c6f1fed:c4174]
2019-08-21 12:28:16,712 | INFO  | DNAudit | user=null | ip=null | op=WRITE_CHUNK {blockData=conID: 3 locID: 102654967590879855 bcsId: 0} | ret=SUCCESS |  
2019-08-21 12:28:16,712 | INFO  | DNAudit | user=null | ip=null | op=WRITE_CHUNK {blockData=conID: 3 locID: 102654967590879855 bcsId: 0} | ret=SUCCESS |  
2019-08-21 12:28:16,712 [grpc-default-executor-4] INFO  client.GrpcClientProtocolClient (GrpcClientProtocolClient.java:onNext(255)) - client-C954105195FD->270584e6-a4a8-4db5-8151-214655ce1a56: receive RaftClientReply:client-C954105195FD->270584e6-a4a8-4db5-8151-214655ce1a56@group-787F5BA3AA67, cid=2791, SUCCESS, logIndex=4176, commits[270584e6-a4a8-4db5-8151-214655ce1a56:c4178, af078b8b-61ec-497f-9506-472d46a72462:c4174, 09fb9ab4-1b8d-44c0-9f8c-50855c6f1fed:c4174]
2019-08-21 12:28:16,712 | INFO  | DNAudit | user=null | ip=null | op=PUT_BLOCK {blockData=[blockId=conID: 3 locID: 102654967590879855 bcsId: 0,size=2097152]} | ret=SUCCESS |  
2019-08-21 12:28:16,713 [grpc-default-executor-4] INFO  client.GrpcClientProtocolClient (GrpcClientProtocolClient.java:onNext(255)) - client-C954105195FD->270584e6-a4a8-4db5-8151-214655ce1a56: receive RaftClientReply:client-C954105195FD->270584e6-a4a8-4db5-8151-214655ce1a56@group-787F5BA3AA67, cid=2792, SUCCESS, logIndex=4177, commits[270584e6-a4a8-4db5-8151-214655ce1a56:c4179, af078b8b-61ec-497f-9506-472d46a72462:c4174, 09fb9ab4-1b8d-44c0-9f8c-50855c6f1fed:c4175]
2019-08-21 12:28:16,713 [grpc-default-executor-4] INFO  client.GrpcClientProtocolClient (GrpcClientProtocolClient.java:onNext(255)) - client-C954105195FD->270584e6-a4a8-4db5-8151-214655ce1a56: receive RaftClientReply:client-C954105195FD->270584e6-a4a8-4db5-8151-214655ce1a56@group-787F5BA3AA67, cid=2793, SUCCESS, logIndex=4178, commits[270584e6-a4a8-4db5-8151-214655ce1a56:c4179, af078b8b-61ec-497f-9506-472d46a72462:c4174, 09fb9ab4-1b8d-44c0-9f8c-50855c6f1fed:c4175]
2019-08-21 12:28:16,714 | INFO  | DNAudit | user=null | ip=null | op=WRITE_CHUNK {blockData=conID: 3 locID: 102654967590879855 bcsId: 0} | ret=SUCCESS |  
2019-08-21 12:28:16,714 | INFO  | DNAudit | user=null | ip=null | op=PUT_BLOCK {blockData=[blockId=conID: 3 locID: 102654967590879855 bcsId: 0,size=1048576]} | ret=SUCCESS |  
2019-08-21 12:28:16,725 | INFO  | DNAudit | user=null | ip=null | op=PUT_BLOCK {blockData=[blockId=conID: 3 locID: 102654967590879855 bcsId: 0,size=1048576]} | ret=SUCCESS |  
2019-08-21 12:28:16,725 | INFO  | DNAudit | user=null | ip=null | op=WRITE_CHUNK {blockData=conID: 3 locID: 102654967590879855 bcsId: 0} | ret=SUCCESS |  
2019-08-21 12:28:16,726 | INFO  | DNAudit | user=null | ip=null | op=PUT_BLOCK {blockData=[blockId=conID: 3 locID: 102654967590879855 bcsId: 0,size=2097152]} | ret=SUCCESS |  
2019-08-21 12:28:16,726 [grpc-default-executor-4] INFO  client.GrpcClientProtocolClient (GrpcClientProtocolClient.java:onNext(255)) - client-C954105195FD->270584e6-a4a8-4db5-8151-214655ce1a56: receive RaftClientReply:client-C954105195FD->270584e6-a4a8-4db5-8151-214655ce1a56@group-787F5BA3AA67, cid=2794, SUCCESS, logIndex=0, commits[270584e6-a4a8-4db5-8151-214655ce1a56:c4180, af078b8b-61ec-497f-9506-472d46a72462:c4176, 09fb9ab4-1b8d-44c0-9f8c-50855c6f1fed:c4176]
2019-08-21 12:28:16,727 | INFO  | DNAudit | user=null | ip=null | op=WRITE_CHUNK {blockData=conID: 3 locID: 102654967590879855 bcsId: 0} | ret=SUCCESS |  
2019-08-21 12:28:16,727 | INFO  | DNAudit | user=null | ip=null | op=PUT_BLOCK {blockData=[blockId=conID: 3 locID: 102654967590879855 bcsId: 0,size=2097152]} | ret=SUCCESS |  
2019-08-21 12:28:16,731 | INFO  | DNAudit | user=null | ip=null | op=WRITE_CHUNK {blockData=conID: 3 locID: 102654967590879855 bcsId: 4178} | ret=SUCCESS |  
2019-08-21 12:28:16,734 | INFO  | DNAudit | user=null | ip=null | op=WRITE_CHUNK {blockData=conID: 3 locID: 102654967590879855 bcsId: 4178} | ret=SUCCESS |  
2019-08-21 12:28:16,734 | INFO  | DNAudit | user=null | ip=null | op=WRITE_CHUNK {blockData=conID: 3 locID: 102654967590879855 bcsId: 4178} | ret=SUCCESS |  
2019-08-21 12:28:16,744 | INFO  | DNAudit | user=null | ip=null | op=WRITE_CHUNK {blockData=conID: 3 locID: 102654967590879855 bcsId: 4178} | ret=SUCCESS |  
2019-08-21 12:28:16,744 | INFO  | DNAudit | user=null | ip=null | op=PUT_BLOCK {blockData=[blockId=conID: 3 locID: 102654967590879855 bcsId: 0,size=3145728]} | ret=SUCCESS |  
2019-08-21 12:28:16,744 [grpc-default-executor-4] INFO  client.GrpcClientProtocolClient (GrpcClientProtocolClient.java:onNext(255)) - client-C954105195FD->270584e6-a4a8-4db5-8151-214655ce1a56: receive RaftClientReply:client-C954105195FD->270584e6-a4a8-4db5-8151-214655ce1a56@group-787F5BA3AA67, cid=2795, SUCCESS, logIndex=4183, commits[270584e6-a4a8-4db5-8151-214655ce1a56:c4184, af078b8b-61ec-497f-9506-472d46a72462:c4182, 09fb9ab4-1b8d-44c0-9f8c-50855c6f1fed:c4182]
2019-08-21 12:28:16,745 [grpc-default-executor-4] INFO  client.GrpcClientProtocolClient (GrpcClientProtocolClient.java:onNext(255)) - client-C954105195FD->270584e6-a4a8-4db5-8151-214655ce1a56: receive RaftClientReply:client-C954105195FD->270584e6-a4a8-4db5-8151-214655ce1a56@group-787F5BA3AA67, cid=2796, SUCCESS, logIndex=4184, commits[270584e6-a4a8-4db5-8151-214655ce1a56:c4184, af078b8b-61ec-497f-9506-472d46a72462:c4182, 09fb9ab4-1b8d-44c0-9f8c-50855c6f1fed:c4182]
2019-08-21 12:28:16,751 | INFO  | DNAudit | user=null | ip=null | op=WRITE_CHUNK {blockData=conID: 3 locID: 102654967590879855 bcsId: 4184} | ret=SUCCESS |  
2019-08-21 12:28:16,753 | INFO  | DNAudit | user=null | ip=null | op=WRITE_CHUNK {blockData=conID: 3 locID: 102654967590879855 bcsId: 4184} | ret=SUCCESS |  
2019-08-21 12:28:16,753 | INFO  | DNAudit | user=null | ip=null | op=WRITE_CHUNK {blockData=conID: 3 locID: 102654967590879855 bcsId: 4184} | ret=SUCCESS |  
2019-08-21 12:28:16,757 | INFO  | DNAudit | user=null | ip=null | op=WRITE_CHUNK {blockData=conID: 3 locID: 102654967590879855 bcsId: 4178} | ret=SUCCESS |  
2019-08-21 12:28:16,757 | INFO  | DNAudit | user=null | ip=null | op=WRITE_CHUNK {blockData=conID: 3 locID: 102654967590879855 bcsId: 4178} | ret=SUCCESS |  
2019-08-21 12:28:16,768 | INFO  | DNAudit | user=null | ip=null | op=PUT_BLOCK {blockData=[blockId=conID: 3 locID: 102654967590879855 bcsId: 0,size=3145728]} | ret=SUCCESS |  
2019-08-21 12:28:16,768 | INFO  | DNAudit | user=null | ip=null | op=PUT_BLOCK {blockData=[blockId=conID: 3 locID: 102654967590879855 bcsId: 0,size=3145728]} | ret=SUCCESS |  
2019-08-21 12:28:16,769 | INFO  | DNAudit | user=null | ip=null | op=WRITE_CHUNK {blockData=conID: 3 locID: 102654967590879855 bcsId: 4184} | ret=SUCCESS |  
2019-08-21 12:28:16,769 | INFO  | DNAudit | user=null | ip=null | op=PUT_BLOCK {blockData=[blockId=conID: 3 locID: 102654967590879855 bcsId: 0,size=4194304]} | ret=SUCCESS |  
2019-08-21 12:28:16,770 [grpc-default-executor-5] INFO  client.GrpcClientProtocolClient (GrpcClientProtocolClient.java:onNext(255)) - client-C954105195FD->270584e6-a4a8-4db5-8151-214655ce1a56: receive RaftClientReply:client-C954105195FD->270584e6-a4a8-4db5-8151-214655ce1a56@group-787F5BA3AA67, cid=2797, SUCCESS, logIndex=4187, commits[270584e6-a4a8-4db5-8151-214655ce1a56:c4188, af078b8b-61ec-497f-9506-472d46a72462:c4184, 09fb9ab4-1b8d-44c0-9f8c-50855c6f1fed:c4184]
2019-08-21 12:28:16,770 [grpc-default-executor-5] INFO  client.GrpcClientProtocolClient (GrpcClientProtocolClient.java:onNext(255)) - client-C954105195FD->270584e6-a4a8-4db5-8151-214655ce1a56: receive RaftClientReply:client-C954105195FD->270584e6-a4a8-4db5-8151-214655ce1a56@group-787F5BA3AA67, cid=2798, SUCCESS, logIndex=4188, commits[270584e6-a4a8-4db5-8151-214655ce1a56:c4188, af078b8b-61ec-497f-9506-472d46a72462:c4184, 09fb9ab4-1b8d-44c0-9f8c-50855c6f1fed:c4184]
2019-08-21 12:28:16,771 | INFO  | DNAudit | user=null | ip=null | op=WRITE_CHUNK {blockData=conID: 3 locID: 102654967590879855 bcsId: 4184} | ret=SUCCESS |  
2019-08-21 12:28:16,771 | INFO  | DNAudit | user=null | ip=null | op=WRITE_CHUNK {blockData=conID: 3 locID: 102654967590879855 bcsId: 4184} | ret=SUCCESS |  
2019-08-21 12:28:16,771 | INFO  | DNAudit | user=null | ip=null | op=PUT_BLOCK {blockData=[blockId=conID: 3 locID: 102654967590879855 bcsId: 0,size=4194304]} | ret=SUCCESS |  
2019-08-21 12:28:16,771 | INFO  | DNAudit | user=null | ip=null | op=PUT_BLOCK {blockData=[blockId=conID: 3 locID: 102654967590879855 bcsId: 0,size=4194304]} | ret=SUCCESS |  
2019-08-21 12:28:16,771 [grpc-default-executor-5] INFO  client.GrpcClientProtocolClient (GrpcClientProtocolClient.java:onNext(255)) - client-C954105195FD->270584e6-a4a8-4db5-8151-214655ce1a56: receive RaftClientReply:client-C954105195FD->270584e6-a4a8-4db5-8151-214655ce1a56@group-787F5BA3AA67, cid=2799, SUCCESS, logIndex=0, commits[270584e6-a4a8-4db5-8151-214655ce1a56:c4189, af078b8b-61ec-497f-9506-472d46a72462:c4188, 09fb9ab4-1b8d-44c0-9f8c-50855c6f1fed:c4188]
2019-08-21 12:28:16,777 | INFO  | SCMAudit | user=jenkins1000 | ip=192.168.34.23 | op=ALLOCATE_BLOCK {owner=b79f83c9-5f7d-4caf-af30-78af34bc5eea, size=4194304, type=RATIS, factor=THREE} | ret=SUCCESS |  
2019-08-21 12:28:16,782 | INFO  | OMAudit | user=jenkins1000 | ip=127.0.0.1 | op=ALLOCATE_BLOCK {volume=vol-0-06517, bucket=bucket-0-64549, key=key-0-34512, dataSize=0, replicationType=null, replicationFactor=null, keyLocationInfo=null, clientID=102654965997830546} | ret=SUCCESS |  
2019-08-21 12:28:16,788 | INFO  | DNAudit | user=null | ip=null | op=WRITE_CHUNK {blockData=conID: 1 locID: 102654967596778096 bcsId: 0} | ret=SUCCESS |  
2019-08-21 12:28:16,791 | INFO  | DNAudit | user=null | ip=null | op=WRITE_CHUNK {blockData=conID: 1 locID: 102654967596778096 bcsId: 0} | ret=SUCCESS |  
2019-08-21 12:28:16,792 | INFO  | DNAudit | user=null | ip=null | op=WRITE_CHUNK {blockData=conID: 1 locID: 102654967596778096 bcsId: 0} | ret=SUCCESS |  
2019-08-21 12:28:16,792 | INFO  | DNAudit | user=null | ip=null | op=WRITE_CHUNK {blockData=conID: 1 locID: 102654967596778096 bcsId: 0} | ret=SUCCESS |  
2019-08-21 12:28:16,793 | INFO  | DNAudit | user=null | ip=null | op=WRITE_CHUNK {blockData=conID: 1 locID: 102654967596778096 bcsId: 0} | ret=SUCCESS |  
2019-08-21 12:28:16,793 | INFO  | DNAudit | user=null | ip=null | op=WRITE_CHUNK {blockData=conID: 1 locID: 102654967596778096 bcsId: 0} | ret=SUCCESS |  
2019-08-21 12:28:16,808 | INFO  | DNAudit | user=null | ip=null | op=WRITE_CHUNK {blockData=conID: 1 locID: 102654967596778096 bcsId: 0} | ret=SUCCESS |  
2019-08-21 12:28:16,808 | INFO  | DNAudit | user=null | ip=null | op=PUT_BLOCK {blockData=[blockId=conID: 1 locID: 102654967596778096 bcsId: 0,size=1048576]} | ret=SUCCESS |  
2019-08-21 12:28:16,809 | INFO  | DNAudit | user=null | ip=null | op=WRITE_CHUNK {blockData=conID: 1 locID: 102654967596778096 bcsId: 0} | ret=SUCCESS |  
2019-08-21 12:28:16,809 [grpc-default-executor-5] INFO  client.GrpcClientProtocolClient (GrpcClientProtocolClient.java:onNext(255)) - client-C954105195FD->270584e6-a4a8-4db5-8151-214655ce1a56: receive RaftClientReply:client-C954105195FD->270584e6-a4a8-4db5-8151-214655ce1a56@group-787F5BA3AA67, cid=2800, SUCCESS, logIndex=4191, commits[270584e6-a4a8-4db5-8151-214655ce1a56:c4192, af078b8b-61ec-497f-9506-472d46a72462:c4190, 09fb9ab4-1b8d-44c0-9f8c-50855c6f1fed:c4190]
2019-08-21 12:28:16,809 | INFO  | DNAudit | user=null | ip=null | op=PUT_BLOCK {blockData=[blockId=conID: 1 locID: 102654967596778096 bcsId: 0,size=2097152]} | ret=SUCCESS |  
2019-08-21 12:28:16,809 [grpc-default-executor-5] INFO  client.GrpcClientProtocolClient (GrpcClientProtocolClient.java:onNext(255)) - client-C954105195FD->270584e6-a4a8-4db5-8151-214655ce1a56: receive RaftClientReply:client-C954105195FD->270584e6-a4a8-4db5-8151-214655ce1a56@group-787F5BA3AA67, cid=2801, SUCCESS, logIndex=4192, commits[270584e6-a4a8-4db5-8151-214655ce1a56:c4194, af078b8b-61ec-497f-9506-472d46a72462:c4190, 09fb9ab4-1b8d-44c0-9f8c-50855c6f1fed:c4190]
2019-08-21 12:28:16,810 [grpc-default-executor-5] INFO  client.GrpcClientProtocolClient (GrpcClientProtocolClient.java:onNext(255)) - client-C954105195FD->270584e6-a4a8-4db5-8151-214655ce1a56: receive RaftClientReply:client-C954105195FD->270584e6-a4a8-4db5-8151-214655ce1a56@group-787F5BA3AA67, cid=2802, SUCCESS, logIndex=4193, commits[270584e6-a4a8-4db5-8151-214655ce1a56:c4194, af078b8b-61ec-497f-9506-472d46a72462:c4190, 09fb9ab4-1b8d-44c0-9f8c-50855c6f1fed:c4190]
2019-08-21 12:28:16,810 [grpc-default-executor-5] INFO  client.GrpcClientProtocolClient (GrpcClientProtocolClient.java:onNext(255)) - client-C954105195FD->270584e6-a4a8-4db5-8151-214655ce1a56: receive RaftClientReply:client-C954105195FD->270584e6-a4a8-4db5-8151-214655ce1a56@group-787F5BA3AA67, cid=2803, SUCCESS, logIndex=4194, commits[270584e6-a4a8-4db5-8151-214655ce1a56:c4194, af078b8b-61ec-497f-9506-472d46a72462:c4190, 09fb9ab4-1b8d-44c0-9f8c-50855c6f1fed:c4190]
2019-08-21 12:28:16,820 | INFO  | DNAudit | user=null | ip=null | op=WRITE_CHUNK {blockData=conID: 1 locID: 102654967596778096 bcsId: 0} | ret=SUCCESS |  
2019-08-21 12:28:16,820 | INFO  | DNAudit | user=null | ip=null | op=WRITE_CHUNK {blockData=conID: 1 locID: 102654967596778096 bcsId: 0} | ret=SUCCESS |  
2019-08-21 12:28:16,820 | INFO  | DNAudit | user=null | ip=null | op=PUT_BLOCK {blockData=[blockId=conID: 1 locID: 102654967596778096 bcsId: 0,size=1048576]} | ret=SUCCESS |  
2019-08-21 12:28:16,823 | INFO  | DNAudit | user=null | ip=null | op=PUT_BLOCK {blockData=[blockId=conID: 1 locID: 102654967596778096 bcsId: 0,size=1048576]} | ret=SUCCESS |  
2019-08-21 12:28:16,823 | INFO  | DNAudit | user=null | ip=null | op=WRITE_CHUNK {blockData=conID: 1 locID: 102654967596778096 bcsId: 0} | ret=SUCCESS |  
2019-08-21 12:28:16,823 | INFO  | DNAudit | user=null | ip=null | op=PUT_BLOCK {blockData=[blockId=conID: 1 locID: 102654967596778096 bcsId: 0,size=2097152]} | ret=SUCCESS |  
2019-08-21 12:28:16,823 | INFO  | DNAudit | user=null | ip=null | op=WRITE_CHUNK {blockData=conID: 1 locID: 102654967596778096 bcsId: 0} | ret=SUCCESS |  
2019-08-21 12:28:16,823 | INFO  | DNAudit | user=null | ip=null | op=PUT_BLOCK {blockData=[blockId=conID: 1 locID: 102654967596778096 bcsId: 0,size=2097152]} | ret=SUCCESS |  
2019-08-21 12:28:16,823 [grpc-default-executor-5] INFO  client.GrpcClientProtocolClient (GrpcClientProtocolClient.java:onNext(255)) - client-C954105195FD->270584e6-a4a8-4db5-8151-214655ce1a56: receive RaftClientReply:client-C954105195FD->270584e6-a4a8-4db5-8151-214655ce1a56@group-787F5BA3AA67, cid=2804, SUCCESS, logIndex=0, commits[270584e6-a4a8-4db5-8151-214655ce1a56:c4197, af078b8b-61ec-497f-9506-472d46a72462:c4192, 09fb9ab4-1b8d-44c0-9f8c-50855c6f1fed:c4193]
2019-08-21 12:28:16,830 | INFO  | DNAudit | user=null | ip=null | op=WRITE_CHUNK {blockData=conID: 1 locID: 102654967596778096 bcsId: 4194} | ret=SUCCESS |  
2019-08-21 12:28:16,832 | INFO  | DNAudit | user=null | ip=null | op=WRITE_CHUNK {blockData=conID: 1 locID: 102654967596778096 bcsId: 4194} | ret=SUCCESS |  
2019-08-21 12:28:16,832 | INFO  | DNAudit | user=null | ip=null | op=WRITE_CHUNK {blockData=conID: 1 locID: 102654967596778096 bcsId: 4194} | ret=SUCCESS |  
2019-08-21 12:28:16,839 | INFO  | DNAudit | user=null | ip=null | op=WRITE_CHUNK {blockData=conID: 1 locID: 102654967596778096 bcsId: 4194} | ret=SUCCESS |  
2019-08-21 12:28:16,839 | INFO  | DNAudit | user=null | ip=null | op=PUT_BLOCK {blockData=[blockId=conID: 1 locID: 102654967596778096 bcsId: 0,size=3145728]} | ret=SUCCESS |  
2019-08-21 12:28:16,839 [grpc-default-executor-5] INFO  client.GrpcClientProtocolClient (GrpcClientProtocolClient.java:onNext(255)) - client-C954105195FD->270584e6-a4a8-4db5-8151-214655ce1a56: receive RaftClientReply:client-C954105195FD->270584e6-a4a8-4db5-8151-214655ce1a56@group-787F5BA3AA67, cid=2805, SUCCESS, logIndex=4199, commits[270584e6-a4a8-4db5-8151-214655ce1a56:c4200, af078b8b-61ec-497f-9506-472d46a72462:c4198, 09fb9ab4-1b8d-44c0-9f8c-50855c6f1fed:c4198]
2019-08-21 12:28:16,840 [grpc-default-executor-5] INFO  client.GrpcClientProtocolClient (GrpcClientProtocolClient.java:onNext(255)) - client-C954105195FD->270584e6-a4a8-4db5-8151-214655ce1a56: receive RaftClientReply:client-C954105195FD->270584e6-a4a8-4db5-8151-214655ce1a56@group-787F5BA3AA67, cid=2806, SUCCESS, logIndex=4200, commits[270584e6-a4a8-4db5-8151-214655ce1a56:c4200, af078b8b-61ec-497f-9506-472d46a72462:c4198, 09fb9ab4-1b8d-44c0-9f8c-50855c6f1fed:c4198]
2019-08-21 12:28:16,846 | INFO  | DNAudit | user=null | ip=null | op=WRITE_CHUNK {blockData=conID: 1 locID: 102654967596778096 bcsId: 4200} | ret=SUCCESS |  
2019-08-21 12:28:16,849 | INFO  | DNAudit | user=null | ip=null | op=WRITE_CHUNK {blockData=conID: 1 locID: 102654967596778096 bcsId: 4200} | ret=SUCCESS |  
2019-08-21 12:28:16,849 | INFO  | DNAudit | user=null | ip=null | op=WRITE_CHUNK {blockData=conID: 1 locID: 102654967596778096 bcsId: 4200} | ret=SUCCESS |  
2019-08-21 12:28:16,851 | INFO  | DNAudit | user=null | ip=null | op=WRITE_CHUNK {blockData=conID: 1 locID: 102654967596778096 bcsId: 4194} | ret=SUCCESS |  
2019-08-21 12:28:16,851 | INFO  | DNAudit | user=null | ip=null | op=WRITE_CHUNK {blockData=conID: 1 locID: 102654967596778096 bcsId: 4194} | ret=SUCCESS |  
2019-08-21 12:28:16,851 | INFO  | DNAudit | user=null | ip=null | op=PUT_BLOCK {blockData=[blockId=conID: 1 locID: 102654967596778096 bcsId: 0,size=3145728]} | ret=SUCCESS |  
2019-08-21 12:28:16,851 | INFO  | DNAudit | user=null | ip=null | op=PUT_BLOCK {blockData=[blockId=conID: 1 locID: 102654967596778096 bcsId: 0,size=3145728]} | ret=SUCCESS |  
2019-08-21 12:28:16,853 | INFO  | DNAudit | user=null | ip=null | op=WRITE_CHUNK {blockData=conID: 1 locID: 102654967596778096 bcsId: 4200} | ret=SUCCESS |  
2019-08-21 12:28:16,854 | INFO  | DNAudit | user=null | ip=null | op=PUT_BLOCK {blockData=[blockId=conID: 1 locID: 102654967596778096 bcsId: 0,size=4194304]} | ret=SUCCESS |  
2019-08-21 12:28:16,854 [grpc-default-executor-5] INFO  client.GrpcClientProtocolClient (GrpcClientProtocolClient.java:onNext(255)) - client-C954105195FD->270584e6-a4a8-4db5-8151-214655ce1a56: receive RaftClientReply:client-C954105195FD->270584e6-a4a8-4db5-8151-214655ce1a56@group-787F5BA3AA67, cid=2807, SUCCESS, logIndex=4203, commits[270584e6-a4a8-4db5-8151-214655ce1a56:c4204, af078b8b-61ec-497f-9506-472d46a72462:c4200, 09fb9ab4-1b8d-44c0-9f8c-50855c6f1fed:c4200]
2019-08-21 12:28:16,854 [grpc-default-executor-5] INFO  client.GrpcClientProtocolClient (GrpcClientProtocolClient.java:onNext(255)) - client-C954105195FD->270584e6-a4a8-4db5-8151-214655ce1a56: receive RaftClientReply:client-C954105195FD->270584e6-a4a8-4db5-8151-214655ce1a56@group-787F5BA3AA67, cid=2808, SUCCESS, logIndex=4204, commits[270584e6-a4a8-4db5-8151-214655ce1a56:c4204, af078b8b-61ec-497f-9506-472d46a72462:c4200, 09fb9ab4-1b8d-44c0-9f8c-50855c6f1fed:c4200]
2019-08-21 12:28:16,865 | INFO  | DNAudit | user=null | ip=null | op=WRITE_CHUNK {blockData=conID: 1 locID: 102654967596778096 bcsId: 4200} | ret=SUCCESS |  
2019-08-21 12:28:16,865 | INFO  | DNAudit | user=null | ip=null | op=WRITE_CHUNK {blockData=conID: 1 locID: 102654967596778096 bcsId: 4200} | ret=SUCCESS |  
2019-08-21 12:28:16,867 | INFO  | DNAudit | user=null | ip=null | op=PUT_BLOCK {blockData=[blockId=conID: 1 locID: 102654967596778096 bcsId: 0,size=4194304]} | ret=SUCCESS |  
2019-08-21 12:28:16,868 | INFO  | DNAudit | user=null | ip=null | op=PUT_BLOCK {blockData=[blockId=conID: 1 locID: 102654967596778096 bcsId: 0,size=4194304]} | ret=SUCCESS |  
2019-08-21 12:28:16,868 [grpc-default-executor-5] INFO  client.GrpcClientProtocolClient (GrpcClientProtocolClient.java:onNext(255)) - client-C954105195FD->270584e6-a4a8-4db5-8151-214655ce1a56: receive RaftClientReply:client-C954105195FD->270584e6-a4a8-4db5-8151-214655ce1a56@group-787F5BA3AA67, cid=2809, SUCCESS, logIndex=0, commits[270584e6-a4a8-4db5-8151-214655ce1a56:c4206, af078b8b-61ec-497f-9506-472d46a72462:c4204, 09fb9ab4-1b8d-44c0-9f8c-50855c6f1fed:c4204]
2019-08-21 12:28:16,874 | INFO  | SCMAudit | user=jenkins1000 | ip=192.168.34.23 | op=ALLOCATE_BLOCK {owner=b79f83c9-5f7d-4caf-af30-78af34bc5eea, size=4194304, type=RATIS, factor=THREE} | ret=SUCCESS |  
2019-08-21 12:28:16,878 | INFO  | OMAudit | user=jenkins1000 | ip=127.0.0.1 | op=ALLOCATE_BLOCK {volume=vol-0-06517, bucket=bucket-0-64549, key=key-0-34512, dataSize=0, replicationType=null, replicationFactor=null, keyLocationInfo=null, clientID=102654965997830546} | ret=SUCCESS |  
2019-08-21 12:28:16,885 | INFO  | DNAudit | user=null | ip=null | op=WRITE_CHUNK {blockData=conID: 2 locID: 102654967603135089 bcsId: 0} | ret=SUCCESS |  
2019-08-21 12:28:16,888 | INFO  | DNAudit | user=null | ip=null | op=WRITE_CHUNK {blockData=conID: 2 locID: 102654967603135089 bcsId: 0} | ret=SUCCESS |  
2019-08-21 12:28:16,888 | INFO  | DNAudit | user=null | ip=null | op=WRITE_CHUNK {blockData=conID: 2 locID: 102654967603135089 bcsId: 0} | ret=SUCCESS |  
2019-08-21 12:28:16,889 | INFO  | DNAudit | user=null | ip=null | op=WRITE_CHUNK {blockData=conID: 2 locID: 102654967603135089 bcsId: 0} | ret=SUCCESS |  
2019-08-21 12:28:16,891 | INFO  | DNAudit | user=null | ip=null | op=WRITE_CHUNK {blockData=conID: 2 locID: 102654967603135089 bcsId: 0} | ret=SUCCESS |  
2019-08-21 12:28:16,891 | INFO  | DNAudit | user=null | ip=null | op=WRITE_CHUNK {blockData=conID: 2 locID: 102654967603135089 bcsId: 0} | ret=SUCCESS |  
2019-08-21 12:28:16,900 | INFO  | DNAudit | user=null | ip=null | op=WRITE_CHUNK {blockData=conID: 2 locID: 102654967603135089 bcsId: 0} | ret=SUCCESS |  
2019-08-21 12:28:16,901 | INFO  | DNAudit | user=null | ip=null | op=PUT_BLOCK {blockData=[blockId=conID: 2 locID: 102654967603135089 bcsId: 0,size=1048576]} | ret=SUCCESS |  
2019-08-21 12:28:16,901 | INFO  | DNAudit | user=null | ip=null | op=WRITE_CHUNK {blockData=conID: 2 locID: 102654967603135089 bcsId: 0} | ret=SUCCESS |  
2019-08-21 12:28:16,902 | INFO  | DNAudit | user=null | ip=null | op=PUT_BLOCK {blockData=[blockId=conID: 2 locID: 102654967603135089 bcsId: 0,size=2097152]} | ret=SUCCESS |  
2019-08-21 12:28:16,901 [grpc-default-executor-2] INFO  client.GrpcClientProtocolClient (GrpcClientProtocolClient.java:onNext(255)) - client-C954105195FD->270584e6-a4a8-4db5-8151-214655ce1a56: receive RaftClientReply:client-C954105195FD->270584e6-a4a8-4db5-8151-214655ce1a56@group-787F5BA3AA67, cid=2810, SUCCESS, logIndex=4207, commits[270584e6-a4a8-4db5-8151-214655ce1a56:c4210, af078b8b-61ec-497f-9506-472d46a72462:c4206, 09fb9ab4-1b8d-44c0-9f8c-50855c6f1fed:c4206]
2019-08-21 12:28:16,903 [grpc-default-executor-2] INFO  client.GrpcClientProtocolClient (GrpcClientProtocolClient.java:onNext(255)) - client-C954105195FD->270584e6-a4a8-4db5-8151-214655ce1a56: receive RaftClientReply:client-C954105195FD->270584e6-a4a8-4db5-8151-214655ce1a56@group-787F5BA3AA67, cid=2811, SUCCESS, logIndex=4208, commits[270584e6-a4a8-4db5-8151-214655ce1a56:c4210, af078b8b-61ec-497f-9506-472d46a72462:c4206, 09fb9ab4-1b8d-44c0-9f8c-50855c6f1fed:c4206]
2019-08-21 12:28:16,903 [grpc-default-executor-2] INFO  client.GrpcClientProtocolClient (GrpcClientProtocolClient.java:onNext(255)) - client-C954105195FD->270584e6-a4a8-4db5-8151-214655ce1a56: receive RaftClientReply:client-C954105195FD->270584e6-a4a8-4db5-8151-214655ce1a56@group-787F5BA3AA67, cid=2812, SUCCESS, logIndex=4209, commits[270584e6-a4a8-4db5-8151-214655ce1a56:c4210, af078b8b-61ec-497f-9506-472d46a72462:c4206, 09fb9ab4-1b8d-44c0-9f8c-50855c6f1fed:c4206]
2019-08-21 12:28:16,903 [grpc-default-executor-2] INFO  client.GrpcClientProtocolClient (GrpcClientProtocolClient.java:onNext(255)) - client-C954105195FD->270584e6-a4a8-4db5-8151-214655ce1a56: receive RaftClientReply:client-C954105195FD->270584e6-a4a8-4db5-8151-214655ce1a56@group-787F5BA3AA67, cid=2813, SUCCESS, logIndex=4210, commits[270584e6-a4a8-4db5-8151-214655ce1a56:c4210, af078b8b-61ec-497f-9506-472d46a72462:c4206, 09fb9ab4-1b8d-44c0-9f8c-50855c6f1fed:c4206]
2019-08-21 12:28:16,913 | INFO  | DNAudit | user=null | ip=null | op=WRITE_CHUNK {blockData=conID: 2 locID: 102654967603135089 bcsId: 0} | ret=SUCCESS |  
2019-08-21 12:28:16,913 | INFO  | DNAudit | user=null | ip=null | op=WRITE_CHUNK {blockData=conID: 2 locID: 102654967603135089 bcsId: 0} | ret=SUCCESS |  
2019-08-21 12:28:16,913 | INFO  | DNAudit | user=null | ip=null | op=PUT_BLOCK {blockData=[blockId=conID: 2 locID: 102654967603135089 bcsId: 0,size=1048576]} | ret=SUCCESS |  
2019-08-21 12:28:16,913 | INFO  | DNAudit | user=null | ip=null | op=PUT_BLOCK {blockData=[blockId=conID: 2 locID: 102654967603135089 bcsId: 0,size=1048576]} | ret=SUCCESS |  
2019-08-21 12:28:16,913 | INFO  | DNAudit | user=null | ip=null | op=WRITE_CHUNK {blockData=conID: 2 locID: 102654967603135089 bcsId: 0} | ret=SUCCESS |  
2019-08-21 12:28:16,913 [grpc-default-executor-2] INFO  client.GrpcClientProtocolClient (GrpcClientProtocolClient.java:onNext(255)) - client-C954105195FD->270584e6-a4a8-4db5-8151-214655ce1a56: receive RaftClientReply:client-C954105195FD->270584e6-a4a8-4db5-8151-214655ce1a56@group-787F5BA3AA67, cid=2814, SUCCESS, logIndex=0, commits[270584e6-a4a8-4db5-8151-214655ce1a56:c4211, af078b8b-61ec-497f-9506-472d46a72462:c4209, 09fb9ab4-1b8d-44c0-9f8c-50855c6f1fed:c4209]
2019-08-21 12:28:16,913 | INFO  | DNAudit | user=null | ip=null | op=WRITE_CHUNK {blockData=conID: 2 locID: 102654967603135089 bcsId: 0} | ret=SUCCESS |  
2019-08-21 12:28:16,920 | INFO  | DNAudit | user=null | ip=null | op=WRITE_CHUNK {blockData=conID: 2 locID: 102654967603135089 bcsId: 4210} | ret=SUCCESS |  
2019-08-21 12:28:16,923 | INFO  | DNAudit | user=null | ip=null | op=WRITE_CHUNK {blockData=conID: 2 locID: 102654967603135089 bcsId: 4210} | ret=SUCCESS |  
2019-08-21 12:28:16,923 | INFO  | DNAudit | user=null | ip=null | op=WRITE_CHUNK {blockData=conID: 2 locID: 102654967603135089 bcsId: 4210} | ret=SUCCESS |  
2019-08-21 12:28:16,925 | INFO  | DNAudit | user=null | ip=null | op=PUT_BLOCK {blockData=[blockId=conID: 2 locID: 102654967603135089 bcsId: 0,size=2097152]} | ret=SUCCESS |  
2019-08-21 12:28:16,925 | INFO  | DNAudit | user=null | ip=null | op=PUT_BLOCK {blockData=[blockId=conID: 2 locID: 102654967603135089 bcsId: 0,size=2097152]} | ret=SUCCESS |  
2019-08-21 12:28:16,926 | INFO  | DNAudit | user=null | ip=null | op=WRITE_CHUNK {blockData=conID: 2 locID: 102654967603135089 bcsId: 4210} | ret=SUCCESS |  
2019-08-21 12:28:16,926 | INFO  | DNAudit | user=null | ip=null | op=PUT_BLOCK {blockData=[blockId=conID: 2 locID: 102654967603135089 bcsId: 0,size=3145728]} | ret=SUCCESS |  
2019-08-21 12:28:16,926 [grpc-default-executor-5] INFO  client.GrpcClientProtocolClient (GrpcClientProtocolClient.java:onNext(255)) - client-C954105195FD->270584e6-a4a8-4db5-8151-214655ce1a56: receive RaftClientReply:client-C954105195FD->270584e6-a4a8-4db5-8151-214655ce1a56@group-787F5BA3AA67, cid=2815, SUCCESS, logIndex=4214, commits[270584e6-a4a8-4db5-8151-214655ce1a56:c4215, af078b8b-61ec-497f-9506-472d46a72462:c4210, 09fb9ab4-1b8d-44c0-9f8c-50855c6f1fed:c4211]
2019-08-21 12:28:16,927 [grpc-default-executor-5] INFO  client.GrpcClientProtocolClient (GrpcClientProtocolClient.java:onNext(255)) - client-C954105195FD->270584e6-a4a8-4db5-8151-214655ce1a56: receive RaftClientReply:client-C954105195FD->270584e6-a4a8-4db5-8151-214655ce1a56@group-787F5BA3AA67, cid=2816, SUCCESS, logIndex=4215, commits[270584e6-a4a8-4db5-8151-214655ce1a56:c4215, af078b8b-61ec-497f-9506-472d46a72462:c4211, 09fb9ab4-1b8d-44c0-9f8c-50855c6f1fed:c4211]
2019-08-21 12:28:16,929 | INFO  | DNAudit | user=null | ip=null | op=WRITE_CHUNK {blockData=conID: 2 locID: 102654967603135089 bcsId: 4210} | ret=SUCCESS |  
2019-08-21 12:28:16,929 | INFO  | DNAudit | user=null | ip=null | op=WRITE_CHUNK {blockData=conID: 2 locID: 102654967603135089 bcsId: 4210} | ret=SUCCESS |  
2019-08-21 12:28:16,929 | INFO  | DNAudit | user=null | ip=null | op=PUT_BLOCK {blockData=[blockId=conID: 2 locID: 102654967603135089 bcsId: 0,size=3145728]} | ret=SUCCESS |  
2019-08-21 12:28:16,930 | INFO  | DNAudit | user=null | ip=null | op=PUT_BLOCK {blockData=[blockId=conID: 2 locID: 102654967603135089 bcsId: 0,size=3145728]} | ret=SUCCESS |  
2019-08-21 12:28:16,933 | INFO  | DNAudit | user=null | ip=null | op=WRITE_CHUNK {blockData=conID: 2 locID: 102654967603135089 bcsId: 4215} | ret=SUCCESS |  
2019-08-21 12:28:16,935 | INFO  | DNAudit | user=null | ip=null | op=WRITE_CHUNK {blockData=conID: 2 locID: 102654967603135089 bcsId: 4215} | ret=SUCCESS |  
2019-08-21 12:28:16,935 | INFO  | DNAudit | user=null | ip=null | op=WRITE_CHUNK {blockData=conID: 2 locID: 102654967603135089 bcsId: 4215} | ret=SUCCESS |  
2019-08-21 12:28:16,952 | INFO  | SCMAudit | user=jenkins1000 | ip=192.168.34.23 | op=SEND_HEARTBEAT {datanodeUUID=09fb9ab4-1b8d-44c0-9f8c-50855c6f1fed, command=[]} | ret=SUCCESS |  
2019-08-21 12:28:16,952 | INFO  | SCMAudit | user=jenkins1000 | ip=192.168.34.23 | op=SEND_HEARTBEAT {datanodeUUID=af078b8b-61ec-497f-9506-472d46a72462, command=[]} | ret=SUCCESS |  
 0.00% |█                                                                                                    |  0/1 Time: 0:00:242019-08-21 12:28:16,954 | INFO  | SCMAudit | user=jenkins1000 | ip=192.168.34.23 | op=SEND_HEARTBEAT {datanodeUUID=270584e6-a4a8-4db5-8151-214655ce1a56, command=[]} | ret=SUCCESS |  
2019-08-21 12:28:16,954 | INFO  | DNAudit | user=null | ip=null | op=WRITE_CHUNK {blockData=conID: 2 locID: 102654967603135089 bcsId: 4215} | ret=SUCCESS |  
2019-08-21 12:28:16,954 | INFO  | DNAudit | user=null | ip=null | op=PUT_BLOCK {blockData=[blockId=conID: 2 locID: 102654967603135089 bcsId: 0,size=4194304]} | ret=SUCCESS |  
2019-08-21 12:28:16,954 [grpc-default-executor-5] INFO  client.GrpcClientProtocolClient (GrpcClientProtocolClient.java:onNext(255)) - client-C954105195FD->270584e6-a4a8-4db5-8151-214655ce1a56: receive RaftClientReply:client-C954105195FD->270584e6-a4a8-4db5-8151-214655ce1a56@group-787F5BA3AA67, cid=2817, SUCCESS, logIndex=4218, commits[270584e6-a4a8-4db5-8151-214655ce1a56:c4219, af078b8b-61ec-497f-9506-472d46a72462:c4216, 09fb9ab4-1b8d-44c0-9f8c-50855c6f1fed:c4216]
2019-08-21 12:28:16,955 [grpc-default-executor-5] INFO  client.GrpcClientProtocolClient (GrpcClientProtocolClient.java:onNext(255)) - client-C954105195FD->270584e6-a4a8-4db5-8151-214655ce1a56: receive RaftClientReply:client-C954105195FD->270584e6-a4a8-4db5-8151-214655ce1a56@group-787F5BA3AA67, cid=2818, SUCCESS, logIndex=4219, commits[270584e6-a4a8-4db5-8151-214655ce1a56:c4219, af078b8b-61ec-497f-9506-472d46a72462:c4216, 09fb9ab4-1b8d-44c0-9f8c-50855c6f1fed:c4216]
2019-08-21 12:28:16,965 | INFO  | DNAudit | user=null | ip=null | op=WRITE_CHUNK {blockData=conID: 2 locID: 102654967603135089 bcsId: 4215} | ret=SUCCESS |  
2019-08-21 12:28:16,965 | INFO  | DNAudit | user=null | ip=null | op=WRITE_CHUNK {blockData=conID: 2 locID: 102654967603135089 bcsId: 4215} | ret=SUCCESS |  
2019-08-21 12:28:16,967 | INFO  | DNAudit | user=null | ip=null | op=PUT_BLOCK {blockData=[blockId=conID: 2 locID: 102654967603135089 bcsId: 0,size=4194304]} | ret=SUCCESS |  
2019-08-21 12:28:16,967 | INFO  | DNAudit | user=null | ip=null | op=PUT_BLOCK {blockData=[blockId=conID: 2 locID: 102654967603135089 bcsId: 0,size=4194304]} | ret=SUCCESS |  
2019-08-21 12:28:16,968 [grpc-default-executor-5] INFO  client.GrpcClientProtocolClient (GrpcClientProtocolClient.java:onNext(255)) - client-C954105195FD->270584e6-a4a8-4db5-8151-214655ce1a56: receive RaftClientReply:client-C954105195FD->270584e6-a4a8-4db5-8151-214655ce1a56@group-787F5BA3AA67, cid=2819, SUCCESS, logIndex=0, commits[270584e6-a4a8-4db5-8151-214655ce1a56:c4221, af078b8b-61ec-497f-9506-472d46a72462:c4219, 09fb9ab4-1b8d-44c0-9f8c-50855c6f1fed:c4219]
2019-08-21 12:28:16,975 | INFO  | SCMAudit | user=jenkins1000 | ip=192.168.34.23 | op=ALLOCATE_BLOCK {owner=b79f83c9-5f7d-4caf-af30-78af34bc5eea, size=4194304, type=RATIS, factor=THREE} | ret=SUCCESS |  
2019-08-21 12:28:16,980 | INFO  | OMAudit | user=jenkins1000 | ip=127.0.0.1 | op=ALLOCATE_BLOCK {volume=vol-0-06517, bucket=bucket-0-64549, key=key-0-34512, dataSize=0, replicationType=null, replicationFactor=null, keyLocationInfo=null, clientID=102654965997830546} | ret=SUCCESS |  
2019-08-21 12:28:16,987 | INFO  | DNAudit | user=null | ip=null | op=WRITE_CHUNK {blockData=conID: 3 locID: 102654967609754226 bcsId: 0} | ret=SUCCESS |  
2019-08-21 12:28:16,991 | INFO  | DNAudit | user=null | ip=null | op=WRITE_CHUNK {blockData=conID: 3 locID: 102654967609754226 bcsId: 0} | ret=SUCCESS |  
2019-08-21 12:28:16,991 | INFO  | DNAudit | user=null | ip=null | op=WRITE_CHUNK {blockData=conID: 3 locID: 102654967609754226 bcsId: 0} | ret=SUCCESS |  
2019-08-21 12:28:16,991 | INFO  | DNAudit | user=null | ip=null | op=WRITE_CHUNK {blockData=conID: 3 locID: 102654967609754226 bcsId: 0} | ret=SUCCESS |  
2019-08-21 12:28:16,992 | INFO  | DNAudit | user=null | ip=null | op=WRITE_CHUNK {blockData=conID: 3 locID: 102654967609754226 bcsId: 0} | ret=SUCCESS |  
2019-08-21 12:28:16,992 | INFO  | DNAudit | user=null | ip=null | op=WRITE_CHUNK {blockData=conID: 3 locID: 102654967609754226 bcsId: 0} | ret=SUCCESS |  
2019-08-21 12:28:17,000 | INFO  | DNAudit | user=null | ip=null | op=WRITE_CHUNK {blockData=conID: 3 locID: 102654967609754226 bcsId: 0} | ret=SUCCESS |  
2019-08-21 12:28:17,001 | INFO  | DNAudit | user=null | ip=null | op=PUT_BLOCK {blockData=[blockId=conID: 3 locID: 102654967609754226 bcsId: 0,size=1048576]} | ret=SUCCESS |  
2019-08-21 12:28:17,001 | INFO  | DNAudit | user=null | ip=null | op=WRITE_CHUNK {blockData=conID: 3 locID: 102654967609754226 bcsId: 0} | ret=SUCCESS |  
2019-08-21 12:28:17,001 [grpc-default-executor-5] INFO  client.GrpcClientProtocolClient (GrpcClientProtocolClient.java:onNext(255)) - client-C954105195FD->270584e6-a4a8-4db5-8151-214655ce1a56: receive RaftClientReply:client-C954105195FD->270584e6-a4a8-4db5-8151-214655ce1a56@group-787F5BA3AA67, cid=2820, SUCCESS, logIndex=4222, commits[270584e6-a4a8-4db5-8151-214655ce1a56:c4223, af078b8b-61ec-497f-9506-472d46a72462:c4221, 09fb9ab4-1b8d-44c0-9f8c-50855c6f1fed:c4221]
2019-08-21 12:28:17,001 | INFO  | DNAudit | user=null | ip=null | op=PUT_BLOCK {blockData=[blockId=conID: 3 locID: 102654967609754226 bcsId: 0,size=2097152]} | ret=SUCCESS |  
2019-08-21 12:28:17,002 | INFO  | DNAudit | user=null | ip=null | op=WRITE_CHUNK {blockData=conID: 3 locID: 102654967609754226 bcsId: 0} | ret=SUCCESS |  
2019-08-21 12:28:17,002 | INFO  | DNAudit | user=null | ip=null | op=WRITE_CHUNK {blockData=conID: 3 locID: 102654967609754226 bcsId: 0} | ret=SUCCESS |  
2019-08-21 12:28:17,002 [grpc-default-executor-2] INFO  client.GrpcClientProtocolClient (GrpcClientProtocolClient.java:onNext(255)) - client-C954105195FD->270584e6-a4a8-4db5-8151-214655ce1a56: receive RaftClientReply:client-C954105195FD->270584e6-a4a8-4db5-8151-214655ce1a56@group-787F5BA3AA67, cid=2821, SUCCESS, logIndex=4223, commits[270584e6-a4a8-4db5-8151-214655ce1a56:c4225, af078b8b-61ec-497f-9506-472d46a72462:c4221, 09fb9ab4-1b8d-44c0-9f8c-50855c6f1fed:c4221]
2019-08-21 12:28:17,002 | INFO  | DNAudit | user=null | ip=null | op=PUT_BLOCK {blockData=[blockId=conID: 3 locID: 102654967609754226 bcsId: 0,size=1048576]} | ret=SUCCESS |  
2019-08-21 12:28:17,002 [grpc-default-executor-2] INFO  client.GrpcClientProtocolClient (GrpcClientProtocolClient.java:onNext(255)) - client-C954105195FD->270584e6-a4a8-4db5-8151-214655ce1a56: receive RaftClientReply:client-C954105195FD->270584e6-a4a8-4db5-8151-214655ce1a56@group-787F5BA3AA67, cid=2822, SUCCESS, logIndex=4224, commits[270584e6-a4a8-4db5-8151-214655ce1a56:c4225, af078b8b-61ec-497f-9506-472d46a72462:c4221, 09fb9ab4-1b8d-44c0-9f8c-50855c6f1fed:c4221]
2019-08-21 12:28:17,003 [grpc-default-executor-2] INFO  client.GrpcClientProtocolClient (GrpcClientProtocolClient.java:onNext(255)) - client-C954105195FD->270584e6-a4a8-4db5-8151-214655ce1a56: receive RaftClientReply:client-C954105195FD->270584e6-a4a8-4db5-8151-214655ce1a56@group-787F5BA3AA67, cid=2823, SUCCESS, logIndex=4225, commits[270584e6-a4a8-4db5-8151-214655ce1a56:c4225, af078b8b-61ec-497f-9506-472d46a72462:c4221, 09fb9ab4-1b8d-44c0-9f8c-50855c6f1fed:c4221]
2019-08-21 12:28:17,003 | INFO  | DNAudit | user=null | ip=null | op=PUT_BLOCK {blockData=[blockId=conID: 3 locID: 102654967609754226 bcsId: 0,size=1048576]} | ret=SUCCESS |  
2019-08-21 12:28:17,003 | INFO  | DNAudit | user=null | ip=null | op=WRITE_CHUNK {blockData=conID: 3 locID: 102654967609754226 bcsId: 0} | ret=SUCCESS |  
2019-08-21 12:28:17,003 | INFO  | DNAudit | user=null | ip=null | op=PUT_BLOCK {blockData=[blockId=conID: 3 locID: 102654967609754226 bcsId: 0,size=2097152]} | ret=SUCCESS |  
2019-08-21 12:28:17,004 | INFO  | DNAudit | user=null | ip=null | op=WRITE_CHUNK {blockData=conID: 3 locID: 102654967609754226 bcsId: 0} | ret=SUCCESS |  
2019-08-21 12:28:17,004 | INFO  | DNAudit | user=null | ip=null | op=PUT_BLOCK {blockData=[blockId=conID: 3 locID: 102654967609754226 bcsId: 0,size=2097152]} | ret=SUCCESS |  
2019-08-21 12:28:17,004 [grpc-default-executor-5] INFO  client.GrpcClientProtocolClient (GrpcClientProtocolClient.java:onNext(255)) - client-C954105195FD->270584e6-a4a8-4db5-8151-214655ce1a56: receive RaftClientReply:client-C954105195FD->270584e6-a4a8-4db5-8151-214655ce1a56@group-787F5BA3AA67, cid=2824, SUCCESS, logIndex=0, commits[270584e6-a4a8-4db5-8151-214655ce1a56:c4227, af078b8b-61ec-497f-9506-472d46a72462:c4225, 09fb9ab4-1b8d-44c0-9f8c-50855c6f1fed:c4223]
2019-08-21 12:28:17,015 | INFO  | DNAudit | user=null | ip=null | op=WRITE_CHUNK {blockData=conID: 3 locID: 102654967609754226 bcsId: 4225} | ret=SUCCESS |  
2019-08-21 12:28:17,018 | INFO  | DNAudit | user=null | ip=null | op=WRITE_CHUNK {blockData=conID: 3 locID: 102654967609754226 bcsId: 4225} | ret=SUCCESS |  
2019-08-21 12:28:17,019 | INFO  | DNAudit | user=null | ip=null | op=WRITE_CHUNK {blockData=conID: 3 locID: 102654967609754226 bcsId: 4225} | ret=SUCCESS |  
2019-08-21 12:28:17,021 | INFO  | DNAudit | user=null | ip=null | op=WRITE_CHUNK {blockData=conID: 3 locID: 102654967609754226 bcsId: 4225} | ret=SUCCESS |  
2019-08-21 12:28:17,021 | INFO  | DNAudit | user=null | ip=null | op=PUT_BLOCK {blockData=[blockId=conID: 3 locID: 102654967609754226 bcsId: 0,size=3145728]} | ret=SUCCESS |  
2019-08-21 12:28:17,021 [grpc-default-executor-2] INFO  client.GrpcClientProtocolClient (GrpcClientProtocolClient.java:onNext(255)) - client-C954105195FD->270584e6-a4a8-4db5-8151-214655ce1a56: receive RaftClientReply:client-C954105195FD->270584e6-a4a8-4db5-8151-214655ce1a56@group-787F5BA3AA67, cid=2825, SUCCESS, logIndex=4229, commits[270584e6-a4a8-4db5-8151-214655ce1a56:c4230, af078b8b-61ec-497f-9506-472d46a72462:c4228, 09fb9ab4-1b8d-44c0-9f8c-50855c6f1fed:c4228]
2019-08-21 12:28:17,022 [grpc-default-executor-2] INFO  client.GrpcClientProtocolClient (GrpcClientProtocolClient.java:onNext(255)) - client-C954105195FD->270584e6-a4a8-4db5-8151-214655ce1a56: receive RaftClientReply:client-C954105195FD->270584e6-a4a8-4db5-8151-214655ce1a56@group-787F5BA3AA67, cid=2826, SUCCESS, logIndex=4230, commits[270584e6-a4a8-4db5-8151-214655ce1a56:c4230, af078b8b-61ec-497f-9506-472d46a72462:c4228, 09fb9ab4-1b8d-44c0-9f8c-50855c6f1fed:c4228]
2019-08-21 12:28:17,024 | INFO  | DNAudit | user=null | ip=null | op=WRITE_CHUNK {blockData=conID: 3 locID: 102654967609754226 bcsId: 4225} | ret=SUCCESS |  
2019-08-21 12:28:17,024 | INFO  | DNAudit | user=null | ip=null | op=WRITE_CHUNK {blockData=conID: 3 locID: 102654967609754226 bcsId: 4225} | ret=SUCCESS |  
2019-08-21 12:28:17,024 | INFO  | DNAudit | user=null | ip=null | op=PUT_BLOCK {blockData=[blockId=conID: 3 locID: 102654967609754226 bcsId: 0,size=3145728]} | ret=SUCCESS |  
2019-08-21 12:28:17,024 | INFO  | DNAudit | user=null | ip=null | op=PUT_BLOCK {blockData=[blockId=conID: 3 locID: 102654967609754226 bcsId: 0,size=3145728]} | ret=SUCCESS |  
2019-08-21 12:28:17,029 | INFO  | DNAudit | user=null | ip=null | op=WRITE_CHUNK {blockData=conID: 3 locID: 102654967609754226 bcsId: 4230} | ret=SUCCESS |  
2019-08-21 12:28:17,032 | INFO  | DNAudit | user=null | ip=null | op=WRITE_CHUNK {blockData=conID: 3 locID: 102654967609754226 bcsId: 4230} | ret=SUCCESS |  
2019-08-21 12:28:17,032 | INFO  | DNAudit | user=null | ip=null | op=WRITE_CHUNK {blockData=conID: 3 locID: 102654967609754226 bcsId: 4230} | ret=SUCCESS |  
2019-08-21 12:28:17,034 | INFO  | DNAudit | user=null | ip=null | op=WRITE_CHUNK {blockData=conID: 3 locID: 102654967609754226 bcsId: 4230} | ret=SUCCESS |  
2019-08-21 12:28:17,035 | INFO  | DNAudit | user=null | ip=null | op=PUT_BLOCK {blockData=[blockId=conID: 3 locID: 102654967609754226 bcsId: 0,size=4194304]} | ret=SUCCESS |  
2019-08-21 12:28:17,035 [grpc-default-executor-5] INFO  client.GrpcClientProtocolClient (GrpcClientProtocolClient.java:onNext(255)) - client-C954105195FD->270584e6-a4a8-4db5-8151-214655ce1a56: receive RaftClientReply:client-C954105195FD->270584e6-a4a8-4db5-8151-214655ce1a56@group-787F5BA3AA67, cid=2827, SUCCESS, logIndex=4233, commits[270584e6-a4a8-4db5-8151-214655ce1a56:c4234, af078b8b-61ec-497f-9506-472d46a72462:c4230, 09fb9ab4-1b8d-44c0-9f8c-50855c6f1fed:c4232]
2019-08-21 12:28:17,036 [grpc-default-executor-5] INFO  client.GrpcClientProtocolClient (GrpcClientProtocolClient.java:onNext(255)) - client-C954105195FD->270584e6-a4a8-4db5-8151-214655ce1a56: receive RaftClientReply:client-C954105195FD->270584e6-a4a8-4db5-8151-214655ce1a56@group-787F5BA3AA67, cid=2828, SUCCESS, logIndex=4234, commits[270584e6-a4a8-4db5-8151-214655ce1a56:c4234, af078b8b-61ec-497f-9506-472d46a72462:c4232, 09fb9ab4-1b8d-44c0-9f8c-50855c6f1fed:c4232]
2019-08-21 12:28:17,037 | INFO  | DNAudit | user=null | ip=null | op=WRITE_CHUNK {blockData=conID: 3 locID: 102654967609754226 bcsId: 4230} | ret=SUCCESS |  
2019-08-21 12:28:17,037 | INFO  | DNAudit | user=null | ip=null | op=PUT_BLOCK {blockData=[blockId=conID: 3 locID: 102654967609754226 bcsId: 0,size=4194304]} | ret=SUCCESS |  
2019-08-21 12:28:17,037 | INFO  | DNAudit | user=null | ip=null | op=WRITE_CHUNK {blockData=conID: 3 locID: 102654967609754226 bcsId: 4230} | ret=SUCCESS |  
2019-08-21 12:28:17,038 | INFO  | DNAudit | user=null | ip=null | op=PUT_BLOCK {blockData=[blockId=conID: 3 locID: 102654967609754226 bcsId: 0,size=4194304]} | ret=SUCCESS |  
2019-08-21 12:28:17,038 [grpc-default-executor-5] INFO  client.GrpcClientProtocolClient (GrpcClientProtocolClient.java:onNext(255)) - client-C954105195FD->270584e6-a4a8-4db5-8151-214655ce1a56: receive RaftClientReply:client-C954105195FD->270584e6-a4a8-4db5-8151-214655ce1a56@group-787F5BA3AA67, cid=2829, SUCCESS, logIndex=0, commits[270584e6-a4a8-4db5-8151-214655ce1a56:c4235, af078b8b-61ec-497f-9506-472d46a72462:c4234, 09fb9ab4-1b8d-44c0-9f8c-50855c6f1fed:c4234]
2019-08-21 12:28:17,045 | INFO  | SCMAudit | user=jenkins1000 | ip=192.168.34.23 | op=ALLOCATE_BLOCK {owner=b79f83c9-5f7d-4caf-af30-78af34bc5eea, size=4194304, type=RATIS, factor=THREE} | ret=SUCCESS |  
2019-08-21 12:28:17,050 | INFO  | OMAudit | user=jenkins1000 | ip=127.0.0.1 | op=ALLOCATE_BLOCK {volume=vol-0-06517, bucket=bucket-0-64549, key=key-0-34512, dataSize=0, replicationType=null, replicationFactor=null, keyLocationInfo=null, clientID=102654965997830546} | ret=SUCCESS |  
2019-08-21 12:28:17,057 | INFO  | DNAudit | user=null | ip=null | op=WRITE_CHUNK {blockData=conID: 1 locID: 102654967614341747 bcsId: 0} | ret=SUCCESS |  
2019-08-21 12:28:17,058 | INFO  | DNAudit | user=null | ip=null | op=WRITE_CHUNK {blockData=conID: 1 locID: 102654967614341747 bcsId: 0} | ret=SUCCESS |  
2019-08-21 12:28:17,060 | INFO  | DNAudit | user=null | ip=null | op=WRITE_CHUNK {blockData=conID: 1 locID: 102654967614341747 bcsId: 0} | ret=SUCCESS |  
2019-08-21 12:28:17,060 | INFO  | DNAudit | user=null | ip=null | op=WRITE_CHUNK {blockData=conID: 1 locID: 102654967614341747 bcsId: 0} | ret=SUCCESS |  
2019-08-21 12:28:17,061 | INFO  | DNAudit | user=null | ip=null | op=WRITE_CHUNK {blockData=conID: 1 locID: 102654967614341747 bcsId: 0} | ret=SUCCESS |  
2019-08-21 12:28:17,061 | INFO  | DNAudit | user=null | ip=null | op=WRITE_CHUNK {blockData=conID: 1 locID: 102654967614341747 bcsId: 0} | ret=SUCCESS |  
2019-08-21 12:28:17,080 | INFO  | DNAudit | user=null | ip=null | op=WRITE_CHUNK {blockData=conID: 1 locID: 102654967614341747 bcsId: 0} | ret=SUCCESS |  
2019-08-21 12:28:17,081 | INFO  | DNAudit | user=null | ip=null | op=PUT_BLOCK {blockData=[blockId=conID: 1 locID: 102654967614341747 bcsId: 0,size=1048576]} | ret=SUCCESS |  
2019-08-21 12:28:17,081 [grpc-default-executor-4] INFO  client.GrpcClientProtocolClient (GrpcClientProtocolClient.java:onNext(255)) - client-C954105195FD->270584e6-a4a8-4db5-8151-214655ce1a56: receive RaftClientReply:client-C954105195FD->270584e6-a4a8-4db5-8151-214655ce1a56@group-787F5BA3AA67, cid=2830, SUCCESS, logIndex=4237, commits[270584e6-a4a8-4db5-8151-214655ce1a56:c4240, af078b8b-61ec-497f-9506-472d46a72462:c4236, 09fb9ab4-1b8d-44c0-9f8c-50855c6f1fed:c4236]
2019-08-21 12:28:17,081 | INFO  | DNAudit | user=null | ip=null | op=WRITE_CHUNK {blockData=conID: 1 locID: 102654967614341747 bcsId: 0} | ret=SUCCESS |  
2019-08-21 12:28:17,081 [grpc-default-executor-4] INFO  client.GrpcClientProtocolClient (GrpcClientProtocolClient.java:onNext(255)) - client-C954105195FD->270584e6-a4a8-4db5-8151-214655ce1a56: receive RaftClientReply:client-C954105195FD->270584e6-a4a8-4db5-8151-214655ce1a56@group-787F5BA3AA67, cid=2831, SUCCESS, logIndex=4238, commits[270584e6-a4a8-4db5-8151-214655ce1a56:c4240, af078b8b-61ec-497f-9506-472d46a72462:c4236, 09fb9ab4-1b8d-44c0-9f8c-50855c6f1fed:c4236]
2019-08-21 12:28:17,082 | INFO  | DNAudit | user=null | ip=null | op=PUT_BLOCK {blockData=[blockId=conID: 1 locID: 102654967614341747 bcsId: 0,size=2097152]} | ret=SUCCESS |  
2019-08-21 12:28:17,082 [grpc-default-executor-4] INFO  client.GrpcClientProtocolClient (GrpcClientProtocolClient.java:onNext(255)) - client-C954105195FD->270584e6-a4a8-4db5-8151-214655ce1a56: receive RaftClientReply:client-C954105195FD->270584e6-a4a8-4db5-8151-214655ce1a56@group-787F5BA3AA67, cid=2832, SUCCESS, logIndex=4239, commits[270584e6-a4a8-4db5-8151-214655ce1a56:c4240, af078b8b-61ec-497f-9506-472d46a72462:c4236, 09fb9ab4-1b8d-44c0-9f8c-50855c6f1fed:c4236]
2019-08-21 12:28:17,082 [grpc-default-executor-4] INFO  client.GrpcClientProtocolClient (GrpcClientProtocolClient.java:onNext(255)) - client-C954105195FD->270584e6-a4a8-4db5-8151-214655ce1a56: receive RaftClientReply:client-C954105195FD->270584e6-a4a8-4db5-8151-214655ce1a56@group-787F5BA3AA67, cid=2833, SUCCESS, logIndex=4240, commits[270584e6-a4a8-4db5-8151-214655ce1a56:c4240, af078b8b-61ec-497f-9506-472d46a72462:c4236, 09fb9ab4-1b8d-44c0-9f8c-50855c6f1fed:c4236]
2019-08-21 12:28:17,093 | INFO  | DNAudit | user=null | ip=null | op=WRITE_CHUNK {blockData=conID: 1 locID: 102654967614341747 bcsId: 0} | ret=SUCCESS |  
2019-08-21 12:28:17,093 | INFO  | DNAudit | user=null | ip=null | op=WRITE_CHUNK {blockData=conID: 1 locID: 102654967614341747 bcsId: 0} | ret=SUCCESS |  
2019-08-21 12:28:17,094 | INFO  | DNAudit | user=null | ip=null | op=PUT_BLOCK {blockData=[blockId=conID: 1 locID: 102654967614341747 bcsId: 0,size=1048576]} | ret=SUCCESS |  
2019-08-21 12:28:17,094 | INFO  | DNAudit | user=null | ip=null | op=PUT_BLOCK {blockData=[blockId=conID: 1 locID: 102654967614341747 bcsId: 0,size=1048576]} | ret=SUCCESS |  
2019-08-21 12:28:17,094 [grpc-default-executor-2] INFO  client.GrpcClientProtocolClient (GrpcClientProtocolClient.java:onNext(255)) - client-C954105195FD->270584e6-a4a8-4db5-8151-214655ce1a56: receive RaftClientReply:client-C954105195FD->270584e6-a4a8-4db5-8151-214655ce1a56@group-787F5BA3AA67, cid=2834, SUCCESS, logIndex=0, commits[270584e6-a4a8-4db5-8151-214655ce1a56:c4240, af078b8b-61ec-497f-9506-472d46a72462:c4238, 09fb9ab4-1b8d-44c0-9f8c-50855c6f1fed:c4238]
2019-08-21 12:28:17,101 | INFO  | DNAudit | user=null | ip=null | op=WRITE_CHUNK {blockData=conID: 1 locID: 102654967614341747 bcsId: 4240} | ret=SUCCESS |  
2019-08-21 12:28:17,103 | INFO  | DNAudit | user=null | ip=null | op=WRITE_CHUNK {blockData=conID: 1 locID: 102654967614341747 bcsId: 4240} | ret=SUCCESS |  
2019-08-21 12:28:17,103 | INFO  | DNAudit | user=null | ip=null | op=WRITE_CHUNK {blockData=conID: 1 locID: 102654967614341747 bcsId: 4240} | ret=SUCCESS |  
2019-08-21 12:28:17,105 | INFO  | DNAudit | user=null | ip=null | op=WRITE_CHUNK {blockData=conID: 1 locID: 102654967614341747 bcsId: 0} | ret=SUCCESS |  
2019-08-21 12:28:17,105 | INFO  | DNAudit | user=null | ip=null | op=WRITE_CHUNK {blockData=conID: 1 locID: 102654967614341747 bcsId: 0} | ret=SUCCESS |  
2019-08-21 12:28:17,105 | INFO  | DNAudit | user=null | ip=null | op=PUT_BLOCK {blockData=[blockId=conID: 1 locID: 102654967614341747 bcsId: 0,size=2097152]} | ret=SUCCESS |  
2019-08-21 12:28:17,105 | INFO  | DNAudit | user=null | ip=null | op=PUT_BLOCK {blockData=[blockId=conID: 1 locID: 102654967614341747 bcsId: 0,size=2097152]} | ret=SUCCESS |  
2019-08-21 12:28:17,106 | INFO  | DNAudit | user=null | ip=null | op=WRITE_CHUNK {blockData=conID: 1 locID: 102654967614341747 bcsId: 4240} | ret=SUCCESS |  
2019-08-21 12:28:17,107 | INFO  | DNAudit | user=null | ip=null | op=PUT_BLOCK {blockData=[blockId=conID: 1 locID: 102654967614341747 bcsId: 0,size=3145728]} | ret=SUCCESS |  
2019-08-21 12:28:17,107 [grpc-default-executor-2] INFO  client.GrpcClientProtocolClient (GrpcClientProtocolClient.java:onNext(255)) - client-C954105195FD->270584e6-a4a8-4db5-8151-214655ce1a56: receive RaftClientReply:client-C954105195FD->270584e6-a4a8-4db5-8151-214655ce1a56@group-787F5BA3AA67, cid=2835, SUCCESS, logIndex=4245, commits[270584e6-a4a8-4db5-8151-214655ce1a56:c4246, af078b8b-61ec-497f-9506-472d46a72462:c4240, 09fb9ab4-1b8d-44c0-9f8c-50855c6f1fed:c4241]
2019-08-21 12:28:17,107 [grpc-default-executor-2] INFO  client.GrpcClientProtocolClient (GrpcClientProtocolClient.java:onNext(255)) - client-C954105195FD->270584e6-a4a8-4db5-8151-214655ce1a56: receive RaftClientReply:client-C954105195FD->270584e6-a4a8-4db5-8151-214655ce1a56@group-787F5BA3AA67, cid=2836, SUCCESS, logIndex=4246, commits[270584e6-a4a8-4db5-8151-214655ce1a56:c4246, af078b8b-61ec-497f-9506-472d46a72462:c4241, 09fb9ab4-1b8d-44c0-9f8c-50855c6f1fed:c4241]
2019-08-21 12:28:17,114 | INFO  | DNAudit | user=null | ip=null | op=WRITE_CHUNK {blockData=conID: 1 locID: 102654967614341747 bcsId: 4246} | ret=SUCCESS |  
2019-08-21 12:28:17,115 | INFO  | DNAudit | user=null | ip=null | op=WRITE_CHUNK {blockData=conID: 1 locID: 102654967614341747 bcsId: 4246} | ret=SUCCESS |  
2019-08-21 12:28:17,116 | INFO  | DNAudit | user=null | ip=null | op=WRITE_CHUNK {blockData=conID: 1 locID: 102654967614341747 bcsId: 4246} | ret=SUCCESS |  
2019-08-21 12:28:17,121 | INFO  | DNAudit | user=null | ip=null | op=WRITE_CHUNK {blockData=conID: 1 locID: 102654967614341747 bcsId: 4240} | ret=SUCCESS |  
2019-08-21 12:28:17,121 | INFO  | DNAudit | user=null | ip=null | op=WRITE_CHUNK {blockData=conID: 1 locID: 102654967614341747 bcsId: 4240} | ret=SUCCESS |  
2019-08-21 12:28:17,133 | INFO  | DNAudit | user=null | ip=null | op=PUT_BLOCK {blockData=[blockId=conID: 1 locID: 102654967614341747 bcsId: 0,size=3145728]} | ret=SUCCESS |  
2019-08-21 12:28:17,133 | INFO  | DNAudit | user=null | ip=null | op=PUT_BLOCK {blockData=[blockId=conID: 1 locID: 102654967614341747 bcsId: 0,size=3145728]} | ret=SUCCESS |  
2019-08-21 12:28:17,133 | INFO  | DNAudit | user=null | ip=null | op=WRITE_CHUNK {blockData=conID: 1 locID: 102654967614341747 bcsId: 4246} | ret=SUCCESS |  
2019-08-21 12:28:17,134 | INFO  | DNAudit | user=null | ip=null | op=PUT_BLOCK {blockData=[blockId=conID: 1 locID: 102654967614341747 bcsId: 0,size=4194304]} | ret=SUCCESS |  
2019-08-21 12:28:17,134 [grpc-default-executor-4] INFO  client.GrpcClientProtocolClient (GrpcClientProtocolClient.java:onNext(255)) - client-C954105195FD->270584e6-a4a8-4db5-8151-214655ce1a56: receive RaftClientReply:client-C954105195FD->270584e6-a4a8-4db5-8151-214655ce1a56@group-787F5BA3AA67, cid=2837, SUCCESS, logIndex=4249, commits[270584e6-a4a8-4db5-8151-214655ce1a56:c4249, af078b8b-61ec-497f-9506-472d46a72462:c4246, 09fb9ab4-1b8d-44c0-9f8c-50855c6f1fed:c4246]
2019-08-21 12:28:17,134 [grpc-default-executor-4] INFO  client.GrpcClientProtocolClient (GrpcClientProtocolClient.java:onNext(255)) - client-C954105195FD->270584e6-a4a8-4db5-8151-214655ce1a56: receive RaftClientReply:client-C954105195FD->270584e6-a4a8-4db5-8151-214655ce1a56@group-787F5BA3AA67, cid=2838, SUCCESS, logIndex=4250, commits[270584e6-a4a8-4db5-8151-214655ce1a56:c4250, af078b8b-61ec-497f-9506-472d46a72462:c4246, 09fb9ab4-1b8d-44c0-9f8c-50855c6f1fed:c4246]
2019-08-21 12:28:17,146 | INFO  | DNAudit | user=null | ip=null | op=WRITE_CHUNK {blockData=conID: 1 locID: 102654967614341747 bcsId: 4246} | ret=SUCCESS |  
2019-08-21 12:28:17,147 | INFO  | DNAudit | user=null | ip=null | op=WRITE_CHUNK {blockData=conID: 1 locID: 102654967614341747 bcsId: 4246} | ret=SUCCESS |  
2019-08-21 12:28:17,160 | INFO  | DNAudit | user=null | ip=null | op=PUT_BLOCK {blockData=[blockId=conID: 1 locID: 102654967614341747 bcsId: 0,size=4194304]} | ret=SUCCESS |  
2019-08-21 12:28:17,160 | INFO  | DNAudit | user=null | ip=null | op=PUT_BLOCK {blockData=[blockId=conID: 1 locID: 102654967614341747 bcsId: 0,size=4194304]} | ret=SUCCESS |  
2019-08-21 12:28:17,161 [grpc-default-executor-4] INFO  client.GrpcClientProtocolClient (GrpcClientProtocolClient.java:onNext(255)) - client-C954105195FD->270584e6-a4a8-4db5-8151-214655ce1a56: receive RaftClientReply:client-C954105195FD->270584e6-a4a8-4db5-8151-214655ce1a56@group-787F5BA3AA67, cid=2839, SUCCESS, logIndex=0, commits[270584e6-a4a8-4db5-8151-214655ce1a56:c4252, af078b8b-61ec-497f-9506-472d46a72462:c4250, 09fb9ab4-1b8d-44c0-9f8c-50855c6f1fed:c4250]
2019-08-21 12:28:17,166 | INFO  | SCMAudit | user=jenkins1000 | ip=192.168.34.23 | op=ALLOCATE_BLOCK {owner=b79f83c9-5f7d-4caf-af30-78af34bc5eea, size=4194304, type=RATIS, factor=THREE} | ret=SUCCESS |  
2019-08-21 12:28:17,170 | INFO  | OMAudit | user=jenkins1000 | ip=127.0.0.1 | op=ALLOCATE_BLOCK {volume=vol-0-06517, bucket=bucket-0-64549, key=key-0-34512, dataSize=0, replicationType=null, replicationFactor=null, keyLocationInfo=null, clientID=102654965997830546} | ret=SUCCESS |  
2019-08-21 12:28:17,176 | INFO  | DNAudit | user=null | ip=null | op=WRITE_CHUNK {blockData=conID: 2 locID: 102654967622271604 bcsId: 0} | ret=SUCCESS |  
2019-08-21 12:28:17,179 | INFO  | DNAudit | user=null | ip=null | op=WRITE_CHUNK {blockData=conID: 2 locID: 102654967622271604 bcsId: 0} | ret=SUCCESS |  
2019-08-21 12:28:17,180 | INFO  | DNAudit | user=null | ip=null | op=WRITE_CHUNK {blockData=conID: 2 locID: 102654967622271604 bcsId: 0} | ret=SUCCESS |  
2019-08-21 12:28:17,180 | INFO  | DNAudit | user=null | ip=null | op=WRITE_CHUNK {blockData=conID: 2 locID: 102654967622271604 bcsId: 0} | ret=SUCCESS |  
2019-08-21 12:28:17,182 | INFO  | DNAudit | user=null | ip=null | op=WRITE_CHUNK {blockData=conID: 2 locID: 102654967622271604 bcsId: 0} | ret=SUCCESS |  
2019-08-21 12:28:17,182 | INFO  | DNAudit | user=null | ip=null | op=WRITE_CHUNK {blockData=conID: 2 locID: 102654967622271604 bcsId: 0} | ret=SUCCESS |  
2019-08-21 12:28:17,189 | INFO  | SCMAudit | user=jenkins1000 | ip=192.168.34.23 | op=SEND_HEARTBEAT {datanodeUUID=39ae8c09-9b4b-4ddc-906b-4e52d104e1b1, command=[]} | ret=SUCCESS |  
2019-08-21 12:28:17,189 | INFO  | SCMAudit | user=jenkins1000 | ip=192.168.34.23 | op=SEND_HEARTBEAT {datanodeUUID=0aa4def6-fe9f-4182-b0b1-80406548816f, command=[]} | ret=SUCCESS |  
2019-08-21 12:28:17,194 | INFO  | DNAudit | user=null | ip=null | op=WRITE_CHUNK {blockData=conID: 2 locID: 102654967622271604 bcsId: 0} | ret=SUCCESS |  
2019-08-21 12:28:17,195 | INFO  | DNAudit | user=null | ip=null | op=PUT_BLOCK {blockData=[blockId=conID: 2 locID: 102654967622271604 bcsId: 0,size=1048576]} | ret=SUCCESS |  
2019-08-21 12:28:17,195 [grpc-default-executor-4] INFO  client.GrpcClientProtocolClient (GrpcClientProtocolClient.java:onNext(255)) - client-C954105195FD->270584e6-a4a8-4db5-8151-214655ce1a56: receive RaftClientReply:client-C954105195FD->270584e6-a4a8-4db5-8151-214655ce1a56@group-787F5BA3AA67, cid=2840, SUCCESS, logIndex=4253, commits[270584e6-a4a8-4db5-8151-214655ce1a56:c4255, af078b8b-61ec-497f-9506-472d46a72462:c4252, 09fb9ab4-1b8d-44c0-9f8c-50855c6f1fed:c4252]
2019-08-21 12:28:17,195 | INFO  | DNAudit | user=null | ip=null | op=WRITE_CHUNK {blockData=conID: 2 locID: 102654967622271604 bcsId: 0} | ret=SUCCESS |  
2019-08-21 12:28:17,195 | INFO  | DNAudit | user=null | ip=null | op=PUT_BLOCK {blockData=[blockId=conID: 2 locID: 102654967622271604 bcsId: 0,size=2097152]} | ret=SUCCESS |  
2019-08-21 12:28:17,196 [grpc-default-executor-4] INFO  client.GrpcClientProtocolClient (GrpcClientProtocolClient.java:onNext(255)) - client-C954105195FD->270584e6-a4a8-4db5-8151-214655ce1a56: receive RaftClientReply:client-C954105195FD->270584e6-a4a8-4db5-8151-214655ce1a56@group-787F5BA3AA67, cid=2841, SUCCESS, logIndex=4254, commits[270584e6-a4a8-4db5-8151-214655ce1a56:c4256, af078b8b-61ec-497f-9506-472d46a72462:c4252, 09fb9ab4-1b8d-44c0-9f8c-50855c6f1fed:c4252]
2019-08-21 12:28:17,196 | INFO  | DNAudit | user=null | ip=null | op=WRITE_CHUNK {blockData=conID: 2 locID: 102654967622271604 bcsId: 0} | ret=SUCCESS |  
2019-08-21 12:28:17,196 [grpc-default-executor-4] INFO  client.GrpcClientProtocolClient (GrpcClientProtocolClient.java:onNext(255)) - client-C954105195FD->270584e6-a4a8-4db5-8151-214655ce1a56: receive RaftClientReply:client-C954105195FD->270584e6-a4a8-4db5-8151-214655ce1a56@group-787F5BA3AA67, cid=2842, SUCCESS, logIndex=4255, commits[270584e6-a4a8-4db5-8151-214655ce1a56:c4256, af078b8b-61ec-497f-9506-472d46a72462:c4252, 09fb9ab4-1b8d-44c0-9f8c-50855c6f1fed:c4252]
2019-08-21 12:28:17,196 [grpc-default-executor-4] INFO  client.GrpcClientProtocolClient (GrpcClientProtocolClient.java:onNext(255)) - client-C954105195FD->270584e6-a4a8-4db5-8151-214655ce1a56: receive RaftClientReply:client-C954105195FD->270584e6-a4a8-4db5-8151-214655ce1a56@group-787F5BA3AA67, cid=2843, SUCCESS, logIndex=4256, commits[270584e6-a4a8-4db5-8151-214655ce1a56:c4256, af078b8b-61ec-497f-9506-472d46a72462:c4252, 09fb9ab4-1b8d-44c0-9f8c-50855c6f1fed:c4252]
2019-08-21 12:28:17,198 | INFO  | DNAudit | user=null | ip=null | op=WRITE_CHUNK {blockData=conID: 2 locID: 102654967622271604 bcsId: 0} | ret=SUCCESS |  
2019-08-21 12:28:17,198 | INFO  | DNAudit | user=null | ip=null | op=PUT_BLOCK {blockData=[blockId=conID: 2 locID: 102654967622271604 bcsId: 0,size=1048576]} | ret=SUCCESS |  
2019-08-21 12:28:17,199 | INFO  | DNAudit | user=null | ip=null | op=WRITE_CHUNK {blockData=conID: 2 locID: 102654967622271604 bcsId: 0} | ret=SUCCESS |  
2019-08-21 12:28:17,199 | INFO  | DNAudit | user=null | ip=null | op=PUT_BLOCK {blockData=[blockId=conID: 2 locID: 102654967622271604 bcsId: 0,size=2097152]} | ret=SUCCESS |  
2019-08-21 12:28:17,208 | INFO  | DNAudit | user=null | ip=null | op=PUT_BLOCK {blockData=[blockId=conID: 2 locID: 102654967622271604 bcsId: 0,size=1048576]} | ret=SUCCESS |  
2019-08-21 12:28:17,209 | INFO  | DNAudit | user=null | ip=null | op=WRITE_CHUNK {blockData=conID: 2 locID: 102654967622271604 bcsId: 0} | ret=SUCCESS |  
2019-08-21 12:28:17,209 | INFO  | DNAudit | user=null | ip=null | op=PUT_BLOCK {blockData=[blockId=conID: 2 locID: 102654967622271604 bcsId: 0,size=2097152]} | ret=SUCCESS |  
2019-08-21 12:28:17,209 [grpc-default-executor-4] INFO  client.GrpcClientProtocolClient (GrpcClientProtocolClient.java:onNext(255)) - client-C954105195FD->270584e6-a4a8-4db5-8151-214655ce1a56: receive RaftClientReply:client-C954105195FD->270584e6-a4a8-4db5-8151-214655ce1a56@group-787F5BA3AA67, cid=2844, SUCCESS, logIndex=0, commits[270584e6-a4a8-4db5-8151-214655ce1a56:c4260, af078b8b-61ec-497f-9506-472d46a72462:c4255, 09fb9ab4-1b8d-44c0-9f8c-50855c6f1fed:c4256]
2019-08-21 12:28:17,215 | INFO  | DNAudit | user=null | ip=null | op=WRITE_CHUNK {blockData=conID: 2 locID: 102654967622271604 bcsId: 4256} | ret=SUCCESS |  
2019-08-21 12:28:17,218 | INFO  | DNAudit | user=null | ip=null | op=WRITE_CHUNK {blockData=conID: 2 locID: 102654967622271604 bcsId: 4256} | ret=SUCCESS |  
2019-08-21 12:28:17,218 | INFO  | DNAudit | user=null | ip=null | op=WRITE_CHUNK {blockData=conID: 2 locID: 102654967622271604 bcsId: 4256} | ret=SUCCESS |  
2019-08-21 12:28:17,231 | INFO  | DNAudit | user=null | ip=null | op=WRITE_CHUNK {blockData=conID: 2 locID: 102654967622271604 bcsId: 4256} | ret=SUCCESS |  
2019-08-21 12:28:17,231 | INFO  | DNAudit | user=null | ip=null | op=PUT_BLOCK {blockData=[blockId=conID: 2 locID: 102654967622271604 bcsId: 0,size=3145728]} | ret=SUCCESS |  
2019-08-21 12:28:17,231 [grpc-default-executor-2] INFO  client.GrpcClientProtocolClient (GrpcClientProtocolClient.java:onNext(255)) - client-C954105195FD->270584e6-a4a8-4db5-8151-214655ce1a56: receive RaftClientReply:client-C954105195FD->270584e6-a4a8-4db5-8151-214655ce1a56@group-787F5BA3AA67, cid=2845, SUCCESS, logIndex=4261, commits[270584e6-a4a8-4db5-8151-214655ce1a56:c4262, af078b8b-61ec-497f-9506-472d46a72462:c4260, 09fb9ab4-1b8d-44c0-9f8c-50855c6f1fed:c4260]
2019-08-21 12:28:17,232 [grpc-default-executor-2] INFO  client.GrpcClientProtocolClient (GrpcClientProtocolClient.java:onNext(255)) - client-C954105195FD->270584e6-a4a8-4db5-8151-214655ce1a56: receive RaftClientReply:client-C954105195FD->270584e6-a4a8-4db5-8151-214655ce1a56@group-787F5BA3AA67, cid=2846, SUCCESS, logIndex=4262, commits[270584e6-a4a8-4db5-8151-214655ce1a56:c4262, af078b8b-61ec-497f-9506-472d46a72462:c4260, 09fb9ab4-1b8d-44c0-9f8c-50855c6f1fed:c4260]
2019-08-21 12:28:17,237 | INFO  | DNAudit | user=null | ip=null | op=WRITE_CHUNK {blockData=conID: 2 locID: 102654967622271604 bcsId: 4262} | ret=SUCCESS |  
2019-08-21 12:28:17,239 | INFO  | DNAudit | user=null | ip=null | op=WRITE_CHUNK {blockData=conID: 2 locID: 102654967622271604 bcsId: 4262} | ret=SUCCESS |  
2019-08-21 12:28:17,240 | INFO  | DNAudit | user=null | ip=null | op=WRITE_CHUNK {blockData=conID: 2 locID: 102654967622271604 bcsId: 4262} | ret=SUCCESS |  
2019-08-21 12:28:17,243 | INFO  | DNAudit | user=null | ip=null | op=WRITE_CHUNK {blockData=conID: 2 locID: 102654967622271604 bcsId: 4256} | ret=SUCCESS |  
2019-08-21 12:28:17,243 | INFO  | DNAudit | user=null | ip=null | op=WRITE_CHUNK {blockData=conID: 2 locID: 102654967622271604 bcsId: 4256} | ret=SUCCESS |  
2019-08-21 12:28:17,255 | INFO  | DNAudit | user=null | ip=null | op=PUT_BLOCK {blockData=[blockId=conID: 2 locID: 102654967622271604 bcsId: 0,size=3145728]} | ret=SUCCESS |  
2019-08-21 12:28:17,255 | INFO  | DNAudit | user=null | ip=null | op=PUT_BLOCK {blockData=[blockId=conID: 2 locID: 102654967622271604 bcsId: 0,size=3145728]} | ret=SUCCESS |  
2019-08-21 12:28:17,256 | INFO  | DNAudit | user=null | ip=null | op=WRITE_CHUNK {blockData=conID: 2 locID: 102654967622271604 bcsId: 4262} | ret=SUCCESS |  
2019-08-21 12:28:17,256 | INFO  | DNAudit | user=null | ip=null | op=PUT_BLOCK {blockData=[blockId=conID: 2 locID: 102654967622271604 bcsId: 0,size=4194304]} | ret=SUCCESS |  
2019-08-21 12:28:17,256 [grpc-default-executor-2] INFO  client.GrpcClientProtocolClient (GrpcClientProtocolClient.java:onNext(255)) - client-C954105195FD->270584e6-a4a8-4db5-8151-214655ce1a56: receive RaftClientReply:client-C954105195FD->270584e6-a4a8-4db5-8151-214655ce1a56@group-787F5BA3AA67, cid=2847, SUCCESS, logIndex=4265, commits[270584e6-a4a8-4db5-8151-214655ce1a56:c4266, af078b8b-61ec-497f-9506-472d46a72462:c4262, 09fb9ab4-1b8d-44c0-9f8c-50855c6f1fed:c4262]
2019-08-21 12:28:17,257 [grpc-default-executor-2] INFO  client.GrpcClientProtocolClient (GrpcClientProtocolClient.java:onNext(255)) - client-C954105195FD->270584e6-a4a8-4db5-8151-214655ce1a56: receive RaftClientReply:client-C954105195FD->270584e6-a4a8-4db5-8151-214655ce1a56@group-787F5BA3AA67, cid=2848, SUCCESS, logIndex=4266, commits[270584e6-a4a8-4db5-8151-214655ce1a56:c4266, af078b8b-61ec-497f-9506-472d46a72462:c4262, 09fb9ab4-1b8d-44c0-9f8c-50855c6f1fed:c4262]
2019-08-21 12:28:17,281 | INFO  | DNAudit | user=null | ip=null | op=WRITE_CHUNK {blockData=conID: 2 locID: 102654967622271604 bcsId: 4262} | ret=SUCCESS |  
2019-08-21 12:28:17,281 | INFO  | DNAudit | user=null | ip=null | op=WRITE_CHUNK {blockData=conID: 2 locID: 102654967622271604 bcsId: 4262} | ret=SUCCESS |  
2019-08-21 12:28:17,284 | INFO  | DNAudit | user=null | ip=null | op=PUT_BLOCK {blockData=[blockId=conID: 2 locID: 102654967622271604 bcsId: 0,size=4194304]} | ret=SUCCESS |  
2019-08-21 12:28:17,284 | INFO  | DNAudit | user=null | ip=null | op=PUT_BLOCK {blockData=[blockId=conID: 2 locID: 102654967622271604 bcsId: 0,size=4194304]} | ret=SUCCESS |  
2019-08-21 12:28:17,285 [grpc-default-executor-4] INFO  client.GrpcClientProtocolClient (GrpcClientProtocolClient.java:onNext(255)) - client-C954105195FD->270584e6-a4a8-4db5-8151-214655ce1a56: receive RaftClientReply:client-C954105195FD->270584e6-a4a8-4db5-8151-214655ce1a56@group-787F5BA3AA67, cid=2849, SUCCESS, logIndex=0, commits[270584e6-a4a8-4db5-8151-214655ce1a56:c4268, af078b8b-61ec-497f-9506-472d46a72462:c4266, 09fb9ab4-1b8d-44c0-9f8c-50855c6f1fed:c4266]
2019-08-21 12:28:17,291 | INFO  | SCMAudit | user=jenkins1000 | ip=192.168.34.23 | op=ALLOCATE_BLOCK {owner=b79f83c9-5f7d-4caf-af30-78af34bc5eea, size=4194304, type=RATIS, factor=THREE} | ret=SUCCESS |  
2019-08-21 12:28:17,295 | INFO  | OMAudit | user=jenkins1000 | ip=127.0.0.1 | op=ALLOCATE_BLOCK {volume=vol-0-06517, bucket=bucket-0-64549, key=key-0-34512, dataSize=0, replicationType=null, replicationFactor=null, keyLocationInfo=null, clientID=102654965997830546} | ret=SUCCESS |  
2019-08-21 12:28:17,302 | INFO  | DNAudit | user=null | ip=null | op=WRITE_CHUNK {blockData=conID: 3 locID: 102654967630463605 bcsId: 0} | ret=SUCCESS |  
2019-08-21 12:28:17,304 | INFO  | DNAudit | user=null | ip=null | op=WRITE_CHUNK {blockData=conID: 3 locID: 102654967630463605 bcsId: 0} | ret=SUCCESS |  
2019-08-21 12:28:17,304 | INFO  | DNAudit | user=null | ip=null | op=WRITE_CHUNK {blockData=conID: 3 locID: 102654967630463605 bcsId: 0} | ret=SUCCESS |  
2019-08-21 12:28:17,305 | INFO  | DNAudit | user=null | ip=null | op=WRITE_CHUNK {blockData=conID: 3 locID: 102654967630463605 bcsId: 0} | ret=SUCCESS |  
2019-08-21 12:28:17,306 | INFO  | DNAudit | user=null | ip=null | op=WRITE_CHUNK {blockData=conID: 3 locID: 102654967630463605 bcsId: 0} | ret=SUCCESS |  
2019-08-21 12:28:17,307 | INFO  | DNAudit | user=null | ip=null | op=WRITE_CHUNK {blockData=conID: 3 locID: 102654967630463605 bcsId: 0} | ret=SUCCESS |  
2019-08-21 12:28:17,314 | INFO  | DNAudit | user=null | ip=null | op=WRITE_CHUNK {blockData=conID: 3 locID: 102654967630463605 bcsId: 0} | ret=SUCCESS |  
2019-08-21 12:28:17,315 | INFO  | DNAudit | user=null | ip=null | op=PUT_BLOCK {blockData=[blockId=conID: 3 locID: 102654967630463605 bcsId: 0,size=1048576]} | ret=SUCCESS |  
2019-08-21 12:28:17,315 [grpc-default-executor-4] INFO  client.GrpcClientProtocolClient (GrpcClientProtocolClient.java:onNext(255)) - client-C954105195FD->270584e6-a4a8-4db5-8151-214655ce1a56: receive RaftClientReply:client-C954105195FD->270584e6-a4a8-4db5-8151-214655ce1a56@group-787F5BA3AA67, cid=2850, SUCCESS, logIndex=4269, commits[270584e6-a4a8-4db5-8151-214655ce1a56:c4271, af078b8b-61ec-497f-9506-472d46a72462:c4268, 09fb9ab4-1b8d-44c0-9f8c-50855c6f1fed:c4268]
2019-08-21 12:28:17,315 | INFO  | DNAudit | user=null | ip=null | op=WRITE_CHUNK {blockData=conID: 3 locID: 102654967630463605 bcsId: 0} | ret=SUCCESS |  
2019-08-21 12:28:17,316 [grpc-default-executor-4] INFO  client.GrpcClientProtocolClient (GrpcClientProtocolClient.java:onNext(255)) - client-C954105195FD->270584e6-a4a8-4db5-8151-214655ce1a56: receive RaftClientReply:client-C954105195FD->270584e6-a4a8-4db5-8151-214655ce1a56@group-787F5BA3AA67, cid=2851, SUCCESS, logIndex=4270, commits[270584e6-a4a8-4db5-8151-214655ce1a56:c4272, af078b8b-61ec-497f-9506-472d46a72462:c4268, 09fb9ab4-1b8d-44c0-9f8c-50855c6f1fed:c4268]
2019-08-21 12:28:17,316 | INFO  | DNAudit | user=null | ip=null | op=PUT_BLOCK {blockData=[blockId=conID: 3 locID: 102654967630463605 bcsId: 0,size=2097152]} | ret=SUCCESS |  
2019-08-21 12:28:17,316 [grpc-default-executor-4] INFO  client.GrpcClientProtocolClient (GrpcClientProtocolClient.java:onNext(255)) - client-C954105195FD->270584e6-a4a8-4db5-8151-214655ce1a56: receive RaftClientReply:client-C954105195FD->270584e6-a4a8-4db5-8151-214655ce1a56@group-787F5BA3AA67, cid=2852, SUCCESS, logIndex=4271, commits[270584e6-a4a8-4db5-8151-214655ce1a56:c4272, af078b8b-61ec-497f-9506-472d46a72462:c4268, 09fb9ab4-1b8d-44c0-9f8c-50855c6f1fed:c4268]
2019-08-21 12:28:17,316 [grpc-default-executor-4] INFO  client.GrpcClientProtocolClient (GrpcClientProtocolClient.java:onNext(255)) - client-C954105195FD->270584e6-a4a8-4db5-8151-214655ce1a56: receive RaftClientReply:client-C954105195FD->270584e6-a4a8-4db5-8151-214655ce1a56@group-787F5BA3AA67, cid=2853, SUCCESS, logIndex=4272, commits[270584e6-a4a8-4db5-8151-214655ce1a56:c4272, af078b8b-61ec-497f-9506-472d46a72462:c4268, 09fb9ab4-1b8d-44c0-9f8c-50855c6f1fed:c4268]
2019-08-21 12:28:17,317 | INFO  | DNAudit | user=null | ip=null | op=WRITE_CHUNK {blockData=conID: 3 locID: 102654967630463605 bcsId: 0} | ret=SUCCESS |  
2019-08-21 12:28:17,329 | INFO  | DNAudit | user=null | ip=null | op=PUT_BLOCK {blockData=[blockId=conID: 3 locID: 102654967630463605 bcsId: 0,size=1048576]} | ret=SUCCESS |  
2019-08-21 12:28:17,329 | INFO  | DNAudit | user=null | ip=null | op=WRITE_CHUNK {blockData=conID: 3 locID: 102654967630463605 bcsId: 0} | ret=SUCCESS |  
2019-08-21 12:28:17,329 | INFO  | DNAudit | user=null | ip=null | op=WRITE_CHUNK {blockData=conID: 3 locID: 102654967630463605 bcsId: 0} | ret=SUCCESS |  
2019-08-21 12:28:17,329 | INFO  | DNAudit | user=null | ip=null | op=PUT_BLOCK {blockData=[blockId=conID: 3 locID: 102654967630463605 bcsId: 0,size=1048576]} | ret=SUCCESS |  
2019-08-21 12:28:17,329 | INFO  | DNAudit | user=null | ip=null | op=WRITE_CHUNK {blockData=conID: 3 locID: 102654967630463605 bcsId: 0} | ret=SUCCESS |  
2019-08-21 12:28:17,329 | INFO  | DNAudit | user=null | ip=null | op=PUT_BLOCK {blockData=[blockId=conID: 3 locID: 102654967630463605 bcsId: 0,size=2097152]} | ret=SUCCESS |  
2019-08-21 12:28:17,330 | INFO  | DNAudit | user=null | ip=null | op=PUT_BLOCK {blockData=[blockId=conID: 3 locID: 102654967630463605 bcsId: 0,size=2097152]} | ret=SUCCESS |  
2019-08-21 12:28:17,330 [grpc-default-executor-4] INFO  client.GrpcClientProtocolClient (GrpcClientProtocolClient.java:onNext(255)) - client-C954105195FD->270584e6-a4a8-4db5-8151-214655ce1a56: receive RaftClientReply:client-C954105195FD->270584e6-a4a8-4db5-8151-214655ce1a56@group-787F5BA3AA67, cid=2854, SUCCESS, logIndex=0, commits[270584e6-a4a8-4db5-8151-214655ce1a56:c4275, af078b8b-61ec-497f-9506-472d46a72462:c4270, 09fb9ab4-1b8d-44c0-9f8c-50855c6f1fed:c4271]
2019-08-21 12:28:17,336 | INFO  | DNAudit | user=null | ip=null | op=WRITE_CHUNK {blockData=conID: 3 locID: 102654967630463605 bcsId: 4272} | ret=SUCCESS |  
2019-08-21 12:28:17,481 | INFO  | DNAudit | user=null | ip=null | op=WRITE_CHUNK {blockData=conID: 3 locID: 102654967630463605 bcsId: 4272} | ret=SUCCESS |  
2019-08-21 12:28:17,481 | INFO  | DNAudit | user=null | ip=null | op=WRITE_CHUNK {blockData=conID: 3 locID: 102654967630463605 bcsId: 4272} | ret=SUCCESS |  
2019-08-21 12:28:17,493 | INFO  | DNAudit | user=null | ip=null | op=WRITE_CHUNK {blockData=conID: 3 locID: 102654967630463605 bcsId: 4272} | ret=SUCCESS |  
2019-08-21 12:28:17,494 | INFO  | DNAudit | user=null | ip=null | op=PUT_BLOCK {blockData=[blockId=conID: 3 locID: 102654967630463605 bcsId: 0,size=3145728]} | ret=SUCCESS |  
2019-08-21 12:28:17,494 [grpc-default-executor-5] INFO  client.GrpcClientProtocolClient (GrpcClientProtocolClient.java:onNext(255)) - client-C954105195FD->270584e6-a4a8-4db5-8151-214655ce1a56: receive RaftClientReply:client-C954105195FD->270584e6-a4a8-4db5-8151-214655ce1a56@group-787F5BA3AA67, cid=2855, SUCCESS, logIndex=4277, commits[270584e6-a4a8-4db5-8151-214655ce1a56:c4278, af078b8b-61ec-497f-9506-472d46a72462:c4276, 09fb9ab4-1b8d-44c0-9f8c-50855c6f1fed:c4276]
2019-08-21 12:28:17,495 [grpc-default-executor-5] INFO  client.GrpcClientProtocolClient (GrpcClientProtocolClient.java:onNext(255)) - client-C954105195FD->270584e6-a4a8-4db5-8151-214655ce1a56: receive RaftClientReply:client-C954105195FD->270584e6-a4a8-4db5-8151-214655ce1a56@group-787F5BA3AA67, cid=2856, SUCCESS, logIndex=4278, commits[270584e6-a4a8-4db5-8151-214655ce1a56:c4278, af078b8b-61ec-497f-9506-472d46a72462:c4276, 09fb9ab4-1b8d-44c0-9f8c-50855c6f1fed:c4276]
2019-08-21 12:28:17,503 | INFO  | DNAudit | user=null | ip=null | op=WRITE_CHUNK {blockData=conID: 3 locID: 102654967630463605 bcsId: 4278} | ret=SUCCESS |  
2019-08-21 12:28:17,505 | INFO  | DNAudit | user=null | ip=null | op=WRITE_CHUNK {blockData=conID: 3 locID: 102654967630463605 bcsId: 4278} | ret=SUCCESS |  
2019-08-21 12:28:17,506 | INFO  | DNAudit | user=null | ip=null | op=WRITE_CHUNK {blockData=conID: 3 locID: 102654967630463605 bcsId: 4278} | ret=SUCCESS |  
2019-08-21 12:28:17,506 | INFO  | DNAudit | user=null | ip=null | op=WRITE_CHUNK {blockData=conID: 3 locID: 102654967630463605 bcsId: 4272} | ret=SUCCESS |  
2019-08-21 12:28:17,509 | INFO  | DNAudit | user=null | ip=null | op=WRITE_CHUNK {blockData=conID: 3 locID: 102654967630463605 bcsId: 4272} | ret=SUCCESS |  
2019-08-21 12:28:17,509 | INFO  | DNAudit | user=null | ip=null | op=PUT_BLOCK {blockData=[blockId=conID: 3 locID: 102654967630463605 bcsId: 0,size=3145728]} | ret=SUCCESS |  
2019-08-21 12:28:17,509 | INFO  | DNAudit | user=null | ip=null | op=PUT_BLOCK {blockData=[blockId=conID: 3 locID: 102654967630463605 bcsId: 0,size=3145728]} | ret=SUCCESS |  
2019-08-21 12:28:17,519 | INFO  | DNAudit | user=null | ip=null | op=WRITE_CHUNK {blockData=conID: 3 locID: 102654967630463605 bcsId: 4278} | ret=SUCCESS |  
2019-08-21 12:28:17,520 | INFO  | DNAudit | user=null | ip=null | op=PUT_BLOCK {blockData=[blockId=conID: 3 locID: 102654967630463605 bcsId: 0,size=4194304]} | ret=SUCCESS |  
2019-08-21 12:28:17,520 [grpc-default-executor-1] INFO  client.GrpcClientProtocolClient (GrpcClientProtocolClient.java:onNext(255)) - client-C954105195FD->270584e6-a4a8-4db5-8151-214655ce1a56: receive RaftClientReply:client-C954105195FD->270584e6-a4a8-4db5-8151-214655ce1a56@group-787F5BA3AA67, cid=2857, SUCCESS, logIndex=4281, commits[270584e6-a4a8-4db5-8151-214655ce1a56:c4282, af078b8b-61ec-497f-9506-472d46a72462:c4278, 09fb9ab4-1b8d-44c0-9f8c-50855c6f1fed:c4278]
2019-08-21 12:28:17,521 [grpc-default-executor-1] INFO  client.GrpcClientProtocolClient (GrpcClientProtocolClient.java:onNext(255)) - client-C954105195FD->270584e6-a4a8-4db5-8151-214655ce1a56: receive RaftClientReply:client-C954105195FD->270584e6-a4a8-4db5-8151-214655ce1a56@group-787F5BA3AA67, cid=2858, SUCCESS, logIndex=4282, commits[270584e6-a4a8-4db5-8151-214655ce1a56:c4282, af078b8b-61ec-497f-9506-472d46a72462:c4278, 09fb9ab4-1b8d-44c0-9f8c-50855c6f1fed:c4278]
2019-08-21 12:28:17,537 | INFO  | DNAudit | user=null | ip=null | op=WRITE_CHUNK {blockData=conID: 3 locID: 102654967630463605 bcsId: 4278} | ret=SUCCESS |  
2019-08-21 12:28:17,538 | INFO  | DNAudit | user=null | ip=null | op=WRITE_CHUNK {blockData=conID: 3 locID: 102654967630463605 bcsId: 4278} | ret=SUCCESS |  
2019-08-21 12:28:17,538 | INFO  | DNAudit | user=null | ip=null | op=PUT_BLOCK {blockData=[blockId=conID: 3 locID: 102654967630463605 bcsId: 0,size=4194304]} | ret=SUCCESS |  
2019-08-21 12:28:17,539 | INFO  | DNAudit | user=null | ip=null | op=PUT_BLOCK {blockData=[blockId=conID: 3 locID: 102654967630463605 bcsId: 0,size=4194304]} | ret=SUCCESS |  
2019-08-21 12:28:17,540 [grpc-default-executor-1] INFO  client.GrpcClientProtocolClient (GrpcClientProtocolClient.java:onNext(255)) - client-C954105195FD->270584e6-a4a8-4db5-8151-214655ce1a56: receive RaftClientReply:client-C954105195FD->270584e6-a4a8-4db5-8151-214655ce1a56@group-787F5BA3AA67, cid=2859, SUCCESS, logIndex=0, commits[270584e6-a4a8-4db5-8151-214655ce1a56:c4284, af078b8b-61ec-497f-9506-472d46a72462:c4282, 09fb9ab4-1b8d-44c0-9f8c-50855c6f1fed:c4282]
2019-08-21 12:28:17,546 | INFO  | SCMAudit | user=jenkins1000 | ip=192.168.34.23 | op=ALLOCATE_BLOCK {owner=b79f83c9-5f7d-4caf-af30-78af34bc5eea, size=4194304, type=RATIS, factor=THREE} | ret=SUCCESS |  
2019-08-21 12:28:17,551 | INFO  | OMAudit | user=jenkins1000 | ip=127.0.0.1 | op=ALLOCATE_BLOCK {volume=vol-0-06517, bucket=bucket-0-64549, key=key-0-34512, dataSize=0, replicationType=null, replicationFactor=null, keyLocationInfo=null, clientID=102654965997830546} | ret=SUCCESS |  
2019-08-21 12:28:17,560 | INFO  | DNAudit | user=null | ip=null | op=WRITE_CHUNK {blockData=conID: 1 locID: 102654967647175286 bcsId: 0} | ret=SUCCESS |  
2019-08-21 12:28:17,563 | INFO  | DNAudit | user=null | ip=null | op=WRITE_CHUNK {blockData=conID: 1 locID: 102654967647175286 bcsId: 0} | ret=SUCCESS |  
2019-08-21 12:28:17,564 | INFO  | DNAudit | user=null | ip=null | op=WRITE_CHUNK {blockData=conID: 1 locID: 102654967647175286 bcsId: 0} | ret=SUCCESS |  
2019-08-21 12:28:17,564 | INFO  | DNAudit | user=null | ip=null | op=WRITE_CHUNK {blockData=conID: 1 locID: 102654967647175286 bcsId: 0} | ret=SUCCESS |  
2019-08-21 12:28:17,566 | INFO  | DNAudit | user=null | ip=null | op=WRITE_CHUNK {blockData=conID: 1 locID: 102654967647175286 bcsId: 0} | ret=SUCCESS |  
2019-08-21 12:28:17,567 | INFO  | DNAudit | user=null | ip=null | op=WRITE_CHUNK {blockData=conID: 1 locID: 102654967647175286 bcsId: 0} | ret=SUCCESS |  
2019-08-21 12:28:17,572 | INFO  | DNAudit | user=null | ip=null | op=WRITE_CHUNK {blockData=conID: 1 locID: 102654967647175286 bcsId: 0} | ret=SUCCESS |  
2019-08-21 12:28:17,573 | INFO  | DNAudit | user=null | ip=null | op=PUT_BLOCK {blockData=[blockId=conID: 1 locID: 102654967647175286 bcsId: 0,size=1048576]} | ret=SUCCESS |  
2019-08-21 12:28:17,573 [grpc-default-executor-4] INFO  client.GrpcClientProtocolClient (GrpcClientProtocolClient.java:onNext(255)) - client-C954105195FD->270584e6-a4a8-4db5-8151-214655ce1a56: receive RaftClientReply:client-C954105195FD->270584e6-a4a8-4db5-8151-214655ce1a56@group-787F5BA3AA67, cid=2860, SUCCESS, logIndex=4285, commits[270584e6-a4a8-4db5-8151-214655ce1a56:c4285, af078b8b-61ec-497f-9506-472d46a72462:c4284, 09fb9ab4-1b8d-44c0-9f8c-50855c6f1fed:c4284]
2019-08-21 12:28:17,574 | INFO  | DNAudit | user=null | ip=null | op=WRITE_CHUNK {blockData=conID: 1 locID: 102654967647175286 bcsId: 0} | ret=SUCCESS |  
2019-08-21 12:28:17,574 | INFO  | DNAudit | user=null | ip=null | op=PUT_BLOCK {blockData=[blockId=conID: 1 locID: 102654967647175286 bcsId: 0,size=2097152]} | ret=SUCCESS |  
2019-08-21 12:28:17,574 [grpc-default-executor-5] INFO  client.GrpcClientProtocolClient (GrpcClientProtocolClient.java:onNext(255)) - client-C954105195FD->270584e6-a4a8-4db5-8151-214655ce1a56: receive RaftClientReply:client-C954105195FD->270584e6-a4a8-4db5-8151-214655ce1a56@group-787F5BA3AA67, cid=2861, SUCCESS, logIndex=4286, commits[270584e6-a4a8-4db5-8151-214655ce1a56:c4288, af078b8b-61ec-497f-9506-472d46a72462:c4284, 09fb9ab4-1b8d-44c0-9f8c-50855c6f1fed:c4284]
2019-08-21 12:28:17,575 [grpc-default-executor-5] INFO  client.GrpcClientProtocolClient (GrpcClientProtocolClient.java:onNext(255)) - client-C954105195FD->270584e6-a4a8-4db5-8151-214655ce1a56: receive RaftClientReply:client-C954105195FD->270584e6-a4a8-4db5-8151-214655ce1a56@group-787F5BA3AA67, cid=2862, SUCCESS, logIndex=4287, commits[270584e6-a4a8-4db5-8151-214655ce1a56:c4288, af078b8b-61ec-497f-9506-472d46a72462:c4284, 09fb9ab4-1b8d-44c0-9f8c-50855c6f1fed:c4284]
2019-08-21 12:28:17,575 [grpc-default-executor-5] INFO  client.GrpcClientProtocolClient (GrpcClientProtocolClient.java:onNext(255)) - client-C954105195FD->270584e6-a4a8-4db5-8151-214655ce1a56: receive RaftClientReply:client-C954105195FD->270584e6-a4a8-4db5-8151-214655ce1a56@group-787F5BA3AA67, cid=2863, SUCCESS, logIndex=4288, commits[270584e6-a4a8-4db5-8151-214655ce1a56:c4288, af078b8b-61ec-497f-9506-472d46a72462:c4284, 09fb9ab4-1b8d-44c0-9f8c-50855c6f1fed:c4284]
2019-08-21 12:28:17,585 | INFO  | DNAudit | user=null | ip=null | op=WRITE_CHUNK {blockData=conID: 1 locID: 102654967647175286 bcsId: 0} | ret=SUCCESS |  
2019-08-21 12:28:17,585 | INFO  | DNAudit | user=null | ip=null | op=WRITE_CHUNK {blockData=conID: 1 locID: 102654967647175286 bcsId: 0} | ret=SUCCESS |  
2019-08-21 12:28:17,586 | INFO  | DNAudit | user=null | ip=null | op=PUT_BLOCK {blockData=[blockId=conID: 1 locID: 102654967647175286 bcsId: 0,size=1048576]} | ret=SUCCESS |  
2019-08-21 12:28:17,586 | INFO  | DNAudit | user=null | ip=null | op=PUT_BLOCK {blockData=[blockId=conID: 1 locID: 102654967647175286 bcsId: 0,size=1048576]} | ret=SUCCESS |  
2019-08-21 12:28:17,586 | INFO  | DNAudit | user=null | ip=null | op=WRITE_CHUNK {blockData=conID: 1 locID: 102654967647175286 bcsId: 0} | ret=SUCCESS |  
2019-08-21 12:28:17,586 | INFO  | DNAudit | user=null | ip=null | op=WRITE_CHUNK {blockData=conID: 1 locID: 102654967647175286 bcsId: 0} | ret=SUCCESS |  
2019-08-21 12:28:17,586 | INFO  | DNAudit | user=null | ip=null | op=PUT_BLOCK {blockData=[blockId=conID: 1 locID: 102654967647175286 bcsId: 0,size=2097152]} | ret=SUCCESS |  
2019-08-21 12:28:17,586 | INFO  | DNAudit | user=null | ip=null | op=PUT_BLOCK {blockData=[blockId=conID: 1 locID: 102654967647175286 bcsId: 0,size=2097152]} | ret=SUCCESS |  
2019-08-21 12:28:17,586 [grpc-default-executor-5] INFO  client.GrpcClientProtocolClient (GrpcClientProtocolClient.java:onNext(255)) - client-C954105195FD->270584e6-a4a8-4db5-8151-214655ce1a56: receive RaftClientReply:client-C954105195FD->270584e6-a4a8-4db5-8151-214655ce1a56@group-787F5BA3AA67, cid=2864, SUCCESS, logIndex=0, commits[270584e6-a4a8-4db5-8151-214655ce1a56:c4291, af078b8b-61ec-497f-9506-472d46a72462:c4288, 09fb9ab4-1b8d-44c0-9f8c-50855c6f1fed:c4287]
2019-08-21 12:28:17,594 | INFO  | DNAudit | user=null | ip=null | op=WRITE_CHUNK {blockData=conID: 1 locID: 102654967647175286 bcsId: 4288} | ret=SUCCESS |  
2019-08-21 12:28:17,596 | INFO  | DNAudit | user=null | ip=null | op=WRITE_CHUNK {blockData=conID: 1 locID: 102654967647175286 bcsId: 4288} | ret=SUCCESS |  
2019-08-21 12:28:17,596 | INFO  | DNAudit | user=null | ip=null | op=WRITE_CHUNK {blockData=conID: 1 locID: 102654967647175286 bcsId: 4288} | ret=SUCCESS |  
2019-08-21 12:28:17,608 | INFO  | DNAudit | user=null | ip=null | op=WRITE_CHUNK {blockData=conID: 1 locID: 102654967647175286 bcsId: 4288} | ret=SUCCESS |  
2019-08-21 12:28:17,608 | INFO  | DNAudit | user=null | ip=null | op=PUT_BLOCK {blockData=[blockId=conID: 1 locID: 102654967647175286 bcsId: 0,size=3145728]} | ret=SUCCESS |  
2019-08-21 12:28:17,608 [grpc-default-executor-5] INFO  client.GrpcClientProtocolClient (GrpcClientProtocolClient.java:onNext(255)) - client-C954105195FD->270584e6-a4a8-4db5-8151-214655ce1a56: receive RaftClientReply:client-C954105195FD->270584e6-a4a8-4db5-8151-214655ce1a56@group-787F5BA3AA67, cid=2865, SUCCESS, logIndex=4292, commits[270584e6-a4a8-4db5-8151-214655ce1a56:c4293, af078b8b-61ec-497f-9506-472d46a72462:c4291, 09fb9ab4-1b8d-44c0-9f8c-50855c6f1fed:c4291]
2019-08-21 12:28:17,609 [grpc-default-executor-5] INFO  client.GrpcClientProtocolClient (GrpcClientProtocolClient.java:onNext(255)) - client-C954105195FD->270584e6-a4a8-4db5-8151-214655ce1a56: receive RaftClientReply:client-C954105195FD->270584e6-a4a8-4db5-8151-214655ce1a56@group-787F5BA3AA67, cid=2866, SUCCESS, logIndex=4293, commits[270584e6-a4a8-4db5-8151-214655ce1a56:c4293, af078b8b-61ec-497f-9506-472d46a72462:c4291, 09fb9ab4-1b8d-44c0-9f8c-50855c6f1fed:c4291]
2019-08-21 12:28:17,621 | INFO  | DNAudit | user=null | ip=null | op=WRITE_CHUNK {blockData=conID: 1 locID: 102654967647175286 bcsId: 4288} | ret=SUCCESS |  
2019-08-21 12:28:17,621 | INFO  | DNAudit | user=null | ip=null | op=WRITE_CHUNK {blockData=conID: 1 locID: 102654967647175286 bcsId: 4293} | ret=SUCCESS |  
2019-08-21 12:28:17,621 | INFO  | DNAudit | user=null | ip=null | op=WRITE_CHUNK {blockData=conID: 1 locID: 102654967647175286 bcsId: 4288} | ret=SUCCESS |  
2019-08-21 12:28:17,623 | INFO  | DNAudit | user=null | ip=null | op=WRITE_CHUNK {blockData=conID: 1 locID: 102654967647175286 bcsId: 4293} | ret=SUCCESS |  
2019-08-21 12:28:17,624 | INFO  | DNAudit | user=null | ip=null | op=WRITE_CHUNK {blockData=conID: 1 locID: 102654967647175286 bcsId: 4293} | ret=SUCCESS |  
2019-08-21 12:28:17,634 | INFO  | DNAudit | user=null | ip=null | op=PUT_BLOCK {blockData=[blockId=conID: 1 locID: 102654967647175286 bcsId: 0,size=3145728]} | ret=SUCCESS |  
2019-08-21 12:28:17,634 | INFO  | DNAudit | user=null | ip=null | op=PUT_BLOCK {blockData=[blockId=conID: 1 locID: 102654967647175286 bcsId: 0,size=3145728]} | ret=SUCCESS |  
2019-08-21 12:28:17,645 | INFO  | DNAudit | user=null | ip=null | op=WRITE_CHUNK {blockData=conID: 1 locID: 102654967647175286 bcsId: 4293} | ret=SUCCESS |  
2019-08-21 12:28:17,646 | INFO  | DNAudit | user=null | ip=null | op=PUT_BLOCK {blockData=[blockId=conID: 1 locID: 102654967647175286 bcsId: 0,size=4194304]} | ret=SUCCESS |  
2019-08-21 12:28:17,646 [grpc-default-executor-4] INFO  client.GrpcClientProtocolClient (GrpcClientProtocolClient.java:onNext(255)) - client-C954105195FD->270584e6-a4a8-4db5-8151-214655ce1a56: receive RaftClientReply:client-C954105195FD->270584e6-a4a8-4db5-8151-214655ce1a56@group-787F5BA3AA67, cid=2867, SUCCESS, logIndex=4296, commits[270584e6-a4a8-4db5-8151-214655ce1a56:c4297, af078b8b-61ec-497f-9506-472d46a72462:c4293, 09fb9ab4-1b8d-44c0-9f8c-50855c6f1fed:c4293]
2019-08-21 12:28:17,647 [grpc-default-executor-4] INFO  client.GrpcClientProtocolClient (GrpcClientProtocolClient.java:onNext(255)) - client-C954105195FD->270584e6-a4a8-4db5-8151-214655ce1a56: receive RaftClientReply:client-C954105195FD->270584e6-a4a8-4db5-8151-214655ce1a56@group-787F5BA3AA67, cid=2868, SUCCESS, logIndex=4297, commits[270584e6-a4a8-4db5-8151-214655ce1a56:c4297, af078b8b-61ec-497f-9506-472d46a72462:c4293, 09fb9ab4-1b8d-44c0-9f8c-50855c6f1fed:c4293]
2019-08-21 12:28:17,658 | INFO  | DNAudit | user=null | ip=null | op=WRITE_CHUNK {blockData=conID: 1 locID: 102654967647175286 bcsId: 4293} | ret=SUCCESS |  
2019-08-21 12:28:17,658 | INFO  | DNAudit | user=null | ip=null | op=WRITE_CHUNK {blockData=conID: 1 locID: 102654967647175286 bcsId: 4293} | ret=SUCCESS |  
2019-08-21 12:28:17,671 | INFO  | DNAudit | user=null | ip=null | op=PUT_BLOCK {blockData=[blockId=conID: 1 locID: 102654967647175286 bcsId: 0,size=4194304]} | ret=SUCCESS |  
2019-08-21 12:28:17,671 | INFO  | DNAudit | user=null | ip=null | op=PUT_BLOCK {blockData=[blockId=conID: 1 locID: 102654967647175286 bcsId: 0,size=4194304]} | ret=SUCCESS |  
2019-08-21 12:28:17,672 [grpc-default-executor-5] INFO  client.GrpcClientProtocolClient (GrpcClientProtocolClient.java:onNext(255)) - client-C954105195FD->270584e6-a4a8-4db5-8151-214655ce1a56: receive RaftClientReply:client-C954105195FD->270584e6-a4a8-4db5-8151-214655ce1a56@group-787F5BA3AA67, cid=2869, SUCCESS, logIndex=0, commits[270584e6-a4a8-4db5-8151-214655ce1a56:c4298, af078b8b-61ec-497f-9506-472d46a72462:c4297, 09fb9ab4-1b8d-44c0-9f8c-50855c6f1fed:c4297]
2019-08-21 12:28:17,679 | INFO  | SCMAudit | user=jenkins1000 | ip=192.168.34.23 | op=ALLOCATE_BLOCK {owner=b79f83c9-5f7d-4caf-af30-78af34bc5eea, size=4194304, type=RATIS, factor=THREE} | ret=SUCCESS |  
2019-08-21 12:28:17,683 | INFO  | OMAudit | user=jenkins1000 | ip=127.0.0.1 | op=ALLOCATE_BLOCK {volume=vol-0-06517, bucket=bucket-0-64549, key=key-0-34512, dataSize=0, replicationType=null, replicationFactor=null, keyLocationInfo=null, clientID=102654965997830546} | ret=SUCCESS |  
2019-08-21 12:28:17,691 | INFO  | DNAudit | user=null | ip=null | op=WRITE_CHUNK {blockData=conID: 2 locID: 102654967655891575 bcsId: 0} | ret=SUCCESS |  
2019-08-21 12:28:17,694 | INFO  | DNAudit | user=null | ip=null | op=WRITE_CHUNK {blockData=conID: 2 locID: 102654967655891575 bcsId: 0} | ret=SUCCESS |  
2019-08-21 12:28:17,694 | INFO  | DNAudit | user=null | ip=null | op=WRITE_CHUNK {blockData=conID: 2 locID: 102654967655891575 bcsId: 0} | ret=SUCCESS |  
2019-08-21 12:28:17,695 | INFO  | DNAudit | user=null | ip=null | op=WRITE_CHUNK {blockData=conID: 2 locID: 102654967655891575 bcsId: 0} | ret=SUCCESS |  
2019-08-21 12:28:17,696 | INFO  | DNAudit | user=null | ip=null | op=WRITE_CHUNK {blockData=conID: 2 locID: 102654967655891575 bcsId: 0} | ret=SUCCESS |  
2019-08-21 12:28:17,697 | INFO  | DNAudit | user=null | ip=null | op=WRITE_CHUNK {blockData=conID: 2 locID: 102654967655891575 bcsId: 0} | ret=SUCCESS |  
2019-08-21 12:28:17,705 | INFO  | DNAudit | user=null | ip=null | op=WRITE_CHUNK {blockData=conID: 2 locID: 102654967655891575 bcsId: 0} | ret=SUCCESS |  
2019-08-21 12:28:17,706 | INFO  | DNAudit | user=null | ip=null | op=PUT_BLOCK {blockData=[blockId=conID: 2 locID: 102654967655891575 bcsId: 0,size=1048576]} | ret=SUCCESS |  
2019-08-21 12:28:17,706 [grpc-default-executor-1] INFO  client.GrpcClientProtocolClient (GrpcClientProtocolClient.java:onNext(255)) - client-C954105195FD->270584e6-a4a8-4db5-8151-214655ce1a56: receive RaftClientReply:client-C954105195FD->270584e6-a4a8-4db5-8151-214655ce1a56@group-787F5BA3AA67, cid=2870, SUCCESS, logIndex=4300, commits[270584e6-a4a8-4db5-8151-214655ce1a56:c4301, af078b8b-61ec-497f-9506-472d46a72462:c4299, 09fb9ab4-1b8d-44c0-9f8c-50855c6f1fed:c4299]
2019-08-21 12:28:17,707 [grpc-default-executor-1] INFO  client.GrpcClientProtocolClient (GrpcClientProtocolClient.java:onNext(255)) - client-C954105195FD->270584e6-a4a8-4db5-8151-214655ce1a56: receive RaftClientReply:client-C954105195FD->270584e6-a4a8-4db5-8151-214655ce1a56@group-787F5BA3AA67, cid=2871, SUCCESS, logIndex=4301, commits[270584e6-a4a8-4db5-8151-214655ce1a56:c4301, af078b8b-61ec-497f-9506-472d46a72462:c4299, 09fb9ab4-1b8d-44c0-9f8c-50855c6f1fed:c4299]
2019-08-21 12:28:17,715 | INFO  | DNAudit | user=null | ip=null | op=WRITE_CHUNK {blockData=conID: 2 locID: 102654967655891575 bcsId: 0} | ret=SUCCESS |  
2019-08-21 12:28:17,716 | INFO  | DNAudit | user=null | ip=null | op=PUT_BLOCK {blockData=[blockId=conID: 2 locID: 102654967655891575 bcsId: 0,size=2097152]} | ret=SUCCESS |  
2019-08-21 12:28:17,716 [grpc-default-executor-1] INFO  client.GrpcClientProtocolClient (GrpcClientProtocolClient.java:onNext(255)) - client-C954105195FD->270584e6-a4a8-4db5-8151-214655ce1a56: receive RaftClientReply:client-C954105195FD->270584e6-a4a8-4db5-8151-214655ce1a56@group-787F5BA3AA67, cid=2872, SUCCESS, logIndex=4302, commits[270584e6-a4a8-4db5-8151-214655ce1a56:c4303, af078b8b-61ec-497f-9506-472d46a72462:c4299, 09fb9ab4-1b8d-44c0-9f8c-50855c6f1fed:c4299]
2019-08-21 12:28:17,716 [grpc-default-executor-1] INFO  client.GrpcClientProtocolClient (GrpcClientProtocolClient.java:onNext(255)) - client-C954105195FD->270584e6-a4a8-4db5-8151-214655ce1a56: receive RaftClientReply:client-C954105195FD->270584e6-a4a8-4db5-8151-214655ce1a56@group-787F5BA3AA67, cid=2873, SUCCESS, logIndex=4303, commits[270584e6-a4a8-4db5-8151-214655ce1a56:c4303, af078b8b-61ec-497f-9506-472d46a72462:c4299, 09fb9ab4-1b8d-44c0-9f8c-50855c6f1fed:c4299]
2019-08-21 12:28:17,718 | INFO  | DNAudit | user=null | ip=null | op=WRITE_CHUNK {blockData=conID: 2 locID: 102654967655891575 bcsId: 0} | ret=SUCCESS |  
2019-08-21 12:28:17,718 | INFO  | DNAudit | user=null | ip=null | op=WRITE_CHUNK {blockData=conID: 2 locID: 102654967655891575 bcsId: 0} | ret=SUCCESS |  
2019-08-21 12:28:17,718 | INFO  | DNAudit | user=null | ip=null | op=PUT_BLOCK {blockData=[blockId=conID: 2 locID: 102654967655891575 bcsId: 0,size=1048576]} | ret=SUCCESS |  
2019-08-21 12:28:17,721 | INFO  | DNAudit | user=null | ip=null | op=PUT_BLOCK {blockData=[blockId=conID: 2 locID: 102654967655891575 bcsId: 0,size=1048576]} | ret=SUCCESS |  
2019-08-21 12:28:17,722 [grpc-default-executor-1] INFO  client.GrpcClientProtocolClient (GrpcClientProtocolClient.java:onNext(255)) - client-C954105195FD->270584e6-a4a8-4db5-8151-214655ce1a56: receive RaftClientReply:client-C954105195FD->270584e6-a4a8-4db5-8151-214655ce1a56@group-787F5BA3AA67, cid=2874, SUCCESS, logIndex=0, commits[270584e6-a4a8-4db5-8151-214655ce1a56:c4304, af078b8b-61ec-497f-9506-472d46a72462:c4301, 09fb9ab4-1b8d-44c0-9f8c-50855c6f1fed:c4301]
2019-08-21 12:28:17,729 | INFO  | DNAudit | user=null | ip=null | op=WRITE_CHUNK {blockData=conID: 2 locID: 102654967655891575 bcsId: 4303} | ret=SUCCESS |  
2019-08-21 12:28:17,732 | INFO  | DNAudit | user=null | ip=null | op=WRITE_CHUNK {blockData=conID: 2 locID: 102654967655891575 bcsId: 4303} | ret=SUCCESS |  
2019-08-21 12:28:17,732 | INFO  | DNAudit | user=null | ip=null | op=WRITE_CHUNK {blockData=conID: 2 locID: 102654967655891575 bcsId: 4303} | ret=SUCCESS |  
2019-08-21 12:28:17,734 | INFO  | DNAudit | user=null | ip=null | op=WRITE_CHUNK {blockData=conID: 2 locID: 102654967655891575 bcsId: 0} | ret=SUCCESS |  
2019-08-21 12:28:17,734 | INFO  | DNAudit | user=null | ip=null | op=WRITE_CHUNK {blockData=conID: 2 locID: 102654967655891575 bcsId: 4303} | ret=SUCCESS |  
2019-08-21 12:28:17,734 | INFO  | DNAudit | user=null | ip=null | op=PUT_BLOCK {blockData=[blockId=conID: 2 locID: 102654967655891575 bcsId: 0,size=2097152]} | ret=SUCCESS |  
2019-08-21 12:28:17,734 | INFO  | DNAudit | user=null | ip=null | op=WRITE_CHUNK {blockData=conID: 2 locID: 102654967655891575 bcsId: 0} | ret=SUCCESS |  
2019-08-21 12:28:17,735 | INFO  | DNAudit | user=null | ip=null | op=PUT_BLOCK {blockData=[blockId=conID: 2 locID: 102654967655891575 bcsId: 0,size=3145728]} | ret=SUCCESS |  
2019-08-21 12:28:17,735 | INFO  | DNAudit | user=null | ip=null | op=PUT_BLOCK {blockData=[blockId=conID: 2 locID: 102654967655891575 bcsId: 0,size=2097152]} | ret=SUCCESS |  
2019-08-21 12:28:17,735 [grpc-default-executor-5] INFO  client.GrpcClientProtocolClient (GrpcClientProtocolClient.java:onNext(255)) - client-C954105195FD->270584e6-a4a8-4db5-8151-214655ce1a56: receive RaftClientReply:client-C954105195FD->270584e6-a4a8-4db5-8151-214655ce1a56@group-787F5BA3AA67, cid=2875, SUCCESS, logIndex=4308, commits[270584e6-a4a8-4db5-8151-214655ce1a56:c4309, af078b8b-61ec-497f-9506-472d46a72462:c4307, 09fb9ab4-1b8d-44c0-9f8c-50855c6f1fed:c4301]
2019-08-21 12:28:17,735 [grpc-default-executor-5] INFO  client.GrpcClientProtocolClient (GrpcClientProtocolClient.java:onNext(255)) - client-C954105195FD->270584e6-a4a8-4db5-8151-214655ce1a56: receive RaftClientReply:client-C954105195FD->270584e6-a4a8-4db5-8151-214655ce1a56@group-787F5BA3AA67, cid=2876, SUCCESS, logIndex=4309, commits[270584e6-a4a8-4db5-8151-214655ce1a56:c4309, af078b8b-61ec-497f-9506-472d46a72462:c4307, 09fb9ab4-1b8d-44c0-9f8c-50855c6f1fed:c4307]
2019-08-21 12:28:17,736 | INFO  | DNAudit | user=null | ip=null | op=WRITE_CHUNK {blockData=conID: 2 locID: 102654967655891575 bcsId: 4303} | ret=SUCCESS |  
2019-08-21 12:28:17,736 | INFO  | DNAudit | user=null | ip=null | op=WRITE_CHUNK {blockData=conID: 2 locID: 102654967655891575 bcsId: 4303} | ret=SUCCESS |  
2019-08-21 12:28:17,736 | INFO  | DNAudit | user=null | ip=null | op=PUT_BLOCK {blockData=[blockId=conID: 2 locID: 102654967655891575 bcsId: 0,size=3145728]} | ret=SUCCESS |  
2019-08-21 12:28:17,738 | INFO  | DNAudit | user=null | ip=null | op=PUT_BLOCK {blockData=[blockId=conID: 2 locID: 102654967655891575 bcsId: 0,size=3145728]} | ret=SUCCESS |  
2019-08-21 12:28:17,742 | INFO  | DNAudit | user=null | ip=null | op=WRITE_CHUNK {blockData=conID: 2 locID: 102654967655891575 bcsId: 4309} | ret=SUCCESS |  
2019-08-21 12:28:17,745 | INFO  | DNAudit | user=null | ip=null | op=WRITE_CHUNK {blockData=conID: 2 locID: 102654967655891575 bcsId: 4309} | ret=SUCCESS |  
2019-08-21 12:28:17,745 | INFO  | DNAudit | user=null | ip=null | op=WRITE_CHUNK {blockData=conID: 2 locID: 102654967655891575 bcsId: 4309} | ret=SUCCESS |  
2019-08-21 12:28:17,756 | INFO  | DNAudit | user=null | ip=null | op=WRITE_CHUNK {blockData=conID: 2 locID: 102654967655891575 bcsId: 4309} | ret=SUCCESS |  
2019-08-21 12:28:17,756 | INFO  | DNAudit | user=null | ip=null | op=PUT_BLOCK {blockData=[blockId=conID: 2 locID: 102654967655891575 bcsId: 0,size=4194304]} | ret=SUCCESS |  
2019-08-21 12:28:17,756 [grpc-default-executor-5] INFO  client.GrpcClientProtocolClient (GrpcClientProtocolClient.java:onNext(255)) - client-C954105195FD->270584e6-a4a8-4db5-8151-214655ce1a56: receive RaftClientReply:client-C954105195FD->270584e6-a4a8-4db5-8151-214655ce1a56@group-787F5BA3AA67, cid=2877, SUCCESS, logIndex=4312, commits[270584e6-a4a8-4db5-8151-214655ce1a56:c4313, af078b8b-61ec-497f-9506-472d46a72462:c4311, 09fb9ab4-1b8d-44c0-9f8c-50855c6f1fed:c4311]
2019-08-21 12:28:17,757 [grpc-default-executor-5] INFO  client.GrpcClientProtocolClient (GrpcClientProtocolClient.java:onNext(255)) - client-C954105195FD->270584e6-a4a8-4db5-8151-214655ce1a56: receive RaftClientReply:client-C954105195FD->270584e6-a4a8-4db5-8151-214655ce1a56@group-787F5BA3AA67, cid=2878, SUCCESS, logIndex=4313, commits[270584e6-a4a8-4db5-8151-214655ce1a56:c4313, af078b8b-61ec-497f-9506-472d46a72462:c4311, 09fb9ab4-1b8d-44c0-9f8c-50855c6f1fed:c4311]
2019-08-21 12:28:17,763 | INFO  | DNAudit | user=null | ip=null | op=WRITE_CHUNK {blockData=conID: 2 locID: 102654967655891575 bcsId: 4309} | ret=SUCCESS |  
2019-08-21 12:28:17,763 | INFO  | DNAudit | user=null | ip=null | op=WRITE_CHUNK {blockData=conID: 2 locID: 102654967655891575 bcsId: 4309} | ret=SUCCESS |  
2019-08-21 12:28:17,763 | INFO  | DNAudit | user=null | ip=null | op=PUT_BLOCK {blockData=[blockId=conID: 2 locID: 102654967655891575 bcsId: 0,size=4194304]} | ret=SUCCESS |  
2019-08-21 12:28:17,763 | INFO  | DNAudit | user=null | ip=null | op=PUT_BLOCK {blockData=[blockId=conID: 2 locID: 102654967655891575 bcsId: 0,size=4194304]} | ret=SUCCESS |  
2019-08-21 12:28:17,763 [grpc-default-executor-5] INFO  client.GrpcClientProtocolClient (GrpcClientProtocolClient.java:onNext(255)) - client-C954105195FD->270584e6-a4a8-4db5-8151-214655ce1a56: receive RaftClientReply:client-C954105195FD->270584e6-a4a8-4db5-8151-214655ce1a56@group-787F5BA3AA67, cid=2879, SUCCESS, logIndex=0, commits[270584e6-a4a8-4db5-8151-214655ce1a56:c4314, af078b8b-61ec-497f-9506-472d46a72462:c4313, 09fb9ab4-1b8d-44c0-9f8c-50855c6f1fed:c4313]
2019-08-21 12:28:17,770 | INFO  | SCMAudit | user=jenkins1000 | ip=192.168.34.23 | op=ALLOCATE_BLOCK {owner=b79f83c9-5f7d-4caf-af30-78af34bc5eea, size=4194304, type=RATIS, factor=THREE} | ret=SUCCESS |  
2019-08-21 12:28:17,775 | INFO  | OMAudit | user=jenkins1000 | ip=127.0.0.1 | op=ALLOCATE_BLOCK {volume=vol-0-06517, bucket=bucket-0-64549, key=key-0-34512, dataSize=0, replicationType=null, replicationFactor=null, keyLocationInfo=null, clientID=102654965997830546} | ret=SUCCESS |  
2019-08-21 12:28:17,782 | INFO  | DNAudit | user=null | ip=null | op=WRITE_CHUNK {blockData=conID: 3 locID: 102654967661855352 bcsId: 0} | ret=SUCCESS |  
2019-08-21 12:28:17,786 | INFO  | DNAudit | user=null | ip=null | op=WRITE_CHUNK {blockData=conID: 3 locID: 102654967661855352 bcsId: 0} | ret=SUCCESS |  
2019-08-21 12:28:17,787 | INFO  | DNAudit | user=null | ip=null | op=WRITE_CHUNK {blockData=conID: 3 locID: 102654967661855352 bcsId: 0} | ret=SUCCESS |  
2019-08-21 12:28:17,787 | INFO  | DNAudit | user=null | ip=null | op=WRITE_CHUNK {blockData=conID: 3 locID: 102654967661855352 bcsId: 0} | ret=SUCCESS |  
2019-08-21 12:28:17,789 | INFO  | DNAudit | user=null | ip=null | op=WRITE_CHUNK {blockData=conID: 3 locID: 102654967661855352 bcsId: 0} | ret=SUCCESS |  
2019-08-21 12:28:17,789 | INFO  | DNAudit | user=null | ip=null | op=WRITE_CHUNK {blockData=conID: 3 locID: 102654967661855352 bcsId: 0} | ret=SUCCESS |  
2019-08-21 12:28:17,795 | INFO  | DNAudit | user=null | ip=null | op=WRITE_CHUNK {blockData=conID: 3 locID: 102654967661855352 bcsId: 0} | ret=SUCCESS |  
2019-08-21 12:28:17,796 | INFO  | DNAudit | user=null | ip=null | op=PUT_BLOCK {blockData=[blockId=conID: 3 locID: 102654967661855352 bcsId: 0,size=1048576]} | ret=SUCCESS |  
2019-08-21 12:28:17,796 | INFO  | DNAudit | user=null | ip=null | op=WRITE_CHUNK {blockData=conID: 3 locID: 102654967661855352 bcsId: 0} | ret=SUCCESS |  
2019-08-21 12:28:17,796 [grpc-default-executor-4] INFO  client.GrpcClientProtocolClient (GrpcClientProtocolClient.java:onNext(255)) - client-C954105195FD->270584e6-a4a8-4db5-8151-214655ce1a56: receive RaftClientReply:client-C954105195FD->270584e6-a4a8-4db5-8151-214655ce1a56@group-787F5BA3AA67, cid=2880, SUCCESS, logIndex=4316, commits[270584e6-a4a8-4db5-8151-214655ce1a56:c4317, af078b8b-61ec-497f-9506-472d46a72462:c4315, 09fb9ab4-1b8d-44c0-9f8c-50855c6f1fed:c4315]
2019-08-21 12:28:17,796 | INFO  | DNAudit | user=null | ip=null | op=PUT_BLOCK {blockData=[blockId=conID: 3 locID: 102654967661855352 bcsId: 0,size=2097152]} | ret=SUCCESS |  
2019-08-21 12:28:17,796 [grpc-default-executor-4] INFO  client.GrpcClientProtocolClient (GrpcClientProtocolClient.java:onNext(255)) - client-C954105195FD->270584e6-a4a8-4db5-8151-214655ce1a56: receive RaftClientReply:client-C954105195FD->270584e6-a4a8-4db5-8151-214655ce1a56@group-787F5BA3AA67, cid=2881, SUCCESS, logIndex=4317, commits[270584e6-a4a8-4db5-8151-214655ce1a56:c4319, af078b8b-61ec-497f-9506-472d46a72462:c4315, 09fb9ab4-1b8d-44c0-9f8c-50855c6f1fed:c4315]
2019-08-21 12:28:17,797 [grpc-default-executor-4] INFO  client.GrpcClientProtocolClient (GrpcClientProtocolClient.java:onNext(255)) - client-C954105195FD->270584e6-a4a8-4db5-8151-214655ce1a56: receive RaftClientReply:client-C954105195FD->270584e6-a4a8-4db5-8151-214655ce1a56@group-787F5BA3AA67, cid=2882, SUCCESS, logIndex=4318, commits[270584e6-a4a8-4db5-8151-214655ce1a56:c4319, af078b8b-61ec-497f-9506-472d46a72462:c4315, 09fb9ab4-1b8d-44c0-9f8c-50855c6f1fed:c4315]
2019-08-21 12:28:17,797 [grpc-default-executor-4] INFO  client.GrpcClientProtocolClient (GrpcClientProtocolClient.java:onNext(255)) - client-C954105195FD->270584e6-a4a8-4db5-8151-214655ce1a56: receive RaftClientReply:client-C954105195FD->270584e6-a4a8-4db5-8151-214655ce1a56@group-787F5BA3AA67, cid=2883, SUCCESS, logIndex=4319, commits[270584e6-a4a8-4db5-8151-214655ce1a56:c4319, af078b8b-61ec-497f-9506-472d46a72462:c4315, 09fb9ab4-1b8d-44c0-9f8c-50855c6f1fed:c4315]
2019-08-21 12:28:17,797 | INFO  | DNAudit | user=null | ip=null | op=WRITE_CHUNK {blockData=conID: 3 locID: 102654967661855352 bcsId: 0} | ret=SUCCESS |  
2019-08-21 12:28:17,797 | INFO  | DNAudit | user=null | ip=null | op=WRITE_CHUNK {blockData=conID: 3 locID: 102654967661855352 bcsId: 0} | ret=SUCCESS |  
2019-08-21 12:28:17,798 | INFO  | DNAudit | user=null | ip=null | op=PUT_BLOCK {blockData=[blockId=conID: 3 locID: 102654967661855352 bcsId: 0,size=1048576]} | ret=SUCCESS |  
2019-08-21 12:28:17,798 | INFO  | DNAudit | user=null | ip=null | op=PUT_BLOCK {blockData=[blockId=conID: 3 locID: 102654967661855352 bcsId: 0,size=1048576]} | ret=SUCCESS |  
2019-08-21 12:28:17,799 | INFO  | DNAudit | user=null | ip=null | op=WRITE_CHUNK {blockData=conID: 3 locID: 102654967661855352 bcsId: 0} | ret=SUCCESS |  
2019-08-21 12:28:17,799 | INFO  | DNAudit | user=null | ip=null | op=PUT_BLOCK {blockData=[blockId=conID: 3 locID: 102654967661855352 bcsId: 0,size=2097152]} | ret=SUCCESS |  
2019-08-21 12:28:17,799 | INFO  | DNAudit | user=null | ip=null | op=WRITE_CHUNK {blockData=conID: 3 locID: 102654967661855352 bcsId: 0} | ret=SUCCESS |  
2019-08-21 12:28:17,799 [grpc-default-executor-5] INFO  client.GrpcClientProtocolClient (GrpcClientProtocolClient.java:onNext(255)) - client-C954105195FD->270584e6-a4a8-4db5-8151-214655ce1a56: receive RaftClientReply:client-C954105195FD->270584e6-a4a8-4db5-8151-214655ce1a56@group-787F5BA3AA67, cid=2884, SUCCESS, logIndex=0, commits[270584e6-a4a8-4db5-8151-214655ce1a56:c4321, af078b8b-61ec-497f-9506-472d46a72462:c4317, 09fb9ab4-1b8d-44c0-9f8c-50855c6f1fed:c4317]
2019-08-21 12:28:17,799 | INFO  | DNAudit | user=null | ip=null | op=PUT_BLOCK {blockData=[blockId=conID: 3 locID: 102654967661855352 bcsId: 0,size=2097152]} | ret=SUCCESS |  
2019-08-21 12:28:17,806 | INFO  | DNAudit | user=null | ip=null | op=WRITE_CHUNK {blockData=conID: 3 locID: 102654967661855352 bcsId: 4319} | ret=SUCCESS |  
2019-08-21 12:28:17,809 | INFO  | DNAudit | user=null | ip=null | op=WRITE_CHUNK {blockData=conID: 3 locID: 102654967661855352 bcsId: 4319} | ret=SUCCESS |  
2019-08-21 12:28:17,809 | INFO  | DNAudit | user=null | ip=null | op=WRITE_CHUNK {blockData=conID: 3 locID: 102654967661855352 bcsId: 4319} | ret=SUCCESS |  
2019-08-21 12:28:17,819 | INFO  | DNAudit | user=null | ip=null | op=WRITE_CHUNK {blockData=conID: 3 locID: 102654967661855352 bcsId: 4319} | ret=SUCCESS |  
2019-08-21 12:28:17,819 | INFO  | DNAudit | user=null | ip=null | op=PUT_BLOCK {blockData=[blockId=conID: 3 locID: 102654967661855352 bcsId: 0,size=3145728]} | ret=SUCCESS |  
2019-08-21 12:28:17,820 [grpc-default-executor-5] INFO  client.GrpcClientProtocolClient (GrpcClientProtocolClient.java:onNext(255)) - client-C954105195FD->270584e6-a4a8-4db5-8151-214655ce1a56: receive RaftClientReply:client-C954105195FD->270584e6-a4a8-4db5-8151-214655ce1a56@group-787F5BA3AA67, cid=2885, SUCCESS, logIndex=4323, commits[270584e6-a4a8-4db5-8151-214655ce1a56:c4324, af078b8b-61ec-497f-9506-472d46a72462:c4322, 09fb9ab4-1b8d-44c0-9f8c-50855c6f1fed:c4322]
2019-08-21 12:28:17,820 [grpc-default-executor-5] INFO  client.GrpcClientProtocolClient (GrpcClientProtocolClient.java:onNext(255)) - client-C954105195FD->270584e6-a4a8-4db5-8151-214655ce1a56: receive RaftClientReply:client-C954105195FD->270584e6-a4a8-4db5-8151-214655ce1a56@group-787F5BA3AA67, cid=2886, SUCCESS, logIndex=4324, commits[270584e6-a4a8-4db5-8151-214655ce1a56:c4324, af078b8b-61ec-497f-9506-472d46a72462:c4322, 09fb9ab4-1b8d-44c0-9f8c-50855c6f1fed:c4322]
2019-08-21 12:28:17,827 | INFO  | DNAudit | user=null | ip=null | op=WRITE_CHUNK {blockData=conID: 3 locID: 102654967661855352 bcsId: 4324} | ret=SUCCESS |  
2019-08-21 12:28:17,830 | INFO  | DNAudit | user=null | ip=null | op=WRITE_CHUNK {blockData=conID: 3 locID: 102654967661855352 bcsId: 4324} | ret=SUCCESS |  
2019-08-21 12:28:17,830 | INFO  | DNAudit | user=null | ip=null | op=WRITE_CHUNK {blockData=conID: 3 locID: 102654967661855352 bcsId: 4319} | ret=SUCCESS |  
2019-08-21 12:28:17,831 | INFO  | DNAudit | user=null | ip=null | op=WRITE_CHUNK {blockData=conID: 3 locID: 102654967661855352 bcsId: 4319} | ret=SUCCESS |  
2019-08-21 12:28:17,831 | INFO  | DNAudit | user=null | ip=null | op=WRITE_CHUNK {blockData=conID: 3 locID: 102654967661855352 bcsId: 4324} | ret=SUCCESS |  
2019-08-21 12:28:17,833 | INFO  | DNAudit | user=null | ip=null | op=PUT_BLOCK {blockData=[blockId=conID: 3 locID: 102654967661855352 bcsId: 0,size=3145728]} | ret=SUCCESS |  
2019-08-21 12:28:17,833 | INFO  | DNAudit | user=null | ip=null | op=WRITE_CHUNK {blockData=conID: 3 locID: 102654967661855352 bcsId: 4324} | ret=SUCCESS |  
2019-08-21 12:28:17,834 | INFO  | DNAudit | user=null | ip=null | op=PUT_BLOCK {blockData=[blockId=conID: 3 locID: 102654967661855352 bcsId: 0,size=4194304]} | ret=SUCCESS |  
2019-08-21 12:28:17,834 [grpc-default-executor-4] INFO  client.GrpcClientProtocolClient (GrpcClientProtocolClient.java:onNext(255)) - client-C954105195FD->270584e6-a4a8-4db5-8151-214655ce1a56: receive RaftClientReply:client-C954105195FD->270584e6-a4a8-4db5-8151-214655ce1a56@group-787F5BA3AA67, cid=2887, SUCCESS, logIndex=4327, commits[270584e6-a4a8-4db5-8151-214655ce1a56:c4328, af078b8b-61ec-497f-9506-472d46a72462:c4324, 09fb9ab4-1b8d-44c0-9f8c-50855c6f1fed:c4323]
2019-08-21 12:28:17,834 [grpc-default-executor-4] INFO  client.GrpcClientProtocolClient (GrpcClientProtocolClient.java:onNext(255)) - client-C954105195FD->270584e6-a4a8-4db5-8151-214655ce1a56: receive RaftClientReply:client-C954105195FD->270584e6-a4a8-4db5-8151-214655ce1a56@group-787F5BA3AA67, cid=2888, SUCCESS, logIndex=4328, commits[270584e6-a4a8-4db5-8151-214655ce1a56:c4328, af078b8b-61ec-497f-9506-472d46a72462:c4324, 09fb9ab4-1b8d-44c0-9f8c-50855c6f1fed:c4323]
2019-08-21 12:28:17,844 | INFO  | DNAudit | user=null | ip=null | op=PUT_BLOCK {blockData=[blockId=conID: 3 locID: 102654967661855352 bcsId: 0,size=3145728]} | ret=SUCCESS |  
2019-08-21 12:28:17,844 | INFO  | DNAudit | user=null | ip=null | op=WRITE_CHUNK {blockData=conID: 3 locID: 102654967661855352 bcsId: 4324} | ret=SUCCESS |  
2019-08-21 12:28:17,844 [grpc-default-executor-5] INFO  client.GrpcClientProtocolClient (GrpcClientProtocolClient.java:onNext(255)) - client-C954105195FD->270584e6-a4a8-4db5-8151-214655ce1a56: receive RaftClientReply:client-C954105195FD->270584e6-a4a8-4db5-8151-214655ce1a56@group-787F5BA3AA67, cid=2889, SUCCESS, logIndex=0, commits[270584e6-a4a8-4db5-8151-214655ce1a56:c4328, af078b8b-61ec-497f-9506-472d46a72462:c4324, 09fb9ab4-1b8d-44c0-9f8c-50855c6f1fed:c4324]
2019-08-21 12:28:17,845 | INFO  | DNAudit | user=null | ip=null | op=WRITE_CHUNK {blockData=conID: 3 locID: 102654967661855352 bcsId: 4324} | ret=SUCCESS |  
2019-08-21 12:28:17,845 | INFO  | DNAudit | user=null | ip=null | op=PUT_BLOCK {blockData=[blockId=conID: 3 locID: 102654967661855352 bcsId: 0,size=4194304]} | ret=SUCCESS |  
2019-08-21 12:28:17,845 | INFO  | DNAudit | user=null | ip=null | op=PUT_BLOCK {blockData=[blockId=conID: 3 locID: 102654967661855352 bcsId: 0,size=4194304]} | ret=SUCCESS |  
2019-08-21 12:28:17,846 [grpc-default-executor-4] INFO  client.GrpcClientProtocolClient (GrpcClientProtocolClient.java:onNext(255)) - client-C954105195FD->270584e6-a4a8-4db5-8151-214655ce1a56: receive RaftClientReply:client-C954105195FD->270584e6-a4a8-4db5-8151-214655ce1a56@group-787F5BA3AA67, cid=2890, SUCCESS, logIndex=0, commits[270584e6-a4a8-4db5-8151-214655ce1a56:c4330, af078b8b-61ec-497f-9506-472d46a72462:c4328, 09fb9ab4-1b8d-44c0-9f8c-50855c6f1fed:c4328]
2019-08-21 12:28:17,851 | INFO  | SCMAudit | user=jenkins1000 | ip=192.168.34.23 | op=ALLOCATE_BLOCK {owner=b79f83c9-5f7d-4caf-af30-78af34bc5eea, size=4194304, type=RATIS, factor=THREE} | ret=SUCCESS |  
2019-08-21 12:28:17,855 | INFO  | OMAudit | user=jenkins1000 | ip=127.0.0.1 | op=ALLOCATE_BLOCK {volume=vol-0-06517, bucket=bucket-0-64549, key=key-0-34512, dataSize=0, replicationType=null, replicationFactor=null, keyLocationInfo=null, clientID=102654965997830546} | ret=SUCCESS |  
2019-08-21 12:28:17,862 | INFO  | DNAudit | user=null | ip=null | op=WRITE_CHUNK {blockData=conID: 1 locID: 102654967667163769 bcsId: 0} | ret=SUCCESS |  
2019-08-21 12:28:17,865 | INFO  | DNAudit | user=null | ip=null | op=WRITE_CHUNK {blockData=conID: 1 locID: 102654967667163769 bcsId: 0} | ret=SUCCESS |  
2019-08-21 12:28:17,866 | INFO  | DNAudit | user=null | ip=null | op=WRITE_CHUNK {blockData=conID: 1 locID: 102654967667163769 bcsId: 0} | ret=SUCCESS |  
2019-08-21 12:28:17,866 | INFO  | DNAudit | user=null | ip=null | op=WRITE_CHUNK {blockData=conID: 1 locID: 102654967667163769 bcsId: 0} | ret=SUCCESS |  
2019-08-21 12:28:17,868 | INFO  | DNAudit | user=null | ip=null | op=WRITE_CHUNK {blockData=conID: 1 locID: 102654967667163769 bcsId: 0} | ret=SUCCESS |  
2019-08-21 12:28:17,868 | INFO  | DNAudit | user=null | ip=null | op=WRITE_CHUNK {blockData=conID: 1 locID: 102654967667163769 bcsId: 0} | ret=SUCCESS |  
2019-08-21 12:28:17,876 | INFO  | DNAudit | user=null | ip=null | op=WRITE_CHUNK {blockData=conID: 1 locID: 102654967667163769 bcsId: 0} | ret=SUCCESS |  
2019-08-21 12:28:17,877 | INFO  | DNAudit | user=null | ip=null | op=PUT_BLOCK {blockData=[blockId=conID: 1 locID: 102654967667163769 bcsId: 0,size=1048576]} | ret=SUCCESS |  
2019-08-21 12:28:17,877 [grpc-default-executor-1] INFO  client.GrpcClientProtocolClient (GrpcClientProtocolClient.java:onNext(255)) - client-C954105195FD->270584e6-a4a8-4db5-8151-214655ce1a56: receive RaftClientReply:client-C954105195FD->270584e6-a4a8-4db5-8151-214655ce1a56@group-787F5BA3AA67, cid=2891, SUCCESS, logIndex=4331, commits[270584e6-a4a8-4db5-8151-214655ce1a56:c4332, af078b8b-61ec-497f-9506-472d46a72462:c4330, 09fb9ab4-1b8d-44c0-9f8c-50855c6f1fed:c4330]
2019-08-21 12:28:17,878 [grpc-default-executor-1] INFO  client.GrpcClientProtocolClient (GrpcClientProtocolClient.java:onNext(255)) - client-C954105195FD->270584e6-a4a8-4db5-8151-214655ce1a56: receive RaftClientReply:client-C954105195FD->270584e6-a4a8-4db5-8151-214655ce1a56@group-787F5BA3AA67, cid=2892, SUCCESS, logIndex=4332, commits[270584e6-a4a8-4db5-8151-214655ce1a56:c4332, af078b8b-61ec-497f-9506-472d46a72462:c4330, 09fb9ab4-1b8d-44c0-9f8c-50855c6f1fed:c4330]
2019-08-21 12:28:17,889 | INFO  | DNAudit | user=null | ip=null | op=WRITE_CHUNK {blockData=conID: 1 locID: 102654967667163769 bcsId: 0} | ret=SUCCESS |  
2019-08-21 12:28:17,889 | INFO  | DNAudit | user=null | ip=null | op=PUT_BLOCK {blockData=[blockId=conID: 1 locID: 102654967667163769 bcsId: 0,size=2097152]} | ret=SUCCESS |  
2019-08-21 12:28:17,890 [grpc-default-executor-4] INFO  client.GrpcClientProtocolClient (GrpcClientProtocolClient.java:onNext(255)) - client-C954105195FD->270584e6-a4a8-4db5-8151-214655ce1a56: receive RaftClientReply:client-C954105195FD->270584e6-a4a8-4db5-8151-214655ce1a56@group-787F5BA3AA67, cid=2893, SUCCESS, logIndex=4333, commits[270584e6-a4a8-4db5-8151-214655ce1a56:c4334, af078b8b-61ec-497f-9506-472d46a72462:c4330, 09fb9ab4-1b8d-44c0-9f8c-50855c6f1fed:c4330]
2019-08-21 12:28:17,890 [grpc-default-executor-4] INFO  client.GrpcClientProtocolClient (GrpcClientProtocolClient.java:onNext(255)) - client-C954105195FD->270584e6-a4a8-4db5-8151-214655ce1a56: receive RaftClientReply:client-C954105195FD->270584e6-a4a8-4db5-8151-214655ce1a56@group-787F5BA3AA67, cid=2894, SUCCESS, logIndex=4334, commits[270584e6-a4a8-4db5-8151-214655ce1a56:c4334, af078b8b-61ec-497f-9506-472d46a72462:c4330, 09fb9ab4-1b8d-44c0-9f8c-50855c6f1fed:c4330]
2019-08-21 12:28:17,901 | INFO  | DNAudit | user=null | ip=null | op=WRITE_CHUNK {blockData=conID: 1 locID: 102654967667163769 bcsId: 0} | ret=SUCCESS |  
2019-08-21 12:28:17,901 | INFO  | DNAudit | user=null | ip=null | op=WRITE_CHUNK {blockData=conID: 1 locID: 102654967667163769 bcsId: 0} | ret=SUCCESS |  
2019-08-21 12:28:17,901 | INFO  | DNAudit | user=null | ip=null | op=PUT_BLOCK {blockData=[blockId=conID: 1 locID: 102654967667163769 bcsId: 0,size=1048576]} | ret=SUCCESS |  
2019-08-21 12:28:17,901 | INFO  | DNAudit | user=null | ip=null | op=PUT_BLOCK {blockData=[blockId=conID: 1 locID: 102654967667163769 bcsId: 0,size=1048576]} | ret=SUCCESS |  
2019-08-21 12:28:17,902 [grpc-default-executor-1] INFO  client.GrpcClientProtocolClient (GrpcClientProtocolClient.java:onNext(255)) - client-C954105195FD->270584e6-a4a8-4db5-8151-214655ce1a56: receive RaftClientReply:client-C954105195FD->270584e6-a4a8-4db5-8151-214655ce1a56@group-787F5BA3AA67, cid=2895, SUCCESS, logIndex=0, commits[270584e6-a4a8-4db5-8151-214655ce1a56:c4336, af078b8b-61ec-497f-9506-472d46a72462:c4332, 09fb9ab4-1b8d-44c0-9f8c-50855c6f1fed:c4332]
2019-08-21 12:28:17,910 | INFO  | DNAudit | user=null | ip=null | op=WRITE_CHUNK {blockData=conID: 1 locID: 102654967667163769 bcsId: 4334} | ret=SUCCESS |  
2019-08-21 12:28:17,912 | INFO  | DNAudit | user=null | ip=null | op=WRITE_CHUNK {blockData=conID: 1 locID: 102654967667163769 bcsId: 4334} | ret=SUCCESS |  
2019-08-21 12:28:17,913 | INFO  | DNAudit | user=null | ip=null | op=WRITE_CHUNK {blockData=conID: 1 locID: 102654967667163769 bcsId: 4334} | ret=SUCCESS |  
2019-08-21 12:28:17,914 | INFO  | DNAudit | user=null | ip=null | op=WRITE_CHUNK {blockData=conID: 1 locID: 102654967667163769 bcsId: 0} | ret=SUCCESS |  
2019-08-21 12:28:17,914 | INFO  | DNAudit | user=null | ip=null | op=WRITE_CHUNK {blockData=conID: 1 locID: 102654967667163769 bcsId: 0} | ret=SUCCESS |  
2019-08-21 12:28:17,915 | INFO  | DNAudit | user=null | ip=null | op=PUT_BLOCK {blockData=[blockId=conID: 1 locID: 102654967667163769 bcsId: 0,size=2097152]} | ret=SUCCESS |  
2019-08-21 12:28:17,915 | INFO  | DNAudit | user=null | ip=null | op=PUT_BLOCK {blockData=[blockId=conID: 1 locID: 102654967667163769 bcsId: 0,size=2097152]} | ret=SUCCESS |  
2019-08-21 12:28:17,928 | INFO  | DNAudit | user=null | ip=null | op=WRITE_CHUNK {blockData=conID: 1 locID: 102654967667163769 bcsId: 4334} | ret=SUCCESS |  
2019-08-21 12:28:17,928 | INFO  | DNAudit | user=null | ip=null | op=PUT_BLOCK {blockData=[blockId=conID: 1 locID: 102654967667163769 bcsId: 0,size=3145728]} | ret=SUCCESS |  
2019-08-21 12:28:17,929 [grpc-default-executor-1] INFO  client.GrpcClientProtocolClient (GrpcClientProtocolClient.java:onNext(255)) - client-C954105195FD->270584e6-a4a8-4db5-8151-214655ce1a56: receive RaftClientReply:client-C954105195FD->270584e6-a4a8-4db5-8151-214655ce1a56@group-787F5BA3AA67, cid=2896, SUCCESS, logIndex=4339, commits[270584e6-a4a8-4db5-8151-214655ce1a56:c4340, af078b8b-61ec-497f-9506-472d46a72462:c4336, 09fb9ab4-1b8d-44c0-9f8c-50855c6f1fed:c4336]
2019-08-21 12:28:17,929 [grpc-default-executor-1] INFO  client.GrpcClientProtocolClient (GrpcClientProtocolClient.java:onNext(255)) - client-C954105195FD->270584e6-a4a8-4db5-8151-214655ce1a56: receive RaftClientReply:client-C954105195FD->270584e6-a4a8-4db5-8151-214655ce1a56@group-787F5BA3AA67, cid=2897, SUCCESS, logIndex=4340, commits[270584e6-a4a8-4db5-8151-214655ce1a56:c4340, af078b8b-61ec-497f-9506-472d46a72462:c4336, 09fb9ab4-1b8d-44c0-9f8c-50855c6f1fed:c4336]
2019-08-21 12:28:17,937 | INFO  | DNAudit | user=null | ip=null | op=WRITE_CHUNK {blockData=conID: 1 locID: 102654967667163769 bcsId: 4340} | ret=SUCCESS |  
2019-08-21 12:28:17,940 | INFO  | DNAudit | user=null | ip=null | op=WRITE_CHUNK {blockData=conID: 1 locID: 102654967667163769 bcsId: 4340} | ret=SUCCESS |  
2019-08-21 12:28:17,940 | INFO  | DNAudit | user=null | ip=null | op=WRITE_CHUNK {blockData=conID: 1 locID: 102654967667163769 bcsId: 4340} | ret=SUCCESS |  
2019-08-21 12:28:17,941 | INFO  | DNAudit | user=null | ip=null | op=WRITE_CHUNK {blockData=conID: 1 locID: 102654967667163769 bcsId: 4334} | ret=SUCCESS |  
2019-08-21 12:28:17,941 | INFO  | DNAudit | user=null | ip=null | op=WRITE_CHUNK {blockData=conID: 1 locID: 102654967667163769 bcsId: 4334} | ret=SUCCESS |  
2019-08-21 12:28:17,944 | INFO  | DNAudit | user=null | ip=null | op=PUT_BLOCK {blockData=[blockId=conID: 1 locID: 102654967667163769 bcsId: 0,size=3145728]} | ret=SUCCESS |  
2019-08-21 12:28:17,944 | INFO  | DNAudit | user=null | ip=null | op=PUT_BLOCK {blockData=[blockId=conID: 1 locID: 102654967667163769 bcsId: 0,size=3145728]} | ret=SUCCESS |  
2019-08-21 12:28:17,945 | INFO  | DNAudit | user=null | ip=null | op=WRITE_CHUNK {blockData=conID: 1 locID: 102654967667163769 bcsId: 4340} | ret=SUCCESS |  
2019-08-21 12:28:17,946 | INFO  | DNAudit | user=null | ip=null | op=PUT_BLOCK {blockData=[blockId=conID: 1 locID: 102654967667163769 bcsId: 0,size=4194304]} | ret=SUCCESS |  
2019-08-21 12:28:17,946 [grpc-default-executor-4] INFO  client.GrpcClientProtocolClient (GrpcClientProtocolClient.java:onNext(255)) - client-C954105195FD->270584e6-a4a8-4db5-8151-214655ce1a56: receive RaftClientReply:client-C954105195FD->270584e6-a4a8-4db5-8151-214655ce1a56@group-787F5BA3AA67, cid=2898, SUCCESS, logIndex=4343, commits[270584e6-a4a8-4db5-8151-214655ce1a56:c4344, af078b8b-61ec-497f-9506-472d46a72462:c4340, 09fb9ab4-1b8d-44c0-9f8c-50855c6f1fed:c4340]
2019-08-21 12:28:17,946 [grpc-default-executor-4] INFO  client.GrpcClientProtocolClient (GrpcClientProtocolClient.java:onNext(255)) - client-C954105195FD->270584e6-a4a8-4db5-8151-214655ce1a56: receive RaftClientReply:client-C954105195FD->270584e6-a4a8-4db5-8151-214655ce1a56@group-787F5BA3AA67, cid=2899, SUCCESS, logIndex=4344, commits[270584e6-a4a8-4db5-8151-214655ce1a56:c4344, af078b8b-61ec-497f-9506-472d46a72462:c4340, 09fb9ab4-1b8d-44c0-9f8c-50855c6f1fed:c4340]
2019-08-21 12:28:17,949 | INFO  | DNAudit | user=null | ip=null | op=WRITE_CHUNK {blockData=conID: 1 locID: 102654967667163769 bcsId: 4340} | ret=SUCCESS |  
2019-08-21 12:28:17,949 | INFO  | DNAudit | user=null | ip=null | op=WRITE_CHUNK {blockData=conID: 1 locID: 102654967667163769 bcsId: 4340} | ret=SUCCESS |  
2019-08-21 12:28:17,952 | INFO  | SCMAudit | user=jenkins1000 | ip=192.168.34.23 | op=SEND_HEARTBEAT {datanodeUUID=09fb9ab4-1b8d-44c0-9f8c-50855c6f1fed, command=[]} | ret=SUCCESS |  
2019-08-21 12:28:17,952 | INFO  | SCMAudit | user=jenkins1000 | ip=192.168.34.23 | op=SEND_HEARTBEAT {datanodeUUID=af078b8b-61ec-497f-9506-472d46a72462, command=[]} | ret=SUCCESS |  
 0.00% |█                                                                                                    |  0/1 Time: 0:00:252019-08-21 12:28:17,955 | INFO  | SCMAudit | user=jenkins1000 | ip=192.168.34.23 | op=SEND_HEARTBEAT {datanodeUUID=270584e6-a4a8-4db5-8151-214655ce1a56, command=[]} | ret=SUCCESS |  
2019-08-21 12:28:17,958 | INFO  | DNAudit | user=null | ip=null | op=PUT_BLOCK {blockData=[blockId=conID: 1 locID: 102654967667163769 bcsId: 0,size=4194304]} | ret=SUCCESS |  
2019-08-21 12:28:17,958 | INFO  | DNAudit | user=null | ip=null | op=PUT_BLOCK {blockData=[blockId=conID: 1 locID: 102654967667163769 bcsId: 0,size=4194304]} | ret=SUCCESS |  
2019-08-21 12:28:17,959 [grpc-default-executor-4] INFO  client.GrpcClientProtocolClient (GrpcClientProtocolClient.java:onNext(255)) - client-C954105195FD->270584e6-a4a8-4db5-8151-214655ce1a56: receive RaftClientReply:client-C954105195FD->270584e6-a4a8-4db5-8151-214655ce1a56@group-787F5BA3AA67, cid=2900, SUCCESS, logIndex=0, commits[270584e6-a4a8-4db5-8151-214655ce1a56:c4346, af078b8b-61ec-497f-9506-472d46a72462:c4344, 09fb9ab4-1b8d-44c0-9f8c-50855c6f1fed:c4344]
2019-08-21 12:28:17,966 | INFO  | SCMAudit | user=jenkins1000 | ip=192.168.34.23 | op=ALLOCATE_BLOCK {owner=b79f83c9-5f7d-4caf-af30-78af34bc5eea, size=4194304, type=RATIS, factor=THREE} | ret=SUCCESS |  
2019-08-21 12:28:17,971 | INFO  | OMAudit | user=jenkins1000 | ip=127.0.0.1 | op=ALLOCATE_BLOCK {volume=vol-0-06517, bucket=bucket-0-64549, key=key-0-34512, dataSize=0, replicationType=null, replicationFactor=null, keyLocationInfo=null, clientID=102654965997830546} | ret=SUCCESS |  
2019-08-21 12:28:17,979 | INFO  | DNAudit | user=null | ip=null | op=WRITE_CHUNK {blockData=conID: 2 locID: 102654967674700410 bcsId: 0} | ret=SUCCESS |  
2019-08-21 12:28:17,982 | INFO  | DNAudit | user=null | ip=null | op=WRITE_CHUNK {blockData=conID: 2 locID: 102654967674700410 bcsId: 0} | ret=SUCCESS |  
2019-08-21 12:28:17,984 | INFO  | DNAudit | user=null | ip=null | op=WRITE_CHUNK {blockData=conID: 2 locID: 102654967674700410 bcsId: 0} | ret=SUCCESS |  
2019-08-21 12:28:17,984 | INFO  | DNAudit | user=null | ip=null | op=WRITE_CHUNK {blockData=conID: 2 locID: 102654967674700410 bcsId: 0} | ret=SUCCESS |  
2019-08-21 12:28:17,986 | INFO  | DNAudit | user=null | ip=null | op=WRITE_CHUNK {blockData=conID: 2 locID: 102654967674700410 bcsId: 0} | ret=SUCCESS |  
2019-08-21 12:28:17,987 | INFO  | DNAudit | user=null | ip=null | op=PUT_BLOCK {blockData=[blockId=conID: 2 locID: 102654967674700410 bcsId: 0,size=1048576]} | ret=SUCCESS |  
2019-08-21 12:28:17,987 [grpc-default-executor-4] INFO  client.GrpcClientProtocolClient (GrpcClientProtocolClient.java:onNext(255)) - client-C954105195FD->270584e6-a4a8-4db5-8151-214655ce1a56: receive RaftClientReply:client-C954105195FD->270584e6-a4a8-4db5-8151-214655ce1a56@group-787F5BA3AA67, cid=2901, SUCCESS, logIndex=4347, commits[270584e6-a4a8-4db5-8151-214655ce1a56:c4348, af078b8b-61ec-497f-9506-472d46a72462:c4346, 09fb9ab4-1b8d-44c0-9f8c-50855c6f1fed:c4346]
2019-08-21 12:28:17,987 | INFO  | DNAudit | user=null | ip=null | op=WRITE_CHUNK {blockData=conID: 2 locID: 102654967674700410 bcsId: 0} | ret=SUCCESS |  
2019-08-21 12:28:17,987 | INFO  | DNAudit | user=null | ip=null | op=WRITE_CHUNK {blockData=conID: 2 locID: 102654967674700410 bcsId: 0} | ret=SUCCESS |  
2019-08-21 12:28:17,987 [grpc-default-executor-4] INFO  client.GrpcClientProtocolClient (GrpcClientProtocolClient.java:onNext(255)) - client-C954105195FD->270584e6-a4a8-4db5-8151-214655ce1a56: receive RaftClientReply:client-C954105195FD->270584e6-a4a8-4db5-8151-214655ce1a56@group-787F5BA3AA67, cid=2902, SUCCESS, logIndex=4348, commits[270584e6-a4a8-4db5-8151-214655ce1a56:c4348, af078b8b-61ec-497f-9506-472d46a72462:c4346, 09fb9ab4-1b8d-44c0-9f8c-50855c6f1fed:c4346]
2019-08-21 12:28:18,009 | INFO  | DNAudit | user=null | ip=null | op=WRITE_CHUNK {blockData=conID: 2 locID: 102654967674700410 bcsId: 0} | ret=SUCCESS |  
2019-08-21 12:28:18,009 | INFO  | DNAudit | user=null | ip=null | op=WRITE_CHUNK {blockData=conID: 2 locID: 102654967674700410 bcsId: 0} | ret=SUCCESS |  
2019-08-21 12:28:18,009 | INFO  | DNAudit | user=null | ip=null | op=PUT_BLOCK {blockData=[blockId=conID: 2 locID: 102654967674700410 bcsId: 0,size=1048576]} | ret=SUCCESS |  
2019-08-21 12:28:18,009 | INFO  | DNAudit | user=null | ip=null | op=PUT_BLOCK {blockData=[blockId=conID: 2 locID: 102654967674700410 bcsId: 0,size=2097152]} | ret=SUCCESS |  
2019-08-21 12:28:18,009 | INFO  | DNAudit | user=null | ip=null | op=WRITE_CHUNK {blockData=conID: 2 locID: 102654967674700410 bcsId: 0} | ret=SUCCESS |  
2019-08-21 12:28:18,010 | INFO  | DNAudit | user=null | ip=null | op=PUT_BLOCK {blockData=[blockId=conID: 2 locID: 102654967674700410 bcsId: 0,size=1048576]} | ret=SUCCESS |  
2019-08-21 12:28:18,010 [grpc-default-executor-5] INFO  client.GrpcClientProtocolClient (GrpcClientProtocolClient.java:onNext(255)) - client-C954105195FD->270584e6-a4a8-4db5-8151-214655ce1a56: receive RaftClientReply:client-C954105195FD->270584e6-a4a8-4db5-8151-214655ce1a56@group-787F5BA3AA67, cid=2903, SUCCESS, logIndex=4349, commits[270584e6-a4a8-4db5-8151-214655ce1a56:c4349, af078b8b-61ec-497f-9506-472d46a72462:c4346, 09fb9ab4-1b8d-44c0-9f8c-50855c6f1fed:c4346]
2019-08-21 12:28:18,010 [grpc-default-executor-5] INFO  client.GrpcClientProtocolClient (GrpcClientProtocolClient.java:onNext(255)) - client-C954105195FD->270584e6-a4a8-4db5-8151-214655ce1a56: receive RaftClientReply:client-C954105195FD->270584e6-a4a8-4db5-8151-214655ce1a56@group-787F5BA3AA67, cid=2904, SUCCESS, logIndex=4350, commits[270584e6-a4a8-4db5-8151-214655ce1a56:c4352, af078b8b-61ec-497f-9506-472d46a72462:c4348, 09fb9ab4-1b8d-44c0-9f8c-50855c6f1fed:c4348]
2019-08-21 12:28:18,018 | INFO  | DNAudit | user=null | ip=null | op=WRITE_CHUNK {blockData=conID: 2 locID: 102654967674700410 bcsId: 4350} | ret=SUCCESS |  
2019-08-21 12:28:18,021 | INFO  | DNAudit | user=null | ip=null | op=WRITE_CHUNK {blockData=conID: 2 locID: 102654967674700410 bcsId: 0} | ret=SUCCESS |  
2019-08-21 12:28:18,021 | INFO  | DNAudit | user=null | ip=null | op=WRITE_CHUNK {blockData=conID: 2 locID: 102654967674700410 bcsId: 0} | ret=SUCCESS |  
2019-08-21 12:28:18,021 | INFO  | DNAudit | user=null | ip=null | op=PUT_BLOCK {blockData=[blockId=conID: 2 locID: 102654967674700410 bcsId: 0,size=2097152]} | ret=SUCCESS |  
2019-08-21 12:28:18,022 | INFO  | DNAudit | user=null | ip=null | op=WRITE_CHUNK {blockData=conID: 2 locID: 102654967674700410 bcsId: 4350} | ret=SUCCESS |  
2019-08-21 12:28:18,022 | INFO  | DNAudit | user=null | ip=null | op=WRITE_CHUNK {blockData=conID: 2 locID: 102654967674700410 bcsId: 4350} | ret=SUCCESS |  
2019-08-21 12:28:18,038 | INFO  | DNAudit | user=null | ip=null | op=PUT_BLOCK {blockData=[blockId=conID: 2 locID: 102654967674700410 bcsId: 0,size=2097152]} | ret=SUCCESS |  
2019-08-21 12:28:18,039 | INFO  | DNAudit | user=null | ip=null | op=WRITE_CHUNK {blockData=conID: 2 locID: 102654967674700410 bcsId: 4350} | ret=SUCCESS |  
2019-08-21 12:28:18,039 | INFO  | DNAudit | user=null | ip=null | op=PUT_BLOCK {blockData=[blockId=conID: 2 locID: 102654967674700410 bcsId: 0,size=3145728]} | ret=SUCCESS |  
2019-08-21 12:28:18,039 [grpc-default-executor-5] INFO  client.GrpcClientProtocolClient (GrpcClientProtocolClient.java:onNext(255)) - client-C954105195FD->270584e6-a4a8-4db5-8151-214655ce1a56: receive RaftClientReply:client-C954105195FD->270584e6-a4a8-4db5-8151-214655ce1a56@group-787F5BA3AA67, cid=2905, SUCCESS, logIndex=4355, commits[270584e6-a4a8-4db5-8151-214655ce1a56:c4356, af078b8b-61ec-497f-9506-472d46a72462:c4352, 09fb9ab4-1b8d-44c0-9f8c-50855c6f1fed:c4351]
2019-08-21 12:28:18,040 | INFO  | DNAudit | user=null | ip=null | op=WRITE_CHUNK {blockData=conID: 2 locID: 102654967674700410 bcsId: 4350} | ret=SUCCESS |  
2019-08-21 12:28:18,040 [grpc-default-executor-5] INFO  client.GrpcClientProtocolClient (GrpcClientProtocolClient.java:onNext(255)) - client-C954105195FD->270584e6-a4a8-4db5-8151-214655ce1a56: receive RaftClientReply:client-C954105195FD->270584e6-a4a8-4db5-8151-214655ce1a56@group-787F5BA3AA67, cid=2906, SUCCESS, logIndex=4356, commits[270584e6-a4a8-4db5-8151-214655ce1a56:c4356, af078b8b-61ec-497f-9506-472d46a72462:c4352, 09fb9ab4-1b8d-44c0-9f8c-50855c6f1fed:c4352]
2019-08-21 12:28:18,042 | INFO  | DNAudit | user=null | ip=null | op=WRITE_CHUNK {blockData=conID: 2 locID: 102654967674700410 bcsId: 4350} | ret=SUCCESS |  
2019-08-21 12:28:18,048 | INFO  | DNAudit | user=null | ip=null | op=WRITE_CHUNK {blockData=conID: 2 locID: 102654967674700410 bcsId: 4356} | ret=SUCCESS |  
2019-08-21 12:28:18,051 | INFO  | DNAudit | user=null | ip=null | op=WRITE_CHUNK {blockData=conID: 2 locID: 102654967674700410 bcsId: 4356} | ret=SUCCESS |  
2019-08-21 12:28:18,051 | INFO  | DNAudit | user=null | ip=null | op=WRITE_CHUNK {blockData=conID: 2 locID: 102654967674700410 bcsId: 4356} | ret=SUCCESS |  
2019-08-21 12:28:18,053 | INFO  | DNAudit | user=null | ip=null | op=PUT_BLOCK {blockData=[blockId=conID: 2 locID: 102654967674700410 bcsId: 0,size=3145728]} | ret=SUCCESS |  
2019-08-21 12:28:18,054 | INFO  | DNAudit | user=null | ip=null | op=PUT_BLOCK {blockData=[blockId=conID: 2 locID: 102654967674700410 bcsId: 0,size=3145728]} | ret=SUCCESS |  
2019-08-21 12:28:18,054 | INFO  | DNAudit | user=null | ip=null | op=WRITE_CHUNK {blockData=conID: 2 locID: 102654967674700410 bcsId: 4356} | ret=SUCCESS |  
2019-08-21 12:28:18,055 | INFO  | DNAudit | user=null | ip=null | op=PUT_BLOCK {blockData=[blockId=conID: 2 locID: 102654967674700410 bcsId: 0,size=4194304]} | ret=SUCCESS |  
2019-08-21 12:28:18,055 [grpc-default-executor-5] INFO  client.GrpcClientProtocolClient (GrpcClientProtocolClient.java:onNext(255)) - client-C954105195FD->270584e6-a4a8-4db5-8151-214655ce1a56: receive RaftClientReply:client-C954105195FD->270584e6-a4a8-4db5-8151-214655ce1a56@group-787F5BA3AA67, cid=2907, SUCCESS, logIndex=4359, commits[270584e6-a4a8-4db5-8151-214655ce1a56:c4360, af078b8b-61ec-497f-9506-472d46a72462:c4357, 09fb9ab4-1b8d-44c0-9f8c-50855c6f1fed:c4356]
2019-08-21 12:28:18,056 [grpc-default-executor-5] INFO  client.GrpcClientProtocolClient (GrpcClientProtocolClient.java:onNext(255)) - client-C954105195FD->270584e6-a4a8-4db5-8151-214655ce1a56: receive RaftClientReply:client-C954105195FD->270584e6-a4a8-4db5-8151-214655ce1a56@group-787F5BA3AA67, cid=2908, SUCCESS, logIndex=4360, commits[270584e6-a4a8-4db5-8151-214655ce1a56:c4360, af078b8b-61ec-497f-9506-472d46a72462:c4357, 09fb9ab4-1b8d-44c0-9f8c-50855c6f1fed:c4357]
2019-08-21 12:28:18,057 | INFO  | DNAudit | user=null | ip=null | op=WRITE_CHUNK {blockData=conID: 2 locID: 102654967674700410 bcsId: 4356} | ret=SUCCESS |  
2019-08-21 12:28:18,057 | INFO  | DNAudit | user=null | ip=null | op=WRITE_CHUNK {blockData=conID: 2 locID: 102654967674700410 bcsId: 4356} | ret=SUCCESS |  
2019-08-21 12:28:18,057 | INFO  | DNAudit | user=null | ip=null | op=PUT_BLOCK {blockData=[blockId=conID: 2 locID: 102654967674700410 bcsId: 0,size=4194304]} | ret=SUCCESS |  
2019-08-21 12:28:18,068 | INFO  | DNAudit | user=null | ip=null | op=PUT_BLOCK {blockData=[blockId=conID: 2 locID: 102654967674700410 bcsId: 0,size=4194304]} | ret=SUCCESS |  
2019-08-21 12:28:18,069 [grpc-default-executor-4] INFO  client.GrpcClientProtocolClient (GrpcClientProtocolClient.java:onNext(255)) - client-C954105195FD->270584e6-a4a8-4db5-8151-214655ce1a56: receive RaftClientReply:client-C954105195FD->270584e6-a4a8-4db5-8151-214655ce1a56@group-787F5BA3AA67, cid=2909, SUCCESS, logIndex=0, commits[270584e6-a4a8-4db5-8151-214655ce1a56:c4362, af078b8b-61ec-497f-9506-472d46a72462:c4360, 09fb9ab4-1b8d-44c0-9f8c-50855c6f1fed:c4360]
2019-08-21 12:28:18,076 | INFO  | SCMAudit | user=jenkins1000 | ip=192.168.34.23 | op=ALLOCATE_BLOCK {owner=b79f83c9-5f7d-4caf-af30-78af34bc5eea, size=4194304, type=RATIS, factor=THREE} | ret=SUCCESS |  
2019-08-21 12:28:18,082 | INFO  | OMAudit | user=jenkins1000 | ip=127.0.0.1 | op=ALLOCATE_BLOCK {volume=vol-0-06517, bucket=bucket-0-64549, key=key-0-34512, dataSize=0, replicationType=null, replicationFactor=null, keyLocationInfo=null, clientID=102654965997830546} | ret=SUCCESS |  
2019-08-21 12:28:18,089 | INFO  | DNAudit | user=null | ip=null | op=WRITE_CHUNK {blockData=conID: 3 locID: 102654967681909371 bcsId: 0} | ret=SUCCESS |  
2019-08-21 12:28:18,093 | INFO  | DNAudit | user=null | ip=null | op=WRITE_CHUNK {blockData=conID: 3 locID: 102654967681909371 bcsId: 0} | ret=SUCCESS |  
2019-08-21 12:28:18,093 | INFO  | DNAudit | user=null | ip=null | op=WRITE_CHUNK {blockData=conID: 3 locID: 102654967681909371 bcsId: 0} | ret=SUCCESS |  
2019-08-21 12:28:18,094 | INFO  | DNAudit | user=null | ip=null | op=WRITE_CHUNK {blockData=conID: 3 locID: 102654967681909371 bcsId: 0} | ret=SUCCESS |  
2019-08-21 12:28:18,096 | INFO  | DNAudit | user=null | ip=null | op=WRITE_CHUNK {blockData=conID: 3 locID: 102654967681909371 bcsId: 0} | ret=SUCCESS |  
2019-08-21 12:28:18,096 | INFO  | DNAudit | user=null | ip=null | op=WRITE_CHUNK {blockData=conID: 3 locID: 102654967681909371 bcsId: 0} | ret=SUCCESS |  
2019-08-21 12:28:18,103 | INFO  | DNAudit | user=null | ip=null | op=WRITE_CHUNK {blockData=conID: 3 locID: 102654967681909371 bcsId: 0} | ret=SUCCESS |  
2019-08-21 12:28:18,104 | INFO  | DNAudit | user=null | ip=null | op=PUT_BLOCK {blockData=[blockId=conID: 3 locID: 102654967681909371 bcsId: 0,size=1048576]} | ret=SUCCESS |  
2019-08-21 12:28:18,104 [grpc-default-executor-4] INFO  client.GrpcClientProtocolClient (GrpcClientProtocolClient.java:onNext(255)) - client-C954105195FD->270584e6-a4a8-4db5-8151-214655ce1a56: receive RaftClientReply:client-C954105195FD->270584e6-a4a8-4db5-8151-214655ce1a56@group-787F5BA3AA67, cid=2910, SUCCESS, logIndex=4363, commits[270584e6-a4a8-4db5-8151-214655ce1a56:c4364, af078b8b-61ec-497f-9506-472d46a72462:c4362, 09fb9ab4-1b8d-44c0-9f8c-50855c6f1fed:c4362]
2019-08-21 12:28:18,105 [grpc-default-executor-4] INFO  client.GrpcClientProtocolClient (GrpcClientProtocolClient.java:onNext(255)) - client-C954105195FD->270584e6-a4a8-4db5-8151-214655ce1a56: receive RaftClientReply:client-C954105195FD->270584e6-a4a8-4db5-8151-214655ce1a56@group-787F5BA3AA67, cid=2911, SUCCESS, logIndex=4364, commits[270584e6-a4a8-4db5-8151-214655ce1a56:c4364, af078b8b-61ec-497f-9506-472d46a72462:c4362, 09fb9ab4-1b8d-44c0-9f8c-50855c6f1fed:c4362]
2019-08-21 12:28:18,116 | INFO  | DNAudit | user=null | ip=null | op=WRITE_CHUNK {blockData=conID: 3 locID: 102654967681909371 bcsId: 0} | ret=SUCCESS |  
2019-08-21 12:28:18,116 | INFO  | DNAudit | user=null | ip=null | op=PUT_BLOCK {blockData=[blockId=conID: 3 locID: 102654967681909371 bcsId: 0,size=2097152]} | ret=SUCCESS |  
2019-08-21 12:28:18,117 [grpc-default-executor-1] INFO  client.GrpcClientProtocolClient (GrpcClientProtocolClient.java:onNext(255)) - client-C954105195FD->270584e6-a4a8-4db5-8151-214655ce1a56: receive RaftClientReply:client-C954105195FD->270584e6-a4a8-4db5-8151-214655ce1a56@group-787F5BA3AA67, cid=2912, SUCCESS, logIndex=4365, commits[270584e6-a4a8-4db5-8151-214655ce1a56:c4366, af078b8b-61ec-497f-9506-472d46a72462:c4362, 09fb9ab4-1b8d-44c0-9f8c-50855c6f1fed:c4362]
2019-08-21 12:28:18,117 [grpc-default-executor-1] INFO  client.GrpcClientProtocolClient (GrpcClientProtocolClient.java:onNext(255)) - client-C954105195FD->270584e6-a4a8-4db5-8151-214655ce1a56: receive RaftClientReply:client-C954105195FD->270584e6-a4a8-4db5-8151-214655ce1a56@group-787F5BA3AA67, cid=2913, SUCCESS, logIndex=4366, commits[270584e6-a4a8-4db5-8151-214655ce1a56:c4366, af078b8b-61ec-497f-9506-472d46a72462:c4362, 09fb9ab4-1b8d-44c0-9f8c-50855c6f1fed:c4362]
2019-08-21 12:28:18,127 | INFO  | DNAudit | user=null | ip=null | op=WRITE_CHUNK {blockData=conID: 3 locID: 102654967681909371 bcsId: 0} | ret=SUCCESS |  
2019-08-21 12:28:18,127 | INFO  | DNAudit | user=null | ip=null | op=WRITE_CHUNK {blockData=conID: 3 locID: 102654967681909371 bcsId: 0} | ret=SUCCESS |  
2019-08-21 12:28:18,128 | INFO  | DNAudit | user=null | ip=null | op=PUT_BLOCK {blockData=[blockId=conID: 3 locID: 102654967681909371 bcsId: 0,size=1048576]} | ret=SUCCESS |  
2019-08-21 12:28:18,128 | INFO  | DNAudit | user=null | ip=null | op=PUT_BLOCK {blockData=[blockId=conID: 3 locID: 102654967681909371 bcsId: 0,size=1048576]} | ret=SUCCESS |  
2019-08-21 12:28:18,128 | INFO  | DNAudit | user=null | ip=null | op=WRITE_CHUNK {blockData=conID: 3 locID: 102654967681909371 bcsId: 0} | ret=SUCCESS |  
2019-08-21 12:28:18,128 | INFO  | DNAudit | user=null | ip=null | op=PUT_BLOCK {blockData=[blockId=conID: 3 locID: 102654967681909371 bcsId: 0,size=2097152]} | ret=SUCCESS |  
2019-08-21 12:28:18,128 [grpc-default-executor-5] INFO  client.GrpcClientProtocolClient (GrpcClientProtocolClient.java:onNext(255)) - client-C954105195FD->270584e6-a4a8-4db5-8151-214655ce1a56: receive RaftClientReply:client-C954105195FD->270584e6-a4a8-4db5-8151-214655ce1a56@group-787F5BA3AA67, cid=2914, SUCCESS, logIndex=0, commits[270584e6-a4a8-4db5-8151-214655ce1a56:c4368, af078b8b-61ec-497f-9506-472d46a72462:c4364, 09fb9ab4-1b8d-44c0-9f8c-50855c6f1fed:c4364]
2019-08-21 12:28:18,129 | INFO  | DNAudit | user=null | ip=null | op=WRITE_CHUNK {blockData=conID: 3 locID: 102654967681909371 bcsId: 0} | ret=SUCCESS |  
2019-08-21 12:28:18,129 | INFO  | DNAudit | user=null | ip=null | op=PUT_BLOCK {blockData=[blockId=conID: 3 locID: 102654967681909371 bcsId: 0,size=2097152]} | ret=SUCCESS |  
2019-08-21 12:28:18,139 | INFO  | DNAudit | user=null | ip=null | op=WRITE_CHUNK {blockData=conID: 3 locID: 102654967681909371 bcsId: 4366} | ret=SUCCESS |  
2019-08-21 12:28:18,142 | INFO  | DNAudit | user=null | ip=null | op=WRITE_CHUNK {blockData=conID: 3 locID: 102654967681909371 bcsId: 4366} | ret=SUCCESS |  
2019-08-21 12:28:18,142 | INFO  | DNAudit | user=null | ip=null | op=WRITE_CHUNK {blockData=conID: 3 locID: 102654967681909371 bcsId: 4366} | ret=SUCCESS |  
2019-08-21 12:28:18,153 | INFO  | DNAudit | user=null | ip=null | op=WRITE_CHUNK {blockData=conID: 3 locID: 102654967681909371 bcsId: 4366} | ret=SUCCESS |  
2019-08-21 12:28:18,153 | INFO  | DNAudit | user=null | ip=null | op=PUT_BLOCK {blockData=[blockId=conID: 3 locID: 102654967681909371 bcsId: 0,size=3145728]} | ret=SUCCESS |  
2019-08-21 12:28:18,154 [grpc-default-executor-4] INFO  client.GrpcClientProtocolClient (GrpcClientProtocolClient.java:onNext(255)) - client-C954105195FD->270584e6-a4a8-4db5-8151-214655ce1a56: receive RaftClientReply:client-C954105195FD->270584e6-a4a8-4db5-8151-214655ce1a56@group-787F5BA3AA67, cid=2915, SUCCESS, logIndex=4371, commits[270584e6-a4a8-4db5-8151-214655ce1a56:c4372, af078b8b-61ec-497f-9506-472d46a72462:c4370, 09fb9ab4-1b8d-44c0-9f8c-50855c6f1fed:c4370]
2019-08-21 12:28:18,154 [grpc-default-executor-4] INFO  client.GrpcClientProtocolClient (GrpcClientProtocolClient.java:onNext(255)) - client-C954105195FD->270584e6-a4a8-4db5-8151-214655ce1a56: receive RaftClientReply:client-C954105195FD->270584e6-a4a8-4db5-8151-214655ce1a56@group-787F5BA3AA67, cid=2916, SUCCESS, logIndex=4372, commits[270584e6-a4a8-4db5-8151-214655ce1a56:c4372, af078b8b-61ec-497f-9506-472d46a72462:c4370, 09fb9ab4-1b8d-44c0-9f8c-50855c6f1fed:c4370]
2019-08-21 12:28:18,161 | INFO  | DNAudit | user=null | ip=null | op=WRITE_CHUNK {blockData=conID: 3 locID: 102654967681909371 bcsId: 4372} | ret=SUCCESS |  
2019-08-21 12:28:18,164 | INFO  | DNAudit | user=null | ip=null | op=WRITE_CHUNK {blockData=conID: 3 locID: 102654967681909371 bcsId: 4372} | ret=SUCCESS |  
2019-08-21 12:28:18,164 | INFO  | DNAudit | user=null | ip=null | op=WRITE_CHUNK {blockData=conID: 3 locID: 102654967681909371 bcsId: 4372} | ret=SUCCESS |  
2019-08-21 12:28:18,166 | INFO  | DNAudit | user=null | ip=null | op=WRITE_CHUNK {blockData=conID: 3 locID: 102654967681909371 bcsId: 4366} | ret=SUCCESS |  
2019-08-21 12:28:18,166 | INFO  | DNAudit | user=null | ip=null | op=WRITE_CHUNK {blockData=conID: 3 locID: 102654967681909371 bcsId: 4366} | ret=SUCCESS |  
2019-08-21 12:28:18,179 | INFO  | DNAudit | user=null | ip=null | op=PUT_BLOCK {blockData=[blockId=conID: 3 locID: 102654967681909371 bcsId: 0,size=3145728]} | ret=SUCCESS |  
2019-08-21 12:28:18,179 | INFO  | DNAudit | user=null | ip=null | op=PUT_BLOCK {blockData=[blockId=conID: 3 locID: 102654967681909371 bcsId: 0,size=3145728]} | ret=SUCCESS |  
2019-08-21 12:28:18,180 | INFO  | DNAudit | user=null | ip=null | op=WRITE_CHUNK {blockData=conID: 3 locID: 102654967681909371 bcsId: 4372} | ret=SUCCESS |  
2019-08-21 12:28:18,181 | INFO  | DNAudit | user=null | ip=null | op=PUT_BLOCK {blockData=[blockId=conID: 3 locID: 102654967681909371 bcsId: 0,size=4194304]} | ret=SUCCESS |  
2019-08-21 12:28:18,181 [grpc-default-executor-5] INFO  client.GrpcClientProtocolClient (GrpcClientProtocolClient.java:onNext(255)) - client-C954105195FD->270584e6-a4a8-4db5-8151-214655ce1a56: receive RaftClientReply:client-C954105195FD->270584e6-a4a8-4db5-8151-214655ce1a56@group-787F5BA3AA67, cid=2917, SUCCESS, logIndex=4375, commits[270584e6-a4a8-4db5-8151-214655ce1a56:c4376, af078b8b-61ec-497f-9506-472d46a72462:c4372, 09fb9ab4-1b8d-44c0-9f8c-50855c6f1fed:c4372]
2019-08-21 12:28:18,181 [grpc-default-executor-5] INFO  client.GrpcClientProtocolClient (GrpcClientProtocolClient.java:onNext(255)) - client-C954105195FD->270584e6-a4a8-4db5-8151-214655ce1a56: receive RaftClientReply:client-C954105195FD->270584e6-a4a8-4db5-8151-214655ce1a56@group-787F5BA3AA67, cid=2918, SUCCESS, logIndex=4376, commits[270584e6-a4a8-4db5-8151-214655ce1a56:c4376, af078b8b-61ec-497f-9506-472d46a72462:c4372, 09fb9ab4-1b8d-44c0-9f8c-50855c6f1fed:c4372]
2019-08-21 12:28:18,188 | INFO  | SCMAudit | user=jenkins1000 | ip=192.168.34.23 | op=SEND_HEARTBEAT {datanodeUUID=39ae8c09-9b4b-4ddc-906b-4e52d104e1b1, command=[]} | ret=SUCCESS |  
2019-08-21 12:28:18,188 | INFO  | SCMAudit | user=jenkins1000 | ip=192.168.34.23 | op=SEND_HEARTBEAT {datanodeUUID=0aa4def6-fe9f-4182-b0b1-80406548816f, command=[]} | ret=SUCCESS |  
2019-08-21 12:28:18,194 | INFO  | DNAudit | user=null | ip=null | op=WRITE_CHUNK {blockData=conID: 3 locID: 102654967681909371 bcsId: 4372} | ret=SUCCESS |  
2019-08-21 12:28:18,194 | INFO  | DNAudit | user=null | ip=null | op=WRITE_CHUNK {blockData=conID: 3 locID: 102654967681909371 bcsId: 4372} | ret=SUCCESS |  
2019-08-21 12:28:18,194 | INFO  | DNAudit | user=null | ip=null | op=PUT_BLOCK {blockData=[blockId=conID: 3 locID: 102654967681909371 bcsId: 0,size=4194304]} | ret=SUCCESS |  
2019-08-21 12:28:18,194 | INFO  | DNAudit | user=null | ip=null | op=PUT_BLOCK {blockData=[blockId=conID: 3 locID: 102654967681909371 bcsId: 0,size=4194304]} | ret=SUCCESS |  
2019-08-21 12:28:18,194 [grpc-default-executor-5] INFO  client.GrpcClientProtocolClient (GrpcClientProtocolClient.java:onNext(255)) - client-C954105195FD->270584e6-a4a8-4db5-8151-214655ce1a56: receive RaftClientReply:client-C954105195FD->270584e6-a4a8-4db5-8151-214655ce1a56@group-787F5BA3AA67, cid=2919, SUCCESS, logIndex=0, commits[270584e6-a4a8-4db5-8151-214655ce1a56:c4377, af078b8b-61ec-497f-9506-472d46a72462:c4376, 09fb9ab4-1b8d-44c0-9f8c-50855c6f1fed:c4376]
2019-08-21 12:28:18,203 | INFO  | SCMAudit | user=jenkins1000 | ip=192.168.34.23 | op=ALLOCATE_BLOCK {owner=b79f83c9-5f7d-4caf-af30-78af34bc5eea, size=4194304, type=RATIS, factor=THREE} | ret=SUCCESS |  
2019-08-21 12:28:18,208 | INFO  | OMAudit | user=jenkins1000 | ip=127.0.0.1 | op=ALLOCATE_BLOCK {volume=vol-0-06517, bucket=bucket-0-64549, key=key-0-34512, dataSize=0, replicationType=null, replicationFactor=null, keyLocationInfo=null, clientID=102654965997830546} | ret=SUCCESS |  
2019-08-21 12:28:18,216 | INFO  | DNAudit | user=null | ip=null | op=WRITE_CHUNK {blockData=conID: 1 locID: 102654967690232444 bcsId: 0} | ret=SUCCESS |  
2019-08-21 12:28:18,218 | INFO  | DNAudit | user=null | ip=null | op=WRITE_CHUNK {blockData=conID: 1 locID: 102654967690232444 bcsId: 0} | ret=SUCCESS |  
2019-08-21 12:28:18,219 | INFO  | DNAudit | user=null | ip=null | op=WRITE_CHUNK {blockData=conID: 1 locID: 102654967690232444 bcsId: 0} | ret=SUCCESS |  
2019-08-21 12:28:18,220 | INFO  | DNAudit | user=null | ip=null | op=WRITE_CHUNK {blockData=conID: 1 locID: 102654967690232444 bcsId: 0} | ret=SUCCESS |  
2019-08-21 12:28:18,221 | INFO  | DNAudit | user=null | ip=null | op=WRITE_CHUNK {blockData=conID: 1 locID: 102654967690232444 bcsId: 0} | ret=SUCCESS |  
2019-08-21 12:28:18,221 | INFO  | DNAudit | user=null | ip=null | op=WRITE_CHUNK {blockData=conID: 1 locID: 102654967690232444 bcsId: 0} | ret=SUCCESS |  
2019-08-21 12:28:18,224 | INFO  | DNAudit | user=null | ip=null | op=WRITE_CHUNK {blockData=conID: 1 locID: 102654967690232444 bcsId: 0} | ret=SUCCESS |  
2019-08-21 12:28:18,224 | INFO  | DNAudit | user=null | ip=null | op=PUT_BLOCK {blockData=[blockId=conID: 1 locID: 102654967690232444 bcsId: 0,size=1048576]} | ret=SUCCESS |  
2019-08-21 12:28:18,225 | INFO  | DNAudit | user=null | ip=null | op=WRITE_CHUNK {blockData=conID: 1 locID: 102654967690232444 bcsId: 0} | ret=SUCCESS |  
2019-08-21 12:28:18,225 [grpc-default-executor-1] INFO  client.GrpcClientProtocolClient (GrpcClientProtocolClient.java:onNext(255)) - client-C954105195FD->270584e6-a4a8-4db5-8151-214655ce1a56: receive RaftClientReply:client-C954105195FD->270584e6-a4a8-4db5-8151-214655ce1a56@group-787F5BA3AA67, cid=2920, SUCCESS, logIndex=4379, commits[270584e6-a4a8-4db5-8151-214655ce1a56:c4381, af078b8b-61ec-497f-9506-472d46a72462:c4378, 09fb9ab4-1b8d-44c0-9f8c-50855c6f1fed:c4378]
2019-08-21 12:28:18,225 | INFO  | DNAudit | user=null | ip=null | op=PUT_BLOCK {blockData=[blockId=conID: 1 locID: 102654967690232444 bcsId: 0,size=2097152]} | ret=SUCCESS |  
2019-08-21 12:28:18,225 [grpc-default-executor-1] INFO  client.GrpcClientProtocolClient (GrpcClientProtocolClient.java:onNext(255)) - client-C954105195FD->270584e6-a4a8-4db5-8151-214655ce1a56: receive RaftClientReply:client-C954105195FD->270584e6-a4a8-4db5-8151-214655ce1a56@group-787F5BA3AA67, cid=2921, SUCCESS, logIndex=4380, commits[270584e6-a4a8-4db5-8151-214655ce1a56:c4382, af078b8b-61ec-497f-9506-472d46a72462:c4378, 09fb9ab4-1b8d-44c0-9f8c-50855c6f1fed:c4378]
2019-08-21 12:28:18,226 [grpc-default-executor-1] INFO  client.GrpcClientProtocolClient (GrpcClientProtocolClient.java:onNext(255)) - client-C954105195FD->270584e6-a4a8-4db5-8151-214655ce1a56: receive RaftClientReply:client-C954105195FD->270584e6-a4a8-4db5-8151-214655ce1a56@group-787F5BA3AA67, cid=2922, SUCCESS, logIndex=4381, commits[270584e6-a4a8-4db5-8151-214655ce1a56:c4382, af078b8b-61ec-497f-9506-472d46a72462:c4378, 09fb9ab4-1b8d-44c0-9f8c-50855c6f1fed:c4378]
2019-08-21 12:28:18,226 [grpc-default-executor-1] INFO  client.GrpcClientProtocolClient (GrpcClientProtocolClient.java:onNext(255)) - client-C954105195FD->270584e6-a4a8-4db5-8151-214655ce1a56: receive RaftClientReply:client-C954105195FD->270584e6-a4a8-4db5-8151-214655ce1a56@group-787F5BA3AA67, cid=2923, SUCCESS, logIndex=4382, commits[270584e6-a4a8-4db5-8151-214655ce1a56:c4382, af078b8b-61ec-497f-9506-472d46a72462:c4378, 09fb9ab4-1b8d-44c0-9f8c-50855c6f1fed:c4378]
2019-08-21 12:28:18,226 | INFO  | DNAudit | user=null | ip=null | op=WRITE_CHUNK {blockData=conID: 1 locID: 102654967690232444 bcsId: 0} | ret=SUCCESS |  
2019-08-21 12:28:18,227 | INFO  | DNAudit | user=null | ip=null | op=PUT_BLOCK {blockData=[blockId=conID: 1 locID: 102654967690232444 bcsId: 0,size=1048576]} | ret=SUCCESS |  
2019-08-21 12:28:18,228 | INFO  | DNAudit | user=null | ip=null | op=WRITE_CHUNK {blockData=conID: 1 locID: 102654967690232444 bcsId: 0} | ret=SUCCESS |  
2019-08-21 12:28:18,229 | INFO  | DNAudit | user=null | ip=null | op=PUT_BLOCK {blockData=[blockId=conID: 1 locID: 102654967690232444 bcsId: 0,size=1048576]} | ret=SUCCESS |  
2019-08-21 12:28:18,229 | INFO  | DNAudit | user=null | ip=null | op=WRITE_CHUNK {blockData=conID: 1 locID: 102654967690232444 bcsId: 0} | ret=SUCCESS |  
2019-08-21 12:28:18,229 [grpc-default-executor-2] INFO  client.GrpcClientProtocolClient (GrpcClientProtocolClient.java:onNext(255)) - client-C954105195FD->270584e6-a4a8-4db5-8151-214655ce1a56: receive RaftClientReply:client-C954105195FD->270584e6-a4a8-4db5-8151-214655ce1a56@group-787F5BA3AA67, cid=2924, SUCCESS, logIndex=0, commits[270584e6-a4a8-4db5-8151-214655ce1a56:c4384, af078b8b-61ec-497f-9506-472d46a72462:c4380, 09fb9ab4-1b8d-44c0-9f8c-50855c6f1fed:c4380]
2019-08-21 12:28:18,230 | INFO  | DNAudit | user=null | ip=null | op=WRITE_CHUNK {blockData=conID: 1 locID: 102654967690232444 bcsId: 0} | ret=SUCCESS |  
2019-08-21 12:28:18,230 | INFO  | DNAudit | user=null | ip=null | op=PUT_BLOCK {blockData=[blockId=conID: 1 locID: 102654967690232444 bcsId: 0,size=2097152]} | ret=SUCCESS |  
2019-08-21 12:28:18,230 | INFO  | DNAudit | user=null | ip=null | op=PUT_BLOCK {blockData=[blockId=conID: 1 locID: 102654967690232444 bcsId: 0,size=2097152]} | ret=SUCCESS |  
2019-08-21 12:28:18,235 | INFO  | DNAudit | user=null | ip=null | op=WRITE_CHUNK {blockData=conID: 1 locID: 102654967690232444 bcsId: 4382} | ret=SUCCESS |  
2019-08-21 12:28:18,238 | INFO  | DNAudit | user=null | ip=null | op=WRITE_CHUNK {blockData=conID: 1 locID: 102654967690232444 bcsId: 4382} | ret=SUCCESS |  
2019-08-21 12:28:18,238 | INFO  | DNAudit | user=null | ip=null | op=WRITE_CHUNK {blockData=conID: 1 locID: 102654967690232444 bcsId: 4382} | ret=SUCCESS |  
2019-08-21 12:28:18,255 | INFO  | DNAudit | user=null | ip=null | op=WRITE_CHUNK {blockData=conID: 1 locID: 102654967690232444 bcsId: 4382} | ret=SUCCESS |  
2019-08-21 12:28:18,256 | INFO  | DNAudit | user=null | ip=null | op=PUT_BLOCK {blockData=[blockId=conID: 1 locID: 102654967690232444 bcsId: 0,size=3145728]} | ret=SUCCESS |  
2019-08-21 12:28:18,256 [grpc-default-executor-1] INFO  client.GrpcClientProtocolClient (GrpcClientProtocolClient.java:onNext(255)) - client-C954105195FD->270584e6-a4a8-4db5-8151-214655ce1a56: receive RaftClientReply:client-C954105195FD->270584e6-a4a8-4db5-8151-214655ce1a56@group-787F5BA3AA67, cid=2925, SUCCESS, logIndex=4387, commits[270584e6-a4a8-4db5-8151-214655ce1a56:c4388, af078b8b-61ec-497f-9506-472d46a72462:c4386, 09fb9ab4-1b8d-44c0-9f8c-50855c6f1fed:c4386]
2019-08-21 12:28:18,256 [grpc-default-executor-1] INFO  client.GrpcClientProtocolClient (GrpcClientProtocolClient.java:onNext(255)) - client-C954105195FD->270584e6-a4a8-4db5-8151-214655ce1a56: receive RaftClientReply:client-C954105195FD->270584e6-a4a8-4db5-8151-214655ce1a56@group-787F5BA3AA67, cid=2926, SUCCESS, logIndex=4388, commits[270584e6-a4a8-4db5-8151-214655ce1a56:c4388, af078b8b-61ec-497f-9506-472d46a72462:c4386, 09fb9ab4-1b8d-44c0-9f8c-50855c6f1fed:c4386]
2019-08-21 12:28:18,263 | INFO  | DNAudit | user=null | ip=null | op=WRITE_CHUNK {blockData=conID: 1 locID: 102654967690232444 bcsId: 4388} | ret=SUCCESS |  
2019-08-21 12:28:18,266 | INFO  | DNAudit | user=null | ip=null | op=WRITE_CHUNK {blockData=conID: 1 locID: 102654967690232444 bcsId: 4388} | ret=SUCCESS |  
2019-08-21 12:28:18,266 | INFO  | DNAudit | user=null | ip=null | op=WRITE_CHUNK {blockData=conID: 1 locID: 102654967690232444 bcsId: 4388} | ret=SUCCESS |  
2019-08-21 12:28:18,267 | INFO  | DNAudit | user=null | ip=null | op=WRITE_CHUNK {blockData=conID: 1 locID: 102654967690232444 bcsId: 4382} | ret=SUCCESS |  
2019-08-21 12:28:18,267 | INFO  | DNAudit | user=null | ip=null | op=WRITE_CHUNK {blockData=conID: 1 locID: 102654967690232444 bcsId: 4382} | ret=SUCCESS |  
2019-08-21 12:28:18,267 | INFO  | DNAudit | user=null | ip=null | op=PUT_BLOCK {blockData=[blockId=conID: 1 locID: 102654967690232444 bcsId: 0,size=3145728]} | ret=SUCCESS |  
2019-08-21 12:28:18,267 | INFO  | DNAudit | user=null | ip=null | op=PUT_BLOCK {blockData=[blockId=conID: 1 locID: 102654967690232444 bcsId: 0,size=3145728]} | ret=SUCCESS |  
2019-08-21 12:28:18,268 | INFO  | DNAudit | user=null | ip=null | op=WRITE_CHUNK {blockData=conID: 1 locID: 102654967690232444 bcsId: 4388} | ret=SUCCESS |  
2019-08-21 12:28:18,269 | INFO  | DNAudit | user=null | ip=null | op=PUT_BLOCK {blockData=[blockId=conID: 1 locID: 102654967690232444 bcsId: 0,size=4194304]} | ret=SUCCESS |  
2019-08-21 12:28:18,269 [grpc-default-executor-1] INFO  client.GrpcClientProtocolClient (GrpcClientProtocolClient.java:onNext(255)) - client-C954105195FD->270584e6-a4a8-4db5-8151-214655ce1a56: receive RaftClientReply:client-C954105195FD->270584e6-a4a8-4db5-8151-214655ce1a56@group-787F5BA3AA67, cid=2927, SUCCESS, logIndex=4391, commits[270584e6-a4a8-4db5-8151-214655ce1a56:c4392, af078b8b-61ec-497f-9506-472d46a72462:c4388, 09fb9ab4-1b8d-44c0-9f8c-50855c6f1fed:c4388]
2019-08-21 12:28:18,270 [grpc-default-executor-1] INFO  client.GrpcClientProtocolClient (GrpcClientProtocolClient.java:onNext(255)) - client-C954105195FD->270584e6-a4a8-4db5-8151-214655ce1a56: receive RaftClientReply:client-C954105195FD->270584e6-a4a8-4db5-8151-214655ce1a56@group-787F5BA3AA67, cid=2928, SUCCESS, logIndex=4392, commits[270584e6-a4a8-4db5-8151-214655ce1a56:c4392, af078b8b-61ec-497f-9506-472d46a72462:c4388, 09fb9ab4-1b8d-44c0-9f8c-50855c6f1fed:c4388]
2019-08-21 12:28:18,288 | INFO  | DNAudit | user=null | ip=null | op=WRITE_CHUNK {blockData=conID: 1 locID: 102654967690232444 bcsId: 4388} | ret=SUCCESS |  
2019-08-21 12:28:18,288 | INFO  | DNAudit | user=null | ip=null | op=WRITE_CHUNK {blockData=conID: 1 locID: 102654967690232444 bcsId: 4388} | ret=SUCCESS |  
2019-08-21 12:28:18,288 | INFO  | DNAudit | user=null | ip=null | op=PUT_BLOCK {blockData=[blockId=conID: 1 locID: 102654967690232444 bcsId: 0,size=4194304]} | ret=SUCCESS |  
2019-08-21 12:28:18,289 | INFO  | DNAudit | user=null | ip=null | op=PUT_BLOCK {blockData=[blockId=conID: 1 locID: 102654967690232444 bcsId: 0,size=4194304]} | ret=SUCCESS |  
2019-08-21 12:28:18,290 [grpc-default-executor-1] INFO  client.GrpcClientProtocolClient (GrpcClientProtocolClient.java:onNext(255)) - client-C954105195FD->270584e6-a4a8-4db5-8151-214655ce1a56: receive RaftClientReply:client-C954105195FD->270584e6-a4a8-4db5-8151-214655ce1a56@group-787F5BA3AA67, cid=2929, SUCCESS, logIndex=0, commits[270584e6-a4a8-4db5-8151-214655ce1a56:c4394, af078b8b-61ec-497f-9506-472d46a72462:c4392, 09fb9ab4-1b8d-44c0-9f8c-50855c6f1fed:c4392]
2019-08-21 12:28:18,297 | INFO  | SCMAudit | user=jenkins1000 | ip=192.168.34.23 | op=ALLOCATE_BLOCK {owner=b79f83c9-5f7d-4caf-af30-78af34bc5eea, size=4194304, type=RATIS, factor=THREE} | ret=SUCCESS |  
2019-08-21 12:28:18,301 | INFO  | OMAudit | user=jenkins1000 | ip=127.0.0.1 | op=ALLOCATE_BLOCK {volume=vol-0-06517, bucket=bucket-0-64549, key=key-0-34512, dataSize=0, replicationType=null, replicationFactor=null, keyLocationInfo=null, clientID=102654965997830546} | ret=SUCCESS |  
2019-08-21 12:28:18,309 | INFO  | DNAudit | user=null | ip=null | op=WRITE_CHUNK {blockData=conID: 2 locID: 102654967696392829 bcsId: 0} | ret=SUCCESS |  
2019-08-21 12:28:18,312 | INFO  | DNAudit | user=null | ip=null | op=WRITE_CHUNK {blockData=conID: 2 locID: 102654967696392829 bcsId: 0} | ret=SUCCESS |  
2019-08-21 12:28:18,313 | INFO  | DNAudit | user=null | ip=null | op=WRITE_CHUNK {blockData=conID: 2 locID: 102654967696392829 bcsId: 0} | ret=SUCCESS |  
2019-08-21 12:28:18,313 | INFO  | DNAudit | user=null | ip=null | op=WRITE_CHUNK {blockData=conID: 2 locID: 102654967696392829 bcsId: 0} | ret=SUCCESS |  
2019-08-21 12:28:18,315 | INFO  | DNAudit | user=null | ip=null | op=WRITE_CHUNK {blockData=conID: 2 locID: 102654967696392829 bcsId: 0} | ret=SUCCESS |  
2019-08-21 12:28:18,315 | INFO  | DNAudit | user=null | ip=null | op=WRITE_CHUNK {blockData=conID: 2 locID: 102654967696392829 bcsId: 0} | ret=SUCCESS |  
2019-08-21 12:28:18,322 | INFO  | DNAudit | user=null | ip=null | op=WRITE_CHUNK {blockData=conID: 2 locID: 102654967696392829 bcsId: 0} | ret=SUCCESS |  
2019-08-21 12:28:18,322 | INFO  | DNAudit | user=null | ip=null | op=PUT_BLOCK {blockData=[blockId=conID: 2 locID: 102654967696392829 bcsId: 0,size=1048576]} | ret=SUCCESS |  
2019-08-21 12:28:18,322 [grpc-default-executor-5] INFO  client.GrpcClientProtocolClient (GrpcClientProtocolClient.java:onNext(255)) - client-C954105195FD->270584e6-a4a8-4db5-8151-214655ce1a56: receive RaftClientReply:client-C954105195FD->270584e6-a4a8-4db5-8151-214655ce1a56@group-787F5BA3AA67, cid=2930, SUCCESS, logIndex=4395, commits[270584e6-a4a8-4db5-8151-214655ce1a56:c4397, af078b8b-61ec-497f-9506-472d46a72462:c4394, 09fb9ab4-1b8d-44c0-9f8c-50855c6f1fed:c4394]
2019-08-21 12:28:18,323 | INFO  | DNAudit | user=null | ip=null | op=WRITE_CHUNK {blockData=conID: 2 locID: 102654967696392829 bcsId: 0} | ret=SUCCESS |  
2019-08-21 12:28:18,323 [grpc-default-executor-5] INFO  client.GrpcClientProtocolClient (GrpcClientProtocolClient.java:onNext(255)) - client-C954105195FD->270584e6-a4a8-4db5-8151-214655ce1a56: receive RaftClientReply:client-C954105195FD->270584e6-a4a8-4db5-8151-214655ce1a56@group-787F5BA3AA67, cid=2931, SUCCESS, logIndex=4396, commits[270584e6-a4a8-4db5-8151-214655ce1a56:c4398, af078b8b-61ec-497f-9506-472d46a72462:c4394, 09fb9ab4-1b8d-44c0-9f8c-50855c6f1fed:c4394]
2019-08-21 12:28:18,323 | INFO  | DNAudit | user=null | ip=null | op=PUT_BLOCK {blockData=[blockId=conID: 2 locID: 102654967696392829 bcsId: 0,size=2097152]} | ret=SUCCESS |  
2019-08-21 12:28:18,323 [grpc-default-executor-5] INFO  client.GrpcClientProtocolClient (GrpcClientProtocolClient.java:onNext(255)) - client-C954105195FD->270584e6-a4a8-4db5-8151-214655ce1a56: receive RaftClientReply:client-C954105195FD->270584e6-a4a8-4db5-8151-214655ce1a56@group-787F5BA3AA67, cid=2932, SUCCESS, logIndex=4397, commits[270584e6-a4a8-4db5-8151-214655ce1a56:c4398, af078b8b-61ec-497f-9506-472d46a72462:c4394, 09fb9ab4-1b8d-44c0-9f8c-50855c6f1fed:c4394]
2019-08-21 12:28:18,324 [grpc-default-executor-5] INFO  client.GrpcClientProtocolClient (GrpcClientProtocolClient.java:onNext(255)) - client-C954105195FD->270584e6-a4a8-4db5-8151-214655ce1a56: receive RaftClientReply:client-C954105195FD->270584e6-a4a8-4db5-8151-214655ce1a56@group-787F5BA3AA67, cid=2933, SUCCESS, logIndex=4398, commits[270584e6-a4a8-4db5-8151-214655ce1a56:c4398, af078b8b-61ec-497f-9506-472d46a72462:c4394, 09fb9ab4-1b8d-44c0-9f8c-50855c6f1fed:c4394]
2019-08-21 12:28:18,325 | INFO  | DNAudit | user=null | ip=null | op=WRITE_CHUNK {blockData=conID: 2 locID: 102654967696392829 bcsId: 0} | ret=SUCCESS |  
2019-08-21 12:28:18,325 | INFO  | DNAudit | user=null | ip=null | op=WRITE_CHUNK {blockData=conID: 2 locID: 102654967696392829 bcsId: 0} | ret=SUCCESS |  
2019-08-21 12:28:18,325 | INFO  | DNAudit | user=null | ip=null | op=PUT_BLOCK {blockData=[blockId=conID: 2 locID: 102654967696392829 bcsId: 0,size=1048576]} | ret=SUCCESS |  
2019-08-21 12:28:18,336 | INFO  | DNAudit | user=null | ip=null | op=PUT_BLOCK {blockData=[blockId=conID: 2 locID: 102654967696392829 bcsId: 0,size=1048576]} | ret=SUCCESS |  
2019-08-21 12:28:18,336 | INFO  | DNAudit | user=null | ip=null | op=WRITE_CHUNK {blockData=conID: 2 locID: 102654967696392829 bcsId: 0} | ret=SUCCESS |  
2019-08-21 12:28:18,337 | INFO  | DNAudit | user=null | ip=null | op=WRITE_CHUNK {blockData=conID: 2 locID: 102654967696392829 bcsId: 0} | ret=SUCCESS |  
2019-08-21 12:28:18,337 | INFO  | DNAudit | user=null | ip=null | op=PUT_BLOCK {blockData=[blockId=conID: 2 locID: 102654967696392829 bcsId: 0,size=2097152]} | ret=SUCCESS |  
2019-08-21 12:28:18,337 | INFO  | DNAudit | user=null | ip=null | op=PUT_BLOCK {blockData=[blockId=conID: 2 locID: 102654967696392829 bcsId: 0,size=2097152]} | ret=SUCCESS |  
2019-08-21 12:28:18,337 [grpc-default-executor-1] INFO  client.GrpcClientProtocolClient (GrpcClientProtocolClient.java:onNext(255)) - client-C954105195FD->270584e6-a4a8-4db5-8151-214655ce1a56: receive RaftClientReply:client-C954105195FD->270584e6-a4a8-4db5-8151-214655ce1a56@group-787F5BA3AA67, cid=2934, SUCCESS, logIndex=0, commits[270584e6-a4a8-4db5-8151-214655ce1a56:c4400, af078b8b-61ec-497f-9506-472d46a72462:c4396, 09fb9ab4-1b8d-44c0-9f8c-50855c6f1fed:c4396]
2019-08-21 12:28:18,344 | INFO  | DNAudit | user=null | ip=null | op=WRITE_CHUNK {blockData=conID: 2 locID: 102654967696392829 bcsId: 4398} | ret=SUCCESS |  
2019-08-21 12:28:18,347 | INFO  | DNAudit | user=null | ip=null | op=WRITE_CHUNK {blockData=conID: 2 locID: 102654967696392829 bcsId: 4398} | ret=SUCCESS |  
2019-08-21 12:28:18,347 | INFO  | DNAudit | user=null | ip=null | op=WRITE_CHUNK {blockData=conID: 2 locID: 102654967696392829 bcsId: 4398} | ret=SUCCESS |  
2019-08-21 12:28:18,357 | INFO  | DNAudit | user=null | ip=null | op=WRITE_CHUNK {blockData=conID: 2 locID: 102654967696392829 bcsId: 4398} | ret=SUCCESS |  
2019-08-21 12:28:18,357 | INFO  | DNAudit | user=null | ip=null | op=PUT_BLOCK {blockData=[blockId=conID: 2 locID: 102654967696392829 bcsId: 0,size=3145728]} | ret=SUCCESS |  
2019-08-21 12:28:18,358 [grpc-default-executor-5] INFO  client.GrpcClientProtocolClient (GrpcClientProtocolClient.java:onNext(255)) - client-C954105195FD->270584e6-a4a8-4db5-8151-214655ce1a56: receive RaftClientReply:client-C954105195FD->270584e6-a4a8-4db5-8151-214655ce1a56@group-787F5BA3AA67, cid=2935, SUCCESS, logIndex=4403, commits[270584e6-a4a8-4db5-8151-214655ce1a56:c4404, af078b8b-61ec-497f-9506-472d46a72462:c4402, 09fb9ab4-1b8d-44c0-9f8c-50855c6f1fed:c4402]
2019-08-21 12:28:18,358 [grpc-default-executor-5] INFO  client.GrpcClientProtocolClient (GrpcClientProtocolClient.java:onNext(255)) - client-C954105195FD->270584e6-a4a8-4db5-8151-214655ce1a56: receive RaftClientReply:client-C954105195FD->270584e6-a4a8-4db5-8151-214655ce1a56@group-787F5BA3AA67, cid=2936, SUCCESS, logIndex=4404, commits[270584e6-a4a8-4db5-8151-214655ce1a56:c4404, af078b8b-61ec-497f-9506-472d46a72462:c4402, 09fb9ab4-1b8d-44c0-9f8c-50855c6f1fed:c4402]
2019-08-21 12:28:18,365 | INFO  | DNAudit | user=null | ip=null | op=WRITE_CHUNK {blockData=conID: 2 locID: 102654967696392829 bcsId: 4404} | ret=SUCCESS |  
2019-08-21 12:28:18,368 | INFO  | DNAudit | user=null | ip=null | op=WRITE_CHUNK {blockData=conID: 2 locID: 102654967696392829 bcsId: 4404} | ret=SUCCESS |  
2019-08-21 12:28:18,369 | INFO  | DNAudit | user=null | ip=null | op=WRITE_CHUNK {blockData=conID: 2 locID: 102654967696392829 bcsId: 4404} | ret=SUCCESS |  
2019-08-21 12:28:18,370 | INFO  | DNAudit | user=null | ip=null | op=WRITE_CHUNK {blockData=conID: 2 locID: 102654967696392829 bcsId: 4398} | ret=SUCCESS |  
2019-08-21 12:28:18,371 | INFO  | DNAudit | user=null | ip=null | op=PUT_BLOCK {blockData=[blockId=conID: 2 locID: 102654967696392829 bcsId: 0,size=3145728]} | ret=SUCCESS |  
2019-08-21 12:28:18,374 | INFO  | DNAudit | user=null | ip=null | op=WRITE_CHUNK {blockData=conID: 2 locID: 102654967696392829 bcsId: 4398} | ret=SUCCESS |  
2019-08-21 12:28:18,374 | INFO  | DNAudit | user=null | ip=null | op=PUT_BLOCK {blockData=[blockId=conID: 2 locID: 102654967696392829 bcsId: 0,size=3145728]} | ret=SUCCESS |  
2019-08-21 12:28:18,382 | INFO  | DNAudit | user=null | ip=null | op=WRITE_CHUNK {blockData=conID: 2 locID: 102654967696392829 bcsId: 4404} | ret=SUCCESS |  
2019-08-21 12:28:18,382 | INFO  | DNAudit | user=null | ip=null | op=PUT_BLOCK {blockData=[blockId=conID: 2 locID: 102654967696392829 bcsId: 0,size=4194304]} | ret=SUCCESS |  
2019-08-21 12:28:18,383 [grpc-default-executor-2] INFO  client.GrpcClientProtocolClient (GrpcClientProtocolClient.java:onNext(255)) - client-C954105195FD->270584e6-a4a8-4db5-8151-214655ce1a56: receive RaftClientReply:client-C954105195FD->270584e6-a4a8-4db5-8151-214655ce1a56@group-787F5BA3AA67, cid=2937, SUCCESS, logIndex=4407, commits[270584e6-a4a8-4db5-8151-214655ce1a56:c4408, af078b8b-61ec-497f-9506-472d46a72462:c4404, 09fb9ab4-1b8d-44c0-9f8c-50855c6f1fed:c4404]
2019-08-21 12:28:18,383 [grpc-default-executor-2] INFO  client.GrpcClientProtocolClient (GrpcClientProtocolClient.java:onNext(255)) - client-C954105195FD->270584e6-a4a8-4db5-8151-214655ce1a56: receive RaftClientReply:client-C954105195FD->270584e6-a4a8-4db5-8151-214655ce1a56@group-787F5BA3AA67, cid=2938, SUCCESS, logIndex=4408, commits[270584e6-a4a8-4db5-8151-214655ce1a56:c4408, af078b8b-61ec-497f-9506-472d46a72462:c4404, 09fb9ab4-1b8d-44c0-9f8c-50855c6f1fed:c4404]
2019-08-21 12:28:18,395 | INFO  | DNAudit | user=null | ip=null | op=WRITE_CHUNK {blockData=conID: 2 locID: 102654967696392829 bcsId: 4404} | ret=SUCCESS |  
2019-08-21 12:28:18,395 | INFO  | DNAudit | user=null | ip=null | op=WRITE_CHUNK {blockData=conID: 2 locID: 102654967696392829 bcsId: 4404} | ret=SUCCESS |  
2019-08-21 12:28:18,396 | INFO  | DNAudit | user=null | ip=null | op=PUT_BLOCK {blockData=[blockId=conID: 2 locID: 102654967696392829 bcsId: 0,size=4194304]} | ret=SUCCESS |  
2019-08-21 12:28:18,396 | INFO  | DNAudit | user=null | ip=null | op=PUT_BLOCK {blockData=[blockId=conID: 2 locID: 102654967696392829 bcsId: 0,size=4194304]} | ret=SUCCESS |  
2019-08-21 12:28:18,396 [grpc-default-executor-2] INFO  client.GrpcClientProtocolClient (GrpcClientProtocolClient.java:onNext(255)) - client-C954105195FD->270584e6-a4a8-4db5-8151-214655ce1a56: receive RaftClientReply:client-C954105195FD->270584e6-a4a8-4db5-8151-214655ce1a56@group-787F5BA3AA67, cid=2939, SUCCESS, logIndex=0, commits[270584e6-a4a8-4db5-8151-214655ce1a56:c4409, af078b8b-61ec-497f-9506-472d46a72462:c4408, 09fb9ab4-1b8d-44c0-9f8c-50855c6f1fed:c4408]
2019-08-21 12:28:18,401 | INFO  | SCMAudit | user=jenkins1000 | ip=192.168.34.23 | op=ALLOCATE_BLOCK {owner=b79f83c9-5f7d-4caf-af30-78af34bc5eea, size=4194304, type=RATIS, factor=THREE} | ret=SUCCESS |  
2019-08-21 12:28:18,404 | INFO  | OMAudit | user=jenkins1000 | ip=127.0.0.1 | op=ALLOCATE_BLOCK {volume=vol-0-06517, bucket=bucket-0-64549, key=key-0-34512, dataSize=0, replicationType=null, replicationFactor=null, keyLocationInfo=null, clientID=102654965997830546} | ret=SUCCESS |  
2019-08-21 12:28:18,574 | INFO  | DNAudit | user=null | ip=null | op=WRITE_CHUNK {blockData=conID: 3 locID: 102654967703208574 bcsId: 0} | ret=SUCCESS |  
2019-08-21 12:28:18,577 | INFO  | DNAudit | user=null | ip=null | op=WRITE_CHUNK {blockData=conID: 3 locID: 102654967703208574 bcsId: 0} | ret=SUCCESS |  
2019-08-21 12:28:18,578 | INFO  | DNAudit | user=null | ip=null | op=WRITE_CHUNK {blockData=conID: 3 locID: 102654967703208574 bcsId: 0} | ret=SUCCESS |  
2019-08-21 12:28:18,578 | INFO  | DNAudit | user=null | ip=null | op=WRITE_CHUNK {blockData=conID: 3 locID: 102654967703208574 bcsId: 0} | ret=SUCCESS |  
2019-08-21 12:28:18,580 | INFO  | DNAudit | user=null | ip=null | op=WRITE_CHUNK {blockData=conID: 3 locID: 102654967703208574 bcsId: 0} | ret=SUCCESS |  
2019-08-21 12:28:18,580 | INFO  | DNAudit | user=null | ip=null | op=WRITE_CHUNK {blockData=conID: 3 locID: 102654967703208574 bcsId: 0} | ret=SUCCESS |  
2019-08-21 12:28:18,587 | INFO  | DNAudit | user=null | ip=null | op=WRITE_CHUNK {blockData=conID: 3 locID: 102654967703208574 bcsId: 0} | ret=SUCCESS |  
2019-08-21 12:28:18,588 | INFO  | DNAudit | user=null | ip=null | op=PUT_BLOCK {blockData=[blockId=conID: 3 locID: 102654967703208574 bcsId: 0,size=1048576]} | ret=SUCCESS |  
2019-08-21 12:28:18,589 | INFO  | DNAudit | user=null | ip=null | op=WRITE_CHUNK {blockData=conID: 3 locID: 102654967703208574 bcsId: 0} | ret=SUCCESS |  
2019-08-21 12:28:18,589 | INFO  | DNAudit | user=null | ip=null | op=WRITE_CHUNK {blockData=conID: 3 locID: 102654967703208574 bcsId: 0} | ret=SUCCESS |  
2019-08-21 12:28:18,589 | INFO  | DNAudit | user=null | ip=null | op=PUT_BLOCK {blockData=[blockId=conID: 3 locID: 102654967703208574 bcsId: 0,size=2097152]} | ret=SUCCESS |  
2019-08-21 12:28:18,591 [grpc-default-executor-5] INFO  client.GrpcClientProtocolClient (GrpcClientProtocolClient.java:onNext(255)) - client-C954105195FD->270584e6-a4a8-4db5-8151-214655ce1a56: receive RaftClientReply:client-C954105195FD->270584e6-a4a8-4db5-8151-214655ce1a56@group-787F5BA3AA67, cid=2940, SUCCESS, logIndex=4411, commits[270584e6-a4a8-4db5-8151-214655ce1a56:c4412, af078b8b-61ec-497f-9506-472d46a72462:c4410, 09fb9ab4-1b8d-44c0-9f8c-50855c6f1fed:c4410]
2019-08-21 12:28:18,591 | INFO  | DNAudit | user=null | ip=null | op=WRITE_CHUNK {blockData=conID: 3 locID: 102654967703208574 bcsId: 0} | ret=SUCCESS |  
2019-08-21 12:28:18,591 | INFO  | DNAudit | user=null | ip=null | op=PUT_BLOCK {blockData=[blockId=conID: 3 locID: 102654967703208574 bcsId: 0,size=1048576]} | ret=SUCCESS |  
2019-08-21 12:28:18,592 [grpc-default-executor-5] INFO  client.GrpcClientProtocolClient (GrpcClientProtocolClient.java:onNext(255)) - client-C954105195FD->270584e6-a4a8-4db5-8151-214655ce1a56: receive RaftClientReply:client-C954105195FD->270584e6-a4a8-4db5-8151-214655ce1a56@group-787F5BA3AA67, cid=2941, SUCCESS, logIndex=4412, commits[270584e6-a4a8-4db5-8151-214655ce1a56:c4414, af078b8b-61ec-497f-9506-472d46a72462:c4410, 09fb9ab4-1b8d-44c0-9f8c-50855c6f1fed:c4410]
2019-08-21 12:28:18,592 [grpc-default-executor-5] INFO  client.GrpcClientProtocolClient (GrpcClientProtocolClient.java:onNext(255)) - client-C954105195FD->270584e6-a4a8-4db5-8151-214655ce1a56: receive RaftClientReply:client-C954105195FD->270584e6-a4a8-4db5-8151-214655ce1a56@group-787F5BA3AA67, cid=2942, SUCCESS, logIndex=4413, commits[270584e6-a4a8-4db5-8151-214655ce1a56:c4414, af078b8b-61ec-497f-9506-472d46a72462:c4410, 09fb9ab4-1b8d-44c0-9f8c-50855c6f1fed:c4410]
2019-08-21 12:28:18,593 [grpc-default-executor-1] INFO  client.GrpcClientProtocolClient (GrpcClientProtocolClient.java:onNext(255)) - client-C954105195FD->270584e6-a4a8-4db5-8151-214655ce1a56: receive RaftClientReply:client-C954105195FD->270584e6-a4a8-4db5-8151-214655ce1a56@group-787F5BA3AA67, cid=2943, SUCCESS, logIndex=4414, commits[270584e6-a4a8-4db5-8151-214655ce1a56:c4415, af078b8b-61ec-497f-9506-472d46a72462:c4410, 09fb9ab4-1b8d-44c0-9f8c-50855c6f1fed:c4411]
2019-08-21 12:28:18,602 | INFO  | DNAudit | user=null | ip=null | op=PUT_BLOCK {blockData=[blockId=conID: 3 locID: 102654967703208574 bcsId: 0,size=1048576]} | ret=SUCCESS |  
2019-08-21 12:28:18,602 | INFO  | DNAudit | user=null | ip=null | op=WRITE_CHUNK {blockData=conID: 3 locID: 102654967703208574 bcsId: 0} | ret=SUCCESS |  
2019-08-21 12:28:18,602 | INFO  | DNAudit | user=null | ip=null | op=PUT_BLOCK {blockData=[blockId=conID: 3 locID: 102654967703208574 bcsId: 0,size=2097152]} | ret=SUCCESS |  
2019-08-21 12:28:18,603 [grpc-default-executor-1] INFO  client.GrpcClientProtocolClient (GrpcClientProtocolClient.java:onNext(255)) - client-C954105195FD->270584e6-a4a8-4db5-8151-214655ce1a56: receive RaftClientReply:client-C954105195FD->270584e6-a4a8-4db5-8151-214655ce1a56@group-787F5BA3AA67, cid=2944, SUCCESS, logIndex=0, commits[270584e6-a4a8-4db5-8151-214655ce1a56:c4416, af078b8b-61ec-497f-9506-472d46a72462:c4412, 09fb9ab4-1b8d-44c0-9f8c-50855c6f1fed:c4412]
2019-08-21 12:28:18,603 | INFO  | DNAudit | user=null | ip=null | op=WRITE_CHUNK {blockData=conID: 3 locID: 102654967703208574 bcsId: 0} | ret=SUCCESS |  
2019-08-21 12:28:18,603 | INFO  | DNAudit | user=null | ip=null | op=PUT_BLOCK {blockData=[blockId=conID: 3 locID: 102654967703208574 bcsId: 0,size=2097152]} | ret=SUCCESS |  
2019-08-21 12:28:18,611 | INFO  | DNAudit | user=null | ip=null | op=WRITE_CHUNK {blockData=conID: 3 locID: 102654967703208574 bcsId: 4414} | ret=SUCCESS |  
2019-08-21 12:28:18,615 | INFO  | DNAudit | user=null | ip=null | op=WRITE_CHUNK {blockData=conID: 3 locID: 102654967703208574 bcsId: 4414} | ret=SUCCESS |  
2019-08-21 12:28:18,615 | INFO  | DNAudit | user=null | ip=null | op=WRITE_CHUNK {blockData=conID: 3 locID: 102654967703208574 bcsId: 4414} | ret=SUCCESS |  
2019-08-21 12:28:18,625 | INFO  | DNAudit | user=null | ip=null | op=WRITE_CHUNK {blockData=conID: 3 locID: 102654967703208574 bcsId: 4414} | ret=SUCCESS |  
2019-08-21 12:28:18,626 | INFO  | DNAudit | user=null | ip=null | op=PUT_BLOCK {blockData=[blockId=conID: 3 locID: 102654967703208574 bcsId: 0,size=3145728]} | ret=SUCCESS |  
2019-08-21 12:28:18,626 [grpc-default-executor-5] INFO  client.GrpcClientProtocolClient (GrpcClientProtocolClient.java:onNext(255)) - client-C954105195FD->270584e6-a4a8-4db5-8151-214655ce1a56: receive RaftClientReply:client-C954105195FD->270584e6-a4a8-4db5-8151-214655ce1a56@group-787F5BA3AA67, cid=2945, SUCCESS, logIndex=4419, commits[270584e6-a4a8-4db5-8151-214655ce1a56:c4420, af078b8b-61ec-497f-9506-472d46a72462:c4418, 09fb9ab4-1b8d-44c0-9f8c-50855c6f1fed:c4418]
2019-08-21 12:28:18,627 [grpc-default-executor-5] INFO  client.GrpcClientProtocolClient (GrpcClientProtocolClient.java:onNext(255)) - client-C954105195FD->270584e6-a4a8-4db5-8151-214655ce1a56: receive RaftClientReply:client-C954105195FD->270584e6-a4a8-4db5-8151-214655ce1a56@group-787F5BA3AA67, cid=2946, SUCCESS, logIndex=4420, commits[270584e6-a4a8-4db5-8151-214655ce1a56:c4420, af078b8b-61ec-497f-9506-472d46a72462:c4418, 09fb9ab4-1b8d-44c0-9f8c-50855c6f1fed:c4418]
2019-08-21 12:28:18,635 | INFO  | DNAudit | user=null | ip=null | op=WRITE_CHUNK {blockData=conID: 3 locID: 102654967703208574 bcsId: 4420} | ret=SUCCESS |  
2019-08-21 12:28:18,638 | INFO  | DNAudit | user=null | ip=null | op=WRITE_CHUNK {blockData=conID: 3 locID: 102654967703208574 bcsId: 4420} | ret=SUCCESS |  
2019-08-21 12:28:18,638 | INFO  | DNAudit | user=null | ip=null | op=WRITE_CHUNK {blockData=conID: 3 locID: 102654967703208574 bcsId: 4420} | ret=SUCCESS |  
2019-08-21 12:28:18,639 | INFO  | DNAudit | user=null | ip=null | op=WRITE_CHUNK {blockData=conID: 3 locID: 102654967703208574 bcsId: 4414} | ret=SUCCESS |  
2019-08-21 12:28:18,639 | INFO  | DNAudit | user=null | ip=null | op=WRITE_CHUNK {blockData=conID: 3 locID: 102654967703208574 bcsId: 4414} | ret=SUCCESS |  
2019-08-21 12:28:18,639 | INFO  | DNAudit | user=null | ip=null | op=PUT_BLOCK {blockData=[blockId=conID: 3 locID: 102654967703208574 bcsId: 0,size=3145728]} | ret=SUCCESS |  
2019-08-21 12:28:18,639 | INFO  | DNAudit | user=null | ip=null | op=PUT_BLOCK {blockData=[blockId=conID: 3 locID: 102654967703208574 bcsId: 0,size=3145728]} | ret=SUCCESS |  
2019-08-21 12:28:18,653 | INFO  | DNAudit | user=null | ip=null | op=WRITE_CHUNK {blockData=conID: 3 locID: 102654967703208574 bcsId: 4420} | ret=SUCCESS |  
2019-08-21 12:28:18,654 | INFO  | DNAudit | user=null | ip=null | op=PUT_BLOCK {blockData=[blockId=conID: 3 locID: 102654967703208574 bcsId: 0,size=4194304]} | ret=SUCCESS |  
2019-08-21 12:28:18,655 [grpc-default-executor-5] INFO  client.GrpcClientProtocolClient (GrpcClientProtocolClient.java:onNext(255)) - client-C954105195FD->270584e6-a4a8-4db5-8151-214655ce1a56: receive RaftClientReply:client-C954105195FD->270584e6-a4a8-4db5-8151-214655ce1a56@group-787F5BA3AA67, cid=2947, SUCCESS, logIndex=4423, commits[270584e6-a4a8-4db5-8151-214655ce1a56:c4423, af078b8b-61ec-497f-9506-472d46a72462:c4420, 09fb9ab4-1b8d-44c0-9f8c-50855c6f1fed:c4420]
2019-08-21 12:28:18,655 [grpc-default-executor-5] INFO  client.GrpcClientProtocolClient (GrpcClientProtocolClient.java:onNext(255)) - client-C954105195FD->270584e6-a4a8-4db5-8151-214655ce1a56: receive RaftClientReply:client-C954105195FD->270584e6-a4a8-4db5-8151-214655ce1a56@group-787F5BA3AA67, cid=2948, SUCCESS, logIndex=4424, commits[270584e6-a4a8-4db5-8151-214655ce1a56:c4424, af078b8b-61ec-497f-9506-472d46a72462:c4420, 09fb9ab4-1b8d-44c0-9f8c-50855c6f1fed:c4420]
2019-08-21 12:28:18,664 | INFO  | DNAudit | user=null | ip=null | op=WRITE_CHUNK {blockData=conID: 3 locID: 102654967703208574 bcsId: 4420} | ret=SUCCESS |  
2019-08-21 12:28:18,664 | INFO  | DNAudit | user=null | ip=null | op=WRITE_CHUNK {blockData=conID: 3 locID: 102654967703208574 bcsId: 4420} | ret=SUCCESS |  
2019-08-21 12:28:18,666 | INFO  | DNAudit | user=null | ip=null | op=PUT_BLOCK {blockData=[blockId=conID: 3 locID: 102654967703208574 bcsId: 0,size=4194304]} | ret=SUCCESS |  
2019-08-21 12:28:18,666 | INFO  | DNAudit | user=null | ip=null | op=PUT_BLOCK {blockData=[blockId=conID: 3 locID: 102654967703208574 bcsId: 0,size=4194304]} | ret=SUCCESS |  
2019-08-21 12:28:18,667 [grpc-default-executor-2] INFO  client.GrpcClientProtocolClient (GrpcClientProtocolClient.java:onNext(255)) - client-C954105195FD->270584e6-a4a8-4db5-8151-214655ce1a56: receive RaftClientReply:client-C954105195FD->270584e6-a4a8-4db5-8151-214655ce1a56@group-787F5BA3AA67, cid=2949, SUCCESS, logIndex=0, commits[270584e6-a4a8-4db5-8151-214655ce1a56:c4426, af078b8b-61ec-497f-9506-472d46a72462:c4424, 09fb9ab4-1b8d-44c0-9f8c-50855c6f1fed:c4424]
2019-08-21 12:28:18,675 | INFO  | SCMAudit | user=jenkins1000 | ip=192.168.34.23 | op=ALLOCATE_BLOCK {owner=b79f83c9-5f7d-4caf-af30-78af34bc5eea, size=4194304, type=RATIS, factor=THREE} | ret=SUCCESS |  
2019-08-21 12:28:18,679 | INFO  | OMAudit | user=jenkins1000 | ip=127.0.0.1 | op=ALLOCATE_BLOCK {volume=vol-0-06517, bucket=bucket-0-64549, key=key-0-34512, dataSize=0, replicationType=null, replicationFactor=null, keyLocationInfo=null, clientID=102654965997830546} | ret=SUCCESS |  
2019-08-21 12:28:18,686 | INFO  | DNAudit | user=null | ip=null | op=WRITE_CHUNK {blockData=conID: 1 locID: 102654967721165439 bcsId: 0} | ret=SUCCESS |  
2019-08-21 12:28:18,690 | INFO  | DNAudit | user=null | ip=null | op=WRITE_CHUNK {blockData=conID: 1 locID: 102654967721165439 bcsId: 0} | ret=SUCCESS |  
2019-08-21 12:28:18,691 | INFO  | DNAudit | user=null | ip=null | op=WRITE_CHUNK {blockData=conID: 1 locID: 102654967721165439 bcsId: 0} | ret=SUCCESS |  
2019-08-21 12:28:18,692 | INFO  | DNAudit | user=null | ip=null | op=WRITE_CHUNK {blockData=conID: 1 locID: 102654967721165439 bcsId: 0} | ret=SUCCESS |  
2019-08-21 12:28:18,694 | INFO  | DNAudit | user=null | ip=null | op=WRITE_CHUNK {blockData=conID: 1 locID: 102654967721165439 bcsId: 0} | ret=SUCCESS |  
2019-08-21 12:28:18,694 | INFO  | DNAudit | user=null | ip=null | op=WRITE_CHUNK {blockData=conID: 1 locID: 102654967721165439 bcsId: 0} | ret=SUCCESS |  
2019-08-21 12:28:18,699 | INFO  | DNAudit | user=null | ip=null | op=WRITE_CHUNK {blockData=conID: 1 locID: 102654967721165439 bcsId: 0} | ret=SUCCESS |  
2019-08-21 12:28:18,699 | INFO  | DNAudit | user=null | ip=null | op=PUT_BLOCK {blockData=[blockId=conID: 1 locID: 102654967721165439 bcsId: 0,size=1048576]} | ret=SUCCESS |  
2019-08-21 12:28:18,699 [grpc-default-executor-1] INFO  client.GrpcClientProtocolClient (GrpcClientProtocolClient.java:onNext(255)) - client-C954105195FD->270584e6-a4a8-4db5-8151-214655ce1a56: receive RaftClientReply:client-C954105195FD->270584e6-a4a8-4db5-8151-214655ce1a56@group-787F5BA3AA67, cid=2950, SUCCESS, logIndex=4427, commits[270584e6-a4a8-4db5-8151-214655ce1a56:c4428, af078b8b-61ec-497f-9506-472d46a72462:c4426, 09fb9ab4-1b8d-44c0-9f8c-50855c6f1fed:c4426]
2019-08-21 12:28:18,700 | INFO  | DNAudit | user=null | ip=null | op=WRITE_CHUNK {blockData=conID: 1 locID: 102654967721165439 bcsId: 0} | ret=SUCCESS |  
2019-08-21 12:28:18,700 [grpc-default-executor-1] INFO  client.GrpcClientProtocolClient (GrpcClientProtocolClient.java:onNext(255)) - client-C954105195FD->270584e6-a4a8-4db5-8151-214655ce1a56: receive RaftClientReply:client-C954105195FD->270584e6-a4a8-4db5-8151-214655ce1a56@group-787F5BA3AA67, cid=2951, SUCCESS, logIndex=4428, commits[270584e6-a4a8-4db5-8151-214655ce1a56:c4428, af078b8b-61ec-497f-9506-472d46a72462:c4426, 09fb9ab4-1b8d-44c0-9f8c-50855c6f1fed:c4426]
2019-08-21 12:28:18,701 | INFO  | DNAudit | user=null | ip=null | op=PUT_BLOCK {blockData=[blockId=conID: 1 locID: 102654967721165439 bcsId: 0,size=2097152]} | ret=SUCCESS |  
2019-08-21 12:28:18,701 [grpc-default-executor-1] INFO  client.GrpcClientProtocolClient (GrpcClientProtocolClient.java:onNext(255)) - client-C954105195FD->270584e6-a4a8-4db5-8151-214655ce1a56: receive RaftClientReply:client-C954105195FD->270584e6-a4a8-4db5-8151-214655ce1a56@group-787F5BA3AA67, cid=2952, SUCCESS, logIndex=4429, commits[270584e6-a4a8-4db5-8151-214655ce1a56:c4429, af078b8b-61ec-497f-9506-472d46a72462:c4426, 09fb9ab4-1b8d-44c0-9f8c-50855c6f1fed:c4426]
2019-08-21 12:28:18,701 | INFO  | DNAudit | user=null | ip=null | op=WRITE_CHUNK {blockData=conID: 1 locID: 102654967721165439 bcsId: 0} | ret=SUCCESS |  
2019-08-21 12:28:18,701 | INFO  | DNAudit | user=null | ip=null | op=PUT_BLOCK {blockData=[blockId=conID: 1 locID: 102654967721165439 bcsId: 0,size=1048576]} | ret=SUCCESS |  
2019-08-21 12:28:18,702 | INFO  | DNAudit | user=null | ip=null | op=WRITE_CHUNK {blockData=conID: 1 locID: 102654967721165439 bcsId: 0} | ret=SUCCESS |  
2019-08-21 12:28:18,702 [grpc-default-executor-1] INFO  client.GrpcClientProtocolClient (GrpcClientProtocolClient.java:onNext(255)) - client-C954105195FD->270584e6-a4a8-4db5-8151-214655ce1a56: receive RaftClientReply:client-C954105195FD->270584e6-a4a8-4db5-8151-214655ce1a56@group-787F5BA3AA67, cid=2953, SUCCESS, logIndex=4430, commits[270584e6-a4a8-4db5-8151-214655ce1a56:c4430, af078b8b-61ec-497f-9506-472d46a72462:c4426, 09fb9ab4-1b8d-44c0-9f8c-50855c6f1fed:c4426]
2019-08-21 12:28:18,702 | INFO  | DNAudit | user=null | ip=null | op=PUT_BLOCK {blockData=[blockId=conID: 1 locID: 102654967721165439 bcsId: 0,size=1048576]} | ret=SUCCESS |  
2019-08-21 12:28:18,703 | INFO  | DNAudit | user=null | ip=null | op=WRITE_CHUNK {blockData=conID: 1 locID: 102654967721165439 bcsId: 0} | ret=SUCCESS |  
2019-08-21 12:28:18,703 [grpc-default-executor-2] INFO  client.GrpcClientProtocolClient (GrpcClientProtocolClient.java:onNext(255)) - client-C954105195FD->270584e6-a4a8-4db5-8151-214655ce1a56: receive RaftClientReply:client-C954105195FD->270584e6-a4a8-4db5-8151-214655ce1a56@group-787F5BA3AA67, cid=2954, SUCCESS, logIndex=0, commits[270584e6-a4a8-4db5-8151-214655ce1a56:c4432, af078b8b-61ec-497f-9506-472d46a72462:c4428, 09fb9ab4-1b8d-44c0-9f8c-50855c6f1fed:c4428]
2019-08-21 12:28:18,710 | INFO  | DNAudit | user=null | ip=null | op=WRITE_CHUNK {blockData=conID: 1 locID: 102654967721165439 bcsId: 4430} | ret=SUCCESS |  
2019-08-21 12:28:18,714 | INFO  | DNAudit | user=null | ip=null | op=WRITE_CHUNK {blockData=conID: 1 locID: 102654967721165439 bcsId: 4430} | ret=SUCCESS |  
2019-08-21 12:28:18,714 | INFO  | DNAudit | user=null | ip=null | op=WRITE_CHUNK {blockData=conID: 1 locID: 102654967721165439 bcsId: 0} | ret=SUCCESS |  
2019-08-21 12:28:18,714 | INFO  | DNAudit | user=null | ip=null | op=WRITE_CHUNK {blockData=conID: 1 locID: 102654967721165439 bcsId: 4430} | ret=SUCCESS |  
2019-08-21 12:28:18,714 | INFO  | DNAudit | user=null | ip=null | op=PUT_BLOCK {blockData=[blockId=conID: 1 locID: 102654967721165439 bcsId: 0,size=2097152]} | ret=SUCCESS |  
2019-08-21 12:28:18,715 | INFO  | DNAudit | user=null | ip=null | op=PUT_BLOCK {blockData=[blockId=conID: 1 locID: 102654967721165439 bcsId: 0,size=2097152]} | ret=SUCCESS |  
2019-08-21 12:28:18,726 | INFO  | DNAudit | user=null | ip=null | op=WRITE_CHUNK {blockData=conID: 1 locID: 102654967721165439 bcsId: 4430} | ret=SUCCESS |  
2019-08-21 12:28:18,727 | INFO  | DNAudit | user=null | ip=null | op=PUT_BLOCK {blockData=[blockId=conID: 1 locID: 102654967721165439 bcsId: 0,size=3145728]} | ret=SUCCESS |  
2019-08-21 12:28:18,727 [grpc-default-executor-2] INFO  client.GrpcClientProtocolClient (GrpcClientProtocolClient.java:onNext(255)) - client-C954105195FD->270584e6-a4a8-4db5-8151-214655ce1a56: receive RaftClientReply:client-C954105195FD->270584e6-a4a8-4db5-8151-214655ce1a56@group-787F5BA3AA67, cid=2955, SUCCESS, logIndex=4435, commits[270584e6-a4a8-4db5-8151-214655ce1a56:c4436, af078b8b-61ec-497f-9506-472d46a72462:c4433, 09fb9ab4-1b8d-44c0-9f8c-50855c6f1fed:c4430]
2019-08-21 12:28:18,728 [grpc-default-executor-2] INFO  client.GrpcClientProtocolClient (GrpcClientProtocolClient.java:onNext(255)) - client-C954105195FD->270584e6-a4a8-4db5-8151-214655ce1a56: receive RaftClientReply:client-C954105195FD->270584e6-a4a8-4db5-8151-214655ce1a56@group-787F5BA3AA67, cid=2956, SUCCESS, logIndex=4436, commits[270584e6-a4a8-4db5-8151-214655ce1a56:c4436, af078b8b-61ec-497f-9506-472d46a72462:c4433, 09fb9ab4-1b8d-44c0-9f8c-50855c6f1fed:c4430]
2019-08-21 12:28:18,735 | INFO  | DNAudit | user=null | ip=null | op=WRITE_CHUNK {blockData=conID: 1 locID: 102654967721165439 bcsId: 4436} | ret=SUCCESS |  
2019-08-21 12:28:18,738 | INFO  | DNAudit | user=null | ip=null | op=WRITE_CHUNK {blockData=conID: 1 locID: 102654967721165439 bcsId: 4436} | ret=SUCCESS |  
2019-08-21 12:28:18,738 | INFO  | DNAudit | user=null | ip=null | op=WRITE_CHUNK {blockData=conID: 1 locID: 102654967721165439 bcsId: 4436} | ret=SUCCESS |  
2019-08-21 12:28:18,738 | INFO  | DNAudit | user=null | ip=null | op=WRITE_CHUNK {blockData=conID: 1 locID: 102654967721165439 bcsId: 4430} | ret=SUCCESS |  
2019-08-21 12:28:18,739 | INFO  | DNAudit | user=null | ip=null | op=PUT_BLOCK {blockData=[blockId=conID: 1 locID: 102654967721165439 bcsId: 0,size=3145728]} | ret=SUCCESS |  
2019-08-21 12:28:18,750 | INFO  | DNAudit | user=null | ip=null | op=WRITE_CHUNK {blockData=conID: 1 locID: 102654967721165439 bcsId: 4430} | ret=SUCCESS |  
2019-08-21 12:28:18,750 | INFO  | DNAudit | user=null | ip=null | op=PUT_BLOCK {blockData=[blockId=conID: 1 locID: 102654967721165439 bcsId: 0,size=3145728]} | ret=SUCCESS |  
2019-08-21 12:28:18,751 | INFO  | DNAudit | user=null | ip=null | op=WRITE_CHUNK {blockData=conID: 1 locID: 102654967721165439 bcsId: 4436} | ret=SUCCESS |  
2019-08-21 12:28:18,752 | INFO  | DNAudit | user=null | ip=null | op=PUT_BLOCK {blockData=[blockId=conID: 1 locID: 102654967721165439 bcsId: 0,size=4194304]} | ret=SUCCESS |  
2019-08-21 12:28:18,753 [grpc-default-executor-2] INFO  client.GrpcClientProtocolClient (GrpcClientProtocolClient.java:onNext(255)) - client-C954105195FD->270584e6-a4a8-4db5-8151-214655ce1a56: receive RaftClientReply:client-C954105195FD->270584e6-a4a8-4db5-8151-214655ce1a56@group-787F5BA3AA67, cid=2957, SUCCESS, logIndex=4439, commits[270584e6-a4a8-4db5-8151-214655ce1a56:c4440, af078b8b-61ec-497f-9506-472d46a72462:c4436, 09fb9ab4-1b8d-44c0-9f8c-50855c6f1fed:c4436]
2019-08-21 12:28:18,753 | INFO  | DNAudit | user=null | ip=null | op=WRITE_CHUNK {blockData=conID: 1 locID: 102654967721165439 bcsId: 4436} | ret=SUCCESS |  
2019-08-21 12:28:18,753 [grpc-default-executor-2] INFO  client.GrpcClientProtocolClient (GrpcClientProtocolClient.java:onNext(255)) - client-C954105195FD->270584e6-a4a8-4db5-8151-214655ce1a56: receive RaftClientReply:client-C954105195FD->270584e6-a4a8-4db5-8151-214655ce1a56@group-787F5BA3AA67, cid=2958, SUCCESS, logIndex=4440, commits[270584e6-a4a8-4db5-8151-214655ce1a56:c4440, af078b8b-61ec-497f-9506-472d46a72462:c4436, 09fb9ab4-1b8d-44c0-9f8c-50855c6f1fed:c4436]
2019-08-21 12:28:18,754 | INFO  | DNAudit | user=null | ip=null | op=PUT_BLOCK {blockData=[blockId=conID: 1 locID: 102654967721165439 bcsId: 0,size=4194304]} | ret=SUCCESS |  
2019-08-21 12:28:18,754 | INFO  | DNAudit | user=null | ip=null | op=WRITE_CHUNK {blockData=conID: 1 locID: 102654967721165439 bcsId: 4436} | ret=SUCCESS |  
2019-08-21 12:28:18,754 | INFO  | DNAudit | user=null | ip=null | op=PUT_BLOCK {blockData=[blockId=conID: 1 locID: 102654967721165439 bcsId: 0,size=4194304]} | ret=SUCCESS |  
2019-08-21 12:28:18,755 [grpc-default-executor-1] INFO  client.GrpcClientProtocolClient (GrpcClientProtocolClient.java:onNext(255)) - client-C954105195FD->270584e6-a4a8-4db5-8151-214655ce1a56: receive RaftClientReply:client-C954105195FD->270584e6-a4a8-4db5-8151-214655ce1a56@group-787F5BA3AA67, cid=2959, SUCCESS, logIndex=0, commits[270584e6-a4a8-4db5-8151-214655ce1a56:c4441, af078b8b-61ec-497f-9506-472d46a72462:c4440, 09fb9ab4-1b8d-44c0-9f8c-50855c6f1fed:c4440]
2019-08-21 12:28:18,764 | INFO  | SCMAudit | user=jenkins1000 | ip=192.168.34.23 | op=ALLOCATE_BLOCK {owner=b79f83c9-5f7d-4caf-af30-78af34bc5eea, size=4194304, type=RATIS, factor=THREE} | ret=SUCCESS |  
2019-08-21 12:28:18,770 | INFO  | OMAudit | user=jenkins1000 | ip=127.0.0.1 | op=ALLOCATE_BLOCK {volume=vol-0-06517, bucket=bucket-0-64549, key=key-0-34512, dataSize=0, replicationType=null, replicationFactor=null, keyLocationInfo=null, clientID=102654965997830546} | ret=SUCCESS |  
2019-08-21 12:28:18,776 | INFO  | DNAudit | user=null | ip=null | op=WRITE_CHUNK {blockData=conID: 2 locID: 102654967726932608 bcsId: 0} | ret=SUCCESS |  
2019-08-21 12:28:18,779 | INFO  | DNAudit | user=null | ip=null | op=WRITE_CHUNK {blockData=conID: 2 locID: 102654967726932608 bcsId: 0} | ret=SUCCESS |  
2019-08-21 12:28:18,779 | INFO  | DNAudit | user=null | ip=null | op=WRITE_CHUNK {blockData=conID: 2 locID: 102654967726932608 bcsId: 0} | ret=SUCCESS |  
2019-08-21 12:28:18,780 | INFO  | DNAudit | user=null | ip=null | op=WRITE_CHUNK {blockData=conID: 2 locID: 102654967726932608 bcsId: 0} | ret=SUCCESS |  
2019-08-21 12:28:18,781 | INFO  | DNAudit | user=null | ip=null | op=WRITE_CHUNK {blockData=conID: 2 locID: 102654967726932608 bcsId: 0} | ret=SUCCESS |  
2019-08-21 12:28:18,782 | INFO  | DNAudit | user=null | ip=null | op=WRITE_CHUNK {blockData=conID: 2 locID: 102654967726932608 bcsId: 0} | ret=SUCCESS |  
2019-08-21 12:28:18,826 | INFO  | DNAudit | user=null | ip=null | op=WRITE_CHUNK {blockData=conID: 2 locID: 102654967726932608 bcsId: 0} | ret=SUCCESS |  
2019-08-21 12:28:18,826 | INFO  | DNAudit | user=null | ip=null | op=PUT_BLOCK {blockData=[blockId=conID: 2 locID: 102654967726932608 bcsId: 0,size=1048576]} | ret=SUCCESS |  
2019-08-21 12:28:18,827 [grpc-default-executor-1] INFO  client.GrpcClientProtocolClient (GrpcClientProtocolClient.java:onNext(255)) - client-C954105195FD->270584e6-a4a8-4db5-8151-214655ce1a56: receive RaftClientReply:client-C954105195FD->270584e6-a4a8-4db5-8151-214655ce1a56@group-787F5BA3AA67, cid=2960, SUCCESS, logIndex=4442, commits[270584e6-a4a8-4db5-8151-214655ce1a56:c4444, af078b8b-61ec-497f-9506-472d46a72462:c4441, 09fb9ab4-1b8d-44c0-9f8c-50855c6f1fed:c4441]
2019-08-21 12:28:18,827 | INFO  | DNAudit | user=null | ip=null | op=WRITE_CHUNK {blockData=conID: 2 locID: 102654967726932608 bcsId: 0} | ret=SUCCESS |  
2019-08-21 12:28:18,827 | INFO  | DNAudit | user=null | ip=null | op=PUT_BLOCK {blockData=[blockId=conID: 2 locID: 102654967726932608 bcsId: 0,size=2097152]} | ret=SUCCESS |  
2019-08-21 12:28:18,827 [grpc-default-executor-1] INFO  client.GrpcClientProtocolClient (GrpcClientProtocolClient.java:onNext(255)) - client-C954105195FD->270584e6-a4a8-4db5-8151-214655ce1a56: receive RaftClientReply:client-C954105195FD->270584e6-a4a8-4db5-8151-214655ce1a56@group-787F5BA3AA67, cid=2961, SUCCESS, logIndex=4443, commits[270584e6-a4a8-4db5-8151-214655ce1a56:c4445, af078b8b-61ec-497f-9506-472d46a72462:c4441, 09fb9ab4-1b8d-44c0-9f8c-50855c6f1fed:c4441]
2019-08-21 12:28:18,828 [grpc-default-executor-1] INFO  client.GrpcClientProtocolClient (GrpcClientProtocolClient.java:onNext(255)) - client-C954105195FD->270584e6-a4a8-4db5-8151-214655ce1a56: receive RaftClientReply:client-C954105195FD->270584e6-a4a8-4db5-8151-214655ce1a56@group-787F5BA3AA67, cid=2962, SUCCESS, logIndex=4444, commits[270584e6-a4a8-4db5-8151-214655ce1a56:c4445, af078b8b-61ec-497f-9506-472d46a72462:c4441, 09fb9ab4-1b8d-44c0-9f8c-50855c6f1fed:c4441]
2019-08-21 12:28:18,828 [grpc-default-executor-1] INFO  client.GrpcClientProtocolClient (GrpcClientProtocolClient.java:onNext(255)) - client-C954105195FD->270584e6-a4a8-4db5-8151-214655ce1a56: receive RaftClientReply:client-C954105195FD->270584e6-a4a8-4db5-8151-214655ce1a56@group-787F5BA3AA67, cid=2963, SUCCESS, logIndex=4445, commits[270584e6-a4a8-4db5-8151-214655ce1a56:c4445, af078b8b-61ec-497f-9506-472d46a72462:c4441, 09fb9ab4-1b8d-44c0-9f8c-50855c6f1fed:c4441]
2019-08-21 12:28:18,837 | INFO  | DNAudit | user=null | ip=null | op=WRITE_CHUNK {blockData=conID: 2 locID: 102654967726932608 bcsId: 0} | ret=SUCCESS |  
2019-08-21 12:28:18,837 | INFO  | DNAudit | user=null | ip=null | op=WRITE_CHUNK {blockData=conID: 2 locID: 102654967726932608 bcsId: 0} | ret=SUCCESS |  
2019-08-21 12:28:18,837 | INFO  | DNAudit | user=null | ip=null | op=PUT_BLOCK {blockData=[blockId=conID: 2 locID: 102654967726932608 bcsId: 0,size=1048576]} | ret=SUCCESS |  
2019-08-21 12:28:18,839 | INFO  | DNAudit | user=null | ip=null | op=PUT_BLOCK {blockData=[blockId=conID: 2 locID: 102654967726932608 bcsId: 0,size=1048576]} | ret=SUCCESS |  
2019-08-21 12:28:18,839 | INFO  | DNAudit | user=null | ip=null | op=WRITE_CHUNK {blockData=conID: 2 locID: 102654967726932608 bcsId: 0} | ret=SUCCESS |  
2019-08-21 12:28:18,840 | INFO  | DNAudit | user=null | ip=null | op=PUT_BLOCK {blockData=[blockId=conID: 2 locID: 102654967726932608 bcsId: 0,size=2097152]} | ret=SUCCESS |  
2019-08-21 12:28:18,840 [grpc-default-executor-1] INFO  client.GrpcClientProtocolClient (GrpcClientProtocolClient.java:onNext(255)) - client-C954105195FD->270584e6-a4a8-4db5-8151-214655ce1a56: receive RaftClientReply:client-C954105195FD->270584e6-a4a8-4db5-8151-214655ce1a56@group-787F5BA3AA67, cid=2964, SUCCESS, logIndex=0, commits[270584e6-a4a8-4db5-8151-214655ce1a56:c4447, af078b8b-61ec-497f-9506-472d46a72462:c4443, 09fb9ab4-1b8d-44c0-9f8c-50855c6f1fed:c4443]
2019-08-21 12:28:18,848 | INFO  | DNAudit | user=null | ip=null | op=WRITE_CHUNK {blockData=conID: 2 locID: 102654967726932608 bcsId: 4445} | ret=SUCCESS |  
2019-08-21 12:28:18,850 | INFO  | DNAudit | user=null | ip=null | op=WRITE_CHUNK {blockData=conID: 2 locID: 102654967726932608 bcsId: 0} | ret=SUCCESS |  
2019-08-21 12:28:18,851 | INFO  | DNAudit | user=null | ip=null | op=PUT_BLOCK {blockData=[blockId=conID: 2 locID: 102654967726932608 bcsId: 0,size=2097152]} | ret=SUCCESS |  
2019-08-21 12:28:18,851 | INFO  | DNAudit | user=null | ip=null | op=WRITE_CHUNK {blockData=conID: 2 locID: 102654967726932608 bcsId: 4445} | ret=SUCCESS |  
2019-08-21 12:28:18,851 | INFO  | DNAudit | user=null | ip=null | op=WRITE_CHUNK {blockData=conID: 2 locID: 102654967726932608 bcsId: 4445} | ret=SUCCESS |  
2019-08-21 12:28:18,863 | INFO  | DNAudit | user=null | ip=null | op=WRITE_CHUNK {blockData=conID: 2 locID: 102654967726932608 bcsId: 4445} | ret=SUCCESS |  
2019-08-21 12:28:18,864 | INFO  | DNAudit | user=null | ip=null | op=PUT_BLOCK {blockData=[blockId=conID: 2 locID: 102654967726932608 bcsId: 0,size=3145728]} | ret=SUCCESS |  
2019-08-21 12:28:18,864 [grpc-default-executor-2] INFO  client.GrpcClientProtocolClient (GrpcClientProtocolClient.java:onNext(255)) - client-C954105195FD->270584e6-a4a8-4db5-8151-214655ce1a56: receive RaftClientReply:client-C954105195FD->270584e6-a4a8-4db5-8151-214655ce1a56@group-787F5BA3AA67, cid=2965, SUCCESS, logIndex=4450, commits[270584e6-a4a8-4db5-8151-214655ce1a56:c4451, af078b8b-61ec-497f-9506-472d46a72462:c4449, 09fb9ab4-1b8d-44c0-9f8c-50855c6f1fed:c4449]
2019-08-21 12:28:18,864 [grpc-default-executor-2] INFO  client.GrpcClientProtocolClient (GrpcClientProtocolClient.java:onNext(255)) - client-C954105195FD->270584e6-a4a8-4db5-8151-214655ce1a56: receive RaftClientReply:client-C954105195FD->270584e6-a4a8-4db5-8151-214655ce1a56@group-787F5BA3AA67, cid=2966, SUCCESS, logIndex=4451, commits[270584e6-a4a8-4db5-8151-214655ce1a56:c4451, af078b8b-61ec-497f-9506-472d46a72462:c4449, 09fb9ab4-1b8d-44c0-9f8c-50855c6f1fed:c4449]
2019-08-21 12:28:18,872 | INFO  | DNAudit | user=null | ip=null | op=WRITE_CHUNK {blockData=conID: 2 locID: 102654967726932608 bcsId: 4451} | ret=SUCCESS |  
2019-08-21 12:28:18,874 | INFO  | DNAudit | user=null | ip=null | op=WRITE_CHUNK {blockData=conID: 2 locID: 102654967726932608 bcsId: 4451} | ret=SUCCESS |  
2019-08-21 12:28:18,874 | INFO  | DNAudit | user=null | ip=null | op=WRITE_CHUNK {blockData=conID: 2 locID: 102654967726932608 bcsId: 4451} | ret=SUCCESS |  
2019-08-21 12:28:18,876 | INFO  | DNAudit | user=null | ip=null | op=WRITE_CHUNK {blockData=conID: 2 locID: 102654967726932608 bcsId: 4445} | ret=SUCCESS |  
2019-08-21 12:28:18,876 | INFO  | DNAudit | user=null | ip=null | op=WRITE_CHUNK {blockData=conID: 2 locID: 102654967726932608 bcsId: 4445} | ret=SUCCESS |  
2019-08-21 12:28:18,877 | INFO  | DNAudit | user=null | ip=null | op=PUT_BLOCK {blockData=[blockId=conID: 2 locID: 102654967726932608 bcsId: 0,size=3145728]} | ret=SUCCESS |  
2019-08-21 12:28:18,877 | INFO  | DNAudit | user=null | ip=null | op=PUT_BLOCK {blockData=[blockId=conID: 2 locID: 102654967726932608 bcsId: 0,size=3145728]} | ret=SUCCESS |  
2019-08-21 12:28:18,890 | INFO  | DNAudit | user=null | ip=null | op=WRITE_CHUNK {blockData=conID: 2 locID: 102654967726932608 bcsId: 4451} | ret=SUCCESS |  
2019-08-21 12:28:18,891 | INFO  | DNAudit | user=null | ip=null | op=PUT_BLOCK {blockData=[blockId=conID: 2 locID: 102654967726932608 bcsId: 0,size=4194304]} | ret=SUCCESS |  
2019-08-21 12:28:18,891 [grpc-default-executor-2] INFO  client.GrpcClientProtocolClient (GrpcClientProtocolClient.java:onNext(255)) - client-C954105195FD->270584e6-a4a8-4db5-8151-214655ce1a56: receive RaftClientReply:client-C954105195FD->270584e6-a4a8-4db5-8151-214655ce1a56@group-787F5BA3AA67, cid=2967, SUCCESS, logIndex=4454, commits[270584e6-a4a8-4db5-8151-214655ce1a56:c4455, af078b8b-61ec-497f-9506-472d46a72462:c4451, 09fb9ab4-1b8d-44c0-9f8c-50855c6f1fed:c4451]
2019-08-21 12:28:18,891 [grpc-default-executor-2] INFO  client.GrpcClientProtocolClient (GrpcClientProtocolClient.java:onNext(255)) - client-C954105195FD->270584e6-a4a8-4db5-8151-214655ce1a56: receive RaftClientReply:client-C954105195FD->270584e6-a4a8-4db5-8151-214655ce1a56@group-787F5BA3AA67, cid=2968, SUCCESS, logIndex=4455, commits[270584e6-a4a8-4db5-8151-214655ce1a56:c4455, af078b8b-61ec-497f-9506-472d46a72462:c4451, 09fb9ab4-1b8d-44c0-9f8c-50855c6f1fed:c4451]
2019-08-21 12:28:18,903 | INFO  | DNAudit | user=null | ip=null | op=WRITE_CHUNK {blockData=conID: 2 locID: 102654967726932608 bcsId: 4451} | ret=SUCCESS |  
2019-08-21 12:28:18,903 | INFO  | DNAudit | user=null | ip=null | op=WRITE_CHUNK {blockData=conID: 2 locID: 102654967726932608 bcsId: 4451} | ret=SUCCESS |  
2019-08-21 12:28:18,916 | INFO  | DNAudit | user=null | ip=null | op=PUT_BLOCK {blockData=[blockId=conID: 2 locID: 102654967726932608 bcsId: 0,size=4194304]} | ret=SUCCESS |  
2019-08-21 12:28:18,916 | INFO  | DNAudit | user=null | ip=null | op=PUT_BLOCK {blockData=[blockId=conID: 2 locID: 102654967726932608 bcsId: 0,size=4194304]} | ret=SUCCESS |  
2019-08-21 12:28:18,920 [grpc-default-executor-2] INFO  client.GrpcClientProtocolClient (GrpcClientProtocolClient.java:onNext(255)) - client-C954105195FD->270584e6-a4a8-4db5-8151-214655ce1a56: receive RaftClientReply:client-C954105195FD->270584e6-a4a8-4db5-8151-214655ce1a56@group-787F5BA3AA67, cid=2969, SUCCESS, logIndex=0, commits[270584e6-a4a8-4db5-8151-214655ce1a56:c4457, af078b8b-61ec-497f-9506-472d46a72462:c4455, 09fb9ab4-1b8d-44c0-9f8c-50855c6f1fed:c4455]
2019-08-21 12:28:18,931 | INFO  | SCMAudit | user=jenkins1000 | ip=192.168.34.23 | op=ALLOCATE_BLOCK {owner=b79f83c9-5f7d-4caf-af30-78af34bc5eea, size=4194304, type=RATIS, factor=THREE} | ret=SUCCESS |  
2019-08-21 12:28:18,937 | INFO  | OMAudit | user=jenkins1000 | ip=127.0.0.1 | op=ALLOCATE_BLOCK {volume=vol-0-06517, bucket=bucket-0-64549, key=key-0-34512, dataSize=0, replicationType=null, replicationFactor=null, keyLocationInfo=null, clientID=102654965997830546} | ret=SUCCESS |  
2019-08-21 12:28:18,944 | INFO  | DNAudit | user=null | ip=null | op=WRITE_CHUNK {blockData=conID: 3 locID: 102654967737942657 bcsId: 0} | ret=SUCCESS |  
2019-08-21 12:28:18,947 | INFO  | DNAudit | user=null | ip=null | op=WRITE_CHUNK {blockData=conID: 3 locID: 102654967737942657 bcsId: 0} | ret=SUCCESS |  
2019-08-21 12:28:18,947 | INFO  | DNAudit | user=null | ip=null | op=WRITE_CHUNK {blockData=conID: 3 locID: 102654967737942657 bcsId: 0} | ret=SUCCESS |  
2019-08-21 12:28:18,947 | INFO  | DNAudit | user=null | ip=null | op=WRITE_CHUNK {blockData=conID: 3 locID: 102654967737942657 bcsId: 0} | ret=SUCCESS |  
2019-08-21 12:28:18,949 | INFO  | DNAudit | user=null | ip=null | op=WRITE_CHUNK {blockData=conID: 3 locID: 102654967737942657 bcsId: 0} | ret=SUCCESS |  
2019-08-21 12:28:18,952 | INFO  | SCMAudit | user=jenkins1000 | ip=192.168.34.23 | op=SEND_HEARTBEAT {datanodeUUID=af078b8b-61ec-497f-9506-472d46a72462, command=[]} | ret=SUCCESS |  
2019-08-21 12:28:18,952 | INFO  | SCMAudit | user=jenkins1000 | ip=192.168.34.23 | op=SEND_HEARTBEAT {datanodeUUID=09fb9ab4-1b8d-44c0-9f8c-50855c6f1fed, command=[]} | ret=SUCCESS |  
2019-08-21 12:28:18,952 | INFO  | DNAudit | user=null | ip=null | op=WRITE_CHUNK {blockData=conID: 3 locID: 102654967737942657 bcsId: 0} | ret=SUCCESS |  
2019-08-21 12:28:18,954 | INFO  | SCMAudit | user=jenkins1000 | ip=192.168.34.23 | op=SEND_HEARTBEAT {datanodeUUID=270584e6-a4a8-4db5-8151-214655ce1a56, command=[]} | ret=SUCCESS |  
 0.00% |█                                                                                                    |  0/1 Time: 0:00:262019-08-21 12:28:18,970 | INFO  | DNAudit | user=null | ip=null | op=WRITE_CHUNK {blockData=conID: 3 locID: 102654967737942657 bcsId: 0} | ret=SUCCESS |  
2019-08-21 12:28:18,971 | INFO  | DNAudit | user=null | ip=null | op=PUT_BLOCK {blockData=[blockId=conID: 3 locID: 102654967737942657 bcsId: 0,size=1048576]} | ret=SUCCESS |  
2019-08-21 12:28:18,972 [grpc-default-executor-1] INFO  client.GrpcClientProtocolClient (GrpcClientProtocolClient.java:onNext(255)) - client-C954105195FD->270584e6-a4a8-4db5-8151-214655ce1a56: receive RaftClientReply:client-C954105195FD->270584e6-a4a8-4db5-8151-214655ce1a56@group-787F5BA3AA67, cid=2970, SUCCESS, logIndex=4458, commits[270584e6-a4a8-4db5-8151-214655ce1a56:c4459, af078b8b-61ec-497f-9506-472d46a72462:c4457, 09fb9ab4-1b8d-44c0-9f8c-50855c6f1fed:c4455]
2019-08-21 12:28:18,973 [grpc-default-executor-1] INFO  client.GrpcClientProtocolClient (GrpcClientProtocolClient.java:onNext(255)) - client-C954105195FD->270584e6-a4a8-4db5-8151-214655ce1a56: receive RaftClientReply:client-C954105195FD->270584e6-a4a8-4db5-8151-214655ce1a56@group-787F5BA3AA67, cid=2971, SUCCESS, logIndex=4459, commits[270584e6-a4a8-4db5-8151-214655ce1a56:c4459, af078b8b-61ec-497f-9506-472d46a72462:c4457, 09fb9ab4-1b8d-44c0-9f8c-50855c6f1fed:c4455]
2019-08-21 12:28:18,973 | INFO  | DNAudit | user=null | ip=null | op=WRITE_CHUNK {blockData=conID: 3 locID: 102654967737942657 bcsId: 0} | ret=SUCCESS |  
2019-08-21 12:28:18,973 | INFO  | DNAudit | user=null | ip=null | op=PUT_BLOCK {blockData=[blockId=conID: 3 locID: 102654967737942657 bcsId: 0,size=2097152]} | ret=SUCCESS |  
2019-08-21 12:28:18,974 [grpc-default-executor-2] INFO  client.GrpcClientProtocolClient (GrpcClientProtocolClient.java:onNext(255)) - client-C954105195FD->270584e6-a4a8-4db5-8151-214655ce1a56: receive RaftClientReply:client-C954105195FD->270584e6-a4a8-4db5-8151-214655ce1a56@group-787F5BA3AA67, cid=2972, SUCCESS, logIndex=4460, commits[270584e6-a4a8-4db5-8151-214655ce1a56:c4461, af078b8b-61ec-497f-9506-472d46a72462:c4457, 09fb9ab4-1b8d-44c0-9f8c-50855c6f1fed:c4457]
2019-08-21 12:28:18,974 [grpc-default-executor-2] INFO  client.GrpcClientProtocolClient (GrpcClientProtocolClient.java:onNext(255)) - client-C954105195FD->270584e6-a4a8-4db5-8151-214655ce1a56: receive RaftClientReply:client-C954105195FD->270584e6-a4a8-4db5-8151-214655ce1a56@group-787F5BA3AA67, cid=2973, SUCCESS, logIndex=4461, commits[270584e6-a4a8-4db5-8151-214655ce1a56:c4461, af078b8b-61ec-497f-9506-472d46a72462:c4457, 09fb9ab4-1b8d-44c0-9f8c-50855c6f1fed:c4457]
2019-08-21 12:28:18,974 | INFO  | DNAudit | user=null | ip=null | op=WRITE_CHUNK {blockData=conID: 3 locID: 102654967737942657 bcsId: 0} | ret=SUCCESS |  
2019-08-21 12:28:18,975 | INFO  | DNAudit | user=null | ip=null | op=PUT_BLOCK {blockData=[blockId=conID: 3 locID: 102654967737942657 bcsId: 0,size=1048576]} | ret=SUCCESS |  
2019-08-21 12:28:18,975 | INFO  | DNAudit | user=null | ip=null | op=WRITE_CHUNK {blockData=conID: 3 locID: 102654967737942657 bcsId: 0} | ret=SUCCESS |  
2019-08-21 12:28:18,975 | INFO  | DNAudit | user=null | ip=null | op=PUT_BLOCK {blockData=[blockId=conID: 3 locID: 102654967737942657 bcsId: 0,size=1048576]} | ret=SUCCESS |  
2019-08-21 12:28:18,975 [grpc-default-executor-2] INFO  client.GrpcClientProtocolClient (GrpcClientProtocolClient.java:onNext(255)) - client-C954105195FD->270584e6-a4a8-4db5-8151-214655ce1a56: receive RaftClientReply:client-C954105195FD->270584e6-a4a8-4db5-8151-214655ce1a56@group-787F5BA3AA67, cid=2974, SUCCESS, logIndex=0, commits[270584e6-a4a8-4db5-8151-214655ce1a56:c4462, af078b8b-61ec-497f-9506-472d46a72462:c4459, 09fb9ab4-1b8d-44c0-9f8c-50855c6f1fed:c4459]
2019-08-21 12:28:18,978 | INFO  | DNAudit | user=null | ip=null | op=WRITE_CHUNK {blockData=conID: 3 locID: 102654967737942657 bcsId: 0} | ret=SUCCESS |  
2019-08-21 12:28:18,978 | INFO  | DNAudit | user=null | ip=null | op=WRITE_CHUNK {blockData=conID: 3 locID: 102654967737942657 bcsId: 0} | ret=SUCCESS |  
2019-08-21 12:28:18,978 | INFO  | DNAudit | user=null | ip=null | op=PUT_BLOCK {blockData=[blockId=conID: 3 locID: 102654967737942657 bcsId: 0,size=2097152]} | ret=SUCCESS |  
2019-08-21 12:28:18,978 | INFO  | DNAudit | user=null | ip=null | op=PUT_BLOCK {blockData=[blockId=conID: 3 locID: 102654967737942657 bcsId: 0,size=2097152]} | ret=SUCCESS |  
2019-08-21 12:28:18,985 | INFO  | DNAudit | user=null | ip=null | op=WRITE_CHUNK {blockData=conID: 3 locID: 102654967737942657 bcsId: 4461} | ret=SUCCESS |  
2019-08-21 12:28:18,986 | INFO  | DNAudit | user=null | ip=null | op=WRITE_CHUNK {blockData=conID: 3 locID: 102654967737942657 bcsId: 4461} | ret=SUCCESS |  
2019-08-21 12:28:18,987 | INFO  | DNAudit | user=null | ip=null | op=WRITE_CHUNK {blockData=conID: 3 locID: 102654967737942657 bcsId: 4461} | ret=SUCCESS |  
2019-08-21 12:28:18,988 | INFO  | DNAudit | user=null | ip=null | op=WRITE_CHUNK {blockData=conID: 3 locID: 102654967737942657 bcsId: 4461} | ret=SUCCESS |  
2019-08-21 12:28:18,988 | INFO  | DNAudit | user=null | ip=null | op=PUT_BLOCK {blockData=[blockId=conID: 3 locID: 102654967737942657 bcsId: 0,size=3145728]} | ret=SUCCESS |  
2019-08-21 12:28:18,989 [grpc-default-executor-2] INFO  client.GrpcClientProtocolClient (GrpcClientProtocolClient.java:onNext(255)) - client-C954105195FD->270584e6-a4a8-4db5-8151-214655ce1a56: receive RaftClientReply:client-C954105195FD->270584e6-a4a8-4db5-8151-214655ce1a56@group-787F5BA3AA67, cid=2975, SUCCESS, logIndex=4466, commits[270584e6-a4a8-4db5-8151-214655ce1a56:c4467, af078b8b-61ec-497f-9506-472d46a72462:c4465, 09fb9ab4-1b8d-44c0-9f8c-50855c6f1fed:c4461]
2019-08-21 12:28:18,989 [grpc-default-executor-2] INFO  client.GrpcClientProtocolClient (GrpcClientProtocolClient.java:onNext(255)) - client-C954105195FD->270584e6-a4a8-4db5-8151-214655ce1a56: receive RaftClientReply:client-C954105195FD->270584e6-a4a8-4db5-8151-214655ce1a56@group-787F5BA3AA67, cid=2976, SUCCESS, logIndex=4467, commits[270584e6-a4a8-4db5-8151-214655ce1a56:c4467, af078b8b-61ec-497f-9506-472d46a72462:c4465, 09fb9ab4-1b8d-44c0-9f8c-50855c6f1fed:c4461]
2019-08-21 12:28:18,991 | INFO  | DNAudit | user=null | ip=null | op=WRITE_CHUNK {blockData=conID: 3 locID: 102654967737942657 bcsId: 4461} | ret=SUCCESS |  
2019-08-21 12:28:18,992 | INFO  | DNAudit | user=null | ip=null | op=PUT_BLOCK {blockData=[blockId=conID: 3 locID: 102654967737942657 bcsId: 0,size=3145728]} | ret=SUCCESS |  
2019-08-21 12:28:18,993 | INFO  | DNAudit | user=null | ip=null | op=WRITE_CHUNK {blockData=conID: 3 locID: 102654967737942657 bcsId: 4461} | ret=SUCCESS |  
2019-08-21 12:28:18,993 | INFO  | DNAudit | user=null | ip=null | op=PUT_BLOCK {blockData=[blockId=conID: 3 locID: 102654967737942657 bcsId: 0,size=3145728]} | ret=SUCCESS |  
2019-08-21 12:28:18,996 | INFO  | DNAudit | user=null | ip=null | op=WRITE_CHUNK {blockData=conID: 3 locID: 102654967737942657 bcsId: 4467} | ret=SUCCESS |  
2019-08-21 12:28:18,999 | INFO  | DNAudit | user=null | ip=null | op=WRITE_CHUNK {blockData=conID: 3 locID: 102654967737942657 bcsId: 4467} | ret=SUCCESS |  
2019-08-21 12:28:18,999 | INFO  | DNAudit | user=null | ip=null | op=WRITE_CHUNK {blockData=conID: 3 locID: 102654967737942657 bcsId: 4467} | ret=SUCCESS |  
2019-08-21 12:28:19,001 | INFO  | DNAudit | user=null | ip=null | op=WRITE_CHUNK {blockData=conID: 3 locID: 102654967737942657 bcsId: 4467} | ret=SUCCESS |  
2019-08-21 12:28:19,001 | INFO  | DNAudit | user=null | ip=null | op=PUT_BLOCK {blockData=[blockId=conID: 3 locID: 102654967737942657 bcsId: 0,size=4194304]} | ret=SUCCESS |  
2019-08-21 12:28:19,002 [grpc-default-executor-5] INFO  client.GrpcClientProtocolClient (GrpcClientProtocolClient.java:onNext(255)) - client-C954105195FD->270584e6-a4a8-4db5-8151-214655ce1a56: receive RaftClientReply:client-C954105195FD->270584e6-a4a8-4db5-8151-214655ce1a56@group-787F5BA3AA67, cid=2977, SUCCESS, logIndex=4470, commits[270584e6-a4a8-4db5-8151-214655ce1a56:c4471, af078b8b-61ec-497f-9506-472d46a72462:c4469, 09fb9ab4-1b8d-44c0-9f8c-50855c6f1fed:c4467]
2019-08-21 12:28:19,002 [grpc-default-executor-5] INFO  client.GrpcClientProtocolClient (GrpcClientProtocolClient.java:onNext(255)) - client-C954105195FD->270584e6-a4a8-4db5-8151-214655ce1a56: receive RaftClientReply:client-C954105195FD->270584e6-a4a8-4db5-8151-214655ce1a56@group-787F5BA3AA67, cid=2978, SUCCESS, logIndex=4471, commits[270584e6-a4a8-4db5-8151-214655ce1a56:c4471, af078b8b-61ec-497f-9506-472d46a72462:c4469, 09fb9ab4-1b8d-44c0-9f8c-50855c6f1fed:c4469]
2019-08-21 12:28:19,003 | INFO  | DNAudit | user=null | ip=null | op=WRITE_CHUNK {blockData=conID: 3 locID: 102654967737942657 bcsId: 4467} | ret=SUCCESS |  
2019-08-21 12:28:19,003 | INFO  | DNAudit | user=null | ip=null | op=WRITE_CHUNK {blockData=conID: 3 locID: 102654967737942657 bcsId: 4467} | ret=SUCCESS |  
2019-08-21 12:28:19,003 | INFO  | DNAudit | user=null | ip=null | op=PUT_BLOCK {blockData=[blockId=conID: 3 locID: 102654967737942657 bcsId: 0,size=4194304]} | ret=SUCCESS |  
2019-08-21 12:28:19,003 | INFO  | DNAudit | user=null | ip=null | op=PUT_BLOCK {blockData=[blockId=conID: 3 locID: 102654967737942657 bcsId: 0,size=4194304]} | ret=SUCCESS |  
2019-08-21 12:28:19,003 [grpc-default-executor-5] INFO  client.GrpcClientProtocolClient (GrpcClientProtocolClient.java:onNext(255)) - client-C954105195FD->270584e6-a4a8-4db5-8151-214655ce1a56: receive RaftClientReply:client-C954105195FD->270584e6-a4a8-4db5-8151-214655ce1a56@group-787F5BA3AA67, cid=2979, SUCCESS, logIndex=0, commits[270584e6-a4a8-4db5-8151-214655ce1a56:c4472, af078b8b-61ec-497f-9506-472d46a72462:c4471, 09fb9ab4-1b8d-44c0-9f8c-50855c6f1fed:c4471]
2019-08-21 12:28:19,010 | INFO  | SCMAudit | user=jenkins1000 | ip=192.168.34.23 | op=ALLOCATE_BLOCK {owner=b79f83c9-5f7d-4caf-af30-78af34bc5eea, size=4194304, type=RATIS, factor=THREE} | ret=SUCCESS |  
2019-08-21 12:28:19,014 | INFO  | OMAudit | user=jenkins1000 | ip=127.0.0.1 | op=ALLOCATE_BLOCK {volume=vol-0-06517, bucket=bucket-0-64549, key=key-0-34512, dataSize=0, replicationType=null, replicationFactor=null, keyLocationInfo=null, clientID=102654965997830546} | ret=SUCCESS |  
2019-08-21 12:28:19,020 | INFO  | DNAudit | user=null | ip=null | op=WRITE_CHUNK {blockData=conID: 1 locID: 102654967743120002 bcsId: 0} | ret=SUCCESS |  
2019-08-21 12:28:19,024 | INFO  | DNAudit | user=null | ip=null | op=WRITE_CHUNK {blockData=conID: 1 locID: 102654967743120002 bcsId: 0} | ret=SUCCESS |  
2019-08-21 12:28:19,024 | INFO  | DNAudit | user=null | ip=null | op=WRITE_CHUNK {blockData=conID: 1 locID: 102654967743120002 bcsId: 0} | ret=SUCCESS |  
2019-08-21 12:28:19,025 | INFO  | DNAudit | user=null | ip=null | op=WRITE_CHUNK {blockData=conID: 1 locID: 102654967743120002 bcsId: 0} | ret=SUCCESS |  
2019-08-21 12:28:19,027 | INFO  | DNAudit | user=null | ip=null | op=WRITE_CHUNK {blockData=conID: 1 locID: 102654967743120002 bcsId: 0} | ret=SUCCESS |  
2019-08-21 12:28:19,027 | INFO  | DNAudit | user=null | ip=null | op=WRITE_CHUNK {blockData=conID: 1 locID: 102654967743120002 bcsId: 0} | ret=SUCCESS |  
2019-08-21 12:28:19,032 | INFO  | DNAudit | user=null | ip=null | op=WRITE_CHUNK {blockData=conID: 1 locID: 102654967743120002 bcsId: 0} | ret=SUCCESS |  
2019-08-21 12:28:19,033 | INFO  | DNAudit | user=null | ip=null | op=PUT_BLOCK {blockData=[blockId=conID: 1 locID: 102654967743120002 bcsId: 0,size=1048576]} | ret=SUCCESS |  
2019-08-21 12:28:19,033 | INFO  | DNAudit | user=null | ip=null | op=WRITE_CHUNK {blockData=conID: 1 locID: 102654967743120002 bcsId: 0} | ret=SUCCESS |  
2019-08-21 12:28:19,033 | INFO  | DNAudit | user=null | ip=null | op=PUT_BLOCK {blockData=[blockId=conID: 1 locID: 102654967743120002 bcsId: 0,size=2097152]} | ret=SUCCESS |  
2019-08-21 12:28:19,033 [grpc-default-executor-4] INFO  client.GrpcClientProtocolClient (GrpcClientProtocolClient.java:onNext(255)) - client-C954105195FD->270584e6-a4a8-4db5-8151-214655ce1a56: receive RaftClientReply:client-C954105195FD->270584e6-a4a8-4db5-8151-214655ce1a56@group-787F5BA3AA67, cid=2980, SUCCESS, logIndex=4474, commits[270584e6-a4a8-4db5-8151-214655ce1a56:c4475, af078b8b-61ec-497f-9506-472d46a72462:c4473, 09fb9ab4-1b8d-44c0-9f8c-50855c6f1fed:c4473]
2019-08-21 12:28:19,034 [grpc-default-executor-4] INFO  client.GrpcClientProtocolClient (GrpcClientProtocolClient.java:onNext(255)) - client-C954105195FD->270584e6-a4a8-4db5-8151-214655ce1a56: receive RaftClientReply:client-C954105195FD->270584e6-a4a8-4db5-8151-214655ce1a56@group-787F5BA3AA67, cid=2981, SUCCESS, logIndex=4475, commits[270584e6-a4a8-4db5-8151-214655ce1a56:c4475, af078b8b-61ec-497f-9506-472d46a72462:c4473, 09fb9ab4-1b8d-44c0-9f8c-50855c6f1fed:c4473]
2019-08-21 12:28:19,034 [grpc-default-executor-4] INFO  client.GrpcClientProtocolClient (GrpcClientProtocolClient.java:onNext(255)) - client-C954105195FD->270584e6-a4a8-4db5-8151-214655ce1a56: receive RaftClientReply:client-C954105195FD->270584e6-a4a8-4db5-8151-214655ce1a56@group-787F5BA3AA67, cid=2982, SUCCESS, logIndex=4476, commits[270584e6-a4a8-4db5-8151-214655ce1a56:c4477, af078b8b-61ec-497f-9506-472d46a72462:c4473, 09fb9ab4-1b8d-44c0-9f8c-50855c6f1fed:c4473]
2019-08-21 12:28:19,034 [grpc-default-executor-4] INFO  client.GrpcClientProtocolClient (GrpcClientProtocolClient.java:onNext(255)) - client-C954105195FD->270584e6-a4a8-4db5-8151-214655ce1a56: receive RaftClientReply:client-C954105195FD->270584e6-a4a8-4db5-8151-214655ce1a56@group-787F5BA3AA67, cid=2983, SUCCESS, logIndex=4477, commits[270584e6-a4a8-4db5-8151-214655ce1a56:c4477, af078b8b-61ec-497f-9506-472d46a72462:c4473, 09fb9ab4-1b8d-44c0-9f8c-50855c6f1fed:c4473]
2019-08-21 12:28:19,035 | INFO  | DNAudit | user=null | ip=null | op=WRITE_CHUNK {blockData=conID: 1 locID: 102654967743120002 bcsId: 0} | ret=SUCCESS |  
2019-08-21 12:28:19,035 | INFO  | DNAudit | user=null | ip=null | op=PUT_BLOCK {blockData=[blockId=conID: 1 locID: 102654967743120002 bcsId: 0,size=1048576]} | ret=SUCCESS |  
2019-08-21 12:28:19,046 | INFO  | DNAudit | user=null | ip=null | op=WRITE_CHUNK {blockData=conID: 1 locID: 102654967743120002 bcsId: 0} | ret=SUCCESS |  
2019-08-21 12:28:19,046 | INFO  | DNAudit | user=null | ip=null | op=PUT_BLOCK {blockData=[blockId=conID: 1 locID: 102654967743120002 bcsId: 0,size=1048576]} | ret=SUCCESS |  
2019-08-21 12:28:19,047 | INFO  | DNAudit | user=null | ip=null | op=WRITE_CHUNK {blockData=conID: 1 locID: 102654967743120002 bcsId: 0} | ret=SUCCESS |  
2019-08-21 12:28:19,047 | INFO  | DNAudit | user=null | ip=null | op=PUT_BLOCK {blockData=[blockId=conID: 1 locID: 102654967743120002 bcsId: 0,size=2097152]} | ret=SUCCESS |  
2019-08-21 12:28:19,047 | INFO  | DNAudit | user=null | ip=null | op=WRITE_CHUNK {blockData=conID: 1 locID: 102654967743120002 bcsId: 0} | ret=SUCCESS |  
2019-08-21 12:28:19,047 | INFO  | DNAudit | user=null | ip=null | op=PUT_BLOCK {blockData=[blockId=conID: 1 locID: 102654967743120002 bcsId: 0,size=2097152]} | ret=SUCCESS |  
2019-08-21 12:28:19,047 [grpc-default-executor-4] INFO  client.GrpcClientProtocolClient (GrpcClientProtocolClient.java:onNext(255)) - client-C954105195FD->270584e6-a4a8-4db5-8151-214655ce1a56: receive RaftClientReply:client-C954105195FD->270584e6-a4a8-4db5-8151-214655ce1a56@group-787F5BA3AA67, cid=2984, SUCCESS, logIndex=0, commits[270584e6-a4a8-4db5-8151-214655ce1a56:c4478, af078b8b-61ec-497f-9506-472d46a72462:c4475, 09fb9ab4-1b8d-44c0-9f8c-50855c6f1fed:c4475]
2019-08-21 12:28:19,055 | INFO  | DNAudit | user=null | ip=null | op=WRITE_CHUNK {blockData=conID: 1 locID: 102654967743120002 bcsId: 4477} | ret=SUCCESS |  
2019-08-21 12:28:19,058 | INFO  | DNAudit | user=null | ip=null | op=WRITE_CHUNK {blockData=conID: 1 locID: 102654967743120002 bcsId: 4477} | ret=SUCCESS |  
2019-08-21 12:28:19,058 | INFO  | DNAudit | user=null | ip=null | op=WRITE_CHUNK {blockData=conID: 1 locID: 102654967743120002 bcsId: 4477} | ret=SUCCESS |  
2019-08-21 12:28:19,068 | INFO  | DNAudit | user=null | ip=null | op=WRITE_CHUNK {blockData=conID: 1 locID: 102654967743120002 bcsId: 4477} | ret=SUCCESS |  
2019-08-21 12:28:19,069 | INFO  | DNAudit | user=null | ip=null | op=PUT_BLOCK {blockData=[blockId=conID: 1 locID: 102654967743120002 bcsId: 0,size=3145728]} | ret=SUCCESS |  
2019-08-21 12:28:19,069 [grpc-default-executor-1] INFO  client.GrpcClientProtocolClient (GrpcClientProtocolClient.java:onNext(255)) - client-C954105195FD->270584e6-a4a8-4db5-8151-214655ce1a56: receive RaftClientReply:client-C954105195FD->270584e6-a4a8-4db5-8151-214655ce1a56@group-787F5BA3AA67, cid=2985, SUCCESS, logIndex=4481, commits[270584e6-a4a8-4db5-8151-214655ce1a56:c4482, af078b8b-61ec-497f-9506-472d46a72462:c4480, 09fb9ab4-1b8d-44c0-9f8c-50855c6f1fed:c4480]
2019-08-21 12:28:19,069 [grpc-default-executor-1] INFO  client.GrpcClientProtocolClient (GrpcClientProtocolClient.java:onNext(255)) - client-C954105195FD->270584e6-a4a8-4db5-8151-214655ce1a56: receive RaftClientReply:client-C954105195FD->270584e6-a4a8-4db5-8151-214655ce1a56@group-787F5BA3AA67, cid=2986, SUCCESS, logIndex=4482, commits[270584e6-a4a8-4db5-8151-214655ce1a56:c4482, af078b8b-61ec-497f-9506-472d46a72462:c4480, 09fb9ab4-1b8d-44c0-9f8c-50855c6f1fed:c4480]
2019-08-21 12:28:19,077 | INFO  | DNAudit | user=null | ip=null | op=WRITE_CHUNK {blockData=conID: 1 locID: 102654967743120002 bcsId: 4482} | ret=SUCCESS |  
2019-08-21 12:28:19,080 | INFO  | DNAudit | user=null | ip=null | op=WRITE_CHUNK {blockData=conID: 1 locID: 102654967743120002 bcsId: 4482} | ret=SUCCESS |  
2019-08-21 12:28:19,080 | INFO  | DNAudit | user=null | ip=null | op=WRITE_CHUNK {blockData=conID: 1 locID: 102654967743120002 bcsId: 4482} | ret=SUCCESS |  
2019-08-21 12:28:19,081 | INFO  | DNAudit | user=null | ip=null | op=WRITE_CHUNK {blockData=conID: 1 locID: 102654967743120002 bcsId: 4477} | ret=SUCCESS |  
2019-08-21 12:28:19,081 | INFO  | DNAudit | user=null | ip=null | op=WRITE_CHUNK {blockData=conID: 1 locID: 102654967743120002 bcsId: 4477} | ret=SUCCESS |  
2019-08-21 12:28:19,092 | INFO  | DNAudit | user=null | ip=null | op=PUT_BLOCK {blockData=[blockId=conID: 1 locID: 102654967743120002 bcsId: 0,size=3145728]} | ret=SUCCESS |  
2019-08-21 12:28:19,092 | INFO  | DNAudit | user=null | ip=null | op=PUT_BLOCK {blockData=[blockId=conID: 1 locID: 102654967743120002 bcsId: 0,size=3145728]} | ret=SUCCESS |  
2019-08-21 12:28:19,092 | INFO  | DNAudit | user=null | ip=null | op=WRITE_CHUNK {blockData=conID: 1 locID: 102654967743120002 bcsId: 4482} | ret=SUCCESS |  
2019-08-21 12:28:19,093 | INFO  | DNAudit | user=null | ip=null | op=PUT_BLOCK {blockData=[blockId=conID: 1 locID: 102654967743120002 bcsId: 0,size=4194304]} | ret=SUCCESS |  
2019-08-21 12:28:19,093 [grpc-default-executor-4] INFO  client.GrpcClientProtocolClient (GrpcClientProtocolClient.java:onNext(255)) - client-C954105195FD->270584e6-a4a8-4db5-8151-214655ce1a56: receive RaftClientReply:client-C954105195FD->270584e6-a4a8-4db5-8151-214655ce1a56@group-787F5BA3AA67, cid=2987, SUCCESS, logIndex=4485, commits[270584e6-a4a8-4db5-8151-214655ce1a56:c4486, af078b8b-61ec-497f-9506-472d46a72462:c4482, 09fb9ab4-1b8d-44c0-9f8c-50855c6f1fed:c4482]
2019-08-21 12:28:19,094 [grpc-default-executor-4] INFO  client.GrpcClientProtocolClient (GrpcClientProtocolClient.java:onNext(255)) - client-C954105195FD->270584e6-a4a8-4db5-8151-214655ce1a56: receive RaftClientReply:client-C954105195FD->270584e6-a4a8-4db5-8151-214655ce1a56@group-787F5BA3AA67, cid=2988, SUCCESS, logIndex=4486, commits[270584e6-a4a8-4db5-8151-214655ce1a56:c4486, af078b8b-61ec-497f-9506-472d46a72462:c4482, 09fb9ab4-1b8d-44c0-9f8c-50855c6f1fed:c4482]
2019-08-21 12:28:19,104 | INFO  | DNAudit | user=null | ip=null | op=WRITE_CHUNK {blockData=conID: 1 locID: 102654967743120002 bcsId: 4482} | ret=SUCCESS |  
2019-08-21 12:28:19,104 | INFO  | DNAudit | user=null | ip=null | op=WRITE_CHUNK {blockData=conID: 1 locID: 102654967743120002 bcsId: 4482} | ret=SUCCESS |  
2019-08-21 12:28:19,104 | INFO  | DNAudit | user=null | ip=null | op=PUT_BLOCK {blockData=[blockId=conID: 1 locID: 102654967743120002 bcsId: 0,size=4194304]} | ret=SUCCESS |  
2019-08-21 12:28:19,109 | INFO  | DNAudit | user=null | ip=null | op=PUT_BLOCK {blockData=[blockId=conID: 1 locID: 102654967743120002 bcsId: 0,size=4194304]} | ret=SUCCESS |  
2019-08-21 12:28:19,109 [grpc-default-executor-4] INFO  client.GrpcClientProtocolClient (GrpcClientProtocolClient.java:onNext(255)) - client-C954105195FD->270584e6-a4a8-4db5-8151-214655ce1a56: receive RaftClientReply:client-C954105195FD->270584e6-a4a8-4db5-8151-214655ce1a56@group-787F5BA3AA67, cid=2989, SUCCESS, logIndex=0, commits[270584e6-a4a8-4db5-8151-214655ce1a56:c4487, af078b8b-61ec-497f-9506-472d46a72462:c4486, 09fb9ab4-1b8d-44c0-9f8c-50855c6f1fed:c4486]
2019-08-21 12:28:19,117 | INFO  | SCMAudit | user=jenkins1000 | ip=192.168.34.23 | op=ALLOCATE_BLOCK {owner=b79f83c9-5f7d-4caf-af30-78af34bc5eea, size=4194304, type=RATIS, factor=THREE} | ret=SUCCESS |  
2019-08-21 12:28:19,122 | INFO  | OMAudit | user=jenkins1000 | ip=127.0.0.1 | op=ALLOCATE_BLOCK {volume=vol-0-06517, bucket=bucket-0-64549, key=key-0-34512, dataSize=0, replicationType=null, replicationFactor=null, keyLocationInfo=null, clientID=102654965997830546} | ret=SUCCESS |  
2019-08-21 12:28:19,133 | INFO  | DNAudit | user=null | ip=null | op=WRITE_CHUNK {blockData=conID: 2 locID: 102654967750132355 bcsId: 0} | ret=SUCCESS |  
2019-08-21 12:28:19,137 | INFO  | DNAudit | user=null | ip=null | op=WRITE_CHUNK {blockData=conID: 2 locID: 102654967750132355 bcsId: 0} | ret=SUCCESS |  
2019-08-21 12:28:19,138 | INFO  | DNAudit | user=null | ip=null | op=WRITE_CHUNK {blockData=conID: 2 locID: 102654967750132355 bcsId: 0} | ret=SUCCESS |  
2019-08-21 12:28:19,139 | INFO  | DNAudit | user=null | ip=null | op=WRITE_CHUNK {blockData=conID: 2 locID: 102654967750132355 bcsId: 0} | ret=SUCCESS |  
2019-08-21 12:28:19,141 | INFO  | DNAudit | user=null | ip=null | op=WRITE_CHUNK {blockData=conID: 2 locID: 102654967750132355 bcsId: 0} | ret=SUCCESS |  
2019-08-21 12:28:19,142 | INFO  | DNAudit | user=null | ip=null | op=WRITE_CHUNK {blockData=conID: 2 locID: 102654967750132355 bcsId: 0} | ret=SUCCESS |  
2019-08-21 12:28:19,147 | INFO  | DNAudit | user=null | ip=null | op=WRITE_CHUNK {blockData=conID: 2 locID: 102654967750132355 bcsId: 0} | ret=SUCCESS |  
2019-08-21 12:28:19,147 | INFO  | DNAudit | user=null | ip=null | op=PUT_BLOCK {blockData=[blockId=conID: 2 locID: 102654967750132355 bcsId: 0,size=1048576]} | ret=SUCCESS |  
2019-08-21 12:28:19,147 [grpc-default-executor-2] INFO  client.GrpcClientProtocolClient (GrpcClientProtocolClient.java:onNext(255)) - client-C954105195FD->270584e6-a4a8-4db5-8151-214655ce1a56: receive RaftClientReply:client-C954105195FD->270584e6-a4a8-4db5-8151-214655ce1a56@group-787F5BA3AA67, cid=2990, SUCCESS, logIndex=4489, commits[270584e6-a4a8-4db5-8151-214655ce1a56:c4490, af078b8b-61ec-497f-9506-472d46a72462:c4488, 09fb9ab4-1b8d-44c0-9f8c-50855c6f1fed:c4488]
2019-08-21 12:28:19,148 [grpc-default-executor-2] INFO  client.GrpcClientProtocolClient (GrpcClientProtocolClient.java:onNext(255)) - client-C954105195FD->270584e6-a4a8-4db5-8151-214655ce1a56: receive RaftClientReply:client-C954105195FD->270584e6-a4a8-4db5-8151-214655ce1a56@group-787F5BA3AA67, cid=2991, SUCCESS, logIndex=4490, commits[270584e6-a4a8-4db5-8151-214655ce1a56:c4490, af078b8b-61ec-497f-9506-472d46a72462:c4488, 09fb9ab4-1b8d-44c0-9f8c-50855c6f1fed:c4488]
2019-08-21 12:28:19,149 | INFO  | DNAudit | user=null | ip=null | op=WRITE_CHUNK {blockData=conID: 2 locID: 102654967750132355 bcsId: 0} | ret=SUCCESS |  
2019-08-21 12:28:19,149 | INFO  | DNAudit | user=null | ip=null | op=PUT_BLOCK {blockData=[blockId=conID: 2 locID: 102654967750132355 bcsId: 0,size=2097152]} | ret=SUCCESS |  
2019-08-21 12:28:19,149 [grpc-default-executor-4] INFO  client.GrpcClientProtocolClient (GrpcClientProtocolClient.java:onNext(255)) - client-C954105195FD->270584e6-a4a8-4db5-8151-214655ce1a56: receive RaftClientReply:client-C954105195FD->270584e6-a4a8-4db5-8151-214655ce1a56@group-787F5BA3AA67, cid=2992, SUCCESS, logIndex=4491, commits[270584e6-a4a8-4db5-8151-214655ce1a56:c4492, af078b8b-61ec-497f-9506-472d46a72462:c4488, 09fb9ab4-1b8d-44c0-9f8c-50855c6f1fed:c4488]
2019-08-21 12:28:19,150 [grpc-default-executor-4] INFO  client.GrpcClientProtocolClient (GrpcClientProtocolClient.java:onNext(255)) - client-C954105195FD->270584e6-a4a8-4db5-8151-214655ce1a56: receive RaftClientReply:client-C954105195FD->270584e6-a4a8-4db5-8151-214655ce1a56@group-787F5BA3AA67, cid=2993, SUCCESS, logIndex=4492, commits[270584e6-a4a8-4db5-8151-214655ce1a56:c4492, af078b8b-61ec-497f-9506-472d46a72462:c4488, 09fb9ab4-1b8d-44c0-9f8c-50855c6f1fed:c4488]
2019-08-21 12:28:19,161 | INFO  | DNAudit | user=null | ip=null | op=WRITE_CHUNK {blockData=conID: 2 locID: 102654967750132355 bcsId: 0} | ret=SUCCESS |  
2019-08-21 12:28:19,162 | INFO  | DNAudit | user=null | ip=null | op=WRITE_CHUNK {blockData=conID: 2 locID: 102654967750132355 bcsId: 0} | ret=SUCCESS |  
2019-08-21 12:28:19,162 | INFO  | DNAudit | user=null | ip=null | op=PUT_BLOCK {blockData=[blockId=conID: 2 locID: 102654967750132355 bcsId: 0,size=1048576]} | ret=SUCCESS |  
2019-08-21 12:28:19,162 | INFO  | DNAudit | user=null | ip=null | op=PUT_BLOCK {blockData=[blockId=conID: 2 locID: 102654967750132355 bcsId: 0,size=1048576]} | ret=SUCCESS |  
2019-08-21 12:28:19,163 [grpc-default-executor-4] INFO  client.GrpcClientProtocolClient (GrpcClientProtocolClient.java:onNext(255)) - client-C954105195FD->270584e6-a4a8-4db5-8151-214655ce1a56: receive RaftClientReply:client-C954105195FD->270584e6-a4a8-4db5-8151-214655ce1a56@group-787F5BA3AA67, cid=2994, SUCCESS, logIndex=0, commits[270584e6-a4a8-4db5-8151-214655ce1a56:c4493, af078b8b-61ec-497f-9506-472d46a72462:c4490, 09fb9ab4-1b8d-44c0-9f8c-50855c6f1fed:c4490]
2019-08-21 12:28:19,171 | INFO  | DNAudit | user=null | ip=null | op=WRITE_CHUNK {blockData=conID: 2 locID: 102654967750132355 bcsId: 4492} | ret=SUCCESS |  
2019-08-21 12:28:19,173 | INFO  | DNAudit | user=null | ip=null | op=WRITE_CHUNK {blockData=conID: 2 locID: 102654967750132355 bcsId: 4492} | ret=SUCCESS |  
2019-08-21 12:28:19,174 | INFO  | DNAudit | user=null | ip=null | op=WRITE_CHUNK {blockData=conID: 2 locID: 102654967750132355 bcsId: 4492} | ret=SUCCESS |  
2019-08-21 12:28:19,174 | INFO  | DNAudit | user=null | ip=null | op=WRITE_CHUNK {blockData=conID: 2 locID: 102654967750132355 bcsId: 0} | ret=SUCCESS |  
2019-08-21 12:28:19,174 | INFO  | DNAudit | user=null | ip=null | op=WRITE_CHUNK {blockData=conID: 2 locID: 102654967750132355 bcsId: 0} | ret=SUCCESS |  
2019-08-21 12:28:19,174 | INFO  | DNAudit | user=null | ip=null | op=PUT_BLOCK {blockData=[blockId=conID: 2 locID: 102654967750132355 bcsId: 0,size=2097152]} | ret=SUCCESS |  
2019-08-21 12:28:19,175 | INFO  | DNAudit | user=null | ip=null | op=PUT_BLOCK {blockData=[blockId=conID: 2 locID: 102654967750132355 bcsId: 0,size=2097152]} | ret=SUCCESS |  
2019-08-21 12:28:19,188 | INFO  | DNAudit | user=null | ip=null | op=WRITE_CHUNK {blockData=conID: 2 locID: 102654967750132355 bcsId: 4492} | ret=SUCCESS |  
2019-08-21 12:28:19,188 | INFO  | DNAudit | user=null | ip=null | op=PUT_BLOCK {blockData=[blockId=conID: 2 locID: 102654967750132355 bcsId: 0,size=3145728]} | ret=SUCCESS |  
2019-08-21 12:28:19,189 | INFO  | SCMAudit | user=jenkins1000 | ip=192.168.34.23 | op=SEND_HEARTBEAT {datanodeUUID=39ae8c09-9b4b-4ddc-906b-4e52d104e1b1, command=[]} | ret=SUCCESS |  
2019-08-21 12:28:19,189 | INFO  | SCMAudit | user=jenkins1000 | ip=192.168.34.23 | op=SEND_HEARTBEAT {datanodeUUID=0aa4def6-fe9f-4182-b0b1-80406548816f, command=[]} | ret=SUCCESS |  
2019-08-21 12:28:19,189 [grpc-default-executor-2] INFO  client.GrpcClientProtocolClient (GrpcClientProtocolClient.java:onNext(255)) - client-C954105195FD->270584e6-a4a8-4db5-8151-214655ce1a56: receive RaftClientReply:client-C954105195FD->270584e6-a4a8-4db5-8151-214655ce1a56@group-787F5BA3AA67, cid=2995, SUCCESS, logIndex=4497, commits[270584e6-a4a8-4db5-8151-214655ce1a56:c4498, af078b8b-61ec-497f-9506-472d46a72462:c4493, 09fb9ab4-1b8d-44c0-9f8c-50855c6f1fed:c4493]
2019-08-21 12:28:19,190 [grpc-default-executor-2] INFO  client.GrpcClientProtocolClient (GrpcClientProtocolClient.java:onNext(255)) - client-C954105195FD->270584e6-a4a8-4db5-8151-214655ce1a56: receive RaftClientReply:client-C954105195FD->270584e6-a4a8-4db5-8151-214655ce1a56@group-787F5BA3AA67, cid=2996, SUCCESS, logIndex=4498, commits[270584e6-a4a8-4db5-8151-214655ce1a56:c4498, af078b8b-61ec-497f-9506-472d46a72462:c4493, 09fb9ab4-1b8d-44c0-9f8c-50855c6f1fed:c4493]
2019-08-21 12:28:19,198 | INFO  | DNAudit | user=null | ip=null | op=WRITE_CHUNK {blockData=conID: 2 locID: 102654967750132355 bcsId: 4498} | ret=SUCCESS |  
2019-08-21 12:28:19,201 | INFO  | DNAudit | user=null | ip=null | op=WRITE_CHUNK {blockData=conID: 2 locID: 102654967750132355 bcsId: 4492} | ret=SUCCESS |  
2019-08-21 12:28:19,201 | INFO  | DNAudit | user=null | ip=null | op=WRITE_CHUNK {blockData=conID: 2 locID: 102654967750132355 bcsId: 4498} | ret=SUCCESS |  
2019-08-21 12:28:19,201 | INFO  | DNAudit | user=null | ip=null | op=WRITE_CHUNK {blockData=conID: 2 locID: 102654967750132355 bcsId: 4492} | ret=SUCCESS |  
2019-08-21 12:28:19,201 | INFO  | DNAudit | user=null | ip=null | op=WRITE_CHUNK {blockData=conID: 2 locID: 102654967750132355 bcsId: 4498} | ret=SUCCESS |  
2019-08-21 12:28:19,201 | INFO  | DNAudit | user=null | ip=null | op=PUT_BLOCK {blockData=[blockId=conID: 2 locID: 102654967750132355 bcsId: 0,size=3145728]} | ret=SUCCESS |  
2019-08-21 12:28:19,202 | INFO  | DNAudit | user=null | ip=null | op=PUT_BLOCK {blockData=[blockId=conID: 2 locID: 102654967750132355 bcsId: 0,size=3145728]} | ret=SUCCESS |  
2019-08-21 12:28:19,216 | INFO  | DNAudit | user=null | ip=null | op=WRITE_CHUNK {blockData=conID: 2 locID: 102654967750132355 bcsId: 4498} | ret=SUCCESS |  
2019-08-21 12:28:19,216 | INFO  | DNAudit | user=null | ip=null | op=PUT_BLOCK {blockData=[blockId=conID: 2 locID: 102654967750132355 bcsId: 0,size=4194304]} | ret=SUCCESS |  
2019-08-21 12:28:19,216 [grpc-default-executor-2] INFO  client.GrpcClientProtocolClient (GrpcClientProtocolClient.java:onNext(255)) - client-C954105195FD->270584e6-a4a8-4db5-8151-214655ce1a56: receive RaftClientReply:client-C954105195FD->270584e6-a4a8-4db5-8151-214655ce1a56@group-787F5BA3AA67, cid=2997, SUCCESS, logIndex=4501, commits[270584e6-a4a8-4db5-8151-214655ce1a56:c4502, af078b8b-61ec-497f-9506-472d46a72462:c4498, 09fb9ab4-1b8d-44c0-9f8c-50855c6f1fed:c4498]
2019-08-21 12:28:19,217 [grpc-default-executor-2] INFO  client.GrpcClientProtocolClient (GrpcClientProtocolClient.java:onNext(255)) - client-C954105195FD->270584e6-a4a8-4db5-8151-214655ce1a56: receive RaftClientReply:client-C954105195FD->270584e6-a4a8-4db5-8151-214655ce1a56@group-787F5BA3AA67, cid=2998, SUCCESS, logIndex=4502, commits[270584e6-a4a8-4db5-8151-214655ce1a56:c4502, af078b8b-61ec-497f-9506-472d46a72462:c4498, 09fb9ab4-1b8d-44c0-9f8c-50855c6f1fed:c4498]
2019-08-21 12:28:19,219 | INFO  | DNAudit | user=null | ip=null | op=WRITE_CHUNK {blockData=conID: 2 locID: 102654967750132355 bcsId: 4498} | ret=SUCCESS |  
2019-08-21 12:28:19,219 | INFO  | DNAudit | user=null | ip=null | op=WRITE_CHUNK {blockData=conID: 2 locID: 102654967750132355 bcsId: 4498} | ret=SUCCESS |  
2019-08-21 12:28:19,219 | INFO  | DNAudit | user=null | ip=null | op=PUT_BLOCK {blockData=[blockId=conID: 2 locID: 102654967750132355 bcsId: 0,size=4194304]} | ret=SUCCESS |  
2019-08-21 12:28:19,220 | INFO  | DNAudit | user=null | ip=null | op=PUT_BLOCK {blockData=[blockId=conID: 2 locID: 102654967750132355 bcsId: 0,size=4194304]} | ret=SUCCESS |  
2019-08-21 12:28:19,220 [grpc-default-executor-2] INFO  client.GrpcClientProtocolClient (GrpcClientProtocolClient.java:onNext(255)) - client-C954105195FD->270584e6-a4a8-4db5-8151-214655ce1a56: receive RaftClientReply:client-C954105195FD->270584e6-a4a8-4db5-8151-214655ce1a56@group-787F5BA3AA67, cid=2999, SUCCESS, logIndex=0, commits[270584e6-a4a8-4db5-8151-214655ce1a56:c4503, af078b8b-61ec-497f-9506-472d46a72462:c4502, 09fb9ab4-1b8d-44c0-9f8c-50855c6f1fed:c4502]
2019-08-21 12:28:19,228 | INFO  | SCMAudit | user=jenkins1000 | ip=192.168.34.23 | op=ALLOCATE_BLOCK {owner=b79f83c9-5f7d-4caf-af30-78af34bc5eea, size=4194304, type=RATIS, factor=THREE} | ret=SUCCESS |  
2019-08-21 12:28:19,233 | INFO  | OMAudit | user=jenkins1000 | ip=127.0.0.1 | op=ALLOCATE_BLOCK {volume=vol-0-06517, bucket=bucket-0-64549, key=key-0-34512, dataSize=0, replicationType=null, replicationFactor=null, keyLocationInfo=null, clientID=102654965997830546} | ret=SUCCESS |  
2019-08-21 12:28:19,242 | INFO  | DNAudit | user=null | ip=null | op=WRITE_CHUNK {blockData=conID: 3 locID: 102654967757406852 bcsId: 0} | ret=SUCCESS |  
2019-08-21 12:28:19,245 | INFO  | DNAudit | user=null | ip=null | op=WRITE_CHUNK {blockData=conID: 3 locID: 102654967757406852 bcsId: 0} | ret=SUCCESS |  
2019-08-21 12:28:19,245 | INFO  | DNAudit | user=null | ip=null | op=WRITE_CHUNK {blockData=conID: 3 locID: 102654967757406852 bcsId: 0} | ret=SUCCESS |  
2019-08-21 12:28:19,246 | INFO  | DNAudit | user=null | ip=null | op=WRITE_CHUNK {blockData=conID: 3 locID: 102654967757406852 bcsId: 0} | ret=SUCCESS |  
2019-08-21 12:28:19,247 | INFO  | DNAudit | user=null | ip=null | op=WRITE_CHUNK {blockData=conID: 3 locID: 102654967757406852 bcsId: 0} | ret=SUCCESS |  
2019-08-21 12:28:19,248 | INFO  | DNAudit | user=null | ip=null | op=WRITE_CHUNK {blockData=conID: 3 locID: 102654967757406852 bcsId: 0} | ret=SUCCESS |  
2019-08-21 12:28:19,249 | INFO  | DNAudit | user=null | ip=null | op=PUT_BLOCK {blockData=[blockId=conID: 3 locID: 102654967757406852 bcsId: 0,size=1048576]} | ret=SUCCESS |  
2019-08-21 12:28:19,249 [grpc-default-executor-4] INFO  client.GrpcClientProtocolClient (GrpcClientProtocolClient.java:onNext(255)) - client-C954105195FD->270584e6-a4a8-4db5-8151-214655ce1a56: receive RaftClientReply:client-C954105195FD->270584e6-a4a8-4db5-8151-214655ce1a56@group-787F5BA3AA67, cid=3000, SUCCESS, logIndex=4505, commits[270584e6-a4a8-4db5-8151-214655ce1a56:c4506, af078b8b-61ec-497f-9506-472d46a72462:c4504, 09fb9ab4-1b8d-44c0-9f8c-50855c6f1fed:c4502]
2019-08-21 12:28:19,249 | INFO  | DNAudit | user=null | ip=null | op=WRITE_CHUNK {blockData=conID: 3 locID: 102654967757406852 bcsId: 0} | ret=SUCCESS |  
2019-08-21 12:28:19,249 [grpc-default-executor-4] INFO  client.GrpcClientProtocolClient (GrpcClientProtocolClient.java:onNext(255)) - client-C954105195FD->270584e6-a4a8-4db5-8151-214655ce1a56: receive RaftClientReply:client-C954105195FD->270584e6-a4a8-4db5-8151-214655ce1a56@group-787F5BA3AA67, cid=3001, SUCCESS, logIndex=4506, commits[270584e6-a4a8-4db5-8151-214655ce1a56:c4506, af078b8b-61ec-497f-9506-472d46a72462:c4504, 09fb9ab4-1b8d-44c0-9f8c-50855c6f1fed:c4504]
2019-08-21 12:28:19,250 | INFO  | DNAudit | user=null | ip=null | op=WRITE_CHUNK {blockData=conID: 3 locID: 102654967757406852 bcsId: 0} | ret=SUCCESS |  
2019-08-21 12:28:19,250 | INFO  | DNAudit | user=null | ip=null | op=WRITE_CHUNK {blockData=conID: 3 locID: 102654967757406852 bcsId: 0} | ret=SUCCESS |  
2019-08-21 12:28:19,251 | INFO  | DNAudit | user=null | ip=null | op=PUT_BLOCK {blockData=[blockId=conID: 3 locID: 102654967757406852 bcsId: 0,size=1048576]} | ret=SUCCESS |  
2019-08-21 12:28:19,251 | INFO  | DNAudit | user=null | ip=null | op=PUT_BLOCK {blockData=[blockId=conID: 3 locID: 102654967757406852 bcsId: 0,size=2097152]} | ret=SUCCESS |  
2019-08-21 12:28:19,251 [grpc-default-executor-2] INFO  client.GrpcClientProtocolClient (GrpcClientProtocolClient.java:onNext(255)) - client-C954105195FD->270584e6-a4a8-4db5-8151-214655ce1a56: receive RaftClientReply:client-C954105195FD->270584e6-a4a8-4db5-8151-214655ce1a56@group-787F5BA3AA67, cid=3002, SUCCESS, logIndex=4507, commits[270584e6-a4a8-4db5-8151-214655ce1a56:c4509, af078b8b-61ec-497f-9506-472d46a72462:c4506, 09fb9ab4-1b8d-44c0-9f8c-50855c6f1fed:c4504]
2019-08-21 12:28:19,252 | INFO  | DNAudit | user=null | ip=null | op=WRITE_CHUNK {blockData=conID: 3 locID: 102654967757406852 bcsId: 0} | ret=SUCCESS |  
2019-08-21 12:28:19,252 | INFO  | DNAudit | user=null | ip=null | op=PUT_BLOCK {blockData=[blockId=conID: 3 locID: 102654967757406852 bcsId: 0,size=1048576]} | ret=SUCCESS |  
2019-08-21 12:28:19,252 [grpc-default-executor-2] INFO  client.GrpcClientProtocolClient (GrpcClientProtocolClient.java:onNext(255)) - client-C954105195FD->270584e6-a4a8-4db5-8151-214655ce1a56: receive RaftClientReply:client-C954105195FD->270584e6-a4a8-4db5-8151-214655ce1a56@group-787F5BA3AA67, cid=3003, SUCCESS, logIndex=4508, commits[270584e6-a4a8-4db5-8151-214655ce1a56:c4510, af078b8b-61ec-497f-9506-472d46a72462:c4506, 09fb9ab4-1b8d-44c0-9f8c-50855c6f1fed:c4504]
2019-08-21 12:28:19,253 | INFO  | DNAudit | user=null | ip=null | op=WRITE_CHUNK {blockData=conID: 3 locID: 102654967757406852 bcsId: 0} | ret=SUCCESS |  
2019-08-21 12:28:19,253 | INFO  | DNAudit | user=null | ip=null | op=PUT_BLOCK {blockData=[blockId=conID: 3 locID: 102654967757406852 bcsId: 0,size=2097152]} | ret=SUCCESS |  
2019-08-21 12:28:19,253 [grpc-default-executor-2] INFO  client.GrpcClientProtocolClient (GrpcClientProtocolClient.java:onNext(255)) - client-C954105195FD->270584e6-a4a8-4db5-8151-214655ce1a56: receive RaftClientReply:client-C954105195FD->270584e6-a4a8-4db5-8151-214655ce1a56@group-787F5BA3AA67, cid=3004, SUCCESS, logIndex=0, commits[270584e6-a4a8-4db5-8151-214655ce1a56:c4510, af078b8b-61ec-497f-9506-472d46a72462:c4506, 09fb9ab4-1b8d-44c0-9f8c-50855c6f1fed:c4506]
2019-08-21 12:28:19,254 | INFO  | DNAudit | user=null | ip=null | op=WRITE_CHUNK {blockData=conID: 3 locID: 102654967757406852 bcsId: 0} | ret=SUCCESS |  
2019-08-21 12:28:19,255 | INFO  | DNAudit | user=null | ip=null | op=PUT_BLOCK {blockData=[blockId=conID: 3 locID: 102654967757406852 bcsId: 0,size=2097152]} | ret=SUCCESS |  
2019-08-21 12:28:19,262 | INFO  | DNAudit | user=null | ip=null | op=WRITE_CHUNK {blockData=conID: 3 locID: 102654967757406852 bcsId: 4508} | ret=SUCCESS |  
2019-08-21 12:28:19,264 | INFO  | DNAudit | user=null | ip=null | op=WRITE_CHUNK {blockData=conID: 3 locID: 102654967757406852 bcsId: 4508} | ret=SUCCESS |  
2019-08-21 12:28:19,264 | INFO  | DNAudit | user=null | ip=null | op=WRITE_CHUNK {blockData=conID: 3 locID: 102654967757406852 bcsId: 4508} | ret=SUCCESS |  
2019-08-21 12:28:19,281 | INFO  | DNAudit | user=null | ip=null | op=WRITE_CHUNK {blockData=conID: 3 locID: 102654967757406852 bcsId: 4508} | ret=SUCCESS |  
2019-08-21 12:28:19,282 | INFO  | DNAudit | user=null | ip=null | op=PUT_BLOCK {blockData=[blockId=conID: 3 locID: 102654967757406852 bcsId: 0,size=3145728]} | ret=SUCCESS |  
2019-08-21 12:28:19,282 [grpc-default-executor-4] INFO  client.GrpcClientProtocolClient (GrpcClientProtocolClient.java:onNext(255)) - client-C954105195FD->270584e6-a4a8-4db5-8151-214655ce1a56: receive RaftClientReply:client-C954105195FD->270584e6-a4a8-4db5-8151-214655ce1a56@group-787F5BA3AA67, cid=3005, SUCCESS, logIndex=4513, commits[270584e6-a4a8-4db5-8151-214655ce1a56:c4514, af078b8b-61ec-497f-9506-472d46a72462:c4512, 09fb9ab4-1b8d-44c0-9f8c-50855c6f1fed:c4512]
2019-08-21 12:28:19,282 [grpc-default-executor-4] INFO  client.GrpcClientProtocolClient (GrpcClientProtocolClient.java:onNext(255)) - client-C954105195FD->270584e6-a4a8-4db5-8151-214655ce1a56: receive RaftClientReply:client-C954105195FD->270584e6-a4a8-4db5-8151-214655ce1a56@group-787F5BA3AA67, cid=3006, SUCCESS, logIndex=4514, commits[270584e6-a4a8-4db5-8151-214655ce1a56:c4514, af078b8b-61ec-497f-9506-472d46a72462:c4512, 09fb9ab4-1b8d-44c0-9f8c-50855c6f1fed:c4512]
2019-08-21 12:28:19,288 | INFO  | DNAudit | user=null | ip=null | op=WRITE_CHUNK {blockData=conID: 3 locID: 102654967757406852 bcsId: 4508} | ret=SUCCESS |  
2019-08-21 12:28:19,288 | INFO  | DNAudit | user=null | ip=null | op=PUT_BLOCK {blockData=[blockId=conID: 3 locID: 102654967757406852 bcsId: 0,size=3145728]} | ret=SUCCESS |  
2019-08-21 12:28:19,289 | INFO  | DNAudit | user=null | ip=null | op=WRITE_CHUNK {blockData=conID: 3 locID: 102654967757406852 bcsId: 4508} | ret=SUCCESS |  
2019-08-21 12:28:19,289 | INFO  | DNAudit | user=null | ip=null | op=PUT_BLOCK {blockData=[blockId=conID: 3 locID: 102654967757406852 bcsId: 0,size=3145728]} | ret=SUCCESS |  
2019-08-21 12:28:19,292 | INFO  | DNAudit | user=null | ip=null | op=WRITE_CHUNK {blockData=conID: 3 locID: 102654967757406852 bcsId: 4514} | ret=SUCCESS |  
2019-08-21 12:28:19,295 | INFO  | DNAudit | user=null | ip=null | op=WRITE_CHUNK {blockData=conID: 3 locID: 102654967757406852 bcsId: 4514} | ret=SUCCESS |  
2019-08-21 12:28:19,298 | INFO  | DNAudit | user=null | ip=null | op=WRITE_CHUNK {blockData=conID: 3 locID: 102654967757406852 bcsId: 4514} | ret=SUCCESS |  
2019-08-21 12:28:19,305 | INFO  | DNAudit | user=null | ip=null | op=WRITE_CHUNK {blockData=conID: 3 locID: 102654967757406852 bcsId: 4514} | ret=SUCCESS |  
2019-08-21 12:28:19,306 | INFO  | DNAudit | user=null | ip=null | op=PUT_BLOCK {blockData=[blockId=conID: 3 locID: 102654967757406852 bcsId: 0,size=4194304]} | ret=SUCCESS |  
2019-08-21 12:28:19,306 [grpc-default-executor-4] INFO  client.GrpcClientProtocolClient (GrpcClientProtocolClient.java:onNext(255)) - client-C954105195FD->270584e6-a4a8-4db5-8151-214655ce1a56: receive RaftClientReply:client-C954105195FD->270584e6-a4a8-4db5-8151-214655ce1a56@group-787F5BA3AA67, cid=3007, SUCCESS, logIndex=4517, commits[270584e6-a4a8-4db5-8151-214655ce1a56:c4518, af078b8b-61ec-497f-9506-472d46a72462:c4515, 09fb9ab4-1b8d-44c0-9f8c-50855c6f1fed:c4515]
2019-08-21 12:28:19,307 [grpc-default-executor-4] INFO  client.GrpcClientProtocolClient (GrpcClientProtocolClient.java:onNext(255)) - client-C954105195FD->270584e6-a4a8-4db5-8151-214655ce1a56: receive RaftClientReply:client-C954105195FD->270584e6-a4a8-4db5-8151-214655ce1a56@group-787F5BA3AA67, cid=3008, SUCCESS, logIndex=4518, commits[270584e6-a4a8-4db5-8151-214655ce1a56:c4518, af078b8b-61ec-497f-9506-472d46a72462:c4515, 09fb9ab4-1b8d-44c0-9f8c-50855c6f1fed:c4515]
2019-08-21 12:28:19,318 | INFO  | DNAudit | user=null | ip=null | op=WRITE_CHUNK {blockData=conID: 3 locID: 102654967757406852 bcsId: 4514} | ret=SUCCESS |  
2019-08-21 12:28:19,318 | INFO  | DNAudit | user=null | ip=null | op=WRITE_CHUNK {blockData=conID: 3 locID: 102654967757406852 bcsId: 4514} | ret=SUCCESS |  
2019-08-21 12:28:19,318 | INFO  | DNAudit | user=null | ip=null | op=PUT_BLOCK {blockData=[blockId=conID: 3 locID: 102654967757406852 bcsId: 0,size=4194304]} | ret=SUCCESS |  
2019-08-21 12:28:19,318 | INFO  | DNAudit | user=null | ip=null | op=PUT_BLOCK {blockData=[blockId=conID: 3 locID: 102654967757406852 bcsId: 0,size=4194304]} | ret=SUCCESS |  
2019-08-21 12:28:19,320 [grpc-default-executor-4] INFO  client.GrpcClientProtocolClient (GrpcClientProtocolClient.java:onNext(255)) - client-C954105195FD->270584e6-a4a8-4db5-8151-214655ce1a56: receive RaftClientReply:client-C954105195FD->270584e6-a4a8-4db5-8151-214655ce1a56@group-787F5BA3AA67, cid=3009, SUCCESS, logIndex=0, commits[270584e6-a4a8-4db5-8151-214655ce1a56:c4519, af078b8b-61ec-497f-9506-472d46a72462:c4518, 09fb9ab4-1b8d-44c0-9f8c-50855c6f1fed:c4518]
2019-08-21 12:28:19,331 | INFO  | SCMAudit | user=jenkins1000 | ip=192.168.34.23 | op=ALLOCATE_BLOCK {owner=b79f83c9-5f7d-4caf-af30-78af34bc5eea, size=4194304, type=RATIS, factor=THREE} | ret=SUCCESS |  
2019-08-21 12:28:19,337 | INFO  | OMAudit | user=jenkins1000 | ip=127.0.0.1 | op=ALLOCATE_BLOCK {volume=vol-0-06517, bucket=bucket-0-64549, key=key-0-34512, dataSize=0, replicationType=null, replicationFactor=null, keyLocationInfo=null, clientID=102654965997830546} | ret=SUCCESS |  
2019-08-21 12:28:19,348 | INFO  | DNAudit | user=null | ip=null | op=WRITE_CHUNK {blockData=conID: 1 locID: 102654967764157061 bcsId: 0} | ret=SUCCESS |  
2019-08-21 12:28:19,354 | INFO  | DNAudit | user=null | ip=null | op=WRITE_CHUNK {blockData=conID: 1 locID: 102654967764157061 bcsId: 0} | ret=SUCCESS |  
2019-08-21 12:28:19,354 | INFO  | DNAudit | user=null | ip=null | op=WRITE_CHUNK {blockData=conID: 1 locID: 102654967764157061 bcsId: 0} | ret=SUCCESS |  
2019-08-21 12:28:19,355 | INFO  | DNAudit | user=null | ip=null | op=WRITE_CHUNK {blockData=conID: 1 locID: 102654967764157061 bcsId: 0} | ret=SUCCESS |  
2019-08-21 12:28:19,358 | INFO  | DNAudit | user=null | ip=null | op=WRITE_CHUNK {blockData=conID: 1 locID: 102654967764157061 bcsId: 0} | ret=SUCCESS |  
2019-08-21 12:28:19,361 | INFO  | DNAudit | user=null | ip=null | op=WRITE_CHUNK {blockData=conID: 1 locID: 102654967764157061 bcsId: 0} | ret=SUCCESS |  
2019-08-21 12:28:19,364 | INFO  | DNAudit | user=null | ip=null | op=WRITE_CHUNK {blockData=conID: 1 locID: 102654967764157061 bcsId: 0} | ret=SUCCESS |  
2019-08-21 12:28:19,365 | INFO  | DNAudit | user=null | ip=null | op=PUT_BLOCK {blockData=[blockId=conID: 1 locID: 102654967764157061 bcsId: 0,size=1048576]} | ret=SUCCESS |  
2019-08-21 12:28:19,366 [grpc-default-executor-1] INFO  client.GrpcClientProtocolClient (GrpcClientProtocolClient.java:onNext(255)) - client-C954105195FD->270584e6-a4a8-4db5-8151-214655ce1a56: receive RaftClientReply:client-C954105195FD->270584e6-a4a8-4db5-8151-214655ce1a56@group-787F5BA3AA67, cid=3010, SUCCESS, logIndex=4521, commits[270584e6-a4a8-4db5-8151-214655ce1a56:c4522, af078b8b-61ec-497f-9506-472d46a72462:c4520, 09fb9ab4-1b8d-44c0-9f8c-50855c6f1fed:c4520]
2019-08-21 12:28:19,367 [grpc-default-executor-1] INFO  client.GrpcClientProtocolClient (GrpcClientProtocolClient.java:onNext(255)) - client-C954105195FD->270584e6-a4a8-4db5-8151-214655ce1a56: receive RaftClientReply:client-C954105195FD->270584e6-a4a8-4db5-8151-214655ce1a56@group-787F5BA3AA67, cid=3011, SUCCESS, logIndex=4522, commits[270584e6-a4a8-4db5-8151-214655ce1a56:c4522, af078b8b-61ec-497f-9506-472d46a72462:c4520, 09fb9ab4-1b8d-44c0-9f8c-50855c6f1fed:c4520]
2019-08-21 12:28:19,376 | INFO  | DNAudit | user=null | ip=null | op=WRITE_CHUNK {blockData=conID: 1 locID: 102654967764157061 bcsId: 0} | ret=SUCCESS |  
2019-08-21 12:28:19,377 | INFO  | DNAudit | user=null | ip=null | op=PUT_BLOCK {blockData=[blockId=conID: 1 locID: 102654967764157061 bcsId: 0,size=2097152]} | ret=SUCCESS |  
2019-08-21 12:28:19,377 [grpc-default-executor-1] INFO  client.GrpcClientProtocolClient (GrpcClientProtocolClient.java:onNext(255)) - client-C954105195FD->270584e6-a4a8-4db5-8151-214655ce1a56: receive RaftClientReply:client-C954105195FD->270584e6-a4a8-4db5-8151-214655ce1a56@group-787F5BA3AA67, cid=3012, SUCCESS, logIndex=4523, commits[270584e6-a4a8-4db5-8151-214655ce1a56:c4524, af078b8b-61ec-497f-9506-472d46a72462:c4520, 09fb9ab4-1b8d-44c0-9f8c-50855c6f1fed:c4520]
2019-08-21 12:28:19,377 [grpc-default-executor-1] INFO  client.GrpcClientProtocolClient (GrpcClientProtocolClient.java:onNext(255)) - client-C954105195FD->270584e6-a4a8-4db5-8151-214655ce1a56: receive RaftClientReply:client-C954105195FD->270584e6-a4a8-4db5-8151-214655ce1a56@group-787F5BA3AA67, cid=3013, SUCCESS, logIndex=4524, commits[270584e6-a4a8-4db5-8151-214655ce1a56:c4524, af078b8b-61ec-497f-9506-472d46a72462:c4520, 09fb9ab4-1b8d-44c0-9f8c-50855c6f1fed:c4520]
2019-08-21 12:28:19,387 | INFO  | DNAudit | user=null | ip=null | op=WRITE_CHUNK {blockData=conID: 1 locID: 102654967764157061 bcsId: 0} | ret=SUCCESS |  
2019-08-21 12:28:19,387 | INFO  | DNAudit | user=null | ip=null | op=WRITE_CHUNK {blockData=conID: 1 locID: 102654967764157061 bcsId: 0} | ret=SUCCESS |  
2019-08-21 12:28:19,387 | INFO  | DNAudit | user=null | ip=null | op=PUT_BLOCK {blockData=[blockId=conID: 1 locID: 102654967764157061 bcsId: 0,size=1048576]} | ret=SUCCESS |  
2019-08-21 12:28:19,388 | INFO  | DNAudit | user=null | ip=null | op=PUT_BLOCK {blockData=[blockId=conID: 1 locID: 102654967764157061 bcsId: 0,size=1048576]} | ret=SUCCESS |  
2019-08-21 12:28:19,388 [grpc-default-executor-1] INFO  client.GrpcClientProtocolClient (GrpcClientProtocolClient.java:onNext(255)) - client-C954105195FD->270584e6-a4a8-4db5-8151-214655ce1a56: receive RaftClientReply:client-C954105195FD->270584e6-a4a8-4db5-8151-214655ce1a56@group-787F5BA3AA67, cid=3014, SUCCESS, logIndex=0, commits[270584e6-a4a8-4db5-8151-214655ce1a56:c4526, af078b8b-61ec-497f-9506-472d46a72462:c4522, 09fb9ab4-1b8d-44c0-9f8c-50855c6f1fed:c4522]
2019-08-21 12:28:19,397 | INFO  | DNAudit | user=null | ip=null | op=WRITE_CHUNK {blockData=conID: 1 locID: 102654967764157061 bcsId: 4524} | ret=SUCCESS |  
2019-08-21 12:28:19,400 | INFO  | DNAudit | user=null | ip=null | op=WRITE_CHUNK {blockData=conID: 1 locID: 102654967764157061 bcsId: 0} | ret=SUCCESS |  
2019-08-21 12:28:19,400 | INFO  | DNAudit | user=null | ip=null | op=WRITE_CHUNK {blockData=conID: 1 locID: 102654967764157061 bcsId: 0} | ret=SUCCESS |  
2019-08-21 12:28:19,400 | INFO  | DNAudit | user=null | ip=null | op=WRITE_CHUNK {blockData=conID: 1 locID: 102654967764157061 bcsId: 4524} | ret=SUCCESS |  
2019-08-21 12:28:19,401 | INFO  | DNAudit | user=null | ip=null | op=PUT_BLOCK {blockData=[blockId=conID: 1 locID: 102654967764157061 bcsId: 0,size=2097152]} | ret=SUCCESS |  
2019-08-21 12:28:19,401 | INFO  | DNAudit | user=null | ip=null | op=PUT_BLOCK {blockData=[blockId=conID: 1 locID: 102654967764157061 bcsId: 0,size=2097152]} | ret=SUCCESS |  
2019-08-21 12:28:19,401 | INFO  | DNAudit | user=null | ip=null | op=WRITE_CHUNK {blockData=conID: 1 locID: 102654967764157061 bcsId: 4524} | ret=SUCCESS |  
2019-08-21 12:28:19,412 | INFO  | DNAudit | user=null | ip=null | op=WRITE_CHUNK {blockData=conID: 1 locID: 102654967764157061 bcsId: 4524} | ret=SUCCESS |  
2019-08-21 12:28:19,413 | INFO  | DNAudit | user=null | ip=null | op=PUT_BLOCK {blockData=[blockId=conID: 1 locID: 102654967764157061 bcsId: 0,size=3145728]} | ret=SUCCESS |  
2019-08-21 12:28:19,413 [grpc-default-executor-2] INFO  client.GrpcClientProtocolClient (GrpcClientProtocolClient.java:onNext(255)) - client-C954105195FD->270584e6-a4a8-4db5-8151-214655ce1a56: receive RaftClientReply:client-C954105195FD->270584e6-a4a8-4db5-8151-214655ce1a56@group-787F5BA3AA67, cid=3015, SUCCESS, logIndex=4529, commits[270584e6-a4a8-4db5-8151-214655ce1a56:c4530, af078b8b-61ec-497f-9506-472d46a72462:c4526, 09fb9ab4-1b8d-44c0-9f8c-50855c6f1fed:c4524]
2019-08-21 12:28:19,414 [grpc-default-executor-2] INFO  client.GrpcClientProtocolClient (GrpcClientProtocolClient.java:onNext(255)) - client-C954105195FD->270584e6-a4a8-4db5-8151-214655ce1a56: receive RaftClientReply:client-C954105195FD->270584e6-a4a8-4db5-8151-214655ce1a56@group-787F5BA3AA67, cid=3016, SUCCESS, logIndex=4530, commits[270584e6-a4a8-4db5-8151-214655ce1a56:c4530, af078b8b-61ec-497f-9506-472d46a72462:c4526, 09fb9ab4-1b8d-44c0-9f8c-50855c6f1fed:c4526]
2019-08-21 12:28:19,422 | INFO  | DNAudit | user=null | ip=null | op=WRITE_CHUNK {blockData=conID: 1 locID: 102654967764157061 bcsId: 4530} | ret=SUCCESS |  
2019-08-21 12:28:19,425 | INFO  | DNAudit | user=null | ip=null | op=WRITE_CHUNK {blockData=conID: 1 locID: 102654967764157061 bcsId: 4524} | ret=SUCCESS |  
2019-08-21 12:28:19,425 | INFO  | DNAudit | user=null | ip=null | op=WRITE_CHUNK {blockData=conID: 1 locID: 102654967764157061 bcsId: 4524} | ret=SUCCESS |  
2019-08-21 12:28:19,425 | INFO  | DNAudit | user=null | ip=null | op=PUT_BLOCK {blockData=[blockId=conID: 1 locID: 102654967764157061 bcsId: 0,size=3145728]} | ret=SUCCESS |  
2019-08-21 12:28:19,425 | INFO  | DNAudit | user=null | ip=null | op=PUT_BLOCK {blockData=[blockId=conID: 1 locID: 102654967764157061 bcsId: 0,size=3145728]} | ret=SUCCESS |  
2019-08-21 12:28:19,426 | INFO  | DNAudit | user=null | ip=null | op=WRITE_CHUNK {blockData=conID: 1 locID: 102654967764157061 bcsId: 4530} | ret=SUCCESS |  
2019-08-21 12:28:19,427 | INFO  | DNAudit | user=null | ip=null | op=WRITE_CHUNK {blockData=conID: 1 locID: 102654967764157061 bcsId: 4530} | ret=SUCCESS |  
2019-08-21 12:28:19,439 | INFO  | DNAudit | user=null | ip=null | op=WRITE_CHUNK {blockData=conID: 1 locID: 102654967764157061 bcsId: 4530} | ret=SUCCESS |  
2019-08-21 12:28:19,440 | INFO  | DNAudit | user=null | ip=null | op=PUT_BLOCK {blockData=[blockId=conID: 1 locID: 102654967764157061 bcsId: 0,size=4194304]} | ret=SUCCESS |  
2019-08-21 12:28:19,440 [grpc-default-executor-2] INFO  client.GrpcClientProtocolClient (GrpcClientProtocolClient.java:onNext(255)) - client-C954105195FD->270584e6-a4a8-4db5-8151-214655ce1a56: receive RaftClientReply:client-C954105195FD->270584e6-a4a8-4db5-8151-214655ce1a56@group-787F5BA3AA67, cid=3017, SUCCESS, logIndex=4533, commits[270584e6-a4a8-4db5-8151-214655ce1a56:c4534, af078b8b-61ec-497f-9506-472d46a72462:c4530, 09fb9ab4-1b8d-44c0-9f8c-50855c6f1fed:c4530]
2019-08-21 12:28:19,440 [grpc-default-executor-2] INFO  client.GrpcClientProtocolClient (GrpcClientProtocolClient.java:onNext(255)) - client-C954105195FD->270584e6-a4a8-4db5-8151-214655ce1a56: receive RaftClientReply:client-C954105195FD->270584e6-a4a8-4db5-8151-214655ce1a56@group-787F5BA3AA67, cid=3018, SUCCESS, logIndex=4534, commits[270584e6-a4a8-4db5-8151-214655ce1a56:c4534, af078b8b-61ec-497f-9506-472d46a72462:c4530, 09fb9ab4-1b8d-44c0-9f8c-50855c6f1fed:c4530]
2019-08-21 12:28:19,443 | INFO  | DNAudit | user=null | ip=null | op=WRITE_CHUNK {blockData=conID: 1 locID: 102654967764157061 bcsId: 4530} | ret=SUCCESS |  
2019-08-21 12:28:19,443 | INFO  | DNAudit | user=null | ip=null | op=WRITE_CHUNK {blockData=conID: 1 locID: 102654967764157061 bcsId: 4530} | ret=SUCCESS |  
2019-08-21 12:28:19,446 | INFO  | DNAudit | user=null | ip=null | op=PUT_BLOCK {blockData=[blockId=conID: 1 locID: 102654967764157061 bcsId: 0,size=4194304]} | ret=SUCCESS |  
2019-08-21 12:28:19,446 | INFO  | DNAudit | user=null | ip=null | op=PUT_BLOCK {blockData=[blockId=conID: 1 locID: 102654967764157061 bcsId: 0,size=4194304]} | ret=SUCCESS |  
2019-08-21 12:28:19,448 [grpc-default-executor-2] INFO  client.GrpcClientProtocolClient (GrpcClientProtocolClient.java:onNext(255)) - client-C954105195FD->270584e6-a4a8-4db5-8151-214655ce1a56: receive RaftClientReply:client-C954105195FD->270584e6-a4a8-4db5-8151-214655ce1a56@group-787F5BA3AA67, cid=3019, SUCCESS, logIndex=0, commits[270584e6-a4a8-4db5-8151-214655ce1a56:c4536, af078b8b-61ec-497f-9506-472d46a72462:c4534, 09fb9ab4-1b8d-44c0-9f8c-50855c6f1fed:c4534]
2019-08-21 12:28:19,458 | INFO  | SCMAudit | user=jenkins1000 | ip=192.168.34.23 | op=ALLOCATE_BLOCK {owner=b79f83c9-5f7d-4caf-af30-78af34bc5eea, size=4194304, type=RATIS, factor=THREE} | ret=SUCCESS |  
2019-08-21 12:28:19,465 | INFO  | OMAudit | user=jenkins1000 | ip=127.0.0.1 | op=ALLOCATE_BLOCK {volume=vol-0-06517, bucket=bucket-0-64549, key=key-0-34512, dataSize=0, replicationType=null, replicationFactor=null, keyLocationInfo=null, clientID=102654965997830546} | ret=SUCCESS |  
2019-08-21 12:28:19,475 | INFO  | DNAudit | user=null | ip=null | op=WRITE_CHUNK {blockData=conID: 2 locID: 102654967772480134 bcsId: 0} | ret=SUCCESS |  
2019-08-21 12:28:19,478 | INFO  | DNAudit | user=null | ip=null | op=WRITE_CHUNK {blockData=conID: 2 locID: 102654967772480134 bcsId: 0} | ret=SUCCESS |  
2019-08-21 12:28:19,478 | INFO  | DNAudit | user=null | ip=null | op=WRITE_CHUNK {blockData=conID: 2 locID: 102654967772480134 bcsId: 0} | ret=SUCCESS |  
2019-08-21 12:28:19,482 | INFO  | DNAudit | user=null | ip=null | op=WRITE_CHUNK {blockData=conID: 2 locID: 102654967772480134 bcsId: 0} | ret=SUCCESS |  
2019-08-21 12:28:19,483 | INFO  | DNAudit | user=null | ip=null | op=PUT_BLOCK {blockData=[blockId=conID: 2 locID: 102654967772480134 bcsId: 0,size=1048576]} | ret=SUCCESS |  
2019-08-21 12:28:19,483 | INFO  | DNAudit | user=null | ip=null | op=WRITE_CHUNK {blockData=conID: 2 locID: 102654967772480134 bcsId: 0} | ret=SUCCESS |  
2019-08-21 12:28:19,484 | INFO  | DNAudit | user=null | ip=null | op=WRITE_CHUNK {blockData=conID: 2 locID: 102654967772480134 bcsId: 0} | ret=SUCCESS |  
2019-08-21 12:28:19,484 [grpc-default-executor-2] INFO  client.GrpcClientProtocolClient (GrpcClientProtocolClient.java:onNext(255)) - client-C954105195FD->270584e6-a4a8-4db5-8151-214655ce1a56: receive RaftClientReply:client-C954105195FD->270584e6-a4a8-4db5-8151-214655ce1a56@group-787F5BA3AA67, cid=3020, SUCCESS, logIndex=4537, commits[270584e6-a4a8-4db5-8151-214655ce1a56:c4538, af078b8b-61ec-497f-9506-472d46a72462:c4536, 09fb9ab4-1b8d-44c0-9f8c-50855c6f1fed:c4534]
2019-08-21 12:28:19,485 [grpc-default-executor-2] INFO  client.GrpcClientProtocolClient (GrpcClientProtocolClient.java:onNext(255)) - client-C954105195FD->270584e6-a4a8-4db5-8151-214655ce1a56: receive RaftClientReply:client-C954105195FD->270584e6-a4a8-4db5-8151-214655ce1a56@group-787F5BA3AA67, cid=3021, SUCCESS, logIndex=4538, commits[270584e6-a4a8-4db5-8151-214655ce1a56:c4538, af078b8b-61ec-497f-9506-472d46a72462:c4536, 09fb9ab4-1b8d-44c0-9f8c-50855c6f1fed:c4534]
2019-08-21 12:28:19,487 | INFO  | DNAudit | user=null | ip=null | op=WRITE_CHUNK {blockData=conID: 2 locID: 102654967772480134 bcsId: 0} | ret=SUCCESS |  
2019-08-21 12:28:19,487 | INFO  | DNAudit | user=null | ip=null | op=PUT_BLOCK {blockData=[blockId=conID: 2 locID: 102654967772480134 bcsId: 0,size=1048576]} | ret=SUCCESS |  
2019-08-21 12:28:19,487 | INFO  | DNAudit | user=null | ip=null | op=WRITE_CHUNK {blockData=conID: 2 locID: 102654967772480134 bcsId: 0} | ret=SUCCESS |  
2019-08-21 12:28:19,488 | INFO  | DNAudit | user=null | ip=null | op=PUT_BLOCK {blockData=[blockId=conID: 2 locID: 102654967772480134 bcsId: 0,size=2097152]} | ret=SUCCESS |  
2019-08-21 12:28:19,488 [grpc-default-executor-2] INFO  client.GrpcClientProtocolClient (GrpcClientProtocolClient.java:onNext(255)) - client-C954105195FD->270584e6-a4a8-4db5-8151-214655ce1a56: receive RaftClientReply:client-C954105195FD->270584e6-a4a8-4db5-8151-214655ce1a56@group-787F5BA3AA67, cid=3022, SUCCESS, logIndex=4539, commits[270584e6-a4a8-4db5-8151-214655ce1a56:c4542, af078b8b-61ec-497f-9506-472d46a72462:c4538, 09fb9ab4-1b8d-44c0-9f8c-50855c6f1fed:c4534]
2019-08-21 12:28:19,489 [grpc-default-executor-2] INFO  client.GrpcClientProtocolClient (GrpcClientProtocolClient.java:onNext(255)) - client-C954105195FD->270584e6-a4a8-4db5-8151-214655ce1a56: receive RaftClientReply:client-C954105195FD->270584e6-a4a8-4db5-8151-214655ce1a56@group-787F5BA3AA67, cid=3023, SUCCESS, logIndex=4540, commits[270584e6-a4a8-4db5-8151-214655ce1a56:c4542, af078b8b-61ec-497f-9506-472d46a72462:c4538, 09fb9ab4-1b8d-44c0-9f8c-50855c6f1fed:c4536]
2019-08-21 12:28:19,489 | INFO  | DNAudit | user=null | ip=null | op=WRITE_CHUNK {blockData=conID: 2 locID: 102654967772480134 bcsId: 0} | ret=SUCCESS |  
2019-08-21 12:28:19,489 | INFO  | DNAudit | user=null | ip=null | op=WRITE_CHUNK {blockData=conID: 2 locID: 102654967772480134 bcsId: 0} | ret=SUCCESS |  
2019-08-21 12:28:19,490 | INFO  | DNAudit | user=null | ip=null | op=PUT_BLOCK {blockData=[blockId=conID: 2 locID: 102654967772480134 bcsId: 0,size=2097152]} | ret=SUCCESS |  
2019-08-21 12:28:19,493 | INFO  | DNAudit | user=null | ip=null | op=WRITE_CHUNK {blockData=conID: 2 locID: 102654967772480134 bcsId: 0} | ret=SUCCESS |  
2019-08-21 12:28:19,493 | INFO  | DNAudit | user=null | ip=null | op=PUT_BLOCK {blockData=[blockId=conID: 2 locID: 102654967772480134 bcsId: 0,size=1048576]} | ret=SUCCESS |  
2019-08-21 12:28:19,494 | INFO  | DNAudit | user=null | ip=null | op=WRITE_CHUNK {blockData=conID: 2 locID: 102654967772480134 bcsId: 0} | ret=SUCCESS |  
2019-08-21 12:28:19,494 | INFO  | DNAudit | user=null | ip=null | op=PUT_BLOCK {blockData=[blockId=conID: 2 locID: 102654967772480134 bcsId: 0,size=2097152]} | ret=SUCCESS |  
2019-08-21 12:28:19,494 [grpc-default-executor-2] INFO  client.GrpcClientProtocolClient (GrpcClientProtocolClient.java:onNext(255)) - client-C954105195FD->270584e6-a4a8-4db5-8151-214655ce1a56: receive RaftClientReply:client-C954105195FD->270584e6-a4a8-4db5-8151-214655ce1a56@group-787F5BA3AA67, cid=3024, SUCCESS, logIndex=0, commits[270584e6-a4a8-4db5-8151-214655ce1a56:c4544, af078b8b-61ec-497f-9506-472d46a72462:c4540, 09fb9ab4-1b8d-44c0-9f8c-50855c6f1fed:c4538]
2019-08-21 12:28:19,504 | INFO  | DNAudit | user=null | ip=null | op=WRITE_CHUNK {blockData=conID: 2 locID: 102654967772480134 bcsId: 4540} | ret=SUCCESS |  
2019-08-21 12:28:19,506 | INFO  | DNAudit | user=null | ip=null | op=WRITE_CHUNK {blockData=conID: 2 locID: 102654967772480134 bcsId: 4540} | ret=SUCCESS |  
2019-08-21 12:28:19,506 | INFO  | DNAudit | user=null | ip=null | op=WRITE_CHUNK {blockData=conID: 2 locID: 102654967772480134 bcsId: 4540} | ret=SUCCESS |  
2019-08-21 12:28:19,524 | INFO  | DNAudit | user=null | ip=null | op=WRITE_CHUNK {blockData=conID: 2 locID: 102654967772480134 bcsId: 4540} | ret=SUCCESS |  
2019-08-21 12:28:19,525 | INFO  | DNAudit | user=null | ip=null | op=PUT_BLOCK {blockData=[blockId=conID: 2 locID: 102654967772480134 bcsId: 0,size=3145728]} | ret=SUCCESS |  
2019-08-21 12:28:19,525 [grpc-default-executor-4] INFO  client.GrpcClientProtocolClient (GrpcClientProtocolClient.java:onNext(255)) - client-C954105195FD->270584e6-a4a8-4db5-8151-214655ce1a56: receive RaftClientReply:client-C954105195FD->270584e6-a4a8-4db5-8151-214655ce1a56@group-787F5BA3AA67, cid=3025, SUCCESS, logIndex=4545, commits[270584e6-a4a8-4db5-8151-214655ce1a56:c4546, af078b8b-61ec-497f-9506-472d46a72462:c4540, 09fb9ab4-1b8d-44c0-9f8c-50855c6f1fed:c4544]
2019-08-21 12:28:19,526 [grpc-default-executor-4] INFO  client.GrpcClientProtocolClient (GrpcClientProtocolClient.java:onNext(255)) - client-C954105195FD->270584e6-a4a8-4db5-8151-214655ce1a56: receive RaftClientReply:client-C954105195FD->270584e6-a4a8-4db5-8151-214655ce1a56@group-787F5BA3AA67, cid=3026, SUCCESS, logIndex=4546, commits[270584e6-a4a8-4db5-8151-214655ce1a56:c4546, af078b8b-61ec-497f-9506-472d46a72462:c4544, 09fb9ab4-1b8d-44c0-9f8c-50855c6f1fed:c4544]
2019-08-21 12:28:19,535 | INFO  | DNAudit | user=null | ip=null | op=WRITE_CHUNK {blockData=conID: 2 locID: 102654967772480134 bcsId: 4546} | ret=SUCCESS |  
2019-08-21 12:28:19,538 | INFO  | DNAudit | user=null | ip=null | op=WRITE_CHUNK {blockData=conID: 2 locID: 102654967772480134 bcsId: 4540} | ret=SUCCESS |  
2019-08-21 12:28:19,538 | INFO  | DNAudit | user=null | ip=null | op=WRITE_CHUNK {blockData=conID: 2 locID: 102654967772480134 bcsId: 4540} | ret=SUCCESS |  
2019-08-21 12:28:19,538 | INFO  | DNAudit | user=null | ip=null | op=PUT_BLOCK {blockData=[blockId=conID: 2 locID: 102654967772480134 bcsId: 0,size=3145728]} | ret=SUCCESS |  
2019-08-21 12:28:19,538 | INFO  | DNAudit | user=null | ip=null | op=PUT_BLOCK {blockData=[blockId=conID: 2 locID: 102654967772480134 bcsId: 0,size=3145728]} | ret=SUCCESS |  
2019-08-21 12:28:19,540 | INFO  | DNAudit | user=null | ip=null | op=WRITE_CHUNK {blockData=conID: 2 locID: 102654967772480134 bcsId: 4546} | ret=SUCCESS |  
2019-08-21 12:28:19,540 | INFO  | DNAudit | user=null | ip=null | op=WRITE_CHUNK {blockData=conID: 2 locID: 102654967772480134 bcsId: 4546} | ret=SUCCESS |  
2019-08-21 12:28:19,551 | INFO  | DNAudit | user=null | ip=null | op=WRITE_CHUNK {blockData=conID: 2 locID: 102654967772480134 bcsId: 4546} | ret=SUCCESS |  
2019-08-21 12:28:19,552 | INFO  | DNAudit | user=null | ip=null | op=PUT_BLOCK {blockData=[blockId=conID: 2 locID: 102654967772480134 bcsId: 0,size=4194304]} | ret=SUCCESS |  
2019-08-21 12:28:19,552 [grpc-default-executor-1] INFO  client.GrpcClientProtocolClient (GrpcClientProtocolClient.java:onNext(255)) - client-C954105195FD->270584e6-a4a8-4db5-8151-214655ce1a56: receive RaftClientReply:client-C954105195FD->270584e6-a4a8-4db5-8151-214655ce1a56@group-787F5BA3AA67, cid=3027, SUCCESS, logIndex=4549, commits[270584e6-a4a8-4db5-8151-214655ce1a56:c4549, af078b8b-61ec-497f-9506-472d46a72462:c4546, 09fb9ab4-1b8d-44c0-9f8c-50855c6f1fed:c4546]
2019-08-21 12:28:19,553 [grpc-default-executor-1] INFO  client.GrpcClientProtocolClient (GrpcClientProtocolClient.java:onNext(255)) - client-C954105195FD->270584e6-a4a8-4db5-8151-214655ce1a56: receive RaftClientReply:client-C954105195FD->270584e6-a4a8-4db5-8151-214655ce1a56@group-787F5BA3AA67, cid=3028, SUCCESS, logIndex=4550, commits[270584e6-a4a8-4db5-8151-214655ce1a56:c4550, af078b8b-61ec-497f-9506-472d46a72462:c4546, 09fb9ab4-1b8d-44c0-9f8c-50855c6f1fed:c4546]
2019-08-21 12:28:19,570 | INFO  | DNAudit | user=null | ip=null | op=WRITE_CHUNK {blockData=conID: 2 locID: 102654967772480134 bcsId: 4546} | ret=SUCCESS |  
2019-08-21 12:28:19,570 | INFO  | DNAudit | user=null | ip=null | op=WRITE_CHUNK {blockData=conID: 2 locID: 102654967772480134 bcsId: 4546} | ret=SUCCESS |  
2019-08-21 12:28:19,582 | INFO  | DNAudit | user=null | ip=null | op=PUT_BLOCK {blockData=[blockId=conID: 2 locID: 102654967772480134 bcsId: 0,size=4194304]} | ret=SUCCESS |  
2019-08-21 12:28:19,583 | INFO  | DNAudit | user=null | ip=null | op=PUT_BLOCK {blockData=[blockId=conID: 2 locID: 102654967772480134 bcsId: 0,size=4194304]} | ret=SUCCESS |  
2019-08-21 12:28:19,583 [grpc-default-executor-1] INFO  client.GrpcClientProtocolClient (GrpcClientProtocolClient.java:onNext(255)) - client-C954105195FD->270584e6-a4a8-4db5-8151-214655ce1a56: receive RaftClientReply:client-C954105195FD->270584e6-a4a8-4db5-8151-214655ce1a56@group-787F5BA3AA67, cid=3029, SUCCESS, logIndex=0, commits[270584e6-a4a8-4db5-8151-214655ce1a56:c4552, af078b8b-61ec-497f-9506-472d46a72462:c4550, 09fb9ab4-1b8d-44c0-9f8c-50855c6f1fed:c4550]
2019-08-21 12:28:19,594 | INFO  | SCMAudit | user=jenkins1000 | ip=192.168.34.23 | op=ALLOCATE_BLOCK {owner=b79f83c9-5f7d-4caf-af30-78af34bc5eea, size=4194304, type=RATIS, factor=THREE} | ret=SUCCESS |  
2019-08-21 12:28:19,601 | INFO  | OMAudit | user=jenkins1000 | ip=127.0.0.1 | op=ALLOCATE_BLOCK {volume=vol-0-06517, bucket=bucket-0-64549, key=key-0-34512, dataSize=0, replicationType=null, replicationFactor=null, keyLocationInfo=null, clientID=102654965997830546} | ret=SUCCESS |  
2019-08-21 12:28:19,819 | INFO  | DNAudit | user=null | ip=null | op=WRITE_CHUNK {blockData=conID: 3 locID: 102654967781393031 bcsId: 0} | ret=SUCCESS |  
2019-08-21 12:28:19,824 | INFO  | DNAudit | user=null | ip=null | op=WRITE_CHUNK {blockData=conID: 3 locID: 102654967781393031 bcsId: 0} | ret=SUCCESS |  
2019-08-21 12:28:19,825 | INFO  | DNAudit | user=null | ip=null | op=WRITE_CHUNK {blockData=conID: 3 locID: 102654967781393031 bcsId: 0} | ret=SUCCESS |  
2019-08-21 12:28:19,826 | INFO  | DNAudit | user=null | ip=null | op=WRITE_CHUNK {blockData=conID: 3 locID: 102654967781393031 bcsId: 0} | ret=SUCCESS |  
2019-08-21 12:28:19,828 | INFO  | DNAudit | user=null | ip=null | op=WRITE_CHUNK {blockData=conID: 3 locID: 102654967781393031 bcsId: 0} | ret=SUCCESS |  
2019-08-21 12:28:19,828 | INFO  | DNAudit | user=null | ip=null | op=WRITE_CHUNK {blockData=conID: 3 locID: 102654967781393031 bcsId: 0} | ret=SUCCESS |  
2019-08-21 12:28:19,831 | INFO  | DNAudit | user=null | ip=null | op=WRITE_CHUNK {blockData=conID: 3 locID: 102654967781393031 bcsId: 0} | ret=SUCCESS |  
2019-08-21 12:28:19,832 | INFO  | DNAudit | user=null | ip=null | op=PUT_BLOCK {blockData=[blockId=conID: 3 locID: 102654967781393031 bcsId: 0,size=1048576]} | ret=SUCCESS |  
2019-08-21 12:28:19,832 | INFO  | DNAudit | user=null | ip=null | op=WRITE_CHUNK {blockData=conID: 3 locID: 102654967781393031 bcsId: 0} | ret=SUCCESS |  
2019-08-21 12:28:19,832 [grpc-default-executor-4] INFO  client.GrpcClientProtocolClient (GrpcClientProtocolClient.java:onNext(255)) - client-C954105195FD->270584e6-a4a8-4db5-8151-214655ce1a56: receive RaftClientReply:client-C954105195FD->270584e6-a4a8-4db5-8151-214655ce1a56@group-787F5BA3AA67, cid=3030, SUCCESS, logIndex=4553, commits[270584e6-a4a8-4db5-8151-214655ce1a56:c4555, af078b8b-61ec-497f-9506-472d46a72462:c4552, 09fb9ab4-1b8d-44c0-9f8c-50855c6f1fed:c4552]
2019-08-21 12:28:19,833 | INFO  | DNAudit | user=null | ip=null | op=PUT_BLOCK {blockData=[blockId=conID: 3 locID: 102654967781393031 bcsId: 0,size=2097152]} | ret=SUCCESS |  
2019-08-21 12:28:19,833 [grpc-default-executor-4] INFO  client.GrpcClientProtocolClient (GrpcClientProtocolClient.java:onNext(255)) - client-C954105195FD->270584e6-a4a8-4db5-8151-214655ce1a56: receive RaftClientReply:client-C954105195FD->270584e6-a4a8-4db5-8151-214655ce1a56@group-787F5BA3AA67, cid=3031, SUCCESS, logIndex=4554, commits[270584e6-a4a8-4db5-8151-214655ce1a56:c4556, af078b8b-61ec-497f-9506-472d46a72462:c4552, 09fb9ab4-1b8d-44c0-9f8c-50855c6f1fed:c4552]
2019-08-21 12:28:19,833 [grpc-default-executor-4] INFO  client.GrpcClientProtocolClient (GrpcClientProtocolClient.java:onNext(255)) - client-C954105195FD->270584e6-a4a8-4db5-8151-214655ce1a56: receive RaftClientReply:client-C954105195FD->270584e6-a4a8-4db5-8151-214655ce1a56@group-787F5BA3AA67, cid=3032, SUCCESS, logIndex=4555, commits[270584e6-a4a8-4db5-8151-214655ce1a56:c4556, af078b8b-61ec-497f-9506-472d46a72462:c4552, 09fb9ab4-1b8d-44c0-9f8c-50855c6f1fed:c4552]
2019-08-21 12:28:19,833 [grpc-default-executor-4] INFO  client.GrpcClientProtocolClient (GrpcClientProtocolClient.java:onNext(255)) - client-C954105195FD->270584e6-a4a8-4db5-8151-214655ce1a56: receive RaftClientReply:client-C954105195FD->270584e6-a4a8-4db5-8151-214655ce1a56@group-787F5BA3AA67, cid=3033, SUCCESS, logIndex=4556, commits[270584e6-a4a8-4db5-8151-214655ce1a56:c4556, af078b8b-61ec-497f-9506-472d46a72462:c4552, 09fb9ab4-1b8d-44c0-9f8c-50855c6f1fed:c4552]
2019-08-21 12:28:19,834 | INFO  | DNAudit | user=null | ip=null | op=WRITE_CHUNK {blockData=conID: 3 locID: 102654967781393031 bcsId: 0} | ret=SUCCESS |  
2019-08-21 12:28:19,835 | INFO  | DNAudit | user=null | ip=null | op=WRITE_CHUNK {blockData=conID: 3 locID: 102654967781393031 bcsId: 0} | ret=SUCCESS |  
2019-08-21 12:28:19,835 | INFO  | DNAudit | user=null | ip=null | op=PUT_BLOCK {blockData=[blockId=conID: 3 locID: 102654967781393031 bcsId: 0,size=1048576]} | ret=SUCCESS |  
2019-08-21 12:28:19,835 | INFO  | DNAudit | user=null | ip=null | op=PUT_BLOCK {blockData=[blockId=conID: 3 locID: 102654967781393031 bcsId: 0,size=1048576]} | ret=SUCCESS |  
2019-08-21 12:28:19,835 [grpc-default-executor-4] INFO  client.GrpcClientProtocolClient (GrpcClientProtocolClient.java:onNext(255)) - client-C954105195FD->270584e6-a4a8-4db5-8151-214655ce1a56: receive RaftClientReply:client-C954105195FD->270584e6-a4a8-4db5-8151-214655ce1a56@group-787F5BA3AA67, cid=3034, SUCCESS, logIndex=0, commits[270584e6-a4a8-4db5-8151-214655ce1a56:c4557, af078b8b-61ec-497f-9506-472d46a72462:c4554, 09fb9ab4-1b8d-44c0-9f8c-50855c6f1fed:c4554]
2019-08-21 12:28:19,844 | INFO  | DNAudit | user=null | ip=null | op=WRITE_CHUNK {blockData=conID: 3 locID: 102654967781393031 bcsId: 4556} | ret=SUCCESS |  
2019-08-21 12:28:19,846 | INFO  | DNAudit | user=null | ip=null | op=WRITE_CHUNK {blockData=conID: 3 locID: 102654967781393031 bcsId: 4556} | ret=SUCCESS |  
2019-08-21 12:28:19,847 | INFO  | DNAudit | user=null | ip=null | op=WRITE_CHUNK {blockData=conID: 3 locID: 102654967781393031 bcsId: 4556} | ret=SUCCESS |  
2019-08-21 12:28:19,847 | INFO  | DNAudit | user=null | ip=null | op=WRITE_CHUNK {blockData=conID: 3 locID: 102654967781393031 bcsId: 0} | ret=SUCCESS |  
2019-08-21 12:28:19,847 | INFO  | DNAudit | user=null | ip=null | op=WRITE_CHUNK {blockData=conID: 3 locID: 102654967781393031 bcsId: 0} | ret=SUCCESS |  
2019-08-21 12:28:19,848 | INFO  | DNAudit | user=null | ip=null | op=PUT_BLOCK {blockData=[blockId=conID: 3 locID: 102654967781393031 bcsId: 0,size=2097152]} | ret=SUCCESS |  
2019-08-21 12:28:19,848 | INFO  | DNAudit | user=null | ip=null | op=PUT_BLOCK {blockData=[blockId=conID: 3 locID: 102654967781393031 bcsId: 0,size=2097152]} | ret=SUCCESS |  
2019-08-21 12:28:19,860 | INFO  | DNAudit | user=null | ip=null | op=WRITE_CHUNK {blockData=conID: 3 locID: 102654967781393031 bcsId: 4556} | ret=SUCCESS |  
2019-08-21 12:28:19,861 | INFO  | DNAudit | user=null | ip=null | op=PUT_BLOCK {blockData=[blockId=conID: 3 locID: 102654967781393031 bcsId: 0,size=3145728]} | ret=SUCCESS |  
2019-08-21 12:28:19,861 [grpc-default-executor-4] INFO  client.GrpcClientProtocolClient (GrpcClientProtocolClient.java:onNext(255)) - client-C954105195FD->270584e6-a4a8-4db5-8151-214655ce1a56: receive RaftClientReply:client-C954105195FD->270584e6-a4a8-4db5-8151-214655ce1a56@group-787F5BA3AA67, cid=3035, SUCCESS, logIndex=4561, commits[270584e6-a4a8-4db5-8151-214655ce1a56:c4562, af078b8b-61ec-497f-9506-472d46a72462:c4557, 09fb9ab4-1b8d-44c0-9f8c-50855c6f1fed:c4557]
2019-08-21 12:28:19,861 [grpc-default-executor-4] INFO  client.GrpcClientProtocolClient (GrpcClientProtocolClient.java:onNext(255)) - client-C954105195FD->270584e6-a4a8-4db5-8151-214655ce1a56: receive RaftClientReply:client-C954105195FD->270584e6-a4a8-4db5-8151-214655ce1a56@group-787F5BA3AA67, cid=3036, SUCCESS, logIndex=4562, commits[270584e6-a4a8-4db5-8151-214655ce1a56:c4562, af078b8b-61ec-497f-9506-472d46a72462:c4557, 09fb9ab4-1b8d-44c0-9f8c-50855c6f1fed:c4557]
2019-08-21 12:28:19,869 | INFO  | DNAudit | user=null | ip=null | op=WRITE_CHUNK {blockData=conID: 3 locID: 102654967781393031 bcsId: 4562} | ret=SUCCESS |  
2019-08-21 12:28:19,871 | INFO  | DNAudit | user=null | ip=null | op=WRITE_CHUNK {blockData=conID: 3 locID: 102654967781393031 bcsId: 4562} | ret=SUCCESS |  
2019-08-21 12:28:19,872 | INFO  | DNAudit | user=null | ip=null | op=WRITE_CHUNK {blockData=conID: 3 locID: 102654967781393031 bcsId: 4562} | ret=SUCCESS |  
2019-08-21 12:28:19,873 | INFO  | DNAudit | user=null | ip=null | op=WRITE_CHUNK {blockData=conID: 3 locID: 102654967781393031 bcsId: 4556} | ret=SUCCESS |  
2019-08-21 12:28:19,873 | INFO  | DNAudit | user=null | ip=null | op=WRITE_CHUNK {blockData=conID: 3 locID: 102654967781393031 bcsId: 4556} | ret=SUCCESS |  
2019-08-21 12:28:19,874 | INFO  | DNAudit | user=null | ip=null | op=PUT_BLOCK {blockData=[blockId=conID: 3 locID: 102654967781393031 bcsId: 0,size=3145728]} | ret=SUCCESS |  
2019-08-21 12:28:19,874 | INFO  | DNAudit | user=null | ip=null | op=PUT_BLOCK {blockData=[blockId=conID: 3 locID: 102654967781393031 bcsId: 0,size=3145728]} | ret=SUCCESS |  
2019-08-21 12:28:19,887 | INFO  | DNAudit | user=null | ip=null | op=WRITE_CHUNK {blockData=conID: 3 locID: 102654967781393031 bcsId: 4562} | ret=SUCCESS |  
2019-08-21 12:28:19,887 | INFO  | DNAudit | user=null | ip=null | op=PUT_BLOCK {blockData=[blockId=conID: 3 locID: 102654967781393031 bcsId: 0,size=4194304]} | ret=SUCCESS |  
2019-08-21 12:28:19,888 [grpc-default-executor-2] INFO  client.GrpcClientProtocolClient (GrpcClientProtocolClient.java:onNext(255)) - client-C954105195FD->270584e6-a4a8-4db5-8151-214655ce1a56: receive RaftClientReply:client-C954105195FD->270584e6-a4a8-4db5-8151-214655ce1a56@group-787F5BA3AA67, cid=3037, SUCCESS, logIndex=4565, commits[270584e6-a4a8-4db5-8151-214655ce1a56:c4566, af078b8b-61ec-497f-9506-472d46a72462:c4562, 09fb9ab4-1b8d-44c0-9f8c-50855c6f1fed:c4562]
2019-08-21 12:28:19,888 [grpc-default-executor-2] INFO  client.GrpcClientProtocolClient (GrpcClientProtocolClient.java:onNext(255)) - client-C954105195FD->270584e6-a4a8-4db5-8151-214655ce1a56: receive RaftClientReply:client-C954105195FD->270584e6-a4a8-4db5-8151-214655ce1a56@group-787F5BA3AA67, cid=3038, SUCCESS, logIndex=4566, commits[270584e6-a4a8-4db5-8151-214655ce1a56:c4566, af078b8b-61ec-497f-9506-472d46a72462:c4562, 09fb9ab4-1b8d-44c0-9f8c-50855c6f1fed:c4562]
2019-08-21 12:28:19,900 | INFO  | DNAudit | user=null | ip=null | op=WRITE_CHUNK {blockData=conID: 3 locID: 102654967781393031 bcsId: 4562} | ret=SUCCESS |  
2019-08-21 12:28:19,900 | INFO  | DNAudit | user=null | ip=null | op=WRITE_CHUNK {blockData=conID: 3 locID: 102654967781393031 bcsId: 4562} | ret=SUCCESS |  
2019-08-21 12:28:19,913 | INFO  | DNAudit | user=null | ip=null | op=PUT_BLOCK {blockData=[blockId=conID: 3 locID: 102654967781393031 bcsId: 0,size=4194304]} | ret=SUCCESS |  
2019-08-21 12:28:19,913 | INFO  | DNAudit | user=null | ip=null | op=PUT_BLOCK {blockData=[blockId=conID: 3 locID: 102654967781393031 bcsId: 0,size=4194304]} | ret=SUCCESS |  
2019-08-21 12:28:19,913 [grpc-default-executor-1] INFO  client.GrpcClientProtocolClient (GrpcClientProtocolClient.java:onNext(255)) - client-C954105195FD->270584e6-a4a8-4db5-8151-214655ce1a56: receive RaftClientReply:client-C954105195FD->270584e6-a4a8-4db5-8151-214655ce1a56@group-787F5BA3AA67, cid=3039, SUCCESS, logIndex=0, commits[270584e6-a4a8-4db5-8151-214655ce1a56:c4568, af078b8b-61ec-497f-9506-472d46a72462:c4566, 09fb9ab4-1b8d-44c0-9f8c-50855c6f1fed:c4566]
2019-08-21 12:28:19,923 | INFO  | SCMAudit | user=jenkins1000 | ip=192.168.34.23 | op=ALLOCATE_BLOCK {owner=b79f83c9-5f7d-4caf-af30-78af34bc5eea, size=4194304, type=RATIS, factor=THREE} | ret=SUCCESS |  
2019-08-21 12:28:19,927 | INFO  | OMAudit | user=jenkins1000 | ip=127.0.0.1 | op=ALLOCATE_BLOCK {volume=vol-0-06517, bucket=bucket-0-64549, key=key-0-34512, dataSize=0, replicationType=null, replicationFactor=null, keyLocationInfo=null, clientID=102654965997830546} | ret=SUCCESS |  
2019-08-21 12:28:19,935 | INFO  | DNAudit | user=null | ip=null | op=WRITE_CHUNK {blockData=conID: 1 locID: 102654967802954376 bcsId: 0} | ret=SUCCESS |  
2019-08-21 12:28:19,937 | INFO  | DNAudit | user=null | ip=null | op=WRITE_CHUNK {blockData=conID: 1 locID: 102654967802954376 bcsId: 0} | ret=SUCCESS |  
2019-08-21 12:28:19,938 | INFO  | DNAudit | user=null | ip=null | op=WRITE_CHUNK {blockData=conID: 1 locID: 102654967802954376 bcsId: 0} | ret=SUCCESS |  
2019-08-21 12:28:19,939 | INFO  | DNAudit | user=null | ip=null | op=WRITE_CHUNK {blockData=conID: 1 locID: 102654967802954376 bcsId: 0} | ret=SUCCESS |  
2019-08-21 12:28:19,940 | INFO  | DNAudit | user=null | ip=null | op=WRITE_CHUNK {blockData=conID: 1 locID: 102654967802954376 bcsId: 0} | ret=SUCCESS |  
2019-08-21 12:28:19,940 | INFO  | DNAudit | user=null | ip=null | op=PUT_BLOCK {blockData=[blockId=conID: 1 locID: 102654967802954376 bcsId: 0,size=1048576]} | ret=SUCCESS |  
2019-08-21 12:28:19,940 [grpc-default-executor-4] INFO  client.GrpcClientProtocolClient (GrpcClientProtocolClient.java:onNext(255)) - client-C954105195FD->270584e6-a4a8-4db5-8151-214655ce1a56: receive RaftClientReply:client-C954105195FD->270584e6-a4a8-4db5-8151-214655ce1a56@group-787F5BA3AA67, cid=3040, SUCCESS, logIndex=4569, commits[270584e6-a4a8-4db5-8151-214655ce1a56:c4570, af078b8b-61ec-497f-9506-472d46a72462:c4568, 09fb9ab4-1b8d-44c0-9f8c-50855c6f1fed:c4568]
2019-08-21 12:28:19,941 [grpc-default-executor-4] INFO  client.GrpcClientProtocolClient (GrpcClientProtocolClient.java:onNext(255)) - client-C954105195FD->270584e6-a4a8-4db5-8151-214655ce1a56: receive RaftClientReply:client-C954105195FD->270584e6-a4a8-4db5-8151-214655ce1a56@group-787F5BA3AA67, cid=3041, SUCCESS, logIndex=4570, commits[270584e6-a4a8-4db5-8151-214655ce1a56:c4570, af078b8b-61ec-497f-9506-472d46a72462:c4568, 09fb9ab4-1b8d-44c0-9f8c-50855c6f1fed:c4568]
2019-08-21 12:28:19,941 | INFO  | DNAudit | user=null | ip=null | op=WRITE_CHUNK {blockData=conID: 1 locID: 102654967802954376 bcsId: 0} | ret=SUCCESS |  
2019-08-21 12:28:19,942 | INFO  | DNAudit | user=null | ip=null | op=WRITE_CHUNK {blockData=conID: 1 locID: 102654967802954376 bcsId: 0} | ret=SUCCESS |  
2019-08-21 12:28:19,952 | INFO  | SCMAudit | user=jenkins1000 | ip=192.168.34.23 | op=SEND_HEARTBEAT {datanodeUUID=af078b8b-61ec-497f-9506-472d46a72462, command=[]} | ret=SUCCESS |  
2019-08-21 12:28:19,952 | INFO  | SCMAudit | user=jenkins1000 | ip=192.168.34.23 | op=SEND_HEARTBEAT {datanodeUUID=09fb9ab4-1b8d-44c0-9f8c-50855c6f1fed, command=[]} | ret=SUCCESS |  
 0.00% |█                                                                                                    |  0/1 Time: 0:00:272019-08-21 12:28:19,955 | INFO  | SCMAudit | user=jenkins1000 | ip=192.168.34.23 | op=SEND_HEARTBEAT {datanodeUUID=270584e6-a4a8-4db5-8151-214655ce1a56, command=[]} | ret=SUCCESS |  
2019-08-21 12:28:19,990 | INFO  | DNAudit | user=null | ip=null | op=WRITE_CHUNK {blockData=conID: 1 locID: 102654967802954376 bcsId: 0} | ret=SUCCESS |  
2019-08-21 12:28:19,990 | INFO  | DNAudit | user=null | ip=null | op=WRITE_CHUNK {blockData=conID: 1 locID: 102654967802954376 bcsId: 0} | ret=SUCCESS |  
2019-08-21 12:28:19,990 | INFO  | DNAudit | user=null | ip=null | op=PUT_BLOCK {blockData=[blockId=conID: 1 locID: 102654967802954376 bcsId: 0,size=1048576]} | ret=SUCCESS |  
2019-08-21 12:28:19,990 | INFO  | DNAudit | user=null | ip=null | op=WRITE_CHUNK {blockData=conID: 1 locID: 102654967802954376 bcsId: 0} | ret=SUCCESS |  
2019-08-21 12:28:19,990 | INFO  | DNAudit | user=null | ip=null | op=PUT_BLOCK {blockData=[blockId=conID: 1 locID: 102654967802954376 bcsId: 0,size=2097152]} | ret=SUCCESS |  
2019-08-21 12:28:19,990 | INFO  | DNAudit | user=null | ip=null | op=PUT_BLOCK {blockData=[blockId=conID: 1 locID: 102654967802954376 bcsId: 0,size=1048576]} | ret=SUCCESS |  
2019-08-21 12:28:19,991 [grpc-default-executor-2] INFO  client.GrpcClientProtocolClient (GrpcClientProtocolClient.java:onNext(255)) - client-C954105195FD->270584e6-a4a8-4db5-8151-214655ce1a56: receive RaftClientReply:client-C954105195FD->270584e6-a4a8-4db5-8151-214655ce1a56@group-787F5BA3AA67, cid=3042, SUCCESS, logIndex=4571, commits[270584e6-a4a8-4db5-8151-214655ce1a56:c4572, af078b8b-61ec-497f-9506-472d46a72462:c4568, 09fb9ab4-1b8d-44c0-9f8c-50855c6f1fed:c4568]
2019-08-21 12:28:19,991 [grpc-default-executor-2] INFO  client.GrpcClientProtocolClient (GrpcClientProtocolClient.java:onNext(255)) - client-C954105195FD->270584e6-a4a8-4db5-8151-214655ce1a56: receive RaftClientReply:client-C954105195FD->270584e6-a4a8-4db5-8151-214655ce1a56@group-787F5BA3AA67, cid=3043, SUCCESS, logIndex=4572, commits[270584e6-a4a8-4db5-8151-214655ce1a56:c4574, af078b8b-61ec-497f-9506-472d46a72462:c4570, 09fb9ab4-1b8d-44c0-9f8c-50855c6f1fed:c4568]
2019-08-21 12:28:19,992 [grpc-default-executor-2] INFO  client.GrpcClientProtocolClient (GrpcClientProtocolClient.java:onNext(255)) - client-C954105195FD->270584e6-a4a8-4db5-8151-214655ce1a56: receive RaftClientReply:client-C954105195FD->270584e6-a4a8-4db5-8151-214655ce1a56@group-787F5BA3AA67, cid=3044, SUCCESS, logIndex=0, commits[270584e6-a4a8-4db5-8151-214655ce1a56:c4574, af078b8b-61ec-497f-9506-472d46a72462:c4570, 09fb9ab4-1b8d-44c0-9f8c-50855c6f1fed:c4570]
2019-08-21 12:28:20,000 | INFO  | DNAudit | user=null | ip=null | op=WRITE_CHUNK {blockData=conID: 1 locID: 102654967802954376 bcsId: 4572} | ret=SUCCESS |  
2019-08-21 12:28:20,003 | INFO  | DNAudit | user=null | ip=null | op=WRITE_CHUNK {blockData=conID: 1 locID: 102654967802954376 bcsId: 0} | ret=SUCCESS |  
2019-08-21 12:28:20,003 | INFO  | DNAudit | user=null | ip=null | op=WRITE_CHUNK {blockData=conID: 1 locID: 102654967802954376 bcsId: 0} | ret=SUCCESS |  
2019-08-21 12:28:20,003 | INFO  | DNAudit | user=null | ip=null | op=PUT_BLOCK {blockData=[blockId=conID: 1 locID: 102654967802954376 bcsId: 0,size=2097152]} | ret=SUCCESS |  
2019-08-21 12:28:20,003 | INFO  | DNAudit | user=null | ip=null | op=WRITE_CHUNK {blockData=conID: 1 locID: 102654967802954376 bcsId: 4572} | ret=SUCCESS |  
2019-08-21 12:28:20,003 | INFO  | DNAudit | user=null | ip=null | op=WRITE_CHUNK {blockData=conID: 1 locID: 102654967802954376 bcsId: 4572} | ret=SUCCESS |  
2019-08-21 12:28:20,003 | INFO  | DNAudit | user=null | ip=null | op=PUT_BLOCK {blockData=[blockId=conID: 1 locID: 102654967802954376 bcsId: 0,size=2097152]} | ret=SUCCESS |  
2019-08-21 12:28:20,016 | INFO  | DNAudit | user=null | ip=null | op=WRITE_CHUNK {blockData=conID: 1 locID: 102654967802954376 bcsId: 4572} | ret=SUCCESS |  
2019-08-21 12:28:20,016 | INFO  | DNAudit | user=null | ip=null | op=PUT_BLOCK {blockData=[blockId=conID: 1 locID: 102654967802954376 bcsId: 0,size=3145728]} | ret=SUCCESS |  
2019-08-21 12:28:20,017 [grpc-default-executor-1] INFO  client.GrpcClientProtocolClient (GrpcClientProtocolClient.java:onNext(255)) - client-C954105195FD->270584e6-a4a8-4db5-8151-214655ce1a56: receive RaftClientReply:client-C954105195FD->270584e6-a4a8-4db5-8151-214655ce1a56@group-787F5BA3AA67, cid=3045, SUCCESS, logIndex=4577, commits[270584e6-a4a8-4db5-8151-214655ce1a56:c4578, af078b8b-61ec-497f-9506-472d46a72462:c4572, 09fb9ab4-1b8d-44c0-9f8c-50855c6f1fed:c4574]
2019-08-21 12:28:20,017 [grpc-default-executor-1] INFO  client.GrpcClientProtocolClient (GrpcClientProtocolClient.java:onNext(255)) - client-C954105195FD->270584e6-a4a8-4db5-8151-214655ce1a56: receive RaftClientReply:client-C954105195FD->270584e6-a4a8-4db5-8151-214655ce1a56@group-787F5BA3AA67, cid=3046, SUCCESS, logIndex=4578, commits[270584e6-a4a8-4db5-8151-214655ce1a56:c4578, af078b8b-61ec-497f-9506-472d46a72462:c4574, 09fb9ab4-1b8d-44c0-9f8c-50855c6f1fed:c4574]
2019-08-21 12:28:20,025 | INFO  | DNAudit | user=null | ip=null | op=WRITE_CHUNK {blockData=conID: 1 locID: 102654967802954376 bcsId: 4578} | ret=SUCCESS |  
2019-08-21 12:28:20,027 | INFO  | DNAudit | user=null | ip=null | op=WRITE_CHUNK {blockData=conID: 1 locID: 102654967802954376 bcsId: 4578} | ret=SUCCESS |  
2019-08-21 12:28:20,027 | INFO  | DNAudit | user=null | ip=null | op=WRITE_CHUNK {blockData=conID: 1 locID: 102654967802954376 bcsId: 4578} | ret=SUCCESS |  
2019-08-21 12:28:20,029 | INFO  | DNAudit | user=null | ip=null | op=WRITE_CHUNK {blockData=conID: 1 locID: 102654967802954376 bcsId: 4572} | ret=SUCCESS |  
2019-08-21 12:28:20,029 | INFO  | DNAudit | user=null | ip=null | op=WRITE_CHUNK {blockData=conID: 1 locID: 102654967802954376 bcsId: 4572} | ret=SUCCESS |  
2019-08-21 12:28:20,042 | INFO  | DNAudit | user=null | ip=null | op=PUT_BLOCK {blockData=[blockId=conID: 1 locID: 102654967802954376 bcsId: 0,size=3145728]} | ret=SUCCESS |  
2019-08-21 12:28:20,042 | INFO  | DNAudit | user=null | ip=null | op=WRITE_CHUNK {blockData=conID: 1 locID: 102654967802954376 bcsId: 4578} | ret=SUCCESS |  
2019-08-21 12:28:20,042 | INFO  | DNAudit | user=null | ip=null | op=PUT_BLOCK {blockData=[blockId=conID: 1 locID: 102654967802954376 bcsId: 0,size=3145728]} | ret=SUCCESS |  
2019-08-21 12:28:20,042 | INFO  | DNAudit | user=null | ip=null | op=PUT_BLOCK {blockData=[blockId=conID: 1 locID: 102654967802954376 bcsId: 0,size=4194304]} | ret=SUCCESS |  
2019-08-21 12:28:20,042 [grpc-default-executor-2] INFO  client.GrpcClientProtocolClient (GrpcClientProtocolClient.java:onNext(255)) - client-C954105195FD->270584e6-a4a8-4db5-8151-214655ce1a56: receive RaftClientReply:client-C954105195FD->270584e6-a4a8-4db5-8151-214655ce1a56@group-787F5BA3AA67, cid=3047, SUCCESS, logIndex=4581, commits[270584e6-a4a8-4db5-8151-214655ce1a56:c4581, af078b8b-61ec-497f-9506-472d46a72462:c4578, 09fb9ab4-1b8d-44c0-9f8c-50855c6f1fed:c4578]
2019-08-21 12:28:20,043 [grpc-default-executor-2] INFO  client.GrpcClientProtocolClient (GrpcClientProtocolClient.java:onNext(255)) - client-C954105195FD->270584e6-a4a8-4db5-8151-214655ce1a56: receive RaftClientReply:client-C954105195FD->270584e6-a4a8-4db5-8151-214655ce1a56@group-787F5BA3AA67, cid=3048, SUCCESS, logIndex=4582, commits[270584e6-a4a8-4db5-8151-214655ce1a56:c4582, af078b8b-61ec-497f-9506-472d46a72462:c4578, 09fb9ab4-1b8d-44c0-9f8c-50855c6f1fed:c4578]
2019-08-21 12:28:20,053 | INFO  | DNAudit | user=null | ip=null | op=WRITE_CHUNK {blockData=conID: 1 locID: 102654967802954376 bcsId: 4578} | ret=SUCCESS |  
2019-08-21 12:28:20,053 | INFO  | DNAudit | user=null | ip=null | op=WRITE_CHUNK {blockData=conID: 1 locID: 102654967802954376 bcsId: 4578} | ret=SUCCESS |  
2019-08-21 12:28:20,066 | INFO  | DNAudit | user=null | ip=null | op=PUT_BLOCK {blockData=[blockId=conID: 1 locID: 102654967802954376 bcsId: 0,size=4194304]} | ret=SUCCESS |  
2019-08-21 12:28:20,066 | INFO  | DNAudit | user=null | ip=null | op=PUT_BLOCK {blockData=[blockId=conID: 1 locID: 102654967802954376 bcsId: 0,size=4194304]} | ret=SUCCESS |  
2019-08-21 12:28:20,067 [grpc-default-executor-2] INFO  client.GrpcClientProtocolClient (GrpcClientProtocolClient.java:onNext(255)) - client-C954105195FD->270584e6-a4a8-4db5-8151-214655ce1a56: receive RaftClientReply:client-C954105195FD->270584e6-a4a8-4db5-8151-214655ce1a56@group-787F5BA3AA67, cid=3049, SUCCESS, logIndex=0, commits[270584e6-a4a8-4db5-8151-214655ce1a56:c4584, af078b8b-61ec-497f-9506-472d46a72462:c4582, 09fb9ab4-1b8d-44c0-9f8c-50855c6f1fed:c4582]
2019-08-21 12:28:20,080 | INFO  | SCMAudit | user=jenkins1000 | ip=192.168.34.23 | op=ALLOCATE_BLOCK {owner=b79f83c9-5f7d-4caf-af30-78af34bc5eea, size=4194304, type=RATIS, factor=THREE} | ret=SUCCESS |  
2019-08-21 12:28:20,086 | INFO  | OMAudit | user=jenkins1000 | ip=127.0.0.1 | op=ALLOCATE_BLOCK {volume=vol-0-06517, bucket=bucket-0-64549, key=key-0-34512, dataSize=0, replicationType=null, replicationFactor=null, keyLocationInfo=null, clientID=102654965997830546} | ret=SUCCESS |  
2019-08-21 12:28:20,099 | INFO  | DNAudit | user=null | ip=null | op=WRITE_CHUNK {blockData=conID: 2 locID: 102654967813243529 bcsId: 0} | ret=SUCCESS |  
2019-08-21 12:28:20,101 | INFO  | DNAudit | user=null | ip=null | op=WRITE_CHUNK {blockData=conID: 2 locID: 102654967813243529 bcsId: 0} | ret=SUCCESS |  
2019-08-21 12:28:20,102 | INFO  | DNAudit | user=null | ip=null | op=WRITE_CHUNK {blockData=conID: 2 locID: 102654967813243529 bcsId: 0} | ret=SUCCESS |  
2019-08-21 12:28:20,103 | INFO  | DNAudit | user=null | ip=null | op=WRITE_CHUNK {blockData=conID: 2 locID: 102654967813243529 bcsId: 0} | ret=SUCCESS |  
2019-08-21 12:28:20,104 | INFO  | DNAudit | user=null | ip=null | op=WRITE_CHUNK {blockData=conID: 2 locID: 102654967813243529 bcsId: 0} | ret=SUCCESS |  
2019-08-21 12:28:20,105 | INFO  | DNAudit | user=null | ip=null | op=WRITE_CHUNK {blockData=conID: 2 locID: 102654967813243529 bcsId: 0} | ret=SUCCESS |  
2019-08-21 12:28:20,117 | INFO  | DNAudit | user=null | ip=null | op=WRITE_CHUNK {blockData=conID: 2 locID: 102654967813243529 bcsId: 0} | ret=SUCCESS |  
2019-08-21 12:28:20,118 | INFO  | DNAudit | user=null | ip=null | op=PUT_BLOCK {blockData=[blockId=conID: 2 locID: 102654967813243529 bcsId: 0,size=1048576]} | ret=SUCCESS |  
2019-08-21 12:28:20,118 | INFO  | DNAudit | user=null | ip=null | op=WRITE_CHUNK {blockData=conID: 2 locID: 102654967813243529 bcsId: 0} | ret=SUCCESS |  
2019-08-21 12:28:20,118 [grpc-default-executor-2] INFO  client.GrpcClientProtocolClient (GrpcClientProtocolClient.java:onNext(255)) - client-C954105195FD->270584e6-a4a8-4db5-8151-214655ce1a56: receive RaftClientReply:client-C954105195FD->270584e6-a4a8-4db5-8151-214655ce1a56@group-787F5BA3AA67, cid=3050, SUCCESS, logIndex=4585, commits[270584e6-a4a8-4db5-8151-214655ce1a56:c4588, af078b8b-61ec-497f-9506-472d46a72462:c4584, 09fb9ab4-1b8d-44c0-9f8c-50855c6f1fed:c4584]
2019-08-21 12:28:20,119 | INFO  | DNAudit | user=null | ip=null | op=PUT_BLOCK {blockData=[blockId=conID: 2 locID: 102654967813243529 bcsId: 0,size=2097152]} | ret=SUCCESS |  
2019-08-21 12:28:20,119 [grpc-default-executor-2] INFO  client.GrpcClientProtocolClient (GrpcClientProtocolClient.java:onNext(255)) - client-C954105195FD->270584e6-a4a8-4db5-8151-214655ce1a56: receive RaftClientReply:client-C954105195FD->270584e6-a4a8-4db5-8151-214655ce1a56@group-787F5BA3AA67, cid=3051, SUCCESS, logIndex=4586, commits[270584e6-a4a8-4db5-8151-214655ce1a56:c4588, af078b8b-61ec-497f-9506-472d46a72462:c4584, 09fb9ab4-1b8d-44c0-9f8c-50855c6f1fed:c4584]
2019-08-21 12:28:20,120 [grpc-default-executor-2] INFO  client.GrpcClientProtocolClient (GrpcClientProtocolClient.java:onNext(255)) - client-C954105195FD->270584e6-a4a8-4db5-8151-214655ce1a56: receive RaftClientReply:client-C954105195FD->270584e6-a4a8-4db5-8151-214655ce1a56@group-787F5BA3AA67, cid=3052, SUCCESS, logIndex=4587, commits[270584e6-a4a8-4db5-8151-214655ce1a56:c4588, af078b8b-61ec-497f-9506-472d46a72462:c4584, 09fb9ab4-1b8d-44c0-9f8c-50855c6f1fed:c4584]
2019-08-21 12:28:20,120 [grpc-default-executor-2] INFO  client.GrpcClientProtocolClient (GrpcClientProtocolClient.java:onNext(255)) - client-C954105195FD->270584e6-a4a8-4db5-8151-214655ce1a56: receive RaftClientReply:client-C954105195FD->270584e6-a4a8-4db5-8151-214655ce1a56@group-787F5BA3AA67, cid=3053, SUCCESS, logIndex=4588, commits[270584e6-a4a8-4db5-8151-214655ce1a56:c4588, af078b8b-61ec-497f-9506-472d46a72462:c4584, 09fb9ab4-1b8d-44c0-9f8c-50855c6f1fed:c4584]
2019-08-21 12:28:20,130 | INFO  | DNAudit | user=null | ip=null | op=WRITE_CHUNK {blockData=conID: 2 locID: 102654967813243529 bcsId: 0} | ret=SUCCESS |  
2019-08-21 12:28:20,130 | INFO  | DNAudit | user=null | ip=null | op=WRITE_CHUNK {blockData=conID: 2 locID: 102654967813243529 bcsId: 0} | ret=SUCCESS |  
2019-08-21 12:28:20,131 | INFO  | DNAudit | user=null | ip=null | op=PUT_BLOCK {blockData=[blockId=conID: 2 locID: 102654967813243529 bcsId: 0,size=1048576]} | ret=SUCCESS |  
2019-08-21 12:28:20,131 | INFO  | DNAudit | user=null | ip=null | op=WRITE_CHUNK {blockData=conID: 2 locID: 102654967813243529 bcsId: 0} | ret=SUCCESS |  
2019-08-21 12:28:20,131 | INFO  | DNAudit | user=null | ip=null | op=PUT_BLOCK {blockData=[blockId=conID: 2 locID: 102654967813243529 bcsId: 0,size=2097152]} | ret=SUCCESS |  
2019-08-21 12:28:20,150 | INFO  | DNAudit | user=null | ip=null | op=PUT_BLOCK {blockData=[blockId=conID: 2 locID: 102654967813243529 bcsId: 0,size=1048576]} | ret=SUCCESS |  
2019-08-21 12:28:20,150 | INFO  | DNAudit | user=null | ip=null | op=WRITE_CHUNK {blockData=conID: 2 locID: 102654967813243529 bcsId: 0} | ret=SUCCESS |  
2019-08-21 12:28:20,150 | INFO  | DNAudit | user=null | ip=null | op=PUT_BLOCK {blockData=[blockId=conID: 2 locID: 102654967813243529 bcsId: 0,size=2097152]} | ret=SUCCESS |  
2019-08-21 12:28:20,150 [grpc-default-executor-2] INFO  client.GrpcClientProtocolClient (GrpcClientProtocolClient.java:onNext(255)) - client-C954105195FD->270584e6-a4a8-4db5-8151-214655ce1a56: receive RaftClientReply:client-C954105195FD->270584e6-a4a8-4db5-8151-214655ce1a56@group-787F5BA3AA67, cid=3054, SUCCESS, logIndex=0, commits[270584e6-a4a8-4db5-8151-214655ce1a56:c4590, af078b8b-61ec-497f-9506-472d46a72462:c4588, 09fb9ab4-1b8d-44c0-9f8c-50855c6f1fed:c4588]
2019-08-21 12:28:20,160 | INFO  | DNAudit | user=null | ip=null | op=WRITE_CHUNK {blockData=conID: 2 locID: 102654967813243529 bcsId: 4588} | ret=SUCCESS |  
2019-08-21 12:28:20,163 | INFO  | DNAudit | user=null | ip=null | op=WRITE_CHUNK {blockData=conID: 2 locID: 102654967813243529 bcsId: 4588} | ret=SUCCESS |  
2019-08-21 12:28:20,163 | INFO  | DNAudit | user=null | ip=null | op=WRITE_CHUNK {blockData=conID: 2 locID: 102654967813243529 bcsId: 4588} | ret=SUCCESS |  
2019-08-21 12:28:20,165 | INFO  | DNAudit | user=null | ip=null | op=WRITE_CHUNK {blockData=conID: 2 locID: 102654967813243529 bcsId: 4588} | ret=SUCCESS |  
2019-08-21 12:28:20,166 | INFO  | DNAudit | user=null | ip=null | op=PUT_BLOCK {blockData=[blockId=conID: 2 locID: 102654967813243529 bcsId: 0,size=3145728]} | ret=SUCCESS |  
2019-08-21 12:28:20,166 [grpc-default-executor-1] INFO  client.GrpcClientProtocolClient (GrpcClientProtocolClient.java:onNext(255)) - client-C954105195FD->270584e6-a4a8-4db5-8151-214655ce1a56: receive RaftClientReply:client-C954105195FD->270584e6-a4a8-4db5-8151-214655ce1a56@group-787F5BA3AA67, cid=3055, SUCCESS, logIndex=4591, commits[270584e6-a4a8-4db5-8151-214655ce1a56:c4592, af078b8b-61ec-497f-9506-472d46a72462:c4590, 09fb9ab4-1b8d-44c0-9f8c-50855c6f1fed:c4590]
2019-08-21 12:28:20,167 [grpc-default-executor-1] INFO  client.GrpcClientProtocolClient (GrpcClientProtocolClient.java:onNext(255)) - client-C954105195FD->270584e6-a4a8-4db5-8151-214655ce1a56: receive RaftClientReply:client-C954105195FD->270584e6-a4a8-4db5-8151-214655ce1a56@group-787F5BA3AA67, cid=3056, SUCCESS, logIndex=4592, commits[270584e6-a4a8-4db5-8151-214655ce1a56:c4592, af078b8b-61ec-497f-9506-472d46a72462:c4590, 09fb9ab4-1b8d-44c0-9f8c-50855c6f1fed:c4590]
2019-08-21 12:28:20,167 | INFO  | DNAudit | user=null | ip=null | op=WRITE_CHUNK {blockData=conID: 2 locID: 102654967813243529 bcsId: 4588} | ret=SUCCESS |  
2019-08-21 12:28:20,167 | INFO  | DNAudit | user=null | ip=null | op=PUT_BLOCK {blockData=[blockId=conID: 2 locID: 102654967813243529 bcsId: 0,size=3145728]} | ret=SUCCESS |  
2019-08-21 12:28:20,169 | INFO  | DNAudit | user=null | ip=null | op=WRITE_CHUNK {blockData=conID: 2 locID: 102654967813243529 bcsId: 4588} | ret=SUCCESS |  
2019-08-21 12:28:20,169 | INFO  | DNAudit | user=null | ip=null | op=PUT_BLOCK {blockData=[blockId=conID: 2 locID: 102654967813243529 bcsId: 0,size=3145728]} | ret=SUCCESS |  
2019-08-21 12:28:20,176 | INFO  | DNAudit | user=null | ip=null | op=WRITE_CHUNK {blockData=conID: 2 locID: 102654967813243529 bcsId: 4592} | ret=SUCCESS |  
2019-08-21 12:28:20,179 | INFO  | DNAudit | user=null | ip=null | op=WRITE_CHUNK {blockData=conID: 2 locID: 102654967813243529 bcsId: 4592} | ret=SUCCESS |  
2019-08-21 12:28:20,180 | INFO  | DNAudit | user=null | ip=null | op=WRITE_CHUNK {blockData=conID: 2 locID: 102654967813243529 bcsId: 4592} | ret=SUCCESS |  
2019-08-21 12:28:20,181 | INFO  | DNAudit | user=null | ip=null | op=WRITE_CHUNK {blockData=conID: 2 locID: 102654967813243529 bcsId: 4592} | ret=SUCCESS |  
2019-08-21 12:28:20,182 | INFO  | DNAudit | user=null | ip=null | op=PUT_BLOCK {blockData=[blockId=conID: 2 locID: 102654967813243529 bcsId: 0,size=4194304]} | ret=SUCCESS |  
2019-08-21 12:28:20,182 [grpc-default-executor-1] INFO  client.GrpcClientProtocolClient (GrpcClientProtocolClient.java:onNext(255)) - client-C954105195FD->270584e6-a4a8-4db5-8151-214655ce1a56: receive RaftClientReply:client-C954105195FD->270584e6-a4a8-4db5-8151-214655ce1a56@group-787F5BA3AA67, cid=3057, SUCCESS, logIndex=4595, commits[270584e6-a4a8-4db5-8151-214655ce1a56:c4596, af078b8b-61ec-497f-9506-472d46a72462:c4594, 09fb9ab4-1b8d-44c0-9f8c-50855c6f1fed:c4592]
2019-08-21 12:28:20,183 [grpc-default-executor-1] INFO  client.GrpcClientProtocolClient (GrpcClientProtocolClient.java:onNext(255)) - client-C954105195FD->270584e6-a4a8-4db5-8151-214655ce1a56: receive RaftClientReply:client-C954105195FD->270584e6-a4a8-4db5-8151-214655ce1a56@group-787F5BA3AA67, cid=3058, SUCCESS, logIndex=4596, commits[270584e6-a4a8-4db5-8151-214655ce1a56:c4596, af078b8b-61ec-497f-9506-472d46a72462:c4594, 09fb9ab4-1b8d-44c0-9f8c-50855c6f1fed:c4594]
2019-08-21 12:28:20,183 | INFO  | DNAudit | user=null | ip=null | op=WRITE_CHUNK {blockData=conID: 2 locID: 102654967813243529 bcsId: 4592} | ret=SUCCESS |  
2019-08-21 12:28:20,183 | INFO  | DNAudit | user=null | ip=null | op=WRITE_CHUNK {blockData=conID: 2 locID: 102654967813243529 bcsId: 4592} | ret=SUCCESS |  
2019-08-21 12:28:20,183 | INFO  | DNAudit | user=null | ip=null | op=PUT_BLOCK {blockData=[blockId=conID: 2 locID: 102654967813243529 bcsId: 0,size=4194304]} | ret=SUCCESS |  
2019-08-21 12:28:20,183 | INFO  | DNAudit | user=null | ip=null | op=PUT_BLOCK {blockData=[blockId=conID: 2 locID: 102654967813243529 bcsId: 0,size=4194304]} | ret=SUCCESS |  
2019-08-21 12:28:20,184 [grpc-default-executor-4] INFO  client.GrpcClientProtocolClient (GrpcClientProtocolClient.java:onNext(255)) - client-C954105195FD->270584e6-a4a8-4db5-8151-214655ce1a56: receive RaftClientReply:client-C954105195FD->270584e6-a4a8-4db5-8151-214655ce1a56@group-787F5BA3AA67, cid=3059, SUCCESS, logIndex=0, commits[270584e6-a4a8-4db5-8151-214655ce1a56:c4597, af078b8b-61ec-497f-9506-472d46a72462:c4596, 09fb9ab4-1b8d-44c0-9f8c-50855c6f1fed:c4596]
2019-08-21 12:28:20,189 | INFO  | SCMAudit | user=jenkins1000 | ip=192.168.34.23 | op=SEND_HEARTBEAT {datanodeUUID=0aa4def6-fe9f-4182-b0b1-80406548816f, command=[]} | ret=SUCCESS |  
2019-08-21 12:28:20,189 | INFO  | SCMAudit | user=jenkins1000 | ip=192.168.34.23 | op=SEND_HEARTBEAT {datanodeUUID=39ae8c09-9b4b-4ddc-906b-4e52d104e1b1, command=[]} | ret=SUCCESS |  
2019-08-21 12:28:20,192 | INFO  | SCMAudit | user=jenkins1000 | ip=192.168.34.23 | op=ALLOCATE_BLOCK {owner=b79f83c9-5f7d-4caf-af30-78af34bc5eea, size=4194304, type=RATIS, factor=THREE} | ret=SUCCESS |  
2019-08-21 12:28:20,196 | INFO  | OMAudit | user=jenkins1000 | ip=127.0.0.1 | op=ALLOCATE_BLOCK {volume=vol-0-06517, bucket=bucket-0-64549, key=key-0-34512, dataSize=0, replicationType=null, replicationFactor=null, keyLocationInfo=null, clientID=102654965997830546} | ret=SUCCESS |  
2019-08-21 12:28:20,205 | INFO  | DNAudit | user=null | ip=null | op=WRITE_CHUNK {blockData=conID: 3 locID: 102654967820583562 bcsId: 0} | ret=SUCCESS |  
2019-08-21 12:28:20,207 | INFO  | DNAudit | user=null | ip=null | op=WRITE_CHUNK {blockData=conID: 3 locID: 102654967820583562 bcsId: 0} | ret=SUCCESS |  
2019-08-21 12:28:20,208 | INFO  | DNAudit | user=null | ip=null | op=WRITE_CHUNK {blockData=conID: 3 locID: 102654967820583562 bcsId: 0} | ret=SUCCESS |  
2019-08-21 12:28:20,209 | INFO  | DNAudit | user=null | ip=null | op=WRITE_CHUNK {blockData=conID: 3 locID: 102654967820583562 bcsId: 0} | ret=SUCCESS |  
2019-08-21 12:28:20,211 | INFO  | DNAudit | user=null | ip=null | op=WRITE_CHUNK {blockData=conID: 3 locID: 102654967820583562 bcsId: 0} | ret=SUCCESS |  
2019-08-21 12:28:20,211 | INFO  | DNAudit | user=null | ip=null | op=WRITE_CHUNK {blockData=conID: 3 locID: 102654967820583562 bcsId: 0} | ret=SUCCESS |  
2019-08-21 12:28:20,213 | INFO  | DNAudit | user=null | ip=null | op=WRITE_CHUNK {blockData=conID: 3 locID: 102654967820583562 bcsId: 0} | ret=SUCCESS |  
2019-08-21 12:28:20,214 | INFO  | DNAudit | user=null | ip=null | op=PUT_BLOCK {blockData=[blockId=conID: 3 locID: 102654967820583562 bcsId: 0,size=1048576]} | ret=SUCCESS |  
2019-08-21 12:28:20,215 | INFO  | DNAudit | user=null | ip=null | op=WRITE_CHUNK {blockData=conID: 3 locID: 102654967820583562 bcsId: 0} | ret=SUCCESS |  
2019-08-21 12:28:20,214 [grpc-default-executor-2] INFO  client.GrpcClientProtocolClient (GrpcClientProtocolClient.java:onNext(255)) - client-C954105195FD->270584e6-a4a8-4db5-8151-214655ce1a56: receive RaftClientReply:client-C954105195FD->270584e6-a4a8-4db5-8151-214655ce1a56@group-787F5BA3AA67, cid=3060, SUCCESS, logIndex=4599, commits[270584e6-a4a8-4db5-8151-214655ce1a56:c4602, af078b8b-61ec-497f-9506-472d46a72462:c4598, 09fb9ab4-1b8d-44c0-9f8c-50855c6f1fed:c4598]
2019-08-21 12:28:20,215 | INFO  | DNAudit | user=null | ip=null | op=PUT_BLOCK {blockData=[blockId=conID: 3 locID: 102654967820583562 bcsId: 0,size=2097152]} | ret=SUCCESS |  
2019-08-21 12:28:20,215 | INFO  | DNAudit | user=null | ip=null | op=WRITE_CHUNK {blockData=conID: 3 locID: 102654967820583562 bcsId: 0} | ret=SUCCESS |  
2019-08-21 12:28:20,215 | INFO  | DNAudit | user=null | ip=null | op=WRITE_CHUNK {blockData=conID: 3 locID: 102654967820583562 bcsId: 0} | ret=SUCCESS |  
2019-08-21 12:28:20,216 | INFO  | DNAudit | user=null | ip=null | op=PUT_BLOCK {blockData=[blockId=conID: 3 locID: 102654967820583562 bcsId: 0,size=1048576]} | ret=SUCCESS |  
2019-08-21 12:28:20,216 | INFO  | DNAudit | user=null | ip=null | op=PUT_BLOCK {blockData=[blockId=conID: 3 locID: 102654967820583562 bcsId: 0,size=1048576]} | ret=SUCCESS |  
2019-08-21 12:28:20,216 [grpc-default-executor-4] INFO  client.GrpcClientProtocolClient (GrpcClientProtocolClient.java:onNext(255)) - client-C954105195FD->270584e6-a4a8-4db5-8151-214655ce1a56: receive RaftClientReply:client-C954105195FD->270584e6-a4a8-4db5-8151-214655ce1a56@group-787F5BA3AA67, cid=3061, SUCCESS, logIndex=4600, commits[270584e6-a4a8-4db5-8151-214655ce1a56:c4602, af078b8b-61ec-497f-9506-472d46a72462:c4598, 09fb9ab4-1b8d-44c0-9f8c-50855c6f1fed:c4598]
2019-08-21 12:28:20,216 | INFO  | DNAudit | user=null | ip=null | op=WRITE_CHUNK {blockData=conID: 3 locID: 102654967820583562 bcsId: 0} | ret=SUCCESS |  
2019-08-21 12:28:20,216 | INFO  | DNAudit | user=null | ip=null | op=WRITE_CHUNK {blockData=conID: 3 locID: 102654967820583562 bcsId: 0} | ret=SUCCESS |  
2019-08-21 12:28:20,216 [grpc-default-executor-4] INFO  client.GrpcClientProtocolClient (GrpcClientProtocolClient.java:onNext(255)) - client-C954105195FD->270584e6-a4a8-4db5-8151-214655ce1a56: receive RaftClientReply:client-C954105195FD->270584e6-a4a8-4db5-8151-214655ce1a56@group-787F5BA3AA67, cid=3062, SUCCESS, logIndex=4601, commits[270584e6-a4a8-4db5-8151-214655ce1a56:c4602, af078b8b-61ec-497f-9506-472d46a72462:c4598, 09fb9ab4-1b8d-44c0-9f8c-50855c6f1fed:c4598]
2019-08-21 12:28:20,216 [grpc-default-executor-4] INFO  client.GrpcClientProtocolClient (GrpcClientProtocolClient.java:onNext(255)) - client-C954105195FD->270584e6-a4a8-4db5-8151-214655ce1a56: receive RaftClientReply:client-C954105195FD->270584e6-a4a8-4db5-8151-214655ce1a56@group-787F5BA3AA67, cid=3063, SUCCESS, logIndex=4602, commits[270584e6-a4a8-4db5-8151-214655ce1a56:c4602, af078b8b-61ec-497f-9506-472d46a72462:c4598, 09fb9ab4-1b8d-44c0-9f8c-50855c6f1fed:c4598]
2019-08-21 12:28:20,218 [grpc-default-executor-4] INFO  client.GrpcClientProtocolClient (GrpcClientProtocolClient.java:onNext(255)) - client-C954105195FD->270584e6-a4a8-4db5-8151-214655ce1a56: receive RaftClientReply:client-C954105195FD->270584e6-a4a8-4db5-8151-214655ce1a56@group-787F5BA3AA67, cid=3064, SUCCESS, logIndex=0, commits[270584e6-a4a8-4db5-8151-214655ce1a56:c4603, af078b8b-61ec-497f-9506-472d46a72462:c4601, 09fb9ab4-1b8d-44c0-9f8c-50855c6f1fed:c4601]
2019-08-21 12:28:20,218 | INFO  | DNAudit | user=null | ip=null | op=PUT_BLOCK {blockData=[blockId=conID: 3 locID: 102654967820583562 bcsId: 0,size=2097152]} | ret=SUCCESS |  
2019-08-21 12:28:20,218 | INFO  | DNAudit | user=null | ip=null | op=PUT_BLOCK {blockData=[blockId=conID: 3 locID: 102654967820583562 bcsId: 0,size=2097152]} | ret=SUCCESS |  
2019-08-21 12:28:20,225 | INFO  | DNAudit | user=null | ip=null | op=WRITE_CHUNK {blockData=conID: 3 locID: 102654967820583562 bcsId: 4602} | ret=SUCCESS |  
2019-08-21 12:28:20,228 | INFO  | DNAudit | user=null | ip=null | op=WRITE_CHUNK {blockData=conID: 3 locID: 102654967820583562 bcsId: 4602} | ret=SUCCESS |  
2019-08-21 12:28:20,228 | INFO  | DNAudit | user=null | ip=null | op=WRITE_CHUNK {blockData=conID: 3 locID: 102654967820583562 bcsId: 4602} | ret=SUCCESS |  
2019-08-21 12:28:20,230 | INFO  | DNAudit | user=null | ip=null | op=WRITE_CHUNK {blockData=conID: 3 locID: 102654967820583562 bcsId: 4602} | ret=SUCCESS |  
2019-08-21 12:28:20,231 | INFO  | DNAudit | user=null | ip=null | op=PUT_BLOCK {blockData=[blockId=conID: 3 locID: 102654967820583562 bcsId: 0,size=3145728]} | ret=SUCCESS |  
2019-08-21 12:28:20,231 [grpc-default-executor-2] INFO  client.GrpcClientProtocolClient (GrpcClientProtocolClient.java:onNext(255)) - client-C954105195FD->270584e6-a4a8-4db5-8151-214655ce1a56: receive RaftClientReply:client-C954105195FD->270584e6-a4a8-4db5-8151-214655ce1a56@group-787F5BA3AA67, cid=3065, SUCCESS, logIndex=4606, commits[270584e6-a4a8-4db5-8151-214655ce1a56:c4607, af078b8b-61ec-497f-9506-472d46a72462:c4605, 09fb9ab4-1b8d-44c0-9f8c-50855c6f1fed:c4605]
2019-08-21 12:28:20,231 [grpc-default-executor-2] INFO  client.GrpcClientProtocolClient (GrpcClientProtocolClient.java:onNext(255)) - client-C954105195FD->270584e6-a4a8-4db5-8151-214655ce1a56: receive RaftClientReply:client-C954105195FD->270584e6-a4a8-4db5-8151-214655ce1a56@group-787F5BA3AA67, cid=3066, SUCCESS, logIndex=4607, commits[270584e6-a4a8-4db5-8151-214655ce1a56:c4607, af078b8b-61ec-497f-9506-472d46a72462:c4605, 09fb9ab4-1b8d-44c0-9f8c-50855c6f1fed:c4605]
2019-08-21 12:28:20,232 | INFO  | DNAudit | user=null | ip=null | op=WRITE_CHUNK {blockData=conID: 3 locID: 102654967820583562 bcsId: 4602} | ret=SUCCESS |  
2019-08-21 12:28:20,232 | INFO  | DNAudit | user=null | ip=null | op=WRITE_CHUNK {blockData=conID: 3 locID: 102654967820583562 bcsId: 4602} | ret=SUCCESS |  
2019-08-21 12:28:20,232 | INFO  | DNAudit | user=null | ip=null | op=PUT_BLOCK {blockData=[blockId=conID: 3 locID: 102654967820583562 bcsId: 0,size=3145728]} | ret=SUCCESS |  
2019-08-21 12:28:20,232 | INFO  | DNAudit | user=null | ip=null | op=PUT_BLOCK {blockData=[blockId=conID: 3 locID: 102654967820583562 bcsId: 0,size=3145728]} | ret=SUCCESS |  
2019-08-21 12:28:20,237 | INFO  | DNAudit | user=null | ip=null | op=WRITE_CHUNK {blockData=conID: 3 locID: 102654967820583562 bcsId: 4607} | ret=SUCCESS |  
2019-08-21 12:28:20,240 | INFO  | DNAudit | user=null | ip=null | op=WRITE_CHUNK {blockData=conID: 3 locID: 102654967820583562 bcsId: 4607} | ret=SUCCESS |  
2019-08-21 12:28:20,240 | INFO  | DNAudit | user=null | ip=null | op=WRITE_CHUNK {blockData=conID: 3 locID: 102654967820583562 bcsId: 4607} | ret=SUCCESS |  
2019-08-21 12:28:20,242 | INFO  | DNAudit | user=null | ip=null | op=WRITE_CHUNK {blockData=conID: 3 locID: 102654967820583562 bcsId: 4607} | ret=SUCCESS |  
2019-08-21 12:28:20,243 | INFO  | DNAudit | user=null | ip=null | op=PUT_BLOCK {blockData=[blockId=conID: 3 locID: 102654967820583562 bcsId: 0,size=4194304]} | ret=SUCCESS |  
2019-08-21 12:28:20,243 [grpc-default-executor-1] INFO  client.GrpcClientProtocolClient (GrpcClientProtocolClient.java:onNext(255)) - client-C954105195FD->270584e6-a4a8-4db5-8151-214655ce1a56: receive RaftClientReply:client-C954105195FD->270584e6-a4a8-4db5-8151-214655ce1a56@group-787F5BA3AA67, cid=3067, SUCCESS, logIndex=4610, commits[270584e6-a4a8-4db5-8151-214655ce1a56:c4611, af078b8b-61ec-497f-9506-472d46a72462:c4609, 09fb9ab4-1b8d-44c0-9f8c-50855c6f1fed:c4607]
2019-08-21 12:28:20,243 [grpc-default-executor-1] INFO  client.GrpcClientProtocolClient (GrpcClientProtocolClient.java:onNext(255)) - client-C954105195FD->270584e6-a4a8-4db5-8151-214655ce1a56: receive RaftClientReply:client-C954105195FD->270584e6-a4a8-4db5-8151-214655ce1a56@group-787F5BA3AA67, cid=3068, SUCCESS, logIndex=4611, commits[270584e6-a4a8-4db5-8151-214655ce1a56:c4611, af078b8b-61ec-497f-9506-472d46a72462:c4609, 09fb9ab4-1b8d-44c0-9f8c-50855c6f1fed:c4609]
2019-08-21 12:28:20,245 | INFO  | DNAudit | user=null | ip=null | op=WRITE_CHUNK {blockData=conID: 3 locID: 102654967820583562 bcsId: 4607} | ret=SUCCESS |  
2019-08-21 12:28:20,245 | INFO  | DNAudit | user=null | ip=null | op=PUT_BLOCK {blockData=[blockId=conID: 3 locID: 102654967820583562 bcsId: 0,size=4194304]} | ret=SUCCESS |  
2019-08-21 12:28:20,245 | INFO  | DNAudit | user=null | ip=null | op=WRITE_CHUNK {blockData=conID: 3 locID: 102654967820583562 bcsId: 4607} | ret=SUCCESS |  
2019-08-21 12:28:20,246 | INFO  | DNAudit | user=null | ip=null | op=PUT_BLOCK {blockData=[blockId=conID: 3 locID: 102654967820583562 bcsId: 0,size=4194304]} | ret=SUCCESS |  
2019-08-21 12:28:20,246 [grpc-default-executor-1] INFO  client.GrpcClientProtocolClient (GrpcClientProtocolClient.java:onNext(255)) - client-C954105195FD->270584e6-a4a8-4db5-8151-214655ce1a56: receive RaftClientReply:client-C954105195FD->270584e6-a4a8-4db5-8151-214655ce1a56@group-787F5BA3AA67, cid=3069, SUCCESS, logIndex=0, commits[270584e6-a4a8-4db5-8151-214655ce1a56:c4612, af078b8b-61ec-497f-9506-472d46a72462:c4611, 09fb9ab4-1b8d-44c0-9f8c-50855c6f1fed:c4611]
2019-08-21 12:28:20,251 | INFO  | SCMAudit | user=jenkins1000 | ip=192.168.34.23 | op=ALLOCATE_BLOCK {owner=b79f83c9-5f7d-4caf-af30-78af34bc5eea, size=4194304, type=RATIS, factor=THREE} | ret=SUCCESS |  
2019-08-21 12:28:20,255 | INFO  | OMAudit | user=jenkins1000 | ip=127.0.0.1 | op=ALLOCATE_BLOCK {volume=vol-0-06517, bucket=bucket-0-64549, key=key-0-34512, dataSize=0, replicationType=null, replicationFactor=null, keyLocationInfo=null, clientID=102654965997830546} | ret=SUCCESS |  
2019-08-21 12:28:20,262 | INFO  | DNAudit | user=null | ip=null | op=WRITE_CHUNK {blockData=conID: 1 locID: 102654967824450187 bcsId: 0} | ret=SUCCESS |  
2019-08-21 12:28:20,265 | INFO  | DNAudit | user=null | ip=null | op=WRITE_CHUNK {blockData=conID: 1 locID: 102654967824450187 bcsId: 0} | ret=SUCCESS |  
2019-08-21 12:28:20,265 | INFO  | DNAudit | user=null | ip=null | op=WRITE_CHUNK {blockData=conID: 1 locID: 102654967824450187 bcsId: 0} | ret=SUCCESS |  
2019-08-21 12:28:20,265 | INFO  | DNAudit | user=null | ip=null | op=WRITE_CHUNK {blockData=conID: 1 locID: 102654967824450187 bcsId: 0} | ret=SUCCESS |  
2019-08-21 12:28:20,267 | INFO  | DNAudit | user=null | ip=null | op=WRITE_CHUNK {blockData=conID: 1 locID: 102654967824450187 bcsId: 0} | ret=SUCCESS |  
2019-08-21 12:28:20,267 | INFO  | DNAudit | user=null | ip=null | op=WRITE_CHUNK {blockData=conID: 1 locID: 102654967824450187 bcsId: 0} | ret=SUCCESS |  
2019-08-21 12:28:20,267 | INFO  | DNAudit | user=null | ip=null | op=PUT_BLOCK {blockData=[blockId=conID: 1 locID: 102654967824450187 bcsId: 0,size=1048576]} | ret=SUCCESS |  
2019-08-21 12:28:20,268 [grpc-default-executor-4] INFO  client.GrpcClientProtocolClient (GrpcClientProtocolClient.java:onNext(255)) - client-C954105195FD->270584e6-a4a8-4db5-8151-214655ce1a56: receive RaftClientReply:client-C954105195FD->270584e6-a4a8-4db5-8151-214655ce1a56@group-787F5BA3AA67, cid=3070, SUCCESS, logIndex=4614, commits[270584e6-a4a8-4db5-8151-214655ce1a56:c4615, af078b8b-61ec-497f-9506-472d46a72462:c4611, 09fb9ab4-1b8d-44c0-9f8c-50855c6f1fed:c4613]
2019-08-21 12:28:20,268 | INFO  | DNAudit | user=null | ip=null | op=WRITE_CHUNK {blockData=conID: 1 locID: 102654967824450187 bcsId: 0} | ret=SUCCESS |  
2019-08-21 12:28:20,268 [grpc-default-executor-4] INFO  client.GrpcClientProtocolClient (GrpcClientProtocolClient.java:onNext(255)) - client-C954105195FD->270584e6-a4a8-4db5-8151-214655ce1a56: receive RaftClientReply:client-C954105195FD->270584e6-a4a8-4db5-8151-214655ce1a56@group-787F5BA3AA67, cid=3071, SUCCESS, logIndex=4615, commits[270584e6-a4a8-4db5-8151-214655ce1a56:c4615, af078b8b-61ec-497f-9506-472d46a72462:c4611, 09fb9ab4-1b8d-44c0-9f8c-50855c6f1fed:c4613]
2019-08-21 12:28:20,271 | INFO  | DNAudit | user=null | ip=null | op=WRITE_CHUNK {blockData=conID: 1 locID: 102654967824450187 bcsId: 0} | ret=SUCCESS |  
2019-08-21 12:28:20,271 | INFO  | DNAudit | user=null | ip=null | op=WRITE_CHUNK {blockData=conID: 1 locID: 102654967824450187 bcsId: 0} | ret=SUCCESS |  
2019-08-21 12:28:20,271 | INFO  | DNAudit | user=null | ip=null | op=PUT_BLOCK {blockData=[blockId=conID: 1 locID: 102654967824450187 bcsId: 0,size=1048576]} | ret=SUCCESS |  
2019-08-21 12:28:20,271 | INFO  | DNAudit | user=null | ip=null | op=PUT_BLOCK {blockData=[blockId=conID: 1 locID: 102654967824450187 bcsId: 0,size=2097152]} | ret=SUCCESS |  
2019-08-21 12:28:20,272 [grpc-default-executor-4] INFO  client.GrpcClientProtocolClient (GrpcClientProtocolClient.java:onNext(255)) - client-C954105195FD->270584e6-a4a8-4db5-8151-214655ce1a56: receive RaftClientReply:client-C954105195FD->270584e6-a4a8-4db5-8151-214655ce1a56@group-787F5BA3AA67, cid=3072, SUCCESS, logIndex=4616, commits[270584e6-a4a8-4db5-8151-214655ce1a56:c4616, af078b8b-61ec-497f-9506-472d46a72462:c4613, 09fb9ab4-1b8d-44c0-9f8c-50855c6f1fed:c4613]
2019-08-21 12:28:20,272 | INFO  | DNAudit | user=null | ip=null | op=WRITE_CHUNK {blockData=conID: 1 locID: 102654967824450187 bcsId: 0} | ret=SUCCESS |  
2019-08-21 12:28:20,272 | INFO  | DNAudit | user=null | ip=null | op=PUT_BLOCK {blockData=[blockId=conID: 1 locID: 102654967824450187 bcsId: 0,size=1048576]} | ret=SUCCESS |  
2019-08-21 12:28:20,272 [grpc-default-executor-4] INFO  client.GrpcClientProtocolClient (GrpcClientProtocolClient.java:onNext(255)) - client-C954105195FD->270584e6-a4a8-4db5-8151-214655ce1a56: receive RaftClientReply:client-C954105195FD->270584e6-a4a8-4db5-8151-214655ce1a56@group-787F5BA3AA67, cid=3073, SUCCESS, logIndex=4617, commits[270584e6-a4a8-4db5-8151-214655ce1a56:c4618, af078b8b-61ec-497f-9506-472d46a72462:c4614, 09fb9ab4-1b8d-44c0-9f8c-50855c6f1fed:c4613]
2019-08-21 12:28:20,272 | INFO  | DNAudit | user=null | ip=null | op=WRITE_CHUNK {blockData=conID: 1 locID: 102654967824450187 bcsId: 0} | ret=SUCCESS |  
2019-08-21 12:28:20,273 [grpc-default-executor-4] INFO  client.GrpcClientProtocolClient (GrpcClientProtocolClient.java:onNext(255)) - client-C954105195FD->270584e6-a4a8-4db5-8151-214655ce1a56: receive RaftClientReply:client-C954105195FD->270584e6-a4a8-4db5-8151-214655ce1a56@group-787F5BA3AA67, cid=3074, SUCCESS, logIndex=0, commits[270584e6-a4a8-4db5-8151-214655ce1a56:c4619, af078b8b-61ec-497f-9506-472d46a72462:c4616, 09fb9ab4-1b8d-44c0-9f8c-50855c6f1fed:c4615]
2019-08-21 12:28:20,274 | INFO  | DNAudit | user=null | ip=null | op=WRITE_CHUNK {blockData=conID: 1 locID: 102654967824450187 bcsId: 0} | ret=SUCCESS |  
2019-08-21 12:28:20,275 | INFO  | DNAudit | user=null | ip=null | op=PUT_BLOCK {blockData=[blockId=conID: 1 locID: 102654967824450187 bcsId: 0,size=2097152]} | ret=SUCCESS |  
2019-08-21 12:28:20,276 | INFO  | DNAudit | user=null | ip=null | op=PUT_BLOCK {blockData=[blockId=conID: 1 locID: 102654967824450187 bcsId: 0,size=2097152]} | ret=SUCCESS |  
2019-08-21 12:28:20,279 | INFO  | DNAudit | user=null | ip=null | op=WRITE_CHUNK {blockData=conID: 1 locID: 102654967824450187 bcsId: 4617} | ret=SUCCESS |  
2019-08-21 12:28:20,281 | INFO  | DNAudit | user=null | ip=null | op=WRITE_CHUNK {blockData=conID: 1 locID: 102654967824450187 bcsId: 4617} | ret=SUCCESS |  
2019-08-21 12:28:20,282 | INFO  | DNAudit | user=null | ip=null | op=WRITE_CHUNK {blockData=conID: 1 locID: 102654967824450187 bcsId: 4617} | ret=SUCCESS |  
2019-08-21 12:28:20,284 | INFO  | DNAudit | user=null | ip=null | op=WRITE_CHUNK {blockData=conID: 1 locID: 102654967824450187 bcsId: 4617} | ret=SUCCESS |  
2019-08-21 12:28:20,284 | INFO  | DNAudit | user=null | ip=null | op=PUT_BLOCK {blockData=[blockId=conID: 1 locID: 102654967824450187 bcsId: 0,size=3145728]} | ret=SUCCESS |  
2019-08-21 12:28:20,284 [grpc-default-executor-1] INFO  client.GrpcClientProtocolClient (GrpcClientProtocolClient.java:onNext(255)) - client-C954105195FD->270584e6-a4a8-4db5-8151-214655ce1a56: receive RaftClientReply:client-C954105195FD->270584e6-a4a8-4db5-8151-214655ce1a56@group-787F5BA3AA67, cid=3075, SUCCESS, logIndex=4622, commits[270584e6-a4a8-4db5-8151-214655ce1a56:c4623, af078b8b-61ec-497f-9506-472d46a72462:c4621, 09fb9ab4-1b8d-44c0-9f8c-50855c6f1fed:c4617]
2019-08-21 12:28:20,285 [grpc-default-executor-1] INFO  client.GrpcClientProtocolClient (GrpcClientProtocolClient.java:onNext(255)) - client-C954105195FD->270584e6-a4a8-4db5-8151-214655ce1a56: receive RaftClientReply:client-C954105195FD->270584e6-a4a8-4db5-8151-214655ce1a56@group-787F5BA3AA67, cid=3076, SUCCESS, logIndex=4623, commits[270584e6-a4a8-4db5-8151-214655ce1a56:c4623, af078b8b-61ec-497f-9506-472d46a72462:c4621, 09fb9ab4-1b8d-44c0-9f8c-50855c6f1fed:c4621]
2019-08-21 12:28:20,287 | INFO  | DNAudit | user=null | ip=null | op=WRITE_CHUNK {blockData=conID: 1 locID: 102654967824450187 bcsId: 4617} | ret=SUCCESS |  
2019-08-21 12:28:20,287 | INFO  | DNAudit | user=null | ip=null | op=WRITE_CHUNK {blockData=conID: 1 locID: 102654967824450187 bcsId: 4617} | ret=SUCCESS |  
2019-08-21 12:28:20,290 | INFO  | DNAudit | user=null | ip=null | op=PUT_BLOCK {blockData=[blockId=conID: 1 locID: 102654967824450187 bcsId: 0,size=3145728]} | ret=SUCCESS |  
2019-08-21 12:28:20,290 | INFO  | DNAudit | user=null | ip=null | op=PUT_BLOCK {blockData=[blockId=conID: 1 locID: 102654967824450187 bcsId: 0,size=3145728]} | ret=SUCCESS |  
2019-08-21 12:28:20,291 | INFO  | DNAudit | user=null | ip=null | op=WRITE_CHUNK {blockData=conID: 1 locID: 102654967824450187 bcsId: 4623} | ret=SUCCESS |  
2019-08-21 12:28:20,293 | INFO  | DNAudit | user=null | ip=null | op=WRITE_CHUNK {blockData=conID: 1 locID: 102654967824450187 bcsId: 4623} | ret=SUCCESS |  
2019-08-21 12:28:20,293 | INFO  | DNAudit | user=null | ip=null | op=WRITE_CHUNK {blockData=conID: 1 locID: 102654967824450187 bcsId: 4623} | ret=SUCCESS |  
2019-08-21 12:28:20,311 | INFO  | DNAudit | user=null | ip=null | op=WRITE_CHUNK {blockData=conID: 1 locID: 102654967824450187 bcsId: 4623} | ret=SUCCESS |  
2019-08-21 12:28:20,311 | INFO  | DNAudit | user=null | ip=null | op=PUT_BLOCK {blockData=[blockId=conID: 1 locID: 102654967824450187 bcsId: 0,size=4194304]} | ret=SUCCESS |  
2019-08-21 12:28:20,311 [grpc-default-executor-1] INFO  client.GrpcClientProtocolClient (GrpcClientProtocolClient.java:onNext(255)) - client-C954105195FD->270584e6-a4a8-4db5-8151-214655ce1a56: receive RaftClientReply:client-C954105195FD->270584e6-a4a8-4db5-8151-214655ce1a56@group-787F5BA3AA67, cid=3077, SUCCESS, logIndex=4626, commits[270584e6-a4a8-4db5-8151-214655ce1a56:c4627, af078b8b-61ec-497f-9506-472d46a72462:c4624, 09fb9ab4-1b8d-44c0-9f8c-50855c6f1fed:c4624]
2019-08-21 12:28:20,312 [grpc-default-executor-1] INFO  client.GrpcClientProtocolClient (GrpcClientProtocolClient.java:onNext(255)) - client-C954105195FD->270584e6-a4a8-4db5-8151-214655ce1a56: receive RaftClientReply:client-C954105195FD->270584e6-a4a8-4db5-8151-214655ce1a56@group-787F5BA3AA67, cid=3078, SUCCESS, logIndex=4627, commits[270584e6-a4a8-4db5-8151-214655ce1a56:c4627, af078b8b-61ec-497f-9506-472d46a72462:c4624, 09fb9ab4-1b8d-44c0-9f8c-50855c6f1fed:c4624]
2019-08-21 12:28:20,324 | INFO  | DNAudit | user=null | ip=null | op=WRITE_CHUNK {blockData=conID: 1 locID: 102654967824450187 bcsId: 4623} | ret=SUCCESS |  
2019-08-21 12:28:20,324 | INFO  | DNAudit | user=null | ip=null | op=WRITE_CHUNK {blockData=conID: 1 locID: 102654967824450187 bcsId: 4623} | ret=SUCCESS |  
2019-08-21 12:28:20,324 | INFO  | DNAudit | user=null | ip=null | op=PUT_BLOCK {blockData=[blockId=conID: 1 locID: 102654967824450187 bcsId: 0,size=4194304]} | ret=SUCCESS |  
2019-08-21 12:28:20,324 | INFO  | DNAudit | user=null | ip=null | op=PUT_BLOCK {blockData=[blockId=conID: 1 locID: 102654967824450187 bcsId: 0,size=4194304]} | ret=SUCCESS |  
2019-08-21 12:28:20,325 [grpc-default-executor-2] INFO  client.GrpcClientProtocolClient (GrpcClientProtocolClient.java:onNext(255)) - client-C954105195FD->270584e6-a4a8-4db5-8151-214655ce1a56: receive RaftClientReply:client-C954105195FD->270584e6-a4a8-4db5-8151-214655ce1a56@group-787F5BA3AA67, cid=3079, SUCCESS, logIndex=0, commits[270584e6-a4a8-4db5-8151-214655ce1a56:c4627, af078b8b-61ec-497f-9506-472d46a72462:c4627, 09fb9ab4-1b8d-44c0-9f8c-50855c6f1fed:c4627]
2019-08-21 12:28:20,333 | INFO  | SCMAudit | user=jenkins1000 | ip=192.168.34.23 | op=ALLOCATE_BLOCK {owner=b79f83c9-5f7d-4caf-af30-78af34bc5eea, size=4194304, type=RATIS, factor=THREE} | ret=SUCCESS |  
2019-08-21 12:28:20,338 | INFO  | OMAudit | user=jenkins1000 | ip=127.0.0.1 | op=ALLOCATE_BLOCK {volume=vol-0-06517, bucket=bucket-0-64549, key=key-0-34512, dataSize=0, replicationType=null, replicationFactor=null, keyLocationInfo=null, clientID=102654965997830546} | ret=SUCCESS |  
2019-08-21 12:28:20,345 | INFO  | DNAudit | user=null | ip=null | op=WRITE_CHUNK {blockData=conID: 2 locID: 102654967829758604 bcsId: 0} | ret=SUCCESS |  
2019-08-21 12:28:20,348 | INFO  | DNAudit | user=null | ip=null | op=WRITE_CHUNK {blockData=conID: 2 locID: 102654967829758604 bcsId: 0} | ret=SUCCESS |  
2019-08-21 12:28:20,348 | INFO  | DNAudit | user=null | ip=null | op=WRITE_CHUNK {blockData=conID: 2 locID: 102654967829758604 bcsId: 0} | ret=SUCCESS |  
2019-08-21 12:28:20,348 | INFO  | DNAudit | user=null | ip=null | op=WRITE_CHUNK {blockData=conID: 2 locID: 102654967829758604 bcsId: 0} | ret=SUCCESS |  
2019-08-21 12:28:20,349 | INFO  | DNAudit | user=null | ip=null | op=WRITE_CHUNK {blockData=conID: 2 locID: 102654967829758604 bcsId: 0} | ret=SUCCESS |  
2019-08-21 12:28:20,350 | INFO  | DNAudit | user=null | ip=null | op=WRITE_CHUNK {blockData=conID: 2 locID: 102654967829758604 bcsId: 0} | ret=SUCCESS |  
2019-08-21 12:28:20,360 | INFO  | DNAudit | user=null | ip=null | op=WRITE_CHUNK {blockData=conID: 2 locID: 102654967829758604 bcsId: 0} | ret=SUCCESS |  
2019-08-21 12:28:20,360 | INFO  | DNAudit | user=null | ip=null | op=PUT_BLOCK {blockData=[blockId=conID: 2 locID: 102654967829758604 bcsId: 0,size=1048576]} | ret=SUCCESS |  
2019-08-21 12:28:20,361 | INFO  | DNAudit | user=null | ip=null | op=WRITE_CHUNK {blockData=conID: 2 locID: 102654967829758604 bcsId: 0} | ret=SUCCESS |  
2019-08-21 12:28:20,361 [grpc-default-executor-4] INFO  client.GrpcClientProtocolClient (GrpcClientProtocolClient.java:onNext(255)) - client-C954105195FD->270584e6-a4a8-4db5-8151-214655ce1a56: receive RaftClientReply:client-C954105195FD->270584e6-a4a8-4db5-8151-214655ce1a56@group-787F5BA3AA67, cid=3080, SUCCESS, logIndex=4630, commits[270584e6-a4a8-4db5-8151-214655ce1a56:c4631, af078b8b-61ec-497f-9506-472d46a72462:c4629, 09fb9ab4-1b8d-44c0-9f8c-50855c6f1fed:c4629]
2019-08-21 12:28:20,361 | INFO  | DNAudit | user=null | ip=null | op=PUT_BLOCK {blockData=[blockId=conID: 2 locID: 102654967829758604 bcsId: 0,size=2097152]} | ret=SUCCESS |  
2019-08-21 12:28:20,361 [grpc-default-executor-4] INFO  client.GrpcClientProtocolClient (GrpcClientProtocolClient.java:onNext(255)) - client-C954105195FD->270584e6-a4a8-4db5-8151-214655ce1a56: receive RaftClientReply:client-C954105195FD->270584e6-a4a8-4db5-8151-214655ce1a56@group-787F5BA3AA67, cid=3081, SUCCESS, logIndex=4631, commits[270584e6-a4a8-4db5-8151-214655ce1a56:c4633, af078b8b-61ec-497f-9506-472d46a72462:c4629, 09fb9ab4-1b8d-44c0-9f8c-50855c6f1fed:c4629]
2019-08-21 12:28:20,362 [grpc-default-executor-4] INFO  client.GrpcClientProtocolClient (GrpcClientProtocolClient.java:onNext(255)) - client-C954105195FD->270584e6-a4a8-4db5-8151-214655ce1a56: receive RaftClientReply:client-C954105195FD->270584e6-a4a8-4db5-8151-214655ce1a56@group-787F5BA3AA67, cid=3082, SUCCESS, logIndex=4632, commits[270584e6-a4a8-4db5-8151-214655ce1a56:c4633, af078b8b-61ec-497f-9506-472d46a72462:c4629, 09fb9ab4-1b8d-44c0-9f8c-50855c6f1fed:c4629]
2019-08-21 12:28:20,362 [grpc-default-executor-4] INFO  client.GrpcClientProtocolClient (GrpcClientProtocolClient.java:onNext(255)) - client-C954105195FD->270584e6-a4a8-4db5-8151-214655ce1a56: receive RaftClientReply:client-C954105195FD->270584e6-a4a8-4db5-8151-214655ce1a56@group-787F5BA3AA67, cid=3083, SUCCESS, logIndex=4633, commits[270584e6-a4a8-4db5-8151-214655ce1a56:c4633, af078b8b-61ec-497f-9506-472d46a72462:c4629, 09fb9ab4-1b8d-44c0-9f8c-50855c6f1fed:c4629]
2019-08-21 12:28:20,372 | INFO  | DNAudit | user=null | ip=null | op=WRITE_CHUNK {blockData=conID: 2 locID: 102654967829758604 bcsId: 0} | ret=SUCCESS |  
2019-08-21 12:28:20,372 | INFO  | DNAudit | user=null | ip=null | op=WRITE_CHUNK {blockData=conID: 2 locID: 102654967829758604 bcsId: 0} | ret=SUCCESS |  
2019-08-21 12:28:20,373 | INFO  | DNAudit | user=null | ip=null | op=PUT_BLOCK {blockData=[blockId=conID: 2 locID: 102654967829758604 bcsId: 0,size=1048576]} | ret=SUCCESS |  
2019-08-21 12:28:20,373 | INFO  | DNAudit | user=null | ip=null | op=PUT_BLOCK {blockData=[blockId=conID: 2 locID: 102654967829758604 bcsId: 0,size=1048576]} | ret=SUCCESS |  
2019-08-21 12:28:20,373 [grpc-default-executor-4] INFO  client.GrpcClientProtocolClient (GrpcClientProtocolClient.java:onNext(255)) - client-C954105195FD->270584e6-a4a8-4db5-8151-214655ce1a56: receive RaftClientReply:client-C954105195FD->270584e6-a4a8-4db5-8151-214655ce1a56@group-787F5BA3AA67, cid=3084, SUCCESS, logIndex=0, commits[270584e6-a4a8-4db5-8151-214655ce1a56:c4633, af078b8b-61ec-497f-9506-472d46a72462:c4631, 09fb9ab4-1b8d-44c0-9f8c-50855c6f1fed:c4631]
2019-08-21 12:28:20,380 | INFO  | DNAudit | user=null | ip=null | op=WRITE_CHUNK {blockData=conID: 2 locID: 102654967829758604 bcsId: 4633} | ret=SUCCESS |  
2019-08-21 12:28:20,381 | INFO  | DNAudit | user=null | ip=null | op=WRITE_CHUNK {blockData=conID: 2 locID: 102654967829758604 bcsId: 4633} | ret=SUCCESS |  
2019-08-21 12:28:20,381 | INFO  | DNAudit | user=null | ip=null | op=WRITE_CHUNK {blockData=conID: 2 locID: 102654967829758604 bcsId: 4633} | ret=SUCCESS |  
2019-08-21 12:28:20,385 | INFO  | DNAudit | user=null | ip=null | op=WRITE_CHUNK {blockData=conID: 2 locID: 102654967829758604 bcsId: 0} | ret=SUCCESS |  
2019-08-21 12:28:20,386 | INFO  | DNAudit | user=null | ip=null | op=PUT_BLOCK {blockData=[blockId=conID: 2 locID: 102654967829758604 bcsId: 0,size=2097152]} | ret=SUCCESS |  
2019-08-21 12:28:20,386 | INFO  | DNAudit | user=null | ip=null | op=WRITE_CHUNK {blockData=conID: 2 locID: 102654967829758604 bcsId: 0} | ret=SUCCESS |  
2019-08-21 12:28:20,386 | INFO  | DNAudit | user=null | ip=null | op=PUT_BLOCK {blockData=[blockId=conID: 2 locID: 102654967829758604 bcsId: 0,size=2097152]} | ret=SUCCESS |  
2019-08-21 12:28:20,387 | INFO  | DNAudit | user=null | ip=null | op=WRITE_CHUNK {blockData=conID: 2 locID: 102654967829758604 bcsId: 4633} | ret=SUCCESS |  
2019-08-21 12:28:20,387 | INFO  | DNAudit | user=null | ip=null | op=PUT_BLOCK {blockData=[blockId=conID: 2 locID: 102654967829758604 bcsId: 0,size=3145728]} | ret=SUCCESS |  
2019-08-21 12:28:20,388 [grpc-default-executor-4] INFO  client.GrpcClientProtocolClient (GrpcClientProtocolClient.java:onNext(255)) - client-C954105195FD->270584e6-a4a8-4db5-8151-214655ce1a56: receive RaftClientReply:client-C954105195FD->270584e6-a4a8-4db5-8151-214655ce1a56@group-787F5BA3AA67, cid=3085, SUCCESS, logIndex=4638, commits[270584e6-a4a8-4db5-8151-214655ce1a56:c4639, af078b8b-61ec-497f-9506-472d46a72462:c4633, 09fb9ab4-1b8d-44c0-9f8c-50855c6f1fed:c4635]
2019-08-21 12:28:20,388 [grpc-default-executor-4] INFO  client.GrpcClientProtocolClient (GrpcClientProtocolClient.java:onNext(255)) - client-C954105195FD->270584e6-a4a8-4db5-8151-214655ce1a56: receive RaftClientReply:client-C954105195FD->270584e6-a4a8-4db5-8151-214655ce1a56@group-787F5BA3AA67, cid=3086, SUCCESS, logIndex=4639, commits[270584e6-a4a8-4db5-8151-214655ce1a56:c4639, af078b8b-61ec-497f-9506-472d46a72462:c4635, 09fb9ab4-1b8d-44c0-9f8c-50855c6f1fed:c4635]
2019-08-21 12:28:20,388 | INFO  | DNAudit | user=null | ip=null | op=WRITE_CHUNK {blockData=conID: 2 locID: 102654967829758604 bcsId: 4633} | ret=SUCCESS |  
2019-08-21 12:28:20,388 | INFO  | DNAudit | user=null | ip=null | op=WRITE_CHUNK {blockData=conID: 2 locID: 102654967829758604 bcsId: 4633} | ret=SUCCESS |  
2019-08-21 12:28:20,389 | INFO  | DNAudit | user=null | ip=null | op=PUT_BLOCK {blockData=[blockId=conID: 2 locID: 102654967829758604 bcsId: 0,size=3145728]} | ret=SUCCESS |  
2019-08-21 12:28:20,389 | INFO  | DNAudit | user=null | ip=null | op=PUT_BLOCK {blockData=[blockId=conID: 2 locID: 102654967829758604 bcsId: 0,size=3145728]} | ret=SUCCESS |  
2019-08-21 12:28:20,395 | INFO  | DNAudit | user=null | ip=null | op=WRITE_CHUNK {blockData=conID: 2 locID: 102654967829758604 bcsId: 4639} | ret=SUCCESS |  
2019-08-21 12:28:20,397 | INFO  | DNAudit | user=null | ip=null | op=WRITE_CHUNK {blockData=conID: 2 locID: 102654967829758604 bcsId: 4639} | ret=SUCCESS |  
2019-08-21 12:28:20,397 | INFO  | DNAudit | user=null | ip=null | op=WRITE_CHUNK {blockData=conID: 2 locID: 102654967829758604 bcsId: 4639} | ret=SUCCESS |  
2019-08-21 12:28:20,408 | INFO  | DNAudit | user=null | ip=null | op=WRITE_CHUNK {blockData=conID: 2 locID: 102654967829758604 bcsId: 4639} | ret=SUCCESS |  
2019-08-21 12:28:20,408 | INFO  | DNAudit | user=null | ip=null | op=PUT_BLOCK {blockData=[blockId=conID: 2 locID: 102654967829758604 bcsId: 0,size=4194304]} | ret=SUCCESS |  
2019-08-21 12:28:20,408 [grpc-default-executor-2] INFO  client.GrpcClientProtocolClient (GrpcClientProtocolClient.java:onNext(255)) - client-C954105195FD->270584e6-a4a8-4db5-8151-214655ce1a56: receive RaftClientReply:client-C954105195FD->270584e6-a4a8-4db5-8151-214655ce1a56@group-787F5BA3AA67, cid=3087, SUCCESS, logIndex=4642, commits[270584e6-a4a8-4db5-8151-214655ce1a56:c4643, af078b8b-61ec-497f-9506-472d46a72462:c4641, 09fb9ab4-1b8d-44c0-9f8c-50855c6f1fed:c4641]
2019-08-21 12:28:20,409 [grpc-default-executor-2] INFO  client.GrpcClientProtocolClient (GrpcClientProtocolClient.java:onNext(255)) - client-C954105195FD->270584e6-a4a8-4db5-8151-214655ce1a56: receive RaftClientReply:client-C954105195FD->270584e6-a4a8-4db5-8151-214655ce1a56@group-787F5BA3AA67, cid=3088, SUCCESS, logIndex=4643, commits[270584e6-a4a8-4db5-8151-214655ce1a56:c4643, af078b8b-61ec-497f-9506-472d46a72462:c4641, 09fb9ab4-1b8d-44c0-9f8c-50855c6f1fed:c4641]
2019-08-21 12:28:20,421 | INFO  | DNAudit | user=null | ip=null | op=WRITE_CHUNK {blockData=conID: 2 locID: 102654967829758604 bcsId: 4639} | ret=SUCCESS |  
2019-08-21 12:28:20,421 | INFO  | DNAudit | user=null | ip=null | op=WRITE_CHUNK {blockData=conID: 2 locID: 102654967829758604 bcsId: 4639} | ret=SUCCESS |  
2019-08-21 12:28:20,433 | INFO  | DNAudit | user=null | ip=null | op=PUT_BLOCK {blockData=[blockId=conID: 2 locID: 102654967829758604 bcsId: 0,size=4194304]} | ret=SUCCESS |  
2019-08-21 12:28:20,433 | INFO  | DNAudit | user=null | ip=null | op=PUT_BLOCK {blockData=[blockId=conID: 2 locID: 102654967829758604 bcsId: 0,size=4194304]} | ret=SUCCESS |  
2019-08-21 12:28:20,433 [grpc-default-executor-1] INFO  client.GrpcClientProtocolClient (GrpcClientProtocolClient.java:onNext(255)) - client-C954105195FD->270584e6-a4a8-4db5-8151-214655ce1a56: receive RaftClientReply:client-C954105195FD->270584e6-a4a8-4db5-8151-214655ce1a56@group-787F5BA3AA67, cid=3089, SUCCESS, logIndex=0, commits[270584e6-a4a8-4db5-8151-214655ce1a56:c4645, af078b8b-61ec-497f-9506-472d46a72462:c4643, 09fb9ab4-1b8d-44c0-9f8c-50855c6f1fed:c4643]
2019-08-21 12:28:20,441 | INFO  | SCMAudit | user=jenkins1000 | ip=192.168.34.23 | op=ALLOCATE_BLOCK {owner=b79f83c9-5f7d-4caf-af30-78af34bc5eea, size=4194304, type=RATIS, factor=THREE} | ret=SUCCESS |  
2019-08-21 12:28:20,445 | INFO  | OMAudit | user=jenkins1000 | ip=127.0.0.1 | op=ALLOCATE_BLOCK {volume=vol-0-06517, bucket=bucket-0-64549, key=key-0-34512, dataSize=0, replicationType=null, replicationFactor=null, keyLocationInfo=null, clientID=102654965997830546} | ret=SUCCESS |  
2019-08-21 12:28:20,454 | INFO  | DNAudit | user=null | ip=null | op=WRITE_CHUNK {blockData=conID: 3 locID: 102654967836836493 bcsId: 0} | ret=SUCCESS |  
2019-08-21 12:28:20,457 | INFO  | DNAudit | user=null | ip=null | op=WRITE_CHUNK {blockData=conID: 3 locID: 102654967836836493 bcsId: 0} | ret=SUCCESS |  
2019-08-21 12:28:20,458 | INFO  | DNAudit | user=null | ip=null | op=WRITE_CHUNK {blockData=conID: 3 locID: 102654967836836493 bcsId: 0} | ret=SUCCESS |  
2019-08-21 12:28:20,458 | INFO  | DNAudit | user=null | ip=null | op=WRITE_CHUNK {blockData=conID: 3 locID: 102654967836836493 bcsId: 0} | ret=SUCCESS |  
2019-08-21 12:28:20,460 | INFO  | DNAudit | user=null | ip=null | op=WRITE_CHUNK {blockData=conID: 3 locID: 102654967836836493 bcsId: 0} | ret=SUCCESS |  
2019-08-21 12:28:20,461 | INFO  | DNAudit | user=null | ip=null | op=WRITE_CHUNK {blockData=conID: 3 locID: 102654967836836493 bcsId: 0} | ret=SUCCESS |  
2019-08-21 12:28:20,469 | INFO  | DNAudit | user=null | ip=null | op=WRITE_CHUNK {blockData=conID: 3 locID: 102654967836836493 bcsId: 0} | ret=SUCCESS |  
2019-08-21 12:28:20,469 | INFO  | DNAudit | user=null | ip=null | op=PUT_BLOCK {blockData=[blockId=conID: 3 locID: 102654967836836493 bcsId: 0,size=1048576]} | ret=SUCCESS |  
2019-08-21 12:28:20,470 [grpc-default-executor-2] INFO  client.GrpcClientProtocolClient (GrpcClientProtocolClient.java:onNext(255)) - client-C954105195FD->270584e6-a4a8-4db5-8151-214655ce1a56: receive RaftClientReply:client-C954105195FD->270584e6-a4a8-4db5-8151-214655ce1a56@group-787F5BA3AA67, cid=3090, SUCCESS, logIndex=4646, commits[270584e6-a4a8-4db5-8151-214655ce1a56:c4647, af078b8b-61ec-497f-9506-472d46a72462:c4645, 09fb9ab4-1b8d-44c0-9f8c-50855c6f1fed:c4645]
2019-08-21 12:28:20,470 [grpc-default-executor-2] INFO  client.GrpcClientProtocolClient (GrpcClientProtocolClient.java:onNext(255)) - client-C954105195FD->270584e6-a4a8-4db5-8151-214655ce1a56: receive RaftClientReply:client-C954105195FD->270584e6-a4a8-4db5-8151-214655ce1a56@group-787F5BA3AA67, cid=3091, SUCCESS, logIndex=4647, commits[270584e6-a4a8-4db5-8151-214655ce1a56:c4647, af078b8b-61ec-497f-9506-472d46a72462:c4645, 09fb9ab4-1b8d-44c0-9f8c-50855c6f1fed:c4645]
2019-08-21 12:28:20,478 | INFO  | DNAudit | user=null | ip=null | op=WRITE_CHUNK {blockData=conID: 3 locID: 102654967836836493 bcsId: 0} | ret=SUCCESS |  
2019-08-21 12:28:20,479 | INFO  | DNAudit | user=null | ip=null | op=PUT_BLOCK {blockData=[blockId=conID: 3 locID: 102654967836836493 bcsId: 0,size=2097152]} | ret=SUCCESS |  
2019-08-21 12:28:20,479 [grpc-default-executor-1] INFO  client.GrpcClientProtocolClient (GrpcClientProtocolClient.java:onNext(255)) - client-C954105195FD->270584e6-a4a8-4db5-8151-214655ce1a56: receive RaftClientReply:client-C954105195FD->270584e6-a4a8-4db5-8151-214655ce1a56@group-787F5BA3AA67, cid=3092, SUCCESS, logIndex=4648, commits[270584e6-a4a8-4db5-8151-214655ce1a56:c4649, af078b8b-61ec-497f-9506-472d46a72462:c4645, 09fb9ab4-1b8d-44c0-9f8c-50855c6f1fed:c4645]
2019-08-21 12:28:20,480 [grpc-default-executor-1] INFO  client.GrpcClientProtocolClient (GrpcClientProtocolClient.java:onNext(255)) - client-C954105195FD->270584e6-a4a8-4db5-8151-214655ce1a56: receive RaftClientReply:client-C954105195FD->270584e6-a4a8-4db5-8151-214655ce1a56@group-787F5BA3AA67, cid=3093, SUCCESS, logIndex=4649, commits[270584e6-a4a8-4db5-8151-214655ce1a56:c4649, af078b8b-61ec-497f-9506-472d46a72462:c4645, 09fb9ab4-1b8d-44c0-9f8c-50855c6f1fed:c4645]
2019-08-21 12:28:20,481 | INFO  | DNAudit | user=null | ip=null | op=WRITE_CHUNK {blockData=conID: 3 locID: 102654967836836493 bcsId: 0} | ret=SUCCESS |  
2019-08-21 12:28:20,494 | INFO  | DNAudit | user=null | ip=null | op=WRITE_CHUNK {blockData=conID: 3 locID: 102654967836836493 bcsId: 0} | ret=SUCCESS |  
2019-08-21 12:28:20,494 | INFO  | DNAudit | user=null | ip=null | op=PUT_BLOCK {blockData=[blockId=conID: 3 locID: 102654967836836493 bcsId: 0,size=1048576]} | ret=SUCCESS |  
2019-08-21 12:28:20,494 | INFO  | DNAudit | user=null | ip=null | op=PUT_BLOCK {blockData=[blockId=conID: 3 locID: 102654967836836493 bcsId: 0,size=1048576]} | ret=SUCCESS |  
2019-08-21 12:28:20,494 | INFO  | DNAudit | user=null | ip=null | op=WRITE_CHUNK {blockData=conID: 3 locID: 102654967836836493 bcsId: 0} | ret=SUCCESS |  
2019-08-21 12:28:20,494 | INFO  | DNAudit | user=null | ip=null | op=WRITE_CHUNK {blockData=conID: 3 locID: 102654967836836493 bcsId: 0} | ret=SUCCESS |  
2019-08-21 12:28:20,495 | INFO  | DNAudit | user=null | ip=null | op=PUT_BLOCK {blockData=[blockId=conID: 3 locID: 102654967836836493 bcsId: 0,size=2097152]} | ret=SUCCESS |  
2019-08-21 12:28:20,495 | INFO  | DNAudit | user=null | ip=null | op=PUT_BLOCK {blockData=[blockId=conID: 3 locID: 102654967836836493 bcsId: 0,size=2097152]} | ret=SUCCESS |  
2019-08-21 12:28:20,495 [grpc-default-executor-2] INFO  client.GrpcClientProtocolClient (GrpcClientProtocolClient.java:onNext(255)) - client-C954105195FD->270584e6-a4a8-4db5-8151-214655ce1a56: receive RaftClientReply:client-C954105195FD->270584e6-a4a8-4db5-8151-214655ce1a56@group-787F5BA3AA67, cid=3094, SUCCESS, logIndex=0, commits[270584e6-a4a8-4db5-8151-214655ce1a56:c4651, af078b8b-61ec-497f-9506-472d46a72462:c4647, 09fb9ab4-1b8d-44c0-9f8c-50855c6f1fed:c4647]
2019-08-21 12:28:20,503 | INFO  | DNAudit | user=null | ip=null | op=WRITE_CHUNK {blockData=conID: 3 locID: 102654967836836493 bcsId: 4649} | ret=SUCCESS |  
2019-08-21 12:28:20,506 | INFO  | DNAudit | user=null | ip=null | op=WRITE_CHUNK {blockData=conID: 3 locID: 102654967836836493 bcsId: 4649} | ret=SUCCESS |  
2019-08-21 12:28:20,507 | INFO  | DNAudit | user=null | ip=null | op=WRITE_CHUNK {blockData=conID: 3 locID: 102654967836836493 bcsId: 4649} | ret=SUCCESS |  
2019-08-21 12:28:20,518 | INFO  | DNAudit | user=null | ip=null | op=WRITE_CHUNK {blockData=conID: 3 locID: 102654967836836493 bcsId: 4649} | ret=SUCCESS |  
2019-08-21 12:28:20,519 | INFO  | DNAudit | user=null | ip=null | op=PUT_BLOCK {blockData=[blockId=conID: 3 locID: 102654967836836493 bcsId: 0,size=3145728]} | ret=SUCCESS |  
2019-08-21 12:28:20,519 [grpc-default-executor-1] INFO  client.GrpcClientProtocolClient (GrpcClientProtocolClient.java:onNext(255)) - client-C954105195FD->270584e6-a4a8-4db5-8151-214655ce1a56: receive RaftClientReply:client-C954105195FD->270584e6-a4a8-4db5-8151-214655ce1a56@group-787F5BA3AA67, cid=3095, SUCCESS, logIndex=4653, commits[270584e6-a4a8-4db5-8151-214655ce1a56:c4654, af078b8b-61ec-497f-9506-472d46a72462:c4651, 09fb9ab4-1b8d-44c0-9f8c-50855c6f1fed:c4651]
2019-08-21 12:28:20,519 [grpc-default-executor-1] INFO  client.GrpcClientProtocolClient (GrpcClientProtocolClient.java:onNext(255)) - client-C954105195FD->270584e6-a4a8-4db5-8151-214655ce1a56: receive RaftClientReply:client-C954105195FD->270584e6-a4a8-4db5-8151-214655ce1a56@group-787F5BA3AA67, cid=3096, SUCCESS, logIndex=4654, commits[270584e6-a4a8-4db5-8151-214655ce1a56:c4654, af078b8b-61ec-497f-9506-472d46a72462:c4651, 09fb9ab4-1b8d-44c0-9f8c-50855c6f1fed:c4651]
2019-08-21 12:28:20,527 | INFO  | DNAudit | user=null | ip=null | op=WRITE_CHUNK {blockData=conID: 3 locID: 102654967836836493 bcsId: 4654} | ret=SUCCESS |  
2019-08-21 12:28:20,529 | INFO  | DNAudit | user=null | ip=null | op=WRITE_CHUNK {blockData=conID: 3 locID: 102654967836836493 bcsId: 4654} | ret=SUCCESS |  
2019-08-21 12:28:20,530 | INFO  | DNAudit | user=null | ip=null | op=WRITE_CHUNK {blockData=conID: 3 locID: 102654967836836493 bcsId: 4654} | ret=SUCCESS |  
2019-08-21 12:28:20,531 | INFO  | DNAudit | user=null | ip=null | op=WRITE_CHUNK {blockData=conID: 3 locID: 102654967836836493 bcsId: 4649} | ret=SUCCESS |  
2019-08-21 12:28:20,531 | INFO  | DNAudit | user=null | ip=null | op=PUT_BLOCK {blockData=[blockId=conID: 3 locID: 102654967836836493 bcsId: 0,size=3145728]} | ret=SUCCESS |  
2019-08-21 12:28:20,533 | INFO  | DNAudit | user=null | ip=null | op=WRITE_CHUNK {blockData=conID: 3 locID: 102654967836836493 bcsId: 4649} | ret=SUCCESS |  
2019-08-21 12:28:20,533 | INFO  | DNAudit | user=null | ip=null | op=PUT_BLOCK {blockData=[blockId=conID: 3 locID: 102654967836836493 bcsId: 0,size=3145728]} | ret=SUCCESS |  
2019-08-21 12:28:20,536 | INFO  | DNAudit | user=null | ip=null | op=WRITE_CHUNK {blockData=conID: 3 locID: 102654967836836493 bcsId: 4654} | ret=SUCCESS |  
2019-08-21 12:28:20,537 | INFO  | DNAudit | user=null | ip=null | op=PUT_BLOCK {blockData=[blockId=conID: 3 locID: 102654967836836493 bcsId: 0,size=4194304]} | ret=SUCCESS |  
2019-08-21 12:28:20,537 [grpc-default-executor-2] INFO  client.GrpcClientProtocolClient (GrpcClientProtocolClient.java:onNext(255)) - client-C954105195FD->270584e6-a4a8-4db5-8151-214655ce1a56: receive RaftClientReply:client-C954105195FD->270584e6-a4a8-4db5-8151-214655ce1a56@group-787F5BA3AA67, cid=3097, SUCCESS, logIndex=4657, commits[270584e6-a4a8-4db5-8151-214655ce1a56:c4658, af078b8b-61ec-497f-9506-472d46a72462:c4654, 09fb9ab4-1b8d-44c0-9f8c-50855c6f1fed:c4654]
2019-08-21 12:28:20,538 [grpc-default-executor-2] INFO  client.GrpcClientProtocolClient (GrpcClientProtocolClient.java:onNext(255)) - client-C954105195FD->270584e6-a4a8-4db5-8151-214655ce1a56: receive RaftClientReply:client-C954105195FD->270584e6-a4a8-4db5-8151-214655ce1a56@group-787F5BA3AA67, cid=3098, SUCCESS, logIndex=4658, commits[270584e6-a4a8-4db5-8151-214655ce1a56:c4658, af078b8b-61ec-497f-9506-472d46a72462:c4654, 09fb9ab4-1b8d-44c0-9f8c-50855c6f1fed:c4654]
2019-08-21 12:28:20,540 | INFO  | DNAudit | user=null | ip=null | op=WRITE_CHUNK {blockData=conID: 3 locID: 102654967836836493 bcsId: 4654} | ret=SUCCESS |  
2019-08-21 12:28:20,540 | INFO  | DNAudit | user=null | ip=null | op=WRITE_CHUNK {blockData=conID: 3 locID: 102654967836836493 bcsId: 4654} | ret=SUCCESS |  
2019-08-21 12:28:20,540 | INFO  | DNAudit | user=null | ip=null | op=PUT_BLOCK {blockData=[blockId=conID: 3 locID: 102654967836836493 bcsId: 0,size=4194304]} | ret=SUCCESS |  
2019-08-21 12:28:20,540 | INFO  | DNAudit | user=null | ip=null | op=PUT_BLOCK {blockData=[blockId=conID: 3 locID: 102654967836836493 bcsId: 0,size=4194304]} | ret=SUCCESS |  
2019-08-21 12:28:20,540 [grpc-default-executor-2] INFO  client.GrpcClientProtocolClient (GrpcClientProtocolClient.java:onNext(255)) - client-C954105195FD->270584e6-a4a8-4db5-8151-214655ce1a56: receive RaftClientReply:client-C954105195FD->270584e6-a4a8-4db5-8151-214655ce1a56@group-787F5BA3AA67, cid=3099, SUCCESS, logIndex=0, commits[270584e6-a4a8-4db5-8151-214655ce1a56:c4659, af078b8b-61ec-497f-9506-472d46a72462:c4658, 09fb9ab4-1b8d-44c0-9f8c-50855c6f1fed:c4658]
2019-08-21 12:28:20,546 | INFO  | SCMAudit | user=jenkins1000 | ip=192.168.34.23 | op=ALLOCATE_BLOCK {owner=b79f83c9-5f7d-4caf-af30-78af34bc5eea, size=4194304, type=RATIS, factor=THREE} | ret=SUCCESS |  
2019-08-21 12:28:20,549 | INFO  | OMAudit | user=jenkins1000 | ip=127.0.0.1 | op=ALLOCATE_BLOCK {volume=vol-0-06517, bucket=bucket-0-64549, key=key-0-34512, dataSize=0, replicationType=null, replicationFactor=null, keyLocationInfo=null, clientID=102654965997830546} | ret=SUCCESS |  
2019-08-21 12:28:20,557 | INFO  | DNAudit | user=null | ip=null | op=WRITE_CHUNK {blockData=conID: 1 locID: 102654967843717774 bcsId: 0} | ret=SUCCESS |  
2019-08-21 12:28:20,560 | INFO  | DNAudit | user=null | ip=null | op=WRITE_CHUNK {blockData=conID: 1 locID: 102654967843717774 bcsId: 0} | ret=SUCCESS |  
2019-08-21 12:28:20,560 | INFO  | DNAudit | user=null | ip=null | op=WRITE_CHUNK {blockData=conID: 1 locID: 102654967843717774 bcsId: 0} | ret=SUCCESS |  
2019-08-21 12:28:20,561 | INFO  | DNAudit | user=null | ip=null | op=WRITE_CHUNK {blockData=conID: 1 locID: 102654967843717774 bcsId: 0} | ret=SUCCESS |  
2019-08-21 12:28:20,563 | INFO  | DNAudit | user=null | ip=null | op=WRITE_CHUNK {blockData=conID: 1 locID: 102654967843717774 bcsId: 0} | ret=SUCCESS |  
2019-08-21 12:28:20,563 | INFO  | DNAudit | user=null | ip=null | op=WRITE_CHUNK {blockData=conID: 1 locID: 102654967843717774 bcsId: 0} | ret=SUCCESS |  
2019-08-21 12:28:20,580 | INFO  | DNAudit | user=null | ip=null | op=WRITE_CHUNK {blockData=conID: 1 locID: 102654967843717774 bcsId: 0} | ret=SUCCESS |  
2019-08-21 12:28:20,581 | INFO  | DNAudit | user=null | ip=null | op=PUT_BLOCK {blockData=[blockId=conID: 1 locID: 102654967843717774 bcsId: 0,size=1048576]} | ret=SUCCESS |  
2019-08-21 12:28:20,581 [grpc-default-executor-1] INFO  client.GrpcClientProtocolClient (GrpcClientProtocolClient.java:onNext(255)) - client-C954105195FD->270584e6-a4a8-4db5-8151-214655ce1a56: receive RaftClientReply:client-C954105195FD->270584e6-a4a8-4db5-8151-214655ce1a56@group-787F5BA3AA67, cid=3100, SUCCESS, logIndex=4660, commits[270584e6-a4a8-4db5-8151-214655ce1a56:c4661, af078b8b-61ec-497f-9506-472d46a72462:c4659, 09fb9ab4-1b8d-44c0-9f8c-50855c6f1fed:c4659]
2019-08-21 12:28:20,581 | INFO  | DNAudit | user=null | ip=null | op=WRITE_CHUNK {blockData=conID: 1 locID: 102654967843717774 bcsId: 0} | ret=SUCCESS |  
2019-08-21 12:28:20,582 | INFO  | DNAudit | user=null | ip=null | op=PUT_BLOCK {blockData=[blockId=conID: 1 locID: 102654967843717774 bcsId: 0,size=2097152]} | ret=SUCCESS |  
2019-08-21 12:28:20,582 [grpc-default-executor-1] INFO  client.GrpcClientProtocolClient (GrpcClientProtocolClient.java:onNext(255)) - client-C954105195FD->270584e6-a4a8-4db5-8151-214655ce1a56: receive RaftClientReply:client-C954105195FD->270584e6-a4a8-4db5-8151-214655ce1a56@group-787F5BA3AA67, cid=3101, SUCCESS, logIndex=4661, commits[270584e6-a4a8-4db5-8151-214655ce1a56:c4663, af078b8b-61ec-497f-9506-472d46a72462:c4659, 09fb9ab4-1b8d-44c0-9f8c-50855c6f1fed:c4659]
2019-08-21 12:28:20,582 [grpc-default-executor-1] INFO  client.GrpcClientProtocolClient (GrpcClientProtocolClient.java:onNext(255)) - client-C954105195FD->270584e6-a4a8-4db5-8151-214655ce1a56: receive RaftClientReply:client-C954105195FD->270584e6-a4a8-4db5-8151-214655ce1a56@group-787F5BA3AA67, cid=3102, SUCCESS, logIndex=4662, commits[270584e6-a4a8-4db5-8151-214655ce1a56:c4663, af078b8b-61ec-497f-9506-472d46a72462:c4659, 09fb9ab4-1b8d-44c0-9f8c-50855c6f1fed:c4659]
2019-08-21 12:28:20,583 [grpc-default-executor-1] INFO  client.GrpcClientProtocolClient (GrpcClientProtocolClient.java:onNext(255)) - client-C954105195FD->270584e6-a4a8-4db5-8151-214655ce1a56: receive RaftClientReply:client-C954105195FD->270584e6-a4a8-4db5-8151-214655ce1a56@group-787F5BA3AA67, cid=3103, SUCCESS, logIndex=4663, commits[270584e6-a4a8-4db5-8151-214655ce1a56:c4663, af078b8b-61ec-497f-9506-472d46a72462:c4659, 09fb9ab4-1b8d-44c0-9f8c-50855c6f1fed:c4659]
2019-08-21 12:28:20,583 | INFO  | DNAudit | user=null | ip=null | op=WRITE_CHUNK {blockData=conID: 1 locID: 102654967843717774 bcsId: 0} | ret=SUCCESS |  
2019-08-21 12:28:20,584 | INFO  | DNAudit | user=null | ip=null | op=PUT_BLOCK {blockData=[blockId=conID: 1 locID: 102654967843717774 bcsId: 0,size=1048576]} | ret=SUCCESS |  
2019-08-21 12:28:20,594 | INFO  | DNAudit | user=null | ip=null | op=WRITE_CHUNK {blockData=conID: 1 locID: 102654967843717774 bcsId: 0} | ret=SUCCESS |  
2019-08-21 12:28:20,594 | INFO  | DNAudit | user=null | ip=null | op=PUT_BLOCK {blockData=[blockId=conID: 1 locID: 102654967843717774 bcsId: 0,size=1048576]} | ret=SUCCESS |  
2019-08-21 12:28:20,595 | INFO  | DNAudit | user=null | ip=null | op=WRITE_CHUNK {blockData=conID: 1 locID: 102654967843717774 bcsId: 0} | ret=SUCCESS |  
2019-08-21 12:28:20,595 [grpc-default-executor-5] INFO  client.GrpcClientProtocolClient (GrpcClientProtocolClient.java:onNext(255)) - client-C954105195FD->270584e6-a4a8-4db5-8151-214655ce1a56: receive RaftClientReply:client-C954105195FD->270584e6-a4a8-4db5-8151-214655ce1a56@group-787F5BA3AA67, cid=3104, SUCCESS, logIndex=0, commits[270584e6-a4a8-4db5-8151-214655ce1a56:c4664, af078b8b-61ec-497f-9506-472d46a72462:c4661, 09fb9ab4-1b8d-44c0-9f8c-50855c6f1fed:c4661]
2019-08-21 12:28:20,595 | INFO  | DNAudit | user=null | ip=null | op=PUT_BLOCK {blockData=[blockId=conID: 1 locID: 102654967843717774 bcsId: 0,size=2097152]} | ret=SUCCESS |  
2019-08-21 12:28:20,595 | INFO  | DNAudit | user=null | ip=null | op=WRITE_CHUNK {blockData=conID: 1 locID: 102654967843717774 bcsId: 0} | ret=SUCCESS |  
2019-08-21 12:28:20,596 | INFO  | DNAudit | user=null | ip=null | op=PUT_BLOCK {blockData=[blockId=conID: 1 locID: 102654967843717774 bcsId: 0,size=2097152]} | ret=SUCCESS |  
2019-08-21 12:28:20,603 | INFO  | DNAudit | user=null | ip=null | op=WRITE_CHUNK {blockData=conID: 1 locID: 102654967843717774 bcsId: 4663} | ret=SUCCESS |  
2019-08-21 12:28:20,606 | INFO  | DNAudit | user=null | ip=null | op=WRITE_CHUNK {blockData=conID: 1 locID: 102654967843717774 bcsId: 4663} | ret=SUCCESS |  
2019-08-21 12:28:20,607 | INFO  | DNAudit | user=null | ip=null | op=WRITE_CHUNK {blockData=conID: 1 locID: 102654967843717774 bcsId: 4663} | ret=SUCCESS |  
2019-08-21 12:28:20,615 | INFO  | DNAudit | user=null | ip=null | op=WRITE_CHUNK {blockData=conID: 1 locID: 102654967843717774 bcsId: 4663} | ret=SUCCESS |  
2019-08-21 12:28:20,616 | INFO  | DNAudit | user=null | ip=null | op=PUT_BLOCK {blockData=[blockId=conID: 1 locID: 102654967843717774 bcsId: 0,size=3145728]} | ret=SUCCESS |  
2019-08-21 12:28:20,616 [grpc-default-executor-1] INFO  client.GrpcClientProtocolClient (GrpcClientProtocolClient.java:onNext(255)) - client-C954105195FD->270584e6-a4a8-4db5-8151-214655ce1a56: receive RaftClientReply:client-C954105195FD->270584e6-a4a8-4db5-8151-214655ce1a56@group-787F5BA3AA67, cid=3105, SUCCESS, logIndex=4668, commits[270584e6-a4a8-4db5-8151-214655ce1a56:c4669, af078b8b-61ec-497f-9506-472d46a72462:c4667, 09fb9ab4-1b8d-44c0-9f8c-50855c6f1fed:c4667]
2019-08-21 12:28:20,617 [grpc-default-executor-1] INFO  client.GrpcClientProtocolClient (GrpcClientProtocolClient.java:onNext(255)) - client-C954105195FD->270584e6-a4a8-4db5-8151-214655ce1a56: receive RaftClientReply:client-C954105195FD->270584e6-a4a8-4db5-8151-214655ce1a56@group-787F5BA3AA67, cid=3106, SUCCESS, logIndex=4669, commits[270584e6-a4a8-4db5-8151-214655ce1a56:c4669, af078b8b-61ec-497f-9506-472d46a72462:c4667, 09fb9ab4-1b8d-44c0-9f8c-50855c6f1fed:c4667]
2019-08-21 12:28:20,625 | INFO  | DNAudit | user=null | ip=null | op=WRITE_CHUNK {blockData=conID: 1 locID: 102654967843717774 bcsId: 4669} | ret=SUCCESS |  
2019-08-21 12:28:20,628 | INFO  | DNAudit | user=null | ip=null | op=WRITE_CHUNK {blockData=conID: 1 locID: 102654967843717774 bcsId: 4669} | ret=SUCCESS |  
2019-08-21 12:28:20,628 | INFO  | DNAudit | user=null | ip=null | op=WRITE_CHUNK {blockData=conID: 1 locID: 102654967843717774 bcsId: 4669} | ret=SUCCESS |  
2019-08-21 12:28:20,629 | INFO  | DNAudit | user=null | ip=null | op=WRITE_CHUNK {blockData=conID: 1 locID: 102654967843717774 bcsId: 4663} | ret=SUCCESS |  
2019-08-21 12:28:20,629 | INFO  | DNAudit | user=null | ip=null | op=WRITE_CHUNK {blockData=conID: 1 locID: 102654967843717774 bcsId: 4663} | ret=SUCCESS |  
2019-08-21 12:28:20,629 | INFO  | DNAudit | user=null | ip=null | op=PUT_BLOCK {blockData=[blockId=conID: 1 locID: 102654967843717774 bcsId: 0,size=3145728]} | ret=SUCCESS |  
2019-08-21 12:28:20,629 | INFO  | DNAudit | user=null | ip=null | op=PUT_BLOCK {blockData=[blockId=conID: 1 locID: 102654967843717774 bcsId: 0,size=3145728]} | ret=SUCCESS |  
2019-08-21 12:28:20,642 | INFO  | DNAudit | user=null | ip=null | op=WRITE_CHUNK {blockData=conID: 1 locID: 102654967843717774 bcsId: 4669} | ret=SUCCESS |  
2019-08-21 12:28:20,642 | INFO  | DNAudit | user=null | ip=null | op=PUT_BLOCK {blockData=[blockId=conID: 1 locID: 102654967843717774 bcsId: 0,size=4194304]} | ret=SUCCESS |  
2019-08-21 12:28:20,643 [grpc-default-executor-1] INFO  client.GrpcClientProtocolClient (GrpcClientProtocolClient.java:onNext(255)) - client-C954105195FD->270584e6-a4a8-4db5-8151-214655ce1a56: receive RaftClientReply:client-C954105195FD->270584e6-a4a8-4db5-8151-214655ce1a56@group-787F5BA3AA67, cid=3107, SUCCESS, logIndex=4672, commits[270584e6-a4a8-4db5-8151-214655ce1a56:c4673, af078b8b-61ec-497f-9506-472d46a72462:c4669, 09fb9ab4-1b8d-44c0-9f8c-50855c6f1fed:c4669]
2019-08-21 12:28:20,643 [grpc-default-executor-1] INFO  client.GrpcClientProtocolClient (GrpcClientProtocolClient.java:onNext(255)) - client-C954105195FD->270584e6-a4a8-4db5-8151-214655ce1a56: receive RaftClientReply:client-C954105195FD->270584e6-a4a8-4db5-8151-214655ce1a56@group-787F5BA3AA67, cid=3108, SUCCESS, logIndex=4673, commits[270584e6-a4a8-4db5-8151-214655ce1a56:c4673, af078b8b-61ec-497f-9506-472d46a72462:c4669, 09fb9ab4-1b8d-44c0-9f8c-50855c6f1fed:c4669]
2019-08-21 12:28:20,655 | INFO  | DNAudit | user=null | ip=null | op=WRITE_CHUNK {blockData=conID: 1 locID: 102654967843717774 bcsId: 4669} | ret=SUCCESS |  
2019-08-21 12:28:20,656 | INFO  | DNAudit | user=null | ip=null | op=WRITE_CHUNK {blockData=conID: 1 locID: 102654967843717774 bcsId: 4669} | ret=SUCCESS |  
2019-08-21 12:28:20,668 | INFO  | DNAudit | user=null | ip=null | op=PUT_BLOCK {blockData=[blockId=conID: 1 locID: 102654967843717774 bcsId: 0,size=4194304]} | ret=SUCCESS |  
2019-08-21 12:28:20,669 | INFO  | DNAudit | user=null | ip=null | op=PUT_BLOCK {blockData=[blockId=conID: 1 locID: 102654967843717774 bcsId: 0,size=4194304]} | ret=SUCCESS |  
2019-08-21 12:28:20,669 [grpc-default-executor-1] INFO  client.GrpcClientProtocolClient (GrpcClientProtocolClient.java:onNext(255)) - client-C954105195FD->270584e6-a4a8-4db5-8151-214655ce1a56: receive RaftClientReply:client-C954105195FD->270584e6-a4a8-4db5-8151-214655ce1a56@group-787F5BA3AA67, cid=3109, SUCCESS, logIndex=0, commits[270584e6-a4a8-4db5-8151-214655ce1a56:c4675, af078b8b-61ec-497f-9506-472d46a72462:c4673, 09fb9ab4-1b8d-44c0-9f8c-50855c6f1fed:c4673]
2019-08-21 12:28:20,679 | INFO  | SCMAudit | user=jenkins1000 | ip=192.168.34.23 | op=ALLOCATE_BLOCK {owner=b79f83c9-5f7d-4caf-af30-78af34bc5eea, size=4194304, type=RATIS, factor=THREE} | ret=SUCCESS |  
2019-08-21 12:28:20,685 | INFO  | OMAudit | user=jenkins1000 | ip=127.0.0.1 | op=ALLOCATE_BLOCK {volume=vol-0-06517, bucket=bucket-0-64549, key=key-0-34512, dataSize=0, replicationType=null, replicationFactor=null, keyLocationInfo=null, clientID=102654965997830546} | ret=SUCCESS |  
2019-08-21 12:28:20,694 | INFO  | DNAudit | user=null | ip=null | op=WRITE_CHUNK {blockData=conID: 2 locID: 102654967852499599 bcsId: 0} | ret=SUCCESS |  
2019-08-21 12:28:20,697 | INFO  | DNAudit | user=null | ip=null | op=WRITE_CHUNK {blockData=conID: 2 locID: 102654967852499599 bcsId: 0} | ret=SUCCESS |  
2019-08-21 12:28:20,697 | INFO  | DNAudit | user=null | ip=null | op=WRITE_CHUNK {blockData=conID: 2 locID: 102654967852499599 bcsId: 0} | ret=SUCCESS |  
2019-08-21 12:28:20,698 | INFO  | DNAudit | user=null | ip=null | op=WRITE_CHUNK {blockData=conID: 2 locID: 102654967852499599 bcsId: 0} | ret=SUCCESS |  
2019-08-21 12:28:20,700 | INFO  | DNAudit | user=null | ip=null | op=WRITE_CHUNK {blockData=conID: 2 locID: 102654967852499599 bcsId: 0} | ret=SUCCESS |  
2019-08-21 12:28:20,701 | INFO  | DNAudit | user=null | ip=null | op=WRITE_CHUNK {blockData=conID: 2 locID: 102654967852499599 bcsId: 0} | ret=SUCCESS |  
2019-08-21 12:28:20,708 | INFO  | DNAudit | user=null | ip=null | op=WRITE_CHUNK {blockData=conID: 2 locID: 102654967852499599 bcsId: 0} | ret=SUCCESS |  
2019-08-21 12:28:20,709 | INFO  | DNAudit | user=null | ip=null | op=PUT_BLOCK {blockData=[blockId=conID: 2 locID: 102654967852499599 bcsId: 0,size=1048576]} | ret=SUCCESS |  
2019-08-21 12:28:20,709 [grpc-default-executor-2] INFO  client.GrpcClientProtocolClient (GrpcClientProtocolClient.java:onNext(255)) - client-C954105195FD->270584e6-a4a8-4db5-8151-214655ce1a56: receive RaftClientReply:client-C954105195FD->270584e6-a4a8-4db5-8151-214655ce1a56@group-787F5BA3AA67, cid=3110, SUCCESS, logIndex=4676, commits[270584e6-a4a8-4db5-8151-214655ce1a56:c4677, af078b8b-61ec-497f-9506-472d46a72462:c4675, 09fb9ab4-1b8d-44c0-9f8c-50855c6f1fed:c4675]
2019-08-21 12:28:20,710 [grpc-default-executor-2] INFO  client.GrpcClientProtocolClient (GrpcClientProtocolClient.java:onNext(255)) - client-C954105195FD->270584e6-a4a8-4db5-8151-214655ce1a56: receive RaftClientReply:client-C954105195FD->270584e6-a4a8-4db5-8151-214655ce1a56@group-787F5BA3AA67, cid=3111, SUCCESS, logIndex=4677, commits[270584e6-a4a8-4db5-8151-214655ce1a56:c4677, af078b8b-61ec-497f-9506-472d46a72462:c4675, 09fb9ab4-1b8d-44c0-9f8c-50855c6f1fed:c4675]
2019-08-21 12:28:20,721 | INFO  | DNAudit | user=null | ip=null | op=WRITE_CHUNK {blockData=conID: 2 locID: 102654967852499599 bcsId: 0} | ret=SUCCESS |  
2019-08-21 12:28:20,722 | INFO  | DNAudit | user=null | ip=null | op=PUT_BLOCK {blockData=[blockId=conID: 2 locID: 102654967852499599 bcsId: 0,size=2097152]} | ret=SUCCESS |  
2019-08-21 12:28:20,722 | INFO  | DNAudit | user=null | ip=null | op=WRITE_CHUNK {blockData=conID: 2 locID: 102654967852499599 bcsId: 0} | ret=SUCCESS |  
2019-08-21 12:28:20,722 [grpc-default-executor-2] INFO  client.GrpcClientProtocolClient (GrpcClientProtocolClient.java:onNext(255)) - client-C954105195FD->270584e6-a4a8-4db5-8151-214655ce1a56: receive RaftClientReply:client-C954105195FD->270584e6-a4a8-4db5-8151-214655ce1a56@group-787F5BA3AA67, cid=3112, SUCCESS, logIndex=4678, commits[270584e6-a4a8-4db5-8151-214655ce1a56:c4679, af078b8b-61ec-497f-9506-472d46a72462:c4675, 09fb9ab4-1b8d-44c0-9f8c-50855c6f1fed:c4675]
2019-08-21 12:28:20,722 | INFO  | DNAudit | user=null | ip=null | op=PUT_BLOCK {blockData=[blockId=conID: 2 locID: 102654967852499599 bcsId: 0,size=1048576]} | ret=SUCCESS |  
2019-08-21 12:28:20,723 | INFO  | DNAudit | user=null | ip=null | op=WRITE_CHUNK {blockData=conID: 2 locID: 102654967852499599 bcsId: 0} | ret=SUCCESS |  
2019-08-21 12:28:20,723 [grpc-default-executor-2] INFO  client.GrpcClientProtocolClient (GrpcClientProtocolClient.java:onNext(255)) - client-C954105195FD->270584e6-a4a8-4db5-8151-214655ce1a56: receive RaftClientReply:client-C954105195FD->270584e6-a4a8-4db5-8151-214655ce1a56@group-787F5BA3AA67, cid=3113, SUCCESS, logIndex=4679, commits[270584e6-a4a8-4db5-8151-214655ce1a56:c4680, af078b8b-61ec-497f-9506-472d46a72462:c4675, 09fb9ab4-1b8d-44c0-9f8c-50855c6f1fed:c4676]
2019-08-21 12:28:20,723 | INFO  | DNAudit | user=null | ip=null | op=PUT_BLOCK {blockData=[blockId=conID: 2 locID: 102654967852499599 bcsId: 0,size=1048576]} | ret=SUCCESS |  
2019-08-21 12:28:20,724 [grpc-default-executor-2] INFO  client.GrpcClientProtocolClient (GrpcClientProtocolClient.java:onNext(255)) - client-C954105195FD->270584e6-a4a8-4db5-8151-214655ce1a56: receive RaftClientReply:client-C954105195FD->270584e6-a4a8-4db5-8151-214655ce1a56@group-787F5BA3AA67, cid=3114, SUCCESS, logIndex=0, commits[270584e6-a4a8-4db5-8151-214655ce1a56:c4681, af078b8b-61ec-497f-9506-472d46a72462:c4677, 09fb9ab4-1b8d-44c0-9f8c-50855c6f1fed:c4677]
2019-08-21 12:28:20,733 | INFO  | DNAudit | user=null | ip=null | op=WRITE_CHUNK {blockData=conID: 2 locID: 102654967852499599 bcsId: 4679} | ret=SUCCESS |  
2019-08-21 12:28:20,734 | INFO  | DNAudit | user=null | ip=null | op=WRITE_CHUNK {blockData=conID: 2 locID: 102654967852499599 bcsId: 0} | ret=SUCCESS |  
2019-08-21 12:28:20,735 | INFO  | DNAudit | user=null | ip=null | op=PUT_BLOCK {blockData=[blockId=conID: 2 locID: 102654967852499599 bcsId: 0,size=2097152]} | ret=SUCCESS |  
2019-08-21 12:28:20,736 | INFO  | DNAudit | user=null | ip=null | op=WRITE_CHUNK {blockData=conID: 2 locID: 102654967852499599 bcsId: 0} | ret=SUCCESS |  
2019-08-21 12:28:20,736 | INFO  | DNAudit | user=null | ip=null | op=WRITE_CHUNK {blockData=conID: 2 locID: 102654967852499599 bcsId: 4679} | ret=SUCCESS |  
2019-08-21 12:28:20,736 | INFO  | DNAudit | user=null | ip=null | op=PUT_BLOCK {blockData=[blockId=conID: 2 locID: 102654967852499599 bcsId: 0,size=2097152]} | ret=SUCCESS |  
2019-08-21 12:28:20,737 | INFO  | DNAudit | user=null | ip=null | op=WRITE_CHUNK {blockData=conID: 2 locID: 102654967852499599 bcsId: 4679} | ret=SUCCESS |  
2019-08-21 12:28:20,749 | INFO  | DNAudit | user=null | ip=null | op=WRITE_CHUNK {blockData=conID: 2 locID: 102654967852499599 bcsId: 4679} | ret=SUCCESS |  
2019-08-21 12:28:20,750 | INFO  | DNAudit | user=null | ip=null | op=PUT_BLOCK {blockData=[blockId=conID: 2 locID: 102654967852499599 bcsId: 0,size=3145728]} | ret=SUCCESS |  
2019-08-21 12:28:20,750 [grpc-default-executor-2] INFO  client.GrpcClientProtocolClient (GrpcClientProtocolClient.java:onNext(255)) - client-C954105195FD->270584e6-a4a8-4db5-8151-214655ce1a56: receive RaftClientReply:client-C954105195FD->270584e6-a4a8-4db5-8151-214655ce1a56@group-787F5BA3AA67, cid=3115, SUCCESS, logIndex=4684, commits[270584e6-a4a8-4db5-8151-214655ce1a56:c4685, af078b8b-61ec-497f-9506-472d46a72462:c4681, 09fb9ab4-1b8d-44c0-9f8c-50855c6f1fed:c4681]
2019-08-21 12:28:20,751 [grpc-default-executor-2] INFO  client.GrpcClientProtocolClient (GrpcClientProtocolClient.java:onNext(255)) - client-C954105195FD->270584e6-a4a8-4db5-8151-214655ce1a56: receive RaftClientReply:client-C954105195FD->270584e6-a4a8-4db5-8151-214655ce1a56@group-787F5BA3AA67, cid=3116, SUCCESS, logIndex=4685, commits[270584e6-a4a8-4db5-8151-214655ce1a56:c4685, af078b8b-61ec-497f-9506-472d46a72462:c4681, 09fb9ab4-1b8d-44c0-9f8c-50855c6f1fed:c4681]
2019-08-21 12:28:20,759 | INFO  | DNAudit | user=null | ip=null | op=WRITE_CHUNK {blockData=conID: 2 locID: 102654967852499599 bcsId: 4685} | ret=SUCCESS |  
2019-08-21 12:28:20,762 | INFO  | DNAudit | user=null | ip=null | op=WRITE_CHUNK {blockData=conID: 2 locID: 102654967852499599 bcsId: 4685} | ret=SUCCESS |  
2019-08-21 12:28:20,762 | INFO  | DNAudit | user=null | ip=null | op=WRITE_CHUNK {blockData=conID: 2 locID: 102654967852499599 bcsId: 4685} | ret=SUCCESS |  
2019-08-21 12:28:20,780 | INFO  | DNAudit | user=null | ip=null | op=WRITE_CHUNK {blockData=conID: 2 locID: 102654967852499599 bcsId: 4679} | ret=SUCCESS |  
2019-08-21 12:28:20,780 | INFO  | DNAudit | user=null | ip=null | op=WRITE_CHUNK {blockData=conID: 2 locID: 102654967852499599 bcsId: 4679} | ret=SUCCESS |  
2019-08-21 12:28:20,783 | INFO  | DNAudit | user=null | ip=null | op=PUT_BLOCK {blockData=[blockId=conID: 2 locID: 102654967852499599 bcsId: 0,size=3145728]} | ret=SUCCESS |  
2019-08-21 12:28:20,784 | INFO  | DNAudit | user=null | ip=null | op=PUT_BLOCK {blockData=[blockId=conID: 2 locID: 102654967852499599 bcsId: 0,size=3145728]} | ret=SUCCESS |  
2019-08-21 12:28:20,784 | INFO  | DNAudit | user=null | ip=null | op=WRITE_CHUNK {blockData=conID: 2 locID: 102654967852499599 bcsId: 4685} | ret=SUCCESS |  
2019-08-21 12:28:20,785 | INFO  | DNAudit | user=null | ip=null | op=PUT_BLOCK {blockData=[blockId=conID: 2 locID: 102654967852499599 bcsId: 0,size=4194304]} | ret=SUCCESS |  
2019-08-21 12:28:20,785 [grpc-default-executor-1] INFO  client.GrpcClientProtocolClient (GrpcClientProtocolClient.java:onNext(255)) - client-C954105195FD->270584e6-a4a8-4db5-8151-214655ce1a56: receive RaftClientReply:client-C954105195FD->270584e6-a4a8-4db5-8151-214655ce1a56@group-787F5BA3AA67, cid=3117, SUCCESS, logIndex=4688, commits[270584e6-a4a8-4db5-8151-214655ce1a56:c4689, af078b8b-61ec-497f-9506-472d46a72462:c4685, 09fb9ab4-1b8d-44c0-9f8c-50855c6f1fed:c4685]
2019-08-21 12:28:20,786 [grpc-default-executor-1] INFO  client.GrpcClientProtocolClient (GrpcClientProtocolClient.java:onNext(255)) - client-C954105195FD->270584e6-a4a8-4db5-8151-214655ce1a56: receive RaftClientReply:client-C954105195FD->270584e6-a4a8-4db5-8151-214655ce1a56@group-787F5BA3AA67, cid=3118, SUCCESS, logIndex=4689, commits[270584e6-a4a8-4db5-8151-214655ce1a56:c4689, af078b8b-61ec-497f-9506-472d46a72462:c4685, 09fb9ab4-1b8d-44c0-9f8c-50855c6f1fed:c4685]
2019-08-21 12:28:20,795 | INFO  | DNAudit | user=null | ip=null | op=WRITE_CHUNK {blockData=conID: 2 locID: 102654967852499599 bcsId: 4685} | ret=SUCCESS |  
2019-08-21 12:28:20,795 | INFO  | DNAudit | user=null | ip=null | op=WRITE_CHUNK {blockData=conID: 2 locID: 102654967852499599 bcsId: 4685} | ret=SUCCESS |  
2019-08-21 12:28:20,795 | INFO  | DNAudit | user=null | ip=null | op=PUT_BLOCK {blockData=[blockId=conID: 2 locID: 102654967852499599 bcsId: 0,size=4194304]} | ret=SUCCESS |  
2019-08-21 12:28:20,797 | INFO  | DNAudit | user=null | ip=null | op=PUT_BLOCK {blockData=[blockId=conID: 2 locID: 102654967852499599 bcsId: 0,size=4194304]} | ret=SUCCESS |  
2019-08-21 12:28:20,798 [grpc-default-executor-1] INFO  client.GrpcClientProtocolClient (GrpcClientProtocolClient.java:onNext(255)) - client-C954105195FD->270584e6-a4a8-4db5-8151-214655ce1a56: receive RaftClientReply:client-C954105195FD->270584e6-a4a8-4db5-8151-214655ce1a56@group-787F5BA3AA67, cid=3119, SUCCESS, logIndex=0, commits[270584e6-a4a8-4db5-8151-214655ce1a56:c4691, af078b8b-61ec-497f-9506-472d46a72462:c4689, 09fb9ab4-1b8d-44c0-9f8c-50855c6f1fed:c4689]
 0.00% |█                                                                                                    |  0/1 Time: 0:00:292019-08-21 12:28:21,548 | INFO  | SCMAudit | user=jenkins1000 | ip=192.168.34.23 | op=SEND_HEARTBEAT {datanodeUUID=0aa4def6-fe9f-4182-b0b1-80406548816f, command=[]} | ret=SUCCESS |  
2019-08-21 12:28:21,548 | INFO  | SCMAudit | user=jenkins1000 | ip=192.168.34.23 | op=SEND_HEARTBEAT {datanodeUUID=39ae8c09-9b4b-4ddc-906b-4e52d104e1b1, command=[]} | ret=SUCCESS |  
2019-08-21 12:28:21,548 | INFO  | SCMAudit | user=jenkins1000 | ip=192.168.34.23 | op=SEND_HEARTBEAT {datanodeUUID=270584e6-a4a8-4db5-8151-214655ce1a56, command=[]} | ret=SUCCESS |  
2019-08-21 12:28:21,549 | INFO  | SCMAudit | user=jenkins1000 | ip=192.168.34.23 | op=SEND_HEARTBEAT {datanodeUUID=af078b8b-61ec-497f-9506-472d46a72462, command=[]} | ret=SUCCESS |  
2019-08-21 12:28:21,549 | INFO  | SCMAudit | user=jenkins1000 | ip=192.168.34.23 | op=SEND_HEARTBEAT {datanodeUUID=09fb9ab4-1b8d-44c0-9f8c-50855c6f1fed, command=[]} | ret=SUCCESS |  
2019-08-21 12:28:21,549 | INFO  | SCMAudit | user=jenkins1000 | ip=192.168.34.23 | op=ALLOCATE_BLOCK {owner=b79f83c9-5f7d-4caf-af30-78af34bc5eea, size=4194304, type=RATIS, factor=THREE} | ret=SUCCESS |  
2019-08-21 12:28:21,554 | INFO  | OMAudit | user=jenkins1000 | ip=127.0.0.1 | op=ALLOCATE_BLOCK {volume=vol-0-06517, bucket=bucket-0-64549, key=key-0-34512, dataSize=0, replicationType=null, replicationFactor=null, keyLocationInfo=null, clientID=102654965997830546} | ret=SUCCESS |  
2019-08-21 12:28:21,564 | INFO  | DNAudit | user=null | ip=null | op=WRITE_CHUNK {blockData=conID: 3 locID: 102654967909515920 bcsId: 0} | ret=SUCCESS |  
2019-08-21 12:28:21,567 | INFO  | DNAudit | user=null | ip=null | op=WRITE_CHUNK {blockData=conID: 3 locID: 102654967909515920 bcsId: 0} | ret=SUCCESS |  
2019-08-21 12:28:21,567 | INFO  | DNAudit | user=null | ip=null | op=WRITE_CHUNK {blockData=conID: 3 locID: 102654967909515920 bcsId: 0} | ret=SUCCESS |  
2019-08-21 12:28:21,568 | INFO  | DNAudit | user=null | ip=null | op=WRITE_CHUNK {blockData=conID: 3 locID: 102654967909515920 bcsId: 0} | ret=SUCCESS |  
2019-08-21 12:28:21,570 | INFO  | DNAudit | user=null | ip=null | op=WRITE_CHUNK {blockData=conID: 3 locID: 102654967909515920 bcsId: 0} | ret=SUCCESS |  
2019-08-21 12:28:21,570 | INFO  | DNAudit | user=null | ip=null | op=WRITE_CHUNK {blockData=conID: 3 locID: 102654967909515920 bcsId: 0} | ret=SUCCESS |  
2019-08-21 12:28:21,577 | INFO  | DNAudit | user=null | ip=null | op=WRITE_CHUNK {blockData=conID: 3 locID: 102654967909515920 bcsId: 0} | ret=SUCCESS |  
2019-08-21 12:28:21,578 | INFO  | DNAudit | user=null | ip=null | op=PUT_BLOCK {blockData=[blockId=conID: 3 locID: 102654967909515920 bcsId: 0,size=1048576]} | ret=SUCCESS |  
2019-08-21 12:28:21,578 | INFO  | DNAudit | user=null | ip=null | op=WRITE_CHUNK {blockData=conID: 3 locID: 102654967909515920 bcsId: 0} | ret=SUCCESS |  
2019-08-21 12:28:21,578 [grpc-default-executor-2] INFO  client.GrpcClientProtocolClient (GrpcClientProtocolClient.java:onNext(255)) - client-C954105195FD->270584e6-a4a8-4db5-8151-214655ce1a56: receive RaftClientReply:client-C954105195FD->270584e6-a4a8-4db5-8151-214655ce1a56@group-787F5BA3AA67, cid=3120, SUCCESS, logIndex=4692, commits[270584e6-a4a8-4db5-8151-214655ce1a56:c4694, af078b8b-61ec-497f-9506-472d46a72462:c4691, 09fb9ab4-1b8d-44c0-9f8c-50855c6f1fed:c4691]
2019-08-21 12:28:21,579 | INFO  | DNAudit | user=null | ip=null | op=PUT_BLOCK {blockData=[blockId=conID: 3 locID: 102654967909515920 bcsId: 0,size=2097152]} | ret=SUCCESS |  
2019-08-21 12:28:21,579 [grpc-default-executor-2] INFO  client.GrpcClientProtocolClient (GrpcClientProtocolClient.java:onNext(255)) - client-C954105195FD->270584e6-a4a8-4db5-8151-214655ce1a56: receive RaftClientReply:client-C954105195FD->270584e6-a4a8-4db5-8151-214655ce1a56@group-787F5BA3AA67, cid=3121, SUCCESS, logIndex=4693, commits[270584e6-a4a8-4db5-8151-214655ce1a56:c4695, af078b8b-61ec-497f-9506-472d46a72462:c4691, 09fb9ab4-1b8d-44c0-9f8c-50855c6f1fed:c4691]
2019-08-21 12:28:21,579 [grpc-default-executor-2] INFO  client.GrpcClientProtocolClient (GrpcClientProtocolClient.java:onNext(255)) - client-C954105195FD->270584e6-a4a8-4db5-8151-214655ce1a56: receive RaftClientReply:client-C954105195FD->270584e6-a4a8-4db5-8151-214655ce1a56@group-787F5BA3AA67, cid=3122, SUCCESS, logIndex=4694, commits[270584e6-a4a8-4db5-8151-214655ce1a56:c4695, af078b8b-61ec-497f-9506-472d46a72462:c4691, 09fb9ab4-1b8d-44c0-9f8c-50855c6f1fed:c4691]
2019-08-21 12:28:21,579 [grpc-default-executor-2] INFO  client.GrpcClientProtocolClient (GrpcClientProtocolClient.java:onNext(255)) - client-C954105195FD->270584e6-a4a8-4db5-8151-214655ce1a56: receive RaftClientReply:client-C954105195FD->270584e6-a4a8-4db5-8151-214655ce1a56@group-787F5BA3AA67, cid=3123, SUCCESS, logIndex=4695, commits[270584e6-a4a8-4db5-8151-214655ce1a56:c4695, af078b8b-61ec-497f-9506-472d46a72462:c4691, 09fb9ab4-1b8d-44c0-9f8c-50855c6f1fed:c4691]
2019-08-21 12:28:21,590 | INFO  | DNAudit | user=null | ip=null | op=WRITE_CHUNK {blockData=conID: 3 locID: 102654967909515920 bcsId: 0} | ret=SUCCESS |  
2019-08-21 12:28:21,590 | INFO  | DNAudit | user=null | ip=null | op=WRITE_CHUNK {blockData=conID: 3 locID: 102654967909515920 bcsId: 0} | ret=SUCCESS |  
2019-08-21 12:28:21,590 | INFO  | DNAudit | user=null | ip=null | op=PUT_BLOCK {blockData=[blockId=conID: 3 locID: 102654967909515920 bcsId: 0,size=1048576]} | ret=SUCCESS |  
2019-08-21 12:28:21,590 | INFO  | DNAudit | user=null | ip=null | op=WRITE_CHUNK {blockData=conID: 3 locID: 102654967909515920 bcsId: 0} | ret=SUCCESS |  
2019-08-21 12:28:21,590 | INFO  | DNAudit | user=null | ip=null | op=PUT_BLOCK {blockData=[blockId=conID: 3 locID: 102654967909515920 bcsId: 0,size=1048576]} | ret=SUCCESS |  
2019-08-21 12:28:21,591 [grpc-default-executor-5] INFO  client.GrpcClientProtocolClient (GrpcClientProtocolClient.java:onNext(255)) - client-C954105195FD->270584e6-a4a8-4db5-8151-214655ce1a56: receive RaftClientReply:client-C954105195FD->270584e6-a4a8-4db5-8151-214655ce1a56@group-787F5BA3AA67, cid=3124, SUCCESS, logIndex=0, commits[270584e6-a4a8-4db5-8151-214655ce1a56:c4696, af078b8b-61ec-497f-9506-472d46a72462:c4693, 09fb9ab4-1b8d-44c0-9f8c-50855c6f1fed:c4693]
2019-08-21 12:28:21,599 | INFO  | DNAudit | user=null | ip=null | op=WRITE_CHUNK {blockData=conID: 3 locID: 102654967909515920 bcsId: 4695} | ret=SUCCESS |  
2019-08-21 12:28:21,602 | INFO  | DNAudit | user=null | ip=null | op=PUT_BLOCK {blockData=[blockId=conID: 3 locID: 102654967909515920 bcsId: 0,size=2097152]} | ret=SUCCESS |  
2019-08-21 12:28:21,603 | INFO  | DNAudit | user=null | ip=null | op=WRITE_CHUNK {blockData=conID: 3 locID: 102654967909515920 bcsId: 0} | ret=SUCCESS |  
2019-08-21 12:28:21,603 | INFO  | DNAudit | user=null | ip=null | op=PUT_BLOCK {blockData=[blockId=conID: 3 locID: 102654967909515920 bcsId: 0,size=2097152]} | ret=SUCCESS |  
2019-08-21 12:28:21,604 | INFO  | DNAudit | user=null | ip=null | op=WRITE_CHUNK {blockData=conID: 3 locID: 102654967909515920 bcsId: 4695} | ret=SUCCESS |  
2019-08-21 12:28:21,605 | INFO  | DNAudit | user=null | ip=null | op=WRITE_CHUNK {blockData=conID: 3 locID: 102654967909515920 bcsId: 4695} | ret=SUCCESS |  
2019-08-21 12:28:21,616 | INFO  | DNAudit | user=null | ip=null | op=WRITE_CHUNK {blockData=conID: 3 locID: 102654967909515920 bcsId: 4695} | ret=SUCCESS |  
2019-08-21 12:28:21,616 | INFO  | DNAudit | user=null | ip=null | op=PUT_BLOCK {blockData=[blockId=conID: 3 locID: 102654967909515920 bcsId: 0,size=3145728]} | ret=SUCCESS |  
2019-08-21 12:28:21,616 [grpc-default-executor-4] INFO  client.GrpcClientProtocolClient (GrpcClientProtocolClient.java:onNext(255)) - client-C954105195FD->270584e6-a4a8-4db5-8151-214655ce1a56: receive RaftClientReply:client-C954105195FD->270584e6-a4a8-4db5-8151-214655ce1a56@group-787F5BA3AA67, cid=3125, SUCCESS, logIndex=4700, commits[270584e6-a4a8-4db5-8151-214655ce1a56:c4701, af078b8b-61ec-497f-9506-472d46a72462:c4696, 09fb9ab4-1b8d-44c0-9f8c-50855c6f1fed:c4696]
2019-08-21 12:28:21,617 [grpc-default-executor-4] INFO  client.GrpcClientProtocolClient (GrpcClientProtocolClient.java:onNext(255)) - client-C954105195FD->270584e6-a4a8-4db5-8151-214655ce1a56: receive RaftClientReply:client-C954105195FD->270584e6-a4a8-4db5-8151-214655ce1a56@group-787F5BA3AA67, cid=3126, SUCCESS, logIndex=4701, commits[270584e6-a4a8-4db5-8151-214655ce1a56:c4701, af078b8b-61ec-497f-9506-472d46a72462:c4696, 09fb9ab4-1b8d-44c0-9f8c-50855c6f1fed:c4696]
2019-08-21 12:28:21,625 | INFO  | DNAudit | user=null | ip=null | op=WRITE_CHUNK {blockData=conID: 3 locID: 102654967909515920 bcsId: 4701} | ret=SUCCESS |  
2019-08-21 12:28:21,627 | INFO  | DNAudit | user=null | ip=null | op=WRITE_CHUNK {blockData=conID: 3 locID: 102654967909515920 bcsId: 4701} | ret=SUCCESS |  
2019-08-21 12:28:21,628 | INFO  | DNAudit | user=null | ip=null | op=WRITE_CHUNK {blockData=conID: 3 locID: 102654967909515920 bcsId: 4701} | ret=SUCCESS |  
2019-08-21 12:28:21,629 | INFO  | DNAudit | user=null | ip=null | op=WRITE_CHUNK {blockData=conID: 3 locID: 102654967909515920 bcsId: 4695} | ret=SUCCESS |  
2019-08-21 12:28:21,629 | INFO  | DNAudit | user=null | ip=null | op=WRITE_CHUNK {blockData=conID: 3 locID: 102654967909515920 bcsId: 4695} | ret=SUCCESS |  
2019-08-21 12:28:21,642 | INFO  | DNAudit | user=null | ip=null | op=PUT_BLOCK {blockData=[blockId=conID: 3 locID: 102654967909515920 bcsId: 0,size=3145728]} | ret=SUCCESS |  
2019-08-21 12:28:21,642 | INFO  | DNAudit | user=null | ip=null | op=PUT_BLOCK {blockData=[blockId=conID: 3 locID: 102654967909515920 bcsId: 0,size=3145728]} | ret=SUCCESS |  
2019-08-21 12:28:21,642 | INFO  | DNAudit | user=null | ip=null | op=WRITE_CHUNK {blockData=conID: 3 locID: 102654967909515920 bcsId: 4701} | ret=SUCCESS |  
2019-08-21 12:28:21,643 | INFO  | DNAudit | user=null | ip=null | op=PUT_BLOCK {blockData=[blockId=conID: 3 locID: 102654967909515920 bcsId: 0,size=4194304]} | ret=SUCCESS |  
2019-08-21 12:28:21,643 [grpc-default-executor-4] INFO  client.GrpcClientProtocolClient (GrpcClientProtocolClient.java:onNext(255)) - client-C954105195FD->270584e6-a4a8-4db5-8151-214655ce1a56: receive RaftClientReply:client-C954105195FD->270584e6-a4a8-4db5-8151-214655ce1a56@group-787F5BA3AA67, cid=3127, SUCCESS, logIndex=4704, commits[270584e6-a4a8-4db5-8151-214655ce1a56:c4705, af078b8b-61ec-497f-9506-472d46a72462:c4701, 09fb9ab4-1b8d-44c0-9f8c-50855c6f1fed:c4701]
2019-08-21 12:28:21,644 [grpc-default-executor-4] INFO  client.GrpcClientProtocolClient (GrpcClientProtocolClient.java:onNext(255)) - client-C954105195FD->270584e6-a4a8-4db5-8151-214655ce1a56: receive RaftClientReply:client-C954105195FD->270584e6-a4a8-4db5-8151-214655ce1a56@group-787F5BA3AA67, cid=3128, SUCCESS, logIndex=4705, commits[270584e6-a4a8-4db5-8151-214655ce1a56:c4705, af078b8b-61ec-497f-9506-472d46a72462:c4701, 09fb9ab4-1b8d-44c0-9f8c-50855c6f1fed:c4701]
2019-08-21 12:28:21,655 | INFO  | DNAudit | user=null | ip=null | op=WRITE_CHUNK {blockData=conID: 3 locID: 102654967909515920 bcsId: 4701} | ret=SUCCESS |  
2019-08-21 12:28:21,655 | INFO  | DNAudit | user=null | ip=null | op=WRITE_CHUNK {blockData=conID: 3 locID: 102654967909515920 bcsId: 4701} | ret=SUCCESS |  
2019-08-21 12:28:21,675 | INFO  | DNAudit | user=null | ip=null | op=PUT_BLOCK {blockData=[blockId=conID: 3 locID: 102654967909515920 bcsId: 0,size=4194304]} | ret=SUCCESS |  
2019-08-21 12:28:21,675 | INFO  | DNAudit | user=null | ip=null | op=PUT_BLOCK {blockData=[blockId=conID: 3 locID: 102654967909515920 bcsId: 0,size=4194304]} | ret=SUCCESS |  
2019-08-21 12:28:21,676 [grpc-default-executor-4] INFO  client.GrpcClientProtocolClient (GrpcClientProtocolClient.java:onNext(255)) - client-C954105195FD->270584e6-a4a8-4db5-8151-214655ce1a56: receive RaftClientReply:client-C954105195FD->270584e6-a4a8-4db5-8151-214655ce1a56@group-787F5BA3AA67, cid=3129, SUCCESS, logIndex=0, commits[270584e6-a4a8-4db5-8151-214655ce1a56:c4707, af078b8b-61ec-497f-9506-472d46a72462:c4705, 09fb9ab4-1b8d-44c0-9f8c-50855c6f1fed:c4705]
2019-08-21 12:28:21,684 | INFO  | SCMAudit | user=jenkins1000 | ip=192.168.34.23 | op=ALLOCATE_BLOCK {owner=b79f83c9-5f7d-4caf-af30-78af34bc5eea, size=4194304, type=RATIS, factor=THREE} | ret=SUCCESS |  
2019-08-21 12:28:21,690 | INFO  | OMAudit | user=jenkins1000 | ip=127.0.0.1 | op=ALLOCATE_BLOCK {volume=vol-0-06517, bucket=bucket-0-64549, key=key-0-34512, dataSize=0, replicationType=null, replicationFactor=null, keyLocationInfo=null, clientID=102654965997830546} | ret=SUCCESS |  
2019-08-21 12:28:21,699 | INFO  | DNAudit | user=null | ip=null | op=WRITE_CHUNK {blockData=conID: 1 locID: 102654967918363281 bcsId: 0} | ret=SUCCESS |  
2019-08-21 12:28:21,704 | INFO  | DNAudit | user=null | ip=null | op=WRITE_CHUNK {blockData=conID: 1 locID: 102654967918363281 bcsId: 0} | ret=SUCCESS |  
2019-08-21 12:28:21,704 | INFO  | DNAudit | user=null | ip=null | op=WRITE_CHUNK {blockData=conID: 1 locID: 102654967918363281 bcsId: 0} | ret=SUCCESS |  
2019-08-21 12:28:21,704 | INFO  | DNAudit | user=null | ip=null | op=WRITE_CHUNK {blockData=conID: 1 locID: 102654967918363281 bcsId: 0} | ret=SUCCESS |  
2019-08-21 12:28:21,706 | INFO  | DNAudit | user=null | ip=null | op=WRITE_CHUNK {blockData=conID: 1 locID: 102654967918363281 bcsId: 0} | ret=SUCCESS |  
2019-08-21 12:28:21,706 | INFO  | DNAudit | user=null | ip=null | op=WRITE_CHUNK {blockData=conID: 1 locID: 102654967918363281 bcsId: 0} | ret=SUCCESS |  
2019-08-21 12:28:21,720 | INFO  | DNAudit | user=null | ip=null | op=WRITE_CHUNK {blockData=conID: 1 locID: 102654967918363281 bcsId: 0} | ret=SUCCESS |  
2019-08-21 12:28:21,721 | INFO  | DNAudit | user=null | ip=null | op=PUT_BLOCK {blockData=[blockId=conID: 1 locID: 102654967918363281 bcsId: 0,size=1048576]} | ret=SUCCESS |  
2019-08-21 12:28:21,722 | INFO  | DNAudit | user=null | ip=null | op=WRITE_CHUNK {blockData=conID: 1 locID: 102654967918363281 bcsId: 0} | ret=SUCCESS |  
2019-08-21 12:28:21,721 [grpc-default-executor-4] INFO  client.GrpcClientProtocolClient (GrpcClientProtocolClient.java:onNext(255)) - client-C954105195FD->270584e6-a4a8-4db5-8151-214655ce1a56: receive RaftClientReply:client-C954105195FD->270584e6-a4a8-4db5-8151-214655ce1a56@group-787F5BA3AA67, cid=3130, SUCCESS, logIndex=4708, commits[270584e6-a4a8-4db5-8151-214655ce1a56:c4710, af078b8b-61ec-497f-9506-472d46a72462:c4707, 09fb9ab4-1b8d-44c0-9f8c-50855c6f1fed:c4707]
2019-08-21 12:28:21,722 | INFO  | DNAudit | user=null | ip=null | op=PUT_BLOCK {blockData=[blockId=conID: 1 locID: 102654967918363281 bcsId: 0,size=2097152]} | ret=SUCCESS |  
2019-08-21 12:28:21,722 | INFO  | DNAudit | user=null | ip=null | op=WRITE_CHUNK {blockData=conID: 1 locID: 102654967918363281 bcsId: 0} | ret=SUCCESS |  
2019-08-21 12:28:21,722 [grpc-default-executor-1] INFO  client.GrpcClientProtocolClient (GrpcClientProtocolClient.java:onNext(255)) - client-C954105195FD->270584e6-a4a8-4db5-8151-214655ce1a56: receive RaftClientReply:client-C954105195FD->270584e6-a4a8-4db5-8151-214655ce1a56@group-787F5BA3AA67, cid=3131, SUCCESS, logIndex=4709, commits[270584e6-a4a8-4db5-8151-214655ce1a56:c4711, af078b8b-61ec-497f-9506-472d46a72462:c4707, 09fb9ab4-1b8d-44c0-9f8c-50855c6f1fed:c4707]
2019-08-21 12:28:21,722 | INFO  | DNAudit | user=null | ip=null | op=PUT_BLOCK {blockData=[blockId=conID: 1 locID: 102654967918363281 bcsId: 0,size=1048576]} | ret=SUCCESS |  
2019-08-21 12:28:21,723 [grpc-default-executor-1] INFO  client.GrpcClientProtocolClient (GrpcClientProtocolClient.java:onNext(255)) - client-C954105195FD->270584e6-a4a8-4db5-8151-214655ce1a56: receive RaftClientReply:client-C954105195FD->270584e6-a4a8-4db5-8151-214655ce1a56@group-787F5BA3AA67, cid=3132, SUCCESS, logIndex=4710, commits[270584e6-a4a8-4db5-8151-214655ce1a56:c4711, af078b8b-61ec-497f-9506-472d46a72462:c4707, 09fb9ab4-1b8d-44c0-9f8c-50855c6f1fed:c4707]
2019-08-21 12:28:21,723 | INFO  | DNAudit | user=null | ip=null | op=WRITE_CHUNK {blockData=conID: 1 locID: 102654967918363281 bcsId: 0} | ret=SUCCESS |  
2019-08-21 12:28:21,723 | INFO  | DNAudit | user=null | ip=null | op=PUT_BLOCK {blockData=[blockId=conID: 1 locID: 102654967918363281 bcsId: 0,size=1048576]} | ret=SUCCESS |  
2019-08-21 12:28:21,723 [grpc-default-executor-4] INFO  client.GrpcClientProtocolClient (GrpcClientProtocolClient.java:onNext(255)) - client-C954105195FD->270584e6-a4a8-4db5-8151-214655ce1a56: receive RaftClientReply:client-C954105195FD->270584e6-a4a8-4db5-8151-214655ce1a56@group-787F5BA3AA67, cid=3133, SUCCESS, logIndex=4711, commits[270584e6-a4a8-4db5-8151-214655ce1a56:c4713, af078b8b-61ec-497f-9506-472d46a72462:c4707, 09fb9ab4-1b8d-44c0-9f8c-50855c6f1fed:c4709]
2019-08-21 12:28:21,723 | INFO  | DNAudit | user=null | ip=null | op=WRITE_CHUNK {blockData=conID: 1 locID: 102654967918363281 bcsId: 0} | ret=SUCCESS |  
2019-08-21 12:28:21,724 | INFO  | DNAudit | user=null | ip=null | op=PUT_BLOCK {blockData=[blockId=conID: 1 locID: 102654967918363281 bcsId: 0,size=2097152]} | ret=SUCCESS |  
2019-08-21 12:28:21,724 | INFO  | DNAudit | user=null | ip=null | op=WRITE_CHUNK {blockData=conID: 1 locID: 102654967918363281 bcsId: 0} | ret=SUCCESS |  
2019-08-21 12:28:21,724 | INFO  | DNAudit | user=null | ip=null | op=PUT_BLOCK {blockData=[blockId=conID: 1 locID: 102654967918363281 bcsId: 0,size=2097152]} | ret=SUCCESS |  
2019-08-21 12:28:21,724 [grpc-default-executor-1] INFO  client.GrpcClientProtocolClient (GrpcClientProtocolClient.java:onNext(255)) - client-C954105195FD->270584e6-a4a8-4db5-8151-214655ce1a56: receive RaftClientReply:client-C954105195FD->270584e6-a4a8-4db5-8151-214655ce1a56@group-787F5BA3AA67, cid=3134, SUCCESS, logIndex=0, commits[270584e6-a4a8-4db5-8151-214655ce1a56:c4715, af078b8b-61ec-497f-9506-472d46a72462:c4711, 09fb9ab4-1b8d-44c0-9f8c-50855c6f1fed:c4711]
2019-08-21 12:28:21,733 | INFO  | DNAudit | user=null | ip=null | op=WRITE_CHUNK {blockData=conID: 1 locID: 102654967918363281 bcsId: 4711} | ret=SUCCESS |  
2019-08-21 12:28:21,736 | INFO  | DNAudit | user=null | ip=null | op=WRITE_CHUNK {blockData=conID: 1 locID: 102654967918363281 bcsId: 4711} | ret=SUCCESS |  
2019-08-21 12:28:21,737 | INFO  | DNAudit | user=null | ip=null | op=WRITE_CHUNK {blockData=conID: 1 locID: 102654967918363281 bcsId: 4711} | ret=SUCCESS |  
2019-08-21 12:28:21,747 | INFO  | DNAudit | user=null | ip=null | op=WRITE_CHUNK {blockData=conID: 1 locID: 102654967918363281 bcsId: 4711} | ret=SUCCESS |  
2019-08-21 12:28:21,748 | INFO  | DNAudit | user=null | ip=null | op=PUT_BLOCK {blockData=[blockId=conID: 1 locID: 102654967918363281 bcsId: 0,size=3145728]} | ret=SUCCESS |  
2019-08-21 12:28:21,748 [grpc-default-executor-1] INFO  client.GrpcClientProtocolClient (GrpcClientProtocolClient.java:onNext(255)) - client-C954105195FD->270584e6-a4a8-4db5-8151-214655ce1a56: receive RaftClientReply:client-C954105195FD->270584e6-a4a8-4db5-8151-214655ce1a56@group-787F5BA3AA67, cid=3135, SUCCESS, logIndex=4716, commits[270584e6-a4a8-4db5-8151-214655ce1a56:c4717, af078b8b-61ec-497f-9506-472d46a72462:c4715, 09fb9ab4-1b8d-44c0-9f8c-50855c6f1fed:c4715]
2019-08-21 12:28:21,749 [grpc-default-executor-1] INFO  client.GrpcClientProtocolClient (GrpcClientProtocolClient.java:onNext(255)) - client-C954105195FD->270584e6-a4a8-4db5-8151-214655ce1a56: receive RaftClientReply:client-C954105195FD->270584e6-a4a8-4db5-8151-214655ce1a56@group-787F5BA3AA67, cid=3136, SUCCESS, logIndex=4717, commits[270584e6-a4a8-4db5-8151-214655ce1a56:c4717, af078b8b-61ec-497f-9506-472d46a72462:c4715, 09fb9ab4-1b8d-44c0-9f8c-50855c6f1fed:c4715]
2019-08-21 12:28:21,751 | INFO  | DNAudit | user=null | ip=null | op=WRITE_CHUNK {blockData=conID: 1 locID: 102654967918363281 bcsId: 4711} | ret=SUCCESS |  
2019-08-21 12:28:21,751 | INFO  | DNAudit | user=null | ip=null | op=WRITE_CHUNK {blockData=conID: 1 locID: 102654967918363281 bcsId: 4711} | ret=SUCCESS |  
2019-08-21 12:28:21,753 | INFO  | DNAudit | user=null | ip=null | op=PUT_BLOCK {blockData=[blockId=conID: 1 locID: 102654967918363281 bcsId: 0,size=3145728]} | ret=SUCCESS |  
2019-08-21 12:28:21,754 | INFO  | DNAudit | user=null | ip=null | op=PUT_BLOCK {blockData=[blockId=conID: 1 locID: 102654967918363281 bcsId: 0,size=3145728]} | ret=SUCCESS |  
2019-08-21 12:28:21,758 | INFO  | DNAudit | user=null | ip=null | op=WRITE_CHUNK {blockData=conID: 1 locID: 102654967918363281 bcsId: 4717} | ret=SUCCESS |  
2019-08-21 12:28:21,761 | INFO  | DNAudit | user=null | ip=null | op=WRITE_CHUNK {blockData=conID: 1 locID: 102654967918363281 bcsId: 4717} | ret=SUCCESS |  
2019-08-21 12:28:21,761 | INFO  | DNAudit | user=null | ip=null | op=WRITE_CHUNK {blockData=conID: 1 locID: 102654967918363281 bcsId: 4717} | ret=SUCCESS |  
2019-08-21 12:28:21,764 | INFO  | DNAudit | user=null | ip=null | op=WRITE_CHUNK {blockData=conID: 1 locID: 102654967918363281 bcsId: 4717} | ret=SUCCESS |  
2019-08-21 12:28:21,764 | INFO  | DNAudit | user=null | ip=null | op=PUT_BLOCK {blockData=[blockId=conID: 1 locID: 102654967918363281 bcsId: 0,size=4194304]} | ret=SUCCESS |  
2019-08-21 12:28:21,765 [grpc-default-executor-2] INFO  client.GrpcClientProtocolClient (GrpcClientProtocolClient.java:onNext(255)) - client-C954105195FD->270584e6-a4a8-4db5-8151-214655ce1a56: receive RaftClientReply:client-C954105195FD->270584e6-a4a8-4db5-8151-214655ce1a56@group-787F5BA3AA67, cid=3137, SUCCESS, logIndex=4720, commits[270584e6-a4a8-4db5-8151-214655ce1a56:c4721, af078b8b-61ec-497f-9506-472d46a72462:c4719, 09fb9ab4-1b8d-44c0-9f8c-50855c6f1fed:c4719]
2019-08-21 12:28:21,765 [grpc-default-executor-2] INFO  client.GrpcClientProtocolClient (GrpcClientProtocolClient.java:onNext(255)) - client-C954105195FD->270584e6-a4a8-4db5-8151-214655ce1a56: receive RaftClientReply:client-C954105195FD->270584e6-a4a8-4db5-8151-214655ce1a56@group-787F5BA3AA67, cid=3138, SUCCESS, logIndex=4721, commits[270584e6-a4a8-4db5-8151-214655ce1a56:c4721, af078b8b-61ec-497f-9506-472d46a72462:c4719, 09fb9ab4-1b8d-44c0-9f8c-50855c6f1fed:c4719]
2019-08-21 12:28:21,766 | INFO  | DNAudit | user=null | ip=null | op=WRITE_CHUNK {blockData=conID: 1 locID: 102654967918363281 bcsId: 4717} | ret=SUCCESS |  
2019-08-21 12:28:21,766 | INFO  | DNAudit | user=null | ip=null | op=WRITE_CHUNK {blockData=conID: 1 locID: 102654967918363281 bcsId: 4717} | ret=SUCCESS |  
2019-08-21 12:28:21,766 | INFO  | DNAudit | user=null | ip=null | op=PUT_BLOCK {blockData=[blockId=conID: 1 locID: 102654967918363281 bcsId: 0,size=4194304]} | ret=SUCCESS |  
2019-08-21 12:28:21,766 | INFO  | DNAudit | user=null | ip=null | op=PUT_BLOCK {blockData=[blockId=conID: 1 locID: 102654967918363281 bcsId: 0,size=4194304]} | ret=SUCCESS |  
2019-08-21 12:28:21,767 [grpc-default-executor-2] INFO  client.GrpcClientProtocolClient (GrpcClientProtocolClient.java:onNext(255)) - client-C954105195FD->270584e6-a4a8-4db5-8151-214655ce1a56: receive RaftClientReply:client-C954105195FD->270584e6-a4a8-4db5-8151-214655ce1a56@group-787F5BA3AA67, cid=3139, SUCCESS, logIndex=0, commits[270584e6-a4a8-4db5-8151-214655ce1a56:c4722, af078b8b-61ec-497f-9506-472d46a72462:c4721, 09fb9ab4-1b8d-44c0-9f8c-50855c6f1fed:c4721]
2019-08-21 12:28:21,775 | INFO  | SCMAudit | user=jenkins1000 | ip=192.168.34.23 | op=ALLOCATE_BLOCK {owner=b79f83c9-5f7d-4caf-af30-78af34bc5eea, size=4194304, type=RATIS, factor=THREE} | ret=SUCCESS |  
2019-08-21 12:28:21,780 | INFO  | OMAudit | user=jenkins1000 | ip=127.0.0.1 | op=ALLOCATE_BLOCK {volume=vol-0-06517, bucket=bucket-0-64549, key=key-0-34512, dataSize=0, replicationType=null, replicationFactor=null, keyLocationInfo=null, clientID=102654965997830546} | ret=SUCCESS |  
2019-08-21 12:28:21,789 | INFO  | DNAudit | user=null | ip=null | op=WRITE_CHUNK {blockData=conID: 2 locID: 102654967924327058 bcsId: 0} | ret=SUCCESS |  
2019-08-21 12:28:21,793 | INFO  | DNAudit | user=null | ip=null | op=WRITE_CHUNK {blockData=conID: 2 locID: 102654967924327058 bcsId: 0} | ret=SUCCESS |  
2019-08-21 12:28:21,793 | INFO  | DNAudit | user=null | ip=null | op=WRITE_CHUNK {blockData=conID: 2 locID: 102654967924327058 bcsId: 0} | ret=SUCCESS |  
2019-08-21 12:28:21,794 | INFO  | DNAudit | user=null | ip=null | op=WRITE_CHUNK {blockData=conID: 2 locID: 102654967924327058 bcsId: 0} | ret=SUCCESS |  
2019-08-21 12:28:21,796 | INFO  | DNAudit | user=null | ip=null | op=WRITE_CHUNK {blockData=conID: 2 locID: 102654967924327058 bcsId: 0} | ret=SUCCESS |  
2019-08-21 12:28:21,797 | INFO  | DNAudit | user=null | ip=null | op=WRITE_CHUNK {blockData=conID: 2 locID: 102654967924327058 bcsId: 0} | ret=SUCCESS |  
2019-08-21 12:28:21,799 | INFO  | DNAudit | user=null | ip=null | op=WRITE_CHUNK {blockData=conID: 2 locID: 102654967924327058 bcsId: 0} | ret=SUCCESS |  
2019-08-21 12:28:21,800 | INFO  | DNAudit | user=null | ip=null | op=PUT_BLOCK {blockData=[blockId=conID: 2 locID: 102654967924327058 bcsId: 0,size=1048576]} | ret=SUCCESS |  
2019-08-21 12:28:21,800 [grpc-default-executor-4] INFO  client.GrpcClientProtocolClient (GrpcClientProtocolClient.java:onNext(255)) - client-C954105195FD->270584e6-a4a8-4db5-8151-214655ce1a56: receive RaftClientReply:client-C954105195FD->270584e6-a4a8-4db5-8151-214655ce1a56@group-787F5BA3AA67, cid=3140, SUCCESS, logIndex=4724, commits[270584e6-a4a8-4db5-8151-214655ce1a56:c4727, af078b8b-61ec-497f-9506-472d46a72462:c4721, 09fb9ab4-1b8d-44c0-9f8c-50855c6f1fed:c4723]
2019-08-21 12:28:21,800 | INFO  | DNAudit | user=null | ip=null | op=WRITE_CHUNK {blockData=conID: 2 locID: 102654967924327058 bcsId: 0} | ret=SUCCESS |  
2019-08-21 12:28:21,800 [grpc-default-executor-4] INFO  client.GrpcClientProtocolClient (GrpcClientProtocolClient.java:onNext(255)) - client-C954105195FD->270584e6-a4a8-4db5-8151-214655ce1a56: receive RaftClientReply:client-C954105195FD->270584e6-a4a8-4db5-8151-214655ce1a56@group-787F5BA3AA67, cid=3141, SUCCESS, logIndex=4725, commits[270584e6-a4a8-4db5-8151-214655ce1a56:c4727, af078b8b-61ec-497f-9506-472d46a72462:c4723, 09fb9ab4-1b8d-44c0-9f8c-50855c6f1fed:c4723]
2019-08-21 12:28:21,801 | INFO  | DNAudit | user=null | ip=null | op=PUT_BLOCK {blockData=[blockId=conID: 2 locID: 102654967924327058 bcsId: 0,size=2097152]} | ret=SUCCESS |  
2019-08-21 12:28:21,801 [grpc-default-executor-4] INFO  client.GrpcClientProtocolClient (GrpcClientProtocolClient.java:onNext(255)) - client-C954105195FD->270584e6-a4a8-4db5-8151-214655ce1a56: receive RaftClientReply:client-C954105195FD->270584e6-a4a8-4db5-8151-214655ce1a56@group-787F5BA3AA67, cid=3142, SUCCESS, logIndex=4726, commits[270584e6-a4a8-4db5-8151-214655ce1a56:c4727, af078b8b-61ec-497f-9506-472d46a72462:c4723, 09fb9ab4-1b8d-44c0-9f8c-50855c6f1fed:c4723]
2019-08-21 12:28:21,801 [grpc-default-executor-4] INFO  client.GrpcClientProtocolClient (GrpcClientProtocolClient.java:onNext(255)) - client-C954105195FD->270584e6-a4a8-4db5-8151-214655ce1a56: receive RaftClientReply:client-C954105195FD->270584e6-a4a8-4db5-8151-214655ce1a56@group-787F5BA3AA67, cid=3143, SUCCESS, logIndex=4727, commits[270584e6-a4a8-4db5-8151-214655ce1a56:c4727, af078b8b-61ec-497f-9506-472d46a72462:c4723, 09fb9ab4-1b8d-44c0-9f8c-50855c6f1fed:c4723]
2019-08-21 12:28:21,802 | INFO  | DNAudit | user=null | ip=null | op=WRITE_CHUNK {blockData=conID: 2 locID: 102654967924327058 bcsId: 0} | ret=SUCCESS |  
2019-08-21 12:28:21,805 | INFO  | DNAudit | user=null | ip=null | op=PUT_BLOCK {blockData=[blockId=conID: 2 locID: 102654967924327058 bcsId: 0,size=1048576]} | ret=SUCCESS |  
2019-08-21 12:28:21,805 | INFO  | DNAudit | user=null | ip=null | op=WRITE_CHUNK {blockData=conID: 2 locID: 102654967924327058 bcsId: 0} | ret=SUCCESS |  
2019-08-21 12:28:21,805 | INFO  | DNAudit | user=null | ip=null | op=PUT_BLOCK {blockData=[blockId=conID: 2 locID: 102654967924327058 bcsId: 0,size=1048576]} | ret=SUCCESS |  
2019-08-21 12:28:21,805 | INFO  | DNAudit | user=null | ip=null | op=WRITE_CHUNK {blockData=conID: 2 locID: 102654967924327058 bcsId: 0} | ret=SUCCESS |  
2019-08-21 12:28:21,806 | INFO  | DNAudit | user=null | ip=null | op=WRITE_CHUNK {blockData=conID: 2 locID: 102654967924327058 bcsId: 0} | ret=SUCCESS |  
2019-08-21 12:28:21,806 | INFO  | DNAudit | user=null | ip=null | op=PUT_BLOCK {blockData=[blockId=conID: 2 locID: 102654967924327058 bcsId: 0,size=2097152]} | ret=SUCCESS |  
2019-08-21 12:28:21,806 | INFO  | DNAudit | user=null | ip=null | op=PUT_BLOCK {blockData=[blockId=conID: 2 locID: 102654967924327058 bcsId: 0,size=2097152]} | ret=SUCCESS |  
2019-08-21 12:28:21,806 [grpc-default-executor-1] INFO  client.GrpcClientProtocolClient (GrpcClientProtocolClient.java:onNext(255)) - client-C954105195FD->270584e6-a4a8-4db5-8151-214655ce1a56: receive RaftClientReply:client-C954105195FD->270584e6-a4a8-4db5-8151-214655ce1a56@group-787F5BA3AA67, cid=3144, SUCCESS, logIndex=0, commits[270584e6-a4a8-4db5-8151-214655ce1a56:c4729, af078b8b-61ec-497f-9506-472d46a72462:c4725, 09fb9ab4-1b8d-44c0-9f8c-50855c6f1fed:c4726]
2019-08-21 12:28:21,814 | INFO  | DNAudit | user=null | ip=null | op=WRITE_CHUNK {blockData=conID: 2 locID: 102654967924327058 bcsId: 4727} | ret=SUCCESS |  
2019-08-21 12:28:21,817 | INFO  | DNAudit | user=null | ip=null | op=WRITE_CHUNK {blockData=conID: 2 locID: 102654967924327058 bcsId: 4727} | ret=SUCCESS |  
2019-08-21 12:28:21,818 | INFO  | DNAudit | user=null | ip=null | op=WRITE_CHUNK {blockData=conID: 2 locID: 102654967924327058 bcsId: 4727} | ret=SUCCESS |  
2019-08-21 12:28:21,820 | INFO  | DNAudit | user=null | ip=null | op=WRITE_CHUNK {blockData=conID: 2 locID: 102654967924327058 bcsId: 4727} | ret=SUCCESS |  
2019-08-21 12:28:21,820 | INFO  | DNAudit | user=null | ip=null | op=PUT_BLOCK {blockData=[blockId=conID: 2 locID: 102654967924327058 bcsId: 0,size=3145728]} | ret=SUCCESS |  
2019-08-21 12:28:21,821 [grpc-default-executor-4] INFO  client.GrpcClientProtocolClient (GrpcClientProtocolClient.java:onNext(255)) - client-C954105195FD->270584e6-a4a8-4db5-8151-214655ce1a56: receive RaftClientReply:client-C954105195FD->270584e6-a4a8-4db5-8151-214655ce1a56@group-787F5BA3AA67, cid=3145, SUCCESS, logIndex=4732, commits[270584e6-a4a8-4db5-8151-214655ce1a56:c4733, af078b8b-61ec-497f-9506-472d46a72462:c4731, 09fb9ab4-1b8d-44c0-9f8c-50855c6f1fed:c4731]
2019-08-21 12:28:21,821 [grpc-default-executor-4] INFO  client.GrpcClientProtocolClient (GrpcClientProtocolClient.java:onNext(255)) - client-C954105195FD->270584e6-a4a8-4db5-8151-214655ce1a56: receive RaftClientReply:client-C954105195FD->270584e6-a4a8-4db5-8151-214655ce1a56@group-787F5BA3AA67, cid=3146, SUCCESS, logIndex=4733, commits[270584e6-a4a8-4db5-8151-214655ce1a56:c4733, af078b8b-61ec-497f-9506-472d46a72462:c4731, 09fb9ab4-1b8d-44c0-9f8c-50855c6f1fed:c4731]
2019-08-21 12:28:21,823 | INFO  | DNAudit | user=null | ip=null | op=WRITE_CHUNK {blockData=conID: 2 locID: 102654967924327058 bcsId: 4727} | ret=SUCCESS |  
2019-08-21 12:28:21,824 | INFO  | DNAudit | user=null | ip=null | op=WRITE_CHUNK {blockData=conID: 2 locID: 102654967924327058 bcsId: 4727} | ret=SUCCESS |  
2019-08-21 12:28:21,824 | INFO  | DNAudit | user=null | ip=null | op=PUT_BLOCK {blockData=[blockId=conID: 2 locID: 102654967924327058 bcsId: 0,size=3145728]} | ret=SUCCESS |  
2019-08-21 12:28:21,824 | INFO  | DNAudit | user=null | ip=null | op=PUT_BLOCK {blockData=[blockId=conID: 2 locID: 102654967924327058 bcsId: 0,size=3145728]} | ret=SUCCESS |  
2019-08-21 12:28:21,828 | INFO  | DNAudit | user=null | ip=null | op=WRITE_CHUNK {blockData=conID: 2 locID: 102654967924327058 bcsId: 4733} | ret=SUCCESS |  
2019-08-21 12:28:21,832 | INFO  | DNAudit | user=null | ip=null | op=WRITE_CHUNK {blockData=conID: 2 locID: 102654967924327058 bcsId: 4733} | ret=SUCCESS |  
2019-08-21 12:28:21,832 | INFO  | DNAudit | user=null | ip=null | op=WRITE_CHUNK {blockData=conID: 2 locID: 102654967924327058 bcsId: 4733} | ret=SUCCESS |  
2019-08-21 12:28:21,847 | INFO  | DNAudit | user=null | ip=null | op=WRITE_CHUNK {blockData=conID: 2 locID: 102654967924327058 bcsId: 4733} | ret=SUCCESS |  
2019-08-21 12:28:21,848 | INFO  | DNAudit | user=null | ip=null | op=PUT_BLOCK {blockData=[blockId=conID: 2 locID: 102654967924327058 bcsId: 0,size=4194304]} | ret=SUCCESS |  
2019-08-21 12:28:21,848 [grpc-default-executor-4] INFO  client.GrpcClientProtocolClient (GrpcClientProtocolClient.java:onNext(255)) - client-C954105195FD->270584e6-a4a8-4db5-8151-214655ce1a56: receive RaftClientReply:client-C954105195FD->270584e6-a4a8-4db5-8151-214655ce1a56@group-787F5BA3AA67, cid=3147, SUCCESS, logIndex=4736, commits[270584e6-a4a8-4db5-8151-214655ce1a56:c4737, af078b8b-61ec-497f-9506-472d46a72462:c4735, 09fb9ab4-1b8d-44c0-9f8c-50855c6f1fed:c4735]
2019-08-21 12:28:21,848 [grpc-default-executor-4] INFO  client.GrpcClientProtocolClient (GrpcClientProtocolClient.java:onNext(255)) - client-C954105195FD->270584e6-a4a8-4db5-8151-214655ce1a56: receive RaftClientReply:client-C954105195FD->270584e6-a4a8-4db5-8151-214655ce1a56@group-787F5BA3AA67, cid=3148, SUCCESS, logIndex=4737, commits[270584e6-a4a8-4db5-8151-214655ce1a56:c4737, af078b8b-61ec-497f-9506-472d46a72462:c4735, 09fb9ab4-1b8d-44c0-9f8c-50855c6f1fed:c4735]
2019-08-21 12:28:21,849 | INFO  | DNAudit | user=null | ip=null | op=WRITE_CHUNK {blockData=conID: 2 locID: 102654967924327058 bcsId: 4733} | ret=SUCCESS |  
2019-08-21 12:28:21,851 | INFO  | DNAudit | user=null | ip=null | op=WRITE_CHUNK {blockData=conID: 2 locID: 102654967924327058 bcsId: 4733} | ret=SUCCESS |  
2019-08-21 12:28:21,861 | INFO  | DNAudit | user=null | ip=null | op=PUT_BLOCK {blockData=[blockId=conID: 2 locID: 102654967924327058 bcsId: 0,size=4194304]} | ret=SUCCESS |  
2019-08-21 12:28:21,862 | INFO  | DNAudit | user=null | ip=null | op=PUT_BLOCK {blockData=[blockId=conID: 2 locID: 102654967924327058 bcsId: 0,size=4194304]} | ret=SUCCESS |  
2019-08-21 12:28:21,863 [grpc-default-executor-4] INFO  client.GrpcClientProtocolClient (GrpcClientProtocolClient.java:onNext(255)) - client-C954105195FD->270584e6-a4a8-4db5-8151-214655ce1a56: receive RaftClientReply:client-C954105195FD->270584e6-a4a8-4db5-8151-214655ce1a56@group-787F5BA3AA67, cid=3149, SUCCESS, logIndex=0, commits[270584e6-a4a8-4db5-8151-214655ce1a56:c4739, af078b8b-61ec-497f-9506-472d46a72462:c4737, 09fb9ab4-1b8d-44c0-9f8c-50855c6f1fed:c4737]
2019-08-21 12:28:21,870 | INFO  | SCMAudit | user=jenkins1000 | ip=192.168.34.23 | op=ALLOCATE_BLOCK {owner=b79f83c9-5f7d-4caf-af30-78af34bc5eea, size=4194304, type=RATIS, factor=THREE} | ret=SUCCESS |  
2019-08-21 12:28:21,876 | INFO  | OMAudit | user=jenkins1000 | ip=127.0.0.1 | op=ALLOCATE_BLOCK {volume=vol-0-06517, bucket=bucket-0-64549, key=key-0-34512, dataSize=0, replicationType=null, replicationFactor=null, keyLocationInfo=null, clientID=102654965997830546} | ret=SUCCESS |  
2019-08-21 12:28:21,884 | INFO  | DNAudit | user=null | ip=null | op=WRITE_CHUNK {blockData=conID: 3 locID: 102654967930552979 bcsId: 0} | ret=SUCCESS |  
2019-08-21 12:28:21,888 | INFO  | DNAudit | user=null | ip=null | op=WRITE_CHUNK {blockData=conID: 3 locID: 102654967930552979 bcsId: 0} | ret=SUCCESS |  
2019-08-21 12:28:21,888 | INFO  | DNAudit | user=null | ip=null | op=WRITE_CHUNK {blockData=conID: 3 locID: 102654967930552979 bcsId: 0} | ret=SUCCESS |  
2019-08-21 12:28:21,889 | INFO  | DNAudit | user=null | ip=null | op=WRITE_CHUNK {blockData=conID: 3 locID: 102654967930552979 bcsId: 0} | ret=SUCCESS |  
2019-08-21 12:28:21,891 | INFO  | DNAudit | user=null | ip=null | op=WRITE_CHUNK {blockData=conID: 3 locID: 102654967930552979 bcsId: 0} | ret=SUCCESS |  
2019-08-21 12:28:21,892 | INFO  | DNAudit | user=null | ip=null | op=WRITE_CHUNK {blockData=conID: 3 locID: 102654967930552979 bcsId: 0} | ret=SUCCESS |  
2019-08-21 12:28:21,897 | INFO  | DNAudit | user=null | ip=null | op=WRITE_CHUNK {blockData=conID: 3 locID: 102654967930552979 bcsId: 0} | ret=SUCCESS |  
2019-08-21 12:28:21,898 | INFO  | DNAudit | user=null | ip=null | op=PUT_BLOCK {blockData=[blockId=conID: 3 locID: 102654967930552979 bcsId: 0,size=1048576]} | ret=SUCCESS |  
2019-08-21 12:28:21,898 | INFO  | DNAudit | user=null | ip=null | op=WRITE_CHUNK {blockData=conID: 3 locID: 102654967930552979 bcsId: 0} | ret=SUCCESS |  
2019-08-21 12:28:21,898 [grpc-default-executor-1] INFO  client.GrpcClientProtocolClient (GrpcClientProtocolClient.java:onNext(255)) - client-C954105195FD->270584e6-a4a8-4db5-8151-214655ce1a56: receive RaftClientReply:client-C954105195FD->270584e6-a4a8-4db5-8151-214655ce1a56@group-787F5BA3AA67, cid=3150, SUCCESS, logIndex=4740, commits[270584e6-a4a8-4db5-8151-214655ce1a56:c4741, af078b8b-61ec-497f-9506-472d46a72462:c4739, 09fb9ab4-1b8d-44c0-9f8c-50855c6f1fed:c4739]
2019-08-21 12:28:21,899 | INFO  | DNAudit | user=null | ip=null | op=WRITE_CHUNK {blockData=conID: 3 locID: 102654967930552979 bcsId: 0} | ret=SUCCESS |  
2019-08-21 12:28:21,899 [grpc-default-executor-1] INFO  client.GrpcClientProtocolClient (GrpcClientProtocolClient.java:onNext(255)) - client-C954105195FD->270584e6-a4a8-4db5-8151-214655ce1a56: receive RaftClientReply:client-C954105195FD->270584e6-a4a8-4db5-8151-214655ce1a56@group-787F5BA3AA67, cid=3151, SUCCESS, logIndex=4741, commits[270584e6-a4a8-4db5-8151-214655ce1a56:c4742, af078b8b-61ec-497f-9506-472d46a72462:c4739, 09fb9ab4-1b8d-44c0-9f8c-50855c6f1fed:c4739]
2019-08-21 12:28:21,899 | INFO  | DNAudit | user=null | ip=null | op=PUT_BLOCK {blockData=[blockId=conID: 3 locID: 102654967930552979 bcsId: 0,size=2097152]} | ret=SUCCESS |  
2019-08-21 12:28:21,899 | INFO  | DNAudit | user=null | ip=null | op=PUT_BLOCK {blockData=[blockId=conID: 3 locID: 102654967930552979 bcsId: 0,size=1048576]} | ret=SUCCESS |  
2019-08-21 12:28:21,899 [grpc-default-executor-5] INFO  client.GrpcClientProtocolClient (GrpcClientProtocolClient.java:onNext(255)) - client-C954105195FD->270584e6-a4a8-4db5-8151-214655ce1a56: receive RaftClientReply:client-C954105195FD->270584e6-a4a8-4db5-8151-214655ce1a56@group-787F5BA3AA67, cid=3152, SUCCESS, logIndex=4742, commits[270584e6-a4a8-4db5-8151-214655ce1a56:c4743, af078b8b-61ec-497f-9506-472d46a72462:c4739, 09fb9ab4-1b8d-44c0-9f8c-50855c6f1fed:c4739]
2019-08-21 12:28:21,900 [grpc-default-executor-5] INFO  client.GrpcClientProtocolClient (GrpcClientProtocolClient.java:onNext(255)) - client-C954105195FD->270584e6-a4a8-4db5-8151-214655ce1a56: receive RaftClientReply:client-C954105195FD->270584e6-a4a8-4db5-8151-214655ce1a56@group-787F5BA3AA67, cid=3153, SUCCESS, logIndex=4743, commits[270584e6-a4a8-4db5-8151-214655ce1a56:c4744, af078b8b-61ec-497f-9506-472d46a72462:c4739, 09fb9ab4-1b8d-44c0-9f8c-50855c6f1fed:c4741]
2019-08-21 12:28:21,900 | INFO  | DNAudit | user=null | ip=null | op=WRITE_CHUNK {blockData=conID: 3 locID: 102654967930552979 bcsId: 0} | ret=SUCCESS |  
2019-08-21 12:28:21,900 | INFO  | DNAudit | user=null | ip=null | op=PUT_BLOCK {blockData=[blockId=conID: 3 locID: 102654967930552979 bcsId: 0,size=1048576]} | ret=SUCCESS |  
2019-08-21 12:28:21,901 [grpc-default-executor-5] INFO  client.GrpcClientProtocolClient (GrpcClientProtocolClient.java:onNext(255)) - client-C954105195FD->270584e6-a4a8-4db5-8151-214655ce1a56: receive RaftClientReply:client-C954105195FD->270584e6-a4a8-4db5-8151-214655ce1a56@group-787F5BA3AA67, cid=3154, SUCCESS, logIndex=0, commits[270584e6-a4a8-4db5-8151-214655ce1a56:c4745, af078b8b-61ec-497f-9506-472d46a72462:c4741, 09fb9ab4-1b8d-44c0-9f8c-50855c6f1fed:c4741]
2019-08-21 12:28:21,908 | INFO  | DNAudit | user=null | ip=null | op=WRITE_CHUNK {blockData=conID: 3 locID: 102654967930552979 bcsId: 4743} | ret=SUCCESS |  
2019-08-21 12:28:21,911 | INFO  | DNAudit | user=null | ip=null | op=WRITE_CHUNK {blockData=conID: 3 locID: 102654967930552979 bcsId: 0} | ret=SUCCESS |  
2019-08-21 12:28:21,911 | INFO  | DNAudit | user=null | ip=null | op=PUT_BLOCK {blockData=[blockId=conID: 3 locID: 102654967930552979 bcsId: 0,size=2097152]} | ret=SUCCESS |  
2019-08-21 12:28:21,911 | INFO  | DNAudit | user=null | ip=null | op=WRITE_CHUNK {blockData=conID: 3 locID: 102654967930552979 bcsId: 0} | ret=SUCCESS |  
2019-08-21 12:28:21,911 | INFO  | DNAudit | user=null | ip=null | op=WRITE_CHUNK {blockData=conID: 3 locID: 102654967930552979 bcsId: 4743} | ret=SUCCESS |  
2019-08-21 12:28:21,911 | INFO  | DNAudit | user=null | ip=null | op=PUT_BLOCK {blockData=[blockId=conID: 3 locID: 102654967930552979 bcsId: 0,size=2097152]} | ret=SUCCESS |  
2019-08-21 12:28:21,912 | INFO  | DNAudit | user=null | ip=null | op=WRITE_CHUNK {blockData=conID: 3 locID: 102654967930552979 bcsId: 4743} | ret=SUCCESS |  
2019-08-21 12:28:21,913 | INFO  | DNAudit | user=null | ip=null | op=WRITE_CHUNK {blockData=conID: 3 locID: 102654967930552979 bcsId: 4743} | ret=SUCCESS |  
2019-08-21 12:28:21,914 | INFO  | DNAudit | user=null | ip=null | op=PUT_BLOCK {blockData=[blockId=conID: 3 locID: 102654967930552979 bcsId: 0,size=3145728]} | ret=SUCCESS |  
2019-08-21 12:28:21,914 [grpc-default-executor-2] INFO  client.GrpcClientProtocolClient (GrpcClientProtocolClient.java:onNext(255)) - client-C954105195FD->270584e6-a4a8-4db5-8151-214655ce1a56: receive RaftClientReply:client-C954105195FD->270584e6-a4a8-4db5-8151-214655ce1a56@group-787F5BA3AA67, cid=3155, SUCCESS, logIndex=4748, commits[270584e6-a4a8-4db5-8151-214655ce1a56:c4749, af078b8b-61ec-497f-9506-472d46a72462:c4745, 09fb9ab4-1b8d-44c0-9f8c-50855c6f1fed:c4745]
2019-08-21 12:28:21,915 | INFO  | DNAudit | user=null | ip=null | op=WRITE_CHUNK {blockData=conID: 3 locID: 102654967930552979 bcsId: 4743} | ret=SUCCESS |  
2019-08-21 12:28:21,915 [grpc-default-executor-2] INFO  client.GrpcClientProtocolClient (GrpcClientProtocolClient.java:onNext(255)) - client-C954105195FD->270584e6-a4a8-4db5-8151-214655ce1a56: receive RaftClientReply:client-C954105195FD->270584e6-a4a8-4db5-8151-214655ce1a56@group-787F5BA3AA67, cid=3156, SUCCESS, logIndex=4749, commits[270584e6-a4a8-4db5-8151-214655ce1a56:c4749, af078b8b-61ec-497f-9506-472d46a72462:c4745, 09fb9ab4-1b8d-44c0-9f8c-50855c6f1fed:c4745]
2019-08-21 12:28:21,915 | INFO  | DNAudit | user=null | ip=null | op=PUT_BLOCK {blockData=[blockId=conID: 3 locID: 102654967930552979 bcsId: 0,size=3145728]} | ret=SUCCESS |  
2019-08-21 12:28:21,915 | INFO  | DNAudit | user=null | ip=null | op=WRITE_CHUNK {blockData=conID: 3 locID: 102654967930552979 bcsId: 4743} | ret=SUCCESS |  
2019-08-21 12:28:21,915 | INFO  | DNAudit | user=null | ip=null | op=PUT_BLOCK {blockData=[blockId=conID: 3 locID: 102654967930552979 bcsId: 0,size=3145728]} | ret=SUCCESS |  
2019-08-21 12:28:21,922 | INFO  | DNAudit | user=null | ip=null | op=WRITE_CHUNK {blockData=conID: 3 locID: 102654967930552979 bcsId: 4749} | ret=SUCCESS |  
2019-08-21 12:28:21,925 | INFO  | DNAudit | user=null | ip=null | op=WRITE_CHUNK {blockData=conID: 3 locID: 102654967930552979 bcsId: 4749} | ret=SUCCESS |  
2019-08-21 12:28:21,926 | INFO  | DNAudit | user=null | ip=null | op=WRITE_CHUNK {blockData=conID: 3 locID: 102654967930552979 bcsId: 4749} | ret=SUCCESS |  
2019-08-21 12:28:21,931 | INFO  | DNAudit | user=null | ip=null | op=WRITE_CHUNK {blockData=conID: 3 locID: 102654967930552979 bcsId: 4749} | ret=SUCCESS |  
2019-08-21 12:28:21,931 | INFO  | DNAudit | user=null | ip=null | op=PUT_BLOCK {blockData=[blockId=conID: 3 locID: 102654967930552979 bcsId: 0,size=4194304]} | ret=SUCCESS |  
2019-08-21 12:28:21,931 [grpc-default-executor-1] INFO  client.GrpcClientProtocolClient (GrpcClientProtocolClient.java:onNext(255)) - client-C954105195FD->270584e6-a4a8-4db5-8151-214655ce1a56: receive RaftClientReply:client-C954105195FD->270584e6-a4a8-4db5-8151-214655ce1a56@group-787F5BA3AA67, cid=3157, SUCCESS, logIndex=4752, commits[270584e6-a4a8-4db5-8151-214655ce1a56:c4753, af078b8b-61ec-497f-9506-472d46a72462:c4751, 09fb9ab4-1b8d-44c0-9f8c-50855c6f1fed:c4749]
2019-08-21 12:28:21,932 [grpc-default-executor-1] INFO  client.GrpcClientProtocolClient (GrpcClientProtocolClient.java:onNext(255)) - client-C954105195FD->270584e6-a4a8-4db5-8151-214655ce1a56: receive RaftClientReply:client-C954105195FD->270584e6-a4a8-4db5-8151-214655ce1a56@group-787F5BA3AA67, cid=3158, SUCCESS, logIndex=4753, commits[270584e6-a4a8-4db5-8151-214655ce1a56:c4753, af078b8b-61ec-497f-9506-472d46a72462:c4751, 09fb9ab4-1b8d-44c0-9f8c-50855c6f1fed:c4749]
2019-08-21 12:28:21,943 | INFO  | DNAudit | user=null | ip=null | op=WRITE_CHUNK {blockData=conID: 3 locID: 102654967930552979 bcsId: 4749} | ret=SUCCESS |  
2019-08-21 12:28:21,943 | INFO  | DNAudit | user=null | ip=null | op=PUT_BLOCK {blockData=[blockId=conID: 3 locID: 102654967930552979 bcsId: 0,size=4194304]} | ret=SUCCESS |  
2019-08-21 12:28:21,954 | INFO  | DNAudit | user=null | ip=null | op=WRITE_CHUNK {blockData=conID: 3 locID: 102654967930552979 bcsId: 4749} | ret=SUCCESS |  
2019-08-21 12:28:21,954 | INFO  | DNAudit | user=null | ip=null | op=PUT_BLOCK {blockData=[blockId=conID: 3 locID: 102654967930552979 bcsId: 0,size=4194304]} | ret=SUCCESS |  
2019-08-21 12:28:21,954 [grpc-default-executor-1] INFO  client.GrpcClientProtocolClient (GrpcClientProtocolClient.java:onNext(255)) - client-C954105195FD->270584e6-a4a8-4db5-8151-214655ce1a56: receive RaftClientReply:client-C954105195FD->270584e6-a4a8-4db5-8151-214655ce1a56@group-787F5BA3AA67, cid=3159, SUCCESS, logIndex=0, commits[270584e6-a4a8-4db5-8151-214655ce1a56:c4754, af078b8b-61ec-497f-9506-472d46a72462:c4753, 09fb9ab4-1b8d-44c0-9f8c-50855c6f1fed:c4753]
2019-08-21 12:28:21,962 | INFO  | SCMAudit | user=jenkins1000 | ip=192.168.34.23 | op=ALLOCATE_BLOCK {owner=b79f83c9-5f7d-4caf-af30-78af34bc5eea, size=4194304, type=RATIS, factor=THREE} | ret=SUCCESS |  
2019-08-21 12:28:21,967 | INFO  | OMAudit | user=jenkins1000 | ip=127.0.0.1 | op=ALLOCATE_BLOCK {volume=vol-0-06517, bucket=bucket-0-64549, key=key-0-34512, dataSize=0, replicationType=null, replicationFactor=null, keyLocationInfo=null, clientID=102654965997830546} | ret=SUCCESS |  
2019-08-21 12:28:21,975 | INFO  | DNAudit | user=null | ip=null | op=WRITE_CHUNK {blockData=conID: 1 locID: 102654967936582292 bcsId: 0} | ret=SUCCESS |  
2019-08-21 12:28:21,978 | INFO  | DNAudit | user=null | ip=null | op=WRITE_CHUNK {blockData=conID: 1 locID: 102654967936582292 bcsId: 0} | ret=SUCCESS |  
2019-08-21 12:28:21,978 | INFO  | DNAudit | user=null | ip=null | op=WRITE_CHUNK {blockData=conID: 1 locID: 102654967936582292 bcsId: 0} | ret=SUCCESS |  
2019-08-21 12:28:21,979 | INFO  | DNAudit | user=null | ip=null | op=WRITE_CHUNK {blockData=conID: 1 locID: 102654967936582292 bcsId: 0} | ret=SUCCESS |  
2019-08-21 12:28:21,980 | INFO  | DNAudit | user=null | ip=null | op=WRITE_CHUNK {blockData=conID: 1 locID: 102654967936582292 bcsId: 0} | ret=SUCCESS |  
2019-08-21 12:28:21,981 | INFO  | DNAudit | user=null | ip=null | op=WRITE_CHUNK {blockData=conID: 1 locID: 102654967936582292 bcsId: 0} | ret=SUCCESS |  
2019-08-21 12:28:21,989 | INFO  | DNAudit | user=null | ip=null | op=WRITE_CHUNK {blockData=conID: 1 locID: 102654967936582292 bcsId: 0} | ret=SUCCESS |  
2019-08-21 12:28:21,989 | INFO  | DNAudit | user=null | ip=null | op=PUT_BLOCK {blockData=[blockId=conID: 1 locID: 102654967936582292 bcsId: 0,size=1048576]} | ret=SUCCESS |  
2019-08-21 12:28:21,989 [grpc-default-executor-1] INFO  client.GrpcClientProtocolClient (GrpcClientProtocolClient.java:onNext(255)) - client-C954105195FD->270584e6-a4a8-4db5-8151-214655ce1a56: receive RaftClientReply:client-C954105195FD->270584e6-a4a8-4db5-8151-214655ce1a56@group-787F5BA3AA67, cid=3160, SUCCESS, logIndex=4756, commits[270584e6-a4a8-4db5-8151-214655ce1a56:c4757, af078b8b-61ec-497f-9506-472d46a72462:c4755, 09fb9ab4-1b8d-44c0-9f8c-50855c6f1fed:c4755]
2019-08-21 12:28:21,990 [grpc-default-executor-1] INFO  client.GrpcClientProtocolClient (GrpcClientProtocolClient.java:onNext(255)) - client-C954105195FD->270584e6-a4a8-4db5-8151-214655ce1a56: receive RaftClientReply:client-C954105195FD->270584e6-a4a8-4db5-8151-214655ce1a56@group-787F5BA3AA67, cid=3161, SUCCESS, logIndex=4757, commits[270584e6-a4a8-4db5-8151-214655ce1a56:c4757, af078b8b-61ec-497f-9506-472d46a72462:c4755, 09fb9ab4-1b8d-44c0-9f8c-50855c6f1fed:c4755]
2019-08-21 12:28:22,002 | INFO  | DNAudit | user=null | ip=null | op=WRITE_CHUNK {blockData=conID: 1 locID: 102654967936582292 bcsId: 0} | ret=SUCCESS |  
2019-08-21 12:28:22,002 | INFO  | DNAudit | user=null | ip=null | op=PUT_BLOCK {blockData=[blockId=conID: 1 locID: 102654967936582292 bcsId: 0,size=2097152]} | ret=SUCCESS |  
2019-08-21 12:28:22,002 [grpc-default-executor-1] INFO  client.GrpcClientProtocolClient (GrpcClientProtocolClient.java:onNext(255)) - client-C954105195FD->270584e6-a4a8-4db5-8151-214655ce1a56: receive RaftClientReply:client-C954105195FD->270584e6-a4a8-4db5-8151-214655ce1a56@group-787F5BA3AA67, cid=3162, SUCCESS, logIndex=4758, commits[270584e6-a4a8-4db5-8151-214655ce1a56:c4758, af078b8b-61ec-497f-9506-472d46a72462:c4755, 09fb9ab4-1b8d-44c0-9f8c-50855c6f1fed:c4755]
2019-08-21 12:28:22,003 [grpc-default-executor-1] INFO  client.GrpcClientProtocolClient (GrpcClientProtocolClient.java:onNext(255)) - client-C954105195FD->270584e6-a4a8-4db5-8151-214655ce1a56: receive RaftClientReply:client-C954105195FD->270584e6-a4a8-4db5-8151-214655ce1a56@group-787F5BA3AA67, cid=3163, SUCCESS, logIndex=4759, commits[270584e6-a4a8-4db5-8151-214655ce1a56:c4759, af078b8b-61ec-497f-9506-472d46a72462:c4755, 09fb9ab4-1b8d-44c0-9f8c-50855c6f1fed:c4755]
2019-08-21 12:28:22,015 | INFO  | DNAudit | user=null | ip=null | op=WRITE_CHUNK {blockData=conID: 1 locID: 102654967936582292 bcsId: 0} | ret=SUCCESS |  
2019-08-21 12:28:22,015 | INFO  | DNAudit | user=null | ip=null | op=WRITE_CHUNK {blockData=conID: 1 locID: 102654967936582292 bcsId: 0} | ret=SUCCESS |  
2019-08-21 12:28:22,015 | INFO  | DNAudit | user=null | ip=null | op=PUT_BLOCK {blockData=[blockId=conID: 1 locID: 102654967936582292 bcsId: 0,size=1048576]} | ret=SUCCESS |  
2019-08-21 12:28:22,015 | INFO  | DNAudit | user=null | ip=null | op=PUT_BLOCK {blockData=[blockId=conID: 1 locID: 102654967936582292 bcsId: 0,size=1048576]} | ret=SUCCESS |  
2019-08-21 12:28:22,015 [grpc-default-executor-2] INFO  client.GrpcClientProtocolClient (GrpcClientProtocolClient.java:onNext(255)) - client-C954105195FD->270584e6-a4a8-4db5-8151-214655ce1a56: receive RaftClientReply:client-C954105195FD->270584e6-a4a8-4db5-8151-214655ce1a56@group-787F5BA3AA67, cid=3164, SUCCESS, logIndex=0, commits[270584e6-a4a8-4db5-8151-214655ce1a56:c4761, af078b8b-61ec-497f-9506-472d46a72462:c4757, 09fb9ab4-1b8d-44c0-9f8c-50855c6f1fed:c4757]
2019-08-21 12:28:22,023 | INFO  | DNAudit | user=null | ip=null | op=WRITE_CHUNK {blockData=conID: 1 locID: 102654967936582292 bcsId: 4759} | ret=SUCCESS |  
2019-08-21 12:28:22,025 | INFO  | DNAudit | user=null | ip=null | op=WRITE_CHUNK {blockData=conID: 1 locID: 102654967936582292 bcsId: 4759} | ret=SUCCESS |  
2019-08-21 12:28:22,025 | INFO  | DNAudit | user=null | ip=null | op=WRITE_CHUNK {blockData=conID: 1 locID: 102654967936582292 bcsId: 4759} | ret=SUCCESS |  
2019-08-21 12:28:22,028 | INFO  | DNAudit | user=null | ip=null | op=WRITE_CHUNK {blockData=conID: 1 locID: 102654967936582292 bcsId: 0} | ret=SUCCESS |  
2019-08-21 12:28:22,028 | INFO  | DNAudit | user=null | ip=null | op=WRITE_CHUNK {blockData=conID: 1 locID: 102654967936582292 bcsId: 0} | ret=SUCCESS |  
2019-08-21 12:28:22,028 | INFO  | DNAudit | user=null | ip=null | op=PUT_BLOCK {blockData=[blockId=conID: 1 locID: 102654967936582292 bcsId: 0,size=2097152]} | ret=SUCCESS |  
2019-08-21 12:28:22,029 | INFO  | DNAudit | user=null | ip=null | op=PUT_BLOCK {blockData=[blockId=conID: 1 locID: 102654967936582292 bcsId: 0,size=2097152]} | ret=SUCCESS |  
2019-08-21 12:28:22,048 | INFO  | DNAudit | user=null | ip=null | op=WRITE_CHUNK {blockData=conID: 1 locID: 102654967936582292 bcsId: 4759} | ret=SUCCESS |  
2019-08-21 12:28:22,049 | INFO  | DNAudit | user=null | ip=null | op=PUT_BLOCK {blockData=[blockId=conID: 1 locID: 102654967936582292 bcsId: 0,size=3145728]} | ret=SUCCESS |  
2019-08-21 12:28:22,049 [grpc-default-executor-1] INFO  client.GrpcClientProtocolClient (GrpcClientProtocolClient.java:onNext(255)) - client-C954105195FD->270584e6-a4a8-4db5-8151-214655ce1a56: receive RaftClientReply:client-C954105195FD->270584e6-a4a8-4db5-8151-214655ce1a56@group-787F5BA3AA67, cid=3165, SUCCESS, logIndex=4764, commits[270584e6-a4a8-4db5-8151-214655ce1a56:c4765, af078b8b-61ec-497f-9506-472d46a72462:c4761, 09fb9ab4-1b8d-44c0-9f8c-50855c6f1fed:c4761]
2019-08-21 12:28:22,049 [grpc-default-executor-1] INFO  client.GrpcClientProtocolClient (GrpcClientProtocolClient.java:onNext(255)) - client-C954105195FD->270584e6-a4a8-4db5-8151-214655ce1a56: receive RaftClientReply:client-C954105195FD->270584e6-a4a8-4db5-8151-214655ce1a56@group-787F5BA3AA67, cid=3166, SUCCESS, logIndex=4765, commits[270584e6-a4a8-4db5-8151-214655ce1a56:c4765, af078b8b-61ec-497f-9506-472d46a72462:c4761, 09fb9ab4-1b8d-44c0-9f8c-50855c6f1fed:c4761]
2019-08-21 12:28:22,056 | INFO  | DNAudit | user=null | ip=null | op=WRITE_CHUNK {blockData=conID: 1 locID: 102654967936582292 bcsId: 4765} | ret=SUCCESS |  
2019-08-21 12:28:22,058 | INFO  | DNAudit | user=null | ip=null | op=WRITE_CHUNK {blockData=conID: 1 locID: 102654967936582292 bcsId: 4765} | ret=SUCCESS |  
2019-08-21 12:28:22,058 | INFO  | DNAudit | user=null | ip=null | op=WRITE_CHUNK {blockData=conID: 1 locID: 102654967936582292 bcsId: 4759} | ret=SUCCESS |  
2019-08-21 12:28:22,058 | INFO  | DNAudit | user=null | ip=null | op=WRITE_CHUNK {blockData=conID: 1 locID: 102654967936582292 bcsId: 4759} | ret=SUCCESS |  
2019-08-21 12:28:22,059 | INFO  | DNAudit | user=null | ip=null | op=WRITE_CHUNK {blockData=conID: 1 locID: 102654967936582292 bcsId: 4765} | ret=SUCCESS |  
2019-08-21 12:28:22,059 | INFO  | DNAudit | user=null | ip=null | op=PUT_BLOCK {blockData=[blockId=conID: 1 locID: 102654967936582292 bcsId: 0,size=3145728]} | ret=SUCCESS |  
2019-08-21 12:28:22,061 | INFO  | DNAudit | user=null | ip=null | op=PUT_BLOCK {blockData=[blockId=conID: 1 locID: 102654967936582292 bcsId: 0,size=3145728]} | ret=SUCCESS |  
2019-08-21 12:28:22,062 | INFO  | DNAudit | user=null | ip=null | op=WRITE_CHUNK {blockData=conID: 1 locID: 102654967936582292 bcsId: 4765} | ret=SUCCESS |  
2019-08-21 12:28:22,062 | INFO  | DNAudit | user=null | ip=null | op=PUT_BLOCK {blockData=[blockId=conID: 1 locID: 102654967936582292 bcsId: 0,size=4194304]} | ret=SUCCESS |  
2019-08-21 12:28:22,062 [grpc-default-executor-1] INFO  client.GrpcClientProtocolClient (GrpcClientProtocolClient.java:onNext(255)) - client-C954105195FD->270584e6-a4a8-4db5-8151-214655ce1a56: receive RaftClientReply:client-C954105195FD->270584e6-a4a8-4db5-8151-214655ce1a56@group-787F5BA3AA67, cid=3167, SUCCESS, logIndex=4768, commits[270584e6-a4a8-4db5-8151-214655ce1a56:c4769, af078b8b-61ec-497f-9506-472d46a72462:c4765, 09fb9ab4-1b8d-44c0-9f8c-50855c6f1fed:c4765]
2019-08-21 12:28:22,063 [grpc-default-executor-1] INFO  client.GrpcClientProtocolClient (GrpcClientProtocolClient.java:onNext(255)) - client-C954105195FD->270584e6-a4a8-4db5-8151-214655ce1a56: receive RaftClientReply:client-C954105195FD->270584e6-a4a8-4db5-8151-214655ce1a56@group-787F5BA3AA67, cid=3168, SUCCESS, logIndex=4769, commits[270584e6-a4a8-4db5-8151-214655ce1a56:c4769, af078b8b-61ec-497f-9506-472d46a72462:c4765, 09fb9ab4-1b8d-44c0-9f8c-50855c6f1fed:c4765]
2019-08-21 12:28:22,065 | INFO  | DNAudit | user=null | ip=null | op=WRITE_CHUNK {blockData=conID: 1 locID: 102654967936582292 bcsId: 4765} | ret=SUCCESS |  
2019-08-21 12:28:22,065 | INFO  | DNAudit | user=null | ip=null | op=PUT_BLOCK {blockData=[blockId=conID: 1 locID: 102654967936582292 bcsId: 0,size=4194304]} | ret=SUCCESS |  
2019-08-21 12:28:22,066 | INFO  | DNAudit | user=null | ip=null | op=WRITE_CHUNK {blockData=conID: 1 locID: 102654967936582292 bcsId: 4765} | ret=SUCCESS |  
2019-08-21 12:28:22,066 | INFO  | DNAudit | user=null | ip=null | op=PUT_BLOCK {blockData=[blockId=conID: 1 locID: 102654967936582292 bcsId: 0,size=4194304]} | ret=SUCCESS |  
2019-08-21 12:28:22,066 [grpc-default-executor-1] INFO  client.GrpcClientProtocolClient (GrpcClientProtocolClient.java:onNext(255)) - client-C954105195FD->270584e6-a4a8-4db5-8151-214655ce1a56: receive RaftClientReply:client-C954105195FD->270584e6-a4a8-4db5-8151-214655ce1a56@group-787F5BA3AA67, cid=3169, SUCCESS, logIndex=0, commits[270584e6-a4a8-4db5-8151-214655ce1a56:c4770, af078b8b-61ec-497f-9506-472d46a72462:c4769, 09fb9ab4-1b8d-44c0-9f8c-50855c6f1fed:c4769]
2019-08-21 12:28:22,073 | INFO  | SCMAudit | user=jenkins1000 | ip=192.168.34.23 | op=ALLOCATE_BLOCK {owner=b79f83c9-5f7d-4caf-af30-78af34bc5eea, size=4194304, type=RATIS, factor=THREE} | ret=SUCCESS |  
2019-08-21 12:28:22,077 | INFO  | OMAudit | user=jenkins1000 | ip=127.0.0.1 | op=ALLOCATE_BLOCK {volume=vol-0-06517, bucket=bucket-0-64549, key=key-0-34512, dataSize=0, replicationType=null, replicationFactor=null, keyLocationInfo=null, clientID=102654965997830546} | ret=SUCCESS |  
2019-08-21 12:28:22,084 | INFO  | DNAudit | user=null | ip=null | op=WRITE_CHUNK {blockData=conID: 2 locID: 102654967943856789 bcsId: 0} | ret=SUCCESS |  
2019-08-21 12:28:22,086 | INFO  | DNAudit | user=null | ip=null | op=WRITE_CHUNK {blockData=conID: 2 locID: 102654967943856789 bcsId: 0} | ret=SUCCESS |  
2019-08-21 12:28:22,087 | INFO  | DNAudit | user=null | ip=null | op=WRITE_CHUNK {blockData=conID: 2 locID: 102654967943856789 bcsId: 0} | ret=SUCCESS |  
2019-08-21 12:28:22,087 | INFO  | DNAudit | user=null | ip=null | op=WRITE_CHUNK {blockData=conID: 2 locID: 102654967943856789 bcsId: 0} | ret=SUCCESS |  
2019-08-21 12:28:22,089 | INFO  | DNAudit | user=null | ip=null | op=WRITE_CHUNK {blockData=conID: 2 locID: 102654967943856789 bcsId: 0} | ret=SUCCESS |  
2019-08-21 12:28:22,089 | INFO  | DNAudit | user=null | ip=null | op=WRITE_CHUNK {blockData=conID: 2 locID: 102654967943856789 bcsId: 0} | ret=SUCCESS |  
2019-08-21 12:28:22,105 | INFO  | DNAudit | user=null | ip=null | op=WRITE_CHUNK {blockData=conID: 2 locID: 102654967943856789 bcsId: 0} | ret=SUCCESS |  
2019-08-21 12:28:22,106 | INFO  | DNAudit | user=null | ip=null | op=PUT_BLOCK {blockData=[blockId=conID: 2 locID: 102654967943856789 bcsId: 0,size=1048576]} | ret=SUCCESS |  
2019-08-21 12:28:22,106 | INFO  | DNAudit | user=null | ip=null | op=WRITE_CHUNK {blockData=conID: 2 locID: 102654967943856789 bcsId: 0} | ret=SUCCESS |  
2019-08-21 12:28:22,106 [grpc-default-executor-2] INFO  client.GrpcClientProtocolClient (GrpcClientProtocolClient.java:onNext(255)) - client-C954105195FD->270584e6-a4a8-4db5-8151-214655ce1a56: receive RaftClientReply:client-C954105195FD->270584e6-a4a8-4db5-8151-214655ce1a56@group-787F5BA3AA67, cid=3170, SUCCESS, logIndex=4771, commits[270584e6-a4a8-4db5-8151-214655ce1a56:c4773, af078b8b-61ec-497f-9506-472d46a72462:c4770, 09fb9ab4-1b8d-44c0-9f8c-50855c6f1fed:c4770]
2019-08-21 12:28:22,106 | INFO  | DNAudit | user=null | ip=null | op=PUT_BLOCK {blockData=[blockId=conID: 2 locID: 102654967943856789 bcsId: 0,size=2097152]} | ret=SUCCESS |  
2019-08-21 12:28:22,107 [grpc-default-executor-2] INFO  client.GrpcClientProtocolClient (GrpcClientProtocolClient.java:onNext(255)) - client-C954105195FD->270584e6-a4a8-4db5-8151-214655ce1a56: receive RaftClientReply:client-C954105195FD->270584e6-a4a8-4db5-8151-214655ce1a56@group-787F5BA3AA67, cid=3171, SUCCESS, logIndex=4772, commits[270584e6-a4a8-4db5-8151-214655ce1a56:c4774, af078b8b-61ec-497f-9506-472d46a72462:c4770, 09fb9ab4-1b8d-44c0-9f8c-50855c6f1fed:c4770]
2019-08-21 12:28:22,107 [grpc-default-executor-2] INFO  client.GrpcClientProtocolClient (GrpcClientProtocolClient.java:onNext(255)) - client-C954105195FD->270584e6-a4a8-4db5-8151-214655ce1a56: receive RaftClientReply:client-C954105195FD->270584e6-a4a8-4db5-8151-214655ce1a56@group-787F5BA3AA67, cid=3172, SUCCESS, logIndex=4773, commits[270584e6-a4a8-4db5-8151-214655ce1a56:c4774, af078b8b-61ec-497f-9506-472d46a72462:c4770, 09fb9ab4-1b8d-44c0-9f8c-50855c6f1fed:c4770]
2019-08-21 12:28:22,107 [grpc-default-executor-2] INFO  client.GrpcClientProtocolClient (GrpcClientProtocolClient.java:onNext(255)) - client-C954105195FD->270584e6-a4a8-4db5-8151-214655ce1a56: receive RaftClientReply:client-C954105195FD->270584e6-a4a8-4db5-8151-214655ce1a56@group-787F5BA3AA67, cid=3173, SUCCESS, logIndex=4774, commits[270584e6-a4a8-4db5-8151-214655ce1a56:c4774, af078b8b-61ec-497f-9506-472d46a72462:c4770, 09fb9ab4-1b8d-44c0-9f8c-50855c6f1fed:c4770]
2019-08-21 12:28:22,116 | INFO  | DNAudit | user=null | ip=null | op=WRITE_CHUNK {blockData=conID: 2 locID: 102654967943856789 bcsId: 0} | ret=SUCCESS |  
2019-08-21 12:28:22,116 | INFO  | DNAudit | user=null | ip=null | op=WRITE_CHUNK {blockData=conID: 2 locID: 102654967943856789 bcsId: 0} | ret=SUCCESS |  
2019-08-21 12:28:22,117 | INFO  | DNAudit | user=null | ip=null | op=PUT_BLOCK {blockData=[blockId=conID: 2 locID: 102654967943856789 bcsId: 0,size=1048576]} | ret=SUCCESS |  
2019-08-21 12:28:22,119 | INFO  | DNAudit | user=null | ip=null | op=PUT_BLOCK {blockData=[blockId=conID: 2 locID: 102654967943856789 bcsId: 0,size=1048576]} | ret=SUCCESS |  
2019-08-21 12:28:22,119 | INFO  | DNAudit | user=null | ip=null | op=WRITE_CHUNK {blockData=conID: 2 locID: 102654967943856789 bcsId: 0} | ret=SUCCESS |  
2019-08-21 12:28:22,119 | INFO  | DNAudit | user=null | ip=null | op=WRITE_CHUNK {blockData=conID: 2 locID: 102654967943856789 bcsId: 0} | ret=SUCCESS |  
2019-08-21 12:28:22,119 | INFO  | DNAudit | user=null | ip=null | op=PUT_BLOCK {blockData=[blockId=conID: 2 locID: 102654967943856789 bcsId: 0,size=2097152]} | ret=SUCCESS |  
2019-08-21 12:28:22,119 | INFO  | DNAudit | user=null | ip=null | op=PUT_BLOCK {blockData=[blockId=conID: 2 locID: 102654967943856789 bcsId: 0,size=2097152]} | ret=SUCCESS |  
2019-08-21 12:28:22,119 [grpc-default-executor-2] INFO  client.GrpcClientProtocolClient (GrpcClientProtocolClient.java:onNext(255)) - client-C954105195FD->270584e6-a4a8-4db5-8151-214655ce1a56: receive RaftClientReply:client-C954105195FD->270584e6-a4a8-4db5-8151-214655ce1a56@group-787F5BA3AA67, cid=3174, SUCCESS, logIndex=0, commits[270584e6-a4a8-4db5-8151-214655ce1a56:c4777, af078b8b-61ec-497f-9506-472d46a72462:c4773, 09fb9ab4-1b8d-44c0-9f8c-50855c6f1fed:c4772]
2019-08-21 12:28:22,126 | INFO  | DNAudit | user=null | ip=null | op=WRITE_CHUNK {blockData=conID: 2 locID: 102654967943856789 bcsId: 4774} | ret=SUCCESS |  
2019-08-21 12:28:22,128 | INFO  | DNAudit | user=null | ip=null | op=WRITE_CHUNK {blockData=conID: 2 locID: 102654967943856789 bcsId: 4774} | ret=SUCCESS |  
2019-08-21 12:28:22,128 | INFO  | DNAudit | user=null | ip=null | op=WRITE_CHUNK {blockData=conID: 2 locID: 102654967943856789 bcsId: 4774} | ret=SUCCESS |  
2019-08-21 12:28:22,140 | INFO  | DNAudit | user=null | ip=null | op=WRITE_CHUNK {blockData=conID: 2 locID: 102654967943856789 bcsId: 4774} | ret=SUCCESS |  
2019-08-21 12:28:22,140 | INFO  | DNAudit | user=null | ip=null | op=PUT_BLOCK {blockData=[blockId=conID: 2 locID: 102654967943856789 bcsId: 0,size=3145728]} | ret=SUCCESS |  
2019-08-21 12:28:22,140 [grpc-default-executor-2] INFO  client.GrpcClientProtocolClient (GrpcClientProtocolClient.java:onNext(255)) - client-C954105195FD->270584e6-a4a8-4db5-8151-214655ce1a56: receive RaftClientReply:client-C954105195FD->270584e6-a4a8-4db5-8151-214655ce1a56@group-787F5BA3AA67, cid=3175, SUCCESS, logIndex=4779, commits[270584e6-a4a8-4db5-8151-214655ce1a56:c4780, af078b8b-61ec-497f-9506-472d46a72462:c4778, 09fb9ab4-1b8d-44c0-9f8c-50855c6f1fed:c4778]
2019-08-21 12:28:22,141 [grpc-default-executor-2] INFO  client.GrpcClientProtocolClient (GrpcClientProtocolClient.java:onNext(255)) - client-C954105195FD->270584e6-a4a8-4db5-8151-214655ce1a56: receive RaftClientReply:client-C954105195FD->270584e6-a4a8-4db5-8151-214655ce1a56@group-787F5BA3AA67, cid=3176, SUCCESS, logIndex=4780, commits[270584e6-a4a8-4db5-8151-214655ce1a56:c4780, af078b8b-61ec-497f-9506-472d46a72462:c4778, 09fb9ab4-1b8d-44c0-9f8c-50855c6f1fed:c4778]
2019-08-21 12:28:22,147 | INFO  | DNAudit | user=null | ip=null | op=WRITE_CHUNK {blockData=conID: 2 locID: 102654967943856789 bcsId: 4780} | ret=SUCCESS |  
2019-08-21 12:28:22,150 | INFO  | DNAudit | user=null | ip=null | op=WRITE_CHUNK {blockData=conID: 2 locID: 102654967943856789 bcsId: 4780} | ret=SUCCESS |  
2019-08-21 12:28:22,150 | INFO  | DNAudit | user=null | ip=null | op=WRITE_CHUNK {blockData=conID: 2 locID: 102654967943856789 bcsId: 4780} | ret=SUCCESS |  
2019-08-21 12:28:22,151 | INFO  | DNAudit | user=null | ip=null | op=WRITE_CHUNK {blockData=conID: 2 locID: 102654967943856789 bcsId: 4774} | ret=SUCCESS |  
2019-08-21 12:28:22,151 | INFO  | DNAudit | user=null | ip=null | op=WRITE_CHUNK {blockData=conID: 2 locID: 102654967943856789 bcsId: 4774} | ret=SUCCESS |  
2019-08-21 12:28:22,151 | INFO  | DNAudit | user=null | ip=null | op=PUT_BLOCK {blockData=[blockId=conID: 2 locID: 102654967943856789 bcsId: 0,size=3145728]} | ret=SUCCESS |  
2019-08-21 12:28:22,151 | INFO  | DNAudit | user=null | ip=null | op=PUT_BLOCK {blockData=[blockId=conID: 2 locID: 102654967943856789 bcsId: 0,size=3145728]} | ret=SUCCESS |  
2019-08-21 12:28:22,154 | INFO  | DNAudit | user=null | ip=null | op=WRITE_CHUNK {blockData=conID: 2 locID: 102654967943856789 bcsId: 4780} | ret=SUCCESS |  
2019-08-21 12:28:22,154 | INFO  | DNAudit | user=null | ip=null | op=PUT_BLOCK {blockData=[blockId=conID: 2 locID: 102654967943856789 bcsId: 0,size=4194304]} | ret=SUCCESS |  
2019-08-21 12:28:22,155 [grpc-default-executor-5] INFO  client.GrpcClientProtocolClient (GrpcClientProtocolClient.java:onNext(255)) - client-C954105195FD->270584e6-a4a8-4db5-8151-214655ce1a56: receive RaftClientReply:client-C954105195FD->270584e6-a4a8-4db5-8151-214655ce1a56@group-787F5BA3AA67, cid=3177, SUCCESS, logIndex=4783, commits[270584e6-a4a8-4db5-8151-214655ce1a56:c4784, af078b8b-61ec-497f-9506-472d46a72462:c4780, 09fb9ab4-1b8d-44c0-9f8c-50855c6f1fed:c4780]
2019-08-21 12:28:22,155 [grpc-default-executor-5] INFO  client.GrpcClientProtocolClient (GrpcClientProtocolClient.java:onNext(255)) - client-C954105195FD->270584e6-a4a8-4db5-8151-214655ce1a56: receive RaftClientReply:client-C954105195FD->270584e6-a4a8-4db5-8151-214655ce1a56@group-787F5BA3AA67, cid=3178, SUCCESS, logIndex=4784, commits[270584e6-a4a8-4db5-8151-214655ce1a56:c4784, af078b8b-61ec-497f-9506-472d46a72462:c4780, 09fb9ab4-1b8d-44c0-9f8c-50855c6f1fed:c4780]
2019-08-21 12:28:22,165 | INFO  | DNAudit | user=null | ip=null | op=WRITE_CHUNK {blockData=conID: 2 locID: 102654967943856789 bcsId: 4780} | ret=SUCCESS |  
2019-08-21 12:28:22,166 | INFO  | DNAudit | user=null | ip=null | op=WRITE_CHUNK {blockData=conID: 2 locID: 102654967943856789 bcsId: 4780} | ret=SUCCESS |  
2019-08-21 12:28:22,168 | INFO  | DNAudit | user=null | ip=null | op=PUT_BLOCK {blockData=[blockId=conID: 2 locID: 102654967943856789 bcsId: 0,size=4194304]} | ret=SUCCESS |  
2019-08-21 12:28:22,168 | INFO  | DNAudit | user=null | ip=null | op=PUT_BLOCK {blockData=[blockId=conID: 2 locID: 102654967943856789 bcsId: 0,size=4194304]} | ret=SUCCESS |  
2019-08-21 12:28:22,169 [grpc-default-executor-5] INFO  client.GrpcClientProtocolClient (GrpcClientProtocolClient.java:onNext(255)) - client-C954105195FD->270584e6-a4a8-4db5-8151-214655ce1a56: receive RaftClientReply:client-C954105195FD->270584e6-a4a8-4db5-8151-214655ce1a56@group-787F5BA3AA67, cid=3179, SUCCESS, logIndex=0, commits[270584e6-a4a8-4db5-8151-214655ce1a56:c4786, af078b8b-61ec-497f-9506-472d46a72462:c4784, 09fb9ab4-1b8d-44c0-9f8c-50855c6f1fed:c4784]
2019-08-21 12:28:22,175 | INFO  | SCMAudit | user=jenkins1000 | ip=192.168.34.23 | op=ALLOCATE_BLOCK {owner=b79f83c9-5f7d-4caf-af30-78af34bc5eea, size=4194304, type=RATIS, factor=THREE} | ret=SUCCESS |  
2019-08-21 12:28:22,178 | INFO  | OMAudit | user=jenkins1000 | ip=127.0.0.1 | op=ALLOCATE_BLOCK {volume=vol-0-06517, bucket=bucket-0-64549, key=key-0-34512, dataSize=0, replicationType=null, replicationFactor=null, keyLocationInfo=null, clientID=102654965997830546} | ret=SUCCESS |  
2019-08-21 12:28:22,185 | INFO  | DNAudit | user=null | ip=null | op=WRITE_CHUNK {blockData=conID: 3 locID: 102654967950475926 bcsId: 0} | ret=SUCCESS |  
2019-08-21 12:28:22,188 | INFO  | DNAudit | user=null | ip=null | op=WRITE_CHUNK {blockData=conID: 3 locID: 102654967950475926 bcsId: 0} | ret=SUCCESS |  
2019-08-21 12:28:22,188 | INFO  | DNAudit | user=null | ip=null | op=WRITE_CHUNK {blockData=conID: 3 locID: 102654967950475926 bcsId: 0} | ret=SUCCESS |  
2019-08-21 12:28:22,189 | INFO  | DNAudit | user=null | ip=null | op=WRITE_CHUNK {blockData=conID: 3 locID: 102654967950475926 bcsId: 0} | ret=SUCCESS |  
2019-08-21 12:28:22,190 | INFO  | DNAudit | user=null | ip=null | op=WRITE_CHUNK {blockData=conID: 3 locID: 102654967950475926 bcsId: 0} | ret=SUCCESS |  
2019-08-21 12:28:22,190 | INFO  | DNAudit | user=null | ip=null | op=WRITE_CHUNK {blockData=conID: 3 locID: 102654967950475926 bcsId: 0} | ret=SUCCESS |  
2019-08-21 12:28:22,214 | INFO  | DNAudit | user=null | ip=null | op=WRITE_CHUNK {blockData=conID: 3 locID: 102654967950475926 bcsId: 0} | ret=SUCCESS |  
2019-08-21 12:28:22,215 | INFO  | DNAudit | user=null | ip=null | op=PUT_BLOCK {blockData=[blockId=conID: 3 locID: 102654967950475926 bcsId: 0,size=1048576]} | ret=SUCCESS |  
2019-08-21 12:28:22,215 [grpc-default-executor-5] INFO  client.GrpcClientProtocolClient (GrpcClientProtocolClient.java:onNext(255)) - client-C954105195FD->270584e6-a4a8-4db5-8151-214655ce1a56: receive RaftClientReply:client-C954105195FD->270584e6-a4a8-4db5-8151-214655ce1a56@group-787F5BA3AA67, cid=3180, SUCCESS, logIndex=4787, commits[270584e6-a4a8-4db5-8151-214655ce1a56:c4789, af078b8b-61ec-497f-9506-472d46a72462:c4786, 09fb9ab4-1b8d-44c0-9f8c-50855c6f1fed:c4786]
2019-08-21 12:28:22,215 | INFO  | DNAudit | user=null | ip=null | op=WRITE_CHUNK {blockData=conID: 3 locID: 102654967950475926 bcsId: 0} | ret=SUCCESS |  
2019-08-21 12:28:22,215 [grpc-default-executor-5] INFO  client.GrpcClientProtocolClient (GrpcClientProtocolClient.java:onNext(255)) - client-C954105195FD->270584e6-a4a8-4db5-8151-214655ce1a56: receive RaftClientReply:client-C954105195FD->270584e6-a4a8-4db5-8151-214655ce1a56@group-787F5BA3AA67, cid=3181, SUCCESS, logIndex=4788, commits[270584e6-a4a8-4db5-8151-214655ce1a56:c4790, af078b8b-61ec-497f-9506-472d46a72462:c4786, 09fb9ab4-1b8d-44c0-9f8c-50855c6f1fed:c4786]
2019-08-21 12:28:22,216 | INFO  | DNAudit | user=null | ip=null | op=PUT_BLOCK {blockData=[blockId=conID: 3 locID: 102654967950475926 bcsId: 0,size=2097152]} | ret=SUCCESS |  
2019-08-21 12:28:22,216 [grpc-default-executor-5] INFO  client.GrpcClientProtocolClient (GrpcClientProtocolClient.java:onNext(255)) - client-C954105195FD->270584e6-a4a8-4db5-8151-214655ce1a56: receive RaftClientReply:client-C954105195FD->270584e6-a4a8-4db5-8151-214655ce1a56@group-787F5BA3AA67, cid=3182, SUCCESS, logIndex=4789, commits[270584e6-a4a8-4db5-8151-214655ce1a56:c4790, af078b8b-61ec-497f-9506-472d46a72462:c4786, 09fb9ab4-1b8d-44c0-9f8c-50855c6f1fed:c4786]
2019-08-21 12:28:22,216 [grpc-default-executor-5] INFO  client.GrpcClientProtocolClient (GrpcClientProtocolClient.java:onNext(255)) - client-C954105195FD->270584e6-a4a8-4db5-8151-214655ce1a56: receive RaftClientReply:client-C954105195FD->270584e6-a4a8-4db5-8151-214655ce1a56@group-787F5BA3AA67, cid=3183, SUCCESS, logIndex=4790, commits[270584e6-a4a8-4db5-8151-214655ce1a56:c4790, af078b8b-61ec-497f-9506-472d46a72462:c4786, 09fb9ab4-1b8d-44c0-9f8c-50855c6f1fed:c4786]
2019-08-21 12:28:22,227 | INFO  | DNAudit | user=null | ip=null | op=WRITE_CHUNK {blockData=conID: 3 locID: 102654967950475926 bcsId: 0} | ret=SUCCESS |  
2019-08-21 12:28:22,227 | INFO  | DNAudit | user=null | ip=null | op=PUT_BLOCK {blockData=[blockId=conID: 3 locID: 102654967950475926 bcsId: 0,size=1048576]} | ret=SUCCESS |  
2019-08-21 12:28:22,227 | INFO  | DNAudit | user=null | ip=null | op=WRITE_CHUNK {blockData=conID: 3 locID: 102654967950475926 bcsId: 0} | ret=SUCCESS |  
2019-08-21 12:28:22,227 | INFO  | DNAudit | user=null | ip=null | op=PUT_BLOCK {blockData=[blockId=conID: 3 locID: 102654967950475926 bcsId: 0,size=1048576]} | ret=SUCCESS |  
2019-08-21 12:28:22,228 [grpc-default-executor-5] INFO  client.GrpcClientProtocolClient (GrpcClientProtocolClient.java:onNext(255)) - client-C954105195FD->270584e6-a4a8-4db5-8151-214655ce1a56: receive RaftClientReply:client-C954105195FD->270584e6-a4a8-4db5-8151-214655ce1a56@group-787F5BA3AA67, cid=3184, SUCCESS, logIndex=0, commits[270584e6-a4a8-4db5-8151-214655ce1a56:c4791, af078b8b-61ec-497f-9506-472d46a72462:c4788, 09fb9ab4-1b8d-44c0-9f8c-50855c6f1fed:c4788]
2019-08-21 12:28:22,236 | INFO  | DNAudit | user=null | ip=null | op=WRITE_CHUNK {blockData=conID: 3 locID: 102654967950475926 bcsId: 4790} | ret=SUCCESS |  
2019-08-21 12:28:22,238 | INFO  | DNAudit | user=null | ip=null | op=WRITE_CHUNK {blockData=conID: 3 locID: 102654967950475926 bcsId: 4790} | ret=SUCCESS |  
2019-08-21 12:28:22,239 | INFO  | DNAudit | user=null | ip=null | op=WRITE_CHUNK {blockData=conID: 3 locID: 102654967950475926 bcsId: 4790} | ret=SUCCESS |  
2019-08-21 12:28:22,240 | INFO  | DNAudit | user=null | ip=null | op=WRITE_CHUNK {blockData=conID: 3 locID: 102654967950475926 bcsId: 0} | ret=SUCCESS |  
2019-08-21 12:28:22,240 | INFO  | DNAudit | user=null | ip=null | op=WRITE_CHUNK {blockData=conID: 3 locID: 102654967950475926 bcsId: 0} | ret=SUCCESS |  
2019-08-21 12:28:22,240 | INFO  | DNAudit | user=null | ip=null | op=PUT_BLOCK {blockData=[blockId=conID: 3 locID: 102654967950475926 bcsId: 0,size=2097152]} | ret=SUCCESS |  
2019-08-21 12:28:22,240 | INFO  | DNAudit | user=null | ip=null | op=PUT_BLOCK {blockData=[blockId=conID: 3 locID: 102654967950475926 bcsId: 0,size=2097152]} | ret=SUCCESS |  
2019-08-21 12:28:22,253 | INFO  | DNAudit | user=null | ip=null | op=WRITE_CHUNK {blockData=conID: 3 locID: 102654967950475926 bcsId: 4790} | ret=SUCCESS |  
2019-08-21 12:28:22,254 | INFO  | DNAudit | user=null | ip=null | op=PUT_BLOCK {blockData=[blockId=conID: 3 locID: 102654967950475926 bcsId: 0,size=3145728]} | ret=SUCCESS |  
2019-08-21 12:28:22,254 [grpc-default-executor-5] INFO  client.GrpcClientProtocolClient (GrpcClientProtocolClient.java:onNext(255)) - client-C954105195FD->270584e6-a4a8-4db5-8151-214655ce1a56: receive RaftClientReply:client-C954105195FD->270584e6-a4a8-4db5-8151-214655ce1a56@group-787F5BA3AA67, cid=3185, SUCCESS, logIndex=4795, commits[270584e6-a4a8-4db5-8151-214655ce1a56:c4796, af078b8b-61ec-497f-9506-472d46a72462:c4791, 09fb9ab4-1b8d-44c0-9f8c-50855c6f1fed:c4791]
2019-08-21 12:28:22,254 [grpc-default-executor-5] INFO  client.GrpcClientProtocolClient (GrpcClientProtocolClient.java:onNext(255)) - client-C954105195FD->270584e6-a4a8-4db5-8151-214655ce1a56: receive RaftClientReply:client-C954105195FD->270584e6-a4a8-4db5-8151-214655ce1a56@group-787F5BA3AA67, cid=3186, SUCCESS, logIndex=4796, commits[270584e6-a4a8-4db5-8151-214655ce1a56:c4796, af078b8b-61ec-497f-9506-472d46a72462:c4791, 09fb9ab4-1b8d-44c0-9f8c-50855c6f1fed:c4791]
2019-08-21 12:28:22,263 | INFO  | DNAudit | user=null | ip=null | op=WRITE_CHUNK {blockData=conID: 3 locID: 102654967950475926 bcsId: 4796} | ret=SUCCESS |  
2019-08-21 12:28:22,265 | INFO  | DNAudit | user=null | ip=null | op=WRITE_CHUNK {blockData=conID: 3 locID: 102654967950475926 bcsId: 4796} | ret=SUCCESS |  
2019-08-21 12:28:22,266 | INFO  | DNAudit | user=null | ip=null | op=WRITE_CHUNK {blockData=conID: 3 locID: 102654967950475926 bcsId: 4796} | ret=SUCCESS |  
2019-08-21 12:28:22,266 | INFO  | DNAudit | user=null | ip=null | op=WRITE_CHUNK {blockData=conID: 3 locID: 102654967950475926 bcsId: 4790} | ret=SUCCESS |  
2019-08-21 12:28:22,266 | INFO  | DNAudit | user=null | ip=null | op=PUT_BLOCK {blockData=[blockId=conID: 3 locID: 102654967950475926 bcsId: 0,size=3145728]} | ret=SUCCESS |  
2019-08-21 12:28:22,266 | INFO  | DNAudit | user=null | ip=null | op=WRITE_CHUNK {blockData=conID: 3 locID: 102654967950475926 bcsId: 4790} | ret=SUCCESS |  
2019-08-21 12:28:22,280 | INFO  | DNAudit | user=null | ip=null | op=PUT_BLOCK {blockData=[blockId=conID: 3 locID: 102654967950475926 bcsId: 0,size=3145728]} | ret=SUCCESS |  
2019-08-21 12:28:22,281 | INFO  | DNAudit | user=null | ip=null | op=WRITE_CHUNK {blockData=conID: 3 locID: 102654967950475926 bcsId: 4796} | ret=SUCCESS |  
2019-08-21 12:28:22,281 | INFO  | DNAudit | user=null | ip=null | op=PUT_BLOCK {blockData=[blockId=conID: 3 locID: 102654967950475926 bcsId: 0,size=4194304]} | ret=SUCCESS |  
2019-08-21 12:28:22,281 [grpc-default-executor-5] INFO  client.GrpcClientProtocolClient (GrpcClientProtocolClient.java:onNext(255)) - client-C954105195FD->270584e6-a4a8-4db5-8151-214655ce1a56: receive RaftClientReply:client-C954105195FD->270584e6-a4a8-4db5-8151-214655ce1a56@group-787F5BA3AA67, cid=3187, SUCCESS, logIndex=4799, commits[270584e6-a4a8-4db5-8151-214655ce1a56:c4800, af078b8b-61ec-497f-9506-472d46a72462:c4796, 09fb9ab4-1b8d-44c0-9f8c-50855c6f1fed:c4796]
2019-08-21 12:28:22,282 [grpc-default-executor-5] INFO  client.GrpcClientProtocolClient (GrpcClientProtocolClient.java:onNext(255)) - client-C954105195FD->270584e6-a4a8-4db5-8151-214655ce1a56: receive RaftClientReply:client-C954105195FD->270584e6-a4a8-4db5-8151-214655ce1a56@group-787F5BA3AA67, cid=3188, SUCCESS, logIndex=4800, commits[270584e6-a4a8-4db5-8151-214655ce1a56:c4800, af078b8b-61ec-497f-9506-472d46a72462:c4796, 09fb9ab4-1b8d-44c0-9f8c-50855c6f1fed:c4796]
2019-08-21 12:28:22,283 | INFO  | DNAudit | user=null | ip=null | op=WRITE_CHUNK {blockData=conID: 3 locID: 102654967950475926 bcsId: 4796} | ret=SUCCESS |  
2019-08-21 12:28:22,283 | INFO  | DNAudit | user=null | ip=null | op=WRITE_CHUNK {blockData=conID: 3 locID: 102654967950475926 bcsId: 4796} | ret=SUCCESS |  
2019-08-21 12:28:22,286 | INFO  | DNAudit | user=null | ip=null | op=PUT_BLOCK {blockData=[blockId=conID: 3 locID: 102654967950475926 bcsId: 0,size=4194304]} | ret=SUCCESS |  
2019-08-21 12:28:22,286 | INFO  | DNAudit | user=null | ip=null | op=PUT_BLOCK {blockData=[blockId=conID: 3 locID: 102654967950475926 bcsId: 0,size=4194304]} | ret=SUCCESS |  
2019-08-21 12:28:22,286 [grpc-default-executor-5] INFO  client.GrpcClientProtocolClient (GrpcClientProtocolClient.java:onNext(255)) - client-C954105195FD->270584e6-a4a8-4db5-8151-214655ce1a56: receive RaftClientReply:client-C954105195FD->270584e6-a4a8-4db5-8151-214655ce1a56@group-787F5BA3AA67, cid=3189, SUCCESS, logIndex=0, commits[270584e6-a4a8-4db5-8151-214655ce1a56:c4801, af078b8b-61ec-497f-9506-472d46a72462:c4800, 09fb9ab4-1b8d-44c0-9f8c-50855c6f1fed:c4800]
2019-08-21 12:28:22,294 | INFO  | SCMAudit | user=jenkins1000 | ip=192.168.34.23 | op=ALLOCATE_BLOCK {owner=b79f83c9-5f7d-4caf-af30-78af34bc5eea, size=4194304, type=RATIS, factor=THREE} | ret=SUCCESS |  
2019-08-21 12:28:22,300 | INFO  | OMAudit | user=jenkins1000 | ip=127.0.0.1 | op=ALLOCATE_BLOCK {volume=vol-0-06517, bucket=bucket-0-64549, key=key-0-34512, dataSize=0, replicationType=null, replicationFactor=null, keyLocationInfo=null, clientID=102654965997830546} | ret=SUCCESS |  
2019-08-21 12:28:22,308 | INFO  | DNAudit | user=null | ip=null | op=WRITE_CHUNK {blockData=conID: 1 locID: 102654967958340247 bcsId: 0} | ret=SUCCESS |  
2019-08-21 12:28:22,312 | INFO  | DNAudit | user=null | ip=null | op=WRITE_CHUNK {blockData=conID: 1 locID: 102654967958340247 bcsId: 0} | ret=SUCCESS |  
2019-08-21 12:28:22,312 | INFO  | DNAudit | user=null | ip=null | op=WRITE_CHUNK {blockData=conID: 1 locID: 102654967958340247 bcsId: 0} | ret=SUCCESS |  
2019-08-21 12:28:22,313 | INFO  | DNAudit | user=null | ip=null | op=WRITE_CHUNK {blockData=conID: 1 locID: 102654967958340247 bcsId: 0} | ret=SUCCESS |  
2019-08-21 12:28:22,314 | INFO  | DNAudit | user=null | ip=null | op=WRITE_CHUNK {blockData=conID: 1 locID: 102654967958340247 bcsId: 0} | ret=SUCCESS |  
2019-08-21 12:28:22,315 | INFO  | DNAudit | user=null | ip=null | op=PUT_BLOCK {blockData=[blockId=conID: 1 locID: 102654967958340247 bcsId: 0,size=1048576]} | ret=SUCCESS |  
2019-08-21 12:28:22,315 | INFO  | DNAudit | user=null | ip=null | op=WRITE_CHUNK {blockData=conID: 1 locID: 102654967958340247 bcsId: 0} | ret=SUCCESS |  
2019-08-21 12:28:22,315 [grpc-default-executor-4] INFO  client.GrpcClientProtocolClient (GrpcClientProtocolClient.java:onNext(255)) - client-C954105195FD->270584e6-a4a8-4db5-8151-214655ce1a56: receive RaftClientReply:client-C954105195FD->270584e6-a4a8-4db5-8151-214655ce1a56@group-787F5BA3AA67, cid=3190, SUCCESS, logIndex=4803, commits[270584e6-a4a8-4db5-8151-214655ce1a56:c4804, af078b8b-61ec-497f-9506-472d46a72462:c4802, 09fb9ab4-1b8d-44c0-9f8c-50855c6f1fed:c4800]
2019-08-21 12:28:22,315 | INFO  | DNAudit | user=null | ip=null | op=WRITE_CHUNK {blockData=conID: 1 locID: 102654967958340247 bcsId: 0} | ret=SUCCESS |  
2019-08-21 12:28:22,316 [grpc-default-executor-4] INFO  client.GrpcClientProtocolClient (GrpcClientProtocolClient.java:onNext(255)) - client-C954105195FD->270584e6-a4a8-4db5-8151-214655ce1a56: receive RaftClientReply:client-C954105195FD->270584e6-a4a8-4db5-8151-214655ce1a56@group-787F5BA3AA67, cid=3191, SUCCESS, logIndex=4804, commits[270584e6-a4a8-4db5-8151-214655ce1a56:c4804, af078b8b-61ec-497f-9506-472d46a72462:c4802, 09fb9ab4-1b8d-44c0-9f8c-50855c6f1fed:c4802]
2019-08-21 12:28:22,317 | INFO  | DNAudit | user=null | ip=null | op=WRITE_CHUNK {blockData=conID: 1 locID: 102654967958340247 bcsId: 0} | ret=SUCCESS |  
2019-08-21 12:28:22,317 | INFO  | DNAudit | user=null | ip=null | op=WRITE_CHUNK {blockData=conID: 1 locID: 102654967958340247 bcsId: 0} | ret=SUCCESS |  
2019-08-21 12:28:22,317 | INFO  | DNAudit | user=null | ip=null | op=PUT_BLOCK {blockData=[blockId=conID: 1 locID: 102654967958340247 bcsId: 0,size=1048576]} | ret=SUCCESS |  
2019-08-21 12:28:22,318 | INFO  | DNAudit | user=null | ip=null | op=PUT_BLOCK {blockData=[blockId=conID: 1 locID: 102654967958340247 bcsId: 0,size=2097152]} | ret=SUCCESS |  
2019-08-21 12:28:22,318 [grpc-default-executor-4] INFO  client.GrpcClientProtocolClient (GrpcClientProtocolClient.java:onNext(255)) - client-C954105195FD->270584e6-a4a8-4db5-8151-214655ce1a56: receive RaftClientReply:client-C954105195FD->270584e6-a4a8-4db5-8151-214655ce1a56@group-787F5BA3AA67, cid=3192, SUCCESS, logIndex=4805, commits[270584e6-a4a8-4db5-8151-214655ce1a56:c4808, af078b8b-61ec-497f-9506-472d46a72462:c4804, 09fb9ab4-1b8d-44c0-9f8c-50855c6f1fed:c4802]
2019-08-21 12:28:22,318 | INFO  | DNAudit | user=null | ip=null | op=WRITE_CHUNK {blockData=conID: 1 locID: 102654967958340247 bcsId: 0} | ret=SUCCESS |  
2019-08-21 12:28:22,318 | INFO  | DNAudit | user=null | ip=null | op=PUT_BLOCK {blockData=[blockId=conID: 1 locID: 102654967958340247 bcsId: 0,size=1048576]} | ret=SUCCESS |  
2019-08-21 12:28:22,318 [grpc-default-executor-4] INFO  client.GrpcClientProtocolClient (GrpcClientProtocolClient.java:onNext(255)) - client-C954105195FD->270584e6-a4a8-4db5-8151-214655ce1a56: receive RaftClientReply:client-C954105195FD->270584e6-a4a8-4db5-8151-214655ce1a56@group-787F5BA3AA67, cid=3193, SUCCESS, logIndex=4806, commits[270584e6-a4a8-4db5-8151-214655ce1a56:c4808, af078b8b-61ec-497f-9506-472d46a72462:c4804, 09fb9ab4-1b8d-44c0-9f8c-50855c6f1fed:c4802]
2019-08-21 12:28:22,319 | INFO  | DNAudit | user=null | ip=null | op=WRITE_CHUNK {blockData=conID: 1 locID: 102654967958340247 bcsId: 0} | ret=SUCCESS |  
2019-08-21 12:28:22,319 | INFO  | DNAudit | user=null | ip=null | op=PUT_BLOCK {blockData=[blockId=conID: 1 locID: 102654967958340247 bcsId: 0,size=2097152]} | ret=SUCCESS |  
2019-08-21 12:28:22,320 | INFO  | DNAudit | user=null | ip=null | op=WRITE_CHUNK {blockData=conID: 1 locID: 102654967958340247 bcsId: 0} | ret=SUCCESS |  
2019-08-21 12:28:22,319 [grpc-default-executor-2] INFO  client.GrpcClientProtocolClient (GrpcClientProtocolClient.java:onNext(255)) - client-C954105195FD->270584e6-a4a8-4db5-8151-214655ce1a56: receive RaftClientReply:client-C954105195FD->270584e6-a4a8-4db5-8151-214655ce1a56@group-787F5BA3AA67, cid=3194, SUCCESS, logIndex=0, commits[270584e6-a4a8-4db5-8151-214655ce1a56:c4809, af078b8b-61ec-497f-9506-472d46a72462:c4806, 09fb9ab4-1b8d-44c0-9f8c-50855c6f1fed:c4804]
2019-08-21 12:28:22,320 | INFO  | DNAudit | user=null | ip=null | op=PUT_BLOCK {blockData=[blockId=conID: 1 locID: 102654967958340247 bcsId: 0,size=2097152]} | ret=SUCCESS |  
2019-08-21 12:28:22,327 | INFO  | DNAudit | user=null | ip=null | op=WRITE_CHUNK {blockData=conID: 1 locID: 102654967958340247 bcsId: 4806} | ret=SUCCESS |  
2019-08-21 12:28:22,331 | INFO  | DNAudit | user=null | ip=null | op=WRITE_CHUNK {blockData=conID: 1 locID: 102654967958340247 bcsId: 4806} | ret=SUCCESS |  
2019-08-21 12:28:22,331 | INFO  | DNAudit | user=null | ip=null | op=WRITE_CHUNK {blockData=conID: 1 locID: 102654967958340247 bcsId: 4806} | ret=SUCCESS |  
2019-08-21 12:28:22,333 | INFO  | DNAudit | user=null | ip=null | op=WRITE_CHUNK {blockData=conID: 1 locID: 102654967958340247 bcsId: 4806} | ret=SUCCESS |  
2019-08-21 12:28:22,334 | INFO  | DNAudit | user=null | ip=null | op=PUT_BLOCK {blockData=[blockId=conID: 1 locID: 102654967958340247 bcsId: 0,size=3145728]} | ret=SUCCESS |  
2019-08-21 12:28:22,334 [grpc-default-executor-5] INFO  client.GrpcClientProtocolClient (GrpcClientProtocolClient.java:onNext(255)) - client-C954105195FD->270584e6-a4a8-4db5-8151-214655ce1a56: receive RaftClientReply:client-C954105195FD->270584e6-a4a8-4db5-8151-214655ce1a56@group-787F5BA3AA67, cid=3195, SUCCESS, logIndex=4811, commits[270584e6-a4a8-4db5-8151-214655ce1a56:c4812, af078b8b-61ec-497f-9506-472d46a72462:c4810, 09fb9ab4-1b8d-44c0-9f8c-50855c6f1fed:c4810]
2019-08-21 12:28:22,334 [grpc-default-executor-5] INFO  client.GrpcClientProtocolClient (GrpcClientProtocolClient.java:onNext(255)) - client-C954105195FD->270584e6-a4a8-4db5-8151-214655ce1a56: receive RaftClientReply:client-C954105195FD->270584e6-a4a8-4db5-8151-214655ce1a56@group-787F5BA3AA67, cid=3196, SUCCESS, logIndex=4812, commits[270584e6-a4a8-4db5-8151-214655ce1a56:c4812, af078b8b-61ec-497f-9506-472d46a72462:c4810, 09fb9ab4-1b8d-44c0-9f8c-50855c6f1fed:c4810]
2019-08-21 12:28:22,335 | INFO  | DNAudit | user=null | ip=null | op=WRITE_CHUNK {blockData=conID: 1 locID: 102654967958340247 bcsId: 4806} | ret=SUCCESS |  
2019-08-21 12:28:22,335 | INFO  | DNAudit | user=null | ip=null | op=PUT_BLOCK {blockData=[blockId=conID: 1 locID: 102654967958340247 bcsId: 0,size=3145728]} | ret=SUCCESS |  
2019-08-21 12:28:22,336 | INFO  | DNAudit | user=null | ip=null | op=WRITE_CHUNK {blockData=conID: 1 locID: 102654967958340247 bcsId: 4806} | ret=SUCCESS |  
2019-08-21 12:28:22,336 | INFO  | DNAudit | user=null | ip=null | op=PUT_BLOCK {blockData=[blockId=conID: 1 locID: 102654967958340247 bcsId: 0,size=3145728]} | ret=SUCCESS |  
2019-08-21 12:28:22,341 | INFO  | DNAudit | user=null | ip=null | op=WRITE_CHUNK {blockData=conID: 1 locID: 102654967958340247 bcsId: 4812} | ret=SUCCESS |  
2019-08-21 12:28:22,346 | INFO  | DNAudit | user=null | ip=null | op=WRITE_CHUNK {blockData=conID: 1 locID: 102654967958340247 bcsId: 4812} | ret=SUCCESS |  
2019-08-21 12:28:22,350 | INFO  | DNAudit | user=null | ip=null | op=WRITE_CHUNK {blockData=conID: 1 locID: 102654967958340247 bcsId: 4812} | ret=SUCCESS |  
2019-08-21 12:28:22,356 | INFO  | DNAudit | user=null | ip=null | op=WRITE_CHUNK {blockData=conID: 1 locID: 102654967958340247 bcsId: 4812} | ret=SUCCESS |  
2019-08-21 12:28:22,357 | INFO  | DNAudit | user=null | ip=null | op=PUT_BLOCK {blockData=[blockId=conID: 1 locID: 102654967958340247 bcsId: 0,size=4194304]} | ret=SUCCESS |  
2019-08-21 12:28:22,357 [grpc-default-executor-4] INFO  client.GrpcClientProtocolClient (GrpcClientProtocolClient.java:onNext(255)) - client-C954105195FD->270584e6-a4a8-4db5-8151-214655ce1a56: receive RaftClientReply:client-C954105195FD->270584e6-a4a8-4db5-8151-214655ce1a56@group-787F5BA3AA67, cid=3197, SUCCESS, logIndex=4815, commits[270584e6-a4a8-4db5-8151-214655ce1a56:c4816, af078b8b-61ec-497f-9506-472d46a72462:c4814, 09fb9ab4-1b8d-44c0-9f8c-50855c6f1fed:c4814]
2019-08-21 12:28:22,357 [grpc-default-executor-4] INFO  client.GrpcClientProtocolClient (GrpcClientProtocolClient.java:onNext(255)) - client-C954105195FD->270584e6-a4a8-4db5-8151-214655ce1a56: receive RaftClientReply:client-C954105195FD->270584e6-a4a8-4db5-8151-214655ce1a56@group-787F5BA3AA67, cid=3198, SUCCESS, logIndex=4816, commits[270584e6-a4a8-4db5-8151-214655ce1a56:c4816, af078b8b-61ec-497f-9506-472d46a72462:c4814, 09fb9ab4-1b8d-44c0-9f8c-50855c6f1fed:c4814]
2019-08-21 12:28:22,368 | INFO  | DNAudit | user=null | ip=null | op=WRITE_CHUNK {blockData=conID: 1 locID: 102654967958340247 bcsId: 4812} | ret=SUCCESS |  
2019-08-21 12:28:22,368 | INFO  | DNAudit | user=null | ip=null | op=WRITE_CHUNK {blockData=conID: 1 locID: 102654967958340247 bcsId: 4812} | ret=SUCCESS |  
2019-08-21 12:28:22,369 | INFO  | DNAudit | user=null | ip=null | op=PUT_BLOCK {blockData=[blockId=conID: 1 locID: 102654967958340247 bcsId: 0,size=4194304]} | ret=SUCCESS |  
2019-08-21 12:28:22,369 | INFO  | DNAudit | user=null | ip=null | op=PUT_BLOCK {blockData=[blockId=conID: 1 locID: 102654967958340247 bcsId: 0,size=4194304]} | ret=SUCCESS |  
2019-08-21 12:28:22,370 [grpc-default-executor-4] INFO  client.GrpcClientProtocolClient (GrpcClientProtocolClient.java:onNext(255)) - client-C954105195FD->270584e6-a4a8-4db5-8151-214655ce1a56: receive RaftClientReply:client-C954105195FD->270584e6-a4a8-4db5-8151-214655ce1a56@group-787F5BA3AA67, cid=3199, SUCCESS, logIndex=0, commits[270584e6-a4a8-4db5-8151-214655ce1a56:c4817, af078b8b-61ec-497f-9506-472d46a72462:c4816, 09fb9ab4-1b8d-44c0-9f8c-50855c6f1fed:c4816]
2019-08-21 12:28:22,377 | INFO  | SCMAudit | user=jenkins1000 | ip=192.168.34.23 | op=ALLOCATE_BLOCK {owner=b79f83c9-5f7d-4caf-af30-78af34bc5eea, size=4194304, type=RATIS, factor=THREE} | ret=SUCCESS |  
2019-08-21 12:28:22,381 | INFO  | OMAudit | user=jenkins1000 | ip=127.0.0.1 | op=ALLOCATE_BLOCK {volume=vol-0-06517, bucket=bucket-0-64549, key=key-0-34512, dataSize=0, replicationType=null, replicationFactor=null, keyLocationInfo=null, clientID=102654965997830546} | ret=SUCCESS |  
2019-08-21 12:28:22,390 | INFO  | DNAudit | user=null | ip=null | op=WRITE_CHUNK {blockData=conID: 2 locID: 102654967963779736 bcsId: 0} | ret=SUCCESS |  
2019-08-21 12:28:22,485 | INFO  | DNAudit | user=null | ip=null | op=WRITE_CHUNK {blockData=conID: 2 locID: 102654967963779736 bcsId: 0} | ret=SUCCESS |  
2019-08-21 12:28:22,487 | INFO  | DNAudit | user=null | ip=null | op=WRITE_CHUNK {blockData=conID: 2 locID: 102654967963779736 bcsId: 0} | ret=SUCCESS |  
2019-08-21 12:28:22,487 | INFO  | DNAudit | user=null | ip=null | op=WRITE_CHUNK {blockData=conID: 2 locID: 102654967963779736 bcsId: 0} | ret=SUCCESS |  
2019-08-21 12:28:22,489 | INFO  | DNAudit | user=null | ip=null | op=WRITE_CHUNK {blockData=conID: 2 locID: 102654967963779736 bcsId: 0} | ret=SUCCESS |  
2019-08-21 12:28:22,489 | INFO  | DNAudit | user=null | ip=null | op=WRITE_CHUNK {blockData=conID: 2 locID: 102654967963779736 bcsId: 0} | ret=SUCCESS |  
2019-08-21 12:28:22,498 | INFO  | DNAudit | user=null | ip=null | op=WRITE_CHUNK {blockData=conID: 2 locID: 102654967963779736 bcsId: 0} | ret=SUCCESS |  
2019-08-21 12:28:22,499 | INFO  | DNAudit | user=null | ip=null | op=PUT_BLOCK {blockData=[blockId=conID: 2 locID: 102654967963779736 bcsId: 0,size=1048576]} | ret=SUCCESS |  
2019-08-21 12:28:22,499 | INFO  | DNAudit | user=null | ip=null | op=WRITE_CHUNK {blockData=conID: 2 locID: 102654967963779736 bcsId: 0} | ret=SUCCESS |  
2019-08-21 12:28:22,499 [grpc-default-executor-4] INFO  client.GrpcClientProtocolClient (GrpcClientProtocolClient.java:onNext(255)) - client-C954105195FD->270584e6-a4a8-4db5-8151-214655ce1a56: receive RaftClientReply:client-C954105195FD->270584e6-a4a8-4db5-8151-214655ce1a56@group-787F5BA3AA67, cid=3200, SUCCESS, logIndex=4819, commits[270584e6-a4a8-4db5-8151-214655ce1a56:c4820, af078b8b-61ec-497f-9506-472d46a72462:c4818, 09fb9ab4-1b8d-44c0-9f8c-50855c6f1fed:c4818]
2019-08-21 12:28:22,499 | INFO  | DNAudit | user=null | ip=null | op=PUT_BLOCK {blockData=[blockId=conID: 2 locID: 102654967963779736 bcsId: 0,size=2097152]} | ret=SUCCESS |  
2019-08-21 12:28:22,499 [grpc-default-executor-4] INFO  client.GrpcClientProtocolClient (GrpcClientProtocolClient.java:onNext(255)) - client-C954105195FD->270584e6-a4a8-4db5-8151-214655ce1a56: receive RaftClientReply:client-C954105195FD->270584e6-a4a8-4db5-8151-214655ce1a56@group-787F5BA3AA67, cid=3201, SUCCESS, logIndex=4820, commits[270584e6-a4a8-4db5-8151-214655ce1a56:c4822, af078b8b-61ec-497f-9506-472d46a72462:c4818, 09fb9ab4-1b8d-44c0-9f8c-50855c6f1fed:c4818]
2019-08-21 12:28:22,500 [grpc-default-executor-4] INFO  client.GrpcClientProtocolClient (GrpcClientProtocolClient.java:onNext(255)) - client-C954105195FD->270584e6-a4a8-4db5-8151-214655ce1a56: receive RaftClientReply:client-C954105195FD->270584e6-a4a8-4db5-8151-214655ce1a56@group-787F5BA3AA67, cid=3202, SUCCESS, logIndex=4821, commits[270584e6-a4a8-4db5-8151-214655ce1a56:c4822, af078b8b-61ec-497f-9506-472d46a72462:c4818, 09fb9ab4-1b8d-44c0-9f8c-50855c6f1fed:c4818]
2019-08-21 12:28:22,500 [grpc-default-executor-4] INFO  client.GrpcClientProtocolClient (GrpcClientProtocolClient.java:onNext(255)) - client-C954105195FD->270584e6-a4a8-4db5-8151-214655ce1a56: receive RaftClientReply:client-C954105195FD->270584e6-a4a8-4db5-8151-214655ce1a56@group-787F5BA3AA67, cid=3203, SUCCESS, logIndex=4822, commits[270584e6-a4a8-4db5-8151-214655ce1a56:c4822, af078b8b-61ec-497f-9506-472d46a72462:c4818, 09fb9ab4-1b8d-44c0-9f8c-50855c6f1fed:c4818]
2019-08-21 12:28:22,509 | INFO  | DNAudit | user=null | ip=null | op=WRITE_CHUNK {blockData=conID: 2 locID: 102654967963779736 bcsId: 0} | ret=SUCCESS |  
2019-08-21 12:28:22,510 | INFO  | DNAudit | user=null | ip=null | op=WRITE_CHUNK {blockData=conID: 2 locID: 102654967963779736 bcsId: 0} | ret=SUCCESS |  
2019-08-21 12:28:22,510 | INFO  | DNAudit | user=null | ip=null | op=PUT_BLOCK {blockData=[blockId=conID: 2 locID: 102654967963779736 bcsId: 0,size=1048576]} | ret=SUCCESS |  
2019-08-21 12:28:22,511 | INFO  | DNAudit | user=null | ip=null | op=WRITE_CHUNK {blockData=conID: 2 locID: 102654967963779736 bcsId: 0} | ret=SUCCESS |  
2019-08-21 12:28:22,511 | INFO  | DNAudit | user=null | ip=null | op=PUT_BLOCK {blockData=[blockId=conID: 2 locID: 102654967963779736 bcsId: 0,size=2097152]} | ret=SUCCESS |  
2019-08-21 12:28:22,512 | INFO  | DNAudit | user=null | ip=null | op=PUT_BLOCK {blockData=[blockId=conID: 2 locID: 102654967963779736 bcsId: 0,size=1048576]} | ret=SUCCESS |  
2019-08-21 12:28:22,513 | INFO  | DNAudit | user=null | ip=null | op=WRITE_CHUNK {blockData=conID: 2 locID: 102654967963779736 bcsId: 0} | ret=SUCCESS |  
2019-08-21 12:28:22,513 [grpc-default-executor-4] INFO  client.GrpcClientProtocolClient (GrpcClientProtocolClient.java:onNext(255)) - client-C954105195FD->270584e6-a4a8-4db5-8151-214655ce1a56: receive RaftClientReply:client-C954105195FD->270584e6-a4a8-4db5-8151-214655ce1a56@group-787F5BA3AA67, cid=3204, SUCCESS, logIndex=0, commits[270584e6-a4a8-4db5-8151-214655ce1a56:c4826, af078b8b-61ec-497f-9506-472d46a72462:c4820, 09fb9ab4-1b8d-44c0-9f8c-50855c6f1fed:c4822]
2019-08-21 12:28:22,513 | INFO  | DNAudit | user=null | ip=null | op=PUT_BLOCK {blockData=[blockId=conID: 2 locID: 102654967963779736 bcsId: 0,size=2097152]} | ret=SUCCESS |  
2019-08-21 12:28:22,520 | INFO  | DNAudit | user=null | ip=null | op=WRITE_CHUNK {blockData=conID: 2 locID: 102654967963779736 bcsId: 4822} | ret=SUCCESS |  
2019-08-21 12:28:22,523 | INFO  | DNAudit | user=null | ip=null | op=WRITE_CHUNK {blockData=conID: 2 locID: 102654967963779736 bcsId: 4822} | ret=SUCCESS |  
2019-08-21 12:28:22,523 | INFO  | DNAudit | user=null | ip=null | op=WRITE_CHUNK {blockData=conID: 2 locID: 102654967963779736 bcsId: 4822} | ret=SUCCESS |  
2019-08-21 12:28:22,533 | INFO  | DNAudit | user=null | ip=null | op=WRITE_CHUNK {blockData=conID: 2 locID: 102654967963779736 bcsId: 4822} | ret=SUCCESS |  
2019-08-21 12:28:22,533 | INFO  | DNAudit | user=null | ip=null | op=PUT_BLOCK {blockData=[blockId=conID: 2 locID: 102654967963779736 bcsId: 0,size=3145728]} | ret=SUCCESS |  
2019-08-21 12:28:22,533 [grpc-default-executor-5] INFO  client.GrpcClientProtocolClient (GrpcClientProtocolClient.java:onNext(255)) - client-C954105195FD->270584e6-a4a8-4db5-8151-214655ce1a56: receive RaftClientReply:client-C954105195FD->270584e6-a4a8-4db5-8151-214655ce1a56@group-787F5BA3AA67, cid=3205, SUCCESS, logIndex=4827, commits[270584e6-a4a8-4db5-8151-214655ce1a56:c4827, af078b8b-61ec-497f-9506-472d46a72462:c4826, 09fb9ab4-1b8d-44c0-9f8c-50855c6f1fed:c4826]
2019-08-21 12:28:22,534 [grpc-default-executor-5] INFO  client.GrpcClientProtocolClient (GrpcClientProtocolClient.java:onNext(255)) - client-C954105195FD->270584e6-a4a8-4db5-8151-214655ce1a56: receive RaftClientReply:client-C954105195FD->270584e6-a4a8-4db5-8151-214655ce1a56@group-787F5BA3AA67, cid=3206, SUCCESS, logIndex=4828, commits[270584e6-a4a8-4db5-8151-214655ce1a56:c4828, af078b8b-61ec-497f-9506-472d46a72462:c4826, 09fb9ab4-1b8d-44c0-9f8c-50855c6f1fed:c4826]
2019-08-21 12:28:22,542 | INFO  | DNAudit | user=null | ip=null | op=WRITE_CHUNK {blockData=conID: 2 locID: 102654967963779736 bcsId: 4828} | ret=SUCCESS |  
2019-08-21 12:28:22,545 | INFO  | DNAudit | user=null | ip=null | op=WRITE_CHUNK {blockData=conID: 2 locID: 102654967963779736 bcsId: 4828} | ret=SUCCESS |  
2019-08-21 12:28:22,545 | INFO  | DNAudit | user=null | ip=null | op=WRITE_CHUNK {blockData=conID: 2 locID: 102654967963779736 bcsId: 4822} | ret=SUCCESS |  
2019-08-21 12:28:22,545 | INFO  | DNAudit | user=null | ip=null | op=WRITE_CHUNK {blockData=conID: 2 locID: 102654967963779736 bcsId: 4828} | ret=SUCCESS |  
2019-08-21 12:28:22,545 | INFO  | DNAudit | user=null | ip=null | op=WRITE_CHUNK {blockData=conID: 2 locID: 102654967963779736 bcsId: 4822} | ret=SUCCESS |  
2019-08-21 12:28:22,546 | INFO  | DNAudit | user=null | ip=null | op=PUT_BLOCK {blockData=[blockId=conID: 2 locID: 102654967963779736 bcsId: 0,size=3145728]} | ret=SUCCESS |  
2019-08-21 12:28:22,546 | INFO  | DNAudit | user=null | ip=null | op=WRITE_CHUNK {blockData=conID: 2 locID: 102654967963779736 bcsId: 4828} | ret=SUCCESS |  
2019-08-21 12:28:22,547 | INFO  | DNAudit | user=null | ip=null | op=PUT_BLOCK {blockData=[blockId=conID: 2 locID: 102654967963779736 bcsId: 0,size=3145728]} | ret=SUCCESS |  
2019-08-21 12:28:22,547 | INFO  | SCMAudit | user=jenkins1000 | ip=192.168.34.23 | op=SEND_HEARTBEAT {datanodeUUID=0aa4def6-fe9f-4182-b0b1-80406548816f, command=[]} | ret=SUCCESS |  
2019-08-21 12:28:22,547 | INFO  | SCMAudit | user=jenkins1000 | ip=192.168.34.23 | op=SEND_HEARTBEAT {datanodeUUID=39ae8c09-9b4b-4ddc-906b-4e52d104e1b1, command=[]} | ret=SUCCESS |  
 0.00% |█                                                                                                    |  0/1 Time: 0:00:302019-08-21 12:28:22,547 | INFO  | DNAudit | user=null | ip=null | op=PUT_BLOCK {blockData=[blockId=conID: 2 locID: 102654967963779736 bcsId: 0,size=4194304]} | ret=SUCCESS |  
2019-08-21 12:28:22,547 [grpc-default-executor-4] INFO  client.GrpcClientProtocolClient (GrpcClientProtocolClient.java:onNext(255)) - client-C954105195FD->270584e6-a4a8-4db5-8151-214655ce1a56: receive RaftClientReply:client-C954105195FD->270584e6-a4a8-4db5-8151-214655ce1a56@group-787F5BA3AA67, cid=3207, SUCCESS, logIndex=4831, commits[270584e6-a4a8-4db5-8151-214655ce1a56:c4832, af078b8b-61ec-497f-9506-472d46a72462:c4828, 09fb9ab4-1b8d-44c0-9f8c-50855c6f1fed:c4828]
2019-08-21 12:28:22,548 | INFO  | SCMAudit | user=jenkins1000 | ip=192.168.34.23 | op=SEND_HEARTBEAT {datanodeUUID=270584e6-a4a8-4db5-8151-214655ce1a56, command=[]} | ret=SUCCESS |  
2019-08-21 12:28:22,548 [grpc-default-executor-5] INFO  client.GrpcClientProtocolClient (GrpcClientProtocolClient.java:onNext(255)) - client-C954105195FD->270584e6-a4a8-4db5-8151-214655ce1a56: receive RaftClientReply:client-C954105195FD->270584e6-a4a8-4db5-8151-214655ce1a56@group-787F5BA3AA67, cid=3208, SUCCESS, logIndex=4832, commits[270584e6-a4a8-4db5-8151-214655ce1a56:c4832, af078b8b-61ec-497f-9506-472d46a72462:c4828, 09fb9ab4-1b8d-44c0-9f8c-50855c6f1fed:c4828]
2019-08-21 12:28:22,549 | INFO  | SCMAudit | user=jenkins1000 | ip=192.168.34.23 | op=SEND_HEARTBEAT {datanodeUUID=09fb9ab4-1b8d-44c0-9f8c-50855c6f1fed, command=[]} | ret=SUCCESS |  
2019-08-21 12:28:22,549 | INFO  | SCMAudit | user=jenkins1000 | ip=192.168.34.23 | op=SEND_HEARTBEAT {datanodeUUID=af078b8b-61ec-497f-9506-472d46a72462, command=[]} | ret=SUCCESS |  
2019-08-21 12:28:22,558 | INFO  | DNAudit | user=null | ip=null | op=WRITE_CHUNK {blockData=conID: 2 locID: 102654967963779736 bcsId: 4828} | ret=SUCCESS |  
2019-08-21 12:28:22,558 | INFO  | DNAudit | user=null | ip=null | op=WRITE_CHUNK {blockData=conID: 2 locID: 102654967963779736 bcsId: 4828} | ret=SUCCESS |  
2019-08-21 12:28:22,559 | INFO  | DNAudit | user=null | ip=null | op=PUT_BLOCK {blockData=[blockId=conID: 2 locID: 102654967963779736 bcsId: 0,size=4194304]} | ret=SUCCESS |  
2019-08-21 12:28:22,559 | INFO  | DNAudit | user=null | ip=null | op=PUT_BLOCK {blockData=[blockId=conID: 2 locID: 102654967963779736 bcsId: 0,size=4194304]} | ret=SUCCESS |  
2019-08-21 12:28:22,559 [grpc-default-executor-5] INFO  client.GrpcClientProtocolClient (GrpcClientProtocolClient.java:onNext(255)) - client-C954105195FD->270584e6-a4a8-4db5-8151-214655ce1a56: receive RaftClientReply:client-C954105195FD->270584e6-a4a8-4db5-8151-214655ce1a56@group-787F5BA3AA67, cid=3209, SUCCESS, logIndex=0, commits[270584e6-a4a8-4db5-8151-214655ce1a56:c4834, af078b8b-61ec-497f-9506-472d46a72462:c4832, 09fb9ab4-1b8d-44c0-9f8c-50855c6f1fed:c4832]
2019-08-21 12:28:22,567 | INFO  | SCMAudit | user=jenkins1000 | ip=192.168.34.23 | op=ALLOCATE_BLOCK {owner=b79f83c9-5f7d-4caf-af30-78af34bc5eea, size=4194304, type=RATIS, factor=THREE} | ret=SUCCESS |  
2019-08-21 12:28:22,572 | INFO  | OMAudit | user=jenkins1000 | ip=127.0.0.1 | op=ALLOCATE_BLOCK {volume=vol-0-06517, bucket=bucket-0-64549, key=key-0-34512, dataSize=0, replicationType=null, replicationFactor=null, keyLocationInfo=null, clientID=102654965997830546} | ret=SUCCESS |  
2019-08-21 12:28:22,581 | INFO  | DNAudit | user=null | ip=null | op=WRITE_CHUNK {blockData=conID: 3 locID: 102654967976231577 bcsId: 0} | ret=SUCCESS |  
2019-08-21 12:28:22,584 | INFO  | DNAudit | user=null | ip=null | op=WRITE_CHUNK {blockData=conID: 3 locID: 102654967976231577 bcsId: 0} | ret=SUCCESS |  
2019-08-21 12:28:22,585 | INFO  | DNAudit | user=null | ip=null | op=WRITE_CHUNK {blockData=conID: 3 locID: 102654967976231577 bcsId: 0} | ret=SUCCESS |  
2019-08-21 12:28:22,586 | INFO  | DNAudit | user=null | ip=null | op=WRITE_CHUNK {blockData=conID: 3 locID: 102654967976231577 bcsId: 0} | ret=SUCCESS |  
2019-08-21 12:28:22,588 | INFO  | DNAudit | user=null | ip=null | op=WRITE_CHUNK {blockData=conID: 3 locID: 102654967976231577 bcsId: 0} | ret=SUCCESS |  
2019-08-21 12:28:22,588 | INFO  | DNAudit | user=null | ip=null | op=WRITE_CHUNK {blockData=conID: 3 locID: 102654967976231577 bcsId: 0} | ret=SUCCESS |  
2019-08-21 12:28:22,594 | INFO  | DNAudit | user=null | ip=null | op=WRITE_CHUNK {blockData=conID: 3 locID: 102654967976231577 bcsId: 0} | ret=SUCCESS |  
2019-08-21 12:28:22,594 | INFO  | DNAudit | user=null | ip=null | op=PUT_BLOCK {blockData=[blockId=conID: 3 locID: 102654967976231577 bcsId: 0,size=1048576]} | ret=SUCCESS |  
2019-08-21 12:28:22,595 [grpc-default-executor-5] INFO  client.GrpcClientProtocolClient (GrpcClientProtocolClient.java:onNext(255)) - client-C954105195FD->270584e6-a4a8-4db5-8151-214655ce1a56: receive RaftClientReply:client-C954105195FD->270584e6-a4a8-4db5-8151-214655ce1a56@group-787F5BA3AA67, cid=3210, SUCCESS, logIndex=4835, commits[270584e6-a4a8-4db5-8151-214655ce1a56:c4836, af078b8b-61ec-497f-9506-472d46a72462:c4834, 09fb9ab4-1b8d-44c0-9f8c-50855c6f1fed:c4834]
2019-08-21 12:28:22,595 | INFO  | DNAudit | user=null | ip=null | op=WRITE_CHUNK {blockData=conID: 3 locID: 102654967976231577 bcsId: 0} | ret=SUCCESS |  
2019-08-21 12:28:22,595 [grpc-default-executor-5] INFO  client.GrpcClientProtocolClient (GrpcClientProtocolClient.java:onNext(255)) - client-C954105195FD->270584e6-a4a8-4db5-8151-214655ce1a56: receive RaftClientReply:client-C954105195FD->270584e6-a4a8-4db5-8151-214655ce1a56@group-787F5BA3AA67, cid=3211, SUCCESS, logIndex=4836, commits[270584e6-a4a8-4db5-8151-214655ce1a56:c4836, af078b8b-61ec-497f-9506-472d46a72462:c4834, 09fb9ab4-1b8d-44c0-9f8c-50855c6f1fed:c4834]
2019-08-21 12:28:22,596 | INFO  | DNAudit | user=null | ip=null | op=PUT_BLOCK {blockData=[blockId=conID: 3 locID: 102654967976231577 bcsId: 0,size=2097152]} | ret=SUCCESS |  
2019-08-21 12:28:22,596 [grpc-default-executor-5] INFO  client.GrpcClientProtocolClient (GrpcClientProtocolClient.java:onNext(255)) - client-C954105195FD->270584e6-a4a8-4db5-8151-214655ce1a56: receive RaftClientReply:client-C954105195FD->270584e6-a4a8-4db5-8151-214655ce1a56@group-787F5BA3AA67, cid=3212, SUCCESS, logIndex=4837, commits[270584e6-a4a8-4db5-8151-214655ce1a56:c4838, af078b8b-61ec-497f-9506-472d46a72462:c4834, 09fb9ab4-1b8d-44c0-9f8c-50855c6f1fed:c4834]
2019-08-21 12:28:22,596 [grpc-default-executor-5] INFO  client.GrpcClientProtocolClient (GrpcClientProtocolClient.java:onNext(255)) - client-C954105195FD->270584e6-a4a8-4db5-8151-214655ce1a56: receive RaftClientReply:client-C954105195FD->270584e6-a4a8-4db5-8151-214655ce1a56@group-787F5BA3AA67, cid=3213, SUCCESS, logIndex=4838, commits[270584e6-a4a8-4db5-8151-214655ce1a56:c4838, af078b8b-61ec-497f-9506-472d46a72462:c4834, 09fb9ab4-1b8d-44c0-9f8c-50855c6f1fed:c4834]
2019-08-21 12:28:22,596 | INFO  | DNAudit | user=null | ip=null | op=WRITE_CHUNK {blockData=conID: 3 locID: 102654967976231577 bcsId: 0} | ret=SUCCESS |  
2019-08-21 12:28:22,597 | INFO  | DNAudit | user=null | ip=null | op=PUT_BLOCK {blockData=[blockId=conID: 3 locID: 102654967976231577 bcsId: 0,size=1048576]} | ret=SUCCESS |  
2019-08-21 12:28:22,597 | INFO  | DNAudit | user=null | ip=null | op=WRITE_CHUNK {blockData=conID: 3 locID: 102654967976231577 bcsId: 0} | ret=SUCCESS |  
2019-08-21 12:28:22,597 | INFO  | DNAudit | user=null | ip=null | op=PUT_BLOCK {blockData=[blockId=conID: 3 locID: 102654967976231577 bcsId: 0,size=1048576]} | ret=SUCCESS |  
2019-08-21 12:28:22,597 | INFO  | DNAudit | user=null | ip=null | op=WRITE_CHUNK {blockData=conID: 3 locID: 102654967976231577 bcsId: 0} | ret=SUCCESS |  
2019-08-21 12:28:22,597 | INFO  | DNAudit | user=null | ip=null | op=WRITE_CHUNK {blockData=conID: 3 locID: 102654967976231577 bcsId: 0} | ret=SUCCESS |  
2019-08-21 12:28:22,597 [grpc-default-executor-5] INFO  client.GrpcClientProtocolClient (GrpcClientProtocolClient.java:onNext(255)) - client-C954105195FD->270584e6-a4a8-4db5-8151-214655ce1a56: receive RaftClientReply:client-C954105195FD->270584e6-a4a8-4db5-8151-214655ce1a56@group-787F5BA3AA67, cid=3214, SUCCESS, logIndex=0, commits[270584e6-a4a8-4db5-8151-214655ce1a56:c4840, af078b8b-61ec-497f-9506-472d46a72462:c4836, 09fb9ab4-1b8d-44c0-9f8c-50855c6f1fed:c4836]
2019-08-21 12:28:22,597 | INFO  | DNAudit | user=null | ip=null | op=PUT_BLOCK {blockData=[blockId=conID: 3 locID: 102654967976231577 bcsId: 0,size=2097152]} | ret=SUCCESS |  
2019-08-21 12:28:22,598 | INFO  | DNAudit | user=null | ip=null | op=PUT_BLOCK {blockData=[blockId=conID: 3 locID: 102654967976231577 bcsId: 0,size=2097152]} | ret=SUCCESS |  
2019-08-21 12:28:22,604 | INFO  | DNAudit | user=null | ip=null | op=WRITE_CHUNK {blockData=conID: 3 locID: 102654967976231577 bcsId: 4838} | ret=SUCCESS |  
2019-08-21 12:28:22,607 | INFO  | DNAudit | user=null | ip=null | op=WRITE_CHUNK {blockData=conID: 3 locID: 102654967976231577 bcsId: 4838} | ret=SUCCESS |  
2019-08-21 12:28:22,608 | INFO  | DNAudit | user=null | ip=null | op=WRITE_CHUNK {blockData=conID: 3 locID: 102654967976231577 bcsId: 4838} | ret=SUCCESS |  
2019-08-21 12:28:22,622 | INFO  | DNAudit | user=null | ip=null | op=WRITE_CHUNK {blockData=conID: 3 locID: 102654967976231577 bcsId: 4838} | ret=SUCCESS |  
2019-08-21 12:28:22,623 | INFO  | DNAudit | user=null | ip=null | op=PUT_BLOCK {blockData=[blockId=conID: 3 locID: 102654967976231577 bcsId: 0,size=3145728]} | ret=SUCCESS |  
2019-08-21 12:28:22,623 [grpc-default-executor-4] INFO  client.GrpcClientProtocolClient (GrpcClientProtocolClient.java:onNext(255)) - client-C954105195FD->270584e6-a4a8-4db5-8151-214655ce1a56: receive RaftClientReply:client-C954105195FD->270584e6-a4a8-4db5-8151-214655ce1a56@group-787F5BA3AA67, cid=3215, SUCCESS, logIndex=4843, commits[270584e6-a4a8-4db5-8151-214655ce1a56:c4844, af078b8b-61ec-497f-9506-472d46a72462:c4842, 09fb9ab4-1b8d-44c0-9f8c-50855c6f1fed:c4842]
2019-08-21 12:28:22,623 [grpc-default-executor-4] INFO  client.GrpcClientProtocolClient (GrpcClientProtocolClient.java:onNext(255)) - client-C954105195FD->270584e6-a4a8-4db5-8151-214655ce1a56: receive RaftClientReply:client-C954105195FD->270584e6-a4a8-4db5-8151-214655ce1a56@group-787F5BA3AA67, cid=3216, SUCCESS, logIndex=4844, commits[270584e6-a4a8-4db5-8151-214655ce1a56:c4844, af078b8b-61ec-497f-9506-472d46a72462:c4842, 09fb9ab4-1b8d-44c0-9f8c-50855c6f1fed:c4842]
2019-08-21 12:28:22,624 | INFO  | DNAudit | user=null | ip=null | op=WRITE_CHUNK {blockData=conID: 3 locID: 102654967976231577 bcsId: 4838} | ret=SUCCESS |  
2019-08-21 12:28:22,624 | INFO  | DNAudit | user=null | ip=null | op=WRITE_CHUNK {blockData=conID: 3 locID: 102654967976231577 bcsId: 4838} | ret=SUCCESS |  
2019-08-21 12:28:22,625 | INFO  | DNAudit | user=null | ip=null | op=PUT_BLOCK {blockData=[blockId=conID: 3 locID: 102654967976231577 bcsId: 0,size=3145728]} | ret=SUCCESS |  
2019-08-21 12:28:22,625 | INFO  | DNAudit | user=null | ip=null | op=PUT_BLOCK {blockData=[blockId=conID: 3 locID: 102654967976231577 bcsId: 0,size=3145728]} | ret=SUCCESS |  
2019-08-21 12:28:22,630 | INFO  | DNAudit | user=null | ip=null | op=WRITE_CHUNK {blockData=conID: 3 locID: 102654967976231577 bcsId: 4844} | ret=SUCCESS |  
2019-08-21 12:28:22,632 | INFO  | DNAudit | user=null | ip=null | op=WRITE_CHUNK {blockData=conID: 3 locID: 102654967976231577 bcsId: 4844} | ret=SUCCESS |  
2019-08-21 12:28:22,633 | INFO  | DNAudit | user=null | ip=null | op=WRITE_CHUNK {blockData=conID: 3 locID: 102654967976231577 bcsId: 4844} | ret=SUCCESS |  
2019-08-21 12:28:22,642 | INFO  | DNAudit | user=null | ip=null | op=WRITE_CHUNK {blockData=conID: 3 locID: 102654967976231577 bcsId: 4844} | ret=SUCCESS |  
2019-08-21 12:28:22,643 | INFO  | DNAudit | user=null | ip=null | op=PUT_BLOCK {blockData=[blockId=conID: 3 locID: 102654967976231577 bcsId: 0,size=4194304]} | ret=SUCCESS |  
2019-08-21 12:28:22,643 [grpc-default-executor-5] INFO  client.GrpcClientProtocolClient (GrpcClientProtocolClient.java:onNext(255)) - client-C954105195FD->270584e6-a4a8-4db5-8151-214655ce1a56: receive RaftClientReply:client-C954105195FD->270584e6-a4a8-4db5-8151-214655ce1a56@group-787F5BA3AA67, cid=3217, SUCCESS, logIndex=4847, commits[270584e6-a4a8-4db5-8151-214655ce1a56:c4848, af078b8b-61ec-497f-9506-472d46a72462:c4846, 09fb9ab4-1b8d-44c0-9f8c-50855c6f1fed:c4846]
2019-08-21 12:28:22,643 [grpc-default-executor-5] INFO  client.GrpcClientProtocolClient (GrpcClientProtocolClient.java:onNext(255)) - client-C954105195FD->270584e6-a4a8-4db5-8151-214655ce1a56: receive RaftClientReply:client-C954105195FD->270584e6-a4a8-4db5-8151-214655ce1a56@group-787F5BA3AA67, cid=3218, SUCCESS, logIndex=4848, commits[270584e6-a4a8-4db5-8151-214655ce1a56:c4848, af078b8b-61ec-497f-9506-472d46a72462:c4846, 09fb9ab4-1b8d-44c0-9f8c-50855c6f1fed:c4846]
2019-08-21 12:28:22,653 | INFO  | DNAudit | user=null | ip=null | op=WRITE_CHUNK {blockData=conID: 3 locID: 102654967976231577 bcsId: 4844} | ret=SUCCESS |  
2019-08-21 12:28:22,654 | INFO  | DNAudit | user=null | ip=null | op=WRITE_CHUNK {blockData=conID: 3 locID: 102654967976231577 bcsId: 4844} | ret=SUCCESS |  
2019-08-21 12:28:22,656 | INFO  | DNAudit | user=null | ip=null | op=PUT_BLOCK {blockData=[blockId=conID: 3 locID: 102654967976231577 bcsId: 0,size=4194304]} | ret=SUCCESS |  
2019-08-21 12:28:22,656 | INFO  | DNAudit | user=null | ip=null | op=PUT_BLOCK {blockData=[blockId=conID: 3 locID: 102654967976231577 bcsId: 0,size=4194304]} | ret=SUCCESS |  
2019-08-21 12:28:22,657 [grpc-default-executor-5] INFO  client.GrpcClientProtocolClient (GrpcClientProtocolClient.java:onNext(255)) - client-C954105195FD->270584e6-a4a8-4db5-8151-214655ce1a56: receive RaftClientReply:client-C954105195FD->270584e6-a4a8-4db5-8151-214655ce1a56@group-787F5BA3AA67, cid=3219, SUCCESS, logIndex=0, commits[270584e6-a4a8-4db5-8151-214655ce1a56:c4850, af078b8b-61ec-497f-9506-472d46a72462:c4848, 09fb9ab4-1b8d-44c0-9f8c-50855c6f1fed:c4848]
2019-08-21 12:28:22,662 | INFO  | SCMAudit | user=jenkins1000 | ip=192.168.34.23 | op=ALLOCATE_BLOCK {owner=b79f83c9-5f7d-4caf-af30-78af34bc5eea, size=4194304, type=RATIS, factor=THREE} | ret=SUCCESS |  
2019-08-21 12:28:22,665 | INFO  | OMAudit | user=jenkins1000 | ip=127.0.0.1 | op=ALLOCATE_BLOCK {volume=vol-0-06517, bucket=bucket-0-64549, key=key-0-34512, dataSize=0, replicationType=null, replicationFactor=null, keyLocationInfo=null, clientID=102654965997830546} | ret=SUCCESS |  
2019-08-21 12:28:22,672 | INFO  | DNAudit | user=null | ip=null | op=WRITE_CHUNK {blockData=conID: 1 locID: 102654967982457498 bcsId: 0} | ret=SUCCESS |  
2019-08-21 12:28:22,675 | INFO  | DNAudit | user=null | ip=null | op=WRITE_CHUNK {blockData=conID: 1 locID: 102654967982457498 bcsId: 0} | ret=SUCCESS |  
2019-08-21 12:28:22,675 | INFO  | DNAudit | user=null | ip=null | op=WRITE_CHUNK {blockData=conID: 1 locID: 102654967982457498 bcsId: 0} | ret=SUCCESS |  
2019-08-21 12:28:22,675 | INFO  | DNAudit | user=null | ip=null | op=WRITE_CHUNK {blockData=conID: 1 locID: 102654967982457498 bcsId: 0} | ret=SUCCESS |  
2019-08-21 12:28:22,677 | INFO  | DNAudit | user=null | ip=null | op=WRITE_CHUNK {blockData=conID: 1 locID: 102654967982457498 bcsId: 0} | ret=SUCCESS |  
2019-08-21 12:28:22,677 | INFO  | DNAudit | user=null | ip=null | op=WRITE_CHUNK {blockData=conID: 1 locID: 102654967982457498 bcsId: 0} | ret=SUCCESS |  
2019-08-21 12:28:22,684 | INFO  | DNAudit | user=null | ip=null | op=WRITE_CHUNK {blockData=conID: 1 locID: 102654967982457498 bcsId: 0} | ret=SUCCESS |  
2019-08-21 12:28:22,685 | INFO  | DNAudit | user=null | ip=null | op=PUT_BLOCK {blockData=[blockId=conID: 1 locID: 102654967982457498 bcsId: 0,size=1048576]} | ret=SUCCESS |  
2019-08-21 12:28:22,685 [grpc-default-executor-2] INFO  client.GrpcClientProtocolClient (GrpcClientProtocolClient.java:onNext(255)) - client-C954105195FD->270584e6-a4a8-4db5-8151-214655ce1a56: receive RaftClientReply:client-C954105195FD->270584e6-a4a8-4db5-8151-214655ce1a56@group-787F5BA3AA67, cid=3220, SUCCESS, logIndex=4851, commits[270584e6-a4a8-4db5-8151-214655ce1a56:c4852, af078b8b-61ec-497f-9506-472d46a72462:c4850, 09fb9ab4-1b8d-44c0-9f8c-50855c6f1fed:c4850]
2019-08-21 12:28:22,685 | INFO  | DNAudit | user=null | ip=null | op=WRITE_CHUNK {blockData=conID: 1 locID: 102654967982457498 bcsId: 0} | ret=SUCCESS |  
2019-08-21 12:28:22,686 | INFO  | DNAudit | user=null | ip=null | op=PUT_BLOCK {blockData=[blockId=conID: 1 locID: 102654967982457498 bcsId: 0,size=2097152]} | ret=SUCCESS |  
2019-08-21 12:28:22,686 [grpc-default-executor-2] INFO  client.GrpcClientProtocolClient (GrpcClientProtocolClient.java:onNext(255)) - client-C954105195FD->270584e6-a4a8-4db5-8151-214655ce1a56: receive RaftClientReply:client-C954105195FD->270584e6-a4a8-4db5-8151-214655ce1a56@group-787F5BA3AA67, cid=3221, SUCCESS, logIndex=4852, commits[270584e6-a4a8-4db5-8151-214655ce1a56:c4852, af078b8b-61ec-497f-9506-472d46a72462:c4850, 09fb9ab4-1b8d-44c0-9f8c-50855c6f1fed:c4850]
2019-08-21 12:28:22,686 [grpc-default-executor-2] INFO  client.GrpcClientProtocolClient (GrpcClientProtocolClient.java:onNext(255)) - client-C954105195FD->270584e6-a4a8-4db5-8151-214655ce1a56: receive RaftClientReply:client-C954105195FD->270584e6-a4a8-4db5-8151-214655ce1a56@group-787F5BA3AA67, cid=3222, SUCCESS, logIndex=4853, commits[270584e6-a4a8-4db5-8151-214655ce1a56:c4854, af078b8b-61ec-497f-9506-472d46a72462:c4850, 09fb9ab4-1b8d-44c0-9f8c-50855c6f1fed:c4850]
2019-08-21 12:28:22,686 [grpc-default-executor-2] INFO  client.GrpcClientProtocolClient (GrpcClientProtocolClient.java:onNext(255)) - client-C954105195FD->270584e6-a4a8-4db5-8151-214655ce1a56: receive RaftClientReply:client-C954105195FD->270584e6-a4a8-4db5-8151-214655ce1a56@group-787F5BA3AA67, cid=3223, SUCCESS, logIndex=4854, commits[270584e6-a4a8-4db5-8151-214655ce1a56:c4854, af078b8b-61ec-497f-9506-472d46a72462:c4850, 09fb9ab4-1b8d-44c0-9f8c-50855c6f1fed:c4850]
2019-08-21 12:28:22,698 | INFO  | DNAudit | user=null | ip=null | op=WRITE_CHUNK {blockData=conID: 1 locID: 102654967982457498 bcsId: 0} | ret=SUCCESS |  
2019-08-21 12:28:22,699 | INFO  | DNAudit | user=null | ip=null | op=PUT_BLOCK {blockData=[blockId=conID: 1 locID: 102654967982457498 bcsId: 0,size=1048576]} | ret=SUCCESS |  
2019-08-21 12:28:22,699 | INFO  | DNAudit | user=null | ip=null | op=WRITE_CHUNK {blockData=conID: 1 locID: 102654967982457498 bcsId: 0} | ret=SUCCESS |  
2019-08-21 12:28:22,699 | INFO  | DNAudit | user=null | ip=null | op=PUT_BLOCK {blockData=[blockId=conID: 1 locID: 102654967982457498 bcsId: 0,size=1048576]} | ret=SUCCESS |  
2019-08-21 12:28:22,700 | INFO  | DNAudit | user=null | ip=null | op=WRITE_CHUNK {blockData=conID: 1 locID: 102654967982457498 bcsId: 0} | ret=SUCCESS |  
2019-08-21 12:28:22,700 | INFO  | DNAudit | user=null | ip=null | op=WRITE_CHUNK {blockData=conID: 1 locID: 102654967982457498 bcsId: 0} | ret=SUCCESS |  
2019-08-21 12:28:22,700 | INFO  | DNAudit | user=null | ip=null | op=PUT_BLOCK {blockData=[blockId=conID: 1 locID: 102654967982457498 bcsId: 0,size=2097152]} | ret=SUCCESS |  
2019-08-21 12:28:22,700 [grpc-default-executor-2] INFO  client.GrpcClientProtocolClient (GrpcClientProtocolClient.java:onNext(255)) - client-C954105195FD->270584e6-a4a8-4db5-8151-214655ce1a56: receive RaftClientReply:client-C954105195FD->270584e6-a4a8-4db5-8151-214655ce1a56@group-787F5BA3AA67, cid=3224, SUCCESS, logIndex=0, commits[270584e6-a4a8-4db5-8151-214655ce1a56:c4856, af078b8b-61ec-497f-9506-472d46a72462:c4852, 09fb9ab4-1b8d-44c0-9f8c-50855c6f1fed:c4852]
2019-08-21 12:28:22,700 | INFO  | DNAudit | user=null | ip=null | op=PUT_BLOCK {blockData=[blockId=conID: 1 locID: 102654967982457498 bcsId: 0,size=2097152]} | ret=SUCCESS |  
2019-08-21 12:28:22,706 | INFO  | DNAudit | user=null | ip=null | op=WRITE_CHUNK {blockData=conID: 1 locID: 102654967982457498 bcsId: 4854} | ret=SUCCESS |  
2019-08-21 12:28:22,709 | INFO  | DNAudit | user=null | ip=null | op=WRITE_CHUNK {blockData=conID: 1 locID: 102654967982457498 bcsId: 4854} | ret=SUCCESS |  
2019-08-21 12:28:22,709 | INFO  | DNAudit | user=null | ip=null | op=WRITE_CHUNK {blockData=conID: 1 locID: 102654967982457498 bcsId: 4854} | ret=SUCCESS |  
2019-08-21 12:28:22,719 | INFO  | DNAudit | user=null | ip=null | op=WRITE_CHUNK {blockData=conID: 1 locID: 102654967982457498 bcsId: 4854} | ret=SUCCESS |  
2019-08-21 12:28:22,719 | INFO  | DNAudit | user=null | ip=null | op=PUT_BLOCK {blockData=[blockId=conID: 1 locID: 102654967982457498 bcsId: 0,size=3145728]} | ret=SUCCESS |  
2019-08-21 12:28:22,719 [grpc-default-executor-2] INFO  client.GrpcClientProtocolClient (GrpcClientProtocolClient.java:onNext(255)) - client-C954105195FD->270584e6-a4a8-4db5-8151-214655ce1a56: receive RaftClientReply:client-C954105195FD->270584e6-a4a8-4db5-8151-214655ce1a56@group-787F5BA3AA67, cid=3225, SUCCESS, logIndex=4859, commits[270584e6-a4a8-4db5-8151-214655ce1a56:c4860, af078b8b-61ec-497f-9506-472d46a72462:c4858, 09fb9ab4-1b8d-44c0-9f8c-50855c6f1fed:c4858]
2019-08-21 12:28:22,720 [grpc-default-executor-2] INFO  client.GrpcClientProtocolClient (GrpcClientProtocolClient.java:onNext(255)) - client-C954105195FD->270584e6-a4a8-4db5-8151-214655ce1a56: receive RaftClientReply:client-C954105195FD->270584e6-a4a8-4db5-8151-214655ce1a56@group-787F5BA3AA67, cid=3226, SUCCESS, logIndex=4860, commits[270584e6-a4a8-4db5-8151-214655ce1a56:c4860, af078b8b-61ec-497f-9506-472d46a72462:c4858, 09fb9ab4-1b8d-44c0-9f8c-50855c6f1fed:c4858]
2019-08-21 12:28:22,726 | INFO  | DNAudit | user=null | ip=null | op=WRITE_CHUNK {blockData=conID: 1 locID: 102654967982457498 bcsId: 4860} | ret=SUCCESS |  
2019-08-21 12:28:22,728 | INFO  | DNAudit | user=null | ip=null | op=WRITE_CHUNK {blockData=conID: 1 locID: 102654967982457498 bcsId: 4860} | ret=SUCCESS |  
2019-08-21 12:28:22,729 | INFO  | DNAudit | user=null | ip=null | op=WRITE_CHUNK {blockData=conID: 1 locID: 102654967982457498 bcsId: 4860} | ret=SUCCESS |  
2019-08-21 12:28:22,730 | INFO  | DNAudit | user=null | ip=null | op=WRITE_CHUNK {blockData=conID: 1 locID: 102654967982457498 bcsId: 4854} | ret=SUCCESS |  
2019-08-21 12:28:22,730 | INFO  | DNAudit | user=null | ip=null | op=WRITE_CHUNK {blockData=conID: 1 locID: 102654967982457498 bcsId: 4854} | ret=SUCCESS |  
2019-08-21 12:28:22,733 | INFO  | DNAudit | user=null | ip=null | op=PUT_BLOCK {blockData=[blockId=conID: 1 locID: 102654967982457498 bcsId: 0,size=3145728]} | ret=SUCCESS |  
2019-08-21 12:28:22,733 | INFO  | DNAudit | user=null | ip=null | op=PUT_BLOCK {blockData=[blockId=conID: 1 locID: 102654967982457498 bcsId: 0,size=3145728]} | ret=SUCCESS |  
2019-08-21 12:28:22,734 | INFO  | DNAudit | user=null | ip=null | op=WRITE_CHUNK {blockData=conID: 1 locID: 102654967982457498 bcsId: 4860} | ret=SUCCESS |  
2019-08-21 12:28:22,734 | INFO  | DNAudit | user=null | ip=null | op=PUT_BLOCK {blockData=[blockId=conID: 1 locID: 102654967982457498 bcsId: 0,size=4194304]} | ret=SUCCESS |  
2019-08-21 12:28:22,734 [grpc-default-executor-5] INFO  client.GrpcClientProtocolClient (GrpcClientProtocolClient.java:onNext(255)) - client-C954105195FD->270584e6-a4a8-4db5-8151-214655ce1a56: receive RaftClientReply:client-C954105195FD->270584e6-a4a8-4db5-8151-214655ce1a56@group-787F5BA3AA67, cid=3227, SUCCESS, logIndex=4863, commits[270584e6-a4a8-4db5-8151-214655ce1a56:c4864, af078b8b-61ec-497f-9506-472d46a72462:c4860, 09fb9ab4-1b8d-44c0-9f8c-50855c6f1fed:c4860]
2019-08-21 12:28:22,735 [grpc-default-executor-5] INFO  client.GrpcClientProtocolClient (GrpcClientProtocolClient.java:onNext(255)) - client-C954105195FD->270584e6-a4a8-4db5-8151-214655ce1a56: receive RaftClientReply:client-C954105195FD->270584e6-a4a8-4db5-8151-214655ce1a56@group-787F5BA3AA67, cid=3228, SUCCESS, logIndex=4864, commits[270584e6-a4a8-4db5-8151-214655ce1a56:c4864, af078b8b-61ec-497f-9506-472d46a72462:c4860, 09fb9ab4-1b8d-44c0-9f8c-50855c6f1fed:c4860]
2019-08-21 12:28:22,745 | INFO  | DNAudit | user=null | ip=null | op=WRITE_CHUNK {blockData=conID: 1 locID: 102654967982457498 bcsId: 4860} | ret=SUCCESS |  
2019-08-21 12:28:22,745 | INFO  | DNAudit | user=null | ip=null | op=WRITE_CHUNK {blockData=conID: 1 locID: 102654967982457498 bcsId: 4860} | ret=SUCCESS |  
2019-08-21 12:28:22,748 | INFO  | DNAudit | user=null | ip=null | op=PUT_BLOCK {blockData=[blockId=conID: 1 locID: 102654967982457498 bcsId: 0,size=4194304]} | ret=SUCCESS |  
2019-08-21 12:28:22,748 | INFO  | DNAudit | user=null | ip=null | op=PUT_BLOCK {blockData=[blockId=conID: 1 locID: 102654967982457498 bcsId: 0,size=4194304]} | ret=SUCCESS |  
2019-08-21 12:28:22,748 [grpc-default-executor-5] INFO  client.GrpcClientProtocolClient (GrpcClientProtocolClient.java:onNext(255)) - client-C954105195FD->270584e6-a4a8-4db5-8151-214655ce1a56: receive RaftClientReply:client-C954105195FD->270584e6-a4a8-4db5-8151-214655ce1a56@group-787F5BA3AA67, cid=3229, SUCCESS, logIndex=0, commits[270584e6-a4a8-4db5-8151-214655ce1a56:c4866, af078b8b-61ec-497f-9506-472d46a72462:c4864, 09fb9ab4-1b8d-44c0-9f8c-50855c6f1fed:c4864]
2019-08-21 12:28:22,756 | INFO  | SCMAudit | user=jenkins1000 | ip=192.168.34.23 | op=ALLOCATE_BLOCK {owner=b79f83c9-5f7d-4caf-af30-78af34bc5eea, size=4194304, type=RATIS, factor=THREE} | ret=SUCCESS |  
2019-08-21 12:28:22,761 | INFO  | OMAudit | user=jenkins1000 | ip=127.0.0.1 | op=ALLOCATE_BLOCK {volume=vol-0-06517, bucket=bucket-0-64549, key=key-0-34512, dataSize=0, replicationType=null, replicationFactor=null, keyLocationInfo=null, clientID=102654965997830546} | ret=SUCCESS |  
2019-08-21 12:28:22,767 | INFO  | DNAudit | user=null | ip=null | op=WRITE_CHUNK {blockData=conID: 2 locID: 102654967988617883 bcsId: 0} | ret=SUCCESS |  
2019-08-21 12:28:22,770 | INFO  | DNAudit | user=null | ip=null | op=WRITE_CHUNK {blockData=conID: 2 locID: 102654967988617883 bcsId: 0} | ret=SUCCESS |  
2019-08-21 12:28:22,770 | INFO  | DNAudit | user=null | ip=null | op=WRITE_CHUNK {blockData=conID: 2 locID: 102654967988617883 bcsId: 0} | ret=SUCCESS |  
2019-08-21 12:28:22,771 | INFO  | DNAudit | user=null | ip=null | op=WRITE_CHUNK {blockData=conID: 2 locID: 102654967988617883 bcsId: 0} | ret=SUCCESS |  
2019-08-21 12:28:22,772 | INFO  | DNAudit | user=null | ip=null | op=WRITE_CHUNK {blockData=conID: 2 locID: 102654967988617883 bcsId: 0} | ret=SUCCESS |  
2019-08-21 12:28:22,772 | INFO  | DNAudit | user=null | ip=null | op=WRITE_CHUNK {blockData=conID: 2 locID: 102654967988617883 bcsId: 0} | ret=SUCCESS |  
2019-08-21 12:28:22,781 | INFO  | DNAudit | user=null | ip=null | op=WRITE_CHUNK {blockData=conID: 2 locID: 102654967988617883 bcsId: 0} | ret=SUCCESS |  
2019-08-21 12:28:22,782 | INFO  | DNAudit | user=null | ip=null | op=PUT_BLOCK {blockData=[blockId=conID: 2 locID: 102654967988617883 bcsId: 0,size=1048576]} | ret=SUCCESS |  
2019-08-21 12:28:22,782 [grpc-default-executor-5] INFO  client.GrpcClientProtocolClient (GrpcClientProtocolClient.java:onNext(255)) - client-C954105195FD->270584e6-a4a8-4db5-8151-214655ce1a56: receive RaftClientReply:client-C954105195FD->270584e6-a4a8-4db5-8151-214655ce1a56@group-787F5BA3AA67, cid=3230, SUCCESS, logIndex=4867, commits[270584e6-a4a8-4db5-8151-214655ce1a56:c4868, af078b8b-61ec-497f-9506-472d46a72462:c4866, 09fb9ab4-1b8d-44c0-9f8c-50855c6f1fed:c4866]
2019-08-21 12:28:22,782 [grpc-default-executor-5] INFO  client.GrpcClientProtocolClient (GrpcClientProtocolClient.java:onNext(255)) - client-C954105195FD->270584e6-a4a8-4db5-8151-214655ce1a56: receive RaftClientReply:client-C954105195FD->270584e6-a4a8-4db5-8151-214655ce1a56@group-787F5BA3AA67, cid=3231, SUCCESS, logIndex=4868, commits[270584e6-a4a8-4db5-8151-214655ce1a56:c4868, af078b8b-61ec-497f-9506-472d46a72462:c4866, 09fb9ab4-1b8d-44c0-9f8c-50855c6f1fed:c4866]
2019-08-21 12:28:22,791 | INFO  | DNAudit | user=null | ip=null | op=WRITE_CHUNK {blockData=conID: 2 locID: 102654967988617883 bcsId: 0} | ret=SUCCESS |  
2019-08-21 12:28:22,792 | INFO  | DNAudit | user=null | ip=null | op=PUT_BLOCK {blockData=[blockId=conID: 2 locID: 102654967988617883 bcsId: 0,size=2097152]} | ret=SUCCESS |  
2019-08-21 12:28:22,792 [grpc-default-executor-5] INFO  client.GrpcClientProtocolClient (GrpcClientProtocolClient.java:onNext(255)) - client-C954105195FD->270584e6-a4a8-4db5-8151-214655ce1a56: receive RaftClientReply:client-C954105195FD->270584e6-a4a8-4db5-8151-214655ce1a56@group-787F5BA3AA67, cid=3232, SUCCESS, logIndex=4869, commits[270584e6-a4a8-4db5-8151-214655ce1a56:c4870, af078b8b-61ec-497f-9506-472d46a72462:c4866, 09fb9ab4-1b8d-44c0-9f8c-50855c6f1fed:c4866]
2019-08-21 12:28:22,792 [grpc-default-executor-5] INFO  client.GrpcClientProtocolClient (GrpcClientProtocolClient.java:onNext(255)) - client-C954105195FD->270584e6-a4a8-4db5-8151-214655ce1a56: receive RaftClientReply:client-C954105195FD->270584e6-a4a8-4db5-8151-214655ce1a56@group-787F5BA3AA67, cid=3233, SUCCESS, logIndex=4870, commits[270584e6-a4a8-4db5-8151-214655ce1a56:c4870, af078b8b-61ec-497f-9506-472d46a72462:c4866, 09fb9ab4-1b8d-44c0-9f8c-50855c6f1fed:c4866]
2019-08-21 12:28:22,794 | INFO  | DNAudit | user=null | ip=null | op=WRITE_CHUNK {blockData=conID: 2 locID: 102654967988617883 bcsId: 0} | ret=SUCCESS |  
2019-08-21 12:28:22,794 | INFO  | DNAudit | user=null | ip=null | op=WRITE_CHUNK {blockData=conID: 2 locID: 102654967988617883 bcsId: 0} | ret=SUCCESS |  
2019-08-21 12:28:22,794 | INFO  | DNAudit | user=null | ip=null | op=PUT_BLOCK {blockData=[blockId=conID: 2 locID: 102654967988617883 bcsId: 0,size=1048576]} | ret=SUCCESS |  
2019-08-21 12:28:22,807 | INFO  | DNAudit | user=null | ip=null | op=PUT_BLOCK {blockData=[blockId=conID: 2 locID: 102654967988617883 bcsId: 0,size=1048576]} | ret=SUCCESS |  
2019-08-21 12:28:22,808 [grpc-default-executor-1] INFO  client.GrpcClientProtocolClient (GrpcClientProtocolClient.java:onNext(255)) - client-C954105195FD->270584e6-a4a8-4db5-8151-214655ce1a56: receive RaftClientReply:client-C954105195FD->270584e6-a4a8-4db5-8151-214655ce1a56@group-787F5BA3AA67, cid=3234, SUCCESS, logIndex=0, commits[270584e6-a4a8-4db5-8151-214655ce1a56:c4872, af078b8b-61ec-497f-9506-472d46a72462:c4868, 09fb9ab4-1b8d-44c0-9f8c-50855c6f1fed:c4868]
2019-08-21 12:28:22,814 | INFO  | DNAudit | user=null | ip=null | op=WRITE_CHUNK {blockData=conID: 2 locID: 102654967988617883 bcsId: 4870} | ret=SUCCESS |  
2019-08-21 12:28:22,816 | INFO  | DNAudit | user=null | ip=null | op=WRITE_CHUNK {blockData=conID: 2 locID: 102654967988617883 bcsId: 4870} | ret=SUCCESS |  
2019-08-21 12:28:22,817 | INFO  | DNAudit | user=null | ip=null | op=WRITE_CHUNK {blockData=conID: 2 locID: 102654967988617883 bcsId: 4870} | ret=SUCCESS |  
2019-08-21 12:28:22,818 | INFO  | DNAudit | user=null | ip=null | op=WRITE_CHUNK {blockData=conID: 2 locID: 102654967988617883 bcsId: 0} | ret=SUCCESS |  
2019-08-21 12:28:22,819 | INFO  | DNAudit | user=null | ip=null | op=PUT_BLOCK {blockData=[blockId=conID: 2 locID: 102654967988617883 bcsId: 0,size=2097152]} | ret=SUCCESS |  
2019-08-21 12:28:22,819 | INFO  | DNAudit | user=null | ip=null | op=WRITE_CHUNK {blockData=conID: 2 locID: 102654967988617883 bcsId: 4870} | ret=SUCCESS |  
2019-08-21 12:28:22,819 | INFO  | DNAudit | user=null | ip=null | op=WRITE_CHUNK {blockData=conID: 2 locID: 102654967988617883 bcsId: 0} | ret=SUCCESS |  
2019-08-21 12:28:22,819 | INFO  | DNAudit | user=null | ip=null | op=PUT_BLOCK {blockData=[blockId=conID: 2 locID: 102654967988617883 bcsId: 0,size=2097152]} | ret=SUCCESS |  
2019-08-21 12:28:22,819 | INFO  | DNAudit | user=null | ip=null | op=PUT_BLOCK {blockData=[blockId=conID: 2 locID: 102654967988617883 bcsId: 0,size=3145728]} | ret=SUCCESS |  
2019-08-21 12:28:22,819 [grpc-default-executor-1] INFO  client.GrpcClientProtocolClient (GrpcClientProtocolClient.java:onNext(255)) - client-C954105195FD->270584e6-a4a8-4db5-8151-214655ce1a56: receive RaftClientReply:client-C954105195FD->270584e6-a4a8-4db5-8151-214655ce1a56@group-787F5BA3AA67, cid=3235, SUCCESS, logIndex=4875, commits[270584e6-a4a8-4db5-8151-214655ce1a56:c4876, af078b8b-61ec-497f-9506-472d46a72462:c4874, 09fb9ab4-1b8d-44c0-9f8c-50855c6f1fed:c4874]
2019-08-21 12:28:22,820 [grpc-default-executor-1] INFO  client.GrpcClientProtocolClient (GrpcClientProtocolClient.java:onNext(255)) - client-C954105195FD->270584e6-a4a8-4db5-8151-214655ce1a56: receive RaftClientReply:client-C954105195FD->270584e6-a4a8-4db5-8151-214655ce1a56@group-787F5BA3AA67, cid=3236, SUCCESS, logIndex=4876, commits[270584e6-a4a8-4db5-8151-214655ce1a56:c4876, af078b8b-61ec-497f-9506-472d46a72462:c4874, 09fb9ab4-1b8d-44c0-9f8c-50855c6f1fed:c4874]
2019-08-21 12:28:22,820 | INFO  | DNAudit | user=null | ip=null | op=WRITE_CHUNK {blockData=conID: 2 locID: 102654967988617883 bcsId: 4870} | ret=SUCCESS |  
2019-08-21 12:28:22,820 | INFO  | DNAudit | user=null | ip=null | op=PUT_BLOCK {blockData=[blockId=conID: 2 locID: 102654967988617883 bcsId: 0,size=3145728]} | ret=SUCCESS |  
2019-08-21 12:28:22,822 | INFO  | DNAudit | user=null | ip=null | op=WRITE_CHUNK {blockData=conID: 2 locID: 102654967988617883 bcsId: 4870} | ret=SUCCESS |  
2019-08-21 12:28:22,823 | INFO  | DNAudit | user=null | ip=null | op=PUT_BLOCK {blockData=[blockId=conID: 2 locID: 102654967988617883 bcsId: 0,size=3145728]} | ret=SUCCESS |  
2019-08-21 12:28:22,825 | INFO  | DNAudit | user=null | ip=null | op=WRITE_CHUNK {blockData=conID: 2 locID: 102654967988617883 bcsId: 4876} | ret=SUCCESS |  
2019-08-21 12:28:22,828 | INFO  | DNAudit | user=null | ip=null | op=WRITE_CHUNK {blockData=conID: 2 locID: 102654967988617883 bcsId: 4876} | ret=SUCCESS |  
2019-08-21 12:28:22,829 | INFO  | DNAudit | user=null | ip=null | op=WRITE_CHUNK {blockData=conID: 2 locID: 102654967988617883 bcsId: 4876} | ret=SUCCESS |  
2019-08-21 12:28:22,831 | INFO  | DNAudit | user=null | ip=null | op=WRITE_CHUNK {blockData=conID: 2 locID: 102654967988617883 bcsId: 4876} | ret=SUCCESS |  
2019-08-21 12:28:22,831 | INFO  | DNAudit | user=null | ip=null | op=PUT_BLOCK {blockData=[blockId=conID: 2 locID: 102654967988617883 bcsId: 0,size=4194304]} | ret=SUCCESS |  
2019-08-21 12:28:22,831 [grpc-default-executor-1] INFO  client.GrpcClientProtocolClient (GrpcClientProtocolClient.java:onNext(255)) - client-C954105195FD->270584e6-a4a8-4db5-8151-214655ce1a56: receive RaftClientReply:client-C954105195FD->270584e6-a4a8-4db5-8151-214655ce1a56@group-787F5BA3AA67, cid=3237, SUCCESS, logIndex=4879, commits[270584e6-a4a8-4db5-8151-214655ce1a56:c4880, af078b8b-61ec-497f-9506-472d46a72462:c4878, 09fb9ab4-1b8d-44c0-9f8c-50855c6f1fed:c4878]
2019-08-21 12:28:22,832 [grpc-default-executor-1] INFO  client.GrpcClientProtocolClient (GrpcClientProtocolClient.java:onNext(255)) - client-C954105195FD->270584e6-a4a8-4db5-8151-214655ce1a56: receive RaftClientReply:client-C954105195FD->270584e6-a4a8-4db5-8151-214655ce1a56@group-787F5BA3AA67, cid=3238, SUCCESS, logIndex=4880, commits[270584e6-a4a8-4db5-8151-214655ce1a56:c4880, af078b8b-61ec-497f-9506-472d46a72462:c4878, 09fb9ab4-1b8d-44c0-9f8c-50855c6f1fed:c4878]
2019-08-21 12:28:22,833 | INFO  | DNAudit | user=null | ip=null | op=WRITE_CHUNK {blockData=conID: 2 locID: 102654967988617883 bcsId: 4876} | ret=SUCCESS |  
2019-08-21 12:28:22,833 | INFO  | DNAudit | user=null | ip=null | op=PUT_BLOCK {blockData=[blockId=conID: 2 locID: 102654967988617883 bcsId: 0,size=4194304]} | ret=SUCCESS |  
2019-08-21 12:28:22,833 | INFO  | DNAudit | user=null | ip=null | op=WRITE_CHUNK {blockData=conID: 2 locID: 102654967988617883 bcsId: 4876} | ret=SUCCESS |  
2019-08-21 12:28:22,834 | INFO  | DNAudit | user=null | ip=null | op=PUT_BLOCK {blockData=[blockId=conID: 2 locID: 102654967988617883 bcsId: 0,size=4194304]} | ret=SUCCESS |  
2019-08-21 12:28:22,834 [grpc-default-executor-1] INFO  client.GrpcClientProtocolClient (GrpcClientProtocolClient.java:onNext(255)) - client-C954105195FD->270584e6-a4a8-4db5-8151-214655ce1a56: receive RaftClientReply:client-C954105195FD->270584e6-a4a8-4db5-8151-214655ce1a56@group-787F5BA3AA67, cid=3239, SUCCESS, logIndex=0, commits[270584e6-a4a8-4db5-8151-214655ce1a56:c4881, af078b8b-61ec-497f-9506-472d46a72462:c4880, 09fb9ab4-1b8d-44c0-9f8c-50855c6f1fed:c4880]
2019-08-21 12:28:22,839 | INFO  | SCMAudit | user=jenkins1000 | ip=192.168.34.23 | op=ALLOCATE_BLOCK {owner=b79f83c9-5f7d-4caf-af30-78af34bc5eea, size=4194304, type=RATIS, factor=THREE} | ret=SUCCESS |  
2019-08-21 12:28:22,842 | INFO  | OMAudit | user=jenkins1000 | ip=127.0.0.1 | op=ALLOCATE_BLOCK {volume=vol-0-06517, bucket=bucket-0-64549, key=key-0-34512, dataSize=0, replicationType=null, replicationFactor=null, keyLocationInfo=null, clientID=102654965997830546} | ret=SUCCESS |  
2019-08-21 12:28:22,850 | INFO  | DNAudit | user=null | ip=null | op=WRITE_CHUNK {blockData=conID: 3 locID: 102654967994057372 bcsId: 0} | ret=SUCCESS |  
2019-08-21 12:28:22,852 | INFO  | DNAudit | user=null | ip=null | op=WRITE_CHUNK {blockData=conID: 3 locID: 102654967994057372 bcsId: 0} | ret=SUCCESS |  
2019-08-21 12:28:22,852 | INFO  | DNAudit | user=null | ip=null | op=WRITE_CHUNK {blockData=conID: 3 locID: 102654967994057372 bcsId: 0} | ret=SUCCESS |  
2019-08-21 12:28:22,853 | INFO  | DNAudit | user=null | ip=null | op=WRITE_CHUNK {blockData=conID: 3 locID: 102654967994057372 bcsId: 0} | ret=SUCCESS |  
2019-08-21 12:28:22,854 | INFO  | DNAudit | user=null | ip=null | op=WRITE_CHUNK {blockData=conID: 3 locID: 102654967994057372 bcsId: 0} | ret=SUCCESS |  
2019-08-21 12:28:22,854 | INFO  | DNAudit | user=null | ip=null | op=WRITE_CHUNK {blockData=conID: 3 locID: 102654967994057372 bcsId: 0} | ret=SUCCESS |  
2019-08-21 12:28:22,856 | INFO  | DNAudit | user=null | ip=null | op=WRITE_CHUNK {blockData=conID: 3 locID: 102654967994057372 bcsId: 0} | ret=SUCCESS |  
2019-08-21 12:28:22,857 | INFO  | DNAudit | user=null | ip=null | op=PUT_BLOCK {blockData=[blockId=conID: 3 locID: 102654967994057372 bcsId: 0,size=1048576]} | ret=SUCCESS |  
2019-08-21 12:28:22,857 | INFO  | DNAudit | user=null | ip=null | op=WRITE_CHUNK {blockData=conID: 3 locID: 102654967994057372 bcsId: 0} | ret=SUCCESS |  
2019-08-21 12:28:22,857 [grpc-default-executor-2] INFO  client.GrpcClientProtocolClient (GrpcClientProtocolClient.java:onNext(255)) - client-C954105195FD->270584e6-a4a8-4db5-8151-214655ce1a56: receive RaftClientReply:client-C954105195FD->270584e6-a4a8-4db5-8151-214655ce1a56@group-787F5BA3AA67, cid=3240, SUCCESS, logIndex=4883, commits[270584e6-a4a8-4db5-8151-214655ce1a56:c4886, af078b8b-61ec-497f-9506-472d46a72462:c4882, 09fb9ab4-1b8d-44c0-9f8c-50855c6f1fed:c4882]
2019-08-21 12:28:22,857 | INFO  | DNAudit | user=null | ip=null | op=PUT_BLOCK {blockData=[blockId=conID: 3 locID: 102654967994057372 bcsId: 0,size=2097152]} | ret=SUCCESS |  
2019-08-21 12:28:22,857 [grpc-default-executor-2] INFO  client.GrpcClientProtocolClient (GrpcClientProtocolClient.java:onNext(255)) - client-C954105195FD->270584e6-a4a8-4db5-8151-214655ce1a56: receive RaftClientReply:client-C954105195FD->270584e6-a4a8-4db5-8151-214655ce1a56@group-787F5BA3AA67, cid=3241, SUCCESS, logIndex=4884, commits[270584e6-a4a8-4db5-8151-214655ce1a56:c4886, af078b8b-61ec-497f-9506-472d46a72462:c4882, 09fb9ab4-1b8d-44c0-9f8c-50855c6f1fed:c4882]
2019-08-21 12:28:22,858 [grpc-default-executor-2] INFO  client.GrpcClientProtocolClient (GrpcClientProtocolClient.java:onNext(255)) - client-C954105195FD->270584e6-a4a8-4db5-8151-214655ce1a56: receive RaftClientReply:client-C954105195FD->270584e6-a4a8-4db5-8151-214655ce1a56@group-787F5BA3AA67, cid=3242, SUCCESS, logIndex=4885, commits[270584e6-a4a8-4db5-8151-214655ce1a56:c4886, af078b8b-61ec-497f-9506-472d46a72462:c4882, 09fb9ab4-1b8d-44c0-9f8c-50855c6f1fed:c4882]
2019-08-21 12:28:22,858 [grpc-default-executor-2] INFO  client.GrpcClientProtocolClient (GrpcClientProtocolClient.java:onNext(255)) - client-C954105195FD->270584e6-a4a8-4db5-8151-214655ce1a56: receive RaftClientReply:client-C954105195FD->270584e6-a4a8-4db5-8151-214655ce1a56@group-787F5BA3AA67, cid=3243, SUCCESS, logIndex=4886, commits[270584e6-a4a8-4db5-8151-214655ce1a56:c4886, af078b8b-61ec-497f-9506-472d46a72462:c4882, 09fb9ab4-1b8d-44c0-9f8c-50855c6f1fed:c4882]
2019-08-21 12:28:22,859 | INFO  | DNAudit | user=null | ip=null | op=WRITE_CHUNK {blockData=conID: 3 locID: 102654967994057372 bcsId: 0} | ret=SUCCESS |  
2019-08-21 12:28:22,859 | INFO  | DNAudit | user=null | ip=null | op=WRITE_CHUNK {blockData=conID: 3 locID: 102654967994057372 bcsId: 0} | ret=SUCCESS |  
2019-08-21 12:28:22,859 | INFO  | DNAudit | user=null | ip=null | op=PUT_BLOCK {blockData=[blockId=conID: 3 locID: 102654967994057372 bcsId: 0,size=1048576]} | ret=SUCCESS |  
2019-08-21 12:28:22,859 | INFO  | DNAudit | user=null | ip=null | op=PUT_BLOCK {blockData=[blockId=conID: 3 locID: 102654967994057372 bcsId: 0,size=1048576]} | ret=SUCCESS |  
2019-08-21 12:28:22,859 [grpc-default-executor-5] INFO  client.GrpcClientProtocolClient (GrpcClientProtocolClient.java:onNext(255)) - client-C954105195FD->270584e6-a4a8-4db5-8151-214655ce1a56: receive RaftClientReply:client-C954105195FD->270584e6-a4a8-4db5-8151-214655ce1a56@group-787F5BA3AA67, cid=3244, SUCCESS, logIndex=0, commits[270584e6-a4a8-4db5-8151-214655ce1a56:c4887, af078b8b-61ec-497f-9506-472d46a72462:c4884, 09fb9ab4-1b8d-44c0-9f8c-50855c6f1fed:c4884]
2019-08-21 12:28:22,860 | INFO  | DNAudit | user=null | ip=null | op=WRITE_CHUNK {blockData=conID: 3 locID: 102654967994057372 bcsId: 0} | ret=SUCCESS |  
2019-08-21 12:28:22,860 | INFO  | DNAudit | user=null | ip=null | op=WRITE_CHUNK {blockData=conID: 3 locID: 102654967994057372 bcsId: 0} | ret=SUCCESS |  
2019-08-21 12:28:22,861 | INFO  | DNAudit | user=null | ip=null | op=PUT_BLOCK {blockData=[blockId=conID: 3 locID: 102654967994057372 bcsId: 0,size=2097152]} | ret=SUCCESS |  
2019-08-21 12:28:22,861 | INFO  | DNAudit | user=null | ip=null | op=PUT_BLOCK {blockData=[blockId=conID: 3 locID: 102654967994057372 bcsId: 0,size=2097152]} | ret=SUCCESS |  
2019-08-21 12:28:22,865 | INFO  | DNAudit | user=null | ip=null | op=WRITE_CHUNK {blockData=conID: 3 locID: 102654967994057372 bcsId: 4886} | ret=SUCCESS |  
2019-08-21 12:28:22,868 | INFO  | DNAudit | user=null | ip=null | op=WRITE_CHUNK {blockData=conID: 3 locID: 102654967994057372 bcsId: 4886} | ret=SUCCESS |  
2019-08-21 12:28:22,868 | INFO  | DNAudit | user=null | ip=null | op=WRITE_CHUNK {blockData=conID: 3 locID: 102654967994057372 bcsId: 4886} | ret=SUCCESS |  
2019-08-21 12:28:22,890 | INFO  | DNAudit | user=null | ip=null | op=WRITE_CHUNK {blockData=conID: 3 locID: 102654967994057372 bcsId: 4886} | ret=SUCCESS |  
2019-08-21 12:28:22,890 | INFO  | DNAudit | user=null | ip=null | op=PUT_BLOCK {blockData=[blockId=conID: 3 locID: 102654967994057372 bcsId: 0,size=3145728]} | ret=SUCCESS |  
2019-08-21 12:28:22,891 [grpc-default-executor-1] INFO  client.GrpcClientProtocolClient (GrpcClientProtocolClient.java:onNext(255)) - client-C954105195FD->270584e6-a4a8-4db5-8151-214655ce1a56: receive RaftClientReply:client-C954105195FD->270584e6-a4a8-4db5-8151-214655ce1a56@group-787F5BA3AA67, cid=3245, SUCCESS, logIndex=4891, commits[270584e6-a4a8-4db5-8151-214655ce1a56:c4891, af078b8b-61ec-497f-9506-472d46a72462:c4890, 09fb9ab4-1b8d-44c0-9f8c-50855c6f1fed:c4890]
2019-08-21 12:28:22,891 [grpc-default-executor-1] INFO  client.GrpcClientProtocolClient (GrpcClientProtocolClient.java:onNext(255)) - client-C954105195FD->270584e6-a4a8-4db5-8151-214655ce1a56: receive RaftClientReply:client-C954105195FD->270584e6-a4a8-4db5-8151-214655ce1a56@group-787F5BA3AA67, cid=3246, SUCCESS, logIndex=4892, commits[270584e6-a4a8-4db5-8151-214655ce1a56:c4892, af078b8b-61ec-497f-9506-472d46a72462:c4890, 09fb9ab4-1b8d-44c0-9f8c-50855c6f1fed:c4890]
2019-08-21 12:28:22,899 | INFO  | DNAudit | user=null | ip=null | op=WRITE_CHUNK {blockData=conID: 3 locID: 102654967994057372 bcsId: 4892} | ret=SUCCESS |  
2019-08-21 12:28:22,900 | INFO  | DNAudit | user=null | ip=null | op=WRITE_CHUNK {blockData=conID: 3 locID: 102654967994057372 bcsId: 4892} | ret=SUCCESS |  
2019-08-21 12:28:22,900 | INFO  | DNAudit | user=null | ip=null | op=WRITE_CHUNK {blockData=conID: 3 locID: 102654967994057372 bcsId: 4892} | ret=SUCCESS |  
2019-08-21 12:28:22,902 | INFO  | DNAudit | user=null | ip=null | op=WRITE_CHUNK {blockData=conID: 3 locID: 102654967994057372 bcsId: 4886} | ret=SUCCESS |  
2019-08-21 12:28:22,902 | INFO  | DNAudit | user=null | ip=null | op=WRITE_CHUNK {blockData=conID: 3 locID: 102654967994057372 bcsId: 4886} | ret=SUCCESS |  
2019-08-21 12:28:22,904 | INFO  | DNAudit | user=null | ip=null | op=PUT_BLOCK {blockData=[blockId=conID: 3 locID: 102654967994057372 bcsId: 0,size=3145728]} | ret=SUCCESS |  
2019-08-21 12:28:22,904 | INFO  | DNAudit | user=null | ip=null | op=PUT_BLOCK {blockData=[blockId=conID: 3 locID: 102654967994057372 bcsId: 0,size=3145728]} | ret=SUCCESS |  
2019-08-21 12:28:22,905 | INFO  | DNAudit | user=null | ip=null | op=WRITE_CHUNK {blockData=conID: 3 locID: 102654967994057372 bcsId: 4892} | ret=SUCCESS |  
2019-08-21 12:28:22,905 | INFO  | DNAudit | user=null | ip=null | op=PUT_BLOCK {blockData=[blockId=conID: 3 locID: 102654967994057372 bcsId: 0,size=4194304]} | ret=SUCCESS |  
2019-08-21 12:28:22,906 [grpc-default-executor-5] INFO  client.GrpcClientProtocolClient (GrpcClientProtocolClient.java:onNext(255)) - client-C954105195FD->270584e6-a4a8-4db5-8151-214655ce1a56: receive RaftClientReply:client-C954105195FD->270584e6-a4a8-4db5-8151-214655ce1a56@group-787F5BA3AA67, cid=3247, SUCCESS, logIndex=4895, commits[270584e6-a4a8-4db5-8151-214655ce1a56:c4896, af078b8b-61ec-497f-9506-472d46a72462:c4892, 09fb9ab4-1b8d-44c0-9f8c-50855c6f1fed:c4892]
2019-08-21 12:28:22,906 [grpc-default-executor-5] INFO  client.GrpcClientProtocolClient (GrpcClientProtocolClient.java:onNext(255)) - client-C954105195FD->270584e6-a4a8-4db5-8151-214655ce1a56: receive RaftClientReply:client-C954105195FD->270584e6-a4a8-4db5-8151-214655ce1a56@group-787F5BA3AA67, cid=3248, SUCCESS, logIndex=4896, commits[270584e6-a4a8-4db5-8151-214655ce1a56:c4896, af078b8b-61ec-497f-9506-472d46a72462:c4892, 09fb9ab4-1b8d-44c0-9f8c-50855c6f1fed:c4892]
2019-08-21 12:28:22,916 | INFO  | DNAudit | user=null | ip=null | op=WRITE_CHUNK {blockData=conID: 3 locID: 102654967994057372 bcsId: 4892} | ret=SUCCESS |  
2019-08-21 12:28:22,916 | INFO  | DNAudit | user=null | ip=null | op=WRITE_CHUNK {blockData=conID: 3 locID: 102654967994057372 bcsId: 4892} | ret=SUCCESS |  
2019-08-21 12:28:22,919 | INFO  | DNAudit | user=null | ip=null | op=PUT_BLOCK {blockData=[blockId=conID: 3 locID: 102654967994057372 bcsId: 0,size=4194304]} | ret=SUCCESS |  
2019-08-21 12:28:22,919 | INFO  | DNAudit | user=null | ip=null | op=PUT_BLOCK {blockData=[blockId=conID: 3 locID: 102654967994057372 bcsId: 0,size=4194304]} | ret=SUCCESS |  
2019-08-21 12:28:22,919 [grpc-default-executor-5] INFO  client.GrpcClientProtocolClient (GrpcClientProtocolClient.java:onNext(255)) - client-C954105195FD->270584e6-a4a8-4db5-8151-214655ce1a56: receive RaftClientReply:client-C954105195FD->270584e6-a4a8-4db5-8151-214655ce1a56@group-787F5BA3AA67, cid=3249, SUCCESS, logIndex=0, commits[270584e6-a4a8-4db5-8151-214655ce1a56:c4898, af078b8b-61ec-497f-9506-472d46a72462:c4896, 09fb9ab4-1b8d-44c0-9f8c-50855c6f1fed:c4896]
2019-08-21 12:28:22,925 | INFO  | SCMAudit | user=jenkins1000 | ip=192.168.34.23 | op=ALLOCATE_BLOCK {owner=b79f83c9-5f7d-4caf-af30-78af34bc5eea, size=4194304, type=RATIS, factor=THREE} | ret=SUCCESS |  
2019-08-21 12:28:22,928 | INFO  | OMAudit | user=jenkins1000 | ip=127.0.0.1 | op=ALLOCATE_BLOCK {volume=vol-0-06517, bucket=bucket-0-64549, key=key-0-34512, dataSize=0, replicationType=null, replicationFactor=null, keyLocationInfo=null, clientID=102654965997830546} | ret=SUCCESS |  
2019-08-21 12:28:22,935 | INFO  | DNAudit | user=null | ip=null | op=WRITE_CHUNK {blockData=conID: 1 locID: 102654967999693469 bcsId: 0} | ret=SUCCESS |  
2019-08-21 12:28:22,939 | INFO  | DNAudit | user=null | ip=null | op=WRITE_CHUNK {blockData=conID: 1 locID: 102654967999693469 bcsId: 0} | ret=SUCCESS |  
2019-08-21 12:28:22,939 | INFO  | DNAudit | user=null | ip=null | op=WRITE_CHUNK {blockData=conID: 1 locID: 102654967999693469 bcsId: 0} | ret=SUCCESS |  
2019-08-21 12:28:22,939 | INFO  | DNAudit | user=null | ip=null | op=WRITE_CHUNK {blockData=conID: 1 locID: 102654967999693469 bcsId: 0} | ret=SUCCESS |  
2019-08-21 12:28:22,940 | INFO  | DNAudit | user=null | ip=null | op=WRITE_CHUNK {blockData=conID: 1 locID: 102654967999693469 bcsId: 0} | ret=SUCCESS |  
2019-08-21 12:28:22,942 | INFO  | DNAudit | user=null | ip=null | op=WRITE_CHUNK {blockData=conID: 1 locID: 102654967999693469 bcsId: 0} | ret=SUCCESS |  
2019-08-21 12:28:22,949 | INFO  | DNAudit | user=null | ip=null | op=WRITE_CHUNK {blockData=conID: 1 locID: 102654967999693469 bcsId: 0} | ret=SUCCESS |  
2019-08-21 12:28:22,949 | INFO  | DNAudit | user=null | ip=null | op=PUT_BLOCK {blockData=[blockId=conID: 1 locID: 102654967999693469 bcsId: 0,size=1048576]} | ret=SUCCESS |  
2019-08-21 12:28:22,949 [grpc-default-executor-5] INFO  client.GrpcClientProtocolClient (GrpcClientProtocolClient.java:onNext(255)) - client-C954105195FD->270584e6-a4a8-4db5-8151-214655ce1a56: receive RaftClientReply:client-C954105195FD->270584e6-a4a8-4db5-8151-214655ce1a56@group-787F5BA3AA67, cid=3250, SUCCESS, logIndex=4899, commits[270584e6-a4a8-4db5-8151-214655ce1a56:c4900, af078b8b-61ec-497f-9506-472d46a72462:c4896, 09fb9ab4-1b8d-44c0-9f8c-50855c6f1fed:c4898]
2019-08-21 12:28:22,950 [grpc-default-executor-5] INFO  client.GrpcClientProtocolClient (GrpcClientProtocolClient.java:onNext(255)) - client-C954105195FD->270584e6-a4a8-4db5-8151-214655ce1a56: receive RaftClientReply:client-C954105195FD->270584e6-a4a8-4db5-8151-214655ce1a56@group-787F5BA3AA67, cid=3251, SUCCESS, logIndex=4900, commits[270584e6-a4a8-4db5-8151-214655ce1a56:c4900, af078b8b-61ec-497f-9506-472d46a72462:c4896, 09fb9ab4-1b8d-44c0-9f8c-50855c6f1fed:c4898]
2019-08-21 12:28:22,951 | INFO  | DNAudit | user=null | ip=null | op=WRITE_CHUNK {blockData=conID: 1 locID: 102654967999693469 bcsId: 0} | ret=SUCCESS |  
2019-08-21 12:28:22,951 | INFO  | DNAudit | user=null | ip=null | op=PUT_BLOCK {blockData=[blockId=conID: 1 locID: 102654967999693469 bcsId: 0,size=2097152]} | ret=SUCCESS |  
2019-08-21 12:28:22,952 [grpc-default-executor-5] INFO  client.GrpcClientProtocolClient (GrpcClientProtocolClient.java:onNext(255)) - client-C954105195FD->270584e6-a4a8-4db5-8151-214655ce1a56: receive RaftClientReply:client-C954105195FD->270584e6-a4a8-4db5-8151-214655ce1a56@group-787F5BA3AA67, cid=3252, SUCCESS, logIndex=4901, commits[270584e6-a4a8-4db5-8151-214655ce1a56:c4902, af078b8b-61ec-497f-9506-472d46a72462:c4898, 09fb9ab4-1b8d-44c0-9f8c-50855c6f1fed:c4898]
2019-08-21 12:28:22,952 [grpc-default-executor-5] INFO  client.GrpcClientProtocolClient (GrpcClientProtocolClient.java:onNext(255)) - client-C954105195FD->270584e6-a4a8-4db5-8151-214655ce1a56: receive RaftClientReply:client-C954105195FD->270584e6-a4a8-4db5-8151-214655ce1a56@group-787F5BA3AA67, cid=3253, SUCCESS, logIndex=4902, commits[270584e6-a4a8-4db5-8151-214655ce1a56:c4902, af078b8b-61ec-497f-9506-472d46a72462:c4898, 09fb9ab4-1b8d-44c0-9f8c-50855c6f1fed:c4898]
2019-08-21 12:28:22,953 | INFO  | DNAudit | user=null | ip=null | op=WRITE_CHUNK {blockData=conID: 1 locID: 102654967999693469 bcsId: 0} | ret=SUCCESS |  
2019-08-21 12:28:22,953 | INFO  | DNAudit | user=null | ip=null | op=PUT_BLOCK {blockData=[blockId=conID: 1 locID: 102654967999693469 bcsId: 0,size=1048576]} | ret=SUCCESS |  
2019-08-21 12:28:22,954 | INFO  | DNAudit | user=null | ip=null | op=WRITE_CHUNK {blockData=conID: 1 locID: 102654967999693469 bcsId: 0} | ret=SUCCESS |  
2019-08-21 12:28:22,954 | INFO  | DNAudit | user=null | ip=null | op=PUT_BLOCK {blockData=[blockId=conID: 1 locID: 102654967999693469 bcsId: 0,size=1048576]} | ret=SUCCESS |  
2019-08-21 12:28:22,954 [grpc-default-executor-5] INFO  client.GrpcClientProtocolClient (GrpcClientProtocolClient.java:onNext(255)) - client-C954105195FD->270584e6-a4a8-4db5-8151-214655ce1a56: receive RaftClientReply:client-C954105195FD->270584e6-a4a8-4db5-8151-214655ce1a56@group-787F5BA3AA67, cid=3254, SUCCESS, logIndex=0, commits[270584e6-a4a8-4db5-8151-214655ce1a56:c4904, af078b8b-61ec-497f-9506-472d46a72462:c4900, 09fb9ab4-1b8d-44c0-9f8c-50855c6f1fed:c4900]
2019-08-21 12:28:22,960 | INFO  | DNAudit | user=null | ip=null | op=WRITE_CHUNK {blockData=conID: 1 locID: 102654967999693469 bcsId: 4902} | ret=SUCCESS |  
2019-08-21 12:28:22,963 | INFO  | DNAudit | user=null | ip=null | op=WRITE_CHUNK {blockData=conID: 1 locID: 102654967999693469 bcsId: 4902} | ret=SUCCESS |  
2019-08-21 12:28:22,964 | INFO  | DNAudit | user=null | ip=null | op=WRITE_CHUNK {blockData=conID: 1 locID: 102654967999693469 bcsId: 4902} | ret=SUCCESS |  
2019-08-21 12:28:22,965 | INFO  | DNAudit | user=null | ip=null | op=WRITE_CHUNK {blockData=conID: 1 locID: 102654967999693469 bcsId: 0} | ret=SUCCESS |  
2019-08-21 12:28:22,965 | INFO  | DNAudit | user=null | ip=null | op=WRITE_CHUNK {blockData=conID: 1 locID: 102654967999693469 bcsId: 0} | ret=SUCCESS |  
2019-08-21 12:28:22,965 | INFO  | DNAudit | user=null | ip=null | op=PUT_BLOCK {blockData=[blockId=conID: 1 locID: 102654967999693469 bcsId: 0,size=2097152]} | ret=SUCCESS |  
2019-08-21 12:28:22,966 | INFO  | DNAudit | user=null | ip=null | op=PUT_BLOCK {blockData=[blockId=conID: 1 locID: 102654967999693469 bcsId: 0,size=2097152]} | ret=SUCCESS |  
2019-08-21 12:28:22,967 | INFO  | DNAudit | user=null | ip=null | op=WRITE_CHUNK {blockData=conID: 1 locID: 102654967999693469 bcsId: 4902} | ret=SUCCESS |  
2019-08-21 12:28:22,967 | INFO  | DNAudit | user=null | ip=null | op=PUT_BLOCK {blockData=[blockId=conID: 1 locID: 102654967999693469 bcsId: 0,size=3145728]} | ret=SUCCESS |  
2019-08-21 12:28:22,967 [grpc-default-executor-5] INFO  client.GrpcClientProtocolClient (GrpcClientProtocolClient.java:onNext(255)) - client-C954105195FD->270584e6-a4a8-4db5-8151-214655ce1a56: receive RaftClientReply:client-C954105195FD->270584e6-a4a8-4db5-8151-214655ce1a56@group-787F5BA3AA67, cid=3255, SUCCESS, logIndex=4907, commits[270584e6-a4a8-4db5-8151-214655ce1a56:c4908, af078b8b-61ec-497f-9506-472d46a72462:c4902, 09fb9ab4-1b8d-44c0-9f8c-50855c6f1fed:c4904]
2019-08-21 12:28:22,968 [grpc-default-executor-5] INFO  client.GrpcClientProtocolClient (GrpcClientProtocolClient.java:onNext(255)) - client-C954105195FD->270584e6-a4a8-4db5-8151-214655ce1a56: receive RaftClientReply:client-C954105195FD->270584e6-a4a8-4db5-8151-214655ce1a56@group-787F5BA3AA67, cid=3256, SUCCESS, logIndex=4908, commits[270584e6-a4a8-4db5-8151-214655ce1a56:c4908, af078b8b-61ec-497f-9506-472d46a72462:c4904, 09fb9ab4-1b8d-44c0-9f8c-50855c6f1fed:c4904]
2019-08-21 12:28:22,970 | INFO  | DNAudit | user=null | ip=null | op=WRITE_CHUNK {blockData=conID: 1 locID: 102654967999693469 bcsId: 4902} | ret=SUCCESS |  
2019-08-21 12:28:22,970 | INFO  | DNAudit | user=null | ip=null | op=WRITE_CHUNK {blockData=conID: 1 locID: 102654967999693469 bcsId: 4902} | ret=SUCCESS |  
2019-08-21 12:28:22,970 | INFO  | DNAudit | user=null | ip=null | op=PUT_BLOCK {blockData=[blockId=conID: 1 locID: 102654967999693469 bcsId: 0,size=3145728]} | ret=SUCCESS |  
2019-08-21 12:28:22,970 | INFO  | DNAudit | user=null | ip=null | op=PUT_BLOCK {blockData=[blockId=conID: 1 locID: 102654967999693469 bcsId: 0,size=3145728]} | ret=SUCCESS |  
2019-08-21 12:28:22,973 | INFO  | DNAudit | user=null | ip=null | op=WRITE_CHUNK {blockData=conID: 1 locID: 102654967999693469 bcsId: 4908} | ret=SUCCESS |  
2019-08-21 12:28:22,976 | INFO  | DNAudit | user=null | ip=null | op=WRITE_CHUNK {blockData=conID: 1 locID: 102654967999693469 bcsId: 4908} | ret=SUCCESS |  
2019-08-21 12:28:22,976 | INFO  | DNAudit | user=null | ip=null | op=WRITE_CHUNK {blockData=conID: 1 locID: 102654967999693469 bcsId: 4908} | ret=SUCCESS |  
2019-08-21 12:28:22,984 | INFO  | DNAudit | user=null | ip=null | op=WRITE_CHUNK {blockData=conID: 1 locID: 102654967999693469 bcsId: 4908} | ret=SUCCESS |  
2019-08-21 12:28:22,985 | INFO  | DNAudit | user=null | ip=null | op=PUT_BLOCK {blockData=[blockId=conID: 1 locID: 102654967999693469 bcsId: 0,size=4194304]} | ret=SUCCESS |  
2019-08-21 12:28:22,985 [grpc-default-executor-1] INFO  client.GrpcClientProtocolClient (GrpcClientProtocolClient.java:onNext(255)) - client-C954105195FD->270584e6-a4a8-4db5-8151-214655ce1a56: receive RaftClientReply:client-C954105195FD->270584e6-a4a8-4db5-8151-214655ce1a56@group-787F5BA3AA67, cid=3257, SUCCESS, logIndex=4911, commits[270584e6-a4a8-4db5-8151-214655ce1a56:c4912, af078b8b-61ec-497f-9506-472d46a72462:c4908, 09fb9ab4-1b8d-44c0-9f8c-50855c6f1fed:c4909]
2019-08-21 12:28:22,985 [grpc-default-executor-1] INFO  client.GrpcClientProtocolClient (GrpcClientProtocolClient.java:onNext(255)) - client-C954105195FD->270584e6-a4a8-4db5-8151-214655ce1a56: receive RaftClientReply:client-C954105195FD->270584e6-a4a8-4db5-8151-214655ce1a56@group-787F5BA3AA67, cid=3258, SUCCESS, logIndex=4912, commits[270584e6-a4a8-4db5-8151-214655ce1a56:c4912, af078b8b-61ec-497f-9506-472d46a72462:c4909, 09fb9ab4-1b8d-44c0-9f8c-50855c6f1fed:c4909]
2019-08-21 12:28:22,995 | INFO  | DNAudit | user=null | ip=null | op=WRITE_CHUNK {blockData=conID: 1 locID: 102654967999693469 bcsId: 4908} | ret=SUCCESS |  
2019-08-21 12:28:22,996 | INFO  | DNAudit | user=null | ip=null | op=WRITE_CHUNK {blockData=conID: 1 locID: 102654967999693469 bcsId: 4908} | ret=SUCCESS |  
2019-08-21 12:28:22,997 | INFO  | DNAudit | user=null | ip=null | op=PUT_BLOCK {blockData=[blockId=conID: 1 locID: 102654967999693469 bcsId: 0,size=4194304]} | ret=SUCCESS |  
2019-08-21 12:28:22,997 | INFO  | DNAudit | user=null | ip=null | op=PUT_BLOCK {blockData=[blockId=conID: 1 locID: 102654967999693469 bcsId: 0,size=4194304]} | ret=SUCCESS |  
2019-08-21 12:28:22,998 [grpc-default-executor-1] INFO  client.GrpcClientProtocolClient (GrpcClientProtocolClient.java:onNext(255)) - client-C954105195FD->270584e6-a4a8-4db5-8151-214655ce1a56: receive RaftClientReply:client-C954105195FD->270584e6-a4a8-4db5-8151-214655ce1a56@group-787F5BA3AA67, cid=3259, SUCCESS, logIndex=0, commits[270584e6-a4a8-4db5-8151-214655ce1a56:c4914, af078b8b-61ec-497f-9506-472d46a72462:c4912, 09fb9ab4-1b8d-44c0-9f8c-50855c6f1fed:c4912]
2019-08-21 12:28:23,006 | INFO  | SCMAudit | user=jenkins1000 | ip=192.168.34.23 | op=ALLOCATE_BLOCK {owner=b79f83c9-5f7d-4caf-af30-78af34bc5eea, size=4194304, type=RATIS, factor=THREE} | ret=SUCCESS |  
2019-08-21 12:28:23,011 | INFO  | OMAudit | user=jenkins1000 | ip=127.0.0.1 | op=ALLOCATE_BLOCK {volume=vol-0-06517, bucket=bucket-0-64549, key=key-0-34512, dataSize=0, replicationType=null, replicationFactor=null, keyLocationInfo=null, clientID=102654965997830546} | ret=SUCCESS |  
2019-08-21 12:28:23,018 | INFO  | DNAudit | user=null | ip=null | op=WRITE_CHUNK {blockData=conID: 2 locID: 102654968004936350 bcsId: 0} | ret=SUCCESS |  
2019-08-21 12:28:23,020 | INFO  | DNAudit | user=null | ip=null | op=WRITE_CHUNK {blockData=conID: 2 locID: 102654968004936350 bcsId: 0} | ret=SUCCESS |  
2019-08-21 12:28:23,020 | INFO  | DNAudit | user=null | ip=null | op=WRITE_CHUNK {blockData=conID: 2 locID: 102654968004936350 bcsId: 0} | ret=SUCCESS |  
2019-08-21 12:28:23,021 | INFO  | DNAudit | user=null | ip=null | op=WRITE_CHUNK {blockData=conID: 2 locID: 102654968004936350 bcsId: 0} | ret=SUCCESS |  
2019-08-21 12:28:23,022 | INFO  | DNAudit | user=null | ip=null | op=WRITE_CHUNK {blockData=conID: 2 locID: 102654968004936350 bcsId: 0} | ret=SUCCESS |  
2019-08-21 12:28:23,023 | INFO  | DNAudit | user=null | ip=null | op=WRITE_CHUNK {blockData=conID: 2 locID: 102654968004936350 bcsId: 0} | ret=SUCCESS |  
2019-08-21 12:28:23,030 | INFO  | DNAudit | user=null | ip=null | op=WRITE_CHUNK {blockData=conID: 2 locID: 102654968004936350 bcsId: 0} | ret=SUCCESS |  
2019-08-21 12:28:23,031 | INFO  | DNAudit | user=null | ip=null | op=PUT_BLOCK {blockData=[blockId=conID: 2 locID: 102654968004936350 bcsId: 0,size=1048576]} | ret=SUCCESS |  
2019-08-21 12:28:23,031 [grpc-default-executor-1] INFO  client.GrpcClientProtocolClient (GrpcClientProtocolClient.java:onNext(255)) - client-C954105195FD->270584e6-a4a8-4db5-8151-214655ce1a56: receive RaftClientReply:client-C954105195FD->270584e6-a4a8-4db5-8151-214655ce1a56@group-787F5BA3AA67, cid=3260, SUCCESS, logIndex=4915, commits[270584e6-a4a8-4db5-8151-214655ce1a56:c4916, af078b8b-61ec-497f-9506-472d46a72462:c4914, 09fb9ab4-1b8d-44c0-9f8c-50855c6f1fed:c4914]
2019-08-21 12:28:23,031 | INFO  | DNAudit | user=null | ip=null | op=WRITE_CHUNK {blockData=conID: 2 locID: 102654968004936350 bcsId: 0} | ret=SUCCESS |  
2019-08-21 12:28:23,031 [grpc-default-executor-1] INFO  client.GrpcClientProtocolClient (GrpcClientProtocolClient.java:onNext(255)) - client-C954105195FD->270584e6-a4a8-4db5-8151-214655ce1a56: receive RaftClientReply:client-C954105195FD->270584e6-a4a8-4db5-8151-214655ce1a56@group-787F5BA3AA67, cid=3261, SUCCESS, logIndex=4916, commits[270584e6-a4a8-4db5-8151-214655ce1a56:c4918, af078b8b-61ec-497f-9506-472d46a72462:c4914, 09fb9ab4-1b8d-44c0-9f8c-50855c6f1fed:c4914]
2019-08-21 12:28:23,032 | INFO  | DNAudit | user=null | ip=null | op=WRITE_CHUNK {blockData=conID: 2 locID: 102654968004936350 bcsId: 0} | ret=SUCCESS |  
2019-08-21 12:28:23,032 | INFO  | DNAudit | user=null | ip=null | op=PUT_BLOCK {blockData=[blockId=conID: 2 locID: 102654968004936350 bcsId: 0,size=2097152]} | ret=SUCCESS |  
2019-08-21 12:28:23,032 | INFO  | DNAudit | user=null | ip=null | op=WRITE_CHUNK {blockData=conID: 2 locID: 102654968004936350 bcsId: 0} | ret=SUCCESS |  
2019-08-21 12:28:23,032 | INFO  | DNAudit | user=null | ip=null | op=PUT_BLOCK {blockData=[blockId=conID: 2 locID: 102654968004936350 bcsId: 0,size=1048576]} | ret=SUCCESS |  
2019-08-21 12:28:23,032 [grpc-default-executor-1] INFO  client.GrpcClientProtocolClient (GrpcClientProtocolClient.java:onNext(255)) - client-C954105195FD->270584e6-a4a8-4db5-8151-214655ce1a56: receive RaftClientReply:client-C954105195FD->270584e6-a4a8-4db5-8151-214655ce1a56@group-787F5BA3AA67, cid=3262, SUCCESS, logIndex=4917, commits[270584e6-a4a8-4db5-8151-214655ce1a56:c4918, af078b8b-61ec-497f-9506-472d46a72462:c4914, 09fb9ab4-1b8d-44c0-9f8c-50855c6f1fed:c4914]
2019-08-21 12:28:23,032 [grpc-default-executor-1] INFO  client.GrpcClientProtocolClient (GrpcClientProtocolClient.java:onNext(255)) - client-C954105195FD->270584e6-a4a8-4db5-8151-214655ce1a56: receive RaftClientReply:client-C954105195FD->270584e6-a4a8-4db5-8151-214655ce1a56@group-787F5BA3AA67, cid=3263, SUCCESS, logIndex=4918, commits[270584e6-a4a8-4db5-8151-214655ce1a56:c4920, af078b8b-61ec-497f-9506-472d46a72462:c4915, 09fb9ab4-1b8d-44c0-9f8c-50855c6f1fed:c4916]
2019-08-21 12:28:23,034 | INFO  | DNAudit | user=null | ip=null | op=WRITE_CHUNK {blockData=conID: 2 locID: 102654968004936350 bcsId: 0} | ret=SUCCESS |  
2019-08-21 12:28:23,034 | INFO  | DNAudit | user=null | ip=null | op=PUT_BLOCK {blockData=[blockId=conID: 2 locID: 102654968004936350 bcsId: 0,size=1048576]} | ret=SUCCESS |  
2019-08-21 12:28:23,035 | INFO  | DNAudit | user=null | ip=null | op=PUT_BLOCK {blockData=[blockId=conID: 2 locID: 102654968004936350 bcsId: 0,size=2097152]} | ret=SUCCESS |  
2019-08-21 12:28:23,035 | INFO  | DNAudit | user=null | ip=null | op=WRITE_CHUNK {blockData=conID: 2 locID: 102654968004936350 bcsId: 0} | ret=SUCCESS |  
2019-08-21 12:28:23,035 | INFO  | DNAudit | user=null | ip=null | op=PUT_BLOCK {blockData=[blockId=conID: 2 locID: 102654968004936350 bcsId: 0,size=2097152]} | ret=SUCCESS |  
2019-08-21 12:28:23,035 [grpc-default-executor-1] INFO  client.GrpcClientProtocolClient (GrpcClientProtocolClient.java:onNext(255)) - client-C954105195FD->270584e6-a4a8-4db5-8151-214655ce1a56: receive RaftClientReply:client-C954105195FD->270584e6-a4a8-4db5-8151-214655ce1a56@group-787F5BA3AA67, cid=3264, SUCCESS, logIndex=0, commits[270584e6-a4a8-4db5-8151-214655ce1a56:c4921, af078b8b-61ec-497f-9506-472d46a72462:c4916, 09fb9ab4-1b8d-44c0-9f8c-50855c6f1fed:c4917]
2019-08-21 12:28:23,041 | INFO  | DNAudit | user=null | ip=null | op=WRITE_CHUNK {blockData=conID: 2 locID: 102654968004936350 bcsId: 4918} | ret=SUCCESS |  
2019-08-21 12:28:23,043 | INFO  | DNAudit | user=null | ip=null | op=WRITE_CHUNK {blockData=conID: 2 locID: 102654968004936350 bcsId: 4918} | ret=SUCCESS |  
2019-08-21 12:28:23,043 | INFO  | DNAudit | user=null | ip=null | op=WRITE_CHUNK {blockData=conID: 2 locID: 102654968004936350 bcsId: 4918} | ret=SUCCESS |  
2019-08-21 12:28:23,055 | INFO  | DNAudit | user=null | ip=null | op=WRITE_CHUNK {blockData=conID: 2 locID: 102654968004936350 bcsId: 4918} | ret=SUCCESS |  
2019-08-21 12:28:23,055 | INFO  | DNAudit | user=null | ip=null | op=PUT_BLOCK {blockData=[blockId=conID: 2 locID: 102654968004936350 bcsId: 0,size=3145728]} | ret=SUCCESS |  
2019-08-21 12:28:23,055 [grpc-default-executor-2] INFO  client.GrpcClientProtocolClient (GrpcClientProtocolClient.java:onNext(255)) - client-C954105195FD->270584e6-a4a8-4db5-8151-214655ce1a56: receive RaftClientReply:client-C954105195FD->270584e6-a4a8-4db5-8151-214655ce1a56@group-787F5BA3AA67, cid=3265, SUCCESS, logIndex=4923, commits[270584e6-a4a8-4db5-8151-214655ce1a56:c4924, af078b8b-61ec-497f-9506-472d46a72462:c4922, 09fb9ab4-1b8d-44c0-9f8c-50855c6f1fed:c4922]
2019-08-21 12:28:23,056 [grpc-default-executor-2] INFO  client.GrpcClientProtocolClient (GrpcClientProtocolClient.java:onNext(255)) - client-C954105195FD->270584e6-a4a8-4db5-8151-214655ce1a56: receive RaftClientReply:client-C954105195FD->270584e6-a4a8-4db5-8151-214655ce1a56@group-787F5BA3AA67, cid=3266, SUCCESS, logIndex=4924, commits[270584e6-a4a8-4db5-8151-214655ce1a56:c4924, af078b8b-61ec-497f-9506-472d46a72462:c4922, 09fb9ab4-1b8d-44c0-9f8c-50855c6f1fed:c4922]
2019-08-21 12:28:23,061 | INFO  | DNAudit | user=null | ip=null | op=WRITE_CHUNK {blockData=conID: 2 locID: 102654968004936350 bcsId: 4924} | ret=SUCCESS |  
2019-08-21 12:28:23,064 | INFO  | DNAudit | user=null | ip=null | op=WRITE_CHUNK {blockData=conID: 2 locID: 102654968004936350 bcsId: 4924} | ret=SUCCESS |  
2019-08-21 12:28:23,064 | INFO  | DNAudit | user=null | ip=null | op=WRITE_CHUNK {blockData=conID: 2 locID: 102654968004936350 bcsId: 4924} | ret=SUCCESS |  
2019-08-21 12:28:23,068 | INFO  | DNAudit | user=null | ip=null | op=WRITE_CHUNK {blockData=conID: 2 locID: 102654968004936350 bcsId: 4918} | ret=SUCCESS |  
2019-08-21 12:28:23,068 | INFO  | DNAudit | user=null | ip=null | op=WRITE_CHUNK {blockData=conID: 2 locID: 102654968004936350 bcsId: 4918} | ret=SUCCESS |  
2019-08-21 12:28:23,080 | INFO  | DNAudit | user=null | ip=null | op=PUT_BLOCK {blockData=[blockId=conID: 2 locID: 102654968004936350 bcsId: 0,size=3145728]} | ret=SUCCESS |  
2019-08-21 12:28:23,080 | INFO  | DNAudit | user=null | ip=null | op=PUT_BLOCK {blockData=[blockId=conID: 2 locID: 102654968004936350 bcsId: 0,size=3145728]} | ret=SUCCESS |  
2019-08-21 12:28:23,080 | INFO  | DNAudit | user=null | ip=null | op=WRITE_CHUNK {blockData=conID: 2 locID: 102654968004936350 bcsId: 4924} | ret=SUCCESS |  
2019-08-21 12:28:23,081 | INFO  | DNAudit | user=null | ip=null | op=PUT_BLOCK {blockData=[blockId=conID: 2 locID: 102654968004936350 bcsId: 0,size=4194304]} | ret=SUCCESS |  
2019-08-21 12:28:23,081 [grpc-default-executor-5] INFO  client.GrpcClientProtocolClient (GrpcClientProtocolClient.java:onNext(255)) - client-C954105195FD->270584e6-a4a8-4db5-8151-214655ce1a56: receive RaftClientReply:client-C954105195FD->270584e6-a4a8-4db5-8151-214655ce1a56@group-787F5BA3AA67, cid=3267, SUCCESS, logIndex=4927, commits[270584e6-a4a8-4db5-8151-214655ce1a56:c4928, af078b8b-61ec-497f-9506-472d46a72462:c4924, 09fb9ab4-1b8d-44c0-9f8c-50855c6f1fed:c4924]
2019-08-21 12:28:23,081 [grpc-default-executor-5] INFO  client.GrpcClientProtocolClient (GrpcClientProtocolClient.java:onNext(255)) - client-C954105195FD->270584e6-a4a8-4db5-8151-214655ce1a56: receive RaftClientReply:client-C954105195FD->270584e6-a4a8-4db5-8151-214655ce1a56@group-787F5BA3AA67, cid=3268, SUCCESS, logIndex=4928, commits[270584e6-a4a8-4db5-8151-214655ce1a56:c4928, af078b8b-61ec-497f-9506-472d46a72462:c4924, 09fb9ab4-1b8d-44c0-9f8c-50855c6f1fed:c4924]
2019-08-21 12:28:23,084 | INFO  | DNAudit | user=null | ip=null | op=WRITE_CHUNK {blockData=conID: 2 locID: 102654968004936350 bcsId: 4924} | ret=SUCCESS |  
2019-08-21 12:28:23,084 | INFO  | DNAudit | user=null | ip=null | op=WRITE_CHUNK {blockData=conID: 2 locID: 102654968004936350 bcsId: 4924} | ret=SUCCESS |  
2019-08-21 12:28:23,084 | INFO  | DNAudit | user=null | ip=null | op=PUT_BLOCK {blockData=[blockId=conID: 2 locID: 102654968004936350 bcsId: 0,size=4194304]} | ret=SUCCESS |  
2019-08-21 12:28:23,084 | INFO  | DNAudit | user=null | ip=null | op=PUT_BLOCK {blockData=[blockId=conID: 2 locID: 102654968004936350 bcsId: 0,size=4194304]} | ret=SUCCESS |  
2019-08-21 12:28:23,084 [grpc-default-executor-5] INFO  client.GrpcClientProtocolClient (GrpcClientProtocolClient.java:onNext(255)) - client-C954105195FD->270584e6-a4a8-4db5-8151-214655ce1a56: receive RaftClientReply:client-C954105195FD->270584e6-a4a8-4db5-8151-214655ce1a56@group-787F5BA3AA67, cid=3269, SUCCESS, logIndex=0, commits[270584e6-a4a8-4db5-8151-214655ce1a56:c4929, af078b8b-61ec-497f-9506-472d46a72462:c4928, 09fb9ab4-1b8d-44c0-9f8c-50855c6f1fed:c4928]
2019-08-21 12:28:23,092 | INFO  | SCMAudit | user=jenkins1000 | ip=192.168.34.23 | op=ALLOCATE_BLOCK {owner=b79f83c9-5f7d-4caf-af30-78af34bc5eea, size=4194304, type=RATIS, factor=THREE} | ret=SUCCESS |  
2019-08-21 12:28:23,098 | INFO  | OMAudit | user=jenkins1000 | ip=127.0.0.1 | op=ALLOCATE_BLOCK {volume=vol-0-06517, bucket=bucket-0-64549, key=key-0-34512, dataSize=0, replicationType=null, replicationFactor=null, keyLocationInfo=null, clientID=102654965997830546} | ret=SUCCESS |  
2019-08-21 12:28:23,104 | INFO  | DNAudit | user=null | ip=null | op=WRITE_CHUNK {blockData=conID: 3 locID: 102654968010637983 bcsId: 0} | ret=SUCCESS |  
2019-08-21 12:28:23,106 | INFO  | DNAudit | user=null | ip=null | op=WRITE_CHUNK {blockData=conID: 3 locID: 102654968010637983 bcsId: 0} | ret=SUCCESS |  
2019-08-21 12:28:23,106 | INFO  | DNAudit | user=null | ip=null | op=WRITE_CHUNK {blockData=conID: 3 locID: 102654968010637983 bcsId: 0} | ret=SUCCESS |  
2019-08-21 12:28:23,107 | INFO  | DNAudit | user=null | ip=null | op=WRITE_CHUNK {blockData=conID: 3 locID: 102654968010637983 bcsId: 0} | ret=SUCCESS |  
2019-08-21 12:28:23,107 | INFO  | DNAudit | user=null | ip=null | op=WRITE_CHUNK {blockData=conID: 3 locID: 102654968010637983 bcsId: 0} | ret=SUCCESS |  
2019-08-21 12:28:23,108 | INFO  | DNAudit | user=null | ip=null | op=WRITE_CHUNK {blockData=conID: 3 locID: 102654968010637983 bcsId: 0} | ret=SUCCESS |  
2019-08-21 12:28:23,109 | INFO  | DNAudit | user=null | ip=null | op=WRITE_CHUNK {blockData=conID: 3 locID: 102654968010637983 bcsId: 0} | ret=SUCCESS |  
2019-08-21 12:28:23,110 | INFO  | DNAudit | user=null | ip=null | op=PUT_BLOCK {blockData=[blockId=conID: 3 locID: 102654968010637983 bcsId: 0,size=1048576]} | ret=SUCCESS |  
2019-08-21 12:28:23,110 [grpc-default-executor-1] INFO  client.GrpcClientProtocolClient (GrpcClientProtocolClient.java:onNext(255)) - client-C954105195FD->270584e6-a4a8-4db5-8151-214655ce1a56: receive RaftClientReply:client-C954105195FD->270584e6-a4a8-4db5-8151-214655ce1a56@group-787F5BA3AA67, cid=3270, SUCCESS, logIndex=4931, commits[270584e6-a4a8-4db5-8151-214655ce1a56:c4934, af078b8b-61ec-497f-9506-472d46a72462:c4930, 09fb9ab4-1b8d-44c0-9f8c-50855c6f1fed:c4928]
2019-08-21 12:28:23,110 | INFO  | DNAudit | user=null | ip=null | op=WRITE_CHUNK {blockData=conID: 3 locID: 102654968010637983 bcsId: 0} | ret=SUCCESS |  
2019-08-21 12:28:23,110 [grpc-default-executor-1] INFO  client.GrpcClientProtocolClient (GrpcClientProtocolClient.java:onNext(255)) - client-C954105195FD->270584e6-a4a8-4db5-8151-214655ce1a56: receive RaftClientReply:client-C954105195FD->270584e6-a4a8-4db5-8151-214655ce1a56@group-787F5BA3AA67, cid=3271, SUCCESS, logIndex=4932, commits[270584e6-a4a8-4db5-8151-214655ce1a56:c4934, af078b8b-61ec-497f-9506-472d46a72462:c4930, 09fb9ab4-1b8d-44c0-9f8c-50855c6f1fed:c4928]
2019-08-21 12:28:23,110 | INFO  | DNAudit | user=null | ip=null | op=PUT_BLOCK {blockData=[blockId=conID: 3 locID: 102654968010637983 bcsId: 0,size=2097152]} | ret=SUCCESS |  
2019-08-21 12:28:23,111 [grpc-default-executor-1] INFO  client.GrpcClientProtocolClient (GrpcClientProtocolClient.java:onNext(255)) - client-C954105195FD->270584e6-a4a8-4db5-8151-214655ce1a56: receive RaftClientReply:client-C954105195FD->270584e6-a4a8-4db5-8151-214655ce1a56@group-787F5BA3AA67, cid=3272, SUCCESS, logIndex=4933, commits[270584e6-a4a8-4db5-8151-214655ce1a56:c4934, af078b8b-61ec-497f-9506-472d46a72462:c4930, 09fb9ab4-1b8d-44c0-9f8c-50855c6f1fed:c4928]
2019-08-21 12:28:23,111 [grpc-default-executor-1] INFO  client.GrpcClientProtocolClient (GrpcClientProtocolClient.java:onNext(255)) - client-C954105195FD->270584e6-a4a8-4db5-8151-214655ce1a56: receive RaftClientReply:client-C954105195FD->270584e6-a4a8-4db5-8151-214655ce1a56@group-787F5BA3AA67, cid=3273, SUCCESS, logIndex=4934, commits[270584e6-a4a8-4db5-8151-214655ce1a56:c4934, af078b8b-61ec-497f-9506-472d46a72462:c4930, 09fb9ab4-1b8d-44c0-9f8c-50855c6f1fed:c4928]
2019-08-21 12:28:23,112 | INFO  | DNAudit | user=null | ip=null | op=WRITE_CHUNK {blockData=conID: 3 locID: 102654968010637983 bcsId: 0} | ret=SUCCESS |  
2019-08-21 12:28:23,112 | INFO  | DNAudit | user=null | ip=null | op=PUT_BLOCK {blockData=[blockId=conID: 3 locID: 102654968010637983 bcsId: 0,size=1048576]} | ret=SUCCESS |  
2019-08-21 12:28:23,113 | INFO  | DNAudit | user=null | ip=null | op=WRITE_CHUNK {blockData=conID: 3 locID: 102654968010637983 bcsId: 0} | ret=SUCCESS |  
2019-08-21 12:28:23,113 | INFO  | DNAudit | user=null | ip=null | op=PUT_BLOCK {blockData=[blockId=conID: 3 locID: 102654968010637983 bcsId: 0,size=2097152]} | ret=SUCCESS |  
2019-08-21 12:28:23,113 | INFO  | DNAudit | user=null | ip=null | op=WRITE_CHUNK {blockData=conID: 3 locID: 102654968010637983 bcsId: 0} | ret=SUCCESS |  
2019-08-21 12:28:23,113 | INFO  | DNAudit | user=null | ip=null | op=PUT_BLOCK {blockData=[blockId=conID: 3 locID: 102654968010637983 bcsId: 0,size=1048576]} | ret=SUCCESS |  
2019-08-21 12:28:23,114 | INFO  | DNAudit | user=null | ip=null | op=WRITE_CHUNK {blockData=conID: 3 locID: 102654968010637983 bcsId: 0} | ret=SUCCESS |  
2019-08-21 12:28:23,113 [grpc-default-executor-1] INFO  client.GrpcClientProtocolClient (GrpcClientProtocolClient.java:onNext(255)) - client-C954105195FD->270584e6-a4a8-4db5-8151-214655ce1a56: receive RaftClientReply:client-C954105195FD->270584e6-a4a8-4db5-8151-214655ce1a56@group-787F5BA3AA67, cid=3274, SUCCESS, logIndex=0, commits[270584e6-a4a8-4db5-8151-214655ce1a56:c4938, af078b8b-61ec-497f-9506-472d46a72462:c4934, 09fb9ab4-1b8d-44c0-9f8c-50855c6f1fed:c4933]
2019-08-21 12:28:23,114 | INFO  | DNAudit | user=null | ip=null | op=PUT_BLOCK {blockData=[blockId=conID: 3 locID: 102654968010637983 bcsId: 0,size=2097152]} | ret=SUCCESS |  
2019-08-21 12:28:23,119 | INFO  | DNAudit | user=null | ip=null | op=WRITE_CHUNK {blockData=conID: 3 locID: 102654968010637983 bcsId: 4934} | ret=SUCCESS |  
2019-08-21 12:28:23,122 | INFO  | DNAudit | user=null | ip=null | op=WRITE_CHUNK {blockData=conID: 3 locID: 102654968010637983 bcsId: 4934} | ret=SUCCESS |  
2019-08-21 12:28:23,122 | INFO  | DNAudit | user=null | ip=null | op=WRITE_CHUNK {blockData=conID: 3 locID: 102654968010637983 bcsId: 4934} | ret=SUCCESS |  
2019-08-21 12:28:23,132 | INFO  | DNAudit | user=null | ip=null | op=WRITE_CHUNK {blockData=conID: 3 locID: 102654968010637983 bcsId: 4934} | ret=SUCCESS |  
2019-08-21 12:28:23,132 | INFO  | DNAudit | user=null | ip=null | op=PUT_BLOCK {blockData=[blockId=conID: 3 locID: 102654968010637983 bcsId: 0,size=3145728]} | ret=SUCCESS |  
2019-08-21 12:28:23,132 [grpc-default-executor-1] INFO  client.GrpcClientProtocolClient (GrpcClientProtocolClient.java:onNext(255)) - client-C954105195FD->270584e6-a4a8-4db5-8151-214655ce1a56: receive RaftClientReply:client-C954105195FD->270584e6-a4a8-4db5-8151-214655ce1a56@group-787F5BA3AA67, cid=3275, SUCCESS, logIndex=4939, commits[270584e6-a4a8-4db5-8151-214655ce1a56:c4940, af078b8b-61ec-497f-9506-472d46a72462:c4938, 09fb9ab4-1b8d-44c0-9f8c-50855c6f1fed:c4938]
2019-08-21 12:28:23,133 [grpc-default-executor-1] INFO  client.GrpcClientProtocolClient (GrpcClientProtocolClient.java:onNext(255)) - client-C954105195FD->270584e6-a4a8-4db5-8151-214655ce1a56: receive RaftClientReply:client-C954105195FD->270584e6-a4a8-4db5-8151-214655ce1a56@group-787F5BA3AA67, cid=3276, SUCCESS, logIndex=4940, commits[270584e6-a4a8-4db5-8151-214655ce1a56:c4940, af078b8b-61ec-497f-9506-472d46a72462:c4938, 09fb9ab4-1b8d-44c0-9f8c-50855c6f1fed:c4938]
2019-08-21 12:28:23,139 | INFO  | DNAudit | user=null | ip=null | op=WRITE_CHUNK {blockData=conID: 3 locID: 102654968010637983 bcsId: 4940} | ret=SUCCESS |  
2019-08-21 12:28:23,140 | INFO  | DNAudit | user=null | ip=null | op=WRITE_CHUNK {blockData=conID: 3 locID: 102654968010637983 bcsId: 4940} | ret=SUCCESS |  
2019-08-21 12:28:23,141 | INFO  | DNAudit | user=null | ip=null | op=WRITE_CHUNK {blockData=conID: 3 locID: 102654968010637983 bcsId: 4940} | ret=SUCCESS |  
2019-08-21 12:28:23,143 | INFO  | DNAudit | user=null | ip=null | op=WRITE_CHUNK {blockData=conID: 3 locID: 102654968010637983 bcsId: 4934} | ret=SUCCESS |  
2019-08-21 12:28:23,144 | INFO  | DNAudit | user=null | ip=null | op=WRITE_CHUNK {blockData=conID: 3 locID: 102654968010637983 bcsId: 4934} | ret=SUCCESS |  
2019-08-21 12:28:23,146 | INFO  | DNAudit | user=null | ip=null | op=PUT_BLOCK {blockData=[blockId=conID: 3 locID: 102654968010637983 bcsId: 0,size=3145728]} | ret=SUCCESS |  
2019-08-21 12:28:23,146 | INFO  | DNAudit | user=null | ip=null | op=PUT_BLOCK {blockData=[blockId=conID: 3 locID: 102654968010637983 bcsId: 0,size=3145728]} | ret=SUCCESS |  
2019-08-21 12:28:23,147 | INFO  | DNAudit | user=null | ip=null | op=WRITE_CHUNK {blockData=conID: 3 locID: 102654968010637983 bcsId: 4940} | ret=SUCCESS |  
2019-08-21 12:28:23,147 | INFO  | DNAudit | user=null | ip=null | op=PUT_BLOCK {blockData=[blockId=conID: 3 locID: 102654968010637983 bcsId: 0,size=4194304]} | ret=SUCCESS |  
2019-08-21 12:28:23,147 [grpc-default-executor-5] INFO  client.GrpcClientProtocolClient (GrpcClientProtocolClient.java:onNext(255)) - client-C954105195FD->270584e6-a4a8-4db5-8151-214655ce1a56: receive RaftClientReply:client-C954105195FD->270584e6-a4a8-4db5-8151-214655ce1a56@group-787F5BA3AA67, cid=3277, SUCCESS, logIndex=4943, commits[270584e6-a4a8-4db5-8151-214655ce1a56:c4944, af078b8b-61ec-497f-9506-472d46a72462:c4940, 09fb9ab4-1b8d-44c0-9f8c-50855c6f1fed:c4940]
2019-08-21 12:28:23,148 [grpc-default-executor-5] INFO  client.GrpcClientProtocolClient (GrpcClientProtocolClient.java:onNext(255)) - client-C954105195FD->270584e6-a4a8-4db5-8151-214655ce1a56: receive RaftClientReply:client-C954105195FD->270584e6-a4a8-4db5-8151-214655ce1a56@group-787F5BA3AA67, cid=3278, SUCCESS, logIndex=4944, commits[270584e6-a4a8-4db5-8151-214655ce1a56:c4944, af078b8b-61ec-497f-9506-472d46a72462:c4940, 09fb9ab4-1b8d-44c0-9f8c-50855c6f1fed:c4940]
2019-08-21 12:28:23,167 | INFO  | DNAudit | user=null | ip=null | op=WRITE_CHUNK {blockData=conID: 3 locID: 102654968010637983 bcsId: 4940} | ret=SUCCESS |  
2019-08-21 12:28:23,167 | INFO  | DNAudit | user=null | ip=null | op=WRITE_CHUNK {blockData=conID: 3 locID: 102654968010637983 bcsId: 4940} | ret=SUCCESS |  
2019-08-21 12:28:23,167 | INFO  | DNAudit | user=null | ip=null | op=PUT_BLOCK {blockData=[blockId=conID: 3 locID: 102654968010637983 bcsId: 0,size=4194304]} | ret=SUCCESS |  
2019-08-21 12:28:23,167 | INFO  | DNAudit | user=null | ip=null | op=PUT_BLOCK {blockData=[blockId=conID: 3 locID: 102654968010637983 bcsId: 0,size=4194304]} | ret=SUCCESS |  
2019-08-21 12:28:23,168 [grpc-default-executor-5] INFO  client.GrpcClientProtocolClient (GrpcClientProtocolClient.java:onNext(255)) - client-C954105195FD->270584e6-a4a8-4db5-8151-214655ce1a56: receive RaftClientReply:client-C954105195FD->270584e6-a4a8-4db5-8151-214655ce1a56@group-787F5BA3AA67, cid=3279, SUCCESS, logIndex=0, commits[270584e6-a4a8-4db5-8151-214655ce1a56:c4945, af078b8b-61ec-497f-9506-472d46a72462:c4944, 09fb9ab4-1b8d-44c0-9f8c-50855c6f1fed:c4944]
2019-08-21 12:28:23,174 | INFO  | SCMAudit | user=jenkins1000 | ip=192.168.34.23 | op=ALLOCATE_BLOCK {owner=b79f83c9-5f7d-4caf-af30-78af34bc5eea, size=4194304, type=RATIS, factor=THREE} | ret=SUCCESS |  
2019-08-21 12:28:23,179 | INFO  | OMAudit | user=jenkins1000 | ip=127.0.0.1 | op=ALLOCATE_BLOCK {volume=vol-0-06517, bucket=bucket-0-64549, key=key-0-34512, dataSize=0, replicationType=null, replicationFactor=null, keyLocationInfo=null, clientID=102654965997830546} | ret=SUCCESS |  
2019-08-21 12:28:23,186 | INFO  | DNAudit | user=null | ip=null | op=WRITE_CHUNK {blockData=conID: 1 locID: 102654968016011936 bcsId: 0} | ret=SUCCESS |  
2019-08-21 12:28:23,189 | INFO  | DNAudit | user=null | ip=null | op=WRITE_CHUNK {blockData=conID: 1 locID: 102654968016011936 bcsId: 0} | ret=SUCCESS |  
2019-08-21 12:28:23,190 | INFO  | DNAudit | user=null | ip=null | op=WRITE_CHUNK {blockData=conID: 1 locID: 102654968016011936 bcsId: 0} | ret=SUCCESS |  
2019-08-21 12:28:23,190 | INFO  | DNAudit | user=null | ip=null | op=WRITE_CHUNK {blockData=conID: 1 locID: 102654968016011936 bcsId: 0} | ret=SUCCESS |  
2019-08-21 12:28:23,190 | INFO  | DNAudit | user=null | ip=null | op=WRITE_CHUNK {blockData=conID: 1 locID: 102654968016011936 bcsId: 0} | ret=SUCCESS |  
2019-08-21 12:28:23,191 | INFO  | DNAudit | user=null | ip=null | op=WRITE_CHUNK {blockData=conID: 1 locID: 102654968016011936 bcsId: 0} | ret=SUCCESS |  
2019-08-21 12:28:23,198 | INFO  | DNAudit | user=null | ip=null | op=WRITE_CHUNK {blockData=conID: 1 locID: 102654968016011936 bcsId: 0} | ret=SUCCESS |  
2019-08-21 12:28:23,199 | INFO  | DNAudit | user=null | ip=null | op=PUT_BLOCK {blockData=[blockId=conID: 1 locID: 102654968016011936 bcsId: 0,size=1048576]} | ret=SUCCESS |  
2019-08-21 12:28:23,199 | INFO  | DNAudit | user=null | ip=null | op=WRITE_CHUNK {blockData=conID: 1 locID: 102654968016011936 bcsId: 0} | ret=SUCCESS |  
2019-08-21 12:28:23,199 [grpc-default-executor-5] INFO  client.GrpcClientProtocolClient (GrpcClientProtocolClient.java:onNext(255)) - client-C954105195FD->270584e6-a4a8-4db5-8151-214655ce1a56: receive RaftClientReply:client-C954105195FD->270584e6-a4a8-4db5-8151-214655ce1a56@group-787F5BA3AA67, cid=3280, SUCCESS, logIndex=4947, commits[270584e6-a4a8-4db5-8151-214655ce1a56:c4948, af078b8b-61ec-497f-9506-472d46a72462:c4946, 09fb9ab4-1b8d-44c0-9f8c-50855c6f1fed:c4946]
2019-08-21 12:28:23,199 | INFO  | DNAudit | user=null | ip=null | op=PUT_BLOCK {blockData=[blockId=conID: 1 locID: 102654968016011936 bcsId: 0,size=2097152]} | ret=SUCCESS |  
2019-08-21 12:28:23,199 [grpc-default-executor-5] INFO  client.GrpcClientProtocolClient (GrpcClientProtocolClient.java:onNext(255)) - client-C954105195FD->270584e6-a4a8-4db5-8151-214655ce1a56: receive RaftClientReply:client-C954105195FD->270584e6-a4a8-4db5-8151-214655ce1a56@group-787F5BA3AA67, cid=3281, SUCCESS, logIndex=4948, commits[270584e6-a4a8-4db5-8151-214655ce1a56:c4950, af078b8b-61ec-497f-9506-472d46a72462:c4946, 09fb9ab4-1b8d-44c0-9f8c-50855c6f1fed:c4946]
2019-08-21 12:28:23,200 [grpc-default-executor-5] INFO  client.GrpcClientProtocolClient (GrpcClientProtocolClient.java:onNext(255)) - client-C954105195FD->270584e6-a4a8-4db5-8151-214655ce1a56: receive RaftClientReply:client-C954105195FD->270584e6-a4a8-4db5-8151-214655ce1a56@group-787F5BA3AA67, cid=3282, SUCCESS, logIndex=4949, commits[270584e6-a4a8-4db5-8151-214655ce1a56:c4950, af078b8b-61ec-497f-9506-472d46a72462:c4946, 09fb9ab4-1b8d-44c0-9f8c-50855c6f1fed:c4946]
2019-08-21 12:28:23,200 [grpc-default-executor-5] INFO  client.GrpcClientProtocolClient (GrpcClientProtocolClient.java:onNext(255)) - client-C954105195FD->270584e6-a4a8-4db5-8151-214655ce1a56: receive RaftClientReply:client-C954105195FD->270584e6-a4a8-4db5-8151-214655ce1a56@group-787F5BA3AA67, cid=3283, SUCCESS, logIndex=4950, commits[270584e6-a4a8-4db5-8151-214655ce1a56:c4950, af078b8b-61ec-497f-9506-472d46a72462:c4946, 09fb9ab4-1b8d-44c0-9f8c-50855c6f1fed:c4946]
2019-08-21 12:28:23,210 | INFO  | DNAudit | user=null | ip=null | op=WRITE_CHUNK {blockData=conID: 1 locID: 102654968016011936 bcsId: 0} | ret=SUCCESS |  
2019-08-21 12:28:23,210 | INFO  | DNAudit | user=null | ip=null | op=PUT_BLOCK {blockData=[blockId=conID: 1 locID: 102654968016011936 bcsId: 0,size=1048576]} | ret=SUCCESS |  
2019-08-21 12:28:23,211 | INFO  | DNAudit | user=null | ip=null | op=WRITE_CHUNK {blockData=conID: 1 locID: 102654968016011936 bcsId: 0} | ret=SUCCESS |  
2019-08-21 12:28:23,211 | INFO  | DNAudit | user=null | ip=null | op=PUT_BLOCK {blockData=[blockId=conID: 1 locID: 102654968016011936 bcsId: 0,size=1048576]} | ret=SUCCESS |  
2019-08-21 12:28:23,211 [grpc-default-executor-5] INFO  client.GrpcClientProtocolClient (GrpcClientProtocolClient.java:onNext(255)) - client-C954105195FD->270584e6-a4a8-4db5-8151-214655ce1a56: receive RaftClientReply:client-C954105195FD->270584e6-a4a8-4db5-8151-214655ce1a56@group-787F5BA3AA67, cid=3284, SUCCESS, logIndex=0, commits[270584e6-a4a8-4db5-8151-214655ce1a56:c4951, af078b8b-61ec-497f-9506-472d46a72462:c4948, 09fb9ab4-1b8d-44c0-9f8c-50855c6f1fed:c4948]
2019-08-21 12:28:23,211 | INFO  | DNAudit | user=null | ip=null | op=WRITE_CHUNK {blockData=conID: 1 locID: 102654968016011936 bcsId: 0} | ret=SUCCESS |  
2019-08-21 12:28:23,212 | INFO  | DNAudit | user=null | ip=null | op=PUT_BLOCK {blockData=[blockId=conID: 1 locID: 102654968016011936 bcsId: 0,size=2097152]} | ret=SUCCESS |  
2019-08-21 12:28:23,213 | INFO  | DNAudit | user=null | ip=null | op=WRITE_CHUNK {blockData=conID: 1 locID: 102654968016011936 bcsId: 0} | ret=SUCCESS |  
2019-08-21 12:28:23,213 | INFO  | DNAudit | user=null | ip=null | op=PUT_BLOCK {blockData=[blockId=conID: 1 locID: 102654968016011936 bcsId: 0,size=2097152]} | ret=SUCCESS |  
2019-08-21 12:28:23,218 | INFO  | DNAudit | user=null | ip=null | op=WRITE_CHUNK {blockData=conID: 1 locID: 102654968016011936 bcsId: 4950} | ret=SUCCESS |  
2019-08-21 12:28:23,220 | INFO  | DNAudit | user=null | ip=null | op=WRITE_CHUNK {blockData=conID: 1 locID: 102654968016011936 bcsId: 4950} | ret=SUCCESS |  
2019-08-21 12:28:23,220 | INFO  | DNAudit | user=null | ip=null | op=WRITE_CHUNK {blockData=conID: 1 locID: 102654968016011936 bcsId: 4950} | ret=SUCCESS |  
2019-08-21 12:28:23,230 | INFO  | DNAudit | user=null | ip=null | op=WRITE_CHUNK {blockData=conID: 1 locID: 102654968016011936 bcsId: 4950} | ret=SUCCESS |  
2019-08-21 12:28:23,231 | INFO  | DNAudit | user=null | ip=null | op=PUT_BLOCK {blockData=[blockId=conID: 1 locID: 102654968016011936 bcsId: 0,size=3145728]} | ret=SUCCESS |  
2019-08-21 12:28:23,231 [grpc-default-executor-5] INFO  client.GrpcClientProtocolClient (GrpcClientProtocolClient.java:onNext(255)) - client-C954105195FD->270584e6-a4a8-4db5-8151-214655ce1a56: receive RaftClientReply:client-C954105195FD->270584e6-a4a8-4db5-8151-214655ce1a56@group-787F5BA3AA67, cid=3285, SUCCESS, logIndex=4955, commits[270584e6-a4a8-4db5-8151-214655ce1a56:c4956, af078b8b-61ec-497f-9506-472d46a72462:c4954, 09fb9ab4-1b8d-44c0-9f8c-50855c6f1fed:c4954]
2019-08-21 12:28:23,231 [grpc-default-executor-5] INFO  client.GrpcClientProtocolClient (GrpcClientProtocolClient.java:onNext(255)) - client-C954105195FD->270584e6-a4a8-4db5-8151-214655ce1a56: receive RaftClientReply:client-C954105195FD->270584e6-a4a8-4db5-8151-214655ce1a56@group-787F5BA3AA67, cid=3286, SUCCESS, logIndex=4956, commits[270584e6-a4a8-4db5-8151-214655ce1a56:c4956, af078b8b-61ec-497f-9506-472d46a72462:c4954, 09fb9ab4-1b8d-44c0-9f8c-50855c6f1fed:c4954]
2019-08-21 12:28:23,237 | INFO  | DNAudit | user=null | ip=null | op=WRITE_CHUNK {blockData=conID: 1 locID: 102654968016011936 bcsId: 4956} | ret=SUCCESS |  
2019-08-21 12:28:23,240 | INFO  | DNAudit | user=null | ip=null | op=WRITE_CHUNK {blockData=conID: 1 locID: 102654968016011936 bcsId: 4956} | ret=SUCCESS |  
2019-08-21 12:28:23,240 | INFO  | DNAudit | user=null | ip=null | op=WRITE_CHUNK {blockData=conID: 1 locID: 102654968016011936 bcsId: 4956} | ret=SUCCESS |  
2019-08-21 12:28:23,242 | INFO  | DNAudit | user=null | ip=null | op=WRITE_CHUNK {blockData=conID: 1 locID: 102654968016011936 bcsId: 4950} | ret=SUCCESS |  
2019-08-21 12:28:23,242 | INFO  | DNAudit | user=null | ip=null | op=WRITE_CHUNK {blockData=conID: 1 locID: 102654968016011936 bcsId: 4950} | ret=SUCCESS |  
2019-08-21 12:28:23,243 | INFO  | DNAudit | user=null | ip=null | op=PUT_BLOCK {blockData=[blockId=conID: 1 locID: 102654968016011936 bcsId: 0,size=3145728]} | ret=SUCCESS |  
2019-08-21 12:28:23,243 | INFO  | DNAudit | user=null | ip=null | op=PUT_BLOCK {blockData=[blockId=conID: 1 locID: 102654968016011936 bcsId: 0,size=3145728]} | ret=SUCCESS |  
2019-08-21 12:28:23,244 | INFO  | DNAudit | user=null | ip=null | op=WRITE_CHUNK {blockData=conID: 1 locID: 102654968016011936 bcsId: 4956} | ret=SUCCESS |  
2019-08-21 12:28:23,244 | INFO  | DNAudit | user=null | ip=null | op=PUT_BLOCK {blockData=[blockId=conID: 1 locID: 102654968016011936 bcsId: 0,size=4194304]} | ret=SUCCESS |  
2019-08-21 12:28:23,244 [grpc-default-executor-2] INFO  client.GrpcClientProtocolClient (GrpcClientProtocolClient.java:onNext(255)) - client-C954105195FD->270584e6-a4a8-4db5-8151-214655ce1a56: receive RaftClientReply:client-C954105195FD->270584e6-a4a8-4db5-8151-214655ce1a56@group-787F5BA3AA67, cid=3287, SUCCESS, logIndex=4959, commits[270584e6-a4a8-4db5-8151-214655ce1a56:c4959, af078b8b-61ec-497f-9506-472d46a72462:c4956, 09fb9ab4-1b8d-44c0-9f8c-50855c6f1fed:c4956]
2019-08-21 12:28:23,245 [grpc-default-executor-2] INFO  client.GrpcClientProtocolClient (GrpcClientProtocolClient.java:onNext(255)) - client-C954105195FD->270584e6-a4a8-4db5-8151-214655ce1a56: receive RaftClientReply:client-C954105195FD->270584e6-a4a8-4db5-8151-214655ce1a56@group-787F5BA3AA67, cid=3288, SUCCESS, logIndex=4960, commits[270584e6-a4a8-4db5-8151-214655ce1a56:c4960, af078b8b-61ec-497f-9506-472d46a72462:c4956, 09fb9ab4-1b8d-44c0-9f8c-50855c6f1fed:c4956]
2019-08-21 12:28:23,255 | INFO  | DNAudit | user=null | ip=null | op=WRITE_CHUNK {blockData=conID: 1 locID: 102654968016011936 bcsId: 4956} | ret=SUCCESS |  
2019-08-21 12:28:23,255 | INFO  | DNAudit | user=null | ip=null | op=WRITE_CHUNK {blockData=conID: 1 locID: 102654968016011936 bcsId: 4956} | ret=SUCCESS |  
2019-08-21 12:28:23,257 | INFO  | DNAudit | user=null | ip=null | op=PUT_BLOCK {blockData=[blockId=conID: 1 locID: 102654968016011936 bcsId: 0,size=4194304]} | ret=SUCCESS |  
2019-08-21 12:28:23,258 | INFO  | DNAudit | user=null | ip=null | op=PUT_BLOCK {blockData=[blockId=conID: 1 locID: 102654968016011936 bcsId: 0,size=4194304]} | ret=SUCCESS |  
2019-08-21 12:28:23,258 [grpc-default-executor-5] INFO  client.GrpcClientProtocolClient (GrpcClientProtocolClient.java:onNext(255)) - client-C954105195FD->270584e6-a4a8-4db5-8151-214655ce1a56: receive RaftClientReply:client-C954105195FD->270584e6-a4a8-4db5-8151-214655ce1a56@group-787F5BA3AA67, cid=3289, SUCCESS, logIndex=0, commits[270584e6-a4a8-4db5-8151-214655ce1a56:c4961, af078b8b-61ec-497f-9506-472d46a72462:c4960, 09fb9ab4-1b8d-44c0-9f8c-50855c6f1fed:c4960]
2019-08-21 12:28:23,263 | INFO  | SCMAudit | user=jenkins1000 | ip=192.168.34.23 | op=ALLOCATE_BLOCK {owner=b79f83c9-5f7d-4caf-af30-78af34bc5eea, size=4194304, type=RATIS, factor=THREE} | ret=SUCCESS |  
2019-08-21 12:28:23,435 | INFO  | OMAudit | user=jenkins1000 | ip=127.0.0.1 | op=ALLOCATE_BLOCK {volume=vol-0-06517, bucket=bucket-0-64549, key=key-0-34512, dataSize=0, replicationType=null, replicationFactor=null, keyLocationInfo=null, clientID=102654965997830546} | ret=SUCCESS |  
2019-08-21 12:28:23,443 | INFO  | DNAudit | user=null | ip=null | op=WRITE_CHUNK {blockData=conID: 2 locID: 102654968021844641 bcsId: 0} | ret=SUCCESS |  
2019-08-21 12:28:23,446 | INFO  | DNAudit | user=null | ip=null | op=WRITE_CHUNK {blockData=conID: 2 locID: 102654968021844641 bcsId: 0} | ret=SUCCESS |  
2019-08-21 12:28:23,447 | INFO  | DNAudit | user=null | ip=null | op=WRITE_CHUNK {blockData=conID: 2 locID: 102654968021844641 bcsId: 0} | ret=SUCCESS |  
2019-08-21 12:28:23,447 | INFO  | DNAudit | user=null | ip=null | op=WRITE_CHUNK {blockData=conID: 2 locID: 102654968021844641 bcsId: 0} | ret=SUCCESS |  
2019-08-21 12:28:23,448 | INFO  | DNAudit | user=null | ip=null | op=WRITE_CHUNK {blockData=conID: 2 locID: 102654968021844641 bcsId: 0} | ret=SUCCESS |  
2019-08-21 12:28:23,448 | INFO  | DNAudit | user=null | ip=null | op=WRITE_CHUNK {blockData=conID: 2 locID: 102654968021844641 bcsId: 0} | ret=SUCCESS |  
2019-08-21 12:28:23,456 | INFO  | DNAudit | user=null | ip=null | op=WRITE_CHUNK {blockData=conID: 2 locID: 102654968021844641 bcsId: 0} | ret=SUCCESS |  
2019-08-21 12:28:23,456 | INFO  | DNAudit | user=null | ip=null | op=PUT_BLOCK {blockData=[blockId=conID: 2 locID: 102654968021844641 bcsId: 0,size=1048576]} | ret=SUCCESS |  
2019-08-21 12:28:23,457 | INFO  | DNAudit | user=null | ip=null | op=WRITE_CHUNK {blockData=conID: 2 locID: 102654968021844641 bcsId: 0} | ret=SUCCESS |  
2019-08-21 12:28:23,457 [grpc-default-executor-1] INFO  client.GrpcClientProtocolClient (GrpcClientProtocolClient.java:onNext(255)) - client-C954105195FD->270584e6-a4a8-4db5-8151-214655ce1a56: receive RaftClientReply:client-C954105195FD->270584e6-a4a8-4db5-8151-214655ce1a56@group-787F5BA3AA67, cid=3290, SUCCESS, logIndex=4963, commits[270584e6-a4a8-4db5-8151-214655ce1a56:c4964, af078b8b-61ec-497f-9506-472d46a72462:c4962, 09fb9ab4-1b8d-44c0-9f8c-50855c6f1fed:c4962]
2019-08-21 12:28:23,457 | INFO  | DNAudit | user=null | ip=null | op=PUT_BLOCK {blockData=[blockId=conID: 2 locID: 102654968021844641 bcsId: 0,size=2097152]} | ret=SUCCESS |  
2019-08-21 12:28:23,457 | INFO  | DNAudit | user=null | ip=null | op=WRITE_CHUNK {blockData=conID: 2 locID: 102654968021844641 bcsId: 0} | ret=SUCCESS |  
2019-08-21 12:28:23,457 [grpc-default-executor-1] INFO  client.GrpcClientProtocolClient (GrpcClientProtocolClient.java:onNext(255)) - client-C954105195FD->270584e6-a4a8-4db5-8151-214655ce1a56: receive RaftClientReply:client-C954105195FD->270584e6-a4a8-4db5-8151-214655ce1a56@group-787F5BA3AA67, cid=3291, SUCCESS, logIndex=4964, commits[270584e6-a4a8-4db5-8151-214655ce1a56:c4965, af078b8b-61ec-497f-9506-472d46a72462:c4962, 09fb9ab4-1b8d-44c0-9f8c-50855c6f1fed:c4962]
2019-08-21 12:28:23,458 [grpc-default-executor-1] INFO  client.GrpcClientProtocolClient (GrpcClientProtocolClient.java:onNext(255)) - client-C954105195FD->270584e6-a4a8-4db5-8151-214655ce1a56: receive RaftClientReply:client-C954105195FD->270584e6-a4a8-4db5-8151-214655ce1a56@group-787F5BA3AA67, cid=3292, SUCCESS, logIndex=4965, commits[270584e6-a4a8-4db5-8151-214655ce1a56:c4966, af078b8b-61ec-497f-9506-472d46a72462:c4962, 09fb9ab4-1b8d-44c0-9f8c-50855c6f1fed:c4962]
2019-08-21 12:28:23,458 | INFO  | DNAudit | user=null | ip=null | op=WRITE_CHUNK {blockData=conID: 2 locID: 102654968021844641 bcsId: 0} | ret=SUCCESS |  
2019-08-21 12:28:23,458 [grpc-default-executor-5] INFO  client.GrpcClientProtocolClient (GrpcClientProtocolClient.java:onNext(255)) - client-C954105195FD->270584e6-a4a8-4db5-8151-214655ce1a56: receive RaftClientReply:client-C954105195FD->270584e6-a4a8-4db5-8151-214655ce1a56@group-787F5BA3AA67, cid=3293, SUCCESS, logIndex=4966, commits[270584e6-a4a8-4db5-8151-214655ce1a56:c4967, af078b8b-61ec-497f-9506-472d46a72462:c4962, 09fb9ab4-1b8d-44c0-9f8c-50855c6f1fed:c4963]
2019-08-21 12:28:23,458 | INFO  | DNAudit | user=null | ip=null | op=PUT_BLOCK {blockData=[blockId=conID: 2 locID: 102654968021844641 bcsId: 0,size=1048576]} | ret=SUCCESS |  
2019-08-21 12:28:23,460 | INFO  | DNAudit | user=null | ip=null | op=PUT_BLOCK {blockData=[blockId=conID: 2 locID: 102654968021844641 bcsId: 0,size=1048576]} | ret=SUCCESS |  
2019-08-21 12:28:23,460 | INFO  | DNAudit | user=null | ip=null | op=WRITE_CHUNK {blockData=conID: 2 locID: 102654968021844641 bcsId: 0} | ret=SUCCESS |  
2019-08-21 12:28:23,460 [grpc-default-executor-5] INFO  client.GrpcClientProtocolClient (GrpcClientProtocolClient.java:onNext(255)) - client-C954105195FD->270584e6-a4a8-4db5-8151-214655ce1a56: receive RaftClientReply:client-C954105195FD->270584e6-a4a8-4db5-8151-214655ce1a56@group-787F5BA3AA67, cid=3294, SUCCESS, logIndex=0, commits[270584e6-a4a8-4db5-8151-214655ce1a56:c4968, af078b8b-61ec-497f-9506-472d46a72462:c4964, 09fb9ab4-1b8d-44c0-9f8c-50855c6f1fed:c4964]
2019-08-21 12:28:23,460 | INFO  | DNAudit | user=null | ip=null | op=WRITE_CHUNK {blockData=conID: 2 locID: 102654968021844641 bcsId: 0} | ret=SUCCESS |  
2019-08-21 12:28:23,461 | INFO  | DNAudit | user=null | ip=null | op=PUT_BLOCK {blockData=[blockId=conID: 2 locID: 102654968021844641 bcsId: 0,size=2097152]} | ret=SUCCESS |  
2019-08-21 12:28:23,461 | INFO  | DNAudit | user=null | ip=null | op=PUT_BLOCK {blockData=[blockId=conID: 2 locID: 102654968021844641 bcsId: 0,size=2097152]} | ret=SUCCESS |  
2019-08-21 12:28:23,467 | INFO  | DNAudit | user=null | ip=null | op=WRITE_CHUNK {blockData=conID: 2 locID: 102654968021844641 bcsId: 4966} | ret=SUCCESS |  
2019-08-21 12:28:23,470 | INFO  | DNAudit | user=null | ip=null | op=WRITE_CHUNK {blockData=conID: 2 locID: 102654968021844641 bcsId: 4966} | ret=SUCCESS |  
2019-08-21 12:28:23,470 | INFO  | DNAudit | user=null | ip=null | op=WRITE_CHUNK {blockData=conID: 2 locID: 102654968021844641 bcsId: 4966} | ret=SUCCESS |  
2019-08-21 12:28:23,479 | INFO  | DNAudit | user=null | ip=null | op=WRITE_CHUNK {blockData=conID: 2 locID: 102654968021844641 bcsId: 4966} | ret=SUCCESS |  
2019-08-21 12:28:23,480 | INFO  | DNAudit | user=null | ip=null | op=PUT_BLOCK {blockData=[blockId=conID: 2 locID: 102654968021844641 bcsId: 0,size=3145728]} | ret=SUCCESS |  
2019-08-21 12:28:23,480 [grpc-default-executor-5] INFO  client.GrpcClientProtocolClient (GrpcClientProtocolClient.java:onNext(255)) - client-C954105195FD->270584e6-a4a8-4db5-8151-214655ce1a56: receive RaftClientReply:client-C954105195FD->270584e6-a4a8-4db5-8151-214655ce1a56@group-787F5BA3AA67, cid=3295, SUCCESS, logIndex=4971, commits[270584e6-a4a8-4db5-8151-214655ce1a56:c4972, af078b8b-61ec-497f-9506-472d46a72462:c4970, 09fb9ab4-1b8d-44c0-9f8c-50855c6f1fed:c4970]
2019-08-21 12:28:23,480 [grpc-default-executor-5] INFO  client.GrpcClientProtocolClient (GrpcClientProtocolClient.java:onNext(255)) - client-C954105195FD->270584e6-a4a8-4db5-8151-214655ce1a56: receive RaftClientReply:client-C954105195FD->270584e6-a4a8-4db5-8151-214655ce1a56@group-787F5BA3AA67, cid=3296, SUCCESS, logIndex=4972, commits[270584e6-a4a8-4db5-8151-214655ce1a56:c4972, af078b8b-61ec-497f-9506-472d46a72462:c4970, 09fb9ab4-1b8d-44c0-9f8c-50855c6f1fed:c4970]
2019-08-21 12:28:23,487 | INFO  | DNAudit | user=null | ip=null | op=WRITE_CHUNK {blockData=conID: 2 locID: 102654968021844641 bcsId: 4972} | ret=SUCCESS |  
2019-08-21 12:28:23,489 | INFO  | DNAudit | user=null | ip=null | op=WRITE_CHUNK {blockData=conID: 2 locID: 102654968021844641 bcsId: 4972} | ret=SUCCESS |  
2019-08-21 12:28:23,489 | INFO  | DNAudit | user=null | ip=null | op=WRITE_CHUNK {blockData=conID: 2 locID: 102654968021844641 bcsId: 4972} | ret=SUCCESS |  
2019-08-21 12:28:23,490 | INFO  | DNAudit | user=null | ip=null | op=WRITE_CHUNK {blockData=conID: 2 locID: 102654968021844641 bcsId: 4966} | ret=SUCCESS |  
2019-08-21 12:28:23,491 | INFO  | DNAudit | user=null | ip=null | op=WRITE_CHUNK {blockData=conID: 2 locID: 102654968021844641 bcsId: 4966} | ret=SUCCESS |  
2019-08-21 12:28:23,493 | INFO  | DNAudit | user=null | ip=null | op=PUT_BLOCK {blockData=[blockId=conID: 2 locID: 102654968021844641 bcsId: 0,size=3145728]} | ret=SUCCESS |  
2019-08-21 12:28:23,493 | INFO  | DNAudit | user=null | ip=null | op=PUT_BLOCK {blockData=[blockId=conID: 2 locID: 102654968021844641 bcsId: 0,size=3145728]} | ret=SUCCESS |  
2019-08-21 12:28:23,494 | INFO  | DNAudit | user=null | ip=null | op=WRITE_CHUNK {blockData=conID: 2 locID: 102654968021844641 bcsId: 4972} | ret=SUCCESS |  
2019-08-21 12:28:23,494 | INFO  | DNAudit | user=null | ip=null | op=PUT_BLOCK {blockData=[blockId=conID: 2 locID: 102654968021844641 bcsId: 0,size=4194304]} | ret=SUCCESS |  
2019-08-21 12:28:23,494 [grpc-default-executor-5] INFO  client.GrpcClientProtocolClient (GrpcClientProtocolClient.java:onNext(255)) - client-C954105195FD->270584e6-a4a8-4db5-8151-214655ce1a56: receive RaftClientReply:client-C954105195FD->270584e6-a4a8-4db5-8151-214655ce1a56@group-787F5BA3AA67, cid=3297, SUCCESS, logIndex=4975, commits[270584e6-a4a8-4db5-8151-214655ce1a56:c4976, af078b8b-61ec-497f-9506-472d46a72462:c4972, 09fb9ab4-1b8d-44c0-9f8c-50855c6f1fed:c4972]
2019-08-21 12:28:23,495 [grpc-default-executor-5] INFO  client.GrpcClientProtocolClient (GrpcClientProtocolClient.java:onNext(255)) - client-C954105195FD->270584e6-a4a8-4db5-8151-214655ce1a56: receive RaftClientReply:client-C954105195FD->270584e6-a4a8-4db5-8151-214655ce1a56@group-787F5BA3AA67, cid=3298, SUCCESS, logIndex=4976, commits[270584e6-a4a8-4db5-8151-214655ce1a56:c4976, af078b8b-61ec-497f-9506-472d46a72462:c4972, 09fb9ab4-1b8d-44c0-9f8c-50855c6f1fed:c4972]
2019-08-21 12:28:23,505 | INFO  | DNAudit | user=null | ip=null | op=WRITE_CHUNK {blockData=conID: 2 locID: 102654968021844641 bcsId: 4972} | ret=SUCCESS |  
2019-08-21 12:28:23,505 | INFO  | DNAudit | user=null | ip=null | op=WRITE_CHUNK {blockData=conID: 2 locID: 102654968021844641 bcsId: 4972} | ret=SUCCESS |  
2019-08-21 12:28:23,507 | INFO  | DNAudit | user=null | ip=null | op=PUT_BLOCK {blockData=[blockId=conID: 2 locID: 102654968021844641 bcsId: 0,size=4194304]} | ret=SUCCESS |  
2019-08-21 12:28:23,507 | INFO  | DNAudit | user=null | ip=null | op=PUT_BLOCK {blockData=[blockId=conID: 2 locID: 102654968021844641 bcsId: 0,size=4194304]} | ret=SUCCESS |  
2019-08-21 12:28:23,507 [grpc-default-executor-5] INFO  client.GrpcClientProtocolClient (GrpcClientProtocolClient.java:onNext(255)) - client-C954105195FD->270584e6-a4a8-4db5-8151-214655ce1a56: receive RaftClientReply:client-C954105195FD->270584e6-a4a8-4db5-8151-214655ce1a56@group-787F5BA3AA67, cid=3299, SUCCESS, logIndex=0, commits[270584e6-a4a8-4db5-8151-214655ce1a56:c4978, af078b8b-61ec-497f-9506-472d46a72462:c4976, 09fb9ab4-1b8d-44c0-9f8c-50855c6f1fed:c4976]
2019-08-21 12:28:23,515 | INFO  | SCMAudit | user=jenkins1000 | ip=192.168.34.23 | op=ALLOCATE_BLOCK {owner=b79f83c9-5f7d-4caf-af30-78af34bc5eea, size=4194304, type=RATIS, factor=THREE} | ret=SUCCESS |  
2019-08-21 12:28:23,520 | INFO  | OMAudit | user=jenkins1000 | ip=127.0.0.1 | op=ALLOCATE_BLOCK {volume=vol-0-06517, bucket=bucket-0-64549, key=key-0-34512, dataSize=0, replicationType=null, replicationFactor=null, keyLocationInfo=null, clientID=102654965997830546} | ret=SUCCESS |  
2019-08-21 12:28:23,526 | INFO  | DNAudit | user=null | ip=null | op=WRITE_CHUNK {blockData=conID: 3 locID: 102654968038359714 bcsId: 0} | ret=SUCCESS |  
2019-08-21 12:28:23,529 | INFO  | DNAudit | user=null | ip=null | op=WRITE_CHUNK {blockData=conID: 3 locID: 102654968038359714 bcsId: 0} | ret=SUCCESS |  
2019-08-21 12:28:23,529 | INFO  | DNAudit | user=null | ip=null | op=WRITE_CHUNK {blockData=conID: 3 locID: 102654968038359714 bcsId: 0} | ret=SUCCESS |  
2019-08-21 12:28:23,530 | INFO  | DNAudit | user=null | ip=null | op=WRITE_CHUNK {blockData=conID: 3 locID: 102654968038359714 bcsId: 0} | ret=SUCCESS |  
2019-08-21 12:28:23,531 | INFO  | DNAudit | user=null | ip=null | op=WRITE_CHUNK {blockData=conID: 3 locID: 102654968038359714 bcsId: 0} | ret=SUCCESS |  
2019-08-21 12:28:23,532 | INFO  | DNAudit | user=null | ip=null | op=WRITE_CHUNK {blockData=conID: 3 locID: 102654968038359714 bcsId: 0} | ret=SUCCESS |  
2019-08-21 12:28:23,538 | INFO  | DNAudit | user=null | ip=null | op=WRITE_CHUNK {blockData=conID: 3 locID: 102654968038359714 bcsId: 0} | ret=SUCCESS |  
2019-08-21 12:28:23,539 | INFO  | DNAudit | user=null | ip=null | op=PUT_BLOCK {blockData=[blockId=conID: 3 locID: 102654968038359714 bcsId: 0,size=1048576]} | ret=SUCCESS |  
2019-08-21 12:28:23,539 [grpc-default-executor-1] INFO  client.GrpcClientProtocolClient (GrpcClientProtocolClient.java:onNext(255)) - client-C954105195FD->270584e6-a4a8-4db5-8151-214655ce1a56: receive RaftClientReply:client-C954105195FD->270584e6-a4a8-4db5-8151-214655ce1a56@group-787F5BA3AA67, cid=3300, SUCCESS, logIndex=4979, commits[270584e6-a4a8-4db5-8151-214655ce1a56:c4980, af078b8b-61ec-497f-9506-472d46a72462:c4978, 09fb9ab4-1b8d-44c0-9f8c-50855c6f1fed:c4978]
2019-08-21 12:28:23,539 | INFO  | DNAudit | user=null | ip=null | op=WRITE_CHUNK {blockData=conID: 3 locID: 102654968038359714 bcsId: 0} | ret=SUCCESS |  
2019-08-21 12:28:23,540 [grpc-default-executor-1] INFO  client.GrpcClientProtocolClient (GrpcClientProtocolClient.java:onNext(255)) - client-C954105195FD->270584e6-a4a8-4db5-8151-214655ce1a56: receive RaftClientReply:client-C954105195FD->270584e6-a4a8-4db5-8151-214655ce1a56@group-787F5BA3AA67, cid=3301, SUCCESS, logIndex=4980, commits[270584e6-a4a8-4db5-8151-214655ce1a56:c4980, af078b8b-61ec-497f-9506-472d46a72462:c4978, 09fb9ab4-1b8d-44c0-9f8c-50855c6f1fed:c4978]
2019-08-21 12:28:23,540 | INFO  | DNAudit | user=null | ip=null | op=PUT_BLOCK {blockData=[blockId=conID: 3 locID: 102654968038359714 bcsId: 0,size=2097152]} | ret=SUCCESS |  
2019-08-21 12:28:23,540 [grpc-default-executor-1] INFO  client.GrpcClientProtocolClient (GrpcClientProtocolClient.java:onNext(255)) - client-C954105195FD->270584e6-a4a8-4db5-8151-214655ce1a56: receive RaftClientReply:client-C954105195FD->270584e6-a4a8-4db5-8151-214655ce1a56@group-787F5BA3AA67, cid=3302, SUCCESS, logIndex=4981, commits[270584e6-a4a8-4db5-8151-214655ce1a56:c4982, af078b8b-61ec-497f-9506-472d46a72462:c4978, 09fb9ab4-1b8d-44c0-9f8c-50855c6f1fed:c4978]
2019-08-21 12:28:23,540 [grpc-default-executor-1] INFO  client.GrpcClientProtocolClient (GrpcClientProtocolClient.java:onNext(255)) - client-C954105195FD->270584e6-a4a8-4db5-8151-214655ce1a56: receive RaftClientReply:client-C954105195FD->270584e6-a4a8-4db5-8151-214655ce1a56@group-787F5BA3AA67, cid=3303, SUCCESS, logIndex=4982, commits[270584e6-a4a8-4db5-8151-214655ce1a56:c4982, af078b8b-61ec-497f-9506-472d46a72462:c4978, 09fb9ab4-1b8d-44c0-9f8c-50855c6f1fed:c4978]
2019-08-21 12:28:23,546 | INFO  | SCMAudit | user=jenkins1000 | ip=192.168.34.23 | op=SEND_HEARTBEAT {datanodeUUID=0aa4def6-fe9f-4182-b0b1-80406548816f, command=[]} | ret=SUCCESS |  
2019-08-21 12:28:23,546 | INFO  | SCMAudit | user=jenkins1000 | ip=192.168.34.23 | op=SEND_HEARTBEAT {datanodeUUID=39ae8c09-9b4b-4ddc-906b-4e52d104e1b1, command=[]} | ret=SUCCESS |  
 0.00% |█                                                                                                    |  0/1 Time: 0:00:312019-08-21 12:28:23,548 | INFO  | SCMAudit | user=jenkins1000 | ip=192.168.34.23 | op=SEND_HEARTBEAT {datanodeUUID=270584e6-a4a8-4db5-8151-214655ce1a56, command=[]} | ret=SUCCESS |  
2019-08-21 12:28:23,548 | INFO  | SCMAudit | user=jenkins1000 | ip=192.168.34.23 | op=SEND_HEARTBEAT {datanodeUUID=af078b8b-61ec-497f-9506-472d46a72462, command=[]} | ret=SUCCESS |  
2019-08-21 12:28:23,550 | INFO  | SCMAudit | user=jenkins1000 | ip=192.168.34.23 | op=SEND_HEARTBEAT {datanodeUUID=09fb9ab4-1b8d-44c0-9f8c-50855c6f1fed, command=[]} | ret=SUCCESS |  
2019-08-21 12:28:23,552 | INFO  | DNAudit | user=null | ip=null | op=WRITE_CHUNK {blockData=conID: 3 locID: 102654968038359714 bcsId: 0} | ret=SUCCESS |  
2019-08-21 12:28:23,552 | INFO  | DNAudit | user=null | ip=null | op=PUT_BLOCK {blockData=[blockId=conID: 3 locID: 102654968038359714 bcsId: 0,size=1048576]} | ret=SUCCESS |  
2019-08-21 12:28:23,553 | INFO  | DNAudit | user=null | ip=null | op=WRITE_CHUNK {blockData=conID: 3 locID: 102654968038359714 bcsId: 0} | ret=SUCCESS |  
2019-08-21 12:28:23,553 | INFO  | DNAudit | user=null | ip=null | op=PUT_BLOCK {blockData=[blockId=conID: 3 locID: 102654968038359714 bcsId: 0,size=1048576]} | ret=SUCCESS |  
2019-08-21 12:28:23,553 | INFO  | DNAudit | user=null | ip=null | op=WRITE_CHUNK {blockData=conID: 3 locID: 102654968038359714 bcsId: 0} | ret=SUCCESS |  
2019-08-21 12:28:23,553 [grpc-default-executor-1] INFO  client.GrpcClientProtocolClient (GrpcClientProtocolClient.java:onNext(255)) - client-C954105195FD->270584e6-a4a8-4db5-8151-214655ce1a56: receive RaftClientReply:client-C954105195FD->270584e6-a4a8-4db5-8151-214655ce1a56@group-787F5BA3AA67, cid=3304, SUCCESS, logIndex=0, commits[270584e6-a4a8-4db5-8151-214655ce1a56:c4984, af078b8b-61ec-497f-9506-472d46a72462:c4980, 09fb9ab4-1b8d-44c0-9f8c-50855c6f1fed:c4980]
2019-08-21 12:28:23,553 | INFO  | DNAudit | user=null | ip=null | op=WRITE_CHUNK {blockData=conID: 3 locID: 102654968038359714 bcsId: 0} | ret=SUCCESS |  
2019-08-21 12:28:23,553 | INFO  | DNAudit | user=null | ip=null | op=PUT_BLOCK {blockData=[blockId=conID: 3 locID: 102654968038359714 bcsId: 0,size=2097152]} | ret=SUCCESS |  
2019-08-21 12:28:23,554 | INFO  | DNAudit | user=null | ip=null | op=PUT_BLOCK {blockData=[blockId=conID: 3 locID: 102654968038359714 bcsId: 0,size=2097152]} | ret=SUCCESS |  
2019-08-21 12:28:23,560 | INFO  | DNAudit | user=null | ip=null | op=WRITE_CHUNK {blockData=conID: 3 locID: 102654968038359714 bcsId: 4982} | ret=SUCCESS |  
2019-08-21 12:28:23,562 | INFO  | DNAudit | user=null | ip=null | op=WRITE_CHUNK {blockData=conID: 3 locID: 102654968038359714 bcsId: 4982} | ret=SUCCESS |  
2019-08-21 12:28:23,562 | INFO  | DNAudit | user=null | ip=null | op=WRITE_CHUNK {blockData=conID: 3 locID: 102654968038359714 bcsId: 4982} | ret=SUCCESS |  
2019-08-21 12:28:23,572 | INFO  | DNAudit | user=null | ip=null | op=WRITE_CHUNK {blockData=conID: 3 locID: 102654968038359714 bcsId: 4982} | ret=SUCCESS |  
2019-08-21 12:28:23,572 | INFO  | DNAudit | user=null | ip=null | op=PUT_BLOCK {blockData=[blockId=conID: 3 locID: 102654968038359714 bcsId: 0,size=3145728]} | ret=SUCCESS |  
2019-08-21 12:28:23,572 [grpc-default-executor-5] INFO  client.GrpcClientProtocolClient (GrpcClientProtocolClient.java:onNext(255)) - client-C954105195FD->270584e6-a4a8-4db5-8151-214655ce1a56: receive RaftClientReply:client-C954105195FD->270584e6-a4a8-4db5-8151-214655ce1a56@group-787F5BA3AA67, cid=3305, SUCCESS, logIndex=4987, commits[270584e6-a4a8-4db5-8151-214655ce1a56:c4988, af078b8b-61ec-497f-9506-472d46a72462:c4986, 09fb9ab4-1b8d-44c0-9f8c-50855c6f1fed:c4986]
2019-08-21 12:28:23,573 [grpc-default-executor-5] INFO  client.GrpcClientProtocolClient (GrpcClientProtocolClient.java:onNext(255)) - client-C954105195FD->270584e6-a4a8-4db5-8151-214655ce1a56: receive RaftClientReply:client-C954105195FD->270584e6-a4a8-4db5-8151-214655ce1a56@group-787F5BA3AA67, cid=3306, SUCCESS, logIndex=4988, commits[270584e6-a4a8-4db5-8151-214655ce1a56:c4988, af078b8b-61ec-497f-9506-472d46a72462:c4986, 09fb9ab4-1b8d-44c0-9f8c-50855c6f1fed:c4986]
2019-08-21 12:28:23,579 | INFO  | DNAudit | user=null | ip=null | op=WRITE_CHUNK {blockData=conID: 3 locID: 102654968038359714 bcsId: 4988} | ret=SUCCESS |  
2019-08-21 12:28:23,581 | INFO  | DNAudit | user=null | ip=null | op=WRITE_CHUNK {blockData=conID: 3 locID: 102654968038359714 bcsId: 4988} | ret=SUCCESS |  
2019-08-21 12:28:23,581 | INFO  | DNAudit | user=null | ip=null | op=WRITE_CHUNK {blockData=conID: 3 locID: 102654968038359714 bcsId: 4988} | ret=SUCCESS |  
2019-08-21 12:28:23,585 | INFO  | DNAudit | user=null | ip=null | op=WRITE_CHUNK {blockData=conID: 3 locID: 102654968038359714 bcsId: 4982} | ret=SUCCESS |  
2019-08-21 12:28:23,585 | INFO  | DNAudit | user=null | ip=null | op=WRITE_CHUNK {blockData=conID: 3 locID: 102654968038359714 bcsId: 4982} | ret=SUCCESS |  
2019-08-21 12:28:23,596 | INFO  | DNAudit | user=null | ip=null | op=PUT_BLOCK {blockData=[blockId=conID: 3 locID: 102654968038359714 bcsId: 0,size=3145728]} | ret=SUCCESS |  
2019-08-21 12:28:23,596 | INFO  | DNAudit | user=null | ip=null | op=PUT_BLOCK {blockData=[blockId=conID: 3 locID: 102654968038359714 bcsId: 0,size=3145728]} | ret=SUCCESS |  
2019-08-21 12:28:23,597 | INFO  | DNAudit | user=null | ip=null | op=WRITE_CHUNK {blockData=conID: 3 locID: 102654968038359714 bcsId: 4988} | ret=SUCCESS |  
2019-08-21 12:28:23,597 | INFO  | DNAudit | user=null | ip=null | op=PUT_BLOCK {blockData=[blockId=conID: 3 locID: 102654968038359714 bcsId: 0,size=4194304]} | ret=SUCCESS |  
2019-08-21 12:28:23,598 [grpc-default-executor-2] INFO  client.GrpcClientProtocolClient (GrpcClientProtocolClient.java:onNext(255)) - client-C954105195FD->270584e6-a4a8-4db5-8151-214655ce1a56: receive RaftClientReply:client-C954105195FD->270584e6-a4a8-4db5-8151-214655ce1a56@group-787F5BA3AA67, cid=3307, SUCCESS, logIndex=4991, commits[270584e6-a4a8-4db5-8151-214655ce1a56:c4992, af078b8b-61ec-497f-9506-472d46a72462:c4988, 09fb9ab4-1b8d-44c0-9f8c-50855c6f1fed:c4988]
2019-08-21 12:28:23,598 [grpc-default-executor-2] INFO  client.GrpcClientProtocolClient (GrpcClientProtocolClient.java:onNext(255)) - client-C954105195FD->270584e6-a4a8-4db5-8151-214655ce1a56: receive RaftClientReply:client-C954105195FD->270584e6-a4a8-4db5-8151-214655ce1a56@group-787F5BA3AA67, cid=3308, SUCCESS, logIndex=4992, commits[270584e6-a4a8-4db5-8151-214655ce1a56:c4992, af078b8b-61ec-497f-9506-472d46a72462:c4988, 09fb9ab4-1b8d-44c0-9f8c-50855c6f1fed:c4988]
2019-08-21 12:28:23,610 | INFO  | DNAudit | user=null | ip=null | op=WRITE_CHUNK {blockData=conID: 3 locID: 102654968038359714 bcsId: 4988} | ret=SUCCESS |  
2019-08-21 12:28:23,610 | INFO  | DNAudit | user=null | ip=null | op=WRITE_CHUNK {blockData=conID: 3 locID: 102654968038359714 bcsId: 4988} | ret=SUCCESS |  
2019-08-21 12:28:23,613 | INFO  | DNAudit | user=null | ip=null | op=PUT_BLOCK {blockData=[blockId=conID: 3 locID: 102654968038359714 bcsId: 0,size=4194304]} | ret=SUCCESS |  
2019-08-21 12:28:23,613 | INFO  | DNAudit | user=null | ip=null | op=PUT_BLOCK {blockData=[blockId=conID: 3 locID: 102654968038359714 bcsId: 0,size=4194304]} | ret=SUCCESS |  
2019-08-21 12:28:23,614 [grpc-default-executor-2] INFO  client.GrpcClientProtocolClient (GrpcClientProtocolClient.java:onNext(255)) - client-C954105195FD->270584e6-a4a8-4db5-8151-214655ce1a56: receive RaftClientReply:client-C954105195FD->270584e6-a4a8-4db5-8151-214655ce1a56@group-787F5BA3AA67, cid=3309, SUCCESS, logIndex=0, commits[270584e6-a4a8-4db5-8151-214655ce1a56:c4994, af078b8b-61ec-497f-9506-472d46a72462:c4992, 09fb9ab4-1b8d-44c0-9f8c-50855c6f1fed:c4992]
2019-08-21 12:28:23,622 | INFO  | SCMAudit | user=jenkins1000 | ip=192.168.34.23 | op=ALLOCATE_BLOCK {owner=b79f83c9-5f7d-4caf-af30-78af34bc5eea, size=4194304, type=RATIS, factor=THREE} | ret=SUCCESS |  
2019-08-21 12:28:23,627 | INFO  | OMAudit | user=jenkins1000 | ip=127.0.0.1 | op=ALLOCATE_BLOCK {volume=vol-0-06517, bucket=bucket-0-64549, key=key-0-34512, dataSize=0, replicationType=null, replicationFactor=null, keyLocationInfo=null, clientID=102654965997830546} | ret=SUCCESS |  
2019-08-21 12:28:23,635 | INFO  | DNAudit | user=null | ip=null | op=WRITE_CHUNK {blockData=conID: 1 locID: 102654968045372067 bcsId: 0} | ret=SUCCESS |  
2019-08-21 12:28:23,638 | INFO  | DNAudit | user=null | ip=null | op=WRITE_CHUNK {blockData=conID: 1 locID: 102654968045372067 bcsId: 0} | ret=SUCCESS |  
2019-08-21 12:28:23,638 | INFO  | DNAudit | user=null | ip=null | op=WRITE_CHUNK {blockData=conID: 1 locID: 102654968045372067 bcsId: 0} | ret=SUCCESS |  
2019-08-21 12:28:23,638 | INFO  | DNAudit | user=null | ip=null | op=WRITE_CHUNK {blockData=conID: 1 locID: 102654968045372067 bcsId: 0} | ret=SUCCESS |  
2019-08-21 12:28:23,640 | INFO  | DNAudit | user=null | ip=null | op=WRITE_CHUNK {blockData=conID: 1 locID: 102654968045372067 bcsId: 0} | ret=SUCCESS |  
2019-08-21 12:28:23,640 | INFO  | DNAudit | user=null | ip=null | op=WRITE_CHUNK {blockData=conID: 1 locID: 102654968045372067 bcsId: 0} | ret=SUCCESS |  
2019-08-21 12:28:23,666 | INFO  | DNAudit | user=null | ip=null | op=WRITE_CHUNK {blockData=conID: 1 locID: 102654968045372067 bcsId: 0} | ret=SUCCESS |  
2019-08-21 12:28:23,666 | INFO  | DNAudit | user=null | ip=null | op=PUT_BLOCK {blockData=[blockId=conID: 1 locID: 102654968045372067 bcsId: 0,size=1048576]} | ret=SUCCESS |  
2019-08-21 12:28:23,667 | INFO  | DNAudit | user=null | ip=null | op=WRITE_CHUNK {blockData=conID: 1 locID: 102654968045372067 bcsId: 0} | ret=SUCCESS |  
2019-08-21 12:28:23,666 [grpc-default-executor-5] INFO  client.GrpcClientProtocolClient (GrpcClientProtocolClient.java:onNext(255)) - client-C954105195FD->270584e6-a4a8-4db5-8151-214655ce1a56: receive RaftClientReply:client-C954105195FD->270584e6-a4a8-4db5-8151-214655ce1a56@group-787F5BA3AA67, cid=3310, SUCCESS, logIndex=4995, commits[270584e6-a4a8-4db5-8151-214655ce1a56:c4997, af078b8b-61ec-497f-9506-472d46a72462:c4994, 09fb9ab4-1b8d-44c0-9f8c-50855c6f1fed:c4994]
2019-08-21 12:28:23,667 | INFO  | DNAudit | user=null | ip=null | op=PUT_BLOCK {blockData=[blockId=conID: 1 locID: 102654968045372067 bcsId: 0,size=2097152]} | ret=SUCCESS |  
2019-08-21 12:28:23,667 [grpc-default-executor-5] INFO  client.GrpcClientProtocolClient (GrpcClientProtocolClient.java:onNext(255)) - client-C954105195FD->270584e6-a4a8-4db5-8151-214655ce1a56: receive RaftClientReply:client-C954105195FD->270584e6-a4a8-4db5-8151-214655ce1a56@group-787F5BA3AA67, cid=3311, SUCCESS, logIndex=4996, commits[270584e6-a4a8-4db5-8151-214655ce1a56:c4998, af078b8b-61ec-497f-9506-472d46a72462:c4994, 09fb9ab4-1b8d-44c0-9f8c-50855c6f1fed:c4994]
2019-08-21 12:28:23,668 [grpc-default-executor-5] INFO  client.GrpcClientProtocolClient (GrpcClientProtocolClient.java:onNext(255)) - client-C954105195FD->270584e6-a4a8-4db5-8151-214655ce1a56: receive RaftClientReply:client-C954105195FD->270584e6-a4a8-4db5-8151-214655ce1a56@group-787F5BA3AA67, cid=3312, SUCCESS, logIndex=4997, commits[270584e6-a4a8-4db5-8151-214655ce1a56:c4998, af078b8b-61ec-497f-9506-472d46a72462:c4994, 09fb9ab4-1b8d-44c0-9f8c-50855c6f1fed:c4994]
2019-08-21 12:28:23,668 [grpc-default-executor-5] INFO  client.GrpcClientProtocolClient (GrpcClientProtocolClient.java:onNext(255)) - client-C954105195FD->270584e6-a4a8-4db5-8151-214655ce1a56: receive RaftClientReply:client-C954105195FD->270584e6-a4a8-4db5-8151-214655ce1a56@group-787F5BA3AA67, cid=3313, SUCCESS, logIndex=4998, commits[270584e6-a4a8-4db5-8151-214655ce1a56:c4998, af078b8b-61ec-497f-9506-472d46a72462:c4994, 09fb9ab4-1b8d-44c0-9f8c-50855c6f1fed:c4994]
2019-08-21 12:28:23,677 | INFO  | DNAudit | user=null | ip=null | op=WRITE_CHUNK {blockData=conID: 1 locID: 102654968045372067 bcsId: 0} | ret=SUCCESS |  
2019-08-21 12:28:23,677 | INFO  | DNAudit | user=null | ip=null | op=WRITE_CHUNK {blockData=conID: 1 locID: 102654968045372067 bcsId: 0} | ret=SUCCESS |  
2019-08-21 12:28:23,678 | INFO  | DNAudit | user=null | ip=null | op=PUT_BLOCK {blockData=[blockId=conID: 1 locID: 102654968045372067 bcsId: 0,size=1048576]} | ret=SUCCESS |  
2019-08-21 12:28:23,678 | INFO  | DNAudit | user=null | ip=null | op=PUT_BLOCK {blockData=[blockId=conID: 1 locID: 102654968045372067 bcsId: 0,size=1048576]} | ret=SUCCESS |  
2019-08-21 12:28:23,678 [grpc-default-executor-5] INFO  client.GrpcClientProtocolClient (GrpcClientProtocolClient.java:onNext(255)) - client-C954105195FD->270584e6-a4a8-4db5-8151-214655ce1a56: receive RaftClientReply:client-C954105195FD->270584e6-a4a8-4db5-8151-214655ce1a56@group-787F5BA3AA67, cid=3314, SUCCESS, logIndex=0, commits[270584e6-a4a8-4db5-8151-214655ce1a56:c4999, af078b8b-61ec-497f-9506-472d46a72462:c4996, 09fb9ab4-1b8d-44c0-9f8c-50855c6f1fed:c4996]
2019-08-21 12:28:23,678 | INFO  | DNAudit | user=null | ip=null | op=WRITE_CHUNK {blockData=conID: 1 locID: 102654968045372067 bcsId: 0} | ret=SUCCESS |  
2019-08-21 12:28:23,679 | INFO  | DNAudit | user=null | ip=null | op=PUT_BLOCK {blockData=[blockId=conID: 1 locID: 102654968045372067 bcsId: 0,size=2097152]} | ret=SUCCESS |  
2019-08-21 12:28:23,679 | INFO  | DNAudit | user=null | ip=null | op=WRITE_CHUNK {blockData=conID: 1 locID: 102654968045372067 bcsId: 0} | ret=SUCCESS |  
2019-08-21 12:28:23,679 | INFO  | DNAudit | user=null | ip=null | op=PUT_BLOCK {blockData=[blockId=conID: 1 locID: 102654968045372067 bcsId: 0,size=2097152]} | ret=SUCCESS |  
2019-08-21 12:28:23,686 | INFO  | DNAudit | user=null | ip=null | op=WRITE_CHUNK {blockData=conID: 1 locID: 102654968045372067 bcsId: 4998} | ret=SUCCESS |  
2019-08-21 12:28:23,689 | INFO  | DNAudit | user=null | ip=null | op=WRITE_CHUNK {blockData=conID: 1 locID: 102654968045372067 bcsId: 4998} | ret=SUCCESS |  
2019-08-21 12:28:23,689 | INFO  | DNAudit | user=null | ip=null | op=WRITE_CHUNK {blockData=conID: 1 locID: 102654968045372067 bcsId: 4998} | ret=SUCCESS |  
2019-08-21 12:28:23,701 | INFO  | DNAudit | user=null | ip=null | op=WRITE_CHUNK {blockData=conID: 1 locID: 102654968045372067 bcsId: 4998} | ret=SUCCESS |  
2019-08-21 12:28:23,701 | INFO  | DNAudit | user=null | ip=null | op=PUT_BLOCK {blockData=[blockId=conID: 1 locID: 102654968045372067 bcsId: 0,size=3145728]} | ret=SUCCESS |  
2019-08-21 12:28:23,701 [grpc-default-executor-2] INFO  client.GrpcClientProtocolClient (GrpcClientProtocolClient.java:onNext(255)) - client-C954105195FD->270584e6-a4a8-4db5-8151-214655ce1a56: receive RaftClientReply:client-C954105195FD->270584e6-a4a8-4db5-8151-214655ce1a56@group-787F5BA3AA67, cid=3315, SUCCESS, logIndex=5003, commits[270584e6-a4a8-4db5-8151-214655ce1a56:c5004, af078b8b-61ec-497f-9506-472d46a72462:c4998, 09fb9ab4-1b8d-44c0-9f8c-50855c6f1fed:c5002]
2019-08-21 12:28:23,702 [grpc-default-executor-2] INFO  client.GrpcClientProtocolClient (GrpcClientProtocolClient.java:onNext(255)) - client-C954105195FD->270584e6-a4a8-4db5-8151-214655ce1a56: receive RaftClientReply:client-C954105195FD->270584e6-a4a8-4db5-8151-214655ce1a56@group-787F5BA3AA67, cid=3316, SUCCESS, logIndex=5004, commits[270584e6-a4a8-4db5-8151-214655ce1a56:c5004, af078b8b-61ec-497f-9506-472d46a72462:c5002, 09fb9ab4-1b8d-44c0-9f8c-50855c6f1fed:c5002]
2019-08-21 12:28:23,711 | INFO  | DNAudit | user=null | ip=null | op=WRITE_CHUNK {blockData=conID: 1 locID: 102654968045372067 bcsId: 5004} | ret=SUCCESS |  
2019-08-21 12:28:23,712 | INFO  | DNAudit | user=null | ip=null | op=WRITE_CHUNK {blockData=conID: 1 locID: 102654968045372067 bcsId: 4998} | ret=SUCCESS |  
2019-08-21 12:28:23,712 | INFO  | DNAudit | user=null | ip=null | op=WRITE_CHUNK {blockData=conID: 1 locID: 102654968045372067 bcsId: 4998} | ret=SUCCESS |  
2019-08-21 12:28:23,712 | INFO  | DNAudit | user=null | ip=null | op=WRITE_CHUNK {blockData=conID: 1 locID: 102654968045372067 bcsId: 5004} | ret=SUCCESS |  
2019-08-21 12:28:23,712 | INFO  | DNAudit | user=null | ip=null | op=PUT_BLOCK {blockData=[blockId=conID: 1 locID: 102654968045372067 bcsId: 0,size=3145728]} | ret=SUCCESS |  
2019-08-21 12:28:23,713 | INFO  | DNAudit | user=null | ip=null | op=PUT_BLOCK {blockData=[blockId=conID: 1 locID: 102654968045372067 bcsId: 0,size=3145728]} | ret=SUCCESS |  
2019-08-21 12:28:23,714 | INFO  | DNAudit | user=null | ip=null | op=WRITE_CHUNK {blockData=conID: 1 locID: 102654968045372067 bcsId: 5004} | ret=SUCCESS |  
2019-08-21 12:28:23,714 | INFO  | DNAudit | user=null | ip=null | op=WRITE_CHUNK {blockData=conID: 1 locID: 102654968045372067 bcsId: 5004} | ret=SUCCESS |  
2019-08-21 12:28:23,715 | INFO  | DNAudit | user=null | ip=null | op=PUT_BLOCK {blockData=[blockId=conID: 1 locID: 102654968045372067 bcsId: 0,size=4194304]} | ret=SUCCESS |  
2019-08-21 12:28:23,715 [grpc-default-executor-5] INFO  client.GrpcClientProtocolClient (GrpcClientProtocolClient.java:onNext(255)) - client-C954105195FD->270584e6-a4a8-4db5-8151-214655ce1a56: receive RaftClientReply:client-C954105195FD->270584e6-a4a8-4db5-8151-214655ce1a56@group-787F5BA3AA67, cid=3317, SUCCESS, logIndex=5007, commits[270584e6-a4a8-4db5-8151-214655ce1a56:c5008, af078b8b-61ec-497f-9506-472d46a72462:c5004, 09fb9ab4-1b8d-44c0-9f8c-50855c6f1fed:c5004]
2019-08-21 12:28:23,716 [grpc-default-executor-5] INFO  client.GrpcClientProtocolClient (GrpcClientProtocolClient.java:onNext(255)) - client-C954105195FD->270584e6-a4a8-4db5-8151-214655ce1a56: receive RaftClientReply:client-C954105195FD->270584e6-a4a8-4db5-8151-214655ce1a56@group-787F5BA3AA67, cid=3318, SUCCESS, logIndex=5008, commits[270584e6-a4a8-4db5-8151-214655ce1a56:c5008, af078b8b-61ec-497f-9506-472d46a72462:c5004, 09fb9ab4-1b8d-44c0-9f8c-50855c6f1fed:c5004]
2019-08-21 12:28:23,716 | INFO  | DNAudit | user=null | ip=null | op=WRITE_CHUNK {blockData=conID: 1 locID: 102654968045372067 bcsId: 5004} | ret=SUCCESS |  
2019-08-21 12:28:23,717 | INFO  | DNAudit | user=null | ip=null | op=PUT_BLOCK {blockData=[blockId=conID: 1 locID: 102654968045372067 bcsId: 0,size=4194304]} | ret=SUCCESS |  
2019-08-21 12:28:23,718 | INFO  | DNAudit | user=null | ip=null | op=WRITE_CHUNK {blockData=conID: 1 locID: 102654968045372067 bcsId: 5004} | ret=SUCCESS |  
2019-08-21 12:28:23,718 | INFO  | DNAudit | user=null | ip=null | op=PUT_BLOCK {blockData=[blockId=conID: 1 locID: 102654968045372067 bcsId: 0,size=4194304]} | ret=SUCCESS |  
2019-08-21 12:28:23,718 [grpc-default-executor-5] INFO  client.GrpcClientProtocolClient (GrpcClientProtocolClient.java:onNext(255)) - client-C954105195FD->270584e6-a4a8-4db5-8151-214655ce1a56: receive RaftClientReply:client-C954105195FD->270584e6-a4a8-4db5-8151-214655ce1a56@group-787F5BA3AA67, cid=3319, SUCCESS, logIndex=0, commits[270584e6-a4a8-4db5-8151-214655ce1a56:c5009, af078b8b-61ec-497f-9506-472d46a72462:c5008, 09fb9ab4-1b8d-44c0-9f8c-50855c6f1fed:c5008]
2019-08-21 12:28:23,725 | INFO  | SCMAudit | user=jenkins1000 | ip=192.168.34.23 | op=ALLOCATE_BLOCK {owner=b79f83c9-5f7d-4caf-af30-78af34bc5eea, size=4194304, type=RATIS, factor=THREE} | ret=SUCCESS |  
2019-08-21 12:28:23,730 | INFO  | OMAudit | user=jenkins1000 | ip=127.0.0.1 | op=ALLOCATE_BLOCK {volume=vol-0-06517, bucket=bucket-0-64549, key=key-0-34512, dataSize=0, replicationType=null, replicationFactor=null, keyLocationInfo=null, clientID=102654965997830546} | ret=SUCCESS |  
2019-08-21 12:28:23,737 | INFO  | DNAudit | user=null | ip=null | op=WRITE_CHUNK {blockData=conID: 2 locID: 102654968052122276 bcsId: 0} | ret=SUCCESS |  
2019-08-21 12:28:23,741 | INFO  | DNAudit | user=null | ip=null | op=WRITE_CHUNK {blockData=conID: 2 locID: 102654968052122276 bcsId: 0} | ret=SUCCESS |  
2019-08-21 12:28:23,742 | INFO  | DNAudit | user=null | ip=null | op=WRITE_CHUNK {blockData=conID: 2 locID: 102654968052122276 bcsId: 0} | ret=SUCCESS |  
2019-08-21 12:28:23,742 | INFO  | DNAudit | user=null | ip=null | op=WRITE_CHUNK {blockData=conID: 2 locID: 102654968052122276 bcsId: 0} | ret=SUCCESS |  
2019-08-21 12:28:23,744 | INFO  | DNAudit | user=null | ip=null | op=WRITE_CHUNK {blockData=conID: 2 locID: 102654968052122276 bcsId: 0} | ret=SUCCESS |  
2019-08-21 12:28:23,744 | INFO  | DNAudit | user=null | ip=null | op=WRITE_CHUNK {blockData=conID: 2 locID: 102654968052122276 bcsId: 0} | ret=SUCCESS |  
2019-08-21 12:28:23,753 | INFO  | DNAudit | user=null | ip=null | op=WRITE_CHUNK {blockData=conID: 2 locID: 102654968052122276 bcsId: 0} | ret=SUCCESS |  
2019-08-21 12:28:23,753 | INFO  | DNAudit | user=null | ip=null | op=PUT_BLOCK {blockData=[blockId=conID: 2 locID: 102654968052122276 bcsId: 0,size=1048576]} | ret=SUCCESS |  
2019-08-21 12:28:23,753 [grpc-default-executor-5] INFO  client.GrpcClientProtocolClient (GrpcClientProtocolClient.java:onNext(255)) - client-C954105195FD->270584e6-a4a8-4db5-8151-214655ce1a56: receive RaftClientReply:client-C954105195FD->270584e6-a4a8-4db5-8151-214655ce1a56@group-787F5BA3AA67, cid=3320, SUCCESS, logIndex=5011, commits[270584e6-a4a8-4db5-8151-214655ce1a56:c5012, af078b8b-61ec-497f-9506-472d46a72462:c5010, 09fb9ab4-1b8d-44c0-9f8c-50855c6f1fed:c5010]
2019-08-21 12:28:23,754 [grpc-default-executor-5] INFO  client.GrpcClientProtocolClient (GrpcClientProtocolClient.java:onNext(255)) - client-C954105195FD->270584e6-a4a8-4db5-8151-214655ce1a56: receive RaftClientReply:client-C954105195FD->270584e6-a4a8-4db5-8151-214655ce1a56@group-787F5BA3AA67, cid=3321, SUCCESS, logIndex=5012, commits[270584e6-a4a8-4db5-8151-214655ce1a56:c5012, af078b8b-61ec-497f-9506-472d46a72462:c5010, 09fb9ab4-1b8d-44c0-9f8c-50855c6f1fed:c5010]
2019-08-21 12:28:23,766 | INFO  | DNAudit | user=null | ip=null | op=WRITE_CHUNK {blockData=conID: 2 locID: 102654968052122276 bcsId: 0} | ret=SUCCESS |  
2019-08-21 12:28:23,766 | INFO  | DNAudit | user=null | ip=null | op=PUT_BLOCK {blockData=[blockId=conID: 2 locID: 102654968052122276 bcsId: 0,size=2097152]} | ret=SUCCESS |  
2019-08-21 12:28:23,766 [grpc-default-executor-5] INFO  client.GrpcClientProtocolClient (GrpcClientProtocolClient.java:onNext(255)) - client-C954105195FD->270584e6-a4a8-4db5-8151-214655ce1a56: receive RaftClientReply:client-C954105195FD->270584e6-a4a8-4db5-8151-214655ce1a56@group-787F5BA3AA67, cid=3322, SUCCESS, logIndex=5013, commits[270584e6-a4a8-4db5-8151-214655ce1a56:c5014, af078b8b-61ec-497f-9506-472d46a72462:c5010, 09fb9ab4-1b8d-44c0-9f8c-50855c6f1fed:c5010]
2019-08-21 12:28:23,767 [grpc-default-executor-5] INFO  client.GrpcClientProtocolClient (GrpcClientProtocolClient.java:onNext(255)) - client-C954105195FD->270584e6-a4a8-4db5-8151-214655ce1a56: receive RaftClientReply:client-C954105195FD->270584e6-a4a8-4db5-8151-214655ce1a56@group-787F5BA3AA67, cid=3323, SUCCESS, logIndex=5014, commits[270584e6-a4a8-4db5-8151-214655ce1a56:c5014, af078b8b-61ec-497f-9506-472d46a72462:c5010, 09fb9ab4-1b8d-44c0-9f8c-50855c6f1fed:c5010]
2019-08-21 12:28:23,769 | INFO  | DNAudit | user=null | ip=null | op=WRITE_CHUNK {blockData=conID: 2 locID: 102654968052122276 bcsId: 0} | ret=SUCCESS |  
2019-08-21 12:28:23,769 | INFO  | DNAudit | user=null | ip=null | op=PUT_BLOCK {blockData=[blockId=conID: 2 locID: 102654968052122276 bcsId: 0,size=1048576]} | ret=SUCCESS |  
2019-08-21 12:28:23,780 | INFO  | DNAudit | user=null | ip=null | op=WRITE_CHUNK {blockData=conID: 2 locID: 102654968052122276 bcsId: 0} | ret=SUCCESS |  
2019-08-21 12:28:23,780 | INFO  | DNAudit | user=null | ip=null | op=WRITE_CHUNK {blockData=conID: 2 locID: 102654968052122276 bcsId: 0} | ret=SUCCESS |  
2019-08-21 12:28:23,780 | INFO  | DNAudit | user=null | ip=null | op=PUT_BLOCK {blockData=[blockId=conID: 2 locID: 102654968052122276 bcsId: 0,size=2097152]} | ret=SUCCESS |  
2019-08-21 12:28:23,781 | INFO  | DNAudit | user=null | ip=null | op=PUT_BLOCK {blockData=[blockId=conID: 2 locID: 102654968052122276 bcsId: 0,size=1048576]} | ret=SUCCESS |  
2019-08-21 12:28:23,781 | INFO  | DNAudit | user=null | ip=null | op=WRITE_CHUNK {blockData=conID: 2 locID: 102654968052122276 bcsId: 0} | ret=SUCCESS |  
2019-08-21 12:28:23,781 | INFO  | DNAudit | user=null | ip=null | op=PUT_BLOCK {blockData=[blockId=conID: 2 locID: 102654968052122276 bcsId: 0,size=2097152]} | ret=SUCCESS |  
2019-08-21 12:28:23,781 [grpc-default-executor-5] INFO  client.GrpcClientProtocolClient (GrpcClientProtocolClient.java:onNext(255)) - client-C954105195FD->270584e6-a4a8-4db5-8151-214655ce1a56: receive RaftClientReply:client-C954105195FD->270584e6-a4a8-4db5-8151-214655ce1a56@group-787F5BA3AA67, cid=3324, SUCCESS, logIndex=0, commits[270584e6-a4a8-4db5-8151-214655ce1a56:c5018, af078b8b-61ec-497f-9506-472d46a72462:c5012, 09fb9ab4-1b8d-44c0-9f8c-50855c6f1fed:c5014]
2019-08-21 12:28:23,789 | INFO  | DNAudit | user=null | ip=null | op=WRITE_CHUNK {blockData=conID: 2 locID: 102654968052122276 bcsId: 5014} | ret=SUCCESS |  
2019-08-21 12:28:23,791 | INFO  | DNAudit | user=null | ip=null | op=WRITE_CHUNK {blockData=conID: 2 locID: 102654968052122276 bcsId: 5014} | ret=SUCCESS |  
2019-08-21 12:28:23,792 | INFO  | DNAudit | user=null | ip=null | op=WRITE_CHUNK {blockData=conID: 2 locID: 102654968052122276 bcsId: 5014} | ret=SUCCESS |  
2019-08-21 12:28:23,803 | INFO  | DNAudit | user=null | ip=null | op=WRITE_CHUNK {blockData=conID: 2 locID: 102654968052122276 bcsId: 5014} | ret=SUCCESS |  
2019-08-21 12:28:23,803 | INFO  | DNAudit | user=null | ip=null | op=PUT_BLOCK {blockData=[blockId=conID: 2 locID: 102654968052122276 bcsId: 0,size=3145728]} | ret=SUCCESS |  
2019-08-21 12:28:23,803 [grpc-default-executor-4] INFO  client.GrpcClientProtocolClient (GrpcClientProtocolClient.java:onNext(255)) - client-C954105195FD->270584e6-a4a8-4db5-8151-214655ce1a56: receive RaftClientReply:client-C954105195FD->270584e6-a4a8-4db5-8151-214655ce1a56@group-787F5BA3AA67, cid=3325, SUCCESS, logIndex=5019, commits[270584e6-a4a8-4db5-8151-214655ce1a56:c5019, af078b8b-61ec-497f-9506-472d46a72462:c5018, 09fb9ab4-1b8d-44c0-9f8c-50855c6f1fed:c5018]
2019-08-21 12:28:23,804 [grpc-default-executor-4] INFO  client.GrpcClientProtocolClient (GrpcClientProtocolClient.java:onNext(255)) - client-C954105195FD->270584e6-a4a8-4db5-8151-214655ce1a56: receive RaftClientReply:client-C954105195FD->270584e6-a4a8-4db5-8151-214655ce1a56@group-787F5BA3AA67, cid=3326, SUCCESS, logIndex=5020, commits[270584e6-a4a8-4db5-8151-214655ce1a56:c5020, af078b8b-61ec-497f-9506-472d46a72462:c5018, 09fb9ab4-1b8d-44c0-9f8c-50855c6f1fed:c5018]
2019-08-21 12:28:23,811 | INFO  | DNAudit | user=null | ip=null | op=WRITE_CHUNK {blockData=conID: 2 locID: 102654968052122276 bcsId: 5020} | ret=SUCCESS |  
2019-08-21 12:28:23,814 | INFO  | DNAudit | user=null | ip=null | op=WRITE_CHUNK {blockData=conID: 2 locID: 102654968052122276 bcsId: 5014} | ret=SUCCESS |  
2019-08-21 12:28:23,814 | INFO  | DNAudit | user=null | ip=null | op=WRITE_CHUNK {blockData=conID: 2 locID: 102654968052122276 bcsId: 5020} | ret=SUCCESS |  
2019-08-21 12:28:23,814 | INFO  | DNAudit | user=null | ip=null | op=WRITE_CHUNK {blockData=conID: 2 locID: 102654968052122276 bcsId: 5014} | ret=SUCCESS |  
2019-08-21 12:28:23,815 | INFO  | DNAudit | user=null | ip=null | op=WRITE_CHUNK {blockData=conID: 2 locID: 102654968052122276 bcsId: 5020} | ret=SUCCESS |  
2019-08-21 12:28:23,816 | INFO  | DNAudit | user=null | ip=null | op=PUT_BLOCK {blockData=[blockId=conID: 2 locID: 102654968052122276 bcsId: 0,size=3145728]} | ret=SUCCESS |  
2019-08-21 12:28:23,816 | INFO  | DNAudit | user=null | ip=null | op=WRITE_CHUNK {blockData=conID: 2 locID: 102654968052122276 bcsId: 5020} | ret=SUCCESS |  
2019-08-21 12:28:23,816 | INFO  | DNAudit | user=null | ip=null | op=PUT_BLOCK {blockData=[blockId=conID: 2 locID: 102654968052122276 bcsId: 0,size=3145728]} | ret=SUCCESS |  
2019-08-21 12:28:23,817 | INFO  | DNAudit | user=null | ip=null | op=PUT_BLOCK {blockData=[blockId=conID: 2 locID: 102654968052122276 bcsId: 0,size=4194304]} | ret=SUCCESS |  
2019-08-21 12:28:23,817 [grpc-default-executor-5] INFO  client.GrpcClientProtocolClient (GrpcClientProtocolClient.java:onNext(255)) - client-C954105195FD->270584e6-a4a8-4db5-8151-214655ce1a56: receive RaftClientReply:client-C954105195FD->270584e6-a4a8-4db5-8151-214655ce1a56@group-787F5BA3AA67, cid=3327, SUCCESS, logIndex=5023, commits[270584e6-a4a8-4db5-8151-214655ce1a56:c5024, af078b8b-61ec-497f-9506-472d46a72462:c5020, 09fb9ab4-1b8d-44c0-9f8c-50855c6f1fed:c5019]
2019-08-21 12:28:23,817 | INFO  | DNAudit | user=null | ip=null | op=WRITE_CHUNK {blockData=conID: 2 locID: 102654968052122276 bcsId: 5020} | ret=SUCCESS |  
2019-08-21 12:28:23,817 [grpc-default-executor-5] INFO  client.GrpcClientProtocolClient (GrpcClientProtocolClient.java:onNext(255)) - client-C954105195FD->270584e6-a4a8-4db5-8151-214655ce1a56: receive RaftClientReply:client-C954105195FD->270584e6-a4a8-4db5-8151-214655ce1a56@group-787F5BA3AA67, cid=3328, SUCCESS, logIndex=5024, commits[270584e6-a4a8-4db5-8151-214655ce1a56:c5024, af078b8b-61ec-497f-9506-472d46a72462:c5020, 09fb9ab4-1b8d-44c0-9f8c-50855c6f1fed:c5020]
2019-08-21 12:28:23,819 | INFO  | DNAudit | user=null | ip=null | op=WRITE_CHUNK {blockData=conID: 2 locID: 102654968052122276 bcsId: 5020} | ret=SUCCESS |  
2019-08-21 12:28:23,829 | INFO  | DNAudit | user=null | ip=null | op=PUT_BLOCK {blockData=[blockId=conID: 2 locID: 102654968052122276 bcsId: 0,size=4194304]} | ret=SUCCESS |  
2019-08-21 12:28:23,830 | INFO  | DNAudit | user=null | ip=null | op=PUT_BLOCK {blockData=[blockId=conID: 2 locID: 102654968052122276 bcsId: 0,size=4194304]} | ret=SUCCESS |  
2019-08-21 12:28:23,831 [grpc-default-executor-5] INFO  client.GrpcClientProtocolClient (GrpcClientProtocolClient.java:onNext(255)) - client-C954105195FD->270584e6-a4a8-4db5-8151-214655ce1a56: receive RaftClientReply:client-C954105195FD->270584e6-a4a8-4db5-8151-214655ce1a56@group-787F5BA3AA67, cid=3329, SUCCESS, logIndex=0, commits[270584e6-a4a8-4db5-8151-214655ce1a56:c5026, af078b8b-61ec-497f-9506-472d46a72462:c5024, 09fb9ab4-1b8d-44c0-9f8c-50855c6f1fed:c5024]
2019-08-21 12:28:23,838 | INFO  | SCMAudit | user=jenkins1000 | ip=192.168.34.23 | op=ALLOCATE_BLOCK {owner=b79f83c9-5f7d-4caf-af30-78af34bc5eea, size=4194304, type=RATIS, factor=THREE} | ret=SUCCESS |  
2019-08-21 12:28:23,843 | INFO  | OMAudit | user=jenkins1000 | ip=127.0.0.1 | op=ALLOCATE_BLOCK {volume=vol-0-06517, bucket=bucket-0-64549, key=key-0-34512, dataSize=0, replicationType=null, replicationFactor=null, keyLocationInfo=null, clientID=102654965997830546} | ret=SUCCESS |  
2019-08-21 12:28:23,851 | INFO  | DNAudit | user=null | ip=null | op=WRITE_CHUNK {blockData=conID: 3 locID: 102654968059527845 bcsId: 0} | ret=SUCCESS |  
2019-08-21 12:28:23,854 | INFO  | DNAudit | user=null | ip=null | op=WRITE_CHUNK {blockData=conID: 3 locID: 102654968059527845 bcsId: 0} | ret=SUCCESS |  
2019-08-21 12:28:23,855 | INFO  | DNAudit | user=null | ip=null | op=WRITE_CHUNK {blockData=conID: 3 locID: 102654968059527845 bcsId: 0} | ret=SUCCESS |  
2019-08-21 12:28:23,855 | INFO  | DNAudit | user=null | ip=null | op=WRITE_CHUNK {blockData=conID: 3 locID: 102654968059527845 bcsId: 0} | ret=SUCCESS |  
2019-08-21 12:28:23,858 | INFO  | DNAudit | user=null | ip=null | op=WRITE_CHUNK {blockData=conID: 3 locID: 102654968059527845 bcsId: 0} | ret=SUCCESS |  
2019-08-21 12:28:23,859 | INFO  | DNAudit | user=null | ip=null | op=WRITE_CHUNK {blockData=conID: 3 locID: 102654968059527845 bcsId: 0} | ret=SUCCESS |  
2019-08-21 12:28:23,863 | INFO  | DNAudit | user=null | ip=null | op=WRITE_CHUNK {blockData=conID: 3 locID: 102654968059527845 bcsId: 0} | ret=SUCCESS |  
2019-08-21 12:28:23,864 | INFO  | DNAudit | user=null | ip=null | op=PUT_BLOCK {blockData=[blockId=conID: 3 locID: 102654968059527845 bcsId: 0,size=1048576]} | ret=SUCCESS |  
2019-08-21 12:28:23,864 [grpc-default-executor-4] INFO  client.GrpcClientProtocolClient (GrpcClientProtocolClient.java:onNext(255)) - client-C954105195FD->270584e6-a4a8-4db5-8151-214655ce1a56: receive RaftClientReply:client-C954105195FD->270584e6-a4a8-4db5-8151-214655ce1a56@group-787F5BA3AA67, cid=3330, SUCCESS, logIndex=5027, commits[270584e6-a4a8-4db5-8151-214655ce1a56:c5028, af078b8b-61ec-497f-9506-472d46a72462:c5026, 09fb9ab4-1b8d-44c0-9f8c-50855c6f1fed:c5026]
2019-08-21 12:28:23,864 | INFO  | DNAudit | user=null | ip=null | op=WRITE_CHUNK {blockData=conID: 3 locID: 102654968059527845 bcsId: 0} | ret=SUCCESS |  
2019-08-21 12:28:23,865 | INFO  | DNAudit | user=null | ip=null | op=PUT_BLOCK {blockData=[blockId=conID: 3 locID: 102654968059527845 bcsId: 0,size=2097152]} | ret=SUCCESS |  
2019-08-21 12:28:23,865 [grpc-default-executor-4] INFO  client.GrpcClientProtocolClient (GrpcClientProtocolClient.java:onNext(255)) - client-C954105195FD->270584e6-a4a8-4db5-8151-214655ce1a56: receive RaftClientReply:client-C954105195FD->270584e6-a4a8-4db5-8151-214655ce1a56@group-787F5BA3AA67, cid=3331, SUCCESS, logIndex=5028, commits[270584e6-a4a8-4db5-8151-214655ce1a56:c5028, af078b8b-61ec-497f-9506-472d46a72462:c5026, 09fb9ab4-1b8d-44c0-9f8c-50855c6f1fed:c5026]
2019-08-21 12:28:23,865 [grpc-default-executor-4] INFO  client.GrpcClientProtocolClient (GrpcClientProtocolClient.java:onNext(255)) - client-C954105195FD->270584e6-a4a8-4db5-8151-214655ce1a56: receive RaftClientReply:client-C954105195FD->270584e6-a4a8-4db5-8151-214655ce1a56@group-787F5BA3AA67, cid=3332, SUCCESS, logIndex=5029, commits[270584e6-a4a8-4db5-8151-214655ce1a56:c5030, af078b8b-61ec-497f-9506-472d46a72462:c5026, 09fb9ab4-1b8d-44c0-9f8c-50855c6f1fed:c5026]
2019-08-21 12:28:23,865 [grpc-default-executor-4] INFO  client.GrpcClientProtocolClient (GrpcClientProtocolClient.java:onNext(255)) - client-C954105195FD->270584e6-a4a8-4db5-8151-214655ce1a56: receive RaftClientReply:client-C954105195FD->270584e6-a4a8-4db5-8151-214655ce1a56@group-787F5BA3AA67, cid=3333, SUCCESS, logIndex=5030, commits[270584e6-a4a8-4db5-8151-214655ce1a56:c5030, af078b8b-61ec-497f-9506-472d46a72462:c5026, 09fb9ab4-1b8d-44c0-9f8c-50855c6f1fed:c5026]
2019-08-21 12:28:23,866 | INFO  | DNAudit | user=null | ip=null | op=WRITE_CHUNK {blockData=conID: 3 locID: 102654968059527845 bcsId: 0} | ret=SUCCESS |  
2019-08-21 12:28:23,866 | INFO  | DNAudit | user=null | ip=null | op=PUT_BLOCK {blockData=[blockId=conID: 3 locID: 102654968059527845 bcsId: 0,size=1048576]} | ret=SUCCESS |  
2019-08-21 12:28:23,866 | INFO  | DNAudit | user=null | ip=null | op=WRITE_CHUNK {blockData=conID: 3 locID: 102654968059527845 bcsId: 0} | ret=SUCCESS |  
2019-08-21 12:28:23,866 | INFO  | DNAudit | user=null | ip=null | op=PUT_BLOCK {blockData=[blockId=conID: 3 locID: 102654968059527845 bcsId: 0,size=1048576]} | ret=SUCCESS |  
2019-08-21 12:28:23,866 [grpc-default-executor-4] INFO  client.GrpcClientProtocolClient (GrpcClientProtocolClient.java:onNext(255)) - client-C954105195FD->270584e6-a4a8-4db5-8151-214655ce1a56: receive RaftClientReply:client-C954105195FD->270584e6-a4a8-4db5-8151-214655ce1a56@group-787F5BA3AA67, cid=3334, SUCCESS, logIndex=0, commits[270584e6-a4a8-4db5-8151-214655ce1a56:c5032, af078b8b-61ec-497f-9506-472d46a72462:c5028, 09fb9ab4-1b8d-44c0-9f8c-50855c6f1fed:c5028]
2019-08-21 12:28:23,868 | INFO  | DNAudit | user=null | ip=null | op=WRITE_CHUNK {blockData=conID: 3 locID: 102654968059527845 bcsId: 0} | ret=SUCCESS |  
2019-08-21 12:28:23,868 | INFO  | DNAudit | user=null | ip=null | op=WRITE_CHUNK {blockData=conID: 3 locID: 102654968059527845 bcsId: 0} | ret=SUCCESS |  
2019-08-21 12:28:23,868 | INFO  | DNAudit | user=null | ip=null | op=PUT_BLOCK {blockData=[blockId=conID: 3 locID: 102654968059527845 bcsId: 0,size=2097152]} | ret=SUCCESS |  
2019-08-21 12:28:23,869 | INFO  | DNAudit | user=null | ip=null | op=PUT_BLOCK {blockData=[blockId=conID: 3 locID: 102654968059527845 bcsId: 0,size=2097152]} | ret=SUCCESS |  
2019-08-21 12:28:23,873 | INFO  | DNAudit | user=null | ip=null | op=WRITE_CHUNK {blockData=conID: 3 locID: 102654968059527845 bcsId: 5030} | ret=SUCCESS |  
2019-08-21 12:28:23,876 | INFO  | DNAudit | user=null | ip=null | op=WRITE_CHUNK {blockData=conID: 3 locID: 102654968059527845 bcsId: 5030} | ret=SUCCESS |  
2019-08-21 12:28:23,876 | INFO  | DNAudit | user=null | ip=null | op=WRITE_CHUNK {blockData=conID: 3 locID: 102654968059527845 bcsId: 5030} | ret=SUCCESS |  
2019-08-21 12:28:23,887 | INFO  | DNAudit | user=null | ip=null | op=WRITE_CHUNK {blockData=conID: 3 locID: 102654968059527845 bcsId: 5030} | ret=SUCCESS |  
2019-08-21 12:28:23,887 | INFO  | DNAudit | user=null | ip=null | op=PUT_BLOCK {blockData=[blockId=conID: 3 locID: 102654968059527845 bcsId: 0,size=3145728]} | ret=SUCCESS |  
2019-08-21 12:28:23,888 [grpc-default-executor-5] INFO  client.GrpcClientProtocolClient (GrpcClientProtocolClient.java:onNext(255)) - client-C954105195FD->270584e6-a4a8-4db5-8151-214655ce1a56: receive RaftClientReply:client-C954105195FD->270584e6-a4a8-4db5-8151-214655ce1a56@group-787F5BA3AA67, cid=3335, SUCCESS, logIndex=5035, commits[270584e6-a4a8-4db5-8151-214655ce1a56:c5036, af078b8b-61ec-497f-9506-472d46a72462:c5034, 09fb9ab4-1b8d-44c0-9f8c-50855c6f1fed:c5034]
2019-08-21 12:28:23,888 [grpc-default-executor-5] INFO  client.GrpcClientProtocolClient (GrpcClientProtocolClient.java:onNext(255)) - client-C954105195FD->270584e6-a4a8-4db5-8151-214655ce1a56: receive RaftClientReply:client-C954105195FD->270584e6-a4a8-4db5-8151-214655ce1a56@group-787F5BA3AA67, cid=3336, SUCCESS, logIndex=5036, commits[270584e6-a4a8-4db5-8151-214655ce1a56:c5036, af078b8b-61ec-497f-9506-472d46a72462:c5034, 09fb9ab4-1b8d-44c0-9f8c-50855c6f1fed:c5034]
2019-08-21 12:28:23,889 | INFO  | DNAudit | user=null | ip=null | op=WRITE_CHUNK {blockData=conID: 3 locID: 102654968059527845 bcsId: 5030} | ret=SUCCESS |  
2019-08-21 12:28:23,889 | INFO  | DNAudit | user=null | ip=null | op=WRITE_CHUNK {blockData=conID: 3 locID: 102654968059527845 bcsId: 5030} | ret=SUCCESS |  
2019-08-21 12:28:23,889 | INFO  | DNAudit | user=null | ip=null | op=PUT_BLOCK {blockData=[blockId=conID: 3 locID: 102654968059527845 bcsId: 0,size=3145728]} | ret=SUCCESS |  
2019-08-21 12:28:23,889 | INFO  | DNAudit | user=null | ip=null | op=PUT_BLOCK {blockData=[blockId=conID: 3 locID: 102654968059527845 bcsId: 0,size=3145728]} | ret=SUCCESS |  
2019-08-21 12:28:23,894 | INFO  | DNAudit | user=null | ip=null | op=WRITE_CHUNK {blockData=conID: 3 locID: 102654968059527845 bcsId: 5036} | ret=SUCCESS |  
2019-08-21 12:28:23,897 | INFO  | DNAudit | user=null | ip=null | op=WRITE_CHUNK {blockData=conID: 3 locID: 102654968059527845 bcsId: 5036} | ret=SUCCESS |  
2019-08-21 12:28:23,897 | INFO  | DNAudit | user=null | ip=null | op=WRITE_CHUNK {blockData=conID: 3 locID: 102654968059527845 bcsId: 5036} | ret=SUCCESS |  
2019-08-21 12:28:23,913 | INFO  | DNAudit | user=null | ip=null | op=WRITE_CHUNK {blockData=conID: 3 locID: 102654968059527845 bcsId: 5036} | ret=SUCCESS |  
2019-08-21 12:28:23,914 | INFO  | DNAudit | user=null | ip=null | op=PUT_BLOCK {blockData=[blockId=conID: 3 locID: 102654968059527845 bcsId: 0,size=4194304]} | ret=SUCCESS |  
2019-08-21 12:28:23,914 [grpc-default-executor-5] INFO  client.GrpcClientProtocolClient (GrpcClientProtocolClient.java:onNext(255)) - client-C954105195FD->270584e6-a4a8-4db5-8151-214655ce1a56: receive RaftClientReply:client-C954105195FD->270584e6-a4a8-4db5-8151-214655ce1a56@group-787F5BA3AA67, cid=3337, SUCCESS, logIndex=5039, commits[270584e6-a4a8-4db5-8151-214655ce1a56:c5040, af078b8b-61ec-497f-9506-472d46a72462:c5038, 09fb9ab4-1b8d-44c0-9f8c-50855c6f1fed:c5038]
2019-08-21 12:28:23,914 [grpc-default-executor-5] INFO  client.GrpcClientProtocolClient (GrpcClientProtocolClient.java:onNext(255)) - client-C954105195FD->270584e6-a4a8-4db5-8151-214655ce1a56: receive RaftClientReply:client-C954105195FD->270584e6-a4a8-4db5-8151-214655ce1a56@group-787F5BA3AA67, cid=3338, SUCCESS, logIndex=5040, commits[270584e6-a4a8-4db5-8151-214655ce1a56:c5040, af078b8b-61ec-497f-9506-472d46a72462:c5038, 09fb9ab4-1b8d-44c0-9f8c-50855c6f1fed:c5038]
2019-08-21 12:28:23,923 | INFO  | DNAudit | user=null | ip=null | op=WRITE_CHUNK {blockData=conID: 3 locID: 102654968059527845 bcsId: 5036} | ret=SUCCESS |  
2019-08-21 12:28:23,923 | INFO  | DNAudit | user=null | ip=null | op=WRITE_CHUNK {blockData=conID: 3 locID: 102654968059527845 bcsId: 5036} | ret=SUCCESS |  
2019-08-21 12:28:23,923 | INFO  | DNAudit | user=null | ip=null | op=PUT_BLOCK {blockData=[blockId=conID: 3 locID: 102654968059527845 bcsId: 0,size=4194304]} | ret=SUCCESS |  
2019-08-21 12:28:23,923 | INFO  | DNAudit | user=null | ip=null | op=PUT_BLOCK {blockData=[blockId=conID: 3 locID: 102654968059527845 bcsId: 0,size=4194304]} | ret=SUCCESS |  
2019-08-21 12:28:23,923 [grpc-default-executor-5] INFO  client.GrpcClientProtocolClient (GrpcClientProtocolClient.java:onNext(255)) - client-C954105195FD->270584e6-a4a8-4db5-8151-214655ce1a56: receive RaftClientReply:client-C954105195FD->270584e6-a4a8-4db5-8151-214655ce1a56@group-787F5BA3AA67, cid=3339, SUCCESS, logIndex=0, commits[270584e6-a4a8-4db5-8151-214655ce1a56:c5041, af078b8b-61ec-497f-9506-472d46a72462:c5040, 09fb9ab4-1b8d-44c0-9f8c-50855c6f1fed:c5040]
2019-08-21 12:28:23,929 | INFO  | SCMAudit | user=jenkins1000 | ip=192.168.34.23 | op=ALLOCATE_BLOCK {owner=b79f83c9-5f7d-4caf-af30-78af34bc5eea, size=4194304, type=RATIS, factor=THREE} | ret=SUCCESS |  
2019-08-21 12:28:23,932 | INFO  | OMAudit | user=jenkins1000 | ip=127.0.0.1 | op=ALLOCATE_BLOCK {volume=vol-0-06517, bucket=bucket-0-64549, key=key-0-34512, dataSize=0, replicationType=null, replicationFactor=null, keyLocationInfo=null, clientID=102654965997830546} | ret=SUCCESS |  
2019-08-21 12:28:23,938 | INFO  | DNAudit | user=null | ip=null | op=WRITE_CHUNK {blockData=conID: 1 locID: 102654968065426086 bcsId: 0} | ret=SUCCESS |  
2019-08-21 12:28:23,941 | INFO  | DNAudit | user=null | ip=null | op=WRITE_CHUNK {blockData=conID: 1 locID: 102654968065426086 bcsId: 0} | ret=SUCCESS |  
2019-08-21 12:28:23,942 | INFO  | DNAudit | user=null | ip=null | op=WRITE_CHUNK {blockData=conID: 1 locID: 102654968065426086 bcsId: 0} | ret=SUCCESS |  
2019-08-21 12:28:23,942 | INFO  | DNAudit | user=null | ip=null | op=WRITE_CHUNK {blockData=conID: 1 locID: 102654968065426086 bcsId: 0} | ret=SUCCESS |  
2019-08-21 12:28:23,944 | INFO  | DNAudit | user=null | ip=null | op=WRITE_CHUNK {blockData=conID: 1 locID: 102654968065426086 bcsId: 0} | ret=SUCCESS |  
2019-08-21 12:28:23,944 | INFO  | DNAudit | user=null | ip=null | op=WRITE_CHUNK {blockData=conID: 1 locID: 102654968065426086 bcsId: 0} | ret=SUCCESS |  
2019-08-21 12:28:23,952 | INFO  | DNAudit | user=null | ip=null | op=WRITE_CHUNK {blockData=conID: 1 locID: 102654968065426086 bcsId: 0} | ret=SUCCESS |  
2019-08-21 12:28:23,953 | INFO  | DNAudit | user=null | ip=null | op=PUT_BLOCK {blockData=[blockId=conID: 1 locID: 102654968065426086 bcsId: 0,size=1048576]} | ret=SUCCESS |  
2019-08-21 12:28:23,953 | INFO  | DNAudit | user=null | ip=null | op=WRITE_CHUNK {blockData=conID: 1 locID: 102654968065426086 bcsId: 0} | ret=SUCCESS |  
2019-08-21 12:28:23,953 [grpc-default-executor-2] INFO  client.GrpcClientProtocolClient (GrpcClientProtocolClient.java:onNext(255)) - client-C954105195FD->270584e6-a4a8-4db5-8151-214655ce1a56: receive RaftClientReply:client-C954105195FD->270584e6-a4a8-4db5-8151-214655ce1a56@group-787F5BA3AA67, cid=3340, SUCCESS, logIndex=5043, commits[270584e6-a4a8-4db5-8151-214655ce1a56:c5044, af078b8b-61ec-497f-9506-472d46a72462:c5042, 09fb9ab4-1b8d-44c0-9f8c-50855c6f1fed:c5042]
2019-08-21 12:28:23,953 | INFO  | DNAudit | user=null | ip=null | op=PUT_BLOCK {blockData=[blockId=conID: 1 locID: 102654968065426086 bcsId: 0,size=2097152]} | ret=SUCCESS |  
2019-08-21 12:28:23,954 [grpc-default-executor-2] INFO  client.GrpcClientProtocolClient (GrpcClientProtocolClient.java:onNext(255)) - client-C954105195FD->270584e6-a4a8-4db5-8151-214655ce1a56: receive RaftClientReply:client-C954105195FD->270584e6-a4a8-4db5-8151-214655ce1a56@group-787F5BA3AA67, cid=3341, SUCCESS, logIndex=5044, commits[270584e6-a4a8-4db5-8151-214655ce1a56:c5046, af078b8b-61ec-497f-9506-472d46a72462:c5042, 09fb9ab4-1b8d-44c0-9f8c-50855c6f1fed:c5042]
2019-08-21 12:28:23,954 [grpc-default-executor-2] INFO  client.GrpcClientProtocolClient (GrpcClientProtocolClient.java:onNext(255)) - client-C954105195FD->270584e6-a4a8-4db5-8151-214655ce1a56: receive RaftClientReply:client-C954105195FD->270584e6-a4a8-4db5-8151-214655ce1a56@group-787F5BA3AA67, cid=3342, SUCCESS, logIndex=5045, commits[270584e6-a4a8-4db5-8151-214655ce1a56:c5046, af078b8b-61ec-497f-9506-472d46a72462:c5042, 09fb9ab4-1b8d-44c0-9f8c-50855c6f1fed:c5042]
2019-08-21 12:28:23,954 [grpc-default-executor-2] INFO  client.GrpcClientProtocolClient (GrpcClientProtocolClient.java:onNext(255)) - client-C954105195FD->270584e6-a4a8-4db5-8151-214655ce1a56: receive RaftClientReply:client-C954105195FD->270584e6-a4a8-4db5-8151-214655ce1a56@group-787F5BA3AA67, cid=3343, SUCCESS, logIndex=5046, commits[270584e6-a4a8-4db5-8151-214655ce1a56:c5046, af078b8b-61ec-497f-9506-472d46a72462:c5042, 09fb9ab4-1b8d-44c0-9f8c-50855c6f1fed:c5042]
2019-08-21 12:28:23,954 | INFO  | DNAudit | user=null | ip=null | op=WRITE_CHUNK {blockData=conID: 1 locID: 102654968065426086 bcsId: 0} | ret=SUCCESS |  
2019-08-21 12:28:23,955 | INFO  | DNAudit | user=null | ip=null | op=WRITE_CHUNK {blockData=conID: 1 locID: 102654968065426086 bcsId: 0} | ret=SUCCESS |  
2019-08-21 12:28:23,965 | INFO  | DNAudit | user=null | ip=null | op=PUT_BLOCK {blockData=[blockId=conID: 1 locID: 102654968065426086 bcsId: 0,size=1048576]} | ret=SUCCESS |  
2019-08-21 12:28:23,966 | INFO  | DNAudit | user=null | ip=null | op=PUT_BLOCK {blockData=[blockId=conID: 1 locID: 102654968065426086 bcsId: 0,size=1048576]} | ret=SUCCESS |  
2019-08-21 12:28:23,966 | INFO  | DNAudit | user=null | ip=null | op=WRITE_CHUNK {blockData=conID: 1 locID: 102654968065426086 bcsId: 0} | ret=SUCCESS |  
2019-08-21 12:28:23,966 | INFO  | DNAudit | user=null | ip=null | op=WRITE_CHUNK {blockData=conID: 1 locID: 102654968065426086 bcsId: 0} | ret=SUCCESS |  
2019-08-21 12:28:23,966 | INFO  | DNAudit | user=null | ip=null | op=PUT_BLOCK {blockData=[blockId=conID: 1 locID: 102654968065426086 bcsId: 0,size=2097152]} | ret=SUCCESS |  
2019-08-21 12:28:23,966 | INFO  | DNAudit | user=null | ip=null | op=PUT_BLOCK {blockData=[blockId=conID: 1 locID: 102654968065426086 bcsId: 0,size=2097152]} | ret=SUCCESS |  
2019-08-21 12:28:23,966 [grpc-default-executor-5] INFO  client.GrpcClientProtocolClient (GrpcClientProtocolClient.java:onNext(255)) - client-C954105195FD->270584e6-a4a8-4db5-8151-214655ce1a56: receive RaftClientReply:client-C954105195FD->270584e6-a4a8-4db5-8151-214655ce1a56@group-787F5BA3AA67, cid=3344, SUCCESS, logIndex=0, commits[270584e6-a4a8-4db5-8151-214655ce1a56:c5048, af078b8b-61ec-497f-9506-472d46a72462:c5044, 09fb9ab4-1b8d-44c0-9f8c-50855c6f1fed:c5044]
2019-08-21 12:28:23,972 | INFO  | DNAudit | user=null | ip=null | op=WRITE_CHUNK {blockData=conID: 1 locID: 102654968065426086 bcsId: 5046} | ret=SUCCESS |  
2019-08-21 12:28:23,974 | INFO  | DNAudit | user=null | ip=null | op=WRITE_CHUNK {blockData=conID: 1 locID: 102654968065426086 bcsId: 5046} | ret=SUCCESS |  
2019-08-21 12:28:23,975 | INFO  | DNAudit | user=null | ip=null | op=WRITE_CHUNK {blockData=conID: 1 locID: 102654968065426086 bcsId: 5046} | ret=SUCCESS |  
2019-08-21 12:28:23,985 | INFO  | DNAudit | user=null | ip=null | op=WRITE_CHUNK {blockData=conID: 1 locID: 102654968065426086 bcsId: 5046} | ret=SUCCESS |  
2019-08-21 12:28:23,985 | INFO  | DNAudit | user=null | ip=null | op=PUT_BLOCK {blockData=[blockId=conID: 1 locID: 102654968065426086 bcsId: 0,size=3145728]} | ret=SUCCESS |  
2019-08-21 12:28:23,985 [grpc-default-executor-4] INFO  client.GrpcClientProtocolClient (GrpcClientProtocolClient.java:onNext(255)) - client-C954105195FD->270584e6-a4a8-4db5-8151-214655ce1a56: receive RaftClientReply:client-C954105195FD->270584e6-a4a8-4db5-8151-214655ce1a56@group-787F5BA3AA67, cid=3345, SUCCESS, logIndex=5051, commits[270584e6-a4a8-4db5-8151-214655ce1a56:c5052, af078b8b-61ec-497f-9506-472d46a72462:c5050, 09fb9ab4-1b8d-44c0-9f8c-50855c6f1fed:c5050]
2019-08-21 12:28:23,986 [grpc-default-executor-4] INFO  client.GrpcClientProtocolClient (GrpcClientProtocolClient.java:onNext(255)) - client-C954105195FD->270584e6-a4a8-4db5-8151-214655ce1a56: receive RaftClientReply:client-C954105195FD->270584e6-a4a8-4db5-8151-214655ce1a56@group-787F5BA3AA67, cid=3346, SUCCESS, logIndex=5052, commits[270584e6-a4a8-4db5-8151-214655ce1a56:c5052, af078b8b-61ec-497f-9506-472d46a72462:c5050, 09fb9ab4-1b8d-44c0-9f8c-50855c6f1fed:c5050]
2019-08-21 12:28:23,991 | INFO  | DNAudit | user=null | ip=null | op=WRITE_CHUNK {blockData=conID: 1 locID: 102654968065426086 bcsId: 5052} | ret=SUCCESS |  
2019-08-21 12:28:23,994 | INFO  | DNAudit | user=null | ip=null | op=WRITE_CHUNK {blockData=conID: 1 locID: 102654968065426086 bcsId: 5052} | ret=SUCCESS |  
2019-08-21 12:28:23,994 | INFO  | DNAudit | user=null | ip=null | op=WRITE_CHUNK {blockData=conID: 1 locID: 102654968065426086 bcsId: 5052} | ret=SUCCESS |  
2019-08-21 12:28:23,997 | INFO  | DNAudit | user=null | ip=null | op=WRITE_CHUNK {blockData=conID: 1 locID: 102654968065426086 bcsId: 5046} | ret=SUCCESS |  
2019-08-21 12:28:23,997 | INFO  | DNAudit | user=null | ip=null | op=WRITE_CHUNK {blockData=conID: 1 locID: 102654968065426086 bcsId: 5046} | ret=SUCCESS |  
2019-08-21 12:28:23,999 | INFO  | DNAudit | user=null | ip=null | op=PUT_BLOCK {blockData=[blockId=conID: 1 locID: 102654968065426086 bcsId: 0,size=3145728]} | ret=SUCCESS |  
2019-08-21 12:28:23,999 | INFO  | DNAudit | user=null | ip=null | op=PUT_BLOCK {blockData=[blockId=conID: 1 locID: 102654968065426086 bcsId: 0,size=3145728]} | ret=SUCCESS |  
2019-08-21 12:28:23,999 | INFO  | DNAudit | user=null | ip=null | op=WRITE_CHUNK {blockData=conID: 1 locID: 102654968065426086 bcsId: 5052} | ret=SUCCESS |  
2019-08-21 12:28:23,999 | INFO  | DNAudit | user=null | ip=null | op=PUT_BLOCK {blockData=[blockId=conID: 1 locID: 102654968065426086 bcsId: 0,size=4194304]} | ret=SUCCESS |  
2019-08-21 12:28:24,000 [grpc-default-executor-2] INFO  client.GrpcClientProtocolClient (GrpcClientProtocolClient.java:onNext(255)) - client-C954105195FD->270584e6-a4a8-4db5-8151-214655ce1a56: receive RaftClientReply:client-C954105195FD->270584e6-a4a8-4db5-8151-214655ce1a56@group-787F5BA3AA67, cid=3347, SUCCESS, logIndex=5055, commits[270584e6-a4a8-4db5-8151-214655ce1a56:c5056, af078b8b-61ec-497f-9506-472d46a72462:c5052, 09fb9ab4-1b8d-44c0-9f8c-50855c6f1fed:c5052]
2019-08-21 12:28:24,000 [grpc-default-executor-2] INFO  client.GrpcClientProtocolClient (GrpcClientProtocolClient.java:onNext(255)) - client-C954105195FD->270584e6-a4a8-4db5-8151-214655ce1a56: receive RaftClientReply:client-C954105195FD->270584e6-a4a8-4db5-8151-214655ce1a56@group-787F5BA3AA67, cid=3348, SUCCESS, logIndex=5056, commits[270584e6-a4a8-4db5-8151-214655ce1a56:c5056, af078b8b-61ec-497f-9506-472d46a72462:c5052, 09fb9ab4-1b8d-44c0-9f8c-50855c6f1fed:c5052]
2019-08-21 12:28:24,011 | INFO  | DNAudit | user=null | ip=null | op=WRITE_CHUNK {blockData=conID: 1 locID: 102654968065426086 bcsId: 5052} | ret=SUCCESS |  
2019-08-21 12:28:24,011 | INFO  | DNAudit | user=null | ip=null | op=WRITE_CHUNK {blockData=conID: 1 locID: 102654968065426086 bcsId: 5052} | ret=SUCCESS |  
2019-08-21 12:28:24,013 | INFO  | DNAudit | user=null | ip=null | op=PUT_BLOCK {blockData=[blockId=conID: 1 locID: 102654968065426086 bcsId: 0,size=4194304]} | ret=SUCCESS |  
2019-08-21 12:28:24,013 | INFO  | DNAudit | user=null | ip=null | op=PUT_BLOCK {blockData=[blockId=conID: 1 locID: 102654968065426086 bcsId: 0,size=4194304]} | ret=SUCCESS |  
2019-08-21 12:28:24,013 [grpc-default-executor-4] INFO  client.GrpcClientProtocolClient (GrpcClientProtocolClient.java:onNext(255)) - client-C954105195FD->270584e6-a4a8-4db5-8151-214655ce1a56: receive RaftClientReply:client-C954105195FD->270584e6-a4a8-4db5-8151-214655ce1a56@group-787F5BA3AA67, cid=3349, SUCCESS, logIndex=0, commits[270584e6-a4a8-4db5-8151-214655ce1a56:c5057, af078b8b-61ec-497f-9506-472d46a72462:c5056, 09fb9ab4-1b8d-44c0-9f8c-50855c6f1fed:c5056]
2019-08-21 12:28:24,020 | INFO  | SCMAudit | user=jenkins1000 | ip=192.168.34.23 | op=ALLOCATE_BLOCK {owner=b79f83c9-5f7d-4caf-af30-78af34bc5eea, size=4194304, type=RATIS, factor=THREE} | ret=SUCCESS |  
2019-08-21 12:28:24,023 | INFO  | OMAudit | user=jenkins1000 | ip=127.0.0.1 | op=ALLOCATE_BLOCK {volume=vol-0-06517, bucket=bucket-0-64549, key=key-0-34512, dataSize=0, replicationType=null, replicationFactor=null, keyLocationInfo=null, clientID=102654965997830546} | ret=SUCCESS |  
2019-08-21 12:28:24,029 | INFO  | DNAudit | user=null | ip=null | op=WRITE_CHUNK {blockData=conID: 2 locID: 102654968071455399 bcsId: 0} | ret=SUCCESS |  
2019-08-21 12:28:24,032 | INFO  | DNAudit | user=null | ip=null | op=WRITE_CHUNK {blockData=conID: 2 locID: 102654968071455399 bcsId: 0} | ret=SUCCESS |  
2019-08-21 12:28:24,032 | INFO  | DNAudit | user=null | ip=null | op=WRITE_CHUNK {blockData=conID: 2 locID: 102654968071455399 bcsId: 0} | ret=SUCCESS |  
2019-08-21 12:28:24,032 | INFO  | DNAudit | user=null | ip=null | op=WRITE_CHUNK {blockData=conID: 2 locID: 102654968071455399 bcsId: 0} | ret=SUCCESS |  
2019-08-21 12:28:24,033 | INFO  | DNAudit | user=null | ip=null | op=WRITE_CHUNK {blockData=conID: 2 locID: 102654968071455399 bcsId: 0} | ret=SUCCESS |  
2019-08-21 12:28:24,033 | INFO  | DNAudit | user=null | ip=null | op=WRITE_CHUNK {blockData=conID: 2 locID: 102654968071455399 bcsId: 0} | ret=SUCCESS |  
2019-08-21 12:28:24,043 | INFO  | DNAudit | user=null | ip=null | op=WRITE_CHUNK {blockData=conID: 2 locID: 102654968071455399 bcsId: 0} | ret=SUCCESS |  
2019-08-21 12:28:24,043 | INFO  | DNAudit | user=null | ip=null | op=PUT_BLOCK {blockData=[blockId=conID: 2 locID: 102654968071455399 bcsId: 0,size=1048576]} | ret=SUCCESS |  
2019-08-21 12:28:24,044 [grpc-default-executor-5] INFO  client.GrpcClientProtocolClient (GrpcClientProtocolClient.java:onNext(255)) - client-C954105195FD->270584e6-a4a8-4db5-8151-214655ce1a56: receive RaftClientReply:client-C954105195FD->270584e6-a4a8-4db5-8151-214655ce1a56@group-787F5BA3AA67, cid=3350, SUCCESS, logIndex=5059, commits[270584e6-a4a8-4db5-8151-214655ce1a56:c5060, af078b8b-61ec-497f-9506-472d46a72462:c5058, 09fb9ab4-1b8d-44c0-9f8c-50855c6f1fed:c5058]
2019-08-21 12:28:24,044 [grpc-default-executor-5] INFO  client.GrpcClientProtocolClient (GrpcClientProtocolClient.java:onNext(255)) - client-C954105195FD->270584e6-a4a8-4db5-8151-214655ce1a56: receive RaftClientReply:client-C954105195FD->270584e6-a4a8-4db5-8151-214655ce1a56@group-787F5BA3AA67, cid=3351, SUCCESS, logIndex=5060, commits[270584e6-a4a8-4db5-8151-214655ce1a56:c5060, af078b8b-61ec-497f-9506-472d46a72462:c5058, 09fb9ab4-1b8d-44c0-9f8c-50855c6f1fed:c5058]
2019-08-21 12:28:24,053 | INFO  | DNAudit | user=null | ip=null | op=WRITE_CHUNK {blockData=conID: 2 locID: 102654968071455399 bcsId: 0} | ret=SUCCESS |  
2019-08-21 12:28:24,053 | INFO  | DNAudit | user=null | ip=null | op=PUT_BLOCK {blockData=[blockId=conID: 2 locID: 102654968071455399 bcsId: 0,size=2097152]} | ret=SUCCESS |  
2019-08-21 12:28:24,053 | INFO  | DNAudit | user=null | ip=null | op=WRITE_CHUNK {blockData=conID: 2 locID: 102654968071455399 bcsId: 0} | ret=SUCCESS |  
2019-08-21 12:28:24,053 [grpc-default-executor-5] INFO  client.GrpcClientProtocolClient (GrpcClientProtocolClient.java:onNext(255)) - client-C954105195FD->270584e6-a4a8-4db5-8151-214655ce1a56: receive RaftClientReply:client-C954105195FD->270584e6-a4a8-4db5-8151-214655ce1a56@group-787F5BA3AA67, cid=3352, SUCCESS, logIndex=5061, commits[270584e6-a4a8-4db5-8151-214655ce1a56:c5062, af078b8b-61ec-497f-9506-472d46a72462:c5058, 09fb9ab4-1b8d-44c0-9f8c-50855c6f1fed:c5058]
2019-08-21 12:28:24,053 | INFO  | DNAudit | user=null | ip=null | op=WRITE_CHUNK {blockData=conID: 2 locID: 102654968071455399 bcsId: 0} | ret=SUCCESS |  
2019-08-21 12:28:24,053 | INFO  | DNAudit | user=null | ip=null | op=PUT_BLOCK {blockData=[blockId=conID: 2 locID: 102654968071455399 bcsId: 0,size=1048576]} | ret=SUCCESS |  
2019-08-21 12:28:24,054 | INFO  | DNAudit | user=null | ip=null | op=PUT_BLOCK {blockData=[blockId=conID: 2 locID: 102654968071455399 bcsId: 0,size=1048576]} | ret=SUCCESS |  
2019-08-21 12:28:24,054 [grpc-default-executor-5] INFO  client.GrpcClientProtocolClient (GrpcClientProtocolClient.java:onNext(255)) - client-C954105195FD->270584e6-a4a8-4db5-8151-214655ce1a56: receive RaftClientReply:client-C954105195FD->270584e6-a4a8-4db5-8151-214655ce1a56@group-787F5BA3AA67, cid=3353, SUCCESS, logIndex=5062, commits[270584e6-a4a8-4db5-8151-214655ce1a56:c5062, af078b8b-61ec-497f-9506-472d46a72462:c5058, 09fb9ab4-1b8d-44c0-9f8c-50855c6f1fed:c5058]
2019-08-21 12:28:24,054 [grpc-default-executor-5] INFO  client.GrpcClientProtocolClient (GrpcClientProtocolClient.java:onNext(255)) - client-C954105195FD->270584e6-a4a8-4db5-8151-214655ce1a56: receive RaftClientReply:client-C954105195FD->270584e6-a4a8-4db5-8151-214655ce1a56@group-787F5BA3AA67, cid=3354, SUCCESS, logIndex=0, commits[270584e6-a4a8-4db5-8151-214655ce1a56:c5063, af078b8b-61ec-497f-9506-472d46a72462:c5060, 09fb9ab4-1b8d-44c0-9f8c-50855c6f1fed:c5060]
2019-08-21 12:28:24,060 | INFO  | DNAudit | user=null | ip=null | op=WRITE_CHUNK {blockData=conID: 2 locID: 102654968071455399 bcsId: 5062} | ret=SUCCESS |  
2019-08-21 12:28:24,062 | INFO  | DNAudit | user=null | ip=null | op=WRITE_CHUNK {blockData=conID: 2 locID: 102654968071455399 bcsId: 5062} | ret=SUCCESS |  
2019-08-21 12:28:24,062 | INFO  | DNAudit | user=null | ip=null | op=WRITE_CHUNK {blockData=conID: 2 locID: 102654968071455399 bcsId: 5062} | ret=SUCCESS |  
2019-08-21 12:28:24,073 | INFO  | DNAudit | user=null | ip=null | op=WRITE_CHUNK {blockData=conID: 2 locID: 102654968071455399 bcsId: 0} | ret=SUCCESS |  
2019-08-21 12:28:24,073 | INFO  | DNAudit | user=null | ip=null | op=WRITE_CHUNK {blockData=conID: 2 locID: 102654968071455399 bcsId: 0} | ret=SUCCESS |  
2019-08-21 12:28:24,073 | INFO  | DNAudit | user=null | ip=null | op=PUT_BLOCK {blockData=[blockId=conID: 2 locID: 102654968071455399 bcsId: 0,size=2097152]} | ret=SUCCESS |  
2019-08-21 12:28:24,074 | INFO  | DNAudit | user=null | ip=null | op=WRITE_CHUNK {blockData=conID: 2 locID: 102654968071455399 bcsId: 5062} | ret=SUCCESS |  
2019-08-21 12:28:24,074 | INFO  | DNAudit | user=null | ip=null | op=PUT_BLOCK {blockData=[blockId=conID: 2 locID: 102654968071455399 bcsId: 0,size=2097152]} | ret=SUCCESS |  
2019-08-21 12:28:24,074 | INFO  | DNAudit | user=null | ip=null | op=PUT_BLOCK {blockData=[blockId=conID: 2 locID: 102654968071455399 bcsId: 0,size=3145728]} | ret=SUCCESS |  
2019-08-21 12:28:24,074 [grpc-default-executor-5] INFO  client.GrpcClientProtocolClient (GrpcClientProtocolClient.java:onNext(255)) - client-C954105195FD->270584e6-a4a8-4db5-8151-214655ce1a56: receive RaftClientReply:client-C954105195FD->270584e6-a4a8-4db5-8151-214655ce1a56@group-787F5BA3AA67, cid=3355, SUCCESS, logIndex=5067, commits[270584e6-a4a8-4db5-8151-214655ce1a56:c5068, af078b8b-61ec-497f-9506-472d46a72462:c5066, 09fb9ab4-1b8d-44c0-9f8c-50855c6f1fed:c5066]
2019-08-21 12:28:24,074 [grpc-default-executor-5] INFO  client.GrpcClientProtocolClient (GrpcClientProtocolClient.java:onNext(255)) - client-C954105195FD->270584e6-a4a8-4db5-8151-214655ce1a56: receive RaftClientReply:client-C954105195FD->270584e6-a4a8-4db5-8151-214655ce1a56@group-787F5BA3AA67, cid=3356, SUCCESS, logIndex=5068, commits[270584e6-a4a8-4db5-8151-214655ce1a56:c5068, af078b8b-61ec-497f-9506-472d46a72462:c5066, 09fb9ab4-1b8d-44c0-9f8c-50855c6f1fed:c5066]
2019-08-21 12:28:24,080 | INFO  | DNAudit | user=null | ip=null | op=WRITE_CHUNK {blockData=conID: 2 locID: 102654968071455399 bcsId: 5068} | ret=SUCCESS |  
2019-08-21 12:28:24,082 | INFO  | DNAudit | user=null | ip=null | op=WRITE_CHUNK {blockData=conID: 2 locID: 102654968071455399 bcsId: 5068} | ret=SUCCESS |  
2019-08-21 12:28:24,082 | INFO  | DNAudit | user=null | ip=null | op=WRITE_CHUNK {blockData=conID: 2 locID: 102654968071455399 bcsId: 5068} | ret=SUCCESS |  
2019-08-21 12:28:24,087 | INFO  | DNAudit | user=null | ip=null | op=WRITE_CHUNK {blockData=conID: 2 locID: 102654968071455399 bcsId: 5062} | ret=SUCCESS |  
2019-08-21 12:28:24,087 | INFO  | DNAudit | user=null | ip=null | op=WRITE_CHUNK {blockData=conID: 2 locID: 102654968071455399 bcsId: 5062} | ret=SUCCESS |  
2019-08-21 12:28:24,099 | INFO  | DNAudit | user=null | ip=null | op=PUT_BLOCK {blockData=[blockId=conID: 2 locID: 102654968071455399 bcsId: 0,size=3145728]} | ret=SUCCESS |  
2019-08-21 12:28:24,099 | INFO  | DNAudit | user=null | ip=null | op=PUT_BLOCK {blockData=[blockId=conID: 2 locID: 102654968071455399 bcsId: 0,size=3145728]} | ret=SUCCESS |  
2019-08-21 12:28:24,099 | INFO  | DNAudit | user=null | ip=null | op=WRITE_CHUNK {blockData=conID: 2 locID: 102654968071455399 bcsId: 5068} | ret=SUCCESS |  
2019-08-21 12:28:24,099 | INFO  | DNAudit | user=null | ip=null | op=PUT_BLOCK {blockData=[blockId=conID: 2 locID: 102654968071455399 bcsId: 0,size=4194304]} | ret=SUCCESS |  
2019-08-21 12:28:24,100 [grpc-default-executor-2] INFO  client.GrpcClientProtocolClient (GrpcClientProtocolClient.java:onNext(255)) - client-C954105195FD->270584e6-a4a8-4db5-8151-214655ce1a56: receive RaftClientReply:client-C954105195FD->270584e6-a4a8-4db5-8151-214655ce1a56@group-787F5BA3AA67, cid=3357, SUCCESS, logIndex=5071, commits[270584e6-a4a8-4db5-8151-214655ce1a56:c5072, af078b8b-61ec-497f-9506-472d46a72462:c5068, 09fb9ab4-1b8d-44c0-9f8c-50855c6f1fed:c5068]
2019-08-21 12:28:24,100 [grpc-default-executor-2] INFO  client.GrpcClientProtocolClient (GrpcClientProtocolClient.java:onNext(255)) - client-C954105195FD->270584e6-a4a8-4db5-8151-214655ce1a56: receive RaftClientReply:client-C954105195FD->270584e6-a4a8-4db5-8151-214655ce1a56@group-787F5BA3AA67, cid=3358, SUCCESS, logIndex=5072, commits[270584e6-a4a8-4db5-8151-214655ce1a56:c5072, af078b8b-61ec-497f-9506-472d46a72462:c5068, 09fb9ab4-1b8d-44c0-9f8c-50855c6f1fed:c5068]
2019-08-21 12:28:24,101 | INFO  | DNAudit | user=null | ip=null | op=WRITE_CHUNK {blockData=conID: 2 locID: 102654968071455399 bcsId: 5068} | ret=SUCCESS |  
2019-08-21 12:28:24,101 | INFO  | DNAudit | user=null | ip=null | op=WRITE_CHUNK {blockData=conID: 2 locID: 102654968071455399 bcsId: 5068} | ret=SUCCESS |  
2019-08-21 12:28:24,104 | INFO  | DNAudit | user=null | ip=null | op=PUT_BLOCK {blockData=[blockId=conID: 2 locID: 102654968071455399 bcsId: 0,size=4194304]} | ret=SUCCESS |  
2019-08-21 12:28:24,104 | INFO  | DNAudit | user=null | ip=null | op=PUT_BLOCK {blockData=[blockId=conID: 2 locID: 102654968071455399 bcsId: 0,size=4194304]} | ret=SUCCESS |  
2019-08-21 12:28:24,105 [grpc-default-executor-4] INFO  client.GrpcClientProtocolClient (GrpcClientProtocolClient.java:onNext(255)) - client-C954105195FD->270584e6-a4a8-4db5-8151-214655ce1a56: receive RaftClientReply:client-C954105195FD->270584e6-a4a8-4db5-8151-214655ce1a56@group-787F5BA3AA67, cid=3359, SUCCESS, logIndex=0, commits[270584e6-a4a8-4db5-8151-214655ce1a56:c5074, af078b8b-61ec-497f-9506-472d46a72462:c5072, 09fb9ab4-1b8d-44c0-9f8c-50855c6f1fed:c5072]
2019-08-21 12:28:24,110 | INFO  | SCMAudit | user=jenkins1000 | ip=192.168.34.23 | op=ALLOCATE_BLOCK {owner=b79f83c9-5f7d-4caf-af30-78af34bc5eea, size=4194304, type=RATIS, factor=THREE} | ret=SUCCESS |  
2019-08-21 12:28:24,113 | INFO  | OMAudit | user=jenkins1000 | ip=127.0.0.1 | op=ALLOCATE_BLOCK {volume=vol-0-06517, bucket=bucket-0-64549, key=key-0-34512, dataSize=0, replicationType=null, replicationFactor=null, keyLocationInfo=null, clientID=102654965997830546} | ret=SUCCESS |  
2019-08-21 12:28:24,119 | INFO  | DNAudit | user=null | ip=null | op=WRITE_CHUNK {blockData=conID: 3 locID: 102654968077288104 bcsId: 0} | ret=SUCCESS |  
2019-08-21 12:28:24,121 | INFO  | DNAudit | user=null | ip=null | op=WRITE_CHUNK {blockData=conID: 3 locID: 102654968077288104 bcsId: 0} | ret=SUCCESS |  
2019-08-21 12:28:24,121 | INFO  | DNAudit | user=null | ip=null | op=WRITE_CHUNK {blockData=conID: 3 locID: 102654968077288104 bcsId: 0} | ret=SUCCESS |  
2019-08-21 12:28:24,121 | INFO  | DNAudit | user=null | ip=null | op=WRITE_CHUNK {blockData=conID: 3 locID: 102654968077288104 bcsId: 0} | ret=SUCCESS |  
2019-08-21 12:28:24,123 | INFO  | DNAudit | user=null | ip=null | op=WRITE_CHUNK {blockData=conID: 3 locID: 102654968077288104 bcsId: 0} | ret=SUCCESS |  
2019-08-21 12:28:24,123 | INFO  | DNAudit | user=null | ip=null | op=WRITE_CHUNK {blockData=conID: 3 locID: 102654968077288104 bcsId: 0} | ret=SUCCESS |  
2019-08-21 12:28:24,124 | INFO  | DNAudit | user=null | ip=null | op=WRITE_CHUNK {blockData=conID: 3 locID: 102654968077288104 bcsId: 0} | ret=SUCCESS |  
2019-08-21 12:28:24,125 | INFO  | DNAudit | user=null | ip=null | op=PUT_BLOCK {blockData=[blockId=conID: 3 locID: 102654968077288104 bcsId: 0,size=1048576]} | ret=SUCCESS |  
2019-08-21 12:28:24,125 | INFO  | DNAudit | user=null | ip=null | op=WRITE_CHUNK {blockData=conID: 3 locID: 102654968077288104 bcsId: 0} | ret=SUCCESS |  
2019-08-21 12:28:24,125 [grpc-default-executor-4] INFO  client.GrpcClientProtocolClient (GrpcClientProtocolClient.java:onNext(255)) - client-C954105195FD->270584e6-a4a8-4db5-8151-214655ce1a56: receive RaftClientReply:client-C954105195FD->270584e6-a4a8-4db5-8151-214655ce1a56@group-787F5BA3AA67, cid=3360, SUCCESS, logIndex=5075, commits[270584e6-a4a8-4db5-8151-214655ce1a56:c5075, af078b8b-61ec-497f-9506-472d46a72462:c5074, 09fb9ab4-1b8d-44c0-9f8c-50855c6f1fed:c5074]
2019-08-21 12:28:24,126 | INFO  | DNAudit | user=null | ip=null | op=PUT_BLOCK {blockData=[blockId=conID: 3 locID: 102654968077288104 bcsId: 0,size=2097152]} | ret=SUCCESS |  
2019-08-21 12:28:24,126 [grpc-default-executor-4] INFO  client.GrpcClientProtocolClient (GrpcClientProtocolClient.java:onNext(255)) - client-C954105195FD->270584e6-a4a8-4db5-8151-214655ce1a56: receive RaftClientReply:client-C954105195FD->270584e6-a4a8-4db5-8151-214655ce1a56@group-787F5BA3AA67, cid=3361, SUCCESS, logIndex=5076, commits[270584e6-a4a8-4db5-8151-214655ce1a56:c5078, af078b8b-61ec-497f-9506-472d46a72462:c5074, 09fb9ab4-1b8d-44c0-9f8c-50855c6f1fed:c5074]
2019-08-21 12:28:24,126 [grpc-default-executor-4] INFO  client.GrpcClientProtocolClient (GrpcClientProtocolClient.java:onNext(255)) - client-C954105195FD->270584e6-a4a8-4db5-8151-214655ce1a56: receive RaftClientReply:client-C954105195FD->270584e6-a4a8-4db5-8151-214655ce1a56@group-787F5BA3AA67, cid=3362, SUCCESS, logIndex=5077, commits[270584e6-a4a8-4db5-8151-214655ce1a56:c5078, af078b8b-61ec-497f-9506-472d46a72462:c5074, 09fb9ab4-1b8d-44c0-9f8c-50855c6f1fed:c5074]
2019-08-21 12:28:24,126 [grpc-default-executor-4] INFO  client.GrpcClientProtocolClient (GrpcClientProtocolClient.java:onNext(255)) - client-C954105195FD->270584e6-a4a8-4db5-8151-214655ce1a56: receive RaftClientReply:client-C954105195FD->270584e6-a4a8-4db5-8151-214655ce1a56@group-787F5BA3AA67, cid=3363, SUCCESS, logIndex=5078, commits[270584e6-a4a8-4db5-8151-214655ce1a56:c5078, af078b8b-61ec-497f-9506-472d46a72462:c5074, 09fb9ab4-1b8d-44c0-9f8c-50855c6f1fed:c5074]
2019-08-21 12:28:24,127 | INFO  | DNAudit | user=null | ip=null | op=WRITE_CHUNK {blockData=conID: 3 locID: 102654968077288104 bcsId: 0} | ret=SUCCESS |  
2019-08-21 12:28:24,127 | INFO  | DNAudit | user=null | ip=null | op=WRITE_CHUNK {blockData=conID: 3 locID: 102654968077288104 bcsId: 0} | ret=SUCCESS |  
2019-08-21 12:28:24,127 | INFO  | DNAudit | user=null | ip=null | op=PUT_BLOCK {blockData=[blockId=conID: 3 locID: 102654968077288104 bcsId: 0,size=1048576]} | ret=SUCCESS |  
2019-08-21 12:28:24,129 | INFO  | DNAudit | user=null | ip=null | op=WRITE_CHUNK {blockData=conID: 3 locID: 102654968077288104 bcsId: 0} | ret=SUCCESS |  
2019-08-21 12:28:24,129 | INFO  | DNAudit | user=null | ip=null | op=PUT_BLOCK {blockData=[blockId=conID: 3 locID: 102654968077288104 bcsId: 0,size=1048576]} | ret=SUCCESS |  
2019-08-21 12:28:24,129 | INFO  | DNAudit | user=null | ip=null | op=PUT_BLOCK {blockData=[blockId=conID: 3 locID: 102654968077288104 bcsId: 0,size=2097152]} | ret=SUCCESS |  
2019-08-21 12:28:24,129 | INFO  | DNAudit | user=null | ip=null | op=WRITE_CHUNK {blockData=conID: 3 locID: 102654968077288104 bcsId: 0} | ret=SUCCESS |  
2019-08-21 12:28:24,130 | INFO  | DNAudit | user=null | ip=null | op=PUT_BLOCK {blockData=[blockId=conID: 3 locID: 102654968077288104 bcsId: 0,size=2097152]} | ret=SUCCESS |  
2019-08-21 12:28:24,130 [grpc-default-executor-2] INFO  client.GrpcClientProtocolClient (GrpcClientProtocolClient.java:onNext(255)) - client-C954105195FD->270584e6-a4a8-4db5-8151-214655ce1a56: receive RaftClientReply:client-C954105195FD->270584e6-a4a8-4db5-8151-214655ce1a56@group-787F5BA3AA67, cid=3364, SUCCESS, logIndex=0, commits[270584e6-a4a8-4db5-8151-214655ce1a56:c5081, af078b8b-61ec-497f-9506-472d46a72462:c5076, 09fb9ab4-1b8d-44c0-9f8c-50855c6f1fed:c5078]
2019-08-21 12:28:24,135 | INFO  | DNAudit | user=null | ip=null | op=WRITE_CHUNK {blockData=conID: 3 locID: 102654968077288104 bcsId: 5078} | ret=SUCCESS |  
2019-08-21 12:28:24,137 | INFO  | DNAudit | user=null | ip=null | op=WRITE_CHUNK {blockData=conID: 3 locID: 102654968077288104 bcsId: 5078} | ret=SUCCESS |  
2019-08-21 12:28:24,138 | INFO  | DNAudit | user=null | ip=null | op=WRITE_CHUNK {blockData=conID: 3 locID: 102654968077288104 bcsId: 5078} | ret=SUCCESS |  
2019-08-21 12:28:24,139 | INFO  | DNAudit | user=null | ip=null | op=WRITE_CHUNK {blockData=conID: 3 locID: 102654968077288104 bcsId: 5078} | ret=SUCCESS |  
2019-08-21 12:28:24,139 | INFO  | DNAudit | user=null | ip=null | op=PUT_BLOCK {blockData=[blockId=conID: 3 locID: 102654968077288104 bcsId: 0,size=3145728]} | ret=SUCCESS |  
2019-08-21 12:28:24,140 [grpc-default-executor-4] INFO  client.GrpcClientProtocolClient (GrpcClientProtocolClient.java:onNext(255)) - client-C954105195FD->270584e6-a4a8-4db5-8151-214655ce1a56: receive RaftClientReply:client-C954105195FD->270584e6-a4a8-4db5-8151-214655ce1a56@group-787F5BA3AA67, cid=3365, SUCCESS, logIndex=5082, commits[270584e6-a4a8-4db5-8151-214655ce1a56:c5083, af078b8b-61ec-497f-9506-472d46a72462:c5078, 09fb9ab4-1b8d-44c0-9f8c-50855c6f1fed:c5081]
2019-08-21 12:28:24,140 [grpc-default-executor-4] INFO  client.GrpcClientProtocolClient (GrpcClientProtocolClient.java:onNext(255)) - client-C954105195FD->270584e6-a4a8-4db5-8151-214655ce1a56: receive RaftClientReply:client-C954105195FD->270584e6-a4a8-4db5-8151-214655ce1a56@group-787F5BA3AA67, cid=3366, SUCCESS, logIndex=5083, commits[270584e6-a4a8-4db5-8151-214655ce1a56:c5083, af078b8b-61ec-497f-9506-472d46a72462:c5081, 09fb9ab4-1b8d-44c0-9f8c-50855c6f1fed:c5081]
2019-08-21 12:28:24,142 | INFO  | DNAudit | user=null | ip=null | op=WRITE_CHUNK {blockData=conID: 3 locID: 102654968077288104 bcsId: 5078} | ret=SUCCESS |  
2019-08-21 12:28:24,142 | INFO  | DNAudit | user=null | ip=null | op=WRITE_CHUNK {blockData=conID: 3 locID: 102654968077288104 bcsId: 5078} | ret=SUCCESS |  
2019-08-21 12:28:24,142 | INFO  | DNAudit | user=null | ip=null | op=PUT_BLOCK {blockData=[blockId=conID: 3 locID: 102654968077288104 bcsId: 0,size=3145728]} | ret=SUCCESS |  
2019-08-21 12:28:24,142 | INFO  | DNAudit | user=null | ip=null | op=PUT_BLOCK {blockData=[blockId=conID: 3 locID: 102654968077288104 bcsId: 0,size=3145728]} | ret=SUCCESS |  
2019-08-21 12:28:24,145 | INFO  | DNAudit | user=null | ip=null | op=WRITE_CHUNK {blockData=conID: 3 locID: 102654968077288104 bcsId: 5083} | ret=SUCCESS |  
2019-08-21 12:28:24,147 | INFO  | DNAudit | user=null | ip=null | op=WRITE_CHUNK {blockData=conID: 3 locID: 102654968077288104 bcsId: 5083} | ret=SUCCESS |  
2019-08-21 12:28:24,147 | INFO  | DNAudit | user=null | ip=null | op=WRITE_CHUNK {blockData=conID: 3 locID: 102654968077288104 bcsId: 5083} | ret=SUCCESS |  
2019-08-21 12:28:24,165 | INFO  | DNAudit | user=null | ip=null | op=WRITE_CHUNK {blockData=conID: 3 locID: 102654968077288104 bcsId: 5083} | ret=SUCCESS |  
2019-08-21 12:28:24,165 | INFO  | DNAudit | user=null | ip=null | op=PUT_BLOCK {blockData=[blockId=conID: 3 locID: 102654968077288104 bcsId: 0,size=4194304]} | ret=SUCCESS |  
2019-08-21 12:28:24,165 [grpc-default-executor-4] INFO  client.GrpcClientProtocolClient (GrpcClientProtocolClient.java:onNext(255)) - client-C954105195FD->270584e6-a4a8-4db5-8151-214655ce1a56: receive RaftClientReply:client-C954105195FD->270584e6-a4a8-4db5-8151-214655ce1a56@group-787F5BA3AA67, cid=3367, SUCCESS, logIndex=5085, commits[270584e6-a4a8-4db5-8151-214655ce1a56:c5086, af078b8b-61ec-497f-9506-472d46a72462:c5084, 09fb9ab4-1b8d-44c0-9f8c-50855c6f1fed:c5084]
2019-08-21 12:28:24,165 [grpc-default-executor-4] INFO  client.GrpcClientProtocolClient (GrpcClientProtocolClient.java:onNext(255)) - client-C954105195FD->270584e6-a4a8-4db5-8151-214655ce1a56: receive RaftClientReply:client-C954105195FD->270584e6-a4a8-4db5-8151-214655ce1a56@group-787F5BA3AA67, cid=3368, SUCCESS, logIndex=5086, commits[270584e6-a4a8-4db5-8151-214655ce1a56:c5086, af078b8b-61ec-497f-9506-472d46a72462:c5084, 09fb9ab4-1b8d-44c0-9f8c-50855c6f1fed:c5084]
2019-08-21 12:28:24,176 | INFO  | DNAudit | user=null | ip=null | op=WRITE_CHUNK {blockData=conID: 3 locID: 102654968077288104 bcsId: 5083} | ret=SUCCESS |  
2019-08-21 12:28:24,176 | INFO  | DNAudit | user=null | ip=null | op=PUT_BLOCK {blockData=[blockId=conID: 3 locID: 102654968077288104 bcsId: 0,size=4194304]} | ret=SUCCESS |  
2019-08-21 12:28:24,176 | INFO  | DNAudit | user=null | ip=null | op=WRITE_CHUNK {blockData=conID: 3 locID: 102654968077288104 bcsId: 5083} | ret=SUCCESS |  
2019-08-21 12:28:24,177 | INFO  | DNAudit | user=null | ip=null | op=PUT_BLOCK {blockData=[blockId=conID: 3 locID: 102654968077288104 bcsId: 0,size=4194304]} | ret=SUCCESS |  
2019-08-21 12:28:24,177 [grpc-default-executor-4] INFO  client.GrpcClientProtocolClient (GrpcClientProtocolClient.java:onNext(255)) - client-C954105195FD->270584e6-a4a8-4db5-8151-214655ce1a56: receive RaftClientReply:client-C954105195FD->270584e6-a4a8-4db5-8151-214655ce1a56@group-787F5BA3AA67, cid=3369, SUCCESS, logIndex=0, commits[270584e6-a4a8-4db5-8151-214655ce1a56:c5088, af078b8b-61ec-497f-9506-472d46a72462:c5086, 09fb9ab4-1b8d-44c0-9f8c-50855c6f1fed:c5086]
2019-08-21 12:28:24,182 | INFO  | SCMAudit | user=jenkins1000 | ip=192.168.34.23 | op=ALLOCATE_BLOCK {owner=b79f83c9-5f7d-4caf-af30-78af34bc5eea, size=4194304, type=RATIS, factor=THREE} | ret=SUCCESS |  
2019-08-21 12:28:24,186 | INFO  | OMAudit | user=jenkins1000 | ip=127.0.0.1 | op=ALLOCATE_BLOCK {volume=vol-0-06517, bucket=bucket-0-64549, key=key-0-34512, dataSize=0, replicationType=null, replicationFactor=null, keyLocationInfo=null, clientID=102654965997830546} | ret=SUCCESS |  
2019-08-21 12:28:24,192 | INFO  | DNAudit | user=null | ip=null | op=WRITE_CHUNK {blockData=conID: 1 locID: 102654968082072233 bcsId: 0} | ret=SUCCESS |  
2019-08-21 12:28:24,194 | INFO  | DNAudit | user=null | ip=null | op=WRITE_CHUNK {blockData=conID: 1 locID: 102654968082072233 bcsId: 0} | ret=SUCCESS |  
2019-08-21 12:28:24,195 | INFO  | DNAudit | user=null | ip=null | op=WRITE_CHUNK {blockData=conID: 1 locID: 102654968082072233 bcsId: 0} | ret=SUCCESS |  
2019-08-21 12:28:24,195 | INFO  | DNAudit | user=null | ip=null | op=WRITE_CHUNK {blockData=conID: 1 locID: 102654968082072233 bcsId: 0} | ret=SUCCESS |  
2019-08-21 12:28:24,196 | INFO  | DNAudit | user=null | ip=null | op=WRITE_CHUNK {blockData=conID: 1 locID: 102654968082072233 bcsId: 0} | ret=SUCCESS |  
2019-08-21 12:28:24,196 | INFO  | DNAudit | user=null | ip=null | op=WRITE_CHUNK {blockData=conID: 1 locID: 102654968082072233 bcsId: 0} | ret=SUCCESS |  
2019-08-21 12:28:24,204 | INFO  | DNAudit | user=null | ip=null | op=WRITE_CHUNK {blockData=conID: 1 locID: 102654968082072233 bcsId: 0} | ret=SUCCESS |  
2019-08-21 12:28:24,205 | INFO  | DNAudit | user=null | ip=null | op=PUT_BLOCK {blockData=[blockId=conID: 1 locID: 102654968082072233 bcsId: 0,size=1048576]} | ret=SUCCESS |  
2019-08-21 12:28:24,205 | INFO  | DNAudit | user=null | ip=null | op=WRITE_CHUNK {blockData=conID: 1 locID: 102654968082072233 bcsId: 0} | ret=SUCCESS |  
2019-08-21 12:28:24,205 [grpc-default-executor-4] INFO  client.GrpcClientProtocolClient (GrpcClientProtocolClient.java:onNext(255)) - client-C954105195FD->270584e6-a4a8-4db5-8151-214655ce1a56: receive RaftClientReply:client-C954105195FD->270584e6-a4a8-4db5-8151-214655ce1a56@group-787F5BA3AA67, cid=3370, SUCCESS, logIndex=5089, commits[270584e6-a4a8-4db5-8151-214655ce1a56:c5091, af078b8b-61ec-497f-9506-472d46a72462:c5088, 09fb9ab4-1b8d-44c0-9f8c-50855c6f1fed:c5088]
2019-08-21 12:28:24,205 | INFO  | DNAudit | user=null | ip=null | op=PUT_BLOCK {blockData=[blockId=conID: 1 locID: 102654968082072233 bcsId: 0,size=2097152]} | ret=SUCCESS |  
2019-08-21 12:28:24,206 | INFO  | DNAudit | user=null | ip=null | op=WRITE_CHUNK {blockData=conID: 1 locID: 102654968082072233 bcsId: 0} | ret=SUCCESS |  
2019-08-21 12:28:24,206 [grpc-default-executor-2] INFO  client.GrpcClientProtocolClient (GrpcClientProtocolClient.java:onNext(255)) - client-C954105195FD->270584e6-a4a8-4db5-8151-214655ce1a56: receive RaftClientReply:client-C954105195FD->270584e6-a4a8-4db5-8151-214655ce1a56@group-787F5BA3AA67, cid=3371, SUCCESS, logIndex=5090, commits[270584e6-a4a8-4db5-8151-214655ce1a56:c5092, af078b8b-61ec-497f-9506-472d46a72462:c5088, 09fb9ab4-1b8d-44c0-9f8c-50855c6f1fed:c5088]
2019-08-21 12:28:24,206 [grpc-default-executor-2] INFO  client.GrpcClientProtocolClient (GrpcClientProtocolClient.java:onNext(255)) - client-C954105195FD->270584e6-a4a8-4db5-8151-214655ce1a56: receive RaftClientReply:client-C954105195FD->270584e6-a4a8-4db5-8151-214655ce1a56@group-787F5BA3AA67, cid=3372, SUCCESS, logIndex=5091, commits[270584e6-a4a8-4db5-8151-214655ce1a56:c5092, af078b8b-61ec-497f-9506-472d46a72462:c5088, 09fb9ab4-1b8d-44c0-9f8c-50855c6f1fed:c5088]
2019-08-21 12:28:24,206 [grpc-default-executor-2] INFO  client.GrpcClientProtocolClient (GrpcClientProtocolClient.java:onNext(255)) - client-C954105195FD->270584e6-a4a8-4db5-8151-214655ce1a56: receive RaftClientReply:client-C954105195FD->270584e6-a4a8-4db5-8151-214655ce1a56@group-787F5BA3AA67, cid=3373, SUCCESS, logIndex=5092, commits[270584e6-a4a8-4db5-8151-214655ce1a56:c5092, af078b8b-61ec-497f-9506-472d46a72462:c5089, 09fb9ab4-1b8d-44c0-9f8c-50855c6f1fed:c5088]
2019-08-21 12:28:24,208 | INFO  | DNAudit | user=null | ip=null | op=WRITE_CHUNK {blockData=conID: 1 locID: 102654968082072233 bcsId: 0} | ret=SUCCESS |  
2019-08-21 12:28:24,208 | INFO  | DNAudit | user=null | ip=null | op=PUT_BLOCK {blockData=[blockId=conID: 1 locID: 102654968082072233 bcsId: 0,size=1048576]} | ret=SUCCESS |  
2019-08-21 12:28:24,218 | INFO  | DNAudit | user=null | ip=null | op=PUT_BLOCK {blockData=[blockId=conID: 1 locID: 102654968082072233 bcsId: 0,size=1048576]} | ret=SUCCESS |  
2019-08-21 12:28:24,219 | INFO  | DNAudit | user=null | ip=null | op=WRITE_CHUNK {blockData=conID: 1 locID: 102654968082072233 bcsId: 0} | ret=SUCCESS |  
2019-08-21 12:28:24,219 | INFO  | DNAudit | user=null | ip=null | op=PUT_BLOCK {blockData=[blockId=conID: 1 locID: 102654968082072233 bcsId: 0,size=2097152]} | ret=SUCCESS |  
2019-08-21 12:28:24,219 [grpc-default-executor-2] INFO  client.GrpcClientProtocolClient (GrpcClientProtocolClient.java:onNext(255)) - client-C954105195FD->270584e6-a4a8-4db5-8151-214655ce1a56: receive RaftClientReply:client-C954105195FD->270584e6-a4a8-4db5-8151-214655ce1a56@group-787F5BA3AA67, cid=3374, SUCCESS, logIndex=0, commits[270584e6-a4a8-4db5-8151-214655ce1a56:c5094, af078b8b-61ec-497f-9506-472d46a72462:c5090, 09fb9ab4-1b8d-44c0-9f8c-50855c6f1fed:c5090]
2019-08-21 12:28:24,220 | INFO  | DNAudit | user=null | ip=null | op=WRITE_CHUNK {blockData=conID: 1 locID: 102654968082072233 bcsId: 0} | ret=SUCCESS |  
2019-08-21 12:28:24,220 | INFO  | DNAudit | user=null | ip=null | op=PUT_BLOCK {blockData=[blockId=conID: 1 locID: 102654968082072233 bcsId: 0,size=2097152]} | ret=SUCCESS |  
2019-08-21 12:28:24,224 | INFO  | DNAudit | user=null | ip=null | op=WRITE_CHUNK {blockData=conID: 1 locID: 102654968082072233 bcsId: 5092} | ret=SUCCESS |  
2019-08-21 12:28:24,227 | INFO  | DNAudit | user=null | ip=null | op=WRITE_CHUNK {blockData=conID: 1 locID: 102654968082072233 bcsId: 5092} | ret=SUCCESS |  
2019-08-21 12:28:24,227 | INFO  | DNAudit | user=null | ip=null | op=WRITE_CHUNK {blockData=conID: 1 locID: 102654968082072233 bcsId: 5092} | ret=SUCCESS |  
2019-08-21 12:28:24,237 | INFO  | DNAudit | user=null | ip=null | op=WRITE_CHUNK {blockData=conID: 1 locID: 102654968082072233 bcsId: 5092} | ret=SUCCESS |  
2019-08-21 12:28:24,237 | INFO  | DNAudit | user=null | ip=null | op=PUT_BLOCK {blockData=[blockId=conID: 1 locID: 102654968082072233 bcsId: 0,size=3145728]} | ret=SUCCESS |  
2019-08-21 12:28:24,237 [grpc-default-executor-1] INFO  client.GrpcClientProtocolClient (GrpcClientProtocolClient.java:onNext(255)) - client-C954105195FD->270584e6-a4a8-4db5-8151-214655ce1a56: receive RaftClientReply:client-C954105195FD->270584e6-a4a8-4db5-8151-214655ce1a56@group-787F5BA3AA67, cid=3375, SUCCESS, logIndex=5097, commits[270584e6-a4a8-4db5-8151-214655ce1a56:c5098, af078b8b-61ec-497f-9506-472d46a72462:c5096, 09fb9ab4-1b8d-44c0-9f8c-50855c6f1fed:c5096]
2019-08-21 12:28:24,238 [grpc-default-executor-1] INFO  client.GrpcClientProtocolClient (GrpcClientProtocolClient.java:onNext(255)) - client-C954105195FD->270584e6-a4a8-4db5-8151-214655ce1a56: receive RaftClientReply:client-C954105195FD->270584e6-a4a8-4db5-8151-214655ce1a56@group-787F5BA3AA67, cid=3376, SUCCESS, logIndex=5098, commits[270584e6-a4a8-4db5-8151-214655ce1a56:c5098, af078b8b-61ec-497f-9506-472d46a72462:c5096, 09fb9ab4-1b8d-44c0-9f8c-50855c6f1fed:c5096]
2019-08-21 12:28:24,245 | INFO  | DNAudit | user=null | ip=null | op=WRITE_CHUNK {blockData=conID: 1 locID: 102654968082072233 bcsId: 5098} | ret=SUCCESS |  
2019-08-21 12:28:24,382 | INFO  | DNAudit | user=null | ip=null | op=WRITE_CHUNK {blockData=conID: 1 locID: 102654968082072233 bcsId: 5092} | ret=SUCCESS |  
2019-08-21 12:28:24,383 | INFO  | DNAudit | user=null | ip=null | op=WRITE_CHUNK {blockData=conID: 1 locID: 102654968082072233 bcsId: 5092} | ret=SUCCESS |  
2019-08-21 12:28:24,384 | INFO  | DNAudit | user=null | ip=null | op=WRITE_CHUNK {blockData=conID: 1 locID: 102654968082072233 bcsId: 5098} | ret=SUCCESS |  
2019-08-21 12:28:24,385 | INFO  | DNAudit | user=null | ip=null | op=WRITE_CHUNK {blockData=conID: 1 locID: 102654968082072233 bcsId: 5098} | ret=SUCCESS |  
2019-08-21 12:28:24,393 | INFO  | DNAudit | user=null | ip=null | op=PUT_BLOCK {blockData=[blockId=conID: 1 locID: 102654968082072233 bcsId: 0,size=3145728]} | ret=SUCCESS |  
2019-08-21 12:28:24,394 | INFO  | DNAudit | user=null | ip=null | op=PUT_BLOCK {blockData=[blockId=conID: 1 locID: 102654968082072233 bcsId: 0,size=3145728]} | ret=SUCCESS |  
2019-08-21 12:28:24,394 | INFO  | DNAudit | user=null | ip=null | op=WRITE_CHUNK {blockData=conID: 1 locID: 102654968082072233 bcsId: 5098} | ret=SUCCESS |  
2019-08-21 12:28:24,395 | INFO  | DNAudit | user=null | ip=null | op=PUT_BLOCK {blockData=[blockId=conID: 1 locID: 102654968082072233 bcsId: 0,size=4194304]} | ret=SUCCESS |  
2019-08-21 12:28:24,395 [grpc-default-executor-4] INFO  client.GrpcClientProtocolClient (GrpcClientProtocolClient.java:onNext(255)) - client-C954105195FD->270584e6-a4a8-4db5-8151-214655ce1a56: receive RaftClientReply:client-C954105195FD->270584e6-a4a8-4db5-8151-214655ce1a56@group-787F5BA3AA67, cid=3377, SUCCESS, logIndex=5101, commits[270584e6-a4a8-4db5-8151-214655ce1a56:c5102, af078b8b-61ec-497f-9506-472d46a72462:c5098, 09fb9ab4-1b8d-44c0-9f8c-50855c6f1fed:c5098]
2019-08-21 12:28:24,395 [grpc-default-executor-4] INFO  client.GrpcClientProtocolClient (GrpcClientProtocolClient.java:onNext(255)) - client-C954105195FD->270584e6-a4a8-4db5-8151-214655ce1a56: receive RaftClientReply:client-C954105195FD->270584e6-a4a8-4db5-8151-214655ce1a56@group-787F5BA3AA67, cid=3378, SUCCESS, logIndex=5102, commits[270584e6-a4a8-4db5-8151-214655ce1a56:c5102, af078b8b-61ec-497f-9506-472d46a72462:c5098, 09fb9ab4-1b8d-44c0-9f8c-50855c6f1fed:c5098]
2019-08-21 12:28:24,396 | INFO  | DNAudit | user=null | ip=null | op=WRITE_CHUNK {blockData=conID: 1 locID: 102654968082072233 bcsId: 5098} | ret=SUCCESS |  
2019-08-21 12:28:24,396 | INFO  | DNAudit | user=null | ip=null | op=PUT_BLOCK {blockData=[blockId=conID: 1 locID: 102654968082072233 bcsId: 0,size=4194304]} | ret=SUCCESS |  
2019-08-21 12:28:24,396 | INFO  | DNAudit | user=null | ip=null | op=WRITE_CHUNK {blockData=conID: 1 locID: 102654968082072233 bcsId: 5098} | ret=SUCCESS |  
2019-08-21 12:28:24,396 | INFO  | DNAudit | user=null | ip=null | op=PUT_BLOCK {blockData=[blockId=conID: 1 locID: 102654968082072233 bcsId: 0,size=4194304]} | ret=SUCCESS |  
2019-08-21 12:28:24,397 [grpc-default-executor-4] INFO  client.GrpcClientProtocolClient (GrpcClientProtocolClient.java:onNext(255)) - client-C954105195FD->270584e6-a4a8-4db5-8151-214655ce1a56: receive RaftClientReply:client-C954105195FD->270584e6-a4a8-4db5-8151-214655ce1a56@group-787F5BA3AA67, cid=3379, SUCCESS, logIndex=0, commits[270584e6-a4a8-4db5-8151-214655ce1a56:c5103, af078b8b-61ec-497f-9506-472d46a72462:c5102, 09fb9ab4-1b8d-44c0-9f8c-50855c6f1fed:c5102]
2019-08-21 12:28:24,405 | INFO  | SCMAudit | user=jenkins1000 | ip=192.168.34.23 | op=ALLOCATE_BLOCK {owner=b79f83c9-5f7d-4caf-af30-78af34bc5eea, size=4194304, type=RATIS, factor=THREE} | ret=SUCCESS |  
2019-08-21 12:28:24,411 | INFO  | OMAudit | user=jenkins1000 | ip=127.0.0.1 | op=ALLOCATE_BLOCK {volume=vol-0-06517, bucket=bucket-0-64549, key=key-0-34512, dataSize=0, replicationType=null, replicationFactor=null, keyLocationInfo=null, clientID=102654965997830546} | ret=SUCCESS |  
2019-08-21 12:28:24,420 | INFO  | DNAudit | user=null | ip=null | op=WRITE_CHUNK {blockData=conID: 2 locID: 102654968096686762 bcsId: 0} | ret=SUCCESS |  
2019-08-21 12:28:24,423 | INFO  | DNAudit | user=null | ip=null | op=WRITE_CHUNK {blockData=conID: 2 locID: 102654968096686762 bcsId: 0} | ret=SUCCESS |  
2019-08-21 12:28:24,424 | INFO  | DNAudit | user=null | ip=null | op=WRITE_CHUNK {blockData=conID: 2 locID: 102654968096686762 bcsId: 0} | ret=SUCCESS |  
2019-08-21 12:28:24,424 | INFO  | DNAudit | user=null | ip=null | op=WRITE_CHUNK {blockData=conID: 2 locID: 102654968096686762 bcsId: 0} | ret=SUCCESS |  
2019-08-21 12:28:24,425 | INFO  | DNAudit | user=null | ip=null | op=WRITE_CHUNK {blockData=conID: 2 locID: 102654968096686762 bcsId: 0} | ret=SUCCESS |  
2019-08-21 12:28:24,425 | INFO  | DNAudit | user=null | ip=null | op=WRITE_CHUNK {blockData=conID: 2 locID: 102654968096686762 bcsId: 0} | ret=SUCCESS |  
2019-08-21 12:28:24,432 | INFO  | DNAudit | user=null | ip=null | op=WRITE_CHUNK {blockData=conID: 2 locID: 102654968096686762 bcsId: 0} | ret=SUCCESS |  
2019-08-21 12:28:24,433 | INFO  | DNAudit | user=null | ip=null | op=PUT_BLOCK {blockData=[blockId=conID: 2 locID: 102654968096686762 bcsId: 0,size=1048576]} | ret=SUCCESS |  
2019-08-21 12:28:24,434 | INFO  | DNAudit | user=null | ip=null | op=WRITE_CHUNK {blockData=conID: 2 locID: 102654968096686762 bcsId: 0} | ret=SUCCESS |  
2019-08-21 12:28:24,434 [grpc-default-executor-1] INFO  client.GrpcClientProtocolClient (GrpcClientProtocolClient.java:onNext(255)) - client-C954105195FD->270584e6-a4a8-4db5-8151-214655ce1a56: receive RaftClientReply:client-C954105195FD->270584e6-a4a8-4db5-8151-214655ce1a56@group-787F5BA3AA67, cid=3380, SUCCESS, logIndex=5105, commits[270584e6-a4a8-4db5-8151-214655ce1a56:c5106, af078b8b-61ec-497f-9506-472d46a72462:c5104, 09fb9ab4-1b8d-44c0-9f8c-50855c6f1fed:c5104]
2019-08-21 12:28:24,434 | INFO  | DNAudit | user=null | ip=null | op=PUT_BLOCK {blockData=[blockId=conID: 2 locID: 102654968096686762 bcsId: 0,size=2097152]} | ret=SUCCESS |  
2019-08-21 12:28:24,434 | INFO  | DNAudit | user=null | ip=null | op=WRITE_CHUNK {blockData=conID: 2 locID: 102654968096686762 bcsId: 0} | ret=SUCCESS |  
2019-08-21 12:28:24,434 [grpc-default-executor-1] INFO  client.GrpcClientProtocolClient (GrpcClientProtocolClient.java:onNext(255)) - client-C954105195FD->270584e6-a4a8-4db5-8151-214655ce1a56: receive RaftClientReply:client-C954105195FD->270584e6-a4a8-4db5-8151-214655ce1a56@group-787F5BA3AA67, cid=3381, SUCCESS, logIndex=5106, commits[270584e6-a4a8-4db5-8151-214655ce1a56:c5108, af078b8b-61ec-497f-9506-472d46a72462:c5104, 09fb9ab4-1b8d-44c0-9f8c-50855c6f1fed:c5104]
2019-08-21 12:28:24,435 [grpc-default-executor-1] INFO  client.GrpcClientProtocolClient (GrpcClientProtocolClient.java:onNext(255)) - client-C954105195FD->270584e6-a4a8-4db5-8151-214655ce1a56: receive RaftClientReply:client-C954105195FD->270584e6-a4a8-4db5-8151-214655ce1a56@group-787F5BA3AA67, cid=3382, SUCCESS, logIndex=5107, commits[270584e6-a4a8-4db5-8151-214655ce1a56:c5108, af078b8b-61ec-497f-9506-472d46a72462:c5104, 09fb9ab4-1b8d-44c0-9f8c-50855c6f1fed:c5104]
2019-08-21 12:28:24,435 | INFO  | DNAudit | user=null | ip=null | op=WRITE_CHUNK {blockData=conID: 2 locID: 102654968096686762 bcsId: 0} | ret=SUCCESS |  
2019-08-21 12:28:24,435 | INFO  | DNAudit | user=null | ip=null | op=PUT_BLOCK {blockData=[blockId=conID: 2 locID: 102654968096686762 bcsId: 0,size=1048576]} | ret=SUCCESS |  
2019-08-21 12:28:24,435 [grpc-default-executor-1] INFO  client.GrpcClientProtocolClient (GrpcClientProtocolClient.java:onNext(255)) - client-C954105195FD->270584e6-a4a8-4db5-8151-214655ce1a56: receive RaftClientReply:client-C954105195FD->270584e6-a4a8-4db5-8151-214655ce1a56@group-787F5BA3AA67, cid=3383, SUCCESS, logIndex=5108, commits[270584e6-a4a8-4db5-8151-214655ce1a56:c5109, af078b8b-61ec-497f-9506-472d46a72462:c5105, 09fb9ab4-1b8d-44c0-9f8c-50855c6f1fed:c5104]
2019-08-21 12:28:24,435 | INFO  | DNAudit | user=null | ip=null | op=PUT_BLOCK {blockData=[blockId=conID: 2 locID: 102654968096686762 bcsId: 0,size=1048576]} | ret=SUCCESS |  
2019-08-21 12:28:24,436 | INFO  | DNAudit | user=null | ip=null | op=WRITE_CHUNK {blockData=conID: 2 locID: 102654968096686762 bcsId: 0} | ret=SUCCESS |  
2019-08-21 12:28:24,436 | INFO  | DNAudit | user=null | ip=null | op=WRITE_CHUNK {blockData=conID: 2 locID: 102654968096686762 bcsId: 0} | ret=SUCCESS |  
2019-08-21 12:28:24,436 | INFO  | DNAudit | user=null | ip=null | op=PUT_BLOCK {blockData=[blockId=conID: 2 locID: 102654968096686762 bcsId: 0,size=2097152]} | ret=SUCCESS |  
2019-08-21 12:28:24,436 | INFO  | DNAudit | user=null | ip=null | op=PUT_BLOCK {blockData=[blockId=conID: 2 locID: 102654968096686762 bcsId: 0,size=2097152]} | ret=SUCCESS |  
2019-08-21 12:28:24,436 [grpc-default-executor-2] INFO  client.GrpcClientProtocolClient (GrpcClientProtocolClient.java:onNext(255)) - client-C954105195FD->270584e6-a4a8-4db5-8151-214655ce1a56: receive RaftClientReply:client-C954105195FD->270584e6-a4a8-4db5-8151-214655ce1a56@group-787F5BA3AA67, cid=3384, SUCCESS, logIndex=0, commits[270584e6-a4a8-4db5-8151-214655ce1a56:c5111, af078b8b-61ec-497f-9506-472d46a72462:c5108, 09fb9ab4-1b8d-44c0-9f8c-50855c6f1fed:c5106]
2019-08-21 12:28:24,445 | INFO  | DNAudit | user=null | ip=null | op=WRITE_CHUNK {blockData=conID: 2 locID: 102654968096686762 bcsId: 5108} | ret=SUCCESS |  
2019-08-21 12:28:24,446 | INFO  | DNAudit | user=null | ip=null | op=WRITE_CHUNK {blockData=conID: 2 locID: 102654968096686762 bcsId: 5108} | ret=SUCCESS |  
2019-08-21 12:28:24,448 | INFO  | DNAudit | user=null | ip=null | op=WRITE_CHUNK {blockData=conID: 2 locID: 102654968096686762 bcsId: 5108} | ret=SUCCESS |  
2019-08-21 12:28:24,459 | INFO  | DNAudit | user=null | ip=null | op=WRITE_CHUNK {blockData=conID: 2 locID: 102654968096686762 bcsId: 5108} | ret=SUCCESS |  
2019-08-21 12:28:24,459 | INFO  | DNAudit | user=null | ip=null | op=PUT_BLOCK {blockData=[blockId=conID: 2 locID: 102654968096686762 bcsId: 0,size=3145728]} | ret=SUCCESS |  
2019-08-21 12:28:24,460 [grpc-default-executor-4] INFO  client.GrpcClientProtocolClient (GrpcClientProtocolClient.java:onNext(255)) - client-C954105195FD->270584e6-a4a8-4db5-8151-214655ce1a56: receive RaftClientReply:client-C954105195FD->270584e6-a4a8-4db5-8151-214655ce1a56@group-787F5BA3AA67, cid=3385, SUCCESS, logIndex=5112, commits[270584e6-a4a8-4db5-8151-214655ce1a56:c5113, af078b8b-61ec-497f-9506-472d46a72462:c5111, 09fb9ab4-1b8d-44c0-9f8c-50855c6f1fed:c5111]
2019-08-21 12:28:24,460 [grpc-default-executor-4] INFO  client.GrpcClientProtocolClient (GrpcClientProtocolClient.java:onNext(255)) - client-C954105195FD->270584e6-a4a8-4db5-8151-214655ce1a56: receive RaftClientReply:client-C954105195FD->270584e6-a4a8-4db5-8151-214655ce1a56@group-787F5BA3AA67, cid=3386, SUCCESS, logIndex=5113, commits[270584e6-a4a8-4db5-8151-214655ce1a56:c5113, af078b8b-61ec-497f-9506-472d46a72462:c5111, 09fb9ab4-1b8d-44c0-9f8c-50855c6f1fed:c5111]
2019-08-21 12:28:24,468 | INFO  | DNAudit | user=null | ip=null | op=WRITE_CHUNK {blockData=conID: 2 locID: 102654968096686762 bcsId: 5113} | ret=SUCCESS |  
2019-08-21 12:28:24,471 | INFO  | DNAudit | user=null | ip=null | op=WRITE_CHUNK {blockData=conID: 2 locID: 102654968096686762 bcsId: 5113} | ret=SUCCESS |  
2019-08-21 12:28:24,471 | INFO  | DNAudit | user=null | ip=null | op=WRITE_CHUNK {blockData=conID: 2 locID: 102654968096686762 bcsId: 5113} | ret=SUCCESS |  
2019-08-21 12:28:24,472 | INFO  | DNAudit | user=null | ip=null | op=WRITE_CHUNK {blockData=conID: 2 locID: 102654968096686762 bcsId: 5108} | ret=SUCCESS |  
2019-08-21 12:28:24,472 | INFO  | DNAudit | user=null | ip=null | op=WRITE_CHUNK {blockData=conID: 2 locID: 102654968096686762 bcsId: 5108} | ret=SUCCESS |  
2019-08-21 12:28:24,483 | INFO  | DNAudit | user=null | ip=null | op=PUT_BLOCK {blockData=[blockId=conID: 2 locID: 102654968096686762 bcsId: 0,size=3145728]} | ret=SUCCESS |  
2019-08-21 12:28:24,484 | INFO  | DNAudit | user=null | ip=null | op=PUT_BLOCK {blockData=[blockId=conID: 2 locID: 102654968096686762 bcsId: 0,size=3145728]} | ret=SUCCESS |  
2019-08-21 12:28:24,484 | INFO  | DNAudit | user=null | ip=null | op=WRITE_CHUNK {blockData=conID: 2 locID: 102654968096686762 bcsId: 5113} | ret=SUCCESS |  
2019-08-21 12:28:24,485 | INFO  | DNAudit | user=null | ip=null | op=PUT_BLOCK {blockData=[blockId=conID: 2 locID: 102654968096686762 bcsId: 0,size=4194304]} | ret=SUCCESS |  
2019-08-21 12:28:24,485 [grpc-default-executor-4] INFO  client.GrpcClientProtocolClient (GrpcClientProtocolClient.java:onNext(255)) - client-C954105195FD->270584e6-a4a8-4db5-8151-214655ce1a56: receive RaftClientReply:client-C954105195FD->270584e6-a4a8-4db5-8151-214655ce1a56@group-787F5BA3AA67, cid=3387, SUCCESS, logIndex=5116, commits[270584e6-a4a8-4db5-8151-214655ce1a56:c5117, af078b8b-61ec-497f-9506-472d46a72462:c5113, 09fb9ab4-1b8d-44c0-9f8c-50855c6f1fed:c5113]
2019-08-21 12:28:24,485 [grpc-default-executor-4] INFO  client.GrpcClientProtocolClient (GrpcClientProtocolClient.java:onNext(255)) - client-C954105195FD->270584e6-a4a8-4db5-8151-214655ce1a56: receive RaftClientReply:client-C954105195FD->270584e6-a4a8-4db5-8151-214655ce1a56@group-787F5BA3AA67, cid=3388, SUCCESS, logIndex=5117, commits[270584e6-a4a8-4db5-8151-214655ce1a56:c5117, af078b8b-61ec-497f-9506-472d46a72462:c5113, 09fb9ab4-1b8d-44c0-9f8c-50855c6f1fed:c5113]
2019-08-21 12:28:24,496 | INFO  | DNAudit | user=null | ip=null | op=WRITE_CHUNK {blockData=conID: 2 locID: 102654968096686762 bcsId: 5113} | ret=SUCCESS |  
2019-08-21 12:28:24,496 | INFO  | DNAudit | user=null | ip=null | op=WRITE_CHUNK {blockData=conID: 2 locID: 102654968096686762 bcsId: 5113} | ret=SUCCESS |  
2019-08-21 12:28:24,496 | INFO  | DNAudit | user=null | ip=null | op=PUT_BLOCK {blockData=[blockId=conID: 2 locID: 102654968096686762 bcsId: 0,size=4194304]} | ret=SUCCESS |  
2019-08-21 12:28:24,496 | INFO  | DNAudit | user=null | ip=null | op=PUT_BLOCK {blockData=[blockId=conID: 2 locID: 102654968096686762 bcsId: 0,size=4194304]} | ret=SUCCESS |  
2019-08-21 12:28:24,497 [grpc-default-executor-4] INFO  client.GrpcClientProtocolClient (GrpcClientProtocolClient.java:onNext(255)) - client-C954105195FD->270584e6-a4a8-4db5-8151-214655ce1a56: receive RaftClientReply:client-C954105195FD->270584e6-a4a8-4db5-8151-214655ce1a56@group-787F5BA3AA67, cid=3389, SUCCESS, logIndex=0, commits[270584e6-a4a8-4db5-8151-214655ce1a56:c5118, af078b8b-61ec-497f-9506-472d46a72462:c5117, 09fb9ab4-1b8d-44c0-9f8c-50855c6f1fed:c5117]
2019-08-21 12:28:24,505 | INFO  | SCMAudit | user=jenkins1000 | ip=192.168.34.23 | op=ALLOCATE_BLOCK {owner=b79f83c9-5f7d-4caf-af30-78af34bc5eea, size=4194304, type=RATIS, factor=THREE} | ret=SUCCESS |  
2019-08-21 12:28:24,510 | INFO  | OMAudit | user=jenkins1000 | ip=127.0.0.1 | op=ALLOCATE_BLOCK {volume=vol-0-06517, bucket=bucket-0-64549, key=key-0-34512, dataSize=0, replicationType=null, replicationFactor=null, keyLocationInfo=null, clientID=102654965997830546} | ret=SUCCESS |  
2019-08-21 12:28:24,518 | INFO  | DNAudit | user=null | ip=null | op=WRITE_CHUNK {blockData=conID: 3 locID: 102654968103240363 bcsId: 0} | ret=SUCCESS |  
2019-08-21 12:28:24,522 | INFO  | DNAudit | user=null | ip=null | op=WRITE_CHUNK {blockData=conID: 3 locID: 102654968103240363 bcsId: 0} | ret=SUCCESS |  
2019-08-21 12:28:24,522 | INFO  | DNAudit | user=null | ip=null | op=WRITE_CHUNK {blockData=conID: 3 locID: 102654968103240363 bcsId: 0} | ret=SUCCESS |  
2019-08-21 12:28:24,522 | INFO  | DNAudit | user=null | ip=null | op=WRITE_CHUNK {blockData=conID: 3 locID: 102654968103240363 bcsId: 0} | ret=SUCCESS |  
2019-08-21 12:28:24,525 | INFO  | DNAudit | user=null | ip=null | op=WRITE_CHUNK {blockData=conID: 3 locID: 102654968103240363 bcsId: 0} | ret=SUCCESS |  
2019-08-21 12:28:24,525 | INFO  | DNAudit | user=null | ip=null | op=WRITE_CHUNK {blockData=conID: 3 locID: 102654968103240363 bcsId: 0} | ret=SUCCESS |  
2019-08-21 12:28:24,532 | INFO  | DNAudit | user=null | ip=null | op=WRITE_CHUNK {blockData=conID: 3 locID: 102654968103240363 bcsId: 0} | ret=SUCCESS |  
2019-08-21 12:28:24,532 | INFO  | DNAudit | user=null | ip=null | op=PUT_BLOCK {blockData=[blockId=conID: 3 locID: 102654968103240363 bcsId: 0,size=1048576]} | ret=SUCCESS |  
2019-08-21 12:28:24,532 [grpc-default-executor-2] INFO  client.GrpcClientProtocolClient (GrpcClientProtocolClient.java:onNext(255)) - client-C954105195FD->270584e6-a4a8-4db5-8151-214655ce1a56: receive RaftClientReply:client-C954105195FD->270584e6-a4a8-4db5-8151-214655ce1a56@group-787F5BA3AA67, cid=3390, SUCCESS, logIndex=5120, commits[270584e6-a4a8-4db5-8151-214655ce1a56:c5121, af078b8b-61ec-497f-9506-472d46a72462:c5119, 09fb9ab4-1b8d-44c0-9f8c-50855c6f1fed:c5119]
2019-08-21 12:28:24,533 [grpc-default-executor-2] INFO  client.GrpcClientProtocolClient (GrpcClientProtocolClient.java:onNext(255)) - client-C954105195FD->270584e6-a4a8-4db5-8151-214655ce1a56: receive RaftClientReply:client-C954105195FD->270584e6-a4a8-4db5-8151-214655ce1a56@group-787F5BA3AA67, cid=3391, SUCCESS, logIndex=5121, commits[270584e6-a4a8-4db5-8151-214655ce1a56:c5121, af078b8b-61ec-497f-9506-472d46a72462:c5119, 09fb9ab4-1b8d-44c0-9f8c-50855c6f1fed:c5119]
2019-08-21 12:28:24,545 | INFO  | DNAudit | user=null | ip=null | op=WRITE_CHUNK {blockData=conID: 3 locID: 102654968103240363 bcsId: 0} | ret=SUCCESS |  
2019-08-21 12:28:24,546 | INFO  | DNAudit | user=null | ip=null | op=PUT_BLOCK {blockData=[blockId=conID: 3 locID: 102654968103240363 bcsId: 0,size=2097152]} | ret=SUCCESS |  
2019-08-21 12:28:24,546 [grpc-default-executor-4] INFO  client.GrpcClientProtocolClient (GrpcClientProtocolClient.java:onNext(255)) - client-C954105195FD->270584e6-a4a8-4db5-8151-214655ce1a56: receive RaftClientReply:client-C954105195FD->270584e6-a4a8-4db5-8151-214655ce1a56@group-787F5BA3AA67, cid=3392, SUCCESS, logIndex=5122, commits[270584e6-a4a8-4db5-8151-214655ce1a56:c5122, af078b8b-61ec-497f-9506-472d46a72462:c5119, 09fb9ab4-1b8d-44c0-9f8c-50855c6f1fed:c5119]
2019-08-21 12:28:24,546 | INFO  | SCMAudit | user=jenkins1000 | ip=192.168.34.23 | op=SEND_HEARTBEAT {datanodeUUID=0aa4def6-fe9f-4182-b0b1-80406548816f, command=[]} | ret=SUCCESS |  
2019-08-21 12:28:24,546 | INFO  | DNAudit | user=null | ip=null | op=WRITE_CHUNK {blockData=conID: 3 locID: 102654968103240363 bcsId: 0} | ret=SUCCESS |  
2019-08-21 12:28:24,546 | INFO  | SCMAudit | user=jenkins1000 | ip=192.168.34.23 | op=SEND_HEARTBEAT {datanodeUUID=39ae8c09-9b4b-4ddc-906b-4e52d104e1b1, command=[]} | ret=SUCCESS |  
2019-08-21 12:28:24,546 | INFO  | DNAudit | user=null | ip=null | op=PUT_BLOCK {blockData=[blockId=conID: 3 locID: 102654968103240363 bcsId: 0,size=1048576]} | ret=SUCCESS |  
2019-08-21 12:28:24,546 [grpc-default-executor-2] INFO  client.GrpcClientProtocolClient (GrpcClientProtocolClient.java:onNext(255)) - client-C954105195FD->270584e6-a4a8-4db5-8151-214655ce1a56: receive RaftClientReply:client-C954105195FD->270584e6-a4a8-4db5-8151-214655ce1a56@group-787F5BA3AA67, cid=3393, SUCCESS, logIndex=5123, commits[270584e6-a4a8-4db5-8151-214655ce1a56:c5123, af078b8b-61ec-497f-9506-472d46a72462:c5119, 09fb9ab4-1b8d-44c0-9f8c-50855c6f1fed:c5119]
2019-08-21 12:28:24,547 | INFO  | DNAudit | user=null | ip=null | op=WRITE_CHUNK {blockData=conID: 3 locID: 102654968103240363 bcsId: 0} | ret=SUCCESS |  
2019-08-21 12:28:24,547 | INFO  | DNAudit | user=null | ip=null | op=PUT_BLOCK {blockData=[blockId=conID: 3 locID: 102654968103240363 bcsId: 0,size=1048576]} | ret=SUCCESS |  
2019-08-21 12:28:24,547 | INFO  | SCMAudit | user=jenkins1000 | ip=192.168.34.23 | op=SEND_HEARTBEAT {datanodeUUID=270584e6-a4a8-4db5-8151-214655ce1a56, command=[]} | ret=SUCCESS |  
 0.00% |█                                                                                                    |  0/1 Time: 0:00:322019-08-21 12:28:24,548 [grpc-default-executor-2] INFO  client.GrpcClientProtocolClient (GrpcClientProtocolClient.java:onNext(255)) - client-C954105195FD->270584e6-a4a8-4db5-8151-214655ce1a56: receive RaftClientReply:client-C954105195FD->270584e6-a4a8-4db5-8151-214655ce1a56@group-787F5BA3AA67, cid=3394, SUCCESS, logIndex=0, commits[270584e6-a4a8-4db5-8151-214655ce1a56:c5125, af078b8b-61ec-497f-9506-472d46a72462:c5121, 09fb9ab4-1b8d-44c0-9f8c-50855c6f1fed:c5121]
2019-08-21 12:28:24,549 | INFO  | SCMAudit | user=jenkins1000 | ip=192.168.34.23 | op=SEND_HEARTBEAT {datanodeUUID=af078b8b-61ec-497f-9506-472d46a72462, command=[]} | ret=SUCCESS |  
2019-08-21 12:28:24,550 | INFO  | SCMAudit | user=jenkins1000 | ip=192.168.34.23 | op=SEND_HEARTBEAT {datanodeUUID=09fb9ab4-1b8d-44c0-9f8c-50855c6f1fed, command=[]} | ret=SUCCESS |  
2019-08-21 12:28:24,555 | INFO  | DNAudit | user=null | ip=null | op=WRITE_CHUNK {blockData=conID: 3 locID: 102654968103240363 bcsId: 5123} | ret=SUCCESS |  
2019-08-21 12:28:24,557 | INFO  | DNAudit | user=null | ip=null | op=WRITE_CHUNK {blockData=conID: 3 locID: 102654968103240363 bcsId: 5123} | ret=SUCCESS |  
2019-08-21 12:28:24,558 | INFO  | DNAudit | user=null | ip=null | op=WRITE_CHUNK {blockData=conID: 3 locID: 102654968103240363 bcsId: 5123} | ret=SUCCESS |  
2019-08-21 12:28:24,558 | INFO  | DNAudit | user=null | ip=null | op=WRITE_CHUNK {blockData=conID: 3 locID: 102654968103240363 bcsId: 0} | ret=SUCCESS |  
2019-08-21 12:28:24,560 | INFO  | DNAudit | user=null | ip=null | op=WRITE_CHUNK {blockData=conID: 3 locID: 102654968103240363 bcsId: 0} | ret=SUCCESS |  
2019-08-21 12:28:24,560 | INFO  | DNAudit | user=null | ip=null | op=PUT_BLOCK {blockData=[blockId=conID: 3 locID: 102654968103240363 bcsId: 0,size=2097152]} | ret=SUCCESS |  
2019-08-21 12:28:24,571 | INFO  | DNAudit | user=null | ip=null | op=PUT_BLOCK {blockData=[blockId=conID: 3 locID: 102654968103240363 bcsId: 0,size=2097152]} | ret=SUCCESS |  
2019-08-21 12:28:24,573 | INFO  | DNAudit | user=null | ip=null | op=WRITE_CHUNK {blockData=conID: 3 locID: 102654968103240363 bcsId: 5123} | ret=SUCCESS |  
2019-08-21 12:28:24,573 | INFO  | DNAudit | user=null | ip=null | op=PUT_BLOCK {blockData=[blockId=conID: 3 locID: 102654968103240363 bcsId: 0,size=3145728]} | ret=SUCCESS |  
2019-08-21 12:28:24,574 [grpc-default-executor-2] INFO  client.GrpcClientProtocolClient (GrpcClientProtocolClient.java:onNext(255)) - client-C954105195FD->270584e6-a4a8-4db5-8151-214655ce1a56: receive RaftClientReply:client-C954105195FD->270584e6-a4a8-4db5-8151-214655ce1a56@group-787F5BA3AA67, cid=3395, SUCCESS, logIndex=5128, commits[270584e6-a4a8-4db5-8151-214655ce1a56:c5129, af078b8b-61ec-497f-9506-472d46a72462:c5125, 09fb9ab4-1b8d-44c0-9f8c-50855c6f1fed:c5125]
2019-08-21 12:28:24,574 [grpc-default-executor-2] INFO  client.GrpcClientProtocolClient (GrpcClientProtocolClient.java:onNext(255)) - client-C954105195FD->270584e6-a4a8-4db5-8151-214655ce1a56: receive RaftClientReply:client-C954105195FD->270584e6-a4a8-4db5-8151-214655ce1a56@group-787F5BA3AA67, cid=3396, SUCCESS, logIndex=5129, commits[270584e6-a4a8-4db5-8151-214655ce1a56:c5129, af078b8b-61ec-497f-9506-472d46a72462:c5125, 09fb9ab4-1b8d-44c0-9f8c-50855c6f1fed:c5125]
2019-08-21 12:28:24,581 | INFO  | DNAudit | user=null | ip=null | op=WRITE_CHUNK {blockData=conID: 3 locID: 102654968103240363 bcsId: 5129} | ret=SUCCESS |  
2019-08-21 12:28:24,583 | INFO  | DNAudit | user=null | ip=null | op=WRITE_CHUNK {blockData=conID: 3 locID: 102654968103240363 bcsId: 5129} | ret=SUCCESS |  
2019-08-21 12:28:24,584 | INFO  | DNAudit | user=null | ip=null | op=WRITE_CHUNK {blockData=conID: 3 locID: 102654968103240363 bcsId: 5129} | ret=SUCCESS |  
2019-08-21 12:28:24,587 | INFO  | DNAudit | user=null | ip=null | op=WRITE_CHUNK {blockData=conID: 3 locID: 102654968103240363 bcsId: 5123} | ret=SUCCESS |  
2019-08-21 12:28:24,587 | INFO  | DNAudit | user=null | ip=null | op=WRITE_CHUNK {blockData=conID: 3 locID: 102654968103240363 bcsId: 5123} | ret=SUCCESS |  
2019-08-21 12:28:24,587 | INFO  | DNAudit | user=null | ip=null | op=PUT_BLOCK {blockData=[blockId=conID: 3 locID: 102654968103240363 bcsId: 0,size=3145728]} | ret=SUCCESS |  
2019-08-21 12:28:24,587 | INFO  | DNAudit | user=null | ip=null | op=PUT_BLOCK {blockData=[blockId=conID: 3 locID: 102654968103240363 bcsId: 0,size=3145728]} | ret=SUCCESS |  
2019-08-21 12:28:24,590 | INFO  | DNAudit | user=null | ip=null | op=WRITE_CHUNK {blockData=conID: 3 locID: 102654968103240363 bcsId: 5129} | ret=SUCCESS |  
2019-08-21 12:28:24,590 | INFO  | DNAudit | user=null | ip=null | op=PUT_BLOCK {blockData=[blockId=conID: 3 locID: 102654968103240363 bcsId: 0,size=4194304]} | ret=SUCCESS |  
2019-08-21 12:28:24,590 [grpc-default-executor-4] INFO  client.GrpcClientProtocolClient (GrpcClientProtocolClient.java:onNext(255)) - client-C954105195FD->270584e6-a4a8-4db5-8151-214655ce1a56: receive RaftClientReply:client-C954105195FD->270584e6-a4a8-4db5-8151-214655ce1a56@group-787F5BA3AA67, cid=3397, SUCCESS, logIndex=5131, commits[270584e6-a4a8-4db5-8151-214655ce1a56:c5132, af078b8b-61ec-497f-9506-472d46a72462:c5129, 09fb9ab4-1b8d-44c0-9f8c-50855c6f1fed:c5129]
2019-08-21 12:28:24,591 [grpc-default-executor-4] INFO  client.GrpcClientProtocolClient (GrpcClientProtocolClient.java:onNext(255)) - client-C954105195FD->270584e6-a4a8-4db5-8151-214655ce1a56: receive RaftClientReply:client-C954105195FD->270584e6-a4a8-4db5-8151-214655ce1a56@group-787F5BA3AA67, cid=3398, SUCCESS, logIndex=5132, commits[270584e6-a4a8-4db5-8151-214655ce1a56:c5132, af078b8b-61ec-497f-9506-472d46a72462:c5129, 09fb9ab4-1b8d-44c0-9f8c-50855c6f1fed:c5129]
2019-08-21 12:28:24,593 | INFO  | DNAudit | user=null | ip=null | op=WRITE_CHUNK {blockData=conID: 3 locID: 102654968103240363 bcsId: 5129} | ret=SUCCESS |  
2019-08-21 12:28:24,593 | INFO  | DNAudit | user=null | ip=null | op=WRITE_CHUNK {blockData=conID: 3 locID: 102654968103240363 bcsId: 5129} | ret=SUCCESS |  
2019-08-21 12:28:24,595 | INFO  | DNAudit | user=null | ip=null | op=PUT_BLOCK {blockData=[blockId=conID: 3 locID: 102654968103240363 bcsId: 0,size=4194304]} | ret=SUCCESS |  
2019-08-21 12:28:24,596 | INFO  | DNAudit | user=null | ip=null | op=PUT_BLOCK {blockData=[blockId=conID: 3 locID: 102654968103240363 bcsId: 0,size=4194304]} | ret=SUCCESS |  
2019-08-21 12:28:24,596 [grpc-default-executor-4] INFO  client.GrpcClientProtocolClient (GrpcClientProtocolClient.java:onNext(255)) - client-C954105195FD->270584e6-a4a8-4db5-8151-214655ce1a56: receive RaftClientReply:client-C954105195FD->270584e6-a4a8-4db5-8151-214655ce1a56@group-787F5BA3AA67, cid=3399, SUCCESS, logIndex=0, commits[270584e6-a4a8-4db5-8151-214655ce1a56:c5134, af078b8b-61ec-497f-9506-472d46a72462:c5132, 09fb9ab4-1b8d-44c0-9f8c-50855c6f1fed:c5132]
2019-08-21 12:28:24,603 | INFO  | SCMAudit | user=jenkins1000 | ip=192.168.34.23 | op=ALLOCATE_BLOCK {owner=b79f83c9-5f7d-4caf-af30-78af34bc5eea, size=4194304, type=RATIS, factor=THREE} | ret=SUCCESS |  
2019-08-21 12:28:24,608 | INFO  | OMAudit | user=jenkins1000 | ip=127.0.0.1 | op=ALLOCATE_BLOCK {volume=vol-0-06517, bucket=bucket-0-64549, key=key-0-34512, dataSize=0, replicationType=null, replicationFactor=null, keyLocationInfo=null, clientID=102654965997830546} | ret=SUCCESS |  
2019-08-21 12:28:24,616 | INFO  | DNAudit | user=null | ip=null | op=WRITE_CHUNK {blockData=conID: 1 locID: 102654968109662892 bcsId: 0} | ret=SUCCESS |  
2019-08-21 12:28:24,619 | INFO  | DNAudit | user=null | ip=null | op=WRITE_CHUNK {blockData=conID: 1 locID: 102654968109662892 bcsId: 0} | ret=SUCCESS |  
2019-08-21 12:28:24,619 | INFO  | DNAudit | user=null | ip=null | op=WRITE_CHUNK {blockData=conID: 1 locID: 102654968109662892 bcsId: 0} | ret=SUCCESS |  
2019-08-21 12:28:24,620 | INFO  | DNAudit | user=null | ip=null | op=WRITE_CHUNK {blockData=conID: 1 locID: 102654968109662892 bcsId: 0} | ret=SUCCESS |  
2019-08-21 12:28:24,621 | INFO  | DNAudit | user=null | ip=null | op=WRITE_CHUNK {blockData=conID: 1 locID: 102654968109662892 bcsId: 0} | ret=SUCCESS |  
2019-08-21 12:28:24,622 | INFO  | DNAudit | user=null | ip=null | op=PUT_BLOCK {blockData=[blockId=conID: 1 locID: 102654968109662892 bcsId: 0,size=1048576]} | ret=SUCCESS |  
2019-08-21 12:28:24,622 | INFO  | DNAudit | user=null | ip=null | op=WRITE_CHUNK {blockData=conID: 1 locID: 102654968109662892 bcsId: 0} | ret=SUCCESS |  
2019-08-21 12:28:24,622 [grpc-default-executor-2] INFO  client.GrpcClientProtocolClient (GrpcClientProtocolClient.java:onNext(255)) - client-C954105195FD->270584e6-a4a8-4db5-8151-214655ce1a56: receive RaftClientReply:client-C954105195FD->270584e6-a4a8-4db5-8151-214655ce1a56@group-787F5BA3AA67, cid=3400, SUCCESS, logIndex=5135, commits[270584e6-a4a8-4db5-8151-214655ce1a56:c5136, af078b8b-61ec-497f-9506-472d46a72462:c5134, 09fb9ab4-1b8d-44c0-9f8c-50855c6f1fed:c5132]
2019-08-21 12:28:24,622 | INFO  | DNAudit | user=null | ip=null | op=WRITE_CHUNK {blockData=conID: 1 locID: 102654968109662892 bcsId: 0} | ret=SUCCESS |  
2019-08-21 12:28:24,622 [grpc-default-executor-2] INFO  client.GrpcClientProtocolClient (GrpcClientProtocolClient.java:onNext(255)) - client-C954105195FD->270584e6-a4a8-4db5-8151-214655ce1a56: receive RaftClientReply:client-C954105195FD->270584e6-a4a8-4db5-8151-214655ce1a56@group-787F5BA3AA67, cid=3401, SUCCESS, logIndex=5136, commits[270584e6-a4a8-4db5-8151-214655ce1a56:c5136, af078b8b-61ec-497f-9506-472d46a72462:c5134, 09fb9ab4-1b8d-44c0-9f8c-50855c6f1fed:c5134]
2019-08-21 12:28:24,625 | INFO  | DNAudit | user=null | ip=null | op=WRITE_CHUNK {blockData=conID: 1 locID: 102654968109662892 bcsId: 0} | ret=SUCCESS |  
2019-08-21 12:28:24,626 | INFO  | DNAudit | user=null | ip=null | op=WRITE_CHUNK {blockData=conID: 1 locID: 102654968109662892 bcsId: 0} | ret=SUCCESS |  
2019-08-21 12:28:24,626 | INFO  | DNAudit | user=null | ip=null | op=PUT_BLOCK {blockData=[blockId=conID: 1 locID: 102654968109662892 bcsId: 0,size=2097152]} | ret=SUCCESS |  
2019-08-21 12:28:24,626 | INFO  | DNAudit | user=null | ip=null | op=WRITE_CHUNK {blockData=conID: 1 locID: 102654968109662892 bcsId: 0} | ret=SUCCESS |  
2019-08-21 12:28:24,626 | INFO  | DNAudit | user=null | ip=null | op=PUT_BLOCK {blockData=[blockId=conID: 1 locID: 102654968109662892 bcsId: 0,size=1048576]} | ret=SUCCESS |  
2019-08-21 12:28:24,626 | INFO  | DNAudit | user=null | ip=null | op=PUT_BLOCK {blockData=[blockId=conID: 1 locID: 102654968109662892 bcsId: 0,size=1048576]} | ret=SUCCESS |  
2019-08-21 12:28:24,626 [grpc-default-executor-1] INFO  client.GrpcClientProtocolClient (GrpcClientProtocolClient.java:onNext(255)) - client-C954105195FD->270584e6-a4a8-4db5-8151-214655ce1a56: receive RaftClientReply:client-C954105195FD->270584e6-a4a8-4db5-8151-214655ce1a56@group-787F5BA3AA67, cid=3402, SUCCESS, logIndex=5137, commits[270584e6-a4a8-4db5-8151-214655ce1a56:c5138, af078b8b-61ec-497f-9506-472d46a72462:c5134, 09fb9ab4-1b8d-44c0-9f8c-50855c6f1fed:c5134]
2019-08-21 12:28:24,626 [grpc-default-executor-1] INFO  client.GrpcClientProtocolClient (GrpcClientProtocolClient.java:onNext(255)) - client-C954105195FD->270584e6-a4a8-4db5-8151-214655ce1a56: receive RaftClientReply:client-C954105195FD->270584e6-a4a8-4db5-8151-214655ce1a56@group-787F5BA3AA67, cid=3403, SUCCESS, logIndex=5138, commits[270584e6-a4a8-4db5-8151-214655ce1a56:c5139, af078b8b-61ec-497f-9506-472d46a72462:c5136, 09fb9ab4-1b8d-44c0-9f8c-50855c6f1fed:c5136]
2019-08-21 12:28:24,629 | INFO  | DNAudit | user=null | ip=null | op=WRITE_CHUNK {blockData=conID: 1 locID: 102654968109662892 bcsId: 0} | ret=SUCCESS |  
2019-08-21 12:28:24,629 | INFO  | DNAudit | user=null | ip=null | op=WRITE_CHUNK {blockData=conID: 1 locID: 102654968109662892 bcsId: 0} | ret=SUCCESS |  
2019-08-21 12:28:24,629 | INFO  | DNAudit | user=null | ip=null | op=PUT_BLOCK {blockData=[blockId=conID: 1 locID: 102654968109662892 bcsId: 0,size=2097152]} | ret=SUCCESS |  
2019-08-21 12:28:24,629 | INFO  | DNAudit | user=null | ip=null | op=PUT_BLOCK {blockData=[blockId=conID: 1 locID: 102654968109662892 bcsId: 0,size=2097152]} | ret=SUCCESS |  
2019-08-21 12:28:24,633 | INFO  | DNAudit | user=null | ip=null | op=WRITE_CHUNK {blockData=conID: 1 locID: 102654968109662892 bcsId: 5138} | ret=SUCCESS |  
2019-08-21 12:28:24,635 | INFO  | DNAudit | user=null | ip=null | op=WRITE_CHUNK {blockData=conID: 1 locID: 102654968109662892 bcsId: 5138} | ret=SUCCESS |  
2019-08-21 12:28:24,636 | INFO  | DNAudit | user=null | ip=null | op=WRITE_CHUNK {blockData=conID: 1 locID: 102654968109662892 bcsId: 5138} | ret=SUCCESS |  
2019-08-21 12:28:24,637 | INFO  | DNAudit | user=null | ip=null | op=WRITE_CHUNK {blockData=conID: 1 locID: 102654968109662892 bcsId: 5138} | ret=SUCCESS |  
2019-08-21 12:28:24,637 | INFO  | DNAudit | user=null | ip=null | op=PUT_BLOCK {blockData=[blockId=conID: 1 locID: 102654968109662892 bcsId: 0,size=3145728]} | ret=SUCCESS |  
2019-08-21 12:28:24,637 [grpc-default-executor-1] INFO  client.GrpcClientProtocolClient (GrpcClientProtocolClient.java:onNext(255)) - client-C954105195FD->270584e6-a4a8-4db5-8151-214655ce1a56: receive RaftClientReply:client-C954105195FD->270584e6-a4a8-4db5-8151-214655ce1a56@group-787F5BA3AA67, cid=3404, SUCCESS, logIndex=5143, commits[270584e6-a4a8-4db5-8151-214655ce1a56:c5144, af078b8b-61ec-497f-9506-472d46a72462:c5142, 09fb9ab4-1b8d-44c0-9f8c-50855c6f1fed:c5138]
2019-08-21 12:28:24,638 [grpc-default-executor-1] INFO  client.GrpcClientProtocolClient (GrpcClientProtocolClient.java:onNext(255)) - client-C954105195FD->270584e6-a4a8-4db5-8151-214655ce1a56: receive RaftClientReply:client-C954105195FD->270584e6-a4a8-4db5-8151-214655ce1a56@group-787F5BA3AA67, cid=3405, SUCCESS, logIndex=5144, commits[270584e6-a4a8-4db5-8151-214655ce1a56:c5144, af078b8b-61ec-497f-9506-472d46a72462:c5142, 09fb9ab4-1b8d-44c0-9f8c-50855c6f1fed:c5138]
2019-08-21 12:28:24,639 | INFO  | DNAudit | user=null | ip=null | op=WRITE_CHUNK {blockData=conID: 1 locID: 102654968109662892 bcsId: 5138} | ret=SUCCESS |  
2019-08-21 12:28:24,639 | INFO  | DNAudit | user=null | ip=null | op=WRITE_CHUNK {blockData=conID: 1 locID: 102654968109662892 bcsId: 5138} | ret=SUCCESS |  
2019-08-21 12:28:24,639 | INFO  | DNAudit | user=null | ip=null | op=PUT_BLOCK {blockData=[blockId=conID: 1 locID: 102654968109662892 bcsId: 0,size=3145728]} | ret=SUCCESS |  
2019-08-21 12:28:24,639 | INFO  | DNAudit | user=null | ip=null | op=PUT_BLOCK {blockData=[blockId=conID: 1 locID: 102654968109662892 bcsId: 0,size=3145728]} | ret=SUCCESS |  
2019-08-21 12:28:24,644 | INFO  | DNAudit | user=null | ip=null | op=WRITE_CHUNK {blockData=conID: 1 locID: 102654968109662892 bcsId: 5144} | ret=SUCCESS |  
2019-08-21 12:28:24,646 | INFO  | DNAudit | user=null | ip=null | op=WRITE_CHUNK {blockData=conID: 1 locID: 102654968109662892 bcsId: 5144} | ret=SUCCESS |  
2019-08-21 12:28:24,647 | INFO  | DNAudit | user=null | ip=null | op=WRITE_CHUNK {blockData=conID: 1 locID: 102654968109662892 bcsId: 5144} | ret=SUCCESS |  
2019-08-21 12:28:24,648 | INFO  | DNAudit | user=null | ip=null | op=WRITE_CHUNK {blockData=conID: 1 locID: 102654968109662892 bcsId: 5144} | ret=SUCCESS |  
2019-08-21 12:28:24,649 | INFO  | DNAudit | user=null | ip=null | op=PUT_BLOCK {blockData=[blockId=conID: 1 locID: 102654968109662892 bcsId: 0,size=4194304]} | ret=SUCCESS |  
2019-08-21 12:28:24,649 [grpc-default-executor-1] INFO  client.GrpcClientProtocolClient (GrpcClientProtocolClient.java:onNext(255)) - client-C954105195FD->270584e6-a4a8-4db5-8151-214655ce1a56: receive RaftClientReply:client-C954105195FD->270584e6-a4a8-4db5-8151-214655ce1a56@group-787F5BA3AA67, cid=3406, SUCCESS, logIndex=5147, commits[270584e6-a4a8-4db5-8151-214655ce1a56:c5148, af078b8b-61ec-497f-9506-472d46a72462:c5144, 09fb9ab4-1b8d-44c0-9f8c-50855c6f1fed:c5146]
2019-08-21 12:28:24,649 [grpc-default-executor-1] INFO  client.GrpcClientProtocolClient (GrpcClientProtocolClient.java:onNext(255)) - client-C954105195FD->270584e6-a4a8-4db5-8151-214655ce1a56: receive RaftClientReply:client-C954105195FD->270584e6-a4a8-4db5-8151-214655ce1a56@group-787F5BA3AA67, cid=3407, SUCCESS, logIndex=5148, commits[270584e6-a4a8-4db5-8151-214655ce1a56:c5148, af078b8b-61ec-497f-9506-472d46a72462:c5146, 09fb9ab4-1b8d-44c0-9f8c-50855c6f1fed:c5146]
2019-08-21 12:28:24,652 | INFO  | DNAudit | user=null | ip=null | op=WRITE_CHUNK {blockData=conID: 1 locID: 102654968109662892 bcsId: 5144} | ret=SUCCESS |  
2019-08-21 12:28:24,652 | INFO  | DNAudit | user=null | ip=null | op=WRITE_CHUNK {blockData=conID: 1 locID: 102654968109662892 bcsId: 5144} | ret=SUCCESS |  
2019-08-21 12:28:24,652 | INFO  | DNAudit | user=null | ip=null | op=PUT_BLOCK {blockData=[blockId=conID: 1 locID: 102654968109662892 bcsId: 0,size=4194304]} | ret=SUCCESS |  
2019-08-21 12:28:24,652 | INFO  | DNAudit | user=null | ip=null | op=PUT_BLOCK {blockData=[blockId=conID: 1 locID: 102654968109662892 bcsId: 0,size=4194304]} | ret=SUCCESS |  
2019-08-21 12:28:24,652 [grpc-default-executor-1] INFO  client.GrpcClientProtocolClient (GrpcClientProtocolClient.java:onNext(255)) - client-C954105195FD->270584e6-a4a8-4db5-8151-214655ce1a56: receive RaftClientReply:client-C954105195FD->270584e6-a4a8-4db5-8151-214655ce1a56@group-787F5BA3AA67, cid=3408, SUCCESS, logIndex=0, commits[270584e6-a4a8-4db5-8151-214655ce1a56:c5149, af078b8b-61ec-497f-9506-472d46a72462:c5148, 09fb9ab4-1b8d-44c0-9f8c-50855c6f1fed:c5148]
2019-08-21 12:28:24,658 | INFO  | SCMAudit | user=jenkins1000 | ip=192.168.34.23 | op=ALLOCATE_BLOCK {owner=b79f83c9-5f7d-4caf-af30-78af34bc5eea, size=4194304, type=RATIS, factor=THREE} | ret=SUCCESS |  
2019-08-21 12:28:24,662 | INFO  | OMAudit | user=jenkins1000 | ip=127.0.0.1 | op=ALLOCATE_BLOCK {volume=vol-0-06517, bucket=bucket-0-64549, key=key-0-34512, dataSize=0, replicationType=null, replicationFactor=null, keyLocationInfo=null, clientID=102654965997830546} | ret=SUCCESS |  
2019-08-21 12:28:24,668 | INFO  | DNAudit | user=null | ip=null | op=WRITE_CHUNK {blockData=conID: 2 locID: 102654968113267373 bcsId: 0} | ret=SUCCESS |  
2019-08-21 12:28:24,671 | INFO  | DNAudit | user=null | ip=null | op=WRITE_CHUNK {blockData=conID: 2 locID: 102654968113267373 bcsId: 0} | ret=SUCCESS |  
2019-08-21 12:28:24,671 | INFO  | DNAudit | user=null | ip=null | op=WRITE_CHUNK {blockData=conID: 2 locID: 102654968113267373 bcsId: 0} | ret=SUCCESS |  
2019-08-21 12:28:24,671 | INFO  | DNAudit | user=null | ip=null | op=WRITE_CHUNK {blockData=conID: 2 locID: 102654968113267373 bcsId: 0} | ret=SUCCESS |  
2019-08-21 12:28:24,672 | INFO  | DNAudit | user=null | ip=null | op=WRITE_CHUNK {blockData=conID: 2 locID: 102654968113267373 bcsId: 0} | ret=SUCCESS |  
2019-08-21 12:28:24,672 | INFO  | DNAudit | user=null | ip=null | op=WRITE_CHUNK {blockData=conID: 2 locID: 102654968113267373 bcsId: 0} | ret=SUCCESS |  
2019-08-21 12:28:24,673 | INFO  | DNAudit | user=null | ip=null | op=WRITE_CHUNK {blockData=conID: 2 locID: 102654968113267373 bcsId: 0} | ret=SUCCESS |  
2019-08-21 12:28:24,674 | INFO  | DNAudit | user=null | ip=null | op=PUT_BLOCK {blockData=[blockId=conID: 2 locID: 102654968113267373 bcsId: 0,size=1048576]} | ret=SUCCESS |  
2019-08-21 12:28:24,674 [grpc-default-executor-2] INFO  client.GrpcClientProtocolClient (GrpcClientProtocolClient.java:onNext(255)) - client-C954105195FD->270584e6-a4a8-4db5-8151-214655ce1a56: receive RaftClientReply:client-C954105195FD->270584e6-a4a8-4db5-8151-214655ce1a56@group-787F5BA3AA67, cid=3409, SUCCESS, logIndex=5151, commits[270584e6-a4a8-4db5-8151-214655ce1a56:c5152, af078b8b-61ec-497f-9506-472d46a72462:c5148, 09fb9ab4-1b8d-44c0-9f8c-50855c6f1fed:c5150]
2019-08-21 12:28:24,674 [grpc-default-executor-2] INFO  client.GrpcClientProtocolClient (GrpcClientProtocolClient.java:onNext(255)) - client-C954105195FD->270584e6-a4a8-4db5-8151-214655ce1a56: receive RaftClientReply:client-C954105195FD->270584e6-a4a8-4db5-8151-214655ce1a56@group-787F5BA3AA67, cid=3410, SUCCESS, logIndex=5152, commits[270584e6-a4a8-4db5-8151-214655ce1a56:c5152, af078b8b-61ec-497f-9506-472d46a72462:c5148, 09fb9ab4-1b8d-44c0-9f8c-50855c6f1fed:c5150]
2019-08-21 12:28:24,676 | INFO  | DNAudit | user=null | ip=null | op=WRITE_CHUNK {blockData=conID: 2 locID: 102654968113267373 bcsId: 0} | ret=SUCCESS |  
2019-08-21 12:28:24,676 | INFO  | DNAudit | user=null | ip=null | op=PUT_BLOCK {blockData=[blockId=conID: 2 locID: 102654968113267373 bcsId: 0,size=2097152]} | ret=SUCCESS |  
2019-08-21 12:28:24,676 [grpc-default-executor-4] INFO  client.GrpcClientProtocolClient (GrpcClientProtocolClient.java:onNext(255)) - client-C954105195FD->270584e6-a4a8-4db5-8151-214655ce1a56: receive RaftClientReply:client-C954105195FD->270584e6-a4a8-4db5-8151-214655ce1a56@group-787F5BA3AA67, cid=3411, SUCCESS, logIndex=5153, commits[270584e6-a4a8-4db5-8151-214655ce1a56:c5154, af078b8b-61ec-497f-9506-472d46a72462:c5150, 09fb9ab4-1b8d-44c0-9f8c-50855c6f1fed:c5150]
2019-08-21 12:28:24,677 [grpc-default-executor-4] INFO  client.GrpcClientProtocolClient (GrpcClientProtocolClient.java:onNext(255)) - client-C954105195FD->270584e6-a4a8-4db5-8151-214655ce1a56: receive RaftClientReply:client-C954105195FD->270584e6-a4a8-4db5-8151-214655ce1a56@group-787F5BA3AA67, cid=3412, SUCCESS, logIndex=5154, commits[270584e6-a4a8-4db5-8151-214655ce1a56:c5154, af078b8b-61ec-497f-9506-472d46a72462:c5150, 09fb9ab4-1b8d-44c0-9f8c-50855c6f1fed:c5150]
2019-08-21 12:28:24,687 | INFO  | DNAudit | user=null | ip=null | op=WRITE_CHUNK {blockData=conID: 2 locID: 102654968113267373 bcsId: 0} | ret=SUCCESS |  
2019-08-21 12:28:24,687 | INFO  | DNAudit | user=null | ip=null | op=WRITE_CHUNK {blockData=conID: 2 locID: 102654968113267373 bcsId: 0} | ret=SUCCESS |  
2019-08-21 12:28:24,687 | INFO  | DNAudit | user=null | ip=null | op=PUT_BLOCK {blockData=[blockId=conID: 2 locID: 102654968113267373 bcsId: 0,size=1048576]} | ret=SUCCESS |  
2019-08-21 12:28:24,687 | INFO  | DNAudit | user=null | ip=null | op=PUT_BLOCK {blockData=[blockId=conID: 2 locID: 102654968113267373 bcsId: 0,size=1048576]} | ret=SUCCESS |  
2019-08-21 12:28:24,687 | INFO  | DNAudit | user=null | ip=null | op=WRITE_CHUNK {blockData=conID: 2 locID: 102654968113267373 bcsId: 0} | ret=SUCCESS |  
2019-08-21 12:28:24,688 [grpc-default-executor-4] INFO  client.GrpcClientProtocolClient (GrpcClientProtocolClient.java:onNext(255)) - client-C954105195FD->270584e6-a4a8-4db5-8151-214655ce1a56: receive RaftClientReply:client-C954105195FD->270584e6-a4a8-4db5-8151-214655ce1a56@group-787F5BA3AA67, cid=3413, SUCCESS, logIndex=0, commits[270584e6-a4a8-4db5-8151-214655ce1a56:c5155, af078b8b-61ec-497f-9506-472d46a72462:c5152, 09fb9ab4-1b8d-44c0-9f8c-50855c6f1fed:c5152]
2019-08-21 12:28:24,688 | INFO  | DNAudit | user=null | ip=null | op=WRITE_CHUNK {blockData=conID: 2 locID: 102654968113267373 bcsId: 0} | ret=SUCCESS |  
2019-08-21 12:28:24,688 | INFO  | DNAudit | user=null | ip=null | op=PUT_BLOCK {blockData=[blockId=conID: 2 locID: 102654968113267373 bcsId: 0,size=2097152]} | ret=SUCCESS |  
2019-08-21 12:28:24,689 | INFO  | DNAudit | user=null | ip=null | op=PUT_BLOCK {blockData=[blockId=conID: 2 locID: 102654968113267373 bcsId: 0,size=2097152]} | ret=SUCCESS |  
2019-08-21 12:28:24,693 | INFO  | DNAudit | user=null | ip=null | op=WRITE_CHUNK {blockData=conID: 2 locID: 102654968113267373 bcsId: 5154} | ret=SUCCESS |  
2019-08-21 12:28:24,696 | INFO  | DNAudit | user=null | ip=null | op=WRITE_CHUNK {blockData=conID: 2 locID: 102654968113267373 bcsId: 5154} | ret=SUCCESS |  
2019-08-21 12:28:24,696 | INFO  | DNAudit | user=null | ip=null | op=WRITE_CHUNK {blockData=conID: 2 locID: 102654968113267373 bcsId: 5154} | ret=SUCCESS |  
2019-08-21 12:28:24,708 | INFO  | DNAudit | user=null | ip=null | op=WRITE_CHUNK {blockData=conID: 2 locID: 102654968113267373 bcsId: 5154} | ret=SUCCESS |  
2019-08-21 12:28:24,708 | INFO  | DNAudit | user=null | ip=null | op=PUT_BLOCK {blockData=[blockId=conID: 2 locID: 102654968113267373 bcsId: 0,size=3145728]} | ret=SUCCESS |  
2019-08-21 12:28:24,708 [grpc-default-executor-4] INFO  client.GrpcClientProtocolClient (GrpcClientProtocolClient.java:onNext(255)) - client-C954105195FD->270584e6-a4a8-4db5-8151-214655ce1a56: receive RaftClientReply:client-C954105195FD->270584e6-a4a8-4db5-8151-214655ce1a56@group-787F5BA3AA67, cid=3414, SUCCESS, logIndex=5159, commits[270584e6-a4a8-4db5-8151-214655ce1a56:c5160, af078b8b-61ec-497f-9506-472d46a72462:c5158, 09fb9ab4-1b8d-44c0-9f8c-50855c6f1fed:c5158]
2019-08-21 12:28:24,708 [grpc-default-executor-4] INFO  client.GrpcClientProtocolClient (GrpcClientProtocolClient.java:onNext(255)) - client-C954105195FD->270584e6-a4a8-4db5-8151-214655ce1a56: receive RaftClientReply:client-C954105195FD->270584e6-a4a8-4db5-8151-214655ce1a56@group-787F5BA3AA67, cid=3415, SUCCESS, logIndex=5160, commits[270584e6-a4a8-4db5-8151-214655ce1a56:c5160, af078b8b-61ec-497f-9506-472d46a72462:c5158, 09fb9ab4-1b8d-44c0-9f8c-50855c6f1fed:c5158]
2019-08-21 12:28:24,714 | INFO  | DNAudit | user=null | ip=null | op=WRITE_CHUNK {blockData=conID: 2 locID: 102654968113267373 bcsId: 5160} | ret=SUCCESS |  
2019-08-21 12:28:24,716 | INFO  | DNAudit | user=null | ip=null | op=WRITE_CHUNK {blockData=conID: 2 locID: 102654968113267373 bcsId: 5160} | ret=SUCCESS |  
2019-08-21 12:28:24,716 | INFO  | DNAudit | user=null | ip=null | op=WRITE_CHUNK {blockData=conID: 2 locID: 102654968113267373 bcsId: 5160} | ret=SUCCESS |  
2019-08-21 12:28:24,720 | INFO  | DNAudit | user=null | ip=null | op=WRITE_CHUNK {blockData=conID: 2 locID: 102654968113267373 bcsId: 5154} | ret=SUCCESS |  
2019-08-21 12:28:24,720 | INFO  | DNAudit | user=null | ip=null | op=WRITE_CHUNK {blockData=conID: 2 locID: 102654968113267373 bcsId: 5154} | ret=SUCCESS |  
2019-08-21 12:28:24,723 | INFO  | DNAudit | user=null | ip=null | op=PUT_BLOCK {blockData=[blockId=conID: 2 locID: 102654968113267373 bcsId: 0,size=3145728]} | ret=SUCCESS |  
2019-08-21 12:28:24,723 | INFO  | DNAudit | user=null | ip=null | op=PUT_BLOCK {blockData=[blockId=conID: 2 locID: 102654968113267373 bcsId: 0,size=3145728]} | ret=SUCCESS |  
2019-08-21 12:28:24,723 | INFO  | DNAudit | user=null | ip=null | op=WRITE_CHUNK {blockData=conID: 2 locID: 102654968113267373 bcsId: 5160} | ret=SUCCESS |  
2019-08-21 12:28:24,724 | INFO  | DNAudit | user=null | ip=null | op=PUT_BLOCK {blockData=[blockId=conID: 2 locID: 102654968113267373 bcsId: 0,size=4194304]} | ret=SUCCESS |  
2019-08-21 12:28:24,724 [grpc-default-executor-4] INFO  client.GrpcClientProtocolClient (GrpcClientProtocolClient.java:onNext(255)) - client-C954105195FD->270584e6-a4a8-4db5-8151-214655ce1a56: receive RaftClientReply:client-C954105195FD->270584e6-a4a8-4db5-8151-214655ce1a56@group-787F5BA3AA67, cid=3416, SUCCESS, logIndex=5163, commits[270584e6-a4a8-4db5-8151-214655ce1a56:c5164, af078b8b-61ec-497f-9506-472d46a72462:c5160, 09fb9ab4-1b8d-44c0-9f8c-50855c6f1fed:c5160]
2019-08-21 12:28:24,724 [grpc-default-executor-4] INFO  client.GrpcClientProtocolClient (GrpcClientProtocolClient.java:onNext(255)) - client-C954105195FD->270584e6-a4a8-4db5-8151-214655ce1a56: receive RaftClientReply:client-C954105195FD->270584e6-a4a8-4db5-8151-214655ce1a56@group-787F5BA3AA67, cid=3417, SUCCESS, logIndex=5164, commits[270584e6-a4a8-4db5-8151-214655ce1a56:c5164, af078b8b-61ec-497f-9506-472d46a72462:c5160, 09fb9ab4-1b8d-44c0-9f8c-50855c6f1fed:c5160]
2019-08-21 12:28:24,735 | INFO  | DNAudit | user=null | ip=null | op=WRITE_CHUNK {blockData=conID: 2 locID: 102654968113267373 bcsId: 5160} | ret=SUCCESS |  
2019-08-21 12:28:24,735 | INFO  | DNAudit | user=null | ip=null | op=WRITE_CHUNK {blockData=conID: 2 locID: 102654968113267373 bcsId: 5160} | ret=SUCCESS |  
2019-08-21 12:28:24,735 | INFO  | DNAudit | user=null | ip=null | op=PUT_BLOCK {blockData=[blockId=conID: 2 locID: 102654968113267373 bcsId: 0,size=4194304]} | ret=SUCCESS |  
2019-08-21 12:28:24,738 | INFO  | DNAudit | user=null | ip=null | op=PUT_BLOCK {blockData=[blockId=conID: 2 locID: 102654968113267373 bcsId: 0,size=4194304]} | ret=SUCCESS |  
2019-08-21 12:28:24,738 [grpc-default-executor-4] INFO  client.GrpcClientProtocolClient (GrpcClientProtocolClient.java:onNext(255)) - client-C954105195FD->270584e6-a4a8-4db5-8151-214655ce1a56: receive RaftClientReply:client-C954105195FD->270584e6-a4a8-4db5-8151-214655ce1a56@group-787F5BA3AA67, cid=3418, SUCCESS, logIndex=0, commits[270584e6-a4a8-4db5-8151-214655ce1a56:c5166, af078b8b-61ec-497f-9506-472d46a72462:c5164, 09fb9ab4-1b8d-44c0-9f8c-50855c6f1fed:c5164]
2019-08-21 12:28:24,744 | INFO  | SCMAudit | user=jenkins1000 | ip=192.168.34.23 | op=ALLOCATE_BLOCK {owner=b79f83c9-5f7d-4caf-af30-78af34bc5eea, size=4194304, type=RATIS, factor=THREE} | ret=SUCCESS |  
2019-08-21 12:28:24,748 | INFO  | OMAudit | user=jenkins1000 | ip=127.0.0.1 | op=ALLOCATE_BLOCK {volume=vol-0-06517, bucket=bucket-0-64549, key=key-0-34512, dataSize=0, replicationType=null, replicationFactor=null, keyLocationInfo=null, clientID=102654965997830546} | ret=SUCCESS |  
2019-08-21 12:28:24,755 | INFO  | DNAudit | user=null | ip=null | op=WRITE_CHUNK {blockData=conID: 3 locID: 102654968118903470 bcsId: 0} | ret=SUCCESS |  
2019-08-21 12:28:24,758 | INFO  | DNAudit | user=null | ip=null | op=WRITE_CHUNK {blockData=conID: 3 locID: 102654968118903470 bcsId: 0} | ret=SUCCESS |  
2019-08-21 12:28:24,759 | INFO  | DNAudit | user=null | ip=null | op=WRITE_CHUNK {blockData=conID: 3 locID: 102654968118903470 bcsId: 0} | ret=SUCCESS |  
2019-08-21 12:28:24,759 | INFO  | DNAudit | user=null | ip=null | op=WRITE_CHUNK {blockData=conID: 3 locID: 102654968118903470 bcsId: 0} | ret=SUCCESS |  
2019-08-21 12:28:24,761 | INFO  | DNAudit | user=null | ip=null | op=WRITE_CHUNK {blockData=conID: 3 locID: 102654968118903470 bcsId: 0} | ret=SUCCESS |  
2019-08-21 12:28:24,761 | INFO  | DNAudit | user=null | ip=null | op=WRITE_CHUNK {blockData=conID: 3 locID: 102654968118903470 bcsId: 0} | ret=SUCCESS |  
2019-08-21 12:28:24,769 | INFO  | DNAudit | user=null | ip=null | op=WRITE_CHUNK {blockData=conID: 3 locID: 102654968118903470 bcsId: 0} | ret=SUCCESS |  
2019-08-21 12:28:24,770 | INFO  | DNAudit | user=null | ip=null | op=PUT_BLOCK {blockData=[blockId=conID: 3 locID: 102654968118903470 bcsId: 0,size=1048576]} | ret=SUCCESS |  
2019-08-21 12:28:24,770 [grpc-default-executor-2] INFO  client.GrpcClientProtocolClient (GrpcClientProtocolClient.java:onNext(255)) - client-C954105195FD->270584e6-a4a8-4db5-8151-214655ce1a56: receive RaftClientReply:client-C954105195FD->270584e6-a4a8-4db5-8151-214655ce1a56@group-787F5BA3AA67, cid=3419, SUCCESS, logIndex=5167, commits[270584e6-a4a8-4db5-8151-214655ce1a56:c5168, af078b8b-61ec-497f-9506-472d46a72462:c5166, 09fb9ab4-1b8d-44c0-9f8c-50855c6f1fed:c5166]
2019-08-21 12:28:24,770 [grpc-default-executor-2] INFO  client.GrpcClientProtocolClient (GrpcClientProtocolClient.java:onNext(255)) - client-C954105195FD->270584e6-a4a8-4db5-8151-214655ce1a56: receive RaftClientReply:client-C954105195FD->270584e6-a4a8-4db5-8151-214655ce1a56@group-787F5BA3AA67, cid=3420, SUCCESS, logIndex=5168, commits[270584e6-a4a8-4db5-8151-214655ce1a56:c5168, af078b8b-61ec-497f-9506-472d46a72462:c5166, 09fb9ab4-1b8d-44c0-9f8c-50855c6f1fed:c5166]
2019-08-21 12:28:24,780 | INFO  | DNAudit | user=null | ip=null | op=WRITE_CHUNK {blockData=conID: 3 locID: 102654968118903470 bcsId: 0} | ret=SUCCESS |  
2019-08-21 12:28:24,781 | INFO  | DNAudit | user=null | ip=null | op=PUT_BLOCK {blockData=[blockId=conID: 3 locID: 102654968118903470 bcsId: 0,size=2097152]} | ret=SUCCESS |  
2019-08-21 12:28:24,781 | INFO  | DNAudit | user=null | ip=null | op=WRITE_CHUNK {blockData=conID: 3 locID: 102654968118903470 bcsId: 0} | ret=SUCCESS |  
2019-08-21 12:28:24,781 [grpc-default-executor-1] INFO  client.GrpcClientProtocolClient (GrpcClientProtocolClient.java:onNext(255)) - client-C954105195FD->270584e6-a4a8-4db5-8151-214655ce1a56: receive RaftClientReply:client-C954105195FD->270584e6-a4a8-4db5-8151-214655ce1a56@group-787F5BA3AA67, cid=3421, SUCCESS, logIndex=5169, commits[270584e6-a4a8-4db5-8151-214655ce1a56:c5170, af078b8b-61ec-497f-9506-472d46a72462:c5166, 09fb9ab4-1b8d-44c0-9f8c-50855c6f1fed:c5166]
2019-08-21 12:28:24,781 | INFO  | DNAudit | user=null | ip=null | op=PUT_BLOCK {blockData=[blockId=conID: 3 locID: 102654968118903470 bcsId: 0,size=1048576]} | ret=SUCCESS |  
2019-08-21 12:28:24,782 [grpc-default-executor-1] INFO  client.GrpcClientProtocolClient (GrpcClientProtocolClient.java:onNext(255)) - client-C954105195FD->270584e6-a4a8-4db5-8151-214655ce1a56: receive RaftClientReply:client-C954105195FD->270584e6-a4a8-4db5-8151-214655ce1a56@group-787F5BA3AA67, cid=3422, SUCCESS, logIndex=5170, commits[270584e6-a4a8-4db5-8151-214655ce1a56:c5170, af078b8b-61ec-497f-9506-472d46a72462:c5166, 09fb9ab4-1b8d-44c0-9f8c-50855c6f1fed:c5166]
2019-08-21 12:28:24,783 | INFO  | DNAudit | user=null | ip=null | op=WRITE_CHUNK {blockData=conID: 3 locID: 102654968118903470 bcsId: 0} | ret=SUCCESS |  
2019-08-21 12:28:24,784 | INFO  | DNAudit | user=null | ip=null | op=PUT_BLOCK {blockData=[blockId=conID: 3 locID: 102654968118903470 bcsId: 0,size=1048576]} | ret=SUCCESS |  
2019-08-21 12:28:24,784 [grpc-default-executor-1] INFO  client.GrpcClientProtocolClient (GrpcClientProtocolClient.java:onNext(255)) - client-C954105195FD->270584e6-a4a8-4db5-8151-214655ce1a56: receive RaftClientReply:client-C954105195FD->270584e6-a4a8-4db5-8151-214655ce1a56@group-787F5BA3AA67, cid=3423, SUCCESS, logIndex=0, commits[270584e6-a4a8-4db5-8151-214655ce1a56:c5172, af078b8b-61ec-497f-9506-472d46a72462:c5168, 09fb9ab4-1b8d-44c0-9f8c-50855c6f1fed:c5168]
2019-08-21 12:28:24,791 | INFO  | DNAudit | user=null | ip=null | op=WRITE_CHUNK {blockData=conID: 3 locID: 102654968118903470 bcsId: 5170} | ret=SUCCESS |  
2019-08-21 12:28:24,794 | INFO  | DNAudit | user=null | ip=null | op=WRITE_CHUNK {blockData=conID: 3 locID: 102654968118903470 bcsId: 0} | ret=SUCCESS |  
2019-08-21 12:28:24,794 | INFO  | DNAudit | user=null | ip=null | op=PUT_BLOCK {blockData=[blockId=conID: 3 locID: 102654968118903470 bcsId: 0,size=2097152]} | ret=SUCCESS |  
2019-08-21 12:28:24,794 | INFO  | DNAudit | user=null | ip=null | op=WRITE_CHUNK {blockData=conID: 3 locID: 102654968118903470 bcsId: 5170} | ret=SUCCESS |  
2019-08-21 12:28:24,795 | INFO  | DNAudit | user=null | ip=null | op=WRITE_CHUNK {blockData=conID: 3 locID: 102654968118903470 bcsId: 0} | ret=SUCCESS |  
2019-08-21 12:28:24,795 | INFO  | DNAudit | user=null | ip=null | op=PUT_BLOCK {blockData=[blockId=conID: 3 locID: 102654968118903470 bcsId: 0,size=2097152]} | ret=SUCCESS |  
2019-08-21 12:28:24,795 | INFO  | DNAudit | user=null | ip=null | op=WRITE_CHUNK {blockData=conID: 3 locID: 102654968118903470 bcsId: 5170} | ret=SUCCESS |  
2019-08-21 12:28:24,796 | INFO  | DNAudit | user=null | ip=null | op=WRITE_CHUNK {blockData=conID: 3 locID: 102654968118903470 bcsId: 5170} | ret=SUCCESS |  
2019-08-21 12:28:24,797 | INFO  | DNAudit | user=null | ip=null | op=PUT_BLOCK {blockData=[blockId=conID: 3 locID: 102654968118903470 bcsId: 0,size=3145728]} | ret=SUCCESS |  
2019-08-21 12:28:24,797 [grpc-default-executor-4] INFO  client.GrpcClientProtocolClient (GrpcClientProtocolClient.java:onNext(255)) - client-C954105195FD->270584e6-a4a8-4db5-8151-214655ce1a56: receive RaftClientReply:client-C954105195FD->270584e6-a4a8-4db5-8151-214655ce1a56@group-787F5BA3AA67, cid=3424, SUCCESS, logIndex=5175, commits[270584e6-a4a8-4db5-8151-214655ce1a56:c5176, af078b8b-61ec-497f-9506-472d46a72462:c5172, 09fb9ab4-1b8d-44c0-9f8c-50855c6f1fed:c5170]
2019-08-21 12:28:24,797 [grpc-default-executor-4] INFO  client.GrpcClientProtocolClient (GrpcClientProtocolClient.java:onNext(255)) - client-C954105195FD->270584e6-a4a8-4db5-8151-214655ce1a56: receive RaftClientReply:client-C954105195FD->270584e6-a4a8-4db5-8151-214655ce1a56@group-787F5BA3AA67, cid=3425, SUCCESS, logIndex=5176, commits[270584e6-a4a8-4db5-8151-214655ce1a56:c5176, af078b8b-61ec-497f-9506-472d46a72462:c5172, 09fb9ab4-1b8d-44c0-9f8c-50855c6f1fed:c5172]
2019-08-21 12:28:24,797 | INFO  | DNAudit | user=null | ip=null | op=WRITE_CHUNK {blockData=conID: 3 locID: 102654968118903470 bcsId: 5170} | ret=SUCCESS |  
2019-08-21 12:28:24,798 | INFO  | DNAudit | user=null | ip=null | op=WRITE_CHUNK {blockData=conID: 3 locID: 102654968118903470 bcsId: 5170} | ret=SUCCESS |  
2019-08-21 12:28:24,800 | INFO  | DNAudit | user=null | ip=null | op=PUT_BLOCK {blockData=[blockId=conID: 3 locID: 102654968118903470 bcsId: 0,size=3145728]} | ret=SUCCESS |  
2019-08-21 12:28:24,800 | INFO  | DNAudit | user=null | ip=null | op=PUT_BLOCK {blockData=[blockId=conID: 3 locID: 102654968118903470 bcsId: 0,size=3145728]} | ret=SUCCESS |  
2019-08-21 12:28:24,804 | INFO  | DNAudit | user=null | ip=null | op=WRITE_CHUNK {blockData=conID: 3 locID: 102654968118903470 bcsId: 5176} | ret=SUCCESS |  
2019-08-21 12:28:24,807 | INFO  | DNAudit | user=null | ip=null | op=WRITE_CHUNK {blockData=conID: 3 locID: 102654968118903470 bcsId: 5176} | ret=SUCCESS |  
2019-08-21 12:28:24,807 | INFO  | DNAudit | user=null | ip=null | op=WRITE_CHUNK {blockData=conID: 3 locID: 102654968118903470 bcsId: 5176} | ret=SUCCESS |  
2019-08-21 12:28:24,817 | INFO  | DNAudit | user=null | ip=null | op=WRITE_CHUNK {blockData=conID: 3 locID: 102654968118903470 bcsId: 5176} | ret=SUCCESS |  
2019-08-21 12:28:24,817 | INFO  | DNAudit | user=null | ip=null | op=PUT_BLOCK {blockData=[blockId=conID: 3 locID: 102654968118903470 bcsId: 0,size=4194304]} | ret=SUCCESS |  
2019-08-21 12:28:24,818 [grpc-default-executor-2] INFO  client.GrpcClientProtocolClient (GrpcClientProtocolClient.java:onNext(255)) - client-C954105195FD->270584e6-a4a8-4db5-8151-214655ce1a56: receive RaftClientReply:client-C954105195FD->270584e6-a4a8-4db5-8151-214655ce1a56@group-787F5BA3AA67, cid=3426, SUCCESS, logIndex=5179, commits[270584e6-a4a8-4db5-8151-214655ce1a56:c5180, af078b8b-61ec-497f-9506-472d46a72462:c5178, 09fb9ab4-1b8d-44c0-9f8c-50855c6f1fed:c5178]
2019-08-21 12:28:24,818 [grpc-default-executor-2] INFO  client.GrpcClientProtocolClient (GrpcClientProtocolClient.java:onNext(255)) - client-C954105195FD->270584e6-a4a8-4db5-8151-214655ce1a56: receive RaftClientReply:client-C954105195FD->270584e6-a4a8-4db5-8151-214655ce1a56@group-787F5BA3AA67, cid=3427, SUCCESS, logIndex=5180, commits[270584e6-a4a8-4db5-8151-214655ce1a56:c5180, af078b8b-61ec-497f-9506-472d46a72462:c5178, 09fb9ab4-1b8d-44c0-9f8c-50855c6f1fed:c5178]
2019-08-21 12:28:24,830 | INFO  | DNAudit | user=null | ip=null | op=WRITE_CHUNK {blockData=conID: 3 locID: 102654968118903470 bcsId: 5176} | ret=SUCCESS |  
2019-08-21 12:28:24,830 | INFO  | DNAudit | user=null | ip=null | op=WRITE_CHUNK {blockData=conID: 3 locID: 102654968118903470 bcsId: 5176} | ret=SUCCESS |  
2019-08-21 12:28:24,843 | INFO  | DNAudit | user=null | ip=null | op=PUT_BLOCK {blockData=[blockId=conID: 3 locID: 102654968118903470 bcsId: 0,size=4194304]} | ret=SUCCESS |  
2019-08-21 12:28:24,843 | INFO  | DNAudit | user=null | ip=null | op=PUT_BLOCK {blockData=[blockId=conID: 3 locID: 102654968118903470 bcsId: 0,size=4194304]} | ret=SUCCESS |  
2019-08-21 12:28:24,843 [grpc-default-executor-2] INFO  client.GrpcClientProtocolClient (GrpcClientProtocolClient.java:onNext(255)) - client-C954105195FD->270584e6-a4a8-4db5-8151-214655ce1a56: receive RaftClientReply:client-C954105195FD->270584e6-a4a8-4db5-8151-214655ce1a56@group-787F5BA3AA67, cid=3428, SUCCESS, logIndex=0, commits[270584e6-a4a8-4db5-8151-214655ce1a56:c5182, af078b8b-61ec-497f-9506-472d46a72462:c5180, 09fb9ab4-1b8d-44c0-9f8c-50855c6f1fed:c5180]
2019-08-21 12:28:24,852 | INFO  | SCMAudit | user=jenkins1000 | ip=192.168.34.23 | op=ALLOCATE_BLOCK {owner=b79f83c9-5f7d-4caf-af30-78af34bc5eea, size=4194304, type=RATIS, factor=THREE} | ret=SUCCESS |  
2019-08-21 12:28:24,858 | INFO  | OMAudit | user=jenkins1000 | ip=127.0.0.1 | op=ALLOCATE_BLOCK {volume=vol-0-06517, bucket=bucket-0-64549, key=key-0-34512, dataSize=0, replicationType=null, replicationFactor=null, keyLocationInfo=null, clientID=102654965997830546} | ret=SUCCESS |  
2019-08-21 12:28:24,865 | INFO  | DNAudit | user=null | ip=null | op=WRITE_CHUNK {blockData=conID: 1 locID: 102654968125981359 bcsId: 0} | ret=SUCCESS |  
2019-08-21 12:28:24,868 | INFO  | DNAudit | user=null | ip=null | op=WRITE_CHUNK {blockData=conID: 1 locID: 102654968125981359 bcsId: 0} | ret=SUCCESS |  
2019-08-21 12:28:24,868 | INFO  | DNAudit | user=null | ip=null | op=WRITE_CHUNK {blockData=conID: 1 locID: 102654968125981359 bcsId: 0} | ret=SUCCESS |  
2019-08-21 12:28:24,869 | INFO  | DNAudit | user=null | ip=null | op=WRITE_CHUNK {blockData=conID: 1 locID: 102654968125981359 bcsId: 0} | ret=SUCCESS |  
2019-08-21 12:28:24,871 | INFO  | DNAudit | user=null | ip=null | op=WRITE_CHUNK {blockData=conID: 1 locID: 102654968125981359 bcsId: 0} | ret=SUCCESS |  
2019-08-21 12:28:24,872 | INFO  | DNAudit | user=null | ip=null | op=WRITE_CHUNK {blockData=conID: 1 locID: 102654968125981359 bcsId: 0} | ret=SUCCESS |  
2019-08-21 12:28:24,880 | INFO  | DNAudit | user=null | ip=null | op=WRITE_CHUNK {blockData=conID: 1 locID: 102654968125981359 bcsId: 0} | ret=SUCCESS |  
2019-08-21 12:28:24,880 | INFO  | DNAudit | user=null | ip=null | op=PUT_BLOCK {blockData=[blockId=conID: 1 locID: 102654968125981359 bcsId: 0,size=1048576]} | ret=SUCCESS |  
2019-08-21 12:28:24,881 [grpc-default-executor-2] INFO  client.GrpcClientProtocolClient (GrpcClientProtocolClient.java:onNext(255)) - client-C954105195FD->270584e6-a4a8-4db5-8151-214655ce1a56: receive RaftClientReply:client-C954105195FD->270584e6-a4a8-4db5-8151-214655ce1a56@group-787F5BA3AA67, cid=3429, SUCCESS, logIndex=5183, commits[270584e6-a4a8-4db5-8151-214655ce1a56:c5184, af078b8b-61ec-497f-9506-472d46a72462:c5182, 09fb9ab4-1b8d-44c0-9f8c-50855c6f1fed:c5182]
2019-08-21 12:28:24,881 [grpc-default-executor-2] INFO  client.GrpcClientProtocolClient (GrpcClientProtocolClient.java:onNext(255)) - client-C954105195FD->270584e6-a4a8-4db5-8151-214655ce1a56: receive RaftClientReply:client-C954105195FD->270584e6-a4a8-4db5-8151-214655ce1a56@group-787F5BA3AA67, cid=3430, SUCCESS, logIndex=5184, commits[270584e6-a4a8-4db5-8151-214655ce1a56:c5184, af078b8b-61ec-497f-9506-472d46a72462:c5182, 09fb9ab4-1b8d-44c0-9f8c-50855c6f1fed:c5182]
2019-08-21 12:28:24,893 | INFO  | DNAudit | user=null | ip=null | op=WRITE_CHUNK {blockData=conID: 1 locID: 102654968125981359 bcsId: 0} | ret=SUCCESS |  
2019-08-21 12:28:24,893 | INFO  | DNAudit | user=null | ip=null | op=PUT_BLOCK {blockData=[blockId=conID: 1 locID: 102654968125981359 bcsId: 0,size=2097152]} | ret=SUCCESS |  
2019-08-21 12:28:24,893 [grpc-default-executor-1] INFO  client.GrpcClientProtocolClient (GrpcClientProtocolClient.java:onNext(255)) - client-C954105195FD->270584e6-a4a8-4db5-8151-214655ce1a56: receive RaftClientReply:client-C954105195FD->270584e6-a4a8-4db5-8151-214655ce1a56@group-787F5BA3AA67, cid=3431, SUCCESS, logIndex=5185, commits[270584e6-a4a8-4db5-8151-214655ce1a56:c5186, af078b8b-61ec-497f-9506-472d46a72462:c5182, 09fb9ab4-1b8d-44c0-9f8c-50855c6f1fed:c5182]
2019-08-21 12:28:24,894 [grpc-default-executor-1] INFO  client.GrpcClientProtocolClient (GrpcClientProtocolClient.java:onNext(255)) - client-C954105195FD->270584e6-a4a8-4db5-8151-214655ce1a56: receive RaftClientReply:client-C954105195FD->270584e6-a4a8-4db5-8151-214655ce1a56@group-787F5BA3AA67, cid=3432, SUCCESS, logIndex=5186, commits[270584e6-a4a8-4db5-8151-214655ce1a56:c5186, af078b8b-61ec-497f-9506-472d46a72462:c5182, 09fb9ab4-1b8d-44c0-9f8c-50855c6f1fed:c5182]
2019-08-21 12:28:24,905 | INFO  | DNAudit | user=null | ip=null | op=WRITE_CHUNK {blockData=conID: 1 locID: 102654968125981359 bcsId: 0} | ret=SUCCESS |  
2019-08-21 12:28:24,906 | INFO  | DNAudit | user=null | ip=null | op=PUT_BLOCK {blockData=[blockId=conID: 1 locID: 102654968125981359 bcsId: 0,size=1048576]} | ret=SUCCESS |  
2019-08-21 12:28:24,906 | INFO  | DNAudit | user=null | ip=null | op=WRITE_CHUNK {blockData=conID: 1 locID: 102654968125981359 bcsId: 0} | ret=SUCCESS |  
2019-08-21 12:28:24,906 | INFO  | DNAudit | user=null | ip=null | op=PUT_BLOCK {blockData=[blockId=conID: 1 locID: 102654968125981359 bcsId: 0,size=1048576]} | ret=SUCCESS |  
2019-08-21 12:28:24,906 [grpc-default-executor-1] INFO  client.GrpcClientProtocolClient (GrpcClientProtocolClient.java:onNext(255)) - client-C954105195FD->270584e6-a4a8-4db5-8151-214655ce1a56: receive RaftClientReply:client-C954105195FD->270584e6-a4a8-4db5-8151-214655ce1a56@group-787F5BA3AA67, cid=3433, SUCCESS, logIndex=0, commits[270584e6-a4a8-4db5-8151-214655ce1a56:c5188, af078b8b-61ec-497f-9506-472d46a72462:c5184, 09fb9ab4-1b8d-44c0-9f8c-50855c6f1fed:c5184]
2019-08-21 12:28:24,909 | INFO  | DNAudit | user=null | ip=null | op=WRITE_CHUNK {blockData=conID: 1 locID: 102654968125981359 bcsId: 0} | ret=SUCCESS |  
2019-08-21 12:28:24,909 | INFO  | DNAudit | user=null | ip=null | op=WRITE_CHUNK {blockData=conID: 1 locID: 102654968125981359 bcsId: 0} | ret=SUCCESS |  
2019-08-21 12:28:24,909 | INFO  | DNAudit | user=null | ip=null | op=PUT_BLOCK {blockData=[blockId=conID: 1 locID: 102654968125981359 bcsId: 0,size=2097152]} | ret=SUCCESS |  
2019-08-21 12:28:24,909 | INFO  | DNAudit | user=null | ip=null | op=PUT_BLOCK {blockData=[blockId=conID: 1 locID: 102654968125981359 bcsId: 0,size=2097152]} | ret=SUCCESS |  
2019-08-21 12:28:24,914 | INFO  | DNAudit | user=null | ip=null | op=WRITE_CHUNK {blockData=conID: 1 locID: 102654968125981359 bcsId: 5186} | ret=SUCCESS |  
2019-08-21 12:28:24,916 | INFO  | DNAudit | user=null | ip=null | op=WRITE_CHUNK {blockData=conID: 1 locID: 102654968125981359 bcsId: 5186} | ret=SUCCESS |  
2019-08-21 12:28:24,916 | INFO  | DNAudit | user=null | ip=null | op=WRITE_CHUNK {blockData=conID: 1 locID: 102654968125981359 bcsId: 5186} | ret=SUCCESS |  
2019-08-21 12:28:24,940 | INFO  | DNAudit | user=null | ip=null | op=WRITE_CHUNK {blockData=conID: 1 locID: 102654968125981359 bcsId: 5186} | ret=SUCCESS |  
2019-08-21 12:28:24,941 | INFO  | DNAudit | user=null | ip=null | op=PUT_BLOCK {blockData=[blockId=conID: 1 locID: 102654968125981359 bcsId: 0,size=3145728]} | ret=SUCCESS |  
2019-08-21 12:28:24,941 [grpc-default-executor-1] INFO  client.GrpcClientProtocolClient (GrpcClientProtocolClient.java:onNext(255)) - client-C954105195FD->270584e6-a4a8-4db5-8151-214655ce1a56: receive RaftClientReply:client-C954105195FD->270584e6-a4a8-4db5-8151-214655ce1a56@group-787F5BA3AA67, cid=3434, SUCCESS, logIndex=5191, commits[270584e6-a4a8-4db5-8151-214655ce1a56:c5192, af078b8b-61ec-497f-9506-472d46a72462:c5190, 09fb9ab4-1b8d-44c0-9f8c-50855c6f1fed:c5190]
2019-08-21 12:28:24,941 [grpc-default-executor-1] INFO  client.GrpcClientProtocolClient (GrpcClientProtocolClient.java:onNext(255)) - client-C954105195FD->270584e6-a4a8-4db5-8151-214655ce1a56: receive RaftClientReply:client-C954105195FD->270584e6-a4a8-4db5-8151-214655ce1a56@group-787F5BA3AA67, cid=3435, SUCCESS, logIndex=5192, commits[270584e6-a4a8-4db5-8151-214655ce1a56:c5192, af078b8b-61ec-497f-9506-472d46a72462:c5190, 09fb9ab4-1b8d-44c0-9f8c-50855c6f1fed:c5190]
2019-08-21 12:28:24,949 | INFO  | DNAudit | user=null | ip=null | op=WRITE_CHUNK {blockData=conID: 1 locID: 102654968125981359 bcsId: 5192} | ret=SUCCESS |  
2019-08-21 12:28:24,952 | INFO  | DNAudit | user=null | ip=null | op=WRITE_CHUNK {blockData=conID: 1 locID: 102654968125981359 bcsId: 5186} | ret=SUCCESS |  
2019-08-21 12:28:24,952 | INFO  | DNAudit | user=null | ip=null | op=WRITE_CHUNK {blockData=conID: 1 locID: 102654968125981359 bcsId: 5186} | ret=SUCCESS |  
2019-08-21 12:28:24,952 | INFO  | DNAudit | user=null | ip=null | op=PUT_BLOCK {blockData=[blockId=conID: 1 locID: 102654968125981359 bcsId: 0,size=3145728]} | ret=SUCCESS |  
2019-08-21 12:28:24,952 | INFO  | DNAudit | user=null | ip=null | op=PUT_BLOCK {blockData=[blockId=conID: 1 locID: 102654968125981359 bcsId: 0,size=3145728]} | ret=SUCCESS |  
2019-08-21 12:28:24,952 | INFO  | DNAudit | user=null | ip=null | op=WRITE_CHUNK {blockData=conID: 1 locID: 102654968125981359 bcsId: 5192} | ret=SUCCESS |  
2019-08-21 12:28:24,952 | INFO  | DNAudit | user=null | ip=null | op=WRITE_CHUNK {blockData=conID: 1 locID: 102654968125981359 bcsId: 5192} | ret=SUCCESS |  
2019-08-21 12:28:24,964 | INFO  | DNAudit | user=null | ip=null | op=WRITE_CHUNK {blockData=conID: 1 locID: 102654968125981359 bcsId: 5192} | ret=SUCCESS |  
2019-08-21 12:28:24,964 | INFO  | DNAudit | user=null | ip=null | op=PUT_BLOCK {blockData=[blockId=conID: 1 locID: 102654968125981359 bcsId: 0,size=4194304]} | ret=SUCCESS |  
2019-08-21 12:28:24,965 [grpc-default-executor-1] INFO  client.GrpcClientProtocolClient (GrpcClientProtocolClient.java:onNext(255)) - client-C954105195FD->270584e6-a4a8-4db5-8151-214655ce1a56: receive RaftClientReply:client-C954105195FD->270584e6-a4a8-4db5-8151-214655ce1a56@group-787F5BA3AA67, cid=3436, SUCCESS, logIndex=5195, commits[270584e6-a4a8-4db5-8151-214655ce1a56:c5196, af078b8b-61ec-497f-9506-472d46a72462:c5192, 09fb9ab4-1b8d-44c0-9f8c-50855c6f1fed:c5192]
2019-08-21 12:28:24,965 [grpc-default-executor-1] INFO  client.GrpcClientProtocolClient (GrpcClientProtocolClient.java:onNext(255)) - client-C954105195FD->270584e6-a4a8-4db5-8151-214655ce1a56: receive RaftClientReply:client-C954105195FD->270584e6-a4a8-4db5-8151-214655ce1a56@group-787F5BA3AA67, cid=3437, SUCCESS, logIndex=5196, commits[270584e6-a4a8-4db5-8151-214655ce1a56:c5196, af078b8b-61ec-497f-9506-472d46a72462:c5192, 09fb9ab4-1b8d-44c0-9f8c-50855c6f1fed:c5192]
2019-08-21 12:28:24,977 | INFO  | DNAudit | user=null | ip=null | op=WRITE_CHUNK {blockData=conID: 1 locID: 102654968125981359 bcsId: 5192} | ret=SUCCESS |  
2019-08-21 12:28:24,977 | INFO  | DNAudit | user=null | ip=null | op=WRITE_CHUNK {blockData=conID: 1 locID: 102654968125981359 bcsId: 5192} | ret=SUCCESS |  
2019-08-21 12:28:24,977 | INFO  | DNAudit | user=null | ip=null | op=PUT_BLOCK {blockData=[blockId=conID: 1 locID: 102654968125981359 bcsId: 0,size=4194304]} | ret=SUCCESS |  
2019-08-21 12:28:24,990 | INFO  | DNAudit | user=null | ip=null | op=PUT_BLOCK {blockData=[blockId=conID: 1 locID: 102654968125981359 bcsId: 0,size=4194304]} | ret=SUCCESS |  
2019-08-21 12:28:24,990 [grpc-default-executor-4] INFO  client.GrpcClientProtocolClient (GrpcClientProtocolClient.java:onNext(255)) - client-C954105195FD->270584e6-a4a8-4db5-8151-214655ce1a56: receive RaftClientReply:client-C954105195FD->270584e6-a4a8-4db5-8151-214655ce1a56@group-787F5BA3AA67, cid=3438, SUCCESS, logIndex=0, commits[270584e6-a4a8-4db5-8151-214655ce1a56:c5197, af078b8b-61ec-497f-9506-472d46a72462:c5196, 09fb9ab4-1b8d-44c0-9f8c-50855c6f1fed:c5196]
2019-08-21 12:28:24,999 | INFO  | SCMAudit | user=jenkins1000 | ip=192.168.34.23 | op=ALLOCATE_BLOCK {owner=b79f83c9-5f7d-4caf-af30-78af34bc5eea, size=4194304, type=RATIS, factor=THREE} | ret=SUCCESS |  
2019-08-21 12:28:25,005 | INFO  | OMAudit | user=jenkins1000 | ip=127.0.0.1 | op=ALLOCATE_BLOCK {volume=vol-0-06517, bucket=bucket-0-64549, key=key-0-34512, dataSize=0, replicationType=null, replicationFactor=null, keyLocationInfo=null, clientID=102654965997830546} | ret=SUCCESS |  
2019-08-21 12:28:25,013 | INFO  | DNAudit | user=null | ip=null | op=WRITE_CHUNK {blockData=conID: 2 locID: 102654968135615152 bcsId: 0} | ret=SUCCESS |  
2019-08-21 12:28:25,017 | INFO  | DNAudit | user=null | ip=null | op=WRITE_CHUNK {blockData=conID: 2 locID: 102654968135615152 bcsId: 0} | ret=SUCCESS |  
2019-08-21 12:28:25,017 | INFO  | DNAudit | user=null | ip=null | op=WRITE_CHUNK {blockData=conID: 2 locID: 102654968135615152 bcsId: 0} | ret=SUCCESS |  
2019-08-21 12:28:25,018 | INFO  | DNAudit | user=null | ip=null | op=WRITE_CHUNK {blockData=conID: 2 locID: 102654968135615152 bcsId: 0} | ret=SUCCESS |  
2019-08-21 12:28:25,020 | INFO  | DNAudit | user=null | ip=null | op=WRITE_CHUNK {blockData=conID: 2 locID: 102654968135615152 bcsId: 0} | ret=SUCCESS |  
2019-08-21 12:28:25,021 | INFO  | DNAudit | user=null | ip=null | op=WRITE_CHUNK {blockData=conID: 2 locID: 102654968135615152 bcsId: 0} | ret=SUCCESS |  
2019-08-21 12:28:25,027 | INFO  | DNAudit | user=null | ip=null | op=WRITE_CHUNK {blockData=conID: 2 locID: 102654968135615152 bcsId: 0} | ret=SUCCESS |  
2019-08-21 12:28:25,028 | INFO  | DNAudit | user=null | ip=null | op=PUT_BLOCK {blockData=[blockId=conID: 2 locID: 102654968135615152 bcsId: 0,size=1048576]} | ret=SUCCESS |  
2019-08-21 12:28:25,028 [grpc-default-executor-4] INFO  client.GrpcClientProtocolClient (GrpcClientProtocolClient.java:onNext(255)) - client-C954105195FD->270584e6-a4a8-4db5-8151-214655ce1a56: receive RaftClientReply:client-C954105195FD->270584e6-a4a8-4db5-8151-214655ce1a56@group-787F5BA3AA67, cid=3439, SUCCESS, logIndex=5199, commits[270584e6-a4a8-4db5-8151-214655ce1a56:c5200, af078b8b-61ec-497f-9506-472d46a72462:c5198, 09fb9ab4-1b8d-44c0-9f8c-50855c6f1fed:c5198]
2019-08-21 12:28:25,029 [grpc-default-executor-4] INFO  client.GrpcClientProtocolClient (GrpcClientProtocolClient.java:onNext(255)) - client-C954105195FD->270584e6-a4a8-4db5-8151-214655ce1a56: receive RaftClientReply:client-C954105195FD->270584e6-a4a8-4db5-8151-214655ce1a56@group-787F5BA3AA67, cid=3440, SUCCESS, logIndex=5200, commits[270584e6-a4a8-4db5-8151-214655ce1a56:c5200, af078b8b-61ec-497f-9506-472d46a72462:c5198, 09fb9ab4-1b8d-44c0-9f8c-50855c6f1fed:c5198]
2019-08-21 12:28:25,040 | INFO  | DNAudit | user=null | ip=null | op=WRITE_CHUNK {blockData=conID: 2 locID: 102654968135615152 bcsId: 0} | ret=SUCCESS |  
2019-08-21 12:28:25,040 | INFO  | DNAudit | user=null | ip=null | op=PUT_BLOCK {blockData=[blockId=conID: 2 locID: 102654968135615152 bcsId: 0,size=2097152]} | ret=SUCCESS |  
2019-08-21 12:28:25,041 [grpc-default-executor-1] INFO  client.GrpcClientProtocolClient (GrpcClientProtocolClient.java:onNext(255)) - client-C954105195FD->270584e6-a4a8-4db5-8151-214655ce1a56: receive RaftClientReply:client-C954105195FD->270584e6-a4a8-4db5-8151-214655ce1a56@group-787F5BA3AA67, cid=3441, SUCCESS, logIndex=5201, commits[270584e6-a4a8-4db5-8151-214655ce1a56:c5202, af078b8b-61ec-497f-9506-472d46a72462:c5198, 09fb9ab4-1b8d-44c0-9f8c-50855c6f1fed:c5198]
2019-08-21 12:28:25,041 [grpc-default-executor-1] INFO  client.GrpcClientProtocolClient (GrpcClientProtocolClient.java:onNext(255)) - client-C954105195FD->270584e6-a4a8-4db5-8151-214655ce1a56: receive RaftClientReply:client-C954105195FD->270584e6-a4a8-4db5-8151-214655ce1a56@group-787F5BA3AA67, cid=3442, SUCCESS, logIndex=5202, commits[270584e6-a4a8-4db5-8151-214655ce1a56:c5202, af078b8b-61ec-497f-9506-472d46a72462:c5198, 09fb9ab4-1b8d-44c0-9f8c-50855c6f1fed:c5198]
2019-08-21 12:28:25,051 | INFO  | DNAudit | user=null | ip=null | op=WRITE_CHUNK {blockData=conID: 2 locID: 102654968135615152 bcsId: 0} | ret=SUCCESS |  
2019-08-21 12:28:25,051 | INFO  | DNAudit | user=null | ip=null | op=WRITE_CHUNK {blockData=conID: 2 locID: 102654968135615152 bcsId: 0} | ret=SUCCESS |  
2019-08-21 12:28:25,051 | INFO  | DNAudit | user=null | ip=null | op=PUT_BLOCK {blockData=[blockId=conID: 2 locID: 102654968135615152 bcsId: 0,size=1048576]} | ret=SUCCESS |  
2019-08-21 12:28:25,051 | INFO  | DNAudit | user=null | ip=null | op=PUT_BLOCK {blockData=[blockId=conID: 2 locID: 102654968135615152 bcsId: 0,size=1048576]} | ret=SUCCESS |  
2019-08-21 12:28:25,052 [grpc-default-executor-1] INFO  client.GrpcClientProtocolClient (GrpcClientProtocolClient.java:onNext(255)) - client-C954105195FD->270584e6-a4a8-4db5-8151-214655ce1a56: receive RaftClientReply:client-C954105195FD->270584e6-a4a8-4db5-8151-214655ce1a56@group-787F5BA3AA67, cid=3443, SUCCESS, logIndex=0, commits[270584e6-a4a8-4db5-8151-214655ce1a56:c5204, af078b8b-61ec-497f-9506-472d46a72462:c5200, 09fb9ab4-1b8d-44c0-9f8c-50855c6f1fed:c5200]
2019-08-21 12:28:25,060 | INFO  | DNAudit | user=null | ip=null | op=WRITE_CHUNK {blockData=conID: 2 locID: 102654968135615152 bcsId: 5202} | ret=SUCCESS |  
2019-08-21 12:28:25,062 | INFO  | DNAudit | user=null | ip=null | op=WRITE_CHUNK {blockData=conID: 2 locID: 102654968135615152 bcsId: 0} | ret=SUCCESS |  
2019-08-21 12:28:25,062 | INFO  | DNAudit | user=null | ip=null | op=PUT_BLOCK {blockData=[blockId=conID: 2 locID: 102654968135615152 bcsId: 0,size=2097152]} | ret=SUCCESS |  
2019-08-21 12:28:25,063 | INFO  | DNAudit | user=null | ip=null | op=WRITE_CHUNK {blockData=conID: 2 locID: 102654968135615152 bcsId: 5202} | ret=SUCCESS |  
2019-08-21 12:28:25,063 | INFO  | DNAudit | user=null | ip=null | op=WRITE_CHUNK {blockData=conID: 2 locID: 102654968135615152 bcsId: 5202} | ret=SUCCESS |  
2019-08-21 12:28:25,064 | INFO  | DNAudit | user=null | ip=null | op=WRITE_CHUNK {blockData=conID: 2 locID: 102654968135615152 bcsId: 0} | ret=SUCCESS |  
2019-08-21 12:28:25,064 | INFO  | DNAudit | user=null | ip=null | op=PUT_BLOCK {blockData=[blockId=conID: 2 locID: 102654968135615152 bcsId: 0,size=2097152]} | ret=SUCCESS |  
2019-08-21 12:28:25,076 | INFO  | DNAudit | user=null | ip=null | op=WRITE_CHUNK {blockData=conID: 2 locID: 102654968135615152 bcsId: 5202} | ret=SUCCESS |  
2019-08-21 12:28:25,076 | INFO  | DNAudit | user=null | ip=null | op=PUT_BLOCK {blockData=[blockId=conID: 2 locID: 102654968135615152 bcsId: 0,size=3145728]} | ret=SUCCESS |  
2019-08-21 12:28:25,076 [grpc-default-executor-4] INFO  client.GrpcClientProtocolClient (GrpcClientProtocolClient.java:onNext(255)) - client-C954105195FD->270584e6-a4a8-4db5-8151-214655ce1a56: receive RaftClientReply:client-C954105195FD->270584e6-a4a8-4db5-8151-214655ce1a56@group-787F5BA3AA67, cid=3444, SUCCESS, logIndex=5207, commits[270584e6-a4a8-4db5-8151-214655ce1a56:c5208, af078b8b-61ec-497f-9506-472d46a72462:c5204, 09fb9ab4-1b8d-44c0-9f8c-50855c6f1fed:c5204]
2019-08-21 12:28:25,077 [grpc-default-executor-4] INFO  client.GrpcClientProtocolClient (GrpcClientProtocolClient.java:onNext(255)) - client-C954105195FD->270584e6-a4a8-4db5-8151-214655ce1a56: receive RaftClientReply:client-C954105195FD->270584e6-a4a8-4db5-8151-214655ce1a56@group-787F5BA3AA67, cid=3445, SUCCESS, logIndex=5208, commits[270584e6-a4a8-4db5-8151-214655ce1a56:c5208, af078b8b-61ec-497f-9506-472d46a72462:c5204, 09fb9ab4-1b8d-44c0-9f8c-50855c6f1fed:c5204]
2019-08-21 12:28:25,079 | INFO  | DNAudit | user=null | ip=null | op=WRITE_CHUNK {blockData=conID: 2 locID: 102654968135615152 bcsId: 5202} | ret=SUCCESS |  
2019-08-21 12:28:25,079 | INFO  | DNAudit | user=null | ip=null | op=WRITE_CHUNK {blockData=conID: 2 locID: 102654968135615152 bcsId: 5202} | ret=SUCCESS |  
2019-08-21 12:28:25,079 | INFO  | DNAudit | user=null | ip=null | op=PUT_BLOCK {blockData=[blockId=conID: 2 locID: 102654968135615152 bcsId: 0,size=3145728]} | ret=SUCCESS |  
2019-08-21 12:28:25,079 | INFO  | DNAudit | user=null | ip=null | op=PUT_BLOCK {blockData=[blockId=conID: 2 locID: 102654968135615152 bcsId: 0,size=3145728]} | ret=SUCCESS |  
2019-08-21 12:28:25,086 | INFO  | DNAudit | user=null | ip=null | op=WRITE_CHUNK {blockData=conID: 2 locID: 102654968135615152 bcsId: 5208} | ret=SUCCESS |  
2019-08-21 12:28:25,088 | INFO  | DNAudit | user=null | ip=null | op=WRITE_CHUNK {blockData=conID: 2 locID: 102654968135615152 bcsId: 5208} | ret=SUCCESS |  
2019-08-21 12:28:25,089 | INFO  | DNAudit | user=null | ip=null | op=WRITE_CHUNK {blockData=conID: 2 locID: 102654968135615152 bcsId: 5208} | ret=SUCCESS |  
2019-08-21 12:28:25,096 | INFO  | DNAudit | user=null | ip=null | op=WRITE_CHUNK {blockData=conID: 2 locID: 102654968135615152 bcsId: 5208} | ret=SUCCESS |  
2019-08-21 12:28:25,097 | INFO  | DNAudit | user=null | ip=null | op=PUT_BLOCK {blockData=[blockId=conID: 2 locID: 102654968135615152 bcsId: 0,size=4194304]} | ret=SUCCESS |  
2019-08-21 12:28:25,097 [grpc-default-executor-2] INFO  client.GrpcClientProtocolClient (GrpcClientProtocolClient.java:onNext(255)) - client-C954105195FD->270584e6-a4a8-4db5-8151-214655ce1a56: receive RaftClientReply:client-C954105195FD->270584e6-a4a8-4db5-8151-214655ce1a56@group-787F5BA3AA67, cid=3446, SUCCESS, logIndex=5211, commits[270584e6-a4a8-4db5-8151-214655ce1a56:c5212, af078b8b-61ec-497f-9506-472d46a72462:c5209, 09fb9ab4-1b8d-44c0-9f8c-50855c6f1fed:c5209]
2019-08-21 12:28:25,097 [grpc-default-executor-2] INFO  client.GrpcClientProtocolClient (GrpcClientProtocolClient.java:onNext(255)) - client-C954105195FD->270584e6-a4a8-4db5-8151-214655ce1a56: receive RaftClientReply:client-C954105195FD->270584e6-a4a8-4db5-8151-214655ce1a56@group-787F5BA3AA67, cid=3447, SUCCESS, logIndex=5212, commits[270584e6-a4a8-4db5-8151-214655ce1a56:c5212, af078b8b-61ec-497f-9506-472d46a72462:c5209, 09fb9ab4-1b8d-44c0-9f8c-50855c6f1fed:c5209]
2019-08-21 12:28:25,100 | INFO  | DNAudit | user=null | ip=null | op=WRITE_CHUNK {blockData=conID: 2 locID: 102654968135615152 bcsId: 5208} | ret=SUCCESS |  
2019-08-21 12:28:25,100 | INFO  | DNAudit | user=null | ip=null | op=WRITE_CHUNK {blockData=conID: 2 locID: 102654968135615152 bcsId: 5208} | ret=SUCCESS |  
2019-08-21 12:28:25,100 | INFO  | DNAudit | user=null | ip=null | op=PUT_BLOCK {blockData=[blockId=conID: 2 locID: 102654968135615152 bcsId: 0,size=4194304]} | ret=SUCCESS |  
2019-08-21 12:28:25,103 | INFO  | DNAudit | user=null | ip=null | op=PUT_BLOCK {blockData=[blockId=conID: 2 locID: 102654968135615152 bcsId: 0,size=4194304]} | ret=SUCCESS |  
2019-08-21 12:28:25,104 [grpc-default-executor-2] INFO  client.GrpcClientProtocolClient (GrpcClientProtocolClient.java:onNext(255)) - client-C954105195FD->270584e6-a4a8-4db5-8151-214655ce1a56: receive RaftClientReply:client-C954105195FD->270584e6-a4a8-4db5-8151-214655ce1a56@group-787F5BA3AA67, cid=3448, SUCCESS, logIndex=0, commits[270584e6-a4a8-4db5-8151-214655ce1a56:c5213, af078b8b-61ec-497f-9506-472d46a72462:c5212, 09fb9ab4-1b8d-44c0-9f8c-50855c6f1fed:c5212]
2019-08-21 12:28:25,110 | INFO  | SCMAudit | user=jenkins1000 | ip=192.168.34.23 | op=ALLOCATE_BLOCK {owner=b79f83c9-5f7d-4caf-af30-78af34bc5eea, size=4194304, type=RATIS, factor=THREE} | ret=SUCCESS |  
2019-08-21 12:28:25,114 | INFO  | OMAudit | user=jenkins1000 | ip=127.0.0.1 | op=ALLOCATE_BLOCK {volume=vol-0-06517, bucket=bucket-0-64549, key=key-0-34512, dataSize=0, replicationType=null, replicationFactor=null, keyLocationInfo=null, clientID=102654965997830546} | ret=SUCCESS |  
2019-08-21 12:28:25,123 | INFO  | DNAudit | user=null | ip=null | op=WRITE_CHUNK {blockData=conID: 3 locID: 102654968142889649 bcsId: 0} | ret=SUCCESS |  
2019-08-21 12:28:25,127 | INFO  | DNAudit | user=null | ip=null | op=WRITE_CHUNK {blockData=conID: 3 locID: 102654968142889649 bcsId: 0} | ret=SUCCESS |  
2019-08-21 12:28:25,128 | INFO  | DNAudit | user=null | ip=null | op=WRITE_CHUNK {blockData=conID: 3 locID: 102654968142889649 bcsId: 0} | ret=SUCCESS |  
2019-08-21 12:28:25,128 | INFO  | DNAudit | user=null | ip=null | op=WRITE_CHUNK {blockData=conID: 3 locID: 102654968142889649 bcsId: 0} | ret=SUCCESS |  
2019-08-21 12:28:25,129 | INFO  | DNAudit | user=null | ip=null | op=WRITE_CHUNK {blockData=conID: 3 locID: 102654968142889649 bcsId: 0} | ret=SUCCESS |  
2019-08-21 12:28:25,129 | INFO  | DNAudit | user=null | ip=null | op=WRITE_CHUNK {blockData=conID: 3 locID: 102654968142889649 bcsId: 0} | ret=SUCCESS |  
2019-08-21 12:28:25,131 | INFO  | DNAudit | user=null | ip=null | op=WRITE_CHUNK {blockData=conID: 3 locID: 102654968142889649 bcsId: 0} | ret=SUCCESS |  
2019-08-21 12:28:25,132 | INFO  | DNAudit | user=null | ip=null | op=PUT_BLOCK {blockData=[blockId=conID: 3 locID: 102654968142889649 bcsId: 0,size=1048576]} | ret=SUCCESS |  
2019-08-21 12:28:25,132 [grpc-default-executor-2] INFO  client.GrpcClientProtocolClient (GrpcClientProtocolClient.java:onNext(255)) - client-C954105195FD->270584e6-a4a8-4db5-8151-214655ce1a56: receive RaftClientReply:client-C954105195FD->270584e6-a4a8-4db5-8151-214655ce1a56@group-787F5BA3AA67, cid=3449, SUCCESS, logIndex=5215, commits[270584e6-a4a8-4db5-8151-214655ce1a56:c5218, af078b8b-61ec-497f-9506-472d46a72462:c5212, 09fb9ab4-1b8d-44c0-9f8c-50855c6f1fed:c5214]
2019-08-21 12:28:25,132 | INFO  | DNAudit | user=null | ip=null | op=WRITE_CHUNK {blockData=conID: 3 locID: 102654968142889649 bcsId: 0} | ret=SUCCESS |  
2019-08-21 12:28:25,133 | INFO  | DNAudit | user=null | ip=null | op=PUT_BLOCK {blockData=[blockId=conID: 3 locID: 102654968142889649 bcsId: 0,size=2097152]} | ret=SUCCESS |  
2019-08-21 12:28:25,133 [grpc-default-executor-2] INFO  client.GrpcClientProtocolClient (GrpcClientProtocolClient.java:onNext(255)) - client-C954105195FD->270584e6-a4a8-4db5-8151-214655ce1a56: receive RaftClientReply:client-C954105195FD->270584e6-a4a8-4db5-8151-214655ce1a56@group-787F5BA3AA67, cid=3450, SUCCESS, logIndex=5216, commits[270584e6-a4a8-4db5-8151-214655ce1a56:c5218, af078b8b-61ec-497f-9506-472d46a72462:c5214, 09fb9ab4-1b8d-44c0-9f8c-50855c6f1fed:c5214]
2019-08-21 12:28:25,133 [grpc-default-executor-2] INFO  client.GrpcClientProtocolClient (GrpcClientProtocolClient.java:onNext(255)) - client-C954105195FD->270584e6-a4a8-4db5-8151-214655ce1a56: receive RaftClientReply:client-C954105195FD->270584e6-a4a8-4db5-8151-214655ce1a56@group-787F5BA3AA67, cid=3451, SUCCESS, logIndex=5217, commits[270584e6-a4a8-4db5-8151-214655ce1a56:c5218, af078b8b-61ec-497f-9506-472d46a72462:c5214, 09fb9ab4-1b8d-44c0-9f8c-50855c6f1fed:c5214]
2019-08-21 12:28:25,133 | INFO  | DNAudit | user=null | ip=null | op=WRITE_CHUNK {blockData=conID: 3 locID: 102654968142889649 bcsId: 0} | ret=SUCCESS |  
2019-08-21 12:28:25,133 [grpc-default-executor-2] INFO  client.GrpcClientProtocolClient (GrpcClientProtocolClient.java:onNext(255)) - client-C954105195FD->270584e6-a4a8-4db5-8151-214655ce1a56: receive RaftClientReply:client-C954105195FD->270584e6-a4a8-4db5-8151-214655ce1a56@group-787F5BA3AA67, cid=3452, SUCCESS, logIndex=5218, commits[270584e6-a4a8-4db5-8151-214655ce1a56:c5218, af078b8b-61ec-497f-9506-472d46a72462:c5214, 09fb9ab4-1b8d-44c0-9f8c-50855c6f1fed:c5214]
2019-08-21 12:28:25,134 | INFO  | DNAudit | user=null | ip=null | op=PUT_BLOCK {blockData=[blockId=conID: 3 locID: 102654968142889649 bcsId: 0,size=1048576]} | ret=SUCCESS |  
2019-08-21 12:28:25,135 | INFO  | DNAudit | user=null | ip=null | op=WRITE_CHUNK {blockData=conID: 3 locID: 102654968142889649 bcsId: 0} | ret=SUCCESS |  
2019-08-21 12:28:25,136 | INFO  | DNAudit | user=null | ip=null | op=PUT_BLOCK {blockData=[blockId=conID: 3 locID: 102654968142889649 bcsId: 0,size=1048576]} | ret=SUCCESS |  
2019-08-21 12:28:25,136 [grpc-default-executor-2] INFO  client.GrpcClientProtocolClient (GrpcClientProtocolClient.java:onNext(255)) - client-C954105195FD->270584e6-a4a8-4db5-8151-214655ce1a56: receive RaftClientReply:client-C954105195FD->270584e6-a4a8-4db5-8151-214655ce1a56@group-787F5BA3AA67, cid=3453, SUCCESS, logIndex=0, commits[270584e6-a4a8-4db5-8151-214655ce1a56:c5219, af078b8b-61ec-497f-9506-472d46a72462:c5216, 09fb9ab4-1b8d-44c0-9f8c-50855c6f1fed:c5216]
2019-08-21 12:28:25,137 | INFO  | DNAudit | user=null | ip=null | op=WRITE_CHUNK {blockData=conID: 3 locID: 102654968142889649 bcsId: 0} | ret=SUCCESS |  
2019-08-21 12:28:25,137 | INFO  | DNAudit | user=null | ip=null | op=PUT_BLOCK {blockData=[blockId=conID: 3 locID: 102654968142889649 bcsId: 0,size=2097152]} | ret=SUCCESS |  
2019-08-21 12:28:25,137 | INFO  | DNAudit | user=null | ip=null | op=WRITE_CHUNK {blockData=conID: 3 locID: 102654968142889649 bcsId: 0} | ret=SUCCESS |  
2019-08-21 12:28:25,137 | INFO  | DNAudit | user=null | ip=null | op=PUT_BLOCK {blockData=[blockId=conID: 3 locID: 102654968142889649 bcsId: 0,size=2097152]} | ret=SUCCESS |  
2019-08-21 12:28:25,143 | INFO  | DNAudit | user=null | ip=null | op=WRITE_CHUNK {blockData=conID: 3 locID: 102654968142889649 bcsId: 5218} | ret=SUCCESS |  
2019-08-21 12:28:25,146 | INFO  | DNAudit | user=null | ip=null | op=WRITE_CHUNK {blockData=conID: 3 locID: 102654968142889649 bcsId: 5218} | ret=SUCCESS |  
2019-08-21 12:28:25,147 | INFO  | DNAudit | user=null | ip=null | op=WRITE_CHUNK {blockData=conID: 3 locID: 102654968142889649 bcsId: 5218} | ret=SUCCESS |  
2019-08-21 12:28:25,149 | INFO  | DNAudit | user=null | ip=null | op=WRITE_CHUNK {blockData=conID: 3 locID: 102654968142889649 bcsId: 5218} | ret=SUCCESS |  
2019-08-21 12:28:25,150 | INFO  | DNAudit | user=null | ip=null | op=PUT_BLOCK {blockData=[blockId=conID: 3 locID: 102654968142889649 bcsId: 0,size=3145728]} | ret=SUCCESS |  
2019-08-21 12:28:25,150 [grpc-default-executor-4] INFO  client.GrpcClientProtocolClient (GrpcClientProtocolClient.java:onNext(255)) - client-C954105195FD->270584e6-a4a8-4db5-8151-214655ce1a56: receive RaftClientReply:client-C954105195FD->270584e6-a4a8-4db5-8151-214655ce1a56@group-787F5BA3AA67, cid=3454, SUCCESS, logIndex=5223, commits[270584e6-a4a8-4db5-8151-214655ce1a56:c5224, af078b8b-61ec-497f-9506-472d46a72462:c5222, 09fb9ab4-1b8d-44c0-9f8c-50855c6f1fed:c5218]
2019-08-21 12:28:25,150 [grpc-default-executor-4] INFO  client.GrpcClientProtocolClient (GrpcClientProtocolClient.java:onNext(255)) - client-C954105195FD->270584e6-a4a8-4db5-8151-214655ce1a56: receive RaftClientReply:client-C954105195FD->270584e6-a4a8-4db5-8151-214655ce1a56@group-787F5BA3AA67, cid=3455, SUCCESS, logIndex=5224, commits[270584e6-a4a8-4db5-8151-214655ce1a56:c5224, af078b8b-61ec-497f-9506-472d46a72462:c5222, 09fb9ab4-1b8d-44c0-9f8c-50855c6f1fed:c5222]
2019-08-21 12:28:25,150 | INFO  | DNAudit | user=null | ip=null | op=WRITE_CHUNK {blockData=conID: 3 locID: 102654968142889649 bcsId: 5218} | ret=SUCCESS |  
2019-08-21 12:28:25,151 | INFO  | DNAudit | user=null | ip=null | op=WRITE_CHUNK {blockData=conID: 3 locID: 102654968142889649 bcsId: 5218} | ret=SUCCESS |  
2019-08-21 12:28:25,151 | INFO  | DNAudit | user=null | ip=null | op=PUT_BLOCK {blockData=[blockId=conID: 3 locID: 102654968142889649 bcsId: 0,size=3145728]} | ret=SUCCESS |  
2019-08-21 12:28:25,151 | INFO  | DNAudit | user=null | ip=null | op=PUT_BLOCK {blockData=[blockId=conID: 3 locID: 102654968142889649 bcsId: 0,size=3145728]} | ret=SUCCESS |  
2019-08-21 12:28:25,158 | INFO  | DNAudit | user=null | ip=null | op=WRITE_CHUNK {blockData=conID: 3 locID: 102654968142889649 bcsId: 5224} | ret=SUCCESS |  
2019-08-21 12:28:25,160 | INFO  | DNAudit | user=null | ip=null | op=WRITE_CHUNK {blockData=conID: 3 locID: 102654968142889649 bcsId: 5224} | ret=SUCCESS |  
2019-08-21 12:28:25,161 | INFO  | DNAudit | user=null | ip=null | op=WRITE_CHUNK {blockData=conID: 3 locID: 102654968142889649 bcsId: 5224} | ret=SUCCESS |  
2019-08-21 12:28:25,163 | INFO  | DNAudit | user=null | ip=null | op=WRITE_CHUNK {blockData=conID: 3 locID: 102654968142889649 bcsId: 5224} | ret=SUCCESS |  
2019-08-21 12:28:25,163 | INFO  | DNAudit | user=null | ip=null | op=PUT_BLOCK {blockData=[blockId=conID: 3 locID: 102654968142889649 bcsId: 0,size=4194304]} | ret=SUCCESS |  
2019-08-21 12:28:25,164 [grpc-default-executor-4] INFO  client.GrpcClientProtocolClient (GrpcClientProtocolClient.java:onNext(255)) - client-C954105195FD->270584e6-a4a8-4db5-8151-214655ce1a56: receive RaftClientReply:client-C954105195FD->270584e6-a4a8-4db5-8151-214655ce1a56@group-787F5BA3AA67, cid=3456, SUCCESS, logIndex=5227, commits[270584e6-a4a8-4db5-8151-214655ce1a56:c5228, af078b8b-61ec-497f-9506-472d46a72462:c5226, 09fb9ab4-1b8d-44c0-9f8c-50855c6f1fed:c5224]
2019-08-21 12:28:25,164 [grpc-default-executor-4] INFO  client.GrpcClientProtocolClient (GrpcClientProtocolClient.java:onNext(255)) - client-C954105195FD->270584e6-a4a8-4db5-8151-214655ce1a56: receive RaftClientReply:client-C954105195FD->270584e6-a4a8-4db5-8151-214655ce1a56@group-787F5BA3AA67, cid=3457, SUCCESS, logIndex=5228, commits[270584e6-a4a8-4db5-8151-214655ce1a56:c5228, af078b8b-61ec-497f-9506-472d46a72462:c5226, 09fb9ab4-1b8d-44c0-9f8c-50855c6f1fed:c5226]
2019-08-21 12:28:25,164 | INFO  | DNAudit | user=null | ip=null | op=WRITE_CHUNK {blockData=conID: 3 locID: 102654968142889649 bcsId: 5224} | ret=SUCCESS |  
2019-08-21 12:28:25,164 | INFO  | DNAudit | user=null | ip=null | op=WRITE_CHUNK {blockData=conID: 3 locID: 102654968142889649 bcsId: 5224} | ret=SUCCESS |  
2019-08-21 12:28:25,165 | INFO  | DNAudit | user=null | ip=null | op=PUT_BLOCK {blockData=[blockId=conID: 3 locID: 102654968142889649 bcsId: 0,size=4194304]} | ret=SUCCESS |  
2019-08-21 12:28:25,165 | INFO  | DNAudit | user=null | ip=null | op=PUT_BLOCK {blockData=[blockId=conID: 3 locID: 102654968142889649 bcsId: 0,size=4194304]} | ret=SUCCESS |  
2019-08-21 12:28:25,165 [grpc-default-executor-2] INFO  client.GrpcClientProtocolClient (GrpcClientProtocolClient.java:onNext(255)) - client-C954105195FD->270584e6-a4a8-4db5-8151-214655ce1a56: receive RaftClientReply:client-C954105195FD->270584e6-a4a8-4db5-8151-214655ce1a56@group-787F5BA3AA67, cid=3458, SUCCESS, logIndex=0, commits[270584e6-a4a8-4db5-8151-214655ce1a56:c5229, af078b8b-61ec-497f-9506-472d46a72462:c5228, 09fb9ab4-1b8d-44c0-9f8c-50855c6f1fed:c5228]
2019-08-21 12:28:25,174 | INFO  | SCMAudit | user=jenkins1000 | ip=192.168.34.23 | op=ALLOCATE_BLOCK {owner=b79f83c9-5f7d-4caf-af30-78af34bc5eea, size=4194304, type=RATIS, factor=THREE} | ret=SUCCESS |  
2019-08-21 12:28:25,180 | INFO  | OMAudit | user=jenkins1000 | ip=127.0.0.1 | op=ALLOCATE_BLOCK {volume=vol-0-06517, bucket=bucket-0-64549, key=key-0-34512, dataSize=0, replicationType=null, replicationFactor=null, keyLocationInfo=null, clientID=102654965997830546} | ret=SUCCESS |  
2019-08-21 12:28:25,188 | INFO  | DNAudit | user=null | ip=null | op=WRITE_CHUNK {blockData=conID: 1 locID: 102654968147018418 bcsId: 0} | ret=SUCCESS |  
2019-08-21 12:28:25,190 | INFO  | DNAudit | user=null | ip=null | op=WRITE_CHUNK {blockData=conID: 1 locID: 102654968147018418 bcsId: 0} | ret=SUCCESS |  
2019-08-21 12:28:25,191 | INFO  | DNAudit | user=null | ip=null | op=WRITE_CHUNK {blockData=conID: 1 locID: 102654968147018418 bcsId: 0} | ret=SUCCESS |  
2019-08-21 12:28:25,192 | INFO  | DNAudit | user=null | ip=null | op=WRITE_CHUNK {blockData=conID: 1 locID: 102654968147018418 bcsId: 0} | ret=SUCCESS |  
2019-08-21 12:28:25,193 | INFO  | DNAudit | user=null | ip=null | op=WRITE_CHUNK {blockData=conID: 1 locID: 102654968147018418 bcsId: 0} | ret=SUCCESS |  
2019-08-21 12:28:25,194 | INFO  | DNAudit | user=null | ip=null | op=WRITE_CHUNK {blockData=conID: 1 locID: 102654968147018418 bcsId: 0} | ret=SUCCESS |  
2019-08-21 12:28:25,202 | INFO  | DNAudit | user=null | ip=null | op=WRITE_CHUNK {blockData=conID: 1 locID: 102654968147018418 bcsId: 0} | ret=SUCCESS |  
2019-08-21 12:28:25,202 | INFO  | DNAudit | user=null | ip=null | op=PUT_BLOCK {blockData=[blockId=conID: 1 locID: 102654968147018418 bcsId: 0,size=1048576]} | ret=SUCCESS |  
2019-08-21 12:28:25,202 [grpc-default-executor-2] INFO  client.GrpcClientProtocolClient (GrpcClientProtocolClient.java:onNext(255)) - client-C954105195FD->270584e6-a4a8-4db5-8151-214655ce1a56: receive RaftClientReply:client-C954105195FD->270584e6-a4a8-4db5-8151-214655ce1a56@group-787F5BA3AA67, cid=3459, SUCCESS, logIndex=5231, commits[270584e6-a4a8-4db5-8151-214655ce1a56:c5232, af078b8b-61ec-497f-9506-472d46a72462:c5230, 09fb9ab4-1b8d-44c0-9f8c-50855c6f1fed:c5228]
2019-08-21 12:28:25,203 [grpc-default-executor-2] INFO  client.GrpcClientProtocolClient (GrpcClientProtocolClient.java:onNext(255)) - client-C954105195FD->270584e6-a4a8-4db5-8151-214655ce1a56: receive RaftClientReply:client-C954105195FD->270584e6-a4a8-4db5-8151-214655ce1a56@group-787F5BA3AA67, cid=3460, SUCCESS, logIndex=5232, commits[270584e6-a4a8-4db5-8151-214655ce1a56:c5232, af078b8b-61ec-497f-9506-472d46a72462:c5230, 09fb9ab4-1b8d-44c0-9f8c-50855c6f1fed:c5228]
2019-08-21 12:28:25,205 | INFO  | DNAudit | user=null | ip=null | op=WRITE_CHUNK {blockData=conID: 1 locID: 102654968147018418 bcsId: 0} | ret=SUCCESS |  
2019-08-21 12:28:25,205 | INFO  | DNAudit | user=null | ip=null | op=PUT_BLOCK {blockData=[blockId=conID: 1 locID: 102654968147018418 bcsId: 0,size=2097152]} | ret=SUCCESS |  
2019-08-21 12:28:25,205 [grpc-default-executor-4] INFO  client.GrpcClientProtocolClient (GrpcClientProtocolClient.java:onNext(255)) - client-C954105195FD->270584e6-a4a8-4db5-8151-214655ce1a56: receive RaftClientReply:client-C954105195FD->270584e6-a4a8-4db5-8151-214655ce1a56@group-787F5BA3AA67, cid=3461, SUCCESS, logIndex=5233, commits[270584e6-a4a8-4db5-8151-214655ce1a56:c5234, af078b8b-61ec-497f-9506-472d46a72462:c5230, 09fb9ab4-1b8d-44c0-9f8c-50855c6f1fed:c5230]
2019-08-21 12:28:25,206 [grpc-default-executor-4] INFO  client.GrpcClientProtocolClient (GrpcClientProtocolClient.java:onNext(255)) - client-C954105195FD->270584e6-a4a8-4db5-8151-214655ce1a56: receive RaftClientReply:client-C954105195FD->270584e6-a4a8-4db5-8151-214655ce1a56@group-787F5BA3AA67, cid=3462, SUCCESS, logIndex=5234, commits[270584e6-a4a8-4db5-8151-214655ce1a56:c5234, af078b8b-61ec-497f-9506-472d46a72462:c5230, 09fb9ab4-1b8d-44c0-9f8c-50855c6f1fed:c5230]
2019-08-21 12:28:25,216 | INFO  | DNAudit | user=null | ip=null | op=WRITE_CHUNK {blockData=conID: 1 locID: 102654968147018418 bcsId: 0} | ret=SUCCESS |  
2019-08-21 12:28:25,216 | INFO  | DNAudit | user=null | ip=null | op=PUT_BLOCK {blockData=[blockId=conID: 1 locID: 102654968147018418 bcsId: 0,size=1048576]} | ret=SUCCESS |  
2019-08-21 12:28:25,217 | INFO  | DNAudit | user=null | ip=null | op=WRITE_CHUNK {blockData=conID: 1 locID: 102654968147018418 bcsId: 0} | ret=SUCCESS |  
2019-08-21 12:28:25,217 | INFO  | DNAudit | user=null | ip=null | op=PUT_BLOCK {blockData=[blockId=conID: 1 locID: 102654968147018418 bcsId: 0,size=1048576]} | ret=SUCCESS |  
2019-08-21 12:28:25,218 [grpc-default-executor-4] INFO  client.GrpcClientProtocolClient (GrpcClientProtocolClient.java:onNext(255)) - client-C954105195FD->270584e6-a4a8-4db5-8151-214655ce1a56: receive RaftClientReply:client-C954105195FD->270584e6-a4a8-4db5-8151-214655ce1a56@group-787F5BA3AA67, cid=3463, SUCCESS, logIndex=0, commits[270584e6-a4a8-4db5-8151-214655ce1a56:c5236, af078b8b-61ec-497f-9506-472d46a72462:c5232, 09fb9ab4-1b8d-44c0-9f8c-50855c6f1fed:c5232]
2019-08-21 12:28:25,219 | INFO  | DNAudit | user=null | ip=null | op=WRITE_CHUNK {blockData=conID: 1 locID: 102654968147018418 bcsId: 0} | ret=SUCCESS |  
2019-08-21 12:28:25,219 | INFO  | DNAudit | user=null | ip=null | op=WRITE_CHUNK {blockData=conID: 1 locID: 102654968147018418 bcsId: 0} | ret=SUCCESS |  
2019-08-21 12:28:25,220 | INFO  | DNAudit | user=null | ip=null | op=PUT_BLOCK {blockData=[blockId=conID: 1 locID: 102654968147018418 bcsId: 0,size=2097152]} | ret=SUCCESS |  
2019-08-21 12:28:25,220 | INFO  | DNAudit | user=null | ip=null | op=PUT_BLOCK {blockData=[blockId=conID: 1 locID: 102654968147018418 bcsId: 0,size=2097152]} | ret=SUCCESS |  
2019-08-21 12:28:25,225 | INFO  | DNAudit | user=null | ip=null | op=WRITE_CHUNK {blockData=conID: 1 locID: 102654968147018418 bcsId: 5234} | ret=SUCCESS |  
2019-08-21 12:28:25,228 | INFO  | DNAudit | user=null | ip=null | op=WRITE_CHUNK {blockData=conID: 1 locID: 102654968147018418 bcsId: 5234} | ret=SUCCESS |  
2019-08-21 12:28:25,228 | INFO  | DNAudit | user=null | ip=null | op=WRITE_CHUNK {blockData=conID: 1 locID: 102654968147018418 bcsId: 5234} | ret=SUCCESS |  
2019-08-21 12:28:25,239 | INFO  | DNAudit | user=null | ip=null | op=WRITE_CHUNK {blockData=conID: 1 locID: 102654968147018418 bcsId: 5234} | ret=SUCCESS |  
2019-08-21 12:28:25,239 | INFO  | DNAudit | user=null | ip=null | op=PUT_BLOCK {blockData=[blockId=conID: 1 locID: 102654968147018418 bcsId: 0,size=3145728]} | ret=SUCCESS |  
2019-08-21 12:28:25,240 [grpc-default-executor-1] INFO  client.GrpcClientProtocolClient (GrpcClientProtocolClient.java:onNext(255)) - client-C954105195FD->270584e6-a4a8-4db5-8151-214655ce1a56: receive RaftClientReply:client-C954105195FD->270584e6-a4a8-4db5-8151-214655ce1a56@group-787F5BA3AA67, cid=3464, SUCCESS, logIndex=5239, commits[270584e6-a4a8-4db5-8151-214655ce1a56:c5240, af078b8b-61ec-497f-9506-472d46a72462:c5238, 09fb9ab4-1b8d-44c0-9f8c-50855c6f1fed:c5238]
2019-08-21 12:28:25,240 [grpc-default-executor-1] INFO  client.GrpcClientProtocolClient (GrpcClientProtocolClient.java:onNext(255)) - client-C954105195FD->270584e6-a4a8-4db5-8151-214655ce1a56: receive RaftClientReply:client-C954105195FD->270584e6-a4a8-4db5-8151-214655ce1a56@group-787F5BA3AA67, cid=3465, SUCCESS, logIndex=5240, commits[270584e6-a4a8-4db5-8151-214655ce1a56:c5240, af078b8b-61ec-497f-9506-472d46a72462:c5238, 09fb9ab4-1b8d-44c0-9f8c-50855c6f1fed:c5238]
2019-08-21 12:28:25,247 | INFO  | DNAudit | user=null | ip=null | op=WRITE_CHUNK {blockData=conID: 1 locID: 102654968147018418 bcsId: 5240} | ret=SUCCESS |  
2019-08-21 12:28:25,249 | INFO  | DNAudit | user=null | ip=null | op=WRITE_CHUNK {blockData=conID: 1 locID: 102654968147018418 bcsId: 5240} | ret=SUCCESS |  
2019-08-21 12:28:25,250 | INFO  | DNAudit | user=null | ip=null | op=WRITE_CHUNK {blockData=conID: 1 locID: 102654968147018418 bcsId: 5240} | ret=SUCCESS |  
2019-08-21 12:28:25,252 | INFO  | DNAudit | user=null | ip=null | op=WRITE_CHUNK {blockData=conID: 1 locID: 102654968147018418 bcsId: 5234} | ret=SUCCESS |  
2019-08-21 12:28:25,252 | INFO  | DNAudit | user=null | ip=null | op=WRITE_CHUNK {blockData=conID: 1 locID: 102654968147018418 bcsId: 5234} | ret=SUCCESS |  
2019-08-21 12:28:25,253 | INFO  | DNAudit | user=null | ip=null | op=PUT_BLOCK {blockData=[blockId=conID: 1 locID: 102654968147018418 bcsId: 0,size=3145728]} | ret=SUCCESS |  
2019-08-21 12:28:25,265 | INFO  | DNAudit | user=null | ip=null | op=PUT_BLOCK {blockData=[blockId=conID: 1 locID: 102654968147018418 bcsId: 0,size=3145728]} | ret=SUCCESS |  
2019-08-21 12:28:25,266 | INFO  | DNAudit | user=null | ip=null | op=WRITE_CHUNK {blockData=conID: 1 locID: 102654968147018418 bcsId: 5240} | ret=SUCCESS |  
2019-08-21 12:28:25,267 | INFO  | DNAudit | user=null | ip=null | op=PUT_BLOCK {blockData=[blockId=conID: 1 locID: 102654968147018418 bcsId: 0,size=4194304]} | ret=SUCCESS |  
2019-08-21 12:28:25,267 [grpc-default-executor-5] INFO  client.GrpcClientProtocolClient (GrpcClientProtocolClient.java:onNext(255)) - client-C954105195FD->270584e6-a4a8-4db5-8151-214655ce1a56: receive RaftClientReply:client-C954105195FD->270584e6-a4a8-4db5-8151-214655ce1a56@group-787F5BA3AA67, cid=3466, SUCCESS, logIndex=5243, commits[270584e6-a4a8-4db5-8151-214655ce1a56:c5244, af078b8b-61ec-497f-9506-472d46a72462:c5240, 09fb9ab4-1b8d-44c0-9f8c-50855c6f1fed:c5240]
2019-08-21 12:28:25,267 [grpc-default-executor-5] INFO  client.GrpcClientProtocolClient (GrpcClientProtocolClient.java:onNext(255)) - client-C954105195FD->270584e6-a4a8-4db5-8151-214655ce1a56: receive RaftClientReply:client-C954105195FD->270584e6-a4a8-4db5-8151-214655ce1a56@group-787F5BA3AA67, cid=3467, SUCCESS, logIndex=5244, commits[270584e6-a4a8-4db5-8151-214655ce1a56:c5244, af078b8b-61ec-497f-9506-472d46a72462:c5240, 09fb9ab4-1b8d-44c0-9f8c-50855c6f1fed:c5240]
2019-08-21 12:28:25,437 | INFO  | DNAudit | user=null | ip=null | op=WRITE_CHUNK {blockData=conID: 1 locID: 102654968147018418 bcsId: 5240} | ret=SUCCESS |  
2019-08-21 12:28:25,438 | INFO  | DNAudit | user=null | ip=null | op=WRITE_CHUNK {blockData=conID: 1 locID: 102654968147018418 bcsId: 5240} | ret=SUCCESS |  
2019-08-21 12:28:25,438 | INFO  | DNAudit | user=null | ip=null | op=PUT_BLOCK {blockData=[blockId=conID: 1 locID: 102654968147018418 bcsId: 0,size=4194304]} | ret=SUCCESS |  
2019-08-21 12:28:25,448 | INFO  | DNAudit | user=null | ip=null | op=PUT_BLOCK {blockData=[blockId=conID: 1 locID: 102654968147018418 bcsId: 0,size=4194304]} | ret=SUCCESS |  
2019-08-21 12:28:25,449 [grpc-default-executor-5] INFO  client.GrpcClientProtocolClient (GrpcClientProtocolClient.java:onNext(255)) - client-C954105195FD->270584e6-a4a8-4db5-8151-214655ce1a56: receive RaftClientReply:client-C954105195FD->270584e6-a4a8-4db5-8151-214655ce1a56@group-787F5BA3AA67, cid=3468, SUCCESS, logIndex=0, commits[270584e6-a4a8-4db5-8151-214655ce1a56:c5246, af078b8b-61ec-497f-9506-472d46a72462:c5244, 09fb9ab4-1b8d-44c0-9f8c-50855c6f1fed:c5244]
2019-08-21 12:28:25,458 | INFO  | SCMAudit | user=jenkins1000 | ip=192.168.34.23 | op=ALLOCATE_BLOCK {owner=b79f83c9-5f7d-4caf-af30-78af34bc5eea, size=4194304, type=RATIS, factor=THREE} | ret=SUCCESS |  
2019-08-21 12:28:25,463 | INFO  | OMAudit | user=jenkins1000 | ip=127.0.0.1 | op=ALLOCATE_BLOCK {volume=vol-0-06517, bucket=bucket-0-64549, key=key-0-34512, dataSize=0, replicationType=null, replicationFactor=null, keyLocationInfo=null, clientID=102654965997830546} | ret=SUCCESS |  
2019-08-21 12:28:25,472 | INFO  | DNAudit | user=null | ip=null | op=WRITE_CHUNK {blockData=conID: 2 locID: 102654968165696179 bcsId: 0} | ret=SUCCESS |  
2019-08-21 12:28:25,475 | INFO  | DNAudit | user=null | ip=null | op=WRITE_CHUNK {blockData=conID: 2 locID: 102654968165696179 bcsId: 0} | ret=SUCCESS |  
2019-08-21 12:28:25,475 | INFO  | DNAudit | user=null | ip=null | op=WRITE_CHUNK {blockData=conID: 2 locID: 102654968165696179 bcsId: 0} | ret=SUCCESS |  
2019-08-21 12:28:25,476 | INFO  | DNAudit | user=null | ip=null | op=WRITE_CHUNK {blockData=conID: 2 locID: 102654968165696179 bcsId: 0} | ret=SUCCESS |  
2019-08-21 12:28:25,478 | INFO  | DNAudit | user=null | ip=null | op=WRITE_CHUNK {blockData=conID: 2 locID: 102654968165696179 bcsId: 0} | ret=SUCCESS |  
2019-08-21 12:28:25,478 | INFO  | DNAudit | user=null | ip=null | op=WRITE_CHUNK {blockData=conID: 2 locID: 102654968165696179 bcsId: 0} | ret=SUCCESS |  
2019-08-21 12:28:25,489 | INFO  | DNAudit | user=null | ip=null | op=WRITE_CHUNK {blockData=conID: 2 locID: 102654968165696179 bcsId: 0} | ret=SUCCESS |  
2019-08-21 12:28:25,490 | INFO  | DNAudit | user=null | ip=null | op=PUT_BLOCK {blockData=[blockId=conID: 2 locID: 102654968165696179 bcsId: 0,size=1048576]} | ret=SUCCESS |  
2019-08-21 12:28:25,490 [grpc-default-executor-4] INFO  client.GrpcClientProtocolClient (GrpcClientProtocolClient.java:onNext(255)) - client-C954105195FD->270584e6-a4a8-4db5-8151-214655ce1a56: receive RaftClientReply:client-C954105195FD->270584e6-a4a8-4db5-8151-214655ce1a56@group-787F5BA3AA67, cid=3469, SUCCESS, logIndex=5247, commits[270584e6-a4a8-4db5-8151-214655ce1a56:c5248, af078b8b-61ec-497f-9506-472d46a72462:c5246, 09fb9ab4-1b8d-44c0-9f8c-50855c6f1fed:c5246]
2019-08-21 12:28:25,491 | INFO  | DNAudit | user=null | ip=null | op=WRITE_CHUNK {blockData=conID: 2 locID: 102654968165696179 bcsId: 0} | ret=SUCCESS |  
2019-08-21 12:28:25,491 [grpc-default-executor-4] INFO  client.GrpcClientProtocolClient (GrpcClientProtocolClient.java:onNext(255)) - client-C954105195FD->270584e6-a4a8-4db5-8151-214655ce1a56: receive RaftClientReply:client-C954105195FD->270584e6-a4a8-4db5-8151-214655ce1a56@group-787F5BA3AA67, cid=3470, SUCCESS, logIndex=5248, commits[270584e6-a4a8-4db5-8151-214655ce1a56:c5250, af078b8b-61ec-497f-9506-472d46a72462:c5246, 09fb9ab4-1b8d-44c0-9f8c-50855c6f1fed:c5246]
2019-08-21 12:28:25,491 | INFO  | DNAudit | user=null | ip=null | op=PUT_BLOCK {blockData=[blockId=conID: 2 locID: 102654968165696179 bcsId: 0,size=2097152]} | ret=SUCCESS |  
2019-08-21 12:28:25,491 [grpc-default-executor-4] INFO  client.GrpcClientProtocolClient (GrpcClientProtocolClient.java:onNext(255)) - client-C954105195FD->270584e6-a4a8-4db5-8151-214655ce1a56: receive RaftClientReply:client-C954105195FD->270584e6-a4a8-4db5-8151-214655ce1a56@group-787F5BA3AA67, cid=3471, SUCCESS, logIndex=5249, commits[270584e6-a4a8-4db5-8151-214655ce1a56:c5250, af078b8b-61ec-497f-9506-472d46a72462:c5246, 09fb9ab4-1b8d-44c0-9f8c-50855c6f1fed:c5246]
2019-08-21 12:28:25,492 [grpc-default-executor-4] INFO  client.GrpcClientProtocolClient (GrpcClientProtocolClient.java:onNext(255)) - client-C954105195FD->270584e6-a4a8-4db5-8151-214655ce1a56: receive RaftClientReply:client-C954105195FD->270584e6-a4a8-4db5-8151-214655ce1a56@group-787F5BA3AA67, cid=3472, SUCCESS, logIndex=5250, commits[270584e6-a4a8-4db5-8151-214655ce1a56:c5250, af078b8b-61ec-497f-9506-472d46a72462:c5246, 09fb9ab4-1b8d-44c0-9f8c-50855c6f1fed:c5246]
2019-08-21 12:28:25,493 | INFO  | DNAudit | user=null | ip=null | op=WRITE_CHUNK {blockData=conID: 2 locID: 102654968165696179 bcsId: 0} | ret=SUCCESS |  
2019-08-21 12:28:25,493 | INFO  | DNAudit | user=null | ip=null | op=PUT_BLOCK {blockData=[blockId=conID: 2 locID: 102654968165696179 bcsId: 0,size=1048576]} | ret=SUCCESS |  
2019-08-21 12:28:25,504 | INFO  | DNAudit | user=null | ip=null | op=WRITE_CHUNK {blockData=conID: 2 locID: 102654968165696179 bcsId: 0} | ret=SUCCESS |  
2019-08-21 12:28:25,504 | INFO  | DNAudit | user=null | ip=null | op=PUT_BLOCK {blockData=[blockId=conID: 2 locID: 102654968165696179 bcsId: 0,size=1048576]} | ret=SUCCESS |  
2019-08-21 12:28:25,504 | INFO  | DNAudit | user=null | ip=null | op=WRITE_CHUNK {blockData=conID: 2 locID: 102654968165696179 bcsId: 0} | ret=SUCCESS |  
2019-08-21 12:28:25,504 [grpc-default-executor-4] INFO  client.GrpcClientProtocolClient (GrpcClientProtocolClient.java:onNext(255)) - client-C954105195FD->270584e6-a4a8-4db5-8151-214655ce1a56: receive RaftClientReply:client-C954105195FD->270584e6-a4a8-4db5-8151-214655ce1a56@group-787F5BA3AA67, cid=3473, SUCCESS, logIndex=0, commits[270584e6-a4a8-4db5-8151-214655ce1a56:c5251, af078b8b-61ec-497f-9506-472d46a72462:c5248, 09fb9ab4-1b8d-44c0-9f8c-50855c6f1fed:c5248]
2019-08-21 12:28:25,505 | INFO  | DNAudit | user=null | ip=null | op=PUT_BLOCK {blockData=[blockId=conID: 2 locID: 102654968165696179 bcsId: 0,size=2097152]} | ret=SUCCESS |  
2019-08-21 12:28:25,506 | INFO  | DNAudit | user=null | ip=null | op=WRITE_CHUNK {blockData=conID: 2 locID: 102654968165696179 bcsId: 0} | ret=SUCCESS |  
2019-08-21 12:28:25,506 | INFO  | DNAudit | user=null | ip=null | op=PUT_BLOCK {blockData=[blockId=conID: 2 locID: 102654968165696179 bcsId: 0,size=2097152]} | ret=SUCCESS |  
2019-08-21 12:28:25,512 | INFO  | DNAudit | user=null | ip=null | op=WRITE_CHUNK {blockData=conID: 2 locID: 102654968165696179 bcsId: 5250} | ret=SUCCESS |  
2019-08-21 12:28:25,514 | INFO  | DNAudit | user=null | ip=null | op=WRITE_CHUNK {blockData=conID: 2 locID: 102654968165696179 bcsId: 5250} | ret=SUCCESS |  
2019-08-21 12:28:25,515 | INFO  | DNAudit | user=null | ip=null | op=WRITE_CHUNK {blockData=conID: 2 locID: 102654968165696179 bcsId: 5250} | ret=SUCCESS |  
2019-08-21 12:28:25,520 | INFO  | DNAudit | user=null | ip=null | op=WRITE_CHUNK {blockData=conID: 2 locID: 102654968165696179 bcsId: 5250} | ret=SUCCESS |  
2019-08-21 12:28:25,520 | INFO  | DNAudit | user=null | ip=null | op=PUT_BLOCK {blockData=[blockId=conID: 2 locID: 102654968165696179 bcsId: 0,size=3145728]} | ret=SUCCESS |  
2019-08-21 12:28:25,521 [grpc-default-executor-5] INFO  client.GrpcClientProtocolClient (GrpcClientProtocolClient.java:onNext(255)) - client-C954105195FD->270584e6-a4a8-4db5-8151-214655ce1a56: receive RaftClientReply:client-C954105195FD->270584e6-a4a8-4db5-8151-214655ce1a56@group-787F5BA3AA67, cid=3474, SUCCESS, logIndex=5255, commits[270584e6-a4a8-4db5-8151-214655ce1a56:c5256, af078b8b-61ec-497f-9506-472d46a72462:c5250, 09fb9ab4-1b8d-44c0-9f8c-50855c6f1fed:c5254]
2019-08-21 12:28:25,521 [grpc-default-executor-5] INFO  client.GrpcClientProtocolClient (GrpcClientProtocolClient.java:onNext(255)) - client-C954105195FD->270584e6-a4a8-4db5-8151-214655ce1a56: receive RaftClientReply:client-C954105195FD->270584e6-a4a8-4db5-8151-214655ce1a56@group-787F5BA3AA67, cid=3475, SUCCESS, logIndex=5256, commits[270584e6-a4a8-4db5-8151-214655ce1a56:c5256, af078b8b-61ec-497f-9506-472d46a72462:c5250, 09fb9ab4-1b8d-44c0-9f8c-50855c6f1fed:c5254]
2019-08-21 12:28:25,528 | INFO  | DNAudit | user=null | ip=null | op=WRITE_CHUNK {blockData=conID: 2 locID: 102654968165696179 bcsId: 5256} | ret=SUCCESS |  
2019-08-21 12:28:25,531 | INFO  | DNAudit | user=null | ip=null | op=WRITE_CHUNK {blockData=conID: 2 locID: 102654968165696179 bcsId: 5256} | ret=SUCCESS |  
2019-08-21 12:28:25,531 | INFO  | DNAudit | user=null | ip=null | op=WRITE_CHUNK {blockData=conID: 2 locID: 102654968165696179 bcsId: 5256} | ret=SUCCESS |  
2019-08-21 12:28:25,532 | INFO  | DNAudit | user=null | ip=null | op=WRITE_CHUNK {blockData=conID: 2 locID: 102654968165696179 bcsId: 5250} | ret=SUCCESS |  
2019-08-21 12:28:25,532 | INFO  | DNAudit | user=null | ip=null | op=PUT_BLOCK {blockData=[blockId=conID: 2 locID: 102654968165696179 bcsId: 0,size=3145728]} | ret=SUCCESS |  
2019-08-21 12:28:25,544 | INFO  | DNAudit | user=null | ip=null | op=WRITE_CHUNK {blockData=conID: 2 locID: 102654968165696179 bcsId: 5250} | ret=SUCCESS |  
2019-08-21 12:28:25,544 | INFO  | DNAudit | user=null | ip=null | op=PUT_BLOCK {blockData=[blockId=conID: 2 locID: 102654968165696179 bcsId: 0,size=3145728]} | ret=SUCCESS |  
2019-08-21 12:28:25,544 | INFO  | DNAudit | user=null | ip=null | op=WRITE_CHUNK {blockData=conID: 2 locID: 102654968165696179 bcsId: 5256} | ret=SUCCESS |  
2019-08-21 12:28:25,545 | INFO  | DNAudit | user=null | ip=null | op=PUT_BLOCK {blockData=[blockId=conID: 2 locID: 102654968165696179 bcsId: 0,size=4194304]} | ret=SUCCESS |  
2019-08-21 12:28:25,545 [grpc-default-executor-1] INFO  client.GrpcClientProtocolClient (GrpcClientProtocolClient.java:onNext(255)) - client-C954105195FD->270584e6-a4a8-4db5-8151-214655ce1a56: receive RaftClientReply:client-C954105195FD->270584e6-a4a8-4db5-8151-214655ce1a56@group-787F5BA3AA67, cid=3476, SUCCESS, logIndex=5259, commits[270584e6-a4a8-4db5-8151-214655ce1a56:c5260, af078b8b-61ec-497f-9506-472d46a72462:c5256, 09fb9ab4-1b8d-44c0-9f8c-50855c6f1fed:c5256]
2019-08-21 12:28:25,545 [grpc-default-executor-1] INFO  client.GrpcClientProtocolClient (GrpcClientProtocolClient.java:onNext(255)) - client-C954105195FD->270584e6-a4a8-4db5-8151-214655ce1a56: receive RaftClientReply:client-C954105195FD->270584e6-a4a8-4db5-8151-214655ce1a56@group-787F5BA3AA67, cid=3477, SUCCESS, logIndex=5260, commits[270584e6-a4a8-4db5-8151-214655ce1a56:c5260, af078b8b-61ec-497f-9506-472d46a72462:c5256, 09fb9ab4-1b8d-44c0-9f8c-50855c6f1fed:c5256]
2019-08-21 12:28:25,546 | INFO  | SCMAudit | user=jenkins1000 | ip=192.168.34.23 | op=SEND_HEARTBEAT {datanodeUUID=0aa4def6-fe9f-4182-b0b1-80406548816f, command=[]} | ret=SUCCESS |  
2019-08-21 12:28:25,546 | INFO  | SCMAudit | user=jenkins1000 | ip=192.168.34.23 | op=SEND_HEARTBEAT {datanodeUUID=39ae8c09-9b4b-4ddc-906b-4e52d104e1b1, command=[]} | ret=SUCCESS |  
2019-08-21 12:28:25,547 | INFO  | SCMAudit | user=jenkins1000 | ip=192.168.34.23 | op=SEND_HEARTBEAT {datanodeUUID=270584e6-a4a8-4db5-8151-214655ce1a56, command=[]} | ret=SUCCESS |  
 0.00% |█                                                                                                    |  0/1 Time: 0:00:332019-08-21 12:28:25,549 | INFO  | SCMAudit | user=jenkins1000 | ip=192.168.34.23 | op=SEND_HEARTBEAT {datanodeUUID=af078b8b-61ec-497f-9506-472d46a72462, command=[]} | ret=SUCCESS |  
2019-08-21 12:28:25,550 | INFO  | SCMAudit | user=jenkins1000 | ip=192.168.34.23 | op=SEND_HEARTBEAT {datanodeUUID=09fb9ab4-1b8d-44c0-9f8c-50855c6f1fed, command=[]} | ret=SUCCESS |  
2019-08-21 12:28:25,558 | INFO  | DNAudit | user=null | ip=null | op=WRITE_CHUNK {blockData=conID: 2 locID: 102654968165696179 bcsId: 5256} | ret=SUCCESS |  
2019-08-21 12:28:25,559 | INFO  | DNAudit | user=null | ip=null | op=WRITE_CHUNK {blockData=conID: 2 locID: 102654968165696179 bcsId: 5256} | ret=SUCCESS |  
2019-08-21 12:28:26,148 | INFO  | DNAudit | user=null | ip=null | op=PUT_BLOCK {blockData=[blockId=conID: 2 locID: 102654968165696179 bcsId: 0,size=4194304]} | ret=SUCCESS |  
2019-08-21 12:28:26,148 | INFO  | DNAudit | user=null | ip=null | op=PUT_BLOCK {blockData=[blockId=conID: 2 locID: 102654968165696179 bcsId: 0,size=4194304]} | ret=SUCCESS |  
2019-08-21 12:28:26,149 [grpc-default-executor-4] INFO  client.GrpcClientProtocolClient (GrpcClientProtocolClient.java:onNext(255)) - client-C954105195FD->270584e6-a4a8-4db5-8151-214655ce1a56: receive RaftClientReply:client-C954105195FD->270584e6-a4a8-4db5-8151-214655ce1a56@group-787F5BA3AA67, cid=3478, SUCCESS, logIndex=0, commits[270584e6-a4a8-4db5-8151-214655ce1a56:c5261, af078b8b-61ec-497f-9506-472d46a72462:c5260, 09fb9ab4-1b8d-44c0-9f8c-50855c6f1fed:c5260]
2019-08-21 12:28:26,158 | INFO  | SCMAudit | user=jenkins1000 | ip=192.168.34.23 | op=ALLOCATE_BLOCK {owner=b79f83c9-5f7d-4caf-af30-78af34bc5eea, size=4194304, type=RATIS, factor=THREE} | ret=SUCCESS |  
2019-08-21 12:28:26,165 | INFO  | OMAudit | user=jenkins1000 | ip=127.0.0.1 | op=ALLOCATE_BLOCK {volume=vol-0-06517, bucket=bucket-0-64549, key=key-0-34512, dataSize=0, replicationType=null, replicationFactor=null, keyLocationInfo=null, clientID=102654965997830546} | ret=SUCCESS |  
2019-08-21 12:28:26,174 | INFO  | DNAudit | user=null | ip=null | op=WRITE_CHUNK {blockData=conID: 3 locID: 102654968211571380 bcsId: 0} | ret=SUCCESS |  
2019-08-21 12:28:26,178 | INFO  | DNAudit | user=null | ip=null | op=WRITE_CHUNK {blockData=conID: 3 locID: 102654968211571380 bcsId: 0} | ret=SUCCESS |  
2019-08-21 12:28:26,178 | INFO  | DNAudit | user=null | ip=null | op=WRITE_CHUNK {blockData=conID: 3 locID: 102654968211571380 bcsId: 0} | ret=SUCCESS |  
2019-08-21 12:28:26,179 | INFO  | DNAudit | user=null | ip=null | op=WRITE_CHUNK {blockData=conID: 3 locID: 102654968211571380 bcsId: 0} | ret=SUCCESS |  
2019-08-21 12:28:26,181 | INFO  | DNAudit | user=null | ip=null | op=WRITE_CHUNK {blockData=conID: 3 locID: 102654968211571380 bcsId: 0} | ret=SUCCESS |  
2019-08-21 12:28:26,181 | INFO  | DNAudit | user=null | ip=null | op=WRITE_CHUNK {blockData=conID: 3 locID: 102654968211571380 bcsId: 0} | ret=SUCCESS |  
2019-08-21 12:28:26,547 | INFO  | SCMAudit | user=jenkins1000 | ip=192.168.34.23 | op=SEND_HEARTBEAT {datanodeUUID=39ae8c09-9b4b-4ddc-906b-4e52d104e1b1, command=[]} | ret=SUCCESS |  
2019-08-21 12:28:26,548 | INFO  | SCMAudit | user=jenkins1000 | ip=192.168.34.23 | op=SEND_HEARTBEAT {datanodeUUID=0aa4def6-fe9f-4182-b0b1-80406548816f, command=[]} | ret=SUCCESS |  
2019-08-21 12:28:26,548 | INFO  | SCMAudit | user=jenkins1000 | ip=192.168.34.23 | op=SEND_HEARTBEAT {datanodeUUID=270584e6-a4a8-4db5-8151-214655ce1a56, command=[]} | ret=SUCCESS |  
 0.00% |█                                                                                                    |  0/1 Time: 0:00:342019-08-21 12:28:26,549 | INFO  | SCMAudit | user=jenkins1000 | ip=192.168.34.23 | op=SEND_HEARTBEAT {datanodeUUID=af078b8b-61ec-497f-9506-472d46a72462, command=[]} | ret=SUCCESS |  
2019-08-21 12:28:26,550 | INFO  | SCMAudit | user=jenkins1000 | ip=192.168.34.23 | op=SEND_HEARTBEAT {datanodeUUID=09fb9ab4-1b8d-44c0-9f8c-50855c6f1fed, command=[]} | ret=SUCCESS |  
2019-08-21 12:28:27,546 | INFO  | SCMAudit | user=jenkins1000 | ip=192.168.34.23 | op=SEND_HEARTBEAT {datanodeUUID=0aa4def6-fe9f-4182-b0b1-80406548816f, command=[]} | ret=SUCCESS |  
2019-08-21 12:28:27,546 | INFO  | SCMAudit | user=jenkins1000 | ip=192.168.34.23 | op=SEND_HEARTBEAT {datanodeUUID=39ae8c09-9b4b-4ddc-906b-4e52d104e1b1, command=[]} | ret=SUCCESS |  
2019-08-21 12:28:27,547 | INFO  | SCMAudit | user=jenkins1000 | ip=192.168.34.23 | op=SEND_HEARTBEAT {datanodeUUID=270584e6-a4a8-4db5-8151-214655ce1a56, command=[]} | ret=SUCCESS |  
 0.00% |█                                                                                                    |  0/1 Time: 0:00:352019-08-21 12:28:27,549 | INFO  | SCMAudit | user=jenkins1000 | ip=192.168.34.23 | op=SEND_HEARTBEAT {datanodeUUID=af078b8b-61ec-497f-9506-472d46a72462, command=[]} | ret=SUCCESS |  
2019-08-21 12:28:27,550 | INFO  | SCMAudit | user=jenkins1000 | ip=192.168.34.23 | op=SEND_HEARTBEAT {datanodeUUID=09fb9ab4-1b8d-44c0-9f8c-50855c6f1fed, command=[]} | ret=SUCCESS |  
2019-08-21 12:28:28,547 | INFO  | SCMAudit | user=jenkins1000 | ip=192.168.34.23 | op=SEND_HEARTBEAT {datanodeUUID=0aa4def6-fe9f-4182-b0b1-80406548816f, command=[]} | ret=SUCCESS |  
2019-08-21 12:28:28,547 | INFO  | SCMAudit | user=jenkins1000 | ip=192.168.34.23 | op=SEND_HEARTBEAT {datanodeUUID=39ae8c09-9b4b-4ddc-906b-4e52d104e1b1, command=[]} | ret=SUCCESS |  
2019-08-21 12:28:28,547 | INFO  | SCMAudit | user=jenkins1000 | ip=192.168.34.23 | op=SEND_HEARTBEAT {datanodeUUID=270584e6-a4a8-4db5-8151-214655ce1a56, command=[]} | ret=SUCCESS |  
 0.00% |█                                                                                                    |  0/1 Time: 0:00:362019-08-21 12:28:28,552 | INFO  | SCMAudit | user=jenkins1000 | ip=192.168.34.23 | op=SEND_HEARTBEAT {datanodeUUID=09fb9ab4-1b8d-44c0-9f8c-50855c6f1fed, command=[]} | ret=SUCCESS |  
2019-08-21 12:28:28,553 | INFO  | SCMAudit | user=jenkins1000 | ip=192.168.34.23 | op=SEND_HEARTBEAT {datanodeUUID=af078b8b-61ec-497f-9506-472d46a72462, command=[]} | ret=SUCCESS |  
2019-08-21 12:28:29,173 [java.util.concurrent.ThreadPoolExecutor$Worker@78ae0dde[State = -1, empty queue]] WARN  server.GrpcLogAppender (GrpcLogAppender.java:timeoutAppendRequest(200)) - GrpcLogAppender(270584e6-a4a8-4db5-8151-214655ce1a56->af078b8b-61ec-497f-9506-472d46a72462): appendEntries Timeout, request=270584e6-a4a8-4db5-8151-214655ce1a56->af078b8b-61ec-497f-9506-472d46a72462#5270-t2, previous=(t:2, i:5262), leaderCommit=5262, initializing? false, entries: size=1, first=(t:2, i:5263), STATEMACHINELOGENTRY, client-C954105195FD, cid=3479
2019-08-21 12:28:29,173 [java.util.concurrent.ThreadPoolExecutor$Worker@1060ec6f[State = -1, empty queue]] WARN  server.GrpcLogAppender (GrpcLogAppender.java:timeoutAppendRequest(200)) - GrpcLogAppender(270584e6-a4a8-4db5-8151-214655ce1a56->09fb9ab4-1b8d-44c0-9f8c-50855c6f1fed): appendEntries Timeout, request=270584e6-a4a8-4db5-8151-214655ce1a56->09fb9ab4-1b8d-44c0-9f8c-50855c6f1fed#5270-t2, previous=(t:2, i:5262), leaderCommit=5262, initializing? false, entries: size=1, first=(t:2, i:5263), STATEMACHINELOGENTRY, client-C954105195FD, cid=3479
2019-08-21 12:28:29,175 [java.util.concurrent.ThreadPoolExecutor$Worker@78ae0dde[State = -1, empty queue]] WARN  server.GrpcLogAppender (GrpcLogAppender.java:timeoutAppendRequest(200)) - GrpcLogAppender(270584e6-a4a8-4db5-8151-214655ce1a56->af078b8b-61ec-497f-9506-472d46a72462): appendEntries Timeout, request=270584e6-a4a8-4db5-8151-214655ce1a56->af078b8b-61ec-497f-9506-472d46a72462#5271-t2, previous=(t:2, i:5263), leaderCommit=5262, initializing? false, entries: size=1, first=(t:2, i:5264), STATEMACHINELOGENTRY, client-C954105195FD, cid=3480
2019-08-21 12:28:29,177 [java.util.concurrent.ThreadPoolExecutor$Worker@1060ec6f[State = -1, empty queue]] WARN  server.GrpcLogAppender (GrpcLogAppender.java:timeoutAppendRequest(200)) - GrpcLogAppender(270584e6-a4a8-4db5-8151-214655ce1a56->09fb9ab4-1b8d-44c0-9f8c-50855c6f1fed): appendEntries Timeout, request=270584e6-a4a8-4db5-8151-214655ce1a56->09fb9ab4-1b8d-44c0-9f8c-50855c6f1fed#5271-t2, previous=(t:2, i:5263), leaderCommit=5262, initializing? false, entries: size=1, first=(t:2, i:5264), STATEMACHINELOGENTRY, client-C954105195FD, cid=3480
2019-08-21 12:28:29,180 [java.util.concurrent.ThreadPoolExecutor$Worker@78ae0dde[State = -1, empty queue]] WARN  server.GrpcLogAppender (GrpcLogAppender.java:timeoutAppendRequest(200)) - GrpcLogAppender(270584e6-a4a8-4db5-8151-214655ce1a56->af078b8b-61ec-497f-9506-472d46a72462): appendEntries Timeout, request=270584e6-a4a8-4db5-8151-214655ce1a56->af078b8b-61ec-497f-9506-472d46a72462#5272-t2, previous=(t:2, i:5264), leaderCommit=5262, initializing? false, entries: size=1, first=(t:2, i:5265), STATEMACHINELOGENTRY, client-C954105195FD, cid=3481
2019-08-21 12:28:29,181 [java.util.concurrent.ThreadPoolExecutor$Worker@1060ec6f[State = -1, empty queue]] WARN  server.GrpcLogAppender (GrpcLogAppender.java:timeoutAppendRequest(200)) - GrpcLogAppender(270584e6-a4a8-4db5-8151-214655ce1a56->09fb9ab4-1b8d-44c0-9f8c-50855c6f1fed): appendEntries Timeout, request=270584e6-a4a8-4db5-8151-214655ce1a56->09fb9ab4-1b8d-44c0-9f8c-50855c6f1fed#5272-t2, previous=(t:2, i:5264), leaderCommit=5262, initializing? false, entries: size=1, first=(t:2, i:5265), STATEMACHINELOGENTRY, client-C954105195FD, cid=3481
2019-08-21 12:28:29,190 [java.util.concurrent.ThreadPoolExecutor$Worker@78ae0dde[State = -1, empty queue]] WARN  server.GrpcLogAppender (GrpcLogAppender.java:timeoutAppendRequest(200)) - GrpcLogAppender(270584e6-a4a8-4db5-8151-214655ce1a56->af078b8b-61ec-497f-9506-472d46a72462): appendEntries Timeout, request=270584e6-a4a8-4db5-8151-214655ce1a56->af078b8b-61ec-497f-9506-472d46a72462#5273-t2, previous=(t:2, i:5265), leaderCommit=5262, initializing? false, entries: size=1, first=(t:2, i:5266), STATEMACHINELOGENTRY, client-C954105195FD, cid=3482
2019-08-21 12:28:29,190 [java.util.concurrent.ThreadPoolExecutor$Worker@1060ec6f[State = -1, empty queue]] WARN  server.GrpcLogAppender (GrpcLogAppender.java:timeoutAppendRequest(200)) - GrpcLogAppender(270584e6-a4a8-4db5-8151-214655ce1a56->09fb9ab4-1b8d-44c0-9f8c-50855c6f1fed): appendEntries Timeout, request=270584e6-a4a8-4db5-8151-214655ce1a56->09fb9ab4-1b8d-44c0-9f8c-50855c6f1fed#5273-t2, previous=(t:2, i:5265), leaderCommit=5262, initializing? false, entries: size=1, first=(t:2, i:5266), STATEMACHINELOGENTRY, client-C954105195FD, cid=3482
2019-08-21 12:28:29,547 | INFO  | SCMAudit | user=jenkins1000 | ip=192.168.34.23 | op=SEND_HEARTBEAT {datanodeUUID=39ae8c09-9b4b-4ddc-906b-4e52d104e1b1, command=[]} | ret=SUCCESS |  
2019-08-21 12:28:29,547 | INFO  | SCMAudit | user=jenkins1000 | ip=192.168.34.23 | op=SEND_HEARTBEAT {datanodeUUID=270584e6-a4a8-4db5-8151-214655ce1a56, command=[]} | ret=SUCCESS |  
2019-08-21 12:28:29,547 | INFO  | SCMAudit | user=jenkins1000 | ip=192.168.34.23 | op=SEND_HEARTBEAT {datanodeUUID=0aa4def6-fe9f-4182-b0b1-80406548816f, command=[]} | ret=SUCCESS |  
 0.00% |█                                                                                                    |  0/1 Time: 0:00:372019-08-21 12:28:29,553 | INFO  | SCMAudit | user=jenkins1000 | ip=192.168.34.23 | op=SEND_HEARTBEAT {datanodeUUID=af078b8b-61ec-497f-9506-472d46a72462, command=[]} | ret=SUCCESS |  
2019-08-21 12:28:29,553 | INFO  | SCMAudit | user=jenkins1000 | ip=192.168.34.23 | op=SEND_HEARTBEAT {datanodeUUID=09fb9ab4-1b8d-44c0-9f8c-50855c6f1fed, command=[]} | ret=SUCCESS |  
2019-08-21 12:28:30,547 | INFO  | SCMAudit | user=jenkins1000 | ip=192.168.34.23 | op=SEND_HEARTBEAT {datanodeUUID=0aa4def6-fe9f-4182-b0b1-80406548816f, command=[]} | ret=SUCCESS |  
2019-08-21 12:28:30,547 | INFO  | SCMAudit | user=jenkins1000 | ip=192.168.34.23 | op=SEND_HEARTBEAT {datanodeUUID=39ae8c09-9b4b-4ddc-906b-4e52d104e1b1, command=[]} | ret=SUCCESS |  
2019-08-21 12:28:30,547 | INFO  | SCMAudit | user=jenkins1000 | ip=192.168.34.23 | op=SEND_HEARTBEAT {datanodeUUID=270584e6-a4a8-4db5-8151-214655ce1a56, command=[]} | ret=SUCCESS |  
2019-08-21 12:28:30,552 | INFO  | SCMAudit | user=jenkins1000 | ip=192.168.34.23 | op=SEND_HEARTBEAT {datanodeUUID=09fb9ab4-1b8d-44c0-9f8c-50855c6f1fed, command=[]} | ret=SUCCESS |  
2019-08-21 12:28:30,552 | INFO  | SCMAudit | user=jenkins1000 | ip=192.168.34.23 | op=SEND_HEARTBEAT {datanodeUUID=af078b8b-61ec-497f-9506-472d46a72462, command=[]} | ret=SUCCESS |  
 0.00% |█                                                                                                    |  0/1 Time: 0:00:382019-08-21 12:28:31,274 [grpc-default-executor-4] INFO  client.GrpcClientProtocolClient (GrpcClientProtocolClient.java:onNext(255)) - client-C954105195FD->af078b8b-61ec-497f-9506-472d46a72462: receive RaftClientReply:client-C954105195FD->af078b8b-61ec-497f-9506-472d46a72462@group-787F5BA3AA67, cid=3479, FAILED org.apache.ratis.protocol.NotLeaderException: Server af078b8b-61ec-497f-9506-472d46a72462 is not the leader (270584e6-a4a8-4db5-8151-214655ce1a56:192.168.34.23:41849). Request must be sent to leader., logIndex=0, commits[af078b8b-61ec-497f-9506-472d46a72462:c5262, 09fb9ab4-1b8d-44c0-9f8c-50855c6f1fed:c5260, 270584e6-a4a8-4db5-8151-214655ce1a56:c5262]
2019-08-21 12:28:31,376 [grpc-default-executor-4] WARN  server.GrpcLogAppender (GrpcLogAppender.java:onNextImpl(250)) - org.apache.ratis.grpc.server.GrpcLogAppender$AppendLogResponseHandler@5ea3ee53: Request not found, ignoring reply: 270584e6-a4a8-4db5-8151-214655ce1a56<-af078b8b-61ec-497f-9506-472d46a72462#5270:OK,SUCCESS,nextIndex:5264,term:2,followerCommit:5262
2019-08-21 12:28:31,376 [grpc-default-executor-4] WARN  server.GrpcLogAppender (GrpcLogAppender.java:onNextImpl(250)) - org.apache.ratis.grpc.server.GrpcLogAppender$AppendLogResponseHandler@5ea3ee53: Request not found, ignoring reply: 270584e6-a4a8-4db5-8151-214655ce1a56<-af078b8b-61ec-497f-9506-472d46a72462#5271:OK,SUCCESS,nextIndex:5265,term:2,followerCommit:5262
2019-08-21 12:28:31,378 [grpc-default-executor-4] WARN  server.GrpcLogAppender (GrpcLogAppender.java:onNextImpl(250)) - org.apache.ratis.grpc.server.GrpcLogAppender$AppendLogResponseHandler@696ddcdf: Request not found, ignoring reply: 270584e6-a4a8-4db5-8151-214655ce1a56<-09fb9ab4-1b8d-44c0-9f8c-50855c6f1fed#5270:OK,SUCCESS,nextIndex:5264,term:2,followerCommit:5262
2019-08-21 12:28:31,378 [grpc-default-executor-4] WARN  server.GrpcLogAppender (GrpcLogAppender.java:onNextImpl(250)) - org.apache.ratis.grpc.server.GrpcLogAppender$AppendLogResponseHandler@696ddcdf: Request not found, ignoring reply: 270584e6-a4a8-4db5-8151-214655ce1a56<-09fb9ab4-1b8d-44c0-9f8c-50855c6f1fed#5271:OK,SUCCESS,nextIndex:5265,term:2,followerCommit:5262
2019-08-21 12:28:31,378 [grpc-default-executor-4] WARN  server.GrpcLogAppender (GrpcLogAppender.java:onNextImpl(250)) - org.apache.ratis.grpc.server.GrpcLogAppender$AppendLogResponseHandler@696ddcdf: Request not found, ignoring reply: 270584e6-a4a8-4db5-8151-214655ce1a56<-09fb9ab4-1b8d-44c0-9f8c-50855c6f1fed#5272:OK,SUCCESS,nextIndex:5266,term:2,followerCommit:5262
2019-08-21 12:28:31,379 [grpc-default-executor-4] WARN  server.GrpcLogAppender (GrpcLogAppender.java:onNextImpl(250)) - org.apache.ratis.grpc.server.GrpcLogAppender$AppendLogResponseHandler@696ddcdf: Request not found, ignoring reply: 270584e6-a4a8-4db5-8151-214655ce1a56<-09fb9ab4-1b8d-44c0-9f8c-50855c6f1fed#5273:OK,SUCCESS,nextIndex:5267,term:2,followerCommit:5262
2019-08-21 12:28:31,427 | INFO  | DNAudit | user=null | ip=null | op=WRITE_CHUNK {blockData=conID: 3 locID: 102654968211571380 bcsId: 0} | ret=SUCCESS |  
2019-08-21 12:28:31,430 | INFO  | DNAudit | user=null | ip=null | op=PUT_BLOCK {blockData=[blockId=conID: 3 locID: 102654968211571380 bcsId: 0,size=1048576]} | ret=SUCCESS |  
2019-08-21 12:28:31,431 [grpc-default-executor-4] WARN  server.GrpcLogAppender (GrpcLogAppender.java:onNextImpl(250)) - org.apache.ratis.grpc.server.GrpcLogAppender$AppendLogResponseHandler@5ea3ee53: Request not found, ignoring reply: 270584e6-a4a8-4db5-8151-214655ce1a56<-af078b8b-61ec-497f-9506-472d46a72462#5272:OK,SUCCESS,nextIndex:5266,term:2,followerCommit:5262
2019-08-21 12:28:31,435 | INFO  | DNAudit | user=null | ip=null | op=WRITE_CHUNK {blockData=conID: 3 locID: 102654968211571380 bcsId: 0} | ret=SUCCESS |  
2019-08-21 12:28:31,433 [grpc-default-executor-1] INFO  client.GrpcClientProtocolClient (GrpcClientProtocolClient.java:onNext(255)) - client-C954105195FD->270584e6-a4a8-4db5-8151-214655ce1a56: receive RaftClientReply:client-C954105195FD->270584e6-a4a8-4db5-8151-214655ce1a56@group-787F5BA3AA67, cid=3479, SUCCESS, logIndex=5263, commits[270584e6-a4a8-4db5-8151-214655ce1a56:c5264, af078b8b-61ec-497f-9506-472d46a72462:c5260, 09fb9ab4-1b8d-44c0-9f8c-50855c6f1fed:c5262]
2019-08-21 12:28:31,435 [grpc-default-executor-2] WARN  server.GrpcLogAppender (GrpcLogAppender.java:onNextImpl(250)) - org.apache.ratis.grpc.server.GrpcLogAppender$AppendLogResponseHandler@5ea3ee53: Request not found, ignoring reply: 270584e6-a4a8-4db5-8151-214655ce1a56<-af078b8b-61ec-497f-9506-472d46a72462#5273:OK,SUCCESS,nextIndex:5267,term:2,followerCommit:5262
2019-08-21 12:28:31,436 | INFO  | DNAudit | user=null | ip=null | op=WRITE_CHUNK {blockData=conID: 3 locID: 102654968211571380 bcsId: 0} | ret=SUCCESS |  
2019-08-21 12:28:31,441 | INFO  | DNAudit | user=null | ip=null | op=PUT_BLOCK {blockData=[blockId=conID: 3 locID: 102654968211571380 bcsId: 0,size=1048576]} | ret=SUCCESS |  
2019-08-21 12:28:31,441 | INFO  | DNAudit | user=null | ip=null | op=PUT_BLOCK {blockData=[blockId=conID: 3 locID: 102654968211571380 bcsId: 0,size=2097152]} | ret=SUCCESS |  
2019-08-21 12:28:31,445 [grpc-default-executor-1] INFO  client.GrpcClientProtocolClient (GrpcClientProtocolClient.java:onNext(255)) - client-C954105195FD->270584e6-a4a8-4db5-8151-214655ce1a56: receive RaftClientReply:client-C954105195FD->270584e6-a4a8-4db5-8151-214655ce1a56@group-787F5BA3AA67, cid=3480, SUCCESS, logIndex=5264, commits[270584e6-a4a8-4db5-8151-214655ce1a56:c5266, af078b8b-61ec-497f-9506-472d46a72462:c5260, 09fb9ab4-1b8d-44c0-9f8c-50855c6f1fed:c5262]
2019-08-21 12:28:31,447 [grpc-default-executor-2] INFO  client.GrpcClientProtocolClient (GrpcClientProtocolClient.java:onNext(255)) - client-C954105195FD->270584e6-a4a8-4db5-8151-214655ce1a56: receive RaftClientReply:client-C954105195FD->270584e6-a4a8-4db5-8151-214655ce1a56@group-787F5BA3AA67, cid=3481, SUCCESS, logIndex=5265, commits[270584e6-a4a8-4db5-8151-214655ce1a56:c5266, af078b8b-61ec-497f-9506-472d46a72462:c5260, 09fb9ab4-1b8d-44c0-9f8c-50855c6f1fed:c5264]
2019-08-21 12:28:31,447 [grpc-default-executor-2] INFO  client.GrpcClientProtocolClient (GrpcClientProtocolClient.java:onNext(255)) - client-C954105195FD->270584e6-a4a8-4db5-8151-214655ce1a56: receive RaftClientReply:client-C954105195FD->270584e6-a4a8-4db5-8151-214655ce1a56@group-787F5BA3AA67, cid=3482, SUCCESS, logIndex=5266, commits[270584e6-a4a8-4db5-8151-214655ce1a56:c5266, af078b8b-61ec-497f-9506-472d46a72462:c5262, 09fb9ab4-1b8d-44c0-9f8c-50855c6f1fed:c5264]
2019-08-21 12:28:31,546 | INFO  | SCMAudit | user=jenkins1000 | ip=192.168.34.23 | op=SEND_HEARTBEAT {datanodeUUID=0aa4def6-fe9f-4182-b0b1-80406548816f, command=[]} | ret=SUCCESS |  
2019-08-21 12:28:31,547 | INFO  | SCMAudit | user=jenkins1000 | ip=192.168.34.23 | op=SEND_HEARTBEAT {datanodeUUID=270584e6-a4a8-4db5-8151-214655ce1a56, command=[]} | ret=SUCCESS |  
2019-08-21 12:28:31,547 | INFO  | SCMAudit | user=jenkins1000 | ip=192.168.34.23 | op=SEND_HEARTBEAT {datanodeUUID=39ae8c09-9b4b-4ddc-906b-4e52d104e1b1, command=[]} | ret=SUCCESS |  
2019-08-21 12:28:31,552 | INFO  | SCMAudit | user=jenkins1000 | ip=192.168.34.23 | op=SEND_HEARTBEAT {datanodeUUID=af078b8b-61ec-497f-9506-472d46a72462, command=[]} | ret=SUCCESS |  
2019-08-21 12:28:31,552 | INFO  | SCMAudit | user=jenkins1000 | ip=192.168.34.23 | op=SEND_HEARTBEAT {datanodeUUID=09fb9ab4-1b8d-44c0-9f8c-50855c6f1fed, command=[]} | ret=SUCCESS |  
 0.00% |█                                                                                                    |  0/1 Time: 0:00:392019-08-21 12:28:32,547 | INFO  | SCMAudit | user=jenkins1000 | ip=192.168.34.23 | op=SEND_HEARTBEAT {datanodeUUID=0aa4def6-fe9f-4182-b0b1-80406548816f, command=[]} | ret=SUCCESS |  
2019-08-21 12:28:32,547 | INFO  | SCMAudit | user=jenkins1000 | ip=192.168.34.23 | op=SEND_HEARTBEAT {datanodeUUID=39ae8c09-9b4b-4ddc-906b-4e52d104e1b1, command=[]} | ret=SUCCESS |  
2019-08-21 12:28:32,547 | INFO  | SCMAudit | user=jenkins1000 | ip=192.168.34.23 | op=SEND_HEARTBEAT {datanodeUUID=270584e6-a4a8-4db5-8151-214655ce1a56, command=[]} | ret=SUCCESS |  
2019-08-21 12:28:32,552 | INFO  | SCMAudit | user=jenkins1000 | ip=192.168.34.23 | op=SEND_HEARTBEAT {datanodeUUID=09fb9ab4-1b8d-44c0-9f8c-50855c6f1fed, command=[]} | ret=SUCCESS |  
2019-08-21 12:28:32,553 | INFO  | SCMAudit | user=jenkins1000 | ip=192.168.34.23 | op=SEND_HEARTBEAT {datanodeUUID=af078b8b-61ec-497f-9506-472d46a72462, command=[]} | ret=SUCCESS |  
 0.00% |█                                                                                                    |  0/1 Time: 0:00:402019-08-21 12:28:33,547 | INFO  | SCMAudit | user=jenkins1000 | ip=192.168.34.23 | op=SEND_HEARTBEAT {datanodeUUID=0aa4def6-fe9f-4182-b0b1-80406548816f, command=[]} | ret=SUCCESS |  
2019-08-21 12:28:33,548 | INFO  | SCMAudit | user=jenkins1000 | ip=192.168.34.23 | op=SEND_HEARTBEAT {datanodeUUID=270584e6-a4a8-4db5-8151-214655ce1a56, command=[]} | ret=SUCCESS |  
2019-08-21 12:28:33,548 | INFO  | SCMAudit | user=jenkins1000 | ip=192.168.34.23 | op=SEND_HEARTBEAT {datanodeUUID=39ae8c09-9b4b-4ddc-906b-4e52d104e1b1, command=[]} | ret=SUCCESS |  
2019-08-21 12:28:33,552 | INFO  | SCMAudit | user=jenkins1000 | ip=192.168.34.23 | op=SEND_HEARTBEAT {datanodeUUID=af078b8b-61ec-497f-9506-472d46a72462, command=[]} | ret=SUCCESS |  
2019-08-21 12:28:33,553 | INFO  | SCMAudit | user=jenkins1000 | ip=192.168.34.23 | op=SEND_HEARTBEAT {datanodeUUID=09fb9ab4-1b8d-44c0-9f8c-50855c6f1fed, command=[]} | ret=SUCCESS |  
 0.00% |█                                                                                                    |  0/1 Time: 0:00:412019-08-21 12:28:33,935 | INFO  | DNAudit | user=null | ip=null | op=WRITE_CHUNK {blockData=conID: 3 locID: 102654968211571380 bcsId: 0} | ret=SUCCESS |  
2019-08-21 12:28:33,936 | INFO  | DNAudit | user=null | ip=null | op=PUT_BLOCK {blockData=[blockId=conID: 3 locID: 102654968211571380 bcsId: 0,size=2097152]} | ret=SUCCESS |  
2019-08-21 12:28:33,937 | INFO  | DNAudit | user=null | ip=null | op=WRITE_CHUNK {blockData=conID: 3 locID: 102654968211571380 bcsId: 0} | ret=SUCCESS |  
2019-08-21 12:28:33,937 | INFO  | DNAudit | user=null | ip=null | op=PUT_BLOCK {blockData=[blockId=conID: 3 locID: 102654968211571380 bcsId: 0,size=1048576]} | ret=SUCCESS |  
2019-08-21 12:28:33,938 | INFO  | DNAudit | user=null | ip=null | op=WRITE_CHUNK {blockData=conID: 3 locID: 102654968211571380 bcsId: 0} | ret=SUCCESS |  
2019-08-21 12:28:33,938 | INFO  | DNAudit | user=null | ip=null | op=PUT_BLOCK {blockData=[blockId=conID: 3 locID: 102654968211571380 bcsId: 0,size=2097152]} | ret=SUCCESS |  
2019-08-21 12:28:34,380 [java.util.concurrent.ThreadPoolExecutor$Worker@78ae0dde[State = -1, empty queue]] WARN  server.GrpcLogAppender (GrpcLogAppender.java:timeoutAppendRequest(200)) - GrpcLogAppender(270584e6-a4a8-4db5-8151-214655ce1a56->af078b8b-61ec-497f-9506-472d46a72462): appendEntries Timeout, request=270584e6-a4a8-4db5-8151-214655ce1a56->af078b8b-61ec-497f-9506-472d46a72462#5276-t2, previous=(t:2, i:5266), leaderCommit=5264, initializing? false, entries: size=1, first=(t:2, i:5267), METADATAENTRY(c5264)
2019-08-21 12:28:34,430 [java.util.concurrent.ThreadPoolExecutor$Worker@78ae0dde[State = -1, empty queue]] WARN  server.GrpcLogAppender (GrpcLogAppender.java:timeoutAppendRequest(200)) - GrpcLogAppender(270584e6-a4a8-4db5-8151-214655ce1a56->af078b8b-61ec-497f-9506-472d46a72462): appendEntries Timeout, request=270584e6-a4a8-4db5-8151-214655ce1a56->af078b8b-61ec-497f-9506-472d46a72462#5277-t2, previous=(t:2, i:5267), leaderCommit=5266, initializing? false, entries: size=1, first=(t:2, i:5268), METADATAENTRY(c5266)
2019-08-21 12:28:34,431 [java.util.concurrent.ThreadPoolExecutor$Worker@1060ec6f[State = -1, empty queue]] WARN  server.GrpcLogAppender (GrpcLogAppender.java:timeoutAppendRequest(200)) - GrpcLogAppender(270584e6-a4a8-4db5-8151-214655ce1a56->09fb9ab4-1b8d-44c0-9f8c-50855c6f1fed): appendEntries Timeout, request=270584e6-a4a8-4db5-8151-214655ce1a56->09fb9ab4-1b8d-44c0-9f8c-50855c6f1fed#5277-t2, previous=(t:2, i:5267), leaderCommit=5266, initializing? false, entries: size=1, first=(t:2, i:5268), METADATAENTRY(c5266)
2019-08-21 12:28:34,546 | INFO  | SCMAudit | user=jenkins1000 | ip=192.168.34.23 | op=SEND_HEARTBEAT {datanodeUUID=0aa4def6-fe9f-4182-b0b1-80406548816f, command=[]} | ret=SUCCESS |  
2019-08-21 12:28:34,548 | INFO  | SCMAudit | user=jenkins1000 | ip=192.168.34.23 | op=SEND_HEARTBEAT {datanodeUUID=270584e6-a4a8-4db5-8151-214655ce1a56, command=[]} | ret=SUCCESS |  
2019-08-21 12:28:34,548 | INFO  | SCMAudit | user=jenkins1000 | ip=192.168.34.23 | op=SEND_HEARTBEAT {datanodeUUID=39ae8c09-9b4b-4ddc-906b-4e52d104e1b1, command=[]} | ret=SUCCESS |  
2019-08-21 12:28:34,553 | INFO  | SCMAudit | user=jenkins1000 | ip=192.168.34.23 | op=SEND_HEARTBEAT {datanodeUUID=af078b8b-61ec-497f-9506-472d46a72462, command=[]} | ret=SUCCESS |  
2019-08-21 12:28:34,553 | INFO  | SCMAudit | user=jenkins1000 | ip=192.168.34.23 | op=SEND_HEARTBEAT {datanodeUUID=09fb9ab4-1b8d-44c0-9f8c-50855c6f1fed, command=[]} | ret=SUCCESS |  
 0.00% |█                                                                                                    |  0/1 Time: 0:00:422019-08-21 12:28:35,547 | INFO  | SCMAudit | user=jenkins1000 | ip=192.168.34.23 | op=SEND_HEARTBEAT {datanodeUUID=0aa4def6-fe9f-4182-b0b1-80406548816f, command=[]} | ret=SUCCESS |  
2019-08-21 12:28:35,547 | INFO  | SCMAudit | user=jenkins1000 | ip=192.168.34.23 | op=SEND_HEARTBEAT {datanodeUUID=39ae8c09-9b4b-4ddc-906b-4e52d104e1b1, command=[]} | ret=SUCCESS |  
2019-08-21 12:28:35,548 | INFO  | SCMAudit | user=jenkins1000 | ip=192.168.34.23 | op=SEND_HEARTBEAT {datanodeUUID=270584e6-a4a8-4db5-8151-214655ce1a56, command=[]} | ret=SUCCESS |  
2019-08-21 12:28:35,553 | INFO  | SCMAudit | user=jenkins1000 | ip=192.168.34.23 | op=SEND_HEARTBEAT {datanodeUUID=af078b8b-61ec-497f-9506-472d46a72462, command=[]} | ret=SUCCESS |  
2019-08-21 12:28:35,553 | INFO  | SCMAudit | user=jenkins1000 | ip=192.168.34.23 | op=SEND_HEARTBEAT {datanodeUUID=09fb9ab4-1b8d-44c0-9f8c-50855c6f1fed, command=[]} | ret=SUCCESS |  
 0.00% |█                                                                                                    |  0/1 Time: 0:00:432019-08-21 12:28:36,447 [grpc-default-executor-2] WARN  server.GrpcLogAppender (GrpcLogAppender.java:onNextImpl(250)) - org.apache.ratis.grpc.server.GrpcLogAppender$AppendLogResponseHandler@696ddcdf: Request not found, ignoring reply: 270584e6-a4a8-4db5-8151-214655ce1a56<-09fb9ab4-1b8d-44c0-9f8c-50855c6f1fed#5277:OK,SUCCESS,nextIndex:5269,term:2,followerCommit:5266
2019-08-21 12:28:36,451 [grpc-default-executor-1] WARN  server.GrpcLogAppender (GrpcLogAppender.java:onNextImpl(250)) - org.apache.ratis.grpc.server.GrpcLogAppender$AppendLogResponseHandler@5ea3ee53: Request not found, ignoring reply: 270584e6-a4a8-4db5-8151-214655ce1a56<-af078b8b-61ec-497f-9506-472d46a72462#5276:OK,SUCCESS,nextIndex:5268,term:2,followerCommit:5266
2019-08-21 12:28:36,453 [pool-282-thread-1] WARN  scm.XceiverClientRatis (XceiverClientRatis.java:watchForCommit(262)) - 3 way commit failed on pipeline Pipeline[ Id: f5dab513-1d06-4c9a-bb4a-787f5ba3aa67, Nodes: 270584e6-a4a8-4db5-8151-214655ce1a56{ip: 192.168.34.23, host: pr-hdds-1937-2b42m-2998290358, networkLocation: /default-rack, certSerialId: null}af078b8b-61ec-497f-9506-472d46a72462{ip: 192.168.34.23, host: pr-hdds-1937-2b42m-2998290358, networkLocation: /default-rack, certSerialId: null}09fb9ab4-1b8d-44c0-9f8c-50855c6f1fed{ip: 192.168.34.23, host: pr-hdds-1937-2b42m-2998290358, networkLocation: /default-rack, certSerialId: null}, Type:RATIS, Factor:THREE, State:OPEN]
java.util.concurrent.TimeoutException
	at java.util.concurrent.CompletableFuture.timedGet(CompletableFuture.java:1771)
	at java.util.concurrent.CompletableFuture.get(CompletableFuture.java:1915)
	at org.apache.hadoop.hdds.scm.XceiverClientRatis.watchForCommit(XceiverClientRatis.java:259)
	at org.apache.hadoop.hdds.scm.storage.CommitWatcher.watchForCommit(CommitWatcher.java:194)
	at org.apache.hadoop.hdds.scm.storage.CommitWatcher.watchOnFirstIndex(CommitWatcher.java:135)
	at org.apache.hadoop.hdds.scm.storage.BlockOutputStream.watchForCommit(BlockOutputStream.java:347)
	at org.apache.hadoop.hdds.scm.storage.BlockOutputStream.handleFullBuffer(BlockOutputStream.java:324)
	at org.apache.hadoop.hdds.scm.storage.BlockOutputStream.write(BlockOutputStream.java:251)
	at org.apache.hadoop.ozone.client.io.BlockOutputStreamEntry.write(BlockOutputStreamEntry.java:129)
	at org.apache.hadoop.ozone.client.io.KeyOutputStream.handleWrite(KeyOutputStream.java:211)
	at org.apache.hadoop.ozone.client.io.KeyOutputStream.write(KeyOutputStream.java:193)
	at org.apache.hadoop.ozone.client.io.OzoneOutputStream.write(OzoneOutputStream.java:49)
	at org.apache.hadoop.ozone.freon.RandomKeyGenerator.createKey(RandomKeyGenerator.java:699)
	at org.apache.hadoop.ozone.freon.RandomKeyGenerator.access$1100(RandomKeyGenerator.java:87)
	at org.apache.hadoop.ozone.freon.RandomKeyGenerator$ObjectCreator.run(RandomKeyGenerator.java:606)
	at java.util.concurrent.Executors$RunnableAdapter.call(Executors.java:511)
	at java.util.concurrent.FutureTask.run(FutureTask.java:266)
	at java.util.concurrent.ThreadPoolExecutor.runWorker(ThreadPoolExecutor.java:1149)
	at java.util.concurrent.ThreadPoolExecutor$Worker.run(ThreadPoolExecutor.java:624)
	at java.lang.Thread.run(Thread.java:748)
2019-08-21 12:28:36,460 [grpc-default-executor-1] INFO  client.GrpcClientProtocolClient (GrpcClientProtocolClient.java:onNext(255)) - client-C954105195FD->270584e6-a4a8-4db5-8151-214655ce1a56: receive RaftClientReply:client-C954105195FD->270584e6-a4a8-4db5-8151-214655ce1a56@group-787F5BA3AA67, cid=3484, SUCCESS, logIndex=0, commits[270584e6-a4a8-4db5-8151-214655ce1a56:c5267, af078b8b-61ec-497f-9506-472d46a72462:c5262, 09fb9ab4-1b8d-44c0-9f8c-50855c6f1fed:c5266]
2019-08-21 12:28:36,463 [pool-282-thread-1] INFO  scm.XceiverClientRatis (XceiverClientRatis.java:lambda$watchForCommit$7(280)) - Could not commit index 5264 on pipeline Pipeline[ Id: f5dab513-1d06-4c9a-bb4a-787f5ba3aa67, Nodes: 270584e6-a4a8-4db5-8151-214655ce1a56{ip: 192.168.34.23, host: pr-hdds-1937-2b42m-2998290358, networkLocation: /default-rack, certSerialId: null}af078b8b-61ec-497f-9506-472d46a72462{ip: 192.168.34.23, host: pr-hdds-1937-2b42m-2998290358, networkLocation: /default-rack, certSerialId: null}09fb9ab4-1b8d-44c0-9f8c-50855c6f1fed{ip: 192.168.34.23, host: pr-hdds-1937-2b42m-2998290358, networkLocation: /default-rack, certSerialId: null}, Type:RATIS, Factor:THREE, State:OPEN] to all the nodes. Server af078b8b-61ec-497f-9506-472d46a72462 has failed. Committed by majority.
2019-08-21 12:28:36,465 [pool-282-thread-1] WARN  storage.BlockOutputStream (BlockOutputStream.java:watchForCommit(353)) - Failed to commit BlockId conID: 3 locID: 102654968211571380 bcsId: 5266 on Pipeline[ Id: f5dab513-1d06-4c9a-bb4a-787f5ba3aa67, Nodes: 270584e6-a4a8-4db5-8151-214655ce1a56{ip: 192.168.34.23, host: pr-hdds-1937-2b42m-2998290358, networkLocation: /default-rack, certSerialId: null}af078b8b-61ec-497f-9506-472d46a72462{ip: 192.168.34.23, host: pr-hdds-1937-2b42m-2998290358, networkLocation: /default-rack, certSerialId: null}09fb9ab4-1b8d-44c0-9f8c-50855c6f1fed{ip: 192.168.34.23, host: pr-hdds-1937-2b42m-2998290358, networkLocation: /default-rack, certSerialId: null}, Type:RATIS, Factor:THREE, State:OPEN]. Failed nodes: [af078b8b-61ec-497f-9506-472d46a72462{ip: null, host: null, networkLocation: /default-rack, certSerialId: null}]
2019-08-21 12:28:36,474 | INFO  | DNAudit | user=null | ip=null | op=WRITE_CHUNK {blockData=conID: 3 locID: 102654968211571380 bcsId: 5266} | ret=SUCCESS |  
2019-08-21 12:28:36,478 | INFO  | DNAudit | user=null | ip=null | op=WRITE_CHUNK {blockData=conID: 3 locID: 102654968211571380 bcsId: 5266} | ret=SUCCESS |  
2019-08-21 12:28:36,478 | INFO  | DNAudit | user=null | ip=null | op=WRITE_CHUNK {blockData=conID: 3 locID: 102654968211571380 bcsId: 5266} | ret=SUCCESS |  
2019-08-21 12:28:36,553 | INFO  | SCMAudit | user=jenkins1000 | ip=192.168.34.23 | op=SEND_HEARTBEAT {datanodeUUID=0aa4def6-fe9f-4182-b0b1-80406548816f, command=[]} | ret=SUCCESS |  
2019-08-21 12:28:36,553 | INFO  | SCMAudit | user=jenkins1000 | ip=192.168.34.23 | op=SEND_HEARTBEAT {datanodeUUID=39ae8c09-9b4b-4ddc-906b-4e52d104e1b1, command=[]} | ret=SUCCESS |  
2019-08-21 12:28:36,553 | INFO  | SCMAudit | user=jenkins1000 | ip=192.168.34.23 | op=SEND_HEARTBEAT {datanodeUUID=270584e6-a4a8-4db5-8151-214655ce1a56, command=[]} | ret=SUCCESS |  
2019-08-21 12:28:36,553 | INFO  | SCMAudit | user=jenkins1000 | ip=192.168.34.23 | op=SEND_HEARTBEAT {datanodeUUID=09fb9ab4-1b8d-44c0-9f8c-50855c6f1fed, command=[]} | ret=SUCCESS |  
2019-08-21 12:28:36,553 | INFO  | SCMAudit | user=jenkins1000 | ip=192.168.34.23 | op=SEND_HEARTBEAT {datanodeUUID=af078b8b-61ec-497f-9506-472d46a72462, command=[]} | ret=SUCCESS |  
 0.00% |█                                                                                                    |  0/1 Time: 0:00:442019-08-21 12:28:36,936 [java.util.concurrent.ThreadPoolExecutor$Worker@78ae0dde[State = -1, empty queue]] WARN  server.GrpcLogAppender (GrpcLogAppender.java:timeoutAppendRequest(200)) - GrpcLogAppender(270584e6-a4a8-4db5-8151-214655ce1a56->af078b8b-61ec-497f-9506-472d46a72462): appendEntries Timeout, request=270584e6-a4a8-4db5-8151-214655ce1a56->af078b8b-61ec-497f-9506-472d46a72462#5278-t2, previous=(t:2, i:5268), leaderCommit=5266, initializing? false, entries: <empty>
2019-08-21 12:28:37,547 | INFO  | SCMAudit | user=jenkins1000 | ip=192.168.34.23 | op=SEND_HEARTBEAT {datanodeUUID=0aa4def6-fe9f-4182-b0b1-80406548816f, command=[]} | ret=SUCCESS |  
2019-08-21 12:28:37,553 | INFO  | SCMAudit | user=jenkins1000 | ip=192.168.34.23 | op=SEND_HEARTBEAT {datanodeUUID=39ae8c09-9b4b-4ddc-906b-4e52d104e1b1, command=[]} | ret=SUCCESS |  
2019-08-21 12:28:37,553 | INFO  | SCMAudit | user=jenkins1000 | ip=192.168.34.23 | op=SEND_HEARTBEAT {datanodeUUID=09fb9ab4-1b8d-44c0-9f8c-50855c6f1fed, command=[]} | ret=SUCCESS |  
2019-08-21 12:28:37,553 | INFO  | SCMAudit | user=jenkins1000 | ip=192.168.34.23 | op=SEND_HEARTBEAT {datanodeUUID=af078b8b-61ec-497f-9506-472d46a72462, command=[]} | ret=SUCCESS |  
2019-08-21 12:28:37,554 | INFO  | SCMAudit | user=jenkins1000 | ip=192.168.34.23 | op=SEND_HEARTBEAT {datanodeUUID=270584e6-a4a8-4db5-8151-214655ce1a56, command=[]} | ret=SUCCESS |  
 0.00% |█                                                                                                    |  0/1 Time: 0:00:452019-08-21 12:28:38,546 | INFO  | SCMAudit | user=jenkins1000 | ip=192.168.34.23 | op=SEND_HEARTBEAT {datanodeUUID=0aa4def6-fe9f-4182-b0b1-80406548816f, command=[]} | ret=SUCCESS |  
2019-08-21 12:28:38,553 | INFO  | SCMAudit | user=jenkins1000 | ip=192.168.34.23 | op=SEND_HEARTBEAT {datanodeUUID=39ae8c09-9b4b-4ddc-906b-4e52d104e1b1, command=[]} | ret=SUCCESS |  
2019-08-21 12:28:38,553 | INFO  | SCMAudit | user=jenkins1000 | ip=192.168.34.23 | op=SEND_HEARTBEAT {datanodeUUID=09fb9ab4-1b8d-44c0-9f8c-50855c6f1fed, command=[]} | ret=SUCCESS |  
2019-08-21 12:28:38,553 | INFO  | SCMAudit | user=jenkins1000 | ip=192.168.34.23 | op=SEND_HEARTBEAT {datanodeUUID=270584e6-a4a8-4db5-8151-214655ce1a56, command=[]} | ret=SUCCESS |  
2019-08-21 12:28:38,554 | INFO  | SCMAudit | user=jenkins1000 | ip=192.168.34.23 | op=SEND_HEARTBEAT {datanodeUUID=af078b8b-61ec-497f-9506-472d46a72462, command=[]} | ret=SUCCESS |  
 0.00% |█                                                                                                    |  0/1 Time: 0:00:462019-08-21 12:28:39,011 [grpc-default-executor-2] WARN  server.GrpcLogAppender (GrpcLogAppender.java:onNextImpl(250)) - org.apache.ratis.grpc.server.GrpcLogAppender$AppendLogResponseHandler@5ea3ee53: Request not found, ignoring reply: 270584e6-a4a8-4db5-8151-214655ce1a56<-af078b8b-61ec-497f-9506-472d46a72462#5277:OK,SUCCESS,nextIndex:5269,term:2,followerCommit:5267
2019-08-21 12:28:39,015 [grpc-default-executor-2] WARN  server.GrpcLogAppender (GrpcLogAppender.java:onNextImpl(250)) - org.apache.ratis.grpc.server.GrpcLogAppender$AppendLogResponseHandler@5ea3ee53: Request not found, ignoring reply: 270584e6-a4a8-4db5-8151-214655ce1a56<-af078b8b-61ec-497f-9506-472d46a72462#5278:OK,SUCCESS,nextIndex:5269,term:2,followerCommit:5266
2019-08-21 12:28:39,016 [grpc-default-executor-2] INFO  client.GrpcClientProtocolClient (GrpcClientProtocolClient.java:onNext(255)) - client-C954105195FD->270584e6-a4a8-4db5-8151-214655ce1a56: receive RaftClientReply:client-C954105195FD->270584e6-a4a8-4db5-8151-214655ce1a56@group-787F5BA3AA67, cid=3483, SUCCESS, logIndex=0, commits[270584e6-a4a8-4db5-8151-214655ce1a56:c5268, af078b8b-61ec-497f-9506-472d46a72462:c5266, 09fb9ab4-1b8d-44c0-9f8c-50855c6f1fed:c5266]
2019-08-21 12:28:39,017 [grpc-default-executor-2] INFO  client.GrpcClientProtocolClient (GrpcClientProtocolClient.java:onNext(255)) - client-C954105195FD->270584e6-a4a8-4db5-8151-214655ce1a56: receive RaftClientReply:client-C954105195FD->270584e6-a4a8-4db5-8151-214655ce1a56@group-787F5BA3AA67, cid=3483, SUCCESS, logIndex=0, commits[270584e6-a4a8-4db5-8151-214655ce1a56:c5268, af078b8b-61ec-497f-9506-472d46a72462:c5266, 09fb9ab4-1b8d-44c0-9f8c-50855c6f1fed:c5266]
2019-08-21 12:28:39,463 [grpc-default-executor-2] INFO  client.GrpcClientProtocolClient (GrpcClientProtocolClient.java:onNext(255)) - client-C954105195FD->270584e6-a4a8-4db5-8151-214655ce1a56: receive RaftClientReply:client-C954105195FD->270584e6-a4a8-4db5-8151-214655ce1a56@group-787F5BA3AA67, cid=3483, SUCCESS, logIndex=0, commits[270584e6-a4a8-4db5-8151-214655ce1a56:c5268, af078b8b-61ec-497f-9506-472d46a72462:c5266, 09fb9ab4-1b8d-44c0-9f8c-50855c6f1fed:c5266]
2019-08-21 12:28:39,473 [java.util.concurrent.ThreadPoolExecutor$Worker@1060ec6f[State = -1, empty queue]] WARN  server.GrpcLogAppender (GrpcLogAppender.java:timeoutAppendRequest(200)) - GrpcLogAppender(270584e6-a4a8-4db5-8151-214655ce1a56->09fb9ab4-1b8d-44c0-9f8c-50855c6f1fed): appendEntries Timeout, request=270584e6-a4a8-4db5-8151-214655ce1a56->09fb9ab4-1b8d-44c0-9f8c-50855c6f1fed#5280-t2, previous=(t:2, i:5268), leaderCommit=5267, initializing? false, entries: size=1, first=(t:2, i:5269), STATEMACHINELOGENTRY, client-C954105195FD, cid=3485
2019-08-21 12:28:39,473 [java.util.concurrent.ThreadPoolExecutor$Worker@78ae0dde[State = -1, empty queue]] WARN  server.GrpcLogAppender (GrpcLogAppender.java:timeoutAppendRequest(200)) - GrpcLogAppender(270584e6-a4a8-4db5-8151-214655ce1a56->af078b8b-61ec-497f-9506-472d46a72462): appendEntries Timeout, request=270584e6-a4a8-4db5-8151-214655ce1a56->af078b8b-61ec-497f-9506-472d46a72462#5280-t2, previous=(t:2, i:5268), leaderCommit=5267, initializing? false, entries: size=1, first=(t:2, i:5269), STATEMACHINELOGENTRY, client-C954105195FD, cid=3485
2019-08-21 12:28:39,473 [java.util.concurrent.ThreadPoolExecutor$Worker@1060ec6f[State = -1, empty queue]] WARN  server.GrpcLogAppender (GrpcLogAppender.java:timeoutAppendRequest(200)) - GrpcLogAppender(270584e6-a4a8-4db5-8151-214655ce1a56->09fb9ab4-1b8d-44c0-9f8c-50855c6f1fed): appendEntries Timeout, request=270584e6-a4a8-4db5-8151-214655ce1a56->09fb9ab4-1b8d-44c0-9f8c-50855c6f1fed#5281-t2, previous=(t:2, i:5269), leaderCommit=5267, initializing? false, entries: size=1, first=(t:2, i:5270), STATEMACHINELOGENTRY, client-C954105195FD, cid=3486
2019-08-21 12:28:39,476 [java.util.concurrent.ThreadPoolExecutor$Worker@78ae0dde[State = -1, empty queue]] WARN  server.GrpcLogAppender (GrpcLogAppender.java:timeoutAppendRequest(200)) - GrpcLogAppender(270584e6-a4a8-4db5-8151-214655ce1a56->af078b8b-61ec-497f-9506-472d46a72462): appendEntries Timeout, request=270584e6-a4a8-4db5-8151-214655ce1a56->af078b8b-61ec-497f-9506-472d46a72462#5281-t2, previous=(t:2, i:5269), leaderCommit=5267, initializing? false, entries: size=1, first=(t:2, i:5270), STATEMACHINELOGENTRY, client-C954105195FD, cid=3486
2019-08-21 12:28:39,547 | INFO  | SCMAudit | user=jenkins1000 | ip=192.168.34.23 | op=SEND_HEARTBEAT {datanodeUUID=0aa4def6-fe9f-4182-b0b1-80406548816f, command=[]} | ret=SUCCESS |  
2019-08-21 12:28:39,553 | INFO  | SCMAudit | user=jenkins1000 | ip=192.168.34.23 | op=SEND_HEARTBEAT {datanodeUUID=39ae8c09-9b4b-4ddc-906b-4e52d104e1b1, command=[]} | ret=SUCCESS |  
2019-08-21 12:28:39,553 | INFO  | SCMAudit | user=jenkins1000 | ip=192.168.34.23 | op=SEND_HEARTBEAT {datanodeUUID=09fb9ab4-1b8d-44c0-9f8c-50855c6f1fed, command=[]} | ret=SUCCESS |  
2019-08-21 12:28:39,553 | INFO  | SCMAudit | user=jenkins1000 | ip=192.168.34.23 | op=SEND_HEARTBEAT {datanodeUUID=270584e6-a4a8-4db5-8151-214655ce1a56, command=[]} | ret=SUCCESS |  
2019-08-21 12:28:39,553 | INFO  | SCMAudit | user=jenkins1000 | ip=192.168.34.23 | op=SEND_HEARTBEAT {datanodeUUID=af078b8b-61ec-497f-9506-472d46a72462, command=[]} | ret=SUCCESS |  
 0.00% |█                                                                                                    |  0/1 Time: 0:00:472019-08-21 12:28:40,547 | INFO  | SCMAudit | user=jenkins1000 | ip=192.168.34.23 | op=SEND_HEARTBEAT {datanodeUUID=0aa4def6-fe9f-4182-b0b1-80406548816f, command=[]} | ret=SUCCESS |  
2019-08-21 12:28:40,553 | INFO  | SCMAudit | user=jenkins1000 | ip=192.168.34.23 | op=SEND_HEARTBEAT {datanodeUUID=39ae8c09-9b4b-4ddc-906b-4e52d104e1b1, command=[]} | ret=SUCCESS |  
2019-08-21 12:28:40,553 | INFO  | SCMAudit | user=jenkins1000 | ip=192.168.34.23 | op=SEND_HEARTBEAT {datanodeUUID=270584e6-a4a8-4db5-8151-214655ce1a56, command=[]} | ret=SUCCESS |  
2019-08-21 12:28:40,553 | INFO  | SCMAudit | user=jenkins1000 | ip=192.168.34.23 | op=SEND_HEARTBEAT {datanodeUUID=af078b8b-61ec-497f-9506-472d46a72462, command=[]} | ret=SUCCESS |  
2019-08-21 12:28:40,553 | INFO  | SCMAudit | user=jenkins1000 | ip=192.168.34.23 | op=SEND_HEARTBEAT {datanodeUUID=09fb9ab4-1b8d-44c0-9f8c-50855c6f1fed, command=[]} | ret=SUCCESS |  
 0.00% |█                                                                                                    |  0/1 Time: 0:00:482019-08-21 12:28:41,504 [grpc-default-executor-1] INFO  client.GrpcClientProtocolClient (GrpcClientProtocolClient.java:onNext(255)) - client-C954105195FD->09fb9ab4-1b8d-44c0-9f8c-50855c6f1fed: receive RaftClientReply:client-C954105195FD->09fb9ab4-1b8d-44c0-9f8c-50855c6f1fed@group-787F5BA3AA67, cid=3485, FAILED org.apache.ratis.protocol.NotLeaderException: Server 09fb9ab4-1b8d-44c0-9f8c-50855c6f1fed is not the leader (270584e6-a4a8-4db5-8151-214655ce1a56:192.168.34.23:41849). Request must be sent to leader., logIndex=0, commits[09fb9ab4-1b8d-44c0-9f8c-50855c6f1fed:c5268, af078b8b-61ec-497f-9506-472d46a72462:c5266, 270584e6-a4a8-4db5-8151-214655ce1a56:c5268]
2019-08-21 12:28:41,548 | INFO  | SCMAudit | user=jenkins1000 | ip=192.168.34.23 | op=SEND_HEARTBEAT {datanodeUUID=0aa4def6-fe9f-4182-b0b1-80406548816f, command=[]} | ret=SUCCESS |  
2019-08-21 12:28:41,553 | INFO  | SCMAudit | user=jenkins1000 | ip=192.168.34.23 | op=SEND_HEARTBEAT {datanodeUUID=39ae8c09-9b4b-4ddc-906b-4e52d104e1b1, command=[]} | ret=SUCCESS |  
2019-08-21 12:28:41,553 | INFO  | SCMAudit | user=jenkins1000 | ip=192.168.34.23 | op=SEND_HEARTBEAT {datanodeUUID=270584e6-a4a8-4db5-8151-214655ce1a56, command=[]} | ret=SUCCESS |  
2019-08-21 12:28:41,553 | INFO  | SCMAudit | user=jenkins1000 | ip=192.168.34.23 | op=SEND_HEARTBEAT {datanodeUUID=09fb9ab4-1b8d-44c0-9f8c-50855c6f1fed, command=[]} | ret=SUCCESS |  
2019-08-21 12:28:41,553 | INFO  | SCMAudit | user=jenkins1000 | ip=192.168.34.23 | op=SEND_HEARTBEAT {datanodeUUID=af078b8b-61ec-497f-9506-472d46a72462, command=[]} | ret=SUCCESS |  
 0.00% |█                                                                                                    |  0/1 Time: 0:00:492019-08-21 12:28:41,707 [grpc-default-executor-2] WARN  server.GrpcLogAppender (GrpcLogAppender.java:onNextImpl(250)) - org.apache.ratis.grpc.server.GrpcLogAppender$AppendLogResponseHandler@5ea3ee53: Request not found, ignoring reply: 270584e6-a4a8-4db5-8151-214655ce1a56<-af078b8b-61ec-497f-9506-472d46a72462#5280:OK,SUCCESS,nextIndex:5270,term:2,followerCommit:5268
2019-08-21 12:28:41,709 [grpc-default-executor-2] WARN  server.GrpcLogAppender (GrpcLogAppender.java:onNextImpl(250)) - org.apache.ratis.grpc.server.GrpcLogAppender$AppendLogResponseHandler@5ea3ee53: Request not found, ignoring reply: 270584e6-a4a8-4db5-8151-214655ce1a56<-af078b8b-61ec-497f-9506-472d46a72462#5281:OK,SUCCESS,nextIndex:5271,term:2,followerCommit:5268
2019-08-21 12:28:41,709 [grpc-default-executor-1] WARN  server.GrpcLogAppender (GrpcLogAppender.java:onNextImpl(250)) - org.apache.ratis.grpc.server.GrpcLogAppender$AppendLogResponseHandler@696ddcdf: Request not found, ignoring reply: 270584e6-a4a8-4db5-8151-214655ce1a56<-09fb9ab4-1b8d-44c0-9f8c-50855c6f1fed#5280:OK,SUCCESS,nextIndex:5270,term:2,followerCommit:5268
2019-08-21 12:28:41,711 [grpc-default-executor-1] WARN  server.GrpcLogAppender (GrpcLogAppender.java:onNextImpl(250)) - org.apache.ratis.grpc.server.GrpcLogAppender$AppendLogResponseHandler@696ddcdf: Request not found, ignoring reply: 270584e6-a4a8-4db5-8151-214655ce1a56<-09fb9ab4-1b8d-44c0-9f8c-50855c6f1fed#5281:OK,SUCCESS,nextIndex:5271,term:2,followerCommit:5268
2019-08-21 12:28:41,712 | INFO  | DNAudit | user=null | ip=null | op=WRITE_CHUNK {blockData=conID: 3 locID: 102654968211571380 bcsId: 5266} | ret=SUCCESS |  
2019-08-21 12:28:41,715 | INFO  | DNAudit | user=null | ip=null | op=PUT_BLOCK {blockData=[blockId=conID: 3 locID: 102654968211571380 bcsId: 0,size=3145728]} | ret=SUCCESS |  
2019-08-21 12:28:41,718 [grpc-default-executor-4] INFO  client.GrpcClientProtocolClient (GrpcClientProtocolClient.java:onNext(255)) - client-C954105195FD->270584e6-a4a8-4db5-8151-214655ce1a56: receive RaftClientReply:client-C954105195FD->270584e6-a4a8-4db5-8151-214655ce1a56@group-787F5BA3AA67, cid=3485, SUCCESS, logIndex=5269, commits[270584e6-a4a8-4db5-8151-214655ce1a56:c5270, af078b8b-61ec-497f-9506-472d46a72462:c5268, 09fb9ab4-1b8d-44c0-9f8c-50855c6f1fed:c5268]
2019-08-21 12:28:41,726 [grpc-default-executor-2] INFO  client.GrpcClientProtocolClient (GrpcClientProtocolClient.java:onNext(255)) - client-C954105195FD->270584e6-a4a8-4db5-8151-214655ce1a56: receive RaftClientReply:client-C954105195FD->270584e6-a4a8-4db5-8151-214655ce1a56@group-787F5BA3AA67, cid=3486, SUCCESS, logIndex=5270, commits[270584e6-a4a8-4db5-8151-214655ce1a56:c5270, af078b8b-61ec-497f-9506-472d46a72462:c5268, 09fb9ab4-1b8d-44c0-9f8c-50855c6f1fed:c5268]
2019-08-21 12:28:41,736 | INFO  | DNAudit | user=null | ip=null | op=WRITE_CHUNK {blockData=conID: 3 locID: 102654968211571380 bcsId: 5270} | ret=SUCCESS |  
2019-08-21 12:28:41,739 | INFO  | DNAudit | user=null | ip=null | op=WRITE_CHUNK {blockData=conID: 3 locID: 102654968211571380 bcsId: 5270} | ret=SUCCESS |  
2019-08-21 12:28:41,740 | INFO  | DNAudit | user=null | ip=null | op=WRITE_CHUNK {blockData=conID: 3 locID: 102654968211571380 bcsId: 5270} | ret=SUCCESS |  
2019-08-21 12:28:42,547 | INFO  | SCMAudit | user=jenkins1000 | ip=192.168.34.23 | op=SEND_HEARTBEAT {datanodeUUID=0aa4def6-fe9f-4182-b0b1-80406548816f, command=[]} | ret=SUCCESS |  
2019-08-21 12:28:42,553 | INFO  | SCMAudit | user=jenkins1000 | ip=192.168.34.23 | op=SEND_HEARTBEAT {datanodeUUID=270584e6-a4a8-4db5-8151-214655ce1a56, command=[]} | ret=SUCCESS |  
2019-08-21 12:28:42,553 | INFO  | SCMAudit | user=jenkins1000 | ip=192.168.34.23 | op=SEND_HEARTBEAT {datanodeUUID=39ae8c09-9b4b-4ddc-906b-4e52d104e1b1, command=[]} | ret=SUCCESS |  
2019-08-21 12:28:42,553 | INFO  | SCMAudit | user=jenkins1000 | ip=192.168.34.23 | op=SEND_HEARTBEAT {datanodeUUID=09fb9ab4-1b8d-44c0-9f8c-50855c6f1fed, command=[]} | ret=SUCCESS |  
2019-08-21 12:28:42,553 | INFO  | SCMAudit | user=jenkins1000 | ip=192.168.34.23 | op=SEND_HEARTBEAT {datanodeUUID=af078b8b-61ec-497f-9506-472d46a72462, command=[]} | ret=SUCCESS |  
 0.00% |█                                                                                                    |  0/1 Time: 0:00:502019-08-21 12:28:43,548 | INFO  | SCMAudit | user=jenkins1000 | ip=192.168.34.23 | op=SEND_HEARTBEAT {datanodeUUID=0aa4def6-fe9f-4182-b0b1-80406548816f, command=[]} | ret=SUCCESS |  
2019-08-21 12:28:43,553 | INFO  | SCMAudit | user=jenkins1000 | ip=192.168.34.23 | op=SEND_HEARTBEAT {datanodeUUID=270584e6-a4a8-4db5-8151-214655ce1a56, command=[]} | ret=SUCCESS |  
2019-08-21 12:28:43,553 | INFO  | SCMAudit | user=jenkins1000 | ip=192.168.34.23 | op=SEND_HEARTBEAT {datanodeUUID=39ae8c09-9b4b-4ddc-906b-4e52d104e1b1, command=[]} | ret=SUCCESS |  
2019-08-21 12:28:43,554 | INFO  | SCMAudit | user=jenkins1000 | ip=192.168.34.23 | op=SEND_HEARTBEAT {datanodeUUID=af078b8b-61ec-497f-9506-472d46a72462, command=[]} | ret=SUCCESS |  
2019-08-21 12:28:43,554 | INFO  | SCMAudit | user=jenkins1000 | ip=192.168.34.23 | op=SEND_HEARTBEAT {datanodeUUID=09fb9ab4-1b8d-44c0-9f8c-50855c6f1fed, command=[]} | ret=SUCCESS |  
 0.00% |█                                                                                                    |  0/1 Time: 0:00:512019-08-21 12:28:44,236 | INFO  | DNAudit | user=null | ip=null | op=WRITE_CHUNK {blockData=conID: 3 locID: 102654968211571380 bcsId: 5266} | ret=SUCCESS |  
2019-08-21 12:28:44,240 | INFO  | DNAudit | user=null | ip=null | op=WRITE_CHUNK {blockData=conID: 3 locID: 102654968211571380 bcsId: 5266} | ret=SUCCESS |  
2019-08-21 12:28:44,240 | INFO  | DNAudit | user=null | ip=null | op=PUT_BLOCK {blockData=[blockId=conID: 3 locID: 102654968211571380 bcsId: 0,size=3145728]} | ret=SUCCESS |  
2019-08-21 12:28:44,240 | INFO  | DNAudit | user=null | ip=null | op=PUT_BLOCK {blockData=[blockId=conID: 3 locID: 102654968211571380 bcsId: 0,size=3145728]} | ret=SUCCESS |  
2019-08-21 12:28:44,547 | INFO  | SCMAudit | user=jenkins1000 | ip=192.168.34.23 | op=SEND_HEARTBEAT {datanodeUUID=0aa4def6-fe9f-4182-b0b1-80406548816f, command=[]} | ret=SUCCESS |  
2019-08-21 12:28:44,554 | INFO  | SCMAudit | user=jenkins1000 | ip=192.168.34.23 | op=SEND_HEARTBEAT {datanodeUUID=270584e6-a4a8-4db5-8151-214655ce1a56, command=[]} | ret=SUCCESS |  
2019-08-21 12:28:44,554 | INFO  | SCMAudit | user=jenkins1000 | ip=192.168.34.23 | op=SEND_HEARTBEAT {datanodeUUID=af078b8b-61ec-497f-9506-472d46a72462, command=[]} | ret=SUCCESS |  
2019-08-21 12:28:44,554 | INFO  | SCMAudit | user=jenkins1000 | ip=192.168.34.23 | op=SEND_HEARTBEAT {datanodeUUID=09fb9ab4-1b8d-44c0-9f8c-50855c6f1fed, command=[]} | ret=SUCCESS |  
2019-08-21 12:28:44,554 | INFO  | SCMAudit | user=jenkins1000 | ip=192.168.34.23 | op=SEND_HEARTBEAT {datanodeUUID=39ae8c09-9b4b-4ddc-906b-4e52d104e1b1, command=[]} | ret=SUCCESS |  
 0.00% |█                                                                                                    |  0/1 Time: 0:00:522019-08-21 12:28:44,712 [java.util.concurrent.ThreadPoolExecutor$Worker@1060ec6f[State = -1, empty queue]] WARN  server.GrpcLogAppender (GrpcLogAppender.java:timeoutAppendRequest(200)) - GrpcLogAppender(270584e6-a4a8-4db5-8151-214655ce1a56->09fb9ab4-1b8d-44c0-9f8c-50855c6f1fed): appendEntries Timeout, request=270584e6-a4a8-4db5-8151-214655ce1a56->09fb9ab4-1b8d-44c0-9f8c-50855c6f1fed#5284-t2, previous=(t:2, i:5270), leaderCommit=5270, initializing? false, entries: size=1, first=(t:2, i:5271), METADATAENTRY(c5270)
2019-08-21 12:28:44,712 [java.util.concurrent.ThreadPoolExecutor$Worker@78ae0dde[State = -1, empty queue]] WARN  server.GrpcLogAppender (GrpcLogAppender.java:timeoutAppendRequest(200)) - GrpcLogAppender(270584e6-a4a8-4db5-8151-214655ce1a56->af078b8b-61ec-497f-9506-472d46a72462): appendEntries Timeout, request=270584e6-a4a8-4db5-8151-214655ce1a56->af078b8b-61ec-497f-9506-472d46a72462#5284-t2, previous=(t:2, i:5270), leaderCommit=5270, initializing? false, entries: size=1, first=(t:2, i:5271), METADATAENTRY(c5270)
2019-08-21 12:28:44,735 [java.util.concurrent.ThreadPoolExecutor$Worker@78ae0dde[State = -1, empty queue]] WARN  server.GrpcLogAppender (GrpcLogAppender.java:timeoutAppendRequest(200)) - GrpcLogAppender(270584e6-a4a8-4db5-8151-214655ce1a56->af078b8b-61ec-497f-9506-472d46a72462): appendEntries Timeout, request=270584e6-a4a8-4db5-8151-214655ce1a56->af078b8b-61ec-497f-9506-472d46a72462#5285-t2, previous=(t:2, i:5271), leaderCommit=5270, initializing? false, entries: size=1, first=(t:2, i:5272), STATEMACHINELOGENTRY, client-C954105195FD, cid=3487
2019-08-21 12:28:44,735 [java.util.concurrent.ThreadPoolExecutor$Worker@1060ec6f[State = -1, empty queue]] WARN  server.GrpcLogAppender (GrpcLogAppender.java:timeoutAppendRequest(200)) - GrpcLogAppender(270584e6-a4a8-4db5-8151-214655ce1a56->09fb9ab4-1b8d-44c0-9f8c-50855c6f1fed): appendEntries Timeout, request=270584e6-a4a8-4db5-8151-214655ce1a56->09fb9ab4-1b8d-44c0-9f8c-50855c6f1fed#5285-t2, previous=(t:2, i:5271), leaderCommit=5270, initializing? false, entries: size=1, first=(t:2, i:5272), STATEMACHINELOGENTRY, client-C954105195FD, cid=3487
2019-08-21 12:28:44,735 [java.util.concurrent.ThreadPoolExecutor$Worker@78ae0dde[State = -1, empty queue]] WARN  server.GrpcLogAppender (GrpcLogAppender.java:timeoutAppendRequest(200)) - GrpcLogAppender(270584e6-a4a8-4db5-8151-214655ce1a56->af078b8b-61ec-497f-9506-472d46a72462): appendEntries Timeout, request=270584e6-a4a8-4db5-8151-214655ce1a56->af078b8b-61ec-497f-9506-472d46a72462#5286-t2, previous=(t:2, i:5272), leaderCommit=5270, initializing? false, entries: size=1, first=(t:2, i:5273), STATEMACHINELOGENTRY, client-C954105195FD, cid=3488
2019-08-21 12:28:44,744 [java.util.concurrent.ThreadPoolExecutor$Worker@1060ec6f[State = -1, empty queue]] WARN  server.GrpcLogAppender (GrpcLogAppender.java:timeoutAppendRequest(200)) - GrpcLogAppender(270584e6-a4a8-4db5-8151-214655ce1a56->09fb9ab4-1b8d-44c0-9f8c-50855c6f1fed): appendEntries Timeout, request=270584e6-a4a8-4db5-8151-214655ce1a56->09fb9ab4-1b8d-44c0-9f8c-50855c6f1fed#5286-t2, previous=(t:2, i:5272), leaderCommit=5270, initializing? false, entries: size=1, first=(t:2, i:5273), STATEMACHINELOGENTRY, client-C954105195FD, cid=3488
2019-08-21 12:28:45,548 | INFO  | SCMAudit | user=jenkins1000 | ip=192.168.34.23 | op=SEND_HEARTBEAT {datanodeUUID=0aa4def6-fe9f-4182-b0b1-80406548816f, command=[]} | ret=SUCCESS |  
2019-08-21 12:28:45,553 | INFO  | SCMAudit | user=jenkins1000 | ip=192.168.34.23 | op=SEND_HEARTBEAT {datanodeUUID=39ae8c09-9b4b-4ddc-906b-4e52d104e1b1, command=[]} | ret=SUCCESS |  
2019-08-21 12:28:45,553 | INFO  | SCMAudit | user=jenkins1000 | ip=192.168.34.23 | op=SEND_HEARTBEAT {datanodeUUID=270584e6-a4a8-4db5-8151-214655ce1a56, command=[]} | ret=SUCCESS |  
2019-08-21 12:28:45,554 | INFO  | SCMAudit | user=jenkins1000 | ip=192.168.34.23 | op=SEND_HEARTBEAT {datanodeUUID=af078b8b-61ec-497f-9506-472d46a72462, command=[]} | ret=SUCCESS |  
2019-08-21 12:28:45,554 | INFO  | SCMAudit | user=jenkins1000 | ip=192.168.34.23 | op=SEND_HEARTBEAT {datanodeUUID=09fb9ab4-1b8d-44c0-9f8c-50855c6f1fed, command=[]} | ret=SUCCESS |  
 0.00% |█                                                                                                    |  0/1 Time: 0:00:532019-08-21 12:28:45,702 [grpc-default-executor-2] WARN  server.GrpcLogAppender (GrpcLogAppender.java:onNextImpl(250)) - org.apache.ratis.grpc.server.GrpcLogAppender$AppendLogResponseHandler@696ddcdf: Request not found, ignoring reply: 270584e6-a4a8-4db5-8151-214655ce1a56<-09fb9ab4-1b8d-44c0-9f8c-50855c6f1fed#5284:OK,SUCCESS,nextIndex:5272,term:2,followerCommit:5270
2019-08-21 12:28:45,705 [grpc-default-executor-4] WARN  server.GrpcLogAppender (GrpcLogAppender.java:onNextImpl(250)) - org.apache.ratis.grpc.server.GrpcLogAppender$AppendLogResponseHandler@5ea3ee53: Request not found, ignoring reply: 270584e6-a4a8-4db5-8151-214655ce1a56<-af078b8b-61ec-497f-9506-472d46a72462#5284:OK,SUCCESS,nextIndex:5272,term:2,followerCommit:5270
2019-08-21 12:28:45,705 [grpc-default-executor-2] WARN  server.GrpcLogAppender (GrpcLogAppender.java:onNextImpl(250)) - org.apache.ratis.grpc.server.GrpcLogAppender$AppendLogResponseHandler@696ddcdf: Request not found, ignoring reply: 270584e6-a4a8-4db5-8151-214655ce1a56<-09fb9ab4-1b8d-44c0-9f8c-50855c6f1fed#5285:OK,SUCCESS,nextIndex:5273,term:2,followerCommit:5270
2019-08-21 12:28:45,708 [grpc-default-executor-4] WARN  server.GrpcLogAppender (GrpcLogAppender.java:onNextImpl(250)) - org.apache.ratis.grpc.server.GrpcLogAppender$AppendLogResponseHandler@5ea3ee53: Request not found, ignoring reply: 270584e6-a4a8-4db5-8151-214655ce1a56<-af078b8b-61ec-497f-9506-472d46a72462#5285:OK,SUCCESS,nextIndex:5273,term:2,followerCommit:5270
2019-08-21 12:28:45,708 [grpc-default-executor-2] WARN  server.GrpcLogAppender (GrpcLogAppender.java:onNextImpl(250)) - org.apache.ratis.grpc.server.GrpcLogAppender$AppendLogResponseHandler@696ddcdf: Request not found, ignoring reply: 270584e6-a4a8-4db5-8151-214655ce1a56<-09fb9ab4-1b8d-44c0-9f8c-50855c6f1fed#5286:OK,SUCCESS,nextIndex:5274,term:2,followerCommit:5270
2019-08-21 12:28:45,708 [grpc-default-executor-4] WARN  server.GrpcLogAppender (GrpcLogAppender.java:onNextImpl(250)) - org.apache.ratis.grpc.server.GrpcLogAppender$AppendLogResponseHandler@5ea3ee53: Request not found, ignoring reply: 270584e6-a4a8-4db5-8151-214655ce1a56<-af078b8b-61ec-497f-9506-472d46a72462#5286:OK,SUCCESS,nextIndex:5274,term:2,followerCommit:5270
2019-08-21 12:28:45,718 | INFO  | DNAudit | user=null | ip=null | op=WRITE_CHUNK {blockData=conID: 3 locID: 102654968211571380 bcsId: 5270} | ret=SUCCESS |  
2019-08-21 12:28:45,718 | INFO  | DNAudit | user=null | ip=null | op=WRITE_CHUNK {blockData=conID: 3 locID: 102654968211571380 bcsId: 5270} | ret=SUCCESS |  
2019-08-21 12:28:45,718 | INFO  | DNAudit | user=null | ip=null | op=WRITE_CHUNK {blockData=conID: 3 locID: 102654968211571380 bcsId: 5270} | ret=SUCCESS |  
2019-08-21 12:28:45,719 | INFO  | DNAudit | user=null | ip=null | op=PUT_BLOCK {blockData=[blockId=conID: 3 locID: 102654968211571380 bcsId: 0,size=4194304]} | ret=SUCCESS |  
2019-08-21 12:28:45,719 | INFO  | DNAudit | user=null | ip=null | op=PUT_BLOCK {blockData=[blockId=conID: 3 locID: 102654968211571380 bcsId: 0,size=4194304]} | ret=SUCCESS |  
2019-08-21 12:28:45,719 | INFO  | DNAudit | user=null | ip=null | op=PUT_BLOCK {blockData=[blockId=conID: 3 locID: 102654968211571380 bcsId: 0,size=4194304]} | ret=SUCCESS |  
2019-08-21 12:28:45,719 [grpc-default-executor-2] INFO  client.GrpcClientProtocolClient (GrpcClientProtocolClient.java:onNext(255)) - client-C954105195FD->270584e6-a4a8-4db5-8151-214655ce1a56: receive RaftClientReply:client-C954105195FD->270584e6-a4a8-4db5-8151-214655ce1a56@group-787F5BA3AA67, cid=3487, SUCCESS, logIndex=5272, commits[270584e6-a4a8-4db5-8151-214655ce1a56:c5273, af078b8b-61ec-497f-9506-472d46a72462:c5273, 09fb9ab4-1b8d-44c0-9f8c-50855c6f1fed:c5273]
2019-08-21 12:28:45,720 [grpc-default-executor-2] INFO  client.GrpcClientProtocolClient (GrpcClientProtocolClient.java:onNext(255)) - client-C954105195FD->270584e6-a4a8-4db5-8151-214655ce1a56: receive RaftClientReply:client-C954105195FD->270584e6-a4a8-4db5-8151-214655ce1a56@group-787F5BA3AA67, cid=3488, SUCCESS, logIndex=5273, commits[270584e6-a4a8-4db5-8151-214655ce1a56:c5273, af078b8b-61ec-497f-9506-472d46a72462:c5273, 09fb9ab4-1b8d-44c0-9f8c-50855c6f1fed:c5273]
2019-08-21 12:28:46,547 | INFO  | SCMAudit | user=jenkins1000 | ip=192.168.34.23 | op=SEND_HEARTBEAT {datanodeUUID=0aa4def6-fe9f-4182-b0b1-80406548816f, command=[]} | ret=SUCCESS |  
2019-08-21 12:28:46,554 | INFO  | SCMAudit | user=jenkins1000 | ip=192.168.34.23 | op=SEND_HEARTBEAT {datanodeUUID=270584e6-a4a8-4db5-8151-214655ce1a56, command=[]} | ret=SUCCESS |  
2019-08-21 12:28:46,554 | INFO  | SCMAudit | user=jenkins1000 | ip=192.168.34.23 | op=SEND_HEARTBEAT {datanodeUUID=af078b8b-61ec-497f-9506-472d46a72462, command=[]} | ret=SUCCESS |  
2019-08-21 12:28:46,554 | INFO  | SCMAudit | user=jenkins1000 | ip=192.168.34.23 | op=SEND_HEARTBEAT {datanodeUUID=39ae8c09-9b4b-4ddc-906b-4e52d104e1b1, command=[]} | ret=SUCCESS |  
2019-08-21 12:28:46,555 | INFO  | SCMAudit | user=jenkins1000 | ip=192.168.34.23 | op=SEND_HEARTBEAT {datanodeUUID=09fb9ab4-1b8d-44c0-9f8c-50855c6f1fed, command=[]} | ret=SUCCESS |  
 0.00% |█                                                                                                    |  0/1 Time: 0:00:542019-08-21 12:28:47,548 | INFO  | SCMAudit | user=jenkins1000 | ip=192.168.34.23 | op=SEND_HEARTBEAT {datanodeUUID=0aa4def6-fe9f-4182-b0b1-80406548816f, command=[]} | ret=SUCCESS |  
2019-08-21 12:28:47,554 | INFO  | SCMAudit | user=jenkins1000 | ip=192.168.34.23 | op=SEND_HEARTBEAT {datanodeUUID=39ae8c09-9b4b-4ddc-906b-4e52d104e1b1, command=[]} | ret=SUCCESS |  
2019-08-21 12:28:47,554 | INFO  | SCMAudit | user=jenkins1000 | ip=192.168.34.23 | op=SEND_HEARTBEAT {datanodeUUID=af078b8b-61ec-497f-9506-472d46a72462, command=[]} | ret=SUCCESS |  
2019-08-21 12:28:47,554 | INFO  | SCMAudit | user=jenkins1000 | ip=192.168.34.23 | op=SEND_HEARTBEAT {datanodeUUID=270584e6-a4a8-4db5-8151-214655ce1a56, command=[]} | ret=SUCCESS |  
2019-08-21 12:28:47,555 | INFO  | SCMAudit | user=jenkins1000 | ip=192.168.34.23 | op=SEND_HEARTBEAT {datanodeUUID=09fb9ab4-1b8d-44c0-9f8c-50855c6f1fed, command=[]} | ret=SUCCESS |  
 0.00% |█                                                                                                    |  0/1 Time: 0:00:552019-08-21 12:28:48,547 | INFO  | SCMAudit | user=jenkins1000 | ip=192.168.34.23 | op=SEND_HEARTBEAT {datanodeUUID=0aa4def6-fe9f-4182-b0b1-80406548816f, command=[]} | ret=SUCCESS |  
2019-08-21 12:28:48,553 | INFO  | SCMAudit | user=jenkins1000 | ip=192.168.34.23 | op=SEND_HEARTBEAT {datanodeUUID=270584e6-a4a8-4db5-8151-214655ce1a56, command=[]} | ret=SUCCESS |  
2019-08-21 12:28:48,554 | INFO  | SCMAudit | user=jenkins1000 | ip=192.168.34.23 | op=SEND_HEARTBEAT {datanodeUUID=af078b8b-61ec-497f-9506-472d46a72462, command=[]} | ret=SUCCESS |  
2019-08-21 12:28:48,554 | INFO  | SCMAudit | user=jenkins1000 | ip=192.168.34.23 | op=SEND_HEARTBEAT {datanodeUUID=39ae8c09-9b4b-4ddc-906b-4e52d104e1b1, command=[]} | ret=SUCCESS |  
2019-08-21 12:28:48,555 | INFO  | SCMAudit | user=jenkins1000 | ip=192.168.34.23 | op=SEND_HEARTBEAT {datanodeUUID=09fb9ab4-1b8d-44c0-9f8c-50855c6f1fed, command=[]} | ret=SUCCESS |  
 0.00% |█                                                                                                    |  0/1 Time: 0:00:562019-08-21 12:28:49,548 | INFO  | SCMAudit | user=jenkins1000 | ip=192.168.34.23 | op=SEND_HEARTBEAT {datanodeUUID=0aa4def6-fe9f-4182-b0b1-80406548816f, command=[]} | ret=SUCCESS |  
2019-08-21 12:28:49,553 | INFO  | SCMAudit | user=jenkins1000 | ip=192.168.34.23 | op=SEND_HEARTBEAT {datanodeUUID=270584e6-a4a8-4db5-8151-214655ce1a56, command=[]} | ret=SUCCESS |  
2019-08-21 12:28:49,555 | INFO  | SCMAudit | user=jenkins1000 | ip=192.168.34.23 | op=SEND_HEARTBEAT {datanodeUUID=af078b8b-61ec-497f-9506-472d46a72462, command=[]} | ret=SUCCESS |  
2019-08-21 12:28:49,555 | INFO  | SCMAudit | user=jenkins1000 | ip=192.168.34.23 | op=SEND_HEARTBEAT {datanodeUUID=39ae8c09-9b4b-4ddc-906b-4e52d104e1b1, command=[]} | ret=SUCCESS |  
2019-08-21 12:28:49,555 | INFO  | SCMAudit | user=jenkins1000 | ip=192.168.34.23 | op=SEND_HEARTBEAT {datanodeUUID=09fb9ab4-1b8d-44c0-9f8c-50855c6f1fed, command=[]} | ret=SUCCESS |  
 0.00% |█                                                                                                    |  0/1 Time: 0:00:572019-08-21 12:28:50,548 | INFO  | SCMAudit | user=jenkins1000 | ip=192.168.34.23 | op=SEND_HEARTBEAT {datanodeUUID=0aa4def6-fe9f-4182-b0b1-80406548816f, command=[]} | ret=SUCCESS |  
2019-08-21 12:28:50,553 | INFO  | SCMAudit | user=jenkins1000 | ip=192.168.34.23 | op=SEND_HEARTBEAT {datanodeUUID=270584e6-a4a8-4db5-8151-214655ce1a56, command=[]} | ret=SUCCESS |  
2019-08-21 12:28:50,555 | INFO  | SCMAudit | user=jenkins1000 | ip=192.168.34.23 | op=SEND_HEARTBEAT {datanodeUUID=af078b8b-61ec-497f-9506-472d46a72462, command=[]} | ret=SUCCESS |  
2019-08-21 12:28:50,555 | INFO  | SCMAudit | user=jenkins1000 | ip=192.168.34.23 | op=SEND_HEARTBEAT {datanodeUUID=39ae8c09-9b4b-4ddc-906b-4e52d104e1b1, command=[]} | ret=SUCCESS |  
2019-08-21 12:28:50,555 | INFO  | SCMAudit | user=jenkins1000 | ip=192.168.34.23 | op=SEND_HEARTBEAT {datanodeUUID=09fb9ab4-1b8d-44c0-9f8c-50855c6f1fed, command=[]} | ret=SUCCESS |  
 0.00% |█                                                                                                    |  0/1 Time: 0:00:582019-08-21 12:28:50,773 [grpc-default-executor-2] INFO  client.GrpcClientProtocolClient (GrpcClientProtocolClient.java:onNext(255)) - client-C954105195FD->09fb9ab4-1b8d-44c0-9f8c-50855c6f1fed: receive RaftClientReply:client-C954105195FD->09fb9ab4-1b8d-44c0-9f8c-50855c6f1fed@group-787F5BA3AA67, cid=3487, FAILED org.apache.ratis.protocol.NotLeaderException: Server 09fb9ab4-1b8d-44c0-9f8c-50855c6f1fed is not the leader (270584e6-a4a8-4db5-8151-214655ce1a56:192.168.34.23:41849). Request must be sent to leader., logIndex=0, commits[09fb9ab4-1b8d-44c0-9f8c-50855c6f1fed:c5274, af078b8b-61ec-497f-9506-472d46a72462:c5274, 270584e6-a4a8-4db5-8151-214655ce1a56:c5274]
2019-08-21 12:28:50,803 [grpc-default-executor-2] INFO  client.GrpcClientProtocolClient (GrpcClientProtocolClient.java:onNext(255)) - client-C954105195FD->270584e6-a4a8-4db5-8151-214655ce1a56: receive RaftClientReply:client-C954105195FD->270584e6-a4a8-4db5-8151-214655ce1a56@group-787F5BA3AA67, cid=3487, SUCCESS, logIndex=5272, commits[270584e6-a4a8-4db5-8151-214655ce1a56:c5273, af078b8b-61ec-497f-9506-472d46a72462:c5273, 09fb9ab4-1b8d-44c0-9f8c-50855c6f1fed:c5273]
2019-08-21 12:28:50,811 [grpc-default-executor-4] INFO  client.GrpcClientProtocolClient (GrpcClientProtocolClient.java:onNext(255)) - client-C954105195FD->270584e6-a4a8-4db5-8151-214655ce1a56: receive RaftClientReply:client-C954105195FD->270584e6-a4a8-4db5-8151-214655ce1a56@group-787F5BA3AA67, cid=3488, SUCCESS, logIndex=5273, commits[270584e6-a4a8-4db5-8151-214655ce1a56:c5273, af078b8b-61ec-497f-9506-472d46a72462:c5273, 09fb9ab4-1b8d-44c0-9f8c-50855c6f1fed:c5273]
2019-08-21 12:28:50,854 [IPC Server handler 14 on 35915] WARN  block.BlockManagerImpl (BlockManagerImpl.java:allocateBlock(192)) - Pipeline creation failed for type:RATIS factor:THREE. Retrying get pipelines call once.
org.apache.hadoop.hdds.scm.pipeline.InsufficientDatanodesException: Cannot create pipeline of factor 3 using 2 nodes.
	at org.apache.hadoop.hdds.scm.pipeline.RatisPipelineProvider.create(RatisPipelineProvider.java:151)
	at org.apache.hadoop.hdds.scm.pipeline.PipelineFactory.create(PipelineFactory.java:57)
	at org.apache.hadoop.hdds.scm.pipeline.SCMPipelineManager.createPipeline(SCMPipelineManager.java:149)
	at org.apache.hadoop.hdds.scm.block.BlockManagerImpl.allocateBlock(BlockManagerImpl.java:190)
	at org.apache.hadoop.hdds.scm.server.SCMBlockProtocolServer.allocateBlock(SCMBlockProtocolServer.java:175)
	at org.apache.hadoop.ozone.protocolPB.ScmBlockLocationProtocolServerSideTranslatorPB.allocateScmBlock(ScmBlockLocationProtocolServerSideTranslatorPB.java:153)
	at org.apache.hadoop.ozone.protocolPB.ScmBlockLocationProtocolServerSideTranslatorPB.send(ScmBlockLocationProtocolServerSideTranslatorPB.java:112)
	at org.apache.hadoop.hdds.protocol.proto.ScmBlockLocationProtocolProtos$ScmBlockLocationProtocolService$2.callBlockingMethod(ScmBlockLocationProtocolProtos.java:13157)
	at org.apache.hadoop.ipc.ProtobufRpcEngine$Server$ProtoBufRpcInvoker.call(ProtobufRpcEngine.java:524)
	at org.apache.hadoop.ipc.RPC$Server.call(RPC.java:1025)
	at org.apache.hadoop.ipc.Server$RpcCall.run(Server.java:876)
	at org.apache.hadoop.ipc.Server$RpcCall.run(Server.java:822)
	at java.security.AccessController.doPrivileged(Native Method)
	at javax.security.auth.Subject.doAs(Subject.java:422)
	at org.apache.hadoop.security.UserGroupInformation.doAs(UserGroupInformation.java:1730)
	at org.apache.hadoop.ipc.Server$Handler.run(Server.java:2682)
2019-08-21 12:28:50,855 [IPC Server handler 14 on 35915] INFO  block.BlockManagerImpl (BlockManagerImpl.java:allocateBlock(198)) - Could not find available pipeline of type:RATIS and factor:THREE even after retrying
2019-08-21 12:28:50,855 [IPC Server handler 14 on 35915] ERROR block.BlockManagerImpl (BlockManagerImpl.java:allocateBlock(222)) - Unable to allocate a block for the size: 4194304, type: RATIS, factor: THREE
2019-08-21 12:28:50,855 | INFO  | SCMAudit | user=jenkins1000 | ip=192.168.34.23 | op=ALLOCATE_BLOCK {owner=b79f83c9-5f7d-4caf-af30-78af34bc5eea, size=4194304, type=RATIS, factor=THREE} | ret=SUCCESS |  
2019-08-21 12:28:50,858 | ERROR | OMAudit | user=jenkins1000 | ip=127.0.0.1 | op=ALLOCATE_BLOCK {volume=vol-0-06517, bucket=bucket-0-64549, key=key-0-34512, dataSize=0, replicationType=null, replicationFactor=null, keyLocationInfo=null, clientID=102654965997830546} | ret=FAILURE | org.apache.hadoop.hdds.scm.exceptions.SCMException: Allocated 0 blocks. Requested 1 blocks
	at org.apache.hadoop.hdds.scm.protocolPB.ScmBlockLocationProtocolClientSideTranslatorPB.handleError(ScmBlockLocationProtocolClientSideTranslatorPB.java:118)
	at org.apache.hadoop.hdds.scm.protocolPB.ScmBlockLocationProtocolClientSideTranslatorPB.allocateBlock(ScmBlockLocationProtocolClientSideTranslatorPB.java:156) 
2019-08-21 12:28:50,863 [pool-282-thread-1] ERROR io.BlockOutputStreamEntryPool (BlockOutputStreamEntryPool.java:allocateBlockIfNeeded(299)) - Try to allocate more blocks for write failed, already allocated 0 blocks for this write.
INTERNAL_ERROR org.apache.hadoop.ozone.om.exceptions.OMException: Allocated 0 blocks. Requested 1 blocks
	at org.apache.hadoop.ozone.om.protocolPB.OzoneManagerProtocolClientSideTranslatorPB.handleError(OzoneManagerProtocolClientSideTranslatorPB.java:725)
	at org.apache.hadoop.ozone.om.protocolPB.OzoneManagerProtocolClientSideTranslatorPB.allocateBlock(OzoneManagerProtocolClientSideTranslatorPB.java:757)
	at org.apache.hadoop.ozone.client.io.BlockOutputStreamEntryPool.allocateNewBlock(BlockOutputStreamEntryPool.java:248)
	at org.apache.hadoop.ozone.client.io.BlockOutputStreamEntryPool.allocateBlockIfNeeded(BlockOutputStreamEntryPool.java:296)
	at org.apache.hadoop.ozone.client.io.KeyOutputStream.handleWrite(KeyOutputStream.java:201)
	at org.apache.hadoop.ozone.client.io.KeyOutputStream.write(KeyOutputStream.java:193)
	at org.apache.hadoop.ozone.client.io.OzoneOutputStream.write(OzoneOutputStream.java:49)
	at org.apache.hadoop.ozone.freon.RandomKeyGenerator.createKey(RandomKeyGenerator.java:699)
	at org.apache.hadoop.ozone.freon.RandomKeyGenerator.access$1100(RandomKeyGenerator.java:87)
	at org.apache.hadoop.ozone.freon.RandomKeyGenerator$ObjectCreator.run(RandomKeyGenerator.java:606)
	at java.util.concurrent.Executors$RunnableAdapter.call(Executors.java:511)
	at java.util.concurrent.FutureTask.run(FutureTask.java:266)
	at java.util.concurrent.ThreadPoolExecutor.runWorker(ThreadPoolExecutor.java:1149)
	at java.util.concurrent.ThreadPoolExecutor$Worker.run(ThreadPoolExecutor.java:624)
	at java.lang.Thread.run(Thread.java:748)
2019-08-21 12:28:50,864 [pool-282-thread-1] ERROR freon.RandomKeyGenerator (RandomKeyGenerator.java:createKey(724)) - Exception while adding key: key-0-34512 in bucket: bucket-0-64549 of volume: vol-0-06517.
INTERNAL_ERROR org.apache.hadoop.ozone.om.exceptions.OMException: Allocated 0 blocks. Requested 1 blocks
	at org.apache.hadoop.ozone.om.protocolPB.OzoneManagerProtocolClientSideTranslatorPB.handleError(OzoneManagerProtocolClientSideTranslatorPB.java:725)
	at org.apache.hadoop.ozone.om.protocolPB.OzoneManagerProtocolClientSideTranslatorPB.allocateBlock(OzoneManagerProtocolClientSideTranslatorPB.java:757)
	at org.apache.hadoop.ozone.client.io.BlockOutputStreamEntryPool.allocateNewBlock(BlockOutputStreamEntryPool.java:248)
	at org.apache.hadoop.ozone.client.io.BlockOutputStreamEntryPool.allocateBlockIfNeeded(BlockOutputStreamEntryPool.java:296)
	at org.apache.hadoop.ozone.client.io.KeyOutputStream.handleWrite(KeyOutputStream.java:201)
	at org.apache.hadoop.ozone.client.io.KeyOutputStream.write(KeyOutputStream.java:193)
	at org.apache.hadoop.ozone.client.io.OzoneOutputStream.write(OzoneOutputStream.java:49)
	at org.apache.hadoop.ozone.freon.RandomKeyGenerator.createKey(RandomKeyGenerator.java:699)
	at org.apache.hadoop.ozone.freon.RandomKeyGenerator.access$1100(RandomKeyGenerator.java:87)
	at org.apache.hadoop.ozone.freon.RandomKeyGenerator$ObjectCreator.run(RandomKeyGenerator.java:606)
	at java.util.concurrent.Executors$RunnableAdapter.call(Executors.java:511)
	at java.util.concurrent.FutureTask.run(FutureTask.java:266)
	at java.util.concurrent.ThreadPoolExecutor.runWorker(ThreadPoolExecutor.java:1149)
	at java.util.concurrent.ThreadPoolExecutor$Worker.run(ThreadPoolExecutor.java:624)
	at java.lang.Thread.run(Thread.java:748)
2019-08-21 12:28:51,547 | INFO  | SCMAudit | user=jenkins1000 | ip=192.168.34.23 | op=SEND_HEARTBEAT {datanodeUUID=0aa4def6-fe9f-4182-b0b1-80406548816f, command=[]} | ret=SUCCESS |  
2019-08-21 12:28:51,553 | INFO  | SCMAudit | user=jenkins1000 | ip=192.168.34.23 | op=SEND_HEARTBEAT {datanodeUUID=270584e6-a4a8-4db5-8151-214655ce1a56, command=[]} | ret=SUCCESS |  
2019-08-21 12:28:51,555 | INFO  | SCMAudit | user=jenkins1000 | ip=192.168.34.23 | op=SEND_HEARTBEAT {datanodeUUID=af078b8b-61ec-497f-9506-472d46a72462, command=[]} | ret=SUCCESS |  
2019-08-21 12:28:51,556 | INFO  | SCMAudit | user=jenkins1000 | ip=192.168.34.23 | op=SEND_HEARTBEAT {datanodeUUID=39ae8c09-9b4b-4ddc-906b-4e52d104e1b1, command=[]} | ret=SUCCESS |  
2019-08-21 12:28:51,556 | INFO  | SCMAudit | user=jenkins1000 | ip=192.168.34.23 | op=SEND_HEARTBEAT {datanodeUUID=09fb9ab4-1b8d-44c0-9f8c-50855c6f1fed, command=[]} | ret=SUCCESS |  
 0.00% |█                                                                                                    |  0/1 Time: 0:00:592019-08-21 12:28:52,548 | INFO  | SCMAudit | user=jenkins1000 | ip=192.168.34.23 | op=SEND_HEARTBEAT {datanodeUUID=0aa4def6-fe9f-4182-b0b1-80406548816f, command=[]} | ret=SUCCESS |  
2019-08-21 12:28:52,554 | INFO  | SCMAudit | user=jenkins1000 | ip=192.168.34.23 | op=SEND_HEARTBEAT {datanodeUUID=270584e6-a4a8-4db5-8151-214655ce1a56, command=[]} | ret=SUCCESS |  
2019-08-21 12:28:52,555 | INFO  | SCMAudit | user=jenkins1000 | ip=192.168.34.23 | op=SEND_HEARTBEAT {datanodeUUID=af078b8b-61ec-497f-9506-472d46a72462, command=[]} | ret=SUCCESS |  
2019-08-21 12:28:52,556 | INFO  | SCMAudit | user=jenkins1000 | ip=192.168.34.23 | op=SEND_HEARTBEAT {datanodeUUID=39ae8c09-9b4b-4ddc-906b-4e52d104e1b1, command=[]} | ret=SUCCESS |  
2019-08-21 12:28:52,556 | INFO  | SCMAudit | user=jenkins1000 | ip=192.168.34.23 | op=SEND_HEARTBEAT {datanodeUUID=09fb9ab4-1b8d-44c0-9f8c-50855c6f1fed, command=[]} | ret=SUCCESS |  
 100.00% |█████████████████████████████████████████████████████████████████████████████████████████████████████|  1/1 Time: 0:01:00
2019-08-21 12:28:53,549 | INFO  | SCMAudit | user=jenkins1000 | ip=192.168.34.23 | op=SEND_HEARTBEAT {datanodeUUID=0aa4def6-fe9f-4182-b0b1-80406548816f, command=[]} | ret=SUCCESS |  
2019-08-21 12:28:53,554 | INFO  | SCMAudit | user=jenkins1000 | ip=192.168.34.23 | op=SEND_HEARTBEAT {datanodeUUID=270584e6-a4a8-4db5-8151-214655ce1a56, command=[]} | ret=SUCCESS |  
2019-08-21 12:28:53,555 | INFO  | SCMAudit | user=jenkins1000 | ip=192.168.34.23 | op=SEND_HEARTBEAT {datanodeUUID=af078b8b-61ec-497f-9506-472d46a72462, command=[]} | ret=SUCCESS |  
2019-08-21 12:28:53,555 | INFO  | SCMAudit | user=jenkins1000 | ip=192.168.34.23 | op=SEND_HEARTBEAT {datanodeUUID=39ae8c09-9b4b-4ddc-906b-4e52d104e1b1, command=[]} | ret=SUCCESS |  
2019-08-21 12:28:53,557 | INFO  | SCMAudit | user=jenkins1000 | ip=192.168.34.23 | op=SEND_HEARTBEAT {datanodeUUID=09fb9ab4-1b8d-44c0-9f8c-50855c6f1fed, command=[]} | ret=SUCCESS |  
2019-08-21 12:28:54,548 | INFO  | SCMAudit | user=jenkins1000 | ip=192.168.34.23 | op=SEND_HEARTBEAT {datanodeUUID=0aa4def6-fe9f-4182-b0b1-80406548816f, command=[]} | ret=SUCCESS |  
2019-08-21 12:28:54,554 | INFO  | SCMAudit | user=jenkins1000 | ip=192.168.34.23 | op=SEND_HEARTBEAT {datanodeUUID=270584e6-a4a8-4db5-8151-214655ce1a56, command=[]} | ret=SUCCESS |  
2019-08-21 12:28:54,555 | INFO  | SCMAudit | user=jenkins1000 | ip=192.168.34.23 | op=SEND_HEARTBEAT {datanodeUUID=39ae8c09-9b4b-4ddc-906b-4e52d104e1b1, command=[]} | ret=SUCCESS |  
2019-08-21 12:28:54,556 | INFO  | SCMAudit | user=jenkins1000 | ip=192.168.34.23 | op=SEND_HEARTBEAT {datanodeUUID=af078b8b-61ec-497f-9506-472d46a72462, command=[]} | ret=SUCCESS |  
2019-08-21 12:28:54,556 | INFO  | SCMAudit | user=jenkins1000 | ip=192.168.34.23 | op=SEND_HEARTBEAT {datanodeUUID=09fb9ab4-1b8d-44c0-9f8c-50855c6f1fed, command=[]} | ret=SUCCESS |  
2019-08-21 12:28:55,549 | INFO  | SCMAudit | user=jenkins1000 | ip=192.168.34.23 | op=SEND_HEARTBEAT {datanodeUUID=0aa4def6-fe9f-4182-b0b1-80406548816f, command=[]} | ret=SUCCESS |  
2019-08-21 12:28:55,555 | INFO  | SCMAudit | user=jenkins1000 | ip=192.168.34.23 | op=SEND_HEARTBEAT {datanodeUUID=270584e6-a4a8-4db5-8151-214655ce1a56, command=[]} | ret=SUCCESS |  
2019-08-21 12:28:55,555 | INFO  | SCMAudit | user=jenkins1000 | ip=192.168.34.23 | op=SEND_HEARTBEAT {datanodeUUID=39ae8c09-9b4b-4ddc-906b-4e52d104e1b1, command=[]} | ret=SUCCESS |  
2019-08-21 12:28:55,556 | INFO  | SCMAudit | user=jenkins1000 | ip=192.168.34.23 | op=SEND_HEARTBEAT {datanodeUUID=09fb9ab4-1b8d-44c0-9f8c-50855c6f1fed, command=[]} | ret=SUCCESS |  
2019-08-21 12:28:55,557 | INFO  | SCMAudit | user=jenkins1000 | ip=192.168.34.23 | op=SEND_HEARTBEAT {datanodeUUID=af078b8b-61ec-497f-9506-472d46a72462, command=[]} | ret=SUCCESS |  
2019-08-21 12:28:56,550 | INFO  | SCMAudit | user=jenkins1000 | ip=192.168.34.23 | op=SEND_HEARTBEAT {datanodeUUID=0aa4def6-fe9f-4182-b0b1-80406548816f, command=[]} | ret=SUCCESS |  
2019-08-21 12:28:56,554 | INFO  | SCMAudit | user=jenkins1000 | ip=192.168.34.23 | op=SEND_HEARTBEAT {datanodeUUID=270584e6-a4a8-4db5-8151-214655ce1a56, command=[]} | ret=SUCCESS |  
2019-08-21 12:28:56,556 | INFO  | SCMAudit | user=jenkins1000 | ip=192.168.34.23 | op=SEND_HEARTBEAT {datanodeUUID=39ae8c09-9b4b-4ddc-906b-4e52d104e1b1, command=[]} | ret=SUCCESS |  
2019-08-21 12:28:56,556 | INFO  | SCMAudit | user=jenkins1000 | ip=192.168.34.23 | op=SEND_HEARTBEAT {datanodeUUID=09fb9ab4-1b8d-44c0-9f8c-50855c6f1fed, command=[]} | ret=SUCCESS |  
2019-08-21 12:28:56,557 | INFO  | SCMAudit | user=jenkins1000 | ip=192.168.34.23 | op=SEND_HEARTBEAT {datanodeUUID=af078b8b-61ec-497f-9506-472d46a72462, command=[]} | ret=SUCCESS |  
]]></system-out>
  </testcase>
  <testcase name="fileWithSizeZero" classname="org.apache.hadoop.ozone.freon.TestRandomKeyGenerator" time="5.047"/>
  <testcase name="multiThread" classname="org.apache.hadoop.ozone.freon.TestRandomKeyGenerator" time="5.021"/>
</testsuite>