<?xml version="1.0" encoding="UTF-8"?>
<testsuite xmlns:xsi="http://www.w3.org/2001/XMLSchema-instance" xsi:noNamespaceSchemaLocation="https://maven.apache.org/surefire/maven-surefire-plugin/xsd/surefire-test-report.xsd" name="org.apache.hadoop.ozone.client.rpc.TestBlockOutputStreamWithFailures" time="754.986" tests="8" errors="0" skipped="0" failures="1">
  <properties>
    <property name="awt.toolkit" value="sun.awt.X11.XToolkit"/>
    <property name="file.encoding.pkg" value="sun.io"/>
    <property name="java.specification.version" value="1.8"/>
    <property name="sun.cpu.isalist" value=""/>
    <property name="sun.jnu.encoding" value="UTF-8"/>
    <property name="java.class.path" value="/workdir/hadoop-ozone/integration-test/target/test-classes:/workdir/hadoop-ozone/integration-test/target/classes:/home/user/.m2/repository/org/apache/hadoop/hadoop-ozone-common/0.5.0-SNAPSHOT/hadoop-ozone-common-0.5.0-SNAPSHOT.jar:/home/user/.m2/repository/org/apache/commons/commons-compress/1.4.1/commons-compress-1.4.1.jar:/home/user/.m2/repository/org/tukaani/xz/1.0/xz-1.0.jar:/home/user/.m2/repository/org/apache/hadoop/hadoop-common/3.2.0/hadoop-common-3.2.0.jar:/home/user/.m2/repository/org/apache/hadoop/hadoop-hdfs/3.2.0/hadoop-hdfs-3.2.0.jar:/home/user/.m2/repository/org/apache/hadoop/hadoop-hdfs-client/3.2.0/hadoop-hdfs-client-3.2.0.jar:/home/user/.m2/repository/com/fasterxml/jackson/core/jackson-annotations/2.9.5/jackson-annotations-2.9.5.jar:/home/user/.m2/repository/org/apache/hadoop/hadoop-hdds-common/0.5.0-SNAPSHOT/hadoop-hdds-common-0.5.0-SNAPSHOT.jar:/home/user/.m2/repository/javax/annotation/javax.annotation-api/1.2/javax.annotation-api-1.2.jar:/home/user/.m2/repository/org/apache/ratis/ratis-server/0.4.0-2337318-SNAPSHOT/ratis-server-0.4.0-2337318-SNAPSHOT.jar:/home/user/.m2/repository/org/apache/ratis/ratis-thirdparty-misc/0.2.0/ratis-thirdparty-misc-0.2.0.jar:/home/user/.m2/repository/org/apache/ratis/ratis-proto/0.4.0-2337318-SNAPSHOT/ratis-proto-0.4.0-2337318-SNAPSHOT.jar:/home/user/.m2/repository/org/apache/ratis/ratis-common/0.4.0-2337318-SNAPSHOT/ratis-common-0.4.0-2337318-SNAPSHOT.jar:/home/user/.m2/repository/org/apache/ratis/ratis-client/0.4.0-2337318-SNAPSHOT/ratis-client-0.4.0-2337318-SNAPSHOT.jar:/home/user/.m2/repository/org/apache/ratis/ratis-metrics/0.4.0-2337318-SNAPSHOT/ratis-metrics-0.4.0-2337318-SNAPSHOT.jar:/home/user/.m2/repository/org/apache/ratis/ratis-netty/0.4.0-2337318-SNAPSHOT/ratis-netty-0.4.0-2337318-SNAPSHOT.jar:/home/user/.m2/repository/org/apache/ratis/ratis-grpc/0.4.0-2337318-SNAPSHOT/ratis-grpc-0.4.0-2337318-SNAPSHOT.jar:/home/user/.m2/repository/org/rocksdb/rocksdbjni/6.0.1/rocksdbjni-6.0.1.jar:/home/user/.m2/repository/org/apache/logging/log4j/log4j-api/2.11.0/log4j-api-2.11.0.jar:/home/user/.m2/repository/org/apache/logging/log4j/log4j-core/2.11.0/log4j-core-2.11.0.jar:/home/user/.m2/repository/com/lmax/disruptor/3.4.2/disruptor-3.4.2.jar:/home/user/.m2/repository/org/apache/commons/commons-pool2/2.6.0/commons-pool2-2.6.0.jar:/home/user/.m2/repository/org/bouncycastle/bcpkix-jdk15on/1.60/bcpkix-jdk15on-1.60.jar:/home/user/.m2/repository/commons-validator/commons-validator/1.6/commons-validator-1.6.jar:/home/user/.m2/repository/commons-digester/commons-digester/1.8.1/commons-digester-1.8.1.jar:/home/user/.m2/repository/io/jaegertracing/jaeger-client/0.33.1/jaeger-client-0.33.1.jar:/home/user/.m2/repository/io/jaegertracing/jaeger-thrift/0.33.1/jaeger-thrift-0.33.1.jar:/home/user/.m2/repository/org/apache/thrift/libthrift/0.11.0/libthrift-0.11.0.jar:/home/user/.m2/repository/com/squareup/okhttp3/okhttp/3.9.0/okhttp-3.9.0.jar:/home/user/.m2/repository/com/squareup/okio/okio/1.13.0/okio-1.13.0.jar:/home/user/.m2/repository/io/jaegertracing/jaeger-core/0.33.1/jaeger-core-0.33.1.jar:/home/user/.m2/repository/io/jaegertracing/jaeger-tracerresolver/0.33.1/jaeger-tracerresolver-0.33.1.jar:/home/user/.m2/repository/io/opentracing/contrib/opentracing-tracerresolver/0.1.5/opentracing-tracerresolver-0.1.5.jar:/home/user/.m2/repository/io/opentracing/opentracing-util/0.31.0/opentracing-util-0.31.0.jar:/home/user/.m2/repository/io/opentracing/opentracing-api/0.31.0/opentracing-api-0.31.0.jar:/home/user/.m2/repository/io/opentracing/opentracing-noop/0.31.0/opentracing-noop-0.31.0.jar:/home/user/.m2/repository/org/apache/hadoop/hadoop-hdds-server-framework/0.5.0-SNAPSHOT/hadoop-hdds-server-framework-0.5.0-SNAPSHOT.jar:/home/user/.m2/repository/org/apache/hadoop/hadoop-hdds-container-service/0.5.0-SNAPSHOT/hadoop-hdds-container-service-0.5.0-SNAPSHOT.jar:/home/user/.m2/repository/org/apache/hadoop/hadoop-hdds-client/0.5.0-SNAPSHOT/hadoop-hdds-client-0.5.0-SNAPSHOT.jar:/home/user/.m2/repository/org/apache/hadoop/hadoop-hdds-tools/0.5.0-SNAPSHOT/hadoop-hdds-tools-0.5.0-SNAPSHOT.jar:/home/user/.m2/repository/org/apache/hadoop/hadoop-hdds-server-scm/0.5.0-SNAPSHOT/hadoop-hdds-server-scm-0.5.0-SNAPSHOT.jar:/home/user/.m2/repository/org/apache/hadoop/hadoop-hdds-docs/0.5.0-SNAPSHOT/hadoop-hdds-docs-0.5.0-SNAPSHOT.jar:/home/user/.m2/repository/com/sun/xml/bind/jaxb-impl/2.3.0.1/jaxb-impl-2.3.0.1.jar:/home/user/.m2/repository/com/sun/xml/bind/jaxb-core/2.3.0.1/jaxb-core-2.3.0.1.jar:/home/user/.m2/repository/javax/xml/bind/jaxb-api/2.3.0/jaxb-api-2.3.0.jar:/home/user/.m2/repository/javax/activation/activation/1.1.1/activation-1.1.1.jar:/home/user/.m2/repository/io/dropwizard/metrics/metrics-core/3.2.4/metrics-core-3.2.4.jar:/home/user/.m2/repository/org/hamcrest/hamcrest-all/1.3/hamcrest-all-1.3.jar:/home/user/.m2/repository/org/bouncycastle/bcprov-jdk15on/1.60/bcprov-jdk15on-1.60.jar:/home/user/.m2/repository/info/picocli/picocli/3.9.6/picocli-3.9.6.jar:/home/user/.m2/repository/com/google/protobuf/protobuf-java/2.5.0/protobuf-java-2.5.0.jar:/home/user/.m2/repository/com/google/guava/guava/11.0.2/guava-11.0.2.jar:/home/user/.m2/repository/org/apache/hadoop/hadoop-ozone-ozone-manager/0.5.0-SNAPSHOT/hadoop-ozone-ozone-manager-0.5.0-SNAPSHOT.jar:/home/user/.m2/repository/org/apache/hadoop/hadoop-minikdc/3.2.0/hadoop-minikdc-3.2.0.jar:/home/user/.m2/repository/commons-io/commons-io/2.5/commons-io-2.5.jar:/home/user/.m2/repository/org/apache/kerby/kerb-simplekdc/1.0.1/kerb-simplekdc-1.0.1.jar:/home/user/.m2/repository/org/apache/kerby/kerb-client/1.0.1/kerb-client-1.0.1.jar:/home/user/.m2/repository/org/apache/kerby/kerby-config/1.0.1/kerby-config-1.0.1.jar:/home/user/.m2/repository/org/apache/kerby/kerb-core/1.0.1/kerb-core-1.0.1.jar:/home/user/.m2/repository/org/apache/kerby/kerby-pkix/1.0.1/kerby-pkix-1.0.1.jar:/home/user/.m2/repository/org/apache/kerby/kerby-asn1/1.0.1/kerby-asn1-1.0.1.jar:/home/user/.m2/repository/org/apache/kerby/kerby-util/1.0.1/kerby-util-1.0.1.jar:/home/user/.m2/repository/org/apache/kerby/kerb-common/1.0.1/kerb-common-1.0.1.jar:/home/user/.m2/repository/org/apache/kerby/kerb-crypto/1.0.1/kerb-crypto-1.0.1.jar:/home/user/.m2/repository/org/apache/kerby/kerb-util/1.0.1/kerb-util-1.0.1.jar:/home/user/.m2/repository/org/apache/kerby/token-provider/1.0.1/token-provider-1.0.1.jar:/home/user/.m2/repository/org/apache/kerby/kerb-admin/1.0.1/kerb-admin-1.0.1.jar:/home/user/.m2/repository/org/apache/kerby/kerb-server/1.0.1/kerb-server-1.0.1.jar:/home/user/.m2/repository/org/apache/kerby/kerb-identity/1.0.1/kerb-identity-1.0.1.jar:/home/user/.m2/repository/org/apache/kerby/kerby-xdr/1.0.1/kerby-xdr-1.0.1.jar:/home/user/.m2/repository/org/slf4j/slf4j-log4j12/1.7.25/slf4j-log4j12-1.7.25.jar:/home/user/.m2/repository/org/apache/hadoop/hadoop-ozone-s3gateway/0.5.0-SNAPSHOT/hadoop-ozone-s3gateway-0.5.0-SNAPSHOT.jar:/home/user/.m2/repository/org/jboss/weld/servlet/weld-servlet/2.4.7.Final/weld-servlet-2.4.7.Final.jar:/home/user/.m2/repository/org/glassfish/jersey/containers/jersey-container-servlet-core/2.27/jersey-container-servlet-core-2.27.jar:/home/user/.m2/repository/org/glassfish/hk2/external/javax.inject/2.5.0-b42/javax.inject-2.5.0-b42.jar:/home/user/.m2/repository/org/glassfish/jersey/core/jersey-common/2.27/jersey-common-2.27.jar:/home/user/.m2/repository/org/glassfish/hk2/osgi-resource-locator/1.0.1/osgi-resource-locator-1.0.1.jar:/home/user/.m2/repository/javax/ws/rs/javax.ws.rs-api/2.1/javax.ws.rs-api-2.1.jar:/home/user/.m2/repository/org/glassfish/jersey/ext/cdi/jersey-cdi1x/2.27/jersey-cdi1x-2.27.jar:/home/user/.m2/repository/org/glassfish/jersey/inject/jersey-hk2/2.27/jersey-hk2-2.27.jar:/home/user/.m2/repository/org/glassfish/hk2/hk2-locator/2.5.0-b42/hk2-locator-2.5.0-b42.jar:/home/user/.m2/repository/org/javassist/javassist/3.22.0-CR2/javassist-3.22.0-CR2.jar:/home/user/.m2/repository/org/glassfish/hk2/hk2-api/2.5.0/hk2-api-2.5.0.jar:/home/user/.m2/repository/org/glassfish/hk2/external/jakarta.inject/2.5.0/jakarta.inject-2.5.0.jar:/home/user/.m2/repository/org/glassfish/hk2/hk2-utils/2.5.0/hk2-utils-2.5.0.jar:/home/user/.m2/repository/jakarta/annotation/jakarta.annotation-api/1.3.4/jakarta.annotation-api-1.3.4.jar:/home/user/.m2/repository/org/glassfish/hk2/external/aopalliance-repackaged/2.5.0/aopalliance-repackaged-2.5.0.jar:/home/user/.m2/repository/com/fasterxml/jackson/dataformat/jackson-dataformat-xml/2.9.0/jackson-dataformat-xml-2.9.0.jar:/home/user/.m2/repository/com/fasterxml/jackson/core/jackson-core/2.9.5/jackson-core-2.9.5.jar:/home/user/.m2/repository/com/fasterxml/jackson/module/jackson-module-jaxb-annotations/2.9.5/jackson-module-jaxb-annotations-2.9.5.jar:/home/user/.m2/repository/javax/enterprise/cdi-api/1.2/cdi-api-1.2.jar:/home/user/.m2/repository/javax/el/javax.el-api/3.0.0/javax.el-api-3.0.0.jar:/home/user/.m2/repository/javax/interceptor/javax.interceptor-api/1.2/javax.interceptor-api-1.2.jar:/home/user/.m2/repository/javax/inject/javax.inject/1/javax.inject-1.jar:/home/user/.m2/repository/org/apache/hadoop/hadoop-ozone-csi/0.5.0-SNAPSHOT/hadoop-ozone-csi-0.5.0-SNAPSHOT.jar:/home/user/.m2/repository/com/google/protobuf/protobuf-java-util/3.5.1/protobuf-java-util-3.5.1.jar:/home/user/.m2/repository/org/apache/hadoop/hadoop-hdds-config/0.5.0-SNAPSHOT/hadoop-hdds-config-0.5.0-SNAPSHOT.jar:/home/user/.m2/repository/io/grpc/grpc-netty/1.17.1/grpc-netty-1.17.1.jar:/home/user/.m2/repository/io/grpc/grpc-core/1.17.1/grpc-core-1.17.1.jar:/home/user/.m2/repository/io/grpc/grpc-context/1.17.1/grpc-context-1.17.1.jar:/home/user/.m2/repository/com/google/errorprone/error_prone_annotations/2.2.0/error_prone_annotations-2.2.0.jar:/home/user/.m2/repository/org/codehaus/mojo/animal-sniffer-annotations/1.17/animal-sniffer-annotations-1.17.jar:/home/user/.m2/repository/io/opencensus/opencensus-api/0.17.0/opencensus-api-0.17.0.jar:/home/user/.m2/repository/io/opencensus/opencensus-contrib-grpc-metrics/0.17.0/opencensus-contrib-grpc-metrics-0.17.0.jar:/home/user/.m2/repository/io/netty/netty-codec-http2/4.1.30.Final/netty-codec-http2-4.1.30.Final.jar:/home/user/.m2/repository/io/netty/netty-codec-http/4.1.30.Final/netty-codec-http-4.1.30.Final.jar:/home/user/.m2/repository/io/netty/netty-codec/4.1.30.Final/netty-codec-4.1.30.Final.jar:/home/user/.m2/repository/io/netty/netty-handler/4.1.30.Final/netty-handler-4.1.30.Final.jar:/home/user/.m2/repository/io/netty/netty-handler-proxy/4.1.30.Final/netty-handler-proxy-4.1.30.Final.jar:/home/user/.m2/repository/io/netty/netty-codec-socks/4.1.30.Final/netty-codec-socks-4.1.30.Final.jar:/home/user/.m2/repository/io/netty/netty-transport-native-epoll/4.1.30.Final/netty-transport-native-epoll-4.1.30.Final.jar:/home/user/.m2/repository/io/netty/netty-common/4.1.30.Final/netty-common-4.1.30.Final.jar:/home/user/.m2/repository/io/netty/netty-buffer/4.1.30.Final/netty-buffer-4.1.30.Final.jar:/home/user/.m2/repository/io/netty/netty-transport/4.1.30.Final/netty-transport-4.1.30.Final.jar:/home/user/.m2/repository/io/netty/netty-resolver/4.1.30.Final/netty-resolver-4.1.30.Final.jar:/home/user/.m2/repository/io/netty/netty-transport-native-unix-common/4.1.30.Final/netty-transport-native-unix-common-4.1.30.Final.jar:/home/user/.m2/repository/io/grpc/grpc-protobuf/1.17.1/grpc-protobuf-1.17.1.jar:/home/user/.m2/repository/com/google/api/grpc/proto-google-common-protos/1.0.0/proto-google-common-protos-1.0.0.jar:/home/user/.m2/repository/io/grpc/grpc-protobuf-lite/1.17.1/grpc-protobuf-lite-1.17.1.jar:/home/user/.m2/repository/io/grpc/grpc-stub/1.17.1/grpc-stub-1.17.1.jar:/home/user/.m2/repository/org/apache/hadoop/hadoop-ozone-recon/0.5.0-SNAPSHOT/hadoop-ozone-recon-0.5.0-SNAPSHOT.jar:/home/user/.m2/repository/org/apache/hadoop/hadoop-ozone-reconcodegen/0.5.0-SNAPSHOT/hadoop-ozone-reconcodegen-0.5.0-SNAPSHOT.jar:/home/user/.m2/repository/com/google/inject/extensions/guice-multibindings/4.0/guice-multibindings-4.0.jar:/home/user/.m2/repository/com/google/inject/guice/4.0/guice-4.0.jar:/home/user/.m2/repository/aopalliance/aopalliance/1.0/aopalliance-1.0.jar:/home/user/.m2/repository/com/google/inject/extensions/guice-servlet/4.0/guice-servlet-4.0.jar:/home/user/.m2/repository/org/glassfish/jersey/containers/jersey-container-servlet/2.27/jersey-container-servlet-2.27.jar:/home/user/.m2/repository/org/glassfish/hk2/guice-bridge/2.5.0/guice-bridge-2.5.0.jar:/home/user/.m2/repository/org/glassfish/jersey/core/jersey-server/2.27/jersey-server-2.27.jar:/home/user/.m2/repository/org/glassfish/jersey/core/jersey-client/2.27/jersey-client-2.27.jar:/home/user/.m2/repository/org/glassfish/jersey/media/jersey-media-jaxb/2.27/jersey-media-jaxb-2.27.jar:/home/user/.m2/repository/javax/validation/validation-api/1.1.0.Final/validation-api-1.1.0.Final.jar:/home/user/.m2/repository/org/glassfish/jersey/media/jersey-media-json-jackson/2.27/jersey-media-json-jackson-2.27.jar:/home/user/.m2/repository/org/glassfish/jersey/ext/jersey-entity-filtering/2.27/jersey-entity-filtering-2.27.jar:/home/user/.m2/repository/com/google/inject/extensions/guice-assistedinject/4.0/guice-assistedinject-4.0.jar:/home/user/.m2/repository/org/jooq/jooq/3.11.10/jooq-3.11.10.jar:/home/user/.m2/repository/org/jooq/jooq-meta/3.11.10/jooq-meta-3.11.10.jar:/home/user/.m2/repository/org/jooq/jooq-codegen/3.11.10/jooq-codegen-3.11.10.jar:/home/user/.m2/repository/com/jolbox/bonecp/0.8.0.RELEASE/bonecp-0.8.0.RELEASE.jar:/home/user/.m2/repository/org/xerial/sqlite-jdbc/3.25.2/sqlite-jdbc-3.25.2.jar:/home/user/.m2/repository/org/springframework/spring-jdbc/5.1.3.RELEASE/spring-jdbc-5.1.3.RELEASE.jar:/home/user/.m2/repository/org/springframework/spring-beans/5.1.3.RELEASE/spring-beans-5.1.3.RELEASE.jar:/home/user/.m2/repository/org/springframework/spring-core/5.1.3.RELEASE/spring-core-5.1.3.RELEASE.jar:/home/user/.m2/repository/org/springframework/spring-jcl/5.1.3.RELEASE/spring-jcl-5.1.3.RELEASE.jar:/home/user/.m2/repository/org/springframework/spring-tx/5.1.3.RELEASE/spring-tx-5.1.3.RELEASE.jar:/home/user/.m2/repository/org/apache/hadoop/hadoop-ozone-client/0.5.0-SNAPSHOT/hadoop-ozone-client-0.5.0-SNAPSHOT.jar:/home/user/.m2/repository/commons-lang/commons-lang/2.6/commons-lang-2.6.jar:/home/user/.m2/repository/org/apache/hadoop/hadoop-ozone-ozone-manager/0.5.0-SNAPSHOT/hadoop-ozone-ozone-manager-0.5.0-SNAPSHOT-tests.jar:/home/user/.m2/repository/junit/junit/4.11/junit-4.11.jar:/home/user/.m2/repository/org/hamcrest/hamcrest-core/1.3/hamcrest-core-1.3.jar:/home/user/.m2/repository/org/openjdk/jmh/jmh-core/1.19/jmh-core-1.19.jar:/home/user/.m2/repository/net/sf/jopt-simple/jopt-simple/4.6/jopt-simple-4.6.jar:/home/user/.m2/repository/org/apache/commons/commons-math3/3.1.1/commons-math3-3.1.1.jar:/home/user/.m2/repository/org/openjdk/jmh/jmh-generator-annprocess/1.19/jmh-generator-annprocess-1.19.jar:/home/user/.m2/repository/org/mockito/mockito-all/1.8.5/mockito-all-1.8.5.jar:/home/user/.m2/repository/org/apache/hadoop/hadoop-kms/3.2.0/hadoop-kms-3.2.0.jar:/home/user/.m2/repository/org/apache/hadoop/hadoop-auth/3.2.0/hadoop-auth-3.2.0.jar:/home/user/.m2/repository/com/nimbusds/nimbus-jose-jwt/4.41.1/nimbus-jose-jwt-4.41.1.jar:/home/user/.m2/repository/com/github/stephenc/jcip/jcip-annotations/1.0-1/jcip-annotations-1.0-1.jar:/home/user/.m2/repository/net/minidev/json-smart/2.3/json-smart-2.3.jar:/home/user/.m2/repository/net/minidev/accessors-smart/1.2/accessors-smart-1.2.jar:/home/user/.m2/repository/org/ow2/asm/asm/5.0.4/asm-5.0.4.jar:/home/user/.m2/repository/org/apache/curator/curator-framework/2.12.0/curator-framework-2.12.0.jar:/home/user/.m2/repository/com/sun/jersey/jersey-core/1.19/jersey-core-1.19.jar:/home/user/.m2/repository/javax/ws/rs/jsr311-api/1.1.1/jsr311-api-1.1.1.jar:/home/user/.m2/repository/com/sun/jersey/jersey-server/1.19/jersey-server-1.19.jar:/home/user/.m2/repository/javax/servlet/javax.servlet-api/3.1.0/javax.servlet-api-3.1.0.jar:/home/user/.m2/repository/org/eclipse/jetty/jetty-server/9.3.24.v20180605/jetty-server-9.3.24.v20180605.jar:/home/user/.m2/repository/org/eclipse/jetty/jetty-http/9.3.24.v20180605/jetty-http-9.3.24.v20180605.jar:/home/user/.m2/repository/org/eclipse/jetty/jetty-io/9.3.24.v20180605/jetty-io-9.3.24.v20180605.jar:/home/user/.m2/repository/org/eclipse/jetty/jetty-webapp/9.3.24.v20180605/jetty-webapp-9.3.24.v20180605.jar:/home/user/.m2/repository/org/eclipse/jetty/jetty-xml/9.3.24.v20180605/jetty-xml-9.3.24.v20180605.jar:/home/user/.m2/repository/log4j/log4j/1.2.17/log4j-1.2.17.jar:/home/user/.m2/repository/org/slf4j/slf4j-api/1.7.25/slf4j-api-1.7.25.jar:/home/user/.m2/repository/org/slf4j/jul-to-slf4j/1.7.25/jul-to-slf4j-1.7.25.jar:/home/user/.m2/repository/org/eclipse/jetty/jetty-util/9.3.24.v20180605/jetty-util-9.3.24.v20180605.jar:/home/user/.m2/repository/com/fasterxml/jackson/core/jackson-databind/2.9.5/jackson-databind-2.9.5.jar:/home/user/.m2/repository/org/apache/hadoop/hadoop-kms/3.2.0/hadoop-kms-3.2.0-tests.jar:/home/user/.m2/repository/org/apache/hadoop/hadoop-hdds-server-scm/0.5.0-SNAPSHOT/hadoop-hdds-server-scm-0.5.0-SNAPSHOT-tests.jar:/home/user/.m2/repository/org/apache/hadoop/hadoop-hdds-container-service/0.5.0-SNAPSHOT/hadoop-hdds-container-service-0.5.0-SNAPSHOT-tests.jar:/home/user/.m2/repository/org/yaml/snakeyaml/1.16/snakeyaml-1.16.jar:/home/user/.m2/repository/org/apache/hadoop/hadoop-common/3.2.0/hadoop-common-3.2.0-tests.jar:/home/user/.m2/repository/org/apache/hadoop/hadoop-annotations/3.2.0/hadoop-annotations-3.2.0.jar:/usr/lib/jvm/java-1.8-openjdk/jre/../lib/tools.jar:/home/user/.m2/repository/commons-cli/commons-cli/1.2/commons-cli-1.2.jar:/home/user/.m2/repository/org/apache/httpcomponents/httpclient/4.5.2/httpclient-4.5.2.jar:/home/user/.m2/repository/org/apache/httpcomponents/httpcore/4.4.4/httpcore-4.4.4.jar:/home/user/.m2/repository/commons-codec/commons-codec/1.11/commons-codec-1.11.jar:/home/user/.m2/repository/commons-net/commons-net/3.6/commons-net-3.6.jar:/home/user/.m2/repository/commons-collections/commons-collections/3.2.2/commons-collections-3.2.2.jar:/home/user/.m2/repository/org/eclipse/jetty/jetty-servlet/9.3.24.v20180605/jetty-servlet-9.3.24.v20180605.jar:/home/user/.m2/repository/org/eclipse/jetty/jetty-security/9.3.24.v20180605/jetty-security-9.3.24.v20180605.jar:/home/user/.m2/repository/javax/servlet/jsp/jsp-api/2.1/jsp-api-2.1.jar:/home/user/.m2/repository/com/sun/jersey/jersey-servlet/1.19/jersey-servlet-1.19.jar:/home/user/.m2/repository/com/sun/jersey/jersey-json/1.19/jersey-json-1.19.jar:/home/user/.m2/repository/org/codehaus/jettison/jettison/1.1/jettison-1.1.jar:/home/user/.m2/repository/org/codehaus/jackson/jackson-core-asl/1.9.13/jackson-core-asl-1.9.13.jar:/home/user/.m2/repository/org/codehaus/jackson/jackson-mapper-asl/1.9.13/jackson-mapper-asl-1.9.13.jar:/home/user/.m2/repository/org/codehaus/jackson/jackson-jaxrs/1.9.13/jackson-jaxrs-1.9.13.jar:/home/user/.m2/repository/org/codehaus/jackson/jackson-xc/1.9.13/jackson-xc-1.9.13.jar:/home/user/.m2/repository/commons-logging/commons-logging/1.1.3/commons-logging-1.1.3.jar:/home/user/.m2/repository/commons-beanutils/commons-beanutils/1.9.3/commons-beanutils-1.9.3.jar:/home/user/.m2/repository/org/apache/commons/commons-configuration2/2.1.1/commons-configuration2-2.1.1.jar:/home/user/.m2/repository/org/apache/commons/commons-lang3/3.7/commons-lang3-3.7.jar:/home/user/.m2/repository/org/apache/commons/commons-text/1.4/commons-text-1.4.jar:/home/user/.m2/repository/org/apache/avro/avro/1.7.7/avro-1.7.7.jar:/home/user/.m2/repository/com/thoughtworks/paranamer/paranamer/2.3/paranamer-2.3.jar:/home/user/.m2/repository/org/xerial/snappy/snappy-java/1.0.5/snappy-java-1.0.5.jar:/home/user/.m2/repository/com/google/re2j/re2j/1.1/re2j-1.1.jar:/home/user/.m2/repository/com/google/code/gson/gson/2.2.4/gson-2.2.4.jar:/home/user/.m2/repository/com/jcraft/jsch/0.1.54/jsch-0.1.54.jar:/home/user/.m2/repository/org/apache/curator/curator-client/2.12.0/curator-client-2.12.0.jar:/home/user/.m2/repository/org/apache/curator/curator-recipes/2.12.0/curator-recipes-2.12.0.jar:/home/user/.m2/repository/com/google/code/findbugs/jsr305/3.0.0/jsr305-3.0.0.jar:/home/user/.m2/repository/org/apache/htrace/htrace-core4/4.1.0-incubating/htrace-core4-4.1.0-incubating.jar:/home/user/.m2/repository/org/apache/zookeeper/zookeeper/3.4.13/zookeeper-3.4.13.jar:/home/user/.m2/repository/org/apache/yetus/audience-annotations/0.5.0/audience-annotations-0.5.0.jar:/home/user/.m2/repository/org/codehaus/woodstox/stax2-api/3.1.4/stax2-api-3.1.4.jar:/home/user/.m2/repository/com/fasterxml/woodstox/woodstox-core/5.0.3/woodstox-core-5.0.3.jar:/home/user/.m2/repository/dnsjava/dnsjava/2.1.7/dnsjava-2.1.7.jar:/home/user/.m2/repository/org/apache/hadoop/hadoop-hdfs/3.2.0/hadoop-hdfs-3.2.0-tests.jar:/home/user/.m2/repository/org/eclipse/jetty/jetty-util-ajax/9.3.24.v20180605/jetty-util-ajax-9.3.24.v20180605.jar:/home/user/.m2/repository/commons-daemon/commons-daemon/1.0.13/commons-daemon-1.0.13.jar:/home/user/.m2/repository/io/netty/netty/3.10.5.Final/netty-3.10.5.Final.jar:/home/user/.m2/repository/io/netty/netty-all/4.0.52.Final/netty-all-4.0.52.Final.jar:/home/user/.m2/repository/org/fusesource/leveldbjni/leveldbjni-all/1.8/leveldbjni-all-1.8.jar:"/>
    <property name="java.vm.vendor" value="IcedTea"/>
    <property name="sun.arch.data.model" value="64"/>
    <property name="test.build.dir" value="/workdir/hadoop-ozone/integration-test/target/test-dir"/>
    <property name="test.cache.data" value=""/>
    <property name="java.vendor.url" value="https://icedtea.classpath.org"/>
    <property name="user.timezone" value=""/>
    <property name="java.vm.specification.version" value="1.8"/>
    <property name="os.name" value="Linux"/>
    <property name="test.build.data" value="/workdir/hadoop-ozone/integration-test/target/test-dir"/>
    <property name="user.country" value="US"/>
    <property name="sun.java.launcher" value="SUN_STANDARD"/>
    <property name="sun.boot.library.path" value="/usr/lib/jvm/java-1.8-openjdk/jre/lib/amd64"/>
    <property name="sun.java.command" value="/workdir/hadoop-ozone/integration-test/target/surefire/surefirebooter2697567457375435044.jar /workdir/hadoop-ozone/integration-test/target/surefire 2019-08-30T00-02-37_280-jvmRun1 surefire7984324204208312627tmp surefire_2044119201328284057tmp"/>
    <property name="test" value="!TestMiniChaosOzoneCluster"/>
    <property name="surefire.test.class.path" value="/workdir/hadoop-ozone/integration-test/target/test-classes:/workdir/hadoop-ozone/integration-test/target/classes:/home/user/.m2/repository/org/apache/hadoop/hadoop-ozone-common/0.5.0-SNAPSHOT/hadoop-ozone-common-0.5.0-SNAPSHOT.jar:/home/user/.m2/repository/org/apache/commons/commons-compress/1.4.1/commons-compress-1.4.1.jar:/home/user/.m2/repository/org/tukaani/xz/1.0/xz-1.0.jar:/home/user/.m2/repository/org/apache/hadoop/hadoop-common/3.2.0/hadoop-common-3.2.0.jar:/home/user/.m2/repository/org/apache/hadoop/hadoop-hdfs/3.2.0/hadoop-hdfs-3.2.0.jar:/home/user/.m2/repository/org/apache/hadoop/hadoop-hdfs-client/3.2.0/hadoop-hdfs-client-3.2.0.jar:/home/user/.m2/repository/com/fasterxml/jackson/core/jackson-annotations/2.9.5/jackson-annotations-2.9.5.jar:/home/user/.m2/repository/org/apache/hadoop/hadoop-hdds-common/0.5.0-SNAPSHOT/hadoop-hdds-common-0.5.0-SNAPSHOT.jar:/home/user/.m2/repository/javax/annotation/javax.annotation-api/1.2/javax.annotation-api-1.2.jar:/home/user/.m2/repository/org/apache/ratis/ratis-server/0.4.0-2337318-SNAPSHOT/ratis-server-0.4.0-2337318-SNAPSHOT.jar:/home/user/.m2/repository/org/apache/ratis/ratis-thirdparty-misc/0.2.0/ratis-thirdparty-misc-0.2.0.jar:/home/user/.m2/repository/org/apache/ratis/ratis-proto/0.4.0-2337318-SNAPSHOT/ratis-proto-0.4.0-2337318-SNAPSHOT.jar:/home/user/.m2/repository/org/apache/ratis/ratis-common/0.4.0-2337318-SNAPSHOT/ratis-common-0.4.0-2337318-SNAPSHOT.jar:/home/user/.m2/repository/org/apache/ratis/ratis-client/0.4.0-2337318-SNAPSHOT/ratis-client-0.4.0-2337318-SNAPSHOT.jar:/home/user/.m2/repository/org/apache/ratis/ratis-metrics/0.4.0-2337318-SNAPSHOT/ratis-metrics-0.4.0-2337318-SNAPSHOT.jar:/home/user/.m2/repository/org/apache/ratis/ratis-netty/0.4.0-2337318-SNAPSHOT/ratis-netty-0.4.0-2337318-SNAPSHOT.jar:/home/user/.m2/repository/org/apache/ratis/ratis-grpc/0.4.0-2337318-SNAPSHOT/ratis-grpc-0.4.0-2337318-SNAPSHOT.jar:/home/user/.m2/repository/org/rocksdb/rocksdbjni/6.0.1/rocksdbjni-6.0.1.jar:/home/user/.m2/repository/org/apache/logging/log4j/log4j-api/2.11.0/log4j-api-2.11.0.jar:/home/user/.m2/repository/org/apache/logging/log4j/log4j-core/2.11.0/log4j-core-2.11.0.jar:/home/user/.m2/repository/com/lmax/disruptor/3.4.2/disruptor-3.4.2.jar:/home/user/.m2/repository/org/apache/commons/commons-pool2/2.6.0/commons-pool2-2.6.0.jar:/home/user/.m2/repository/org/bouncycastle/bcpkix-jdk15on/1.60/bcpkix-jdk15on-1.60.jar:/home/user/.m2/repository/commons-validator/commons-validator/1.6/commons-validator-1.6.jar:/home/user/.m2/repository/commons-digester/commons-digester/1.8.1/commons-digester-1.8.1.jar:/home/user/.m2/repository/io/jaegertracing/jaeger-client/0.33.1/jaeger-client-0.33.1.jar:/home/user/.m2/repository/io/jaegertracing/jaeger-thrift/0.33.1/jaeger-thrift-0.33.1.jar:/home/user/.m2/repository/org/apache/thrift/libthrift/0.11.0/libthrift-0.11.0.jar:/home/user/.m2/repository/com/squareup/okhttp3/okhttp/3.9.0/okhttp-3.9.0.jar:/home/user/.m2/repository/com/squareup/okio/okio/1.13.0/okio-1.13.0.jar:/home/user/.m2/repository/io/jaegertracing/jaeger-core/0.33.1/jaeger-core-0.33.1.jar:/home/user/.m2/repository/io/jaegertracing/jaeger-tracerresolver/0.33.1/jaeger-tracerresolver-0.33.1.jar:/home/user/.m2/repository/io/opentracing/contrib/opentracing-tracerresolver/0.1.5/opentracing-tracerresolver-0.1.5.jar:/home/user/.m2/repository/io/opentracing/opentracing-util/0.31.0/opentracing-util-0.31.0.jar:/home/user/.m2/repository/io/opentracing/opentracing-api/0.31.0/opentracing-api-0.31.0.jar:/home/user/.m2/repository/io/opentracing/opentracing-noop/0.31.0/opentracing-noop-0.31.0.jar:/home/user/.m2/repository/org/apache/hadoop/hadoop-hdds-server-framework/0.5.0-SNAPSHOT/hadoop-hdds-server-framework-0.5.0-SNAPSHOT.jar:/home/user/.m2/repository/org/apache/hadoop/hadoop-hdds-container-service/0.5.0-SNAPSHOT/hadoop-hdds-container-service-0.5.0-SNAPSHOT.jar:/home/user/.m2/repository/org/apache/hadoop/hadoop-hdds-client/0.5.0-SNAPSHOT/hadoop-hdds-client-0.5.0-SNAPSHOT.jar:/home/user/.m2/repository/org/apache/hadoop/hadoop-hdds-tools/0.5.0-SNAPSHOT/hadoop-hdds-tools-0.5.0-SNAPSHOT.jar:/home/user/.m2/repository/org/apache/hadoop/hadoop-hdds-server-scm/0.5.0-SNAPSHOT/hadoop-hdds-server-scm-0.5.0-SNAPSHOT.jar:/home/user/.m2/repository/org/apache/hadoop/hadoop-hdds-docs/0.5.0-SNAPSHOT/hadoop-hdds-docs-0.5.0-SNAPSHOT.jar:/home/user/.m2/repository/com/sun/xml/bind/jaxb-impl/2.3.0.1/jaxb-impl-2.3.0.1.jar:/home/user/.m2/repository/com/sun/xml/bind/jaxb-core/2.3.0.1/jaxb-core-2.3.0.1.jar:/home/user/.m2/repository/javax/xml/bind/jaxb-api/2.3.0/jaxb-api-2.3.0.jar:/home/user/.m2/repository/javax/activation/activation/1.1.1/activation-1.1.1.jar:/home/user/.m2/repository/io/dropwizard/metrics/metrics-core/3.2.4/metrics-core-3.2.4.jar:/home/user/.m2/repository/org/hamcrest/hamcrest-all/1.3/hamcrest-all-1.3.jar:/home/user/.m2/repository/org/bouncycastle/bcprov-jdk15on/1.60/bcprov-jdk15on-1.60.jar:/home/user/.m2/repository/info/picocli/picocli/3.9.6/picocli-3.9.6.jar:/home/user/.m2/repository/com/google/protobuf/protobuf-java/2.5.0/protobuf-java-2.5.0.jar:/home/user/.m2/repository/com/google/guava/guava/11.0.2/guava-11.0.2.jar:/home/user/.m2/repository/org/apache/hadoop/hadoop-ozone-ozone-manager/0.5.0-SNAPSHOT/hadoop-ozone-ozone-manager-0.5.0-SNAPSHOT.jar:/home/user/.m2/repository/org/apache/hadoop/hadoop-minikdc/3.2.0/hadoop-minikdc-3.2.0.jar:/home/user/.m2/repository/commons-io/commons-io/2.5/commons-io-2.5.jar:/home/user/.m2/repository/org/apache/kerby/kerb-simplekdc/1.0.1/kerb-simplekdc-1.0.1.jar:/home/user/.m2/repository/org/apache/kerby/kerb-client/1.0.1/kerb-client-1.0.1.jar:/home/user/.m2/repository/org/apache/kerby/kerby-config/1.0.1/kerby-config-1.0.1.jar:/home/user/.m2/repository/org/apache/kerby/kerb-core/1.0.1/kerb-core-1.0.1.jar:/home/user/.m2/repository/org/apache/kerby/kerby-pkix/1.0.1/kerby-pkix-1.0.1.jar:/home/user/.m2/repository/org/apache/kerby/kerby-asn1/1.0.1/kerby-asn1-1.0.1.jar:/home/user/.m2/repository/org/apache/kerby/kerby-util/1.0.1/kerby-util-1.0.1.jar:/home/user/.m2/repository/org/apache/kerby/kerb-common/1.0.1/kerb-common-1.0.1.jar:/home/user/.m2/repository/org/apache/kerby/kerb-crypto/1.0.1/kerb-crypto-1.0.1.jar:/home/user/.m2/repository/org/apache/kerby/kerb-util/1.0.1/kerb-util-1.0.1.jar:/home/user/.m2/repository/org/apache/kerby/token-provider/1.0.1/token-provider-1.0.1.jar:/home/user/.m2/repository/org/apache/kerby/kerb-admin/1.0.1/kerb-admin-1.0.1.jar:/home/user/.m2/repository/org/apache/kerby/kerb-server/1.0.1/kerb-server-1.0.1.jar:/home/user/.m2/repository/org/apache/kerby/kerb-identity/1.0.1/kerb-identity-1.0.1.jar:/home/user/.m2/repository/org/apache/kerby/kerby-xdr/1.0.1/kerby-xdr-1.0.1.jar:/home/user/.m2/repository/org/slf4j/slf4j-log4j12/1.7.25/slf4j-log4j12-1.7.25.jar:/home/user/.m2/repository/org/apache/hadoop/hadoop-ozone-s3gateway/0.5.0-SNAPSHOT/hadoop-ozone-s3gateway-0.5.0-SNAPSHOT.jar:/home/user/.m2/repository/org/jboss/weld/servlet/weld-servlet/2.4.7.Final/weld-servlet-2.4.7.Final.jar:/home/user/.m2/repository/org/glassfish/jersey/containers/jersey-container-servlet-core/2.27/jersey-container-servlet-core-2.27.jar:/home/user/.m2/repository/org/glassfish/hk2/external/javax.inject/2.5.0-b42/javax.inject-2.5.0-b42.jar:/home/user/.m2/repository/org/glassfish/jersey/core/jersey-common/2.27/jersey-common-2.27.jar:/home/user/.m2/repository/org/glassfish/hk2/osgi-resource-locator/1.0.1/osgi-resource-locator-1.0.1.jar:/home/user/.m2/repository/javax/ws/rs/javax.ws.rs-api/2.1/javax.ws.rs-api-2.1.jar:/home/user/.m2/repository/org/glassfish/jersey/ext/cdi/jersey-cdi1x/2.27/jersey-cdi1x-2.27.jar:/home/user/.m2/repository/org/glassfish/jersey/inject/jersey-hk2/2.27/jersey-hk2-2.27.jar:/home/user/.m2/repository/org/glassfish/hk2/hk2-locator/2.5.0-b42/hk2-locator-2.5.0-b42.jar:/home/user/.m2/repository/org/javassist/javassist/3.22.0-CR2/javassist-3.22.0-CR2.jar:/home/user/.m2/repository/org/glassfish/hk2/hk2-api/2.5.0/hk2-api-2.5.0.jar:/home/user/.m2/repository/org/glassfish/hk2/external/jakarta.inject/2.5.0/jakarta.inject-2.5.0.jar:/home/user/.m2/repository/org/glassfish/hk2/hk2-utils/2.5.0/hk2-utils-2.5.0.jar:/home/user/.m2/repository/jakarta/annotation/jakarta.annotation-api/1.3.4/jakarta.annotation-api-1.3.4.jar:/home/user/.m2/repository/org/glassfish/hk2/external/aopalliance-repackaged/2.5.0/aopalliance-repackaged-2.5.0.jar:/home/user/.m2/repository/com/fasterxml/jackson/dataformat/jackson-dataformat-xml/2.9.0/jackson-dataformat-xml-2.9.0.jar:/home/user/.m2/repository/com/fasterxml/jackson/core/jackson-core/2.9.5/jackson-core-2.9.5.jar:/home/user/.m2/repository/com/fasterxml/jackson/module/jackson-module-jaxb-annotations/2.9.5/jackson-module-jaxb-annotations-2.9.5.jar:/home/user/.m2/repository/javax/enterprise/cdi-api/1.2/cdi-api-1.2.jar:/home/user/.m2/repository/javax/el/javax.el-api/3.0.0/javax.el-api-3.0.0.jar:/home/user/.m2/repository/javax/interceptor/javax.interceptor-api/1.2/javax.interceptor-api-1.2.jar:/home/user/.m2/repository/javax/inject/javax.inject/1/javax.inject-1.jar:/home/user/.m2/repository/org/apache/hadoop/hadoop-ozone-csi/0.5.0-SNAPSHOT/hadoop-ozone-csi-0.5.0-SNAPSHOT.jar:/home/user/.m2/repository/com/google/protobuf/protobuf-java-util/3.5.1/protobuf-java-util-3.5.1.jar:/home/user/.m2/repository/org/apache/hadoop/hadoop-hdds-config/0.5.0-SNAPSHOT/hadoop-hdds-config-0.5.0-SNAPSHOT.jar:/home/user/.m2/repository/io/grpc/grpc-netty/1.17.1/grpc-netty-1.17.1.jar:/home/user/.m2/repository/io/grpc/grpc-core/1.17.1/grpc-core-1.17.1.jar:/home/user/.m2/repository/io/grpc/grpc-context/1.17.1/grpc-context-1.17.1.jar:/home/user/.m2/repository/com/google/errorprone/error_prone_annotations/2.2.0/error_prone_annotations-2.2.0.jar:/home/user/.m2/repository/org/codehaus/mojo/animal-sniffer-annotations/1.17/animal-sniffer-annotations-1.17.jar:/home/user/.m2/repository/io/opencensus/opencensus-api/0.17.0/opencensus-api-0.17.0.jar:/home/user/.m2/repository/io/opencensus/opencensus-contrib-grpc-metrics/0.17.0/opencensus-contrib-grpc-metrics-0.17.0.jar:/home/user/.m2/repository/io/netty/netty-codec-http2/4.1.30.Final/netty-codec-http2-4.1.30.Final.jar:/home/user/.m2/repository/io/netty/netty-codec-http/4.1.30.Final/netty-codec-http-4.1.30.Final.jar:/home/user/.m2/repository/io/netty/netty-codec/4.1.30.Final/netty-codec-4.1.30.Final.jar:/home/user/.m2/repository/io/netty/netty-handler/4.1.30.Final/netty-handler-4.1.30.Final.jar:/home/user/.m2/repository/io/netty/netty-handler-proxy/4.1.30.Final/netty-handler-proxy-4.1.30.Final.jar:/home/user/.m2/repository/io/netty/netty-codec-socks/4.1.30.Final/netty-codec-socks-4.1.30.Final.jar:/home/user/.m2/repository/io/netty/netty-transport-native-epoll/4.1.30.Final/netty-transport-native-epoll-4.1.30.Final.jar:/home/user/.m2/repository/io/netty/netty-common/4.1.30.Final/netty-common-4.1.30.Final.jar:/home/user/.m2/repository/io/netty/netty-buffer/4.1.30.Final/netty-buffer-4.1.30.Final.jar:/home/user/.m2/repository/io/netty/netty-transport/4.1.30.Final/netty-transport-4.1.30.Final.jar:/home/user/.m2/repository/io/netty/netty-resolver/4.1.30.Final/netty-resolver-4.1.30.Final.jar:/home/user/.m2/repository/io/netty/netty-transport-native-unix-common/4.1.30.Final/netty-transport-native-unix-common-4.1.30.Final.jar:/home/user/.m2/repository/io/grpc/grpc-protobuf/1.17.1/grpc-protobuf-1.17.1.jar:/home/user/.m2/repository/com/google/api/grpc/proto-google-common-protos/1.0.0/proto-google-common-protos-1.0.0.jar:/home/user/.m2/repository/io/grpc/grpc-protobuf-lite/1.17.1/grpc-protobuf-lite-1.17.1.jar:/home/user/.m2/repository/io/grpc/grpc-stub/1.17.1/grpc-stub-1.17.1.jar:/home/user/.m2/repository/org/apache/hadoop/hadoop-ozone-recon/0.5.0-SNAPSHOT/hadoop-ozone-recon-0.5.0-SNAPSHOT.jar:/home/user/.m2/repository/org/apache/hadoop/hadoop-ozone-reconcodegen/0.5.0-SNAPSHOT/hadoop-ozone-reconcodegen-0.5.0-SNAPSHOT.jar:/home/user/.m2/repository/com/google/inject/extensions/guice-multibindings/4.0/guice-multibindings-4.0.jar:/home/user/.m2/repository/com/google/inject/guice/4.0/guice-4.0.jar:/home/user/.m2/repository/aopalliance/aopalliance/1.0/aopalliance-1.0.jar:/home/user/.m2/repository/com/google/inject/extensions/guice-servlet/4.0/guice-servlet-4.0.jar:/home/user/.m2/repository/org/glassfish/jersey/containers/jersey-container-servlet/2.27/jersey-container-servlet-2.27.jar:/home/user/.m2/repository/org/glassfish/hk2/guice-bridge/2.5.0/guice-bridge-2.5.0.jar:/home/user/.m2/repository/org/glassfish/jersey/core/jersey-server/2.27/jersey-server-2.27.jar:/home/user/.m2/repository/org/glassfish/jersey/core/jersey-client/2.27/jersey-client-2.27.jar:/home/user/.m2/repository/org/glassfish/jersey/media/jersey-media-jaxb/2.27/jersey-media-jaxb-2.27.jar:/home/user/.m2/repository/javax/validation/validation-api/1.1.0.Final/validation-api-1.1.0.Final.jar:/home/user/.m2/repository/org/glassfish/jersey/media/jersey-media-json-jackson/2.27/jersey-media-json-jackson-2.27.jar:/home/user/.m2/repository/org/glassfish/jersey/ext/jersey-entity-filtering/2.27/jersey-entity-filtering-2.27.jar:/home/user/.m2/repository/com/google/inject/extensions/guice-assistedinject/4.0/guice-assistedinject-4.0.jar:/home/user/.m2/repository/org/jooq/jooq/3.11.10/jooq-3.11.10.jar:/home/user/.m2/repository/org/jooq/jooq-meta/3.11.10/jooq-meta-3.11.10.jar:/home/user/.m2/repository/org/jooq/jooq-codegen/3.11.10/jooq-codegen-3.11.10.jar:/home/user/.m2/repository/com/jolbox/bonecp/0.8.0.RELEASE/bonecp-0.8.0.RELEASE.jar:/home/user/.m2/repository/org/xerial/sqlite-jdbc/3.25.2/sqlite-jdbc-3.25.2.jar:/home/user/.m2/repository/org/springframework/spring-jdbc/5.1.3.RELEASE/spring-jdbc-5.1.3.RELEASE.jar:/home/user/.m2/repository/org/springframework/spring-beans/5.1.3.RELEASE/spring-beans-5.1.3.RELEASE.jar:/home/user/.m2/repository/org/springframework/spring-core/5.1.3.RELEASE/spring-core-5.1.3.RELEASE.jar:/home/user/.m2/repository/org/springframework/spring-jcl/5.1.3.RELEASE/spring-jcl-5.1.3.RELEASE.jar:/home/user/.m2/repository/org/springframework/spring-tx/5.1.3.RELEASE/spring-tx-5.1.3.RELEASE.jar:/home/user/.m2/repository/org/apache/hadoop/hadoop-ozone-client/0.5.0-SNAPSHOT/hadoop-ozone-client-0.5.0-SNAPSHOT.jar:/home/user/.m2/repository/commons-lang/commons-lang/2.6/commons-lang-2.6.jar:/home/user/.m2/repository/org/apache/hadoop/hadoop-ozone-ozone-manager/0.5.0-SNAPSHOT/hadoop-ozone-ozone-manager-0.5.0-SNAPSHOT-tests.jar:/home/user/.m2/repository/junit/junit/4.11/junit-4.11.jar:/home/user/.m2/repository/org/hamcrest/hamcrest-core/1.3/hamcrest-core-1.3.jar:/home/user/.m2/repository/org/openjdk/jmh/jmh-core/1.19/jmh-core-1.19.jar:/home/user/.m2/repository/net/sf/jopt-simple/jopt-simple/4.6/jopt-simple-4.6.jar:/home/user/.m2/repository/org/apache/commons/commons-math3/3.1.1/commons-math3-3.1.1.jar:/home/user/.m2/repository/org/openjdk/jmh/jmh-generator-annprocess/1.19/jmh-generator-annprocess-1.19.jar:/home/user/.m2/repository/org/mockito/mockito-all/1.8.5/mockito-all-1.8.5.jar:/home/user/.m2/repository/org/apache/hadoop/hadoop-kms/3.2.0/hadoop-kms-3.2.0.jar:/home/user/.m2/repository/org/apache/hadoop/hadoop-auth/3.2.0/hadoop-auth-3.2.0.jar:/home/user/.m2/repository/com/nimbusds/nimbus-jose-jwt/4.41.1/nimbus-jose-jwt-4.41.1.jar:/home/user/.m2/repository/com/github/stephenc/jcip/jcip-annotations/1.0-1/jcip-annotations-1.0-1.jar:/home/user/.m2/repository/net/minidev/json-smart/2.3/json-smart-2.3.jar:/home/user/.m2/repository/net/minidev/accessors-smart/1.2/accessors-smart-1.2.jar:/home/user/.m2/repository/org/ow2/asm/asm/5.0.4/asm-5.0.4.jar:/home/user/.m2/repository/org/apache/curator/curator-framework/2.12.0/curator-framework-2.12.0.jar:/home/user/.m2/repository/com/sun/jersey/jersey-core/1.19/jersey-core-1.19.jar:/home/user/.m2/repository/javax/ws/rs/jsr311-api/1.1.1/jsr311-api-1.1.1.jar:/home/user/.m2/repository/com/sun/jersey/jersey-server/1.19/jersey-server-1.19.jar:/home/user/.m2/repository/javax/servlet/javax.servlet-api/3.1.0/javax.servlet-api-3.1.0.jar:/home/user/.m2/repository/org/eclipse/jetty/jetty-server/9.3.24.v20180605/jetty-server-9.3.24.v20180605.jar:/home/user/.m2/repository/org/eclipse/jetty/jetty-http/9.3.24.v20180605/jetty-http-9.3.24.v20180605.jar:/home/user/.m2/repository/org/eclipse/jetty/jetty-io/9.3.24.v20180605/jetty-io-9.3.24.v20180605.jar:/home/user/.m2/repository/org/eclipse/jetty/jetty-webapp/9.3.24.v20180605/jetty-webapp-9.3.24.v20180605.jar:/home/user/.m2/repository/org/eclipse/jetty/jetty-xml/9.3.24.v20180605/jetty-xml-9.3.24.v20180605.jar:/home/user/.m2/repository/log4j/log4j/1.2.17/log4j-1.2.17.jar:/home/user/.m2/repository/org/slf4j/slf4j-api/1.7.25/slf4j-api-1.7.25.jar:/home/user/.m2/repository/org/slf4j/jul-to-slf4j/1.7.25/jul-to-slf4j-1.7.25.jar:/home/user/.m2/repository/org/eclipse/jetty/jetty-util/9.3.24.v20180605/jetty-util-9.3.24.v20180605.jar:/home/user/.m2/repository/com/fasterxml/jackson/core/jackson-databind/2.9.5/jackson-databind-2.9.5.jar:/home/user/.m2/repository/org/apache/hadoop/hadoop-kms/3.2.0/hadoop-kms-3.2.0-tests.jar:/home/user/.m2/repository/org/apache/hadoop/hadoop-hdds-server-scm/0.5.0-SNAPSHOT/hadoop-hdds-server-scm-0.5.0-SNAPSHOT-tests.jar:/home/user/.m2/repository/org/apache/hadoop/hadoop-hdds-container-service/0.5.0-SNAPSHOT/hadoop-hdds-container-service-0.5.0-SNAPSHOT-tests.jar:/home/user/.m2/repository/org/yaml/snakeyaml/1.16/snakeyaml-1.16.jar:/home/user/.m2/repository/org/apache/hadoop/hadoop-common/3.2.0/hadoop-common-3.2.0-tests.jar:/home/user/.m2/repository/org/apache/hadoop/hadoop-annotations/3.2.0/hadoop-annotations-3.2.0.jar:/usr/lib/jvm/java-1.8-openjdk/jre/../lib/tools.jar:/home/user/.m2/repository/commons-cli/commons-cli/1.2/commons-cli-1.2.jar:/home/user/.m2/repository/org/apache/httpcomponents/httpclient/4.5.2/httpclient-4.5.2.jar:/home/user/.m2/repository/org/apache/httpcomponents/httpcore/4.4.4/httpcore-4.4.4.jar:/home/user/.m2/repository/commons-codec/commons-codec/1.11/commons-codec-1.11.jar:/home/user/.m2/repository/commons-net/commons-net/3.6/commons-net-3.6.jar:/home/user/.m2/repository/commons-collections/commons-collections/3.2.2/commons-collections-3.2.2.jar:/home/user/.m2/repository/org/eclipse/jetty/jetty-servlet/9.3.24.v20180605/jetty-servlet-9.3.24.v20180605.jar:/home/user/.m2/repository/org/eclipse/jetty/jetty-security/9.3.24.v20180605/jetty-security-9.3.24.v20180605.jar:/home/user/.m2/repository/javax/servlet/jsp/jsp-api/2.1/jsp-api-2.1.jar:/home/user/.m2/repository/com/sun/jersey/jersey-servlet/1.19/jersey-servlet-1.19.jar:/home/user/.m2/repository/com/sun/jersey/jersey-json/1.19/jersey-json-1.19.jar:/home/user/.m2/repository/org/codehaus/jettison/jettison/1.1/jettison-1.1.jar:/home/user/.m2/repository/org/codehaus/jackson/jackson-core-asl/1.9.13/jackson-core-asl-1.9.13.jar:/home/user/.m2/repository/org/codehaus/jackson/jackson-mapper-asl/1.9.13/jackson-mapper-asl-1.9.13.jar:/home/user/.m2/repository/org/codehaus/jackson/jackson-jaxrs/1.9.13/jackson-jaxrs-1.9.13.jar:/home/user/.m2/repository/org/codehaus/jackson/jackson-xc/1.9.13/jackson-xc-1.9.13.jar:/home/user/.m2/repository/commons-logging/commons-logging/1.1.3/commons-logging-1.1.3.jar:/home/user/.m2/repository/commons-beanutils/commons-beanutils/1.9.3/commons-beanutils-1.9.3.jar:/home/user/.m2/repository/org/apache/commons/commons-configuration2/2.1.1/commons-configuration2-2.1.1.jar:/home/user/.m2/repository/org/apache/commons/commons-lang3/3.7/commons-lang3-3.7.jar:/home/user/.m2/repository/org/apache/commons/commons-text/1.4/commons-text-1.4.jar:/home/user/.m2/repository/org/apache/avro/avro/1.7.7/avro-1.7.7.jar:/home/user/.m2/repository/com/thoughtworks/paranamer/paranamer/2.3/paranamer-2.3.jar:/home/user/.m2/repository/org/xerial/snappy/snappy-java/1.0.5/snappy-java-1.0.5.jar:/home/user/.m2/repository/com/google/re2j/re2j/1.1/re2j-1.1.jar:/home/user/.m2/repository/com/google/code/gson/gson/2.2.4/gson-2.2.4.jar:/home/user/.m2/repository/com/jcraft/jsch/0.1.54/jsch-0.1.54.jar:/home/user/.m2/repository/org/apache/curator/curator-client/2.12.0/curator-client-2.12.0.jar:/home/user/.m2/repository/org/apache/curator/curator-recipes/2.12.0/curator-recipes-2.12.0.jar:/home/user/.m2/repository/com/google/code/findbugs/jsr305/3.0.0/jsr305-3.0.0.jar:/home/user/.m2/repository/org/apache/htrace/htrace-core4/4.1.0-incubating/htrace-core4-4.1.0-incubating.jar:/home/user/.m2/repository/org/apache/zookeeper/zookeeper/3.4.13/zookeeper-3.4.13.jar:/home/user/.m2/repository/org/apache/yetus/audience-annotations/0.5.0/audience-annotations-0.5.0.jar:/home/user/.m2/repository/org/codehaus/woodstox/stax2-api/3.1.4/stax2-api-3.1.4.jar:/home/user/.m2/repository/com/fasterxml/woodstox/woodstox-core/5.0.3/woodstox-core-5.0.3.jar:/home/user/.m2/repository/dnsjava/dnsjava/2.1.7/dnsjava-2.1.7.jar:/home/user/.m2/repository/org/apache/hadoop/hadoop-hdfs/3.2.0/hadoop-hdfs-3.2.0-tests.jar:/home/user/.m2/repository/org/eclipse/jetty/jetty-util-ajax/9.3.24.v20180605/jetty-util-ajax-9.3.24.v20180605.jar:/home/user/.m2/repository/commons-daemon/commons-daemon/1.0.13/commons-daemon-1.0.13.jar:/home/user/.m2/repository/io/netty/netty/3.10.5.Final/netty-3.10.5.Final.jar:/home/user/.m2/repository/io/netty/netty-all/4.0.52.Final/netty-all-4.0.52.Final.jar:/home/user/.m2/repository/org/fusesource/leveldbjni/leveldbjni-all/1.8/leveldbjni-all-1.8.jar:"/>
    <property name="sun.cpu.endian" value="little"/>
    <property name="user.home" value="/home/user"/>
    <property name="user.language" value="en"/>
    <property name="java.specification.vendor" value="Oracle Corporation"/>
    <property name="java.home" value="/usr/lib/jvm/java-1.8-openjdk/jre"/>
    <property name="java.security.krb5.conf" value="/workdir/hadoop-ozone/integration-test/target/test-classes/krb5.conf"/>
    <property name="basedir" value="/workdir/hadoop-ozone/integration-test"/>
    <property name="file.separator" value="/"/>
    <property name="line.separator" value="&#10;"/>
    <property name="java.vm.specification.vendor" value="Oracle Corporation"/>
    <property name="java.specification.name" value="Java Platform API Specification"/>
    <property name="java.awt.graphicsenv" value="sun.awt.X11GraphicsEnvironment"/>
    <property name="surefire.real.class.path" value="/workdir/hadoop-ozone/integration-test/target/surefire/surefirebooter2697567457375435044.jar"/>
    <property name="hadoop.log.dir" value="/workdir/hadoop-ozone/integration-test/target/log"/>
    <property name="sun.boot.class.path" value="/usr/lib/jvm/java-1.8-openjdk/jre/lib/resources.jar:/usr/lib/jvm/java-1.8-openjdk/jre/lib/rt.jar:/usr/lib/jvm/java-1.8-openjdk/jre/lib/sunrsasign.jar:/usr/lib/jvm/java-1.8-openjdk/jre/lib/jsse.jar:/usr/lib/jvm/java-1.8-openjdk/jre/lib/jce.jar:/usr/lib/jvm/java-1.8-openjdk/jre/lib/charsets.jar:/usr/lib/jvm/java-1.8-openjdk/jre/lib/jfr.jar:/usr/lib/jvm/java-1.8-openjdk/jre/classes"/>
    <property name="sun.management.compiler" value="HotSpot 64-Bit Tiered Compilers"/>
    <property name="java.runtime.version" value="1.8.0_212-b04"/>
    <property name="java.net.preferIPv4Stack" value="true"/>
    <property name="user.name" value="jenkins1000"/>
    <property name="path.separator" value=":"/>
    <property name="java.security.egd" value="file:///dev/urandom"/>
    <property name="os.version" value="3.10.0-957.12.2.el7.x86_64"/>
    <property name="java.endorsed.dirs" value="/usr/lib/jvm/java-1.8-openjdk/jre/lib/endorsed"/>
    <property name="java.runtime.name" value="OpenJDK Runtime Environment"/>
    <property name="file.encoding" value="UTF-8"/>
    <property name="java.vm.name" value="OpenJDK 64-Bit Server VM"/>
    <property name="test.build.webapps" value=""/>
    <property name="localRepository" value="/home/user/.m2/repository"/>
    <property name="java.vendor.url.bug" value="https://icedtea.classpath.org/bugzilla"/>
    <property name="java.io.tmpdir" value="/tmp"/>
    <property name="require.test.libhadoop" value=""/>
    <property name="java.version" value="1.8.0_212"/>
    <property name="user.dir" value="/workdir/hadoop-ozone/integration-test"/>
    <property name="os.arch" value="amd64"/>
    <property name="java.vm.specification.name" value="Java Virtual Machine Specification"/>
    <property name="test.build.classes" value="/workdir/hadoop-ozone/integration-test/target/test-classes"/>
    <property name="java.awt.printerjob" value="sun.print.PSPrinterJob"/>
    <property name="sun.os.patch.level" value="unknown"/>
    <property name="hadoop.tmp.dir" value="/workdir/hadoop-ozone/integration-test/target/tmp"/>
    <property name="java.library.path" value="/usr/lib/jvm/java-1.8-openjdk/jre/lib/amd64/server:/usr/lib/jvm/java-1.8-openjdk/jre/lib/amd64:/usr/lib/jvm/java-1.8-openjdk/jre/../lib/amd64:/workdir/hadoop-ozone/integration-test/target/native/target/usr/local/lib:/workdir/hadoop-ozone/integration-test/../../hadoop-common-project/hadoop-common/target/native/target/usr/local/lib:/usr/java/packages/lib/amd64:/usr/lib64:/lib64:/lib:/usr/lib"/>
    <property name="java.vm.info" value="mixed mode"/>
    <property name="java.vendor" value="IcedTea"/>
    <property name="java.vm.version" value="25.212-b04"/>
    <property name="java.ext.dirs" value="/usr/lib/jvm/java-1.8-openjdk/jre/lib/ext:/usr/java/packages/lib/ext"/>
    <property name="sun.io.unicode.encoding" value="UnicodeLittle"/>
    <property name="java.class.version" value="52.0"/>
  </properties>
  <testcase name="test2DatanodesFailure" classname="org.apache.hadoop.ozone.client.rpc.TestBlockOutputStreamWithFailures" time="111.379"/>
  <testcase name="testDatanodeFailureWithPreAllocation" classname="org.apache.hadoop.ozone.client.rpc.TestBlockOutputStreamWithFailures" time="224.231"/>
  <testcase name="testDatanodeFailureWithSingleNodeRatis" classname="org.apache.hadoop.ozone.client.rpc.TestBlockOutputStreamWithFailures" time="225.348"/>
  <testcase name="testWatchForCommitWithSingleNodeRatis" classname="org.apache.hadoop.ozone.client.rpc.TestBlockOutputStreamWithFailures" time="36.48"/>
  <testcase name="testWatchForCommitDatanodeFailure" classname="org.apache.hadoop.ozone.client.rpc.TestBlockOutputStreamWithFailures" time="42.6">
    <failure message="expected:&lt;2&gt; but was:&lt;3&gt;" type="java.lang.AssertionError"><![CDATA[java.lang.AssertionError: expected:<2> but was:<3>
	at org.junit.Assert.fail(Assert.java:88)
	at org.junit.Assert.failNotEquals(Assert.java:743)
	at org.junit.Assert.assertEquals(Assert.java:118)
	at org.junit.Assert.assertEquals(Assert.java:555)
	at org.junit.Assert.assertEquals(Assert.java:542)
	at org.apache.hadoop.ozone.client.rpc.TestBlockOutputStreamWithFailures.testWatchForCommitDatanodeFailure(TestBlockOutputStreamWithFailures.java:366)
	at sun.reflect.NativeMethodAccessorImpl.invoke0(Native Method)
	at sun.reflect.NativeMethodAccessorImpl.invoke(NativeMethodAccessorImpl.java:62)
	at sun.reflect.DelegatingMethodAccessorImpl.invoke(DelegatingMethodAccessorImpl.java:43)
	at java.lang.reflect.Method.invoke(Method.java:498)
	at org.junit.runners.model.FrameworkMethod$1.runReflectiveCall(FrameworkMethod.java:47)
	at org.junit.internal.runners.model.ReflectiveCallable.run(ReflectiveCallable.java:12)
	at org.junit.runners.model.FrameworkMethod.invokeExplosively(FrameworkMethod.java:44)
	at org.junit.internal.runners.statements.InvokeMethod.evaluate(InvokeMethod.java:17)
	at org.junit.internal.runners.statements.RunBefores.evaluate(RunBefores.java:26)
	at org.junit.internal.runners.statements.RunAfters.evaluate(RunAfters.java:27)
	at org.junit.runners.ParentRunner.runLeaf(ParentRunner.java:271)
	at org.junit.runners.BlockJUnit4ClassRunner.runChild(BlockJUnit4ClassRunner.java:70)
	at org.junit.runners.BlockJUnit4ClassRunner.runChild(BlockJUnit4ClassRunner.java:50)
	at org.junit.runners.ParentRunner$3.run(ParentRunner.java:238)
	at org.junit.runners.ParentRunner$1.schedule(ParentRunner.java:63)
	at org.junit.runners.ParentRunner.runChildren(ParentRunner.java:236)
	at org.junit.runners.ParentRunner.access$000(ParentRunner.java:53)
	at org.junit.runners.ParentRunner$2.evaluate(ParentRunner.java:229)
	at org.junit.runners.ParentRunner.run(ParentRunner.java:309)
	at org.apache.maven.surefire.junit4.JUnit4Provider.execute(JUnit4Provider.java:365)
	at org.apache.maven.surefire.junit4.JUnit4Provider.executeWithRerun(JUnit4Provider.java:273)
	at org.apache.maven.surefire.junit4.JUnit4Provider.executeTestSet(JUnit4Provider.java:238)
	at org.apache.maven.surefire.junit4.JUnit4Provider.invoke(JUnit4Provider.java:159)
	at org.apache.maven.surefire.booter.ForkedBooter.invokeProviderInSameClassLoader(ForkedBooter.java:384)
	at org.apache.maven.surefire.booter.ForkedBooter.runSuitesInProcess(ForkedBooter.java:345)
	at org.apache.maven.surefire.booter.ForkedBooter.execute(ForkedBooter.java:126)
	at org.apache.maven.surefire.booter.ForkedBooter.main(ForkedBooter.java:418)
]]></failure>
    <system-out><![CDATA[2019-08-30 00:20:33,677 [main] WARN  server.ServerUtils (ServerUtils.java:getScmDbDir(155)) - ozone.scm.db.dirs is not configured. We recommend adding this setting. Falling back to ozone.metadata.dirs instead.
2019-08-30 00:20:33,703 [main] WARN  server.ServerUtils (ServerUtils.java:getScmDbDir(155)) - ozone.scm.db.dirs is not configured. We recommend adding this setting. Falling back to ozone.metadata.dirs instead.
2019-08-30 00:20:33,703 [main] WARN  server.ServerUtils (ServerUtils.java:getScmDbDir(155)) - ozone.scm.db.dirs is not configured. We recommend adding this setting. Falling back to ozone.metadata.dirs instead.
2019-08-30 00:20:33,703 [main] INFO  db.DBStoreBuilder (DBStoreBuilder.java:addTable(110)) - using custom profile for table: deletedBlocks
2019-08-30 00:20:33,704 [main] INFO  db.DBStoreBuilder (DBStoreBuilder.java:processTables(161)) - Using default column profile:DBProfile.DISK for Table:deletedBlocks
2019-08-30 00:20:33,704 [main] INFO  db.DBStoreBuilder (DBStoreBuilder.java:addTable(110)) - using custom profile for table: validCerts
2019-08-30 00:20:33,704 [main] INFO  db.DBStoreBuilder (DBStoreBuilder.java:processTables(161)) - Using default column profile:DBProfile.DISK for Table:validCerts
2019-08-30 00:20:33,704 [main] INFO  db.DBStoreBuilder (DBStoreBuilder.java:addTable(110)) - using custom profile for table: revokedCerts
2019-08-30 00:20:33,704 [main] INFO  db.DBStoreBuilder (DBStoreBuilder.java:processTables(161)) - Using default column profile:DBProfile.DISK for Table:revokedCerts
2019-08-30 00:20:33,705 [main] INFO  db.DBStoreBuilder (DBStoreBuilder.java:addTable(110)) - using custom profile for table: default
2019-08-30 00:20:33,705 [main] INFO  db.DBStoreBuilder (DBStoreBuilder.java:processTables(167)) - Using default column profile:DBProfile.DISK for Table:default
2019-08-30 00:20:33,705 [main] INFO  db.DBStoreBuilder (DBStoreBuilder.java:getDbProfile(198)) - Using default options. DBProfile.DISK
2019-08-30 00:20:33,975 [main] INFO  net.NodeSchemaLoader (NodeSchemaLoader.java:loadSchemaFromFile(125)) - Loading file from sun.misc.CompoundEnumeration@6d7ad0f5
2019-08-30 00:20:33,975 [main] INFO  net.NodeSchemaLoader (NodeSchemaLoader.java:loadSchema(171)) - Loading network topology layer schema file
2019-08-30 00:20:33,982 [main] INFO  node.SCMNodeManager (SCMNodeManager.java:<init>(121)) - Entering startup safe mode.
2019-08-30 00:20:33,983 [main] INFO  algorithms.ContainerPlacementPolicyFactory (ContainerPlacementPolicyFactory.java:getPolicy(55)) - Create container placement policy of type org.apache.hadoop.hdds.scm.container.placement.algorithms.SCMContainerPlacementRandom
2019-08-30 00:20:33,983 [main] WARN  server.ServerUtils (ServerUtils.java:getScmDbDir(155)) - ozone.scm.db.dirs is not configured. We recommend adding this setting. Falling back to ozone.metadata.dirs instead.
2019-08-30 00:20:34,073 [main] INFO  pipeline.SCMPipelineManager (SCMPipelineManager.java:initializePipelineState(126)) - No pipeline exists in current db
2019-08-30 00:20:34,074 [main] WARN  server.ServerUtils (ServerUtils.java:getScmDbDir(155)) - ozone.scm.db.dirs is not configured. We recommend adding this setting. Falling back to ozone.metadata.dirs instead.
2019-08-30 00:20:34,153 [main] WARN  events.EventQueue (EventQueue.java:fireEvent(175)) - No event handler registered for event TypedEvent{payloadType=SafeModeStatus, name='SafeModeStatus'}
2019-08-30 00:20:34,154 [main] INFO  ipc.CallQueueManager (CallQueueManager.java:<init>(84)) - Using callQueue: class java.util.concurrent.LinkedBlockingQueue, queueCapacity: 2000, scheduler: class org.apache.hadoop.ipc.DefaultRpcScheduler, ipcBackoff: false.
2019-08-30 00:20:34,155 [Socket Reader #1 for port 39268] INFO  ipc.Server (Server.java:run(1074)) - Starting Socket Reader #1 for port 39268
2019-08-30 00:20:34,157 [main] INFO  ipc.CallQueueManager (CallQueueManager.java:<init>(84)) - Using callQueue: class java.util.concurrent.LinkedBlockingQueue, queueCapacity: 2000, scheduler: class org.apache.hadoop.ipc.DefaultRpcScheduler, ipcBackoff: false.
2019-08-30 00:20:34,158 [Socket Reader #1 for port 44528] INFO  ipc.Server (Server.java:run(1074)) - Starting Socket Reader #1 for port 44528
2019-08-30 00:20:34,160 [main] INFO  ipc.CallQueueManager (CallQueueManager.java:<init>(84)) - Using callQueue: class java.util.concurrent.LinkedBlockingQueue, queueCapacity: 2000, scheduler: class org.apache.hadoop.ipc.DefaultRpcScheduler, ipcBackoff: false.
2019-08-30 00:20:34,161 [Socket Reader #1 for port 42501] INFO  ipc.Server (Server.java:run(1074)) - Starting Socket Reader #1 for port 42501
2019-08-30 00:20:34,165 [main] INFO  hdfs.DFSUtil (DFSUtil.java:httpServerTemplateForNNAndJN(1641)) - Starting Web-server for scm at: http://0.0.0.0:0
2019-08-30 00:20:34,167 [main] INFO  server.AuthenticationFilter (AuthenticationFilter.java:constructSecretProvider(240)) - Unable to initialize FileSignerSecretProvider, falling back to use random secrets.
2019-08-30 00:20:34,167 [main] WARN  http.HttpRequestLog (HttpRequestLog.java:getRequestLog(97)) - Jetty request log can only be enabled using Log4j
2019-08-30 00:20:34,170 [main] INFO  http.HttpServer2 (HttpServer2.java:addGlobalFilter(975)) - Added global filter 'safety' (class=org.apache.hadoop.http.HttpServer2$QuotingInputFilter)
2019-08-30 00:20:34,170 [main] INFO  http.HttpServer2 (HttpServer2.java:addFilter(948)) - Added filter static_user_filter (class=org.apache.hadoop.http.lib.StaticUserWebFilter$StaticUserFilter) to context scm
2019-08-30 00:20:34,171 [main] INFO  http.HttpServer2 (HttpServer2.java:addFilter(958)) - Added filter static_user_filter (class=org.apache.hadoop.http.lib.StaticUserWebFilter$StaticUserFilter) to context logs
2019-08-30 00:20:34,171 [main] INFO  http.HttpServer2 (HttpServer2.java:addFilter(958)) - Added filter static_user_filter (class=org.apache.hadoop.http.lib.StaticUserWebFilter$StaticUserFilter) to context static
2019-08-30 00:20:34,173 [main] INFO  server.StorageContainerManager (StorageContainerManager.java:start(759)) - StorageContainerLocationProtocol RPC server is listening at /0.0.0.0:42501
2019-08-30 00:20:34,176 [main] WARN  impl.MetricsConfig (MetricsConfig.java:loadFirst(134)) - Cannot locate configuration: tried hadoop-metrics2-storagecontainermanager.properties,hadoop-metrics2.properties
2019-08-30 00:20:34,177 [main] INFO  impl.MetricsSystemImpl (MetricsSystemImpl.java:startTimer(374)) - Scheduled Metric snapshot period at 10 second(s).
2019-08-30 00:20:34,177 [main] INFO  impl.MetricsSystemImpl (MetricsSystemImpl.java:start(191)) - StorageContainerManager metrics system started
2019-08-30 00:20:34,248 [main] INFO  server.SCMClientProtocolServer (SCMClientProtocolServer.java:start(151)) - RPC server for Client  is listening at /0.0.0.0:42501
2019-08-30 00:20:34,248 [IPC Server Responder] INFO  ipc.Server (Server.java:run(1314)) - IPC Server Responder: starting
2019-08-30 00:20:34,248 [IPC Server listener on 42501] INFO  ipc.Server (Server.java:run(1153)) - IPC Server listener on 42501: starting
2019-08-30 00:20:34,252 [main] INFO  server.StorageContainerManager (StorageContainerManager.java:start(769)) - ScmBlockLocationProtocol RPC server is listening at /127.0.0.1:44528
2019-08-30 00:20:34,252 [main] INFO  server.SCMBlockProtocolServer (SCMBlockProtocolServer.java:start(141)) - RPC server for Block Protocol is listening at /127.0.0.1:44528
2019-08-30 00:20:34,252 [IPC Server listener on 44528] INFO  ipc.Server (Server.java:run(1153)) - IPC Server listener on 44528: starting
2019-08-30 00:20:34,252 [IPC Server Responder] INFO  ipc.Server (Server.java:run(1314)) - IPC Server Responder: starting
2019-08-30 00:20:34,255 [main] INFO  server.StorageContainerManager (StorageContainerManager.java:start(773)) - ScmDatanodeProtocl RPC server is listening at /0.0.0.0:39268
2019-08-30 00:20:34,255 [main] INFO  server.SCMDatanodeProtocolServer (SCMDatanodeProtocolServer.java:start(191)) - RPC server for DataNodes is listening at /0.0.0.0:39268
2019-08-30 00:20:34,256 [IPC Server Responder] INFO  ipc.Server (Server.java:run(1314)) - IPC Server Responder: starting
2019-08-30 00:20:34,256 [IPC Server listener on 39268] INFO  ipc.Server (Server.java:run(1153)) - IPC Server listener on 39268: starting
2019-08-30 00:20:34,259 [main] INFO  http.HttpServer2 (HttpServer2.java:bindListener(1191)) - Jetty bound to port 35127
2019-08-30 00:20:34,259 [main] INFO  server.Server (Server.java:doStart(351)) - jetty-9.3.24.v20180605, build timestamp: 2018-06-05T17:11:56Z, git hash: 84205aa28f11a4f31f2a3b86d1bba2cc8ab69827
2019-08-30 00:20:34,261 [main] INFO  handler.ContextHandler (ContextHandler.java:doStart(781)) - Started o.e.j.s.ServletContextHandler@6d294ddc{/logs,file:///workdir/hadoop-ozone/integration-test/target/log,AVAILABLE}
2019-08-30 00:20:34,262 [main] INFO  handler.ContextHandler (ContextHandler.java:doStart(781)) - Started o.e.j.s.ServletContextHandler@50bc3219{/static,file:///workdir/hadoop-ozone/integration-test/target/test-classes/webapps/static,AVAILABLE}
2019-08-30 00:20:34,266 [main] INFO  handler.ContextHandler (ContextHandler.java:doStart(781)) - Started o.e.j.w.WebAppContext@6c835217{/,file:///workdir/hadoop-ozone/integration-test/target/test-classes/webapps/scm/,AVAILABLE}{/scm}
2019-08-30 00:20:34,266 [main] INFO  server.AbstractConnector (AbstractConnector.java:doStart(278)) - Started ServerConnector@4584304{HTTP/1.1,[http/1.1]}{0.0.0.0:35127}
2019-08-30 00:20:34,267 [main] INFO  server.Server (Server.java:doStart(419)) - Started @598660ms
2019-08-30 00:20:34,268 [main] INFO  server.BaseHttpServer (BaseHttpServer.java:updateConnectorAddress(226)) - HTTP server of SCM is listening at http://0.0.0.0:35127
2019-08-30 00:20:34,268 [main] WARN  server.ServerUtils (ServerUtils.java:getDBPath(232)) - ozone.om.db.dirs is not configured. We recommend adding this setting. Falling back to ozone.metadata.dirs instead.
2019-08-30 00:20:34,268 [org.apache.hadoop.util.JvmPauseMonitor$Monitor@6f50d55c] INFO  util.JvmPauseMonitor (JvmPauseMonitor.java:run(188)) - Starting JVM pause monitor
2019-08-30 00:20:34,293 [main] WARN  server.ServerUtils (ServerUtils.java:getDBPath(232)) - ozone.om.db.dirs is not configured. We recommend adding this setting. Falling back to ozone.metadata.dirs instead.
2019-08-30 00:20:34,293 [main] WARN  server.ServerUtils (ServerUtils.java:getDBPath(232)) - ozone.om.db.dirs is not configured. We recommend adding this setting. Falling back to ozone.metadata.dirs instead.
2019-08-30 00:20:34,293 [main] INFO  om.OzoneManager (OzoneManager.java:setOMNodeDetails(645)) - OM Service ID is not set. Setting it to the default ID: omServiceIdDefault
2019-08-30 00:20:34,294 [main] INFO  om.OzoneManager (OzoneManager.java:setOMNodeDetails(651)) - OM Node ID is not set. Setting it to the OmStorage's OmID: bc33046b-ffec-4fc1-8982-c3336d26338e
2019-08-30 00:20:34,294 [main] INFO  om.OzoneManager (OzoneManager.java:loadOMHAConfigs(602)) - Found matching OM address with OMServiceId: null, OMNodeId: null, RPC Address: localhost:0 and Ratis port: 9872
2019-08-30 00:20:34,298 | INFO  | SCMAudit | user=jenkins1000 | ip=127.0.0.1 | op=GET_SCM_INFO null | ret=SUCCESS |  
2019-08-30 00:20:34,300 [main] WARN  server.ServerUtils (ServerUtils.java:getDBPath(232)) - ozone.om.db.dirs is not configured. We recommend adding this setting. Falling back to ozone.metadata.dirs instead.
2019-08-30 00:20:34,301 [main] INFO  db.DBStoreBuilder (DBStoreBuilder.java:addTable(110)) - using custom profile for table: userTable
2019-08-30 00:20:34,301 [main] INFO  db.DBStoreBuilder (DBStoreBuilder.java:processTables(161)) - Using default column profile:DBProfile.DISK for Table:userTable
2019-08-30 00:20:34,301 [main] INFO  db.DBStoreBuilder (DBStoreBuilder.java:addTable(110)) - using custom profile for table: volumeTable
2019-08-30 00:20:34,301 [main] INFO  db.DBStoreBuilder (DBStoreBuilder.java:processTables(161)) - Using default column profile:DBProfile.DISK for Table:volumeTable
2019-08-30 00:20:34,302 [main] INFO  db.DBStoreBuilder (DBStoreBuilder.java:addTable(110)) - using custom profile for table: bucketTable
2019-08-30 00:20:34,302 [main] INFO  db.DBStoreBuilder (DBStoreBuilder.java:processTables(161)) - Using default column profile:DBProfile.DISK for Table:bucketTable
2019-08-30 00:20:34,302 [main] INFO  db.DBStoreBuilder (DBStoreBuilder.java:addTable(110)) - using custom profile for table: keyTable
2019-08-30 00:20:34,302 [main] INFO  db.DBStoreBuilder (DBStoreBuilder.java:processTables(161)) - Using default column profile:DBProfile.DISK for Table:keyTable
2019-08-30 00:20:34,302 [main] INFO  db.DBStoreBuilder (DBStoreBuilder.java:addTable(110)) - using custom profile for table: deletedTable
2019-08-30 00:20:34,303 [main] INFO  db.DBStoreBuilder (DBStoreBuilder.java:processTables(161)) - Using default column profile:DBProfile.DISK for Table:deletedTable
2019-08-30 00:20:34,303 [main] INFO  db.DBStoreBuilder (DBStoreBuilder.java:addTable(110)) - using custom profile for table: openKeyTable
2019-08-30 00:20:34,303 [main] INFO  db.DBStoreBuilder (DBStoreBuilder.java:processTables(161)) - Using default column profile:DBProfile.DISK for Table:openKeyTable
2019-08-30 00:20:34,303 [main] INFO  db.DBStoreBuilder (DBStoreBuilder.java:addTable(110)) - using custom profile for table: s3Table
2019-08-30 00:20:34,303 [main] INFO  db.DBStoreBuilder (DBStoreBuilder.java:processTables(161)) - Using default column profile:DBProfile.DISK for Table:s3Table
2019-08-30 00:20:34,303 [main] INFO  db.DBStoreBuilder (DBStoreBuilder.java:addTable(110)) - using custom profile for table: multipartInfoTable
2019-08-30 00:20:34,304 [main] INFO  db.DBStoreBuilder (DBStoreBuilder.java:processTables(161)) - Using default column profile:DBProfile.DISK for Table:multipartInfoTable
2019-08-30 00:20:34,304 [main] INFO  db.DBStoreBuilder (DBStoreBuilder.java:addTable(110)) - using custom profile for table: dTokenTable
2019-08-30 00:20:34,304 [main] INFO  db.DBStoreBuilder (DBStoreBuilder.java:processTables(161)) - Using default column profile:DBProfile.DISK for Table:dTokenTable
2019-08-30 00:20:34,304 [main] INFO  db.DBStoreBuilder (DBStoreBuilder.java:addTable(110)) - using custom profile for table: s3SecretTable
2019-08-30 00:20:34,304 [main] INFO  db.DBStoreBuilder (DBStoreBuilder.java:processTables(161)) - Using default column profile:DBProfile.DISK for Table:s3SecretTable
2019-08-30 00:20:34,305 [main] INFO  db.DBStoreBuilder (DBStoreBuilder.java:addTable(110)) - using custom profile for table: prefixTable
2019-08-30 00:20:34,305 [main] INFO  db.DBStoreBuilder (DBStoreBuilder.java:processTables(161)) - Using default column profile:DBProfile.DISK for Table:prefixTable
2019-08-30 00:20:34,305 [main] INFO  db.DBStoreBuilder (DBStoreBuilder.java:addTable(110)) - using custom profile for table: default
2019-08-30 00:20:34,305 [main] INFO  db.DBStoreBuilder (DBStoreBuilder.java:processTables(167)) - Using default column profile:DBProfile.DISK for Table:default
2019-08-30 00:20:34,305 [main] INFO  db.DBStoreBuilder (DBStoreBuilder.java:getDbProfile(198)) - Using default options. DBProfile.DISK
2019-08-30 00:20:35,030 [main] INFO  ipc.CallQueueManager (CallQueueManager.java:<init>(84)) - Using callQueue: class java.util.concurrent.LinkedBlockingQueue, queueCapacity: 2000, scheduler: class org.apache.hadoop.ipc.DefaultRpcScheduler, ipcBackoff: false.
2019-08-30 00:20:35,031 [Socket Reader #1 for port 34191] INFO  ipc.Server (Server.java:run(1074)) - Starting Socket Reader #1 for port 34191
2019-08-30 00:20:35,055 [main] INFO  om.OzoneManager (OzoneManager.java:start(1256)) - OzoneManager RPC server is listening at localhost/127.0.0.1:34191
2019-08-30 00:20:35,055 [main] INFO  impl.MetricsSystemImpl (MetricsSystemImpl.java:init(158)) - OzoneManager metrics system started (again)
2019-08-30 00:20:35,056 [IPC Server listener on 34191] INFO  ipc.Server (Server.java:run(1153)) - IPC Server listener on 34191: starting
2019-08-30 00:20:35,056 [IPC Server Responder] INFO  ipc.Server (Server.java:run(1314)) - IPC Server Responder: starting
2019-08-30 00:20:35,062 [main] INFO  hdfs.DFSUtil (DFSUtil.java:httpServerTemplateForNNAndJN(1641)) - Starting Web-server for ozoneManager at: http://0.0.0.0:0
2019-08-30 00:20:35,064 [main] INFO  server.AuthenticationFilter (AuthenticationFilter.java:constructSecretProvider(240)) - Unable to initialize FileSignerSecretProvider, falling back to use random secrets.
2019-08-30 00:20:35,064 [main] WARN  http.HttpRequestLog (HttpRequestLog.java:getRequestLog(97)) - Jetty request log can only be enabled using Log4j
2019-08-30 00:20:35,066 [main] INFO  http.HttpServer2 (HttpServer2.java:addGlobalFilter(975)) - Added global filter 'safety' (class=org.apache.hadoop.http.HttpServer2$QuotingInputFilter)
2019-08-30 00:20:35,067 [main] INFO  http.HttpServer2 (HttpServer2.java:addFilter(948)) - Added filter static_user_filter (class=org.apache.hadoop.http.lib.StaticUserWebFilter$StaticUserFilter) to context ozoneManager
2019-08-30 00:20:35,067 [main] INFO  http.HttpServer2 (HttpServer2.java:addFilter(958)) - Added filter static_user_filter (class=org.apache.hadoop.http.lib.StaticUserWebFilter$StaticUserFilter) to context static
2019-08-30 00:20:35,067 [main] INFO  http.HttpServer2 (HttpServer2.java:addFilter(958)) - Added filter static_user_filter (class=org.apache.hadoop.http.lib.StaticUserWebFilter$StaticUserFilter) to context logs
2019-08-30 00:20:35,068 [main] INFO  http.HttpServer2 (HttpServer2.java:bindListener(1191)) - Jetty bound to port 38266
2019-08-30 00:20:35,068 [main] INFO  server.Server (Server.java:doStart(351)) - jetty-9.3.24.v20180605, build timestamp: 2018-06-05T17:11:56Z, git hash: 84205aa28f11a4f31f2a3b86d1bba2cc8ab69827
2019-08-30 00:20:35,070 [main] INFO  handler.ContextHandler (ContextHandler.java:doStart(781)) - Started o.e.j.s.ServletContextHandler@2726a511{/logs,file:///workdir/hadoop-ozone/integration-test/target/log,AVAILABLE}
2019-08-30 00:20:35,071 [main] INFO  handler.ContextHandler (ContextHandler.java:doStart(781)) - Started o.e.j.s.ServletContextHandler@686cf8ad{/static,file:///workdir/hadoop-ozone/integration-test/target/test-classes/webapps/static,AVAILABLE}
2019-08-30 00:20:35,076 [main] INFO  handler.ContextHandler (ContextHandler.java:doStart(781)) - Started o.e.j.w.WebAppContext@756808cc{/,file:///workdir/hadoop-ozone/integration-test/target/test-classes/webapps/ozoneManager/,AVAILABLE}{/ozoneManager}
2019-08-30 00:20:35,076 [main] INFO  server.AbstractConnector (AbstractConnector.java:doStart(278)) - Started ServerConnector@52f8a6f4{HTTP/1.1,[http/1.1]}{0.0.0.0:38266}
2019-08-30 00:20:35,077 [main] INFO  server.Server (Server.java:doStart(419)) - Started @599471ms
2019-08-30 00:20:35,078 [main] INFO  server.BaseHttpServer (BaseHttpServer.java:updateConnectorAddress(226)) - HTTP server of OZONEMANAGER is listening at http://0.0.0.0:38266
2019-08-30 00:20:35,096 [main] INFO  impl.MetricsSystemImpl (MetricsSystemImpl.java:init(158)) - HddsDatanode metrics system started (again)
2019-08-30 00:20:35,098 [main] INFO  ozone.HddsDatanodeService (HddsDatanodeService.java:start(190)) - HddsDatanodeService host:pr-hdds-2050-pz9tn-2767506387 ip:192.168.69.124
2019-08-30 00:20:35,105 [main] INFO  volume.HddsVolume (HddsVolume.java:<init>(176)) - Creating Volume: /workdir/hadoop-ozone/integration-test/target/test-dir/MiniOzoneClusterImpl-843f3514-af11-4b58-9f84-2dae9c3286a9/datanode-0/data/containers/hdds of  storage type : DISK and capacity : 1482555576320
2019-08-30 00:20:35,105 [main] INFO  volume.VolumeSet (VolumeSet.java:initializeVolumeSet(170)) - Added Volume : /workdir/hadoop-ozone/integration-test/target/test-dir/MiniOzoneClusterImpl-843f3514-af11-4b58-9f84-2dae9c3286a9/datanode-0/data/containers/hdds to VolumeSet
2019-08-30 00:20:35,105 [main] INFO  volume.ThrottledAsyncChecker (ThrottledAsyncChecker.java:schedule(140)) - Scheduling a check for org.apache.hadoop.ozone.container.common.volume.HddsVolume@785ed99c
2019-08-30 00:20:35,106 [main] INFO  volume.HddsVolumeChecker (HddsVolumeChecker.java:checkAllVolumes(203)) - Scheduled health check for volume org.apache.hadoop.ozone.container.common.volume.HddsVolume@785ed99c
2019-08-30 00:20:35,121 [main] INFO  impl.RaftServerProxy (ConfUtils.java:logGet(43)) - raft.rpc.type = GRPC (default)
2019-08-30 00:20:35,121 [main] INFO  grpc.GrpcFactory (GrpcFactory.java:checkPooledByteBufAllocatorUseCacheForAllThreads(45)) - PERFORMANCE WARNING: useCacheForAllThreads is true that may cause Netty to create a lot garbage objects and, as a result, trigger GC.
	It is recommended to disable useCacheForAllThreads by setting -Dorg.apache.ratis.thirdparty.io.netty.allocator.useCacheForAllThreads=false in command line.
2019-08-30 00:20:35,122 [main] INFO  grpc.GrpcConfigKeys$Server (ConfUtils.java:logGet(43)) - raft.grpc.server.port = 0 (default)
2019-08-30 00:20:35,122 [main] INFO  server.GrpcService (ConfUtils.java:logGet(43)) - raft.grpc.message.size.max = 33570816 (custom)
2019-08-30 00:20:35,122 [main] INFO  server.RaftServerConfigKeys (ConfUtils.java:logGet(43)) - raft.server.log.appender.buffer.byte-limit = 33554432 (custom)
2019-08-30 00:20:35,122 [main] INFO  server.GrpcService (ConfUtils.java:logGet(43)) - raft.grpc.flow.control.window = 1MB (=1048576) (default)
2019-08-30 00:20:35,123 [main] INFO  server.RaftServerConfigKeys (ConfUtils.java:logGet(43)) - raft.server.rpc.request.timeout = 3000ms (default)
2019-08-30 00:20:35,123 [main] INFO  server.RaftServerConfigKeys (ConfUtils.java:logGet(43)) - raft.server.storage.dir = [/workdir/hadoop-ozone/integration-test/target/test-dir/MiniOzoneClusterImpl-843f3514-af11-4b58-9f84-2dae9c3286a9/datanode-0/data/ratis] (custom)
2019-08-30 00:20:35,124 [main] INFO  replication.SimpleContainerDownloader (SimpleContainerDownloader.java:<init>(72)) - Starting container downloader service to copy containers to replicate.
2019-08-30 00:20:35,125 [main] INFO  hdfs.DFSUtil (DFSUtil.java:httpServerTemplateForNNAndJN(1641)) - Starting Web-server for hddsDatanode at: http://0.0.0.0:0
2019-08-30 00:20:35,126 [main] INFO  server.AuthenticationFilter (AuthenticationFilter.java:constructSecretProvider(240)) - Unable to initialize FileSignerSecretProvider, falling back to use random secrets.
2019-08-30 00:20:35,127 [main] WARN  http.HttpRequestLog (HttpRequestLog.java:getRequestLog(97)) - Jetty request log can only be enabled using Log4j
2019-08-30 00:20:35,128 [main] INFO  http.HttpServer2 (HttpServer2.java:addGlobalFilter(975)) - Added global filter 'safety' (class=org.apache.hadoop.http.HttpServer2$QuotingInputFilter)
2019-08-30 00:20:35,129 [main] INFO  http.HttpServer2 (HttpServer2.java:addFilter(948)) - Added filter static_user_filter (class=org.apache.hadoop.http.lib.StaticUserWebFilter$StaticUserFilter) to context hddsDatanode
2019-08-30 00:20:35,129 [main] INFO  http.HttpServer2 (HttpServer2.java:addFilter(958)) - Added filter static_user_filter (class=org.apache.hadoop.http.lib.StaticUserWebFilter$StaticUserFilter) to context logs
2019-08-30 00:20:35,129 [main] INFO  http.HttpServer2 (HttpServer2.java:addFilter(958)) - Added filter static_user_filter (class=org.apache.hadoop.http.lib.StaticUserWebFilter$StaticUserFilter) to context static
2019-08-30 00:20:35,130 [main] INFO  http.HttpServer2 (HttpServer2.java:bindListener(1191)) - Jetty bound to port 33632
2019-08-30 00:20:35,130 [main] INFO  server.Server (Server.java:doStart(351)) - jetty-9.3.24.v20180605, build timestamp: 2018-06-05T17:11:56Z, git hash: 84205aa28f11a4f31f2a3b86d1bba2cc8ab69827
2019-08-30 00:20:35,131 [main] INFO  handler.ContextHandler (ContextHandler.java:doStart(781)) - Started o.e.j.s.ServletContextHandler@571a663c{/logs,file:///workdir/hadoop-ozone/integration-test/target/log,AVAILABLE}
2019-08-30 00:20:35,132 [main] INFO  handler.ContextHandler (ContextHandler.java:doStart(781)) - Started o.e.j.s.ServletContextHandler@430df350{/static,jar:file:/home/user/.m2/repository/org/apache/hadoop/hadoop-hdds-container-service/0.5.0-SNAPSHOT/hadoop-hdds-container-service-0.5.0-SNAPSHOT.jar!/webapps/static,AVAILABLE}
2019-08-30 00:20:35,161 [main] INFO  handler.ContextHandler (ContextHandler.java:doStart(781)) - Started o.e.j.w.WebAppContext@2484dbb7{/,file:///tmp/jetty-0.0.0.0-33632-hddsDatanode-_-any-5252438403129740472.dir/webapp/,AVAILABLE}{/hddsDatanode}
2019-08-30 00:20:35,162 [main] INFO  server.AbstractConnector (AbstractConnector.java:doStart(278)) - Started ServerConnector@111cba40{HTTP/1.1,[http/1.1]}{0.0.0.0:33632}
2019-08-30 00:20:35,163 [main] INFO  server.Server (Server.java:doStart(419)) - Started @599556ms
2019-08-30 00:20:35,164 [main] INFO  server.BaseHttpServer (BaseHttpServer.java:updateConnectorAddress(226)) - HTTP server of HDDSDATANODE is listening at http://0.0.0.0:33632
2019-08-30 00:20:35,164 [main] INFO  impl.MetricsSystemImpl (MetricsSystemImpl.java:init(158)) - HddsDatanode metrics system started (again)
2019-08-30 00:20:35,166 [org.apache.hadoop.util.JvmPauseMonitor$Monitor@6fc9737] INFO  util.JvmPauseMonitor (JvmPauseMonitor.java:run(188)) - Starting JVM pause monitor
2019-08-30 00:20:35,166 [main] INFO  ozone.HddsDatanodeService (HddsDatanodeService.java:start(190)) - HddsDatanodeService host:pr-hdds-2050-pz9tn-2767506387 ip:192.168.69.124
2019-08-30 00:20:35,167 [Datanode State Machine Thread - 0] INFO  datanode.InitDatanodeState (InitDatanodeState.java:persistContainerDatanodeDetails(140)) - DatanodeDetails is persisted to /workdir/hadoop-ozone/integration-test/target/test-dir/MiniOzoneClusterImpl-843f3514-af11-4b58-9f84-2dae9c3286a9/datanode-0/meta/datanode.id
2019-08-30 00:20:35,173 [main] INFO  volume.HddsVolume (HddsVolume.java:<init>(176)) - Creating Volume: /workdir/hadoop-ozone/integration-test/target/test-dir/MiniOzoneClusterImpl-843f3514-af11-4b58-9f84-2dae9c3286a9/datanode-1/data/containers/hdds of  storage type : DISK and capacity : 1482555576320
2019-08-30 00:20:35,173 [main] INFO  volume.VolumeSet (VolumeSet.java:initializeVolumeSet(170)) - Added Volume : /workdir/hadoop-ozone/integration-test/target/test-dir/MiniOzoneClusterImpl-843f3514-af11-4b58-9f84-2dae9c3286a9/datanode-1/data/containers/hdds to VolumeSet
2019-08-30 00:20:35,173 [main] INFO  volume.ThrottledAsyncChecker (ThrottledAsyncChecker.java:schedule(140)) - Scheduling a check for org.apache.hadoop.ozone.container.common.volume.HddsVolume@2e952845
2019-08-30 00:20:35,174 [main] INFO  volume.HddsVolumeChecker (HddsVolumeChecker.java:checkAllVolumes(203)) - Scheduled health check for volume org.apache.hadoop.ozone.container.common.volume.HddsVolume@2e952845
2019-08-30 00:20:35,188 [main] INFO  impl.RaftServerProxy (ConfUtils.java:logGet(43)) - raft.rpc.type = GRPC (default)
2019-08-30 00:20:35,188 [main] INFO  grpc.GrpcFactory (GrpcFactory.java:checkPooledByteBufAllocatorUseCacheForAllThreads(45)) - PERFORMANCE WARNING: useCacheForAllThreads is true that may cause Netty to create a lot garbage objects and, as a result, trigger GC.
	It is recommended to disable useCacheForAllThreads by setting -Dorg.apache.ratis.thirdparty.io.netty.allocator.useCacheForAllThreads=false in command line.
2019-08-30 00:20:35,188 [main] INFO  grpc.GrpcConfigKeys$Server (ConfUtils.java:logGet(43)) - raft.grpc.server.port = 0 (default)
2019-08-30 00:20:35,188 [main] INFO  server.GrpcService (ConfUtils.java:logGet(43)) - raft.grpc.message.size.max = 33570816 (custom)
2019-08-30 00:20:35,189 [main] INFO  server.RaftServerConfigKeys (ConfUtils.java:logGet(43)) - raft.server.log.appender.buffer.byte-limit = 33554432 (custom)
2019-08-30 00:20:35,189 [main] INFO  server.GrpcService (ConfUtils.java:logGet(43)) - raft.grpc.flow.control.window = 1MB (=1048576) (default)
2019-08-30 00:20:35,189 [main] INFO  server.RaftServerConfigKeys (ConfUtils.java:logGet(43)) - raft.server.rpc.request.timeout = 3000ms (default)
2019-08-30 00:20:35,189 [main] INFO  server.RaftServerConfigKeys (ConfUtils.java:logGet(43)) - raft.server.storage.dir = [/workdir/hadoop-ozone/integration-test/target/test-dir/MiniOzoneClusterImpl-843f3514-af11-4b58-9f84-2dae9c3286a9/datanode-1/data/ratis] (custom)
2019-08-30 00:20:35,190 [main] INFO  replication.SimpleContainerDownloader (SimpleContainerDownloader.java:<init>(72)) - Starting container downloader service to copy containers to replicate.
2019-08-30 00:20:35,191 [main] INFO  hdfs.DFSUtil (DFSUtil.java:httpServerTemplateForNNAndJN(1641)) - Starting Web-server for hddsDatanode at: http://0.0.0.0:0
2019-08-30 00:20:35,192 [main] INFO  server.AuthenticationFilter (AuthenticationFilter.java:constructSecretProvider(240)) - Unable to initialize FileSignerSecretProvider, falling back to use random secrets.
2019-08-30 00:20:35,192 [main] WARN  http.HttpRequestLog (HttpRequestLog.java:getRequestLog(97)) - Jetty request log can only be enabled using Log4j
2019-08-30 00:20:35,193 [main] INFO  http.HttpServer2 (HttpServer2.java:addGlobalFilter(975)) - Added global filter 'safety' (class=org.apache.hadoop.http.HttpServer2$QuotingInputFilter)
2019-08-30 00:20:35,194 [main] INFO  http.HttpServer2 (HttpServer2.java:addFilter(948)) - Added filter static_user_filter (class=org.apache.hadoop.http.lib.StaticUserWebFilter$StaticUserFilter) to context hddsDatanode
2019-08-30 00:20:35,194 [main] INFO  http.HttpServer2 (HttpServer2.java:addFilter(958)) - Added filter static_user_filter (class=org.apache.hadoop.http.lib.StaticUserWebFilter$StaticUserFilter) to context static
2019-08-30 00:20:35,194 [main] INFO  http.HttpServer2 (HttpServer2.java:addFilter(958)) - Added filter static_user_filter (class=org.apache.hadoop.http.lib.StaticUserWebFilter$StaticUserFilter) to context logs
2019-08-30 00:20:35,195 [main] INFO  http.HttpServer2 (HttpServer2.java:bindListener(1191)) - Jetty bound to port 44165
2019-08-30 00:20:35,195 [main] INFO  server.Server (Server.java:doStart(351)) - jetty-9.3.24.v20180605, build timestamp: 2018-06-05T17:11:56Z, git hash: 84205aa28f11a4f31f2a3b86d1bba2cc8ab69827
2019-08-30 00:20:35,196 [main] INFO  handler.ContextHandler (ContextHandler.java:doStart(781)) - Started o.e.j.s.ServletContextHandler@15d236fd{/logs,file:///workdir/hadoop-ozone/integration-test/target/log,AVAILABLE}
2019-08-30 00:20:35,197 [main] INFO  handler.ContextHandler (ContextHandler.java:doStart(781)) - Started o.e.j.s.ServletContextHandler@584ca390{/static,jar:file:/home/user/.m2/repository/org/apache/hadoop/hadoop-hdds-container-service/0.5.0-SNAPSHOT/hadoop-hdds-container-service-0.5.0-SNAPSHOT.jar!/webapps/static,AVAILABLE}
2019-08-30 00:20:35,224 [main] INFO  handler.ContextHandler (ContextHandler.java:doStart(781)) - Started o.e.j.w.WebAppContext@4a22e4d7{/,file:///tmp/jetty-0.0.0.0-44165-hddsDatanode-_-any-1025191517965807064.dir/webapp/,AVAILABLE}{/hddsDatanode}
2019-08-30 00:20:35,225 [main] INFO  server.AbstractConnector (AbstractConnector.java:doStart(278)) - Started ServerConnector@d8835af{HTTP/1.1,[http/1.1]}{0.0.0.0:44165}
2019-08-30 00:20:35,225 [main] INFO  server.Server (Server.java:doStart(419)) - Started @599618ms
2019-08-30 00:20:35,226 [main] INFO  server.BaseHttpServer (BaseHttpServer.java:updateConnectorAddress(226)) - HTTP server of HDDSDATANODE is listening at http://0.0.0.0:44165
2019-08-30 00:20:35,227 [main] INFO  impl.MetricsSystemImpl (MetricsSystemImpl.java:init(158)) - HddsDatanode metrics system started (again)
2019-08-30 00:20:35,229 [main] INFO  ozone.HddsDatanodeService (HddsDatanodeService.java:start(190)) - HddsDatanodeService host:pr-hdds-2050-pz9tn-2767506387 ip:192.168.69.124
2019-08-30 00:20:35,229 [org.apache.hadoop.util.JvmPauseMonitor$Monitor@541b643c] INFO  util.JvmPauseMonitor (JvmPauseMonitor.java:run(188)) - Starting JVM pause monitor
2019-08-30 00:20:35,230 [Datanode State Machine Thread - 0] INFO  datanode.InitDatanodeState (InitDatanodeState.java:persistContainerDatanodeDetails(140)) - DatanodeDetails is persisted to /workdir/hadoop-ozone/integration-test/target/test-dir/MiniOzoneClusterImpl-843f3514-af11-4b58-9f84-2dae9c3286a9/datanode-1/meta/datanode.id
2019-08-30 00:20:35,235 [main] INFO  volume.HddsVolume (HddsVolume.java:<init>(176)) - Creating Volume: /workdir/hadoop-ozone/integration-test/target/test-dir/MiniOzoneClusterImpl-843f3514-af11-4b58-9f84-2dae9c3286a9/datanode-2/data/containers/hdds of  storage type : DISK and capacity : 1482555576320
2019-08-30 00:20:35,235 [main] INFO  volume.VolumeSet (VolumeSet.java:initializeVolumeSet(170)) - Added Volume : /workdir/hadoop-ozone/integration-test/target/test-dir/MiniOzoneClusterImpl-843f3514-af11-4b58-9f84-2dae9c3286a9/datanode-2/data/containers/hdds to VolumeSet
2019-08-30 00:20:35,235 [main] INFO  volume.ThrottledAsyncChecker (ThrottledAsyncChecker.java:schedule(140)) - Scheduling a check for org.apache.hadoop.ozone.container.common.volume.HddsVolume@45c80312
2019-08-30 00:20:35,236 [main] INFO  volume.HddsVolumeChecker (HddsVolumeChecker.java:checkAllVolumes(203)) - Scheduled health check for volume org.apache.hadoop.ozone.container.common.volume.HddsVolume@45c80312
2019-08-30 00:20:35,249 [main] INFO  impl.RaftServerProxy (ConfUtils.java:logGet(43)) - raft.rpc.type = GRPC (default)
2019-08-30 00:20:35,249 [main] INFO  grpc.GrpcFactory (GrpcFactory.java:checkPooledByteBufAllocatorUseCacheForAllThreads(45)) - PERFORMANCE WARNING: useCacheForAllThreads is true that may cause Netty to create a lot garbage objects and, as a result, trigger GC.
	It is recommended to disable useCacheForAllThreads by setting -Dorg.apache.ratis.thirdparty.io.netty.allocator.useCacheForAllThreads=false in command line.
2019-08-30 00:20:35,249 [main] INFO  grpc.GrpcConfigKeys$Server (ConfUtils.java:logGet(43)) - raft.grpc.server.port = 0 (default)
2019-08-30 00:20:35,249 [main] INFO  server.GrpcService (ConfUtils.java:logGet(43)) - raft.grpc.message.size.max = 33570816 (custom)
2019-08-30 00:20:35,250 [main] INFO  server.RaftServerConfigKeys (ConfUtils.java:logGet(43)) - raft.server.log.appender.buffer.byte-limit = 33554432 (custom)
2019-08-30 00:20:35,250 [main] INFO  server.GrpcService (ConfUtils.java:logGet(43)) - raft.grpc.flow.control.window = 1MB (=1048576) (default)
2019-08-30 00:20:35,250 [main] INFO  server.RaftServerConfigKeys (ConfUtils.java:logGet(43)) - raft.server.rpc.request.timeout = 3000ms (default)
2019-08-30 00:20:35,250 [main] INFO  server.RaftServerConfigKeys (ConfUtils.java:logGet(43)) - raft.server.storage.dir = [/workdir/hadoop-ozone/integration-test/target/test-dir/MiniOzoneClusterImpl-843f3514-af11-4b58-9f84-2dae9c3286a9/datanode-2/data/ratis] (custom)
2019-08-30 00:20:35,251 [main] INFO  replication.SimpleContainerDownloader (SimpleContainerDownloader.java:<init>(72)) - Starting container downloader service to copy containers to replicate.
2019-08-30 00:20:35,252 [main] INFO  hdfs.DFSUtil (DFSUtil.java:httpServerTemplateForNNAndJN(1641)) - Starting Web-server for hddsDatanode at: http://0.0.0.0:0
2019-08-30 00:20:35,253 [main] INFO  server.AuthenticationFilter (AuthenticationFilter.java:constructSecretProvider(240)) - Unable to initialize FileSignerSecretProvider, falling back to use random secrets.
2019-08-30 00:20:35,253 [main] WARN  http.HttpRequestLog (HttpRequestLog.java:getRequestLog(97)) - Jetty request log can only be enabled using Log4j
2019-08-30 00:20:35,254 [main] INFO  http.HttpServer2 (HttpServer2.java:addGlobalFilter(975)) - Added global filter 'safety' (class=org.apache.hadoop.http.HttpServer2$QuotingInputFilter)
2019-08-30 00:20:35,255 [main] INFO  http.HttpServer2 (HttpServer2.java:addFilter(948)) - Added filter static_user_filter (class=org.apache.hadoop.http.lib.StaticUserWebFilter$StaticUserFilter) to context hddsDatanode
2019-08-30 00:20:35,255 [main] INFO  http.HttpServer2 (HttpServer2.java:addFilter(958)) - Added filter static_user_filter (class=org.apache.hadoop.http.lib.StaticUserWebFilter$StaticUserFilter) to context logs
2019-08-30 00:20:35,255 [main] INFO  http.HttpServer2 (HttpServer2.java:addFilter(958)) - Added filter static_user_filter (class=org.apache.hadoop.http.lib.StaticUserWebFilter$StaticUserFilter) to context static
2019-08-30 00:20:35,256 [main] INFO  http.HttpServer2 (HttpServer2.java:bindListener(1191)) - Jetty bound to port 39700
2019-08-30 00:20:35,256 [main] INFO  server.Server (Server.java:doStart(351)) - jetty-9.3.24.v20180605, build timestamp: 2018-06-05T17:11:56Z, git hash: 84205aa28f11a4f31f2a3b86d1bba2cc8ab69827
2019-08-30 00:20:35,257 [main] INFO  handler.ContextHandler (ContextHandler.java:doStart(781)) - Started o.e.j.s.ServletContextHandler@78d92eef{/logs,file:///workdir/hadoop-ozone/integration-test/target/log,AVAILABLE}
2019-08-30 00:20:35,258 [main] INFO  handler.ContextHandler (ContextHandler.java:doStart(781)) - Started o.e.j.s.ServletContextHandler@6e95973c{/static,jar:file:/home/user/.m2/repository/org/apache/hadoop/hadoop-hdds-container-service/0.5.0-SNAPSHOT/hadoop-hdds-container-service-0.5.0-SNAPSHOT.jar!/webapps/static,AVAILABLE}
2019-08-30 00:20:35,285 [main] INFO  handler.ContextHandler (ContextHandler.java:doStart(781)) - Started o.e.j.w.WebAppContext@755a7218{/,file:///tmp/jetty-0.0.0.0-39700-hddsDatanode-_-any-9143811561762245118.dir/webapp/,AVAILABLE}{/hddsDatanode}
2019-08-30 00:20:35,285 [main] INFO  server.AbstractConnector (AbstractConnector.java:doStart(278)) - Started ServerConnector@70c29356{HTTP/1.1,[http/1.1]}{0.0.0.0:39700}
2019-08-30 00:20:35,285 [main] INFO  server.Server (Server.java:doStart(419)) - Started @599679ms
2019-08-30 00:20:35,287 [main] INFO  server.BaseHttpServer (BaseHttpServer.java:updateConnectorAddress(226)) - HTTP server of HDDSDATANODE is listening at http://0.0.0.0:39700
2019-08-30 00:20:35,287 [main] INFO  impl.MetricsSystemImpl (MetricsSystemImpl.java:init(158)) - HddsDatanode metrics system started (again)
2019-08-30 00:20:35,290 [org.apache.hadoop.util.JvmPauseMonitor$Monitor@438f6fc6] INFO  util.JvmPauseMonitor (JvmPauseMonitor.java:run(188)) - Starting JVM pause monitor
2019-08-30 00:20:35,290 [main] INFO  ozone.HddsDatanodeService (HddsDatanodeService.java:start(190)) - HddsDatanodeService host:pr-hdds-2050-pz9tn-2767506387 ip:192.168.69.124
2019-08-30 00:20:35,292 [Datanode State Machine Thread - 0] INFO  datanode.InitDatanodeState (InitDatanodeState.java:persistContainerDatanodeDetails(140)) - DatanodeDetails is persisted to /workdir/hadoop-ozone/integration-test/target/test-dir/MiniOzoneClusterImpl-843f3514-af11-4b58-9f84-2dae9c3286a9/datanode-2/meta/datanode.id
2019-08-30 00:20:35,297 [main] INFO  volume.HddsVolume (HddsVolume.java:<init>(176)) - Creating Volume: /workdir/hadoop-ozone/integration-test/target/test-dir/MiniOzoneClusterImpl-843f3514-af11-4b58-9f84-2dae9c3286a9/datanode-3/data/containers/hdds of  storage type : DISK and capacity : 1482555576320
2019-08-30 00:20:35,297 [main] INFO  volume.VolumeSet (VolumeSet.java:initializeVolumeSet(170)) - Added Volume : /workdir/hadoop-ozone/integration-test/target/test-dir/MiniOzoneClusterImpl-843f3514-af11-4b58-9f84-2dae9c3286a9/datanode-3/data/containers/hdds to VolumeSet
2019-08-30 00:20:35,297 [main] INFO  volume.ThrottledAsyncChecker (ThrottledAsyncChecker.java:schedule(140)) - Scheduling a check for org.apache.hadoop.ozone.container.common.volume.HddsVolume@24d8f87a
2019-08-30 00:20:35,298 [main] INFO  volume.HddsVolumeChecker (HddsVolumeChecker.java:checkAllVolumes(203)) - Scheduled health check for volume org.apache.hadoop.ozone.container.common.volume.HddsVolume@24d8f87a
2019-08-30 00:20:35,310 [main] INFO  impl.RaftServerProxy (ConfUtils.java:logGet(43)) - raft.rpc.type = GRPC (default)
2019-08-30 00:20:35,311 [main] INFO  grpc.GrpcFactory (GrpcFactory.java:checkPooledByteBufAllocatorUseCacheForAllThreads(45)) - PERFORMANCE WARNING: useCacheForAllThreads is true that may cause Netty to create a lot garbage objects and, as a result, trigger GC.
	It is recommended to disable useCacheForAllThreads by setting -Dorg.apache.ratis.thirdparty.io.netty.allocator.useCacheForAllThreads=false in command line.
2019-08-30 00:20:35,311 [main] INFO  grpc.GrpcConfigKeys$Server (ConfUtils.java:logGet(43)) - raft.grpc.server.port = 0 (default)
2019-08-30 00:20:35,311 [main] INFO  server.GrpcService (ConfUtils.java:logGet(43)) - raft.grpc.message.size.max = 33570816 (custom)
2019-08-30 00:20:35,311 [main] INFO  server.RaftServerConfigKeys (ConfUtils.java:logGet(43)) - raft.server.log.appender.buffer.byte-limit = 33554432 (custom)
2019-08-30 00:20:35,311 [main] INFO  server.GrpcService (ConfUtils.java:logGet(43)) - raft.grpc.flow.control.window = 1MB (=1048576) (default)
2019-08-30 00:20:35,311 [main] INFO  server.RaftServerConfigKeys (ConfUtils.java:logGet(43)) - raft.server.rpc.request.timeout = 3000ms (default)
2019-08-30 00:20:35,312 [main] INFO  server.RaftServerConfigKeys (ConfUtils.java:logGet(43)) - raft.server.storage.dir = [/workdir/hadoop-ozone/integration-test/target/test-dir/MiniOzoneClusterImpl-843f3514-af11-4b58-9f84-2dae9c3286a9/datanode-3/data/ratis] (custom)
2019-08-30 00:20:35,312 [main] INFO  replication.SimpleContainerDownloader (SimpleContainerDownloader.java:<init>(72)) - Starting container downloader service to copy containers to replicate.
2019-08-30 00:20:35,313 [main] INFO  hdfs.DFSUtil (DFSUtil.java:httpServerTemplateForNNAndJN(1641)) - Starting Web-server for hddsDatanode at: http://0.0.0.0:0
2019-08-30 00:20:35,314 [main] INFO  server.AuthenticationFilter (AuthenticationFilter.java:constructSecretProvider(240)) - Unable to initialize FileSignerSecretProvider, falling back to use random secrets.
2019-08-30 00:20:35,315 [main] WARN  http.HttpRequestLog (HttpRequestLog.java:getRequestLog(97)) - Jetty request log can only be enabled using Log4j
2019-08-30 00:20:35,316 [main] INFO  http.HttpServer2 (HttpServer2.java:addGlobalFilter(975)) - Added global filter 'safety' (class=org.apache.hadoop.http.HttpServer2$QuotingInputFilter)
2019-08-30 00:20:35,316 [main] INFO  http.HttpServer2 (HttpServer2.java:addFilter(948)) - Added filter static_user_filter (class=org.apache.hadoop.http.lib.StaticUserWebFilter$StaticUserFilter) to context hddsDatanode
2019-08-30 00:20:35,316 [main] INFO  http.HttpServer2 (HttpServer2.java:addFilter(958)) - Added filter static_user_filter (class=org.apache.hadoop.http.lib.StaticUserWebFilter$StaticUserFilter) to context logs
2019-08-30 00:20:35,317 [main] INFO  http.HttpServer2 (HttpServer2.java:addFilter(958)) - Added filter static_user_filter (class=org.apache.hadoop.http.lib.StaticUserWebFilter$StaticUserFilter) to context static
2019-08-30 00:20:35,317 [main] INFO  http.HttpServer2 (HttpServer2.java:bindListener(1191)) - Jetty bound to port 35655
2019-08-30 00:20:35,317 [main] INFO  server.Server (Server.java:doStart(351)) - jetty-9.3.24.v20180605, build timestamp: 2018-06-05T17:11:56Z, git hash: 84205aa28f11a4f31f2a3b86d1bba2cc8ab69827
2019-08-30 00:20:35,319 [main] INFO  handler.ContextHandler (ContextHandler.java:doStart(781)) - Started o.e.j.s.ServletContextHandler@125f16b2{/logs,file:///workdir/hadoop-ozone/integration-test/target/log,AVAILABLE}
2019-08-30 00:20:35,319 [main] INFO  handler.ContextHandler (ContextHandler.java:doStart(781)) - Started o.e.j.s.ServletContextHandler@6b42e36d{/static,jar:file:/home/user/.m2/repository/org/apache/hadoop/hadoop-hdds-container-service/0.5.0-SNAPSHOT/hadoop-hdds-container-service-0.5.0-SNAPSHOT.jar!/webapps/static,AVAILABLE}
2019-08-30 00:20:35,346 [main] INFO  handler.ContextHandler (ContextHandler.java:doStart(781)) - Started o.e.j.w.WebAppContext@4c4c7d6c{/,file:///tmp/jetty-0.0.0.0-35655-hddsDatanode-_-any-1204368170564740554.dir/webapp/,AVAILABLE}{/hddsDatanode}
2019-08-30 00:20:35,346 [main] INFO  server.AbstractConnector (AbstractConnector.java:doStart(278)) - Started ServerConnector@7f0766ef{HTTP/1.1,[http/1.1]}{0.0.0.0:35655}
2019-08-30 00:20:35,346 [main] INFO  server.Server (Server.java:doStart(419)) - Started @599739ms
2019-08-30 00:20:35,348 [main] INFO  server.BaseHttpServer (BaseHttpServer.java:updateConnectorAddress(226)) - HTTP server of HDDSDATANODE is listening at http://0.0.0.0:35655
2019-08-30 00:20:35,349 [main] INFO  impl.MetricsSystemImpl (MetricsSystemImpl.java:init(158)) - HddsDatanode metrics system started (again)
2019-08-30 00:20:35,351 [main] INFO  ozone.HddsDatanodeService (HddsDatanodeService.java:start(190)) - HddsDatanodeService host:pr-hdds-2050-pz9tn-2767506387 ip:192.168.69.124
2019-08-30 00:20:35,352 [org.apache.hadoop.util.JvmPauseMonitor$Monitor@4e9bfda5] INFO  util.JvmPauseMonitor (JvmPauseMonitor.java:run(188)) - Starting JVM pause monitor
2019-08-30 00:20:35,353 [Datanode State Machine Thread - 0] INFO  datanode.InitDatanodeState (InitDatanodeState.java:persistContainerDatanodeDetails(140)) - DatanodeDetails is persisted to /workdir/hadoop-ozone/integration-test/target/test-dir/MiniOzoneClusterImpl-843f3514-af11-4b58-9f84-2dae9c3286a9/datanode-3/meta/datanode.id
2019-08-30 00:20:35,357 [main] INFO  volume.HddsVolume (HddsVolume.java:<init>(176)) - Creating Volume: /workdir/hadoop-ozone/integration-test/target/test-dir/MiniOzoneClusterImpl-843f3514-af11-4b58-9f84-2dae9c3286a9/datanode-4/data/containers/hdds of  storage type : DISK and capacity : 1482555576320
2019-08-30 00:20:35,358 [main] INFO  volume.VolumeSet (VolumeSet.java:initializeVolumeSet(170)) - Added Volume : /workdir/hadoop-ozone/integration-test/target/test-dir/MiniOzoneClusterImpl-843f3514-af11-4b58-9f84-2dae9c3286a9/datanode-4/data/containers/hdds to VolumeSet
2019-08-30 00:20:35,358 [main] INFO  volume.ThrottledAsyncChecker (ThrottledAsyncChecker.java:schedule(140)) - Scheduling a check for org.apache.hadoop.ozone.container.common.volume.HddsVolume@6af87130
2019-08-30 00:20:35,358 [main] INFO  volume.HddsVolumeChecker (HddsVolumeChecker.java:checkAllVolumes(203)) - Scheduled health check for volume org.apache.hadoop.ozone.container.common.volume.HddsVolume@6af87130
2019-08-30 00:20:35,372 [main] INFO  impl.RaftServerProxy (ConfUtils.java:logGet(43)) - raft.rpc.type = GRPC (default)
2019-08-30 00:20:35,372 [main] INFO  grpc.GrpcFactory (GrpcFactory.java:checkPooledByteBufAllocatorUseCacheForAllThreads(45)) - PERFORMANCE WARNING: useCacheForAllThreads is true that may cause Netty to create a lot garbage objects and, as a result, trigger GC.
	It is recommended to disable useCacheForAllThreads by setting -Dorg.apache.ratis.thirdparty.io.netty.allocator.useCacheForAllThreads=false in command line.
2019-08-30 00:20:35,372 [main] INFO  grpc.GrpcConfigKeys$Server (ConfUtils.java:logGet(43)) - raft.grpc.server.port = 0 (default)
2019-08-30 00:20:35,372 [main] INFO  server.GrpcService (ConfUtils.java:logGet(43)) - raft.grpc.message.size.max = 33570816 (custom)
2019-08-30 00:20:35,372 [main] INFO  server.RaftServerConfigKeys (ConfUtils.java:logGet(43)) - raft.server.log.appender.buffer.byte-limit = 33554432 (custom)
2019-08-30 00:20:35,373 [main] INFO  server.GrpcService (ConfUtils.java:logGet(43)) - raft.grpc.flow.control.window = 1MB (=1048576) (default)
2019-08-30 00:20:35,373 [main] INFO  server.RaftServerConfigKeys (ConfUtils.java:logGet(43)) - raft.server.rpc.request.timeout = 3000ms (default)
2019-08-30 00:20:35,373 [main] INFO  server.RaftServerConfigKeys (ConfUtils.java:logGet(43)) - raft.server.storage.dir = [/workdir/hadoop-ozone/integration-test/target/test-dir/MiniOzoneClusterImpl-843f3514-af11-4b58-9f84-2dae9c3286a9/datanode-4/data/ratis] (custom)
2019-08-30 00:20:35,374 [main] INFO  replication.SimpleContainerDownloader (SimpleContainerDownloader.java:<init>(72)) - Starting container downloader service to copy containers to replicate.
2019-08-30 00:20:35,375 [main] INFO  hdfs.DFSUtil (DFSUtil.java:httpServerTemplateForNNAndJN(1641)) - Starting Web-server for hddsDatanode at: http://0.0.0.0:0
2019-08-30 00:20:35,376 [main] INFO  server.AuthenticationFilter (AuthenticationFilter.java:constructSecretProvider(240)) - Unable to initialize FileSignerSecretProvider, falling back to use random secrets.
2019-08-30 00:20:35,376 [main] WARN  http.HttpRequestLog (HttpRequestLog.java:getRequestLog(97)) - Jetty request log can only be enabled using Log4j
2019-08-30 00:20:35,377 [main] INFO  http.HttpServer2 (HttpServer2.java:addGlobalFilter(975)) - Added global filter 'safety' (class=org.apache.hadoop.http.HttpServer2$QuotingInputFilter)
2019-08-30 00:20:35,378 [main] INFO  http.HttpServer2 (HttpServer2.java:addFilter(948)) - Added filter static_user_filter (class=org.apache.hadoop.http.lib.StaticUserWebFilter$StaticUserFilter) to context hddsDatanode
2019-08-30 00:20:35,378 [main] INFO  http.HttpServer2 (HttpServer2.java:addFilter(958)) - Added filter static_user_filter (class=org.apache.hadoop.http.lib.StaticUserWebFilter$StaticUserFilter) to context static
2019-08-30 00:20:35,378 [main] INFO  http.HttpServer2 (HttpServer2.java:addFilter(958)) - Added filter static_user_filter (class=org.apache.hadoop.http.lib.StaticUserWebFilter$StaticUserFilter) to context logs
2019-08-30 00:20:35,378 [main] INFO  http.HttpServer2 (HttpServer2.java:bindListener(1191)) - Jetty bound to port 40001
2019-08-30 00:20:35,379 [main] INFO  server.Server (Server.java:doStart(351)) - jetty-9.3.24.v20180605, build timestamp: 2018-06-05T17:11:56Z, git hash: 84205aa28f11a4f31f2a3b86d1bba2cc8ab69827
2019-08-30 00:20:35,380 [main] INFO  handler.ContextHandler (ContextHandler.java:doStart(781)) - Started o.e.j.s.ServletContextHandler@b06d46d{/logs,file:///workdir/hadoop-ozone/integration-test/target/log,AVAILABLE}
2019-08-30 00:20:35,380 [main] INFO  handler.ContextHandler (ContextHandler.java:doStart(781)) - Started o.e.j.s.ServletContextHandler@656c5c3{/static,jar:file:/home/user/.m2/repository/org/apache/hadoop/hadoop-hdds-container-service/0.5.0-SNAPSHOT/hadoop-hdds-container-service-0.5.0-SNAPSHOT.jar!/webapps/static,AVAILABLE}
2019-08-30 00:20:35,407 [main] INFO  handler.ContextHandler (ContextHandler.java:doStart(781)) - Started o.e.j.w.WebAppContext@6e3dd5ce{/,file:///tmp/jetty-0.0.0.0-40001-hddsDatanode-_-any-1051997477229097735.dir/webapp/,AVAILABLE}{/hddsDatanode}
2019-08-30 00:20:35,408 [main] INFO  server.AbstractConnector (AbstractConnector.java:doStart(278)) - Started ServerConnector@16f7f59f{HTTP/1.1,[http/1.1]}{0.0.0.0:40001}
2019-08-30 00:20:35,409 [main] INFO  server.Server (Server.java:doStart(419)) - Started @599802ms
2019-08-30 00:20:35,410 [main] INFO  server.BaseHttpServer (BaseHttpServer.java:updateConnectorAddress(226)) - HTTP server of HDDSDATANODE is listening at http://0.0.0.0:40001
2019-08-30 00:20:35,410 [main] INFO  impl.MetricsSystemImpl (MetricsSystemImpl.java:init(158)) - HddsDatanode metrics system started (again)
2019-08-30 00:20:35,413 [main] INFO  ozone.HddsDatanodeService (HddsDatanodeService.java:start(190)) - HddsDatanodeService host:pr-hdds-2050-pz9tn-2767506387 ip:192.168.69.124
2019-08-30 00:20:35,413 [org.apache.hadoop.util.JvmPauseMonitor$Monitor@5ab2a09d] INFO  util.JvmPauseMonitor (JvmPauseMonitor.java:run(188)) - Starting JVM pause monitor
2019-08-30 00:20:35,415 [Datanode State Machine Thread - 0] INFO  datanode.InitDatanodeState (InitDatanodeState.java:persistContainerDatanodeDetails(140)) - DatanodeDetails is persisted to /workdir/hadoop-ozone/integration-test/target/test-dir/MiniOzoneClusterImpl-843f3514-af11-4b58-9f84-2dae9c3286a9/datanode-4/meta/datanode.id
2019-08-30 00:20:35,423 [main] INFO  volume.HddsVolume (HddsVolume.java:<init>(176)) - Creating Volume: /workdir/hadoop-ozone/integration-test/target/test-dir/MiniOzoneClusterImpl-843f3514-af11-4b58-9f84-2dae9c3286a9/datanode-5/data/containers/hdds of  storage type : DISK and capacity : 1482555576320
2019-08-30 00:20:35,424 [main] INFO  volume.VolumeSet (VolumeSet.java:initializeVolumeSet(170)) - Added Volume : /workdir/hadoop-ozone/integration-test/target/test-dir/MiniOzoneClusterImpl-843f3514-af11-4b58-9f84-2dae9c3286a9/datanode-5/data/containers/hdds to VolumeSet
2019-08-30 00:20:35,424 [main] INFO  volume.ThrottledAsyncChecker (ThrottledAsyncChecker.java:schedule(140)) - Scheduling a check for org.apache.hadoop.ozone.container.common.volume.HddsVolume@7761e342
2019-08-30 00:20:35,425 [main] INFO  volume.HddsVolumeChecker (HddsVolumeChecker.java:checkAllVolumes(203)) - Scheduled health check for volume org.apache.hadoop.ozone.container.common.volume.HddsVolume@7761e342
2019-08-30 00:20:35,444 [main] INFO  impl.RaftServerProxy (ConfUtils.java:logGet(43)) - raft.rpc.type = GRPC (default)
2019-08-30 00:20:35,444 [main] INFO  grpc.GrpcFactory (GrpcFactory.java:checkPooledByteBufAllocatorUseCacheForAllThreads(45)) - PERFORMANCE WARNING: useCacheForAllThreads is true that may cause Netty to create a lot garbage objects and, as a result, trigger GC.
	It is recommended to disable useCacheForAllThreads by setting -Dorg.apache.ratis.thirdparty.io.netty.allocator.useCacheForAllThreads=false in command line.
2019-08-30 00:20:35,445 [main] INFO  grpc.GrpcConfigKeys$Server (ConfUtils.java:logGet(43)) - raft.grpc.server.port = 0 (default)
2019-08-30 00:20:35,445 [main] INFO  server.GrpcService (ConfUtils.java:logGet(43)) - raft.grpc.message.size.max = 33570816 (custom)
2019-08-30 00:20:35,445 [main] INFO  server.RaftServerConfigKeys (ConfUtils.java:logGet(43)) - raft.server.log.appender.buffer.byte-limit = 33554432 (custom)
2019-08-30 00:20:35,445 [main] INFO  server.GrpcService (ConfUtils.java:logGet(43)) - raft.grpc.flow.control.window = 1MB (=1048576) (default)
2019-08-30 00:20:35,445 [main] INFO  server.RaftServerConfigKeys (ConfUtils.java:logGet(43)) - raft.server.rpc.request.timeout = 3000ms (default)
2019-08-30 00:20:35,446 [main] INFO  server.RaftServerConfigKeys (ConfUtils.java:logGet(43)) - raft.server.storage.dir = [/workdir/hadoop-ozone/integration-test/target/test-dir/MiniOzoneClusterImpl-843f3514-af11-4b58-9f84-2dae9c3286a9/datanode-5/data/ratis] (custom)
2019-08-30 00:20:35,446 [main] INFO  replication.SimpleContainerDownloader (SimpleContainerDownloader.java:<init>(72)) - Starting container downloader service to copy containers to replicate.
2019-08-30 00:20:35,448 [main] INFO  hdfs.DFSUtil (DFSUtil.java:httpServerTemplateForNNAndJN(1641)) - Starting Web-server for hddsDatanode at: http://0.0.0.0:0
2019-08-30 00:20:35,449 [main] INFO  server.AuthenticationFilter (AuthenticationFilter.java:constructSecretProvider(240)) - Unable to initialize FileSignerSecretProvider, falling back to use random secrets.
2019-08-30 00:20:35,450 [main] WARN  http.HttpRequestLog (HttpRequestLog.java:getRequestLog(97)) - Jetty request log can only be enabled using Log4j
2019-08-30 00:20:35,451 [main] INFO  http.HttpServer2 (HttpServer2.java:addGlobalFilter(975)) - Added global filter 'safety' (class=org.apache.hadoop.http.HttpServer2$QuotingInputFilter)
2019-08-30 00:20:35,452 [main] INFO  http.HttpServer2 (HttpServer2.java:addFilter(948)) - Added filter static_user_filter (class=org.apache.hadoop.http.lib.StaticUserWebFilter$StaticUserFilter) to context hddsDatanode
2019-08-30 00:20:35,452 [main] INFO  http.HttpServer2 (HttpServer2.java:addFilter(958)) - Added filter static_user_filter (class=org.apache.hadoop.http.lib.StaticUserWebFilter$StaticUserFilter) to context static
2019-08-30 00:20:35,453 [main] INFO  http.HttpServer2 (HttpServer2.java:addFilter(958)) - Added filter static_user_filter (class=org.apache.hadoop.http.lib.StaticUserWebFilter$StaticUserFilter) to context logs
2019-08-30 00:20:35,453 [main] INFO  http.HttpServer2 (HttpServer2.java:bindListener(1191)) - Jetty bound to port 33112
2019-08-30 00:20:35,453 [main] INFO  server.Server (Server.java:doStart(351)) - jetty-9.3.24.v20180605, build timestamp: 2018-06-05T17:11:56Z, git hash: 84205aa28f11a4f31f2a3b86d1bba2cc8ab69827
2019-08-30 00:20:35,455 [main] INFO  handler.ContextHandler (ContextHandler.java:doStart(781)) - Started o.e.j.s.ServletContextHandler@5866731{/logs,file:///workdir/hadoop-ozone/integration-test/target/log,AVAILABLE}
2019-08-30 00:20:35,456 [main] INFO  handler.ContextHandler (ContextHandler.java:doStart(781)) - Started o.e.j.s.ServletContextHandler@11e71181{/static,jar:file:/home/user/.m2/repository/org/apache/hadoop/hadoop-hdds-container-service/0.5.0-SNAPSHOT/hadoop-hdds-container-service-0.5.0-SNAPSHOT.jar!/webapps/static,AVAILABLE}
2019-08-30 00:20:35,491 [main] INFO  handler.ContextHandler (ContextHandler.java:doStart(781)) - Started o.e.j.w.WebAppContext@1a2e563e{/,file:///tmp/jetty-0.0.0.0-33112-hddsDatanode-_-any-5985273506975892356.dir/webapp/,AVAILABLE}{/hddsDatanode}
2019-08-30 00:20:35,491 [main] INFO  server.AbstractConnector (AbstractConnector.java:doStart(278)) - Started ServerConnector@5b066c33{HTTP/1.1,[http/1.1]}{0.0.0.0:33112}
2019-08-30 00:20:35,491 [main] INFO  server.Server (Server.java:doStart(419)) - Started @599885ms
2019-08-30 00:20:35,494 [main] INFO  server.BaseHttpServer (BaseHttpServer.java:updateConnectorAddress(226)) - HTTP server of HDDSDATANODE is listening at http://0.0.0.0:33112
2019-08-30 00:20:35,494 [main] INFO  impl.MetricsSystemImpl (MetricsSystemImpl.java:init(158)) - HddsDatanode metrics system started (again)
2019-08-30 00:20:35,497 [org.apache.hadoop.util.JvmPauseMonitor$Monitor@6caf06f0] INFO  util.JvmPauseMonitor (JvmPauseMonitor.java:run(188)) - Starting JVM pause monitor
2019-08-30 00:20:35,498 [main] INFO  ozone.HddsDatanodeService (HddsDatanodeService.java:start(190)) - HddsDatanodeService host:pr-hdds-2050-pz9tn-2767506387 ip:192.168.69.124
2019-08-30 00:20:35,499 [Datanode State Machine Thread - 0] INFO  datanode.InitDatanodeState (InitDatanodeState.java:persistContainerDatanodeDetails(140)) - DatanodeDetails is persisted to /workdir/hadoop-ozone/integration-test/target/test-dir/MiniOzoneClusterImpl-843f3514-af11-4b58-9f84-2dae9c3286a9/datanode-5/meta/datanode.id
2019-08-30 00:20:35,504 [main] INFO  volume.HddsVolume (HddsVolume.java:<init>(176)) - Creating Volume: /workdir/hadoop-ozone/integration-test/target/test-dir/MiniOzoneClusterImpl-843f3514-af11-4b58-9f84-2dae9c3286a9/datanode-6/data/containers/hdds of  storage type : DISK and capacity : 1482555576320
2019-08-30 00:20:35,504 [main] INFO  volume.VolumeSet (VolumeSet.java:initializeVolumeSet(170)) - Added Volume : /workdir/hadoop-ozone/integration-test/target/test-dir/MiniOzoneClusterImpl-843f3514-af11-4b58-9f84-2dae9c3286a9/datanode-6/data/containers/hdds to VolumeSet
2019-08-30 00:20:35,505 [main] INFO  volume.ThrottledAsyncChecker (ThrottledAsyncChecker.java:schedule(140)) - Scheduling a check for org.apache.hadoop.ozone.container.common.volume.HddsVolume@7faa0680
2019-08-30 00:20:35,505 [main] INFO  volume.HddsVolumeChecker (HddsVolumeChecker.java:checkAllVolumes(203)) - Scheduled health check for volume org.apache.hadoop.ozone.container.common.volume.HddsVolume@7faa0680
2019-08-30 00:20:35,519 [main] INFO  impl.RaftServerProxy (ConfUtils.java:logGet(43)) - raft.rpc.type = GRPC (default)
2019-08-30 00:20:35,519 [main] INFO  grpc.GrpcFactory (GrpcFactory.java:checkPooledByteBufAllocatorUseCacheForAllThreads(45)) - PERFORMANCE WARNING: useCacheForAllThreads is true that may cause Netty to create a lot garbage objects and, as a result, trigger GC.
	It is recommended to disable useCacheForAllThreads by setting -Dorg.apache.ratis.thirdparty.io.netty.allocator.useCacheForAllThreads=false in command line.
2019-08-30 00:20:35,519 [main] INFO  grpc.GrpcConfigKeys$Server (ConfUtils.java:logGet(43)) - raft.grpc.server.port = 0 (default)
2019-08-30 00:20:35,519 [main] INFO  server.GrpcService (ConfUtils.java:logGet(43)) - raft.grpc.message.size.max = 33570816 (custom)
2019-08-30 00:20:35,519 [main] INFO  server.RaftServerConfigKeys (ConfUtils.java:logGet(43)) - raft.server.log.appender.buffer.byte-limit = 33554432 (custom)
2019-08-30 00:20:35,520 [main] INFO  server.GrpcService (ConfUtils.java:logGet(43)) - raft.grpc.flow.control.window = 1MB (=1048576) (default)
2019-08-30 00:20:35,520 [main] INFO  server.RaftServerConfigKeys (ConfUtils.java:logGet(43)) - raft.server.rpc.request.timeout = 3000ms (default)
2019-08-30 00:20:35,520 [main] INFO  server.RaftServerConfigKeys (ConfUtils.java:logGet(43)) - raft.server.storage.dir = [/workdir/hadoop-ozone/integration-test/target/test-dir/MiniOzoneClusterImpl-843f3514-af11-4b58-9f84-2dae9c3286a9/datanode-6/data/ratis] (custom)
2019-08-30 00:20:35,521 [main] INFO  replication.SimpleContainerDownloader (SimpleContainerDownloader.java:<init>(72)) - Starting container downloader service to copy containers to replicate.
2019-08-30 00:20:35,522 [main] INFO  hdfs.DFSUtil (DFSUtil.java:httpServerTemplateForNNAndJN(1641)) - Starting Web-server for hddsDatanode at: http://0.0.0.0:0
2019-08-30 00:20:35,523 [main] INFO  server.AuthenticationFilter (AuthenticationFilter.java:constructSecretProvider(240)) - Unable to initialize FileSignerSecretProvider, falling back to use random secrets.
2019-08-30 00:20:35,523 [main] WARN  http.HttpRequestLog (HttpRequestLog.java:getRequestLog(97)) - Jetty request log can only be enabled using Log4j
2019-08-30 00:20:35,525 [main] INFO  http.HttpServer2 (HttpServer2.java:addGlobalFilter(975)) - Added global filter 'safety' (class=org.apache.hadoop.http.HttpServer2$QuotingInputFilter)
2019-08-30 00:20:35,525 [main] INFO  http.HttpServer2 (HttpServer2.java:addFilter(948)) - Added filter static_user_filter (class=org.apache.hadoop.http.lib.StaticUserWebFilter$StaticUserFilter) to context hddsDatanode
2019-08-30 00:20:35,525 [main] INFO  http.HttpServer2 (HttpServer2.java:addFilter(958)) - Added filter static_user_filter (class=org.apache.hadoop.http.lib.StaticUserWebFilter$StaticUserFilter) to context static
2019-08-30 00:20:35,525 [main] INFO  http.HttpServer2 (HttpServer2.java:addFilter(958)) - Added filter static_user_filter (class=org.apache.hadoop.http.lib.StaticUserWebFilter$StaticUserFilter) to context logs
2019-08-30 00:20:35,526 [main] INFO  http.HttpServer2 (HttpServer2.java:bindListener(1191)) - Jetty bound to port 45480
2019-08-30 00:20:35,526 [main] INFO  server.Server (Server.java:doStart(351)) - jetty-9.3.24.v20180605, build timestamp: 2018-06-05T17:11:56Z, git hash: 84205aa28f11a4f31f2a3b86d1bba2cc8ab69827
2019-08-30 00:20:35,528 [main] INFO  handler.ContextHandler (ContextHandler.java:doStart(781)) - Started o.e.j.s.ServletContextHandler@632cf7d3{/logs,file:///workdir/hadoop-ozone/integration-test/target/log,AVAILABLE}
2019-08-30 00:20:35,528 [main] INFO  handler.ContextHandler (ContextHandler.java:doStart(781)) - Started o.e.j.s.ServletContextHandler@2315052d{/static,jar:file:/home/user/.m2/repository/org/apache/hadoop/hadoop-hdds-container-service/0.5.0-SNAPSHOT/hadoop-hdds-container-service-0.5.0-SNAPSHOT.jar!/webapps/static,AVAILABLE}
2019-08-30 00:20:35,560 [main] INFO  handler.ContextHandler (ContextHandler.java:doStart(781)) - Started o.e.j.w.WebAppContext@49754e74{/,file:///tmp/jetty-0.0.0.0-45480-hddsDatanode-_-any-1971373622599565357.dir/webapp/,AVAILABLE}{/hddsDatanode}
2019-08-30 00:20:35,561 [main] INFO  server.AbstractConnector (AbstractConnector.java:doStart(278)) - Started ServerConnector@31881aa2{HTTP/1.1,[http/1.1]}{0.0.0.0:45480}
2019-08-30 00:20:35,565 [main] INFO  server.Server (Server.java:doStart(419)) - Started @599958ms
2019-08-30 00:20:35,566 [main] INFO  server.BaseHttpServer (BaseHttpServer.java:updateConnectorAddress(226)) - HTTP server of HDDSDATANODE is listening at http://0.0.0.0:45480
2019-08-30 00:20:35,566 [main] INFO  ozone.MiniOzoneClusterImpl (MiniOzoneClusterImpl.java:lambda$waitForClusterToBeReady$0(140)) - Waiting for cluster to be ready. Got 0 of 7 DN Heartbeats.
2019-08-30 00:20:35,567 [org.apache.hadoop.util.JvmPauseMonitor$Monitor@75d85276] INFO  util.JvmPauseMonitor (JvmPauseMonitor.java:run(188)) - Starting JVM pause monitor
2019-08-30 00:20:35,569 [Datanode State Machine Thread - 0] INFO  datanode.InitDatanodeState (InitDatanodeState.java:persistContainerDatanodeDetails(140)) - DatanodeDetails is persisted to /workdir/hadoop-ozone/integration-test/target/test-dir/MiniOzoneClusterImpl-843f3514-af11-4b58-9f84-2dae9c3286a9/datanode-6/meta/datanode.id
2019-08-30 00:20:36,567 [main] INFO  ozone.MiniOzoneClusterImpl (MiniOzoneClusterImpl.java:lambda$waitForClusterToBeReady$0(140)) - Waiting for cluster to be ready. Got 0 of 7 DN Heartbeats.
2019-08-30 00:20:37,171 | INFO  | SCMAudit | user=jenkins1000 | ip=192.168.69.124 | op=GET_VERSION null | ret=SUCCESS |  
2019-08-30 00:20:37,189 [Datanode State Machine Thread - 0] INFO  ozoneimpl.OzoneContainer (OzoneContainer.java:start(201)) - Attempting to start container services.
2019-08-30 00:20:37,189 [Datanode State Machine Thread - 0] INFO  ozoneimpl.OzoneContainer (OzoneContainer.java:startContainerScrub(175)) - Background container scrubber has been disabled by hdds.containerscrub.enabled
2019-08-30 00:20:37,189 [Datanode State Machine Thread - 0] INFO  ratis.XceiverServerRatis (XceiverServerRatis.java:start(393)) - Starting XceiverServerRatis 0a0299ed-fdd5-4dd1-b1d9-393c3f7f30c8 at port 0
2019-08-30 00:20:37,195 [Datanode State Machine Thread - 0] INFO  impl.RaftServerProxy (RaftServerProxy.java:lambda$start$3(299)) - 0a0299ed-fdd5-4dd1-b1d9-393c3f7f30c8: start RPC server
2019-08-30 00:20:37,198 [Datanode State Machine Thread - 0] INFO  server.GrpcService (GrpcService.java:startImpl(149)) - 0a0299ed-fdd5-4dd1-b1d9-393c3f7f30c8: GrpcService started, listening on 0.0.0.0/0.0.0.0:35657
2019-08-30 00:20:37,198 [Datanode State Machine Thread - 0] INFO  ratis.XceiverServerRatis (XceiverServerRatis.java:start(403)) - XceiverServerRatis 0a0299ed-fdd5-4dd1-b1d9-393c3f7f30c8 is started using port 35657
2019-08-30 00:20:37,199 [Datanode State Machine Thread - 0] INFO  server.XceiverServerGrpc (XceiverServerGrpc.java:start(163)) - XceiverServerGrpc 0a0299ed-fdd5-4dd1-b1d9-393c3f7f30c8 is started using port 38821
2019-08-30 00:20:37,229 | INFO  | SCMAudit | user=jenkins1000 | ip=192.168.69.124 | op=GET_VERSION null | ret=SUCCESS |  
2019-08-30 00:20:37,247 [Datanode State Machine Thread - 0] INFO  ozoneimpl.OzoneContainer (OzoneContainer.java:start(201)) - Attempting to start container services.
2019-08-30 00:20:37,247 [Datanode State Machine Thread - 0] INFO  ozoneimpl.OzoneContainer (OzoneContainer.java:startContainerScrub(175)) - Background container scrubber has been disabled by hdds.containerscrub.enabled
2019-08-30 00:20:37,247 [Datanode State Machine Thread - 0] INFO  ratis.XceiverServerRatis (XceiverServerRatis.java:start(393)) - Starting XceiverServerRatis 5d2fad20-58d4-4d60-9035-fb8a022f1e71 at port 0
2019-08-30 00:20:37,254 [Datanode State Machine Thread - 0] INFO  impl.RaftServerProxy (RaftServerProxy.java:lambda$start$3(299)) - 5d2fad20-58d4-4d60-9035-fb8a022f1e71: start RPC server
2019-08-30 00:20:37,254 [Datanode State Machine Thread - 0] INFO  server.GrpcService (GrpcService.java:startImpl(149)) - 5d2fad20-58d4-4d60-9035-fb8a022f1e71: GrpcService started, listening on 0.0.0.0/0.0.0.0:37894
2019-08-30 00:20:37,255 [Datanode State Machine Thread - 0] INFO  ratis.XceiverServerRatis (XceiverServerRatis.java:start(403)) - XceiverServerRatis 5d2fad20-58d4-4d60-9035-fb8a022f1e71 is started using port 37894
2019-08-30 00:20:37,256 [Datanode State Machine Thread - 0] INFO  server.XceiverServerGrpc (XceiverServerGrpc.java:start(163)) - XceiverServerGrpc 5d2fad20-58d4-4d60-9035-fb8a022f1e71 is started using port 37413
2019-08-30 00:20:37,291 | INFO  | SCMAudit | user=jenkins1000 | ip=192.168.69.124 | op=GET_VERSION null | ret=SUCCESS |  
2019-08-30 00:20:37,314 [Datanode State Machine Thread - 0] INFO  ozoneimpl.OzoneContainer (OzoneContainer.java:start(201)) - Attempting to start container services.
2019-08-30 00:20:37,314 [Datanode State Machine Thread - 0] INFO  ozoneimpl.OzoneContainer (OzoneContainer.java:startContainerScrub(175)) - Background container scrubber has been disabled by hdds.containerscrub.enabled
2019-08-30 00:20:37,314 [Datanode State Machine Thread - 0] INFO  ratis.XceiverServerRatis (XceiverServerRatis.java:start(393)) - Starting XceiverServerRatis 098b7a6f-8c1f-4063-9e74-22bffe699939 at port 0
2019-08-30 00:20:37,321 [Datanode State Machine Thread - 0] INFO  impl.RaftServerProxy (RaftServerProxy.java:lambda$start$3(299)) - 098b7a6f-8c1f-4063-9e74-22bffe699939: start RPC server
2019-08-30 00:20:37,322 [Datanode State Machine Thread - 0] INFO  server.GrpcService (GrpcService.java:startImpl(149)) - 098b7a6f-8c1f-4063-9e74-22bffe699939: GrpcService started, listening on 0.0.0.0/0.0.0.0:39388
2019-08-30 00:20:37,322 [Datanode State Machine Thread - 0] INFO  ratis.XceiverServerRatis (XceiverServerRatis.java:start(403)) - XceiverServerRatis 098b7a6f-8c1f-4063-9e74-22bffe699939 is started using port 39388
2019-08-30 00:20:37,322 [Datanode State Machine Thread - 0] INFO  server.XceiverServerGrpc (XceiverServerGrpc.java:start(163)) - XceiverServerGrpc 098b7a6f-8c1f-4063-9e74-22bffe699939 is started using port 36971
2019-08-30 00:20:37,352 | INFO  | SCMAudit | user=jenkins1000 | ip=192.168.69.124 | op=GET_VERSION null | ret=SUCCESS |  
2019-08-30 00:20:37,377 [Datanode State Machine Thread - 0] INFO  ozoneimpl.OzoneContainer (OzoneContainer.java:start(201)) - Attempting to start container services.
2019-08-30 00:20:37,377 [Datanode State Machine Thread - 0] INFO  ozoneimpl.OzoneContainer (OzoneContainer.java:startContainerScrub(175)) - Background container scrubber has been disabled by hdds.containerscrub.enabled
2019-08-30 00:20:37,377 [Datanode State Machine Thread - 0] INFO  ratis.XceiverServerRatis (XceiverServerRatis.java:start(393)) - Starting XceiverServerRatis 1701a4f3-0515-4fb0-ace0-0a2e26b8a377 at port 0
2019-08-30 00:20:37,384 [Datanode State Machine Thread - 0] INFO  impl.RaftServerProxy (RaftServerProxy.java:lambda$start$3(299)) - 1701a4f3-0515-4fb0-ace0-0a2e26b8a377: start RPC server
2019-08-30 00:20:37,385 [Datanode State Machine Thread - 0] INFO  server.GrpcService (GrpcService.java:startImpl(149)) - 1701a4f3-0515-4fb0-ace0-0a2e26b8a377: GrpcService started, listening on 0.0.0.0/0.0.0.0:33087
2019-08-30 00:20:37,385 [Datanode State Machine Thread - 0] INFO  ratis.XceiverServerRatis (XceiverServerRatis.java:start(403)) - XceiverServerRatis 1701a4f3-0515-4fb0-ace0-0a2e26b8a377 is started using port 33087
2019-08-30 00:20:37,386 [Datanode State Machine Thread - 0] INFO  server.XceiverServerGrpc (XceiverServerGrpc.java:start(163)) - XceiverServerGrpc 1701a4f3-0515-4fb0-ace0-0a2e26b8a377 is started using port 44037
2019-08-30 00:20:37,415 | INFO  | SCMAudit | user=jenkins1000 | ip=192.168.69.124 | op=GET_VERSION null | ret=SUCCESS |  
2019-08-30 00:20:37,439 [Datanode State Machine Thread - 0] INFO  ozoneimpl.OzoneContainer (OzoneContainer.java:start(201)) - Attempting to start container services.
2019-08-30 00:20:37,439 [Datanode State Machine Thread - 0] INFO  ozoneimpl.OzoneContainer (OzoneContainer.java:startContainerScrub(175)) - Background container scrubber has been disabled by hdds.containerscrub.enabled
2019-08-30 00:20:37,440 [Datanode State Machine Thread - 0] INFO  ratis.XceiverServerRatis (XceiverServerRatis.java:start(393)) - Starting XceiverServerRatis a901cee4-1ca4-4af7-8de9-61e3c1ec06a1 at port 0
2019-08-30 00:20:37,447 [Datanode State Machine Thread - 0] INFO  impl.RaftServerProxy (RaftServerProxy.java:lambda$start$3(299)) - a901cee4-1ca4-4af7-8de9-61e3c1ec06a1: start RPC server
2019-08-30 00:20:37,448 [Datanode State Machine Thread - 0] INFO  server.GrpcService (GrpcService.java:startImpl(149)) - a901cee4-1ca4-4af7-8de9-61e3c1ec06a1: GrpcService started, listening on 0.0.0.0/0.0.0.0:34970
2019-08-30 00:20:37,448 [Datanode State Machine Thread - 0] INFO  ratis.XceiverServerRatis (XceiverServerRatis.java:start(403)) - XceiverServerRatis a901cee4-1ca4-4af7-8de9-61e3c1ec06a1 is started using port 34970
2019-08-30 00:20:37,448 [Datanode State Machine Thread - 0] INFO  server.XceiverServerGrpc (XceiverServerGrpc.java:start(163)) - XceiverServerGrpc a901cee4-1ca4-4af7-8de9-61e3c1ec06a1 is started using port 40749
2019-08-30 00:20:37,498 | INFO  | SCMAudit | user=jenkins1000 | ip=192.168.69.124 | op=GET_VERSION null | ret=SUCCESS |  
2019-08-30 00:20:37,522 [Datanode State Machine Thread - 0] INFO  ozoneimpl.OzoneContainer (OzoneContainer.java:start(201)) - Attempting to start container services.
2019-08-30 00:20:37,522 [Datanode State Machine Thread - 0] INFO  ozoneimpl.OzoneContainer (OzoneContainer.java:startContainerScrub(175)) - Background container scrubber has been disabled by hdds.containerscrub.enabled
2019-08-30 00:20:37,523 [Datanode State Machine Thread - 0] INFO  ratis.XceiverServerRatis (XceiverServerRatis.java:start(393)) - Starting XceiverServerRatis 722b0ac7-031f-47c9-b3f5-fbc30035f474 at port 0
2019-08-30 00:20:37,530 [Datanode State Machine Thread - 0] INFO  impl.RaftServerProxy (RaftServerProxy.java:lambda$start$3(299)) - 722b0ac7-031f-47c9-b3f5-fbc30035f474: start RPC server
2019-08-30 00:20:37,533 [Datanode State Machine Thread - 0] INFO  server.GrpcService (GrpcService.java:startImpl(149)) - 722b0ac7-031f-47c9-b3f5-fbc30035f474: GrpcService started, listening on 0.0.0.0/0.0.0.0:41299
2019-08-30 00:20:37,534 [Datanode State Machine Thread - 0] INFO  ratis.XceiverServerRatis (XceiverServerRatis.java:start(403)) - XceiverServerRatis 722b0ac7-031f-47c9-b3f5-fbc30035f474 is started using port 41299
2019-08-30 00:20:37,536 [Datanode State Machine Thread - 0] INFO  server.XceiverServerGrpc (XceiverServerGrpc.java:start(163)) - XceiverServerGrpc 722b0ac7-031f-47c9-b3f5-fbc30035f474 is started using port 43644
2019-08-30 00:20:37,567 [main] INFO  ozone.MiniOzoneClusterImpl (MiniOzoneClusterImpl.java:lambda$waitForClusterToBeReady$0(140)) - Waiting for cluster to be ready. Got 0 of 7 DN Heartbeats.
2019-08-30 00:20:37,569 | INFO  | SCMAudit | user=jenkins1000 | ip=192.168.69.124 | op=GET_VERSION null | ret=SUCCESS |  
2019-08-30 00:20:37,602 [Datanode State Machine Thread - 0] INFO  ozoneimpl.OzoneContainer (OzoneContainer.java:start(201)) - Attempting to start container services.
2019-08-30 00:20:37,602 [Datanode State Machine Thread - 0] INFO  ozoneimpl.OzoneContainer (OzoneContainer.java:startContainerScrub(175)) - Background container scrubber has been disabled by hdds.containerscrub.enabled
2019-08-30 00:20:37,602 [Datanode State Machine Thread - 0] INFO  ratis.XceiverServerRatis (XceiverServerRatis.java:start(393)) - Starting XceiverServerRatis 55fe8a5d-468d-4e42-8a20-9d338510910b at port 0
2019-08-30 00:20:37,609 [Datanode State Machine Thread - 0] INFO  impl.RaftServerProxy (RaftServerProxy.java:lambda$start$3(299)) - 55fe8a5d-468d-4e42-8a20-9d338510910b: start RPC server
2019-08-30 00:20:37,613 [Datanode State Machine Thread - 0] INFO  server.GrpcService (GrpcService.java:startImpl(149)) - 55fe8a5d-468d-4e42-8a20-9d338510910b: GrpcService started, listening on 0.0.0.0/0.0.0.0:36720
2019-08-30 00:20:37,613 [Datanode State Machine Thread - 0] INFO  ratis.XceiverServerRatis (XceiverServerRatis.java:start(403)) - XceiverServerRatis 55fe8a5d-468d-4e42-8a20-9d338510910b is started using port 36720
2019-08-30 00:20:37,622 [Datanode State Machine Thread - 0] INFO  server.XceiverServerGrpc (XceiverServerGrpc.java:start(163)) - XceiverServerGrpc 55fe8a5d-468d-4e42-8a20-9d338510910b is started using port 44928
2019-08-30 00:20:38,567 [main] INFO  ozone.MiniOzoneClusterImpl (MiniOzoneClusterImpl.java:lambda$waitForClusterToBeReady$0(140)) - Waiting for cluster to be ready. Got 0 of 7 DN Heartbeats.
2019-08-30 00:20:39,172 [IPC Server handler 4 on 39268] INFO  net.NetworkTopology (NetworkTopologyImpl.java:add(110)) - Added a new node: /default-rack/0a0299ed-fdd5-4dd1-b1d9-393c3f7f30c8
2019-08-30 00:20:39,175 [IPC Server handler 4 on 39268] INFO  node.SCMNodeManager (SCMNodeManager.java:register(273)) - Registered Data node : 0a0299ed-fdd5-4dd1-b1d9-393c3f7f30c8{ip: 192.168.69.124, host: pr-hdds-2050-pz9tn-2767506387, networkLocation: /default-rack, certSerialId: null}
2019-08-30 00:20:39,176 [EventQueue-NodeRegistrationContainerReportForDataNodeSafeModeRule] INFO  safemode.SCMSafeModeManager (DataNodeSafeModeRule.java:process(71)) - SCM in safe mode. 1 DataNodes registered, 1 required.
2019-08-30 00:20:39,179 [EventQueue-NodeRegistrationContainerReportForDataNodeSafeModeRule] INFO  safemode.SCMSafeModeManager (SCMSafeModeManager.java:validateSafeModeExitRules(177)) - ScmSafeModeManager, all rules are successfully validated
2019-08-30 00:20:39,179 | INFO  | SCMAudit | user=jenkins1000 | ip=192.168.69.124 | op=REGISTER {datanodeDetails=0a0299ed-fdd5-4dd1-b1d9-393c3f7f30c8{ip: 192.168.69.124, host: pr-hdds-2050-pz9tn-2767506387, networkLocation: /default-rack, certSerialId: null}} | ret=SUCCESS |  
2019-08-30 00:20:39,179 [EventQueue-NodeRegistrationContainerReportForDataNodeSafeModeRule] INFO  safemode.SCMSafeModeManager (SCMSafeModeManager.java:exitSafeMode(193)) - SCM exiting safe mode.
2019-08-30 00:20:39,186 [grpc-default-executor-10] INFO  impl.RaftServerProxy (RaftServerProxy.java:addNew(89)) - 0a0299ed-fdd5-4dd1-b1d9-393c3f7f30c8: addNew group-4AA22C7BDAFC:[0a0299ed-fdd5-4dd1-b1d9-393c3f7f30c8:192.168.69.124:35657] returns group-4AA22C7BDAFC:java.util.concurrent.CompletableFuture@45814505[Not completed]
2019-08-30 00:20:39,188 [pool-439-thread-1] INFO  impl.RaftServerImpl (RaftServerImpl.java:<init>(93)) - 0a0299ed-fdd5-4dd1-b1d9-393c3f7f30c8: new RaftServerImpl for group-4AA22C7BDAFC:[0a0299ed-fdd5-4dd1-b1d9-393c3f7f30c8:192.168.69.124:35657] with ContainerStateMachine:uninitialized
2019-08-30 00:20:39,188 [pool-439-thread-1] INFO  server.RaftServerConfigKeys (ConfUtils.java:logGet(43)) - raft.server.rpc.timeout.min = 5s (custom)
2019-08-30 00:20:39,188 [pool-439-thread-1] INFO  server.RaftServerConfigKeys (ConfUtils.java:logGet(43)) - raft.server.rpc.timeout.max = 5200ms (custom)
2019-08-30 00:20:39,188 [pool-439-thread-1] INFO  server.RaftServerConfigKeys (ConfUtils.java:logGet(43)) - raft.server.rpcslowness.timeout = 120s (custom)
2019-08-30 00:20:39,188 [pool-439-thread-1] INFO  server.RaftServerConfigKeys (ConfUtils.java:logGet(43)) - raft.server.sleep.deviation.threshold = 300 (default)
2019-08-30 00:20:39,189 [pool-439-thread-1] INFO  server.RaftServerConfigKeys (ConfUtils.java:logGet(43)) - raft.server.log.appender.install.snapshot.enabled = false (custom)
2019-08-30 00:20:39,189 [pool-439-thread-1] INFO  impl.RaftServerImpl (ServerState.java:<init>(105)) - 0a0299ed-fdd5-4dd1-b1d9-393c3f7f30c8:group-4AA22C7BDAFC ConfigurationManager, init=-1: [0a0299ed-fdd5-4dd1-b1d9-393c3f7f30c8:192.168.69.124:35657], old=null, confs=<EMPTY_MAP>
2019-08-30 00:20:39,189 [pool-439-thread-1] INFO  server.RaftServerConfigKeys (ConfUtils.java:logGet(43)) - raft.server.storage.dir = [/workdir/hadoop-ozone/integration-test/target/test-dir/MiniOzoneClusterImpl-843f3514-af11-4b58-9f84-2dae9c3286a9/datanode-0/data/ratis] (custom)
2019-08-30 00:20:39,190 [pool-439-thread-1] INFO  storage.RaftStorageDirectory (RaftStorageDirectory.java:analyzeStorage(246)) - The storage directory /workdir/hadoop-ozone/integration-test/target/test-dir/MiniOzoneClusterImpl-843f3514-af11-4b58-9f84-2dae9c3286a9/datanode-0/data/ratis/4fe21fca-7530-4775-a7a6-4aa22c7bdafc does not exist. Creating ...
2019-08-30 00:20:39,220 [pool-439-thread-1] INFO  storage.RaftStorageDirectory (RaftStorageDirectory.java:tryLock(328)) - Lock on /workdir/hadoop-ozone/integration-test/target/test-dir/MiniOzoneClusterImpl-843f3514-af11-4b58-9f84-2dae9c3286a9/datanode-0/data/ratis/4fe21fca-7530-4775-a7a6-4aa22c7bdafc/in_use.lock acquired by nodename 17093@pr-hdds-2050-pz9tn-2767506387
2019-08-30 00:20:39,230 [IPC Server handler 7 on 39268] INFO  net.NetworkTopology (NetworkTopologyImpl.java:add(110)) - Added a new node: /default-rack/5d2fad20-58d4-4d60-9035-fb8a022f1e71
2019-08-30 00:20:39,230 [IPC Server handler 7 on 39268] INFO  node.SCMNodeManager (SCMNodeManager.java:register(273)) - Registered Data node : 5d2fad20-58d4-4d60-9035-fb8a022f1e71{ip: 192.168.69.124, host: pr-hdds-2050-pz9tn-2767506387, networkLocation: /default-rack, certSerialId: null}
2019-08-30 00:20:39,231 | INFO  | SCMAudit | user=jenkins1000 | ip=192.168.69.124 | op=REGISTER {datanodeDetails=5d2fad20-58d4-4d60-9035-fb8a022f1e71{ip: 192.168.69.124, host: pr-hdds-2050-pz9tn-2767506387, networkLocation: /default-rack, certSerialId: null}} | ret=SUCCESS |  
2019-08-30 00:20:39,245 [pool-439-thread-1] INFO  storage.RaftStorage (RaftStorage.java:format(72)) - Storage directory /workdir/hadoop-ozone/integration-test/target/test-dir/MiniOzoneClusterImpl-843f3514-af11-4b58-9f84-2dae9c3286a9/datanode-0/data/ratis/4fe21fca-7530-4775-a7a6-4aa22c7bdafc has been successfully formatted.
2019-08-30 00:20:39,246 [pool-439-thread-1] INFO  ratis.ContainerStateMachine (ContainerStateMachine.java:loadSnapshot(227)) - group-4AA22C7BDAFC: The snapshot info is null. Setting the last applied indexto:(t:0, i:~)
2019-08-30 00:20:39,246 [pool-439-thread-1] INFO  server.RaftServerConfigKeys (ConfUtils.java:logGet(43)) - raft.server.leader.election.timeout = 120s (custom)
2019-08-30 00:20:39,246 [pool-439-thread-1] INFO  server.RaftServerConfigKeys (ConfUtils.java:logGet(43)) - raft.server.log.use.memory = false (default)
2019-08-30 00:20:39,246 [pool-439-thread-1] INFO  server.RaftServerConfigKeys (ConfUtils.java:logGet(43)) - raft.server.log.purge.gap = 1000000 (custom)
2019-08-30 00:20:39,246 [pool-439-thread-1] INFO  server.RaftServerConfigKeys (ConfUtils.java:logGet(43)) - raft.server.log.appender.buffer.byte-limit = 33554432 (custom)
2019-08-30 00:20:39,246 [pool-439-thread-1] INFO  server.RaftServerConfigKeys (ConfUtils.java:logGet(43)) - raft.server.log.segment.size.max = 1048576 (custom)
2019-08-30 00:20:39,247 [pool-439-thread-1] INFO  server.RaftServerConfigKeys (ConfUtils.java:logGet(43)) - raft.server.log.segment.cache.num.max = 2 (custom)
2019-08-30 00:20:39,247 [pool-439-thread-1] INFO  segmented.SegmentedRaftLogWorker (SegmentedRaftLogWorker.java:<init>(172)) - new 0a0299ed-fdd5-4dd1-b1d9-393c3f7f30c8-SegmentedRaftLogWorker:Storage Directory /workdir/hadoop-ozone/integration-test/target/test-dir/MiniOzoneClusterImpl-843f3514-af11-4b58-9f84-2dae9c3286a9/datanode-0/data/ratis/4fe21fca-7530-4775-a7a6-4aa22c7bdafc for RaftStorage:Storage Directory /workdir/hadoop-ozone/integration-test/target/test-dir/MiniOzoneClusterImpl-843f3514-af11-4b58-9f84-2dae9c3286a9/datanode-0/data/ratis/4fe21fca-7530-4775-a7a6-4aa22c7bdafc
2019-08-30 00:20:39,247 [pool-439-thread-1] INFO  server.RaftServerConfigKeys (ConfUtils.java:logGet(43)) - raft.server.log.queue.byte-limit = 2147483647 (custom)
2019-08-30 00:20:39,247 [pool-439-thread-1] INFO  server.RaftServerConfigKeys (ConfUtils.java:logGet(43)) - raft.server.log.queue.element-limit = 1024 (custom)
2019-08-30 00:20:39,247 [pool-439-thread-1] INFO  server.RaftServerConfigKeys (ConfUtils.java:logGet(43)) - raft.server.log.segment.size.max = 1048576 (custom)
2019-08-30 00:20:39,248 [pool-439-thread-1] INFO  server.RaftServerConfigKeys (ConfUtils.java:logGet(43)) - raft.server.log.preallocated.size = 16384 (custom)
2019-08-30 00:20:39,248 [pool-439-thread-1] INFO  server.RaftServerConfigKeys (ConfUtils.java:logGet(43)) - raft.server.log.write.buffer.size = 33554432 (custom)
2019-08-30 00:20:39,248 [pool-439-thread-1] INFO  server.RaftServerConfigKeys (ConfUtils.java:logGet(43)) - raft.server.log.force.sync.num = 128 (default)
2019-08-30 00:20:39,248 [pool-439-thread-1] INFO  server.RaftServerConfigKeys (ConfUtils.java:logGet(43)) - raft.server.log.statemachine.data.sync = true (default)
2019-08-30 00:20:39,248 [pool-439-thread-1] INFO  server.RaftServerConfigKeys (ConfUtils.java:logGet(43)) - raft.server.log.statemachine.data.sync.timeout = 10s (default)
2019-08-30 00:20:39,248 [pool-439-thread-1] INFO  server.RaftServerConfigKeys (ConfUtils.java:logGet(43)) - raft.server.log.statemachine.data.sync.timeout.retry = -1 (default)
2019-08-30 00:20:39,249 [pool-439-thread-1] INFO  server.RaftServerConfigKeys (ConfUtils.java:logGet(43)) - raft.server.log.statemachine.data.caching.enabled = true (custom)
2019-08-30 00:20:39,249 [pool-439-thread-1] INFO  segmented.SegmentedRaftLogWorker (SegmentedRaftLogWorker.java:lambda$new$0(132)) - 0a0299ed-fdd5-4dd1-b1d9-393c3f7f30c8-SegmentedRaftLogWorker:Storage Directory /workdir/hadoop-ozone/integration-test/target/test-dir/MiniOzoneClusterImpl-843f3514-af11-4b58-9f84-2dae9c3286a9/datanode-0/data/ratis/4fe21fca-7530-4775-a7a6-4aa22c7bdafc: flushIndex: setUnconditionally 0 -> -1
2019-08-30 00:20:39,249 [pool-439-thread-1] INFO  server.RaftServerConfigKeys (ConfUtils.java:logGet(43)) - raft.server.snapshot.auto.trigger.enabled = true (custom)
2019-08-30 00:20:39,250 [pool-439-thread-1] INFO  server.RaftServerConfigKeys (ConfUtils.java:logGet(43)) - raft.server.snapshot.auto.trigger.threshold = 10000 (custom)
2019-08-30 00:20:39,250 [pool-439-thread-1] INFO  server.RaftServerConfigKeys (ConfUtils.java:logGet(43)) - raft.server.retrycache.expirytime = 600000ms (custom)
2019-08-30 00:20:39,250 [pool-439-thread-1] INFO  impl.RaftServerImpl (RaftServerImpl.java:start(180)) - 0a0299ed-fdd5-4dd1-b1d9-393c3f7f30c8: start group-4AA22C7BDAFC
2019-08-30 00:20:39,250 [pool-439-thread-1] INFO  impl.RaftServerImpl (RaftServerImpl.java:setRole(171)) - 0a0299ed-fdd5-4dd1-b1d9-393c3f7f30c8:group-4AA22C7BDAFC changes role from null to FOLLOWER at term 0 for startAsFollower
2019-08-30 00:20:39,250 [pool-439-thread-1] INFO  impl.RoleInfo (RoleInfo.java:updateAndGet(143)) - 0a0299ed-fdd5-4dd1-b1d9-393c3f7f30c8: start FollowerState
2019-08-30 00:20:39,251 [pool-439-thread-1] INFO  util.JmxRegister (JmxRegister.java:tryRegister(44)) - Successfully registered JMX Bean with object name Ratis:service=RaftServer,group=group-4AA22C7BDAFC,id=0a0299ed-fdd5-4dd1-b1d9-393c3f7f30c8
2019-08-30 00:20:39,254 [RatisPipelineUtilsThread] INFO  pipeline.PipelineStateManager (PipelineStateManager.java:addPipeline(56)) - Created pipeline Pipeline[ Id: 4fe21fca-7530-4775-a7a6-4aa22c7bdafc, Nodes: 0a0299ed-fdd5-4dd1-b1d9-393c3f7f30c8{ip: 192.168.69.124, host: pr-hdds-2050-pz9tn-2767506387, networkLocation: /default-rack, certSerialId: null}, Type:RATIS, Factor:ONE, State:OPEN]
2019-08-30 00:20:39,261 [grpc-default-executor-10] INFO  impl.RaftServerProxy (RaftServerProxy.java:addNew(89)) - 5d2fad20-58d4-4d60-9035-fb8a022f1e71: addNew group-D7A384A04320:[5d2fad20-58d4-4d60-9035-fb8a022f1e71:192.168.69.124:37894] returns group-D7A384A04320:java.util.concurrent.CompletableFuture@7035af6a[Not completed]
2019-08-30 00:20:39,262 [pool-450-thread-1] INFO  impl.RaftServerImpl (RaftServerImpl.java:<init>(93)) - 5d2fad20-58d4-4d60-9035-fb8a022f1e71: new RaftServerImpl for group-D7A384A04320:[5d2fad20-58d4-4d60-9035-fb8a022f1e71:192.168.69.124:37894] with ContainerStateMachine:uninitialized
2019-08-30 00:20:39,262 [pool-450-thread-1] INFO  server.RaftServerConfigKeys (ConfUtils.java:logGet(43)) - raft.server.rpc.timeout.min = 5s (custom)
2019-08-30 00:20:39,262 [pool-450-thread-1] INFO  server.RaftServerConfigKeys (ConfUtils.java:logGet(43)) - raft.server.rpc.timeout.max = 5200ms (custom)
2019-08-30 00:20:39,262 [pool-450-thread-1] INFO  server.RaftServerConfigKeys (ConfUtils.java:logGet(43)) - raft.server.rpcslowness.timeout = 120s (custom)
2019-08-30 00:20:39,262 [pool-450-thread-1] INFO  server.RaftServerConfigKeys (ConfUtils.java:logGet(43)) - raft.server.sleep.deviation.threshold = 300 (default)
2019-08-30 00:20:39,263 [pool-450-thread-1] INFO  server.RaftServerConfigKeys (ConfUtils.java:logGet(43)) - raft.server.log.appender.install.snapshot.enabled = false (custom)
2019-08-30 00:20:39,263 [pool-450-thread-1] INFO  impl.RaftServerImpl (ServerState.java:<init>(105)) - 5d2fad20-58d4-4d60-9035-fb8a022f1e71:group-D7A384A04320 ConfigurationManager, init=-1: [5d2fad20-58d4-4d60-9035-fb8a022f1e71:192.168.69.124:37894], old=null, confs=<EMPTY_MAP>
2019-08-30 00:20:39,263 [pool-450-thread-1] INFO  server.RaftServerConfigKeys (ConfUtils.java:logGet(43)) - raft.server.storage.dir = [/workdir/hadoop-ozone/integration-test/target/test-dir/MiniOzoneClusterImpl-843f3514-af11-4b58-9f84-2dae9c3286a9/datanode-1/data/ratis] (custom)
2019-08-30 00:20:39,263 [pool-450-thread-1] INFO  storage.RaftStorageDirectory (RaftStorageDirectory.java:analyzeStorage(246)) - The storage directory /workdir/hadoop-ozone/integration-test/target/test-dir/MiniOzoneClusterImpl-843f3514-af11-4b58-9f84-2dae9c3286a9/datanode-1/data/ratis/cadfea23-83b2-4238-8a62-d7a384a04320 does not exist. Creating ...
2019-08-30 00:20:39,286 [pool-450-thread-1] INFO  storage.RaftStorageDirectory (RaftStorageDirectory.java:tryLock(328)) - Lock on /workdir/hadoop-ozone/integration-test/target/test-dir/MiniOzoneClusterImpl-843f3514-af11-4b58-9f84-2dae9c3286a9/datanode-1/data/ratis/cadfea23-83b2-4238-8a62-d7a384a04320/in_use.lock acquired by nodename 17093@pr-hdds-2050-pz9tn-2767506387
2019-08-30 00:20:39,292 [IPC Server handler 1 on 39268] INFO  net.NetworkTopology (NetworkTopologyImpl.java:add(110)) - Added a new node: /default-rack/098b7a6f-8c1f-4063-9e74-22bffe699939
2019-08-30 00:20:39,292 [IPC Server handler 1 on 39268] INFO  node.SCMNodeManager (SCMNodeManager.java:register(273)) - Registered Data node : 098b7a6f-8c1f-4063-9e74-22bffe699939{ip: 192.168.69.124, host: pr-hdds-2050-pz9tn-2767506387, networkLocation: /default-rack, certSerialId: null}
2019-08-30 00:20:39,293 | INFO  | SCMAudit | user=jenkins1000 | ip=192.168.69.124 | op=REGISTER {datanodeDetails=098b7a6f-8c1f-4063-9e74-22bffe699939{ip: 192.168.69.124, host: pr-hdds-2050-pz9tn-2767506387, networkLocation: /default-rack, certSerialId: null}} | ret=SUCCESS |  
2019-08-30 00:20:39,309 [pool-450-thread-1] INFO  storage.RaftStorage (RaftStorage.java:format(72)) - Storage directory /workdir/hadoop-ozone/integration-test/target/test-dir/MiniOzoneClusterImpl-843f3514-af11-4b58-9f84-2dae9c3286a9/datanode-1/data/ratis/cadfea23-83b2-4238-8a62-d7a384a04320 has been successfully formatted.
2019-08-30 00:20:39,310 [pool-450-thread-1] INFO  ratis.ContainerStateMachine (ContainerStateMachine.java:loadSnapshot(227)) - group-D7A384A04320: The snapshot info is null. Setting the last applied indexto:(t:0, i:~)
2019-08-30 00:20:39,310 [pool-450-thread-1] INFO  server.RaftServerConfigKeys (ConfUtils.java:logGet(43)) - raft.server.leader.election.timeout = 120s (custom)
2019-08-30 00:20:39,310 [pool-450-thread-1] INFO  server.RaftServerConfigKeys (ConfUtils.java:logGet(43)) - raft.server.log.use.memory = false (default)
2019-08-30 00:20:39,310 [pool-450-thread-1] INFO  server.RaftServerConfigKeys (ConfUtils.java:logGet(43)) - raft.server.log.purge.gap = 1000000 (custom)
2019-08-30 00:20:39,310 [pool-450-thread-1] INFO  server.RaftServerConfigKeys (ConfUtils.java:logGet(43)) - raft.server.log.appender.buffer.byte-limit = 33554432 (custom)
2019-08-30 00:20:39,310 [pool-450-thread-1] INFO  server.RaftServerConfigKeys (ConfUtils.java:logGet(43)) - raft.server.log.segment.size.max = 1048576 (custom)
2019-08-30 00:20:39,310 [pool-450-thread-1] INFO  server.RaftServerConfigKeys (ConfUtils.java:logGet(43)) - raft.server.log.segment.cache.num.max = 2 (custom)
2019-08-30 00:20:39,311 [pool-450-thread-1] INFO  segmented.SegmentedRaftLogWorker (SegmentedRaftLogWorker.java:<init>(172)) - new 5d2fad20-58d4-4d60-9035-fb8a022f1e71-SegmentedRaftLogWorker:Storage Directory /workdir/hadoop-ozone/integration-test/target/test-dir/MiniOzoneClusterImpl-843f3514-af11-4b58-9f84-2dae9c3286a9/datanode-1/data/ratis/cadfea23-83b2-4238-8a62-d7a384a04320 for RaftStorage:Storage Directory /workdir/hadoop-ozone/integration-test/target/test-dir/MiniOzoneClusterImpl-843f3514-af11-4b58-9f84-2dae9c3286a9/datanode-1/data/ratis/cadfea23-83b2-4238-8a62-d7a384a04320
2019-08-30 00:20:39,311 [pool-450-thread-1] INFO  server.RaftServerConfigKeys (ConfUtils.java:logGet(43)) - raft.server.log.queue.byte-limit = 2147483647 (custom)
2019-08-30 00:20:39,311 [pool-450-thread-1] INFO  server.RaftServerConfigKeys (ConfUtils.java:logGet(43)) - raft.server.log.queue.element-limit = 1024 (custom)
2019-08-30 00:20:39,311 [pool-450-thread-1] INFO  server.RaftServerConfigKeys (ConfUtils.java:logGet(43)) - raft.server.log.segment.size.max = 1048576 (custom)
2019-08-30 00:20:39,311 [pool-450-thread-1] INFO  server.RaftServerConfigKeys (ConfUtils.java:logGet(43)) - raft.server.log.preallocated.size = 16384 (custom)
2019-08-30 00:20:39,311 [pool-450-thread-1] INFO  server.RaftServerConfigKeys (ConfUtils.java:logGet(43)) - raft.server.log.write.buffer.size = 33554432 (custom)
2019-08-30 00:20:39,311 [pool-450-thread-1] INFO  server.RaftServerConfigKeys (ConfUtils.java:logGet(43)) - raft.server.log.force.sync.num = 128 (default)
2019-08-30 00:20:39,312 [pool-450-thread-1] INFO  server.RaftServerConfigKeys (ConfUtils.java:logGet(43)) - raft.server.log.statemachine.data.sync = true (default)
2019-08-30 00:20:39,312 [pool-450-thread-1] INFO  server.RaftServerConfigKeys (ConfUtils.java:logGet(43)) - raft.server.log.statemachine.data.sync.timeout = 10s (default)
2019-08-30 00:20:39,312 [pool-450-thread-1] INFO  server.RaftServerConfigKeys (ConfUtils.java:logGet(43)) - raft.server.log.statemachine.data.sync.timeout.retry = -1 (default)
2019-08-30 00:20:39,312 [pool-450-thread-1] INFO  server.RaftServerConfigKeys (ConfUtils.java:logGet(43)) - raft.server.log.statemachine.data.caching.enabled = true (custom)
2019-08-30 00:20:39,313 [pool-450-thread-1] INFO  segmented.SegmentedRaftLogWorker (SegmentedRaftLogWorker.java:lambda$new$0(132)) - 5d2fad20-58d4-4d60-9035-fb8a022f1e71-SegmentedRaftLogWorker:Storage Directory /workdir/hadoop-ozone/integration-test/target/test-dir/MiniOzoneClusterImpl-843f3514-af11-4b58-9f84-2dae9c3286a9/datanode-1/data/ratis/cadfea23-83b2-4238-8a62-d7a384a04320: flushIndex: setUnconditionally 0 -> -1
2019-08-30 00:20:39,313 [pool-450-thread-1] INFO  server.RaftServerConfigKeys (ConfUtils.java:logGet(43)) - raft.server.snapshot.auto.trigger.enabled = true (custom)
2019-08-30 00:20:39,313 [pool-450-thread-1] INFO  server.RaftServerConfigKeys (ConfUtils.java:logGet(43)) - raft.server.snapshot.auto.trigger.threshold = 10000 (custom)
2019-08-30 00:20:39,314 [pool-450-thread-1] INFO  server.RaftServerConfigKeys (ConfUtils.java:logGet(43)) - raft.server.retrycache.expirytime = 600000ms (custom)
2019-08-30 00:20:39,314 [pool-450-thread-1] INFO  impl.RaftServerImpl (RaftServerImpl.java:start(180)) - 5d2fad20-58d4-4d60-9035-fb8a022f1e71: start group-D7A384A04320
2019-08-30 00:20:39,314 [pool-450-thread-1] INFO  impl.RaftServerImpl (RaftServerImpl.java:setRole(171)) - 5d2fad20-58d4-4d60-9035-fb8a022f1e71:group-D7A384A04320 changes role from null to FOLLOWER at term 0 for startAsFollower
2019-08-30 00:20:39,314 [pool-450-thread-1] INFO  impl.RoleInfo (RoleInfo.java:updateAndGet(143)) - 5d2fad20-58d4-4d60-9035-fb8a022f1e71: start FollowerState
2019-08-30 00:20:39,314 [pool-450-thread-1] INFO  util.JmxRegister (JmxRegister.java:tryRegister(44)) - Successfully registered JMX Bean with object name Ratis:service=RaftServer,group=group-D7A384A04320,id=5d2fad20-58d4-4d60-9035-fb8a022f1e71
2019-08-30 00:20:39,317 [RatisPipelineUtilsThread] INFO  pipeline.PipelineStateManager (PipelineStateManager.java:addPipeline(56)) - Created pipeline Pipeline[ Id: cadfea23-83b2-4238-8a62-d7a384a04320, Nodes: 5d2fad20-58d4-4d60-9035-fb8a022f1e71{ip: 192.168.69.124, host: pr-hdds-2050-pz9tn-2767506387, networkLocation: /default-rack, certSerialId: null}, Type:RATIS, Factor:ONE, State:OPEN]
2019-08-30 00:20:39,322 [grpc-default-executor-10] INFO  impl.RaftServerProxy (RaftServerProxy.java:addNew(89)) - 098b7a6f-8c1f-4063-9e74-22bffe699939: addNew group-C72CFE223CFD:[098b7a6f-8c1f-4063-9e74-22bffe699939:192.168.69.124:39388] returns group-C72CFE223CFD:java.util.concurrent.CompletableFuture@582c6953[Not completed]
2019-08-30 00:20:39,323 [pool-461-thread-1] INFO  impl.RaftServerImpl (RaftServerImpl.java:<init>(93)) - 098b7a6f-8c1f-4063-9e74-22bffe699939: new RaftServerImpl for group-C72CFE223CFD:[098b7a6f-8c1f-4063-9e74-22bffe699939:192.168.69.124:39388] with ContainerStateMachine:uninitialized
2019-08-30 00:20:39,324 [pool-461-thread-1] INFO  server.RaftServerConfigKeys (ConfUtils.java:logGet(43)) - raft.server.rpc.timeout.min = 5s (custom)
2019-08-30 00:20:39,324 [pool-461-thread-1] INFO  server.RaftServerConfigKeys (ConfUtils.java:logGet(43)) - raft.server.rpc.timeout.max = 5200ms (custom)
2019-08-30 00:20:39,324 [pool-461-thread-1] INFO  server.RaftServerConfigKeys (ConfUtils.java:logGet(43)) - raft.server.rpcslowness.timeout = 120s (custom)
2019-08-30 00:20:39,324 [pool-461-thread-1] INFO  server.RaftServerConfigKeys (ConfUtils.java:logGet(43)) - raft.server.sleep.deviation.threshold = 300 (default)
2019-08-30 00:20:39,324 [pool-461-thread-1] INFO  server.RaftServerConfigKeys (ConfUtils.java:logGet(43)) - raft.server.log.appender.install.snapshot.enabled = false (custom)
2019-08-30 00:20:39,324 [pool-461-thread-1] INFO  impl.RaftServerImpl (ServerState.java:<init>(105)) - 098b7a6f-8c1f-4063-9e74-22bffe699939:group-C72CFE223CFD ConfigurationManager, init=-1: [098b7a6f-8c1f-4063-9e74-22bffe699939:192.168.69.124:39388], old=null, confs=<EMPTY_MAP>
2019-08-30 00:20:39,324 [pool-461-thread-1] INFO  server.RaftServerConfigKeys (ConfUtils.java:logGet(43)) - raft.server.storage.dir = [/workdir/hadoop-ozone/integration-test/target/test-dir/MiniOzoneClusterImpl-843f3514-af11-4b58-9f84-2dae9c3286a9/datanode-2/data/ratis] (custom)
2019-08-30 00:20:39,325 [pool-461-thread-1] INFO  storage.RaftStorageDirectory (RaftStorageDirectory.java:analyzeStorage(246)) - The storage directory /workdir/hadoop-ozone/integration-test/target/test-dir/MiniOzoneClusterImpl-843f3514-af11-4b58-9f84-2dae9c3286a9/datanode-2/data/ratis/2cf55286-aaf6-4577-bbf6-c72cfe223cfd does not exist. Creating ...
2019-08-30 00:20:39,347 [pool-461-thread-1] INFO  storage.RaftStorageDirectory (RaftStorageDirectory.java:tryLock(328)) - Lock on /workdir/hadoop-ozone/integration-test/target/test-dir/MiniOzoneClusterImpl-843f3514-af11-4b58-9f84-2dae9c3286a9/datanode-2/data/ratis/2cf55286-aaf6-4577-bbf6-c72cfe223cfd/in_use.lock acquired by nodename 17093@pr-hdds-2050-pz9tn-2767506387
2019-08-30 00:20:39,352 [IPC Server handler 2 on 39268] INFO  net.NetworkTopology (NetworkTopologyImpl.java:add(110)) - Added a new node: /default-rack/1701a4f3-0515-4fb0-ace0-0a2e26b8a377
2019-08-30 00:20:39,353 [IPC Server handler 2 on 39268] INFO  node.SCMNodeManager (SCMNodeManager.java:register(273)) - Registered Data node : 1701a4f3-0515-4fb0-ace0-0a2e26b8a377{ip: 192.168.69.124, host: pr-hdds-2050-pz9tn-2767506387, networkLocation: /default-rack, certSerialId: null}
2019-08-30 00:20:39,353 | INFO  | SCMAudit | user=jenkins1000 | ip=192.168.69.124 | op=REGISTER {datanodeDetails=1701a4f3-0515-4fb0-ace0-0a2e26b8a377{ip: 192.168.69.124, host: pr-hdds-2050-pz9tn-2767506387, networkLocation: /default-rack, certSerialId: null}} | ret=SUCCESS |  
2019-08-30 00:20:39,386 [pool-461-thread-1] INFO  storage.RaftStorage (RaftStorage.java:format(72)) - Storage directory /workdir/hadoop-ozone/integration-test/target/test-dir/MiniOzoneClusterImpl-843f3514-af11-4b58-9f84-2dae9c3286a9/datanode-2/data/ratis/2cf55286-aaf6-4577-bbf6-c72cfe223cfd has been successfully formatted.
2019-08-30 00:20:39,386 [pool-461-thread-1] INFO  ratis.ContainerStateMachine (ContainerStateMachine.java:loadSnapshot(227)) - group-C72CFE223CFD: The snapshot info is null. Setting the last applied indexto:(t:0, i:~)
2019-08-30 00:20:39,387 [pool-461-thread-1] INFO  server.RaftServerConfigKeys (ConfUtils.java:logGet(43)) - raft.server.leader.election.timeout = 120s (custom)
2019-08-30 00:20:39,387 [pool-461-thread-1] INFO  server.RaftServerConfigKeys (ConfUtils.java:logGet(43)) - raft.server.log.use.memory = false (default)
2019-08-30 00:20:39,387 [pool-461-thread-1] INFO  server.RaftServerConfigKeys (ConfUtils.java:logGet(43)) - raft.server.log.purge.gap = 1000000 (custom)
2019-08-30 00:20:39,387 [pool-461-thread-1] INFO  server.RaftServerConfigKeys (ConfUtils.java:logGet(43)) - raft.server.log.appender.buffer.byte-limit = 33554432 (custom)
2019-08-30 00:20:39,387 [pool-461-thread-1] INFO  server.RaftServerConfigKeys (ConfUtils.java:logGet(43)) - raft.server.log.segment.size.max = 1048576 (custom)
2019-08-30 00:20:39,388 [pool-461-thread-1] INFO  server.RaftServerConfigKeys (ConfUtils.java:logGet(43)) - raft.server.log.segment.cache.num.max = 2 (custom)
2019-08-30 00:20:39,388 [pool-461-thread-1] INFO  segmented.SegmentedRaftLogWorker (SegmentedRaftLogWorker.java:<init>(172)) - new 098b7a6f-8c1f-4063-9e74-22bffe699939-SegmentedRaftLogWorker:Storage Directory /workdir/hadoop-ozone/integration-test/target/test-dir/MiniOzoneClusterImpl-843f3514-af11-4b58-9f84-2dae9c3286a9/datanode-2/data/ratis/2cf55286-aaf6-4577-bbf6-c72cfe223cfd for RaftStorage:Storage Directory /workdir/hadoop-ozone/integration-test/target/test-dir/MiniOzoneClusterImpl-843f3514-af11-4b58-9f84-2dae9c3286a9/datanode-2/data/ratis/2cf55286-aaf6-4577-bbf6-c72cfe223cfd
2019-08-30 00:20:39,388 [pool-461-thread-1] INFO  server.RaftServerConfigKeys (ConfUtils.java:logGet(43)) - raft.server.log.queue.byte-limit = 2147483647 (custom)
2019-08-30 00:20:39,388 [pool-461-thread-1] INFO  server.RaftServerConfigKeys (ConfUtils.java:logGet(43)) - raft.server.log.queue.element-limit = 1024 (custom)
2019-08-30 00:20:39,389 [pool-461-thread-1] INFO  server.RaftServerConfigKeys (ConfUtils.java:logGet(43)) - raft.server.log.segment.size.max = 1048576 (custom)
2019-08-30 00:20:39,389 [pool-461-thread-1] INFO  server.RaftServerConfigKeys (ConfUtils.java:logGet(43)) - raft.server.log.preallocated.size = 16384 (custom)
2019-08-30 00:20:39,389 [pool-461-thread-1] INFO  server.RaftServerConfigKeys (ConfUtils.java:logGet(43)) - raft.server.log.write.buffer.size = 33554432 (custom)
2019-08-30 00:20:39,389 [pool-461-thread-1] INFO  server.RaftServerConfigKeys (ConfUtils.java:logGet(43)) - raft.server.log.force.sync.num = 128 (default)
2019-08-30 00:20:39,389 [pool-461-thread-1] INFO  server.RaftServerConfigKeys (ConfUtils.java:logGet(43)) - raft.server.log.statemachine.data.sync = true (default)
2019-08-30 00:20:39,389 [pool-461-thread-1] INFO  server.RaftServerConfigKeys (ConfUtils.java:logGet(43)) - raft.server.log.statemachine.data.sync.timeout = 10s (default)
2019-08-30 00:20:39,390 [pool-461-thread-1] INFO  server.RaftServerConfigKeys (ConfUtils.java:logGet(43)) - raft.server.log.statemachine.data.sync.timeout.retry = -1 (default)
2019-08-30 00:20:39,390 [pool-461-thread-1] INFO  server.RaftServerConfigKeys (ConfUtils.java:logGet(43)) - raft.server.log.statemachine.data.caching.enabled = true (custom)
2019-08-30 00:20:39,390 [pool-461-thread-1] INFO  segmented.SegmentedRaftLogWorker (SegmentedRaftLogWorker.java:lambda$new$0(132)) - 098b7a6f-8c1f-4063-9e74-22bffe699939-SegmentedRaftLogWorker:Storage Directory /workdir/hadoop-ozone/integration-test/target/test-dir/MiniOzoneClusterImpl-843f3514-af11-4b58-9f84-2dae9c3286a9/datanode-2/data/ratis/2cf55286-aaf6-4577-bbf6-c72cfe223cfd: flushIndex: setUnconditionally 0 -> -1
2019-08-30 00:20:39,391 [pool-461-thread-1] INFO  server.RaftServerConfigKeys (ConfUtils.java:logGet(43)) - raft.server.snapshot.auto.trigger.enabled = true (custom)
2019-08-30 00:20:39,391 [pool-461-thread-1] INFO  server.RaftServerConfigKeys (ConfUtils.java:logGet(43)) - raft.server.snapshot.auto.trigger.threshold = 10000 (custom)
2019-08-30 00:20:39,391 [pool-461-thread-1] INFO  server.RaftServerConfigKeys (ConfUtils.java:logGet(43)) - raft.server.retrycache.expirytime = 600000ms (custom)
2019-08-30 00:20:39,391 [pool-461-thread-1] INFO  impl.RaftServerImpl (RaftServerImpl.java:start(180)) - 098b7a6f-8c1f-4063-9e74-22bffe699939: start group-C72CFE223CFD
2019-08-30 00:20:39,391 [pool-461-thread-1] INFO  impl.RaftServerImpl (RaftServerImpl.java:setRole(171)) - 098b7a6f-8c1f-4063-9e74-22bffe699939:group-C72CFE223CFD changes role from null to FOLLOWER at term 0 for startAsFollower
2019-08-30 00:20:39,392 [pool-461-thread-1] INFO  impl.RoleInfo (RoleInfo.java:updateAndGet(143)) - 098b7a6f-8c1f-4063-9e74-22bffe699939: start FollowerState
2019-08-30 00:20:39,392 [pool-461-thread-1] INFO  util.JmxRegister (JmxRegister.java:tryRegister(44)) - Successfully registered JMX Bean with object name Ratis:service=RaftServer,group=group-C72CFE223CFD,id=098b7a6f-8c1f-4063-9e74-22bffe699939
2019-08-30 00:20:39,394 [RatisPipelineUtilsThread] INFO  pipeline.PipelineStateManager (PipelineStateManager.java:addPipeline(56)) - Created pipeline Pipeline[ Id: 2cf55286-aaf6-4577-bbf6-c72cfe223cfd, Nodes: 098b7a6f-8c1f-4063-9e74-22bffe699939{ip: 192.168.69.124, host: pr-hdds-2050-pz9tn-2767506387, networkLocation: /default-rack, certSerialId: null}, Type:RATIS, Factor:ONE, State:OPEN]
2019-08-30 00:20:39,402 [grpc-default-executor-10] INFO  impl.RaftServerProxy (RaftServerProxy.java:addNew(89)) - 1701a4f3-0515-4fb0-ace0-0a2e26b8a377: addNew group-3535EE5142AA:[1701a4f3-0515-4fb0-ace0-0a2e26b8a377:192.168.69.124:33087] returns group-3535EE5142AA:java.util.concurrent.CompletableFuture@743de942[Not completed]
2019-08-30 00:20:39,403 [pool-472-thread-1] INFO  impl.RaftServerImpl (RaftServerImpl.java:<init>(93)) - 1701a4f3-0515-4fb0-ace0-0a2e26b8a377: new RaftServerImpl for group-3535EE5142AA:[1701a4f3-0515-4fb0-ace0-0a2e26b8a377:192.168.69.124:33087] with ContainerStateMachine:uninitialized
2019-08-30 00:20:39,404 [pool-472-thread-1] INFO  server.RaftServerConfigKeys (ConfUtils.java:logGet(43)) - raft.server.rpc.timeout.min = 5s (custom)
2019-08-30 00:20:39,404 [pool-472-thread-1] INFO  server.RaftServerConfigKeys (ConfUtils.java:logGet(43)) - raft.server.rpc.timeout.max = 5200ms (custom)
2019-08-30 00:20:39,404 [pool-472-thread-1] INFO  server.RaftServerConfigKeys (ConfUtils.java:logGet(43)) - raft.server.rpcslowness.timeout = 120s (custom)
2019-08-30 00:20:39,404 [pool-472-thread-1] INFO  server.RaftServerConfigKeys (ConfUtils.java:logGet(43)) - raft.server.sleep.deviation.threshold = 300 (default)
2019-08-30 00:20:39,404 [pool-472-thread-1] INFO  server.RaftServerConfigKeys (ConfUtils.java:logGet(43)) - raft.server.log.appender.install.snapshot.enabled = false (custom)
2019-08-30 00:20:39,404 [pool-472-thread-1] INFO  impl.RaftServerImpl (ServerState.java:<init>(105)) - 1701a4f3-0515-4fb0-ace0-0a2e26b8a377:group-3535EE5142AA ConfigurationManager, init=-1: [1701a4f3-0515-4fb0-ace0-0a2e26b8a377:192.168.69.124:33087], old=null, confs=<EMPTY_MAP>
2019-08-30 00:20:39,405 [pool-472-thread-1] INFO  server.RaftServerConfigKeys (ConfUtils.java:logGet(43)) - raft.server.storage.dir = [/workdir/hadoop-ozone/integration-test/target/test-dir/MiniOzoneClusterImpl-843f3514-af11-4b58-9f84-2dae9c3286a9/datanode-3/data/ratis] (custom)
2019-08-30 00:20:39,405 [pool-472-thread-1] INFO  storage.RaftStorageDirectory (RaftStorageDirectory.java:analyzeStorage(246)) - The storage directory /workdir/hadoop-ozone/integration-test/target/test-dir/MiniOzoneClusterImpl-843f3514-af11-4b58-9f84-2dae9c3286a9/datanode-3/data/ratis/b5724f15-9099-4d31-8ded-3535ee5142aa does not exist. Creating ...
2019-08-30 00:20:39,415 [IPC Server handler 6 on 39268] INFO  net.NetworkTopology (NetworkTopologyImpl.java:add(110)) - Added a new node: /default-rack/a901cee4-1ca4-4af7-8de9-61e3c1ec06a1
2019-08-30 00:20:39,415 [IPC Server handler 6 on 39268] INFO  node.SCMNodeManager (SCMNodeManager.java:register(273)) - Registered Data node : a901cee4-1ca4-4af7-8de9-61e3c1ec06a1{ip: 192.168.69.124, host: pr-hdds-2050-pz9tn-2767506387, networkLocation: /default-rack, certSerialId: null}
2019-08-30 00:20:39,416 | INFO  | SCMAudit | user=jenkins1000 | ip=192.168.69.124 | op=REGISTER {datanodeDetails=a901cee4-1ca4-4af7-8de9-61e3c1ec06a1{ip: 192.168.69.124, host: pr-hdds-2050-pz9tn-2767506387, networkLocation: /default-rack, certSerialId: null}} | ret=SUCCESS |  
2019-08-30 00:20:39,429 [pool-472-thread-1] INFO  storage.RaftStorageDirectory (RaftStorageDirectory.java:tryLock(328)) - Lock on /workdir/hadoop-ozone/integration-test/target/test-dir/MiniOzoneClusterImpl-843f3514-af11-4b58-9f84-2dae9c3286a9/datanode-3/data/ratis/b5724f15-9099-4d31-8ded-3535ee5142aa/in_use.lock acquired by nodename 17093@pr-hdds-2050-pz9tn-2767506387
2019-08-30 00:20:39,452 [pool-472-thread-1] INFO  storage.RaftStorage (RaftStorage.java:format(72)) - Storage directory /workdir/hadoop-ozone/integration-test/target/test-dir/MiniOzoneClusterImpl-843f3514-af11-4b58-9f84-2dae9c3286a9/datanode-3/data/ratis/b5724f15-9099-4d31-8ded-3535ee5142aa has been successfully formatted.
2019-08-30 00:20:39,452 [pool-472-thread-1] INFO  ratis.ContainerStateMachine (ContainerStateMachine.java:loadSnapshot(227)) - group-3535EE5142AA: The snapshot info is null. Setting the last applied indexto:(t:0, i:~)
2019-08-30 00:20:39,453 [pool-472-thread-1] INFO  server.RaftServerConfigKeys (ConfUtils.java:logGet(43)) - raft.server.leader.election.timeout = 120s (custom)
2019-08-30 00:20:39,453 [pool-472-thread-1] INFO  server.RaftServerConfigKeys (ConfUtils.java:logGet(43)) - raft.server.log.use.memory = false (default)
2019-08-30 00:20:39,453 [pool-472-thread-1] INFO  server.RaftServerConfigKeys (ConfUtils.java:logGet(43)) - raft.server.log.purge.gap = 1000000 (custom)
2019-08-30 00:20:39,453 [pool-472-thread-1] INFO  server.RaftServerConfigKeys (ConfUtils.java:logGet(43)) - raft.server.log.appender.buffer.byte-limit = 33554432 (custom)
2019-08-30 00:20:39,453 [pool-472-thread-1] INFO  server.RaftServerConfigKeys (ConfUtils.java:logGet(43)) - raft.server.log.segment.size.max = 1048576 (custom)
2019-08-30 00:20:39,453 [pool-472-thread-1] INFO  server.RaftServerConfigKeys (ConfUtils.java:logGet(43)) - raft.server.log.segment.cache.num.max = 2 (custom)
2019-08-30 00:20:39,453 [pool-472-thread-1] INFO  segmented.SegmentedRaftLogWorker (SegmentedRaftLogWorker.java:<init>(172)) - new 1701a4f3-0515-4fb0-ace0-0a2e26b8a377-SegmentedRaftLogWorker:Storage Directory /workdir/hadoop-ozone/integration-test/target/test-dir/MiniOzoneClusterImpl-843f3514-af11-4b58-9f84-2dae9c3286a9/datanode-3/data/ratis/b5724f15-9099-4d31-8ded-3535ee5142aa for RaftStorage:Storage Directory /workdir/hadoop-ozone/integration-test/target/test-dir/MiniOzoneClusterImpl-843f3514-af11-4b58-9f84-2dae9c3286a9/datanode-3/data/ratis/b5724f15-9099-4d31-8ded-3535ee5142aa
2019-08-30 00:20:39,454 [pool-472-thread-1] INFO  server.RaftServerConfigKeys (ConfUtils.java:logGet(43)) - raft.server.log.queue.byte-limit = 2147483647 (custom)
2019-08-30 00:20:39,454 [pool-472-thread-1] INFO  server.RaftServerConfigKeys (ConfUtils.java:logGet(43)) - raft.server.log.queue.element-limit = 1024 (custom)
2019-08-30 00:20:39,454 [pool-472-thread-1] INFO  server.RaftServerConfigKeys (ConfUtils.java:logGet(43)) - raft.server.log.segment.size.max = 1048576 (custom)
2019-08-30 00:20:39,454 [pool-472-thread-1] INFO  server.RaftServerConfigKeys (ConfUtils.java:logGet(43)) - raft.server.log.preallocated.size = 16384 (custom)
2019-08-30 00:20:39,454 [pool-472-thread-1] INFO  server.RaftServerConfigKeys (ConfUtils.java:logGet(43)) - raft.server.log.write.buffer.size = 33554432 (custom)
2019-08-30 00:20:39,454 [pool-472-thread-1] INFO  server.RaftServerConfigKeys (ConfUtils.java:logGet(43)) - raft.server.log.force.sync.num = 128 (default)
2019-08-30 00:20:39,455 [pool-472-thread-1] INFO  server.RaftServerConfigKeys (ConfUtils.java:logGet(43)) - raft.server.log.statemachine.data.sync = true (default)
2019-08-30 00:20:39,455 [pool-472-thread-1] INFO  server.RaftServerConfigKeys (ConfUtils.java:logGet(43)) - raft.server.log.statemachine.data.sync.timeout = 10s (default)
2019-08-30 00:20:39,455 [pool-472-thread-1] INFO  server.RaftServerConfigKeys (ConfUtils.java:logGet(43)) - raft.server.log.statemachine.data.sync.timeout.retry = -1 (default)
2019-08-30 00:20:39,455 [pool-472-thread-1] INFO  server.RaftServerConfigKeys (ConfUtils.java:logGet(43)) - raft.server.log.statemachine.data.caching.enabled = true (custom)
2019-08-30 00:20:39,456 [pool-472-thread-1] INFO  segmented.SegmentedRaftLogWorker (SegmentedRaftLogWorker.java:lambda$new$0(132)) - 1701a4f3-0515-4fb0-ace0-0a2e26b8a377-SegmentedRaftLogWorker:Storage Directory /workdir/hadoop-ozone/integration-test/target/test-dir/MiniOzoneClusterImpl-843f3514-af11-4b58-9f84-2dae9c3286a9/datanode-3/data/ratis/b5724f15-9099-4d31-8ded-3535ee5142aa: flushIndex: setUnconditionally 0 -> -1
2019-08-30 00:20:39,456 [pool-472-thread-1] INFO  server.RaftServerConfigKeys (ConfUtils.java:logGet(43)) - raft.server.snapshot.auto.trigger.enabled = true (custom)
2019-08-30 00:20:39,456 [pool-472-thread-1] INFO  server.RaftServerConfigKeys (ConfUtils.java:logGet(43)) - raft.server.snapshot.auto.trigger.threshold = 10000 (custom)
2019-08-30 00:20:39,456 [pool-472-thread-1] INFO  server.RaftServerConfigKeys (ConfUtils.java:logGet(43)) - raft.server.retrycache.expirytime = 600000ms (custom)
2019-08-30 00:20:39,457 [pool-472-thread-1] INFO  impl.RaftServerImpl (RaftServerImpl.java:start(180)) - 1701a4f3-0515-4fb0-ace0-0a2e26b8a377: start group-3535EE5142AA
2019-08-30 00:20:39,457 [pool-472-thread-1] INFO  impl.RaftServerImpl (RaftServerImpl.java:setRole(171)) - 1701a4f3-0515-4fb0-ace0-0a2e26b8a377:group-3535EE5142AA changes role from null to FOLLOWER at term 0 for startAsFollower
2019-08-30 00:20:39,457 [pool-472-thread-1] INFO  impl.RoleInfo (RoleInfo.java:updateAndGet(143)) - 1701a4f3-0515-4fb0-ace0-0a2e26b8a377: start FollowerState
2019-08-30 00:20:39,467 [pool-472-thread-1] INFO  util.JmxRegister (JmxRegister.java:tryRegister(44)) - Successfully registered JMX Bean with object name Ratis:service=RaftServer,group=group-3535EE5142AA,id=1701a4f3-0515-4fb0-ace0-0a2e26b8a377
2019-08-30 00:20:39,475 [RatisPipelineUtilsThread] INFO  pipeline.PipelineStateManager (PipelineStateManager.java:addPipeline(56)) - Created pipeline Pipeline[ Id: b5724f15-9099-4d31-8ded-3535ee5142aa, Nodes: 1701a4f3-0515-4fb0-ace0-0a2e26b8a377{ip: 192.168.69.124, host: pr-hdds-2050-pz9tn-2767506387, networkLocation: /default-rack, certSerialId: null}, Type:RATIS, Factor:ONE, State:OPEN]
2019-08-30 00:20:39,483 [grpc-default-executor-10] INFO  impl.RaftServerProxy (RaftServerProxy.java:addNew(89)) - a901cee4-1ca4-4af7-8de9-61e3c1ec06a1: addNew group-DB8991316369:[a901cee4-1ca4-4af7-8de9-61e3c1ec06a1:192.168.69.124:34970] returns group-DB8991316369:java.util.concurrent.CompletableFuture@1295c964[Not completed]
2019-08-30 00:20:39,484 [pool-483-thread-1] INFO  impl.RaftServerImpl (RaftServerImpl.java:<init>(93)) - a901cee4-1ca4-4af7-8de9-61e3c1ec06a1: new RaftServerImpl for group-DB8991316369:[a901cee4-1ca4-4af7-8de9-61e3c1ec06a1:192.168.69.124:34970] with ContainerStateMachine:uninitialized
2019-08-30 00:20:39,484 [pool-483-thread-1] INFO  server.RaftServerConfigKeys (ConfUtils.java:logGet(43)) - raft.server.rpc.timeout.min = 5s (custom)
2019-08-30 00:20:39,484 [pool-483-thread-1] INFO  server.RaftServerConfigKeys (ConfUtils.java:logGet(43)) - raft.server.rpc.timeout.max = 5200ms (custom)
2019-08-30 00:20:39,484 [pool-483-thread-1] INFO  server.RaftServerConfigKeys (ConfUtils.java:logGet(43)) - raft.server.rpcslowness.timeout = 120s (custom)
2019-08-30 00:20:39,485 [pool-483-thread-1] INFO  server.RaftServerConfigKeys (ConfUtils.java:logGet(43)) - raft.server.sleep.deviation.threshold = 300 (default)
2019-08-30 00:20:39,485 [pool-483-thread-1] INFO  server.RaftServerConfigKeys (ConfUtils.java:logGet(43)) - raft.server.log.appender.install.snapshot.enabled = false (custom)
2019-08-30 00:20:39,485 [pool-483-thread-1] INFO  impl.RaftServerImpl (ServerState.java:<init>(105)) - a901cee4-1ca4-4af7-8de9-61e3c1ec06a1:group-DB8991316369 ConfigurationManager, init=-1: [a901cee4-1ca4-4af7-8de9-61e3c1ec06a1:192.168.69.124:34970], old=null, confs=<EMPTY_MAP>
2019-08-30 00:20:39,485 [pool-483-thread-1] INFO  server.RaftServerConfigKeys (ConfUtils.java:logGet(43)) - raft.server.storage.dir = [/workdir/hadoop-ozone/integration-test/target/test-dir/MiniOzoneClusterImpl-843f3514-af11-4b58-9f84-2dae9c3286a9/datanode-4/data/ratis] (custom)
2019-08-30 00:20:39,486 [pool-483-thread-1] INFO  storage.RaftStorageDirectory (RaftStorageDirectory.java:analyzeStorage(246)) - The storage directory /workdir/hadoop-ozone/integration-test/target/test-dir/MiniOzoneClusterImpl-843f3514-af11-4b58-9f84-2dae9c3286a9/datanode-4/data/ratis/ff74b08b-3eb3-4356-9103-db8991316369 does not exist. Creating ...
2019-08-30 00:20:39,499 [IPC Server handler 5 on 39268] INFO  net.NetworkTopology (NetworkTopologyImpl.java:add(110)) - Added a new node: /default-rack/722b0ac7-031f-47c9-b3f5-fbc30035f474
2019-08-30 00:20:39,499 [IPC Server handler 5 on 39268] INFO  node.SCMNodeManager (SCMNodeManager.java:register(273)) - Registered Data node : 722b0ac7-031f-47c9-b3f5-fbc30035f474{ip: 192.168.69.124, host: pr-hdds-2050-pz9tn-2767506387, networkLocation: /default-rack, certSerialId: null}
2019-08-30 00:20:39,499 | INFO  | SCMAudit | user=jenkins1000 | ip=192.168.69.124 | op=REGISTER {datanodeDetails=722b0ac7-031f-47c9-b3f5-fbc30035f474{ip: 192.168.69.124, host: pr-hdds-2050-pz9tn-2767506387, networkLocation: /default-rack, certSerialId: null}} | ret=SUCCESS |  
2019-08-30 00:20:39,509 [pool-483-thread-1] INFO  storage.RaftStorageDirectory (RaftStorageDirectory.java:tryLock(328)) - Lock on /workdir/hadoop-ozone/integration-test/target/test-dir/MiniOzoneClusterImpl-843f3514-af11-4b58-9f84-2dae9c3286a9/datanode-4/data/ratis/ff74b08b-3eb3-4356-9103-db8991316369/in_use.lock acquired by nodename 17093@pr-hdds-2050-pz9tn-2767506387
2019-08-30 00:20:39,549 [pool-483-thread-1] INFO  storage.RaftStorage (RaftStorage.java:format(72)) - Storage directory /workdir/hadoop-ozone/integration-test/target/test-dir/MiniOzoneClusterImpl-843f3514-af11-4b58-9f84-2dae9c3286a9/datanode-4/data/ratis/ff74b08b-3eb3-4356-9103-db8991316369 has been successfully formatted.
2019-08-30 00:20:39,549 [pool-483-thread-1] INFO  ratis.ContainerStateMachine (ContainerStateMachine.java:loadSnapshot(227)) - group-DB8991316369: The snapshot info is null. Setting the last applied indexto:(t:0, i:~)
2019-08-30 00:20:39,550 [pool-483-thread-1] INFO  server.RaftServerConfigKeys (ConfUtils.java:logGet(43)) - raft.server.leader.election.timeout = 120s (custom)
2019-08-30 00:20:39,550 [pool-483-thread-1] INFO  server.RaftServerConfigKeys (ConfUtils.java:logGet(43)) - raft.server.log.use.memory = false (default)
2019-08-30 00:20:39,550 [pool-483-thread-1] INFO  server.RaftServerConfigKeys (ConfUtils.java:logGet(43)) - raft.server.log.purge.gap = 1000000 (custom)
2019-08-30 00:20:39,550 [pool-483-thread-1] INFO  server.RaftServerConfigKeys (ConfUtils.java:logGet(43)) - raft.server.log.appender.buffer.byte-limit = 33554432 (custom)
2019-08-30 00:20:39,550 [pool-483-thread-1] INFO  server.RaftServerConfigKeys (ConfUtils.java:logGet(43)) - raft.server.log.segment.size.max = 1048576 (custom)
2019-08-30 00:20:39,550 [pool-483-thread-1] INFO  server.RaftServerConfigKeys (ConfUtils.java:logGet(43)) - raft.server.log.segment.cache.num.max = 2 (custom)
2019-08-30 00:20:39,551 [pool-483-thread-1] INFO  segmented.SegmentedRaftLogWorker (SegmentedRaftLogWorker.java:<init>(172)) - new a901cee4-1ca4-4af7-8de9-61e3c1ec06a1-SegmentedRaftLogWorker:Storage Directory /workdir/hadoop-ozone/integration-test/target/test-dir/MiniOzoneClusterImpl-843f3514-af11-4b58-9f84-2dae9c3286a9/datanode-4/data/ratis/ff74b08b-3eb3-4356-9103-db8991316369 for RaftStorage:Storage Directory /workdir/hadoop-ozone/integration-test/target/test-dir/MiniOzoneClusterImpl-843f3514-af11-4b58-9f84-2dae9c3286a9/datanode-4/data/ratis/ff74b08b-3eb3-4356-9103-db8991316369
2019-08-30 00:20:39,551 [pool-483-thread-1] INFO  server.RaftServerConfigKeys (ConfUtils.java:logGet(43)) - raft.server.log.queue.byte-limit = 2147483647 (custom)
2019-08-30 00:20:39,551 [pool-483-thread-1] INFO  server.RaftServerConfigKeys (ConfUtils.java:logGet(43)) - raft.server.log.queue.element-limit = 1024 (custom)
2019-08-30 00:20:39,551 [pool-483-thread-1] INFO  server.RaftServerConfigKeys (ConfUtils.java:logGet(43)) - raft.server.log.segment.size.max = 1048576 (custom)
2019-08-30 00:20:39,552 [pool-483-thread-1] INFO  server.RaftServerConfigKeys (ConfUtils.java:logGet(43)) - raft.server.log.preallocated.size = 16384 (custom)
2019-08-30 00:20:39,552 [pool-483-thread-1] INFO  server.RaftServerConfigKeys (ConfUtils.java:logGet(43)) - raft.server.log.write.buffer.size = 33554432 (custom)
2019-08-30 00:20:39,552 [pool-483-thread-1] INFO  server.RaftServerConfigKeys (ConfUtils.java:logGet(43)) - raft.server.log.force.sync.num = 128 (default)
2019-08-30 00:20:39,552 [pool-483-thread-1] INFO  server.RaftServerConfigKeys (ConfUtils.java:logGet(43)) - raft.server.log.statemachine.data.sync = true (default)
2019-08-30 00:20:39,552 [pool-483-thread-1] INFO  server.RaftServerConfigKeys (ConfUtils.java:logGet(43)) - raft.server.log.statemachine.data.sync.timeout = 10s (default)
2019-08-30 00:20:39,552 [pool-483-thread-1] INFO  server.RaftServerConfigKeys (ConfUtils.java:logGet(43)) - raft.server.log.statemachine.data.sync.timeout.retry = -1 (default)
2019-08-30 00:20:39,553 [pool-483-thread-1] INFO  server.RaftServerConfigKeys (ConfUtils.java:logGet(43)) - raft.server.log.statemachine.data.caching.enabled = true (custom)
2019-08-30 00:20:39,553 [pool-483-thread-1] INFO  segmented.SegmentedRaftLogWorker (SegmentedRaftLogWorker.java:lambda$new$0(132)) - a901cee4-1ca4-4af7-8de9-61e3c1ec06a1-SegmentedRaftLogWorker:Storage Directory /workdir/hadoop-ozone/integration-test/target/test-dir/MiniOzoneClusterImpl-843f3514-af11-4b58-9f84-2dae9c3286a9/datanode-4/data/ratis/ff74b08b-3eb3-4356-9103-db8991316369: flushIndex: setUnconditionally 0 -> -1
2019-08-30 00:20:39,553 [pool-483-thread-1] INFO  server.RaftServerConfigKeys (ConfUtils.java:logGet(43)) - raft.server.snapshot.auto.trigger.enabled = true (custom)
2019-08-30 00:20:39,554 [pool-483-thread-1] INFO  server.RaftServerConfigKeys (ConfUtils.java:logGet(43)) - raft.server.snapshot.auto.trigger.threshold = 10000 (custom)
2019-08-30 00:20:39,554 [pool-483-thread-1] INFO  server.RaftServerConfigKeys (ConfUtils.java:logGet(43)) - raft.server.retrycache.expirytime = 600000ms (custom)
2019-08-30 00:20:39,554 [pool-483-thread-1] INFO  impl.RaftServerImpl (RaftServerImpl.java:start(180)) - a901cee4-1ca4-4af7-8de9-61e3c1ec06a1: start group-DB8991316369
2019-08-30 00:20:39,554 [pool-483-thread-1] INFO  impl.RaftServerImpl (RaftServerImpl.java:setRole(171)) - a901cee4-1ca4-4af7-8de9-61e3c1ec06a1:group-DB8991316369 changes role from null to FOLLOWER at term 0 for startAsFollower
2019-08-30 00:20:39,554 [pool-483-thread-1] INFO  impl.RoleInfo (RoleInfo.java:updateAndGet(143)) - a901cee4-1ca4-4af7-8de9-61e3c1ec06a1: start FollowerState
2019-08-30 00:20:39,555 [pool-483-thread-1] INFO  util.JmxRegister (JmxRegister.java:tryRegister(44)) - Successfully registered JMX Bean with object name Ratis:service=RaftServer,group=group-DB8991316369,id=a901cee4-1ca4-4af7-8de9-61e3c1ec06a1
2019-08-30 00:20:39,557 [RatisPipelineUtilsThread] INFO  pipeline.PipelineStateManager (PipelineStateManager.java:addPipeline(56)) - Created pipeline Pipeline[ Id: ff74b08b-3eb3-4356-9103-db8991316369, Nodes: a901cee4-1ca4-4af7-8de9-61e3c1ec06a1{ip: 192.168.69.124, host: pr-hdds-2050-pz9tn-2767506387, networkLocation: /default-rack, certSerialId: null}, Type:RATIS, Factor:ONE, State:OPEN]
2019-08-30 00:20:39,565 [grpc-default-executor-10] INFO  impl.RaftServerProxy (RaftServerProxy.java:addNew(89)) - 722b0ac7-031f-47c9-b3f5-fbc30035f474: addNew group-04DFEE733899:[722b0ac7-031f-47c9-b3f5-fbc30035f474:192.168.69.124:41299] returns group-04DFEE733899:java.util.concurrent.CompletableFuture@2114caaf[Not completed]
2019-08-30 00:20:39,566 [pool-494-thread-1] INFO  impl.RaftServerImpl (RaftServerImpl.java:<init>(93)) - 722b0ac7-031f-47c9-b3f5-fbc30035f474: new RaftServerImpl for group-04DFEE733899:[722b0ac7-031f-47c9-b3f5-fbc30035f474:192.168.69.124:41299] with ContainerStateMachine:uninitialized
2019-08-30 00:20:39,566 [pool-494-thread-1] INFO  server.RaftServerConfigKeys (ConfUtils.java:logGet(43)) - raft.server.rpc.timeout.min = 5s (custom)
2019-08-30 00:20:39,567 [pool-494-thread-1] INFO  server.RaftServerConfigKeys (ConfUtils.java:logGet(43)) - raft.server.rpc.timeout.max = 5200ms (custom)
2019-08-30 00:20:39,567 [pool-494-thread-1] INFO  server.RaftServerConfigKeys (ConfUtils.java:logGet(43)) - raft.server.rpcslowness.timeout = 120s (custom)
2019-08-30 00:20:39,567 [pool-494-thread-1] INFO  server.RaftServerConfigKeys (ConfUtils.java:logGet(43)) - raft.server.sleep.deviation.threshold = 300 (default)
2019-08-30 00:20:39,567 [pool-494-thread-1] INFO  server.RaftServerConfigKeys (ConfUtils.java:logGet(43)) - raft.server.log.appender.install.snapshot.enabled = false (custom)
2019-08-30 00:20:39,567 [pool-494-thread-1] INFO  impl.RaftServerImpl (ServerState.java:<init>(105)) - 722b0ac7-031f-47c9-b3f5-fbc30035f474:group-04DFEE733899 ConfigurationManager, init=-1: [722b0ac7-031f-47c9-b3f5-fbc30035f474:192.168.69.124:41299], old=null, confs=<EMPTY_MAP>
2019-08-30 00:20:39,567 [pool-494-thread-1] INFO  server.RaftServerConfigKeys (ConfUtils.java:logGet(43)) - raft.server.storage.dir = [/workdir/hadoop-ozone/integration-test/target/test-dir/MiniOzoneClusterImpl-843f3514-af11-4b58-9f84-2dae9c3286a9/datanode-5/data/ratis] (custom)
2019-08-30 00:20:39,568 [pool-494-thread-1] INFO  storage.RaftStorageDirectory (RaftStorageDirectory.java:analyzeStorage(246)) - The storage directory /workdir/hadoop-ozone/integration-test/target/test-dir/MiniOzoneClusterImpl-843f3514-af11-4b58-9f84-2dae9c3286a9/datanode-5/data/ratis/572820ed-a8a1-4fbb-868d-04dfee733899 does not exist. Creating ...
2019-08-30 00:20:39,568 [main] INFO  ozone.MiniOzoneClusterImpl (MiniOzoneClusterImpl.java:lambda$waitForClusterToBeReady$0(140)) - Waiting for cluster to be ready. Got 6 of 7 DN Heartbeats.
2019-08-30 00:20:39,568 [IPC Server handler 4 on 39268] INFO  net.NetworkTopology (NetworkTopologyImpl.java:add(110)) - Added a new node: /default-rack/55fe8a5d-468d-4e42-8a20-9d338510910b
2019-08-30 00:20:39,568 [IPC Server handler 4 on 39268] INFO  node.SCMNodeManager (SCMNodeManager.java:register(273)) - Registered Data node : 55fe8a5d-468d-4e42-8a20-9d338510910b{ip: 192.168.69.124, host: pr-hdds-2050-pz9tn-2767506387, networkLocation: /default-rack, certSerialId: null}
2019-08-30 00:20:39,569 | INFO  | SCMAudit | user=jenkins1000 | ip=192.168.69.124 | op=REGISTER {datanodeDetails=55fe8a5d-468d-4e42-8a20-9d338510910b{ip: 192.168.69.124, host: pr-hdds-2050-pz9tn-2767506387, networkLocation: /default-rack, certSerialId: null}} | ret=SUCCESS |  
2019-08-30 00:20:39,591 [pool-494-thread-1] INFO  storage.RaftStorageDirectory (RaftStorageDirectory.java:tryLock(328)) - Lock on /workdir/hadoop-ozone/integration-test/target/test-dir/MiniOzoneClusterImpl-843f3514-af11-4b58-9f84-2dae9c3286a9/datanode-5/data/ratis/572820ed-a8a1-4fbb-868d-04dfee733899/in_use.lock acquired by nodename 17093@pr-hdds-2050-pz9tn-2767506387
2019-08-30 00:20:39,608 [pool-494-thread-1] INFO  storage.RaftStorage (RaftStorage.java:format(72)) - Storage directory /workdir/hadoop-ozone/integration-test/target/test-dir/MiniOzoneClusterImpl-843f3514-af11-4b58-9f84-2dae9c3286a9/datanode-5/data/ratis/572820ed-a8a1-4fbb-868d-04dfee733899 has been successfully formatted.
2019-08-30 00:20:39,608 [pool-494-thread-1] INFO  ratis.ContainerStateMachine (ContainerStateMachine.java:loadSnapshot(227)) - group-04DFEE733899: The snapshot info is null. Setting the last applied indexto:(t:0, i:~)
2019-08-30 00:20:39,609 [pool-494-thread-1] INFO  server.RaftServerConfigKeys (ConfUtils.java:logGet(43)) - raft.server.leader.election.timeout = 120s (custom)
2019-08-30 00:20:39,609 [pool-494-thread-1] INFO  server.RaftServerConfigKeys (ConfUtils.java:logGet(43)) - raft.server.log.use.memory = false (default)
2019-08-30 00:20:39,609 [pool-494-thread-1] INFO  server.RaftServerConfigKeys (ConfUtils.java:logGet(43)) - raft.server.log.purge.gap = 1000000 (custom)
2019-08-30 00:20:39,609 [pool-494-thread-1] INFO  server.RaftServerConfigKeys (ConfUtils.java:logGet(43)) - raft.server.log.appender.buffer.byte-limit = 33554432 (custom)
2019-08-30 00:20:39,609 [pool-494-thread-1] INFO  server.RaftServerConfigKeys (ConfUtils.java:logGet(43)) - raft.server.log.segment.size.max = 1048576 (custom)
2019-08-30 00:20:39,609 [pool-494-thread-1] INFO  server.RaftServerConfigKeys (ConfUtils.java:logGet(43)) - raft.server.log.segment.cache.num.max = 2 (custom)
2019-08-30 00:20:39,609 [pool-494-thread-1] INFO  segmented.SegmentedRaftLogWorker (SegmentedRaftLogWorker.java:<init>(172)) - new 722b0ac7-031f-47c9-b3f5-fbc30035f474-SegmentedRaftLogWorker:Storage Directory /workdir/hadoop-ozone/integration-test/target/test-dir/MiniOzoneClusterImpl-843f3514-af11-4b58-9f84-2dae9c3286a9/datanode-5/data/ratis/572820ed-a8a1-4fbb-868d-04dfee733899 for RaftStorage:Storage Directory /workdir/hadoop-ozone/integration-test/target/test-dir/MiniOzoneClusterImpl-843f3514-af11-4b58-9f84-2dae9c3286a9/datanode-5/data/ratis/572820ed-a8a1-4fbb-868d-04dfee733899
2019-08-30 00:20:39,609 [pool-494-thread-1] INFO  server.RaftServerConfigKeys (ConfUtils.java:logGet(43)) - raft.server.log.queue.byte-limit = 2147483647 (custom)
2019-08-30 00:20:39,610 [pool-494-thread-1] INFO  server.RaftServerConfigKeys (ConfUtils.java:logGet(43)) - raft.server.log.queue.element-limit = 1024 (custom)
2019-08-30 00:20:39,610 [pool-494-thread-1] INFO  server.RaftServerConfigKeys (ConfUtils.java:logGet(43)) - raft.server.log.segment.size.max = 1048576 (custom)
2019-08-30 00:20:39,610 [pool-494-thread-1] INFO  server.RaftServerConfigKeys (ConfUtils.java:logGet(43)) - raft.server.log.preallocated.size = 16384 (custom)
2019-08-30 00:20:39,610 [pool-494-thread-1] INFO  server.RaftServerConfigKeys (ConfUtils.java:logGet(43)) - raft.server.log.write.buffer.size = 33554432 (custom)
2019-08-30 00:20:39,610 [pool-494-thread-1] INFO  server.RaftServerConfigKeys (ConfUtils.java:logGet(43)) - raft.server.log.force.sync.num = 128 (default)
2019-08-30 00:20:39,610 [pool-494-thread-1] INFO  server.RaftServerConfigKeys (ConfUtils.java:logGet(43)) - raft.server.log.statemachine.data.sync = true (default)
2019-08-30 00:20:39,610 [pool-494-thread-1] INFO  server.RaftServerConfigKeys (ConfUtils.java:logGet(43)) - raft.server.log.statemachine.data.sync.timeout = 10s (default)
2019-08-30 00:20:39,610 [pool-494-thread-1] INFO  server.RaftServerConfigKeys (ConfUtils.java:logGet(43)) - raft.server.log.statemachine.data.sync.timeout.retry = -1 (default)
2019-08-30 00:20:39,611 [pool-494-thread-1] INFO  server.RaftServerConfigKeys (ConfUtils.java:logGet(43)) - raft.server.log.statemachine.data.caching.enabled = true (custom)
2019-08-30 00:20:39,611 [pool-494-thread-1] INFO  segmented.SegmentedRaftLogWorker (SegmentedRaftLogWorker.java:lambda$new$0(132)) - 722b0ac7-031f-47c9-b3f5-fbc30035f474-SegmentedRaftLogWorker:Storage Directory /workdir/hadoop-ozone/integration-test/target/test-dir/MiniOzoneClusterImpl-843f3514-af11-4b58-9f84-2dae9c3286a9/datanode-5/data/ratis/572820ed-a8a1-4fbb-868d-04dfee733899: flushIndex: setUnconditionally 0 -> -1
2019-08-30 00:20:39,611 [pool-494-thread-1] INFO  server.RaftServerConfigKeys (ConfUtils.java:logGet(43)) - raft.server.snapshot.auto.trigger.enabled = true (custom)
2019-08-30 00:20:39,611 [pool-494-thread-1] INFO  server.RaftServerConfigKeys (ConfUtils.java:logGet(43)) - raft.server.snapshot.auto.trigger.threshold = 10000 (custom)
2019-08-30 00:20:39,611 [pool-494-thread-1] INFO  server.RaftServerConfigKeys (ConfUtils.java:logGet(43)) - raft.server.retrycache.expirytime = 600000ms (custom)
2019-08-30 00:20:39,612 [pool-494-thread-1] INFO  impl.RaftServerImpl (RaftServerImpl.java:start(180)) - 722b0ac7-031f-47c9-b3f5-fbc30035f474: start group-04DFEE733899
2019-08-30 00:20:39,612 [pool-494-thread-1] INFO  impl.RaftServerImpl (RaftServerImpl.java:setRole(171)) - 722b0ac7-031f-47c9-b3f5-fbc30035f474:group-04DFEE733899 changes role from null to FOLLOWER at term 0 for startAsFollower
2019-08-30 00:20:39,612 [pool-494-thread-1] INFO  impl.RoleInfo (RoleInfo.java:updateAndGet(143)) - 722b0ac7-031f-47c9-b3f5-fbc30035f474: start FollowerState
2019-08-30 00:20:39,612 [pool-494-thread-1] INFO  util.JmxRegister (JmxRegister.java:tryRegister(44)) - Successfully registered JMX Bean with object name Ratis:service=RaftServer,group=group-04DFEE733899,id=722b0ac7-031f-47c9-b3f5-fbc30035f474
2019-08-30 00:20:39,615 [RatisPipelineUtilsThread] INFO  pipeline.PipelineStateManager (PipelineStateManager.java:addPipeline(56)) - Created pipeline Pipeline[ Id: 572820ed-a8a1-4fbb-868d-04dfee733899, Nodes: 722b0ac7-031f-47c9-b3f5-fbc30035f474{ip: 192.168.69.124, host: pr-hdds-2050-pz9tn-2767506387, networkLocation: /default-rack, certSerialId: null}, Type:RATIS, Factor:ONE, State:OPEN]
2019-08-30 00:20:39,620 [grpc-default-executor-10] INFO  impl.RaftServerProxy (RaftServerProxy.java:addNew(89)) - 55fe8a5d-468d-4e42-8a20-9d338510910b: addNew group-6B1C1C87BA98:[55fe8a5d-468d-4e42-8a20-9d338510910b:192.168.69.124:36720] returns group-6B1C1C87BA98:java.util.concurrent.CompletableFuture@28bca458[Not completed]
2019-08-30 00:20:39,622 [pool-505-thread-1] INFO  impl.RaftServerImpl (RaftServerImpl.java:<init>(93)) - 55fe8a5d-468d-4e42-8a20-9d338510910b: new RaftServerImpl for group-6B1C1C87BA98:[55fe8a5d-468d-4e42-8a20-9d338510910b:192.168.69.124:36720] with ContainerStateMachine:uninitialized
2019-08-30 00:20:39,622 [pool-505-thread-1] INFO  server.RaftServerConfigKeys (ConfUtils.java:logGet(43)) - raft.server.rpc.timeout.min = 5s (custom)
2019-08-30 00:20:39,622 [pool-505-thread-1] INFO  server.RaftServerConfigKeys (ConfUtils.java:logGet(43)) - raft.server.rpc.timeout.max = 5200ms (custom)
2019-08-30 00:20:39,622 [pool-505-thread-1] INFO  server.RaftServerConfigKeys (ConfUtils.java:logGet(43)) - raft.server.rpcslowness.timeout = 120s (custom)
2019-08-30 00:20:39,622 [pool-505-thread-1] INFO  server.RaftServerConfigKeys (ConfUtils.java:logGet(43)) - raft.server.sleep.deviation.threshold = 300 (default)
2019-08-30 00:20:39,622 [pool-505-thread-1] INFO  server.RaftServerConfigKeys (ConfUtils.java:logGet(43)) - raft.server.log.appender.install.snapshot.enabled = false (custom)
2019-08-30 00:20:39,622 [pool-505-thread-1] INFO  impl.RaftServerImpl (ServerState.java:<init>(105)) - 55fe8a5d-468d-4e42-8a20-9d338510910b:group-6B1C1C87BA98 ConfigurationManager, init=-1: [55fe8a5d-468d-4e42-8a20-9d338510910b:192.168.69.124:36720], old=null, confs=<EMPTY_MAP>
2019-08-30 00:20:39,622 [pool-505-thread-1] INFO  server.RaftServerConfigKeys (ConfUtils.java:logGet(43)) - raft.server.storage.dir = [/workdir/hadoop-ozone/integration-test/target/test-dir/MiniOzoneClusterImpl-843f3514-af11-4b58-9f84-2dae9c3286a9/datanode-6/data/ratis] (custom)
2019-08-30 00:20:39,623 [pool-505-thread-1] INFO  storage.RaftStorageDirectory (RaftStorageDirectory.java:analyzeStorage(246)) - The storage directory /workdir/hadoop-ozone/integration-test/target/test-dir/MiniOzoneClusterImpl-843f3514-af11-4b58-9f84-2dae9c3286a9/datanode-6/data/ratis/66c28c19-89f7-4d8d-834f-6b1c1c87ba98 does not exist. Creating ...
2019-08-30 00:20:39,650 [pool-505-thread-1] INFO  storage.RaftStorageDirectory (RaftStorageDirectory.java:tryLock(328)) - Lock on /workdir/hadoop-ozone/integration-test/target/test-dir/MiniOzoneClusterImpl-843f3514-af11-4b58-9f84-2dae9c3286a9/datanode-6/data/ratis/66c28c19-89f7-4d8d-834f-6b1c1c87ba98/in_use.lock acquired by nodename 17093@pr-hdds-2050-pz9tn-2767506387
2019-08-30 00:20:39,676 [pool-505-thread-1] INFO  storage.RaftStorage (RaftStorage.java:format(72)) - Storage directory /workdir/hadoop-ozone/integration-test/target/test-dir/MiniOzoneClusterImpl-843f3514-af11-4b58-9f84-2dae9c3286a9/datanode-6/data/ratis/66c28c19-89f7-4d8d-834f-6b1c1c87ba98 has been successfully formatted.
2019-08-30 00:20:39,676 [pool-505-thread-1] INFO  ratis.ContainerStateMachine (ContainerStateMachine.java:loadSnapshot(227)) - group-6B1C1C87BA98: The snapshot info is null. Setting the last applied indexto:(t:0, i:~)
2019-08-30 00:20:39,676 [pool-505-thread-1] INFO  server.RaftServerConfigKeys (ConfUtils.java:logGet(43)) - raft.server.leader.election.timeout = 120s (custom)
2019-08-30 00:20:39,676 [pool-505-thread-1] INFO  server.RaftServerConfigKeys (ConfUtils.java:logGet(43)) - raft.server.log.use.memory = false (default)
2019-08-30 00:20:39,676 [pool-505-thread-1] INFO  server.RaftServerConfigKeys (ConfUtils.java:logGet(43)) - raft.server.log.purge.gap = 1000000 (custom)
2019-08-30 00:20:39,677 [pool-505-thread-1] INFO  server.RaftServerConfigKeys (ConfUtils.java:logGet(43)) - raft.server.log.appender.buffer.byte-limit = 33554432 (custom)
2019-08-30 00:20:39,677 [pool-505-thread-1] INFO  server.RaftServerConfigKeys (ConfUtils.java:logGet(43)) - raft.server.log.segment.size.max = 1048576 (custom)
2019-08-30 00:20:39,677 [pool-505-thread-1] INFO  server.RaftServerConfigKeys (ConfUtils.java:logGet(43)) - raft.server.log.segment.cache.num.max = 2 (custom)
2019-08-30 00:20:39,677 [pool-505-thread-1] INFO  segmented.SegmentedRaftLogWorker (SegmentedRaftLogWorker.java:<init>(172)) - new 55fe8a5d-468d-4e42-8a20-9d338510910b-SegmentedRaftLogWorker:Storage Directory /workdir/hadoop-ozone/integration-test/target/test-dir/MiniOzoneClusterImpl-843f3514-af11-4b58-9f84-2dae9c3286a9/datanode-6/data/ratis/66c28c19-89f7-4d8d-834f-6b1c1c87ba98 for RaftStorage:Storage Directory /workdir/hadoop-ozone/integration-test/target/test-dir/MiniOzoneClusterImpl-843f3514-af11-4b58-9f84-2dae9c3286a9/datanode-6/data/ratis/66c28c19-89f7-4d8d-834f-6b1c1c87ba98
2019-08-30 00:20:39,677 [pool-505-thread-1] INFO  server.RaftServerConfigKeys (ConfUtils.java:logGet(43)) - raft.server.log.queue.byte-limit = 2147483647 (custom)
2019-08-30 00:20:39,677 [pool-505-thread-1] INFO  server.RaftServerConfigKeys (ConfUtils.java:logGet(43)) - raft.server.log.queue.element-limit = 1024 (custom)
2019-08-30 00:20:39,677 [pool-505-thread-1] INFO  server.RaftServerConfigKeys (ConfUtils.java:logGet(43)) - raft.server.log.segment.size.max = 1048576 (custom)
2019-08-30 00:20:39,678 [pool-505-thread-1] INFO  server.RaftServerConfigKeys (ConfUtils.java:logGet(43)) - raft.server.log.preallocated.size = 16384 (custom)
2019-08-30 00:20:39,678 [pool-505-thread-1] INFO  server.RaftServerConfigKeys (ConfUtils.java:logGet(43)) - raft.server.log.write.buffer.size = 33554432 (custom)
2019-08-30 00:20:39,678 [pool-505-thread-1] INFO  server.RaftServerConfigKeys (ConfUtils.java:logGet(43)) - raft.server.log.force.sync.num = 128 (default)
2019-08-30 00:20:39,678 [pool-505-thread-1] INFO  server.RaftServerConfigKeys (ConfUtils.java:logGet(43)) - raft.server.log.statemachine.data.sync = true (default)
2019-08-30 00:20:39,678 [pool-505-thread-1] INFO  server.RaftServerConfigKeys (ConfUtils.java:logGet(43)) - raft.server.log.statemachine.data.sync.timeout = 10s (default)
2019-08-30 00:20:39,678 [pool-505-thread-1] INFO  server.RaftServerConfigKeys (ConfUtils.java:logGet(43)) - raft.server.log.statemachine.data.sync.timeout.retry = -1 (default)
2019-08-30 00:20:39,678 [pool-505-thread-1] INFO  server.RaftServerConfigKeys (ConfUtils.java:logGet(43)) - raft.server.log.statemachine.data.caching.enabled = true (custom)
2019-08-30 00:20:39,679 [pool-505-thread-1] INFO  segmented.SegmentedRaftLogWorker (SegmentedRaftLogWorker.java:lambda$new$0(132)) - 55fe8a5d-468d-4e42-8a20-9d338510910b-SegmentedRaftLogWorker:Storage Directory /workdir/hadoop-ozone/integration-test/target/test-dir/MiniOzoneClusterImpl-843f3514-af11-4b58-9f84-2dae9c3286a9/datanode-6/data/ratis/66c28c19-89f7-4d8d-834f-6b1c1c87ba98: flushIndex: setUnconditionally 0 -> -1
2019-08-30 00:20:39,679 [pool-505-thread-1] INFO  server.RaftServerConfigKeys (ConfUtils.java:logGet(43)) - raft.server.snapshot.auto.trigger.enabled = true (custom)
2019-08-30 00:20:39,679 [pool-505-thread-1] INFO  server.RaftServerConfigKeys (ConfUtils.java:logGet(43)) - raft.server.snapshot.auto.trigger.threshold = 10000 (custom)
2019-08-30 00:20:39,679 [pool-505-thread-1] INFO  server.RaftServerConfigKeys (ConfUtils.java:logGet(43)) - raft.server.retrycache.expirytime = 600000ms (custom)
2019-08-30 00:20:39,679 [pool-505-thread-1] INFO  impl.RaftServerImpl (RaftServerImpl.java:start(180)) - 55fe8a5d-468d-4e42-8a20-9d338510910b: start group-6B1C1C87BA98
2019-08-30 00:20:39,680 [pool-505-thread-1] INFO  impl.RaftServerImpl (RaftServerImpl.java:setRole(171)) - 55fe8a5d-468d-4e42-8a20-9d338510910b:group-6B1C1C87BA98 changes role from null to FOLLOWER at term 0 for startAsFollower
2019-08-30 00:20:39,680 [pool-505-thread-1] INFO  impl.RoleInfo (RoleInfo.java:updateAndGet(143)) - 55fe8a5d-468d-4e42-8a20-9d338510910b: start FollowerState
2019-08-30 00:20:39,680 [pool-505-thread-1] INFO  util.JmxRegister (JmxRegister.java:tryRegister(44)) - Successfully registered JMX Bean with object name Ratis:service=RaftServer,group=group-6B1C1C87BA98,id=55fe8a5d-468d-4e42-8a20-9d338510910b
2019-08-30 00:20:39,682 [RatisPipelineUtilsThread] INFO  pipeline.PipelineStateManager (PipelineStateManager.java:addPipeline(56)) - Created pipeline Pipeline[ Id: 66c28c19-89f7-4d8d-834f-6b1c1c87ba98, Nodes: 55fe8a5d-468d-4e42-8a20-9d338510910b{ip: 192.168.69.124, host: pr-hdds-2050-pz9tn-2767506387, networkLocation: /default-rack, certSerialId: null}, Type:RATIS, Factor:ONE, State:OPEN]
2019-08-30 00:20:39,700 [grpc-default-executor-9] INFO  impl.RaftServerProxy (RaftServerProxy.java:addNew(89)) - 098b7a6f-8c1f-4063-9e74-22bffe699939: addNew group-EBC4739E0E9D:[098b7a6f-8c1f-4063-9e74-22bffe699939:192.168.69.124:39388, 55fe8a5d-468d-4e42-8a20-9d338510910b:192.168.69.124:36720, a901cee4-1ca4-4af7-8de9-61e3c1ec06a1:192.168.69.124:34970] returns group-EBC4739E0E9D:java.util.concurrent.CompletableFuture@41779c8a[Not completed]
2019-08-30 00:20:39,701 [grpc-default-executor-8] INFO  impl.RaftServerProxy (RaftServerProxy.java:addNew(89)) - 55fe8a5d-468d-4e42-8a20-9d338510910b: addNew group-EBC4739E0E9D:[098b7a6f-8c1f-4063-9e74-22bffe699939:192.168.69.124:39388, 55fe8a5d-468d-4e42-8a20-9d338510910b:192.168.69.124:36720, a901cee4-1ca4-4af7-8de9-61e3c1ec06a1:192.168.69.124:34970] returns group-EBC4739E0E9D:java.util.concurrent.CompletableFuture@703add76[Not completed]
2019-08-30 00:20:39,701 [grpc-default-executor-8] INFO  impl.RaftServerProxy (RaftServerProxy.java:addNew(89)) - a901cee4-1ca4-4af7-8de9-61e3c1ec06a1: addNew group-EBC4739E0E9D:[098b7a6f-8c1f-4063-9e74-22bffe699939:192.168.69.124:39388, 55fe8a5d-468d-4e42-8a20-9d338510910b:192.168.69.124:36720, a901cee4-1ca4-4af7-8de9-61e3c1ec06a1:192.168.69.124:34970] returns group-EBC4739E0E9D:java.util.concurrent.CompletableFuture@18e67b52[Not completed]
2019-08-30 00:20:39,702 [pool-461-thread-1] INFO  impl.RaftServerImpl (RaftServerImpl.java:<init>(93)) - 098b7a6f-8c1f-4063-9e74-22bffe699939: new RaftServerImpl for group-EBC4739E0E9D:[098b7a6f-8c1f-4063-9e74-22bffe699939:192.168.69.124:39388, 55fe8a5d-468d-4e42-8a20-9d338510910b:192.168.69.124:36720, a901cee4-1ca4-4af7-8de9-61e3c1ec06a1:192.168.69.124:34970] with ContainerStateMachine:uninitialized
2019-08-30 00:20:39,702 [pool-461-thread-1] INFO  server.RaftServerConfigKeys (ConfUtils.java:logGet(43)) - raft.server.rpc.timeout.min = 5s (custom)
2019-08-30 00:20:39,703 [pool-461-thread-1] INFO  server.RaftServerConfigKeys (ConfUtils.java:logGet(43)) - raft.server.rpc.timeout.max = 5200ms (custom)
2019-08-30 00:20:39,703 [pool-505-thread-1] INFO  impl.RaftServerImpl (RaftServerImpl.java:<init>(93)) - 55fe8a5d-468d-4e42-8a20-9d338510910b: new RaftServerImpl for group-EBC4739E0E9D:[098b7a6f-8c1f-4063-9e74-22bffe699939:192.168.69.124:39388, 55fe8a5d-468d-4e42-8a20-9d338510910b:192.168.69.124:36720, a901cee4-1ca4-4af7-8de9-61e3c1ec06a1:192.168.69.124:34970] with ContainerStateMachine:uninitialized
2019-08-30 00:20:39,703 [pool-461-thread-1] INFO  server.RaftServerConfigKeys (ConfUtils.java:logGet(43)) - raft.server.rpcslowness.timeout = 120s (custom)
2019-08-30 00:20:39,703 [pool-505-thread-1] INFO  server.RaftServerConfigKeys (ConfUtils.java:logGet(43)) - raft.server.rpc.timeout.min = 5s (custom)
2019-08-30 00:20:39,703 [pool-461-thread-1] INFO  server.RaftServerConfigKeys (ConfUtils.java:logGet(43)) - raft.server.sleep.deviation.threshold = 300 (default)
2019-08-30 00:20:39,703 [pool-505-thread-1] INFO  server.RaftServerConfigKeys (ConfUtils.java:logGet(43)) - raft.server.rpc.timeout.max = 5200ms (custom)
2019-08-30 00:20:39,704 [pool-461-thread-1] INFO  server.RaftServerConfigKeys (ConfUtils.java:logGet(43)) - raft.server.log.appender.install.snapshot.enabled = false (custom)
2019-08-30 00:20:39,704 [pool-505-thread-1] INFO  server.RaftServerConfigKeys (ConfUtils.java:logGet(43)) - raft.server.rpcslowness.timeout = 120s (custom)
2019-08-30 00:20:39,704 [pool-461-thread-1] INFO  impl.RaftServerImpl (ServerState.java:<init>(105)) - 098b7a6f-8c1f-4063-9e74-22bffe699939:group-EBC4739E0E9D ConfigurationManager, init=-1: [098b7a6f-8c1f-4063-9e74-22bffe699939:192.168.69.124:39388, 55fe8a5d-468d-4e42-8a20-9d338510910b:192.168.69.124:36720, a901cee4-1ca4-4af7-8de9-61e3c1ec06a1:192.168.69.124:34970], old=null, confs=<EMPTY_MAP>
2019-08-30 00:20:39,704 [pool-483-thread-1] INFO  impl.RaftServerImpl (RaftServerImpl.java:<init>(93)) - a901cee4-1ca4-4af7-8de9-61e3c1ec06a1: new RaftServerImpl for group-EBC4739E0E9D:[098b7a6f-8c1f-4063-9e74-22bffe699939:192.168.69.124:39388, 55fe8a5d-468d-4e42-8a20-9d338510910b:192.168.69.124:36720, a901cee4-1ca4-4af7-8de9-61e3c1ec06a1:192.168.69.124:34970] with ContainerStateMachine:uninitialized
2019-08-30 00:20:39,704 [pool-505-thread-1] INFO  server.RaftServerConfigKeys (ConfUtils.java:logGet(43)) - raft.server.sleep.deviation.threshold = 300 (default)
2019-08-30 00:20:39,704 [pool-483-thread-1] INFO  server.RaftServerConfigKeys (ConfUtils.java:logGet(43)) - raft.server.rpc.timeout.min = 5s (custom)
2019-08-30 00:20:39,704 [pool-461-thread-1] INFO  server.RaftServerConfigKeys (ConfUtils.java:logGet(43)) - raft.server.storage.dir = [/workdir/hadoop-ozone/integration-test/target/test-dir/MiniOzoneClusterImpl-843f3514-af11-4b58-9f84-2dae9c3286a9/datanode-2/data/ratis] (custom)
2019-08-30 00:20:39,705 [pool-483-thread-1] INFO  server.RaftServerConfigKeys (ConfUtils.java:logGet(43)) - raft.server.rpc.timeout.max = 5200ms (custom)
2019-08-30 00:20:39,705 [pool-505-thread-1] INFO  server.RaftServerConfigKeys (ConfUtils.java:logGet(43)) - raft.server.log.appender.install.snapshot.enabled = false (custom)
2019-08-30 00:20:39,705 [pool-483-thread-1] INFO  server.RaftServerConfigKeys (ConfUtils.java:logGet(43)) - raft.server.rpcslowness.timeout = 120s (custom)
2019-08-30 00:20:39,705 [pool-461-thread-1] INFO  storage.RaftStorageDirectory (RaftStorageDirectory.java:analyzeStorage(246)) - The storage directory /workdir/hadoop-ozone/integration-test/target/test-dir/MiniOzoneClusterImpl-843f3514-af11-4b58-9f84-2dae9c3286a9/datanode-2/data/ratis/3f708eb1-00f8-4ab4-a135-ebc4739e0e9d does not exist. Creating ...
2019-08-30 00:20:39,705 [pool-505-thread-1] INFO  impl.RaftServerImpl (ServerState.java:<init>(105)) - 55fe8a5d-468d-4e42-8a20-9d338510910b:group-EBC4739E0E9D ConfigurationManager, init=-1: [098b7a6f-8c1f-4063-9e74-22bffe699939:192.168.69.124:39388, 55fe8a5d-468d-4e42-8a20-9d338510910b:192.168.69.124:36720, a901cee4-1ca4-4af7-8de9-61e3c1ec06a1:192.168.69.124:34970], old=null, confs=<EMPTY_MAP>
2019-08-30 00:20:39,705 [pool-483-thread-1] INFO  server.RaftServerConfigKeys (ConfUtils.java:logGet(43)) - raft.server.sleep.deviation.threshold = 300 (default)
2019-08-30 00:20:39,706 [pool-505-thread-1] INFO  server.RaftServerConfigKeys (ConfUtils.java:logGet(43)) - raft.server.storage.dir = [/workdir/hadoop-ozone/integration-test/target/test-dir/MiniOzoneClusterImpl-843f3514-af11-4b58-9f84-2dae9c3286a9/datanode-6/data/ratis] (custom)
2019-08-30 00:20:39,706 [pool-483-thread-1] INFO  server.RaftServerConfigKeys (ConfUtils.java:logGet(43)) - raft.server.log.appender.install.snapshot.enabled = false (custom)
2019-08-30 00:20:39,706 [pool-505-thread-1] INFO  storage.RaftStorageDirectory (RaftStorageDirectory.java:analyzeStorage(246)) - The storage directory /workdir/hadoop-ozone/integration-test/target/test-dir/MiniOzoneClusterImpl-843f3514-af11-4b58-9f84-2dae9c3286a9/datanode-6/data/ratis/3f708eb1-00f8-4ab4-a135-ebc4739e0e9d does not exist. Creating ...
2019-08-30 00:20:39,706 [pool-483-thread-1] INFO  impl.RaftServerImpl (ServerState.java:<init>(105)) - a901cee4-1ca4-4af7-8de9-61e3c1ec06a1:group-EBC4739E0E9D ConfigurationManager, init=-1: [098b7a6f-8c1f-4063-9e74-22bffe699939:192.168.69.124:39388, 55fe8a5d-468d-4e42-8a20-9d338510910b:192.168.69.124:36720, a901cee4-1ca4-4af7-8de9-61e3c1ec06a1:192.168.69.124:34970], old=null, confs=<EMPTY_MAP>
2019-08-30 00:20:39,707 [pool-483-thread-1] INFO  server.RaftServerConfigKeys (ConfUtils.java:logGet(43)) - raft.server.storage.dir = [/workdir/hadoop-ozone/integration-test/target/test-dir/MiniOzoneClusterImpl-843f3514-af11-4b58-9f84-2dae9c3286a9/datanode-4/data/ratis] (custom)
2019-08-30 00:20:39,707 [pool-483-thread-1] INFO  storage.RaftStorageDirectory (RaftStorageDirectory.java:analyzeStorage(246)) - The storage directory /workdir/hadoop-ozone/integration-test/target/test-dir/MiniOzoneClusterImpl-843f3514-af11-4b58-9f84-2dae9c3286a9/datanode-4/data/ratis/3f708eb1-00f8-4ab4-a135-ebc4739e0e9d does not exist. Creating ...
2019-08-30 00:20:39,735 [pool-483-thread-1] INFO  storage.RaftStorageDirectory (RaftStorageDirectory.java:tryLock(328)) - Lock on /workdir/hadoop-ozone/integration-test/target/test-dir/MiniOzoneClusterImpl-843f3514-af11-4b58-9f84-2dae9c3286a9/datanode-4/data/ratis/3f708eb1-00f8-4ab4-a135-ebc4739e0e9d/in_use.lock acquired by nodename 17093@pr-hdds-2050-pz9tn-2767506387
2019-08-30 00:20:39,735 [pool-505-thread-1] INFO  storage.RaftStorageDirectory (RaftStorageDirectory.java:tryLock(328)) - Lock on /workdir/hadoop-ozone/integration-test/target/test-dir/MiniOzoneClusterImpl-843f3514-af11-4b58-9f84-2dae9c3286a9/datanode-6/data/ratis/3f708eb1-00f8-4ab4-a135-ebc4739e0e9d/in_use.lock acquired by nodename 17093@pr-hdds-2050-pz9tn-2767506387
2019-08-30 00:20:39,735 [pool-461-thread-1] INFO  storage.RaftStorageDirectory (RaftStorageDirectory.java:tryLock(328)) - Lock on /workdir/hadoop-ozone/integration-test/target/test-dir/MiniOzoneClusterImpl-843f3514-af11-4b58-9f84-2dae9c3286a9/datanode-2/data/ratis/3f708eb1-00f8-4ab4-a135-ebc4739e0e9d/in_use.lock acquired by nodename 17093@pr-hdds-2050-pz9tn-2767506387
2019-08-30 00:20:39,760 [pool-505-thread-1] INFO  storage.RaftStorage (RaftStorage.java:format(72)) - Storage directory /workdir/hadoop-ozone/integration-test/target/test-dir/MiniOzoneClusterImpl-843f3514-af11-4b58-9f84-2dae9c3286a9/datanode-6/data/ratis/3f708eb1-00f8-4ab4-a135-ebc4739e0e9d has been successfully formatted.
2019-08-30 00:20:39,760 [pool-483-thread-1] INFO  storage.RaftStorage (RaftStorage.java:format(72)) - Storage directory /workdir/hadoop-ozone/integration-test/target/test-dir/MiniOzoneClusterImpl-843f3514-af11-4b58-9f84-2dae9c3286a9/datanode-4/data/ratis/3f708eb1-00f8-4ab4-a135-ebc4739e0e9d has been successfully formatted.
2019-08-30 00:20:39,760 [pool-461-thread-1] INFO  storage.RaftStorage (RaftStorage.java:format(72)) - Storage directory /workdir/hadoop-ozone/integration-test/target/test-dir/MiniOzoneClusterImpl-843f3514-af11-4b58-9f84-2dae9c3286a9/datanode-2/data/ratis/3f708eb1-00f8-4ab4-a135-ebc4739e0e9d has been successfully formatted.
2019-08-30 00:20:39,761 [pool-483-thread-1] INFO  ratis.ContainerStateMachine (ContainerStateMachine.java:loadSnapshot(227)) - group-EBC4739E0E9D: The snapshot info is null. Setting the last applied indexto:(t:0, i:~)
2019-08-30 00:20:39,761 [pool-505-thread-1] INFO  ratis.ContainerStateMachine (ContainerStateMachine.java:loadSnapshot(227)) - group-EBC4739E0E9D: The snapshot info is null. Setting the last applied indexto:(t:0, i:~)
2019-08-30 00:20:39,761 [pool-483-thread-1] INFO  server.RaftServerConfigKeys (ConfUtils.java:logGet(43)) - raft.server.leader.election.timeout = 120s (custom)
2019-08-30 00:20:39,761 [pool-461-thread-1] INFO  ratis.ContainerStateMachine (ContainerStateMachine.java:loadSnapshot(227)) - group-EBC4739E0E9D: The snapshot info is null. Setting the last applied indexto:(t:0, i:~)
2019-08-30 00:20:39,762 [pool-483-thread-1] INFO  server.RaftServerConfigKeys (ConfUtils.java:logGet(43)) - raft.server.log.use.memory = false (default)
2019-08-30 00:20:39,762 [pool-505-thread-1] INFO  server.RaftServerConfigKeys (ConfUtils.java:logGet(43)) - raft.server.leader.election.timeout = 120s (custom)
2019-08-30 00:20:39,762 [pool-483-thread-1] INFO  server.RaftServerConfigKeys (ConfUtils.java:logGet(43)) - raft.server.log.purge.gap = 1000000 (custom)
2019-08-30 00:20:39,762 [pool-461-thread-1] INFO  server.RaftServerConfigKeys (ConfUtils.java:logGet(43)) - raft.server.leader.election.timeout = 120s (custom)
2019-08-30 00:20:39,762 [pool-483-thread-1] INFO  server.RaftServerConfigKeys (ConfUtils.java:logGet(43)) - raft.server.log.appender.buffer.byte-limit = 33554432 (custom)
2019-08-30 00:20:39,762 [pool-505-thread-1] INFO  server.RaftServerConfigKeys (ConfUtils.java:logGet(43)) - raft.server.log.use.memory = false (default)
2019-08-30 00:20:39,763 [pool-483-thread-1] INFO  server.RaftServerConfigKeys (ConfUtils.java:logGet(43)) - raft.server.log.segment.size.max = 1048576 (custom)
2019-08-30 00:20:39,763 [pool-461-thread-1] INFO  server.RaftServerConfigKeys (ConfUtils.java:logGet(43)) - raft.server.log.use.memory = false (default)
2019-08-30 00:20:39,763 [pool-483-thread-1] INFO  server.RaftServerConfigKeys (ConfUtils.java:logGet(43)) - raft.server.log.segment.cache.num.max = 2 (custom)
2019-08-30 00:20:39,763 [pool-505-thread-1] INFO  server.RaftServerConfigKeys (ConfUtils.java:logGet(43)) - raft.server.log.purge.gap = 1000000 (custom)
2019-08-30 00:20:39,764 [pool-483-thread-1] INFO  segmented.SegmentedRaftLogWorker (SegmentedRaftLogWorker.java:<init>(172)) - new a901cee4-1ca4-4af7-8de9-61e3c1ec06a1-SegmentedRaftLogWorker:Storage Directory /workdir/hadoop-ozone/integration-test/target/test-dir/MiniOzoneClusterImpl-843f3514-af11-4b58-9f84-2dae9c3286a9/datanode-4/data/ratis/3f708eb1-00f8-4ab4-a135-ebc4739e0e9d for RaftStorage:Storage Directory /workdir/hadoop-ozone/integration-test/target/test-dir/MiniOzoneClusterImpl-843f3514-af11-4b58-9f84-2dae9c3286a9/datanode-4/data/ratis/3f708eb1-00f8-4ab4-a135-ebc4739e0e9d
2019-08-30 00:20:39,763 [pool-461-thread-1] INFO  server.RaftServerConfigKeys (ConfUtils.java:logGet(43)) - raft.server.log.purge.gap = 1000000 (custom)
2019-08-30 00:20:39,764 [pool-483-thread-1] INFO  server.RaftServerConfigKeys (ConfUtils.java:logGet(43)) - raft.server.log.queue.byte-limit = 2147483647 (custom)
2019-08-30 00:20:39,764 [pool-483-thread-1] INFO  server.RaftServerConfigKeys (ConfUtils.java:logGet(43)) - raft.server.log.queue.element-limit = 1024 (custom)
2019-08-30 00:20:39,764 [pool-505-thread-1] INFO  server.RaftServerConfigKeys (ConfUtils.java:logGet(43)) - raft.server.log.appender.buffer.byte-limit = 33554432 (custom)
2019-08-30 00:20:39,765 [pool-483-thread-1] INFO  server.RaftServerConfigKeys (ConfUtils.java:logGet(43)) - raft.server.log.segment.size.max = 1048576 (custom)
2019-08-30 00:20:39,764 [pool-461-thread-1] INFO  server.RaftServerConfigKeys (ConfUtils.java:logGet(43)) - raft.server.log.appender.buffer.byte-limit = 33554432 (custom)
2019-08-30 00:20:39,765 [pool-483-thread-1] INFO  server.RaftServerConfigKeys (ConfUtils.java:logGet(43)) - raft.server.log.preallocated.size = 16384 (custom)
2019-08-30 00:20:39,765 [pool-505-thread-1] INFO  server.RaftServerConfigKeys (ConfUtils.java:logGet(43)) - raft.server.log.segment.size.max = 1048576 (custom)
2019-08-30 00:20:39,765 [pool-483-thread-1] INFO  server.RaftServerConfigKeys (ConfUtils.java:logGet(43)) - raft.server.log.write.buffer.size = 33554432 (custom)
2019-08-30 00:20:39,765 [pool-461-thread-1] INFO  server.RaftServerConfigKeys (ConfUtils.java:logGet(43)) - raft.server.log.segment.size.max = 1048576 (custom)
2019-08-30 00:20:39,766 [pool-483-thread-1] INFO  server.RaftServerConfigKeys (ConfUtils.java:logGet(43)) - raft.server.log.force.sync.num = 128 (default)
2019-08-30 00:20:39,766 [pool-505-thread-1] INFO  server.RaftServerConfigKeys (ConfUtils.java:logGet(43)) - raft.server.log.segment.cache.num.max = 2 (custom)
2019-08-30 00:20:39,766 [pool-483-thread-1] INFO  server.RaftServerConfigKeys (ConfUtils.java:logGet(43)) - raft.server.log.statemachine.data.sync = true (default)
2019-08-30 00:20:39,766 [pool-461-thread-1] INFO  server.RaftServerConfigKeys (ConfUtils.java:logGet(43)) - raft.server.log.segment.cache.num.max = 2 (custom)
2019-08-30 00:20:39,766 [pool-483-thread-1] INFO  server.RaftServerConfigKeys (ConfUtils.java:logGet(43)) - raft.server.log.statemachine.data.sync.timeout = 10s (default)
2019-08-30 00:20:39,766 [pool-505-thread-1] INFO  segmented.SegmentedRaftLogWorker (SegmentedRaftLogWorker.java:<init>(172)) - new 55fe8a5d-468d-4e42-8a20-9d338510910b-SegmentedRaftLogWorker:Storage Directory /workdir/hadoop-ozone/integration-test/target/test-dir/MiniOzoneClusterImpl-843f3514-af11-4b58-9f84-2dae9c3286a9/datanode-6/data/ratis/3f708eb1-00f8-4ab4-a135-ebc4739e0e9d for RaftStorage:Storage Directory /workdir/hadoop-ozone/integration-test/target/test-dir/MiniOzoneClusterImpl-843f3514-af11-4b58-9f84-2dae9c3286a9/datanode-6/data/ratis/3f708eb1-00f8-4ab4-a135-ebc4739e0e9d
2019-08-30 00:20:39,767 [pool-483-thread-1] INFO  server.RaftServerConfigKeys (ConfUtils.java:logGet(43)) - raft.server.log.statemachine.data.sync.timeout.retry = -1 (default)
2019-08-30 00:20:39,767 [pool-461-thread-1] INFO  segmented.SegmentedRaftLogWorker (SegmentedRaftLogWorker.java:<init>(172)) - new 098b7a6f-8c1f-4063-9e74-22bffe699939-SegmentedRaftLogWorker:Storage Directory /workdir/hadoop-ozone/integration-test/target/test-dir/MiniOzoneClusterImpl-843f3514-af11-4b58-9f84-2dae9c3286a9/datanode-2/data/ratis/3f708eb1-00f8-4ab4-a135-ebc4739e0e9d for RaftStorage:Storage Directory /workdir/hadoop-ozone/integration-test/target/test-dir/MiniOzoneClusterImpl-843f3514-af11-4b58-9f84-2dae9c3286a9/datanode-2/data/ratis/3f708eb1-00f8-4ab4-a135-ebc4739e0e9d
2019-08-30 00:20:39,767 [pool-483-thread-1] INFO  server.RaftServerConfigKeys (ConfUtils.java:logGet(43)) - raft.server.log.statemachine.data.caching.enabled = true (custom)
2019-08-30 00:20:39,767 [pool-505-thread-1] INFO  server.RaftServerConfigKeys (ConfUtils.java:logGet(43)) - raft.server.log.queue.byte-limit = 2147483647 (custom)
2019-08-30 00:20:39,767 [pool-461-thread-1] INFO  server.RaftServerConfigKeys (ConfUtils.java:logGet(43)) - raft.server.log.queue.byte-limit = 2147483647 (custom)
2019-08-30 00:20:39,768 [pool-483-thread-1] INFO  segmented.SegmentedRaftLogWorker (SegmentedRaftLogWorker.java:lambda$new$0(132)) - a901cee4-1ca4-4af7-8de9-61e3c1ec06a1-SegmentedRaftLogWorker:Storage Directory /workdir/hadoop-ozone/integration-test/target/test-dir/MiniOzoneClusterImpl-843f3514-af11-4b58-9f84-2dae9c3286a9/datanode-4/data/ratis/3f708eb1-00f8-4ab4-a135-ebc4739e0e9d: flushIndex: setUnconditionally 0 -> -1
2019-08-30 00:20:39,768 [pool-505-thread-1] INFO  server.RaftServerConfigKeys (ConfUtils.java:logGet(43)) - raft.server.log.queue.element-limit = 1024 (custom)
2019-08-30 00:20:39,768 [pool-461-thread-1] INFO  server.RaftServerConfigKeys (ConfUtils.java:logGet(43)) - raft.server.log.queue.element-limit = 1024 (custom)
2019-08-30 00:20:39,768 [pool-505-thread-1] INFO  server.RaftServerConfigKeys (ConfUtils.java:logGet(43)) - raft.server.log.segment.size.max = 1048576 (custom)
2019-08-30 00:20:39,768 [pool-483-thread-1] INFO  server.RaftServerConfigKeys (ConfUtils.java:logGet(43)) - raft.server.snapshot.auto.trigger.enabled = true (custom)
2019-08-30 00:20:39,769 [pool-505-thread-1] INFO  server.RaftServerConfigKeys (ConfUtils.java:logGet(43)) - raft.server.log.preallocated.size = 16384 (custom)
2019-08-30 00:20:39,769 [pool-461-thread-1] INFO  server.RaftServerConfigKeys (ConfUtils.java:logGet(43)) - raft.server.log.segment.size.max = 1048576 (custom)
2019-08-30 00:20:39,769 [pool-505-thread-1] INFO  server.RaftServerConfigKeys (ConfUtils.java:logGet(43)) - raft.server.log.write.buffer.size = 33554432 (custom)
2019-08-30 00:20:39,769 [pool-483-thread-1] INFO  server.RaftServerConfigKeys (ConfUtils.java:logGet(43)) - raft.server.snapshot.auto.trigger.threshold = 10000 (custom)
2019-08-30 00:20:39,769 [pool-505-thread-1] INFO  server.RaftServerConfigKeys (ConfUtils.java:logGet(43)) - raft.server.log.force.sync.num = 128 (default)
2019-08-30 00:20:39,769 [pool-461-thread-1] INFO  server.RaftServerConfigKeys (ConfUtils.java:logGet(43)) - raft.server.log.preallocated.size = 16384 (custom)
2019-08-30 00:20:39,770 [pool-505-thread-1] INFO  server.RaftServerConfigKeys (ConfUtils.java:logGet(43)) - raft.server.log.statemachine.data.sync = true (default)
2019-08-30 00:20:39,770 [pool-505-thread-1] INFO  server.RaftServerConfigKeys (ConfUtils.java:logGet(43)) - raft.server.log.statemachine.data.sync.timeout = 10s (default)
2019-08-30 00:20:39,770 [pool-483-thread-1] INFO  server.RaftServerConfigKeys (ConfUtils.java:logGet(43)) - raft.server.retrycache.expirytime = 600000ms (custom)
2019-08-30 00:20:39,770 [pool-505-thread-1] INFO  server.RaftServerConfigKeys (ConfUtils.java:logGet(43)) - raft.server.log.statemachine.data.sync.timeout.retry = -1 (default)
2019-08-30 00:20:39,770 [pool-461-thread-1] INFO  server.RaftServerConfigKeys (ConfUtils.java:logGet(43)) - raft.server.log.write.buffer.size = 33554432 (custom)
2019-08-30 00:20:39,771 [pool-505-thread-1] INFO  server.RaftServerConfigKeys (ConfUtils.java:logGet(43)) - raft.server.log.statemachine.data.caching.enabled = true (custom)
2019-08-30 00:20:39,771 [pool-483-thread-1] INFO  impl.RaftServerImpl (RaftServerImpl.java:start(180)) - a901cee4-1ca4-4af7-8de9-61e3c1ec06a1: start group-EBC4739E0E9D
2019-08-30 00:20:39,771 [pool-505-thread-1] INFO  segmented.SegmentedRaftLogWorker (SegmentedRaftLogWorker.java:lambda$new$0(132)) - 55fe8a5d-468d-4e42-8a20-9d338510910b-SegmentedRaftLogWorker:Storage Directory /workdir/hadoop-ozone/integration-test/target/test-dir/MiniOzoneClusterImpl-843f3514-af11-4b58-9f84-2dae9c3286a9/datanode-6/data/ratis/3f708eb1-00f8-4ab4-a135-ebc4739e0e9d: flushIndex: setUnconditionally 0 -> -1
2019-08-30 00:20:39,771 [pool-461-thread-1] INFO  server.RaftServerConfigKeys (ConfUtils.java:logGet(43)) - raft.server.log.force.sync.num = 128 (default)
2019-08-30 00:20:39,771 [pool-483-thread-1] INFO  impl.RaftServerImpl (RaftServerImpl.java:setRole(171)) - a901cee4-1ca4-4af7-8de9-61e3c1ec06a1:group-EBC4739E0E9D changes role from null to FOLLOWER at term 0 for startAsFollower
2019-08-30 00:20:39,772 [pool-505-thread-1] INFO  server.RaftServerConfigKeys (ConfUtils.java:logGet(43)) - raft.server.snapshot.auto.trigger.enabled = true (custom)
2019-08-30 00:20:39,772 [pool-461-thread-1] INFO  server.RaftServerConfigKeys (ConfUtils.java:logGet(43)) - raft.server.log.statemachine.data.sync = true (default)
2019-08-30 00:20:39,772 [pool-505-thread-1] INFO  server.RaftServerConfigKeys (ConfUtils.java:logGet(43)) - raft.server.snapshot.auto.trigger.threshold = 10000 (custom)
2019-08-30 00:20:39,772 [pool-483-thread-1] INFO  impl.RoleInfo (RoleInfo.java:updateAndGet(143)) - a901cee4-1ca4-4af7-8de9-61e3c1ec06a1: start FollowerState
2019-08-30 00:20:39,772 [pool-505-thread-1] INFO  server.RaftServerConfigKeys (ConfUtils.java:logGet(43)) - raft.server.retrycache.expirytime = 600000ms (custom)
2019-08-30 00:20:39,772 [pool-461-thread-1] INFO  server.RaftServerConfigKeys (ConfUtils.java:logGet(43)) - raft.server.log.statemachine.data.sync.timeout = 10s (default)
2019-08-30 00:20:39,773 [pool-505-thread-1] INFO  impl.RaftServerImpl (RaftServerImpl.java:start(180)) - 55fe8a5d-468d-4e42-8a20-9d338510910b: start group-EBC4739E0E9D
2019-08-30 00:20:39,773 [pool-461-thread-1] INFO  server.RaftServerConfigKeys (ConfUtils.java:logGet(43)) - raft.server.log.statemachine.data.sync.timeout.retry = -1 (default)
2019-08-30 00:20:39,773 [pool-483-thread-1] INFO  util.JmxRegister (JmxRegister.java:tryRegister(44)) - Successfully registered JMX Bean with object name Ratis:service=RaftServer,group=group-EBC4739E0E9D,id=a901cee4-1ca4-4af7-8de9-61e3c1ec06a1
2019-08-30 00:20:39,773 [pool-461-thread-1] INFO  server.RaftServerConfigKeys (ConfUtils.java:logGet(43)) - raft.server.log.statemachine.data.caching.enabled = true (custom)
2019-08-30 00:20:39,773 [pool-505-thread-1] INFO  impl.RaftServerImpl (RaftServerImpl.java:setRole(171)) - 55fe8a5d-468d-4e42-8a20-9d338510910b:group-EBC4739E0E9D changes role from null to FOLLOWER at term 0 for startAsFollower
2019-08-30 00:20:39,774 [pool-461-thread-1] INFO  segmented.SegmentedRaftLogWorker (SegmentedRaftLogWorker.java:lambda$new$0(132)) - 098b7a6f-8c1f-4063-9e74-22bffe699939-SegmentedRaftLogWorker:Storage Directory /workdir/hadoop-ozone/integration-test/target/test-dir/MiniOzoneClusterImpl-843f3514-af11-4b58-9f84-2dae9c3286a9/datanode-2/data/ratis/3f708eb1-00f8-4ab4-a135-ebc4739e0e9d: flushIndex: setUnconditionally 0 -> -1
2019-08-30 00:20:39,774 [pool-505-thread-1] INFO  impl.RoleInfo (RoleInfo.java:updateAndGet(143)) - 55fe8a5d-468d-4e42-8a20-9d338510910b: start FollowerState
2019-08-30 00:20:39,774 [pool-461-thread-1] INFO  server.RaftServerConfigKeys (ConfUtils.java:logGet(43)) - raft.server.snapshot.auto.trigger.enabled = true (custom)
2019-08-30 00:20:39,775 [pool-461-thread-1] INFO  server.RaftServerConfigKeys (ConfUtils.java:logGet(43)) - raft.server.snapshot.auto.trigger.threshold = 10000 (custom)
2019-08-30 00:20:39,775 [pool-505-thread-1] INFO  util.JmxRegister (JmxRegister.java:tryRegister(44)) - Successfully registered JMX Bean with object name Ratis:service=RaftServer,group=group-EBC4739E0E9D,id=55fe8a5d-468d-4e42-8a20-9d338510910b
2019-08-30 00:20:39,775 [pool-461-thread-1] INFO  server.RaftServerConfigKeys (ConfUtils.java:logGet(43)) - raft.server.retrycache.expirytime = 600000ms (custom)
2019-08-30 00:20:39,775 [pool-461-thread-1] INFO  impl.RaftServerImpl (RaftServerImpl.java:start(180)) - 098b7a6f-8c1f-4063-9e74-22bffe699939: start group-EBC4739E0E9D
2019-08-30 00:20:39,775 [pool-461-thread-1] INFO  impl.RaftServerImpl (RaftServerImpl.java:setRole(171)) - 098b7a6f-8c1f-4063-9e74-22bffe699939:group-EBC4739E0E9D changes role from null to FOLLOWER at term 0 for startAsFollower
2019-08-30 00:20:39,775 [pool-461-thread-1] INFO  impl.RoleInfo (RoleInfo.java:updateAndGet(143)) - 098b7a6f-8c1f-4063-9e74-22bffe699939: start FollowerState
2019-08-30 00:20:39,776 [pool-461-thread-1] INFO  util.JmxRegister (JmxRegister.java:tryRegister(44)) - Successfully registered JMX Bean with object name Ratis:service=RaftServer,group=group-EBC4739E0E9D,id=098b7a6f-8c1f-4063-9e74-22bffe699939
2019-08-30 00:20:39,778 [RatisPipelineUtilsThread] INFO  pipeline.PipelineStateManager (PipelineStateManager.java:addPipeline(56)) - Created pipeline Pipeline[ Id: 3f708eb1-00f8-4ab4-a135-ebc4739e0e9d, Nodes: a901cee4-1ca4-4af7-8de9-61e3c1ec06a1{ip: 192.168.69.124, host: pr-hdds-2050-pz9tn-2767506387, networkLocation: /default-rack, certSerialId: null}098b7a6f-8c1f-4063-9e74-22bffe699939{ip: 192.168.69.124, host: pr-hdds-2050-pz9tn-2767506387, networkLocation: /default-rack, certSerialId: null}55fe8a5d-468d-4e42-8a20-9d338510910b{ip: 192.168.69.124, host: pr-hdds-2050-pz9tn-2767506387, networkLocation: /default-rack, certSerialId: null}, Type:RATIS, Factor:THREE, State:OPEN]
2019-08-30 00:20:39,793 [grpc-default-executor-10] INFO  impl.RaftServerProxy (RaftServerProxy.java:addNew(89)) - 5d2fad20-58d4-4d60-9035-fb8a022f1e71: addNew group-969C60110FB4:[0a0299ed-fdd5-4dd1-b1d9-393c3f7f30c8:192.168.69.124:35657, 5d2fad20-58d4-4d60-9035-fb8a022f1e71:192.168.69.124:37894, 1701a4f3-0515-4fb0-ace0-0a2e26b8a377:192.168.69.124:33087] returns group-969C60110FB4:java.util.concurrent.CompletableFuture@5b408295[Not completed]
2019-08-30 00:20:39,793 [grpc-default-executor-8] INFO  impl.RaftServerProxy (RaftServerProxy.java:addNew(89)) - 1701a4f3-0515-4fb0-ace0-0a2e26b8a377: addNew group-969C60110FB4:[0a0299ed-fdd5-4dd1-b1d9-393c3f7f30c8:192.168.69.124:35657, 5d2fad20-58d4-4d60-9035-fb8a022f1e71:192.168.69.124:37894, 1701a4f3-0515-4fb0-ace0-0a2e26b8a377:192.168.69.124:33087] returns group-969C60110FB4:java.util.concurrent.CompletableFuture@37b3b524[Not completed]
2019-08-30 00:20:39,793 [grpc-default-executor-9] INFO  impl.RaftServerProxy (RaftServerProxy.java:addNew(89)) - 0a0299ed-fdd5-4dd1-b1d9-393c3f7f30c8: addNew group-969C60110FB4:[0a0299ed-fdd5-4dd1-b1d9-393c3f7f30c8:192.168.69.124:35657, 5d2fad20-58d4-4d60-9035-fb8a022f1e71:192.168.69.124:37894, 1701a4f3-0515-4fb0-ace0-0a2e26b8a377:192.168.69.124:33087] returns group-969C60110FB4:java.util.concurrent.CompletableFuture@7a4cbbff[Not completed]
2019-08-30 00:20:39,795 [pool-450-thread-1] INFO  impl.RaftServerImpl (RaftServerImpl.java:<init>(93)) - 5d2fad20-58d4-4d60-9035-fb8a022f1e71: new RaftServerImpl for group-969C60110FB4:[0a0299ed-fdd5-4dd1-b1d9-393c3f7f30c8:192.168.69.124:35657, 5d2fad20-58d4-4d60-9035-fb8a022f1e71:192.168.69.124:37894, 1701a4f3-0515-4fb0-ace0-0a2e26b8a377:192.168.69.124:33087] with ContainerStateMachine:uninitialized
2019-08-30 00:20:39,795 [pool-450-thread-1] INFO  server.RaftServerConfigKeys (ConfUtils.java:logGet(43)) - raft.server.rpc.timeout.min = 5s (custom)
2019-08-30 00:20:39,795 [pool-450-thread-1] INFO  server.RaftServerConfigKeys (ConfUtils.java:logGet(43)) - raft.server.rpc.timeout.max = 5200ms (custom)
2019-08-30 00:20:39,795 [pool-450-thread-1] INFO  server.RaftServerConfigKeys (ConfUtils.java:logGet(43)) - raft.server.rpcslowness.timeout = 120s (custom)
2019-08-30 00:20:39,795 [pool-450-thread-1] INFO  server.RaftServerConfigKeys (ConfUtils.java:logGet(43)) - raft.server.sleep.deviation.threshold = 300 (default)
2019-08-30 00:20:39,796 [pool-450-thread-1] INFO  server.RaftServerConfigKeys (ConfUtils.java:logGet(43)) - raft.server.log.appender.install.snapshot.enabled = false (custom)
2019-08-30 00:20:39,796 [pool-450-thread-1] INFO  impl.RaftServerImpl (ServerState.java:<init>(105)) - 5d2fad20-58d4-4d60-9035-fb8a022f1e71:group-969C60110FB4 ConfigurationManager, init=-1: [0a0299ed-fdd5-4dd1-b1d9-393c3f7f30c8:192.168.69.124:35657, 5d2fad20-58d4-4d60-9035-fb8a022f1e71:192.168.69.124:37894, 1701a4f3-0515-4fb0-ace0-0a2e26b8a377:192.168.69.124:33087], old=null, confs=<EMPTY_MAP>
2019-08-30 00:20:39,796 [pool-450-thread-1] INFO  server.RaftServerConfigKeys (ConfUtils.java:logGet(43)) - raft.server.storage.dir = [/workdir/hadoop-ozone/integration-test/target/test-dir/MiniOzoneClusterImpl-843f3514-af11-4b58-9f84-2dae9c3286a9/datanode-1/data/ratis] (custom)
2019-08-30 00:20:39,796 [pool-439-thread-1] INFO  impl.RaftServerImpl (RaftServerImpl.java:<init>(93)) - 0a0299ed-fdd5-4dd1-b1d9-393c3f7f30c8: new RaftServerImpl for group-969C60110FB4:[0a0299ed-fdd5-4dd1-b1d9-393c3f7f30c8:192.168.69.124:35657, 5d2fad20-58d4-4d60-9035-fb8a022f1e71:192.168.69.124:37894, 1701a4f3-0515-4fb0-ace0-0a2e26b8a377:192.168.69.124:33087] with ContainerStateMachine:uninitialized
2019-08-30 00:20:39,796 [pool-439-thread-1] INFO  server.RaftServerConfigKeys (ConfUtils.java:logGet(43)) - raft.server.rpc.timeout.min = 5s (custom)
2019-08-30 00:20:39,796 [pool-450-thread-1] INFO  storage.RaftStorageDirectory (RaftStorageDirectory.java:analyzeStorage(246)) - The storage directory /workdir/hadoop-ozone/integration-test/target/test-dir/MiniOzoneClusterImpl-843f3514-af11-4b58-9f84-2dae9c3286a9/datanode-1/data/ratis/19fbbfcf-28cc-436a-9456-969c60110fb4 does not exist. Creating ...
2019-08-30 00:20:39,797 [pool-439-thread-1] INFO  server.RaftServerConfigKeys (ConfUtils.java:logGet(43)) - raft.server.rpc.timeout.max = 5200ms (custom)
2019-08-30 00:20:39,797 [pool-439-thread-1] INFO  server.RaftServerConfigKeys (ConfUtils.java:logGet(43)) - raft.server.rpcslowness.timeout = 120s (custom)
2019-08-30 00:20:39,797 [pool-439-thread-1] INFO  server.RaftServerConfigKeys (ConfUtils.java:logGet(43)) - raft.server.sleep.deviation.threshold = 300 (default)
2019-08-30 00:20:39,797 [pool-472-thread-1] INFO  impl.RaftServerImpl (RaftServerImpl.java:<init>(93)) - 1701a4f3-0515-4fb0-ace0-0a2e26b8a377: new RaftServerImpl for group-969C60110FB4:[0a0299ed-fdd5-4dd1-b1d9-393c3f7f30c8:192.168.69.124:35657, 5d2fad20-58d4-4d60-9035-fb8a022f1e71:192.168.69.124:37894, 1701a4f3-0515-4fb0-ace0-0a2e26b8a377:192.168.69.124:33087] with ContainerStateMachine:uninitialized
2019-08-30 00:20:39,797 [pool-439-thread-1] INFO  server.RaftServerConfigKeys (ConfUtils.java:logGet(43)) - raft.server.log.appender.install.snapshot.enabled = false (custom)
2019-08-30 00:20:39,797 [pool-472-thread-1] INFO  server.RaftServerConfigKeys (ConfUtils.java:logGet(43)) - raft.server.rpc.timeout.min = 5s (custom)
2019-08-30 00:20:39,798 [pool-439-thread-1] INFO  impl.RaftServerImpl (ServerState.java:<init>(105)) - 0a0299ed-fdd5-4dd1-b1d9-393c3f7f30c8:group-969C60110FB4 ConfigurationManager, init=-1: [0a0299ed-fdd5-4dd1-b1d9-393c3f7f30c8:192.168.69.124:35657, 5d2fad20-58d4-4d60-9035-fb8a022f1e71:192.168.69.124:37894, 1701a4f3-0515-4fb0-ace0-0a2e26b8a377:192.168.69.124:33087], old=null, confs=<EMPTY_MAP>
2019-08-30 00:20:39,798 [pool-472-thread-1] INFO  server.RaftServerConfigKeys (ConfUtils.java:logGet(43)) - raft.server.rpc.timeout.max = 5200ms (custom)
2019-08-30 00:20:39,798 [pool-439-thread-1] INFO  server.RaftServerConfigKeys (ConfUtils.java:logGet(43)) - raft.server.storage.dir = [/workdir/hadoop-ozone/integration-test/target/test-dir/MiniOzoneClusterImpl-843f3514-af11-4b58-9f84-2dae9c3286a9/datanode-0/data/ratis] (custom)
2019-08-30 00:20:39,798 [pool-472-thread-1] INFO  server.RaftServerConfigKeys (ConfUtils.java:logGet(43)) - raft.server.rpcslowness.timeout = 120s (custom)
2019-08-30 00:20:39,798 [pool-472-thread-1] INFO  server.RaftServerConfigKeys (ConfUtils.java:logGet(43)) - raft.server.sleep.deviation.threshold = 300 (default)
2019-08-30 00:20:39,798 [pool-439-thread-1] INFO  storage.RaftStorageDirectory (RaftStorageDirectory.java:analyzeStorage(246)) - The storage directory /workdir/hadoop-ozone/integration-test/target/test-dir/MiniOzoneClusterImpl-843f3514-af11-4b58-9f84-2dae9c3286a9/datanode-0/data/ratis/19fbbfcf-28cc-436a-9456-969c60110fb4 does not exist. Creating ...
2019-08-30 00:20:39,798 [pool-472-thread-1] INFO  server.RaftServerConfigKeys (ConfUtils.java:logGet(43)) - raft.server.log.appender.install.snapshot.enabled = false (custom)
2019-08-30 00:20:39,799 [pool-472-thread-1] INFO  impl.RaftServerImpl (ServerState.java:<init>(105)) - 1701a4f3-0515-4fb0-ace0-0a2e26b8a377:group-969C60110FB4 ConfigurationManager, init=-1: [0a0299ed-fdd5-4dd1-b1d9-393c3f7f30c8:192.168.69.124:35657, 5d2fad20-58d4-4d60-9035-fb8a022f1e71:192.168.69.124:37894, 1701a4f3-0515-4fb0-ace0-0a2e26b8a377:192.168.69.124:33087], old=null, confs=<EMPTY_MAP>
2019-08-30 00:20:39,799 [pool-472-thread-1] INFO  server.RaftServerConfigKeys (ConfUtils.java:logGet(43)) - raft.server.storage.dir = [/workdir/hadoop-ozone/integration-test/target/test-dir/MiniOzoneClusterImpl-843f3514-af11-4b58-9f84-2dae9c3286a9/datanode-3/data/ratis] (custom)
2019-08-30 00:20:39,799 [pool-472-thread-1] INFO  storage.RaftStorageDirectory (RaftStorageDirectory.java:analyzeStorage(246)) - The storage directory /workdir/hadoop-ozone/integration-test/target/test-dir/MiniOzoneClusterImpl-843f3514-af11-4b58-9f84-2dae9c3286a9/datanode-3/data/ratis/19fbbfcf-28cc-436a-9456-969c60110fb4 does not exist. Creating ...
2019-08-30 00:20:39,819 [pool-472-thread-1] INFO  storage.RaftStorageDirectory (RaftStorageDirectory.java:tryLock(328)) - Lock on /workdir/hadoop-ozone/integration-test/target/test-dir/MiniOzoneClusterImpl-843f3514-af11-4b58-9f84-2dae9c3286a9/datanode-3/data/ratis/19fbbfcf-28cc-436a-9456-969c60110fb4/in_use.lock acquired by nodename 17093@pr-hdds-2050-pz9tn-2767506387
2019-08-30 00:20:39,819 [pool-450-thread-1] INFO  storage.RaftStorageDirectory (RaftStorageDirectory.java:tryLock(328)) - Lock on /workdir/hadoop-ozone/integration-test/target/test-dir/MiniOzoneClusterImpl-843f3514-af11-4b58-9f84-2dae9c3286a9/datanode-1/data/ratis/19fbbfcf-28cc-436a-9456-969c60110fb4/in_use.lock acquired by nodename 17093@pr-hdds-2050-pz9tn-2767506387
2019-08-30 00:20:39,819 [pool-439-thread-1] INFO  storage.RaftStorageDirectory (RaftStorageDirectory.java:tryLock(328)) - Lock on /workdir/hadoop-ozone/integration-test/target/test-dir/MiniOzoneClusterImpl-843f3514-af11-4b58-9f84-2dae9c3286a9/datanode-0/data/ratis/19fbbfcf-28cc-436a-9456-969c60110fb4/in_use.lock acquired by nodename 17093@pr-hdds-2050-pz9tn-2767506387
2019-08-30 00:20:39,837 [pool-439-thread-1] INFO  storage.RaftStorage (RaftStorage.java:format(72)) - Storage directory /workdir/hadoop-ozone/integration-test/target/test-dir/MiniOzoneClusterImpl-843f3514-af11-4b58-9f84-2dae9c3286a9/datanode-0/data/ratis/19fbbfcf-28cc-436a-9456-969c60110fb4 has been successfully formatted.
2019-08-30 00:20:39,837 [pool-472-thread-1] INFO  storage.RaftStorage (RaftStorage.java:format(72)) - Storage directory /workdir/hadoop-ozone/integration-test/target/test-dir/MiniOzoneClusterImpl-843f3514-af11-4b58-9f84-2dae9c3286a9/datanode-3/data/ratis/19fbbfcf-28cc-436a-9456-969c60110fb4 has been successfully formatted.
2019-08-30 00:20:39,837 [pool-450-thread-1] INFO  storage.RaftStorage (RaftStorage.java:format(72)) - Storage directory /workdir/hadoop-ozone/integration-test/target/test-dir/MiniOzoneClusterImpl-843f3514-af11-4b58-9f84-2dae9c3286a9/datanode-1/data/ratis/19fbbfcf-28cc-436a-9456-969c60110fb4 has been successfully formatted.
2019-08-30 00:20:39,837 [pool-439-thread-1] INFO  ratis.ContainerStateMachine (ContainerStateMachine.java:loadSnapshot(227)) - group-969C60110FB4: The snapshot info is null. Setting the last applied indexto:(t:0, i:~)
2019-08-30 00:20:39,837 [pool-450-thread-1] INFO  ratis.ContainerStateMachine (ContainerStateMachine.java:loadSnapshot(227)) - group-969C60110FB4: The snapshot info is null. Setting the last applied indexto:(t:0, i:~)
2019-08-30 00:20:39,837 [pool-472-thread-1] INFO  ratis.ContainerStateMachine (ContainerStateMachine.java:loadSnapshot(227)) - group-969C60110FB4: The snapshot info is null. Setting the last applied indexto:(t:0, i:~)
2019-08-30 00:20:39,838 [pool-450-thread-1] INFO  server.RaftServerConfigKeys (ConfUtils.java:logGet(43)) - raft.server.leader.election.timeout = 120s (custom)
2019-08-30 00:20:39,838 [pool-439-thread-1] INFO  server.RaftServerConfigKeys (ConfUtils.java:logGet(43)) - raft.server.leader.election.timeout = 120s (custom)
2019-08-30 00:20:39,838 [pool-450-thread-1] INFO  server.RaftServerConfigKeys (ConfUtils.java:logGet(43)) - raft.server.log.use.memory = false (default)
2019-08-30 00:20:39,838 [pool-472-thread-1] INFO  server.RaftServerConfigKeys (ConfUtils.java:logGet(43)) - raft.server.leader.election.timeout = 120s (custom)
2019-08-30 00:20:39,838 [pool-450-thread-1] INFO  server.RaftServerConfigKeys (ConfUtils.java:logGet(43)) - raft.server.log.purge.gap = 1000000 (custom)
2019-08-30 00:20:39,838 [pool-439-thread-1] INFO  server.RaftServerConfigKeys (ConfUtils.java:logGet(43)) - raft.server.log.use.memory = false (default)
2019-08-30 00:20:39,838 [pool-450-thread-1] INFO  server.RaftServerConfigKeys (ConfUtils.java:logGet(43)) - raft.server.log.appender.buffer.byte-limit = 33554432 (custom)
2019-08-30 00:20:39,838 [pool-472-thread-1] INFO  server.RaftServerConfigKeys (ConfUtils.java:logGet(43)) - raft.server.log.use.memory = false (default)
2019-08-30 00:20:39,839 [pool-450-thread-1] INFO  server.RaftServerConfigKeys (ConfUtils.java:logGet(43)) - raft.server.log.segment.size.max = 1048576 (custom)
2019-08-30 00:20:39,839 [pool-439-thread-1] INFO  server.RaftServerConfigKeys (ConfUtils.java:logGet(43)) - raft.server.log.purge.gap = 1000000 (custom)
2019-08-30 00:20:39,839 [pool-450-thread-1] INFO  server.RaftServerConfigKeys (ConfUtils.java:logGet(43)) - raft.server.log.segment.cache.num.max = 2 (custom)
2019-08-30 00:20:39,839 [pool-472-thread-1] INFO  server.RaftServerConfigKeys (ConfUtils.java:logGet(43)) - raft.server.log.purge.gap = 1000000 (custom)
2019-08-30 00:20:39,839 [pool-450-thread-1] INFO  segmented.SegmentedRaftLogWorker (SegmentedRaftLogWorker.java:<init>(172)) - new 5d2fad20-58d4-4d60-9035-fb8a022f1e71-SegmentedRaftLogWorker:Storage Directory /workdir/hadoop-ozone/integration-test/target/test-dir/MiniOzoneClusterImpl-843f3514-af11-4b58-9f84-2dae9c3286a9/datanode-1/data/ratis/19fbbfcf-28cc-436a-9456-969c60110fb4 for RaftStorage:Storage Directory /workdir/hadoop-ozone/integration-test/target/test-dir/MiniOzoneClusterImpl-843f3514-af11-4b58-9f84-2dae9c3286a9/datanode-1/data/ratis/19fbbfcf-28cc-436a-9456-969c60110fb4
2019-08-30 00:20:39,839 [pool-439-thread-1] INFO  server.RaftServerConfigKeys (ConfUtils.java:logGet(43)) - raft.server.log.appender.buffer.byte-limit = 33554432 (custom)
2019-08-30 00:20:39,839 [pool-450-thread-1] INFO  server.RaftServerConfigKeys (ConfUtils.java:logGet(43)) - raft.server.log.queue.byte-limit = 2147483647 (custom)
2019-08-30 00:20:39,839 [pool-472-thread-1] INFO  server.RaftServerConfigKeys (ConfUtils.java:logGet(43)) - raft.server.log.appender.buffer.byte-limit = 33554432 (custom)
2019-08-30 00:20:39,840 [pool-450-thread-1] INFO  server.RaftServerConfigKeys (ConfUtils.java:logGet(43)) - raft.server.log.queue.element-limit = 1024 (custom)
2019-08-30 00:20:39,840 [pool-439-thread-1] INFO  server.RaftServerConfigKeys (ConfUtils.java:logGet(43)) - raft.server.log.segment.size.max = 1048576 (custom)
2019-08-30 00:20:39,840 [pool-450-thread-1] INFO  server.RaftServerConfigKeys (ConfUtils.java:logGet(43)) - raft.server.log.segment.size.max = 1048576 (custom)
2019-08-30 00:20:39,840 [pool-472-thread-1] INFO  server.RaftServerConfigKeys (ConfUtils.java:logGet(43)) - raft.server.log.segment.size.max = 1048576 (custom)
2019-08-30 00:20:39,840 [pool-450-thread-1] INFO  server.RaftServerConfigKeys (ConfUtils.java:logGet(43)) - raft.server.log.preallocated.size = 16384 (custom)
2019-08-30 00:20:39,840 [pool-439-thread-1] INFO  server.RaftServerConfigKeys (ConfUtils.java:logGet(43)) - raft.server.log.segment.cache.num.max = 2 (custom)
2019-08-30 00:20:39,840 [pool-450-thread-1] INFO  server.RaftServerConfigKeys (ConfUtils.java:logGet(43)) - raft.server.log.write.buffer.size = 33554432 (custom)
2019-08-30 00:20:39,840 [pool-472-thread-1] INFO  server.RaftServerConfigKeys (ConfUtils.java:logGet(43)) - raft.server.log.segment.cache.num.max = 2 (custom)
2019-08-30 00:20:39,841 [pool-450-thread-1] INFO  server.RaftServerConfigKeys (ConfUtils.java:logGet(43)) - raft.server.log.force.sync.num = 128 (default)
2019-08-30 00:20:39,841 [pool-439-thread-1] INFO  segmented.SegmentedRaftLogWorker (SegmentedRaftLogWorker.java:<init>(172)) - new 0a0299ed-fdd5-4dd1-b1d9-393c3f7f30c8-SegmentedRaftLogWorker:Storage Directory /workdir/hadoop-ozone/integration-test/target/test-dir/MiniOzoneClusterImpl-843f3514-af11-4b58-9f84-2dae9c3286a9/datanode-0/data/ratis/19fbbfcf-28cc-436a-9456-969c60110fb4 for RaftStorage:Storage Directory /workdir/hadoop-ozone/integration-test/target/test-dir/MiniOzoneClusterImpl-843f3514-af11-4b58-9f84-2dae9c3286a9/datanode-0/data/ratis/19fbbfcf-28cc-436a-9456-969c60110fb4
2019-08-30 00:20:39,841 [pool-450-thread-1] INFO  server.RaftServerConfigKeys (ConfUtils.java:logGet(43)) - raft.server.log.statemachine.data.sync = true (default)
2019-08-30 00:20:39,841 [pool-472-thread-1] INFO  segmented.SegmentedRaftLogWorker (SegmentedRaftLogWorker.java:<init>(172)) - new 1701a4f3-0515-4fb0-ace0-0a2e26b8a377-SegmentedRaftLogWorker:Storage Directory /workdir/hadoop-ozone/integration-test/target/test-dir/MiniOzoneClusterImpl-843f3514-af11-4b58-9f84-2dae9c3286a9/datanode-3/data/ratis/19fbbfcf-28cc-436a-9456-969c60110fb4 for RaftStorage:Storage Directory /workdir/hadoop-ozone/integration-test/target/test-dir/MiniOzoneClusterImpl-843f3514-af11-4b58-9f84-2dae9c3286a9/datanode-3/data/ratis/19fbbfcf-28cc-436a-9456-969c60110fb4
2019-08-30 00:20:39,841 [pool-450-thread-1] INFO  server.RaftServerConfigKeys (ConfUtils.java:logGet(43)) - raft.server.log.statemachine.data.sync.timeout = 10s (default)
2019-08-30 00:20:39,841 [pool-439-thread-1] INFO  server.RaftServerConfigKeys (ConfUtils.java:logGet(43)) - raft.server.log.queue.byte-limit = 2147483647 (custom)
2019-08-30 00:20:39,841 [pool-450-thread-1] INFO  server.RaftServerConfigKeys (ConfUtils.java:logGet(43)) - raft.server.log.statemachine.data.sync.timeout.retry = -1 (default)
2019-08-30 00:20:39,841 [pool-472-thread-1] INFO  server.RaftServerConfigKeys (ConfUtils.java:logGet(43)) - raft.server.log.queue.byte-limit = 2147483647 (custom)
2019-08-30 00:20:39,842 [pool-450-thread-1] INFO  server.RaftServerConfigKeys (ConfUtils.java:logGet(43)) - raft.server.log.statemachine.data.caching.enabled = true (custom)
2019-08-30 00:20:39,842 [pool-439-thread-1] INFO  server.RaftServerConfigKeys (ConfUtils.java:logGet(43)) - raft.server.log.queue.element-limit = 1024 (custom)
2019-08-30 00:20:39,842 [pool-450-thread-1] INFO  segmented.SegmentedRaftLogWorker (SegmentedRaftLogWorker.java:lambda$new$0(132)) - 5d2fad20-58d4-4d60-9035-fb8a022f1e71-SegmentedRaftLogWorker:Storage Directory /workdir/hadoop-ozone/integration-test/target/test-dir/MiniOzoneClusterImpl-843f3514-af11-4b58-9f84-2dae9c3286a9/datanode-1/data/ratis/19fbbfcf-28cc-436a-9456-969c60110fb4: flushIndex: setUnconditionally 0 -> -1
2019-08-30 00:20:39,842 [pool-472-thread-1] INFO  server.RaftServerConfigKeys (ConfUtils.java:logGet(43)) - raft.server.log.queue.element-limit = 1024 (custom)
2019-08-30 00:20:39,842 [pool-450-thread-1] INFO  server.RaftServerConfigKeys (ConfUtils.java:logGet(43)) - raft.server.snapshot.auto.trigger.enabled = true (custom)
2019-08-30 00:20:39,842 [pool-439-thread-1] INFO  server.RaftServerConfigKeys (ConfUtils.java:logGet(43)) - raft.server.log.segment.size.max = 1048576 (custom)
2019-08-30 00:20:39,843 [pool-450-thread-1] INFO  server.RaftServerConfigKeys (ConfUtils.java:logGet(43)) - raft.server.snapshot.auto.trigger.threshold = 10000 (custom)
2019-08-30 00:20:39,842 [pool-472-thread-1] INFO  server.RaftServerConfigKeys (ConfUtils.java:logGet(43)) - raft.server.log.segment.size.max = 1048576 (custom)
2019-08-30 00:20:39,843 [pool-450-thread-1] INFO  server.RaftServerConfigKeys (ConfUtils.java:logGet(43)) - raft.server.retrycache.expirytime = 600000ms (custom)
2019-08-30 00:20:39,843 [pool-439-thread-1] INFO  server.RaftServerConfigKeys (ConfUtils.java:logGet(43)) - raft.server.log.preallocated.size = 16384 (custom)
2019-08-30 00:20:39,843 [pool-450-thread-1] INFO  impl.RaftServerImpl (RaftServerImpl.java:start(180)) - 5d2fad20-58d4-4d60-9035-fb8a022f1e71: start group-969C60110FB4
2019-08-30 00:20:39,843 [pool-472-thread-1] INFO  server.RaftServerConfigKeys (ConfUtils.java:logGet(43)) - raft.server.log.preallocated.size = 16384 (custom)
2019-08-30 00:20:39,843 [pool-450-thread-1] INFO  impl.RaftServerImpl (RaftServerImpl.java:setRole(171)) - 5d2fad20-58d4-4d60-9035-fb8a022f1e71:group-969C60110FB4 changes role from null to FOLLOWER at term 0 for startAsFollower
2019-08-30 00:20:39,843 [pool-439-thread-1] INFO  server.RaftServerConfigKeys (ConfUtils.java:logGet(43)) - raft.server.log.write.buffer.size = 33554432 (custom)
2019-08-30 00:20:39,844 [pool-450-thread-1] INFO  impl.RoleInfo (RoleInfo.java:updateAndGet(143)) - 5d2fad20-58d4-4d60-9035-fb8a022f1e71: start FollowerState
2019-08-30 00:20:39,844 [pool-472-thread-1] INFO  server.RaftServerConfigKeys (ConfUtils.java:logGet(43)) - raft.server.log.write.buffer.size = 33554432 (custom)
2019-08-30 00:20:39,844 [pool-439-thread-1] INFO  server.RaftServerConfigKeys (ConfUtils.java:logGet(43)) - raft.server.log.force.sync.num = 128 (default)
2019-08-30 00:20:39,844 [pool-450-thread-1] INFO  util.JmxRegister (JmxRegister.java:tryRegister(44)) - Successfully registered JMX Bean with object name Ratis:service=RaftServer,group=group-969C60110FB4,id=5d2fad20-58d4-4d60-9035-fb8a022f1e71
2019-08-30 00:20:39,844 [pool-472-thread-1] INFO  server.RaftServerConfigKeys (ConfUtils.java:logGet(43)) - raft.server.log.force.sync.num = 128 (default)
2019-08-30 00:20:39,844 [pool-439-thread-1] INFO  server.RaftServerConfigKeys (ConfUtils.java:logGet(43)) - raft.server.log.statemachine.data.sync = true (default)
2019-08-30 00:20:39,845 [pool-472-thread-1] INFO  server.RaftServerConfigKeys (ConfUtils.java:logGet(43)) - raft.server.log.statemachine.data.sync = true (default)
2019-08-30 00:20:39,845 [pool-439-thread-1] INFO  server.RaftServerConfigKeys (ConfUtils.java:logGet(43)) - raft.server.log.statemachine.data.sync.timeout = 10s (default)
2019-08-30 00:20:39,845 [pool-472-thread-1] INFO  server.RaftServerConfigKeys (ConfUtils.java:logGet(43)) - raft.server.log.statemachine.data.sync.timeout = 10s (default)
2019-08-30 00:20:39,845 [pool-439-thread-1] INFO  server.RaftServerConfigKeys (ConfUtils.java:logGet(43)) - raft.server.log.statemachine.data.sync.timeout.retry = -1 (default)
2019-08-30 00:20:39,845 [pool-472-thread-1] INFO  server.RaftServerConfigKeys (ConfUtils.java:logGet(43)) - raft.server.log.statemachine.data.sync.timeout.retry = -1 (default)
2019-08-30 00:20:39,846 [pool-439-thread-1] INFO  server.RaftServerConfigKeys (ConfUtils.java:logGet(43)) - raft.server.log.statemachine.data.caching.enabled = true (custom)
2019-08-30 00:20:39,846 [pool-472-thread-1] INFO  server.RaftServerConfigKeys (ConfUtils.java:logGet(43)) - raft.server.log.statemachine.data.caching.enabled = true (custom)
2019-08-30 00:20:39,846 [pool-439-thread-1] INFO  segmented.SegmentedRaftLogWorker (SegmentedRaftLogWorker.java:lambda$new$0(132)) - 0a0299ed-fdd5-4dd1-b1d9-393c3f7f30c8-SegmentedRaftLogWorker:Storage Directory /workdir/hadoop-ozone/integration-test/target/test-dir/MiniOzoneClusterImpl-843f3514-af11-4b58-9f84-2dae9c3286a9/datanode-0/data/ratis/19fbbfcf-28cc-436a-9456-969c60110fb4: flushIndex: setUnconditionally 0 -> -1
2019-08-30 00:20:39,846 [pool-472-thread-1] INFO  segmented.SegmentedRaftLogWorker (SegmentedRaftLogWorker.java:lambda$new$0(132)) - 1701a4f3-0515-4fb0-ace0-0a2e26b8a377-SegmentedRaftLogWorker:Storage Directory /workdir/hadoop-ozone/integration-test/target/test-dir/MiniOzoneClusterImpl-843f3514-af11-4b58-9f84-2dae9c3286a9/datanode-3/data/ratis/19fbbfcf-28cc-436a-9456-969c60110fb4: flushIndex: setUnconditionally 0 -> -1
2019-08-30 00:20:39,847 [pool-439-thread-1] INFO  server.RaftServerConfigKeys (ConfUtils.java:logGet(43)) - raft.server.snapshot.auto.trigger.enabled = true (custom)
2019-08-30 00:20:39,847 [pool-472-thread-1] INFO  server.RaftServerConfigKeys (ConfUtils.java:logGet(43)) - raft.server.snapshot.auto.trigger.enabled = true (custom)
2019-08-30 00:20:39,847 [pool-439-thread-1] INFO  server.RaftServerConfigKeys (ConfUtils.java:logGet(43)) - raft.server.snapshot.auto.trigger.threshold = 10000 (custom)
2019-08-30 00:20:39,847 [pool-472-thread-1] INFO  server.RaftServerConfigKeys (ConfUtils.java:logGet(43)) - raft.server.snapshot.auto.trigger.threshold = 10000 (custom)
2019-08-30 00:20:39,847 [pool-439-thread-1] INFO  server.RaftServerConfigKeys (ConfUtils.java:logGet(43)) - raft.server.retrycache.expirytime = 600000ms (custom)
2019-08-30 00:20:39,847 [pool-472-thread-1] INFO  server.RaftServerConfigKeys (ConfUtils.java:logGet(43)) - raft.server.retrycache.expirytime = 600000ms (custom)
2019-08-30 00:20:39,847 [pool-439-thread-1] INFO  impl.RaftServerImpl (RaftServerImpl.java:start(180)) - 0a0299ed-fdd5-4dd1-b1d9-393c3f7f30c8: start group-969C60110FB4
2019-08-30 00:20:39,848 [pool-472-thread-1] INFO  impl.RaftServerImpl (RaftServerImpl.java:start(180)) - 1701a4f3-0515-4fb0-ace0-0a2e26b8a377: start group-969C60110FB4
2019-08-30 00:20:39,848 [pool-439-thread-1] INFO  impl.RaftServerImpl (RaftServerImpl.java:setRole(171)) - 0a0299ed-fdd5-4dd1-b1d9-393c3f7f30c8:group-969C60110FB4 changes role from null to FOLLOWER at term 0 for startAsFollower
2019-08-30 00:20:39,848 [pool-472-thread-1] INFO  impl.RaftServerImpl (RaftServerImpl.java:setRole(171)) - 1701a4f3-0515-4fb0-ace0-0a2e26b8a377:group-969C60110FB4 changes role from null to FOLLOWER at term 0 for startAsFollower
2019-08-30 00:20:39,848 [pool-439-thread-1] INFO  impl.RoleInfo (RoleInfo.java:updateAndGet(143)) - 0a0299ed-fdd5-4dd1-b1d9-393c3f7f30c8: start FollowerState
2019-08-30 00:20:39,848 [pool-472-thread-1] INFO  impl.RoleInfo (RoleInfo.java:updateAndGet(143)) - 1701a4f3-0515-4fb0-ace0-0a2e26b8a377: start FollowerState
2019-08-30 00:20:39,849 [pool-439-thread-1] INFO  util.JmxRegister (JmxRegister.java:tryRegister(44)) - Successfully registered JMX Bean with object name Ratis:service=RaftServer,group=group-969C60110FB4,id=0a0299ed-fdd5-4dd1-b1d9-393c3f7f30c8
2019-08-30 00:20:39,849 [pool-472-thread-1] INFO  util.JmxRegister (JmxRegister.java:tryRegister(44)) - Successfully registered JMX Bean with object name Ratis:service=RaftServer,group=group-969C60110FB4,id=1701a4f3-0515-4fb0-ace0-0a2e26b8a377
2019-08-30 00:20:39,852 [RatisPipelineUtilsThread] INFO  pipeline.PipelineStateManager (PipelineStateManager.java:addPipeline(56)) - Created pipeline Pipeline[ Id: 19fbbfcf-28cc-436a-9456-969c60110fb4, Nodes: 1701a4f3-0515-4fb0-ace0-0a2e26b8a377{ip: 192.168.69.124, host: pr-hdds-2050-pz9tn-2767506387, networkLocation: /default-rack, certSerialId: null}0a0299ed-fdd5-4dd1-b1d9-393c3f7f30c8{ip: 192.168.69.124, host: pr-hdds-2050-pz9tn-2767506387, networkLocation: /default-rack, certSerialId: null}5d2fad20-58d4-4d60-9035-fb8a022f1e71{ip: 192.168.69.124, host: pr-hdds-2050-pz9tn-2767506387, networkLocation: /default-rack, certSerialId: null}, Type:RATIS, Factor:THREE, State:OPEN]
2019-08-30 00:20:40,568 [main] INFO  ozone.MiniOzoneClusterImpl (MiniOzoneClusterImpl.java:lambda$waitForClusterToBeReady$0(140)) - Cluster is ready. Got 7 of 7 DN Heartbeats.
2019-08-30 00:20:40,594 [main] INFO  rpc.RpcClient (RpcClient.java:createVolume(293)) - Creating Volume: testblockoutputstream, with jenkins1000 as owner.
2019-08-30 00:20:40,596 | INFO  | OMAudit | user=jenkins1000 | ip=127.0.0.1 | op=CREATE_VOLUME {admin=jenkins1000, owner=jenkins1000, volume=testblockoutputstream, creationTime=1567124440595, quotaInBytes=1152921504606846976} | ret=SUCCESS |  
2019-08-30 00:20:40,606 | INFO  | OMAudit | user=jenkins1000 | ip=127.0.0.1 | op=READ_VOLUME {volume=testblockoutputstream} | ret=SUCCESS |  
2019-08-30 00:20:40,607 [main] INFO  rpc.RpcClient (RpcClient.java:createBucket(432)) - Creating Bucket: testblockoutputstream/testblockoutputstream, with Versioning false and Storage Type set to DISK and Encryption set to false 
2019-08-30 00:20:40,611 | INFO  | OMAudit | user=jenkins1000 | ip=127.0.0.1 | op=CREATE_BUCKET {volume=testblockoutputstream, bucket=testblockoutputstream, acls=[user:jenkins1000:a[ACCESS], group:default:a[ACCESS]], isVersionEnabled=false, storageType=DISK, creationTime=0} | ret=SUCCESS |  
2019-08-30 00:20:40,613 | INFO  | OMAudit | user=jenkins1000 | ip=127.0.0.1 | op=READ_VOLUME {volume=testblockoutputstream} | ret=SUCCESS |  
2019-08-30 00:20:40,615 | INFO  | OMAudit | user=jenkins1000 | ip=127.0.0.1 | op=READ_BUCKET {volume=testblockoutputstream, bucket=testblockoutputstream} | ret=SUCCESS |  
2019-08-30 00:20:40,619 | INFO  | SCMAudit | user=jenkins1000 | ip=127.0.0.1 | op=ALLOCATE_BLOCK {owner=bc33046b-ffec-4fc1-8982-c3336d26338e, size=800, type=RATIS, factor=THREE} | ret=SUCCESS |  
2019-08-30 00:20:40,622 | INFO  | OMAudit | user=jenkins1000 | ip=127.0.0.1 | op=ALLOCATE_KEY {volume=testblockoutputstream, bucket=testblockoutputstream, key=d7ad3a9a-4b71-4662-bcca-b94e50bc6659, dataSize=0, replicationType=RATIS, replicationFactor=THREE, keyLocationInfo=null} | ret=SUCCESS |  
2019-08-30 00:20:40,637 [grpc-default-executor-9] INFO  client.GrpcClientProtocolClient (GrpcClientProtocolClient.java:onNext(255)) - client-971DEEE54F6E->1701a4f3-0515-4fb0-ace0-0a2e26b8a377: receive RaftClientReply:client-971DEEE54F6E->1701a4f3-0515-4fb0-ace0-0a2e26b8a377@group-969C60110FB4, cid=183, FAILED org.apache.ratis.protocol.NotLeaderException: Server 1701a4f3-0515-4fb0-ace0-0a2e26b8a377 is not the leader (null). Request must be sent to leader., logIndex=0, commits[1701a4f3-0515-4fb0-ace0-0a2e26b8a377:c-1]
2019-08-30 00:20:41,168 | INFO  | SCMAudit | user=jenkins1000 | ip=192.168.69.124 | op=SEND_HEARTBEAT {datanodeUUID=0a0299ed-fdd5-4dd1-b1d9-393c3f7f30c8, command=[]} | ret=SUCCESS |  
2019-08-30 00:20:41,229 | INFO  | SCMAudit | user=jenkins1000 | ip=192.168.69.124 | op=SEND_HEARTBEAT {datanodeUUID=5d2fad20-58d4-4d60-9035-fb8a022f1e71, command=[]} | ret=SUCCESS |  
2019-08-30 00:20:41,292 | INFO  | SCMAudit | user=jenkins1000 | ip=192.168.69.124 | op=SEND_HEARTBEAT {datanodeUUID=098b7a6f-8c1f-4063-9e74-22bffe699939, command=[]} | ret=SUCCESS |  
2019-08-30 00:20:41,352 | INFO  | SCMAudit | user=jenkins1000 | ip=192.168.69.124 | op=SEND_HEARTBEAT {datanodeUUID=1701a4f3-0515-4fb0-ace0-0a2e26b8a377, command=[]} | ret=SUCCESS |  
2019-08-30 00:20:41,414 | INFO  | SCMAudit | user=jenkins1000 | ip=192.168.69.124 | op=SEND_HEARTBEAT {datanodeUUID=a901cee4-1ca4-4af7-8de9-61e3c1ec06a1, command=[]} | ret=SUCCESS |  
2019-08-30 00:20:41,499 | INFO  | SCMAudit | user=jenkins1000 | ip=192.168.69.124 | op=SEND_HEARTBEAT {datanodeUUID=722b0ac7-031f-47c9-b3f5-fbc30035f474, command=[]} | ret=SUCCESS |  
2019-08-30 00:20:41,568 | INFO  | SCMAudit | user=jenkins1000 | ip=192.168.69.124 | op=SEND_HEARTBEAT {datanodeUUID=55fe8a5d-468d-4e42-8a20-9d338510910b, command=[]} | ret=SUCCESS |  
2019-08-30 00:20:41,650 [grpc-default-executor-8] INFO  client.GrpcClientProtocolClient (GrpcClientProtocolClient.java:onNext(255)) - client-971DEEE54F6E->5d2fad20-58d4-4d60-9035-fb8a022f1e71: receive RaftClientReply:client-971DEEE54F6E->5d2fad20-58d4-4d60-9035-fb8a022f1e71@group-969C60110FB4, cid=183, FAILED org.apache.ratis.protocol.NotLeaderException: Server 5d2fad20-58d4-4d60-9035-fb8a022f1e71 is not the leader (null). Request must be sent to leader., logIndex=0, commits[5d2fad20-58d4-4d60-9035-fb8a022f1e71:c-1]
2019-08-30 00:20:42,167 | INFO  | SCMAudit | user=jenkins1000 | ip=192.168.69.124 | op=SEND_HEARTBEAT {datanodeUUID=0a0299ed-fdd5-4dd1-b1d9-393c3f7f30c8, command=[]} | ret=SUCCESS |  
2019-08-30 00:20:42,180 [Thread-3551] INFO  container.ReplicationManager (ReplicationManager.java:start(152)) - Starting Replication Monitor Thread.
2019-08-30 00:20:42,184 [ReplicationMonitor] INFO  container.ReplicationManager (ReplicationManager.java:run(215)) - Replication Monitor Thread took 1 milliseconds for processing 1 containers.
2019-08-30 00:20:42,229 | INFO  | SCMAudit | user=jenkins1000 | ip=192.168.69.124 | op=SEND_HEARTBEAT {datanodeUUID=5d2fad20-58d4-4d60-9035-fb8a022f1e71, command=[]} | ret=SUCCESS |  
2019-08-30 00:20:42,292 | INFO  | SCMAudit | user=jenkins1000 | ip=192.168.69.124 | op=SEND_HEARTBEAT {datanodeUUID=098b7a6f-8c1f-4063-9e74-22bffe699939, command=[]} | ret=SUCCESS |  
2019-08-30 00:20:42,353 | INFO  | SCMAudit | user=jenkins1000 | ip=192.168.69.124 | op=SEND_HEARTBEAT {datanodeUUID=1701a4f3-0515-4fb0-ace0-0a2e26b8a377, command=[]} | ret=SUCCESS |  
2019-08-30 00:20:42,415 | INFO  | SCMAudit | user=jenkins1000 | ip=192.168.69.124 | op=SEND_HEARTBEAT {datanodeUUID=a901cee4-1ca4-4af7-8de9-61e3c1ec06a1, command=[]} | ret=SUCCESS |  
2019-08-30 00:20:42,499 | INFO  | SCMAudit | user=jenkins1000 | ip=192.168.69.124 | op=SEND_HEARTBEAT {datanodeUUID=722b0ac7-031f-47c9-b3f5-fbc30035f474, command=[]} | ret=SUCCESS |  
2019-08-30 00:20:42,568 | INFO  | SCMAudit | user=jenkins1000 | ip=192.168.69.124 | op=SEND_HEARTBEAT {datanodeUUID=55fe8a5d-468d-4e42-8a20-9d338510910b, command=[]} | ret=SUCCESS |  
2019-08-30 00:20:42,660 [grpc-default-executor-9] INFO  client.GrpcClientProtocolClient (GrpcClientProtocolClient.java:onNext(255)) - client-971DEEE54F6E->0a0299ed-fdd5-4dd1-b1d9-393c3f7f30c8: receive RaftClientReply:client-971DEEE54F6E->0a0299ed-fdd5-4dd1-b1d9-393c3f7f30c8@group-969C60110FB4, cid=183, FAILED org.apache.ratis.protocol.NotLeaderException: Server 0a0299ed-fdd5-4dd1-b1d9-393c3f7f30c8 is not the leader (null). Request must be sent to leader., logIndex=0, commits[0a0299ed-fdd5-4dd1-b1d9-393c3f7f30c8:c-1]
2019-08-30 00:20:43,167 | INFO  | SCMAudit | user=jenkins1000 | ip=192.168.69.124 | op=SEND_HEARTBEAT {datanodeUUID=0a0299ed-fdd5-4dd1-b1d9-393c3f7f30c8, command=[]} | ret=SUCCESS |  
2019-08-30 00:20:43,229 | INFO  | SCMAudit | user=jenkins1000 | ip=192.168.69.124 | op=SEND_HEARTBEAT {datanodeUUID=5d2fad20-58d4-4d60-9035-fb8a022f1e71, command=[]} | ret=SUCCESS |  
2019-08-30 00:20:43,292 | INFO  | SCMAudit | user=jenkins1000 | ip=192.168.69.124 | op=SEND_HEARTBEAT {datanodeUUID=098b7a6f-8c1f-4063-9e74-22bffe699939, command=[]} | ret=SUCCESS |  
2019-08-30 00:20:43,352 | INFO  | SCMAudit | user=jenkins1000 | ip=192.168.69.124 | op=SEND_HEARTBEAT {datanodeUUID=1701a4f3-0515-4fb0-ace0-0a2e26b8a377, command=[]} | ret=SUCCESS |  
2019-08-30 00:20:43,415 | INFO  | SCMAudit | user=jenkins1000 | ip=192.168.69.124 | op=SEND_HEARTBEAT {datanodeUUID=a901cee4-1ca4-4af7-8de9-61e3c1ec06a1, command=[]} | ret=SUCCESS |  
2019-08-30 00:20:43,499 | INFO  | SCMAudit | user=jenkins1000 | ip=192.168.69.124 | op=SEND_HEARTBEAT {datanodeUUID=722b0ac7-031f-47c9-b3f5-fbc30035f474, command=[]} | ret=SUCCESS |  
2019-08-30 00:20:43,569 | INFO  | SCMAudit | user=jenkins1000 | ip=192.168.69.124 | op=SEND_HEARTBEAT {datanodeUUID=55fe8a5d-468d-4e42-8a20-9d338510910b, command=[]} | ret=SUCCESS |  
2019-08-30 00:20:43,681 [grpc-default-executor-8] INFO  client.GrpcClientProtocolClient (GrpcClientProtocolClient.java:onNext(255)) - client-971DEEE54F6E->5d2fad20-58d4-4d60-9035-fb8a022f1e71: receive RaftClientReply:client-971DEEE54F6E->5d2fad20-58d4-4d60-9035-fb8a022f1e71@group-969C60110FB4, cid=183, FAILED org.apache.ratis.protocol.NotLeaderException: Server 5d2fad20-58d4-4d60-9035-fb8a022f1e71 is not the leader (null). Request must be sent to leader., logIndex=0, commits[5d2fad20-58d4-4d60-9035-fb8a022f1e71:c-1]
2019-08-30 00:20:44,167 | INFO  | SCMAudit | user=jenkins1000 | ip=192.168.69.124 | op=SEND_HEARTBEAT {datanodeUUID=0a0299ed-fdd5-4dd1-b1d9-393c3f7f30c8, command=[]} | ret=SUCCESS |  
2019-08-30 00:20:44,229 | INFO  | SCMAudit | user=jenkins1000 | ip=192.168.69.124 | op=SEND_HEARTBEAT {datanodeUUID=5d2fad20-58d4-4d60-9035-fb8a022f1e71, command=[]} | ret=SUCCESS |  
2019-08-30 00:20:44,292 | INFO  | SCMAudit | user=jenkins1000 | ip=192.168.69.124 | op=SEND_HEARTBEAT {datanodeUUID=098b7a6f-8c1f-4063-9e74-22bffe699939, command=[]} | ret=SUCCESS |  
2019-08-30 00:20:44,318 [Thread-3553] INFO  impl.FollowerState (FollowerState.java:run(106)) - 0a0299ed-fdd5-4dd1-b1d9-393c3f7f30c8:group-4AA22C7BDAFC changes to CANDIDATE, lastRpcTime:5067, electionTimeout:5067ms
2019-08-30 00:20:44,318 [Thread-3553] INFO  impl.RoleInfo (RoleInfo.java:shutdownFollowerState(121)) - 0a0299ed-fdd5-4dd1-b1d9-393c3f7f30c8: shutdown FollowerState
2019-08-30 00:20:44,318 [Thread-3553] INFO  impl.RaftServerImpl (RaftServerImpl.java:setRole(171)) - 0a0299ed-fdd5-4dd1-b1d9-393c3f7f30c8:group-4AA22C7BDAFC changes role from FOLLOWER to CANDIDATE at term 0 for changeToCandidate
2019-08-30 00:20:44,318 [Thread-3553] INFO  impl.RoleInfo (RoleInfo.java:updateAndGet(143)) - 0a0299ed-fdd5-4dd1-b1d9-393c3f7f30c8: start LeaderElection
2019-08-30 00:20:44,349 [0a0299ed-fdd5-4dd1-b1d9-393c3f7f30c8:group-4AA22C7BDAFC:LeaderElection74] INFO  impl.LeaderElection (LeaderElection.java:askForVotes(181)) - 0a0299ed-fdd5-4dd1-b1d9-393c3f7f30c8:group-4AA22C7BDAFC:LeaderElection74: begin an election at term 1 for -1: [0a0299ed-fdd5-4dd1-b1d9-393c3f7f30c8:192.168.69.124:35657], old=null
2019-08-30 00:20:44,349 [0a0299ed-fdd5-4dd1-b1d9-393c3f7f30c8:group-4AA22C7BDAFC:LeaderElection74] INFO  impl.RoleInfo (RoleInfo.java:shutdownLeaderElection(134)) - 0a0299ed-fdd5-4dd1-b1d9-393c3f7f30c8: shutdown LeaderElection
2019-08-30 00:20:44,349 [0a0299ed-fdd5-4dd1-b1d9-393c3f7f30c8:group-4AA22C7BDAFC:LeaderElection74] INFO  impl.RaftServerImpl (RaftServerImpl.java:setRole(171)) - 0a0299ed-fdd5-4dd1-b1d9-393c3f7f30c8:group-4AA22C7BDAFC changes role from CANDIDATE to LEADER at term 1 for changeToLeader
2019-08-30 00:20:44,349 [0a0299ed-fdd5-4dd1-b1d9-393c3f7f30c8:group-4AA22C7BDAFC:LeaderElection74] INFO  impl.RaftServerImpl (ServerState.java:setLeader(263)) - 0a0299ed-fdd5-4dd1-b1d9-393c3f7f30c8:group-4AA22C7BDAFC change Leader from null to 0a0299ed-fdd5-4dd1-b1d9-393c3f7f30c8 at term 1 for becomeLeader, leader elected after 5103ms
2019-08-30 00:20:44,350 [0a0299ed-fdd5-4dd1-b1d9-393c3f7f30c8:group-4AA22C7BDAFC:LeaderElection74] INFO  server.RaftServerConfigKeys (ConfUtils.java:logGet(43)) - raft.server.staging.catchup.gap = 1000 (default)
2019-08-30 00:20:44,350 [0a0299ed-fdd5-4dd1-b1d9-393c3f7f30c8:group-4AA22C7BDAFC:LeaderElection74] INFO  server.RaftServerConfigKeys (ConfUtils.java:logGet(43)) - raft.server.rpc.sleep.time = 25ms (default)
2019-08-30 00:20:44,350 [0a0299ed-fdd5-4dd1-b1d9-393c3f7f30c8:group-4AA22C7BDAFC:LeaderElection74] INFO  server.RaftServerConfigKeys (ConfUtils.java:logGet(43)) - raft.server.write.element-limit = 4096 (default)
2019-08-30 00:20:44,350 [0a0299ed-fdd5-4dd1-b1d9-393c3f7f30c8:group-4AA22C7BDAFC:LeaderElection74] INFO  server.RaftServerConfigKeys (ConfUtils.java:logGet(43)) - raft.server.watch.timeout = 10s (default)
2019-08-30 00:20:44,350 [0a0299ed-fdd5-4dd1-b1d9-393c3f7f30c8:group-4AA22C7BDAFC:LeaderElection74] INFO  server.RaftServerConfigKeys (ConfUtils.java:logGet(43)) - raft.server.watch.timeout.denomination = 1s (default)
2019-08-30 00:20:44,351 [0a0299ed-fdd5-4dd1-b1d9-393c3f7f30c8:group-4AA22C7BDAFC:LeaderElection74] INFO  server.RaftServerConfigKeys (ConfUtils.java:logGet(43)) - raft.server.watch.element-limit = 65536 (default)
2019-08-30 00:20:44,351 [0a0299ed-fdd5-4dd1-b1d9-393c3f7f30c8:group-4AA22C7BDAFC:LeaderElection74] INFO  impl.RoleInfo (RoleInfo.java:updateAndGet(143)) - 0a0299ed-fdd5-4dd1-b1d9-393c3f7f30c8: start LeaderState
2019-08-30 00:20:44,351 [0a0299ed-fdd5-4dd1-b1d9-393c3f7f30c8:group-4AA22C7BDAFC:LeaderElection74] INFO  segmented.SegmentedRaftLogWorker (SegmentedRaftLogWorker.java:startLogSegment(380)) - 0a0299ed-fdd5-4dd1-b1d9-393c3f7f30c8-SegmentedRaftLogWorker:Storage Directory /workdir/hadoop-ozone/integration-test/target/test-dir/MiniOzoneClusterImpl-843f3514-af11-4b58-9f84-2dae9c3286a9/datanode-0/data/ratis/4fe21fca-7530-4775-a7a6-4aa22c7bdafc: Starting segment from index:0
2019-08-30 00:20:44,352 | INFO  | SCMAudit | user=jenkins1000 | ip=192.168.69.124 | op=SEND_HEARTBEAT {datanodeUUID=1701a4f3-0515-4fb0-ace0-0a2e26b8a377, command=[]} | ret=SUCCESS |  
2019-08-30 00:20:44,352 [0a0299ed-fdd5-4dd1-b1d9-393c3f7f30c8:group-4AA22C7BDAFC:LeaderElection74] INFO  impl.RaftServerImpl (ServerState.java:setRaftConf(361)) - 0a0299ed-fdd5-4dd1-b1d9-393c3f7f30c8:group-4AA22C7BDAFC set configuration 0: [0a0299ed-fdd5-4dd1-b1d9-393c3f7f30c8:192.168.69.124:35657], old=null at 0
2019-08-30 00:20:44,397 [Thread-3559] INFO  impl.FollowerState (FollowerState.java:run(106)) - 098b7a6f-8c1f-4063-9e74-22bffe699939:group-C72CFE223CFD changes to CANDIDATE, lastRpcTime:5005, electionTimeout:5005ms
2019-08-30 00:20:44,397 [Thread-3559] INFO  impl.RoleInfo (RoleInfo.java:shutdownFollowerState(121)) - 098b7a6f-8c1f-4063-9e74-22bffe699939: shutdown FollowerState
2019-08-30 00:20:44,397 [Thread-3559] INFO  impl.RaftServerImpl (RaftServerImpl.java:setRole(171)) - 098b7a6f-8c1f-4063-9e74-22bffe699939:group-C72CFE223CFD changes role from FOLLOWER to CANDIDATE at term 0 for changeToCandidate
2019-08-30 00:20:44,398 [Thread-3559] INFO  impl.RoleInfo (RoleInfo.java:updateAndGet(143)) - 098b7a6f-8c1f-4063-9e74-22bffe699939: start LeaderElection
2019-08-30 00:20:44,412 [0a0299ed-fdd5-4dd1-b1d9-393c3f7f30c8-SegmentedRaftLogWorker:Storage Directory /workdir/hadoop-ozone/integration-test/target/test-dir/MiniOzoneClusterImpl-843f3514-af11-4b58-9f84-2dae9c3286a9/datanode-0/data/ratis/4fe21fca-7530-4775-a7a6-4aa22c7bdafc] INFO  segmented.SegmentedRaftLogWorker (SegmentedRaftLogWorker.java:execute(569)) - 0a0299ed-fdd5-4dd1-b1d9-393c3f7f30c8-SegmentedRaftLogWorker:Storage Directory /workdir/hadoop-ozone/integration-test/target/test-dir/MiniOzoneClusterImpl-843f3514-af11-4b58-9f84-2dae9c3286a9/datanode-0/data/ratis/4fe21fca-7530-4775-a7a6-4aa22c7bdafc: created new log segment /workdir/hadoop-ozone/integration-test/target/test-dir/MiniOzoneClusterImpl-843f3514-af11-4b58-9f84-2dae9c3286a9/datanode-0/data/ratis/4fe21fca-7530-4775-a7a6-4aa22c7bdafc/current/log_inprogress_0
2019-08-30 00:20:44,415 | INFO  | SCMAudit | user=jenkins1000 | ip=192.168.69.124 | op=SEND_HEARTBEAT {datanodeUUID=a901cee4-1ca4-4af7-8de9-61e3c1ec06a1, command=[]} | ret=SUCCESS |  
2019-08-30 00:20:44,434 [098b7a6f-8c1f-4063-9e74-22bffe699939:group-C72CFE223CFD:LeaderElection75] INFO  impl.LeaderElection (LeaderElection.java:askForVotes(181)) - 098b7a6f-8c1f-4063-9e74-22bffe699939:group-C72CFE223CFD:LeaderElection75: begin an election at term 1 for -1: [098b7a6f-8c1f-4063-9e74-22bffe699939:192.168.69.124:39388], old=null
2019-08-30 00:20:44,434 [098b7a6f-8c1f-4063-9e74-22bffe699939:group-C72CFE223CFD:LeaderElection75] INFO  impl.RoleInfo (RoleInfo.java:shutdownLeaderElection(134)) - 098b7a6f-8c1f-4063-9e74-22bffe699939: shutdown LeaderElection
2019-08-30 00:20:44,434 [098b7a6f-8c1f-4063-9e74-22bffe699939:group-C72CFE223CFD:LeaderElection75] INFO  impl.RaftServerImpl (RaftServerImpl.java:setRole(171)) - 098b7a6f-8c1f-4063-9e74-22bffe699939:group-C72CFE223CFD changes role from CANDIDATE to LEADER at term 1 for changeToLeader
2019-08-30 00:20:44,434 [098b7a6f-8c1f-4063-9e74-22bffe699939:group-C72CFE223CFD:LeaderElection75] INFO  impl.RaftServerImpl (ServerState.java:setLeader(263)) - 098b7a6f-8c1f-4063-9e74-22bffe699939:group-C72CFE223CFD change Leader from null to 098b7a6f-8c1f-4063-9e74-22bffe699939 at term 1 for becomeLeader, leader elected after 5047ms
2019-08-30 00:20:44,434 [098b7a6f-8c1f-4063-9e74-22bffe699939:group-C72CFE223CFD:LeaderElection75] INFO  server.RaftServerConfigKeys (ConfUtils.java:logGet(43)) - raft.server.staging.catchup.gap = 1000 (default)
2019-08-30 00:20:44,434 [098b7a6f-8c1f-4063-9e74-22bffe699939:group-C72CFE223CFD:LeaderElection75] INFO  server.RaftServerConfigKeys (ConfUtils.java:logGet(43)) - raft.server.rpc.sleep.time = 25ms (default)
2019-08-30 00:20:44,434 [098b7a6f-8c1f-4063-9e74-22bffe699939:group-C72CFE223CFD:LeaderElection75] INFO  server.RaftServerConfigKeys (ConfUtils.java:logGet(43)) - raft.server.write.element-limit = 4096 (default)
2019-08-30 00:20:44,435 [098b7a6f-8c1f-4063-9e74-22bffe699939:group-C72CFE223CFD:LeaderElection75] INFO  server.RaftServerConfigKeys (ConfUtils.java:logGet(43)) - raft.server.watch.timeout = 10s (default)
2019-08-30 00:20:44,435 [098b7a6f-8c1f-4063-9e74-22bffe699939:group-C72CFE223CFD:LeaderElection75] INFO  server.RaftServerConfigKeys (ConfUtils.java:logGet(43)) - raft.server.watch.timeout.denomination = 1s (default)
2019-08-30 00:20:44,435 [098b7a6f-8c1f-4063-9e74-22bffe699939:group-C72CFE223CFD:LeaderElection75] INFO  server.RaftServerConfigKeys (ConfUtils.java:logGet(43)) - raft.server.watch.element-limit = 65536 (default)
2019-08-30 00:20:44,435 [098b7a6f-8c1f-4063-9e74-22bffe699939:group-C72CFE223CFD:LeaderElection75] INFO  impl.RoleInfo (RoleInfo.java:updateAndGet(143)) - 098b7a6f-8c1f-4063-9e74-22bffe699939: start LeaderState
2019-08-30 00:20:44,435 [098b7a6f-8c1f-4063-9e74-22bffe699939:group-C72CFE223CFD:LeaderElection75] INFO  segmented.SegmentedRaftLogWorker (SegmentedRaftLogWorker.java:startLogSegment(380)) - 098b7a6f-8c1f-4063-9e74-22bffe699939-SegmentedRaftLogWorker:Storage Directory /workdir/hadoop-ozone/integration-test/target/test-dir/MiniOzoneClusterImpl-843f3514-af11-4b58-9f84-2dae9c3286a9/datanode-2/data/ratis/2cf55286-aaf6-4577-bbf6-c72cfe223cfd: Starting segment from index:0
2019-08-30 00:20:44,436 [098b7a6f-8c1f-4063-9e74-22bffe699939:group-C72CFE223CFD:LeaderElection75] INFO  impl.RaftServerImpl (ServerState.java:setRaftConf(361)) - 098b7a6f-8c1f-4063-9e74-22bffe699939:group-C72CFE223CFD set configuration 0: [098b7a6f-8c1f-4063-9e74-22bffe699939:192.168.69.124:39388], old=null at 0
2019-08-30 00:20:44,495 [Thread-3562] INFO  impl.FollowerState (FollowerState.java:run(106)) - 1701a4f3-0515-4fb0-ace0-0a2e26b8a377:group-3535EE5142AA changes to CANDIDATE, lastRpcTime:5038, electionTimeout:5038ms
2019-08-30 00:20:44,496 [Thread-3562] INFO  impl.RoleInfo (RoleInfo.java:shutdownFollowerState(121)) - 1701a4f3-0515-4fb0-ace0-0a2e26b8a377: shutdown FollowerState
2019-08-30 00:20:44,496 [Thread-3562] INFO  impl.RaftServerImpl (RaftServerImpl.java:setRole(171)) - 1701a4f3-0515-4fb0-ace0-0a2e26b8a377:group-3535EE5142AA changes role from FOLLOWER to CANDIDATE at term 0 for changeToCandidate
2019-08-30 00:20:44,496 [Thread-3562] INFO  impl.RoleInfo (RoleInfo.java:updateAndGet(143)) - 1701a4f3-0515-4fb0-ace0-0a2e26b8a377: start LeaderElection
2019-08-30 00:20:44,498 [098b7a6f-8c1f-4063-9e74-22bffe699939-SegmentedRaftLogWorker:Storage Directory /workdir/hadoop-ozone/integration-test/target/test-dir/MiniOzoneClusterImpl-843f3514-af11-4b58-9f84-2dae9c3286a9/datanode-2/data/ratis/2cf55286-aaf6-4577-bbf6-c72cfe223cfd] INFO  segmented.SegmentedRaftLogWorker (SegmentedRaftLogWorker.java:execute(569)) - 098b7a6f-8c1f-4063-9e74-22bffe699939-SegmentedRaftLogWorker:Storage Directory /workdir/hadoop-ozone/integration-test/target/test-dir/MiniOzoneClusterImpl-843f3514-af11-4b58-9f84-2dae9c3286a9/datanode-2/data/ratis/2cf55286-aaf6-4577-bbf6-c72cfe223cfd: created new log segment /workdir/hadoop-ozone/integration-test/target/test-dir/MiniOzoneClusterImpl-843f3514-af11-4b58-9f84-2dae9c3286a9/datanode-2/data/ratis/2cf55286-aaf6-4577-bbf6-c72cfe223cfd/current/log_inprogress_0
2019-08-30 00:20:44,501 | INFO  | SCMAudit | user=jenkins1000 | ip=192.168.69.124 | op=SEND_HEARTBEAT {datanodeUUID=722b0ac7-031f-47c9-b3f5-fbc30035f474, command=[]} | ret=SUCCESS |  
2019-08-30 00:20:44,503 [Thread-3556] INFO  impl.FollowerState (FollowerState.java:run(106)) - 5d2fad20-58d4-4d60-9035-fb8a022f1e71:group-D7A384A04320 changes to CANDIDATE, lastRpcTime:5188, electionTimeout:5188ms
2019-08-30 00:20:44,503 [Thread-3556] INFO  impl.RoleInfo (RoleInfo.java:shutdownFollowerState(121)) - 5d2fad20-58d4-4d60-9035-fb8a022f1e71: shutdown FollowerState
2019-08-30 00:20:44,503 [Thread-3556] INFO  impl.RaftServerImpl (RaftServerImpl.java:setRole(171)) - 5d2fad20-58d4-4d60-9035-fb8a022f1e71:group-D7A384A04320 changes role from FOLLOWER to CANDIDATE at term 0 for changeToCandidate
2019-08-30 00:20:44,503 [Thread-3556] INFO  impl.RoleInfo (RoleInfo.java:updateAndGet(143)) - 5d2fad20-58d4-4d60-9035-fb8a022f1e71: start LeaderElection
2019-08-30 00:20:44,515 [5d2fad20-58d4-4d60-9035-fb8a022f1e71:group-D7A384A04320:LeaderElection77] INFO  impl.LeaderElection (LeaderElection.java:askForVotes(181)) - 5d2fad20-58d4-4d60-9035-fb8a022f1e71:group-D7A384A04320:LeaderElection77: begin an election at term 1 for -1: [5d2fad20-58d4-4d60-9035-fb8a022f1e71:192.168.69.124:37894], old=null
2019-08-30 00:20:44,515 [1701a4f3-0515-4fb0-ace0-0a2e26b8a377:group-3535EE5142AA:LeaderElection76] INFO  impl.LeaderElection (LeaderElection.java:askForVotes(181)) - 1701a4f3-0515-4fb0-ace0-0a2e26b8a377:group-3535EE5142AA:LeaderElection76: begin an election at term 1 for -1: [1701a4f3-0515-4fb0-ace0-0a2e26b8a377:192.168.69.124:33087], old=null
2019-08-30 00:20:44,515 [5d2fad20-58d4-4d60-9035-fb8a022f1e71:group-D7A384A04320:LeaderElection77] INFO  impl.RoleInfo (RoleInfo.java:shutdownLeaderElection(134)) - 5d2fad20-58d4-4d60-9035-fb8a022f1e71: shutdown LeaderElection
2019-08-30 00:20:44,515 [5d2fad20-58d4-4d60-9035-fb8a022f1e71:group-D7A384A04320:LeaderElection77] INFO  impl.RaftServerImpl (RaftServerImpl.java:setRole(171)) - 5d2fad20-58d4-4d60-9035-fb8a022f1e71:group-D7A384A04320 changes role from CANDIDATE to LEADER at term 1 for changeToLeader
2019-08-30 00:20:44,515 [1701a4f3-0515-4fb0-ace0-0a2e26b8a377:group-3535EE5142AA:LeaderElection76] INFO  impl.RoleInfo (RoleInfo.java:shutdownLeaderElection(134)) - 1701a4f3-0515-4fb0-ace0-0a2e26b8a377: shutdown LeaderElection
2019-08-30 00:20:44,515 [5d2fad20-58d4-4d60-9035-fb8a022f1e71:group-D7A384A04320:LeaderElection77] INFO  impl.RaftServerImpl (ServerState.java:setLeader(263)) - 5d2fad20-58d4-4d60-9035-fb8a022f1e71:group-D7A384A04320 change Leader from null to 5d2fad20-58d4-4d60-9035-fb8a022f1e71 at term 1 for becomeLeader, leader elected after 5205ms
2019-08-30 00:20:44,516 [1701a4f3-0515-4fb0-ace0-0a2e26b8a377:group-3535EE5142AA:LeaderElection76] INFO  impl.RaftServerImpl (RaftServerImpl.java:setRole(171)) - 1701a4f3-0515-4fb0-ace0-0a2e26b8a377:group-3535EE5142AA changes role from CANDIDATE to LEADER at term 1 for changeToLeader
2019-08-30 00:20:44,516 [5d2fad20-58d4-4d60-9035-fb8a022f1e71:group-D7A384A04320:LeaderElection77] INFO  server.RaftServerConfigKeys (ConfUtils.java:logGet(43)) - raft.server.staging.catchup.gap = 1000 (default)
2019-08-30 00:20:44,516 [1701a4f3-0515-4fb0-ace0-0a2e26b8a377:group-3535EE5142AA:LeaderElection76] INFO  impl.RaftServerImpl (ServerState.java:setLeader(263)) - 1701a4f3-0515-4fb0-ace0-0a2e26b8a377:group-3535EE5142AA change Leader from null to 1701a4f3-0515-4fb0-ace0-0a2e26b8a377 at term 1 for becomeLeader, leader elected after 5063ms
2019-08-30 00:20:44,516 [5d2fad20-58d4-4d60-9035-fb8a022f1e71:group-D7A384A04320:LeaderElection77] INFO  server.RaftServerConfigKeys (ConfUtils.java:logGet(43)) - raft.server.rpc.sleep.time = 25ms (default)
2019-08-30 00:20:44,516 [1701a4f3-0515-4fb0-ace0-0a2e26b8a377:group-3535EE5142AA:LeaderElection76] INFO  server.RaftServerConfigKeys (ConfUtils.java:logGet(43)) - raft.server.staging.catchup.gap = 1000 (default)
2019-08-30 00:20:44,516 [5d2fad20-58d4-4d60-9035-fb8a022f1e71:group-D7A384A04320:LeaderElection77] INFO  server.RaftServerConfigKeys (ConfUtils.java:logGet(43)) - raft.server.write.element-limit = 4096 (default)
2019-08-30 00:20:44,516 [1701a4f3-0515-4fb0-ace0-0a2e26b8a377:group-3535EE5142AA:LeaderElection76] INFO  server.RaftServerConfigKeys (ConfUtils.java:logGet(43)) - raft.server.rpc.sleep.time = 25ms (default)
2019-08-30 00:20:44,517 [5d2fad20-58d4-4d60-9035-fb8a022f1e71:group-D7A384A04320:LeaderElection77] INFO  server.RaftServerConfigKeys (ConfUtils.java:logGet(43)) - raft.server.watch.timeout = 10s (default)
2019-08-30 00:20:44,517 [1701a4f3-0515-4fb0-ace0-0a2e26b8a377:group-3535EE5142AA:LeaderElection76] INFO  server.RaftServerConfigKeys (ConfUtils.java:logGet(43)) - raft.server.write.element-limit = 4096 (default)
2019-08-30 00:20:44,517 [5d2fad20-58d4-4d60-9035-fb8a022f1e71:group-D7A384A04320:LeaderElection77] INFO  server.RaftServerConfigKeys (ConfUtils.java:logGet(43)) - raft.server.watch.timeout.denomination = 1s (default)
2019-08-30 00:20:44,517 [1701a4f3-0515-4fb0-ace0-0a2e26b8a377:group-3535EE5142AA:LeaderElection76] INFO  server.RaftServerConfigKeys (ConfUtils.java:logGet(43)) - raft.server.watch.timeout = 10s (default)
2019-08-30 00:20:44,517 [5d2fad20-58d4-4d60-9035-fb8a022f1e71:group-D7A384A04320:LeaderElection77] INFO  server.RaftServerConfigKeys (ConfUtils.java:logGet(43)) - raft.server.watch.element-limit = 65536 (default)
2019-08-30 00:20:44,517 [1701a4f3-0515-4fb0-ace0-0a2e26b8a377:group-3535EE5142AA:LeaderElection76] INFO  server.RaftServerConfigKeys (ConfUtils.java:logGet(43)) - raft.server.watch.timeout.denomination = 1s (default)
2019-08-30 00:20:44,518 [1701a4f3-0515-4fb0-ace0-0a2e26b8a377:group-3535EE5142AA:LeaderElection76] INFO  server.RaftServerConfigKeys (ConfUtils.java:logGet(43)) - raft.server.watch.element-limit = 65536 (default)
2019-08-30 00:20:44,518 [5d2fad20-58d4-4d60-9035-fb8a022f1e71:group-D7A384A04320:LeaderElection77] INFO  impl.RoleInfo (RoleInfo.java:updateAndGet(143)) - 5d2fad20-58d4-4d60-9035-fb8a022f1e71: start LeaderState
2019-08-30 00:20:44,518 [1701a4f3-0515-4fb0-ace0-0a2e26b8a377:group-3535EE5142AA:LeaderElection76] INFO  impl.RoleInfo (RoleInfo.java:updateAndGet(143)) - 1701a4f3-0515-4fb0-ace0-0a2e26b8a377: start LeaderState
2019-08-30 00:20:44,518 [5d2fad20-58d4-4d60-9035-fb8a022f1e71:group-D7A384A04320:LeaderElection77] INFO  segmented.SegmentedRaftLogWorker (SegmentedRaftLogWorker.java:startLogSegment(380)) - 5d2fad20-58d4-4d60-9035-fb8a022f1e71-SegmentedRaftLogWorker:Storage Directory /workdir/hadoop-ozone/integration-test/target/test-dir/MiniOzoneClusterImpl-843f3514-af11-4b58-9f84-2dae9c3286a9/datanode-1/data/ratis/cadfea23-83b2-4238-8a62-d7a384a04320: Starting segment from index:0
2019-08-30 00:20:44,518 [1701a4f3-0515-4fb0-ace0-0a2e26b8a377:group-3535EE5142AA:LeaderElection76] INFO  segmented.SegmentedRaftLogWorker (SegmentedRaftLogWorker.java:startLogSegment(380)) - 1701a4f3-0515-4fb0-ace0-0a2e26b8a377-SegmentedRaftLogWorker:Storage Directory /workdir/hadoop-ozone/integration-test/target/test-dir/MiniOzoneClusterImpl-843f3514-af11-4b58-9f84-2dae9c3286a9/datanode-3/data/ratis/b5724f15-9099-4d31-8ded-3535ee5142aa: Starting segment from index:0
2019-08-30 00:20:44,519 [5d2fad20-58d4-4d60-9035-fb8a022f1e71:group-D7A384A04320:LeaderElection77] INFO  impl.RaftServerImpl (ServerState.java:setRaftConf(361)) - 5d2fad20-58d4-4d60-9035-fb8a022f1e71:group-D7A384A04320 set configuration 0: [5d2fad20-58d4-4d60-9035-fb8a022f1e71:192.168.69.124:37894], old=null at 0
2019-08-30 00:20:44,573 [1701a4f3-0515-4fb0-ace0-0a2e26b8a377:group-3535EE5142AA:LeaderElection76] INFO  impl.RaftServerImpl (ServerState.java:setRaftConf(361)) - 1701a4f3-0515-4fb0-ace0-0a2e26b8a377:group-3535EE5142AA set configuration 0: [1701a4f3-0515-4fb0-ace0-0a2e26b8a377:192.168.69.124:33087], old=null at 0
2019-08-30 00:20:44,574 | INFO  | SCMAudit | user=jenkins1000 | ip=192.168.69.124 | op=SEND_HEARTBEAT {datanodeUUID=55fe8a5d-468d-4e42-8a20-9d338510910b, command=[]} | ret=SUCCESS |  
2019-08-30 00:20:44,617 [5d2fad20-58d4-4d60-9035-fb8a022f1e71-SegmentedRaftLogWorker:Storage Directory /workdir/hadoop-ozone/integration-test/target/test-dir/MiniOzoneClusterImpl-843f3514-af11-4b58-9f84-2dae9c3286a9/datanode-1/data/ratis/cadfea23-83b2-4238-8a62-d7a384a04320] INFO  segmented.SegmentedRaftLogWorker (SegmentedRaftLogWorker.java:execute(569)) - 5d2fad20-58d4-4d60-9035-fb8a022f1e71-SegmentedRaftLogWorker:Storage Directory /workdir/hadoop-ozone/integration-test/target/test-dir/MiniOzoneClusterImpl-843f3514-af11-4b58-9f84-2dae9c3286a9/datanode-1/data/ratis/cadfea23-83b2-4238-8a62-d7a384a04320: created new log segment /workdir/hadoop-ozone/integration-test/target/test-dir/MiniOzoneClusterImpl-843f3514-af11-4b58-9f84-2dae9c3286a9/datanode-1/data/ratis/cadfea23-83b2-4238-8a62-d7a384a04320/current/log_inprogress_0
2019-08-30 00:20:44,638 [1701a4f3-0515-4fb0-ace0-0a2e26b8a377-SegmentedRaftLogWorker:Storage Directory /workdir/hadoop-ozone/integration-test/target/test-dir/MiniOzoneClusterImpl-843f3514-af11-4b58-9f84-2dae9c3286a9/datanode-3/data/ratis/b5724f15-9099-4d31-8ded-3535ee5142aa] INFO  segmented.SegmentedRaftLogWorker (SegmentedRaftLogWorker.java:execute(569)) - 1701a4f3-0515-4fb0-ace0-0a2e26b8a377-SegmentedRaftLogWorker:Storage Directory /workdir/hadoop-ozone/integration-test/target/test-dir/MiniOzoneClusterImpl-843f3514-af11-4b58-9f84-2dae9c3286a9/datanode-3/data/ratis/b5724f15-9099-4d31-8ded-3535ee5142aa: created new log segment /workdir/hadoop-ozone/integration-test/target/test-dir/MiniOzoneClusterImpl-843f3514-af11-4b58-9f84-2dae9c3286a9/datanode-3/data/ratis/b5724f15-9099-4d31-8ded-3535ee5142aa/current/log_inprogress_0
2019-08-30 00:20:44,696 [grpc-default-executor-8] INFO  client.GrpcClientProtocolClient (GrpcClientProtocolClient.java:onNext(255)) - client-971DEEE54F6E->0a0299ed-fdd5-4dd1-b1d9-393c3f7f30c8: receive RaftClientReply:client-971DEEE54F6E->0a0299ed-fdd5-4dd1-b1d9-393c3f7f30c8@group-969C60110FB4, cid=183, FAILED org.apache.ratis.protocol.NotLeaderException: Server 0a0299ed-fdd5-4dd1-b1d9-393c3f7f30c8 is not the leader (null). Request must be sent to leader., logIndex=0, commits[0a0299ed-fdd5-4dd1-b1d9-393c3f7f30c8:c-1]
2019-08-30 00:20:44,748 [Thread-3565] INFO  impl.FollowerState (FollowerState.java:run(106)) - a901cee4-1ca4-4af7-8de9-61e3c1ec06a1:group-DB8991316369 changes to CANDIDATE, lastRpcTime:5193, electionTimeout:5193ms
2019-08-30 00:20:44,748 [Thread-3565] INFO  impl.RoleInfo (RoleInfo.java:shutdownFollowerState(121)) - a901cee4-1ca4-4af7-8de9-61e3c1ec06a1: shutdown FollowerState
2019-08-30 00:20:44,748 [Thread-3565] INFO  impl.RaftServerImpl (RaftServerImpl.java:setRole(171)) - a901cee4-1ca4-4af7-8de9-61e3c1ec06a1:group-DB8991316369 changes role from FOLLOWER to CANDIDATE at term 0 for changeToCandidate
2019-08-30 00:20:44,749 [Thread-3565] INFO  impl.RoleInfo (RoleInfo.java:updateAndGet(143)) - a901cee4-1ca4-4af7-8de9-61e3c1ec06a1: start LeaderElection
2019-08-30 00:20:44,767 [Thread-3568] INFO  impl.FollowerState (FollowerState.java:run(106)) - 722b0ac7-031f-47c9-b3f5-fbc30035f474:group-04DFEE733899 changes to CANDIDATE, lastRpcTime:5155, electionTimeout:5155ms
2019-08-30 00:20:44,768 [Thread-3568] INFO  impl.RoleInfo (RoleInfo.java:shutdownFollowerState(121)) - 722b0ac7-031f-47c9-b3f5-fbc30035f474: shutdown FollowerState
2019-08-30 00:20:44,768 [Thread-3568] INFO  impl.RaftServerImpl (RaftServerImpl.java:setRole(171)) - 722b0ac7-031f-47c9-b3f5-fbc30035f474:group-04DFEE733899 changes role from FOLLOWER to CANDIDATE at term 0 for changeToCandidate
2019-08-30 00:20:44,768 [Thread-3568] INFO  impl.RoleInfo (RoleInfo.java:updateAndGet(143)) - 722b0ac7-031f-47c9-b3f5-fbc30035f474: start LeaderElection
2019-08-30 00:20:44,790 [a901cee4-1ca4-4af7-8de9-61e3c1ec06a1:group-DB8991316369:LeaderElection78] INFO  impl.LeaderElection (LeaderElection.java:askForVotes(181)) - a901cee4-1ca4-4af7-8de9-61e3c1ec06a1:group-DB8991316369:LeaderElection78: begin an election at term 1 for -1: [a901cee4-1ca4-4af7-8de9-61e3c1ec06a1:192.168.69.124:34970], old=null
2019-08-30 00:20:44,790 [a901cee4-1ca4-4af7-8de9-61e3c1ec06a1:group-DB8991316369:LeaderElection78] INFO  impl.RoleInfo (RoleInfo.java:shutdownLeaderElection(134)) - a901cee4-1ca4-4af7-8de9-61e3c1ec06a1: shutdown LeaderElection
2019-08-30 00:20:44,791 [a901cee4-1ca4-4af7-8de9-61e3c1ec06a1:group-DB8991316369:LeaderElection78] INFO  impl.RaftServerImpl (RaftServerImpl.java:setRole(171)) - a901cee4-1ca4-4af7-8de9-61e3c1ec06a1:group-DB8991316369 changes role from CANDIDATE to LEADER at term 1 for changeToLeader
2019-08-30 00:20:44,791 [a901cee4-1ca4-4af7-8de9-61e3c1ec06a1:group-DB8991316369:LeaderElection78] INFO  impl.RaftServerImpl (ServerState.java:setLeader(263)) - a901cee4-1ca4-4af7-8de9-61e3c1ec06a1:group-DB8991316369 change Leader from null to a901cee4-1ca4-4af7-8de9-61e3c1ec06a1 at term 1 for becomeLeader, leader elected after 5241ms
2019-08-30 00:20:44,791 [a901cee4-1ca4-4af7-8de9-61e3c1ec06a1:group-DB8991316369:LeaderElection78] INFO  server.RaftServerConfigKeys (ConfUtils.java:logGet(43)) - raft.server.staging.catchup.gap = 1000 (default)
2019-08-30 00:20:44,791 [a901cee4-1ca4-4af7-8de9-61e3c1ec06a1:group-DB8991316369:LeaderElection78] INFO  server.RaftServerConfigKeys (ConfUtils.java:logGet(43)) - raft.server.rpc.sleep.time = 25ms (default)
2019-08-30 00:20:44,791 [a901cee4-1ca4-4af7-8de9-61e3c1ec06a1:group-DB8991316369:LeaderElection78] INFO  server.RaftServerConfigKeys (ConfUtils.java:logGet(43)) - raft.server.write.element-limit = 4096 (default)
2019-08-30 00:20:44,792 [a901cee4-1ca4-4af7-8de9-61e3c1ec06a1:group-DB8991316369:LeaderElection78] INFO  server.RaftServerConfigKeys (ConfUtils.java:logGet(43)) - raft.server.watch.timeout = 10s (default)
2019-08-30 00:20:44,792 [a901cee4-1ca4-4af7-8de9-61e3c1ec06a1:group-DB8991316369:LeaderElection78] INFO  server.RaftServerConfigKeys (ConfUtils.java:logGet(43)) - raft.server.watch.timeout.denomination = 1s (default)
2019-08-30 00:20:44,792 [a901cee4-1ca4-4af7-8de9-61e3c1ec06a1:group-DB8991316369:LeaderElection78] INFO  server.RaftServerConfigKeys (ConfUtils.java:logGet(43)) - raft.server.watch.element-limit = 65536 (default)
2019-08-30 00:20:44,792 [a901cee4-1ca4-4af7-8de9-61e3c1ec06a1:group-DB8991316369:LeaderElection78] INFO  impl.RoleInfo (RoleInfo.java:updateAndGet(143)) - a901cee4-1ca4-4af7-8de9-61e3c1ec06a1: start LeaderState
2019-08-30 00:20:44,793 [a901cee4-1ca4-4af7-8de9-61e3c1ec06a1:group-DB8991316369:LeaderElection78] INFO  segmented.SegmentedRaftLogWorker (SegmentedRaftLogWorker.java:startLogSegment(380)) - a901cee4-1ca4-4af7-8de9-61e3c1ec06a1-SegmentedRaftLogWorker:Storage Directory /workdir/hadoop-ozone/integration-test/target/test-dir/MiniOzoneClusterImpl-843f3514-af11-4b58-9f84-2dae9c3286a9/datanode-4/data/ratis/ff74b08b-3eb3-4356-9103-db8991316369: Starting segment from index:0
2019-08-30 00:20:44,793 [a901cee4-1ca4-4af7-8de9-61e3c1ec06a1:group-DB8991316369:LeaderElection78] INFO  impl.RaftServerImpl (ServerState.java:setRaftConf(361)) - a901cee4-1ca4-4af7-8de9-61e3c1ec06a1:group-DB8991316369 set configuration 0: [a901cee4-1ca4-4af7-8de9-61e3c1ec06a1:192.168.69.124:34970], old=null at 0
2019-08-30 00:20:44,834 [722b0ac7-031f-47c9-b3f5-fbc30035f474:group-04DFEE733899:LeaderElection79] INFO  impl.LeaderElection (LeaderElection.java:askForVotes(181)) - 722b0ac7-031f-47c9-b3f5-fbc30035f474:group-04DFEE733899:LeaderElection79: begin an election at term 1 for -1: [722b0ac7-031f-47c9-b3f5-fbc30035f474:192.168.69.124:41299], old=null
2019-08-30 00:20:44,834 [722b0ac7-031f-47c9-b3f5-fbc30035f474:group-04DFEE733899:LeaderElection79] INFO  impl.RoleInfo (RoleInfo.java:shutdownLeaderElection(134)) - 722b0ac7-031f-47c9-b3f5-fbc30035f474: shutdown LeaderElection
2019-08-30 00:20:44,834 [722b0ac7-031f-47c9-b3f5-fbc30035f474:group-04DFEE733899:LeaderElection79] INFO  impl.RaftServerImpl (RaftServerImpl.java:setRole(171)) - 722b0ac7-031f-47c9-b3f5-fbc30035f474:group-04DFEE733899 changes role from CANDIDATE to LEADER at term 1 for changeToLeader
2019-08-30 00:20:44,834 [722b0ac7-031f-47c9-b3f5-fbc30035f474:group-04DFEE733899:LeaderElection79] INFO  impl.RaftServerImpl (ServerState.java:setLeader(263)) - 722b0ac7-031f-47c9-b3f5-fbc30035f474:group-04DFEE733899 change Leader from null to 722b0ac7-031f-47c9-b3f5-fbc30035f474 at term 1 for becomeLeader, leader elected after 5225ms
2019-08-30 00:20:44,835 [722b0ac7-031f-47c9-b3f5-fbc30035f474:group-04DFEE733899:LeaderElection79] INFO  server.RaftServerConfigKeys (ConfUtils.java:logGet(43)) - raft.server.staging.catchup.gap = 1000 (default)
2019-08-30 00:20:44,835 [722b0ac7-031f-47c9-b3f5-fbc30035f474:group-04DFEE733899:LeaderElection79] INFO  server.RaftServerConfigKeys (ConfUtils.java:logGet(43)) - raft.server.rpc.sleep.time = 25ms (default)
2019-08-30 00:20:44,835 [722b0ac7-031f-47c9-b3f5-fbc30035f474:group-04DFEE733899:LeaderElection79] INFO  server.RaftServerConfigKeys (ConfUtils.java:logGet(43)) - raft.server.write.element-limit = 4096 (default)
2019-08-30 00:20:44,835 [722b0ac7-031f-47c9-b3f5-fbc30035f474:group-04DFEE733899:LeaderElection79] INFO  server.RaftServerConfigKeys (ConfUtils.java:logGet(43)) - raft.server.watch.timeout = 10s (default)
2019-08-30 00:20:44,835 [722b0ac7-031f-47c9-b3f5-fbc30035f474:group-04DFEE733899:LeaderElection79] INFO  server.RaftServerConfigKeys (ConfUtils.java:logGet(43)) - raft.server.watch.timeout.denomination = 1s (default)
2019-08-30 00:20:44,835 [722b0ac7-031f-47c9-b3f5-fbc30035f474:group-04DFEE733899:LeaderElection79] INFO  server.RaftServerConfigKeys (ConfUtils.java:logGet(43)) - raft.server.watch.element-limit = 65536 (default)
2019-08-30 00:20:44,836 [722b0ac7-031f-47c9-b3f5-fbc30035f474:group-04DFEE733899:LeaderElection79] INFO  impl.RoleInfo (RoleInfo.java:updateAndGet(143)) - 722b0ac7-031f-47c9-b3f5-fbc30035f474: start LeaderState
2019-08-30 00:20:44,836 [722b0ac7-031f-47c9-b3f5-fbc30035f474:group-04DFEE733899:LeaderElection79] INFO  segmented.SegmentedRaftLogWorker (SegmentedRaftLogWorker.java:startLogSegment(380)) - 722b0ac7-031f-47c9-b3f5-fbc30035f474-SegmentedRaftLogWorker:Storage Directory /workdir/hadoop-ozone/integration-test/target/test-dir/MiniOzoneClusterImpl-843f3514-af11-4b58-9f84-2dae9c3286a9/datanode-5/data/ratis/572820ed-a8a1-4fbb-868d-04dfee733899: Starting segment from index:0
2019-08-30 00:20:44,836 [722b0ac7-031f-47c9-b3f5-fbc30035f474:group-04DFEE733899:LeaderElection79] INFO  impl.RaftServerImpl (ServerState.java:setRaftConf(361)) - 722b0ac7-031f-47c9-b3f5-fbc30035f474:group-04DFEE733899 set configuration 0: [722b0ac7-031f-47c9-b3f5-fbc30035f474:192.168.69.124:41299], old=null at 0
2019-08-30 00:20:44,880 [Thread-3588] INFO  impl.FollowerState (FollowerState.java:run(106)) - 1701a4f3-0515-4fb0-ace0-0a2e26b8a377:group-969C60110FB4 changes to CANDIDATE, lastRpcTime:5031, electionTimeout:5018ms
2019-08-30 00:20:44,880 [a901cee4-1ca4-4af7-8de9-61e3c1ec06a1-SegmentedRaftLogWorker:Storage Directory /workdir/hadoop-ozone/integration-test/target/test-dir/MiniOzoneClusterImpl-843f3514-af11-4b58-9f84-2dae9c3286a9/datanode-4/data/ratis/ff74b08b-3eb3-4356-9103-db8991316369] INFO  segmented.SegmentedRaftLogWorker (SegmentedRaftLogWorker.java:execute(569)) - a901cee4-1ca4-4af7-8de9-61e3c1ec06a1-SegmentedRaftLogWorker:Storage Directory /workdir/hadoop-ozone/integration-test/target/test-dir/MiniOzoneClusterImpl-843f3514-af11-4b58-9f84-2dae9c3286a9/datanode-4/data/ratis/ff74b08b-3eb3-4356-9103-db8991316369: created new log segment /workdir/hadoop-ozone/integration-test/target/test-dir/MiniOzoneClusterImpl-843f3514-af11-4b58-9f84-2dae9c3286a9/datanode-4/data/ratis/ff74b08b-3eb3-4356-9103-db8991316369/current/log_inprogress_0
2019-08-30 00:20:44,880 [Thread-3583] INFO  impl.FollowerState (FollowerState.java:run(106)) - 5d2fad20-58d4-4d60-9035-fb8a022f1e71:group-969C60110FB4 changes to CANDIDATE, lastRpcTime:5036, electionTimeout:5028ms
2019-08-30 00:20:44,880 [Thread-3583] INFO  impl.RoleInfo (RoleInfo.java:shutdownFollowerState(121)) - 5d2fad20-58d4-4d60-9035-fb8a022f1e71: shutdown FollowerState
2019-08-30 00:20:44,880 [Thread-3588] INFO  impl.RoleInfo (RoleInfo.java:shutdownFollowerState(121)) - 1701a4f3-0515-4fb0-ace0-0a2e26b8a377: shutdown FollowerState
2019-08-30 00:20:44,880 [Thread-3571] INFO  impl.FollowerState (FollowerState.java:run(106)) - 55fe8a5d-468d-4e42-8a20-9d338510910b:group-6B1C1C87BA98 changes to CANDIDATE, lastRpcTime:5199, electionTimeout:5184ms
2019-08-30 00:20:44,881 [Thread-3588] INFO  impl.RaftServerImpl (RaftServerImpl.java:setRole(171)) - 1701a4f3-0515-4fb0-ace0-0a2e26b8a377:group-969C60110FB4 changes role from FOLLOWER to CANDIDATE at term 0 for changeToCandidate
2019-08-30 00:20:44,880 [Thread-3583] INFO  impl.RaftServerImpl (RaftServerImpl.java:setRole(171)) - 5d2fad20-58d4-4d60-9035-fb8a022f1e71:group-969C60110FB4 changes role from FOLLOWER to CANDIDATE at term 0 for changeToCandidate
2019-08-30 00:20:44,881 [Thread-3588] INFO  impl.RoleInfo (RoleInfo.java:updateAndGet(143)) - 1701a4f3-0515-4fb0-ace0-0a2e26b8a377: start LeaderElection
2019-08-30 00:20:44,881 [Thread-3571] INFO  impl.RoleInfo (RoleInfo.java:shutdownFollowerState(121)) - 55fe8a5d-468d-4e42-8a20-9d338510910b: shutdown FollowerState
2019-08-30 00:20:44,881 [Thread-3571] INFO  impl.RaftServerImpl (RaftServerImpl.java:setRole(171)) - 55fe8a5d-468d-4e42-8a20-9d338510910b:group-6B1C1C87BA98 changes role from FOLLOWER to CANDIDATE at term 0 for changeToCandidate
2019-08-30 00:20:44,881 [Thread-3583] INFO  impl.RoleInfo (RoleInfo.java:updateAndGet(143)) - 5d2fad20-58d4-4d60-9035-fb8a022f1e71: start LeaderElection
2019-08-30 00:20:44,881 [Thread-3571] INFO  impl.RoleInfo (RoleInfo.java:updateAndGet(143)) - 55fe8a5d-468d-4e42-8a20-9d338510910b: start LeaderElection
2019-08-30 00:20:44,886 [Thread-3577] INFO  impl.FollowerState (FollowerState.java:run(106)) - 55fe8a5d-468d-4e42-8a20-9d338510910b:group-EBC4739E0E9D changes to CANDIDATE, lastRpcTime:5112, electionTimeout:5110ms
2019-08-30 00:20:44,891 [Thread-3577] INFO  impl.RoleInfo (RoleInfo.java:shutdownFollowerState(121)) - 55fe8a5d-468d-4e42-8a20-9d338510910b: shutdown FollowerState
2019-08-30 00:20:44,898 [Thread-3577] INFO  impl.RaftServerImpl (RaftServerImpl.java:setRole(171)) - 55fe8a5d-468d-4e42-8a20-9d338510910b:group-EBC4739E0E9D changes role from FOLLOWER to CANDIDATE at term 0 for changeToCandidate
2019-08-30 00:20:44,900 [Thread-3577] INFO  impl.RoleInfo (RoleInfo.java:updateAndGet(143)) - 55fe8a5d-468d-4e42-8a20-9d338510910b: start LeaderElection
2019-08-30 00:20:44,905 [Thread-3580] INFO  impl.FollowerState (FollowerState.java:run(106)) - 098b7a6f-8c1f-4063-9e74-22bffe699939:group-EBC4739E0E9D changes to CANDIDATE, lastRpcTime:5129, electionTimeout:5127ms
2019-08-30 00:20:44,905 [Thread-3580] INFO  impl.RoleInfo (RoleInfo.java:shutdownFollowerState(121)) - 098b7a6f-8c1f-4063-9e74-22bffe699939: shutdown FollowerState
2019-08-30 00:20:44,905 [Thread-3580] INFO  impl.RaftServerImpl (RaftServerImpl.java:setRole(171)) - 098b7a6f-8c1f-4063-9e74-22bffe699939:group-EBC4739E0E9D changes role from FOLLOWER to CANDIDATE at term 0 for changeToCandidate
2019-08-30 00:20:44,905 [Thread-3580] INFO  impl.RoleInfo (RoleInfo.java:updateAndGet(143)) - 098b7a6f-8c1f-4063-9e74-22bffe699939: start LeaderElection
2019-08-30 00:20:44,910 [722b0ac7-031f-47c9-b3f5-fbc30035f474-SegmentedRaftLogWorker:Storage Directory /workdir/hadoop-ozone/integration-test/target/test-dir/MiniOzoneClusterImpl-843f3514-af11-4b58-9f84-2dae9c3286a9/datanode-5/data/ratis/572820ed-a8a1-4fbb-868d-04dfee733899] INFO  segmented.SegmentedRaftLogWorker (SegmentedRaftLogWorker.java:execute(569)) - 722b0ac7-031f-47c9-b3f5-fbc30035f474-SegmentedRaftLogWorker:Storage Directory /workdir/hadoop-ozone/integration-test/target/test-dir/MiniOzoneClusterImpl-843f3514-af11-4b58-9f84-2dae9c3286a9/datanode-5/data/ratis/572820ed-a8a1-4fbb-868d-04dfee733899: created new log segment /workdir/hadoop-ozone/integration-test/target/test-dir/MiniOzoneClusterImpl-843f3514-af11-4b58-9f84-2dae9c3286a9/datanode-5/data/ratis/572820ed-a8a1-4fbb-868d-04dfee733899/current/log_inprogress_0
2019-08-30 00:20:44,926 [55fe8a5d-468d-4e42-8a20-9d338510910b:group-6B1C1C87BA98:LeaderElection82] INFO  impl.LeaderElection (LeaderElection.java:askForVotes(181)) - 55fe8a5d-468d-4e42-8a20-9d338510910b:group-6B1C1C87BA98:LeaderElection82: begin an election at term 1 for -1: [55fe8a5d-468d-4e42-8a20-9d338510910b:192.168.69.124:36720], old=null
2019-08-30 00:20:44,926 [1701a4f3-0515-4fb0-ace0-0a2e26b8a377:group-969C60110FB4:LeaderElection80] INFO  impl.LeaderElection (LeaderElection.java:askForVotes(181)) - 1701a4f3-0515-4fb0-ace0-0a2e26b8a377:group-969C60110FB4:LeaderElection80: begin an election at term 1 for -1: [0a0299ed-fdd5-4dd1-b1d9-393c3f7f30c8:192.168.69.124:35657, 5d2fad20-58d4-4d60-9035-fb8a022f1e71:192.168.69.124:37894, 1701a4f3-0515-4fb0-ace0-0a2e26b8a377:192.168.69.124:33087], old=null
2019-08-30 00:20:44,926 [55fe8a5d-468d-4e42-8a20-9d338510910b:group-6B1C1C87BA98:LeaderElection82] INFO  impl.RoleInfo (RoleInfo.java:shutdownLeaderElection(134)) - 55fe8a5d-468d-4e42-8a20-9d338510910b: shutdown LeaderElection
2019-08-30 00:20:44,926 [098b7a6f-8c1f-4063-9e74-22bffe699939:group-EBC4739E0E9D:LeaderElection84] INFO  impl.LeaderElection (LeaderElection.java:askForVotes(181)) - 098b7a6f-8c1f-4063-9e74-22bffe699939:group-EBC4739E0E9D:LeaderElection84: begin an election at term 1 for -1: [098b7a6f-8c1f-4063-9e74-22bffe699939:192.168.69.124:39388, 55fe8a5d-468d-4e42-8a20-9d338510910b:192.168.69.124:36720, a901cee4-1ca4-4af7-8de9-61e3c1ec06a1:192.168.69.124:34970], old=null
2019-08-30 00:20:44,926 [5d2fad20-58d4-4d60-9035-fb8a022f1e71:group-969C60110FB4:LeaderElection81] INFO  impl.LeaderElection (LeaderElection.java:askForVotes(181)) - 5d2fad20-58d4-4d60-9035-fb8a022f1e71:group-969C60110FB4:LeaderElection81: begin an election at term 1 for -1: [0a0299ed-fdd5-4dd1-b1d9-393c3f7f30c8:192.168.69.124:35657, 5d2fad20-58d4-4d60-9035-fb8a022f1e71:192.168.69.124:37894, 1701a4f3-0515-4fb0-ace0-0a2e26b8a377:192.168.69.124:33087], old=null
2019-08-30 00:20:44,926 [55fe8a5d-468d-4e42-8a20-9d338510910b:group-EBC4739E0E9D:LeaderElection83] INFO  impl.LeaderElection (LeaderElection.java:askForVotes(181)) - 55fe8a5d-468d-4e42-8a20-9d338510910b:group-EBC4739E0E9D:LeaderElection83: begin an election at term 1 for -1: [098b7a6f-8c1f-4063-9e74-22bffe699939:192.168.69.124:39388, 55fe8a5d-468d-4e42-8a20-9d338510910b:192.168.69.124:36720, a901cee4-1ca4-4af7-8de9-61e3c1ec06a1:192.168.69.124:34970], old=null
2019-08-30 00:20:44,926 [55fe8a5d-468d-4e42-8a20-9d338510910b:group-6B1C1C87BA98:LeaderElection82] INFO  impl.RaftServerImpl (RaftServerImpl.java:setRole(171)) - 55fe8a5d-468d-4e42-8a20-9d338510910b:group-6B1C1C87BA98 changes role from CANDIDATE to LEADER at term 1 for changeToLeader
2019-08-30 00:20:44,927 [55fe8a5d-468d-4e42-8a20-9d338510910b:group-6B1C1C87BA98:LeaderElection82] INFO  impl.RaftServerImpl (ServerState.java:setLeader(263)) - 55fe8a5d-468d-4e42-8a20-9d338510910b:group-6B1C1C87BA98 change Leader from null to 55fe8a5d-468d-4e42-8a20-9d338510910b at term 1 for becomeLeader, leader elected after 5250ms
2019-08-30 00:20:44,927 [55fe8a5d-468d-4e42-8a20-9d338510910b:group-6B1C1C87BA98:LeaderElection82] INFO  server.RaftServerConfigKeys (ConfUtils.java:logGet(43)) - raft.server.staging.catchup.gap = 1000 (default)
2019-08-30 00:20:44,928 [55fe8a5d-468d-4e42-8a20-9d338510910b:group-6B1C1C87BA98:LeaderElection82] INFO  server.RaftServerConfigKeys (ConfUtils.java:logGet(43)) - raft.server.rpc.sleep.time = 25ms (default)
2019-08-30 00:20:44,928 [55fe8a5d-468d-4e42-8a20-9d338510910b:group-6B1C1C87BA98:LeaderElection82] INFO  server.RaftServerConfigKeys (ConfUtils.java:logGet(43)) - raft.server.write.element-limit = 4096 (default)
2019-08-30 00:20:44,929 [55fe8a5d-468d-4e42-8a20-9d338510910b:group-6B1C1C87BA98:LeaderElection82] INFO  server.RaftServerConfigKeys (ConfUtils.java:logGet(43)) - raft.server.watch.timeout = 10s (default)
2019-08-30 00:20:44,929 [55fe8a5d-468d-4e42-8a20-9d338510910b:group-6B1C1C87BA98:LeaderElection82] INFO  server.RaftServerConfigKeys (ConfUtils.java:logGet(43)) - raft.server.watch.timeout.denomination = 1s (default)
2019-08-30 00:20:44,929 [55fe8a5d-468d-4e42-8a20-9d338510910b:group-6B1C1C87BA98:LeaderElection82] INFO  server.RaftServerConfigKeys (ConfUtils.java:logGet(43)) - raft.server.watch.element-limit = 65536 (default)
2019-08-30 00:20:44,940 [Thread-3574] INFO  impl.FollowerState (FollowerState.java:run(106)) - a901cee4-1ca4-4af7-8de9-61e3c1ec06a1:group-EBC4739E0E9D changes to CANDIDATE, lastRpcTime:5168, electionTimeout:5161ms
2019-08-30 00:20:44,940 [Thread-3574] INFO  impl.RoleInfo (RoleInfo.java:shutdownFollowerState(121)) - a901cee4-1ca4-4af7-8de9-61e3c1ec06a1: shutdown FollowerState
2019-08-30 00:20:44,940 [Thread-3574] INFO  impl.RaftServerImpl (RaftServerImpl.java:setRole(171)) - a901cee4-1ca4-4af7-8de9-61e3c1ec06a1:group-EBC4739E0E9D changes role from FOLLOWER to CANDIDATE at term 0 for changeToCandidate
2019-08-30 00:20:44,940 [55fe8a5d-468d-4e42-8a20-9d338510910b:group-6B1C1C87BA98:LeaderElection82] INFO  impl.RoleInfo (RoleInfo.java:updateAndGet(143)) - 55fe8a5d-468d-4e42-8a20-9d338510910b: start LeaderState
2019-08-30 00:20:44,940 [Thread-3574] INFO  impl.RoleInfo (RoleInfo.java:updateAndGet(143)) - a901cee4-1ca4-4af7-8de9-61e3c1ec06a1: start LeaderElection
2019-08-30 00:20:44,941 [55fe8a5d-468d-4e42-8a20-9d338510910b:group-6B1C1C87BA98:LeaderElection82] INFO  segmented.SegmentedRaftLogWorker (SegmentedRaftLogWorker.java:startLogSegment(380)) - 55fe8a5d-468d-4e42-8a20-9d338510910b-SegmentedRaftLogWorker:Storage Directory /workdir/hadoop-ozone/integration-test/target/test-dir/MiniOzoneClusterImpl-843f3514-af11-4b58-9f84-2dae9c3286a9/datanode-6/data/ratis/66c28c19-89f7-4d8d-834f-6b1c1c87ba98: Starting segment from index:0
2019-08-30 00:20:44,944 [55fe8a5d-468d-4e42-8a20-9d338510910b:group-6B1C1C87BA98:LeaderElection82] INFO  impl.RaftServerImpl (ServerState.java:setRaftConf(361)) - 55fe8a5d-468d-4e42-8a20-9d338510910b:group-6B1C1C87BA98 set configuration 0: [55fe8a5d-468d-4e42-8a20-9d338510910b:192.168.69.124:36720], old=null at 0
2019-08-30 00:20:44,987 [a901cee4-1ca4-4af7-8de9-61e3c1ec06a1:group-EBC4739E0E9D:LeaderElection85] INFO  impl.LeaderElection (LeaderElection.java:askForVotes(181)) - a901cee4-1ca4-4af7-8de9-61e3c1ec06a1:group-EBC4739E0E9D:LeaderElection85: begin an election at term 1 for -1: [098b7a6f-8c1f-4063-9e74-22bffe699939:192.168.69.124:39388, 55fe8a5d-468d-4e42-8a20-9d338510910b:192.168.69.124:36720, a901cee4-1ca4-4af7-8de9-61e3c1ec06a1:192.168.69.124:34970], old=null
2019-08-30 00:20:44,991 [grpc-default-executor-9] INFO  impl.RaftServerImpl (RaftServerImpl.java:setRole(171)) - 0a0299ed-fdd5-4dd1-b1d9-393c3f7f30c8:group-969C60110FB4 changes role from FOLLOWER to FOLLOWER at term 1 for recognizeCandidate:1701a4f3-0515-4fb0-ace0-0a2e26b8a377
2019-08-30 00:20:44,991 [grpc-default-executor-9] INFO  impl.RoleInfo (RoleInfo.java:shutdownFollowerState(121)) - 0a0299ed-fdd5-4dd1-b1d9-393c3f7f30c8: shutdown FollowerState
2019-08-30 00:20:44,991 [grpc-default-executor-9] INFO  impl.RoleInfo (RoleInfo.java:updateAndGet(143)) - 0a0299ed-fdd5-4dd1-b1d9-393c3f7f30c8: start FollowerState
2019-08-30 00:20:44,991 [Thread-3587] INFO  impl.FollowerState (FollowerState.java:run(114)) - 0a0299ed-fdd5-4dd1-b1d9-393c3f7f30c8: FollowerState was interrupted: java.lang.InterruptedException: sleep interrupted
2019-08-30 00:20:44,991 [098b7a6f-8c1f-4063-9e74-22bffe699939:group-EBC4739E0E9D:LeaderElection84] INFO  impl.LeaderElection (LeaderElection.java:logAndReturn(56)) - 098b7a6f-8c1f-4063-9e74-22bffe699939:group-EBC4739E0E9D:LeaderElection84: Election REJECTED; received 2 response(s) [098b7a6f-8c1f-4063-9e74-22bffe699939<-55fe8a5d-468d-4e42-8a20-9d338510910b#0:FAIL-t1, 098b7a6f-8c1f-4063-9e74-22bffe699939<-a901cee4-1ca4-4af7-8de9-61e3c1ec06a1#0:FAIL-t1] and 0 exception(s); 098b7a6f-8c1f-4063-9e74-22bffe699939:t1, leader=null, voted=098b7a6f-8c1f-4063-9e74-22bffe699939, raftlog=098b7a6f-8c1f-4063-9e74-22bffe699939-SegmentedRaftLog:OPENED:c-1,f-1,i0, conf=-1: [098b7a6f-8c1f-4063-9e74-22bffe699939:192.168.69.124:39388, 55fe8a5d-468d-4e42-8a20-9d338510910b:192.168.69.124:36720, a901cee4-1ca4-4af7-8de9-61e3c1ec06a1:192.168.69.124:34970], old=null
2019-08-30 00:20:44,994 [098b7a6f-8c1f-4063-9e74-22bffe699939:group-EBC4739E0E9D:LeaderElection84] INFO  impl.RaftServerImpl (RaftServerImpl.java:setRole(171)) - 098b7a6f-8c1f-4063-9e74-22bffe699939:group-EBC4739E0E9D changes role from CANDIDATE to FOLLOWER at term 1 for DISCOVERED_A_NEW_TERM
2019-08-30 00:20:44,994 [098b7a6f-8c1f-4063-9e74-22bffe699939:group-EBC4739E0E9D:LeaderElection84] INFO  impl.RoleInfo (RoleInfo.java:shutdownLeaderElection(134)) - 098b7a6f-8c1f-4063-9e74-22bffe699939: shutdown LeaderElection
2019-08-30 00:20:44,997 [098b7a6f-8c1f-4063-9e74-22bffe699939:group-EBC4739E0E9D:LeaderElection84] INFO  impl.RoleInfo (RoleInfo.java:updateAndGet(143)) - 098b7a6f-8c1f-4063-9e74-22bffe699939: start FollowerState
2019-08-30 00:20:45,002 [55fe8a5d-468d-4e42-8a20-9d338510910b-SegmentedRaftLogWorker:Storage Directory /workdir/hadoop-ozone/integration-test/target/test-dir/MiniOzoneClusterImpl-843f3514-af11-4b58-9f84-2dae9c3286a9/datanode-6/data/ratis/66c28c19-89f7-4d8d-834f-6b1c1c87ba98] INFO  segmented.SegmentedRaftLogWorker (SegmentedRaftLogWorker.java:execute(569)) - 55fe8a5d-468d-4e42-8a20-9d338510910b-SegmentedRaftLogWorker:Storage Directory /workdir/hadoop-ozone/integration-test/target/test-dir/MiniOzoneClusterImpl-843f3514-af11-4b58-9f84-2dae9c3286a9/datanode-6/data/ratis/66c28c19-89f7-4d8d-834f-6b1c1c87ba98: created new log segment /workdir/hadoop-ozone/integration-test/target/test-dir/MiniOzoneClusterImpl-843f3514-af11-4b58-9f84-2dae9c3286a9/datanode-6/data/ratis/66c28c19-89f7-4d8d-834f-6b1c1c87ba98/current/log_inprogress_0
2019-08-30 00:20:45,004 [55fe8a5d-468d-4e42-8a20-9d338510910b:group-EBC4739E0E9D:LeaderElection83] INFO  impl.LeaderElection (LeaderElection.java:logAndReturn(56)) - 55fe8a5d-468d-4e42-8a20-9d338510910b:group-EBC4739E0E9D:LeaderElection83: Election REJECTED; received 2 response(s) [55fe8a5d-468d-4e42-8a20-9d338510910b<-098b7a6f-8c1f-4063-9e74-22bffe699939#0:FAIL-t1, 55fe8a5d-468d-4e42-8a20-9d338510910b<-a901cee4-1ca4-4af7-8de9-61e3c1ec06a1#0:FAIL-t1] and 0 exception(s); 55fe8a5d-468d-4e42-8a20-9d338510910b:t1, leader=null, voted=55fe8a5d-468d-4e42-8a20-9d338510910b, raftlog=55fe8a5d-468d-4e42-8a20-9d338510910b-SegmentedRaftLog:OPENED:c-1,f-1,i0, conf=-1: [098b7a6f-8c1f-4063-9e74-22bffe699939:192.168.69.124:39388, 55fe8a5d-468d-4e42-8a20-9d338510910b:192.168.69.124:36720, a901cee4-1ca4-4af7-8de9-61e3c1ec06a1:192.168.69.124:34970], old=null
2019-08-30 00:20:45,004 [55fe8a5d-468d-4e42-8a20-9d338510910b:group-EBC4739E0E9D:LeaderElection83] INFO  impl.RaftServerImpl (RaftServerImpl.java:setRole(171)) - 55fe8a5d-468d-4e42-8a20-9d338510910b:group-EBC4739E0E9D changes role from CANDIDATE to FOLLOWER at term 1 for DISCOVERED_A_NEW_TERM
2019-08-30 00:20:45,004 [55fe8a5d-468d-4e42-8a20-9d338510910b:group-EBC4739E0E9D:LeaderElection83] INFO  impl.RoleInfo (RoleInfo.java:shutdownLeaderElection(134)) - 55fe8a5d-468d-4e42-8a20-9d338510910b: shutdown LeaderElection
2019-08-30 00:20:45,008 [55fe8a5d-468d-4e42-8a20-9d338510910b:group-EBC4739E0E9D:LeaderElection83] INFO  impl.RoleInfo (RoleInfo.java:updateAndGet(143)) - 55fe8a5d-468d-4e42-8a20-9d338510910b: start FollowerState
2019-08-30 00:20:45,009 [a901cee4-1ca4-4af7-8de9-61e3c1ec06a1:group-EBC4739E0E9D:LeaderElection85] INFO  impl.LeaderElection (LeaderElection.java:logAndReturn(56)) - a901cee4-1ca4-4af7-8de9-61e3c1ec06a1:group-EBC4739E0E9D:LeaderElection85: Election REJECTED; received 2 response(s) [a901cee4-1ca4-4af7-8de9-61e3c1ec06a1<-098b7a6f-8c1f-4063-9e74-22bffe699939#0:FAIL-t1, a901cee4-1ca4-4af7-8de9-61e3c1ec06a1<-55fe8a5d-468d-4e42-8a20-9d338510910b#0:FAIL-t1] and 0 exception(s); a901cee4-1ca4-4af7-8de9-61e3c1ec06a1:t1, leader=null, voted=a901cee4-1ca4-4af7-8de9-61e3c1ec06a1, raftlog=a901cee4-1ca4-4af7-8de9-61e3c1ec06a1-SegmentedRaftLog:OPENED:c-1,f-1,i0, conf=-1: [098b7a6f-8c1f-4063-9e74-22bffe699939:192.168.69.124:39388, 55fe8a5d-468d-4e42-8a20-9d338510910b:192.168.69.124:36720, a901cee4-1ca4-4af7-8de9-61e3c1ec06a1:192.168.69.124:34970], old=null
2019-08-30 00:20:45,009 [a901cee4-1ca4-4af7-8de9-61e3c1ec06a1:group-EBC4739E0E9D:LeaderElection85] INFO  impl.RaftServerImpl (RaftServerImpl.java:setRole(171)) - a901cee4-1ca4-4af7-8de9-61e3c1ec06a1:group-EBC4739E0E9D changes role from CANDIDATE to FOLLOWER at term 1 for DISCOVERED_A_NEW_TERM
2019-08-30 00:20:45,010 [a901cee4-1ca4-4af7-8de9-61e3c1ec06a1:group-EBC4739E0E9D:LeaderElection85] INFO  impl.RoleInfo (RoleInfo.java:shutdownLeaderElection(134)) - a901cee4-1ca4-4af7-8de9-61e3c1ec06a1: shutdown LeaderElection
2019-08-30 00:20:45,010 [a901cee4-1ca4-4af7-8de9-61e3c1ec06a1:group-EBC4739E0E9D:LeaderElection85] INFO  impl.RoleInfo (RoleInfo.java:updateAndGet(143)) - a901cee4-1ca4-4af7-8de9-61e3c1ec06a1: start FollowerState
2019-08-30 00:20:45,028 [1701a4f3-0515-4fb0-ace0-0a2e26b8a377:group-969C60110FB4:LeaderElection80] INFO  impl.LeaderElection (LeaderElection.java:logAndReturn(56)) - 1701a4f3-0515-4fb0-ace0-0a2e26b8a377:group-969C60110FB4:LeaderElection80: Election PASSED; received 2 response(s) [1701a4f3-0515-4fb0-ace0-0a2e26b8a377<-0a0299ed-fdd5-4dd1-b1d9-393c3f7f30c8#0:OK-t1, 1701a4f3-0515-4fb0-ace0-0a2e26b8a377<-5d2fad20-58d4-4d60-9035-fb8a022f1e71#0:FAIL-t1] and 0 exception(s); 1701a4f3-0515-4fb0-ace0-0a2e26b8a377:t1, leader=null, voted=1701a4f3-0515-4fb0-ace0-0a2e26b8a377, raftlog=1701a4f3-0515-4fb0-ace0-0a2e26b8a377-SegmentedRaftLog:OPENED:c-1,f-1,i0, conf=-1: [0a0299ed-fdd5-4dd1-b1d9-393c3f7f30c8:192.168.69.124:35657, 5d2fad20-58d4-4d60-9035-fb8a022f1e71:192.168.69.124:37894, 1701a4f3-0515-4fb0-ace0-0a2e26b8a377:192.168.69.124:33087], old=null
2019-08-30 00:20:45,028 [5d2fad20-58d4-4d60-9035-fb8a022f1e71:group-969C60110FB4:LeaderElection81] INFO  impl.LeaderElection (LeaderElection.java:logAndReturn(56)) - 5d2fad20-58d4-4d60-9035-fb8a022f1e71:group-969C60110FB4:LeaderElection81: Election REJECTED; received 2 response(s) [5d2fad20-58d4-4d60-9035-fb8a022f1e71<-0a0299ed-fdd5-4dd1-b1d9-393c3f7f30c8#0:FAIL-t1, 5d2fad20-58d4-4d60-9035-fb8a022f1e71<-1701a4f3-0515-4fb0-ace0-0a2e26b8a377#0:FAIL-t1] and 0 exception(s); 5d2fad20-58d4-4d60-9035-fb8a022f1e71:t1, leader=null, voted=5d2fad20-58d4-4d60-9035-fb8a022f1e71, raftlog=5d2fad20-58d4-4d60-9035-fb8a022f1e71-SegmentedRaftLog:OPENED:c-1,f-1,i0, conf=-1: [0a0299ed-fdd5-4dd1-b1d9-393c3f7f30c8:192.168.69.124:35657, 5d2fad20-58d4-4d60-9035-fb8a022f1e71:192.168.69.124:37894, 1701a4f3-0515-4fb0-ace0-0a2e26b8a377:192.168.69.124:33087], old=null
2019-08-30 00:20:45,028 [1701a4f3-0515-4fb0-ace0-0a2e26b8a377:group-969C60110FB4:LeaderElection80] INFO  impl.RoleInfo (RoleInfo.java:shutdownLeaderElection(134)) - 1701a4f3-0515-4fb0-ace0-0a2e26b8a377: shutdown LeaderElection
2019-08-30 00:20:45,029 [5d2fad20-58d4-4d60-9035-fb8a022f1e71:group-969C60110FB4:LeaderElection81] INFO  impl.RaftServerImpl (RaftServerImpl.java:setRole(171)) - 5d2fad20-58d4-4d60-9035-fb8a022f1e71:group-969C60110FB4 changes role from CANDIDATE to FOLLOWER at term 1 for DISCOVERED_A_NEW_TERM
2019-08-30 00:20:45,029 [1701a4f3-0515-4fb0-ace0-0a2e26b8a377:group-969C60110FB4:LeaderElection80] INFO  impl.RaftServerImpl (RaftServerImpl.java:setRole(171)) - 1701a4f3-0515-4fb0-ace0-0a2e26b8a377:group-969C60110FB4 changes role from CANDIDATE to LEADER at term 1 for changeToLeader
2019-08-30 00:20:45,029 [5d2fad20-58d4-4d60-9035-fb8a022f1e71:group-969C60110FB4:LeaderElection81] INFO  impl.RoleInfo (RoleInfo.java:shutdownLeaderElection(134)) - 5d2fad20-58d4-4d60-9035-fb8a022f1e71: shutdown LeaderElection
2019-08-30 00:20:45,029 [1701a4f3-0515-4fb0-ace0-0a2e26b8a377:group-969C60110FB4:LeaderElection80] INFO  impl.RaftServerImpl (ServerState.java:setLeader(263)) - 1701a4f3-0515-4fb0-ace0-0a2e26b8a377:group-969C60110FB4 change Leader from null to 1701a4f3-0515-4fb0-ace0-0a2e26b8a377 at term 1 for becomeLeader, leader elected after 5191ms
2019-08-30 00:20:45,029 [5d2fad20-58d4-4d60-9035-fb8a022f1e71:group-969C60110FB4:LeaderElection81] INFO  impl.RoleInfo (RoleInfo.java:updateAndGet(143)) - 5d2fad20-58d4-4d60-9035-fb8a022f1e71: start FollowerState
2019-08-30 00:20:45,030 [1701a4f3-0515-4fb0-ace0-0a2e26b8a377:group-969C60110FB4:LeaderElection80] INFO  server.RaftServerConfigKeys (ConfUtils.java:logGet(43)) - raft.server.staging.catchup.gap = 1000 (default)
2019-08-30 00:20:45,030 [1701a4f3-0515-4fb0-ace0-0a2e26b8a377:group-969C60110FB4:LeaderElection80] INFO  server.RaftServerConfigKeys (ConfUtils.java:logGet(43)) - raft.server.rpc.sleep.time = 25ms (default)
2019-08-30 00:20:45,030 [1701a4f3-0515-4fb0-ace0-0a2e26b8a377:group-969C60110FB4:LeaderElection80] INFO  server.RaftServerConfigKeys (ConfUtils.java:logGet(43)) - raft.server.write.element-limit = 4096 (default)
2019-08-30 00:20:45,030 [1701a4f3-0515-4fb0-ace0-0a2e26b8a377:group-969C60110FB4:LeaderElection80] INFO  server.RaftServerConfigKeys (ConfUtils.java:logGet(43)) - raft.server.watch.timeout = 10s (default)
2019-08-30 00:20:45,030 [1701a4f3-0515-4fb0-ace0-0a2e26b8a377:group-969C60110FB4:LeaderElection80] INFO  server.RaftServerConfigKeys (ConfUtils.java:logGet(43)) - raft.server.watch.timeout.denomination = 1s (default)
2019-08-30 00:20:45,030 [1701a4f3-0515-4fb0-ace0-0a2e26b8a377:group-969C60110FB4:LeaderElection80] INFO  server.RaftServerConfigKeys (ConfUtils.java:logGet(43)) - raft.server.watch.element-limit = 65536 (default)
2019-08-30 00:20:45,031 [1701a4f3-0515-4fb0-ace0-0a2e26b8a377:group-969C60110FB4:LeaderElection80] INFO  server.RaftServerConfigKeys (ConfUtils.java:logGet(43)) - raft.server.log.appender.snapshot.chunk.size.max = 16MB (=16777216) (default)
2019-08-30 00:20:45,031 [1701a4f3-0515-4fb0-ace0-0a2e26b8a377:group-969C60110FB4:LeaderElection80] INFO  server.RaftServerConfigKeys (ConfUtils.java:logGet(43)) - raft.server.log.appender.buffer.byte-limit = 33554432 (custom)
2019-08-30 00:20:45,031 [1701a4f3-0515-4fb0-ace0-0a2e26b8a377:group-969C60110FB4:LeaderElection80] INFO  server.RaftServerConfigKeys (ConfUtils.java:logGet(43)) - raft.server.log.appender.buffer.element-limit = 1 (custom)
2019-08-30 00:20:45,032 [1701a4f3-0515-4fb0-ace0-0a2e26b8a377:group-969C60110FB4:LeaderElection80] INFO  grpc.GrpcConfigKeys$Server (ConfUtils.java:logGet(43)) - raft.grpc.server.leader.outstanding.appends.max = 128 (default)
2019-08-30 00:20:45,032 [1701a4f3-0515-4fb0-ace0-0a2e26b8a377:group-969C60110FB4:LeaderElection80] INFO  server.RaftServerConfigKeys (ConfUtils.java:logGet(43)) - raft.server.rpc.request.timeout = 3000ms (default)
2019-08-30 00:20:45,032 [1701a4f3-0515-4fb0-ace0-0a2e26b8a377:group-969C60110FB4:LeaderElection80] INFO  server.RaftServerConfigKeys (ConfUtils.java:logGet(43)) - raft.server.log.appender.install.snapshot.enabled = false (custom)
2019-08-30 00:20:45,032 [1701a4f3-0515-4fb0-ace0-0a2e26b8a377:group-969C60110FB4:LeaderElection80] INFO  server.RaftServerConfigKeys (ConfUtils.java:logGet(43)) - raft.server.log.appender.snapshot.chunk.size.max = 16MB (=16777216) (default)
2019-08-30 00:20:45,032 [1701a4f3-0515-4fb0-ace0-0a2e26b8a377:group-969C60110FB4:LeaderElection80] INFO  server.RaftServerConfigKeys (ConfUtils.java:logGet(43)) - raft.server.log.appender.buffer.byte-limit = 33554432 (custom)
2019-08-30 00:20:45,033 [1701a4f3-0515-4fb0-ace0-0a2e26b8a377:group-969C60110FB4:LeaderElection80] INFO  server.RaftServerConfigKeys (ConfUtils.java:logGet(43)) - raft.server.log.appender.buffer.element-limit = 1 (custom)
2019-08-30 00:20:45,033 [1701a4f3-0515-4fb0-ace0-0a2e26b8a377:group-969C60110FB4:LeaderElection80] INFO  grpc.GrpcConfigKeys$Server (ConfUtils.java:logGet(43)) - raft.grpc.server.leader.outstanding.appends.max = 128 (default)
2019-08-30 00:20:45,033 [1701a4f3-0515-4fb0-ace0-0a2e26b8a377:group-969C60110FB4:LeaderElection80] INFO  server.RaftServerConfigKeys (ConfUtils.java:logGet(43)) - raft.server.rpc.request.timeout = 3000ms (default)
2019-08-30 00:20:45,033 [1701a4f3-0515-4fb0-ace0-0a2e26b8a377:group-969C60110FB4:LeaderElection80] INFO  server.RaftServerConfigKeys (ConfUtils.java:logGet(43)) - raft.server.log.appender.install.snapshot.enabled = false (custom)
2019-08-30 00:20:45,033 [1701a4f3-0515-4fb0-ace0-0a2e26b8a377:group-969C60110FB4:LeaderElection80] INFO  impl.RoleInfo (RoleInfo.java:updateAndGet(143)) - 1701a4f3-0515-4fb0-ace0-0a2e26b8a377: start LeaderState
2019-08-30 00:20:45,034 [1701a4f3-0515-4fb0-ace0-0a2e26b8a377:group-969C60110FB4:LeaderElection80] INFO  segmented.SegmentedRaftLogWorker (SegmentedRaftLogWorker.java:startLogSegment(380)) - 1701a4f3-0515-4fb0-ace0-0a2e26b8a377-SegmentedRaftLogWorker:Storage Directory /workdir/hadoop-ozone/integration-test/target/test-dir/MiniOzoneClusterImpl-843f3514-af11-4b58-9f84-2dae9c3286a9/datanode-3/data/ratis/19fbbfcf-28cc-436a-9456-969c60110fb4: Starting segment from index:0
2019-08-30 00:20:45,035 [1701a4f3-0515-4fb0-ace0-0a2e26b8a377:group-969C60110FB4:LeaderElection80] INFO  impl.RaftServerImpl (ServerState.java:setRaftConf(361)) - 1701a4f3-0515-4fb0-ace0-0a2e26b8a377:group-969C60110FB4 set configuration 0: [0a0299ed-fdd5-4dd1-b1d9-393c3f7f30c8:192.168.69.124:35657, 5d2fad20-58d4-4d60-9035-fb8a022f1e71:192.168.69.124:37894, 1701a4f3-0515-4fb0-ace0-0a2e26b8a377:192.168.69.124:33087], old=null at 0
2019-08-30 00:20:45,037 [grpc-default-executor-3] INFO  impl.RaftServerImpl (ServerState.java:setLeader(263)) - 0a0299ed-fdd5-4dd1-b1d9-393c3f7f30c8:group-969C60110FB4 change Leader from null to 1701a4f3-0515-4fb0-ace0-0a2e26b8a377 at term 1 for appendEntries, leader elected after 5199ms
2019-08-30 00:20:45,037 [grpc-default-executor-9] INFO  impl.RaftServerImpl (ServerState.java:setLeader(263)) - 5d2fad20-58d4-4d60-9035-fb8a022f1e71:group-969C60110FB4 change Leader from null to 1701a4f3-0515-4fb0-ace0-0a2e26b8a377 at term 1 for appendEntries, leader elected after 5199ms
2019-08-30 00:20:45,039 [grpc-default-executor-3] INFO  impl.RaftServerImpl (ServerState.java:setRaftConf(361)) - 5d2fad20-58d4-4d60-9035-fb8a022f1e71:group-969C60110FB4 set configuration 0: [0a0299ed-fdd5-4dd1-b1d9-393c3f7f30c8:192.168.69.124:35657, 5d2fad20-58d4-4d60-9035-fb8a022f1e71:192.168.69.124:37894, 1701a4f3-0515-4fb0-ace0-0a2e26b8a377:192.168.69.124:33087], old=null at 0
2019-08-30 00:20:45,040 [grpc-default-executor-3] INFO  segmented.SegmentedRaftLogWorker (SegmentedRaftLogWorker.java:startLogSegment(380)) - 5d2fad20-58d4-4d60-9035-fb8a022f1e71-SegmentedRaftLogWorker:Storage Directory /workdir/hadoop-ozone/integration-test/target/test-dir/MiniOzoneClusterImpl-843f3514-af11-4b58-9f84-2dae9c3286a9/datanode-1/data/ratis/19fbbfcf-28cc-436a-9456-969c60110fb4: Starting segment from index:0
2019-08-30 00:20:45,040 [grpc-default-executor-9] INFO  impl.RaftServerImpl (ServerState.java:setRaftConf(361)) - 0a0299ed-fdd5-4dd1-b1d9-393c3f7f30c8:group-969C60110FB4 set configuration 0: [0a0299ed-fdd5-4dd1-b1d9-393c3f7f30c8:192.168.69.124:35657, 5d2fad20-58d4-4d60-9035-fb8a022f1e71:192.168.69.124:37894, 1701a4f3-0515-4fb0-ace0-0a2e26b8a377:192.168.69.124:33087], old=null at 0
2019-08-30 00:20:45,040 [grpc-default-executor-9] INFO  segmented.SegmentedRaftLogWorker (SegmentedRaftLogWorker.java:startLogSegment(380)) - 0a0299ed-fdd5-4dd1-b1d9-393c3f7f30c8-SegmentedRaftLogWorker:Storage Directory /workdir/hadoop-ozone/integration-test/target/test-dir/MiniOzoneClusterImpl-843f3514-af11-4b58-9f84-2dae9c3286a9/datanode-0/data/ratis/19fbbfcf-28cc-436a-9456-969c60110fb4: Starting segment from index:0
2019-08-30 00:20:45,086 [1701a4f3-0515-4fb0-ace0-0a2e26b8a377-SegmentedRaftLogWorker:Storage Directory /workdir/hadoop-ozone/integration-test/target/test-dir/MiniOzoneClusterImpl-843f3514-af11-4b58-9f84-2dae9c3286a9/datanode-3/data/ratis/19fbbfcf-28cc-436a-9456-969c60110fb4] INFO  segmented.SegmentedRaftLogWorker (SegmentedRaftLogWorker.java:execute(569)) - 1701a4f3-0515-4fb0-ace0-0a2e26b8a377-SegmentedRaftLogWorker:Storage Directory /workdir/hadoop-ozone/integration-test/target/test-dir/MiniOzoneClusterImpl-843f3514-af11-4b58-9f84-2dae9c3286a9/datanode-3/data/ratis/19fbbfcf-28cc-436a-9456-969c60110fb4: created new log segment /workdir/hadoop-ozone/integration-test/target/test-dir/MiniOzoneClusterImpl-843f3514-af11-4b58-9f84-2dae9c3286a9/datanode-3/data/ratis/19fbbfcf-28cc-436a-9456-969c60110fb4/current/log_inprogress_0
2019-08-30 00:20:45,103 [5d2fad20-58d4-4d60-9035-fb8a022f1e71-SegmentedRaftLogWorker:Storage Directory /workdir/hadoop-ozone/integration-test/target/test-dir/MiniOzoneClusterImpl-843f3514-af11-4b58-9f84-2dae9c3286a9/datanode-1/data/ratis/19fbbfcf-28cc-436a-9456-969c60110fb4] INFO  segmented.SegmentedRaftLogWorker (SegmentedRaftLogWorker.java:execute(569)) - 5d2fad20-58d4-4d60-9035-fb8a022f1e71-SegmentedRaftLogWorker:Storage Directory /workdir/hadoop-ozone/integration-test/target/test-dir/MiniOzoneClusterImpl-843f3514-af11-4b58-9f84-2dae9c3286a9/datanode-1/data/ratis/19fbbfcf-28cc-436a-9456-969c60110fb4: created new log segment /workdir/hadoop-ozone/integration-test/target/test-dir/MiniOzoneClusterImpl-843f3514-af11-4b58-9f84-2dae9c3286a9/datanode-1/data/ratis/19fbbfcf-28cc-436a-9456-969c60110fb4/current/log_inprogress_0
2019-08-30 00:20:45,103 [0a0299ed-fdd5-4dd1-b1d9-393c3f7f30c8-SegmentedRaftLogWorker:Storage Directory /workdir/hadoop-ozone/integration-test/target/test-dir/MiniOzoneClusterImpl-843f3514-af11-4b58-9f84-2dae9c3286a9/datanode-0/data/ratis/19fbbfcf-28cc-436a-9456-969c60110fb4] INFO  segmented.SegmentedRaftLogWorker (SegmentedRaftLogWorker.java:execute(569)) - 0a0299ed-fdd5-4dd1-b1d9-393c3f7f30c8-SegmentedRaftLogWorker:Storage Directory /workdir/hadoop-ozone/integration-test/target/test-dir/MiniOzoneClusterImpl-843f3514-af11-4b58-9f84-2dae9c3286a9/datanode-0/data/ratis/19fbbfcf-28cc-436a-9456-969c60110fb4: created new log segment /workdir/hadoop-ozone/integration-test/target/test-dir/MiniOzoneClusterImpl-843f3514-af11-4b58-9f84-2dae9c3286a9/datanode-0/data/ratis/19fbbfcf-28cc-436a-9456-969c60110fb4/current/log_inprogress_0
2019-08-30 00:20:45,168 | INFO  | SCMAudit | user=jenkins1000 | ip=192.168.69.124 | op=SEND_HEARTBEAT {datanodeUUID=0a0299ed-fdd5-4dd1-b1d9-393c3f7f30c8, command=[]} | ret=SUCCESS |  
2019-08-30 00:20:45,230 | INFO  | SCMAudit | user=jenkins1000 | ip=192.168.69.124 | op=SEND_HEARTBEAT {datanodeUUID=5d2fad20-58d4-4d60-9035-fb8a022f1e71, command=[]} | ret=SUCCESS |  
2019-08-30 00:20:45,292 | INFO  | SCMAudit | user=jenkins1000 | ip=192.168.69.124 | op=SEND_HEARTBEAT {datanodeUUID=098b7a6f-8c1f-4063-9e74-22bffe699939, command=[]} | ret=SUCCESS |  
2019-08-30 00:20:45,352 | INFO  | SCMAudit | user=jenkins1000 | ip=192.168.69.124 | op=SEND_HEARTBEAT {datanodeUUID=1701a4f3-0515-4fb0-ace0-0a2e26b8a377, command=[]} | ret=SUCCESS |  
2019-08-30 00:20:45,415 | INFO  | SCMAudit | user=jenkins1000 | ip=192.168.69.124 | op=SEND_HEARTBEAT {datanodeUUID=a901cee4-1ca4-4af7-8de9-61e3c1ec06a1, command=[]} | ret=SUCCESS |  
2019-08-30 00:20:45,501 | INFO  | SCMAudit | user=jenkins1000 | ip=192.168.69.124 | op=SEND_HEARTBEAT {datanodeUUID=722b0ac7-031f-47c9-b3f5-fbc30035f474, command=[]} | ret=SUCCESS |  
2019-08-30 00:20:45,574 | INFO  | SCMAudit | user=jenkins1000 | ip=192.168.69.124 | op=SEND_HEARTBEAT {datanodeUUID=55fe8a5d-468d-4e42-8a20-9d338510910b, command=[]} | ret=SUCCESS |  
2019-08-30 00:20:45,857 | INFO  | DNAudit | user=null | ip=null | op=WRITE_CHUNK {blockData=conID: 1 locID: 102703067340341262 bcsId: 0} | ret=SUCCESS |  
2019-08-30 00:20:45,857 | INFO  | DNAudit | user=null | ip=null | op=WRITE_CHUNK {blockData=conID: 1 locID: 102703067340341262 bcsId: 0} | ret=SUCCESS |  
2019-08-30 00:20:45,857 | INFO  | DNAudit | user=null | ip=null | op=WRITE_CHUNK {blockData=conID: 1 locID: 102703067340341262 bcsId: 0} | ret=SUCCESS |  
2019-08-30 00:20:45,857 | INFO  | SCMAudit | user=jenkins1000 | ip=192.168.69.124 | op=SEND_HEARTBEAT {datanodeUUID=5d2fad20-58d4-4d60-9035-fb8a022f1e71, command=[]} | ret=SUCCESS |  
2019-08-30 00:20:45,857 | INFO  | SCMAudit | user=jenkins1000 | ip=192.168.69.124 | op=SEND_HEARTBEAT {datanodeUUID=1701a4f3-0515-4fb0-ace0-0a2e26b8a377, command=[]} | ret=SUCCESS |  
2019-08-30 00:20:45,857 | INFO  | SCMAudit | user=jenkins1000 | ip=192.168.69.124 | op=SEND_HEARTBEAT {datanodeUUID=0a0299ed-fdd5-4dd1-b1d9-393c3f7f30c8, command=[]} | ret=SUCCESS |  
2019-08-30 00:20:45,869 | INFO  | DNAudit | user=null | ip=null | op=WRITE_CHUNK {blockData=conID: 1 locID: 102703067340341262 bcsId: 0} | ret=SUCCESS |  
2019-08-30 00:20:45,876 [grpc-default-executor-3] INFO  client.GrpcClientProtocolClient (GrpcClientProtocolClient.java:onNext(255)) - client-971DEEE54F6E->1701a4f3-0515-4fb0-ace0-0a2e26b8a377: receive RaftClientReply:client-971DEEE54F6E->1701a4f3-0515-4fb0-ace0-0a2e26b8a377@group-969C60110FB4, cid=183, SUCCESS, logIndex=1, commits[1701a4f3-0515-4fb0-ace0-0a2e26b8a377:c1, 0a0299ed-fdd5-4dd1-b1d9-393c3f7f30c8:c0, 5d2fad20-58d4-4d60-9035-fb8a022f1e71:c0]
2019-08-30 00:20:45,880 | INFO  | DNAudit | user=null | ip=null | op=WRITE_CHUNK {blockData=conID: 1 locID: 102703067340341262 bcsId: 0} | ret=SUCCESS |  
2019-08-30 00:20:45,881 | INFO  | DNAudit | user=null | ip=null | op=WRITE_CHUNK {blockData=conID: 1 locID: 102703067340341262 bcsId: 0} | ret=SUCCESS |  
2019-08-30 00:20:45,884 | INFO  | DNAudit | user=null | ip=null | op=WRITE_CHUNK {blockData=conID: 1 locID: 102703067340341262 bcsId: 0} | ret=SUCCESS |  
2019-08-30 00:20:45,884 | INFO  | DNAudit | user=null | ip=null | op=WRITE_CHUNK {blockData=conID: 1 locID: 102703067340341262 bcsId: 0} | ret=SUCCESS |  
2019-08-30 00:20:45,884 | INFO  | DNAudit | user=null | ip=null | op=WRITE_CHUNK {blockData=conID: 1 locID: 102703067340341262 bcsId: 0} | ret=SUCCESS |  
2019-08-30 00:20:45,885 | INFO  | DNAudit | user=null | ip=null | op=WRITE_CHUNK {blockData=conID: 1 locID: 102703067340341262 bcsId: 0} | ret=SUCCESS |  
2019-08-30 00:20:45,886 | INFO  | DNAudit | user=null | ip=null | op=WRITE_CHUNK {blockData=conID: 1 locID: 102703067340341262 bcsId: 0} | ret=SUCCESS |  
2019-08-30 00:20:45,886 | INFO  | DNAudit | user=null | ip=null | op=WRITE_CHUNK {blockData=conID: 1 locID: 102703067340341262 bcsId: 0} | ret=SUCCESS |  
2019-08-30 00:20:45,886 | INFO  | DNAudit | user=null | ip=null | op=WRITE_CHUNK {blockData=conID: 1 locID: 102703067340341262 bcsId: 0} | ret=SUCCESS |  
2019-08-30 00:20:45,887 | INFO  | DNAudit | user=null | ip=null | op=WRITE_CHUNK {blockData=conID: 1 locID: 102703067340341262 bcsId: 0} | ret=SUCCESS |  
2019-08-30 00:20:45,887 | INFO  | DNAudit | user=null | ip=null | op=WRITE_CHUNK {blockData=conID: 1 locID: 102703067340341262 bcsId: 0} | ret=SUCCESS |  
2019-08-30 00:20:45,895 | INFO  | DNAudit | user=null | ip=null | op=WRITE_CHUNK {blockData=conID: 1 locID: 102703067340341262 bcsId: 0} | ret=SUCCESS |  
2019-08-30 00:20:45,901 [grpc-default-executor-8] INFO  client.GrpcClientProtocolClient (GrpcClientProtocolClient.java:onNext(255)) - client-971DEEE54F6E->1701a4f3-0515-4fb0-ace0-0a2e26b8a377: receive RaftClientReply:client-971DEEE54F6E->1701a4f3-0515-4fb0-ace0-0a2e26b8a377@group-969C60110FB4, cid=184, SUCCESS, logIndex=3, commits[1701a4f3-0515-4fb0-ace0-0a2e26b8a377:c4, 0a0299ed-fdd5-4dd1-b1d9-393c3f7f30c8:c1, 5d2fad20-58d4-4d60-9035-fb8a022f1e71:c1]
2019-08-30 00:20:45,906 | INFO  | DNAudit | user=null | ip=null | op=WRITE_CHUNK {blockData=conID: 1 locID: 102703067340341262 bcsId: 0} | ret=SUCCESS |  
2019-08-30 00:20:45,906 | INFO  | DNAudit | user=null | ip=null | op=WRITE_CHUNK {blockData=conID: 1 locID: 102703067340341262 bcsId: 0} | ret=SUCCESS |  
2019-08-30 00:20:45,964 | INFO  | DNAudit | user=null | ip=null | op=PUT_BLOCK {blockData=[blockId=conID: 1 locID: 102703067340341262 bcsId: 0,size=200]} | ret=SUCCESS |  
2019-08-30 00:20:45,965 | INFO  | DNAudit | user=null | ip=null | op=WRITE_CHUNK {blockData=conID: 1 locID: 102703067340341262 bcsId: 0} | ret=SUCCESS |  
2019-08-30 00:20:45,966 | INFO  | DNAudit | user=null | ip=null | op=WRITE_CHUNK {blockData=conID: 1 locID: 102703067340341262 bcsId: 0} | ret=SUCCESS |  
2019-08-30 00:20:45,966 [grpc-default-executor-3] INFO  client.GrpcClientProtocolClient (GrpcClientProtocolClient.java:onNext(255)) - client-971DEEE54F6E->1701a4f3-0515-4fb0-ace0-0a2e26b8a377: receive RaftClientReply:client-971DEEE54F6E->1701a4f3-0515-4fb0-ace0-0a2e26b8a377@group-969C60110FB4, cid=185, SUCCESS, logIndex=4, commits[1701a4f3-0515-4fb0-ace0-0a2e26b8a377:c11, 0a0299ed-fdd5-4dd1-b1d9-393c3f7f30c8:c7, 5d2fad20-58d4-4d60-9035-fb8a022f1e71:c7]
2019-08-30 00:20:45,967 [grpc-default-executor-3] INFO  client.GrpcClientProtocolClient (GrpcClientProtocolClient.java:onNext(255)) - client-971DEEE54F6E->1701a4f3-0515-4fb0-ace0-0a2e26b8a377: receive RaftClientReply:client-971DEEE54F6E->1701a4f3-0515-4fb0-ace0-0a2e26b8a377@group-969C60110FB4, cid=186, SUCCESS, logIndex=5, commits[1701a4f3-0515-4fb0-ace0-0a2e26b8a377:c11, 0a0299ed-fdd5-4dd1-b1d9-393c3f7f30c8:c7, 5d2fad20-58d4-4d60-9035-fb8a022f1e71:c7]
2019-08-30 00:20:45,967 [grpc-default-executor-3] INFO  client.GrpcClientProtocolClient (GrpcClientProtocolClient.java:onNext(255)) - client-971DEEE54F6E->1701a4f3-0515-4fb0-ace0-0a2e26b8a377: receive RaftClientReply:client-971DEEE54F6E->1701a4f3-0515-4fb0-ace0-0a2e26b8a377@group-969C60110FB4, cid=187, SUCCESS, logIndex=6, commits[1701a4f3-0515-4fb0-ace0-0a2e26b8a377:c11, 0a0299ed-fdd5-4dd1-b1d9-393c3f7f30c8:c7, 5d2fad20-58d4-4d60-9035-fb8a022f1e71:c7]
2019-08-30 00:20:46,022 | INFO  | DNAudit | user=null | ip=null | op=PUT_BLOCK {blockData=[blockId=conID: 1 locID: 102703067340341262 bcsId: 0,size=200]} | ret=SUCCESS |  
2019-08-30 00:20:46,022 | INFO  | DNAudit | user=null | ip=null | op=WRITE_CHUNK {blockData=conID: 1 locID: 102703067340341262 bcsId: 0} | ret=SUCCESS |  
2019-08-30 00:20:46,023 | INFO  | DNAudit | user=null | ip=null | op=WRITE_CHUNK {blockData=conID: 1 locID: 102703067340341262 bcsId: 0} | ret=SUCCESS |  
2019-08-30 00:20:46,054 | INFO  | DNAudit | user=null | ip=null | op=PUT_BLOCK {blockData=[blockId=conID: 1 locID: 102703067340341262 bcsId: 0,size=400]} | ret=SUCCESS |  
2019-08-30 00:20:46,054 | INFO  | DNAudit | user=null | ip=null | op=PUT_BLOCK {blockData=[blockId=conID: 1 locID: 102703067340341262 bcsId: 0,size=400]} | ret=SUCCESS |  
2019-08-30 00:20:46,056 [grpc-default-executor-3] INFO  client.GrpcClientProtocolClient (GrpcClientProtocolClient.java:onNext(255)) - client-971DEEE54F6E->1701a4f3-0515-4fb0-ace0-0a2e26b8a377: receive RaftClientReply:client-971DEEE54F6E->1701a4f3-0515-4fb0-ace0-0a2e26b8a377@group-969C60110FB4, cid=188, SUCCESS, logIndex=7, commits[1701a4f3-0515-4fb0-ace0-0a2e26b8a377:c11, 0a0299ed-fdd5-4dd1-b1d9-393c3f7f30c8:c7, 5d2fad20-58d4-4d60-9035-fb8a022f1e71:c7]
2019-08-30 00:20:46,059 | INFO  | DNAudit | user=null | ip=null | op=WRITE_CHUNK {blockData=conID: 1 locID: 102703067340341262 bcsId: 7} | ret=SUCCESS |  
2019-08-30 00:20:46,061 | INFO  | DNAudit | user=null | ip=null | op=PUT_BLOCK {blockData=[blockId=conID: 1 locID: 102703067340341262 bcsId: 0,size=200]} | ret=SUCCESS |  
2019-08-30 00:20:46,061 | INFO  | DNAudit | user=null | ip=null | op=WRITE_CHUNK {blockData=conID: 1 locID: 102703067340341262 bcsId: 7} | ret=SUCCESS |  
2019-08-30 00:20:46,061 | INFO  | DNAudit | user=null | ip=null | op=WRITE_CHUNK {blockData=conID: 1 locID: 102703067340341262 bcsId: 0} | ret=SUCCESS |  
2019-08-30 00:20:46,062 | INFO  | DNAudit | user=null | ip=null | op=WRITE_CHUNK {blockData=conID: 1 locID: 102703067340341262 bcsId: 7} | ret=SUCCESS |  
2019-08-30 00:20:46,062 | INFO  | DNAudit | user=null | ip=null | op=WRITE_CHUNK {blockData=conID: 1 locID: 102703067340341262 bcsId: 0} | ret=SUCCESS |  
2019-08-30 00:20:46,063 | INFO  | DNAudit | user=null | ip=null | op=PUT_BLOCK {blockData=[blockId=conID: 1 locID: 102703067340341262 bcsId: 0,size=400]} | ret=SUCCESS |  
2019-08-30 00:20:46,065 | INFO  | DNAudit | user=null | ip=null | op=WRITE_CHUNK {blockData=conID: 1 locID: 102703067340341262 bcsId: 7} | ret=SUCCESS |  
2019-08-30 00:20:46,066 | INFO  | DNAudit | user=null | ip=null | op=PUT_BLOCK {blockData=[blockId=conID: 1 locID: 102703067340341262 bcsId: 0,size=450]} | ret=SUCCESS |  
2019-08-30 00:20:46,066 [grpc-default-executor-3] INFO  client.GrpcClientProtocolClient (GrpcClientProtocolClient.java:onNext(255)) - client-971DEEE54F6E->1701a4f3-0515-4fb0-ace0-0a2e26b8a377: receive RaftClientReply:client-971DEEE54F6E->1701a4f3-0515-4fb0-ace0-0a2e26b8a377@group-969C60110FB4, cid=189, SUCCESS, logIndex=12, commits[1701a4f3-0515-4fb0-ace0-0a2e26b8a377:c13, 0a0299ed-fdd5-4dd1-b1d9-393c3f7f30c8:c11, 5d2fad20-58d4-4d60-9035-fb8a022f1e71:c7]
2019-08-30 00:20:46,067 [grpc-default-executor-3] INFO  client.GrpcClientProtocolClient (GrpcClientProtocolClient.java:onNext(255)) - client-971DEEE54F6E->1701a4f3-0515-4fb0-ace0-0a2e26b8a377: receive RaftClientReply:client-971DEEE54F6E->1701a4f3-0515-4fb0-ace0-0a2e26b8a377@group-969C60110FB4, cid=190, SUCCESS, logIndex=13, commits[1701a4f3-0515-4fb0-ace0-0a2e26b8a377:c13, 0a0299ed-fdd5-4dd1-b1d9-393c3f7f30c8:c11, 5d2fad20-58d4-4d60-9035-fb8a022f1e71:c11]
2019-08-30 00:20:46,068 | INFO  | DNAudit | user=null | ip=null | op=WRITE_CHUNK {blockData=conID: 1 locID: 102703067340341262 bcsId: 7} | ret=SUCCESS |  
2019-08-30 00:20:46,068 | INFO  | DNAudit | user=null | ip=null | op=WRITE_CHUNK {blockData=conID: 1 locID: 102703067340341262 bcsId: 7} | ret=SUCCESS |  
2019-08-30 00:20:46,075 | INFO  | DNAudit | user=null | ip=null | op=PUT_BLOCK {blockData=[blockId=conID: 1 locID: 102703067340341262 bcsId: 0,size=450]} | ret=SUCCESS |  
2019-08-30 00:20:46,075 | INFO  | DNAudit | user=null | ip=null | op=PUT_BLOCK {blockData=[blockId=conID: 1 locID: 102703067340341262 bcsId: 0,size=450]} | ret=SUCCESS |  
2019-08-30 00:20:46,081 [grpc-default-executor-3] INFO  client.GrpcClientProtocolClient (GrpcClientProtocolClient.java:onNext(255)) - client-971DEEE54F6E->1701a4f3-0515-4fb0-ace0-0a2e26b8a377: receive RaftClientReply:client-971DEEE54F6E->1701a4f3-0515-4fb0-ace0-0a2e26b8a377@group-969C60110FB4, cid=191, SUCCESS, logIndex=0, commits[1701a4f3-0515-4fb0-ace0-0a2e26b8a377:c15, 0a0299ed-fdd5-4dd1-b1d9-393c3f7f30c8:c13, 5d2fad20-58d4-4d60-9035-fb8a022f1e71:c13]
2019-08-30 00:20:46,292 | INFO  | SCMAudit | user=jenkins1000 | ip=192.168.69.124 | op=SEND_HEARTBEAT {datanodeUUID=098b7a6f-8c1f-4063-9e74-22bffe699939, command=[]} | ret=SUCCESS |  
2019-08-30 00:20:46,415 | INFO  | SCMAudit | user=jenkins1000 | ip=192.168.69.124 | op=SEND_HEARTBEAT {datanodeUUID=a901cee4-1ca4-4af7-8de9-61e3c1ec06a1, command=[]} | ret=SUCCESS |  
2019-08-30 00:20:46,501 | INFO  | SCMAudit | user=jenkins1000 | ip=192.168.69.124 | op=SEND_HEARTBEAT {datanodeUUID=722b0ac7-031f-47c9-b3f5-fbc30035f474, command=[]} | ret=SUCCESS |  
2019-08-30 00:20:46,573 | INFO  | SCMAudit | user=jenkins1000 | ip=192.168.69.124 | op=SEND_HEARTBEAT {datanodeUUID=55fe8a5d-468d-4e42-8a20-9d338510910b, command=[]} | ret=SUCCESS |  
2019-08-30 00:20:46,857 [Datanode State Machine Thread - 0] INFO  statemachine.DatanodeStateMachine (DatanodeStateMachine.java:lambda$startDaemon$0(350)) - Ozone container server started.
2019-08-30 00:20:46,857 | INFO  | SCMAudit | user=jenkins1000 | ip=192.168.69.124 | op=SEND_HEARTBEAT {datanodeUUID=0a0299ed-fdd5-4dd1-b1d9-393c3f7f30c8, command=[]} | ret=SUCCESS |  
2019-08-30 00:20:46,857 | INFO  | SCMAudit | user=jenkins1000 | ip=192.168.69.124 | op=SEND_HEARTBEAT {datanodeUUID=5d2fad20-58d4-4d60-9035-fb8a022f1e71, command=[]} | ret=SUCCESS |  
2019-08-30 00:20:47,293 | INFO  | SCMAudit | user=jenkins1000 | ip=192.168.69.124 | op=SEND_HEARTBEAT {datanodeUUID=098b7a6f-8c1f-4063-9e74-22bffe699939, command=[]} | ret=SUCCESS |  
2019-08-30 00:20:47,415 | INFO  | SCMAudit | user=jenkins1000 | ip=192.168.69.124 | op=SEND_HEARTBEAT {datanodeUUID=a901cee4-1ca4-4af7-8de9-61e3c1ec06a1, command=[]} | ret=SUCCESS |  
2019-08-30 00:20:47,501 | INFO  | SCMAudit | user=jenkins1000 | ip=192.168.69.124 | op=SEND_HEARTBEAT {datanodeUUID=722b0ac7-031f-47c9-b3f5-fbc30035f474, command=[]} | ret=SUCCESS |  
2019-08-30 00:20:47,574 | INFO  | SCMAudit | user=jenkins1000 | ip=192.168.69.124 | op=SEND_HEARTBEAT {datanodeUUID=55fe8a5d-468d-4e42-8a20-9d338510910b, command=[]} | ret=SUCCESS |  
2019-08-30 00:20:47,858 | INFO  | SCMAudit | user=jenkins1000 | ip=192.168.69.124 | op=SEND_HEARTBEAT {datanodeUUID=0a0299ed-fdd5-4dd1-b1d9-393c3f7f30c8, command=[]} | ret=SUCCESS |  
2019-08-30 00:20:47,858 | INFO  | SCMAudit | user=jenkins1000 | ip=192.168.69.124 | op=SEND_HEARTBEAT {datanodeUUID=5d2fad20-58d4-4d60-9035-fb8a022f1e71, command=[]} | ret=SUCCESS |  
2019-08-30 00:20:48,293 | INFO  | SCMAudit | user=jenkins1000 | ip=192.168.69.124 | op=SEND_HEARTBEAT {datanodeUUID=098b7a6f-8c1f-4063-9e74-22bffe699939, command=[]} | ret=SUCCESS |  
2019-08-30 00:20:48,415 | INFO  | SCMAudit | user=jenkins1000 | ip=192.168.69.124 | op=SEND_HEARTBEAT {datanodeUUID=a901cee4-1ca4-4af7-8de9-61e3c1ec06a1, command=[]} | ret=SUCCESS |  
2019-08-30 00:20:48,501 | INFO  | SCMAudit | user=jenkins1000 | ip=192.168.69.124 | op=SEND_HEARTBEAT {datanodeUUID=722b0ac7-031f-47c9-b3f5-fbc30035f474, command=[]} | ret=SUCCESS |  
2019-08-30 00:20:48,573 | INFO  | SCMAudit | user=jenkins1000 | ip=192.168.69.124 | op=SEND_HEARTBEAT {datanodeUUID=55fe8a5d-468d-4e42-8a20-9d338510910b, command=[]} | ret=SUCCESS |  
2019-08-30 00:20:48,858 | INFO  | SCMAudit | user=jenkins1000 | ip=192.168.69.124 | op=SEND_HEARTBEAT {datanodeUUID=0a0299ed-fdd5-4dd1-b1d9-393c3f7f30c8, command=[]} | ret=SUCCESS |  
2019-08-30 00:20:48,858 | INFO  | SCMAudit | user=jenkins1000 | ip=192.168.69.124 | op=SEND_HEARTBEAT {datanodeUUID=5d2fad20-58d4-4d60-9035-fb8a022f1e71, command=[]} | ret=SUCCESS |  
2019-08-30 00:20:49,293 | INFO  | SCMAudit | user=jenkins1000 | ip=192.168.69.124 | op=SEND_HEARTBEAT {datanodeUUID=098b7a6f-8c1f-4063-9e74-22bffe699939, command=[]} | ret=SUCCESS |  
2019-08-30 00:20:49,416 | INFO  | SCMAudit | user=jenkins1000 | ip=192.168.69.124 | op=SEND_HEARTBEAT {datanodeUUID=a901cee4-1ca4-4af7-8de9-61e3c1ec06a1, command=[]} | ret=SUCCESS |  
2019-08-30 00:20:49,502 | INFO  | SCMAudit | user=jenkins1000 | ip=192.168.69.124 | op=SEND_HEARTBEAT {datanodeUUID=722b0ac7-031f-47c9-b3f5-fbc30035f474, command=[]} | ret=SUCCESS |  
2019-08-30 00:20:49,573 | INFO  | SCMAudit | user=jenkins1000 | ip=192.168.69.124 | op=SEND_HEARTBEAT {datanodeUUID=55fe8a5d-468d-4e42-8a20-9d338510910b, command=[]} | ret=SUCCESS |  
2019-08-30 00:20:49,858 | INFO  | SCMAudit | user=jenkins1000 | ip=192.168.69.124 | op=SEND_HEARTBEAT {datanodeUUID=5d2fad20-58d4-4d60-9035-fb8a022f1e71, command=[]} | ret=SUCCESS |  
2019-08-30 00:20:49,858 | INFO  | SCMAudit | user=jenkins1000 | ip=192.168.69.124 | op=SEND_HEARTBEAT {datanodeUUID=0a0299ed-fdd5-4dd1-b1d9-393c3f7f30c8, command=[]} | ret=SUCCESS |  
2019-08-30 00:20:50,056 [Thread-3641] INFO  impl.FollowerState (FollowerState.java:run(106)) - a901cee4-1ca4-4af7-8de9-61e3c1ec06a1:group-EBC4739E0E9D changes to CANDIDATE, lastRpcTime:5046, electionTimeout:5046ms
2019-08-30 00:20:50,057 [Thread-3641] INFO  impl.RoleInfo (RoleInfo.java:shutdownFollowerState(121)) - a901cee4-1ca4-4af7-8de9-61e3c1ec06a1: shutdown FollowerState
2019-08-30 00:20:50,057 [Thread-3641] INFO  impl.RaftServerImpl (RaftServerImpl.java:setRole(171)) - a901cee4-1ca4-4af7-8de9-61e3c1ec06a1:group-EBC4739E0E9D changes role from FOLLOWER to CANDIDATE at term 1 for changeToCandidate
2019-08-30 00:20:50,057 [Thread-3641] INFO  impl.RoleInfo (RoleInfo.java:updateAndGet(143)) - a901cee4-1ca4-4af7-8de9-61e3c1ec06a1: start LeaderElection
2019-08-30 00:20:50,085 [a901cee4-1ca4-4af7-8de9-61e3c1ec06a1:group-EBC4739E0E9D:LeaderElection86] INFO  impl.LeaderElection (LeaderElection.java:askForVotes(181)) - a901cee4-1ca4-4af7-8de9-61e3c1ec06a1:group-EBC4739E0E9D:LeaderElection86: begin an election at term 2 for -1: [098b7a6f-8c1f-4063-9e74-22bffe699939:192.168.69.124:39388, 55fe8a5d-468d-4e42-8a20-9d338510910b:192.168.69.124:36720, a901cee4-1ca4-4af7-8de9-61e3c1ec06a1:192.168.69.124:34970], old=null
2019-08-30 00:20:50,089 [grpc-default-executor-9] INFO  impl.RaftServerImpl (RaftServerImpl.java:setRole(171)) - 55fe8a5d-468d-4e42-8a20-9d338510910b:group-EBC4739E0E9D changes role from FOLLOWER to FOLLOWER at term 2 for recognizeCandidate:a901cee4-1ca4-4af7-8de9-61e3c1ec06a1
2019-08-30 00:20:50,090 [grpc-default-executor-9] INFO  impl.RoleInfo (RoleInfo.java:shutdownFollowerState(121)) - 55fe8a5d-468d-4e42-8a20-9d338510910b: shutdown FollowerState
2019-08-30 00:20:50,090 [grpc-default-executor-9] INFO  impl.RoleInfo (RoleInfo.java:updateAndGet(143)) - 55fe8a5d-468d-4e42-8a20-9d338510910b: start FollowerState
2019-08-30 00:20:50,090 [Thread-3640] INFO  impl.FollowerState (FollowerState.java:run(114)) - 55fe8a5d-468d-4e42-8a20-9d338510910b: FollowerState was interrupted: java.lang.InterruptedException: sleep interrupted
2019-08-30 00:20:50,094 [grpc-default-executor-3] INFO  impl.RaftServerImpl (RaftServerImpl.java:setRole(171)) - 098b7a6f-8c1f-4063-9e74-22bffe699939:group-EBC4739E0E9D changes role from FOLLOWER to FOLLOWER at term 2 for recognizeCandidate:a901cee4-1ca4-4af7-8de9-61e3c1ec06a1
2019-08-30 00:20:50,094 [grpc-default-executor-3] INFO  impl.RoleInfo (RoleInfo.java:shutdownFollowerState(121)) - 098b7a6f-8c1f-4063-9e74-22bffe699939: shutdown FollowerState
2019-08-30 00:20:50,094 [grpc-default-executor-3] INFO  impl.RoleInfo (RoleInfo.java:updateAndGet(143)) - 098b7a6f-8c1f-4063-9e74-22bffe699939: start FollowerState
2019-08-30 00:20:50,094 [Thread-3639] INFO  impl.FollowerState (FollowerState.java:run(114)) - 098b7a6f-8c1f-4063-9e74-22bffe699939: FollowerState was interrupted: java.lang.InterruptedException: sleep interrupted
2019-08-30 00:20:50,109 [a901cee4-1ca4-4af7-8de9-61e3c1ec06a1:group-EBC4739E0E9D:LeaderElection86] INFO  impl.LeaderElection (LeaderElection.java:logAndReturn(56)) - a901cee4-1ca4-4af7-8de9-61e3c1ec06a1:group-EBC4739E0E9D:LeaderElection86: Election PASSED; received 1 response(s) [a901cee4-1ca4-4af7-8de9-61e3c1ec06a1<-55fe8a5d-468d-4e42-8a20-9d338510910b#0:OK-t2] and 0 exception(s); a901cee4-1ca4-4af7-8de9-61e3c1ec06a1:t2, leader=null, voted=a901cee4-1ca4-4af7-8de9-61e3c1ec06a1, raftlog=a901cee4-1ca4-4af7-8de9-61e3c1ec06a1-SegmentedRaftLog:OPENED:c-1,f-1,i0, conf=-1: [098b7a6f-8c1f-4063-9e74-22bffe699939:192.168.69.124:39388, 55fe8a5d-468d-4e42-8a20-9d338510910b:192.168.69.124:36720, a901cee4-1ca4-4af7-8de9-61e3c1ec06a1:192.168.69.124:34970], old=null
2019-08-30 00:20:50,109 [a901cee4-1ca4-4af7-8de9-61e3c1ec06a1:group-EBC4739E0E9D:LeaderElection86] INFO  impl.RoleInfo (RoleInfo.java:shutdownLeaderElection(134)) - a901cee4-1ca4-4af7-8de9-61e3c1ec06a1: shutdown LeaderElection
2019-08-30 00:20:50,109 [a901cee4-1ca4-4af7-8de9-61e3c1ec06a1:group-EBC4739E0E9D:LeaderElection86] INFO  impl.RaftServerImpl (RaftServerImpl.java:setRole(171)) - a901cee4-1ca4-4af7-8de9-61e3c1ec06a1:group-EBC4739E0E9D changes role from CANDIDATE to LEADER at term 2 for changeToLeader
2019-08-30 00:20:50,110 [a901cee4-1ca4-4af7-8de9-61e3c1ec06a1:group-EBC4739E0E9D:LeaderElection86] INFO  impl.RaftServerImpl (ServerState.java:setLeader(263)) - a901cee4-1ca4-4af7-8de9-61e3c1ec06a1:group-EBC4739E0E9D change Leader from null to a901cee4-1ca4-4af7-8de9-61e3c1ec06a1 at term 2 for becomeLeader, leader elected after 10348ms
2019-08-30 00:20:50,110 [a901cee4-1ca4-4af7-8de9-61e3c1ec06a1:group-EBC4739E0E9D:LeaderElection86] INFO  server.RaftServerConfigKeys (ConfUtils.java:logGet(43)) - raft.server.staging.catchup.gap = 1000 (default)
2019-08-30 00:20:50,110 [a901cee4-1ca4-4af7-8de9-61e3c1ec06a1:group-EBC4739E0E9D:LeaderElection86] INFO  server.RaftServerConfigKeys (ConfUtils.java:logGet(43)) - raft.server.rpc.sleep.time = 25ms (default)
2019-08-30 00:20:50,111 [a901cee4-1ca4-4af7-8de9-61e3c1ec06a1:group-EBC4739E0E9D:LeaderElection86] INFO  server.RaftServerConfigKeys (ConfUtils.java:logGet(43)) - raft.server.write.element-limit = 4096 (default)
2019-08-30 00:20:50,111 [a901cee4-1ca4-4af7-8de9-61e3c1ec06a1:group-EBC4739E0E9D:LeaderElection86] INFO  server.RaftServerConfigKeys (ConfUtils.java:logGet(43)) - raft.server.watch.timeout = 10s (default)
2019-08-30 00:20:50,111 [a901cee4-1ca4-4af7-8de9-61e3c1ec06a1:group-EBC4739E0E9D:LeaderElection86] INFO  server.RaftServerConfigKeys (ConfUtils.java:logGet(43)) - raft.server.watch.timeout.denomination = 1s (default)
2019-08-30 00:20:50,111 [a901cee4-1ca4-4af7-8de9-61e3c1ec06a1:group-EBC4739E0E9D:LeaderElection86] INFO  server.RaftServerConfigKeys (ConfUtils.java:logGet(43)) - raft.server.watch.element-limit = 65536 (default)
2019-08-30 00:20:50,112 [a901cee4-1ca4-4af7-8de9-61e3c1ec06a1:group-EBC4739E0E9D:LeaderElection86] INFO  server.RaftServerConfigKeys (ConfUtils.java:logGet(43)) - raft.server.log.appender.snapshot.chunk.size.max = 16MB (=16777216) (default)
2019-08-30 00:20:50,112 [a901cee4-1ca4-4af7-8de9-61e3c1ec06a1:group-EBC4739E0E9D:LeaderElection86] INFO  server.RaftServerConfigKeys (ConfUtils.java:logGet(43)) - raft.server.log.appender.buffer.byte-limit = 33554432 (custom)
2019-08-30 00:20:50,112 [a901cee4-1ca4-4af7-8de9-61e3c1ec06a1:group-EBC4739E0E9D:LeaderElection86] INFO  server.RaftServerConfigKeys (ConfUtils.java:logGet(43)) - raft.server.log.appender.buffer.element-limit = 1 (custom)
2019-08-30 00:20:50,113 [a901cee4-1ca4-4af7-8de9-61e3c1ec06a1:group-EBC4739E0E9D:LeaderElection86] INFO  grpc.GrpcConfigKeys$Server (ConfUtils.java:logGet(43)) - raft.grpc.server.leader.outstanding.appends.max = 128 (default)
2019-08-30 00:20:50,113 [a901cee4-1ca4-4af7-8de9-61e3c1ec06a1:group-EBC4739E0E9D:LeaderElection86] INFO  server.RaftServerConfigKeys (ConfUtils.java:logGet(43)) - raft.server.rpc.request.timeout = 3000ms (default)
2019-08-30 00:20:50,113 [a901cee4-1ca4-4af7-8de9-61e3c1ec06a1:group-EBC4739E0E9D:LeaderElection86] INFO  server.RaftServerConfigKeys (ConfUtils.java:logGet(43)) - raft.server.log.appender.install.snapshot.enabled = false (custom)
2019-08-30 00:20:50,113 [a901cee4-1ca4-4af7-8de9-61e3c1ec06a1:group-EBC4739E0E9D:LeaderElection86] INFO  server.RaftServerConfigKeys (ConfUtils.java:logGet(43)) - raft.server.log.appender.snapshot.chunk.size.max = 16MB (=16777216) (default)
2019-08-30 00:20:50,114 [a901cee4-1ca4-4af7-8de9-61e3c1ec06a1:group-EBC4739E0E9D:LeaderElection86] INFO  server.RaftServerConfigKeys (ConfUtils.java:logGet(43)) - raft.server.log.appender.buffer.byte-limit = 33554432 (custom)
2019-08-30 00:20:50,114 [a901cee4-1ca4-4af7-8de9-61e3c1ec06a1:group-EBC4739E0E9D:LeaderElection86] INFO  server.RaftServerConfigKeys (ConfUtils.java:logGet(43)) - raft.server.log.appender.buffer.element-limit = 1 (custom)
2019-08-30 00:20:50,114 [a901cee4-1ca4-4af7-8de9-61e3c1ec06a1:group-EBC4739E0E9D:LeaderElection86] INFO  grpc.GrpcConfigKeys$Server (ConfUtils.java:logGet(43)) - raft.grpc.server.leader.outstanding.appends.max = 128 (default)
2019-08-30 00:20:50,114 [a901cee4-1ca4-4af7-8de9-61e3c1ec06a1:group-EBC4739E0E9D:LeaderElection86] INFO  server.RaftServerConfigKeys (ConfUtils.java:logGet(43)) - raft.server.rpc.request.timeout = 3000ms (default)
2019-08-30 00:20:50,115 [a901cee4-1ca4-4af7-8de9-61e3c1ec06a1:group-EBC4739E0E9D:LeaderElection86] INFO  server.RaftServerConfigKeys (ConfUtils.java:logGet(43)) - raft.server.log.appender.install.snapshot.enabled = false (custom)
2019-08-30 00:20:50,115 [a901cee4-1ca4-4af7-8de9-61e3c1ec06a1:group-EBC4739E0E9D:LeaderElection86] INFO  impl.RoleInfo (RoleInfo.java:updateAndGet(143)) - a901cee4-1ca4-4af7-8de9-61e3c1ec06a1: start LeaderState
2019-08-30 00:20:50,115 [a901cee4-1ca4-4af7-8de9-61e3c1ec06a1:group-EBC4739E0E9D:LeaderElection86] INFO  segmented.SegmentedRaftLogWorker (SegmentedRaftLogWorker.java:startLogSegment(380)) - a901cee4-1ca4-4af7-8de9-61e3c1ec06a1-SegmentedRaftLogWorker:Storage Directory /workdir/hadoop-ozone/integration-test/target/test-dir/MiniOzoneClusterImpl-843f3514-af11-4b58-9f84-2dae9c3286a9/datanode-4/data/ratis/3f708eb1-00f8-4ab4-a135-ebc4739e0e9d: Starting segment from index:0
2019-08-30 00:20:50,117 [a901cee4-1ca4-4af7-8de9-61e3c1ec06a1:group-EBC4739E0E9D:LeaderElection86] INFO  impl.RaftServerImpl (ServerState.java:setRaftConf(361)) - a901cee4-1ca4-4af7-8de9-61e3c1ec06a1:group-EBC4739E0E9D set configuration 0: [098b7a6f-8c1f-4063-9e74-22bffe699939:192.168.69.124:39388, 55fe8a5d-468d-4e42-8a20-9d338510910b:192.168.69.124:36720, a901cee4-1ca4-4af7-8de9-61e3c1ec06a1:192.168.69.124:34970], old=null at 0
2019-08-30 00:20:50,120 [grpc-default-executor-9] INFO  impl.RaftServerImpl (ServerState.java:setLeader(263)) - 55fe8a5d-468d-4e42-8a20-9d338510910b:group-EBC4739E0E9D change Leader from null to a901cee4-1ca4-4af7-8de9-61e3c1ec06a1 at term 2 for appendEntries, leader elected after 10358ms
2019-08-30 00:20:50,120 [grpc-default-executor-11] INFO  impl.RaftServerImpl (ServerState.java:setLeader(263)) - 098b7a6f-8c1f-4063-9e74-22bffe699939:group-EBC4739E0E9D change Leader from null to a901cee4-1ca4-4af7-8de9-61e3c1ec06a1 at term 2 for appendEntries, leader elected after 10358ms
2019-08-30 00:20:50,122 [grpc-default-executor-11] INFO  impl.RaftServerImpl (ServerState.java:setRaftConf(361)) - 098b7a6f-8c1f-4063-9e74-22bffe699939:group-EBC4739E0E9D set configuration 0: [098b7a6f-8c1f-4063-9e74-22bffe699939:192.168.69.124:39388, 55fe8a5d-468d-4e42-8a20-9d338510910b:192.168.69.124:36720, a901cee4-1ca4-4af7-8de9-61e3c1ec06a1:192.168.69.124:34970], old=null at 0
2019-08-30 00:20:50,122 [grpc-default-executor-3] INFO  impl.RaftServerImpl (ServerState.java:setRaftConf(361)) - 55fe8a5d-468d-4e42-8a20-9d338510910b:group-EBC4739E0E9D set configuration 0: [098b7a6f-8c1f-4063-9e74-22bffe699939:192.168.69.124:39388, 55fe8a5d-468d-4e42-8a20-9d338510910b:192.168.69.124:36720, a901cee4-1ca4-4af7-8de9-61e3c1ec06a1:192.168.69.124:34970], old=null at 0
2019-08-30 00:20:50,123 [grpc-default-executor-11] INFO  segmented.SegmentedRaftLogWorker (SegmentedRaftLogWorker.java:startLogSegment(380)) - 098b7a6f-8c1f-4063-9e74-22bffe699939-SegmentedRaftLogWorker:Storage Directory /workdir/hadoop-ozone/integration-test/target/test-dir/MiniOzoneClusterImpl-843f3514-af11-4b58-9f84-2dae9c3286a9/datanode-2/data/ratis/3f708eb1-00f8-4ab4-a135-ebc4739e0e9d: Starting segment from index:0
2019-08-30 00:20:50,123 [grpc-default-executor-3] INFO  segmented.SegmentedRaftLogWorker (SegmentedRaftLogWorker.java:startLogSegment(380)) - 55fe8a5d-468d-4e42-8a20-9d338510910b-SegmentedRaftLogWorker:Storage Directory /workdir/hadoop-ozone/integration-test/target/test-dir/MiniOzoneClusterImpl-843f3514-af11-4b58-9f84-2dae9c3286a9/datanode-6/data/ratis/3f708eb1-00f8-4ab4-a135-ebc4739e0e9d: Starting segment from index:0
2019-08-30 00:20:50,170 [55fe8a5d-468d-4e42-8a20-9d338510910b-SegmentedRaftLogWorker:Storage Directory /workdir/hadoop-ozone/integration-test/target/test-dir/MiniOzoneClusterImpl-843f3514-af11-4b58-9f84-2dae9c3286a9/datanode-6/data/ratis/3f708eb1-00f8-4ab4-a135-ebc4739e0e9d] INFO  segmented.SegmentedRaftLogWorker (SegmentedRaftLogWorker.java:execute(569)) - 55fe8a5d-468d-4e42-8a20-9d338510910b-SegmentedRaftLogWorker:Storage Directory /workdir/hadoop-ozone/integration-test/target/test-dir/MiniOzoneClusterImpl-843f3514-af11-4b58-9f84-2dae9c3286a9/datanode-6/data/ratis/3f708eb1-00f8-4ab4-a135-ebc4739e0e9d: created new log segment /workdir/hadoop-ozone/integration-test/target/test-dir/MiniOzoneClusterImpl-843f3514-af11-4b58-9f84-2dae9c3286a9/datanode-6/data/ratis/3f708eb1-00f8-4ab4-a135-ebc4739e0e9d/current/log_inprogress_0
2019-08-30 00:20:50,183 [a901cee4-1ca4-4af7-8de9-61e3c1ec06a1-SegmentedRaftLogWorker:Storage Directory /workdir/hadoop-ozone/integration-test/target/test-dir/MiniOzoneClusterImpl-843f3514-af11-4b58-9f84-2dae9c3286a9/datanode-4/data/ratis/3f708eb1-00f8-4ab4-a135-ebc4739e0e9d] INFO  segmented.SegmentedRaftLogWorker (SegmentedRaftLogWorker.java:execute(569)) - a901cee4-1ca4-4af7-8de9-61e3c1ec06a1-SegmentedRaftLogWorker:Storage Directory /workdir/hadoop-ozone/integration-test/target/test-dir/MiniOzoneClusterImpl-843f3514-af11-4b58-9f84-2dae9c3286a9/datanode-4/data/ratis/3f708eb1-00f8-4ab4-a135-ebc4739e0e9d: created new log segment /workdir/hadoop-ozone/integration-test/target/test-dir/MiniOzoneClusterImpl-843f3514-af11-4b58-9f84-2dae9c3286a9/datanode-4/data/ratis/3f708eb1-00f8-4ab4-a135-ebc4739e0e9d/current/log_inprogress_0
2019-08-30 00:20:50,183 [098b7a6f-8c1f-4063-9e74-22bffe699939-SegmentedRaftLogWorker:Storage Directory /workdir/hadoop-ozone/integration-test/target/test-dir/MiniOzoneClusterImpl-843f3514-af11-4b58-9f84-2dae9c3286a9/datanode-2/data/ratis/3f708eb1-00f8-4ab4-a135-ebc4739e0e9d] INFO  segmented.SegmentedRaftLogWorker (SegmentedRaftLogWorker.java:execute(569)) - 098b7a6f-8c1f-4063-9e74-22bffe699939-SegmentedRaftLogWorker:Storage Directory /workdir/hadoop-ozone/integration-test/target/test-dir/MiniOzoneClusterImpl-843f3514-af11-4b58-9f84-2dae9c3286a9/datanode-2/data/ratis/3f708eb1-00f8-4ab4-a135-ebc4739e0e9d: created new log segment /workdir/hadoop-ozone/integration-test/target/test-dir/MiniOzoneClusterImpl-843f3514-af11-4b58-9f84-2dae9c3286a9/datanode-2/data/ratis/3f708eb1-00f8-4ab4-a135-ebc4739e0e9d/current/log_inprogress_0
2019-08-30 00:20:50,294 | INFO  | SCMAudit | user=jenkins1000 | ip=192.168.69.124 | op=SEND_HEARTBEAT {datanodeUUID=098b7a6f-8c1f-4063-9e74-22bffe699939, command=[]} | ret=SUCCESS |  
2019-08-30 00:20:50,415 | INFO  | SCMAudit | user=jenkins1000 | ip=192.168.69.124 | op=SEND_HEARTBEAT {datanodeUUID=a901cee4-1ca4-4af7-8de9-61e3c1ec06a1, command=[]} | ret=SUCCESS |  
2019-08-30 00:20:50,501 | INFO  | SCMAudit | user=jenkins1000 | ip=192.168.69.124 | op=SEND_HEARTBEAT {datanodeUUID=722b0ac7-031f-47c9-b3f5-fbc30035f474, command=[]} | ret=SUCCESS |  
2019-08-30 00:20:50,573 | INFO  | SCMAudit | user=jenkins1000 | ip=192.168.69.124 | op=SEND_HEARTBEAT {datanodeUUID=55fe8a5d-468d-4e42-8a20-9d338510910b, command=[]} | ret=SUCCESS |  
2019-08-30 00:20:50,858 | INFO  | SCMAudit | user=jenkins1000 | ip=192.168.69.124 | op=SEND_HEARTBEAT {datanodeUUID=0a0299ed-fdd5-4dd1-b1d9-393c3f7f30c8, command=[]} | ret=SUCCESS |  
2019-08-30 00:20:50,858 | INFO  | SCMAudit | user=jenkins1000 | ip=192.168.69.124 | op=SEND_HEARTBEAT {datanodeUUID=5d2fad20-58d4-4d60-9035-fb8a022f1e71, command=[]} | ret=SUCCESS |  
2019-08-30 00:20:50,948 [EventQueue-StaleNodeForStaleNodeHandler] INFO  node.StaleNodeHandler (StaleNodeHandler.java:onMessage(58)) - Datanode 1701a4f3-0515-4fb0-ace0-0a2e26b8a377{ip: 192.168.69.124, host: pr-hdds-2050-pz9tn-2767506387, networkLocation: /default-rack, certSerialId: null} moved to stale state. Finalizing its pipelines [PipelineID=b5724f15-9099-4d31-8ded-3535ee5142aa, PipelineID=19fbbfcf-28cc-436a-9456-969c60110fb4]
2019-08-30 00:20:50,949 [EventQueue-StaleNodeForStaleNodeHandler] INFO  pipeline.SCMPipelineManager (SCMPipelineManager.java:finalizeAndDestroyPipeline(309)) - destroying pipeline:Pipeline[ Id: b5724f15-9099-4d31-8ded-3535ee5142aa, Nodes: 1701a4f3-0515-4fb0-ace0-0a2e26b8a377{ip: 192.168.69.124, host: pr-hdds-2050-pz9tn-2767506387, networkLocation: /default-rack, certSerialId: null}, Type:RATIS, Factor:ONE, State:OPEN]
2019-08-30 00:20:50,949 [EventQueue-StaleNodeForStaleNodeHandler] INFO  pipeline.PipelineStateManager (PipelineStateManager.java:finalizePipeline(123)) - Pipeline Pipeline[ Id: b5724f15-9099-4d31-8ded-3535ee5142aa, Nodes: 1701a4f3-0515-4fb0-ace0-0a2e26b8a377{ip: 192.168.69.124, host: pr-hdds-2050-pz9tn-2767506387, networkLocation: /default-rack, certSerialId: null}, Type:RATIS, Factor:ONE, State:CLOSED] moved to CLOSED state
2019-08-30 00:20:50,949 [EventQueue-StaleNodeForStaleNodeHandler] INFO  pipeline.SCMPipelineManager (SCMPipelineManager.java:finalizeAndDestroyPipeline(309)) - destroying pipeline:Pipeline[ Id: 19fbbfcf-28cc-436a-9456-969c60110fb4, Nodes: 1701a4f3-0515-4fb0-ace0-0a2e26b8a377{ip: 192.168.69.124, host: pr-hdds-2050-pz9tn-2767506387, networkLocation: /default-rack, certSerialId: null}0a0299ed-fdd5-4dd1-b1d9-393c3f7f30c8{ip: 192.168.69.124, host: pr-hdds-2050-pz9tn-2767506387, networkLocation: /default-rack, certSerialId: null}5d2fad20-58d4-4d60-9035-fb8a022f1e71{ip: 192.168.69.124, host: pr-hdds-2050-pz9tn-2767506387, networkLocation: /default-rack, certSerialId: null}, Type:RATIS, Factor:THREE, State:OPEN]
2019-08-30 00:20:50,950 [EventQueue-StaleNodeForStaleNodeHandler] INFO  pipeline.PipelineStateManager (PipelineStateManager.java:finalizePipeline(123)) - Pipeline Pipeline[ Id: 19fbbfcf-28cc-436a-9456-969c60110fb4, Nodes: 1701a4f3-0515-4fb0-ace0-0a2e26b8a377{ip: 192.168.69.124, host: pr-hdds-2050-pz9tn-2767506387, networkLocation: /default-rack, certSerialId: null}0a0299ed-fdd5-4dd1-b1d9-393c3f7f30c8{ip: 192.168.69.124, host: pr-hdds-2050-pz9tn-2767506387, networkLocation: /default-rack, certSerialId: null}5d2fad20-58d4-4d60-9035-fb8a022f1e71{ip: 192.168.69.124, host: pr-hdds-2050-pz9tn-2767506387, networkLocation: /default-rack, certSerialId: null}, Type:RATIS, Factor:THREE, State:CLOSED] moved to CLOSED state
2019-08-30 00:20:50,950 [EventQueue-CloseContainerForCloseContainerEventHandler] INFO  container.CloseContainerEventHandler (CloseContainerEventHandler.java:onMessage(61)) - Close container Event triggered for container : #1
2019-08-30 00:20:51,083 [main] INFO  ozoneimpl.OzoneContainer (OzoneContainer.java:stop(215)) - Attempting to stop container services.
2019-08-30 00:20:51,083 [main] INFO  impl.RaftServerProxy (RaftServerProxy.java:lambda$close$4(314)) - 1701a4f3-0515-4fb0-ace0-0a2e26b8a377: close
2019-08-30 00:20:51,084 [main] INFO  impl.RaftServerImpl (RaftServerImpl.java:lambda$shutdown$3(245)) - 1701a4f3-0515-4fb0-ace0-0a2e26b8a377: shutdown group-3535EE5142AA
2019-08-30 00:20:51,085 [main] INFO  util.JmxRegister (JmxRegister.java:unregister(73)) - Successfully un-registered JMX Bean with object name Ratis:service=RaftServer,group=group-3535EE5142AA,id=1701a4f3-0515-4fb0-ace0-0a2e26b8a377
2019-08-30 00:20:51,085 [main] INFO  impl.RoleInfo (RoleInfo.java:shutdownLeaderState(104)) - 1701a4f3-0515-4fb0-ace0-0a2e26b8a377: shutdown LeaderState
2019-08-30 00:20:51,085 [main] INFO  impl.PendingRequests (PendingRequests.java:sendNotLeaderResponses(202)) - 1701a4f3-0515-4fb0-ace0-0a2e26b8a377-PendingRequests: sendNotLeaderResponses
2019-08-30 00:20:51,086 [main] INFO  impl.StateMachineUpdater (StateMachineUpdater.java:stopAndJoin(115)) - StateMachineUpdater:1701a4f3-0515-4fb0-ace0-0a2e26b8a377:group-3535EE5142AA: set stopIndex = 0
2019-08-30 00:20:51,086 [main] INFO  impl.RaftServerImpl (ServerState.java:close(394)) - 1701a4f3-0515-4fb0-ace0-0a2e26b8a377:group-3535EE5142AA closes. The last applied log index is 0
2019-08-30 00:20:51,087 [1701a4f3-0515-4fb0-ace0-0a2e26b8a377-SegmentedRaftLogWorker:Storage Directory /workdir/hadoop-ozone/integration-test/target/test-dir/MiniOzoneClusterImpl-843f3514-af11-4b58-9f84-2dae9c3286a9/datanode-3/data/ratis/b5724f15-9099-4d31-8ded-3535ee5142aa] INFO  segmented.SegmentedRaftLogWorker (SegmentedRaftLogWorker.java:run(313)) - 1701a4f3-0515-4fb0-ace0-0a2e26b8a377-SegmentedRaftLogWorker:Storage Directory /workdir/hadoop-ozone/integration-test/target/test-dir/MiniOzoneClusterImpl-843f3514-af11-4b58-9f84-2dae9c3286a9/datanode-3/data/ratis/b5724f15-9099-4d31-8ded-3535ee5142aa was interrupted, exiting. There are 0 tasks remaining in the queue.
2019-08-30 00:20:51,090 [main] INFO  segmented.SegmentedRaftLogWorker (SegmentedRaftLogWorker.java:close(228)) - 1701a4f3-0515-4fb0-ace0-0a2e26b8a377-SegmentedRaftLogWorker:Storage Directory /workdir/hadoop-ozone/integration-test/target/test-dir/MiniOzoneClusterImpl-843f3514-af11-4b58-9f84-2dae9c3286a9/datanode-3/data/ratis/b5724f15-9099-4d31-8ded-3535ee5142aa close()
2019-08-30 00:20:51,094 [main] INFO  impl.RaftServerImpl (RaftServerImpl.java:lambda$shutdown$3(245)) - 1701a4f3-0515-4fb0-ace0-0a2e26b8a377: shutdown group-969C60110FB4
2019-08-30 00:20:51,095 [main] INFO  util.JmxRegister (JmxRegister.java:unregister(73)) - Successfully un-registered JMX Bean with object name Ratis:service=RaftServer,group=group-969C60110FB4,id=1701a4f3-0515-4fb0-ace0-0a2e26b8a377
2019-08-30 00:20:51,095 [main] INFO  impl.RoleInfo (RoleInfo.java:shutdownLeaderState(104)) - 1701a4f3-0515-4fb0-ace0-0a2e26b8a377: shutdown LeaderState
2019-08-30 00:20:51,099 [main] INFO  impl.PendingRequests (PendingRequests.java:sendNotLeaderResponses(202)) - 1701a4f3-0515-4fb0-ace0-0a2e26b8a377-PendingRequests: sendNotLeaderResponses
2019-08-30 00:20:51,099 [org.apache.ratis.server.impl.LogAppender$AppenderDaemon$$Lambda$483/2008209947@14055493] WARN  server.GrpcLogAppender (GrpcLogAppender.java:mayWait(143)) - GrpcLogAppender(1701a4f3-0515-4fb0-ace0-0a2e26b8a377->5d2fad20-58d4-4d60-9035-fb8a022f1e71): Wait interrupted by java.lang.InterruptedException
2019-08-30 00:20:51,099 [org.apache.ratis.server.impl.LogAppender$AppenderDaemon$$Lambda$483/2008209947@5107c0d7] WARN  server.GrpcLogAppender (GrpcLogAppender.java:mayWait(143)) - GrpcLogAppender(1701a4f3-0515-4fb0-ace0-0a2e26b8a377->0a0299ed-fdd5-4dd1-b1d9-393c3f7f30c8): Wait interrupted by java.lang.InterruptedException
2019-08-30 00:20:51,102 [main] INFO  impl.StateMachineUpdater (StateMachineUpdater.java:stopAndJoin(115)) - StateMachineUpdater:1701a4f3-0515-4fb0-ace0-0a2e26b8a377:group-969C60110FB4: set stopIndex = 15
2019-08-30 00:20:51,103 [grpc-default-executor-3] INFO  server.GrpcServerProtocolService (GrpcServerProtocolService.java:onCompleted(104)) - 5d2fad20-58d4-4d60-9035-fb8a022f1e71: appendEntries completed
2019-08-30 00:20:51,103 [StateMachineUpdater:1701a4f3-0515-4fb0-ace0-0a2e26b8a377:group-969C60110FB4] INFO  ratis.ContainerStateMachine (ContainerStateMachine.java:takeSnapshot(284)) - group-969C60110FB4: Taking a snapshot at:(t:1, i:13) file /workdir/hadoop-ozone/integration-test/target/test-dir/MiniOzoneClusterImpl-843f3514-af11-4b58-9f84-2dae9c3286a9/datanode-3/data/ratis/19fbbfcf-28cc-436a-9456-969c60110fb4/sm/snapshot.1_13
2019-08-30 00:20:51,104 [grpc-default-executor-3] INFO  server.GrpcLogAppender (GrpcLogAppender.java:onCompleted(292)) - 1701a4f3-0515-4fb0-ace0-0a2e26b8a377->5d2fad20-58d4-4d60-9035-fb8a022f1e71: follower responses appendEntries COMPLETED
2019-08-30 00:20:51,103 [grpc-default-executor-11] INFO  server.GrpcServerProtocolService (GrpcServerProtocolService.java:onCompleted(104)) - 0a0299ed-fdd5-4dd1-b1d9-393c3f7f30c8: appendEntries completed
2019-08-30 00:20:51,104 [grpc-default-executor-3] INFO  impl.FollowerInfo (FollowerInfo.java:lambda$new$0(50)) - 1701a4f3-0515-4fb0-ace0-0a2e26b8a377->5d2fad20-58d4-4d60-9035-fb8a022f1e71: nextIndex: updateUnconditionally 16 -> 15
2019-08-30 00:20:51,104 [grpc-default-executor-3] INFO  server.GrpcLogAppender (GrpcLogAppender.java:onCompleted(292)) - 1701a4f3-0515-4fb0-ace0-0a2e26b8a377->0a0299ed-fdd5-4dd1-b1d9-393c3f7f30c8: follower responses appendEntries COMPLETED
2019-08-30 00:20:51,105 [grpc-default-executor-3] INFO  impl.FollowerInfo (FollowerInfo.java:lambda$new$0(50)) - 1701a4f3-0515-4fb0-ace0-0a2e26b8a377->0a0299ed-fdd5-4dd1-b1d9-393c3f7f30c8: nextIndex: updateUnconditionally 16 -> 15
2019-08-30 00:20:51,127 [StateMachineUpdater:1701a4f3-0515-4fb0-ace0-0a2e26b8a377:group-969C60110FB4] INFO  ratis.ContainerStateMachine (ContainerStateMachine.java:takeSnapshot(295)) - group-969C60110FB4: Finished taking a snapshot at:(t:1, i:13) file:/workdir/hadoop-ozone/integration-test/target/test-dir/MiniOzoneClusterImpl-843f3514-af11-4b58-9f84-2dae9c3286a9/datanode-3/data/ratis/19fbbfcf-28cc-436a-9456-969c60110fb4/sm/snapshot.1_13 time:25
2019-08-30 00:20:51,127 [StateMachineUpdater:1701a4f3-0515-4fb0-ace0-0a2e26b8a377:group-969C60110FB4] INFO  impl.StateMachineUpdater (StateMachineUpdater.java:takeSnapshot(242)) - StateMachineUpdater:1701a4f3-0515-4fb0-ace0-0a2e26b8a377:group-969C60110FB4: Took a snapshot at index 13
2019-08-30 00:20:51,127 [StateMachineUpdater:1701a4f3-0515-4fb0-ace0-0a2e26b8a377:group-969C60110FB4] INFO  impl.StateMachineUpdater (StateMachineUpdater.java:lambda$new$0(80)) - StateMachineUpdater:1701a4f3-0515-4fb0-ace0-0a2e26b8a377:group-969C60110FB4: snapshotIndex: updateIncreasingly -1 -> 13
2019-08-30 00:20:51,128 [main] INFO  impl.RaftServerImpl (ServerState.java:close(394)) - 1701a4f3-0515-4fb0-ace0-0a2e26b8a377:group-969C60110FB4 closes. The last applied log index is 15
2019-08-30 00:20:51,128 [1701a4f3-0515-4fb0-ace0-0a2e26b8a377-SegmentedRaftLogWorker:Storage Directory /workdir/hadoop-ozone/integration-test/target/test-dir/MiniOzoneClusterImpl-843f3514-af11-4b58-9f84-2dae9c3286a9/datanode-3/data/ratis/19fbbfcf-28cc-436a-9456-969c60110fb4] INFO  segmented.SegmentedRaftLogWorker (SegmentedRaftLogWorker.java:run(313)) - 1701a4f3-0515-4fb0-ace0-0a2e26b8a377-SegmentedRaftLogWorker:Storage Directory /workdir/hadoop-ozone/integration-test/target/test-dir/MiniOzoneClusterImpl-843f3514-af11-4b58-9f84-2dae9c3286a9/datanode-3/data/ratis/19fbbfcf-28cc-436a-9456-969c60110fb4 was interrupted, exiting. There are 0 tasks remaining in the queue.
2019-08-30 00:20:51,130 [main] INFO  segmented.SegmentedRaftLogWorker (SegmentedRaftLogWorker.java:close(228)) - 1701a4f3-0515-4fb0-ace0-0a2e26b8a377-SegmentedRaftLogWorker:Storage Directory /workdir/hadoop-ozone/integration-test/target/test-dir/MiniOzoneClusterImpl-843f3514-af11-4b58-9f84-2dae9c3286a9/datanode-3/data/ratis/19fbbfcf-28cc-436a-9456-969c60110fb4 close()
2019-08-30 00:20:51,134 [main] INFO  server.GrpcService (GrpcService.java:closeImpl(155)) - 1701a4f3-0515-4fb0-ace0-0a2e26b8a377: shutdown server with port 33087 now
2019-08-30 00:20:51,135 [grpc-default-executor-11] WARN  client.GrpcClientProtocolService (LogUtils.java:warn(134)) - 2-UnorderedRequestStreamObserver2: onError: org.apache.ratis.thirdparty.io.grpc.StatusRuntimeException: CANCELLED: cancelled before receiving half close
2019-08-30 00:20:51,136 [main] INFO  server.GrpcService (GrpcService.java:closeImpl(163)) - 1701a4f3-0515-4fb0-ace0-0a2e26b8a377: shutdown server with port 33087 successfully
2019-08-30 00:20:51,140 [refreshUsed-/workdir/hadoop-ozone/integration-test/target/test-dir/MiniOzoneClusterImpl-843f3514-af11-4b58-9f84-2dae9c3286a9/datanode-3/data/containers] WARN  fs.CachingGetSpaceUsed (CachingGetSpaceUsed.java:run(183)) - Thread Interrupted waiting to refresh disk information: sleep interrupted
2019-08-30 00:20:51,162 [main] INFO  utils.BackgroundService (BackgroundService.java:shutdown(148)) - Shutting down service BlockDeletingService
2019-08-30 00:20:51,166 [main] INFO  statemachine.DatanodeStateMachine (DatanodeStateMachine.java:stopDaemon(395)) - Ozone container server stopped.
2019-08-30 00:20:51,168 [main] INFO  handler.ContextHandler (ContextHandler.java:doStop(910)) - Stopped o.e.j.w.WebAppContext@4c4c7d6c{/,null,UNAVAILABLE}{/hddsDatanode}
2019-08-30 00:20:51,172 [main] INFO  server.AbstractConnector (AbstractConnector.java:doStop(318)) - Stopped ServerConnector@7f0766ef{HTTP/1.1,[http/1.1]}{0.0.0.0:0}
2019-08-30 00:20:51,172 [main] INFO  handler.ContextHandler (ContextHandler.java:doStop(910)) - Stopped o.e.j.s.ServletContextHandler@6b42e36d{/static,jar:file:/home/user/.m2/repository/org/apache/hadoop/hadoop-hdds-container-service/0.5.0-SNAPSHOT/hadoop-hdds-container-service-0.5.0-SNAPSHOT.jar!/webapps/static,UNAVAILABLE}
2019-08-30 00:20:51,173 [main] INFO  handler.ContextHandler (ContextHandler.java:doStop(910)) - Stopped o.e.j.s.ServletContextHandler@125f16b2{/logs,file:///workdir/hadoop-ozone/integration-test/target/log,UNAVAILABLE}
2019-08-30 00:20:51,294 | INFO  | SCMAudit | user=jenkins1000 | ip=192.168.69.124 | op=SEND_HEARTBEAT {datanodeUUID=098b7a6f-8c1f-4063-9e74-22bffe699939, command=[]} | ret=SUCCESS |  
2019-08-30 00:20:51,415 | INFO  | SCMAudit | user=jenkins1000 | ip=192.168.69.124 | op=SEND_HEARTBEAT {datanodeUUID=a901cee4-1ca4-4af7-8de9-61e3c1ec06a1, command=[]} | ret=SUCCESS |  
2019-08-30 00:20:51,503 | INFO  | SCMAudit | user=jenkins1000 | ip=192.168.69.124 | op=SEND_HEARTBEAT {datanodeUUID=722b0ac7-031f-47c9-b3f5-fbc30035f474, command=[]} | ret=SUCCESS |  
2019-08-30 00:20:51,573 | INFO  | SCMAudit | user=jenkins1000 | ip=192.168.69.124 | op=SEND_HEARTBEAT {datanodeUUID=55fe8a5d-468d-4e42-8a20-9d338510910b, command=[]} | ret=SUCCESS |  
2019-08-30 00:20:51,862 | INFO  | SCMAudit | user=jenkins1000 | ip=192.168.69.124 | op=SEND_HEARTBEAT {datanodeUUID=0a0299ed-fdd5-4dd1-b1d9-393c3f7f30c8, command=[commandType: closeContainerCommand closeContainerCommandProto { containerID: 1 pipelineID { id: "19fbbfcf-28cc-436a-9456-969c60110fb4" } cmdId: 1 force: false } ]} | ret=SUCCESS |  
2019-08-30 00:20:51,862 | INFO  | SCMAudit | user=jenkins1000 | ip=192.168.69.124 | op=SEND_HEARTBEAT {datanodeUUID=5d2fad20-58d4-4d60-9035-fb8a022f1e71, command=[commandType: closeContainerCommand closeContainerCommandProto { containerID: 1 pipelineID { id: "19fbbfcf-28cc-436a-9456-969c60110fb4" } cmdId: 1 force: false } ]} | ret=SUCCESS |  
2019-08-30 00:20:52,295 | INFO  | SCMAudit | user=jenkins1000 | ip=192.168.69.124 | op=SEND_HEARTBEAT {datanodeUUID=098b7a6f-8c1f-4063-9e74-22bffe699939, command=[]} | ret=SUCCESS |  
2019-08-30 00:20:52,415 | INFO  | SCMAudit | user=jenkins1000 | ip=192.168.69.124 | op=SEND_HEARTBEAT {datanodeUUID=a901cee4-1ca4-4af7-8de9-61e3c1ec06a1, command=[]} | ret=SUCCESS |  
2019-08-30 00:20:52,502 | INFO  | SCMAudit | user=jenkins1000 | ip=192.168.69.124 | op=SEND_HEARTBEAT {datanodeUUID=722b0ac7-031f-47c9-b3f5-fbc30035f474, command=[]} | ret=SUCCESS |  
2019-08-30 00:20:52,573 | INFO  | SCMAudit | user=jenkins1000 | ip=192.168.69.124 | op=SEND_HEARTBEAT {datanodeUUID=55fe8a5d-468d-4e42-8a20-9d338510910b, command=[]} | ret=SUCCESS |  
2019-08-30 00:20:52,860 | INFO  | SCMAudit | user=jenkins1000 | ip=192.168.69.124 | op=SEND_HEARTBEAT {datanodeUUID=0a0299ed-fdd5-4dd1-b1d9-393c3f7f30c8, command=[]} | ret=SUCCESS |  
2019-08-30 00:20:52,860 | INFO  | SCMAudit | user=jenkins1000 | ip=192.168.69.124 | op=SEND_HEARTBEAT {datanodeUUID=5d2fad20-58d4-4d60-9035-fb8a022f1e71, command=[]} | ret=SUCCESS |  
2019-08-30 00:20:53,188 [grpc-default-executor-9] INFO  client.GrpcClientProtocolClient (GrpcClientProtocolClient.java:onNext(255)) - client-971DEEE54F6E->0a0299ed-fdd5-4dd1-b1d9-393c3f7f30c8: receive RaftClientReply:client-971DEEE54F6E->0a0299ed-fdd5-4dd1-b1d9-393c3f7f30c8@group-969C60110FB4, cid=192, FAILED org.apache.ratis.protocol.NotLeaderException: Server 0a0299ed-fdd5-4dd1-b1d9-393c3f7f30c8 is not the leader (1701a4f3-0515-4fb0-ace0-0a2e26b8a377:192.168.69.124:33087). Request must be sent to leader., logIndex=0, commits[0a0299ed-fdd5-4dd1-b1d9-393c3f7f30c8:c15, 5d2fad20-58d4-4d60-9035-fb8a022f1e71:c15, 1701a4f3-0515-4fb0-ace0-0a2e26b8a377:c15]
2019-08-30 00:20:53,295 | INFO  | SCMAudit | user=jenkins1000 | ip=192.168.69.124 | op=SEND_HEARTBEAT {datanodeUUID=098b7a6f-8c1f-4063-9e74-22bffe699939, command=[]} | ret=SUCCESS |  
2019-08-30 00:20:53,415 | INFO  | SCMAudit | user=jenkins1000 | ip=192.168.69.124 | op=SEND_HEARTBEAT {datanodeUUID=a901cee4-1ca4-4af7-8de9-61e3c1ec06a1, command=[]} | ret=SUCCESS |  
2019-08-30 00:20:53,502 | INFO  | SCMAudit | user=jenkins1000 | ip=192.168.69.124 | op=SEND_HEARTBEAT {datanodeUUID=722b0ac7-031f-47c9-b3f5-fbc30035f474, command=[]} | ret=SUCCESS |  
2019-08-30 00:20:53,573 | INFO  | SCMAudit | user=jenkins1000 | ip=192.168.69.124 | op=SEND_HEARTBEAT {datanodeUUID=55fe8a5d-468d-4e42-8a20-9d338510910b, command=[]} | ret=SUCCESS |  
2019-08-30 00:20:53,860 | INFO  | SCMAudit | user=jenkins1000 | ip=192.168.69.124 | op=SEND_HEARTBEAT {datanodeUUID=0a0299ed-fdd5-4dd1-b1d9-393c3f7f30c8, command=[]} | ret=SUCCESS |  
2019-08-30 00:20:53,860 | INFO  | SCMAudit | user=jenkins1000 | ip=192.168.69.124 | op=SEND_HEARTBEAT {datanodeUUID=5d2fad20-58d4-4d60-9035-fb8a022f1e71, command=[]} | ret=SUCCESS |  
2019-08-30 00:20:53,878 | INFO  | SCMAudit | user=jenkins1000 | ip=192.168.69.124 | op=SEND_HEARTBEAT {datanodeUUID=5d2fad20-58d4-4d60-9035-fb8a022f1e71, command=[]} | ret=SUCCESS |  
2019-08-30 00:20:53,878 | INFO  | SCMAudit | user=jenkins1000 | ip=192.168.69.124 | op=SEND_HEARTBEAT {datanodeUUID=0a0299ed-fdd5-4dd1-b1d9-393c3f7f30c8, command=[]} | ret=SUCCESS |  
2019-08-30 00:20:54,204 [grpc-default-executor-11] INFO  client.GrpcClientProtocolClient (GrpcClientProtocolClient.java:onNext(255)) - client-971DEEE54F6E->5d2fad20-58d4-4d60-9035-fb8a022f1e71: receive RaftClientReply:client-971DEEE54F6E->5d2fad20-58d4-4d60-9035-fb8a022f1e71@group-969C60110FB4, cid=192, FAILED org.apache.ratis.protocol.NotLeaderException: Server 5d2fad20-58d4-4d60-9035-fb8a022f1e71 is not the leader (1701a4f3-0515-4fb0-ace0-0a2e26b8a377:192.168.69.124:33087). Request must be sent to leader., logIndex=0, commits[5d2fad20-58d4-4d60-9035-fb8a022f1e71:c15, 0a0299ed-fdd5-4dd1-b1d9-393c3f7f30c8:c15, 1701a4f3-0515-4fb0-ace0-0a2e26b8a377:c15]
2019-08-30 00:20:54,295 | INFO  | SCMAudit | user=jenkins1000 | ip=192.168.69.124 | op=SEND_HEARTBEAT {datanodeUUID=098b7a6f-8c1f-4063-9e74-22bffe699939, command=[]} | ret=SUCCESS |  
2019-08-30 00:20:54,415 | INFO  | SCMAudit | user=jenkins1000 | ip=192.168.69.124 | op=SEND_HEARTBEAT {datanodeUUID=a901cee4-1ca4-4af7-8de9-61e3c1ec06a1, command=[]} | ret=SUCCESS |  
2019-08-30 00:20:54,502 | INFO  | SCMAudit | user=jenkins1000 | ip=192.168.69.124 | op=SEND_HEARTBEAT {datanodeUUID=722b0ac7-031f-47c9-b3f5-fbc30035f474, command=[]} | ret=SUCCESS |  
2019-08-30 00:20:54,573 | INFO  | SCMAudit | user=jenkins1000 | ip=192.168.69.124 | op=SEND_HEARTBEAT {datanodeUUID=55fe8a5d-468d-4e42-8a20-9d338510910b, command=[]} | ret=SUCCESS |  
2019-08-30 00:20:54,878 | INFO  | SCMAudit | user=jenkins1000 | ip=192.168.69.124 | op=SEND_HEARTBEAT {datanodeUUID=5d2fad20-58d4-4d60-9035-fb8a022f1e71, command=[]} | ret=SUCCESS |  
2019-08-30 00:20:54,878 | INFO  | SCMAudit | user=jenkins1000 | ip=192.168.69.124 | op=SEND_HEARTBEAT {datanodeUUID=0a0299ed-fdd5-4dd1-b1d9-393c3f7f30c8, command=[]} | ret=SUCCESS |  
2019-08-30 00:20:55,218 [grpc-default-executor-9] INFO  client.GrpcClientProtocolClient (GrpcClientProtocolClient.java:onNext(255)) - client-971DEEE54F6E->5d2fad20-58d4-4d60-9035-fb8a022f1e71: receive RaftClientReply:client-971DEEE54F6E->5d2fad20-58d4-4d60-9035-fb8a022f1e71@group-969C60110FB4, cid=192, FAILED org.apache.ratis.protocol.NotLeaderException: Server 5d2fad20-58d4-4d60-9035-fb8a022f1e71 is not the leader (1701a4f3-0515-4fb0-ace0-0a2e26b8a377:192.168.69.124:33087). Request must be sent to leader., logIndex=0, commits[5d2fad20-58d4-4d60-9035-fb8a022f1e71:c15, 0a0299ed-fdd5-4dd1-b1d9-393c3f7f30c8:c15, 1701a4f3-0515-4fb0-ace0-0a2e26b8a377:c15]
2019-08-30 00:20:55,297 | INFO  | SCMAudit | user=jenkins1000 | ip=192.168.69.124 | op=SEND_HEARTBEAT {datanodeUUID=098b7a6f-8c1f-4063-9e74-22bffe699939, command=[]} | ret=SUCCESS |  
2019-08-30 00:20:55,416 | INFO  | SCMAudit | user=jenkins1000 | ip=192.168.69.124 | op=SEND_HEARTBEAT {datanodeUUID=a901cee4-1ca4-4af7-8de9-61e3c1ec06a1, command=[]} | ret=SUCCESS |  
2019-08-30 00:20:55,502 | INFO  | SCMAudit | user=jenkins1000 | ip=192.168.69.124 | op=SEND_HEARTBEAT {datanodeUUID=722b0ac7-031f-47c9-b3f5-fbc30035f474, command=[]} | ret=SUCCESS |  
2019-08-30 00:20:55,573 | INFO  | SCMAudit | user=jenkins1000 | ip=192.168.69.124 | op=SEND_HEARTBEAT {datanodeUUID=55fe8a5d-468d-4e42-8a20-9d338510910b, command=[]} | ret=SUCCESS |  
2019-08-30 00:20:55,878 | INFO  | SCMAudit | user=jenkins1000 | ip=192.168.69.124 | op=SEND_HEARTBEAT {datanodeUUID=0a0299ed-fdd5-4dd1-b1d9-393c3f7f30c8, command=[]} | ret=SUCCESS |  
2019-08-30 00:20:55,878 | INFO  | SCMAudit | user=jenkins1000 | ip=192.168.69.124 | op=SEND_HEARTBEAT {datanodeUUID=5d2fad20-58d4-4d60-9035-fb8a022f1e71, command=[]} | ret=SUCCESS |  
2019-08-30 00:20:56,235 [grpc-default-executor-3] INFO  client.GrpcClientProtocolClient (GrpcClientProtocolClient.java:onNext(255)) - client-971DEEE54F6E->0a0299ed-fdd5-4dd1-b1d9-393c3f7f30c8: receive RaftClientReply:client-971DEEE54F6E->0a0299ed-fdd5-4dd1-b1d9-393c3f7f30c8@group-969C60110FB4, cid=192, FAILED org.apache.ratis.protocol.NotLeaderException: Server 0a0299ed-fdd5-4dd1-b1d9-393c3f7f30c8 is not the leader (1701a4f3-0515-4fb0-ace0-0a2e26b8a377:192.168.69.124:33087). Request must be sent to leader., logIndex=0, commits[0a0299ed-fdd5-4dd1-b1d9-393c3f7f30c8:c15, 5d2fad20-58d4-4d60-9035-fb8a022f1e71:c15, 1701a4f3-0515-4fb0-ace0-0a2e26b8a377:c15]
2019-08-30 00:20:56,295 | INFO  | SCMAudit | user=jenkins1000 | ip=192.168.69.124 | op=SEND_HEARTBEAT {datanodeUUID=098b7a6f-8c1f-4063-9e74-22bffe699939, command=[]} | ret=SUCCESS |  
2019-08-30 00:20:56,416 | INFO  | SCMAudit | user=jenkins1000 | ip=192.168.69.124 | op=SEND_HEARTBEAT {datanodeUUID=a901cee4-1ca4-4af7-8de9-61e3c1ec06a1, command=[]} | ret=SUCCESS |  
2019-08-30 00:20:56,502 | INFO  | SCMAudit | user=jenkins1000 | ip=192.168.69.124 | op=SEND_HEARTBEAT {datanodeUUID=722b0ac7-031f-47c9-b3f5-fbc30035f474, command=[]} | ret=SUCCESS |  
2019-08-30 00:20:56,574 | INFO  | SCMAudit | user=jenkins1000 | ip=192.168.69.124 | op=SEND_HEARTBEAT {datanodeUUID=55fe8a5d-468d-4e42-8a20-9d338510910b, command=[]} | ret=SUCCESS |  
2019-08-30 00:20:56,878 | INFO  | SCMAudit | user=jenkins1000 | ip=192.168.69.124 | op=SEND_HEARTBEAT {datanodeUUID=0a0299ed-fdd5-4dd1-b1d9-393c3f7f30c8, command=[]} | ret=SUCCESS |  
2019-08-30 00:20:56,879 | INFO  | SCMAudit | user=jenkins1000 | ip=192.168.69.124 | op=SEND_HEARTBEAT {datanodeUUID=5d2fad20-58d4-4d60-9035-fb8a022f1e71, command=[]} | ret=SUCCESS |  
2019-08-30 00:20:57,251 [grpc-default-executor-11] INFO  client.GrpcClientProtocolClient (GrpcClientProtocolClient.java:onNext(255)) - client-971DEEE54F6E->5d2fad20-58d4-4d60-9035-fb8a022f1e71: receive RaftClientReply:client-971DEEE54F6E->5d2fad20-58d4-4d60-9035-fb8a022f1e71@group-969C60110FB4, cid=192, FAILED org.apache.ratis.protocol.NotLeaderException: Server 5d2fad20-58d4-4d60-9035-fb8a022f1e71 is not the leader (1701a4f3-0515-4fb0-ace0-0a2e26b8a377:192.168.69.124:33087). Request must be sent to leader., logIndex=0, commits[5d2fad20-58d4-4d60-9035-fb8a022f1e71:c15, 0a0299ed-fdd5-4dd1-b1d9-393c3f7f30c8:c15, 1701a4f3-0515-4fb0-ace0-0a2e26b8a377:c15]
2019-08-30 00:20:57,295 | INFO  | SCMAudit | user=jenkins1000 | ip=192.168.69.124 | op=SEND_HEARTBEAT {datanodeUUID=098b7a6f-8c1f-4063-9e74-22bffe699939, command=[]} | ret=SUCCESS |  
2019-08-30 00:20:57,416 | INFO  | SCMAudit | user=jenkins1000 | ip=192.168.69.124 | op=SEND_HEARTBEAT {datanodeUUID=a901cee4-1ca4-4af7-8de9-61e3c1ec06a1, command=[]} | ret=SUCCESS |  
2019-08-30 00:20:57,502 | INFO  | SCMAudit | user=jenkins1000 | ip=192.168.69.124 | op=SEND_HEARTBEAT {datanodeUUID=722b0ac7-031f-47c9-b3f5-fbc30035f474, command=[]} | ret=SUCCESS |  
2019-08-30 00:20:57,574 | INFO  | SCMAudit | user=jenkins1000 | ip=192.168.69.124 | op=SEND_HEARTBEAT {datanodeUUID=55fe8a5d-468d-4e42-8a20-9d338510910b, command=[]} | ret=SUCCESS |  
2019-08-30 00:20:57,880 | INFO  | SCMAudit | user=jenkins1000 | ip=192.168.69.124 | op=SEND_HEARTBEAT {datanodeUUID=5d2fad20-58d4-4d60-9035-fb8a022f1e71, command=[]} | ret=SUCCESS |  
2019-08-30 00:20:57,880 | INFO  | SCMAudit | user=jenkins1000 | ip=192.168.69.124 | op=SEND_HEARTBEAT {datanodeUUID=0a0299ed-fdd5-4dd1-b1d9-393c3f7f30c8, command=[]} | ret=SUCCESS |  
2019-08-30 00:20:58,266 [grpc-default-executor-9] INFO  client.GrpcClientProtocolClient (GrpcClientProtocolClient.java:onNext(255)) - client-971DEEE54F6E->0a0299ed-fdd5-4dd1-b1d9-393c3f7f30c8: receive RaftClientReply:client-971DEEE54F6E->0a0299ed-fdd5-4dd1-b1d9-393c3f7f30c8@group-969C60110FB4, cid=192, FAILED org.apache.ratis.protocol.NotLeaderException: Server 0a0299ed-fdd5-4dd1-b1d9-393c3f7f30c8 is not the leader (1701a4f3-0515-4fb0-ace0-0a2e26b8a377:192.168.69.124:33087). Request must be sent to leader., logIndex=0, commits[0a0299ed-fdd5-4dd1-b1d9-393c3f7f30c8:c15, 5d2fad20-58d4-4d60-9035-fb8a022f1e71:c15, 1701a4f3-0515-4fb0-ace0-0a2e26b8a377:c15]
2019-08-30 00:20:58,295 | INFO  | SCMAudit | user=jenkins1000 | ip=192.168.69.124 | op=SEND_HEARTBEAT {datanodeUUID=098b7a6f-8c1f-4063-9e74-22bffe699939, command=[]} | ret=SUCCESS |  
2019-08-30 00:20:58,417 | INFO  | SCMAudit | user=jenkins1000 | ip=192.168.69.124 | op=SEND_HEARTBEAT {datanodeUUID=a901cee4-1ca4-4af7-8de9-61e3c1ec06a1, command=[]} | ret=SUCCESS |  
2019-08-30 00:20:58,503 | INFO  | SCMAudit | user=jenkins1000 | ip=192.168.69.124 | op=SEND_HEARTBEAT {datanodeUUID=722b0ac7-031f-47c9-b3f5-fbc30035f474, command=[]} | ret=SUCCESS |  
2019-08-30 00:20:58,574 | INFO  | SCMAudit | user=jenkins1000 | ip=192.168.69.124 | op=SEND_HEARTBEAT {datanodeUUID=55fe8a5d-468d-4e42-8a20-9d338510910b, command=[]} | ret=SUCCESS |  
2019-08-30 00:20:58,880 | INFO  | SCMAudit | user=jenkins1000 | ip=192.168.69.124 | op=SEND_HEARTBEAT {datanodeUUID=5d2fad20-58d4-4d60-9035-fb8a022f1e71, command=[]} | ret=SUCCESS |  
2019-08-30 00:20:58,881 | INFO  | SCMAudit | user=jenkins1000 | ip=192.168.69.124 | op=SEND_HEARTBEAT {datanodeUUID=0a0299ed-fdd5-4dd1-b1d9-393c3f7f30c8, command=[]} | ret=SUCCESS |  
2019-08-30 00:20:59,280 [grpc-default-executor-9] INFO  client.GrpcClientProtocolClient (GrpcClientProtocolClient.java:onNext(255)) - client-971DEEE54F6E->0a0299ed-fdd5-4dd1-b1d9-393c3f7f30c8: receive RaftClientReply:client-971DEEE54F6E->0a0299ed-fdd5-4dd1-b1d9-393c3f7f30c8@group-969C60110FB4, cid=192, FAILED org.apache.ratis.protocol.NotLeaderException: Server 0a0299ed-fdd5-4dd1-b1d9-393c3f7f30c8 is not the leader (1701a4f3-0515-4fb0-ace0-0a2e26b8a377:192.168.69.124:33087). Request must be sent to leader., logIndex=0, commits[0a0299ed-fdd5-4dd1-b1d9-393c3f7f30c8:c15, 5d2fad20-58d4-4d60-9035-fb8a022f1e71:c15, 1701a4f3-0515-4fb0-ace0-0a2e26b8a377:c15]
2019-08-30 00:20:59,295 | INFO  | SCMAudit | user=jenkins1000 | ip=192.168.69.124 | op=SEND_HEARTBEAT {datanodeUUID=098b7a6f-8c1f-4063-9e74-22bffe699939, command=[]} | ret=SUCCESS |  
2019-08-30 00:20:59,417 | INFO  | SCMAudit | user=jenkins1000 | ip=192.168.69.124 | op=SEND_HEARTBEAT {datanodeUUID=a901cee4-1ca4-4af7-8de9-61e3c1ec06a1, command=[]} | ret=SUCCESS |  
2019-08-30 00:20:59,504 | INFO  | SCMAudit | user=jenkins1000 | ip=192.168.69.124 | op=SEND_HEARTBEAT {datanodeUUID=722b0ac7-031f-47c9-b3f5-fbc30035f474, command=[]} | ret=SUCCESS |  
2019-08-30 00:20:59,574 | INFO  | SCMAudit | user=jenkins1000 | ip=192.168.69.124 | op=SEND_HEARTBEAT {datanodeUUID=55fe8a5d-468d-4e42-8a20-9d338510910b, command=[]} | ret=SUCCESS |  
2019-08-30 00:20:59,880 | INFO  | SCMAudit | user=jenkins1000 | ip=192.168.69.124 | op=SEND_HEARTBEAT {datanodeUUID=0a0299ed-fdd5-4dd1-b1d9-393c3f7f30c8, command=[]} | ret=SUCCESS |  
2019-08-30 00:20:59,880 | INFO  | SCMAudit | user=jenkins1000 | ip=192.168.69.124 | op=SEND_HEARTBEAT {datanodeUUID=5d2fad20-58d4-4d60-9035-fb8a022f1e71, command=[]} | ret=SUCCESS |  
2019-08-30 00:21:00,139 [Thread-3642] INFO  impl.FollowerState (FollowerState.java:run(106)) - 5d2fad20-58d4-4d60-9035-fb8a022f1e71:group-969C60110FB4 changes to CANDIDATE, lastRpcTime:9059, electionTimeout:5000ms
2019-08-30 00:21:00,140 [Thread-3642] INFO  impl.RoleInfo (RoleInfo.java:shutdownFollowerState(121)) - 5d2fad20-58d4-4d60-9035-fb8a022f1e71: shutdown FollowerState
2019-08-30 00:21:00,140 [Thread-3642] INFO  impl.RaftServerImpl (RaftServerImpl.java:setRole(171)) - 5d2fad20-58d4-4d60-9035-fb8a022f1e71:group-969C60110FB4 changes role from FOLLOWER to CANDIDATE at term 1 for changeToCandidate
2019-08-30 00:21:00,140 [Thread-3642] INFO  impl.RoleInfo (RoleInfo.java:updateAndGet(143)) - 5d2fad20-58d4-4d60-9035-fb8a022f1e71: start LeaderElection
2019-08-30 00:21:00,144 [5d2fad20-58d4-4d60-9035-fb8a022f1e71:group-969C60110FB4:LeaderElection87] INFO  impl.RaftServerImpl (ServerState.java:setLeader(263)) - 5d2fad20-58d4-4d60-9035-fb8a022f1e71:group-969C60110FB4 change Leader from 1701a4f3-0515-4fb0-ace0-0a2e26b8a377 to null at term 1 for initElection
2019-08-30 00:21:00,158 [5d2fad20-58d4-4d60-9035-fb8a022f1e71:group-969C60110FB4:LeaderElection87] INFO  impl.LeaderElection (LeaderElection.java:askForVotes(181)) - 5d2fad20-58d4-4d60-9035-fb8a022f1e71:group-969C60110FB4:LeaderElection87: begin an election at term 2 for 0: [0a0299ed-fdd5-4dd1-b1d9-393c3f7f30c8:192.168.69.124:35657, 5d2fad20-58d4-4d60-9035-fb8a022f1e71:192.168.69.124:37894, 1701a4f3-0515-4fb0-ace0-0a2e26b8a377:192.168.69.124:33087], old=null
2019-08-30 00:21:00,160 [5d2fad20-58d4-4d60-9035-fb8a022f1e71:group-969C60110FB4:LeaderElection87] INFO  impl.LeaderElection (LogUtils.java:infoOrTrace(149)) - 5d2fad20-58d4-4d60-9035-fb8a022f1e71:group-969C60110FB4:LeaderElection87 got exception when requesting votes: {}
java.util.concurrent.ExecutionException: org.apache.ratis.thirdparty.io.grpc.StatusRuntimeException: UNAVAILABLE: io exception
	at java.util.concurrent.FutureTask.report(FutureTask.java:122)
	at java.util.concurrent.FutureTask.get(FutureTask.java:192)
	at org.apache.ratis.server.impl.LeaderElection.waitForResults(LeaderElection.java:262)
	at org.apache.ratis.server.impl.LeaderElection.askForVotes(LeaderElection.java:200)
	at org.apache.ratis.server.impl.LeaderElection.run(LeaderElection.java:130)
	at java.lang.Thread.run(Thread.java:748)
Caused by: org.apache.ratis.thirdparty.io.grpc.StatusRuntimeException: UNAVAILABLE: io exception
	at org.apache.ratis.thirdparty.io.grpc.stub.ClientCalls.toStatusRuntimeException(ClientCalls.java:233)
	at org.apache.ratis.thirdparty.io.grpc.stub.ClientCalls.getUnchecked(ClientCalls.java:214)
	at org.apache.ratis.thirdparty.io.grpc.stub.ClientCalls.blockingUnaryCall(ClientCalls.java:139)
	at org.apache.ratis.proto.grpc.RaftServerProtocolServiceGrpc$RaftServerProtocolServiceBlockingStub.requestVote(RaftServerProtocolServiceGrpc.java:265)
	at org.apache.ratis.grpc.server.GrpcServerProtocolClient.requestVote(GrpcServerProtocolClient.java:83)
	at org.apache.ratis.grpc.server.GrpcService.requestVote(GrpcService.java:195)
	at org.apache.ratis.server.impl.LeaderElection.lambda$submitRequests$1(LeaderElection.java:237)
	at java.util.concurrent.FutureTask.run(FutureTask.java:266)
	at java.util.concurrent.Executors$RunnableAdapter.call(Executors.java:511)
	at java.util.concurrent.FutureTask.run(FutureTask.java:266)
	at java.util.concurrent.ThreadPoolExecutor.runWorker(ThreadPoolExecutor.java:1149)
	at java.util.concurrent.ThreadPoolExecutor$Worker.run(ThreadPoolExecutor.java:624)
	... 1 more
Caused by: org.apache.ratis.thirdparty.io.netty.channel.AbstractChannel$AnnotatedConnectException: Connection refused: /192.168.69.124:33087
	at sun.nio.ch.SocketChannelImpl.checkConnect(Native Method)
	at sun.nio.ch.SocketChannelImpl.finishConnect(SocketChannelImpl.java:717)
	at org.apache.ratis.thirdparty.io.netty.channel.socket.nio.NioSocketChannel.doFinishConnect(NioSocketChannel.java:327)
	at org.apache.ratis.thirdparty.io.netty.channel.nio.AbstractNioChannel$AbstractNioUnsafe.finishConnect(AbstractNioChannel.java:340)
	at org.apache.ratis.thirdparty.io.netty.channel.nio.NioEventLoop.processSelectedKey(NioEventLoop.java:632)
	at org.apache.ratis.thirdparty.io.netty.channel.nio.NioEventLoop.processSelectedKeysOptimized(NioEventLoop.java:579)
	at org.apache.ratis.thirdparty.io.netty.channel.nio.NioEventLoop.processSelectedKeys(NioEventLoop.java:496)
	at org.apache.ratis.thirdparty.io.netty.channel.nio.NioEventLoop.run(NioEventLoop.java:458)
	at org.apache.ratis.thirdparty.io.netty.util.concurrent.SingleThreadEventExecutor$5.run(SingleThreadEventExecutor.java:897)
	at org.apache.ratis.thirdparty.io.netty.util.concurrent.FastThreadLocalRunnable.run(FastThreadLocalRunnable.java:30)
	... 1 more
Caused by: java.net.ConnectException: Connection refused
	... 11 more
2019-08-30 00:21:00,160 [grpc-default-executor-11] INFO  impl.RaftServerImpl (ServerState.java:setLeader(263)) - 0a0299ed-fdd5-4dd1-b1d9-393c3f7f30c8:group-969C60110FB4 change Leader from 1701a4f3-0515-4fb0-ace0-0a2e26b8a377 to null at term 2 for updateCurrentTerm
2019-08-30 00:21:00,163 [grpc-default-executor-11] INFO  impl.RaftServerImpl (RaftServerImpl.java:setRole(171)) - 0a0299ed-fdd5-4dd1-b1d9-393c3f7f30c8:group-969C60110FB4 changes role from FOLLOWER to FOLLOWER at term 2 for recognizeCandidate:5d2fad20-58d4-4d60-9035-fb8a022f1e71
2019-08-30 00:21:00,163 [grpc-default-executor-11] INFO  impl.RoleInfo (RoleInfo.java:shutdownFollowerState(121)) - 0a0299ed-fdd5-4dd1-b1d9-393c3f7f30c8: shutdown FollowerState
2019-08-30 00:21:00,163 [grpc-default-executor-11] INFO  impl.RoleInfo (RoleInfo.java:updateAndGet(143)) - 0a0299ed-fdd5-4dd1-b1d9-393c3f7f30c8: start FollowerState
2019-08-30 00:21:00,163 [Thread-3638] INFO  impl.FollowerState (FollowerState.java:run(114)) - 0a0299ed-fdd5-4dd1-b1d9-393c3f7f30c8: FollowerState was interrupted: java.lang.InterruptedException: sleep interrupted
2019-08-30 00:21:00,190 [5d2fad20-58d4-4d60-9035-fb8a022f1e71:group-969C60110FB4:LeaderElection87] INFO  impl.LeaderElection (LeaderElection.java:logAndReturn(56)) - 5d2fad20-58d4-4d60-9035-fb8a022f1e71:group-969C60110FB4:LeaderElection87: Election PASSED; received 1 response(s) [5d2fad20-58d4-4d60-9035-fb8a022f1e71<-0a0299ed-fdd5-4dd1-b1d9-393c3f7f30c8#0:OK-t2] and 1 exception(s); 5d2fad20-58d4-4d60-9035-fb8a022f1e71:t2, leader=null, voted=5d2fad20-58d4-4d60-9035-fb8a022f1e71, raftlog=5d2fad20-58d4-4d60-9035-fb8a022f1e71-SegmentedRaftLog:OPENED:c15,f15,i15, conf=0: [0a0299ed-fdd5-4dd1-b1d9-393c3f7f30c8:192.168.69.124:35657, 5d2fad20-58d4-4d60-9035-fb8a022f1e71:192.168.69.124:37894, 1701a4f3-0515-4fb0-ace0-0a2e26b8a377:192.168.69.124:33087], old=null
2019-08-30 00:21:00,190 [5d2fad20-58d4-4d60-9035-fb8a022f1e71:group-969C60110FB4:LeaderElection87] INFO  impl.LeaderElection (LogUtils.java:infoOrTrace(149)) -   Exception 0: {}
java.util.concurrent.ExecutionException: org.apache.ratis.thirdparty.io.grpc.StatusRuntimeException: UNAVAILABLE: io exception
	at java.util.concurrent.FutureTask.report(FutureTask.java:122)
	at java.util.concurrent.FutureTask.get(FutureTask.java:192)
	at org.apache.ratis.server.impl.LeaderElection.waitForResults(LeaderElection.java:262)
	at org.apache.ratis.server.impl.LeaderElection.askForVotes(LeaderElection.java:200)
	at org.apache.ratis.server.impl.LeaderElection.run(LeaderElection.java:130)
	at java.lang.Thread.run(Thread.java:748)
Caused by: org.apache.ratis.thirdparty.io.grpc.StatusRuntimeException: UNAVAILABLE: io exception
	at org.apache.ratis.thirdparty.io.grpc.stub.ClientCalls.toStatusRuntimeException(ClientCalls.java:233)
	at org.apache.ratis.thirdparty.io.grpc.stub.ClientCalls.getUnchecked(ClientCalls.java:214)
	at org.apache.ratis.thirdparty.io.grpc.stub.ClientCalls.blockingUnaryCall(ClientCalls.java:139)
	at org.apache.ratis.proto.grpc.RaftServerProtocolServiceGrpc$RaftServerProtocolServiceBlockingStub.requestVote(RaftServerProtocolServiceGrpc.java:265)
	at org.apache.ratis.grpc.server.GrpcServerProtocolClient.requestVote(GrpcServerProtocolClient.java:83)
	at org.apache.ratis.grpc.server.GrpcService.requestVote(GrpcService.java:195)
	at org.apache.ratis.server.impl.LeaderElection.lambda$submitRequests$1(LeaderElection.java:237)
	at java.util.concurrent.FutureTask.run(FutureTask.java:266)
	at java.util.concurrent.Executors$RunnableAdapter.call(Executors.java:511)
	at java.util.concurrent.FutureTask.run(FutureTask.java:266)
	at java.util.concurrent.ThreadPoolExecutor.runWorker(ThreadPoolExecutor.java:1149)
	at java.util.concurrent.ThreadPoolExecutor$Worker.run(ThreadPoolExecutor.java:624)
	... 1 more
Caused by: org.apache.ratis.thirdparty.io.netty.channel.AbstractChannel$AnnotatedConnectException: Connection refused: /192.168.69.124:33087
	at sun.nio.ch.SocketChannelImpl.checkConnect(Native Method)
	at sun.nio.ch.SocketChannelImpl.finishConnect(SocketChannelImpl.java:717)
	at org.apache.ratis.thirdparty.io.netty.channel.socket.nio.NioSocketChannel.doFinishConnect(NioSocketChannel.java:327)
	at org.apache.ratis.thirdparty.io.netty.channel.nio.AbstractNioChannel$AbstractNioUnsafe.finishConnect(AbstractNioChannel.java:340)
	at org.apache.ratis.thirdparty.io.netty.channel.nio.NioEventLoop.processSelectedKey(NioEventLoop.java:632)
	at org.apache.ratis.thirdparty.io.netty.channel.nio.NioEventLoop.processSelectedKeysOptimized(NioEventLoop.java:579)
	at org.apache.ratis.thirdparty.io.netty.channel.nio.NioEventLoop.processSelectedKeys(NioEventLoop.java:496)
	at org.apache.ratis.thirdparty.io.netty.channel.nio.NioEventLoop.run(NioEventLoop.java:458)
	at org.apache.ratis.thirdparty.io.netty.util.concurrent.SingleThreadEventExecutor$5.run(SingleThreadEventExecutor.java:897)
	at org.apache.ratis.thirdparty.io.netty.util.concurrent.FastThreadLocalRunnable.run(FastThreadLocalRunnable.java:30)
	... 1 more
Caused by: java.net.ConnectException: Connection refused
	... 11 more
2019-08-30 00:21:00,190 [5d2fad20-58d4-4d60-9035-fb8a022f1e71:group-969C60110FB4:LeaderElection87] INFO  impl.RoleInfo (RoleInfo.java:shutdownLeaderElection(134)) - 5d2fad20-58d4-4d60-9035-fb8a022f1e71: shutdown LeaderElection
2019-08-30 00:21:00,191 [5d2fad20-58d4-4d60-9035-fb8a022f1e71:group-969C60110FB4:LeaderElection87] INFO  impl.RaftServerImpl (RaftServerImpl.java:setRole(171)) - 5d2fad20-58d4-4d60-9035-fb8a022f1e71:group-969C60110FB4 changes role from CANDIDATE to LEADER at term 2 for changeToLeader
2019-08-30 00:21:00,191 [5d2fad20-58d4-4d60-9035-fb8a022f1e71:group-969C60110FB4:LeaderElection87] INFO  impl.RaftServerImpl (ServerState.java:setLeader(263)) - 5d2fad20-58d4-4d60-9035-fb8a022f1e71:group-969C60110FB4 change Leader from null to 5d2fad20-58d4-4d60-9035-fb8a022f1e71 at term 2 for becomeLeader, leader elected after 47ms
2019-08-30 00:21:00,191 [5d2fad20-58d4-4d60-9035-fb8a022f1e71:group-969C60110FB4:LeaderElection87] INFO  server.RaftServerConfigKeys (ConfUtils.java:logGet(43)) - raft.server.staging.catchup.gap = 1000 (default)
2019-08-30 00:21:00,191 [5d2fad20-58d4-4d60-9035-fb8a022f1e71:group-969C60110FB4:LeaderElection87] INFO  server.RaftServerConfigKeys (ConfUtils.java:logGet(43)) - raft.server.rpc.sleep.time = 25ms (default)
2019-08-30 00:21:00,191 [5d2fad20-58d4-4d60-9035-fb8a022f1e71:group-969C60110FB4:LeaderElection87] INFO  server.RaftServerConfigKeys (ConfUtils.java:logGet(43)) - raft.server.write.element-limit = 4096 (default)
2019-08-30 00:21:00,191 [5d2fad20-58d4-4d60-9035-fb8a022f1e71:group-969C60110FB4:LeaderElection87] INFO  server.RaftServerConfigKeys (ConfUtils.java:logGet(43)) - raft.server.watch.timeout = 10s (default)
2019-08-30 00:21:00,192 [5d2fad20-58d4-4d60-9035-fb8a022f1e71:group-969C60110FB4:LeaderElection87] INFO  server.RaftServerConfigKeys (ConfUtils.java:logGet(43)) - raft.server.watch.timeout.denomination = 1s (default)
2019-08-30 00:21:00,192 [5d2fad20-58d4-4d60-9035-fb8a022f1e71:group-969C60110FB4:LeaderElection87] INFO  server.RaftServerConfigKeys (ConfUtils.java:logGet(43)) - raft.server.watch.element-limit = 65536 (default)
2019-08-30 00:21:00,192 [5d2fad20-58d4-4d60-9035-fb8a022f1e71:group-969C60110FB4:LeaderElection87] INFO  server.RaftServerConfigKeys (ConfUtils.java:logGet(43)) - raft.server.log.appender.snapshot.chunk.size.max = 16MB (=16777216) (default)
2019-08-30 00:21:00,192 [5d2fad20-58d4-4d60-9035-fb8a022f1e71:group-969C60110FB4:LeaderElection87] INFO  server.RaftServerConfigKeys (ConfUtils.java:logGet(43)) - raft.server.log.appender.buffer.byte-limit = 33554432 (custom)
2019-08-30 00:21:00,192 [5d2fad20-58d4-4d60-9035-fb8a022f1e71:group-969C60110FB4:LeaderElection87] INFO  server.RaftServerConfigKeys (ConfUtils.java:logGet(43)) - raft.server.log.appender.buffer.element-limit = 1 (custom)
2019-08-30 00:21:00,193 [5d2fad20-58d4-4d60-9035-fb8a022f1e71:group-969C60110FB4:LeaderElection87] INFO  grpc.GrpcConfigKeys$Server (ConfUtils.java:logGet(43)) - raft.grpc.server.leader.outstanding.appends.max = 128 (default)
2019-08-30 00:21:00,193 [5d2fad20-58d4-4d60-9035-fb8a022f1e71:group-969C60110FB4:LeaderElection87] INFO  server.RaftServerConfigKeys (ConfUtils.java:logGet(43)) - raft.server.rpc.request.timeout = 3000ms (default)
2019-08-30 00:21:00,193 [5d2fad20-58d4-4d60-9035-fb8a022f1e71:group-969C60110FB4:LeaderElection87] INFO  server.RaftServerConfigKeys (ConfUtils.java:logGet(43)) - raft.server.log.appender.install.snapshot.enabled = false (custom)
2019-08-30 00:21:00,193 [5d2fad20-58d4-4d60-9035-fb8a022f1e71:group-969C60110FB4:LeaderElection87] INFO  server.RaftServerConfigKeys (ConfUtils.java:logGet(43)) - raft.server.log.appender.snapshot.chunk.size.max = 16MB (=16777216) (default)
2019-08-30 00:21:00,193 [5d2fad20-58d4-4d60-9035-fb8a022f1e71:group-969C60110FB4:LeaderElection87] INFO  server.RaftServerConfigKeys (ConfUtils.java:logGet(43)) - raft.server.log.appender.buffer.byte-limit = 33554432 (custom)
2019-08-30 00:21:00,194 [5d2fad20-58d4-4d60-9035-fb8a022f1e71:group-969C60110FB4:LeaderElection87] INFO  server.RaftServerConfigKeys (ConfUtils.java:logGet(43)) - raft.server.log.appender.buffer.element-limit = 1 (custom)
2019-08-30 00:21:00,194 [5d2fad20-58d4-4d60-9035-fb8a022f1e71:group-969C60110FB4:LeaderElection87] INFO  grpc.GrpcConfigKeys$Server (ConfUtils.java:logGet(43)) - raft.grpc.server.leader.outstanding.appends.max = 128 (default)
2019-08-30 00:21:00,194 [5d2fad20-58d4-4d60-9035-fb8a022f1e71:group-969C60110FB4:LeaderElection87] INFO  server.RaftServerConfigKeys (ConfUtils.java:logGet(43)) - raft.server.rpc.request.timeout = 3000ms (default)
2019-08-30 00:21:00,194 [5d2fad20-58d4-4d60-9035-fb8a022f1e71:group-969C60110FB4:LeaderElection87] INFO  server.RaftServerConfigKeys (ConfUtils.java:logGet(43)) - raft.server.log.appender.install.snapshot.enabled = false (custom)
2019-08-30 00:21:00,194 [5d2fad20-58d4-4d60-9035-fb8a022f1e71:group-969C60110FB4:LeaderElection87] INFO  impl.RoleInfo (RoleInfo.java:updateAndGet(143)) - 5d2fad20-58d4-4d60-9035-fb8a022f1e71: start LeaderState
2019-08-30 00:21:00,195 [5d2fad20-58d4-4d60-9035-fb8a022f1e71:group-969C60110FB4:LeaderElection87] INFO  segmented.SegmentedRaftLogWorker (SegmentedRaftLogWorker.java:rollLogSegment(385)) - 5d2fad20-58d4-4d60-9035-fb8a022f1e71-SegmentedRaftLogWorker:Storage Directory /workdir/hadoop-ozone/integration-test/target/test-dir/MiniOzoneClusterImpl-843f3514-af11-4b58-9f84-2dae9c3286a9/datanode-1/data/ratis/19fbbfcf-28cc-436a-9456-969c60110fb4: Rolling segment log-0_15 to index:15
2019-08-30 00:21:00,198 [5d2fad20-58d4-4d60-9035-fb8a022f1e71:group-969C60110FB4:LeaderElection87] INFO  impl.RaftServerImpl (ServerState.java:setRaftConf(361)) - 5d2fad20-58d4-4d60-9035-fb8a022f1e71:group-969C60110FB4 set configuration 16: [0a0299ed-fdd5-4dd1-b1d9-393c3f7f30c8:192.168.69.124:35657, 5d2fad20-58d4-4d60-9035-fb8a022f1e71:192.168.69.124:37894, 1701a4f3-0515-4fb0-ace0-0a2e26b8a377:192.168.69.124:33087], old=null at 16
2019-08-30 00:21:00,198 [5d2fad20-58d4-4d60-9035-fb8a022f1e71-SegmentedRaftLogWorker:Storage Directory /workdir/hadoop-ozone/integration-test/target/test-dir/MiniOzoneClusterImpl-843f3514-af11-4b58-9f84-2dae9c3286a9/datanode-1/data/ratis/19fbbfcf-28cc-436a-9456-969c60110fb4] INFO  segmented.SegmentedRaftLogWorker (SegmentedRaftLogWorker.java:execute(526)) - 5d2fad20-58d4-4d60-9035-fb8a022f1e71-SegmentedRaftLogWorker:Storage Directory /workdir/hadoop-ozone/integration-test/target/test-dir/MiniOzoneClusterImpl-843f3514-af11-4b58-9f84-2dae9c3286a9/datanode-1/data/ratis/19fbbfcf-28cc-436a-9456-969c60110fb4: Rolled log segment from /workdir/hadoop-ozone/integration-test/target/test-dir/MiniOzoneClusterImpl-843f3514-af11-4b58-9f84-2dae9c3286a9/datanode-1/data/ratis/19fbbfcf-28cc-436a-9456-969c60110fb4/current/log_inprogress_0 to /workdir/hadoop-ozone/integration-test/target/test-dir/MiniOzoneClusterImpl-843f3514-af11-4b58-9f84-2dae9c3286a9/datanode-1/data/ratis/19fbbfcf-28cc-436a-9456-969c60110fb4/current/log_0-15
2019-08-30 00:21:00,198 [grpc-default-executor-11] WARN  server.GrpcLogAppender (LogUtils.java:warn(134)) - 5d2fad20-58d4-4d60-9035-fb8a022f1e71->1701a4f3-0515-4fb0-ace0-0a2e26b8a377: Failed appendEntries: org.apache.ratis.thirdparty.io.grpc.StatusRuntimeException: UNAVAILABLE: io exception
2019-08-30 00:21:00,199 [grpc-default-executor-11] INFO  impl.FollowerInfo (FollowerInfo.java:lambda$new$0(50)) - 5d2fad20-58d4-4d60-9035-fb8a022f1e71->1701a4f3-0515-4fb0-ace0-0a2e26b8a377: nextIndex: updateUnconditionally 16 -> 1
2019-08-30 00:21:00,199 [grpc-default-executor-11] INFO  impl.RaftServerImpl (ServerState.java:setLeader(263)) - 0a0299ed-fdd5-4dd1-b1d9-393c3f7f30c8:group-969C60110FB4 change Leader from null to 5d2fad20-58d4-4d60-9035-fb8a022f1e71 at term 2 for appendEntries, leader elected after 38ms
2019-08-30 00:21:00,201 [grpc-default-executor-11] INFO  impl.RaftServerImpl (ServerState.java:setRaftConf(361)) - 0a0299ed-fdd5-4dd1-b1d9-393c3f7f30c8:group-969C60110FB4 set configuration 16: [0a0299ed-fdd5-4dd1-b1d9-393c3f7f30c8:192.168.69.124:35657, 5d2fad20-58d4-4d60-9035-fb8a022f1e71:192.168.69.124:37894, 1701a4f3-0515-4fb0-ace0-0a2e26b8a377:192.168.69.124:33087], old=null at 16
2019-08-30 00:21:00,202 [grpc-default-executor-11] INFO  segmented.SegmentedRaftLogWorker (SegmentedRaftLogWorker.java:rollLogSegment(385)) - 0a0299ed-fdd5-4dd1-b1d9-393c3f7f30c8-SegmentedRaftLogWorker:Storage Directory /workdir/hadoop-ozone/integration-test/target/test-dir/MiniOzoneClusterImpl-843f3514-af11-4b58-9f84-2dae9c3286a9/datanode-0/data/ratis/19fbbfcf-28cc-436a-9456-969c60110fb4: Rolling segment log-0_15 to index:15
2019-08-30 00:21:00,202 [0a0299ed-fdd5-4dd1-b1d9-393c3f7f30c8-SegmentedRaftLogWorker:Storage Directory /workdir/hadoop-ozone/integration-test/target/test-dir/MiniOzoneClusterImpl-843f3514-af11-4b58-9f84-2dae9c3286a9/datanode-0/data/ratis/19fbbfcf-28cc-436a-9456-969c60110fb4] INFO  segmented.SegmentedRaftLogWorker (SegmentedRaftLogWorker.java:execute(526)) - 0a0299ed-fdd5-4dd1-b1d9-393c3f7f30c8-SegmentedRaftLogWorker:Storage Directory /workdir/hadoop-ozone/integration-test/target/test-dir/MiniOzoneClusterImpl-843f3514-af11-4b58-9f84-2dae9c3286a9/datanode-0/data/ratis/19fbbfcf-28cc-436a-9456-969c60110fb4: Rolled log segment from /workdir/hadoop-ozone/integration-test/target/test-dir/MiniOzoneClusterImpl-843f3514-af11-4b58-9f84-2dae9c3286a9/datanode-0/data/ratis/19fbbfcf-28cc-436a-9456-969c60110fb4/current/log_inprogress_0 to /workdir/hadoop-ozone/integration-test/target/test-dir/MiniOzoneClusterImpl-843f3514-af11-4b58-9f84-2dae9c3286a9/datanode-0/data/ratis/19fbbfcf-28cc-436a-9456-969c60110fb4/current/log_0-15
2019-08-30 00:21:00,258 [5d2fad20-58d4-4d60-9035-fb8a022f1e71-SegmentedRaftLogWorker:Storage Directory /workdir/hadoop-ozone/integration-test/target/test-dir/MiniOzoneClusterImpl-843f3514-af11-4b58-9f84-2dae9c3286a9/datanode-1/data/ratis/19fbbfcf-28cc-436a-9456-969c60110fb4] INFO  segmented.SegmentedRaftLogWorker (SegmentedRaftLogWorker.java:execute(569)) - 5d2fad20-58d4-4d60-9035-fb8a022f1e71-SegmentedRaftLogWorker:Storage Directory /workdir/hadoop-ozone/integration-test/target/test-dir/MiniOzoneClusterImpl-843f3514-af11-4b58-9f84-2dae9c3286a9/datanode-1/data/ratis/19fbbfcf-28cc-436a-9456-969c60110fb4: created new log segment /workdir/hadoop-ozone/integration-test/target/test-dir/MiniOzoneClusterImpl-843f3514-af11-4b58-9f84-2dae9c3286a9/datanode-1/data/ratis/19fbbfcf-28cc-436a-9456-969c60110fb4/current/log_inprogress_16
2019-08-30 00:21:00,262 [0a0299ed-fdd5-4dd1-b1d9-393c3f7f30c8-SegmentedRaftLogWorker:Storage Directory /workdir/hadoop-ozone/integration-test/target/test-dir/MiniOzoneClusterImpl-843f3514-af11-4b58-9f84-2dae9c3286a9/datanode-0/data/ratis/19fbbfcf-28cc-436a-9456-969c60110fb4] INFO  segmented.SegmentedRaftLogWorker (SegmentedRaftLogWorker.java:execute(569)) - 0a0299ed-fdd5-4dd1-b1d9-393c3f7f30c8-SegmentedRaftLogWorker:Storage Directory /workdir/hadoop-ozone/integration-test/target/test-dir/MiniOzoneClusterImpl-843f3514-af11-4b58-9f84-2dae9c3286a9/datanode-0/data/ratis/19fbbfcf-28cc-436a-9456-969c60110fb4: created new log segment /workdir/hadoop-ozone/integration-test/target/test-dir/MiniOzoneClusterImpl-843f3514-af11-4b58-9f84-2dae9c3286a9/datanode-0/data/ratis/19fbbfcf-28cc-436a-9456-969c60110fb4/current/log_inprogress_16
2019-08-30 00:21:00,270 | INFO  | DNAudit | user=null | ip=null | op=READ_CHUNK {blockData=conID: 1 locID: 102703067340341262 bcsId: 0} | ret=SUCCESS |  
2019-08-30 00:21:00,274 [grpc-default-executor-11] WARN  server.GrpcLogAppender (LogUtils.java:warn(134)) - 5d2fad20-58d4-4d60-9035-fb8a022f1e71->1701a4f3-0515-4fb0-ace0-0a2e26b8a377: Failed appendEntries: org.apache.ratis.thirdparty.io.grpc.StatusRuntimeException: UNAVAILABLE: io exception
2019-08-30 00:21:00,275 [grpc-default-executor-11] INFO  impl.FollowerInfo (FollowerInfo.java:lambda$new$0(50)) - 5d2fad20-58d4-4d60-9035-fb8a022f1e71->1701a4f3-0515-4fb0-ace0-0a2e26b8a377: nextIndex: updateUnconditionally 2 -> 1
2019-08-30 00:21:00,288 | ERROR | DNAudit | user=null | ip=null | op=WRITE_CHUNK {blockData=conID: 1 locID: 102703067340341262 bcsId: 13} | ret=FAILURE | org.apache.hadoop.hdds.scm.container.common.helpers.ContainerNotOpenException: Container 1 in CLOSING state
	at org.apache.hadoop.ozone.container.common.impl.HddsDispatcher.validateContainerCommand(HddsDispatcher.java:408)
	at org.apache.hadoop.ozone.container.common.transport.server.ratis.ContainerStateMachine.startTransaction(ContainerStateMachine.java:310) 
2019-08-30 00:21:00,295 | INFO  | SCMAudit | user=jenkins1000 | ip=192.168.69.124 | op=SEND_HEARTBEAT {datanodeUUID=098b7a6f-8c1f-4063-9e74-22bffe699939, command=[]} | ret=SUCCESS |  
2019-08-30 00:21:00,298 [grpc-default-executor-11] INFO  client.GrpcClientProtocolClient (GrpcClientProtocolClient.java:onNext(255)) - client-971DEEE54F6E->5d2fad20-58d4-4d60-9035-fb8a022f1e71: receive RaftClientReply:client-971DEEE54F6E->5d2fad20-58d4-4d60-9035-fb8a022f1e71@group-969C60110FB4, cid=192, FAILED org.apache.ratis.protocol.StateMachineException: org.apache.hadoop.hdds.scm.container.common.helpers.ContainerNotOpenException from Server 5d2fad20-58d4-4d60-9035-fb8a022f1e71: Container 1 in CLOSING state, logIndex=0, commits[5d2fad20-58d4-4d60-9035-fb8a022f1e71:c17, 0a0299ed-fdd5-4dd1-b1d9-393c3f7f30c8:c16, 1701a4f3-0515-4fb0-ace0-0a2e26b8a377:c15]
2019-08-30 00:21:00,300 | ERROR | DNAudit | user=null | ip=null | op=WRITE_CHUNK {blockData=conID: 1 locID: 102703067340341262 bcsId: 13} | ret=FAILURE | org.apache.hadoop.hdds.scm.container.common.helpers.ContainerNotOpenException: Container 1 in CLOSING state
	at org.apache.hadoop.ozone.container.common.impl.HddsDispatcher.validateContainerCommand(HddsDispatcher.java:408)
	at org.apache.hadoop.ozone.container.common.transport.server.ratis.ContainerStateMachine.startTransaction(ContainerStateMachine.java:310) 
2019-08-30 00:21:00,302 | ERROR | DNAudit | user=null | ip=null | op=PUT_BLOCK {blockData=[blockId=conID: 1 locID: 102703067340341262 bcsId: 0,size=650]} | ret=FAILURE | org.apache.hadoop.hdds.scm.container.common.helpers.ContainerNotOpenException: Container 1 in CLOSING state
	at org.apache.hadoop.ozone.container.common.impl.HddsDispatcher.validateContainerCommand(HddsDispatcher.java:408)
	at org.apache.hadoop.ozone.container.common.transport.server.ratis.ContainerStateMachine.startTransaction(ContainerStateMachine.java:310) 
2019-08-30 00:21:00,313 [grpc-default-executor-11] INFO  client.GrpcClientProtocolClient (GrpcClientProtocolClient.java:onNext(255)) - client-971DEEE54F6E->5d2fad20-58d4-4d60-9035-fb8a022f1e71: receive RaftClientReply:client-971DEEE54F6E->5d2fad20-58d4-4d60-9035-fb8a022f1e71@group-969C60110FB4, cid=193, FAILED org.apache.ratis.protocol.StateMachineException: org.apache.hadoop.hdds.scm.container.common.helpers.ContainerNotOpenException from Server 5d2fad20-58d4-4d60-9035-fb8a022f1e71: Container 1 in CLOSING state, logIndex=0, commits[5d2fad20-58d4-4d60-9035-fb8a022f1e71:c17, 0a0299ed-fdd5-4dd1-b1d9-393c3f7f30c8:c16, 1701a4f3-0515-4fb0-ace0-0a2e26b8a377:c15]
2019-08-30 00:21:00,314 | ERROR | DNAudit | user=null | ip=null | op=WRITE_CHUNK {blockData=conID: 1 locID: 102703067340341262 bcsId: 13} | ret=FAILURE | org.apache.hadoop.hdds.scm.container.common.helpers.ContainerNotOpenException: Container 1 in CLOSING state
	at org.apache.hadoop.ozone.container.common.impl.HddsDispatcher.validateContainerCommand(HddsDispatcher.java:408)
	at org.apache.hadoop.ozone.container.common.transport.server.ratis.ContainerStateMachine.startTransaction(ContainerStateMachine.java:310) 
2019-08-30 00:21:00,315 [grpc-default-executor-11] INFO  client.GrpcClientProtocolClient (GrpcClientProtocolClient.java:onNext(255)) - client-971DEEE54F6E->5d2fad20-58d4-4d60-9035-fb8a022f1e71: receive RaftClientReply:client-971DEEE54F6E->5d2fad20-58d4-4d60-9035-fb8a022f1e71@group-969C60110FB4, cid=194, FAILED org.apache.ratis.protocol.StateMachineException: org.apache.hadoop.hdds.scm.container.common.helpers.ContainerNotOpenException from Server 5d2fad20-58d4-4d60-9035-fb8a022f1e71: Container 1 in CLOSING state, logIndex=0, commits[5d2fad20-58d4-4d60-9035-fb8a022f1e71:c17, 0a0299ed-fdd5-4dd1-b1d9-393c3f7f30c8:c16, 1701a4f3-0515-4fb0-ace0-0a2e26b8a377:c15]
2019-08-30 00:21:00,315 | ERROR | DNAudit | user=null | ip=null | op=WRITE_CHUNK {blockData=conID: 1 locID: 102703067340341262 bcsId: 13} | ret=FAILURE | org.apache.hadoop.hdds.scm.container.common.helpers.ContainerNotOpenException: Container 1 in CLOSING state
	at org.apache.hadoop.ozone.container.common.impl.HddsDispatcher.validateContainerCommand(HddsDispatcher.java:408)
	at org.apache.hadoop.ozone.container.common.transport.server.ratis.ContainerStateMachine.startTransaction(ContainerStateMachine.java:310) 
2019-08-30 00:21:00,320 | ERROR | DNAudit | user=null | ip=null | op=PUT_BLOCK {blockData=[blockId=conID: 1 locID: 102703067340341262 bcsId: 0,size=800]} | ret=FAILURE | org.apache.hadoop.hdds.scm.container.common.helpers.ContainerNotOpenException: Container 1 in CLOSING state
	at org.apache.hadoop.ozone.container.common.impl.HddsDispatcher.validateContainerCommand(HddsDispatcher.java:408)
	at org.apache.hadoop.ozone.container.common.transport.server.ratis.ContainerStateMachine.startTransaction(ContainerStateMachine.java:310) 
2019-08-30 00:21:00,321 [grpc-default-executor-11] INFO  client.GrpcClientProtocolClient (GrpcClientProtocolClient.java:onNext(255)) - client-971DEEE54F6E->5d2fad20-58d4-4d60-9035-fb8a022f1e71: receive RaftClientReply:client-971DEEE54F6E->5d2fad20-58d4-4d60-9035-fb8a022f1e71@group-969C60110FB4, cid=195, FAILED org.apache.ratis.protocol.StateMachineException: org.apache.hadoop.hdds.scm.container.common.helpers.ContainerNotOpenException from Server 5d2fad20-58d4-4d60-9035-fb8a022f1e71: Container 1 in CLOSING state, logIndex=0, commits[5d2fad20-58d4-4d60-9035-fb8a022f1e71:c17, 0a0299ed-fdd5-4dd1-b1d9-393c3f7f30c8:c16, 1701a4f3-0515-4fb0-ace0-0a2e26b8a377:c15]
2019-08-30 00:21:00,328 [grpc-default-executor-11] INFO  client.GrpcClientProtocolClient (GrpcClientProtocolClient.java:onNext(255)) - client-971DEEE54F6E->5d2fad20-58d4-4d60-9035-fb8a022f1e71: receive RaftClientReply:client-971DEEE54F6E->5d2fad20-58d4-4d60-9035-fb8a022f1e71@group-969C60110FB4, cid=196, FAILED org.apache.ratis.protocol.StateMachineException: org.apache.hadoop.hdds.scm.container.common.helpers.ContainerNotOpenException from Server 5d2fad20-58d4-4d60-9035-fb8a022f1e71: Container 1 in CLOSING state, logIndex=0, commits[5d2fad20-58d4-4d60-9035-fb8a022f1e71:c17, 0a0299ed-fdd5-4dd1-b1d9-393c3f7f30c8:c16, 1701a4f3-0515-4fb0-ace0-0a2e26b8a377:c15]
2019-08-30 00:21:00,330 [grpc-default-executor-11] INFO  client.GrpcClientProtocolClient (GrpcClientProtocolClient.java:onNext(255)) - client-971DEEE54F6E->5d2fad20-58d4-4d60-9035-fb8a022f1e71: receive RaftClientReply:client-971DEEE54F6E->5d2fad20-58d4-4d60-9035-fb8a022f1e71@group-969C60110FB4, cid=197, FAILED org.apache.ratis.protocol.StateMachineException: org.apache.hadoop.hdds.scm.container.common.helpers.ContainerNotOpenException from Server 5d2fad20-58d4-4d60-9035-fb8a022f1e71: Container 1 in CLOSING state, logIndex=0, commits[5d2fad20-58d4-4d60-9035-fb8a022f1e71:c17, 0a0299ed-fdd5-4dd1-b1d9-393c3f7f30c8:c16, 1701a4f3-0515-4fb0-ace0-0a2e26b8a377:c15]
2019-08-30 00:21:00,366 | INFO  | SCMAudit | user=jenkins1000 | ip=127.0.0.1 | op=ALLOCATE_BLOCK {owner=bc33046b-ffec-4fc1-8982-c3336d26338e, size=800, type=RATIS, factor=THREE} | ret=SUCCESS |  
2019-08-30 00:21:00,368 | INFO  | OMAudit | user=jenkins1000 | ip=127.0.0.1 | op=ALLOCATE_BLOCK {volume=testblockoutputstream, bucket=testblockoutputstream, key=d7ad3a9a-4b71-4662-bcca-b94e50bc6659, dataSize=0, replicationType=null, replicationFactor=null, keyLocationInfo=null, clientID=102703067340210189} | ret=SUCCESS |  
2019-08-30 00:21:00,417 | INFO  | SCMAudit | user=jenkins1000 | ip=192.168.69.124 | op=SEND_HEARTBEAT {datanodeUUID=a901cee4-1ca4-4af7-8de9-61e3c1ec06a1, command=[]} | ret=SUCCESS |  
2019-08-30 00:21:00,504 | INFO  | SCMAudit | user=jenkins1000 | ip=192.168.69.124 | op=SEND_HEARTBEAT {datanodeUUID=722b0ac7-031f-47c9-b3f5-fbc30035f474, command=[]} | ret=SUCCESS |  
2019-08-30 00:21:00,540 | INFO  | DNAudit | user=null | ip=null | op=WRITE_CHUNK {blockData=conID: 2 locID: 102703068634546191 bcsId: 0} | ret=SUCCESS |  
2019-08-30 00:21:00,540 | INFO  | DNAudit | user=null | ip=null | op=WRITE_CHUNK {blockData=conID: 2 locID: 102703068634546191 bcsId: 0} | ret=SUCCESS |  
2019-08-30 00:21:00,540 | INFO  | DNAudit | user=null | ip=null | op=WRITE_CHUNK {blockData=conID: 2 locID: 102703068634546191 bcsId: 0} | ret=SUCCESS |  
2019-08-30 00:21:00,540 | INFO  | SCMAudit | user=jenkins1000 | ip=192.168.69.124 | op=SEND_HEARTBEAT {datanodeUUID=098b7a6f-8c1f-4063-9e74-22bffe699939, command=[]} | ret=SUCCESS |  
2019-08-30 00:21:00,540 | INFO  | SCMAudit | user=jenkins1000 | ip=192.168.69.124 | op=SEND_HEARTBEAT {datanodeUUID=a901cee4-1ca4-4af7-8de9-61e3c1ec06a1, command=[]} | ret=SUCCESS |  
2019-08-30 00:21:00,541 | INFO  | SCMAudit | user=jenkins1000 | ip=192.168.69.124 | op=SEND_HEARTBEAT {datanodeUUID=55fe8a5d-468d-4e42-8a20-9d338510910b, command=[]} | ret=SUCCESS |  
2019-08-30 00:21:00,545 | INFO  | DNAudit | user=null | ip=null | op=WRITE_CHUNK {blockData=conID: 2 locID: 102703068634546191 bcsId: 0} | ret=SUCCESS |  
2019-08-30 00:21:00,550 | INFO  | DNAudit | user=null | ip=null | op=WRITE_CHUNK {blockData=conID: 2 locID: 102703068634546191 bcsId: 0} | ret=SUCCESS |  
2019-08-30 00:21:00,550 | INFO  | DNAudit | user=null | ip=null | op=WRITE_CHUNK {blockData=conID: 2 locID: 102703068634546191 bcsId: 0} | ret=SUCCESS |  
2019-08-30 00:21:00,550 [grpc-default-executor-11] INFO  client.GrpcClientProtocolClient (GrpcClientProtocolClient.java:onNext(255)) - client-C8A407BBF875->a901cee4-1ca4-4af7-8de9-61e3c1ec06a1: receive RaftClientReply:client-C8A407BBF875->a901cee4-1ca4-4af7-8de9-61e3c1ec06a1@group-EBC4739E0E9D, cid=198, SUCCESS, logIndex=1, commits[a901cee4-1ca4-4af7-8de9-61e3c1ec06a1:c1, 098b7a6f-8c1f-4063-9e74-22bffe699939:c0, 55fe8a5d-468d-4e42-8a20-9d338510910b:c0]
2019-08-30 00:21:00,558 | INFO  | DNAudit | user=null | ip=null | op=WRITE_CHUNK {blockData=conID: 2 locID: 102703068634546191 bcsId: 0} | ret=SUCCESS |  
2019-08-30 00:21:00,560 | INFO  | DNAudit | user=null | ip=null | op=WRITE_CHUNK {blockData=conID: 2 locID: 102703068634546191 bcsId: 0} | ret=SUCCESS |  
2019-08-30 00:21:00,560 | INFO  | DNAudit | user=null | ip=null | op=WRITE_CHUNK {blockData=conID: 2 locID: 102703068634546191 bcsId: 0} | ret=SUCCESS |  
2019-08-30 00:21:00,560 | INFO  | DNAudit | user=null | ip=null | op=WRITE_CHUNK {blockData=conID: 2 locID: 102703068634546191 bcsId: 0} | ret=SUCCESS |  
2019-08-30 00:21:00,560 | INFO  | DNAudit | user=null | ip=null | op=WRITE_CHUNK {blockData=conID: 2 locID: 102703068634546191 bcsId: 0} | ret=SUCCESS |  
2019-08-30 00:21:00,563 | INFO  | DNAudit | user=null | ip=null | op=WRITE_CHUNK {blockData=conID: 2 locID: 102703068634546191 bcsId: 0} | ret=SUCCESS |  
2019-08-30 00:21:00,563 | INFO  | DNAudit | user=null | ip=null | op=WRITE_CHUNK {blockData=conID: 2 locID: 102703068634546191 bcsId: 0} | ret=SUCCESS |  
2019-08-30 00:21:00,564 | INFO  | DNAudit | user=null | ip=null | op=WRITE_CHUNK {blockData=conID: 2 locID: 102703068634546191 bcsId: 0} | ret=SUCCESS |  
2019-08-30 00:21:00,567 | INFO  | DNAudit | user=null | ip=null | op=WRITE_CHUNK {blockData=conID: 2 locID: 102703068634546191 bcsId: 0} | ret=SUCCESS |  
2019-08-30 00:21:00,567 | INFO  | DNAudit | user=null | ip=null | op=WRITE_CHUNK {blockData=conID: 2 locID: 102703068634546191 bcsId: 0} | ret=SUCCESS |  
2019-08-30 00:21:00,574 [grpc-default-executor-11] INFO  client.GrpcClientProtocolClient (GrpcClientProtocolClient.java:onNext(255)) - client-C8A407BBF875->a901cee4-1ca4-4af7-8de9-61e3c1ec06a1: receive RaftClientReply:client-C8A407BBF875->a901cee4-1ca4-4af7-8de9-61e3c1ec06a1@group-EBC4739E0E9D, cid=199, SUCCESS, logIndex=3, commits[a901cee4-1ca4-4af7-8de9-61e3c1ec06a1:c4, 098b7a6f-8c1f-4063-9e74-22bffe699939:c1, 55fe8a5d-468d-4e42-8a20-9d338510910b:c2]
2019-08-30 00:21:00,590 | INFO  | DNAudit | user=null | ip=null | op=WRITE_CHUNK {blockData=conID: 2 locID: 102703068634546191 bcsId: 0} | ret=SUCCESS |  
2019-08-30 00:21:00,591 | INFO  | DNAudit | user=null | ip=null | op=WRITE_CHUNK {blockData=conID: 2 locID: 102703068634546191 bcsId: 0} | ret=SUCCESS |  
2019-08-30 00:21:00,644 | INFO  | DNAudit | user=null | ip=null | op=PUT_BLOCK {blockData=[blockId=conID: 2 locID: 102703068634546191 bcsId: 0,size=200]} | ret=SUCCESS |  
2019-08-30 00:21:00,644 | INFO  | DNAudit | user=null | ip=null | op=WRITE_CHUNK {blockData=conID: 2 locID: 102703068634546191 bcsId: 0} | ret=SUCCESS |  
2019-08-30 00:21:00,645 | INFO  | DNAudit | user=null | ip=null | op=WRITE_CHUNK {blockData=conID: 2 locID: 102703068634546191 bcsId: 0} | ret=SUCCESS |  
2019-08-30 00:21:00,645 [grpc-default-executor-11] INFO  client.GrpcClientProtocolClient (GrpcClientProtocolClient.java:onNext(255)) - client-C8A407BBF875->a901cee4-1ca4-4af7-8de9-61e3c1ec06a1: receive RaftClientReply:client-C8A407BBF875->a901cee4-1ca4-4af7-8de9-61e3c1ec06a1@group-EBC4739E0E9D, cid=200, SUCCESS, logIndex=4, commits[a901cee4-1ca4-4af7-8de9-61e3c1ec06a1:c12, 098b7a6f-8c1f-4063-9e74-22bffe699939:c7, 55fe8a5d-468d-4e42-8a20-9d338510910b:c7]
2019-08-30 00:21:00,647 [grpc-default-executor-11] INFO  client.GrpcClientProtocolClient (GrpcClientProtocolClient.java:onNext(255)) - client-C8A407BBF875->a901cee4-1ca4-4af7-8de9-61e3c1ec06a1: receive RaftClientReply:client-C8A407BBF875->a901cee4-1ca4-4af7-8de9-61e3c1ec06a1@group-EBC4739E0E9D, cid=201, SUCCESS, logIndex=5, commits[a901cee4-1ca4-4af7-8de9-61e3c1ec06a1:c12, 098b7a6f-8c1f-4063-9e74-22bffe699939:c7, 55fe8a5d-468d-4e42-8a20-9d338510910b:c7]
2019-08-30 00:21:00,648 [grpc-default-executor-11] INFO  client.GrpcClientProtocolClient (GrpcClientProtocolClient.java:onNext(255)) - client-C8A407BBF875->a901cee4-1ca4-4af7-8de9-61e3c1ec06a1: receive RaftClientReply:client-C8A407BBF875->a901cee4-1ca4-4af7-8de9-61e3c1ec06a1@group-EBC4739E0E9D, cid=202, SUCCESS, logIndex=6, commits[a901cee4-1ca4-4af7-8de9-61e3c1ec06a1:c12, 098b7a6f-8c1f-4063-9e74-22bffe699939:c7, 55fe8a5d-468d-4e42-8a20-9d338510910b:c7]
2019-08-30 00:21:00,713 | INFO  | DNAudit | user=null | ip=null | op=PUT_BLOCK {blockData=[blockId=conID: 2 locID: 102703068634546191 bcsId: 0,size=200]} | ret=SUCCESS |  
2019-08-30 00:21:00,713 | INFO  | DNAudit | user=null | ip=null | op=WRITE_CHUNK {blockData=conID: 2 locID: 102703068634546191 bcsId: 0} | ret=SUCCESS |  
2019-08-30 00:21:00,714 | INFO  | DNAudit | user=null | ip=null | op=WRITE_CHUNK {blockData=conID: 2 locID: 102703068634546191 bcsId: 0} | ret=SUCCESS |  
2019-08-30 00:21:00,792 | INFO  | DNAudit | user=null | ip=null | op=PUT_BLOCK {blockData=[blockId=conID: 2 locID: 102703068634546191 bcsId: 0,size=400]} | ret=SUCCESS |  
2019-08-30 00:21:00,792 | INFO  | DNAudit | user=null | ip=null | op=PUT_BLOCK {blockData=[blockId=conID: 2 locID: 102703068634546191 bcsId: 0,size=400]} | ret=SUCCESS |  
2019-08-30 00:21:00,792 | INFO  | DNAudit | user=null | ip=null | op=PUT_BLOCK {blockData=[blockId=conID: 2 locID: 102703068634546191 bcsId: 0,size=200]} | ret=SUCCESS |  
2019-08-30 00:21:00,793 | INFO  | DNAudit | user=null | ip=null | op=WRITE_CHUNK {blockData=conID: 2 locID: 102703068634546191 bcsId: 0} | ret=SUCCESS |  
2019-08-30 00:21:00,793 | INFO  | DNAudit | user=null | ip=null | op=WRITE_CHUNK {blockData=conID: 2 locID: 102703068634546191 bcsId: 0} | ret=SUCCESS |  
2019-08-30 00:21:00,794 [grpc-default-executor-11] INFO  client.GrpcClientProtocolClient (GrpcClientProtocolClient.java:onNext(255)) - client-C8A407BBF875->a901cee4-1ca4-4af7-8de9-61e3c1ec06a1: receive RaftClientReply:client-C8A407BBF875->a901cee4-1ca4-4af7-8de9-61e3c1ec06a1@group-EBC4739E0E9D, cid=203, SUCCESS, logIndex=7, commits[a901cee4-1ca4-4af7-8de9-61e3c1ec06a1:c12, 098b7a6f-8c1f-4063-9e74-22bffe699939:c7, 55fe8a5d-468d-4e42-8a20-9d338510910b:c7]
2019-08-30 00:21:00,794 | INFO  | DNAudit | user=null | ip=null | op=PUT_BLOCK {blockData=[blockId=conID: 2 locID: 102703068634546191 bcsId: 0,size=400]} | ret=SUCCESS |  
2019-08-30 00:21:00,797 | INFO  | DNAudit | user=null | ip=null | op=WRITE_CHUNK {blockData=conID: 2 locID: 102703068634546191 bcsId: 7} | ret=SUCCESS |  
2019-08-30 00:21:00,799 | INFO  | DNAudit | user=null | ip=null | op=WRITE_CHUNK {blockData=conID: 2 locID: 102703068634546191 bcsId: 7} | ret=SUCCESS |  
2019-08-30 00:21:00,799 | INFO  | DNAudit | user=null | ip=null | op=WRITE_CHUNK {blockData=conID: 2 locID: 102703068634546191 bcsId: 7} | ret=SUCCESS |  
2019-08-30 00:21:00,803 | INFO  | DNAudit | user=null | ip=null | op=WRITE_CHUNK {blockData=conID: 2 locID: 102703068634546191 bcsId: 7} | ret=SUCCESS |  
2019-08-30 00:21:00,804 | INFO  | DNAudit | user=null | ip=null | op=PUT_BLOCK {blockData=[blockId=conID: 2 locID: 102703068634546191 bcsId: 0,size=450]} | ret=SUCCESS |  
2019-08-30 00:21:00,805 [grpc-default-executor-3] INFO  client.GrpcClientProtocolClient (GrpcClientProtocolClient.java:onNext(255)) - client-C8A407BBF875->a901cee4-1ca4-4af7-8de9-61e3c1ec06a1: receive RaftClientReply:client-C8A407BBF875->a901cee4-1ca4-4af7-8de9-61e3c1ec06a1@group-EBC4739E0E9D, cid=204, SUCCESS, logIndex=13, commits[a901cee4-1ca4-4af7-8de9-61e3c1ec06a1:c14, 098b7a6f-8c1f-4063-9e74-22bffe699939:c12, 55fe8a5d-468d-4e42-8a20-9d338510910b:c12]
2019-08-30 00:21:00,806 [grpc-default-executor-3] INFO  client.GrpcClientProtocolClient (GrpcClientProtocolClient.java:onNext(255)) - client-C8A407BBF875->a901cee4-1ca4-4af7-8de9-61e3c1ec06a1: receive RaftClientReply:client-C8A407BBF875->a901cee4-1ca4-4af7-8de9-61e3c1ec06a1@group-EBC4739E0E9D, cid=205, SUCCESS, logIndex=14, commits[a901cee4-1ca4-4af7-8de9-61e3c1ec06a1:c14, 098b7a6f-8c1f-4063-9e74-22bffe699939:c12, 55fe8a5d-468d-4e42-8a20-9d338510910b:c12]
2019-08-30 00:21:00,808 | INFO  | DNAudit | user=null | ip=null | op=WRITE_CHUNK {blockData=conID: 2 locID: 102703068634546191 bcsId: 7} | ret=SUCCESS |  
2019-08-30 00:21:00,808 | INFO  | DNAudit | user=null | ip=null | op=WRITE_CHUNK {blockData=conID: 2 locID: 102703068634546191 bcsId: 7} | ret=SUCCESS |  
2019-08-30 00:21:00,813 | INFO  | DNAudit | user=null | ip=null | op=PUT_BLOCK {blockData=[blockId=conID: 2 locID: 102703068634546191 bcsId: 0,size=450]} | ret=SUCCESS |  
2019-08-30 00:21:00,816 | INFO  | DNAudit | user=null | ip=null | op=PUT_BLOCK {blockData=[blockId=conID: 2 locID: 102703068634546191 bcsId: 0,size=450]} | ret=SUCCESS |  
2019-08-30 00:21:00,817 [grpc-default-executor-3] INFO  client.GrpcClientProtocolClient (GrpcClientProtocolClient.java:onNext(255)) - client-C8A407BBF875->a901cee4-1ca4-4af7-8de9-61e3c1ec06a1: receive RaftClientReply:client-C8A407BBF875->a901cee4-1ca4-4af7-8de9-61e3c1ec06a1@group-EBC4739E0E9D, cid=206, SUCCESS, logIndex=0, commits[a901cee4-1ca4-4af7-8de9-61e3c1ec06a1:c15, 098b7a6f-8c1f-4063-9e74-22bffe699939:c14, 55fe8a5d-468d-4e42-8a20-9d338510910b:c14]
2019-08-30 00:21:00,818 [main] INFO  ozone.MiniOzoneClusterImpl (MiniOzoneClusterImpl.java:shutdown(307)) - Shutting down the Mini Ozone Cluster
2019-08-30 00:21:00,819 | INFO  | SCMAudit | user=null | ip=null | op=GET_SCM_INFO null | ret=SUCCESS |  
2019-08-30 00:21:00,819 [main] INFO  ozone.MiniOzoneClusterImpl (MiniOzoneClusterImpl.java:stop(322)) - Stopping the Mini Ozone Cluster
2019-08-30 00:21:00,819 [main] INFO  ozone.MiniOzoneClusterImpl (MiniOzoneClusterImpl.java:stop(324)) - Stopping the OzoneManager
2019-08-30 00:21:00,819 [main] INFO  ipc.Server (Server.java:stop(3082)) - Stopping server on 34191
2019-08-30 00:21:00,832 [IPC Server listener on 34191] INFO  ipc.Server (Server.java:run(1185)) - Stopping IPC Server listener on 34191
2019-08-30 00:21:00,834 [main] INFO  ratis.OzoneManagerDoubleBuffer (OzoneManagerDoubleBuffer.java:stop(248)) - Stopping OMDoubleBuffer flush thread
2019-08-30 00:21:00,837 [IPC Server Responder] INFO  ipc.Server (Server.java:run(1319)) - Stopping IPC Server Responder
2019-08-30 00:21:00,853 [OMDoubleBufferFlushThread] INFO  ratis.OzoneManagerDoubleBuffer (OzoneManagerDoubleBuffer.java:flushTransactions(191)) - OMDoubleBuffer flush thread OMDoubleBufferFlushThread is interrupted and will exit. OMDoubleBufferFlushThread
2019-08-30 00:21:00,861 [main] INFO  utils.BackgroundService (BackgroundService.java:shutdown(148)) - Shutting down service KeyDeletingService
2019-08-30 00:21:00,863 [main] INFO  handler.ContextHandler (ContextHandler.java:doStop(910)) - Stopped o.e.j.w.WebAppContext@756808cc{/,null,UNAVAILABLE}{/ozoneManager}
2019-08-30 00:21:00,864 [main] INFO  server.AbstractConnector (AbstractConnector.java:doStop(318)) - Stopped ServerConnector@52f8a6f4{HTTP/1.1,[http/1.1]}{0.0.0.0:0}
2019-08-30 00:21:00,864 [main] INFO  handler.ContextHandler (ContextHandler.java:doStop(910)) - Stopped o.e.j.s.ServletContextHandler@686cf8ad{/static,file:///workdir/hadoop-ozone/integration-test/target/test-classes/webapps/static,UNAVAILABLE}
2019-08-30 00:21:00,865 [main] INFO  handler.ContextHandler (ContextHandler.java:doStop(910)) - Stopped o.e.j.s.ServletContextHandler@2726a511{/logs,file:///workdir/hadoop-ozone/integration-test/target/log,UNAVAILABLE}
2019-08-30 00:21:00,867 [main] INFO  ozone.MiniOzoneClusterImpl (MiniOzoneClusterImpl.java:stop(330)) - Shutting the HddsDatanodes
2019-08-30 00:21:00,880 [Datanode State Machine Thread - 0] INFO  statemachine.DatanodeStateMachine (DatanodeStateMachine.java:lambda$startDaemon$0(350)) - Ozone container server started.
2019-08-30 00:21:00,880 | INFO  | SCMAudit | user=jenkins1000 | ip=192.168.69.124 | op=SEND_HEARTBEAT {datanodeUUID=0a0299ed-fdd5-4dd1-b1d9-393c3f7f30c8, command=[]} | ret=SUCCESS |  
2019-08-30 00:21:01,504 | INFO  | SCMAudit | user=jenkins1000 | ip=192.168.69.124 | op=SEND_HEARTBEAT {datanodeUUID=722b0ac7-031f-47c9-b3f5-fbc30035f474, command=[]} | ret=SUCCESS |  
2019-08-30 00:21:01,536 [Datanode State Machine Thread - 0] INFO  statemachine.DatanodeStateMachine (DatanodeStateMachine.java:lambda$startDaemon$0(350)) - Ozone container server started.
2019-08-30 00:21:01,537 | INFO  | SCMAudit | user=jenkins1000 | ip=192.168.69.124 | op=SEND_HEARTBEAT {datanodeUUID=55fe8a5d-468d-4e42-8a20-9d338510910b, command=[]} | ret=SUCCESS |  
2019-08-30 00:21:01,537 | INFO  | SCMAudit | user=jenkins1000 | ip=192.168.69.124 | op=SEND_HEARTBEAT {datanodeUUID=098b7a6f-8c1f-4063-9e74-22bffe699939, command=[]} | ret=SUCCESS |  
2019-08-30 00:21:01,881 | INFO  | SCMAudit | user=jenkins1000 | ip=192.168.69.124 | op=SEND_HEARTBEAT {datanodeUUID=0a0299ed-fdd5-4dd1-b1d9-393c3f7f30c8, command=[]} | ret=SUCCESS |  
2019-08-30 00:21:02,504 | INFO  | SCMAudit | user=jenkins1000 | ip=192.168.69.124 | op=SEND_HEARTBEAT {datanodeUUID=722b0ac7-031f-47c9-b3f5-fbc30035f474, command=[]} | ret=SUCCESS |  
2019-08-30 00:21:02,537 | INFO  | SCMAudit | user=jenkins1000 | ip=192.168.69.124 | op=SEND_HEARTBEAT {datanodeUUID=098b7a6f-8c1f-4063-9e74-22bffe699939, command=[]} | ret=SUCCESS |  
2019-08-30 00:21:02,538 | INFO  | SCMAudit | user=jenkins1000 | ip=192.168.69.124 | op=SEND_HEARTBEAT {datanodeUUID=55fe8a5d-468d-4e42-8a20-9d338510910b, command=[]} | ret=SUCCESS |  
2019-08-30 00:21:02,791 [grpc-default-executor-9] WARN  server.GrpcLogAppender (LogUtils.java:warn(134)) - 5d2fad20-58d4-4d60-9035-fb8a022f1e71->1701a4f3-0515-4fb0-ace0-0a2e26b8a377: Failed appendEntries: org.apache.ratis.thirdparty.io.grpc.StatusRuntimeException: UNAVAILABLE: io exception
2019-08-30 00:21:02,792 [grpc-default-executor-9] INFO  impl.FollowerInfo (FollowerInfo.java:lambda$new$0(50)) - 5d2fad20-58d4-4d60-9035-fb8a022f1e71->1701a4f3-0515-4fb0-ace0-0a2e26b8a377: nextIndex: updateUnconditionally 1 -> 0
2019-08-30 00:21:02,881 | INFO  | SCMAudit | user=jenkins1000 | ip=192.168.69.124 | op=SEND_HEARTBEAT {datanodeUUID=0a0299ed-fdd5-4dd1-b1d9-393c3f7f30c8, command=[]} | ret=SUCCESS |  
2019-08-30 00:21:03,505 | INFO  | SCMAudit | user=jenkins1000 | ip=192.168.69.124 | op=SEND_HEARTBEAT {datanodeUUID=722b0ac7-031f-47c9-b3f5-fbc30035f474, command=[]} | ret=SUCCESS |  
2019-08-30 00:21:03,537 | INFO  | SCMAudit | user=jenkins1000 | ip=192.168.69.124 | op=SEND_HEARTBEAT {datanodeUUID=098b7a6f-8c1f-4063-9e74-22bffe699939, command=[]} | ret=SUCCESS |  
2019-08-30 00:21:03,538 | INFO  | SCMAudit | user=jenkins1000 | ip=192.168.69.124 | op=SEND_HEARTBEAT {datanodeUUID=55fe8a5d-468d-4e42-8a20-9d338510910b, command=[]} | ret=SUCCESS |  
2019-08-30 00:21:03,881 | INFO  | SCMAudit | user=jenkins1000 | ip=192.168.69.124 | op=SEND_HEARTBEAT {datanodeUUID=0a0299ed-fdd5-4dd1-b1d9-393c3f7f30c8, command=[]} | ret=SUCCESS |  
2019-08-30 00:21:04,504 | INFO  | SCMAudit | user=jenkins1000 | ip=192.168.69.124 | op=SEND_HEARTBEAT {datanodeUUID=722b0ac7-031f-47c9-b3f5-fbc30035f474, command=[]} | ret=SUCCESS |  
2019-08-30 00:21:04,537 | INFO  | SCMAudit | user=jenkins1000 | ip=192.168.69.124 | op=SEND_HEARTBEAT {datanodeUUID=098b7a6f-8c1f-4063-9e74-22bffe699939, command=[]} | ret=SUCCESS |  
2019-08-30 00:21:04,538 | INFO  | SCMAudit | user=jenkins1000 | ip=192.168.69.124 | op=SEND_HEARTBEAT {datanodeUUID=55fe8a5d-468d-4e42-8a20-9d338510910b, command=[]} | ret=SUCCESS |  
2019-08-30 00:21:04,882 | INFO  | SCMAudit | user=jenkins1000 | ip=192.168.69.124 | op=SEND_HEARTBEAT {datanodeUUID=0a0299ed-fdd5-4dd1-b1d9-393c3f7f30c8, command=[]} | ret=SUCCESS |  
2019-08-30 00:21:04,973 [EventQueue-StaleNodeForStaleNodeHandler] INFO  node.StaleNodeHandler (StaleNodeHandler.java:onMessage(58)) - Datanode 5d2fad20-58d4-4d60-9035-fb8a022f1e71{ip: 192.168.69.124, host: pr-hdds-2050-pz9tn-2767506387, networkLocation: /default-rack, certSerialId: null} moved to stale state. Finalizing its pipelines [PipelineID=cadfea23-83b2-4238-8a62-d7a384a04320, PipelineID=19fbbfcf-28cc-436a-9456-969c60110fb4]
2019-08-30 00:21:04,973 [EventQueue-StaleNodeForStaleNodeHandler] INFO  pipeline.SCMPipelineManager (SCMPipelineManager.java:finalizeAndDestroyPipeline(309)) - destroying pipeline:Pipeline[ Id: cadfea23-83b2-4238-8a62-d7a384a04320, Nodes: 5d2fad20-58d4-4d60-9035-fb8a022f1e71{ip: 192.168.69.124, host: pr-hdds-2050-pz9tn-2767506387, networkLocation: /default-rack, certSerialId: null}, Type:RATIS, Factor:ONE, State:OPEN]
2019-08-30 00:21:04,973 [EventQueue-StaleNodeForStaleNodeHandler] INFO  pipeline.PipelineStateManager (PipelineStateManager.java:finalizePipeline(123)) - Pipeline Pipeline[ Id: cadfea23-83b2-4238-8a62-d7a384a04320, Nodes: 5d2fad20-58d4-4d60-9035-fb8a022f1e71{ip: 192.168.69.124, host: pr-hdds-2050-pz9tn-2767506387, networkLocation: /default-rack, certSerialId: null}, Type:RATIS, Factor:ONE, State:CLOSED] moved to CLOSED state
2019-08-30 00:21:04,973 [EventQueue-StaleNodeForStaleNodeHandler] INFO  pipeline.SCMPipelineManager (SCMPipelineManager.java:finalizeAndDestroyPipeline(309)) - destroying pipeline:Pipeline[ Id: 19fbbfcf-28cc-436a-9456-969c60110fb4, Nodes: 1701a4f3-0515-4fb0-ace0-0a2e26b8a377{ip: 192.168.69.124, host: pr-hdds-2050-pz9tn-2767506387, networkLocation: /default-rack, certSerialId: null}0a0299ed-fdd5-4dd1-b1d9-393c3f7f30c8{ip: 192.168.69.124, host: pr-hdds-2050-pz9tn-2767506387, networkLocation: /default-rack, certSerialId: null}5d2fad20-58d4-4d60-9035-fb8a022f1e71{ip: 192.168.69.124, host: pr-hdds-2050-pz9tn-2767506387, networkLocation: /default-rack, certSerialId: null}, Type:RATIS, Factor:THREE, State:CLOSED]
2019-08-30 00:21:05,276 [grpc-default-executor-11] WARN  server.GrpcLogAppender (LogUtils.java:warn(134)) - 5d2fad20-58d4-4d60-9035-fb8a022f1e71->1701a4f3-0515-4fb0-ace0-0a2e26b8a377: Failed appendEntries: org.apache.ratis.thirdparty.io.grpc.StatusRuntimeException: UNAVAILABLE: io exception
2019-08-30 00:21:05,277 [grpc-default-executor-11] INFO  impl.FollowerInfo (FollowerInfo.java:lambda$new$0(50)) - 5d2fad20-58d4-4d60-9035-fb8a022f1e71->1701a4f3-0515-4fb0-ace0-0a2e26b8a377: nextIndex: updateUnconditionally 0 -> 0
2019-08-30 00:21:05,504 | INFO  | SCMAudit | user=jenkins1000 | ip=192.168.69.124 | op=SEND_HEARTBEAT {datanodeUUID=722b0ac7-031f-47c9-b3f5-fbc30035f474, command=[]} | ret=SUCCESS |  
2019-08-30 00:21:05,537 | INFO  | SCMAudit | user=jenkins1000 | ip=192.168.69.124 | op=SEND_HEARTBEAT {datanodeUUID=098b7a6f-8c1f-4063-9e74-22bffe699939, command=[]} | ret=SUCCESS |  
2019-08-30 00:21:05,538 | INFO  | SCMAudit | user=jenkins1000 | ip=192.168.69.124 | op=SEND_HEARTBEAT {datanodeUUID=55fe8a5d-468d-4e42-8a20-9d338510910b, command=[]} | ret=SUCCESS |  
2019-08-30 00:21:05,573 [EventQueue-StaleNodeForStaleNodeHandler] INFO  node.StaleNodeHandler (StaleNodeHandler.java:onMessage(58)) - Datanode a901cee4-1ca4-4af7-8de9-61e3c1ec06a1{ip: 192.168.69.124, host: pr-hdds-2050-pz9tn-2767506387, networkLocation: /default-rack, certSerialId: null} moved to stale state. Finalizing its pipelines [PipelineID=ff74b08b-3eb3-4356-9103-db8991316369, PipelineID=3f708eb1-00f8-4ab4-a135-ebc4739e0e9d]
2019-08-30 00:21:05,574 [EventQueue-StaleNodeForStaleNodeHandler] INFO  pipeline.SCMPipelineManager (SCMPipelineManager.java:finalizeAndDestroyPipeline(309)) - destroying pipeline:Pipeline[ Id: ff74b08b-3eb3-4356-9103-db8991316369, Nodes: a901cee4-1ca4-4af7-8de9-61e3c1ec06a1{ip: 192.168.69.124, host: pr-hdds-2050-pz9tn-2767506387, networkLocation: /default-rack, certSerialId: null}, Type:RATIS, Factor:ONE, State:OPEN]
2019-08-30 00:21:05,574 [EventQueue-StaleNodeForStaleNodeHandler] INFO  pipeline.PipelineStateManager (PipelineStateManager.java:finalizePipeline(123)) - Pipeline Pipeline[ Id: ff74b08b-3eb3-4356-9103-db8991316369, Nodes: a901cee4-1ca4-4af7-8de9-61e3c1ec06a1{ip: 192.168.69.124, host: pr-hdds-2050-pz9tn-2767506387, networkLocation: /default-rack, certSerialId: null}, Type:RATIS, Factor:ONE, State:CLOSED] moved to CLOSED state
2019-08-30 00:21:05,574 [EventQueue-StaleNodeForStaleNodeHandler] INFO  pipeline.SCMPipelineManager (SCMPipelineManager.java:finalizeAndDestroyPipeline(309)) - destroying pipeline:Pipeline[ Id: 3f708eb1-00f8-4ab4-a135-ebc4739e0e9d, Nodes: a901cee4-1ca4-4af7-8de9-61e3c1ec06a1{ip: 192.168.69.124, host: pr-hdds-2050-pz9tn-2767506387, networkLocation: /default-rack, certSerialId: null}098b7a6f-8c1f-4063-9e74-22bffe699939{ip: 192.168.69.124, host: pr-hdds-2050-pz9tn-2767506387, networkLocation: /default-rack, certSerialId: null}55fe8a5d-468d-4e42-8a20-9d338510910b{ip: 192.168.69.124, host: pr-hdds-2050-pz9tn-2767506387, networkLocation: /default-rack, certSerialId: null}, Type:RATIS, Factor:THREE, State:OPEN]
2019-08-30 00:21:05,574 [EventQueue-StaleNodeForStaleNodeHandler] INFO  pipeline.PipelineStateManager (PipelineStateManager.java:finalizePipeline(123)) - Pipeline Pipeline[ Id: 3f708eb1-00f8-4ab4-a135-ebc4739e0e9d, Nodes: a901cee4-1ca4-4af7-8de9-61e3c1ec06a1{ip: 192.168.69.124, host: pr-hdds-2050-pz9tn-2767506387, networkLocation: /default-rack, certSerialId: null}098b7a6f-8c1f-4063-9e74-22bffe699939{ip: 192.168.69.124, host: pr-hdds-2050-pz9tn-2767506387, networkLocation: /default-rack, certSerialId: null}55fe8a5d-468d-4e42-8a20-9d338510910b{ip: 192.168.69.124, host: pr-hdds-2050-pz9tn-2767506387, networkLocation: /default-rack, certSerialId: null}, Type:RATIS, Factor:THREE, State:CLOSED] moved to CLOSED state
2019-08-30 00:21:05,575 [EventQueue-CloseContainerForCloseContainerEventHandler] INFO  container.CloseContainerEventHandler (CloseContainerEventHandler.java:onMessage(61)) - Close container Event triggered for container : #2
2019-08-30 00:21:05,868 [main] INFO  ozoneimpl.OzoneContainer (OzoneContainer.java:stop(215)) - Attempting to stop container services.
2019-08-30 00:21:05,868 [ForkJoinPool.commonPool-worker-0] INFO  ozoneimpl.OzoneContainer (OzoneContainer.java:stop(215)) - Attempting to stop container services.
2019-08-30 00:21:05,869 [main] INFO  impl.RaftServerProxy (RaftServerProxy.java:lambda$close$4(314)) - a901cee4-1ca4-4af7-8de9-61e3c1ec06a1: close
2019-08-30 00:21:05,869 [ForkJoinPool.commonPool-worker-0] INFO  impl.RaftServerProxy (RaftServerProxy.java:lambda$close$4(314)) - 5d2fad20-58d4-4d60-9035-fb8a022f1e71: close
2019-08-30 00:21:05,870 [main] INFO  impl.RaftServerImpl (RaftServerImpl.java:lambda$shutdown$3(245)) - a901cee4-1ca4-4af7-8de9-61e3c1ec06a1: shutdown group-DB8991316369
2019-08-30 00:21:05,870 [ForkJoinPool.commonPool-worker-0] INFO  impl.RaftServerImpl (RaftServerImpl.java:lambda$shutdown$3(245)) - 5d2fad20-58d4-4d60-9035-fb8a022f1e71: shutdown group-D7A384A04320
2019-08-30 00:21:05,870 [main] INFO  util.JmxRegister (JmxRegister.java:unregister(73)) - Successfully un-registered JMX Bean with object name Ratis:service=RaftServer,group=group-DB8991316369,id=a901cee4-1ca4-4af7-8de9-61e3c1ec06a1
2019-08-30 00:21:05,870 [ForkJoinPool.commonPool-worker-0] INFO  util.JmxRegister (JmxRegister.java:unregister(73)) - Successfully un-registered JMX Bean with object name Ratis:service=RaftServer,group=group-D7A384A04320,id=5d2fad20-58d4-4d60-9035-fb8a022f1e71
2019-08-30 00:21:05,871 [main] INFO  impl.RoleInfo (RoleInfo.java:shutdownLeaderState(104)) - a901cee4-1ca4-4af7-8de9-61e3c1ec06a1: shutdown LeaderState
2019-08-30 00:21:05,871 [ForkJoinPool.commonPool-worker-0] INFO  impl.RoleInfo (RoleInfo.java:shutdownLeaderState(104)) - 5d2fad20-58d4-4d60-9035-fb8a022f1e71: shutdown LeaderState
2019-08-30 00:21:05,871 [main] INFO  impl.PendingRequests (PendingRequests.java:sendNotLeaderResponses(202)) - a901cee4-1ca4-4af7-8de9-61e3c1ec06a1-PendingRequests: sendNotLeaderResponses
2019-08-30 00:21:05,872 [ForkJoinPool.commonPool-worker-0] INFO  impl.PendingRequests (PendingRequests.java:sendNotLeaderResponses(202)) - 5d2fad20-58d4-4d60-9035-fb8a022f1e71-PendingRequests: sendNotLeaderResponses
2019-08-30 00:21:05,872 [main] INFO  impl.StateMachineUpdater (StateMachineUpdater.java:stopAndJoin(115)) - StateMachineUpdater:a901cee4-1ca4-4af7-8de9-61e3c1ec06a1:group-DB8991316369: set stopIndex = 0
2019-08-30 00:21:05,873 [main] INFO  impl.RaftServerImpl (ServerState.java:close(394)) - a901cee4-1ca4-4af7-8de9-61e3c1ec06a1:group-DB8991316369 closes. The last applied log index is 0
2019-08-30 00:21:05,873 [ForkJoinPool.commonPool-worker-0] INFO  impl.StateMachineUpdater (StateMachineUpdater.java:stopAndJoin(115)) - StateMachineUpdater:5d2fad20-58d4-4d60-9035-fb8a022f1e71:group-D7A384A04320: set stopIndex = 0
2019-08-30 00:21:05,874 [ForkJoinPool.commonPool-worker-0] INFO  impl.RaftServerImpl (ServerState.java:close(394)) - 5d2fad20-58d4-4d60-9035-fb8a022f1e71:group-D7A384A04320 closes. The last applied log index is 0
2019-08-30 00:21:05,874 [a901cee4-1ca4-4af7-8de9-61e3c1ec06a1-SegmentedRaftLogWorker:Storage Directory /workdir/hadoop-ozone/integration-test/target/test-dir/MiniOzoneClusterImpl-843f3514-af11-4b58-9f84-2dae9c3286a9/datanode-4/data/ratis/ff74b08b-3eb3-4356-9103-db8991316369] INFO  segmented.SegmentedRaftLogWorker (SegmentedRaftLogWorker.java:run(313)) - a901cee4-1ca4-4af7-8de9-61e3c1ec06a1-SegmentedRaftLogWorker:Storage Directory /workdir/hadoop-ozone/integration-test/target/test-dir/MiniOzoneClusterImpl-843f3514-af11-4b58-9f84-2dae9c3286a9/datanode-4/data/ratis/ff74b08b-3eb3-4356-9103-db8991316369 was interrupted, exiting. There are 0 tasks remaining in the queue.
2019-08-30 00:21:05,874 [5d2fad20-58d4-4d60-9035-fb8a022f1e71-SegmentedRaftLogWorker:Storage Directory /workdir/hadoop-ozone/integration-test/target/test-dir/MiniOzoneClusterImpl-843f3514-af11-4b58-9f84-2dae9c3286a9/datanode-1/data/ratis/cadfea23-83b2-4238-8a62-d7a384a04320] INFO  segmented.SegmentedRaftLogWorker (SegmentedRaftLogWorker.java:run(313)) - 5d2fad20-58d4-4d60-9035-fb8a022f1e71-SegmentedRaftLogWorker:Storage Directory /workdir/hadoop-ozone/integration-test/target/test-dir/MiniOzoneClusterImpl-843f3514-af11-4b58-9f84-2dae9c3286a9/datanode-1/data/ratis/cadfea23-83b2-4238-8a62-d7a384a04320 was interrupted, exiting. There are 0 tasks remaining in the queue.
2019-08-30 00:21:05,882 | INFO  | SCMAudit | user=jenkins1000 | ip=192.168.69.124 | op=SEND_HEARTBEAT {datanodeUUID=0a0299ed-fdd5-4dd1-b1d9-393c3f7f30c8, command=[]} | ret=SUCCESS |  
2019-08-30 00:21:05,884 [main] INFO  segmented.SegmentedRaftLogWorker (SegmentedRaftLogWorker.java:close(228)) - a901cee4-1ca4-4af7-8de9-61e3c1ec06a1-SegmentedRaftLogWorker:Storage Directory /workdir/hadoop-ozone/integration-test/target/test-dir/MiniOzoneClusterImpl-843f3514-af11-4b58-9f84-2dae9c3286a9/datanode-4/data/ratis/ff74b08b-3eb3-4356-9103-db8991316369 close()
2019-08-30 00:21:05,884 [ForkJoinPool.commonPool-worker-0] INFO  segmented.SegmentedRaftLogWorker (SegmentedRaftLogWorker.java:close(228)) - 5d2fad20-58d4-4d60-9035-fb8a022f1e71-SegmentedRaftLogWorker:Storage Directory /workdir/hadoop-ozone/integration-test/target/test-dir/MiniOzoneClusterImpl-843f3514-af11-4b58-9f84-2dae9c3286a9/datanode-1/data/ratis/cadfea23-83b2-4238-8a62-d7a384a04320 close()
2019-08-30 00:21:05,889 [main] INFO  impl.RaftServerImpl (RaftServerImpl.java:lambda$shutdown$3(245)) - a901cee4-1ca4-4af7-8de9-61e3c1ec06a1: shutdown group-EBC4739E0E9D
2019-08-30 00:21:05,894 [ForkJoinPool.commonPool-worker-0] INFO  impl.RaftServerImpl (RaftServerImpl.java:lambda$shutdown$3(245)) - 5d2fad20-58d4-4d60-9035-fb8a022f1e71: shutdown group-969C60110FB4
2019-08-30 00:21:05,894 [main] INFO  util.JmxRegister (JmxRegister.java:unregister(73)) - Successfully un-registered JMX Bean with object name Ratis:service=RaftServer,group=group-EBC4739E0E9D,id=a901cee4-1ca4-4af7-8de9-61e3c1ec06a1
2019-08-30 00:21:05,894 [ForkJoinPool.commonPool-worker-0] INFO  util.JmxRegister (JmxRegister.java:unregister(73)) - Successfully un-registered JMX Bean with object name Ratis:service=RaftServer,group=group-969C60110FB4,id=5d2fad20-58d4-4d60-9035-fb8a022f1e71
2019-08-30 00:21:05,895 [main] INFO  impl.RoleInfo (RoleInfo.java:shutdownLeaderState(104)) - a901cee4-1ca4-4af7-8de9-61e3c1ec06a1: shutdown LeaderState
2019-08-30 00:21:05,895 [ForkJoinPool.commonPool-worker-0] INFO  impl.RoleInfo (RoleInfo.java:shutdownLeaderState(104)) - 5d2fad20-58d4-4d60-9035-fb8a022f1e71: shutdown LeaderState
2019-08-30 00:21:05,900 [org.apache.ratis.server.impl.LogAppender$AppenderDaemon$$Lambda$483/2008209947@35c0b7b5] WARN  server.GrpcLogAppender (GrpcLogAppender.java:mayWait(143)) - GrpcLogAppender(a901cee4-1ca4-4af7-8de9-61e3c1ec06a1->55fe8a5d-468d-4e42-8a20-9d338510910b): Wait interrupted by java.lang.InterruptedException
2019-08-30 00:21:05,903 [ForkJoinPool.commonPool-worker-0] INFO  impl.PendingRequests (PendingRequests.java:sendNotLeaderResponses(202)) - 5d2fad20-58d4-4d60-9035-fb8a022f1e71-PendingRequests: sendNotLeaderResponses
2019-08-30 00:21:05,900 [org.apache.ratis.server.impl.LogAppender$AppenderDaemon$$Lambda$483/2008209947@70c237c9] WARN  server.GrpcLogAppender (GrpcLogAppender.java:mayWait(143)) - GrpcLogAppender(a901cee4-1ca4-4af7-8de9-61e3c1ec06a1->098b7a6f-8c1f-4063-9e74-22bffe699939): Wait interrupted by java.lang.InterruptedException
2019-08-30 00:21:05,900 [main] INFO  impl.PendingRequests (PendingRequests.java:sendNotLeaderResponses(202)) - a901cee4-1ca4-4af7-8de9-61e3c1ec06a1-PendingRequests: sendNotLeaderResponses
2019-08-30 00:21:05,906 [StateMachineUpdater:5d2fad20-58d4-4d60-9035-fb8a022f1e71:group-969C60110FB4] INFO  ratis.ContainerStateMachine (ContainerStateMachine.java:takeSnapshot(284)) - group-969C60110FB4: Taking a snapshot at:(t:1, i:13) file /workdir/hadoop-ozone/integration-test/target/test-dir/MiniOzoneClusterImpl-843f3514-af11-4b58-9f84-2dae9c3286a9/datanode-1/data/ratis/19fbbfcf-28cc-436a-9456-969c60110fb4/sm/snapshot.1_13
2019-08-30 00:21:05,906 [ForkJoinPool.commonPool-worker-0] INFO  impl.StateMachineUpdater (StateMachineUpdater.java:stopAndJoin(115)) - StateMachineUpdater:5d2fad20-58d4-4d60-9035-fb8a022f1e71:group-969C60110FB4: set stopIndex = 17
2019-08-30 00:21:05,904 [grpc-default-executor-11] INFO  server.GrpcServerProtocolService (GrpcServerProtocolService.java:onCompleted(104)) - 55fe8a5d-468d-4e42-8a20-9d338510910b: appendEntries completed
2019-08-30 00:21:05,903 [org.apache.ratis.server.impl.LogAppender$AppenderDaemon$$Lambda$483/2008209947@62c026e2] WARN  server.GrpcLogAppender (GrpcLogAppender.java:mayWait(143)) - GrpcLogAppender(5d2fad20-58d4-4d60-9035-fb8a022f1e71->1701a4f3-0515-4fb0-ace0-0a2e26b8a377): Wait interrupted by java.lang.InterruptedException
2019-08-30 00:21:05,903 [org.apache.ratis.server.impl.LogAppender$AppenderDaemon$$Lambda$483/2008209947@56decf20] WARN  server.GrpcLogAppender (GrpcLogAppender.java:mayWait(143)) - GrpcLogAppender(5d2fad20-58d4-4d60-9035-fb8a022f1e71->0a0299ed-fdd5-4dd1-b1d9-393c3f7f30c8): Wait interrupted by java.lang.InterruptedException
2019-08-30 00:21:05,907 [grpc-default-executor-11] INFO  server.GrpcLogAppender (GrpcLogAppender.java:onCompleted(292)) - a901cee4-1ca4-4af7-8de9-61e3c1ec06a1->55fe8a5d-468d-4e42-8a20-9d338510910b: follower responses appendEntries COMPLETED
2019-08-30 00:21:05,907 [StateMachineUpdater:a901cee4-1ca4-4af7-8de9-61e3c1ec06a1:group-EBC4739E0E9D] INFO  ratis.ContainerStateMachine (ContainerStateMachine.java:takeSnapshot(284)) - group-EBC4739E0E9D: Taking a snapshot at:(t:2, i:14) file /workdir/hadoop-ozone/integration-test/target/test-dir/MiniOzoneClusterImpl-843f3514-af11-4b58-9f84-2dae9c3286a9/datanode-4/data/ratis/3f708eb1-00f8-4ab4-a135-ebc4739e0e9d/sm/snapshot.2_14
2019-08-30 00:21:05,908 [grpc-default-executor-11] INFO  impl.FollowerInfo (FollowerInfo.java:lambda$new$0(50)) - a901cee4-1ca4-4af7-8de9-61e3c1ec06a1->55fe8a5d-468d-4e42-8a20-9d338510910b: nextIndex: updateUnconditionally 17 -> 16
2019-08-30 00:21:05,906 [grpc-default-executor-9] INFO  server.GrpcServerProtocolService (GrpcServerProtocolService.java:onCompleted(104)) - 098b7a6f-8c1f-4063-9e74-22bffe699939: appendEntries completed
2019-08-30 00:21:05,906 [main] INFO  impl.StateMachineUpdater (StateMachineUpdater.java:stopAndJoin(115)) - StateMachineUpdater:a901cee4-1ca4-4af7-8de9-61e3c1ec06a1:group-EBC4739E0E9D: set stopIndex = 16
2019-08-30 00:21:05,908 [grpc-default-executor-9] INFO  server.GrpcLogAppender (GrpcLogAppender.java:onCompleted(292)) - a901cee4-1ca4-4af7-8de9-61e3c1ec06a1->098b7a6f-8c1f-4063-9e74-22bffe699939: follower responses appendEntries COMPLETED
2019-08-30 00:21:05,908 [grpc-default-executor-3] INFO  server.GrpcServerProtocolService (GrpcServerProtocolService.java:onCompleted(104)) - 0a0299ed-fdd5-4dd1-b1d9-393c3f7f30c8: appendEntries completed
2019-08-30 00:21:05,909 [grpc-default-executor-9] INFO  impl.FollowerInfo (FollowerInfo.java:lambda$new$0(50)) - a901cee4-1ca4-4af7-8de9-61e3c1ec06a1->098b7a6f-8c1f-4063-9e74-22bffe699939: nextIndex: updateUnconditionally 17 -> 16
2019-08-30 00:21:05,909 [grpc-default-executor-3] INFO  server.GrpcLogAppender (GrpcLogAppender.java:onCompleted(292)) - 5d2fad20-58d4-4d60-9035-fb8a022f1e71->0a0299ed-fdd5-4dd1-b1d9-393c3f7f30c8: follower responses appendEntries COMPLETED
2019-08-30 00:21:05,910 [grpc-default-executor-3] INFO  impl.FollowerInfo (FollowerInfo.java:lambda$new$0(50)) - 5d2fad20-58d4-4d60-9035-fb8a022f1e71->0a0299ed-fdd5-4dd1-b1d9-393c3f7f30c8: nextIndex: updateUnconditionally 18 -> 17
2019-08-30 00:21:05,943 [StateMachineUpdater:a901cee4-1ca4-4af7-8de9-61e3c1ec06a1:group-EBC4739E0E9D] INFO  ratis.ContainerStateMachine (ContainerStateMachine.java:takeSnapshot(295)) - group-EBC4739E0E9D: Finished taking a snapshot at:(t:2, i:14) file:/workdir/hadoop-ozone/integration-test/target/test-dir/MiniOzoneClusterImpl-843f3514-af11-4b58-9f84-2dae9c3286a9/datanode-4/data/ratis/3f708eb1-00f8-4ab4-a135-ebc4739e0e9d/sm/snapshot.2_14 time:36
2019-08-30 00:21:05,943 [StateMachineUpdater:a901cee4-1ca4-4af7-8de9-61e3c1ec06a1:group-EBC4739E0E9D] INFO  impl.StateMachineUpdater (StateMachineUpdater.java:takeSnapshot(242)) - StateMachineUpdater:a901cee4-1ca4-4af7-8de9-61e3c1ec06a1:group-EBC4739E0E9D: Took a snapshot at index 14
2019-08-30 00:21:05,943 [StateMachineUpdater:5d2fad20-58d4-4d60-9035-fb8a022f1e71:group-969C60110FB4] INFO  ratis.ContainerStateMachine (ContainerStateMachine.java:takeSnapshot(295)) - group-969C60110FB4: Finished taking a snapshot at:(t:1, i:13) file:/workdir/hadoop-ozone/integration-test/target/test-dir/MiniOzoneClusterImpl-843f3514-af11-4b58-9f84-2dae9c3286a9/datanode-1/data/ratis/19fbbfcf-28cc-436a-9456-969c60110fb4/sm/snapshot.1_13 time:36
2019-08-30 00:21:05,943 [StateMachineUpdater:a901cee4-1ca4-4af7-8de9-61e3c1ec06a1:group-EBC4739E0E9D] INFO  impl.StateMachineUpdater (StateMachineUpdater.java:lambda$new$0(80)) - StateMachineUpdater:a901cee4-1ca4-4af7-8de9-61e3c1ec06a1:group-EBC4739E0E9D: snapshotIndex: updateIncreasingly -1 -> 14
2019-08-30 00:21:05,943 [StateMachineUpdater:5d2fad20-58d4-4d60-9035-fb8a022f1e71:group-969C60110FB4] INFO  impl.StateMachineUpdater (StateMachineUpdater.java:takeSnapshot(242)) - StateMachineUpdater:5d2fad20-58d4-4d60-9035-fb8a022f1e71:group-969C60110FB4: Took a snapshot at index 13
2019-08-30 00:21:05,943 [StateMachineUpdater:5d2fad20-58d4-4d60-9035-fb8a022f1e71:group-969C60110FB4] INFO  impl.StateMachineUpdater (StateMachineUpdater.java:lambda$new$0(80)) - StateMachineUpdater:5d2fad20-58d4-4d60-9035-fb8a022f1e71:group-969C60110FB4: snapshotIndex: updateIncreasingly -1 -> 13
2019-08-30 00:21:05,944 [main] INFO  impl.RaftServerImpl (ServerState.java:close(394)) - a901cee4-1ca4-4af7-8de9-61e3c1ec06a1:group-EBC4739E0E9D closes. The last applied log index is 16
2019-08-30 00:21:05,944 [ForkJoinPool.commonPool-worker-0] INFO  impl.RaftServerImpl (ServerState.java:close(394)) - 5d2fad20-58d4-4d60-9035-fb8a022f1e71:group-969C60110FB4 closes. The last applied log index is 17
2019-08-30 00:21:05,944 [a901cee4-1ca4-4af7-8de9-61e3c1ec06a1-SegmentedRaftLogWorker:Storage Directory /workdir/hadoop-ozone/integration-test/target/test-dir/MiniOzoneClusterImpl-843f3514-af11-4b58-9f84-2dae9c3286a9/datanode-4/data/ratis/3f708eb1-00f8-4ab4-a135-ebc4739e0e9d] INFO  segmented.SegmentedRaftLogWorker (SegmentedRaftLogWorker.java:run(313)) - a901cee4-1ca4-4af7-8de9-61e3c1ec06a1-SegmentedRaftLogWorker:Storage Directory /workdir/hadoop-ozone/integration-test/target/test-dir/MiniOzoneClusterImpl-843f3514-af11-4b58-9f84-2dae9c3286a9/datanode-4/data/ratis/3f708eb1-00f8-4ab4-a135-ebc4739e0e9d was interrupted, exiting. There are 0 tasks remaining in the queue.
2019-08-30 00:21:05,945 [5d2fad20-58d4-4d60-9035-fb8a022f1e71-SegmentedRaftLogWorker:Storage Directory /workdir/hadoop-ozone/integration-test/target/test-dir/MiniOzoneClusterImpl-843f3514-af11-4b58-9f84-2dae9c3286a9/datanode-1/data/ratis/19fbbfcf-28cc-436a-9456-969c60110fb4] INFO  segmented.SegmentedRaftLogWorker (SegmentedRaftLogWorker.java:run(313)) - 5d2fad20-58d4-4d60-9035-fb8a022f1e71-SegmentedRaftLogWorker:Storage Directory /workdir/hadoop-ozone/integration-test/target/test-dir/MiniOzoneClusterImpl-843f3514-af11-4b58-9f84-2dae9c3286a9/datanode-1/data/ratis/19fbbfcf-28cc-436a-9456-969c60110fb4 was interrupted, exiting. There are 0 tasks remaining in the queue.
2019-08-30 00:21:05,947 [main] INFO  segmented.SegmentedRaftLogWorker (SegmentedRaftLogWorker.java:close(228)) - a901cee4-1ca4-4af7-8de9-61e3c1ec06a1-SegmentedRaftLogWorker:Storage Directory /workdir/hadoop-ozone/integration-test/target/test-dir/MiniOzoneClusterImpl-843f3514-af11-4b58-9f84-2dae9c3286a9/datanode-4/data/ratis/3f708eb1-00f8-4ab4-a135-ebc4739e0e9d close()
2019-08-30 00:21:05,949 [ForkJoinPool.commonPool-worker-0] INFO  segmented.SegmentedRaftLogWorker (SegmentedRaftLogWorker.java:close(228)) - 5d2fad20-58d4-4d60-9035-fb8a022f1e71-SegmentedRaftLogWorker:Storage Directory /workdir/hadoop-ozone/integration-test/target/test-dir/MiniOzoneClusterImpl-843f3514-af11-4b58-9f84-2dae9c3286a9/datanode-1/data/ratis/19fbbfcf-28cc-436a-9456-969c60110fb4 close()
2019-08-30 00:21:05,954 [main] INFO  server.GrpcService (GrpcService.java:closeImpl(155)) - a901cee4-1ca4-4af7-8de9-61e3c1ec06a1: shutdown server with port 34970 now
2019-08-30 00:21:05,958 [ForkJoinPool.commonPool-worker-0] INFO  server.GrpcService (GrpcService.java:closeImpl(155)) - 5d2fad20-58d4-4d60-9035-fb8a022f1e71: shutdown server with port 37894 now
2019-08-30 00:21:05,959 [grpc-default-executor-9] WARN  client.GrpcClientProtocolService (LogUtils.java:warn(134)) - 1-UnorderedRequestStreamObserver1: onError: org.apache.ratis.thirdparty.io.grpc.StatusRuntimeException: CANCELLED: cancelled before receiving half close
2019-08-30 00:21:05,959 [main] INFO  server.GrpcService (GrpcService.java:closeImpl(163)) - a901cee4-1ca4-4af7-8de9-61e3c1ec06a1: shutdown server with port 34970 successfully
2019-08-30 00:21:05,959 [ForkJoinPool.commonPool-worker-0] INFO  server.GrpcService (GrpcService.java:closeImpl(163)) - 5d2fad20-58d4-4d60-9035-fb8a022f1e71: shutdown server with port 37894 successfully
2019-08-30 00:21:05,964 [refreshUsed-/workdir/hadoop-ozone/integration-test/target/test-dir/MiniOzoneClusterImpl-843f3514-af11-4b58-9f84-2dae9c3286a9/datanode-4/data/containers] WARN  fs.CachingGetSpaceUsed (CachingGetSpaceUsed.java:run(183)) - Thread Interrupted waiting to refresh disk information: sleep interrupted
2019-08-30 00:21:05,964 [refreshUsed-/workdir/hadoop-ozone/integration-test/target/test-dir/MiniOzoneClusterImpl-843f3514-af11-4b58-9f84-2dae9c3286a9/datanode-1/data/containers] WARN  fs.CachingGetSpaceUsed (CachingGetSpaceUsed.java:run(183)) - Thread Interrupted waiting to refresh disk information: sleep interrupted
2019-08-30 00:21:05,986 [main] INFO  utils.BackgroundService (BackgroundService.java:shutdown(148)) - Shutting down service BlockDeletingService
2019-08-30 00:21:05,993 [main] INFO  statemachine.DatanodeStateMachine (DatanodeStateMachine.java:stopDaemon(395)) - Ozone container server stopped.
2019-08-30 00:21:05,994 [main] INFO  handler.ContextHandler (ContextHandler.java:doStop(910)) - Stopped o.e.j.w.WebAppContext@6e3dd5ce{/,null,UNAVAILABLE}{/hddsDatanode}
2019-08-30 00:21:05,995 [main] INFO  server.AbstractConnector (AbstractConnector.java:doStop(318)) - Stopped ServerConnector@16f7f59f{HTTP/1.1,[http/1.1]}{0.0.0.0:0}
2019-08-30 00:21:05,996 [main] INFO  handler.ContextHandler (ContextHandler.java:doStop(910)) - Stopped o.e.j.s.ServletContextHandler@656c5c3{/static,jar:file:/home/user/.m2/repository/org/apache/hadoop/hadoop-hdds-container-service/0.5.0-SNAPSHOT/hadoop-hdds-container-service-0.5.0-SNAPSHOT.jar!/webapps/static,UNAVAILABLE}
2019-08-30 00:21:05,996 [main] INFO  handler.ContextHandler (ContextHandler.java:doStop(910)) - Stopped o.e.j.s.ServletContextHandler@b06d46d{/logs,file:///workdir/hadoop-ozone/integration-test/target/log,UNAVAILABLE}
2019-08-30 00:21:05,998 [ForkJoinPool.commonPool-worker-0] INFO  utils.BackgroundService (BackgroundService.java:shutdown(148)) - Shutting down service BlockDeletingService
2019-08-30 00:21:06,002 [ForkJoinPool.commonPool-worker-0] INFO  statemachine.DatanodeStateMachine (DatanodeStateMachine.java:stopDaemon(395)) - Ozone container server stopped.
2019-08-30 00:21:06,007 [ForkJoinPool.commonPool-worker-0] INFO  handler.ContextHandler (ContextHandler.java:doStop(910)) - Stopped o.e.j.w.WebAppContext@4a22e4d7{/,null,UNAVAILABLE}{/hddsDatanode}
2019-08-30 00:21:06,008 [ForkJoinPool.commonPool-worker-0] INFO  server.AbstractConnector (AbstractConnector.java:doStop(318)) - Stopped ServerConnector@d8835af{HTTP/1.1,[http/1.1]}{0.0.0.0:0}
2019-08-30 00:21:06,009 [ForkJoinPool.commonPool-worker-0] INFO  handler.ContextHandler (ContextHandler.java:doStop(910)) - Stopped o.e.j.s.ServletContextHandler@584ca390{/static,jar:file:/home/user/.m2/repository/org/apache/hadoop/hadoop-hdds-container-service/0.5.0-SNAPSHOT/hadoop-hdds-container-service-0.5.0-SNAPSHOT.jar!/webapps/static,UNAVAILABLE}
2019-08-30 00:21:06,011 [ForkJoinPool.commonPool-worker-0] INFO  handler.ContextHandler (ContextHandler.java:doStop(910)) - Stopped o.e.j.s.ServletContextHandler@15d236fd{/logs,file:///workdir/hadoop-ozone/integration-test/target/log,UNAVAILABLE}
2019-08-30 00:21:06,505 | INFO  | SCMAudit | user=jenkins1000 | ip=192.168.69.124 | op=SEND_HEARTBEAT {datanodeUUID=722b0ac7-031f-47c9-b3f5-fbc30035f474, command=[]} | ret=SUCCESS |  
2019-08-30 00:21:06,537 [Datanode State Machine Thread - 0] INFO  statemachine.DatanodeStateMachine (DatanodeStateMachine.java:lambda$startDaemon$0(350)) - Ozone container server started.
2019-08-30 00:21:06,538 [Datanode State Machine Thread - 0] INFO  statemachine.DatanodeStateMachine (DatanodeStateMachine.java:lambda$startDaemon$0(350)) - Ozone container server started.
2019-08-30 00:21:06,882 | INFO  | SCMAudit | user=jenkins1000 | ip=192.168.69.124 | op=SEND_HEARTBEAT {datanodeUUID=0a0299ed-fdd5-4dd1-b1d9-393c3f7f30c8, command=[]} | ret=SUCCESS |  
2019-08-30 00:21:07,506 | INFO  | SCMAudit | user=jenkins1000 | ip=192.168.69.124 | op=SEND_HEARTBEAT {datanodeUUID=722b0ac7-031f-47c9-b3f5-fbc30035f474, command=[]} | ret=SUCCESS |  
2019-08-30 00:21:07,883 | INFO  | SCMAudit | user=jenkins1000 | ip=192.168.69.124 | op=SEND_HEARTBEAT {datanodeUUID=0a0299ed-fdd5-4dd1-b1d9-393c3f7f30c8, command=[]} | ret=SUCCESS |  
2019-08-30 00:21:08,505 | INFO  | SCMAudit | user=jenkins1000 | ip=192.168.69.124 | op=SEND_HEARTBEAT {datanodeUUID=722b0ac7-031f-47c9-b3f5-fbc30035f474, command=[]} | ret=SUCCESS |  
2019-08-30 00:21:08,883 | INFO  | SCMAudit | user=jenkins1000 | ip=192.168.69.124 | op=SEND_HEARTBEAT {datanodeUUID=0a0299ed-fdd5-4dd1-b1d9-393c3f7f30c8, command=[]} | ret=SUCCESS |  
2019-08-30 00:21:09,505 | INFO  | SCMAudit | user=jenkins1000 | ip=192.168.69.124 | op=SEND_HEARTBEAT {datanodeUUID=722b0ac7-031f-47c9-b3f5-fbc30035f474, command=[]} | ret=SUCCESS |  
2019-08-30 00:21:09,884 | INFO  | SCMAudit | user=jenkins1000 | ip=192.168.69.124 | op=SEND_HEARTBEAT {datanodeUUID=0a0299ed-fdd5-4dd1-b1d9-393c3f7f30c8, command=[]} | ret=SUCCESS |  
2019-08-30 00:21:10,470 [Thread-3765] INFO  impl.FollowerState (FollowerState.java:run(106)) - 0a0299ed-fdd5-4dd1-b1d9-393c3f7f30c8:group-969C60110FB4 changes to CANDIDATE, lastRpcTime:5193, electionTimeout:5159ms
2019-08-30 00:21:10,470 [Thread-3765] INFO  impl.RoleInfo (RoleInfo.java:shutdownFollowerState(121)) - 0a0299ed-fdd5-4dd1-b1d9-393c3f7f30c8: shutdown FollowerState
2019-08-30 00:21:10,470 [Thread-3765] INFO  impl.RaftServerImpl (RaftServerImpl.java:setRole(171)) - 0a0299ed-fdd5-4dd1-b1d9-393c3f7f30c8:group-969C60110FB4 changes role from FOLLOWER to CANDIDATE at term 2 for changeToCandidate
2019-08-30 00:21:10,470 [Thread-3765] INFO  impl.RoleInfo (RoleInfo.java:updateAndGet(143)) - 0a0299ed-fdd5-4dd1-b1d9-393c3f7f30c8: start LeaderElection
2019-08-30 00:21:10,474 [0a0299ed-fdd5-4dd1-b1d9-393c3f7f30c8:group-969C60110FB4:LeaderElection88] INFO  impl.RaftServerImpl (ServerState.java:setLeader(263)) - 0a0299ed-fdd5-4dd1-b1d9-393c3f7f30c8:group-969C60110FB4 change Leader from 5d2fad20-58d4-4d60-9035-fb8a022f1e71 to null at term 2 for initElection
2019-08-30 00:21:10,498 [0a0299ed-fdd5-4dd1-b1d9-393c3f7f30c8:group-969C60110FB4:LeaderElection88] INFO  impl.LeaderElection (LeaderElection.java:askForVotes(181)) - 0a0299ed-fdd5-4dd1-b1d9-393c3f7f30c8:group-969C60110FB4:LeaderElection88: begin an election at term 3 for 16: [0a0299ed-fdd5-4dd1-b1d9-393c3f7f30c8:192.168.69.124:35657, 5d2fad20-58d4-4d60-9035-fb8a022f1e71:192.168.69.124:37894, 1701a4f3-0515-4fb0-ace0-0a2e26b8a377:192.168.69.124:33087], old=null
2019-08-30 00:21:10,501 [0a0299ed-fdd5-4dd1-b1d9-393c3f7f30c8:group-969C60110FB4:LeaderElection88] INFO  impl.LeaderElection (LogUtils.java:infoOrTrace(149)) - 0a0299ed-fdd5-4dd1-b1d9-393c3f7f30c8:group-969C60110FB4:LeaderElection88 got exception when requesting votes: {}
java.util.concurrent.ExecutionException: org.apache.ratis.thirdparty.io.grpc.StatusRuntimeException: UNAVAILABLE: io exception
	at java.util.concurrent.FutureTask.report(FutureTask.java:122)
	at java.util.concurrent.FutureTask.get(FutureTask.java:192)
	at org.apache.ratis.server.impl.LeaderElection.waitForResults(LeaderElection.java:262)
	at org.apache.ratis.server.impl.LeaderElection.askForVotes(LeaderElection.java:200)
	at org.apache.ratis.server.impl.LeaderElection.run(LeaderElection.java:130)
	at java.lang.Thread.run(Thread.java:748)
Caused by: org.apache.ratis.thirdparty.io.grpc.StatusRuntimeException: UNAVAILABLE: io exception
	at org.apache.ratis.thirdparty.io.grpc.stub.ClientCalls.toStatusRuntimeException(ClientCalls.java:233)
	at org.apache.ratis.thirdparty.io.grpc.stub.ClientCalls.getUnchecked(ClientCalls.java:214)
	at org.apache.ratis.thirdparty.io.grpc.stub.ClientCalls.blockingUnaryCall(ClientCalls.java:139)
	at org.apache.ratis.proto.grpc.RaftServerProtocolServiceGrpc$RaftServerProtocolServiceBlockingStub.requestVote(RaftServerProtocolServiceGrpc.java:265)
	at org.apache.ratis.grpc.server.GrpcServerProtocolClient.requestVote(GrpcServerProtocolClient.java:83)
	at org.apache.ratis.grpc.server.GrpcService.requestVote(GrpcService.java:195)
	at org.apache.ratis.server.impl.LeaderElection.lambda$submitRequests$1(LeaderElection.java:237)
	at java.util.concurrent.FutureTask.run(FutureTask.java:266)
	at java.util.concurrent.Executors$RunnableAdapter.call(Executors.java:511)
	at java.util.concurrent.FutureTask.run(FutureTask.java:266)
	at java.util.concurrent.ThreadPoolExecutor.runWorker(ThreadPoolExecutor.java:1149)
	at java.util.concurrent.ThreadPoolExecutor$Worker.run(ThreadPoolExecutor.java:624)
	... 1 more
Caused by: org.apache.ratis.thirdparty.io.netty.channel.AbstractChannel$AnnotatedConnectException: Connection refused: /192.168.69.124:37894
	at sun.nio.ch.SocketChannelImpl.checkConnect(Native Method)
	at sun.nio.ch.SocketChannelImpl.finishConnect(SocketChannelImpl.java:717)
	at org.apache.ratis.thirdparty.io.netty.channel.socket.nio.NioSocketChannel.doFinishConnect(NioSocketChannel.java:327)
	at org.apache.ratis.thirdparty.io.netty.channel.nio.AbstractNioChannel$AbstractNioUnsafe.finishConnect(AbstractNioChannel.java:340)
	at org.apache.ratis.thirdparty.io.netty.channel.nio.NioEventLoop.processSelectedKey(NioEventLoop.java:632)
	at org.apache.ratis.thirdparty.io.netty.channel.nio.NioEventLoop.processSelectedKeysOptimized(NioEventLoop.java:579)
	at org.apache.ratis.thirdparty.io.netty.channel.nio.NioEventLoop.processSelectedKeys(NioEventLoop.java:496)
	at org.apache.ratis.thirdparty.io.netty.channel.nio.NioEventLoop.run(NioEventLoop.java:458)
	at org.apache.ratis.thirdparty.io.netty.util.concurrent.SingleThreadEventExecutor$5.run(SingleThreadEventExecutor.java:897)
	at org.apache.ratis.thirdparty.io.netty.util.concurrent.FastThreadLocalRunnable.run(FastThreadLocalRunnable.java:30)
	... 1 more
Caused by: java.net.ConnectException: Connection refused
	... 11 more
2019-08-30 00:21:10,504 [0a0299ed-fdd5-4dd1-b1d9-393c3f7f30c8:group-969C60110FB4:LeaderElection88] INFO  impl.LeaderElection (LogUtils.java:infoOrTrace(149)) - 0a0299ed-fdd5-4dd1-b1d9-393c3f7f30c8:group-969C60110FB4:LeaderElection88 got exception when requesting votes: {}
java.util.concurrent.ExecutionException: org.apache.ratis.thirdparty.io.grpc.StatusRuntimeException: UNAVAILABLE: io exception
	at java.util.concurrent.FutureTask.report(FutureTask.java:122)
	at java.util.concurrent.FutureTask.get(FutureTask.java:192)
	at org.apache.ratis.server.impl.LeaderElection.waitForResults(LeaderElection.java:262)
	at org.apache.ratis.server.impl.LeaderElection.askForVotes(LeaderElection.java:200)
	at org.apache.ratis.server.impl.LeaderElection.run(LeaderElection.java:130)
	at java.lang.Thread.run(Thread.java:748)
Caused by: org.apache.ratis.thirdparty.io.grpc.StatusRuntimeException: UNAVAILABLE: io exception
	at org.apache.ratis.thirdparty.io.grpc.stub.ClientCalls.toStatusRuntimeException(ClientCalls.java:233)
	at org.apache.ratis.thirdparty.io.grpc.stub.ClientCalls.getUnchecked(ClientCalls.java:214)
	at org.apache.ratis.thirdparty.io.grpc.stub.ClientCalls.blockingUnaryCall(ClientCalls.java:139)
	at org.apache.ratis.proto.grpc.RaftServerProtocolServiceGrpc$RaftServerProtocolServiceBlockingStub.requestVote(RaftServerProtocolServiceGrpc.java:265)
	at org.apache.ratis.grpc.server.GrpcServerProtocolClient.requestVote(GrpcServerProtocolClient.java:83)
	at org.apache.ratis.grpc.server.GrpcService.requestVote(GrpcService.java:195)
	at org.apache.ratis.server.impl.LeaderElection.lambda$submitRequests$1(LeaderElection.java:237)
	at java.util.concurrent.FutureTask.run(FutureTask.java:266)
	at java.util.concurrent.Executors$RunnableAdapter.call(Executors.java:511)
	at java.util.concurrent.FutureTask.run(FutureTask.java:266)
	at java.util.concurrent.ThreadPoolExecutor.runWorker(ThreadPoolExecutor.java:1149)
	at java.util.concurrent.ThreadPoolExecutor$Worker.run(ThreadPoolExecutor.java:624)
	... 1 more
Caused by: org.apache.ratis.thirdparty.io.netty.channel.AbstractChannel$AnnotatedConnectException: Connection refused: /192.168.69.124:33087
	at sun.nio.ch.SocketChannelImpl.checkConnect(Native Method)
	at sun.nio.ch.SocketChannelImpl.finishConnect(SocketChannelImpl.java:717)
	at org.apache.ratis.thirdparty.io.netty.channel.socket.nio.NioSocketChannel.doFinishConnect(NioSocketChannel.java:327)
	at org.apache.ratis.thirdparty.io.netty.channel.nio.AbstractNioChannel$AbstractNioUnsafe.finishConnect(AbstractNioChannel.java:340)
	at org.apache.ratis.thirdparty.io.netty.channel.nio.NioEventLoop.processSelectedKey(NioEventLoop.java:632)
	at org.apache.ratis.thirdparty.io.netty.channel.nio.NioEventLoop.processSelectedKeysOptimized(NioEventLoop.java:579)
	at org.apache.ratis.thirdparty.io.netty.channel.nio.NioEventLoop.processSelectedKeys(NioEventLoop.java:496)
	at org.apache.ratis.thirdparty.io.netty.channel.nio.NioEventLoop.run(NioEventLoop.java:458)
	at org.apache.ratis.thirdparty.io.netty.util.concurrent.SingleThreadEventExecutor$5.run(SingleThreadEventExecutor.java:897)
	at org.apache.ratis.thirdparty.io.netty.util.concurrent.FastThreadLocalRunnable.run(FastThreadLocalRunnable.java:30)
	... 1 more
Caused by: java.net.ConnectException: Connection refused
	... 11 more
2019-08-30 00:21:10,506 | INFO  | SCMAudit | user=jenkins1000 | ip=192.168.69.124 | op=SEND_HEARTBEAT {datanodeUUID=722b0ac7-031f-47c9-b3f5-fbc30035f474, command=[]} | ret=SUCCESS |  
2019-08-30 00:21:10,506 [0a0299ed-fdd5-4dd1-b1d9-393c3f7f30c8:group-969C60110FB4:LeaderElection88] INFO  impl.LeaderElection (LeaderElection.java:logAndReturn(56)) - 0a0299ed-fdd5-4dd1-b1d9-393c3f7f30c8:group-969C60110FB4:LeaderElection88: Election REJECTED; received 0 response(s) [] and 2 exception(s); 0a0299ed-fdd5-4dd1-b1d9-393c3f7f30c8:t3, leader=null, voted=0a0299ed-fdd5-4dd1-b1d9-393c3f7f30c8, raftlog=0a0299ed-fdd5-4dd1-b1d9-393c3f7f30c8-SegmentedRaftLog:OPENED:c17,f17,i17, conf=16: [0a0299ed-fdd5-4dd1-b1d9-393c3f7f30c8:192.168.69.124:35657, 5d2fad20-58d4-4d60-9035-fb8a022f1e71:192.168.69.124:37894, 1701a4f3-0515-4fb0-ace0-0a2e26b8a377:192.168.69.124:33087], old=null
2019-08-30 00:21:10,506 [0a0299ed-fdd5-4dd1-b1d9-393c3f7f30c8:group-969C60110FB4:LeaderElection88] INFO  impl.LeaderElection (LogUtils.java:infoOrTrace(149)) -   Exception 0: {}
java.util.concurrent.ExecutionException: org.apache.ratis.thirdparty.io.grpc.StatusRuntimeException: UNAVAILABLE: io exception
	at java.util.concurrent.FutureTask.report(FutureTask.java:122)
	at java.util.concurrent.FutureTask.get(FutureTask.java:192)
	at org.apache.ratis.server.impl.LeaderElection.waitForResults(LeaderElection.java:262)
	at org.apache.ratis.server.impl.LeaderElection.askForVotes(LeaderElection.java:200)
	at org.apache.ratis.server.impl.LeaderElection.run(LeaderElection.java:130)
	at java.lang.Thread.run(Thread.java:748)
Caused by: org.apache.ratis.thirdparty.io.grpc.StatusRuntimeException: UNAVAILABLE: io exception
	at org.apache.ratis.thirdparty.io.grpc.stub.ClientCalls.toStatusRuntimeException(ClientCalls.java:233)
	at org.apache.ratis.thirdparty.io.grpc.stub.ClientCalls.getUnchecked(ClientCalls.java:214)
	at org.apache.ratis.thirdparty.io.grpc.stub.ClientCalls.blockingUnaryCall(ClientCalls.java:139)
	at org.apache.ratis.proto.grpc.RaftServerProtocolServiceGrpc$RaftServerProtocolServiceBlockingStub.requestVote(RaftServerProtocolServiceGrpc.java:265)
	at org.apache.ratis.grpc.server.GrpcServerProtocolClient.requestVote(GrpcServerProtocolClient.java:83)
	at org.apache.ratis.grpc.server.GrpcService.requestVote(GrpcService.java:195)
	at org.apache.ratis.server.impl.LeaderElection.lambda$submitRequests$1(LeaderElection.java:237)
	at java.util.concurrent.FutureTask.run(FutureTask.java:266)
	at java.util.concurrent.Executors$RunnableAdapter.call(Executors.java:511)
	at java.util.concurrent.FutureTask.run(FutureTask.java:266)
	at java.util.concurrent.ThreadPoolExecutor.runWorker(ThreadPoolExecutor.java:1149)
	at java.util.concurrent.ThreadPoolExecutor$Worker.run(ThreadPoolExecutor.java:624)
	... 1 more
Caused by: org.apache.ratis.thirdparty.io.netty.channel.AbstractChannel$AnnotatedConnectException: Connection refused: /192.168.69.124:37894
	at sun.nio.ch.SocketChannelImpl.checkConnect(Native Method)
	at sun.nio.ch.SocketChannelImpl.finishConnect(SocketChannelImpl.java:717)
	at org.apache.ratis.thirdparty.io.netty.channel.socket.nio.NioSocketChannel.doFinishConnect(NioSocketChannel.java:327)
	at org.apache.ratis.thirdparty.io.netty.channel.nio.AbstractNioChannel$AbstractNioUnsafe.finishConnect(AbstractNioChannel.java:340)
	at org.apache.ratis.thirdparty.io.netty.channel.nio.NioEventLoop.processSelectedKey(NioEventLoop.java:632)
	at org.apache.ratis.thirdparty.io.netty.channel.nio.NioEventLoop.processSelectedKeysOptimized(NioEventLoop.java:579)
	at org.apache.ratis.thirdparty.io.netty.channel.nio.NioEventLoop.processSelectedKeys(NioEventLoop.java:496)
	at org.apache.ratis.thirdparty.io.netty.channel.nio.NioEventLoop.run(NioEventLoop.java:458)
	at org.apache.ratis.thirdparty.io.netty.util.concurrent.SingleThreadEventExecutor$5.run(SingleThreadEventExecutor.java:897)
	at org.apache.ratis.thirdparty.io.netty.util.concurrent.FastThreadLocalRunnable.run(FastThreadLocalRunnable.java:30)
	... 1 more
Caused by: java.net.ConnectException: Connection refused
	... 11 more
2019-08-30 00:21:10,507 [0a0299ed-fdd5-4dd1-b1d9-393c3f7f30c8:group-969C60110FB4:LeaderElection88] INFO  impl.LeaderElection (LogUtils.java:infoOrTrace(149)) -   Exception 1: {}
java.util.concurrent.ExecutionException: org.apache.ratis.thirdparty.io.grpc.StatusRuntimeException: UNAVAILABLE: io exception
	at java.util.concurrent.FutureTask.report(FutureTask.java:122)
	at java.util.concurrent.FutureTask.get(FutureTask.java:192)
	at org.apache.ratis.server.impl.LeaderElection.waitForResults(LeaderElection.java:262)
	at org.apache.ratis.server.impl.LeaderElection.askForVotes(LeaderElection.java:200)
	at org.apache.ratis.server.impl.LeaderElection.run(LeaderElection.java:130)
	at java.lang.Thread.run(Thread.java:748)
Caused by: org.apache.ratis.thirdparty.io.grpc.StatusRuntimeException: UNAVAILABLE: io exception
	at org.apache.ratis.thirdparty.io.grpc.stub.ClientCalls.toStatusRuntimeException(ClientCalls.java:233)
	at org.apache.ratis.thirdparty.io.grpc.stub.ClientCalls.getUnchecked(ClientCalls.java:214)
	at org.apache.ratis.thirdparty.io.grpc.stub.ClientCalls.blockingUnaryCall(ClientCalls.java:139)
	at org.apache.ratis.proto.grpc.RaftServerProtocolServiceGrpc$RaftServerProtocolServiceBlockingStub.requestVote(RaftServerProtocolServiceGrpc.java:265)
	at org.apache.ratis.grpc.server.GrpcServerProtocolClient.requestVote(GrpcServerProtocolClient.java:83)
	at org.apache.ratis.grpc.server.GrpcService.requestVote(GrpcService.java:195)
	at org.apache.ratis.server.impl.LeaderElection.lambda$submitRequests$1(LeaderElection.java:237)
	at java.util.concurrent.FutureTask.run(FutureTask.java:266)
	at java.util.concurrent.Executors$RunnableAdapter.call(Executors.java:511)
	at java.util.concurrent.FutureTask.run(FutureTask.java:266)
	at java.util.concurrent.ThreadPoolExecutor.runWorker(ThreadPoolExecutor.java:1149)
	at java.util.concurrent.ThreadPoolExecutor$Worker.run(ThreadPoolExecutor.java:624)
	... 1 more
Caused by: org.apache.ratis.thirdparty.io.netty.channel.AbstractChannel$AnnotatedConnectException: Connection refused: /192.168.69.124:33087
	at sun.nio.ch.SocketChannelImpl.checkConnect(Native Method)
	at sun.nio.ch.SocketChannelImpl.finishConnect(SocketChannelImpl.java:717)
	at org.apache.ratis.thirdparty.io.netty.channel.socket.nio.NioSocketChannel.doFinishConnect(NioSocketChannel.java:327)
	at org.apache.ratis.thirdparty.io.netty.channel.nio.AbstractNioChannel$AbstractNioUnsafe.finishConnect(AbstractNioChannel.java:340)
	at org.apache.ratis.thirdparty.io.netty.channel.nio.NioEventLoop.processSelectedKey(NioEventLoop.java:632)
	at org.apache.ratis.thirdparty.io.netty.channel.nio.NioEventLoop.processSelectedKeysOptimized(NioEventLoop.java:579)
	at org.apache.ratis.thirdparty.io.netty.channel.nio.NioEventLoop.processSelectedKeys(NioEventLoop.java:496)
	at org.apache.ratis.thirdparty.io.netty.channel.nio.NioEventLoop.run(NioEventLoop.java:458)
	at org.apache.ratis.thirdparty.io.netty.util.concurrent.SingleThreadEventExecutor$5.run(SingleThreadEventExecutor.java:897)
	at org.apache.ratis.thirdparty.io.netty.util.concurrent.FastThreadLocalRunnable.run(FastThreadLocalRunnable.java:30)
	... 1 more
Caused by: java.net.ConnectException: Connection refused
	... 11 more
2019-08-30 00:21:10,507 [0a0299ed-fdd5-4dd1-b1d9-393c3f7f30c8:group-969C60110FB4:LeaderElection88] INFO  impl.RaftServerImpl (RaftServerImpl.java:setRole(171)) - 0a0299ed-fdd5-4dd1-b1d9-393c3f7f30c8:group-969C60110FB4 changes role from CANDIDATE to FOLLOWER at term 3 for DISCOVERED_A_NEW_TERM
2019-08-30 00:21:10,507 [0a0299ed-fdd5-4dd1-b1d9-393c3f7f30c8:group-969C60110FB4:LeaderElection88] INFO  impl.RoleInfo (RoleInfo.java:shutdownLeaderElection(134)) - 0a0299ed-fdd5-4dd1-b1d9-393c3f7f30c8: shutdown LeaderElection
2019-08-30 00:21:10,507 [0a0299ed-fdd5-4dd1-b1d9-393c3f7f30c8:group-969C60110FB4:LeaderElection88] INFO  impl.RoleInfo (RoleInfo.java:updateAndGet(143)) - 0a0299ed-fdd5-4dd1-b1d9-393c3f7f30c8: start FollowerState
2019-08-30 00:21:10,581 [EventQueue-StaleNodeForStaleNodeHandler] INFO  node.StaleNodeHandler (StaleNodeHandler.java:onMessage(58)) - Datanode 098b7a6f-8c1f-4063-9e74-22bffe699939{ip: 192.168.69.124, host: pr-hdds-2050-pz9tn-2767506387, networkLocation: /default-rack, certSerialId: null} moved to stale state. Finalizing its pipelines [PipelineID=2cf55286-aaf6-4577-bbf6-c72cfe223cfd, PipelineID=3f708eb1-00f8-4ab4-a135-ebc4739e0e9d]
2019-08-30 00:21:10,582 [EventQueue-StaleNodeForStaleNodeHandler] INFO  pipeline.SCMPipelineManager (SCMPipelineManager.java:finalizeAndDestroyPipeline(309)) - destroying pipeline:Pipeline[ Id: 2cf55286-aaf6-4577-bbf6-c72cfe223cfd, Nodes: 098b7a6f-8c1f-4063-9e74-22bffe699939{ip: 192.168.69.124, host: pr-hdds-2050-pz9tn-2767506387, networkLocation: /default-rack, certSerialId: null}, Type:RATIS, Factor:ONE, State:OPEN]
2019-08-30 00:21:10,582 [EventQueue-StaleNodeForStaleNodeHandler] INFO  pipeline.PipelineStateManager (PipelineStateManager.java:finalizePipeline(123)) - Pipeline Pipeline[ Id: 2cf55286-aaf6-4577-bbf6-c72cfe223cfd, Nodes: 098b7a6f-8c1f-4063-9e74-22bffe699939{ip: 192.168.69.124, host: pr-hdds-2050-pz9tn-2767506387, networkLocation: /default-rack, certSerialId: null}, Type:RATIS, Factor:ONE, State:CLOSED] moved to CLOSED state
2019-08-30 00:21:10,582 [EventQueue-StaleNodeForStaleNodeHandler] INFO  pipeline.SCMPipelineManager (SCMPipelineManager.java:finalizeAndDestroyPipeline(309)) - destroying pipeline:Pipeline[ Id: 3f708eb1-00f8-4ab4-a135-ebc4739e0e9d, Nodes: a901cee4-1ca4-4af7-8de9-61e3c1ec06a1{ip: 192.168.69.124, host: pr-hdds-2050-pz9tn-2767506387, networkLocation: /default-rack, certSerialId: null}098b7a6f-8c1f-4063-9e74-22bffe699939{ip: 192.168.69.124, host: pr-hdds-2050-pz9tn-2767506387, networkLocation: /default-rack, certSerialId: null}55fe8a5d-468d-4e42-8a20-9d338510910b{ip: 192.168.69.124, host: pr-hdds-2050-pz9tn-2767506387, networkLocation: /default-rack, certSerialId: null}, Type:RATIS, Factor:THREE, State:CLOSED]
2019-08-30 00:21:10,582 [EventQueue-StaleNodeForStaleNodeHandler] INFO  node.StaleNodeHandler (StaleNodeHandler.java:onMessage(58)) - Datanode 55fe8a5d-468d-4e42-8a20-9d338510910b{ip: 192.168.69.124, host: pr-hdds-2050-pz9tn-2767506387, networkLocation: /default-rack, certSerialId: null} moved to stale state. Finalizing its pipelines [PipelineID=66c28c19-89f7-4d8d-834f-6b1c1c87ba98, PipelineID=3f708eb1-00f8-4ab4-a135-ebc4739e0e9d]
2019-08-30 00:21:10,582 [EventQueue-StaleNodeForStaleNodeHandler] INFO  pipeline.SCMPipelineManager (SCMPipelineManager.java:finalizeAndDestroyPipeline(309)) - destroying pipeline:Pipeline[ Id: 66c28c19-89f7-4d8d-834f-6b1c1c87ba98, Nodes: 55fe8a5d-468d-4e42-8a20-9d338510910b{ip: 192.168.69.124, host: pr-hdds-2050-pz9tn-2767506387, networkLocation: /default-rack, certSerialId: null}, Type:RATIS, Factor:ONE, State:OPEN]
2019-08-30 00:21:10,583 [EventQueue-StaleNodeForStaleNodeHandler] INFO  pipeline.PipelineStateManager (PipelineStateManager.java:finalizePipeline(123)) - Pipeline Pipeline[ Id: 66c28c19-89f7-4d8d-834f-6b1c1c87ba98, Nodes: 55fe8a5d-468d-4e42-8a20-9d338510910b{ip: 192.168.69.124, host: pr-hdds-2050-pz9tn-2767506387, networkLocation: /default-rack, certSerialId: null}, Type:RATIS, Factor:ONE, State:CLOSED] moved to CLOSED state
2019-08-30 00:21:10,583 [EventQueue-StaleNodeForStaleNodeHandler] INFO  pipeline.SCMPipelineManager (SCMPipelineManager.java:finalizeAndDestroyPipeline(309)) - destroying pipeline:Pipeline[ Id: 3f708eb1-00f8-4ab4-a135-ebc4739e0e9d, Nodes: a901cee4-1ca4-4af7-8de9-61e3c1ec06a1{ip: 192.168.69.124, host: pr-hdds-2050-pz9tn-2767506387, networkLocation: /default-rack, certSerialId: null}098b7a6f-8c1f-4063-9e74-22bffe699939{ip: 192.168.69.124, host: pr-hdds-2050-pz9tn-2767506387, networkLocation: /default-rack, certSerialId: null}55fe8a5d-468d-4e42-8a20-9d338510910b{ip: 192.168.69.124, host: pr-hdds-2050-pz9tn-2767506387, networkLocation: /default-rack, certSerialId: null}, Type:RATIS, Factor:THREE, State:CLOSED]
2019-08-30 00:21:10,884 | INFO  | SCMAudit | user=jenkins1000 | ip=192.168.69.124 | op=SEND_HEARTBEAT {datanodeUUID=0a0299ed-fdd5-4dd1-b1d9-393c3f7f30c8, command=[]} | ret=SUCCESS |  
2019-08-30 00:21:10,998 [main] INFO  ozoneimpl.OzoneContainer (OzoneContainer.java:stop(215)) - Attempting to stop container services.
2019-08-30 00:21:10,999 [main] INFO  impl.RaftServerProxy (RaftServerProxy.java:lambda$close$4(314)) - 55fe8a5d-468d-4e42-8a20-9d338510910b: close
2019-08-30 00:21:10,999 [main] INFO  impl.RaftServerImpl (RaftServerImpl.java:lambda$shutdown$3(245)) - 55fe8a5d-468d-4e42-8a20-9d338510910b: shutdown group-6B1C1C87BA98
2019-08-30 00:21:11,000 [main] INFO  util.JmxRegister (JmxRegister.java:unregister(73)) - Successfully un-registered JMX Bean with object name Ratis:service=RaftServer,group=group-6B1C1C87BA98,id=55fe8a5d-468d-4e42-8a20-9d338510910b
2019-08-30 00:21:11,000 [main] INFO  impl.RoleInfo (RoleInfo.java:shutdownLeaderState(104)) - 55fe8a5d-468d-4e42-8a20-9d338510910b: shutdown LeaderState
2019-08-30 00:21:11,001 [main] INFO  impl.PendingRequests (PendingRequests.java:sendNotLeaderResponses(202)) - 55fe8a5d-468d-4e42-8a20-9d338510910b-PendingRequests: sendNotLeaderResponses
2019-08-30 00:21:11,001 [main] INFO  impl.StateMachineUpdater (StateMachineUpdater.java:stopAndJoin(115)) - StateMachineUpdater:55fe8a5d-468d-4e42-8a20-9d338510910b:group-6B1C1C87BA98: set stopIndex = 0
2019-08-30 00:21:11,002 [main] INFO  impl.RaftServerImpl (ServerState.java:close(394)) - 55fe8a5d-468d-4e42-8a20-9d338510910b:group-6B1C1C87BA98 closes. The last applied log index is 0
2019-08-30 00:21:11,002 [55fe8a5d-468d-4e42-8a20-9d338510910b-SegmentedRaftLogWorker:Storage Directory /workdir/hadoop-ozone/integration-test/target/test-dir/MiniOzoneClusterImpl-843f3514-af11-4b58-9f84-2dae9c3286a9/datanode-6/data/ratis/66c28c19-89f7-4d8d-834f-6b1c1c87ba98] INFO  segmented.SegmentedRaftLogWorker (SegmentedRaftLogWorker.java:run(313)) - 55fe8a5d-468d-4e42-8a20-9d338510910b-SegmentedRaftLogWorker:Storage Directory /workdir/hadoop-ozone/integration-test/target/test-dir/MiniOzoneClusterImpl-843f3514-af11-4b58-9f84-2dae9c3286a9/datanode-6/data/ratis/66c28c19-89f7-4d8d-834f-6b1c1c87ba98 was interrupted, exiting. There are 0 tasks remaining in the queue.
2019-08-30 00:21:11,005 [main] INFO  segmented.SegmentedRaftLogWorker (SegmentedRaftLogWorker.java:close(228)) - 55fe8a5d-468d-4e42-8a20-9d338510910b-SegmentedRaftLogWorker:Storage Directory /workdir/hadoop-ozone/integration-test/target/test-dir/MiniOzoneClusterImpl-843f3514-af11-4b58-9f84-2dae9c3286a9/datanode-6/data/ratis/66c28c19-89f7-4d8d-834f-6b1c1c87ba98 close()
2019-08-30 00:21:11,007 [main] INFO  impl.RaftServerImpl (RaftServerImpl.java:lambda$shutdown$3(245)) - 55fe8a5d-468d-4e42-8a20-9d338510910b: shutdown group-EBC4739E0E9D
2019-08-30 00:21:11,008 [main] INFO  util.JmxRegister (JmxRegister.java:unregister(73)) - Successfully un-registered JMX Bean with object name Ratis:service=RaftServer,group=group-EBC4739E0E9D,id=55fe8a5d-468d-4e42-8a20-9d338510910b
2019-08-30 00:21:11,008 [main] INFO  impl.RoleInfo (RoleInfo.java:shutdownFollowerState(121)) - 55fe8a5d-468d-4e42-8a20-9d338510910b: shutdown FollowerState
2019-08-30 00:21:11,009 [main] INFO  impl.StateMachineUpdater (StateMachineUpdater.java:stopAndJoin(115)) - StateMachineUpdater:55fe8a5d-468d-4e42-8a20-9d338510910b:group-EBC4739E0E9D: set stopIndex = 16
2019-08-30 00:21:11,009 [Thread-3708] INFO  impl.FollowerState (FollowerState.java:run(114)) - 55fe8a5d-468d-4e42-8a20-9d338510910b: FollowerState was interrupted: java.lang.InterruptedException: sleep interrupted
2019-08-30 00:21:11,009 [StateMachineUpdater:55fe8a5d-468d-4e42-8a20-9d338510910b:group-EBC4739E0E9D] INFO  ratis.ContainerStateMachine (ContainerStateMachine.java:takeSnapshot(284)) - group-EBC4739E0E9D: Taking a snapshot at:(t:2, i:14) file /workdir/hadoop-ozone/integration-test/target/test-dir/MiniOzoneClusterImpl-843f3514-af11-4b58-9f84-2dae9c3286a9/datanode-6/data/ratis/3f708eb1-00f8-4ab4-a135-ebc4739e0e9d/sm/snapshot.2_14
2019-08-30 00:21:11,016 [ForkJoinPool.commonPool-worker-0] INFO  ozoneimpl.OzoneContainer (OzoneContainer.java:stop(215)) - Attempting to stop container services.
2019-08-30 00:21:11,017 [ForkJoinPool.commonPool-worker-0] INFO  impl.RaftServerProxy (RaftServerProxy.java:lambda$close$4(314)) - 098b7a6f-8c1f-4063-9e74-22bffe699939: close
2019-08-30 00:21:11,017 [ForkJoinPool.commonPool-worker-0] INFO  impl.RaftServerImpl (RaftServerImpl.java:lambda$shutdown$3(245)) - 098b7a6f-8c1f-4063-9e74-22bffe699939: shutdown group-C72CFE223CFD
2019-08-30 00:21:11,017 [ForkJoinPool.commonPool-worker-0] INFO  util.JmxRegister (JmxRegister.java:unregister(73)) - Successfully un-registered JMX Bean with object name Ratis:service=RaftServer,group=group-C72CFE223CFD,id=098b7a6f-8c1f-4063-9e74-22bffe699939
2019-08-30 00:21:11,017 [ForkJoinPool.commonPool-worker-0] INFO  impl.RoleInfo (RoleInfo.java:shutdownLeaderState(104)) - 098b7a6f-8c1f-4063-9e74-22bffe699939: shutdown LeaderState
2019-08-30 00:21:11,018 [ForkJoinPool.commonPool-worker-0] INFO  impl.PendingRequests (PendingRequests.java:sendNotLeaderResponses(202)) - 098b7a6f-8c1f-4063-9e74-22bffe699939-PendingRequests: sendNotLeaderResponses
2019-08-30 00:21:11,018 [ForkJoinPool.commonPool-worker-0] INFO  impl.StateMachineUpdater (StateMachineUpdater.java:stopAndJoin(115)) - StateMachineUpdater:098b7a6f-8c1f-4063-9e74-22bffe699939:group-C72CFE223CFD: set stopIndex = 0
2019-08-30 00:21:11,018 [ForkJoinPool.commonPool-worker-0] INFO  impl.RaftServerImpl (ServerState.java:close(394)) - 098b7a6f-8c1f-4063-9e74-22bffe699939:group-C72CFE223CFD closes. The last applied log index is 0
2019-08-30 00:21:11,019 [098b7a6f-8c1f-4063-9e74-22bffe699939-SegmentedRaftLogWorker:Storage Directory /workdir/hadoop-ozone/integration-test/target/test-dir/MiniOzoneClusterImpl-843f3514-af11-4b58-9f84-2dae9c3286a9/datanode-2/data/ratis/2cf55286-aaf6-4577-bbf6-c72cfe223cfd] INFO  segmented.SegmentedRaftLogWorker (SegmentedRaftLogWorker.java:run(313)) - 098b7a6f-8c1f-4063-9e74-22bffe699939-SegmentedRaftLogWorker:Storage Directory /workdir/hadoop-ozone/integration-test/target/test-dir/MiniOzoneClusterImpl-843f3514-af11-4b58-9f84-2dae9c3286a9/datanode-2/data/ratis/2cf55286-aaf6-4577-bbf6-c72cfe223cfd was interrupted, exiting. There are 0 tasks remaining in the queue.
2019-08-30 00:21:11,020 [ForkJoinPool.commonPool-worker-0] INFO  segmented.SegmentedRaftLogWorker (SegmentedRaftLogWorker.java:close(228)) - 098b7a6f-8c1f-4063-9e74-22bffe699939-SegmentedRaftLogWorker:Storage Directory /workdir/hadoop-ozone/integration-test/target/test-dir/MiniOzoneClusterImpl-843f3514-af11-4b58-9f84-2dae9c3286a9/datanode-2/data/ratis/2cf55286-aaf6-4577-bbf6-c72cfe223cfd close()
2019-08-30 00:21:11,022 [ForkJoinPool.commonPool-worker-0] INFO  impl.RaftServerImpl (RaftServerImpl.java:lambda$shutdown$3(245)) - 098b7a6f-8c1f-4063-9e74-22bffe699939: shutdown group-EBC4739E0E9D
2019-08-30 00:21:11,022 [ForkJoinPool.commonPool-worker-0] INFO  util.JmxRegister (JmxRegister.java:unregister(73)) - Successfully un-registered JMX Bean with object name Ratis:service=RaftServer,group=group-EBC4739E0E9D,id=098b7a6f-8c1f-4063-9e74-22bffe699939
2019-08-30 00:21:11,022 [ForkJoinPool.commonPool-worker-0] INFO  impl.RoleInfo (RoleInfo.java:shutdownFollowerState(121)) - 098b7a6f-8c1f-4063-9e74-22bffe699939: shutdown FollowerState
2019-08-30 00:21:11,022 [ForkJoinPool.commonPool-worker-0] INFO  impl.StateMachineUpdater (StateMachineUpdater.java:stopAndJoin(115)) - StateMachineUpdater:098b7a6f-8c1f-4063-9e74-22bffe699939:group-EBC4739E0E9D: set stopIndex = 16
2019-08-30 00:21:11,023 [StateMachineUpdater:098b7a6f-8c1f-4063-9e74-22bffe699939:group-EBC4739E0E9D] INFO  ratis.ContainerStateMachine (ContainerStateMachine.java:takeSnapshot(284)) - group-EBC4739E0E9D: Taking a snapshot at:(t:2, i:14) file /workdir/hadoop-ozone/integration-test/target/test-dir/MiniOzoneClusterImpl-843f3514-af11-4b58-9f84-2dae9c3286a9/datanode-2/data/ratis/3f708eb1-00f8-4ab4-a135-ebc4739e0e9d/sm/snapshot.2_14
2019-08-30 00:21:11,023 [Thread-3709] INFO  impl.FollowerState (FollowerState.java:run(114)) - 098b7a6f-8c1f-4063-9e74-22bffe699939: FollowerState was interrupted: java.lang.InterruptedException: sleep interrupted
2019-08-30 00:21:11,037 [StateMachineUpdater:55fe8a5d-468d-4e42-8a20-9d338510910b:group-EBC4739E0E9D] INFO  ratis.ContainerStateMachine (ContainerStateMachine.java:takeSnapshot(295)) - group-EBC4739E0E9D: Finished taking a snapshot at:(t:2, i:14) file:/workdir/hadoop-ozone/integration-test/target/test-dir/MiniOzoneClusterImpl-843f3514-af11-4b58-9f84-2dae9c3286a9/datanode-6/data/ratis/3f708eb1-00f8-4ab4-a135-ebc4739e0e9d/sm/snapshot.2_14 time:29
2019-08-30 00:21:11,037 [StateMachineUpdater:55fe8a5d-468d-4e42-8a20-9d338510910b:group-EBC4739E0E9D] INFO  impl.StateMachineUpdater (StateMachineUpdater.java:takeSnapshot(242)) - StateMachineUpdater:55fe8a5d-468d-4e42-8a20-9d338510910b:group-EBC4739E0E9D: Took a snapshot at index 14
2019-08-30 00:21:11,037 [StateMachineUpdater:098b7a6f-8c1f-4063-9e74-22bffe699939:group-EBC4739E0E9D] INFO  ratis.ContainerStateMachine (ContainerStateMachine.java:takeSnapshot(295)) - group-EBC4739E0E9D: Finished taking a snapshot at:(t:2, i:14) file:/workdir/hadoop-ozone/integration-test/target/test-dir/MiniOzoneClusterImpl-843f3514-af11-4b58-9f84-2dae9c3286a9/datanode-2/data/ratis/3f708eb1-00f8-4ab4-a135-ebc4739e0e9d/sm/snapshot.2_14 time:15
2019-08-30 00:21:11,037 [StateMachineUpdater:55fe8a5d-468d-4e42-8a20-9d338510910b:group-EBC4739E0E9D] INFO  impl.StateMachineUpdater (StateMachineUpdater.java:lambda$new$0(80)) - StateMachineUpdater:55fe8a5d-468d-4e42-8a20-9d338510910b:group-EBC4739E0E9D: snapshotIndex: updateIncreasingly -1 -> 14
2019-08-30 00:21:11,038 [StateMachineUpdater:098b7a6f-8c1f-4063-9e74-22bffe699939:group-EBC4739E0E9D] INFO  impl.StateMachineUpdater (StateMachineUpdater.java:takeSnapshot(242)) - StateMachineUpdater:098b7a6f-8c1f-4063-9e74-22bffe699939:group-EBC4739E0E9D: Took a snapshot at index 14
2019-08-30 00:21:11,038 [StateMachineUpdater:098b7a6f-8c1f-4063-9e74-22bffe699939:group-EBC4739E0E9D] INFO  impl.StateMachineUpdater (StateMachineUpdater.java:lambda$new$0(80)) - StateMachineUpdater:098b7a6f-8c1f-4063-9e74-22bffe699939:group-EBC4739E0E9D: snapshotIndex: updateIncreasingly -1 -> 14
2019-08-30 00:21:11,038 [main] INFO  impl.RaftServerImpl (ServerState.java:close(394)) - 55fe8a5d-468d-4e42-8a20-9d338510910b:group-EBC4739E0E9D closes. The last applied log index is 16
2019-08-30 00:21:11,038 [ForkJoinPool.commonPool-worker-0] INFO  impl.RaftServerImpl (ServerState.java:close(394)) - 098b7a6f-8c1f-4063-9e74-22bffe699939:group-EBC4739E0E9D closes. The last applied log index is 16
2019-08-30 00:21:11,039 [55fe8a5d-468d-4e42-8a20-9d338510910b-SegmentedRaftLogWorker:Storage Directory /workdir/hadoop-ozone/integration-test/target/test-dir/MiniOzoneClusterImpl-843f3514-af11-4b58-9f84-2dae9c3286a9/datanode-6/data/ratis/3f708eb1-00f8-4ab4-a135-ebc4739e0e9d] INFO  segmented.SegmentedRaftLogWorker (SegmentedRaftLogWorker.java:run(313)) - 55fe8a5d-468d-4e42-8a20-9d338510910b-SegmentedRaftLogWorker:Storage Directory /workdir/hadoop-ozone/integration-test/target/test-dir/MiniOzoneClusterImpl-843f3514-af11-4b58-9f84-2dae9c3286a9/datanode-6/data/ratis/3f708eb1-00f8-4ab4-a135-ebc4739e0e9d was interrupted, exiting. There are 0 tasks remaining in the queue.
2019-08-30 00:21:11,039 [098b7a6f-8c1f-4063-9e74-22bffe699939-SegmentedRaftLogWorker:Storage Directory /workdir/hadoop-ozone/integration-test/target/test-dir/MiniOzoneClusterImpl-843f3514-af11-4b58-9f84-2dae9c3286a9/datanode-2/data/ratis/3f708eb1-00f8-4ab4-a135-ebc4739e0e9d] INFO  segmented.SegmentedRaftLogWorker (SegmentedRaftLogWorker.java:run(313)) - 098b7a6f-8c1f-4063-9e74-22bffe699939-SegmentedRaftLogWorker:Storage Directory /workdir/hadoop-ozone/integration-test/target/test-dir/MiniOzoneClusterImpl-843f3514-af11-4b58-9f84-2dae9c3286a9/datanode-2/data/ratis/3f708eb1-00f8-4ab4-a135-ebc4739e0e9d was interrupted, exiting. There are 0 tasks remaining in the queue.
2019-08-30 00:21:11,042 [main] INFO  segmented.SegmentedRaftLogWorker (SegmentedRaftLogWorker.java:close(228)) - 55fe8a5d-468d-4e42-8a20-9d338510910b-SegmentedRaftLogWorker:Storage Directory /workdir/hadoop-ozone/integration-test/target/test-dir/MiniOzoneClusterImpl-843f3514-af11-4b58-9f84-2dae9c3286a9/datanode-6/data/ratis/3f708eb1-00f8-4ab4-a135-ebc4739e0e9d close()
2019-08-30 00:21:11,042 [ForkJoinPool.commonPool-worker-0] INFO  segmented.SegmentedRaftLogWorker (SegmentedRaftLogWorker.java:close(228)) - 098b7a6f-8c1f-4063-9e74-22bffe699939-SegmentedRaftLogWorker:Storage Directory /workdir/hadoop-ozone/integration-test/target/test-dir/MiniOzoneClusterImpl-843f3514-af11-4b58-9f84-2dae9c3286a9/datanode-2/data/ratis/3f708eb1-00f8-4ab4-a135-ebc4739e0e9d close()
2019-08-30 00:21:11,046 [main] INFO  server.GrpcService (GrpcService.java:closeImpl(155)) - 55fe8a5d-468d-4e42-8a20-9d338510910b: shutdown server with port 36720 now
2019-08-30 00:21:11,049 [ForkJoinPool.commonPool-worker-0] INFO  server.GrpcService (GrpcService.java:closeImpl(155)) - 098b7a6f-8c1f-4063-9e74-22bffe699939: shutdown server with port 39388 now
2019-08-30 00:21:11,050 [main] INFO  server.GrpcService (GrpcService.java:closeImpl(163)) - 55fe8a5d-468d-4e42-8a20-9d338510910b: shutdown server with port 36720 successfully
2019-08-30 00:21:11,050 [ForkJoinPool.commonPool-worker-0] INFO  server.GrpcService (GrpcService.java:closeImpl(163)) - 098b7a6f-8c1f-4063-9e74-22bffe699939: shutdown server with port 39388 successfully
2019-08-30 00:21:11,054 [refreshUsed-/workdir/hadoop-ozone/integration-test/target/test-dir/MiniOzoneClusterImpl-843f3514-af11-4b58-9f84-2dae9c3286a9/datanode-6/data/containers] WARN  fs.CachingGetSpaceUsed (CachingGetSpaceUsed.java:run(183)) - Thread Interrupted waiting to refresh disk information: sleep interrupted
2019-08-30 00:21:11,059 [refreshUsed-/workdir/hadoop-ozone/integration-test/target/test-dir/MiniOzoneClusterImpl-843f3514-af11-4b58-9f84-2dae9c3286a9/datanode-2/data/containers] WARN  fs.CachingGetSpaceUsed (CachingGetSpaceUsed.java:run(183)) - Thread Interrupted waiting to refresh disk information: sleep interrupted
2019-08-30 00:21:11,074 [ForkJoinPool.commonPool-worker-0] INFO  utils.BackgroundService (BackgroundService.java:shutdown(148)) - Shutting down service BlockDeletingService
2019-08-30 00:21:11,078 [ForkJoinPool.commonPool-worker-0] INFO  statemachine.DatanodeStateMachine (DatanodeStateMachine.java:stopDaemon(395)) - Ozone container server stopped.
2019-08-30 00:21:11,082 [ForkJoinPool.commonPool-worker-0] INFO  handler.ContextHandler (ContextHandler.java:doStop(910)) - Stopped o.e.j.w.WebAppContext@755a7218{/,null,UNAVAILABLE}{/hddsDatanode}
2019-08-30 00:21:11,082 [main] INFO  utils.BackgroundService (BackgroundService.java:shutdown(148)) - Shutting down service BlockDeletingService
2019-08-30 00:21:11,083 [ForkJoinPool.commonPool-worker-0] INFO  server.AbstractConnector (AbstractConnector.java:doStop(318)) - Stopped ServerConnector@70c29356{HTTP/1.1,[http/1.1]}{0.0.0.0:0}
2019-08-30 00:21:11,085 [ForkJoinPool.commonPool-worker-0] INFO  handler.ContextHandler (ContextHandler.java:doStop(910)) - Stopped o.e.j.s.ServletContextHandler@6e95973c{/static,jar:file:/home/user/.m2/repository/org/apache/hadoop/hadoop-hdds-container-service/0.5.0-SNAPSHOT/hadoop-hdds-container-service-0.5.0-SNAPSHOT.jar!/webapps/static,UNAVAILABLE}
2019-08-30 00:21:11,087 [main] INFO  statemachine.DatanodeStateMachine (DatanodeStateMachine.java:stopDaemon(395)) - Ozone container server stopped.
2019-08-30 00:21:11,087 [ForkJoinPool.commonPool-worker-0] INFO  handler.ContextHandler (ContextHandler.java:doStop(910)) - Stopped o.e.j.s.ServletContextHandler@78d92eef{/logs,file:///workdir/hadoop-ozone/integration-test/target/log,UNAVAILABLE}
2019-08-30 00:21:11,088 [main] INFO  handler.ContextHandler (ContextHandler.java:doStop(910)) - Stopped o.e.j.w.WebAppContext@49754e74{/,null,UNAVAILABLE}{/hddsDatanode}
2019-08-30 00:21:11,090 [main] INFO  server.AbstractConnector (AbstractConnector.java:doStop(318)) - Stopped ServerConnector@31881aa2{HTTP/1.1,[http/1.1]}{0.0.0.0:0}
2019-08-30 00:21:11,090 [main] INFO  handler.ContextHandler (ContextHandler.java:doStop(910)) - Stopped o.e.j.s.ServletContextHandler@2315052d{/static,jar:file:/home/user/.m2/repository/org/apache/hadoop/hadoop-hdds-container-service/0.5.0-SNAPSHOT/hadoop-hdds-container-service-0.5.0-SNAPSHOT.jar!/webapps/static,UNAVAILABLE}
2019-08-30 00:21:11,091 [main] INFO  handler.ContextHandler (ContextHandler.java:doStop(910)) - Stopped o.e.j.s.ServletContextHandler@632cf7d3{/logs,file:///workdir/hadoop-ozone/integration-test/target/log,UNAVAILABLE}
2019-08-30 00:21:11,506 [Datanode State Machine Thread - 0] INFO  statemachine.DatanodeStateMachine (DatanodeStateMachine.java:lambda$startDaemon$0(350)) - Ozone container server started.
2019-08-30 00:21:11,883 [Datanode State Machine Thread - 0] INFO  statemachine.DatanodeStateMachine (DatanodeStateMachine.java:lambda$startDaemon$0(350)) - Ozone container server started.
2019-08-30 00:21:15,516 [Thread-3851] INFO  impl.FollowerState (FollowerState.java:run(106)) - 0a0299ed-fdd5-4dd1-b1d9-393c3f7f30c8:group-969C60110FB4 changes to CANDIDATE, lastRpcTime:5008, electionTimeout:5008ms
2019-08-30 00:21:15,516 [Thread-3851] INFO  impl.RoleInfo (RoleInfo.java:shutdownFollowerState(121)) - 0a0299ed-fdd5-4dd1-b1d9-393c3f7f30c8: shutdown FollowerState
2019-08-30 00:21:15,516 [Thread-3851] INFO  impl.RaftServerImpl (RaftServerImpl.java:setRole(171)) - 0a0299ed-fdd5-4dd1-b1d9-393c3f7f30c8:group-969C60110FB4 changes role from FOLLOWER to CANDIDATE at term 3 for changeToCandidate
2019-08-30 00:21:15,517 [Thread-3851] INFO  impl.RoleInfo (RoleInfo.java:updateAndGet(143)) - 0a0299ed-fdd5-4dd1-b1d9-393c3f7f30c8: start LeaderElection
2019-08-30 00:21:15,532 [0a0299ed-fdd5-4dd1-b1d9-393c3f7f30c8:group-969C60110FB4:LeaderElection89] INFO  impl.LeaderElection (LeaderElection.java:askForVotes(181)) - 0a0299ed-fdd5-4dd1-b1d9-393c3f7f30c8:group-969C60110FB4:LeaderElection89: begin an election at term 4 for 16: [0a0299ed-fdd5-4dd1-b1d9-393c3f7f30c8:192.168.69.124:35657, 5d2fad20-58d4-4d60-9035-fb8a022f1e71:192.168.69.124:37894, 1701a4f3-0515-4fb0-ace0-0a2e26b8a377:192.168.69.124:33087], old=null
2019-08-30 00:21:15,534 [0a0299ed-fdd5-4dd1-b1d9-393c3f7f30c8:group-969C60110FB4:LeaderElection89] INFO  impl.LeaderElection (LogUtils.java:infoOrTrace(149)) - 0a0299ed-fdd5-4dd1-b1d9-393c3f7f30c8:group-969C60110FB4:LeaderElection89 got exception when requesting votes: {}
java.util.concurrent.ExecutionException: org.apache.ratis.thirdparty.io.grpc.StatusRuntimeException: UNAVAILABLE: io exception
	at java.util.concurrent.FutureTask.report(FutureTask.java:122)
	at java.util.concurrent.FutureTask.get(FutureTask.java:192)
	at org.apache.ratis.server.impl.LeaderElection.waitForResults(LeaderElection.java:262)
	at org.apache.ratis.server.impl.LeaderElection.askForVotes(LeaderElection.java:200)
	at org.apache.ratis.server.impl.LeaderElection.run(LeaderElection.java:130)
	at java.lang.Thread.run(Thread.java:748)
Caused by: org.apache.ratis.thirdparty.io.grpc.StatusRuntimeException: UNAVAILABLE: io exception
	at org.apache.ratis.thirdparty.io.grpc.stub.ClientCalls.toStatusRuntimeException(ClientCalls.java:233)
	at org.apache.ratis.thirdparty.io.grpc.stub.ClientCalls.getUnchecked(ClientCalls.java:214)
	at org.apache.ratis.thirdparty.io.grpc.stub.ClientCalls.blockingUnaryCall(ClientCalls.java:139)
	at org.apache.ratis.proto.grpc.RaftServerProtocolServiceGrpc$RaftServerProtocolServiceBlockingStub.requestVote(RaftServerProtocolServiceGrpc.java:265)
	at org.apache.ratis.grpc.server.GrpcServerProtocolClient.requestVote(GrpcServerProtocolClient.java:83)
	at org.apache.ratis.grpc.server.GrpcService.requestVote(GrpcService.java:195)
	at org.apache.ratis.server.impl.LeaderElection.lambda$submitRequests$1(LeaderElection.java:237)
	at java.util.concurrent.FutureTask.run(FutureTask.java:266)
	at java.util.concurrent.Executors$RunnableAdapter.call(Executors.java:511)
	at java.util.concurrent.FutureTask.run(FutureTask.java:266)
	at java.util.concurrent.ThreadPoolExecutor.runWorker(ThreadPoolExecutor.java:1149)
	at java.util.concurrent.ThreadPoolExecutor$Worker.run(ThreadPoolExecutor.java:624)
	... 1 more
Caused by: org.apache.ratis.thirdparty.io.netty.channel.AbstractChannel$AnnotatedConnectException: Connection refused: /192.168.69.124:37894
	at sun.nio.ch.SocketChannelImpl.checkConnect(Native Method)
	at sun.nio.ch.SocketChannelImpl.finishConnect(SocketChannelImpl.java:717)
	at org.apache.ratis.thirdparty.io.netty.channel.socket.nio.NioSocketChannel.doFinishConnect(NioSocketChannel.java:327)
	at org.apache.ratis.thirdparty.io.netty.channel.nio.AbstractNioChannel$AbstractNioUnsafe.finishConnect(AbstractNioChannel.java:340)
	at org.apache.ratis.thirdparty.io.netty.channel.nio.NioEventLoop.processSelectedKey(NioEventLoop.java:632)
	at org.apache.ratis.thirdparty.io.netty.channel.nio.NioEventLoop.processSelectedKeysOptimized(NioEventLoop.java:579)
	at org.apache.ratis.thirdparty.io.netty.channel.nio.NioEventLoop.processSelectedKeys(NioEventLoop.java:496)
	at org.apache.ratis.thirdparty.io.netty.channel.nio.NioEventLoop.run(NioEventLoop.java:458)
	at org.apache.ratis.thirdparty.io.netty.util.concurrent.SingleThreadEventExecutor$5.run(SingleThreadEventExecutor.java:897)
	at org.apache.ratis.thirdparty.io.netty.util.concurrent.FastThreadLocalRunnable.run(FastThreadLocalRunnable.java:30)
	... 1 more
Caused by: java.net.ConnectException: Connection refused
	... 11 more
2019-08-30 00:21:15,536 [0a0299ed-fdd5-4dd1-b1d9-393c3f7f30c8:group-969C60110FB4:LeaderElection89] INFO  impl.LeaderElection (LogUtils.java:infoOrTrace(149)) - 0a0299ed-fdd5-4dd1-b1d9-393c3f7f30c8:group-969C60110FB4:LeaderElection89 got exception when requesting votes: {}
java.util.concurrent.ExecutionException: org.apache.ratis.thirdparty.io.grpc.StatusRuntimeException: UNAVAILABLE: io exception
	at java.util.concurrent.FutureTask.report(FutureTask.java:122)
	at java.util.concurrent.FutureTask.get(FutureTask.java:192)
	at org.apache.ratis.server.impl.LeaderElection.waitForResults(LeaderElection.java:262)
	at org.apache.ratis.server.impl.LeaderElection.askForVotes(LeaderElection.java:200)
	at org.apache.ratis.server.impl.LeaderElection.run(LeaderElection.java:130)
	at java.lang.Thread.run(Thread.java:748)
Caused by: org.apache.ratis.thirdparty.io.grpc.StatusRuntimeException: UNAVAILABLE: io exception
	at org.apache.ratis.thirdparty.io.grpc.stub.ClientCalls.toStatusRuntimeException(ClientCalls.java:233)
	at org.apache.ratis.thirdparty.io.grpc.stub.ClientCalls.getUnchecked(ClientCalls.java:214)
	at org.apache.ratis.thirdparty.io.grpc.stub.ClientCalls.blockingUnaryCall(ClientCalls.java:139)
	at org.apache.ratis.proto.grpc.RaftServerProtocolServiceGrpc$RaftServerProtocolServiceBlockingStub.requestVote(RaftServerProtocolServiceGrpc.java:265)
	at org.apache.ratis.grpc.server.GrpcServerProtocolClient.requestVote(GrpcServerProtocolClient.java:83)
	at org.apache.ratis.grpc.server.GrpcService.requestVote(GrpcService.java:195)
	at org.apache.ratis.server.impl.LeaderElection.lambda$submitRequests$1(LeaderElection.java:237)
	at java.util.concurrent.FutureTask.run(FutureTask.java:266)
	at java.util.concurrent.Executors$RunnableAdapter.call(Executors.java:511)
	at java.util.concurrent.FutureTask.run(FutureTask.java:266)
	at java.util.concurrent.ThreadPoolExecutor.runWorker(ThreadPoolExecutor.java:1149)
	at java.util.concurrent.ThreadPoolExecutor$Worker.run(ThreadPoolExecutor.java:624)
	... 1 more
Caused by: org.apache.ratis.thirdparty.io.netty.channel.AbstractChannel$AnnotatedConnectException: Connection refused: /192.168.69.124:33087
	at sun.nio.ch.SocketChannelImpl.checkConnect(Native Method)
	at sun.nio.ch.SocketChannelImpl.finishConnect(SocketChannelImpl.java:717)
	at org.apache.ratis.thirdparty.io.netty.channel.socket.nio.NioSocketChannel.doFinishConnect(NioSocketChannel.java:327)
	at org.apache.ratis.thirdparty.io.netty.channel.nio.AbstractNioChannel$AbstractNioUnsafe.finishConnect(AbstractNioChannel.java:340)
	at org.apache.ratis.thirdparty.io.netty.channel.nio.NioEventLoop.processSelectedKey(NioEventLoop.java:632)
	at org.apache.ratis.thirdparty.io.netty.channel.nio.NioEventLoop.processSelectedKeysOptimized(NioEventLoop.java:579)
	at org.apache.ratis.thirdparty.io.netty.channel.nio.NioEventLoop.processSelectedKeys(NioEventLoop.java:496)
	at org.apache.ratis.thirdparty.io.netty.channel.nio.NioEventLoop.run(NioEventLoop.java:458)
	at org.apache.ratis.thirdparty.io.netty.util.concurrent.SingleThreadEventExecutor$5.run(SingleThreadEventExecutor.java:897)
	at org.apache.ratis.thirdparty.io.netty.util.concurrent.FastThreadLocalRunnable.run(FastThreadLocalRunnable.java:30)
	... 1 more
Caused by: java.net.ConnectException: Connection refused
	... 11 more
2019-08-30 00:21:15,538 [0a0299ed-fdd5-4dd1-b1d9-393c3f7f30c8:group-969C60110FB4:LeaderElection89] INFO  impl.LeaderElection (LeaderElection.java:logAndReturn(56)) - 0a0299ed-fdd5-4dd1-b1d9-393c3f7f30c8:group-969C60110FB4:LeaderElection89: Election REJECTED; received 0 response(s) [] and 2 exception(s); 0a0299ed-fdd5-4dd1-b1d9-393c3f7f30c8:t4, leader=null, voted=0a0299ed-fdd5-4dd1-b1d9-393c3f7f30c8, raftlog=0a0299ed-fdd5-4dd1-b1d9-393c3f7f30c8-SegmentedRaftLog:OPENED:c17,f17,i17, conf=16: [0a0299ed-fdd5-4dd1-b1d9-393c3f7f30c8:192.168.69.124:35657, 5d2fad20-58d4-4d60-9035-fb8a022f1e71:192.168.69.124:37894, 1701a4f3-0515-4fb0-ace0-0a2e26b8a377:192.168.69.124:33087], old=null
2019-08-30 00:21:15,538 [0a0299ed-fdd5-4dd1-b1d9-393c3f7f30c8:group-969C60110FB4:LeaderElection89] INFO  impl.LeaderElection (LogUtils.java:infoOrTrace(149)) -   Exception 0: {}
java.util.concurrent.ExecutionException: org.apache.ratis.thirdparty.io.grpc.StatusRuntimeException: UNAVAILABLE: io exception
	at java.util.concurrent.FutureTask.report(FutureTask.java:122)
	at java.util.concurrent.FutureTask.get(FutureTask.java:192)
	at org.apache.ratis.server.impl.LeaderElection.waitForResults(LeaderElection.java:262)
	at org.apache.ratis.server.impl.LeaderElection.askForVotes(LeaderElection.java:200)
	at org.apache.ratis.server.impl.LeaderElection.run(LeaderElection.java:130)
	at java.lang.Thread.run(Thread.java:748)
Caused by: org.apache.ratis.thirdparty.io.grpc.StatusRuntimeException: UNAVAILABLE: io exception
	at org.apache.ratis.thirdparty.io.grpc.stub.ClientCalls.toStatusRuntimeException(ClientCalls.java:233)
	at org.apache.ratis.thirdparty.io.grpc.stub.ClientCalls.getUnchecked(ClientCalls.java:214)
	at org.apache.ratis.thirdparty.io.grpc.stub.ClientCalls.blockingUnaryCall(ClientCalls.java:139)
	at org.apache.ratis.proto.grpc.RaftServerProtocolServiceGrpc$RaftServerProtocolServiceBlockingStub.requestVote(RaftServerProtocolServiceGrpc.java:265)
	at org.apache.ratis.grpc.server.GrpcServerProtocolClient.requestVote(GrpcServerProtocolClient.java:83)
	at org.apache.ratis.grpc.server.GrpcService.requestVote(GrpcService.java:195)
	at org.apache.ratis.server.impl.LeaderElection.lambda$submitRequests$1(LeaderElection.java:237)
	at java.util.concurrent.FutureTask.run(FutureTask.java:266)
	at java.util.concurrent.Executors$RunnableAdapter.call(Executors.java:511)
	at java.util.concurrent.FutureTask.run(FutureTask.java:266)
	at java.util.concurrent.ThreadPoolExecutor.runWorker(ThreadPoolExecutor.java:1149)
	at java.util.concurrent.ThreadPoolExecutor$Worker.run(ThreadPoolExecutor.java:624)
	... 1 more
Caused by: org.apache.ratis.thirdparty.io.netty.channel.AbstractChannel$AnnotatedConnectException: Connection refused: /192.168.69.124:37894
	at sun.nio.ch.SocketChannelImpl.checkConnect(Native Method)
	at sun.nio.ch.SocketChannelImpl.finishConnect(SocketChannelImpl.java:717)
	at org.apache.ratis.thirdparty.io.netty.channel.socket.nio.NioSocketChannel.doFinishConnect(NioSocketChannel.java:327)
	at org.apache.ratis.thirdparty.io.netty.channel.nio.AbstractNioChannel$AbstractNioUnsafe.finishConnect(AbstractNioChannel.java:340)
	at org.apache.ratis.thirdparty.io.netty.channel.nio.NioEventLoop.processSelectedKey(NioEventLoop.java:632)
	at org.apache.ratis.thirdparty.io.netty.channel.nio.NioEventLoop.processSelectedKeysOptimized(NioEventLoop.java:579)
	at org.apache.ratis.thirdparty.io.netty.channel.nio.NioEventLoop.processSelectedKeys(NioEventLoop.java:496)
	at org.apache.ratis.thirdparty.io.netty.channel.nio.NioEventLoop.run(NioEventLoop.java:458)
	at org.apache.ratis.thirdparty.io.netty.util.concurrent.SingleThreadEventExecutor$5.run(SingleThreadEventExecutor.java:897)
	at org.apache.ratis.thirdparty.io.netty.util.concurrent.FastThreadLocalRunnable.run(FastThreadLocalRunnable.java:30)
	... 1 more
Caused by: java.net.ConnectException: Connection refused
	... 11 more
2019-08-30 00:21:15,539 [0a0299ed-fdd5-4dd1-b1d9-393c3f7f30c8:group-969C60110FB4:LeaderElection89] INFO  impl.LeaderElection (LogUtils.java:infoOrTrace(149)) -   Exception 1: {}
java.util.concurrent.ExecutionException: org.apache.ratis.thirdparty.io.grpc.StatusRuntimeException: UNAVAILABLE: io exception
	at java.util.concurrent.FutureTask.report(FutureTask.java:122)
	at java.util.concurrent.FutureTask.get(FutureTask.java:192)
	at org.apache.ratis.server.impl.LeaderElection.waitForResults(LeaderElection.java:262)
	at org.apache.ratis.server.impl.LeaderElection.askForVotes(LeaderElection.java:200)
	at org.apache.ratis.server.impl.LeaderElection.run(LeaderElection.java:130)
	at java.lang.Thread.run(Thread.java:748)
Caused by: org.apache.ratis.thirdparty.io.grpc.StatusRuntimeException: UNAVAILABLE: io exception
	at org.apache.ratis.thirdparty.io.grpc.stub.ClientCalls.toStatusRuntimeException(ClientCalls.java:233)
	at org.apache.ratis.thirdparty.io.grpc.stub.ClientCalls.getUnchecked(ClientCalls.java:214)
	at org.apache.ratis.thirdparty.io.grpc.stub.ClientCalls.blockingUnaryCall(ClientCalls.java:139)
	at org.apache.ratis.proto.grpc.RaftServerProtocolServiceGrpc$RaftServerProtocolServiceBlockingStub.requestVote(RaftServerProtocolServiceGrpc.java:265)
	at org.apache.ratis.grpc.server.GrpcServerProtocolClient.requestVote(GrpcServerProtocolClient.java:83)
	at org.apache.ratis.grpc.server.GrpcService.requestVote(GrpcService.java:195)
	at org.apache.ratis.server.impl.LeaderElection.lambda$submitRequests$1(LeaderElection.java:237)
	at java.util.concurrent.FutureTask.run(FutureTask.java:266)
	at java.util.concurrent.Executors$RunnableAdapter.call(Executors.java:511)
	at java.util.concurrent.FutureTask.run(FutureTask.java:266)
	at java.util.concurrent.ThreadPoolExecutor.runWorker(ThreadPoolExecutor.java:1149)
	at java.util.concurrent.ThreadPoolExecutor$Worker.run(ThreadPoolExecutor.java:624)
	... 1 more
Caused by: org.apache.ratis.thirdparty.io.netty.channel.AbstractChannel$AnnotatedConnectException: Connection refused: /192.168.69.124:33087
	at sun.nio.ch.SocketChannelImpl.checkConnect(Native Method)
	at sun.nio.ch.SocketChannelImpl.finishConnect(SocketChannelImpl.java:717)
	at org.apache.ratis.thirdparty.io.netty.channel.socket.nio.NioSocketChannel.doFinishConnect(NioSocketChannel.java:327)
	at org.apache.ratis.thirdparty.io.netty.channel.nio.AbstractNioChannel$AbstractNioUnsafe.finishConnect(AbstractNioChannel.java:340)
	at org.apache.ratis.thirdparty.io.netty.channel.nio.NioEventLoop.processSelectedKey(NioEventLoop.java:632)
	at org.apache.ratis.thirdparty.io.netty.channel.nio.NioEventLoop.processSelectedKeysOptimized(NioEventLoop.java:579)
	at org.apache.ratis.thirdparty.io.netty.channel.nio.NioEventLoop.processSelectedKeys(NioEventLoop.java:496)
	at org.apache.ratis.thirdparty.io.netty.channel.nio.NioEventLoop.run(NioEventLoop.java:458)
	at org.apache.ratis.thirdparty.io.netty.util.concurrent.SingleThreadEventExecutor$5.run(SingleThreadEventExecutor.java:897)
	at org.apache.ratis.thirdparty.io.netty.util.concurrent.FastThreadLocalRunnable.run(FastThreadLocalRunnable.java:30)
	... 1 more
Caused by: java.net.ConnectException: Connection refused
	... 11 more
2019-08-30 00:21:15,539 [0a0299ed-fdd5-4dd1-b1d9-393c3f7f30c8:group-969C60110FB4:LeaderElection89] INFO  impl.RaftServerImpl (RaftServerImpl.java:setRole(171)) - 0a0299ed-fdd5-4dd1-b1d9-393c3f7f30c8:group-969C60110FB4 changes role from CANDIDATE to FOLLOWER at term 4 for DISCOVERED_A_NEW_TERM
2019-08-30 00:21:15,539 [0a0299ed-fdd5-4dd1-b1d9-393c3f7f30c8:group-969C60110FB4:LeaderElection89] INFO  impl.RoleInfo (RoleInfo.java:shutdownLeaderElection(134)) - 0a0299ed-fdd5-4dd1-b1d9-393c3f7f30c8: shutdown LeaderElection
2019-08-30 00:21:15,539 [0a0299ed-fdd5-4dd1-b1d9-393c3f7f30c8:group-969C60110FB4:LeaderElection89] INFO  impl.RoleInfo (RoleInfo.java:updateAndGet(143)) - 0a0299ed-fdd5-4dd1-b1d9-393c3f7f30c8: start FollowerState
2019-08-30 00:21:15,588 [EventQueue-StaleNodeForStaleNodeHandler] INFO  node.StaleNodeHandler (StaleNodeHandler.java:onMessage(58)) - Datanode 722b0ac7-031f-47c9-b3f5-fbc30035f474{ip: 192.168.69.124, host: pr-hdds-2050-pz9tn-2767506387, networkLocation: /default-rack, certSerialId: null} moved to stale state. Finalizing its pipelines [PipelineID=572820ed-a8a1-4fbb-868d-04dfee733899]
2019-08-30 00:21:15,588 [EventQueue-StaleNodeForStaleNodeHandler] INFO  pipeline.SCMPipelineManager (SCMPipelineManager.java:finalizeAndDestroyPipeline(309)) - destroying pipeline:Pipeline[ Id: 572820ed-a8a1-4fbb-868d-04dfee733899, Nodes: 722b0ac7-031f-47c9-b3f5-fbc30035f474{ip: 192.168.69.124, host: pr-hdds-2050-pz9tn-2767506387, networkLocation: /default-rack, certSerialId: null}, Type:RATIS, Factor:ONE, State:OPEN]
2019-08-30 00:21:15,588 [EventQueue-StaleNodeForStaleNodeHandler] INFO  pipeline.PipelineStateManager (PipelineStateManager.java:finalizePipeline(123)) - Pipeline Pipeline[ Id: 572820ed-a8a1-4fbb-868d-04dfee733899, Nodes: 722b0ac7-031f-47c9-b3f5-fbc30035f474{ip: 192.168.69.124, host: pr-hdds-2050-pz9tn-2767506387, networkLocation: /default-rack, certSerialId: null}, Type:RATIS, Factor:ONE, State:CLOSED] moved to CLOSED state
2019-08-30 00:21:15,888 [EventQueue-StaleNodeForStaleNodeHandler] INFO  node.StaleNodeHandler (StaleNodeHandler.java:onMessage(58)) - Datanode 0a0299ed-fdd5-4dd1-b1d9-393c3f7f30c8{ip: 192.168.69.124, host: pr-hdds-2050-pz9tn-2767506387, networkLocation: /default-rack, certSerialId: null} moved to stale state. Finalizing its pipelines [PipelineID=19fbbfcf-28cc-436a-9456-969c60110fb4, PipelineID=4fe21fca-7530-4775-a7a6-4aa22c7bdafc]
2019-08-30 00:21:15,888 [EventQueue-StaleNodeForStaleNodeHandler] INFO  pipeline.SCMPipelineManager (SCMPipelineManager.java:finalizeAndDestroyPipeline(309)) - destroying pipeline:Pipeline[ Id: 19fbbfcf-28cc-436a-9456-969c60110fb4, Nodes: 1701a4f3-0515-4fb0-ace0-0a2e26b8a377{ip: 192.168.69.124, host: pr-hdds-2050-pz9tn-2767506387, networkLocation: /default-rack, certSerialId: null}0a0299ed-fdd5-4dd1-b1d9-393c3f7f30c8{ip: 192.168.69.124, host: pr-hdds-2050-pz9tn-2767506387, networkLocation: /default-rack, certSerialId: null}5d2fad20-58d4-4d60-9035-fb8a022f1e71{ip: 192.168.69.124, host: pr-hdds-2050-pz9tn-2767506387, networkLocation: /default-rack, certSerialId: null}, Type:RATIS, Factor:THREE, State:CLOSED]
2019-08-30 00:21:15,889 [EventQueue-StaleNodeForStaleNodeHandler] INFO  pipeline.SCMPipelineManager (SCMPipelineManager.java:finalizeAndDestroyPipeline(309)) - destroying pipeline:Pipeline[ Id: 4fe21fca-7530-4775-a7a6-4aa22c7bdafc, Nodes: 0a0299ed-fdd5-4dd1-b1d9-393c3f7f30c8{ip: 192.168.69.124, host: pr-hdds-2050-pz9tn-2767506387, networkLocation: /default-rack, certSerialId: null}, Type:RATIS, Factor:ONE, State:OPEN]
2019-08-30 00:21:15,889 [EventQueue-StaleNodeForStaleNodeHandler] INFO  pipeline.PipelineStateManager (PipelineStateManager.java:finalizePipeline(123)) - Pipeline Pipeline[ Id: 4fe21fca-7530-4775-a7a6-4aa22c7bdafc, Nodes: 0a0299ed-fdd5-4dd1-b1d9-393c3f7f30c8{ip: 192.168.69.124, host: pr-hdds-2050-pz9tn-2767506387, networkLocation: /default-rack, certSerialId: null}, Type:RATIS, Factor:ONE, State:CLOSED] moved to CLOSED state
2019-08-30 00:21:16,089 [ForkJoinPool.commonPool-worker-0] INFO  ozoneimpl.OzoneContainer (OzoneContainer.java:stop(215)) - Attempting to stop container services.
2019-08-30 00:21:16,089 [ForkJoinPool.commonPool-worker-0] INFO  impl.RaftServerProxy (RaftServerProxy.java:lambda$close$4(314)) - 0a0299ed-fdd5-4dd1-b1d9-393c3f7f30c8: close
2019-08-30 00:21:16,089 [ForkJoinPool.commonPool-worker-0] INFO  impl.RaftServerImpl (RaftServerImpl.java:lambda$shutdown$3(245)) - 0a0299ed-fdd5-4dd1-b1d9-393c3f7f30c8: shutdown group-969C60110FB4
2019-08-30 00:21:16,090 [ForkJoinPool.commonPool-worker-0] INFO  util.JmxRegister (JmxRegister.java:unregister(73)) - Successfully un-registered JMX Bean with object name Ratis:service=RaftServer,group=group-969C60110FB4,id=0a0299ed-fdd5-4dd1-b1d9-393c3f7f30c8
2019-08-30 00:21:16,090 [ForkJoinPool.commonPool-worker-0] INFO  impl.RoleInfo (RoleInfo.java:shutdownFollowerState(121)) - 0a0299ed-fdd5-4dd1-b1d9-393c3f7f30c8: shutdown FollowerState
2019-08-30 00:21:16,090 [ForkJoinPool.commonPool-worker-0] INFO  impl.StateMachineUpdater (StateMachineUpdater.java:stopAndJoin(115)) - StateMachineUpdater:0a0299ed-fdd5-4dd1-b1d9-393c3f7f30c8:group-969C60110FB4: set stopIndex = 17
2019-08-30 00:21:16,091 [Thread-3856] INFO  impl.FollowerState (FollowerState.java:run(114)) - 0a0299ed-fdd5-4dd1-b1d9-393c3f7f30c8: FollowerState was interrupted: java.lang.InterruptedException: sleep interrupted
2019-08-30 00:21:16,091 [StateMachineUpdater:0a0299ed-fdd5-4dd1-b1d9-393c3f7f30c8:group-969C60110FB4] INFO  ratis.ContainerStateMachine (ContainerStateMachine.java:takeSnapshot(284)) - group-969C60110FB4: Taking a snapshot at:(t:1, i:13) file /workdir/hadoop-ozone/integration-test/target/test-dir/MiniOzoneClusterImpl-843f3514-af11-4b58-9f84-2dae9c3286a9/datanode-0/data/ratis/19fbbfcf-28cc-436a-9456-969c60110fb4/sm/snapshot.1_13
2019-08-30 00:21:16,093 [main] INFO  ozoneimpl.OzoneContainer (OzoneContainer.java:stop(215)) - Attempting to stop container services.
2019-08-30 00:21:16,094 [main] INFO  impl.RaftServerProxy (RaftServerProxy.java:lambda$close$4(314)) - 722b0ac7-031f-47c9-b3f5-fbc30035f474: close
2019-08-30 00:21:16,094 [main] INFO  impl.RaftServerImpl (RaftServerImpl.java:lambda$shutdown$3(245)) - 722b0ac7-031f-47c9-b3f5-fbc30035f474: shutdown group-04DFEE733899
2019-08-30 00:21:16,094 [main] INFO  util.JmxRegister (JmxRegister.java:unregister(73)) - Successfully un-registered JMX Bean with object name Ratis:service=RaftServer,group=group-04DFEE733899,id=722b0ac7-031f-47c9-b3f5-fbc30035f474
2019-08-30 00:21:16,095 [main] INFO  impl.RoleInfo (RoleInfo.java:shutdownLeaderState(104)) - 722b0ac7-031f-47c9-b3f5-fbc30035f474: shutdown LeaderState
2019-08-30 00:21:16,095 [main] INFO  impl.PendingRequests (PendingRequests.java:sendNotLeaderResponses(202)) - 722b0ac7-031f-47c9-b3f5-fbc30035f474-PendingRequests: sendNotLeaderResponses
2019-08-30 00:21:16,096 [main] INFO  impl.StateMachineUpdater (StateMachineUpdater.java:stopAndJoin(115)) - StateMachineUpdater:722b0ac7-031f-47c9-b3f5-fbc30035f474:group-04DFEE733899: set stopIndex = 0
2019-08-30 00:21:16,096 [main] INFO  impl.RaftServerImpl (ServerState.java:close(394)) - 722b0ac7-031f-47c9-b3f5-fbc30035f474:group-04DFEE733899 closes. The last applied log index is 0
2019-08-30 00:21:16,097 [722b0ac7-031f-47c9-b3f5-fbc30035f474-SegmentedRaftLogWorker:Storage Directory /workdir/hadoop-ozone/integration-test/target/test-dir/MiniOzoneClusterImpl-843f3514-af11-4b58-9f84-2dae9c3286a9/datanode-5/data/ratis/572820ed-a8a1-4fbb-868d-04dfee733899] INFO  segmented.SegmentedRaftLogWorker (SegmentedRaftLogWorker.java:run(313)) - 722b0ac7-031f-47c9-b3f5-fbc30035f474-SegmentedRaftLogWorker:Storage Directory /workdir/hadoop-ozone/integration-test/target/test-dir/MiniOzoneClusterImpl-843f3514-af11-4b58-9f84-2dae9c3286a9/datanode-5/data/ratis/572820ed-a8a1-4fbb-868d-04dfee733899 was interrupted, exiting. There are 0 tasks remaining in the queue.
2019-08-30 00:21:16,106 [main] INFO  segmented.SegmentedRaftLogWorker (SegmentedRaftLogWorker.java:close(228)) - 722b0ac7-031f-47c9-b3f5-fbc30035f474-SegmentedRaftLogWorker:Storage Directory /workdir/hadoop-ozone/integration-test/target/test-dir/MiniOzoneClusterImpl-843f3514-af11-4b58-9f84-2dae9c3286a9/datanode-5/data/ratis/572820ed-a8a1-4fbb-868d-04dfee733899 close()
2019-08-30 00:21:16,107 [StateMachineUpdater:0a0299ed-fdd5-4dd1-b1d9-393c3f7f30c8:group-969C60110FB4] INFO  ratis.ContainerStateMachine (ContainerStateMachine.java:takeSnapshot(295)) - group-969C60110FB4: Finished taking a snapshot at:(t:1, i:13) file:/workdir/hadoop-ozone/integration-test/target/test-dir/MiniOzoneClusterImpl-843f3514-af11-4b58-9f84-2dae9c3286a9/datanode-0/data/ratis/19fbbfcf-28cc-436a-9456-969c60110fb4/sm/snapshot.1_13 time:17
2019-08-30 00:21:16,109 [StateMachineUpdater:0a0299ed-fdd5-4dd1-b1d9-393c3f7f30c8:group-969C60110FB4] INFO  impl.StateMachineUpdater (StateMachineUpdater.java:takeSnapshot(242)) - StateMachineUpdater:0a0299ed-fdd5-4dd1-b1d9-393c3f7f30c8:group-969C60110FB4: Took a snapshot at index 13
2019-08-30 00:21:16,109 [main] INFO  server.GrpcService (GrpcService.java:closeImpl(155)) - 722b0ac7-031f-47c9-b3f5-fbc30035f474: shutdown server with port 41299 now
2019-08-30 00:21:16,109 [StateMachineUpdater:0a0299ed-fdd5-4dd1-b1d9-393c3f7f30c8:group-969C60110FB4] INFO  impl.StateMachineUpdater (StateMachineUpdater.java:lambda$new$0(80)) - StateMachineUpdater:0a0299ed-fdd5-4dd1-b1d9-393c3f7f30c8:group-969C60110FB4: snapshotIndex: updateIncreasingly -1 -> 13
2019-08-30 00:21:16,110 [main] INFO  server.GrpcService (GrpcService.java:closeImpl(163)) - 722b0ac7-031f-47c9-b3f5-fbc30035f474: shutdown server with port 41299 successfully
2019-08-30 00:21:16,110 [ForkJoinPool.commonPool-worker-0] INFO  impl.RaftServerImpl (ServerState.java:close(394)) - 0a0299ed-fdd5-4dd1-b1d9-393c3f7f30c8:group-969C60110FB4 closes. The last applied log index is 17
2019-08-30 00:21:16,111 [0a0299ed-fdd5-4dd1-b1d9-393c3f7f30c8-SegmentedRaftLogWorker:Storage Directory /workdir/hadoop-ozone/integration-test/target/test-dir/MiniOzoneClusterImpl-843f3514-af11-4b58-9f84-2dae9c3286a9/datanode-0/data/ratis/19fbbfcf-28cc-436a-9456-969c60110fb4] INFO  segmented.SegmentedRaftLogWorker (SegmentedRaftLogWorker.java:run(313)) - 0a0299ed-fdd5-4dd1-b1d9-393c3f7f30c8-SegmentedRaftLogWorker:Storage Directory /workdir/hadoop-ozone/integration-test/target/test-dir/MiniOzoneClusterImpl-843f3514-af11-4b58-9f84-2dae9c3286a9/datanode-0/data/ratis/19fbbfcf-28cc-436a-9456-969c60110fb4 was interrupted, exiting. There are 0 tasks remaining in the queue.
2019-08-30 00:21:16,112 [ForkJoinPool.commonPool-worker-0] INFO  segmented.SegmentedRaftLogWorker (SegmentedRaftLogWorker.java:close(228)) - 0a0299ed-fdd5-4dd1-b1d9-393c3f7f30c8-SegmentedRaftLogWorker:Storage Directory /workdir/hadoop-ozone/integration-test/target/test-dir/MiniOzoneClusterImpl-843f3514-af11-4b58-9f84-2dae9c3286a9/datanode-0/data/ratis/19fbbfcf-28cc-436a-9456-969c60110fb4 close()
2019-08-30 00:21:16,119 [ForkJoinPool.commonPool-worker-0] INFO  impl.RaftServerImpl (RaftServerImpl.java:lambda$shutdown$3(245)) - 0a0299ed-fdd5-4dd1-b1d9-393c3f7f30c8: shutdown group-4AA22C7BDAFC
2019-08-30 00:21:16,119 [ForkJoinPool.commonPool-worker-0] INFO  util.JmxRegister (JmxRegister.java:unregister(73)) - Successfully un-registered JMX Bean with object name Ratis:service=RaftServer,group=group-4AA22C7BDAFC,id=0a0299ed-fdd5-4dd1-b1d9-393c3f7f30c8
2019-08-30 00:21:16,120 [ForkJoinPool.commonPool-worker-0] INFO  impl.RoleInfo (RoleInfo.java:shutdownLeaderState(104)) - 0a0299ed-fdd5-4dd1-b1d9-393c3f7f30c8: shutdown LeaderState
2019-08-30 00:21:16,120 [ForkJoinPool.commonPool-worker-0] INFO  impl.PendingRequests (PendingRequests.java:sendNotLeaderResponses(202)) - 0a0299ed-fdd5-4dd1-b1d9-393c3f7f30c8-PendingRequests: sendNotLeaderResponses
2019-08-30 00:21:16,120 [refreshUsed-/workdir/hadoop-ozone/integration-test/target/test-dir/MiniOzoneClusterImpl-843f3514-af11-4b58-9f84-2dae9c3286a9/datanode-5/data/containers] WARN  fs.CachingGetSpaceUsed (CachingGetSpaceUsed.java:run(183)) - Thread Interrupted waiting to refresh disk information: sleep interrupted
2019-08-30 00:21:16,121 [ForkJoinPool.commonPool-worker-0] INFO  impl.StateMachineUpdater (StateMachineUpdater.java:stopAndJoin(115)) - StateMachineUpdater:0a0299ed-fdd5-4dd1-b1d9-393c3f7f30c8:group-4AA22C7BDAFC: set stopIndex = 0
2019-08-30 00:21:16,121 [ForkJoinPool.commonPool-worker-0] INFO  impl.RaftServerImpl (ServerState.java:close(394)) - 0a0299ed-fdd5-4dd1-b1d9-393c3f7f30c8:group-4AA22C7BDAFC closes. The last applied log index is 0
2019-08-30 00:21:16,123 [0a0299ed-fdd5-4dd1-b1d9-393c3f7f30c8-SegmentedRaftLogWorker:Storage Directory /workdir/hadoop-ozone/integration-test/target/test-dir/MiniOzoneClusterImpl-843f3514-af11-4b58-9f84-2dae9c3286a9/datanode-0/data/ratis/4fe21fca-7530-4775-a7a6-4aa22c7bdafc] INFO  segmented.SegmentedRaftLogWorker (SegmentedRaftLogWorker.java:run(313)) - 0a0299ed-fdd5-4dd1-b1d9-393c3f7f30c8-SegmentedRaftLogWorker:Storage Directory /workdir/hadoop-ozone/integration-test/target/test-dir/MiniOzoneClusterImpl-843f3514-af11-4b58-9f84-2dae9c3286a9/datanode-0/data/ratis/4fe21fca-7530-4775-a7a6-4aa22c7bdafc was interrupted, exiting. There are 0 tasks remaining in the queue.
2019-08-30 00:21:16,123 [ForkJoinPool.commonPool-worker-0] INFO  segmented.SegmentedRaftLogWorker (SegmentedRaftLogWorker.java:close(228)) - 0a0299ed-fdd5-4dd1-b1d9-393c3f7f30c8-SegmentedRaftLogWorker:Storage Directory /workdir/hadoop-ozone/integration-test/target/test-dir/MiniOzoneClusterImpl-843f3514-af11-4b58-9f84-2dae9c3286a9/datanode-0/data/ratis/4fe21fca-7530-4775-a7a6-4aa22c7bdafc close()
2019-08-30 00:21:16,124 [ForkJoinPool.commonPool-worker-0] INFO  server.GrpcService (GrpcService.java:closeImpl(155)) - 0a0299ed-fdd5-4dd1-b1d9-393c3f7f30c8: shutdown server with port 35657 now
2019-08-30 00:21:16,125 [ForkJoinPool.commonPool-worker-0] INFO  server.GrpcService (GrpcService.java:closeImpl(163)) - 0a0299ed-fdd5-4dd1-b1d9-393c3f7f30c8: shutdown server with port 35657 successfully
2019-08-30 00:21:16,127 [refreshUsed-/workdir/hadoop-ozone/integration-test/target/test-dir/MiniOzoneClusterImpl-843f3514-af11-4b58-9f84-2dae9c3286a9/datanode-0/data/containers] WARN  fs.CachingGetSpaceUsed (CachingGetSpaceUsed.java:run(183)) - Thread Interrupted waiting to refresh disk information: sleep interrupted
2019-08-30 00:21:16,141 [main] INFO  utils.BackgroundService (BackgroundService.java:shutdown(148)) - Shutting down service BlockDeletingService
2019-08-30 00:21:16,145 [main] INFO  statemachine.DatanodeStateMachine (DatanodeStateMachine.java:stopDaemon(395)) - Ozone container server stopped.
2019-08-30 00:21:16,146 [main] INFO  handler.ContextHandler (ContextHandler.java:doStop(910)) - Stopped o.e.j.w.WebAppContext@1a2e563e{/,null,UNAVAILABLE}{/hddsDatanode}
2019-08-30 00:21:16,147 [main] INFO  server.AbstractConnector (AbstractConnector.java:doStop(318)) - Stopped ServerConnector@5b066c33{HTTP/1.1,[http/1.1]}{0.0.0.0:0}
2019-08-30 00:21:16,148 [main] INFO  handler.ContextHandler (ContextHandler.java:doStop(910)) - Stopped o.e.j.s.ServletContextHandler@11e71181{/static,jar:file:/home/user/.m2/repository/org/apache/hadoop/hadoop-hdds-container-service/0.5.0-SNAPSHOT/hadoop-hdds-container-service-0.5.0-SNAPSHOT.jar!/webapps/static,UNAVAILABLE}
2019-08-30 00:21:16,148 [main] INFO  handler.ContextHandler (ContextHandler.java:doStop(910)) - Stopped o.e.j.s.ServletContextHandler@5866731{/logs,file:///workdir/hadoop-ozone/integration-test/target/log,UNAVAILABLE}
2019-08-30 00:21:16,149 [ForkJoinPool.commonPool-worker-0] INFO  utils.BackgroundService (BackgroundService.java:shutdown(148)) - Shutting down service BlockDeletingService
2019-08-30 00:21:16,152 [ForkJoinPool.commonPool-worker-0] INFO  statemachine.DatanodeStateMachine (DatanodeStateMachine.java:stopDaemon(395)) - Ozone container server stopped.
2019-08-30 00:21:16,155 [ForkJoinPool.commonPool-worker-0] INFO  handler.ContextHandler (ContextHandler.java:doStop(910)) - Stopped o.e.j.w.WebAppContext@2484dbb7{/,null,UNAVAILABLE}{/hddsDatanode}
2019-08-30 00:21:16,156 [ForkJoinPool.commonPool-worker-0] INFO  server.AbstractConnector (AbstractConnector.java:doStop(318)) - Stopped ServerConnector@111cba40{HTTP/1.1,[http/1.1]}{0.0.0.0:0}
2019-08-30 00:21:16,157 [ForkJoinPool.commonPool-worker-0] INFO  handler.ContextHandler (ContextHandler.java:doStop(910)) - Stopped o.e.j.s.ServletContextHandler@430df350{/static,jar:file:/home/user/.m2/repository/org/apache/hadoop/hadoop-hdds-container-service/0.5.0-SNAPSHOT/hadoop-hdds-container-service-0.5.0-SNAPSHOT.jar!/webapps/static,UNAVAILABLE}
2019-08-30 00:21:16,158 [ForkJoinPool.commonPool-worker-0] INFO  handler.ContextHandler (ContextHandler.java:doStop(910)) - Stopped o.e.j.s.ServletContextHandler@571a663c{/logs,file:///workdir/hadoop-ozone/integration-test/target/log,UNAVAILABLE}
2019-08-30 00:21:16,159 [main] INFO  ozone.MiniOzoneClusterImpl (MiniOzoneClusterImpl.java:stop(339)) - Stopping the StorageContainerManager
2019-08-30 00:21:16,159 [main] INFO  server.StorageContainerManager (StorageContainerManager.java:stop(797)) - Stopping Replication Manager Service.
2019-08-30 00:21:16,159 [main] INFO  container.ReplicationManager (ReplicationManager.java:stop(193)) - Stopping Replication Monitor Thread.
2019-08-30 00:21:16,159 [main] INFO  server.StorageContainerManager (StorageContainerManager.java:stop(804)) - Stopping Lease Manager of the command watchers
2019-08-30 00:21:16,159 [main] INFO  server.StorageContainerManager (StorageContainerManager.java:stop(811)) - Stopping datanode service RPC server
2019-08-30 00:21:16,160 [main] INFO  server.SCMDatanodeProtocolServer (SCMDatanodeProtocolServer.java:stop(367)) - Stopping the RPC server for DataNodes
2019-08-30 00:21:16,160 [main] INFO  ipc.Server (Server.java:stop(3082)) - Stopping server on 39268
2019-08-30 00:21:16,163 [IPC Server listener on 39268] INFO  ipc.Server (Server.java:run(1185)) - Stopping IPC Server listener on 39268
2019-08-30 00:21:16,163 [IPC Server Responder] INFO  ipc.Server (Server.java:run(1319)) - Stopping IPC Server Responder
2019-08-30 00:21:16,188 [SCM Heartbeat Processing Thread - 0] WARN  node.NodeStateManager (NodeStateManager.java:scheduleNextHealthCheck(646)) - Current Thread is interrupted, shutting down HB processing thread for Node Manager.
2019-08-30 00:21:16,189 [main] INFO  server.StorageContainerManager (StorageContainerManager.java:stop(819)) - Stopping block service RPC server
2019-08-30 00:21:16,189 [main] INFO  server.SCMBlockProtocolServer (SCMBlockProtocolServer.java:stop(149)) - Stopping the RPC server for Block Protocol
2019-08-30 00:21:16,189 [main] INFO  ipc.Server (Server.java:stop(3082)) - Stopping server on 44528
2019-08-30 00:21:16,191 [IPC Server listener on 44528] INFO  ipc.Server (Server.java:run(1185)) - Stopping IPC Server listener on 44528
2019-08-30 00:21:16,191 [main] INFO  server.StorageContainerManager (StorageContainerManager.java:stop(826)) - Stopping the StorageContainerLocationProtocol RPC server
2019-08-30 00:21:16,192 [main] INFO  server.SCMClientProtocolServer (SCMClientProtocolServer.java:stop(159)) - Stopping the RPC server for Client Protocol
2019-08-30 00:21:16,193 [IPC Server Responder] INFO  ipc.Server (Server.java:run(1319)) - Stopping IPC Server Responder
2019-08-30 00:21:16,193 [main] INFO  ipc.Server (Server.java:stop(3082)) - Stopping server on 42501
2019-08-30 00:21:16,195 [IPC Server listener on 42501] INFO  ipc.Server (Server.java:run(1185)) - Stopping IPC Server listener on 42501
2019-08-30 00:21:16,196 [main] INFO  server.StorageContainerManager (StorageContainerManager.java:stop(833)) - Stopping Storage Container Manager HTTP server.
2019-08-30 00:21:16,196 [IPC Server Responder] INFO  ipc.Server (Server.java:run(1319)) - Stopping IPC Server Responder
2019-08-30 00:21:16,197 [main] INFO  handler.ContextHandler (ContextHandler.java:doStop(910)) - Stopped o.e.j.w.WebAppContext@6c835217{/,null,UNAVAILABLE}{/scm}
2019-08-30 00:21:16,198 [main] INFO  server.AbstractConnector (AbstractConnector.java:doStop(318)) - Stopped ServerConnector@4584304{HTTP/1.1,[http/1.1]}{0.0.0.0:0}
2019-08-30 00:21:16,198 [main] INFO  handler.ContextHandler (ContextHandler.java:doStop(910)) - Stopped o.e.j.s.ServletContextHandler@50bc3219{/static,file:///workdir/hadoop-ozone/integration-test/target/test-classes/webapps/static,UNAVAILABLE}
2019-08-30 00:21:16,198 [main] INFO  handler.ContextHandler (ContextHandler.java:doStop(910)) - Stopped o.e.j.s.ServletContextHandler@6d294ddc{/logs,file:///workdir/hadoop-ozone/integration-test/target/log,UNAVAILABLE}
2019-08-30 00:21:16,199 [main] INFO  server.StorageContainerManager (StorageContainerManager.java:stop(844)) - Stopping Block Manager Service.
2019-08-30 00:21:16,200 [main] INFO  utils.BackgroundService (BackgroundService.java:shutdown(148)) - Shutting down service SCMBlockDeletingService
2019-08-30 00:21:16,200 [main] INFO  utils.BackgroundService (BackgroundService.java:shutdown(148)) - Shutting down service SCMBlockDeletingService
2019-08-30 00:21:16,200 [main] INFO  server.StorageContainerManager (StorageContainerManager.java:stop(866)) - Stopping SCM Event Queue.
2019-08-30 00:21:16,204 [main] INFO  impl.MetricsSystemImpl (MetricsSystemImpl.java:stop(210)) - Stopping HddsDatanode metrics system...
2019-08-30 00:21:16,215 [main] INFO  impl.MetricsSystemImpl (MetricsSystemImpl.java:stop(216)) - HddsDatanode metrics system stopped.
]]></system-out>
  </testcase>
  <testcase name="testFailureWithPrimeSizedData" classname="org.apache.hadoop.ozone.client.rpc.TestBlockOutputStreamWithFailures" time="40.322"/>
  <testcase name="testWatchForCommitWithCloseContainerException" classname="org.apache.hadoop.ozone.client.rpc.TestBlockOutputStreamWithFailures" time="34.886"/>
  <testcase name="testExceptionDuringClose" classname="org.apache.hadoop.ozone.client.rpc.TestBlockOutputStreamWithFailures" time="39.486"/>
</testsuite>