<?xml version="1.0" encoding="UTF-8"?>
<testsuite xmlns:xsi="http://www.w3.org/2001/XMLSchema-instance" xsi:noNamespaceSchemaLocation="https://maven.apache.org/surefire/maven-surefire-plugin/xsd/surefire-test-report.xsd" name="org.apache.hadoop.ozone.client.rpc.Test2WayCommitInRatis" time="32.193" tests="1" errors="1" skipped="0" failures="0">
  <properties>
    <property name="awt.toolkit" value="sun.awt.X11.XToolkit"/>
    <property name="file.encoding.pkg" value="sun.io"/>
    <property name="java.specification.version" value="1.8"/>
    <property name="sun.cpu.isalist" value=""/>
    <property name="sun.jnu.encoding" value="UTF-8"/>
    <property name="java.class.path" value="/workdir/hadoop-ozone/integration-test/target/test-classes:/workdir/hadoop-ozone/integration-test/target/classes:/home/user/.m2/repository/org/apache/hadoop/hadoop-ozone-common/0.5.0-SNAPSHOT/hadoop-ozone-common-0.5.0-SNAPSHOT.jar:/home/user/.m2/repository/org/apache/commons/commons-compress/1.4.1/commons-compress-1.4.1.jar:/home/user/.m2/repository/org/tukaani/xz/1.0/xz-1.0.jar:/home/user/.m2/repository/org/apache/hadoop/hadoop-common/3.2.0/hadoop-common-3.2.0.jar:/home/user/.m2/repository/org/apache/hadoop/hadoop-hdfs/3.2.0/hadoop-hdfs-3.2.0.jar:/home/user/.m2/repository/org/apache/hadoop/hadoop-hdfs-client/3.2.0/hadoop-hdfs-client-3.2.0.jar:/home/user/.m2/repository/com/fasterxml/jackson/core/jackson-annotations/2.9.5/jackson-annotations-2.9.5.jar:/home/user/.m2/repository/org/apache/hadoop/hadoop-hdds-common/0.5.0-SNAPSHOT/hadoop-hdds-common-0.5.0-SNAPSHOT.jar:/home/user/.m2/repository/javax/annotation/javax.annotation-api/1.2/javax.annotation-api-1.2.jar:/home/user/.m2/repository/org/apache/ratis/ratis-server/0.4.0-2337318-SNAPSHOT/ratis-server-0.4.0-2337318-SNAPSHOT.jar:/home/user/.m2/repository/org/apache/ratis/ratis-thirdparty-misc/0.2.0/ratis-thirdparty-misc-0.2.0.jar:/home/user/.m2/repository/org/apache/ratis/ratis-proto/0.4.0-2337318-SNAPSHOT/ratis-proto-0.4.0-2337318-SNAPSHOT.jar:/home/user/.m2/repository/org/apache/ratis/ratis-common/0.4.0-2337318-SNAPSHOT/ratis-common-0.4.0-2337318-SNAPSHOT.jar:/home/user/.m2/repository/org/apache/ratis/ratis-client/0.4.0-2337318-SNAPSHOT/ratis-client-0.4.0-2337318-SNAPSHOT.jar:/home/user/.m2/repository/org/apache/ratis/ratis-metrics/0.4.0-2337318-SNAPSHOT/ratis-metrics-0.4.0-2337318-SNAPSHOT.jar:/home/user/.m2/repository/org/apache/ratis/ratis-netty/0.4.0-2337318-SNAPSHOT/ratis-netty-0.4.0-2337318-SNAPSHOT.jar:/home/user/.m2/repository/org/apache/ratis/ratis-grpc/0.4.0-2337318-SNAPSHOT/ratis-grpc-0.4.0-2337318-SNAPSHOT.jar:/home/user/.m2/repository/org/rocksdb/rocksdbjni/6.0.1/rocksdbjni-6.0.1.jar:/home/user/.m2/repository/org/apache/logging/log4j/log4j-api/2.11.0/log4j-api-2.11.0.jar:/home/user/.m2/repository/org/apache/logging/log4j/log4j-core/2.11.0/log4j-core-2.11.0.jar:/home/user/.m2/repository/com/lmax/disruptor/3.4.2/disruptor-3.4.2.jar:/home/user/.m2/repository/org/apache/commons/commons-pool2/2.6.0/commons-pool2-2.6.0.jar:/home/user/.m2/repository/org/bouncycastle/bcpkix-jdk15on/1.60/bcpkix-jdk15on-1.60.jar:/home/user/.m2/repository/commons-validator/commons-validator/1.6/commons-validator-1.6.jar:/home/user/.m2/repository/commons-digester/commons-digester/1.8.1/commons-digester-1.8.1.jar:/home/user/.m2/repository/io/jaegertracing/jaeger-client/0.33.1/jaeger-client-0.33.1.jar:/home/user/.m2/repository/io/jaegertracing/jaeger-thrift/0.33.1/jaeger-thrift-0.33.1.jar:/home/user/.m2/repository/org/apache/thrift/libthrift/0.11.0/libthrift-0.11.0.jar:/home/user/.m2/repository/com/squareup/okhttp3/okhttp/3.9.0/okhttp-3.9.0.jar:/home/user/.m2/repository/com/squareup/okio/okio/1.13.0/okio-1.13.0.jar:/home/user/.m2/repository/io/jaegertracing/jaeger-core/0.33.1/jaeger-core-0.33.1.jar:/home/user/.m2/repository/io/jaegertracing/jaeger-tracerresolver/0.33.1/jaeger-tracerresolver-0.33.1.jar:/home/user/.m2/repository/io/opentracing/contrib/opentracing-tracerresolver/0.1.5/opentracing-tracerresolver-0.1.5.jar:/home/user/.m2/repository/io/opentracing/opentracing-util/0.31.0/opentracing-util-0.31.0.jar:/home/user/.m2/repository/io/opentracing/opentracing-api/0.31.0/opentracing-api-0.31.0.jar:/home/user/.m2/repository/io/opentracing/opentracing-noop/0.31.0/opentracing-noop-0.31.0.jar:/home/user/.m2/repository/org/apache/hadoop/hadoop-hdds-server-framework/0.5.0-SNAPSHOT/hadoop-hdds-server-framework-0.5.0-SNAPSHOT.jar:/home/user/.m2/repository/org/apache/hadoop/hadoop-hdds-container-service/0.5.0-SNAPSHOT/hadoop-hdds-container-service-0.5.0-SNAPSHOT.jar:/home/user/.m2/repository/org/apache/hadoop/hadoop-hdds-client/0.5.0-SNAPSHOT/hadoop-hdds-client-0.5.0-SNAPSHOT.jar:/home/user/.m2/repository/org/apache/hadoop/hadoop-hdds-tools/0.5.0-SNAPSHOT/hadoop-hdds-tools-0.5.0-SNAPSHOT.jar:/home/user/.m2/repository/org/apache/hadoop/hadoop-hdds-server-scm/0.5.0-SNAPSHOT/hadoop-hdds-server-scm-0.5.0-SNAPSHOT.jar:/home/user/.m2/repository/org/apache/hadoop/hadoop-hdds-docs/0.5.0-SNAPSHOT/hadoop-hdds-docs-0.5.0-SNAPSHOT.jar:/home/user/.m2/repository/com/sun/xml/bind/jaxb-impl/2.3.0.1/jaxb-impl-2.3.0.1.jar:/home/user/.m2/repository/com/sun/xml/bind/jaxb-core/2.3.0.1/jaxb-core-2.3.0.1.jar:/home/user/.m2/repository/javax/xml/bind/jaxb-api/2.3.0/jaxb-api-2.3.0.jar:/home/user/.m2/repository/javax/activation/activation/1.1.1/activation-1.1.1.jar:/home/user/.m2/repository/io/dropwizard/metrics/metrics-core/3.2.4/metrics-core-3.2.4.jar:/home/user/.m2/repository/org/hamcrest/hamcrest-all/1.3/hamcrest-all-1.3.jar:/home/user/.m2/repository/org/bouncycastle/bcprov-jdk15on/1.60/bcprov-jdk15on-1.60.jar:/home/user/.m2/repository/info/picocli/picocli/3.9.6/picocli-3.9.6.jar:/home/user/.m2/repository/com/google/protobuf/protobuf-java/2.5.0/protobuf-java-2.5.0.jar:/home/user/.m2/repository/com/google/guava/guava/11.0.2/guava-11.0.2.jar:/home/user/.m2/repository/org/apache/hadoop/hadoop-ozone-ozone-manager/0.5.0-SNAPSHOT/hadoop-ozone-ozone-manager-0.5.0-SNAPSHOT.jar:/home/user/.m2/repository/org/apache/hadoop/hadoop-minikdc/3.2.0/hadoop-minikdc-3.2.0.jar:/home/user/.m2/repository/commons-io/commons-io/2.5/commons-io-2.5.jar:/home/user/.m2/repository/org/apache/kerby/kerb-simplekdc/1.0.1/kerb-simplekdc-1.0.1.jar:/home/user/.m2/repository/org/apache/kerby/kerb-client/1.0.1/kerb-client-1.0.1.jar:/home/user/.m2/repository/org/apache/kerby/kerby-config/1.0.1/kerby-config-1.0.1.jar:/home/user/.m2/repository/org/apache/kerby/kerb-core/1.0.1/kerb-core-1.0.1.jar:/home/user/.m2/repository/org/apache/kerby/kerby-pkix/1.0.1/kerby-pkix-1.0.1.jar:/home/user/.m2/repository/org/apache/kerby/kerby-asn1/1.0.1/kerby-asn1-1.0.1.jar:/home/user/.m2/repository/org/apache/kerby/kerby-util/1.0.1/kerby-util-1.0.1.jar:/home/user/.m2/repository/org/apache/kerby/kerb-common/1.0.1/kerb-common-1.0.1.jar:/home/user/.m2/repository/org/apache/kerby/kerb-crypto/1.0.1/kerb-crypto-1.0.1.jar:/home/user/.m2/repository/org/apache/kerby/kerb-util/1.0.1/kerb-util-1.0.1.jar:/home/user/.m2/repository/org/apache/kerby/token-provider/1.0.1/token-provider-1.0.1.jar:/home/user/.m2/repository/org/apache/kerby/kerb-admin/1.0.1/kerb-admin-1.0.1.jar:/home/user/.m2/repository/org/apache/kerby/kerb-server/1.0.1/kerb-server-1.0.1.jar:/home/user/.m2/repository/org/apache/kerby/kerb-identity/1.0.1/kerb-identity-1.0.1.jar:/home/user/.m2/repository/org/apache/kerby/kerby-xdr/1.0.1/kerby-xdr-1.0.1.jar:/home/user/.m2/repository/org/slf4j/slf4j-log4j12/1.7.25/slf4j-log4j12-1.7.25.jar:/home/user/.m2/repository/org/apache/hadoop/hadoop-ozone-s3gateway/0.5.0-SNAPSHOT/hadoop-ozone-s3gateway-0.5.0-SNAPSHOT.jar:/home/user/.m2/repository/org/jboss/weld/servlet/weld-servlet/2.4.7.Final/weld-servlet-2.4.7.Final.jar:/home/user/.m2/repository/org/glassfish/jersey/containers/jersey-container-servlet-core/2.27/jersey-container-servlet-core-2.27.jar:/home/user/.m2/repository/org/glassfish/hk2/external/javax.inject/2.5.0-b42/javax.inject-2.5.0-b42.jar:/home/user/.m2/repository/org/glassfish/jersey/core/jersey-common/2.27/jersey-common-2.27.jar:/home/user/.m2/repository/org/glassfish/hk2/osgi-resource-locator/1.0.1/osgi-resource-locator-1.0.1.jar:/home/user/.m2/repository/javax/ws/rs/javax.ws.rs-api/2.1/javax.ws.rs-api-2.1.jar:/home/user/.m2/repository/org/glassfish/jersey/ext/cdi/jersey-cdi1x/2.27/jersey-cdi1x-2.27.jar:/home/user/.m2/repository/org/glassfish/jersey/inject/jersey-hk2/2.27/jersey-hk2-2.27.jar:/home/user/.m2/repository/org/glassfish/hk2/hk2-locator/2.5.0-b42/hk2-locator-2.5.0-b42.jar:/home/user/.m2/repository/org/javassist/javassist/3.22.0-CR2/javassist-3.22.0-CR2.jar:/home/user/.m2/repository/org/glassfish/hk2/hk2-api/2.5.0/hk2-api-2.5.0.jar:/home/user/.m2/repository/org/glassfish/hk2/external/jakarta.inject/2.5.0/jakarta.inject-2.5.0.jar:/home/user/.m2/repository/org/glassfish/hk2/hk2-utils/2.5.0/hk2-utils-2.5.0.jar:/home/user/.m2/repository/jakarta/annotation/jakarta.annotation-api/1.3.4/jakarta.annotation-api-1.3.4.jar:/home/user/.m2/repository/org/glassfish/hk2/external/aopalliance-repackaged/2.5.0/aopalliance-repackaged-2.5.0.jar:/home/user/.m2/repository/com/fasterxml/jackson/dataformat/jackson-dataformat-xml/2.9.0/jackson-dataformat-xml-2.9.0.jar:/home/user/.m2/repository/com/fasterxml/jackson/core/jackson-core/2.9.5/jackson-core-2.9.5.jar:/home/user/.m2/repository/com/fasterxml/jackson/module/jackson-module-jaxb-annotations/2.9.5/jackson-module-jaxb-annotations-2.9.5.jar:/home/user/.m2/repository/javax/enterprise/cdi-api/1.2/cdi-api-1.2.jar:/home/user/.m2/repository/javax/el/javax.el-api/3.0.0/javax.el-api-3.0.0.jar:/home/user/.m2/repository/javax/interceptor/javax.interceptor-api/1.2/javax.interceptor-api-1.2.jar:/home/user/.m2/repository/javax/inject/javax.inject/1/javax.inject-1.jar:/home/user/.m2/repository/org/apache/hadoop/hadoop-ozone-csi/0.5.0-SNAPSHOT/hadoop-ozone-csi-0.5.0-SNAPSHOT.jar:/home/user/.m2/repository/com/google/protobuf/protobuf-java-util/3.5.1/protobuf-java-util-3.5.1.jar:/home/user/.m2/repository/org/apache/hadoop/hadoop-hdds-config/0.5.0-SNAPSHOT/hadoop-hdds-config-0.5.0-SNAPSHOT.jar:/home/user/.m2/repository/io/grpc/grpc-netty/1.17.1/grpc-netty-1.17.1.jar:/home/user/.m2/repository/io/grpc/grpc-core/1.17.1/grpc-core-1.17.1.jar:/home/user/.m2/repository/io/grpc/grpc-context/1.17.1/grpc-context-1.17.1.jar:/home/user/.m2/repository/com/google/errorprone/error_prone_annotations/2.2.0/error_prone_annotations-2.2.0.jar:/home/user/.m2/repository/org/codehaus/mojo/animal-sniffer-annotations/1.17/animal-sniffer-annotations-1.17.jar:/home/user/.m2/repository/io/opencensus/opencensus-api/0.17.0/opencensus-api-0.17.0.jar:/home/user/.m2/repository/io/opencensus/opencensus-contrib-grpc-metrics/0.17.0/opencensus-contrib-grpc-metrics-0.17.0.jar:/home/user/.m2/repository/io/netty/netty-codec-http2/4.1.30.Final/netty-codec-http2-4.1.30.Final.jar:/home/user/.m2/repository/io/netty/netty-codec-http/4.1.30.Final/netty-codec-http-4.1.30.Final.jar:/home/user/.m2/repository/io/netty/netty-codec/4.1.30.Final/netty-codec-4.1.30.Final.jar:/home/user/.m2/repository/io/netty/netty-handler/4.1.30.Final/netty-handler-4.1.30.Final.jar:/home/user/.m2/repository/io/netty/netty-handler-proxy/4.1.30.Final/netty-handler-proxy-4.1.30.Final.jar:/home/user/.m2/repository/io/netty/netty-codec-socks/4.1.30.Final/netty-codec-socks-4.1.30.Final.jar:/home/user/.m2/repository/io/netty/netty-transport-native-epoll/4.1.30.Final/netty-transport-native-epoll-4.1.30.Final.jar:/home/user/.m2/repository/io/netty/netty-common/4.1.30.Final/netty-common-4.1.30.Final.jar:/home/user/.m2/repository/io/netty/netty-buffer/4.1.30.Final/netty-buffer-4.1.30.Final.jar:/home/user/.m2/repository/io/netty/netty-transport/4.1.30.Final/netty-transport-4.1.30.Final.jar:/home/user/.m2/repository/io/netty/netty-resolver/4.1.30.Final/netty-resolver-4.1.30.Final.jar:/home/user/.m2/repository/io/netty/netty-transport-native-unix-common/4.1.30.Final/netty-transport-native-unix-common-4.1.30.Final.jar:/home/user/.m2/repository/io/grpc/grpc-protobuf/1.17.1/grpc-protobuf-1.17.1.jar:/home/user/.m2/repository/com/google/api/grpc/proto-google-common-protos/1.0.0/proto-google-common-protos-1.0.0.jar:/home/user/.m2/repository/io/grpc/grpc-protobuf-lite/1.17.1/grpc-protobuf-lite-1.17.1.jar:/home/user/.m2/repository/io/grpc/grpc-stub/1.17.1/grpc-stub-1.17.1.jar:/home/user/.m2/repository/org/apache/hadoop/hadoop-ozone-recon/0.5.0-SNAPSHOT/hadoop-ozone-recon-0.5.0-SNAPSHOT.jar:/home/user/.m2/repository/org/apache/hadoop/hadoop-ozone-reconcodegen/0.5.0-SNAPSHOT/hadoop-ozone-reconcodegen-0.5.0-SNAPSHOT.jar:/home/user/.m2/repository/com/google/inject/extensions/guice-multibindings/4.0/guice-multibindings-4.0.jar:/home/user/.m2/repository/com/google/inject/guice/4.0/guice-4.0.jar:/home/user/.m2/repository/aopalliance/aopalliance/1.0/aopalliance-1.0.jar:/home/user/.m2/repository/com/google/inject/extensions/guice-servlet/4.0/guice-servlet-4.0.jar:/home/user/.m2/repository/org/glassfish/jersey/containers/jersey-container-servlet/2.27/jersey-container-servlet-2.27.jar:/home/user/.m2/repository/org/glassfish/hk2/guice-bridge/2.5.0/guice-bridge-2.5.0.jar:/home/user/.m2/repository/org/glassfish/jersey/core/jersey-server/2.27/jersey-server-2.27.jar:/home/user/.m2/repository/org/glassfish/jersey/core/jersey-client/2.27/jersey-client-2.27.jar:/home/user/.m2/repository/org/glassfish/jersey/media/jersey-media-jaxb/2.27/jersey-media-jaxb-2.27.jar:/home/user/.m2/repository/javax/validation/validation-api/1.1.0.Final/validation-api-1.1.0.Final.jar:/home/user/.m2/repository/org/glassfish/jersey/media/jersey-media-json-jackson/2.27/jersey-media-json-jackson-2.27.jar:/home/user/.m2/repository/org/glassfish/jersey/ext/jersey-entity-filtering/2.27/jersey-entity-filtering-2.27.jar:/home/user/.m2/repository/com/google/inject/extensions/guice-assistedinject/4.0/guice-assistedinject-4.0.jar:/home/user/.m2/repository/org/jooq/jooq/3.11.10/jooq-3.11.10.jar:/home/user/.m2/repository/org/jooq/jooq-meta/3.11.10/jooq-meta-3.11.10.jar:/home/user/.m2/repository/org/jooq/jooq-codegen/3.11.10/jooq-codegen-3.11.10.jar:/home/user/.m2/repository/com/jolbox/bonecp/0.8.0.RELEASE/bonecp-0.8.0.RELEASE.jar:/home/user/.m2/repository/org/xerial/sqlite-jdbc/3.25.2/sqlite-jdbc-3.25.2.jar:/home/user/.m2/repository/org/springframework/spring-jdbc/5.1.3.RELEASE/spring-jdbc-5.1.3.RELEASE.jar:/home/user/.m2/repository/org/springframework/spring-beans/5.1.3.RELEASE/spring-beans-5.1.3.RELEASE.jar:/home/user/.m2/repository/org/springframework/spring-core/5.1.3.RELEASE/spring-core-5.1.3.RELEASE.jar:/home/user/.m2/repository/org/springframework/spring-jcl/5.1.3.RELEASE/spring-jcl-5.1.3.RELEASE.jar:/home/user/.m2/repository/org/springframework/spring-tx/5.1.3.RELEASE/spring-tx-5.1.3.RELEASE.jar:/home/user/.m2/repository/org/apache/hadoop/hadoop-ozone-client/0.5.0-SNAPSHOT/hadoop-ozone-client-0.5.0-SNAPSHOT.jar:/home/user/.m2/repository/commons-lang/commons-lang/2.6/commons-lang-2.6.jar:/home/user/.m2/repository/org/apache/hadoop/hadoop-ozone-ozone-manager/0.5.0-SNAPSHOT/hadoop-ozone-ozone-manager-0.5.0-SNAPSHOT-tests.jar:/home/user/.m2/repository/junit/junit/4.11/junit-4.11.jar:/home/user/.m2/repository/org/hamcrest/hamcrest-core/1.3/hamcrest-core-1.3.jar:/home/user/.m2/repository/org/openjdk/jmh/jmh-core/1.19/jmh-core-1.19.jar:/home/user/.m2/repository/net/sf/jopt-simple/jopt-simple/4.6/jopt-simple-4.6.jar:/home/user/.m2/repository/org/apache/commons/commons-math3/3.1.1/commons-math3-3.1.1.jar:/home/user/.m2/repository/org/openjdk/jmh/jmh-generator-annprocess/1.19/jmh-generator-annprocess-1.19.jar:/home/user/.m2/repository/org/mockito/mockito-all/1.8.5/mockito-all-1.8.5.jar:/home/user/.m2/repository/org/apache/hadoop/hadoop-kms/3.2.0/hadoop-kms-3.2.0.jar:/home/user/.m2/repository/org/apache/hadoop/hadoop-auth/3.2.0/hadoop-auth-3.2.0.jar:/home/user/.m2/repository/com/nimbusds/nimbus-jose-jwt/4.41.1/nimbus-jose-jwt-4.41.1.jar:/home/user/.m2/repository/com/github/stephenc/jcip/jcip-annotations/1.0-1/jcip-annotations-1.0-1.jar:/home/user/.m2/repository/net/minidev/json-smart/2.3/json-smart-2.3.jar:/home/user/.m2/repository/net/minidev/accessors-smart/1.2/accessors-smart-1.2.jar:/home/user/.m2/repository/org/ow2/asm/asm/5.0.4/asm-5.0.4.jar:/home/user/.m2/repository/org/apache/curator/curator-framework/2.12.0/curator-framework-2.12.0.jar:/home/user/.m2/repository/com/sun/jersey/jersey-core/1.19/jersey-core-1.19.jar:/home/user/.m2/repository/javax/ws/rs/jsr311-api/1.1.1/jsr311-api-1.1.1.jar:/home/user/.m2/repository/com/sun/jersey/jersey-server/1.19/jersey-server-1.19.jar:/home/user/.m2/repository/javax/servlet/javax.servlet-api/3.1.0/javax.servlet-api-3.1.0.jar:/home/user/.m2/repository/org/eclipse/jetty/jetty-server/9.3.24.v20180605/jetty-server-9.3.24.v20180605.jar:/home/user/.m2/repository/org/eclipse/jetty/jetty-http/9.3.24.v20180605/jetty-http-9.3.24.v20180605.jar:/home/user/.m2/repository/org/eclipse/jetty/jetty-io/9.3.24.v20180605/jetty-io-9.3.24.v20180605.jar:/home/user/.m2/repository/org/eclipse/jetty/jetty-webapp/9.3.24.v20180605/jetty-webapp-9.3.24.v20180605.jar:/home/user/.m2/repository/org/eclipse/jetty/jetty-xml/9.3.24.v20180605/jetty-xml-9.3.24.v20180605.jar:/home/user/.m2/repository/log4j/log4j/1.2.17/log4j-1.2.17.jar:/home/user/.m2/repository/org/slf4j/slf4j-api/1.7.25/slf4j-api-1.7.25.jar:/home/user/.m2/repository/org/slf4j/jul-to-slf4j/1.7.25/jul-to-slf4j-1.7.25.jar:/home/user/.m2/repository/org/eclipse/jetty/jetty-util/9.3.24.v20180605/jetty-util-9.3.24.v20180605.jar:/home/user/.m2/repository/com/fasterxml/jackson/core/jackson-databind/2.9.5/jackson-databind-2.9.5.jar:/home/user/.m2/repository/org/apache/hadoop/hadoop-kms/3.2.0/hadoop-kms-3.2.0-tests.jar:/home/user/.m2/repository/org/apache/hadoop/hadoop-hdds-server-scm/0.5.0-SNAPSHOT/hadoop-hdds-server-scm-0.5.0-SNAPSHOT-tests.jar:/home/user/.m2/repository/org/apache/hadoop/hadoop-hdds-container-service/0.5.0-SNAPSHOT/hadoop-hdds-container-service-0.5.0-SNAPSHOT-tests.jar:/home/user/.m2/repository/org/yaml/snakeyaml/1.16/snakeyaml-1.16.jar:/home/user/.m2/repository/org/apache/hadoop/hadoop-common/3.2.0/hadoop-common-3.2.0-tests.jar:/home/user/.m2/repository/org/apache/hadoop/hadoop-annotations/3.2.0/hadoop-annotations-3.2.0.jar:/usr/lib/jvm/java-1.8-openjdk/jre/../lib/tools.jar:/home/user/.m2/repository/commons-cli/commons-cli/1.2/commons-cli-1.2.jar:/home/user/.m2/repository/org/apache/httpcomponents/httpclient/4.5.2/httpclient-4.5.2.jar:/home/user/.m2/repository/org/apache/httpcomponents/httpcore/4.4.4/httpcore-4.4.4.jar:/home/user/.m2/repository/commons-codec/commons-codec/1.11/commons-codec-1.11.jar:/home/user/.m2/repository/commons-net/commons-net/3.6/commons-net-3.6.jar:/home/user/.m2/repository/commons-collections/commons-collections/3.2.2/commons-collections-3.2.2.jar:/home/user/.m2/repository/org/eclipse/jetty/jetty-servlet/9.3.24.v20180605/jetty-servlet-9.3.24.v20180605.jar:/home/user/.m2/repository/org/eclipse/jetty/jetty-security/9.3.24.v20180605/jetty-security-9.3.24.v20180605.jar:/home/user/.m2/repository/javax/servlet/jsp/jsp-api/2.1/jsp-api-2.1.jar:/home/user/.m2/repository/com/sun/jersey/jersey-servlet/1.19/jersey-servlet-1.19.jar:/home/user/.m2/repository/com/sun/jersey/jersey-json/1.19/jersey-json-1.19.jar:/home/user/.m2/repository/org/codehaus/jettison/jettison/1.1/jettison-1.1.jar:/home/user/.m2/repository/org/codehaus/jackson/jackson-core-asl/1.9.13/jackson-core-asl-1.9.13.jar:/home/user/.m2/repository/org/codehaus/jackson/jackson-mapper-asl/1.9.13/jackson-mapper-asl-1.9.13.jar:/home/user/.m2/repository/org/codehaus/jackson/jackson-jaxrs/1.9.13/jackson-jaxrs-1.9.13.jar:/home/user/.m2/repository/org/codehaus/jackson/jackson-xc/1.9.13/jackson-xc-1.9.13.jar:/home/user/.m2/repository/commons-logging/commons-logging/1.1.3/commons-logging-1.1.3.jar:/home/user/.m2/repository/commons-beanutils/commons-beanutils/1.9.3/commons-beanutils-1.9.3.jar:/home/user/.m2/repository/org/apache/commons/commons-configuration2/2.1.1/commons-configuration2-2.1.1.jar:/home/user/.m2/repository/org/apache/commons/commons-lang3/3.7/commons-lang3-3.7.jar:/home/user/.m2/repository/org/apache/commons/commons-text/1.4/commons-text-1.4.jar:/home/user/.m2/repository/org/apache/avro/avro/1.7.7/avro-1.7.7.jar:/home/user/.m2/repository/com/thoughtworks/paranamer/paranamer/2.3/paranamer-2.3.jar:/home/user/.m2/repository/org/xerial/snappy/snappy-java/1.0.5/snappy-java-1.0.5.jar:/home/user/.m2/repository/com/google/re2j/re2j/1.1/re2j-1.1.jar:/home/user/.m2/repository/com/google/code/gson/gson/2.2.4/gson-2.2.4.jar:/home/user/.m2/repository/com/jcraft/jsch/0.1.54/jsch-0.1.54.jar:/home/user/.m2/repository/org/apache/curator/curator-client/2.12.0/curator-client-2.12.0.jar:/home/user/.m2/repository/org/apache/curator/curator-recipes/2.12.0/curator-recipes-2.12.0.jar:/home/user/.m2/repository/com/google/code/findbugs/jsr305/3.0.0/jsr305-3.0.0.jar:/home/user/.m2/repository/org/apache/htrace/htrace-core4/4.1.0-incubating/htrace-core4-4.1.0-incubating.jar:/home/user/.m2/repository/org/apache/zookeeper/zookeeper/3.4.13/zookeeper-3.4.13.jar:/home/user/.m2/repository/org/apache/yetus/audience-annotations/0.5.0/audience-annotations-0.5.0.jar:/home/user/.m2/repository/org/codehaus/woodstox/stax2-api/3.1.4/stax2-api-3.1.4.jar:/home/user/.m2/repository/com/fasterxml/woodstox/woodstox-core/5.0.3/woodstox-core-5.0.3.jar:/home/user/.m2/repository/dnsjava/dnsjava/2.1.7/dnsjava-2.1.7.jar:/home/user/.m2/repository/org/apache/hadoop/hadoop-hdfs/3.2.0/hadoop-hdfs-3.2.0-tests.jar:/home/user/.m2/repository/org/eclipse/jetty/jetty-util-ajax/9.3.24.v20180605/jetty-util-ajax-9.3.24.v20180605.jar:/home/user/.m2/repository/commons-daemon/commons-daemon/1.0.13/commons-daemon-1.0.13.jar:/home/user/.m2/repository/io/netty/netty/3.10.5.Final/netty-3.10.5.Final.jar:/home/user/.m2/repository/io/netty/netty-all/4.0.52.Final/netty-all-4.0.52.Final.jar:/home/user/.m2/repository/org/fusesource/leveldbjni/leveldbjni-all/1.8/leveldbjni-all-1.8.jar:"/>
    <property name="java.vm.vendor" value="IcedTea"/>
    <property name="sun.arch.data.model" value="64"/>
    <property name="test.build.dir" value="/workdir/hadoop-ozone/integration-test/target/test-dir"/>
    <property name="test.cache.data" value=""/>
    <property name="java.vendor.url" value="https://icedtea.classpath.org"/>
    <property name="user.timezone" value=""/>
    <property name="java.vm.specification.version" value="1.8"/>
    <property name="os.name" value="Linux"/>
    <property name="test.build.data" value="/workdir/hadoop-ozone/integration-test/target/test-dir"/>
    <property name="user.country" value="US"/>
    <property name="sun.java.launcher" value="SUN_STANDARD"/>
    <property name="sun.boot.library.path" value="/usr/lib/jvm/java-1.8-openjdk/jre/lib/amd64"/>
    <property name="sun.java.command" value="/workdir/hadoop-ozone/integration-test/target/surefire/surefirebooter3535880908516204454.jar /workdir/hadoop-ozone/integration-test/target/surefire 2019-08-30T00-02-37_280-jvmRun1 surefire5236509524266411111tmp surefire_249050902222893612898tmp"/>
    <property name="test" value="!TestMiniChaosOzoneCluster"/>
    <property name="surefire.test.class.path" value="/workdir/hadoop-ozone/integration-test/target/test-classes:/workdir/hadoop-ozone/integration-test/target/classes:/home/user/.m2/repository/org/apache/hadoop/hadoop-ozone-common/0.5.0-SNAPSHOT/hadoop-ozone-common-0.5.0-SNAPSHOT.jar:/home/user/.m2/repository/org/apache/commons/commons-compress/1.4.1/commons-compress-1.4.1.jar:/home/user/.m2/repository/org/tukaani/xz/1.0/xz-1.0.jar:/home/user/.m2/repository/org/apache/hadoop/hadoop-common/3.2.0/hadoop-common-3.2.0.jar:/home/user/.m2/repository/org/apache/hadoop/hadoop-hdfs/3.2.0/hadoop-hdfs-3.2.0.jar:/home/user/.m2/repository/org/apache/hadoop/hadoop-hdfs-client/3.2.0/hadoop-hdfs-client-3.2.0.jar:/home/user/.m2/repository/com/fasterxml/jackson/core/jackson-annotations/2.9.5/jackson-annotations-2.9.5.jar:/home/user/.m2/repository/org/apache/hadoop/hadoop-hdds-common/0.5.0-SNAPSHOT/hadoop-hdds-common-0.5.0-SNAPSHOT.jar:/home/user/.m2/repository/javax/annotation/javax.annotation-api/1.2/javax.annotation-api-1.2.jar:/home/user/.m2/repository/org/apache/ratis/ratis-server/0.4.0-2337318-SNAPSHOT/ratis-server-0.4.0-2337318-SNAPSHOT.jar:/home/user/.m2/repository/org/apache/ratis/ratis-thirdparty-misc/0.2.0/ratis-thirdparty-misc-0.2.0.jar:/home/user/.m2/repository/org/apache/ratis/ratis-proto/0.4.0-2337318-SNAPSHOT/ratis-proto-0.4.0-2337318-SNAPSHOT.jar:/home/user/.m2/repository/org/apache/ratis/ratis-common/0.4.0-2337318-SNAPSHOT/ratis-common-0.4.0-2337318-SNAPSHOT.jar:/home/user/.m2/repository/org/apache/ratis/ratis-client/0.4.0-2337318-SNAPSHOT/ratis-client-0.4.0-2337318-SNAPSHOT.jar:/home/user/.m2/repository/org/apache/ratis/ratis-metrics/0.4.0-2337318-SNAPSHOT/ratis-metrics-0.4.0-2337318-SNAPSHOT.jar:/home/user/.m2/repository/org/apache/ratis/ratis-netty/0.4.0-2337318-SNAPSHOT/ratis-netty-0.4.0-2337318-SNAPSHOT.jar:/home/user/.m2/repository/org/apache/ratis/ratis-grpc/0.4.0-2337318-SNAPSHOT/ratis-grpc-0.4.0-2337318-SNAPSHOT.jar:/home/user/.m2/repository/org/rocksdb/rocksdbjni/6.0.1/rocksdbjni-6.0.1.jar:/home/user/.m2/repository/org/apache/logging/log4j/log4j-api/2.11.0/log4j-api-2.11.0.jar:/home/user/.m2/repository/org/apache/logging/log4j/log4j-core/2.11.0/log4j-core-2.11.0.jar:/home/user/.m2/repository/com/lmax/disruptor/3.4.2/disruptor-3.4.2.jar:/home/user/.m2/repository/org/apache/commons/commons-pool2/2.6.0/commons-pool2-2.6.0.jar:/home/user/.m2/repository/org/bouncycastle/bcpkix-jdk15on/1.60/bcpkix-jdk15on-1.60.jar:/home/user/.m2/repository/commons-validator/commons-validator/1.6/commons-validator-1.6.jar:/home/user/.m2/repository/commons-digester/commons-digester/1.8.1/commons-digester-1.8.1.jar:/home/user/.m2/repository/io/jaegertracing/jaeger-client/0.33.1/jaeger-client-0.33.1.jar:/home/user/.m2/repository/io/jaegertracing/jaeger-thrift/0.33.1/jaeger-thrift-0.33.1.jar:/home/user/.m2/repository/org/apache/thrift/libthrift/0.11.0/libthrift-0.11.0.jar:/home/user/.m2/repository/com/squareup/okhttp3/okhttp/3.9.0/okhttp-3.9.0.jar:/home/user/.m2/repository/com/squareup/okio/okio/1.13.0/okio-1.13.0.jar:/home/user/.m2/repository/io/jaegertracing/jaeger-core/0.33.1/jaeger-core-0.33.1.jar:/home/user/.m2/repository/io/jaegertracing/jaeger-tracerresolver/0.33.1/jaeger-tracerresolver-0.33.1.jar:/home/user/.m2/repository/io/opentracing/contrib/opentracing-tracerresolver/0.1.5/opentracing-tracerresolver-0.1.5.jar:/home/user/.m2/repository/io/opentracing/opentracing-util/0.31.0/opentracing-util-0.31.0.jar:/home/user/.m2/repository/io/opentracing/opentracing-api/0.31.0/opentracing-api-0.31.0.jar:/home/user/.m2/repository/io/opentracing/opentracing-noop/0.31.0/opentracing-noop-0.31.0.jar:/home/user/.m2/repository/org/apache/hadoop/hadoop-hdds-server-framework/0.5.0-SNAPSHOT/hadoop-hdds-server-framework-0.5.0-SNAPSHOT.jar:/home/user/.m2/repository/org/apache/hadoop/hadoop-hdds-container-service/0.5.0-SNAPSHOT/hadoop-hdds-container-service-0.5.0-SNAPSHOT.jar:/home/user/.m2/repository/org/apache/hadoop/hadoop-hdds-client/0.5.0-SNAPSHOT/hadoop-hdds-client-0.5.0-SNAPSHOT.jar:/home/user/.m2/repository/org/apache/hadoop/hadoop-hdds-tools/0.5.0-SNAPSHOT/hadoop-hdds-tools-0.5.0-SNAPSHOT.jar:/home/user/.m2/repository/org/apache/hadoop/hadoop-hdds-server-scm/0.5.0-SNAPSHOT/hadoop-hdds-server-scm-0.5.0-SNAPSHOT.jar:/home/user/.m2/repository/org/apache/hadoop/hadoop-hdds-docs/0.5.0-SNAPSHOT/hadoop-hdds-docs-0.5.0-SNAPSHOT.jar:/home/user/.m2/repository/com/sun/xml/bind/jaxb-impl/2.3.0.1/jaxb-impl-2.3.0.1.jar:/home/user/.m2/repository/com/sun/xml/bind/jaxb-core/2.3.0.1/jaxb-core-2.3.0.1.jar:/home/user/.m2/repository/javax/xml/bind/jaxb-api/2.3.0/jaxb-api-2.3.0.jar:/home/user/.m2/repository/javax/activation/activation/1.1.1/activation-1.1.1.jar:/home/user/.m2/repository/io/dropwizard/metrics/metrics-core/3.2.4/metrics-core-3.2.4.jar:/home/user/.m2/repository/org/hamcrest/hamcrest-all/1.3/hamcrest-all-1.3.jar:/home/user/.m2/repository/org/bouncycastle/bcprov-jdk15on/1.60/bcprov-jdk15on-1.60.jar:/home/user/.m2/repository/info/picocli/picocli/3.9.6/picocli-3.9.6.jar:/home/user/.m2/repository/com/google/protobuf/protobuf-java/2.5.0/protobuf-java-2.5.0.jar:/home/user/.m2/repository/com/google/guava/guava/11.0.2/guava-11.0.2.jar:/home/user/.m2/repository/org/apache/hadoop/hadoop-ozone-ozone-manager/0.5.0-SNAPSHOT/hadoop-ozone-ozone-manager-0.5.0-SNAPSHOT.jar:/home/user/.m2/repository/org/apache/hadoop/hadoop-minikdc/3.2.0/hadoop-minikdc-3.2.0.jar:/home/user/.m2/repository/commons-io/commons-io/2.5/commons-io-2.5.jar:/home/user/.m2/repository/org/apache/kerby/kerb-simplekdc/1.0.1/kerb-simplekdc-1.0.1.jar:/home/user/.m2/repository/org/apache/kerby/kerb-client/1.0.1/kerb-client-1.0.1.jar:/home/user/.m2/repository/org/apache/kerby/kerby-config/1.0.1/kerby-config-1.0.1.jar:/home/user/.m2/repository/org/apache/kerby/kerb-core/1.0.1/kerb-core-1.0.1.jar:/home/user/.m2/repository/org/apache/kerby/kerby-pkix/1.0.1/kerby-pkix-1.0.1.jar:/home/user/.m2/repository/org/apache/kerby/kerby-asn1/1.0.1/kerby-asn1-1.0.1.jar:/home/user/.m2/repository/org/apache/kerby/kerby-util/1.0.1/kerby-util-1.0.1.jar:/home/user/.m2/repository/org/apache/kerby/kerb-common/1.0.1/kerb-common-1.0.1.jar:/home/user/.m2/repository/org/apache/kerby/kerb-crypto/1.0.1/kerb-crypto-1.0.1.jar:/home/user/.m2/repository/org/apache/kerby/kerb-util/1.0.1/kerb-util-1.0.1.jar:/home/user/.m2/repository/org/apache/kerby/token-provider/1.0.1/token-provider-1.0.1.jar:/home/user/.m2/repository/org/apache/kerby/kerb-admin/1.0.1/kerb-admin-1.0.1.jar:/home/user/.m2/repository/org/apache/kerby/kerb-server/1.0.1/kerb-server-1.0.1.jar:/home/user/.m2/repository/org/apache/kerby/kerb-identity/1.0.1/kerb-identity-1.0.1.jar:/home/user/.m2/repository/org/apache/kerby/kerby-xdr/1.0.1/kerby-xdr-1.0.1.jar:/home/user/.m2/repository/org/slf4j/slf4j-log4j12/1.7.25/slf4j-log4j12-1.7.25.jar:/home/user/.m2/repository/org/apache/hadoop/hadoop-ozone-s3gateway/0.5.0-SNAPSHOT/hadoop-ozone-s3gateway-0.5.0-SNAPSHOT.jar:/home/user/.m2/repository/org/jboss/weld/servlet/weld-servlet/2.4.7.Final/weld-servlet-2.4.7.Final.jar:/home/user/.m2/repository/org/glassfish/jersey/containers/jersey-container-servlet-core/2.27/jersey-container-servlet-core-2.27.jar:/home/user/.m2/repository/org/glassfish/hk2/external/javax.inject/2.5.0-b42/javax.inject-2.5.0-b42.jar:/home/user/.m2/repository/org/glassfish/jersey/core/jersey-common/2.27/jersey-common-2.27.jar:/home/user/.m2/repository/org/glassfish/hk2/osgi-resource-locator/1.0.1/osgi-resource-locator-1.0.1.jar:/home/user/.m2/repository/javax/ws/rs/javax.ws.rs-api/2.1/javax.ws.rs-api-2.1.jar:/home/user/.m2/repository/org/glassfish/jersey/ext/cdi/jersey-cdi1x/2.27/jersey-cdi1x-2.27.jar:/home/user/.m2/repository/org/glassfish/jersey/inject/jersey-hk2/2.27/jersey-hk2-2.27.jar:/home/user/.m2/repository/org/glassfish/hk2/hk2-locator/2.5.0-b42/hk2-locator-2.5.0-b42.jar:/home/user/.m2/repository/org/javassist/javassist/3.22.0-CR2/javassist-3.22.0-CR2.jar:/home/user/.m2/repository/org/glassfish/hk2/hk2-api/2.5.0/hk2-api-2.5.0.jar:/home/user/.m2/repository/org/glassfish/hk2/external/jakarta.inject/2.5.0/jakarta.inject-2.5.0.jar:/home/user/.m2/repository/org/glassfish/hk2/hk2-utils/2.5.0/hk2-utils-2.5.0.jar:/home/user/.m2/repository/jakarta/annotation/jakarta.annotation-api/1.3.4/jakarta.annotation-api-1.3.4.jar:/home/user/.m2/repository/org/glassfish/hk2/external/aopalliance-repackaged/2.5.0/aopalliance-repackaged-2.5.0.jar:/home/user/.m2/repository/com/fasterxml/jackson/dataformat/jackson-dataformat-xml/2.9.0/jackson-dataformat-xml-2.9.0.jar:/home/user/.m2/repository/com/fasterxml/jackson/core/jackson-core/2.9.5/jackson-core-2.9.5.jar:/home/user/.m2/repository/com/fasterxml/jackson/module/jackson-module-jaxb-annotations/2.9.5/jackson-module-jaxb-annotations-2.9.5.jar:/home/user/.m2/repository/javax/enterprise/cdi-api/1.2/cdi-api-1.2.jar:/home/user/.m2/repository/javax/el/javax.el-api/3.0.0/javax.el-api-3.0.0.jar:/home/user/.m2/repository/javax/interceptor/javax.interceptor-api/1.2/javax.interceptor-api-1.2.jar:/home/user/.m2/repository/javax/inject/javax.inject/1/javax.inject-1.jar:/home/user/.m2/repository/org/apache/hadoop/hadoop-ozone-csi/0.5.0-SNAPSHOT/hadoop-ozone-csi-0.5.0-SNAPSHOT.jar:/home/user/.m2/repository/com/google/protobuf/protobuf-java-util/3.5.1/protobuf-java-util-3.5.1.jar:/home/user/.m2/repository/org/apache/hadoop/hadoop-hdds-config/0.5.0-SNAPSHOT/hadoop-hdds-config-0.5.0-SNAPSHOT.jar:/home/user/.m2/repository/io/grpc/grpc-netty/1.17.1/grpc-netty-1.17.1.jar:/home/user/.m2/repository/io/grpc/grpc-core/1.17.1/grpc-core-1.17.1.jar:/home/user/.m2/repository/io/grpc/grpc-context/1.17.1/grpc-context-1.17.1.jar:/home/user/.m2/repository/com/google/errorprone/error_prone_annotations/2.2.0/error_prone_annotations-2.2.0.jar:/home/user/.m2/repository/org/codehaus/mojo/animal-sniffer-annotations/1.17/animal-sniffer-annotations-1.17.jar:/home/user/.m2/repository/io/opencensus/opencensus-api/0.17.0/opencensus-api-0.17.0.jar:/home/user/.m2/repository/io/opencensus/opencensus-contrib-grpc-metrics/0.17.0/opencensus-contrib-grpc-metrics-0.17.0.jar:/home/user/.m2/repository/io/netty/netty-codec-http2/4.1.30.Final/netty-codec-http2-4.1.30.Final.jar:/home/user/.m2/repository/io/netty/netty-codec-http/4.1.30.Final/netty-codec-http-4.1.30.Final.jar:/home/user/.m2/repository/io/netty/netty-codec/4.1.30.Final/netty-codec-4.1.30.Final.jar:/home/user/.m2/repository/io/netty/netty-handler/4.1.30.Final/netty-handler-4.1.30.Final.jar:/home/user/.m2/repository/io/netty/netty-handler-proxy/4.1.30.Final/netty-handler-proxy-4.1.30.Final.jar:/home/user/.m2/repository/io/netty/netty-codec-socks/4.1.30.Final/netty-codec-socks-4.1.30.Final.jar:/home/user/.m2/repository/io/netty/netty-transport-native-epoll/4.1.30.Final/netty-transport-native-epoll-4.1.30.Final.jar:/home/user/.m2/repository/io/netty/netty-common/4.1.30.Final/netty-common-4.1.30.Final.jar:/home/user/.m2/repository/io/netty/netty-buffer/4.1.30.Final/netty-buffer-4.1.30.Final.jar:/home/user/.m2/repository/io/netty/netty-transport/4.1.30.Final/netty-transport-4.1.30.Final.jar:/home/user/.m2/repository/io/netty/netty-resolver/4.1.30.Final/netty-resolver-4.1.30.Final.jar:/home/user/.m2/repository/io/netty/netty-transport-native-unix-common/4.1.30.Final/netty-transport-native-unix-common-4.1.30.Final.jar:/home/user/.m2/repository/io/grpc/grpc-protobuf/1.17.1/grpc-protobuf-1.17.1.jar:/home/user/.m2/repository/com/google/api/grpc/proto-google-common-protos/1.0.0/proto-google-common-protos-1.0.0.jar:/home/user/.m2/repository/io/grpc/grpc-protobuf-lite/1.17.1/grpc-protobuf-lite-1.17.1.jar:/home/user/.m2/repository/io/grpc/grpc-stub/1.17.1/grpc-stub-1.17.1.jar:/home/user/.m2/repository/org/apache/hadoop/hadoop-ozone-recon/0.5.0-SNAPSHOT/hadoop-ozone-recon-0.5.0-SNAPSHOT.jar:/home/user/.m2/repository/org/apache/hadoop/hadoop-ozone-reconcodegen/0.5.0-SNAPSHOT/hadoop-ozone-reconcodegen-0.5.0-SNAPSHOT.jar:/home/user/.m2/repository/com/google/inject/extensions/guice-multibindings/4.0/guice-multibindings-4.0.jar:/home/user/.m2/repository/com/google/inject/guice/4.0/guice-4.0.jar:/home/user/.m2/repository/aopalliance/aopalliance/1.0/aopalliance-1.0.jar:/home/user/.m2/repository/com/google/inject/extensions/guice-servlet/4.0/guice-servlet-4.0.jar:/home/user/.m2/repository/org/glassfish/jersey/containers/jersey-container-servlet/2.27/jersey-container-servlet-2.27.jar:/home/user/.m2/repository/org/glassfish/hk2/guice-bridge/2.5.0/guice-bridge-2.5.0.jar:/home/user/.m2/repository/org/glassfish/jersey/core/jersey-server/2.27/jersey-server-2.27.jar:/home/user/.m2/repository/org/glassfish/jersey/core/jersey-client/2.27/jersey-client-2.27.jar:/home/user/.m2/repository/org/glassfish/jersey/media/jersey-media-jaxb/2.27/jersey-media-jaxb-2.27.jar:/home/user/.m2/repository/javax/validation/validation-api/1.1.0.Final/validation-api-1.1.0.Final.jar:/home/user/.m2/repository/org/glassfish/jersey/media/jersey-media-json-jackson/2.27/jersey-media-json-jackson-2.27.jar:/home/user/.m2/repository/org/glassfish/jersey/ext/jersey-entity-filtering/2.27/jersey-entity-filtering-2.27.jar:/home/user/.m2/repository/com/google/inject/extensions/guice-assistedinject/4.0/guice-assistedinject-4.0.jar:/home/user/.m2/repository/org/jooq/jooq/3.11.10/jooq-3.11.10.jar:/home/user/.m2/repository/org/jooq/jooq-meta/3.11.10/jooq-meta-3.11.10.jar:/home/user/.m2/repository/org/jooq/jooq-codegen/3.11.10/jooq-codegen-3.11.10.jar:/home/user/.m2/repository/com/jolbox/bonecp/0.8.0.RELEASE/bonecp-0.8.0.RELEASE.jar:/home/user/.m2/repository/org/xerial/sqlite-jdbc/3.25.2/sqlite-jdbc-3.25.2.jar:/home/user/.m2/repository/org/springframework/spring-jdbc/5.1.3.RELEASE/spring-jdbc-5.1.3.RELEASE.jar:/home/user/.m2/repository/org/springframework/spring-beans/5.1.3.RELEASE/spring-beans-5.1.3.RELEASE.jar:/home/user/.m2/repository/org/springframework/spring-core/5.1.3.RELEASE/spring-core-5.1.3.RELEASE.jar:/home/user/.m2/repository/org/springframework/spring-jcl/5.1.3.RELEASE/spring-jcl-5.1.3.RELEASE.jar:/home/user/.m2/repository/org/springframework/spring-tx/5.1.3.RELEASE/spring-tx-5.1.3.RELEASE.jar:/home/user/.m2/repository/org/apache/hadoop/hadoop-ozone-client/0.5.0-SNAPSHOT/hadoop-ozone-client-0.5.0-SNAPSHOT.jar:/home/user/.m2/repository/commons-lang/commons-lang/2.6/commons-lang-2.6.jar:/home/user/.m2/repository/org/apache/hadoop/hadoop-ozone-ozone-manager/0.5.0-SNAPSHOT/hadoop-ozone-ozone-manager-0.5.0-SNAPSHOT-tests.jar:/home/user/.m2/repository/junit/junit/4.11/junit-4.11.jar:/home/user/.m2/repository/org/hamcrest/hamcrest-core/1.3/hamcrest-core-1.3.jar:/home/user/.m2/repository/org/openjdk/jmh/jmh-core/1.19/jmh-core-1.19.jar:/home/user/.m2/repository/net/sf/jopt-simple/jopt-simple/4.6/jopt-simple-4.6.jar:/home/user/.m2/repository/org/apache/commons/commons-math3/3.1.1/commons-math3-3.1.1.jar:/home/user/.m2/repository/org/openjdk/jmh/jmh-generator-annprocess/1.19/jmh-generator-annprocess-1.19.jar:/home/user/.m2/repository/org/mockito/mockito-all/1.8.5/mockito-all-1.8.5.jar:/home/user/.m2/repository/org/apache/hadoop/hadoop-kms/3.2.0/hadoop-kms-3.2.0.jar:/home/user/.m2/repository/org/apache/hadoop/hadoop-auth/3.2.0/hadoop-auth-3.2.0.jar:/home/user/.m2/repository/com/nimbusds/nimbus-jose-jwt/4.41.1/nimbus-jose-jwt-4.41.1.jar:/home/user/.m2/repository/com/github/stephenc/jcip/jcip-annotations/1.0-1/jcip-annotations-1.0-1.jar:/home/user/.m2/repository/net/minidev/json-smart/2.3/json-smart-2.3.jar:/home/user/.m2/repository/net/minidev/accessors-smart/1.2/accessors-smart-1.2.jar:/home/user/.m2/repository/org/ow2/asm/asm/5.0.4/asm-5.0.4.jar:/home/user/.m2/repository/org/apache/curator/curator-framework/2.12.0/curator-framework-2.12.0.jar:/home/user/.m2/repository/com/sun/jersey/jersey-core/1.19/jersey-core-1.19.jar:/home/user/.m2/repository/javax/ws/rs/jsr311-api/1.1.1/jsr311-api-1.1.1.jar:/home/user/.m2/repository/com/sun/jersey/jersey-server/1.19/jersey-server-1.19.jar:/home/user/.m2/repository/javax/servlet/javax.servlet-api/3.1.0/javax.servlet-api-3.1.0.jar:/home/user/.m2/repository/org/eclipse/jetty/jetty-server/9.3.24.v20180605/jetty-server-9.3.24.v20180605.jar:/home/user/.m2/repository/org/eclipse/jetty/jetty-http/9.3.24.v20180605/jetty-http-9.3.24.v20180605.jar:/home/user/.m2/repository/org/eclipse/jetty/jetty-io/9.3.24.v20180605/jetty-io-9.3.24.v20180605.jar:/home/user/.m2/repository/org/eclipse/jetty/jetty-webapp/9.3.24.v20180605/jetty-webapp-9.3.24.v20180605.jar:/home/user/.m2/repository/org/eclipse/jetty/jetty-xml/9.3.24.v20180605/jetty-xml-9.3.24.v20180605.jar:/home/user/.m2/repository/log4j/log4j/1.2.17/log4j-1.2.17.jar:/home/user/.m2/repository/org/slf4j/slf4j-api/1.7.25/slf4j-api-1.7.25.jar:/home/user/.m2/repository/org/slf4j/jul-to-slf4j/1.7.25/jul-to-slf4j-1.7.25.jar:/home/user/.m2/repository/org/eclipse/jetty/jetty-util/9.3.24.v20180605/jetty-util-9.3.24.v20180605.jar:/home/user/.m2/repository/com/fasterxml/jackson/core/jackson-databind/2.9.5/jackson-databind-2.9.5.jar:/home/user/.m2/repository/org/apache/hadoop/hadoop-kms/3.2.0/hadoop-kms-3.2.0-tests.jar:/home/user/.m2/repository/org/apache/hadoop/hadoop-hdds-server-scm/0.5.0-SNAPSHOT/hadoop-hdds-server-scm-0.5.0-SNAPSHOT-tests.jar:/home/user/.m2/repository/org/apache/hadoop/hadoop-hdds-container-service/0.5.0-SNAPSHOT/hadoop-hdds-container-service-0.5.0-SNAPSHOT-tests.jar:/home/user/.m2/repository/org/yaml/snakeyaml/1.16/snakeyaml-1.16.jar:/home/user/.m2/repository/org/apache/hadoop/hadoop-common/3.2.0/hadoop-common-3.2.0-tests.jar:/home/user/.m2/repository/org/apache/hadoop/hadoop-annotations/3.2.0/hadoop-annotations-3.2.0.jar:/usr/lib/jvm/java-1.8-openjdk/jre/../lib/tools.jar:/home/user/.m2/repository/commons-cli/commons-cli/1.2/commons-cli-1.2.jar:/home/user/.m2/repository/org/apache/httpcomponents/httpclient/4.5.2/httpclient-4.5.2.jar:/home/user/.m2/repository/org/apache/httpcomponents/httpcore/4.4.4/httpcore-4.4.4.jar:/home/user/.m2/repository/commons-codec/commons-codec/1.11/commons-codec-1.11.jar:/home/user/.m2/repository/commons-net/commons-net/3.6/commons-net-3.6.jar:/home/user/.m2/repository/commons-collections/commons-collections/3.2.2/commons-collections-3.2.2.jar:/home/user/.m2/repository/org/eclipse/jetty/jetty-servlet/9.3.24.v20180605/jetty-servlet-9.3.24.v20180605.jar:/home/user/.m2/repository/org/eclipse/jetty/jetty-security/9.3.24.v20180605/jetty-security-9.3.24.v20180605.jar:/home/user/.m2/repository/javax/servlet/jsp/jsp-api/2.1/jsp-api-2.1.jar:/home/user/.m2/repository/com/sun/jersey/jersey-servlet/1.19/jersey-servlet-1.19.jar:/home/user/.m2/repository/com/sun/jersey/jersey-json/1.19/jersey-json-1.19.jar:/home/user/.m2/repository/org/codehaus/jettison/jettison/1.1/jettison-1.1.jar:/home/user/.m2/repository/org/codehaus/jackson/jackson-core-asl/1.9.13/jackson-core-asl-1.9.13.jar:/home/user/.m2/repository/org/codehaus/jackson/jackson-mapper-asl/1.9.13/jackson-mapper-asl-1.9.13.jar:/home/user/.m2/repository/org/codehaus/jackson/jackson-jaxrs/1.9.13/jackson-jaxrs-1.9.13.jar:/home/user/.m2/repository/org/codehaus/jackson/jackson-xc/1.9.13/jackson-xc-1.9.13.jar:/home/user/.m2/repository/commons-logging/commons-logging/1.1.3/commons-logging-1.1.3.jar:/home/user/.m2/repository/commons-beanutils/commons-beanutils/1.9.3/commons-beanutils-1.9.3.jar:/home/user/.m2/repository/org/apache/commons/commons-configuration2/2.1.1/commons-configuration2-2.1.1.jar:/home/user/.m2/repository/org/apache/commons/commons-lang3/3.7/commons-lang3-3.7.jar:/home/user/.m2/repository/org/apache/commons/commons-text/1.4/commons-text-1.4.jar:/home/user/.m2/repository/org/apache/avro/avro/1.7.7/avro-1.7.7.jar:/home/user/.m2/repository/com/thoughtworks/paranamer/paranamer/2.3/paranamer-2.3.jar:/home/user/.m2/repository/org/xerial/snappy/snappy-java/1.0.5/snappy-java-1.0.5.jar:/home/user/.m2/repository/com/google/re2j/re2j/1.1/re2j-1.1.jar:/home/user/.m2/repository/com/google/code/gson/gson/2.2.4/gson-2.2.4.jar:/home/user/.m2/repository/com/jcraft/jsch/0.1.54/jsch-0.1.54.jar:/home/user/.m2/repository/org/apache/curator/curator-client/2.12.0/curator-client-2.12.0.jar:/home/user/.m2/repository/org/apache/curator/curator-recipes/2.12.0/curator-recipes-2.12.0.jar:/home/user/.m2/repository/com/google/code/findbugs/jsr305/3.0.0/jsr305-3.0.0.jar:/home/user/.m2/repository/org/apache/htrace/htrace-core4/4.1.0-incubating/htrace-core4-4.1.0-incubating.jar:/home/user/.m2/repository/org/apache/zookeeper/zookeeper/3.4.13/zookeeper-3.4.13.jar:/home/user/.m2/repository/org/apache/yetus/audience-annotations/0.5.0/audience-annotations-0.5.0.jar:/home/user/.m2/repository/org/codehaus/woodstox/stax2-api/3.1.4/stax2-api-3.1.4.jar:/home/user/.m2/repository/com/fasterxml/woodstox/woodstox-core/5.0.3/woodstox-core-5.0.3.jar:/home/user/.m2/repository/dnsjava/dnsjava/2.1.7/dnsjava-2.1.7.jar:/home/user/.m2/repository/org/apache/hadoop/hadoop-hdfs/3.2.0/hadoop-hdfs-3.2.0-tests.jar:/home/user/.m2/repository/org/eclipse/jetty/jetty-util-ajax/9.3.24.v20180605/jetty-util-ajax-9.3.24.v20180605.jar:/home/user/.m2/repository/commons-daemon/commons-daemon/1.0.13/commons-daemon-1.0.13.jar:/home/user/.m2/repository/io/netty/netty/3.10.5.Final/netty-3.10.5.Final.jar:/home/user/.m2/repository/io/netty/netty-all/4.0.52.Final/netty-all-4.0.52.Final.jar:/home/user/.m2/repository/org/fusesource/leveldbjni/leveldbjni-all/1.8/leveldbjni-all-1.8.jar:"/>
    <property name="sun.cpu.endian" value="little"/>
    <property name="user.home" value="/home/user"/>
    <property name="user.language" value="en"/>
    <property name="java.specification.vendor" value="Oracle Corporation"/>
    <property name="java.home" value="/usr/lib/jvm/java-1.8-openjdk/jre"/>
    <property name="java.security.krb5.conf" value="/workdir/hadoop-ozone/integration-test/target/test-classes/krb5.conf"/>
    <property name="basedir" value="/workdir/hadoop-ozone/integration-test"/>
    <property name="file.separator" value="/"/>
    <property name="line.separator" value="&#10;"/>
    <property name="java.vm.specification.vendor" value="Oracle Corporation"/>
    <property name="java.specification.name" value="Java Platform API Specification"/>
    <property name="java.awt.graphicsenv" value="sun.awt.X11GraphicsEnvironment"/>
    <property name="surefire.real.class.path" value="/workdir/hadoop-ozone/integration-test/target/surefire/surefirebooter3535880908516204454.jar"/>
    <property name="hadoop.log.dir" value="/workdir/hadoop-ozone/integration-test/target/log"/>
    <property name="sun.boot.class.path" value="/usr/lib/jvm/java-1.8-openjdk/jre/lib/resources.jar:/usr/lib/jvm/java-1.8-openjdk/jre/lib/rt.jar:/usr/lib/jvm/java-1.8-openjdk/jre/lib/sunrsasign.jar:/usr/lib/jvm/java-1.8-openjdk/jre/lib/jsse.jar:/usr/lib/jvm/java-1.8-openjdk/jre/lib/jce.jar:/usr/lib/jvm/java-1.8-openjdk/jre/lib/charsets.jar:/usr/lib/jvm/java-1.8-openjdk/jre/lib/jfr.jar:/usr/lib/jvm/java-1.8-openjdk/jre/classes"/>
    <property name="sun.management.compiler" value="HotSpot 64-Bit Tiered Compilers"/>
    <property name="java.runtime.version" value="1.8.0_212-b04"/>
    <property name="java.net.preferIPv4Stack" value="true"/>
    <property name="user.name" value="jenkins1000"/>
    <property name="path.separator" value=":"/>
    <property name="java.security.egd" value="file:///dev/urandom"/>
    <property name="os.version" value="3.10.0-957.12.2.el7.x86_64"/>
    <property name="java.endorsed.dirs" value="/usr/lib/jvm/java-1.8-openjdk/jre/lib/endorsed"/>
    <property name="java.runtime.name" value="OpenJDK Runtime Environment"/>
    <property name="file.encoding" value="UTF-8"/>
    <property name="java.vm.name" value="OpenJDK 64-Bit Server VM"/>
    <property name="test.build.webapps" value=""/>
    <property name="localRepository" value="/home/user/.m2/repository"/>
    <property name="java.vendor.url.bug" value="https://icedtea.classpath.org/bugzilla"/>
    <property name="java.io.tmpdir" value="/tmp"/>
    <property name="require.test.libhadoop" value=""/>
    <property name="java.version" value="1.8.0_212"/>
    <property name="user.dir" value="/workdir/hadoop-ozone/integration-test"/>
    <property name="os.arch" value="amd64"/>
    <property name="java.vm.specification.name" value="Java Virtual Machine Specification"/>
    <property name="test.build.classes" value="/workdir/hadoop-ozone/integration-test/target/test-classes"/>
    <property name="java.awt.printerjob" value="sun.print.PSPrinterJob"/>
    <property name="sun.os.patch.level" value="unknown"/>
    <property name="hadoop.tmp.dir" value="/workdir/hadoop-ozone/integration-test/target/tmp"/>
    <property name="java.library.path" value="/usr/lib/jvm/java-1.8-openjdk/jre/lib/amd64/server:/usr/lib/jvm/java-1.8-openjdk/jre/lib/amd64:/usr/lib/jvm/java-1.8-openjdk/jre/../lib/amd64:/workdir/hadoop-ozone/integration-test/target/native/target/usr/local/lib:/workdir/hadoop-ozone/integration-test/../../hadoop-common-project/hadoop-common/target/native/target/usr/local/lib:/usr/java/packages/lib/amd64:/usr/lib64:/lib64:/lib:/usr/lib"/>
    <property name="java.vm.info" value="mixed mode"/>
    <property name="java.vendor" value="IcedTea"/>
    <property name="java.vm.version" value="25.212-b04"/>
    <property name="java.ext.dirs" value="/usr/lib/jvm/java-1.8-openjdk/jre/lib/ext:/usr/java/packages/lib/ext"/>
    <property name="sun.io.unicode.encoding" value="UnicodeLittle"/>
    <property name="java.class.version" value="52.0"/>
  </properties>
  <testcase name="test2WayCommitForRetryfailure" classname="org.apache.hadoop.ozone.client.rpc.Test2WayCommitInRatis" time="32.108">
    <error message="org.apache.ratis.protocol.RaftRetryFailureException: Failed RaftClientRequest:client-10FCE9192EF2-&gt;a12ea28e-4ff8-4509-b8a9-e7419ebd2ad0@group-E323711E83DB, cid=13, seq=1*, RW, org.apache.hadoop.hdds.scm.XceiverClientRatis$$Lambda$312/1465606013@20d77041 for 20 attempts with RetryLimited(maxAttempts=20, sleepTime=1000ms)" type="java.util.concurrent.ExecutionException">java.util.concurrent.ExecutionException: org.apache.ratis.protocol.RaftRetryFailureException: Failed RaftClientRequest:client-10FCE9192EF2->a12ea28e-4ff8-4509-b8a9-e7419ebd2ad0@group-E323711E83DB, cid=13, seq=1*, RW, org.apache.hadoop.hdds.scm.XceiverClientRatis$$Lambda$312/1465606013@20d77041 for 20 attempts with RetryLimited(maxAttempts=20, sleepTime=1000ms)
	at java.util.concurrent.CompletableFuture.reportGet(CompletableFuture.java:357)
	at java.util.concurrent.CompletableFuture.get(CompletableFuture.java:1895)
	at org.apache.hadoop.ozone.client.rpc.Test2WayCommitInRatis.test2WayCommitForRetryfailure(Test2WayCommitInRatis.java:138)
	at sun.reflect.NativeMethodAccessorImpl.invoke0(Native Method)
	at sun.reflect.NativeMethodAccessorImpl.invoke(NativeMethodAccessorImpl.java:62)
	at sun.reflect.DelegatingMethodAccessorImpl.invoke(DelegatingMethodAccessorImpl.java:43)
	at java.lang.reflect.Method.invoke(Method.java:498)
	at org.junit.runners.model.FrameworkMethod$1.runReflectiveCall(FrameworkMethod.java:47)
	at org.junit.internal.runners.model.ReflectiveCallable.run(ReflectiveCallable.java:12)
	at org.junit.runners.model.FrameworkMethod.invokeExplosively(FrameworkMethod.java:44)
	at org.junit.internal.runners.statements.InvokeMethod.evaluate(InvokeMethod.java:17)
	at org.junit.runners.ParentRunner.runLeaf(ParentRunner.java:271)
	at org.junit.runners.BlockJUnit4ClassRunner.runChild(BlockJUnit4ClassRunner.java:70)
	at org.junit.runners.BlockJUnit4ClassRunner.runChild(BlockJUnit4ClassRunner.java:50)
	at org.junit.runners.ParentRunner$3.run(ParentRunner.java:238)
	at org.junit.runners.ParentRunner$1.schedule(ParentRunner.java:63)
	at org.junit.runners.ParentRunner.runChildren(ParentRunner.java:236)
	at org.junit.runners.ParentRunner.access$000(ParentRunner.java:53)
	at org.junit.runners.ParentRunner$2.evaluate(ParentRunner.java:229)
	at org.junit.runners.ParentRunner.run(ParentRunner.java:309)
	at org.apache.maven.surefire.junit4.JUnit4Provider.execute(JUnit4Provider.java:365)
	at org.apache.maven.surefire.junit4.JUnit4Provider.executeWithRerun(JUnit4Provider.java:273)
	at org.apache.maven.surefire.junit4.JUnit4Provider.executeTestSet(JUnit4Provider.java:238)
	at org.apache.maven.surefire.junit4.JUnit4Provider.invoke(JUnit4Provider.java:159)
	at org.apache.maven.surefire.booter.ForkedBooter.invokeProviderInSameClassLoader(ForkedBooter.java:384)
	at org.apache.maven.surefire.booter.ForkedBooter.runSuitesInProcess(ForkedBooter.java:345)
	at org.apache.maven.surefire.booter.ForkedBooter.execute(ForkedBooter.java:126)
	at org.apache.maven.surefire.booter.ForkedBooter.main(ForkedBooter.java:418)
Caused by: org.apache.ratis.protocol.RaftRetryFailureException: Failed RaftClientRequest:client-10FCE9192EF2->a12ea28e-4ff8-4509-b8a9-e7419ebd2ad0@group-E323711E83DB, cid=13, seq=1*, RW, org.apache.hadoop.hdds.scm.XceiverClientRatis$$Lambda$312/1465606013@20d77041 for 20 attempts with RetryLimited(maxAttempts=20, sleepTime=1000ms)
	at org.apache.ratis.client.impl.RaftClientImpl.noMoreRetries(RaftClientImpl.java:272)
	at org.apache.ratis.client.impl.OrderedAsync.handleAsyncRetryFailure(OrderedAsync.java:138)
	at org.apache.ratis.client.impl.OrderedAsync.lambda$sendRequest$10(OrderedAsync.java:230)
	at java.util.concurrent.CompletableFuture.uniExceptionally(CompletableFuture.java:870)
	at java.util.concurrent.CompletableFuture$UniExceptionally.tryFire(CompletableFuture.java:852)
	at java.util.concurrent.CompletableFuture.postComplete(CompletableFuture.java:474)
	at java.util.concurrent.CompletableFuture.completeExceptionally(CompletableFuture.java:1977)
	at org.apache.ratis.grpc.client.GrpcClientProtocolClient$AsyncStreamObservers.completeReplyExceptionally(GrpcClientProtocolClient.java:330)
	at org.apache.ratis.grpc.client.GrpcClientProtocolClient$AsyncStreamObservers.access$000(GrpcClientProtocolClient.java:246)
	at org.apache.ratis.grpc.client.GrpcClientProtocolClient$AsyncStreamObservers$1.onNext(GrpcClientProtocolClient.java:258)
	at org.apache.ratis.grpc.client.GrpcClientProtocolClient$AsyncStreamObservers$1.onNext(GrpcClientProtocolClient.java:249)
	at org.apache.ratis.thirdparty.io.grpc.stub.ClientCalls$StreamObserverToCallListenerAdapter.onMessage(ClientCalls.java:421)
	at org.apache.ratis.thirdparty.io.grpc.ForwardingClientCallListener.onMessage(ForwardingClientCallListener.java:33)
	at org.apache.ratis.thirdparty.io.grpc.ForwardingClientCallListener.onMessage(ForwardingClientCallListener.java:33)
	at org.apache.ratis.thirdparty.io.grpc.internal.ClientCallImpl$ClientStreamListenerImpl$1MessagesAvailable.runInContext(ClientCallImpl.java:519)
	at org.apache.ratis.thirdparty.io.grpc.internal.ContextRunnable.run(ContextRunnable.java:37)
	at org.apache.ratis.thirdparty.io.grpc.internal.SerializingExecutor.run(SerializingExecutor.java:123)
	at java.util.concurrent.ThreadPoolExecutor.runWorker(ThreadPoolExecutor.java:1149)
	at java.util.concurrent.ThreadPoolExecutor$Worker.run(ThreadPoolExecutor.java:624)
	at java.lang.Thread.run(Thread.java:748)
Caused by: org.apache.ratis.protocol.NotLeaderException: Server a12ea28e-4ff8-4509-b8a9-e7419ebd2ad0 is not the leader (d1580c93-e30f-4179-b81b-faa6e700af79:192.168.69.124:35419). Request must be sent to leader.
	at org.apache.ratis.client.impl.ClientProtoUtils.toRaftClientReply(ClientProtoUtils.java:242)
	at org.apache.ratis.grpc.client.GrpcClientProtocolClient$AsyncStreamObservers$1.onNext(GrpcClientProtocolClient.java:254)
	... 10 more
</error>
    <system-out><![CDATA[2019-08-30 00:29:25,523 [main] WARN  server.ServerUtils (ServerUtils.java:getScmDbDir(155)) - ozone.scm.db.dirs is not configured. We recommend adding this setting. Falling back to ozone.metadata.dirs instead.
2019-08-30 00:29:25,638 [main] WARN  server.ServerUtils (ServerUtils.java:getScmDbDir(155)) - ozone.scm.db.dirs is not configured. We recommend adding this setting. Falling back to ozone.metadata.dirs instead.
2019-08-30 00:29:25,641 [main] WARN  server.ServerUtils (ServerUtils.java:getScmDbDir(155)) - ozone.scm.db.dirs is not configured. We recommend adding this setting. Falling back to ozone.metadata.dirs instead.
2019-08-30 00:29:25,660 [main] INFO  util.log (Log.java:initialized(192)) - Logging initialized @965ms
2019-08-30 00:29:25,766 [main] INFO  db.DBStoreBuilder (DBStoreBuilder.java:addTable(110)) - using custom profile for table: deletedBlocks
2019-08-30 00:29:25,767 [main] INFO  db.DBStoreBuilder (DBStoreBuilder.java:processTables(161)) - Using default column profile:DBProfile.DISK for Table:deletedBlocks
2019-08-30 00:29:25,767 [main] INFO  db.DBStoreBuilder (DBStoreBuilder.java:addTable(110)) - using custom profile for table: validCerts
2019-08-30 00:29:25,767 [main] INFO  db.DBStoreBuilder (DBStoreBuilder.java:processTables(161)) - Using default column profile:DBProfile.DISK for Table:validCerts
2019-08-30 00:29:25,768 [main] INFO  db.DBStoreBuilder (DBStoreBuilder.java:addTable(110)) - using custom profile for table: revokedCerts
2019-08-30 00:29:25,768 [main] INFO  db.DBStoreBuilder (DBStoreBuilder.java:processTables(161)) - Using default column profile:DBProfile.DISK for Table:revokedCerts
2019-08-30 00:29:25,781 [main] INFO  db.DBStoreBuilder (DBStoreBuilder.java:addTable(110)) - using custom profile for table: default
2019-08-30 00:29:25,781 [main] INFO  db.DBStoreBuilder (DBStoreBuilder.java:processTables(167)) - Using default column profile:DBProfile.DISK for Table:default
2019-08-30 00:29:25,783 [main] INFO  db.DBStoreBuilder (DBStoreBuilder.java:getDbProfile(198)) - Using default options. DBProfile.DISK
2019-08-30 00:29:26,087 [main] INFO  net.NodeSchemaLoader (NodeSchemaLoader.java:loadSchemaFromFile(125)) - Loading file from sun.misc.CompoundEnumeration@393671df
2019-08-30 00:29:26,089 [main] INFO  net.NodeSchemaLoader (NodeSchemaLoader.java:loadSchema(171)) - Loading network topology layer schema file
2019-08-30 00:29:26,170 [main] WARN  server.ServerUtils (ServerUtils.java:sanitizeUserArgs(70)) - ozone.scm.stale.node.interval value = 300000 is larger than max = 100000 based on the key value of ozone.scm.heartbeat.thread.interval, reset to the max value 100000.
2019-08-30 00:29:26,172 [main] WARN  server.ServerUtils (ServerUtils.java:sanitizeUserArgs(70)) - ozone.scm.stale.node.interval value = 300000 is larger than max = 100000 based on the key value of ozone.scm.heartbeat.thread.interval, reset to the max value 100000.
2019-08-30 00:29:26,174 [main] INFO  node.SCMNodeManager (SCMNodeManager.java:<init>(121)) - Entering startup safe mode.
2019-08-30 00:29:26,248 [main] INFO  algorithms.ContainerPlacementPolicyFactory (ContainerPlacementPolicyFactory.java:getPolicy(55)) - Create container placement policy of type org.apache.hadoop.hdds.scm.container.placement.algorithms.SCMContainerPlacementRandom
2019-08-30 00:29:26,270 [main] WARN  server.ServerUtils (ServerUtils.java:getScmDbDir(155)) - ozone.scm.db.dirs is not configured. We recommend adding this setting. Falling back to ozone.metadata.dirs instead.
2019-08-30 00:29:26,384 [main] INFO  pipeline.SCMPipelineManager (SCMPipelineManager.java:initializePipelineState(126)) - No pipeline exists in current db
2019-08-30 00:29:26,387 [main] WARN  server.ServerUtils (ServerUtils.java:getScmDbDir(155)) - ozone.scm.db.dirs is not configured. We recommend adding this setting. Falling back to ozone.metadata.dirs instead.
2019-08-30 00:29:26,543 [main] WARN  events.EventQueue (EventQueue.java:fireEvent(175)) - No event handler registered for event TypedEvent{payloadType=SafeModeStatus, name='SafeModeStatus'}
2019-08-30 00:29:27,035 [main] INFO  ipc.CallQueueManager (CallQueueManager.java:<init>(84)) - Using callQueue: class java.util.concurrent.LinkedBlockingQueue, queueCapacity: 2000, scheduler: class org.apache.hadoop.ipc.DefaultRpcScheduler, ipcBackoff: false.
2019-08-30 00:29:27,339 [Socket Reader #1 for port 39028] INFO  ipc.Server (Server.java:run(1074)) - Starting Socket Reader #1 for port 39028
2019-08-30 00:29:27,372 [main] INFO  ipc.CallQueueManager (CallQueueManager.java:<init>(84)) - Using callQueue: class java.util.concurrent.LinkedBlockingQueue, queueCapacity: 2000, scheduler: class org.apache.hadoop.ipc.DefaultRpcScheduler, ipcBackoff: false.
2019-08-30 00:29:27,373 [Socket Reader #1 for port 43509] INFO  ipc.Server (Server.java:run(1074)) - Starting Socket Reader #1 for port 43509
2019-08-30 00:29:27,382 [main] INFO  ipc.CallQueueManager (CallQueueManager.java:<init>(84)) - Using callQueue: class java.util.concurrent.LinkedBlockingQueue, queueCapacity: 2000, scheduler: class org.apache.hadoop.ipc.DefaultRpcScheduler, ipcBackoff: false.
2019-08-30 00:29:27,383 [Socket Reader #1 for port 37330] INFO  ipc.Server (Server.java:run(1074)) - Starting Socket Reader #1 for port 37330
2019-08-30 00:29:27,417 [main] INFO  hdfs.DFSUtil (DFSUtil.java:httpServerTemplateForNNAndJN(1641)) - Starting Web-server for scm at: http://0.0.0.0:0
2019-08-30 00:29:27,578 [main] INFO  server.AuthenticationFilter (AuthenticationFilter.java:constructSecretProvider(240)) - Unable to initialize FileSignerSecretProvider, falling back to use random secrets.
2019-08-30 00:29:27,586 [main] WARN  http.HttpRequestLog (HttpRequestLog.java:getRequestLog(97)) - Jetty request log can only be enabled using Log4j
2019-08-30 00:29:27,596 [main] INFO  http.HttpServer2 (HttpServer2.java:addGlobalFilter(975)) - Added global filter 'safety' (class=org.apache.hadoop.http.HttpServer2$QuotingInputFilter)
2019-08-30 00:29:27,600 [main] INFO  http.HttpServer2 (HttpServer2.java:addFilter(948)) - Added filter static_user_filter (class=org.apache.hadoop.http.lib.StaticUserWebFilter$StaticUserFilter) to context scm
2019-08-30 00:29:27,600 [main] INFO  http.HttpServer2 (HttpServer2.java:addFilter(958)) - Added filter static_user_filter (class=org.apache.hadoop.http.lib.StaticUserWebFilter$StaticUserFilter) to context logs
2019-08-30 00:29:27,600 [main] INFO  http.HttpServer2 (HttpServer2.java:addFilter(958)) - Added filter static_user_filter (class=org.apache.hadoop.http.lib.StaticUserWebFilter$StaticUserFilter) to context static
2019-08-30 00:29:27,634 [main] INFO  server.StorageContainerManager (StorageContainerManager.java:start(759)) - StorageContainerLocationProtocol RPC server is listening at /0.0.0.0:37330
2019-08-30 00:29:27,697 [main] WARN  impl.MetricsConfig (MetricsConfig.java:loadFirst(134)) - Cannot locate configuration: tried hadoop-metrics2-storagecontainermanager.properties,hadoop-metrics2.properties
2019-08-30 00:29:27,710 [main] INFO  impl.MetricsSystemImpl (MetricsSystemImpl.java:startTimer(374)) - Scheduled Metric snapshot period at 10 second(s).
2019-08-30 00:29:27,710 [main] INFO  impl.MetricsSystemImpl (MetricsSystemImpl.java:start(191)) - StorageContainerManager metrics system started
2019-08-30 00:29:27,964 [main] INFO  server.SCMClientProtocolServer (SCMClientProtocolServer.java:start(151)) - RPC server for Client  is listening at /0.0.0.0:37330
2019-08-30 00:29:27,964 [IPC Server Responder] INFO  ipc.Server (Server.java:run(1314)) - IPC Server Responder: starting
2019-08-30 00:29:27,964 [IPC Server listener on 37330] INFO  ipc.Server (Server.java:run(1153)) - IPC Server listener on 37330: starting
2019-08-30 00:29:27,967 [main] INFO  server.StorageContainerManager (StorageContainerManager.java:start(769)) - ScmBlockLocationProtocol RPC server is listening at /127.0.0.1:43509
2019-08-30 00:29:27,968 [main] INFO  server.SCMBlockProtocolServer (SCMBlockProtocolServer.java:start(141)) - RPC server for Block Protocol is listening at /127.0.0.1:43509
2019-08-30 00:29:27,968 [IPC Server Responder] INFO  ipc.Server (Server.java:run(1314)) - IPC Server Responder: starting
2019-08-30 00:29:27,968 [IPC Server listener on 43509] INFO  ipc.Server (Server.java:run(1153)) - IPC Server listener on 43509: starting
2019-08-30 00:29:27,971 [main] INFO  server.StorageContainerManager (StorageContainerManager.java:start(773)) - ScmDatanodeProtocl RPC server is listening at /0.0.0.0:39028
2019-08-30 00:29:27,971 [main] INFO  server.SCMDatanodeProtocolServer (SCMDatanodeProtocolServer.java:start(191)) - RPC server for DataNodes is listening at /0.0.0.0:39028
2019-08-30 00:29:27,972 [IPC Server Responder] INFO  ipc.Server (Server.java:run(1314)) - IPC Server Responder: starting
2019-08-30 00:29:27,972 [IPC Server listener on 39028] INFO  ipc.Server (Server.java:run(1153)) - IPC Server listener on 39028: starting
2019-08-30 00:29:27,976 [main] INFO  http.HttpServer2 (HttpServer2.java:bindListener(1191)) - Jetty bound to port 40596
2019-08-30 00:29:27,979 [main] INFO  server.Server (Server.java:doStart(351)) - jetty-9.3.24.v20180605, build timestamp: 2018-06-05T17:11:56Z, git hash: 84205aa28f11a4f31f2a3b86d1bba2cc8ab69827
2019-08-30 00:29:28,021 [main] INFO  handler.ContextHandler (ContextHandler.java:doStart(781)) - Started o.e.j.s.ServletContextHandler@54d18072{/logs,file:///workdir/hadoop-ozone/integration-test/target/log,AVAILABLE}
2019-08-30 00:29:28,022 [main] INFO  handler.ContextHandler (ContextHandler.java:doStart(781)) - Started o.e.j.s.ServletContextHandler@47a5b70d{/static,file:///workdir/hadoop-ozone/integration-test/target/test-classes/webapps/static,AVAILABLE}
2019-08-30 00:29:28,062 [main] INFO  handler.ContextHandler (ContextHandler.java:doStart(781)) - Started o.e.j.w.WebAppContext@48f5bde6{/,file:///workdir/hadoop-ozone/integration-test/target/test-classes/webapps/scm/,AVAILABLE}{/scm}
2019-08-30 00:29:28,069 [main] INFO  server.AbstractConnector (AbstractConnector.java:doStart(278)) - Started ServerConnector@6d511b5f{HTTP/1.1,[http/1.1]}{0.0.0.0:40596}
2019-08-30 00:29:28,069 [main] INFO  server.Server (Server.java:doStart(419)) - Started @3374ms
2019-08-30 00:29:28,072 [main] INFO  server.BaseHttpServer (BaseHttpServer.java:updateConnectorAddress(226)) - HTTP server of SCM is listening at http://0.0.0.0:40596
2019-08-30 00:29:28,080 [org.apache.hadoop.util.JvmPauseMonitor$Monitor@3b1bb3ab] INFO  util.JvmPauseMonitor (JvmPauseMonitor.java:run(188)) - Starting JVM pause monitor
2019-08-30 00:29:28,085 [main] WARN  server.ServerUtils (ServerUtils.java:getDBPath(232)) - ozone.om.db.dirs is not configured. We recommend adding this setting. Falling back to ozone.metadata.dirs instead.
2019-08-30 00:29:28,244 [main] WARN  server.ServerUtils (ServerUtils.java:getDBPath(232)) - ozone.om.db.dirs is not configured. We recommend adding this setting. Falling back to ozone.metadata.dirs instead.
2019-08-30 00:29:28,245 [main] WARN  server.ServerUtils (ServerUtils.java:getDBPath(232)) - ozone.om.db.dirs is not configured. We recommend adding this setting. Falling back to ozone.metadata.dirs instead.
2019-08-30 00:29:28,246 [main] INFO  om.OzoneManager (OzoneManager.java:setOMNodeDetails(645)) - OM Service ID is not set. Setting it to the default ID: omServiceIdDefault
2019-08-30 00:29:28,246 [main] INFO  om.OzoneManager (OzoneManager.java:setOMNodeDetails(651)) - OM Node ID is not set. Setting it to the OmStorage's OmID: bdeb282b-fef0-4f83-bd5f-5792462e7fdd
2019-08-30 00:29:28,247 [main] INFO  om.OzoneManager (OzoneManager.java:loadOMHAConfigs(602)) - Found matching OM address with OMServiceId: null, OMNodeId: null, RPC Address: localhost:0 and Ratis port: 9872
2019-08-30 00:29:28,533 | INFO  | SCMAudit | user=jenkins1000 | ip=127.0.0.1 | op=GET_SCM_INFO null | ret=SUCCESS |  
2019-08-30 00:29:29,062 [main] WARN  server.ServerUtils (ServerUtils.java:getDBPath(232)) - ozone.om.db.dirs is not configured. We recommend adding this setting. Falling back to ozone.metadata.dirs instead.
2019-08-30 00:29:29,075 [main] INFO  db.DBStoreBuilder (DBStoreBuilder.java:addTable(110)) - using custom profile for table: userTable
2019-08-30 00:29:29,075 [main] INFO  db.DBStoreBuilder (DBStoreBuilder.java:processTables(161)) - Using default column profile:DBProfile.DISK for Table:userTable
2019-08-30 00:29:29,075 [main] INFO  db.DBStoreBuilder (DBStoreBuilder.java:addTable(110)) - using custom profile for table: volumeTable
2019-08-30 00:29:29,076 [main] INFO  db.DBStoreBuilder (DBStoreBuilder.java:processTables(161)) - Using default column profile:DBProfile.DISK for Table:volumeTable
2019-08-30 00:29:29,076 [main] INFO  db.DBStoreBuilder (DBStoreBuilder.java:addTable(110)) - using custom profile for table: bucketTable
2019-08-30 00:29:29,076 [main] INFO  db.DBStoreBuilder (DBStoreBuilder.java:processTables(161)) - Using default column profile:DBProfile.DISK for Table:bucketTable
2019-08-30 00:29:29,077 [main] INFO  db.DBStoreBuilder (DBStoreBuilder.java:addTable(110)) - using custom profile for table: keyTable
2019-08-30 00:29:29,077 [main] INFO  db.DBStoreBuilder (DBStoreBuilder.java:processTables(161)) - Using default column profile:DBProfile.DISK for Table:keyTable
2019-08-30 00:29:29,077 [main] INFO  db.DBStoreBuilder (DBStoreBuilder.java:addTable(110)) - using custom profile for table: deletedTable
2019-08-30 00:29:29,077 [main] INFO  db.DBStoreBuilder (DBStoreBuilder.java:processTables(161)) - Using default column profile:DBProfile.DISK for Table:deletedTable
2019-08-30 00:29:29,078 [main] INFO  db.DBStoreBuilder (DBStoreBuilder.java:addTable(110)) - using custom profile for table: openKeyTable
2019-08-30 00:29:29,078 [main] INFO  db.DBStoreBuilder (DBStoreBuilder.java:processTables(161)) - Using default column profile:DBProfile.DISK for Table:openKeyTable
2019-08-30 00:29:29,078 [main] INFO  db.DBStoreBuilder (DBStoreBuilder.java:addTable(110)) - using custom profile for table: s3Table
2019-08-30 00:29:29,079 [main] INFO  db.DBStoreBuilder (DBStoreBuilder.java:processTables(161)) - Using default column profile:DBProfile.DISK for Table:s3Table
2019-08-30 00:29:29,079 [main] INFO  db.DBStoreBuilder (DBStoreBuilder.java:addTable(110)) - using custom profile for table: multipartInfoTable
2019-08-30 00:29:29,079 [main] INFO  db.DBStoreBuilder (DBStoreBuilder.java:processTables(161)) - Using default column profile:DBProfile.DISK for Table:multipartInfoTable
2019-08-30 00:29:29,080 [main] INFO  db.DBStoreBuilder (DBStoreBuilder.java:addTable(110)) - using custom profile for table: dTokenTable
2019-08-30 00:29:29,080 [main] INFO  db.DBStoreBuilder (DBStoreBuilder.java:processTables(161)) - Using default column profile:DBProfile.DISK for Table:dTokenTable
2019-08-30 00:29:29,080 [main] INFO  db.DBStoreBuilder (DBStoreBuilder.java:addTable(110)) - using custom profile for table: s3SecretTable
2019-08-30 00:29:29,081 [main] INFO  db.DBStoreBuilder (DBStoreBuilder.java:processTables(161)) - Using default column profile:DBProfile.DISK for Table:s3SecretTable
2019-08-30 00:29:29,081 [main] INFO  db.DBStoreBuilder (DBStoreBuilder.java:addTable(110)) - using custom profile for table: prefixTable
2019-08-30 00:29:29,081 [main] INFO  db.DBStoreBuilder (DBStoreBuilder.java:processTables(161)) - Using default column profile:DBProfile.DISK for Table:prefixTable
2019-08-30 00:29:29,082 [main] INFO  db.DBStoreBuilder (DBStoreBuilder.java:addTable(110)) - using custom profile for table: default
2019-08-30 00:29:29,082 [main] INFO  db.DBStoreBuilder (DBStoreBuilder.java:processTables(167)) - Using default column profile:DBProfile.DISK for Table:default
2019-08-30 00:29:29,082 [main] INFO  db.DBStoreBuilder (DBStoreBuilder.java:getDbProfile(198)) - Using default options. DBProfile.DISK
2019-08-30 00:29:29,820 [main] INFO  ipc.CallQueueManager (CallQueueManager.java:<init>(84)) - Using callQueue: class java.util.concurrent.LinkedBlockingQueue, queueCapacity: 2000, scheduler: class org.apache.hadoop.ipc.DefaultRpcScheduler, ipcBackoff: false.
2019-08-30 00:29:29,823 [Socket Reader #1 for port 39589] INFO  ipc.Server (Server.java:run(1074)) - Starting Socket Reader #1 for port 39589
2019-08-30 00:29:29,849 [main] INFO  om.OzoneManager (OzoneManager.java:start(1256)) - OzoneManager RPC server is listening at localhost/127.0.0.1:39589
2019-08-30 00:29:29,849 [main] INFO  impl.MetricsSystemImpl (MetricsSystemImpl.java:init(158)) - OzoneManager metrics system started (again)
2019-08-30 00:29:29,851 [IPC Server Responder] INFO  ipc.Server (Server.java:run(1314)) - IPC Server Responder: starting
2019-08-30 00:29:29,851 [IPC Server listener on 39589] INFO  ipc.Server (Server.java:run(1153)) - IPC Server listener on 39589: starting
2019-08-30 00:29:29,858 [main] INFO  hdfs.DFSUtil (DFSUtil.java:httpServerTemplateForNNAndJN(1641)) - Starting Web-server for ozoneManager at: http://0.0.0.0:0
2019-08-30 00:29:29,861 [main] INFO  server.AuthenticationFilter (AuthenticationFilter.java:constructSecretProvider(240)) - Unable to initialize FileSignerSecretProvider, falling back to use random secrets.
2019-08-30 00:29:29,862 [main] WARN  http.HttpRequestLog (HttpRequestLog.java:getRequestLog(97)) - Jetty request log can only be enabled using Log4j
2019-08-30 00:29:29,864 [main] INFO  http.HttpServer2 (HttpServer2.java:addGlobalFilter(975)) - Added global filter 'safety' (class=org.apache.hadoop.http.HttpServer2$QuotingInputFilter)
2019-08-30 00:29:29,865 [main] INFO  http.HttpServer2 (HttpServer2.java:addFilter(948)) - Added filter static_user_filter (class=org.apache.hadoop.http.lib.StaticUserWebFilter$StaticUserFilter) to context ozoneManager
2019-08-30 00:29:29,865 [main] INFO  http.HttpServer2 (HttpServer2.java:addFilter(958)) - Added filter static_user_filter (class=org.apache.hadoop.http.lib.StaticUserWebFilter$StaticUserFilter) to context logs
2019-08-30 00:29:29,866 [main] INFO  http.HttpServer2 (HttpServer2.java:addFilter(958)) - Added filter static_user_filter (class=org.apache.hadoop.http.lib.StaticUserWebFilter$StaticUserFilter) to context static
2019-08-30 00:29:30,084 [main] INFO  http.HttpServer2 (HttpServer2.java:bindListener(1191)) - Jetty bound to port 34747
2019-08-30 00:29:30,085 [main] INFO  server.Server (Server.java:doStart(351)) - jetty-9.3.24.v20180605, build timestamp: 2018-06-05T17:11:56Z, git hash: 84205aa28f11a4f31f2a3b86d1bba2cc8ab69827
2019-08-30 00:29:30,087 [main] INFO  handler.ContextHandler (ContextHandler.java:doStart(781)) - Started o.e.j.s.ServletContextHandler@a64e035{/logs,file:///workdir/hadoop-ozone/integration-test/target/log,AVAILABLE}
2019-08-30 00:29:30,088 [main] INFO  handler.ContextHandler (ContextHandler.java:doStart(781)) - Started o.e.j.s.ServletContextHandler@41c204a0{/static,file:///workdir/hadoop-ozone/integration-test/target/test-classes/webapps/static,AVAILABLE}
2019-08-30 00:29:30,099 [main] INFO  handler.ContextHandler (ContextHandler.java:doStart(781)) - Started o.e.j.w.WebAppContext@7d755813{/,file:///workdir/hadoop-ozone/integration-test/target/test-classes/webapps/ozoneManager/,AVAILABLE}{/ozoneManager}
2019-08-30 00:29:30,100 [main] INFO  server.AbstractConnector (AbstractConnector.java:doStart(278)) - Started ServerConnector@69c93ca4{HTTP/1.1,[http/1.1]}{0.0.0.0:34747}
2019-08-30 00:29:30,101 [main] INFO  server.Server (Server.java:doStart(419)) - Started @5406ms
2019-08-30 00:29:30,103 [main] INFO  server.BaseHttpServer (BaseHttpServer.java:updateConnectorAddress(226)) - HTTP server of OZONEMANAGER is listening at http://0.0.0.0:34747
2019-08-30 00:29:30,288 [main] INFO  impl.MetricsSystemImpl (MetricsSystemImpl.java:init(158)) - HddsDatanode metrics system started (again)
2019-08-30 00:29:30,381 [main] INFO  ozone.HddsDatanodeService (HddsDatanodeService.java:start(190)) - HddsDatanodeService host:pr-hdds-2050-pz9tn-2767506387 ip:192.168.69.124
2019-08-30 00:29:30,414 [main] INFO  volume.HddsVolume (HddsVolume.java:<init>(176)) - Creating Volume: /workdir/hadoop-ozone/integration-test/target/test-dir/MiniOzoneClusterImpl-8399914c-1e04-4a2d-86b1-d53ee4911094/datanode-0/data/containers/hdds of  storage type : DISK and capacity : 1482555576320
2019-08-30 00:29:30,415 [main] INFO  volume.VolumeSet (VolumeSet.java:initializeVolumeSet(170)) - Added Volume : /workdir/hadoop-ozone/integration-test/target/test-dir/MiniOzoneClusterImpl-8399914c-1e04-4a2d-86b1-d53ee4911094/datanode-0/data/containers/hdds to VolumeSet
2019-08-30 00:29:30,418 [main] INFO  volume.ThrottledAsyncChecker (ThrottledAsyncChecker.java:schedule(140)) - Scheduling a check for org.apache.hadoop.ozone.container.common.volume.HddsVolume@58b67519
2019-08-30 00:29:30,436 [main] INFO  volume.HddsVolumeChecker (HddsVolumeChecker.java:checkAllVolumes(203)) - Scheduled health check for volume org.apache.hadoop.ozone.container.common.volume.HddsVolume@58b67519
2019-08-30 00:29:30,538 [main] INFO  impl.RaftServerProxy (ConfUtils.java:logGet(43)) - raft.rpc.type = GRPC (default)
2019-08-30 00:29:30,604 [main] INFO  grpc.GrpcFactory (GrpcFactory.java:checkPooledByteBufAllocatorUseCacheForAllThreads(45)) - PERFORMANCE WARNING: useCacheForAllThreads is true that may cause Netty to create a lot garbage objects and, as a result, trigger GC.
	It is recommended to disable useCacheForAllThreads by setting -Dorg.apache.ratis.thirdparty.io.netty.allocator.useCacheForAllThreads=false in command line.
2019-08-30 00:29:30,608 [main] INFO  grpc.GrpcConfigKeys$Server (ConfUtils.java:logGet(43)) - raft.grpc.server.port = 0 (default)
2019-08-30 00:29:30,609 [main] INFO  server.GrpcService (ConfUtils.java:logGet(43)) - raft.grpc.message.size.max = 33570816 (custom)
2019-08-30 00:29:30,611 [main] INFO  server.RaftServerConfigKeys (ConfUtils.java:logGet(43)) - raft.server.log.appender.buffer.byte-limit = 33554432 (custom)
2019-08-30 00:29:30,612 [main] INFO  server.GrpcService (ConfUtils.java:logGet(43)) - raft.grpc.flow.control.window = 1MB (=1048576) (default)
2019-08-30 00:29:30,612 [main] INFO  server.RaftServerConfigKeys (ConfUtils.java:logGet(43)) - raft.server.rpc.request.timeout = 3000ms (default)
2019-08-30 00:29:30,771 [main] INFO  server.RaftServerConfigKeys (ConfUtils.java:logGet(43)) - raft.server.storage.dir = [/workdir/hadoop-ozone/integration-test/target/test-dir/MiniOzoneClusterImpl-8399914c-1e04-4a2d-86b1-d53ee4911094/datanode-0/data/ratis] (custom)
2019-08-30 00:29:30,810 [main] INFO  replication.SimpleContainerDownloader (SimpleContainerDownloader.java:<init>(72)) - Starting container downloader service to copy containers to replicate.
2019-08-30 00:29:30,823 [main] INFO  hdfs.DFSUtil (DFSUtil.java:httpServerTemplateForNNAndJN(1641)) - Starting Web-server for hddsDatanode at: http://0.0.0.0:0
2019-08-30 00:29:30,825 [main] INFO  server.AuthenticationFilter (AuthenticationFilter.java:constructSecretProvider(240)) - Unable to initialize FileSignerSecretProvider, falling back to use random secrets.
2019-08-30 00:29:30,826 [main] WARN  http.HttpRequestLog (HttpRequestLog.java:getRequestLog(97)) - Jetty request log can only be enabled using Log4j
2019-08-30 00:29:30,827 [main] INFO  http.HttpServer2 (HttpServer2.java:addGlobalFilter(975)) - Added global filter 'safety' (class=org.apache.hadoop.http.HttpServer2$QuotingInputFilter)
2019-08-30 00:29:30,828 [main] INFO  http.HttpServer2 (HttpServer2.java:addFilter(948)) - Added filter static_user_filter (class=org.apache.hadoop.http.lib.StaticUserWebFilter$StaticUserFilter) to context hddsDatanode
2019-08-30 00:29:30,828 [main] INFO  http.HttpServer2 (HttpServer2.java:addFilter(958)) - Added filter static_user_filter (class=org.apache.hadoop.http.lib.StaticUserWebFilter$StaticUserFilter) to context static
2019-08-30 00:29:30,828 [main] INFO  http.HttpServer2 (HttpServer2.java:addFilter(958)) - Added filter static_user_filter (class=org.apache.hadoop.http.lib.StaticUserWebFilter$StaticUserFilter) to context logs
2019-08-30 00:29:30,829 [main] INFO  http.HttpServer2 (HttpServer2.java:bindListener(1191)) - Jetty bound to port 44017
2019-08-30 00:29:30,830 [main] INFO  server.Server (Server.java:doStart(351)) - jetty-9.3.24.v20180605, build timestamp: 2018-06-05T17:11:56Z, git hash: 84205aa28f11a4f31f2a3b86d1bba2cc8ab69827
2019-08-30 00:29:30,832 [main] INFO  handler.ContextHandler (ContextHandler.java:doStart(781)) - Started o.e.j.s.ServletContextHandler@17fa1336{/logs,file:///workdir/hadoop-ozone/integration-test/target/log,AVAILABLE}
2019-08-30 00:29:30,832 [main] INFO  handler.ContextHandler (ContextHandler.java:doStart(781)) - Started o.e.j.s.ServletContextHandler@68b9834c{/static,jar:file:/home/user/.m2/repository/org/apache/hadoop/hadoop-hdds-container-service/0.5.0-SNAPSHOT/hadoop-hdds-container-service-0.5.0-SNAPSHOT.jar!/webapps/static,AVAILABLE}
2019-08-30 00:29:30,864 [main] INFO  handler.ContextHandler (ContextHandler.java:doStart(781)) - Started o.e.j.w.WebAppContext@934b52f{/,file:///tmp/jetty-0.0.0.0-44017-hddsDatanode-_-any-5748068928105910483.dir/webapp/,AVAILABLE}{/hddsDatanode}
2019-08-30 00:29:30,865 [main] INFO  server.AbstractConnector (AbstractConnector.java:doStart(278)) - Started ServerConnector@2630dbc4{HTTP/1.1,[http/1.1]}{0.0.0.0:44017}
2019-08-30 00:29:30,866 [main] INFO  server.Server (Server.java:doStart(419)) - Started @6170ms
2019-08-30 00:29:30,867 [main] INFO  server.BaseHttpServer (BaseHttpServer.java:updateConnectorAddress(226)) - HTTP server of HDDSDATANODE is listening at http://0.0.0.0:44017
2019-08-30 00:29:30,868 [main] INFO  impl.MetricsSystemImpl (MetricsSystemImpl.java:init(158)) - HddsDatanode metrics system started (again)
2019-08-30 00:29:30,871 [main] INFO  ozone.HddsDatanodeService (HddsDatanodeService.java:start(190)) - HddsDatanodeService host:pr-hdds-2050-pz9tn-2767506387 ip:192.168.69.124
2019-08-30 00:29:30,875 [org.apache.hadoop.util.JvmPauseMonitor$Monitor@774293e7] INFO  util.JvmPauseMonitor (JvmPauseMonitor.java:run(188)) - Starting JVM pause monitor
2019-08-30 00:29:30,880 [main] INFO  volume.HddsVolume (HddsVolume.java:<init>(176)) - Creating Volume: /workdir/hadoop-ozone/integration-test/target/test-dir/MiniOzoneClusterImpl-8399914c-1e04-4a2d-86b1-d53ee4911094/datanode-1/data/containers/hdds of  storage type : DISK and capacity : 1482555576320
2019-08-30 00:29:30,880 [main] INFO  volume.VolumeSet (VolumeSet.java:initializeVolumeSet(170)) - Added Volume : /workdir/hadoop-ozone/integration-test/target/test-dir/MiniOzoneClusterImpl-8399914c-1e04-4a2d-86b1-d53ee4911094/datanode-1/data/containers/hdds to VolumeSet
2019-08-30 00:29:30,882 [main] INFO  volume.ThrottledAsyncChecker (ThrottledAsyncChecker.java:schedule(140)) - Scheduling a check for org.apache.hadoop.ozone.container.common.volume.HddsVolume@32130e61
2019-08-30 00:29:30,882 [main] INFO  volume.HddsVolumeChecker (HddsVolumeChecker.java:checkAllVolumes(203)) - Scheduled health check for volume org.apache.hadoop.ozone.container.common.volume.HddsVolume@32130e61
2019-08-30 00:29:30,898 [main] INFO  impl.RaftServerProxy (ConfUtils.java:logGet(43)) - raft.rpc.type = GRPC (default)
2019-08-30 00:29:30,898 [main] INFO  grpc.GrpcFactory (GrpcFactory.java:checkPooledByteBufAllocatorUseCacheForAllThreads(45)) - PERFORMANCE WARNING: useCacheForAllThreads is true that may cause Netty to create a lot garbage objects and, as a result, trigger GC.
	It is recommended to disable useCacheForAllThreads by setting -Dorg.apache.ratis.thirdparty.io.netty.allocator.useCacheForAllThreads=false in command line.
2019-08-30 00:29:30,899 [main] INFO  grpc.GrpcConfigKeys$Server (ConfUtils.java:logGet(43)) - raft.grpc.server.port = 0 (default)
2019-08-30 00:29:30,899 [main] INFO  server.GrpcService (ConfUtils.java:logGet(43)) - raft.grpc.message.size.max = 33570816 (custom)
2019-08-30 00:29:30,899 [main] INFO  server.RaftServerConfigKeys (ConfUtils.java:logGet(43)) - raft.server.log.appender.buffer.byte-limit = 33554432 (custom)
2019-08-30 00:29:30,899 [main] INFO  server.GrpcService (ConfUtils.java:logGet(43)) - raft.grpc.flow.control.window = 1MB (=1048576) (default)
2019-08-30 00:29:30,900 [main] INFO  server.RaftServerConfigKeys (ConfUtils.java:logGet(43)) - raft.server.rpc.request.timeout = 3000ms (default)
2019-08-30 00:29:30,900 [main] INFO  server.RaftServerConfigKeys (ConfUtils.java:logGet(43)) - raft.server.storage.dir = [/workdir/hadoop-ozone/integration-test/target/test-dir/MiniOzoneClusterImpl-8399914c-1e04-4a2d-86b1-d53ee4911094/datanode-1/data/ratis] (custom)
2019-08-30 00:29:30,901 [main] INFO  replication.SimpleContainerDownloader (SimpleContainerDownloader.java:<init>(72)) - Starting container downloader service to copy containers to replicate.
2019-08-30 00:29:30,902 [main] INFO  hdfs.DFSUtil (DFSUtil.java:httpServerTemplateForNNAndJN(1641)) - Starting Web-server for hddsDatanode at: http://0.0.0.0:0
2019-08-30 00:29:30,903 [main] INFO  server.AuthenticationFilter (AuthenticationFilter.java:constructSecretProvider(240)) - Unable to initialize FileSignerSecretProvider, falling back to use random secrets.
2019-08-30 00:29:30,904 [main] WARN  http.HttpRequestLog (HttpRequestLog.java:getRequestLog(97)) - Jetty request log can only be enabled using Log4j
2019-08-30 00:29:30,906 [main] INFO  http.HttpServer2 (HttpServer2.java:addGlobalFilter(975)) - Added global filter 'safety' (class=org.apache.hadoop.http.HttpServer2$QuotingInputFilter)
2019-08-30 00:29:30,906 [main] INFO  http.HttpServer2 (HttpServer2.java:addFilter(948)) - Added filter static_user_filter (class=org.apache.hadoop.http.lib.StaticUserWebFilter$StaticUserFilter) to context hddsDatanode
2019-08-30 00:29:30,907 [main] INFO  http.HttpServer2 (HttpServer2.java:addFilter(958)) - Added filter static_user_filter (class=org.apache.hadoop.http.lib.StaticUserWebFilter$StaticUserFilter) to context logs
2019-08-30 00:29:30,907 [main] INFO  http.HttpServer2 (HttpServer2.java:addFilter(958)) - Added filter static_user_filter (class=org.apache.hadoop.http.lib.StaticUserWebFilter$StaticUserFilter) to context static
2019-08-30 00:29:30,908 [main] INFO  http.HttpServer2 (HttpServer2.java:bindListener(1191)) - Jetty bound to port 45250
2019-08-30 00:29:30,908 [main] INFO  server.Server (Server.java:doStart(351)) - jetty-9.3.24.v20180605, build timestamp: 2018-06-05T17:11:56Z, git hash: 84205aa28f11a4f31f2a3b86d1bba2cc8ab69827
2019-08-30 00:29:30,911 [main] INFO  handler.ContextHandler (ContextHandler.java:doStart(781)) - Started o.e.j.s.ServletContextHandler@4f9a6c2d{/logs,file:///workdir/hadoop-ozone/integration-test/target/log,AVAILABLE}
2019-08-30 00:29:30,912 [main] INFO  handler.ContextHandler (ContextHandler.java:doStart(781)) - Started o.e.j.s.ServletContextHandler@75de6341{/static,jar:file:/home/user/.m2/repository/org/apache/hadoop/hadoop-hdds-container-service/0.5.0-SNAPSHOT/hadoop-hdds-container-service-0.5.0-SNAPSHOT.jar!/webapps/static,AVAILABLE}
2019-08-30 00:29:30,942 [main] INFO  handler.ContextHandler (ContextHandler.java:doStart(781)) - Started o.e.j.w.WebAppContext@64d4f7c7{/,file:///tmp/jetty-0.0.0.0-45250-hddsDatanode-_-any-3011436319302521609.dir/webapp/,AVAILABLE}{/hddsDatanode}
2019-08-30 00:29:30,943 [main] INFO  server.AbstractConnector (AbstractConnector.java:doStart(278)) - Started ServerConnector@54e02f6a{HTTP/1.1,[http/1.1]}{0.0.0.0:45250}
2019-08-30 00:29:30,944 [main] INFO  server.Server (Server.java:doStart(419)) - Started @6249ms
2019-08-30 00:29:30,945 [main] INFO  server.BaseHttpServer (BaseHttpServer.java:updateConnectorAddress(226)) - HTTP server of HDDSDATANODE is listening at http://0.0.0.0:45250
2019-08-30 00:29:30,945 [main] INFO  impl.MetricsSystemImpl (MetricsSystemImpl.java:init(158)) - HddsDatanode metrics system started (again)
2019-08-30 00:29:30,948 [main] INFO  ozone.HddsDatanodeService (HddsDatanodeService.java:start(190)) - HddsDatanodeService host:pr-hdds-2050-pz9tn-2767506387 ip:192.168.69.124
2019-08-30 00:29:30,948 [org.apache.hadoop.util.JvmPauseMonitor$Monitor@75dfa23f] INFO  util.JvmPauseMonitor (JvmPauseMonitor.java:run(188)) - Starting JVM pause monitor
2019-08-30 00:29:30,959 [main] INFO  volume.HddsVolume (HddsVolume.java:<init>(176)) - Creating Volume: /workdir/hadoop-ozone/integration-test/target/test-dir/MiniOzoneClusterImpl-8399914c-1e04-4a2d-86b1-d53ee4911094/datanode-2/data/containers/hdds of  storage type : DISK and capacity : 1482555576320
2019-08-30 00:29:30,959 [main] INFO  volume.VolumeSet (VolumeSet.java:initializeVolumeSet(170)) - Added Volume : /workdir/hadoop-ozone/integration-test/target/test-dir/MiniOzoneClusterImpl-8399914c-1e04-4a2d-86b1-d53ee4911094/datanode-2/data/containers/hdds to VolumeSet
2019-08-30 00:29:30,960 [main] INFO  volume.ThrottledAsyncChecker (ThrottledAsyncChecker.java:schedule(140)) - Scheduling a check for org.apache.hadoop.ozone.container.common.volume.HddsVolume@4acb7ecc
2019-08-30 00:29:30,960 [main] INFO  volume.HddsVolumeChecker (HddsVolumeChecker.java:checkAllVolumes(203)) - Scheduled health check for volume org.apache.hadoop.ozone.container.common.volume.HddsVolume@4acb7ecc
2019-08-30 00:29:30,974 [main] INFO  impl.RaftServerProxy (ConfUtils.java:logGet(43)) - raft.rpc.type = GRPC (default)
2019-08-30 00:29:30,975 [main] INFO  grpc.GrpcFactory (GrpcFactory.java:checkPooledByteBufAllocatorUseCacheForAllThreads(45)) - PERFORMANCE WARNING: useCacheForAllThreads is true that may cause Netty to create a lot garbage objects and, as a result, trigger GC.
	It is recommended to disable useCacheForAllThreads by setting -Dorg.apache.ratis.thirdparty.io.netty.allocator.useCacheForAllThreads=false in command line.
2019-08-30 00:29:30,975 [main] INFO  grpc.GrpcConfigKeys$Server (ConfUtils.java:logGet(43)) - raft.grpc.server.port = 0 (default)
2019-08-30 00:29:30,975 [main] INFO  server.GrpcService (ConfUtils.java:logGet(43)) - raft.grpc.message.size.max = 33570816 (custom)
2019-08-30 00:29:30,976 [main] INFO  server.RaftServerConfigKeys (ConfUtils.java:logGet(43)) - raft.server.log.appender.buffer.byte-limit = 33554432 (custom)
2019-08-30 00:29:30,976 [main] INFO  server.GrpcService (ConfUtils.java:logGet(43)) - raft.grpc.flow.control.window = 1MB (=1048576) (default)
2019-08-30 00:29:30,976 [main] INFO  server.RaftServerConfigKeys (ConfUtils.java:logGet(43)) - raft.server.rpc.request.timeout = 3000ms (default)
2019-08-30 00:29:30,977 [main] INFO  server.RaftServerConfigKeys (ConfUtils.java:logGet(43)) - raft.server.storage.dir = [/workdir/hadoop-ozone/integration-test/target/test-dir/MiniOzoneClusterImpl-8399914c-1e04-4a2d-86b1-d53ee4911094/datanode-2/data/ratis] (custom)
2019-08-30 00:29:30,978 [main] INFO  replication.SimpleContainerDownloader (SimpleContainerDownloader.java:<init>(72)) - Starting container downloader service to copy containers to replicate.
2019-08-30 00:29:30,979 [main] INFO  hdfs.DFSUtil (DFSUtil.java:httpServerTemplateForNNAndJN(1641)) - Starting Web-server for hddsDatanode at: http://0.0.0.0:0
2019-08-30 00:29:30,980 [main] INFO  server.AuthenticationFilter (AuthenticationFilter.java:constructSecretProvider(240)) - Unable to initialize FileSignerSecretProvider, falling back to use random secrets.
2019-08-30 00:29:30,981 [main] WARN  http.HttpRequestLog (HttpRequestLog.java:getRequestLog(97)) - Jetty request log can only be enabled using Log4j
2019-08-30 00:29:30,982 [main] INFO  http.HttpServer2 (HttpServer2.java:addGlobalFilter(975)) - Added global filter 'safety' (class=org.apache.hadoop.http.HttpServer2$QuotingInputFilter)
2019-08-30 00:29:30,983 [main] INFO  http.HttpServer2 (HttpServer2.java:addFilter(948)) - Added filter static_user_filter (class=org.apache.hadoop.http.lib.StaticUserWebFilter$StaticUserFilter) to context hddsDatanode
2019-08-30 00:29:30,983 [main] INFO  http.HttpServer2 (HttpServer2.java:addFilter(958)) - Added filter static_user_filter (class=org.apache.hadoop.http.lib.StaticUserWebFilter$StaticUserFilter) to context logs
2019-08-30 00:29:30,983 [main] INFO  http.HttpServer2 (HttpServer2.java:addFilter(958)) - Added filter static_user_filter (class=org.apache.hadoop.http.lib.StaticUserWebFilter$StaticUserFilter) to context static
2019-08-30 00:29:30,984 [main] INFO  http.HttpServer2 (HttpServer2.java:bindListener(1191)) - Jetty bound to port 44360
2019-08-30 00:29:30,984 [main] INFO  server.Server (Server.java:doStart(351)) - jetty-9.3.24.v20180605, build timestamp: 2018-06-05T17:11:56Z, git hash: 84205aa28f11a4f31f2a3b86d1bba2cc8ab69827
2019-08-30 00:29:30,986 [main] INFO  handler.ContextHandler (ContextHandler.java:doStart(781)) - Started o.e.j.s.ServletContextHandler@4437ac07{/logs,file:///workdir/hadoop-ozone/integration-test/target/log,AVAILABLE}
2019-08-30 00:29:30,987 [main] INFO  handler.ContextHandler (ContextHandler.java:doStart(781)) - Started o.e.j.s.ServletContextHandler@753aca85{/static,jar:file:/home/user/.m2/repository/org/apache/hadoop/hadoop-hdds-container-service/0.5.0-SNAPSHOT/hadoop-hdds-container-service-0.5.0-SNAPSHOT.jar!/webapps/static,AVAILABLE}
2019-08-30 00:29:31,011 [Datanode State Machine Thread - 0] INFO  datanode.InitDatanodeState (InitDatanodeState.java:persistContainerDatanodeDetails(140)) - DatanodeDetails is persisted to /workdir/hadoop-ozone/integration-test/target/test-dir/MiniOzoneClusterImpl-8399914c-1e04-4a2d-86b1-d53ee4911094/datanode-0/meta/datanode.id
2019-08-30 00:29:31,016 [Datanode State Machine Thread - 0] INFO  datanode.InitDatanodeState (InitDatanodeState.java:persistContainerDatanodeDetails(140)) - DatanodeDetails is persisted to /workdir/hadoop-ozone/integration-test/target/test-dir/MiniOzoneClusterImpl-8399914c-1e04-4a2d-86b1-d53ee4911094/datanode-1/meta/datanode.id
2019-08-30 00:29:31,020 [main] INFO  handler.ContextHandler (ContextHandler.java:doStart(781)) - Started o.e.j.w.WebAppContext@648d0e6d{/,file:///tmp/jetty-0.0.0.0-44360-hddsDatanode-_-any-1816624685477961990.dir/webapp/,AVAILABLE}{/hddsDatanode}
2019-08-30 00:29:31,021 [main] INFO  server.AbstractConnector (AbstractConnector.java:doStart(278)) - Started ServerConnector@79e66b2f{HTTP/1.1,[http/1.1]}{0.0.0.0:44360}
2019-08-30 00:29:31,022 [main] INFO  server.Server (Server.java:doStart(419)) - Started @6326ms
2019-08-30 00:29:31,023 [main] INFO  server.BaseHttpServer (BaseHttpServer.java:updateConnectorAddress(226)) - HTTP server of HDDSDATANODE is listening at http://0.0.0.0:44360
2019-08-30 00:29:31,024 [main] INFO  impl.MetricsSystemImpl (MetricsSystemImpl.java:init(158)) - HddsDatanode metrics system started (again)
2019-08-30 00:29:31,027 [org.apache.hadoop.util.JvmPauseMonitor$Monitor@475020c4] INFO  util.JvmPauseMonitor (JvmPauseMonitor.java:run(188)) - Starting JVM pause monitor
2019-08-30 00:29:31,027 [main] INFO  ozone.HddsDatanodeService (HddsDatanodeService.java:start(190)) - HddsDatanodeService host:pr-hdds-2050-pz9tn-2767506387 ip:192.168.69.124
2019-08-30 00:29:31,029 [Datanode State Machine Thread - 0] INFO  datanode.InitDatanodeState (InitDatanodeState.java:persistContainerDatanodeDetails(140)) - DatanodeDetails is persisted to /workdir/hadoop-ozone/integration-test/target/test-dir/MiniOzoneClusterImpl-8399914c-1e04-4a2d-86b1-d53ee4911094/datanode-2/meta/datanode.id
2019-08-30 00:29:31,035 [main] INFO  volume.HddsVolume (HddsVolume.java:<init>(176)) - Creating Volume: /workdir/hadoop-ozone/integration-test/target/test-dir/MiniOzoneClusterImpl-8399914c-1e04-4a2d-86b1-d53ee4911094/datanode-3/data/containers/hdds of  storage type : DISK and capacity : 1482555576320
2019-08-30 00:29:31,036 [main] INFO  volume.VolumeSet (VolumeSet.java:initializeVolumeSet(170)) - Added Volume : /workdir/hadoop-ozone/integration-test/target/test-dir/MiniOzoneClusterImpl-8399914c-1e04-4a2d-86b1-d53ee4911094/datanode-3/data/containers/hdds to VolumeSet
2019-08-30 00:29:31,036 [main] INFO  volume.ThrottledAsyncChecker (ThrottledAsyncChecker.java:schedule(140)) - Scheduling a check for org.apache.hadoop.ozone.container.common.volume.HddsVolume@3743539f
2019-08-30 00:29:31,037 [main] INFO  volume.HddsVolumeChecker (HddsVolumeChecker.java:checkAllVolumes(203)) - Scheduled health check for volume org.apache.hadoop.ozone.container.common.volume.HddsVolume@3743539f
2019-08-30 00:29:31,050 [main] INFO  impl.RaftServerProxy (ConfUtils.java:logGet(43)) - raft.rpc.type = GRPC (default)
2019-08-30 00:29:31,050 [main] INFO  grpc.GrpcFactory (GrpcFactory.java:checkPooledByteBufAllocatorUseCacheForAllThreads(45)) - PERFORMANCE WARNING: useCacheForAllThreads is true that may cause Netty to create a lot garbage objects and, as a result, trigger GC.
	It is recommended to disable useCacheForAllThreads by setting -Dorg.apache.ratis.thirdparty.io.netty.allocator.useCacheForAllThreads=false in command line.
2019-08-30 00:29:31,051 [main] INFO  grpc.GrpcConfigKeys$Server (ConfUtils.java:logGet(43)) - raft.grpc.server.port = 0 (default)
2019-08-30 00:29:31,051 [main] INFO  server.GrpcService (ConfUtils.java:logGet(43)) - raft.grpc.message.size.max = 33570816 (custom)
2019-08-30 00:29:31,051 [main] INFO  server.RaftServerConfigKeys (ConfUtils.java:logGet(43)) - raft.server.log.appender.buffer.byte-limit = 33554432 (custom)
2019-08-30 00:29:31,051 [main] INFO  server.GrpcService (ConfUtils.java:logGet(43)) - raft.grpc.flow.control.window = 1MB (=1048576) (default)
2019-08-30 00:29:31,052 [main] INFO  server.RaftServerConfigKeys (ConfUtils.java:logGet(43)) - raft.server.rpc.request.timeout = 3000ms (default)
2019-08-30 00:29:31,052 [main] INFO  server.RaftServerConfigKeys (ConfUtils.java:logGet(43)) - raft.server.storage.dir = [/workdir/hadoop-ozone/integration-test/target/test-dir/MiniOzoneClusterImpl-8399914c-1e04-4a2d-86b1-d53ee4911094/datanode-3/data/ratis] (custom)
2019-08-30 00:29:31,053 [main] INFO  replication.SimpleContainerDownloader (SimpleContainerDownloader.java:<init>(72)) - Starting container downloader service to copy containers to replicate.
2019-08-30 00:29:31,054 [main] INFO  hdfs.DFSUtil (DFSUtil.java:httpServerTemplateForNNAndJN(1641)) - Starting Web-server for hddsDatanode at: http://0.0.0.0:0
2019-08-30 00:29:31,055 [main] INFO  server.AuthenticationFilter (AuthenticationFilter.java:constructSecretProvider(240)) - Unable to initialize FileSignerSecretProvider, falling back to use random secrets.
2019-08-30 00:29:31,056 [main] WARN  http.HttpRequestLog (HttpRequestLog.java:getRequestLog(97)) - Jetty request log can only be enabled using Log4j
2019-08-30 00:29:31,057 [main] INFO  http.HttpServer2 (HttpServer2.java:addGlobalFilter(975)) - Added global filter 'safety' (class=org.apache.hadoop.http.HttpServer2$QuotingInputFilter)
2019-08-30 00:29:31,058 [main] INFO  http.HttpServer2 (HttpServer2.java:addFilter(948)) - Added filter static_user_filter (class=org.apache.hadoop.http.lib.StaticUserWebFilter$StaticUserFilter) to context hddsDatanode
2019-08-30 00:29:31,058 [main] INFO  http.HttpServer2 (HttpServer2.java:addFilter(958)) - Added filter static_user_filter (class=org.apache.hadoop.http.lib.StaticUserWebFilter$StaticUserFilter) to context logs
2019-08-30 00:29:31,058 [main] INFO  http.HttpServer2 (HttpServer2.java:addFilter(958)) - Added filter static_user_filter (class=org.apache.hadoop.http.lib.StaticUserWebFilter$StaticUserFilter) to context static
2019-08-30 00:29:31,059 [main] INFO  http.HttpServer2 (HttpServer2.java:bindListener(1191)) - Jetty bound to port 40489
2019-08-30 00:29:31,059 [main] INFO  server.Server (Server.java:doStart(351)) - jetty-9.3.24.v20180605, build timestamp: 2018-06-05T17:11:56Z, git hash: 84205aa28f11a4f31f2a3b86d1bba2cc8ab69827
2019-08-30 00:29:31,062 [main] INFO  handler.ContextHandler (ContextHandler.java:doStart(781)) - Started o.e.j.s.ServletContextHandler@19a64eae{/logs,file:///workdir/hadoop-ozone/integration-test/target/log,AVAILABLE}
2019-08-30 00:29:31,063 [main] INFO  handler.ContextHandler (ContextHandler.java:doStart(781)) - Started o.e.j.s.ServletContextHandler@2da3b078{/static,jar:file:/home/user/.m2/repository/org/apache/hadoop/hadoop-hdds-container-service/0.5.0-SNAPSHOT/hadoop-hdds-container-service-0.5.0-SNAPSHOT.jar!/webapps/static,AVAILABLE}
2019-08-30 00:29:31,091 [main] INFO  handler.ContextHandler (ContextHandler.java:doStart(781)) - Started o.e.j.w.WebAppContext@10c72a6f{/,file:///tmp/jetty-0.0.0.0-40489-hddsDatanode-_-any-3477569617940308040.dir/webapp/,AVAILABLE}{/hddsDatanode}
2019-08-30 00:29:31,092 [main] INFO  server.AbstractConnector (AbstractConnector.java:doStart(278)) - Started ServerConnector@70e94ecb{HTTP/1.1,[http/1.1]}{0.0.0.0:40489}
2019-08-30 00:29:31,092 [main] INFO  server.Server (Server.java:doStart(419)) - Started @6397ms
2019-08-30 00:29:31,094 [main] INFO  server.BaseHttpServer (BaseHttpServer.java:updateConnectorAddress(226)) - HTTP server of HDDSDATANODE is listening at http://0.0.0.0:40489
2019-08-30 00:29:31,094 [main] INFO  impl.MetricsSystemImpl (MetricsSystemImpl.java:init(158)) - HddsDatanode metrics system started (again)
2019-08-30 00:29:31,098 [org.apache.hadoop.util.JvmPauseMonitor$Monitor@19e97e4] INFO  util.JvmPauseMonitor (JvmPauseMonitor.java:run(188)) - Starting JVM pause monitor
2019-08-30 00:29:31,099 [main] INFO  ozone.HddsDatanodeService (HddsDatanodeService.java:start(190)) - HddsDatanodeService host:pr-hdds-2050-pz9tn-2767506387 ip:192.168.69.124
2019-08-30 00:29:31,102 [Datanode State Machine Thread - 0] INFO  datanode.InitDatanodeState (InitDatanodeState.java:persistContainerDatanodeDetails(140)) - DatanodeDetails is persisted to /workdir/hadoop-ozone/integration-test/target/test-dir/MiniOzoneClusterImpl-8399914c-1e04-4a2d-86b1-d53ee4911094/datanode-3/meta/datanode.id
2019-08-30 00:29:31,105 [main] INFO  volume.HddsVolume (HddsVolume.java:<init>(176)) - Creating Volume: /workdir/hadoop-ozone/integration-test/target/test-dir/MiniOzoneClusterImpl-8399914c-1e04-4a2d-86b1-d53ee4911094/datanode-4/data/containers/hdds of  storage type : DISK and capacity : 1482555576320
2019-08-30 00:29:31,107 [main] INFO  volume.VolumeSet (VolumeSet.java:initializeVolumeSet(170)) - Added Volume : /workdir/hadoop-ozone/integration-test/target/test-dir/MiniOzoneClusterImpl-8399914c-1e04-4a2d-86b1-d53ee4911094/datanode-4/data/containers/hdds to VolumeSet
2019-08-30 00:29:31,107 [main] INFO  volume.ThrottledAsyncChecker (ThrottledAsyncChecker.java:schedule(140)) - Scheduling a check for org.apache.hadoop.ozone.container.common.volume.HddsVolume@11900483
2019-08-30 00:29:31,108 [main] INFO  volume.HddsVolumeChecker (HddsVolumeChecker.java:checkAllVolumes(203)) - Scheduled health check for volume org.apache.hadoop.ozone.container.common.volume.HddsVolume@11900483
2019-08-30 00:29:31,122 [main] INFO  impl.RaftServerProxy (ConfUtils.java:logGet(43)) - raft.rpc.type = GRPC (default)
2019-08-30 00:29:31,122 [main] INFO  grpc.GrpcFactory (GrpcFactory.java:checkPooledByteBufAllocatorUseCacheForAllThreads(45)) - PERFORMANCE WARNING: useCacheForAllThreads is true that may cause Netty to create a lot garbage objects and, as a result, trigger GC.
	It is recommended to disable useCacheForAllThreads by setting -Dorg.apache.ratis.thirdparty.io.netty.allocator.useCacheForAllThreads=false in command line.
2019-08-30 00:29:31,122 [main] INFO  grpc.GrpcConfigKeys$Server (ConfUtils.java:logGet(43)) - raft.grpc.server.port = 0 (default)
2019-08-30 00:29:31,122 [main] INFO  server.GrpcService (ConfUtils.java:logGet(43)) - raft.grpc.message.size.max = 33570816 (custom)
2019-08-30 00:29:31,123 [main] INFO  server.RaftServerConfigKeys (ConfUtils.java:logGet(43)) - raft.server.log.appender.buffer.byte-limit = 33554432 (custom)
2019-08-30 00:29:31,123 [main] INFO  server.GrpcService (ConfUtils.java:logGet(43)) - raft.grpc.flow.control.window = 1MB (=1048576) (default)
2019-08-30 00:29:31,123 [main] INFO  server.RaftServerConfigKeys (ConfUtils.java:logGet(43)) - raft.server.rpc.request.timeout = 3000ms (default)
2019-08-30 00:29:31,124 [main] INFO  server.RaftServerConfigKeys (ConfUtils.java:logGet(43)) - raft.server.storage.dir = [/workdir/hadoop-ozone/integration-test/target/test-dir/MiniOzoneClusterImpl-8399914c-1e04-4a2d-86b1-d53ee4911094/datanode-4/data/ratis] (custom)
2019-08-30 00:29:31,124 [main] INFO  replication.SimpleContainerDownloader (SimpleContainerDownloader.java:<init>(72)) - Starting container downloader service to copy containers to replicate.
2019-08-30 00:29:31,126 [main] INFO  hdfs.DFSUtil (DFSUtil.java:httpServerTemplateForNNAndJN(1641)) - Starting Web-server for hddsDatanode at: http://0.0.0.0:0
2019-08-30 00:29:31,127 [main] INFO  server.AuthenticationFilter (AuthenticationFilter.java:constructSecretProvider(240)) - Unable to initialize FileSignerSecretProvider, falling back to use random secrets.
2019-08-30 00:29:31,127 [main] WARN  http.HttpRequestLog (HttpRequestLog.java:getRequestLog(97)) - Jetty request log can only be enabled using Log4j
2019-08-30 00:29:31,129 [main] INFO  http.HttpServer2 (HttpServer2.java:addGlobalFilter(975)) - Added global filter 'safety' (class=org.apache.hadoop.http.HttpServer2$QuotingInputFilter)
2019-08-30 00:29:31,130 [main] INFO  http.HttpServer2 (HttpServer2.java:addFilter(948)) - Added filter static_user_filter (class=org.apache.hadoop.http.lib.StaticUserWebFilter$StaticUserFilter) to context hddsDatanode
2019-08-30 00:29:31,130 [main] INFO  http.HttpServer2 (HttpServer2.java:addFilter(958)) - Added filter static_user_filter (class=org.apache.hadoop.http.lib.StaticUserWebFilter$StaticUserFilter) to context logs
2019-08-30 00:29:31,130 [main] INFO  http.HttpServer2 (HttpServer2.java:addFilter(958)) - Added filter static_user_filter (class=org.apache.hadoop.http.lib.StaticUserWebFilter$StaticUserFilter) to context static
2019-08-30 00:29:31,131 [main] INFO  http.HttpServer2 (HttpServer2.java:bindListener(1191)) - Jetty bound to port 33502
2019-08-30 00:29:31,131 [main] INFO  server.Server (Server.java:doStart(351)) - jetty-9.3.24.v20180605, build timestamp: 2018-06-05T17:11:56Z, git hash: 84205aa28f11a4f31f2a3b86d1bba2cc8ab69827
2019-08-30 00:29:31,133 [main] INFO  handler.ContextHandler (ContextHandler.java:doStart(781)) - Started o.e.j.s.ServletContextHandler@72e295cc{/logs,file:///workdir/hadoop-ozone/integration-test/target/log,AVAILABLE}
2019-08-30 00:29:31,134 [main] INFO  handler.ContextHandler (ContextHandler.java:doStart(781)) - Started o.e.j.s.ServletContextHandler@6fa0450e{/static,jar:file:/home/user/.m2/repository/org/apache/hadoop/hadoop-hdds-container-service/0.5.0-SNAPSHOT/hadoop-hdds-container-service-0.5.0-SNAPSHOT.jar!/webapps/static,AVAILABLE}
2019-08-30 00:29:31,162 [main] INFO  handler.ContextHandler (ContextHandler.java:doStart(781)) - Started o.e.j.w.WebAppContext@33634f04{/,file:///tmp/jetty-0.0.0.0-33502-hddsDatanode-_-any-7090311259375628724.dir/webapp/,AVAILABLE}{/hddsDatanode}
2019-08-30 00:29:31,163 [main] INFO  server.AbstractConnector (AbstractConnector.java:doStart(278)) - Started ServerConnector@4993febc{HTTP/1.1,[http/1.1]}{0.0.0.0:33502}
2019-08-30 00:29:31,164 [main] INFO  server.Server (Server.java:doStart(419)) - Started @6468ms
2019-08-30 00:29:31,165 [main] INFO  server.BaseHttpServer (BaseHttpServer.java:updateConnectorAddress(226)) - HTTP server of HDDSDATANODE is listening at http://0.0.0.0:33502
2019-08-30 00:29:31,165 [main] INFO  impl.MetricsSystemImpl (MetricsSystemImpl.java:init(158)) - HddsDatanode metrics system started (again)
2019-08-30 00:29:31,169 [main] INFO  ozone.HddsDatanodeService (HddsDatanodeService.java:start(190)) - HddsDatanodeService host:pr-hdds-2050-pz9tn-2767506387 ip:192.168.69.124
2019-08-30 00:29:31,169 [org.apache.hadoop.util.JvmPauseMonitor$Monitor@5676499d] INFO  util.JvmPauseMonitor (JvmPauseMonitor.java:run(188)) - Starting JVM pause monitor
2019-08-30 00:29:31,173 [Datanode State Machine Thread - 0] INFO  datanode.InitDatanodeState (InitDatanodeState.java:persistContainerDatanodeDetails(140)) - DatanodeDetails is persisted to /workdir/hadoop-ozone/integration-test/target/test-dir/MiniOzoneClusterImpl-8399914c-1e04-4a2d-86b1-d53ee4911094/datanode-4/meta/datanode.id
2019-08-30 00:29:31,179 [main] INFO  volume.HddsVolume (HddsVolume.java:<init>(176)) - Creating Volume: /workdir/hadoop-ozone/integration-test/target/test-dir/MiniOzoneClusterImpl-8399914c-1e04-4a2d-86b1-d53ee4911094/datanode-5/data/containers/hdds of  storage type : DISK and capacity : 1482555576320
2019-08-30 00:29:31,179 [main] INFO  volume.VolumeSet (VolumeSet.java:initializeVolumeSet(170)) - Added Volume : /workdir/hadoop-ozone/integration-test/target/test-dir/MiniOzoneClusterImpl-8399914c-1e04-4a2d-86b1-d53ee4911094/datanode-5/data/containers/hdds to VolumeSet
2019-08-30 00:29:31,180 [main] INFO  volume.ThrottledAsyncChecker (ThrottledAsyncChecker.java:schedule(140)) - Scheduling a check for org.apache.hadoop.ozone.container.common.volume.HddsVolume@18578491
2019-08-30 00:29:31,180 [main] INFO  volume.HddsVolumeChecker (HddsVolumeChecker.java:checkAllVolumes(203)) - Scheduled health check for volume org.apache.hadoop.ozone.container.common.volume.HddsVolume@18578491
2019-08-30 00:29:31,197 [main] INFO  impl.RaftServerProxy (ConfUtils.java:logGet(43)) - raft.rpc.type = GRPC (default)
2019-08-30 00:29:31,197 [main] INFO  grpc.GrpcFactory (GrpcFactory.java:checkPooledByteBufAllocatorUseCacheForAllThreads(45)) - PERFORMANCE WARNING: useCacheForAllThreads is true that may cause Netty to create a lot garbage objects and, as a result, trigger GC.
	It is recommended to disable useCacheForAllThreads by setting -Dorg.apache.ratis.thirdparty.io.netty.allocator.useCacheForAllThreads=false in command line.
2019-08-30 00:29:31,197 [main] INFO  grpc.GrpcConfigKeys$Server (ConfUtils.java:logGet(43)) - raft.grpc.server.port = 0 (default)
2019-08-30 00:29:31,197 [main] INFO  server.GrpcService (ConfUtils.java:logGet(43)) - raft.grpc.message.size.max = 33570816 (custom)
2019-08-30 00:29:31,198 [main] INFO  server.RaftServerConfigKeys (ConfUtils.java:logGet(43)) - raft.server.log.appender.buffer.byte-limit = 33554432 (custom)
2019-08-30 00:29:31,198 [main] INFO  server.GrpcService (ConfUtils.java:logGet(43)) - raft.grpc.flow.control.window = 1MB (=1048576) (default)
2019-08-30 00:29:31,198 [main] INFO  server.RaftServerConfigKeys (ConfUtils.java:logGet(43)) - raft.server.rpc.request.timeout = 3000ms (default)
2019-08-30 00:29:31,199 [main] INFO  server.RaftServerConfigKeys (ConfUtils.java:logGet(43)) - raft.server.storage.dir = [/workdir/hadoop-ozone/integration-test/target/test-dir/MiniOzoneClusterImpl-8399914c-1e04-4a2d-86b1-d53ee4911094/datanode-5/data/ratis] (custom)
2019-08-30 00:29:31,200 [main] INFO  replication.SimpleContainerDownloader (SimpleContainerDownloader.java:<init>(72)) - Starting container downloader service to copy containers to replicate.
2019-08-30 00:29:31,201 [main] INFO  hdfs.DFSUtil (DFSUtil.java:httpServerTemplateForNNAndJN(1641)) - Starting Web-server for hddsDatanode at: http://0.0.0.0:0
2019-08-30 00:29:31,202 [main] INFO  server.AuthenticationFilter (AuthenticationFilter.java:constructSecretProvider(240)) - Unable to initialize FileSignerSecretProvider, falling back to use random secrets.
2019-08-30 00:29:31,203 [main] WARN  http.HttpRequestLog (HttpRequestLog.java:getRequestLog(97)) - Jetty request log can only be enabled using Log4j
2019-08-30 00:29:31,204 [main] INFO  http.HttpServer2 (HttpServer2.java:addGlobalFilter(975)) - Added global filter 'safety' (class=org.apache.hadoop.http.HttpServer2$QuotingInputFilter)
2019-08-30 00:29:31,205 [main] INFO  http.HttpServer2 (HttpServer2.java:addFilter(948)) - Added filter static_user_filter (class=org.apache.hadoop.http.lib.StaticUserWebFilter$StaticUserFilter) to context hddsDatanode
2019-08-30 00:29:31,205 [main] INFO  http.HttpServer2 (HttpServer2.java:addFilter(958)) - Added filter static_user_filter (class=org.apache.hadoop.http.lib.StaticUserWebFilter$StaticUserFilter) to context static
2019-08-30 00:29:31,205 [main] INFO  http.HttpServer2 (HttpServer2.java:addFilter(958)) - Added filter static_user_filter (class=org.apache.hadoop.http.lib.StaticUserWebFilter$StaticUserFilter) to context logs
2019-08-30 00:29:31,206 [main] INFO  http.HttpServer2 (HttpServer2.java:bindListener(1191)) - Jetty bound to port 40203
2019-08-30 00:29:31,207 [main] INFO  server.Server (Server.java:doStart(351)) - jetty-9.3.24.v20180605, build timestamp: 2018-06-05T17:11:56Z, git hash: 84205aa28f11a4f31f2a3b86d1bba2cc8ab69827
2019-08-30 00:29:31,209 [main] INFO  handler.ContextHandler (ContextHandler.java:doStart(781)) - Started o.e.j.s.ServletContextHandler@5ad5be4a{/logs,file:///workdir/hadoop-ozone/integration-test/target/log,AVAILABLE}
2019-08-30 00:29:31,209 [main] INFO  handler.ContextHandler (ContextHandler.java:doStart(781)) - Started o.e.j.s.ServletContextHandler@737d100a{/static,jar:file:/home/user/.m2/repository/org/apache/hadoop/hadoop-hdds-container-service/0.5.0-SNAPSHOT/hadoop-hdds-container-service-0.5.0-SNAPSHOT.jar!/webapps/static,AVAILABLE}
2019-08-30 00:29:31,238 [main] INFO  handler.ContextHandler (ContextHandler.java:doStart(781)) - Started o.e.j.w.WebAppContext@80bfa9d{/,file:///tmp/jetty-0.0.0.0-40203-hddsDatanode-_-any-8163051384227608513.dir/webapp/,AVAILABLE}{/hddsDatanode}
2019-08-30 00:29:31,239 [main] INFO  server.AbstractConnector (AbstractConnector.java:doStart(278)) - Started ServerConnector@47c40b56{HTTP/1.1,[http/1.1]}{0.0.0.0:40203}
2019-08-30 00:29:31,240 [main] INFO  server.Server (Server.java:doStart(419)) - Started @6544ms
2019-08-30 00:29:31,241 [main] INFO  server.BaseHttpServer (BaseHttpServer.java:updateConnectorAddress(226)) - HTTP server of HDDSDATANODE is listening at http://0.0.0.0:40203
2019-08-30 00:29:31,241 [main] INFO  impl.MetricsSystemImpl (MetricsSystemImpl.java:init(158)) - HddsDatanode metrics system started (again)
2019-08-30 00:29:31,245 [main] INFO  ozone.HddsDatanodeService (HddsDatanodeService.java:start(190)) - HddsDatanodeService host:pr-hdds-2050-pz9tn-2767506387 ip:192.168.69.124
2019-08-30 00:29:31,246 [org.apache.hadoop.util.JvmPauseMonitor$Monitor@3ab658d6] INFO  util.JvmPauseMonitor (JvmPauseMonitor.java:run(188)) - Starting JVM pause monitor
2019-08-30 00:29:31,249 [Datanode State Machine Thread - 0] INFO  datanode.InitDatanodeState (InitDatanodeState.java:persistContainerDatanodeDetails(140)) - DatanodeDetails is persisted to /workdir/hadoop-ozone/integration-test/target/test-dir/MiniOzoneClusterImpl-8399914c-1e04-4a2d-86b1-d53ee4911094/datanode-5/meta/datanode.id
2019-08-30 00:29:31,254 [main] INFO  volume.HddsVolume (HddsVolume.java:<init>(176)) - Creating Volume: /workdir/hadoop-ozone/integration-test/target/test-dir/MiniOzoneClusterImpl-8399914c-1e04-4a2d-86b1-d53ee4911094/datanode-6/data/containers/hdds of  storage type : DISK and capacity : 1482555576320
2019-08-30 00:29:31,255 [main] INFO  volume.VolumeSet (VolumeSet.java:initializeVolumeSet(170)) - Added Volume : /workdir/hadoop-ozone/integration-test/target/test-dir/MiniOzoneClusterImpl-8399914c-1e04-4a2d-86b1-d53ee4911094/datanode-6/data/containers/hdds to VolumeSet
2019-08-30 00:29:31,255 [main] INFO  volume.ThrottledAsyncChecker (ThrottledAsyncChecker.java:schedule(140)) - Scheduling a check for org.apache.hadoop.ozone.container.common.volume.HddsVolume@57435801
2019-08-30 00:29:31,256 [main] INFO  volume.HddsVolumeChecker (HddsVolumeChecker.java:checkAllVolumes(203)) - Scheduled health check for volume org.apache.hadoop.ozone.container.common.volume.HddsVolume@57435801
2019-08-30 00:29:31,272 [main] INFO  impl.RaftServerProxy (ConfUtils.java:logGet(43)) - raft.rpc.type = GRPC (default)
2019-08-30 00:29:31,272 [main] INFO  grpc.GrpcFactory (GrpcFactory.java:checkPooledByteBufAllocatorUseCacheForAllThreads(45)) - PERFORMANCE WARNING: useCacheForAllThreads is true that may cause Netty to create a lot garbage objects and, as a result, trigger GC.
	It is recommended to disable useCacheForAllThreads by setting -Dorg.apache.ratis.thirdparty.io.netty.allocator.useCacheForAllThreads=false in command line.
2019-08-30 00:29:31,272 [main] INFO  grpc.GrpcConfigKeys$Server (ConfUtils.java:logGet(43)) - raft.grpc.server.port = 0 (default)
2019-08-30 00:29:31,272 [main] INFO  server.GrpcService (ConfUtils.java:logGet(43)) - raft.grpc.message.size.max = 33570816 (custom)
2019-08-30 00:29:31,273 [main] INFO  server.RaftServerConfigKeys (ConfUtils.java:logGet(43)) - raft.server.log.appender.buffer.byte-limit = 33554432 (custom)
2019-08-30 00:29:31,273 [main] INFO  server.GrpcService (ConfUtils.java:logGet(43)) - raft.grpc.flow.control.window = 1MB (=1048576) (default)
2019-08-30 00:29:31,273 [main] INFO  server.RaftServerConfigKeys (ConfUtils.java:logGet(43)) - raft.server.rpc.request.timeout = 3000ms (default)
2019-08-30 00:29:31,274 [main] INFO  server.RaftServerConfigKeys (ConfUtils.java:logGet(43)) - raft.server.storage.dir = [/workdir/hadoop-ozone/integration-test/target/test-dir/MiniOzoneClusterImpl-8399914c-1e04-4a2d-86b1-d53ee4911094/datanode-6/data/ratis] (custom)
2019-08-30 00:29:31,274 [main] INFO  replication.SimpleContainerDownloader (SimpleContainerDownloader.java:<init>(72)) - Starting container downloader service to copy containers to replicate.
2019-08-30 00:29:31,276 [main] INFO  hdfs.DFSUtil (DFSUtil.java:httpServerTemplateForNNAndJN(1641)) - Starting Web-server for hddsDatanode at: http://0.0.0.0:0
2019-08-30 00:29:31,277 [main] INFO  server.AuthenticationFilter (AuthenticationFilter.java:constructSecretProvider(240)) - Unable to initialize FileSignerSecretProvider, falling back to use random secrets.
2019-08-30 00:29:31,277 [main] WARN  http.HttpRequestLog (HttpRequestLog.java:getRequestLog(97)) - Jetty request log can only be enabled using Log4j
2019-08-30 00:29:31,279 [main] INFO  http.HttpServer2 (HttpServer2.java:addGlobalFilter(975)) - Added global filter 'safety' (class=org.apache.hadoop.http.HttpServer2$QuotingInputFilter)
2019-08-30 00:29:31,280 [main] INFO  http.HttpServer2 (HttpServer2.java:addFilter(948)) - Added filter static_user_filter (class=org.apache.hadoop.http.lib.StaticUserWebFilter$StaticUserFilter) to context hddsDatanode
2019-08-30 00:29:31,280 [main] INFO  http.HttpServer2 (HttpServer2.java:addFilter(958)) - Added filter static_user_filter (class=org.apache.hadoop.http.lib.StaticUserWebFilter$StaticUserFilter) to context static
2019-08-30 00:29:31,280 [main] INFO  http.HttpServer2 (HttpServer2.java:addFilter(958)) - Added filter static_user_filter (class=org.apache.hadoop.http.lib.StaticUserWebFilter$StaticUserFilter) to context logs
2019-08-30 00:29:31,281 [main] INFO  http.HttpServer2 (HttpServer2.java:bindListener(1191)) - Jetty bound to port 34605
2019-08-30 00:29:31,281 [main] INFO  server.Server (Server.java:doStart(351)) - jetty-9.3.24.v20180605, build timestamp: 2018-06-05T17:11:56Z, git hash: 84205aa28f11a4f31f2a3b86d1bba2cc8ab69827
2019-08-30 00:29:31,283 [main] INFO  handler.ContextHandler (ContextHandler.java:doStart(781)) - Started o.e.j.s.ServletContextHandler@8d8f754{/logs,file:///workdir/hadoop-ozone/integration-test/target/log,AVAILABLE}
2019-08-30 00:29:31,284 [main] INFO  handler.ContextHandler (ContextHandler.java:doStart(781)) - Started o.e.j.s.ServletContextHandler@25673087{/static,jar:file:/home/user/.m2/repository/org/apache/hadoop/hadoop-hdds-container-service/0.5.0-SNAPSHOT/hadoop-hdds-container-service-0.5.0-SNAPSHOT.jar!/webapps/static,AVAILABLE}
2019-08-30 00:29:31,312 [main] INFO  handler.ContextHandler (ContextHandler.java:doStart(781)) - Started o.e.j.w.WebAppContext@3791f50e{/,file:///tmp/jetty-0.0.0.0-34605-hddsDatanode-_-any-7211603410646326199.dir/webapp/,AVAILABLE}{/hddsDatanode}
2019-08-30 00:29:31,312 [main] INFO  server.AbstractConnector (AbstractConnector.java:doStart(278)) - Started ServerConnector@574b7f4a{HTTP/1.1,[http/1.1]}{0.0.0.0:34605}
2019-08-30 00:29:31,313 [main] INFO  server.Server (Server.java:doStart(419)) - Started @6618ms
2019-08-30 00:29:31,314 [main] INFO  server.BaseHttpServer (BaseHttpServer.java:updateConnectorAddress(226)) - HTTP server of HDDSDATANODE is listening at http://0.0.0.0:34605
2019-08-30 00:29:31,316 [main] INFO  ozone.MiniOzoneClusterImpl (MiniOzoneClusterImpl.java:lambda$waitForClusterToBeReady$0(140)) - Waiting for cluster to be ready. Got 0 of 7 DN Heartbeats.
2019-08-30 00:29:31,317 [org.apache.hadoop.util.JvmPauseMonitor$Monitor@4e6a3637] INFO  util.JvmPauseMonitor (JvmPauseMonitor.java:run(188)) - Starting JVM pause monitor
2019-08-30 00:29:31,321 [Datanode State Machine Thread - 0] INFO  datanode.InitDatanodeState (InitDatanodeState.java:persistContainerDatanodeDetails(140)) - DatanodeDetails is persisted to /workdir/hadoop-ozone/integration-test/target/test-dir/MiniOzoneClusterImpl-8399914c-1e04-4a2d-86b1-d53ee4911094/datanode-6/meta/datanode.id
2019-08-30 00:29:32,317 [main] INFO  ozone.MiniOzoneClusterImpl (MiniOzoneClusterImpl.java:lambda$waitForClusterToBeReady$0(140)) - Waiting for cluster to be ready. Got 0 of 7 DN Heartbeats.
2019-08-30 00:29:32,910 | INFO  | SCMAudit | user=jenkins1000 | ip=192.168.69.124 | op=GET_VERSION null | ret=SUCCESS |  
2019-08-30 00:29:32,937 [Datanode State Machine Thread - 0] INFO  ozoneimpl.OzoneContainer (OzoneContainer.java:start(201)) - Attempting to start container services.
2019-08-30 00:29:32,939 [Datanode State Machine Thread - 0] INFO  ozoneimpl.OzoneContainer (OzoneContainer.java:startContainerScrub(175)) - Background container scrubber has been disabled by hdds.containerscrub.enabled
2019-08-30 00:29:32,939 [Datanode State Machine Thread - 0] INFO  ratis.XceiverServerRatis (XceiverServerRatis.java:start(393)) - Starting XceiverServerRatis 278fc07b-1ae0-445c-982e-4fc0a892453b at port 0
2019-08-30 00:29:32,953 | INFO  | SCMAudit | user=jenkins1000 | ip=192.168.69.124 | op=GET_VERSION null | ret=SUCCESS |  
2019-08-30 00:29:32,970 [Datanode State Machine Thread - 0] INFO  impl.RaftServerProxy (RaftServerProxy.java:lambda$start$3(299)) - 278fc07b-1ae0-445c-982e-4fc0a892453b: start RPC server
2019-08-30 00:29:32,974 [Datanode State Machine Thread - 0] INFO  ozoneimpl.OzoneContainer (OzoneContainer.java:start(201)) - Attempting to start container services.
2019-08-30 00:29:32,976 [Datanode State Machine Thread - 0] INFO  ozoneimpl.OzoneContainer (OzoneContainer.java:startContainerScrub(175)) - Background container scrubber has been disabled by hdds.containerscrub.enabled
2019-08-30 00:29:32,977 [Datanode State Machine Thread - 0] INFO  ratis.XceiverServerRatis (XceiverServerRatis.java:start(393)) - Starting XceiverServerRatis 6d7fd013-1723-4962-9a9c-3b2cdb5e5d89 at port 0
2019-08-30 00:29:32,986 [Datanode State Machine Thread - 0] INFO  impl.RaftServerProxy (RaftServerProxy.java:lambda$start$3(299)) - 6d7fd013-1723-4962-9a9c-3b2cdb5e5d89: start RPC server
2019-08-30 00:29:33,029 | INFO  | SCMAudit | user=jenkins1000 | ip=192.168.69.124 | op=GET_VERSION null | ret=SUCCESS |  
2019-08-30 00:29:33,045 [Datanode State Machine Thread - 0] INFO  ozoneimpl.OzoneContainer (OzoneContainer.java:start(201)) - Attempting to start container services.
2019-08-30 00:29:33,049 [Datanode State Machine Thread - 0] INFO  ozoneimpl.OzoneContainer (OzoneContainer.java:startContainerScrub(175)) - Background container scrubber has been disabled by hdds.containerscrub.enabled
2019-08-30 00:29:33,049 [Datanode State Machine Thread - 0] INFO  ratis.XceiverServerRatis (XceiverServerRatis.java:start(393)) - Starting XceiverServerRatis 172500b1-a982-45b0-97f3-b87b470f702c at port 0
2019-08-30 00:29:33,059 [Datanode State Machine Thread - 0] INFO  impl.RaftServerProxy (RaftServerProxy.java:lambda$start$3(299)) - 172500b1-a982-45b0-97f3-b87b470f702c: start RPC server
2019-08-30 00:29:33,100 | INFO  | SCMAudit | user=jenkins1000 | ip=192.168.69.124 | op=GET_VERSION null | ret=SUCCESS |  
2019-08-30 00:29:33,126 [Datanode State Machine Thread - 0] INFO  ozoneimpl.OzoneContainer (OzoneContainer.java:start(201)) - Attempting to start container services.
2019-08-30 00:29:33,128 [Datanode State Machine Thread - 0] INFO  ozoneimpl.OzoneContainer (OzoneContainer.java:startContainerScrub(175)) - Background container scrubber has been disabled by hdds.containerscrub.enabled
2019-08-30 00:29:33,128 [Datanode State Machine Thread - 0] INFO  ratis.XceiverServerRatis (XceiverServerRatis.java:start(393)) - Starting XceiverServerRatis 4390dbf5-fe85-4d4d-bc44-dfd1f2b7e3b6 at port 0
2019-08-30 00:29:33,149 [Datanode State Machine Thread - 0] INFO  impl.RaftServerProxy (RaftServerProxy.java:lambda$start$3(299)) - 4390dbf5-fe85-4d4d-bc44-dfd1f2b7e3b6: start RPC server
2019-08-30 00:29:33,155 [Datanode State Machine Thread - 0] INFO  server.GrpcService (GrpcService.java:startImpl(149)) - 172500b1-a982-45b0-97f3-b87b470f702c: GrpcService started, listening on 0.0.0.0/0.0.0.0:44877
2019-08-30 00:29:33,155 [Datanode State Machine Thread - 0] INFO  server.GrpcService (GrpcService.java:startImpl(149)) - 4390dbf5-fe85-4d4d-bc44-dfd1f2b7e3b6: GrpcService started, listening on 0.0.0.0/0.0.0.0:39112
2019-08-30 00:29:33,155 [Datanode State Machine Thread - 0] INFO  server.GrpcService (GrpcService.java:startImpl(149)) - 278fc07b-1ae0-445c-982e-4fc0a892453b: GrpcService started, listening on 0.0.0.0/0.0.0.0:44576
2019-08-30 00:29:33,155 [Datanode State Machine Thread - 0] INFO  server.GrpcService (GrpcService.java:startImpl(149)) - 6d7fd013-1723-4962-9a9c-3b2cdb5e5d89: GrpcService started, listening on 0.0.0.0/0.0.0.0:37333
2019-08-30 00:29:33,157 [Datanode State Machine Thread - 0] INFO  ratis.XceiverServerRatis (XceiverServerRatis.java:start(403)) - XceiverServerRatis 278fc07b-1ae0-445c-982e-4fc0a892453b is started using port 44576
2019-08-30 00:29:33,157 [Datanode State Machine Thread - 0] INFO  ratis.XceiverServerRatis (XceiverServerRatis.java:start(403)) - XceiverServerRatis 4390dbf5-fe85-4d4d-bc44-dfd1f2b7e3b6 is started using port 39112
2019-08-30 00:29:33,156 [Datanode State Machine Thread - 0] INFO  ratis.XceiverServerRatis (XceiverServerRatis.java:start(403)) - XceiverServerRatis 172500b1-a982-45b0-97f3-b87b470f702c is started using port 44877
2019-08-30 00:29:33,157 [Datanode State Machine Thread - 0] INFO  ratis.XceiverServerRatis (XceiverServerRatis.java:start(403)) - XceiverServerRatis 6d7fd013-1723-4962-9a9c-3b2cdb5e5d89 is started using port 37333
2019-08-30 00:29:33,167 [Datanode State Machine Thread - 0] INFO  server.XceiverServerGrpc (XceiverServerGrpc.java:start(163)) - XceiverServerGrpc 4390dbf5-fe85-4d4d-bc44-dfd1f2b7e3b6 is started using port 33784
2019-08-30 00:29:33,167 [Datanode State Machine Thread - 0] INFO  server.XceiverServerGrpc (XceiverServerGrpc.java:start(163)) - XceiverServerGrpc 6d7fd013-1723-4962-9a9c-3b2cdb5e5d89 is started using port 44604
2019-08-30 00:29:33,167 [Datanode State Machine Thread - 0] INFO  server.XceiverServerGrpc (XceiverServerGrpc.java:start(163)) - XceiverServerGrpc 278fc07b-1ae0-445c-982e-4fc0a892453b is started using port 41315
2019-08-30 00:29:33,167 [Datanode State Machine Thread - 0] INFO  server.XceiverServerGrpc (XceiverServerGrpc.java:start(163)) - XceiverServerGrpc 172500b1-a982-45b0-97f3-b87b470f702c is started using port 44484
2019-08-30 00:29:33,172 | INFO  | SCMAudit | user=jenkins1000 | ip=192.168.69.124 | op=GET_VERSION null | ret=SUCCESS |  
2019-08-30 00:29:33,196 [Datanode State Machine Thread - 0] INFO  ozoneimpl.OzoneContainer (OzoneContainer.java:start(201)) - Attempting to start container services.
2019-08-30 00:29:33,196 [Datanode State Machine Thread - 0] INFO  ozoneimpl.OzoneContainer (OzoneContainer.java:startContainerScrub(175)) - Background container scrubber has been disabled by hdds.containerscrub.enabled
2019-08-30 00:29:33,196 [Datanode State Machine Thread - 0] INFO  ratis.XceiverServerRatis (XceiverServerRatis.java:start(393)) - Starting XceiverServerRatis 1019a315-1aa9-4af0-89b7-df29ea019370 at port 0
2019-08-30 00:29:33,204 [Datanode State Machine Thread - 0] INFO  impl.RaftServerProxy (RaftServerProxy.java:lambda$start$3(299)) - 1019a315-1aa9-4af0-89b7-df29ea019370: start RPC server
2019-08-30 00:29:33,207 [Datanode State Machine Thread - 0] INFO  server.GrpcService (GrpcService.java:startImpl(149)) - 1019a315-1aa9-4af0-89b7-df29ea019370: GrpcService started, listening on 0.0.0.0/0.0.0.0:37964
2019-08-30 00:29:33,208 [Datanode State Machine Thread - 0] INFO  ratis.XceiverServerRatis (XceiverServerRatis.java:start(403)) - XceiverServerRatis 1019a315-1aa9-4af0-89b7-df29ea019370 is started using port 37964
2019-08-30 00:29:33,211 [Datanode State Machine Thread - 0] INFO  server.XceiverServerGrpc (XceiverServerGrpc.java:start(163)) - XceiverServerGrpc 1019a315-1aa9-4af0-89b7-df29ea019370 is started using port 33489
2019-08-30 00:29:33,248 | INFO  | SCMAudit | user=jenkins1000 | ip=192.168.69.124 | op=GET_VERSION null | ret=SUCCESS |  
2019-08-30 00:29:33,277 [Datanode State Machine Thread - 0] INFO  ozoneimpl.OzoneContainer (OzoneContainer.java:start(201)) - Attempting to start container services.
2019-08-30 00:29:33,277 [Datanode State Machine Thread - 0] INFO  ozoneimpl.OzoneContainer (OzoneContainer.java:startContainerScrub(175)) - Background container scrubber has been disabled by hdds.containerscrub.enabled
2019-08-30 00:29:33,277 [Datanode State Machine Thread - 0] INFO  ratis.XceiverServerRatis (XceiverServerRatis.java:start(393)) - Starting XceiverServerRatis a12ea28e-4ff8-4509-b8a9-e7419ebd2ad0 at port 0
2019-08-30 00:29:33,285 [Datanode State Machine Thread - 0] INFO  impl.RaftServerProxy (RaftServerProxy.java:lambda$start$3(299)) - a12ea28e-4ff8-4509-b8a9-e7419ebd2ad0: start RPC server
2019-08-30 00:29:33,290 [Datanode State Machine Thread - 0] INFO  server.GrpcService (GrpcService.java:startImpl(149)) - a12ea28e-4ff8-4509-b8a9-e7419ebd2ad0: GrpcService started, listening on 0.0.0.0/0.0.0.0:34070
2019-08-30 00:29:33,290 [Datanode State Machine Thread - 0] INFO  ratis.XceiverServerRatis (XceiverServerRatis.java:start(403)) - XceiverServerRatis a12ea28e-4ff8-4509-b8a9-e7419ebd2ad0 is started using port 34070
2019-08-30 00:29:33,293 [Datanode State Machine Thread - 0] INFO  server.XceiverServerGrpc (XceiverServerGrpc.java:start(163)) - XceiverServerGrpc a12ea28e-4ff8-4509-b8a9-e7419ebd2ad0 is started using port 37768
2019-08-30 00:29:33,317 [main] INFO  ozone.MiniOzoneClusterImpl (MiniOzoneClusterImpl.java:lambda$waitForClusterToBeReady$0(140)) - Waiting for cluster to be ready. Got 0 of 7 DN Heartbeats.
2019-08-30 00:29:33,325 | INFO  | SCMAudit | user=jenkins1000 | ip=192.168.69.124 | op=GET_VERSION null | ret=SUCCESS |  
2019-08-30 00:29:33,344 [Datanode State Machine Thread - 0] INFO  ozoneimpl.OzoneContainer (OzoneContainer.java:start(201)) - Attempting to start container services.
2019-08-30 00:29:33,344 [Datanode State Machine Thread - 0] INFO  ozoneimpl.OzoneContainer (OzoneContainer.java:startContainerScrub(175)) - Background container scrubber has been disabled by hdds.containerscrub.enabled
2019-08-30 00:29:33,344 [Datanode State Machine Thread - 0] INFO  ratis.XceiverServerRatis (XceiverServerRatis.java:start(393)) - Starting XceiverServerRatis d1580c93-e30f-4179-b81b-faa6e700af79 at port 0
2019-08-30 00:29:33,352 [Datanode State Machine Thread - 0] INFO  impl.RaftServerProxy (RaftServerProxy.java:lambda$start$3(299)) - d1580c93-e30f-4179-b81b-faa6e700af79: start RPC server
2019-08-30 00:29:33,357 [Datanode State Machine Thread - 0] INFO  server.GrpcService (GrpcService.java:startImpl(149)) - d1580c93-e30f-4179-b81b-faa6e700af79: GrpcService started, listening on 0.0.0.0/0.0.0.0:35419
2019-08-30 00:29:33,357 [Datanode State Machine Thread - 0] INFO  ratis.XceiverServerRatis (XceiverServerRatis.java:start(403)) - XceiverServerRatis d1580c93-e30f-4179-b81b-faa6e700af79 is started using port 35419
2019-08-30 00:29:33,361 [Datanode State Machine Thread - 0] INFO  server.XceiverServerGrpc (XceiverServerGrpc.java:start(163)) - XceiverServerGrpc d1580c93-e30f-4179-b81b-faa6e700af79 is started using port 36135
2019-08-30 00:29:34,318 [main] INFO  ozone.MiniOzoneClusterImpl (MiniOzoneClusterImpl.java:lambda$waitForClusterToBeReady$0(140)) - Waiting for cluster to be ready. Got 0 of 7 DN Heartbeats.
2019-08-30 00:29:34,924 [IPC Server handler 18 on 39028] INFO  net.NetworkTopology (NetworkTopologyImpl.java:add(110)) - Added a new node: /default-rack/278fc07b-1ae0-445c-982e-4fc0a892453b
2019-08-30 00:29:34,924 [IPC Server handler 18 on 39028] INFO  node.SCMNodeManager (SCMNodeManager.java:register(273)) - Registered Data node : 278fc07b-1ae0-445c-982e-4fc0a892453b{ip: 192.168.69.124, host: pr-hdds-2050-pz9tn-2767506387, networkLocation: /default-rack, certSerialId: null}
2019-08-30 00:29:34,930 [EventQueue-NodeRegistrationContainerReportForDataNodeSafeModeRule] INFO  safemode.SCMSafeModeManager (DataNodeSafeModeRule.java:process(71)) - SCM in safe mode. 1 DataNodes registered, 1 required.
2019-08-30 00:29:34,930 [EventQueue-NodeRegistrationContainerReportForDataNodeSafeModeRule] INFO  safemode.SCMSafeModeManager (SCMSafeModeManager.java:validateSafeModeExitRules(177)) - ScmSafeModeManager, all rules are successfully validated
2019-08-30 00:29:34,930 [EventQueue-NodeRegistrationContainerReportForDataNodeSafeModeRule] INFO  safemode.SCMSafeModeManager (SCMSafeModeManager.java:exitSafeMode(193)) - SCM exiting safe mode.
2019-08-30 00:29:34,939 | INFO  | SCMAudit | user=jenkins1000 | ip=192.168.69.124 | op=REGISTER {datanodeDetails=278fc07b-1ae0-445c-982e-4fc0a892453b{ip: 192.168.69.124, host: pr-hdds-2050-pz9tn-2767506387, networkLocation: /default-rack, certSerialId: null}} | ret=SUCCESS |  
2019-08-30 00:29:34,952 [IPC Server handler 14 on 39028] INFO  net.NetworkTopology (NetworkTopologyImpl.java:add(110)) - Added a new node: /default-rack/6d7fd013-1723-4962-9a9c-3b2cdb5e5d89
2019-08-30 00:29:34,953 [IPC Server handler 14 on 39028] INFO  node.SCMNodeManager (SCMNodeManager.java:register(273)) - Registered Data node : 6d7fd013-1723-4962-9a9c-3b2cdb5e5d89{ip: 192.168.69.124, host: pr-hdds-2050-pz9tn-2767506387, networkLocation: /default-rack, certSerialId: null}
2019-08-30 00:29:34,955 | INFO  | SCMAudit | user=jenkins1000 | ip=192.168.69.124 | op=REGISTER {datanodeDetails=6d7fd013-1723-4962-9a9c-3b2cdb5e5d89{ip: 192.168.69.124, host: pr-hdds-2050-pz9tn-2767506387, networkLocation: /default-rack, certSerialId: null}} | ret=SUCCESS |  
2019-08-30 00:29:35,036 [IPC Server handler 12 on 39028] INFO  net.NetworkTopology (NetworkTopologyImpl.java:add(110)) - Added a new node: /default-rack/172500b1-a982-45b0-97f3-b87b470f702c
2019-08-30 00:29:35,036 [IPC Server handler 12 on 39028] INFO  node.SCMNodeManager (SCMNodeManager.java:register(273)) - Registered Data node : 172500b1-a982-45b0-97f3-b87b470f702c{ip: 192.168.69.124, host: pr-hdds-2050-pz9tn-2767506387, networkLocation: /default-rack, certSerialId: null}
2019-08-30 00:29:35,036 | INFO  | SCMAudit | user=jenkins1000 | ip=192.168.69.124 | op=REGISTER {datanodeDetails=172500b1-a982-45b0-97f3-b87b470f702c{ip: 192.168.69.124, host: pr-hdds-2050-pz9tn-2767506387, networkLocation: /default-rack, certSerialId: null}} | ret=SUCCESS |  
2019-08-30 00:29:35,103 [IPC Server handler 17 on 39028] INFO  net.NetworkTopology (NetworkTopologyImpl.java:add(110)) - Added a new node: /default-rack/4390dbf5-fe85-4d4d-bc44-dfd1f2b7e3b6
2019-08-30 00:29:35,103 [IPC Server handler 17 on 39028] INFO  node.SCMNodeManager (SCMNodeManager.java:register(273)) - Registered Data node : 4390dbf5-fe85-4d4d-bc44-dfd1f2b7e3b6{ip: 192.168.69.124, host: pr-hdds-2050-pz9tn-2767506387, networkLocation: /default-rack, certSerialId: null}
2019-08-30 00:29:35,103 | INFO  | SCMAudit | user=jenkins1000 | ip=192.168.69.124 | op=REGISTER {datanodeDetails=4390dbf5-fe85-4d4d-bc44-dfd1f2b7e3b6{ip: 192.168.69.124, host: pr-hdds-2050-pz9tn-2767506387, networkLocation: /default-rack, certSerialId: null}} | ret=SUCCESS |  
2019-08-30 00:29:35,173 [IPC Server handler 16 on 39028] INFO  net.NetworkTopology (NetworkTopologyImpl.java:add(110)) - Added a new node: /default-rack/1019a315-1aa9-4af0-89b7-df29ea019370
2019-08-30 00:29:35,173 [IPC Server handler 16 on 39028] INFO  node.SCMNodeManager (SCMNodeManager.java:register(273)) - Registered Data node : 1019a315-1aa9-4af0-89b7-df29ea019370{ip: 192.168.69.124, host: pr-hdds-2050-pz9tn-2767506387, networkLocation: /default-rack, certSerialId: null}
2019-08-30 00:29:35,174 | INFO  | SCMAudit | user=jenkins1000 | ip=192.168.69.124 | op=REGISTER {datanodeDetails=1019a315-1aa9-4af0-89b7-df29ea019370{ip: 192.168.69.124, host: pr-hdds-2050-pz9tn-2767506387, networkLocation: /default-rack, certSerialId: null}} | ret=SUCCESS |  
2019-08-30 00:29:35,251 [IPC Server handler 15 on 39028] INFO  net.NetworkTopology (NetworkTopologyImpl.java:add(110)) - Added a new node: /default-rack/a12ea28e-4ff8-4509-b8a9-e7419ebd2ad0
2019-08-30 00:29:35,251 [IPC Server handler 15 on 39028] INFO  node.SCMNodeManager (SCMNodeManager.java:register(273)) - Registered Data node : a12ea28e-4ff8-4509-b8a9-e7419ebd2ad0{ip: 192.168.69.124, host: pr-hdds-2050-pz9tn-2767506387, networkLocation: /default-rack, certSerialId: null}
2019-08-30 00:29:35,251 | INFO  | SCMAudit | user=jenkins1000 | ip=192.168.69.124 | op=REGISTER {datanodeDetails=a12ea28e-4ff8-4509-b8a9-e7419ebd2ad0{ip: 192.168.69.124, host: pr-hdds-2050-pz9tn-2767506387, networkLocation: /default-rack, certSerialId: null}} | ret=SUCCESS |  
2019-08-30 00:29:35,328 [main] INFO  ozone.MiniOzoneClusterImpl (MiniOzoneClusterImpl.java:lambda$waitForClusterToBeReady$0(140)) - Waiting for cluster to be ready. Got 6 of 7 DN Heartbeats.
2019-08-30 00:29:35,332 [IPC Server handler 18 on 39028] INFO  net.NetworkTopology (NetworkTopologyImpl.java:add(110)) - Added a new node: /default-rack/d1580c93-e30f-4179-b81b-faa6e700af79
2019-08-30 00:29:35,332 [IPC Server handler 18 on 39028] INFO  node.SCMNodeManager (SCMNodeManager.java:register(273)) - Registered Data node : d1580c93-e30f-4179-b81b-faa6e700af79{ip: 192.168.69.124, host: pr-hdds-2050-pz9tn-2767506387, networkLocation: /default-rack, certSerialId: null}
2019-08-30 00:29:35,332 | INFO  | SCMAudit | user=jenkins1000 | ip=192.168.69.124 | op=REGISTER {datanodeDetails=d1580c93-e30f-4179-b81b-faa6e700af79{ip: 192.168.69.124, host: pr-hdds-2050-pz9tn-2767506387, networkLocation: /default-rack, certSerialId: null}} | ret=SUCCESS |  
2019-08-30 00:29:35,493 [grpc-default-executor-0] INFO  impl.RaftServerProxy (RaftServerProxy.java:addNew(89)) - 278fc07b-1ae0-445c-982e-4fc0a892453b: addNew group-F25FC5708AF4:[278fc07b-1ae0-445c-982e-4fc0a892453b:192.168.69.124:44576] returns group-F25FC5708AF4:java.util.concurrent.CompletableFuture@6bed0d09[Not completed]
2019-08-30 00:29:35,514 [pool-27-thread-1] INFO  impl.RaftServerImpl (RaftServerImpl.java:<init>(93)) - 278fc07b-1ae0-445c-982e-4fc0a892453b: new RaftServerImpl for group-F25FC5708AF4:[278fc07b-1ae0-445c-982e-4fc0a892453b:192.168.69.124:44576] with ContainerStateMachine:uninitialized
2019-08-30 00:29:35,516 [pool-27-thread-1] INFO  server.RaftServerConfigKeys (ConfUtils.java:logGet(43)) - raft.server.rpc.timeout.min = 5s (custom)
2019-08-30 00:29:35,519 [pool-27-thread-1] INFO  server.RaftServerConfigKeys (ConfUtils.java:logGet(43)) - raft.server.rpc.timeout.max = 5200ms (custom)
2019-08-30 00:29:35,519 [pool-27-thread-1] INFO  server.RaftServerConfigKeys (ConfUtils.java:logGet(43)) - raft.server.rpcslowness.timeout = 120s (custom)
2019-08-30 00:29:35,520 [pool-27-thread-1] INFO  server.RaftServerConfigKeys (ConfUtils.java:logGet(43)) - raft.server.sleep.deviation.threshold = 300 (default)
2019-08-30 00:29:35,521 [pool-27-thread-1] INFO  server.RaftServerConfigKeys (ConfUtils.java:logGet(43)) - raft.server.log.appender.install.snapshot.enabled = false (custom)
2019-08-30 00:29:35,530 [pool-27-thread-1] INFO  impl.RaftServerImpl (ServerState.java:<init>(105)) - 278fc07b-1ae0-445c-982e-4fc0a892453b:group-F25FC5708AF4 ConfigurationManager, init=-1: [278fc07b-1ae0-445c-982e-4fc0a892453b:192.168.69.124:44576], old=null, confs=<EMPTY_MAP>
2019-08-30 00:29:35,530 [pool-27-thread-1] INFO  server.RaftServerConfigKeys (ConfUtils.java:logGet(43)) - raft.server.storage.dir = [/workdir/hadoop-ozone/integration-test/target/test-dir/MiniOzoneClusterImpl-8399914c-1e04-4a2d-86b1-d53ee4911094/datanode-0/data/ratis] (custom)
2019-08-30 00:29:35,539 [pool-27-thread-1] INFO  storage.RaftStorageDirectory (RaftStorageDirectory.java:analyzeStorage(246)) - The storage directory /workdir/hadoop-ozone/integration-test/target/test-dir/MiniOzoneClusterImpl-8399914c-1e04-4a2d-86b1-d53ee4911094/datanode-0/data/ratis/a3e605c7-b01f-42f4-9b57-f25fc5708af4 does not exist. Creating ...
2019-08-30 00:29:35,578 [pool-27-thread-1] INFO  storage.RaftStorageDirectory (RaftStorageDirectory.java:tryLock(328)) - Lock on /workdir/hadoop-ozone/integration-test/target/test-dir/MiniOzoneClusterImpl-8399914c-1e04-4a2d-86b1-d53ee4911094/datanode-0/data/ratis/a3e605c7-b01f-42f4-9b57-f25fc5708af4/in_use.lock acquired by nodename 5675@pr-hdds-2050-pz9tn-2767506387
2019-08-30 00:29:35,604 [pool-27-thread-1] INFO  storage.RaftStorage (RaftStorage.java:format(72)) - Storage directory /workdir/hadoop-ozone/integration-test/target/test-dir/MiniOzoneClusterImpl-8399914c-1e04-4a2d-86b1-d53ee4911094/datanode-0/data/ratis/a3e605c7-b01f-42f4-9b57-f25fc5708af4 has been successfully formatted.
2019-08-30 00:29:35,607 [pool-27-thread-1] INFO  ratis.ContainerStateMachine (ContainerStateMachine.java:loadSnapshot(227)) - group-F25FC5708AF4: The snapshot info is null. Setting the last applied indexto:(t:0, i:~)
2019-08-30 00:29:35,607 [pool-27-thread-1] INFO  server.RaftServerConfigKeys (ConfUtils.java:logGet(43)) - raft.server.leader.election.timeout = 120s (custom)
2019-08-30 00:29:35,609 [pool-27-thread-1] INFO  server.RaftServerConfigKeys (ConfUtils.java:logGet(43)) - raft.server.log.use.memory = false (default)
2019-08-30 00:29:35,615 [pool-27-thread-1] INFO  server.RaftServerConfigKeys (ConfUtils.java:logGet(43)) - raft.server.log.purge.gap = 1000000 (custom)
2019-08-30 00:29:35,616 [pool-27-thread-1] INFO  server.RaftServerConfigKeys (ConfUtils.java:logGet(43)) - raft.server.log.appender.buffer.byte-limit = 33554432 (custom)
2019-08-30 00:29:35,617 [pool-27-thread-1] INFO  server.RaftServerConfigKeys (ConfUtils.java:logGet(43)) - raft.server.log.segment.size.max = 1048576 (custom)
2019-08-30 00:29:35,622 [pool-27-thread-1] INFO  server.RaftServerConfigKeys (ConfUtils.java:logGet(43)) - raft.server.log.segment.cache.num.max = 2 (custom)
2019-08-30 00:29:35,627 [pool-27-thread-1] INFO  segmented.SegmentedRaftLogWorker (SegmentedRaftLogWorker.java:<init>(172)) - new 278fc07b-1ae0-445c-982e-4fc0a892453b-SegmentedRaftLogWorker:Storage Directory /workdir/hadoop-ozone/integration-test/target/test-dir/MiniOzoneClusterImpl-8399914c-1e04-4a2d-86b1-d53ee4911094/datanode-0/data/ratis/a3e605c7-b01f-42f4-9b57-f25fc5708af4 for RaftStorage:Storage Directory /workdir/hadoop-ozone/integration-test/target/test-dir/MiniOzoneClusterImpl-8399914c-1e04-4a2d-86b1-d53ee4911094/datanode-0/data/ratis/a3e605c7-b01f-42f4-9b57-f25fc5708af4
2019-08-30 00:29:35,639 [pool-27-thread-1] INFO  server.RaftServerConfigKeys (ConfUtils.java:logGet(43)) - raft.server.log.queue.byte-limit = 2147483647 (custom)
2019-08-30 00:29:35,639 [pool-27-thread-1] INFO  server.RaftServerConfigKeys (ConfUtils.java:logGet(43)) - raft.server.log.queue.element-limit = 1024 (custom)
2019-08-30 00:29:35,644 [pool-27-thread-1] INFO  server.RaftServerConfigKeys (ConfUtils.java:logGet(43)) - raft.server.log.segment.size.max = 1048576 (custom)
2019-08-30 00:29:35,645 [pool-27-thread-1] INFO  server.RaftServerConfigKeys (ConfUtils.java:logGet(43)) - raft.server.log.preallocated.size = 16384 (custom)
2019-08-30 00:29:35,645 [pool-27-thread-1] INFO  server.RaftServerConfigKeys (ConfUtils.java:logGet(43)) - raft.server.log.write.buffer.size = 33554432 (custom)
2019-08-30 00:29:35,646 [pool-27-thread-1] INFO  server.RaftServerConfigKeys (ConfUtils.java:logGet(43)) - raft.server.log.force.sync.num = 128 (default)
2019-08-30 00:29:35,646 [pool-27-thread-1] INFO  server.RaftServerConfigKeys (ConfUtils.java:logGet(43)) - raft.server.log.statemachine.data.sync = true (default)
2019-08-30 00:29:35,647 [pool-27-thread-1] INFO  server.RaftServerConfigKeys (ConfUtils.java:logGet(43)) - raft.server.log.statemachine.data.sync.timeout = 10s (default)
2019-08-30 00:29:35,647 [pool-27-thread-1] INFO  server.RaftServerConfigKeys (ConfUtils.java:logGet(43)) - raft.server.log.statemachine.data.sync.timeout.retry = -1 (default)
2019-08-30 00:29:35,656 [pool-27-thread-1] INFO  server.RaftServerConfigKeys (ConfUtils.java:logGet(43)) - raft.server.log.statemachine.data.caching.enabled = true (custom)
2019-08-30 00:29:35,660 [pool-27-thread-1] INFO  segmented.SegmentedRaftLogWorker (SegmentedRaftLogWorker.java:lambda$new$0(132)) - 278fc07b-1ae0-445c-982e-4fc0a892453b-SegmentedRaftLogWorker:Storage Directory /workdir/hadoop-ozone/integration-test/target/test-dir/MiniOzoneClusterImpl-8399914c-1e04-4a2d-86b1-d53ee4911094/datanode-0/data/ratis/a3e605c7-b01f-42f4-9b57-f25fc5708af4: flushIndex: setUnconditionally 0 -> -1
2019-08-30 00:29:35,664 [pool-27-thread-1] INFO  server.RaftServerConfigKeys (ConfUtils.java:logGet(43)) - raft.server.snapshot.auto.trigger.enabled = true (custom)
2019-08-30 00:29:35,665 [pool-27-thread-1] INFO  server.RaftServerConfigKeys (ConfUtils.java:logGet(43)) - raft.server.snapshot.auto.trigger.threshold = 10000 (custom)
2019-08-30 00:29:35,666 [pool-27-thread-1] INFO  server.RaftServerConfigKeys (ConfUtils.java:logGet(43)) - raft.server.retrycache.expirytime = 600000ms (custom)
2019-08-30 00:29:35,686 [pool-27-thread-1] INFO  impl.RaftServerImpl (RaftServerImpl.java:start(180)) - 278fc07b-1ae0-445c-982e-4fc0a892453b: start group-F25FC5708AF4
2019-08-30 00:29:35,687 [pool-27-thread-1] INFO  impl.RaftServerImpl (RaftServerImpl.java:setRole(171)) - 278fc07b-1ae0-445c-982e-4fc0a892453b:group-F25FC5708AF4 changes role from null to FOLLOWER at term 0 for startAsFollower
2019-08-30 00:29:35,688 [pool-27-thread-1] INFO  impl.RoleInfo (RoleInfo.java:updateAndGet(143)) - 278fc07b-1ae0-445c-982e-4fc0a892453b: start FollowerState
2019-08-30 00:29:35,690 [pool-27-thread-1] INFO  util.JmxRegister (JmxRegister.java:tryRegister(44)) - Successfully registered JMX Bean with object name Ratis:service=RaftServer,group=group-F25FC5708AF4,id=278fc07b-1ae0-445c-982e-4fc0a892453b
2019-08-30 00:29:35,757 [RatisPipelineUtilsThread] INFO  pipeline.PipelineStateManager (PipelineStateManager.java:addPipeline(56)) - Created pipeline Pipeline[ Id: a3e605c7-b01f-42f4-9b57-f25fc5708af4, Nodes: 278fc07b-1ae0-445c-982e-4fc0a892453b{ip: 192.168.69.124, host: pr-hdds-2050-pz9tn-2767506387, networkLocation: /default-rack, certSerialId: null}, Type:RATIS, Factor:ONE, State:OPEN]
2019-08-30 00:29:35,784 [grpc-default-executor-0] INFO  impl.RaftServerProxy (RaftServerProxy.java:addNew(89)) - a12ea28e-4ff8-4509-b8a9-e7419ebd2ad0: addNew group-491435D9E7C4:[a12ea28e-4ff8-4509-b8a9-e7419ebd2ad0:192.168.69.124:34070] returns group-491435D9E7C4:java.util.concurrent.CompletableFuture@77475ba3[Not completed]
2019-08-30 00:29:35,833 [pool-82-thread-1] INFO  impl.RaftServerImpl (RaftServerImpl.java:<init>(93)) - a12ea28e-4ff8-4509-b8a9-e7419ebd2ad0: new RaftServerImpl for group-491435D9E7C4:[a12ea28e-4ff8-4509-b8a9-e7419ebd2ad0:192.168.69.124:34070] with ContainerStateMachine:uninitialized
2019-08-30 00:29:35,835 [pool-82-thread-1] INFO  server.RaftServerConfigKeys (ConfUtils.java:logGet(43)) - raft.server.rpc.timeout.min = 5s (custom)
2019-08-30 00:29:35,835 [pool-82-thread-1] INFO  server.RaftServerConfigKeys (ConfUtils.java:logGet(43)) - raft.server.rpc.timeout.max = 5200ms (custom)
2019-08-30 00:29:35,835 [pool-82-thread-1] INFO  server.RaftServerConfigKeys (ConfUtils.java:logGet(43)) - raft.server.rpcslowness.timeout = 120s (custom)
2019-08-30 00:29:35,836 [pool-82-thread-1] INFO  server.RaftServerConfigKeys (ConfUtils.java:logGet(43)) - raft.server.sleep.deviation.threshold = 300 (default)
2019-08-30 00:29:35,836 [pool-82-thread-1] INFO  server.RaftServerConfigKeys (ConfUtils.java:logGet(43)) - raft.server.log.appender.install.snapshot.enabled = false (custom)
2019-08-30 00:29:35,836 [pool-82-thread-1] INFO  impl.RaftServerImpl (ServerState.java:<init>(105)) - a12ea28e-4ff8-4509-b8a9-e7419ebd2ad0:group-491435D9E7C4 ConfigurationManager, init=-1: [a12ea28e-4ff8-4509-b8a9-e7419ebd2ad0:192.168.69.124:34070], old=null, confs=<EMPTY_MAP>
2019-08-30 00:29:35,836 [pool-82-thread-1] INFO  server.RaftServerConfigKeys (ConfUtils.java:logGet(43)) - raft.server.storage.dir = [/workdir/hadoop-ozone/integration-test/target/test-dir/MiniOzoneClusterImpl-8399914c-1e04-4a2d-86b1-d53ee4911094/datanode-5/data/ratis] (custom)
2019-08-30 00:29:35,837 [pool-82-thread-1] INFO  storage.RaftStorageDirectory (RaftStorageDirectory.java:analyzeStorage(246)) - The storage directory /workdir/hadoop-ozone/integration-test/target/test-dir/MiniOzoneClusterImpl-8399914c-1e04-4a2d-86b1-d53ee4911094/datanode-5/data/ratis/068a17d9-46c2-4c92-9957-491435d9e7c4 does not exist. Creating ...
2019-08-30 00:29:35,854 [pool-82-thread-1] INFO  storage.RaftStorageDirectory (RaftStorageDirectory.java:tryLock(328)) - Lock on /workdir/hadoop-ozone/integration-test/target/test-dir/MiniOzoneClusterImpl-8399914c-1e04-4a2d-86b1-d53ee4911094/datanode-5/data/ratis/068a17d9-46c2-4c92-9957-491435d9e7c4/in_use.lock acquired by nodename 5675@pr-hdds-2050-pz9tn-2767506387
2019-08-30 00:29:35,880 [pool-82-thread-1] INFO  storage.RaftStorage (RaftStorage.java:format(72)) - Storage directory /workdir/hadoop-ozone/integration-test/target/test-dir/MiniOzoneClusterImpl-8399914c-1e04-4a2d-86b1-d53ee4911094/datanode-5/data/ratis/068a17d9-46c2-4c92-9957-491435d9e7c4 has been successfully formatted.
2019-08-30 00:29:35,882 [pool-82-thread-1] INFO  ratis.ContainerStateMachine (ContainerStateMachine.java:loadSnapshot(227)) - group-491435D9E7C4: The snapshot info is null. Setting the last applied indexto:(t:0, i:~)
2019-08-30 00:29:35,884 [pool-82-thread-1] INFO  server.RaftServerConfigKeys (ConfUtils.java:logGet(43)) - raft.server.leader.election.timeout = 120s (custom)
2019-08-30 00:29:35,884 [pool-82-thread-1] INFO  server.RaftServerConfigKeys (ConfUtils.java:logGet(43)) - raft.server.log.use.memory = false (default)
2019-08-30 00:29:35,884 [pool-82-thread-1] INFO  server.RaftServerConfigKeys (ConfUtils.java:logGet(43)) - raft.server.log.purge.gap = 1000000 (custom)
2019-08-30 00:29:35,885 [pool-82-thread-1] INFO  server.RaftServerConfigKeys (ConfUtils.java:logGet(43)) - raft.server.log.appender.buffer.byte-limit = 33554432 (custom)
2019-08-30 00:29:35,885 [pool-82-thread-1] INFO  server.RaftServerConfigKeys (ConfUtils.java:logGet(43)) - raft.server.log.segment.size.max = 1048576 (custom)
2019-08-30 00:29:35,885 [pool-82-thread-1] INFO  server.RaftServerConfigKeys (ConfUtils.java:logGet(43)) - raft.server.log.segment.cache.num.max = 2 (custom)
2019-08-30 00:29:35,885 [pool-82-thread-1] INFO  segmented.SegmentedRaftLogWorker (SegmentedRaftLogWorker.java:<init>(172)) - new a12ea28e-4ff8-4509-b8a9-e7419ebd2ad0-SegmentedRaftLogWorker:Storage Directory /workdir/hadoop-ozone/integration-test/target/test-dir/MiniOzoneClusterImpl-8399914c-1e04-4a2d-86b1-d53ee4911094/datanode-5/data/ratis/068a17d9-46c2-4c92-9957-491435d9e7c4 for RaftStorage:Storage Directory /workdir/hadoop-ozone/integration-test/target/test-dir/MiniOzoneClusterImpl-8399914c-1e04-4a2d-86b1-d53ee4911094/datanode-5/data/ratis/068a17d9-46c2-4c92-9957-491435d9e7c4
2019-08-30 00:29:35,887 [pool-82-thread-1] INFO  server.RaftServerConfigKeys (ConfUtils.java:logGet(43)) - raft.server.log.queue.byte-limit = 2147483647 (custom)
2019-08-30 00:29:35,887 [pool-82-thread-1] INFO  server.RaftServerConfigKeys (ConfUtils.java:logGet(43)) - raft.server.log.queue.element-limit = 1024 (custom)
2019-08-30 00:29:35,888 [pool-82-thread-1] INFO  server.RaftServerConfigKeys (ConfUtils.java:logGet(43)) - raft.server.log.segment.size.max = 1048576 (custom)
2019-08-30 00:29:35,888 [pool-82-thread-1] INFO  server.RaftServerConfigKeys (ConfUtils.java:logGet(43)) - raft.server.log.preallocated.size = 16384 (custom)
2019-08-30 00:29:35,888 [pool-82-thread-1] INFO  server.RaftServerConfigKeys (ConfUtils.java:logGet(43)) - raft.server.log.write.buffer.size = 33554432 (custom)
2019-08-30 00:29:35,889 [pool-82-thread-1] INFO  server.RaftServerConfigKeys (ConfUtils.java:logGet(43)) - raft.server.log.force.sync.num = 128 (default)
2019-08-30 00:29:35,889 [pool-82-thread-1] INFO  server.RaftServerConfigKeys (ConfUtils.java:logGet(43)) - raft.server.log.statemachine.data.sync = true (default)
2019-08-30 00:29:35,889 [pool-82-thread-1] INFO  server.RaftServerConfigKeys (ConfUtils.java:logGet(43)) - raft.server.log.statemachine.data.sync.timeout = 10s (default)
2019-08-30 00:29:35,890 [pool-82-thread-1] INFO  server.RaftServerConfigKeys (ConfUtils.java:logGet(43)) - raft.server.log.statemachine.data.sync.timeout.retry = -1 (default)
2019-08-30 00:29:35,890 [pool-82-thread-1] INFO  server.RaftServerConfigKeys (ConfUtils.java:logGet(43)) - raft.server.log.statemachine.data.caching.enabled = true (custom)
2019-08-30 00:29:35,891 [pool-82-thread-1] INFO  segmented.SegmentedRaftLogWorker (SegmentedRaftLogWorker.java:lambda$new$0(132)) - a12ea28e-4ff8-4509-b8a9-e7419ebd2ad0-SegmentedRaftLogWorker:Storage Directory /workdir/hadoop-ozone/integration-test/target/test-dir/MiniOzoneClusterImpl-8399914c-1e04-4a2d-86b1-d53ee4911094/datanode-5/data/ratis/068a17d9-46c2-4c92-9957-491435d9e7c4: flushIndex: setUnconditionally 0 -> -1
2019-08-30 00:29:35,892 [pool-82-thread-1] INFO  server.RaftServerConfigKeys (ConfUtils.java:logGet(43)) - raft.server.snapshot.auto.trigger.enabled = true (custom)
2019-08-30 00:29:35,892 [pool-82-thread-1] INFO  server.RaftServerConfigKeys (ConfUtils.java:logGet(43)) - raft.server.snapshot.auto.trigger.threshold = 10000 (custom)
2019-08-30 00:29:35,893 [pool-82-thread-1] INFO  server.RaftServerConfigKeys (ConfUtils.java:logGet(43)) - raft.server.retrycache.expirytime = 600000ms (custom)
2019-08-30 00:29:35,893 [pool-82-thread-1] INFO  impl.RaftServerImpl (RaftServerImpl.java:start(180)) - a12ea28e-4ff8-4509-b8a9-e7419ebd2ad0: start group-491435D9E7C4
2019-08-30 00:29:35,893 [pool-82-thread-1] INFO  impl.RaftServerImpl (RaftServerImpl.java:setRole(171)) - a12ea28e-4ff8-4509-b8a9-e7419ebd2ad0:group-491435D9E7C4 changes role from null to FOLLOWER at term 0 for startAsFollower
2019-08-30 00:29:35,894 [pool-82-thread-1] INFO  impl.RoleInfo (RoleInfo.java:updateAndGet(143)) - a12ea28e-4ff8-4509-b8a9-e7419ebd2ad0: start FollowerState
2019-08-30 00:29:35,896 [pool-82-thread-1] INFO  util.JmxRegister (JmxRegister.java:tryRegister(44)) - Successfully registered JMX Bean with object name Ratis:service=RaftServer,group=group-491435D9E7C4,id=a12ea28e-4ff8-4509-b8a9-e7419ebd2ad0
2019-08-30 00:29:35,912 [RatisPipelineUtilsThread] INFO  pipeline.PipelineStateManager (PipelineStateManager.java:addPipeline(56)) - Created pipeline Pipeline[ Id: 068a17d9-46c2-4c92-9957-491435d9e7c4, Nodes: a12ea28e-4ff8-4509-b8a9-e7419ebd2ad0{ip: 192.168.69.124, host: pr-hdds-2050-pz9tn-2767506387, networkLocation: /default-rack, certSerialId: null}, Type:RATIS, Factor:ONE, State:OPEN]
2019-08-30 00:29:35,941 [grpc-default-executor-0] INFO  impl.RaftServerProxy (RaftServerProxy.java:addNew(89)) - 4390dbf5-fe85-4d4d-bc44-dfd1f2b7e3b6: addNew group-8AE33CF89F38:[4390dbf5-fe85-4d4d-bc44-dfd1f2b7e3b6:192.168.69.124:39112] returns group-8AE33CF89F38:java.util.concurrent.CompletableFuture@1578c381[Not completed]
2019-08-30 00:29:35,957 [pool-60-thread-1] INFO  impl.RaftServerImpl (RaftServerImpl.java:<init>(93)) - 4390dbf5-fe85-4d4d-bc44-dfd1f2b7e3b6: new RaftServerImpl for group-8AE33CF89F38:[4390dbf5-fe85-4d4d-bc44-dfd1f2b7e3b6:192.168.69.124:39112] with ContainerStateMachine:uninitialized
2019-08-30 00:29:35,957 [pool-60-thread-1] INFO  server.RaftServerConfigKeys (ConfUtils.java:logGet(43)) - raft.server.rpc.timeout.min = 5s (custom)
2019-08-30 00:29:35,957 [pool-60-thread-1] INFO  server.RaftServerConfigKeys (ConfUtils.java:logGet(43)) - raft.server.rpc.timeout.max = 5200ms (custom)
2019-08-30 00:29:35,957 [pool-60-thread-1] INFO  server.RaftServerConfigKeys (ConfUtils.java:logGet(43)) - raft.server.rpcslowness.timeout = 120s (custom)
2019-08-30 00:29:35,958 [pool-60-thread-1] INFO  server.RaftServerConfigKeys (ConfUtils.java:logGet(43)) - raft.server.sleep.deviation.threshold = 300 (default)
2019-08-30 00:29:35,958 [pool-60-thread-1] INFO  server.RaftServerConfigKeys (ConfUtils.java:logGet(43)) - raft.server.log.appender.install.snapshot.enabled = false (custom)
2019-08-30 00:29:35,958 [pool-60-thread-1] INFO  impl.RaftServerImpl (ServerState.java:<init>(105)) - 4390dbf5-fe85-4d4d-bc44-dfd1f2b7e3b6:group-8AE33CF89F38 ConfigurationManager, init=-1: [4390dbf5-fe85-4d4d-bc44-dfd1f2b7e3b6:192.168.69.124:39112], old=null, confs=<EMPTY_MAP>
2019-08-30 00:29:35,958 [pool-60-thread-1] INFO  server.RaftServerConfigKeys (ConfUtils.java:logGet(43)) - raft.server.storage.dir = [/workdir/hadoop-ozone/integration-test/target/test-dir/MiniOzoneClusterImpl-8399914c-1e04-4a2d-86b1-d53ee4911094/datanode-3/data/ratis] (custom)
2019-08-30 00:29:35,959 [pool-60-thread-1] INFO  storage.RaftStorageDirectory (RaftStorageDirectory.java:analyzeStorage(246)) - The storage directory /workdir/hadoop-ozone/integration-test/target/test-dir/MiniOzoneClusterImpl-8399914c-1e04-4a2d-86b1-d53ee4911094/datanode-3/data/ratis/f8166225-ac0e-423a-b1eb-8ae33cf89f38 does not exist. Creating ...
2019-08-30 00:29:35,972 [pool-60-thread-1] INFO  storage.RaftStorageDirectory (RaftStorageDirectory.java:tryLock(328)) - Lock on /workdir/hadoop-ozone/integration-test/target/test-dir/MiniOzoneClusterImpl-8399914c-1e04-4a2d-86b1-d53ee4911094/datanode-3/data/ratis/f8166225-ac0e-423a-b1eb-8ae33cf89f38/in_use.lock acquired by nodename 5675@pr-hdds-2050-pz9tn-2767506387
2019-08-30 00:29:35,989 [pool-60-thread-1] INFO  storage.RaftStorage (RaftStorage.java:format(72)) - Storage directory /workdir/hadoop-ozone/integration-test/target/test-dir/MiniOzoneClusterImpl-8399914c-1e04-4a2d-86b1-d53ee4911094/datanode-3/data/ratis/f8166225-ac0e-423a-b1eb-8ae33cf89f38 has been successfully formatted.
2019-08-30 00:29:35,990 [pool-60-thread-1] INFO  ratis.ContainerStateMachine (ContainerStateMachine.java:loadSnapshot(227)) - group-8AE33CF89F38: The snapshot info is null. Setting the last applied indexto:(t:0, i:~)
2019-08-30 00:29:35,990 [pool-60-thread-1] INFO  server.RaftServerConfigKeys (ConfUtils.java:logGet(43)) - raft.server.leader.election.timeout = 120s (custom)
2019-08-30 00:29:35,990 [pool-60-thread-1] INFO  server.RaftServerConfigKeys (ConfUtils.java:logGet(43)) - raft.server.log.use.memory = false (default)
2019-08-30 00:29:35,990 [pool-60-thread-1] INFO  server.RaftServerConfigKeys (ConfUtils.java:logGet(43)) - raft.server.log.purge.gap = 1000000 (custom)
2019-08-30 00:29:35,991 [pool-60-thread-1] INFO  server.RaftServerConfigKeys (ConfUtils.java:logGet(43)) - raft.server.log.appender.buffer.byte-limit = 33554432 (custom)
2019-08-30 00:29:35,991 [pool-60-thread-1] INFO  server.RaftServerConfigKeys (ConfUtils.java:logGet(43)) - raft.server.log.segment.size.max = 1048576 (custom)
2019-08-30 00:29:35,991 [pool-60-thread-1] INFO  server.RaftServerConfigKeys (ConfUtils.java:logGet(43)) - raft.server.log.segment.cache.num.max = 2 (custom)
2019-08-30 00:29:35,991 [pool-60-thread-1] INFO  segmented.SegmentedRaftLogWorker (SegmentedRaftLogWorker.java:<init>(172)) - new 4390dbf5-fe85-4d4d-bc44-dfd1f2b7e3b6-SegmentedRaftLogWorker:Storage Directory /workdir/hadoop-ozone/integration-test/target/test-dir/MiniOzoneClusterImpl-8399914c-1e04-4a2d-86b1-d53ee4911094/datanode-3/data/ratis/f8166225-ac0e-423a-b1eb-8ae33cf89f38 for RaftStorage:Storage Directory /workdir/hadoop-ozone/integration-test/target/test-dir/MiniOzoneClusterImpl-8399914c-1e04-4a2d-86b1-d53ee4911094/datanode-3/data/ratis/f8166225-ac0e-423a-b1eb-8ae33cf89f38
2019-08-30 00:29:35,991 [pool-60-thread-1] INFO  server.RaftServerConfigKeys (ConfUtils.java:logGet(43)) - raft.server.log.queue.byte-limit = 2147483647 (custom)
2019-08-30 00:29:35,992 [pool-60-thread-1] INFO  server.RaftServerConfigKeys (ConfUtils.java:logGet(43)) - raft.server.log.queue.element-limit = 1024 (custom)
2019-08-30 00:29:35,992 [pool-60-thread-1] INFO  server.RaftServerConfigKeys (ConfUtils.java:logGet(43)) - raft.server.log.segment.size.max = 1048576 (custom)
2019-08-30 00:29:35,992 [pool-60-thread-1] INFO  server.RaftServerConfigKeys (ConfUtils.java:logGet(43)) - raft.server.log.preallocated.size = 16384 (custom)
2019-08-30 00:29:35,992 [pool-60-thread-1] INFO  server.RaftServerConfigKeys (ConfUtils.java:logGet(43)) - raft.server.log.write.buffer.size = 33554432 (custom)
2019-08-30 00:29:35,993 [pool-60-thread-1] INFO  server.RaftServerConfigKeys (ConfUtils.java:logGet(43)) - raft.server.log.force.sync.num = 128 (default)
2019-08-30 00:29:35,993 [pool-60-thread-1] INFO  server.RaftServerConfigKeys (ConfUtils.java:logGet(43)) - raft.server.log.statemachine.data.sync = true (default)
2019-08-30 00:29:35,993 [pool-60-thread-1] INFO  server.RaftServerConfigKeys (ConfUtils.java:logGet(43)) - raft.server.log.statemachine.data.sync.timeout = 10s (default)
2019-08-30 00:29:35,993 [pool-60-thread-1] INFO  server.RaftServerConfigKeys (ConfUtils.java:logGet(43)) - raft.server.log.statemachine.data.sync.timeout.retry = -1 (default)
2019-08-30 00:29:35,994 [pool-60-thread-1] INFO  server.RaftServerConfigKeys (ConfUtils.java:logGet(43)) - raft.server.log.statemachine.data.caching.enabled = true (custom)
2019-08-30 00:29:35,994 [pool-60-thread-1] INFO  segmented.SegmentedRaftLogWorker (SegmentedRaftLogWorker.java:lambda$new$0(132)) - 4390dbf5-fe85-4d4d-bc44-dfd1f2b7e3b6-SegmentedRaftLogWorker:Storage Directory /workdir/hadoop-ozone/integration-test/target/test-dir/MiniOzoneClusterImpl-8399914c-1e04-4a2d-86b1-d53ee4911094/datanode-3/data/ratis/f8166225-ac0e-423a-b1eb-8ae33cf89f38: flushIndex: setUnconditionally 0 -> -1
2019-08-30 00:29:35,995 [pool-60-thread-1] INFO  server.RaftServerConfigKeys (ConfUtils.java:logGet(43)) - raft.server.snapshot.auto.trigger.enabled = true (custom)
2019-08-30 00:29:35,995 [pool-60-thread-1] INFO  server.RaftServerConfigKeys (ConfUtils.java:logGet(43)) - raft.server.snapshot.auto.trigger.threshold = 10000 (custom)
2019-08-30 00:29:35,995 [pool-60-thread-1] INFO  server.RaftServerConfigKeys (ConfUtils.java:logGet(43)) - raft.server.retrycache.expirytime = 600000ms (custom)
2019-08-30 00:29:35,996 [pool-60-thread-1] INFO  impl.RaftServerImpl (RaftServerImpl.java:start(180)) - 4390dbf5-fe85-4d4d-bc44-dfd1f2b7e3b6: start group-8AE33CF89F38
2019-08-30 00:29:35,996 [pool-60-thread-1] INFO  impl.RaftServerImpl (RaftServerImpl.java:setRole(171)) - 4390dbf5-fe85-4d4d-bc44-dfd1f2b7e3b6:group-8AE33CF89F38 changes role from null to FOLLOWER at term 0 for startAsFollower
2019-08-30 00:29:35,996 [pool-60-thread-1] INFO  impl.RoleInfo (RoleInfo.java:updateAndGet(143)) - 4390dbf5-fe85-4d4d-bc44-dfd1f2b7e3b6: start FollowerState
2019-08-30 00:29:35,996 [pool-60-thread-1] INFO  util.JmxRegister (JmxRegister.java:tryRegister(44)) - Successfully registered JMX Bean with object name Ratis:service=RaftServer,group=group-8AE33CF89F38,id=4390dbf5-fe85-4d4d-bc44-dfd1f2b7e3b6
2019-08-30 00:29:36,011 [RatisPipelineUtilsThread] INFO  pipeline.PipelineStateManager (PipelineStateManager.java:addPipeline(56)) - Created pipeline Pipeline[ Id: f8166225-ac0e-423a-b1eb-8ae33cf89f38, Nodes: 4390dbf5-fe85-4d4d-bc44-dfd1f2b7e3b6{ip: 192.168.69.124, host: pr-hdds-2050-pz9tn-2767506387, networkLocation: /default-rack, certSerialId: null}, Type:RATIS, Factor:ONE, State:OPEN]
2019-08-30 00:29:36,034 [grpc-default-executor-0] INFO  impl.RaftServerProxy (RaftServerProxy.java:addNew(89)) - d1580c93-e30f-4179-b81b-faa6e700af79: addNew group-7DEC7CF69AAF:[d1580c93-e30f-4179-b81b-faa6e700af79:192.168.69.124:35419] returns group-7DEC7CF69AAF:java.util.concurrent.CompletableFuture@77a7b815[Not completed]
2019-08-30 00:29:36,038 [pool-93-thread-1] INFO  impl.RaftServerImpl (RaftServerImpl.java:<init>(93)) - d1580c93-e30f-4179-b81b-faa6e700af79: new RaftServerImpl for group-7DEC7CF69AAF:[d1580c93-e30f-4179-b81b-faa6e700af79:192.168.69.124:35419] with ContainerStateMachine:uninitialized
2019-08-30 00:29:36,038 [pool-93-thread-1] INFO  server.RaftServerConfigKeys (ConfUtils.java:logGet(43)) - raft.server.rpc.timeout.min = 5s (custom)
2019-08-30 00:29:36,038 [pool-93-thread-1] INFO  server.RaftServerConfigKeys (ConfUtils.java:logGet(43)) - raft.server.rpc.timeout.max = 5200ms (custom)
2019-08-30 00:29:36,039 [pool-93-thread-1] INFO  server.RaftServerConfigKeys (ConfUtils.java:logGet(43)) - raft.server.rpcslowness.timeout = 120s (custom)
2019-08-30 00:29:36,039 [pool-93-thread-1] INFO  server.RaftServerConfigKeys (ConfUtils.java:logGet(43)) - raft.server.sleep.deviation.threshold = 300 (default)
2019-08-30 00:29:36,039 [pool-93-thread-1] INFO  server.RaftServerConfigKeys (ConfUtils.java:logGet(43)) - raft.server.log.appender.install.snapshot.enabled = false (custom)
2019-08-30 00:29:36,039 [pool-93-thread-1] INFO  impl.RaftServerImpl (ServerState.java:<init>(105)) - d1580c93-e30f-4179-b81b-faa6e700af79:group-7DEC7CF69AAF ConfigurationManager, init=-1: [d1580c93-e30f-4179-b81b-faa6e700af79:192.168.69.124:35419], old=null, confs=<EMPTY_MAP>
2019-08-30 00:29:36,039 [pool-93-thread-1] INFO  server.RaftServerConfigKeys (ConfUtils.java:logGet(43)) - raft.server.storage.dir = [/workdir/hadoop-ozone/integration-test/target/test-dir/MiniOzoneClusterImpl-8399914c-1e04-4a2d-86b1-d53ee4911094/datanode-6/data/ratis] (custom)
2019-08-30 00:29:36,040 [pool-93-thread-1] INFO  storage.RaftStorageDirectory (RaftStorageDirectory.java:analyzeStorage(246)) - The storage directory /workdir/hadoop-ozone/integration-test/target/test-dir/MiniOzoneClusterImpl-8399914c-1e04-4a2d-86b1-d53ee4911094/datanode-6/data/ratis/f8a6ed91-5367-4885-b911-7dec7cf69aaf does not exist. Creating ...
2019-08-30 00:29:36,056 [pool-93-thread-1] INFO  storage.RaftStorageDirectory (RaftStorageDirectory.java:tryLock(328)) - Lock on /workdir/hadoop-ozone/integration-test/target/test-dir/MiniOzoneClusterImpl-8399914c-1e04-4a2d-86b1-d53ee4911094/datanode-6/data/ratis/f8a6ed91-5367-4885-b911-7dec7cf69aaf/in_use.lock acquired by nodename 5675@pr-hdds-2050-pz9tn-2767506387
2019-08-30 00:29:36,073 [pool-93-thread-1] INFO  storage.RaftStorage (RaftStorage.java:format(72)) - Storage directory /workdir/hadoop-ozone/integration-test/target/test-dir/MiniOzoneClusterImpl-8399914c-1e04-4a2d-86b1-d53ee4911094/datanode-6/data/ratis/f8a6ed91-5367-4885-b911-7dec7cf69aaf has been successfully formatted.
2019-08-30 00:29:36,074 [pool-93-thread-1] INFO  ratis.ContainerStateMachine (ContainerStateMachine.java:loadSnapshot(227)) - group-7DEC7CF69AAF: The snapshot info is null. Setting the last applied indexto:(t:0, i:~)
2019-08-30 00:29:36,074 [pool-93-thread-1] INFO  server.RaftServerConfigKeys (ConfUtils.java:logGet(43)) - raft.server.leader.election.timeout = 120s (custom)
2019-08-30 00:29:36,074 [pool-93-thread-1] INFO  server.RaftServerConfigKeys (ConfUtils.java:logGet(43)) - raft.server.log.use.memory = false (default)
2019-08-30 00:29:36,074 [pool-93-thread-1] INFO  server.RaftServerConfigKeys (ConfUtils.java:logGet(43)) - raft.server.log.purge.gap = 1000000 (custom)
2019-08-30 00:29:36,075 [pool-93-thread-1] INFO  server.RaftServerConfigKeys (ConfUtils.java:logGet(43)) - raft.server.log.appender.buffer.byte-limit = 33554432 (custom)
2019-08-30 00:29:36,075 [pool-93-thread-1] INFO  server.RaftServerConfigKeys (ConfUtils.java:logGet(43)) - raft.server.log.segment.size.max = 1048576 (custom)
2019-08-30 00:29:36,075 [pool-93-thread-1] INFO  server.RaftServerConfigKeys (ConfUtils.java:logGet(43)) - raft.server.log.segment.cache.num.max = 2 (custom)
2019-08-30 00:29:36,075 [pool-93-thread-1] INFO  segmented.SegmentedRaftLogWorker (SegmentedRaftLogWorker.java:<init>(172)) - new d1580c93-e30f-4179-b81b-faa6e700af79-SegmentedRaftLogWorker:Storage Directory /workdir/hadoop-ozone/integration-test/target/test-dir/MiniOzoneClusterImpl-8399914c-1e04-4a2d-86b1-d53ee4911094/datanode-6/data/ratis/f8a6ed91-5367-4885-b911-7dec7cf69aaf for RaftStorage:Storage Directory /workdir/hadoop-ozone/integration-test/target/test-dir/MiniOzoneClusterImpl-8399914c-1e04-4a2d-86b1-d53ee4911094/datanode-6/data/ratis/f8a6ed91-5367-4885-b911-7dec7cf69aaf
2019-08-30 00:29:36,075 [pool-93-thread-1] INFO  server.RaftServerConfigKeys (ConfUtils.java:logGet(43)) - raft.server.log.queue.byte-limit = 2147483647 (custom)
2019-08-30 00:29:36,076 [pool-93-thread-1] INFO  server.RaftServerConfigKeys (ConfUtils.java:logGet(43)) - raft.server.log.queue.element-limit = 1024 (custom)
2019-08-30 00:29:36,076 [pool-93-thread-1] INFO  server.RaftServerConfigKeys (ConfUtils.java:logGet(43)) - raft.server.log.segment.size.max = 1048576 (custom)
2019-08-30 00:29:36,076 [pool-93-thread-1] INFO  server.RaftServerConfigKeys (ConfUtils.java:logGet(43)) - raft.server.log.preallocated.size = 16384 (custom)
2019-08-30 00:29:36,076 [pool-93-thread-1] INFO  server.RaftServerConfigKeys (ConfUtils.java:logGet(43)) - raft.server.log.write.buffer.size = 33554432 (custom)
2019-08-30 00:29:36,076 [pool-93-thread-1] INFO  server.RaftServerConfigKeys (ConfUtils.java:logGet(43)) - raft.server.log.force.sync.num = 128 (default)
2019-08-30 00:29:36,077 [pool-93-thread-1] INFO  server.RaftServerConfigKeys (ConfUtils.java:logGet(43)) - raft.server.log.statemachine.data.sync = true (default)
2019-08-30 00:29:36,077 [pool-93-thread-1] INFO  server.RaftServerConfigKeys (ConfUtils.java:logGet(43)) - raft.server.log.statemachine.data.sync.timeout = 10s (default)
2019-08-30 00:29:36,077 [pool-93-thread-1] INFO  server.RaftServerConfigKeys (ConfUtils.java:logGet(43)) - raft.server.log.statemachine.data.sync.timeout.retry = -1 (default)
2019-08-30 00:29:36,077 [pool-93-thread-1] INFO  server.RaftServerConfigKeys (ConfUtils.java:logGet(43)) - raft.server.log.statemachine.data.caching.enabled = true (custom)
2019-08-30 00:29:36,078 [pool-93-thread-1] INFO  segmented.SegmentedRaftLogWorker (SegmentedRaftLogWorker.java:lambda$new$0(132)) - d1580c93-e30f-4179-b81b-faa6e700af79-SegmentedRaftLogWorker:Storage Directory /workdir/hadoop-ozone/integration-test/target/test-dir/MiniOzoneClusterImpl-8399914c-1e04-4a2d-86b1-d53ee4911094/datanode-6/data/ratis/f8a6ed91-5367-4885-b911-7dec7cf69aaf: flushIndex: setUnconditionally 0 -> -1
2019-08-30 00:29:36,078 [pool-93-thread-1] INFO  server.RaftServerConfigKeys (ConfUtils.java:logGet(43)) - raft.server.snapshot.auto.trigger.enabled = true (custom)
2019-08-30 00:29:36,078 [pool-93-thread-1] INFO  server.RaftServerConfigKeys (ConfUtils.java:logGet(43)) - raft.server.snapshot.auto.trigger.threshold = 10000 (custom)
2019-08-30 00:29:36,078 [pool-93-thread-1] INFO  server.RaftServerConfigKeys (ConfUtils.java:logGet(43)) - raft.server.retrycache.expirytime = 600000ms (custom)
2019-08-30 00:29:36,079 [pool-93-thread-1] INFO  impl.RaftServerImpl (RaftServerImpl.java:start(180)) - d1580c93-e30f-4179-b81b-faa6e700af79: start group-7DEC7CF69AAF
2019-08-30 00:29:36,079 [pool-93-thread-1] INFO  impl.RaftServerImpl (RaftServerImpl.java:setRole(171)) - d1580c93-e30f-4179-b81b-faa6e700af79:group-7DEC7CF69AAF changes role from null to FOLLOWER at term 0 for startAsFollower
2019-08-30 00:29:36,079 [pool-93-thread-1] INFO  impl.RoleInfo (RoleInfo.java:updateAndGet(143)) - d1580c93-e30f-4179-b81b-faa6e700af79: start FollowerState
2019-08-30 00:29:36,080 [pool-93-thread-1] INFO  util.JmxRegister (JmxRegister.java:tryRegister(44)) - Successfully registered JMX Bean with object name Ratis:service=RaftServer,group=group-7DEC7CF69AAF,id=d1580c93-e30f-4179-b81b-faa6e700af79
2019-08-30 00:29:36,092 [RatisPipelineUtilsThread] INFO  pipeline.PipelineStateManager (PipelineStateManager.java:addPipeline(56)) - Created pipeline Pipeline[ Id: f8a6ed91-5367-4885-b911-7dec7cf69aaf, Nodes: d1580c93-e30f-4179-b81b-faa6e700af79{ip: 192.168.69.124, host: pr-hdds-2050-pz9tn-2767506387, networkLocation: /default-rack, certSerialId: null}, Type:RATIS, Factor:ONE, State:OPEN]
2019-08-30 00:29:36,113 [grpc-default-executor-0] INFO  impl.RaftServerProxy (RaftServerProxy.java:addNew(89)) - 6d7fd013-1723-4962-9a9c-3b2cdb5e5d89: addNew group-5F65EA356EAF:[6d7fd013-1723-4962-9a9c-3b2cdb5e5d89:192.168.69.124:37333] returns group-5F65EA356EAF:java.util.concurrent.CompletableFuture@50ac5084[Not completed]
2019-08-30 00:29:36,115 [pool-38-thread-1] INFO  impl.RaftServerImpl (RaftServerImpl.java:<init>(93)) - 6d7fd013-1723-4962-9a9c-3b2cdb5e5d89: new RaftServerImpl for group-5F65EA356EAF:[6d7fd013-1723-4962-9a9c-3b2cdb5e5d89:192.168.69.124:37333] with ContainerStateMachine:uninitialized
2019-08-30 00:29:36,115 [pool-38-thread-1] INFO  server.RaftServerConfigKeys (ConfUtils.java:logGet(43)) - raft.server.rpc.timeout.min = 5s (custom)
2019-08-30 00:29:36,115 [pool-38-thread-1] INFO  server.RaftServerConfigKeys (ConfUtils.java:logGet(43)) - raft.server.rpc.timeout.max = 5200ms (custom)
2019-08-30 00:29:36,115 [pool-38-thread-1] INFO  server.RaftServerConfigKeys (ConfUtils.java:logGet(43)) - raft.server.rpcslowness.timeout = 120s (custom)
2019-08-30 00:29:36,116 [pool-38-thread-1] INFO  server.RaftServerConfigKeys (ConfUtils.java:logGet(43)) - raft.server.sleep.deviation.threshold = 300 (default)
2019-08-30 00:29:36,116 [pool-38-thread-1] INFO  server.RaftServerConfigKeys (ConfUtils.java:logGet(43)) - raft.server.log.appender.install.snapshot.enabled = false (custom)
2019-08-30 00:29:36,116 [pool-38-thread-1] INFO  impl.RaftServerImpl (ServerState.java:<init>(105)) - 6d7fd013-1723-4962-9a9c-3b2cdb5e5d89:group-5F65EA356EAF ConfigurationManager, init=-1: [6d7fd013-1723-4962-9a9c-3b2cdb5e5d89:192.168.69.124:37333], old=null, confs=<EMPTY_MAP>
2019-08-30 00:29:36,116 [pool-38-thread-1] INFO  server.RaftServerConfigKeys (ConfUtils.java:logGet(43)) - raft.server.storage.dir = [/workdir/hadoop-ozone/integration-test/target/test-dir/MiniOzoneClusterImpl-8399914c-1e04-4a2d-86b1-d53ee4911094/datanode-1/data/ratis] (custom)
2019-08-30 00:29:36,117 [pool-38-thread-1] INFO  storage.RaftStorageDirectory (RaftStorageDirectory.java:analyzeStorage(246)) - The storage directory /workdir/hadoop-ozone/integration-test/target/test-dir/MiniOzoneClusterImpl-8399914c-1e04-4a2d-86b1-d53ee4911094/datanode-1/data/ratis/2a499fb8-cc8b-4129-99b6-5f65ea356eaf does not exist. Creating ...
2019-08-30 00:29:36,140 [pool-38-thread-1] INFO  storage.RaftStorageDirectory (RaftStorageDirectory.java:tryLock(328)) - Lock on /workdir/hadoop-ozone/integration-test/target/test-dir/MiniOzoneClusterImpl-8399914c-1e04-4a2d-86b1-d53ee4911094/datanode-1/data/ratis/2a499fb8-cc8b-4129-99b6-5f65ea356eaf/in_use.lock acquired by nodename 5675@pr-hdds-2050-pz9tn-2767506387
2019-08-30 00:29:36,158 [pool-38-thread-1] INFO  storage.RaftStorage (RaftStorage.java:format(72)) - Storage directory /workdir/hadoop-ozone/integration-test/target/test-dir/MiniOzoneClusterImpl-8399914c-1e04-4a2d-86b1-d53ee4911094/datanode-1/data/ratis/2a499fb8-cc8b-4129-99b6-5f65ea356eaf has been successfully formatted.
2019-08-30 00:29:36,158 [pool-38-thread-1] INFO  ratis.ContainerStateMachine (ContainerStateMachine.java:loadSnapshot(227)) - group-5F65EA356EAF: The snapshot info is null. Setting the last applied indexto:(t:0, i:~)
2019-08-30 00:29:36,158 [pool-38-thread-1] INFO  server.RaftServerConfigKeys (ConfUtils.java:logGet(43)) - raft.server.leader.election.timeout = 120s (custom)
2019-08-30 00:29:36,158 [pool-38-thread-1] INFO  server.RaftServerConfigKeys (ConfUtils.java:logGet(43)) - raft.server.log.use.memory = false (default)
2019-08-30 00:29:36,159 [pool-38-thread-1] INFO  server.RaftServerConfigKeys (ConfUtils.java:logGet(43)) - raft.server.log.purge.gap = 1000000 (custom)
2019-08-30 00:29:36,159 [pool-38-thread-1] INFO  server.RaftServerConfigKeys (ConfUtils.java:logGet(43)) - raft.server.log.appender.buffer.byte-limit = 33554432 (custom)
2019-08-30 00:29:36,159 [pool-38-thread-1] INFO  server.RaftServerConfigKeys (ConfUtils.java:logGet(43)) - raft.server.log.segment.size.max = 1048576 (custom)
2019-08-30 00:29:36,159 [pool-38-thread-1] INFO  server.RaftServerConfigKeys (ConfUtils.java:logGet(43)) - raft.server.log.segment.cache.num.max = 2 (custom)
2019-08-30 00:29:36,159 [pool-38-thread-1] INFO  segmented.SegmentedRaftLogWorker (SegmentedRaftLogWorker.java:<init>(172)) - new 6d7fd013-1723-4962-9a9c-3b2cdb5e5d89-SegmentedRaftLogWorker:Storage Directory /workdir/hadoop-ozone/integration-test/target/test-dir/MiniOzoneClusterImpl-8399914c-1e04-4a2d-86b1-d53ee4911094/datanode-1/data/ratis/2a499fb8-cc8b-4129-99b6-5f65ea356eaf for RaftStorage:Storage Directory /workdir/hadoop-ozone/integration-test/target/test-dir/MiniOzoneClusterImpl-8399914c-1e04-4a2d-86b1-d53ee4911094/datanode-1/data/ratis/2a499fb8-cc8b-4129-99b6-5f65ea356eaf
2019-08-30 00:29:36,160 [pool-38-thread-1] INFO  server.RaftServerConfigKeys (ConfUtils.java:logGet(43)) - raft.server.log.queue.byte-limit = 2147483647 (custom)
2019-08-30 00:29:36,160 [pool-38-thread-1] INFO  server.RaftServerConfigKeys (ConfUtils.java:logGet(43)) - raft.server.log.queue.element-limit = 1024 (custom)
2019-08-30 00:29:36,160 [pool-38-thread-1] INFO  server.RaftServerConfigKeys (ConfUtils.java:logGet(43)) - raft.server.log.segment.size.max = 1048576 (custom)
2019-08-30 00:29:36,160 [pool-38-thread-1] INFO  server.RaftServerConfigKeys (ConfUtils.java:logGet(43)) - raft.server.log.preallocated.size = 16384 (custom)
2019-08-30 00:29:36,160 [pool-38-thread-1] INFO  server.RaftServerConfigKeys (ConfUtils.java:logGet(43)) - raft.server.log.write.buffer.size = 33554432 (custom)
2019-08-30 00:29:36,161 [pool-38-thread-1] INFO  server.RaftServerConfigKeys (ConfUtils.java:logGet(43)) - raft.server.log.force.sync.num = 128 (default)
2019-08-30 00:29:36,161 [pool-38-thread-1] INFO  server.RaftServerConfigKeys (ConfUtils.java:logGet(43)) - raft.server.log.statemachine.data.sync = true (default)
2019-08-30 00:29:36,161 [pool-38-thread-1] INFO  server.RaftServerConfigKeys (ConfUtils.java:logGet(43)) - raft.server.log.statemachine.data.sync.timeout = 10s (default)
2019-08-30 00:29:36,161 [pool-38-thread-1] INFO  server.RaftServerConfigKeys (ConfUtils.java:logGet(43)) - raft.server.log.statemachine.data.sync.timeout.retry = -1 (default)
2019-08-30 00:29:36,162 [pool-38-thread-1] INFO  server.RaftServerConfigKeys (ConfUtils.java:logGet(43)) - raft.server.log.statemachine.data.caching.enabled = true (custom)
2019-08-30 00:29:36,162 [pool-38-thread-1] INFO  segmented.SegmentedRaftLogWorker (SegmentedRaftLogWorker.java:lambda$new$0(132)) - 6d7fd013-1723-4962-9a9c-3b2cdb5e5d89-SegmentedRaftLogWorker:Storage Directory /workdir/hadoop-ozone/integration-test/target/test-dir/MiniOzoneClusterImpl-8399914c-1e04-4a2d-86b1-d53ee4911094/datanode-1/data/ratis/2a499fb8-cc8b-4129-99b6-5f65ea356eaf: flushIndex: setUnconditionally 0 -> -1
2019-08-30 00:29:36,163 [pool-38-thread-1] INFO  server.RaftServerConfigKeys (ConfUtils.java:logGet(43)) - raft.server.snapshot.auto.trigger.enabled = true (custom)
2019-08-30 00:29:36,163 [pool-38-thread-1] INFO  server.RaftServerConfigKeys (ConfUtils.java:logGet(43)) - raft.server.snapshot.auto.trigger.threshold = 10000 (custom)
2019-08-30 00:29:36,163 [pool-38-thread-1] INFO  server.RaftServerConfigKeys (ConfUtils.java:logGet(43)) - raft.server.retrycache.expirytime = 600000ms (custom)
2019-08-30 00:29:36,163 [pool-38-thread-1] INFO  impl.RaftServerImpl (RaftServerImpl.java:start(180)) - 6d7fd013-1723-4962-9a9c-3b2cdb5e5d89: start group-5F65EA356EAF
2019-08-30 00:29:36,163 [pool-38-thread-1] INFO  impl.RaftServerImpl (RaftServerImpl.java:setRole(171)) - 6d7fd013-1723-4962-9a9c-3b2cdb5e5d89:group-5F65EA356EAF changes role from null to FOLLOWER at term 0 for startAsFollower
2019-08-30 00:29:36,164 [pool-38-thread-1] INFO  impl.RoleInfo (RoleInfo.java:updateAndGet(143)) - 6d7fd013-1723-4962-9a9c-3b2cdb5e5d89: start FollowerState
2019-08-30 00:29:36,164 [pool-38-thread-1] INFO  util.JmxRegister (JmxRegister.java:tryRegister(44)) - Successfully registered JMX Bean with object name Ratis:service=RaftServer,group=group-5F65EA356EAF,id=6d7fd013-1723-4962-9a9c-3b2cdb5e5d89
2019-08-30 00:29:36,180 [RatisPipelineUtilsThread] INFO  pipeline.PipelineStateManager (PipelineStateManager.java:addPipeline(56)) - Created pipeline Pipeline[ Id: 2a499fb8-cc8b-4129-99b6-5f65ea356eaf, Nodes: 6d7fd013-1723-4962-9a9c-3b2cdb5e5d89{ip: 192.168.69.124, host: pr-hdds-2050-pz9tn-2767506387, networkLocation: /default-rack, certSerialId: null}, Type:RATIS, Factor:ONE, State:OPEN]
2019-08-30 00:29:36,204 [grpc-default-executor-0] INFO  impl.RaftServerProxy (RaftServerProxy.java:addNew(89)) - 1019a315-1aa9-4af0-89b7-df29ea019370: addNew group-40293370875A:[1019a315-1aa9-4af0-89b7-df29ea019370:192.168.69.124:37964] returns group-40293370875A:java.util.concurrent.CompletableFuture@72097c0a[Not completed]
2019-08-30 00:29:36,208 [pool-71-thread-1] INFO  impl.RaftServerImpl (RaftServerImpl.java:<init>(93)) - 1019a315-1aa9-4af0-89b7-df29ea019370: new RaftServerImpl for group-40293370875A:[1019a315-1aa9-4af0-89b7-df29ea019370:192.168.69.124:37964] with ContainerStateMachine:uninitialized
2019-08-30 00:29:36,209 [pool-71-thread-1] INFO  server.RaftServerConfigKeys (ConfUtils.java:logGet(43)) - raft.server.rpc.timeout.min = 5s (custom)
2019-08-30 00:29:36,209 [pool-71-thread-1] INFO  server.RaftServerConfigKeys (ConfUtils.java:logGet(43)) - raft.server.rpc.timeout.max = 5200ms (custom)
2019-08-30 00:29:36,209 [pool-71-thread-1] INFO  server.RaftServerConfigKeys (ConfUtils.java:logGet(43)) - raft.server.rpcslowness.timeout = 120s (custom)
2019-08-30 00:29:36,209 [pool-71-thread-1] INFO  server.RaftServerConfigKeys (ConfUtils.java:logGet(43)) - raft.server.sleep.deviation.threshold = 300 (default)
2019-08-30 00:29:36,209 [pool-71-thread-1] INFO  server.RaftServerConfigKeys (ConfUtils.java:logGet(43)) - raft.server.log.appender.install.snapshot.enabled = false (custom)
2019-08-30 00:29:36,209 [pool-71-thread-1] INFO  impl.RaftServerImpl (ServerState.java:<init>(105)) - 1019a315-1aa9-4af0-89b7-df29ea019370:group-40293370875A ConfigurationManager, init=-1: [1019a315-1aa9-4af0-89b7-df29ea019370:192.168.69.124:37964], old=null, confs=<EMPTY_MAP>
2019-08-30 00:29:36,210 [pool-71-thread-1] INFO  server.RaftServerConfigKeys (ConfUtils.java:logGet(43)) - raft.server.storage.dir = [/workdir/hadoop-ozone/integration-test/target/test-dir/MiniOzoneClusterImpl-8399914c-1e04-4a2d-86b1-d53ee4911094/datanode-4/data/ratis] (custom)
2019-08-30 00:29:36,210 [pool-71-thread-1] INFO  storage.RaftStorageDirectory (RaftStorageDirectory.java:analyzeStorage(246)) - The storage directory /workdir/hadoop-ozone/integration-test/target/test-dir/MiniOzoneClusterImpl-8399914c-1e04-4a2d-86b1-d53ee4911094/datanode-4/data/ratis/05b6c1c8-0a90-46dd-a9c9-40293370875a does not exist. Creating ...
2019-08-30 00:29:36,225 [pool-71-thread-1] INFO  storage.RaftStorageDirectory (RaftStorageDirectory.java:tryLock(328)) - Lock on /workdir/hadoop-ozone/integration-test/target/test-dir/MiniOzoneClusterImpl-8399914c-1e04-4a2d-86b1-d53ee4911094/datanode-4/data/ratis/05b6c1c8-0a90-46dd-a9c9-40293370875a/in_use.lock acquired by nodename 5675@pr-hdds-2050-pz9tn-2767506387
2019-08-30 00:29:36,242 [pool-71-thread-1] INFO  storage.RaftStorage (RaftStorage.java:format(72)) - Storage directory /workdir/hadoop-ozone/integration-test/target/test-dir/MiniOzoneClusterImpl-8399914c-1e04-4a2d-86b1-d53ee4911094/datanode-4/data/ratis/05b6c1c8-0a90-46dd-a9c9-40293370875a has been successfully formatted.
2019-08-30 00:29:36,242 [pool-71-thread-1] INFO  ratis.ContainerStateMachine (ContainerStateMachine.java:loadSnapshot(227)) - group-40293370875A: The snapshot info is null. Setting the last applied indexto:(t:0, i:~)
2019-08-30 00:29:36,242 [pool-71-thread-1] INFO  server.RaftServerConfigKeys (ConfUtils.java:logGet(43)) - raft.server.leader.election.timeout = 120s (custom)
2019-08-30 00:29:36,242 [pool-71-thread-1] INFO  server.RaftServerConfigKeys (ConfUtils.java:logGet(43)) - raft.server.log.use.memory = false (default)
2019-08-30 00:29:36,243 [pool-71-thread-1] INFO  server.RaftServerConfigKeys (ConfUtils.java:logGet(43)) - raft.server.log.purge.gap = 1000000 (custom)
2019-08-30 00:29:36,243 [pool-71-thread-1] INFO  server.RaftServerConfigKeys (ConfUtils.java:logGet(43)) - raft.server.log.appender.buffer.byte-limit = 33554432 (custom)
2019-08-30 00:29:36,243 [pool-71-thread-1] INFO  server.RaftServerConfigKeys (ConfUtils.java:logGet(43)) - raft.server.log.segment.size.max = 1048576 (custom)
2019-08-30 00:29:36,243 [pool-71-thread-1] INFO  server.RaftServerConfigKeys (ConfUtils.java:logGet(43)) - raft.server.log.segment.cache.num.max = 2 (custom)
2019-08-30 00:29:36,243 [pool-71-thread-1] INFO  segmented.SegmentedRaftLogWorker (SegmentedRaftLogWorker.java:<init>(172)) - new 1019a315-1aa9-4af0-89b7-df29ea019370-SegmentedRaftLogWorker:Storage Directory /workdir/hadoop-ozone/integration-test/target/test-dir/MiniOzoneClusterImpl-8399914c-1e04-4a2d-86b1-d53ee4911094/datanode-4/data/ratis/05b6c1c8-0a90-46dd-a9c9-40293370875a for RaftStorage:Storage Directory /workdir/hadoop-ozone/integration-test/target/test-dir/MiniOzoneClusterImpl-8399914c-1e04-4a2d-86b1-d53ee4911094/datanode-4/data/ratis/05b6c1c8-0a90-46dd-a9c9-40293370875a
2019-08-30 00:29:36,244 [pool-71-thread-1] INFO  server.RaftServerConfigKeys (ConfUtils.java:logGet(43)) - raft.server.log.queue.byte-limit = 2147483647 (custom)
2019-08-30 00:29:36,244 [pool-71-thread-1] INFO  server.RaftServerConfigKeys (ConfUtils.java:logGet(43)) - raft.server.log.queue.element-limit = 1024 (custom)
2019-08-30 00:29:36,244 [pool-71-thread-1] INFO  server.RaftServerConfigKeys (ConfUtils.java:logGet(43)) - raft.server.log.segment.size.max = 1048576 (custom)
2019-08-30 00:29:36,244 [pool-71-thread-1] INFO  server.RaftServerConfigKeys (ConfUtils.java:logGet(43)) - raft.server.log.preallocated.size = 16384 (custom)
2019-08-30 00:29:36,244 [pool-71-thread-1] INFO  server.RaftServerConfigKeys (ConfUtils.java:logGet(43)) - raft.server.log.write.buffer.size = 33554432 (custom)
2019-08-30 00:29:36,245 [pool-71-thread-1] INFO  server.RaftServerConfigKeys (ConfUtils.java:logGet(43)) - raft.server.log.force.sync.num = 128 (default)
2019-08-30 00:29:36,245 [pool-71-thread-1] INFO  server.RaftServerConfigKeys (ConfUtils.java:logGet(43)) - raft.server.log.statemachine.data.sync = true (default)
2019-08-30 00:29:36,245 [pool-71-thread-1] INFO  server.RaftServerConfigKeys (ConfUtils.java:logGet(43)) - raft.server.log.statemachine.data.sync.timeout = 10s (default)
2019-08-30 00:29:36,245 [pool-71-thread-1] INFO  server.RaftServerConfigKeys (ConfUtils.java:logGet(43)) - raft.server.log.statemachine.data.sync.timeout.retry = -1 (default)
2019-08-30 00:29:36,246 [pool-71-thread-1] INFO  server.RaftServerConfigKeys (ConfUtils.java:logGet(43)) - raft.server.log.statemachine.data.caching.enabled = true (custom)
2019-08-30 00:29:36,246 [pool-71-thread-1] INFO  segmented.SegmentedRaftLogWorker (SegmentedRaftLogWorker.java:lambda$new$0(132)) - 1019a315-1aa9-4af0-89b7-df29ea019370-SegmentedRaftLogWorker:Storage Directory /workdir/hadoop-ozone/integration-test/target/test-dir/MiniOzoneClusterImpl-8399914c-1e04-4a2d-86b1-d53ee4911094/datanode-4/data/ratis/05b6c1c8-0a90-46dd-a9c9-40293370875a: flushIndex: setUnconditionally 0 -> -1
2019-08-30 00:29:36,246 [pool-71-thread-1] INFO  server.RaftServerConfigKeys (ConfUtils.java:logGet(43)) - raft.server.snapshot.auto.trigger.enabled = true (custom)
2019-08-30 00:29:36,247 [pool-71-thread-1] INFO  server.RaftServerConfigKeys (ConfUtils.java:logGet(43)) - raft.server.snapshot.auto.trigger.threshold = 10000 (custom)
2019-08-30 00:29:36,247 [pool-71-thread-1] INFO  server.RaftServerConfigKeys (ConfUtils.java:logGet(43)) - raft.server.retrycache.expirytime = 600000ms (custom)
2019-08-30 00:29:36,247 [pool-71-thread-1] INFO  impl.RaftServerImpl (RaftServerImpl.java:start(180)) - 1019a315-1aa9-4af0-89b7-df29ea019370: start group-40293370875A
2019-08-30 00:29:36,247 [pool-71-thread-1] INFO  impl.RaftServerImpl (RaftServerImpl.java:setRole(171)) - 1019a315-1aa9-4af0-89b7-df29ea019370:group-40293370875A changes role from null to FOLLOWER at term 0 for startAsFollower
2019-08-30 00:29:36,247 [pool-71-thread-1] INFO  impl.RoleInfo (RoleInfo.java:updateAndGet(143)) - 1019a315-1aa9-4af0-89b7-df29ea019370: start FollowerState
2019-08-30 00:29:36,248 [pool-71-thread-1] INFO  util.JmxRegister (JmxRegister.java:tryRegister(44)) - Successfully registered JMX Bean with object name Ratis:service=RaftServer,group=group-40293370875A,id=1019a315-1aa9-4af0-89b7-df29ea019370
2019-08-30 00:29:36,261 [RatisPipelineUtilsThread] INFO  pipeline.PipelineStateManager (PipelineStateManager.java:addPipeline(56)) - Created pipeline Pipeline[ Id: 05b6c1c8-0a90-46dd-a9c9-40293370875a, Nodes: 1019a315-1aa9-4af0-89b7-df29ea019370{ip: 192.168.69.124, host: pr-hdds-2050-pz9tn-2767506387, networkLocation: /default-rack, certSerialId: null}, Type:RATIS, Factor:ONE, State:OPEN]
2019-08-30 00:29:36,281 [grpc-default-executor-1] INFO  impl.RaftServerProxy (RaftServerProxy.java:addNew(89)) - 172500b1-a982-45b0-97f3-b87b470f702c: addNew group-A12170F9770D:[172500b1-a982-45b0-97f3-b87b470f702c:192.168.69.124:44877] returns group-A12170F9770D:java.util.concurrent.CompletableFuture@66615688[Not completed]
2019-08-30 00:29:36,285 [pool-49-thread-1] INFO  impl.RaftServerImpl (RaftServerImpl.java:<init>(93)) - 172500b1-a982-45b0-97f3-b87b470f702c: new RaftServerImpl for group-A12170F9770D:[172500b1-a982-45b0-97f3-b87b470f702c:192.168.69.124:44877] with ContainerStateMachine:uninitialized
2019-08-30 00:29:36,285 [pool-49-thread-1] INFO  server.RaftServerConfigKeys (ConfUtils.java:logGet(43)) - raft.server.rpc.timeout.min = 5s (custom)
2019-08-30 00:29:36,285 [pool-49-thread-1] INFO  server.RaftServerConfigKeys (ConfUtils.java:logGet(43)) - raft.server.rpc.timeout.max = 5200ms (custom)
2019-08-30 00:29:36,285 [pool-49-thread-1] INFO  server.RaftServerConfigKeys (ConfUtils.java:logGet(43)) - raft.server.rpcslowness.timeout = 120s (custom)
2019-08-30 00:29:36,286 [pool-49-thread-1] INFO  server.RaftServerConfigKeys (ConfUtils.java:logGet(43)) - raft.server.sleep.deviation.threshold = 300 (default)
2019-08-30 00:29:36,286 [pool-49-thread-1] INFO  server.RaftServerConfigKeys (ConfUtils.java:logGet(43)) - raft.server.log.appender.install.snapshot.enabled = false (custom)
2019-08-30 00:29:36,286 [pool-49-thread-1] INFO  impl.RaftServerImpl (ServerState.java:<init>(105)) - 172500b1-a982-45b0-97f3-b87b470f702c:group-A12170F9770D ConfigurationManager, init=-1: [172500b1-a982-45b0-97f3-b87b470f702c:192.168.69.124:44877], old=null, confs=<EMPTY_MAP>
2019-08-30 00:29:36,286 [pool-49-thread-1] INFO  server.RaftServerConfigKeys (ConfUtils.java:logGet(43)) - raft.server.storage.dir = [/workdir/hadoop-ozone/integration-test/target/test-dir/MiniOzoneClusterImpl-8399914c-1e04-4a2d-86b1-d53ee4911094/datanode-2/data/ratis] (custom)
2019-08-30 00:29:36,287 [pool-49-thread-1] INFO  storage.RaftStorageDirectory (RaftStorageDirectory.java:analyzeStorage(246)) - The storage directory /workdir/hadoop-ozone/integration-test/target/test-dir/MiniOzoneClusterImpl-8399914c-1e04-4a2d-86b1-d53ee4911094/datanode-2/data/ratis/689b8efe-766d-4b42-8a8e-a12170f9770d does not exist. Creating ...
2019-08-30 00:29:36,300 [pool-49-thread-1] INFO  storage.RaftStorageDirectory (RaftStorageDirectory.java:tryLock(328)) - Lock on /workdir/hadoop-ozone/integration-test/target/test-dir/MiniOzoneClusterImpl-8399914c-1e04-4a2d-86b1-d53ee4911094/datanode-2/data/ratis/689b8efe-766d-4b42-8a8e-a12170f9770d/in_use.lock acquired by nodename 5675@pr-hdds-2050-pz9tn-2767506387
2019-08-30 00:29:36,317 [pool-49-thread-1] INFO  storage.RaftStorage (RaftStorage.java:format(72)) - Storage directory /workdir/hadoop-ozone/integration-test/target/test-dir/MiniOzoneClusterImpl-8399914c-1e04-4a2d-86b1-d53ee4911094/datanode-2/data/ratis/689b8efe-766d-4b42-8a8e-a12170f9770d has been successfully formatted.
2019-08-30 00:29:36,318 [pool-49-thread-1] INFO  ratis.ContainerStateMachine (ContainerStateMachine.java:loadSnapshot(227)) - group-A12170F9770D: The snapshot info is null. Setting the last applied indexto:(t:0, i:~)
2019-08-30 00:29:36,318 [pool-49-thread-1] INFO  server.RaftServerConfigKeys (ConfUtils.java:logGet(43)) - raft.server.leader.election.timeout = 120s (custom)
2019-08-30 00:29:36,318 [pool-49-thread-1] INFO  server.RaftServerConfigKeys (ConfUtils.java:logGet(43)) - raft.server.log.use.memory = false (default)
2019-08-30 00:29:36,318 [pool-49-thread-1] INFO  server.RaftServerConfigKeys (ConfUtils.java:logGet(43)) - raft.server.log.purge.gap = 1000000 (custom)
2019-08-30 00:29:36,319 [pool-49-thread-1] INFO  server.RaftServerConfigKeys (ConfUtils.java:logGet(43)) - raft.server.log.appender.buffer.byte-limit = 33554432 (custom)
2019-08-30 00:29:36,319 [pool-49-thread-1] INFO  server.RaftServerConfigKeys (ConfUtils.java:logGet(43)) - raft.server.log.segment.size.max = 1048576 (custom)
2019-08-30 00:29:36,319 [pool-49-thread-1] INFO  server.RaftServerConfigKeys (ConfUtils.java:logGet(43)) - raft.server.log.segment.cache.num.max = 2 (custom)
2019-08-30 00:29:36,319 [pool-49-thread-1] INFO  segmented.SegmentedRaftLogWorker (SegmentedRaftLogWorker.java:<init>(172)) - new 172500b1-a982-45b0-97f3-b87b470f702c-SegmentedRaftLogWorker:Storage Directory /workdir/hadoop-ozone/integration-test/target/test-dir/MiniOzoneClusterImpl-8399914c-1e04-4a2d-86b1-d53ee4911094/datanode-2/data/ratis/689b8efe-766d-4b42-8a8e-a12170f9770d for RaftStorage:Storage Directory /workdir/hadoop-ozone/integration-test/target/test-dir/MiniOzoneClusterImpl-8399914c-1e04-4a2d-86b1-d53ee4911094/datanode-2/data/ratis/689b8efe-766d-4b42-8a8e-a12170f9770d
2019-08-30 00:29:36,319 [pool-49-thread-1] INFO  server.RaftServerConfigKeys (ConfUtils.java:logGet(43)) - raft.server.log.queue.byte-limit = 2147483647 (custom)
2019-08-30 00:29:36,320 [pool-49-thread-1] INFO  server.RaftServerConfigKeys (ConfUtils.java:logGet(43)) - raft.server.log.queue.element-limit = 1024 (custom)
2019-08-30 00:29:36,320 [pool-49-thread-1] INFO  server.RaftServerConfigKeys (ConfUtils.java:logGet(43)) - raft.server.log.segment.size.max = 1048576 (custom)
2019-08-30 00:29:36,320 [pool-49-thread-1] INFO  server.RaftServerConfigKeys (ConfUtils.java:logGet(43)) - raft.server.log.preallocated.size = 16384 (custom)
2019-08-30 00:29:36,320 [pool-49-thread-1] INFO  server.RaftServerConfigKeys (ConfUtils.java:logGet(43)) - raft.server.log.write.buffer.size = 33554432 (custom)
2019-08-30 00:29:36,321 [pool-49-thread-1] INFO  server.RaftServerConfigKeys (ConfUtils.java:logGet(43)) - raft.server.log.force.sync.num = 128 (default)
2019-08-30 00:29:36,321 [pool-49-thread-1] INFO  server.RaftServerConfigKeys (ConfUtils.java:logGet(43)) - raft.server.log.statemachine.data.sync = true (default)
2019-08-30 00:29:36,321 [pool-49-thread-1] INFO  server.RaftServerConfigKeys (ConfUtils.java:logGet(43)) - raft.server.log.statemachine.data.sync.timeout = 10s (default)
2019-08-30 00:29:36,321 [pool-49-thread-1] INFO  server.RaftServerConfigKeys (ConfUtils.java:logGet(43)) - raft.server.log.statemachine.data.sync.timeout.retry = -1 (default)
2019-08-30 00:29:36,322 [pool-49-thread-1] INFO  server.RaftServerConfigKeys (ConfUtils.java:logGet(43)) - raft.server.log.statemachine.data.caching.enabled = true (custom)
2019-08-30 00:29:36,322 [pool-49-thread-1] INFO  segmented.SegmentedRaftLogWorker (SegmentedRaftLogWorker.java:lambda$new$0(132)) - 172500b1-a982-45b0-97f3-b87b470f702c-SegmentedRaftLogWorker:Storage Directory /workdir/hadoop-ozone/integration-test/target/test-dir/MiniOzoneClusterImpl-8399914c-1e04-4a2d-86b1-d53ee4911094/datanode-2/data/ratis/689b8efe-766d-4b42-8a8e-a12170f9770d: flushIndex: setUnconditionally 0 -> -1
2019-08-30 00:29:36,323 [pool-49-thread-1] INFO  server.RaftServerConfigKeys (ConfUtils.java:logGet(43)) - raft.server.snapshot.auto.trigger.enabled = true (custom)
2019-08-30 00:29:36,323 [pool-49-thread-1] INFO  server.RaftServerConfigKeys (ConfUtils.java:logGet(43)) - raft.server.snapshot.auto.trigger.threshold = 10000 (custom)
2019-08-30 00:29:36,323 [pool-49-thread-1] INFO  server.RaftServerConfigKeys (ConfUtils.java:logGet(43)) - raft.server.retrycache.expirytime = 600000ms (custom)
2019-08-30 00:29:36,323 [pool-49-thread-1] INFO  impl.RaftServerImpl (RaftServerImpl.java:start(180)) - 172500b1-a982-45b0-97f3-b87b470f702c: start group-A12170F9770D
2019-08-30 00:29:36,323 [pool-49-thread-1] INFO  impl.RaftServerImpl (RaftServerImpl.java:setRole(171)) - 172500b1-a982-45b0-97f3-b87b470f702c:group-A12170F9770D changes role from null to FOLLOWER at term 0 for startAsFollower
2019-08-30 00:29:36,324 [pool-49-thread-1] INFO  impl.RoleInfo (RoleInfo.java:updateAndGet(143)) - 172500b1-a982-45b0-97f3-b87b470f702c: start FollowerState
2019-08-30 00:29:36,324 [pool-49-thread-1] INFO  util.JmxRegister (JmxRegister.java:tryRegister(44)) - Successfully registered JMX Bean with object name Ratis:service=RaftServer,group=group-A12170F9770D,id=172500b1-a982-45b0-97f3-b87b470f702c
2019-08-30 00:29:36,329 [main] INFO  ozone.MiniOzoneClusterImpl (MiniOzoneClusterImpl.java:lambda$waitForClusterToBeReady$0(140)) - Cluster is ready. Got 7 of 7 DN Heartbeats.
2019-08-30 00:29:36,342 [RatisPipelineUtilsThread] INFO  pipeline.PipelineStateManager (PipelineStateManager.java:addPipeline(56)) - Created pipeline Pipeline[ Id: 689b8efe-766d-4b42-8a8e-a12170f9770d, Nodes: 172500b1-a982-45b0-97f3-b87b470f702c{ip: 192.168.69.124, host: pr-hdds-2050-pz9tn-2767506387, networkLocation: /default-rack, certSerialId: null}, Type:RATIS, Factor:ONE, State:OPEN]
2019-08-30 00:29:36,390 [grpc-default-executor-2] INFO  impl.RaftServerProxy (RaftServerProxy.java:addNew(89)) - 4390dbf5-fe85-4d4d-bc44-dfd1f2b7e3b6: addNew group-E323711E83DB:[4390dbf5-fe85-4d4d-bc44-dfd1f2b7e3b6:192.168.69.124:39112, d1580c93-e30f-4179-b81b-faa6e700af79:192.168.69.124:35419, a12ea28e-4ff8-4509-b8a9-e7419ebd2ad0:192.168.69.124:34070] returns group-E323711E83DB:java.util.concurrent.CompletableFuture@31ed4ad[Not completed]
2019-08-30 00:29:36,392 [grpc-default-executor-2] INFO  impl.RaftServerProxy (RaftServerProxy.java:addNew(89)) - a12ea28e-4ff8-4509-b8a9-e7419ebd2ad0: addNew group-E323711E83DB:[4390dbf5-fe85-4d4d-bc44-dfd1f2b7e3b6:192.168.69.124:39112, d1580c93-e30f-4179-b81b-faa6e700af79:192.168.69.124:35419, a12ea28e-4ff8-4509-b8a9-e7419ebd2ad0:192.168.69.124:34070] returns group-E323711E83DB:java.util.concurrent.CompletableFuture@461c5aaa[Not completed]
2019-08-30 00:29:36,394 [grpc-default-executor-2] INFO  impl.RaftServerProxy (RaftServerProxy.java:addNew(89)) - d1580c93-e30f-4179-b81b-faa6e700af79: addNew group-E323711E83DB:[4390dbf5-fe85-4d4d-bc44-dfd1f2b7e3b6:192.168.69.124:39112, d1580c93-e30f-4179-b81b-faa6e700af79:192.168.69.124:35419, a12ea28e-4ff8-4509-b8a9-e7419ebd2ad0:192.168.69.124:34070] returns group-E323711E83DB:java.util.concurrent.CompletableFuture@7ab81de3[Not completed]
2019-08-30 00:29:36,394 [pool-60-thread-1] INFO  impl.RaftServerImpl (RaftServerImpl.java:<init>(93)) - 4390dbf5-fe85-4d4d-bc44-dfd1f2b7e3b6: new RaftServerImpl for group-E323711E83DB:[4390dbf5-fe85-4d4d-bc44-dfd1f2b7e3b6:192.168.69.124:39112, d1580c93-e30f-4179-b81b-faa6e700af79:192.168.69.124:35419, a12ea28e-4ff8-4509-b8a9-e7419ebd2ad0:192.168.69.124:34070] with ContainerStateMachine:uninitialized
2019-08-30 00:29:36,395 [pool-60-thread-1] INFO  server.RaftServerConfigKeys (ConfUtils.java:logGet(43)) - raft.server.rpc.timeout.min = 5s (custom)
2019-08-30 00:29:36,395 [pool-60-thread-1] INFO  server.RaftServerConfigKeys (ConfUtils.java:logGet(43)) - raft.server.rpc.timeout.max = 5200ms (custom)
2019-08-30 00:29:36,395 [pool-60-thread-1] INFO  server.RaftServerConfigKeys (ConfUtils.java:logGet(43)) - raft.server.rpcslowness.timeout = 120s (custom)
2019-08-30 00:29:36,396 [pool-60-thread-1] INFO  server.RaftServerConfigKeys (ConfUtils.java:logGet(43)) - raft.server.sleep.deviation.threshold = 300 (default)
2019-08-30 00:29:36,396 [pool-60-thread-1] INFO  server.RaftServerConfigKeys (ConfUtils.java:logGet(43)) - raft.server.log.appender.install.snapshot.enabled = false (custom)
2019-08-30 00:29:36,396 [pool-60-thread-1] INFO  impl.RaftServerImpl (ServerState.java:<init>(105)) - 4390dbf5-fe85-4d4d-bc44-dfd1f2b7e3b6:group-E323711E83DB ConfigurationManager, init=-1: [4390dbf5-fe85-4d4d-bc44-dfd1f2b7e3b6:192.168.69.124:39112, d1580c93-e30f-4179-b81b-faa6e700af79:192.168.69.124:35419, a12ea28e-4ff8-4509-b8a9-e7419ebd2ad0:192.168.69.124:34070], old=null, confs=<EMPTY_MAP>
2019-08-30 00:29:36,396 [pool-82-thread-1] INFO  impl.RaftServerImpl (RaftServerImpl.java:<init>(93)) - a12ea28e-4ff8-4509-b8a9-e7419ebd2ad0: new RaftServerImpl for group-E323711E83DB:[4390dbf5-fe85-4d4d-bc44-dfd1f2b7e3b6:192.168.69.124:39112, d1580c93-e30f-4179-b81b-faa6e700af79:192.168.69.124:35419, a12ea28e-4ff8-4509-b8a9-e7419ebd2ad0:192.168.69.124:34070] with ContainerStateMachine:uninitialized
2019-08-30 00:29:36,396 [pool-60-thread-1] INFO  server.RaftServerConfigKeys (ConfUtils.java:logGet(43)) - raft.server.storage.dir = [/workdir/hadoop-ozone/integration-test/target/test-dir/MiniOzoneClusterImpl-8399914c-1e04-4a2d-86b1-d53ee4911094/datanode-3/data/ratis] (custom)
2019-08-30 00:29:36,397 [pool-82-thread-1] INFO  server.RaftServerConfigKeys (ConfUtils.java:logGet(43)) - raft.server.rpc.timeout.min = 5s (custom)
2019-08-30 00:29:36,397 [pool-82-thread-1] INFO  server.RaftServerConfigKeys (ConfUtils.java:logGet(43)) - raft.server.rpc.timeout.max = 5200ms (custom)
2019-08-30 00:29:36,397 [pool-82-thread-1] INFO  server.RaftServerConfigKeys (ConfUtils.java:logGet(43)) - raft.server.rpcslowness.timeout = 120s (custom)
2019-08-30 00:29:36,397 [pool-82-thread-1] INFO  server.RaftServerConfigKeys (ConfUtils.java:logGet(43)) - raft.server.sleep.deviation.threshold = 300 (default)
2019-08-30 00:29:36,397 [pool-60-thread-1] INFO  storage.RaftStorageDirectory (RaftStorageDirectory.java:analyzeStorage(246)) - The storage directory /workdir/hadoop-ozone/integration-test/target/test-dir/MiniOzoneClusterImpl-8399914c-1e04-4a2d-86b1-d53ee4911094/datanode-3/data/ratis/86341e69-8aa4-4b37-bd10-e323711e83db does not exist. Creating ...
2019-08-30 00:29:36,398 [pool-93-thread-1] INFO  impl.RaftServerImpl (RaftServerImpl.java:<init>(93)) - d1580c93-e30f-4179-b81b-faa6e700af79: new RaftServerImpl for group-E323711E83DB:[4390dbf5-fe85-4d4d-bc44-dfd1f2b7e3b6:192.168.69.124:39112, d1580c93-e30f-4179-b81b-faa6e700af79:192.168.69.124:35419, a12ea28e-4ff8-4509-b8a9-e7419ebd2ad0:192.168.69.124:34070] with ContainerStateMachine:uninitialized
2019-08-30 00:29:36,398 [pool-82-thread-1] INFO  server.RaftServerConfigKeys (ConfUtils.java:logGet(43)) - raft.server.log.appender.install.snapshot.enabled = false (custom)
2019-08-30 00:29:36,398 [pool-93-thread-1] INFO  server.RaftServerConfigKeys (ConfUtils.java:logGet(43)) - raft.server.rpc.timeout.min = 5s (custom)
2019-08-30 00:29:36,398 [pool-82-thread-1] INFO  impl.RaftServerImpl (ServerState.java:<init>(105)) - a12ea28e-4ff8-4509-b8a9-e7419ebd2ad0:group-E323711E83DB ConfigurationManager, init=-1: [4390dbf5-fe85-4d4d-bc44-dfd1f2b7e3b6:192.168.69.124:39112, d1580c93-e30f-4179-b81b-faa6e700af79:192.168.69.124:35419, a12ea28e-4ff8-4509-b8a9-e7419ebd2ad0:192.168.69.124:34070], old=null, confs=<EMPTY_MAP>
2019-08-30 00:29:36,398 [pool-93-thread-1] INFO  server.RaftServerConfigKeys (ConfUtils.java:logGet(43)) - raft.server.rpc.timeout.max = 5200ms (custom)
2019-08-30 00:29:36,399 [pool-82-thread-1] INFO  server.RaftServerConfigKeys (ConfUtils.java:logGet(43)) - raft.server.storage.dir = [/workdir/hadoop-ozone/integration-test/target/test-dir/MiniOzoneClusterImpl-8399914c-1e04-4a2d-86b1-d53ee4911094/datanode-5/data/ratis] (custom)
2019-08-30 00:29:36,399 [pool-93-thread-1] INFO  server.RaftServerConfigKeys (ConfUtils.java:logGet(43)) - raft.server.rpcslowness.timeout = 120s (custom)
2019-08-30 00:29:36,399 [pool-93-thread-1] INFO  server.RaftServerConfigKeys (ConfUtils.java:logGet(43)) - raft.server.sleep.deviation.threshold = 300 (default)
2019-08-30 00:29:36,399 [pool-93-thread-1] INFO  server.RaftServerConfigKeys (ConfUtils.java:logGet(43)) - raft.server.log.appender.install.snapshot.enabled = false (custom)
2019-08-30 00:29:36,399 [pool-82-thread-1] INFO  storage.RaftStorageDirectory (RaftStorageDirectory.java:analyzeStorage(246)) - The storage directory /workdir/hadoop-ozone/integration-test/target/test-dir/MiniOzoneClusterImpl-8399914c-1e04-4a2d-86b1-d53ee4911094/datanode-5/data/ratis/86341e69-8aa4-4b37-bd10-e323711e83db does not exist. Creating ...
2019-08-30 00:29:36,399 [pool-93-thread-1] INFO  impl.RaftServerImpl (ServerState.java:<init>(105)) - d1580c93-e30f-4179-b81b-faa6e700af79:group-E323711E83DB ConfigurationManager, init=-1: [4390dbf5-fe85-4d4d-bc44-dfd1f2b7e3b6:192.168.69.124:39112, d1580c93-e30f-4179-b81b-faa6e700af79:192.168.69.124:35419, a12ea28e-4ff8-4509-b8a9-e7419ebd2ad0:192.168.69.124:34070], old=null, confs=<EMPTY_MAP>
2019-08-30 00:29:36,400 [pool-93-thread-1] INFO  server.RaftServerConfigKeys (ConfUtils.java:logGet(43)) - raft.server.storage.dir = [/workdir/hadoop-ozone/integration-test/target/test-dir/MiniOzoneClusterImpl-8399914c-1e04-4a2d-86b1-d53ee4911094/datanode-6/data/ratis] (custom)
2019-08-30 00:29:36,400 [pool-93-thread-1] INFO  storage.RaftStorageDirectory (RaftStorageDirectory.java:analyzeStorage(246)) - The storage directory /workdir/hadoop-ozone/integration-test/target/test-dir/MiniOzoneClusterImpl-8399914c-1e04-4a2d-86b1-d53ee4911094/datanode-6/data/ratis/86341e69-8aa4-4b37-bd10-e323711e83db does not exist. Creating ...
2019-08-30 00:29:36,426 [pool-82-thread-1] INFO  storage.RaftStorageDirectory (RaftStorageDirectory.java:tryLock(328)) - Lock on /workdir/hadoop-ozone/integration-test/target/test-dir/MiniOzoneClusterImpl-8399914c-1e04-4a2d-86b1-d53ee4911094/datanode-5/data/ratis/86341e69-8aa4-4b37-bd10-e323711e83db/in_use.lock acquired by nodename 5675@pr-hdds-2050-pz9tn-2767506387
2019-08-30 00:29:36,426 [pool-60-thread-1] INFO  storage.RaftStorageDirectory (RaftStorageDirectory.java:tryLock(328)) - Lock on /workdir/hadoop-ozone/integration-test/target/test-dir/MiniOzoneClusterImpl-8399914c-1e04-4a2d-86b1-d53ee4911094/datanode-3/data/ratis/86341e69-8aa4-4b37-bd10-e323711e83db/in_use.lock acquired by nodename 5675@pr-hdds-2050-pz9tn-2767506387
2019-08-30 00:29:36,426 [pool-93-thread-1] INFO  storage.RaftStorageDirectory (RaftStorageDirectory.java:tryLock(328)) - Lock on /workdir/hadoop-ozone/integration-test/target/test-dir/MiniOzoneClusterImpl-8399914c-1e04-4a2d-86b1-d53ee4911094/datanode-6/data/ratis/86341e69-8aa4-4b37-bd10-e323711e83db/in_use.lock acquired by nodename 5675@pr-hdds-2050-pz9tn-2767506387
2019-08-30 00:29:36,452 [pool-60-thread-1] INFO  storage.RaftStorage (RaftStorage.java:format(72)) - Storage directory /workdir/hadoop-ozone/integration-test/target/test-dir/MiniOzoneClusterImpl-8399914c-1e04-4a2d-86b1-d53ee4911094/datanode-3/data/ratis/86341e69-8aa4-4b37-bd10-e323711e83db has been successfully formatted.
2019-08-30 00:29:36,452 [pool-82-thread-1] INFO  storage.RaftStorage (RaftStorage.java:format(72)) - Storage directory /workdir/hadoop-ozone/integration-test/target/test-dir/MiniOzoneClusterImpl-8399914c-1e04-4a2d-86b1-d53ee4911094/datanode-5/data/ratis/86341e69-8aa4-4b37-bd10-e323711e83db has been successfully formatted.
2019-08-30 00:29:36,452 [pool-93-thread-1] INFO  storage.RaftStorage (RaftStorage.java:format(72)) - Storage directory /workdir/hadoop-ozone/integration-test/target/test-dir/MiniOzoneClusterImpl-8399914c-1e04-4a2d-86b1-d53ee4911094/datanode-6/data/ratis/86341e69-8aa4-4b37-bd10-e323711e83db has been successfully formatted.
2019-08-30 00:29:36,453 [pool-60-thread-1] INFO  ratis.ContainerStateMachine (ContainerStateMachine.java:loadSnapshot(227)) - group-E323711E83DB: The snapshot info is null. Setting the last applied indexto:(t:0, i:~)
2019-08-30 00:29:36,453 [pool-82-thread-1] INFO  ratis.ContainerStateMachine (ContainerStateMachine.java:loadSnapshot(227)) - group-E323711E83DB: The snapshot info is null. Setting the last applied indexto:(t:0, i:~)
2019-08-30 00:29:36,453 [pool-60-thread-1] INFO  server.RaftServerConfigKeys (ConfUtils.java:logGet(43)) - raft.server.leader.election.timeout = 120s (custom)
2019-08-30 00:29:36,453 [pool-93-thread-1] INFO  ratis.ContainerStateMachine (ContainerStateMachine.java:loadSnapshot(227)) - group-E323711E83DB: The snapshot info is null. Setting the last applied indexto:(t:0, i:~)
2019-08-30 00:29:36,453 [pool-60-thread-1] INFO  server.RaftServerConfigKeys (ConfUtils.java:logGet(43)) - raft.server.log.use.memory = false (default)
2019-08-30 00:29:36,453 [pool-82-thread-1] INFO  server.RaftServerConfigKeys (ConfUtils.java:logGet(43)) - raft.server.leader.election.timeout = 120s (custom)
2019-08-30 00:29:36,454 [pool-60-thread-1] INFO  server.RaftServerConfigKeys (ConfUtils.java:logGet(43)) - raft.server.log.purge.gap = 1000000 (custom)
2019-08-30 00:29:36,453 [pool-93-thread-1] INFO  server.RaftServerConfigKeys (ConfUtils.java:logGet(43)) - raft.server.leader.election.timeout = 120s (custom)
2019-08-30 00:29:36,454 [pool-60-thread-1] INFO  server.RaftServerConfigKeys (ConfUtils.java:logGet(43)) - raft.server.log.appender.buffer.byte-limit = 33554432 (custom)
2019-08-30 00:29:36,454 [pool-82-thread-1] INFO  server.RaftServerConfigKeys (ConfUtils.java:logGet(43)) - raft.server.log.use.memory = false (default)
2019-08-30 00:29:36,454 [pool-60-thread-1] INFO  server.RaftServerConfigKeys (ConfUtils.java:logGet(43)) - raft.server.log.segment.size.max = 1048576 (custom)
2019-08-30 00:29:36,454 [pool-93-thread-1] INFO  server.RaftServerConfigKeys (ConfUtils.java:logGet(43)) - raft.server.log.use.memory = false (default)
2019-08-30 00:29:36,454 [pool-60-thread-1] INFO  server.RaftServerConfigKeys (ConfUtils.java:logGet(43)) - raft.server.log.segment.cache.num.max = 2 (custom)
2019-08-30 00:29:36,454 [pool-82-thread-1] INFO  server.RaftServerConfigKeys (ConfUtils.java:logGet(43)) - raft.server.log.purge.gap = 1000000 (custom)
2019-08-30 00:29:36,455 [pool-60-thread-1] INFO  segmented.SegmentedRaftLogWorker (SegmentedRaftLogWorker.java:<init>(172)) - new 4390dbf5-fe85-4d4d-bc44-dfd1f2b7e3b6-SegmentedRaftLogWorker:Storage Directory /workdir/hadoop-ozone/integration-test/target/test-dir/MiniOzoneClusterImpl-8399914c-1e04-4a2d-86b1-d53ee4911094/datanode-3/data/ratis/86341e69-8aa4-4b37-bd10-e323711e83db for RaftStorage:Storage Directory /workdir/hadoop-ozone/integration-test/target/test-dir/MiniOzoneClusterImpl-8399914c-1e04-4a2d-86b1-d53ee4911094/datanode-3/data/ratis/86341e69-8aa4-4b37-bd10-e323711e83db
2019-08-30 00:29:36,454 [pool-93-thread-1] INFO  server.RaftServerConfigKeys (ConfUtils.java:logGet(43)) - raft.server.log.purge.gap = 1000000 (custom)
2019-08-30 00:29:36,455 [pool-60-thread-1] INFO  server.RaftServerConfigKeys (ConfUtils.java:logGet(43)) - raft.server.log.queue.byte-limit = 2147483647 (custom)
2019-08-30 00:29:36,455 [pool-82-thread-1] INFO  server.RaftServerConfigKeys (ConfUtils.java:logGet(43)) - raft.server.log.appender.buffer.byte-limit = 33554432 (custom)
2019-08-30 00:29:36,458 [pool-60-thread-1] INFO  server.RaftServerConfigKeys (ConfUtils.java:logGet(43)) - raft.server.log.queue.element-limit = 1024 (custom)
2019-08-30 00:29:36,458 [pool-82-thread-1] INFO  server.RaftServerConfigKeys (ConfUtils.java:logGet(43)) - raft.server.log.segment.size.max = 1048576 (custom)
2019-08-30 00:29:36,455 [pool-93-thread-1] INFO  server.RaftServerConfigKeys (ConfUtils.java:logGet(43)) - raft.server.log.appender.buffer.byte-limit = 33554432 (custom)
2019-08-30 00:29:36,458 [pool-82-thread-1] INFO  server.RaftServerConfigKeys (ConfUtils.java:logGet(43)) - raft.server.log.segment.cache.num.max = 2 (custom)
2019-08-30 00:29:36,458 [pool-60-thread-1] INFO  server.RaftServerConfigKeys (ConfUtils.java:logGet(43)) - raft.server.log.segment.size.max = 1048576 (custom)
2019-08-30 00:29:36,459 [pool-82-thread-1] INFO  segmented.SegmentedRaftLogWorker (SegmentedRaftLogWorker.java:<init>(172)) - new a12ea28e-4ff8-4509-b8a9-e7419ebd2ad0-SegmentedRaftLogWorker:Storage Directory /workdir/hadoop-ozone/integration-test/target/test-dir/MiniOzoneClusterImpl-8399914c-1e04-4a2d-86b1-d53ee4911094/datanode-5/data/ratis/86341e69-8aa4-4b37-bd10-e323711e83db for RaftStorage:Storage Directory /workdir/hadoop-ozone/integration-test/target/test-dir/MiniOzoneClusterImpl-8399914c-1e04-4a2d-86b1-d53ee4911094/datanode-5/data/ratis/86341e69-8aa4-4b37-bd10-e323711e83db
2019-08-30 00:29:36,458 [pool-93-thread-1] INFO  server.RaftServerConfigKeys (ConfUtils.java:logGet(43)) - raft.server.log.segment.size.max = 1048576 (custom)
2019-08-30 00:29:36,459 [pool-82-thread-1] INFO  server.RaftServerConfigKeys (ConfUtils.java:logGet(43)) - raft.server.log.queue.byte-limit = 2147483647 (custom)
2019-08-30 00:29:36,459 [pool-60-thread-1] INFO  server.RaftServerConfigKeys (ConfUtils.java:logGet(43)) - raft.server.log.preallocated.size = 16384 (custom)
2019-08-30 00:29:36,461 [pool-82-thread-1] INFO  server.RaftServerConfigKeys (ConfUtils.java:logGet(43)) - raft.server.log.queue.element-limit = 1024 (custom)
2019-08-30 00:29:36,461 [pool-93-thread-1] INFO  server.RaftServerConfigKeys (ConfUtils.java:logGet(43)) - raft.server.log.segment.cache.num.max = 2 (custom)
2019-08-30 00:29:36,461 [pool-82-thread-1] INFO  server.RaftServerConfigKeys (ConfUtils.java:logGet(43)) - raft.server.log.segment.size.max = 1048576 (custom)
2019-08-30 00:29:36,461 [pool-60-thread-1] INFO  server.RaftServerConfigKeys (ConfUtils.java:logGet(43)) - raft.server.log.write.buffer.size = 33554432 (custom)
2019-08-30 00:29:36,461 [pool-82-thread-1] INFO  server.RaftServerConfigKeys (ConfUtils.java:logGet(43)) - raft.server.log.preallocated.size = 16384 (custom)
2019-08-30 00:29:36,461 [pool-93-thread-1] INFO  segmented.SegmentedRaftLogWorker (SegmentedRaftLogWorker.java:<init>(172)) - new d1580c93-e30f-4179-b81b-faa6e700af79-SegmentedRaftLogWorker:Storage Directory /workdir/hadoop-ozone/integration-test/target/test-dir/MiniOzoneClusterImpl-8399914c-1e04-4a2d-86b1-d53ee4911094/datanode-6/data/ratis/86341e69-8aa4-4b37-bd10-e323711e83db for RaftStorage:Storage Directory /workdir/hadoop-ozone/integration-test/target/test-dir/MiniOzoneClusterImpl-8399914c-1e04-4a2d-86b1-d53ee4911094/datanode-6/data/ratis/86341e69-8aa4-4b37-bd10-e323711e83db
2019-08-30 00:29:36,462 [pool-82-thread-1] INFO  server.RaftServerConfigKeys (ConfUtils.java:logGet(43)) - raft.server.log.write.buffer.size = 33554432 (custom)
2019-08-30 00:29:36,462 [pool-60-thread-1] INFO  server.RaftServerConfigKeys (ConfUtils.java:logGet(43)) - raft.server.log.force.sync.num = 128 (default)
2019-08-30 00:29:36,464 [pool-82-thread-1] INFO  server.RaftServerConfigKeys (ConfUtils.java:logGet(43)) - raft.server.log.force.sync.num = 128 (default)
2019-08-30 00:29:36,462 [pool-93-thread-1] INFO  server.RaftServerConfigKeys (ConfUtils.java:logGet(43)) - raft.server.log.queue.byte-limit = 2147483647 (custom)
2019-08-30 00:29:36,464 [pool-82-thread-1] INFO  server.RaftServerConfigKeys (ConfUtils.java:logGet(43)) - raft.server.log.statemachine.data.sync = true (default)
2019-08-30 00:29:36,464 [pool-60-thread-1] INFO  server.RaftServerConfigKeys (ConfUtils.java:logGet(43)) - raft.server.log.statemachine.data.sync = true (default)
2019-08-30 00:29:36,464 [pool-82-thread-1] INFO  server.RaftServerConfigKeys (ConfUtils.java:logGet(43)) - raft.server.log.statemachine.data.sync.timeout = 10s (default)
2019-08-30 00:29:36,464 [pool-93-thread-1] INFO  server.RaftServerConfigKeys (ConfUtils.java:logGet(43)) - raft.server.log.queue.element-limit = 1024 (custom)
2019-08-30 00:29:36,465 [pool-82-thread-1] INFO  server.RaftServerConfigKeys (ConfUtils.java:logGet(43)) - raft.server.log.statemachine.data.sync.timeout.retry = -1 (default)
2019-08-30 00:29:36,464 [pool-60-thread-1] INFO  server.RaftServerConfigKeys (ConfUtils.java:logGet(43)) - raft.server.log.statemachine.data.sync.timeout = 10s (default)
2019-08-30 00:29:36,465 [pool-82-thread-1] INFO  server.RaftServerConfigKeys (ConfUtils.java:logGet(43)) - raft.server.log.statemachine.data.caching.enabled = true (custom)
2019-08-30 00:29:36,465 [pool-93-thread-1] INFO  server.RaftServerConfigKeys (ConfUtils.java:logGet(43)) - raft.server.log.segment.size.max = 1048576 (custom)
2019-08-30 00:29:36,465 [pool-60-thread-1] INFO  server.RaftServerConfigKeys (ConfUtils.java:logGet(43)) - raft.server.log.statemachine.data.sync.timeout.retry = -1 (default)
2019-08-30 00:29:36,466 [pool-82-thread-1] INFO  segmented.SegmentedRaftLogWorker (SegmentedRaftLogWorker.java:lambda$new$0(132)) - a12ea28e-4ff8-4509-b8a9-e7419ebd2ad0-SegmentedRaftLogWorker:Storage Directory /workdir/hadoop-ozone/integration-test/target/test-dir/MiniOzoneClusterImpl-8399914c-1e04-4a2d-86b1-d53ee4911094/datanode-5/data/ratis/86341e69-8aa4-4b37-bd10-e323711e83db: flushIndex: setUnconditionally 0 -> -1
2019-08-30 00:29:36,465 [pool-93-thread-1] INFO  server.RaftServerConfigKeys (ConfUtils.java:logGet(43)) - raft.server.log.preallocated.size = 16384 (custom)
2019-08-30 00:29:36,466 [pool-60-thread-1] INFO  server.RaftServerConfigKeys (ConfUtils.java:logGet(43)) - raft.server.log.statemachine.data.caching.enabled = true (custom)
2019-08-30 00:29:36,466 [pool-93-thread-1] INFO  server.RaftServerConfigKeys (ConfUtils.java:logGet(43)) - raft.server.log.write.buffer.size = 33554432 (custom)
2019-08-30 00:29:36,466 [pool-82-thread-1] INFO  server.RaftServerConfigKeys (ConfUtils.java:logGet(43)) - raft.server.snapshot.auto.trigger.enabled = true (custom)
2019-08-30 00:29:36,466 [pool-60-thread-1] INFO  segmented.SegmentedRaftLogWorker (SegmentedRaftLogWorker.java:lambda$new$0(132)) - 4390dbf5-fe85-4d4d-bc44-dfd1f2b7e3b6-SegmentedRaftLogWorker:Storage Directory /workdir/hadoop-ozone/integration-test/target/test-dir/MiniOzoneClusterImpl-8399914c-1e04-4a2d-86b1-d53ee4911094/datanode-3/data/ratis/86341e69-8aa4-4b37-bd10-e323711e83db: flushIndex: setUnconditionally 0 -> -1
2019-08-30 00:29:36,466 [pool-93-thread-1] INFO  server.RaftServerConfigKeys (ConfUtils.java:logGet(43)) - raft.server.log.force.sync.num = 128 (default)
2019-08-30 00:29:36,466 [pool-82-thread-1] INFO  server.RaftServerConfigKeys (ConfUtils.java:logGet(43)) - raft.server.snapshot.auto.trigger.threshold = 10000 (custom)
2019-08-30 00:29:36,467 [pool-60-thread-1] INFO  server.RaftServerConfigKeys (ConfUtils.java:logGet(43)) - raft.server.snapshot.auto.trigger.enabled = true (custom)
2019-08-30 00:29:36,467 [pool-93-thread-1] INFO  server.RaftServerConfigKeys (ConfUtils.java:logGet(43)) - raft.server.log.statemachine.data.sync = true (default)
2019-08-30 00:29:36,467 [pool-60-thread-1] INFO  server.RaftServerConfigKeys (ConfUtils.java:logGet(43)) - raft.server.snapshot.auto.trigger.threshold = 10000 (custom)
2019-08-30 00:29:36,467 [pool-82-thread-1] INFO  server.RaftServerConfigKeys (ConfUtils.java:logGet(43)) - raft.server.retrycache.expirytime = 600000ms (custom)
2019-08-30 00:29:36,467 [pool-60-thread-1] INFO  server.RaftServerConfigKeys (ConfUtils.java:logGet(43)) - raft.server.retrycache.expirytime = 600000ms (custom)
2019-08-30 00:29:36,467 [pool-93-thread-1] INFO  server.RaftServerConfigKeys (ConfUtils.java:logGet(43)) - raft.server.log.statemachine.data.sync.timeout = 10s (default)
2019-08-30 00:29:36,468 [pool-60-thread-1] INFO  impl.RaftServerImpl (RaftServerImpl.java:start(180)) - 4390dbf5-fe85-4d4d-bc44-dfd1f2b7e3b6: start group-E323711E83DB
2019-08-30 00:29:36,468 [pool-82-thread-1] INFO  impl.RaftServerImpl (RaftServerImpl.java:start(180)) - a12ea28e-4ff8-4509-b8a9-e7419ebd2ad0: start group-E323711E83DB
2019-08-30 00:29:36,468 [pool-60-thread-1] INFO  impl.RaftServerImpl (RaftServerImpl.java:setRole(171)) - 4390dbf5-fe85-4d4d-bc44-dfd1f2b7e3b6:group-E323711E83DB changes role from null to FOLLOWER at term 0 for startAsFollower
2019-08-30 00:29:36,468 [pool-93-thread-1] INFO  server.RaftServerConfigKeys (ConfUtils.java:logGet(43)) - raft.server.log.statemachine.data.sync.timeout.retry = -1 (default)
2019-08-30 00:29:36,468 [pool-60-thread-1] INFO  impl.RoleInfo (RoleInfo.java:updateAndGet(143)) - 4390dbf5-fe85-4d4d-bc44-dfd1f2b7e3b6: start FollowerState
2019-08-30 00:29:36,468 [pool-93-thread-1] INFO  server.RaftServerConfigKeys (ConfUtils.java:logGet(43)) - raft.server.log.statemachine.data.caching.enabled = true (custom)
2019-08-30 00:29:36,468 [pool-82-thread-1] INFO  impl.RaftServerImpl (RaftServerImpl.java:setRole(171)) - a12ea28e-4ff8-4509-b8a9-e7419ebd2ad0:group-E323711E83DB changes role from null to FOLLOWER at term 0 for startAsFollower
2019-08-30 00:29:36,469 [pool-60-thread-1] INFO  util.JmxRegister (JmxRegister.java:tryRegister(44)) - Successfully registered JMX Bean with object name Ratis:service=RaftServer,group=group-E323711E83DB,id=4390dbf5-fe85-4d4d-bc44-dfd1f2b7e3b6
2019-08-30 00:29:36,469 [pool-82-thread-1] INFO  impl.RoleInfo (RoleInfo.java:updateAndGet(143)) - a12ea28e-4ff8-4509-b8a9-e7419ebd2ad0: start FollowerState
2019-08-30 00:29:36,469 [pool-93-thread-1] INFO  segmented.SegmentedRaftLogWorker (SegmentedRaftLogWorker.java:lambda$new$0(132)) - d1580c93-e30f-4179-b81b-faa6e700af79-SegmentedRaftLogWorker:Storage Directory /workdir/hadoop-ozone/integration-test/target/test-dir/MiniOzoneClusterImpl-8399914c-1e04-4a2d-86b1-d53ee4911094/datanode-6/data/ratis/86341e69-8aa4-4b37-bd10-e323711e83db: flushIndex: setUnconditionally 0 -> -1
2019-08-30 00:29:36,469 [pool-93-thread-1] INFO  server.RaftServerConfigKeys (ConfUtils.java:logGet(43)) - raft.server.snapshot.auto.trigger.enabled = true (custom)
2019-08-30 00:29:36,469 [pool-82-thread-1] INFO  util.JmxRegister (JmxRegister.java:tryRegister(44)) - Successfully registered JMX Bean with object name Ratis:service=RaftServer,group=group-E323711E83DB,id=a12ea28e-4ff8-4509-b8a9-e7419ebd2ad0
2019-08-30 00:29:36,470 [pool-93-thread-1] INFO  server.RaftServerConfigKeys (ConfUtils.java:logGet(43)) - raft.server.snapshot.auto.trigger.threshold = 10000 (custom)
2019-08-30 00:29:36,470 [pool-93-thread-1] INFO  server.RaftServerConfigKeys (ConfUtils.java:logGet(43)) - raft.server.retrycache.expirytime = 600000ms (custom)
2019-08-30 00:29:36,470 [pool-93-thread-1] INFO  impl.RaftServerImpl (RaftServerImpl.java:start(180)) - d1580c93-e30f-4179-b81b-faa6e700af79: start group-E323711E83DB
2019-08-30 00:29:36,470 [pool-93-thread-1] INFO  impl.RaftServerImpl (RaftServerImpl.java:setRole(171)) - d1580c93-e30f-4179-b81b-faa6e700af79:group-E323711E83DB changes role from null to FOLLOWER at term 0 for startAsFollower
2019-08-30 00:29:36,471 [pool-93-thread-1] INFO  impl.RoleInfo (RoleInfo.java:updateAndGet(143)) - d1580c93-e30f-4179-b81b-faa6e700af79: start FollowerState
2019-08-30 00:29:36,471 [pool-93-thread-1] INFO  util.JmxRegister (JmxRegister.java:tryRegister(44)) - Successfully registered JMX Bean with object name Ratis:service=RaftServer,group=group-E323711E83DB,id=d1580c93-e30f-4179-b81b-faa6e700af79
2019-08-30 00:29:36,493 [RatisPipelineUtilsThread] INFO  pipeline.PipelineStateManager (PipelineStateManager.java:addPipeline(56)) - Created pipeline Pipeline[ Id: 86341e69-8aa4-4b37-bd10-e323711e83db, Nodes: a12ea28e-4ff8-4509-b8a9-e7419ebd2ad0{ip: 192.168.69.124, host: pr-hdds-2050-pz9tn-2767506387, networkLocation: /default-rack, certSerialId: null}4390dbf5-fe85-4d4d-bc44-dfd1f2b7e3b6{ip: 192.168.69.124, host: pr-hdds-2050-pz9tn-2767506387, networkLocation: /default-rack, certSerialId: null}d1580c93-e30f-4179-b81b-faa6e700af79{ip: 192.168.69.124, host: pr-hdds-2050-pz9tn-2767506387, networkLocation: /default-rack, certSerialId: null}, Type:RATIS, Factor:THREE, State:OPEN]
2019-08-30 00:29:36,527 [grpc-default-executor-2] INFO  impl.RaftServerProxy (RaftServerProxy.java:addNew(89)) - 1019a315-1aa9-4af0-89b7-df29ea019370: addNew group-EE342E45788B:[6d7fd013-1723-4962-9a9c-3b2cdb5e5d89:192.168.69.124:37333, 1019a315-1aa9-4af0-89b7-df29ea019370:192.168.69.124:37964, 172500b1-a982-45b0-97f3-b87b470f702c:192.168.69.124:44877] returns group-EE342E45788B:java.util.concurrent.CompletableFuture@25e660e[Not completed]
2019-08-30 00:29:36,527 [grpc-default-executor-0] INFO  impl.RaftServerProxy (RaftServerProxy.java:addNew(89)) - 6d7fd013-1723-4962-9a9c-3b2cdb5e5d89: addNew group-EE342E45788B:[6d7fd013-1723-4962-9a9c-3b2cdb5e5d89:192.168.69.124:37333, 1019a315-1aa9-4af0-89b7-df29ea019370:192.168.69.124:37964, 172500b1-a982-45b0-97f3-b87b470f702c:192.168.69.124:44877] returns group-EE342E45788B:java.util.concurrent.CompletableFuture@4cb435c4[Not completed]
2019-08-30 00:29:36,530 [grpc-default-executor-1] INFO  impl.RaftServerProxy (RaftServerProxy.java:addNew(89)) - 172500b1-a982-45b0-97f3-b87b470f702c: addNew group-EE342E45788B:[6d7fd013-1723-4962-9a9c-3b2cdb5e5d89:192.168.69.124:37333, 1019a315-1aa9-4af0-89b7-df29ea019370:192.168.69.124:37964, 172500b1-a982-45b0-97f3-b87b470f702c:192.168.69.124:44877] returns group-EE342E45788B:java.util.concurrent.CompletableFuture@7a880471[Not completed]
2019-08-30 00:29:36,531 [pool-71-thread-1] INFO  impl.RaftServerImpl (RaftServerImpl.java:<init>(93)) - 1019a315-1aa9-4af0-89b7-df29ea019370: new RaftServerImpl for group-EE342E45788B:[6d7fd013-1723-4962-9a9c-3b2cdb5e5d89:192.168.69.124:37333, 1019a315-1aa9-4af0-89b7-df29ea019370:192.168.69.124:37964, 172500b1-a982-45b0-97f3-b87b470f702c:192.168.69.124:44877] with ContainerStateMachine:uninitialized
2019-08-30 00:29:36,531 [pool-71-thread-1] INFO  server.RaftServerConfigKeys (ConfUtils.java:logGet(43)) - raft.server.rpc.timeout.min = 5s (custom)
2019-08-30 00:29:36,532 [pool-71-thread-1] INFO  server.RaftServerConfigKeys (ConfUtils.java:logGet(43)) - raft.server.rpc.timeout.max = 5200ms (custom)
2019-08-30 00:29:36,532 [pool-71-thread-1] INFO  server.RaftServerConfigKeys (ConfUtils.java:logGet(43)) - raft.server.rpcslowness.timeout = 120s (custom)
2019-08-30 00:29:36,532 [pool-71-thread-1] INFO  server.RaftServerConfigKeys (ConfUtils.java:logGet(43)) - raft.server.sleep.deviation.threshold = 300 (default)
2019-08-30 00:29:36,532 [pool-71-thread-1] INFO  server.RaftServerConfigKeys (ConfUtils.java:logGet(43)) - raft.server.log.appender.install.snapshot.enabled = false (custom)
2019-08-30 00:29:36,532 [pool-71-thread-1] INFO  impl.RaftServerImpl (ServerState.java:<init>(105)) - 1019a315-1aa9-4af0-89b7-df29ea019370:group-EE342E45788B ConfigurationManager, init=-1: [6d7fd013-1723-4962-9a9c-3b2cdb5e5d89:192.168.69.124:37333, 1019a315-1aa9-4af0-89b7-df29ea019370:192.168.69.124:37964, 172500b1-a982-45b0-97f3-b87b470f702c:192.168.69.124:44877], old=null, confs=<EMPTY_MAP>
2019-08-30 00:29:36,532 [pool-49-thread-1] INFO  impl.RaftServerImpl (RaftServerImpl.java:<init>(93)) - 172500b1-a982-45b0-97f3-b87b470f702c: new RaftServerImpl for group-EE342E45788B:[6d7fd013-1723-4962-9a9c-3b2cdb5e5d89:192.168.69.124:37333, 1019a315-1aa9-4af0-89b7-df29ea019370:192.168.69.124:37964, 172500b1-a982-45b0-97f3-b87b470f702c:192.168.69.124:44877] with ContainerStateMachine:uninitialized
2019-08-30 00:29:36,532 [pool-71-thread-1] INFO  server.RaftServerConfigKeys (ConfUtils.java:logGet(43)) - raft.server.storage.dir = [/workdir/hadoop-ozone/integration-test/target/test-dir/MiniOzoneClusterImpl-8399914c-1e04-4a2d-86b1-d53ee4911094/datanode-4/data/ratis] (custom)
2019-08-30 00:29:36,532 [pool-49-thread-1] INFO  server.RaftServerConfigKeys (ConfUtils.java:logGet(43)) - raft.server.rpc.timeout.min = 5s (custom)
2019-08-30 00:29:36,533 [pool-49-thread-1] INFO  server.RaftServerConfigKeys (ConfUtils.java:logGet(43)) - raft.server.rpc.timeout.max = 5200ms (custom)
2019-08-30 00:29:36,533 [pool-49-thread-1] INFO  server.RaftServerConfigKeys (ConfUtils.java:logGet(43)) - raft.server.rpcslowness.timeout = 120s (custom)
2019-08-30 00:29:36,533 [pool-71-thread-1] INFO  storage.RaftStorageDirectory (RaftStorageDirectory.java:analyzeStorage(246)) - The storage directory /workdir/hadoop-ozone/integration-test/target/test-dir/MiniOzoneClusterImpl-8399914c-1e04-4a2d-86b1-d53ee4911094/datanode-4/data/ratis/ec42a465-49c2-43a3-a63c-ee342e45788b does not exist. Creating ...
2019-08-30 00:29:36,533 [pool-49-thread-1] INFO  server.RaftServerConfigKeys (ConfUtils.java:logGet(43)) - raft.server.sleep.deviation.threshold = 300 (default)
2019-08-30 00:29:36,533 [pool-49-thread-1] INFO  server.RaftServerConfigKeys (ConfUtils.java:logGet(43)) - raft.server.log.appender.install.snapshot.enabled = false (custom)
2019-08-30 00:29:36,533 [pool-49-thread-1] INFO  impl.RaftServerImpl (ServerState.java:<init>(105)) - 172500b1-a982-45b0-97f3-b87b470f702c:group-EE342E45788B ConfigurationManager, init=-1: [6d7fd013-1723-4962-9a9c-3b2cdb5e5d89:192.168.69.124:37333, 1019a315-1aa9-4af0-89b7-df29ea019370:192.168.69.124:37964, 172500b1-a982-45b0-97f3-b87b470f702c:192.168.69.124:44877], old=null, confs=<EMPTY_MAP>
2019-08-30 00:29:36,533 [pool-49-thread-1] INFO  server.RaftServerConfigKeys (ConfUtils.java:logGet(43)) - raft.server.storage.dir = [/workdir/hadoop-ozone/integration-test/target/test-dir/MiniOzoneClusterImpl-8399914c-1e04-4a2d-86b1-d53ee4911094/datanode-2/data/ratis] (custom)
2019-08-30 00:29:36,534 [pool-38-thread-1] INFO  impl.RaftServerImpl (RaftServerImpl.java:<init>(93)) - 6d7fd013-1723-4962-9a9c-3b2cdb5e5d89: new RaftServerImpl for group-EE342E45788B:[6d7fd013-1723-4962-9a9c-3b2cdb5e5d89:192.168.69.124:37333, 1019a315-1aa9-4af0-89b7-df29ea019370:192.168.69.124:37964, 172500b1-a982-45b0-97f3-b87b470f702c:192.168.69.124:44877] with ContainerStateMachine:uninitialized
2019-08-30 00:29:36,534 [pool-38-thread-1] INFO  server.RaftServerConfigKeys (ConfUtils.java:logGet(43)) - raft.server.rpc.timeout.min = 5s (custom)
2019-08-30 00:29:36,534 [pool-49-thread-1] INFO  storage.RaftStorageDirectory (RaftStorageDirectory.java:analyzeStorage(246)) - The storage directory /workdir/hadoop-ozone/integration-test/target/test-dir/MiniOzoneClusterImpl-8399914c-1e04-4a2d-86b1-d53ee4911094/datanode-2/data/ratis/ec42a465-49c2-43a3-a63c-ee342e45788b does not exist. Creating ...
2019-08-30 00:29:36,534 [pool-38-thread-1] INFO  server.RaftServerConfigKeys (ConfUtils.java:logGet(43)) - raft.server.rpc.timeout.max = 5200ms (custom)
2019-08-30 00:29:36,534 [pool-38-thread-1] INFO  server.RaftServerConfigKeys (ConfUtils.java:logGet(43)) - raft.server.rpcslowness.timeout = 120s (custom)
2019-08-30 00:29:36,534 [pool-38-thread-1] INFO  server.RaftServerConfigKeys (ConfUtils.java:logGet(43)) - raft.server.sleep.deviation.threshold = 300 (default)
2019-08-30 00:29:36,535 [pool-38-thread-1] INFO  server.RaftServerConfigKeys (ConfUtils.java:logGet(43)) - raft.server.log.appender.install.snapshot.enabled = false (custom)
2019-08-30 00:29:36,535 [pool-38-thread-1] INFO  impl.RaftServerImpl (ServerState.java:<init>(105)) - 6d7fd013-1723-4962-9a9c-3b2cdb5e5d89:group-EE342E45788B ConfigurationManager, init=-1: [6d7fd013-1723-4962-9a9c-3b2cdb5e5d89:192.168.69.124:37333, 1019a315-1aa9-4af0-89b7-df29ea019370:192.168.69.124:37964, 172500b1-a982-45b0-97f3-b87b470f702c:192.168.69.124:44877], old=null, confs=<EMPTY_MAP>
2019-08-30 00:29:36,535 [pool-38-thread-1] INFO  server.RaftServerConfigKeys (ConfUtils.java:logGet(43)) - raft.server.storage.dir = [/workdir/hadoop-ozone/integration-test/target/test-dir/MiniOzoneClusterImpl-8399914c-1e04-4a2d-86b1-d53ee4911094/datanode-1/data/ratis] (custom)
2019-08-30 00:29:36,545 [pool-38-thread-1] INFO  storage.RaftStorageDirectory (RaftStorageDirectory.java:analyzeStorage(246)) - The storage directory /workdir/hadoop-ozone/integration-test/target/test-dir/MiniOzoneClusterImpl-8399914c-1e04-4a2d-86b1-d53ee4911094/datanode-1/data/ratis/ec42a465-49c2-43a3-a63c-ee342e45788b does not exist. Creating ...
2019-08-30 00:29:36,553 [pool-71-thread-1] INFO  storage.RaftStorageDirectory (RaftStorageDirectory.java:tryLock(328)) - Lock on /workdir/hadoop-ozone/integration-test/target/test-dir/MiniOzoneClusterImpl-8399914c-1e04-4a2d-86b1-d53ee4911094/datanode-4/data/ratis/ec42a465-49c2-43a3-a63c-ee342e45788b/in_use.lock acquired by nodename 5675@pr-hdds-2050-pz9tn-2767506387
2019-08-30 00:29:36,553 [pool-49-thread-1] INFO  storage.RaftStorageDirectory (RaftStorageDirectory.java:tryLock(328)) - Lock on /workdir/hadoop-ozone/integration-test/target/test-dir/MiniOzoneClusterImpl-8399914c-1e04-4a2d-86b1-d53ee4911094/datanode-2/data/ratis/ec42a465-49c2-43a3-a63c-ee342e45788b/in_use.lock acquired by nodename 5675@pr-hdds-2050-pz9tn-2767506387
2019-08-30 00:29:36,565 [pool-38-thread-1] INFO  storage.RaftStorageDirectory (RaftStorageDirectory.java:tryLock(328)) - Lock on /workdir/hadoop-ozone/integration-test/target/test-dir/MiniOzoneClusterImpl-8399914c-1e04-4a2d-86b1-d53ee4911094/datanode-1/data/ratis/ec42a465-49c2-43a3-a63c-ee342e45788b/in_use.lock acquired by nodename 5675@pr-hdds-2050-pz9tn-2767506387
2019-08-30 00:29:36,565 [pool-49-thread-1] INFO  storage.RaftStorage (RaftStorage.java:format(72)) - Storage directory /workdir/hadoop-ozone/integration-test/target/test-dir/MiniOzoneClusterImpl-8399914c-1e04-4a2d-86b1-d53ee4911094/datanode-2/data/ratis/ec42a465-49c2-43a3-a63c-ee342e45788b has been successfully formatted.
2019-08-30 00:29:36,565 [pool-71-thread-1] INFO  storage.RaftStorage (RaftStorage.java:format(72)) - Storage directory /workdir/hadoop-ozone/integration-test/target/test-dir/MiniOzoneClusterImpl-8399914c-1e04-4a2d-86b1-d53ee4911094/datanode-4/data/ratis/ec42a465-49c2-43a3-a63c-ee342e45788b has been successfully formatted.
2019-08-30 00:29:36,566 [pool-49-thread-1] INFO  ratis.ContainerStateMachine (ContainerStateMachine.java:loadSnapshot(227)) - group-EE342E45788B: The snapshot info is null. Setting the last applied indexto:(t:0, i:~)
2019-08-30 00:29:36,566 [pool-71-thread-1] INFO  ratis.ContainerStateMachine (ContainerStateMachine.java:loadSnapshot(227)) - group-EE342E45788B: The snapshot info is null. Setting the last applied indexto:(t:0, i:~)
2019-08-30 00:29:36,566 [pool-49-thread-1] INFO  server.RaftServerConfigKeys (ConfUtils.java:logGet(43)) - raft.server.leader.election.timeout = 120s (custom)
2019-08-30 00:29:36,566 [pool-71-thread-1] INFO  server.RaftServerConfigKeys (ConfUtils.java:logGet(43)) - raft.server.leader.election.timeout = 120s (custom)
2019-08-30 00:29:36,567 [pool-49-thread-1] INFO  server.RaftServerConfigKeys (ConfUtils.java:logGet(43)) - raft.server.log.use.memory = false (default)
2019-08-30 00:29:36,567 [pool-71-thread-1] INFO  server.RaftServerConfigKeys (ConfUtils.java:logGet(43)) - raft.server.log.use.memory = false (default)
2019-08-30 00:29:36,567 [pool-49-thread-1] INFO  server.RaftServerConfigKeys (ConfUtils.java:logGet(43)) - raft.server.log.purge.gap = 1000000 (custom)
2019-08-30 00:29:36,567 [pool-71-thread-1] INFO  server.RaftServerConfigKeys (ConfUtils.java:logGet(43)) - raft.server.log.purge.gap = 1000000 (custom)
2019-08-30 00:29:36,567 [pool-49-thread-1] INFO  server.RaftServerConfigKeys (ConfUtils.java:logGet(43)) - raft.server.log.appender.buffer.byte-limit = 33554432 (custom)
2019-08-30 00:29:36,567 [pool-71-thread-1] INFO  server.RaftServerConfigKeys (ConfUtils.java:logGet(43)) - raft.server.log.appender.buffer.byte-limit = 33554432 (custom)
2019-08-30 00:29:36,568 [pool-49-thread-1] INFO  server.RaftServerConfigKeys (ConfUtils.java:logGet(43)) - raft.server.log.segment.size.max = 1048576 (custom)
2019-08-30 00:29:36,568 [pool-71-thread-1] INFO  server.RaftServerConfigKeys (ConfUtils.java:logGet(43)) - raft.server.log.segment.size.max = 1048576 (custom)
2019-08-30 00:29:36,568 [pool-49-thread-1] INFO  server.RaftServerConfigKeys (ConfUtils.java:logGet(43)) - raft.server.log.segment.cache.num.max = 2 (custom)
2019-08-30 00:29:36,568 [pool-71-thread-1] INFO  server.RaftServerConfigKeys (ConfUtils.java:logGet(43)) - raft.server.log.segment.cache.num.max = 2 (custom)
2019-08-30 00:29:36,568 [pool-49-thread-1] INFO  segmented.SegmentedRaftLogWorker (SegmentedRaftLogWorker.java:<init>(172)) - new 172500b1-a982-45b0-97f3-b87b470f702c-SegmentedRaftLogWorker:Storage Directory /workdir/hadoop-ozone/integration-test/target/test-dir/MiniOzoneClusterImpl-8399914c-1e04-4a2d-86b1-d53ee4911094/datanode-2/data/ratis/ec42a465-49c2-43a3-a63c-ee342e45788b for RaftStorage:Storage Directory /workdir/hadoop-ozone/integration-test/target/test-dir/MiniOzoneClusterImpl-8399914c-1e04-4a2d-86b1-d53ee4911094/datanode-2/data/ratis/ec42a465-49c2-43a3-a63c-ee342e45788b
2019-08-30 00:29:36,568 [pool-71-thread-1] INFO  segmented.SegmentedRaftLogWorker (SegmentedRaftLogWorker.java:<init>(172)) - new 1019a315-1aa9-4af0-89b7-df29ea019370-SegmentedRaftLogWorker:Storage Directory /workdir/hadoop-ozone/integration-test/target/test-dir/MiniOzoneClusterImpl-8399914c-1e04-4a2d-86b1-d53ee4911094/datanode-4/data/ratis/ec42a465-49c2-43a3-a63c-ee342e45788b for RaftStorage:Storage Directory /workdir/hadoop-ozone/integration-test/target/test-dir/MiniOzoneClusterImpl-8399914c-1e04-4a2d-86b1-d53ee4911094/datanode-4/data/ratis/ec42a465-49c2-43a3-a63c-ee342e45788b
2019-08-30 00:29:36,569 [pool-49-thread-1] INFO  server.RaftServerConfigKeys (ConfUtils.java:logGet(43)) - raft.server.log.queue.byte-limit = 2147483647 (custom)
2019-08-30 00:29:36,571 [pool-71-thread-1] INFO  server.RaftServerConfigKeys (ConfUtils.java:logGet(43)) - raft.server.log.queue.byte-limit = 2147483647 (custom)
2019-08-30 00:29:36,572 [pool-49-thread-1] INFO  server.RaftServerConfigKeys (ConfUtils.java:logGet(43)) - raft.server.log.queue.element-limit = 1024 (custom)
2019-08-30 00:29:36,573 [pool-71-thread-1] INFO  server.RaftServerConfigKeys (ConfUtils.java:logGet(43)) - raft.server.log.queue.element-limit = 1024 (custom)
2019-08-30 00:29:36,573 [pool-49-thread-1] INFO  server.RaftServerConfigKeys (ConfUtils.java:logGet(43)) - raft.server.log.segment.size.max = 1048576 (custom)
2019-08-30 00:29:36,573 [pool-71-thread-1] INFO  server.RaftServerConfigKeys (ConfUtils.java:logGet(43)) - raft.server.log.segment.size.max = 1048576 (custom)
2019-08-30 00:29:36,574 [pool-49-thread-1] INFO  server.RaftServerConfigKeys (ConfUtils.java:logGet(43)) - raft.server.log.preallocated.size = 16384 (custom)
2019-08-30 00:29:36,574 [pool-71-thread-1] INFO  server.RaftServerConfigKeys (ConfUtils.java:logGet(43)) - raft.server.log.preallocated.size = 16384 (custom)
2019-08-30 00:29:36,574 [pool-49-thread-1] INFO  server.RaftServerConfigKeys (ConfUtils.java:logGet(43)) - raft.server.log.write.buffer.size = 33554432 (custom)
2019-08-30 00:29:36,574 [pool-71-thread-1] INFO  server.RaftServerConfigKeys (ConfUtils.java:logGet(43)) - raft.server.log.write.buffer.size = 33554432 (custom)
2019-08-30 00:29:36,574 [pool-49-thread-1] INFO  server.RaftServerConfigKeys (ConfUtils.java:logGet(43)) - raft.server.log.force.sync.num = 128 (default)
2019-08-30 00:29:36,574 [pool-71-thread-1] INFO  server.RaftServerConfigKeys (ConfUtils.java:logGet(43)) - raft.server.log.force.sync.num = 128 (default)
2019-08-30 00:29:36,575 [pool-49-thread-1] INFO  server.RaftServerConfigKeys (ConfUtils.java:logGet(43)) - raft.server.log.statemachine.data.sync = true (default)
2019-08-30 00:29:36,575 [pool-71-thread-1] INFO  server.RaftServerConfigKeys (ConfUtils.java:logGet(43)) - raft.server.log.statemachine.data.sync = true (default)
2019-08-30 00:29:36,575 [pool-49-thread-1] INFO  server.RaftServerConfigKeys (ConfUtils.java:logGet(43)) - raft.server.log.statemachine.data.sync.timeout = 10s (default)
2019-08-30 00:29:36,575 [pool-71-thread-1] INFO  server.RaftServerConfigKeys (ConfUtils.java:logGet(43)) - raft.server.log.statemachine.data.sync.timeout = 10s (default)
2019-08-30 00:29:36,575 [pool-49-thread-1] INFO  server.RaftServerConfigKeys (ConfUtils.java:logGet(43)) - raft.server.log.statemachine.data.sync.timeout.retry = -1 (default)
2019-08-30 00:29:36,576 [pool-71-thread-1] INFO  server.RaftServerConfigKeys (ConfUtils.java:logGet(43)) - raft.server.log.statemachine.data.sync.timeout.retry = -1 (default)
2019-08-30 00:29:36,576 [pool-49-thread-1] INFO  server.RaftServerConfigKeys (ConfUtils.java:logGet(43)) - raft.server.log.statemachine.data.caching.enabled = true (custom)
2019-08-30 00:29:36,576 [pool-71-thread-1] INFO  server.RaftServerConfigKeys (ConfUtils.java:logGet(43)) - raft.server.log.statemachine.data.caching.enabled = true (custom)
2019-08-30 00:29:36,582 [pool-49-thread-1] INFO  segmented.SegmentedRaftLogWorker (SegmentedRaftLogWorker.java:lambda$new$0(132)) - 172500b1-a982-45b0-97f3-b87b470f702c-SegmentedRaftLogWorker:Storage Directory /workdir/hadoop-ozone/integration-test/target/test-dir/MiniOzoneClusterImpl-8399914c-1e04-4a2d-86b1-d53ee4911094/datanode-2/data/ratis/ec42a465-49c2-43a3-a63c-ee342e45788b: flushIndex: setUnconditionally 0 -> -1
2019-08-30 00:29:36,582 [pool-71-thread-1] INFO  segmented.SegmentedRaftLogWorker (SegmentedRaftLogWorker.java:lambda$new$0(132)) - 1019a315-1aa9-4af0-89b7-df29ea019370-SegmentedRaftLogWorker:Storage Directory /workdir/hadoop-ozone/integration-test/target/test-dir/MiniOzoneClusterImpl-8399914c-1e04-4a2d-86b1-d53ee4911094/datanode-4/data/ratis/ec42a465-49c2-43a3-a63c-ee342e45788b: flushIndex: setUnconditionally 0 -> -1
2019-08-30 00:29:36,582 [pool-49-thread-1] INFO  server.RaftServerConfigKeys (ConfUtils.java:logGet(43)) - raft.server.snapshot.auto.trigger.enabled = true (custom)
2019-08-30 00:29:36,582 [pool-71-thread-1] INFO  server.RaftServerConfigKeys (ConfUtils.java:logGet(43)) - raft.server.snapshot.auto.trigger.enabled = true (custom)
2019-08-30 00:29:36,582 [pool-49-thread-1] INFO  server.RaftServerConfigKeys (ConfUtils.java:logGet(43)) - raft.server.snapshot.auto.trigger.threshold = 10000 (custom)
2019-08-30 00:29:36,583 [pool-71-thread-1] INFO  server.RaftServerConfigKeys (ConfUtils.java:logGet(43)) - raft.server.snapshot.auto.trigger.threshold = 10000 (custom)
2019-08-30 00:29:36,582 [pool-38-thread-1] INFO  storage.RaftStorage (RaftStorage.java:format(72)) - Storage directory /workdir/hadoop-ozone/integration-test/target/test-dir/MiniOzoneClusterImpl-8399914c-1e04-4a2d-86b1-d53ee4911094/datanode-1/data/ratis/ec42a465-49c2-43a3-a63c-ee342e45788b has been successfully formatted.
2019-08-30 00:29:36,583 [pool-71-thread-1] INFO  server.RaftServerConfigKeys (ConfUtils.java:logGet(43)) - raft.server.retrycache.expirytime = 600000ms (custom)
2019-08-30 00:29:36,583 [pool-49-thread-1] INFO  server.RaftServerConfigKeys (ConfUtils.java:logGet(43)) - raft.server.retrycache.expirytime = 600000ms (custom)
2019-08-30 00:29:36,583 [pool-71-thread-1] INFO  impl.RaftServerImpl (RaftServerImpl.java:start(180)) - 1019a315-1aa9-4af0-89b7-df29ea019370: start group-EE342E45788B
2019-08-30 00:29:36,583 [pool-38-thread-1] INFO  ratis.ContainerStateMachine (ContainerStateMachine.java:loadSnapshot(227)) - group-EE342E45788B: The snapshot info is null. Setting the last applied indexto:(t:0, i:~)
2019-08-30 00:29:36,583 [pool-49-thread-1] INFO  impl.RaftServerImpl (RaftServerImpl.java:start(180)) - 172500b1-a982-45b0-97f3-b87b470f702c: start group-EE342E45788B
2019-08-30 00:29:36,583 [pool-71-thread-1] INFO  impl.RaftServerImpl (RaftServerImpl.java:setRole(171)) - 1019a315-1aa9-4af0-89b7-df29ea019370:group-EE342E45788B changes role from null to FOLLOWER at term 0 for startAsFollower
2019-08-30 00:29:36,584 [pool-49-thread-1] INFO  impl.RaftServerImpl (RaftServerImpl.java:setRole(171)) - 172500b1-a982-45b0-97f3-b87b470f702c:group-EE342E45788B changes role from null to FOLLOWER at term 0 for startAsFollower
2019-08-30 00:29:36,583 [pool-38-thread-1] INFO  server.RaftServerConfigKeys (ConfUtils.java:logGet(43)) - raft.server.leader.election.timeout = 120s (custom)
2019-08-30 00:29:36,584 [pool-49-thread-1] INFO  impl.RoleInfo (RoleInfo.java:updateAndGet(143)) - 172500b1-a982-45b0-97f3-b87b470f702c: start FollowerState
2019-08-30 00:29:36,584 [pool-38-thread-1] INFO  server.RaftServerConfigKeys (ConfUtils.java:logGet(43)) - raft.server.log.use.memory = false (default)
2019-08-30 00:29:36,584 [pool-71-thread-1] INFO  impl.RoleInfo (RoleInfo.java:updateAndGet(143)) - 1019a315-1aa9-4af0-89b7-df29ea019370: start FollowerState
2019-08-30 00:29:36,584 [pool-38-thread-1] INFO  server.RaftServerConfigKeys (ConfUtils.java:logGet(43)) - raft.server.log.purge.gap = 1000000 (custom)
2019-08-30 00:29:36,585 [pool-38-thread-1] INFO  server.RaftServerConfigKeys (ConfUtils.java:logGet(43)) - raft.server.log.appender.buffer.byte-limit = 33554432 (custom)
2019-08-30 00:29:36,585 [pool-49-thread-1] INFO  util.JmxRegister (JmxRegister.java:tryRegister(44)) - Successfully registered JMX Bean with object name Ratis:service=RaftServer,group=group-EE342E45788B,id=172500b1-a982-45b0-97f3-b87b470f702c
2019-08-30 00:29:36,585 [pool-38-thread-1] INFO  server.RaftServerConfigKeys (ConfUtils.java:logGet(43)) - raft.server.log.segment.size.max = 1048576 (custom)
2019-08-30 00:29:36,585 [pool-71-thread-1] INFO  util.JmxRegister (JmxRegister.java:tryRegister(44)) - Successfully registered JMX Bean with object name Ratis:service=RaftServer,group=group-EE342E45788B,id=1019a315-1aa9-4af0-89b7-df29ea019370
2019-08-30 00:29:36,585 [pool-38-thread-1] INFO  server.RaftServerConfigKeys (ConfUtils.java:logGet(43)) - raft.server.log.segment.cache.num.max = 2 (custom)
2019-08-30 00:29:36,585 [pool-38-thread-1] INFO  segmented.SegmentedRaftLogWorker (SegmentedRaftLogWorker.java:<init>(172)) - new 6d7fd013-1723-4962-9a9c-3b2cdb5e5d89-SegmentedRaftLogWorker:Storage Directory /workdir/hadoop-ozone/integration-test/target/test-dir/MiniOzoneClusterImpl-8399914c-1e04-4a2d-86b1-d53ee4911094/datanode-1/data/ratis/ec42a465-49c2-43a3-a63c-ee342e45788b for RaftStorage:Storage Directory /workdir/hadoop-ozone/integration-test/target/test-dir/MiniOzoneClusterImpl-8399914c-1e04-4a2d-86b1-d53ee4911094/datanode-1/data/ratis/ec42a465-49c2-43a3-a63c-ee342e45788b
2019-08-30 00:29:36,585 [pool-38-thread-1] INFO  server.RaftServerConfigKeys (ConfUtils.java:logGet(43)) - raft.server.log.queue.byte-limit = 2147483647 (custom)
2019-08-30 00:29:36,586 [pool-38-thread-1] INFO  server.RaftServerConfigKeys (ConfUtils.java:logGet(43)) - raft.server.log.queue.element-limit = 1024 (custom)
2019-08-30 00:29:36,586 [pool-38-thread-1] INFO  server.RaftServerConfigKeys (ConfUtils.java:logGet(43)) - raft.server.log.segment.size.max = 1048576 (custom)
2019-08-30 00:29:36,586 [pool-38-thread-1] INFO  server.RaftServerConfigKeys (ConfUtils.java:logGet(43)) - raft.server.log.preallocated.size = 16384 (custom)
2019-08-30 00:29:36,586 [pool-38-thread-1] INFO  server.RaftServerConfigKeys (ConfUtils.java:logGet(43)) - raft.server.log.write.buffer.size = 33554432 (custom)
2019-08-30 00:29:36,586 [pool-38-thread-1] INFO  server.RaftServerConfigKeys (ConfUtils.java:logGet(43)) - raft.server.log.force.sync.num = 128 (default)
2019-08-30 00:29:36,586 [pool-38-thread-1] INFO  server.RaftServerConfigKeys (ConfUtils.java:logGet(43)) - raft.server.log.statemachine.data.sync = true (default)
2019-08-30 00:29:36,587 [pool-38-thread-1] INFO  server.RaftServerConfigKeys (ConfUtils.java:logGet(43)) - raft.server.log.statemachine.data.sync.timeout = 10s (default)
2019-08-30 00:29:36,587 [pool-38-thread-1] INFO  server.RaftServerConfigKeys (ConfUtils.java:logGet(43)) - raft.server.log.statemachine.data.sync.timeout.retry = -1 (default)
2019-08-30 00:29:36,587 [pool-38-thread-1] INFO  server.RaftServerConfigKeys (ConfUtils.java:logGet(43)) - raft.server.log.statemachine.data.caching.enabled = true (custom)
2019-08-30 00:29:36,589 [pool-38-thread-1] INFO  segmented.SegmentedRaftLogWorker (SegmentedRaftLogWorker.java:lambda$new$0(132)) - 6d7fd013-1723-4962-9a9c-3b2cdb5e5d89-SegmentedRaftLogWorker:Storage Directory /workdir/hadoop-ozone/integration-test/target/test-dir/MiniOzoneClusterImpl-8399914c-1e04-4a2d-86b1-d53ee4911094/datanode-1/data/ratis/ec42a465-49c2-43a3-a63c-ee342e45788b: flushIndex: setUnconditionally 0 -> -1
2019-08-30 00:29:36,589 [pool-38-thread-1] INFO  server.RaftServerConfigKeys (ConfUtils.java:logGet(43)) - raft.server.snapshot.auto.trigger.enabled = true (custom)
2019-08-30 00:29:36,591 [pool-38-thread-1] INFO  server.RaftServerConfigKeys (ConfUtils.java:logGet(43)) - raft.server.snapshot.auto.trigger.threshold = 10000 (custom)
2019-08-30 00:29:36,591 [pool-38-thread-1] INFO  server.RaftServerConfigKeys (ConfUtils.java:logGet(43)) - raft.server.retrycache.expirytime = 600000ms (custom)
2019-08-30 00:29:36,591 [pool-38-thread-1] INFO  impl.RaftServerImpl (RaftServerImpl.java:start(180)) - 6d7fd013-1723-4962-9a9c-3b2cdb5e5d89: start group-EE342E45788B
2019-08-30 00:29:36,591 [pool-38-thread-1] INFO  impl.RaftServerImpl (RaftServerImpl.java:setRole(171)) - 6d7fd013-1723-4962-9a9c-3b2cdb5e5d89:group-EE342E45788B changes role from null to FOLLOWER at term 0 for startAsFollower
2019-08-30 00:29:36,594 [pool-38-thread-1] INFO  impl.RoleInfo (RoleInfo.java:updateAndGet(143)) - 6d7fd013-1723-4962-9a9c-3b2cdb5e5d89: start FollowerState
2019-08-30 00:29:36,594 [pool-38-thread-1] INFO  util.JmxRegister (JmxRegister.java:tryRegister(44)) - Successfully registered JMX Bean with object name Ratis:service=RaftServer,group=group-EE342E45788B,id=6d7fd013-1723-4962-9a9c-3b2cdb5e5d89
2019-08-30 00:29:36,607 [RatisPipelineUtilsThread] INFO  pipeline.PipelineStateManager (PipelineStateManager.java:addPipeline(56)) - Created pipeline Pipeline[ Id: ec42a465-49c2-43a3-a63c-ee342e45788b, Nodes: 6d7fd013-1723-4962-9a9c-3b2cdb5e5d89{ip: 192.168.69.124, host: pr-hdds-2050-pz9tn-2767506387, networkLocation: /default-rack, certSerialId: null}1019a315-1aa9-4af0-89b7-df29ea019370{ip: 192.168.69.124, host: pr-hdds-2050-pz9tn-2767506387, networkLocation: /default-rack, certSerialId: null}172500b1-a982-45b0-97f3-b87b470f702c{ip: 192.168.69.124, host: pr-hdds-2050-pz9tn-2767506387, networkLocation: /default-rack, certSerialId: null}, Type:RATIS, Factor:THREE, State:OPEN]
2019-08-30 00:29:36,899 | INFO  | SCMAudit | user=jenkins1000 | ip=192.168.69.124 | op=SEND_HEARTBEAT {datanodeUUID=278fc07b-1ae0-445c-982e-4fc0a892453b, command=[]} | ret=SUCCESS |  
2019-08-30 00:29:36,953 | INFO  | SCMAudit | user=jenkins1000 | ip=192.168.69.124 | op=SEND_HEARTBEAT {datanodeUUID=6d7fd013-1723-4962-9a9c-3b2cdb5e5d89, command=[]} | ret=SUCCESS |  
2019-08-30 00:29:36,955 [main] INFO  rpc.RpcClient (RpcClient.java:createVolume(293)) - Creating Volume: watchforcommithandlingtest, with jenkins1000 as owner.
2019-08-30 00:29:36,983 | INFO  | OMAudit | user=jenkins1000 | ip=127.0.0.1 | op=CREATE_VOLUME {admin=jenkins1000, owner=jenkins1000, volume=watchforcommithandlingtest, creationTime=1567124976977, quotaInBytes=1152921504606846976} | ret=SUCCESS |  
2019-08-30 00:29:37,011 | INFO  | OMAudit | user=jenkins1000 | ip=127.0.0.1 | op=READ_VOLUME {volume=watchforcommithandlingtest} | ret=SUCCESS |  
2019-08-30 00:29:37,019 [main] INFO  rpc.RpcClient (RpcClient.java:createBucket(432)) - Creating Bucket: watchforcommithandlingtest/watchforcommithandlingtest, with Versioning false and Storage Type set to DISK and Encryption set to false 
2019-08-30 00:29:37,035 | INFO  | SCMAudit | user=jenkins1000 | ip=192.168.69.124 | op=SEND_HEARTBEAT {datanodeUUID=172500b1-a982-45b0-97f3-b87b470f702c, command=[]} | ret=SUCCESS |  
2019-08-30 00:29:37,043 | INFO  | OMAudit | user=jenkins1000 | ip=127.0.0.1 | op=CREATE_BUCKET {volume=watchforcommithandlingtest, bucket=watchforcommithandlingtest, acls=[user:jenkins1000:a[ACCESS], group:default:a[ACCESS]], isVersionEnabled=false, storageType=DISK, creationTime=0} | ret=SUCCESS |  
2019-08-30 00:29:37,044 [main] INFO  ozone.MiniOzoneClusterImpl (MiniOzoneClusterImpl.java:getStorageContainerLocationClient(227)) - Creating StorageContainerLocationProtocol RPC client with address /0.0.0.0:37330
2019-08-30 00:29:37,092 [main] INFO  impl.MetricsSystemImpl (MetricsSystemImpl.java:init(158)) - XceiverClientMetrics metrics system started (again)
2019-08-30 00:29:37,104 | INFO  | SCMAudit | user=jenkins1000 | ip=192.168.69.124 | op=SEND_HEARTBEAT {datanodeUUID=4390dbf5-fe85-4d4d-bc44-dfd1f2b7e3b6, command=[]} | ret=SUCCESS |  
2019-08-30 00:29:37,175 | INFO  | SCMAudit | user=jenkins1000 | ip=192.168.69.124 | op=SEND_HEARTBEAT {datanodeUUID=1019a315-1aa9-4af0-89b7-df29ea019370, command=[]} | ret=SUCCESS |  
2019-08-30 00:29:37,683 | INFO  | SCMAudit | user=jenkins1000 | ip=192.168.69.124 | op=SEND_HEARTBEAT {datanodeUUID=d1580c93-e30f-4179-b81b-faa6e700af79, command=[]} | ret=SUCCESS |  
2019-08-30 00:29:37,683 | INFO  | SCMAudit | user=jenkins1000 | ip=192.168.69.124 | op=SEND_HEARTBEAT {datanodeUUID=a12ea28e-4ff8-4509-b8a9-e7419ebd2ad0, command=[]} | ret=SUCCESS |  
2019-08-30 00:29:37,727 [grpc-default-executor-0] INFO  client.GrpcClientProtocolClient (GrpcClientProtocolClient.java:onNext(255)) - client-10FCE9192EF2->a12ea28e-4ff8-4509-b8a9-e7419ebd2ad0: receive RaftClientReply:client-10FCE9192EF2->a12ea28e-4ff8-4509-b8a9-e7419ebd2ad0@group-E323711E83DB, cid=13, FAILED org.apache.ratis.protocol.NotLeaderException: Server a12ea28e-4ff8-4509-b8a9-e7419ebd2ad0 is not the leader (null). Request must be sent to leader., logIndex=0, commits[a12ea28e-4ff8-4509-b8a9-e7419ebd2ad0:c-1]
2019-08-30 00:29:37,880 | INFO  | SCMAudit | user=jenkins1000 | ip=192.168.69.124 | op=SEND_HEARTBEAT {datanodeUUID=278fc07b-1ae0-445c-982e-4fc0a892453b, command=[]} | ret=SUCCESS |  
2019-08-30 00:29:37,933 [Thread-237] INFO  container.ReplicationManager (ReplicationManager.java:start(152)) - Starting Replication Monitor Thread.
2019-08-30 00:29:37,938 [ReplicationMonitor] INFO  container.ReplicationManager (ReplicationManager.java:run(215)) - Replication Monitor Thread took 4 milliseconds for processing 1 containers.
2019-08-30 00:29:37,952 | INFO  | SCMAudit | user=jenkins1000 | ip=192.168.69.124 | op=SEND_HEARTBEAT {datanodeUUID=6d7fd013-1723-4962-9a9c-3b2cdb5e5d89, command=[]} | ret=SUCCESS |  
2019-08-30 00:29:38,035 | INFO  | SCMAudit | user=jenkins1000 | ip=192.168.69.124 | op=SEND_HEARTBEAT {datanodeUUID=172500b1-a982-45b0-97f3-b87b470f702c, command=[]} | ret=SUCCESS |  
2019-08-30 00:29:38,102 | INFO  | SCMAudit | user=jenkins1000 | ip=192.168.69.124 | op=SEND_HEARTBEAT {datanodeUUID=4390dbf5-fe85-4d4d-bc44-dfd1f2b7e3b6, command=[]} | ret=SUCCESS |  
2019-08-30 00:29:38,175 | INFO  | SCMAudit | user=jenkins1000 | ip=192.168.69.124 | op=SEND_HEARTBEAT {datanodeUUID=1019a315-1aa9-4af0-89b7-df29ea019370, command=[]} | ret=SUCCESS |  
2019-08-30 00:29:38,681 | INFO  | SCMAudit | user=jenkins1000 | ip=192.168.69.124 | op=SEND_HEARTBEAT {datanodeUUID=a12ea28e-4ff8-4509-b8a9-e7419ebd2ad0, command=[]} | ret=SUCCESS |  
2019-08-30 00:29:38,681 | INFO  | SCMAudit | user=jenkins1000 | ip=192.168.69.124 | op=SEND_HEARTBEAT {datanodeUUID=d1580c93-e30f-4179-b81b-faa6e700af79, command=[]} | ret=SUCCESS |  
2019-08-30 00:29:38,771 [grpc-default-executor-1] INFO  client.GrpcClientProtocolClient (GrpcClientProtocolClient.java:onNext(255)) - client-10FCE9192EF2->4390dbf5-fe85-4d4d-bc44-dfd1f2b7e3b6: receive RaftClientReply:client-10FCE9192EF2->4390dbf5-fe85-4d4d-bc44-dfd1f2b7e3b6@group-E323711E83DB, cid=13, FAILED org.apache.ratis.protocol.NotLeaderException: Server 4390dbf5-fe85-4d4d-bc44-dfd1f2b7e3b6 is not the leader (null). Request must be sent to leader., logIndex=0, commits[4390dbf5-fe85-4d4d-bc44-dfd1f2b7e3b6:c-1]
2019-08-30 00:29:38,880 | INFO  | SCMAudit | user=jenkins1000 | ip=192.168.69.124 | op=SEND_HEARTBEAT {datanodeUUID=278fc07b-1ae0-445c-982e-4fc0a892453b, command=[]} | ret=SUCCESS |  
2019-08-30 00:29:38,954 | INFO  | SCMAudit | user=jenkins1000 | ip=192.168.69.124 | op=SEND_HEARTBEAT {datanodeUUID=6d7fd013-1723-4962-9a9c-3b2cdb5e5d89, command=[]} | ret=SUCCESS |  
2019-08-30 00:29:39,035 | INFO  | SCMAudit | user=jenkins1000 | ip=192.168.69.124 | op=SEND_HEARTBEAT {datanodeUUID=172500b1-a982-45b0-97f3-b87b470f702c, command=[]} | ret=SUCCESS |  
2019-08-30 00:29:39,102 | INFO  | SCMAudit | user=jenkins1000 | ip=192.168.69.124 | op=SEND_HEARTBEAT {datanodeUUID=4390dbf5-fe85-4d4d-bc44-dfd1f2b7e3b6, command=[]} | ret=SUCCESS |  
2019-08-30 00:29:39,174 | INFO  | SCMAudit | user=jenkins1000 | ip=192.168.69.124 | op=SEND_HEARTBEAT {datanodeUUID=1019a315-1aa9-4af0-89b7-df29ea019370, command=[]} | ret=SUCCESS |  
2019-08-30 00:29:39,693 | INFO  | SCMAudit | user=jenkins1000 | ip=192.168.69.124 | op=SEND_HEARTBEAT {datanodeUUID=a12ea28e-4ff8-4509-b8a9-e7419ebd2ad0, command=[]} | ret=SUCCESS |  
2019-08-30 00:29:39,693 | INFO  | SCMAudit | user=jenkins1000 | ip=192.168.69.124 | op=SEND_HEARTBEAT {datanodeUUID=d1580c93-e30f-4179-b81b-faa6e700af79, command=[]} | ret=SUCCESS |  
2019-08-30 00:29:39,809 [grpc-default-executor-1] INFO  client.GrpcClientProtocolClient (GrpcClientProtocolClient.java:onNext(255)) - client-10FCE9192EF2->d1580c93-e30f-4179-b81b-faa6e700af79: receive RaftClientReply:client-10FCE9192EF2->d1580c93-e30f-4179-b81b-faa6e700af79@group-E323711E83DB, cid=13, FAILED org.apache.ratis.protocol.NotLeaderException: Server d1580c93-e30f-4179-b81b-faa6e700af79 is not the leader (null). Request must be sent to leader., logIndex=0, commits[d1580c93-e30f-4179-b81b-faa6e700af79:c-1]
2019-08-30 00:29:39,878 | INFO  | SCMAudit | user=jenkins1000 | ip=192.168.69.124 | op=SEND_HEARTBEAT {datanodeUUID=278fc07b-1ae0-445c-982e-4fc0a892453b, command=[]} | ret=SUCCESS |  
2019-08-30 00:29:39,951 | INFO  | SCMAudit | user=jenkins1000 | ip=192.168.69.124 | op=SEND_HEARTBEAT {datanodeUUID=6d7fd013-1723-4962-9a9c-3b2cdb5e5d89, command=[]} | ret=SUCCESS |  
2019-08-30 00:29:40,033 | INFO  | SCMAudit | user=jenkins1000 | ip=192.168.69.124 | op=SEND_HEARTBEAT {datanodeUUID=172500b1-a982-45b0-97f3-b87b470f702c, command=[]} | ret=SUCCESS |  
2019-08-30 00:29:40,101 | INFO  | SCMAudit | user=jenkins1000 | ip=192.168.69.124 | op=SEND_HEARTBEAT {datanodeUUID=4390dbf5-fe85-4d4d-bc44-dfd1f2b7e3b6, command=[]} | ret=SUCCESS |  
2019-08-30 00:29:40,174 | INFO  | SCMAudit | user=jenkins1000 | ip=192.168.69.124 | op=SEND_HEARTBEAT {datanodeUUID=1019a315-1aa9-4af0-89b7-df29ea019370, command=[]} | ret=SUCCESS |  
2019-08-30 00:29:40,677 | INFO  | SCMAudit | user=jenkins1000 | ip=192.168.69.124 | op=SEND_HEARTBEAT {datanodeUUID=a12ea28e-4ff8-4509-b8a9-e7419ebd2ad0, command=[]} | ret=SUCCESS |  
2019-08-30 00:29:40,677 | INFO  | SCMAudit | user=jenkins1000 | ip=192.168.69.124 | op=SEND_HEARTBEAT {datanodeUUID=d1580c93-e30f-4179-b81b-faa6e700af79, command=[]} | ret=SUCCESS |  
2019-08-30 00:29:40,699 [Thread-239] INFO  impl.FollowerState (FollowerState.java:run(106)) - 278fc07b-1ae0-445c-982e-4fc0a892453b:group-F25FC5708AF4 changes to CANDIDATE, lastRpcTime:5010, electionTimeout:5010ms
2019-08-30 00:29:40,703 [Thread-239] INFO  impl.RoleInfo (RoleInfo.java:shutdownFollowerState(121)) - 278fc07b-1ae0-445c-982e-4fc0a892453b: shutdown FollowerState
2019-08-30 00:29:40,703 [Thread-239] INFO  impl.RaftServerImpl (RaftServerImpl.java:setRole(171)) - 278fc07b-1ae0-445c-982e-4fc0a892453b:group-F25FC5708AF4 changes role from FOLLOWER to CANDIDATE at term 0 for changeToCandidate
2019-08-30 00:29:40,710 [Thread-239] INFO  impl.RoleInfo (RoleInfo.java:updateAndGet(143)) - 278fc07b-1ae0-445c-982e-4fc0a892453b: start LeaderElection
2019-08-30 00:29:40,743 [278fc07b-1ae0-445c-982e-4fc0a892453b:group-F25FC5708AF4:LeaderElection1] INFO  impl.LeaderElection (LeaderElection.java:askForVotes(181)) - 278fc07b-1ae0-445c-982e-4fc0a892453b:group-F25FC5708AF4:LeaderElection1: begin an election at term 1 for -1: [278fc07b-1ae0-445c-982e-4fc0a892453b:192.168.69.124:44576], old=null
2019-08-30 00:29:40,746 [278fc07b-1ae0-445c-982e-4fc0a892453b:group-F25FC5708AF4:LeaderElection1] INFO  impl.RoleInfo (RoleInfo.java:shutdownLeaderElection(134)) - 278fc07b-1ae0-445c-982e-4fc0a892453b: shutdown LeaderElection
2019-08-30 00:29:40,746 [278fc07b-1ae0-445c-982e-4fc0a892453b:group-F25FC5708AF4:LeaderElection1] INFO  impl.RaftServerImpl (RaftServerImpl.java:setRole(171)) - 278fc07b-1ae0-445c-982e-4fc0a892453b:group-F25FC5708AF4 changes role from CANDIDATE to LEADER at term 1 for changeToLeader
2019-08-30 00:29:40,747 [278fc07b-1ae0-445c-982e-4fc0a892453b:group-F25FC5708AF4:LeaderElection1] INFO  impl.RaftServerImpl (ServerState.java:setLeader(263)) - 278fc07b-1ae0-445c-982e-4fc0a892453b:group-F25FC5708AF4 change Leader from null to 278fc07b-1ae0-445c-982e-4fc0a892453b at term 1 for becomeLeader, leader elected after 5139ms
2019-08-30 00:29:40,755 [278fc07b-1ae0-445c-982e-4fc0a892453b:group-F25FC5708AF4:LeaderElection1] INFO  server.RaftServerConfigKeys (ConfUtils.java:logGet(43)) - raft.server.staging.catchup.gap = 1000 (default)
2019-08-30 00:29:40,755 [278fc07b-1ae0-445c-982e-4fc0a892453b:group-F25FC5708AF4:LeaderElection1] INFO  server.RaftServerConfigKeys (ConfUtils.java:logGet(43)) - raft.server.rpc.sleep.time = 25ms (default)
2019-08-30 00:29:40,759 [278fc07b-1ae0-445c-982e-4fc0a892453b:group-F25FC5708AF4:LeaderElection1] INFO  server.RaftServerConfigKeys (ConfUtils.java:logGet(43)) - raft.server.write.element-limit = 4096 (default)
2019-08-30 00:29:40,761 [278fc07b-1ae0-445c-982e-4fc0a892453b:group-F25FC5708AF4:LeaderElection1] INFO  server.RaftServerConfigKeys (ConfUtils.java:logGet(43)) - raft.server.watch.timeout = 10s (default)
2019-08-30 00:29:40,761 [278fc07b-1ae0-445c-982e-4fc0a892453b:group-F25FC5708AF4:LeaderElection1] INFO  server.RaftServerConfigKeys (ConfUtils.java:logGet(43)) - raft.server.watch.timeout.denomination = 1s (default)
2019-08-30 00:29:40,762 [278fc07b-1ae0-445c-982e-4fc0a892453b:group-F25FC5708AF4:LeaderElection1] INFO  server.RaftServerConfigKeys (ConfUtils.java:logGet(43)) - raft.server.watch.element-limit = 65536 (default)
2019-08-30 00:29:40,771 [278fc07b-1ae0-445c-982e-4fc0a892453b:group-F25FC5708AF4:LeaderElection1] INFO  impl.RoleInfo (RoleInfo.java:updateAndGet(143)) - 278fc07b-1ae0-445c-982e-4fc0a892453b: start LeaderState
2019-08-30 00:29:40,793 [278fc07b-1ae0-445c-982e-4fc0a892453b:group-F25FC5708AF4:LeaderElection1] INFO  segmented.SegmentedRaftLogWorker (SegmentedRaftLogWorker.java:startLogSegment(380)) - 278fc07b-1ae0-445c-982e-4fc0a892453b-SegmentedRaftLogWorker:Storage Directory /workdir/hadoop-ozone/integration-test/target/test-dir/MiniOzoneClusterImpl-8399914c-1e04-4a2d-86b1-d53ee4911094/datanode-0/data/ratis/a3e605c7-b01f-42f4-9b57-f25fc5708af4: Starting segment from index:0
2019-08-30 00:29:40,801 [278fc07b-1ae0-445c-982e-4fc0a892453b:group-F25FC5708AF4:LeaderElection1] INFO  impl.RaftServerImpl (ServerState.java:setRaftConf(361)) - 278fc07b-1ae0-445c-982e-4fc0a892453b:group-F25FC5708AF4 set configuration 0: [278fc07b-1ae0-445c-982e-4fc0a892453b:192.168.69.124:44576], old=null at 0
2019-08-30 00:29:40,830 [grpc-default-executor-0] INFO  client.GrpcClientProtocolClient (GrpcClientProtocolClient.java:onNext(255)) - client-10FCE9192EF2->a12ea28e-4ff8-4509-b8a9-e7419ebd2ad0: receive RaftClientReply:client-10FCE9192EF2->a12ea28e-4ff8-4509-b8a9-e7419ebd2ad0@group-E323711E83DB, cid=13, FAILED org.apache.ratis.protocol.NotLeaderException: Server a12ea28e-4ff8-4509-b8a9-e7419ebd2ad0 is not the leader (null). Request must be sent to leader., logIndex=0, commits[a12ea28e-4ff8-4509-b8a9-e7419ebd2ad0:c-1]
2019-08-30 00:29:40,879 | INFO  | SCMAudit | user=jenkins1000 | ip=192.168.69.124 | op=SEND_HEARTBEAT {datanodeUUID=278fc07b-1ae0-445c-982e-4fc0a892453b, command=[]} | ret=SUCCESS |  
2019-08-30 00:29:40,951 | INFO  | SCMAudit | user=jenkins1000 | ip=192.168.69.124 | op=SEND_HEARTBEAT {datanodeUUID=6d7fd013-1723-4962-9a9c-3b2cdb5e5d89, command=[]} | ret=SUCCESS |  
2019-08-30 00:29:41,033 | INFO  | SCMAudit | user=jenkins1000 | ip=192.168.69.124 | op=SEND_HEARTBEAT {datanodeUUID=172500b1-a982-45b0-97f3-b87b470f702c, command=[]} | ret=SUCCESS |  
2019-08-30 00:29:41,037 [Thread-245] INFO  impl.FollowerState (FollowerState.java:run(106)) - 4390dbf5-fe85-4d4d-bc44-dfd1f2b7e3b6:group-8AE33CF89F38 changes to CANDIDATE, lastRpcTime:5040, electionTimeout:5040ms
2019-08-30 00:29:41,040 [Thread-245] INFO  impl.RoleInfo (RoleInfo.java:shutdownFollowerState(121)) - 4390dbf5-fe85-4d4d-bc44-dfd1f2b7e3b6: shutdown FollowerState
2019-08-30 00:29:41,041 [Thread-245] INFO  impl.RaftServerImpl (RaftServerImpl.java:setRole(171)) - 4390dbf5-fe85-4d4d-bc44-dfd1f2b7e3b6:group-8AE33CF89F38 changes role from FOLLOWER to CANDIDATE at term 0 for changeToCandidate
2019-08-30 00:29:41,041 [Thread-245] INFO  impl.RoleInfo (RoleInfo.java:updateAndGet(143)) - 4390dbf5-fe85-4d4d-bc44-dfd1f2b7e3b6: start LeaderElection
2019-08-30 00:29:41,060 [Thread-242] INFO  impl.FollowerState (FollowerState.java:run(106)) - a12ea28e-4ff8-4509-b8a9-e7419ebd2ad0:group-491435D9E7C4 changes to CANDIDATE, lastRpcTime:5166, electionTimeout:5164ms
2019-08-30 00:29:41,062 [Thread-242] INFO  impl.RoleInfo (RoleInfo.java:shutdownFollowerState(121)) - a12ea28e-4ff8-4509-b8a9-e7419ebd2ad0: shutdown FollowerState
2019-08-30 00:29:41,062 [Thread-242] INFO  impl.RaftServerImpl (RaftServerImpl.java:setRole(171)) - a12ea28e-4ff8-4509-b8a9-e7419ebd2ad0:group-491435D9E7C4 changes role from FOLLOWER to CANDIDATE at term 0 for changeToCandidate
2019-08-30 00:29:41,062 [Thread-242] INFO  impl.RoleInfo (RoleInfo.java:updateAndGet(143)) - a12ea28e-4ff8-4509-b8a9-e7419ebd2ad0: start LeaderElection
2019-08-30 00:29:41,069 [278fc07b-1ae0-445c-982e-4fc0a892453b-SegmentedRaftLogWorker:Storage Directory /workdir/hadoop-ozone/integration-test/target/test-dir/MiniOzoneClusterImpl-8399914c-1e04-4a2d-86b1-d53ee4911094/datanode-0/data/ratis/a3e605c7-b01f-42f4-9b57-f25fc5708af4] INFO  segmented.SegmentedRaftLogWorker (SegmentedRaftLogWorker.java:execute(569)) - 278fc07b-1ae0-445c-982e-4fc0a892453b-SegmentedRaftLogWorker:Storage Directory /workdir/hadoop-ozone/integration-test/target/test-dir/MiniOzoneClusterImpl-8399914c-1e04-4a2d-86b1-d53ee4911094/datanode-0/data/ratis/a3e605c7-b01f-42f4-9b57-f25fc5708af4: created new log segment /workdir/hadoop-ozone/integration-test/target/test-dir/MiniOzoneClusterImpl-8399914c-1e04-4a2d-86b1-d53ee4911094/datanode-0/data/ratis/a3e605c7-b01f-42f4-9b57-f25fc5708af4/current/log_inprogress_0
2019-08-30 00:29:41,069 [4390dbf5-fe85-4d4d-bc44-dfd1f2b7e3b6:group-8AE33CF89F38:LeaderElection2] INFO  impl.LeaderElection (LeaderElection.java:askForVotes(181)) - 4390dbf5-fe85-4d4d-bc44-dfd1f2b7e3b6:group-8AE33CF89F38:LeaderElection2: begin an election at term 1 for -1: [4390dbf5-fe85-4d4d-bc44-dfd1f2b7e3b6:192.168.69.124:39112], old=null
2019-08-30 00:29:41,071 [4390dbf5-fe85-4d4d-bc44-dfd1f2b7e3b6:group-8AE33CF89F38:LeaderElection2] INFO  impl.RoleInfo (RoleInfo.java:shutdownLeaderElection(134)) - 4390dbf5-fe85-4d4d-bc44-dfd1f2b7e3b6: shutdown LeaderElection
2019-08-30 00:29:41,071 [4390dbf5-fe85-4d4d-bc44-dfd1f2b7e3b6:group-8AE33CF89F38:LeaderElection2] INFO  impl.RaftServerImpl (RaftServerImpl.java:setRole(171)) - 4390dbf5-fe85-4d4d-bc44-dfd1f2b7e3b6:group-8AE33CF89F38 changes role from CANDIDATE to LEADER at term 1 for changeToLeader
2019-08-30 00:29:41,072 [4390dbf5-fe85-4d4d-bc44-dfd1f2b7e3b6:group-8AE33CF89F38:LeaderElection2] INFO  impl.RaftServerImpl (ServerState.java:setLeader(263)) - 4390dbf5-fe85-4d4d-bc44-dfd1f2b7e3b6:group-8AE33CF89F38 change Leader from null to 4390dbf5-fe85-4d4d-bc44-dfd1f2b7e3b6 at term 1 for becomeLeader, leader elected after 5081ms
2019-08-30 00:29:41,074 [4390dbf5-fe85-4d4d-bc44-dfd1f2b7e3b6:group-8AE33CF89F38:LeaderElection2] INFO  server.RaftServerConfigKeys (ConfUtils.java:logGet(43)) - raft.server.staging.catchup.gap = 1000 (default)
2019-08-30 00:29:41,074 [4390dbf5-fe85-4d4d-bc44-dfd1f2b7e3b6:group-8AE33CF89F38:LeaderElection2] INFO  server.RaftServerConfigKeys (ConfUtils.java:logGet(43)) - raft.server.rpc.sleep.time = 25ms (default)
2019-08-30 00:29:41,074 [4390dbf5-fe85-4d4d-bc44-dfd1f2b7e3b6:group-8AE33CF89F38:LeaderElection2] INFO  server.RaftServerConfigKeys (ConfUtils.java:logGet(43)) - raft.server.write.element-limit = 4096 (default)
2019-08-30 00:29:41,075 [4390dbf5-fe85-4d4d-bc44-dfd1f2b7e3b6:group-8AE33CF89F38:LeaderElection2] INFO  server.RaftServerConfigKeys (ConfUtils.java:logGet(43)) - raft.server.watch.timeout = 10s (default)
2019-08-30 00:29:41,075 [4390dbf5-fe85-4d4d-bc44-dfd1f2b7e3b6:group-8AE33CF89F38:LeaderElection2] INFO  server.RaftServerConfigKeys (ConfUtils.java:logGet(43)) - raft.server.watch.timeout.denomination = 1s (default)
2019-08-30 00:29:41,075 [4390dbf5-fe85-4d4d-bc44-dfd1f2b7e3b6:group-8AE33CF89F38:LeaderElection2] INFO  server.RaftServerConfigKeys (ConfUtils.java:logGet(43)) - raft.server.watch.element-limit = 65536 (default)
2019-08-30 00:29:41,075 [4390dbf5-fe85-4d4d-bc44-dfd1f2b7e3b6:group-8AE33CF89F38:LeaderElection2] INFO  impl.RoleInfo (RoleInfo.java:updateAndGet(143)) - 4390dbf5-fe85-4d4d-bc44-dfd1f2b7e3b6: start LeaderState
2019-08-30 00:29:41,076 [4390dbf5-fe85-4d4d-bc44-dfd1f2b7e3b6:group-8AE33CF89F38:LeaderElection2] INFO  segmented.SegmentedRaftLogWorker (SegmentedRaftLogWorker.java:startLogSegment(380)) - 4390dbf5-fe85-4d4d-bc44-dfd1f2b7e3b6-SegmentedRaftLogWorker:Storage Directory /workdir/hadoop-ozone/integration-test/target/test-dir/MiniOzoneClusterImpl-8399914c-1e04-4a2d-86b1-d53ee4911094/datanode-3/data/ratis/f8166225-ac0e-423a-b1eb-8ae33cf89f38: Starting segment from index:0
2019-08-30 00:29:41,076 [4390dbf5-fe85-4d4d-bc44-dfd1f2b7e3b6:group-8AE33CF89F38:LeaderElection2] INFO  impl.RaftServerImpl (ServerState.java:setRaftConf(361)) - 4390dbf5-fe85-4d4d-bc44-dfd1f2b7e3b6:group-8AE33CF89F38 set configuration 0: [4390dbf5-fe85-4d4d-bc44-dfd1f2b7e3b6:192.168.69.124:39112], old=null at 0
2019-08-30 00:29:41,117 [a12ea28e-4ff8-4509-b8a9-e7419ebd2ad0:group-491435D9E7C4:LeaderElection3] INFO  impl.LeaderElection (LeaderElection.java:askForVotes(181)) - a12ea28e-4ff8-4509-b8a9-e7419ebd2ad0:group-491435D9E7C4:LeaderElection3: begin an election at term 1 for -1: [a12ea28e-4ff8-4509-b8a9-e7419ebd2ad0:192.168.69.124:34070], old=null
2019-08-30 00:29:41,132 [a12ea28e-4ff8-4509-b8a9-e7419ebd2ad0:group-491435D9E7C4:LeaderElection3] INFO  impl.RoleInfo (RoleInfo.java:shutdownLeaderElection(134)) - a12ea28e-4ff8-4509-b8a9-e7419ebd2ad0: shutdown LeaderElection
2019-08-30 00:29:41,132 [a12ea28e-4ff8-4509-b8a9-e7419ebd2ad0:group-491435D9E7C4:LeaderElection3] INFO  impl.RaftServerImpl (RaftServerImpl.java:setRole(171)) - a12ea28e-4ff8-4509-b8a9-e7419ebd2ad0:group-491435D9E7C4 changes role from CANDIDATE to LEADER at term 1 for changeToLeader
2019-08-30 00:29:41,132 [a12ea28e-4ff8-4509-b8a9-e7419ebd2ad0:group-491435D9E7C4:LeaderElection3] INFO  impl.RaftServerImpl (ServerState.java:setLeader(263)) - a12ea28e-4ff8-4509-b8a9-e7419ebd2ad0:group-491435D9E7C4 change Leader from null to a12ea28e-4ff8-4509-b8a9-e7419ebd2ad0 at term 1 for becomeLeader, leader elected after 5248ms
2019-08-30 00:29:41,136 [a12ea28e-4ff8-4509-b8a9-e7419ebd2ad0:group-491435D9E7C4:LeaderElection3] INFO  server.RaftServerConfigKeys (ConfUtils.java:logGet(43)) - raft.server.staging.catchup.gap = 1000 (default)
2019-08-30 00:29:41,136 [a12ea28e-4ff8-4509-b8a9-e7419ebd2ad0:group-491435D9E7C4:LeaderElection3] INFO  server.RaftServerConfigKeys (ConfUtils.java:logGet(43)) - raft.server.rpc.sleep.time = 25ms (default)
2019-08-30 00:29:41,136 [a12ea28e-4ff8-4509-b8a9-e7419ebd2ad0:group-491435D9E7C4:LeaderElection3] INFO  server.RaftServerConfigKeys (ConfUtils.java:logGet(43)) - raft.server.write.element-limit = 4096 (default)
2019-08-30 00:29:41,137 [a12ea28e-4ff8-4509-b8a9-e7419ebd2ad0:group-491435D9E7C4:LeaderElection3] INFO  server.RaftServerConfigKeys (ConfUtils.java:logGet(43)) - raft.server.watch.timeout = 10s (default)
2019-08-30 00:29:41,137 [a12ea28e-4ff8-4509-b8a9-e7419ebd2ad0:group-491435D9E7C4:LeaderElection3] INFO  server.RaftServerConfigKeys (ConfUtils.java:logGet(43)) - raft.server.watch.timeout.denomination = 1s (default)
2019-08-30 00:29:41,137 [a12ea28e-4ff8-4509-b8a9-e7419ebd2ad0:group-491435D9E7C4:LeaderElection3] INFO  server.RaftServerConfigKeys (ConfUtils.java:logGet(43)) - raft.server.watch.element-limit = 65536 (default)
2019-08-30 00:29:41,137 | INFO  | SCMAudit | user=jenkins1000 | ip=192.168.69.124 | op=SEND_HEARTBEAT {datanodeUUID=4390dbf5-fe85-4d4d-bc44-dfd1f2b7e3b6, command=[]} | ret=SUCCESS |  
2019-08-30 00:29:41,137 [a12ea28e-4ff8-4509-b8a9-e7419ebd2ad0:group-491435D9E7C4:LeaderElection3] INFO  impl.RoleInfo (RoleInfo.java:updateAndGet(143)) - a12ea28e-4ff8-4509-b8a9-e7419ebd2ad0: start LeaderState
2019-08-30 00:29:41,138 [a12ea28e-4ff8-4509-b8a9-e7419ebd2ad0:group-491435D9E7C4:LeaderElection3] INFO  segmented.SegmentedRaftLogWorker (SegmentedRaftLogWorker.java:startLogSegment(380)) - a12ea28e-4ff8-4509-b8a9-e7419ebd2ad0-SegmentedRaftLogWorker:Storage Directory /workdir/hadoop-ozone/integration-test/target/test-dir/MiniOzoneClusterImpl-8399914c-1e04-4a2d-86b1-d53ee4911094/datanode-5/data/ratis/068a17d9-46c2-4c92-9957-491435d9e7c4: Starting segment from index:0
2019-08-30 00:29:41,139 [a12ea28e-4ff8-4509-b8a9-e7419ebd2ad0:group-491435D9E7C4:LeaderElection3] INFO  impl.RaftServerImpl (ServerState.java:setRaftConf(361)) - a12ea28e-4ff8-4509-b8a9-e7419ebd2ad0:group-491435D9E7C4 set configuration 0: [a12ea28e-4ff8-4509-b8a9-e7419ebd2ad0:192.168.69.124:34070], old=null at 0
2019-08-30 00:29:41,179 [4390dbf5-fe85-4d4d-bc44-dfd1f2b7e3b6-SegmentedRaftLogWorker:Storage Directory /workdir/hadoop-ozone/integration-test/target/test-dir/MiniOzoneClusterImpl-8399914c-1e04-4a2d-86b1-d53ee4911094/datanode-3/data/ratis/f8166225-ac0e-423a-b1eb-8ae33cf89f38] INFO  segmented.SegmentedRaftLogWorker (SegmentedRaftLogWorker.java:execute(569)) - 4390dbf5-fe85-4d4d-bc44-dfd1f2b7e3b6-SegmentedRaftLogWorker:Storage Directory /workdir/hadoop-ozone/integration-test/target/test-dir/MiniOzoneClusterImpl-8399914c-1e04-4a2d-86b1-d53ee4911094/datanode-3/data/ratis/f8166225-ac0e-423a-b1eb-8ae33cf89f38: created new log segment /workdir/hadoop-ozone/integration-test/target/test-dir/MiniOzoneClusterImpl-8399914c-1e04-4a2d-86b1-d53ee4911094/datanode-3/data/ratis/f8166225-ac0e-423a-b1eb-8ae33cf89f38/current/log_inprogress_0
2019-08-30 00:29:41,183 | INFO  | SCMAudit | user=jenkins1000 | ip=192.168.69.124 | op=SEND_HEARTBEAT {datanodeUUID=1019a315-1aa9-4af0-89b7-df29ea019370, command=[]} | ret=SUCCESS |  
2019-08-30 00:29:41,201 [Thread-248] INFO  impl.FollowerState (FollowerState.java:run(106)) - d1580c93-e30f-4179-b81b-faa6e700af79:group-7DEC7CF69AAF changes to CANDIDATE, lastRpcTime:5121, electionTimeout:5121ms
2019-08-30 00:29:41,201 [Thread-248] INFO  impl.RoleInfo (RoleInfo.java:shutdownFollowerState(121)) - d1580c93-e30f-4179-b81b-faa6e700af79: shutdown FollowerState
2019-08-30 00:29:41,201 [Thread-248] INFO  impl.RaftServerImpl (RaftServerImpl.java:setRole(171)) - d1580c93-e30f-4179-b81b-faa6e700af79:group-7DEC7CF69AAF changes role from FOLLOWER to CANDIDATE at term 0 for changeToCandidate
2019-08-30 00:29:41,201 [Thread-248] INFO  impl.RoleInfo (RoleInfo.java:updateAndGet(143)) - d1580c93-e30f-4179-b81b-faa6e700af79: start LeaderElection
2019-08-30 00:29:41,202 [a12ea28e-4ff8-4509-b8a9-e7419ebd2ad0-SegmentedRaftLogWorker:Storage Directory /workdir/hadoop-ozone/integration-test/target/test-dir/MiniOzoneClusterImpl-8399914c-1e04-4a2d-86b1-d53ee4911094/datanode-5/data/ratis/068a17d9-46c2-4c92-9957-491435d9e7c4] INFO  segmented.SegmentedRaftLogWorker (SegmentedRaftLogWorker.java:execute(569)) - a12ea28e-4ff8-4509-b8a9-e7419ebd2ad0-SegmentedRaftLogWorker:Storage Directory /workdir/hadoop-ozone/integration-test/target/test-dir/MiniOzoneClusterImpl-8399914c-1e04-4a2d-86b1-d53ee4911094/datanode-5/data/ratis/068a17d9-46c2-4c92-9957-491435d9e7c4: created new log segment /workdir/hadoop-ozone/integration-test/target/test-dir/MiniOzoneClusterImpl-8399914c-1e04-4a2d-86b1-d53ee4911094/datanode-5/data/ratis/068a17d9-46c2-4c92-9957-491435d9e7c4/current/log_inprogress_0
2019-08-30 00:29:41,227 [Thread-251] INFO  impl.FollowerState (FollowerState.java:run(106)) - 6d7fd013-1723-4962-9a9c-3b2cdb5e5d89:group-5F65EA356EAF changes to CANDIDATE, lastRpcTime:5063, electionTimeout:5063ms
2019-08-30 00:29:41,227 [Thread-251] INFO  impl.RoleInfo (RoleInfo.java:shutdownFollowerState(121)) - 6d7fd013-1723-4962-9a9c-3b2cdb5e5d89: shutdown FollowerState
2019-08-30 00:29:41,228 [Thread-251] INFO  impl.RaftServerImpl (RaftServerImpl.java:setRole(171)) - 6d7fd013-1723-4962-9a9c-3b2cdb5e5d89:group-5F65EA356EAF changes role from FOLLOWER to CANDIDATE at term 0 for changeToCandidate
2019-08-30 00:29:41,228 [Thread-251] INFO  impl.RoleInfo (RoleInfo.java:updateAndGet(143)) - 6d7fd013-1723-4962-9a9c-3b2cdb5e5d89: start LeaderElection
2019-08-30 00:29:41,234 [d1580c93-e30f-4179-b81b-faa6e700af79:group-7DEC7CF69AAF:LeaderElection4] INFO  impl.LeaderElection (LeaderElection.java:askForVotes(181)) - d1580c93-e30f-4179-b81b-faa6e700af79:group-7DEC7CF69AAF:LeaderElection4: begin an election at term 1 for -1: [d1580c93-e30f-4179-b81b-faa6e700af79:192.168.69.124:35419], old=null
2019-08-30 00:29:41,237 [d1580c93-e30f-4179-b81b-faa6e700af79:group-7DEC7CF69AAF:LeaderElection4] INFO  impl.RoleInfo (RoleInfo.java:shutdownLeaderElection(134)) - d1580c93-e30f-4179-b81b-faa6e700af79: shutdown LeaderElection
2019-08-30 00:29:41,237 [d1580c93-e30f-4179-b81b-faa6e700af79:group-7DEC7CF69AAF:LeaderElection4] INFO  impl.RaftServerImpl (RaftServerImpl.java:setRole(171)) - d1580c93-e30f-4179-b81b-faa6e700af79:group-7DEC7CF69AAF changes role from CANDIDATE to LEADER at term 1 for changeToLeader
2019-08-30 00:29:41,237 [d1580c93-e30f-4179-b81b-faa6e700af79:group-7DEC7CF69AAF:LeaderElection4] INFO  impl.RaftServerImpl (ServerState.java:setLeader(263)) - d1580c93-e30f-4179-b81b-faa6e700af79:group-7DEC7CF69AAF change Leader from null to d1580c93-e30f-4179-b81b-faa6e700af79 at term 1 for becomeLeader, leader elected after 5163ms
2019-08-30 00:29:41,240 [d1580c93-e30f-4179-b81b-faa6e700af79:group-7DEC7CF69AAF:LeaderElection4] INFO  server.RaftServerConfigKeys (ConfUtils.java:logGet(43)) - raft.server.staging.catchup.gap = 1000 (default)
2019-08-30 00:29:41,240 [d1580c93-e30f-4179-b81b-faa6e700af79:group-7DEC7CF69AAF:LeaderElection4] INFO  server.RaftServerConfigKeys (ConfUtils.java:logGet(43)) - raft.server.rpc.sleep.time = 25ms (default)
2019-08-30 00:29:41,240 [d1580c93-e30f-4179-b81b-faa6e700af79:group-7DEC7CF69AAF:LeaderElection4] INFO  server.RaftServerConfigKeys (ConfUtils.java:logGet(43)) - raft.server.write.element-limit = 4096 (default)
2019-08-30 00:29:41,240 [d1580c93-e30f-4179-b81b-faa6e700af79:group-7DEC7CF69AAF:LeaderElection4] INFO  server.RaftServerConfigKeys (ConfUtils.java:logGet(43)) - raft.server.watch.timeout = 10s (default)
2019-08-30 00:29:41,241 [d1580c93-e30f-4179-b81b-faa6e700af79:group-7DEC7CF69AAF:LeaderElection4] INFO  server.RaftServerConfigKeys (ConfUtils.java:logGet(43)) - raft.server.watch.timeout.denomination = 1s (default)
2019-08-30 00:29:41,241 [d1580c93-e30f-4179-b81b-faa6e700af79:group-7DEC7CF69AAF:LeaderElection4] INFO  server.RaftServerConfigKeys (ConfUtils.java:logGet(43)) - raft.server.watch.element-limit = 65536 (default)
2019-08-30 00:29:41,241 [d1580c93-e30f-4179-b81b-faa6e700af79:group-7DEC7CF69AAF:LeaderElection4] INFO  impl.RoleInfo (RoleInfo.java:updateAndGet(143)) - d1580c93-e30f-4179-b81b-faa6e700af79: start LeaderState
2019-08-30 00:29:41,242 [d1580c93-e30f-4179-b81b-faa6e700af79:group-7DEC7CF69AAF:LeaderElection4] INFO  segmented.SegmentedRaftLogWorker (SegmentedRaftLogWorker.java:startLogSegment(380)) - d1580c93-e30f-4179-b81b-faa6e700af79-SegmentedRaftLogWorker:Storage Directory /workdir/hadoop-ozone/integration-test/target/test-dir/MiniOzoneClusterImpl-8399914c-1e04-4a2d-86b1-d53ee4911094/datanode-6/data/ratis/f8a6ed91-5367-4885-b911-7dec7cf69aaf: Starting segment from index:0
2019-08-30 00:29:41,242 [d1580c93-e30f-4179-b81b-faa6e700af79:group-7DEC7CF69AAF:LeaderElection4] INFO  impl.RaftServerImpl (ServerState.java:setRaftConf(361)) - d1580c93-e30f-4179-b81b-faa6e700af79:group-7DEC7CF69AAF set configuration 0: [d1580c93-e30f-4179-b81b-faa6e700af79:192.168.69.124:35419], old=null at 0
2019-08-30 00:29:41,285 [6d7fd013-1723-4962-9a9c-3b2cdb5e5d89:group-5F65EA356EAF:LeaderElection5] INFO  impl.LeaderElection (LeaderElection.java:askForVotes(181)) - 6d7fd013-1723-4962-9a9c-3b2cdb5e5d89:group-5F65EA356EAF:LeaderElection5: begin an election at term 1 for -1: [6d7fd013-1723-4962-9a9c-3b2cdb5e5d89:192.168.69.124:37333], old=null
2019-08-30 00:29:41,285 [6d7fd013-1723-4962-9a9c-3b2cdb5e5d89:group-5F65EA356EAF:LeaderElection5] INFO  impl.RoleInfo (RoleInfo.java:shutdownLeaderElection(134)) - 6d7fd013-1723-4962-9a9c-3b2cdb5e5d89: shutdown LeaderElection
2019-08-30 00:29:41,286 [6d7fd013-1723-4962-9a9c-3b2cdb5e5d89:group-5F65EA356EAF:LeaderElection5] INFO  impl.RaftServerImpl (RaftServerImpl.java:setRole(171)) - 6d7fd013-1723-4962-9a9c-3b2cdb5e5d89:group-5F65EA356EAF changes role from CANDIDATE to LEADER at term 1 for changeToLeader
2019-08-30 00:29:41,286 [6d7fd013-1723-4962-9a9c-3b2cdb5e5d89:group-5F65EA356EAF:LeaderElection5] INFO  impl.RaftServerImpl (ServerState.java:setLeader(263)) - 6d7fd013-1723-4962-9a9c-3b2cdb5e5d89:group-5F65EA356EAF change Leader from null to 6d7fd013-1723-4962-9a9c-3b2cdb5e5d89 at term 1 for becomeLeader, leader elected after 5127ms
2019-08-30 00:29:41,288 [6d7fd013-1723-4962-9a9c-3b2cdb5e5d89:group-5F65EA356EAF:LeaderElection5] INFO  server.RaftServerConfigKeys (ConfUtils.java:logGet(43)) - raft.server.staging.catchup.gap = 1000 (default)
2019-08-30 00:29:41,288 [6d7fd013-1723-4962-9a9c-3b2cdb5e5d89:group-5F65EA356EAF:LeaderElection5] INFO  server.RaftServerConfigKeys (ConfUtils.java:logGet(43)) - raft.server.rpc.sleep.time = 25ms (default)
2019-08-30 00:29:41,289 [6d7fd013-1723-4962-9a9c-3b2cdb5e5d89:group-5F65EA356EAF:LeaderElection5] INFO  server.RaftServerConfigKeys (ConfUtils.java:logGet(43)) - raft.server.write.element-limit = 4096 (default)
2019-08-30 00:29:41,289 [6d7fd013-1723-4962-9a9c-3b2cdb5e5d89:group-5F65EA356EAF:LeaderElection5] INFO  server.RaftServerConfigKeys (ConfUtils.java:logGet(43)) - raft.server.watch.timeout = 10s (default)
2019-08-30 00:29:41,289 [6d7fd013-1723-4962-9a9c-3b2cdb5e5d89:group-5F65EA356EAF:LeaderElection5] INFO  server.RaftServerConfigKeys (ConfUtils.java:logGet(43)) - raft.server.watch.timeout.denomination = 1s (default)
2019-08-30 00:29:41,289 [6d7fd013-1723-4962-9a9c-3b2cdb5e5d89:group-5F65EA356EAF:LeaderElection5] INFO  server.RaftServerConfigKeys (ConfUtils.java:logGet(43)) - raft.server.watch.element-limit = 65536 (default)
2019-08-30 00:29:41,290 [6d7fd013-1723-4962-9a9c-3b2cdb5e5d89:group-5F65EA356EAF:LeaderElection5] INFO  impl.RoleInfo (RoleInfo.java:updateAndGet(143)) - 6d7fd013-1723-4962-9a9c-3b2cdb5e5d89: start LeaderState
2019-08-30 00:29:41,290 [6d7fd013-1723-4962-9a9c-3b2cdb5e5d89:group-5F65EA356EAF:LeaderElection5] INFO  segmented.SegmentedRaftLogWorker (SegmentedRaftLogWorker.java:startLogSegment(380)) - 6d7fd013-1723-4962-9a9c-3b2cdb5e5d89-SegmentedRaftLogWorker:Storage Directory /workdir/hadoop-ozone/integration-test/target/test-dir/MiniOzoneClusterImpl-8399914c-1e04-4a2d-86b1-d53ee4911094/datanode-1/data/ratis/2a499fb8-cc8b-4129-99b6-5f65ea356eaf: Starting segment from index:0
2019-08-30 00:29:41,291 [6d7fd013-1723-4962-9a9c-3b2cdb5e5d89:group-5F65EA356EAF:LeaderElection5] INFO  impl.RaftServerImpl (ServerState.java:setRaftConf(361)) - 6d7fd013-1723-4962-9a9c-3b2cdb5e5d89:group-5F65EA356EAF set configuration 0: [6d7fd013-1723-4962-9a9c-3b2cdb5e5d89:192.168.69.124:37333], old=null at 0
2019-08-30 00:29:41,333 [d1580c93-e30f-4179-b81b-faa6e700af79-SegmentedRaftLogWorker:Storage Directory /workdir/hadoop-ozone/integration-test/target/test-dir/MiniOzoneClusterImpl-8399914c-1e04-4a2d-86b1-d53ee4911094/datanode-6/data/ratis/f8a6ed91-5367-4885-b911-7dec7cf69aaf] INFO  segmented.SegmentedRaftLogWorker (SegmentedRaftLogWorker.java:execute(569)) - d1580c93-e30f-4179-b81b-faa6e700af79-SegmentedRaftLogWorker:Storage Directory /workdir/hadoop-ozone/integration-test/target/test-dir/MiniOzoneClusterImpl-8399914c-1e04-4a2d-86b1-d53ee4911094/datanode-6/data/ratis/f8a6ed91-5367-4885-b911-7dec7cf69aaf: created new log segment /workdir/hadoop-ozone/integration-test/target/test-dir/MiniOzoneClusterImpl-8399914c-1e04-4a2d-86b1-d53ee4911094/datanode-6/data/ratis/f8a6ed91-5367-4885-b911-7dec7cf69aaf/current/log_inprogress_0
2019-08-30 00:29:41,333 [Thread-254] INFO  impl.FollowerState (FollowerState.java:run(106)) - 1019a315-1aa9-4af0-89b7-df29ea019370:group-40293370875A changes to CANDIDATE, lastRpcTime:5085, electionTimeout:5074ms
2019-08-30 00:29:41,334 [Thread-254] INFO  impl.RoleInfo (RoleInfo.java:shutdownFollowerState(121)) - 1019a315-1aa9-4af0-89b7-df29ea019370: shutdown FollowerState
2019-08-30 00:29:41,334 [Thread-254] INFO  impl.RaftServerImpl (RaftServerImpl.java:setRole(171)) - 1019a315-1aa9-4af0-89b7-df29ea019370:group-40293370875A changes role from FOLLOWER to CANDIDATE at term 0 for changeToCandidate
2019-08-30 00:29:41,334 [Thread-254] INFO  impl.RoleInfo (RoleInfo.java:updateAndGet(143)) - 1019a315-1aa9-4af0-89b7-df29ea019370: start LeaderElection
2019-08-30 00:29:41,358 [6d7fd013-1723-4962-9a9c-3b2cdb5e5d89-SegmentedRaftLogWorker:Storage Directory /workdir/hadoop-ozone/integration-test/target/test-dir/MiniOzoneClusterImpl-8399914c-1e04-4a2d-86b1-d53ee4911094/datanode-1/data/ratis/2a499fb8-cc8b-4129-99b6-5f65ea356eaf] INFO  segmented.SegmentedRaftLogWorker (SegmentedRaftLogWorker.java:execute(569)) - 6d7fd013-1723-4962-9a9c-3b2cdb5e5d89-SegmentedRaftLogWorker:Storage Directory /workdir/hadoop-ozone/integration-test/target/test-dir/MiniOzoneClusterImpl-8399914c-1e04-4a2d-86b1-d53ee4911094/datanode-1/data/ratis/2a499fb8-cc8b-4129-99b6-5f65ea356eaf: created new log segment /workdir/hadoop-ozone/integration-test/target/test-dir/MiniOzoneClusterImpl-8399914c-1e04-4a2d-86b1-d53ee4911094/datanode-1/data/ratis/2a499fb8-cc8b-4129-99b6-5f65ea356eaf/current/log_inprogress_0
2019-08-30 00:29:41,360 [1019a315-1aa9-4af0-89b7-df29ea019370:group-40293370875A:LeaderElection6] INFO  impl.LeaderElection (LeaderElection.java:askForVotes(181)) - 1019a315-1aa9-4af0-89b7-df29ea019370:group-40293370875A:LeaderElection6: begin an election at term 1 for -1: [1019a315-1aa9-4af0-89b7-df29ea019370:192.168.69.124:37964], old=null
2019-08-30 00:29:41,362 [1019a315-1aa9-4af0-89b7-df29ea019370:group-40293370875A:LeaderElection6] INFO  impl.RoleInfo (RoleInfo.java:shutdownLeaderElection(134)) - 1019a315-1aa9-4af0-89b7-df29ea019370: shutdown LeaderElection
2019-08-30 00:29:41,362 [1019a315-1aa9-4af0-89b7-df29ea019370:group-40293370875A:LeaderElection6] INFO  impl.RaftServerImpl (RaftServerImpl.java:setRole(171)) - 1019a315-1aa9-4af0-89b7-df29ea019370:group-40293370875A changes role from CANDIDATE to LEADER at term 1 for changeToLeader
2019-08-30 00:29:41,363 [1019a315-1aa9-4af0-89b7-df29ea019370:group-40293370875A:LeaderElection6] INFO  impl.RaftServerImpl (ServerState.java:setLeader(263)) - 1019a315-1aa9-4af0-89b7-df29ea019370:group-40293370875A change Leader from null to 1019a315-1aa9-4af0-89b7-df29ea019370 at term 1 for becomeLeader, leader elected after 5120ms
2019-08-30 00:29:41,365 [1019a315-1aa9-4af0-89b7-df29ea019370:group-40293370875A:LeaderElection6] INFO  server.RaftServerConfigKeys (ConfUtils.java:logGet(43)) - raft.server.staging.catchup.gap = 1000 (default)
2019-08-30 00:29:41,365 [1019a315-1aa9-4af0-89b7-df29ea019370:group-40293370875A:LeaderElection6] INFO  server.RaftServerConfigKeys (ConfUtils.java:logGet(43)) - raft.server.rpc.sleep.time = 25ms (default)
2019-08-30 00:29:41,365 [1019a315-1aa9-4af0-89b7-df29ea019370:group-40293370875A:LeaderElection6] INFO  server.RaftServerConfigKeys (ConfUtils.java:logGet(43)) - raft.server.write.element-limit = 4096 (default)
2019-08-30 00:29:41,366 [1019a315-1aa9-4af0-89b7-df29ea019370:group-40293370875A:LeaderElection6] INFO  server.RaftServerConfigKeys (ConfUtils.java:logGet(43)) - raft.server.watch.timeout = 10s (default)
2019-08-30 00:29:41,366 [1019a315-1aa9-4af0-89b7-df29ea019370:group-40293370875A:LeaderElection6] INFO  server.RaftServerConfigKeys (ConfUtils.java:logGet(43)) - raft.server.watch.timeout.denomination = 1s (default)
2019-08-30 00:29:41,366 [1019a315-1aa9-4af0-89b7-df29ea019370:group-40293370875A:LeaderElection6] INFO  server.RaftServerConfigKeys (ConfUtils.java:logGet(43)) - raft.server.watch.element-limit = 65536 (default)
2019-08-30 00:29:41,366 [1019a315-1aa9-4af0-89b7-df29ea019370:group-40293370875A:LeaderElection6] INFO  impl.RoleInfo (RoleInfo.java:updateAndGet(143)) - 1019a315-1aa9-4af0-89b7-df29ea019370: start LeaderState
2019-08-30 00:29:41,367 [1019a315-1aa9-4af0-89b7-df29ea019370:group-40293370875A:LeaderElection6] INFO  segmented.SegmentedRaftLogWorker (SegmentedRaftLogWorker.java:startLogSegment(380)) - 1019a315-1aa9-4af0-89b7-df29ea019370-SegmentedRaftLogWorker:Storage Directory /workdir/hadoop-ozone/integration-test/target/test-dir/MiniOzoneClusterImpl-8399914c-1e04-4a2d-86b1-d53ee4911094/datanode-4/data/ratis/05b6c1c8-0a90-46dd-a9c9-40293370875a: Starting segment from index:0
2019-08-30 00:29:41,368 [1019a315-1aa9-4af0-89b7-df29ea019370:group-40293370875A:LeaderElection6] INFO  impl.RaftServerImpl (ServerState.java:setRaftConf(361)) - 1019a315-1aa9-4af0-89b7-df29ea019370:group-40293370875A set configuration 0: [1019a315-1aa9-4af0-89b7-df29ea019370:192.168.69.124:37964], old=null at 0
2019-08-30 00:29:41,434 [1019a315-1aa9-4af0-89b7-df29ea019370-SegmentedRaftLogWorker:Storage Directory /workdir/hadoop-ozone/integration-test/target/test-dir/MiniOzoneClusterImpl-8399914c-1e04-4a2d-86b1-d53ee4911094/datanode-4/data/ratis/05b6c1c8-0a90-46dd-a9c9-40293370875a] INFO  segmented.SegmentedRaftLogWorker (SegmentedRaftLogWorker.java:execute(569)) - 1019a315-1aa9-4af0-89b7-df29ea019370-SegmentedRaftLogWorker:Storage Directory /workdir/hadoop-ozone/integration-test/target/test-dir/MiniOzoneClusterImpl-8399914c-1e04-4a2d-86b1-d53ee4911094/datanode-4/data/ratis/05b6c1c8-0a90-46dd-a9c9-40293370875a: created new log segment /workdir/hadoop-ozone/integration-test/target/test-dir/MiniOzoneClusterImpl-8399914c-1e04-4a2d-86b1-d53ee4911094/datanode-4/data/ratis/05b6c1c8-0a90-46dd-a9c9-40293370875a/current/log_inprogress_0
2019-08-30 00:29:41,485 [Thread-257] INFO  impl.FollowerState (FollowerState.java:run(106)) - 172500b1-a982-45b0-97f3-b87b470f702c:group-A12170F9770D changes to CANDIDATE, lastRpcTime:5161, electionTimeout:5161ms
2019-08-30 00:29:41,486 [Thread-257] INFO  impl.RoleInfo (RoleInfo.java:shutdownFollowerState(121)) - 172500b1-a982-45b0-97f3-b87b470f702c: shutdown FollowerState
2019-08-30 00:29:41,486 [Thread-257] INFO  impl.RaftServerImpl (RaftServerImpl.java:setRole(171)) - 172500b1-a982-45b0-97f3-b87b470f702c:group-A12170F9770D changes role from FOLLOWER to CANDIDATE at term 0 for changeToCandidate
2019-08-30 00:29:41,486 [Thread-257] INFO  impl.RoleInfo (RoleInfo.java:updateAndGet(143)) - 172500b1-a982-45b0-97f3-b87b470f702c: start LeaderElection
2019-08-30 00:29:41,509 [172500b1-a982-45b0-97f3-b87b470f702c:group-A12170F9770D:LeaderElection7] INFO  impl.LeaderElection (LeaderElection.java:askForVotes(181)) - 172500b1-a982-45b0-97f3-b87b470f702c:group-A12170F9770D:LeaderElection7: begin an election at term 1 for -1: [172500b1-a982-45b0-97f3-b87b470f702c:192.168.69.124:44877], old=null
2019-08-30 00:29:41,511 [172500b1-a982-45b0-97f3-b87b470f702c:group-A12170F9770D:LeaderElection7] INFO  impl.RoleInfo (RoleInfo.java:shutdownLeaderElection(134)) - 172500b1-a982-45b0-97f3-b87b470f702c: shutdown LeaderElection
2019-08-30 00:29:41,512 [172500b1-a982-45b0-97f3-b87b470f702c:group-A12170F9770D:LeaderElection7] INFO  impl.RaftServerImpl (RaftServerImpl.java:setRole(171)) - 172500b1-a982-45b0-97f3-b87b470f702c:group-A12170F9770D changes role from CANDIDATE to LEADER at term 1 for changeToLeader
2019-08-30 00:29:41,512 [172500b1-a982-45b0-97f3-b87b470f702c:group-A12170F9770D:LeaderElection7] INFO  impl.RaftServerImpl (ServerState.java:setLeader(263)) - 172500b1-a982-45b0-97f3-b87b470f702c:group-A12170F9770D change Leader from null to 172500b1-a982-45b0-97f3-b87b470f702c at term 1 for becomeLeader, leader elected after 5193ms
2019-08-30 00:29:41,514 [172500b1-a982-45b0-97f3-b87b470f702c:group-A12170F9770D:LeaderElection7] INFO  server.RaftServerConfigKeys (ConfUtils.java:logGet(43)) - raft.server.staging.catchup.gap = 1000 (default)
2019-08-30 00:29:41,514 [172500b1-a982-45b0-97f3-b87b470f702c:group-A12170F9770D:LeaderElection7] INFO  server.RaftServerConfigKeys (ConfUtils.java:logGet(43)) - raft.server.rpc.sleep.time = 25ms (default)
2019-08-30 00:29:41,515 [172500b1-a982-45b0-97f3-b87b470f702c:group-A12170F9770D:LeaderElection7] INFO  server.RaftServerConfigKeys (ConfUtils.java:logGet(43)) - raft.server.write.element-limit = 4096 (default)
2019-08-30 00:29:41,515 [172500b1-a982-45b0-97f3-b87b470f702c:group-A12170F9770D:LeaderElection7] INFO  server.RaftServerConfigKeys (ConfUtils.java:logGet(43)) - raft.server.watch.timeout = 10s (default)
2019-08-30 00:29:41,515 [172500b1-a982-45b0-97f3-b87b470f702c:group-A12170F9770D:LeaderElection7] INFO  server.RaftServerConfigKeys (ConfUtils.java:logGet(43)) - raft.server.watch.timeout.denomination = 1s (default)
2019-08-30 00:29:41,516 [172500b1-a982-45b0-97f3-b87b470f702c:group-A12170F9770D:LeaderElection7] INFO  server.RaftServerConfigKeys (ConfUtils.java:logGet(43)) - raft.server.watch.element-limit = 65536 (default)
2019-08-30 00:29:41,516 [172500b1-a982-45b0-97f3-b87b470f702c:group-A12170F9770D:LeaderElection7] INFO  impl.RoleInfo (RoleInfo.java:updateAndGet(143)) - 172500b1-a982-45b0-97f3-b87b470f702c: start LeaderState
2019-08-30 00:29:41,517 [172500b1-a982-45b0-97f3-b87b470f702c:group-A12170F9770D:LeaderElection7] INFO  segmented.SegmentedRaftLogWorker (SegmentedRaftLogWorker.java:startLogSegment(380)) - 172500b1-a982-45b0-97f3-b87b470f702c-SegmentedRaftLogWorker:Storage Directory /workdir/hadoop-ozone/integration-test/target/test-dir/MiniOzoneClusterImpl-8399914c-1e04-4a2d-86b1-d53ee4911094/datanode-2/data/ratis/689b8efe-766d-4b42-8a8e-a12170f9770d: Starting segment from index:0
2019-08-30 00:29:41,517 [Thread-261] INFO  impl.FollowerState (FollowerState.java:run(106)) - 4390dbf5-fe85-4d4d-bc44-dfd1f2b7e3b6:group-E323711E83DB changes to CANDIDATE, lastRpcTime:5048, electionTimeout:5048ms
2019-08-30 00:29:41,517 [Thread-261] INFO  impl.RoleInfo (RoleInfo.java:shutdownFollowerState(121)) - 4390dbf5-fe85-4d4d-bc44-dfd1f2b7e3b6: shutdown FollowerState
2019-08-30 00:29:41,517 [Thread-261] INFO  impl.RaftServerImpl (RaftServerImpl.java:setRole(171)) - 4390dbf5-fe85-4d4d-bc44-dfd1f2b7e3b6:group-E323711E83DB changes role from FOLLOWER to CANDIDATE at term 0 for changeToCandidate
2019-08-30 00:29:41,518 [Thread-261] INFO  impl.RoleInfo (RoleInfo.java:updateAndGet(143)) - 4390dbf5-fe85-4d4d-bc44-dfd1f2b7e3b6: start LeaderElection
2019-08-30 00:29:41,518 [172500b1-a982-45b0-97f3-b87b470f702c:group-A12170F9770D:LeaderElection7] INFO  impl.RaftServerImpl (ServerState.java:setRaftConf(361)) - 172500b1-a982-45b0-97f3-b87b470f702c:group-A12170F9770D set configuration 0: [172500b1-a982-45b0-97f3-b87b470f702c:192.168.69.124:44877], old=null at 0
2019-08-30 00:29:41,559 [Thread-262] INFO  impl.FollowerState (FollowerState.java:run(106)) - a12ea28e-4ff8-4509-b8a9-e7419ebd2ad0:group-E323711E83DB changes to CANDIDATE, lastRpcTime:5089, electionTimeout:5089ms
2019-08-30 00:29:41,559 [Thread-262] INFO  impl.RoleInfo (RoleInfo.java:shutdownFollowerState(121)) - a12ea28e-4ff8-4509-b8a9-e7419ebd2ad0: shutdown FollowerState
2019-08-30 00:29:41,559 [Thread-262] INFO  impl.RaftServerImpl (RaftServerImpl.java:setRole(171)) - a12ea28e-4ff8-4509-b8a9-e7419ebd2ad0:group-E323711E83DB changes role from FOLLOWER to CANDIDATE at term 0 for changeToCandidate
2019-08-30 00:29:41,559 [Thread-262] INFO  impl.RoleInfo (RoleInfo.java:updateAndGet(143)) - a12ea28e-4ff8-4509-b8a9-e7419ebd2ad0: start LeaderElection
2019-08-30 00:29:41,576 [172500b1-a982-45b0-97f3-b87b470f702c-SegmentedRaftLogWorker:Storage Directory /workdir/hadoop-ozone/integration-test/target/test-dir/MiniOzoneClusterImpl-8399914c-1e04-4a2d-86b1-d53ee4911094/datanode-2/data/ratis/689b8efe-766d-4b42-8a8e-a12170f9770d] INFO  segmented.SegmentedRaftLogWorker (SegmentedRaftLogWorker.java:execute(569)) - 172500b1-a982-45b0-97f3-b87b470f702c-SegmentedRaftLogWorker:Storage Directory /workdir/hadoop-ozone/integration-test/target/test-dir/MiniOzoneClusterImpl-8399914c-1e04-4a2d-86b1-d53ee4911094/datanode-2/data/ratis/689b8efe-766d-4b42-8a8e-a12170f9770d: created new log segment /workdir/hadoop-ozone/integration-test/target/test-dir/MiniOzoneClusterImpl-8399914c-1e04-4a2d-86b1-d53ee4911094/datanode-2/data/ratis/689b8efe-766d-4b42-8a8e-a12170f9770d/current/log_inprogress_0
2019-08-30 00:29:41,576 [Thread-266] INFO  impl.FollowerState (FollowerState.java:run(106)) - d1580c93-e30f-4179-b81b-faa6e700af79:group-E323711E83DB changes to CANDIDATE, lastRpcTime:5105, electionTimeout:5105ms
2019-08-30 00:29:41,576 [4390dbf5-fe85-4d4d-bc44-dfd1f2b7e3b6:group-E323711E83DB:LeaderElection8] INFO  impl.LeaderElection (LeaderElection.java:askForVotes(181)) - 4390dbf5-fe85-4d4d-bc44-dfd1f2b7e3b6:group-E323711E83DB:LeaderElection8: begin an election at term 1 for -1: [4390dbf5-fe85-4d4d-bc44-dfd1f2b7e3b6:192.168.69.124:39112, d1580c93-e30f-4179-b81b-faa6e700af79:192.168.69.124:35419, a12ea28e-4ff8-4509-b8a9-e7419ebd2ad0:192.168.69.124:34070], old=null
2019-08-30 00:29:41,576 [a12ea28e-4ff8-4509-b8a9-e7419ebd2ad0:group-E323711E83DB:LeaderElection9] INFO  impl.LeaderElection (LeaderElection.java:askForVotes(181)) - a12ea28e-4ff8-4509-b8a9-e7419ebd2ad0:group-E323711E83DB:LeaderElection9: begin an election at term 1 for -1: [4390dbf5-fe85-4d4d-bc44-dfd1f2b7e3b6:192.168.69.124:39112, d1580c93-e30f-4179-b81b-faa6e700af79:192.168.69.124:35419, a12ea28e-4ff8-4509-b8a9-e7419ebd2ad0:192.168.69.124:34070], old=null
2019-08-30 00:29:41,577 [Thread-266] INFO  impl.RoleInfo (RoleInfo.java:shutdownFollowerState(121)) - d1580c93-e30f-4179-b81b-faa6e700af79: shutdown FollowerState
2019-08-30 00:29:41,580 [Thread-266] INFO  impl.RaftServerImpl (RaftServerImpl.java:setRole(171)) - d1580c93-e30f-4179-b81b-faa6e700af79:group-E323711E83DB changes role from FOLLOWER to CANDIDATE at term 0 for changeToCandidate
2019-08-30 00:29:41,581 [Thread-266] INFO  impl.RoleInfo (RoleInfo.java:updateAndGet(143)) - d1580c93-e30f-4179-b81b-faa6e700af79: start LeaderElection
2019-08-30 00:29:41,602 [d1580c93-e30f-4179-b81b-faa6e700af79:group-E323711E83DB:LeaderElection10] INFO  impl.LeaderElection (LeaderElection.java:askForVotes(181)) - d1580c93-e30f-4179-b81b-faa6e700af79:group-E323711E83DB:LeaderElection10: begin an election at term 1 for -1: [4390dbf5-fe85-4d4d-bc44-dfd1f2b7e3b6:192.168.69.124:39112, d1580c93-e30f-4179-b81b-faa6e700af79:192.168.69.124:35419, a12ea28e-4ff8-4509-b8a9-e7419ebd2ad0:192.168.69.124:34070], old=null
2019-08-30 00:29:41,645 [4390dbf5-fe85-4d4d-bc44-dfd1f2b7e3b6:group-E323711E83DB:LeaderElection8] INFO  impl.LeaderElection (LeaderElection.java:logAndReturn(56)) - 4390dbf5-fe85-4d4d-bc44-dfd1f2b7e3b6:group-E323711E83DB:LeaderElection8: Election REJECTED; received 2 response(s) [4390dbf5-fe85-4d4d-bc44-dfd1f2b7e3b6<-d1580c93-e30f-4179-b81b-faa6e700af79#0:FAIL-t1, 4390dbf5-fe85-4d4d-bc44-dfd1f2b7e3b6<-a12ea28e-4ff8-4509-b8a9-e7419ebd2ad0#0:FAIL-t1] and 0 exception(s); 4390dbf5-fe85-4d4d-bc44-dfd1f2b7e3b6:t1, leader=null, voted=4390dbf5-fe85-4d4d-bc44-dfd1f2b7e3b6, raftlog=4390dbf5-fe85-4d4d-bc44-dfd1f2b7e3b6-SegmentedRaftLog:OPENED:c-1,f-1,i0, conf=-1: [4390dbf5-fe85-4d4d-bc44-dfd1f2b7e3b6:192.168.69.124:39112, d1580c93-e30f-4179-b81b-faa6e700af79:192.168.69.124:35419, a12ea28e-4ff8-4509-b8a9-e7419ebd2ad0:192.168.69.124:34070], old=null
2019-08-30 00:29:41,645 [d1580c93-e30f-4179-b81b-faa6e700af79:group-E323711E83DB:LeaderElection10] INFO  impl.LeaderElection (LeaderElection.java:logAndReturn(56)) - d1580c93-e30f-4179-b81b-faa6e700af79:group-E323711E83DB:LeaderElection10: Election REJECTED; received 2 response(s) [d1580c93-e30f-4179-b81b-faa6e700af79<-4390dbf5-fe85-4d4d-bc44-dfd1f2b7e3b6#0:FAIL-t1, d1580c93-e30f-4179-b81b-faa6e700af79<-a12ea28e-4ff8-4509-b8a9-e7419ebd2ad0#0:FAIL-t1] and 0 exception(s); d1580c93-e30f-4179-b81b-faa6e700af79:t1, leader=null, voted=d1580c93-e30f-4179-b81b-faa6e700af79, raftlog=d1580c93-e30f-4179-b81b-faa6e700af79-SegmentedRaftLog:OPENED:c-1,f-1,i0, conf=-1: [4390dbf5-fe85-4d4d-bc44-dfd1f2b7e3b6:192.168.69.124:39112, d1580c93-e30f-4179-b81b-faa6e700af79:192.168.69.124:35419, a12ea28e-4ff8-4509-b8a9-e7419ebd2ad0:192.168.69.124:34070], old=null
2019-08-30 00:29:41,645 [a12ea28e-4ff8-4509-b8a9-e7419ebd2ad0:group-E323711E83DB:LeaderElection9] INFO  impl.LeaderElection (LeaderElection.java:logAndReturn(56)) - a12ea28e-4ff8-4509-b8a9-e7419ebd2ad0:group-E323711E83DB:LeaderElection9: Election REJECTED; received 2 response(s) [a12ea28e-4ff8-4509-b8a9-e7419ebd2ad0<-4390dbf5-fe85-4d4d-bc44-dfd1f2b7e3b6#0:FAIL-t1, a12ea28e-4ff8-4509-b8a9-e7419ebd2ad0<-d1580c93-e30f-4179-b81b-faa6e700af79#0:FAIL-t1] and 0 exception(s); a12ea28e-4ff8-4509-b8a9-e7419ebd2ad0:t1, leader=null, voted=a12ea28e-4ff8-4509-b8a9-e7419ebd2ad0, raftlog=a12ea28e-4ff8-4509-b8a9-e7419ebd2ad0-SegmentedRaftLog:OPENED:c-1,f-1,i0, conf=-1: [4390dbf5-fe85-4d4d-bc44-dfd1f2b7e3b6:192.168.69.124:39112, d1580c93-e30f-4179-b81b-faa6e700af79:192.168.69.124:35419, a12ea28e-4ff8-4509-b8a9-e7419ebd2ad0:192.168.69.124:34070], old=null
2019-08-30 00:29:41,652 [d1580c93-e30f-4179-b81b-faa6e700af79:group-E323711E83DB:LeaderElection10] INFO  impl.RaftServerImpl (RaftServerImpl.java:setRole(171)) - d1580c93-e30f-4179-b81b-faa6e700af79:group-E323711E83DB changes role from CANDIDATE to FOLLOWER at term 1 for DISCOVERED_A_NEW_TERM
2019-08-30 00:29:41,654 [a12ea28e-4ff8-4509-b8a9-e7419ebd2ad0:group-E323711E83DB:LeaderElection9] INFO  impl.RaftServerImpl (RaftServerImpl.java:setRole(171)) - a12ea28e-4ff8-4509-b8a9-e7419ebd2ad0:group-E323711E83DB changes role from CANDIDATE to FOLLOWER at term 1 for DISCOVERED_A_NEW_TERM
2019-08-30 00:29:41,655 [4390dbf5-fe85-4d4d-bc44-dfd1f2b7e3b6:group-E323711E83DB:LeaderElection8] INFO  impl.RaftServerImpl (RaftServerImpl.java:setRole(171)) - 4390dbf5-fe85-4d4d-bc44-dfd1f2b7e3b6:group-E323711E83DB changes role from CANDIDATE to FOLLOWER at term 1 for DISCOVERED_A_NEW_TERM
2019-08-30 00:29:41,655 [d1580c93-e30f-4179-b81b-faa6e700af79:group-E323711E83DB:LeaderElection10] INFO  impl.RoleInfo (RoleInfo.java:shutdownLeaderElection(134)) - d1580c93-e30f-4179-b81b-faa6e700af79: shutdown LeaderElection
2019-08-30 00:29:41,656 [4390dbf5-fe85-4d4d-bc44-dfd1f2b7e3b6:group-E323711E83DB:LeaderElection8] INFO  impl.RoleInfo (RoleInfo.java:shutdownLeaderElection(134)) - 4390dbf5-fe85-4d4d-bc44-dfd1f2b7e3b6: shutdown LeaderElection
2019-08-30 00:29:41,656 [d1580c93-e30f-4179-b81b-faa6e700af79:group-E323711E83DB:LeaderElection10] INFO  impl.RoleInfo (RoleInfo.java:updateAndGet(143)) - d1580c93-e30f-4179-b81b-faa6e700af79: start FollowerState
2019-08-30 00:29:41,656 [a12ea28e-4ff8-4509-b8a9-e7419ebd2ad0:group-E323711E83DB:LeaderElection9] INFO  impl.RoleInfo (RoleInfo.java:shutdownLeaderElection(134)) - a12ea28e-4ff8-4509-b8a9-e7419ebd2ad0: shutdown LeaderElection
2019-08-30 00:29:41,656 [4390dbf5-fe85-4d4d-bc44-dfd1f2b7e3b6:group-E323711E83DB:LeaderElection8] INFO  impl.RoleInfo (RoleInfo.java:updateAndGet(143)) - 4390dbf5-fe85-4d4d-bc44-dfd1f2b7e3b6: start FollowerState
2019-08-30 00:29:41,658 [a12ea28e-4ff8-4509-b8a9-e7419ebd2ad0:group-E323711E83DB:LeaderElection9] INFO  impl.RoleInfo (RoleInfo.java:updateAndGet(143)) - a12ea28e-4ff8-4509-b8a9-e7419ebd2ad0: start FollowerState
2019-08-30 00:29:41,665 [Thread-275] INFO  impl.FollowerState (FollowerState.java:run(106)) - 6d7fd013-1723-4962-9a9c-3b2cdb5e5d89:group-EE342E45788B changes to CANDIDATE, lastRpcTime:5072, electionTimeout:5071ms
2019-08-30 00:29:41,666 [Thread-275] INFO  impl.RoleInfo (RoleInfo.java:shutdownFollowerState(121)) - 6d7fd013-1723-4962-9a9c-3b2cdb5e5d89: shutdown FollowerState
2019-08-30 00:29:41,666 [Thread-275] INFO  impl.RaftServerImpl (RaftServerImpl.java:setRole(171)) - 6d7fd013-1723-4962-9a9c-3b2cdb5e5d89:group-EE342E45788B changes role from FOLLOWER to CANDIDATE at term 0 for changeToCandidate
2019-08-30 00:29:41,666 [Thread-275] INFO  impl.RoleInfo (RoleInfo.java:updateAndGet(143)) - 6d7fd013-1723-4962-9a9c-3b2cdb5e5d89: start LeaderElection
2019-08-30 00:29:41,676 [Thread-270] INFO  impl.FollowerState (FollowerState.java:run(106)) - 1019a315-1aa9-4af0-89b7-df29ea019370:group-EE342E45788B changes to CANDIDATE, lastRpcTime:5092, electionTimeout:5091ms
2019-08-30 00:29:41,676 [Thread-270] INFO  impl.RoleInfo (RoleInfo.java:shutdownFollowerState(121)) - 1019a315-1aa9-4af0-89b7-df29ea019370: shutdown FollowerState
2019-08-30 00:29:41,676 [Thread-270] INFO  impl.RaftServerImpl (RaftServerImpl.java:setRole(171)) - 1019a315-1aa9-4af0-89b7-df29ea019370:group-EE342E45788B changes role from FOLLOWER to CANDIDATE at term 0 for changeToCandidate
2019-08-30 00:29:41,676 [Thread-270] INFO  impl.RoleInfo (RoleInfo.java:updateAndGet(143)) - 1019a315-1aa9-4af0-89b7-df29ea019370: start LeaderElection
2019-08-30 00:29:41,679 | INFO  | SCMAudit | user=jenkins1000 | ip=192.168.69.124 | op=SEND_HEARTBEAT {datanodeUUID=d1580c93-e30f-4179-b81b-faa6e700af79, command=[]} | ret=SUCCESS |  
2019-08-30 00:29:41,682 | INFO  | SCMAudit | user=jenkins1000 | ip=192.168.69.124 | op=SEND_HEARTBEAT {datanodeUUID=a12ea28e-4ff8-4509-b8a9-e7419ebd2ad0, command=[]} | ret=SUCCESS |  
2019-08-30 00:29:41,694 [6d7fd013-1723-4962-9a9c-3b2cdb5e5d89:group-EE342E45788B:LeaderElection11] INFO  impl.LeaderElection (LeaderElection.java:askForVotes(181)) - 6d7fd013-1723-4962-9a9c-3b2cdb5e5d89:group-EE342E45788B:LeaderElection11: begin an election at term 1 for -1: [6d7fd013-1723-4962-9a9c-3b2cdb5e5d89:192.168.69.124:37333, 1019a315-1aa9-4af0-89b7-df29ea019370:192.168.69.124:37964, 172500b1-a982-45b0-97f3-b87b470f702c:192.168.69.124:44877], old=null
2019-08-30 00:29:41,707 [grpc-default-executor-2] INFO  impl.RaftServerImpl (RaftServerImpl.java:setRole(171)) - 172500b1-a982-45b0-97f3-b87b470f702c:group-EE342E45788B changes role from FOLLOWER to FOLLOWER at term 1 for recognizeCandidate:6d7fd013-1723-4962-9a9c-3b2cdb5e5d89
2019-08-30 00:29:41,707 [grpc-default-executor-2] INFO  impl.RoleInfo (RoleInfo.java:shutdownFollowerState(121)) - 172500b1-a982-45b0-97f3-b87b470f702c: shutdown FollowerState
2019-08-30 00:29:41,709 [grpc-default-executor-2] INFO  impl.RoleInfo (RoleInfo.java:updateAndGet(143)) - 172500b1-a982-45b0-97f3-b87b470f702c: start FollowerState
2019-08-30 00:29:41,709 [Thread-271] INFO  impl.FollowerState (FollowerState.java:run(114)) - 172500b1-a982-45b0-97f3-b87b470f702c: FollowerState was interrupted: java.lang.InterruptedException: sleep interrupted
2019-08-30 00:29:41,711 [1019a315-1aa9-4af0-89b7-df29ea019370:group-EE342E45788B:LeaderElection12] INFO  impl.LeaderElection (LeaderElection.java:askForVotes(181)) - 1019a315-1aa9-4af0-89b7-df29ea019370:group-EE342E45788B:LeaderElection12: begin an election at term 1 for -1: [6d7fd013-1723-4962-9a9c-3b2cdb5e5d89:192.168.69.124:37333, 1019a315-1aa9-4af0-89b7-df29ea019370:192.168.69.124:37964, 172500b1-a982-45b0-97f3-b87b470f702c:192.168.69.124:44877], old=null
2019-08-30 00:29:41,758 [6d7fd013-1723-4962-9a9c-3b2cdb5e5d89:group-EE342E45788B:LeaderElection11] INFO  impl.LeaderElection (LeaderElection.java:logAndReturn(56)) - 6d7fd013-1723-4962-9a9c-3b2cdb5e5d89:group-EE342E45788B:LeaderElection11: Election PASSED; received 2 response(s) [6d7fd013-1723-4962-9a9c-3b2cdb5e5d89<-1019a315-1aa9-4af0-89b7-df29ea019370#0:FAIL-t1, 6d7fd013-1723-4962-9a9c-3b2cdb5e5d89<-172500b1-a982-45b0-97f3-b87b470f702c#0:OK-t1] and 0 exception(s); 6d7fd013-1723-4962-9a9c-3b2cdb5e5d89:t1, leader=null, voted=6d7fd013-1723-4962-9a9c-3b2cdb5e5d89, raftlog=6d7fd013-1723-4962-9a9c-3b2cdb5e5d89-SegmentedRaftLog:OPENED:c-1,f-1,i0, conf=-1: [6d7fd013-1723-4962-9a9c-3b2cdb5e5d89:192.168.69.124:37333, 1019a315-1aa9-4af0-89b7-df29ea019370:192.168.69.124:37964, 172500b1-a982-45b0-97f3-b87b470f702c:192.168.69.124:44877], old=null
2019-08-30 00:29:41,759 [6d7fd013-1723-4962-9a9c-3b2cdb5e5d89:group-EE342E45788B:LeaderElection11] INFO  impl.RoleInfo (RoleInfo.java:shutdownLeaderElection(134)) - 6d7fd013-1723-4962-9a9c-3b2cdb5e5d89: shutdown LeaderElection
2019-08-30 00:29:41,761 [6d7fd013-1723-4962-9a9c-3b2cdb5e5d89:group-EE342E45788B:LeaderElection11] INFO  impl.RaftServerImpl (RaftServerImpl.java:setRole(171)) - 6d7fd013-1723-4962-9a9c-3b2cdb5e5d89:group-EE342E45788B changes role from CANDIDATE to LEADER at term 1 for changeToLeader
2019-08-30 00:29:41,763 [6d7fd013-1723-4962-9a9c-3b2cdb5e5d89:group-EE342E45788B:LeaderElection11] INFO  impl.RaftServerImpl (ServerState.java:setLeader(263)) - 6d7fd013-1723-4962-9a9c-3b2cdb5e5d89:group-EE342E45788B change Leader from null to 6d7fd013-1723-4962-9a9c-3b2cdb5e5d89 at term 1 for becomeLeader, leader elected after 5177ms
2019-08-30 00:29:41,763 [1019a315-1aa9-4af0-89b7-df29ea019370:group-EE342E45788B:LeaderElection12] INFO  impl.LeaderElection (LeaderElection.java:logAndReturn(56)) - 1019a315-1aa9-4af0-89b7-df29ea019370:group-EE342E45788B:LeaderElection12: Election REJECTED; received 2 response(s) [1019a315-1aa9-4af0-89b7-df29ea019370<-6d7fd013-1723-4962-9a9c-3b2cdb5e5d89#0:FAIL-t1, 1019a315-1aa9-4af0-89b7-df29ea019370<-172500b1-a982-45b0-97f3-b87b470f702c#0:FAIL-t1] and 0 exception(s); 1019a315-1aa9-4af0-89b7-df29ea019370:t1, leader=null, voted=1019a315-1aa9-4af0-89b7-df29ea019370, raftlog=1019a315-1aa9-4af0-89b7-df29ea019370-SegmentedRaftLog:OPENED:c-1,f-1,i0, conf=-1: [6d7fd013-1723-4962-9a9c-3b2cdb5e5d89:192.168.69.124:37333, 1019a315-1aa9-4af0-89b7-df29ea019370:192.168.69.124:37964, 172500b1-a982-45b0-97f3-b87b470f702c:192.168.69.124:44877], old=null
2019-08-30 00:29:41,764 [6d7fd013-1723-4962-9a9c-3b2cdb5e5d89:group-EE342E45788B:LeaderElection11] INFO  server.RaftServerConfigKeys (ConfUtils.java:logGet(43)) - raft.server.staging.catchup.gap = 1000 (default)
2019-08-30 00:29:41,765 [1019a315-1aa9-4af0-89b7-df29ea019370:group-EE342E45788B:LeaderElection12] INFO  impl.RaftServerImpl (RaftServerImpl.java:setRole(171)) - 1019a315-1aa9-4af0-89b7-df29ea019370:group-EE342E45788B changes role from CANDIDATE to FOLLOWER at term 1 for DISCOVERED_A_NEW_TERM
2019-08-30 00:29:41,766 [6d7fd013-1723-4962-9a9c-3b2cdb5e5d89:group-EE342E45788B:LeaderElection11] INFO  server.RaftServerConfigKeys (ConfUtils.java:logGet(43)) - raft.server.rpc.sleep.time = 25ms (default)
2019-08-30 00:29:41,775 [1019a315-1aa9-4af0-89b7-df29ea019370:group-EE342E45788B:LeaderElection12] INFO  impl.RoleInfo (RoleInfo.java:shutdownLeaderElection(134)) - 1019a315-1aa9-4af0-89b7-df29ea019370: shutdown LeaderElection
2019-08-30 00:29:41,776 [6d7fd013-1723-4962-9a9c-3b2cdb5e5d89:group-EE342E45788B:LeaderElection11] INFO  server.RaftServerConfigKeys (ConfUtils.java:logGet(43)) - raft.server.write.element-limit = 4096 (default)
2019-08-30 00:29:41,776 [1019a315-1aa9-4af0-89b7-df29ea019370:group-EE342E45788B:LeaderElection12] INFO  impl.RoleInfo (RoleInfo.java:updateAndGet(143)) - 1019a315-1aa9-4af0-89b7-df29ea019370: start FollowerState
2019-08-30 00:29:41,776 [6d7fd013-1723-4962-9a9c-3b2cdb5e5d89:group-EE342E45788B:LeaderElection11] INFO  server.RaftServerConfigKeys (ConfUtils.java:logGet(43)) - raft.server.watch.timeout = 10s (default)
2019-08-30 00:29:41,776 [6d7fd013-1723-4962-9a9c-3b2cdb5e5d89:group-EE342E45788B:LeaderElection11] INFO  server.RaftServerConfigKeys (ConfUtils.java:logGet(43)) - raft.server.watch.timeout.denomination = 1s (default)
2019-08-30 00:29:41,776 [6d7fd013-1723-4962-9a9c-3b2cdb5e5d89:group-EE342E45788B:LeaderElection11] INFO  server.RaftServerConfigKeys (ConfUtils.java:logGet(43)) - raft.server.watch.element-limit = 65536 (default)
2019-08-30 00:29:41,779 [6d7fd013-1723-4962-9a9c-3b2cdb5e5d89:group-EE342E45788B:LeaderElection11] INFO  server.RaftServerConfigKeys (ConfUtils.java:logGet(43)) - raft.server.log.appender.snapshot.chunk.size.max = 16MB (=16777216) (default)
2019-08-30 00:29:41,780 [6d7fd013-1723-4962-9a9c-3b2cdb5e5d89:group-EE342E45788B:LeaderElection11] INFO  server.RaftServerConfigKeys (ConfUtils.java:logGet(43)) - raft.server.log.appender.buffer.byte-limit = 33554432 (custom)
2019-08-30 00:29:41,780 [6d7fd013-1723-4962-9a9c-3b2cdb5e5d89:group-EE342E45788B:LeaderElection11] INFO  server.RaftServerConfigKeys (ConfUtils.java:logGet(43)) - raft.server.log.appender.buffer.element-limit = 1 (custom)
2019-08-30 00:29:41,783 [6d7fd013-1723-4962-9a9c-3b2cdb5e5d89:group-EE342E45788B:LeaderElection11] INFO  grpc.GrpcConfigKeys$Server (ConfUtils.java:logGet(43)) - raft.grpc.server.leader.outstanding.appends.max = 128 (default)
2019-08-30 00:29:41,784 [6d7fd013-1723-4962-9a9c-3b2cdb5e5d89:group-EE342E45788B:LeaderElection11] INFO  server.RaftServerConfigKeys (ConfUtils.java:logGet(43)) - raft.server.rpc.request.timeout = 3000ms (default)
2019-08-30 00:29:41,784 [6d7fd013-1723-4962-9a9c-3b2cdb5e5d89:group-EE342E45788B:LeaderElection11] INFO  server.RaftServerConfigKeys (ConfUtils.java:logGet(43)) - raft.server.log.appender.install.snapshot.enabled = false (custom)
2019-08-30 00:29:41,784 [6d7fd013-1723-4962-9a9c-3b2cdb5e5d89:group-EE342E45788B:LeaderElection11] INFO  server.RaftServerConfigKeys (ConfUtils.java:logGet(43)) - raft.server.log.appender.snapshot.chunk.size.max = 16MB (=16777216) (default)
2019-08-30 00:29:41,784 [6d7fd013-1723-4962-9a9c-3b2cdb5e5d89:group-EE342E45788B:LeaderElection11] INFO  server.RaftServerConfigKeys (ConfUtils.java:logGet(43)) - raft.server.log.appender.buffer.byte-limit = 33554432 (custom)
2019-08-30 00:29:41,784 [6d7fd013-1723-4962-9a9c-3b2cdb5e5d89:group-EE342E45788B:LeaderElection11] INFO  server.RaftServerConfigKeys (ConfUtils.java:logGet(43)) - raft.server.log.appender.buffer.element-limit = 1 (custom)
2019-08-30 00:29:41,785 [6d7fd013-1723-4962-9a9c-3b2cdb5e5d89:group-EE342E45788B:LeaderElection11] INFO  grpc.GrpcConfigKeys$Server (ConfUtils.java:logGet(43)) - raft.grpc.server.leader.outstanding.appends.max = 128 (default)
2019-08-30 00:29:41,785 [6d7fd013-1723-4962-9a9c-3b2cdb5e5d89:group-EE342E45788B:LeaderElection11] INFO  server.RaftServerConfigKeys (ConfUtils.java:logGet(43)) - raft.server.rpc.request.timeout = 3000ms (default)
2019-08-30 00:29:41,785 [6d7fd013-1723-4962-9a9c-3b2cdb5e5d89:group-EE342E45788B:LeaderElection11] INFO  server.RaftServerConfigKeys (ConfUtils.java:logGet(43)) - raft.server.log.appender.install.snapshot.enabled = false (custom)
2019-08-30 00:29:41,787 [6d7fd013-1723-4962-9a9c-3b2cdb5e5d89:group-EE342E45788B:LeaderElection11] INFO  impl.RoleInfo (RoleInfo.java:updateAndGet(143)) - 6d7fd013-1723-4962-9a9c-3b2cdb5e5d89: start LeaderState
2019-08-30 00:29:41,787 [6d7fd013-1723-4962-9a9c-3b2cdb5e5d89:group-EE342E45788B:LeaderElection11] INFO  segmented.SegmentedRaftLogWorker (SegmentedRaftLogWorker.java:startLogSegment(380)) - 6d7fd013-1723-4962-9a9c-3b2cdb5e5d89-SegmentedRaftLogWorker:Storage Directory /workdir/hadoop-ozone/integration-test/target/test-dir/MiniOzoneClusterImpl-8399914c-1e04-4a2d-86b1-d53ee4911094/datanode-1/data/ratis/ec42a465-49c2-43a3-a63c-ee342e45788b: Starting segment from index:0
2019-08-30 00:29:41,788 [6d7fd013-1723-4962-9a9c-3b2cdb5e5d89:group-EE342E45788B:LeaderElection11] INFO  impl.RaftServerImpl (ServerState.java:setRaftConf(361)) - 6d7fd013-1723-4962-9a9c-3b2cdb5e5d89:group-EE342E45788B set configuration 0: [6d7fd013-1723-4962-9a9c-3b2cdb5e5d89:192.168.69.124:37333, 1019a315-1aa9-4af0-89b7-df29ea019370:192.168.69.124:37964, 172500b1-a982-45b0-97f3-b87b470f702c:192.168.69.124:44877], old=null at 0
2019-08-30 00:29:41,837 [grpc-default-executor-3] INFO  impl.RaftServerImpl (ServerState.java:setLeader(263)) - 1019a315-1aa9-4af0-89b7-df29ea019370:group-EE342E45788B change Leader from null to 6d7fd013-1723-4962-9a9c-3b2cdb5e5d89 at term 1 for appendEntries, leader elected after 5270ms
2019-08-30 00:29:41,840 [grpc-default-executor-2] INFO  impl.RaftServerImpl (ServerState.java:setLeader(263)) - 172500b1-a982-45b0-97f3-b87b470f702c:group-EE342E45788B change Leader from null to 6d7fd013-1723-4962-9a9c-3b2cdb5e5d89 at term 1 for appendEntries, leader elected after 5274ms
2019-08-30 00:29:41,845 [6d7fd013-1723-4962-9a9c-3b2cdb5e5d89-SegmentedRaftLogWorker:Storage Directory /workdir/hadoop-ozone/integration-test/target/test-dir/MiniOzoneClusterImpl-8399914c-1e04-4a2d-86b1-d53ee4911094/datanode-1/data/ratis/ec42a465-49c2-43a3-a63c-ee342e45788b] INFO  segmented.SegmentedRaftLogWorker (SegmentedRaftLogWorker.java:execute(569)) - 6d7fd013-1723-4962-9a9c-3b2cdb5e5d89-SegmentedRaftLogWorker:Storage Directory /workdir/hadoop-ozone/integration-test/target/test-dir/MiniOzoneClusterImpl-8399914c-1e04-4a2d-86b1-d53ee4911094/datanode-1/data/ratis/ec42a465-49c2-43a3-a63c-ee342e45788b: created new log segment /workdir/hadoop-ozone/integration-test/target/test-dir/MiniOzoneClusterImpl-8399914c-1e04-4a2d-86b1-d53ee4911094/datanode-1/data/ratis/ec42a465-49c2-43a3-a63c-ee342e45788b/current/log_inprogress_0
2019-08-30 00:29:41,857 [grpc-default-executor-0] INFO  client.GrpcClientProtocolClient (GrpcClientProtocolClient.java:onNext(255)) - client-10FCE9192EF2->d1580c93-e30f-4179-b81b-faa6e700af79: receive RaftClientReply:client-10FCE9192EF2->d1580c93-e30f-4179-b81b-faa6e700af79@group-E323711E83DB, cid=13, FAILED org.apache.ratis.protocol.NotLeaderException: Server d1580c93-e30f-4179-b81b-faa6e700af79 is not the leader (null). Request must be sent to leader., logIndex=0, commits[d1580c93-e30f-4179-b81b-faa6e700af79:c-1]
2019-08-30 00:29:41,872 [grpc-default-executor-3] INFO  impl.RaftServerImpl (ServerState.java:setRaftConf(361)) - 1019a315-1aa9-4af0-89b7-df29ea019370:group-EE342E45788B set configuration 0: [6d7fd013-1723-4962-9a9c-3b2cdb5e5d89:192.168.69.124:37333, 1019a315-1aa9-4af0-89b7-df29ea019370:192.168.69.124:37964, 172500b1-a982-45b0-97f3-b87b470f702c:192.168.69.124:44877], old=null at 0
2019-08-30 00:29:41,873 [grpc-default-executor-0] INFO  impl.RaftServerImpl (ServerState.java:setRaftConf(361)) - 172500b1-a982-45b0-97f3-b87b470f702c:group-EE342E45788B set configuration 0: [6d7fd013-1723-4962-9a9c-3b2cdb5e5d89:192.168.69.124:37333, 1019a315-1aa9-4af0-89b7-df29ea019370:192.168.69.124:37964, 172500b1-a982-45b0-97f3-b87b470f702c:192.168.69.124:44877], old=null at 0
2019-08-30 00:29:41,875 [grpc-default-executor-3] INFO  segmented.SegmentedRaftLogWorker (SegmentedRaftLogWorker.java:startLogSegment(380)) - 1019a315-1aa9-4af0-89b7-df29ea019370-SegmentedRaftLogWorker:Storage Directory /workdir/hadoop-ozone/integration-test/target/test-dir/MiniOzoneClusterImpl-8399914c-1e04-4a2d-86b1-d53ee4911094/datanode-4/data/ratis/ec42a465-49c2-43a3-a63c-ee342e45788b: Starting segment from index:0
2019-08-30 00:29:41,875 [grpc-default-executor-0] INFO  segmented.SegmentedRaftLogWorker (SegmentedRaftLogWorker.java:startLogSegment(380)) - 172500b1-a982-45b0-97f3-b87b470f702c-SegmentedRaftLogWorker:Storage Directory /workdir/hadoop-ozone/integration-test/target/test-dir/MiniOzoneClusterImpl-8399914c-1e04-4a2d-86b1-d53ee4911094/datanode-2/data/ratis/ec42a465-49c2-43a3-a63c-ee342e45788b: Starting segment from index:0
2019-08-30 00:29:41,879 | INFO  | SCMAudit | user=jenkins1000 | ip=192.168.69.124 | op=SEND_HEARTBEAT {datanodeUUID=278fc07b-1ae0-445c-982e-4fc0a892453b, command=[]} | ret=SUCCESS |  
2019-08-30 00:29:41,929 [172500b1-a982-45b0-97f3-b87b470f702c-SegmentedRaftLogWorker:Storage Directory /workdir/hadoop-ozone/integration-test/target/test-dir/MiniOzoneClusterImpl-8399914c-1e04-4a2d-86b1-d53ee4911094/datanode-2/data/ratis/ec42a465-49c2-43a3-a63c-ee342e45788b] INFO  segmented.SegmentedRaftLogWorker (SegmentedRaftLogWorker.java:execute(569)) - 172500b1-a982-45b0-97f3-b87b470f702c-SegmentedRaftLogWorker:Storage Directory /workdir/hadoop-ozone/integration-test/target/test-dir/MiniOzoneClusterImpl-8399914c-1e04-4a2d-86b1-d53ee4911094/datanode-2/data/ratis/ec42a465-49c2-43a3-a63c-ee342e45788b: created new log segment /workdir/hadoop-ozone/integration-test/target/test-dir/MiniOzoneClusterImpl-8399914c-1e04-4a2d-86b1-d53ee4911094/datanode-2/data/ratis/ec42a465-49c2-43a3-a63c-ee342e45788b/current/log_inprogress_0
2019-08-30 00:29:41,929 [1019a315-1aa9-4af0-89b7-df29ea019370-SegmentedRaftLogWorker:Storage Directory /workdir/hadoop-ozone/integration-test/target/test-dir/MiniOzoneClusterImpl-8399914c-1e04-4a2d-86b1-d53ee4911094/datanode-4/data/ratis/ec42a465-49c2-43a3-a63c-ee342e45788b] INFO  segmented.SegmentedRaftLogWorker (SegmentedRaftLogWorker.java:execute(569)) - 1019a315-1aa9-4af0-89b7-df29ea019370-SegmentedRaftLogWorker:Storage Directory /workdir/hadoop-ozone/integration-test/target/test-dir/MiniOzoneClusterImpl-8399914c-1e04-4a2d-86b1-d53ee4911094/datanode-4/data/ratis/ec42a465-49c2-43a3-a63c-ee342e45788b: created new log segment /workdir/hadoop-ozone/integration-test/target/test-dir/MiniOzoneClusterImpl-8399914c-1e04-4a2d-86b1-d53ee4911094/datanode-4/data/ratis/ec42a465-49c2-43a3-a63c-ee342e45788b/current/log_inprogress_0
2019-08-30 00:29:41,951 | INFO  | SCMAudit | user=jenkins1000 | ip=192.168.69.124 | op=SEND_HEARTBEAT {datanodeUUID=6d7fd013-1723-4962-9a9c-3b2cdb5e5d89, command=[]} | ret=SUCCESS |  
2019-08-30 00:29:42,032 | INFO  | SCMAudit | user=jenkins1000 | ip=192.168.69.124 | op=SEND_HEARTBEAT {datanodeUUID=172500b1-a982-45b0-97f3-b87b470f702c, command=[]} | ret=SUCCESS |  
2019-08-30 00:29:42,117 | INFO  | SCMAudit | user=jenkins1000 | ip=192.168.69.124 | op=SEND_HEARTBEAT {datanodeUUID=4390dbf5-fe85-4d4d-bc44-dfd1f2b7e3b6, command=[]} | ret=SUCCESS |  
2019-08-30 00:29:42,180 | INFO  | SCMAudit | user=jenkins1000 | ip=192.168.69.124 | op=SEND_HEARTBEAT {datanodeUUID=1019a315-1aa9-4af0-89b7-df29ea019370, command=[]} | ret=SUCCESS |  
2019-08-30 00:29:42,678 | INFO  | SCMAudit | user=jenkins1000 | ip=192.168.69.124 | op=SEND_HEARTBEAT {datanodeUUID=a12ea28e-4ff8-4509-b8a9-e7419ebd2ad0, command=[]} | ret=SUCCESS |  
2019-08-30 00:29:42,678 | INFO  | SCMAudit | user=jenkins1000 | ip=192.168.69.124 | op=SEND_HEARTBEAT {datanodeUUID=d1580c93-e30f-4179-b81b-faa6e700af79, command=[]} | ret=SUCCESS |  
2019-08-30 00:29:42,882 | INFO  | SCMAudit | user=jenkins1000 | ip=192.168.69.124 | op=SEND_HEARTBEAT {datanodeUUID=278fc07b-1ae0-445c-982e-4fc0a892453b, command=[]} | ret=SUCCESS |  
2019-08-30 00:29:42,880 [grpc-default-executor-3] INFO  client.GrpcClientProtocolClient (GrpcClientProtocolClient.java:onNext(255)) - client-10FCE9192EF2->a12ea28e-4ff8-4509-b8a9-e7419ebd2ad0: receive RaftClientReply:client-10FCE9192EF2->a12ea28e-4ff8-4509-b8a9-e7419ebd2ad0@group-E323711E83DB, cid=13, FAILED org.apache.ratis.protocol.NotLeaderException: Server a12ea28e-4ff8-4509-b8a9-e7419ebd2ad0 is not the leader (null). Request must be sent to leader., logIndex=0, commits[a12ea28e-4ff8-4509-b8a9-e7419ebd2ad0:c-1]
2019-08-30 00:29:42,951 | INFO  | SCMAudit | user=jenkins1000 | ip=192.168.69.124 | op=SEND_HEARTBEAT {datanodeUUID=6d7fd013-1723-4962-9a9c-3b2cdb5e5d89, command=[]} | ret=SUCCESS |  
2019-08-30 00:29:43,032 | INFO  | SCMAudit | user=jenkins1000 | ip=192.168.69.124 | op=SEND_HEARTBEAT {datanodeUUID=172500b1-a982-45b0-97f3-b87b470f702c, command=[]} | ret=SUCCESS |  
2019-08-30 00:29:43,118 | INFO  | SCMAudit | user=jenkins1000 | ip=192.168.69.124 | op=SEND_HEARTBEAT {datanodeUUID=4390dbf5-fe85-4d4d-bc44-dfd1f2b7e3b6, command=[]} | ret=SUCCESS |  
2019-08-30 00:29:43,180 | INFO  | SCMAudit | user=jenkins1000 | ip=192.168.69.124 | op=SEND_HEARTBEAT {datanodeUUID=1019a315-1aa9-4af0-89b7-df29ea019370, command=[]} | ret=SUCCESS |  
2019-08-30 00:29:43,678 | INFO  | SCMAudit | user=jenkins1000 | ip=192.168.69.124 | op=SEND_HEARTBEAT {datanodeUUID=a12ea28e-4ff8-4509-b8a9-e7419ebd2ad0, command=[]} | ret=SUCCESS |  
2019-08-30 00:29:43,678 | INFO  | SCMAudit | user=jenkins1000 | ip=192.168.69.124 | op=SEND_HEARTBEAT {datanodeUUID=d1580c93-e30f-4179-b81b-faa6e700af79, command=[]} | ret=SUCCESS |  
2019-08-30 00:29:43,880 | INFO  | SCMAudit | user=jenkins1000 | ip=192.168.69.124 | op=SEND_HEARTBEAT {datanodeUUID=278fc07b-1ae0-445c-982e-4fc0a892453b, command=[]} | ret=SUCCESS |  
2019-08-30 00:29:43,906 [grpc-default-executor-3] INFO  client.GrpcClientProtocolClient (GrpcClientProtocolClient.java:onNext(255)) - client-10FCE9192EF2->d1580c93-e30f-4179-b81b-faa6e700af79: receive RaftClientReply:client-10FCE9192EF2->d1580c93-e30f-4179-b81b-faa6e700af79@group-E323711E83DB, cid=13, FAILED org.apache.ratis.protocol.NotLeaderException: Server d1580c93-e30f-4179-b81b-faa6e700af79 is not the leader (null). Request must be sent to leader., logIndex=0, commits[d1580c93-e30f-4179-b81b-faa6e700af79:c-1]
2019-08-30 00:29:43,951 | INFO  | SCMAudit | user=jenkins1000 | ip=192.168.69.124 | op=SEND_HEARTBEAT {datanodeUUID=6d7fd013-1723-4962-9a9c-3b2cdb5e5d89, command=[]} | ret=SUCCESS |  
2019-08-30 00:29:44,033 | INFO  | SCMAudit | user=jenkins1000 | ip=192.168.69.124 | op=SEND_HEARTBEAT {datanodeUUID=172500b1-a982-45b0-97f3-b87b470f702c, command=[]} | ret=SUCCESS |  
2019-08-30 00:29:44,117 | INFO  | SCMAudit | user=jenkins1000 | ip=192.168.69.124 | op=SEND_HEARTBEAT {datanodeUUID=4390dbf5-fe85-4d4d-bc44-dfd1f2b7e3b6, command=[]} | ret=SUCCESS |  
2019-08-30 00:29:44,180 | INFO  | SCMAudit | user=jenkins1000 | ip=192.168.69.124 | op=SEND_HEARTBEAT {datanodeUUID=1019a315-1aa9-4af0-89b7-df29ea019370, command=[]} | ret=SUCCESS |  
2019-08-30 00:29:44,679 | INFO  | SCMAudit | user=jenkins1000 | ip=192.168.69.124 | op=SEND_HEARTBEAT {datanodeUUID=d1580c93-e30f-4179-b81b-faa6e700af79, command=[]} | ret=SUCCESS |  
2019-08-30 00:29:44,679 | INFO  | SCMAudit | user=jenkins1000 | ip=192.168.69.124 | op=SEND_HEARTBEAT {datanodeUUID=a12ea28e-4ff8-4509-b8a9-e7419ebd2ad0, command=[]} | ret=SUCCESS |  
2019-08-30 00:29:44,880 | INFO  | SCMAudit | user=jenkins1000 | ip=192.168.69.124 | op=SEND_HEARTBEAT {datanodeUUID=278fc07b-1ae0-445c-982e-4fc0a892453b, command=[]} | ret=SUCCESS |  
2019-08-30 00:29:44,930 [grpc-default-executor-3] INFO  client.GrpcClientProtocolClient (GrpcClientProtocolClient.java:onNext(255)) - client-10FCE9192EF2->4390dbf5-fe85-4d4d-bc44-dfd1f2b7e3b6: receive RaftClientReply:client-10FCE9192EF2->4390dbf5-fe85-4d4d-bc44-dfd1f2b7e3b6@group-E323711E83DB, cid=13, FAILED org.apache.ratis.protocol.NotLeaderException: Server 4390dbf5-fe85-4d4d-bc44-dfd1f2b7e3b6 is not the leader (null). Request must be sent to leader., logIndex=0, commits[4390dbf5-fe85-4d4d-bc44-dfd1f2b7e3b6:c-1]
2019-08-30 00:29:44,951 | INFO  | SCMAudit | user=jenkins1000 | ip=192.168.69.124 | op=SEND_HEARTBEAT {datanodeUUID=6d7fd013-1723-4962-9a9c-3b2cdb5e5d89, command=[]} | ret=SUCCESS |  
2019-08-30 00:29:45,033 | INFO  | SCMAudit | user=jenkins1000 | ip=192.168.69.124 | op=SEND_HEARTBEAT {datanodeUUID=172500b1-a982-45b0-97f3-b87b470f702c, command=[]} | ret=SUCCESS |  
2019-08-30 00:29:45,117 | INFO  | SCMAudit | user=jenkins1000 | ip=192.168.69.124 | op=SEND_HEARTBEAT {datanodeUUID=4390dbf5-fe85-4d4d-bc44-dfd1f2b7e3b6, command=[]} | ret=SUCCESS |  
2019-08-30 00:29:45,180 | INFO  | SCMAudit | user=jenkins1000 | ip=192.168.69.124 | op=SEND_HEARTBEAT {datanodeUUID=1019a315-1aa9-4af0-89b7-df29ea019370, command=[]} | ret=SUCCESS |  
2019-08-30 00:29:45,679 | INFO  | SCMAudit | user=jenkins1000 | ip=192.168.69.124 | op=SEND_HEARTBEAT {datanodeUUID=a12ea28e-4ff8-4509-b8a9-e7419ebd2ad0, command=[]} | ret=SUCCESS |  
2019-08-30 00:29:45,679 | INFO  | SCMAudit | user=jenkins1000 | ip=192.168.69.124 | op=SEND_HEARTBEAT {datanodeUUID=d1580c93-e30f-4179-b81b-faa6e700af79, command=[]} | ret=SUCCESS |  
2019-08-30 00:29:45,880 | INFO  | SCMAudit | user=jenkins1000 | ip=192.168.69.124 | op=SEND_HEARTBEAT {datanodeUUID=278fc07b-1ae0-445c-982e-4fc0a892453b, command=[]} | ret=SUCCESS |  
2019-08-30 00:29:45,953 | INFO  | SCMAudit | user=jenkins1000 | ip=192.168.69.124 | op=SEND_HEARTBEAT {datanodeUUID=6d7fd013-1723-4962-9a9c-3b2cdb5e5d89, command=[]} | ret=SUCCESS |  
2019-08-30 00:29:45,954 [grpc-default-executor-0] INFO  client.GrpcClientProtocolClient (GrpcClientProtocolClient.java:onNext(255)) - client-10FCE9192EF2->a12ea28e-4ff8-4509-b8a9-e7419ebd2ad0: receive RaftClientReply:client-10FCE9192EF2->a12ea28e-4ff8-4509-b8a9-e7419ebd2ad0@group-E323711E83DB, cid=13, FAILED org.apache.ratis.protocol.NotLeaderException: Server a12ea28e-4ff8-4509-b8a9-e7419ebd2ad0 is not the leader (null). Request must be sent to leader., logIndex=0, commits[a12ea28e-4ff8-4509-b8a9-e7419ebd2ad0:c-1]
2019-08-30 00:29:46,033 | INFO  | SCMAudit | user=jenkins1000 | ip=192.168.69.124 | op=SEND_HEARTBEAT {datanodeUUID=172500b1-a982-45b0-97f3-b87b470f702c, command=[]} | ret=SUCCESS |  
2019-08-30 00:29:46,117 | INFO  | SCMAudit | user=jenkins1000 | ip=192.168.69.124 | op=SEND_HEARTBEAT {datanodeUUID=4390dbf5-fe85-4d4d-bc44-dfd1f2b7e3b6, command=[]} | ret=SUCCESS |  
2019-08-30 00:29:46,180 | INFO  | SCMAudit | user=jenkins1000 | ip=192.168.69.124 | op=SEND_HEARTBEAT {datanodeUUID=1019a315-1aa9-4af0-89b7-df29ea019370, command=[]} | ret=SUCCESS |  
2019-08-30 00:29:46,679 | INFO  | SCMAudit | user=jenkins1000 | ip=192.168.69.124 | op=SEND_HEARTBEAT {datanodeUUID=a12ea28e-4ff8-4509-b8a9-e7419ebd2ad0, command=[]} | ret=SUCCESS |  
2019-08-30 00:29:46,679 | INFO  | SCMAudit | user=jenkins1000 | ip=192.168.69.124 | op=SEND_HEARTBEAT {datanodeUUID=d1580c93-e30f-4179-b81b-faa6e700af79, command=[]} | ret=SUCCESS |  
2019-08-30 00:29:46,738 [Thread-318] INFO  impl.FollowerState (FollowerState.java:run(106)) - a12ea28e-4ff8-4509-b8a9-e7419ebd2ad0:group-E323711E83DB changes to CANDIDATE, lastRpcTime:5079, electionTimeout:5077ms
2019-08-30 00:29:46,740 [Thread-318] INFO  impl.RoleInfo (RoleInfo.java:shutdownFollowerState(121)) - a12ea28e-4ff8-4509-b8a9-e7419ebd2ad0: shutdown FollowerState
2019-08-30 00:29:46,740 [Thread-318] INFO  impl.RaftServerImpl (RaftServerImpl.java:setRole(171)) - a12ea28e-4ff8-4509-b8a9-e7419ebd2ad0:group-E323711E83DB changes role from FOLLOWER to CANDIDATE at term 1 for changeToCandidate
2019-08-30 00:29:46,741 [Thread-318] INFO  impl.RoleInfo (RoleInfo.java:updateAndGet(143)) - a12ea28e-4ff8-4509-b8a9-e7419ebd2ad0: start LeaderElection
2019-08-30 00:29:46,779 [a12ea28e-4ff8-4509-b8a9-e7419ebd2ad0:group-E323711E83DB:LeaderElection13] INFO  impl.LeaderElection (LeaderElection.java:askForVotes(181)) - a12ea28e-4ff8-4509-b8a9-e7419ebd2ad0:group-E323711E83DB:LeaderElection13: begin an election at term 2 for -1: [4390dbf5-fe85-4d4d-bc44-dfd1f2b7e3b6:192.168.69.124:39112, d1580c93-e30f-4179-b81b-faa6e700af79:192.168.69.124:35419, a12ea28e-4ff8-4509-b8a9-e7419ebd2ad0:192.168.69.124:34070], old=null
2019-08-30 00:29:46,789 [Thread-317] INFO  impl.FollowerState (FollowerState.java:run(106)) - 4390dbf5-fe85-4d4d-bc44-dfd1f2b7e3b6:group-E323711E83DB changes to CANDIDATE, lastRpcTime:5133, electionTimeout:5130ms
2019-08-30 00:29:46,790 [Thread-317] INFO  impl.RoleInfo (RoleInfo.java:shutdownFollowerState(121)) - 4390dbf5-fe85-4d4d-bc44-dfd1f2b7e3b6: shutdown FollowerState
2019-08-30 00:29:46,790 [Thread-317] INFO  impl.RaftServerImpl (RaftServerImpl.java:setRole(171)) - 4390dbf5-fe85-4d4d-bc44-dfd1f2b7e3b6:group-E323711E83DB changes role from FOLLOWER to CANDIDATE at term 1 for changeToCandidate
2019-08-30 00:29:46,790 [Thread-317] INFO  impl.RoleInfo (RoleInfo.java:updateAndGet(143)) - 4390dbf5-fe85-4d4d-bc44-dfd1f2b7e3b6: start LeaderElection
2019-08-30 00:29:46,795 [grpc-default-executor-0] INFO  impl.RaftServerImpl (RaftServerImpl.java:setRole(171)) - 4390dbf5-fe85-4d4d-bc44-dfd1f2b7e3b6:group-E323711E83DB changes role from CANDIDATE to FOLLOWER at term 2 for recognizeCandidate:a12ea28e-4ff8-4509-b8a9-e7419ebd2ad0
2019-08-30 00:29:46,795 [grpc-default-executor-0] INFO  impl.RoleInfo (RoleInfo.java:shutdownLeaderElection(134)) - 4390dbf5-fe85-4d4d-bc44-dfd1f2b7e3b6: shutdown LeaderElection
2019-08-30 00:29:46,795 [grpc-default-executor-3] INFO  impl.RaftServerImpl (RaftServerImpl.java:setRole(171)) - d1580c93-e30f-4179-b81b-faa6e700af79:group-E323711E83DB changes role from FOLLOWER to FOLLOWER at term 2 for recognizeCandidate:a12ea28e-4ff8-4509-b8a9-e7419ebd2ad0
2019-08-30 00:29:46,795 [grpc-default-executor-0] INFO  impl.RoleInfo (RoleInfo.java:updateAndGet(143)) - 4390dbf5-fe85-4d4d-bc44-dfd1f2b7e3b6: start FollowerState
2019-08-30 00:29:46,795 [grpc-default-executor-3] INFO  impl.RoleInfo (RoleInfo.java:shutdownFollowerState(121)) - d1580c93-e30f-4179-b81b-faa6e700af79: shutdown FollowerState
2019-08-30 00:29:46,796 [grpc-default-executor-3] INFO  impl.RoleInfo (RoleInfo.java:updateAndGet(143)) - d1580c93-e30f-4179-b81b-faa6e700af79: start FollowerState
2019-08-30 00:29:46,796 [Thread-316] INFO  impl.FollowerState (FollowerState.java:run(114)) - d1580c93-e30f-4179-b81b-faa6e700af79: FollowerState was interrupted: java.lang.InterruptedException: sleep interrupted
2019-08-30 00:29:46,826 [a12ea28e-4ff8-4509-b8a9-e7419ebd2ad0:group-E323711E83DB:LeaderElection13] INFO  impl.LeaderElection (LeaderElection.java:logAndReturn(56)) - a12ea28e-4ff8-4509-b8a9-e7419ebd2ad0:group-E323711E83DB:LeaderElection13: Election PASSED; received 1 response(s) [a12ea28e-4ff8-4509-b8a9-e7419ebd2ad0<-d1580c93-e30f-4179-b81b-faa6e700af79#0:OK-t2] and 0 exception(s); a12ea28e-4ff8-4509-b8a9-e7419ebd2ad0:t2, leader=null, voted=a12ea28e-4ff8-4509-b8a9-e7419ebd2ad0, raftlog=a12ea28e-4ff8-4509-b8a9-e7419ebd2ad0-SegmentedRaftLog:OPENED:c-1,f-1,i0, conf=-1: [4390dbf5-fe85-4d4d-bc44-dfd1f2b7e3b6:192.168.69.124:39112, d1580c93-e30f-4179-b81b-faa6e700af79:192.168.69.124:35419, a12ea28e-4ff8-4509-b8a9-e7419ebd2ad0:192.168.69.124:34070], old=null
2019-08-30 00:29:46,827 [a12ea28e-4ff8-4509-b8a9-e7419ebd2ad0:group-E323711E83DB:LeaderElection13] INFO  impl.RoleInfo (RoleInfo.java:shutdownLeaderElection(134)) - a12ea28e-4ff8-4509-b8a9-e7419ebd2ad0: shutdown LeaderElection
2019-08-30 00:29:46,829 [a12ea28e-4ff8-4509-b8a9-e7419ebd2ad0:group-E323711E83DB:LeaderElection13] INFO  impl.RaftServerImpl (RaftServerImpl.java:setRole(171)) - a12ea28e-4ff8-4509-b8a9-e7419ebd2ad0:group-E323711E83DB changes role from CANDIDATE to LEADER at term 2 for changeToLeader
2019-08-30 00:29:46,829 [a12ea28e-4ff8-4509-b8a9-e7419ebd2ad0:group-E323711E83DB:LeaderElection13] INFO  impl.RaftServerImpl (ServerState.java:setLeader(263)) - a12ea28e-4ff8-4509-b8a9-e7419ebd2ad0:group-E323711E83DB change Leader from null to a12ea28e-4ff8-4509-b8a9-e7419ebd2ad0 at term 2 for becomeLeader, leader elected after 10375ms
2019-08-30 00:29:46,829 [a12ea28e-4ff8-4509-b8a9-e7419ebd2ad0:group-E323711E83DB:LeaderElection13] INFO  server.RaftServerConfigKeys (ConfUtils.java:logGet(43)) - raft.server.staging.catchup.gap = 1000 (default)
2019-08-30 00:29:46,829 [a12ea28e-4ff8-4509-b8a9-e7419ebd2ad0:group-E323711E83DB:LeaderElection13] INFO  server.RaftServerConfigKeys (ConfUtils.java:logGet(43)) - raft.server.rpc.sleep.time = 25ms (default)
2019-08-30 00:29:46,830 [a12ea28e-4ff8-4509-b8a9-e7419ebd2ad0:group-E323711E83DB:LeaderElection13] INFO  server.RaftServerConfigKeys (ConfUtils.java:logGet(43)) - raft.server.write.element-limit = 4096 (default)
2019-08-30 00:29:46,830 [a12ea28e-4ff8-4509-b8a9-e7419ebd2ad0:group-E323711E83DB:LeaderElection13] INFO  server.RaftServerConfigKeys (ConfUtils.java:logGet(43)) - raft.server.watch.timeout = 10s (default)
2019-08-30 00:29:46,830 [a12ea28e-4ff8-4509-b8a9-e7419ebd2ad0:group-E323711E83DB:LeaderElection13] INFO  server.RaftServerConfigKeys (ConfUtils.java:logGet(43)) - raft.server.watch.timeout.denomination = 1s (default)
2019-08-30 00:29:46,830 [a12ea28e-4ff8-4509-b8a9-e7419ebd2ad0:group-E323711E83DB:LeaderElection13] INFO  server.RaftServerConfigKeys (ConfUtils.java:logGet(43)) - raft.server.watch.element-limit = 65536 (default)
2019-08-30 00:29:46,831 [a12ea28e-4ff8-4509-b8a9-e7419ebd2ad0:group-E323711E83DB:LeaderElection13] INFO  server.RaftServerConfigKeys (ConfUtils.java:logGet(43)) - raft.server.log.appender.snapshot.chunk.size.max = 16MB (=16777216) (default)
2019-08-30 00:29:46,831 [a12ea28e-4ff8-4509-b8a9-e7419ebd2ad0:group-E323711E83DB:LeaderElection13] INFO  server.RaftServerConfigKeys (ConfUtils.java:logGet(43)) - raft.server.log.appender.buffer.byte-limit = 33554432 (custom)
2019-08-30 00:29:46,831 [a12ea28e-4ff8-4509-b8a9-e7419ebd2ad0:group-E323711E83DB:LeaderElection13] INFO  server.RaftServerConfigKeys (ConfUtils.java:logGet(43)) - raft.server.log.appender.buffer.element-limit = 1 (custom)
2019-08-30 00:29:46,832 [a12ea28e-4ff8-4509-b8a9-e7419ebd2ad0:group-E323711E83DB:LeaderElection13] INFO  grpc.GrpcConfigKeys$Server (ConfUtils.java:logGet(43)) - raft.grpc.server.leader.outstanding.appends.max = 128 (default)
2019-08-30 00:29:46,834 [a12ea28e-4ff8-4509-b8a9-e7419ebd2ad0:group-E323711E83DB:LeaderElection13] INFO  server.RaftServerConfigKeys (ConfUtils.java:logGet(43)) - raft.server.rpc.request.timeout = 3000ms (default)
2019-08-30 00:29:46,834 [a12ea28e-4ff8-4509-b8a9-e7419ebd2ad0:group-E323711E83DB:LeaderElection13] INFO  server.RaftServerConfigKeys (ConfUtils.java:logGet(43)) - raft.server.log.appender.install.snapshot.enabled = false (custom)
2019-08-30 00:29:46,834 [a12ea28e-4ff8-4509-b8a9-e7419ebd2ad0:group-E323711E83DB:LeaderElection13] INFO  server.RaftServerConfigKeys (ConfUtils.java:logGet(43)) - raft.server.log.appender.snapshot.chunk.size.max = 16MB (=16777216) (default)
2019-08-30 00:29:46,835 [a12ea28e-4ff8-4509-b8a9-e7419ebd2ad0:group-E323711E83DB:LeaderElection13] INFO  server.RaftServerConfigKeys (ConfUtils.java:logGet(43)) - raft.server.log.appender.buffer.byte-limit = 33554432 (custom)
2019-08-30 00:29:46,835 [a12ea28e-4ff8-4509-b8a9-e7419ebd2ad0:group-E323711E83DB:LeaderElection13] INFO  server.RaftServerConfigKeys (ConfUtils.java:logGet(43)) - raft.server.log.appender.buffer.element-limit = 1 (custom)
2019-08-30 00:29:46,835 [a12ea28e-4ff8-4509-b8a9-e7419ebd2ad0:group-E323711E83DB:LeaderElection13] INFO  grpc.GrpcConfigKeys$Server (ConfUtils.java:logGet(43)) - raft.grpc.server.leader.outstanding.appends.max = 128 (default)
2019-08-30 00:29:46,835 [a12ea28e-4ff8-4509-b8a9-e7419ebd2ad0:group-E323711E83DB:LeaderElection13] INFO  server.RaftServerConfigKeys (ConfUtils.java:logGet(43)) - raft.server.rpc.request.timeout = 3000ms (default)
2019-08-30 00:29:46,836 [a12ea28e-4ff8-4509-b8a9-e7419ebd2ad0:group-E323711E83DB:LeaderElection13] INFO  server.RaftServerConfigKeys (ConfUtils.java:logGet(43)) - raft.server.log.appender.install.snapshot.enabled = false (custom)
2019-08-30 00:29:46,836 [a12ea28e-4ff8-4509-b8a9-e7419ebd2ad0:group-E323711E83DB:LeaderElection13] INFO  impl.RoleInfo (RoleInfo.java:updateAndGet(143)) - a12ea28e-4ff8-4509-b8a9-e7419ebd2ad0: start LeaderState
2019-08-30 00:29:46,836 [a12ea28e-4ff8-4509-b8a9-e7419ebd2ad0:group-E323711E83DB:LeaderElection13] INFO  segmented.SegmentedRaftLogWorker (SegmentedRaftLogWorker.java:startLogSegment(380)) - a12ea28e-4ff8-4509-b8a9-e7419ebd2ad0-SegmentedRaftLogWorker:Storage Directory /workdir/hadoop-ozone/integration-test/target/test-dir/MiniOzoneClusterImpl-8399914c-1e04-4a2d-86b1-d53ee4911094/datanode-5/data/ratis/86341e69-8aa4-4b37-bd10-e323711e83db: Starting segment from index:0
2019-08-30 00:29:46,837 [a12ea28e-4ff8-4509-b8a9-e7419ebd2ad0:group-E323711E83DB:LeaderElection13] INFO  impl.RaftServerImpl (ServerState.java:setRaftConf(361)) - a12ea28e-4ff8-4509-b8a9-e7419ebd2ad0:group-E323711E83DB set configuration 0: [4390dbf5-fe85-4d4d-bc44-dfd1f2b7e3b6:192.168.69.124:39112, d1580c93-e30f-4179-b81b-faa6e700af79:192.168.69.124:35419, a12ea28e-4ff8-4509-b8a9-e7419ebd2ad0:192.168.69.124:34070], old=null at 0
2019-08-30 00:29:46,843 [grpc-default-executor-3] INFO  impl.RaftServerImpl (ServerState.java:setLeader(263)) - d1580c93-e30f-4179-b81b-faa6e700af79:group-E323711E83DB change Leader from null to a12ea28e-4ff8-4509-b8a9-e7419ebd2ad0 at term 2 for appendEntries, leader elected after 10389ms
2019-08-30 00:29:46,878 [4390dbf5-fe85-4d4d-bc44-dfd1f2b7e3b6:group-E323711E83DB:LeaderElection14] INFO  impl.LeaderElection (LeaderElection.java:askForVotes(181)) - 4390dbf5-fe85-4d4d-bc44-dfd1f2b7e3b6:group-E323711E83DB:LeaderElection14: begin an election at term 3 for -1: [4390dbf5-fe85-4d4d-bc44-dfd1f2b7e3b6:192.168.69.124:39112, d1580c93-e30f-4179-b81b-faa6e700af79:192.168.69.124:35419, a12ea28e-4ff8-4509-b8a9-e7419ebd2ad0:192.168.69.124:34070], old=null
2019-08-30 00:29:46,879 [4390dbf5-fe85-4d4d-bc44-dfd1f2b7e3b6:group-E323711E83DB:LeaderElection14] INFO  impl.LeaderElection (LeaderElection.java:logAndReturn(56)) - 4390dbf5-fe85-4d4d-bc44-dfd1f2b7e3b6:group-E323711E83DB:LeaderElection14: Election REJECTED; received 0 response(s) [] and 0 exception(s); 4390dbf5-fe85-4d4d-bc44-dfd1f2b7e3b6:t3, leader=null, voted=4390dbf5-fe85-4d4d-bc44-dfd1f2b7e3b6, raftlog=4390dbf5-fe85-4d4d-bc44-dfd1f2b7e3b6-SegmentedRaftLog:OPENED:c-1,f-1,i0, conf=-1: [4390dbf5-fe85-4d4d-bc44-dfd1f2b7e3b6:192.168.69.124:39112, d1580c93-e30f-4179-b81b-faa6e700af79:192.168.69.124:35419, a12ea28e-4ff8-4509-b8a9-e7419ebd2ad0:192.168.69.124:34070], old=null
2019-08-30 00:29:46,882 | INFO  | SCMAudit | user=jenkins1000 | ip=192.168.69.124 | op=SEND_HEARTBEAT {datanodeUUID=278fc07b-1ae0-445c-982e-4fc0a892453b, command=[]} | ret=SUCCESS |  
2019-08-30 00:29:46,884 [Thread-359] INFO  impl.RaftServerImpl (ServerState.java:setLeader(263)) - a12ea28e-4ff8-4509-b8a9-e7419ebd2ad0:group-E323711E83DB change Leader from a12ea28e-4ff8-4509-b8a9-e7419ebd2ad0 to null at term 3 for updateCurrentTerm
2019-08-30 00:29:46,884 [Thread-359] INFO  impl.RaftServerImpl (RaftServerImpl.java:setRole(171)) - a12ea28e-4ff8-4509-b8a9-e7419ebd2ad0:group-E323711E83DB changes role from LEADER to FOLLOWER at term 3 for stepDown
2019-08-30 00:29:46,886 [Thread-359] INFO  impl.RoleInfo (RoleInfo.java:shutdownLeaderState(104)) - a12ea28e-4ff8-4509-b8a9-e7419ebd2ad0: shutdown LeaderState
2019-08-30 00:29:46,896 [org.apache.ratis.server.impl.LogAppender$AppenderDaemon$$Lambda$460/974589038@3079897c] WARN  server.GrpcLogAppender (GrpcLogAppender.java:mayWait(143)) - GrpcLogAppender(a12ea28e-4ff8-4509-b8a9-e7419ebd2ad0->4390dbf5-fe85-4d4d-bc44-dfd1f2b7e3b6): Wait interrupted by java.lang.InterruptedException
2019-08-30 00:29:46,911 [a12ea28e-4ff8-4509-b8a9-e7419ebd2ad0-SegmentedRaftLogWorker:Storage Directory /workdir/hadoop-ozone/integration-test/target/test-dir/MiniOzoneClusterImpl-8399914c-1e04-4a2d-86b1-d53ee4911094/datanode-5/data/ratis/86341e69-8aa4-4b37-bd10-e323711e83db] INFO  segmented.SegmentedRaftLogWorker (SegmentedRaftLogWorker.java:execute(569)) - a12ea28e-4ff8-4509-b8a9-e7419ebd2ad0-SegmentedRaftLogWorker:Storage Directory /workdir/hadoop-ozone/integration-test/target/test-dir/MiniOzoneClusterImpl-8399914c-1e04-4a2d-86b1-d53ee4911094/datanode-5/data/ratis/86341e69-8aa4-4b37-bd10-e323711e83db: created new log segment /workdir/hadoop-ozone/integration-test/target/test-dir/MiniOzoneClusterImpl-8399914c-1e04-4a2d-86b1-d53ee4911094/datanode-5/data/ratis/86341e69-8aa4-4b37-bd10-e323711e83db/current/log_inprogress_0
2019-08-30 00:29:46,911 [Thread-359] INFO  impl.PendingRequests (PendingRequests.java:sendNotLeaderResponses(202)) - a12ea28e-4ff8-4509-b8a9-e7419ebd2ad0-PendingRequests: sendNotLeaderResponses
2019-08-30 00:29:46,911 [grpc-default-executor-3] INFO  impl.RaftServerImpl (ServerState.java:setRaftConf(361)) - d1580c93-e30f-4179-b81b-faa6e700af79:group-E323711E83DB set configuration 0: [4390dbf5-fe85-4d4d-bc44-dfd1f2b7e3b6:192.168.69.124:39112, d1580c93-e30f-4179-b81b-faa6e700af79:192.168.69.124:35419, a12ea28e-4ff8-4509-b8a9-e7419ebd2ad0:192.168.69.124:34070], old=null at 0
2019-08-30 00:29:46,896 [org.apache.ratis.server.impl.LogAppender$AppenderDaemon$$Lambda$460/974589038@757b1117] WARN  server.GrpcLogAppender (GrpcLogAppender.java:mayWait(143)) - GrpcLogAppender(a12ea28e-4ff8-4509-b8a9-e7419ebd2ad0->d1580c93-e30f-4179-b81b-faa6e700af79): Wait interrupted by java.lang.InterruptedException
2019-08-30 00:29:46,913 [grpc-default-executor-3] INFO  segmented.SegmentedRaftLogWorker (SegmentedRaftLogWorker.java:startLogSegment(380)) - d1580c93-e30f-4179-b81b-faa6e700af79-SegmentedRaftLogWorker:Storage Directory /workdir/hadoop-ozone/integration-test/target/test-dir/MiniOzoneClusterImpl-8399914c-1e04-4a2d-86b1-d53ee4911094/datanode-6/data/ratis/86341e69-8aa4-4b37-bd10-e323711e83db: Starting segment from index:0
2019-08-30 00:29:46,913 [grpc-default-executor-0] INFO  impl.RaftServerImpl (ServerState.java:setLeader(263)) - d1580c93-e30f-4179-b81b-faa6e700af79:group-E323711E83DB change Leader from a12ea28e-4ff8-4509-b8a9-e7419ebd2ad0 to null at term 3 for updateCurrentTerm
2019-08-30 00:29:46,916 [grpc-default-executor-0] INFO  impl.RaftServerImpl (RaftServerImpl.java:setRole(171)) - d1580c93-e30f-4179-b81b-faa6e700af79:group-E323711E83DB changes role from FOLLOWER to FOLLOWER at term 3 for recognizeCandidate:4390dbf5-fe85-4d4d-bc44-dfd1f2b7e3b6
2019-08-30 00:29:46,916 [grpc-default-executor-1] INFO  server.GrpcServerProtocolService (GrpcServerProtocolService.java:onCompleted(104)) - 4390dbf5-fe85-4d4d-bc44-dfd1f2b7e3b6: appendEntries completed
2019-08-30 00:29:46,916 [grpc-default-executor-3] INFO  server.GrpcServerProtocolService (GrpcServerProtocolService.java:onCompleted(104)) - d1580c93-e30f-4179-b81b-faa6e700af79: appendEntries completed
2019-08-30 00:29:46,916 [grpc-default-executor-0] INFO  impl.RoleInfo (RoleInfo.java:shutdownFollowerState(121)) - d1580c93-e30f-4179-b81b-faa6e700af79: shutdown FollowerState
2019-08-30 00:29:46,962 [Thread-358] INFO  impl.FollowerState (FollowerState.java:run(114)) - d1580c93-e30f-4179-b81b-faa6e700af79: FollowerState was interrupted: java.lang.InterruptedException: sleep interrupted
2019-08-30 00:29:46,962 [grpc-default-executor-0] INFO  impl.RoleInfo (RoleInfo.java:updateAndGet(143)) - d1580c93-e30f-4179-b81b-faa6e700af79: start FollowerState
2019-08-30 00:29:46,962 | INFO  | SCMAudit | user=jenkins1000 | ip=192.168.69.124 | op=SEND_HEARTBEAT {datanodeUUID=6d7fd013-1723-4962-9a9c-3b2cdb5e5d89, command=[]} | ret=SUCCESS |  
2019-08-30 00:29:46,962 [Thread-359] INFO  impl.RoleInfo (RoleInfo.java:updateAndGet(143)) - a12ea28e-4ff8-4509-b8a9-e7419ebd2ad0: start FollowerState
2019-08-30 00:29:46,962 [grpc-default-executor-3] INFO  server.GrpcLogAppender (GrpcLogAppender.java:onCompleted(292)) - a12ea28e-4ff8-4509-b8a9-e7419ebd2ad0->4390dbf5-fe85-4d4d-bc44-dfd1f2b7e3b6: follower responses appendEntries COMPLETED
2019-08-30 00:29:46,975 [grpc-default-executor-3] INFO  impl.FollowerInfo (FollowerInfo.java:lambda$new$0(50)) - a12ea28e-4ff8-4509-b8a9-e7419ebd2ad0->4390dbf5-fe85-4d4d-bc44-dfd1f2b7e3b6: nextIndex: updateUnconditionally 0 -> 0
2019-08-30 00:29:46,975 [grpc-default-executor-3] INFO  server.GrpcLogAppender (GrpcLogAppender.java:onCompleted(292)) - a12ea28e-4ff8-4509-b8a9-e7419ebd2ad0->d1580c93-e30f-4179-b81b-faa6e700af79: follower responses appendEntries COMPLETED
2019-08-30 00:29:46,978 [grpc-default-executor-3] INFO  impl.FollowerInfo (FollowerInfo.java:lambda$new$0(50)) - a12ea28e-4ff8-4509-b8a9-e7419ebd2ad0->d1580c93-e30f-4179-b81b-faa6e700af79: nextIndex: updateUnconditionally 1 -> 0
2019-08-30 00:29:46,981 [d1580c93-e30f-4179-b81b-faa6e700af79-SegmentedRaftLogWorker:Storage Directory /workdir/hadoop-ozone/integration-test/target/test-dir/MiniOzoneClusterImpl-8399914c-1e04-4a2d-86b1-d53ee4911094/datanode-6/data/ratis/86341e69-8aa4-4b37-bd10-e323711e83db] INFO  segmented.SegmentedRaftLogWorker (SegmentedRaftLogWorker.java:execute(569)) - d1580c93-e30f-4179-b81b-faa6e700af79-SegmentedRaftLogWorker:Storage Directory /workdir/hadoop-ozone/integration-test/target/test-dir/MiniOzoneClusterImpl-8399914c-1e04-4a2d-86b1-d53ee4911094/datanode-6/data/ratis/86341e69-8aa4-4b37-bd10-e323711e83db: created new log segment /workdir/hadoop-ozone/integration-test/target/test-dir/MiniOzoneClusterImpl-8399914c-1e04-4a2d-86b1-d53ee4911094/datanode-6/data/ratis/86341e69-8aa4-4b37-bd10-e323711e83db/current/log_inprogress_0
2019-08-30 00:29:46,987 [grpc-default-executor-3] INFO  client.GrpcClientProtocolClient (GrpcClientProtocolClient.java:onNext(255)) - client-10FCE9192EF2->d1580c93-e30f-4179-b81b-faa6e700af79: receive RaftClientReply:client-10FCE9192EF2->d1580c93-e30f-4179-b81b-faa6e700af79@group-E323711E83DB, cid=13, FAILED org.apache.ratis.protocol.NotLeaderException: Server d1580c93-e30f-4179-b81b-faa6e700af79 is not the leader (null). Request must be sent to leader., logIndex=0, commits[d1580c93-e30f-4179-b81b-faa6e700af79:c-1, 4390dbf5-fe85-4d4d-bc44-dfd1f2b7e3b6:c-1, a12ea28e-4ff8-4509-b8a9-e7419ebd2ad0:c-1]
2019-08-30 00:29:46,996 [grpc-default-executor-2] INFO  impl.RaftServerImpl (RaftServerImpl.java:setRole(171)) - a12ea28e-4ff8-4509-b8a9-e7419ebd2ad0:group-E323711E83DB changes role from FOLLOWER to FOLLOWER at term 3 for recognizeCandidate:4390dbf5-fe85-4d4d-bc44-dfd1f2b7e3b6
2019-08-30 00:29:46,998 [grpc-default-executor-2] INFO  impl.RoleInfo (RoleInfo.java:shutdownFollowerState(121)) - a12ea28e-4ff8-4509-b8a9-e7419ebd2ad0: shutdown FollowerState
2019-08-30 00:29:46,998 [Thread-369] INFO  impl.FollowerState (FollowerState.java:run(114)) - a12ea28e-4ff8-4509-b8a9-e7419ebd2ad0: FollowerState was interrupted: java.lang.InterruptedException: sleep interrupted
2019-08-30 00:29:46,998 [grpc-default-executor-2] INFO  impl.RoleInfo (RoleInfo.java:updateAndGet(143)) - a12ea28e-4ff8-4509-b8a9-e7419ebd2ad0: start FollowerState
2019-08-30 00:29:47,033 | INFO  | SCMAudit | user=jenkins1000 | ip=192.168.69.124 | op=SEND_HEARTBEAT {datanodeUUID=172500b1-a982-45b0-97f3-b87b470f702c, command=[]} | ret=SUCCESS |  
2019-08-30 00:29:47,118 | INFO  | SCMAudit | user=jenkins1000 | ip=192.168.69.124 | op=SEND_HEARTBEAT {datanodeUUID=4390dbf5-fe85-4d4d-bc44-dfd1f2b7e3b6, command=[]} | ret=SUCCESS |  
2019-08-30 00:29:47,180 | INFO  | SCMAudit | user=jenkins1000 | ip=192.168.69.124 | op=SEND_HEARTBEAT {datanodeUUID=1019a315-1aa9-4af0-89b7-df29ea019370, command=[]} | ret=SUCCESS |  
2019-08-30 00:29:47,679 | INFO  | SCMAudit | user=jenkins1000 | ip=192.168.69.124 | op=SEND_HEARTBEAT {datanodeUUID=a12ea28e-4ff8-4509-b8a9-e7419ebd2ad0, command=[]} | ret=SUCCESS |  
2019-08-30 00:29:47,679 | INFO  | SCMAudit | user=jenkins1000 | ip=192.168.69.124 | op=SEND_HEARTBEAT {datanodeUUID=d1580c93-e30f-4179-b81b-faa6e700af79, command=[]} | ret=SUCCESS |  
2019-08-30 00:29:47,880 | INFO  | SCMAudit | user=jenkins1000 | ip=192.168.69.124 | op=SEND_HEARTBEAT {datanodeUUID=278fc07b-1ae0-445c-982e-4fc0a892453b, command=[]} | ret=SUCCESS |  
2019-08-30 00:29:47,959 | INFO  | SCMAudit | user=jenkins1000 | ip=192.168.69.124 | op=SEND_HEARTBEAT {datanodeUUID=6d7fd013-1723-4962-9a9c-3b2cdb5e5d89, command=[]} | ret=SUCCESS |  
2019-08-30 00:29:48,011 [grpc-default-executor-2] INFO  client.GrpcClientProtocolClient (GrpcClientProtocolClient.java:onNext(255)) - client-10FCE9192EF2->4390dbf5-fe85-4d4d-bc44-dfd1f2b7e3b6: receive RaftClientReply:client-10FCE9192EF2->4390dbf5-fe85-4d4d-bc44-dfd1f2b7e3b6@group-E323711E83DB, cid=13, FAILED org.apache.ratis.protocol.NotLeaderException: Server 4390dbf5-fe85-4d4d-bc44-dfd1f2b7e3b6 is not the leader (null). Request must be sent to leader., logIndex=0, commits[4390dbf5-fe85-4d4d-bc44-dfd1f2b7e3b6:c-1]
2019-08-30 00:29:48,033 | INFO  | SCMAudit | user=jenkins1000 | ip=192.168.69.124 | op=SEND_HEARTBEAT {datanodeUUID=172500b1-a982-45b0-97f3-b87b470f702c, command=[]} | ret=SUCCESS |  
2019-08-30 00:29:48,118 | INFO  | SCMAudit | user=jenkins1000 | ip=192.168.69.124 | op=SEND_HEARTBEAT {datanodeUUID=4390dbf5-fe85-4d4d-bc44-dfd1f2b7e3b6, command=[]} | ret=SUCCESS |  
2019-08-30 00:29:48,180 | INFO  | SCMAudit | user=jenkins1000 | ip=192.168.69.124 | op=SEND_HEARTBEAT {datanodeUUID=1019a315-1aa9-4af0-89b7-df29ea019370, command=[]} | ret=SUCCESS |  
2019-08-30 00:29:48,678 | INFO  | SCMAudit | user=jenkins1000 | ip=192.168.69.124 | op=SEND_HEARTBEAT {datanodeUUID=a12ea28e-4ff8-4509-b8a9-e7419ebd2ad0, command=[]} | ret=SUCCESS |  
2019-08-30 00:29:48,679 | INFO  | SCMAudit | user=jenkins1000 | ip=192.168.69.124 | op=SEND_HEARTBEAT {datanodeUUID=d1580c93-e30f-4179-b81b-faa6e700af79, command=[]} | ret=SUCCESS |  
2019-08-30 00:29:48,880 | INFO  | SCMAudit | user=jenkins1000 | ip=192.168.69.124 | op=SEND_HEARTBEAT {datanodeUUID=278fc07b-1ae0-445c-982e-4fc0a892453b, command=[]} | ret=SUCCESS |  
2019-08-30 00:29:48,959 | INFO  | SCMAudit | user=jenkins1000 | ip=192.168.69.124 | op=SEND_HEARTBEAT {datanodeUUID=6d7fd013-1723-4962-9a9c-3b2cdb5e5d89, command=[]} | ret=SUCCESS |  
2019-08-30 00:29:49,035 | INFO  | SCMAudit | user=jenkins1000 | ip=192.168.69.124 | op=SEND_HEARTBEAT {datanodeUUID=172500b1-a982-45b0-97f3-b87b470f702c, command=[]} | ret=SUCCESS |  
2019-08-30 00:29:49,035 [grpc-default-executor-3] INFO  client.GrpcClientProtocolClient (GrpcClientProtocolClient.java:onNext(255)) - client-10FCE9192EF2->d1580c93-e30f-4179-b81b-faa6e700af79: receive RaftClientReply:client-10FCE9192EF2->d1580c93-e30f-4179-b81b-faa6e700af79@group-E323711E83DB, cid=13, FAILED org.apache.ratis.protocol.NotLeaderException: Server d1580c93-e30f-4179-b81b-faa6e700af79 is not the leader (null). Request must be sent to leader., logIndex=0, commits[d1580c93-e30f-4179-b81b-faa6e700af79:c-1, 4390dbf5-fe85-4d4d-bc44-dfd1f2b7e3b6:c-1, a12ea28e-4ff8-4509-b8a9-e7419ebd2ad0:c-1]
2019-08-30 00:29:49,119 | INFO  | SCMAudit | user=jenkins1000 | ip=192.168.69.124 | op=SEND_HEARTBEAT {datanodeUUID=4390dbf5-fe85-4d4d-bc44-dfd1f2b7e3b6, command=[]} | ret=SUCCESS |  
2019-08-30 00:29:49,180 | INFO  | SCMAudit | user=jenkins1000 | ip=192.168.69.124 | op=SEND_HEARTBEAT {datanodeUUID=1019a315-1aa9-4af0-89b7-df29ea019370, command=[]} | ret=SUCCESS |  
2019-08-30 00:29:49,680 | INFO  | SCMAudit | user=jenkins1000 | ip=192.168.69.124 | op=SEND_HEARTBEAT {datanodeUUID=a12ea28e-4ff8-4509-b8a9-e7419ebd2ad0, command=[]} | ret=SUCCESS |  
2019-08-30 00:29:49,680 | INFO  | SCMAudit | user=jenkins1000 | ip=192.168.69.124 | op=SEND_HEARTBEAT {datanodeUUID=d1580c93-e30f-4179-b81b-faa6e700af79, command=[]} | ret=SUCCESS |  
2019-08-30 00:29:49,880 | INFO  | SCMAudit | user=jenkins1000 | ip=192.168.69.124 | op=SEND_HEARTBEAT {datanodeUUID=278fc07b-1ae0-445c-982e-4fc0a892453b, command=[]} | ret=SUCCESS |  
2019-08-30 00:29:49,959 | INFO  | SCMAudit | user=jenkins1000 | ip=192.168.69.124 | op=SEND_HEARTBEAT {datanodeUUID=6d7fd013-1723-4962-9a9c-3b2cdb5e5d89, command=[]} | ret=SUCCESS |  
2019-08-30 00:29:50,035 | INFO  | SCMAudit | user=jenkins1000 | ip=192.168.69.124 | op=SEND_HEARTBEAT {datanodeUUID=172500b1-a982-45b0-97f3-b87b470f702c, command=[]} | ret=SUCCESS |  
2019-08-30 00:29:50,061 [grpc-default-executor-2] INFO  client.GrpcClientProtocolClient (GrpcClientProtocolClient.java:onNext(255)) - client-10FCE9192EF2->4390dbf5-fe85-4d4d-bc44-dfd1f2b7e3b6: receive RaftClientReply:client-10FCE9192EF2->4390dbf5-fe85-4d4d-bc44-dfd1f2b7e3b6@group-E323711E83DB, cid=13, FAILED org.apache.ratis.protocol.NotLeaderException: Server 4390dbf5-fe85-4d4d-bc44-dfd1f2b7e3b6 is not the leader (null). Request must be sent to leader., logIndex=0, commits[4390dbf5-fe85-4d4d-bc44-dfd1f2b7e3b6:c-1]
2019-08-30 00:29:50,119 | INFO  | SCMAudit | user=jenkins1000 | ip=192.168.69.124 | op=SEND_HEARTBEAT {datanodeUUID=4390dbf5-fe85-4d4d-bc44-dfd1f2b7e3b6, command=[]} | ret=SUCCESS |  
2019-08-30 00:29:50,180 | INFO  | SCMAudit | user=jenkins1000 | ip=192.168.69.124 | op=SEND_HEARTBEAT {datanodeUUID=1019a315-1aa9-4af0-89b7-df29ea019370, command=[]} | ret=SUCCESS |  
2019-08-30 00:29:50,679 | INFO  | SCMAudit | user=jenkins1000 | ip=192.168.69.124 | op=SEND_HEARTBEAT {datanodeUUID=d1580c93-e30f-4179-b81b-faa6e700af79, command=[]} | ret=SUCCESS |  
2019-08-30 00:29:50,679 | INFO  | SCMAudit | user=jenkins1000 | ip=192.168.69.124 | op=SEND_HEARTBEAT {datanodeUUID=a12ea28e-4ff8-4509-b8a9-e7419ebd2ad0, command=[]} | ret=SUCCESS |  
2019-08-30 00:29:50,890 | INFO  | SCMAudit | user=jenkins1000 | ip=192.168.69.124 | op=SEND_HEARTBEAT {datanodeUUID=278fc07b-1ae0-445c-982e-4fc0a892453b, command=[]} | ret=SUCCESS |  
2019-08-30 00:29:50,959 | INFO  | SCMAudit | user=jenkins1000 | ip=192.168.69.124 | op=SEND_HEARTBEAT {datanodeUUID=6d7fd013-1723-4962-9a9c-3b2cdb5e5d89, command=[]} | ret=SUCCESS |  
2019-08-30 00:29:51,036 | INFO  | SCMAudit | user=jenkins1000 | ip=192.168.69.124 | op=SEND_HEARTBEAT {datanodeUUID=172500b1-a982-45b0-97f3-b87b470f702c, command=[]} | ret=SUCCESS |  
2019-08-30 00:29:51,084 [grpc-default-executor-2] INFO  client.GrpcClientProtocolClient (GrpcClientProtocolClient.java:onNext(255)) - client-10FCE9192EF2->a12ea28e-4ff8-4509-b8a9-e7419ebd2ad0: receive RaftClientReply:client-10FCE9192EF2->a12ea28e-4ff8-4509-b8a9-e7419ebd2ad0@group-E323711E83DB, cid=13, FAILED org.apache.ratis.protocol.NotLeaderException: Server a12ea28e-4ff8-4509-b8a9-e7419ebd2ad0 is not the leader (null). Request must be sent to leader., logIndex=0, commits[a12ea28e-4ff8-4509-b8a9-e7419ebd2ad0:c-1, 4390dbf5-fe85-4d4d-bc44-dfd1f2b7e3b6:c-1, d1580c93-e30f-4179-b81b-faa6e700af79:c-1]
2019-08-30 00:29:51,119 | INFO  | SCMAudit | user=jenkins1000 | ip=192.168.69.124 | op=SEND_HEARTBEAT {datanodeUUID=4390dbf5-fe85-4d4d-bc44-dfd1f2b7e3b6, command=[]} | ret=SUCCESS |  
2019-08-30 00:29:51,180 | INFO  | SCMAudit | user=jenkins1000 | ip=192.168.69.124 | op=SEND_HEARTBEAT {datanodeUUID=1019a315-1aa9-4af0-89b7-df29ea019370, command=[]} | ret=SUCCESS |  
2019-08-30 00:29:51,679 | INFO  | SCMAudit | user=jenkins1000 | ip=192.168.69.124 | op=SEND_HEARTBEAT {datanodeUUID=a12ea28e-4ff8-4509-b8a9-e7419ebd2ad0, command=[]} | ret=SUCCESS |  
2019-08-30 00:29:51,679 | INFO  | SCMAudit | user=jenkins1000 | ip=192.168.69.124 | op=SEND_HEARTBEAT {datanodeUUID=d1580c93-e30f-4179-b81b-faa6e700af79, command=[]} | ret=SUCCESS |  
2019-08-30 00:29:51,880 | INFO  | SCMAudit | user=jenkins1000 | ip=192.168.69.124 | op=SEND_HEARTBEAT {datanodeUUID=278fc07b-1ae0-445c-982e-4fc0a892453b, command=[]} | ret=SUCCESS |  
2019-08-30 00:29:51,918 [Thread-357] INFO  impl.FollowerState (FollowerState.java:run(106)) - 4390dbf5-fe85-4d4d-bc44-dfd1f2b7e3b6:group-E323711E83DB changes to CANDIDATE, lastRpcTime:5122, electionTimeout:5122ms
2019-08-30 00:29:51,918 [Thread-357] INFO  impl.RoleInfo (RoleInfo.java:shutdownFollowerState(121)) - 4390dbf5-fe85-4d4d-bc44-dfd1f2b7e3b6: shutdown FollowerState
2019-08-30 00:29:51,919 [Thread-357] INFO  impl.RaftServerImpl (RaftServerImpl.java:setRole(171)) - 4390dbf5-fe85-4d4d-bc44-dfd1f2b7e3b6:group-E323711E83DB changes role from FOLLOWER to CANDIDATE at term 3 for changeToCandidate
2019-08-30 00:29:51,919 [Thread-357] INFO  impl.RoleInfo (RoleInfo.java:updateAndGet(143)) - 4390dbf5-fe85-4d4d-bc44-dfd1f2b7e3b6: start LeaderElection
2019-08-30 00:29:51,945 [4390dbf5-fe85-4d4d-bc44-dfd1f2b7e3b6:group-E323711E83DB:LeaderElection15] INFO  impl.LeaderElection (LeaderElection.java:askForVotes(181)) - 4390dbf5-fe85-4d4d-bc44-dfd1f2b7e3b6:group-E323711E83DB:LeaderElection15: begin an election at term 4 for -1: [4390dbf5-fe85-4d4d-bc44-dfd1f2b7e3b6:192.168.69.124:39112, d1580c93-e30f-4179-b81b-faa6e700af79:192.168.69.124:35419, a12ea28e-4ff8-4509-b8a9-e7419ebd2ad0:192.168.69.124:34070], old=null
2019-08-30 00:29:51,967 [grpc-default-executor-3] INFO  impl.RaftServerImpl (RaftServerImpl.java:setRole(171)) - a12ea28e-4ff8-4509-b8a9-e7419ebd2ad0:group-E323711E83DB changes role from FOLLOWER to FOLLOWER at term 4 for recognizeCandidate:4390dbf5-fe85-4d4d-bc44-dfd1f2b7e3b6
2019-08-30 00:29:51,967 | INFO  | SCMAudit | user=jenkins1000 | ip=192.168.69.124 | op=SEND_HEARTBEAT {datanodeUUID=6d7fd013-1723-4962-9a9c-3b2cdb5e5d89, command=[]} | ret=SUCCESS |  
2019-08-30 00:29:51,967 [grpc-default-executor-2] INFO  impl.RaftServerImpl (RaftServerImpl.java:setRole(171)) - d1580c93-e30f-4179-b81b-faa6e700af79:group-E323711E83DB changes role from FOLLOWER to FOLLOWER at term 4 for recognizeCandidate:4390dbf5-fe85-4d4d-bc44-dfd1f2b7e3b6
2019-08-30 00:29:51,967 [grpc-default-executor-3] INFO  impl.RoleInfo (RoleInfo.java:shutdownFollowerState(121)) - a12ea28e-4ff8-4509-b8a9-e7419ebd2ad0: shutdown FollowerState
2019-08-30 00:29:51,967 [grpc-default-executor-2] INFO  impl.RoleInfo (RoleInfo.java:shutdownFollowerState(121)) - d1580c93-e30f-4179-b81b-faa6e700af79: shutdown FollowerState
2019-08-30 00:29:51,968 [Thread-375] INFO  impl.FollowerState (FollowerState.java:run(114)) - a12ea28e-4ff8-4509-b8a9-e7419ebd2ad0: FollowerState was interrupted: java.lang.InterruptedException: sleep interrupted
2019-08-30 00:29:51,968 [grpc-default-executor-3] INFO  impl.RoleInfo (RoleInfo.java:updateAndGet(143)) - a12ea28e-4ff8-4509-b8a9-e7419ebd2ad0: start FollowerState
2019-08-30 00:29:51,968 [Thread-368] INFO  impl.FollowerState (FollowerState.java:run(114)) - d1580c93-e30f-4179-b81b-faa6e700af79: FollowerState was interrupted: java.lang.InterruptedException: sleep interrupted
2019-08-30 00:29:51,968 [grpc-default-executor-2] INFO  impl.RoleInfo (RoleInfo.java:updateAndGet(143)) - d1580c93-e30f-4179-b81b-faa6e700af79: start FollowerState
2019-08-30 00:29:51,992 [4390dbf5-fe85-4d4d-bc44-dfd1f2b7e3b6:group-E323711E83DB:LeaderElection15] INFO  impl.LeaderElection (LeaderElection.java:logAndReturn(56)) - 4390dbf5-fe85-4d4d-bc44-dfd1f2b7e3b6:group-E323711E83DB:LeaderElection15: Election REJECTED; received 2 response(s) [4390dbf5-fe85-4d4d-bc44-dfd1f2b7e3b6<-d1580c93-e30f-4179-b81b-faa6e700af79#0:FAIL-t4, 4390dbf5-fe85-4d4d-bc44-dfd1f2b7e3b6<-a12ea28e-4ff8-4509-b8a9-e7419ebd2ad0#0:FAIL-t4] and 0 exception(s); 4390dbf5-fe85-4d4d-bc44-dfd1f2b7e3b6:t4, leader=null, voted=4390dbf5-fe85-4d4d-bc44-dfd1f2b7e3b6, raftlog=4390dbf5-fe85-4d4d-bc44-dfd1f2b7e3b6-SegmentedRaftLog:OPENED:c-1,f-1,i0, conf=-1: [4390dbf5-fe85-4d4d-bc44-dfd1f2b7e3b6:192.168.69.124:39112, d1580c93-e30f-4179-b81b-faa6e700af79:192.168.69.124:35419, a12ea28e-4ff8-4509-b8a9-e7419ebd2ad0:192.168.69.124:34070], old=null
2019-08-30 00:29:51,993 [4390dbf5-fe85-4d4d-bc44-dfd1f2b7e3b6:group-E323711E83DB:LeaderElection15] INFO  impl.RaftServerImpl (RaftServerImpl.java:setRole(171)) - 4390dbf5-fe85-4d4d-bc44-dfd1f2b7e3b6:group-E323711E83DB changes role from CANDIDATE to FOLLOWER at term 4 for DISCOVERED_A_NEW_TERM
2019-08-30 00:29:51,995 [4390dbf5-fe85-4d4d-bc44-dfd1f2b7e3b6:group-E323711E83DB:LeaderElection15] INFO  impl.RoleInfo (RoleInfo.java:shutdownLeaderElection(134)) - 4390dbf5-fe85-4d4d-bc44-dfd1f2b7e3b6: shutdown LeaderElection
2019-08-30 00:29:51,995 [4390dbf5-fe85-4d4d-bc44-dfd1f2b7e3b6:group-E323711E83DB:LeaderElection15] INFO  impl.RoleInfo (RoleInfo.java:updateAndGet(143)) - 4390dbf5-fe85-4d4d-bc44-dfd1f2b7e3b6: start FollowerState
2019-08-30 00:29:52,036 | INFO  | SCMAudit | user=jenkins1000 | ip=192.168.69.124 | op=SEND_HEARTBEAT {datanodeUUID=172500b1-a982-45b0-97f3-b87b470f702c, command=[]} | ret=SUCCESS |  
2019-08-30 00:29:52,106 [grpc-default-executor-2] INFO  client.GrpcClientProtocolClient (GrpcClientProtocolClient.java:onNext(255)) - client-10FCE9192EF2->4390dbf5-fe85-4d4d-bc44-dfd1f2b7e3b6: receive RaftClientReply:client-10FCE9192EF2->4390dbf5-fe85-4d4d-bc44-dfd1f2b7e3b6@group-E323711E83DB, cid=13, FAILED org.apache.ratis.protocol.NotLeaderException: Server 4390dbf5-fe85-4d4d-bc44-dfd1f2b7e3b6 is not the leader (null). Request must be sent to leader., logIndex=0, commits[4390dbf5-fe85-4d4d-bc44-dfd1f2b7e3b6:c-1]
2019-08-30 00:29:52,118 | INFO  | SCMAudit | user=jenkins1000 | ip=192.168.69.124 | op=SEND_HEARTBEAT {datanodeUUID=4390dbf5-fe85-4d4d-bc44-dfd1f2b7e3b6, command=[]} | ret=SUCCESS |  
2019-08-30 00:29:52,179 | INFO  | SCMAudit | user=jenkins1000 | ip=192.168.69.124 | op=SEND_HEARTBEAT {datanodeUUID=1019a315-1aa9-4af0-89b7-df29ea019370, command=[]} | ret=SUCCESS |  
2019-08-30 00:29:52,679 | INFO  | SCMAudit | user=jenkins1000 | ip=192.168.69.124 | op=SEND_HEARTBEAT {datanodeUUID=d1580c93-e30f-4179-b81b-faa6e700af79, command=[]} | ret=SUCCESS |  
2019-08-30 00:29:52,679 | INFO  | SCMAudit | user=jenkins1000 | ip=192.168.69.124 | op=SEND_HEARTBEAT {datanodeUUID=a12ea28e-4ff8-4509-b8a9-e7419ebd2ad0, command=[]} | ret=SUCCESS |  
2019-08-30 00:29:52,881 | INFO  | SCMAudit | user=jenkins1000 | ip=192.168.69.124 | op=SEND_HEARTBEAT {datanodeUUID=278fc07b-1ae0-445c-982e-4fc0a892453b, command=[]} | ret=SUCCESS |  
2019-08-30 00:29:52,973 | INFO  | SCMAudit | user=jenkins1000 | ip=192.168.69.124 | op=SEND_HEARTBEAT {datanodeUUID=6d7fd013-1723-4962-9a9c-3b2cdb5e5d89, command=[]} | ret=SUCCESS |  
2019-08-30 00:29:53,036 | INFO  | SCMAudit | user=jenkins1000 | ip=192.168.69.124 | op=SEND_HEARTBEAT {datanodeUUID=172500b1-a982-45b0-97f3-b87b470f702c, command=[]} | ret=SUCCESS |  
2019-08-30 00:29:53,118 | INFO  | SCMAudit | user=jenkins1000 | ip=192.168.69.124 | op=SEND_HEARTBEAT {datanodeUUID=4390dbf5-fe85-4d4d-bc44-dfd1f2b7e3b6, command=[]} | ret=SUCCESS |  
2019-08-30 00:29:53,130 [grpc-default-executor-3] INFO  client.GrpcClientProtocolClient (GrpcClientProtocolClient.java:onNext(255)) - client-10FCE9192EF2->a12ea28e-4ff8-4509-b8a9-e7419ebd2ad0: receive RaftClientReply:client-10FCE9192EF2->a12ea28e-4ff8-4509-b8a9-e7419ebd2ad0@group-E323711E83DB, cid=13, FAILED org.apache.ratis.protocol.NotLeaderException: Server a12ea28e-4ff8-4509-b8a9-e7419ebd2ad0 is not the leader (null). Request must be sent to leader., logIndex=0, commits[a12ea28e-4ff8-4509-b8a9-e7419ebd2ad0:c-1, 4390dbf5-fe85-4d4d-bc44-dfd1f2b7e3b6:c-1, d1580c93-e30f-4179-b81b-faa6e700af79:c-1]
2019-08-30 00:29:53,180 | INFO  | SCMAudit | user=jenkins1000 | ip=192.168.69.124 | op=SEND_HEARTBEAT {datanodeUUID=1019a315-1aa9-4af0-89b7-df29ea019370, command=[]} | ret=SUCCESS |  
2019-08-30 00:29:53,680 | INFO  | SCMAudit | user=jenkins1000 | ip=192.168.69.124 | op=SEND_HEARTBEAT {datanodeUUID=d1580c93-e30f-4179-b81b-faa6e700af79, command=[]} | ret=SUCCESS |  
2019-08-30 00:29:53,680 | INFO  | SCMAudit | user=jenkins1000 | ip=192.168.69.124 | op=SEND_HEARTBEAT {datanodeUUID=a12ea28e-4ff8-4509-b8a9-e7419ebd2ad0, command=[]} | ret=SUCCESS |  
2019-08-30 00:29:53,881 | INFO  | SCMAudit | user=jenkins1000 | ip=192.168.69.124 | op=SEND_HEARTBEAT {datanodeUUID=278fc07b-1ae0-445c-982e-4fc0a892453b, command=[]} | ret=SUCCESS |  
2019-08-30 00:29:53,973 | INFO  | SCMAudit | user=jenkins1000 | ip=192.168.69.124 | op=SEND_HEARTBEAT {datanodeUUID=6d7fd013-1723-4962-9a9c-3b2cdb5e5d89, command=[]} | ret=SUCCESS |  
2019-08-30 00:29:54,036 | INFO  | SCMAudit | user=jenkins1000 | ip=192.168.69.124 | op=SEND_HEARTBEAT {datanodeUUID=172500b1-a982-45b0-97f3-b87b470f702c, command=[]} | ret=SUCCESS |  
2019-08-30 00:29:54,119 | INFO  | SCMAudit | user=jenkins1000 | ip=192.168.69.124 | op=SEND_HEARTBEAT {datanodeUUID=4390dbf5-fe85-4d4d-bc44-dfd1f2b7e3b6, command=[]} | ret=SUCCESS |  
2019-08-30 00:29:54,159 [grpc-default-executor-2] INFO  client.GrpcClientProtocolClient (GrpcClientProtocolClient.java:onNext(255)) - client-10FCE9192EF2->4390dbf5-fe85-4d4d-bc44-dfd1f2b7e3b6: receive RaftClientReply:client-10FCE9192EF2->4390dbf5-fe85-4d4d-bc44-dfd1f2b7e3b6@group-E323711E83DB, cid=13, FAILED org.apache.ratis.protocol.NotLeaderException: Server 4390dbf5-fe85-4d4d-bc44-dfd1f2b7e3b6 is not the leader (null). Request must be sent to leader., logIndex=0, commits[4390dbf5-fe85-4d4d-bc44-dfd1f2b7e3b6:c-1]
2019-08-30 00:29:54,180 | INFO  | SCMAudit | user=jenkins1000 | ip=192.168.69.124 | op=SEND_HEARTBEAT {datanodeUUID=1019a315-1aa9-4af0-89b7-df29ea019370, command=[]} | ret=SUCCESS |  
2019-08-30 00:29:54,680 | INFO  | SCMAudit | user=jenkins1000 | ip=192.168.69.124 | op=SEND_HEARTBEAT {datanodeUUID=d1580c93-e30f-4179-b81b-faa6e700af79, command=[]} | ret=SUCCESS |  
2019-08-30 00:29:54,680 | INFO  | SCMAudit | user=jenkins1000 | ip=192.168.69.124 | op=SEND_HEARTBEAT {datanodeUUID=a12ea28e-4ff8-4509-b8a9-e7419ebd2ad0, command=[]} | ret=SUCCESS |  
2019-08-30 00:29:54,881 | INFO  | SCMAudit | user=jenkins1000 | ip=192.168.69.124 | op=SEND_HEARTBEAT {datanodeUUID=278fc07b-1ae0-445c-982e-4fc0a892453b, command=[]} | ret=SUCCESS |  
2019-08-30 00:29:54,973 | INFO  | SCMAudit | user=jenkins1000 | ip=192.168.69.124 | op=SEND_HEARTBEAT {datanodeUUID=6d7fd013-1723-4962-9a9c-3b2cdb5e5d89, command=[]} | ret=SUCCESS |  
2019-08-30 00:29:55,036 | INFO  | SCMAudit | user=jenkins1000 | ip=192.168.69.124 | op=SEND_HEARTBEAT {datanodeUUID=172500b1-a982-45b0-97f3-b87b470f702c, command=[]} | ret=SUCCESS |  
2019-08-30 00:29:55,119 | INFO  | SCMAudit | user=jenkins1000 | ip=192.168.69.124 | op=SEND_HEARTBEAT {datanodeUUID=4390dbf5-fe85-4d4d-bc44-dfd1f2b7e3b6, command=[]} | ret=SUCCESS |  
2019-08-30 00:29:55,178 [grpc-default-executor-3] INFO  client.GrpcClientProtocolClient (GrpcClientProtocolClient.java:onNext(255)) - client-10FCE9192EF2->d1580c93-e30f-4179-b81b-faa6e700af79: receive RaftClientReply:client-10FCE9192EF2->d1580c93-e30f-4179-b81b-faa6e700af79@group-E323711E83DB, cid=13, FAILED org.apache.ratis.protocol.NotLeaderException: Server d1580c93-e30f-4179-b81b-faa6e700af79 is not the leader (null). Request must be sent to leader., logIndex=0, commits[d1580c93-e30f-4179-b81b-faa6e700af79:c-1, 4390dbf5-fe85-4d4d-bc44-dfd1f2b7e3b6:c-1, a12ea28e-4ff8-4509-b8a9-e7419ebd2ad0:c-1]
2019-08-30 00:29:55,194 | INFO  | SCMAudit | user=jenkins1000 | ip=192.168.69.124 | op=SEND_HEARTBEAT {datanodeUUID=1019a315-1aa9-4af0-89b7-df29ea019370, command=[]} | ret=SUCCESS |  
2019-08-30 00:29:55,680 | INFO  | SCMAudit | user=jenkins1000 | ip=192.168.69.124 | op=SEND_HEARTBEAT {datanodeUUID=a12ea28e-4ff8-4509-b8a9-e7419ebd2ad0, command=[]} | ret=SUCCESS |  
2019-08-30 00:29:55,680 | INFO  | SCMAudit | user=jenkins1000 | ip=192.168.69.124 | op=SEND_HEARTBEAT {datanodeUUID=d1580c93-e30f-4179-b81b-faa6e700af79, command=[]} | ret=SUCCESS |  
2019-08-30 00:29:55,881 | INFO  | SCMAudit | user=jenkins1000 | ip=192.168.69.124 | op=SEND_HEARTBEAT {datanodeUUID=278fc07b-1ae0-445c-982e-4fc0a892453b, command=[]} | ret=SUCCESS |  
2019-08-30 00:29:55,973 | INFO  | SCMAudit | user=jenkins1000 | ip=192.168.69.124 | op=SEND_HEARTBEAT {datanodeUUID=6d7fd013-1723-4962-9a9c-3b2cdb5e5d89, command=[]} | ret=SUCCESS |  
2019-08-30 00:29:56,036 | INFO  | SCMAudit | user=jenkins1000 | ip=192.168.69.124 | op=SEND_HEARTBEAT {datanodeUUID=172500b1-a982-45b0-97f3-b87b470f702c, command=[]} | ret=SUCCESS |  
2019-08-30 00:29:56,119 | INFO  | SCMAudit | user=jenkins1000 | ip=192.168.69.124 | op=SEND_HEARTBEAT {datanodeUUID=4390dbf5-fe85-4d4d-bc44-dfd1f2b7e3b6, command=[]} | ret=SUCCESS |  
2019-08-30 00:29:56,180 | INFO  | SCMAudit | user=jenkins1000 | ip=192.168.69.124 | op=SEND_HEARTBEAT {datanodeUUID=1019a315-1aa9-4af0-89b7-df29ea019370, command=[]} | ret=SUCCESS |  
2019-08-30 00:29:56,205 [grpc-default-executor-3] INFO  client.GrpcClientProtocolClient (GrpcClientProtocolClient.java:onNext(255)) - client-10FCE9192EF2->4390dbf5-fe85-4d4d-bc44-dfd1f2b7e3b6: receive RaftClientReply:client-10FCE9192EF2->4390dbf5-fe85-4d4d-bc44-dfd1f2b7e3b6@group-E323711E83DB, cid=13, FAILED org.apache.ratis.protocol.NotLeaderException: Server 4390dbf5-fe85-4d4d-bc44-dfd1f2b7e3b6 is not the leader (null). Request must be sent to leader., logIndex=0, commits[4390dbf5-fe85-4d4d-bc44-dfd1f2b7e3b6:c-1]
2019-08-30 00:29:56,680 | INFO  | SCMAudit | user=jenkins1000 | ip=192.168.69.124 | op=SEND_HEARTBEAT {datanodeUUID=d1580c93-e30f-4179-b81b-faa6e700af79, command=[]} | ret=SUCCESS |  
2019-08-30 00:29:56,680 | INFO  | SCMAudit | user=jenkins1000 | ip=192.168.69.124 | op=SEND_HEARTBEAT {datanodeUUID=a12ea28e-4ff8-4509-b8a9-e7419ebd2ad0, command=[]} | ret=SUCCESS |  
2019-08-30 00:29:56,882 | INFO  | SCMAudit | user=jenkins1000 | ip=192.168.69.124 | op=SEND_HEARTBEAT {datanodeUUID=278fc07b-1ae0-445c-982e-4fc0a892453b, command=[]} | ret=SUCCESS |  
2019-08-30 00:29:56,973 | INFO  | SCMAudit | user=jenkins1000 | ip=192.168.69.124 | op=SEND_HEARTBEAT {datanodeUUID=6d7fd013-1723-4962-9a9c-3b2cdb5e5d89, command=[]} | ret=SUCCESS |  
2019-08-30 00:29:56,990 [Thread-394] INFO  impl.FollowerState (FollowerState.java:run(106)) - d1580c93-e30f-4179-b81b-faa6e700af79:group-E323711E83DB changes to CANDIDATE, lastRpcTime:5021, electionTimeout:5014ms
2019-08-30 00:29:56,990 [Thread-394] INFO  impl.RoleInfo (RoleInfo.java:shutdownFollowerState(121)) - d1580c93-e30f-4179-b81b-faa6e700af79: shutdown FollowerState
2019-08-30 00:29:56,990 [Thread-394] INFO  impl.RaftServerImpl (RaftServerImpl.java:setRole(171)) - d1580c93-e30f-4179-b81b-faa6e700af79:group-E323711E83DB changes role from FOLLOWER to CANDIDATE at term 4 for changeToCandidate
2019-08-30 00:29:56,990 [Thread-394] INFO  impl.RoleInfo (RoleInfo.java:updateAndGet(143)) - d1580c93-e30f-4179-b81b-faa6e700af79: start LeaderElection
2019-08-30 00:29:56,997 [Thread-393] INFO  impl.FollowerState (FollowerState.java:run(106)) - a12ea28e-4ff8-4509-b8a9-e7419ebd2ad0:group-E323711E83DB changes to CANDIDATE, lastRpcTime:5029, electionTimeout:5022ms
2019-08-30 00:29:56,997 [Thread-393] INFO  impl.RoleInfo (RoleInfo.java:shutdownFollowerState(121)) - a12ea28e-4ff8-4509-b8a9-e7419ebd2ad0: shutdown FollowerState
2019-08-30 00:29:56,998 [Thread-393] INFO  impl.RaftServerImpl (RaftServerImpl.java:setRole(171)) - a12ea28e-4ff8-4509-b8a9-e7419ebd2ad0:group-E323711E83DB changes role from FOLLOWER to CANDIDATE at term 4 for changeToCandidate
2019-08-30 00:29:56,998 [Thread-393] INFO  impl.RoleInfo (RoleInfo.java:updateAndGet(143)) - a12ea28e-4ff8-4509-b8a9-e7419ebd2ad0: start LeaderElection
2019-08-30 00:29:57,030 [a12ea28e-4ff8-4509-b8a9-e7419ebd2ad0:group-E323711E83DB:LeaderElection17] INFO  impl.LeaderElection (LeaderElection.java:askForVotes(181)) - a12ea28e-4ff8-4509-b8a9-e7419ebd2ad0:group-E323711E83DB:LeaderElection17: begin an election at term 5 for 0: [4390dbf5-fe85-4d4d-bc44-dfd1f2b7e3b6:192.168.69.124:39112, d1580c93-e30f-4179-b81b-faa6e700af79:192.168.69.124:35419, a12ea28e-4ff8-4509-b8a9-e7419ebd2ad0:192.168.69.124:34070], old=null
2019-08-30 00:29:57,031 [d1580c93-e30f-4179-b81b-faa6e700af79:group-E323711E83DB:LeaderElection16] INFO  impl.LeaderElection (LeaderElection.java:askForVotes(181)) - d1580c93-e30f-4179-b81b-faa6e700af79:group-E323711E83DB:LeaderElection16: begin an election at term 5 for 0: [4390dbf5-fe85-4d4d-bc44-dfd1f2b7e3b6:192.168.69.124:39112, d1580c93-e30f-4179-b81b-faa6e700af79:192.168.69.124:35419, a12ea28e-4ff8-4509-b8a9-e7419ebd2ad0:192.168.69.124:34070], old=null
2019-08-30 00:29:57,036 | INFO  | SCMAudit | user=jenkins1000 | ip=192.168.69.124 | op=SEND_HEARTBEAT {datanodeUUID=172500b1-a982-45b0-97f3-b87b470f702c, command=[]} | ret=SUCCESS |  
2019-08-30 00:29:57,036 [grpc-default-executor-2] INFO  impl.RaftServerImpl (RaftServerImpl.java:setRole(171)) - 4390dbf5-fe85-4d4d-bc44-dfd1f2b7e3b6:group-E323711E83DB changes role from FOLLOWER to FOLLOWER at term 5 for recognizeCandidate:d1580c93-e30f-4179-b81b-faa6e700af79
2019-08-30 00:29:57,036 [grpc-default-executor-2] INFO  impl.RoleInfo (RoleInfo.java:shutdownFollowerState(121)) - 4390dbf5-fe85-4d4d-bc44-dfd1f2b7e3b6: shutdown FollowerState
2019-08-30 00:29:57,036 [grpc-default-executor-2] INFO  impl.RoleInfo (RoleInfo.java:updateAndGet(143)) - 4390dbf5-fe85-4d4d-bc44-dfd1f2b7e3b6: start FollowerState
2019-08-30 00:29:57,036 [Thread-397] INFO  impl.FollowerState (FollowerState.java:run(114)) - 4390dbf5-fe85-4d4d-bc44-dfd1f2b7e3b6: FollowerState was interrupted: java.lang.InterruptedException: sleep interrupted
2019-08-30 00:29:57,058 [d1580c93-e30f-4179-b81b-faa6e700af79:group-E323711E83DB:LeaderElection16] INFO  impl.LeaderElection (LeaderElection.java:logAndReturn(56)) - d1580c93-e30f-4179-b81b-faa6e700af79:group-E323711E83DB:LeaderElection16: Election PASSED; received 2 response(s) [d1580c93-e30f-4179-b81b-faa6e700af79<-4390dbf5-fe85-4d4d-bc44-dfd1f2b7e3b6#0:OK-t5, d1580c93-e30f-4179-b81b-faa6e700af79<-a12ea28e-4ff8-4509-b8a9-e7419ebd2ad0#0:FAIL-t5] and 0 exception(s); d1580c93-e30f-4179-b81b-faa6e700af79:t5, leader=null, voted=d1580c93-e30f-4179-b81b-faa6e700af79, raftlog=d1580c93-e30f-4179-b81b-faa6e700af79-SegmentedRaftLog:OPENED:c-1,f0,i0, conf=0: [4390dbf5-fe85-4d4d-bc44-dfd1f2b7e3b6:192.168.69.124:39112, d1580c93-e30f-4179-b81b-faa6e700af79:192.168.69.124:35419, a12ea28e-4ff8-4509-b8a9-e7419ebd2ad0:192.168.69.124:34070], old=null
2019-08-30 00:29:57,059 [d1580c93-e30f-4179-b81b-faa6e700af79:group-E323711E83DB:LeaderElection16] INFO  impl.RoleInfo (RoleInfo.java:shutdownLeaderElection(134)) - d1580c93-e30f-4179-b81b-faa6e700af79: shutdown LeaderElection
2019-08-30 00:29:57,059 [a12ea28e-4ff8-4509-b8a9-e7419ebd2ad0:group-E323711E83DB:LeaderElection17] INFO  impl.LeaderElection (LeaderElection.java:logAndReturn(56)) - a12ea28e-4ff8-4509-b8a9-e7419ebd2ad0:group-E323711E83DB:LeaderElection17: Election REJECTED; received 2 response(s) [a12ea28e-4ff8-4509-b8a9-e7419ebd2ad0<-4390dbf5-fe85-4d4d-bc44-dfd1f2b7e3b6#0:FAIL-t5, a12ea28e-4ff8-4509-b8a9-e7419ebd2ad0<-d1580c93-e30f-4179-b81b-faa6e700af79#0:FAIL-t5] and 0 exception(s); a12ea28e-4ff8-4509-b8a9-e7419ebd2ad0:t5, leader=null, voted=a12ea28e-4ff8-4509-b8a9-e7419ebd2ad0, raftlog=a12ea28e-4ff8-4509-b8a9-e7419ebd2ad0-SegmentedRaftLog:OPENED:c-1,f0,i0, conf=0: [4390dbf5-fe85-4d4d-bc44-dfd1f2b7e3b6:192.168.69.124:39112, d1580c93-e30f-4179-b81b-faa6e700af79:192.168.69.124:35419, a12ea28e-4ff8-4509-b8a9-e7419ebd2ad0:192.168.69.124:34070], old=null
2019-08-30 00:29:57,059 [d1580c93-e30f-4179-b81b-faa6e700af79:group-E323711E83DB:LeaderElection16] INFO  impl.RaftServerImpl (RaftServerImpl.java:setRole(171)) - d1580c93-e30f-4179-b81b-faa6e700af79:group-E323711E83DB changes role from CANDIDATE to LEADER at term 5 for changeToLeader
2019-08-30 00:29:57,062 [a12ea28e-4ff8-4509-b8a9-e7419ebd2ad0:group-E323711E83DB:LeaderElection17] INFO  impl.RaftServerImpl (RaftServerImpl.java:setRole(171)) - a12ea28e-4ff8-4509-b8a9-e7419ebd2ad0:group-E323711E83DB changes role from CANDIDATE to FOLLOWER at term 5 for DISCOVERED_A_NEW_TERM
2019-08-30 00:29:57,064 [d1580c93-e30f-4179-b81b-faa6e700af79:group-E323711E83DB:LeaderElection16] INFO  impl.RaftServerImpl (ServerState.java:setLeader(263)) - d1580c93-e30f-4179-b81b-faa6e700af79:group-E323711E83DB change Leader from null to d1580c93-e30f-4179-b81b-faa6e700af79 at term 5 for becomeLeader, leader elected after 10150ms
2019-08-30 00:29:57,064 [a12ea28e-4ff8-4509-b8a9-e7419ebd2ad0:group-E323711E83DB:LeaderElection17] INFO  impl.RoleInfo (RoleInfo.java:shutdownLeaderElection(134)) - a12ea28e-4ff8-4509-b8a9-e7419ebd2ad0: shutdown LeaderElection
2019-08-30 00:29:57,064 [d1580c93-e30f-4179-b81b-faa6e700af79:group-E323711E83DB:LeaderElection16] INFO  server.RaftServerConfigKeys (ConfUtils.java:logGet(43)) - raft.server.staging.catchup.gap = 1000 (default)
2019-08-30 00:29:57,064 [a12ea28e-4ff8-4509-b8a9-e7419ebd2ad0:group-E323711E83DB:LeaderElection17] INFO  impl.RoleInfo (RoleInfo.java:updateAndGet(143)) - a12ea28e-4ff8-4509-b8a9-e7419ebd2ad0: start FollowerState
2019-08-30 00:29:57,065 [d1580c93-e30f-4179-b81b-faa6e700af79:group-E323711E83DB:LeaderElection16] INFO  server.RaftServerConfigKeys (ConfUtils.java:logGet(43)) - raft.server.rpc.sleep.time = 25ms (default)
2019-08-30 00:29:57,067 [d1580c93-e30f-4179-b81b-faa6e700af79:group-E323711E83DB:LeaderElection16] INFO  server.RaftServerConfigKeys (ConfUtils.java:logGet(43)) - raft.server.write.element-limit = 4096 (default)
2019-08-30 00:29:57,067 [d1580c93-e30f-4179-b81b-faa6e700af79:group-E323711E83DB:LeaderElection16] INFO  server.RaftServerConfigKeys (ConfUtils.java:logGet(43)) - raft.server.watch.timeout = 10s (default)
2019-08-30 00:29:57,067 [d1580c93-e30f-4179-b81b-faa6e700af79:group-E323711E83DB:LeaderElection16] INFO  server.RaftServerConfigKeys (ConfUtils.java:logGet(43)) - raft.server.watch.timeout.denomination = 1s (default)
2019-08-30 00:29:57,068 [d1580c93-e30f-4179-b81b-faa6e700af79:group-E323711E83DB:LeaderElection16] INFO  server.RaftServerConfigKeys (ConfUtils.java:logGet(43)) - raft.server.watch.element-limit = 65536 (default)
2019-08-30 00:29:57,068 [d1580c93-e30f-4179-b81b-faa6e700af79:group-E323711E83DB:LeaderElection16] INFO  server.RaftServerConfigKeys (ConfUtils.java:logGet(43)) - raft.server.log.appender.snapshot.chunk.size.max = 16MB (=16777216) (default)
2019-08-30 00:29:57,068 [d1580c93-e30f-4179-b81b-faa6e700af79:group-E323711E83DB:LeaderElection16] INFO  server.RaftServerConfigKeys (ConfUtils.java:logGet(43)) - raft.server.log.appender.buffer.byte-limit = 33554432 (custom)
2019-08-30 00:29:57,068 [d1580c93-e30f-4179-b81b-faa6e700af79:group-E323711E83DB:LeaderElection16] INFO  server.RaftServerConfigKeys (ConfUtils.java:logGet(43)) - raft.server.log.appender.buffer.element-limit = 1 (custom)
2019-08-30 00:29:57,069 [d1580c93-e30f-4179-b81b-faa6e700af79:group-E323711E83DB:LeaderElection16] INFO  grpc.GrpcConfigKeys$Server (ConfUtils.java:logGet(43)) - raft.grpc.server.leader.outstanding.appends.max = 128 (default)
2019-08-30 00:29:57,069 [d1580c93-e30f-4179-b81b-faa6e700af79:group-E323711E83DB:LeaderElection16] INFO  server.RaftServerConfigKeys (ConfUtils.java:logGet(43)) - raft.server.rpc.request.timeout = 3000ms (default)
2019-08-30 00:29:57,069 [d1580c93-e30f-4179-b81b-faa6e700af79:group-E323711E83DB:LeaderElection16] INFO  server.RaftServerConfigKeys (ConfUtils.java:logGet(43)) - raft.server.log.appender.install.snapshot.enabled = false (custom)
2019-08-30 00:29:57,070 [d1580c93-e30f-4179-b81b-faa6e700af79:group-E323711E83DB:LeaderElection16] INFO  server.RaftServerConfigKeys (ConfUtils.java:logGet(43)) - raft.server.log.appender.snapshot.chunk.size.max = 16MB (=16777216) (default)
2019-08-30 00:29:57,070 [d1580c93-e30f-4179-b81b-faa6e700af79:group-E323711E83DB:LeaderElection16] INFO  server.RaftServerConfigKeys (ConfUtils.java:logGet(43)) - raft.server.log.appender.buffer.byte-limit = 33554432 (custom)
2019-08-30 00:29:57,070 [d1580c93-e30f-4179-b81b-faa6e700af79:group-E323711E83DB:LeaderElection16] INFO  server.RaftServerConfigKeys (ConfUtils.java:logGet(43)) - raft.server.log.appender.buffer.element-limit = 1 (custom)
2019-08-30 00:29:57,070 [d1580c93-e30f-4179-b81b-faa6e700af79:group-E323711E83DB:LeaderElection16] INFO  grpc.GrpcConfigKeys$Server (ConfUtils.java:logGet(43)) - raft.grpc.server.leader.outstanding.appends.max = 128 (default)
2019-08-30 00:29:57,071 [d1580c93-e30f-4179-b81b-faa6e700af79:group-E323711E83DB:LeaderElection16] INFO  server.RaftServerConfigKeys (ConfUtils.java:logGet(43)) - raft.server.rpc.request.timeout = 3000ms (default)
2019-08-30 00:29:57,071 [d1580c93-e30f-4179-b81b-faa6e700af79:group-E323711E83DB:LeaderElection16] INFO  server.RaftServerConfigKeys (ConfUtils.java:logGet(43)) - raft.server.log.appender.install.snapshot.enabled = false (custom)
2019-08-30 00:29:57,071 [d1580c93-e30f-4179-b81b-faa6e700af79:group-E323711E83DB:LeaderElection16] INFO  impl.RoleInfo (RoleInfo.java:updateAndGet(143)) - d1580c93-e30f-4179-b81b-faa6e700af79: start LeaderState
2019-08-30 00:29:57,073 [d1580c93-e30f-4179-b81b-faa6e700af79:group-E323711E83DB:LeaderElection16] INFO  segmented.SegmentedRaftLogWorker (SegmentedRaftLogWorker.java:rollLogSegment(385)) - d1580c93-e30f-4179-b81b-faa6e700af79-SegmentedRaftLogWorker:Storage Directory /workdir/hadoop-ozone/integration-test/target/test-dir/MiniOzoneClusterImpl-8399914c-1e04-4a2d-86b1-d53ee4911094/datanode-6/data/ratis/86341e69-8aa4-4b37-bd10-e323711e83db: Rolling segment log-0_0 to index:0
2019-08-30 00:29:57,076 [d1580c93-e30f-4179-b81b-faa6e700af79-SegmentedRaftLogWorker:Storage Directory /workdir/hadoop-ozone/integration-test/target/test-dir/MiniOzoneClusterImpl-8399914c-1e04-4a2d-86b1-d53ee4911094/datanode-6/data/ratis/86341e69-8aa4-4b37-bd10-e323711e83db] INFO  segmented.SegmentedRaftLogWorker (SegmentedRaftLogWorker.java:execute(526)) - d1580c93-e30f-4179-b81b-faa6e700af79-SegmentedRaftLogWorker:Storage Directory /workdir/hadoop-ozone/integration-test/target/test-dir/MiniOzoneClusterImpl-8399914c-1e04-4a2d-86b1-d53ee4911094/datanode-6/data/ratis/86341e69-8aa4-4b37-bd10-e323711e83db: Rolled log segment from /workdir/hadoop-ozone/integration-test/target/test-dir/MiniOzoneClusterImpl-8399914c-1e04-4a2d-86b1-d53ee4911094/datanode-6/data/ratis/86341e69-8aa4-4b37-bd10-e323711e83db/current/log_inprogress_0 to /workdir/hadoop-ozone/integration-test/target/test-dir/MiniOzoneClusterImpl-8399914c-1e04-4a2d-86b1-d53ee4911094/datanode-6/data/ratis/86341e69-8aa4-4b37-bd10-e323711e83db/current/log_0-0
2019-08-30 00:29:57,081 [d1580c93-e30f-4179-b81b-faa6e700af79:group-E323711E83DB:LeaderElection16] INFO  impl.RaftServerImpl (ServerState.java:setRaftConf(361)) - d1580c93-e30f-4179-b81b-faa6e700af79:group-E323711E83DB set configuration 1: [4390dbf5-fe85-4d4d-bc44-dfd1f2b7e3b6:192.168.69.124:39112, d1580c93-e30f-4179-b81b-faa6e700af79:192.168.69.124:35419, a12ea28e-4ff8-4509-b8a9-e7419ebd2ad0:192.168.69.124:34070], old=null at 1
2019-08-30 00:29:57,114 [grpc-default-executor-2] INFO  impl.RaftServerImpl (ServerState.java:setLeader(263)) - 4390dbf5-fe85-4d4d-bc44-dfd1f2b7e3b6:group-E323711E83DB change Leader from null to d1580c93-e30f-4179-b81b-faa6e700af79 at term 5 for appendEntries, leader elected after 20661ms
2019-08-30 00:29:57,115 [grpc-default-executor-3] INFO  impl.RaftServerImpl (ServerState.java:setLeader(263)) - a12ea28e-4ff8-4509-b8a9-e7419ebd2ad0:group-E323711E83DB change Leader from null to d1580c93-e30f-4179-b81b-faa6e700af79 at term 5 for appendEntries, leader elected after 10230ms
2019-08-30 00:29:57,115 [grpc-default-executor-2] INFO  impl.RaftServerImpl (RaftServerImpl.java:checkInconsistentAppendEntries(999)) - 4390dbf5-fe85-4d4d-bc44-dfd1f2b7e3b6: Failed appendEntries as previous log entry ((t:2, i:0)) is not found
2019-08-30 00:29:57,115 [grpc-default-executor-2] INFO  impl.RaftServerImpl (RaftServerImpl.java:checkInconsistentAppendEntries(972)) - 4390dbf5-fe85-4d4d-bc44-dfd1f2b7e3b6: inconsistency entries. Reply:d1580c93-e30f-4179-b81b-faa6e700af79<-4390dbf5-fe85-4d4d-bc44-dfd1f2b7e3b6#0:FAIL,INCONSISTENCY,nextIndex:0,term:5,followerCommit:-1
2019-08-30 00:29:57,118 [grpc-default-executor-2] INFO  impl.FollowerInfo (FollowerInfo.java:lambda$new$0(50)) - d1580c93-e30f-4179-b81b-faa6e700af79->4390dbf5-fe85-4d4d-bc44-dfd1f2b7e3b6: nextIndex: updateUnconditionally 1 -> 0
2019-08-30 00:29:57,121 | INFO  | SCMAudit | user=jenkins1000 | ip=192.168.69.124 | op=SEND_HEARTBEAT {datanodeUUID=4390dbf5-fe85-4d4d-bc44-dfd1f2b7e3b6, command=[]} | ret=SUCCESS |  
2019-08-30 00:29:57,122 [grpc-default-executor-2] INFO  impl.RaftServerImpl (ServerState.java:setRaftConf(361)) - 4390dbf5-fe85-4d4d-bc44-dfd1f2b7e3b6:group-E323711E83DB set configuration 0: [4390dbf5-fe85-4d4d-bc44-dfd1f2b7e3b6:192.168.69.124:39112, d1580c93-e30f-4179-b81b-faa6e700af79:192.168.69.124:35419, a12ea28e-4ff8-4509-b8a9-e7419ebd2ad0:192.168.69.124:34070], old=null at 0
2019-08-30 00:29:57,122 [grpc-default-executor-2] INFO  segmented.SegmentedRaftLogWorker (SegmentedRaftLogWorker.java:startLogSegment(380)) - 4390dbf5-fe85-4d4d-bc44-dfd1f2b7e3b6-SegmentedRaftLogWorker:Storage Directory /workdir/hadoop-ozone/integration-test/target/test-dir/MiniOzoneClusterImpl-8399914c-1e04-4a2d-86b1-d53ee4911094/datanode-3/data/ratis/86341e69-8aa4-4b37-bd10-e323711e83db: Starting segment from index:0
2019-08-30 00:29:57,122 [grpc-default-executor-3] INFO  impl.RaftServerImpl (ServerState.java:setRaftConf(361)) - a12ea28e-4ff8-4509-b8a9-e7419ebd2ad0:group-E323711E83DB set configuration 1: [4390dbf5-fe85-4d4d-bc44-dfd1f2b7e3b6:192.168.69.124:39112, d1580c93-e30f-4179-b81b-faa6e700af79:192.168.69.124:35419, a12ea28e-4ff8-4509-b8a9-e7419ebd2ad0:192.168.69.124:34070], old=null at 1
2019-08-30 00:29:57,123 [grpc-default-executor-3] INFO  segmented.SegmentedRaftLogWorker (SegmentedRaftLogWorker.java:rollLogSegment(385)) - a12ea28e-4ff8-4509-b8a9-e7419ebd2ad0-SegmentedRaftLogWorker:Storage Directory /workdir/hadoop-ozone/integration-test/target/test-dir/MiniOzoneClusterImpl-8399914c-1e04-4a2d-86b1-d53ee4911094/datanode-5/data/ratis/86341e69-8aa4-4b37-bd10-e323711e83db: Rolling segment log-0_0 to index:0
2019-08-30 00:29:57,123 [grpc-default-executor-2] INFO  impl.RaftServerImpl (ServerState.java:setRaftConf(361)) - 4390dbf5-fe85-4d4d-bc44-dfd1f2b7e3b6:group-E323711E83DB set configuration 1: [4390dbf5-fe85-4d4d-bc44-dfd1f2b7e3b6:192.168.69.124:39112, d1580c93-e30f-4179-b81b-faa6e700af79:192.168.69.124:35419, a12ea28e-4ff8-4509-b8a9-e7419ebd2ad0:192.168.69.124:34070], old=null at 1
2019-08-30 00:29:57,124 [grpc-default-executor-2] INFO  segmented.SegmentedRaftLogWorker (SegmentedRaftLogWorker.java:rollLogSegment(385)) - 4390dbf5-fe85-4d4d-bc44-dfd1f2b7e3b6-SegmentedRaftLogWorker:Storage Directory /workdir/hadoop-ozone/integration-test/target/test-dir/MiniOzoneClusterImpl-8399914c-1e04-4a2d-86b1-d53ee4911094/datanode-3/data/ratis/86341e69-8aa4-4b37-bd10-e323711e83db: Rolling segment log-0_0 to index:0
2019-08-30 00:29:57,124 [a12ea28e-4ff8-4509-b8a9-e7419ebd2ad0-SegmentedRaftLogWorker:Storage Directory /workdir/hadoop-ozone/integration-test/target/test-dir/MiniOzoneClusterImpl-8399914c-1e04-4a2d-86b1-d53ee4911094/datanode-5/data/ratis/86341e69-8aa4-4b37-bd10-e323711e83db] INFO  segmented.SegmentedRaftLogWorker (SegmentedRaftLogWorker.java:execute(526)) - a12ea28e-4ff8-4509-b8a9-e7419ebd2ad0-SegmentedRaftLogWorker:Storage Directory /workdir/hadoop-ozone/integration-test/target/test-dir/MiniOzoneClusterImpl-8399914c-1e04-4a2d-86b1-d53ee4911094/datanode-5/data/ratis/86341e69-8aa4-4b37-bd10-e323711e83db: Rolled log segment from /workdir/hadoop-ozone/integration-test/target/test-dir/MiniOzoneClusterImpl-8399914c-1e04-4a2d-86b1-d53ee4911094/datanode-5/data/ratis/86341e69-8aa4-4b37-bd10-e323711e83db/current/log_inprogress_0 to /workdir/hadoop-ozone/integration-test/target/test-dir/MiniOzoneClusterImpl-8399914c-1e04-4a2d-86b1-d53ee4911094/datanode-5/data/ratis/86341e69-8aa4-4b37-bd10-e323711e83db/current/log_0-0
2019-08-30 00:29:57,181 | INFO  | SCMAudit | user=jenkins1000 | ip=192.168.69.124 | op=SEND_HEARTBEAT {datanodeUUID=1019a315-1aa9-4af0-89b7-df29ea019370, command=[]} | ret=SUCCESS |  
2019-08-30 00:29:57,233 [grpc-default-executor-2] INFO  client.GrpcClientProtocolClient (GrpcClientProtocolClient.java:onNext(255)) - client-10FCE9192EF2->a12ea28e-4ff8-4509-b8a9-e7419ebd2ad0: receive RaftClientReply:client-10FCE9192EF2->a12ea28e-4ff8-4509-b8a9-e7419ebd2ad0@group-E323711E83DB, cid=13, FAILED org.apache.ratis.protocol.NotLeaderException: Server a12ea28e-4ff8-4509-b8a9-e7419ebd2ad0 is not the leader (d1580c93-e30f-4179-b81b-faa6e700af79:192.168.69.124:35419). Request must be sent to leader., logIndex=0, commits[a12ea28e-4ff8-4509-b8a9-e7419ebd2ad0:c-1, 4390dbf5-fe85-4d4d-bc44-dfd1f2b7e3b6:c-1, d1580c93-e30f-4179-b81b-faa6e700af79:c-1]
]]></system-out>
  </testcase>
</testsuite>