<?xml version="1.0" encoding="UTF-8"?>
<testsuite xmlns:xsi="http://www.w3.org/2001/XMLSchema-instance" xsi:noNamespaceSchemaLocation="https://maven.apache.org/surefire/maven-surefire-plugin/xsd/surefire-test-report.xsd" name="org.apache.hadoop.ozone.client.rpc.TestBlockOutputStreamWithFailures" time="758.295" tests="8" errors="0" skipped="0" failures="1">
  <properties>
    <property name="awt.toolkit" value="sun.awt.X11.XToolkit"/>
    <property name="file.encoding.pkg" value="sun.io"/>
    <property name="java.specification.version" value="1.8"/>
    <property name="sun.cpu.isalist" value=""/>
    <property name="sun.jnu.encoding" value="UTF-8"/>
    <property name="java.class.path" value="/workdir/hadoop-ozone/integration-test/target/test-classes:/workdir/hadoop-ozone/integration-test/target/classes:/home/user/.m2/repository/org/apache/hadoop/hadoop-ozone-common/0.5.0-SNAPSHOT/hadoop-ozone-common-0.5.0-SNAPSHOT.jar:/home/user/.m2/repository/org/apache/commons/commons-compress/1.4.1/commons-compress-1.4.1.jar:/home/user/.m2/repository/org/tukaani/xz/1.0/xz-1.0.jar:/home/user/.m2/repository/org/apache/hadoop/hadoop-common/3.2.0/hadoop-common-3.2.0.jar:/home/user/.m2/repository/org/apache/hadoop/hadoop-hdfs/3.2.0/hadoop-hdfs-3.2.0.jar:/home/user/.m2/repository/org/apache/hadoop/hadoop-hdfs-client/3.2.0/hadoop-hdfs-client-3.2.0.jar:/home/user/.m2/repository/com/fasterxml/jackson/core/jackson-annotations/2.9.5/jackson-annotations-2.9.5.jar:/home/user/.m2/repository/org/apache/hadoop/hadoop-hdds-common/0.5.0-SNAPSHOT/hadoop-hdds-common-0.5.0-SNAPSHOT.jar:/home/user/.m2/repository/javax/annotation/javax.annotation-api/1.2/javax.annotation-api-1.2.jar:/home/user/.m2/repository/org/apache/ratis/ratis-server/0.4.0-2337318-SNAPSHOT/ratis-server-0.4.0-2337318-SNAPSHOT.jar:/home/user/.m2/repository/org/apache/ratis/ratis-thirdparty-misc/0.2.0/ratis-thirdparty-misc-0.2.0.jar:/home/user/.m2/repository/org/apache/ratis/ratis-proto/0.4.0-2337318-SNAPSHOT/ratis-proto-0.4.0-2337318-SNAPSHOT.jar:/home/user/.m2/repository/org/apache/ratis/ratis-common/0.4.0-2337318-SNAPSHOT/ratis-common-0.4.0-2337318-SNAPSHOT.jar:/home/user/.m2/repository/org/apache/ratis/ratis-client/0.4.0-2337318-SNAPSHOT/ratis-client-0.4.0-2337318-SNAPSHOT.jar:/home/user/.m2/repository/org/apache/ratis/ratis-metrics/0.4.0-2337318-SNAPSHOT/ratis-metrics-0.4.0-2337318-SNAPSHOT.jar:/home/user/.m2/repository/org/apache/ratis/ratis-netty/0.4.0-2337318-SNAPSHOT/ratis-netty-0.4.0-2337318-SNAPSHOT.jar:/home/user/.m2/repository/org/apache/ratis/ratis-grpc/0.4.0-2337318-SNAPSHOT/ratis-grpc-0.4.0-2337318-SNAPSHOT.jar:/home/user/.m2/repository/org/rocksdb/rocksdbjni/6.0.1/rocksdbjni-6.0.1.jar:/home/user/.m2/repository/org/apache/logging/log4j/log4j-api/2.11.0/log4j-api-2.11.0.jar:/home/user/.m2/repository/org/apache/logging/log4j/log4j-core/2.11.0/log4j-core-2.11.0.jar:/home/user/.m2/repository/com/lmax/disruptor/3.4.2/disruptor-3.4.2.jar:/home/user/.m2/repository/org/apache/commons/commons-pool2/2.6.0/commons-pool2-2.6.0.jar:/home/user/.m2/repository/org/bouncycastle/bcpkix-jdk15on/1.60/bcpkix-jdk15on-1.60.jar:/home/user/.m2/repository/commons-validator/commons-validator/1.6/commons-validator-1.6.jar:/home/user/.m2/repository/commons-digester/commons-digester/1.8.1/commons-digester-1.8.1.jar:/home/user/.m2/repository/io/jaegertracing/jaeger-client/0.33.1/jaeger-client-0.33.1.jar:/home/user/.m2/repository/io/jaegertracing/jaeger-thrift/0.33.1/jaeger-thrift-0.33.1.jar:/home/user/.m2/repository/org/apache/thrift/libthrift/0.11.0/libthrift-0.11.0.jar:/home/user/.m2/repository/com/squareup/okhttp3/okhttp/3.9.0/okhttp-3.9.0.jar:/home/user/.m2/repository/com/squareup/okio/okio/1.13.0/okio-1.13.0.jar:/home/user/.m2/repository/io/jaegertracing/jaeger-core/0.33.1/jaeger-core-0.33.1.jar:/home/user/.m2/repository/io/jaegertracing/jaeger-tracerresolver/0.33.1/jaeger-tracerresolver-0.33.1.jar:/home/user/.m2/repository/io/opentracing/contrib/opentracing-tracerresolver/0.1.5/opentracing-tracerresolver-0.1.5.jar:/home/user/.m2/repository/io/opentracing/opentracing-util/0.31.0/opentracing-util-0.31.0.jar:/home/user/.m2/repository/io/opentracing/opentracing-api/0.31.0/opentracing-api-0.31.0.jar:/home/user/.m2/repository/io/opentracing/opentracing-noop/0.31.0/opentracing-noop-0.31.0.jar:/home/user/.m2/repository/org/apache/hadoop/hadoop-hdds-server-framework/0.5.0-SNAPSHOT/hadoop-hdds-server-framework-0.5.0-SNAPSHOT.jar:/home/user/.m2/repository/org/apache/hadoop/hadoop-hdds-container-service/0.5.0-SNAPSHOT/hadoop-hdds-container-service-0.5.0-SNAPSHOT.jar:/home/user/.m2/repository/org/apache/hadoop/hadoop-hdds-client/0.5.0-SNAPSHOT/hadoop-hdds-client-0.5.0-SNAPSHOT.jar:/home/user/.m2/repository/org/apache/hadoop/hadoop-hdds-tools/0.5.0-SNAPSHOT/hadoop-hdds-tools-0.5.0-SNAPSHOT.jar:/home/user/.m2/repository/org/apache/hadoop/hadoop-hdds-server-scm/0.5.0-SNAPSHOT/hadoop-hdds-server-scm-0.5.0-SNAPSHOT.jar:/home/user/.m2/repository/org/apache/hadoop/hadoop-hdds-docs/0.5.0-SNAPSHOT/hadoop-hdds-docs-0.5.0-SNAPSHOT.jar:/home/user/.m2/repository/io/dropwizard/metrics/metrics-core/3.2.4/metrics-core-3.2.4.jar:/home/user/.m2/repository/org/hamcrest/hamcrest-all/1.3/hamcrest-all-1.3.jar:/home/user/.m2/repository/org/bouncycastle/bcprov-jdk15on/1.60/bcprov-jdk15on-1.60.jar:/home/user/.m2/repository/info/picocli/picocli/3.9.6/picocli-3.9.6.jar:/home/user/.m2/repository/com/google/protobuf/protobuf-java/2.5.0/protobuf-java-2.5.0.jar:/home/user/.m2/repository/com/google/guava/guava/11.0.2/guava-11.0.2.jar:/home/user/.m2/repository/org/apache/hadoop/hadoop-ozone-ozone-manager/0.5.0-SNAPSHOT/hadoop-ozone-ozone-manager-0.5.0-SNAPSHOT.jar:/home/user/.m2/repository/org/apache/hadoop/hadoop-minikdc/3.2.0/hadoop-minikdc-3.2.0.jar:/home/user/.m2/repository/commons-io/commons-io/2.5/commons-io-2.5.jar:/home/user/.m2/repository/org/apache/kerby/kerb-simplekdc/1.0.1/kerb-simplekdc-1.0.1.jar:/home/user/.m2/repository/org/apache/kerby/kerb-client/1.0.1/kerb-client-1.0.1.jar:/home/user/.m2/repository/org/apache/kerby/kerby-config/1.0.1/kerby-config-1.0.1.jar:/home/user/.m2/repository/org/apache/kerby/kerb-core/1.0.1/kerb-core-1.0.1.jar:/home/user/.m2/repository/org/apache/kerby/kerby-pkix/1.0.1/kerby-pkix-1.0.1.jar:/home/user/.m2/repository/org/apache/kerby/kerby-asn1/1.0.1/kerby-asn1-1.0.1.jar:/home/user/.m2/repository/org/apache/kerby/kerby-util/1.0.1/kerby-util-1.0.1.jar:/home/user/.m2/repository/org/apache/kerby/kerb-common/1.0.1/kerb-common-1.0.1.jar:/home/user/.m2/repository/org/apache/kerby/kerb-crypto/1.0.1/kerb-crypto-1.0.1.jar:/home/user/.m2/repository/org/apache/kerby/kerb-util/1.0.1/kerb-util-1.0.1.jar:/home/user/.m2/repository/org/apache/kerby/token-provider/1.0.1/token-provider-1.0.1.jar:/home/user/.m2/repository/org/apache/kerby/kerb-admin/1.0.1/kerb-admin-1.0.1.jar:/home/user/.m2/repository/org/apache/kerby/kerb-server/1.0.1/kerb-server-1.0.1.jar:/home/user/.m2/repository/org/apache/kerby/kerb-identity/1.0.1/kerb-identity-1.0.1.jar:/home/user/.m2/repository/org/apache/kerby/kerby-xdr/1.0.1/kerby-xdr-1.0.1.jar:/home/user/.m2/repository/org/slf4j/slf4j-log4j12/1.7.25/slf4j-log4j12-1.7.25.jar:/home/user/.m2/repository/org/apache/hadoop/hadoop-ozone-objectstore-service/0.5.0-SNAPSHOT/hadoop-ozone-objectstore-service-0.5.0-SNAPSHOT.jar:/home/user/.m2/repository/org/apache/hadoop/hadoop-ozone-s3gateway/0.5.0-SNAPSHOT/hadoop-ozone-s3gateway-0.5.0-SNAPSHOT.jar:/home/user/.m2/repository/org/jboss/weld/servlet/weld-servlet/2.4.7.Final/weld-servlet-2.4.7.Final.jar:/home/user/.m2/repository/org/glassfish/jersey/containers/jersey-container-servlet-core/2.27/jersey-container-servlet-core-2.27.jar:/home/user/.m2/repository/org/glassfish/hk2/external/javax.inject/2.5.0-b42/javax.inject-2.5.0-b42.jar:/home/user/.m2/repository/org/glassfish/jersey/core/jersey-common/2.27/jersey-common-2.27.jar:/home/user/.m2/repository/org/glassfish/hk2/osgi-resource-locator/1.0.1/osgi-resource-locator-1.0.1.jar:/home/user/.m2/repository/javax/ws/rs/javax.ws.rs-api/2.1/javax.ws.rs-api-2.1.jar:/home/user/.m2/repository/org/glassfish/jersey/ext/cdi/jersey-cdi1x/2.27/jersey-cdi1x-2.27.jar:/home/user/.m2/repository/org/glassfish/jersey/inject/jersey-hk2/2.27/jersey-hk2-2.27.jar:/home/user/.m2/repository/org/glassfish/hk2/hk2-locator/2.5.0-b42/hk2-locator-2.5.0-b42.jar:/home/user/.m2/repository/org/javassist/javassist/3.22.0-CR2/javassist-3.22.0-CR2.jar:/home/user/.m2/repository/org/glassfish/hk2/hk2-api/2.5.0/hk2-api-2.5.0.jar:/home/user/.m2/repository/org/glassfish/hk2/external/jakarta.inject/2.5.0/jakarta.inject-2.5.0.jar:/home/user/.m2/repository/org/glassfish/hk2/hk2-utils/2.5.0/hk2-utils-2.5.0.jar:/home/user/.m2/repository/jakarta/annotation/jakarta.annotation-api/1.3.4/jakarta.annotation-api-1.3.4.jar:/home/user/.m2/repository/org/glassfish/hk2/external/aopalliance-repackaged/2.5.0/aopalliance-repackaged-2.5.0.jar:/home/user/.m2/repository/com/fasterxml/jackson/dataformat/jackson-dataformat-xml/2.9.0/jackson-dataformat-xml-2.9.0.jar:/home/user/.m2/repository/com/fasterxml/jackson/core/jackson-core/2.9.5/jackson-core-2.9.5.jar:/home/user/.m2/repository/com/fasterxml/jackson/module/jackson-module-jaxb-annotations/2.9.5/jackson-module-jaxb-annotations-2.9.5.jar:/home/user/.m2/repository/javax/enterprise/cdi-api/1.2/cdi-api-1.2.jar:/home/user/.m2/repository/javax/el/javax.el-api/3.0.0/javax.el-api-3.0.0.jar:/home/user/.m2/repository/javax/interceptor/javax.interceptor-api/1.2/javax.interceptor-api-1.2.jar:/home/user/.m2/repository/javax/inject/javax.inject/1/javax.inject-1.jar:/home/user/.m2/repository/com/sun/xml/bind/jaxb-impl/2.3.0.1/jaxb-impl-2.3.0.1.jar:/home/user/.m2/repository/com/sun/xml/bind/jaxb-core/2.3.0.1/jaxb-core-2.3.0.1.jar:/home/user/.m2/repository/javax/xml/bind/jaxb-api/2.3.0/jaxb-api-2.3.0.jar:/home/user/.m2/repository/javax/activation/activation/1.1.1/activation-1.1.1.jar:/home/user/.m2/repository/org/apache/hadoop/hadoop-ozone-csi/0.5.0-SNAPSHOT/hadoop-ozone-csi-0.5.0-SNAPSHOT.jar:/home/user/.m2/repository/com/google/protobuf/protobuf-java-util/3.5.1/protobuf-java-util-3.5.1.jar:/home/user/.m2/repository/org/apache/hadoop/hadoop-hdds-config/0.5.0-SNAPSHOT/hadoop-hdds-config-0.5.0-SNAPSHOT.jar:/home/user/.m2/repository/io/grpc/grpc-netty/1.17.1/grpc-netty-1.17.1.jar:/home/user/.m2/repository/io/grpc/grpc-core/1.17.1/grpc-core-1.17.1.jar:/home/user/.m2/repository/io/grpc/grpc-context/1.17.1/grpc-context-1.17.1.jar:/home/user/.m2/repository/com/google/errorprone/error_prone_annotations/2.2.0/error_prone_annotations-2.2.0.jar:/home/user/.m2/repository/org/codehaus/mojo/animal-sniffer-annotations/1.17/animal-sniffer-annotations-1.17.jar:/home/user/.m2/repository/io/opencensus/opencensus-api/0.17.0/opencensus-api-0.17.0.jar:/home/user/.m2/repository/io/opencensus/opencensus-contrib-grpc-metrics/0.17.0/opencensus-contrib-grpc-metrics-0.17.0.jar:/home/user/.m2/repository/io/netty/netty-codec-http2/4.1.30.Final/netty-codec-http2-4.1.30.Final.jar:/home/user/.m2/repository/io/netty/netty-codec-http/4.1.30.Final/netty-codec-http-4.1.30.Final.jar:/home/user/.m2/repository/io/netty/netty-codec/4.1.30.Final/netty-codec-4.1.30.Final.jar:/home/user/.m2/repository/io/netty/netty-handler/4.1.30.Final/netty-handler-4.1.30.Final.jar:/home/user/.m2/repository/io/netty/netty-handler-proxy/4.1.30.Final/netty-handler-proxy-4.1.30.Final.jar:/home/user/.m2/repository/io/netty/netty-codec-socks/4.1.30.Final/netty-codec-socks-4.1.30.Final.jar:/home/user/.m2/repository/io/netty/netty-transport-native-epoll/4.1.30.Final/netty-transport-native-epoll-4.1.30.Final.jar:/home/user/.m2/repository/io/netty/netty-common/4.1.30.Final/netty-common-4.1.30.Final.jar:/home/user/.m2/repository/io/netty/netty-buffer/4.1.30.Final/netty-buffer-4.1.30.Final.jar:/home/user/.m2/repository/io/netty/netty-transport/4.1.30.Final/netty-transport-4.1.30.Final.jar:/home/user/.m2/repository/io/netty/netty-resolver/4.1.30.Final/netty-resolver-4.1.30.Final.jar:/home/user/.m2/repository/io/netty/netty-transport-native-unix-common/4.1.30.Final/netty-transport-native-unix-common-4.1.30.Final.jar:/home/user/.m2/repository/io/grpc/grpc-protobuf/1.17.1/grpc-protobuf-1.17.1.jar:/home/user/.m2/repository/com/google/api/grpc/proto-google-common-protos/1.0.0/proto-google-common-protos-1.0.0.jar:/home/user/.m2/repository/io/grpc/grpc-protobuf-lite/1.17.1/grpc-protobuf-lite-1.17.1.jar:/home/user/.m2/repository/io/grpc/grpc-stub/1.17.1/grpc-stub-1.17.1.jar:/home/user/.m2/repository/org/apache/hadoop/hadoop-ozone-recon/0.5.0-SNAPSHOT/hadoop-ozone-recon-0.5.0-SNAPSHOT.jar:/home/user/.m2/repository/org/apache/hadoop/hadoop-ozone-reconcodegen/0.5.0-SNAPSHOT/hadoop-ozone-reconcodegen-0.5.0-SNAPSHOT.jar:/home/user/.m2/repository/com/google/inject/extensions/guice-multibindings/4.0/guice-multibindings-4.0.jar:/home/user/.m2/repository/com/google/inject/guice/4.0/guice-4.0.jar:/home/user/.m2/repository/aopalliance/aopalliance/1.0/aopalliance-1.0.jar:/home/user/.m2/repository/com/google/inject/extensions/guice-servlet/4.0/guice-servlet-4.0.jar:/home/user/.m2/repository/org/glassfish/jersey/containers/jersey-container-servlet/2.27/jersey-container-servlet-2.27.jar:/home/user/.m2/repository/org/glassfish/hk2/guice-bridge/2.5.0/guice-bridge-2.5.0.jar:/home/user/.m2/repository/org/glassfish/jersey/core/jersey-server/2.27/jersey-server-2.27.jar:/home/user/.m2/repository/org/glassfish/jersey/core/jersey-client/2.27/jersey-client-2.27.jar:/home/user/.m2/repository/org/glassfish/jersey/media/jersey-media-jaxb/2.27/jersey-media-jaxb-2.27.jar:/home/user/.m2/repository/javax/validation/validation-api/1.1.0.Final/validation-api-1.1.0.Final.jar:/home/user/.m2/repository/org/glassfish/jersey/media/jersey-media-json-jackson/2.27/jersey-media-json-jackson-2.27.jar:/home/user/.m2/repository/org/glassfish/jersey/ext/jersey-entity-filtering/2.27/jersey-entity-filtering-2.27.jar:/home/user/.m2/repository/com/google/inject/extensions/guice-assistedinject/4.0/guice-assistedinject-4.0.jar:/home/user/.m2/repository/org/jooq/jooq/3.11.10/jooq-3.11.10.jar:/home/user/.m2/repository/org/jooq/jooq-meta/3.11.10/jooq-meta-3.11.10.jar:/home/user/.m2/repository/org/jooq/jooq-codegen/3.11.10/jooq-codegen-3.11.10.jar:/home/user/.m2/repository/com/jolbox/bonecp/0.8.0.RELEASE/bonecp-0.8.0.RELEASE.jar:/home/user/.m2/repository/org/xerial/sqlite-jdbc/3.25.2/sqlite-jdbc-3.25.2.jar:/home/user/.m2/repository/org/springframework/spring-jdbc/5.1.3.RELEASE/spring-jdbc-5.1.3.RELEASE.jar:/home/user/.m2/repository/org/springframework/spring-beans/5.1.3.RELEASE/spring-beans-5.1.3.RELEASE.jar:/home/user/.m2/repository/org/springframework/spring-core/5.1.3.RELEASE/spring-core-5.1.3.RELEASE.jar:/home/user/.m2/repository/org/springframework/spring-jcl/5.1.3.RELEASE/spring-jcl-5.1.3.RELEASE.jar:/home/user/.m2/repository/org/springframework/spring-tx/5.1.3.RELEASE/spring-tx-5.1.3.RELEASE.jar:/home/user/.m2/repository/org/apache/hadoop/hadoop-ozone-client/0.5.0-SNAPSHOT/hadoop-ozone-client-0.5.0-SNAPSHOT.jar:/home/user/.m2/repository/commons-lang/commons-lang/2.6/commons-lang-2.6.jar:/home/user/.m2/repository/org/apache/hadoop/hadoop-ozone-ozone-manager/0.5.0-SNAPSHOT/hadoop-ozone-ozone-manager-0.5.0-SNAPSHOT-tests.jar:/home/user/.m2/repository/junit/junit/4.11/junit-4.11.jar:/home/user/.m2/repository/org/hamcrest/hamcrest-core/1.3/hamcrest-core-1.3.jar:/home/user/.m2/repository/org/openjdk/jmh/jmh-core/1.19/jmh-core-1.19.jar:/home/user/.m2/repository/net/sf/jopt-simple/jopt-simple/4.6/jopt-simple-4.6.jar:/home/user/.m2/repository/org/apache/commons/commons-math3/3.1.1/commons-math3-3.1.1.jar:/home/user/.m2/repository/org/openjdk/jmh/jmh-generator-annprocess/1.19/jmh-generator-annprocess-1.19.jar:/home/user/.m2/repository/org/mockito/mockito-all/1.8.5/mockito-all-1.8.5.jar:/home/user/.m2/repository/org/apache/hadoop/hadoop-kms/3.2.0/hadoop-kms-3.2.0.jar:/home/user/.m2/repository/org/apache/hadoop/hadoop-auth/3.2.0/hadoop-auth-3.2.0.jar:/home/user/.m2/repository/com/nimbusds/nimbus-jose-jwt/4.41.1/nimbus-jose-jwt-4.41.1.jar:/home/user/.m2/repository/com/github/stephenc/jcip/jcip-annotations/1.0-1/jcip-annotations-1.0-1.jar:/home/user/.m2/repository/net/minidev/json-smart/2.3/json-smart-2.3.jar:/home/user/.m2/repository/net/minidev/accessors-smart/1.2/accessors-smart-1.2.jar:/home/user/.m2/repository/org/ow2/asm/asm/5.0.4/asm-5.0.4.jar:/home/user/.m2/repository/org/apache/curator/curator-framework/2.12.0/curator-framework-2.12.0.jar:/home/user/.m2/repository/com/sun/jersey/jersey-core/1.19/jersey-core-1.19.jar:/home/user/.m2/repository/javax/ws/rs/jsr311-api/1.1.1/jsr311-api-1.1.1.jar:/home/user/.m2/repository/com/sun/jersey/jersey-server/1.19/jersey-server-1.19.jar:/home/user/.m2/repository/javax/servlet/javax.servlet-api/3.1.0/javax.servlet-api-3.1.0.jar:/home/user/.m2/repository/org/eclipse/jetty/jetty-server/9.3.24.v20180605/jetty-server-9.3.24.v20180605.jar:/home/user/.m2/repository/org/eclipse/jetty/jetty-http/9.3.24.v20180605/jetty-http-9.3.24.v20180605.jar:/home/user/.m2/repository/org/eclipse/jetty/jetty-io/9.3.24.v20180605/jetty-io-9.3.24.v20180605.jar:/home/user/.m2/repository/org/eclipse/jetty/jetty-webapp/9.3.24.v20180605/jetty-webapp-9.3.24.v20180605.jar:/home/user/.m2/repository/org/eclipse/jetty/jetty-xml/9.3.24.v20180605/jetty-xml-9.3.24.v20180605.jar:/home/user/.m2/repository/log4j/log4j/1.2.17/log4j-1.2.17.jar:/home/user/.m2/repository/org/slf4j/slf4j-api/1.7.25/slf4j-api-1.7.25.jar:/home/user/.m2/repository/org/slf4j/jul-to-slf4j/1.7.25/jul-to-slf4j-1.7.25.jar:/home/user/.m2/repository/org/eclipse/jetty/jetty-util/9.3.24.v20180605/jetty-util-9.3.24.v20180605.jar:/home/user/.m2/repository/com/fasterxml/jackson/core/jackson-databind/2.9.5/jackson-databind-2.9.5.jar:/home/user/.m2/repository/org/apache/hadoop/hadoop-kms/3.2.0/hadoop-kms-3.2.0-tests.jar:/home/user/.m2/repository/org/apache/hadoop/hadoop-hdds-server-scm/0.5.0-SNAPSHOT/hadoop-hdds-server-scm-0.5.0-SNAPSHOT-tests.jar:/home/user/.m2/repository/org/apache/hadoop/hadoop-hdds-container-service/0.5.0-SNAPSHOT/hadoop-hdds-container-service-0.5.0-SNAPSHOT-tests.jar:/home/user/.m2/repository/org/yaml/snakeyaml/1.16/snakeyaml-1.16.jar:/home/user/.m2/repository/org/apache/hadoop/hadoop-common/3.2.0/hadoop-common-3.2.0-tests.jar:/home/user/.m2/repository/org/apache/hadoop/hadoop-annotations/3.2.0/hadoop-annotations-3.2.0.jar:/usr/lib/jvm/java-1.8-openjdk/jre/../lib/tools.jar:/home/user/.m2/repository/commons-cli/commons-cli/1.2/commons-cli-1.2.jar:/home/user/.m2/repository/org/apache/httpcomponents/httpclient/4.5.2/httpclient-4.5.2.jar:/home/user/.m2/repository/org/apache/httpcomponents/httpcore/4.4.4/httpcore-4.4.4.jar:/home/user/.m2/repository/commons-codec/commons-codec/1.11/commons-codec-1.11.jar:/home/user/.m2/repository/commons-net/commons-net/3.6/commons-net-3.6.jar:/home/user/.m2/repository/commons-collections/commons-collections/3.2.2/commons-collections-3.2.2.jar:/home/user/.m2/repository/org/eclipse/jetty/jetty-servlet/9.3.24.v20180605/jetty-servlet-9.3.24.v20180605.jar:/home/user/.m2/repository/org/eclipse/jetty/jetty-security/9.3.24.v20180605/jetty-security-9.3.24.v20180605.jar:/home/user/.m2/repository/javax/servlet/jsp/jsp-api/2.1/jsp-api-2.1.jar:/home/user/.m2/repository/com/sun/jersey/jersey-servlet/1.19/jersey-servlet-1.19.jar:/home/user/.m2/repository/com/sun/jersey/jersey-json/1.19/jersey-json-1.19.jar:/home/user/.m2/repository/org/codehaus/jettison/jettison/1.1/jettison-1.1.jar:/home/user/.m2/repository/org/codehaus/jackson/jackson-core-asl/1.9.13/jackson-core-asl-1.9.13.jar:/home/user/.m2/repository/org/codehaus/jackson/jackson-mapper-asl/1.9.13/jackson-mapper-asl-1.9.13.jar:/home/user/.m2/repository/org/codehaus/jackson/jackson-jaxrs/1.9.13/jackson-jaxrs-1.9.13.jar:/home/user/.m2/repository/org/codehaus/jackson/jackson-xc/1.9.13/jackson-xc-1.9.13.jar:/home/user/.m2/repository/commons-logging/commons-logging/1.1.3/commons-logging-1.1.3.jar:/home/user/.m2/repository/commons-beanutils/commons-beanutils/1.9.3/commons-beanutils-1.9.3.jar:/home/user/.m2/repository/org/apache/commons/commons-configuration2/2.1.1/commons-configuration2-2.1.1.jar:/home/user/.m2/repository/org/apache/commons/commons-lang3/3.7/commons-lang3-3.7.jar:/home/user/.m2/repository/org/apache/commons/commons-text/1.4/commons-text-1.4.jar:/home/user/.m2/repository/org/apache/avro/avro/1.7.7/avro-1.7.7.jar:/home/user/.m2/repository/com/thoughtworks/paranamer/paranamer/2.3/paranamer-2.3.jar:/home/user/.m2/repository/org/xerial/snappy/snappy-java/1.0.5/snappy-java-1.0.5.jar:/home/user/.m2/repository/com/google/re2j/re2j/1.1/re2j-1.1.jar:/home/user/.m2/repository/com/google/code/gson/gson/2.2.4/gson-2.2.4.jar:/home/user/.m2/repository/com/jcraft/jsch/0.1.54/jsch-0.1.54.jar:/home/user/.m2/repository/org/apache/curator/curator-client/2.12.0/curator-client-2.12.0.jar:/home/user/.m2/repository/org/apache/curator/curator-recipes/2.12.0/curator-recipes-2.12.0.jar:/home/user/.m2/repository/com/google/code/findbugs/jsr305/3.0.0/jsr305-3.0.0.jar:/home/user/.m2/repository/org/apache/htrace/htrace-core4/4.1.0-incubating/htrace-core4-4.1.0-incubating.jar:/home/user/.m2/repository/org/apache/zookeeper/zookeeper/3.4.13/zookeeper-3.4.13.jar:/home/user/.m2/repository/org/apache/yetus/audience-annotations/0.5.0/audience-annotations-0.5.0.jar:/home/user/.m2/repository/org/codehaus/woodstox/stax2-api/3.1.4/stax2-api-3.1.4.jar:/home/user/.m2/repository/com/fasterxml/woodstox/woodstox-core/5.0.3/woodstox-core-5.0.3.jar:/home/user/.m2/repository/dnsjava/dnsjava/2.1.7/dnsjava-2.1.7.jar:/home/user/.m2/repository/org/apache/hadoop/hadoop-hdfs/3.2.0/hadoop-hdfs-3.2.0-tests.jar:/home/user/.m2/repository/org/eclipse/jetty/jetty-util-ajax/9.3.24.v20180605/jetty-util-ajax-9.3.24.v20180605.jar:/home/user/.m2/repository/commons-daemon/commons-daemon/1.0.13/commons-daemon-1.0.13.jar:/home/user/.m2/repository/io/netty/netty/3.10.5.Final/netty-3.10.5.Final.jar:/home/user/.m2/repository/io/netty/netty-all/4.0.52.Final/netty-all-4.0.52.Final.jar:/home/user/.m2/repository/org/fusesource/leveldbjni/leveldbjni-all/1.8/leveldbjni-all-1.8.jar:"/>
    <property name="java.vm.vendor" value="IcedTea"/>
    <property name="sun.arch.data.model" value="64"/>
    <property name="test.build.dir" value="/workdir/hadoop-ozone/integration-test/target/test-dir"/>
    <property name="test.cache.data" value=""/>
    <property name="java.vendor.url" value="https://icedtea.classpath.org"/>
    <property name="user.timezone" value=""/>
    <property name="java.vm.specification.version" value="1.8"/>
    <property name="os.name" value="Linux"/>
    <property name="test.build.data" value="/workdir/hadoop-ozone/integration-test/target/test-dir"/>
    <property name="user.country" value="US"/>
    <property name="sun.java.launcher" value="SUN_STANDARD"/>
    <property name="sun.boot.library.path" value="/usr/lib/jvm/java-1.8-openjdk/jre/lib/amd64"/>
    <property name="sun.java.command" value="/workdir/hadoop-ozone/integration-test/target/surefire/surefirebooter7524319747017604851.jar /workdir/hadoop-ozone/integration-test/target/surefire 2019-08-29T08-47-23_631-jvmRun1 surefire5778516157411739068tmp surefire_208722868823215859752tmp"/>
    <property name="test" value="!TestMiniChaosOzoneCluster"/>
    <property name="surefire.test.class.path" value="/workdir/hadoop-ozone/integration-test/target/test-classes:/workdir/hadoop-ozone/integration-test/target/classes:/home/user/.m2/repository/org/apache/hadoop/hadoop-ozone-common/0.5.0-SNAPSHOT/hadoop-ozone-common-0.5.0-SNAPSHOT.jar:/home/user/.m2/repository/org/apache/commons/commons-compress/1.4.1/commons-compress-1.4.1.jar:/home/user/.m2/repository/org/tukaani/xz/1.0/xz-1.0.jar:/home/user/.m2/repository/org/apache/hadoop/hadoop-common/3.2.0/hadoop-common-3.2.0.jar:/home/user/.m2/repository/org/apache/hadoop/hadoop-hdfs/3.2.0/hadoop-hdfs-3.2.0.jar:/home/user/.m2/repository/org/apache/hadoop/hadoop-hdfs-client/3.2.0/hadoop-hdfs-client-3.2.0.jar:/home/user/.m2/repository/com/fasterxml/jackson/core/jackson-annotations/2.9.5/jackson-annotations-2.9.5.jar:/home/user/.m2/repository/org/apache/hadoop/hadoop-hdds-common/0.5.0-SNAPSHOT/hadoop-hdds-common-0.5.0-SNAPSHOT.jar:/home/user/.m2/repository/javax/annotation/javax.annotation-api/1.2/javax.annotation-api-1.2.jar:/home/user/.m2/repository/org/apache/ratis/ratis-server/0.4.0-2337318-SNAPSHOT/ratis-server-0.4.0-2337318-SNAPSHOT.jar:/home/user/.m2/repository/org/apache/ratis/ratis-thirdparty-misc/0.2.0/ratis-thirdparty-misc-0.2.0.jar:/home/user/.m2/repository/org/apache/ratis/ratis-proto/0.4.0-2337318-SNAPSHOT/ratis-proto-0.4.0-2337318-SNAPSHOT.jar:/home/user/.m2/repository/org/apache/ratis/ratis-common/0.4.0-2337318-SNAPSHOT/ratis-common-0.4.0-2337318-SNAPSHOT.jar:/home/user/.m2/repository/org/apache/ratis/ratis-client/0.4.0-2337318-SNAPSHOT/ratis-client-0.4.0-2337318-SNAPSHOT.jar:/home/user/.m2/repository/org/apache/ratis/ratis-metrics/0.4.0-2337318-SNAPSHOT/ratis-metrics-0.4.0-2337318-SNAPSHOT.jar:/home/user/.m2/repository/org/apache/ratis/ratis-netty/0.4.0-2337318-SNAPSHOT/ratis-netty-0.4.0-2337318-SNAPSHOT.jar:/home/user/.m2/repository/org/apache/ratis/ratis-grpc/0.4.0-2337318-SNAPSHOT/ratis-grpc-0.4.0-2337318-SNAPSHOT.jar:/home/user/.m2/repository/org/rocksdb/rocksdbjni/6.0.1/rocksdbjni-6.0.1.jar:/home/user/.m2/repository/org/apache/logging/log4j/log4j-api/2.11.0/log4j-api-2.11.0.jar:/home/user/.m2/repository/org/apache/logging/log4j/log4j-core/2.11.0/log4j-core-2.11.0.jar:/home/user/.m2/repository/com/lmax/disruptor/3.4.2/disruptor-3.4.2.jar:/home/user/.m2/repository/org/apache/commons/commons-pool2/2.6.0/commons-pool2-2.6.0.jar:/home/user/.m2/repository/org/bouncycastle/bcpkix-jdk15on/1.60/bcpkix-jdk15on-1.60.jar:/home/user/.m2/repository/commons-validator/commons-validator/1.6/commons-validator-1.6.jar:/home/user/.m2/repository/commons-digester/commons-digester/1.8.1/commons-digester-1.8.1.jar:/home/user/.m2/repository/io/jaegertracing/jaeger-client/0.33.1/jaeger-client-0.33.1.jar:/home/user/.m2/repository/io/jaegertracing/jaeger-thrift/0.33.1/jaeger-thrift-0.33.1.jar:/home/user/.m2/repository/org/apache/thrift/libthrift/0.11.0/libthrift-0.11.0.jar:/home/user/.m2/repository/com/squareup/okhttp3/okhttp/3.9.0/okhttp-3.9.0.jar:/home/user/.m2/repository/com/squareup/okio/okio/1.13.0/okio-1.13.0.jar:/home/user/.m2/repository/io/jaegertracing/jaeger-core/0.33.1/jaeger-core-0.33.1.jar:/home/user/.m2/repository/io/jaegertracing/jaeger-tracerresolver/0.33.1/jaeger-tracerresolver-0.33.1.jar:/home/user/.m2/repository/io/opentracing/contrib/opentracing-tracerresolver/0.1.5/opentracing-tracerresolver-0.1.5.jar:/home/user/.m2/repository/io/opentracing/opentracing-util/0.31.0/opentracing-util-0.31.0.jar:/home/user/.m2/repository/io/opentracing/opentracing-api/0.31.0/opentracing-api-0.31.0.jar:/home/user/.m2/repository/io/opentracing/opentracing-noop/0.31.0/opentracing-noop-0.31.0.jar:/home/user/.m2/repository/org/apache/hadoop/hadoop-hdds-server-framework/0.5.0-SNAPSHOT/hadoop-hdds-server-framework-0.5.0-SNAPSHOT.jar:/home/user/.m2/repository/org/apache/hadoop/hadoop-hdds-container-service/0.5.0-SNAPSHOT/hadoop-hdds-container-service-0.5.0-SNAPSHOT.jar:/home/user/.m2/repository/org/apache/hadoop/hadoop-hdds-client/0.5.0-SNAPSHOT/hadoop-hdds-client-0.5.0-SNAPSHOT.jar:/home/user/.m2/repository/org/apache/hadoop/hadoop-hdds-tools/0.5.0-SNAPSHOT/hadoop-hdds-tools-0.5.0-SNAPSHOT.jar:/home/user/.m2/repository/org/apache/hadoop/hadoop-hdds-server-scm/0.5.0-SNAPSHOT/hadoop-hdds-server-scm-0.5.0-SNAPSHOT.jar:/home/user/.m2/repository/org/apache/hadoop/hadoop-hdds-docs/0.5.0-SNAPSHOT/hadoop-hdds-docs-0.5.0-SNAPSHOT.jar:/home/user/.m2/repository/io/dropwizard/metrics/metrics-core/3.2.4/metrics-core-3.2.4.jar:/home/user/.m2/repository/org/hamcrest/hamcrest-all/1.3/hamcrest-all-1.3.jar:/home/user/.m2/repository/org/bouncycastle/bcprov-jdk15on/1.60/bcprov-jdk15on-1.60.jar:/home/user/.m2/repository/info/picocli/picocli/3.9.6/picocli-3.9.6.jar:/home/user/.m2/repository/com/google/protobuf/protobuf-java/2.5.0/protobuf-java-2.5.0.jar:/home/user/.m2/repository/com/google/guava/guava/11.0.2/guava-11.0.2.jar:/home/user/.m2/repository/org/apache/hadoop/hadoop-ozone-ozone-manager/0.5.0-SNAPSHOT/hadoop-ozone-ozone-manager-0.5.0-SNAPSHOT.jar:/home/user/.m2/repository/org/apache/hadoop/hadoop-minikdc/3.2.0/hadoop-minikdc-3.2.0.jar:/home/user/.m2/repository/commons-io/commons-io/2.5/commons-io-2.5.jar:/home/user/.m2/repository/org/apache/kerby/kerb-simplekdc/1.0.1/kerb-simplekdc-1.0.1.jar:/home/user/.m2/repository/org/apache/kerby/kerb-client/1.0.1/kerb-client-1.0.1.jar:/home/user/.m2/repository/org/apache/kerby/kerby-config/1.0.1/kerby-config-1.0.1.jar:/home/user/.m2/repository/org/apache/kerby/kerb-core/1.0.1/kerb-core-1.0.1.jar:/home/user/.m2/repository/org/apache/kerby/kerby-pkix/1.0.1/kerby-pkix-1.0.1.jar:/home/user/.m2/repository/org/apache/kerby/kerby-asn1/1.0.1/kerby-asn1-1.0.1.jar:/home/user/.m2/repository/org/apache/kerby/kerby-util/1.0.1/kerby-util-1.0.1.jar:/home/user/.m2/repository/org/apache/kerby/kerb-common/1.0.1/kerb-common-1.0.1.jar:/home/user/.m2/repository/org/apache/kerby/kerb-crypto/1.0.1/kerb-crypto-1.0.1.jar:/home/user/.m2/repository/org/apache/kerby/kerb-util/1.0.1/kerb-util-1.0.1.jar:/home/user/.m2/repository/org/apache/kerby/token-provider/1.0.1/token-provider-1.0.1.jar:/home/user/.m2/repository/org/apache/kerby/kerb-admin/1.0.1/kerb-admin-1.0.1.jar:/home/user/.m2/repository/org/apache/kerby/kerb-server/1.0.1/kerb-server-1.0.1.jar:/home/user/.m2/repository/org/apache/kerby/kerb-identity/1.0.1/kerb-identity-1.0.1.jar:/home/user/.m2/repository/org/apache/kerby/kerby-xdr/1.0.1/kerby-xdr-1.0.1.jar:/home/user/.m2/repository/org/slf4j/slf4j-log4j12/1.7.25/slf4j-log4j12-1.7.25.jar:/home/user/.m2/repository/org/apache/hadoop/hadoop-ozone-objectstore-service/0.5.0-SNAPSHOT/hadoop-ozone-objectstore-service-0.5.0-SNAPSHOT.jar:/home/user/.m2/repository/org/apache/hadoop/hadoop-ozone-s3gateway/0.5.0-SNAPSHOT/hadoop-ozone-s3gateway-0.5.0-SNAPSHOT.jar:/home/user/.m2/repository/org/jboss/weld/servlet/weld-servlet/2.4.7.Final/weld-servlet-2.4.7.Final.jar:/home/user/.m2/repository/org/glassfish/jersey/containers/jersey-container-servlet-core/2.27/jersey-container-servlet-core-2.27.jar:/home/user/.m2/repository/org/glassfish/hk2/external/javax.inject/2.5.0-b42/javax.inject-2.5.0-b42.jar:/home/user/.m2/repository/org/glassfish/jersey/core/jersey-common/2.27/jersey-common-2.27.jar:/home/user/.m2/repository/org/glassfish/hk2/osgi-resource-locator/1.0.1/osgi-resource-locator-1.0.1.jar:/home/user/.m2/repository/javax/ws/rs/javax.ws.rs-api/2.1/javax.ws.rs-api-2.1.jar:/home/user/.m2/repository/org/glassfish/jersey/ext/cdi/jersey-cdi1x/2.27/jersey-cdi1x-2.27.jar:/home/user/.m2/repository/org/glassfish/jersey/inject/jersey-hk2/2.27/jersey-hk2-2.27.jar:/home/user/.m2/repository/org/glassfish/hk2/hk2-locator/2.5.0-b42/hk2-locator-2.5.0-b42.jar:/home/user/.m2/repository/org/javassist/javassist/3.22.0-CR2/javassist-3.22.0-CR2.jar:/home/user/.m2/repository/org/glassfish/hk2/hk2-api/2.5.0/hk2-api-2.5.0.jar:/home/user/.m2/repository/org/glassfish/hk2/external/jakarta.inject/2.5.0/jakarta.inject-2.5.0.jar:/home/user/.m2/repository/org/glassfish/hk2/hk2-utils/2.5.0/hk2-utils-2.5.0.jar:/home/user/.m2/repository/jakarta/annotation/jakarta.annotation-api/1.3.4/jakarta.annotation-api-1.3.4.jar:/home/user/.m2/repository/org/glassfish/hk2/external/aopalliance-repackaged/2.5.0/aopalliance-repackaged-2.5.0.jar:/home/user/.m2/repository/com/fasterxml/jackson/dataformat/jackson-dataformat-xml/2.9.0/jackson-dataformat-xml-2.9.0.jar:/home/user/.m2/repository/com/fasterxml/jackson/core/jackson-core/2.9.5/jackson-core-2.9.5.jar:/home/user/.m2/repository/com/fasterxml/jackson/module/jackson-module-jaxb-annotations/2.9.5/jackson-module-jaxb-annotations-2.9.5.jar:/home/user/.m2/repository/javax/enterprise/cdi-api/1.2/cdi-api-1.2.jar:/home/user/.m2/repository/javax/el/javax.el-api/3.0.0/javax.el-api-3.0.0.jar:/home/user/.m2/repository/javax/interceptor/javax.interceptor-api/1.2/javax.interceptor-api-1.2.jar:/home/user/.m2/repository/javax/inject/javax.inject/1/javax.inject-1.jar:/home/user/.m2/repository/com/sun/xml/bind/jaxb-impl/2.3.0.1/jaxb-impl-2.3.0.1.jar:/home/user/.m2/repository/com/sun/xml/bind/jaxb-core/2.3.0.1/jaxb-core-2.3.0.1.jar:/home/user/.m2/repository/javax/xml/bind/jaxb-api/2.3.0/jaxb-api-2.3.0.jar:/home/user/.m2/repository/javax/activation/activation/1.1.1/activation-1.1.1.jar:/home/user/.m2/repository/org/apache/hadoop/hadoop-ozone-csi/0.5.0-SNAPSHOT/hadoop-ozone-csi-0.5.0-SNAPSHOT.jar:/home/user/.m2/repository/com/google/protobuf/protobuf-java-util/3.5.1/protobuf-java-util-3.5.1.jar:/home/user/.m2/repository/org/apache/hadoop/hadoop-hdds-config/0.5.0-SNAPSHOT/hadoop-hdds-config-0.5.0-SNAPSHOT.jar:/home/user/.m2/repository/io/grpc/grpc-netty/1.17.1/grpc-netty-1.17.1.jar:/home/user/.m2/repository/io/grpc/grpc-core/1.17.1/grpc-core-1.17.1.jar:/home/user/.m2/repository/io/grpc/grpc-context/1.17.1/grpc-context-1.17.1.jar:/home/user/.m2/repository/com/google/errorprone/error_prone_annotations/2.2.0/error_prone_annotations-2.2.0.jar:/home/user/.m2/repository/org/codehaus/mojo/animal-sniffer-annotations/1.17/animal-sniffer-annotations-1.17.jar:/home/user/.m2/repository/io/opencensus/opencensus-api/0.17.0/opencensus-api-0.17.0.jar:/home/user/.m2/repository/io/opencensus/opencensus-contrib-grpc-metrics/0.17.0/opencensus-contrib-grpc-metrics-0.17.0.jar:/home/user/.m2/repository/io/netty/netty-codec-http2/4.1.30.Final/netty-codec-http2-4.1.30.Final.jar:/home/user/.m2/repository/io/netty/netty-codec-http/4.1.30.Final/netty-codec-http-4.1.30.Final.jar:/home/user/.m2/repository/io/netty/netty-codec/4.1.30.Final/netty-codec-4.1.30.Final.jar:/home/user/.m2/repository/io/netty/netty-handler/4.1.30.Final/netty-handler-4.1.30.Final.jar:/home/user/.m2/repository/io/netty/netty-handler-proxy/4.1.30.Final/netty-handler-proxy-4.1.30.Final.jar:/home/user/.m2/repository/io/netty/netty-codec-socks/4.1.30.Final/netty-codec-socks-4.1.30.Final.jar:/home/user/.m2/repository/io/netty/netty-transport-native-epoll/4.1.30.Final/netty-transport-native-epoll-4.1.30.Final.jar:/home/user/.m2/repository/io/netty/netty-common/4.1.30.Final/netty-common-4.1.30.Final.jar:/home/user/.m2/repository/io/netty/netty-buffer/4.1.30.Final/netty-buffer-4.1.30.Final.jar:/home/user/.m2/repository/io/netty/netty-transport/4.1.30.Final/netty-transport-4.1.30.Final.jar:/home/user/.m2/repository/io/netty/netty-resolver/4.1.30.Final/netty-resolver-4.1.30.Final.jar:/home/user/.m2/repository/io/netty/netty-transport-native-unix-common/4.1.30.Final/netty-transport-native-unix-common-4.1.30.Final.jar:/home/user/.m2/repository/io/grpc/grpc-protobuf/1.17.1/grpc-protobuf-1.17.1.jar:/home/user/.m2/repository/com/google/api/grpc/proto-google-common-protos/1.0.0/proto-google-common-protos-1.0.0.jar:/home/user/.m2/repository/io/grpc/grpc-protobuf-lite/1.17.1/grpc-protobuf-lite-1.17.1.jar:/home/user/.m2/repository/io/grpc/grpc-stub/1.17.1/grpc-stub-1.17.1.jar:/home/user/.m2/repository/org/apache/hadoop/hadoop-ozone-recon/0.5.0-SNAPSHOT/hadoop-ozone-recon-0.5.0-SNAPSHOT.jar:/home/user/.m2/repository/org/apache/hadoop/hadoop-ozone-reconcodegen/0.5.0-SNAPSHOT/hadoop-ozone-reconcodegen-0.5.0-SNAPSHOT.jar:/home/user/.m2/repository/com/google/inject/extensions/guice-multibindings/4.0/guice-multibindings-4.0.jar:/home/user/.m2/repository/com/google/inject/guice/4.0/guice-4.0.jar:/home/user/.m2/repository/aopalliance/aopalliance/1.0/aopalliance-1.0.jar:/home/user/.m2/repository/com/google/inject/extensions/guice-servlet/4.0/guice-servlet-4.0.jar:/home/user/.m2/repository/org/glassfish/jersey/containers/jersey-container-servlet/2.27/jersey-container-servlet-2.27.jar:/home/user/.m2/repository/org/glassfish/hk2/guice-bridge/2.5.0/guice-bridge-2.5.0.jar:/home/user/.m2/repository/org/glassfish/jersey/core/jersey-server/2.27/jersey-server-2.27.jar:/home/user/.m2/repository/org/glassfish/jersey/core/jersey-client/2.27/jersey-client-2.27.jar:/home/user/.m2/repository/org/glassfish/jersey/media/jersey-media-jaxb/2.27/jersey-media-jaxb-2.27.jar:/home/user/.m2/repository/javax/validation/validation-api/1.1.0.Final/validation-api-1.1.0.Final.jar:/home/user/.m2/repository/org/glassfish/jersey/media/jersey-media-json-jackson/2.27/jersey-media-json-jackson-2.27.jar:/home/user/.m2/repository/org/glassfish/jersey/ext/jersey-entity-filtering/2.27/jersey-entity-filtering-2.27.jar:/home/user/.m2/repository/com/google/inject/extensions/guice-assistedinject/4.0/guice-assistedinject-4.0.jar:/home/user/.m2/repository/org/jooq/jooq/3.11.10/jooq-3.11.10.jar:/home/user/.m2/repository/org/jooq/jooq-meta/3.11.10/jooq-meta-3.11.10.jar:/home/user/.m2/repository/org/jooq/jooq-codegen/3.11.10/jooq-codegen-3.11.10.jar:/home/user/.m2/repository/com/jolbox/bonecp/0.8.0.RELEASE/bonecp-0.8.0.RELEASE.jar:/home/user/.m2/repository/org/xerial/sqlite-jdbc/3.25.2/sqlite-jdbc-3.25.2.jar:/home/user/.m2/repository/org/springframework/spring-jdbc/5.1.3.RELEASE/spring-jdbc-5.1.3.RELEASE.jar:/home/user/.m2/repository/org/springframework/spring-beans/5.1.3.RELEASE/spring-beans-5.1.3.RELEASE.jar:/home/user/.m2/repository/org/springframework/spring-core/5.1.3.RELEASE/spring-core-5.1.3.RELEASE.jar:/home/user/.m2/repository/org/springframework/spring-jcl/5.1.3.RELEASE/spring-jcl-5.1.3.RELEASE.jar:/home/user/.m2/repository/org/springframework/spring-tx/5.1.3.RELEASE/spring-tx-5.1.3.RELEASE.jar:/home/user/.m2/repository/org/apache/hadoop/hadoop-ozone-client/0.5.0-SNAPSHOT/hadoop-ozone-client-0.5.0-SNAPSHOT.jar:/home/user/.m2/repository/commons-lang/commons-lang/2.6/commons-lang-2.6.jar:/home/user/.m2/repository/org/apache/hadoop/hadoop-ozone-ozone-manager/0.5.0-SNAPSHOT/hadoop-ozone-ozone-manager-0.5.0-SNAPSHOT-tests.jar:/home/user/.m2/repository/junit/junit/4.11/junit-4.11.jar:/home/user/.m2/repository/org/hamcrest/hamcrest-core/1.3/hamcrest-core-1.3.jar:/home/user/.m2/repository/org/openjdk/jmh/jmh-core/1.19/jmh-core-1.19.jar:/home/user/.m2/repository/net/sf/jopt-simple/jopt-simple/4.6/jopt-simple-4.6.jar:/home/user/.m2/repository/org/apache/commons/commons-math3/3.1.1/commons-math3-3.1.1.jar:/home/user/.m2/repository/org/openjdk/jmh/jmh-generator-annprocess/1.19/jmh-generator-annprocess-1.19.jar:/home/user/.m2/repository/org/mockito/mockito-all/1.8.5/mockito-all-1.8.5.jar:/home/user/.m2/repository/org/apache/hadoop/hadoop-kms/3.2.0/hadoop-kms-3.2.0.jar:/home/user/.m2/repository/org/apache/hadoop/hadoop-auth/3.2.0/hadoop-auth-3.2.0.jar:/home/user/.m2/repository/com/nimbusds/nimbus-jose-jwt/4.41.1/nimbus-jose-jwt-4.41.1.jar:/home/user/.m2/repository/com/github/stephenc/jcip/jcip-annotations/1.0-1/jcip-annotations-1.0-1.jar:/home/user/.m2/repository/net/minidev/json-smart/2.3/json-smart-2.3.jar:/home/user/.m2/repository/net/minidev/accessors-smart/1.2/accessors-smart-1.2.jar:/home/user/.m2/repository/org/ow2/asm/asm/5.0.4/asm-5.0.4.jar:/home/user/.m2/repository/org/apache/curator/curator-framework/2.12.0/curator-framework-2.12.0.jar:/home/user/.m2/repository/com/sun/jersey/jersey-core/1.19/jersey-core-1.19.jar:/home/user/.m2/repository/javax/ws/rs/jsr311-api/1.1.1/jsr311-api-1.1.1.jar:/home/user/.m2/repository/com/sun/jersey/jersey-server/1.19/jersey-server-1.19.jar:/home/user/.m2/repository/javax/servlet/javax.servlet-api/3.1.0/javax.servlet-api-3.1.0.jar:/home/user/.m2/repository/org/eclipse/jetty/jetty-server/9.3.24.v20180605/jetty-server-9.3.24.v20180605.jar:/home/user/.m2/repository/org/eclipse/jetty/jetty-http/9.3.24.v20180605/jetty-http-9.3.24.v20180605.jar:/home/user/.m2/repository/org/eclipse/jetty/jetty-io/9.3.24.v20180605/jetty-io-9.3.24.v20180605.jar:/home/user/.m2/repository/org/eclipse/jetty/jetty-webapp/9.3.24.v20180605/jetty-webapp-9.3.24.v20180605.jar:/home/user/.m2/repository/org/eclipse/jetty/jetty-xml/9.3.24.v20180605/jetty-xml-9.3.24.v20180605.jar:/home/user/.m2/repository/log4j/log4j/1.2.17/log4j-1.2.17.jar:/home/user/.m2/repository/org/slf4j/slf4j-api/1.7.25/slf4j-api-1.7.25.jar:/home/user/.m2/repository/org/slf4j/jul-to-slf4j/1.7.25/jul-to-slf4j-1.7.25.jar:/home/user/.m2/repository/org/eclipse/jetty/jetty-util/9.3.24.v20180605/jetty-util-9.3.24.v20180605.jar:/home/user/.m2/repository/com/fasterxml/jackson/core/jackson-databind/2.9.5/jackson-databind-2.9.5.jar:/home/user/.m2/repository/org/apache/hadoop/hadoop-kms/3.2.0/hadoop-kms-3.2.0-tests.jar:/home/user/.m2/repository/org/apache/hadoop/hadoop-hdds-server-scm/0.5.0-SNAPSHOT/hadoop-hdds-server-scm-0.5.0-SNAPSHOT-tests.jar:/home/user/.m2/repository/org/apache/hadoop/hadoop-hdds-container-service/0.5.0-SNAPSHOT/hadoop-hdds-container-service-0.5.0-SNAPSHOT-tests.jar:/home/user/.m2/repository/org/yaml/snakeyaml/1.16/snakeyaml-1.16.jar:/home/user/.m2/repository/org/apache/hadoop/hadoop-common/3.2.0/hadoop-common-3.2.0-tests.jar:/home/user/.m2/repository/org/apache/hadoop/hadoop-annotations/3.2.0/hadoop-annotations-3.2.0.jar:/usr/lib/jvm/java-1.8-openjdk/jre/../lib/tools.jar:/home/user/.m2/repository/commons-cli/commons-cli/1.2/commons-cli-1.2.jar:/home/user/.m2/repository/org/apache/httpcomponents/httpclient/4.5.2/httpclient-4.5.2.jar:/home/user/.m2/repository/org/apache/httpcomponents/httpcore/4.4.4/httpcore-4.4.4.jar:/home/user/.m2/repository/commons-codec/commons-codec/1.11/commons-codec-1.11.jar:/home/user/.m2/repository/commons-net/commons-net/3.6/commons-net-3.6.jar:/home/user/.m2/repository/commons-collections/commons-collections/3.2.2/commons-collections-3.2.2.jar:/home/user/.m2/repository/org/eclipse/jetty/jetty-servlet/9.3.24.v20180605/jetty-servlet-9.3.24.v20180605.jar:/home/user/.m2/repository/org/eclipse/jetty/jetty-security/9.3.24.v20180605/jetty-security-9.3.24.v20180605.jar:/home/user/.m2/repository/javax/servlet/jsp/jsp-api/2.1/jsp-api-2.1.jar:/home/user/.m2/repository/com/sun/jersey/jersey-servlet/1.19/jersey-servlet-1.19.jar:/home/user/.m2/repository/com/sun/jersey/jersey-json/1.19/jersey-json-1.19.jar:/home/user/.m2/repository/org/codehaus/jettison/jettison/1.1/jettison-1.1.jar:/home/user/.m2/repository/org/codehaus/jackson/jackson-core-asl/1.9.13/jackson-core-asl-1.9.13.jar:/home/user/.m2/repository/org/codehaus/jackson/jackson-mapper-asl/1.9.13/jackson-mapper-asl-1.9.13.jar:/home/user/.m2/repository/org/codehaus/jackson/jackson-jaxrs/1.9.13/jackson-jaxrs-1.9.13.jar:/home/user/.m2/repository/org/codehaus/jackson/jackson-xc/1.9.13/jackson-xc-1.9.13.jar:/home/user/.m2/repository/commons-logging/commons-logging/1.1.3/commons-logging-1.1.3.jar:/home/user/.m2/repository/commons-beanutils/commons-beanutils/1.9.3/commons-beanutils-1.9.3.jar:/home/user/.m2/repository/org/apache/commons/commons-configuration2/2.1.1/commons-configuration2-2.1.1.jar:/home/user/.m2/repository/org/apache/commons/commons-lang3/3.7/commons-lang3-3.7.jar:/home/user/.m2/repository/org/apache/commons/commons-text/1.4/commons-text-1.4.jar:/home/user/.m2/repository/org/apache/avro/avro/1.7.7/avro-1.7.7.jar:/home/user/.m2/repository/com/thoughtworks/paranamer/paranamer/2.3/paranamer-2.3.jar:/home/user/.m2/repository/org/xerial/snappy/snappy-java/1.0.5/snappy-java-1.0.5.jar:/home/user/.m2/repository/com/google/re2j/re2j/1.1/re2j-1.1.jar:/home/user/.m2/repository/com/google/code/gson/gson/2.2.4/gson-2.2.4.jar:/home/user/.m2/repository/com/jcraft/jsch/0.1.54/jsch-0.1.54.jar:/home/user/.m2/repository/org/apache/curator/curator-client/2.12.0/curator-client-2.12.0.jar:/home/user/.m2/repository/org/apache/curator/curator-recipes/2.12.0/curator-recipes-2.12.0.jar:/home/user/.m2/repository/com/google/code/findbugs/jsr305/3.0.0/jsr305-3.0.0.jar:/home/user/.m2/repository/org/apache/htrace/htrace-core4/4.1.0-incubating/htrace-core4-4.1.0-incubating.jar:/home/user/.m2/repository/org/apache/zookeeper/zookeeper/3.4.13/zookeeper-3.4.13.jar:/home/user/.m2/repository/org/apache/yetus/audience-annotations/0.5.0/audience-annotations-0.5.0.jar:/home/user/.m2/repository/org/codehaus/woodstox/stax2-api/3.1.4/stax2-api-3.1.4.jar:/home/user/.m2/repository/com/fasterxml/woodstox/woodstox-core/5.0.3/woodstox-core-5.0.3.jar:/home/user/.m2/repository/dnsjava/dnsjava/2.1.7/dnsjava-2.1.7.jar:/home/user/.m2/repository/org/apache/hadoop/hadoop-hdfs/3.2.0/hadoop-hdfs-3.2.0-tests.jar:/home/user/.m2/repository/org/eclipse/jetty/jetty-util-ajax/9.3.24.v20180605/jetty-util-ajax-9.3.24.v20180605.jar:/home/user/.m2/repository/commons-daemon/commons-daemon/1.0.13/commons-daemon-1.0.13.jar:/home/user/.m2/repository/io/netty/netty/3.10.5.Final/netty-3.10.5.Final.jar:/home/user/.m2/repository/io/netty/netty-all/4.0.52.Final/netty-all-4.0.52.Final.jar:/home/user/.m2/repository/org/fusesource/leveldbjni/leveldbjni-all/1.8/leveldbjni-all-1.8.jar:"/>
    <property name="sun.cpu.endian" value="little"/>
    <property name="user.home" value="/home/user"/>
    <property name="user.language" value="en"/>
    <property name="java.specification.vendor" value="Oracle Corporation"/>
    <property name="java.home" value="/usr/lib/jvm/java-1.8-openjdk/jre"/>
    <property name="java.security.krb5.conf" value="/workdir/hadoop-ozone/integration-test/target/test-classes/krb5.conf"/>
    <property name="basedir" value="/workdir/hadoop-ozone/integration-test"/>
    <property name="file.separator" value="/"/>
    <property name="line.separator" value="&#10;"/>
    <property name="java.vm.specification.vendor" value="Oracle Corporation"/>
    <property name="java.specification.name" value="Java Platform API Specification"/>
    <property name="java.awt.graphicsenv" value="sun.awt.X11GraphicsEnvironment"/>
    <property name="surefire.real.class.path" value="/workdir/hadoop-ozone/integration-test/target/surefire/surefirebooter7524319747017604851.jar"/>
    <property name="hadoop.log.dir" value="/workdir/hadoop-ozone/integration-test/target/log"/>
    <property name="sun.boot.class.path" value="/usr/lib/jvm/java-1.8-openjdk/jre/lib/resources.jar:/usr/lib/jvm/java-1.8-openjdk/jre/lib/rt.jar:/usr/lib/jvm/java-1.8-openjdk/jre/lib/sunrsasign.jar:/usr/lib/jvm/java-1.8-openjdk/jre/lib/jsse.jar:/usr/lib/jvm/java-1.8-openjdk/jre/lib/jce.jar:/usr/lib/jvm/java-1.8-openjdk/jre/lib/charsets.jar:/usr/lib/jvm/java-1.8-openjdk/jre/lib/jfr.jar:/usr/lib/jvm/java-1.8-openjdk/jre/classes"/>
    <property name="sun.management.compiler" value="HotSpot 64-Bit Tiered Compilers"/>
    <property name="java.runtime.version" value="1.8.0_212-b04"/>
    <property name="java.net.preferIPv4Stack" value="true"/>
    <property name="user.name" value="jenkins1000"/>
    <property name="path.separator" value=":"/>
    <property name="java.security.egd" value="file:///dev/urandom"/>
    <property name="os.version" value="3.10.0-957.12.2.el7.x86_64"/>
    <property name="java.endorsed.dirs" value="/usr/lib/jvm/java-1.8-openjdk/jre/lib/endorsed"/>
    <property name="java.runtime.name" value="OpenJDK Runtime Environment"/>
    <property name="file.encoding" value="UTF-8"/>
    <property name="java.vm.name" value="OpenJDK 64-Bit Server VM"/>
    <property name="test.build.webapps" value=""/>
    <property name="localRepository" value="/home/user/.m2/repository"/>
    <property name="java.vendor.url.bug" value="https://icedtea.classpath.org/bugzilla"/>
    <property name="java.io.tmpdir" value="/tmp"/>
    <property name="require.test.libhadoop" value=""/>
    <property name="java.version" value="1.8.0_212"/>
    <property name="user.dir" value="/workdir/hadoop-ozone/integration-test"/>
    <property name="os.arch" value="amd64"/>
    <property name="java.vm.specification.name" value="Java Virtual Machine Specification"/>
    <property name="test.build.classes" value="/workdir/hadoop-ozone/integration-test/target/test-classes"/>
    <property name="java.awt.printerjob" value="sun.print.PSPrinterJob"/>
    <property name="sun.os.patch.level" value="unknown"/>
    <property name="hadoop.tmp.dir" value="/workdir/hadoop-ozone/integration-test/target/tmp"/>
    <property name="java.library.path" value="/usr/lib/jvm/java-1.8-openjdk/jre/lib/amd64/server:/usr/lib/jvm/java-1.8-openjdk/jre/lib/amd64:/usr/lib/jvm/java-1.8-openjdk/jre/../lib/amd64:/workdir/hadoop-ozone/integration-test/target/native/target/usr/local/lib:/workdir/hadoop-ozone/integration-test/../../hadoop-common-project/hadoop-common/target/native/target/usr/local/lib:/usr/java/packages/lib/amd64:/usr/lib64:/lib64:/lib:/usr/lib"/>
    <property name="java.vm.info" value="mixed mode"/>
    <property name="java.vendor" value="IcedTea"/>
    <property name="java.vm.version" value="25.212-b04"/>
    <property name="java.ext.dirs" value="/usr/lib/jvm/java-1.8-openjdk/jre/lib/ext:/usr/java/packages/lib/ext"/>
    <property name="sun.io.unicode.encoding" value="UnicodeLittle"/>
    <property name="java.class.version" value="52.0"/>
  </properties>
  <testcase name="test2DatanodesFailure" classname="org.apache.hadoop.ozone.client.rpc.TestBlockOutputStreamWithFailures" time="110.85"/>
  <testcase name="testDatanodeFailureWithPreAllocation" classname="org.apache.hadoop.ozone.client.rpc.TestBlockOutputStreamWithFailures" time="227.302"/>
  <testcase name="testDatanodeFailureWithSingleNodeRatis" classname="org.apache.hadoop.ozone.client.rpc.TestBlockOutputStreamWithFailures" time="226.73"/>
  <testcase name="testWatchForCommitWithSingleNodeRatis" classname="org.apache.hadoop.ozone.client.rpc.TestBlockOutputStreamWithFailures" time="35.115"/>
  <testcase name="testWatchForCommitDatanodeFailure" classname="org.apache.hadoop.ozone.client.rpc.TestBlockOutputStreamWithFailures" time="43.752">
    <failure message="expected:&lt;2&gt; but was:&lt;3&gt;" type="java.lang.AssertionError"><![CDATA[java.lang.AssertionError: expected:<2> but was:<3>
	at org.junit.Assert.fail(Assert.java:88)
	at org.junit.Assert.failNotEquals(Assert.java:743)
	at org.junit.Assert.assertEquals(Assert.java:118)
	at org.junit.Assert.assertEquals(Assert.java:555)
	at org.junit.Assert.assertEquals(Assert.java:542)
	at org.apache.hadoop.ozone.client.rpc.TestBlockOutputStreamWithFailures.testWatchForCommitDatanodeFailure(TestBlockOutputStreamWithFailures.java:366)
	at sun.reflect.NativeMethodAccessorImpl.invoke0(Native Method)
	at sun.reflect.NativeMethodAccessorImpl.invoke(NativeMethodAccessorImpl.java:62)
	at sun.reflect.DelegatingMethodAccessorImpl.invoke(DelegatingMethodAccessorImpl.java:43)
	at java.lang.reflect.Method.invoke(Method.java:498)
	at org.junit.runners.model.FrameworkMethod$1.runReflectiveCall(FrameworkMethod.java:47)
	at org.junit.internal.runners.model.ReflectiveCallable.run(ReflectiveCallable.java:12)
	at org.junit.runners.model.FrameworkMethod.invokeExplosively(FrameworkMethod.java:44)
	at org.junit.internal.runners.statements.InvokeMethod.evaluate(InvokeMethod.java:17)
	at org.junit.internal.runners.statements.RunBefores.evaluate(RunBefores.java:26)
	at org.junit.internal.runners.statements.RunAfters.evaluate(RunAfters.java:27)
	at org.junit.runners.ParentRunner.runLeaf(ParentRunner.java:271)
	at org.junit.runners.BlockJUnit4ClassRunner.runChild(BlockJUnit4ClassRunner.java:70)
	at org.junit.runners.BlockJUnit4ClassRunner.runChild(BlockJUnit4ClassRunner.java:50)
	at org.junit.runners.ParentRunner$3.run(ParentRunner.java:238)
	at org.junit.runners.ParentRunner$1.schedule(ParentRunner.java:63)
	at org.junit.runners.ParentRunner.runChildren(ParentRunner.java:236)
	at org.junit.runners.ParentRunner.access$000(ParentRunner.java:53)
	at org.junit.runners.ParentRunner$2.evaluate(ParentRunner.java:229)
	at org.junit.runners.ParentRunner.run(ParentRunner.java:309)
	at org.apache.maven.surefire.junit4.JUnit4Provider.execute(JUnit4Provider.java:365)
	at org.apache.maven.surefire.junit4.JUnit4Provider.executeWithRerun(JUnit4Provider.java:273)
	at org.apache.maven.surefire.junit4.JUnit4Provider.executeTestSet(JUnit4Provider.java:238)
	at org.apache.maven.surefire.junit4.JUnit4Provider.invoke(JUnit4Provider.java:159)
	at org.apache.maven.surefire.booter.ForkedBooter.invokeProviderInSameClassLoader(ForkedBooter.java:384)
	at org.apache.maven.surefire.booter.ForkedBooter.runSuitesInProcess(ForkedBooter.java:345)
	at org.apache.maven.surefire.booter.ForkedBooter.execute(ForkedBooter.java:126)
	at org.apache.maven.surefire.booter.ForkedBooter.main(ForkedBooter.java:418)
]]></failure>
    <system-out><![CDATA[2019-08-29 09:08:35,518 [main] WARN  server.ServerUtils (ServerUtils.java:getScmDbDir(145)) - ozone.scm.db.dirs is not configured. We recommend adding this setting. Falling back to ozone.metadata.dirs instead.
2019-08-29 09:08:35,555 [main] WARN  server.ServerUtils (ServerUtils.java:getScmDbDir(145)) - ozone.scm.db.dirs is not configured. We recommend adding this setting. Falling back to ozone.metadata.dirs instead.
2019-08-29 09:08:35,555 [main] WARN  server.ServerUtils (ServerUtils.java:getScmDbDir(145)) - ozone.scm.db.dirs is not configured. We recommend adding this setting. Falling back to ozone.metadata.dirs instead.
2019-08-29 09:08:35,556 [main] INFO  db.DBStoreBuilder (DBStoreBuilder.java:addTable(110)) - using custom profile for table: deletedBlocks
2019-08-29 09:08:35,556 [main] INFO  db.DBStoreBuilder (DBStoreBuilder.java:processTables(161)) - Using default column profile:DBProfile.DISK for Table:deletedBlocks
2019-08-29 09:08:35,556 [main] INFO  db.DBStoreBuilder (DBStoreBuilder.java:addTable(110)) - using custom profile for table: validCerts
2019-08-29 09:08:35,556 [main] INFO  db.DBStoreBuilder (DBStoreBuilder.java:processTables(161)) - Using default column profile:DBProfile.DISK for Table:validCerts
2019-08-29 09:08:35,557 [main] INFO  db.DBStoreBuilder (DBStoreBuilder.java:addTable(110)) - using custom profile for table: revokedCerts
2019-08-29 09:08:35,557 [main] INFO  db.DBStoreBuilder (DBStoreBuilder.java:processTables(161)) - Using default column profile:DBProfile.DISK for Table:revokedCerts
2019-08-29 09:08:35,557 [main] INFO  db.DBStoreBuilder (DBStoreBuilder.java:addTable(110)) - using custom profile for table: default
2019-08-29 09:08:35,557 [main] INFO  db.DBStoreBuilder (DBStoreBuilder.java:processTables(167)) - Using default column profile:DBProfile.DISK for Table:default
2019-08-29 09:08:35,557 [main] INFO  db.DBStoreBuilder (DBStoreBuilder.java:getDbProfile(198)) - Using default options. DBProfile.DISK
2019-08-29 09:08:36,077 [main] INFO  net.NodeSchemaLoader (NodeSchemaLoader.java:loadSchemaFromFile(125)) - Loading file from sun.misc.CompoundEnumeration@36e9fd4f
2019-08-29 09:08:36,077 [main] INFO  net.NodeSchemaLoader (NodeSchemaLoader.java:loadSchema(171)) - Loading network topology layer schema file
2019-08-29 09:08:36,081 [main] INFO  node.SCMNodeManager (SCMNodeManager.java:<init>(121)) - Entering startup safe mode.
2019-08-29 09:08:36,082 [main] INFO  algorithms.ContainerPlacementPolicyFactory (ContainerPlacementPolicyFactory.java:getPolicy(55)) - Create container placement policy of type org.apache.hadoop.hdds.scm.container.placement.algorithms.SCMContainerPlacementRandom
2019-08-29 09:08:36,082 [main] WARN  server.ServerUtils (ServerUtils.java:getScmDbDir(145)) - ozone.scm.db.dirs is not configured. We recommend adding this setting. Falling back to ozone.metadata.dirs instead.
2019-08-29 09:08:36,267 [main] INFO  pipeline.SCMPipelineManager (SCMPipelineManager.java:initializePipelineState(126)) - No pipeline exists in current db
2019-08-29 09:08:36,267 [main] WARN  server.ServerUtils (ServerUtils.java:getScmDbDir(145)) - ozone.scm.db.dirs is not configured. We recommend adding this setting. Falling back to ozone.metadata.dirs instead.
2019-08-29 09:08:36,388 [main] WARN  events.EventQueue (EventQueue.java:fireEvent(175)) - No event handler registered for event TypedEvent{payloadType=SafeModeStatus, name='SafeModeStatus'}
2019-08-29 09:08:36,389 [main] INFO  ipc.CallQueueManager (CallQueueManager.java:<init>(84)) - Using callQueue: class java.util.concurrent.LinkedBlockingQueue, queueCapacity: 2000, scheduler: class org.apache.hadoop.ipc.DefaultRpcScheduler, ipcBackoff: false.
2019-08-29 09:08:36,390 [Socket Reader #1 for port 45560] INFO  ipc.Server (Server.java:run(1074)) - Starting Socket Reader #1 for port 45560
2019-08-29 09:08:36,392 [main] INFO  ipc.CallQueueManager (CallQueueManager.java:<init>(84)) - Using callQueue: class java.util.concurrent.LinkedBlockingQueue, queueCapacity: 2000, scheduler: class org.apache.hadoop.ipc.DefaultRpcScheduler, ipcBackoff: false.
2019-08-29 09:08:36,392 [Socket Reader #1 for port 36747] INFO  ipc.Server (Server.java:run(1074)) - Starting Socket Reader #1 for port 36747
2019-08-29 09:08:36,394 [main] INFO  ipc.CallQueueManager (CallQueueManager.java:<init>(84)) - Using callQueue: class java.util.concurrent.LinkedBlockingQueue, queueCapacity: 2000, scheduler: class org.apache.hadoop.ipc.DefaultRpcScheduler, ipcBackoff: false.
2019-08-29 09:08:36,395 [Socket Reader #1 for port 44168] INFO  ipc.Server (Server.java:run(1074)) - Starting Socket Reader #1 for port 44168
2019-08-29 09:08:36,397 [main] INFO  hdfs.DFSUtil (DFSUtil.java:httpServerTemplateForNNAndJN(1641)) - Starting Web-server for scm at: http://0.0.0.0:0
2019-08-29 09:08:36,400 [main] INFO  server.AuthenticationFilter (AuthenticationFilter.java:constructSecretProvider(240)) - Unable to initialize FileSignerSecretProvider, falling back to use random secrets.
2019-08-29 09:08:36,400 [main] WARN  http.HttpRequestLog (HttpRequestLog.java:getRequestLog(97)) - Jetty request log can only be enabled using Log4j
2019-08-29 09:08:36,402 [main] INFO  http.HttpServer2 (HttpServer2.java:addGlobalFilter(975)) - Added global filter 'safety' (class=org.apache.hadoop.http.HttpServer2$QuotingInputFilter)
2019-08-29 09:08:36,402 [main] INFO  http.HttpServer2 (HttpServer2.java:addFilter(948)) - Added filter static_user_filter (class=org.apache.hadoop.http.lib.StaticUserWebFilter$StaticUserFilter) to context scm
2019-08-29 09:08:36,402 [main] INFO  http.HttpServer2 (HttpServer2.java:addFilter(958)) - Added filter static_user_filter (class=org.apache.hadoop.http.lib.StaticUserWebFilter$StaticUserFilter) to context static
2019-08-29 09:08:36,403 [main] INFO  http.HttpServer2 (HttpServer2.java:addFilter(958)) - Added filter static_user_filter (class=org.apache.hadoop.http.lib.StaticUserWebFilter$StaticUserFilter) to context logs
2019-08-29 09:08:36,404 [main] INFO  server.StorageContainerManager (StorageContainerManager.java:start(759)) - StorageContainerLocationProtocol RPC server is listening at /0.0.0.0:44168
2019-08-29 09:08:36,407 [main] WARN  impl.MetricsConfig (MetricsConfig.java:loadFirst(134)) - Cannot locate configuration: tried hadoop-metrics2-storagecontainermanager.properties,hadoop-metrics2.properties
2019-08-29 09:08:36,408 [main] INFO  impl.MetricsSystemImpl (MetricsSystemImpl.java:startTimer(374)) - Scheduled Metric snapshot period at 10 second(s).
2019-08-29 09:08:36,408 [main] INFO  impl.MetricsSystemImpl (MetricsSystemImpl.java:start(191)) - StorageContainerManager metrics system started
2019-08-29 09:08:36,480 [main] INFO  server.SCMClientProtocolServer (SCMClientProtocolServer.java:start(151)) - RPC server for Client  is listening at /0.0.0.0:44168
2019-08-29 09:08:36,481 [IPC Server Responder] INFO  ipc.Server (Server.java:run(1314)) - IPC Server Responder: starting
2019-08-29 09:08:36,481 [IPC Server listener on 44168] INFO  ipc.Server (Server.java:run(1153)) - IPC Server listener on 44168: starting
2019-08-29 09:08:36,484 [main] INFO  server.StorageContainerManager (StorageContainerManager.java:start(769)) - ScmBlockLocationProtocol RPC server is listening at /0.0.0.0:36747
2019-08-29 09:08:36,484 [main] INFO  server.SCMBlockProtocolServer (SCMBlockProtocolServer.java:start(140)) - RPC server for Block Protocol is listening at /0.0.0.0:36747
2019-08-29 09:08:36,485 [IPC Server Responder] INFO  ipc.Server (Server.java:run(1314)) - IPC Server Responder: starting
2019-08-29 09:08:36,485 [IPC Server listener on 36747] INFO  ipc.Server (Server.java:run(1153)) - IPC Server listener on 36747: starting
2019-08-29 09:08:36,489 [main] INFO  server.StorageContainerManager (StorageContainerManager.java:start(773)) - ScmDatanodeProtocl RPC server is listening at /0.0.0.0:45560
2019-08-29 09:08:36,489 [main] INFO  server.SCMDatanodeProtocolServer (SCMDatanodeProtocolServer.java:start(191)) - RPC server for DataNodes is listening at /0.0.0.0:45560
2019-08-29 09:08:36,489 [IPC Server Responder] INFO  ipc.Server (Server.java:run(1314)) - IPC Server Responder: starting
2019-08-29 09:08:36,489 [IPC Server listener on 45560] INFO  ipc.Server (Server.java:run(1153)) - IPC Server listener on 45560: starting
2019-08-29 09:08:36,493 [main] INFO  http.HttpServer2 (HttpServer2.java:bindListener(1191)) - Jetty bound to port 34649
2019-08-29 09:08:36,493 [main] INFO  server.Server (Server.java:doStart(351)) - jetty-9.3.24.v20180605, build timestamp: 2018-06-05T17:11:56Z, git hash: 84205aa28f11a4f31f2a3b86d1bba2cc8ab69827
2019-08-29 09:08:36,495 [main] INFO  handler.ContextHandler (ContextHandler.java:doStart(781)) - Started o.e.j.s.ServletContextHandler@484b187c{/logs,file:///workdir/hadoop-ozone/integration-test/target/log,AVAILABLE}
2019-08-29 09:08:36,495 [main] INFO  handler.ContextHandler (ContextHandler.java:doStart(781)) - Started o.e.j.s.ServletContextHandler@79194b1c{/static,file:///workdir/hadoop-ozone/integration-test/target/test-classes/webapps/static,AVAILABLE}
2019-08-29 09:08:36,499 [main] INFO  handler.ContextHandler (ContextHandler.java:doStart(781)) - Started o.e.j.w.WebAppContext@69c53b72{/,file:///workdir/hadoop-ozone/integration-test/target/test-classes/webapps/scm/,AVAILABLE}{/scm}
2019-08-29 09:08:36,499 [main] INFO  server.AbstractConnector (AbstractConnector.java:doStart(278)) - Started ServerConnector@768967cf{HTTP/1.1,[http/1.1]}{0.0.0.0:34649}
2019-08-29 09:08:36,500 [main] INFO  server.Server (Server.java:doStart(419)) - Started @601595ms
2019-08-29 09:08:36,501 [main] INFO  server.BaseHttpServer (BaseHttpServer.java:updateConnectorAddress(213)) - HTTP server of SCM is listening at http://0.0.0.0:34649
2019-08-29 09:08:36,501 [main] WARN  server.ServerUtils (ServerUtils.java:getDBPath(222)) - ozone.om.db.dirs is not configured. We recommend adding this setting. Falling back to ozone.metadata.dirs instead.
2019-08-29 09:08:36,502 [org.apache.hadoop.util.JvmPauseMonitor$Monitor@7b8b755d] INFO  util.JvmPauseMonitor (JvmPauseMonitor.java:run(188)) - Starting JVM pause monitor
2019-08-29 09:08:36,534 [main] WARN  server.ServerUtils (ServerUtils.java:getDBPath(222)) - ozone.om.db.dirs is not configured. We recommend adding this setting. Falling back to ozone.metadata.dirs instead.
2019-08-29 09:08:36,535 [main] WARN  server.ServerUtils (ServerUtils.java:getDBPath(222)) - ozone.om.db.dirs is not configured. We recommend adding this setting. Falling back to ozone.metadata.dirs instead.
2019-08-29 09:08:36,535 [main] INFO  om.OzoneManager (OzoneManager.java:setOMNodeDetails(648)) - OM Service ID is not set. Setting it to the default ID: omServiceIdDefault
2019-08-29 09:08:36,535 [main] INFO  om.OzoneManager (OzoneManager.java:setOMNodeDetails(654)) - OM Node ID is not set. Setting it to the OmStorage's OmID: c18310e5-a027-4407-b9e3-4c3482967adf
2019-08-29 09:08:36,536 [main] INFO  om.OzoneManager (OzoneManager.java:loadOMHAConfigs(605)) - Found matching OM address with OMServiceId: null, OMNodeId: null, RPC Address: localhost:0 and Ratis port: 9872
2019-08-29 09:08:36,539 | INFO  | SCMAudit | user=jenkins1000 | ip=192.168.69.90 | op=GET_SCM_INFO null | ret=SUCCESS |  
2019-08-29 09:08:36,542 [main] WARN  server.ServerUtils (ServerUtils.java:getDBPath(222)) - ozone.om.db.dirs is not configured. We recommend adding this setting. Falling back to ozone.metadata.dirs instead.
2019-08-29 09:08:36,542 [main] INFO  db.DBStoreBuilder (DBStoreBuilder.java:addTable(110)) - using custom profile for table: userTable
2019-08-29 09:08:36,542 [main] INFO  db.DBStoreBuilder (DBStoreBuilder.java:processTables(161)) - Using default column profile:DBProfile.DISK for Table:userTable
2019-08-29 09:08:36,542 [main] INFO  db.DBStoreBuilder (DBStoreBuilder.java:addTable(110)) - using custom profile for table: volumeTable
2019-08-29 09:08:36,543 [main] INFO  db.DBStoreBuilder (DBStoreBuilder.java:processTables(161)) - Using default column profile:DBProfile.DISK for Table:volumeTable
2019-08-29 09:08:36,543 [main] INFO  db.DBStoreBuilder (DBStoreBuilder.java:addTable(110)) - using custom profile for table: bucketTable
2019-08-29 09:08:36,543 [main] INFO  db.DBStoreBuilder (DBStoreBuilder.java:processTables(161)) - Using default column profile:DBProfile.DISK for Table:bucketTable
2019-08-29 09:08:36,543 [main] INFO  db.DBStoreBuilder (DBStoreBuilder.java:addTable(110)) - using custom profile for table: keyTable
2019-08-29 09:08:36,543 [main] INFO  db.DBStoreBuilder (DBStoreBuilder.java:processTables(161)) - Using default column profile:DBProfile.DISK for Table:keyTable
2019-08-29 09:08:36,543 [main] INFO  db.DBStoreBuilder (DBStoreBuilder.java:addTable(110)) - using custom profile for table: deletedTable
2019-08-29 09:08:36,544 [main] INFO  db.DBStoreBuilder (DBStoreBuilder.java:processTables(161)) - Using default column profile:DBProfile.DISK for Table:deletedTable
2019-08-29 09:08:36,544 [main] INFO  db.DBStoreBuilder (DBStoreBuilder.java:addTable(110)) - using custom profile for table: openKeyTable
2019-08-29 09:08:36,544 [main] INFO  db.DBStoreBuilder (DBStoreBuilder.java:processTables(161)) - Using default column profile:DBProfile.DISK for Table:openKeyTable
2019-08-29 09:08:36,544 [main] INFO  db.DBStoreBuilder (DBStoreBuilder.java:addTable(110)) - using custom profile for table: s3Table
2019-08-29 09:08:36,544 [main] INFO  db.DBStoreBuilder (DBStoreBuilder.java:processTables(161)) - Using default column profile:DBProfile.DISK for Table:s3Table
2019-08-29 09:08:36,544 [main] INFO  db.DBStoreBuilder (DBStoreBuilder.java:addTable(110)) - using custom profile for table: multipartInfoTable
2019-08-29 09:08:36,545 [main] INFO  db.DBStoreBuilder (DBStoreBuilder.java:processTables(161)) - Using default column profile:DBProfile.DISK for Table:multipartInfoTable
2019-08-29 09:08:36,545 [main] INFO  db.DBStoreBuilder (DBStoreBuilder.java:addTable(110)) - using custom profile for table: dTokenTable
2019-08-29 09:08:36,545 [main] INFO  db.DBStoreBuilder (DBStoreBuilder.java:processTables(161)) - Using default column profile:DBProfile.DISK for Table:dTokenTable
2019-08-29 09:08:36,545 [main] INFO  db.DBStoreBuilder (DBStoreBuilder.java:addTable(110)) - using custom profile for table: s3SecretTable
2019-08-29 09:08:36,545 [main] INFO  db.DBStoreBuilder (DBStoreBuilder.java:processTables(161)) - Using default column profile:DBProfile.DISK for Table:s3SecretTable
2019-08-29 09:08:36,545 [main] INFO  db.DBStoreBuilder (DBStoreBuilder.java:addTable(110)) - using custom profile for table: prefixTable
2019-08-29 09:08:36,545 [main] INFO  db.DBStoreBuilder (DBStoreBuilder.java:processTables(161)) - Using default column profile:DBProfile.DISK for Table:prefixTable
2019-08-29 09:08:36,546 [main] INFO  db.DBStoreBuilder (DBStoreBuilder.java:addTable(110)) - using custom profile for table: default
2019-08-29 09:08:36,546 [main] INFO  db.DBStoreBuilder (DBStoreBuilder.java:processTables(167)) - Using default column profile:DBProfile.DISK for Table:default
2019-08-29 09:08:36,546 [main] INFO  db.DBStoreBuilder (DBStoreBuilder.java:getDbProfile(198)) - Using default options. DBProfile.DISK
2019-08-29 09:08:37,413 [main] INFO  ipc.CallQueueManager (CallQueueManager.java:<init>(84)) - Using callQueue: class java.util.concurrent.LinkedBlockingQueue, queueCapacity: 2000, scheduler: class org.apache.hadoop.ipc.DefaultRpcScheduler, ipcBackoff: false.
2019-08-29 09:08:37,414 [Socket Reader #1 for port 33188] INFO  ipc.Server (Server.java:run(1074)) - Starting Socket Reader #1 for port 33188
2019-08-29 09:08:37,428 [main] INFO  om.OzoneManager (OzoneManager.java:start(1259)) - OzoneManager RPC server is listening at localhost/127.0.0.1:33188
2019-08-29 09:08:37,429 [main] INFO  impl.MetricsSystemImpl (MetricsSystemImpl.java:init(158)) - OzoneManager metrics system started (again)
2019-08-29 09:08:37,429 [IPC Server Responder] INFO  ipc.Server (Server.java:run(1314)) - IPC Server Responder: starting
2019-08-29 09:08:37,429 [IPC Server listener on 33188] INFO  ipc.Server (Server.java:run(1153)) - IPC Server listener on 33188: starting
2019-08-29 09:08:37,436 [main] INFO  hdfs.DFSUtil (DFSUtil.java:httpServerTemplateForNNAndJN(1641)) - Starting Web-server for ozoneManager at: http://0.0.0.0:0
2019-08-29 09:08:37,438 [main] INFO  server.AuthenticationFilter (AuthenticationFilter.java:constructSecretProvider(240)) - Unable to initialize FileSignerSecretProvider, falling back to use random secrets.
2019-08-29 09:08:37,439 [main] WARN  http.HttpRequestLog (HttpRequestLog.java:getRequestLog(97)) - Jetty request log can only be enabled using Log4j
2019-08-29 09:08:37,441 [main] INFO  http.HttpServer2 (HttpServer2.java:addGlobalFilter(975)) - Added global filter 'safety' (class=org.apache.hadoop.http.HttpServer2$QuotingInputFilter)
2019-08-29 09:08:37,442 [main] INFO  http.HttpServer2 (HttpServer2.java:addFilter(948)) - Added filter static_user_filter (class=org.apache.hadoop.http.lib.StaticUserWebFilter$StaticUserFilter) to context ozoneManager
2019-08-29 09:08:37,442 [main] INFO  http.HttpServer2 (HttpServer2.java:addFilter(958)) - Added filter static_user_filter (class=org.apache.hadoop.http.lib.StaticUserWebFilter$StaticUserFilter) to context static
2019-08-29 09:08:37,442 [main] INFO  http.HttpServer2 (HttpServer2.java:addFilter(958)) - Added filter static_user_filter (class=org.apache.hadoop.http.lib.StaticUserWebFilter$StaticUserFilter) to context logs
2019-08-29 09:08:37,443 [main] INFO  http.HttpServer2 (HttpServer2.java:bindListener(1191)) - Jetty bound to port 37249
2019-08-29 09:08:37,443 [main] INFO  server.Server (Server.java:doStart(351)) - jetty-9.3.24.v20180605, build timestamp: 2018-06-05T17:11:56Z, git hash: 84205aa28f11a4f31f2a3b86d1bba2cc8ab69827
2019-08-29 09:08:37,445 [main] INFO  handler.ContextHandler (ContextHandler.java:doStart(781)) - Started o.e.j.s.ServletContextHandler@30be6a05{/logs,file:///workdir/hadoop-ozone/integration-test/target/log,AVAILABLE}
2019-08-29 09:08:37,445 [main] INFO  handler.ContextHandler (ContextHandler.java:doStart(781)) - Started o.e.j.s.ServletContextHandler@7a4c1a6c{/static,file:///workdir/hadoop-ozone/integration-test/target/test-classes/webapps/static,AVAILABLE}
2019-08-29 09:08:37,450 [main] INFO  handler.ContextHandler (ContextHandler.java:doStart(781)) - Started o.e.j.w.WebAppContext@6db64abf{/,file:///workdir/hadoop-ozone/integration-test/target/test-classes/webapps/ozoneManager/,AVAILABLE}{/ozoneManager}
2019-08-29 09:08:37,450 [main] INFO  server.AbstractConnector (AbstractConnector.java:doStart(278)) - Started ServerConnector@34714012{HTTP/1.1,[http/1.1]}{0.0.0.0:37249}
2019-08-29 09:08:37,451 [main] INFO  server.Server (Server.java:doStart(419)) - Started @602545ms
2019-08-29 09:08:37,452 [main] INFO  server.BaseHttpServer (BaseHttpServer.java:updateConnectorAddress(213)) - HTTP server of OZONEMANAGER is listening at http://0.0.0.0:37249
2019-08-29 09:08:37,466 [main] INFO  impl.MetricsSystemImpl (MetricsSystemImpl.java:init(158)) - HddsDatanode metrics system started (again)
2019-08-29 09:08:37,468 [main] INFO  ozone.HddsDatanodeService (HddsDatanodeService.java:start(184)) - HddsDatanodeService host:pr-hdds-2030-6zpjw-50391877 ip:192.168.69.90
2019-08-29 09:08:37,477 [main] INFO  volume.HddsVolume (HddsVolume.java:<init>(176)) - Creating Volume: /workdir/hadoop-ozone/integration-test/target/test-dir/MiniOzoneClusterImpl-aa62adee-2aa8-4926-b259-289a460ec817/datanode-0/data/containers/hdds of  storage type : DISK and capacity : 1482555576320
2019-08-29 09:08:37,478 [main] INFO  volume.VolumeSet (VolumeSet.java:initializeVolumeSet(170)) - Added Volume : /workdir/hadoop-ozone/integration-test/target/test-dir/MiniOzoneClusterImpl-aa62adee-2aa8-4926-b259-289a460ec817/datanode-0/data/containers/hdds to VolumeSet
2019-08-29 09:08:37,478 [main] INFO  volume.ThrottledAsyncChecker (ThrottledAsyncChecker.java:schedule(140)) - Scheduling a check for org.apache.hadoop.ozone.container.common.volume.HddsVolume@4b0df349
2019-08-29 09:08:37,479 [main] INFO  volume.HddsVolumeChecker (HddsVolumeChecker.java:checkAllVolumes(203)) - Scheduled health check for volume org.apache.hadoop.ozone.container.common.volume.HddsVolume@4b0df349
2019-08-29 09:08:37,498 [main] INFO  impl.RaftServerProxy (ConfUtils.java:logGet(43)) - raft.rpc.type = GRPC (default)
2019-08-29 09:08:37,498 [main] INFO  grpc.GrpcFactory (GrpcFactory.java:checkPooledByteBufAllocatorUseCacheForAllThreads(45)) - PERFORMANCE WARNING: useCacheForAllThreads is true that may cause Netty to create a lot garbage objects and, as a result, trigger GC.
	It is recommended to disable useCacheForAllThreads by setting -Dorg.apache.ratis.thirdparty.io.netty.allocator.useCacheForAllThreads=false in command line.
2019-08-29 09:08:37,498 [main] INFO  grpc.GrpcConfigKeys$Server (ConfUtils.java:logGet(43)) - raft.grpc.server.port = 0 (default)
2019-08-29 09:08:37,498 [main] INFO  server.GrpcService (ConfUtils.java:logGet(43)) - raft.grpc.message.size.max = 33570816 (custom)
2019-08-29 09:08:37,499 [main] INFO  server.RaftServerConfigKeys (ConfUtils.java:logGet(43)) - raft.server.log.appender.buffer.byte-limit = 33554432 (custom)
2019-08-29 09:08:37,499 [main] INFO  server.GrpcService (ConfUtils.java:logGet(43)) - raft.grpc.flow.control.window = 1MB (=1048576) (default)
2019-08-29 09:08:37,499 [main] INFO  server.RaftServerConfigKeys (ConfUtils.java:logGet(43)) - raft.server.rpc.request.timeout = 3000ms (default)
2019-08-29 09:08:37,500 [main] INFO  server.RaftServerConfigKeys (ConfUtils.java:logGet(43)) - raft.server.storage.dir = [/workdir/hadoop-ozone/integration-test/target/test-dir/MiniOzoneClusterImpl-aa62adee-2aa8-4926-b259-289a460ec817/datanode-0/data/ratis] (custom)
2019-08-29 09:08:37,500 [main] INFO  replication.SimpleContainerDownloader (SimpleContainerDownloader.java:<init>(72)) - Starting container downloader service to copy containers to replicate.
2019-08-29 09:08:37,501 [main] INFO  hdfs.DFSUtil (DFSUtil.java:httpServerTemplateForNNAndJN(1641)) - Starting Web-server for hddsDatanode at: http://0.0.0.0:0
2019-08-29 09:08:37,503 [main] INFO  server.AuthenticationFilter (AuthenticationFilter.java:constructSecretProvider(240)) - Unable to initialize FileSignerSecretProvider, falling back to use random secrets.
2019-08-29 09:08:37,504 [main] WARN  http.HttpRequestLog (HttpRequestLog.java:getRequestLog(97)) - Jetty request log can only be enabled using Log4j
2019-08-29 09:08:37,506 [main] INFO  http.HttpServer2 (HttpServer2.java:addGlobalFilter(975)) - Added global filter 'safety' (class=org.apache.hadoop.http.HttpServer2$QuotingInputFilter)
2019-08-29 09:08:37,507 [main] INFO  http.HttpServer2 (HttpServer2.java:addFilter(948)) - Added filter static_user_filter (class=org.apache.hadoop.http.lib.StaticUserWebFilter$StaticUserFilter) to context hddsDatanode
2019-08-29 09:08:37,507 [main] INFO  http.HttpServer2 (HttpServer2.java:addFilter(958)) - Added filter static_user_filter (class=org.apache.hadoop.http.lib.StaticUserWebFilter$StaticUserFilter) to context static
2019-08-29 09:08:37,507 [main] INFO  http.HttpServer2 (HttpServer2.java:addFilter(958)) - Added filter static_user_filter (class=org.apache.hadoop.http.lib.StaticUserWebFilter$StaticUserFilter) to context logs
2019-08-29 09:08:37,508 [main] INFO  http.HttpServer2 (HttpServer2.java:bindListener(1191)) - Jetty bound to port 46048
2019-08-29 09:08:37,508 [main] INFO  server.Server (Server.java:doStart(351)) - jetty-9.3.24.v20180605, build timestamp: 2018-06-05T17:11:56Z, git hash: 84205aa28f11a4f31f2a3b86d1bba2cc8ab69827
2019-08-29 09:08:37,511 [main] INFO  handler.ContextHandler (ContextHandler.java:doStart(781)) - Started o.e.j.s.ServletContextHandler@50165a6d{/logs,file:///workdir/hadoop-ozone/integration-test/target/log,AVAILABLE}
2019-08-29 09:08:37,512 [main] INFO  handler.ContextHandler (ContextHandler.java:doStart(781)) - Started o.e.j.s.ServletContextHandler@172ca6a{/static,jar:file:/home/user/.m2/repository/org/apache/hadoop/hadoop-hdds-container-service/0.5.0-SNAPSHOT/hadoop-hdds-container-service-0.5.0-SNAPSHOT.jar!/webapps/static,AVAILABLE}
2019-08-29 09:08:37,556 [main] INFO  handler.ContextHandler (ContextHandler.java:doStart(781)) - Started o.e.j.w.WebAppContext@3577e37c{/,file:///tmp/jetty-0.0.0.0-46048-hddsDatanode-_-any-4029483546467724733.dir/webapp/,AVAILABLE}{/hddsDatanode}
2019-08-29 09:08:37,557 [main] INFO  server.AbstractConnector (AbstractConnector.java:doStart(278)) - Started ServerConnector@16ac67e3{HTTP/1.1,[http/1.1]}{0.0.0.0:46048}
2019-08-29 09:08:37,558 [main] INFO  server.Server (Server.java:doStart(419)) - Started @602653ms
2019-08-29 09:08:37,559 [main] INFO  server.BaseHttpServer (BaseHttpServer.java:updateConnectorAddress(213)) - HTTP server of HDDSDATANODE is listening at http://0.0.0.0:46048
2019-08-29 09:08:37,728 | INFO  | ObjectStoreRestHttpServer | Listening HDDS REST traffic on /0.0.0.0:44239 |  
2019-08-29 09:08:37,729 [main] INFO  ozone.HddsDatanodeService (HddsDatanodeService.java:startPlugins(395)) - Started plug-in org.apache.hadoop.ozone.web.OzoneHddsDatanodeService@193f5509
2019-08-29 09:08:37,729 [main] INFO  impl.MetricsSystemImpl (MetricsSystemImpl.java:init(158)) - HddsDatanode metrics system started (again)
2019-08-29 09:08:37,732 [org.apache.hadoop.util.JvmPauseMonitor$Monitor@3222a7f9] INFO  util.JvmPauseMonitor (JvmPauseMonitor.java:run(188)) - Starting JVM pause monitor
2019-08-29 09:08:37,733 [main] INFO  ozone.HddsDatanodeService (HddsDatanodeService.java:start(184)) - HddsDatanodeService host:pr-hdds-2030-6zpjw-50391877 ip:192.168.69.90
2019-08-29 09:08:37,734 [Datanode State Machine Thread - 0] INFO  datanode.InitDatanodeState (InitDatanodeState.java:persistContainerDatanodeDetails(140)) - DatanodeDetails is persisted to /workdir/hadoop-ozone/integration-test/target/test-dir/MiniOzoneClusterImpl-aa62adee-2aa8-4926-b259-289a460ec817/datanode-0/meta/datanode.id
2019-08-29 09:08:37,746 [main] INFO  volume.HddsVolume (HddsVolume.java:<init>(176)) - Creating Volume: /workdir/hadoop-ozone/integration-test/target/test-dir/MiniOzoneClusterImpl-aa62adee-2aa8-4926-b259-289a460ec817/datanode-1/data/containers/hdds of  storage type : DISK and capacity : 1482555576320
2019-08-29 09:08:37,746 [main] INFO  volume.VolumeSet (VolumeSet.java:initializeVolumeSet(170)) - Added Volume : /workdir/hadoop-ozone/integration-test/target/test-dir/MiniOzoneClusterImpl-aa62adee-2aa8-4926-b259-289a460ec817/datanode-1/data/containers/hdds to VolumeSet
2019-08-29 09:08:37,747 [main] INFO  volume.ThrottledAsyncChecker (ThrottledAsyncChecker.java:schedule(140)) - Scheduling a check for org.apache.hadoop.ozone.container.common.volume.HddsVolume@197c3101
2019-08-29 09:08:37,747 [main] INFO  volume.HddsVolumeChecker (HddsVolumeChecker.java:checkAllVolumes(203)) - Scheduled health check for volume org.apache.hadoop.ozone.container.common.volume.HddsVolume@197c3101
2019-08-29 09:08:37,762 [main] INFO  impl.RaftServerProxy (ConfUtils.java:logGet(43)) - raft.rpc.type = GRPC (default)
2019-08-29 09:08:37,762 [main] INFO  grpc.GrpcFactory (GrpcFactory.java:checkPooledByteBufAllocatorUseCacheForAllThreads(45)) - PERFORMANCE WARNING: useCacheForAllThreads is true that may cause Netty to create a lot garbage objects and, as a result, trigger GC.
	It is recommended to disable useCacheForAllThreads by setting -Dorg.apache.ratis.thirdparty.io.netty.allocator.useCacheForAllThreads=false in command line.
2019-08-29 09:08:37,763 [main] INFO  grpc.GrpcConfigKeys$Server (ConfUtils.java:logGet(43)) - raft.grpc.server.port = 0 (default)
2019-08-29 09:08:37,763 [main] INFO  server.GrpcService (ConfUtils.java:logGet(43)) - raft.grpc.message.size.max = 33570816 (custom)
2019-08-29 09:08:37,763 [main] INFO  server.RaftServerConfigKeys (ConfUtils.java:logGet(43)) - raft.server.log.appender.buffer.byte-limit = 33554432 (custom)
2019-08-29 09:08:37,763 [main] INFO  server.GrpcService (ConfUtils.java:logGet(43)) - raft.grpc.flow.control.window = 1MB (=1048576) (default)
2019-08-29 09:08:37,763 [main] INFO  server.RaftServerConfigKeys (ConfUtils.java:logGet(43)) - raft.server.rpc.request.timeout = 3000ms (default)
2019-08-29 09:08:37,764 [main] INFO  server.RaftServerConfigKeys (ConfUtils.java:logGet(43)) - raft.server.storage.dir = [/workdir/hadoop-ozone/integration-test/target/test-dir/MiniOzoneClusterImpl-aa62adee-2aa8-4926-b259-289a460ec817/datanode-1/data/ratis] (custom)
2019-08-29 09:08:37,764 [main] INFO  replication.SimpleContainerDownloader (SimpleContainerDownloader.java:<init>(72)) - Starting container downloader service to copy containers to replicate.
2019-08-29 09:08:37,766 [main] INFO  hdfs.DFSUtil (DFSUtil.java:httpServerTemplateForNNAndJN(1641)) - Starting Web-server for hddsDatanode at: http://0.0.0.0:0
2019-08-29 09:08:37,767 [main] INFO  server.AuthenticationFilter (AuthenticationFilter.java:constructSecretProvider(240)) - Unable to initialize FileSignerSecretProvider, falling back to use random secrets.
2019-08-29 09:08:37,767 [main] WARN  http.HttpRequestLog (HttpRequestLog.java:getRequestLog(97)) - Jetty request log can only be enabled using Log4j
2019-08-29 09:08:37,769 [main] INFO  http.HttpServer2 (HttpServer2.java:addGlobalFilter(975)) - Added global filter 'safety' (class=org.apache.hadoop.http.HttpServer2$QuotingInputFilter)
2019-08-29 09:08:37,769 [main] INFO  http.HttpServer2 (HttpServer2.java:addFilter(948)) - Added filter static_user_filter (class=org.apache.hadoop.http.lib.StaticUserWebFilter$StaticUserFilter) to context hddsDatanode
2019-08-29 09:08:37,770 [main] INFO  http.HttpServer2 (HttpServer2.java:addFilter(958)) - Added filter static_user_filter (class=org.apache.hadoop.http.lib.StaticUserWebFilter$StaticUserFilter) to context logs
2019-08-29 09:08:37,770 [main] INFO  http.HttpServer2 (HttpServer2.java:addFilter(958)) - Added filter static_user_filter (class=org.apache.hadoop.http.lib.StaticUserWebFilter$StaticUserFilter) to context static
2019-08-29 09:08:37,770 [main] INFO  http.HttpServer2 (HttpServer2.java:bindListener(1191)) - Jetty bound to port 33311
2019-08-29 09:08:37,770 [main] INFO  server.Server (Server.java:doStart(351)) - jetty-9.3.24.v20180605, build timestamp: 2018-06-05T17:11:56Z, git hash: 84205aa28f11a4f31f2a3b86d1bba2cc8ab69827
2019-08-29 09:08:37,772 [main] INFO  handler.ContextHandler (ContextHandler.java:doStart(781)) - Started o.e.j.s.ServletContextHandler@33da0fad{/logs,file:///workdir/hadoop-ozone/integration-test/target/log,AVAILABLE}
2019-08-29 09:08:37,772 [main] INFO  handler.ContextHandler (ContextHandler.java:doStart(781)) - Started o.e.j.s.ServletContextHandler@1cd4082a{/static,jar:file:/home/user/.m2/repository/org/apache/hadoop/hadoop-hdds-container-service/0.5.0-SNAPSHOT/hadoop-hdds-container-service-0.5.0-SNAPSHOT.jar!/webapps/static,AVAILABLE}
2019-08-29 09:08:37,800 [main] INFO  handler.ContextHandler (ContextHandler.java:doStart(781)) - Started o.e.j.w.WebAppContext@6a2d0a19{/,file:///tmp/jetty-0.0.0.0-33311-hddsDatanode-_-any-7291417778512146768.dir/webapp/,AVAILABLE}{/hddsDatanode}
2019-08-29 09:08:37,801 [main] INFO  server.AbstractConnector (AbstractConnector.java:doStart(278)) - Started ServerConnector@5702e6f3{HTTP/1.1,[http/1.1]}{0.0.0.0:33311}
2019-08-29 09:08:37,802 [main] INFO  server.Server (Server.java:doStart(419)) - Started @602897ms
2019-08-29 09:08:37,803 [main] INFO  server.BaseHttpServer (BaseHttpServer.java:updateConnectorAddress(213)) - HTTP server of HDDSDATANODE is listening at http://0.0.0.0:33311
2019-08-29 09:08:38,208 | INFO  | ObjectStoreRestHttpServer | Listening HDDS REST traffic on /0.0.0.0:45461 |  
2019-08-29 09:08:38,216 [main] INFO  ozone.HddsDatanodeService (HddsDatanodeService.java:startPlugins(395)) - Started plug-in org.apache.hadoop.ozone.web.OzoneHddsDatanodeService@335cd031
2019-08-29 09:08:38,216 [main] INFO  impl.MetricsSystemImpl (MetricsSystemImpl.java:init(158)) - HddsDatanode metrics system started (again)
2019-08-29 09:08:38,221 [org.apache.hadoop.util.JvmPauseMonitor$Monitor@2c0929ba] INFO  util.JvmPauseMonitor (JvmPauseMonitor.java:run(188)) - Starting JVM pause monitor
2019-08-29 09:08:38,223 [main] INFO  ozone.HddsDatanodeService (HddsDatanodeService.java:start(184)) - HddsDatanodeService host:pr-hdds-2030-6zpjw-50391877 ip:192.168.69.90
2019-08-29 09:08:38,223 [Datanode State Machine Thread - 0] INFO  datanode.InitDatanodeState (InitDatanodeState.java:persistContainerDatanodeDetails(140)) - DatanodeDetails is persisted to /workdir/hadoop-ozone/integration-test/target/test-dir/MiniOzoneClusterImpl-aa62adee-2aa8-4926-b259-289a460ec817/datanode-1/meta/datanode.id
2019-08-29 09:08:38,232 [main] INFO  volume.HddsVolume (HddsVolume.java:<init>(176)) - Creating Volume: /workdir/hadoop-ozone/integration-test/target/test-dir/MiniOzoneClusterImpl-aa62adee-2aa8-4926-b259-289a460ec817/datanode-2/data/containers/hdds of  storage type : DISK and capacity : 1482555576320
2019-08-29 09:08:38,232 [main] INFO  volume.VolumeSet (VolumeSet.java:initializeVolumeSet(170)) - Added Volume : /workdir/hadoop-ozone/integration-test/target/test-dir/MiniOzoneClusterImpl-aa62adee-2aa8-4926-b259-289a460ec817/datanode-2/data/containers/hdds to VolumeSet
2019-08-29 09:08:38,233 [main] INFO  volume.ThrottledAsyncChecker (ThrottledAsyncChecker.java:schedule(140)) - Scheduling a check for org.apache.hadoop.ozone.container.common.volume.HddsVolume@22cbbe87
2019-08-29 09:08:38,234 [main] INFO  volume.HddsVolumeChecker (HddsVolumeChecker.java:checkAllVolumes(203)) - Scheduled health check for volume org.apache.hadoop.ozone.container.common.volume.HddsVolume@22cbbe87
2019-08-29 09:08:38,252 [main] INFO  impl.RaftServerProxy (ConfUtils.java:logGet(43)) - raft.rpc.type = GRPC (default)
2019-08-29 09:08:38,253 [main] INFO  grpc.GrpcFactory (GrpcFactory.java:checkPooledByteBufAllocatorUseCacheForAllThreads(45)) - PERFORMANCE WARNING: useCacheForAllThreads is true that may cause Netty to create a lot garbage objects and, as a result, trigger GC.
	It is recommended to disable useCacheForAllThreads by setting -Dorg.apache.ratis.thirdparty.io.netty.allocator.useCacheForAllThreads=false in command line.
2019-08-29 09:08:38,253 [main] INFO  grpc.GrpcConfigKeys$Server (ConfUtils.java:logGet(43)) - raft.grpc.server.port = 0 (default)
2019-08-29 09:08:38,253 [main] INFO  server.GrpcService (ConfUtils.java:logGet(43)) - raft.grpc.message.size.max = 33570816 (custom)
2019-08-29 09:08:38,253 [main] INFO  server.RaftServerConfigKeys (ConfUtils.java:logGet(43)) - raft.server.log.appender.buffer.byte-limit = 33554432 (custom)
2019-08-29 09:08:38,254 [main] INFO  server.GrpcService (ConfUtils.java:logGet(43)) - raft.grpc.flow.control.window = 1MB (=1048576) (default)
2019-08-29 09:08:38,254 [main] INFO  server.RaftServerConfigKeys (ConfUtils.java:logGet(43)) - raft.server.rpc.request.timeout = 3000ms (default)
2019-08-29 09:08:38,254 [main] INFO  server.RaftServerConfigKeys (ConfUtils.java:logGet(43)) - raft.server.storage.dir = [/workdir/hadoop-ozone/integration-test/target/test-dir/MiniOzoneClusterImpl-aa62adee-2aa8-4926-b259-289a460ec817/datanode-2/data/ratis] (custom)
2019-08-29 09:08:38,255 [main] INFO  replication.SimpleContainerDownloader (SimpleContainerDownloader.java:<init>(72)) - Starting container downloader service to copy containers to replicate.
2019-08-29 09:08:38,256 [main] INFO  hdfs.DFSUtil (DFSUtil.java:httpServerTemplateForNNAndJN(1641)) - Starting Web-server for hddsDatanode at: http://0.0.0.0:0
2019-08-29 09:08:38,258 [main] INFO  server.AuthenticationFilter (AuthenticationFilter.java:constructSecretProvider(240)) - Unable to initialize FileSignerSecretProvider, falling back to use random secrets.
2019-08-29 09:08:38,258 [main] WARN  http.HttpRequestLog (HttpRequestLog.java:getRequestLog(97)) - Jetty request log can only be enabled using Log4j
2019-08-29 09:08:38,260 [main] INFO  http.HttpServer2 (HttpServer2.java:addGlobalFilter(975)) - Added global filter 'safety' (class=org.apache.hadoop.http.HttpServer2$QuotingInputFilter)
2019-08-29 09:08:38,260 [main] INFO  http.HttpServer2 (HttpServer2.java:addFilter(948)) - Added filter static_user_filter (class=org.apache.hadoop.http.lib.StaticUserWebFilter$StaticUserFilter) to context hddsDatanode
2019-08-29 09:08:38,260 [main] INFO  http.HttpServer2 (HttpServer2.java:addFilter(958)) - Added filter static_user_filter (class=org.apache.hadoop.http.lib.StaticUserWebFilter$StaticUserFilter) to context static
2019-08-29 09:08:38,260 [main] INFO  http.HttpServer2 (HttpServer2.java:addFilter(958)) - Added filter static_user_filter (class=org.apache.hadoop.http.lib.StaticUserWebFilter$StaticUserFilter) to context logs
2019-08-29 09:08:38,261 [main] INFO  http.HttpServer2 (HttpServer2.java:bindListener(1191)) - Jetty bound to port 38216
2019-08-29 09:08:38,261 [main] INFO  server.Server (Server.java:doStart(351)) - jetty-9.3.24.v20180605, build timestamp: 2018-06-05T17:11:56Z, git hash: 84205aa28f11a4f31f2a3b86d1bba2cc8ab69827
2019-08-29 09:08:38,263 [main] INFO  handler.ContextHandler (ContextHandler.java:doStart(781)) - Started o.e.j.s.ServletContextHandler@5a513627{/logs,file:///workdir/hadoop-ozone/integration-test/target/log,AVAILABLE}
2019-08-29 09:08:38,263 [main] INFO  handler.ContextHandler (ContextHandler.java:doStart(781)) - Started o.e.j.s.ServletContextHandler@306a9cd8{/static,jar:file:/home/user/.m2/repository/org/apache/hadoop/hadoop-hdds-container-service/0.5.0-SNAPSHOT/hadoop-hdds-container-service-0.5.0-SNAPSHOT.jar!/webapps/static,AVAILABLE}
2019-08-29 09:08:38,295 [main] INFO  handler.ContextHandler (ContextHandler.java:doStart(781)) - Started o.e.j.w.WebAppContext@565bf1bb{/,file:///tmp/jetty-0.0.0.0-38216-hddsDatanode-_-any-9171576172323962797.dir/webapp/,AVAILABLE}{/hddsDatanode}
2019-08-29 09:08:38,295 [main] INFO  server.AbstractConnector (AbstractConnector.java:doStart(278)) - Started ServerConnector@3638a852{HTTP/1.1,[http/1.1]}{0.0.0.0:38216}
2019-08-29 09:08:38,297 [main] INFO  server.Server (Server.java:doStart(419)) - Started @603391ms
2019-08-29 09:08:38,298 [main] INFO  server.BaseHttpServer (BaseHttpServer.java:updateConnectorAddress(213)) - HTTP server of HDDSDATANODE is listening at http://0.0.0.0:38216
2019-08-29 09:08:38,449 | INFO  | ObjectStoreRestHttpServer | Listening HDDS REST traffic on /0.0.0.0:41953 |  
2019-08-29 09:08:38,449 [main] INFO  ozone.HddsDatanodeService (HddsDatanodeService.java:startPlugins(395)) - Started plug-in org.apache.hadoop.ozone.web.OzoneHddsDatanodeService@7d29fc6
2019-08-29 09:08:38,450 [main] INFO  impl.MetricsSystemImpl (MetricsSystemImpl.java:init(158)) - HddsDatanode metrics system started (again)
2019-08-29 09:08:38,452 [org.apache.hadoop.util.JvmPauseMonitor$Monitor@52e438f4] INFO  util.JvmPauseMonitor (JvmPauseMonitor.java:run(188)) - Starting JVM pause monitor
2019-08-29 09:08:38,453 [main] INFO  ozone.HddsDatanodeService (HddsDatanodeService.java:start(184)) - HddsDatanodeService host:pr-hdds-2030-6zpjw-50391877 ip:192.168.69.90
2019-08-29 09:08:38,454 [Datanode State Machine Thread - 0] INFO  datanode.InitDatanodeState (InitDatanodeState.java:persistContainerDatanodeDetails(140)) - DatanodeDetails is persisted to /workdir/hadoop-ozone/integration-test/target/test-dir/MiniOzoneClusterImpl-aa62adee-2aa8-4926-b259-289a460ec817/datanode-2/meta/datanode.id
2019-08-29 09:08:38,462 [main] INFO  volume.HddsVolume (HddsVolume.java:<init>(176)) - Creating Volume: /workdir/hadoop-ozone/integration-test/target/test-dir/MiniOzoneClusterImpl-aa62adee-2aa8-4926-b259-289a460ec817/datanode-3/data/containers/hdds of  storage type : DISK and capacity : 1482555576320
2019-08-29 09:08:38,462 [main] INFO  volume.VolumeSet (VolumeSet.java:initializeVolumeSet(170)) - Added Volume : /workdir/hadoop-ozone/integration-test/target/test-dir/MiniOzoneClusterImpl-aa62adee-2aa8-4926-b259-289a460ec817/datanode-3/data/containers/hdds to VolumeSet
2019-08-29 09:08:38,462 [main] INFO  volume.ThrottledAsyncChecker (ThrottledAsyncChecker.java:schedule(140)) - Scheduling a check for org.apache.hadoop.ozone.container.common.volume.HddsVolume@7baf7a9d
2019-08-29 09:08:38,463 [main] INFO  volume.HddsVolumeChecker (HddsVolumeChecker.java:checkAllVolumes(203)) - Scheduled health check for volume org.apache.hadoop.ozone.container.common.volume.HddsVolume@7baf7a9d
2019-08-29 09:08:38,477 [main] INFO  impl.RaftServerProxy (ConfUtils.java:logGet(43)) - raft.rpc.type = GRPC (default)
2019-08-29 09:08:38,477 [main] INFO  grpc.GrpcFactory (GrpcFactory.java:checkPooledByteBufAllocatorUseCacheForAllThreads(45)) - PERFORMANCE WARNING: useCacheForAllThreads is true that may cause Netty to create a lot garbage objects and, as a result, trigger GC.
	It is recommended to disable useCacheForAllThreads by setting -Dorg.apache.ratis.thirdparty.io.netty.allocator.useCacheForAllThreads=false in command line.
2019-08-29 09:08:38,477 [main] INFO  grpc.GrpcConfigKeys$Server (ConfUtils.java:logGet(43)) - raft.grpc.server.port = 0 (default)
2019-08-29 09:08:38,477 [main] INFO  server.GrpcService (ConfUtils.java:logGet(43)) - raft.grpc.message.size.max = 33570816 (custom)
2019-08-29 09:08:38,478 [main] INFO  server.RaftServerConfigKeys (ConfUtils.java:logGet(43)) - raft.server.log.appender.buffer.byte-limit = 33554432 (custom)
2019-08-29 09:08:38,478 [main] INFO  server.GrpcService (ConfUtils.java:logGet(43)) - raft.grpc.flow.control.window = 1MB (=1048576) (default)
2019-08-29 09:08:38,478 [main] INFO  server.RaftServerConfigKeys (ConfUtils.java:logGet(43)) - raft.server.rpc.request.timeout = 3000ms (default)
2019-08-29 09:08:38,478 [main] INFO  server.RaftServerConfigKeys (ConfUtils.java:logGet(43)) - raft.server.storage.dir = [/workdir/hadoop-ozone/integration-test/target/test-dir/MiniOzoneClusterImpl-aa62adee-2aa8-4926-b259-289a460ec817/datanode-3/data/ratis] (custom)
2019-08-29 09:08:38,479 [main] INFO  replication.SimpleContainerDownloader (SimpleContainerDownloader.java:<init>(72)) - Starting container downloader service to copy containers to replicate.
2019-08-29 09:08:38,480 [main] INFO  hdfs.DFSUtil (DFSUtil.java:httpServerTemplateForNNAndJN(1641)) - Starting Web-server for hddsDatanode at: http://0.0.0.0:0
2019-08-29 09:08:38,482 [main] INFO  server.AuthenticationFilter (AuthenticationFilter.java:constructSecretProvider(240)) - Unable to initialize FileSignerSecretProvider, falling back to use random secrets.
2019-08-29 09:08:38,482 [main] WARN  http.HttpRequestLog (HttpRequestLog.java:getRequestLog(97)) - Jetty request log can only be enabled using Log4j
2019-08-29 09:08:38,483 [main] INFO  http.HttpServer2 (HttpServer2.java:addGlobalFilter(975)) - Added global filter 'safety' (class=org.apache.hadoop.http.HttpServer2$QuotingInputFilter)
2019-08-29 09:08:38,484 [main] INFO  http.HttpServer2 (HttpServer2.java:addFilter(948)) - Added filter static_user_filter (class=org.apache.hadoop.http.lib.StaticUserWebFilter$StaticUserFilter) to context hddsDatanode
2019-08-29 09:08:38,484 [main] INFO  http.HttpServer2 (HttpServer2.java:addFilter(958)) - Added filter static_user_filter (class=org.apache.hadoop.http.lib.StaticUserWebFilter$StaticUserFilter) to context logs
2019-08-29 09:08:38,484 [main] INFO  http.HttpServer2 (HttpServer2.java:addFilter(958)) - Added filter static_user_filter (class=org.apache.hadoop.http.lib.StaticUserWebFilter$StaticUserFilter) to context static
2019-08-29 09:08:38,485 [main] INFO  http.HttpServer2 (HttpServer2.java:bindListener(1191)) - Jetty bound to port 43201
2019-08-29 09:08:38,485 [main] INFO  server.Server (Server.java:doStart(351)) - jetty-9.3.24.v20180605, build timestamp: 2018-06-05T17:11:56Z, git hash: 84205aa28f11a4f31f2a3b86d1bba2cc8ab69827
2019-08-29 09:08:38,487 [main] INFO  handler.ContextHandler (ContextHandler.java:doStart(781)) - Started o.e.j.s.ServletContextHandler@371fdf43{/logs,file:///workdir/hadoop-ozone/integration-test/target/log,AVAILABLE}
2019-08-29 09:08:38,487 [main] INFO  handler.ContextHandler (ContextHandler.java:doStart(781)) - Started o.e.j.s.ServletContextHandler@297da2c3{/static,jar:file:/home/user/.m2/repository/org/apache/hadoop/hadoop-hdds-container-service/0.5.0-SNAPSHOT/hadoop-hdds-container-service-0.5.0-SNAPSHOT.jar!/webapps/static,AVAILABLE}
2019-08-29 09:08:38,521 [main] INFO  handler.ContextHandler (ContextHandler.java:doStart(781)) - Started o.e.j.w.WebAppContext@4a29520e{/,file:///tmp/jetty-0.0.0.0-43201-hddsDatanode-_-any-8245480808861487730.dir/webapp/,AVAILABLE}{/hddsDatanode}
2019-08-29 09:08:38,522 [main] INFO  server.AbstractConnector (AbstractConnector.java:doStart(278)) - Started ServerConnector@1b5a3bba{HTTP/1.1,[http/1.1]}{0.0.0.0:43201}
2019-08-29 09:08:38,523 [main] INFO  server.Server (Server.java:doStart(419)) - Started @603618ms
2019-08-29 09:08:38,524 [main] INFO  server.BaseHttpServer (BaseHttpServer.java:updateConnectorAddress(213)) - HTTP server of HDDSDATANODE is listening at http://0.0.0.0:43201
2019-08-29 09:08:38,646 | INFO  | ObjectStoreRestHttpServer | Listening HDDS REST traffic on /0.0.0.0:33833 |  
2019-08-29 09:08:38,646 [main] INFO  ozone.HddsDatanodeService (HddsDatanodeService.java:startPlugins(395)) - Started plug-in org.apache.hadoop.ozone.web.OzoneHddsDatanodeService@361a618e
2019-08-29 09:08:38,647 [main] INFO  impl.MetricsSystemImpl (MetricsSystemImpl.java:init(158)) - HddsDatanode metrics system started (again)
2019-08-29 09:08:38,648 [org.apache.hadoop.util.JvmPauseMonitor$Monitor@188a8909] INFO  util.JvmPauseMonitor (JvmPauseMonitor.java:run(188)) - Starting JVM pause monitor
2019-08-29 09:08:38,651 [main] INFO  ozone.HddsDatanodeService (HddsDatanodeService.java:start(184)) - HddsDatanodeService host:pr-hdds-2030-6zpjw-50391877 ip:192.168.69.90
2019-08-29 09:08:38,651 [Datanode State Machine Thread - 0] INFO  datanode.InitDatanodeState (InitDatanodeState.java:persistContainerDatanodeDetails(140)) - DatanodeDetails is persisted to /workdir/hadoop-ozone/integration-test/target/test-dir/MiniOzoneClusterImpl-aa62adee-2aa8-4926-b259-289a460ec817/datanode-3/meta/datanode.id
2019-08-29 09:08:38,660 [main] INFO  volume.HddsVolume (HddsVolume.java:<init>(176)) - Creating Volume: /workdir/hadoop-ozone/integration-test/target/test-dir/MiniOzoneClusterImpl-aa62adee-2aa8-4926-b259-289a460ec817/datanode-4/data/containers/hdds of  storage type : DISK and capacity : 1482555576320
2019-08-29 09:08:38,661 [main] INFO  volume.VolumeSet (VolumeSet.java:initializeVolumeSet(170)) - Added Volume : /workdir/hadoop-ozone/integration-test/target/test-dir/MiniOzoneClusterImpl-aa62adee-2aa8-4926-b259-289a460ec817/datanode-4/data/containers/hdds to VolumeSet
2019-08-29 09:08:38,661 [main] INFO  volume.ThrottledAsyncChecker (ThrottledAsyncChecker.java:schedule(140)) - Scheduling a check for org.apache.hadoop.ozone.container.common.volume.HddsVolume@55fb9e52
2019-08-29 09:08:38,661 [main] INFO  volume.HddsVolumeChecker (HddsVolumeChecker.java:checkAllVolumes(203)) - Scheduled health check for volume org.apache.hadoop.ozone.container.common.volume.HddsVolume@55fb9e52
2019-08-29 09:08:38,676 [main] INFO  impl.RaftServerProxy (ConfUtils.java:logGet(43)) - raft.rpc.type = GRPC (default)
2019-08-29 09:08:38,676 [main] INFO  grpc.GrpcFactory (GrpcFactory.java:checkPooledByteBufAllocatorUseCacheForAllThreads(45)) - PERFORMANCE WARNING: useCacheForAllThreads is true that may cause Netty to create a lot garbage objects and, as a result, trigger GC.
	It is recommended to disable useCacheForAllThreads by setting -Dorg.apache.ratis.thirdparty.io.netty.allocator.useCacheForAllThreads=false in command line.
2019-08-29 09:08:38,676 [main] INFO  grpc.GrpcConfigKeys$Server (ConfUtils.java:logGet(43)) - raft.grpc.server.port = 0 (default)
2019-08-29 09:08:38,676 [main] INFO  server.GrpcService (ConfUtils.java:logGet(43)) - raft.grpc.message.size.max = 33570816 (custom)
2019-08-29 09:08:38,677 [main] INFO  server.RaftServerConfigKeys (ConfUtils.java:logGet(43)) - raft.server.log.appender.buffer.byte-limit = 33554432 (custom)
2019-08-29 09:08:38,677 [main] INFO  server.GrpcService (ConfUtils.java:logGet(43)) - raft.grpc.flow.control.window = 1MB (=1048576) (default)
2019-08-29 09:08:38,677 [main] INFO  server.RaftServerConfigKeys (ConfUtils.java:logGet(43)) - raft.server.rpc.request.timeout = 3000ms (default)
2019-08-29 09:08:38,677 [main] INFO  server.RaftServerConfigKeys (ConfUtils.java:logGet(43)) - raft.server.storage.dir = [/workdir/hadoop-ozone/integration-test/target/test-dir/MiniOzoneClusterImpl-aa62adee-2aa8-4926-b259-289a460ec817/datanode-4/data/ratis] (custom)
2019-08-29 09:08:38,678 [main] INFO  replication.SimpleContainerDownloader (SimpleContainerDownloader.java:<init>(72)) - Starting container downloader service to copy containers to replicate.
2019-08-29 09:08:38,679 [main] INFO  hdfs.DFSUtil (DFSUtil.java:httpServerTemplateForNNAndJN(1641)) - Starting Web-server for hddsDatanode at: http://0.0.0.0:0
2019-08-29 09:08:38,681 [main] INFO  server.AuthenticationFilter (AuthenticationFilter.java:constructSecretProvider(240)) - Unable to initialize FileSignerSecretProvider, falling back to use random secrets.
2019-08-29 09:08:38,681 [main] WARN  http.HttpRequestLog (HttpRequestLog.java:getRequestLog(97)) - Jetty request log can only be enabled using Log4j
2019-08-29 09:08:38,683 [main] INFO  http.HttpServer2 (HttpServer2.java:addGlobalFilter(975)) - Added global filter 'safety' (class=org.apache.hadoop.http.HttpServer2$QuotingInputFilter)
2019-08-29 09:08:38,683 [main] INFO  http.HttpServer2 (HttpServer2.java:addFilter(948)) - Added filter static_user_filter (class=org.apache.hadoop.http.lib.StaticUserWebFilter$StaticUserFilter) to context hddsDatanode
2019-08-29 09:08:38,684 [main] INFO  http.HttpServer2 (HttpServer2.java:addFilter(958)) - Added filter static_user_filter (class=org.apache.hadoop.http.lib.StaticUserWebFilter$StaticUserFilter) to context logs
2019-08-29 09:08:38,684 [main] INFO  http.HttpServer2 (HttpServer2.java:addFilter(958)) - Added filter static_user_filter (class=org.apache.hadoop.http.lib.StaticUserWebFilter$StaticUserFilter) to context static
2019-08-29 09:08:38,684 [main] INFO  http.HttpServer2 (HttpServer2.java:bindListener(1191)) - Jetty bound to port 39498
2019-08-29 09:08:38,684 [main] INFO  server.Server (Server.java:doStart(351)) - jetty-9.3.24.v20180605, build timestamp: 2018-06-05T17:11:56Z, git hash: 84205aa28f11a4f31f2a3b86d1bba2cc8ab69827
2019-08-29 09:08:38,686 [main] INFO  handler.ContextHandler (ContextHandler.java:doStart(781)) - Started o.e.j.s.ServletContextHandler@1c8746a0{/logs,file:///workdir/hadoop-ozone/integration-test/target/log,AVAILABLE}
2019-08-29 09:08:38,686 [main] INFO  handler.ContextHandler (ContextHandler.java:doStart(781)) - Started o.e.j.s.ServletContextHandler@7720334e{/static,jar:file:/home/user/.m2/repository/org/apache/hadoop/hadoop-hdds-container-service/0.5.0-SNAPSHOT/hadoop-hdds-container-service-0.5.0-SNAPSHOT.jar!/webapps/static,AVAILABLE}
2019-08-29 09:08:38,719 [main] INFO  handler.ContextHandler (ContextHandler.java:doStart(781)) - Started o.e.j.w.WebAppContext@6d5b160{/,file:///tmp/jetty-0.0.0.0-39498-hddsDatanode-_-any-2025777046302787318.dir/webapp/,AVAILABLE}{/hddsDatanode}
2019-08-29 09:08:38,719 [main] INFO  server.AbstractConnector (AbstractConnector.java:doStart(278)) - Started ServerConnector@fd07138{HTTP/1.1,[http/1.1]}{0.0.0.0:39498}
2019-08-29 09:08:38,720 [main] INFO  server.Server (Server.java:doStart(419)) - Started @603815ms
2019-08-29 09:08:38,721 [main] INFO  server.BaseHttpServer (BaseHttpServer.java:updateConnectorAddress(213)) - HTTP server of HDDSDATANODE is listening at http://0.0.0.0:39498
2019-08-29 09:08:38,849 | INFO  | ObjectStoreRestHttpServer | Listening HDDS REST traffic on /0.0.0.0:43301 |  
2019-08-29 09:08:38,849 [main] INFO  ozone.HddsDatanodeService (HddsDatanodeService.java:startPlugins(395)) - Started plug-in org.apache.hadoop.ozone.web.OzoneHddsDatanodeService@648639f1
2019-08-29 09:08:38,852 [main] INFO  impl.MetricsSystemImpl (MetricsSystemImpl.java:init(158)) - HddsDatanode metrics system started (again)
2019-08-29 09:08:38,856 [org.apache.hadoop.util.JvmPauseMonitor$Monitor@7b05f1be] INFO  util.JvmPauseMonitor (JvmPauseMonitor.java:run(188)) - Starting JVM pause monitor
2019-08-29 09:08:38,857 [main] INFO  ozone.HddsDatanodeService (HddsDatanodeService.java:start(184)) - HddsDatanodeService host:pr-hdds-2030-6zpjw-50391877 ip:192.168.69.90
2019-08-29 09:08:38,857 [Datanode State Machine Thread - 0] INFO  datanode.InitDatanodeState (InitDatanodeState.java:persistContainerDatanodeDetails(140)) - DatanodeDetails is persisted to /workdir/hadoop-ozone/integration-test/target/test-dir/MiniOzoneClusterImpl-aa62adee-2aa8-4926-b259-289a460ec817/datanode-4/meta/datanode.id
2019-08-29 09:08:38,868 [main] INFO  volume.HddsVolume (HddsVolume.java:<init>(176)) - Creating Volume: /workdir/hadoop-ozone/integration-test/target/test-dir/MiniOzoneClusterImpl-aa62adee-2aa8-4926-b259-289a460ec817/datanode-5/data/containers/hdds of  storage type : DISK and capacity : 1482555576320
2019-08-29 09:08:38,869 [main] INFO  volume.VolumeSet (VolumeSet.java:initializeVolumeSet(170)) - Added Volume : /workdir/hadoop-ozone/integration-test/target/test-dir/MiniOzoneClusterImpl-aa62adee-2aa8-4926-b259-289a460ec817/datanode-5/data/containers/hdds to VolumeSet
2019-08-29 09:08:38,869 [main] INFO  volume.ThrottledAsyncChecker (ThrottledAsyncChecker.java:schedule(140)) - Scheduling a check for org.apache.hadoop.ozone.container.common.volume.HddsVolume@5c1605e2
2019-08-29 09:08:38,869 [main] INFO  volume.HddsVolumeChecker (HddsVolumeChecker.java:checkAllVolumes(203)) - Scheduled health check for volume org.apache.hadoop.ozone.container.common.volume.HddsVolume@5c1605e2
2019-08-29 09:08:38,895 [main] INFO  impl.RaftServerProxy (ConfUtils.java:logGet(43)) - raft.rpc.type = GRPC (default)
2019-08-29 09:08:38,896 [main] INFO  grpc.GrpcFactory (GrpcFactory.java:checkPooledByteBufAllocatorUseCacheForAllThreads(45)) - PERFORMANCE WARNING: useCacheForAllThreads is true that may cause Netty to create a lot garbage objects and, as a result, trigger GC.
	It is recommended to disable useCacheForAllThreads by setting -Dorg.apache.ratis.thirdparty.io.netty.allocator.useCacheForAllThreads=false in command line.
2019-08-29 09:08:38,896 [main] INFO  grpc.GrpcConfigKeys$Server (ConfUtils.java:logGet(43)) - raft.grpc.server.port = 0 (default)
2019-08-29 09:08:38,896 [main] INFO  server.GrpcService (ConfUtils.java:logGet(43)) - raft.grpc.message.size.max = 33570816 (custom)
2019-08-29 09:08:38,896 [main] INFO  server.RaftServerConfigKeys (ConfUtils.java:logGet(43)) - raft.server.log.appender.buffer.byte-limit = 33554432 (custom)
2019-08-29 09:08:38,896 [main] INFO  server.GrpcService (ConfUtils.java:logGet(43)) - raft.grpc.flow.control.window = 1MB (=1048576) (default)
2019-08-29 09:08:38,897 [main] INFO  server.RaftServerConfigKeys (ConfUtils.java:logGet(43)) - raft.server.rpc.request.timeout = 3000ms (default)
2019-08-29 09:08:38,897 [main] INFO  server.RaftServerConfigKeys (ConfUtils.java:logGet(43)) - raft.server.storage.dir = [/workdir/hadoop-ozone/integration-test/target/test-dir/MiniOzoneClusterImpl-aa62adee-2aa8-4926-b259-289a460ec817/datanode-5/data/ratis] (custom)
2019-08-29 09:08:38,898 [main] INFO  replication.SimpleContainerDownloader (SimpleContainerDownloader.java:<init>(72)) - Starting container downloader service to copy containers to replicate.
2019-08-29 09:08:38,899 [main] INFO  hdfs.DFSUtil (DFSUtil.java:httpServerTemplateForNNAndJN(1641)) - Starting Web-server for hddsDatanode at: http://0.0.0.0:0
2019-08-29 09:08:38,901 [main] INFO  server.AuthenticationFilter (AuthenticationFilter.java:constructSecretProvider(240)) - Unable to initialize FileSignerSecretProvider, falling back to use random secrets.
2019-08-29 09:08:38,901 [main] WARN  http.HttpRequestLog (HttpRequestLog.java:getRequestLog(97)) - Jetty request log can only be enabled using Log4j
2019-08-29 09:08:38,903 [main] INFO  http.HttpServer2 (HttpServer2.java:addGlobalFilter(975)) - Added global filter 'safety' (class=org.apache.hadoop.http.HttpServer2$QuotingInputFilter)
2019-08-29 09:08:38,904 [main] INFO  http.HttpServer2 (HttpServer2.java:addFilter(948)) - Added filter static_user_filter (class=org.apache.hadoop.http.lib.StaticUserWebFilter$StaticUserFilter) to context hddsDatanode
2019-08-29 09:08:38,904 [main] INFO  http.HttpServer2 (HttpServer2.java:addFilter(958)) - Added filter static_user_filter (class=org.apache.hadoop.http.lib.StaticUserWebFilter$StaticUserFilter) to context logs
2019-08-29 09:08:38,904 [main] INFO  http.HttpServer2 (HttpServer2.java:addFilter(958)) - Added filter static_user_filter (class=org.apache.hadoop.http.lib.StaticUserWebFilter$StaticUserFilter) to context static
2019-08-29 09:08:38,905 [main] INFO  http.HttpServer2 (HttpServer2.java:bindListener(1191)) - Jetty bound to port 45597
2019-08-29 09:08:38,905 [main] INFO  server.Server (Server.java:doStart(351)) - jetty-9.3.24.v20180605, build timestamp: 2018-06-05T17:11:56Z, git hash: 84205aa28f11a4f31f2a3b86d1bba2cc8ab69827
2019-08-29 09:08:38,907 [main] INFO  handler.ContextHandler (ContextHandler.java:doStart(781)) - Started o.e.j.s.ServletContextHandler@3272c5b3{/logs,file:///workdir/hadoop-ozone/integration-test/target/log,AVAILABLE}
2019-08-29 09:08:38,907 [main] INFO  handler.ContextHandler (ContextHandler.java:doStart(781)) - Started o.e.j.s.ServletContextHandler@52db9036{/static,jar:file:/home/user/.m2/repository/org/apache/hadoop/hadoop-hdds-container-service/0.5.0-SNAPSHOT/hadoop-hdds-container-service-0.5.0-SNAPSHOT.jar!/webapps/static,AVAILABLE}
2019-08-29 09:08:38,944 [main] INFO  handler.ContextHandler (ContextHandler.java:doStart(781)) - Started o.e.j.w.WebAppContext@6ef5e46a{/,file:///tmp/jetty-0.0.0.0-45597-hddsDatanode-_-any-4560999791427281130.dir/webapp/,AVAILABLE}{/hddsDatanode}
2019-08-29 09:08:38,945 [main] INFO  server.AbstractConnector (AbstractConnector.java:doStart(278)) - Started ServerConnector@5b7e2a88{HTTP/1.1,[http/1.1]}{0.0.0.0:45597}
2019-08-29 09:08:38,946 [main] INFO  server.Server (Server.java:doStart(419)) - Started @604041ms
2019-08-29 09:08:38,948 [main] INFO  server.BaseHttpServer (BaseHttpServer.java:updateConnectorAddress(213)) - HTTP server of HDDSDATANODE is listening at http://0.0.0.0:45597
2019-08-29 09:08:39,084 | INFO  | ObjectStoreRestHttpServer | Listening HDDS REST traffic on /0.0.0.0:44362 |  
2019-08-29 09:08:39,084 [main] INFO  ozone.HddsDatanodeService (HddsDatanodeService.java:startPlugins(395)) - Started plug-in org.apache.hadoop.ozone.web.OzoneHddsDatanodeService@33ea437a
2019-08-29 09:08:39,084 [main] INFO  impl.MetricsSystemImpl (MetricsSystemImpl.java:init(158)) - HddsDatanode metrics system started (again)
2019-08-29 09:08:39,088 [org.apache.hadoop.util.JvmPauseMonitor$Monitor@190bfce0] INFO  util.JvmPauseMonitor (JvmPauseMonitor.java:run(188)) - Starting JVM pause monitor
2019-08-29 09:08:39,089 [main] INFO  ozone.HddsDatanodeService (HddsDatanodeService.java:start(184)) - HddsDatanodeService host:pr-hdds-2030-6zpjw-50391877 ip:192.168.69.90
2019-08-29 09:08:39,089 [Datanode State Machine Thread - 0] INFO  datanode.InitDatanodeState (InitDatanodeState.java:persistContainerDatanodeDetails(140)) - DatanodeDetails is persisted to /workdir/hadoop-ozone/integration-test/target/test-dir/MiniOzoneClusterImpl-aa62adee-2aa8-4926-b259-289a460ec817/datanode-5/meta/datanode.id
2019-08-29 09:08:39,099 [main] INFO  volume.HddsVolume (HddsVolume.java:<init>(176)) - Creating Volume: /workdir/hadoop-ozone/integration-test/target/test-dir/MiniOzoneClusterImpl-aa62adee-2aa8-4926-b259-289a460ec817/datanode-6/data/containers/hdds of  storage type : DISK and capacity : 1482555576320
2019-08-29 09:08:39,100 [main] INFO  volume.VolumeSet (VolumeSet.java:initializeVolumeSet(170)) - Added Volume : /workdir/hadoop-ozone/integration-test/target/test-dir/MiniOzoneClusterImpl-aa62adee-2aa8-4926-b259-289a460ec817/datanode-6/data/containers/hdds to VolumeSet
2019-08-29 09:08:39,100 [main] INFO  volume.ThrottledAsyncChecker (ThrottledAsyncChecker.java:schedule(140)) - Scheduling a check for org.apache.hadoop.ozone.container.common.volume.HddsVolume@19266ca3
2019-08-29 09:08:39,101 [main] INFO  volume.HddsVolumeChecker (HddsVolumeChecker.java:checkAllVolumes(203)) - Scheduled health check for volume org.apache.hadoop.ozone.container.common.volume.HddsVolume@19266ca3
2019-08-29 09:08:39,119 [main] INFO  impl.RaftServerProxy (ConfUtils.java:logGet(43)) - raft.rpc.type = GRPC (default)
2019-08-29 09:08:39,119 [main] INFO  grpc.GrpcFactory (GrpcFactory.java:checkPooledByteBufAllocatorUseCacheForAllThreads(45)) - PERFORMANCE WARNING: useCacheForAllThreads is true that may cause Netty to create a lot garbage objects and, as a result, trigger GC.
	It is recommended to disable useCacheForAllThreads by setting -Dorg.apache.ratis.thirdparty.io.netty.allocator.useCacheForAllThreads=false in command line.
2019-08-29 09:08:39,119 [main] INFO  grpc.GrpcConfigKeys$Server (ConfUtils.java:logGet(43)) - raft.grpc.server.port = 0 (default)
2019-08-29 09:08:39,120 [main] INFO  server.GrpcService (ConfUtils.java:logGet(43)) - raft.grpc.message.size.max = 33570816 (custom)
2019-08-29 09:08:39,120 [main] INFO  server.RaftServerConfigKeys (ConfUtils.java:logGet(43)) - raft.server.log.appender.buffer.byte-limit = 33554432 (custom)
2019-08-29 09:08:39,120 [main] INFO  server.GrpcService (ConfUtils.java:logGet(43)) - raft.grpc.flow.control.window = 1MB (=1048576) (default)
2019-08-29 09:08:39,120 [main] INFO  server.RaftServerConfigKeys (ConfUtils.java:logGet(43)) - raft.server.rpc.request.timeout = 3000ms (default)
2019-08-29 09:08:39,121 [main] INFO  server.RaftServerConfigKeys (ConfUtils.java:logGet(43)) - raft.server.storage.dir = [/workdir/hadoop-ozone/integration-test/target/test-dir/MiniOzoneClusterImpl-aa62adee-2aa8-4926-b259-289a460ec817/datanode-6/data/ratis] (custom)
2019-08-29 09:08:39,121 [main] INFO  replication.SimpleContainerDownloader (SimpleContainerDownloader.java:<init>(72)) - Starting container downloader service to copy containers to replicate.
2019-08-29 09:08:39,123 [main] INFO  hdfs.DFSUtil (DFSUtil.java:httpServerTemplateForNNAndJN(1641)) - Starting Web-server for hddsDatanode at: http://0.0.0.0:0
2019-08-29 09:08:39,124 [main] INFO  server.AuthenticationFilter (AuthenticationFilter.java:constructSecretProvider(240)) - Unable to initialize FileSignerSecretProvider, falling back to use random secrets.
2019-08-29 09:08:39,125 [main] WARN  http.HttpRequestLog (HttpRequestLog.java:getRequestLog(97)) - Jetty request log can only be enabled using Log4j
2019-08-29 09:08:39,127 [main] INFO  http.HttpServer2 (HttpServer2.java:addGlobalFilter(975)) - Added global filter 'safety' (class=org.apache.hadoop.http.HttpServer2$QuotingInputFilter)
2019-08-29 09:08:39,127 [main] INFO  http.HttpServer2 (HttpServer2.java:addFilter(948)) - Added filter static_user_filter (class=org.apache.hadoop.http.lib.StaticUserWebFilter$StaticUserFilter) to context hddsDatanode
2019-08-29 09:08:39,127 [main] INFO  http.HttpServer2 (HttpServer2.java:addFilter(958)) - Added filter static_user_filter (class=org.apache.hadoop.http.lib.StaticUserWebFilter$StaticUserFilter) to context logs
2019-08-29 09:08:39,128 [main] INFO  http.HttpServer2 (HttpServer2.java:addFilter(958)) - Added filter static_user_filter (class=org.apache.hadoop.http.lib.StaticUserWebFilter$StaticUserFilter) to context static
2019-08-29 09:08:39,128 [main] INFO  http.HttpServer2 (HttpServer2.java:bindListener(1191)) - Jetty bound to port 41636
2019-08-29 09:08:39,129 [main] INFO  server.Server (Server.java:doStart(351)) - jetty-9.3.24.v20180605, build timestamp: 2018-06-05T17:11:56Z, git hash: 84205aa28f11a4f31f2a3b86d1bba2cc8ab69827
2019-08-29 09:08:39,130 [main] INFO  handler.ContextHandler (ContextHandler.java:doStart(781)) - Started o.e.j.s.ServletContextHandler@71de943f{/logs,file:///workdir/hadoop-ozone/integration-test/target/log,AVAILABLE}
2019-08-29 09:08:39,131 [main] INFO  handler.ContextHandler (ContextHandler.java:doStart(781)) - Started o.e.j.s.ServletContextHandler@4eda5325{/static,jar:file:/home/user/.m2/repository/org/apache/hadoop/hadoop-hdds-container-service/0.5.0-SNAPSHOT/hadoop-hdds-container-service-0.5.0-SNAPSHOT.jar!/webapps/static,AVAILABLE}
2019-08-29 09:08:39,167 [main] INFO  handler.ContextHandler (ContextHandler.java:doStart(781)) - Started o.e.j.w.WebAppContext@4ff1b0d{/,file:///tmp/jetty-0.0.0.0-41636-hddsDatanode-_-any-6492606159269811457.dir/webapp/,AVAILABLE}{/hddsDatanode}
2019-08-29 09:08:39,168 [main] INFO  server.AbstractConnector (AbstractConnector.java:doStart(278)) - Started ServerConnector@46da7d39{HTTP/1.1,[http/1.1]}{0.0.0.0:41636}
2019-08-29 09:08:39,174 [main] INFO  server.Server (Server.java:doStart(419)) - Started @604268ms
2019-08-29 09:08:39,174 [main] INFO  server.BaseHttpServer (BaseHttpServer.java:updateConnectorAddress(213)) - HTTP server of HDDSDATANODE is listening at http://0.0.0.0:41636
2019-08-29 09:08:39,317 | INFO  | ObjectStoreRestHttpServer | Listening HDDS REST traffic on /0.0.0.0:44374 |  
2019-08-29 09:08:39,317 [main] INFO  ozone.HddsDatanodeService (HddsDatanodeService.java:startPlugins(395)) - Started plug-in org.apache.hadoop.ozone.web.OzoneHddsDatanodeService@33428132
2019-08-29 09:08:39,318 [main] INFO  ozone.MiniOzoneClusterImpl (MiniOzoneClusterImpl.java:lambda$waitForClusterToBeReady$0(142)) - Waiting for cluster to be ready. Got 0 of 7 DN Heartbeats.
2019-08-29 09:08:39,319 [org.apache.hadoop.util.JvmPauseMonitor$Monitor@7ce4cd6e] INFO  util.JvmPauseMonitor (JvmPauseMonitor.java:run(188)) - Starting JVM pause monitor
2019-08-29 09:08:39,320 [Datanode State Machine Thread - 0] INFO  datanode.InitDatanodeState (InitDatanodeState.java:persistContainerDatanodeDetails(140)) - DatanodeDetails is persisted to /workdir/hadoop-ozone/integration-test/target/test-dir/MiniOzoneClusterImpl-aa62adee-2aa8-4926-b259-289a460ec817/datanode-6/meta/datanode.id
2019-08-29 09:08:39,738 | INFO  | SCMAudit | user=jenkins1000 | ip=192.168.69.90 | op=GET_VERSION null | ret=SUCCESS |  
2019-08-29 09:08:39,765 [Datanode State Machine Thread - 0] INFO  ozoneimpl.OzoneContainer (OzoneContainer.java:start(186)) - Attempting to start container services.
2019-08-29 09:08:39,765 [Datanode State Machine Thread - 0] INFO  ozoneimpl.OzoneContainer (OzoneContainer.java:startContainerScrub(160)) - Background container scrubber has been disabled by hdds.containerscrub.enabled
2019-08-29 09:08:39,765 [Datanode State Machine Thread - 0] INFO  ratis.XceiverServerRatis (XceiverServerRatis.java:start(404)) - Starting XceiverServerRatis 6b7ef66e-8765-47fb-bb7d-cec0d3804962 at port 0
2019-08-29 09:08:39,771 [Datanode State Machine Thread - 0] INFO  impl.RaftServerProxy (RaftServerProxy.java:lambda$start$3(299)) - 6b7ef66e-8765-47fb-bb7d-cec0d3804962: start RPC server
2019-08-29 09:08:39,772 [Datanode State Machine Thread - 0] INFO  server.GrpcService (GrpcService.java:startImpl(149)) - 6b7ef66e-8765-47fb-bb7d-cec0d3804962: GrpcService started, listening on 0.0.0.0/0.0.0.0:37841
2019-08-29 09:08:39,772 [Datanode State Machine Thread - 0] INFO  ratis.XceiverServerRatis (XceiverServerRatis.java:start(414)) - XceiverServerRatis 6b7ef66e-8765-47fb-bb7d-cec0d3804962 is started using port 37841
2019-08-29 09:08:39,774 [Datanode State Machine Thread - 0] INFO  server.XceiverServerGrpc (XceiverServerGrpc.java:start(161)) - XceiverServerGrpc 6b7ef66e-8765-47fb-bb7d-cec0d3804962 is started using port 36875
2019-08-29 09:08:40,222 | INFO  | SCMAudit | user=jenkins1000 | ip=192.168.69.90 | op=GET_VERSION null | ret=SUCCESS |  
2019-08-29 09:08:40,235 [Datanode State Machine Thread - 0] INFO  ozoneimpl.OzoneContainer (OzoneContainer.java:start(186)) - Attempting to start container services.
2019-08-29 09:08:40,236 [Datanode State Machine Thread - 0] INFO  ozoneimpl.OzoneContainer (OzoneContainer.java:startContainerScrub(160)) - Background container scrubber has been disabled by hdds.containerscrub.enabled
2019-08-29 09:08:40,236 [Datanode State Machine Thread - 0] INFO  ratis.XceiverServerRatis (XceiverServerRatis.java:start(404)) - Starting XceiverServerRatis c4ca8910-c916-4cbf-826e-fde08f8bd5e0 at port 0
2019-08-29 09:08:40,241 [Datanode State Machine Thread - 0] INFO  impl.RaftServerProxy (RaftServerProxy.java:lambda$start$3(299)) - c4ca8910-c916-4cbf-826e-fde08f8bd5e0: start RPC server
2019-08-29 09:08:40,244 [Datanode State Machine Thread - 0] INFO  server.GrpcService (GrpcService.java:startImpl(149)) - c4ca8910-c916-4cbf-826e-fde08f8bd5e0: GrpcService started, listening on 0.0.0.0/0.0.0.0:35355
2019-08-29 09:08:40,244 [Datanode State Machine Thread - 0] INFO  ratis.XceiverServerRatis (XceiverServerRatis.java:start(414)) - XceiverServerRatis c4ca8910-c916-4cbf-826e-fde08f8bd5e0 is started using port 35355
2019-08-29 09:08:40,244 [Datanode State Machine Thread - 0] INFO  server.XceiverServerGrpc (XceiverServerGrpc.java:start(161)) - XceiverServerGrpc c4ca8910-c916-4cbf-826e-fde08f8bd5e0 is started using port 42641
2019-08-29 09:08:40,318 [main] INFO  ozone.MiniOzoneClusterImpl (MiniOzoneClusterImpl.java:lambda$waitForClusterToBeReady$0(142)) - Waiting for cluster to be ready. Got 0 of 7 DN Heartbeats.
2019-08-29 09:08:40,453 | INFO  | SCMAudit | user=jenkins1000 | ip=192.168.69.90 | op=GET_VERSION null | ret=SUCCESS |  
2019-08-29 09:08:40,472 [Datanode State Machine Thread - 0] INFO  ozoneimpl.OzoneContainer (OzoneContainer.java:start(186)) - Attempting to start container services.
2019-08-29 09:08:40,472 [Datanode State Machine Thread - 0] INFO  ozoneimpl.OzoneContainer (OzoneContainer.java:startContainerScrub(160)) - Background container scrubber has been disabled by hdds.containerscrub.enabled
2019-08-29 09:08:40,472 [Datanode State Machine Thread - 0] INFO  ratis.XceiverServerRatis (XceiverServerRatis.java:start(404)) - Starting XceiverServerRatis 287c1acf-8fb8-4c08-86a8-def1750c75af at port 0
2019-08-29 09:08:40,478 [Datanode State Machine Thread - 0] INFO  impl.RaftServerProxy (RaftServerProxy.java:lambda$start$3(299)) - 287c1acf-8fb8-4c08-86a8-def1750c75af: start RPC server
2019-08-29 09:08:40,479 [Datanode State Machine Thread - 0] INFO  server.GrpcService (GrpcService.java:startImpl(149)) - 287c1acf-8fb8-4c08-86a8-def1750c75af: GrpcService started, listening on 0.0.0.0/0.0.0.0:41412
2019-08-29 09:08:40,479 [Datanode State Machine Thread - 0] INFO  ratis.XceiverServerRatis (XceiverServerRatis.java:start(414)) - XceiverServerRatis 287c1acf-8fb8-4c08-86a8-def1750c75af is started using port 41412
2019-08-29 09:08:40,479 [Datanode State Machine Thread - 0] INFO  server.XceiverServerGrpc (XceiverServerGrpc.java:start(161)) - XceiverServerGrpc 287c1acf-8fb8-4c08-86a8-def1750c75af is started using port 38285
2019-08-29 09:08:40,648 | INFO  | SCMAudit | user=jenkins1000 | ip=192.168.69.90 | op=GET_VERSION null | ret=SUCCESS |  
2019-08-29 09:08:40,662 [Datanode State Machine Thread - 0] INFO  ozoneimpl.OzoneContainer (OzoneContainer.java:start(186)) - Attempting to start container services.
2019-08-29 09:08:40,662 [Datanode State Machine Thread - 0] INFO  ozoneimpl.OzoneContainer (OzoneContainer.java:startContainerScrub(160)) - Background container scrubber has been disabled by hdds.containerscrub.enabled
2019-08-29 09:08:40,662 [Datanode State Machine Thread - 0] INFO  ratis.XceiverServerRatis (XceiverServerRatis.java:start(404)) - Starting XceiverServerRatis 90376809-6c3e-4bbd-b4c1-5f430b81f277 at port 0
2019-08-29 09:08:40,666 [Datanode State Machine Thread - 0] INFO  impl.RaftServerProxy (RaftServerProxy.java:lambda$start$3(299)) - 90376809-6c3e-4bbd-b4c1-5f430b81f277: start RPC server
2019-08-29 09:08:40,667 [Datanode State Machine Thread - 0] INFO  server.GrpcService (GrpcService.java:startImpl(149)) - 90376809-6c3e-4bbd-b4c1-5f430b81f277: GrpcService started, listening on 0.0.0.0/0.0.0.0:39110
2019-08-29 09:08:40,667 [Datanode State Machine Thread - 0] INFO  ratis.XceiverServerRatis (XceiverServerRatis.java:start(414)) - XceiverServerRatis 90376809-6c3e-4bbd-b4c1-5f430b81f277 is started using port 39110
2019-08-29 09:08:40,667 [Datanode State Machine Thread - 0] INFO  server.XceiverServerGrpc (XceiverServerGrpc.java:start(161)) - XceiverServerGrpc 90376809-6c3e-4bbd-b4c1-5f430b81f277 is started using port 40317
2019-08-29 09:08:40,856 | INFO  | SCMAudit | user=jenkins1000 | ip=192.168.69.90 | op=GET_VERSION null | ret=SUCCESS |  
2019-08-29 09:08:40,882 [Datanode State Machine Thread - 0] INFO  ozoneimpl.OzoneContainer (OzoneContainer.java:start(186)) - Attempting to start container services.
2019-08-29 09:08:40,883 [Datanode State Machine Thread - 0] INFO  ozoneimpl.OzoneContainer (OzoneContainer.java:startContainerScrub(160)) - Background container scrubber has been disabled by hdds.containerscrub.enabled
2019-08-29 09:08:40,883 [Datanode State Machine Thread - 0] INFO  ratis.XceiverServerRatis (XceiverServerRatis.java:start(404)) - Starting XceiverServerRatis 4a185089-c3e3-4847-8da3-ffacd891fd5e at port 0
2019-08-29 09:08:40,890 [Datanode State Machine Thread - 0] INFO  impl.RaftServerProxy (RaftServerProxy.java:lambda$start$3(299)) - 4a185089-c3e3-4847-8da3-ffacd891fd5e: start RPC server
2019-08-29 09:08:40,891 [Datanode State Machine Thread - 0] INFO  server.GrpcService (GrpcService.java:startImpl(149)) - 4a185089-c3e3-4847-8da3-ffacd891fd5e: GrpcService started, listening on 0.0.0.0/0.0.0.0:37623
2019-08-29 09:08:40,891 [Datanode State Machine Thread - 0] INFO  ratis.XceiverServerRatis (XceiverServerRatis.java:start(414)) - XceiverServerRatis 4a185089-c3e3-4847-8da3-ffacd891fd5e is started using port 37623
2019-08-29 09:08:40,892 [Datanode State Machine Thread - 0] INFO  server.XceiverServerGrpc (XceiverServerGrpc.java:start(161)) - XceiverServerGrpc 4a185089-c3e3-4847-8da3-ffacd891fd5e is started using port 45999
2019-08-29 09:08:41,088 | INFO  | SCMAudit | user=jenkins1000 | ip=192.168.69.90 | op=GET_VERSION null | ret=SUCCESS |  
2019-08-29 09:08:41,104 [Datanode State Machine Thread - 0] INFO  ozoneimpl.OzoneContainer (OzoneContainer.java:start(186)) - Attempting to start container services.
2019-08-29 09:08:41,104 [Datanode State Machine Thread - 0] INFO  ozoneimpl.OzoneContainer (OzoneContainer.java:startContainerScrub(160)) - Background container scrubber has been disabled by hdds.containerscrub.enabled
2019-08-29 09:08:41,104 [Datanode State Machine Thread - 0] INFO  ratis.XceiverServerRatis (XceiverServerRatis.java:start(404)) - Starting XceiverServerRatis 89389896-6107-44d3-8107-f3dd9a061ca0 at port 0
2019-08-29 09:08:41,109 [Datanode State Machine Thread - 0] INFO  impl.RaftServerProxy (RaftServerProxy.java:lambda$start$3(299)) - 89389896-6107-44d3-8107-f3dd9a061ca0: start RPC server
2019-08-29 09:08:41,110 [Datanode State Machine Thread - 0] INFO  server.GrpcService (GrpcService.java:startImpl(149)) - 89389896-6107-44d3-8107-f3dd9a061ca0: GrpcService started, listening on 0.0.0.0/0.0.0.0:35768
2019-08-29 09:08:41,110 [Datanode State Machine Thread - 0] INFO  ratis.XceiverServerRatis (XceiverServerRatis.java:start(414)) - XceiverServerRatis 89389896-6107-44d3-8107-f3dd9a061ca0 is started using port 35768
2019-08-29 09:08:41,110 [Datanode State Machine Thread - 0] INFO  server.XceiverServerGrpc (XceiverServerGrpc.java:start(161)) - XceiverServerGrpc 89389896-6107-44d3-8107-f3dd9a061ca0 is started using port 37636
2019-08-29 09:08:41,319 [main] INFO  ozone.MiniOzoneClusterImpl (MiniOzoneClusterImpl.java:lambda$waitForClusterToBeReady$0(142)) - Waiting for cluster to be ready. Got 0 of 7 DN Heartbeats.
2019-08-29 09:08:41,319 | INFO  | SCMAudit | user=jenkins1000 | ip=192.168.69.90 | op=GET_VERSION null | ret=SUCCESS |  
2019-08-29 09:08:41,345 [Datanode State Machine Thread - 0] INFO  ozoneimpl.OzoneContainer (OzoneContainer.java:start(186)) - Attempting to start container services.
2019-08-29 09:08:41,345 [Datanode State Machine Thread - 0] INFO  ozoneimpl.OzoneContainer (OzoneContainer.java:startContainerScrub(160)) - Background container scrubber has been disabled by hdds.containerscrub.enabled
2019-08-29 09:08:41,345 [Datanode State Machine Thread - 0] INFO  ratis.XceiverServerRatis (XceiverServerRatis.java:start(404)) - Starting XceiverServerRatis 857a8550-9455-4d64-9aa1-3b6e67bf160a at port 0
2019-08-29 09:08:41,351 [Datanode State Machine Thread - 0] INFO  impl.RaftServerProxy (RaftServerProxy.java:lambda$start$3(299)) - 857a8550-9455-4d64-9aa1-3b6e67bf160a: start RPC server
2019-08-29 09:08:41,354 [Datanode State Machine Thread - 0] INFO  server.GrpcService (GrpcService.java:startImpl(149)) - 857a8550-9455-4d64-9aa1-3b6e67bf160a: GrpcService started, listening on 0.0.0.0/0.0.0.0:42551
2019-08-29 09:08:41,354 [Datanode State Machine Thread - 0] INFO  ratis.XceiverServerRatis (XceiverServerRatis.java:start(414)) - XceiverServerRatis 857a8550-9455-4d64-9aa1-3b6e67bf160a is started using port 42551
2019-08-29 09:08:41,355 [Datanode State Machine Thread - 0] INFO  server.XceiverServerGrpc (XceiverServerGrpc.java:start(161)) - XceiverServerGrpc 857a8550-9455-4d64-9aa1-3b6e67bf160a is started using port 33425
2019-08-29 09:08:41,737 [IPC Server handler 3 on 45560] INFO  net.NetworkTopology (NetworkTopologyImpl.java:add(110)) - Added a new node: /default-rack/6b7ef66e-8765-47fb-bb7d-cec0d3804962
2019-08-29 09:08:41,739 [IPC Server handler 3 on 45560] INFO  node.SCMNodeManager (SCMNodeManager.java:register(273)) - Registered Data node : 6b7ef66e-8765-47fb-bb7d-cec0d3804962{ip: 192.168.69.90, host: pr-hdds-2030-6zpjw-50391877, networkLocation: /default-rack, certSerialId: null}
2019-08-29 09:08:41,739 [EventQueue-NodeRegistrationContainerReportForDataNodeSafeModeRule] INFO  safemode.SCMSafeModeManager (DataNodeSafeModeRule.java:process(71)) - SCM in safe mode. 1 DataNodes registered, 1 required.
2019-08-29 09:08:41,740 | INFO  | SCMAudit | user=jenkins1000 | ip=192.168.69.90 | op=REGISTER {datanodeDetails=6b7ef66e-8765-47fb-bb7d-cec0d3804962{ip: 192.168.69.90, host: pr-hdds-2030-6zpjw-50391877, networkLocation: /default-rack, certSerialId: null}} | ret=SUCCESS |  
2019-08-29 09:08:41,741 [EventQueue-NodeRegistrationContainerReportForDataNodeSafeModeRule] INFO  safemode.SCMSafeModeManager (SCMSafeModeManager.java:validateSafeModeExitRules(177)) - ScmSafeModeManager, all rules are successfully validated
2019-08-29 09:08:41,741 [EventQueue-NodeRegistrationContainerReportForDataNodeSafeModeRule] INFO  safemode.SCMSafeModeManager (SCMSafeModeManager.java:exitSafeMode(193)) - SCM exiting safe mode.
2019-08-29 09:08:41,764 [grpc-default-executor-9] INFO  impl.RaftServerProxy (RaftServerProxy.java:addNew(89)) - 6b7ef66e-8765-47fb-bb7d-cec0d3804962: addNew group-A2836AA5466B:[6b7ef66e-8765-47fb-bb7d-cec0d3804962:192.168.69.90:37841] returns group-A2836AA5466B:java.util.concurrent.CompletableFuture@5459f624[Not completed]
2019-08-29 09:08:41,765 [pool-439-thread-1] INFO  impl.RaftServerImpl (RaftServerImpl.java:<init>(93)) - 6b7ef66e-8765-47fb-bb7d-cec0d3804962: new RaftServerImpl for group-A2836AA5466B:[6b7ef66e-8765-47fb-bb7d-cec0d3804962:192.168.69.90:37841] with ContainerStateMachine:uninitialized
2019-08-29 09:08:41,765 [pool-439-thread-1] INFO  server.RaftServerConfigKeys (ConfUtils.java:logGet(43)) - raft.server.rpc.timeout.min = 5s (custom)
2019-08-29 09:08:41,765 [pool-439-thread-1] INFO  server.RaftServerConfigKeys (ConfUtils.java:logGet(43)) - raft.server.rpc.timeout.max = 5200ms (custom)
2019-08-29 09:08:41,765 [pool-439-thread-1] INFO  server.RaftServerConfigKeys (ConfUtils.java:logGet(43)) - raft.server.rpcslowness.timeout = 120s (custom)
2019-08-29 09:08:41,766 [pool-439-thread-1] INFO  server.RaftServerConfigKeys (ConfUtils.java:logGet(43)) - raft.server.sleep.deviation.threshold = 300 (default)
2019-08-29 09:08:41,766 [pool-439-thread-1] INFO  server.RaftServerConfigKeys (ConfUtils.java:logGet(43)) - raft.server.log.appender.install.snapshot.enabled = false (custom)
2019-08-29 09:08:41,766 [pool-439-thread-1] INFO  impl.RaftServerImpl (ServerState.java:<init>(105)) - 6b7ef66e-8765-47fb-bb7d-cec0d3804962:group-A2836AA5466B ConfigurationManager, init=-1: [6b7ef66e-8765-47fb-bb7d-cec0d3804962:192.168.69.90:37841], old=null, confs=<EMPTY_MAP>
2019-08-29 09:08:41,766 [pool-439-thread-1] INFO  server.RaftServerConfigKeys (ConfUtils.java:logGet(43)) - raft.server.storage.dir = [/workdir/hadoop-ozone/integration-test/target/test-dir/MiniOzoneClusterImpl-aa62adee-2aa8-4926-b259-289a460ec817/datanode-0/data/ratis] (custom)
2019-08-29 09:08:41,766 [pool-439-thread-1] INFO  storage.RaftStorageDirectory (RaftStorageDirectory.java:analyzeStorage(246)) - The storage directory /workdir/hadoop-ozone/integration-test/target/test-dir/MiniOzoneClusterImpl-aa62adee-2aa8-4926-b259-289a460ec817/datanode-0/data/ratis/eea7add0-f041-4daf-a65b-a2836aa5466b does not exist. Creating ...
2019-08-29 09:08:41,799 [pool-439-thread-1] INFO  storage.RaftStorageDirectory (RaftStorageDirectory.java:tryLock(328)) - Lock on /workdir/hadoop-ozone/integration-test/target/test-dir/MiniOzoneClusterImpl-aa62adee-2aa8-4926-b259-289a460ec817/datanode-0/data/ratis/eea7add0-f041-4daf-a65b-a2836aa5466b/in_use.lock acquired by nodename 16104@pr-hdds-2030-6zpjw-50391877
2019-08-29 09:08:41,836 [pool-439-thread-1] INFO  storage.RaftStorage (RaftStorage.java:format(72)) - Storage directory /workdir/hadoop-ozone/integration-test/target/test-dir/MiniOzoneClusterImpl-aa62adee-2aa8-4926-b259-289a460ec817/datanode-0/data/ratis/eea7add0-f041-4daf-a65b-a2836aa5466b has been successfully formatted.
2019-08-29 09:08:41,836 [pool-439-thread-1] INFO  ratis.ContainerStateMachine (ContainerStateMachine.java:loadSnapshot(226)) - group-A2836AA5466B: The snapshot info is null. Setting the last applied indexto:(t:0, i:~)
2019-08-29 09:08:41,836 [pool-439-thread-1] INFO  server.RaftServerConfigKeys (ConfUtils.java:logGet(43)) - raft.server.leader.election.timeout = 120s (custom)
2019-08-29 09:08:41,836 [pool-439-thread-1] INFO  server.RaftServerConfigKeys (ConfUtils.java:logGet(43)) - raft.server.log.use.memory = false (default)
2019-08-29 09:08:41,837 [pool-439-thread-1] INFO  server.RaftServerConfigKeys (ConfUtils.java:logGet(43)) - raft.server.log.purge.gap = 1000000 (custom)
2019-08-29 09:08:41,837 [pool-439-thread-1] INFO  server.RaftServerConfigKeys (ConfUtils.java:logGet(43)) - raft.server.log.appender.buffer.byte-limit = 33554432 (custom)
2019-08-29 09:08:41,837 [pool-439-thread-1] INFO  server.RaftServerConfigKeys (ConfUtils.java:logGet(43)) - raft.server.log.segment.size.max = 1048576 (custom)
2019-08-29 09:08:41,837 [pool-439-thread-1] INFO  server.RaftServerConfigKeys (ConfUtils.java:logGet(43)) - raft.server.log.segment.cache.num.max = 2 (custom)
2019-08-29 09:08:41,837 [pool-439-thread-1] INFO  segmented.SegmentedRaftLogWorker (SegmentedRaftLogWorker.java:<init>(172)) - new 6b7ef66e-8765-47fb-bb7d-cec0d3804962-SegmentedRaftLogWorker:Storage Directory /workdir/hadoop-ozone/integration-test/target/test-dir/MiniOzoneClusterImpl-aa62adee-2aa8-4926-b259-289a460ec817/datanode-0/data/ratis/eea7add0-f041-4daf-a65b-a2836aa5466b for RaftStorage:Storage Directory /workdir/hadoop-ozone/integration-test/target/test-dir/MiniOzoneClusterImpl-aa62adee-2aa8-4926-b259-289a460ec817/datanode-0/data/ratis/eea7add0-f041-4daf-a65b-a2836aa5466b
2019-08-29 09:08:41,837 [pool-439-thread-1] INFO  server.RaftServerConfigKeys (ConfUtils.java:logGet(43)) - raft.server.log.queue.byte-limit = 2147483647 (custom)
2019-08-29 09:08:41,838 [pool-439-thread-1] INFO  server.RaftServerConfigKeys (ConfUtils.java:logGet(43)) - raft.server.log.queue.element-limit = 1024 (custom)
2019-08-29 09:08:41,838 [pool-439-thread-1] INFO  server.RaftServerConfigKeys (ConfUtils.java:logGet(43)) - raft.server.log.segment.size.max = 1048576 (custom)
2019-08-29 09:08:41,838 [pool-439-thread-1] INFO  server.RaftServerConfigKeys (ConfUtils.java:logGet(43)) - raft.server.log.preallocated.size = 16384 (custom)
2019-08-29 09:08:41,838 [pool-439-thread-1] INFO  server.RaftServerConfigKeys (ConfUtils.java:logGet(43)) - raft.server.log.write.buffer.size = 33554432 (custom)
2019-08-29 09:08:41,838 [pool-439-thread-1] INFO  server.RaftServerConfigKeys (ConfUtils.java:logGet(43)) - raft.server.log.force.sync.num = 128 (default)
2019-08-29 09:08:41,838 [pool-439-thread-1] INFO  server.RaftServerConfigKeys (ConfUtils.java:logGet(43)) - raft.server.log.statemachine.data.sync = true (default)
2019-08-29 09:08:41,839 [pool-439-thread-1] INFO  server.RaftServerConfigKeys (ConfUtils.java:logGet(43)) - raft.server.log.statemachine.data.sync.timeout = 10s (default)
2019-08-29 09:08:41,839 [pool-439-thread-1] INFO  server.RaftServerConfigKeys (ConfUtils.java:logGet(43)) - raft.server.log.statemachine.data.sync.timeout.retry = -1 (default)
2019-08-29 09:08:41,839 [pool-439-thread-1] INFO  server.RaftServerConfigKeys (ConfUtils.java:logGet(43)) - raft.server.log.statemachine.data.caching.enabled = true (custom)
2019-08-29 09:08:41,839 [pool-439-thread-1] INFO  segmented.SegmentedRaftLogWorker (SegmentedRaftLogWorker.java:lambda$new$0(132)) - 6b7ef66e-8765-47fb-bb7d-cec0d3804962-SegmentedRaftLogWorker:Storage Directory /workdir/hadoop-ozone/integration-test/target/test-dir/MiniOzoneClusterImpl-aa62adee-2aa8-4926-b259-289a460ec817/datanode-0/data/ratis/eea7add0-f041-4daf-a65b-a2836aa5466b: flushIndex: setUnconditionally 0 -> -1
2019-08-29 09:08:41,840 [pool-439-thread-1] INFO  server.RaftServerConfigKeys (ConfUtils.java:logGet(43)) - raft.server.snapshot.auto.trigger.enabled = true (custom)
2019-08-29 09:08:41,840 [pool-439-thread-1] INFO  server.RaftServerConfigKeys (ConfUtils.java:logGet(43)) - raft.server.snapshot.auto.trigger.threshold = 10000 (custom)
2019-08-29 09:08:41,840 [pool-439-thread-1] INFO  server.RaftServerConfigKeys (ConfUtils.java:logGet(43)) - raft.server.retrycache.expirytime = 600000ms (custom)
2019-08-29 09:08:41,840 [pool-439-thread-1] INFO  impl.RaftServerImpl (RaftServerImpl.java:start(180)) - 6b7ef66e-8765-47fb-bb7d-cec0d3804962: start group-A2836AA5466B
2019-08-29 09:08:41,841 [pool-439-thread-1] INFO  impl.RaftServerImpl (RaftServerImpl.java:setRole(171)) - 6b7ef66e-8765-47fb-bb7d-cec0d3804962:group-A2836AA5466B changes role from null to FOLLOWER at term 0 for startAsFollower
2019-08-29 09:08:41,841 [pool-439-thread-1] INFO  impl.RoleInfo (RoleInfo.java:updateAndGet(143)) - 6b7ef66e-8765-47fb-bb7d-cec0d3804962: start FollowerState
2019-08-29 09:08:41,842 [pool-439-thread-1] INFO  util.JmxRegister (JmxRegister.java:tryRegister(44)) - Successfully registered JMX Bean with object name Ratis:service=RaftServer,group=group-A2836AA5466B,id=6b7ef66e-8765-47fb-bb7d-cec0d3804962
2019-08-29 09:08:41,849 [RatisPipelineUtilsThread] INFO  pipeline.PipelineStateManager (PipelineStateManager.java:addPipeline(56)) - Created pipeline Pipeline[ Id: eea7add0-f041-4daf-a65b-a2836aa5466b, Nodes: 6b7ef66e-8765-47fb-bb7d-cec0d3804962{ip: 192.168.69.90, host: pr-hdds-2030-6zpjw-50391877, networkLocation: /default-rack, certSerialId: null}, Type:RATIS, Factor:ONE, State:OPEN]
2019-08-29 09:08:42,223 [IPC Server handler 2 on 45560] INFO  net.NetworkTopology (NetworkTopologyImpl.java:add(110)) - Added a new node: /default-rack/c4ca8910-c916-4cbf-826e-fde08f8bd5e0
2019-08-29 09:08:42,223 [IPC Server handler 2 on 45560] INFO  node.SCMNodeManager (SCMNodeManager.java:register(273)) - Registered Data node : c4ca8910-c916-4cbf-826e-fde08f8bd5e0{ip: 192.168.69.90, host: pr-hdds-2030-6zpjw-50391877, networkLocation: /default-rack, certSerialId: null}
2019-08-29 09:08:42,223 | INFO  | SCMAudit | user=jenkins1000 | ip=192.168.69.90 | op=REGISTER {datanodeDetails=c4ca8910-c916-4cbf-826e-fde08f8bd5e0{ip: 192.168.69.90, host: pr-hdds-2030-6zpjw-50391877, networkLocation: /default-rack, certSerialId: null}} | ret=SUCCESS |  
2019-08-29 09:08:42,230 [grpc-default-executor-9] INFO  impl.RaftServerProxy (RaftServerProxy.java:addNew(89)) - c4ca8910-c916-4cbf-826e-fde08f8bd5e0: addNew group-E60C9480E37F:[c4ca8910-c916-4cbf-826e-fde08f8bd5e0:192.168.69.90:35355] returns group-E60C9480E37F:java.util.concurrent.CompletableFuture@71b29bd5[Not completed]
2019-08-29 09:08:42,231 [pool-450-thread-1] INFO  impl.RaftServerImpl (RaftServerImpl.java:<init>(93)) - c4ca8910-c916-4cbf-826e-fde08f8bd5e0: new RaftServerImpl for group-E60C9480E37F:[c4ca8910-c916-4cbf-826e-fde08f8bd5e0:192.168.69.90:35355] with ContainerStateMachine:uninitialized
2019-08-29 09:08:42,231 [pool-450-thread-1] INFO  server.RaftServerConfigKeys (ConfUtils.java:logGet(43)) - raft.server.rpc.timeout.min = 5s (custom)
2019-08-29 09:08:42,231 [pool-450-thread-1] INFO  server.RaftServerConfigKeys (ConfUtils.java:logGet(43)) - raft.server.rpc.timeout.max = 5200ms (custom)
2019-08-29 09:08:42,231 [pool-450-thread-1] INFO  server.RaftServerConfigKeys (ConfUtils.java:logGet(43)) - raft.server.rpcslowness.timeout = 120s (custom)
2019-08-29 09:08:42,231 [pool-450-thread-1] INFO  server.RaftServerConfigKeys (ConfUtils.java:logGet(43)) - raft.server.sleep.deviation.threshold = 300 (default)
2019-08-29 09:08:42,231 [pool-450-thread-1] INFO  server.RaftServerConfigKeys (ConfUtils.java:logGet(43)) - raft.server.log.appender.install.snapshot.enabled = false (custom)
2019-08-29 09:08:42,232 [pool-450-thread-1] INFO  impl.RaftServerImpl (ServerState.java:<init>(105)) - c4ca8910-c916-4cbf-826e-fde08f8bd5e0:group-E60C9480E37F ConfigurationManager, init=-1: [c4ca8910-c916-4cbf-826e-fde08f8bd5e0:192.168.69.90:35355], old=null, confs=<EMPTY_MAP>
2019-08-29 09:08:42,232 [pool-450-thread-1] INFO  server.RaftServerConfigKeys (ConfUtils.java:logGet(43)) - raft.server.storage.dir = [/workdir/hadoop-ozone/integration-test/target/test-dir/MiniOzoneClusterImpl-aa62adee-2aa8-4926-b259-289a460ec817/datanode-1/data/ratis] (custom)
2019-08-29 09:08:42,232 [pool-450-thread-1] INFO  storage.RaftStorageDirectory (RaftStorageDirectory.java:analyzeStorage(246)) - The storage directory /workdir/hadoop-ozone/integration-test/target/test-dir/MiniOzoneClusterImpl-aa62adee-2aa8-4926-b259-289a460ec817/datanode-1/data/ratis/d6977934-c838-4d11-95aa-e60c9480e37f does not exist. Creating ...
2019-08-29 09:08:42,265 [pool-450-thread-1] INFO  storage.RaftStorageDirectory (RaftStorageDirectory.java:tryLock(328)) - Lock on /workdir/hadoop-ozone/integration-test/target/test-dir/MiniOzoneClusterImpl-aa62adee-2aa8-4926-b259-289a460ec817/datanode-1/data/ratis/d6977934-c838-4d11-95aa-e60c9480e37f/in_use.lock acquired by nodename 16104@pr-hdds-2030-6zpjw-50391877
2019-08-29 09:08:42,315 [pool-450-thread-1] INFO  storage.RaftStorage (RaftStorage.java:format(72)) - Storage directory /workdir/hadoop-ozone/integration-test/target/test-dir/MiniOzoneClusterImpl-aa62adee-2aa8-4926-b259-289a460ec817/datanode-1/data/ratis/d6977934-c838-4d11-95aa-e60c9480e37f has been successfully formatted.
2019-08-29 09:08:42,316 [pool-450-thread-1] INFO  ratis.ContainerStateMachine (ContainerStateMachine.java:loadSnapshot(226)) - group-E60C9480E37F: The snapshot info is null. Setting the last applied indexto:(t:0, i:~)
2019-08-29 09:08:42,316 [pool-450-thread-1] INFO  server.RaftServerConfigKeys (ConfUtils.java:logGet(43)) - raft.server.leader.election.timeout = 120s (custom)
2019-08-29 09:08:42,316 [pool-450-thread-1] INFO  server.RaftServerConfigKeys (ConfUtils.java:logGet(43)) - raft.server.log.use.memory = false (default)
2019-08-29 09:08:42,316 [pool-450-thread-1] INFO  server.RaftServerConfigKeys (ConfUtils.java:logGet(43)) - raft.server.log.purge.gap = 1000000 (custom)
2019-08-29 09:08:42,316 [pool-450-thread-1] INFO  server.RaftServerConfigKeys (ConfUtils.java:logGet(43)) - raft.server.log.appender.buffer.byte-limit = 33554432 (custom)
2019-08-29 09:08:42,316 [pool-450-thread-1] INFO  server.RaftServerConfigKeys (ConfUtils.java:logGet(43)) - raft.server.log.segment.size.max = 1048576 (custom)
2019-08-29 09:08:42,316 [pool-450-thread-1] INFO  server.RaftServerConfigKeys (ConfUtils.java:logGet(43)) - raft.server.log.segment.cache.num.max = 2 (custom)
2019-08-29 09:08:42,317 [pool-450-thread-1] INFO  segmented.SegmentedRaftLogWorker (SegmentedRaftLogWorker.java:<init>(172)) - new c4ca8910-c916-4cbf-826e-fde08f8bd5e0-SegmentedRaftLogWorker:Storage Directory /workdir/hadoop-ozone/integration-test/target/test-dir/MiniOzoneClusterImpl-aa62adee-2aa8-4926-b259-289a460ec817/datanode-1/data/ratis/d6977934-c838-4d11-95aa-e60c9480e37f for RaftStorage:Storage Directory /workdir/hadoop-ozone/integration-test/target/test-dir/MiniOzoneClusterImpl-aa62adee-2aa8-4926-b259-289a460ec817/datanode-1/data/ratis/d6977934-c838-4d11-95aa-e60c9480e37f
2019-08-29 09:08:42,317 [pool-450-thread-1] INFO  server.RaftServerConfigKeys (ConfUtils.java:logGet(43)) - raft.server.log.queue.byte-limit = 2147483647 (custom)
2019-08-29 09:08:42,317 [pool-450-thread-1] INFO  server.RaftServerConfigKeys (ConfUtils.java:logGet(43)) - raft.server.log.queue.element-limit = 1024 (custom)
2019-08-29 09:08:42,317 [pool-450-thread-1] INFO  server.RaftServerConfigKeys (ConfUtils.java:logGet(43)) - raft.server.log.segment.size.max = 1048576 (custom)
2019-08-29 09:08:42,317 [pool-450-thread-1] INFO  server.RaftServerConfigKeys (ConfUtils.java:logGet(43)) - raft.server.log.preallocated.size = 16384 (custom)
2019-08-29 09:08:42,317 [pool-450-thread-1] INFO  server.RaftServerConfigKeys (ConfUtils.java:logGet(43)) - raft.server.log.write.buffer.size = 33554432 (custom)
2019-08-29 09:08:42,317 [pool-450-thread-1] INFO  server.RaftServerConfigKeys (ConfUtils.java:logGet(43)) - raft.server.log.force.sync.num = 128 (default)
2019-08-29 09:08:42,317 [pool-450-thread-1] INFO  server.RaftServerConfigKeys (ConfUtils.java:logGet(43)) - raft.server.log.statemachine.data.sync = true (default)
2019-08-29 09:08:42,317 [pool-450-thread-1] INFO  server.RaftServerConfigKeys (ConfUtils.java:logGet(43)) - raft.server.log.statemachine.data.sync.timeout = 10s (default)
2019-08-29 09:08:42,318 [pool-450-thread-1] INFO  server.RaftServerConfigKeys (ConfUtils.java:logGet(43)) - raft.server.log.statemachine.data.sync.timeout.retry = -1 (default)
2019-08-29 09:08:42,318 [pool-450-thread-1] INFO  server.RaftServerConfigKeys (ConfUtils.java:logGet(43)) - raft.server.log.statemachine.data.caching.enabled = true (custom)
2019-08-29 09:08:42,318 [pool-450-thread-1] INFO  segmented.SegmentedRaftLogWorker (SegmentedRaftLogWorker.java:lambda$new$0(132)) - c4ca8910-c916-4cbf-826e-fde08f8bd5e0-SegmentedRaftLogWorker:Storage Directory /workdir/hadoop-ozone/integration-test/target/test-dir/MiniOzoneClusterImpl-aa62adee-2aa8-4926-b259-289a460ec817/datanode-1/data/ratis/d6977934-c838-4d11-95aa-e60c9480e37f: flushIndex: setUnconditionally 0 -> -1
2019-08-29 09:08:42,319 [pool-450-thread-1] INFO  server.RaftServerConfigKeys (ConfUtils.java:logGet(43)) - raft.server.snapshot.auto.trigger.enabled = true (custom)
2019-08-29 09:08:42,319 [pool-450-thread-1] INFO  server.RaftServerConfigKeys (ConfUtils.java:logGet(43)) - raft.server.snapshot.auto.trigger.threshold = 10000 (custom)
2019-08-29 09:08:42,319 [pool-450-thread-1] INFO  server.RaftServerConfigKeys (ConfUtils.java:logGet(43)) - raft.server.retrycache.expirytime = 600000ms (custom)
2019-08-29 09:08:42,319 [main] INFO  ozone.MiniOzoneClusterImpl (MiniOzoneClusterImpl.java:lambda$waitForClusterToBeReady$0(142)) - Waiting for cluster to be ready. Got 2 of 7 DN Heartbeats.
2019-08-29 09:08:42,319 [pool-450-thread-1] INFO  impl.RaftServerImpl (RaftServerImpl.java:start(180)) - c4ca8910-c916-4cbf-826e-fde08f8bd5e0: start group-E60C9480E37F
2019-08-29 09:08:42,319 [pool-450-thread-1] INFO  impl.RaftServerImpl (RaftServerImpl.java:setRole(171)) - c4ca8910-c916-4cbf-826e-fde08f8bd5e0:group-E60C9480E37F changes role from null to FOLLOWER at term 0 for startAsFollower
2019-08-29 09:08:42,320 [pool-450-thread-1] INFO  impl.RoleInfo (RoleInfo.java:updateAndGet(143)) - c4ca8910-c916-4cbf-826e-fde08f8bd5e0: start FollowerState
2019-08-29 09:08:42,320 [pool-450-thread-1] INFO  util.JmxRegister (JmxRegister.java:tryRegister(44)) - Successfully registered JMX Bean with object name Ratis:service=RaftServer,group=group-E60C9480E37F,id=c4ca8910-c916-4cbf-826e-fde08f8bd5e0
2019-08-29 09:08:42,325 [RatisPipelineUtilsThread] INFO  pipeline.PipelineStateManager (PipelineStateManager.java:addPipeline(56)) - Created pipeline Pipeline[ Id: d6977934-c838-4d11-95aa-e60c9480e37f, Nodes: c4ca8910-c916-4cbf-826e-fde08f8bd5e0{ip: 192.168.69.90, host: pr-hdds-2030-6zpjw-50391877, networkLocation: /default-rack, certSerialId: null}, Type:RATIS, Factor:ONE, State:OPEN]
2019-08-29 09:08:42,454 [IPC Server handler 4 on 45560] INFO  net.NetworkTopology (NetworkTopologyImpl.java:add(110)) - Added a new node: /default-rack/287c1acf-8fb8-4c08-86a8-def1750c75af
2019-08-29 09:08:42,454 [IPC Server handler 4 on 45560] INFO  node.SCMNodeManager (SCMNodeManager.java:register(273)) - Registered Data node : 287c1acf-8fb8-4c08-86a8-def1750c75af{ip: 192.168.69.90, host: pr-hdds-2030-6zpjw-50391877, networkLocation: /default-rack, certSerialId: null}
2019-08-29 09:08:42,454 | INFO  | SCMAudit | user=jenkins1000 | ip=192.168.69.90 | op=REGISTER {datanodeDetails=287c1acf-8fb8-4c08-86a8-def1750c75af{ip: 192.168.69.90, host: pr-hdds-2030-6zpjw-50391877, networkLocation: /default-rack, certSerialId: null}} | ret=SUCCESS |  
2019-08-29 09:08:42,462 [grpc-default-executor-9] INFO  impl.RaftServerProxy (RaftServerProxy.java:addNew(89)) - 287c1acf-8fb8-4c08-86a8-def1750c75af: addNew group-5BF825871A3A:[287c1acf-8fb8-4c08-86a8-def1750c75af:192.168.69.90:41412] returns group-5BF825871A3A:java.util.concurrent.CompletableFuture@1b6b49c0[Not completed]
2019-08-29 09:08:42,464 [pool-461-thread-1] INFO  impl.RaftServerImpl (RaftServerImpl.java:<init>(93)) - 287c1acf-8fb8-4c08-86a8-def1750c75af: new RaftServerImpl for group-5BF825871A3A:[287c1acf-8fb8-4c08-86a8-def1750c75af:192.168.69.90:41412] with ContainerStateMachine:uninitialized
2019-08-29 09:08:42,464 [pool-461-thread-1] INFO  server.RaftServerConfigKeys (ConfUtils.java:logGet(43)) - raft.server.rpc.timeout.min = 5s (custom)
2019-08-29 09:08:42,464 [pool-461-thread-1] INFO  server.RaftServerConfigKeys (ConfUtils.java:logGet(43)) - raft.server.rpc.timeout.max = 5200ms (custom)
2019-08-29 09:08:42,464 [pool-461-thread-1] INFO  server.RaftServerConfigKeys (ConfUtils.java:logGet(43)) - raft.server.rpcslowness.timeout = 120s (custom)
2019-08-29 09:08:42,464 [pool-461-thread-1] INFO  server.RaftServerConfigKeys (ConfUtils.java:logGet(43)) - raft.server.sleep.deviation.threshold = 300 (default)
2019-08-29 09:08:42,464 [pool-461-thread-1] INFO  server.RaftServerConfigKeys (ConfUtils.java:logGet(43)) - raft.server.log.appender.install.snapshot.enabled = false (custom)
2019-08-29 09:08:42,464 [pool-461-thread-1] INFO  impl.RaftServerImpl (ServerState.java:<init>(105)) - 287c1acf-8fb8-4c08-86a8-def1750c75af:group-5BF825871A3A ConfigurationManager, init=-1: [287c1acf-8fb8-4c08-86a8-def1750c75af:192.168.69.90:41412], old=null, confs=<EMPTY_MAP>
2019-08-29 09:08:42,465 [pool-461-thread-1] INFO  server.RaftServerConfigKeys (ConfUtils.java:logGet(43)) - raft.server.storage.dir = [/workdir/hadoop-ozone/integration-test/target/test-dir/MiniOzoneClusterImpl-aa62adee-2aa8-4926-b259-289a460ec817/datanode-2/data/ratis] (custom)
2019-08-29 09:08:42,465 [pool-461-thread-1] INFO  storage.RaftStorageDirectory (RaftStorageDirectory.java:analyzeStorage(246)) - The storage directory /workdir/hadoop-ozone/integration-test/target/test-dir/MiniOzoneClusterImpl-aa62adee-2aa8-4926-b259-289a460ec817/datanode-2/data/ratis/0b4d0acb-284b-4d4e-9489-5bf825871a3a does not exist. Creating ...
2019-08-29 09:08:42,478 [pool-461-thread-1] INFO  storage.RaftStorageDirectory (RaftStorageDirectory.java:tryLock(328)) - Lock on /workdir/hadoop-ozone/integration-test/target/test-dir/MiniOzoneClusterImpl-aa62adee-2aa8-4926-b259-289a460ec817/datanode-2/data/ratis/0b4d0acb-284b-4d4e-9489-5bf825871a3a/in_use.lock acquired by nodename 16104@pr-hdds-2030-6zpjw-50391877
2019-08-29 09:08:42,491 [pool-461-thread-1] INFO  storage.RaftStorage (RaftStorage.java:format(72)) - Storage directory /workdir/hadoop-ozone/integration-test/target/test-dir/MiniOzoneClusterImpl-aa62adee-2aa8-4926-b259-289a460ec817/datanode-2/data/ratis/0b4d0acb-284b-4d4e-9489-5bf825871a3a has been successfully formatted.
2019-08-29 09:08:42,492 [pool-461-thread-1] INFO  ratis.ContainerStateMachine (ContainerStateMachine.java:loadSnapshot(226)) - group-5BF825871A3A: The snapshot info is null. Setting the last applied indexto:(t:0, i:~)
2019-08-29 09:08:42,492 [pool-461-thread-1] INFO  server.RaftServerConfigKeys (ConfUtils.java:logGet(43)) - raft.server.leader.election.timeout = 120s (custom)
2019-08-29 09:08:42,492 [pool-461-thread-1] INFO  server.RaftServerConfigKeys (ConfUtils.java:logGet(43)) - raft.server.log.use.memory = false (default)
2019-08-29 09:08:42,492 [pool-461-thread-1] INFO  server.RaftServerConfigKeys (ConfUtils.java:logGet(43)) - raft.server.log.purge.gap = 1000000 (custom)
2019-08-29 09:08:42,492 [pool-461-thread-1] INFO  server.RaftServerConfigKeys (ConfUtils.java:logGet(43)) - raft.server.log.appender.buffer.byte-limit = 33554432 (custom)
2019-08-29 09:08:42,492 [pool-461-thread-1] INFO  server.RaftServerConfigKeys (ConfUtils.java:logGet(43)) - raft.server.log.segment.size.max = 1048576 (custom)
2019-08-29 09:08:42,492 [pool-461-thread-1] INFO  server.RaftServerConfigKeys (ConfUtils.java:logGet(43)) - raft.server.log.segment.cache.num.max = 2 (custom)
2019-08-29 09:08:42,492 [pool-461-thread-1] INFO  segmented.SegmentedRaftLogWorker (SegmentedRaftLogWorker.java:<init>(172)) - new 287c1acf-8fb8-4c08-86a8-def1750c75af-SegmentedRaftLogWorker:Storage Directory /workdir/hadoop-ozone/integration-test/target/test-dir/MiniOzoneClusterImpl-aa62adee-2aa8-4926-b259-289a460ec817/datanode-2/data/ratis/0b4d0acb-284b-4d4e-9489-5bf825871a3a for RaftStorage:Storage Directory /workdir/hadoop-ozone/integration-test/target/test-dir/MiniOzoneClusterImpl-aa62adee-2aa8-4926-b259-289a460ec817/datanode-2/data/ratis/0b4d0acb-284b-4d4e-9489-5bf825871a3a
2019-08-29 09:08:42,492 [pool-461-thread-1] INFO  server.RaftServerConfigKeys (ConfUtils.java:logGet(43)) - raft.server.log.queue.byte-limit = 2147483647 (custom)
2019-08-29 09:08:42,493 [pool-461-thread-1] INFO  server.RaftServerConfigKeys (ConfUtils.java:logGet(43)) - raft.server.log.queue.element-limit = 1024 (custom)
2019-08-29 09:08:42,493 [pool-461-thread-1] INFO  server.RaftServerConfigKeys (ConfUtils.java:logGet(43)) - raft.server.log.segment.size.max = 1048576 (custom)
2019-08-29 09:08:42,493 [pool-461-thread-1] INFO  server.RaftServerConfigKeys (ConfUtils.java:logGet(43)) - raft.server.log.preallocated.size = 16384 (custom)
2019-08-29 09:08:42,493 [pool-461-thread-1] INFO  server.RaftServerConfigKeys (ConfUtils.java:logGet(43)) - raft.server.log.write.buffer.size = 33554432 (custom)
2019-08-29 09:08:42,493 [pool-461-thread-1] INFO  server.RaftServerConfigKeys (ConfUtils.java:logGet(43)) - raft.server.log.force.sync.num = 128 (default)
2019-08-29 09:08:42,493 [pool-461-thread-1] INFO  server.RaftServerConfigKeys (ConfUtils.java:logGet(43)) - raft.server.log.statemachine.data.sync = true (default)
2019-08-29 09:08:42,493 [pool-461-thread-1] INFO  server.RaftServerConfigKeys (ConfUtils.java:logGet(43)) - raft.server.log.statemachine.data.sync.timeout = 10s (default)
2019-08-29 09:08:42,493 [pool-461-thread-1] INFO  server.RaftServerConfigKeys (ConfUtils.java:logGet(43)) - raft.server.log.statemachine.data.sync.timeout.retry = -1 (default)
2019-08-29 09:08:42,494 [pool-461-thread-1] INFO  server.RaftServerConfigKeys (ConfUtils.java:logGet(43)) - raft.server.log.statemachine.data.caching.enabled = true (custom)
2019-08-29 09:08:42,494 [pool-461-thread-1] INFO  segmented.SegmentedRaftLogWorker (SegmentedRaftLogWorker.java:lambda$new$0(132)) - 287c1acf-8fb8-4c08-86a8-def1750c75af-SegmentedRaftLogWorker:Storage Directory /workdir/hadoop-ozone/integration-test/target/test-dir/MiniOzoneClusterImpl-aa62adee-2aa8-4926-b259-289a460ec817/datanode-2/data/ratis/0b4d0acb-284b-4d4e-9489-5bf825871a3a: flushIndex: setUnconditionally 0 -> -1
2019-08-29 09:08:42,494 [pool-461-thread-1] INFO  server.RaftServerConfigKeys (ConfUtils.java:logGet(43)) - raft.server.snapshot.auto.trigger.enabled = true (custom)
2019-08-29 09:08:42,494 [pool-461-thread-1] INFO  server.RaftServerConfigKeys (ConfUtils.java:logGet(43)) - raft.server.snapshot.auto.trigger.threshold = 10000 (custom)
2019-08-29 09:08:42,494 [pool-461-thread-1] INFO  server.RaftServerConfigKeys (ConfUtils.java:logGet(43)) - raft.server.retrycache.expirytime = 600000ms (custom)
2019-08-29 09:08:42,494 [pool-461-thread-1] INFO  impl.RaftServerImpl (RaftServerImpl.java:start(180)) - 287c1acf-8fb8-4c08-86a8-def1750c75af: start group-5BF825871A3A
2019-08-29 09:08:42,494 [pool-461-thread-1] INFO  impl.RaftServerImpl (RaftServerImpl.java:setRole(171)) - 287c1acf-8fb8-4c08-86a8-def1750c75af:group-5BF825871A3A changes role from null to FOLLOWER at term 0 for startAsFollower
2019-08-29 09:08:42,494 [pool-461-thread-1] INFO  impl.RoleInfo (RoleInfo.java:updateAndGet(143)) - 287c1acf-8fb8-4c08-86a8-def1750c75af: start FollowerState
2019-08-29 09:08:42,495 [pool-461-thread-1] INFO  util.JmxRegister (JmxRegister.java:tryRegister(44)) - Successfully registered JMX Bean with object name Ratis:service=RaftServer,group=group-5BF825871A3A,id=287c1acf-8fb8-4c08-86a8-def1750c75af
2019-08-29 09:08:42,502 [RatisPipelineUtilsThread] INFO  pipeline.PipelineStateManager (PipelineStateManager.java:addPipeline(56)) - Created pipeline Pipeline[ Id: 0b4d0acb-284b-4d4e-9489-5bf825871a3a, Nodes: 287c1acf-8fb8-4c08-86a8-def1750c75af{ip: 192.168.69.90, host: pr-hdds-2030-6zpjw-50391877, networkLocation: /default-rack, certSerialId: null}, Type:RATIS, Factor:ONE, State:OPEN]
2019-08-29 09:08:42,511 [grpc-default-executor-5] INFO  impl.RaftServerProxy (RaftServerProxy.java:addNew(89)) - c4ca8910-c916-4cbf-826e-fde08f8bd5e0: addNew group-2A4E042E9F9A:[c4ca8910-c916-4cbf-826e-fde08f8bd5e0:192.168.69.90:35355, 6b7ef66e-8765-47fb-bb7d-cec0d3804962:192.168.69.90:37841, 287c1acf-8fb8-4c08-86a8-def1750c75af:192.168.69.90:41412] returns group-2A4E042E9F9A:java.util.concurrent.CompletableFuture@2cd7062a[Not completed]
2019-08-29 09:08:42,511 [grpc-default-executor-8] INFO  impl.RaftServerProxy (RaftServerProxy.java:addNew(89)) - 287c1acf-8fb8-4c08-86a8-def1750c75af: addNew group-2A4E042E9F9A:[c4ca8910-c916-4cbf-826e-fde08f8bd5e0:192.168.69.90:35355, 6b7ef66e-8765-47fb-bb7d-cec0d3804962:192.168.69.90:37841, 287c1acf-8fb8-4c08-86a8-def1750c75af:192.168.69.90:41412] returns group-2A4E042E9F9A:java.util.concurrent.CompletableFuture@6826902c[Not completed]
2019-08-29 09:08:42,511 [grpc-default-executor-9] INFO  impl.RaftServerProxy (RaftServerProxy.java:addNew(89)) - 6b7ef66e-8765-47fb-bb7d-cec0d3804962: addNew group-2A4E042E9F9A:[c4ca8910-c916-4cbf-826e-fde08f8bd5e0:192.168.69.90:35355, 6b7ef66e-8765-47fb-bb7d-cec0d3804962:192.168.69.90:37841, 287c1acf-8fb8-4c08-86a8-def1750c75af:192.168.69.90:41412] returns group-2A4E042E9F9A:java.util.concurrent.CompletableFuture@199c30a5[Not completed]
2019-08-29 09:08:42,512 [pool-450-thread-1] INFO  impl.RaftServerImpl (RaftServerImpl.java:<init>(93)) - c4ca8910-c916-4cbf-826e-fde08f8bd5e0: new RaftServerImpl for group-2A4E042E9F9A:[c4ca8910-c916-4cbf-826e-fde08f8bd5e0:192.168.69.90:35355, 6b7ef66e-8765-47fb-bb7d-cec0d3804962:192.168.69.90:37841, 287c1acf-8fb8-4c08-86a8-def1750c75af:192.168.69.90:41412] with ContainerStateMachine:uninitialized
2019-08-29 09:08:42,512 [pool-450-thread-1] INFO  server.RaftServerConfigKeys (ConfUtils.java:logGet(43)) - raft.server.rpc.timeout.min = 5s (custom)
2019-08-29 09:08:42,512 [pool-450-thread-1] INFO  server.RaftServerConfigKeys (ConfUtils.java:logGet(43)) - raft.server.rpc.timeout.max = 5200ms (custom)
2019-08-29 09:08:42,512 [pool-450-thread-1] INFO  server.RaftServerConfigKeys (ConfUtils.java:logGet(43)) - raft.server.rpcslowness.timeout = 120s (custom)
2019-08-29 09:08:42,512 [pool-450-thread-1] INFO  server.RaftServerConfigKeys (ConfUtils.java:logGet(43)) - raft.server.sleep.deviation.threshold = 300 (default)
2019-08-29 09:08:42,512 [pool-439-thread-1] INFO  impl.RaftServerImpl (RaftServerImpl.java:<init>(93)) - 6b7ef66e-8765-47fb-bb7d-cec0d3804962: new RaftServerImpl for group-2A4E042E9F9A:[c4ca8910-c916-4cbf-826e-fde08f8bd5e0:192.168.69.90:35355, 6b7ef66e-8765-47fb-bb7d-cec0d3804962:192.168.69.90:37841, 287c1acf-8fb8-4c08-86a8-def1750c75af:192.168.69.90:41412] with ContainerStateMachine:uninitialized
2019-08-29 09:08:42,512 [pool-450-thread-1] INFO  server.RaftServerConfigKeys (ConfUtils.java:logGet(43)) - raft.server.log.appender.install.snapshot.enabled = false (custom)
2019-08-29 09:08:42,512 [pool-439-thread-1] INFO  server.RaftServerConfigKeys (ConfUtils.java:logGet(43)) - raft.server.rpc.timeout.min = 5s (custom)
2019-08-29 09:08:42,512 [pool-450-thread-1] INFO  impl.RaftServerImpl (ServerState.java:<init>(105)) - c4ca8910-c916-4cbf-826e-fde08f8bd5e0:group-2A4E042E9F9A ConfigurationManager, init=-1: [c4ca8910-c916-4cbf-826e-fde08f8bd5e0:192.168.69.90:35355, 6b7ef66e-8765-47fb-bb7d-cec0d3804962:192.168.69.90:37841, 287c1acf-8fb8-4c08-86a8-def1750c75af:192.168.69.90:41412], old=null, confs=<EMPTY_MAP>
2019-08-29 09:08:42,512 [pool-461-thread-1] INFO  impl.RaftServerImpl (RaftServerImpl.java:<init>(93)) - 287c1acf-8fb8-4c08-86a8-def1750c75af: new RaftServerImpl for group-2A4E042E9F9A:[c4ca8910-c916-4cbf-826e-fde08f8bd5e0:192.168.69.90:35355, 6b7ef66e-8765-47fb-bb7d-cec0d3804962:192.168.69.90:37841, 287c1acf-8fb8-4c08-86a8-def1750c75af:192.168.69.90:41412] with ContainerStateMachine:uninitialized
2019-08-29 09:08:42,512 [pool-439-thread-1] INFO  server.RaftServerConfigKeys (ConfUtils.java:logGet(43)) - raft.server.rpc.timeout.max = 5200ms (custom)
2019-08-29 09:08:42,513 [pool-461-thread-1] INFO  server.RaftServerConfigKeys (ConfUtils.java:logGet(43)) - raft.server.rpc.timeout.min = 5s (custom)
2019-08-29 09:08:42,512 [pool-450-thread-1] INFO  server.RaftServerConfigKeys (ConfUtils.java:logGet(43)) - raft.server.storage.dir = [/workdir/hadoop-ozone/integration-test/target/test-dir/MiniOzoneClusterImpl-aa62adee-2aa8-4926-b259-289a460ec817/datanode-1/data/ratis] (custom)
2019-08-29 09:08:42,513 [pool-461-thread-1] INFO  server.RaftServerConfigKeys (ConfUtils.java:logGet(43)) - raft.server.rpc.timeout.max = 5200ms (custom)
2019-08-29 09:08:42,513 [pool-439-thread-1] INFO  server.RaftServerConfigKeys (ConfUtils.java:logGet(43)) - raft.server.rpcslowness.timeout = 120s (custom)
2019-08-29 09:08:42,513 [pool-461-thread-1] INFO  server.RaftServerConfigKeys (ConfUtils.java:logGet(43)) - raft.server.rpcslowness.timeout = 120s (custom)
2019-08-29 09:08:42,513 [pool-439-thread-1] INFO  server.RaftServerConfigKeys (ConfUtils.java:logGet(43)) - raft.server.sleep.deviation.threshold = 300 (default)
2019-08-29 09:08:42,513 [pool-450-thread-1] INFO  storage.RaftStorageDirectory (RaftStorageDirectory.java:analyzeStorage(246)) - The storage directory /workdir/hadoop-ozone/integration-test/target/test-dir/MiniOzoneClusterImpl-aa62adee-2aa8-4926-b259-289a460ec817/datanode-1/data/ratis/025c6614-c66d-4f96-8b70-2a4e042e9f9a does not exist. Creating ...
2019-08-29 09:08:42,513 [pool-439-thread-1] INFO  server.RaftServerConfigKeys (ConfUtils.java:logGet(43)) - raft.server.log.appender.install.snapshot.enabled = false (custom)
2019-08-29 09:08:42,513 [pool-461-thread-1] INFO  server.RaftServerConfigKeys (ConfUtils.java:logGet(43)) - raft.server.sleep.deviation.threshold = 300 (default)
2019-08-29 09:08:42,513 [pool-439-thread-1] INFO  impl.RaftServerImpl (ServerState.java:<init>(105)) - 6b7ef66e-8765-47fb-bb7d-cec0d3804962:group-2A4E042E9F9A ConfigurationManager, init=-1: [c4ca8910-c916-4cbf-826e-fde08f8bd5e0:192.168.69.90:35355, 6b7ef66e-8765-47fb-bb7d-cec0d3804962:192.168.69.90:37841, 287c1acf-8fb8-4c08-86a8-def1750c75af:192.168.69.90:41412], old=null, confs=<EMPTY_MAP>
2019-08-29 09:08:42,513 [pool-461-thread-1] INFO  server.RaftServerConfigKeys (ConfUtils.java:logGet(43)) - raft.server.log.appender.install.snapshot.enabled = false (custom)
2019-08-29 09:08:42,513 [pool-439-thread-1] INFO  server.RaftServerConfigKeys (ConfUtils.java:logGet(43)) - raft.server.storage.dir = [/workdir/hadoop-ozone/integration-test/target/test-dir/MiniOzoneClusterImpl-aa62adee-2aa8-4926-b259-289a460ec817/datanode-0/data/ratis] (custom)
2019-08-29 09:08:42,513 [pool-461-thread-1] INFO  impl.RaftServerImpl (ServerState.java:<init>(105)) - 287c1acf-8fb8-4c08-86a8-def1750c75af:group-2A4E042E9F9A ConfigurationManager, init=-1: [c4ca8910-c916-4cbf-826e-fde08f8bd5e0:192.168.69.90:35355, 6b7ef66e-8765-47fb-bb7d-cec0d3804962:192.168.69.90:37841, 287c1acf-8fb8-4c08-86a8-def1750c75af:192.168.69.90:41412], old=null, confs=<EMPTY_MAP>
2019-08-29 09:08:42,514 [pool-461-thread-1] INFO  server.RaftServerConfigKeys (ConfUtils.java:logGet(43)) - raft.server.storage.dir = [/workdir/hadoop-ozone/integration-test/target/test-dir/MiniOzoneClusterImpl-aa62adee-2aa8-4926-b259-289a460ec817/datanode-2/data/ratis] (custom)
2019-08-29 09:08:42,514 [pool-439-thread-1] INFO  storage.RaftStorageDirectory (RaftStorageDirectory.java:analyzeStorage(246)) - The storage directory /workdir/hadoop-ozone/integration-test/target/test-dir/MiniOzoneClusterImpl-aa62adee-2aa8-4926-b259-289a460ec817/datanode-0/data/ratis/025c6614-c66d-4f96-8b70-2a4e042e9f9a does not exist. Creating ...
2019-08-29 09:08:42,514 [pool-461-thread-1] INFO  storage.RaftStorageDirectory (RaftStorageDirectory.java:analyzeStorage(246)) - The storage directory /workdir/hadoop-ozone/integration-test/target/test-dir/MiniOzoneClusterImpl-aa62adee-2aa8-4926-b259-289a460ec817/datanode-2/data/ratis/025c6614-c66d-4f96-8b70-2a4e042e9f9a does not exist. Creating ...
2019-08-29 09:08:42,545 [pool-439-thread-1] INFO  storage.RaftStorageDirectory (RaftStorageDirectory.java:tryLock(328)) - Lock on /workdir/hadoop-ozone/integration-test/target/test-dir/MiniOzoneClusterImpl-aa62adee-2aa8-4926-b259-289a460ec817/datanode-0/data/ratis/025c6614-c66d-4f96-8b70-2a4e042e9f9a/in_use.lock acquired by nodename 16104@pr-hdds-2030-6zpjw-50391877
2019-08-29 09:08:42,545 [pool-450-thread-1] INFO  storage.RaftStorageDirectory (RaftStorageDirectory.java:tryLock(328)) - Lock on /workdir/hadoop-ozone/integration-test/target/test-dir/MiniOzoneClusterImpl-aa62adee-2aa8-4926-b259-289a460ec817/datanode-1/data/ratis/025c6614-c66d-4f96-8b70-2a4e042e9f9a/in_use.lock acquired by nodename 16104@pr-hdds-2030-6zpjw-50391877
2019-08-29 09:08:42,546 [pool-461-thread-1] INFO  storage.RaftStorageDirectory (RaftStorageDirectory.java:tryLock(328)) - Lock on /workdir/hadoop-ozone/integration-test/target/test-dir/MiniOzoneClusterImpl-aa62adee-2aa8-4926-b259-289a460ec817/datanode-2/data/ratis/025c6614-c66d-4f96-8b70-2a4e042e9f9a/in_use.lock acquired by nodename 16104@pr-hdds-2030-6zpjw-50391877
2019-08-29 09:08:42,564 [pool-450-thread-1] INFO  storage.RaftStorage (RaftStorage.java:format(72)) - Storage directory /workdir/hadoop-ozone/integration-test/target/test-dir/MiniOzoneClusterImpl-aa62adee-2aa8-4926-b259-289a460ec817/datanode-1/data/ratis/025c6614-c66d-4f96-8b70-2a4e042e9f9a has been successfully formatted.
2019-08-29 09:08:42,564 [pool-439-thread-1] INFO  storage.RaftStorage (RaftStorage.java:format(72)) - Storage directory /workdir/hadoop-ozone/integration-test/target/test-dir/MiniOzoneClusterImpl-aa62adee-2aa8-4926-b259-289a460ec817/datanode-0/data/ratis/025c6614-c66d-4f96-8b70-2a4e042e9f9a has been successfully formatted.
2019-08-29 09:08:42,564 [pool-461-thread-1] INFO  storage.RaftStorage (RaftStorage.java:format(72)) - Storage directory /workdir/hadoop-ozone/integration-test/target/test-dir/MiniOzoneClusterImpl-aa62adee-2aa8-4926-b259-289a460ec817/datanode-2/data/ratis/025c6614-c66d-4f96-8b70-2a4e042e9f9a has been successfully formatted.
2019-08-29 09:08:42,564 [pool-450-thread-1] INFO  ratis.ContainerStateMachine (ContainerStateMachine.java:loadSnapshot(226)) - group-2A4E042E9F9A: The snapshot info is null. Setting the last applied indexto:(t:0, i:~)
2019-08-29 09:08:42,564 [pool-439-thread-1] INFO  ratis.ContainerStateMachine (ContainerStateMachine.java:loadSnapshot(226)) - group-2A4E042E9F9A: The snapshot info is null. Setting the last applied indexto:(t:0, i:~)
2019-08-29 09:08:42,565 [pool-450-thread-1] INFO  server.RaftServerConfigKeys (ConfUtils.java:logGet(43)) - raft.server.leader.election.timeout = 120s (custom)
2019-08-29 09:08:42,565 [pool-461-thread-1] INFO  ratis.ContainerStateMachine (ContainerStateMachine.java:loadSnapshot(226)) - group-2A4E042E9F9A: The snapshot info is null. Setting the last applied indexto:(t:0, i:~)
2019-08-29 09:08:42,565 [pool-450-thread-1] INFO  server.RaftServerConfigKeys (ConfUtils.java:logGet(43)) - raft.server.log.use.memory = false (default)
2019-08-29 09:08:42,565 [pool-439-thread-1] INFO  server.RaftServerConfigKeys (ConfUtils.java:logGet(43)) - raft.server.leader.election.timeout = 120s (custom)
2019-08-29 09:08:42,565 [pool-450-thread-1] INFO  server.RaftServerConfigKeys (ConfUtils.java:logGet(43)) - raft.server.log.purge.gap = 1000000 (custom)
2019-08-29 09:08:42,565 [pool-461-thread-1] INFO  server.RaftServerConfigKeys (ConfUtils.java:logGet(43)) - raft.server.leader.election.timeout = 120s (custom)
2019-08-29 09:08:42,565 [pool-450-thread-1] INFO  server.RaftServerConfigKeys (ConfUtils.java:logGet(43)) - raft.server.log.appender.buffer.byte-limit = 33554432 (custom)
2019-08-29 09:08:42,565 [pool-439-thread-1] INFO  server.RaftServerConfigKeys (ConfUtils.java:logGet(43)) - raft.server.log.use.memory = false (default)
2019-08-29 09:08:42,566 [pool-450-thread-1] INFO  server.RaftServerConfigKeys (ConfUtils.java:logGet(43)) - raft.server.log.segment.size.max = 1048576 (custom)
2019-08-29 09:08:42,565 [pool-461-thread-1] INFO  server.RaftServerConfigKeys (ConfUtils.java:logGet(43)) - raft.server.log.use.memory = false (default)
2019-08-29 09:08:42,566 [pool-450-thread-1] INFO  server.RaftServerConfigKeys (ConfUtils.java:logGet(43)) - raft.server.log.segment.cache.num.max = 2 (custom)
2019-08-29 09:08:42,566 [pool-439-thread-1] INFO  server.RaftServerConfigKeys (ConfUtils.java:logGet(43)) - raft.server.log.purge.gap = 1000000 (custom)
2019-08-29 09:08:42,566 [pool-450-thread-1] INFO  segmented.SegmentedRaftLogWorker (SegmentedRaftLogWorker.java:<init>(172)) - new c4ca8910-c916-4cbf-826e-fde08f8bd5e0-SegmentedRaftLogWorker:Storage Directory /workdir/hadoop-ozone/integration-test/target/test-dir/MiniOzoneClusterImpl-aa62adee-2aa8-4926-b259-289a460ec817/datanode-1/data/ratis/025c6614-c66d-4f96-8b70-2a4e042e9f9a for RaftStorage:Storage Directory /workdir/hadoop-ozone/integration-test/target/test-dir/MiniOzoneClusterImpl-aa62adee-2aa8-4926-b259-289a460ec817/datanode-1/data/ratis/025c6614-c66d-4f96-8b70-2a4e042e9f9a
2019-08-29 09:08:42,566 [pool-461-thread-1] INFO  server.RaftServerConfigKeys (ConfUtils.java:logGet(43)) - raft.server.log.purge.gap = 1000000 (custom)
2019-08-29 09:08:42,566 [pool-450-thread-1] INFO  server.RaftServerConfigKeys (ConfUtils.java:logGet(43)) - raft.server.log.queue.byte-limit = 2147483647 (custom)
2019-08-29 09:08:42,566 [pool-439-thread-1] INFO  server.RaftServerConfigKeys (ConfUtils.java:logGet(43)) - raft.server.log.appender.buffer.byte-limit = 33554432 (custom)
2019-08-29 09:08:42,566 [pool-450-thread-1] INFO  server.RaftServerConfigKeys (ConfUtils.java:logGet(43)) - raft.server.log.queue.element-limit = 1024 (custom)
2019-08-29 09:08:42,566 [pool-461-thread-1] INFO  server.RaftServerConfigKeys (ConfUtils.java:logGet(43)) - raft.server.log.appender.buffer.byte-limit = 33554432 (custom)
2019-08-29 09:08:42,567 [pool-450-thread-1] INFO  server.RaftServerConfigKeys (ConfUtils.java:logGet(43)) - raft.server.log.segment.size.max = 1048576 (custom)
2019-08-29 09:08:42,566 [pool-439-thread-1] INFO  server.RaftServerConfigKeys (ConfUtils.java:logGet(43)) - raft.server.log.segment.size.max = 1048576 (custom)
2019-08-29 09:08:42,567 [pool-450-thread-1] INFO  server.RaftServerConfigKeys (ConfUtils.java:logGet(43)) - raft.server.log.preallocated.size = 16384 (custom)
2019-08-29 09:08:42,567 [pool-461-thread-1] INFO  server.RaftServerConfigKeys (ConfUtils.java:logGet(43)) - raft.server.log.segment.size.max = 1048576 (custom)
2019-08-29 09:08:42,567 [pool-450-thread-1] INFO  server.RaftServerConfigKeys (ConfUtils.java:logGet(43)) - raft.server.log.write.buffer.size = 33554432 (custom)
2019-08-29 09:08:42,567 [pool-439-thread-1] INFO  server.RaftServerConfigKeys (ConfUtils.java:logGet(43)) - raft.server.log.segment.cache.num.max = 2 (custom)
2019-08-29 09:08:42,567 [pool-450-thread-1] INFO  server.RaftServerConfigKeys (ConfUtils.java:logGet(43)) - raft.server.log.force.sync.num = 128 (default)
2019-08-29 09:08:42,567 [pool-461-thread-1] INFO  server.RaftServerConfigKeys (ConfUtils.java:logGet(43)) - raft.server.log.segment.cache.num.max = 2 (custom)
2019-08-29 09:08:42,567 [pool-450-thread-1] INFO  server.RaftServerConfigKeys (ConfUtils.java:logGet(43)) - raft.server.log.statemachine.data.sync = true (default)
2019-08-29 09:08:42,567 [pool-439-thread-1] INFO  segmented.SegmentedRaftLogWorker (SegmentedRaftLogWorker.java:<init>(172)) - new 6b7ef66e-8765-47fb-bb7d-cec0d3804962-SegmentedRaftLogWorker:Storage Directory /workdir/hadoop-ozone/integration-test/target/test-dir/MiniOzoneClusterImpl-aa62adee-2aa8-4926-b259-289a460ec817/datanode-0/data/ratis/025c6614-c66d-4f96-8b70-2a4e042e9f9a for RaftStorage:Storage Directory /workdir/hadoop-ozone/integration-test/target/test-dir/MiniOzoneClusterImpl-aa62adee-2aa8-4926-b259-289a460ec817/datanode-0/data/ratis/025c6614-c66d-4f96-8b70-2a4e042e9f9a
2019-08-29 09:08:42,568 [pool-450-thread-1] INFO  server.RaftServerConfigKeys (ConfUtils.java:logGet(43)) - raft.server.log.statemachine.data.sync.timeout = 10s (default)
2019-08-29 09:08:42,568 [pool-461-thread-1] INFO  segmented.SegmentedRaftLogWorker (SegmentedRaftLogWorker.java:<init>(172)) - new 287c1acf-8fb8-4c08-86a8-def1750c75af-SegmentedRaftLogWorker:Storage Directory /workdir/hadoop-ozone/integration-test/target/test-dir/MiniOzoneClusterImpl-aa62adee-2aa8-4926-b259-289a460ec817/datanode-2/data/ratis/025c6614-c66d-4f96-8b70-2a4e042e9f9a for RaftStorage:Storage Directory /workdir/hadoop-ozone/integration-test/target/test-dir/MiniOzoneClusterImpl-aa62adee-2aa8-4926-b259-289a460ec817/datanode-2/data/ratis/025c6614-c66d-4f96-8b70-2a4e042e9f9a
2019-08-29 09:08:42,568 [pool-450-thread-1] INFO  server.RaftServerConfigKeys (ConfUtils.java:logGet(43)) - raft.server.log.statemachine.data.sync.timeout.retry = -1 (default)
2019-08-29 09:08:42,568 [pool-439-thread-1] INFO  server.RaftServerConfigKeys (ConfUtils.java:logGet(43)) - raft.server.log.queue.byte-limit = 2147483647 (custom)
2019-08-29 09:08:42,568 [pool-450-thread-1] INFO  server.RaftServerConfigKeys (ConfUtils.java:logGet(43)) - raft.server.log.statemachine.data.caching.enabled = true (custom)
2019-08-29 09:08:42,568 [pool-461-thread-1] INFO  server.RaftServerConfigKeys (ConfUtils.java:logGet(43)) - raft.server.log.queue.byte-limit = 2147483647 (custom)
2019-08-29 09:08:42,568 [pool-439-thread-1] INFO  server.RaftServerConfigKeys (ConfUtils.java:logGet(43)) - raft.server.log.queue.element-limit = 1024 (custom)
2019-08-29 09:08:42,568 [pool-461-thread-1] INFO  server.RaftServerConfigKeys (ConfUtils.java:logGet(43)) - raft.server.log.queue.element-limit = 1024 (custom)
2019-08-29 09:08:42,569 [pool-439-thread-1] INFO  server.RaftServerConfigKeys (ConfUtils.java:logGet(43)) - raft.server.log.segment.size.max = 1048576 (custom)
2019-08-29 09:08:42,569 [pool-450-thread-1] INFO  segmented.SegmentedRaftLogWorker (SegmentedRaftLogWorker.java:lambda$new$0(132)) - c4ca8910-c916-4cbf-826e-fde08f8bd5e0-SegmentedRaftLogWorker:Storage Directory /workdir/hadoop-ozone/integration-test/target/test-dir/MiniOzoneClusterImpl-aa62adee-2aa8-4926-b259-289a460ec817/datanode-1/data/ratis/025c6614-c66d-4f96-8b70-2a4e042e9f9a: flushIndex: setUnconditionally 0 -> -1
2019-08-29 09:08:42,569 [pool-439-thread-1] INFO  server.RaftServerConfigKeys (ConfUtils.java:logGet(43)) - raft.server.log.preallocated.size = 16384 (custom)
2019-08-29 09:08:42,569 [pool-461-thread-1] INFO  server.RaftServerConfigKeys (ConfUtils.java:logGet(43)) - raft.server.log.segment.size.max = 1048576 (custom)
2019-08-29 09:08:42,569 [pool-439-thread-1] INFO  server.RaftServerConfigKeys (ConfUtils.java:logGet(43)) - raft.server.log.write.buffer.size = 33554432 (custom)
2019-08-29 09:08:42,569 [pool-461-thread-1] INFO  server.RaftServerConfigKeys (ConfUtils.java:logGet(43)) - raft.server.log.preallocated.size = 16384 (custom)
2019-08-29 09:08:42,569 [pool-450-thread-1] INFO  server.RaftServerConfigKeys (ConfUtils.java:logGet(43)) - raft.server.snapshot.auto.trigger.enabled = true (custom)
2019-08-29 09:08:42,569 [pool-461-thread-1] INFO  server.RaftServerConfigKeys (ConfUtils.java:logGet(43)) - raft.server.log.write.buffer.size = 33554432 (custom)
2019-08-29 09:08:42,569 [pool-439-thread-1] INFO  server.RaftServerConfigKeys (ConfUtils.java:logGet(43)) - raft.server.log.force.sync.num = 128 (default)
2019-08-29 09:08:42,569 [pool-461-thread-1] INFO  server.RaftServerConfigKeys (ConfUtils.java:logGet(43)) - raft.server.log.force.sync.num = 128 (default)
2019-08-29 09:08:42,569 [pool-450-thread-1] INFO  server.RaftServerConfigKeys (ConfUtils.java:logGet(43)) - raft.server.snapshot.auto.trigger.threshold = 10000 (custom)
2019-08-29 09:08:42,570 [pool-461-thread-1] INFO  server.RaftServerConfigKeys (ConfUtils.java:logGet(43)) - raft.server.log.statemachine.data.sync = true (default)
2019-08-29 09:08:42,570 [pool-439-thread-1] INFO  server.RaftServerConfigKeys (ConfUtils.java:logGet(43)) - raft.server.log.statemachine.data.sync = true (default)
2019-08-29 09:08:42,570 [pool-439-thread-1] INFO  server.RaftServerConfigKeys (ConfUtils.java:logGet(43)) - raft.server.log.statemachine.data.sync.timeout = 10s (default)
2019-08-29 09:08:42,570 [pool-461-thread-1] INFO  server.RaftServerConfigKeys (ConfUtils.java:logGet(43)) - raft.server.log.statemachine.data.sync.timeout = 10s (default)
2019-08-29 09:08:42,570 [pool-450-thread-1] INFO  server.RaftServerConfigKeys (ConfUtils.java:logGet(43)) - raft.server.retrycache.expirytime = 600000ms (custom)
2019-08-29 09:08:42,570 [pool-461-thread-1] INFO  server.RaftServerConfigKeys (ConfUtils.java:logGet(43)) - raft.server.log.statemachine.data.sync.timeout.retry = -1 (default)
2019-08-29 09:08:42,570 [pool-439-thread-1] INFO  server.RaftServerConfigKeys (ConfUtils.java:logGet(43)) - raft.server.log.statemachine.data.sync.timeout.retry = -1 (default)
2019-08-29 09:08:42,570 [pool-461-thread-1] INFO  server.RaftServerConfigKeys (ConfUtils.java:logGet(43)) - raft.server.log.statemachine.data.caching.enabled = true (custom)
2019-08-29 09:08:42,570 [pool-450-thread-1] INFO  impl.RaftServerImpl (RaftServerImpl.java:start(180)) - c4ca8910-c916-4cbf-826e-fde08f8bd5e0: start group-2A4E042E9F9A
2019-08-29 09:08:42,571 [pool-461-thread-1] INFO  segmented.SegmentedRaftLogWorker (SegmentedRaftLogWorker.java:lambda$new$0(132)) - 287c1acf-8fb8-4c08-86a8-def1750c75af-SegmentedRaftLogWorker:Storage Directory /workdir/hadoop-ozone/integration-test/target/test-dir/MiniOzoneClusterImpl-aa62adee-2aa8-4926-b259-289a460ec817/datanode-2/data/ratis/025c6614-c66d-4f96-8b70-2a4e042e9f9a: flushIndex: setUnconditionally 0 -> -1
2019-08-29 09:08:42,571 [pool-439-thread-1] INFO  server.RaftServerConfigKeys (ConfUtils.java:logGet(43)) - raft.server.log.statemachine.data.caching.enabled = true (custom)
2019-08-29 09:08:42,571 [pool-450-thread-1] INFO  impl.RaftServerImpl (RaftServerImpl.java:setRole(171)) - c4ca8910-c916-4cbf-826e-fde08f8bd5e0:group-2A4E042E9F9A changes role from null to FOLLOWER at term 0 for startAsFollower
2019-08-29 09:08:42,571 [pool-461-thread-1] INFO  server.RaftServerConfigKeys (ConfUtils.java:logGet(43)) - raft.server.snapshot.auto.trigger.enabled = true (custom)
2019-08-29 09:08:42,571 [pool-439-thread-1] INFO  segmented.SegmentedRaftLogWorker (SegmentedRaftLogWorker.java:lambda$new$0(132)) - 6b7ef66e-8765-47fb-bb7d-cec0d3804962-SegmentedRaftLogWorker:Storage Directory /workdir/hadoop-ozone/integration-test/target/test-dir/MiniOzoneClusterImpl-aa62adee-2aa8-4926-b259-289a460ec817/datanode-0/data/ratis/025c6614-c66d-4f96-8b70-2a4e042e9f9a: flushIndex: setUnconditionally 0 -> -1
2019-08-29 09:08:42,571 [pool-450-thread-1] INFO  impl.RoleInfo (RoleInfo.java:updateAndGet(143)) - c4ca8910-c916-4cbf-826e-fde08f8bd5e0: start FollowerState
2019-08-29 09:08:42,571 [pool-461-thread-1] INFO  server.RaftServerConfigKeys (ConfUtils.java:logGet(43)) - raft.server.snapshot.auto.trigger.threshold = 10000 (custom)
2019-08-29 09:08:42,571 [pool-439-thread-1] INFO  server.RaftServerConfigKeys (ConfUtils.java:logGet(43)) - raft.server.snapshot.auto.trigger.enabled = true (custom)
2019-08-29 09:08:42,571 [pool-461-thread-1] INFO  server.RaftServerConfigKeys (ConfUtils.java:logGet(43)) - raft.server.retrycache.expirytime = 600000ms (custom)
2019-08-29 09:08:42,572 [pool-439-thread-1] INFO  server.RaftServerConfigKeys (ConfUtils.java:logGet(43)) - raft.server.snapshot.auto.trigger.threshold = 10000 (custom)
2019-08-29 09:08:42,579 [pool-439-thread-1] INFO  server.RaftServerConfigKeys (ConfUtils.java:logGet(43)) - raft.server.retrycache.expirytime = 600000ms (custom)
2019-08-29 09:08:42,579 [pool-450-thread-1] INFO  util.JmxRegister (JmxRegister.java:tryRegister(44)) - Successfully registered JMX Bean with object name Ratis:service=RaftServer,group=group-2A4E042E9F9A,id=c4ca8910-c916-4cbf-826e-fde08f8bd5e0
2019-08-29 09:08:42,579 [pool-461-thread-1] INFO  impl.RaftServerImpl (RaftServerImpl.java:start(180)) - 287c1acf-8fb8-4c08-86a8-def1750c75af: start group-2A4E042E9F9A
2019-08-29 09:08:42,579 [pool-439-thread-1] INFO  impl.RaftServerImpl (RaftServerImpl.java:start(180)) - 6b7ef66e-8765-47fb-bb7d-cec0d3804962: start group-2A4E042E9F9A
2019-08-29 09:08:42,579 [pool-439-thread-1] INFO  impl.RaftServerImpl (RaftServerImpl.java:setRole(171)) - 6b7ef66e-8765-47fb-bb7d-cec0d3804962:group-2A4E042E9F9A changes role from null to FOLLOWER at term 0 for startAsFollower
2019-08-29 09:08:42,579 [pool-461-thread-1] INFO  impl.RaftServerImpl (RaftServerImpl.java:setRole(171)) - 287c1acf-8fb8-4c08-86a8-def1750c75af:group-2A4E042E9F9A changes role from null to FOLLOWER at term 0 for startAsFollower
2019-08-29 09:08:42,584 [pool-439-thread-1] INFO  impl.RoleInfo (RoleInfo.java:updateAndGet(143)) - 6b7ef66e-8765-47fb-bb7d-cec0d3804962: start FollowerState
2019-08-29 09:08:42,584 [pool-461-thread-1] INFO  impl.RoleInfo (RoleInfo.java:updateAndGet(143)) - 287c1acf-8fb8-4c08-86a8-def1750c75af: start FollowerState
2019-08-29 09:08:42,584 [pool-439-thread-1] INFO  util.JmxRegister (JmxRegister.java:tryRegister(44)) - Successfully registered JMX Bean with object name Ratis:service=RaftServer,group=group-2A4E042E9F9A,id=6b7ef66e-8765-47fb-bb7d-cec0d3804962
2019-08-29 09:08:42,584 [pool-461-thread-1] INFO  util.JmxRegister (JmxRegister.java:tryRegister(44)) - Successfully registered JMX Bean with object name Ratis:service=RaftServer,group=group-2A4E042E9F9A,id=287c1acf-8fb8-4c08-86a8-def1750c75af
2019-08-29 09:08:42,589 [RatisPipelineUtilsThread] INFO  pipeline.PipelineStateManager (PipelineStateManager.java:addPipeline(56)) - Created pipeline Pipeline[ Id: 025c6614-c66d-4f96-8b70-2a4e042e9f9a, Nodes: 6b7ef66e-8765-47fb-bb7d-cec0d3804962{ip: 192.168.69.90, host: pr-hdds-2030-6zpjw-50391877, networkLocation: /default-rack, certSerialId: null}c4ca8910-c916-4cbf-826e-fde08f8bd5e0{ip: 192.168.69.90, host: pr-hdds-2030-6zpjw-50391877, networkLocation: /default-rack, certSerialId: null}287c1acf-8fb8-4c08-86a8-def1750c75af{ip: 192.168.69.90, host: pr-hdds-2030-6zpjw-50391877, networkLocation: /default-rack, certSerialId: null}, Type:RATIS, Factor:THREE, State:OPEN]
2019-08-29 09:08:42,648 [IPC Server handler 0 on 45560] INFO  net.NetworkTopology (NetworkTopologyImpl.java:add(110)) - Added a new node: /default-rack/90376809-6c3e-4bbd-b4c1-5f430b81f277
2019-08-29 09:08:42,648 [IPC Server handler 0 on 45560] INFO  node.SCMNodeManager (SCMNodeManager.java:register(273)) - Registered Data node : 90376809-6c3e-4bbd-b4c1-5f430b81f277{ip: 192.168.69.90, host: pr-hdds-2030-6zpjw-50391877, networkLocation: /default-rack, certSerialId: null}
2019-08-29 09:08:42,649 | INFO  | SCMAudit | user=jenkins1000 | ip=192.168.69.90 | op=REGISTER {datanodeDetails=90376809-6c3e-4bbd-b4c1-5f430b81f277{ip: 192.168.69.90, host: pr-hdds-2030-6zpjw-50391877, networkLocation: /default-rack, certSerialId: null}} | ret=SUCCESS |  
2019-08-29 09:08:42,655 [grpc-default-executor-9] INFO  impl.RaftServerProxy (RaftServerProxy.java:addNew(89)) - 90376809-6c3e-4bbd-b4c1-5f430b81f277: addNew group-CABBD6C206F4:[90376809-6c3e-4bbd-b4c1-5f430b81f277:192.168.69.90:39110] returns group-CABBD6C206F4:java.util.concurrent.CompletableFuture@55755b42[Not completed]
2019-08-29 09:08:42,656 [pool-472-thread-1] INFO  impl.RaftServerImpl (RaftServerImpl.java:<init>(93)) - 90376809-6c3e-4bbd-b4c1-5f430b81f277: new RaftServerImpl for group-CABBD6C206F4:[90376809-6c3e-4bbd-b4c1-5f430b81f277:192.168.69.90:39110] with ContainerStateMachine:uninitialized
2019-08-29 09:08:42,656 [pool-472-thread-1] INFO  server.RaftServerConfigKeys (ConfUtils.java:logGet(43)) - raft.server.rpc.timeout.min = 5s (custom)
2019-08-29 09:08:42,656 [pool-472-thread-1] INFO  server.RaftServerConfigKeys (ConfUtils.java:logGet(43)) - raft.server.rpc.timeout.max = 5200ms (custom)
2019-08-29 09:08:42,656 [pool-472-thread-1] INFO  server.RaftServerConfigKeys (ConfUtils.java:logGet(43)) - raft.server.rpcslowness.timeout = 120s (custom)
2019-08-29 09:08:42,656 [pool-472-thread-1] INFO  server.RaftServerConfigKeys (ConfUtils.java:logGet(43)) - raft.server.sleep.deviation.threshold = 300 (default)
2019-08-29 09:08:42,656 [pool-472-thread-1] INFO  server.RaftServerConfigKeys (ConfUtils.java:logGet(43)) - raft.server.log.appender.install.snapshot.enabled = false (custom)
2019-08-29 09:08:42,656 [pool-472-thread-1] INFO  impl.RaftServerImpl (ServerState.java:<init>(105)) - 90376809-6c3e-4bbd-b4c1-5f430b81f277:group-CABBD6C206F4 ConfigurationManager, init=-1: [90376809-6c3e-4bbd-b4c1-5f430b81f277:192.168.69.90:39110], old=null, confs=<EMPTY_MAP>
2019-08-29 09:08:42,656 [pool-472-thread-1] INFO  server.RaftServerConfigKeys (ConfUtils.java:logGet(43)) - raft.server.storage.dir = [/workdir/hadoop-ozone/integration-test/target/test-dir/MiniOzoneClusterImpl-aa62adee-2aa8-4926-b259-289a460ec817/datanode-3/data/ratis] (custom)
2019-08-29 09:08:42,657 [pool-472-thread-1] INFO  storage.RaftStorageDirectory (RaftStorageDirectory.java:analyzeStorage(246)) - The storage directory /workdir/hadoop-ozone/integration-test/target/test-dir/MiniOzoneClusterImpl-aa62adee-2aa8-4926-b259-289a460ec817/datanode-3/data/ratis/3c9b5699-ffe9-43f5-9b6e-cabbd6c206f4 does not exist. Creating ...
2019-08-29 09:08:42,689 [pool-472-thread-1] INFO  storage.RaftStorageDirectory (RaftStorageDirectory.java:tryLock(328)) - Lock on /workdir/hadoop-ozone/integration-test/target/test-dir/MiniOzoneClusterImpl-aa62adee-2aa8-4926-b259-289a460ec817/datanode-3/data/ratis/3c9b5699-ffe9-43f5-9b6e-cabbd6c206f4/in_use.lock acquired by nodename 16104@pr-hdds-2030-6zpjw-50391877
2019-08-29 09:08:42,723 [pool-472-thread-1] INFO  storage.RaftStorage (RaftStorage.java:format(72)) - Storage directory /workdir/hadoop-ozone/integration-test/target/test-dir/MiniOzoneClusterImpl-aa62adee-2aa8-4926-b259-289a460ec817/datanode-3/data/ratis/3c9b5699-ffe9-43f5-9b6e-cabbd6c206f4 has been successfully formatted.
2019-08-29 09:08:42,723 [pool-472-thread-1] INFO  ratis.ContainerStateMachine (ContainerStateMachine.java:loadSnapshot(226)) - group-CABBD6C206F4: The snapshot info is null. Setting the last applied indexto:(t:0, i:~)
2019-08-29 09:08:42,723 [pool-472-thread-1] INFO  server.RaftServerConfigKeys (ConfUtils.java:logGet(43)) - raft.server.leader.election.timeout = 120s (custom)
2019-08-29 09:08:42,723 [pool-472-thread-1] INFO  server.RaftServerConfigKeys (ConfUtils.java:logGet(43)) - raft.server.log.use.memory = false (default)
2019-08-29 09:08:42,724 [pool-472-thread-1] INFO  server.RaftServerConfigKeys (ConfUtils.java:logGet(43)) - raft.server.log.purge.gap = 1000000 (custom)
2019-08-29 09:08:42,724 [pool-472-thread-1] INFO  server.RaftServerConfigKeys (ConfUtils.java:logGet(43)) - raft.server.log.appender.buffer.byte-limit = 33554432 (custom)
2019-08-29 09:08:42,724 [pool-472-thread-1] INFO  server.RaftServerConfigKeys (ConfUtils.java:logGet(43)) - raft.server.log.segment.size.max = 1048576 (custom)
2019-08-29 09:08:42,724 [pool-472-thread-1] INFO  server.RaftServerConfigKeys (ConfUtils.java:logGet(43)) - raft.server.log.segment.cache.num.max = 2 (custom)
2019-08-29 09:08:42,724 [pool-472-thread-1] INFO  segmented.SegmentedRaftLogWorker (SegmentedRaftLogWorker.java:<init>(172)) - new 90376809-6c3e-4bbd-b4c1-5f430b81f277-SegmentedRaftLogWorker:Storage Directory /workdir/hadoop-ozone/integration-test/target/test-dir/MiniOzoneClusterImpl-aa62adee-2aa8-4926-b259-289a460ec817/datanode-3/data/ratis/3c9b5699-ffe9-43f5-9b6e-cabbd6c206f4 for RaftStorage:Storage Directory /workdir/hadoop-ozone/integration-test/target/test-dir/MiniOzoneClusterImpl-aa62adee-2aa8-4926-b259-289a460ec817/datanode-3/data/ratis/3c9b5699-ffe9-43f5-9b6e-cabbd6c206f4
2019-08-29 09:08:42,725 [pool-472-thread-1] INFO  server.RaftServerConfigKeys (ConfUtils.java:logGet(43)) - raft.server.log.queue.byte-limit = 2147483647 (custom)
2019-08-29 09:08:42,725 [pool-472-thread-1] INFO  server.RaftServerConfigKeys (ConfUtils.java:logGet(43)) - raft.server.log.queue.element-limit = 1024 (custom)
2019-08-29 09:08:42,725 [pool-472-thread-1] INFO  server.RaftServerConfigKeys (ConfUtils.java:logGet(43)) - raft.server.log.segment.size.max = 1048576 (custom)
2019-08-29 09:08:42,725 [pool-472-thread-1] INFO  server.RaftServerConfigKeys (ConfUtils.java:logGet(43)) - raft.server.log.preallocated.size = 16384 (custom)
2019-08-29 09:08:42,725 [pool-472-thread-1] INFO  server.RaftServerConfigKeys (ConfUtils.java:logGet(43)) - raft.server.log.write.buffer.size = 33554432 (custom)
2019-08-29 09:08:42,726 [pool-472-thread-1] INFO  server.RaftServerConfigKeys (ConfUtils.java:logGet(43)) - raft.server.log.force.sync.num = 128 (default)
2019-08-29 09:08:42,726 [pool-472-thread-1] INFO  server.RaftServerConfigKeys (ConfUtils.java:logGet(43)) - raft.server.log.statemachine.data.sync = true (default)
2019-08-29 09:08:42,726 [pool-472-thread-1] INFO  server.RaftServerConfigKeys (ConfUtils.java:logGet(43)) - raft.server.log.statemachine.data.sync.timeout = 10s (default)
2019-08-29 09:08:42,726 [pool-472-thread-1] INFO  server.RaftServerConfigKeys (ConfUtils.java:logGet(43)) - raft.server.log.statemachine.data.sync.timeout.retry = -1 (default)
2019-08-29 09:08:42,726 [pool-472-thread-1] INFO  server.RaftServerConfigKeys (ConfUtils.java:logGet(43)) - raft.server.log.statemachine.data.caching.enabled = true (custom)
2019-08-29 09:08:42,727 [pool-472-thread-1] INFO  segmented.SegmentedRaftLogWorker (SegmentedRaftLogWorker.java:lambda$new$0(132)) - 90376809-6c3e-4bbd-b4c1-5f430b81f277-SegmentedRaftLogWorker:Storage Directory /workdir/hadoop-ozone/integration-test/target/test-dir/MiniOzoneClusterImpl-aa62adee-2aa8-4926-b259-289a460ec817/datanode-3/data/ratis/3c9b5699-ffe9-43f5-9b6e-cabbd6c206f4: flushIndex: setUnconditionally 0 -> -1
2019-08-29 09:08:42,727 [pool-472-thread-1] INFO  server.RaftServerConfigKeys (ConfUtils.java:logGet(43)) - raft.server.snapshot.auto.trigger.enabled = true (custom)
2019-08-29 09:08:42,727 [pool-472-thread-1] INFO  server.RaftServerConfigKeys (ConfUtils.java:logGet(43)) - raft.server.snapshot.auto.trigger.threshold = 10000 (custom)
2019-08-29 09:08:42,727 [pool-472-thread-1] INFO  server.RaftServerConfigKeys (ConfUtils.java:logGet(43)) - raft.server.retrycache.expirytime = 600000ms (custom)
2019-08-29 09:08:42,727 [pool-472-thread-1] INFO  impl.RaftServerImpl (RaftServerImpl.java:start(180)) - 90376809-6c3e-4bbd-b4c1-5f430b81f277: start group-CABBD6C206F4
2019-08-29 09:08:42,727 [pool-472-thread-1] INFO  impl.RaftServerImpl (RaftServerImpl.java:setRole(171)) - 90376809-6c3e-4bbd-b4c1-5f430b81f277:group-CABBD6C206F4 changes role from null to FOLLOWER at term 0 for startAsFollower
2019-08-29 09:08:42,728 [pool-472-thread-1] INFO  impl.RoleInfo (RoleInfo.java:updateAndGet(143)) - 90376809-6c3e-4bbd-b4c1-5f430b81f277: start FollowerState
2019-08-29 09:08:42,728 [pool-472-thread-1] INFO  util.JmxRegister (JmxRegister.java:tryRegister(44)) - Successfully registered JMX Bean with object name Ratis:service=RaftServer,group=group-CABBD6C206F4,id=90376809-6c3e-4bbd-b4c1-5f430b81f277
2019-08-29 09:08:42,733 [RatisPipelineUtilsThread] INFO  pipeline.PipelineStateManager (PipelineStateManager.java:addPipeline(56)) - Created pipeline Pipeline[ Id: 3c9b5699-ffe9-43f5-9b6e-cabbd6c206f4, Nodes: 90376809-6c3e-4bbd-b4c1-5f430b81f277{ip: 192.168.69.90, host: pr-hdds-2030-6zpjw-50391877, networkLocation: /default-rack, certSerialId: null}, Type:RATIS, Factor:ONE, State:OPEN]
2019-08-29 09:08:42,857 [IPC Server handler 1 on 45560] INFO  net.NetworkTopology (NetworkTopologyImpl.java:add(110)) - Added a new node: /default-rack/4a185089-c3e3-4847-8da3-ffacd891fd5e
2019-08-29 09:08:42,857 [IPC Server handler 1 on 45560] INFO  node.SCMNodeManager (SCMNodeManager.java:register(273)) - Registered Data node : 4a185089-c3e3-4847-8da3-ffacd891fd5e{ip: 192.168.69.90, host: pr-hdds-2030-6zpjw-50391877, networkLocation: /default-rack, certSerialId: null}
2019-08-29 09:08:42,857 | INFO  | SCMAudit | user=jenkins1000 | ip=192.168.69.90 | op=REGISTER {datanodeDetails=4a185089-c3e3-4847-8da3-ffacd891fd5e{ip: 192.168.69.90, host: pr-hdds-2030-6zpjw-50391877, networkLocation: /default-rack, certSerialId: null}} | ret=SUCCESS |  
2019-08-29 09:08:42,863 [grpc-default-executor-9] INFO  impl.RaftServerProxy (RaftServerProxy.java:addNew(89)) - 4a185089-c3e3-4847-8da3-ffacd891fd5e: addNew group-D0244731D3ED:[4a185089-c3e3-4847-8da3-ffacd891fd5e:192.168.69.90:37623] returns group-D0244731D3ED:java.util.concurrent.CompletableFuture@4f0c2961[Not completed]
2019-08-29 09:08:42,864 [pool-483-thread-1] INFO  impl.RaftServerImpl (RaftServerImpl.java:<init>(93)) - 4a185089-c3e3-4847-8da3-ffacd891fd5e: new RaftServerImpl for group-D0244731D3ED:[4a185089-c3e3-4847-8da3-ffacd891fd5e:192.168.69.90:37623] with ContainerStateMachine:uninitialized
2019-08-29 09:08:42,864 [pool-483-thread-1] INFO  server.RaftServerConfigKeys (ConfUtils.java:logGet(43)) - raft.server.rpc.timeout.min = 5s (custom)
2019-08-29 09:08:42,864 [pool-483-thread-1] INFO  server.RaftServerConfigKeys (ConfUtils.java:logGet(43)) - raft.server.rpc.timeout.max = 5200ms (custom)
2019-08-29 09:08:42,865 [pool-483-thread-1] INFO  server.RaftServerConfigKeys (ConfUtils.java:logGet(43)) - raft.server.rpcslowness.timeout = 120s (custom)
2019-08-29 09:08:42,865 [pool-483-thread-1] INFO  server.RaftServerConfigKeys (ConfUtils.java:logGet(43)) - raft.server.sleep.deviation.threshold = 300 (default)
2019-08-29 09:08:42,865 [pool-483-thread-1] INFO  server.RaftServerConfigKeys (ConfUtils.java:logGet(43)) - raft.server.log.appender.install.snapshot.enabled = false (custom)
2019-08-29 09:08:42,865 [pool-483-thread-1] INFO  impl.RaftServerImpl (ServerState.java:<init>(105)) - 4a185089-c3e3-4847-8da3-ffacd891fd5e:group-D0244731D3ED ConfigurationManager, init=-1: [4a185089-c3e3-4847-8da3-ffacd891fd5e:192.168.69.90:37623], old=null, confs=<EMPTY_MAP>
2019-08-29 09:08:42,865 [pool-483-thread-1] INFO  server.RaftServerConfigKeys (ConfUtils.java:logGet(43)) - raft.server.storage.dir = [/workdir/hadoop-ozone/integration-test/target/test-dir/MiniOzoneClusterImpl-aa62adee-2aa8-4926-b259-289a460ec817/datanode-4/data/ratis] (custom)
2019-08-29 09:08:42,865 [pool-483-thread-1] INFO  storage.RaftStorageDirectory (RaftStorageDirectory.java:analyzeStorage(246)) - The storage directory /workdir/hadoop-ozone/integration-test/target/test-dir/MiniOzoneClusterImpl-aa62adee-2aa8-4926-b259-289a460ec817/datanode-4/data/ratis/f65cd314-c1a5-469f-9557-d0244731d3ed does not exist. Creating ...
2019-08-29 09:08:43,022 [pool-483-thread-1] INFO  storage.RaftStorageDirectory (RaftStorageDirectory.java:tryLock(328)) - Lock on /workdir/hadoop-ozone/integration-test/target/test-dir/MiniOzoneClusterImpl-aa62adee-2aa8-4926-b259-289a460ec817/datanode-4/data/ratis/f65cd314-c1a5-469f-9557-d0244731d3ed/in_use.lock acquired by nodename 16104@pr-hdds-2030-6zpjw-50391877
2019-08-29 09:08:43,089 [IPC Server handler 2 on 45560] INFO  net.NetworkTopology (NetworkTopologyImpl.java:add(110)) - Added a new node: /default-rack/89389896-6107-44d3-8107-f3dd9a061ca0
2019-08-29 09:08:43,089 [IPC Server handler 2 on 45560] INFO  node.SCMNodeManager (SCMNodeManager.java:register(273)) - Registered Data node : 89389896-6107-44d3-8107-f3dd9a061ca0{ip: 192.168.69.90, host: pr-hdds-2030-6zpjw-50391877, networkLocation: /default-rack, certSerialId: null}
2019-08-29 09:08:43,089 | INFO  | SCMAudit | user=jenkins1000 | ip=192.168.69.90 | op=REGISTER {datanodeDetails=89389896-6107-44d3-8107-f3dd9a061ca0{ip: 192.168.69.90, host: pr-hdds-2030-6zpjw-50391877, networkLocation: /default-rack, certSerialId: null}} | ret=SUCCESS |  
2019-08-29 09:08:43,163 [pool-483-thread-1] INFO  storage.RaftStorage (RaftStorage.java:format(72)) - Storage directory /workdir/hadoop-ozone/integration-test/target/test-dir/MiniOzoneClusterImpl-aa62adee-2aa8-4926-b259-289a460ec817/datanode-4/data/ratis/f65cd314-c1a5-469f-9557-d0244731d3ed has been successfully formatted.
2019-08-29 09:08:43,164 [pool-483-thread-1] INFO  ratis.ContainerStateMachine (ContainerStateMachine.java:loadSnapshot(226)) - group-D0244731D3ED: The snapshot info is null. Setting the last applied indexto:(t:0, i:~)
2019-08-29 09:08:43,164 [pool-483-thread-1] INFO  server.RaftServerConfigKeys (ConfUtils.java:logGet(43)) - raft.server.leader.election.timeout = 120s (custom)
2019-08-29 09:08:43,164 [pool-483-thread-1] INFO  server.RaftServerConfigKeys (ConfUtils.java:logGet(43)) - raft.server.log.use.memory = false (default)
2019-08-29 09:08:43,164 [pool-483-thread-1] INFO  server.RaftServerConfigKeys (ConfUtils.java:logGet(43)) - raft.server.log.purge.gap = 1000000 (custom)
2019-08-29 09:08:43,164 [pool-483-thread-1] INFO  server.RaftServerConfigKeys (ConfUtils.java:logGet(43)) - raft.server.log.appender.buffer.byte-limit = 33554432 (custom)
2019-08-29 09:08:43,165 [pool-483-thread-1] INFO  server.RaftServerConfigKeys (ConfUtils.java:logGet(43)) - raft.server.log.segment.size.max = 1048576 (custom)
2019-08-29 09:08:43,165 [pool-483-thread-1] INFO  server.RaftServerConfigKeys (ConfUtils.java:logGet(43)) - raft.server.log.segment.cache.num.max = 2 (custom)
2019-08-29 09:08:43,165 [pool-483-thread-1] INFO  segmented.SegmentedRaftLogWorker (SegmentedRaftLogWorker.java:<init>(172)) - new 4a185089-c3e3-4847-8da3-ffacd891fd5e-SegmentedRaftLogWorker:Storage Directory /workdir/hadoop-ozone/integration-test/target/test-dir/MiniOzoneClusterImpl-aa62adee-2aa8-4926-b259-289a460ec817/datanode-4/data/ratis/f65cd314-c1a5-469f-9557-d0244731d3ed for RaftStorage:Storage Directory /workdir/hadoop-ozone/integration-test/target/test-dir/MiniOzoneClusterImpl-aa62adee-2aa8-4926-b259-289a460ec817/datanode-4/data/ratis/f65cd314-c1a5-469f-9557-d0244731d3ed
2019-08-29 09:08:43,165 [pool-483-thread-1] INFO  server.RaftServerConfigKeys (ConfUtils.java:logGet(43)) - raft.server.log.queue.byte-limit = 2147483647 (custom)
2019-08-29 09:08:43,165 [pool-483-thread-1] INFO  server.RaftServerConfigKeys (ConfUtils.java:logGet(43)) - raft.server.log.queue.element-limit = 1024 (custom)
2019-08-29 09:08:43,166 [pool-483-thread-1] INFO  server.RaftServerConfigKeys (ConfUtils.java:logGet(43)) - raft.server.log.segment.size.max = 1048576 (custom)
2019-08-29 09:08:43,166 [pool-483-thread-1] INFO  server.RaftServerConfigKeys (ConfUtils.java:logGet(43)) - raft.server.log.preallocated.size = 16384 (custom)
2019-08-29 09:08:43,166 [pool-483-thread-1] INFO  server.RaftServerConfigKeys (ConfUtils.java:logGet(43)) - raft.server.log.write.buffer.size = 33554432 (custom)
2019-08-29 09:08:43,166 [pool-483-thread-1] INFO  server.RaftServerConfigKeys (ConfUtils.java:logGet(43)) - raft.server.log.force.sync.num = 128 (default)
2019-08-29 09:08:43,166 [pool-483-thread-1] INFO  server.RaftServerConfigKeys (ConfUtils.java:logGet(43)) - raft.server.log.statemachine.data.sync = true (default)
2019-08-29 09:08:43,166 [pool-483-thread-1] INFO  server.RaftServerConfigKeys (ConfUtils.java:logGet(43)) - raft.server.log.statemachine.data.sync.timeout = 10s (default)
2019-08-29 09:08:43,166 [pool-483-thread-1] INFO  server.RaftServerConfigKeys (ConfUtils.java:logGet(43)) - raft.server.log.statemachine.data.sync.timeout.retry = -1 (default)
2019-08-29 09:08:43,167 [pool-483-thread-1] INFO  server.RaftServerConfigKeys (ConfUtils.java:logGet(43)) - raft.server.log.statemachine.data.caching.enabled = true (custom)
2019-08-29 09:08:43,167 [pool-483-thread-1] INFO  segmented.SegmentedRaftLogWorker (SegmentedRaftLogWorker.java:lambda$new$0(132)) - 4a185089-c3e3-4847-8da3-ffacd891fd5e-SegmentedRaftLogWorker:Storage Directory /workdir/hadoop-ozone/integration-test/target/test-dir/MiniOzoneClusterImpl-aa62adee-2aa8-4926-b259-289a460ec817/datanode-4/data/ratis/f65cd314-c1a5-469f-9557-d0244731d3ed: flushIndex: setUnconditionally 0 -> -1
2019-08-29 09:08:43,167 [pool-483-thread-1] INFO  server.RaftServerConfigKeys (ConfUtils.java:logGet(43)) - raft.server.snapshot.auto.trigger.enabled = true (custom)
2019-08-29 09:08:43,168 [pool-483-thread-1] INFO  server.RaftServerConfigKeys (ConfUtils.java:logGet(43)) - raft.server.snapshot.auto.trigger.threshold = 10000 (custom)
2019-08-29 09:08:43,168 [pool-483-thread-1] INFO  server.RaftServerConfigKeys (ConfUtils.java:logGet(43)) - raft.server.retrycache.expirytime = 600000ms (custom)
2019-08-29 09:08:43,168 [pool-483-thread-1] INFO  impl.RaftServerImpl (RaftServerImpl.java:start(180)) - 4a185089-c3e3-4847-8da3-ffacd891fd5e: start group-D0244731D3ED
2019-08-29 09:08:43,168 [pool-483-thread-1] INFO  impl.RaftServerImpl (RaftServerImpl.java:setRole(171)) - 4a185089-c3e3-4847-8da3-ffacd891fd5e:group-D0244731D3ED changes role from null to FOLLOWER at term 0 for startAsFollower
2019-08-29 09:08:43,168 [pool-483-thread-1] INFO  impl.RoleInfo (RoleInfo.java:updateAndGet(143)) - 4a185089-c3e3-4847-8da3-ffacd891fd5e: start FollowerState
2019-08-29 09:08:43,169 [pool-483-thread-1] INFO  util.JmxRegister (JmxRegister.java:tryRegister(44)) - Successfully registered JMX Bean with object name Ratis:service=RaftServer,group=group-D0244731D3ED,id=4a185089-c3e3-4847-8da3-ffacd891fd5e
2019-08-29 09:08:43,174 [RatisPipelineUtilsThread] INFO  pipeline.PipelineStateManager (PipelineStateManager.java:addPipeline(56)) - Created pipeline Pipeline[ Id: f65cd314-c1a5-469f-9557-d0244731d3ed, Nodes: 4a185089-c3e3-4847-8da3-ffacd891fd5e{ip: 192.168.69.90, host: pr-hdds-2030-6zpjw-50391877, networkLocation: /default-rack, certSerialId: null}, Type:RATIS, Factor:ONE, State:OPEN]
2019-08-29 09:08:43,182 [grpc-default-executor-9] INFO  impl.RaftServerProxy (RaftServerProxy.java:addNew(89)) - 89389896-6107-44d3-8107-f3dd9a061ca0: addNew group-0BD182A58895:[89389896-6107-44d3-8107-f3dd9a061ca0:192.168.69.90:35768] returns group-0BD182A58895:java.util.concurrent.CompletableFuture@4db912c4[Not completed]
2019-08-29 09:08:43,183 [pool-494-thread-1] INFO  impl.RaftServerImpl (RaftServerImpl.java:<init>(93)) - 89389896-6107-44d3-8107-f3dd9a061ca0: new RaftServerImpl for group-0BD182A58895:[89389896-6107-44d3-8107-f3dd9a061ca0:192.168.69.90:35768] with ContainerStateMachine:uninitialized
2019-08-29 09:08:43,183 [pool-494-thread-1] INFO  server.RaftServerConfigKeys (ConfUtils.java:logGet(43)) - raft.server.rpc.timeout.min = 5s (custom)
2019-08-29 09:08:43,183 [pool-494-thread-1] INFO  server.RaftServerConfigKeys (ConfUtils.java:logGet(43)) - raft.server.rpc.timeout.max = 5200ms (custom)
2019-08-29 09:08:43,183 [pool-494-thread-1] INFO  server.RaftServerConfigKeys (ConfUtils.java:logGet(43)) - raft.server.rpcslowness.timeout = 120s (custom)
2019-08-29 09:08:43,183 [pool-494-thread-1] INFO  server.RaftServerConfigKeys (ConfUtils.java:logGet(43)) - raft.server.sleep.deviation.threshold = 300 (default)
2019-08-29 09:08:43,183 [pool-494-thread-1] INFO  server.RaftServerConfigKeys (ConfUtils.java:logGet(43)) - raft.server.log.appender.install.snapshot.enabled = false (custom)
2019-08-29 09:08:43,184 [pool-494-thread-1] INFO  impl.RaftServerImpl (ServerState.java:<init>(105)) - 89389896-6107-44d3-8107-f3dd9a061ca0:group-0BD182A58895 ConfigurationManager, init=-1: [89389896-6107-44d3-8107-f3dd9a061ca0:192.168.69.90:35768], old=null, confs=<EMPTY_MAP>
2019-08-29 09:08:43,184 [pool-494-thread-1] INFO  server.RaftServerConfigKeys (ConfUtils.java:logGet(43)) - raft.server.storage.dir = [/workdir/hadoop-ozone/integration-test/target/test-dir/MiniOzoneClusterImpl-aa62adee-2aa8-4926-b259-289a460ec817/datanode-5/data/ratis] (custom)
2019-08-29 09:08:43,184 [pool-494-thread-1] INFO  storage.RaftStorageDirectory (RaftStorageDirectory.java:analyzeStorage(246)) - The storage directory /workdir/hadoop-ozone/integration-test/target/test-dir/MiniOzoneClusterImpl-aa62adee-2aa8-4926-b259-289a460ec817/datanode-5/data/ratis/b0138b18-d193-4db8-b8d5-0bd182a58895 does not exist. Creating ...
2019-08-29 09:08:43,202 [pool-494-thread-1] INFO  storage.RaftStorageDirectory (RaftStorageDirectory.java:tryLock(328)) - Lock on /workdir/hadoop-ozone/integration-test/target/test-dir/MiniOzoneClusterImpl-aa62adee-2aa8-4926-b259-289a460ec817/datanode-5/data/ratis/b0138b18-d193-4db8-b8d5-0bd182a58895/in_use.lock acquired by nodename 16104@pr-hdds-2030-6zpjw-50391877
2019-08-29 09:08:43,216 [pool-494-thread-1] INFO  storage.RaftStorage (RaftStorage.java:format(72)) - Storage directory /workdir/hadoop-ozone/integration-test/target/test-dir/MiniOzoneClusterImpl-aa62adee-2aa8-4926-b259-289a460ec817/datanode-5/data/ratis/b0138b18-d193-4db8-b8d5-0bd182a58895 has been successfully formatted.
2019-08-29 09:08:43,216 [pool-494-thread-1] INFO  ratis.ContainerStateMachine (ContainerStateMachine.java:loadSnapshot(226)) - group-0BD182A58895: The snapshot info is null. Setting the last applied indexto:(t:0, i:~)
2019-08-29 09:08:43,216 [pool-494-thread-1] INFO  server.RaftServerConfigKeys (ConfUtils.java:logGet(43)) - raft.server.leader.election.timeout = 120s (custom)
2019-08-29 09:08:43,216 [pool-494-thread-1] INFO  server.RaftServerConfigKeys (ConfUtils.java:logGet(43)) - raft.server.log.use.memory = false (default)
2019-08-29 09:08:43,216 [pool-494-thread-1] INFO  server.RaftServerConfigKeys (ConfUtils.java:logGet(43)) - raft.server.log.purge.gap = 1000000 (custom)
2019-08-29 09:08:43,216 [pool-494-thread-1] INFO  server.RaftServerConfigKeys (ConfUtils.java:logGet(43)) - raft.server.log.appender.buffer.byte-limit = 33554432 (custom)
2019-08-29 09:08:43,216 [pool-494-thread-1] INFO  server.RaftServerConfigKeys (ConfUtils.java:logGet(43)) - raft.server.log.segment.size.max = 1048576 (custom)
2019-08-29 09:08:43,217 [pool-494-thread-1] INFO  server.RaftServerConfigKeys (ConfUtils.java:logGet(43)) - raft.server.log.segment.cache.num.max = 2 (custom)
2019-08-29 09:08:43,217 [pool-494-thread-1] INFO  segmented.SegmentedRaftLogWorker (SegmentedRaftLogWorker.java:<init>(172)) - new 89389896-6107-44d3-8107-f3dd9a061ca0-SegmentedRaftLogWorker:Storage Directory /workdir/hadoop-ozone/integration-test/target/test-dir/MiniOzoneClusterImpl-aa62adee-2aa8-4926-b259-289a460ec817/datanode-5/data/ratis/b0138b18-d193-4db8-b8d5-0bd182a58895 for RaftStorage:Storage Directory /workdir/hadoop-ozone/integration-test/target/test-dir/MiniOzoneClusterImpl-aa62adee-2aa8-4926-b259-289a460ec817/datanode-5/data/ratis/b0138b18-d193-4db8-b8d5-0bd182a58895
2019-08-29 09:08:43,217 [pool-494-thread-1] INFO  server.RaftServerConfigKeys (ConfUtils.java:logGet(43)) - raft.server.log.queue.byte-limit = 2147483647 (custom)
2019-08-29 09:08:43,217 [pool-494-thread-1] INFO  server.RaftServerConfigKeys (ConfUtils.java:logGet(43)) - raft.server.log.queue.element-limit = 1024 (custom)
2019-08-29 09:08:43,217 [pool-494-thread-1] INFO  server.RaftServerConfigKeys (ConfUtils.java:logGet(43)) - raft.server.log.segment.size.max = 1048576 (custom)
2019-08-29 09:08:43,217 [pool-494-thread-1] INFO  server.RaftServerConfigKeys (ConfUtils.java:logGet(43)) - raft.server.log.preallocated.size = 16384 (custom)
2019-08-29 09:08:43,217 [pool-494-thread-1] INFO  server.RaftServerConfigKeys (ConfUtils.java:logGet(43)) - raft.server.log.write.buffer.size = 33554432 (custom)
2019-08-29 09:08:43,217 [pool-494-thread-1] INFO  server.RaftServerConfigKeys (ConfUtils.java:logGet(43)) - raft.server.log.force.sync.num = 128 (default)
2019-08-29 09:08:43,218 [pool-494-thread-1] INFO  server.RaftServerConfigKeys (ConfUtils.java:logGet(43)) - raft.server.log.statemachine.data.sync = true (default)
2019-08-29 09:08:43,218 [pool-494-thread-1] INFO  server.RaftServerConfigKeys (ConfUtils.java:logGet(43)) - raft.server.log.statemachine.data.sync.timeout = 10s (default)
2019-08-29 09:08:43,218 [pool-494-thread-1] INFO  server.RaftServerConfigKeys (ConfUtils.java:logGet(43)) - raft.server.log.statemachine.data.sync.timeout.retry = -1 (default)
2019-08-29 09:08:43,218 [pool-494-thread-1] INFO  server.RaftServerConfigKeys (ConfUtils.java:logGet(43)) - raft.server.log.statemachine.data.caching.enabled = true (custom)
2019-08-29 09:08:43,218 [pool-494-thread-1] INFO  segmented.SegmentedRaftLogWorker (SegmentedRaftLogWorker.java:lambda$new$0(132)) - 89389896-6107-44d3-8107-f3dd9a061ca0-SegmentedRaftLogWorker:Storage Directory /workdir/hadoop-ozone/integration-test/target/test-dir/MiniOzoneClusterImpl-aa62adee-2aa8-4926-b259-289a460ec817/datanode-5/data/ratis/b0138b18-d193-4db8-b8d5-0bd182a58895: flushIndex: setUnconditionally 0 -> -1
2019-08-29 09:08:43,219 [pool-494-thread-1] INFO  server.RaftServerConfigKeys (ConfUtils.java:logGet(43)) - raft.server.snapshot.auto.trigger.enabled = true (custom)
2019-08-29 09:08:43,219 [pool-494-thread-1] INFO  server.RaftServerConfigKeys (ConfUtils.java:logGet(43)) - raft.server.snapshot.auto.trigger.threshold = 10000 (custom)
2019-08-29 09:08:43,219 [pool-494-thread-1] INFO  server.RaftServerConfigKeys (ConfUtils.java:logGet(43)) - raft.server.retrycache.expirytime = 600000ms (custom)
2019-08-29 09:08:43,219 [pool-494-thread-1] INFO  impl.RaftServerImpl (RaftServerImpl.java:start(180)) - 89389896-6107-44d3-8107-f3dd9a061ca0: start group-0BD182A58895
2019-08-29 09:08:43,219 [pool-494-thread-1] INFO  impl.RaftServerImpl (RaftServerImpl.java:setRole(171)) - 89389896-6107-44d3-8107-f3dd9a061ca0:group-0BD182A58895 changes role from null to FOLLOWER at term 0 for startAsFollower
2019-08-29 09:08:43,219 [pool-494-thread-1] INFO  impl.RoleInfo (RoleInfo.java:updateAndGet(143)) - 89389896-6107-44d3-8107-f3dd9a061ca0: start FollowerState
2019-08-29 09:08:43,220 [pool-494-thread-1] INFO  util.JmxRegister (JmxRegister.java:tryRegister(44)) - Successfully registered JMX Bean with object name Ratis:service=RaftServer,group=group-0BD182A58895,id=89389896-6107-44d3-8107-f3dd9a061ca0
2019-08-29 09:08:43,224 [RatisPipelineUtilsThread] INFO  pipeline.PipelineStateManager (PipelineStateManager.java:addPipeline(56)) - Created pipeline Pipeline[ Id: b0138b18-d193-4db8-b8d5-0bd182a58895, Nodes: 89389896-6107-44d3-8107-f3dd9a061ca0{ip: 192.168.69.90, host: pr-hdds-2030-6zpjw-50391877, networkLocation: /default-rack, certSerialId: null}, Type:RATIS, Factor:ONE, State:OPEN]
2019-08-29 09:08:43,235 [grpc-default-executor-5] INFO  impl.RaftServerProxy (RaftServerProxy.java:addNew(89)) - 90376809-6c3e-4bbd-b4c1-5f430b81f277: addNew group-2DFE7DEBA6BF:[89389896-6107-44d3-8107-f3dd9a061ca0:192.168.69.90:35768, 90376809-6c3e-4bbd-b4c1-5f430b81f277:192.168.69.90:39110, 4a185089-c3e3-4847-8da3-ffacd891fd5e:192.168.69.90:37623] returns group-2DFE7DEBA6BF:java.util.concurrent.CompletableFuture@5cb186c9[Not completed]
2019-08-29 09:08:43,235 [grpc-default-executor-8] INFO  impl.RaftServerProxy (RaftServerProxy.java:addNew(89)) - 4a185089-c3e3-4847-8da3-ffacd891fd5e: addNew group-2DFE7DEBA6BF:[89389896-6107-44d3-8107-f3dd9a061ca0:192.168.69.90:35768, 90376809-6c3e-4bbd-b4c1-5f430b81f277:192.168.69.90:39110, 4a185089-c3e3-4847-8da3-ffacd891fd5e:192.168.69.90:37623] returns group-2DFE7DEBA6BF:java.util.concurrent.CompletableFuture@2ae5bb1d[Not completed]
2019-08-29 09:08:43,235 [grpc-default-executor-9] INFO  impl.RaftServerProxy (RaftServerProxy.java:addNew(89)) - 89389896-6107-44d3-8107-f3dd9a061ca0: addNew group-2DFE7DEBA6BF:[89389896-6107-44d3-8107-f3dd9a061ca0:192.168.69.90:35768, 90376809-6c3e-4bbd-b4c1-5f430b81f277:192.168.69.90:39110, 4a185089-c3e3-4847-8da3-ffacd891fd5e:192.168.69.90:37623] returns group-2DFE7DEBA6BF:java.util.concurrent.CompletableFuture@35fe854c[Not completed]
2019-08-29 09:08:43,236 [pool-483-thread-1] INFO  impl.RaftServerImpl (RaftServerImpl.java:<init>(93)) - 4a185089-c3e3-4847-8da3-ffacd891fd5e: new RaftServerImpl for group-2DFE7DEBA6BF:[89389896-6107-44d3-8107-f3dd9a061ca0:192.168.69.90:35768, 90376809-6c3e-4bbd-b4c1-5f430b81f277:192.168.69.90:39110, 4a185089-c3e3-4847-8da3-ffacd891fd5e:192.168.69.90:37623] with ContainerStateMachine:uninitialized
2019-08-29 09:08:43,236 [pool-483-thread-1] INFO  server.RaftServerConfigKeys (ConfUtils.java:logGet(43)) - raft.server.rpc.timeout.min = 5s (custom)
2019-08-29 09:08:43,236 [pool-483-thread-1] INFO  server.RaftServerConfigKeys (ConfUtils.java:logGet(43)) - raft.server.rpc.timeout.max = 5200ms (custom)
2019-08-29 09:08:43,236 [pool-472-thread-1] INFO  impl.RaftServerImpl (RaftServerImpl.java:<init>(93)) - 90376809-6c3e-4bbd-b4c1-5f430b81f277: new RaftServerImpl for group-2DFE7DEBA6BF:[89389896-6107-44d3-8107-f3dd9a061ca0:192.168.69.90:35768, 90376809-6c3e-4bbd-b4c1-5f430b81f277:192.168.69.90:39110, 4a185089-c3e3-4847-8da3-ffacd891fd5e:192.168.69.90:37623] with ContainerStateMachine:uninitialized
2019-08-29 09:08:43,236 [pool-483-thread-1] INFO  server.RaftServerConfigKeys (ConfUtils.java:logGet(43)) - raft.server.rpcslowness.timeout = 120s (custom)
2019-08-29 09:08:43,236 [pool-472-thread-1] INFO  server.RaftServerConfigKeys (ConfUtils.java:logGet(43)) - raft.server.rpc.timeout.min = 5s (custom)
2019-08-29 09:08:43,237 [pool-483-thread-1] INFO  server.RaftServerConfigKeys (ConfUtils.java:logGet(43)) - raft.server.sleep.deviation.threshold = 300 (default)
2019-08-29 09:08:43,237 [pool-494-thread-1] INFO  impl.RaftServerImpl (RaftServerImpl.java:<init>(93)) - 89389896-6107-44d3-8107-f3dd9a061ca0: new RaftServerImpl for group-2DFE7DEBA6BF:[89389896-6107-44d3-8107-f3dd9a061ca0:192.168.69.90:35768, 90376809-6c3e-4bbd-b4c1-5f430b81f277:192.168.69.90:39110, 4a185089-c3e3-4847-8da3-ffacd891fd5e:192.168.69.90:37623] with ContainerStateMachine:uninitialized
2019-08-29 09:08:43,237 [pool-483-thread-1] INFO  server.RaftServerConfigKeys (ConfUtils.java:logGet(43)) - raft.server.log.appender.install.snapshot.enabled = false (custom)
2019-08-29 09:08:43,237 [pool-472-thread-1] INFO  server.RaftServerConfigKeys (ConfUtils.java:logGet(43)) - raft.server.rpc.timeout.max = 5200ms (custom)
2019-08-29 09:08:43,237 [pool-483-thread-1] INFO  impl.RaftServerImpl (ServerState.java:<init>(105)) - 4a185089-c3e3-4847-8da3-ffacd891fd5e:group-2DFE7DEBA6BF ConfigurationManager, init=-1: [89389896-6107-44d3-8107-f3dd9a061ca0:192.168.69.90:35768, 90376809-6c3e-4bbd-b4c1-5f430b81f277:192.168.69.90:39110, 4a185089-c3e3-4847-8da3-ffacd891fd5e:192.168.69.90:37623], old=null, confs=<EMPTY_MAP>
2019-08-29 09:08:43,237 [pool-494-thread-1] INFO  server.RaftServerConfigKeys (ConfUtils.java:logGet(43)) - raft.server.rpc.timeout.min = 5s (custom)
2019-08-29 09:08:43,237 [pool-483-thread-1] INFO  server.RaftServerConfigKeys (ConfUtils.java:logGet(43)) - raft.server.storage.dir = [/workdir/hadoop-ozone/integration-test/target/test-dir/MiniOzoneClusterImpl-aa62adee-2aa8-4926-b259-289a460ec817/datanode-4/data/ratis] (custom)
2019-08-29 09:08:43,237 [pool-472-thread-1] INFO  server.RaftServerConfigKeys (ConfUtils.java:logGet(43)) - raft.server.rpcslowness.timeout = 120s (custom)
2019-08-29 09:08:43,237 [pool-494-thread-1] INFO  server.RaftServerConfigKeys (ConfUtils.java:logGet(43)) - raft.server.rpc.timeout.max = 5200ms (custom)
2019-08-29 09:08:43,237 [pool-472-thread-1] INFO  server.RaftServerConfigKeys (ConfUtils.java:logGet(43)) - raft.server.sleep.deviation.threshold = 300 (default)
2019-08-29 09:08:43,238 [pool-483-thread-1] INFO  storage.RaftStorageDirectory (RaftStorageDirectory.java:analyzeStorage(246)) - The storage directory /workdir/hadoop-ozone/integration-test/target/test-dir/MiniOzoneClusterImpl-aa62adee-2aa8-4926-b259-289a460ec817/datanode-4/data/ratis/4576684e-eadb-4561-94e1-2dfe7deba6bf does not exist. Creating ...
2019-08-29 09:08:43,237 [pool-494-thread-1] INFO  server.RaftServerConfigKeys (ConfUtils.java:logGet(43)) - raft.server.rpcslowness.timeout = 120s (custom)
2019-08-29 09:08:43,238 [pool-472-thread-1] INFO  server.RaftServerConfigKeys (ConfUtils.java:logGet(43)) - raft.server.log.appender.install.snapshot.enabled = false (custom)
2019-08-29 09:08:43,238 [pool-494-thread-1] INFO  server.RaftServerConfigKeys (ConfUtils.java:logGet(43)) - raft.server.sleep.deviation.threshold = 300 (default)
2019-08-29 09:08:43,238 [pool-472-thread-1] INFO  impl.RaftServerImpl (ServerState.java:<init>(105)) - 90376809-6c3e-4bbd-b4c1-5f430b81f277:group-2DFE7DEBA6BF ConfigurationManager, init=-1: [89389896-6107-44d3-8107-f3dd9a061ca0:192.168.69.90:35768, 90376809-6c3e-4bbd-b4c1-5f430b81f277:192.168.69.90:39110, 4a185089-c3e3-4847-8da3-ffacd891fd5e:192.168.69.90:37623], old=null, confs=<EMPTY_MAP>
2019-08-29 09:08:43,238 [pool-494-thread-1] INFO  server.RaftServerConfigKeys (ConfUtils.java:logGet(43)) - raft.server.log.appender.install.snapshot.enabled = false (custom)
2019-08-29 09:08:43,238 [pool-472-thread-1] INFO  server.RaftServerConfigKeys (ConfUtils.java:logGet(43)) - raft.server.storage.dir = [/workdir/hadoop-ozone/integration-test/target/test-dir/MiniOzoneClusterImpl-aa62adee-2aa8-4926-b259-289a460ec817/datanode-3/data/ratis] (custom)
2019-08-29 09:08:43,238 [pool-494-thread-1] INFO  impl.RaftServerImpl (ServerState.java:<init>(105)) - 89389896-6107-44d3-8107-f3dd9a061ca0:group-2DFE7DEBA6BF ConfigurationManager, init=-1: [89389896-6107-44d3-8107-f3dd9a061ca0:192.168.69.90:35768, 90376809-6c3e-4bbd-b4c1-5f430b81f277:192.168.69.90:39110, 4a185089-c3e3-4847-8da3-ffacd891fd5e:192.168.69.90:37623], old=null, confs=<EMPTY_MAP>
2019-08-29 09:08:43,238 [pool-494-thread-1] INFO  server.RaftServerConfigKeys (ConfUtils.java:logGet(43)) - raft.server.storage.dir = [/workdir/hadoop-ozone/integration-test/target/test-dir/MiniOzoneClusterImpl-aa62adee-2aa8-4926-b259-289a460ec817/datanode-5/data/ratis] (custom)
2019-08-29 09:08:43,238 [pool-472-thread-1] INFO  storage.RaftStorageDirectory (RaftStorageDirectory.java:analyzeStorage(246)) - The storage directory /workdir/hadoop-ozone/integration-test/target/test-dir/MiniOzoneClusterImpl-aa62adee-2aa8-4926-b259-289a460ec817/datanode-3/data/ratis/4576684e-eadb-4561-94e1-2dfe7deba6bf does not exist. Creating ...
2019-08-29 09:08:43,239 [pool-494-thread-1] INFO  storage.RaftStorageDirectory (RaftStorageDirectory.java:analyzeStorage(246)) - The storage directory /workdir/hadoop-ozone/integration-test/target/test-dir/MiniOzoneClusterImpl-aa62adee-2aa8-4926-b259-289a460ec817/datanode-5/data/ratis/4576684e-eadb-4561-94e1-2dfe7deba6bf does not exist. Creating ...
2019-08-29 09:08:43,251 [pool-494-thread-1] INFO  storage.RaftStorageDirectory (RaftStorageDirectory.java:tryLock(328)) - Lock on /workdir/hadoop-ozone/integration-test/target/test-dir/MiniOzoneClusterImpl-aa62adee-2aa8-4926-b259-289a460ec817/datanode-5/data/ratis/4576684e-eadb-4561-94e1-2dfe7deba6bf/in_use.lock acquired by nodename 16104@pr-hdds-2030-6zpjw-50391877
2019-08-29 09:08:43,251 [pool-483-thread-1] INFO  storage.RaftStorageDirectory (RaftStorageDirectory.java:tryLock(328)) - Lock on /workdir/hadoop-ozone/integration-test/target/test-dir/MiniOzoneClusterImpl-aa62adee-2aa8-4926-b259-289a460ec817/datanode-4/data/ratis/4576684e-eadb-4561-94e1-2dfe7deba6bf/in_use.lock acquired by nodename 16104@pr-hdds-2030-6zpjw-50391877
2019-08-29 09:08:43,251 [pool-472-thread-1] INFO  storage.RaftStorageDirectory (RaftStorageDirectory.java:tryLock(328)) - Lock on /workdir/hadoop-ozone/integration-test/target/test-dir/MiniOzoneClusterImpl-aa62adee-2aa8-4926-b259-289a460ec817/datanode-3/data/ratis/4576684e-eadb-4561-94e1-2dfe7deba6bf/in_use.lock acquired by nodename 16104@pr-hdds-2030-6zpjw-50391877
2019-08-29 09:08:43,298 [pool-483-thread-1] INFO  storage.RaftStorage (RaftStorage.java:format(72)) - Storage directory /workdir/hadoop-ozone/integration-test/target/test-dir/MiniOzoneClusterImpl-aa62adee-2aa8-4926-b259-289a460ec817/datanode-4/data/ratis/4576684e-eadb-4561-94e1-2dfe7deba6bf has been successfully formatted.
2019-08-29 09:08:43,298 [pool-472-thread-1] INFO  storage.RaftStorage (RaftStorage.java:format(72)) - Storage directory /workdir/hadoop-ozone/integration-test/target/test-dir/MiniOzoneClusterImpl-aa62adee-2aa8-4926-b259-289a460ec817/datanode-3/data/ratis/4576684e-eadb-4561-94e1-2dfe7deba6bf has been successfully formatted.
2019-08-29 09:08:43,298 [pool-494-thread-1] INFO  storage.RaftStorage (RaftStorage.java:format(72)) - Storage directory /workdir/hadoop-ozone/integration-test/target/test-dir/MiniOzoneClusterImpl-aa62adee-2aa8-4926-b259-289a460ec817/datanode-5/data/ratis/4576684e-eadb-4561-94e1-2dfe7deba6bf has been successfully formatted.
2019-08-29 09:08:43,298 [pool-472-thread-1] INFO  ratis.ContainerStateMachine (ContainerStateMachine.java:loadSnapshot(226)) - group-2DFE7DEBA6BF: The snapshot info is null. Setting the last applied indexto:(t:0, i:~)
2019-08-29 09:08:43,298 [pool-483-thread-1] INFO  ratis.ContainerStateMachine (ContainerStateMachine.java:loadSnapshot(226)) - group-2DFE7DEBA6BF: The snapshot info is null. Setting the last applied indexto:(t:0, i:~)
2019-08-29 09:08:43,298 [pool-472-thread-1] INFO  server.RaftServerConfigKeys (ConfUtils.java:logGet(43)) - raft.server.leader.election.timeout = 120s (custom)
2019-08-29 09:08:43,298 [pool-494-thread-1] INFO  ratis.ContainerStateMachine (ContainerStateMachine.java:loadSnapshot(226)) - group-2DFE7DEBA6BF: The snapshot info is null. Setting the last applied indexto:(t:0, i:~)
2019-08-29 09:08:43,298 [pool-472-thread-1] INFO  server.RaftServerConfigKeys (ConfUtils.java:logGet(43)) - raft.server.log.use.memory = false (default)
2019-08-29 09:08:43,298 [pool-483-thread-1] INFO  server.RaftServerConfigKeys (ConfUtils.java:logGet(43)) - raft.server.leader.election.timeout = 120s (custom)
2019-08-29 09:08:43,299 [pool-472-thread-1] INFO  server.RaftServerConfigKeys (ConfUtils.java:logGet(43)) - raft.server.log.purge.gap = 1000000 (custom)
2019-08-29 09:08:43,298 [pool-494-thread-1] INFO  server.RaftServerConfigKeys (ConfUtils.java:logGet(43)) - raft.server.leader.election.timeout = 120s (custom)
2019-08-29 09:08:43,299 [pool-472-thread-1] INFO  server.RaftServerConfigKeys (ConfUtils.java:logGet(43)) - raft.server.log.appender.buffer.byte-limit = 33554432 (custom)
2019-08-29 09:08:43,299 [pool-483-thread-1] INFO  server.RaftServerConfigKeys (ConfUtils.java:logGet(43)) - raft.server.log.use.memory = false (default)
2019-08-29 09:08:43,299 [pool-472-thread-1] INFO  server.RaftServerConfigKeys (ConfUtils.java:logGet(43)) - raft.server.log.segment.size.max = 1048576 (custom)
2019-08-29 09:08:43,299 [pool-494-thread-1] INFO  server.RaftServerConfigKeys (ConfUtils.java:logGet(43)) - raft.server.log.use.memory = false (default)
2019-08-29 09:08:43,299 [pool-472-thread-1] INFO  server.RaftServerConfigKeys (ConfUtils.java:logGet(43)) - raft.server.log.segment.cache.num.max = 2 (custom)
2019-08-29 09:08:43,299 [pool-483-thread-1] INFO  server.RaftServerConfigKeys (ConfUtils.java:logGet(43)) - raft.server.log.purge.gap = 1000000 (custom)
2019-08-29 09:08:43,299 [pool-472-thread-1] INFO  segmented.SegmentedRaftLogWorker (SegmentedRaftLogWorker.java:<init>(172)) - new 90376809-6c3e-4bbd-b4c1-5f430b81f277-SegmentedRaftLogWorker:Storage Directory /workdir/hadoop-ozone/integration-test/target/test-dir/MiniOzoneClusterImpl-aa62adee-2aa8-4926-b259-289a460ec817/datanode-3/data/ratis/4576684e-eadb-4561-94e1-2dfe7deba6bf for RaftStorage:Storage Directory /workdir/hadoop-ozone/integration-test/target/test-dir/MiniOzoneClusterImpl-aa62adee-2aa8-4926-b259-289a460ec817/datanode-3/data/ratis/4576684e-eadb-4561-94e1-2dfe7deba6bf
2019-08-29 09:08:43,299 [pool-494-thread-1] INFO  server.RaftServerConfigKeys (ConfUtils.java:logGet(43)) - raft.server.log.purge.gap = 1000000 (custom)
2019-08-29 09:08:43,299 [pool-472-thread-1] INFO  server.RaftServerConfigKeys (ConfUtils.java:logGet(43)) - raft.server.log.queue.byte-limit = 2147483647 (custom)
2019-08-29 09:08:43,299 [pool-483-thread-1] INFO  server.RaftServerConfigKeys (ConfUtils.java:logGet(43)) - raft.server.log.appender.buffer.byte-limit = 33554432 (custom)
2019-08-29 09:08:43,300 [pool-472-thread-1] INFO  server.RaftServerConfigKeys (ConfUtils.java:logGet(43)) - raft.server.log.queue.element-limit = 1024 (custom)
2019-08-29 09:08:43,300 [pool-494-thread-1] INFO  server.RaftServerConfigKeys (ConfUtils.java:logGet(43)) - raft.server.log.appender.buffer.byte-limit = 33554432 (custom)
2019-08-29 09:08:43,300 [pool-472-thread-1] INFO  server.RaftServerConfigKeys (ConfUtils.java:logGet(43)) - raft.server.log.segment.size.max = 1048576 (custom)
2019-08-29 09:08:43,300 [pool-483-thread-1] INFO  server.RaftServerConfigKeys (ConfUtils.java:logGet(43)) - raft.server.log.segment.size.max = 1048576 (custom)
2019-08-29 09:08:43,300 [pool-472-thread-1] INFO  server.RaftServerConfigKeys (ConfUtils.java:logGet(43)) - raft.server.log.preallocated.size = 16384 (custom)
2019-08-29 09:08:43,300 [pool-494-thread-1] INFO  server.RaftServerConfigKeys (ConfUtils.java:logGet(43)) - raft.server.log.segment.size.max = 1048576 (custom)
2019-08-29 09:08:43,300 [pool-472-thread-1] INFO  server.RaftServerConfigKeys (ConfUtils.java:logGet(43)) - raft.server.log.write.buffer.size = 33554432 (custom)
2019-08-29 09:08:43,300 [pool-483-thread-1] INFO  server.RaftServerConfigKeys (ConfUtils.java:logGet(43)) - raft.server.log.segment.cache.num.max = 2 (custom)
2019-08-29 09:08:43,300 [pool-472-thread-1] INFO  server.RaftServerConfigKeys (ConfUtils.java:logGet(43)) - raft.server.log.force.sync.num = 128 (default)
2019-08-29 09:08:43,300 [pool-494-thread-1] INFO  server.RaftServerConfigKeys (ConfUtils.java:logGet(43)) - raft.server.log.segment.cache.num.max = 2 (custom)
2019-08-29 09:08:43,300 [pool-472-thread-1] INFO  server.RaftServerConfigKeys (ConfUtils.java:logGet(43)) - raft.server.log.statemachine.data.sync = true (default)
2019-08-29 09:08:43,300 [pool-483-thread-1] INFO  segmented.SegmentedRaftLogWorker (SegmentedRaftLogWorker.java:<init>(172)) - new 4a185089-c3e3-4847-8da3-ffacd891fd5e-SegmentedRaftLogWorker:Storage Directory /workdir/hadoop-ozone/integration-test/target/test-dir/MiniOzoneClusterImpl-aa62adee-2aa8-4926-b259-289a460ec817/datanode-4/data/ratis/4576684e-eadb-4561-94e1-2dfe7deba6bf for RaftStorage:Storage Directory /workdir/hadoop-ozone/integration-test/target/test-dir/MiniOzoneClusterImpl-aa62adee-2aa8-4926-b259-289a460ec817/datanode-4/data/ratis/4576684e-eadb-4561-94e1-2dfe7deba6bf
2019-08-29 09:08:43,301 [pool-472-thread-1] INFO  server.RaftServerConfigKeys (ConfUtils.java:logGet(43)) - raft.server.log.statemachine.data.sync.timeout = 10s (default)
2019-08-29 09:08:43,301 [pool-494-thread-1] INFO  segmented.SegmentedRaftLogWorker (SegmentedRaftLogWorker.java:<init>(172)) - new 89389896-6107-44d3-8107-f3dd9a061ca0-SegmentedRaftLogWorker:Storage Directory /workdir/hadoop-ozone/integration-test/target/test-dir/MiniOzoneClusterImpl-aa62adee-2aa8-4926-b259-289a460ec817/datanode-5/data/ratis/4576684e-eadb-4561-94e1-2dfe7deba6bf for RaftStorage:Storage Directory /workdir/hadoop-ozone/integration-test/target/test-dir/MiniOzoneClusterImpl-aa62adee-2aa8-4926-b259-289a460ec817/datanode-5/data/ratis/4576684e-eadb-4561-94e1-2dfe7deba6bf
2019-08-29 09:08:43,301 [pool-472-thread-1] INFO  server.RaftServerConfigKeys (ConfUtils.java:logGet(43)) - raft.server.log.statemachine.data.sync.timeout.retry = -1 (default)
2019-08-29 09:08:43,301 [pool-483-thread-1] INFO  server.RaftServerConfigKeys (ConfUtils.java:logGet(43)) - raft.server.log.queue.byte-limit = 2147483647 (custom)
2019-08-29 09:08:43,301 [pool-472-thread-1] INFO  server.RaftServerConfigKeys (ConfUtils.java:logGet(43)) - raft.server.log.statemachine.data.caching.enabled = true (custom)
2019-08-29 09:08:43,301 [pool-494-thread-1] INFO  server.RaftServerConfigKeys (ConfUtils.java:logGet(43)) - raft.server.log.queue.byte-limit = 2147483647 (custom)
2019-08-29 09:08:43,301 [pool-483-thread-1] INFO  server.RaftServerConfigKeys (ConfUtils.java:logGet(43)) - raft.server.log.queue.element-limit = 1024 (custom)
2019-08-29 09:08:43,301 [pool-472-thread-1] INFO  segmented.SegmentedRaftLogWorker (SegmentedRaftLogWorker.java:lambda$new$0(132)) - 90376809-6c3e-4bbd-b4c1-5f430b81f277-SegmentedRaftLogWorker:Storage Directory /workdir/hadoop-ozone/integration-test/target/test-dir/MiniOzoneClusterImpl-aa62adee-2aa8-4926-b259-289a460ec817/datanode-3/data/ratis/4576684e-eadb-4561-94e1-2dfe7deba6bf: flushIndex: setUnconditionally 0 -> -1
2019-08-29 09:08:43,301 [pool-494-thread-1] INFO  server.RaftServerConfigKeys (ConfUtils.java:logGet(43)) - raft.server.log.queue.element-limit = 1024 (custom)
2019-08-29 09:08:43,301 [pool-483-thread-1] INFO  server.RaftServerConfigKeys (ConfUtils.java:logGet(43)) - raft.server.log.segment.size.max = 1048576 (custom)
2019-08-29 09:08:43,302 [pool-494-thread-1] INFO  server.RaftServerConfigKeys (ConfUtils.java:logGet(43)) - raft.server.log.segment.size.max = 1048576 (custom)
2019-08-29 09:08:43,301 [pool-472-thread-1] INFO  server.RaftServerConfigKeys (ConfUtils.java:logGet(43)) - raft.server.snapshot.auto.trigger.enabled = true (custom)
2019-08-29 09:08:43,302 [pool-494-thread-1] INFO  server.RaftServerConfigKeys (ConfUtils.java:logGet(43)) - raft.server.log.preallocated.size = 16384 (custom)
2019-08-29 09:08:43,302 [pool-483-thread-1] INFO  server.RaftServerConfigKeys (ConfUtils.java:logGet(43)) - raft.server.log.preallocated.size = 16384 (custom)
2019-08-29 09:08:43,302 [pool-494-thread-1] INFO  server.RaftServerConfigKeys (ConfUtils.java:logGet(43)) - raft.server.log.write.buffer.size = 33554432 (custom)
2019-08-29 09:08:43,302 [pool-472-thread-1] INFO  server.RaftServerConfigKeys (ConfUtils.java:logGet(43)) - raft.server.snapshot.auto.trigger.threshold = 10000 (custom)
2019-08-29 09:08:43,302 [pool-494-thread-1] INFO  server.RaftServerConfigKeys (ConfUtils.java:logGet(43)) - raft.server.log.force.sync.num = 128 (default)
2019-08-29 09:08:43,302 [pool-483-thread-1] INFO  server.RaftServerConfigKeys (ConfUtils.java:logGet(43)) - raft.server.log.write.buffer.size = 33554432 (custom)
2019-08-29 09:08:43,302 [pool-494-thread-1] INFO  server.RaftServerConfigKeys (ConfUtils.java:logGet(43)) - raft.server.log.statemachine.data.sync = true (default)
2019-08-29 09:08:43,302 [pool-472-thread-1] INFO  server.RaftServerConfigKeys (ConfUtils.java:logGet(43)) - raft.server.retrycache.expirytime = 600000ms (custom)
2019-08-29 09:08:43,302 [pool-494-thread-1] INFO  server.RaftServerConfigKeys (ConfUtils.java:logGet(43)) - raft.server.log.statemachine.data.sync.timeout = 10s (default)
2019-08-29 09:08:43,302 [pool-483-thread-1] INFO  server.RaftServerConfigKeys (ConfUtils.java:logGet(43)) - raft.server.log.force.sync.num = 128 (default)
2019-08-29 09:08:43,302 [pool-494-thread-1] INFO  server.RaftServerConfigKeys (ConfUtils.java:logGet(43)) - raft.server.log.statemachine.data.sync.timeout.retry = -1 (default)
2019-08-29 09:08:43,302 [pool-472-thread-1] INFO  impl.RaftServerImpl (RaftServerImpl.java:start(180)) - 90376809-6c3e-4bbd-b4c1-5f430b81f277: start group-2DFE7DEBA6BF
2019-08-29 09:08:43,303 [pool-494-thread-1] INFO  server.RaftServerConfigKeys (ConfUtils.java:logGet(43)) - raft.server.log.statemachine.data.caching.enabled = true (custom)
2019-08-29 09:08:43,303 [pool-483-thread-1] INFO  server.RaftServerConfigKeys (ConfUtils.java:logGet(43)) - raft.server.log.statemachine.data.sync = true (default)
2019-08-29 09:08:43,303 [pool-472-thread-1] INFO  impl.RaftServerImpl (RaftServerImpl.java:setRole(171)) - 90376809-6c3e-4bbd-b4c1-5f430b81f277:group-2DFE7DEBA6BF changes role from null to FOLLOWER at term 0 for startAsFollower
2019-08-29 09:08:43,303 [pool-494-thread-1] INFO  segmented.SegmentedRaftLogWorker (SegmentedRaftLogWorker.java:lambda$new$0(132)) - 89389896-6107-44d3-8107-f3dd9a061ca0-SegmentedRaftLogWorker:Storage Directory /workdir/hadoop-ozone/integration-test/target/test-dir/MiniOzoneClusterImpl-aa62adee-2aa8-4926-b259-289a460ec817/datanode-5/data/ratis/4576684e-eadb-4561-94e1-2dfe7deba6bf: flushIndex: setUnconditionally 0 -> -1
2019-08-29 09:08:43,303 [pool-483-thread-1] INFO  server.RaftServerConfigKeys (ConfUtils.java:logGet(43)) - raft.server.log.statemachine.data.sync.timeout = 10s (default)
2019-08-29 09:08:43,303 [pool-472-thread-1] INFO  impl.RoleInfo (RoleInfo.java:updateAndGet(143)) - 90376809-6c3e-4bbd-b4c1-5f430b81f277: start FollowerState
2019-08-29 09:08:43,303 [pool-494-thread-1] INFO  server.RaftServerConfigKeys (ConfUtils.java:logGet(43)) - raft.server.snapshot.auto.trigger.enabled = true (custom)
2019-08-29 09:08:43,303 [pool-483-thread-1] INFO  server.RaftServerConfigKeys (ConfUtils.java:logGet(43)) - raft.server.log.statemachine.data.sync.timeout.retry = -1 (default)
2019-08-29 09:08:43,303 [pool-494-thread-1] INFO  server.RaftServerConfigKeys (ConfUtils.java:logGet(43)) - raft.server.snapshot.auto.trigger.threshold = 10000 (custom)
2019-08-29 09:08:43,303 [pool-472-thread-1] INFO  util.JmxRegister (JmxRegister.java:tryRegister(44)) - Successfully registered JMX Bean with object name Ratis:service=RaftServer,group=group-2DFE7DEBA6BF,id=90376809-6c3e-4bbd-b4c1-5f430b81f277
2019-08-29 09:08:43,303 [pool-483-thread-1] INFO  server.RaftServerConfigKeys (ConfUtils.java:logGet(43)) - raft.server.log.statemachine.data.caching.enabled = true (custom)
2019-08-29 09:08:43,304 [pool-494-thread-1] INFO  server.RaftServerConfigKeys (ConfUtils.java:logGet(43)) - raft.server.retrycache.expirytime = 600000ms (custom)
2019-08-29 09:08:43,304 [pool-483-thread-1] INFO  segmented.SegmentedRaftLogWorker (SegmentedRaftLogWorker.java:lambda$new$0(132)) - 4a185089-c3e3-4847-8da3-ffacd891fd5e-SegmentedRaftLogWorker:Storage Directory /workdir/hadoop-ozone/integration-test/target/test-dir/MiniOzoneClusterImpl-aa62adee-2aa8-4926-b259-289a460ec817/datanode-4/data/ratis/4576684e-eadb-4561-94e1-2dfe7deba6bf: flushIndex: setUnconditionally 0 -> -1
2019-08-29 09:08:43,304 [pool-494-thread-1] INFO  impl.RaftServerImpl (RaftServerImpl.java:start(180)) - 89389896-6107-44d3-8107-f3dd9a061ca0: start group-2DFE7DEBA6BF
2019-08-29 09:08:43,304 [pool-494-thread-1] INFO  impl.RaftServerImpl (RaftServerImpl.java:setRole(171)) - 89389896-6107-44d3-8107-f3dd9a061ca0:group-2DFE7DEBA6BF changes role from null to FOLLOWER at term 0 for startAsFollower
2019-08-29 09:08:43,304 [pool-483-thread-1] INFO  server.RaftServerConfigKeys (ConfUtils.java:logGet(43)) - raft.server.snapshot.auto.trigger.enabled = true (custom)
2019-08-29 09:08:43,304 [pool-494-thread-1] INFO  impl.RoleInfo (RoleInfo.java:updateAndGet(143)) - 89389896-6107-44d3-8107-f3dd9a061ca0: start FollowerState
2019-08-29 09:08:43,304 [pool-483-thread-1] INFO  server.RaftServerConfigKeys (ConfUtils.java:logGet(43)) - raft.server.snapshot.auto.trigger.threshold = 10000 (custom)
2019-08-29 09:08:43,304 [pool-483-thread-1] INFO  server.RaftServerConfigKeys (ConfUtils.java:logGet(43)) - raft.server.retrycache.expirytime = 600000ms (custom)
2019-08-29 09:08:43,304 [pool-494-thread-1] INFO  util.JmxRegister (JmxRegister.java:tryRegister(44)) - Successfully registered JMX Bean with object name Ratis:service=RaftServer,group=group-2DFE7DEBA6BF,id=89389896-6107-44d3-8107-f3dd9a061ca0
2019-08-29 09:08:43,304 [pool-483-thread-1] INFO  impl.RaftServerImpl (RaftServerImpl.java:start(180)) - 4a185089-c3e3-4847-8da3-ffacd891fd5e: start group-2DFE7DEBA6BF
2019-08-29 09:08:43,305 [pool-483-thread-1] INFO  impl.RaftServerImpl (RaftServerImpl.java:setRole(171)) - 4a185089-c3e3-4847-8da3-ffacd891fd5e:group-2DFE7DEBA6BF changes role from null to FOLLOWER at term 0 for startAsFollower
2019-08-29 09:08:43,305 [pool-483-thread-1] INFO  impl.RoleInfo (RoleInfo.java:updateAndGet(143)) - 4a185089-c3e3-4847-8da3-ffacd891fd5e: start FollowerState
2019-08-29 09:08:43,307 [pool-483-thread-1] INFO  util.JmxRegister (JmxRegister.java:tryRegister(44)) - Successfully registered JMX Bean with object name Ratis:service=RaftServer,group=group-2DFE7DEBA6BF,id=4a185089-c3e3-4847-8da3-ffacd891fd5e
2019-08-29 09:08:43,313 [RatisPipelineUtilsThread] INFO  pipeline.PipelineStateManager (PipelineStateManager.java:addPipeline(56)) - Created pipeline Pipeline[ Id: 4576684e-eadb-4561-94e1-2dfe7deba6bf, Nodes: 4a185089-c3e3-4847-8da3-ffacd891fd5e{ip: 192.168.69.90, host: pr-hdds-2030-6zpjw-50391877, networkLocation: /default-rack, certSerialId: null}89389896-6107-44d3-8107-f3dd9a061ca0{ip: 192.168.69.90, host: pr-hdds-2030-6zpjw-50391877, networkLocation: /default-rack, certSerialId: null}90376809-6c3e-4bbd-b4c1-5f430b81f277{ip: 192.168.69.90, host: pr-hdds-2030-6zpjw-50391877, networkLocation: /default-rack, certSerialId: null}, Type:RATIS, Factor:THREE, State:OPEN]
2019-08-29 09:08:43,320 [main] INFO  ozone.MiniOzoneClusterImpl (MiniOzoneClusterImpl.java:lambda$waitForClusterToBeReady$0(142)) - Waiting for cluster to be ready. Got 6 of 7 DN Heartbeats.
2019-08-29 09:08:43,320 [IPC Server handler 4 on 45560] INFO  net.NetworkTopology (NetworkTopologyImpl.java:add(110)) - Added a new node: /default-rack/857a8550-9455-4d64-9aa1-3b6e67bf160a
2019-08-29 09:08:43,320 [IPC Server handler 4 on 45560] INFO  node.SCMNodeManager (SCMNodeManager.java:register(273)) - Registered Data node : 857a8550-9455-4d64-9aa1-3b6e67bf160a{ip: 192.168.69.90, host: pr-hdds-2030-6zpjw-50391877, networkLocation: /default-rack, certSerialId: null}
2019-08-29 09:08:43,320 | INFO  | SCMAudit | user=jenkins1000 | ip=192.168.69.90 | op=REGISTER {datanodeDetails=857a8550-9455-4d64-9aa1-3b6e67bf160a{ip: 192.168.69.90, host: pr-hdds-2030-6zpjw-50391877, networkLocation: /default-rack, certSerialId: null}} | ret=SUCCESS |  
2019-08-29 09:08:43,326 [grpc-default-executor-9] INFO  impl.RaftServerProxy (RaftServerProxy.java:addNew(89)) - 857a8550-9455-4d64-9aa1-3b6e67bf160a: addNew group-AC45E3A63BF1:[857a8550-9455-4d64-9aa1-3b6e67bf160a:192.168.69.90:42551] returns group-AC45E3A63BF1:java.util.concurrent.CompletableFuture@473f2329[Not completed]
2019-08-29 09:08:43,326 [pool-505-thread-1] INFO  impl.RaftServerImpl (RaftServerImpl.java:<init>(93)) - 857a8550-9455-4d64-9aa1-3b6e67bf160a: new RaftServerImpl for group-AC45E3A63BF1:[857a8550-9455-4d64-9aa1-3b6e67bf160a:192.168.69.90:42551] with ContainerStateMachine:uninitialized
2019-08-29 09:08:43,327 [pool-505-thread-1] INFO  server.RaftServerConfigKeys (ConfUtils.java:logGet(43)) - raft.server.rpc.timeout.min = 5s (custom)
2019-08-29 09:08:43,327 [pool-505-thread-1] INFO  server.RaftServerConfigKeys (ConfUtils.java:logGet(43)) - raft.server.rpc.timeout.max = 5200ms (custom)
2019-08-29 09:08:43,327 [pool-505-thread-1] INFO  server.RaftServerConfigKeys (ConfUtils.java:logGet(43)) - raft.server.rpcslowness.timeout = 120s (custom)
2019-08-29 09:08:43,327 [pool-505-thread-1] INFO  server.RaftServerConfigKeys (ConfUtils.java:logGet(43)) - raft.server.sleep.deviation.threshold = 300 (default)
2019-08-29 09:08:43,327 [pool-505-thread-1] INFO  server.RaftServerConfigKeys (ConfUtils.java:logGet(43)) - raft.server.log.appender.install.snapshot.enabled = false (custom)
2019-08-29 09:08:43,327 [pool-505-thread-1] INFO  impl.RaftServerImpl (ServerState.java:<init>(105)) - 857a8550-9455-4d64-9aa1-3b6e67bf160a:group-AC45E3A63BF1 ConfigurationManager, init=-1: [857a8550-9455-4d64-9aa1-3b6e67bf160a:192.168.69.90:42551], old=null, confs=<EMPTY_MAP>
2019-08-29 09:08:43,327 [pool-505-thread-1] INFO  server.RaftServerConfigKeys (ConfUtils.java:logGet(43)) - raft.server.storage.dir = [/workdir/hadoop-ozone/integration-test/target/test-dir/MiniOzoneClusterImpl-aa62adee-2aa8-4926-b259-289a460ec817/datanode-6/data/ratis] (custom)
2019-08-29 09:08:43,327 [pool-505-thread-1] INFO  storage.RaftStorageDirectory (RaftStorageDirectory.java:analyzeStorage(246)) - The storage directory /workdir/hadoop-ozone/integration-test/target/test-dir/MiniOzoneClusterImpl-aa62adee-2aa8-4926-b259-289a460ec817/datanode-6/data/ratis/4c6dfd44-c3c5-4fc6-a32c-ac45e3a63bf1 does not exist. Creating ...
2019-08-29 09:08:43,357 [pool-505-thread-1] INFO  storage.RaftStorageDirectory (RaftStorageDirectory.java:tryLock(328)) - Lock on /workdir/hadoop-ozone/integration-test/target/test-dir/MiniOzoneClusterImpl-aa62adee-2aa8-4926-b259-289a460ec817/datanode-6/data/ratis/4c6dfd44-c3c5-4fc6-a32c-ac45e3a63bf1/in_use.lock acquired by nodename 16104@pr-hdds-2030-6zpjw-50391877
2019-08-29 09:08:43,400 [pool-505-thread-1] INFO  storage.RaftStorage (RaftStorage.java:format(72)) - Storage directory /workdir/hadoop-ozone/integration-test/target/test-dir/MiniOzoneClusterImpl-aa62adee-2aa8-4926-b259-289a460ec817/datanode-6/data/ratis/4c6dfd44-c3c5-4fc6-a32c-ac45e3a63bf1 has been successfully formatted.
2019-08-29 09:08:43,401 [pool-505-thread-1] INFO  ratis.ContainerStateMachine (ContainerStateMachine.java:loadSnapshot(226)) - group-AC45E3A63BF1: The snapshot info is null. Setting the last applied indexto:(t:0, i:~)
2019-08-29 09:08:43,401 [pool-505-thread-1] INFO  server.RaftServerConfigKeys (ConfUtils.java:logGet(43)) - raft.server.leader.election.timeout = 120s (custom)
2019-08-29 09:08:43,401 [pool-505-thread-1] INFO  server.RaftServerConfigKeys (ConfUtils.java:logGet(43)) - raft.server.log.use.memory = false (default)
2019-08-29 09:08:43,401 [pool-505-thread-1] INFO  server.RaftServerConfigKeys (ConfUtils.java:logGet(43)) - raft.server.log.purge.gap = 1000000 (custom)
2019-08-29 09:08:43,401 [pool-505-thread-1] INFO  server.RaftServerConfigKeys (ConfUtils.java:logGet(43)) - raft.server.log.appender.buffer.byte-limit = 33554432 (custom)
2019-08-29 09:08:43,401 [pool-505-thread-1] INFO  server.RaftServerConfigKeys (ConfUtils.java:logGet(43)) - raft.server.log.segment.size.max = 1048576 (custom)
2019-08-29 09:08:43,401 [pool-505-thread-1] INFO  server.RaftServerConfigKeys (ConfUtils.java:logGet(43)) - raft.server.log.segment.cache.num.max = 2 (custom)
2019-08-29 09:08:43,402 [pool-505-thread-1] INFO  segmented.SegmentedRaftLogWorker (SegmentedRaftLogWorker.java:<init>(172)) - new 857a8550-9455-4d64-9aa1-3b6e67bf160a-SegmentedRaftLogWorker:Storage Directory /workdir/hadoop-ozone/integration-test/target/test-dir/MiniOzoneClusterImpl-aa62adee-2aa8-4926-b259-289a460ec817/datanode-6/data/ratis/4c6dfd44-c3c5-4fc6-a32c-ac45e3a63bf1 for RaftStorage:Storage Directory /workdir/hadoop-ozone/integration-test/target/test-dir/MiniOzoneClusterImpl-aa62adee-2aa8-4926-b259-289a460ec817/datanode-6/data/ratis/4c6dfd44-c3c5-4fc6-a32c-ac45e3a63bf1
2019-08-29 09:08:43,402 [pool-505-thread-1] INFO  server.RaftServerConfigKeys (ConfUtils.java:logGet(43)) - raft.server.log.queue.byte-limit = 2147483647 (custom)
2019-08-29 09:08:43,402 [pool-505-thread-1] INFO  server.RaftServerConfigKeys (ConfUtils.java:logGet(43)) - raft.server.log.queue.element-limit = 1024 (custom)
2019-08-29 09:08:43,402 [pool-505-thread-1] INFO  server.RaftServerConfigKeys (ConfUtils.java:logGet(43)) - raft.server.log.segment.size.max = 1048576 (custom)
2019-08-29 09:08:43,402 [pool-505-thread-1] INFO  server.RaftServerConfigKeys (ConfUtils.java:logGet(43)) - raft.server.log.preallocated.size = 16384 (custom)
2019-08-29 09:08:43,402 [pool-505-thread-1] INFO  server.RaftServerConfigKeys (ConfUtils.java:logGet(43)) - raft.server.log.write.buffer.size = 33554432 (custom)
2019-08-29 09:08:43,402 [pool-505-thread-1] INFO  server.RaftServerConfigKeys (ConfUtils.java:logGet(43)) - raft.server.log.force.sync.num = 128 (default)
2019-08-29 09:08:43,402 [pool-505-thread-1] INFO  server.RaftServerConfigKeys (ConfUtils.java:logGet(43)) - raft.server.log.statemachine.data.sync = true (default)
2019-08-29 09:08:43,402 [pool-505-thread-1] INFO  server.RaftServerConfigKeys (ConfUtils.java:logGet(43)) - raft.server.log.statemachine.data.sync.timeout = 10s (default)
2019-08-29 09:08:43,403 [pool-505-thread-1] INFO  server.RaftServerConfigKeys (ConfUtils.java:logGet(43)) - raft.server.log.statemachine.data.sync.timeout.retry = -1 (default)
2019-08-29 09:08:43,403 [pool-505-thread-1] INFO  server.RaftServerConfigKeys (ConfUtils.java:logGet(43)) - raft.server.log.statemachine.data.caching.enabled = true (custom)
2019-08-29 09:08:43,403 [pool-505-thread-1] INFO  segmented.SegmentedRaftLogWorker (SegmentedRaftLogWorker.java:lambda$new$0(132)) - 857a8550-9455-4d64-9aa1-3b6e67bf160a-SegmentedRaftLogWorker:Storage Directory /workdir/hadoop-ozone/integration-test/target/test-dir/MiniOzoneClusterImpl-aa62adee-2aa8-4926-b259-289a460ec817/datanode-6/data/ratis/4c6dfd44-c3c5-4fc6-a32c-ac45e3a63bf1: flushIndex: setUnconditionally 0 -> -1
2019-08-29 09:08:43,403 [pool-505-thread-1] INFO  server.RaftServerConfigKeys (ConfUtils.java:logGet(43)) - raft.server.snapshot.auto.trigger.enabled = true (custom)
2019-08-29 09:08:43,403 [pool-505-thread-1] INFO  server.RaftServerConfigKeys (ConfUtils.java:logGet(43)) - raft.server.snapshot.auto.trigger.threshold = 10000 (custom)
2019-08-29 09:08:43,404 [pool-505-thread-1] INFO  server.RaftServerConfigKeys (ConfUtils.java:logGet(43)) - raft.server.retrycache.expirytime = 600000ms (custom)
2019-08-29 09:08:43,404 [pool-505-thread-1] INFO  impl.RaftServerImpl (RaftServerImpl.java:start(180)) - 857a8550-9455-4d64-9aa1-3b6e67bf160a: start group-AC45E3A63BF1
2019-08-29 09:08:43,404 [pool-505-thread-1] INFO  impl.RaftServerImpl (RaftServerImpl.java:setRole(171)) - 857a8550-9455-4d64-9aa1-3b6e67bf160a:group-AC45E3A63BF1 changes role from null to FOLLOWER at term 0 for startAsFollower
2019-08-29 09:08:43,404 [pool-505-thread-1] INFO  impl.RoleInfo (RoleInfo.java:updateAndGet(143)) - 857a8550-9455-4d64-9aa1-3b6e67bf160a: start FollowerState
2019-08-29 09:08:43,405 [pool-505-thread-1] INFO  util.JmxRegister (JmxRegister.java:tryRegister(44)) - Successfully registered JMX Bean with object name Ratis:service=RaftServer,group=group-AC45E3A63BF1,id=857a8550-9455-4d64-9aa1-3b6e67bf160a
2019-08-29 09:08:43,411 [RatisPipelineUtilsThread] INFO  pipeline.PipelineStateManager (PipelineStateManager.java:addPipeline(56)) - Created pipeline Pipeline[ Id: 4c6dfd44-c3c5-4fc6-a32c-ac45e3a63bf1, Nodes: 857a8550-9455-4d64-9aa1-3b6e67bf160a{ip: 192.168.69.90, host: pr-hdds-2030-6zpjw-50391877, networkLocation: /default-rack, certSerialId: null}, Type:RATIS, Factor:ONE, State:OPEN]
2019-08-29 09:08:43,734 | INFO  | SCMAudit | user=jenkins1000 | ip=192.168.69.90 | op=SEND_HEARTBEAT {datanodeUUID=6b7ef66e-8765-47fb-bb7d-cec0d3804962, command=[]} | ret=SUCCESS |  
2019-08-29 09:08:44,223 | INFO  | SCMAudit | user=jenkins1000 | ip=192.168.69.90 | op=SEND_HEARTBEAT {datanodeUUID=c4ca8910-c916-4cbf-826e-fde08f8bd5e0, command=[]} | ret=SUCCESS |  
2019-08-29 09:08:44,320 [main] INFO  ozone.MiniOzoneClusterImpl (MiniOzoneClusterImpl.java:lambda$waitForClusterToBeReady$0(142)) - Cluster is ready. Got 7 of 7 DN Heartbeats.
2019-08-29 09:08:44,348 [main] INFO  rpc.RpcClient (RpcClient.java:createVolume(293)) - Creating Volume: testblockoutputstream, with jenkins1000 as owner.
2019-08-29 09:08:44,351 | INFO  | OMAudit | user=jenkins1000 | ip=127.0.0.1 | op=CREATE_VOLUME {admin=jenkins1000, owner=jenkins1000, volume=testblockoutputstream, creationTime=1567069724350, quotaInBytes=1152921504606846976} | ret=SUCCESS |  
2019-08-29 09:08:44,358 | INFO  | OMAudit | user=jenkins1000 | ip=127.0.0.1 | op=READ_VOLUME {volume=testblockoutputstream} | ret=SUCCESS |  
2019-08-29 09:08:44,359 [main] INFO  rpc.RpcClient (RpcClient.java:createBucket(432)) - Creating Bucket: testblockoutputstream/testblockoutputstream, with Versioning false and Storage Type set to DISK and Encryption set to false 
2019-08-29 09:08:44,362 | INFO  | OMAudit | user=jenkins1000 | ip=127.0.0.1 | op=CREATE_BUCKET {volume=testblockoutputstream, bucket=testblockoutputstream, acls=[user:jenkins1000:a[ACCESS], group:default:a[ACCESS]], isVersionEnabled=false, storageType=DISK, creationTime=0} | ret=SUCCESS |  
2019-08-29 09:08:44,363 | INFO  | OMAudit | user=jenkins1000 | ip=127.0.0.1 | op=READ_VOLUME {volume=testblockoutputstream} | ret=SUCCESS |  
2019-08-29 09:08:44,365 | INFO  | OMAudit | user=jenkins1000 | ip=127.0.0.1 | op=READ_BUCKET {volume=testblockoutputstream, bucket=testblockoutputstream} | ret=SUCCESS |  
2019-08-29 09:08:44,368 | INFO  | SCMAudit | user=jenkins1000 | ip=192.168.69.90 | op=ALLOCATE_BLOCK {owner=c18310e5-a027-4407-b9e3-4c3482967adf, size=800, type=RATIS, factor=THREE} | ret=SUCCESS |  
2019-08-29 09:08:44,371 | INFO  | OMAudit | user=jenkins1000 | ip=127.0.0.1 | op=ALLOCATE_KEY {volume=testblockoutputstream, bucket=testblockoutputstream, key=1ddee208-4ae2-4381-9b3a-f7a4e0e2d5f9, dataSize=0, replicationType=RATIS, replicationFactor=THREE, keyLocationInfo=null} | ret=SUCCESS |  
2019-08-29 09:08:44,382 [grpc-default-executor-9] INFO  client.GrpcClientProtocolClient (GrpcClientProtocolClient.java:onNext(255)) - client-707534CA12D6->6b7ef66e-8765-47fb-bb7d-cec0d3804962: receive RaftClientReply:client-707534CA12D6->6b7ef66e-8765-47fb-bb7d-cec0d3804962@group-2A4E042E9F9A, cid=183, FAILED org.apache.ratis.protocol.NotLeaderException: Server 6b7ef66e-8765-47fb-bb7d-cec0d3804962 is not the leader (null). Request must be sent to leader., logIndex=0, commits[6b7ef66e-8765-47fb-bb7d-cec0d3804962:c-1]
2019-08-29 09:08:44,454 | INFO  | SCMAudit | user=jenkins1000 | ip=192.168.69.90 | op=SEND_HEARTBEAT {datanodeUUID=287c1acf-8fb8-4c08-86a8-def1750c75af, command=[]} | ret=SUCCESS |  
2019-08-29 09:08:44,648 | INFO  | SCMAudit | user=jenkins1000 | ip=192.168.69.90 | op=SEND_HEARTBEAT {datanodeUUID=90376809-6c3e-4bbd-b4c1-5f430b81f277, command=[]} | ret=SUCCESS |  
2019-08-29 09:08:44,734 | INFO  | SCMAudit | user=jenkins1000 | ip=192.168.69.90 | op=SEND_HEARTBEAT {datanodeUUID=6b7ef66e-8765-47fb-bb7d-cec0d3804962, command=[]} | ret=SUCCESS |  
2019-08-29 09:08:44,742 [Thread-3515] INFO  container.ReplicationManager (ReplicationManager.java:start(152)) - Starting Replication Monitor Thread.
2019-08-29 09:08:44,745 [ReplicationMonitor] INFO  container.ReplicationManager (ReplicationManager.java:run(215)) - Replication Monitor Thread took 1 milliseconds for processing 1 containers.
2019-08-29 09:08:44,858 | INFO  | SCMAudit | user=jenkins1000 | ip=192.168.69.90 | op=SEND_HEARTBEAT {datanodeUUID=4a185089-c3e3-4847-8da3-ffacd891fd5e, command=[]} | ret=SUCCESS |  
2019-08-29 09:08:45,088 | INFO  | SCMAudit | user=jenkins1000 | ip=192.168.69.90 | op=SEND_HEARTBEAT {datanodeUUID=89389896-6107-44d3-8107-f3dd9a061ca0, command=[]} | ret=SUCCESS |  
2019-08-29 09:08:45,222 | INFO  | SCMAudit | user=jenkins1000 | ip=192.168.69.90 | op=SEND_HEARTBEAT {datanodeUUID=c4ca8910-c916-4cbf-826e-fde08f8bd5e0, command=[]} | ret=SUCCESS |  
2019-08-29 09:08:45,321 | INFO  | SCMAudit | user=jenkins1000 | ip=192.168.69.90 | op=SEND_HEARTBEAT {datanodeUUID=857a8550-9455-4d64-9aa1-3b6e67bf160a, command=[]} | ret=SUCCESS |  
2019-08-29 09:08:45,394 [grpc-default-executor-9] INFO  client.GrpcClientProtocolClient (GrpcClientProtocolClient.java:onNext(255)) - client-707534CA12D6->287c1acf-8fb8-4c08-86a8-def1750c75af: receive RaftClientReply:client-707534CA12D6->287c1acf-8fb8-4c08-86a8-def1750c75af@group-2A4E042E9F9A, cid=183, FAILED org.apache.ratis.protocol.NotLeaderException: Server 287c1acf-8fb8-4c08-86a8-def1750c75af is not the leader (null). Request must be sent to leader., logIndex=0, commits[287c1acf-8fb8-4c08-86a8-def1750c75af:c-1]
2019-08-29 09:08:45,454 | INFO  | SCMAudit | user=jenkins1000 | ip=192.168.69.90 | op=SEND_HEARTBEAT {datanodeUUID=287c1acf-8fb8-4c08-86a8-def1750c75af, command=[]} | ret=SUCCESS |  
2019-08-29 09:08:45,648 | INFO  | SCMAudit | user=jenkins1000 | ip=192.168.69.90 | op=SEND_HEARTBEAT {datanodeUUID=90376809-6c3e-4bbd-b4c1-5f430b81f277, command=[]} | ret=SUCCESS |  
2019-08-29 09:08:45,734 | INFO  | SCMAudit | user=jenkins1000 | ip=192.168.69.90 | op=SEND_HEARTBEAT {datanodeUUID=6b7ef66e-8765-47fb-bb7d-cec0d3804962, command=[]} | ret=SUCCESS |  
2019-08-29 09:08:45,858 | INFO  | SCMAudit | user=jenkins1000 | ip=192.168.69.90 | op=SEND_HEARTBEAT {datanodeUUID=4a185089-c3e3-4847-8da3-ffacd891fd5e, command=[]} | ret=SUCCESS |  
2019-08-29 09:08:46,088 | INFO  | SCMAudit | user=jenkins1000 | ip=192.168.69.90 | op=SEND_HEARTBEAT {datanodeUUID=89389896-6107-44d3-8107-f3dd9a061ca0, command=[]} | ret=SUCCESS |  
2019-08-29 09:08:46,222 | INFO  | SCMAudit | user=jenkins1000 | ip=192.168.69.90 | op=SEND_HEARTBEAT {datanodeUUID=c4ca8910-c916-4cbf-826e-fde08f8bd5e0, command=[]} | ret=SUCCESS |  
2019-08-29 09:08:46,321 | INFO  | SCMAudit | user=jenkins1000 | ip=192.168.69.90 | op=SEND_HEARTBEAT {datanodeUUID=857a8550-9455-4d64-9aa1-3b6e67bf160a, command=[]} | ret=SUCCESS |  
2019-08-29 09:08:46,404 [grpc-default-executor-5] INFO  client.GrpcClientProtocolClient (GrpcClientProtocolClient.java:onNext(255)) - client-707534CA12D6->6b7ef66e-8765-47fb-bb7d-cec0d3804962: receive RaftClientReply:client-707534CA12D6->6b7ef66e-8765-47fb-bb7d-cec0d3804962@group-2A4E042E9F9A, cid=183, FAILED org.apache.ratis.protocol.NotLeaderException: Server 6b7ef66e-8765-47fb-bb7d-cec0d3804962 is not the leader (null). Request must be sent to leader., logIndex=0, commits[6b7ef66e-8765-47fb-bb7d-cec0d3804962:c-1]
2019-08-29 09:08:46,454 | INFO  | SCMAudit | user=jenkins1000 | ip=192.168.69.90 | op=SEND_HEARTBEAT {datanodeUUID=287c1acf-8fb8-4c08-86a8-def1750c75af, command=[]} | ret=SUCCESS |  
2019-08-29 09:08:46,648 | INFO  | SCMAudit | user=jenkins1000 | ip=192.168.69.90 | op=SEND_HEARTBEAT {datanodeUUID=90376809-6c3e-4bbd-b4c1-5f430b81f277, command=[]} | ret=SUCCESS |  
2019-08-29 09:08:46,734 | INFO  | SCMAudit | user=jenkins1000 | ip=192.168.69.90 | op=SEND_HEARTBEAT {datanodeUUID=6b7ef66e-8765-47fb-bb7d-cec0d3804962, command=[]} | ret=SUCCESS |  
2019-08-29 09:08:46,858 | INFO  | SCMAudit | user=jenkins1000 | ip=192.168.69.90 | op=SEND_HEARTBEAT {datanodeUUID=4a185089-c3e3-4847-8da3-ffacd891fd5e, command=[]} | ret=SUCCESS |  
2019-08-29 09:08:46,955 [Thread-3517] INFO  impl.FollowerState (FollowerState.java:run(106)) - 6b7ef66e-8765-47fb-bb7d-cec0d3804962:group-A2836AA5466B changes to CANDIDATE, lastRpcTime:5114, electionTimeout:5114ms
2019-08-29 09:08:46,955 [Thread-3517] INFO  impl.RoleInfo (RoleInfo.java:shutdownFollowerState(121)) - 6b7ef66e-8765-47fb-bb7d-cec0d3804962: shutdown FollowerState
2019-08-29 09:08:46,956 [Thread-3517] INFO  impl.RaftServerImpl (RaftServerImpl.java:setRole(171)) - 6b7ef66e-8765-47fb-bb7d-cec0d3804962:group-A2836AA5466B changes role from FOLLOWER to CANDIDATE at term 0 for changeToCandidate
2019-08-29 09:08:46,956 [Thread-3517] INFO  impl.RoleInfo (RoleInfo.java:updateAndGet(143)) - 6b7ef66e-8765-47fb-bb7d-cec0d3804962: start LeaderElection
2019-08-29 09:08:46,970 [6b7ef66e-8765-47fb-bb7d-cec0d3804962:group-A2836AA5466B:LeaderElection65] INFO  impl.LeaderElection (LeaderElection.java:askForVotes(181)) - 6b7ef66e-8765-47fb-bb7d-cec0d3804962:group-A2836AA5466B:LeaderElection65: begin an election at term 1 for -1: [6b7ef66e-8765-47fb-bb7d-cec0d3804962:192.168.69.90:37841], old=null
2019-08-29 09:08:46,970 [6b7ef66e-8765-47fb-bb7d-cec0d3804962:group-A2836AA5466B:LeaderElection65] INFO  impl.RoleInfo (RoleInfo.java:shutdownLeaderElection(134)) - 6b7ef66e-8765-47fb-bb7d-cec0d3804962: shutdown LeaderElection
2019-08-29 09:08:46,970 [6b7ef66e-8765-47fb-bb7d-cec0d3804962:group-A2836AA5466B:LeaderElection65] INFO  impl.RaftServerImpl (RaftServerImpl.java:setRole(171)) - 6b7ef66e-8765-47fb-bb7d-cec0d3804962:group-A2836AA5466B changes role from CANDIDATE to LEADER at term 1 for changeToLeader
2019-08-29 09:08:46,970 [6b7ef66e-8765-47fb-bb7d-cec0d3804962:group-A2836AA5466B:LeaderElection65] INFO  impl.RaftServerImpl (ServerState.java:setLeader(263)) - 6b7ef66e-8765-47fb-bb7d-cec0d3804962:group-A2836AA5466B change Leader from null to 6b7ef66e-8765-47fb-bb7d-cec0d3804962 at term 1 for becomeLeader, leader elected after 5134ms
2019-08-29 09:08:46,970 [6b7ef66e-8765-47fb-bb7d-cec0d3804962:group-A2836AA5466B:LeaderElection65] INFO  server.RaftServerConfigKeys (ConfUtils.java:logGet(43)) - raft.server.staging.catchup.gap = 1000 (default)
2019-08-29 09:08:46,971 [6b7ef66e-8765-47fb-bb7d-cec0d3804962:group-A2836AA5466B:LeaderElection65] INFO  server.RaftServerConfigKeys (ConfUtils.java:logGet(43)) - raft.server.rpc.sleep.time = 25ms (default)
2019-08-29 09:08:46,971 [6b7ef66e-8765-47fb-bb7d-cec0d3804962:group-A2836AA5466B:LeaderElection65] INFO  server.RaftServerConfigKeys (ConfUtils.java:logGet(43)) - raft.server.write.element-limit = 4096 (default)
2019-08-29 09:08:46,971 [6b7ef66e-8765-47fb-bb7d-cec0d3804962:group-A2836AA5466B:LeaderElection65] INFO  server.RaftServerConfigKeys (ConfUtils.java:logGet(43)) - raft.server.watch.timeout = 10s (default)
2019-08-29 09:08:46,971 [6b7ef66e-8765-47fb-bb7d-cec0d3804962:group-A2836AA5466B:LeaderElection65] INFO  server.RaftServerConfigKeys (ConfUtils.java:logGet(43)) - raft.server.watch.timeout.denomination = 1s (default)
2019-08-29 09:08:46,971 [6b7ef66e-8765-47fb-bb7d-cec0d3804962:group-A2836AA5466B:LeaderElection65] INFO  server.RaftServerConfigKeys (ConfUtils.java:logGet(43)) - raft.server.watch.element-limit = 65536 (default)
2019-08-29 09:08:46,972 [6b7ef66e-8765-47fb-bb7d-cec0d3804962:group-A2836AA5466B:LeaderElection65] INFO  impl.RoleInfo (RoleInfo.java:updateAndGet(143)) - 6b7ef66e-8765-47fb-bb7d-cec0d3804962: start LeaderState
2019-08-29 09:08:46,972 [6b7ef66e-8765-47fb-bb7d-cec0d3804962:group-A2836AA5466B:LeaderElection65] INFO  segmented.SegmentedRaftLogWorker (SegmentedRaftLogWorker.java:startLogSegment(380)) - 6b7ef66e-8765-47fb-bb7d-cec0d3804962-SegmentedRaftLogWorker:Storage Directory /workdir/hadoop-ozone/integration-test/target/test-dir/MiniOzoneClusterImpl-aa62adee-2aa8-4926-b259-289a460ec817/datanode-0/data/ratis/eea7add0-f041-4daf-a65b-a2836aa5466b: Starting segment from index:0
2019-08-29 09:08:46,973 [6b7ef66e-8765-47fb-bb7d-cec0d3804962:group-A2836AA5466B:LeaderElection65] INFO  impl.RaftServerImpl (ServerState.java:setRaftConf(361)) - 6b7ef66e-8765-47fb-bb7d-cec0d3804962:group-A2836AA5466B set configuration 0: [6b7ef66e-8765-47fb-bb7d-cec0d3804962:192.168.69.90:37841], old=null at 0
2019-08-29 09:08:47,022 [6b7ef66e-8765-47fb-bb7d-cec0d3804962-SegmentedRaftLogWorker:Storage Directory /workdir/hadoop-ozone/integration-test/target/test-dir/MiniOzoneClusterImpl-aa62adee-2aa8-4926-b259-289a460ec817/datanode-0/data/ratis/eea7add0-f041-4daf-a65b-a2836aa5466b] INFO  segmented.SegmentedRaftLogWorker (SegmentedRaftLogWorker.java:execute(569)) - 6b7ef66e-8765-47fb-bb7d-cec0d3804962-SegmentedRaftLogWorker:Storage Directory /workdir/hadoop-ozone/integration-test/target/test-dir/MiniOzoneClusterImpl-aa62adee-2aa8-4926-b259-289a460ec817/datanode-0/data/ratis/eea7add0-f041-4daf-a65b-a2836aa5466b: created new log segment /workdir/hadoop-ozone/integration-test/target/test-dir/MiniOzoneClusterImpl-aa62adee-2aa8-4926-b259-289a460ec817/datanode-0/data/ratis/eea7add0-f041-4daf-a65b-a2836aa5466b/current/log_inprogress_0
2019-08-29 09:08:47,088 | INFO  | SCMAudit | user=jenkins1000 | ip=192.168.69.90 | op=SEND_HEARTBEAT {datanodeUUID=89389896-6107-44d3-8107-f3dd9a061ca0, command=[]} | ret=SUCCESS |  
2019-08-29 09:08:47,222 | INFO  | SCMAudit | user=jenkins1000 | ip=192.168.69.90 | op=SEND_HEARTBEAT {datanodeUUID=c4ca8910-c916-4cbf-826e-fde08f8bd5e0, command=[]} | ret=SUCCESS |  
2019-08-29 09:08:47,323 | INFO  | SCMAudit | user=jenkins1000 | ip=192.168.69.90 | op=SEND_HEARTBEAT {datanodeUUID=857a8550-9455-4d64-9aa1-3b6e67bf160a, command=[]} | ret=SUCCESS |  
2019-08-29 09:08:47,390 [Thread-3520] INFO  impl.FollowerState (FollowerState.java:run(106)) - c4ca8910-c916-4cbf-826e-fde08f8bd5e0:group-E60C9480E37F changes to CANDIDATE, lastRpcTime:5070, electionTimeout:5070ms
2019-08-29 09:08:47,391 [Thread-3520] INFO  impl.RoleInfo (RoleInfo.java:shutdownFollowerState(121)) - c4ca8910-c916-4cbf-826e-fde08f8bd5e0: shutdown FollowerState
2019-08-29 09:08:47,391 [Thread-3520] INFO  impl.RaftServerImpl (RaftServerImpl.java:setRole(171)) - c4ca8910-c916-4cbf-826e-fde08f8bd5e0:group-E60C9480E37F changes role from FOLLOWER to CANDIDATE at term 0 for changeToCandidate
2019-08-29 09:08:47,391 [Thread-3520] INFO  impl.RoleInfo (RoleInfo.java:updateAndGet(143)) - c4ca8910-c916-4cbf-826e-fde08f8bd5e0: start LeaderElection
2019-08-29 09:08:47,427 [grpc-default-executor-9] INFO  client.GrpcClientProtocolClient (GrpcClientProtocolClient.java:onNext(255)) - client-707534CA12D6->c4ca8910-c916-4cbf-826e-fde08f8bd5e0: receive RaftClientReply:client-707534CA12D6->c4ca8910-c916-4cbf-826e-fde08f8bd5e0@group-2A4E042E9F9A, cid=183, FAILED org.apache.ratis.protocol.NotLeaderException: Server c4ca8910-c916-4cbf-826e-fde08f8bd5e0 is not the leader (null). Request must be sent to leader., logIndex=0, commits[c4ca8910-c916-4cbf-826e-fde08f8bd5e0:c-1]
2019-08-29 09:08:47,454 | INFO  | SCMAudit | user=jenkins1000 | ip=192.168.69.90 | op=SEND_HEARTBEAT {datanodeUUID=287c1acf-8fb8-4c08-86a8-def1750c75af, command=[]} | ret=SUCCESS |  
2019-08-29 09:08:47,474 [c4ca8910-c916-4cbf-826e-fde08f8bd5e0:group-E60C9480E37F:LeaderElection66] INFO  impl.LeaderElection (LeaderElection.java:askForVotes(181)) - c4ca8910-c916-4cbf-826e-fde08f8bd5e0:group-E60C9480E37F:LeaderElection66: begin an election at term 1 for -1: [c4ca8910-c916-4cbf-826e-fde08f8bd5e0:192.168.69.90:35355], old=null
2019-08-29 09:08:47,474 [c4ca8910-c916-4cbf-826e-fde08f8bd5e0:group-E60C9480E37F:LeaderElection66] INFO  impl.RoleInfo (RoleInfo.java:shutdownLeaderElection(134)) - c4ca8910-c916-4cbf-826e-fde08f8bd5e0: shutdown LeaderElection
2019-08-29 09:08:47,475 [c4ca8910-c916-4cbf-826e-fde08f8bd5e0:group-E60C9480E37F:LeaderElection66] INFO  impl.RaftServerImpl (RaftServerImpl.java:setRole(171)) - c4ca8910-c916-4cbf-826e-fde08f8bd5e0:group-E60C9480E37F changes role from CANDIDATE to LEADER at term 1 for changeToLeader
2019-08-29 09:08:47,475 [c4ca8910-c916-4cbf-826e-fde08f8bd5e0:group-E60C9480E37F:LeaderElection66] INFO  impl.RaftServerImpl (ServerState.java:setLeader(263)) - c4ca8910-c916-4cbf-826e-fde08f8bd5e0:group-E60C9480E37F change Leader from null to c4ca8910-c916-4cbf-826e-fde08f8bd5e0 at term 1 for becomeLeader, leader elected after 5159ms
2019-08-29 09:08:47,475 [c4ca8910-c916-4cbf-826e-fde08f8bd5e0:group-E60C9480E37F:LeaderElection66] INFO  server.RaftServerConfigKeys (ConfUtils.java:logGet(43)) - raft.server.staging.catchup.gap = 1000 (default)
2019-08-29 09:08:47,475 [c4ca8910-c916-4cbf-826e-fde08f8bd5e0:group-E60C9480E37F:LeaderElection66] INFO  server.RaftServerConfigKeys (ConfUtils.java:logGet(43)) - raft.server.rpc.sleep.time = 25ms (default)
2019-08-29 09:08:47,475 [c4ca8910-c916-4cbf-826e-fde08f8bd5e0:group-E60C9480E37F:LeaderElection66] INFO  server.RaftServerConfigKeys (ConfUtils.java:logGet(43)) - raft.server.write.element-limit = 4096 (default)
2019-08-29 09:08:47,475 [c4ca8910-c916-4cbf-826e-fde08f8bd5e0:group-E60C9480E37F:LeaderElection66] INFO  server.RaftServerConfigKeys (ConfUtils.java:logGet(43)) - raft.server.watch.timeout = 10s (default)
2019-08-29 09:08:47,476 [c4ca8910-c916-4cbf-826e-fde08f8bd5e0:group-E60C9480E37F:LeaderElection66] INFO  server.RaftServerConfigKeys (ConfUtils.java:logGet(43)) - raft.server.watch.timeout.denomination = 1s (default)
2019-08-29 09:08:47,476 [c4ca8910-c916-4cbf-826e-fde08f8bd5e0:group-E60C9480E37F:LeaderElection66] INFO  server.RaftServerConfigKeys (ConfUtils.java:logGet(43)) - raft.server.watch.element-limit = 65536 (default)
2019-08-29 09:08:47,476 [c4ca8910-c916-4cbf-826e-fde08f8bd5e0:group-E60C9480E37F:LeaderElection66] INFO  impl.RoleInfo (RoleInfo.java:updateAndGet(143)) - c4ca8910-c916-4cbf-826e-fde08f8bd5e0: start LeaderState
2019-08-29 09:08:47,476 [c4ca8910-c916-4cbf-826e-fde08f8bd5e0:group-E60C9480E37F:LeaderElection66] INFO  segmented.SegmentedRaftLogWorker (SegmentedRaftLogWorker.java:startLogSegment(380)) - c4ca8910-c916-4cbf-826e-fde08f8bd5e0-SegmentedRaftLogWorker:Storage Directory /workdir/hadoop-ozone/integration-test/target/test-dir/MiniOzoneClusterImpl-aa62adee-2aa8-4926-b259-289a460ec817/datanode-1/data/ratis/d6977934-c838-4d11-95aa-e60c9480e37f: Starting segment from index:0
2019-08-29 09:08:47,477 [c4ca8910-c916-4cbf-826e-fde08f8bd5e0:group-E60C9480E37F:LeaderElection66] INFO  impl.RaftServerImpl (ServerState.java:setRaftConf(361)) - c4ca8910-c916-4cbf-826e-fde08f8bd5e0:group-E60C9480E37F set configuration 0: [c4ca8910-c916-4cbf-826e-fde08f8bd5e0:192.168.69.90:35355], old=null at 0
2019-08-29 09:08:47,533 [c4ca8910-c916-4cbf-826e-fde08f8bd5e0-SegmentedRaftLogWorker:Storage Directory /workdir/hadoop-ozone/integration-test/target/test-dir/MiniOzoneClusterImpl-aa62adee-2aa8-4926-b259-289a460ec817/datanode-1/data/ratis/d6977934-c838-4d11-95aa-e60c9480e37f] INFO  segmented.SegmentedRaftLogWorker (SegmentedRaftLogWorker.java:execute(569)) - c4ca8910-c916-4cbf-826e-fde08f8bd5e0-SegmentedRaftLogWorker:Storage Directory /workdir/hadoop-ozone/integration-test/target/test-dir/MiniOzoneClusterImpl-aa62adee-2aa8-4926-b259-289a460ec817/datanode-1/data/ratis/d6977934-c838-4d11-95aa-e60c9480e37f: created new log segment /workdir/hadoop-ozone/integration-test/target/test-dir/MiniOzoneClusterImpl-aa62adee-2aa8-4926-b259-289a460ec817/datanode-1/data/ratis/d6977934-c838-4d11-95aa-e60c9480e37f/current/log_inprogress_0
2019-08-29 09:08:47,625 [Thread-3523] INFO  impl.FollowerState (FollowerState.java:run(106)) - 287c1acf-8fb8-4c08-86a8-def1750c75af:group-5BF825871A3A changes to CANDIDATE, lastRpcTime:5130, electionTimeout:5130ms
2019-08-29 09:08:47,625 [Thread-3523] INFO  impl.RoleInfo (RoleInfo.java:shutdownFollowerState(121)) - 287c1acf-8fb8-4c08-86a8-def1750c75af: shutdown FollowerState
2019-08-29 09:08:47,625 [Thread-3523] INFO  impl.RaftServerImpl (RaftServerImpl.java:setRole(171)) - 287c1acf-8fb8-4c08-86a8-def1750c75af:group-5BF825871A3A changes role from FOLLOWER to CANDIDATE at term 0 for changeToCandidate
2019-08-29 09:08:47,625 [Thread-3523] INFO  impl.RoleInfo (RoleInfo.java:updateAndGet(143)) - 287c1acf-8fb8-4c08-86a8-def1750c75af: start LeaderElection
2019-08-29 09:08:47,631 [Thread-3530] INFO  impl.FollowerState (FollowerState.java:run(106)) - 6b7ef66e-8765-47fb-bb7d-cec0d3804962:group-2A4E042E9F9A changes to CANDIDATE, lastRpcTime:5046, electionTimeout:5045ms
2019-08-29 09:08:47,631 [Thread-3530] INFO  impl.RoleInfo (RoleInfo.java:shutdownFollowerState(121)) - 6b7ef66e-8765-47fb-bb7d-cec0d3804962: shutdown FollowerState
2019-08-29 09:08:47,631 [Thread-3530] INFO  impl.RaftServerImpl (RaftServerImpl.java:setRole(171)) - 6b7ef66e-8765-47fb-bb7d-cec0d3804962:group-2A4E042E9F9A changes role from FOLLOWER to CANDIDATE at term 0 for changeToCandidate
2019-08-29 09:08:47,631 [Thread-3530] INFO  impl.RoleInfo (RoleInfo.java:updateAndGet(143)) - 6b7ef66e-8765-47fb-bb7d-cec0d3804962: start LeaderElection
2019-08-29 09:08:47,649 | INFO  | SCMAudit | user=jenkins1000 | ip=192.168.69.90 | op=SEND_HEARTBEAT {datanodeUUID=90376809-6c3e-4bbd-b4c1-5f430b81f277, command=[]} | ret=SUCCESS |  
2019-08-29 09:08:47,656 [6b7ef66e-8765-47fb-bb7d-cec0d3804962:group-2A4E042E9F9A:LeaderElection68] INFO  impl.LeaderElection (LeaderElection.java:askForVotes(181)) - 6b7ef66e-8765-47fb-bb7d-cec0d3804962:group-2A4E042E9F9A:LeaderElection68: begin an election at term 1 for -1: [c4ca8910-c916-4cbf-826e-fde08f8bd5e0:192.168.69.90:35355, 6b7ef66e-8765-47fb-bb7d-cec0d3804962:192.168.69.90:37841, 287c1acf-8fb8-4c08-86a8-def1750c75af:192.168.69.90:41412], old=null
2019-08-29 09:08:47,656 [287c1acf-8fb8-4c08-86a8-def1750c75af:group-5BF825871A3A:LeaderElection67] INFO  impl.LeaderElection (LeaderElection.java:askForVotes(181)) - 287c1acf-8fb8-4c08-86a8-def1750c75af:group-5BF825871A3A:LeaderElection67: begin an election at term 1 for -1: [287c1acf-8fb8-4c08-86a8-def1750c75af:192.168.69.90:41412], old=null
2019-08-29 09:08:47,657 [287c1acf-8fb8-4c08-86a8-def1750c75af:group-5BF825871A3A:LeaderElection67] INFO  impl.RoleInfo (RoleInfo.java:shutdownLeaderElection(134)) - 287c1acf-8fb8-4c08-86a8-def1750c75af: shutdown LeaderElection
2019-08-29 09:08:47,657 [287c1acf-8fb8-4c08-86a8-def1750c75af:group-5BF825871A3A:LeaderElection67] INFO  impl.RaftServerImpl (RaftServerImpl.java:setRole(171)) - 287c1acf-8fb8-4c08-86a8-def1750c75af:group-5BF825871A3A changes role from CANDIDATE to LEADER at term 1 for changeToLeader
2019-08-29 09:08:47,657 [287c1acf-8fb8-4c08-86a8-def1750c75af:group-5BF825871A3A:LeaderElection67] INFO  impl.RaftServerImpl (ServerState.java:setLeader(263)) - 287c1acf-8fb8-4c08-86a8-def1750c75af:group-5BF825871A3A change Leader from null to 287c1acf-8fb8-4c08-86a8-def1750c75af at term 1 for becomeLeader, leader elected after 5164ms
2019-08-29 09:08:47,657 [287c1acf-8fb8-4c08-86a8-def1750c75af:group-5BF825871A3A:LeaderElection67] INFO  server.RaftServerConfigKeys (ConfUtils.java:logGet(43)) - raft.server.staging.catchup.gap = 1000 (default)
2019-08-29 09:08:47,657 [287c1acf-8fb8-4c08-86a8-def1750c75af:group-5BF825871A3A:LeaderElection67] INFO  server.RaftServerConfigKeys (ConfUtils.java:logGet(43)) - raft.server.rpc.sleep.time = 25ms (default)
2019-08-29 09:08:47,657 [287c1acf-8fb8-4c08-86a8-def1750c75af:group-5BF825871A3A:LeaderElection67] INFO  server.RaftServerConfigKeys (ConfUtils.java:logGet(43)) - raft.server.write.element-limit = 4096 (default)
2019-08-29 09:08:47,657 [287c1acf-8fb8-4c08-86a8-def1750c75af:group-5BF825871A3A:LeaderElection67] INFO  server.RaftServerConfigKeys (ConfUtils.java:logGet(43)) - raft.server.watch.timeout = 10s (default)
2019-08-29 09:08:47,657 [287c1acf-8fb8-4c08-86a8-def1750c75af:group-5BF825871A3A:LeaderElection67] INFO  server.RaftServerConfigKeys (ConfUtils.java:logGet(43)) - raft.server.watch.timeout.denomination = 1s (default)
2019-08-29 09:08:47,658 [287c1acf-8fb8-4c08-86a8-def1750c75af:group-5BF825871A3A:LeaderElection67] INFO  server.RaftServerConfigKeys (ConfUtils.java:logGet(43)) - raft.server.watch.element-limit = 65536 (default)
2019-08-29 09:08:47,658 [287c1acf-8fb8-4c08-86a8-def1750c75af:group-5BF825871A3A:LeaderElection67] INFO  impl.RoleInfo (RoleInfo.java:updateAndGet(143)) - 287c1acf-8fb8-4c08-86a8-def1750c75af: start LeaderState
2019-08-29 09:08:47,658 [287c1acf-8fb8-4c08-86a8-def1750c75af:group-5BF825871A3A:LeaderElection67] INFO  segmented.SegmentedRaftLogWorker (SegmentedRaftLogWorker.java:startLogSegment(380)) - 287c1acf-8fb8-4c08-86a8-def1750c75af-SegmentedRaftLogWorker:Storage Directory /workdir/hadoop-ozone/integration-test/target/test-dir/MiniOzoneClusterImpl-aa62adee-2aa8-4926-b259-289a460ec817/datanode-2/data/ratis/0b4d0acb-284b-4d4e-9489-5bf825871a3a: Starting segment from index:0
2019-08-29 09:08:47,658 [287c1acf-8fb8-4c08-86a8-def1750c75af:group-5BF825871A3A:LeaderElection67] INFO  impl.RaftServerImpl (ServerState.java:setRaftConf(361)) - 287c1acf-8fb8-4c08-86a8-def1750c75af:group-5BF825871A3A set configuration 0: [287c1acf-8fb8-4c08-86a8-def1750c75af:192.168.69.90:41412], old=null at 0
2019-08-29 09:08:47,686 [grpc-default-executor-9] INFO  impl.RaftServerImpl (RaftServerImpl.java:setRole(171)) - 287c1acf-8fb8-4c08-86a8-def1750c75af:group-2A4E042E9F9A changes role from FOLLOWER to FOLLOWER at term 1 for recognizeCandidate:6b7ef66e-8765-47fb-bb7d-cec0d3804962
2019-08-29 09:08:47,687 [grpc-default-executor-9] INFO  impl.RoleInfo (RoleInfo.java:shutdownFollowerState(121)) - 287c1acf-8fb8-4c08-86a8-def1750c75af: shutdown FollowerState
2019-08-29 09:08:47,687 [grpc-default-executor-5] INFO  impl.RaftServerImpl (RaftServerImpl.java:setRole(171)) - c4ca8910-c916-4cbf-826e-fde08f8bd5e0:group-2A4E042E9F9A changes role from FOLLOWER to FOLLOWER at term 1 for recognizeCandidate:6b7ef66e-8765-47fb-bb7d-cec0d3804962
2019-08-29 09:08:47,688 [Thread-3531] INFO  impl.FollowerState (FollowerState.java:run(114)) - 287c1acf-8fb8-4c08-86a8-def1750c75af: FollowerState was interrupted: java.lang.InterruptedException: sleep interrupted
2019-08-29 09:08:47,688 [grpc-default-executor-9] INFO  impl.RoleInfo (RoleInfo.java:updateAndGet(143)) - 287c1acf-8fb8-4c08-86a8-def1750c75af: start FollowerState
2019-08-29 09:08:47,688 [grpc-default-executor-5] INFO  impl.RoleInfo (RoleInfo.java:shutdownFollowerState(121)) - c4ca8910-c916-4cbf-826e-fde08f8bd5e0: shutdown FollowerState
2019-08-29 09:08:47,690 [grpc-default-executor-5] INFO  impl.RoleInfo (RoleInfo.java:updateAndGet(143)) - c4ca8910-c916-4cbf-826e-fde08f8bd5e0: start FollowerState
2019-08-29 09:08:47,690 [Thread-3526] INFO  impl.FollowerState (FollowerState.java:run(114)) - c4ca8910-c916-4cbf-826e-fde08f8bd5e0: FollowerState was interrupted: java.lang.InterruptedException: sleep interrupted
2019-08-29 09:08:47,719 [287c1acf-8fb8-4c08-86a8-def1750c75af-SegmentedRaftLogWorker:Storage Directory /workdir/hadoop-ozone/integration-test/target/test-dir/MiniOzoneClusterImpl-aa62adee-2aa8-4926-b259-289a460ec817/datanode-2/data/ratis/0b4d0acb-284b-4d4e-9489-5bf825871a3a] INFO  segmented.SegmentedRaftLogWorker (SegmentedRaftLogWorker.java:execute(569)) - 287c1acf-8fb8-4c08-86a8-def1750c75af-SegmentedRaftLogWorker:Storage Directory /workdir/hadoop-ozone/integration-test/target/test-dir/MiniOzoneClusterImpl-aa62adee-2aa8-4926-b259-289a460ec817/datanode-2/data/ratis/0b4d0acb-284b-4d4e-9489-5bf825871a3a: created new log segment /workdir/hadoop-ozone/integration-test/target/test-dir/MiniOzoneClusterImpl-aa62adee-2aa8-4926-b259-289a460ec817/datanode-2/data/ratis/0b4d0acb-284b-4d4e-9489-5bf825871a3a/current/log_inprogress_0
2019-08-29 09:08:47,722 [6b7ef66e-8765-47fb-bb7d-cec0d3804962:group-2A4E042E9F9A:LeaderElection68] INFO  impl.LeaderElection (LeaderElection.java:logAndReturn(56)) - 6b7ef66e-8765-47fb-bb7d-cec0d3804962:group-2A4E042E9F9A:LeaderElection68: Election PASSED; received 1 response(s) [6b7ef66e-8765-47fb-bb7d-cec0d3804962<-287c1acf-8fb8-4c08-86a8-def1750c75af#0:OK-t1] and 0 exception(s); 6b7ef66e-8765-47fb-bb7d-cec0d3804962:t1, leader=null, voted=6b7ef66e-8765-47fb-bb7d-cec0d3804962, raftlog=6b7ef66e-8765-47fb-bb7d-cec0d3804962-SegmentedRaftLog:OPENED:c-1,f-1,i0, conf=-1: [c4ca8910-c916-4cbf-826e-fde08f8bd5e0:192.168.69.90:35355, 6b7ef66e-8765-47fb-bb7d-cec0d3804962:192.168.69.90:37841, 287c1acf-8fb8-4c08-86a8-def1750c75af:192.168.69.90:41412], old=null
2019-08-29 09:08:47,722 [6b7ef66e-8765-47fb-bb7d-cec0d3804962:group-2A4E042E9F9A:LeaderElection68] INFO  impl.RoleInfo (RoleInfo.java:shutdownLeaderElection(134)) - 6b7ef66e-8765-47fb-bb7d-cec0d3804962: shutdown LeaderElection
2019-08-29 09:08:47,723 [6b7ef66e-8765-47fb-bb7d-cec0d3804962:group-2A4E042E9F9A:LeaderElection68] INFO  impl.RaftServerImpl (RaftServerImpl.java:setRole(171)) - 6b7ef66e-8765-47fb-bb7d-cec0d3804962:group-2A4E042E9F9A changes role from CANDIDATE to LEADER at term 1 for changeToLeader
2019-08-29 09:08:47,723 [6b7ef66e-8765-47fb-bb7d-cec0d3804962:group-2A4E042E9F9A:LeaderElection68] INFO  impl.RaftServerImpl (ServerState.java:setLeader(263)) - 6b7ef66e-8765-47fb-bb7d-cec0d3804962:group-2A4E042E9F9A change Leader from null to 6b7ef66e-8765-47fb-bb7d-cec0d3804962 at term 1 for becomeLeader, leader elected after 5158ms
2019-08-29 09:08:47,723 [6b7ef66e-8765-47fb-bb7d-cec0d3804962:group-2A4E042E9F9A:LeaderElection68] INFO  server.RaftServerConfigKeys (ConfUtils.java:logGet(43)) - raft.server.staging.catchup.gap = 1000 (default)
2019-08-29 09:08:47,724 [6b7ef66e-8765-47fb-bb7d-cec0d3804962:group-2A4E042E9F9A:LeaderElection68] INFO  server.RaftServerConfigKeys (ConfUtils.java:logGet(43)) - raft.server.rpc.sleep.time = 25ms (default)
2019-08-29 09:08:47,724 [6b7ef66e-8765-47fb-bb7d-cec0d3804962:group-2A4E042E9F9A:LeaderElection68] INFO  server.RaftServerConfigKeys (ConfUtils.java:logGet(43)) - raft.server.write.element-limit = 4096 (default)
2019-08-29 09:08:47,724 [6b7ef66e-8765-47fb-bb7d-cec0d3804962:group-2A4E042E9F9A:LeaderElection68] INFO  server.RaftServerConfigKeys (ConfUtils.java:logGet(43)) - raft.server.watch.timeout = 10s (default)
2019-08-29 09:08:47,724 [6b7ef66e-8765-47fb-bb7d-cec0d3804962:group-2A4E042E9F9A:LeaderElection68] INFO  server.RaftServerConfigKeys (ConfUtils.java:logGet(43)) - raft.server.watch.timeout.denomination = 1s (default)
2019-08-29 09:08:47,724 [6b7ef66e-8765-47fb-bb7d-cec0d3804962:group-2A4E042E9F9A:LeaderElection68] INFO  server.RaftServerConfigKeys (ConfUtils.java:logGet(43)) - raft.server.watch.element-limit = 65536 (default)
2019-08-29 09:08:47,724 [6b7ef66e-8765-47fb-bb7d-cec0d3804962:group-2A4E042E9F9A:LeaderElection68] INFO  server.RaftServerConfigKeys (ConfUtils.java:logGet(43)) - raft.server.log.appender.snapshot.chunk.size.max = 16MB (=16777216) (default)
2019-08-29 09:08:47,725 [6b7ef66e-8765-47fb-bb7d-cec0d3804962:group-2A4E042E9F9A:LeaderElection68] INFO  server.RaftServerConfigKeys (ConfUtils.java:logGet(43)) - raft.server.log.appender.buffer.byte-limit = 33554432 (custom)
2019-08-29 09:08:47,725 [6b7ef66e-8765-47fb-bb7d-cec0d3804962:group-2A4E042E9F9A:LeaderElection68] INFO  server.RaftServerConfigKeys (ConfUtils.java:logGet(43)) - raft.server.log.appender.buffer.element-limit = 1 (custom)
2019-08-29 09:08:47,725 [6b7ef66e-8765-47fb-bb7d-cec0d3804962:group-2A4E042E9F9A:LeaderElection68] INFO  grpc.GrpcConfigKeys$Server (ConfUtils.java:logGet(43)) - raft.grpc.server.leader.outstanding.appends.max = 128 (default)
2019-08-29 09:08:47,725 [6b7ef66e-8765-47fb-bb7d-cec0d3804962:group-2A4E042E9F9A:LeaderElection68] INFO  server.RaftServerConfigKeys (ConfUtils.java:logGet(43)) - raft.server.rpc.request.timeout = 3000ms (default)
2019-08-29 09:08:47,725 [6b7ef66e-8765-47fb-bb7d-cec0d3804962:group-2A4E042E9F9A:LeaderElection68] INFO  server.RaftServerConfigKeys (ConfUtils.java:logGet(43)) - raft.server.log.appender.install.snapshot.enabled = false (custom)
2019-08-29 09:08:47,725 [6b7ef66e-8765-47fb-bb7d-cec0d3804962:group-2A4E042E9F9A:LeaderElection68] INFO  server.RaftServerConfigKeys (ConfUtils.java:logGet(43)) - raft.server.log.appender.snapshot.chunk.size.max = 16MB (=16777216) (default)
2019-08-29 09:08:47,725 [6b7ef66e-8765-47fb-bb7d-cec0d3804962:group-2A4E042E9F9A:LeaderElection68] INFO  server.RaftServerConfigKeys (ConfUtils.java:logGet(43)) - raft.server.log.appender.buffer.byte-limit = 33554432 (custom)
2019-08-29 09:08:47,725 [6b7ef66e-8765-47fb-bb7d-cec0d3804962:group-2A4E042E9F9A:LeaderElection68] INFO  server.RaftServerConfigKeys (ConfUtils.java:logGet(43)) - raft.server.log.appender.buffer.element-limit = 1 (custom)
2019-08-29 09:08:47,725 [6b7ef66e-8765-47fb-bb7d-cec0d3804962:group-2A4E042E9F9A:LeaderElection68] INFO  grpc.GrpcConfigKeys$Server (ConfUtils.java:logGet(43)) - raft.grpc.server.leader.outstanding.appends.max = 128 (default)
2019-08-29 09:08:47,726 [6b7ef66e-8765-47fb-bb7d-cec0d3804962:group-2A4E042E9F9A:LeaderElection68] INFO  server.RaftServerConfigKeys (ConfUtils.java:logGet(43)) - raft.server.rpc.request.timeout = 3000ms (default)
2019-08-29 09:08:47,726 [6b7ef66e-8765-47fb-bb7d-cec0d3804962:group-2A4E042E9F9A:LeaderElection68] INFO  server.RaftServerConfigKeys (ConfUtils.java:logGet(43)) - raft.server.log.appender.install.snapshot.enabled = false (custom)
2019-08-29 09:08:47,726 [6b7ef66e-8765-47fb-bb7d-cec0d3804962:group-2A4E042E9F9A:LeaderElection68] INFO  impl.RoleInfo (RoleInfo.java:updateAndGet(143)) - 6b7ef66e-8765-47fb-bb7d-cec0d3804962: start LeaderState
2019-08-29 09:08:47,726 [6b7ef66e-8765-47fb-bb7d-cec0d3804962:group-2A4E042E9F9A:LeaderElection68] INFO  segmented.SegmentedRaftLogWorker (SegmentedRaftLogWorker.java:startLogSegment(380)) - 6b7ef66e-8765-47fb-bb7d-cec0d3804962-SegmentedRaftLogWorker:Storage Directory /workdir/hadoop-ozone/integration-test/target/test-dir/MiniOzoneClusterImpl-aa62adee-2aa8-4926-b259-289a460ec817/datanode-0/data/ratis/025c6614-c66d-4f96-8b70-2a4e042e9f9a: Starting segment from index:0
2019-08-29 09:08:47,726 [6b7ef66e-8765-47fb-bb7d-cec0d3804962:group-2A4E042E9F9A:LeaderElection68] INFO  impl.RaftServerImpl (ServerState.java:setRaftConf(361)) - 6b7ef66e-8765-47fb-bb7d-cec0d3804962:group-2A4E042E9F9A set configuration 0: [c4ca8910-c916-4cbf-826e-fde08f8bd5e0:192.168.69.90:35355, 6b7ef66e-8765-47fb-bb7d-cec0d3804962:192.168.69.90:37841, 287c1acf-8fb8-4c08-86a8-def1750c75af:192.168.69.90:41412], old=null at 0
2019-08-29 09:08:47,753 | INFO  | SCMAudit | user=jenkins1000 | ip=192.168.69.90 | op=SEND_HEARTBEAT {datanodeUUID=6b7ef66e-8765-47fb-bb7d-cec0d3804962, command=[]} | ret=SUCCESS |  
2019-08-29 09:08:47,754 [grpc-default-executor-9] INFO  impl.RaftServerImpl (ServerState.java:setLeader(263)) - 287c1acf-8fb8-4c08-86a8-def1750c75af:group-2A4E042E9F9A change Leader from null to 6b7ef66e-8765-47fb-bb7d-cec0d3804962 at term 1 for appendEntries, leader elected after 5188ms
2019-08-29 09:08:47,754 [grpc-default-executor-5] INFO  impl.RaftServerImpl (ServerState.java:setLeader(263)) - c4ca8910-c916-4cbf-826e-fde08f8bd5e0:group-2A4E042E9F9A change Leader from null to 6b7ef66e-8765-47fb-bb7d-cec0d3804962 at term 1 for appendEntries, leader elected after 5189ms
2019-08-29 09:08:47,766 [6b7ef66e-8765-47fb-bb7d-cec0d3804962-SegmentedRaftLogWorker:Storage Directory /workdir/hadoop-ozone/integration-test/target/test-dir/MiniOzoneClusterImpl-aa62adee-2aa8-4926-b259-289a460ec817/datanode-0/data/ratis/025c6614-c66d-4f96-8b70-2a4e042e9f9a] INFO  segmented.SegmentedRaftLogWorker (SegmentedRaftLogWorker.java:execute(569)) - 6b7ef66e-8765-47fb-bb7d-cec0d3804962-SegmentedRaftLogWorker:Storage Directory /workdir/hadoop-ozone/integration-test/target/test-dir/MiniOzoneClusterImpl-aa62adee-2aa8-4926-b259-289a460ec817/datanode-0/data/ratis/025c6614-c66d-4f96-8b70-2a4e042e9f9a: created new log segment /workdir/hadoop-ozone/integration-test/target/test-dir/MiniOzoneClusterImpl-aa62adee-2aa8-4926-b259-289a460ec817/datanode-0/data/ratis/025c6614-c66d-4f96-8b70-2a4e042e9f9a/current/log_inprogress_0
2019-08-29 09:08:47,766 [grpc-default-executor-5] INFO  impl.RaftServerImpl (ServerState.java:setRaftConf(361)) - 287c1acf-8fb8-4c08-86a8-def1750c75af:group-2A4E042E9F9A set configuration 0: [c4ca8910-c916-4cbf-826e-fde08f8bd5e0:192.168.69.90:35355, 6b7ef66e-8765-47fb-bb7d-cec0d3804962:192.168.69.90:37841, 287c1acf-8fb8-4c08-86a8-def1750c75af:192.168.69.90:41412], old=null at 0
2019-08-29 09:08:47,766 [grpc-default-executor-9] INFO  impl.RaftServerImpl (ServerState.java:setRaftConf(361)) - c4ca8910-c916-4cbf-826e-fde08f8bd5e0:group-2A4E042E9F9A set configuration 0: [c4ca8910-c916-4cbf-826e-fde08f8bd5e0:192.168.69.90:35355, 6b7ef66e-8765-47fb-bb7d-cec0d3804962:192.168.69.90:37841, 287c1acf-8fb8-4c08-86a8-def1750c75af:192.168.69.90:41412], old=null at 0
2019-08-29 09:08:47,767 [grpc-default-executor-5] INFO  segmented.SegmentedRaftLogWorker (SegmentedRaftLogWorker.java:startLogSegment(380)) - 287c1acf-8fb8-4c08-86a8-def1750c75af-SegmentedRaftLogWorker:Storage Directory /workdir/hadoop-ozone/integration-test/target/test-dir/MiniOzoneClusterImpl-aa62adee-2aa8-4926-b259-289a460ec817/datanode-2/data/ratis/025c6614-c66d-4f96-8b70-2a4e042e9f9a: Starting segment from index:0
2019-08-29 09:08:47,767 [grpc-default-executor-9] INFO  segmented.SegmentedRaftLogWorker (SegmentedRaftLogWorker.java:startLogSegment(380)) - c4ca8910-c916-4cbf-826e-fde08f8bd5e0-SegmentedRaftLogWorker:Storage Directory /workdir/hadoop-ozone/integration-test/target/test-dir/MiniOzoneClusterImpl-aa62adee-2aa8-4926-b259-289a460ec817/datanode-1/data/ratis/025c6614-c66d-4f96-8b70-2a4e042e9f9a: Starting segment from index:0
2019-08-29 09:08:47,819 [c4ca8910-c916-4cbf-826e-fde08f8bd5e0-SegmentedRaftLogWorker:Storage Directory /workdir/hadoop-ozone/integration-test/target/test-dir/MiniOzoneClusterImpl-aa62adee-2aa8-4926-b259-289a460ec817/datanode-1/data/ratis/025c6614-c66d-4f96-8b70-2a4e042e9f9a] INFO  segmented.SegmentedRaftLogWorker (SegmentedRaftLogWorker.java:execute(569)) - c4ca8910-c916-4cbf-826e-fde08f8bd5e0-SegmentedRaftLogWorker:Storage Directory /workdir/hadoop-ozone/integration-test/target/test-dir/MiniOzoneClusterImpl-aa62adee-2aa8-4926-b259-289a460ec817/datanode-1/data/ratis/025c6614-c66d-4f96-8b70-2a4e042e9f9a: created new log segment /workdir/hadoop-ozone/integration-test/target/test-dir/MiniOzoneClusterImpl-aa62adee-2aa8-4926-b259-289a460ec817/datanode-1/data/ratis/025c6614-c66d-4f96-8b70-2a4e042e9f9a/current/log_inprogress_0
2019-08-29 09:08:47,819 [287c1acf-8fb8-4c08-86a8-def1750c75af-SegmentedRaftLogWorker:Storage Directory /workdir/hadoop-ozone/integration-test/target/test-dir/MiniOzoneClusterImpl-aa62adee-2aa8-4926-b259-289a460ec817/datanode-2/data/ratis/025c6614-c66d-4f96-8b70-2a4e042e9f9a] INFO  segmented.SegmentedRaftLogWorker (SegmentedRaftLogWorker.java:execute(569)) - 287c1acf-8fb8-4c08-86a8-def1750c75af-SegmentedRaftLogWorker:Storage Directory /workdir/hadoop-ozone/integration-test/target/test-dir/MiniOzoneClusterImpl-aa62adee-2aa8-4926-b259-289a460ec817/datanode-2/data/ratis/025c6614-c66d-4f96-8b70-2a4e042e9f9a: created new log segment /workdir/hadoop-ozone/integration-test/target/test-dir/MiniOzoneClusterImpl-aa62adee-2aa8-4926-b259-289a460ec817/datanode-2/data/ratis/025c6614-c66d-4f96-8b70-2a4e042e9f9a/current/log_inprogress_0
2019-08-29 09:08:47,858 | INFO  | SCMAudit | user=jenkins1000 | ip=192.168.69.90 | op=SEND_HEARTBEAT {datanodeUUID=4a185089-c3e3-4847-8da3-ffacd891fd5e, command=[]} | ret=SUCCESS |  
2019-08-29 09:08:47,904 [Thread-3535] INFO  impl.FollowerState (FollowerState.java:run(106)) - 90376809-6c3e-4bbd-b4c1-5f430b81f277:group-CABBD6C206F4 changes to CANDIDATE, lastRpcTime:5176, electionTimeout:5176ms
2019-08-29 09:08:47,904 [Thread-3535] INFO  impl.RoleInfo (RoleInfo.java:shutdownFollowerState(121)) - 90376809-6c3e-4bbd-b4c1-5f430b81f277: shutdown FollowerState
2019-08-29 09:08:47,904 [Thread-3535] INFO  impl.RaftServerImpl (RaftServerImpl.java:setRole(171)) - 90376809-6c3e-4bbd-b4c1-5f430b81f277:group-CABBD6C206F4 changes role from FOLLOWER to CANDIDATE at term 0 for changeToCandidate
2019-08-29 09:08:47,905 [Thread-3535] INFO  impl.RoleInfo (RoleInfo.java:updateAndGet(143)) - 90376809-6c3e-4bbd-b4c1-5f430b81f277: start LeaderElection
2019-08-29 09:08:47,927 [90376809-6c3e-4bbd-b4c1-5f430b81f277:group-CABBD6C206F4:LeaderElection69] INFO  impl.LeaderElection (LeaderElection.java:askForVotes(181)) - 90376809-6c3e-4bbd-b4c1-5f430b81f277:group-CABBD6C206F4:LeaderElection69: begin an election at term 1 for -1: [90376809-6c3e-4bbd-b4c1-5f430b81f277:192.168.69.90:39110], old=null
2019-08-29 09:08:47,927 [90376809-6c3e-4bbd-b4c1-5f430b81f277:group-CABBD6C206F4:LeaderElection69] INFO  impl.RoleInfo (RoleInfo.java:shutdownLeaderElection(134)) - 90376809-6c3e-4bbd-b4c1-5f430b81f277: shutdown LeaderElection
2019-08-29 09:08:47,927 [90376809-6c3e-4bbd-b4c1-5f430b81f277:group-CABBD6C206F4:LeaderElection69] INFO  impl.RaftServerImpl (RaftServerImpl.java:setRole(171)) - 90376809-6c3e-4bbd-b4c1-5f430b81f277:group-CABBD6C206F4 changes role from CANDIDATE to LEADER at term 1 for changeToLeader
2019-08-29 09:08:47,927 [90376809-6c3e-4bbd-b4c1-5f430b81f277:group-CABBD6C206F4:LeaderElection69] INFO  impl.RaftServerImpl (ServerState.java:setLeader(263)) - 90376809-6c3e-4bbd-b4c1-5f430b81f277:group-CABBD6C206F4 change Leader from null to 90376809-6c3e-4bbd-b4c1-5f430b81f277 at term 1 for becomeLeader, leader elected after 5203ms
2019-08-29 09:08:47,927 [90376809-6c3e-4bbd-b4c1-5f430b81f277:group-CABBD6C206F4:LeaderElection69] INFO  server.RaftServerConfigKeys (ConfUtils.java:logGet(43)) - raft.server.staging.catchup.gap = 1000 (default)
2019-08-29 09:08:47,927 [90376809-6c3e-4bbd-b4c1-5f430b81f277:group-CABBD6C206F4:LeaderElection69] INFO  server.RaftServerConfigKeys (ConfUtils.java:logGet(43)) - raft.server.rpc.sleep.time = 25ms (default)
2019-08-29 09:08:47,927 [90376809-6c3e-4bbd-b4c1-5f430b81f277:group-CABBD6C206F4:LeaderElection69] INFO  server.RaftServerConfigKeys (ConfUtils.java:logGet(43)) - raft.server.write.element-limit = 4096 (default)
2019-08-29 09:08:47,927 [90376809-6c3e-4bbd-b4c1-5f430b81f277:group-CABBD6C206F4:LeaderElection69] INFO  server.RaftServerConfigKeys (ConfUtils.java:logGet(43)) - raft.server.watch.timeout = 10s (default)
2019-08-29 09:08:47,928 [90376809-6c3e-4bbd-b4c1-5f430b81f277:group-CABBD6C206F4:LeaderElection69] INFO  server.RaftServerConfigKeys (ConfUtils.java:logGet(43)) - raft.server.watch.timeout.denomination = 1s (default)
2019-08-29 09:08:47,928 [90376809-6c3e-4bbd-b4c1-5f430b81f277:group-CABBD6C206F4:LeaderElection69] INFO  server.RaftServerConfigKeys (ConfUtils.java:logGet(43)) - raft.server.watch.element-limit = 65536 (default)
2019-08-29 09:08:47,928 [90376809-6c3e-4bbd-b4c1-5f430b81f277:group-CABBD6C206F4:LeaderElection69] INFO  impl.RoleInfo (RoleInfo.java:updateAndGet(143)) - 90376809-6c3e-4bbd-b4c1-5f430b81f277: start LeaderState
2019-08-29 09:08:47,928 [90376809-6c3e-4bbd-b4c1-5f430b81f277:group-CABBD6C206F4:LeaderElection69] INFO  segmented.SegmentedRaftLogWorker (SegmentedRaftLogWorker.java:startLogSegment(380)) - 90376809-6c3e-4bbd-b4c1-5f430b81f277-SegmentedRaftLogWorker:Storage Directory /workdir/hadoop-ozone/integration-test/target/test-dir/MiniOzoneClusterImpl-aa62adee-2aa8-4926-b259-289a460ec817/datanode-3/data/ratis/3c9b5699-ffe9-43f5-9b6e-cabbd6c206f4: Starting segment from index:0
2019-08-29 09:08:47,928 [90376809-6c3e-4bbd-b4c1-5f430b81f277:group-CABBD6C206F4:LeaderElection69] INFO  impl.RaftServerImpl (ServerState.java:setRaftConf(361)) - 90376809-6c3e-4bbd-b4c1-5f430b81f277:group-CABBD6C206F4 set configuration 0: [90376809-6c3e-4bbd-b4c1-5f430b81f277:192.168.69.90:39110], old=null at 0
2019-08-29 09:08:47,970 [90376809-6c3e-4bbd-b4c1-5f430b81f277-SegmentedRaftLogWorker:Storage Directory /workdir/hadoop-ozone/integration-test/target/test-dir/MiniOzoneClusterImpl-aa62adee-2aa8-4926-b259-289a460ec817/datanode-3/data/ratis/3c9b5699-ffe9-43f5-9b6e-cabbd6c206f4] INFO  segmented.SegmentedRaftLogWorker (SegmentedRaftLogWorker.java:execute(569)) - 90376809-6c3e-4bbd-b4c1-5f430b81f277-SegmentedRaftLogWorker:Storage Directory /workdir/hadoop-ozone/integration-test/target/test-dir/MiniOzoneClusterImpl-aa62adee-2aa8-4926-b259-289a460ec817/datanode-3/data/ratis/3c9b5699-ffe9-43f5-9b6e-cabbd6c206f4: created new log segment /workdir/hadoop-ozone/integration-test/target/test-dir/MiniOzoneClusterImpl-aa62adee-2aa8-4926-b259-289a460ec817/datanode-3/data/ratis/3c9b5699-ffe9-43f5-9b6e-cabbd6c206f4/current/log_inprogress_0
2019-08-29 09:08:48,088 | INFO  | SCMAudit | user=jenkins1000 | ip=192.168.69.90 | op=SEND_HEARTBEAT {datanodeUUID=89389896-6107-44d3-8107-f3dd9a061ca0, command=[]} | ret=SUCCESS |  
2019-08-29 09:08:48,222 | INFO  | SCMAudit | user=jenkins1000 | ip=192.168.69.90 | op=SEND_HEARTBEAT {datanodeUUID=c4ca8910-c916-4cbf-826e-fde08f8bd5e0, command=[]} | ret=SUCCESS |  
2019-08-29 09:08:48,245 [Thread-3541] INFO  impl.FollowerState (FollowerState.java:run(106)) - 89389896-6107-44d3-8107-f3dd9a061ca0:group-0BD182A58895 changes to CANDIDATE, lastRpcTime:5025, electionTimeout:5025ms
2019-08-29 09:08:48,245 [Thread-3541] INFO  impl.RoleInfo (RoleInfo.java:shutdownFollowerState(121)) - 89389896-6107-44d3-8107-f3dd9a061ca0: shutdown FollowerState
2019-08-29 09:08:48,245 [Thread-3541] INFO  impl.RaftServerImpl (RaftServerImpl.java:setRole(171)) - 89389896-6107-44d3-8107-f3dd9a061ca0:group-0BD182A58895 changes role from FOLLOWER to CANDIDATE at term 0 for changeToCandidate
2019-08-29 09:08:48,245 [Thread-3541] INFO  impl.RoleInfo (RoleInfo.java:updateAndGet(143)) - 89389896-6107-44d3-8107-f3dd9a061ca0: start LeaderElection
2019-08-29 09:08:48,257 [Thread-3538] INFO  impl.FollowerState (FollowerState.java:run(106)) - 4a185089-c3e3-4847-8da3-ffacd891fd5e:group-D0244731D3ED changes to CANDIDATE, lastRpcTime:5088, electionTimeout:5088ms
2019-08-29 09:08:48,257 [Thread-3538] INFO  impl.RoleInfo (RoleInfo.java:shutdownFollowerState(121)) - 4a185089-c3e3-4847-8da3-ffacd891fd5e: shutdown FollowerState
2019-08-29 09:08:48,257 [Thread-3538] INFO  impl.RaftServerImpl (RaftServerImpl.java:setRole(171)) - 4a185089-c3e3-4847-8da3-ffacd891fd5e:group-D0244731D3ED changes role from FOLLOWER to CANDIDATE at term 0 for changeToCandidate
2019-08-29 09:08:48,257 [Thread-3538] INFO  impl.RoleInfo (RoleInfo.java:updateAndGet(143)) - 4a185089-c3e3-4847-8da3-ffacd891fd5e: start LeaderElection
2019-08-29 09:08:48,274 [89389896-6107-44d3-8107-f3dd9a061ca0:group-0BD182A58895:LeaderElection70] INFO  impl.LeaderElection (LeaderElection.java:askForVotes(181)) - 89389896-6107-44d3-8107-f3dd9a061ca0:group-0BD182A58895:LeaderElection70: begin an election at term 1 for -1: [89389896-6107-44d3-8107-f3dd9a061ca0:192.168.69.90:35768], old=null
2019-08-29 09:08:48,274 [4a185089-c3e3-4847-8da3-ffacd891fd5e:group-D0244731D3ED:LeaderElection71] INFO  impl.LeaderElection (LeaderElection.java:askForVotes(181)) - 4a185089-c3e3-4847-8da3-ffacd891fd5e:group-D0244731D3ED:LeaderElection71: begin an election at term 1 for -1: [4a185089-c3e3-4847-8da3-ffacd891fd5e:192.168.69.90:37623], old=null
2019-08-29 09:08:48,274 [89389896-6107-44d3-8107-f3dd9a061ca0:group-0BD182A58895:LeaderElection70] INFO  impl.RoleInfo (RoleInfo.java:shutdownLeaderElection(134)) - 89389896-6107-44d3-8107-f3dd9a061ca0: shutdown LeaderElection
2019-08-29 09:08:48,274 [4a185089-c3e3-4847-8da3-ffacd891fd5e:group-D0244731D3ED:LeaderElection71] INFO  impl.RoleInfo (RoleInfo.java:shutdownLeaderElection(134)) - 4a185089-c3e3-4847-8da3-ffacd891fd5e: shutdown LeaderElection
2019-08-29 09:08:48,275 [89389896-6107-44d3-8107-f3dd9a061ca0:group-0BD182A58895:LeaderElection70] INFO  impl.RaftServerImpl (RaftServerImpl.java:setRole(171)) - 89389896-6107-44d3-8107-f3dd9a061ca0:group-0BD182A58895 changes role from CANDIDATE to LEADER at term 1 for changeToLeader
2019-08-29 09:08:48,275 [4a185089-c3e3-4847-8da3-ffacd891fd5e:group-D0244731D3ED:LeaderElection71] INFO  impl.RaftServerImpl (RaftServerImpl.java:setRole(171)) - 4a185089-c3e3-4847-8da3-ffacd891fd5e:group-D0244731D3ED changes role from CANDIDATE to LEADER at term 1 for changeToLeader
2019-08-29 09:08:48,275 [89389896-6107-44d3-8107-f3dd9a061ca0:group-0BD182A58895:LeaderElection70] INFO  impl.RaftServerImpl (ServerState.java:setLeader(263)) - 89389896-6107-44d3-8107-f3dd9a061ca0:group-0BD182A58895 change Leader from null to 89389896-6107-44d3-8107-f3dd9a061ca0 at term 1 for becomeLeader, leader elected after 5058ms
2019-08-29 09:08:48,275 [4a185089-c3e3-4847-8da3-ffacd891fd5e:group-D0244731D3ED:LeaderElection71] INFO  impl.RaftServerImpl (ServerState.java:setLeader(263)) - 4a185089-c3e3-4847-8da3-ffacd891fd5e:group-D0244731D3ED change Leader from null to 4a185089-c3e3-4847-8da3-ffacd891fd5e at term 1 for becomeLeader, leader elected after 5111ms
2019-08-29 09:08:48,275 [89389896-6107-44d3-8107-f3dd9a061ca0:group-0BD182A58895:LeaderElection70] INFO  server.RaftServerConfigKeys (ConfUtils.java:logGet(43)) - raft.server.staging.catchup.gap = 1000 (default)
2019-08-29 09:08:48,275 [4a185089-c3e3-4847-8da3-ffacd891fd5e:group-D0244731D3ED:LeaderElection71] INFO  server.RaftServerConfigKeys (ConfUtils.java:logGet(43)) - raft.server.staging.catchup.gap = 1000 (default)
2019-08-29 09:08:48,275 [89389896-6107-44d3-8107-f3dd9a061ca0:group-0BD182A58895:LeaderElection70] INFO  server.RaftServerConfigKeys (ConfUtils.java:logGet(43)) - raft.server.rpc.sleep.time = 25ms (default)
2019-08-29 09:08:48,275 [4a185089-c3e3-4847-8da3-ffacd891fd5e:group-D0244731D3ED:LeaderElection71] INFO  server.RaftServerConfigKeys (ConfUtils.java:logGet(43)) - raft.server.rpc.sleep.time = 25ms (default)
2019-08-29 09:08:48,276 [89389896-6107-44d3-8107-f3dd9a061ca0:group-0BD182A58895:LeaderElection70] INFO  server.RaftServerConfigKeys (ConfUtils.java:logGet(43)) - raft.server.write.element-limit = 4096 (default)
2019-08-29 09:08:48,276 [4a185089-c3e3-4847-8da3-ffacd891fd5e:group-D0244731D3ED:LeaderElection71] INFO  server.RaftServerConfigKeys (ConfUtils.java:logGet(43)) - raft.server.write.element-limit = 4096 (default)
2019-08-29 09:08:48,276 [89389896-6107-44d3-8107-f3dd9a061ca0:group-0BD182A58895:LeaderElection70] INFO  server.RaftServerConfigKeys (ConfUtils.java:logGet(43)) - raft.server.watch.timeout = 10s (default)
2019-08-29 09:08:48,276 [4a185089-c3e3-4847-8da3-ffacd891fd5e:group-D0244731D3ED:LeaderElection71] INFO  server.RaftServerConfigKeys (ConfUtils.java:logGet(43)) - raft.server.watch.timeout = 10s (default)
2019-08-29 09:08:48,276 [89389896-6107-44d3-8107-f3dd9a061ca0:group-0BD182A58895:LeaderElection70] INFO  server.RaftServerConfigKeys (ConfUtils.java:logGet(43)) - raft.server.watch.timeout.denomination = 1s (default)
2019-08-29 09:08:48,276 [4a185089-c3e3-4847-8da3-ffacd891fd5e:group-D0244731D3ED:LeaderElection71] INFO  server.RaftServerConfigKeys (ConfUtils.java:logGet(43)) - raft.server.watch.timeout.denomination = 1s (default)
2019-08-29 09:08:48,276 [89389896-6107-44d3-8107-f3dd9a061ca0:group-0BD182A58895:LeaderElection70] INFO  server.RaftServerConfigKeys (ConfUtils.java:logGet(43)) - raft.server.watch.element-limit = 65536 (default)
2019-08-29 09:08:48,276 [4a185089-c3e3-4847-8da3-ffacd891fd5e:group-D0244731D3ED:LeaderElection71] INFO  server.RaftServerConfigKeys (ConfUtils.java:logGet(43)) - raft.server.watch.element-limit = 65536 (default)
2019-08-29 09:08:48,276 [89389896-6107-44d3-8107-f3dd9a061ca0:group-0BD182A58895:LeaderElection70] INFO  impl.RoleInfo (RoleInfo.java:updateAndGet(143)) - 89389896-6107-44d3-8107-f3dd9a061ca0: start LeaderState
2019-08-29 09:08:48,277 [4a185089-c3e3-4847-8da3-ffacd891fd5e:group-D0244731D3ED:LeaderElection71] INFO  impl.RoleInfo (RoleInfo.java:updateAndGet(143)) - 4a185089-c3e3-4847-8da3-ffacd891fd5e: start LeaderState
2019-08-29 09:08:48,277 [89389896-6107-44d3-8107-f3dd9a061ca0:group-0BD182A58895:LeaderElection70] INFO  segmented.SegmentedRaftLogWorker (SegmentedRaftLogWorker.java:startLogSegment(380)) - 89389896-6107-44d3-8107-f3dd9a061ca0-SegmentedRaftLogWorker:Storage Directory /workdir/hadoop-ozone/integration-test/target/test-dir/MiniOzoneClusterImpl-aa62adee-2aa8-4926-b259-289a460ec817/datanode-5/data/ratis/b0138b18-d193-4db8-b8d5-0bd182a58895: Starting segment from index:0
2019-08-29 09:08:48,277 [4a185089-c3e3-4847-8da3-ffacd891fd5e:group-D0244731D3ED:LeaderElection71] INFO  segmented.SegmentedRaftLogWorker (SegmentedRaftLogWorker.java:startLogSegment(380)) - 4a185089-c3e3-4847-8da3-ffacd891fd5e-SegmentedRaftLogWorker:Storage Directory /workdir/hadoop-ozone/integration-test/target/test-dir/MiniOzoneClusterImpl-aa62adee-2aa8-4926-b259-289a460ec817/datanode-4/data/ratis/f65cd314-c1a5-469f-9557-d0244731d3ed: Starting segment from index:0
2019-08-29 09:08:48,277 [89389896-6107-44d3-8107-f3dd9a061ca0:group-0BD182A58895:LeaderElection70] INFO  impl.RaftServerImpl (ServerState.java:setRaftConf(361)) - 89389896-6107-44d3-8107-f3dd9a061ca0:group-0BD182A58895 set configuration 0: [89389896-6107-44d3-8107-f3dd9a061ca0:192.168.69.90:35768], old=null at 0
2019-08-29 09:08:48,277 [4a185089-c3e3-4847-8da3-ffacd891fd5e:group-D0244731D3ED:LeaderElection71] INFO  impl.RaftServerImpl (ServerState.java:setRaftConf(361)) - 4a185089-c3e3-4847-8da3-ffacd891fd5e:group-D0244731D3ED set configuration 0: [4a185089-c3e3-4847-8da3-ffacd891fd5e:192.168.69.90:37623], old=null at 0
2019-08-29 09:08:48,323 | INFO  | SCMAudit | user=jenkins1000 | ip=192.168.69.90 | op=SEND_HEARTBEAT {datanodeUUID=857a8550-9455-4d64-9aa1-3b6e67bf160a, command=[]} | ret=SUCCESS |  
2019-08-29 09:08:48,324 [4a185089-c3e3-4847-8da3-ffacd891fd5e-SegmentedRaftLogWorker:Storage Directory /workdir/hadoop-ozone/integration-test/target/test-dir/MiniOzoneClusterImpl-aa62adee-2aa8-4926-b259-289a460ec817/datanode-4/data/ratis/f65cd314-c1a5-469f-9557-d0244731d3ed] INFO  segmented.SegmentedRaftLogWorker (SegmentedRaftLogWorker.java:execute(569)) - 4a185089-c3e3-4847-8da3-ffacd891fd5e-SegmentedRaftLogWorker:Storage Directory /workdir/hadoop-ozone/integration-test/target/test-dir/MiniOzoneClusterImpl-aa62adee-2aa8-4926-b259-289a460ec817/datanode-4/data/ratis/f65cd314-c1a5-469f-9557-d0244731d3ed: created new log segment /workdir/hadoop-ozone/integration-test/target/test-dir/MiniOzoneClusterImpl-aa62adee-2aa8-4926-b259-289a460ec817/datanode-4/data/ratis/f65cd314-c1a5-469f-9557-d0244731d3ed/current/log_inprogress_0
2019-08-29 09:08:48,324 [89389896-6107-44d3-8107-f3dd9a061ca0-SegmentedRaftLogWorker:Storage Directory /workdir/hadoop-ozone/integration-test/target/test-dir/MiniOzoneClusterImpl-aa62adee-2aa8-4926-b259-289a460ec817/datanode-5/data/ratis/b0138b18-d193-4db8-b8d5-0bd182a58895] INFO  segmented.SegmentedRaftLogWorker (SegmentedRaftLogWorker.java:execute(569)) - 89389896-6107-44d3-8107-f3dd9a061ca0-SegmentedRaftLogWorker:Storage Directory /workdir/hadoop-ozone/integration-test/target/test-dir/MiniOzoneClusterImpl-aa62adee-2aa8-4926-b259-289a460ec817/datanode-5/data/ratis/b0138b18-d193-4db8-b8d5-0bd182a58895: created new log segment /workdir/hadoop-ozone/integration-test/target/test-dir/MiniOzoneClusterImpl-aa62adee-2aa8-4926-b259-289a460ec817/datanode-5/data/ratis/b0138b18-d193-4db8-b8d5-0bd182a58895/current/log_inprogress_0
2019-08-29 09:08:48,381 [Thread-3547] INFO  impl.FollowerState (FollowerState.java:run(106)) - 89389896-6107-44d3-8107-f3dd9a061ca0:group-2DFE7DEBA6BF changes to CANDIDATE, lastRpcTime:5077, electionTimeout:5077ms
2019-08-29 09:08:48,382 [Thread-3547] INFO  impl.RoleInfo (RoleInfo.java:shutdownFollowerState(121)) - 89389896-6107-44d3-8107-f3dd9a061ca0: shutdown FollowerState
2019-08-29 09:08:48,382 [Thread-3547] INFO  impl.RaftServerImpl (RaftServerImpl.java:setRole(171)) - 89389896-6107-44d3-8107-f3dd9a061ca0:group-2DFE7DEBA6BF changes role from FOLLOWER to CANDIDATE at term 0 for changeToCandidate
2019-08-29 09:08:48,382 [Thread-3547] INFO  impl.RoleInfo (RoleInfo.java:updateAndGet(143)) - 89389896-6107-44d3-8107-f3dd9a061ca0: start LeaderElection
2019-08-29 09:08:48,418 [89389896-6107-44d3-8107-f3dd9a061ca0:group-2DFE7DEBA6BF:LeaderElection72] INFO  impl.LeaderElection (LeaderElection.java:askForVotes(181)) - 89389896-6107-44d3-8107-f3dd9a061ca0:group-2DFE7DEBA6BF:LeaderElection72: begin an election at term 1 for -1: [89389896-6107-44d3-8107-f3dd9a061ca0:192.168.69.90:35768, 90376809-6c3e-4bbd-b4c1-5f430b81f277:192.168.69.90:39110, 4a185089-c3e3-4847-8da3-ffacd891fd5e:192.168.69.90:37623], old=null
2019-08-29 09:08:48,428 [Thread-3553] INFO  impl.FollowerState (FollowerState.java:run(106)) - 857a8550-9455-4d64-9aa1-3b6e67bf160a:group-AC45E3A63BF1 changes to CANDIDATE, lastRpcTime:5023, electionTimeout:5023ms
2019-08-29 09:08:48,428 [Thread-3553] INFO  impl.RoleInfo (RoleInfo.java:shutdownFollowerState(121)) - 857a8550-9455-4d64-9aa1-3b6e67bf160a: shutdown FollowerState
2019-08-29 09:08:48,428 [Thread-3553] INFO  impl.RaftServerImpl (RaftServerImpl.java:setRole(171)) - 857a8550-9455-4d64-9aa1-3b6e67bf160a:group-AC45E3A63BF1 changes role from FOLLOWER to CANDIDATE at term 0 for changeToCandidate
2019-08-29 09:08:48,428 [Thread-3553] INFO  impl.RoleInfo (RoleInfo.java:updateAndGet(143)) - 857a8550-9455-4d64-9aa1-3b6e67bf160a: start LeaderElection
2019-08-29 09:08:48,434 [grpc-default-executor-9] INFO  impl.RaftServerImpl (RaftServerImpl.java:setRole(171)) - 4a185089-c3e3-4847-8da3-ffacd891fd5e:group-2DFE7DEBA6BF changes role from FOLLOWER to FOLLOWER at term 1 for recognizeCandidate:89389896-6107-44d3-8107-f3dd9a061ca0
2019-08-29 09:08:48,434 [grpc-default-executor-5] INFO  impl.RaftServerImpl (RaftServerImpl.java:setRole(171)) - 90376809-6c3e-4bbd-b4c1-5f430b81f277:group-2DFE7DEBA6BF changes role from FOLLOWER to FOLLOWER at term 1 for recognizeCandidate:89389896-6107-44d3-8107-f3dd9a061ca0
2019-08-29 09:08:48,435 [grpc-default-executor-9] INFO  impl.RoleInfo (RoleInfo.java:shutdownFollowerState(121)) - 4a185089-c3e3-4847-8da3-ffacd891fd5e: shutdown FollowerState
2019-08-29 09:08:48,435 [grpc-default-executor-5] INFO  impl.RoleInfo (RoleInfo.java:shutdownFollowerState(121)) - 90376809-6c3e-4bbd-b4c1-5f430b81f277: shutdown FollowerState
2019-08-29 09:08:48,435 [grpc-default-executor-9] INFO  impl.RoleInfo (RoleInfo.java:updateAndGet(143)) - 4a185089-c3e3-4847-8da3-ffacd891fd5e: start FollowerState
2019-08-29 09:08:48,435 [Thread-3544] INFO  impl.FollowerState (FollowerState.java:run(114)) - 90376809-6c3e-4bbd-b4c1-5f430b81f277: FollowerState was interrupted: java.lang.InterruptedException: sleep interrupted
2019-08-29 09:08:48,435 [grpc-default-executor-5] INFO  impl.RoleInfo (RoleInfo.java:updateAndGet(143)) - 90376809-6c3e-4bbd-b4c1-5f430b81f277: start FollowerState
2019-08-29 09:08:48,435 [Thread-3550] INFO  impl.FollowerState (FollowerState.java:run(114)) - 4a185089-c3e3-4847-8da3-ffacd891fd5e: FollowerState was interrupted: java.lang.InterruptedException: sleep interrupted
2019-08-29 09:08:48,453 [857a8550-9455-4d64-9aa1-3b6e67bf160a:group-AC45E3A63BF1:LeaderElection73] INFO  impl.LeaderElection (LeaderElection.java:askForVotes(181)) - 857a8550-9455-4d64-9aa1-3b6e67bf160a:group-AC45E3A63BF1:LeaderElection73: begin an election at term 1 for -1: [857a8550-9455-4d64-9aa1-3b6e67bf160a:192.168.69.90:42551], old=null
2019-08-29 09:08:48,454 [857a8550-9455-4d64-9aa1-3b6e67bf160a:group-AC45E3A63BF1:LeaderElection73] INFO  impl.RoleInfo (RoleInfo.java:shutdownLeaderElection(134)) - 857a8550-9455-4d64-9aa1-3b6e67bf160a: shutdown LeaderElection
2019-08-29 09:08:48,461 [857a8550-9455-4d64-9aa1-3b6e67bf160a:group-AC45E3A63BF1:LeaderElection73] INFO  impl.RaftServerImpl (RaftServerImpl.java:setRole(171)) - 857a8550-9455-4d64-9aa1-3b6e67bf160a:group-AC45E3A63BF1 changes role from CANDIDATE to LEADER at term 1 for changeToLeader
2019-08-29 09:08:48,461 [857a8550-9455-4d64-9aa1-3b6e67bf160a:group-AC45E3A63BF1:LeaderElection73] INFO  impl.RaftServerImpl (ServerState.java:setLeader(263)) - 857a8550-9455-4d64-9aa1-3b6e67bf160a:group-AC45E3A63BF1 change Leader from null to 857a8550-9455-4d64-9aa1-3b6e67bf160a at term 1 for becomeLeader, leader elected after 5060ms
2019-08-29 09:08:48,461 [89389896-6107-44d3-8107-f3dd9a061ca0:group-2DFE7DEBA6BF:LeaderElection72] INFO  impl.LeaderElection (LeaderElection.java:logAndReturn(56)) - 89389896-6107-44d3-8107-f3dd9a061ca0:group-2DFE7DEBA6BF:LeaderElection72: Election PASSED; received 1 response(s) [89389896-6107-44d3-8107-f3dd9a061ca0<-90376809-6c3e-4bbd-b4c1-5f430b81f277#0:OK-t1] and 0 exception(s); 89389896-6107-44d3-8107-f3dd9a061ca0:t1, leader=null, voted=89389896-6107-44d3-8107-f3dd9a061ca0, raftlog=89389896-6107-44d3-8107-f3dd9a061ca0-SegmentedRaftLog:OPENED:c-1,f-1,i0, conf=-1: [89389896-6107-44d3-8107-f3dd9a061ca0:192.168.69.90:35768, 90376809-6c3e-4bbd-b4c1-5f430b81f277:192.168.69.90:39110, 4a185089-c3e3-4847-8da3-ffacd891fd5e:192.168.69.90:37623], old=null
2019-08-29 09:08:48,461 [857a8550-9455-4d64-9aa1-3b6e67bf160a:group-AC45E3A63BF1:LeaderElection73] INFO  server.RaftServerConfigKeys (ConfUtils.java:logGet(43)) - raft.server.staging.catchup.gap = 1000 (default)
2019-08-29 09:08:48,461 | INFO  | SCMAudit | user=jenkins1000 | ip=192.168.69.90 | op=SEND_HEARTBEAT {datanodeUUID=287c1acf-8fb8-4c08-86a8-def1750c75af, command=[]} | ret=SUCCESS |  
2019-08-29 09:08:48,461 [89389896-6107-44d3-8107-f3dd9a061ca0:group-2DFE7DEBA6BF:LeaderElection72] INFO  impl.RoleInfo (RoleInfo.java:shutdownLeaderElection(134)) - 89389896-6107-44d3-8107-f3dd9a061ca0: shutdown LeaderElection
2019-08-29 09:08:48,463 [857a8550-9455-4d64-9aa1-3b6e67bf160a:group-AC45E3A63BF1:LeaderElection73] INFO  server.RaftServerConfigKeys (ConfUtils.java:logGet(43)) - raft.server.rpc.sleep.time = 25ms (default)
2019-08-29 09:08:48,464 [89389896-6107-44d3-8107-f3dd9a061ca0:group-2DFE7DEBA6BF:LeaderElection72] INFO  impl.RaftServerImpl (RaftServerImpl.java:setRole(171)) - 89389896-6107-44d3-8107-f3dd9a061ca0:group-2DFE7DEBA6BF changes role from CANDIDATE to LEADER at term 1 for changeToLeader
2019-08-29 09:08:48,464 [857a8550-9455-4d64-9aa1-3b6e67bf160a:group-AC45E3A63BF1:LeaderElection73] INFO  server.RaftServerConfigKeys (ConfUtils.java:logGet(43)) - raft.server.write.element-limit = 4096 (default)
2019-08-29 09:08:48,464 [89389896-6107-44d3-8107-f3dd9a061ca0:group-2DFE7DEBA6BF:LeaderElection72] INFO  impl.RaftServerImpl (ServerState.java:setLeader(263)) - 89389896-6107-44d3-8107-f3dd9a061ca0:group-2DFE7DEBA6BF change Leader from null to 89389896-6107-44d3-8107-f3dd9a061ca0 at term 1 for becomeLeader, leader elected after 5165ms
2019-08-29 09:08:48,464 [857a8550-9455-4d64-9aa1-3b6e67bf160a:group-AC45E3A63BF1:LeaderElection73] INFO  server.RaftServerConfigKeys (ConfUtils.java:logGet(43)) - raft.server.watch.timeout = 10s (default)
2019-08-29 09:08:48,464 [89389896-6107-44d3-8107-f3dd9a061ca0:group-2DFE7DEBA6BF:LeaderElection72] INFO  server.RaftServerConfigKeys (ConfUtils.java:logGet(43)) - raft.server.staging.catchup.gap = 1000 (default)
2019-08-29 09:08:48,464 [857a8550-9455-4d64-9aa1-3b6e67bf160a:group-AC45E3A63BF1:LeaderElection73] INFO  server.RaftServerConfigKeys (ConfUtils.java:logGet(43)) - raft.server.watch.timeout.denomination = 1s (default)
2019-08-29 09:08:48,464 [89389896-6107-44d3-8107-f3dd9a061ca0:group-2DFE7DEBA6BF:LeaderElection72] INFO  server.RaftServerConfigKeys (ConfUtils.java:logGet(43)) - raft.server.rpc.sleep.time = 25ms (default)
2019-08-29 09:08:48,465 [857a8550-9455-4d64-9aa1-3b6e67bf160a:group-AC45E3A63BF1:LeaderElection73] INFO  server.RaftServerConfigKeys (ConfUtils.java:logGet(43)) - raft.server.watch.element-limit = 65536 (default)
2019-08-29 09:08:48,465 [89389896-6107-44d3-8107-f3dd9a061ca0:group-2DFE7DEBA6BF:LeaderElection72] INFO  server.RaftServerConfigKeys (ConfUtils.java:logGet(43)) - raft.server.write.element-limit = 4096 (default)
2019-08-29 09:08:48,465 [89389896-6107-44d3-8107-f3dd9a061ca0:group-2DFE7DEBA6BF:LeaderElection72] INFO  server.RaftServerConfigKeys (ConfUtils.java:logGet(43)) - raft.server.watch.timeout = 10s (default)
2019-08-29 09:08:48,465 [857a8550-9455-4d64-9aa1-3b6e67bf160a:group-AC45E3A63BF1:LeaderElection73] INFO  impl.RoleInfo (RoleInfo.java:updateAndGet(143)) - 857a8550-9455-4d64-9aa1-3b6e67bf160a: start LeaderState
2019-08-29 09:08:48,465 [89389896-6107-44d3-8107-f3dd9a061ca0:group-2DFE7DEBA6BF:LeaderElection72] INFO  server.RaftServerConfigKeys (ConfUtils.java:logGet(43)) - raft.server.watch.timeout.denomination = 1s (default)
2019-08-29 09:08:48,465 [89389896-6107-44d3-8107-f3dd9a061ca0:group-2DFE7DEBA6BF:LeaderElection72] INFO  server.RaftServerConfigKeys (ConfUtils.java:logGet(43)) - raft.server.watch.element-limit = 65536 (default)
2019-08-29 09:08:48,465 [857a8550-9455-4d64-9aa1-3b6e67bf160a:group-AC45E3A63BF1:LeaderElection73] INFO  segmented.SegmentedRaftLogWorker (SegmentedRaftLogWorker.java:startLogSegment(380)) - 857a8550-9455-4d64-9aa1-3b6e67bf160a-SegmentedRaftLogWorker:Storage Directory /workdir/hadoop-ozone/integration-test/target/test-dir/MiniOzoneClusterImpl-aa62adee-2aa8-4926-b259-289a460ec817/datanode-6/data/ratis/4c6dfd44-c3c5-4fc6-a32c-ac45e3a63bf1: Starting segment from index:0
2019-08-29 09:08:48,466 [89389896-6107-44d3-8107-f3dd9a061ca0:group-2DFE7DEBA6BF:LeaderElection72] INFO  server.RaftServerConfigKeys (ConfUtils.java:logGet(43)) - raft.server.log.appender.snapshot.chunk.size.max = 16MB (=16777216) (default)
2019-08-29 09:08:48,466 [89389896-6107-44d3-8107-f3dd9a061ca0:group-2DFE7DEBA6BF:LeaderElection72] INFO  server.RaftServerConfigKeys (ConfUtils.java:logGet(43)) - raft.server.log.appender.buffer.byte-limit = 33554432 (custom)
2019-08-29 09:08:48,466 [857a8550-9455-4d64-9aa1-3b6e67bf160a:group-AC45E3A63BF1:LeaderElection73] INFO  impl.RaftServerImpl (ServerState.java:setRaftConf(361)) - 857a8550-9455-4d64-9aa1-3b6e67bf160a:group-AC45E3A63BF1 set configuration 0: [857a8550-9455-4d64-9aa1-3b6e67bf160a:192.168.69.90:42551], old=null at 0
2019-08-29 09:08:48,466 [89389896-6107-44d3-8107-f3dd9a061ca0:group-2DFE7DEBA6BF:LeaderElection72] INFO  server.RaftServerConfigKeys (ConfUtils.java:logGet(43)) - raft.server.log.appender.buffer.element-limit = 1 (custom)
2019-08-29 09:08:48,494 [89389896-6107-44d3-8107-f3dd9a061ca0:group-2DFE7DEBA6BF:LeaderElection72] INFO  grpc.GrpcConfigKeys$Server (ConfUtils.java:logGet(43)) - raft.grpc.server.leader.outstanding.appends.max = 128 (default)
2019-08-29 09:08:48,495 [89389896-6107-44d3-8107-f3dd9a061ca0:group-2DFE7DEBA6BF:LeaderElection72] INFO  server.RaftServerConfigKeys (ConfUtils.java:logGet(43)) - raft.server.rpc.request.timeout = 3000ms (default)
2019-08-29 09:08:48,495 [89389896-6107-44d3-8107-f3dd9a061ca0:group-2DFE7DEBA6BF:LeaderElection72] INFO  server.RaftServerConfigKeys (ConfUtils.java:logGet(43)) - raft.server.log.appender.install.snapshot.enabled = false (custom)
2019-08-29 09:08:48,495 [89389896-6107-44d3-8107-f3dd9a061ca0:group-2DFE7DEBA6BF:LeaderElection72] INFO  server.RaftServerConfigKeys (ConfUtils.java:logGet(43)) - raft.server.log.appender.snapshot.chunk.size.max = 16MB (=16777216) (default)
2019-08-29 09:08:48,495 [89389896-6107-44d3-8107-f3dd9a061ca0:group-2DFE7DEBA6BF:LeaderElection72] INFO  server.RaftServerConfigKeys (ConfUtils.java:logGet(43)) - raft.server.log.appender.buffer.byte-limit = 33554432 (custom)
2019-08-29 09:08:48,495 [89389896-6107-44d3-8107-f3dd9a061ca0:group-2DFE7DEBA6BF:LeaderElection72] INFO  server.RaftServerConfigKeys (ConfUtils.java:logGet(43)) - raft.server.log.appender.buffer.element-limit = 1 (custom)
2019-08-29 09:08:48,495 [89389896-6107-44d3-8107-f3dd9a061ca0:group-2DFE7DEBA6BF:LeaderElection72] INFO  grpc.GrpcConfigKeys$Server (ConfUtils.java:logGet(43)) - raft.grpc.server.leader.outstanding.appends.max = 128 (default)
2019-08-29 09:08:48,495 [89389896-6107-44d3-8107-f3dd9a061ca0:group-2DFE7DEBA6BF:LeaderElection72] INFO  server.RaftServerConfigKeys (ConfUtils.java:logGet(43)) - raft.server.rpc.request.timeout = 3000ms (default)
2019-08-29 09:08:48,495 [89389896-6107-44d3-8107-f3dd9a061ca0:group-2DFE7DEBA6BF:LeaderElection72] INFO  server.RaftServerConfigKeys (ConfUtils.java:logGet(43)) - raft.server.log.appender.install.snapshot.enabled = false (custom)
2019-08-29 09:08:48,495 [89389896-6107-44d3-8107-f3dd9a061ca0:group-2DFE7DEBA6BF:LeaderElection72] INFO  impl.RoleInfo (RoleInfo.java:updateAndGet(143)) - 89389896-6107-44d3-8107-f3dd9a061ca0: start LeaderState
2019-08-29 09:08:48,496 [89389896-6107-44d3-8107-f3dd9a061ca0:group-2DFE7DEBA6BF:LeaderElection72] INFO  segmented.SegmentedRaftLogWorker (SegmentedRaftLogWorker.java:startLogSegment(380)) - 89389896-6107-44d3-8107-f3dd9a061ca0-SegmentedRaftLogWorker:Storage Directory /workdir/hadoop-ozone/integration-test/target/test-dir/MiniOzoneClusterImpl-aa62adee-2aa8-4926-b259-289a460ec817/datanode-5/data/ratis/4576684e-eadb-4561-94e1-2dfe7deba6bf: Starting segment from index:0
2019-08-29 09:08:48,496 [89389896-6107-44d3-8107-f3dd9a061ca0:group-2DFE7DEBA6BF:LeaderElection72] INFO  impl.RaftServerImpl (ServerState.java:setRaftConf(361)) - 89389896-6107-44d3-8107-f3dd9a061ca0:group-2DFE7DEBA6BF set configuration 0: [89389896-6107-44d3-8107-f3dd9a061ca0:192.168.69.90:35768, 90376809-6c3e-4bbd-b4c1-5f430b81f277:192.168.69.90:39110, 4a185089-c3e3-4847-8da3-ffacd891fd5e:192.168.69.90:37623], old=null at 0
2019-08-29 09:08:48,531 [857a8550-9455-4d64-9aa1-3b6e67bf160a-SegmentedRaftLogWorker:Storage Directory /workdir/hadoop-ozone/integration-test/target/test-dir/MiniOzoneClusterImpl-aa62adee-2aa8-4926-b259-289a460ec817/datanode-6/data/ratis/4c6dfd44-c3c5-4fc6-a32c-ac45e3a63bf1] INFO  segmented.SegmentedRaftLogWorker (SegmentedRaftLogWorker.java:execute(569)) - 857a8550-9455-4d64-9aa1-3b6e67bf160a-SegmentedRaftLogWorker:Storage Directory /workdir/hadoop-ozone/integration-test/target/test-dir/MiniOzoneClusterImpl-aa62adee-2aa8-4926-b259-289a460ec817/datanode-6/data/ratis/4c6dfd44-c3c5-4fc6-a32c-ac45e3a63bf1: created new log segment /workdir/hadoop-ozone/integration-test/target/test-dir/MiniOzoneClusterImpl-aa62adee-2aa8-4926-b259-289a460ec817/datanode-6/data/ratis/4c6dfd44-c3c5-4fc6-a32c-ac45e3a63bf1/current/log_inprogress_0
2019-08-29 09:08:48,532 [grpc-default-executor-9] INFO  impl.RaftServerImpl (ServerState.java:setLeader(263)) - 4a185089-c3e3-4847-8da3-ffacd891fd5e:group-2DFE7DEBA6BF change Leader from null to 89389896-6107-44d3-8107-f3dd9a061ca0 at term 1 for appendEntries, leader elected after 5233ms
2019-08-29 09:08:48,532 [grpc-default-executor-5] INFO  impl.RaftServerImpl (ServerState.java:setLeader(263)) - 90376809-6c3e-4bbd-b4c1-5f430b81f277:group-2DFE7DEBA6BF change Leader from null to 89389896-6107-44d3-8107-f3dd9a061ca0 at term 1 for appendEntries, leader elected after 5233ms
2019-08-29 09:08:48,538 [grpc-default-executor-5] INFO  impl.RaftServerImpl (ServerState.java:setRaftConf(361)) - 4a185089-c3e3-4847-8da3-ffacd891fd5e:group-2DFE7DEBA6BF set configuration 0: [89389896-6107-44d3-8107-f3dd9a061ca0:192.168.69.90:35768, 90376809-6c3e-4bbd-b4c1-5f430b81f277:192.168.69.90:39110, 4a185089-c3e3-4847-8da3-ffacd891fd5e:192.168.69.90:37623], old=null at 0
2019-08-29 09:08:48,539 [grpc-default-executor-5] INFO  segmented.SegmentedRaftLogWorker (SegmentedRaftLogWorker.java:startLogSegment(380)) - 4a185089-c3e3-4847-8da3-ffacd891fd5e-SegmentedRaftLogWorker:Storage Directory /workdir/hadoop-ozone/integration-test/target/test-dir/MiniOzoneClusterImpl-aa62adee-2aa8-4926-b259-289a460ec817/datanode-4/data/ratis/4576684e-eadb-4561-94e1-2dfe7deba6bf: Starting segment from index:0
2019-08-29 09:08:48,541 [grpc-default-executor-9] INFO  impl.RaftServerImpl (ServerState.java:setRaftConf(361)) - 90376809-6c3e-4bbd-b4c1-5f430b81f277:group-2DFE7DEBA6BF set configuration 0: [89389896-6107-44d3-8107-f3dd9a061ca0:192.168.69.90:35768, 90376809-6c3e-4bbd-b4c1-5f430b81f277:192.168.69.90:39110, 4a185089-c3e3-4847-8da3-ffacd891fd5e:192.168.69.90:37623], old=null at 0
2019-08-29 09:08:48,542 [grpc-default-executor-9] INFO  segmented.SegmentedRaftLogWorker (SegmentedRaftLogWorker.java:startLogSegment(380)) - 90376809-6c3e-4bbd-b4c1-5f430b81f277-SegmentedRaftLogWorker:Storage Directory /workdir/hadoop-ozone/integration-test/target/test-dir/MiniOzoneClusterImpl-aa62adee-2aa8-4926-b259-289a460ec817/datanode-3/data/ratis/4576684e-eadb-4561-94e1-2dfe7deba6bf: Starting segment from index:0
2019-08-29 09:08:48,558 [89389896-6107-44d3-8107-f3dd9a061ca0-SegmentedRaftLogWorker:Storage Directory /workdir/hadoop-ozone/integration-test/target/test-dir/MiniOzoneClusterImpl-aa62adee-2aa8-4926-b259-289a460ec817/datanode-5/data/ratis/4576684e-eadb-4561-94e1-2dfe7deba6bf] INFO  segmented.SegmentedRaftLogWorker (SegmentedRaftLogWorker.java:execute(569)) - 89389896-6107-44d3-8107-f3dd9a061ca0-SegmentedRaftLogWorker:Storage Directory /workdir/hadoop-ozone/integration-test/target/test-dir/MiniOzoneClusterImpl-aa62adee-2aa8-4926-b259-289a460ec817/datanode-5/data/ratis/4576684e-eadb-4561-94e1-2dfe7deba6bf: created new log segment /workdir/hadoop-ozone/integration-test/target/test-dir/MiniOzoneClusterImpl-aa62adee-2aa8-4926-b259-289a460ec817/datanode-5/data/ratis/4576684e-eadb-4561-94e1-2dfe7deba6bf/current/log_inprogress_0
2019-08-29 09:08:48,595 [4a185089-c3e3-4847-8da3-ffacd891fd5e-SegmentedRaftLogWorker:Storage Directory /workdir/hadoop-ozone/integration-test/target/test-dir/MiniOzoneClusterImpl-aa62adee-2aa8-4926-b259-289a460ec817/datanode-4/data/ratis/4576684e-eadb-4561-94e1-2dfe7deba6bf] INFO  segmented.SegmentedRaftLogWorker (SegmentedRaftLogWorker.java:execute(569)) - 4a185089-c3e3-4847-8da3-ffacd891fd5e-SegmentedRaftLogWorker:Storage Directory /workdir/hadoop-ozone/integration-test/target/test-dir/MiniOzoneClusterImpl-aa62adee-2aa8-4926-b259-289a460ec817/datanode-4/data/ratis/4576684e-eadb-4561-94e1-2dfe7deba6bf: created new log segment /workdir/hadoop-ozone/integration-test/target/test-dir/MiniOzoneClusterImpl-aa62adee-2aa8-4926-b259-289a460ec817/datanode-4/data/ratis/4576684e-eadb-4561-94e1-2dfe7deba6bf/current/log_inprogress_0
2019-08-29 09:08:48,595 [90376809-6c3e-4bbd-b4c1-5f430b81f277-SegmentedRaftLogWorker:Storage Directory /workdir/hadoop-ozone/integration-test/target/test-dir/MiniOzoneClusterImpl-aa62adee-2aa8-4926-b259-289a460ec817/datanode-3/data/ratis/4576684e-eadb-4561-94e1-2dfe7deba6bf] INFO  segmented.SegmentedRaftLogWorker (SegmentedRaftLogWorker.java:execute(569)) - 90376809-6c3e-4bbd-b4c1-5f430b81f277-SegmentedRaftLogWorker:Storage Directory /workdir/hadoop-ozone/integration-test/target/test-dir/MiniOzoneClusterImpl-aa62adee-2aa8-4926-b259-289a460ec817/datanode-3/data/ratis/4576684e-eadb-4561-94e1-2dfe7deba6bf: created new log segment /workdir/hadoop-ozone/integration-test/target/test-dir/MiniOzoneClusterImpl-aa62adee-2aa8-4926-b259-289a460ec817/datanode-3/data/ratis/4576684e-eadb-4561-94e1-2dfe7deba6bf/current/log_inprogress_0
2019-08-29 09:08:48,600 | INFO  | DNAudit | user=null | ip=null | op=WRITE_CHUNK {blockData=conID: 1 locID: 102699481456181262 bcsId: 0} | ret=SUCCESS |  
2019-08-29 09:08:48,600 | INFO  | DNAudit | user=null | ip=null | op=WRITE_CHUNK {blockData=conID: 1 locID: 102699481456181262 bcsId: 0} | ret=SUCCESS |  
2019-08-29 09:08:48,600 | INFO  | DNAudit | user=null | ip=null | op=WRITE_CHUNK {blockData=conID: 1 locID: 102699481456181262 bcsId: 0} | ret=SUCCESS |  
2019-08-29 09:08:48,600 | INFO  | SCMAudit | user=jenkins1000 | ip=192.168.69.90 | op=SEND_HEARTBEAT {datanodeUUID=6b7ef66e-8765-47fb-bb7d-cec0d3804962, command=[]} | ret=SUCCESS |  
2019-08-29 09:08:48,600 | INFO  | SCMAudit | user=jenkins1000 | ip=192.168.69.90 | op=SEND_HEARTBEAT {datanodeUUID=c4ca8910-c916-4cbf-826e-fde08f8bd5e0, command=[]} | ret=SUCCESS |  
2019-08-29 09:08:48,601 | INFO  | SCMAudit | user=jenkins1000 | ip=192.168.69.90 | op=SEND_HEARTBEAT {datanodeUUID=287c1acf-8fb8-4c08-86a8-def1750c75af, command=[]} | ret=SUCCESS |  
2019-08-29 09:08:48,616 | INFO  | DNAudit | user=null | ip=null | op=WRITE_CHUNK {blockData=conID: 1 locID: 102699481456181262 bcsId: 0} | ret=SUCCESS |  
2019-08-29 09:08:48,623 | INFO  | DNAudit | user=null | ip=null | op=WRITE_CHUNK {blockData=conID: 1 locID: 102699481456181262 bcsId: 0} | ret=SUCCESS |  
2019-08-29 09:08:48,623 [grpc-default-executor-11] INFO  client.GrpcClientProtocolClient (GrpcClientProtocolClient.java:onNext(255)) - client-707534CA12D6->6b7ef66e-8765-47fb-bb7d-cec0d3804962: receive RaftClientReply:client-707534CA12D6->6b7ef66e-8765-47fb-bb7d-cec0d3804962@group-2A4E042E9F9A, cid=183, SUCCESS, logIndex=1, commits[6b7ef66e-8765-47fb-bb7d-cec0d3804962:c1, c4ca8910-c916-4cbf-826e-fde08f8bd5e0:c0, 287c1acf-8fb8-4c08-86a8-def1750c75af:c0]
2019-08-29 09:08:48,623 | INFO  | DNAudit | user=null | ip=null | op=WRITE_CHUNK {blockData=conID: 1 locID: 102699481456181262 bcsId: 0} | ret=SUCCESS |  
2019-08-29 09:08:48,627 | INFO  | DNAudit | user=null | ip=null | op=WRITE_CHUNK {blockData=conID: 1 locID: 102699481456181262 bcsId: 0} | ret=SUCCESS |  
2019-08-29 09:08:48,627 | INFO  | DNAudit | user=null | ip=null | op=WRITE_CHUNK {blockData=conID: 1 locID: 102699481456181262 bcsId: 0} | ret=SUCCESS |  
2019-08-29 09:08:48,627 | INFO  | DNAudit | user=null | ip=null | op=WRITE_CHUNK {blockData=conID: 1 locID: 102699481456181262 bcsId: 0} | ret=SUCCESS |  
2019-08-29 09:08:48,628 | INFO  | DNAudit | user=null | ip=null | op=WRITE_CHUNK {blockData=conID: 1 locID: 102699481456181262 bcsId: 0} | ret=SUCCESS |  
2019-08-29 09:08:48,631 | INFO  | DNAudit | user=null | ip=null | op=WRITE_CHUNK {blockData=conID: 1 locID: 102699481456181262 bcsId: 0} | ret=SUCCESS |  
2019-08-29 09:08:48,631 | INFO  | DNAudit | user=null | ip=null | op=WRITE_CHUNK {blockData=conID: 1 locID: 102699481456181262 bcsId: 0} | ret=SUCCESS |  
2019-08-29 09:08:48,631 | INFO  | DNAudit | user=null | ip=null | op=WRITE_CHUNK {blockData=conID: 1 locID: 102699481456181262 bcsId: 0} | ret=SUCCESS |  
2019-08-29 09:08:48,631 | INFO  | DNAudit | user=null | ip=null | op=WRITE_CHUNK {blockData=conID: 1 locID: 102699481456181262 bcsId: 0} | ret=SUCCESS |  
2019-08-29 09:08:48,631 | INFO  | DNAudit | user=null | ip=null | op=WRITE_CHUNK {blockData=conID: 1 locID: 102699481456181262 bcsId: 0} | ret=SUCCESS |  
2019-08-29 09:08:48,638 | INFO  | DNAudit | user=null | ip=null | op=WRITE_CHUNK {blockData=conID: 1 locID: 102699481456181262 bcsId: 0} | ret=SUCCESS |  
2019-08-29 09:08:48,642 [grpc-default-executor-9] INFO  client.GrpcClientProtocolClient (GrpcClientProtocolClient.java:onNext(255)) - client-707534CA12D6->6b7ef66e-8765-47fb-bb7d-cec0d3804962: receive RaftClientReply:client-707534CA12D6->6b7ef66e-8765-47fb-bb7d-cec0d3804962@group-2A4E042E9F9A, cid=184, SUCCESS, logIndex=3, commits[6b7ef66e-8765-47fb-bb7d-cec0d3804962:c4, c4ca8910-c916-4cbf-826e-fde08f8bd5e0:c2, 287c1acf-8fb8-4c08-86a8-def1750c75af:c2]
2019-08-29 09:08:48,649 | INFO  | SCMAudit | user=jenkins1000 | ip=192.168.69.90 | op=SEND_HEARTBEAT {datanodeUUID=90376809-6c3e-4bbd-b4c1-5f430b81f277, command=[]} | ret=SUCCESS |  
2019-08-29 09:08:48,669 | INFO  | DNAudit | user=null | ip=null | op=WRITE_CHUNK {blockData=conID: 1 locID: 102699481456181262 bcsId: 0} | ret=SUCCESS |  
2019-08-29 09:08:48,692 | INFO  | DNAudit | user=null | ip=null | op=WRITE_CHUNK {blockData=conID: 1 locID: 102699481456181262 bcsId: 0} | ret=SUCCESS |  
2019-08-29 09:08:48,728 | INFO  | DNAudit | user=null | ip=null | op=PUT_BLOCK {blockData=[blockId=conID: 1 locID: 102699481456181262 bcsId: 0,size=200]} | ret=SUCCESS |  
2019-08-29 09:08:48,731 | INFO  | DNAudit | user=null | ip=null | op=WRITE_CHUNK {blockData=conID: 1 locID: 102699481456181262 bcsId: 0} | ret=SUCCESS |  
2019-08-29 09:08:48,731 | INFO  | DNAudit | user=null | ip=null | op=WRITE_CHUNK {blockData=conID: 1 locID: 102699481456181262 bcsId: 0} | ret=SUCCESS |  
2019-08-29 09:08:48,731 [grpc-default-executor-11] INFO  client.GrpcClientProtocolClient (GrpcClientProtocolClient.java:onNext(255)) - client-707534CA12D6->6b7ef66e-8765-47fb-bb7d-cec0d3804962: receive RaftClientReply:client-707534CA12D6->6b7ef66e-8765-47fb-bb7d-cec0d3804962@group-2A4E042E9F9A, cid=185, SUCCESS, logIndex=4, commits[6b7ef66e-8765-47fb-bb7d-cec0d3804962:c11, c4ca8910-c916-4cbf-826e-fde08f8bd5e0:c7, 287c1acf-8fb8-4c08-86a8-def1750c75af:c7]
2019-08-29 09:08:48,736 [grpc-default-executor-11] INFO  client.GrpcClientProtocolClient (GrpcClientProtocolClient.java:onNext(255)) - client-707534CA12D6->6b7ef66e-8765-47fb-bb7d-cec0d3804962: receive RaftClientReply:client-707534CA12D6->6b7ef66e-8765-47fb-bb7d-cec0d3804962@group-2A4E042E9F9A, cid=186, SUCCESS, logIndex=5, commits[6b7ef66e-8765-47fb-bb7d-cec0d3804962:c11, c4ca8910-c916-4cbf-826e-fde08f8bd5e0:c7, 287c1acf-8fb8-4c08-86a8-def1750c75af:c7]
2019-08-29 09:08:48,737 [grpc-default-executor-11] INFO  client.GrpcClientProtocolClient (GrpcClientProtocolClient.java:onNext(255)) - client-707534CA12D6->6b7ef66e-8765-47fb-bb7d-cec0d3804962: receive RaftClientReply:client-707534CA12D6->6b7ef66e-8765-47fb-bb7d-cec0d3804962@group-2A4E042E9F9A, cid=187, SUCCESS, logIndex=6, commits[6b7ef66e-8765-47fb-bb7d-cec0d3804962:c11, c4ca8910-c916-4cbf-826e-fde08f8bd5e0:c7, 287c1acf-8fb8-4c08-86a8-def1750c75af:c7]
2019-08-29 09:08:48,824 | INFO  | DNAudit | user=null | ip=null | op=PUT_BLOCK {blockData=[blockId=conID: 1 locID: 102699481456181262 bcsId: 0,size=200]} | ret=SUCCESS |  
2019-08-29 09:08:48,825 | INFO  | DNAudit | user=null | ip=null | op=WRITE_CHUNK {blockData=conID: 1 locID: 102699481456181262 bcsId: 0} | ret=SUCCESS |  
2019-08-29 09:08:48,825 | INFO  | DNAudit | user=null | ip=null | op=WRITE_CHUNK {blockData=conID: 1 locID: 102699481456181262 bcsId: 0} | ret=SUCCESS |  
2019-08-29 09:08:48,858 | INFO  | SCMAudit | user=jenkins1000 | ip=192.168.69.90 | op=SEND_HEARTBEAT {datanodeUUID=4a185089-c3e3-4847-8da3-ffacd891fd5e, command=[]} | ret=SUCCESS |  
2019-08-29 09:08:48,941 | INFO  | DNAudit | user=null | ip=null | op=PUT_BLOCK {blockData=[blockId=conID: 1 locID: 102699481456181262 bcsId: 0,size=200]} | ret=SUCCESS |  
2019-08-29 09:08:48,941 | INFO  | DNAudit | user=null | ip=null | op=PUT_BLOCK {blockData=[blockId=conID: 1 locID: 102699481456181262 bcsId: 0,size=400]} | ret=SUCCESS |  
2019-08-29 09:08:48,941 | INFO  | DNAudit | user=null | ip=null | op=PUT_BLOCK {blockData=[blockId=conID: 1 locID: 102699481456181262 bcsId: 0,size=400]} | ret=SUCCESS |  
2019-08-29 09:08:48,942 | INFO  | DNAudit | user=null | ip=null | op=WRITE_CHUNK {blockData=conID: 1 locID: 102699481456181262 bcsId: 0} | ret=SUCCESS |  
2019-08-29 09:08:48,942 | INFO  | DNAudit | user=null | ip=null | op=WRITE_CHUNK {blockData=conID: 1 locID: 102699481456181262 bcsId: 0} | ret=SUCCESS |  
2019-08-29 09:08:48,943 | INFO  | DNAudit | user=null | ip=null | op=PUT_BLOCK {blockData=[blockId=conID: 1 locID: 102699481456181262 bcsId: 0,size=400]} | ret=SUCCESS |  
2019-08-29 09:08:48,943 [grpc-default-executor-11] INFO  client.GrpcClientProtocolClient (GrpcClientProtocolClient.java:onNext(255)) - client-707534CA12D6->6b7ef66e-8765-47fb-bb7d-cec0d3804962: receive RaftClientReply:client-707534CA12D6->6b7ef66e-8765-47fb-bb7d-cec0d3804962@group-2A4E042E9F9A, cid=188, SUCCESS, logIndex=7, commits[6b7ef66e-8765-47fb-bb7d-cec0d3804962:c11, c4ca8910-c916-4cbf-826e-fde08f8bd5e0:c7, 287c1acf-8fb8-4c08-86a8-def1750c75af:c7]
2019-08-29 09:08:48,946 | INFO  | DNAudit | user=null | ip=null | op=WRITE_CHUNK {blockData=conID: 1 locID: 102699481456181262 bcsId: 7} | ret=SUCCESS |  
2019-08-29 09:08:48,947 | INFO  | DNAudit | user=null | ip=null | op=WRITE_CHUNK {blockData=conID: 1 locID: 102699481456181262 bcsId: 7} | ret=SUCCESS |  
2019-08-29 09:08:48,947 | INFO  | DNAudit | user=null | ip=null | op=WRITE_CHUNK {blockData=conID: 1 locID: 102699481456181262 bcsId: 7} | ret=SUCCESS |  
2019-08-29 09:08:48,963 | INFO  | DNAudit | user=null | ip=null | op=WRITE_CHUNK {blockData=conID: 1 locID: 102699481456181262 bcsId: 7} | ret=SUCCESS |  
2019-08-29 09:08:48,970 | INFO  | DNAudit | user=null | ip=null | op=PUT_BLOCK {blockData=[blockId=conID: 1 locID: 102699481456181262 bcsId: 0,size=450]} | ret=SUCCESS |  
2019-08-29 09:08:48,970 [grpc-default-executor-5] INFO  client.GrpcClientProtocolClient (GrpcClientProtocolClient.java:onNext(255)) - client-707534CA12D6->6b7ef66e-8765-47fb-bb7d-cec0d3804962: receive RaftClientReply:client-707534CA12D6->6b7ef66e-8765-47fb-bb7d-cec0d3804962@group-2A4E042E9F9A, cid=189, SUCCESS, logIndex=12, commits[6b7ef66e-8765-47fb-bb7d-cec0d3804962:c13, c4ca8910-c916-4cbf-826e-fde08f8bd5e0:c11, 287c1acf-8fb8-4c08-86a8-def1750c75af:c11]
2019-08-29 09:08:48,972 [grpc-default-executor-5] INFO  client.GrpcClientProtocolClient (GrpcClientProtocolClient.java:onNext(255)) - client-707534CA12D6->6b7ef66e-8765-47fb-bb7d-cec0d3804962: receive RaftClientReply:client-707534CA12D6->6b7ef66e-8765-47fb-bb7d-cec0d3804962@group-2A4E042E9F9A, cid=190, SUCCESS, logIndex=13, commits[6b7ef66e-8765-47fb-bb7d-cec0d3804962:c13, c4ca8910-c916-4cbf-826e-fde08f8bd5e0:c11, 287c1acf-8fb8-4c08-86a8-def1750c75af:c11]
2019-08-29 09:08:48,979 | INFO  | DNAudit | user=null | ip=null | op=WRITE_CHUNK {blockData=conID: 1 locID: 102699481456181262 bcsId: 7} | ret=SUCCESS |  
2019-08-29 09:08:48,980 | INFO  | DNAudit | user=null | ip=null | op=WRITE_CHUNK {blockData=conID: 1 locID: 102699481456181262 bcsId: 7} | ret=SUCCESS |  
2019-08-29 09:08:48,993 | INFO  | DNAudit | user=null | ip=null | op=PUT_BLOCK {blockData=[blockId=conID: 1 locID: 102699481456181262 bcsId: 0,size=450]} | ret=SUCCESS |  
2019-08-29 09:08:48,993 | INFO  | DNAudit | user=null | ip=null | op=PUT_BLOCK {blockData=[blockId=conID: 1 locID: 102699481456181262 bcsId: 0,size=450]} | ret=SUCCESS |  
2019-08-29 09:08:48,994 [grpc-default-executor-5] INFO  client.GrpcClientProtocolClient (GrpcClientProtocolClient.java:onNext(255)) - client-707534CA12D6->6b7ef66e-8765-47fb-bb7d-cec0d3804962: receive RaftClientReply:client-707534CA12D6->6b7ef66e-8765-47fb-bb7d-cec0d3804962@group-2A4E042E9F9A, cid=191, SUCCESS, logIndex=0, commits[6b7ef66e-8765-47fb-bb7d-cec0d3804962:c14, c4ca8910-c916-4cbf-826e-fde08f8bd5e0:c13, 287c1acf-8fb8-4c08-86a8-def1750c75af:c13]
2019-08-29 09:08:48,994 [main] INFO  datanode.ObjectStoreHandler (ObjectStoreHandler.java:close(155)) - Closing ObjectStoreHandler.
2019-08-29 09:08:48,994 [main] INFO  ozone.HddsDatanodeService (HddsDatanodeService.java:stop(451)) - Stopped plug-in org.apache.hadoop.ozone.web.OzoneHddsDatanodeService@193f5509
2019-08-29 09:08:49,088 | INFO  | SCMAudit | user=jenkins1000 | ip=192.168.69.90 | op=SEND_HEARTBEAT {datanodeUUID=89389896-6107-44d3-8107-f3dd9a061ca0, command=[]} | ret=SUCCESS |  
2019-08-29 09:08:49,323 | INFO  | SCMAudit | user=jenkins1000 | ip=192.168.69.90 | op=SEND_HEARTBEAT {datanodeUUID=857a8550-9455-4d64-9aa1-3b6e67bf160a, command=[]} | ret=SUCCESS |  
2019-08-29 09:08:49,599 | INFO  | SCMAudit | user=jenkins1000 | ip=192.168.69.90 | op=SEND_HEARTBEAT {datanodeUUID=287c1acf-8fb8-4c08-86a8-def1750c75af, command=[]} | ret=SUCCESS |  
2019-08-29 09:08:49,599 [Datanode State Machine Thread - 0] INFO  statemachine.DatanodeStateMachine (DatanodeStateMachine.java:lambda$startDaemon$0(350)) - Ozone container server started.
2019-08-29 09:08:49,599 | INFO  | SCMAudit | user=jenkins1000 | ip=192.168.69.90 | op=SEND_HEARTBEAT {datanodeUUID=c4ca8910-c916-4cbf-826e-fde08f8bd5e0, command=[]} | ret=SUCCESS |  
2019-08-29 09:08:49,649 | INFO  | SCMAudit | user=jenkins1000 | ip=192.168.69.90 | op=SEND_HEARTBEAT {datanodeUUID=90376809-6c3e-4bbd-b4c1-5f430b81f277, command=[]} | ret=SUCCESS |  
2019-08-29 09:08:49,858 | INFO  | SCMAudit | user=jenkins1000 | ip=192.168.69.90 | op=SEND_HEARTBEAT {datanodeUUID=4a185089-c3e3-4847-8da3-ffacd891fd5e, command=[]} | ret=SUCCESS |  
2019-08-29 09:08:50,089 | INFO  | SCMAudit | user=jenkins1000 | ip=192.168.69.90 | op=SEND_HEARTBEAT {datanodeUUID=89389896-6107-44d3-8107-f3dd9a061ca0, command=[]} | ret=SUCCESS |  
2019-08-29 09:08:50,323 | INFO  | SCMAudit | user=jenkins1000 | ip=192.168.69.90 | op=SEND_HEARTBEAT {datanodeUUID=857a8550-9455-4d64-9aa1-3b6e67bf160a, command=[]} | ret=SUCCESS |  
2019-08-29 09:08:50,599 | INFO  | SCMAudit | user=jenkins1000 | ip=192.168.69.90 | op=SEND_HEARTBEAT {datanodeUUID=287c1acf-8fb8-4c08-86a8-def1750c75af, command=[]} | ret=SUCCESS |  
2019-08-29 09:08:50,599 | INFO  | SCMAudit | user=jenkins1000 | ip=192.168.69.90 | op=SEND_HEARTBEAT {datanodeUUID=c4ca8910-c916-4cbf-826e-fde08f8bd5e0, command=[]} | ret=SUCCESS |  
2019-08-29 09:08:50,649 | INFO  | SCMAudit | user=jenkins1000 | ip=192.168.69.90 | op=SEND_HEARTBEAT {datanodeUUID=90376809-6c3e-4bbd-b4c1-5f430b81f277, command=[]} | ret=SUCCESS |  
2019-08-29 09:08:50,860 | INFO  | SCMAudit | user=jenkins1000 | ip=192.168.69.90 | op=SEND_HEARTBEAT {datanodeUUID=4a185089-c3e3-4847-8da3-ffacd891fd5e, command=[]} | ret=SUCCESS |  
2019-08-29 09:08:51,088 | INFO  | SCMAudit | user=jenkins1000 | ip=192.168.69.90 | op=SEND_HEARTBEAT {datanodeUUID=89389896-6107-44d3-8107-f3dd9a061ca0, command=[]} | ret=SUCCESS |  
2019-08-29 09:08:51,323 | INFO  | SCMAudit | user=jenkins1000 | ip=192.168.69.90 | op=SEND_HEARTBEAT {datanodeUUID=857a8550-9455-4d64-9aa1-3b6e67bf160a, command=[]} | ret=SUCCESS |  
2019-08-29 09:08:51,599 | INFO  | SCMAudit | user=jenkins1000 | ip=192.168.69.90 | op=SEND_HEARTBEAT {datanodeUUID=287c1acf-8fb8-4c08-86a8-def1750c75af, command=[]} | ret=SUCCESS |  
2019-08-29 09:08:51,599 | INFO  | SCMAudit | user=jenkins1000 | ip=192.168.69.90 | op=SEND_HEARTBEAT {datanodeUUID=c4ca8910-c916-4cbf-826e-fde08f8bd5e0, command=[]} | ret=SUCCESS |  
2019-08-29 09:08:51,649 | INFO  | SCMAudit | user=jenkins1000 | ip=192.168.69.90 | op=SEND_HEARTBEAT {datanodeUUID=90376809-6c3e-4bbd-b4c1-5f430b81f277, command=[]} | ret=SUCCESS |  
2019-08-29 09:08:51,861 | INFO  | SCMAudit | user=jenkins1000 | ip=192.168.69.90 | op=SEND_HEARTBEAT {datanodeUUID=4a185089-c3e3-4847-8da3-ffacd891fd5e, command=[]} | ret=SUCCESS |  
2019-08-29 09:08:52,088 | INFO  | SCMAudit | user=jenkins1000 | ip=192.168.69.90 | op=SEND_HEARTBEAT {datanodeUUID=89389896-6107-44d3-8107-f3dd9a061ca0, command=[]} | ret=SUCCESS |  
2019-08-29 09:08:52,324 | INFO  | SCMAudit | user=jenkins1000 | ip=192.168.69.90 | op=SEND_HEARTBEAT {datanodeUUID=857a8550-9455-4d64-9aa1-3b6e67bf160a, command=[]} | ret=SUCCESS |  
2019-08-29 09:08:52,599 | INFO  | SCMAudit | user=jenkins1000 | ip=192.168.69.90 | op=SEND_HEARTBEAT {datanodeUUID=287c1acf-8fb8-4c08-86a8-def1750c75af, command=[]} | ret=SUCCESS |  
2019-08-29 09:08:52,599 | INFO  | SCMAudit | user=jenkins1000 | ip=192.168.69.90 | op=SEND_HEARTBEAT {datanodeUUID=c4ca8910-c916-4cbf-826e-fde08f8bd5e0, command=[]} | ret=SUCCESS |  
2019-08-29 09:08:52,649 | INFO  | SCMAudit | user=jenkins1000 | ip=192.168.69.90 | op=SEND_HEARTBEAT {datanodeUUID=90376809-6c3e-4bbd-b4c1-5f430b81f277, command=[]} | ret=SUCCESS |  
2019-08-29 09:08:52,861 | INFO  | SCMAudit | user=jenkins1000 | ip=192.168.69.90 | op=SEND_HEARTBEAT {datanodeUUID=4a185089-c3e3-4847-8da3-ffacd891fd5e, command=[]} | ret=SUCCESS |  
2019-08-29 09:08:53,088 | INFO  | SCMAudit | user=jenkins1000 | ip=192.168.69.90 | op=SEND_HEARTBEAT {datanodeUUID=89389896-6107-44d3-8107-f3dd9a061ca0, command=[]} | ret=SUCCESS |  
2019-08-29 09:08:53,324 | INFO  | SCMAudit | user=jenkins1000 | ip=192.168.69.90 | op=SEND_HEARTBEAT {datanodeUUID=857a8550-9455-4d64-9aa1-3b6e67bf160a, command=[]} | ret=SUCCESS |  
2019-08-29 09:08:53,599 | INFO  | SCMAudit | user=jenkins1000 | ip=192.168.69.90 | op=SEND_HEARTBEAT {datanodeUUID=287c1acf-8fb8-4c08-86a8-def1750c75af, command=[]} | ret=SUCCESS |  
2019-08-29 09:08:53,600 | INFO  | SCMAudit | user=jenkins1000 | ip=192.168.69.90 | op=SEND_HEARTBEAT {datanodeUUID=c4ca8910-c916-4cbf-826e-fde08f8bd5e0, command=[]} | ret=SUCCESS |  
2019-08-29 09:08:53,636 [EventQueue-StaleNodeForStaleNodeHandler] INFO  node.StaleNodeHandler (StaleNodeHandler.java:onMessage(58)) - Datanode 6b7ef66e-8765-47fb-bb7d-cec0d3804962{ip: 192.168.69.90, host: pr-hdds-2030-6zpjw-50391877, networkLocation: /default-rack, certSerialId: null} moved to stale state. Finalizing its pipelines [PipelineID=025c6614-c66d-4f96-8b70-2a4e042e9f9a, PipelineID=eea7add0-f041-4daf-a65b-a2836aa5466b]
2019-08-29 09:08:53,637 [EventQueue-StaleNodeForStaleNodeHandler] INFO  pipeline.SCMPipelineManager (SCMPipelineManager.java:finalizeAndDestroyPipeline(309)) - destroying pipeline:Pipeline[ Id: 025c6614-c66d-4f96-8b70-2a4e042e9f9a, Nodes: 6b7ef66e-8765-47fb-bb7d-cec0d3804962{ip: 192.168.69.90, host: pr-hdds-2030-6zpjw-50391877, networkLocation: /default-rack, certSerialId: null}c4ca8910-c916-4cbf-826e-fde08f8bd5e0{ip: 192.168.69.90, host: pr-hdds-2030-6zpjw-50391877, networkLocation: /default-rack, certSerialId: null}287c1acf-8fb8-4c08-86a8-def1750c75af{ip: 192.168.69.90, host: pr-hdds-2030-6zpjw-50391877, networkLocation: /default-rack, certSerialId: null}, Type:RATIS, Factor:THREE, State:OPEN]
2019-08-29 09:08:53,637 [EventQueue-StaleNodeForStaleNodeHandler] INFO  pipeline.PipelineStateManager (PipelineStateManager.java:finalizePipeline(123)) - Pipeline Pipeline[ Id: 025c6614-c66d-4f96-8b70-2a4e042e9f9a, Nodes: 6b7ef66e-8765-47fb-bb7d-cec0d3804962{ip: 192.168.69.90, host: pr-hdds-2030-6zpjw-50391877, networkLocation: /default-rack, certSerialId: null}c4ca8910-c916-4cbf-826e-fde08f8bd5e0{ip: 192.168.69.90, host: pr-hdds-2030-6zpjw-50391877, networkLocation: /default-rack, certSerialId: null}287c1acf-8fb8-4c08-86a8-def1750c75af{ip: 192.168.69.90, host: pr-hdds-2030-6zpjw-50391877, networkLocation: /default-rack, certSerialId: null}, Type:RATIS, Factor:THREE, State:CLOSED] moved to CLOSED state
2019-08-29 09:08:53,637 [EventQueue-CloseContainerForCloseContainerEventHandler] INFO  container.CloseContainerEventHandler (CloseContainerEventHandler.java:onMessage(61)) - Close container Event triggered for container : #1
2019-08-29 09:08:53,637 [EventQueue-StaleNodeForStaleNodeHandler] INFO  pipeline.SCMPipelineManager (SCMPipelineManager.java:finalizeAndDestroyPipeline(309)) - destroying pipeline:Pipeline[ Id: eea7add0-f041-4daf-a65b-a2836aa5466b, Nodes: 6b7ef66e-8765-47fb-bb7d-cec0d3804962{ip: 192.168.69.90, host: pr-hdds-2030-6zpjw-50391877, networkLocation: /default-rack, certSerialId: null}, Type:RATIS, Factor:ONE, State:OPEN]
2019-08-29 09:08:53,638 [EventQueue-StaleNodeForStaleNodeHandler] INFO  pipeline.PipelineStateManager (PipelineStateManager.java:finalizePipeline(123)) - Pipeline Pipeline[ Id: eea7add0-f041-4daf-a65b-a2836aa5466b, Nodes: 6b7ef66e-8765-47fb-bb7d-cec0d3804962{ip: 192.168.69.90, host: pr-hdds-2030-6zpjw-50391877, networkLocation: /default-rack, certSerialId: null}, Type:RATIS, Factor:ONE, State:CLOSED] moved to CLOSED state
2019-08-29 09:08:53,649 | INFO  | SCMAudit | user=jenkins1000 | ip=192.168.69.90 | op=SEND_HEARTBEAT {datanodeUUID=90376809-6c3e-4bbd-b4c1-5f430b81f277, command=[]} | ret=SUCCESS |  
2019-08-29 09:08:53,861 | INFO  | SCMAudit | user=jenkins1000 | ip=192.168.69.90 | op=SEND_HEARTBEAT {datanodeUUID=4a185089-c3e3-4847-8da3-ffacd891fd5e, command=[]} | ret=SUCCESS |  
2019-08-29 09:08:53,995 [main] INFO  ozoneimpl.OzoneContainer (OzoneContainer.java:stop(199)) - Attempting to stop container services.
2019-08-29 09:08:53,996 [main] INFO  impl.RaftServerProxy (RaftServerProxy.java:lambda$close$4(314)) - 6b7ef66e-8765-47fb-bb7d-cec0d3804962: close
2019-08-29 09:08:53,996 [main] INFO  impl.RaftServerImpl (RaftServerImpl.java:lambda$shutdown$3(245)) - 6b7ef66e-8765-47fb-bb7d-cec0d3804962: shutdown group-2A4E042E9F9A
2019-08-29 09:08:53,996 [main] INFO  util.JmxRegister (JmxRegister.java:unregister(73)) - Successfully un-registered JMX Bean with object name Ratis:service=RaftServer,group=group-2A4E042E9F9A,id=6b7ef66e-8765-47fb-bb7d-cec0d3804962
2019-08-29 09:08:53,997 [main] INFO  impl.RoleInfo (RoleInfo.java:shutdownLeaderState(104)) - 6b7ef66e-8765-47fb-bb7d-cec0d3804962: shutdown LeaderState
2019-08-29 09:08:54,000 [main] INFO  impl.PendingRequests (PendingRequests.java:sendNotLeaderResponses(202)) - 6b7ef66e-8765-47fb-bb7d-cec0d3804962-PendingRequests: sendNotLeaderResponses
2019-08-29 09:08:54,001 [org.apache.ratis.server.impl.LogAppender$AppenderDaemon$$Lambda$461/1076359558@3750400d] WARN  server.GrpcLogAppender (GrpcLogAppender.java:mayWait(143)) - GrpcLogAppender(6b7ef66e-8765-47fb-bb7d-cec0d3804962->287c1acf-8fb8-4c08-86a8-def1750c75af): Wait interrupted by java.lang.InterruptedException
2019-08-29 09:08:54,001 [org.apache.ratis.server.impl.LogAppender$AppenderDaemon$$Lambda$461/1076359558@7252d023] WARN  server.GrpcLogAppender (GrpcLogAppender.java:mayWait(143)) - GrpcLogAppender(6b7ef66e-8765-47fb-bb7d-cec0d3804962->c4ca8910-c916-4cbf-826e-fde08f8bd5e0): Wait interrupted by java.lang.InterruptedException
2019-08-29 09:08:54,004 [main] INFO  impl.StateMachineUpdater (StateMachineUpdater.java:stopAndJoin(115)) - StateMachineUpdater:6b7ef66e-8765-47fb-bb7d-cec0d3804962:group-2A4E042E9F9A: set stopIndex = 14
2019-08-29 09:08:54,006 [grpc-default-executor-9] INFO  server.GrpcServerProtocolService (GrpcServerProtocolService.java:onCompleted(104)) - c4ca8910-c916-4cbf-826e-fde08f8bd5e0: appendEntries completed
2019-08-29 09:08:54,004 [StateMachineUpdater:6b7ef66e-8765-47fb-bb7d-cec0d3804962:group-2A4E042E9F9A] INFO  ratis.ContainerStateMachine (ContainerStateMachine.java:takeSnapshot(283)) - group-2A4E042E9F9A: Taking a snapshot at:(t:1, i:13) file /workdir/hadoop-ozone/integration-test/target/test-dir/MiniOzoneClusterImpl-aa62adee-2aa8-4926-b259-289a460ec817/datanode-0/data/ratis/025c6614-c66d-4f96-8b70-2a4e042e9f9a/sm/snapshot.1_13
2019-08-29 09:08:54,004 [grpc-default-executor-11] INFO  server.GrpcServerProtocolService (GrpcServerProtocolService.java:onCompleted(104)) - 287c1acf-8fb8-4c08-86a8-def1750c75af: appendEntries completed
2019-08-29 09:08:54,007 [grpc-default-executor-5] INFO  server.GrpcLogAppender (GrpcLogAppender.java:onCompleted(292)) - 6b7ef66e-8765-47fb-bb7d-cec0d3804962->c4ca8910-c916-4cbf-826e-fde08f8bd5e0: follower responses appendEntries COMPLETED
2019-08-29 09:08:54,008 [grpc-default-executor-11] INFO  server.GrpcLogAppender (GrpcLogAppender.java:onCompleted(292)) - 6b7ef66e-8765-47fb-bb7d-cec0d3804962->287c1acf-8fb8-4c08-86a8-def1750c75af: follower responses appendEntries COMPLETED
2019-08-29 09:08:54,008 [grpc-default-executor-5] INFO  impl.FollowerInfo (FollowerInfo.java:lambda$new$0(50)) - 6b7ef66e-8765-47fb-bb7d-cec0d3804962->c4ca8910-c916-4cbf-826e-fde08f8bd5e0: nextIndex: updateUnconditionally 15 -> 14
2019-08-29 09:08:54,008 [grpc-default-executor-11] INFO  impl.FollowerInfo (FollowerInfo.java:lambda$new$0(50)) - 6b7ef66e-8765-47fb-bb7d-cec0d3804962->287c1acf-8fb8-4c08-86a8-def1750c75af: nextIndex: updateUnconditionally 15 -> 14
2019-08-29 09:08:54,042 [StateMachineUpdater:6b7ef66e-8765-47fb-bb7d-cec0d3804962:group-2A4E042E9F9A] INFO  ratis.ContainerStateMachine (ContainerStateMachine.java:takeSnapshot(294)) - group-2A4E042E9F9A: Finished taking a snapshot at:(t:1, i:13) file:/workdir/hadoop-ozone/integration-test/target/test-dir/MiniOzoneClusterImpl-aa62adee-2aa8-4926-b259-289a460ec817/datanode-0/data/ratis/025c6614-c66d-4f96-8b70-2a4e042e9f9a/sm/snapshot.1_13 time:38
2019-08-29 09:08:54,043 [StateMachineUpdater:6b7ef66e-8765-47fb-bb7d-cec0d3804962:group-2A4E042E9F9A] INFO  impl.StateMachineUpdater (StateMachineUpdater.java:takeSnapshot(242)) - StateMachineUpdater:6b7ef66e-8765-47fb-bb7d-cec0d3804962:group-2A4E042E9F9A: Took a snapshot at index 13
2019-08-29 09:08:54,043 [StateMachineUpdater:6b7ef66e-8765-47fb-bb7d-cec0d3804962:group-2A4E042E9F9A] INFO  impl.StateMachineUpdater (StateMachineUpdater.java:lambda$new$0(80)) - StateMachineUpdater:6b7ef66e-8765-47fb-bb7d-cec0d3804962:group-2A4E042E9F9A: snapshotIndex: updateIncreasingly -1 -> 13
2019-08-29 09:08:54,043 [main] INFO  impl.RaftServerImpl (ServerState.java:close(394)) - 6b7ef66e-8765-47fb-bb7d-cec0d3804962:group-2A4E042E9F9A closes. The last applied log index is 14
2019-08-29 09:08:54,044 [6b7ef66e-8765-47fb-bb7d-cec0d3804962-SegmentedRaftLogWorker:Storage Directory /workdir/hadoop-ozone/integration-test/target/test-dir/MiniOzoneClusterImpl-aa62adee-2aa8-4926-b259-289a460ec817/datanode-0/data/ratis/025c6614-c66d-4f96-8b70-2a4e042e9f9a] INFO  segmented.SegmentedRaftLogWorker (SegmentedRaftLogWorker.java:run(313)) - 6b7ef66e-8765-47fb-bb7d-cec0d3804962-SegmentedRaftLogWorker:Storage Directory /workdir/hadoop-ozone/integration-test/target/test-dir/MiniOzoneClusterImpl-aa62adee-2aa8-4926-b259-289a460ec817/datanode-0/data/ratis/025c6614-c66d-4f96-8b70-2a4e042e9f9a was interrupted, exiting. There are 0 tasks remaining in the queue.
2019-08-29 09:08:54,046 [main] INFO  segmented.SegmentedRaftLogWorker (SegmentedRaftLogWorker.java:close(228)) - 6b7ef66e-8765-47fb-bb7d-cec0d3804962-SegmentedRaftLogWorker:Storage Directory /workdir/hadoop-ozone/integration-test/target/test-dir/MiniOzoneClusterImpl-aa62adee-2aa8-4926-b259-289a460ec817/datanode-0/data/ratis/025c6614-c66d-4f96-8b70-2a4e042e9f9a close()
2019-08-29 09:08:54,049 [main] INFO  impl.RaftServerImpl (RaftServerImpl.java:lambda$shutdown$3(245)) - 6b7ef66e-8765-47fb-bb7d-cec0d3804962: shutdown group-A2836AA5466B
2019-08-29 09:08:54,050 [main] INFO  util.JmxRegister (JmxRegister.java:unregister(73)) - Successfully un-registered JMX Bean with object name Ratis:service=RaftServer,group=group-A2836AA5466B,id=6b7ef66e-8765-47fb-bb7d-cec0d3804962
2019-08-29 09:08:54,050 [main] INFO  impl.RoleInfo (RoleInfo.java:shutdownLeaderState(104)) - 6b7ef66e-8765-47fb-bb7d-cec0d3804962: shutdown LeaderState
2019-08-29 09:08:54,050 [main] INFO  impl.PendingRequests (PendingRequests.java:sendNotLeaderResponses(202)) - 6b7ef66e-8765-47fb-bb7d-cec0d3804962-PendingRequests: sendNotLeaderResponses
2019-08-29 09:08:54,051 [main] INFO  impl.StateMachineUpdater (StateMachineUpdater.java:stopAndJoin(115)) - StateMachineUpdater:6b7ef66e-8765-47fb-bb7d-cec0d3804962:group-A2836AA5466B: set stopIndex = 0
2019-08-29 09:08:54,052 [main] INFO  impl.RaftServerImpl (ServerState.java:close(394)) - 6b7ef66e-8765-47fb-bb7d-cec0d3804962:group-A2836AA5466B closes. The last applied log index is 0
2019-08-29 09:08:54,052 [6b7ef66e-8765-47fb-bb7d-cec0d3804962-SegmentedRaftLogWorker:Storage Directory /workdir/hadoop-ozone/integration-test/target/test-dir/MiniOzoneClusterImpl-aa62adee-2aa8-4926-b259-289a460ec817/datanode-0/data/ratis/eea7add0-f041-4daf-a65b-a2836aa5466b] INFO  segmented.SegmentedRaftLogWorker (SegmentedRaftLogWorker.java:run(313)) - 6b7ef66e-8765-47fb-bb7d-cec0d3804962-SegmentedRaftLogWorker:Storage Directory /workdir/hadoop-ozone/integration-test/target/test-dir/MiniOzoneClusterImpl-aa62adee-2aa8-4926-b259-289a460ec817/datanode-0/data/ratis/eea7add0-f041-4daf-a65b-a2836aa5466b was interrupted, exiting. There are 0 tasks remaining in the queue.
2019-08-29 09:08:54,054 [main] INFO  segmented.SegmentedRaftLogWorker (SegmentedRaftLogWorker.java:close(228)) - 6b7ef66e-8765-47fb-bb7d-cec0d3804962-SegmentedRaftLogWorker:Storage Directory /workdir/hadoop-ozone/integration-test/target/test-dir/MiniOzoneClusterImpl-aa62adee-2aa8-4926-b259-289a460ec817/datanode-0/data/ratis/eea7add0-f041-4daf-a65b-a2836aa5466b close()
2019-08-29 09:08:54,056 [main] INFO  server.GrpcService (GrpcService.java:closeImpl(155)) - 6b7ef66e-8765-47fb-bb7d-cec0d3804962: shutdown server with port 37841 now
2019-08-29 09:08:54,057 [grpc-default-executor-5] WARN  client.GrpcClientProtocolService (LogUtils.java:warn(134)) - 3-UnorderedRequestStreamObserver3: onError: org.apache.ratis.thirdparty.io.grpc.StatusRuntimeException: CANCELLED: cancelled before receiving half close
2019-08-29 09:08:54,059 [main] INFO  server.GrpcService (GrpcService.java:closeImpl(163)) - 6b7ef66e-8765-47fb-bb7d-cec0d3804962: shutdown server with port 37841 successfully
2019-08-29 09:08:54,059 [main] INFO  utils.BackgroundService (BackgroundService.java:shutdown(148)) - Shutting down service BlockDeletingService
2019-08-29 09:08:54,060 [refreshUsed-/workdir/hadoop-ozone/integration-test/target/test-dir/MiniOzoneClusterImpl-aa62adee-2aa8-4926-b259-289a460ec817/datanode-0/data/containers] WARN  fs.CachingGetSpaceUsed (CachingGetSpaceUsed.java:run(183)) - Thread Interrupted waiting to refresh disk information: sleep interrupted
2019-08-29 09:08:54,076 [main] INFO  statemachine.DatanodeStateMachine (DatanodeStateMachine.java:stopDaemon(395)) - Ozone container server stopped.
2019-08-29 09:08:54,077 [main] INFO  handler.ContextHandler (ContextHandler.java:doStop(910)) - Stopped o.e.j.w.WebAppContext@3577e37c{/,null,UNAVAILABLE}{/hddsDatanode}
2019-08-29 09:08:54,078 [main] INFO  server.AbstractConnector (AbstractConnector.java:doStop(318)) - Stopped ServerConnector@16ac67e3{HTTP/1.1,[http/1.1]}{0.0.0.0:0}
2019-08-29 09:08:54,079 [main] INFO  handler.ContextHandler (ContextHandler.java:doStop(910)) - Stopped o.e.j.s.ServletContextHandler@172ca6a{/static,jar:file:/home/user/.m2/repository/org/apache/hadoop/hadoop-hdds-container-service/0.5.0-SNAPSHOT/hadoop-hdds-container-service-0.5.0-SNAPSHOT.jar!/webapps/static,UNAVAILABLE}
2019-08-29 09:08:54,079 [main] INFO  handler.ContextHandler (ContextHandler.java:doStop(910)) - Stopped o.e.j.s.ServletContextHandler@50165a6d{/logs,file:///workdir/hadoop-ozone/integration-test/target/log,UNAVAILABLE}
2019-08-29 09:08:54,088 | INFO  | SCMAudit | user=jenkins1000 | ip=192.168.69.90 | op=SEND_HEARTBEAT {datanodeUUID=89389896-6107-44d3-8107-f3dd9a061ca0, command=[]} | ret=SUCCESS |  
2019-08-29 09:08:54,324 | INFO  | SCMAudit | user=jenkins1000 | ip=192.168.69.90 | op=SEND_HEARTBEAT {datanodeUUID=857a8550-9455-4d64-9aa1-3b6e67bf160a, command=[]} | ret=SUCCESS |  
2019-08-29 09:08:54,600 | INFO  | SCMAudit | user=jenkins1000 | ip=192.168.69.90 | op=SEND_HEARTBEAT {datanodeUUID=c4ca8910-c916-4cbf-826e-fde08f8bd5e0, command=[commandType: closeContainerCommand closeContainerCommandProto { containerID: 1 pipelineID { id: "025c6614-c66d-4f96-8b70-2a4e042e9f9a" } cmdId: 1 force: false } ]} | ret=SUCCESS |  
2019-08-29 09:08:54,600 | INFO  | SCMAudit | user=jenkins1000 | ip=192.168.69.90 | op=SEND_HEARTBEAT {datanodeUUID=287c1acf-8fb8-4c08-86a8-def1750c75af, command=[commandType: closeContainerCommand closeContainerCommandProto { containerID: 1 pipelineID { id: "025c6614-c66d-4f96-8b70-2a4e042e9f9a" } cmdId: 1 force: false } ]} | ret=SUCCESS |  
2019-08-29 09:08:54,649 | INFO  | SCMAudit | user=jenkins1000 | ip=192.168.69.90 | op=SEND_HEARTBEAT {datanodeUUID=90376809-6c3e-4bbd-b4c1-5f430b81f277, command=[]} | ret=SUCCESS |  
2019-08-29 09:08:54,861 | INFO  | SCMAudit | user=jenkins1000 | ip=192.168.69.90 | op=SEND_HEARTBEAT {datanodeUUID=4a185089-c3e3-4847-8da3-ffacd891fd5e, command=[]} | ret=SUCCESS |  
2019-08-29 09:08:55,088 | INFO  | SCMAudit | user=jenkins1000 | ip=192.168.69.90 | op=SEND_HEARTBEAT {datanodeUUID=89389896-6107-44d3-8107-f3dd9a061ca0, command=[]} | ret=SUCCESS |  
2019-08-29 09:08:55,325 | INFO  | SCMAudit | user=jenkins1000 | ip=192.168.69.90 | op=SEND_HEARTBEAT {datanodeUUID=857a8550-9455-4d64-9aa1-3b6e67bf160a, command=[]} | ret=SUCCESS |  
2019-08-29 09:08:55,599 | INFO  | SCMAudit | user=jenkins1000 | ip=192.168.69.90 | op=SEND_HEARTBEAT {datanodeUUID=c4ca8910-c916-4cbf-826e-fde08f8bd5e0, command=[]} | ret=SUCCESS |  
2019-08-29 09:08:55,599 | INFO  | SCMAudit | user=jenkins1000 | ip=192.168.69.90 | op=SEND_HEARTBEAT {datanodeUUID=287c1acf-8fb8-4c08-86a8-def1750c75af, command=[]} | ret=SUCCESS |  
2019-08-29 09:08:55,626 | INFO  | SCMAudit | user=jenkins1000 | ip=192.168.69.90 | op=SEND_HEARTBEAT {datanodeUUID=287c1acf-8fb8-4c08-86a8-def1750c75af, command=[]} | ret=SUCCESS |  
2019-08-29 09:08:55,649 | INFO  | SCMAudit | user=jenkins1000 | ip=192.168.69.90 | op=SEND_HEARTBEAT {datanodeUUID=90376809-6c3e-4bbd-b4c1-5f430b81f277, command=[]} | ret=SUCCESS |  
2019-08-29 09:08:55,861 | INFO  | SCMAudit | user=jenkins1000 | ip=192.168.69.90 | op=SEND_HEARTBEAT {datanodeUUID=4a185089-c3e3-4847-8da3-ffacd891fd5e, command=[]} | ret=SUCCESS |  
2019-08-29 09:08:56,089 | INFO  | SCMAudit | user=jenkins1000 | ip=192.168.69.90 | op=SEND_HEARTBEAT {datanodeUUID=89389896-6107-44d3-8107-f3dd9a061ca0, command=[]} | ret=SUCCESS |  
2019-08-29 09:08:56,091 [grpc-default-executor-11] INFO  client.GrpcClientProtocolClient (GrpcClientProtocolClient.java:onNext(255)) - client-707534CA12D6->c4ca8910-c916-4cbf-826e-fde08f8bd5e0: receive RaftClientReply:client-707534CA12D6->c4ca8910-c916-4cbf-826e-fde08f8bd5e0@group-2A4E042E9F9A, cid=192, FAILED org.apache.ratis.protocol.NotLeaderException: Server c4ca8910-c916-4cbf-826e-fde08f8bd5e0 is not the leader (6b7ef66e-8765-47fb-bb7d-cec0d3804962:192.168.69.90:37841). Request must be sent to leader., logIndex=0, commits[c4ca8910-c916-4cbf-826e-fde08f8bd5e0:c14, 6b7ef66e-8765-47fb-bb7d-cec0d3804962:c14, 287c1acf-8fb8-4c08-86a8-def1750c75af:c14]
2019-08-29 09:08:56,325 | INFO  | SCMAudit | user=jenkins1000 | ip=192.168.69.90 | op=SEND_HEARTBEAT {datanodeUUID=857a8550-9455-4d64-9aa1-3b6e67bf160a, command=[]} | ret=SUCCESS |  
2019-08-29 09:08:56,600 | INFO  | SCMAudit | user=jenkins1000 | ip=192.168.69.90 | op=SEND_HEARTBEAT {datanodeUUID=c4ca8910-c916-4cbf-826e-fde08f8bd5e0, command=[]} | ret=SUCCESS |  
2019-08-29 09:08:56,616 | INFO  | SCMAudit | user=jenkins1000 | ip=192.168.69.90 | op=SEND_HEARTBEAT {datanodeUUID=c4ca8910-c916-4cbf-826e-fde08f8bd5e0, command=[]} | ret=SUCCESS |  
2019-08-29 09:08:56,626 | INFO  | SCMAudit | user=jenkins1000 | ip=192.168.69.90 | op=SEND_HEARTBEAT {datanodeUUID=287c1acf-8fb8-4c08-86a8-def1750c75af, command=[]} | ret=SUCCESS |  
2019-08-29 09:08:56,649 | INFO  | SCMAudit | user=jenkins1000 | ip=192.168.69.90 | op=SEND_HEARTBEAT {datanodeUUID=90376809-6c3e-4bbd-b4c1-5f430b81f277, command=[]} | ret=SUCCESS |  
2019-08-29 09:08:56,861 | INFO  | SCMAudit | user=jenkins1000 | ip=192.168.69.90 | op=SEND_HEARTBEAT {datanodeUUID=4a185089-c3e3-4847-8da3-ffacd891fd5e, command=[]} | ret=SUCCESS |  
2019-08-29 09:08:57,089 | INFO  | SCMAudit | user=jenkins1000 | ip=192.168.69.90 | op=SEND_HEARTBEAT {datanodeUUID=89389896-6107-44d3-8107-f3dd9a061ca0, command=[]} | ret=SUCCESS |  
2019-08-29 09:08:57,106 [grpc-default-executor-5] INFO  client.GrpcClientProtocolClient (GrpcClientProtocolClient.java:onNext(255)) - client-707534CA12D6->c4ca8910-c916-4cbf-826e-fde08f8bd5e0: receive RaftClientReply:client-707534CA12D6->c4ca8910-c916-4cbf-826e-fde08f8bd5e0@group-2A4E042E9F9A, cid=192, FAILED org.apache.ratis.protocol.NotLeaderException: Server c4ca8910-c916-4cbf-826e-fde08f8bd5e0 is not the leader (6b7ef66e-8765-47fb-bb7d-cec0d3804962:192.168.69.90:37841). Request must be sent to leader., logIndex=0, commits[c4ca8910-c916-4cbf-826e-fde08f8bd5e0:c14, 6b7ef66e-8765-47fb-bb7d-cec0d3804962:c14, 287c1acf-8fb8-4c08-86a8-def1750c75af:c14]
2019-08-29 09:08:57,325 | INFO  | SCMAudit | user=jenkins1000 | ip=192.168.69.90 | op=SEND_HEARTBEAT {datanodeUUID=857a8550-9455-4d64-9aa1-3b6e67bf160a, command=[]} | ret=SUCCESS |  
2019-08-29 09:08:57,616 | INFO  | SCMAudit | user=jenkins1000 | ip=192.168.69.90 | op=SEND_HEARTBEAT {datanodeUUID=c4ca8910-c916-4cbf-826e-fde08f8bd5e0, command=[]} | ret=SUCCESS |  
2019-08-29 09:08:57,626 | INFO  | SCMAudit | user=jenkins1000 | ip=192.168.69.90 | op=SEND_HEARTBEAT {datanodeUUID=287c1acf-8fb8-4c08-86a8-def1750c75af, command=[]} | ret=SUCCESS |  
2019-08-29 09:08:57,649 | INFO  | SCMAudit | user=jenkins1000 | ip=192.168.69.90 | op=SEND_HEARTBEAT {datanodeUUID=90376809-6c3e-4bbd-b4c1-5f430b81f277, command=[]} | ret=SUCCESS |  
2019-08-29 09:08:57,862 | INFO  | SCMAudit | user=jenkins1000 | ip=192.168.69.90 | op=SEND_HEARTBEAT {datanodeUUID=4a185089-c3e3-4847-8da3-ffacd891fd5e, command=[]} | ret=SUCCESS |  
2019-08-29 09:08:58,090 | INFO  | SCMAudit | user=jenkins1000 | ip=192.168.69.90 | op=SEND_HEARTBEAT {datanodeUUID=89389896-6107-44d3-8107-f3dd9a061ca0, command=[]} | ret=SUCCESS |  
2019-08-29 09:08:58,126 [grpc-default-executor-5] INFO  client.GrpcClientProtocolClient (GrpcClientProtocolClient.java:onNext(255)) - client-707534CA12D6->287c1acf-8fb8-4c08-86a8-def1750c75af: receive RaftClientReply:client-707534CA12D6->287c1acf-8fb8-4c08-86a8-def1750c75af@group-2A4E042E9F9A, cid=192, FAILED org.apache.ratis.protocol.NotLeaderException: Server 287c1acf-8fb8-4c08-86a8-def1750c75af is not the leader (6b7ef66e-8765-47fb-bb7d-cec0d3804962:192.168.69.90:37841). Request must be sent to leader., logIndex=0, commits[287c1acf-8fb8-4c08-86a8-def1750c75af:c14, c4ca8910-c916-4cbf-826e-fde08f8bd5e0:c14, 6b7ef66e-8765-47fb-bb7d-cec0d3804962:c14]
2019-08-29 09:08:58,326 | INFO  | SCMAudit | user=jenkins1000 | ip=192.168.69.90 | op=SEND_HEARTBEAT {datanodeUUID=857a8550-9455-4d64-9aa1-3b6e67bf160a, command=[]} | ret=SUCCESS |  
2019-08-29 09:08:58,617 | INFO  | SCMAudit | user=jenkins1000 | ip=192.168.69.90 | op=SEND_HEARTBEAT {datanodeUUID=c4ca8910-c916-4cbf-826e-fde08f8bd5e0, command=[]} | ret=SUCCESS |  
2019-08-29 09:08:58,626 | INFO  | SCMAudit | user=jenkins1000 | ip=192.168.69.90 | op=SEND_HEARTBEAT {datanodeUUID=287c1acf-8fb8-4c08-86a8-def1750c75af, command=[]} | ret=SUCCESS |  
2019-08-29 09:08:58,651 | INFO  | SCMAudit | user=jenkins1000 | ip=192.168.69.90 | op=SEND_HEARTBEAT {datanodeUUID=90376809-6c3e-4bbd-b4c1-5f430b81f277, command=[]} | ret=SUCCESS |  
2019-08-29 09:08:58,861 | INFO  | SCMAudit | user=jenkins1000 | ip=192.168.69.90 | op=SEND_HEARTBEAT {datanodeUUID=4a185089-c3e3-4847-8da3-ffacd891fd5e, command=[]} | ret=SUCCESS |  
2019-08-29 09:08:59,090 | INFO  | SCMAudit | user=jenkins1000 | ip=192.168.69.90 | op=SEND_HEARTBEAT {datanodeUUID=89389896-6107-44d3-8107-f3dd9a061ca0, command=[]} | ret=SUCCESS |  
2019-08-29 09:08:59,144 [grpc-default-executor-11] INFO  client.GrpcClientProtocolClient (GrpcClientProtocolClient.java:onNext(255)) - client-707534CA12D6->287c1acf-8fb8-4c08-86a8-def1750c75af: receive RaftClientReply:client-707534CA12D6->287c1acf-8fb8-4c08-86a8-def1750c75af@group-2A4E042E9F9A, cid=192, FAILED org.apache.ratis.protocol.NotLeaderException: Server 287c1acf-8fb8-4c08-86a8-def1750c75af is not the leader (6b7ef66e-8765-47fb-bb7d-cec0d3804962:192.168.69.90:37841). Request must be sent to leader., logIndex=0, commits[287c1acf-8fb8-4c08-86a8-def1750c75af:c14, c4ca8910-c916-4cbf-826e-fde08f8bd5e0:c14, 6b7ef66e-8765-47fb-bb7d-cec0d3804962:c14]
2019-08-29 09:08:59,326 | INFO  | SCMAudit | user=jenkins1000 | ip=192.168.69.90 | op=SEND_HEARTBEAT {datanodeUUID=857a8550-9455-4d64-9aa1-3b6e67bf160a, command=[]} | ret=SUCCESS |  
2019-08-29 09:08:59,617 | INFO  | SCMAudit | user=jenkins1000 | ip=192.168.69.90 | op=SEND_HEARTBEAT {datanodeUUID=c4ca8910-c916-4cbf-826e-fde08f8bd5e0, command=[]} | ret=SUCCESS |  
2019-08-29 09:08:59,626 | INFO  | SCMAudit | user=jenkins1000 | ip=192.168.69.90 | op=SEND_HEARTBEAT {datanodeUUID=287c1acf-8fb8-4c08-86a8-def1750c75af, command=[]} | ret=SUCCESS |  
2019-08-29 09:08:59,650 | INFO  | SCMAudit | user=jenkins1000 | ip=192.168.69.90 | op=SEND_HEARTBEAT {datanodeUUID=90376809-6c3e-4bbd-b4c1-5f430b81f277, command=[]} | ret=SUCCESS |  
2019-08-29 09:08:59,861 | INFO  | SCMAudit | user=jenkins1000 | ip=192.168.69.90 | op=SEND_HEARTBEAT {datanodeUUID=4a185089-c3e3-4847-8da3-ffacd891fd5e, command=[]} | ret=SUCCESS |  
2019-08-29 09:09:00,091 | INFO  | SCMAudit | user=jenkins1000 | ip=192.168.69.90 | op=SEND_HEARTBEAT {datanodeUUID=89389896-6107-44d3-8107-f3dd9a061ca0, command=[]} | ret=SUCCESS |  
2019-08-29 09:09:00,155 [grpc-default-executor-11] INFO  client.GrpcClientProtocolClient (GrpcClientProtocolClient.java:onNext(255)) - client-707534CA12D6->287c1acf-8fb8-4c08-86a8-def1750c75af: receive RaftClientReply:client-707534CA12D6->287c1acf-8fb8-4c08-86a8-def1750c75af@group-2A4E042E9F9A, cid=192, FAILED org.apache.ratis.protocol.NotLeaderException: Server 287c1acf-8fb8-4c08-86a8-def1750c75af is not the leader (6b7ef66e-8765-47fb-bb7d-cec0d3804962:192.168.69.90:37841). Request must be sent to leader., logIndex=0, commits[287c1acf-8fb8-4c08-86a8-def1750c75af:c14, c4ca8910-c916-4cbf-826e-fde08f8bd5e0:c14, 6b7ef66e-8765-47fb-bb7d-cec0d3804962:c14]
2019-08-29 09:09:00,326 | INFO  | SCMAudit | user=jenkins1000 | ip=192.168.69.90 | op=SEND_HEARTBEAT {datanodeUUID=857a8550-9455-4d64-9aa1-3b6e67bf160a, command=[]} | ret=SUCCESS |  
2019-08-29 09:09:00,617 | INFO  | SCMAudit | user=jenkins1000 | ip=192.168.69.90 | op=SEND_HEARTBEAT {datanodeUUID=c4ca8910-c916-4cbf-826e-fde08f8bd5e0, command=[]} | ret=SUCCESS |  
2019-08-29 09:09:00,627 | INFO  | SCMAudit | user=jenkins1000 | ip=192.168.69.90 | op=SEND_HEARTBEAT {datanodeUUID=287c1acf-8fb8-4c08-86a8-def1750c75af, command=[]} | ret=SUCCESS |  
2019-08-29 09:09:00,649 | INFO  | SCMAudit | user=jenkins1000 | ip=192.168.69.90 | op=SEND_HEARTBEAT {datanodeUUID=90376809-6c3e-4bbd-b4c1-5f430b81f277, command=[]} | ret=SUCCESS |  
2019-08-29 09:09:00,861 | INFO  | SCMAudit | user=jenkins1000 | ip=192.168.69.90 | op=SEND_HEARTBEAT {datanodeUUID=4a185089-c3e3-4847-8da3-ffacd891fd5e, command=[]} | ret=SUCCESS |  
2019-08-29 09:09:01,091 | INFO  | SCMAudit | user=jenkins1000 | ip=192.168.69.90 | op=SEND_HEARTBEAT {datanodeUUID=89389896-6107-44d3-8107-f3dd9a061ca0, command=[]} | ret=SUCCESS |  
2019-08-29 09:09:01,176 [grpc-default-executor-9] INFO  client.GrpcClientProtocolClient (GrpcClientProtocolClient.java:onNext(255)) - client-707534CA12D6->c4ca8910-c916-4cbf-826e-fde08f8bd5e0: receive RaftClientReply:client-707534CA12D6->c4ca8910-c916-4cbf-826e-fde08f8bd5e0@group-2A4E042E9F9A, cid=192, FAILED org.apache.ratis.protocol.NotLeaderException: Server c4ca8910-c916-4cbf-826e-fde08f8bd5e0 is not the leader (6b7ef66e-8765-47fb-bb7d-cec0d3804962:192.168.69.90:37841). Request must be sent to leader., logIndex=0, commits[c4ca8910-c916-4cbf-826e-fde08f8bd5e0:c14, 6b7ef66e-8765-47fb-bb7d-cec0d3804962:c14, 287c1acf-8fb8-4c08-86a8-def1750c75af:c14]
2019-08-29 09:09:01,326 | INFO  | SCMAudit | user=jenkins1000 | ip=192.168.69.90 | op=SEND_HEARTBEAT {datanodeUUID=857a8550-9455-4d64-9aa1-3b6e67bf160a, command=[]} | ret=SUCCESS |  
2019-08-29 09:09:01,617 | INFO  | SCMAudit | user=jenkins1000 | ip=192.168.69.90 | op=SEND_HEARTBEAT {datanodeUUID=c4ca8910-c916-4cbf-826e-fde08f8bd5e0, command=[]} | ret=SUCCESS |  
2019-08-29 09:09:01,627 | INFO  | SCMAudit | user=jenkins1000 | ip=192.168.69.90 | op=SEND_HEARTBEAT {datanodeUUID=287c1acf-8fb8-4c08-86a8-def1750c75af, command=[]} | ret=SUCCESS |  
2019-08-29 09:09:01,650 | INFO  | SCMAudit | user=jenkins1000 | ip=192.168.69.90 | op=SEND_HEARTBEAT {datanodeUUID=90376809-6c3e-4bbd-b4c1-5f430b81f277, command=[]} | ret=SUCCESS |  
2019-08-29 09:09:01,861 | INFO  | SCMAudit | user=jenkins1000 | ip=192.168.69.90 | op=SEND_HEARTBEAT {datanodeUUID=4a185089-c3e3-4847-8da3-ffacd891fd5e, command=[]} | ret=SUCCESS |  
2019-08-29 09:09:02,091 | INFO  | SCMAudit | user=jenkins1000 | ip=192.168.69.90 | op=SEND_HEARTBEAT {datanodeUUID=89389896-6107-44d3-8107-f3dd9a061ca0, command=[]} | ret=SUCCESS |  
2019-08-29 09:09:02,189 [grpc-default-executor-5] INFO  client.GrpcClientProtocolClient (GrpcClientProtocolClient.java:onNext(255)) - client-707534CA12D6->c4ca8910-c916-4cbf-826e-fde08f8bd5e0: receive RaftClientReply:client-707534CA12D6->c4ca8910-c916-4cbf-826e-fde08f8bd5e0@group-2A4E042E9F9A, cid=192, FAILED org.apache.ratis.protocol.NotLeaderException: Server c4ca8910-c916-4cbf-826e-fde08f8bd5e0 is not the leader (6b7ef66e-8765-47fb-bb7d-cec0d3804962:192.168.69.90:37841). Request must be sent to leader., logIndex=0, commits[c4ca8910-c916-4cbf-826e-fde08f8bd5e0:c14, 6b7ef66e-8765-47fb-bb7d-cec0d3804962:c14, 287c1acf-8fb8-4c08-86a8-def1750c75af:c14]
2019-08-29 09:09:02,326 | INFO  | SCMAudit | user=jenkins1000 | ip=192.168.69.90 | op=SEND_HEARTBEAT {datanodeUUID=857a8550-9455-4d64-9aa1-3b6e67bf160a, command=[]} | ret=SUCCESS |  
2019-08-29 09:09:02,617 | INFO  | SCMAudit | user=jenkins1000 | ip=192.168.69.90 | op=SEND_HEARTBEAT {datanodeUUID=c4ca8910-c916-4cbf-826e-fde08f8bd5e0, command=[]} | ret=SUCCESS |  
2019-08-29 09:09:02,627 | INFO  | SCMAudit | user=jenkins1000 | ip=192.168.69.90 | op=SEND_HEARTBEAT {datanodeUUID=287c1acf-8fb8-4c08-86a8-def1750c75af, command=[]} | ret=SUCCESS |  
2019-08-29 09:09:02,650 | INFO  | SCMAudit | user=jenkins1000 | ip=192.168.69.90 | op=SEND_HEARTBEAT {datanodeUUID=90376809-6c3e-4bbd-b4c1-5f430b81f277, command=[]} | ret=SUCCESS |  
2019-08-29 09:09:02,861 | INFO  | SCMAudit | user=jenkins1000 | ip=192.168.69.90 | op=SEND_HEARTBEAT {datanodeUUID=4a185089-c3e3-4847-8da3-ffacd891fd5e, command=[]} | ret=SUCCESS |  
2019-08-29 09:09:03,026 [Thread-3579] INFO  impl.FollowerState (FollowerState.java:run(106)) - 287c1acf-8fb8-4c08-86a8-def1750c75af:group-2A4E042E9F9A changes to CANDIDATE, lastRpcTime:9040, electionTimeout:5014ms
2019-08-29 09:09:03,026 [Thread-3579] INFO  impl.RoleInfo (RoleInfo.java:shutdownFollowerState(121)) - 287c1acf-8fb8-4c08-86a8-def1750c75af: shutdown FollowerState
2019-08-29 09:09:03,026 [Thread-3579] INFO  impl.RaftServerImpl (RaftServerImpl.java:setRole(171)) - 287c1acf-8fb8-4c08-86a8-def1750c75af:group-2A4E042E9F9A changes role from FOLLOWER to CANDIDATE at term 1 for changeToCandidate
2019-08-29 09:09:03,027 [Thread-3579] INFO  impl.RoleInfo (RoleInfo.java:updateAndGet(143)) - 287c1acf-8fb8-4c08-86a8-def1750c75af: start LeaderElection
2019-08-29 09:09:03,030 [287c1acf-8fb8-4c08-86a8-def1750c75af:group-2A4E042E9F9A:LeaderElection74] INFO  impl.RaftServerImpl (ServerState.java:setLeader(263)) - 287c1acf-8fb8-4c08-86a8-def1750c75af:group-2A4E042E9F9A change Leader from 6b7ef66e-8765-47fb-bb7d-cec0d3804962 to null at term 1 for initElection
2019-08-29 09:09:03,056 [287c1acf-8fb8-4c08-86a8-def1750c75af:group-2A4E042E9F9A:LeaderElection74] INFO  impl.LeaderElection (LeaderElection.java:askForVotes(181)) - 287c1acf-8fb8-4c08-86a8-def1750c75af:group-2A4E042E9F9A:LeaderElection74: begin an election at term 2 for 0: [c4ca8910-c916-4cbf-826e-fde08f8bd5e0:192.168.69.90:35355, 6b7ef66e-8765-47fb-bb7d-cec0d3804962:192.168.69.90:37841, 287c1acf-8fb8-4c08-86a8-def1750c75af:192.168.69.90:41412], old=null
2019-08-29 09:09:03,059 [287c1acf-8fb8-4c08-86a8-def1750c75af:group-2A4E042E9F9A:LeaderElection74] INFO  impl.LeaderElection (LogUtils.java:infoOrTrace(149)) - 287c1acf-8fb8-4c08-86a8-def1750c75af:group-2A4E042E9F9A:LeaderElection74 got exception when requesting votes: {}
java.util.concurrent.ExecutionException: org.apache.ratis.thirdparty.io.grpc.StatusRuntimeException: UNAVAILABLE: io exception
	at java.util.concurrent.FutureTask.report(FutureTask.java:122)
	at java.util.concurrent.FutureTask.get(FutureTask.java:192)
	at org.apache.ratis.server.impl.LeaderElection.waitForResults(LeaderElection.java:262)
	at org.apache.ratis.server.impl.LeaderElection.askForVotes(LeaderElection.java:200)
	at org.apache.ratis.server.impl.LeaderElection.run(LeaderElection.java:130)
	at java.lang.Thread.run(Thread.java:748)
Caused by: org.apache.ratis.thirdparty.io.grpc.StatusRuntimeException: UNAVAILABLE: io exception
	at org.apache.ratis.thirdparty.io.grpc.stub.ClientCalls.toStatusRuntimeException(ClientCalls.java:233)
	at org.apache.ratis.thirdparty.io.grpc.stub.ClientCalls.getUnchecked(ClientCalls.java:214)
	at org.apache.ratis.thirdparty.io.grpc.stub.ClientCalls.blockingUnaryCall(ClientCalls.java:139)
	at org.apache.ratis.proto.grpc.RaftServerProtocolServiceGrpc$RaftServerProtocolServiceBlockingStub.requestVote(RaftServerProtocolServiceGrpc.java:265)
	at org.apache.ratis.grpc.server.GrpcServerProtocolClient.requestVote(GrpcServerProtocolClient.java:83)
	at org.apache.ratis.grpc.server.GrpcService.requestVote(GrpcService.java:195)
	at org.apache.ratis.server.impl.LeaderElection.lambda$submitRequests$1(LeaderElection.java:237)
	at java.util.concurrent.FutureTask.run(FutureTask.java:266)
	at java.util.concurrent.Executors$RunnableAdapter.call(Executors.java:511)
	at java.util.concurrent.FutureTask.run(FutureTask.java:266)
	at java.util.concurrent.ThreadPoolExecutor.runWorker(ThreadPoolExecutor.java:1149)
	at java.util.concurrent.ThreadPoolExecutor$Worker.run(ThreadPoolExecutor.java:624)
	... 1 more
Caused by: org.apache.ratis.thirdparty.io.netty.channel.AbstractChannel$AnnotatedConnectException: Connection refused: /192.168.69.90:37841
	at sun.nio.ch.SocketChannelImpl.checkConnect(Native Method)
	at sun.nio.ch.SocketChannelImpl.finishConnect(SocketChannelImpl.java:717)
	at org.apache.ratis.thirdparty.io.netty.channel.socket.nio.NioSocketChannel.doFinishConnect(NioSocketChannel.java:327)
	at org.apache.ratis.thirdparty.io.netty.channel.nio.AbstractNioChannel$AbstractNioUnsafe.finishConnect(AbstractNioChannel.java:340)
	at org.apache.ratis.thirdparty.io.netty.channel.nio.NioEventLoop.processSelectedKey(NioEventLoop.java:632)
	at org.apache.ratis.thirdparty.io.netty.channel.nio.NioEventLoop.processSelectedKeysOptimized(NioEventLoop.java:579)
	at org.apache.ratis.thirdparty.io.netty.channel.nio.NioEventLoop.processSelectedKeys(NioEventLoop.java:496)
	at org.apache.ratis.thirdparty.io.netty.channel.nio.NioEventLoop.run(NioEventLoop.java:458)
	at org.apache.ratis.thirdparty.io.netty.util.concurrent.SingleThreadEventExecutor$5.run(SingleThreadEventExecutor.java:897)
	at org.apache.ratis.thirdparty.io.netty.util.concurrent.FastThreadLocalRunnable.run(FastThreadLocalRunnable.java:30)
	... 1 more
Caused by: java.net.ConnectException: Connection refused
	... 11 more
2019-08-29 09:09:03,065 [grpc-default-executor-5] INFO  impl.RaftServerImpl (ServerState.java:setLeader(263)) - c4ca8910-c916-4cbf-826e-fde08f8bd5e0:group-2A4E042E9F9A change Leader from 6b7ef66e-8765-47fb-bb7d-cec0d3804962 to null at term 2 for updateCurrentTerm
2019-08-29 09:09:03,065 [grpc-default-executor-5] INFO  impl.RaftServerImpl (RaftServerImpl.java:setRole(171)) - c4ca8910-c916-4cbf-826e-fde08f8bd5e0:group-2A4E042E9F9A changes role from FOLLOWER to FOLLOWER at term 2 for recognizeCandidate:287c1acf-8fb8-4c08-86a8-def1750c75af
2019-08-29 09:09:03,065 [grpc-default-executor-5] INFO  impl.RoleInfo (RoleInfo.java:shutdownFollowerState(121)) - c4ca8910-c916-4cbf-826e-fde08f8bd5e0: shutdown FollowerState
2019-08-29 09:09:03,065 [grpc-default-executor-5] INFO  impl.RoleInfo (RoleInfo.java:updateAndGet(143)) - c4ca8910-c916-4cbf-826e-fde08f8bd5e0: start FollowerState
2019-08-29 09:09:03,065 [Thread-3580] INFO  impl.FollowerState (FollowerState.java:run(114)) - c4ca8910-c916-4cbf-826e-fde08f8bd5e0: FollowerState was interrupted: java.lang.InterruptedException: sleep interrupted
2019-08-29 09:09:03,090 [287c1acf-8fb8-4c08-86a8-def1750c75af:group-2A4E042E9F9A:LeaderElection74] INFO  impl.LeaderElection (LeaderElection.java:logAndReturn(56)) - 287c1acf-8fb8-4c08-86a8-def1750c75af:group-2A4E042E9F9A:LeaderElection74: Election PASSED; received 1 response(s) [287c1acf-8fb8-4c08-86a8-def1750c75af<-c4ca8910-c916-4cbf-826e-fde08f8bd5e0#0:OK-t2] and 1 exception(s); 287c1acf-8fb8-4c08-86a8-def1750c75af:t2, leader=null, voted=287c1acf-8fb8-4c08-86a8-def1750c75af, raftlog=287c1acf-8fb8-4c08-86a8-def1750c75af-SegmentedRaftLog:OPENED:c14,f14,i14, conf=0: [c4ca8910-c916-4cbf-826e-fde08f8bd5e0:192.168.69.90:35355, 6b7ef66e-8765-47fb-bb7d-cec0d3804962:192.168.69.90:37841, 287c1acf-8fb8-4c08-86a8-def1750c75af:192.168.69.90:41412], old=null
2019-08-29 09:09:03,090 [287c1acf-8fb8-4c08-86a8-def1750c75af:group-2A4E042E9F9A:LeaderElection74] INFO  impl.LeaderElection (LogUtils.java:infoOrTrace(149)) -   Exception 0: {}
java.util.concurrent.ExecutionException: org.apache.ratis.thirdparty.io.grpc.StatusRuntimeException: UNAVAILABLE: io exception
	at java.util.concurrent.FutureTask.report(FutureTask.java:122)
	at java.util.concurrent.FutureTask.get(FutureTask.java:192)
	at org.apache.ratis.server.impl.LeaderElection.waitForResults(LeaderElection.java:262)
	at org.apache.ratis.server.impl.LeaderElection.askForVotes(LeaderElection.java:200)
	at org.apache.ratis.server.impl.LeaderElection.run(LeaderElection.java:130)
	at java.lang.Thread.run(Thread.java:748)
Caused by: org.apache.ratis.thirdparty.io.grpc.StatusRuntimeException: UNAVAILABLE: io exception
	at org.apache.ratis.thirdparty.io.grpc.stub.ClientCalls.toStatusRuntimeException(ClientCalls.java:233)
	at org.apache.ratis.thirdparty.io.grpc.stub.ClientCalls.getUnchecked(ClientCalls.java:214)
	at org.apache.ratis.thirdparty.io.grpc.stub.ClientCalls.blockingUnaryCall(ClientCalls.java:139)
	at org.apache.ratis.proto.grpc.RaftServerProtocolServiceGrpc$RaftServerProtocolServiceBlockingStub.requestVote(RaftServerProtocolServiceGrpc.java:265)
	at org.apache.ratis.grpc.server.GrpcServerProtocolClient.requestVote(GrpcServerProtocolClient.java:83)
	at org.apache.ratis.grpc.server.GrpcService.requestVote(GrpcService.java:195)
	at org.apache.ratis.server.impl.LeaderElection.lambda$submitRequests$1(LeaderElection.java:237)
	at java.util.concurrent.FutureTask.run(FutureTask.java:266)
	at java.util.concurrent.Executors$RunnableAdapter.call(Executors.java:511)
	at java.util.concurrent.FutureTask.run(FutureTask.java:266)
	at java.util.concurrent.ThreadPoolExecutor.runWorker(ThreadPoolExecutor.java:1149)
	at java.util.concurrent.ThreadPoolExecutor$Worker.run(ThreadPoolExecutor.java:624)
	... 1 more
Caused by: org.apache.ratis.thirdparty.io.netty.channel.AbstractChannel$AnnotatedConnectException: Connection refused: /192.168.69.90:37841
	at sun.nio.ch.SocketChannelImpl.checkConnect(Native Method)
	at sun.nio.ch.SocketChannelImpl.finishConnect(SocketChannelImpl.java:717)
	at org.apache.ratis.thirdparty.io.netty.channel.socket.nio.NioSocketChannel.doFinishConnect(NioSocketChannel.java:327)
	at org.apache.ratis.thirdparty.io.netty.channel.nio.AbstractNioChannel$AbstractNioUnsafe.finishConnect(AbstractNioChannel.java:340)
	at org.apache.ratis.thirdparty.io.netty.channel.nio.NioEventLoop.processSelectedKey(NioEventLoop.java:632)
	at org.apache.ratis.thirdparty.io.netty.channel.nio.NioEventLoop.processSelectedKeysOptimized(NioEventLoop.java:579)
	at org.apache.ratis.thirdparty.io.netty.channel.nio.NioEventLoop.processSelectedKeys(NioEventLoop.java:496)
	at org.apache.ratis.thirdparty.io.netty.channel.nio.NioEventLoop.run(NioEventLoop.java:458)
	at org.apache.ratis.thirdparty.io.netty.util.concurrent.SingleThreadEventExecutor$5.run(SingleThreadEventExecutor.java:897)
	at org.apache.ratis.thirdparty.io.netty.util.concurrent.FastThreadLocalRunnable.run(FastThreadLocalRunnable.java:30)
	... 1 more
Caused by: java.net.ConnectException: Connection refused
	... 11 more
2019-08-29 09:09:03,090 [287c1acf-8fb8-4c08-86a8-def1750c75af:group-2A4E042E9F9A:LeaderElection74] INFO  impl.RoleInfo (RoleInfo.java:shutdownLeaderElection(134)) - 287c1acf-8fb8-4c08-86a8-def1750c75af: shutdown LeaderElection
2019-08-29 09:09:03,106 [287c1acf-8fb8-4c08-86a8-def1750c75af:group-2A4E042E9F9A:LeaderElection74] INFO  impl.RaftServerImpl (RaftServerImpl.java:setRole(171)) - 287c1acf-8fb8-4c08-86a8-def1750c75af:group-2A4E042E9F9A changes role from CANDIDATE to LEADER at term 2 for changeToLeader
2019-08-29 09:09:03,106 [287c1acf-8fb8-4c08-86a8-def1750c75af:group-2A4E042E9F9A:LeaderElection74] INFO  impl.RaftServerImpl (ServerState.java:setLeader(263)) - 287c1acf-8fb8-4c08-86a8-def1750c75af:group-2A4E042E9F9A change Leader from null to 287c1acf-8fb8-4c08-86a8-def1750c75af at term 2 for becomeLeader, leader elected after 75ms
2019-08-29 09:09:03,106 [287c1acf-8fb8-4c08-86a8-def1750c75af:group-2A4E042E9F9A:LeaderElection74] INFO  server.RaftServerConfigKeys (ConfUtils.java:logGet(43)) - raft.server.staging.catchup.gap = 1000 (default)
2019-08-29 09:09:03,106 [287c1acf-8fb8-4c08-86a8-def1750c75af:group-2A4E042E9F9A:LeaderElection74] INFO  server.RaftServerConfigKeys (ConfUtils.java:logGet(43)) - raft.server.rpc.sleep.time = 25ms (default)
2019-08-29 09:09:03,106 [287c1acf-8fb8-4c08-86a8-def1750c75af:group-2A4E042E9F9A:LeaderElection74] INFO  server.RaftServerConfigKeys (ConfUtils.java:logGet(43)) - raft.server.write.element-limit = 4096 (default)
2019-08-29 09:09:03,106 | INFO  | SCMAudit | user=jenkins1000 | ip=192.168.69.90 | op=SEND_HEARTBEAT {datanodeUUID=89389896-6107-44d3-8107-f3dd9a061ca0, command=[]} | ret=SUCCESS |  
2019-08-29 09:09:03,107 [287c1acf-8fb8-4c08-86a8-def1750c75af:group-2A4E042E9F9A:LeaderElection74] INFO  server.RaftServerConfigKeys (ConfUtils.java:logGet(43)) - raft.server.watch.timeout = 10s (default)
2019-08-29 09:09:03,107 [287c1acf-8fb8-4c08-86a8-def1750c75af:group-2A4E042E9F9A:LeaderElection74] INFO  server.RaftServerConfigKeys (ConfUtils.java:logGet(43)) - raft.server.watch.timeout.denomination = 1s (default)
2019-08-29 09:09:03,107 [287c1acf-8fb8-4c08-86a8-def1750c75af:group-2A4E042E9F9A:LeaderElection74] INFO  server.RaftServerConfigKeys (ConfUtils.java:logGet(43)) - raft.server.watch.element-limit = 65536 (default)
2019-08-29 09:09:03,107 [287c1acf-8fb8-4c08-86a8-def1750c75af:group-2A4E042E9F9A:LeaderElection74] INFO  server.RaftServerConfigKeys (ConfUtils.java:logGet(43)) - raft.server.log.appender.snapshot.chunk.size.max = 16MB (=16777216) (default)
2019-08-29 09:09:03,107 [287c1acf-8fb8-4c08-86a8-def1750c75af:group-2A4E042E9F9A:LeaderElection74] INFO  server.RaftServerConfigKeys (ConfUtils.java:logGet(43)) - raft.server.log.appender.buffer.byte-limit = 33554432 (custom)
2019-08-29 09:09:03,108 [287c1acf-8fb8-4c08-86a8-def1750c75af:group-2A4E042E9F9A:LeaderElection74] INFO  server.RaftServerConfigKeys (ConfUtils.java:logGet(43)) - raft.server.log.appender.buffer.element-limit = 1 (custom)
2019-08-29 09:09:03,108 [287c1acf-8fb8-4c08-86a8-def1750c75af:group-2A4E042E9F9A:LeaderElection74] INFO  grpc.GrpcConfigKeys$Server (ConfUtils.java:logGet(43)) - raft.grpc.server.leader.outstanding.appends.max = 128 (default)
2019-08-29 09:09:03,108 [287c1acf-8fb8-4c08-86a8-def1750c75af:group-2A4E042E9F9A:LeaderElection74] INFO  server.RaftServerConfigKeys (ConfUtils.java:logGet(43)) - raft.server.rpc.request.timeout = 3000ms (default)
2019-08-29 09:09:03,108 [287c1acf-8fb8-4c08-86a8-def1750c75af:group-2A4E042E9F9A:LeaderElection74] INFO  server.RaftServerConfigKeys (ConfUtils.java:logGet(43)) - raft.server.log.appender.install.snapshot.enabled = false (custom)
2019-08-29 09:09:03,108 [287c1acf-8fb8-4c08-86a8-def1750c75af:group-2A4E042E9F9A:LeaderElection74] INFO  server.RaftServerConfigKeys (ConfUtils.java:logGet(43)) - raft.server.log.appender.snapshot.chunk.size.max = 16MB (=16777216) (default)
2019-08-29 09:09:03,108 [287c1acf-8fb8-4c08-86a8-def1750c75af:group-2A4E042E9F9A:LeaderElection74] INFO  server.RaftServerConfigKeys (ConfUtils.java:logGet(43)) - raft.server.log.appender.buffer.byte-limit = 33554432 (custom)
2019-08-29 09:09:03,109 [287c1acf-8fb8-4c08-86a8-def1750c75af:group-2A4E042E9F9A:LeaderElection74] INFO  server.RaftServerConfigKeys (ConfUtils.java:logGet(43)) - raft.server.log.appender.buffer.element-limit = 1 (custom)
2019-08-29 09:09:03,109 [287c1acf-8fb8-4c08-86a8-def1750c75af:group-2A4E042E9F9A:LeaderElection74] INFO  grpc.GrpcConfigKeys$Server (ConfUtils.java:logGet(43)) - raft.grpc.server.leader.outstanding.appends.max = 128 (default)
2019-08-29 09:09:03,109 [287c1acf-8fb8-4c08-86a8-def1750c75af:group-2A4E042E9F9A:LeaderElection74] INFO  server.RaftServerConfigKeys (ConfUtils.java:logGet(43)) - raft.server.rpc.request.timeout = 3000ms (default)
2019-08-29 09:09:03,109 [287c1acf-8fb8-4c08-86a8-def1750c75af:group-2A4E042E9F9A:LeaderElection74] INFO  server.RaftServerConfigKeys (ConfUtils.java:logGet(43)) - raft.server.log.appender.install.snapshot.enabled = false (custom)
2019-08-29 09:09:03,109 [287c1acf-8fb8-4c08-86a8-def1750c75af:group-2A4E042E9F9A:LeaderElection74] INFO  impl.RoleInfo (RoleInfo.java:updateAndGet(143)) - 287c1acf-8fb8-4c08-86a8-def1750c75af: start LeaderState
2019-08-29 09:09:03,110 [287c1acf-8fb8-4c08-86a8-def1750c75af:group-2A4E042E9F9A:LeaderElection74] INFO  segmented.SegmentedRaftLogWorker (SegmentedRaftLogWorker.java:rollLogSegment(385)) - 287c1acf-8fb8-4c08-86a8-def1750c75af-SegmentedRaftLogWorker:Storage Directory /workdir/hadoop-ozone/integration-test/target/test-dir/MiniOzoneClusterImpl-aa62adee-2aa8-4926-b259-289a460ec817/datanode-2/data/ratis/025c6614-c66d-4f96-8b70-2a4e042e9f9a: Rolling segment log-0_14 to index:14
2019-08-29 09:09:03,111 [287c1acf-8fb8-4c08-86a8-def1750c75af-SegmentedRaftLogWorker:Storage Directory /workdir/hadoop-ozone/integration-test/target/test-dir/MiniOzoneClusterImpl-aa62adee-2aa8-4926-b259-289a460ec817/datanode-2/data/ratis/025c6614-c66d-4f96-8b70-2a4e042e9f9a] INFO  segmented.SegmentedRaftLogWorker (SegmentedRaftLogWorker.java:execute(526)) - 287c1acf-8fb8-4c08-86a8-def1750c75af-SegmentedRaftLogWorker:Storage Directory /workdir/hadoop-ozone/integration-test/target/test-dir/MiniOzoneClusterImpl-aa62adee-2aa8-4926-b259-289a460ec817/datanode-2/data/ratis/025c6614-c66d-4f96-8b70-2a4e042e9f9a: Rolled log segment from /workdir/hadoop-ozone/integration-test/target/test-dir/MiniOzoneClusterImpl-aa62adee-2aa8-4926-b259-289a460ec817/datanode-2/data/ratis/025c6614-c66d-4f96-8b70-2a4e042e9f9a/current/log_inprogress_0 to /workdir/hadoop-ozone/integration-test/target/test-dir/MiniOzoneClusterImpl-aa62adee-2aa8-4926-b259-289a460ec817/datanode-2/data/ratis/025c6614-c66d-4f96-8b70-2a4e042e9f9a/current/log_0-14
2019-08-29 09:09:03,111 [287c1acf-8fb8-4c08-86a8-def1750c75af:group-2A4E042E9F9A:LeaderElection74] INFO  impl.RaftServerImpl (ServerState.java:setRaftConf(361)) - 287c1acf-8fb8-4c08-86a8-def1750c75af:group-2A4E042E9F9A set configuration 15: [c4ca8910-c916-4cbf-826e-fde08f8bd5e0:192.168.69.90:35355, 6b7ef66e-8765-47fb-bb7d-cec0d3804962:192.168.69.90:37841, 287c1acf-8fb8-4c08-86a8-def1750c75af:192.168.69.90:41412], old=null at 15
2019-08-29 09:09:03,111 [grpc-default-executor-5] WARN  server.GrpcLogAppender (LogUtils.java:warn(134)) - 287c1acf-8fb8-4c08-86a8-def1750c75af->6b7ef66e-8765-47fb-bb7d-cec0d3804962: Failed appendEntries: org.apache.ratis.thirdparty.io.grpc.StatusRuntimeException: UNAVAILABLE: io exception
2019-08-29 09:09:03,112 [grpc-default-executor-5] INFO  impl.FollowerInfo (FollowerInfo.java:lambda$new$0(50)) - 287c1acf-8fb8-4c08-86a8-def1750c75af->6b7ef66e-8765-47fb-bb7d-cec0d3804962: nextIndex: updateUnconditionally 15 -> 1
2019-08-29 09:09:03,113 [grpc-default-executor-5] INFO  impl.RaftServerImpl (ServerState.java:setLeader(263)) - c4ca8910-c916-4cbf-826e-fde08f8bd5e0:group-2A4E042E9F9A change Leader from null to 287c1acf-8fb8-4c08-86a8-def1750c75af at term 2 for appendEntries, leader elected after 48ms
2019-08-29 09:09:03,115 [grpc-default-executor-5] INFO  impl.RaftServerImpl (ServerState.java:setRaftConf(361)) - c4ca8910-c916-4cbf-826e-fde08f8bd5e0:group-2A4E042E9F9A set configuration 15: [c4ca8910-c916-4cbf-826e-fde08f8bd5e0:192.168.69.90:35355, 6b7ef66e-8765-47fb-bb7d-cec0d3804962:192.168.69.90:37841, 287c1acf-8fb8-4c08-86a8-def1750c75af:192.168.69.90:41412], old=null at 15
2019-08-29 09:09:03,116 [grpc-default-executor-5] INFO  segmented.SegmentedRaftLogWorker (SegmentedRaftLogWorker.java:rollLogSegment(385)) - c4ca8910-c916-4cbf-826e-fde08f8bd5e0-SegmentedRaftLogWorker:Storage Directory /workdir/hadoop-ozone/integration-test/target/test-dir/MiniOzoneClusterImpl-aa62adee-2aa8-4926-b259-289a460ec817/datanode-1/data/ratis/025c6614-c66d-4f96-8b70-2a4e042e9f9a: Rolling segment log-0_14 to index:14
2019-08-29 09:09:03,116 [c4ca8910-c916-4cbf-826e-fde08f8bd5e0-SegmentedRaftLogWorker:Storage Directory /workdir/hadoop-ozone/integration-test/target/test-dir/MiniOzoneClusterImpl-aa62adee-2aa8-4926-b259-289a460ec817/datanode-1/data/ratis/025c6614-c66d-4f96-8b70-2a4e042e9f9a] INFO  segmented.SegmentedRaftLogWorker (SegmentedRaftLogWorker.java:execute(526)) - c4ca8910-c916-4cbf-826e-fde08f8bd5e0-SegmentedRaftLogWorker:Storage Directory /workdir/hadoop-ozone/integration-test/target/test-dir/MiniOzoneClusterImpl-aa62adee-2aa8-4926-b259-289a460ec817/datanode-1/data/ratis/025c6614-c66d-4f96-8b70-2a4e042e9f9a: Rolled log segment from /workdir/hadoop-ozone/integration-test/target/test-dir/MiniOzoneClusterImpl-aa62adee-2aa8-4926-b259-289a460ec817/datanode-1/data/ratis/025c6614-c66d-4f96-8b70-2a4e042e9f9a/current/log_inprogress_0 to /workdir/hadoop-ozone/integration-test/target/test-dir/MiniOzoneClusterImpl-aa62adee-2aa8-4926-b259-289a460ec817/datanode-1/data/ratis/025c6614-c66d-4f96-8b70-2a4e042e9f9a/current/log_0-14
2019-08-29 09:09:03,186 [287c1acf-8fb8-4c08-86a8-def1750c75af-SegmentedRaftLogWorker:Storage Directory /workdir/hadoop-ozone/integration-test/target/test-dir/MiniOzoneClusterImpl-aa62adee-2aa8-4926-b259-289a460ec817/datanode-2/data/ratis/025c6614-c66d-4f96-8b70-2a4e042e9f9a] INFO  segmented.SegmentedRaftLogWorker (SegmentedRaftLogWorker.java:execute(569)) - 287c1acf-8fb8-4c08-86a8-def1750c75af-SegmentedRaftLogWorker:Storage Directory /workdir/hadoop-ozone/integration-test/target/test-dir/MiniOzoneClusterImpl-aa62adee-2aa8-4926-b259-289a460ec817/datanode-2/data/ratis/025c6614-c66d-4f96-8b70-2a4e042e9f9a: created new log segment /workdir/hadoop-ozone/integration-test/target/test-dir/MiniOzoneClusterImpl-aa62adee-2aa8-4926-b259-289a460ec817/datanode-2/data/ratis/025c6614-c66d-4f96-8b70-2a4e042e9f9a/current/log_inprogress_15
2019-08-29 09:09:03,186 [c4ca8910-c916-4cbf-826e-fde08f8bd5e0-SegmentedRaftLogWorker:Storage Directory /workdir/hadoop-ozone/integration-test/target/test-dir/MiniOzoneClusterImpl-aa62adee-2aa8-4926-b259-289a460ec817/datanode-1/data/ratis/025c6614-c66d-4f96-8b70-2a4e042e9f9a] INFO  segmented.SegmentedRaftLogWorker (SegmentedRaftLogWorker.java:execute(569)) - c4ca8910-c916-4cbf-826e-fde08f8bd5e0-SegmentedRaftLogWorker:Storage Directory /workdir/hadoop-ozone/integration-test/target/test-dir/MiniOzoneClusterImpl-aa62adee-2aa8-4926-b259-289a460ec817/datanode-1/data/ratis/025c6614-c66d-4f96-8b70-2a4e042e9f9a: created new log segment /workdir/hadoop-ozone/integration-test/target/test-dir/MiniOzoneClusterImpl-aa62adee-2aa8-4926-b259-289a460ec817/datanode-1/data/ratis/025c6614-c66d-4f96-8b70-2a4e042e9f9a/current/log_inprogress_15
2019-08-29 09:09:03,202 [grpc-default-executor-5] INFO  client.GrpcClientProtocolClient (GrpcClientProtocolClient.java:onNext(255)) - client-707534CA12D6->c4ca8910-c916-4cbf-826e-fde08f8bd5e0: receive RaftClientReply:client-707534CA12D6->c4ca8910-c916-4cbf-826e-fde08f8bd5e0@group-2A4E042E9F9A, cid=192, FAILED org.apache.ratis.protocol.NotLeaderException: Server c4ca8910-c916-4cbf-826e-fde08f8bd5e0 is not the leader (287c1acf-8fb8-4c08-86a8-def1750c75af:192.168.69.90:41412). Request must be sent to leader., logIndex=0, commits[c4ca8910-c916-4cbf-826e-fde08f8bd5e0:c14, 6b7ef66e-8765-47fb-bb7d-cec0d3804962:c14, 287c1acf-8fb8-4c08-86a8-def1750c75af:c14]
2019-08-29 09:09:03,212 | INFO  | DNAudit | user=null | ip=null | op=READ_CHUNK {blockData=conID: 1 locID: 102699481456181262 bcsId: 0} | ret=SUCCESS |  
2019-08-29 09:09:03,212 | ERROR | DNAudit | user=null | ip=null | op=WRITE_CHUNK {blockData=conID: 1 locID: 102699481456181262 bcsId: 13} | ret=FAILURE | org.apache.hadoop.hdds.scm.container.common.helpers.ContainerNotOpenException: Container 1 in CLOSING state
	at org.apache.hadoop.ozone.container.common.impl.HddsDispatcher.validateContainerCommand(HddsDispatcher.java:408)
	at org.apache.hadoop.ozone.container.common.transport.server.ratis.ContainerStateMachine.startTransaction(ContainerStateMachine.java:309) 
2019-08-29 09:09:03,217 [grpc-default-executor-5] WARN  server.GrpcLogAppender (LogUtils.java:warn(134)) - 287c1acf-8fb8-4c08-86a8-def1750c75af->6b7ef66e-8765-47fb-bb7d-cec0d3804962: Failed appendEntries: org.apache.ratis.thirdparty.io.grpc.StatusRuntimeException: UNAVAILABLE: io exception
2019-08-29 09:09:03,217 [grpc-default-executor-5] INFO  impl.FollowerInfo (FollowerInfo.java:lambda$new$0(50)) - 287c1acf-8fb8-4c08-86a8-def1750c75af->6b7ef66e-8765-47fb-bb7d-cec0d3804962: nextIndex: updateUnconditionally 2 -> 1
2019-08-29 09:09:03,221 [grpc-default-executor-5] INFO  client.GrpcClientProtocolClient (GrpcClientProtocolClient.java:onNext(255)) - client-707534CA12D6->287c1acf-8fb8-4c08-86a8-def1750c75af: receive RaftClientReply:client-707534CA12D6->287c1acf-8fb8-4c08-86a8-def1750c75af@group-2A4E042E9F9A, cid=192, FAILED org.apache.ratis.protocol.StateMachineException: org.apache.hadoop.hdds.scm.container.common.helpers.ContainerNotOpenException from Server 287c1acf-8fb8-4c08-86a8-def1750c75af: Container 1 in CLOSING state, logIndex=0, commits[287c1acf-8fb8-4c08-86a8-def1750c75af:c15, c4ca8910-c916-4cbf-826e-fde08f8bd5e0:c14, 6b7ef66e-8765-47fb-bb7d-cec0d3804962:c14]
2019-08-29 09:09:03,222 | ERROR | DNAudit | user=null | ip=null | op=WRITE_CHUNK {blockData=conID: 1 locID: 102699481456181262 bcsId: 13} | ret=FAILURE | org.apache.hadoop.hdds.scm.container.common.helpers.ContainerNotOpenException: Container 1 in CLOSING state
	at org.apache.hadoop.ozone.container.common.impl.HddsDispatcher.validateContainerCommand(HddsDispatcher.java:408)
	at org.apache.hadoop.ozone.container.common.transport.server.ratis.ContainerStateMachine.startTransaction(ContainerStateMachine.java:309) 
2019-08-29 09:09:03,223 | ERROR | DNAudit | user=null | ip=null | op=PUT_BLOCK {blockData=[blockId=conID: 1 locID: 102699481456181262 bcsId: 0,size=650]} | ret=FAILURE | org.apache.hadoop.hdds.scm.container.common.helpers.ContainerNotOpenException: Container 1 in CLOSING state
	at org.apache.hadoop.ozone.container.common.impl.HddsDispatcher.validateContainerCommand(HddsDispatcher.java:408)
	at org.apache.hadoop.ozone.container.common.transport.server.ratis.ContainerStateMachine.startTransaction(ContainerStateMachine.java:309) 
2019-08-29 09:09:03,228 | ERROR | DNAudit | user=null | ip=null | op=WRITE_CHUNK {blockData=conID: 1 locID: 102699481456181262 bcsId: 13} | ret=FAILURE | org.apache.hadoop.hdds.scm.container.common.helpers.ContainerNotOpenException: Container 1 in CLOSING state
	at org.apache.hadoop.ozone.container.common.impl.HddsDispatcher.validateContainerCommand(HddsDispatcher.java:408)
	at org.apache.hadoop.ozone.container.common.transport.server.ratis.ContainerStateMachine.startTransaction(ContainerStateMachine.java:309) 
2019-08-29 09:09:03,230 [grpc-default-executor-5] INFO  client.GrpcClientProtocolClient (GrpcClientProtocolClient.java:onNext(255)) - client-707534CA12D6->287c1acf-8fb8-4c08-86a8-def1750c75af: receive RaftClientReply:client-707534CA12D6->287c1acf-8fb8-4c08-86a8-def1750c75af@group-2A4E042E9F9A, cid=193, FAILED org.apache.ratis.protocol.StateMachineException: org.apache.hadoop.hdds.scm.container.common.helpers.ContainerNotOpenException from Server 287c1acf-8fb8-4c08-86a8-def1750c75af: Container 1 in CLOSING state, logIndex=0, commits[287c1acf-8fb8-4c08-86a8-def1750c75af:c16, c4ca8910-c916-4cbf-826e-fde08f8bd5e0:c15, 6b7ef66e-8765-47fb-bb7d-cec0d3804962:c14]
2019-08-29 09:09:03,231 | ERROR | DNAudit | user=null | ip=null | op=WRITE_CHUNK {blockData=conID: 1 locID: 102699481456181262 bcsId: 13} | ret=FAILURE | org.apache.hadoop.hdds.scm.container.common.helpers.ContainerNotOpenException: Container 1 in CLOSING state
	at org.apache.hadoop.ozone.container.common.impl.HddsDispatcher.validateContainerCommand(HddsDispatcher.java:408)
	at org.apache.hadoop.ozone.container.common.transport.server.ratis.ContainerStateMachine.startTransaction(ContainerStateMachine.java:309) 
2019-08-29 09:09:03,233 [grpc-default-executor-5] INFO  client.GrpcClientProtocolClient (GrpcClientProtocolClient.java:onNext(255)) - client-707534CA12D6->287c1acf-8fb8-4c08-86a8-def1750c75af: receive RaftClientReply:client-707534CA12D6->287c1acf-8fb8-4c08-86a8-def1750c75af@group-2A4E042E9F9A, cid=194, FAILED org.apache.ratis.protocol.StateMachineException: org.apache.hadoop.hdds.scm.container.common.helpers.ContainerNotOpenException from Server 287c1acf-8fb8-4c08-86a8-def1750c75af: Container 1 in CLOSING state, logIndex=0, commits[287c1acf-8fb8-4c08-86a8-def1750c75af:c16, c4ca8910-c916-4cbf-826e-fde08f8bd5e0:c15, 6b7ef66e-8765-47fb-bb7d-cec0d3804962:c14]
2019-08-29 09:09:03,236 [grpc-default-executor-5] INFO  client.GrpcClientProtocolClient (GrpcClientProtocolClient.java:onNext(255)) - client-707534CA12D6->287c1acf-8fb8-4c08-86a8-def1750c75af: receive RaftClientReply:client-707534CA12D6->287c1acf-8fb8-4c08-86a8-def1750c75af@group-2A4E042E9F9A, cid=195, FAILED org.apache.ratis.protocol.StateMachineException: org.apache.hadoop.hdds.scm.container.common.helpers.ContainerNotOpenException from Server 287c1acf-8fb8-4c08-86a8-def1750c75af: Container 1 in CLOSING state, logIndex=0, commits[287c1acf-8fb8-4c08-86a8-def1750c75af:c16, c4ca8910-c916-4cbf-826e-fde08f8bd5e0:c15, 6b7ef66e-8765-47fb-bb7d-cec0d3804962:c14]
2019-08-29 09:09:03,236 | ERROR | DNAudit | user=null | ip=null | op=PUT_BLOCK {blockData=[blockId=conID: 1 locID: 102699481456181262 bcsId: 0,size=800]} | ret=FAILURE | org.apache.hadoop.hdds.scm.container.common.helpers.ContainerNotOpenException: Container 1 in CLOSING state
	at org.apache.hadoop.ozone.container.common.impl.HddsDispatcher.validateContainerCommand(HddsDispatcher.java:408)
	at org.apache.hadoop.ozone.container.common.transport.server.ratis.ContainerStateMachine.startTransaction(ContainerStateMachine.java:309) 
2019-08-29 09:09:03,238 [grpc-default-executor-5] INFO  client.GrpcClientProtocolClient (GrpcClientProtocolClient.java:onNext(255)) - client-707534CA12D6->287c1acf-8fb8-4c08-86a8-def1750c75af: receive RaftClientReply:client-707534CA12D6->287c1acf-8fb8-4c08-86a8-def1750c75af@group-2A4E042E9F9A, cid=196, FAILED org.apache.ratis.protocol.StateMachineException: org.apache.hadoop.hdds.scm.container.common.helpers.ContainerNotOpenException from Server 287c1acf-8fb8-4c08-86a8-def1750c75af: Container 1 in CLOSING state, logIndex=0, commits[287c1acf-8fb8-4c08-86a8-def1750c75af:c16, c4ca8910-c916-4cbf-826e-fde08f8bd5e0:c15, 6b7ef66e-8765-47fb-bb7d-cec0d3804962:c14]
2019-08-29 09:09:03,239 [grpc-default-executor-5] INFO  client.GrpcClientProtocolClient (GrpcClientProtocolClient.java:onNext(255)) - client-707534CA12D6->287c1acf-8fb8-4c08-86a8-def1750c75af: receive RaftClientReply:client-707534CA12D6->287c1acf-8fb8-4c08-86a8-def1750c75af@group-2A4E042E9F9A, cid=197, FAILED org.apache.ratis.protocol.StateMachineException: org.apache.hadoop.hdds.scm.container.common.helpers.ContainerNotOpenException from Server 287c1acf-8fb8-4c08-86a8-def1750c75af: Container 1 in CLOSING state, logIndex=0, commits[287c1acf-8fb8-4c08-86a8-def1750c75af:c16, c4ca8910-c916-4cbf-826e-fde08f8bd5e0:c15, 6b7ef66e-8765-47fb-bb7d-cec0d3804962:c14]
2019-08-29 09:09:03,267 | INFO  | SCMAudit | user=jenkins1000 | ip=192.168.69.90 | op=ALLOCATE_BLOCK {owner=c18310e5-a027-4407-b9e3-4c3482967adf, size=800, type=RATIS, factor=THREE} | ret=SUCCESS |  
2019-08-29 09:09:03,268 | INFO  | OMAudit | user=jenkins1000 | ip=127.0.0.1 | op=ALLOCATE_BLOCK {volume=testblockoutputstream, bucket=testblockoutputstream, key=1ddee208-4ae2-4381-9b3a-f7a4e0e2d5f9, dataSize=0, replicationType=null, replicationFactor=null, keyLocationInfo=null, clientID=102699481456050189} | ret=SUCCESS |  
2019-08-29 09:09:03,279 [grpc-default-executor-5] INFO  client.GrpcClientProtocolClient (GrpcClientProtocolClient.java:onNext(255)) - client-74D20CF4F021->4a185089-c3e3-4847-8da3-ffacd891fd5e: receive RaftClientReply:client-74D20CF4F021->4a185089-c3e3-4847-8da3-ffacd891fd5e@group-2DFE7DEBA6BF, cid=198, FAILED org.apache.ratis.protocol.NotLeaderException: Server 4a185089-c3e3-4847-8da3-ffacd891fd5e is not the leader (89389896-6107-44d3-8107-f3dd9a061ca0:192.168.69.90:35768). Request must be sent to leader., logIndex=0, commits[4a185089-c3e3-4847-8da3-ffacd891fd5e:c0, 89389896-6107-44d3-8107-f3dd9a061ca0:c0, 90376809-6c3e-4bbd-b4c1-5f430b81f277:c0]
2019-08-29 09:09:03,326 | INFO  | SCMAudit | user=jenkins1000 | ip=192.168.69.90 | op=SEND_HEARTBEAT {datanodeUUID=857a8550-9455-4d64-9aa1-3b6e67bf160a, command=[]} | ret=SUCCESS |  
2019-08-29 09:09:03,475 | INFO  | DNAudit | user=null | ip=null | op=WRITE_CHUNK {blockData=conID: 2 locID: 102699482694680591 bcsId: 0} | ret=SUCCESS |  
2019-08-29 09:09:03,476 | INFO  | SCMAudit | user=jenkins1000 | ip=192.168.69.90 | op=SEND_HEARTBEAT {datanodeUUID=4a185089-c3e3-4847-8da3-ffacd891fd5e, command=[]} | ret=SUCCESS |  
2019-08-29 09:09:03,510 | INFO  | DNAudit | user=null | ip=null | op=WRITE_CHUNK {blockData=conID: 2 locID: 102699482694680591 bcsId: 0} | ret=SUCCESS |  
2019-08-29 09:09:03,510 | INFO  | SCMAudit | user=jenkins1000 | ip=192.168.69.90 | op=SEND_HEARTBEAT {datanodeUUID=90376809-6c3e-4bbd-b4c1-5f430b81f277, command=[]} | ret=SUCCESS |  
2019-08-29 09:09:03,512 | INFO  | DNAudit | user=null | ip=null | op=WRITE_CHUNK {blockData=conID: 2 locID: 102699482694680591 bcsId: 0} | ret=SUCCESS |  
2019-08-29 09:09:03,510 | INFO  | SCMAudit | user=jenkins1000 | ip=192.168.69.90 | op=SEND_HEARTBEAT {datanodeUUID=89389896-6107-44d3-8107-f3dd9a061ca0, command=[]} | ret=SUCCESS |  
2019-08-29 09:09:03,521 | INFO  | DNAudit | user=null | ip=null | op=WRITE_CHUNK {blockData=conID: 2 locID: 102699482694680591 bcsId: 0} | ret=SUCCESS |  
2019-08-29 09:09:03,532 [grpc-default-executor-11] INFO  client.GrpcClientProtocolClient (GrpcClientProtocolClient.java:onNext(255)) - client-74D20CF4F021->89389896-6107-44d3-8107-f3dd9a061ca0: receive RaftClientReply:client-74D20CF4F021->89389896-6107-44d3-8107-f3dd9a061ca0@group-2DFE7DEBA6BF, cid=198, SUCCESS, logIndex=1, commits[89389896-6107-44d3-8107-f3dd9a061ca0:c1, 90376809-6c3e-4bbd-b4c1-5f430b81f277:c0, 4a185089-c3e3-4847-8da3-ffacd891fd5e:c0]
2019-08-29 09:09:03,537 | INFO  | DNAudit | user=null | ip=null | op=WRITE_CHUNK {blockData=conID: 2 locID: 102699482694680591 bcsId: 0} | ret=SUCCESS |  
2019-08-29 09:09:03,537 | INFO  | DNAudit | user=null | ip=null | op=WRITE_CHUNK {blockData=conID: 2 locID: 102699482694680591 bcsId: 0} | ret=SUCCESS |  
2019-08-29 09:09:03,537 | INFO  | DNAudit | user=null | ip=null | op=WRITE_CHUNK {blockData=conID: 2 locID: 102699482694680591 bcsId: 0} | ret=SUCCESS |  
2019-08-29 09:09:03,538 | INFO  | DNAudit | user=null | ip=null | op=WRITE_CHUNK {blockData=conID: 2 locID: 102699482694680591 bcsId: 0} | ret=SUCCESS |  
2019-08-29 09:09:03,538 | INFO  | DNAudit | user=null | ip=null | op=WRITE_CHUNK {blockData=conID: 2 locID: 102699482694680591 bcsId: 0} | ret=SUCCESS |  
2019-08-29 09:09:03,539 | INFO  | DNAudit | user=null | ip=null | op=WRITE_CHUNK {blockData=conID: 2 locID: 102699482694680591 bcsId: 0} | ret=SUCCESS |  
2019-08-29 09:09:03,540 | INFO  | DNAudit | user=null | ip=null | op=WRITE_CHUNK {blockData=conID: 2 locID: 102699482694680591 bcsId: 0} | ret=SUCCESS |  
2019-08-29 09:09:03,540 | INFO  | DNAudit | user=null | ip=null | op=WRITE_CHUNK {blockData=conID: 2 locID: 102699482694680591 bcsId: 0} | ret=SUCCESS |  
2019-08-29 09:09:03,540 | INFO  | DNAudit | user=null | ip=null | op=WRITE_CHUNK {blockData=conID: 2 locID: 102699482694680591 bcsId: 0} | ret=SUCCESS |  
2019-08-29 09:09:03,541 | INFO  | DNAudit | user=null | ip=null | op=WRITE_CHUNK {blockData=conID: 2 locID: 102699482694680591 bcsId: 0} | ret=SUCCESS |  
2019-08-29 09:09:03,541 | INFO  | DNAudit | user=null | ip=null | op=WRITE_CHUNK {blockData=conID: 2 locID: 102699482694680591 bcsId: 0} | ret=SUCCESS |  
2019-08-29 09:09:03,551 | INFO  | DNAudit | user=null | ip=null | op=WRITE_CHUNK {blockData=conID: 2 locID: 102699482694680591 bcsId: 0} | ret=SUCCESS |  
2019-08-29 09:09:03,554 [grpc-default-executor-11] INFO  client.GrpcClientProtocolClient (GrpcClientProtocolClient.java:onNext(255)) - client-74D20CF4F021->89389896-6107-44d3-8107-f3dd9a061ca0: receive RaftClientReply:client-74D20CF4F021->89389896-6107-44d3-8107-f3dd9a061ca0@group-2DFE7DEBA6BF, cid=199, SUCCESS, logIndex=3, commits[89389896-6107-44d3-8107-f3dd9a061ca0:c3, 90376809-6c3e-4bbd-b4c1-5f430b81f277:c2, 4a185089-c3e3-4847-8da3-ffacd891fd5e:c2]
2019-08-29 09:09:03,565 | INFO  | DNAudit | user=null | ip=null | op=WRITE_CHUNK {blockData=conID: 2 locID: 102699482694680591 bcsId: 0} | ret=SUCCESS |  
2019-08-29 09:09:03,565 | INFO  | DNAudit | user=null | ip=null | op=WRITE_CHUNK {blockData=conID: 2 locID: 102699482694680591 bcsId: 0} | ret=SUCCESS |  
2019-08-29 09:09:03,617 | INFO  | SCMAudit | user=jenkins1000 | ip=192.168.69.90 | op=SEND_HEARTBEAT {datanodeUUID=c4ca8910-c916-4cbf-826e-fde08f8bd5e0, command=[]} | ret=SUCCESS |  
2019-08-29 09:09:03,627 | INFO  | SCMAudit | user=jenkins1000 | ip=192.168.69.90 | op=SEND_HEARTBEAT {datanodeUUID=287c1acf-8fb8-4c08-86a8-def1750c75af, command=[]} | ret=SUCCESS |  
2019-08-29 09:09:03,678 | INFO  | DNAudit | user=null | ip=null | op=PUT_BLOCK {blockData=[blockId=conID: 2 locID: 102699482694680591 bcsId: 0,size=200]} | ret=SUCCESS |  
2019-08-29 09:09:03,678 | INFO  | DNAudit | user=null | ip=null | op=WRITE_CHUNK {blockData=conID: 2 locID: 102699482694680591 bcsId: 0} | ret=SUCCESS |  
2019-08-29 09:09:03,679 | INFO  | DNAudit | user=null | ip=null | op=WRITE_CHUNK {blockData=conID: 2 locID: 102699482694680591 bcsId: 0} | ret=SUCCESS |  
2019-08-29 09:09:03,679 [grpc-default-executor-11] INFO  client.GrpcClientProtocolClient (GrpcClientProtocolClient.java:onNext(255)) - client-74D20CF4F021->89389896-6107-44d3-8107-f3dd9a061ca0: receive RaftClientReply:client-74D20CF4F021->89389896-6107-44d3-8107-f3dd9a061ca0@group-2DFE7DEBA6BF, cid=200, SUCCESS, logIndex=4, commits[89389896-6107-44d3-8107-f3dd9a061ca0:c12, 90376809-6c3e-4bbd-b4c1-5f430b81f277:c7, 4a185089-c3e3-4847-8da3-ffacd891fd5e:c7]
2019-08-29 09:09:03,680 [grpc-default-executor-11] INFO  client.GrpcClientProtocolClient (GrpcClientProtocolClient.java:onNext(255)) - client-74D20CF4F021->89389896-6107-44d3-8107-f3dd9a061ca0: receive RaftClientReply:client-74D20CF4F021->89389896-6107-44d3-8107-f3dd9a061ca0@group-2DFE7DEBA6BF, cid=201, SUCCESS, logIndex=5, commits[89389896-6107-44d3-8107-f3dd9a061ca0:c12, 90376809-6c3e-4bbd-b4c1-5f430b81f277:c7, 4a185089-c3e3-4847-8da3-ffacd891fd5e:c7]
2019-08-29 09:09:03,681 [grpc-default-executor-11] INFO  client.GrpcClientProtocolClient (GrpcClientProtocolClient.java:onNext(255)) - client-74D20CF4F021->89389896-6107-44d3-8107-f3dd9a061ca0: receive RaftClientReply:client-74D20CF4F021->89389896-6107-44d3-8107-f3dd9a061ca0@group-2DFE7DEBA6BF, cid=202, SUCCESS, logIndex=6, commits[89389896-6107-44d3-8107-f3dd9a061ca0:c12, 90376809-6c3e-4bbd-b4c1-5f430b81f277:c7, 4a185089-c3e3-4847-8da3-ffacd891fd5e:c7]
2019-08-29 09:09:03,746 | INFO  | DNAudit | user=null | ip=null | op=PUT_BLOCK {blockData=[blockId=conID: 2 locID: 102699482694680591 bcsId: 0,size=200]} | ret=SUCCESS |  
2019-08-29 09:09:03,746 | INFO  | DNAudit | user=null | ip=null | op=WRITE_CHUNK {blockData=conID: 2 locID: 102699482694680591 bcsId: 0} | ret=SUCCESS |  
2019-08-29 09:09:03,747 | INFO  | DNAudit | user=null | ip=null | op=WRITE_CHUNK {blockData=conID: 2 locID: 102699482694680591 bcsId: 0} | ret=SUCCESS |  
2019-08-29 09:09:03,822 | INFO  | DNAudit | user=null | ip=null | op=PUT_BLOCK {blockData=[blockId=conID: 2 locID: 102699482694680591 bcsId: 0,size=400]} | ret=SUCCESS |  
2019-08-29 09:09:03,822 | INFO  | DNAudit | user=null | ip=null | op=PUT_BLOCK {blockData=[blockId=conID: 2 locID: 102699482694680591 bcsId: 0,size=400]} | ret=SUCCESS |  
2019-08-29 09:09:03,822 | INFO  | DNAudit | user=null | ip=null | op=PUT_BLOCK {blockData=[blockId=conID: 2 locID: 102699482694680591 bcsId: 0,size=200]} | ret=SUCCESS |  
2019-08-29 09:09:03,822 | INFO  | DNAudit | user=null | ip=null | op=WRITE_CHUNK {blockData=conID: 2 locID: 102699482694680591 bcsId: 0} | ret=SUCCESS |  
2019-08-29 09:09:03,823 | INFO  | DNAudit | user=null | ip=null | op=WRITE_CHUNK {blockData=conID: 2 locID: 102699482694680591 bcsId: 0} | ret=SUCCESS |  
2019-08-29 09:09:03,824 | INFO  | DNAudit | user=null | ip=null | op=PUT_BLOCK {blockData=[blockId=conID: 2 locID: 102699482694680591 bcsId: 0,size=400]} | ret=SUCCESS |  
2019-08-29 09:09:03,824 [grpc-default-executor-11] INFO  client.GrpcClientProtocolClient (GrpcClientProtocolClient.java:onNext(255)) - client-74D20CF4F021->89389896-6107-44d3-8107-f3dd9a061ca0: receive RaftClientReply:client-74D20CF4F021->89389896-6107-44d3-8107-f3dd9a061ca0@group-2DFE7DEBA6BF, cid=203, SUCCESS, logIndex=7, commits[89389896-6107-44d3-8107-f3dd9a061ca0:c12, 90376809-6c3e-4bbd-b4c1-5f430b81f277:c7, 4a185089-c3e3-4847-8da3-ffacd891fd5e:c7]
2019-08-29 09:09:03,828 | INFO  | DNAudit | user=null | ip=null | op=WRITE_CHUNK {blockData=conID: 2 locID: 102699482694680591 bcsId: 7} | ret=SUCCESS |  
2019-08-29 09:09:03,829 | INFO  | DNAudit | user=null | ip=null | op=WRITE_CHUNK {blockData=conID: 2 locID: 102699482694680591 bcsId: 7} | ret=SUCCESS |  
2019-08-29 09:09:03,829 | INFO  | DNAudit | user=null | ip=null | op=WRITE_CHUNK {blockData=conID: 2 locID: 102699482694680591 bcsId: 7} | ret=SUCCESS |  
2019-08-29 09:09:03,838 | INFO  | DNAudit | user=null | ip=null | op=WRITE_CHUNK {blockData=conID: 2 locID: 102699482694680591 bcsId: 7} | ret=SUCCESS |  
2019-08-29 09:09:03,838 | INFO  | DNAudit | user=null | ip=null | op=PUT_BLOCK {blockData=[blockId=conID: 2 locID: 102699482694680591 bcsId: 0,size=450]} | ret=SUCCESS |  
2019-08-29 09:09:03,839 [grpc-default-executor-11] INFO  client.GrpcClientProtocolClient (GrpcClientProtocolClient.java:onNext(255)) - client-74D20CF4F021->89389896-6107-44d3-8107-f3dd9a061ca0: receive RaftClientReply:client-74D20CF4F021->89389896-6107-44d3-8107-f3dd9a061ca0@group-2DFE7DEBA6BF, cid=204, SUCCESS, logIndex=13, commits[89389896-6107-44d3-8107-f3dd9a061ca0:c14, 90376809-6c3e-4bbd-b4c1-5f430b81f277:c12, 4a185089-c3e3-4847-8da3-ffacd891fd5e:c12]
2019-08-29 09:09:03,840 [grpc-default-executor-11] INFO  client.GrpcClientProtocolClient (GrpcClientProtocolClient.java:onNext(255)) - client-74D20CF4F021->89389896-6107-44d3-8107-f3dd9a061ca0: receive RaftClientReply:client-74D20CF4F021->89389896-6107-44d3-8107-f3dd9a061ca0@group-2DFE7DEBA6BF, cid=205, SUCCESS, logIndex=14, commits[89389896-6107-44d3-8107-f3dd9a061ca0:c14, 90376809-6c3e-4bbd-b4c1-5f430b81f277:c12, 4a185089-c3e3-4847-8da3-ffacd891fd5e:c12]
2019-08-29 09:09:03,854 | INFO  | DNAudit | user=null | ip=null | op=WRITE_CHUNK {blockData=conID: 2 locID: 102699482694680591 bcsId: 7} | ret=SUCCESS |  
2019-08-29 09:09:03,854 | INFO  | DNAudit | user=null | ip=null | op=WRITE_CHUNK {blockData=conID: 2 locID: 102699482694680591 bcsId: 7} | ret=SUCCESS |  
2019-08-29 09:09:03,858 | INFO  | DNAudit | user=null | ip=null | op=PUT_BLOCK {blockData=[blockId=conID: 2 locID: 102699482694680591 bcsId: 0,size=450]} | ret=SUCCESS |  
2019-08-29 09:09:03,858 | INFO  | DNAudit | user=null | ip=null | op=PUT_BLOCK {blockData=[blockId=conID: 2 locID: 102699482694680591 bcsId: 0,size=450]} | ret=SUCCESS |  
2019-08-29 09:09:03,862 [grpc-default-executor-11] INFO  client.GrpcClientProtocolClient (GrpcClientProtocolClient.java:onNext(255)) - client-74D20CF4F021->89389896-6107-44d3-8107-f3dd9a061ca0: receive RaftClientReply:client-74D20CF4F021->89389896-6107-44d3-8107-f3dd9a061ca0@group-2DFE7DEBA6BF, cid=206, SUCCESS, logIndex=0, commits[89389896-6107-44d3-8107-f3dd9a061ca0:c15, 90376809-6c3e-4bbd-b4c1-5f430b81f277:c14, 4a185089-c3e3-4847-8da3-ffacd891fd5e:c14]
2019-08-29 09:09:03,863 [main] INFO  ozone.MiniOzoneClusterImpl (MiniOzoneClusterImpl.java:shutdown(321)) - Shutting down the Mini Ozone Cluster
2019-08-29 09:09:03,863 | INFO  | SCMAudit | user=null | ip=null | op=GET_SCM_INFO null | ret=SUCCESS |  
2019-08-29 09:09:03,863 [main] INFO  ozone.MiniOzoneClusterImpl (MiniOzoneClusterImpl.java:stop(336)) - Stopping the Mini Ozone Cluster
2019-08-29 09:09:03,863 [main] INFO  ozone.MiniOzoneClusterImpl (MiniOzoneClusterImpl.java:stop(338)) - Stopping the OzoneManager
2019-08-29 09:09:03,864 [main] INFO  ipc.Server (Server.java:stop(3082)) - Stopping server on 33188
2019-08-29 09:09:03,870 [IPC Server listener on 33188] INFO  ipc.Server (Server.java:run(1185)) - Stopping IPC Server listener on 33188
2019-08-29 09:09:03,882 [main] INFO  ratis.OzoneManagerDoubleBuffer (OzoneManagerDoubleBuffer.java:stop(248)) - Stopping OMDoubleBuffer flush thread
2019-08-29 09:09:03,882 [IPC Server Responder] INFO  ipc.Server (Server.java:run(1319)) - Stopping IPC Server Responder
2019-08-29 09:09:03,904 [OMDoubleBufferFlushThread] INFO  ratis.OzoneManagerDoubleBuffer (OzoneManagerDoubleBuffer.java:flushTransactions(191)) - OMDoubleBuffer flush thread OMDoubleBufferFlushThread is interrupted and will exit. OMDoubleBufferFlushThread
2019-08-29 09:09:03,904 [main] INFO  utils.BackgroundService (BackgroundService.java:shutdown(148)) - Shutting down service KeyDeletingService
2019-08-29 09:09:03,905 [main] INFO  handler.ContextHandler (ContextHandler.java:doStop(910)) - Stopped o.e.j.w.WebAppContext@6db64abf{/,null,UNAVAILABLE}{/ozoneManager}
2019-08-29 09:09:03,906 [main] INFO  server.AbstractConnector (AbstractConnector.java:doStop(318)) - Stopped ServerConnector@34714012{HTTP/1.1,[http/1.1]}{0.0.0.0:0}
2019-08-29 09:09:03,906 [main] INFO  handler.ContextHandler (ContextHandler.java:doStop(910)) - Stopped o.e.j.s.ServletContextHandler@7a4c1a6c{/static,file:///workdir/hadoop-ozone/integration-test/target/test-classes/webapps/static,UNAVAILABLE}
2019-08-29 09:09:03,907 [main] INFO  handler.ContextHandler (ContextHandler.java:doStop(910)) - Stopped o.e.j.s.ServletContextHandler@30be6a05{/logs,file:///workdir/hadoop-ozone/integration-test/target/log,UNAVAILABLE}
2019-08-29 09:09:03,910 [main] INFO  ozone.MiniOzoneClusterImpl (MiniOzoneClusterImpl.java:stop(344)) - Shutting the HddsDatanodes
2019-08-29 09:09:03,910 [main] INFO  datanode.ObjectStoreHandler (ObjectStoreHandler.java:close(155)) - Closing ObjectStoreHandler.
2019-08-29 09:09:03,910 [ForkJoinPool.commonPool-worker-1] INFO  datanode.ObjectStoreHandler (ObjectStoreHandler.java:close(155)) - Closing ObjectStoreHandler.
2019-08-29 09:09:03,910 [main] INFO  ozone.HddsDatanodeService (HddsDatanodeService.java:stop(451)) - Stopped plug-in org.apache.hadoop.ozone.web.OzoneHddsDatanodeService@648639f1
2019-08-29 09:09:03,910 [ForkJoinPool.commonPool-worker-1] INFO  ozone.HddsDatanodeService (HddsDatanodeService.java:stop(451)) - Stopped plug-in org.apache.hadoop.ozone.web.OzoneHddsDatanodeService@335cd031
2019-08-29 09:09:04,327 | INFO  | SCMAudit | user=jenkins1000 | ip=192.168.69.90 | op=SEND_HEARTBEAT {datanodeUUID=857a8550-9455-4d64-9aa1-3b6e67bf160a, command=[]} | ret=SUCCESS |  
2019-08-29 09:09:04,472 [Datanode State Machine Thread - 0] INFO  statemachine.DatanodeStateMachine (DatanodeStateMachine.java:lambda$startDaemon$0(350)) - Ozone container server started.
2019-08-29 09:09:04,505 | INFO  | SCMAudit | user=jenkins1000 | ip=192.168.69.90 | op=SEND_HEARTBEAT {datanodeUUID=90376809-6c3e-4bbd-b4c1-5f430b81f277, command=[]} | ret=SUCCESS |  
2019-08-29 09:09:04,505 | INFO  | SCMAudit | user=jenkins1000 | ip=192.168.69.90 | op=SEND_HEARTBEAT {datanodeUUID=89389896-6107-44d3-8107-f3dd9a061ca0, command=[]} | ret=SUCCESS |  
2019-08-29 09:09:04,617 [Datanode State Machine Thread - 0] INFO  statemachine.DatanodeStateMachine (DatanodeStateMachine.java:lambda$startDaemon$0(350)) - Ozone container server started.
2019-08-29 09:09:04,627 | INFO  | SCMAudit | user=jenkins1000 | ip=192.168.69.90 | op=SEND_HEARTBEAT {datanodeUUID=287c1acf-8fb8-4c08-86a8-def1750c75af, command=[]} | ret=SUCCESS |  
2019-08-29 09:09:05,327 | INFO  | SCMAudit | user=jenkins1000 | ip=192.168.69.90 | op=SEND_HEARTBEAT {datanodeUUID=857a8550-9455-4d64-9aa1-3b6e67bf160a, command=[]} | ret=SUCCESS |  
2019-08-29 09:09:05,505 | INFO  | SCMAudit | user=jenkins1000 | ip=192.168.69.90 | op=SEND_HEARTBEAT {datanodeUUID=90376809-6c3e-4bbd-b4c1-5f430b81f277, command=[]} | ret=SUCCESS |  
2019-08-29 09:09:05,505 | INFO  | SCMAudit | user=jenkins1000 | ip=192.168.69.90 | op=SEND_HEARTBEAT {datanodeUUID=89389896-6107-44d3-8107-f3dd9a061ca0, command=[]} | ret=SUCCESS |  
2019-08-29 09:09:05,627 | INFO  | SCMAudit | user=jenkins1000 | ip=192.168.69.90 | op=SEND_HEARTBEAT {datanodeUUID=287c1acf-8fb8-4c08-86a8-def1750c75af, command=[]} | ret=SUCCESS |  
2019-08-29 09:09:05,723 [grpc-default-executor-9] WARN  server.GrpcLogAppender (LogUtils.java:warn(134)) - 287c1acf-8fb8-4c08-86a8-def1750c75af->6b7ef66e-8765-47fb-bb7d-cec0d3804962: Failed appendEntries: org.apache.ratis.thirdparty.io.grpc.StatusRuntimeException: UNAVAILABLE: io exception
2019-08-29 09:09:05,724 [grpc-default-executor-9] INFO  impl.FollowerInfo (FollowerInfo.java:lambda$new$0(50)) - 287c1acf-8fb8-4c08-86a8-def1750c75af->6b7ef66e-8765-47fb-bb7d-cec0d3804962: nextIndex: updateUnconditionally 1 -> 0
2019-08-29 09:09:06,327 | INFO  | SCMAudit | user=jenkins1000 | ip=192.168.69.90 | op=SEND_HEARTBEAT {datanodeUUID=857a8550-9455-4d64-9aa1-3b6e67bf160a, command=[]} | ret=SUCCESS |  
2019-08-29 09:09:06,505 | INFO  | SCMAudit | user=jenkins1000 | ip=192.168.69.90 | op=SEND_HEARTBEAT {datanodeUUID=90376809-6c3e-4bbd-b4c1-5f430b81f277, command=[]} | ret=SUCCESS |  
2019-08-29 09:09:06,505 | INFO  | SCMAudit | user=jenkins1000 | ip=192.168.69.90 | op=SEND_HEARTBEAT {datanodeUUID=89389896-6107-44d3-8107-f3dd9a061ca0, command=[]} | ret=SUCCESS |  
2019-08-29 09:09:06,627 | INFO  | SCMAudit | user=jenkins1000 | ip=192.168.69.90 | op=SEND_HEARTBEAT {datanodeUUID=287c1acf-8fb8-4c08-86a8-def1750c75af, command=[]} | ret=SUCCESS |  
2019-08-29 09:09:07,327 | INFO  | SCMAudit | user=jenkins1000 | ip=192.168.69.90 | op=SEND_HEARTBEAT {datanodeUUID=857a8550-9455-4d64-9aa1-3b6e67bf160a, command=[]} | ret=SUCCESS |  
2019-08-29 09:09:07,505 | INFO  | SCMAudit | user=jenkins1000 | ip=192.168.69.90 | op=SEND_HEARTBEAT {datanodeUUID=89389896-6107-44d3-8107-f3dd9a061ca0, command=[]} | ret=SUCCESS |  
2019-08-29 09:09:07,505 | INFO  | SCMAudit | user=jenkins1000 | ip=192.168.69.90 | op=SEND_HEARTBEAT {datanodeUUID=90376809-6c3e-4bbd-b4c1-5f430b81f277, command=[]} | ret=SUCCESS |  
2019-08-29 09:09:07,627 | INFO  | SCMAudit | user=jenkins1000 | ip=192.168.69.90 | op=SEND_HEARTBEAT {datanodeUUID=287c1acf-8fb8-4c08-86a8-def1750c75af, command=[]} | ret=SUCCESS |  
2019-08-29 09:09:08,217 [grpc-default-executor-5] WARN  server.GrpcLogAppender (LogUtils.java:warn(134)) - 287c1acf-8fb8-4c08-86a8-def1750c75af->6b7ef66e-8765-47fb-bb7d-cec0d3804962: Failed appendEntries: org.apache.ratis.thirdparty.io.grpc.StatusRuntimeException: UNAVAILABLE: io exception
2019-08-29 09:09:08,217 [grpc-default-executor-5] INFO  impl.FollowerInfo (FollowerInfo.java:lambda$new$0(50)) - 287c1acf-8fb8-4c08-86a8-def1750c75af->6b7ef66e-8765-47fb-bb7d-cec0d3804962: nextIndex: updateUnconditionally 0 -> 0
2019-08-29 09:09:08,327 | INFO  | SCMAudit | user=jenkins1000 | ip=192.168.69.90 | op=SEND_HEARTBEAT {datanodeUUID=857a8550-9455-4d64-9aa1-3b6e67bf160a, command=[]} | ret=SUCCESS |  
2019-08-29 09:09:08,505 | INFO  | SCMAudit | user=jenkins1000 | ip=192.168.69.90 | op=SEND_HEARTBEAT {datanodeUUID=90376809-6c3e-4bbd-b4c1-5f430b81f277, command=[]} | ret=SUCCESS |  
2019-08-29 09:09:08,505 | INFO  | SCMAudit | user=jenkins1000 | ip=192.168.69.90 | op=SEND_HEARTBEAT {datanodeUUID=89389896-6107-44d3-8107-f3dd9a061ca0, command=[]} | ret=SUCCESS |  
2019-08-29 09:09:08,557 [EventQueue-StaleNodeForStaleNodeHandler] INFO  node.StaleNodeHandler (StaleNodeHandler.java:onMessage(58)) - Datanode 4a185089-c3e3-4847-8da3-ffacd891fd5e{ip: 192.168.69.90, host: pr-hdds-2030-6zpjw-50391877, networkLocation: /default-rack, certSerialId: null} moved to stale state. Finalizing its pipelines [PipelineID=4576684e-eadb-4561-94e1-2dfe7deba6bf, PipelineID=f65cd314-c1a5-469f-9557-d0244731d3ed]
2019-08-29 09:09:08,557 [EventQueue-StaleNodeForStaleNodeHandler] INFO  pipeline.SCMPipelineManager (SCMPipelineManager.java:finalizeAndDestroyPipeline(309)) - destroying pipeline:Pipeline[ Id: 4576684e-eadb-4561-94e1-2dfe7deba6bf, Nodes: 4a185089-c3e3-4847-8da3-ffacd891fd5e{ip: 192.168.69.90, host: pr-hdds-2030-6zpjw-50391877, networkLocation: /default-rack, certSerialId: null}89389896-6107-44d3-8107-f3dd9a061ca0{ip: 192.168.69.90, host: pr-hdds-2030-6zpjw-50391877, networkLocation: /default-rack, certSerialId: null}90376809-6c3e-4bbd-b4c1-5f430b81f277{ip: 192.168.69.90, host: pr-hdds-2030-6zpjw-50391877, networkLocation: /default-rack, certSerialId: null}, Type:RATIS, Factor:THREE, State:OPEN]
2019-08-29 09:09:08,557 [EventQueue-StaleNodeForStaleNodeHandler] INFO  pipeline.PipelineStateManager (PipelineStateManager.java:finalizePipeline(123)) - Pipeline Pipeline[ Id: 4576684e-eadb-4561-94e1-2dfe7deba6bf, Nodes: 4a185089-c3e3-4847-8da3-ffacd891fd5e{ip: 192.168.69.90, host: pr-hdds-2030-6zpjw-50391877, networkLocation: /default-rack, certSerialId: null}89389896-6107-44d3-8107-f3dd9a061ca0{ip: 192.168.69.90, host: pr-hdds-2030-6zpjw-50391877, networkLocation: /default-rack, certSerialId: null}90376809-6c3e-4bbd-b4c1-5f430b81f277{ip: 192.168.69.90, host: pr-hdds-2030-6zpjw-50391877, networkLocation: /default-rack, certSerialId: null}, Type:RATIS, Factor:THREE, State:CLOSED] moved to CLOSED state
2019-08-29 09:09:08,557 [EventQueue-CloseContainerForCloseContainerEventHandler] INFO  container.CloseContainerEventHandler (CloseContainerEventHandler.java:onMessage(61)) - Close container Event triggered for container : #2
2019-08-29 09:09:08,557 [EventQueue-StaleNodeForStaleNodeHandler] INFO  pipeline.SCMPipelineManager (SCMPipelineManager.java:finalizeAndDestroyPipeline(309)) - destroying pipeline:Pipeline[ Id: f65cd314-c1a5-469f-9557-d0244731d3ed, Nodes: 4a185089-c3e3-4847-8da3-ffacd891fd5e{ip: 192.168.69.90, host: pr-hdds-2030-6zpjw-50391877, networkLocation: /default-rack, certSerialId: null}, Type:RATIS, Factor:ONE, State:OPEN]
2019-08-29 09:09:08,558 [EventQueue-StaleNodeForStaleNodeHandler] INFO  pipeline.PipelineStateManager (PipelineStateManager.java:finalizePipeline(123)) - Pipeline Pipeline[ Id: f65cd314-c1a5-469f-9557-d0244731d3ed, Nodes: 4a185089-c3e3-4847-8da3-ffacd891fd5e{ip: 192.168.69.90, host: pr-hdds-2030-6zpjw-50391877, networkLocation: /default-rack, certSerialId: null}, Type:RATIS, Factor:ONE, State:CLOSED] moved to CLOSED state
2019-08-29 09:09:08,627 | INFO  | SCMAudit | user=jenkins1000 | ip=192.168.69.90 | op=SEND_HEARTBEAT {datanodeUUID=287c1acf-8fb8-4c08-86a8-def1750c75af, command=[]} | ret=SUCCESS |  
2019-08-29 09:09:08,657 [EventQueue-StaleNodeForStaleNodeHandler] INFO  node.StaleNodeHandler (StaleNodeHandler.java:onMessage(58)) - Datanode c4ca8910-c916-4cbf-826e-fde08f8bd5e0{ip: 192.168.69.90, host: pr-hdds-2030-6zpjw-50391877, networkLocation: /default-rack, certSerialId: null} moved to stale state. Finalizing its pipelines [PipelineID=d6977934-c838-4d11-95aa-e60c9480e37f, PipelineID=025c6614-c66d-4f96-8b70-2a4e042e9f9a]
2019-08-29 09:09:08,657 [EventQueue-StaleNodeForStaleNodeHandler] INFO  pipeline.SCMPipelineManager (SCMPipelineManager.java:finalizeAndDestroyPipeline(309)) - destroying pipeline:Pipeline[ Id: d6977934-c838-4d11-95aa-e60c9480e37f, Nodes: c4ca8910-c916-4cbf-826e-fde08f8bd5e0{ip: 192.168.69.90, host: pr-hdds-2030-6zpjw-50391877, networkLocation: /default-rack, certSerialId: null}, Type:RATIS, Factor:ONE, State:OPEN]
2019-08-29 09:09:08,657 [EventQueue-StaleNodeForStaleNodeHandler] INFO  pipeline.PipelineStateManager (PipelineStateManager.java:finalizePipeline(123)) - Pipeline Pipeline[ Id: d6977934-c838-4d11-95aa-e60c9480e37f, Nodes: c4ca8910-c916-4cbf-826e-fde08f8bd5e0{ip: 192.168.69.90, host: pr-hdds-2030-6zpjw-50391877, networkLocation: /default-rack, certSerialId: null}, Type:RATIS, Factor:ONE, State:CLOSED] moved to CLOSED state
2019-08-29 09:09:08,658 [EventQueue-StaleNodeForStaleNodeHandler] INFO  pipeline.SCMPipelineManager (SCMPipelineManager.java:finalizeAndDestroyPipeline(309)) - destroying pipeline:Pipeline[ Id: 025c6614-c66d-4f96-8b70-2a4e042e9f9a, Nodes: 6b7ef66e-8765-47fb-bb7d-cec0d3804962{ip: 192.168.69.90, host: pr-hdds-2030-6zpjw-50391877, networkLocation: /default-rack, certSerialId: null}c4ca8910-c916-4cbf-826e-fde08f8bd5e0{ip: 192.168.69.90, host: pr-hdds-2030-6zpjw-50391877, networkLocation: /default-rack, certSerialId: null}287c1acf-8fb8-4c08-86a8-def1750c75af{ip: 192.168.69.90, host: pr-hdds-2030-6zpjw-50391877, networkLocation: /default-rack, certSerialId: null}, Type:RATIS, Factor:THREE, State:CLOSED]
2019-08-29 09:09:08,911 [main] INFO  ozoneimpl.OzoneContainer (OzoneContainer.java:stop(199)) - Attempting to stop container services.
2019-08-29 09:09:08,911 [ForkJoinPool.commonPool-worker-1] INFO  ozoneimpl.OzoneContainer (OzoneContainer.java:stop(199)) - Attempting to stop container services.
2019-08-29 09:09:08,912 [main] INFO  impl.RaftServerProxy (RaftServerProxy.java:lambda$close$4(314)) - 4a185089-c3e3-4847-8da3-ffacd891fd5e: close
2019-08-29 09:09:08,912 [ForkJoinPool.commonPool-worker-1] INFO  impl.RaftServerProxy (RaftServerProxy.java:lambda$close$4(314)) - c4ca8910-c916-4cbf-826e-fde08f8bd5e0: close
2019-08-29 09:09:08,912 [main] INFO  impl.RaftServerImpl (RaftServerImpl.java:lambda$shutdown$3(245)) - 4a185089-c3e3-4847-8da3-ffacd891fd5e: shutdown group-2DFE7DEBA6BF
2019-08-29 09:09:08,912 [ForkJoinPool.commonPool-worker-1] INFO  impl.RaftServerImpl (RaftServerImpl.java:lambda$shutdown$3(245)) - c4ca8910-c916-4cbf-826e-fde08f8bd5e0: shutdown group-E60C9480E37F
2019-08-29 09:09:08,913 [main] INFO  util.JmxRegister (JmxRegister.java:unregister(73)) - Successfully un-registered JMX Bean with object name Ratis:service=RaftServer,group=group-2DFE7DEBA6BF,id=4a185089-c3e3-4847-8da3-ffacd891fd5e
2019-08-29 09:09:08,913 [ForkJoinPool.commonPool-worker-1] INFO  util.JmxRegister (JmxRegister.java:unregister(73)) - Successfully un-registered JMX Bean with object name Ratis:service=RaftServer,group=group-E60C9480E37F,id=c4ca8910-c916-4cbf-826e-fde08f8bd5e0
2019-08-29 09:09:08,913 [main] INFO  impl.RoleInfo (RoleInfo.java:shutdownFollowerState(121)) - 4a185089-c3e3-4847-8da3-ffacd891fd5e: shutdown FollowerState
2019-08-29 09:09:08,913 [ForkJoinPool.commonPool-worker-1] INFO  impl.RoleInfo (RoleInfo.java:shutdownLeaderState(104)) - c4ca8910-c916-4cbf-826e-fde08f8bd5e0: shutdown LeaderState
2019-08-29 09:09:08,913 [Thread-3602] INFO  impl.FollowerState (FollowerState.java:run(114)) - 4a185089-c3e3-4847-8da3-ffacd891fd5e: FollowerState was interrupted: java.lang.InterruptedException: sleep interrupted
2019-08-29 09:09:08,913 [main] INFO  impl.StateMachineUpdater (StateMachineUpdater.java:stopAndJoin(115)) - StateMachineUpdater:4a185089-c3e3-4847-8da3-ffacd891fd5e:group-2DFE7DEBA6BF: set stopIndex = 16
2019-08-29 09:09:08,913 [ForkJoinPool.commonPool-worker-1] INFO  impl.PendingRequests (PendingRequests.java:sendNotLeaderResponses(202)) - c4ca8910-c916-4cbf-826e-fde08f8bd5e0-PendingRequests: sendNotLeaderResponses
2019-08-29 09:09:08,913 [StateMachineUpdater:4a185089-c3e3-4847-8da3-ffacd891fd5e:group-2DFE7DEBA6BF] INFO  ratis.ContainerStateMachine (ContainerStateMachine.java:takeSnapshot(283)) - group-2DFE7DEBA6BF: Taking a snapshot at:(t:1, i:14) file /workdir/hadoop-ozone/integration-test/target/test-dir/MiniOzoneClusterImpl-aa62adee-2aa8-4926-b259-289a460ec817/datanode-4/data/ratis/4576684e-eadb-4561-94e1-2dfe7deba6bf/sm/snapshot.1_14
2019-08-29 09:09:08,916 [ForkJoinPool.commonPool-worker-1] INFO  impl.StateMachineUpdater (StateMachineUpdater.java:stopAndJoin(115)) - StateMachineUpdater:c4ca8910-c916-4cbf-826e-fde08f8bd5e0:group-E60C9480E37F: set stopIndex = 0
2019-08-29 09:09:08,917 [ForkJoinPool.commonPool-worker-1] INFO  impl.RaftServerImpl (ServerState.java:close(394)) - c4ca8910-c916-4cbf-826e-fde08f8bd5e0:group-E60C9480E37F closes. The last applied log index is 0
2019-08-29 09:09:08,917 [c4ca8910-c916-4cbf-826e-fde08f8bd5e0-SegmentedRaftLogWorker:Storage Directory /workdir/hadoop-ozone/integration-test/target/test-dir/MiniOzoneClusterImpl-aa62adee-2aa8-4926-b259-289a460ec817/datanode-1/data/ratis/d6977934-c838-4d11-95aa-e60c9480e37f] INFO  segmented.SegmentedRaftLogWorker (SegmentedRaftLogWorker.java:run(313)) - c4ca8910-c916-4cbf-826e-fde08f8bd5e0-SegmentedRaftLogWorker:Storage Directory /workdir/hadoop-ozone/integration-test/target/test-dir/MiniOzoneClusterImpl-aa62adee-2aa8-4926-b259-289a460ec817/datanode-1/data/ratis/d6977934-c838-4d11-95aa-e60c9480e37f was interrupted, exiting. There are 0 tasks remaining in the queue.
2019-08-29 09:09:08,918 [ForkJoinPool.commonPool-worker-1] INFO  segmented.SegmentedRaftLogWorker (SegmentedRaftLogWorker.java:close(228)) - c4ca8910-c916-4cbf-826e-fde08f8bd5e0-SegmentedRaftLogWorker:Storage Directory /workdir/hadoop-ozone/integration-test/target/test-dir/MiniOzoneClusterImpl-aa62adee-2aa8-4926-b259-289a460ec817/datanode-1/data/ratis/d6977934-c838-4d11-95aa-e60c9480e37f close()
2019-08-29 09:09:08,921 [ForkJoinPool.commonPool-worker-1] INFO  impl.RaftServerImpl (RaftServerImpl.java:lambda$shutdown$3(245)) - c4ca8910-c916-4cbf-826e-fde08f8bd5e0: shutdown group-2A4E042E9F9A
2019-08-29 09:09:08,921 [ForkJoinPool.commonPool-worker-1] INFO  util.JmxRegister (JmxRegister.java:unregister(73)) - Successfully un-registered JMX Bean with object name Ratis:service=RaftServer,group=group-2A4E042E9F9A,id=c4ca8910-c916-4cbf-826e-fde08f8bd5e0
2019-08-29 09:09:08,921 [ForkJoinPool.commonPool-worker-1] INFO  impl.RoleInfo (RoleInfo.java:shutdownFollowerState(121)) - c4ca8910-c916-4cbf-826e-fde08f8bd5e0: shutdown FollowerState
2019-08-29 09:09:08,922 [ForkJoinPool.commonPool-worker-1] INFO  impl.StateMachineUpdater (StateMachineUpdater.java:stopAndJoin(115)) - StateMachineUpdater:c4ca8910-c916-4cbf-826e-fde08f8bd5e0:group-2A4E042E9F9A: set stopIndex = 16
2019-08-29 09:09:08,922 [Thread-3713] INFO  impl.FollowerState (FollowerState.java:run(114)) - c4ca8910-c916-4cbf-826e-fde08f8bd5e0: FollowerState was interrupted: java.lang.InterruptedException: sleep interrupted
2019-08-29 09:09:08,922 [StateMachineUpdater:c4ca8910-c916-4cbf-826e-fde08f8bd5e0:group-2A4E042E9F9A] INFO  ratis.ContainerStateMachine (ContainerStateMachine.java:takeSnapshot(283)) - group-2A4E042E9F9A: Taking a snapshot at:(t:1, i:13) file /workdir/hadoop-ozone/integration-test/target/test-dir/MiniOzoneClusterImpl-aa62adee-2aa8-4926-b259-289a460ec817/datanode-1/data/ratis/025c6614-c66d-4f96-8b70-2a4e042e9f9a/sm/snapshot.1_13
2019-08-29 09:09:08,956 [StateMachineUpdater:4a185089-c3e3-4847-8da3-ffacd891fd5e:group-2DFE7DEBA6BF] INFO  ratis.ContainerStateMachine (ContainerStateMachine.java:takeSnapshot(294)) - group-2DFE7DEBA6BF: Finished taking a snapshot at:(t:1, i:14) file:/workdir/hadoop-ozone/integration-test/target/test-dir/MiniOzoneClusterImpl-aa62adee-2aa8-4926-b259-289a460ec817/datanode-4/data/ratis/4576684e-eadb-4561-94e1-2dfe7deba6bf/sm/snapshot.1_14 time:43
2019-08-29 09:09:08,956 [StateMachineUpdater:4a185089-c3e3-4847-8da3-ffacd891fd5e:group-2DFE7DEBA6BF] INFO  impl.StateMachineUpdater (StateMachineUpdater.java:takeSnapshot(242)) - StateMachineUpdater:4a185089-c3e3-4847-8da3-ffacd891fd5e:group-2DFE7DEBA6BF: Took a snapshot at index 14
2019-08-29 09:09:08,956 [StateMachineUpdater:c4ca8910-c916-4cbf-826e-fde08f8bd5e0:group-2A4E042E9F9A] INFO  ratis.ContainerStateMachine (ContainerStateMachine.java:takeSnapshot(294)) - group-2A4E042E9F9A: Finished taking a snapshot at:(t:1, i:13) file:/workdir/hadoop-ozone/integration-test/target/test-dir/MiniOzoneClusterImpl-aa62adee-2aa8-4926-b259-289a460ec817/datanode-1/data/ratis/025c6614-c66d-4f96-8b70-2a4e042e9f9a/sm/snapshot.1_13 time:35
2019-08-29 09:09:08,957 [StateMachineUpdater:4a185089-c3e3-4847-8da3-ffacd891fd5e:group-2DFE7DEBA6BF] INFO  impl.StateMachineUpdater (StateMachineUpdater.java:lambda$new$0(80)) - StateMachineUpdater:4a185089-c3e3-4847-8da3-ffacd891fd5e:group-2DFE7DEBA6BF: snapshotIndex: updateIncreasingly -1 -> 14
2019-08-29 09:09:08,957 [StateMachineUpdater:c4ca8910-c916-4cbf-826e-fde08f8bd5e0:group-2A4E042E9F9A] INFO  impl.StateMachineUpdater (StateMachineUpdater.java:takeSnapshot(242)) - StateMachineUpdater:c4ca8910-c916-4cbf-826e-fde08f8bd5e0:group-2A4E042E9F9A: Took a snapshot at index 13
2019-08-29 09:09:08,957 [StateMachineUpdater:c4ca8910-c916-4cbf-826e-fde08f8bd5e0:group-2A4E042E9F9A] INFO  impl.StateMachineUpdater (StateMachineUpdater.java:lambda$new$0(80)) - StateMachineUpdater:c4ca8910-c916-4cbf-826e-fde08f8bd5e0:group-2A4E042E9F9A: snapshotIndex: updateIncreasingly -1 -> 13
2019-08-29 09:09:08,957 [main] INFO  impl.RaftServerImpl (ServerState.java:close(394)) - 4a185089-c3e3-4847-8da3-ffacd891fd5e:group-2DFE7DEBA6BF closes. The last applied log index is 16
2019-08-29 09:09:08,957 [ForkJoinPool.commonPool-worker-1] INFO  impl.RaftServerImpl (ServerState.java:close(394)) - c4ca8910-c916-4cbf-826e-fde08f8bd5e0:group-2A4E042E9F9A closes. The last applied log index is 16
2019-08-29 09:09:08,958 [4a185089-c3e3-4847-8da3-ffacd891fd5e-SegmentedRaftLogWorker:Storage Directory /workdir/hadoop-ozone/integration-test/target/test-dir/MiniOzoneClusterImpl-aa62adee-2aa8-4926-b259-289a460ec817/datanode-4/data/ratis/4576684e-eadb-4561-94e1-2dfe7deba6bf] INFO  segmented.SegmentedRaftLogWorker (SegmentedRaftLogWorker.java:run(313)) - 4a185089-c3e3-4847-8da3-ffacd891fd5e-SegmentedRaftLogWorker:Storage Directory /workdir/hadoop-ozone/integration-test/target/test-dir/MiniOzoneClusterImpl-aa62adee-2aa8-4926-b259-289a460ec817/datanode-4/data/ratis/4576684e-eadb-4561-94e1-2dfe7deba6bf was interrupted, exiting. There are 0 tasks remaining in the queue.
2019-08-29 09:09:08,958 [c4ca8910-c916-4cbf-826e-fde08f8bd5e0-SegmentedRaftLogWorker:Storage Directory /workdir/hadoop-ozone/integration-test/target/test-dir/MiniOzoneClusterImpl-aa62adee-2aa8-4926-b259-289a460ec817/datanode-1/data/ratis/025c6614-c66d-4f96-8b70-2a4e042e9f9a] INFO  segmented.SegmentedRaftLogWorker (SegmentedRaftLogWorker.java:run(313)) - c4ca8910-c916-4cbf-826e-fde08f8bd5e0-SegmentedRaftLogWorker:Storage Directory /workdir/hadoop-ozone/integration-test/target/test-dir/MiniOzoneClusterImpl-aa62adee-2aa8-4926-b259-289a460ec817/datanode-1/data/ratis/025c6614-c66d-4f96-8b70-2a4e042e9f9a was interrupted, exiting. There are 0 tasks remaining in the queue.
2019-08-29 09:09:08,963 [ForkJoinPool.commonPool-worker-1] INFO  segmented.SegmentedRaftLogWorker (SegmentedRaftLogWorker.java:close(228)) - c4ca8910-c916-4cbf-826e-fde08f8bd5e0-SegmentedRaftLogWorker:Storage Directory /workdir/hadoop-ozone/integration-test/target/test-dir/MiniOzoneClusterImpl-aa62adee-2aa8-4926-b259-289a460ec817/datanode-1/data/ratis/025c6614-c66d-4f96-8b70-2a4e042e9f9a close()
2019-08-29 09:09:08,963 [main] INFO  segmented.SegmentedRaftLogWorker (SegmentedRaftLogWorker.java:close(228)) - 4a185089-c3e3-4847-8da3-ffacd891fd5e-SegmentedRaftLogWorker:Storage Directory /workdir/hadoop-ozone/integration-test/target/test-dir/MiniOzoneClusterImpl-aa62adee-2aa8-4926-b259-289a460ec817/datanode-4/data/ratis/4576684e-eadb-4561-94e1-2dfe7deba6bf close()
2019-08-29 09:09:08,968 [ForkJoinPool.commonPool-worker-1] INFO  server.GrpcService (GrpcService.java:closeImpl(155)) - c4ca8910-c916-4cbf-826e-fde08f8bd5e0: shutdown server with port 35355 now
2019-08-29 09:09:08,971 [main] INFO  impl.RaftServerImpl (RaftServerImpl.java:lambda$shutdown$3(245)) - 4a185089-c3e3-4847-8da3-ffacd891fd5e: shutdown group-D0244731D3ED
2019-08-29 09:09:08,972 [main] INFO  util.JmxRegister (JmxRegister.java:unregister(73)) - Successfully un-registered JMX Bean with object name Ratis:service=RaftServer,group=group-D0244731D3ED,id=4a185089-c3e3-4847-8da3-ffacd891fd5e
2019-08-29 09:09:08,972 [grpc-default-executor-5] WARN  server.GrpcLogAppender (LogUtils.java:warn(134)) - 287c1acf-8fb8-4c08-86a8-def1750c75af->c4ca8910-c916-4cbf-826e-fde08f8bd5e0: Failed appendEntries: org.apache.ratis.thirdparty.io.grpc.StatusRuntimeException: CANCELLED: HTTP/2 error code: CANCEL
Received Rst Stream
2019-08-29 09:09:08,972 [ForkJoinPool.commonPool-worker-1] INFO  server.GrpcService (GrpcService.java:closeImpl(163)) - c4ca8910-c916-4cbf-826e-fde08f8bd5e0: shutdown server with port 35355 successfully
2019-08-29 09:09:08,972 [grpc-default-executor-11] WARN  server.GrpcServerProtocolService (LogUtils.java:warn(134)) - c4ca8910-c916-4cbf-826e-fde08f8bd5e0: appendEntries onError: org.apache.ratis.thirdparty.io.grpc.StatusRuntimeException: CANCELLED: cancelled before receiving half close
2019-08-29 09:09:08,973 [grpc-default-executor-5] INFO  impl.FollowerInfo (FollowerInfo.java:lambda$new$0(50)) - 287c1acf-8fb8-4c08-86a8-def1750c75af->c4ca8910-c916-4cbf-826e-fde08f8bd5e0: nextIndex: updateUnconditionally 17 -> 16
2019-08-29 09:09:08,972 [main] INFO  impl.RoleInfo (RoleInfo.java:shutdownLeaderState(104)) - 4a185089-c3e3-4847-8da3-ffacd891fd5e: shutdown LeaderState
2019-08-29 09:09:08,973 [main] INFO  impl.PendingRequests (PendingRequests.java:sendNotLeaderResponses(202)) - 4a185089-c3e3-4847-8da3-ffacd891fd5e-PendingRequests: sendNotLeaderResponses
2019-08-29 09:09:08,973 [ForkJoinPool.commonPool-worker-1] INFO  utils.BackgroundService (BackgroundService.java:shutdown(148)) - Shutting down service BlockDeletingService
2019-08-29 09:09:08,974 [main] INFO  impl.StateMachineUpdater (StateMachineUpdater.java:stopAndJoin(115)) - StateMachineUpdater:4a185089-c3e3-4847-8da3-ffacd891fd5e:group-D0244731D3ED: set stopIndex = 0
2019-08-29 09:09:08,976 [main] INFO  impl.RaftServerImpl (ServerState.java:close(394)) - 4a185089-c3e3-4847-8da3-ffacd891fd5e:group-D0244731D3ED closes. The last applied log index is 0
2019-08-29 09:09:08,976 [4a185089-c3e3-4847-8da3-ffacd891fd5e-SegmentedRaftLogWorker:Storage Directory /workdir/hadoop-ozone/integration-test/target/test-dir/MiniOzoneClusterImpl-aa62adee-2aa8-4926-b259-289a460ec817/datanode-4/data/ratis/f65cd314-c1a5-469f-9557-d0244731d3ed] INFO  segmented.SegmentedRaftLogWorker (SegmentedRaftLogWorker.java:run(313)) - 4a185089-c3e3-4847-8da3-ffacd891fd5e-SegmentedRaftLogWorker:Storage Directory /workdir/hadoop-ozone/integration-test/target/test-dir/MiniOzoneClusterImpl-aa62adee-2aa8-4926-b259-289a460ec817/datanode-4/data/ratis/f65cd314-c1a5-469f-9557-d0244731d3ed was interrupted, exiting. There are 0 tasks remaining in the queue.
2019-08-29 09:09:08,978 [main] INFO  segmented.SegmentedRaftLogWorker (SegmentedRaftLogWorker.java:close(228)) - 4a185089-c3e3-4847-8da3-ffacd891fd5e-SegmentedRaftLogWorker:Storage Directory /workdir/hadoop-ozone/integration-test/target/test-dir/MiniOzoneClusterImpl-aa62adee-2aa8-4926-b259-289a460ec817/datanode-4/data/ratis/f65cd314-c1a5-469f-9557-d0244731d3ed close()
2019-08-29 09:09:08,978 [refreshUsed-/workdir/hadoop-ozone/integration-test/target/test-dir/MiniOzoneClusterImpl-aa62adee-2aa8-4926-b259-289a460ec817/datanode-1/data/containers] WARN  fs.CachingGetSpaceUsed (CachingGetSpaceUsed.java:run(183)) - Thread Interrupted waiting to refresh disk information: sleep interrupted
2019-08-29 09:09:08,982 [main] INFO  server.GrpcService (GrpcService.java:closeImpl(155)) - 4a185089-c3e3-4847-8da3-ffacd891fd5e: shutdown server with port 37623 now
2019-08-29 09:09:08,982 [grpc-default-executor-5] WARN  server.GrpcServerProtocolService (LogUtils.java:warn(134)) - 4a185089-c3e3-4847-8da3-ffacd891fd5e: appendEntries onError: org.apache.ratis.thirdparty.io.grpc.StatusRuntimeException: CANCELLED: cancelled before receiving half close
2019-08-29 09:09:08,982 [main] INFO  server.GrpcService (GrpcService.java:closeImpl(163)) - 4a185089-c3e3-4847-8da3-ffacd891fd5e: shutdown server with port 37623 successfully
2019-08-29 09:09:08,982 [grpc-default-executor-9] WARN  server.GrpcLogAppender (LogUtils.java:warn(134)) - 89389896-6107-44d3-8107-f3dd9a061ca0->4a185089-c3e3-4847-8da3-ffacd891fd5e: Failed appendEntries: org.apache.ratis.thirdparty.io.grpc.StatusRuntimeException: CANCELLED: HTTP/2 error code: CANCEL
Received Rst Stream
2019-08-29 09:09:08,983 [grpc-default-executor-9] INFO  impl.FollowerInfo (FollowerInfo.java:lambda$new$0(50)) - 89389896-6107-44d3-8107-f3dd9a061ca0->4a185089-c3e3-4847-8da3-ffacd891fd5e: nextIndex: updateUnconditionally 17 -> 16
2019-08-29 09:09:08,983 [main] INFO  utils.BackgroundService (BackgroundService.java:shutdown(148)) - Shutting down service BlockDeletingService
2019-08-29 09:09:08,984 [refreshUsed-/workdir/hadoop-ozone/integration-test/target/test-dir/MiniOzoneClusterImpl-aa62adee-2aa8-4926-b259-289a460ec817/datanode-4/data/containers] WARN  fs.CachingGetSpaceUsed (CachingGetSpaceUsed.java:run(183)) - Thread Interrupted waiting to refresh disk information: sleep interrupted
2019-08-29 09:09:09,001 [ForkJoinPool.commonPool-worker-1] INFO  statemachine.DatanodeStateMachine (DatanodeStateMachine.java:stopDaemon(395)) - Ozone container server stopped.
2019-08-29 09:09:09,004 [main] INFO  statemachine.DatanodeStateMachine (DatanodeStateMachine.java:stopDaemon(395)) - Ozone container server stopped.
2019-08-29 09:09:09,006 [ForkJoinPool.commonPool-worker-1] INFO  handler.ContextHandler (ContextHandler.java:doStop(910)) - Stopped o.e.j.w.WebAppContext@6a2d0a19{/,null,UNAVAILABLE}{/hddsDatanode}
2019-08-29 09:09:09,006 [main] INFO  handler.ContextHandler (ContextHandler.java:doStop(910)) - Stopped o.e.j.w.WebAppContext@6d5b160{/,null,UNAVAILABLE}{/hddsDatanode}
2019-08-29 09:09:09,006 [ForkJoinPool.commonPool-worker-1] INFO  server.AbstractConnector (AbstractConnector.java:doStop(318)) - Stopped ServerConnector@5702e6f3{HTTP/1.1,[http/1.1]}{0.0.0.0:0}
2019-08-29 09:09:09,008 [ForkJoinPool.commonPool-worker-1] INFO  handler.ContextHandler (ContextHandler.java:doStop(910)) - Stopped o.e.j.s.ServletContextHandler@1cd4082a{/static,jar:file:/home/user/.m2/repository/org/apache/hadoop/hadoop-hdds-container-service/0.5.0-SNAPSHOT/hadoop-hdds-container-service-0.5.0-SNAPSHOT.jar!/webapps/static,UNAVAILABLE}
2019-08-29 09:09:09,009 [main] INFO  server.AbstractConnector (AbstractConnector.java:doStop(318)) - Stopped ServerConnector@fd07138{HTTP/1.1,[http/1.1]}{0.0.0.0:0}
2019-08-29 09:09:09,009 [ForkJoinPool.commonPool-worker-1] INFO  handler.ContextHandler (ContextHandler.java:doStop(910)) - Stopped o.e.j.s.ServletContextHandler@33da0fad{/logs,file:///workdir/hadoop-ozone/integration-test/target/log,UNAVAILABLE}
2019-08-29 09:09:09,009 [main] INFO  handler.ContextHandler (ContextHandler.java:doStop(910)) - Stopped o.e.j.s.ServletContextHandler@7720334e{/static,jar:file:/home/user/.m2/repository/org/apache/hadoop/hadoop-hdds-container-service/0.5.0-SNAPSHOT/hadoop-hdds-container-service-0.5.0-SNAPSHOT.jar!/webapps/static,UNAVAILABLE}
2019-08-29 09:09:09,010 [main] INFO  handler.ContextHandler (ContextHandler.java:doStop(910)) - Stopped o.e.j.s.ServletContextHandler@1c8746a0{/logs,file:///workdir/hadoop-ozone/integration-test/target/log,UNAVAILABLE}
2019-08-29 09:09:09,010 [ForkJoinPool.commonPool-worker-1] INFO  datanode.ObjectStoreHandler (ObjectStoreHandler.java:close(155)) - Closing ObjectStoreHandler.
2019-08-29 09:09:09,010 [main] INFO  datanode.ObjectStoreHandler (ObjectStoreHandler.java:close(155)) - Closing ObjectStoreHandler.
2019-08-29 09:09:09,010 [ForkJoinPool.commonPool-worker-1] INFO  ozone.HddsDatanodeService (HddsDatanodeService.java:stop(451)) - Stopped plug-in org.apache.hadoop.ozone.web.OzoneHddsDatanodeService@7d29fc6
2019-08-29 09:09:09,011 [main] INFO  ozone.HddsDatanodeService (HddsDatanodeService.java:stop(451)) - Stopped plug-in org.apache.hadoop.ozone.web.OzoneHddsDatanodeService@361a618e
2019-08-29 09:09:09,327 | INFO  | SCMAudit | user=jenkins1000 | ip=192.168.69.90 | op=SEND_HEARTBEAT {datanodeUUID=857a8550-9455-4d64-9aa1-3b6e67bf160a, command=[]} | ret=SUCCESS |  
2019-08-29 09:09:09,505 [Datanode State Machine Thread - 0] INFO  statemachine.DatanodeStateMachine (DatanodeStateMachine.java:lambda$startDaemon$0(350)) - Ozone container server started.
2019-08-29 09:09:09,506 | INFO  | SCMAudit | user=jenkins1000 | ip=192.168.69.90 | op=SEND_HEARTBEAT {datanodeUUID=89389896-6107-44d3-8107-f3dd9a061ca0, command=[commandType: closeContainerCommand closeContainerCommandProto { containerID: 2 pipelineID { id: "4576684e-eadb-4561-94e1-2dfe7deba6bf" } cmdId: 2 force: false } ]} | ret=SUCCESS |  
2019-08-29 09:09:09,627 [Datanode State Machine Thread - 0] INFO  statemachine.DatanodeStateMachine (DatanodeStateMachine.java:lambda$startDaemon$0(350)) - Ozone container server started.
2019-08-29 09:09:10,327 | INFO  | SCMAudit | user=jenkins1000 | ip=192.168.69.90 | op=SEND_HEARTBEAT {datanodeUUID=857a8550-9455-4d64-9aa1-3b6e67bf160a, command=[]} | ret=SUCCESS |  
2019-08-29 09:09:10,505 | INFO  | SCMAudit | user=jenkins1000 | ip=192.168.69.90 | op=SEND_HEARTBEAT {datanodeUUID=89389896-6107-44d3-8107-f3dd9a061ca0, command=[]} | ret=SUCCESS |  
2019-08-29 09:09:10,718 [grpc-default-executor-9] WARN  server.GrpcLogAppender (LogUtils.java:warn(134)) - 287c1acf-8fb8-4c08-86a8-def1750c75af->6b7ef66e-8765-47fb-bb7d-cec0d3804962: Failed appendEntries: org.apache.ratis.thirdparty.io.grpc.StatusRuntimeException: UNAVAILABLE: io exception
2019-08-29 09:09:10,718 [grpc-default-executor-9] INFO  impl.FollowerInfo (FollowerInfo.java:lambda$new$0(50)) - 287c1acf-8fb8-4c08-86a8-def1750c75af->6b7ef66e-8765-47fb-bb7d-cec0d3804962: nextIndex: updateUnconditionally 0 -> 0
2019-08-29 09:09:10,719 [grpc-default-executor-11] WARN  server.GrpcLogAppender (LogUtils.java:warn(134)) - 287c1acf-8fb8-4c08-86a8-def1750c75af->c4ca8910-c916-4cbf-826e-fde08f8bd5e0: Failed appendEntries: org.apache.ratis.thirdparty.io.grpc.StatusRuntimeException: UNAVAILABLE: io exception
2019-08-29 09:09:10,719 [grpc-default-executor-11] INFO  impl.FollowerInfo (FollowerInfo.java:lambda$new$0(50)) - 287c1acf-8fb8-4c08-86a8-def1750c75af->c4ca8910-c916-4cbf-826e-fde08f8bd5e0: nextIndex: updateUnconditionally 16 -> 15
2019-08-29 09:09:11,327 | INFO  | SCMAudit | user=jenkins1000 | ip=192.168.69.90 | op=SEND_HEARTBEAT {datanodeUUID=857a8550-9455-4d64-9aa1-3b6e67bf160a, command=[]} | ret=SUCCESS |  
2019-08-29 09:09:11,366 [grpc-default-executor-9] WARN  server.GrpcLogAppender (LogUtils.java:warn(134)) - 89389896-6107-44d3-8107-f3dd9a061ca0->4a185089-c3e3-4847-8da3-ffacd891fd5e: Failed appendEntries: org.apache.ratis.thirdparty.io.grpc.StatusRuntimeException: UNAVAILABLE: io exception
2019-08-29 09:09:11,367 [grpc-default-executor-9] INFO  impl.FollowerInfo (FollowerInfo.java:lambda$new$0(50)) - 89389896-6107-44d3-8107-f3dd9a061ca0->4a185089-c3e3-4847-8da3-ffacd891fd5e: nextIndex: updateUnconditionally 16 -> 15
2019-08-29 09:09:11,505 | INFO  | SCMAudit | user=jenkins1000 | ip=192.168.69.90 | op=SEND_HEARTBEAT {datanodeUUID=89389896-6107-44d3-8107-f3dd9a061ca0, command=[]} | ret=SUCCESS |  
2019-08-29 09:09:11,517 | INFO  | SCMAudit | user=jenkins1000 | ip=192.168.69.90 | op=SEND_HEARTBEAT {datanodeUUID=89389896-6107-44d3-8107-f3dd9a061ca0, command=[]} | ret=SUCCESS |  
2019-08-29 09:09:11,519 [grpc-default-executor-11] WARN  server.GrpcLogAppender (LogUtils.java:warn(134)) - 89389896-6107-44d3-8107-f3dd9a061ca0->4a185089-c3e3-4847-8da3-ffacd891fd5e: Failed appendEntries: org.apache.ratis.thirdparty.io.grpc.StatusRuntimeException: UNAVAILABLE: io exception
2019-08-29 09:09:11,519 [grpc-default-executor-11] INFO  impl.FollowerInfo (FollowerInfo.java:lambda$new$0(50)) - 89389896-6107-44d3-8107-f3dd9a061ca0->4a185089-c3e3-4847-8da3-ffacd891fd5e: nextIndex: updateUnconditionally 16 -> 15
2019-08-29 09:09:11,529 [grpc-default-executor-5] WARN  server.GrpcLogAppender (LogUtils.java:warn(134)) - 89389896-6107-44d3-8107-f3dd9a061ca0->4a185089-c3e3-4847-8da3-ffacd891fd5e: Failed appendEntries: org.apache.ratis.thirdparty.io.grpc.StatusRuntimeException: UNAVAILABLE: io exception
2019-08-29 09:09:11,529 [grpc-default-executor-5] INFO  impl.FollowerInfo (FollowerInfo.java:lambda$new$0(50)) - 89389896-6107-44d3-8107-f3dd9a061ca0->4a185089-c3e3-4847-8da3-ffacd891fd5e: nextIndex: updateUnconditionally 16 -> 15
2019-08-29 09:09:11,536 [grpc-default-executor-9] WARN  server.GrpcLogAppender (LogUtils.java:warn(134)) - 89389896-6107-44d3-8107-f3dd9a061ca0->4a185089-c3e3-4847-8da3-ffacd891fd5e: Failed appendEntries: org.apache.ratis.thirdparty.io.grpc.StatusRuntimeException: UNAVAILABLE: io exception
2019-08-29 09:09:11,536 [grpc-default-executor-9] INFO  impl.FollowerInfo (FollowerInfo.java:lambda$new$0(50)) - 89389896-6107-44d3-8107-f3dd9a061ca0->4a185089-c3e3-4847-8da3-ffacd891fd5e: nextIndex: updateUnconditionally 16 -> 15
2019-08-29 09:09:11,593 [RatisApplyTransactionExecutor 2] INFO  interfaces.Container (KeyValueContainer.java:compactDB(356)) - Container 2 is closed with bcsId 14.
2019-08-29 09:09:11,595 | INFO  | DNAudit | user=null | ip=null | op=CLOSE_CONTAINER {containerID=2} | ret=SUCCESS |  
2019-08-29 09:09:11,596 | INFO  | SCMAudit | user=jenkins1000 | ip=192.168.69.90 | op=SEND_HEARTBEAT {datanodeUUID=89389896-6107-44d3-8107-f3dd9a061ca0, command=[]} | ret=SUCCESS |  
2019-08-29 09:09:11,596 [EventQueue-IncrementalContainerReportForIncrementalContainerReportHandler] INFO  container.IncrementalContainerReportHandler (AbstractContainerReportHandler.java:updateContainerState(176)) - Moving container #2 to CLOSED state, datanode 89389896-6107-44d3-8107-f3dd9a061ca0{ip: 192.168.69.90, host: pr-hdds-2030-6zpjw-50391877, networkLocation: /default-rack, certSerialId: null} reported CLOSED replica.
2019-08-29 09:09:11,661 [RatisApplyTransactionExecutor 2] INFO  interfaces.Container (KeyValueContainer.java:compactDB(356)) - Container 2 is closed with bcsId 14.
2019-08-29 09:09:11,662 | INFO  | DNAudit | user=null | ip=null | op=CLOSE_CONTAINER {containerID=2} | ret=SUCCESS |  
2019-08-29 09:09:12,327 | INFO  | SCMAudit | user=jenkins1000 | ip=192.168.69.90 | op=SEND_HEARTBEAT {datanodeUUID=857a8550-9455-4d64-9aa1-3b6e67bf160a, command=[]} | ret=SUCCESS |  
2019-08-29 09:09:12,596 | INFO  | SCMAudit | user=jenkins1000 | ip=192.168.69.90 | op=SEND_HEARTBEAT {datanodeUUID=89389896-6107-44d3-8107-f3dd9a061ca0, command=[]} | ret=SUCCESS |  
2019-08-29 09:09:13,218 [grpc-default-executor-9] WARN  server.GrpcLogAppender (LogUtils.java:warn(134)) - 287c1acf-8fb8-4c08-86a8-def1750c75af->6b7ef66e-8765-47fb-bb7d-cec0d3804962: Failed appendEntries: org.apache.ratis.thirdparty.io.grpc.StatusRuntimeException: UNAVAILABLE: io exception
2019-08-29 09:09:13,218 [grpc-default-executor-9] INFO  impl.FollowerInfo (FollowerInfo.java:lambda$new$0(50)) - 287c1acf-8fb8-4c08-86a8-def1750c75af->6b7ef66e-8765-47fb-bb7d-cec0d3804962: nextIndex: updateUnconditionally 0 -> 0
2019-08-29 09:09:13,219 [grpc-default-executor-11] WARN  server.GrpcLogAppender (LogUtils.java:warn(134)) - 287c1acf-8fb8-4c08-86a8-def1750c75af->c4ca8910-c916-4cbf-826e-fde08f8bd5e0: Failed appendEntries: org.apache.ratis.thirdparty.io.grpc.StatusRuntimeException: UNAVAILABLE: io exception
2019-08-29 09:09:13,219 [grpc-default-executor-11] INFO  impl.FollowerInfo (FollowerInfo.java:lambda$new$0(50)) - 287c1acf-8fb8-4c08-86a8-def1750c75af->c4ca8910-c916-4cbf-826e-fde08f8bd5e0: nextIndex: updateUnconditionally 15 -> 14
2019-08-29 09:09:13,327 | INFO  | SCMAudit | user=jenkins1000 | ip=192.168.69.90 | op=SEND_HEARTBEAT {datanodeUUID=857a8550-9455-4d64-9aa1-3b6e67bf160a, command=[]} | ret=SUCCESS |  
2019-08-29 09:09:13,563 [EventQueue-StaleNodeForStaleNodeHandler] INFO  node.StaleNodeHandler (StaleNodeHandler.java:onMessage(58)) - Datanode 90376809-6c3e-4bbd-b4c1-5f430b81f277{ip: 192.168.69.90, host: pr-hdds-2030-6zpjw-50391877, networkLocation: /default-rack, certSerialId: null} moved to stale state. Finalizing its pipelines [PipelineID=4576684e-eadb-4561-94e1-2dfe7deba6bf, PipelineID=3c9b5699-ffe9-43f5-9b6e-cabbd6c206f4]
2019-08-29 09:09:13,563 [EventQueue-StaleNodeForStaleNodeHandler] INFO  pipeline.SCMPipelineManager (SCMPipelineManager.java:finalizeAndDestroyPipeline(309)) - destroying pipeline:Pipeline[ Id: 4576684e-eadb-4561-94e1-2dfe7deba6bf, Nodes: 4a185089-c3e3-4847-8da3-ffacd891fd5e{ip: 192.168.69.90, host: pr-hdds-2030-6zpjw-50391877, networkLocation: /default-rack, certSerialId: null}89389896-6107-44d3-8107-f3dd9a061ca0{ip: 192.168.69.90, host: pr-hdds-2030-6zpjw-50391877, networkLocation: /default-rack, certSerialId: null}90376809-6c3e-4bbd-b4c1-5f430b81f277{ip: 192.168.69.90, host: pr-hdds-2030-6zpjw-50391877, networkLocation: /default-rack, certSerialId: null}, Type:RATIS, Factor:THREE, State:CLOSED]
2019-08-29 09:09:13,563 [EventQueue-StaleNodeForStaleNodeHandler] INFO  pipeline.SCMPipelineManager (SCMPipelineManager.java:finalizeAndDestroyPipeline(309)) - destroying pipeline:Pipeline[ Id: 3c9b5699-ffe9-43f5-9b6e-cabbd6c206f4, Nodes: 90376809-6c3e-4bbd-b4c1-5f430b81f277{ip: 192.168.69.90, host: pr-hdds-2030-6zpjw-50391877, networkLocation: /default-rack, certSerialId: null}, Type:RATIS, Factor:ONE, State:OPEN]
2019-08-29 09:09:13,563 [EventQueue-StaleNodeForStaleNodeHandler] INFO  pipeline.PipelineStateManager (PipelineStateManager.java:finalizePipeline(123)) - Pipeline Pipeline[ Id: 3c9b5699-ffe9-43f5-9b6e-cabbd6c206f4, Nodes: 90376809-6c3e-4bbd-b4c1-5f430b81f277{ip: 192.168.69.90, host: pr-hdds-2030-6zpjw-50391877, networkLocation: /default-rack, certSerialId: null}, Type:RATIS, Factor:ONE, State:CLOSED] moved to CLOSED state
2019-08-29 09:09:13,596 | INFO  | SCMAudit | user=jenkins1000 | ip=192.168.69.90 | op=SEND_HEARTBEAT {datanodeUUID=89389896-6107-44d3-8107-f3dd9a061ca0, command=[]} | ret=SUCCESS |  
2019-08-29 09:09:13,663 [EventQueue-StaleNodeForStaleNodeHandler] INFO  node.StaleNodeHandler (StaleNodeHandler.java:onMessage(58)) - Datanode 287c1acf-8fb8-4c08-86a8-def1750c75af{ip: 192.168.69.90, host: pr-hdds-2030-6zpjw-50391877, networkLocation: /default-rack, certSerialId: null} moved to stale state. Finalizing its pipelines [PipelineID=025c6614-c66d-4f96-8b70-2a4e042e9f9a, PipelineID=0b4d0acb-284b-4d4e-9489-5bf825871a3a]
2019-08-29 09:09:13,663 [EventQueue-StaleNodeForStaleNodeHandler] INFO  pipeline.SCMPipelineManager (SCMPipelineManager.java:finalizeAndDestroyPipeline(309)) - destroying pipeline:Pipeline[ Id: 025c6614-c66d-4f96-8b70-2a4e042e9f9a, Nodes: 6b7ef66e-8765-47fb-bb7d-cec0d3804962{ip: 192.168.69.90, host: pr-hdds-2030-6zpjw-50391877, networkLocation: /default-rack, certSerialId: null}c4ca8910-c916-4cbf-826e-fde08f8bd5e0{ip: 192.168.69.90, host: pr-hdds-2030-6zpjw-50391877, networkLocation: /default-rack, certSerialId: null}287c1acf-8fb8-4c08-86a8-def1750c75af{ip: 192.168.69.90, host: pr-hdds-2030-6zpjw-50391877, networkLocation: /default-rack, certSerialId: null}, Type:RATIS, Factor:THREE, State:CLOSED]
2019-08-29 09:09:13,663 [EventQueue-StaleNodeForStaleNodeHandler] INFO  pipeline.SCMPipelineManager (SCMPipelineManager.java:finalizeAndDestroyPipeline(309)) - destroying pipeline:Pipeline[ Id: 0b4d0acb-284b-4d4e-9489-5bf825871a3a, Nodes: 287c1acf-8fb8-4c08-86a8-def1750c75af{ip: 192.168.69.90, host: pr-hdds-2030-6zpjw-50391877, networkLocation: /default-rack, certSerialId: null}, Type:RATIS, Factor:ONE, State:OPEN]
2019-08-29 09:09:13,664 [EventQueue-StaleNodeForStaleNodeHandler] INFO  pipeline.PipelineStateManager (PipelineStateManager.java:finalizePipeline(123)) - Pipeline Pipeline[ Id: 0b4d0acb-284b-4d4e-9489-5bf825871a3a, Nodes: 287c1acf-8fb8-4c08-86a8-def1750c75af{ip: 192.168.69.90, host: pr-hdds-2030-6zpjw-50391877, networkLocation: /default-rack, certSerialId: null}, Type:RATIS, Factor:ONE, State:CLOSED] moved to CLOSED state
2019-08-29 09:09:14,011 [ForkJoinPool.commonPool-worker-1] INFO  ozoneimpl.OzoneContainer (OzoneContainer.java:stop(199)) - Attempting to stop container services.
2019-08-29 09:09:14,012 [ForkJoinPool.commonPool-worker-1] INFO  impl.RaftServerProxy (RaftServerProxy.java:lambda$close$4(314)) - 287c1acf-8fb8-4c08-86a8-def1750c75af: close
2019-08-29 09:09:14,012 [ForkJoinPool.commonPool-worker-1] INFO  impl.RaftServerImpl (RaftServerImpl.java:lambda$shutdown$3(245)) - 287c1acf-8fb8-4c08-86a8-def1750c75af: shutdown group-2A4E042E9F9A
2019-08-29 09:09:14,012 [ForkJoinPool.commonPool-worker-1] INFO  util.JmxRegister (JmxRegister.java:unregister(73)) - Successfully un-registered JMX Bean with object name Ratis:service=RaftServer,group=group-2A4E042E9F9A,id=287c1acf-8fb8-4c08-86a8-def1750c75af
2019-08-29 09:09:14,012 [ForkJoinPool.commonPool-worker-1] INFO  impl.RoleInfo (RoleInfo.java:shutdownLeaderState(104)) - 287c1acf-8fb8-4c08-86a8-def1750c75af: shutdown LeaderState
2019-08-29 09:09:14,012 [main] INFO  ozoneimpl.OzoneContainer (OzoneContainer.java:stop(199)) - Attempting to stop container services.
2019-08-29 09:09:14,016 [ForkJoinPool.commonPool-worker-1] INFO  impl.PendingRequests (PendingRequests.java:sendNotLeaderResponses(202)) - 287c1acf-8fb8-4c08-86a8-def1750c75af-PendingRequests: sendNotLeaderResponses
2019-08-29 09:09:14,016 [org.apache.ratis.server.impl.LogAppender$AppenderDaemon$$Lambda$461/1076359558@6513a413] WARN  server.GrpcLogAppender (GrpcLogAppender.java:mayWait(143)) - GrpcLogAppender(287c1acf-8fb8-4c08-86a8-def1750c75af->6b7ef66e-8765-47fb-bb7d-cec0d3804962): Wait interrupted by java.lang.InterruptedException
2019-08-29 09:09:14,016 [org.apache.ratis.server.impl.LogAppender$AppenderDaemon$$Lambda$461/1076359558@74776711] WARN  server.GrpcLogAppender (GrpcLogAppender.java:mayWait(143)) - GrpcLogAppender(287c1acf-8fb8-4c08-86a8-def1750c75af->c4ca8910-c916-4cbf-826e-fde08f8bd5e0): Wait interrupted by java.lang.InterruptedException
2019-08-29 09:09:14,016 [main] INFO  impl.RaftServerProxy (RaftServerProxy.java:lambda$close$4(314)) - 90376809-6c3e-4bbd-b4c1-5f430b81f277: close
2019-08-29 09:09:14,021 [StateMachineUpdater:287c1acf-8fb8-4c08-86a8-def1750c75af:group-2A4E042E9F9A] INFO  ratis.ContainerStateMachine (ContainerStateMachine.java:takeSnapshot(283)) - group-2A4E042E9F9A: Taking a snapshot at:(t:1, i:13) file /workdir/hadoop-ozone/integration-test/target/test-dir/MiniOzoneClusterImpl-aa62adee-2aa8-4926-b259-289a460ec817/datanode-2/data/ratis/025c6614-c66d-4f96-8b70-2a4e042e9f9a/sm/snapshot.1_13
2019-08-29 09:09:14,021 [ForkJoinPool.commonPool-worker-1] INFO  impl.StateMachineUpdater (StateMachineUpdater.java:stopAndJoin(115)) - StateMachineUpdater:287c1acf-8fb8-4c08-86a8-def1750c75af:group-2A4E042E9F9A: set stopIndex = 16
2019-08-29 09:09:14,021 [main] INFO  impl.RaftServerImpl (RaftServerImpl.java:lambda$shutdown$3(245)) - 90376809-6c3e-4bbd-b4c1-5f430b81f277: shutdown group-2DFE7DEBA6BF
2019-08-29 09:09:14,022 [main] INFO  util.JmxRegister (JmxRegister.java:unregister(73)) - Successfully un-registered JMX Bean with object name Ratis:service=RaftServer,group=group-2DFE7DEBA6BF,id=90376809-6c3e-4bbd-b4c1-5f430b81f277
2019-08-29 09:09:14,022 [main] INFO  impl.RoleInfo (RoleInfo.java:shutdownFollowerState(121)) - 90376809-6c3e-4bbd-b4c1-5f430b81f277: shutdown FollowerState
2019-08-29 09:09:14,022 [main] INFO  impl.StateMachineUpdater (StateMachineUpdater.java:stopAndJoin(115)) - StateMachineUpdater:90376809-6c3e-4bbd-b4c1-5f430b81f277:group-2DFE7DEBA6BF: set stopIndex = 17
2019-08-29 09:09:14,022 [Thread-3603] INFO  impl.FollowerState (FollowerState.java:run(114)) - 90376809-6c3e-4bbd-b4c1-5f430b81f277: FollowerState was interrupted: java.lang.InterruptedException: sleep interrupted
2019-08-29 09:09:14,022 [StateMachineUpdater:90376809-6c3e-4bbd-b4c1-5f430b81f277:group-2DFE7DEBA6BF] INFO  ratis.ContainerStateMachine (ContainerStateMachine.java:takeSnapshot(283)) - group-2DFE7DEBA6BF: Taking a snapshot at:(t:1, i:17) file /workdir/hadoop-ozone/integration-test/target/test-dir/MiniOzoneClusterImpl-aa62adee-2aa8-4926-b259-289a460ec817/datanode-3/data/ratis/4576684e-eadb-4561-94e1-2dfe7deba6bf/sm/snapshot.1_17
2019-08-29 09:09:14,034 [StateMachineUpdater:287c1acf-8fb8-4c08-86a8-def1750c75af:group-2A4E042E9F9A] INFO  ratis.ContainerStateMachine (ContainerStateMachine.java:takeSnapshot(294)) - group-2A4E042E9F9A: Finished taking a snapshot at:(t:1, i:13) file:/workdir/hadoop-ozone/integration-test/target/test-dir/MiniOzoneClusterImpl-aa62adee-2aa8-4926-b259-289a460ec817/datanode-2/data/ratis/025c6614-c66d-4f96-8b70-2a4e042e9f9a/sm/snapshot.1_13 time:13
2019-08-29 09:09:14,034 [StateMachineUpdater:287c1acf-8fb8-4c08-86a8-def1750c75af:group-2A4E042E9F9A] INFO  impl.StateMachineUpdater (StateMachineUpdater.java:takeSnapshot(242)) - StateMachineUpdater:287c1acf-8fb8-4c08-86a8-def1750c75af:group-2A4E042E9F9A: Took a snapshot at index 13
2019-08-29 09:09:14,034 [StateMachineUpdater:90376809-6c3e-4bbd-b4c1-5f430b81f277:group-2DFE7DEBA6BF] INFO  ratis.ContainerStateMachine (ContainerStateMachine.java:takeSnapshot(294)) - group-2DFE7DEBA6BF: Finished taking a snapshot at:(t:1, i:17) file:/workdir/hadoop-ozone/integration-test/target/test-dir/MiniOzoneClusterImpl-aa62adee-2aa8-4926-b259-289a460ec817/datanode-3/data/ratis/4576684e-eadb-4561-94e1-2dfe7deba6bf/sm/snapshot.1_17 time:11
2019-08-29 09:09:14,034 [StateMachineUpdater:287c1acf-8fb8-4c08-86a8-def1750c75af:group-2A4E042E9F9A] INFO  impl.StateMachineUpdater (StateMachineUpdater.java:lambda$new$0(80)) - StateMachineUpdater:287c1acf-8fb8-4c08-86a8-def1750c75af:group-2A4E042E9F9A: snapshotIndex: updateIncreasingly -1 -> 13
2019-08-29 09:09:14,034 [StateMachineUpdater:90376809-6c3e-4bbd-b4c1-5f430b81f277:group-2DFE7DEBA6BF] INFO  impl.StateMachineUpdater (StateMachineUpdater.java:takeSnapshot(242)) - StateMachineUpdater:90376809-6c3e-4bbd-b4c1-5f430b81f277:group-2DFE7DEBA6BF: Took a snapshot at index 17
2019-08-29 09:09:14,034 [StateMachineUpdater:90376809-6c3e-4bbd-b4c1-5f430b81f277:group-2DFE7DEBA6BF] INFO  impl.StateMachineUpdater (StateMachineUpdater.java:lambda$new$0(80)) - StateMachineUpdater:90376809-6c3e-4bbd-b4c1-5f430b81f277:group-2DFE7DEBA6BF: snapshotIndex: updateIncreasingly -1 -> 17
2019-08-29 09:09:14,034 [ForkJoinPool.commonPool-worker-1] INFO  impl.RaftServerImpl (ServerState.java:close(394)) - 287c1acf-8fb8-4c08-86a8-def1750c75af:group-2A4E042E9F9A closes. The last applied log index is 16
2019-08-29 09:09:14,035 [main] INFO  impl.RaftServerImpl (ServerState.java:close(394)) - 90376809-6c3e-4bbd-b4c1-5f430b81f277:group-2DFE7DEBA6BF closes. The last applied log index is 17
2019-08-29 09:09:14,035 [287c1acf-8fb8-4c08-86a8-def1750c75af-SegmentedRaftLogWorker:Storage Directory /workdir/hadoop-ozone/integration-test/target/test-dir/MiniOzoneClusterImpl-aa62adee-2aa8-4926-b259-289a460ec817/datanode-2/data/ratis/025c6614-c66d-4f96-8b70-2a4e042e9f9a] INFO  segmented.SegmentedRaftLogWorker (SegmentedRaftLogWorker.java:run(313)) - 287c1acf-8fb8-4c08-86a8-def1750c75af-SegmentedRaftLogWorker:Storage Directory /workdir/hadoop-ozone/integration-test/target/test-dir/MiniOzoneClusterImpl-aa62adee-2aa8-4926-b259-289a460ec817/datanode-2/data/ratis/025c6614-c66d-4f96-8b70-2a4e042e9f9a was interrupted, exiting. There are 0 tasks remaining in the queue.
2019-08-29 09:09:14,035 [90376809-6c3e-4bbd-b4c1-5f430b81f277-SegmentedRaftLogWorker:Storage Directory /workdir/hadoop-ozone/integration-test/target/test-dir/MiniOzoneClusterImpl-aa62adee-2aa8-4926-b259-289a460ec817/datanode-3/data/ratis/4576684e-eadb-4561-94e1-2dfe7deba6bf] INFO  segmented.SegmentedRaftLogWorker (SegmentedRaftLogWorker.java:run(313)) - 90376809-6c3e-4bbd-b4c1-5f430b81f277-SegmentedRaftLogWorker:Storage Directory /workdir/hadoop-ozone/integration-test/target/test-dir/MiniOzoneClusterImpl-aa62adee-2aa8-4926-b259-289a460ec817/datanode-3/data/ratis/4576684e-eadb-4561-94e1-2dfe7deba6bf was interrupted, exiting. There are 0 tasks remaining in the queue.
2019-08-29 09:09:14,038 [ForkJoinPool.commonPool-worker-1] INFO  segmented.SegmentedRaftLogWorker (SegmentedRaftLogWorker.java:close(228)) - 287c1acf-8fb8-4c08-86a8-def1750c75af-SegmentedRaftLogWorker:Storage Directory /workdir/hadoop-ozone/integration-test/target/test-dir/MiniOzoneClusterImpl-aa62adee-2aa8-4926-b259-289a460ec817/datanode-2/data/ratis/025c6614-c66d-4f96-8b70-2a4e042e9f9a close()
2019-08-29 09:09:14,038 [main] INFO  segmented.SegmentedRaftLogWorker (SegmentedRaftLogWorker.java:close(228)) - 90376809-6c3e-4bbd-b4c1-5f430b81f277-SegmentedRaftLogWorker:Storage Directory /workdir/hadoop-ozone/integration-test/target/test-dir/MiniOzoneClusterImpl-aa62adee-2aa8-4926-b259-289a460ec817/datanode-3/data/ratis/4576684e-eadb-4561-94e1-2dfe7deba6bf close()
2019-08-29 09:09:14,040 [ForkJoinPool.commonPool-worker-1] INFO  impl.RaftServerImpl (RaftServerImpl.java:lambda$shutdown$3(245)) - 287c1acf-8fb8-4c08-86a8-def1750c75af: shutdown group-5BF825871A3A
2019-08-29 09:09:14,043 [main] INFO  impl.RaftServerImpl (RaftServerImpl.java:lambda$shutdown$3(245)) - 90376809-6c3e-4bbd-b4c1-5f430b81f277: shutdown group-CABBD6C206F4
2019-08-29 09:09:14,043 [ForkJoinPool.commonPool-worker-1] INFO  util.JmxRegister (JmxRegister.java:unregister(73)) - Successfully un-registered JMX Bean with object name Ratis:service=RaftServer,group=group-5BF825871A3A,id=287c1acf-8fb8-4c08-86a8-def1750c75af
2019-08-29 09:09:14,043 [grpc-default-executor-9] WARN  server.GrpcLogAppender (LogUtils.java:warn(134)) - 89389896-6107-44d3-8107-f3dd9a061ca0->4a185089-c3e3-4847-8da3-ffacd891fd5e: Failed appendEntries: org.apache.ratis.thirdparty.io.grpc.StatusRuntimeException: UNAVAILABLE: io exception
2019-08-29 09:09:14,043 [main] INFO  util.JmxRegister (JmxRegister.java:unregister(73)) - Successfully un-registered JMX Bean with object name Ratis:service=RaftServer,group=group-CABBD6C206F4,id=90376809-6c3e-4bbd-b4c1-5f430b81f277
2019-08-29 09:09:14,044 [grpc-default-executor-9] INFO  impl.FollowerInfo (FollowerInfo.java:lambda$new$0(50)) - 89389896-6107-44d3-8107-f3dd9a061ca0->4a185089-c3e3-4847-8da3-ffacd891fd5e: nextIndex: updateUnconditionally 15 -> 14
2019-08-29 09:09:14,043 [ForkJoinPool.commonPool-worker-1] INFO  impl.RoleInfo (RoleInfo.java:shutdownLeaderState(104)) - 287c1acf-8fb8-4c08-86a8-def1750c75af: shutdown LeaderState
2019-08-29 09:09:14,044 [main] INFO  impl.RoleInfo (RoleInfo.java:shutdownLeaderState(104)) - 90376809-6c3e-4bbd-b4c1-5f430b81f277: shutdown LeaderState
2019-08-29 09:09:14,044 [ForkJoinPool.commonPool-worker-1] INFO  impl.PendingRequests (PendingRequests.java:sendNotLeaderResponses(202)) - 287c1acf-8fb8-4c08-86a8-def1750c75af-PendingRequests: sendNotLeaderResponses
2019-08-29 09:09:14,044 [main] INFO  impl.PendingRequests (PendingRequests.java:sendNotLeaderResponses(202)) - 90376809-6c3e-4bbd-b4c1-5f430b81f277-PendingRequests: sendNotLeaderResponses
2019-08-29 09:09:14,045 [ForkJoinPool.commonPool-worker-1] INFO  impl.StateMachineUpdater (StateMachineUpdater.java:stopAndJoin(115)) - StateMachineUpdater:287c1acf-8fb8-4c08-86a8-def1750c75af:group-5BF825871A3A: set stopIndex = 0
2019-08-29 09:09:14,045 [main] INFO  impl.StateMachineUpdater (StateMachineUpdater.java:stopAndJoin(115)) - StateMachineUpdater:90376809-6c3e-4bbd-b4c1-5f430b81f277:group-CABBD6C206F4: set stopIndex = 0
2019-08-29 09:09:14,045 [ForkJoinPool.commonPool-worker-1] INFO  impl.RaftServerImpl (ServerState.java:close(394)) - 287c1acf-8fb8-4c08-86a8-def1750c75af:group-5BF825871A3A closes. The last applied log index is 0
2019-08-29 09:09:14,045 [main] INFO  impl.RaftServerImpl (ServerState.java:close(394)) - 90376809-6c3e-4bbd-b4c1-5f430b81f277:group-CABBD6C206F4 closes. The last applied log index is 0
2019-08-29 09:09:14,046 [287c1acf-8fb8-4c08-86a8-def1750c75af-SegmentedRaftLogWorker:Storage Directory /workdir/hadoop-ozone/integration-test/target/test-dir/MiniOzoneClusterImpl-aa62adee-2aa8-4926-b259-289a460ec817/datanode-2/data/ratis/0b4d0acb-284b-4d4e-9489-5bf825871a3a] INFO  segmented.SegmentedRaftLogWorker (SegmentedRaftLogWorker.java:run(313)) - 287c1acf-8fb8-4c08-86a8-def1750c75af-SegmentedRaftLogWorker:Storage Directory /workdir/hadoop-ozone/integration-test/target/test-dir/MiniOzoneClusterImpl-aa62adee-2aa8-4926-b259-289a460ec817/datanode-2/data/ratis/0b4d0acb-284b-4d4e-9489-5bf825871a3a was interrupted, exiting. There are 0 tasks remaining in the queue.
2019-08-29 09:09:14,046 [90376809-6c3e-4bbd-b4c1-5f430b81f277-SegmentedRaftLogWorker:Storage Directory /workdir/hadoop-ozone/integration-test/target/test-dir/MiniOzoneClusterImpl-aa62adee-2aa8-4926-b259-289a460ec817/datanode-3/data/ratis/3c9b5699-ffe9-43f5-9b6e-cabbd6c206f4] INFO  segmented.SegmentedRaftLogWorker (SegmentedRaftLogWorker.java:run(313)) - 90376809-6c3e-4bbd-b4c1-5f430b81f277-SegmentedRaftLogWorker:Storage Directory /workdir/hadoop-ozone/integration-test/target/test-dir/MiniOzoneClusterImpl-aa62adee-2aa8-4926-b259-289a460ec817/datanode-3/data/ratis/3c9b5699-ffe9-43f5-9b6e-cabbd6c206f4 was interrupted, exiting. There are 0 tasks remaining in the queue.
2019-08-29 09:09:14,048 [ForkJoinPool.commonPool-worker-1] INFO  segmented.SegmentedRaftLogWorker (SegmentedRaftLogWorker.java:close(228)) - 287c1acf-8fb8-4c08-86a8-def1750c75af-SegmentedRaftLogWorker:Storage Directory /workdir/hadoop-ozone/integration-test/target/test-dir/MiniOzoneClusterImpl-aa62adee-2aa8-4926-b259-289a460ec817/datanode-2/data/ratis/0b4d0acb-284b-4d4e-9489-5bf825871a3a close()
2019-08-29 09:09:14,048 [main] INFO  segmented.SegmentedRaftLogWorker (SegmentedRaftLogWorker.java:close(228)) - 90376809-6c3e-4bbd-b4c1-5f430b81f277-SegmentedRaftLogWorker:Storage Directory /workdir/hadoop-ozone/integration-test/target/test-dir/MiniOzoneClusterImpl-aa62adee-2aa8-4926-b259-289a460ec817/datanode-3/data/ratis/3c9b5699-ffe9-43f5-9b6e-cabbd6c206f4 close()
2019-08-29 09:09:14,054 [ForkJoinPool.commonPool-worker-1] INFO  server.GrpcService (GrpcService.java:closeImpl(155)) - 287c1acf-8fb8-4c08-86a8-def1750c75af: shutdown server with port 41412 now
2019-08-29 09:09:14,056 [main] INFO  server.GrpcService (GrpcService.java:closeImpl(155)) - 90376809-6c3e-4bbd-b4c1-5f430b81f277: shutdown server with port 39110 now
2019-08-29 09:09:14,057 [ForkJoinPool.commonPool-worker-1] INFO  server.GrpcService (GrpcService.java:closeImpl(163)) - 287c1acf-8fb8-4c08-86a8-def1750c75af: shutdown server with port 41412 successfully
2019-08-29 09:09:14,057 [grpc-default-executor-11] WARN  server.GrpcServerProtocolService (LogUtils.java:warn(134)) - 90376809-6c3e-4bbd-b4c1-5f430b81f277: appendEntries onError: org.apache.ratis.thirdparty.io.grpc.StatusRuntimeException: CANCELLED: cancelled before receiving half close
2019-08-29 09:09:14,057 [main] INFO  server.GrpcService (GrpcService.java:closeImpl(163)) - 90376809-6c3e-4bbd-b4c1-5f430b81f277: shutdown server with port 39110 successfully
2019-08-29 09:09:14,057 [grpc-default-executor-5] WARN  server.GrpcLogAppender (LogUtils.java:warn(134)) - 89389896-6107-44d3-8107-f3dd9a061ca0->90376809-6c3e-4bbd-b4c1-5f430b81f277: Failed appendEntries: org.apache.ratis.thirdparty.io.grpc.StatusRuntimeException: CANCELLED: HTTP/2 error code: CANCEL
Received Rst Stream
2019-08-29 09:09:14,058 [grpc-default-executor-5] INFO  impl.FollowerInfo (FollowerInfo.java:lambda$new$0(50)) - 89389896-6107-44d3-8107-f3dd9a061ca0->90376809-6c3e-4bbd-b4c1-5f430b81f277: nextIndex: updateUnconditionally 19 -> 18
2019-08-29 09:09:14,058 [ForkJoinPool.commonPool-worker-1] INFO  utils.BackgroundService (BackgroundService.java:shutdown(148)) - Shutting down service BlockDeletingService
2019-08-29 09:09:14,059 [main] INFO  utils.BackgroundService (BackgroundService.java:shutdown(148)) - Shutting down service BlockDeletingService
2019-08-29 09:09:14,060 [refreshUsed-/workdir/hadoop-ozone/integration-test/target/test-dir/MiniOzoneClusterImpl-aa62adee-2aa8-4926-b259-289a460ec817/datanode-3/data/containers] WARN  fs.CachingGetSpaceUsed (CachingGetSpaceUsed.java:run(183)) - Thread Interrupted waiting to refresh disk information: sleep interrupted
2019-08-29 09:09:14,064 [refreshUsed-/workdir/hadoop-ozone/integration-test/target/test-dir/MiniOzoneClusterImpl-aa62adee-2aa8-4926-b259-289a460ec817/datanode-2/data/containers] WARN  fs.CachingGetSpaceUsed (CachingGetSpaceUsed.java:run(183)) - Thread Interrupted waiting to refresh disk information: sleep interrupted
2019-08-29 09:09:14,077 [ForkJoinPool.commonPool-worker-1] INFO  statemachine.DatanodeStateMachine (DatanodeStateMachine.java:stopDaemon(395)) - Ozone container server stopped.
2019-08-29 09:09:14,079 [main] INFO  statemachine.DatanodeStateMachine (DatanodeStateMachine.java:stopDaemon(395)) - Ozone container server stopped.
2019-08-29 09:09:14,081 [ForkJoinPool.commonPool-worker-1] INFO  handler.ContextHandler (ContextHandler.java:doStop(910)) - Stopped o.e.j.w.WebAppContext@565bf1bb{/,null,UNAVAILABLE}{/hddsDatanode}
2019-08-29 09:09:14,081 [main] INFO  handler.ContextHandler (ContextHandler.java:doStop(910)) - Stopped o.e.j.w.WebAppContext@4a29520e{/,null,UNAVAILABLE}{/hddsDatanode}
2019-08-29 09:09:14,081 [ForkJoinPool.commonPool-worker-1] INFO  server.AbstractConnector (AbstractConnector.java:doStop(318)) - Stopped ServerConnector@3638a852{HTTP/1.1,[http/1.1]}{0.0.0.0:0}
2019-08-29 09:09:14,082 [ForkJoinPool.commonPool-worker-1] INFO  handler.ContextHandler (ContextHandler.java:doStop(910)) - Stopped o.e.j.s.ServletContextHandler@306a9cd8{/static,jar:file:/home/user/.m2/repository/org/apache/hadoop/hadoop-hdds-container-service/0.5.0-SNAPSHOT/hadoop-hdds-container-service-0.5.0-SNAPSHOT.jar!/webapps/static,UNAVAILABLE}
2019-08-29 09:09:14,082 [main] INFO  server.AbstractConnector (AbstractConnector.java:doStop(318)) - Stopped ServerConnector@1b5a3bba{HTTP/1.1,[http/1.1]}{0.0.0.0:0}
2019-08-29 09:09:14,083 [ForkJoinPool.commonPool-worker-1] INFO  handler.ContextHandler (ContextHandler.java:doStop(910)) - Stopped o.e.j.s.ServletContextHandler@5a513627{/logs,file:///workdir/hadoop-ozone/integration-test/target/log,UNAVAILABLE}
2019-08-29 09:09:14,083 [main] INFO  handler.ContextHandler (ContextHandler.java:doStop(910)) - Stopped o.e.j.s.ServletContextHandler@297da2c3{/static,jar:file:/home/user/.m2/repository/org/apache/hadoop/hadoop-hdds-container-service/0.5.0-SNAPSHOT/hadoop-hdds-container-service-0.5.0-SNAPSHOT.jar!/webapps/static,UNAVAILABLE}
2019-08-29 09:09:14,084 [main] INFO  handler.ContextHandler (ContextHandler.java:doStop(910)) - Stopped o.e.j.s.ServletContextHandler@371fdf43{/logs,file:///workdir/hadoop-ozone/integration-test/target/log,UNAVAILABLE}
2019-08-29 09:09:14,084 [ForkJoinPool.commonPool-worker-1] INFO  datanode.ObjectStoreHandler (ObjectStoreHandler.java:close(155)) - Closing ObjectStoreHandler.
2019-08-29 09:09:14,085 [ForkJoinPool.commonPool-worker-1] INFO  ozone.HddsDatanodeService (HddsDatanodeService.java:stop(451)) - Stopped plug-in org.apache.hadoop.ozone.web.OzoneHddsDatanodeService@33428132
2019-08-29 09:09:14,085 [main] INFO  datanode.ObjectStoreHandler (ObjectStoreHandler.java:close(155)) - Closing ObjectStoreHandler.
2019-08-29 09:09:14,085 [main] INFO  ozone.HddsDatanodeService (HddsDatanodeService.java:stop(451)) - Stopped plug-in org.apache.hadoop.ozone.web.OzoneHddsDatanodeService@33ea437a
2019-08-29 09:09:14,326 [Datanode State Machine Thread - 0] INFO  statemachine.DatanodeStateMachine (DatanodeStateMachine.java:lambda$startDaemon$0(350)) - Ozone container server started.
2019-08-29 09:09:14,596 [Datanode State Machine Thread - 0] INFO  statemachine.DatanodeStateMachine (DatanodeStateMachine.java:lambda$startDaemon$0(350)) - Ozone container server started.
2019-08-29 09:09:16,537 [grpc-default-executor-11] WARN  server.GrpcLogAppender (LogUtils.java:warn(134)) - 89389896-6107-44d3-8107-f3dd9a061ca0->90376809-6c3e-4bbd-b4c1-5f430b81f277: Failed appendEntries: org.apache.ratis.thirdparty.io.grpc.StatusRuntimeException: UNAVAILABLE: io exception
2019-08-29 09:09:16,537 [grpc-default-executor-11] INFO  impl.FollowerInfo (FollowerInfo.java:lambda$new$0(50)) - 89389896-6107-44d3-8107-f3dd9a061ca0->90376809-6c3e-4bbd-b4c1-5f430b81f277: nextIndex: updateUnconditionally 18 -> 17
2019-08-29 09:09:16,542 [grpc-default-executor-9] WARN  server.GrpcLogAppender (LogUtils.java:warn(134)) - 89389896-6107-44d3-8107-f3dd9a061ca0->4a185089-c3e3-4847-8da3-ffacd891fd5e: Failed appendEntries: org.apache.ratis.thirdparty.io.grpc.StatusRuntimeException: UNAVAILABLE: io exception
2019-08-29 09:09:16,542 [grpc-default-executor-9] INFO  impl.FollowerInfo (FollowerInfo.java:lambda$new$0(50)) - 89389896-6107-44d3-8107-f3dd9a061ca0->4a185089-c3e3-4847-8da3-ffacd891fd5e: nextIndex: updateUnconditionally 14 -> 13
2019-08-29 09:09:18,374 [EventQueue-StaleNodeForStaleNodeHandler] INFO  node.StaleNodeHandler (StaleNodeHandler.java:onMessage(58)) - Datanode 857a8550-9455-4d64-9aa1-3b6e67bf160a{ip: 192.168.69.90, host: pr-hdds-2030-6zpjw-50391877, networkLocation: /default-rack, certSerialId: null} moved to stale state. Finalizing its pipelines [PipelineID=4c6dfd44-c3c5-4fc6-a32c-ac45e3a63bf1]
2019-08-29 09:09:18,374 [EventQueue-StaleNodeForStaleNodeHandler] INFO  pipeline.SCMPipelineManager (SCMPipelineManager.java:finalizeAndDestroyPipeline(309)) - destroying pipeline:Pipeline[ Id: 4c6dfd44-c3c5-4fc6-a32c-ac45e3a63bf1, Nodes: 857a8550-9455-4d64-9aa1-3b6e67bf160a{ip: 192.168.69.90, host: pr-hdds-2030-6zpjw-50391877, networkLocation: /default-rack, certSerialId: null}, Type:RATIS, Factor:ONE, State:OPEN]
2019-08-29 09:09:18,374 [EventQueue-StaleNodeForStaleNodeHandler] INFO  pipeline.PipelineStateManager (PipelineStateManager.java:finalizePipeline(123)) - Pipeline Pipeline[ Id: 4c6dfd44-c3c5-4fc6-a32c-ac45e3a63bf1, Nodes: 857a8550-9455-4d64-9aa1-3b6e67bf160a{ip: 192.168.69.90, host: pr-hdds-2030-6zpjw-50391877, networkLocation: /default-rack, certSerialId: null}, Type:RATIS, Factor:ONE, State:CLOSED] moved to CLOSED state
2019-08-29 09:09:18,675 [EventQueue-StaleNodeForStaleNodeHandler] INFO  node.StaleNodeHandler (StaleNodeHandler.java:onMessage(58)) - Datanode 89389896-6107-44d3-8107-f3dd9a061ca0{ip: 192.168.69.90, host: pr-hdds-2030-6zpjw-50391877, networkLocation: /default-rack, certSerialId: null} moved to stale state. Finalizing its pipelines [PipelineID=b0138b18-d193-4db8-b8d5-0bd182a58895, PipelineID=4576684e-eadb-4561-94e1-2dfe7deba6bf]
2019-08-29 09:09:18,675 [EventQueue-StaleNodeForStaleNodeHandler] INFO  pipeline.SCMPipelineManager (SCMPipelineManager.java:finalizeAndDestroyPipeline(309)) - destroying pipeline:Pipeline[ Id: b0138b18-d193-4db8-b8d5-0bd182a58895, Nodes: 89389896-6107-44d3-8107-f3dd9a061ca0{ip: 192.168.69.90, host: pr-hdds-2030-6zpjw-50391877, networkLocation: /default-rack, certSerialId: null}, Type:RATIS, Factor:ONE, State:OPEN]
2019-08-29 09:09:18,675 [EventQueue-StaleNodeForStaleNodeHandler] INFO  pipeline.PipelineStateManager (PipelineStateManager.java:finalizePipeline(123)) - Pipeline Pipeline[ Id: b0138b18-d193-4db8-b8d5-0bd182a58895, Nodes: 89389896-6107-44d3-8107-f3dd9a061ca0{ip: 192.168.69.90, host: pr-hdds-2030-6zpjw-50391877, networkLocation: /default-rack, certSerialId: null}, Type:RATIS, Factor:ONE, State:CLOSED] moved to CLOSED state
2019-08-29 09:09:18,675 [EventQueue-StaleNodeForStaleNodeHandler] INFO  pipeline.SCMPipelineManager (SCMPipelineManager.java:finalizeAndDestroyPipeline(309)) - destroying pipeline:Pipeline[ Id: 4576684e-eadb-4561-94e1-2dfe7deba6bf, Nodes: 4a185089-c3e3-4847-8da3-ffacd891fd5e{ip: 192.168.69.90, host: pr-hdds-2030-6zpjw-50391877, networkLocation: /default-rack, certSerialId: null}89389896-6107-44d3-8107-f3dd9a061ca0{ip: 192.168.69.90, host: pr-hdds-2030-6zpjw-50391877, networkLocation: /default-rack, certSerialId: null}90376809-6c3e-4bbd-b4c1-5f430b81f277{ip: 192.168.69.90, host: pr-hdds-2030-6zpjw-50391877, networkLocation: /default-rack, certSerialId: null}, Type:RATIS, Factor:THREE, State:CLOSED]
2019-08-29 09:09:19,037 [grpc-default-executor-5] WARN  server.GrpcLogAppender (LogUtils.java:warn(134)) - 89389896-6107-44d3-8107-f3dd9a061ca0->90376809-6c3e-4bbd-b4c1-5f430b81f277: Failed appendEntries: org.apache.ratis.thirdparty.io.grpc.StatusRuntimeException: UNAVAILABLE: io exception
2019-08-29 09:09:19,037 [grpc-default-executor-5] INFO  impl.FollowerInfo (FollowerInfo.java:lambda$new$0(50)) - 89389896-6107-44d3-8107-f3dd9a061ca0->90376809-6c3e-4bbd-b4c1-5f430b81f277: nextIndex: updateUnconditionally 17 -> 16
2019-08-29 09:09:19,043 [grpc-default-executor-11] WARN  server.GrpcLogAppender (LogUtils.java:warn(134)) - 89389896-6107-44d3-8107-f3dd9a061ca0->4a185089-c3e3-4847-8da3-ffacd891fd5e: Failed appendEntries: org.apache.ratis.thirdparty.io.grpc.StatusRuntimeException: UNAVAILABLE: io exception
2019-08-29 09:09:19,043 [grpc-default-executor-11] INFO  impl.FollowerInfo (FollowerInfo.java:lambda$new$0(50)) - 89389896-6107-44d3-8107-f3dd9a061ca0->4a185089-c3e3-4847-8da3-ffacd891fd5e: nextIndex: updateUnconditionally 13 -> 12
2019-08-29 09:09:19,085 [ForkJoinPool.commonPool-worker-1] INFO  ozoneimpl.OzoneContainer (OzoneContainer.java:stop(199)) - Attempting to stop container services.
2019-08-29 09:09:19,086 [ForkJoinPool.commonPool-worker-1] INFO  impl.RaftServerProxy (RaftServerProxy.java:lambda$close$4(314)) - 857a8550-9455-4d64-9aa1-3b6e67bf160a: close
2019-08-29 09:09:19,086 [ForkJoinPool.commonPool-worker-1] INFO  impl.RaftServerImpl (RaftServerImpl.java:lambda$shutdown$3(245)) - 857a8550-9455-4d64-9aa1-3b6e67bf160a: shutdown group-AC45E3A63BF1
2019-08-29 09:09:19,086 [main] INFO  ozoneimpl.OzoneContainer (OzoneContainer.java:stop(199)) - Attempting to stop container services.
2019-08-29 09:09:19,086 [ForkJoinPool.commonPool-worker-1] INFO  util.JmxRegister (JmxRegister.java:unregister(73)) - Successfully un-registered JMX Bean with object name Ratis:service=RaftServer,group=group-AC45E3A63BF1,id=857a8550-9455-4d64-9aa1-3b6e67bf160a
2019-08-29 09:09:19,086 [main] INFO  impl.RaftServerProxy (RaftServerProxy.java:lambda$close$4(314)) - 89389896-6107-44d3-8107-f3dd9a061ca0: close
2019-08-29 09:09:19,086 [ForkJoinPool.commonPool-worker-1] INFO  impl.RoleInfo (RoleInfo.java:shutdownLeaderState(104)) - 857a8550-9455-4d64-9aa1-3b6e67bf160a: shutdown LeaderState
2019-08-29 09:09:19,087 [main] INFO  impl.RaftServerImpl (RaftServerImpl.java:lambda$shutdown$3(245)) - 89389896-6107-44d3-8107-f3dd9a061ca0: shutdown group-0BD182A58895
2019-08-29 09:09:19,087 [ForkJoinPool.commonPool-worker-1] INFO  impl.PendingRequests (PendingRequests.java:sendNotLeaderResponses(202)) - 857a8550-9455-4d64-9aa1-3b6e67bf160a-PendingRequests: sendNotLeaderResponses
2019-08-29 09:09:19,087 [main] INFO  util.JmxRegister (JmxRegister.java:unregister(73)) - Successfully un-registered JMX Bean with object name Ratis:service=RaftServer,group=group-0BD182A58895,id=89389896-6107-44d3-8107-f3dd9a061ca0
2019-08-29 09:09:19,087 [ForkJoinPool.commonPool-worker-1] INFO  impl.StateMachineUpdater (StateMachineUpdater.java:stopAndJoin(115)) - StateMachineUpdater:857a8550-9455-4d64-9aa1-3b6e67bf160a:group-AC45E3A63BF1: set stopIndex = 0
2019-08-29 09:09:19,087 [main] INFO  impl.RoleInfo (RoleInfo.java:shutdownLeaderState(104)) - 89389896-6107-44d3-8107-f3dd9a061ca0: shutdown LeaderState
2019-08-29 09:09:19,088 [ForkJoinPool.commonPool-worker-1] INFO  impl.RaftServerImpl (ServerState.java:close(394)) - 857a8550-9455-4d64-9aa1-3b6e67bf160a:group-AC45E3A63BF1 closes. The last applied log index is 0
2019-08-29 09:09:19,088 [main] INFO  impl.PendingRequests (PendingRequests.java:sendNotLeaderResponses(202)) - 89389896-6107-44d3-8107-f3dd9a061ca0-PendingRequests: sendNotLeaderResponses
2019-08-29 09:09:19,088 [857a8550-9455-4d64-9aa1-3b6e67bf160a-SegmentedRaftLogWorker:Storage Directory /workdir/hadoop-ozone/integration-test/target/test-dir/MiniOzoneClusterImpl-aa62adee-2aa8-4926-b259-289a460ec817/datanode-6/data/ratis/4c6dfd44-c3c5-4fc6-a32c-ac45e3a63bf1] INFO  segmented.SegmentedRaftLogWorker (SegmentedRaftLogWorker.java:run(313)) - 857a8550-9455-4d64-9aa1-3b6e67bf160a-SegmentedRaftLogWorker:Storage Directory /workdir/hadoop-ozone/integration-test/target/test-dir/MiniOzoneClusterImpl-aa62adee-2aa8-4926-b259-289a460ec817/datanode-6/data/ratis/4c6dfd44-c3c5-4fc6-a32c-ac45e3a63bf1 was interrupted, exiting. There are 0 tasks remaining in the queue.
2019-08-29 09:09:19,088 [main] INFO  impl.StateMachineUpdater (StateMachineUpdater.java:stopAndJoin(115)) - StateMachineUpdater:89389896-6107-44d3-8107-f3dd9a061ca0:group-0BD182A58895: set stopIndex = 0
2019-08-29 09:09:19,088 [ForkJoinPool.commonPool-worker-1] INFO  segmented.SegmentedRaftLogWorker (SegmentedRaftLogWorker.java:close(228)) - 857a8550-9455-4d64-9aa1-3b6e67bf160a-SegmentedRaftLogWorker:Storage Directory /workdir/hadoop-ozone/integration-test/target/test-dir/MiniOzoneClusterImpl-aa62adee-2aa8-4926-b259-289a460ec817/datanode-6/data/ratis/4c6dfd44-c3c5-4fc6-a32c-ac45e3a63bf1 close()
2019-08-29 09:09:19,088 [main] INFO  impl.RaftServerImpl (ServerState.java:close(394)) - 89389896-6107-44d3-8107-f3dd9a061ca0:group-0BD182A58895 closes. The last applied log index is 0
2019-08-29 09:09:19,090 [ForkJoinPool.commonPool-worker-1] INFO  server.GrpcService (GrpcService.java:closeImpl(155)) - 857a8550-9455-4d64-9aa1-3b6e67bf160a: shutdown server with port 42551 now
2019-08-29 09:09:19,091 [89389896-6107-44d3-8107-f3dd9a061ca0-SegmentedRaftLogWorker:Storage Directory /workdir/hadoop-ozone/integration-test/target/test-dir/MiniOzoneClusterImpl-aa62adee-2aa8-4926-b259-289a460ec817/datanode-5/data/ratis/b0138b18-d193-4db8-b8d5-0bd182a58895] INFO  segmented.SegmentedRaftLogWorker (SegmentedRaftLogWorker.java:run(313)) - 89389896-6107-44d3-8107-f3dd9a061ca0-SegmentedRaftLogWorker:Storage Directory /workdir/hadoop-ozone/integration-test/target/test-dir/MiniOzoneClusterImpl-aa62adee-2aa8-4926-b259-289a460ec817/datanode-5/data/ratis/b0138b18-d193-4db8-b8d5-0bd182a58895 was interrupted, exiting. There are 0 tasks remaining in the queue.
2019-08-29 09:09:19,091 [ForkJoinPool.commonPool-worker-1] INFO  server.GrpcService (GrpcService.java:closeImpl(163)) - 857a8550-9455-4d64-9aa1-3b6e67bf160a: shutdown server with port 42551 successfully
2019-08-29 09:09:19,091 [main] INFO  segmented.SegmentedRaftLogWorker (SegmentedRaftLogWorker.java:close(228)) - 89389896-6107-44d3-8107-f3dd9a061ca0-SegmentedRaftLogWorker:Storage Directory /workdir/hadoop-ozone/integration-test/target/test-dir/MiniOzoneClusterImpl-aa62adee-2aa8-4926-b259-289a460ec817/datanode-5/data/ratis/b0138b18-d193-4db8-b8d5-0bd182a58895 close()
2019-08-29 09:09:19,093 [main] INFO  impl.RaftServerImpl (RaftServerImpl.java:lambda$shutdown$3(245)) - 89389896-6107-44d3-8107-f3dd9a061ca0: shutdown group-2DFE7DEBA6BF
2019-08-29 09:09:19,093 [main] INFO  util.JmxRegister (JmxRegister.java:unregister(73)) - Successfully un-registered JMX Bean with object name Ratis:service=RaftServer,group=group-2DFE7DEBA6BF,id=89389896-6107-44d3-8107-f3dd9a061ca0
2019-08-29 09:09:19,093 [ForkJoinPool.commonPool-worker-1] INFO  utils.BackgroundService (BackgroundService.java:shutdown(148)) - Shutting down service BlockDeletingService
2019-08-29 09:09:19,093 [main] INFO  impl.RoleInfo (RoleInfo.java:shutdownLeaderState(104)) - 89389896-6107-44d3-8107-f3dd9a061ca0: shutdown LeaderState
2019-08-29 09:09:19,096 [main] INFO  impl.PendingRequests (PendingRequests.java:sendNotLeaderResponses(202)) - 89389896-6107-44d3-8107-f3dd9a061ca0-PendingRequests: sendNotLeaderResponses
2019-08-29 09:09:19,096 [org.apache.ratis.server.impl.LogAppender$AppenderDaemon$$Lambda$461/1076359558@344f12d9] WARN  server.GrpcLogAppender (GrpcLogAppender.java:mayWait(143)) - GrpcLogAppender(89389896-6107-44d3-8107-f3dd9a061ca0->90376809-6c3e-4bbd-b4c1-5f430b81f277): Wait interrupted by java.lang.InterruptedException
2019-08-29 09:09:19,096 [org.apache.ratis.server.impl.LogAppender$AppenderDaemon$$Lambda$461/1076359558@714d9a34] WARN  server.GrpcLogAppender (GrpcLogAppender.java:mayWait(143)) - GrpcLogAppender(89389896-6107-44d3-8107-f3dd9a061ca0->4a185089-c3e3-4847-8da3-ffacd891fd5e): Wait interrupted by java.lang.InterruptedException
2019-08-29 09:09:19,097 [StateMachineUpdater:89389896-6107-44d3-8107-f3dd9a061ca0:group-2DFE7DEBA6BF] INFO  ratis.ContainerStateMachine (ContainerStateMachine.java:takeSnapshot(283)) - group-2DFE7DEBA6BF: Taking a snapshot at:(t:1, i:18) file /workdir/hadoop-ozone/integration-test/target/test-dir/MiniOzoneClusterImpl-aa62adee-2aa8-4926-b259-289a460ec817/datanode-5/data/ratis/4576684e-eadb-4561-94e1-2dfe7deba6bf/sm/snapshot.1_18
2019-08-29 09:09:19,097 [main] INFO  impl.StateMachineUpdater (StateMachineUpdater.java:stopAndJoin(115)) - StateMachineUpdater:89389896-6107-44d3-8107-f3dd9a061ca0:group-2DFE7DEBA6BF: set stopIndex = 18
2019-08-29 09:09:19,105 [refreshUsed-/workdir/hadoop-ozone/integration-test/target/test-dir/MiniOzoneClusterImpl-aa62adee-2aa8-4926-b259-289a460ec817/datanode-6/data/containers] WARN  fs.CachingGetSpaceUsed (CachingGetSpaceUsed.java:run(183)) - Thread Interrupted waiting to refresh disk information: sleep interrupted
2019-08-29 09:09:19,117 [ForkJoinPool.commonPool-worker-1] INFO  statemachine.DatanodeStateMachine (DatanodeStateMachine.java:stopDaemon(395)) - Ozone container server stopped.
2019-08-29 09:09:19,119 [ForkJoinPool.commonPool-worker-1] INFO  handler.ContextHandler (ContextHandler.java:doStop(910)) - Stopped o.e.j.w.WebAppContext@4ff1b0d{/,null,UNAVAILABLE}{/hddsDatanode}
2019-08-29 09:09:19,120 [ForkJoinPool.commonPool-worker-1] INFO  server.AbstractConnector (AbstractConnector.java:doStop(318)) - Stopped ServerConnector@46da7d39{HTTP/1.1,[http/1.1]}{0.0.0.0:0}
2019-08-29 09:09:19,121 [StateMachineUpdater:89389896-6107-44d3-8107-f3dd9a061ca0:group-2DFE7DEBA6BF] INFO  ratis.ContainerStateMachine (ContainerStateMachine.java:takeSnapshot(294)) - group-2DFE7DEBA6BF: Finished taking a snapshot at:(t:1, i:18) file:/workdir/hadoop-ozone/integration-test/target/test-dir/MiniOzoneClusterImpl-aa62adee-2aa8-4926-b259-289a460ec817/datanode-5/data/ratis/4576684e-eadb-4561-94e1-2dfe7deba6bf/sm/snapshot.1_18 time:24
2019-08-29 09:09:19,121 [StateMachineUpdater:89389896-6107-44d3-8107-f3dd9a061ca0:group-2DFE7DEBA6BF] INFO  impl.StateMachineUpdater (StateMachineUpdater.java:takeSnapshot(242)) - StateMachineUpdater:89389896-6107-44d3-8107-f3dd9a061ca0:group-2DFE7DEBA6BF: Took a snapshot at index 18
2019-08-29 09:09:19,121 [ForkJoinPool.commonPool-worker-1] INFO  handler.ContextHandler (ContextHandler.java:doStop(910)) - Stopped o.e.j.s.ServletContextHandler@4eda5325{/static,jar:file:/home/user/.m2/repository/org/apache/hadoop/hadoop-hdds-container-service/0.5.0-SNAPSHOT/hadoop-hdds-container-service-0.5.0-SNAPSHOT.jar!/webapps/static,UNAVAILABLE}
2019-08-29 09:09:19,121 [StateMachineUpdater:89389896-6107-44d3-8107-f3dd9a061ca0:group-2DFE7DEBA6BF] INFO  impl.StateMachineUpdater (StateMachineUpdater.java:lambda$new$0(80)) - StateMachineUpdater:89389896-6107-44d3-8107-f3dd9a061ca0:group-2DFE7DEBA6BF: snapshotIndex: updateIncreasingly -1 -> 18
2019-08-29 09:09:19,122 [ForkJoinPool.commonPool-worker-1] INFO  handler.ContextHandler (ContextHandler.java:doStop(910)) - Stopped o.e.j.s.ServletContextHandler@71de943f{/logs,file:///workdir/hadoop-ozone/integration-test/target/log,UNAVAILABLE}
2019-08-29 09:09:19,122 [main] INFO  impl.RaftServerImpl (ServerState.java:close(394)) - 89389896-6107-44d3-8107-f3dd9a061ca0:group-2DFE7DEBA6BF closes. The last applied log index is 18
2019-08-29 09:09:19,123 [89389896-6107-44d3-8107-f3dd9a061ca0-SegmentedRaftLogWorker:Storage Directory /workdir/hadoop-ozone/integration-test/target/test-dir/MiniOzoneClusterImpl-aa62adee-2aa8-4926-b259-289a460ec817/datanode-5/data/ratis/4576684e-eadb-4561-94e1-2dfe7deba6bf] INFO  segmented.SegmentedRaftLogWorker (SegmentedRaftLogWorker.java:run(313)) - 89389896-6107-44d3-8107-f3dd9a061ca0-SegmentedRaftLogWorker:Storage Directory /workdir/hadoop-ozone/integration-test/target/test-dir/MiniOzoneClusterImpl-aa62adee-2aa8-4926-b259-289a460ec817/datanode-5/data/ratis/4576684e-eadb-4561-94e1-2dfe7deba6bf was interrupted, exiting. There are 0 tasks remaining in the queue.
2019-08-29 09:09:19,123 [main] INFO  segmented.SegmentedRaftLogWorker (SegmentedRaftLogWorker.java:close(228)) - 89389896-6107-44d3-8107-f3dd9a061ca0-SegmentedRaftLogWorker:Storage Directory /workdir/hadoop-ozone/integration-test/target/test-dir/MiniOzoneClusterImpl-aa62adee-2aa8-4926-b259-289a460ec817/datanode-5/data/ratis/4576684e-eadb-4561-94e1-2dfe7deba6bf close()
2019-08-29 09:09:19,124 [main] INFO  server.GrpcService (GrpcService.java:closeImpl(155)) - 89389896-6107-44d3-8107-f3dd9a061ca0: shutdown server with port 35768 now
2019-08-29 09:09:19,125 [grpc-default-executor-9] WARN  client.GrpcClientProtocolService (LogUtils.java:warn(134)) - 1-UnorderedRequestStreamObserver1: onError: org.apache.ratis.thirdparty.io.grpc.StatusRuntimeException: CANCELLED: cancelled before receiving half close
2019-08-29 09:09:19,125 [main] INFO  server.GrpcService (GrpcService.java:closeImpl(163)) - 89389896-6107-44d3-8107-f3dd9a061ca0: shutdown server with port 35768 successfully
2019-08-29 09:09:19,126 [main] INFO  utils.BackgroundService (BackgroundService.java:shutdown(148)) - Shutting down service BlockDeletingService
2019-08-29 09:09:19,128 [refreshUsed-/workdir/hadoop-ozone/integration-test/target/test-dir/MiniOzoneClusterImpl-aa62adee-2aa8-4926-b259-289a460ec817/datanode-5/data/containers] WARN  fs.CachingGetSpaceUsed (CachingGetSpaceUsed.java:run(183)) - Thread Interrupted waiting to refresh disk information: sleep interrupted
2019-08-29 09:09:19,140 [main] INFO  statemachine.DatanodeStateMachine (DatanodeStateMachine.java:stopDaemon(395)) - Ozone container server stopped.
2019-08-29 09:09:19,141 [main] INFO  handler.ContextHandler (ContextHandler.java:doStop(910)) - Stopped o.e.j.w.WebAppContext@6ef5e46a{/,null,UNAVAILABLE}{/hddsDatanode}
2019-08-29 09:09:19,142 [main] INFO  server.AbstractConnector (AbstractConnector.java:doStop(318)) - Stopped ServerConnector@5b7e2a88{HTTP/1.1,[http/1.1]}{0.0.0.0:0}
2019-08-29 09:09:19,142 [main] INFO  handler.ContextHandler (ContextHandler.java:doStop(910)) - Stopped o.e.j.s.ServletContextHandler@52db9036{/static,jar:file:/home/user/.m2/repository/org/apache/hadoop/hadoop-hdds-container-service/0.5.0-SNAPSHOT/hadoop-hdds-container-service-0.5.0-SNAPSHOT.jar!/webapps/static,UNAVAILABLE}
2019-08-29 09:09:19,143 [main] INFO  handler.ContextHandler (ContextHandler.java:doStop(910)) - Stopped o.e.j.s.ServletContextHandler@3272c5b3{/logs,file:///workdir/hadoop-ozone/integration-test/target/log,UNAVAILABLE}
2019-08-29 09:09:19,143 [main] INFO  ozone.MiniOzoneClusterImpl (MiniOzoneClusterImpl.java:stop(353)) - Stopping the StorageContainerManager
2019-08-29 09:09:19,144 [main] INFO  server.StorageContainerManager (StorageContainerManager.java:stop(797)) - Stopping Replication Manager Service.
2019-08-29 09:09:19,144 [main] INFO  container.ReplicationManager (ReplicationManager.java:stop(193)) - Stopping Replication Monitor Thread.
2019-08-29 09:09:19,144 [main] INFO  server.StorageContainerManager (StorageContainerManager.java:stop(804)) - Stopping Lease Manager of the command watchers
2019-08-29 09:09:19,144 [main] INFO  server.StorageContainerManager (StorageContainerManager.java:stop(811)) - Stopping datanode service RPC server
2019-08-29 09:09:19,144 [main] INFO  server.SCMDatanodeProtocolServer (SCMDatanodeProtocolServer.java:stop(367)) - Stopping the RPC server for DataNodes
2019-08-29 09:09:19,144 [main] INFO  ipc.Server (Server.java:stop(3082)) - Stopping server on 45560
2019-08-29 09:09:19,146 [IPC Server listener on 45560] INFO  ipc.Server (Server.java:run(1185)) - Stopping IPC Server listener on 45560
2019-08-29 09:09:19,146 [IPC Server Responder] INFO  ipc.Server (Server.java:run(1319)) - Stopping IPC Server Responder
2019-08-29 09:09:19,175 [SCM Heartbeat Processing Thread - 0] WARN  node.NodeStateManager (NodeStateManager.java:scheduleNextHealthCheck(646)) - Current Thread is interrupted, shutting down HB processing thread for Node Manager.
2019-08-29 09:09:19,175 [main] INFO  server.StorageContainerManager (StorageContainerManager.java:stop(819)) - Stopping block service RPC server
2019-08-29 09:09:19,175 [main] INFO  server.SCMBlockProtocolServer (SCMBlockProtocolServer.java:stop(148)) - Stopping the RPC server for Block Protocol
2019-08-29 09:09:19,176 [main] INFO  ipc.Server (Server.java:stop(3082)) - Stopping server on 36747
2019-08-29 09:09:19,177 [IPC Server listener on 36747] INFO  ipc.Server (Server.java:run(1185)) - Stopping IPC Server listener on 36747
2019-08-29 09:09:19,178 [IPC Server Responder] INFO  ipc.Server (Server.java:run(1319)) - Stopping IPC Server Responder
2019-08-29 09:09:19,177 [main] INFO  server.StorageContainerManager (StorageContainerManager.java:stop(826)) - Stopping the StorageContainerLocationProtocol RPC server
2019-08-29 09:09:19,179 [main] INFO  server.SCMClientProtocolServer (SCMClientProtocolServer.java:stop(159)) - Stopping the RPC server for Client Protocol
2019-08-29 09:09:19,179 [main] INFO  ipc.Server (Server.java:stop(3082)) - Stopping server on 44168
2019-08-29 09:09:19,180 [IPC Server listener on 44168] INFO  ipc.Server (Server.java:run(1185)) - Stopping IPC Server listener on 44168
2019-08-29 09:09:19,182 [main] INFO  server.StorageContainerManager (StorageContainerManager.java:stop(833)) - Stopping Storage Container Manager HTTP server.
2019-08-29 09:09:19,183 [IPC Server Responder] INFO  ipc.Server (Server.java:run(1319)) - Stopping IPC Server Responder
2019-08-29 09:09:19,184 [main] INFO  handler.ContextHandler (ContextHandler.java:doStop(910)) - Stopped o.e.j.w.WebAppContext@69c53b72{/,null,UNAVAILABLE}{/scm}
2019-08-29 09:09:19,184 [main] INFO  server.AbstractConnector (AbstractConnector.java:doStop(318)) - Stopped ServerConnector@768967cf{HTTP/1.1,[http/1.1]}{0.0.0.0:0}
2019-08-29 09:09:19,185 [main] INFO  handler.ContextHandler (ContextHandler.java:doStop(910)) - Stopped o.e.j.s.ServletContextHandler@79194b1c{/static,file:///workdir/hadoop-ozone/integration-test/target/test-classes/webapps/static,UNAVAILABLE}
2019-08-29 09:09:19,185 [main] INFO  handler.ContextHandler (ContextHandler.java:doStop(910)) - Stopped o.e.j.s.ServletContextHandler@484b187c{/logs,file:///workdir/hadoop-ozone/integration-test/target/log,UNAVAILABLE}
2019-08-29 09:09:19,186 [main] INFO  server.StorageContainerManager (StorageContainerManager.java:stop(844)) - Stopping Block Manager Service.
2019-08-29 09:09:19,186 [main] INFO  utils.BackgroundService (BackgroundService.java:shutdown(148)) - Shutting down service SCMBlockDeletingService
2019-08-29 09:09:19,186 [main] INFO  utils.BackgroundService (BackgroundService.java:shutdown(148)) - Shutting down service SCMBlockDeletingService
2019-08-29 09:09:19,186 [main] INFO  server.StorageContainerManager (StorageContainerManager.java:stop(866)) - Stopping SCM Event Queue.
2019-08-29 09:09:19,189 [main] INFO  impl.MetricsSystemImpl (MetricsSystemImpl.java:stop(210)) - Stopping HddsDatanode metrics system...
2019-08-29 09:09:19,198 [main] INFO  impl.MetricsSystemImpl (MetricsSystemImpl.java:stop(216)) - HddsDatanode metrics system stopped.
]]></system-out>
    <system-err><![CDATA[Aug 29, 2019 9:08:37 AM com.sun.jersey.server.impl.application.WebApplicationImpl _initiate
INFO: Initiating Jersey application, version 'Jersey: 1.19 02/11/2015 03:25 AM'
Aug 29, 2019 9:08:37 AM com.sun.jersey.server.impl.application.WebApplicationImpl _initiate
INFO: Initiating Jersey application, version 'Jersey: 1.19 02/11/2015 03:25 AM'
Aug 29, 2019 9:08:38 AM com.sun.jersey.server.impl.application.WebApplicationImpl _initiate
INFO: Initiating Jersey application, version 'Jersey: 1.19 02/11/2015 03:25 AM'
Aug 29, 2019 9:08:38 AM com.sun.jersey.server.impl.application.WebApplicationImpl _initiate
INFO: Initiating Jersey application, version 'Jersey: 1.19 02/11/2015 03:25 AM'
Aug 29, 2019 9:08:38 AM com.sun.jersey.server.impl.application.WebApplicationImpl _initiate
INFO: Initiating Jersey application, version 'Jersey: 1.19 02/11/2015 03:25 AM'
Aug 29, 2019 9:08:38 AM com.sun.jersey.server.impl.application.WebApplicationImpl _initiate
INFO: Initiating Jersey application, version 'Jersey: 1.19 02/11/2015 03:25 AM'
Aug 29, 2019 9:08:39 AM com.sun.jersey.server.impl.application.WebApplicationImpl _initiate
INFO: Initiating Jersey application, version 'Jersey: 1.19 02/11/2015 03:25 AM'
Aug 29, 2019 9:08:41 AM org.apache.ratis.thirdparty.io.grpc.internal.ManagedChannelOrphanWrapper$ManagedChannelReference cleanQueue
SEVERE: *~*~*~ Channel ManagedChannelImpl{logId=2888, target=192.168.69.90:33603} was not shutdown properly!!! ~*~*~*
    Make sure to call shutdown()/shutdownNow() and wait until awaitTermination() returns true.
java.lang.RuntimeException: ManagedChannel allocation site
	at org.apache.ratis.thirdparty.io.grpc.internal.ManagedChannelOrphanWrapper$ManagedChannelReference.<init>(ManagedChannelOrphanWrapper.java:103)
	at org.apache.ratis.thirdparty.io.grpc.internal.ManagedChannelOrphanWrapper.<init>(ManagedChannelOrphanWrapper.java:53)
	at org.apache.ratis.thirdparty.io.grpc.internal.ManagedChannelOrphanWrapper.<init>(ManagedChannelOrphanWrapper.java:44)
	at org.apache.ratis.thirdparty.io.grpc.internal.AbstractManagedChannelImplBuilder.build(AbstractManagedChannelImplBuilder.java:411)
	at org.apache.ratis.grpc.client.GrpcClientProtocolClient.<init>(GrpcClientProtocolClient.java:119)
	at org.apache.ratis.grpc.client.GrpcClientRpc.lambda$new$0(GrpcClientRpc.java:55)
	at org.apache.ratis.util.PeerProxyMap$PeerAndProxy.lambda$getProxy$0(PeerProxyMap.java:61)
	at org.apache.ratis.util.LifeCycle.startAndTransition(LifeCycle.java:202)
	at org.apache.ratis.util.PeerProxyMap$PeerAndProxy.getProxy(PeerProxyMap.java:60)
	at org.apache.ratis.util.PeerProxyMap.getProxy(PeerProxyMap.java:107)
	at org.apache.ratis.grpc.client.GrpcClientRpc.sendRequestAsync(GrpcClientRpc.java:66)
	at org.apache.ratis.client.impl.OrderedAsync.sendRequest(OrderedAsync.java:208)
	at org.apache.ratis.client.impl.OrderedAsync.sendRequestWithRetry(OrderedAsync.java:169)
	at org.apache.ratis.util.SlidingWindow$Client.sendOrDelayRequest(SlidingWindow.java:278)
	at org.apache.ratis.util.SlidingWindow$Client.retry(SlidingWindow.java:294)
	at org.apache.ratis.client.impl.OrderedAsync.lambda$scheduleWithTimeout$7(OrderedAsync.java:195)
	at org.apache.ratis.util.TimeoutScheduler.lambda$onTimeout$0(TimeoutScheduler.java:85)
	at org.apache.ratis.util.TimeoutScheduler.lambda$onTimeout$1(TimeoutScheduler.java:104)
	at org.apache.ratis.util.LogUtils.runAndLog(LogUtils.java:50)
	at org.apache.ratis.util.LogUtils$1.run(LogUtils.java:91)
	at java.util.concurrent.Executors$RunnableAdapter.call(Executors.java:511)
	at java.util.concurrent.FutureTask.run(FutureTask.java:266)
	at java.util.concurrent.ScheduledThreadPoolExecutor$ScheduledFutureTask.access$201(ScheduledThreadPoolExecutor.java:180)
	at java.util.concurrent.ScheduledThreadPoolExecutor$ScheduledFutureTask.run(ScheduledThreadPoolExecutor.java:293)
	at java.util.concurrent.ThreadPoolExecutor.runWorker(ThreadPoolExecutor.java:1149)
	at java.util.concurrent.ThreadPoolExecutor$Worker.run(ThreadPoolExecutor.java:624)
	at java.lang.Thread.run(Thread.java:748)

Aug 29, 2019 9:08:41 AM org.apache.ratis.thirdparty.io.grpc.internal.ManagedChannelOrphanWrapper$ManagedChannelReference cleanQueue
SEVERE: *~*~*~ Channel ManagedChannelImpl{logId=2678, target=192.168.69.90:46243} was not shutdown properly!!! ~*~*~*
    Make sure to call shutdown()/shutdownNow() and wait until awaitTermination() returns true.
java.lang.RuntimeException: ManagedChannel allocation site
	at org.apache.ratis.thirdparty.io.grpc.internal.ManagedChannelOrphanWrapper$ManagedChannelReference.<init>(ManagedChannelOrphanWrapper.java:103)
	at org.apache.ratis.thirdparty.io.grpc.internal.ManagedChannelOrphanWrapper.<init>(ManagedChannelOrphanWrapper.java:53)
	at org.apache.ratis.thirdparty.io.grpc.internal.ManagedChannelOrphanWrapper.<init>(ManagedChannelOrphanWrapper.java:44)
	at org.apache.ratis.thirdparty.io.grpc.internal.AbstractManagedChannelImplBuilder.build(AbstractManagedChannelImplBuilder.java:411)
	at org.apache.ratis.grpc.client.GrpcClientProtocolClient.<init>(GrpcClientProtocolClient.java:119)
	at org.apache.ratis.grpc.client.GrpcClientRpc.lambda$new$0(GrpcClientRpc.java:55)
	at org.apache.ratis.util.PeerProxyMap$PeerAndProxy.lambda$getProxy$0(PeerProxyMap.java:61)
	at org.apache.ratis.util.LifeCycle.startAndTransition(LifeCycle.java:202)
	at org.apache.ratis.util.PeerProxyMap$PeerAndProxy.getProxy(PeerProxyMap.java:60)
	at org.apache.ratis.util.PeerProxyMap.getProxy(PeerProxyMap.java:107)
	at org.apache.ratis.grpc.client.GrpcClientRpc.sendRequestAsync(GrpcClientRpc.java:66)
	at org.apache.ratis.client.impl.OrderedAsync.sendRequest(OrderedAsync.java:208)
	at org.apache.ratis.client.impl.OrderedAsync.sendRequestWithRetry(OrderedAsync.java:169)
	at org.apache.ratis.util.SlidingWindow$Client.sendOrDelayRequest(SlidingWindow.java:278)
	at org.apache.ratis.util.SlidingWindow$Client.submitNewRequest(SlidingWindow.java:257)
	at org.apache.ratis.client.impl.OrderedAsync.send(OrderedAsync.java:155)
	at org.apache.ratis.client.impl.RaftClientImpl.sendAsync(RaftClientImpl.java:145)
	at org.apache.ratis.client.impl.RaftClientImpl.sendAsync(RaftClientImpl.java:125)
	at org.apache.hadoop.hdds.scm.XceiverClientRatis.sendRequestAsync(XceiverClientRatis.java:224)
	at org.apache.hadoop.hdds.scm.XceiverClientRatis.sendCommandAsync(XceiverClientRatis.java:302)
	at org.apache.hadoop.hdds.scm.storage.ContainerProtocolCalls.writeChunkAsync(ContainerProtocolCalls.java:310)
	at org.apache.hadoop.hdds.scm.storage.BlockOutputStream.writeChunkToContainer(BlockOutputStream.java:601)
	at org.apache.hadoop.hdds.scm.storage.BlockOutputStream.writeChunk(BlockOutputStream.java:459)
	at org.apache.hadoop.hdds.scm.storage.BlockOutputStream.writeOnRetry(BlockOutputStream.java:285)
	at org.apache.hadoop.ozone.client.io.BlockOutputStreamEntry.writeOnRetry(BlockOutputStreamEntry.java:200)
	at org.apache.hadoop.ozone.client.io.KeyOutputStream.handleWrite(KeyOutputStream.java:209)
	at org.apache.hadoop.ozone.client.io.KeyOutputStream.handleRetry(KeyOutputStream.java:376)
	at org.apache.hadoop.ozone.client.io.KeyOutputStream.handleException(KeyOutputStream.java:325)
	at org.apache.hadoop.ozone.client.io.KeyOutputStream.handleFlushOrClose(KeyOutputStream.java:448)
	at org.apache.hadoop.ozone.client.io.KeyOutputStream.handleWrite(KeyOutputStream.java:235)
	at org.apache.hadoop.ozone.client.io.KeyOutputStream.write(KeyOutputStream.java:193)
	at org.apache.hadoop.ozone.client.io.OzoneOutputStream.write(OzoneOutputStream.java:49)
	at java.io.OutputStream.write(OutputStream.java:75)
	at org.apache.hadoop.ozone.client.rpc.TestBlockOutputStreamWithFailures.testDatanodeFailureWithSingleNodeRatis(TestBlockOutputStreamWithFailures.java:1021)
	at sun.reflect.NativeMethodAccessorImpl.invoke0(Native Method)
	at sun.reflect.NativeMethodAccessorImpl.invoke(NativeMethodAccessorImpl.java:62)
	at sun.reflect.DelegatingMethodAccessorImpl.invoke(DelegatingMethodAccessorImpl.java:43)
	at java.lang.reflect.Method.invoke(Method.java:498)
	at org.junit.runners.model.FrameworkMethod$1.runReflectiveCall(FrameworkMethod.java:47)
	at org.junit.internal.runners.model.ReflectiveCallable.run(ReflectiveCallable.java:12)
	at org.junit.runners.model.FrameworkMethod.invokeExplosively(FrameworkMethod.java:44)
	at org.junit.internal.runners.statements.InvokeMethod.evaluate(InvokeMethod.java:17)
	at org.junit.internal.runners.statements.RunBefores.evaluate(RunBefores.java:26)
	at org.junit.internal.runners.statements.RunAfters.evaluate(RunAfters.java:27)
	at org.junit.runners.ParentRunner.runLeaf(ParentRunner.java:271)
	at org.junit.runners.BlockJUnit4ClassRunner.runChild(BlockJUnit4ClassRunner.java:70)
	at org.junit.runners.BlockJUnit4ClassRunner.runChild(BlockJUnit4ClassRunner.java:50)
	at org.junit.runners.ParentRunner$3.run(ParentRunner.java:238)
	at org.junit.runners.ParentRunner$1.schedule(ParentRunner.java:63)
	at org.junit.runners.ParentRunner.runChildren(ParentRunner.java:236)
	at org.junit.runners.ParentRunner.access$000(ParentRunner.java:53)
	at org.junit.runners.ParentRunner$2.evaluate(ParentRunner.java:229)
	at org.junit.runners.ParentRunner.run(ParentRunner.java:309)
	at org.apache.maven.surefire.junit4.JUnit4Provider.execute(JUnit4Provider.java:365)
	at org.apache.maven.surefire.junit4.JUnit4Provider.executeWithRerun(JUnit4Provider.java:273)
	at org.apache.maven.surefire.junit4.JUnit4Provider.executeTestSet(JUnit4Provider.java:238)
	at org.apache.maven.surefire.junit4.JUnit4Provider.invoke(JUnit4Provider.java:159)
	at org.apache.maven.surefire.booter.ForkedBooter.invokeProviderInSameClassLoader(ForkedBooter.java:384)
	at org.apache.maven.surefire.booter.ForkedBooter.runSuitesInProcess(ForkedBooter.java:345)
	at org.apache.maven.surefire.booter.ForkedBooter.execute(ForkedBooter.java:126)
	at org.apache.maven.surefire.booter.ForkedBooter.main(ForkedBooter.java:418)

Aug 29, 2019 9:08:41 AM org.apache.ratis.thirdparty.io.grpc.internal.ManagedChannelOrphanWrapper$ManagedChannelReference cleanQueue
SEVERE: *~*~*~ Channel ManagedChannelImpl{logId=2674, target=192.168.69.90:42553} was not shutdown properly!!! ~*~*~*
    Make sure to call shutdown()/shutdownNow() and wait until awaitTermination() returns true.
java.lang.RuntimeException: ManagedChannel allocation site
	at org.apache.ratis.thirdparty.io.grpc.internal.ManagedChannelOrphanWrapper$ManagedChannelReference.<init>(ManagedChannelOrphanWrapper.java:103)
	at org.apache.ratis.thirdparty.io.grpc.internal.ManagedChannelOrphanWrapper.<init>(ManagedChannelOrphanWrapper.java:53)
	at org.apache.ratis.thirdparty.io.grpc.internal.ManagedChannelOrphanWrapper.<init>(ManagedChannelOrphanWrapper.java:44)
	at org.apache.ratis.thirdparty.io.grpc.internal.AbstractManagedChannelImplBuilder.build(AbstractManagedChannelImplBuilder.java:411)
	at org.apache.ratis.grpc.client.GrpcClientProtocolClient.<init>(GrpcClientProtocolClient.java:119)
	at org.apache.ratis.grpc.client.GrpcClientRpc.lambda$new$0(GrpcClientRpc.java:55)
	at org.apache.ratis.util.PeerProxyMap$PeerAndProxy.lambda$getProxy$0(PeerProxyMap.java:61)
	at org.apache.ratis.util.LifeCycle.startAndTransition(LifeCycle.java:202)
	at org.apache.ratis.util.PeerProxyMap$PeerAndProxy.getProxy(PeerProxyMap.java:60)
	at org.apache.ratis.util.PeerProxyMap.getProxy(PeerProxyMap.java:107)
	at org.apache.ratis.grpc.client.GrpcClientRpc.sendRequestAsync(GrpcClientRpc.java:66)
	at org.apache.ratis.client.impl.OrderedAsync.sendRequest(OrderedAsync.java:208)
	at org.apache.ratis.client.impl.OrderedAsync.sendRequestWithRetry(OrderedAsync.java:169)
	at org.apache.ratis.util.SlidingWindow$Client.sendOrDelayRequest(SlidingWindow.java:278)
	at org.apache.ratis.util.SlidingWindow$Client.retry(SlidingWindow.java:294)
	at org.apache.ratis.client.impl.OrderedAsync.lambda$scheduleWithTimeout$7(OrderedAsync.java:195)
	at org.apache.ratis.util.TimeoutScheduler.lambda$onTimeout$0(TimeoutScheduler.java:85)
	at org.apache.ratis.util.TimeoutScheduler.lambda$onTimeout$1(TimeoutScheduler.java:104)
	at org.apache.ratis.util.LogUtils.runAndLog(LogUtils.java:50)
	at org.apache.ratis.util.LogUtils$1.run(LogUtils.java:91)
	at java.util.concurrent.Executors$RunnableAdapter.call(Executors.java:511)
	at java.util.concurrent.FutureTask.run(FutureTask.java:266)
	at java.util.concurrent.ScheduledThreadPoolExecutor$ScheduledFutureTask.access$201(ScheduledThreadPoolExecutor.java:180)
	at java.util.concurrent.ScheduledThreadPoolExecutor$ScheduledFutureTask.run(ScheduledThreadPoolExecutor.java:293)
	at java.util.concurrent.ThreadPoolExecutor.runWorker(ThreadPoolExecutor.java:1149)
	at java.util.concurrent.ThreadPoolExecutor$Worker.run(ThreadPoolExecutor.java:624)
	at java.lang.Thread.run(Thread.java:748)

Aug 29, 2019 9:08:41 AM org.apache.ratis.thirdparty.io.grpc.internal.ManagedChannelOrphanWrapper$ManagedChannelReference cleanQueue
SEVERE: *~*~*~ Channel ManagedChannelImpl{logId=2908, target=192.168.69.90:35988} was not shutdown properly!!! ~*~*~*
    Make sure to call shutdown()/shutdownNow() and wait until awaitTermination() returns true.
java.lang.RuntimeException: ManagedChannel allocation site
	at org.apache.ratis.thirdparty.io.grpc.internal.ManagedChannelOrphanWrapper$ManagedChannelReference.<init>(ManagedChannelOrphanWrapper.java:103)
	at org.apache.ratis.thirdparty.io.grpc.internal.ManagedChannelOrphanWrapper.<init>(ManagedChannelOrphanWrapper.java:53)
	at org.apache.ratis.thirdparty.io.grpc.internal.ManagedChannelOrphanWrapper.<init>(ManagedChannelOrphanWrapper.java:44)
	at org.apache.ratis.thirdparty.io.grpc.internal.AbstractManagedChannelImplBuilder.build(AbstractManagedChannelImplBuilder.java:411)
	at org.apache.hadoop.hdds.scm.XceiverClientGrpc.connectToDatanode(XceiverClientGrpc.java:174)
	at org.apache.hadoop.hdds.scm.XceiverClientGrpc.reconnect(XceiverClientGrpc.java:422)
	at org.apache.hadoop.hdds.scm.XceiverClientGrpc.sendCommandAsync(XceiverClientGrpc.java:371)
	at org.apache.hadoop.hdds.scm.XceiverClientGrpc.sendCommandWithRetry(XceiverClientGrpc.java:284)
	at org.apache.hadoop.hdds.scm.XceiverClientGrpc.sendCommandWithTraceIDAndRetry(XceiverClientGrpc.java:250)
	at org.apache.hadoop.hdds.scm.XceiverClientGrpc.sendCommand(XceiverClientGrpc.java:233)
	at org.apache.hadoop.hdds.scm.storage.ContainerProtocolCalls.getBlock(ContainerProtocolCalls.java:118)
	at org.apache.hadoop.hdds.scm.storage.BlockInputStream.getChunkInfos(BlockInputStream.java:167)
	at org.apache.hadoop.hdds.scm.storage.BlockInputStream.initialize(BlockInputStream.java:118)
	at org.apache.hadoop.hdds.scm.storage.BlockInputStream.read(BlockInputStream.java:222)
	at org.apache.hadoop.ozone.client.io.KeyInputStream.read(KeyInputStream.java:171)
	at org.apache.hadoop.ozone.client.io.OzoneInputStream.read(OzoneInputStream.java:47)
	at java.io.InputStream.read(InputStream.java:101)
	at org.apache.hadoop.ozone.container.ContainerTestHelper.validateData(ContainerTestHelper.java:713)
	at org.apache.hadoop.ozone.client.rpc.TestBlockOutputStreamWithFailures.validateData(TestBlockOutputStreamWithFailures.java:1216)
	at org.apache.hadoop.ozone.client.rpc.TestBlockOutputStreamWithFailures.testWatchForCommitWithSingleNodeRatis(TestBlockOutputStreamWithFailures.java:918)
	at sun.reflect.NativeMethodAccessorImpl.invoke0(Native Method)
	at sun.reflect.NativeMethodAccessorImpl.invoke(NativeMethodAccessorImpl.java:62)
	at sun.reflect.DelegatingMethodAccessorImpl.invoke(DelegatingMethodAccessorImpl.java:43)
	at java.lang.reflect.Method.invoke(Method.java:498)
	at org.junit.runners.model.FrameworkMethod$1.runReflectiveCall(FrameworkMethod.java:47)
	at org.junit.internal.runners.model.ReflectiveCallable.run(ReflectiveCallable.java:12)
	at org.junit.runners.model.FrameworkMethod.invokeExplosively(FrameworkMethod.java:44)
	at org.junit.internal.runners.statements.InvokeMethod.evaluate(InvokeMethod.java:17)
	at org.junit.internal.runners.statements.RunBefores.evaluate(RunBefores.java:26)
	at org.junit.internal.runners.statements.RunAfters.evaluate(RunAfters.java:27)
	at org.junit.runners.ParentRunner.runLeaf(ParentRunner.java:271)
	at org.junit.runners.BlockJUnit4ClassRunner.runChild(BlockJUnit4ClassRunner.java:70)
	at org.junit.runners.BlockJUnit4ClassRunner.runChild(BlockJUnit4ClassRunner.java:50)
	at org.junit.runners.ParentRunner$3.run(ParentRunner.java:238)
	at org.junit.runners.ParentRunner$1.schedule(ParentRunner.java:63)
	at org.junit.runners.ParentRunner.runChildren(ParentRunner.java:236)
	at org.junit.runners.ParentRunner.access$000(ParentRunner.java:53)
	at org.junit.runners.ParentRunner$2.evaluate(ParentRunner.java:229)
	at org.junit.runners.ParentRunner.run(ParentRunner.java:309)
	at org.apache.maven.surefire.junit4.JUnit4Provider.execute(JUnit4Provider.java:365)
	at org.apache.maven.surefire.junit4.JUnit4Provider.executeWithRerun(JUnit4Provider.java:273)
	at org.apache.maven.surefire.junit4.JUnit4Provider.executeTestSet(JUnit4Provider.java:238)
	at org.apache.maven.surefire.junit4.JUnit4Provider.invoke(JUnit4Provider.java:159)
	at org.apache.maven.surefire.booter.ForkedBooter.invokeProviderInSameClassLoader(ForkedBooter.java:384)
	at org.apache.maven.surefire.booter.ForkedBooter.runSuitesInProcess(ForkedBooter.java:345)
	at org.apache.maven.surefire.booter.ForkedBooter.execute(ForkedBooter.java:126)
	at org.apache.maven.surefire.booter.ForkedBooter.main(ForkedBooter.java:418)

Aug 29, 2019 9:08:41 AM org.apache.ratis.thirdparty.io.grpc.internal.ManagedChannelOrphanWrapper$ManagedChannelReference cleanQueue
SEVERE: *~*~*~ Channel ManagedChannelImpl{logId=2712, target=192.168.69.90:35592} was not shutdown properly!!! ~*~*~*
    Make sure to call shutdown()/shutdownNow() and wait until awaitTermination() returns true.
java.lang.RuntimeException: ManagedChannel allocation site
	at org.apache.ratis.thirdparty.io.grpc.internal.ManagedChannelOrphanWrapper$ManagedChannelReference.<init>(ManagedChannelOrphanWrapper.java:103)
	at org.apache.ratis.thirdparty.io.grpc.internal.ManagedChannelOrphanWrapper.<init>(ManagedChannelOrphanWrapper.java:53)
	at org.apache.ratis.thirdparty.io.grpc.internal.ManagedChannelOrphanWrapper.<init>(ManagedChannelOrphanWrapper.java:44)
	at org.apache.ratis.thirdparty.io.grpc.internal.AbstractManagedChannelImplBuilder.build(AbstractManagedChannelImplBuilder.java:411)
	at org.apache.hadoop.hdds.scm.XceiverClientGrpc.connectToDatanode(XceiverClientGrpc.java:174)
	at org.apache.hadoop.hdds.scm.XceiverClientGrpc.reconnect(XceiverClientGrpc.java:422)
	at org.apache.hadoop.hdds.scm.XceiverClientGrpc.sendCommandAsync(XceiverClientGrpc.java:371)
	at org.apache.hadoop.hdds.scm.XceiverClientGrpc.sendCommandWithRetry(XceiverClientGrpc.java:284)
	at org.apache.hadoop.hdds.scm.XceiverClientGrpc.sendCommandWithTraceIDAndRetry(XceiverClientGrpc.java:250)
	at org.apache.hadoop.hdds.scm.XceiverClientGrpc.sendCommand(XceiverClientGrpc.java:233)
	at org.apache.hadoop.hdds.scm.storage.ContainerProtocolCalls.getBlock(ContainerProtocolCalls.java:118)
	at org.apache.hadoop.hdds.scm.storage.BlockInputStream.getChunkInfos(BlockInputStream.java:167)
	at org.apache.hadoop.hdds.scm.storage.BlockInputStream.initialize(BlockInputStream.java:118)
	at org.apache.hadoop.hdds.scm.storage.BlockInputStream.read(BlockInputStream.java:222)
	at org.apache.hadoop.ozone.client.io.KeyInputStream.read(KeyInputStream.java:171)
	at org.apache.hadoop.ozone.client.io.OzoneInputStream.read(OzoneInputStream.java:47)
	at java.io.InputStream.read(InputStream.java:101)
	at org.apache.hadoop.ozone.container.ContainerTestHelper.validateData(ContainerTestHelper.java:713)
	at org.apache.hadoop.ozone.client.rpc.TestBlockOutputStreamWithFailures.validateData(TestBlockOutputStreamWithFailures.java:1216)
	at org.apache.hadoop.ozone.client.rpc.TestBlockOutputStreamWithFailures.testDatanodeFailureWithSingleNodeRatis(TestBlockOutputStreamWithFailures.java:1058)
	at sun.reflect.NativeMethodAccessorImpl.invoke0(Native Method)
	at sun.reflect.NativeMethodAccessorImpl.invoke(NativeMethodAccessorImpl.java:62)
	at sun.reflect.DelegatingMethodAccessorImpl.invoke(DelegatingMethodAccessorImpl.java:43)
	at java.lang.reflect.Method.invoke(Method.java:498)
	at org.junit.runners.model.FrameworkMethod$1.runReflectiveCall(FrameworkMethod.java:47)
	at org.junit.internal.runners.model.ReflectiveCallable.run(ReflectiveCallable.java:12)
	at org.junit.runners.model.FrameworkMethod.invokeExplosively(FrameworkMethod.java:44)
	at org.junit.internal.runners.statements.InvokeMethod.evaluate(InvokeMethod.java:17)
	at org.junit.internal.runners.statements.RunBefores.evaluate(RunBefores.java:26)
	at org.junit.internal.runners.statements.RunAfters.evaluate(RunAfters.java:27)
	at org.junit.runners.ParentRunner.runLeaf(ParentRunner.java:271)
	at org.junit.runners.BlockJUnit4ClassRunner.runChild(BlockJUnit4ClassRunner.java:70)
	at org.junit.runners.BlockJUnit4ClassRunner.runChild(BlockJUnit4ClassRunner.java:50)
	at org.junit.runners.ParentRunner$3.run(ParentRunner.java:238)
	at org.junit.runners.ParentRunner$1.schedule(ParentRunner.java:63)
	at org.junit.runners.ParentRunner.runChildren(ParentRunner.java:236)
	at org.junit.runners.ParentRunner.access$000(ParentRunner.java:53)
	at org.junit.runners.ParentRunner$2.evaluate(ParentRunner.java:229)
	at org.junit.runners.ParentRunner.run(ParentRunner.java:309)
	at org.apache.maven.surefire.junit4.JUnit4Provider.execute(JUnit4Provider.java:365)
	at org.apache.maven.surefire.junit4.JUnit4Provider.executeWithRerun(JUnit4Provider.java:273)
	at org.apache.maven.surefire.junit4.JUnit4Provider.executeTestSet(JUnit4Provider.java:238)
	at org.apache.maven.surefire.junit4.JUnit4Provider.invoke(JUnit4Provider.java:159)
	at org.apache.maven.surefire.booter.ForkedBooter.invokeProviderInSameClassLoader(ForkedBooter.java:384)
	at org.apache.maven.surefire.booter.ForkedBooter.runSuitesInProcess(ForkedBooter.java:345)
	at org.apache.maven.surefire.booter.ForkedBooter.execute(ForkedBooter.java:126)
	at org.apache.maven.surefire.booter.ForkedBooter.main(ForkedBooter.java:418)

Aug 29, 2019 9:08:41 AM org.apache.ratis.thirdparty.io.grpc.internal.ManagedChannelOrphanWrapper$ManagedChannelReference cleanQueue
SEVERE: *~*~*~ Channel ManagedChannelImpl{logId=2913, target=192.168.69.90:37470} was not shutdown properly!!! ~*~*~*
    Make sure to call shutdown()/shutdownNow() and wait until awaitTermination() returns true.
java.lang.RuntimeException: ManagedChannel allocation site
	at org.apache.ratis.thirdparty.io.grpc.internal.ManagedChannelOrphanWrapper$ManagedChannelReference.<init>(ManagedChannelOrphanWrapper.java:103)
	at org.apache.ratis.thirdparty.io.grpc.internal.ManagedChannelOrphanWrapper.<init>(ManagedChannelOrphanWrapper.java:53)
	at org.apache.ratis.thirdparty.io.grpc.internal.ManagedChannelOrphanWrapper.<init>(ManagedChannelOrphanWrapper.java:44)
	at org.apache.ratis.thirdparty.io.grpc.internal.AbstractManagedChannelImplBuilder.build(AbstractManagedChannelImplBuilder.java:411)
	at org.apache.hadoop.hdds.scm.XceiverClientGrpc.connectToDatanode(XceiverClientGrpc.java:174)
	at org.apache.hadoop.hdds.scm.XceiverClientGrpc.reconnect(XceiverClientGrpc.java:422)
	at org.apache.hadoop.hdds.scm.XceiverClientGrpc.sendCommandAsync(XceiverClientGrpc.java:371)
	at org.apache.hadoop.hdds.scm.XceiverClientGrpc.sendCommandWithRetry(XceiverClientGrpc.java:284)
	at org.apache.hadoop.hdds.scm.XceiverClientGrpc.sendCommandWithTraceIDAndRetry(XceiverClientGrpc.java:250)
	at org.apache.hadoop.hdds.scm.XceiverClientGrpc.sendCommand(XceiverClientGrpc.java:233)
	at org.apache.hadoop.hdds.scm.storage.ContainerProtocolCalls.getBlock(ContainerProtocolCalls.java:118)
	at org.apache.hadoop.hdds.scm.storage.BlockInputStream.getChunkInfos(BlockInputStream.java:167)
	at org.apache.hadoop.hdds.scm.storage.BlockInputStream.initialize(BlockInputStream.java:118)
	at org.apache.hadoop.hdds.scm.storage.BlockInputStream.read(BlockInputStream.java:222)
	at org.apache.hadoop.ozone.client.io.KeyInputStream.read(KeyInputStream.java:171)
	at org.apache.hadoop.ozone.client.io.OzoneInputStream.read(OzoneInputStream.java:47)
	at java.io.InputStream.read(InputStream.java:101)
	at org.apache.hadoop.ozone.container.ContainerTestHelper.validateData(ContainerTestHelper.java:713)
	at org.apache.hadoop.ozone.client.rpc.TestBlockOutputStreamWithFailures.validateData(TestBlockOutputStreamWithFailures.java:1216)
	at org.apache.hadoop.ozone.client.rpc.TestBlockOutputStreamWithFailures.testWatchForCommitWithSingleNodeRatis(TestBlockOutputStreamWithFailures.java:918)
	at sun.reflect.NativeMethodAccessorImpl.invoke0(Native Method)
	at sun.reflect.NativeMethodAccessorImpl.invoke(NativeMethodAccessorImpl.java:62)
	at sun.reflect.DelegatingMethodAccessorImpl.invoke(DelegatingMethodAccessorImpl.java:43)
	at java.lang.reflect.Method.invoke(Method.java:498)
	at org.junit.runners.model.FrameworkMethod$1.runReflectiveCall(FrameworkMethod.java:47)
	at org.junit.internal.runners.model.ReflectiveCallable.run(ReflectiveCallable.java:12)
	at org.junit.runners.model.FrameworkMethod.invokeExplosively(FrameworkMethod.java:44)
	at org.junit.internal.runners.statements.InvokeMethod.evaluate(InvokeMethod.java:17)
	at org.junit.internal.runners.statements.RunBefores.evaluate(RunBefores.java:26)
	at org.junit.internal.runners.statements.RunAfters.evaluate(RunAfters.java:27)
	at org.junit.runners.ParentRunner.runLeaf(ParentRunner.java:271)
	at org.junit.runners.BlockJUnit4ClassRunner.runChild(BlockJUnit4ClassRunner.java:70)
	at org.junit.runners.BlockJUnit4ClassRunner.runChild(BlockJUnit4ClassRunner.java:50)
	at org.junit.runners.ParentRunner$3.run(ParentRunner.java:238)
	at org.junit.runners.ParentRunner$1.schedule(ParentRunner.java:63)
	at org.junit.runners.ParentRunner.runChildren(ParentRunner.java:236)
	at org.junit.runners.ParentRunner.access$000(ParentRunner.java:53)
	at org.junit.runners.ParentRunner$2.evaluate(ParentRunner.java:229)
	at org.junit.runners.ParentRunner.run(ParentRunner.java:309)
	at org.apache.maven.surefire.junit4.JUnit4Provider.execute(JUnit4Provider.java:365)
	at org.apache.maven.surefire.junit4.JUnit4Provider.executeWithRerun(JUnit4Provider.java:273)
	at org.apache.maven.surefire.junit4.JUnit4Provider.executeTestSet(JUnit4Provider.java:238)
	at org.apache.maven.surefire.junit4.JUnit4Provider.invoke(JUnit4Provider.java:159)
	at org.apache.maven.surefire.booter.ForkedBooter.invokeProviderInSameClassLoader(ForkedBooter.java:384)
	at org.apache.maven.surefire.booter.ForkedBooter.runSuitesInProcess(ForkedBooter.java:345)
	at org.apache.maven.surefire.booter.ForkedBooter.execute(ForkedBooter.java:126)
	at org.apache.maven.surefire.booter.ForkedBooter.main(ForkedBooter.java:418)

Aug 29, 2019 9:08:41 AM org.apache.ratis.thirdparty.io.grpc.internal.ManagedChannelOrphanWrapper$ManagedChannelReference cleanQueue
SEVERE: *~*~*~ Channel ManagedChannelImpl{logId=2903, target=192.168.69.90:42509} was not shutdown properly!!! ~*~*~*
    Make sure to call shutdown()/shutdownNow() and wait until awaitTermination() returns true.
java.lang.RuntimeException: ManagedChannel allocation site
	at org.apache.ratis.thirdparty.io.grpc.internal.ManagedChannelOrphanWrapper$ManagedChannelReference.<init>(ManagedChannelOrphanWrapper.java:103)
	at org.apache.ratis.thirdparty.io.grpc.internal.ManagedChannelOrphanWrapper.<init>(ManagedChannelOrphanWrapper.java:53)
	at org.apache.ratis.thirdparty.io.grpc.internal.ManagedChannelOrphanWrapper.<init>(ManagedChannelOrphanWrapper.java:44)
	at org.apache.ratis.thirdparty.io.grpc.internal.AbstractManagedChannelImplBuilder.build(AbstractManagedChannelImplBuilder.java:411)
	at org.apache.ratis.grpc.client.GrpcClientProtocolClient.<init>(GrpcClientProtocolClient.java:119)
	at org.apache.ratis.grpc.client.GrpcClientRpc.lambda$new$0(GrpcClientRpc.java:55)
	at org.apache.ratis.util.PeerProxyMap$PeerAndProxy.lambda$getProxy$0(PeerProxyMap.java:61)
	at org.apache.ratis.util.LifeCycle.startAndTransition(LifeCycle.java:202)
	at org.apache.ratis.util.PeerProxyMap$PeerAndProxy.getProxy(PeerProxyMap.java:60)
	at org.apache.ratis.util.PeerProxyMap.getProxy(PeerProxyMap.java:107)
	at org.apache.ratis.grpc.client.GrpcClientRpc.sendRequestAsync(GrpcClientRpc.java:66)
	at org.apache.ratis.client.impl.OrderedAsync.sendRequest(OrderedAsync.java:208)
	at org.apache.ratis.client.impl.OrderedAsync.sendRequestWithRetry(OrderedAsync.java:169)
	at org.apache.ratis.util.SlidingWindow$Client.sendOrDelayRequest(SlidingWindow.java:278)
	at org.apache.ratis.util.SlidingWindow$Client.submitNewRequest(SlidingWindow.java:257)
	at org.apache.ratis.client.impl.OrderedAsync.send(OrderedAsync.java:155)
	at org.apache.ratis.client.impl.RaftClientImpl.sendAsync(RaftClientImpl.java:145)
	at org.apache.ratis.client.impl.RaftClientImpl.sendAsync(RaftClientImpl.java:125)
	at org.apache.hadoop.hdds.scm.XceiverClientRatis.sendRequestAsync(XceiverClientRatis.java:224)
	at org.apache.hadoop.hdds.scm.XceiverClientRatis.sendCommandAsync(XceiverClientRatis.java:302)
	at org.apache.hadoop.hdds.scm.storage.ContainerProtocolCalls.writeChunkAsync(ContainerProtocolCalls.java:310)
	at org.apache.hadoop.hdds.scm.storage.BlockOutputStream.writeChunkToContainer(BlockOutputStream.java:601)
	at org.apache.hadoop.hdds.scm.storage.BlockOutputStream.writeChunk(BlockOutputStream.java:459)
	at org.apache.hadoop.hdds.scm.storage.BlockOutputStream.writeOnRetry(BlockOutputStream.java:285)
	at org.apache.hadoop.ozone.client.io.BlockOutputStreamEntry.writeOnRetry(BlockOutputStreamEntry.java:200)
	at org.apache.hadoop.ozone.client.io.KeyOutputStream.handleWrite(KeyOutputStream.java:209)
	at org.apache.hadoop.ozone.client.io.KeyOutputStream.handleRetry(KeyOutputStream.java:376)
	at org.apache.hadoop.ozone.client.io.KeyOutputStream.handleException(KeyOutputStream.java:325)
	at org.apache.hadoop.ozone.client.io.KeyOutputStream.handleFlushOrClose(KeyOutputStream.java:448)
	at org.apache.hadoop.ozone.client.io.KeyOutputStream.handleWrite(KeyOutputStream.java:235)
	at org.apache.hadoop.ozone.client.io.KeyOutputStream.write(KeyOutputStream.java:193)
	at org.apache.hadoop.ozone.client.io.OzoneOutputStream.write(OzoneOutputStream.java:49)
	at java.io.OutputStream.write(OutputStream.java:75)
	at org.apache.hadoop.ozone.client.rpc.TestBlockOutputStreamWithFailures.testWatchForCommitWithSingleNodeRatis(TestBlockOutputStreamWithFailures.java:885)
	at sun.reflect.NativeMethodAccessorImpl.invoke0(Native Method)
	at sun.reflect.NativeMethodAccessorImpl.invoke(NativeMethodAccessorImpl.java:62)
	at sun.reflect.DelegatingMethodAccessorImpl.invoke(DelegatingMethodAccessorImpl.java:43)
	at java.lang.reflect.Method.invoke(Method.java:498)
	at org.junit.runners.model.FrameworkMethod$1.runReflectiveCall(FrameworkMethod.java:47)
	at org.junit.internal.runners.model.ReflectiveCallable.run(ReflectiveCallable.java:12)
	at org.junit.runners.model.FrameworkMethod.invokeExplosively(FrameworkMethod.java:44)
	at org.junit.internal.runners.statements.InvokeMethod.evaluate(InvokeMethod.java:17)
	at org.junit.internal.runners.statements.RunBefores.evaluate(RunBefores.java:26)
	at org.junit.internal.runners.statements.RunAfters.evaluate(RunAfters.java:27)
	at org.junit.runners.ParentRunner.runLeaf(ParentRunner.java:271)
	at org.junit.runners.BlockJUnit4ClassRunner.runChild(BlockJUnit4ClassRunner.java:70)
	at org.junit.runners.BlockJUnit4ClassRunner.runChild(BlockJUnit4ClassRunner.java:50)
	at org.junit.runners.ParentRunner$3.run(ParentRunner.java:238)
	at org.junit.runners.ParentRunner$1.schedule(ParentRunner.java:63)
	at org.junit.runners.ParentRunner.runChildren(ParentRunner.java:236)
	at org.junit.runners.ParentRunner.access$000(ParentRunner.java:53)
	at org.junit.runners.ParentRunner$2.evaluate(ParentRunner.java:229)
	at org.junit.runners.ParentRunner.run(ParentRunner.java:309)
	at org.apache.maven.surefire.junit4.JUnit4Provider.execute(JUnit4Provider.java:365)
	at org.apache.maven.surefire.junit4.JUnit4Provider.executeWithRerun(JUnit4Provider.java:273)
	at org.apache.maven.surefire.junit4.JUnit4Provider.executeTestSet(JUnit4Provider.java:238)
	at org.apache.maven.surefire.junit4.JUnit4Provider.invoke(JUnit4Provider.java:159)
	at org.apache.maven.surefire.booter.ForkedBooter.invokeProviderInSameClassLoader(ForkedBooter.java:384)
	at org.apache.maven.surefire.booter.ForkedBooter.runSuitesInProcess(ForkedBooter.java:345)
	at org.apache.maven.surefire.booter.ForkedBooter.execute(ForkedBooter.java:126)
	at org.apache.maven.surefire.booter.ForkedBooter.main(ForkedBooter.java:418)

Aug 29, 2019 9:08:41 AM org.apache.ratis.thirdparty.io.grpc.internal.ManagedChannelOrphanWrapper$ManagedChannelReference cleanQueue
SEVERE: *~*~*~ Channel ManagedChannelImpl{logId=2707, target=192.168.69.90:46202} was not shutdown properly!!! ~*~*~*
    Make sure to call shutdown()/shutdownNow() and wait until awaitTermination() returns true.
java.lang.RuntimeException: ManagedChannel allocation site
	at org.apache.ratis.thirdparty.io.grpc.internal.ManagedChannelOrphanWrapper$ManagedChannelReference.<init>(ManagedChannelOrphanWrapper.java:103)
	at org.apache.ratis.thirdparty.io.grpc.internal.ManagedChannelOrphanWrapper.<init>(ManagedChannelOrphanWrapper.java:53)
	at org.apache.ratis.thirdparty.io.grpc.internal.ManagedChannelOrphanWrapper.<init>(ManagedChannelOrphanWrapper.java:44)
	at org.apache.ratis.thirdparty.io.grpc.internal.AbstractManagedChannelImplBuilder.build(AbstractManagedChannelImplBuilder.java:411)
	at org.apache.hadoop.hdds.scm.XceiverClientGrpc.connectToDatanode(XceiverClientGrpc.java:174)
	at org.apache.hadoop.hdds.scm.XceiverClientGrpc.reconnect(XceiverClientGrpc.java:422)
	at org.apache.hadoop.hdds.scm.XceiverClientGrpc.sendCommandAsync(XceiverClientGrpc.java:371)
	at org.apache.hadoop.hdds.scm.XceiverClientGrpc.sendCommandWithRetry(XceiverClientGrpc.java:284)
	at org.apache.hadoop.hdds.scm.XceiverClientGrpc.sendCommandWithTraceIDAndRetry(XceiverClientGrpc.java:250)
	at org.apache.hadoop.hdds.scm.XceiverClientGrpc.sendCommand(XceiverClientGrpc.java:233)
	at org.apache.hadoop.hdds.scm.storage.ContainerProtocolCalls.getBlock(ContainerProtocolCalls.java:118)
	at org.apache.hadoop.hdds.scm.storage.BlockInputStream.getChunkInfos(BlockInputStream.java:167)
	at org.apache.hadoop.hdds.scm.storage.BlockInputStream.initialize(BlockInputStream.java:118)
	at org.apache.hadoop.hdds.scm.storage.BlockInputStream.read(BlockInputStream.java:222)
	at org.apache.hadoop.ozone.client.io.KeyInputStream.read(KeyInputStream.java:171)
	at org.apache.hadoop.ozone.client.io.OzoneInputStream.read(OzoneInputStream.java:47)
	at java.io.InputStream.read(InputStream.java:101)
	at org.apache.hadoop.ozone.container.ContainerTestHelper.validateData(ContainerTestHelper.java:713)
	at org.apache.hadoop.ozone.client.rpc.TestBlockOutputStreamWithFailures.validateData(TestBlockOutputStreamWithFailures.java:1216)
	at org.apache.hadoop.ozone.client.rpc.TestBlockOutputStreamWithFailures.testDatanodeFailureWithSingleNodeRatis(TestBlockOutputStreamWithFailures.java:1058)
	at sun.reflect.NativeMethodAccessorImpl.invoke0(Native Method)
	at sun.reflect.NativeMethodAccessorImpl.invoke(NativeMethodAccessorImpl.java:62)
	at sun.reflect.DelegatingMethodAccessorImpl.invoke(DelegatingMethodAccessorImpl.java:43)
	at java.lang.reflect.Method.invoke(Method.java:498)
	at org.junit.runners.model.FrameworkMethod$1.runReflectiveCall(FrameworkMethod.java:47)
	at org.junit.internal.runners.model.ReflectiveCallable.run(ReflectiveCallable.java:12)
	at org.junit.runners.model.FrameworkMethod.invokeExplosively(FrameworkMethod.java:44)
	at org.junit.internal.runners.statements.InvokeMethod.evaluate(InvokeMethod.java:17)
	at org.junit.internal.runners.statements.RunBefores.evaluate(RunBefores.java:26)
	at org.junit.internal.runners.statements.RunAfters.evaluate(RunAfters.java:27)
	at org.junit.runners.ParentRunner.runLeaf(ParentRunner.java:271)
	at org.junit.runners.BlockJUnit4ClassRunner.runChild(BlockJUnit4ClassRunner.java:70)
	at org.junit.runners.BlockJUnit4ClassRunner.runChild(BlockJUnit4ClassRunner.java:50)
	at org.junit.runners.ParentRunner$3.run(ParentRunner.java:238)
	at org.junit.runners.ParentRunner$1.schedule(ParentRunner.java:63)
	at org.junit.runners.ParentRunner.runChildren(ParentRunner.java:236)
	at org.junit.runners.ParentRunner.access$000(ParentRunner.java:53)
	at org.junit.runners.ParentRunner$2.evaluate(ParentRunner.java:229)
	at org.junit.runners.ParentRunner.run(ParentRunner.java:309)
	at org.apache.maven.surefire.junit4.JUnit4Provider.execute(JUnit4Provider.java:365)
	at org.apache.maven.surefire.junit4.JUnit4Provider.executeWithRerun(JUnit4Provider.java:273)
	at org.apache.maven.surefire.junit4.JUnit4Provider.executeTestSet(JUnit4Provider.java:238)
	at org.apache.maven.surefire.junit4.JUnit4Provider.invoke(JUnit4Provider.java:159)
	at org.apache.maven.surefire.booter.ForkedBooter.invokeProviderInSameClassLoader(ForkedBooter.java:384)
	at org.apache.maven.surefire.booter.ForkedBooter.runSuitesInProcess(ForkedBooter.java:345)
	at org.apache.maven.surefire.booter.ForkedBooter.execute(ForkedBooter.java:126)
	at org.apache.maven.surefire.booter.ForkedBooter.main(ForkedBooter.java:418)

]]></system-err>
  </testcase>
  <testcase name="testFailureWithPrimeSizedData" classname="org.apache.hadoop.ozone.client.rpc.TestBlockOutputStreamWithFailures" time="37.216"/>
  <testcase name="testWatchForCommitWithCloseContainerException" classname="org.apache.hadoop.ozone.client.rpc.TestBlockOutputStreamWithFailures" time="36.409"/>
  <testcase name="testExceptionDuringClose" classname="org.apache.hadoop.ozone.client.rpc.TestBlockOutputStreamWithFailures" time="40.651"/>
</testsuite>