<?xml version="1.0" encoding="UTF-8"?>
<testsuite xmlns:xsi="http://www.w3.org/2001/XMLSchema-instance" xsi:noNamespaceSchemaLocation="https://maven.apache.org/surefire/maven-surefire-plugin/xsd/surefire-test-report.xsd" name="org.apache.hadoop.ozone.client.rpc.TestCloseContainerHandlingByClient" time="61.205" tests="8" errors="6" skipped="1" failures="0">
  <properties>
    <property name="awt.toolkit" value="sun.awt.X11.XToolkit"/>
    <property name="file.encoding.pkg" value="sun.io"/>
    <property name="java.specification.version" value="1.8"/>
    <property name="sun.cpu.isalist" value=""/>
    <property name="sun.jnu.encoding" value="UTF-8"/>
    <property name="java.class.path" value="/tmp/workdir/hadoop-ozone/integration-test/target/test-classes:/tmp/workdir/hadoop-ozone/integration-test/target/classes:/home/user/.m2/repository/org/apache/hadoop/hadoop-ozone-common/0.5.0-SNAPSHOT/hadoop-ozone-common-0.5.0-SNAPSHOT.jar:/home/user/.m2/repository/org/apache/commons/commons-compress/1.4.1/commons-compress-1.4.1.jar:/home/user/.m2/repository/org/tukaani/xz/1.0/xz-1.0.jar:/home/user/.m2/repository/org/apache/hadoop/hadoop-common/3.2.0/hadoop-common-3.2.0.jar:/home/user/.m2/repository/org/apache/hadoop/hadoop-hdfs/3.2.0/hadoop-hdfs-3.2.0.jar:/home/user/.m2/repository/org/apache/hadoop/hadoop-hdfs-client/3.2.0/hadoop-hdfs-client-3.2.0.jar:/home/user/.m2/repository/com/fasterxml/jackson/core/jackson-annotations/2.9.5/jackson-annotations-2.9.5.jar:/home/user/.m2/repository/org/apache/hadoop/hadoop-hdds-common/0.5.0-SNAPSHOT/hadoop-hdds-common-0.5.0-SNAPSHOT.jar:/home/user/.m2/repository/javax/annotation/javax.annotation-api/1.2/javax.annotation-api-1.2.jar:/home/user/.m2/repository/org/apache/ratis/ratis-server/0.4.0-2337318-SNAPSHOT/ratis-server-0.4.0-2337318-SNAPSHOT.jar:/home/user/.m2/repository/org/apache/ratis/ratis-thirdparty-misc/0.2.0/ratis-thirdparty-misc-0.2.0.jar:/home/user/.m2/repository/org/apache/ratis/ratis-proto/0.4.0-2337318-SNAPSHOT/ratis-proto-0.4.0-2337318-SNAPSHOT.jar:/home/user/.m2/repository/org/apache/ratis/ratis-common/0.4.0-2337318-SNAPSHOT/ratis-common-0.4.0-2337318-SNAPSHOT.jar:/home/user/.m2/repository/org/apache/ratis/ratis-client/0.4.0-2337318-SNAPSHOT/ratis-client-0.4.0-2337318-SNAPSHOT.jar:/home/user/.m2/repository/org/apache/ratis/ratis-metrics/0.4.0-2337318-SNAPSHOT/ratis-metrics-0.4.0-2337318-SNAPSHOT.jar:/home/user/.m2/repository/org/apache/ratis/ratis-netty/0.4.0-2337318-SNAPSHOT/ratis-netty-0.4.0-2337318-SNAPSHOT.jar:/home/user/.m2/repository/org/apache/ratis/ratis-grpc/0.4.0-2337318-SNAPSHOT/ratis-grpc-0.4.0-2337318-SNAPSHOT.jar:/home/user/.m2/repository/org/rocksdb/rocksdbjni/6.0.1/rocksdbjni-6.0.1.jar:/home/user/.m2/repository/org/apache/logging/log4j/log4j-api/2.11.0/log4j-api-2.11.0.jar:/home/user/.m2/repository/org/apache/logging/log4j/log4j-core/2.11.0/log4j-core-2.11.0.jar:/home/user/.m2/repository/com/lmax/disruptor/3.4.2/disruptor-3.4.2.jar:/home/user/.m2/repository/org/apache/commons/commons-pool2/2.6.0/commons-pool2-2.6.0.jar:/home/user/.m2/repository/org/bouncycastle/bcpkix-jdk15on/1.60/bcpkix-jdk15on-1.60.jar:/home/user/.m2/repository/commons-validator/commons-validator/1.6/commons-validator-1.6.jar:/home/user/.m2/repository/commons-digester/commons-digester/1.8.1/commons-digester-1.8.1.jar:/home/user/.m2/repository/io/jaegertracing/jaeger-client/0.33.1/jaeger-client-0.33.1.jar:/home/user/.m2/repository/io/jaegertracing/jaeger-thrift/0.33.1/jaeger-thrift-0.33.1.jar:/home/user/.m2/repository/org/apache/thrift/libthrift/0.11.0/libthrift-0.11.0.jar:/home/user/.m2/repository/com/squareup/okhttp3/okhttp/3.9.0/okhttp-3.9.0.jar:/home/user/.m2/repository/com/squareup/okio/okio/1.13.0/okio-1.13.0.jar:/home/user/.m2/repository/io/jaegertracing/jaeger-core/0.33.1/jaeger-core-0.33.1.jar:/home/user/.m2/repository/io/jaegertracing/jaeger-tracerresolver/0.33.1/jaeger-tracerresolver-0.33.1.jar:/home/user/.m2/repository/io/opentracing/contrib/opentracing-tracerresolver/0.1.5/opentracing-tracerresolver-0.1.5.jar:/home/user/.m2/repository/io/opentracing/opentracing-util/0.31.0/opentracing-util-0.31.0.jar:/home/user/.m2/repository/io/opentracing/opentracing-api/0.31.0/opentracing-api-0.31.0.jar:/home/user/.m2/repository/io/opentracing/opentracing-noop/0.31.0/opentracing-noop-0.31.0.jar:/home/user/.m2/repository/org/apache/hadoop/hadoop-hdds-server-framework/0.5.0-SNAPSHOT/hadoop-hdds-server-framework-0.5.0-SNAPSHOT.jar:/home/user/.m2/repository/org/apache/hadoop/hadoop-hdds-container-service/0.5.0-SNAPSHOT/hadoop-hdds-container-service-0.5.0-SNAPSHOT.jar:/home/user/.m2/repository/org/apache/hadoop/hadoop-hdds-client/0.5.0-SNAPSHOT/hadoop-hdds-client-0.5.0-SNAPSHOT.jar:/home/user/.m2/repository/org/apache/hadoop/hadoop-hdds-tools/0.5.0-SNAPSHOT/hadoop-hdds-tools-0.5.0-SNAPSHOT.jar:/home/user/.m2/repository/org/apache/hadoop/hadoop-hdds-server-scm/0.5.0-SNAPSHOT/hadoop-hdds-server-scm-0.5.0-SNAPSHOT.jar:/home/user/.m2/repository/org/apache/hadoop/hadoop-hdds-docs/0.5.0-SNAPSHOT/hadoop-hdds-docs-0.5.0-SNAPSHOT.jar:/home/user/.m2/repository/io/dropwizard/metrics/metrics-core/3.2.4/metrics-core-3.2.4.jar:/home/user/.m2/repository/org/hamcrest/hamcrest-all/1.3/hamcrest-all-1.3.jar:/home/user/.m2/repository/org/bouncycastle/bcprov-jdk15on/1.60/bcprov-jdk15on-1.60.jar:/home/user/.m2/repository/info/picocli/picocli/3.9.6/picocli-3.9.6.jar:/home/user/.m2/repository/com/google/protobuf/protobuf-java/2.5.0/protobuf-java-2.5.0.jar:/home/user/.m2/repository/com/google/guava/guava/11.0.2/guava-11.0.2.jar:/home/user/.m2/repository/org/apache/hadoop/hadoop-ozone-ozone-manager/0.5.0-SNAPSHOT/hadoop-ozone-ozone-manager-0.5.0-SNAPSHOT.jar:/home/user/.m2/repository/org/apache/hadoop/hadoop-minikdc/3.2.0/hadoop-minikdc-3.2.0.jar:/home/user/.m2/repository/commons-io/commons-io/2.5/commons-io-2.5.jar:/home/user/.m2/repository/org/apache/kerby/kerb-simplekdc/1.0.1/kerb-simplekdc-1.0.1.jar:/home/user/.m2/repository/org/apache/kerby/kerb-client/1.0.1/kerb-client-1.0.1.jar:/home/user/.m2/repository/org/apache/kerby/kerby-config/1.0.1/kerby-config-1.0.1.jar:/home/user/.m2/repository/org/apache/kerby/kerb-core/1.0.1/kerb-core-1.0.1.jar:/home/user/.m2/repository/org/apache/kerby/kerby-pkix/1.0.1/kerby-pkix-1.0.1.jar:/home/user/.m2/repository/org/apache/kerby/kerby-asn1/1.0.1/kerby-asn1-1.0.1.jar:/home/user/.m2/repository/org/apache/kerby/kerby-util/1.0.1/kerby-util-1.0.1.jar:/home/user/.m2/repository/org/apache/kerby/kerb-common/1.0.1/kerb-common-1.0.1.jar:/home/user/.m2/repository/org/apache/kerby/kerb-crypto/1.0.1/kerb-crypto-1.0.1.jar:/home/user/.m2/repository/org/apache/kerby/kerb-util/1.0.1/kerb-util-1.0.1.jar:/home/user/.m2/repository/org/apache/kerby/token-provider/1.0.1/token-provider-1.0.1.jar:/home/user/.m2/repository/org/apache/kerby/kerb-admin/1.0.1/kerb-admin-1.0.1.jar:/home/user/.m2/repository/org/apache/kerby/kerb-server/1.0.1/kerb-server-1.0.1.jar:/home/user/.m2/repository/org/apache/kerby/kerb-identity/1.0.1/kerb-identity-1.0.1.jar:/home/user/.m2/repository/org/apache/kerby/kerby-xdr/1.0.1/kerby-xdr-1.0.1.jar:/home/user/.m2/repository/org/slf4j/slf4j-log4j12/1.7.25/slf4j-log4j12-1.7.25.jar:/home/user/.m2/repository/org/apache/hadoop/hadoop-ozone-objectstore-service/0.5.0-SNAPSHOT/hadoop-ozone-objectstore-service-0.5.0-SNAPSHOT.jar:/home/user/.m2/repository/org/apache/hadoop/hadoop-ozone-s3gateway/0.5.0-SNAPSHOT/hadoop-ozone-s3gateway-0.5.0-SNAPSHOT.jar:/home/user/.m2/repository/org/jboss/weld/servlet/weld-servlet/2.4.7.Final/weld-servlet-2.4.7.Final.jar:/home/user/.m2/repository/org/glassfish/jersey/containers/jersey-container-servlet-core/2.27/jersey-container-servlet-core-2.27.jar:/home/user/.m2/repository/org/glassfish/hk2/external/javax.inject/2.5.0-b42/javax.inject-2.5.0-b42.jar:/home/user/.m2/repository/org/glassfish/jersey/core/jersey-common/2.27/jersey-common-2.27.jar:/home/user/.m2/repository/org/glassfish/hk2/osgi-resource-locator/1.0.1/osgi-resource-locator-1.0.1.jar:/home/user/.m2/repository/javax/ws/rs/javax.ws.rs-api/2.1/javax.ws.rs-api-2.1.jar:/home/user/.m2/repository/org/glassfish/jersey/ext/cdi/jersey-cdi1x/2.27/jersey-cdi1x-2.27.jar:/home/user/.m2/repository/org/glassfish/jersey/inject/jersey-hk2/2.27/jersey-hk2-2.27.jar:/home/user/.m2/repository/org/glassfish/hk2/hk2-locator/2.5.0-b42/hk2-locator-2.5.0-b42.jar:/home/user/.m2/repository/org/javassist/javassist/3.22.0-CR2/javassist-3.22.0-CR2.jar:/home/user/.m2/repository/org/glassfish/hk2/hk2-api/2.5.0/hk2-api-2.5.0.jar:/home/user/.m2/repository/org/glassfish/hk2/external/jakarta.inject/2.5.0/jakarta.inject-2.5.0.jar:/home/user/.m2/repository/org/glassfish/hk2/hk2-utils/2.5.0/hk2-utils-2.5.0.jar:/home/user/.m2/repository/jakarta/annotation/jakarta.annotation-api/1.3.4/jakarta.annotation-api-1.3.4.jar:/home/user/.m2/repository/org/glassfish/hk2/external/aopalliance-repackaged/2.5.0/aopalliance-repackaged-2.5.0.jar:/home/user/.m2/repository/com/fasterxml/jackson/dataformat/jackson-dataformat-xml/2.9.0/jackson-dataformat-xml-2.9.0.jar:/home/user/.m2/repository/com/fasterxml/jackson/core/jackson-core/2.9.5/jackson-core-2.9.5.jar:/home/user/.m2/repository/com/fasterxml/jackson/module/jackson-module-jaxb-annotations/2.9.5/jackson-module-jaxb-annotations-2.9.5.jar:/home/user/.m2/repository/javax/enterprise/cdi-api/1.2/cdi-api-1.2.jar:/home/user/.m2/repository/javax/el/javax.el-api/3.0.0/javax.el-api-3.0.0.jar:/home/user/.m2/repository/javax/interceptor/javax.interceptor-api/1.2/javax.interceptor-api-1.2.jar:/home/user/.m2/repository/javax/inject/javax.inject/1/javax.inject-1.jar:/home/user/.m2/repository/com/sun/xml/bind/jaxb-impl/2.3.0.1/jaxb-impl-2.3.0.1.jar:/home/user/.m2/repository/com/sun/xml/bind/jaxb-core/2.3.0.1/jaxb-core-2.3.0.1.jar:/home/user/.m2/repository/javax/xml/bind/jaxb-api/2.3.0/jaxb-api-2.3.0.jar:/home/user/.m2/repository/javax/activation/activation/1.1.1/activation-1.1.1.jar:/home/user/.m2/repository/org/apache/hadoop/hadoop-ozone-csi/0.5.0-SNAPSHOT/hadoop-ozone-csi-0.5.0-SNAPSHOT.jar:/home/user/.m2/repository/com/google/protobuf/protobuf-java-util/3.5.1/protobuf-java-util-3.5.1.jar:/home/user/.m2/repository/org/apache/hadoop/hadoop-hdds-config/0.5.0-SNAPSHOT/hadoop-hdds-config-0.5.0-SNAPSHOT.jar:/home/user/.m2/repository/io/grpc/grpc-netty/1.17.1/grpc-netty-1.17.1.jar:/home/user/.m2/repository/io/grpc/grpc-core/1.17.1/grpc-core-1.17.1.jar:/home/user/.m2/repository/io/grpc/grpc-context/1.17.1/grpc-context-1.17.1.jar:/home/user/.m2/repository/com/google/errorprone/error_prone_annotations/2.2.0/error_prone_annotations-2.2.0.jar:/home/user/.m2/repository/org/codehaus/mojo/animal-sniffer-annotations/1.17/animal-sniffer-annotations-1.17.jar:/home/user/.m2/repository/io/opencensus/opencensus-api/0.17.0/opencensus-api-0.17.0.jar:/home/user/.m2/repository/io/opencensus/opencensus-contrib-grpc-metrics/0.17.0/opencensus-contrib-grpc-metrics-0.17.0.jar:/home/user/.m2/repository/io/netty/netty-codec-http2/4.1.30.Final/netty-codec-http2-4.1.30.Final.jar:/home/user/.m2/repository/io/netty/netty-codec-http/4.1.30.Final/netty-codec-http-4.1.30.Final.jar:/home/user/.m2/repository/io/netty/netty-codec/4.1.30.Final/netty-codec-4.1.30.Final.jar:/home/user/.m2/repository/io/netty/netty-handler/4.1.30.Final/netty-handler-4.1.30.Final.jar:/home/user/.m2/repository/io/netty/netty-handler-proxy/4.1.30.Final/netty-handler-proxy-4.1.30.Final.jar:/home/user/.m2/repository/io/netty/netty-codec-socks/4.1.30.Final/netty-codec-socks-4.1.30.Final.jar:/home/user/.m2/repository/io/netty/netty-transport-native-epoll/4.1.30.Final/netty-transport-native-epoll-4.1.30.Final.jar:/home/user/.m2/repository/io/netty/netty-common/4.1.30.Final/netty-common-4.1.30.Final.jar:/home/user/.m2/repository/io/netty/netty-buffer/4.1.30.Final/netty-buffer-4.1.30.Final.jar:/home/user/.m2/repository/io/netty/netty-transport/4.1.30.Final/netty-transport-4.1.30.Final.jar:/home/user/.m2/repository/io/netty/netty-resolver/4.1.30.Final/netty-resolver-4.1.30.Final.jar:/home/user/.m2/repository/io/netty/netty-transport-native-unix-common/4.1.30.Final/netty-transport-native-unix-common-4.1.30.Final.jar:/home/user/.m2/repository/io/grpc/grpc-protobuf/1.17.1/grpc-protobuf-1.17.1.jar:/home/user/.m2/repository/com/google/api/grpc/proto-google-common-protos/1.0.0/proto-google-common-protos-1.0.0.jar:/home/user/.m2/repository/io/grpc/grpc-protobuf-lite/1.17.1/grpc-protobuf-lite-1.17.1.jar:/home/user/.m2/repository/io/grpc/grpc-stub/1.17.1/grpc-stub-1.17.1.jar:/home/user/.m2/repository/org/apache/hadoop/hadoop-ozone-recon/0.5.0-SNAPSHOT/hadoop-ozone-recon-0.5.0-SNAPSHOT.jar:/home/user/.m2/repository/org/apache/hadoop/hadoop-ozone-reconcodegen/0.5.0-SNAPSHOT/hadoop-ozone-reconcodegen-0.5.0-SNAPSHOT.jar:/home/user/.m2/repository/com/google/inject/extensions/guice-multibindings/4.0/guice-multibindings-4.0.jar:/home/user/.m2/repository/com/google/inject/guice/4.0/guice-4.0.jar:/home/user/.m2/repository/aopalliance/aopalliance/1.0/aopalliance-1.0.jar:/home/user/.m2/repository/com/google/inject/extensions/guice-servlet/4.0/guice-servlet-4.0.jar:/home/user/.m2/repository/org/glassfish/jersey/containers/jersey-container-servlet/2.27/jersey-container-servlet-2.27.jar:/home/user/.m2/repository/org/glassfish/hk2/guice-bridge/2.5.0/guice-bridge-2.5.0.jar:/home/user/.m2/repository/org/glassfish/jersey/core/jersey-server/2.27/jersey-server-2.27.jar:/home/user/.m2/repository/org/glassfish/jersey/core/jersey-client/2.27/jersey-client-2.27.jar:/home/user/.m2/repository/org/glassfish/jersey/media/jersey-media-jaxb/2.27/jersey-media-jaxb-2.27.jar:/home/user/.m2/repository/javax/validation/validation-api/1.1.0.Final/validation-api-1.1.0.Final.jar:/home/user/.m2/repository/org/glassfish/jersey/media/jersey-media-json-jackson/2.27/jersey-media-json-jackson-2.27.jar:/home/user/.m2/repository/org/glassfish/jersey/ext/jersey-entity-filtering/2.27/jersey-entity-filtering-2.27.jar:/home/user/.m2/repository/com/google/inject/extensions/guice-assistedinject/4.0/guice-assistedinject-4.0.jar:/home/user/.m2/repository/org/jooq/jooq/3.11.10/jooq-3.11.10.jar:/home/user/.m2/repository/org/jooq/jooq-meta/3.11.10/jooq-meta-3.11.10.jar:/home/user/.m2/repository/org/jooq/jooq-codegen/3.11.10/jooq-codegen-3.11.10.jar:/home/user/.m2/repository/com/jolbox/bonecp/0.8.0.RELEASE/bonecp-0.8.0.RELEASE.jar:/home/user/.m2/repository/org/xerial/sqlite-jdbc/3.25.2/sqlite-jdbc-3.25.2.jar:/home/user/.m2/repository/org/springframework/spring-jdbc/5.1.3.RELEASE/spring-jdbc-5.1.3.RELEASE.jar:/home/user/.m2/repository/org/springframework/spring-beans/5.1.3.RELEASE/spring-beans-5.1.3.RELEASE.jar:/home/user/.m2/repository/org/springframework/spring-core/5.1.3.RELEASE/spring-core-5.1.3.RELEASE.jar:/home/user/.m2/repository/org/springframework/spring-jcl/5.1.3.RELEASE/spring-jcl-5.1.3.RELEASE.jar:/home/user/.m2/repository/org/springframework/spring-tx/5.1.3.RELEASE/spring-tx-5.1.3.RELEASE.jar:/home/user/.m2/repository/org/apache/hadoop/hadoop-ozone-client/0.5.0-SNAPSHOT/hadoop-ozone-client-0.5.0-SNAPSHOT.jar:/home/user/.m2/repository/commons-lang/commons-lang/2.6/commons-lang-2.6.jar:/home/user/.m2/repository/org/apache/hadoop/hadoop-ozone-ozone-manager/0.5.0-SNAPSHOT/hadoop-ozone-ozone-manager-0.5.0-SNAPSHOT-tests.jar:/home/user/.m2/repository/junit/junit/4.11/junit-4.11.jar:/home/user/.m2/repository/org/hamcrest/hamcrest-core/1.3/hamcrest-core-1.3.jar:/home/user/.m2/repository/org/openjdk/jmh/jmh-core/1.19/jmh-core-1.19.jar:/home/user/.m2/repository/net/sf/jopt-simple/jopt-simple/4.6/jopt-simple-4.6.jar:/home/user/.m2/repository/org/apache/commons/commons-math3/3.1.1/commons-math3-3.1.1.jar:/home/user/.m2/repository/org/openjdk/jmh/jmh-generator-annprocess/1.19/jmh-generator-annprocess-1.19.jar:/home/user/.m2/repository/org/mockito/mockito-all/1.8.5/mockito-all-1.8.5.jar:/home/user/.m2/repository/org/apache/hadoop/hadoop-kms/3.2.0/hadoop-kms-3.2.0.jar:/home/user/.m2/repository/org/apache/hadoop/hadoop-auth/3.2.0/hadoop-auth-3.2.0.jar:/home/user/.m2/repository/com/nimbusds/nimbus-jose-jwt/4.41.1/nimbus-jose-jwt-4.41.1.jar:/home/user/.m2/repository/com/github/stephenc/jcip/jcip-annotations/1.0-1/jcip-annotations-1.0-1.jar:/home/user/.m2/repository/net/minidev/json-smart/2.3/json-smart-2.3.jar:/home/user/.m2/repository/net/minidev/accessors-smart/1.2/accessors-smart-1.2.jar:/home/user/.m2/repository/org/ow2/asm/asm/5.0.4/asm-5.0.4.jar:/home/user/.m2/repository/org/apache/curator/curator-framework/2.12.0/curator-framework-2.12.0.jar:/home/user/.m2/repository/com/sun/jersey/jersey-core/1.19/jersey-core-1.19.jar:/home/user/.m2/repository/javax/ws/rs/jsr311-api/1.1.1/jsr311-api-1.1.1.jar:/home/user/.m2/repository/com/sun/jersey/jersey-server/1.19/jersey-server-1.19.jar:/home/user/.m2/repository/javax/servlet/javax.servlet-api/3.1.0/javax.servlet-api-3.1.0.jar:/home/user/.m2/repository/org/eclipse/jetty/jetty-server/9.3.24.v20180605/jetty-server-9.3.24.v20180605.jar:/home/user/.m2/repository/org/eclipse/jetty/jetty-http/9.3.24.v20180605/jetty-http-9.3.24.v20180605.jar:/home/user/.m2/repository/org/eclipse/jetty/jetty-io/9.3.24.v20180605/jetty-io-9.3.24.v20180605.jar:/home/user/.m2/repository/org/eclipse/jetty/jetty-webapp/9.3.24.v20180605/jetty-webapp-9.3.24.v20180605.jar:/home/user/.m2/repository/org/eclipse/jetty/jetty-xml/9.3.24.v20180605/jetty-xml-9.3.24.v20180605.jar:/home/user/.m2/repository/log4j/log4j/1.2.17/log4j-1.2.17.jar:/home/user/.m2/repository/org/slf4j/slf4j-api/1.7.25/slf4j-api-1.7.25.jar:/home/user/.m2/repository/org/slf4j/jul-to-slf4j/1.7.25/jul-to-slf4j-1.7.25.jar:/home/user/.m2/repository/org/eclipse/jetty/jetty-util/9.3.24.v20180605/jetty-util-9.3.24.v20180605.jar:/home/user/.m2/repository/com/fasterxml/jackson/core/jackson-databind/2.9.5/jackson-databind-2.9.5.jar:/home/user/.m2/repository/org/apache/hadoop/hadoop-kms/3.2.0/hadoop-kms-3.2.0-tests.jar:/home/user/.m2/repository/org/apache/hadoop/hadoop-hdds-server-scm/0.5.0-SNAPSHOT/hadoop-hdds-server-scm-0.5.0-SNAPSHOT-tests.jar:/home/user/.m2/repository/org/apache/hadoop/hadoop-hdds-container-service/0.5.0-SNAPSHOT/hadoop-hdds-container-service-0.5.0-SNAPSHOT-tests.jar:/home/user/.m2/repository/org/yaml/snakeyaml/1.16/snakeyaml-1.16.jar:/home/user/.m2/repository/org/apache/hadoop/hadoop-common/3.2.0/hadoop-common-3.2.0-tests.jar:/home/user/.m2/repository/org/apache/hadoop/hadoop-annotations/3.2.0/hadoop-annotations-3.2.0.jar:/usr/lib/jvm/java-1.8-openjdk/jre/../lib/tools.jar:/home/user/.m2/repository/commons-cli/commons-cli/1.2/commons-cli-1.2.jar:/home/user/.m2/repository/org/apache/httpcomponents/httpclient/4.5.2/httpclient-4.5.2.jar:/home/user/.m2/repository/org/apache/httpcomponents/httpcore/4.4.4/httpcore-4.4.4.jar:/home/user/.m2/repository/commons-codec/commons-codec/1.11/commons-codec-1.11.jar:/home/user/.m2/repository/commons-net/commons-net/3.6/commons-net-3.6.jar:/home/user/.m2/repository/commons-collections/commons-collections/3.2.2/commons-collections-3.2.2.jar:/home/user/.m2/repository/org/eclipse/jetty/jetty-servlet/9.3.24.v20180605/jetty-servlet-9.3.24.v20180605.jar:/home/user/.m2/repository/org/eclipse/jetty/jetty-security/9.3.24.v20180605/jetty-security-9.3.24.v20180605.jar:/home/user/.m2/repository/javax/servlet/jsp/jsp-api/2.1/jsp-api-2.1.jar:/home/user/.m2/repository/com/sun/jersey/jersey-servlet/1.19/jersey-servlet-1.19.jar:/home/user/.m2/repository/com/sun/jersey/jersey-json/1.19/jersey-json-1.19.jar:/home/user/.m2/repository/org/codehaus/jettison/jettison/1.1/jettison-1.1.jar:/home/user/.m2/repository/org/codehaus/jackson/jackson-core-asl/1.9.13/jackson-core-asl-1.9.13.jar:/home/user/.m2/repository/org/codehaus/jackson/jackson-mapper-asl/1.9.13/jackson-mapper-asl-1.9.13.jar:/home/user/.m2/repository/org/codehaus/jackson/jackson-jaxrs/1.9.13/jackson-jaxrs-1.9.13.jar:/home/user/.m2/repository/org/codehaus/jackson/jackson-xc/1.9.13/jackson-xc-1.9.13.jar:/home/user/.m2/repository/commons-logging/commons-logging/1.1.3/commons-logging-1.1.3.jar:/home/user/.m2/repository/commons-beanutils/commons-beanutils/1.9.3/commons-beanutils-1.9.3.jar:/home/user/.m2/repository/org/apache/commons/commons-configuration2/2.1.1/commons-configuration2-2.1.1.jar:/home/user/.m2/repository/org/apache/commons/commons-lang3/3.7/commons-lang3-3.7.jar:/home/user/.m2/repository/org/apache/commons/commons-text/1.4/commons-text-1.4.jar:/home/user/.m2/repository/org/apache/avro/avro/1.7.7/avro-1.7.7.jar:/home/user/.m2/repository/com/thoughtworks/paranamer/paranamer/2.3/paranamer-2.3.jar:/home/user/.m2/repository/org/xerial/snappy/snappy-java/1.0.5/snappy-java-1.0.5.jar:/home/user/.m2/repository/com/google/re2j/re2j/1.1/re2j-1.1.jar:/home/user/.m2/repository/com/google/code/gson/gson/2.2.4/gson-2.2.4.jar:/home/user/.m2/repository/com/jcraft/jsch/0.1.54/jsch-0.1.54.jar:/home/user/.m2/repository/org/apache/curator/curator-client/2.12.0/curator-client-2.12.0.jar:/home/user/.m2/repository/org/apache/curator/curator-recipes/2.12.0/curator-recipes-2.12.0.jar:/home/user/.m2/repository/com/google/code/findbugs/jsr305/3.0.0/jsr305-3.0.0.jar:/home/user/.m2/repository/org/apache/htrace/htrace-core4/4.1.0-incubating/htrace-core4-4.1.0-incubating.jar:/home/user/.m2/repository/org/apache/zookeeper/zookeeper/3.4.13/zookeeper-3.4.13.jar:/home/user/.m2/repository/org/apache/yetus/audience-annotations/0.5.0/audience-annotations-0.5.0.jar:/home/user/.m2/repository/org/codehaus/woodstox/stax2-api/3.1.4/stax2-api-3.1.4.jar:/home/user/.m2/repository/com/fasterxml/woodstox/woodstox-core/5.0.3/woodstox-core-5.0.3.jar:/home/user/.m2/repository/dnsjava/dnsjava/2.1.7/dnsjava-2.1.7.jar:/home/user/.m2/repository/org/apache/hadoop/hadoop-hdfs/3.2.0/hadoop-hdfs-3.2.0-tests.jar:/home/user/.m2/repository/org/eclipse/jetty/jetty-util-ajax/9.3.24.v20180605/jetty-util-ajax-9.3.24.v20180605.jar:/home/user/.m2/repository/commons-daemon/commons-daemon/1.0.13/commons-daemon-1.0.13.jar:/home/user/.m2/repository/io/netty/netty/3.10.5.Final/netty-3.10.5.Final.jar:/home/user/.m2/repository/io/netty/netty-all/4.0.52.Final/netty-all-4.0.52.Final.jar:/home/user/.m2/repository/org/fusesource/leveldbjni/leveldbjni-all/1.8/leveldbjni-all-1.8.jar:"/>
    <property name="java.vm.vendor" value="IcedTea"/>
    <property name="sun.arch.data.model" value="64"/>
    <property name="test.build.dir" value="/tmp/workdir/hadoop-ozone/integration-test/target/test-dir"/>
    <property name="test.cache.data" value=""/>
    <property name="java.vendor.url" value="https://icedtea.classpath.org"/>
    <property name="user.timezone" value=""/>
    <property name="java.vm.specification.version" value="1.8"/>
    <property name="os.name" value="Linux"/>
    <property name="test.build.data" value="/tmp/workdir/hadoop-ozone/integration-test/target/test-dir"/>
    <property name="user.country" value="US"/>
    <property name="sun.java.launcher" value="SUN_STANDARD"/>
    <property name="sun.boot.library.path" value="/usr/lib/jvm/java-1.8-openjdk/jre/lib/amd64"/>
    <property name="sun.java.command" value="/tmp/workdir/hadoop-ozone/integration-test/target/surefire/surefirebooter8753333256419116684.jar /tmp/workdir/hadoop-ozone/integration-test/target/surefire 2019-07-13T10-10-41_054-jvmRun1 surefire2092642277482332313tmp surefire_498291657095727458610tmp"/>
    <property name="surefire.test.class.path" value="/tmp/workdir/hadoop-ozone/integration-test/target/test-classes:/tmp/workdir/hadoop-ozone/integration-test/target/classes:/home/user/.m2/repository/org/apache/hadoop/hadoop-ozone-common/0.5.0-SNAPSHOT/hadoop-ozone-common-0.5.0-SNAPSHOT.jar:/home/user/.m2/repository/org/apache/commons/commons-compress/1.4.1/commons-compress-1.4.1.jar:/home/user/.m2/repository/org/tukaani/xz/1.0/xz-1.0.jar:/home/user/.m2/repository/org/apache/hadoop/hadoop-common/3.2.0/hadoop-common-3.2.0.jar:/home/user/.m2/repository/org/apache/hadoop/hadoop-hdfs/3.2.0/hadoop-hdfs-3.2.0.jar:/home/user/.m2/repository/org/apache/hadoop/hadoop-hdfs-client/3.2.0/hadoop-hdfs-client-3.2.0.jar:/home/user/.m2/repository/com/fasterxml/jackson/core/jackson-annotations/2.9.5/jackson-annotations-2.9.5.jar:/home/user/.m2/repository/org/apache/hadoop/hadoop-hdds-common/0.5.0-SNAPSHOT/hadoop-hdds-common-0.5.0-SNAPSHOT.jar:/home/user/.m2/repository/javax/annotation/javax.annotation-api/1.2/javax.annotation-api-1.2.jar:/home/user/.m2/repository/org/apache/ratis/ratis-server/0.4.0-2337318-SNAPSHOT/ratis-server-0.4.0-2337318-SNAPSHOT.jar:/home/user/.m2/repository/org/apache/ratis/ratis-thirdparty-misc/0.2.0/ratis-thirdparty-misc-0.2.0.jar:/home/user/.m2/repository/org/apache/ratis/ratis-proto/0.4.0-2337318-SNAPSHOT/ratis-proto-0.4.0-2337318-SNAPSHOT.jar:/home/user/.m2/repository/org/apache/ratis/ratis-common/0.4.0-2337318-SNAPSHOT/ratis-common-0.4.0-2337318-SNAPSHOT.jar:/home/user/.m2/repository/org/apache/ratis/ratis-client/0.4.0-2337318-SNAPSHOT/ratis-client-0.4.0-2337318-SNAPSHOT.jar:/home/user/.m2/repository/org/apache/ratis/ratis-metrics/0.4.0-2337318-SNAPSHOT/ratis-metrics-0.4.0-2337318-SNAPSHOT.jar:/home/user/.m2/repository/org/apache/ratis/ratis-netty/0.4.0-2337318-SNAPSHOT/ratis-netty-0.4.0-2337318-SNAPSHOT.jar:/home/user/.m2/repository/org/apache/ratis/ratis-grpc/0.4.0-2337318-SNAPSHOT/ratis-grpc-0.4.0-2337318-SNAPSHOT.jar:/home/user/.m2/repository/org/rocksdb/rocksdbjni/6.0.1/rocksdbjni-6.0.1.jar:/home/user/.m2/repository/org/apache/logging/log4j/log4j-api/2.11.0/log4j-api-2.11.0.jar:/home/user/.m2/repository/org/apache/logging/log4j/log4j-core/2.11.0/log4j-core-2.11.0.jar:/home/user/.m2/repository/com/lmax/disruptor/3.4.2/disruptor-3.4.2.jar:/home/user/.m2/repository/org/apache/commons/commons-pool2/2.6.0/commons-pool2-2.6.0.jar:/home/user/.m2/repository/org/bouncycastle/bcpkix-jdk15on/1.60/bcpkix-jdk15on-1.60.jar:/home/user/.m2/repository/commons-validator/commons-validator/1.6/commons-validator-1.6.jar:/home/user/.m2/repository/commons-digester/commons-digester/1.8.1/commons-digester-1.8.1.jar:/home/user/.m2/repository/io/jaegertracing/jaeger-client/0.33.1/jaeger-client-0.33.1.jar:/home/user/.m2/repository/io/jaegertracing/jaeger-thrift/0.33.1/jaeger-thrift-0.33.1.jar:/home/user/.m2/repository/org/apache/thrift/libthrift/0.11.0/libthrift-0.11.0.jar:/home/user/.m2/repository/com/squareup/okhttp3/okhttp/3.9.0/okhttp-3.9.0.jar:/home/user/.m2/repository/com/squareup/okio/okio/1.13.0/okio-1.13.0.jar:/home/user/.m2/repository/io/jaegertracing/jaeger-core/0.33.1/jaeger-core-0.33.1.jar:/home/user/.m2/repository/io/jaegertracing/jaeger-tracerresolver/0.33.1/jaeger-tracerresolver-0.33.1.jar:/home/user/.m2/repository/io/opentracing/contrib/opentracing-tracerresolver/0.1.5/opentracing-tracerresolver-0.1.5.jar:/home/user/.m2/repository/io/opentracing/opentracing-util/0.31.0/opentracing-util-0.31.0.jar:/home/user/.m2/repository/io/opentracing/opentracing-api/0.31.0/opentracing-api-0.31.0.jar:/home/user/.m2/repository/io/opentracing/opentracing-noop/0.31.0/opentracing-noop-0.31.0.jar:/home/user/.m2/repository/org/apache/hadoop/hadoop-hdds-server-framework/0.5.0-SNAPSHOT/hadoop-hdds-server-framework-0.5.0-SNAPSHOT.jar:/home/user/.m2/repository/org/apache/hadoop/hadoop-hdds-container-service/0.5.0-SNAPSHOT/hadoop-hdds-container-service-0.5.0-SNAPSHOT.jar:/home/user/.m2/repository/org/apache/hadoop/hadoop-hdds-client/0.5.0-SNAPSHOT/hadoop-hdds-client-0.5.0-SNAPSHOT.jar:/home/user/.m2/repository/org/apache/hadoop/hadoop-hdds-tools/0.5.0-SNAPSHOT/hadoop-hdds-tools-0.5.0-SNAPSHOT.jar:/home/user/.m2/repository/org/apache/hadoop/hadoop-hdds-server-scm/0.5.0-SNAPSHOT/hadoop-hdds-server-scm-0.5.0-SNAPSHOT.jar:/home/user/.m2/repository/org/apache/hadoop/hadoop-hdds-docs/0.5.0-SNAPSHOT/hadoop-hdds-docs-0.5.0-SNAPSHOT.jar:/home/user/.m2/repository/io/dropwizard/metrics/metrics-core/3.2.4/metrics-core-3.2.4.jar:/home/user/.m2/repository/org/hamcrest/hamcrest-all/1.3/hamcrest-all-1.3.jar:/home/user/.m2/repository/org/bouncycastle/bcprov-jdk15on/1.60/bcprov-jdk15on-1.60.jar:/home/user/.m2/repository/info/picocli/picocli/3.9.6/picocli-3.9.6.jar:/home/user/.m2/repository/com/google/protobuf/protobuf-java/2.5.0/protobuf-java-2.5.0.jar:/home/user/.m2/repository/com/google/guava/guava/11.0.2/guava-11.0.2.jar:/home/user/.m2/repository/org/apache/hadoop/hadoop-ozone-ozone-manager/0.5.0-SNAPSHOT/hadoop-ozone-ozone-manager-0.5.0-SNAPSHOT.jar:/home/user/.m2/repository/org/apache/hadoop/hadoop-minikdc/3.2.0/hadoop-minikdc-3.2.0.jar:/home/user/.m2/repository/commons-io/commons-io/2.5/commons-io-2.5.jar:/home/user/.m2/repository/org/apache/kerby/kerb-simplekdc/1.0.1/kerb-simplekdc-1.0.1.jar:/home/user/.m2/repository/org/apache/kerby/kerb-client/1.0.1/kerb-client-1.0.1.jar:/home/user/.m2/repository/org/apache/kerby/kerby-config/1.0.1/kerby-config-1.0.1.jar:/home/user/.m2/repository/org/apache/kerby/kerb-core/1.0.1/kerb-core-1.0.1.jar:/home/user/.m2/repository/org/apache/kerby/kerby-pkix/1.0.1/kerby-pkix-1.0.1.jar:/home/user/.m2/repository/org/apache/kerby/kerby-asn1/1.0.1/kerby-asn1-1.0.1.jar:/home/user/.m2/repository/org/apache/kerby/kerby-util/1.0.1/kerby-util-1.0.1.jar:/home/user/.m2/repository/org/apache/kerby/kerb-common/1.0.1/kerb-common-1.0.1.jar:/home/user/.m2/repository/org/apache/kerby/kerb-crypto/1.0.1/kerb-crypto-1.0.1.jar:/home/user/.m2/repository/org/apache/kerby/kerb-util/1.0.1/kerb-util-1.0.1.jar:/home/user/.m2/repository/org/apache/kerby/token-provider/1.0.1/token-provider-1.0.1.jar:/home/user/.m2/repository/org/apache/kerby/kerb-admin/1.0.1/kerb-admin-1.0.1.jar:/home/user/.m2/repository/org/apache/kerby/kerb-server/1.0.1/kerb-server-1.0.1.jar:/home/user/.m2/repository/org/apache/kerby/kerb-identity/1.0.1/kerb-identity-1.0.1.jar:/home/user/.m2/repository/org/apache/kerby/kerby-xdr/1.0.1/kerby-xdr-1.0.1.jar:/home/user/.m2/repository/org/slf4j/slf4j-log4j12/1.7.25/slf4j-log4j12-1.7.25.jar:/home/user/.m2/repository/org/apache/hadoop/hadoop-ozone-objectstore-service/0.5.0-SNAPSHOT/hadoop-ozone-objectstore-service-0.5.0-SNAPSHOT.jar:/home/user/.m2/repository/org/apache/hadoop/hadoop-ozone-s3gateway/0.5.0-SNAPSHOT/hadoop-ozone-s3gateway-0.5.0-SNAPSHOT.jar:/home/user/.m2/repository/org/jboss/weld/servlet/weld-servlet/2.4.7.Final/weld-servlet-2.4.7.Final.jar:/home/user/.m2/repository/org/glassfish/jersey/containers/jersey-container-servlet-core/2.27/jersey-container-servlet-core-2.27.jar:/home/user/.m2/repository/org/glassfish/hk2/external/javax.inject/2.5.0-b42/javax.inject-2.5.0-b42.jar:/home/user/.m2/repository/org/glassfish/jersey/core/jersey-common/2.27/jersey-common-2.27.jar:/home/user/.m2/repository/org/glassfish/hk2/osgi-resource-locator/1.0.1/osgi-resource-locator-1.0.1.jar:/home/user/.m2/repository/javax/ws/rs/javax.ws.rs-api/2.1/javax.ws.rs-api-2.1.jar:/home/user/.m2/repository/org/glassfish/jersey/ext/cdi/jersey-cdi1x/2.27/jersey-cdi1x-2.27.jar:/home/user/.m2/repository/org/glassfish/jersey/inject/jersey-hk2/2.27/jersey-hk2-2.27.jar:/home/user/.m2/repository/org/glassfish/hk2/hk2-locator/2.5.0-b42/hk2-locator-2.5.0-b42.jar:/home/user/.m2/repository/org/javassist/javassist/3.22.0-CR2/javassist-3.22.0-CR2.jar:/home/user/.m2/repository/org/glassfish/hk2/hk2-api/2.5.0/hk2-api-2.5.0.jar:/home/user/.m2/repository/org/glassfish/hk2/external/jakarta.inject/2.5.0/jakarta.inject-2.5.0.jar:/home/user/.m2/repository/org/glassfish/hk2/hk2-utils/2.5.0/hk2-utils-2.5.0.jar:/home/user/.m2/repository/jakarta/annotation/jakarta.annotation-api/1.3.4/jakarta.annotation-api-1.3.4.jar:/home/user/.m2/repository/org/glassfish/hk2/external/aopalliance-repackaged/2.5.0/aopalliance-repackaged-2.5.0.jar:/home/user/.m2/repository/com/fasterxml/jackson/dataformat/jackson-dataformat-xml/2.9.0/jackson-dataformat-xml-2.9.0.jar:/home/user/.m2/repository/com/fasterxml/jackson/core/jackson-core/2.9.5/jackson-core-2.9.5.jar:/home/user/.m2/repository/com/fasterxml/jackson/module/jackson-module-jaxb-annotations/2.9.5/jackson-module-jaxb-annotations-2.9.5.jar:/home/user/.m2/repository/javax/enterprise/cdi-api/1.2/cdi-api-1.2.jar:/home/user/.m2/repository/javax/el/javax.el-api/3.0.0/javax.el-api-3.0.0.jar:/home/user/.m2/repository/javax/interceptor/javax.interceptor-api/1.2/javax.interceptor-api-1.2.jar:/home/user/.m2/repository/javax/inject/javax.inject/1/javax.inject-1.jar:/home/user/.m2/repository/com/sun/xml/bind/jaxb-impl/2.3.0.1/jaxb-impl-2.3.0.1.jar:/home/user/.m2/repository/com/sun/xml/bind/jaxb-core/2.3.0.1/jaxb-core-2.3.0.1.jar:/home/user/.m2/repository/javax/xml/bind/jaxb-api/2.3.0/jaxb-api-2.3.0.jar:/home/user/.m2/repository/javax/activation/activation/1.1.1/activation-1.1.1.jar:/home/user/.m2/repository/org/apache/hadoop/hadoop-ozone-csi/0.5.0-SNAPSHOT/hadoop-ozone-csi-0.5.0-SNAPSHOT.jar:/home/user/.m2/repository/com/google/protobuf/protobuf-java-util/3.5.1/protobuf-java-util-3.5.1.jar:/home/user/.m2/repository/org/apache/hadoop/hadoop-hdds-config/0.5.0-SNAPSHOT/hadoop-hdds-config-0.5.0-SNAPSHOT.jar:/home/user/.m2/repository/io/grpc/grpc-netty/1.17.1/grpc-netty-1.17.1.jar:/home/user/.m2/repository/io/grpc/grpc-core/1.17.1/grpc-core-1.17.1.jar:/home/user/.m2/repository/io/grpc/grpc-context/1.17.1/grpc-context-1.17.1.jar:/home/user/.m2/repository/com/google/errorprone/error_prone_annotations/2.2.0/error_prone_annotations-2.2.0.jar:/home/user/.m2/repository/org/codehaus/mojo/animal-sniffer-annotations/1.17/animal-sniffer-annotations-1.17.jar:/home/user/.m2/repository/io/opencensus/opencensus-api/0.17.0/opencensus-api-0.17.0.jar:/home/user/.m2/repository/io/opencensus/opencensus-contrib-grpc-metrics/0.17.0/opencensus-contrib-grpc-metrics-0.17.0.jar:/home/user/.m2/repository/io/netty/netty-codec-http2/4.1.30.Final/netty-codec-http2-4.1.30.Final.jar:/home/user/.m2/repository/io/netty/netty-codec-http/4.1.30.Final/netty-codec-http-4.1.30.Final.jar:/home/user/.m2/repository/io/netty/netty-codec/4.1.30.Final/netty-codec-4.1.30.Final.jar:/home/user/.m2/repository/io/netty/netty-handler/4.1.30.Final/netty-handler-4.1.30.Final.jar:/home/user/.m2/repository/io/netty/netty-handler-proxy/4.1.30.Final/netty-handler-proxy-4.1.30.Final.jar:/home/user/.m2/repository/io/netty/netty-codec-socks/4.1.30.Final/netty-codec-socks-4.1.30.Final.jar:/home/user/.m2/repository/io/netty/netty-transport-native-epoll/4.1.30.Final/netty-transport-native-epoll-4.1.30.Final.jar:/home/user/.m2/repository/io/netty/netty-common/4.1.30.Final/netty-common-4.1.30.Final.jar:/home/user/.m2/repository/io/netty/netty-buffer/4.1.30.Final/netty-buffer-4.1.30.Final.jar:/home/user/.m2/repository/io/netty/netty-transport/4.1.30.Final/netty-transport-4.1.30.Final.jar:/home/user/.m2/repository/io/netty/netty-resolver/4.1.30.Final/netty-resolver-4.1.30.Final.jar:/home/user/.m2/repository/io/netty/netty-transport-native-unix-common/4.1.30.Final/netty-transport-native-unix-common-4.1.30.Final.jar:/home/user/.m2/repository/io/grpc/grpc-protobuf/1.17.1/grpc-protobuf-1.17.1.jar:/home/user/.m2/repository/com/google/api/grpc/proto-google-common-protos/1.0.0/proto-google-common-protos-1.0.0.jar:/home/user/.m2/repository/io/grpc/grpc-protobuf-lite/1.17.1/grpc-protobuf-lite-1.17.1.jar:/home/user/.m2/repository/io/grpc/grpc-stub/1.17.1/grpc-stub-1.17.1.jar:/home/user/.m2/repository/org/apache/hadoop/hadoop-ozone-recon/0.5.0-SNAPSHOT/hadoop-ozone-recon-0.5.0-SNAPSHOT.jar:/home/user/.m2/repository/org/apache/hadoop/hadoop-ozone-reconcodegen/0.5.0-SNAPSHOT/hadoop-ozone-reconcodegen-0.5.0-SNAPSHOT.jar:/home/user/.m2/repository/com/google/inject/extensions/guice-multibindings/4.0/guice-multibindings-4.0.jar:/home/user/.m2/repository/com/google/inject/guice/4.0/guice-4.0.jar:/home/user/.m2/repository/aopalliance/aopalliance/1.0/aopalliance-1.0.jar:/home/user/.m2/repository/com/google/inject/extensions/guice-servlet/4.0/guice-servlet-4.0.jar:/home/user/.m2/repository/org/glassfish/jersey/containers/jersey-container-servlet/2.27/jersey-container-servlet-2.27.jar:/home/user/.m2/repository/org/glassfish/hk2/guice-bridge/2.5.0/guice-bridge-2.5.0.jar:/home/user/.m2/repository/org/glassfish/jersey/core/jersey-server/2.27/jersey-server-2.27.jar:/home/user/.m2/repository/org/glassfish/jersey/core/jersey-client/2.27/jersey-client-2.27.jar:/home/user/.m2/repository/org/glassfish/jersey/media/jersey-media-jaxb/2.27/jersey-media-jaxb-2.27.jar:/home/user/.m2/repository/javax/validation/validation-api/1.1.0.Final/validation-api-1.1.0.Final.jar:/home/user/.m2/repository/org/glassfish/jersey/media/jersey-media-json-jackson/2.27/jersey-media-json-jackson-2.27.jar:/home/user/.m2/repository/org/glassfish/jersey/ext/jersey-entity-filtering/2.27/jersey-entity-filtering-2.27.jar:/home/user/.m2/repository/com/google/inject/extensions/guice-assistedinject/4.0/guice-assistedinject-4.0.jar:/home/user/.m2/repository/org/jooq/jooq/3.11.10/jooq-3.11.10.jar:/home/user/.m2/repository/org/jooq/jooq-meta/3.11.10/jooq-meta-3.11.10.jar:/home/user/.m2/repository/org/jooq/jooq-codegen/3.11.10/jooq-codegen-3.11.10.jar:/home/user/.m2/repository/com/jolbox/bonecp/0.8.0.RELEASE/bonecp-0.8.0.RELEASE.jar:/home/user/.m2/repository/org/xerial/sqlite-jdbc/3.25.2/sqlite-jdbc-3.25.2.jar:/home/user/.m2/repository/org/springframework/spring-jdbc/5.1.3.RELEASE/spring-jdbc-5.1.3.RELEASE.jar:/home/user/.m2/repository/org/springframework/spring-beans/5.1.3.RELEASE/spring-beans-5.1.3.RELEASE.jar:/home/user/.m2/repository/org/springframework/spring-core/5.1.3.RELEASE/spring-core-5.1.3.RELEASE.jar:/home/user/.m2/repository/org/springframework/spring-jcl/5.1.3.RELEASE/spring-jcl-5.1.3.RELEASE.jar:/home/user/.m2/repository/org/springframework/spring-tx/5.1.3.RELEASE/spring-tx-5.1.3.RELEASE.jar:/home/user/.m2/repository/org/apache/hadoop/hadoop-ozone-client/0.5.0-SNAPSHOT/hadoop-ozone-client-0.5.0-SNAPSHOT.jar:/home/user/.m2/repository/commons-lang/commons-lang/2.6/commons-lang-2.6.jar:/home/user/.m2/repository/org/apache/hadoop/hadoop-ozone-ozone-manager/0.5.0-SNAPSHOT/hadoop-ozone-ozone-manager-0.5.0-SNAPSHOT-tests.jar:/home/user/.m2/repository/junit/junit/4.11/junit-4.11.jar:/home/user/.m2/repository/org/hamcrest/hamcrest-core/1.3/hamcrest-core-1.3.jar:/home/user/.m2/repository/org/openjdk/jmh/jmh-core/1.19/jmh-core-1.19.jar:/home/user/.m2/repository/net/sf/jopt-simple/jopt-simple/4.6/jopt-simple-4.6.jar:/home/user/.m2/repository/org/apache/commons/commons-math3/3.1.1/commons-math3-3.1.1.jar:/home/user/.m2/repository/org/openjdk/jmh/jmh-generator-annprocess/1.19/jmh-generator-annprocess-1.19.jar:/home/user/.m2/repository/org/mockito/mockito-all/1.8.5/mockito-all-1.8.5.jar:/home/user/.m2/repository/org/apache/hadoop/hadoop-kms/3.2.0/hadoop-kms-3.2.0.jar:/home/user/.m2/repository/org/apache/hadoop/hadoop-auth/3.2.0/hadoop-auth-3.2.0.jar:/home/user/.m2/repository/com/nimbusds/nimbus-jose-jwt/4.41.1/nimbus-jose-jwt-4.41.1.jar:/home/user/.m2/repository/com/github/stephenc/jcip/jcip-annotations/1.0-1/jcip-annotations-1.0-1.jar:/home/user/.m2/repository/net/minidev/json-smart/2.3/json-smart-2.3.jar:/home/user/.m2/repository/net/minidev/accessors-smart/1.2/accessors-smart-1.2.jar:/home/user/.m2/repository/org/ow2/asm/asm/5.0.4/asm-5.0.4.jar:/home/user/.m2/repository/org/apache/curator/curator-framework/2.12.0/curator-framework-2.12.0.jar:/home/user/.m2/repository/com/sun/jersey/jersey-core/1.19/jersey-core-1.19.jar:/home/user/.m2/repository/javax/ws/rs/jsr311-api/1.1.1/jsr311-api-1.1.1.jar:/home/user/.m2/repository/com/sun/jersey/jersey-server/1.19/jersey-server-1.19.jar:/home/user/.m2/repository/javax/servlet/javax.servlet-api/3.1.0/javax.servlet-api-3.1.0.jar:/home/user/.m2/repository/org/eclipse/jetty/jetty-server/9.3.24.v20180605/jetty-server-9.3.24.v20180605.jar:/home/user/.m2/repository/org/eclipse/jetty/jetty-http/9.3.24.v20180605/jetty-http-9.3.24.v20180605.jar:/home/user/.m2/repository/org/eclipse/jetty/jetty-io/9.3.24.v20180605/jetty-io-9.3.24.v20180605.jar:/home/user/.m2/repository/org/eclipse/jetty/jetty-webapp/9.3.24.v20180605/jetty-webapp-9.3.24.v20180605.jar:/home/user/.m2/repository/org/eclipse/jetty/jetty-xml/9.3.24.v20180605/jetty-xml-9.3.24.v20180605.jar:/home/user/.m2/repository/log4j/log4j/1.2.17/log4j-1.2.17.jar:/home/user/.m2/repository/org/slf4j/slf4j-api/1.7.25/slf4j-api-1.7.25.jar:/home/user/.m2/repository/org/slf4j/jul-to-slf4j/1.7.25/jul-to-slf4j-1.7.25.jar:/home/user/.m2/repository/org/eclipse/jetty/jetty-util/9.3.24.v20180605/jetty-util-9.3.24.v20180605.jar:/home/user/.m2/repository/com/fasterxml/jackson/core/jackson-databind/2.9.5/jackson-databind-2.9.5.jar:/home/user/.m2/repository/org/apache/hadoop/hadoop-kms/3.2.0/hadoop-kms-3.2.0-tests.jar:/home/user/.m2/repository/org/apache/hadoop/hadoop-hdds-server-scm/0.5.0-SNAPSHOT/hadoop-hdds-server-scm-0.5.0-SNAPSHOT-tests.jar:/home/user/.m2/repository/org/apache/hadoop/hadoop-hdds-container-service/0.5.0-SNAPSHOT/hadoop-hdds-container-service-0.5.0-SNAPSHOT-tests.jar:/home/user/.m2/repository/org/yaml/snakeyaml/1.16/snakeyaml-1.16.jar:/home/user/.m2/repository/org/apache/hadoop/hadoop-common/3.2.0/hadoop-common-3.2.0-tests.jar:/home/user/.m2/repository/org/apache/hadoop/hadoop-annotations/3.2.0/hadoop-annotations-3.2.0.jar:/usr/lib/jvm/java-1.8-openjdk/jre/../lib/tools.jar:/home/user/.m2/repository/commons-cli/commons-cli/1.2/commons-cli-1.2.jar:/home/user/.m2/repository/org/apache/httpcomponents/httpclient/4.5.2/httpclient-4.5.2.jar:/home/user/.m2/repository/org/apache/httpcomponents/httpcore/4.4.4/httpcore-4.4.4.jar:/home/user/.m2/repository/commons-codec/commons-codec/1.11/commons-codec-1.11.jar:/home/user/.m2/repository/commons-net/commons-net/3.6/commons-net-3.6.jar:/home/user/.m2/repository/commons-collections/commons-collections/3.2.2/commons-collections-3.2.2.jar:/home/user/.m2/repository/org/eclipse/jetty/jetty-servlet/9.3.24.v20180605/jetty-servlet-9.3.24.v20180605.jar:/home/user/.m2/repository/org/eclipse/jetty/jetty-security/9.3.24.v20180605/jetty-security-9.3.24.v20180605.jar:/home/user/.m2/repository/javax/servlet/jsp/jsp-api/2.1/jsp-api-2.1.jar:/home/user/.m2/repository/com/sun/jersey/jersey-servlet/1.19/jersey-servlet-1.19.jar:/home/user/.m2/repository/com/sun/jersey/jersey-json/1.19/jersey-json-1.19.jar:/home/user/.m2/repository/org/codehaus/jettison/jettison/1.1/jettison-1.1.jar:/home/user/.m2/repository/org/codehaus/jackson/jackson-core-asl/1.9.13/jackson-core-asl-1.9.13.jar:/home/user/.m2/repository/org/codehaus/jackson/jackson-mapper-asl/1.9.13/jackson-mapper-asl-1.9.13.jar:/home/user/.m2/repository/org/codehaus/jackson/jackson-jaxrs/1.9.13/jackson-jaxrs-1.9.13.jar:/home/user/.m2/repository/org/codehaus/jackson/jackson-xc/1.9.13/jackson-xc-1.9.13.jar:/home/user/.m2/repository/commons-logging/commons-logging/1.1.3/commons-logging-1.1.3.jar:/home/user/.m2/repository/commons-beanutils/commons-beanutils/1.9.3/commons-beanutils-1.9.3.jar:/home/user/.m2/repository/org/apache/commons/commons-configuration2/2.1.1/commons-configuration2-2.1.1.jar:/home/user/.m2/repository/org/apache/commons/commons-lang3/3.7/commons-lang3-3.7.jar:/home/user/.m2/repository/org/apache/commons/commons-text/1.4/commons-text-1.4.jar:/home/user/.m2/repository/org/apache/avro/avro/1.7.7/avro-1.7.7.jar:/home/user/.m2/repository/com/thoughtworks/paranamer/paranamer/2.3/paranamer-2.3.jar:/home/user/.m2/repository/org/xerial/snappy/snappy-java/1.0.5/snappy-java-1.0.5.jar:/home/user/.m2/repository/com/google/re2j/re2j/1.1/re2j-1.1.jar:/home/user/.m2/repository/com/google/code/gson/gson/2.2.4/gson-2.2.4.jar:/home/user/.m2/repository/com/jcraft/jsch/0.1.54/jsch-0.1.54.jar:/home/user/.m2/repository/org/apache/curator/curator-client/2.12.0/curator-client-2.12.0.jar:/home/user/.m2/repository/org/apache/curator/curator-recipes/2.12.0/curator-recipes-2.12.0.jar:/home/user/.m2/repository/com/google/code/findbugs/jsr305/3.0.0/jsr305-3.0.0.jar:/home/user/.m2/repository/org/apache/htrace/htrace-core4/4.1.0-incubating/htrace-core4-4.1.0-incubating.jar:/home/user/.m2/repository/org/apache/zookeeper/zookeeper/3.4.13/zookeeper-3.4.13.jar:/home/user/.m2/repository/org/apache/yetus/audience-annotations/0.5.0/audience-annotations-0.5.0.jar:/home/user/.m2/repository/org/codehaus/woodstox/stax2-api/3.1.4/stax2-api-3.1.4.jar:/home/user/.m2/repository/com/fasterxml/woodstox/woodstox-core/5.0.3/woodstox-core-5.0.3.jar:/home/user/.m2/repository/dnsjava/dnsjava/2.1.7/dnsjava-2.1.7.jar:/home/user/.m2/repository/org/apache/hadoop/hadoop-hdfs/3.2.0/hadoop-hdfs-3.2.0-tests.jar:/home/user/.m2/repository/org/eclipse/jetty/jetty-util-ajax/9.3.24.v20180605/jetty-util-ajax-9.3.24.v20180605.jar:/home/user/.m2/repository/commons-daemon/commons-daemon/1.0.13/commons-daemon-1.0.13.jar:/home/user/.m2/repository/io/netty/netty/3.10.5.Final/netty-3.10.5.Final.jar:/home/user/.m2/repository/io/netty/netty-all/4.0.52.Final/netty-all-4.0.52.Final.jar:/home/user/.m2/repository/org/fusesource/leveldbjni/leveldbjni-all/1.8/leveldbjni-all-1.8.jar:"/>
    <property name="sun.cpu.endian" value="little"/>
    <property name="user.home" value="/home/user"/>
    <property name="user.language" value="en"/>
    <property name="java.specification.vendor" value="Oracle Corporation"/>
    <property name="java.home" value="/usr/lib/jvm/java-1.8-openjdk/jre"/>
    <property name="java.security.krb5.conf" value="/tmp/workdir/hadoop-ozone/integration-test/target/test-classes/krb5.conf"/>
    <property name="basedir" value="/tmp/workdir/hadoop-ozone/integration-test"/>
    <property name="file.separator" value="/"/>
    <property name="line.separator" value="&#10;"/>
    <property name="java.vm.specification.vendor" value="Oracle Corporation"/>
    <property name="java.specification.name" value="Java Platform API Specification"/>
    <property name="java.awt.graphicsenv" value="sun.awt.X11GraphicsEnvironment"/>
    <property name="surefire.real.class.path" value="/tmp/workdir/hadoop-ozone/integration-test/target/surefire/surefirebooter8753333256419116684.jar"/>
    <property name="hadoop.log.dir" value="/tmp/workdir/hadoop-ozone/integration-test/target/log"/>
    <property name="sun.boot.class.path" value="/usr/lib/jvm/java-1.8-openjdk/jre/lib/resources.jar:/usr/lib/jvm/java-1.8-openjdk/jre/lib/rt.jar:/usr/lib/jvm/java-1.8-openjdk/jre/lib/sunrsasign.jar:/usr/lib/jvm/java-1.8-openjdk/jre/lib/jsse.jar:/usr/lib/jvm/java-1.8-openjdk/jre/lib/jce.jar:/usr/lib/jvm/java-1.8-openjdk/jre/lib/charsets.jar:/usr/lib/jvm/java-1.8-openjdk/jre/lib/jfr.jar:/usr/lib/jvm/java-1.8-openjdk/jre/classes"/>
    <property name="sun.management.compiler" value="HotSpot 64-Bit Tiered Compilers"/>
    <property name="java.runtime.version" value="1.8.0_212-b04"/>
    <property name="java.net.preferIPv4Stack" value="true"/>
    <property name="user.name" value="jenkins1000"/>
    <property name="path.separator" value=":"/>
    <property name="java.security.egd" value="file:///dev/urandom"/>
    <property name="os.version" value="3.10.0-957.12.2.el7.x86_64"/>
    <property name="java.endorsed.dirs" value="/usr/lib/jvm/java-1.8-openjdk/jre/lib/endorsed"/>
    <property name="java.runtime.name" value="OpenJDK Runtime Environment"/>
    <property name="file.encoding" value="UTF-8"/>
    <property name="java.vm.name" value="OpenJDK 64-Bit Server VM"/>
    <property name="test.build.webapps" value=""/>
    <property name="localRepository" value="/home/user/.m2/repository"/>
    <property name="java.vendor.url.bug" value="https://icedtea.classpath.org/bugzilla"/>
    <property name="java.io.tmpdir" value="/tmp"/>
    <property name="require.test.libhadoop" value=""/>
    <property name="java.version" value="1.8.0_212"/>
    <property name="user.dir" value="/tmp/workdir/hadoop-ozone/integration-test"/>
    <property name="os.arch" value="amd64"/>
    <property name="java.vm.specification.name" value="Java Virtual Machine Specification"/>
    <property name="test.build.classes" value="/tmp/workdir/hadoop-ozone/integration-test/target/test-classes"/>
    <property name="java.awt.printerjob" value="sun.print.PSPrinterJob"/>
    <property name="sun.os.patch.level" value="unknown"/>
    <property name="hadoop.tmp.dir" value="/tmp/workdir/hadoop-ozone/integration-test/target/tmp"/>
    <property name="java.library.path" value="/usr/lib/jvm/java-1.8-openjdk/jre/lib/amd64/server:/usr/lib/jvm/java-1.8-openjdk/jre/lib/amd64:/usr/lib/jvm/java-1.8-openjdk/jre/../lib/amd64:/tmp/workdir/hadoop-ozone/integration-test/target/native/target/usr/local/lib:/tmp/workdir/hadoop-ozone/integration-test/../../hadoop-common-project/hadoop-common/target/native/target/usr/local/lib:/usr/java/packages/lib/amd64:/usr/lib64:/lib64:/lib:/usr/lib"/>
    <property name="java.vm.info" value="mixed mode"/>
    <property name="java.vendor" value="IcedTea"/>
    <property name="java.vm.version" value="25.212-b04"/>
    <property name="java.ext.dirs" value="/usr/lib/jvm/java-1.8-openjdk/jre/lib/ext:/usr/java/packages/lib/ext"/>
    <property name="sun.io.unicode.encoding" value="UnicodeLittle"/>
    <property name="java.class.version" value="52.0"/>
  </properties>
  <testcase name="testBlockWriteViaRatis" classname="org.apache.hadoop.ozone.client.rpc.TestCloseContainerHandlingByClient" time="7.524">
    <error type="java.lang.IllegalArgumentException">java.lang.IllegalArgumentException
	at com.google.common.base.Preconditions.checkArgument(Preconditions.java:72)
	at org.apache.hadoop.hdds.scm.XceiverClientManager.acquireClient(XceiverClientManager.java:150)
	at org.apache.hadoop.hdds.scm.XceiverClientManager.acquireClientForReadData(XceiverClientManager.java:143)
	at org.apache.hadoop.hdds.scm.storage.BlockInputStream.getChunkInfos(BlockInputStream.java:154)
	at org.apache.hadoop.hdds.scm.storage.BlockInputStream.initialize(BlockInputStream.java:118)
	at org.apache.hadoop.hdds.scm.storage.BlockInputStream.read(BlockInputStream.java:222)
	at org.apache.hadoop.ozone.client.io.KeyInputStream.read(KeyInputStream.java:171)
	at org.apache.hadoop.ozone.client.io.OzoneInputStream.read(OzoneInputStream.java:47)
	at java.io.InputStream.read(InputStream.java:101)
	at org.apache.hadoop.ozone.container.ContainerTestHelper.validateData(ContainerTestHelper.java:709)
	at org.apache.hadoop.ozone.client.rpc.TestCloseContainerHandlingByClient.validateData(TestCloseContainerHandlingByClient.java:401)
	at org.apache.hadoop.ozone.client.rpc.TestCloseContainerHandlingByClient.testBlockWriteViaRatis(TestCloseContainerHandlingByClient.java:433)
	at sun.reflect.NativeMethodAccessorImpl.invoke0(Native Method)
	at sun.reflect.NativeMethodAccessorImpl.invoke(NativeMethodAccessorImpl.java:62)
	at sun.reflect.DelegatingMethodAccessorImpl.invoke(DelegatingMethodAccessorImpl.java:43)
	at java.lang.reflect.Method.invoke(Method.java:498)
	at org.junit.runners.model.FrameworkMethod$1.runReflectiveCall(FrameworkMethod.java:47)
	at org.junit.internal.runners.model.ReflectiveCallable.run(ReflectiveCallable.java:12)
	at org.junit.runners.model.FrameworkMethod.invokeExplosively(FrameworkMethod.java:44)
	at org.junit.internal.runners.statements.InvokeMethod.evaluate(InvokeMethod.java:17)
	at org.junit.runners.ParentRunner.runLeaf(ParentRunner.java:271)
	at org.junit.runners.BlockJUnit4ClassRunner.runChild(BlockJUnit4ClassRunner.java:70)
	at org.junit.runners.BlockJUnit4ClassRunner.runChild(BlockJUnit4ClassRunner.java:50)
	at org.junit.runners.ParentRunner$3.run(ParentRunner.java:238)
	at org.junit.runners.ParentRunner$1.schedule(ParentRunner.java:63)
	at org.junit.runners.ParentRunner.runChildren(ParentRunner.java:236)
	at org.junit.runners.ParentRunner.access$000(ParentRunner.java:53)
	at org.junit.runners.ParentRunner$2.evaluate(ParentRunner.java:229)
	at org.junit.internal.runners.statements.RunBefores.evaluate(RunBefores.java:26)
	at org.junit.internal.runners.statements.RunAfters.evaluate(RunAfters.java:27)
	at org.junit.runners.ParentRunner.run(ParentRunner.java:309)
	at org.apache.maven.surefire.junit4.JUnit4Provider.execute(JUnit4Provider.java:365)
	at org.apache.maven.surefire.junit4.JUnit4Provider.executeWithRerun(JUnit4Provider.java:273)
	at org.apache.maven.surefire.junit4.JUnit4Provider.executeTestSet(JUnit4Provider.java:238)
	at org.apache.maven.surefire.junit4.JUnit4Provider.invoke(JUnit4Provider.java:159)
	at org.apache.maven.surefire.booter.ForkedBooter.invokeProviderInSameClassLoader(ForkedBooter.java:384)
	at org.apache.maven.surefire.booter.ForkedBooter.runSuitesInProcess(ForkedBooter.java:345)
	at org.apache.maven.surefire.booter.ForkedBooter.execute(ForkedBooter.java:126)
	at org.apache.maven.surefire.booter.ForkedBooter.main(ForkedBooter.java:418)
</error>
    <system-out><![CDATA[2019-07-13 10:59:12,208 WARN  server.ServerUtils (ServerUtils.java:getScmDbDir(145)) - ozone.scm.db.dirs is not configured. We recommend adding this setting. Falling back to ozone.metadata.dirs instead.
2019-07-13 10:59:12,346 WARN  server.ServerUtils (ServerUtils.java:getScmDbDir(145)) - ozone.scm.db.dirs is not configured. We recommend adding this setting. Falling back to ozone.metadata.dirs instead.
2019-07-13 10:59:12,350 WARN  server.ServerUtils (ServerUtils.java:getScmDbDir(145)) - ozone.scm.db.dirs is not configured. We recommend adding this setting. Falling back to ozone.metadata.dirs instead.
2019-07-13 10:59:12,370 INFO  util.log (Log.java:initialized(192)) - Logging initialized @914ms
2019-07-13 10:59:12,474 INFO  db.DBStoreBuilder (DBStoreBuilder.java:addTable(110)) - using custom profile for table: deletedBlocks
2019-07-13 10:59:12,474 INFO  db.DBStoreBuilder (DBStoreBuilder.java:processTables(161)) - Using default column profile:DBProfile.DISK for Table:deletedBlocks
2019-07-13 10:59:12,474 INFO  db.DBStoreBuilder (DBStoreBuilder.java:addTable(110)) - using custom profile for table: validCerts
2019-07-13 10:59:12,475 INFO  db.DBStoreBuilder (DBStoreBuilder.java:processTables(161)) - Using default column profile:DBProfile.DISK for Table:validCerts
2019-07-13 10:59:12,475 INFO  db.DBStoreBuilder (DBStoreBuilder.java:addTable(110)) - using custom profile for table: revokedCerts
2019-07-13 10:59:12,475 INFO  db.DBStoreBuilder (DBStoreBuilder.java:processTables(161)) - Using default column profile:DBProfile.DISK for Table:revokedCerts
2019-07-13 10:59:12,487 INFO  db.DBStoreBuilder (DBStoreBuilder.java:addTable(110)) - using custom profile for table: default
2019-07-13 10:59:12,487 INFO  db.DBStoreBuilder (DBStoreBuilder.java:processTables(167)) - Using default column profile:DBProfile.DISK for Table:default
2019-07-13 10:59:12,488 INFO  db.DBStoreBuilder (DBStoreBuilder.java:getDbProfile(198)) - Using default options. DBProfile.DISK
2019-07-13 10:59:12,770 INFO  net.NodeSchemaLoader (NodeSchemaLoader.java:loadSchemaFromFile(125)) - Loading file from sun.misc.CompoundEnumeration@291ae
2019-07-13 10:59:12,775 INFO  net.NodeSchemaLoader (NodeSchemaLoader.java:loadSchema(171)) - Loading network topology layer schema file
2019-07-13 10:59:12,877 INFO  node.SCMNodeManager (SCMNodeManager.java:<init>(119)) - Entering startup safe mode.
2019-07-13 10:59:12,966 WARN  server.ServerUtils (ServerUtils.java:getScmDbDir(145)) - ozone.scm.db.dirs is not configured. We recommend adding this setting. Falling back to ozone.metadata.dirs instead.
2019-07-13 10:59:13,050 INFO  pipeline.SCMPipelineManager (SCMPipelineManager.java:initializePipelineState(126)) - No pipeline exists in current db
2019-07-13 10:59:13,053 WARN  server.ServerUtils (ServerUtils.java:getScmDbDir(145)) - ozone.scm.db.dirs is not configured. We recommend adding this setting. Falling back to ozone.metadata.dirs instead.
2019-07-13 10:59:13,182 WARN  events.EventQueue (EventQueue.java:fireEvent(175)) - No event handler registered for event TypedEvent{payloadType=SafeModeStatus, name='SafeModeStatus'}
2019-07-13 10:59:13,511 INFO  ipc.CallQueueManager (CallQueueManager.java:<init>(84)) - Using callQueue: class java.util.concurrent.LinkedBlockingQueue, queueCapacity: 2000, scheduler: class org.apache.hadoop.ipc.DefaultRpcScheduler, ipcBackoff: false.
2019-07-13 10:59:13,537 INFO  ipc.Server (Server.java:run(1074)) - Starting Socket Reader #1 for port 33615
2019-07-13 10:59:13,560 INFO  ipc.CallQueueManager (CallQueueManager.java:<init>(84)) - Using callQueue: class java.util.concurrent.LinkedBlockingQueue, queueCapacity: 2000, scheduler: class org.apache.hadoop.ipc.DefaultRpcScheduler, ipcBackoff: false.
2019-07-13 10:59:13,562 INFO  ipc.Server (Server.java:run(1074)) - Starting Socket Reader #1 for port 43498
2019-07-13 10:59:13,568 INFO  ipc.CallQueueManager (CallQueueManager.java:<init>(84)) - Using callQueue: class java.util.concurrent.LinkedBlockingQueue, queueCapacity: 2000, scheduler: class org.apache.hadoop.ipc.DefaultRpcScheduler, ipcBackoff: false.
2019-07-13 10:59:13,569 INFO  ipc.Server (Server.java:run(1074)) - Starting Socket Reader #1 for port 37871
2019-07-13 10:59:13,698 INFO  hdfs.DFSUtil (DFSUtil.java:httpServerTemplateForNNAndJN(1641)) - Starting Web-server for scm at: http://0.0.0.0:0
2019-07-13 10:59:13,860 INFO  server.AuthenticationFilter (AuthenticationFilter.java:constructSecretProvider(240)) - Unable to initialize FileSignerSecretProvider, falling back to use random secrets.
2019-07-13 10:59:13,868 WARN  http.HttpRequestLog (HttpRequestLog.java:getRequestLog(97)) - Jetty request log can only be enabled using Log4j
2019-07-13 10:59:13,876 INFO  http.HttpServer2 (HttpServer2.java:addGlobalFilter(975)) - Added global filter 'safety' (class=org.apache.hadoop.http.HttpServer2$QuotingInputFilter)
2019-07-13 10:59:13,878 INFO  http.HttpServer2 (HttpServer2.java:addFilter(948)) - Added filter static_user_filter (class=org.apache.hadoop.http.lib.StaticUserWebFilter$StaticUserFilter) to context scm
2019-07-13 10:59:13,879 INFO  http.HttpServer2 (HttpServer2.java:addFilter(958)) - Added filter static_user_filter (class=org.apache.hadoop.http.lib.StaticUserWebFilter$StaticUserFilter) to context static
2019-07-13 10:59:13,879 INFO  http.HttpServer2 (HttpServer2.java:addFilter(958)) - Added filter static_user_filter (class=org.apache.hadoop.http.lib.StaticUserWebFilter$StaticUserFilter) to context logs
2019-07-13 10:59:13,908 INFO  server.StorageContainerManager (StorageContainerManager.java:start(759)) - StorageContainerLocationProtocol RPC server is listening at /0.0.0.0:37871
2019-07-13 10:59:13,970 WARN  impl.MetricsConfig (MetricsConfig.java:loadFirst(134)) - Cannot locate configuration: tried hadoop-metrics2-storagecontainermanager.properties,hadoop-metrics2.properties
2019-07-13 10:59:13,983 INFO  impl.MetricsSystemImpl (MetricsSystemImpl.java:startTimer(374)) - Scheduled Metric snapshot period at 10 second(s).
2019-07-13 10:59:13,983 INFO  impl.MetricsSystemImpl (MetricsSystemImpl.java:start(191)) - StorageContainerManager metrics system started
2019-07-13 10:59:14,205 INFO  server.SCMClientProtocolServer (SCMClientProtocolServer.java:start(149)) - RPC server for Client  is listening at /0.0.0.0:37871
2019-07-13 10:59:14,206 INFO  ipc.Server (Server.java:run(1314)) - IPC Server Responder: starting
2019-07-13 10:59:14,206 INFO  ipc.Server (Server.java:run(1153)) - IPC Server listener on 37871: starting
2019-07-13 10:59:14,211 INFO  server.StorageContainerManager (StorageContainerManager.java:start(768)) - ScmBlockLocationProtocol RPC server is listening at /0.0.0.0:43498
2019-07-13 10:59:14,211 INFO  server.SCMBlockProtocolServer (SCMBlockProtocolServer.java:start(140)) - RPC server for Block Protocol is listening at /0.0.0.0:43498
2019-07-13 10:59:14,211 INFO  ipc.Server (Server.java:run(1314)) - IPC Server Responder: starting
2019-07-13 10:59:14,211 INFO  ipc.Server (Server.java:run(1153)) - IPC Server listener on 43498: starting
2019-07-13 10:59:14,218 INFO  server.StorageContainerManager (StorageContainerManager.java:start(772)) - ScmDatanodeProtocl RPC server is listening at /0.0.0.0:33615
2019-07-13 10:59:14,218 INFO  server.SCMDatanodeProtocolServer (SCMDatanodeProtocolServer.java:start(191)) - RPC server for DataNodes is listening at /0.0.0.0:33615
2019-07-13 10:59:14,221 INFO  ipc.Server (Server.java:run(1314)) - IPC Server Responder: starting
2019-07-13 10:59:14,221 INFO  ipc.Server (Server.java:run(1153)) - IPC Server listener on 33615: starting
2019-07-13 10:59:14,233 INFO  http.HttpServer2 (HttpServer2.java:bindListener(1191)) - Jetty bound to port 37902
2019-07-13 10:59:14,235 INFO  server.Server (Server.java:doStart(351)) - jetty-9.3.24.v20180605, build timestamp: 2018-06-05T17:11:56Z, git hash: 84205aa28f11a4f31f2a3b86d1bba2cc8ab69827
2019-07-13 10:59:14,274 INFO  handler.ContextHandler (ContextHandler.java:doStart(781)) - Started o.e.j.s.ServletContextHandler@15dcfae7{/logs,file:///tmp/workdir/hadoop-ozone/integration-test/target/log,AVAILABLE}
2019-07-13 10:59:14,275 INFO  handler.ContextHandler (ContextHandler.java:doStart(781)) - Started o.e.j.s.ServletContextHandler@1e636ea3{/static,file:///tmp/workdir/hadoop-ozone/integration-test/target/test-classes/webapps/static,AVAILABLE}
2019-07-13 10:59:14,308 INFO  handler.ContextHandler (ContextHandler.java:doStart(781)) - Started o.e.j.w.WebAppContext@3f23a3a0{/,file:///tmp/workdir/hadoop-ozone/integration-test/target/test-classes/webapps/scm/,AVAILABLE}{/scm}
2019-07-13 10:59:14,313 INFO  server.AbstractConnector (AbstractConnector.java:doStart(278)) - Started ServerConnector@6c6357f9{HTTP/1.1,[http/1.1]}{0.0.0.0:37902}
2019-07-13 10:59:14,313 INFO  server.Server (Server.java:doStart(419)) - Started @2858ms
2019-07-13 10:59:14,314 INFO  server.BaseHttpServer (BaseHttpServer.java:updateConnectorAddress(207)) - HTTP server of SCM is listening at http://0.0.0.0:37902
2019-07-13 10:59:14,321 INFO  util.JvmPauseMonitor (JvmPauseMonitor.java:run(188)) - Starting JVM pause monitor
2019-07-13 10:59:14,323 WARN  server.ServerUtils (ServerUtils.java:getDBPath(222)) - ozone.om.db.dirs is not configured. We recommend adding this setting. Falling back to ozone.metadata.dirs instead.
2019-07-13 10:59:14,429 WARN  server.ServerUtils (ServerUtils.java:getDBPath(222)) - ozone.om.db.dirs is not configured. We recommend adding this setting. Falling back to ozone.metadata.dirs instead.
2019-07-13 10:59:14,430 INFO  om.OzoneManager (OzoneManager.java:setOMNodeDetails(630)) - OM Service ID is not set. Setting it to the default ID: omServiceIdDefault
2019-07-13 10:59:14,431 INFO  om.OzoneManager (OzoneManager.java:setOMNodeDetails(636)) - OM Node ID is not set. Setting it to the OmStorage's OmID: 770b5ffe-6b54-47fd-8f3e-93b76eecf801
2019-07-13 10:59:14,432 INFO  om.OzoneManager (OzoneManager.java:loadOMHAConfigs(587)) - Found matching OM address with OMServiceId: null, OMNodeId: null, RPC Address: localhost:0 and Ratis port: 9872
2019-07-13 10:59:14,668 WARN  server.ServerUtils (ServerUtils.java:getDBPath(222)) - ozone.om.db.dirs is not configured. We recommend adding this setting. Falling back to ozone.metadata.dirs instead.
2019-07-13 10:59:14,680 INFO  db.DBStoreBuilder (DBStoreBuilder.java:addTable(110)) - using custom profile for table: userTable
2019-07-13 10:59:14,680 INFO  db.DBStoreBuilder (DBStoreBuilder.java:processTables(161)) - Using default column profile:DBProfile.DISK for Table:userTable
2019-07-13 10:59:14,680 INFO  db.DBStoreBuilder (DBStoreBuilder.java:addTable(110)) - using custom profile for table: volumeTable
2019-07-13 10:59:14,681 INFO  db.DBStoreBuilder (DBStoreBuilder.java:processTables(161)) - Using default column profile:DBProfile.DISK for Table:volumeTable
2019-07-13 10:59:14,681 INFO  db.DBStoreBuilder (DBStoreBuilder.java:addTable(110)) - using custom profile for table: bucketTable
2019-07-13 10:59:14,682 INFO  db.DBStoreBuilder (DBStoreBuilder.java:processTables(161)) - Using default column profile:DBProfile.DISK for Table:bucketTable
2019-07-13 10:59:14,682 INFO  db.DBStoreBuilder (DBStoreBuilder.java:addTable(110)) - using custom profile for table: keyTable
2019-07-13 10:59:14,682 INFO  db.DBStoreBuilder (DBStoreBuilder.java:processTables(161)) - Using default column profile:DBProfile.DISK for Table:keyTable
2019-07-13 10:59:14,683 INFO  db.DBStoreBuilder (DBStoreBuilder.java:addTable(110)) - using custom profile for table: deletedTable
2019-07-13 10:59:14,683 INFO  db.DBStoreBuilder (DBStoreBuilder.java:processTables(161)) - Using default column profile:DBProfile.DISK for Table:deletedTable
2019-07-13 10:59:14,684 INFO  db.DBStoreBuilder (DBStoreBuilder.java:addTable(110)) - using custom profile for table: openKeyTable
2019-07-13 10:59:14,684 INFO  db.DBStoreBuilder (DBStoreBuilder.java:processTables(161)) - Using default column profile:DBProfile.DISK for Table:openKeyTable
2019-07-13 10:59:14,684 INFO  db.DBStoreBuilder (DBStoreBuilder.java:addTable(110)) - using custom profile for table: s3Table
2019-07-13 10:59:14,685 INFO  db.DBStoreBuilder (DBStoreBuilder.java:processTables(161)) - Using default column profile:DBProfile.DISK for Table:s3Table
2019-07-13 10:59:14,685 INFO  db.DBStoreBuilder (DBStoreBuilder.java:addTable(110)) - using custom profile for table: multipartInfoTable
2019-07-13 10:59:14,685 INFO  db.DBStoreBuilder (DBStoreBuilder.java:processTables(161)) - Using default column profile:DBProfile.DISK for Table:multipartInfoTable
2019-07-13 10:59:14,686 INFO  db.DBStoreBuilder (DBStoreBuilder.java:addTable(110)) - using custom profile for table: dTokenTable
2019-07-13 10:59:14,686 INFO  db.DBStoreBuilder (DBStoreBuilder.java:processTables(161)) - Using default column profile:DBProfile.DISK for Table:dTokenTable
2019-07-13 10:59:14,687 INFO  db.DBStoreBuilder (DBStoreBuilder.java:addTable(110)) - using custom profile for table: s3SecretTable
2019-07-13 10:59:14,687 INFO  db.DBStoreBuilder (DBStoreBuilder.java:processTables(161)) - Using default column profile:DBProfile.DISK for Table:s3SecretTable
2019-07-13 10:59:14,687 INFO  db.DBStoreBuilder (DBStoreBuilder.java:addTable(110)) - using custom profile for table: prefixTable
2019-07-13 10:59:14,688 INFO  db.DBStoreBuilder (DBStoreBuilder.java:processTables(161)) - Using default column profile:DBProfile.DISK for Table:prefixTable
2019-07-13 10:59:14,688 INFO  db.DBStoreBuilder (DBStoreBuilder.java:addTable(110)) - using custom profile for table: default
2019-07-13 10:59:14,688 INFO  db.DBStoreBuilder (DBStoreBuilder.java:processTables(167)) - Using default column profile:DBProfile.DISK for Table:default
2019-07-13 10:59:14,689 INFO  db.DBStoreBuilder (DBStoreBuilder.java:getDbProfile(198)) - Using default options. DBProfile.DISK
2019-07-13 10:59:15,618 INFO  ipc.CallQueueManager (CallQueueManager.java:<init>(84)) - Using callQueue: class java.util.concurrent.LinkedBlockingQueue, queueCapacity: 2000, scheduler: class org.apache.hadoop.ipc.DefaultRpcScheduler, ipcBackoff: false.
2019-07-13 10:59:15,620 INFO  ipc.Server (Server.java:run(1074)) - Starting Socket Reader #1 for port 39642
2019-07-13 10:59:15,648 WARN  server.ServerUtils (ServerUtils.java:getDBPath(222)) - ozone.om.db.dirs is not configured. We recommend adding this setting. Falling back to ozone.metadata.dirs instead.
2019-07-13 10:59:15,648 INFO  om.OzoneManager (OzoneManager.java:start(1228)) - OzoneManager RPC server is listening at localhost/127.0.0.1:39642
2019-07-13 10:59:15,648 INFO  impl.MetricsSystemImpl (MetricsSystemImpl.java:init(158)) - OzoneManager metrics system started (again)
2019-07-13 10:59:15,651 INFO  ipc.Server (Server.java:run(1314)) - IPC Server Responder: starting
2019-07-13 10:59:15,651 INFO  ipc.Server (Server.java:run(1153)) - IPC Server listener on 39642: starting
2019-07-13 10:59:15,666 INFO  hdfs.DFSUtil (DFSUtil.java:httpServerTemplateForNNAndJN(1641)) - Starting Web-server for ozoneManager at: http://0.0.0.0:0
2019-07-13 10:59:15,669 INFO  server.AuthenticationFilter (AuthenticationFilter.java:constructSecretProvider(240)) - Unable to initialize FileSignerSecretProvider, falling back to use random secrets.
2019-07-13 10:59:15,670 WARN  http.HttpRequestLog (HttpRequestLog.java:getRequestLog(97)) - Jetty request log can only be enabled using Log4j
2019-07-13 10:59:15,673 INFO  http.HttpServer2 (HttpServer2.java:addGlobalFilter(975)) - Added global filter 'safety' (class=org.apache.hadoop.http.HttpServer2$QuotingInputFilter)
2019-07-13 10:59:15,674 INFO  http.HttpServer2 (HttpServer2.java:addFilter(948)) - Added filter static_user_filter (class=org.apache.hadoop.http.lib.StaticUserWebFilter$StaticUserFilter) to context ozoneManager
2019-07-13 10:59:15,675 INFO  http.HttpServer2 (HttpServer2.java:addFilter(958)) - Added filter static_user_filter (class=org.apache.hadoop.http.lib.StaticUserWebFilter$StaticUserFilter) to context static
2019-07-13 10:59:15,675 INFO  http.HttpServer2 (HttpServer2.java:addFilter(958)) - Added filter static_user_filter (class=org.apache.hadoop.http.lib.StaticUserWebFilter$StaticUserFilter) to context logs
2019-07-13 10:59:15,678 INFO  http.HttpServer2 (HttpServer2.java:bindListener(1191)) - Jetty bound to port 41751
2019-07-13 10:59:15,678 INFO  server.Server (Server.java:doStart(351)) - jetty-9.3.24.v20180605, build timestamp: 2018-06-05T17:11:56Z, git hash: 84205aa28f11a4f31f2a3b86d1bba2cc8ab69827
2019-07-13 10:59:15,681 INFO  handler.ContextHandler (ContextHandler.java:doStart(781)) - Started o.e.j.s.ServletContextHandler@301d8120{/logs,file:///tmp/workdir/hadoop-ozone/integration-test/target/log,AVAILABLE}
2019-07-13 10:59:15,682 INFO  handler.ContextHandler (ContextHandler.java:doStart(781)) - Started o.e.j.s.ServletContextHandler@72458efc{/static,file:///tmp/workdir/hadoop-ozone/integration-test/target/test-classes/webapps/static,AVAILABLE}
2019-07-13 10:59:15,689 INFO  handler.ContextHandler (ContextHandler.java:doStart(781)) - Started o.e.j.w.WebAppContext@6a84bc2a{/,file:///tmp/workdir/hadoop-ozone/integration-test/target/test-classes/webapps/ozoneManager/,AVAILABLE}{/ozoneManager}
2019-07-13 10:59:15,690 INFO  server.AbstractConnector (AbstractConnector.java:doStart(278)) - Started ServerConnector@5183d589{HTTP/1.1,[http/1.1]}{0.0.0.0:41751}
2019-07-13 10:59:15,691 INFO  server.Server (Server.java:doStart(419)) - Started @4236ms
2019-07-13 10:59:15,694 INFO  server.BaseHttpServer (BaseHttpServer.java:updateConnectorAddress(207)) - HTTP server of OZONEMANAGER is listening at http://0.0.0.0:41751
2019-07-13 10:59:16,007 INFO  impl.MetricsSystemImpl (MetricsSystemImpl.java:init(158)) - HddsDatanode metrics system started (again)
2019-07-13 10:59:16,092 INFO  ozone.HddsDatanodeService (HddsDatanodeService.java:start(185)) - HddsDatanodeService host:trunk-nightly-qcxv8-4293026562 ip:192.168.157.218
2019-07-13 10:59:16,123 INFO  volume.HddsVolume (HddsVolume.java:<init>(176)) - Creating Volume: /tmp/workdir/hadoop-ozone/integration-test/target/test-dir/MiniOzoneClusterImpl-af84d9c2-0d85-499d-bc96-6c4bab003ae0/datanode-0/data/containers/hdds of  storage type : DISK and capacity : 52710309888
2019-07-13 10:59:16,124 INFO  volume.VolumeSet (VolumeSet.java:initializeVolumeSet(170)) - Added Volume : /tmp/workdir/hadoop-ozone/integration-test/target/test-dir/MiniOzoneClusterImpl-af84d9c2-0d85-499d-bc96-6c4bab003ae0/datanode-0/data/containers/hdds to VolumeSet
2019-07-13 10:59:16,127 INFO  volume.ThrottledAsyncChecker (ThrottledAsyncChecker.java:schedule(140)) - Scheduling a check for org.apache.hadoop.ozone.container.common.volume.HddsVolume@451f87af
2019-07-13 10:59:16,145 INFO  volume.HddsVolumeChecker (HddsVolumeChecker.java:checkAllVolumes(203)) - Scheduled health check for volume org.apache.hadoop.ozone.container.common.volume.HddsVolume@451f87af
2019-07-13 10:59:16,253 INFO  impl.RaftServerProxy (ConfUtils.java:logGet(43)) - raft.rpc.type = GRPC (default)
2019-07-13 10:59:16,317 INFO  grpc.GrpcFactory (GrpcFactory.java:checkPooledByteBufAllocatorUseCacheForAllThreads(45)) - PERFORMANCE WARNING: useCacheForAllThreads is true that may cause Netty to create a lot garbage objects and, as a result, trigger GC.
	It is recommended to disable useCacheForAllThreads by setting -Dorg.apache.ratis.thirdparty.io.netty.allocator.useCacheForAllThreads=false in command line.
2019-07-13 10:59:16,321 INFO  grpc.GrpcConfigKeys$Server (ConfUtils.java:logGet(43)) - raft.grpc.server.port = 0 (default)
2019-07-13 10:59:16,322 INFO  server.GrpcService (ConfUtils.java:logGet(43)) - raft.grpc.message.size.max = 33570816 (custom)
2019-07-13 10:59:16,323 INFO  server.RaftServerConfigKeys (ConfUtils.java:logGet(43)) - raft.server.log.appender.buffer.byte-limit = 33554432 (custom)
2019-07-13 10:59:16,324 INFO  server.GrpcService (ConfUtils.java:logGet(43)) - raft.grpc.flow.control.window = 1MB (=1048576) (default)
2019-07-13 10:59:16,325 INFO  server.RaftServerConfigKeys (ConfUtils.java:logGet(43)) - raft.server.rpc.request.timeout = 3000ms (default)
2019-07-13 10:59:16,479 INFO  server.RaftServerConfigKeys (ConfUtils.java:logGet(43)) - raft.server.storage.dir = [/tmp/workdir/hadoop-ozone/integration-test/target/test-dir/MiniOzoneClusterImpl-af84d9c2-0d85-499d-bc96-6c4bab003ae0/datanode-0/data/ratis] (custom)
2019-07-13 10:59:16,514 INFO  replication.SimpleContainerDownloader (SimpleContainerDownloader.java:<init>(72)) - Starting container downloader service to copy containers to replicate.
2019-07-13 10:59:16,527 INFO  hdfs.DFSUtil (DFSUtil.java:httpServerTemplateForNNAndJN(1641)) - Starting Web-server for hddsDatanode at: http://0.0.0.0:0
2019-07-13 10:59:16,528 INFO  server.AuthenticationFilter (AuthenticationFilter.java:constructSecretProvider(240)) - Unable to initialize FileSignerSecretProvider, falling back to use random secrets.
2019-07-13 10:59:16,529 WARN  http.HttpRequestLog (HttpRequestLog.java:getRequestLog(97)) - Jetty request log can only be enabled using Log4j
2019-07-13 10:59:16,530 INFO  http.HttpServer2 (HttpServer2.java:addGlobalFilter(975)) - Added global filter 'safety' (class=org.apache.hadoop.http.HttpServer2$QuotingInputFilter)
2019-07-13 10:59:16,531 INFO  http.HttpServer2 (HttpServer2.java:addFilter(948)) - Added filter static_user_filter (class=org.apache.hadoop.http.lib.StaticUserWebFilter$StaticUserFilter) to context hddsDatanode
2019-07-13 10:59:16,531 INFO  http.HttpServer2 (HttpServer2.java:addFilter(958)) - Added filter static_user_filter (class=org.apache.hadoop.http.lib.StaticUserWebFilter$StaticUserFilter) to context static
2019-07-13 10:59:16,531 INFO  http.HttpServer2 (HttpServer2.java:addFilter(958)) - Added filter static_user_filter (class=org.apache.hadoop.http.lib.StaticUserWebFilter$StaticUserFilter) to context logs
2019-07-13 10:59:16,532 INFO  http.HttpServer2 (HttpServer2.java:bindListener(1191)) - Jetty bound to port 36905
2019-07-13 10:59:16,532 INFO  server.Server (Server.java:doStart(351)) - jetty-9.3.24.v20180605, build timestamp: 2018-06-05T17:11:56Z, git hash: 84205aa28f11a4f31f2a3b86d1bba2cc8ab69827
2019-07-13 10:59:16,534 INFO  handler.ContextHandler (ContextHandler.java:doStart(781)) - Started o.e.j.s.ServletContextHandler@21c815e4{/logs,file:///tmp/workdir/hadoop-ozone/integration-test/target/log,AVAILABLE}
2019-07-13 10:59:16,535 INFO  handler.ContextHandler (ContextHandler.java:doStart(781)) - Started o.e.j.s.ServletContextHandler@2a331b46{/static,jar:file:/home/user/.m2/repository/org/apache/hadoop/hadoop-hdds-container-service/0.5.0-SNAPSHOT/hadoop-hdds-container-service-0.5.0-SNAPSHOT.jar!/webapps/static,AVAILABLE}
2019-07-13 10:59:16,567 INFO  handler.ContextHandler (ContextHandler.java:doStart(781)) - Started o.e.j.w.WebAppContext@113e13f9{/,file:///tmp/jetty-0.0.0.0-36905-hddsDatanode-_-any-3692902831132039312.dir/webapp/,AVAILABLE}{/hddsDatanode}
2019-07-13 10:59:16,568 INFO  server.AbstractConnector (AbstractConnector.java:doStart(278)) - Started ServerConnector@1c7f96b1{HTTP/1.1,[http/1.1]}{0.0.0.0:36905}
2019-07-13 10:59:16,568 INFO  server.Server (Server.java:doStart(419)) - Started @5113ms
2019-07-13 10:59:16,570 INFO  server.BaseHttpServer (BaseHttpServer.java:updateConnectorAddress(207)) - HTTP server of HDDSDATANODE is listening at http://0.0.0.0:36905
2019-07-13 10:59:17,731 INFO  ozone.HddsDatanodeService (HddsDatanodeService.java:startPlugins(396)) - Started plug-in org.apache.hadoop.ozone.web.OzoneHddsDatanodeService@5f61371d
2019-07-13 10:59:17,735 INFO  impl.MetricsSystemImpl (MetricsSystemImpl.java:init(158)) - HddsDatanode metrics system started (again)
2019-07-13 10:59:17,737 INFO  ozone.HddsDatanodeService (HddsDatanodeService.java:start(185)) - HddsDatanodeService host:trunk-nightly-qcxv8-4293026562 ip:192.168.157.218
2019-07-13 10:59:17,744 INFO  util.JvmPauseMonitor (JvmPauseMonitor.java:run(188)) - Starting JVM pause monitor
2019-07-13 10:59:17,749 INFO  volume.HddsVolume (HddsVolume.java:<init>(176)) - Creating Volume: /tmp/workdir/hadoop-ozone/integration-test/target/test-dir/MiniOzoneClusterImpl-af84d9c2-0d85-499d-bc96-6c4bab003ae0/datanode-1/data/containers/hdds of  storage type : DISK and capacity : 52710309888
2019-07-13 10:59:17,750 INFO  volume.VolumeSet (VolumeSet.java:initializeVolumeSet(170)) - Added Volume : /tmp/workdir/hadoop-ozone/integration-test/target/test-dir/MiniOzoneClusterImpl-af84d9c2-0d85-499d-bc96-6c4bab003ae0/datanode-1/data/containers/hdds to VolumeSet
2019-07-13 10:59:17,751 INFO  volume.ThrottledAsyncChecker (ThrottledAsyncChecker.java:schedule(140)) - Scheduling a check for org.apache.hadoop.ozone.container.common.volume.HddsVolume@45292ec1
2019-07-13 10:59:17,751 INFO  volume.HddsVolumeChecker (HddsVolumeChecker.java:checkAllVolumes(203)) - Scheduled health check for volume org.apache.hadoop.ozone.container.common.volume.HddsVolume@45292ec1
2019-07-13 10:59:17,776 INFO  impl.RaftServerProxy (ConfUtils.java:logGet(43)) - raft.rpc.type = GRPC (default)
2019-07-13 10:59:17,777 INFO  grpc.GrpcFactory (GrpcFactory.java:checkPooledByteBufAllocatorUseCacheForAllThreads(45)) - PERFORMANCE WARNING: useCacheForAllThreads is true that may cause Netty to create a lot garbage objects and, as a result, trigger GC.
	It is recommended to disable useCacheForAllThreads by setting -Dorg.apache.ratis.thirdparty.io.netty.allocator.useCacheForAllThreads=false in command line.
2019-07-13 10:59:17,777 INFO  grpc.GrpcConfigKeys$Server (ConfUtils.java:logGet(43)) - raft.grpc.server.port = 0 (default)
2019-07-13 10:59:17,777 INFO  server.GrpcService (ConfUtils.java:logGet(43)) - raft.grpc.message.size.max = 33570816 (custom)
2019-07-13 10:59:17,777 INFO  server.RaftServerConfigKeys (ConfUtils.java:logGet(43)) - raft.server.log.appender.buffer.byte-limit = 33554432 (custom)
2019-07-13 10:59:17,778 INFO  server.GrpcService (ConfUtils.java:logGet(43)) - raft.grpc.flow.control.window = 1MB (=1048576) (default)
2019-07-13 10:59:17,778 INFO  server.RaftServerConfigKeys (ConfUtils.java:logGet(43)) - raft.server.rpc.request.timeout = 3000ms (default)
2019-07-13 10:59:17,779 INFO  server.RaftServerConfigKeys (ConfUtils.java:logGet(43)) - raft.server.storage.dir = [/tmp/workdir/hadoop-ozone/integration-test/target/test-dir/MiniOzoneClusterImpl-af84d9c2-0d85-499d-bc96-6c4bab003ae0/datanode-1/data/ratis] (custom)
2019-07-13 10:59:17,780 INFO  replication.SimpleContainerDownloader (SimpleContainerDownloader.java:<init>(72)) - Starting container downloader service to copy containers to replicate.
2019-07-13 10:59:17,783 INFO  hdfs.DFSUtil (DFSUtil.java:httpServerTemplateForNNAndJN(1641)) - Starting Web-server for hddsDatanode at: http://0.0.0.0:0
2019-07-13 10:59:17,785 INFO  server.AuthenticationFilter (AuthenticationFilter.java:constructSecretProvider(240)) - Unable to initialize FileSignerSecretProvider, falling back to use random secrets.
2019-07-13 10:59:17,786 WARN  http.HttpRequestLog (HttpRequestLog.java:getRequestLog(97)) - Jetty request log can only be enabled using Log4j
2019-07-13 10:59:17,788 INFO  http.HttpServer2 (HttpServer2.java:addGlobalFilter(975)) - Added global filter 'safety' (class=org.apache.hadoop.http.HttpServer2$QuotingInputFilter)
2019-07-13 10:59:17,788 INFO  http.HttpServer2 (HttpServer2.java:addFilter(948)) - Added filter static_user_filter (class=org.apache.hadoop.http.lib.StaticUserWebFilter$StaticUserFilter) to context hddsDatanode
2019-07-13 10:59:17,788 INFO  http.HttpServer2 (HttpServer2.java:addFilter(958)) - Added filter static_user_filter (class=org.apache.hadoop.http.lib.StaticUserWebFilter$StaticUserFilter) to context logs
2019-07-13 10:59:17,789 INFO  http.HttpServer2 (HttpServer2.java:addFilter(958)) - Added filter static_user_filter (class=org.apache.hadoop.http.lib.StaticUserWebFilter$StaticUserFilter) to context static
2019-07-13 10:59:17,790 INFO  http.HttpServer2 (HttpServer2.java:bindListener(1191)) - Jetty bound to port 34218
2019-07-13 10:59:17,790 INFO  server.Server (Server.java:doStart(351)) - jetty-9.3.24.v20180605, build timestamp: 2018-06-05T17:11:56Z, git hash: 84205aa28f11a4f31f2a3b86d1bba2cc8ab69827
2019-07-13 10:59:17,793 INFO  handler.ContextHandler (ContextHandler.java:doStart(781)) - Started o.e.j.s.ServletContextHandler@570ba13{/logs,file:///tmp/workdir/hadoop-ozone/integration-test/target/log,AVAILABLE}
2019-07-13 10:59:17,794 INFO  handler.ContextHandler (ContextHandler.java:doStart(781)) - Started o.e.j.s.ServletContextHandler@525b1b70{/static,jar:file:/home/user/.m2/repository/org/apache/hadoop/hadoop-hdds-container-service/0.5.0-SNAPSHOT/hadoop-hdds-container-service-0.5.0-SNAPSHOT.jar!/webapps/static,AVAILABLE}
2019-07-13 10:59:17,823 INFO  handler.ContextHandler (ContextHandler.java:doStart(781)) - Started o.e.j.w.WebAppContext@902fdbe{/,file:///tmp/jetty-0.0.0.0-34218-hddsDatanode-_-any-1184169361650674648.dir/webapp/,AVAILABLE}{/hddsDatanode}
2019-07-13 10:59:17,824 INFO  server.AbstractConnector (AbstractConnector.java:doStart(278)) - Started ServerConnector@796d33eb{HTTP/1.1,[http/1.1]}{0.0.0.0:34218}
2019-07-13 10:59:17,824 INFO  server.Server (Server.java:doStart(419)) - Started @6369ms
2019-07-13 10:59:17,826 INFO  server.BaseHttpServer (BaseHttpServer.java:updateConnectorAddress(207)) - HTTP server of HDDSDATANODE is listening at http://0.0.0.0:34218
2019-07-13 10:59:17,874 INFO  datanode.InitDatanodeState (InitDatanodeState.java:persistContainerDatanodeDetails(140)) - DatanodeDetails is persisted to /tmp/workdir/hadoop-ozone/integration-test/target/test-dir/MiniOzoneClusterImpl-af84d9c2-0d85-499d-bc96-6c4bab003ae0/datanode-0/meta/datanode.id
2019-07-13 10:59:17,960 INFO  ozone.HddsDatanodeService (HddsDatanodeService.java:startPlugins(396)) - Started plug-in org.apache.hadoop.ozone.web.OzoneHddsDatanodeService@1e98b788
2019-07-13 10:59:17,960 INFO  impl.MetricsSystemImpl (MetricsSystemImpl.java:init(158)) - HddsDatanode metrics system started (again)
2019-07-13 10:59:17,962 INFO  ozone.HddsDatanodeService (HddsDatanodeService.java:start(185)) - HddsDatanodeService host:trunk-nightly-qcxv8-4293026562 ip:192.168.157.218
2019-07-13 10:59:17,963 INFO  util.JvmPauseMonitor (JvmPauseMonitor.java:run(188)) - Starting JVM pause monitor
2019-07-13 10:59:17,972 INFO  volume.HddsVolume (HddsVolume.java:<init>(176)) - Creating Volume: /tmp/workdir/hadoop-ozone/integration-test/target/test-dir/MiniOzoneClusterImpl-af84d9c2-0d85-499d-bc96-6c4bab003ae0/datanode-2/data/containers/hdds of  storage type : DISK and capacity : 52710309888
2019-07-13 10:59:17,972 INFO  volume.VolumeSet (VolumeSet.java:initializeVolumeSet(170)) - Added Volume : /tmp/workdir/hadoop-ozone/integration-test/target/test-dir/MiniOzoneClusterImpl-af84d9c2-0d85-499d-bc96-6c4bab003ae0/datanode-2/data/containers/hdds to VolumeSet
2019-07-13 10:59:17,972 INFO  datanode.InitDatanodeState (InitDatanodeState.java:persistContainerDatanodeDetails(140)) - DatanodeDetails is persisted to /tmp/workdir/hadoop-ozone/integration-test/target/test-dir/MiniOzoneClusterImpl-af84d9c2-0d85-499d-bc96-6c4bab003ae0/datanode-1/meta/datanode.id
2019-07-13 10:59:17,973 INFO  volume.ThrottledAsyncChecker (ThrottledAsyncChecker.java:schedule(140)) - Scheduling a check for org.apache.hadoop.ozone.container.common.volume.HddsVolume@10f477e2
2019-07-13 10:59:17,975 INFO  volume.HddsVolumeChecker (HddsVolumeChecker.java:checkAllVolumes(203)) - Scheduled health check for volume org.apache.hadoop.ozone.container.common.volume.HddsVolume@10f477e2
2019-07-13 10:59:17,998 INFO  impl.RaftServerProxy (ConfUtils.java:logGet(43)) - raft.rpc.type = GRPC (default)
2019-07-13 10:59:17,998 INFO  grpc.GrpcFactory (GrpcFactory.java:checkPooledByteBufAllocatorUseCacheForAllThreads(45)) - PERFORMANCE WARNING: useCacheForAllThreads is true that may cause Netty to create a lot garbage objects and, as a result, trigger GC.
	It is recommended to disable useCacheForAllThreads by setting -Dorg.apache.ratis.thirdparty.io.netty.allocator.useCacheForAllThreads=false in command line.
2019-07-13 10:59:17,999 INFO  grpc.GrpcConfigKeys$Server (ConfUtils.java:logGet(43)) - raft.grpc.server.port = 0 (default)
2019-07-13 10:59:17,999 INFO  server.GrpcService (ConfUtils.java:logGet(43)) - raft.grpc.message.size.max = 33570816 (custom)
2019-07-13 10:59:17,999 INFO  server.RaftServerConfigKeys (ConfUtils.java:logGet(43)) - raft.server.log.appender.buffer.byte-limit = 33554432 (custom)
2019-07-13 10:59:18,000 INFO  server.GrpcService (ConfUtils.java:logGet(43)) - raft.grpc.flow.control.window = 1MB (=1048576) (default)
2019-07-13 10:59:18,000 INFO  server.RaftServerConfigKeys (ConfUtils.java:logGet(43)) - raft.server.rpc.request.timeout = 3000ms (default)
2019-07-13 10:59:18,001 INFO  server.RaftServerConfigKeys (ConfUtils.java:logGet(43)) - raft.server.storage.dir = [/tmp/workdir/hadoop-ozone/integration-test/target/test-dir/MiniOzoneClusterImpl-af84d9c2-0d85-499d-bc96-6c4bab003ae0/datanode-2/data/ratis] (custom)
2019-07-13 10:59:18,002 INFO  replication.SimpleContainerDownloader (SimpleContainerDownloader.java:<init>(72)) - Starting container downloader service to copy containers to replicate.
2019-07-13 10:59:18,003 INFO  hdfs.DFSUtil (DFSUtil.java:httpServerTemplateForNNAndJN(1641)) - Starting Web-server for hddsDatanode at: http://0.0.0.0:0
2019-07-13 10:59:18,005 INFO  server.AuthenticationFilter (AuthenticationFilter.java:constructSecretProvider(240)) - Unable to initialize FileSignerSecretProvider, falling back to use random secrets.
2019-07-13 10:59:18,006 WARN  http.HttpRequestLog (HttpRequestLog.java:getRequestLog(97)) - Jetty request log can only be enabled using Log4j
2019-07-13 10:59:18,009 INFO  http.HttpServer2 (HttpServer2.java:addGlobalFilter(975)) - Added global filter 'safety' (class=org.apache.hadoop.http.HttpServer2$QuotingInputFilter)
2019-07-13 10:59:18,009 INFO  http.HttpServer2 (HttpServer2.java:addFilter(948)) - Added filter static_user_filter (class=org.apache.hadoop.http.lib.StaticUserWebFilter$StaticUserFilter) to context hddsDatanode
2019-07-13 10:59:18,010 INFO  http.HttpServer2 (HttpServer2.java:addFilter(958)) - Added filter static_user_filter (class=org.apache.hadoop.http.lib.StaticUserWebFilter$StaticUserFilter) to context logs
2019-07-13 10:59:18,010 INFO  http.HttpServer2 (HttpServer2.java:addFilter(958)) - Added filter static_user_filter (class=org.apache.hadoop.http.lib.StaticUserWebFilter$StaticUserFilter) to context static
2019-07-13 10:59:18,011 INFO  http.HttpServer2 (HttpServer2.java:bindListener(1191)) - Jetty bound to port 32885
2019-07-13 10:59:18,011 INFO  server.Server (Server.java:doStart(351)) - jetty-9.3.24.v20180605, build timestamp: 2018-06-05T17:11:56Z, git hash: 84205aa28f11a4f31f2a3b86d1bba2cc8ab69827
2019-07-13 10:59:18,014 INFO  handler.ContextHandler (ContextHandler.java:doStart(781)) - Started o.e.j.s.ServletContextHandler@27b337bb{/logs,file:///tmp/workdir/hadoop-ozone/integration-test/target/log,AVAILABLE}
2019-07-13 10:59:18,015 INFO  handler.ContextHandler (ContextHandler.java:doStart(781)) - Started o.e.j.s.ServletContextHandler@5c18d6d4{/static,jar:file:/home/user/.m2/repository/org/apache/hadoop/hadoop-hdds-container-service/0.5.0-SNAPSHOT/hadoop-hdds-container-service-0.5.0-SNAPSHOT.jar!/webapps/static,AVAILABLE}
2019-07-13 10:59:18,059 INFO  handler.ContextHandler (ContextHandler.java:doStart(781)) - Started o.e.j.w.WebAppContext@1ab14636{/,file:///tmp/jetty-0.0.0.0-32885-hddsDatanode-_-any-5526628762134841383.dir/webapp/,AVAILABLE}{/hddsDatanode}
2019-07-13 10:59:18,061 INFO  server.AbstractConnector (AbstractConnector.java:doStart(278)) - Started ServerConnector@16b3c905{HTTP/1.1,[http/1.1]}{0.0.0.0:32885}
2019-07-13 10:59:18,061 INFO  server.Server (Server.java:doStart(419)) - Started @6606ms
2019-07-13 10:59:18,064 INFO  server.BaseHttpServer (BaseHttpServer.java:updateConnectorAddress(207)) - HTTP server of HDDSDATANODE is listening at http://0.0.0.0:32885
2019-07-13 10:59:18,190 INFO  ozone.HddsDatanodeService (HddsDatanodeService.java:startPlugins(396)) - Started plug-in org.apache.hadoop.ozone.web.OzoneHddsDatanodeService@30922f8d
2019-07-13 10:59:18,190 INFO  impl.MetricsSystemImpl (MetricsSystemImpl.java:init(158)) - HddsDatanode metrics system started (again)
2019-07-13 10:59:18,192 INFO  ozone.HddsDatanodeService (HddsDatanodeService.java:start(185)) - HddsDatanodeService host:trunk-nightly-qcxv8-4293026562 ip:192.168.157.218
2019-07-13 10:59:18,193 INFO  util.JvmPauseMonitor (JvmPauseMonitor.java:run(188)) - Starting JVM pause monitor
2019-07-13 10:59:18,196 INFO  datanode.InitDatanodeState (InitDatanodeState.java:persistContainerDatanodeDetails(140)) - DatanodeDetails is persisted to /tmp/workdir/hadoop-ozone/integration-test/target/test-dir/MiniOzoneClusterImpl-af84d9c2-0d85-499d-bc96-6c4bab003ae0/datanode-2/meta/datanode.id
2019-07-13 10:59:18,199 INFO  volume.HddsVolume (HddsVolume.java:<init>(176)) - Creating Volume: /tmp/workdir/hadoop-ozone/integration-test/target/test-dir/MiniOzoneClusterImpl-af84d9c2-0d85-499d-bc96-6c4bab003ae0/datanode-3/data/containers/hdds of  storage type : DISK and capacity : 52710309888
2019-07-13 10:59:18,199 INFO  volume.VolumeSet (VolumeSet.java:initializeVolumeSet(170)) - Added Volume : /tmp/workdir/hadoop-ozone/integration-test/target/test-dir/MiniOzoneClusterImpl-af84d9c2-0d85-499d-bc96-6c4bab003ae0/datanode-3/data/containers/hdds to VolumeSet
2019-07-13 10:59:18,199 INFO  volume.ThrottledAsyncChecker (ThrottledAsyncChecker.java:schedule(140)) - Scheduling a check for org.apache.hadoop.ozone.container.common.volume.HddsVolume@45d56062
2019-07-13 10:59:18,200 INFO  volume.HddsVolumeChecker (HddsVolumeChecker.java:checkAllVolumes(203)) - Scheduled health check for volume org.apache.hadoop.ozone.container.common.volume.HddsVolume@45d56062
2019-07-13 10:59:18,214 INFO  impl.RaftServerProxy (ConfUtils.java:logGet(43)) - raft.rpc.type = GRPC (default)
2019-07-13 10:59:18,214 INFO  grpc.GrpcFactory (GrpcFactory.java:checkPooledByteBufAllocatorUseCacheForAllThreads(45)) - PERFORMANCE WARNING: useCacheForAllThreads is true that may cause Netty to create a lot garbage objects and, as a result, trigger GC.
	It is recommended to disable useCacheForAllThreads by setting -Dorg.apache.ratis.thirdparty.io.netty.allocator.useCacheForAllThreads=false in command line.
2019-07-13 10:59:18,214 INFO  grpc.GrpcConfigKeys$Server (ConfUtils.java:logGet(43)) - raft.grpc.server.port = 0 (default)
2019-07-13 10:59:18,214 INFO  server.GrpcService (ConfUtils.java:logGet(43)) - raft.grpc.message.size.max = 33570816 (custom)
2019-07-13 10:59:18,215 INFO  server.RaftServerConfigKeys (ConfUtils.java:logGet(43)) - raft.server.log.appender.buffer.byte-limit = 33554432 (custom)
2019-07-13 10:59:18,215 INFO  server.GrpcService (ConfUtils.java:logGet(43)) - raft.grpc.flow.control.window = 1MB (=1048576) (default)
2019-07-13 10:59:18,215 INFO  server.RaftServerConfigKeys (ConfUtils.java:logGet(43)) - raft.server.rpc.request.timeout = 3000ms (default)
2019-07-13 10:59:18,216 INFO  server.RaftServerConfigKeys (ConfUtils.java:logGet(43)) - raft.server.storage.dir = [/tmp/workdir/hadoop-ozone/integration-test/target/test-dir/MiniOzoneClusterImpl-af84d9c2-0d85-499d-bc96-6c4bab003ae0/datanode-3/data/ratis] (custom)
2019-07-13 10:59:18,216 INFO  replication.SimpleContainerDownloader (SimpleContainerDownloader.java:<init>(72)) - Starting container downloader service to copy containers to replicate.
2019-07-13 10:59:18,217 INFO  hdfs.DFSUtil (DFSUtil.java:httpServerTemplateForNNAndJN(1641)) - Starting Web-server for hddsDatanode at: http://0.0.0.0:0
2019-07-13 10:59:18,218 INFO  server.AuthenticationFilter (AuthenticationFilter.java:constructSecretProvider(240)) - Unable to initialize FileSignerSecretProvider, falling back to use random secrets.
2019-07-13 10:59:18,218 WARN  http.HttpRequestLog (HttpRequestLog.java:getRequestLog(97)) - Jetty request log can only be enabled using Log4j
2019-07-13 10:59:18,220 INFO  http.HttpServer2 (HttpServer2.java:addGlobalFilter(975)) - Added global filter 'safety' (class=org.apache.hadoop.http.HttpServer2$QuotingInputFilter)
2019-07-13 10:59:18,220 INFO  http.HttpServer2 (HttpServer2.java:addFilter(948)) - Added filter static_user_filter (class=org.apache.hadoop.http.lib.StaticUserWebFilter$StaticUserFilter) to context hddsDatanode
2019-07-13 10:59:18,220 INFO  http.HttpServer2 (HttpServer2.java:addFilter(958)) - Added filter static_user_filter (class=org.apache.hadoop.http.lib.StaticUserWebFilter$StaticUserFilter) to context static
2019-07-13 10:59:18,220 INFO  http.HttpServer2 (HttpServer2.java:addFilter(958)) - Added filter static_user_filter (class=org.apache.hadoop.http.lib.StaticUserWebFilter$StaticUserFilter) to context logs
2019-07-13 10:59:18,221 INFO  http.HttpServer2 (HttpServer2.java:bindListener(1191)) - Jetty bound to port 37210
2019-07-13 10:59:18,221 INFO  server.Server (Server.java:doStart(351)) - jetty-9.3.24.v20180605, build timestamp: 2018-06-05T17:11:56Z, git hash: 84205aa28f11a4f31f2a3b86d1bba2cc8ab69827
2019-07-13 10:59:18,226 INFO  handler.ContextHandler (ContextHandler.java:doStart(781)) - Started o.e.j.s.ServletContextHandler@4f081b5d{/logs,file:///tmp/workdir/hadoop-ozone/integration-test/target/log,AVAILABLE}
2019-07-13 10:59:18,226 INFO  handler.ContextHandler (ContextHandler.java:doStart(781)) - Started o.e.j.s.ServletContextHandler@740a0d5e{/static,jar:file:/home/user/.m2/repository/org/apache/hadoop/hadoop-hdds-container-service/0.5.0-SNAPSHOT/hadoop-hdds-container-service-0.5.0-SNAPSHOT.jar!/webapps/static,AVAILABLE}
2019-07-13 10:59:18,253 INFO  handler.ContextHandler (ContextHandler.java:doStart(781)) - Started o.e.j.w.WebAppContext@4ae2e781{/,file:///tmp/jetty-0.0.0.0-37210-hddsDatanode-_-any-1293748711602076374.dir/webapp/,AVAILABLE}{/hddsDatanode}
2019-07-13 10:59:18,254 INFO  server.AbstractConnector (AbstractConnector.java:doStart(278)) - Started ServerConnector@339f3a55{HTTP/1.1,[http/1.1]}{0.0.0.0:37210}
2019-07-13 10:59:18,255 INFO  server.Server (Server.java:doStart(419)) - Started @6799ms
2019-07-13 10:59:18,255 INFO  server.BaseHttpServer (BaseHttpServer.java:updateConnectorAddress(207)) - HTTP server of HDDSDATANODE is listening at http://0.0.0.0:37210
2019-07-13 10:59:18,375 INFO  ozone.HddsDatanodeService (HddsDatanodeService.java:startPlugins(396)) - Started plug-in org.apache.hadoop.ozone.web.OzoneHddsDatanodeService@15605d83
2019-07-13 10:59:18,376 INFO  impl.MetricsSystemImpl (MetricsSystemImpl.java:init(158)) - HddsDatanode metrics system started (again)
2019-07-13 10:59:18,377 INFO  ozone.HddsDatanodeService (HddsDatanodeService.java:start(185)) - HddsDatanodeService host:trunk-nightly-qcxv8-4293026562 ip:192.168.157.218
2019-07-13 10:59:18,379 INFO  util.JvmPauseMonitor (JvmPauseMonitor.java:run(188)) - Starting JVM pause monitor
2019-07-13 10:59:18,383 INFO  datanode.InitDatanodeState (InitDatanodeState.java:persistContainerDatanodeDetails(140)) - DatanodeDetails is persisted to /tmp/workdir/hadoop-ozone/integration-test/target/test-dir/MiniOzoneClusterImpl-af84d9c2-0d85-499d-bc96-6c4bab003ae0/datanode-3/meta/datanode.id
2019-07-13 10:59:18,386 INFO  volume.HddsVolume (HddsVolume.java:<init>(176)) - Creating Volume: /tmp/workdir/hadoop-ozone/integration-test/target/test-dir/MiniOzoneClusterImpl-af84d9c2-0d85-499d-bc96-6c4bab003ae0/datanode-4/data/containers/hdds of  storage type : DISK and capacity : 52710309888
2019-07-13 10:59:18,386 INFO  volume.VolumeSet (VolumeSet.java:initializeVolumeSet(170)) - Added Volume : /tmp/workdir/hadoop-ozone/integration-test/target/test-dir/MiniOzoneClusterImpl-af84d9c2-0d85-499d-bc96-6c4bab003ae0/datanode-4/data/containers/hdds to VolumeSet
2019-07-13 10:59:18,387 INFO  volume.ThrottledAsyncChecker (ThrottledAsyncChecker.java:schedule(140)) - Scheduling a check for org.apache.hadoop.ozone.container.common.volume.HddsVolume@6da54910
2019-07-13 10:59:18,387 INFO  volume.HddsVolumeChecker (HddsVolumeChecker.java:checkAllVolumes(203)) - Scheduled health check for volume org.apache.hadoop.ozone.container.common.volume.HddsVolume@6da54910
2019-07-13 10:59:18,400 INFO  impl.RaftServerProxy (ConfUtils.java:logGet(43)) - raft.rpc.type = GRPC (default)
2019-07-13 10:59:18,401 INFO  grpc.GrpcFactory (GrpcFactory.java:checkPooledByteBufAllocatorUseCacheForAllThreads(45)) - PERFORMANCE WARNING: useCacheForAllThreads is true that may cause Netty to create a lot garbage objects and, as a result, trigger GC.
	It is recommended to disable useCacheForAllThreads by setting -Dorg.apache.ratis.thirdparty.io.netty.allocator.useCacheForAllThreads=false in command line.
2019-07-13 10:59:18,401 INFO  grpc.GrpcConfigKeys$Server (ConfUtils.java:logGet(43)) - raft.grpc.server.port = 0 (default)
2019-07-13 10:59:18,401 INFO  server.GrpcService (ConfUtils.java:logGet(43)) - raft.grpc.message.size.max = 33570816 (custom)
2019-07-13 10:59:18,401 INFO  server.RaftServerConfigKeys (ConfUtils.java:logGet(43)) - raft.server.log.appender.buffer.byte-limit = 33554432 (custom)
2019-07-13 10:59:18,401 INFO  server.GrpcService (ConfUtils.java:logGet(43)) - raft.grpc.flow.control.window = 1MB (=1048576) (default)
2019-07-13 10:59:18,402 INFO  server.RaftServerConfigKeys (ConfUtils.java:logGet(43)) - raft.server.rpc.request.timeout = 3000ms (default)
2019-07-13 10:59:18,402 INFO  server.RaftServerConfigKeys (ConfUtils.java:logGet(43)) - raft.server.storage.dir = [/tmp/workdir/hadoop-ozone/integration-test/target/test-dir/MiniOzoneClusterImpl-af84d9c2-0d85-499d-bc96-6c4bab003ae0/datanode-4/data/ratis] (custom)
2019-07-13 10:59:18,403 INFO  replication.SimpleContainerDownloader (SimpleContainerDownloader.java:<init>(72)) - Starting container downloader service to copy containers to replicate.
2019-07-13 10:59:18,404 INFO  hdfs.DFSUtil (DFSUtil.java:httpServerTemplateForNNAndJN(1641)) - Starting Web-server for hddsDatanode at: http://0.0.0.0:0
2019-07-13 10:59:18,405 INFO  server.AuthenticationFilter (AuthenticationFilter.java:constructSecretProvider(240)) - Unable to initialize FileSignerSecretProvider, falling back to use random secrets.
2019-07-13 10:59:18,405 WARN  http.HttpRequestLog (HttpRequestLog.java:getRequestLog(97)) - Jetty request log can only be enabled using Log4j
2019-07-13 10:59:18,407 INFO  http.HttpServer2 (HttpServer2.java:addGlobalFilter(975)) - Added global filter 'safety' (class=org.apache.hadoop.http.HttpServer2$QuotingInputFilter)
2019-07-13 10:59:18,407 INFO  http.HttpServer2 (HttpServer2.java:addFilter(948)) - Added filter static_user_filter (class=org.apache.hadoop.http.lib.StaticUserWebFilter$StaticUserFilter) to context hddsDatanode
2019-07-13 10:59:18,407 INFO  http.HttpServer2 (HttpServer2.java:addFilter(958)) - Added filter static_user_filter (class=org.apache.hadoop.http.lib.StaticUserWebFilter$StaticUserFilter) to context logs
2019-07-13 10:59:18,407 INFO  http.HttpServer2 (HttpServer2.java:addFilter(958)) - Added filter static_user_filter (class=org.apache.hadoop.http.lib.StaticUserWebFilter$StaticUserFilter) to context static
2019-07-13 10:59:18,408 INFO  http.HttpServer2 (HttpServer2.java:bindListener(1191)) - Jetty bound to port 42973
2019-07-13 10:59:18,408 INFO  server.Server (Server.java:doStart(351)) - jetty-9.3.24.v20180605, build timestamp: 2018-06-05T17:11:56Z, git hash: 84205aa28f11a4f31f2a3b86d1bba2cc8ab69827
2019-07-13 10:59:18,411 INFO  handler.ContextHandler (ContextHandler.java:doStart(781)) - Started o.e.j.s.ServletContextHandler@640d604{/logs,file:///tmp/workdir/hadoop-ozone/integration-test/target/log,AVAILABLE}
2019-07-13 10:59:18,411 INFO  handler.ContextHandler (ContextHandler.java:doStart(781)) - Started o.e.j.s.ServletContextHandler@5438fa43{/static,jar:file:/home/user/.m2/repository/org/apache/hadoop/hadoop-hdds-container-service/0.5.0-SNAPSHOT/hadoop-hdds-container-service-0.5.0-SNAPSHOT.jar!/webapps/static,AVAILABLE}
2019-07-13 10:59:18,439 INFO  handler.ContextHandler (ContextHandler.java:doStart(781)) - Started o.e.j.w.WebAppContext@de77146{/,file:///tmp/jetty-0.0.0.0-42973-hddsDatanode-_-any-5207373069527106533.dir/webapp/,AVAILABLE}{/hddsDatanode}
2019-07-13 10:59:18,439 INFO  server.AbstractConnector (AbstractConnector.java:doStart(278)) - Started ServerConnector@691567ea{HTTP/1.1,[http/1.1]}{0.0.0.0:42973}
2019-07-13 10:59:18,440 INFO  server.Server (Server.java:doStart(419)) - Started @6985ms
2019-07-13 10:59:18,441 INFO  server.BaseHttpServer (BaseHttpServer.java:updateConnectorAddress(207)) - HTTP server of HDDSDATANODE is listening at http://0.0.0.0:42973
2019-07-13 10:59:18,562 INFO  ozone.HddsDatanodeService (HddsDatanodeService.java:startPlugins(396)) - Started plug-in org.apache.hadoop.ozone.web.OzoneHddsDatanodeService@2365ea38
2019-07-13 10:59:18,562 INFO  impl.MetricsSystemImpl (MetricsSystemImpl.java:init(158)) - HddsDatanode metrics system started (again)
2019-07-13 10:59:18,564 INFO  ozone.HddsDatanodeService (HddsDatanodeService.java:start(185)) - HddsDatanodeService host:trunk-nightly-qcxv8-4293026562 ip:192.168.157.218
2019-07-13 10:59:18,566 INFO  util.JvmPauseMonitor (JvmPauseMonitor.java:run(188)) - Starting JVM pause monitor
2019-07-13 10:59:18,571 INFO  datanode.InitDatanodeState (InitDatanodeState.java:persistContainerDatanodeDetails(140)) - DatanodeDetails is persisted to /tmp/workdir/hadoop-ozone/integration-test/target/test-dir/MiniOzoneClusterImpl-af84d9c2-0d85-499d-bc96-6c4bab003ae0/datanode-4/meta/datanode.id
2019-07-13 10:59:18,573 INFO  volume.HddsVolume (HddsVolume.java:<init>(176)) - Creating Volume: /tmp/workdir/hadoop-ozone/integration-test/target/test-dir/MiniOzoneClusterImpl-af84d9c2-0d85-499d-bc96-6c4bab003ae0/datanode-5/data/containers/hdds of  storage type : DISK and capacity : 52710309888
2019-07-13 10:59:18,573 INFO  volume.VolumeSet (VolumeSet.java:initializeVolumeSet(170)) - Added Volume : /tmp/workdir/hadoop-ozone/integration-test/target/test-dir/MiniOzoneClusterImpl-af84d9c2-0d85-499d-bc96-6c4bab003ae0/datanode-5/data/containers/hdds to VolumeSet
2019-07-13 10:59:18,573 INFO  volume.ThrottledAsyncChecker (ThrottledAsyncChecker.java:schedule(140)) - Scheduling a check for org.apache.hadoop.ozone.container.common.volume.HddsVolume@7781263c
2019-07-13 10:59:18,574 INFO  volume.HddsVolumeChecker (HddsVolumeChecker.java:checkAllVolumes(203)) - Scheduled health check for volume org.apache.hadoop.ozone.container.common.volume.HddsVolume@7781263c
2019-07-13 10:59:18,588 INFO  impl.RaftServerProxy (ConfUtils.java:logGet(43)) - raft.rpc.type = GRPC (default)
2019-07-13 10:59:18,589 INFO  grpc.GrpcFactory (GrpcFactory.java:checkPooledByteBufAllocatorUseCacheForAllThreads(45)) - PERFORMANCE WARNING: useCacheForAllThreads is true that may cause Netty to create a lot garbage objects and, as a result, trigger GC.
	It is recommended to disable useCacheForAllThreads by setting -Dorg.apache.ratis.thirdparty.io.netty.allocator.useCacheForAllThreads=false in command line.
2019-07-13 10:59:18,589 INFO  grpc.GrpcConfigKeys$Server (ConfUtils.java:logGet(43)) - raft.grpc.server.port = 0 (default)
2019-07-13 10:59:18,589 INFO  server.GrpcService (ConfUtils.java:logGet(43)) - raft.grpc.message.size.max = 33570816 (custom)
2019-07-13 10:59:18,589 INFO  server.RaftServerConfigKeys (ConfUtils.java:logGet(43)) - raft.server.log.appender.buffer.byte-limit = 33554432 (custom)
2019-07-13 10:59:18,589 INFO  server.GrpcService (ConfUtils.java:logGet(43)) - raft.grpc.flow.control.window = 1MB (=1048576) (default)
2019-07-13 10:59:18,590 INFO  server.RaftServerConfigKeys (ConfUtils.java:logGet(43)) - raft.server.rpc.request.timeout = 3000ms (default)
2019-07-13 10:59:18,590 INFO  server.RaftServerConfigKeys (ConfUtils.java:logGet(43)) - raft.server.storage.dir = [/tmp/workdir/hadoop-ozone/integration-test/target/test-dir/MiniOzoneClusterImpl-af84d9c2-0d85-499d-bc96-6c4bab003ae0/datanode-5/data/ratis] (custom)
2019-07-13 10:59:18,591 INFO  replication.SimpleContainerDownloader (SimpleContainerDownloader.java:<init>(72)) - Starting container downloader service to copy containers to replicate.
2019-07-13 10:59:18,592 INFO  hdfs.DFSUtil (DFSUtil.java:httpServerTemplateForNNAndJN(1641)) - Starting Web-server for hddsDatanode at: http://0.0.0.0:0
2019-07-13 10:59:18,593 INFO  server.AuthenticationFilter (AuthenticationFilter.java:constructSecretProvider(240)) - Unable to initialize FileSignerSecretProvider, falling back to use random secrets.
2019-07-13 10:59:18,593 WARN  http.HttpRequestLog (HttpRequestLog.java:getRequestLog(97)) - Jetty request log can only be enabled using Log4j
2019-07-13 10:59:18,594 INFO  http.HttpServer2 (HttpServer2.java:addGlobalFilter(975)) - Added global filter 'safety' (class=org.apache.hadoop.http.HttpServer2$QuotingInputFilter)
2019-07-13 10:59:18,595 INFO  http.HttpServer2 (HttpServer2.java:addFilter(948)) - Added filter static_user_filter (class=org.apache.hadoop.http.lib.StaticUserWebFilter$StaticUserFilter) to context hddsDatanode
2019-07-13 10:59:18,595 INFO  http.HttpServer2 (HttpServer2.java:addFilter(958)) - Added filter static_user_filter (class=org.apache.hadoop.http.lib.StaticUserWebFilter$StaticUserFilter) to context logs
2019-07-13 10:59:18,595 INFO  http.HttpServer2 (HttpServer2.java:addFilter(958)) - Added filter static_user_filter (class=org.apache.hadoop.http.lib.StaticUserWebFilter$StaticUserFilter) to context static
2019-07-13 10:59:18,595 INFO  http.HttpServer2 (HttpServer2.java:bindListener(1191)) - Jetty bound to port 36260
2019-07-13 10:59:18,596 INFO  server.Server (Server.java:doStart(351)) - jetty-9.3.24.v20180605, build timestamp: 2018-06-05T17:11:56Z, git hash: 84205aa28f11a4f31f2a3b86d1bba2cc8ab69827
2019-07-13 10:59:18,598 INFO  handler.ContextHandler (ContextHandler.java:doStart(781)) - Started o.e.j.s.ServletContextHandler@325162e9{/logs,file:///tmp/workdir/hadoop-ozone/integration-test/target/log,AVAILABLE}
2019-07-13 10:59:18,598 INFO  handler.ContextHandler (ContextHandler.java:doStart(781)) - Started o.e.j.s.ServletContextHandler@5c448ef{/static,jar:file:/home/user/.m2/repository/org/apache/hadoop/hadoop-hdds-container-service/0.5.0-SNAPSHOT/hadoop-hdds-container-service-0.5.0-SNAPSHOT.jar!/webapps/static,AVAILABLE}
2019-07-13 10:59:18,626 INFO  handler.ContextHandler (ContextHandler.java:doStart(781)) - Started o.e.j.w.WebAppContext@377dfb8d{/,file:///tmp/jetty-0.0.0.0-36260-hddsDatanode-_-any-4697115971248798582.dir/webapp/,AVAILABLE}{/hddsDatanode}
2019-07-13 10:59:18,627 INFO  server.AbstractConnector (AbstractConnector.java:doStart(278)) - Started ServerConnector@42a0786f{HTTP/1.1,[http/1.1]}{0.0.0.0:36260}
2019-07-13 10:59:18,628 INFO  server.Server (Server.java:doStart(419)) - Started @7173ms
2019-07-13 10:59:18,629 INFO  server.BaseHttpServer (BaseHttpServer.java:updateConnectorAddress(207)) - HTTP server of HDDSDATANODE is listening at http://0.0.0.0:36260
2019-07-13 10:59:18,751 INFO  ozone.HddsDatanodeService (HddsDatanodeService.java:startPlugins(396)) - Started plug-in org.apache.hadoop.ozone.web.OzoneHddsDatanodeService@165614f5
2019-07-13 10:59:18,751 INFO  impl.MetricsSystemImpl (MetricsSystemImpl.java:init(158)) - HddsDatanode metrics system started (again)
2019-07-13 10:59:18,753 INFO  ozone.HddsDatanodeService (HddsDatanodeService.java:start(185)) - HddsDatanodeService host:trunk-nightly-qcxv8-4293026562 ip:192.168.157.218
2019-07-13 10:59:18,755 INFO  util.JvmPauseMonitor (JvmPauseMonitor.java:run(188)) - Starting JVM pause monitor
2019-07-13 10:59:18,758 INFO  datanode.InitDatanodeState (InitDatanodeState.java:persistContainerDatanodeDetails(140)) - DatanodeDetails is persisted to /tmp/workdir/hadoop-ozone/integration-test/target/test-dir/MiniOzoneClusterImpl-af84d9c2-0d85-499d-bc96-6c4bab003ae0/datanode-5/meta/datanode.id
2019-07-13 10:59:18,763 INFO  volume.HddsVolume (HddsVolume.java:<init>(176)) - Creating Volume: /tmp/workdir/hadoop-ozone/integration-test/target/test-dir/MiniOzoneClusterImpl-af84d9c2-0d85-499d-bc96-6c4bab003ae0/datanode-6/data/containers/hdds of  storage type : DISK and capacity : 52710309888
2019-07-13 10:59:18,764 INFO  volume.VolumeSet (VolumeSet.java:initializeVolumeSet(170)) - Added Volume : /tmp/workdir/hadoop-ozone/integration-test/target/test-dir/MiniOzoneClusterImpl-af84d9c2-0d85-499d-bc96-6c4bab003ae0/datanode-6/data/containers/hdds to VolumeSet
2019-07-13 10:59:18,764 INFO  volume.ThrottledAsyncChecker (ThrottledAsyncChecker.java:schedule(140)) - Scheduling a check for org.apache.hadoop.ozone.container.common.volume.HddsVolume@103c97ff
2019-07-13 10:59:18,764 INFO  volume.HddsVolumeChecker (HddsVolumeChecker.java:checkAllVolumes(203)) - Scheduled health check for volume org.apache.hadoop.ozone.container.common.volume.HddsVolume@103c97ff
2019-07-13 10:59:18,781 INFO  impl.RaftServerProxy (ConfUtils.java:logGet(43)) - raft.rpc.type = GRPC (default)
2019-07-13 10:59:18,781 INFO  grpc.GrpcFactory (GrpcFactory.java:checkPooledByteBufAllocatorUseCacheForAllThreads(45)) - PERFORMANCE WARNING: useCacheForAllThreads is true that may cause Netty to create a lot garbage objects and, as a result, trigger GC.
	It is recommended to disable useCacheForAllThreads by setting -Dorg.apache.ratis.thirdparty.io.netty.allocator.useCacheForAllThreads=false in command line.
2019-07-13 10:59:18,781 INFO  grpc.GrpcConfigKeys$Server (ConfUtils.java:logGet(43)) - raft.grpc.server.port = 0 (default)
2019-07-13 10:59:18,782 INFO  server.GrpcService (ConfUtils.java:logGet(43)) - raft.grpc.message.size.max = 33570816 (custom)
2019-07-13 10:59:18,782 INFO  server.RaftServerConfigKeys (ConfUtils.java:logGet(43)) - raft.server.log.appender.buffer.byte-limit = 33554432 (custom)
2019-07-13 10:59:18,782 INFO  server.GrpcService (ConfUtils.java:logGet(43)) - raft.grpc.flow.control.window = 1MB (=1048576) (default)
2019-07-13 10:59:18,782 INFO  server.RaftServerConfigKeys (ConfUtils.java:logGet(43)) - raft.server.rpc.request.timeout = 3000ms (default)
2019-07-13 10:59:18,783 INFO  server.RaftServerConfigKeys (ConfUtils.java:logGet(43)) - raft.server.storage.dir = [/tmp/workdir/hadoop-ozone/integration-test/target/test-dir/MiniOzoneClusterImpl-af84d9c2-0d85-499d-bc96-6c4bab003ae0/datanode-6/data/ratis] (custom)
2019-07-13 10:59:18,783 INFO  replication.SimpleContainerDownloader (SimpleContainerDownloader.java:<init>(72)) - Starting container downloader service to copy containers to replicate.
2019-07-13 10:59:18,784 INFO  hdfs.DFSUtil (DFSUtil.java:httpServerTemplateForNNAndJN(1641)) - Starting Web-server for hddsDatanode at: http://0.0.0.0:0
2019-07-13 10:59:18,786 INFO  server.AuthenticationFilter (AuthenticationFilter.java:constructSecretProvider(240)) - Unable to initialize FileSignerSecretProvider, falling back to use random secrets.
2019-07-13 10:59:18,786 WARN  http.HttpRequestLog (HttpRequestLog.java:getRequestLog(97)) - Jetty request log can only be enabled using Log4j
2019-07-13 10:59:18,787 INFO  http.HttpServer2 (HttpServer2.java:addGlobalFilter(975)) - Added global filter 'safety' (class=org.apache.hadoop.http.HttpServer2$QuotingInputFilter)
2019-07-13 10:59:18,788 INFO  http.HttpServer2 (HttpServer2.java:addFilter(948)) - Added filter static_user_filter (class=org.apache.hadoop.http.lib.StaticUserWebFilter$StaticUserFilter) to context hddsDatanode
2019-07-13 10:59:18,788 INFO  http.HttpServer2 (HttpServer2.java:addFilter(958)) - Added filter static_user_filter (class=org.apache.hadoop.http.lib.StaticUserWebFilter$StaticUserFilter) to context logs
2019-07-13 10:59:18,788 INFO  http.HttpServer2 (HttpServer2.java:addFilter(958)) - Added filter static_user_filter (class=org.apache.hadoop.http.lib.StaticUserWebFilter$StaticUserFilter) to context static
2019-07-13 10:59:18,789 INFO  http.HttpServer2 (HttpServer2.java:bindListener(1191)) - Jetty bound to port 39813
2019-07-13 10:59:18,789 INFO  server.Server (Server.java:doStart(351)) - jetty-9.3.24.v20180605, build timestamp: 2018-06-05T17:11:56Z, git hash: 84205aa28f11a4f31f2a3b86d1bba2cc8ab69827
2019-07-13 10:59:18,791 INFO  handler.ContextHandler (ContextHandler.java:doStart(781)) - Started o.e.j.s.ServletContextHandler@35fa450f{/logs,file:///tmp/workdir/hadoop-ozone/integration-test/target/log,AVAILABLE}
2019-07-13 10:59:18,792 INFO  handler.ContextHandler (ContextHandler.java:doStart(781)) - Started o.e.j.s.ServletContextHandler@9b3be1c{/static,jar:file:/home/user/.m2/repository/org/apache/hadoop/hadoop-hdds-container-service/0.5.0-SNAPSHOT/hadoop-hdds-container-service-0.5.0-SNAPSHOT.jar!/webapps/static,AVAILABLE}
2019-07-13 10:59:18,821 INFO  handler.ContextHandler (ContextHandler.java:doStart(781)) - Started o.e.j.w.WebAppContext@4c7d7430{/,file:///tmp/jetty-0.0.0.0-39813-hddsDatanode-_-any-5736263533880651376.dir/webapp/,AVAILABLE}{/hddsDatanode}
2019-07-13 10:59:18,821 INFO  server.AbstractConnector (AbstractConnector.java:doStart(278)) - Started ServerConnector@4ea1aa52{HTTP/1.1,[http/1.1]}{0.0.0.0:39813}
2019-07-13 10:59:18,823 INFO  server.Server (Server.java:doStart(419)) - Started @7367ms
2019-07-13 10:59:18,823 INFO  server.BaseHttpServer (BaseHttpServer.java:updateConnectorAddress(207)) - HTTP server of HDDSDATANODE is listening at http://0.0.0.0:39813
2019-07-13 10:59:19,039 INFO  ozone.HddsDatanodeService (HddsDatanodeService.java:startPlugins(396)) - Started plug-in org.apache.hadoop.ozone.web.OzoneHddsDatanodeService@da09250
2019-07-13 10:59:19,042 INFO  ozone.MiniOzoneClusterImpl (MiniOzoneClusterImpl.java:lambda$waitForClusterToBeReady$0(142)) - Waiting for cluster to be ready. Got 0 of 7 DN Heartbeats.
2019-07-13 10:59:19,043 INFO  util.JvmPauseMonitor (JvmPauseMonitor.java:run(188)) - Starting JVM pause monitor
2019-07-13 10:59:19,045 INFO  datanode.InitDatanodeState (InitDatanodeState.java:persistContainerDatanodeDetails(140)) - DatanodeDetails is persisted to /tmp/workdir/hadoop-ozone/integration-test/target/test-dir/MiniOzoneClusterImpl-af84d9c2-0d85-499d-bc96-6c4bab003ae0/datanode-6/meta/datanode.id
2019-07-13 10:59:19,809 INFO  ozoneimpl.OzoneContainer (OzoneContainer.java:start(186)) - Attempting to start container services.
2019-07-13 10:59:19,811 INFO  ozoneimpl.OzoneContainer (OzoneContainer.java:startContainerScrub(160)) - Background container scrubber has been disabled by hdds.containerscrub.enabled
2019-07-13 10:59:19,811 INFO  ratis.XceiverServerRatis (XceiverServerRatis.java:start(418)) - Starting XceiverServerRatis 84d6cbd8-10dc-4dfd-94c8-59a57a8a3286 at port 0
2019-07-13 10:59:19,832 INFO  impl.RaftServerProxy (RaftServerProxy.java:lambda$start$3(299)) - 84d6cbd8-10dc-4dfd-94c8-59a57a8a3286: start RPC server
2019-07-13 10:59:19,953 INFO  server.GrpcService (GrpcService.java:startImpl(149)) - 84d6cbd8-10dc-4dfd-94c8-59a57a8a3286: GrpcService started, listening on 0.0.0.0/0.0.0.0:43919
2019-07-13 10:59:19,954 INFO  ratis.XceiverServerRatis (XceiverServerRatis.java:start(428)) - XceiverServerRatis 84d6cbd8-10dc-4dfd-94c8-59a57a8a3286 is started using port 43919
2019-07-13 10:59:19,955 INFO  server.XceiverServerGrpc (XceiverServerGrpc.java:start(161)) - XceiverServerGrpc 84d6cbd8-10dc-4dfd-94c8-59a57a8a3286 is started using port 36056
2019-07-13 10:59:19,980 INFO  ozoneimpl.OzoneContainer (OzoneContainer.java:start(186)) - Attempting to start container services.
2019-07-13 10:59:19,982 INFO  ozoneimpl.OzoneContainer (OzoneContainer.java:startContainerScrub(160)) - Background container scrubber has been disabled by hdds.containerscrub.enabled
2019-07-13 10:59:19,982 INFO  ratis.XceiverServerRatis (XceiverServerRatis.java:start(418)) - Starting XceiverServerRatis 0bf649db-c09a-4405-873c-313ea8973ebd at port 0
2019-07-13 10:59:19,990 INFO  impl.RaftServerProxy (RaftServerProxy.java:lambda$start$3(299)) - 0bf649db-c09a-4405-873c-313ea8973ebd: start RPC server
2019-07-13 10:59:19,993 INFO  server.GrpcService (GrpcService.java:startImpl(149)) - 0bf649db-c09a-4405-873c-313ea8973ebd: GrpcService started, listening on 0.0.0.0/0.0.0.0:32780
2019-07-13 10:59:19,994 INFO  ratis.XceiverServerRatis (XceiverServerRatis.java:start(428)) - XceiverServerRatis 0bf649db-c09a-4405-873c-313ea8973ebd is started using port 32780
2019-07-13 10:59:19,996 INFO  server.XceiverServerGrpc (XceiverServerGrpc.java:start(161)) - XceiverServerGrpc 0bf649db-c09a-4405-873c-313ea8973ebd is started using port 45247
2019-07-13 10:59:20,042 INFO  ozone.MiniOzoneClusterImpl (MiniOzoneClusterImpl.java:lambda$waitForClusterToBeReady$0(142)) - Waiting for cluster to be ready. Got 0 of 7 DN Heartbeats.
2019-07-13 10:59:20,223 INFO  ozoneimpl.OzoneContainer (OzoneContainer.java:start(186)) - Attempting to start container services.
2019-07-13 10:59:20,228 INFO  ozoneimpl.OzoneContainer (OzoneContainer.java:startContainerScrub(160)) - Background container scrubber has been disabled by hdds.containerscrub.enabled
2019-07-13 10:59:20,228 INFO  ratis.XceiverServerRatis (XceiverServerRatis.java:start(418)) - Starting XceiverServerRatis ce9f14b8-8d16-4df7-b53d-c738df7dd7b1 at port 0
2019-07-13 10:59:20,238 INFO  impl.RaftServerProxy (RaftServerProxy.java:lambda$start$3(299)) - ce9f14b8-8d16-4df7-b53d-c738df7dd7b1: start RPC server
2019-07-13 10:59:20,241 INFO  server.GrpcService (GrpcService.java:startImpl(149)) - ce9f14b8-8d16-4df7-b53d-c738df7dd7b1: GrpcService started, listening on 0.0.0.0/0.0.0.0:33391
2019-07-13 10:59:20,241 INFO  ratis.XceiverServerRatis (XceiverServerRatis.java:start(428)) - XceiverServerRatis ce9f14b8-8d16-4df7-b53d-c738df7dd7b1 is started using port 33391
2019-07-13 10:59:20,244 INFO  server.XceiverServerGrpc (XceiverServerGrpc.java:start(161)) - XceiverServerGrpc ce9f14b8-8d16-4df7-b53d-c738df7dd7b1 is started using port 34342
2019-07-13 10:59:20,404 INFO  ozoneimpl.OzoneContainer (OzoneContainer.java:start(186)) - Attempting to start container services.
2019-07-13 10:59:20,404 INFO  ozoneimpl.OzoneContainer (OzoneContainer.java:startContainerScrub(160)) - Background container scrubber has been disabled by hdds.containerscrub.enabled
2019-07-13 10:59:20,405 INFO  ratis.XceiverServerRatis (XceiverServerRatis.java:start(418)) - Starting XceiverServerRatis 483d5df8-4905-41e2-a2e5-3e4aa56c3dae at port 0
2019-07-13 10:59:20,415 INFO  impl.RaftServerProxy (RaftServerProxy.java:lambda$start$3(299)) - 483d5df8-4905-41e2-a2e5-3e4aa56c3dae: start RPC server
2019-07-13 10:59:20,420 INFO  server.GrpcService (GrpcService.java:startImpl(149)) - 483d5df8-4905-41e2-a2e5-3e4aa56c3dae: GrpcService started, listening on 0.0.0.0/0.0.0.0:44937
2019-07-13 10:59:20,420 INFO  ratis.XceiverServerRatis (XceiverServerRatis.java:start(428)) - XceiverServerRatis 483d5df8-4905-41e2-a2e5-3e4aa56c3dae is started using port 44937
2019-07-13 10:59:20,425 INFO  server.XceiverServerGrpc (XceiverServerGrpc.java:start(161)) - XceiverServerGrpc 483d5df8-4905-41e2-a2e5-3e4aa56c3dae is started using port 37790
2019-07-13 10:59:20,595 INFO  ozoneimpl.OzoneContainer (OzoneContainer.java:start(186)) - Attempting to start container services.
2019-07-13 10:59:20,595 INFO  ozoneimpl.OzoneContainer (OzoneContainer.java:startContainerScrub(160)) - Background container scrubber has been disabled by hdds.containerscrub.enabled
2019-07-13 10:59:20,596 INFO  ratis.XceiverServerRatis (XceiverServerRatis.java:start(418)) - Starting XceiverServerRatis c4e2b5c3-ff1f-4a50-a7c3-54cb7a8212be at port 0
2019-07-13 10:59:20,607 INFO  impl.RaftServerProxy (RaftServerProxy.java:lambda$start$3(299)) - c4e2b5c3-ff1f-4a50-a7c3-54cb7a8212be: start RPC server
2019-07-13 10:59:20,611 INFO  server.GrpcService (GrpcService.java:startImpl(149)) - c4e2b5c3-ff1f-4a50-a7c3-54cb7a8212be: GrpcService started, listening on 0.0.0.0/0.0.0.0:46595
2019-07-13 10:59:20,611 INFO  ratis.XceiverServerRatis (XceiverServerRatis.java:start(428)) - XceiverServerRatis c4e2b5c3-ff1f-4a50-a7c3-54cb7a8212be is started using port 46595
2019-07-13 10:59:20,615 INFO  server.XceiverServerGrpc (XceiverServerGrpc.java:start(161)) - XceiverServerGrpc c4e2b5c3-ff1f-4a50-a7c3-54cb7a8212be is started using port 44899
2019-07-13 10:59:20,783 INFO  ozoneimpl.OzoneContainer (OzoneContainer.java:start(186)) - Attempting to start container services.
2019-07-13 10:59:20,784 INFO  ozoneimpl.OzoneContainer (OzoneContainer.java:startContainerScrub(160)) - Background container scrubber has been disabled by hdds.containerscrub.enabled
2019-07-13 10:59:20,784 INFO  ratis.XceiverServerRatis (XceiverServerRatis.java:start(418)) - Starting XceiverServerRatis ec32634b-29c5-463a-8bfb-d67545e8478f at port 0
2019-07-13 10:59:20,793 INFO  impl.RaftServerProxy (RaftServerProxy.java:lambda$start$3(299)) - ec32634b-29c5-463a-8bfb-d67545e8478f: start RPC server
2019-07-13 10:59:20,798 INFO  server.GrpcService (GrpcService.java:startImpl(149)) - ec32634b-29c5-463a-8bfb-d67545e8478f: GrpcService started, listening on 0.0.0.0/0.0.0.0:40537
2019-07-13 10:59:20,798 INFO  ratis.XceiverServerRatis (XceiverServerRatis.java:start(428)) - XceiverServerRatis ec32634b-29c5-463a-8bfb-d67545e8478f is started using port 40537
2019-07-13 10:59:20,803 INFO  server.XceiverServerGrpc (XceiverServerGrpc.java:start(161)) - XceiverServerGrpc ec32634b-29c5-463a-8bfb-d67545e8478f is started using port 35110
2019-07-13 10:59:21,043 INFO  ozone.MiniOzoneClusterImpl (MiniOzoneClusterImpl.java:lambda$waitForClusterToBeReady$0(142)) - Waiting for cluster to be ready. Got 0 of 7 DN Heartbeats.
2019-07-13 10:59:21,060 INFO  ozoneimpl.OzoneContainer (OzoneContainer.java:start(186)) - Attempting to start container services.
2019-07-13 10:59:21,060 INFO  ozoneimpl.OzoneContainer (OzoneContainer.java:startContainerScrub(160)) - Background container scrubber has been disabled by hdds.containerscrub.enabled
2019-07-13 10:59:21,060 INFO  ratis.XceiverServerRatis (XceiverServerRatis.java:start(418)) - Starting XceiverServerRatis 3350650c-6992-45d7-aea4-e7b0277db5d9 at port 0
2019-07-13 10:59:21,070 INFO  impl.RaftServerProxy (RaftServerProxy.java:lambda$start$3(299)) - 3350650c-6992-45d7-aea4-e7b0277db5d9: start RPC server
2019-07-13 10:59:21,074 INFO  server.GrpcService (GrpcService.java:startImpl(149)) - 3350650c-6992-45d7-aea4-e7b0277db5d9: GrpcService started, listening on 0.0.0.0/0.0.0.0:41564
2019-07-13 10:59:21,074 INFO  ratis.XceiverServerRatis (XceiverServerRatis.java:start(428)) - XceiverServerRatis 3350650c-6992-45d7-aea4-e7b0277db5d9 is started using port 41564
2019-07-13 10:59:21,079 INFO  server.XceiverServerGrpc (XceiverServerGrpc.java:start(161)) - XceiverServerGrpc 3350650c-6992-45d7-aea4-e7b0277db5d9 is started using port 44991
2019-07-13 10:59:21,792 INFO  net.NetworkTopology (NetworkTopologyImpl.java:add(110)) - Added a new node: /default-rack/192.168.157.218
2019-07-13 10:59:21,792 INFO  node.SCMNodeManager (SCMNodeManager.java:register(269)) - Registered Data node : 84d6cbd8-10dc-4dfd-94c8-59a57a8a3286{ip: 192.168.157.218, host: trunk-nightly-qcxv8-4293026562, networkLocation: /default-rack, certSerialId: null}
2019-07-13 10:59:21,798 INFO  safemode.SCMSafeModeManager (DataNodeSafeModeRule.java:process(71)) - SCM in safe mode. 1 DataNodes registered, 1 required.
2019-07-13 10:59:21,798 INFO  safemode.SCMSafeModeManager (SCMSafeModeManager.java:validateSafeModeExitRules(177)) - ScmSafeModeManager, all rules are successfully validated
2019-07-13 10:59:21,798 INFO  safemode.SCMSafeModeManager (SCMSafeModeManager.java:exitSafeMode(193)) - SCM exiting safe mode.
2019-07-13 10:59:21,968 INFO  node.SCMNodeManager (SCMNodeManager.java:register(269)) - Registered Data node : 0bf649db-c09a-4405-873c-313ea8973ebd{ip: 192.168.157.218, host: trunk-nightly-qcxv8-4293026562, networkLocation: /default-rack, certSerialId: null}
2019-07-13 10:59:22,044 INFO  ozone.MiniOzoneClusterImpl (MiniOzoneClusterImpl.java:lambda$waitForClusterToBeReady$0(142)) - Waiting for cluster to be ready. Got 2 of 7 DN Heartbeats.
2019-07-13 10:59:22,198 INFO  node.SCMNodeManager (SCMNodeManager.java:register(269)) - Registered Data node : ce9f14b8-8d16-4df7-b53d-c738df7dd7b1{ip: 192.168.157.218, host: trunk-nightly-qcxv8-4293026562, networkLocation: /default-rack, certSerialId: null}
2019-07-13 10:59:22,726 INFO  node.SCMNodeManager (SCMNodeManager.java:register(269)) - Registered Data node : c4e2b5c3-ff1f-4a50-a7c3-54cb7a8212be{ip: 192.168.157.218, host: trunk-nightly-qcxv8-4293026562, networkLocation: /default-rack, certSerialId: null}
2019-07-13 10:59:22,726 INFO  node.SCMNodeManager (SCMNodeManager.java:register(269)) - Registered Data node : 483d5df8-4905-41e2-a2e5-3e4aa56c3dae{ip: 192.168.157.218, host: trunk-nightly-qcxv8-4293026562, networkLocation: /default-rack, certSerialId: null}
2019-07-13 10:59:22,748 INFO  impl.RaftServerProxy (RaftServerProxy.java:addNew(89)) - 84d6cbd8-10dc-4dfd-94c8-59a57a8a3286: addNew group-AF76015DEE73:[84d6cbd8-10dc-4dfd-94c8-59a57a8a3286:192.168.157.218:43919] returns group-AF76015DEE73:java.util.concurrent.CompletableFuture@7fb383da[Not completed]
2019-07-13 10:59:22,762 INFO  node.SCMNodeManager (SCMNodeManager.java:register(269)) - Registered Data node : ec32634b-29c5-463a-8bfb-d67545e8478f{ip: 192.168.157.218, host: trunk-nightly-qcxv8-4293026562, networkLocation: /default-rack, certSerialId: null}
2019-07-13 10:59:22,770 INFO  impl.RaftServerImpl (RaftServerImpl.java:<init>(93)) - 84d6cbd8-10dc-4dfd-94c8-59a57a8a3286: new RaftServerImpl for group-AF76015DEE73:[84d6cbd8-10dc-4dfd-94c8-59a57a8a3286:192.168.157.218:43919] with ContainerStateMachine:uninitialized
2019-07-13 10:59:22,772 INFO  server.RaftServerConfigKeys (ConfUtils.java:logGet(43)) - raft.server.rpc.timeout.min = 5s (custom)
2019-07-13 10:59:22,774 INFO  server.RaftServerConfigKeys (ConfUtils.java:logGet(43)) - raft.server.rpc.timeout.max = 5200ms (custom)
2019-07-13 10:59:22,774 INFO  server.RaftServerConfigKeys (ConfUtils.java:logGet(43)) - raft.server.rpcslowness.timeout = 120s (custom)
2019-07-13 10:59:22,776 INFO  server.RaftServerConfigKeys (ConfUtils.java:logGet(43)) - raft.server.sleep.deviation.threshold = 300 (default)
2019-07-13 10:59:22,777 INFO  server.RaftServerConfigKeys (ConfUtils.java:logGet(43)) - raft.server.log.appender.install.snapshot.enabled = false (custom)
2019-07-13 10:59:22,787 INFO  impl.RaftServerImpl (ServerState.java:<init>(105)) - 84d6cbd8-10dc-4dfd-94c8-59a57a8a3286:group-AF76015DEE73 ConfigurationManager, init=-1: [84d6cbd8-10dc-4dfd-94c8-59a57a8a3286:192.168.157.218:43919], old=null, confs=<EMPTY_MAP>
2019-07-13 10:59:22,787 INFO  server.RaftServerConfigKeys (ConfUtils.java:logGet(43)) - raft.server.storage.dir = [/tmp/workdir/hadoop-ozone/integration-test/target/test-dir/MiniOzoneClusterImpl-af84d9c2-0d85-499d-bc96-6c4bab003ae0/datanode-0/data/ratis] (custom)
2019-07-13 10:59:22,797 INFO  storage.RaftStorageDirectory (RaftStorageDirectory.java:analyzeStorage(246)) - The storage directory /tmp/workdir/hadoop-ozone/integration-test/target/test-dir/MiniOzoneClusterImpl-af84d9c2-0d85-499d-bc96-6c4bab003ae0/datanode-0/data/ratis/e45eca80-49bd-4510-8d9a-af76015dee73 does not exist. Creating ...
2019-07-13 10:59:22,815 INFO  storage.RaftStorageDirectory (RaftStorageDirectory.java:tryLock(328)) - Lock on /tmp/workdir/hadoop-ozone/integration-test/target/test-dir/MiniOzoneClusterImpl-af84d9c2-0d85-499d-bc96-6c4bab003ae0/datanode-0/data/ratis/e45eca80-49bd-4510-8d9a-af76015dee73/in_use.lock acquired by nodename 23530@trunk-nightly-qcxv8-4293026562
2019-07-13 10:59:22,830 INFO  storage.RaftStorage (RaftStorage.java:format(72)) - Storage directory /tmp/workdir/hadoop-ozone/integration-test/target/test-dir/MiniOzoneClusterImpl-af84d9c2-0d85-499d-bc96-6c4bab003ae0/datanode-0/data/ratis/e45eca80-49bd-4510-8d9a-af76015dee73 has been successfully formatted.
2019-07-13 10:59:22,833 INFO  ratis.ContainerStateMachine (ContainerStateMachine.java:loadSnapshot(200)) - The snapshot info is null.Setting the last applied index to:(t:0, i:~)
2019-07-13 10:59:22,833 INFO  server.RaftServerConfigKeys (ConfUtils.java:logGet(43)) - raft.server.leader.election.timeout = 120s (custom)
2019-07-13 10:59:22,835 INFO  server.RaftServerConfigKeys (ConfUtils.java:logGet(43)) - raft.server.log.use.memory = false (default)
2019-07-13 10:59:22,842 INFO  server.RaftServerConfigKeys (ConfUtils.java:logGet(43)) - raft.server.log.purge.gap = 1000000000 (custom)
2019-07-13 10:59:22,842 INFO  server.RaftServerConfigKeys (ConfUtils.java:logGet(43)) - raft.server.log.appender.buffer.byte-limit = 33554432 (custom)
2019-07-13 10:59:22,844 INFO  server.RaftServerConfigKeys (ConfUtils.java:logGet(43)) - raft.server.log.segment.size.max = 1048576 (custom)
2019-07-13 10:59:22,849 INFO  server.RaftServerConfigKeys (ConfUtils.java:logGet(43)) - raft.server.log.segment.cache.num.max = 2 (custom)
2019-07-13 10:59:22,855 INFO  segmented.SegmentedRaftLogWorker (SegmentedRaftLogWorker.java:<init>(172)) - new 84d6cbd8-10dc-4dfd-94c8-59a57a8a3286-SegmentedRaftLogWorker:Storage Directory /tmp/workdir/hadoop-ozone/integration-test/target/test-dir/MiniOzoneClusterImpl-af84d9c2-0d85-499d-bc96-6c4bab003ae0/datanode-0/data/ratis/e45eca80-49bd-4510-8d9a-af76015dee73 for RaftStorage:Storage Directory /tmp/workdir/hadoop-ozone/integration-test/target/test-dir/MiniOzoneClusterImpl-af84d9c2-0d85-499d-bc96-6c4bab003ae0/datanode-0/data/ratis/e45eca80-49bd-4510-8d9a-af76015dee73
2019-07-13 10:59:22,868 INFO  server.RaftServerConfigKeys (ConfUtils.java:logGet(43)) - raft.server.log.queue.byte-limit = 2147483647 (custom)
2019-07-13 10:59:22,869 INFO  server.RaftServerConfigKeys (ConfUtils.java:logGet(43)) - raft.server.log.queue.element-limit = 1024 (custom)
2019-07-13 10:59:22,874 INFO  server.RaftServerConfigKeys (ConfUtils.java:logGet(43)) - raft.server.log.segment.size.max = 1048576 (custom)
2019-07-13 10:59:22,874 INFO  server.RaftServerConfigKeys (ConfUtils.java:logGet(43)) - raft.server.log.preallocated.size = 16384 (custom)
2019-07-13 10:59:22,875 INFO  server.RaftServerConfigKeys (ConfUtils.java:logGet(43)) - raft.server.log.write.buffer.size = 33554432 (custom)
2019-07-13 10:59:22,875 INFO  server.RaftServerConfigKeys (ConfUtils.java:logGet(43)) - raft.server.log.force.sync.num = 128 (default)
2019-07-13 10:59:22,876 INFO  server.RaftServerConfigKeys (ConfUtils.java:logGet(43)) - raft.server.log.statemachine.data.sync = true (default)
2019-07-13 10:59:22,876 INFO  server.RaftServerConfigKeys (ConfUtils.java:logGet(43)) - raft.server.log.statemachine.data.sync.timeout = 10s (default)
2019-07-13 10:59:22,877 INFO  server.RaftServerConfigKeys (ConfUtils.java:logGet(43)) - raft.server.log.statemachine.data.sync.timeout.retry = -1 (default)
2019-07-13 10:59:22,886 INFO  server.RaftServerConfigKeys (ConfUtils.java:logGet(43)) - raft.server.log.statemachine.data.caching.enabled = true (custom)
2019-07-13 10:59:22,890 INFO  segmented.SegmentedRaftLogWorker (SegmentedRaftLogWorker.java:lambda$new$0(132)) - 84d6cbd8-10dc-4dfd-94c8-59a57a8a3286-SegmentedRaftLogWorker:Storage Directory /tmp/workdir/hadoop-ozone/integration-test/target/test-dir/MiniOzoneClusterImpl-af84d9c2-0d85-499d-bc96-6c4bab003ae0/datanode-0/data/ratis/e45eca80-49bd-4510-8d9a-af76015dee73: flushIndex: setUnconditionally 0 -> -1
2019-07-13 10:59:22,894 INFO  server.RaftServerConfigKeys (ConfUtils.java:logGet(43)) - raft.server.snapshot.auto.trigger.enabled = true (custom)
2019-07-13 10:59:22,895 INFO  server.RaftServerConfigKeys (ConfUtils.java:logGet(43)) - raft.server.snapshot.auto.trigger.threshold = 10000 (custom)
2019-07-13 10:59:22,896 INFO  server.RaftServerConfigKeys (ConfUtils.java:logGet(43)) - raft.server.retrycache.expirytime = 600000ms (custom)
2019-07-13 10:59:22,915 INFO  impl.RaftServerImpl (RaftServerImpl.java:start(180)) - 84d6cbd8-10dc-4dfd-94c8-59a57a8a3286: start group-AF76015DEE73
2019-07-13 10:59:22,916 INFO  impl.RaftServerImpl (RaftServerImpl.java:setRole(171)) - 84d6cbd8-10dc-4dfd-94c8-59a57a8a3286:group-AF76015DEE73 changes role from null to FOLLOWER at term 0 for startAsFollower
2019-07-13 10:59:22,917 INFO  impl.RoleInfo (RoleInfo.java:updateAndGet(143)) - 84d6cbd8-10dc-4dfd-94c8-59a57a8a3286: start FollowerState
2019-07-13 10:59:22,919 INFO  util.JmxRegister (JmxRegister.java:tryRegister(44)) - Successfully registered JMX Bean with object name Ratis:service=RaftServer,group=group-AF76015DEE73,id=84d6cbd8-10dc-4dfd-94c8-59a57a8a3286
2019-07-13 10:59:22,982 INFO  pipeline.PipelineStateManager (PipelineStateManager.java:addPipeline(56)) - Created pipeline Pipeline[ Id: e45eca80-49bd-4510-8d9a-af76015dee73, Nodes: 84d6cbd8-10dc-4dfd-94c8-59a57a8a3286{ip: 192.168.157.218, host: trunk-nightly-qcxv8-4293026562, networkLocation: /default-rack, certSerialId: null}, Type:RATIS, Factor:ONE, State:OPEN]
2019-07-13 10:59:23,010 INFO  impl.RaftServerProxy (RaftServerProxy.java:addNew(89)) - 0bf649db-c09a-4405-873c-313ea8973ebd: addNew group-0C075C2C4843:[0bf649db-c09a-4405-873c-313ea8973ebd:192.168.157.218:32780] returns group-0C075C2C4843:java.util.concurrent.CompletableFuture@7b26c0de[Not completed]
2019-07-13 10:59:23,061 INFO  ozone.MiniOzoneClusterImpl (MiniOzoneClusterImpl.java:lambda$waitForClusterToBeReady$0(142)) - Waiting for cluster to be ready. Got 6 of 7 DN Heartbeats.
2019-07-13 10:59:23,062 INFO  impl.RaftServerImpl (RaftServerImpl.java:<init>(93)) - 0bf649db-c09a-4405-873c-313ea8973ebd: new RaftServerImpl for group-0C075C2C4843:[0bf649db-c09a-4405-873c-313ea8973ebd:192.168.157.218:32780] with ContainerStateMachine:uninitialized
2019-07-13 10:59:23,070 INFO  server.RaftServerConfigKeys (ConfUtils.java:logGet(43)) - raft.server.rpc.timeout.min = 5s (custom)
2019-07-13 10:59:23,070 INFO  server.RaftServerConfigKeys (ConfUtils.java:logGet(43)) - raft.server.rpc.timeout.max = 5200ms (custom)
2019-07-13 10:59:23,070 INFO  server.RaftServerConfigKeys (ConfUtils.java:logGet(43)) - raft.server.rpcslowness.timeout = 120s (custom)
2019-07-13 10:59:23,070 INFO  server.RaftServerConfigKeys (ConfUtils.java:logGet(43)) - raft.server.sleep.deviation.threshold = 300 (default)
2019-07-13 10:59:23,071 INFO  node.SCMNodeManager (SCMNodeManager.java:register(269)) - Registered Data node : 3350650c-6992-45d7-aea4-e7b0277db5d9{ip: 192.168.157.218, host: trunk-nightly-qcxv8-4293026562, networkLocation: /default-rack, certSerialId: null}
2019-07-13 10:59:23,071 INFO  server.RaftServerConfigKeys (ConfUtils.java:logGet(43)) - raft.server.log.appender.install.snapshot.enabled = false (custom)
2019-07-13 10:59:23,071 INFO  impl.RaftServerImpl (ServerState.java:<init>(105)) - 0bf649db-c09a-4405-873c-313ea8973ebd:group-0C075C2C4843 ConfigurationManager, init=-1: [0bf649db-c09a-4405-873c-313ea8973ebd:192.168.157.218:32780], old=null, confs=<EMPTY_MAP>
2019-07-13 10:59:23,071 INFO  server.RaftServerConfigKeys (ConfUtils.java:logGet(43)) - raft.server.storage.dir = [/tmp/workdir/hadoop-ozone/integration-test/target/test-dir/MiniOzoneClusterImpl-af84d9c2-0d85-499d-bc96-6c4bab003ae0/datanode-1/data/ratis] (custom)
2019-07-13 10:59:23,072 INFO  storage.RaftStorageDirectory (RaftStorageDirectory.java:analyzeStorage(246)) - The storage directory /tmp/workdir/hadoop-ozone/integration-test/target/test-dir/MiniOzoneClusterImpl-af84d9c2-0d85-499d-bc96-6c4bab003ae0/datanode-1/data/ratis/2a0c74ef-a262-4347-a1d3-0c075c2c4843 does not exist. Creating ...
2019-07-13 10:59:23,086 INFO  storage.RaftStorageDirectory (RaftStorageDirectory.java:tryLock(328)) - Lock on /tmp/workdir/hadoop-ozone/integration-test/target/test-dir/MiniOzoneClusterImpl-af84d9c2-0d85-499d-bc96-6c4bab003ae0/datanode-1/data/ratis/2a0c74ef-a262-4347-a1d3-0c075c2c4843/in_use.lock acquired by nodename 23530@trunk-nightly-qcxv8-4293026562
2019-07-13 10:59:23,106 INFO  storage.RaftStorage (RaftStorage.java:format(72)) - Storage directory /tmp/workdir/hadoop-ozone/integration-test/target/test-dir/MiniOzoneClusterImpl-af84d9c2-0d85-499d-bc96-6c4bab003ae0/datanode-1/data/ratis/2a0c74ef-a262-4347-a1d3-0c075c2c4843 has been successfully formatted.
2019-07-13 10:59:23,108 INFO  ratis.ContainerStateMachine (ContainerStateMachine.java:loadSnapshot(200)) - The snapshot info is null.Setting the last applied index to:(t:0, i:~)
2019-07-13 10:59:23,110 INFO  server.RaftServerConfigKeys (ConfUtils.java:logGet(43)) - raft.server.leader.election.timeout = 120s (custom)
2019-07-13 10:59:23,110 INFO  server.RaftServerConfigKeys (ConfUtils.java:logGet(43)) - raft.server.log.use.memory = false (default)
2019-07-13 10:59:23,110 INFO  server.RaftServerConfigKeys (ConfUtils.java:logGet(43)) - raft.server.log.purge.gap = 1000000000 (custom)
2019-07-13 10:59:23,110 INFO  server.RaftServerConfigKeys (ConfUtils.java:logGet(43)) - raft.server.log.appender.buffer.byte-limit = 33554432 (custom)
2019-07-13 10:59:23,111 INFO  server.RaftServerConfigKeys (ConfUtils.java:logGet(43)) - raft.server.log.segment.size.max = 1048576 (custom)
2019-07-13 10:59:23,111 INFO  server.RaftServerConfigKeys (ConfUtils.java:logGet(43)) - raft.server.log.segment.cache.num.max = 2 (custom)
2019-07-13 10:59:23,111 INFO  segmented.SegmentedRaftLogWorker (SegmentedRaftLogWorker.java:<init>(172)) - new 0bf649db-c09a-4405-873c-313ea8973ebd-SegmentedRaftLogWorker:Storage Directory /tmp/workdir/hadoop-ozone/integration-test/target/test-dir/MiniOzoneClusterImpl-af84d9c2-0d85-499d-bc96-6c4bab003ae0/datanode-1/data/ratis/2a0c74ef-a262-4347-a1d3-0c075c2c4843 for RaftStorage:Storage Directory /tmp/workdir/hadoop-ozone/integration-test/target/test-dir/MiniOzoneClusterImpl-af84d9c2-0d85-499d-bc96-6c4bab003ae0/datanode-1/data/ratis/2a0c74ef-a262-4347-a1d3-0c075c2c4843
2019-07-13 10:59:23,113 INFO  server.RaftServerConfigKeys (ConfUtils.java:logGet(43)) - raft.server.log.queue.byte-limit = 2147483647 (custom)
2019-07-13 10:59:23,113 INFO  server.RaftServerConfigKeys (ConfUtils.java:logGet(43)) - raft.server.log.queue.element-limit = 1024 (custom)
2019-07-13 10:59:23,114 INFO  server.RaftServerConfigKeys (ConfUtils.java:logGet(43)) - raft.server.log.segment.size.max = 1048576 (custom)
2019-07-13 10:59:23,114 INFO  server.RaftServerConfigKeys (ConfUtils.java:logGet(43)) - raft.server.log.preallocated.size = 16384 (custom)
2019-07-13 10:59:23,114 INFO  server.RaftServerConfigKeys (ConfUtils.java:logGet(43)) - raft.server.log.write.buffer.size = 33554432 (custom)
2019-07-13 10:59:23,114 INFO  server.RaftServerConfigKeys (ConfUtils.java:logGet(43)) - raft.server.log.force.sync.num = 128 (default)
2019-07-13 10:59:23,114 INFO  server.RaftServerConfigKeys (ConfUtils.java:logGet(43)) - raft.server.log.statemachine.data.sync = true (default)
2019-07-13 10:59:23,114 INFO  server.RaftServerConfigKeys (ConfUtils.java:logGet(43)) - raft.server.log.statemachine.data.sync.timeout = 10s (default)
2019-07-13 10:59:23,114 INFO  server.RaftServerConfigKeys (ConfUtils.java:logGet(43)) - raft.server.log.statemachine.data.sync.timeout.retry = -1 (default)
2019-07-13 10:59:23,115 INFO  server.RaftServerConfigKeys (ConfUtils.java:logGet(43)) - raft.server.log.statemachine.data.caching.enabled = true (custom)
2019-07-13 10:59:23,115 INFO  segmented.SegmentedRaftLogWorker (SegmentedRaftLogWorker.java:lambda$new$0(132)) - 0bf649db-c09a-4405-873c-313ea8973ebd-SegmentedRaftLogWorker:Storage Directory /tmp/workdir/hadoop-ozone/integration-test/target/test-dir/MiniOzoneClusterImpl-af84d9c2-0d85-499d-bc96-6c4bab003ae0/datanode-1/data/ratis/2a0c74ef-a262-4347-a1d3-0c075c2c4843: flushIndex: setUnconditionally 0 -> -1
2019-07-13 10:59:23,116 INFO  server.RaftServerConfigKeys (ConfUtils.java:logGet(43)) - raft.server.snapshot.auto.trigger.enabled = true (custom)
2019-07-13 10:59:23,116 INFO  server.RaftServerConfigKeys (ConfUtils.java:logGet(43)) - raft.server.snapshot.auto.trigger.threshold = 10000 (custom)
2019-07-13 10:59:23,116 INFO  server.RaftServerConfigKeys (ConfUtils.java:logGet(43)) - raft.server.retrycache.expirytime = 600000ms (custom)
2019-07-13 10:59:23,116 INFO  impl.RaftServerImpl (RaftServerImpl.java:start(180)) - 0bf649db-c09a-4405-873c-313ea8973ebd: start group-0C075C2C4843
2019-07-13 10:59:23,116 INFO  impl.RaftServerImpl (RaftServerImpl.java:setRole(171)) - 0bf649db-c09a-4405-873c-313ea8973ebd:group-0C075C2C4843 changes role from null to FOLLOWER at term 0 for startAsFollower
2019-07-13 10:59:23,117 INFO  impl.RoleInfo (RoleInfo.java:updateAndGet(143)) - 0bf649db-c09a-4405-873c-313ea8973ebd: start FollowerState
2019-07-13 10:59:23,119 INFO  util.JmxRegister (JmxRegister.java:tryRegister(44)) - Successfully registered JMX Bean with object name Ratis:service=RaftServer,group=group-0C075C2C4843,id=0bf649db-c09a-4405-873c-313ea8973ebd
2019-07-13 10:59:23,139 INFO  pipeline.PipelineStateManager (PipelineStateManager.java:addPipeline(56)) - Created pipeline Pipeline[ Id: 2a0c74ef-a262-4347-a1d3-0c075c2c4843, Nodes: 0bf649db-c09a-4405-873c-313ea8973ebd{ip: 192.168.157.218, host: trunk-nightly-qcxv8-4293026562, networkLocation: /default-rack, certSerialId: null}, Type:RATIS, Factor:ONE, State:OPEN]
2019-07-13 10:59:23,170 INFO  impl.RaftServerProxy (RaftServerProxy.java:addNew(89)) - 3350650c-6992-45d7-aea4-e7b0277db5d9: addNew group-700EDB07C839:[3350650c-6992-45d7-aea4-e7b0277db5d9:192.168.157.218:41564] returns group-700EDB07C839:java.util.concurrent.CompletableFuture@3463112e[Not completed]
2019-07-13 10:59:23,181 INFO  impl.RaftServerImpl (RaftServerImpl.java:<init>(93)) - 3350650c-6992-45d7-aea4-e7b0277db5d9: new RaftServerImpl for group-700EDB07C839:[3350650c-6992-45d7-aea4-e7b0277db5d9:192.168.157.218:41564] with ContainerStateMachine:uninitialized
2019-07-13 10:59:23,182 INFO  server.RaftServerConfigKeys (ConfUtils.java:logGet(43)) - raft.server.rpc.timeout.min = 5s (custom)
2019-07-13 10:59:23,182 INFO  server.RaftServerConfigKeys (ConfUtils.java:logGet(43)) - raft.server.rpc.timeout.max = 5200ms (custom)
2019-07-13 10:59:23,182 INFO  server.RaftServerConfigKeys (ConfUtils.java:logGet(43)) - raft.server.rpcslowness.timeout = 120s (custom)
2019-07-13 10:59:23,182 INFO  server.RaftServerConfigKeys (ConfUtils.java:logGet(43)) - raft.server.sleep.deviation.threshold = 300 (default)
2019-07-13 10:59:23,182 INFO  server.RaftServerConfigKeys (ConfUtils.java:logGet(43)) - raft.server.log.appender.install.snapshot.enabled = false (custom)
2019-07-13 10:59:23,182 INFO  impl.RaftServerImpl (ServerState.java:<init>(105)) - 3350650c-6992-45d7-aea4-e7b0277db5d9:group-700EDB07C839 ConfigurationManager, init=-1: [3350650c-6992-45d7-aea4-e7b0277db5d9:192.168.157.218:41564], old=null, confs=<EMPTY_MAP>
2019-07-13 10:59:23,183 INFO  server.RaftServerConfigKeys (ConfUtils.java:logGet(43)) - raft.server.storage.dir = [/tmp/workdir/hadoop-ozone/integration-test/target/test-dir/MiniOzoneClusterImpl-af84d9c2-0d85-499d-bc96-6c4bab003ae0/datanode-6/data/ratis] (custom)
2019-07-13 10:59:23,183 INFO  storage.RaftStorageDirectory (RaftStorageDirectory.java:analyzeStorage(246)) - The storage directory /tmp/workdir/hadoop-ozone/integration-test/target/test-dir/MiniOzoneClusterImpl-af84d9c2-0d85-499d-bc96-6c4bab003ae0/datanode-6/data/ratis/93fe2201-53c8-42ce-861c-700edb07c839 does not exist. Creating ...
2019-07-13 10:59:23,208 INFO  storage.RaftStorageDirectory (RaftStorageDirectory.java:tryLock(328)) - Lock on /tmp/workdir/hadoop-ozone/integration-test/target/test-dir/MiniOzoneClusterImpl-af84d9c2-0d85-499d-bc96-6c4bab003ae0/datanode-6/data/ratis/93fe2201-53c8-42ce-861c-700edb07c839/in_use.lock acquired by nodename 23530@trunk-nightly-qcxv8-4293026562
2019-07-13 10:59:23,221 INFO  storage.RaftStorage (RaftStorage.java:format(72)) - Storage directory /tmp/workdir/hadoop-ozone/integration-test/target/test-dir/MiniOzoneClusterImpl-af84d9c2-0d85-499d-bc96-6c4bab003ae0/datanode-6/data/ratis/93fe2201-53c8-42ce-861c-700edb07c839 has been successfully formatted.
2019-07-13 10:59:23,221 INFO  ratis.ContainerStateMachine (ContainerStateMachine.java:loadSnapshot(200)) - The snapshot info is null.Setting the last applied index to:(t:0, i:~)
2019-07-13 10:59:23,222 INFO  server.RaftServerConfigKeys (ConfUtils.java:logGet(43)) - raft.server.leader.election.timeout = 120s (custom)
2019-07-13 10:59:23,222 INFO  server.RaftServerConfigKeys (ConfUtils.java:logGet(43)) - raft.server.log.use.memory = false (default)
2019-07-13 10:59:23,222 INFO  server.RaftServerConfigKeys (ConfUtils.java:logGet(43)) - raft.server.log.purge.gap = 1000000000 (custom)
2019-07-13 10:59:23,222 INFO  server.RaftServerConfigKeys (ConfUtils.java:logGet(43)) - raft.server.log.appender.buffer.byte-limit = 33554432 (custom)
2019-07-13 10:59:23,222 INFO  server.RaftServerConfigKeys (ConfUtils.java:logGet(43)) - raft.server.log.segment.size.max = 1048576 (custom)
2019-07-13 10:59:23,223 INFO  server.RaftServerConfigKeys (ConfUtils.java:logGet(43)) - raft.server.log.segment.cache.num.max = 2 (custom)
2019-07-13 10:59:23,223 INFO  segmented.SegmentedRaftLogWorker (SegmentedRaftLogWorker.java:<init>(172)) - new 3350650c-6992-45d7-aea4-e7b0277db5d9-SegmentedRaftLogWorker:Storage Directory /tmp/workdir/hadoop-ozone/integration-test/target/test-dir/MiniOzoneClusterImpl-af84d9c2-0d85-499d-bc96-6c4bab003ae0/datanode-6/data/ratis/93fe2201-53c8-42ce-861c-700edb07c839 for RaftStorage:Storage Directory /tmp/workdir/hadoop-ozone/integration-test/target/test-dir/MiniOzoneClusterImpl-af84d9c2-0d85-499d-bc96-6c4bab003ae0/datanode-6/data/ratis/93fe2201-53c8-42ce-861c-700edb07c839
2019-07-13 10:59:23,223 INFO  server.RaftServerConfigKeys (ConfUtils.java:logGet(43)) - raft.server.log.queue.byte-limit = 2147483647 (custom)
2019-07-13 10:59:23,223 INFO  server.RaftServerConfigKeys (ConfUtils.java:logGet(43)) - raft.server.log.queue.element-limit = 1024 (custom)
2019-07-13 10:59:23,223 INFO  server.RaftServerConfigKeys (ConfUtils.java:logGet(43)) - raft.server.log.segment.size.max = 1048576 (custom)
2019-07-13 10:59:23,224 INFO  server.RaftServerConfigKeys (ConfUtils.java:logGet(43)) - raft.server.log.preallocated.size = 16384 (custom)
2019-07-13 10:59:23,224 INFO  server.RaftServerConfigKeys (ConfUtils.java:logGet(43)) - raft.server.log.write.buffer.size = 33554432 (custom)
2019-07-13 10:59:23,224 INFO  server.RaftServerConfigKeys (ConfUtils.java:logGet(43)) - raft.server.log.force.sync.num = 128 (default)
2019-07-13 10:59:23,224 INFO  server.RaftServerConfigKeys (ConfUtils.java:logGet(43)) - raft.server.log.statemachine.data.sync = true (default)
2019-07-13 10:59:23,224 INFO  server.RaftServerConfigKeys (ConfUtils.java:logGet(43)) - raft.server.log.statemachine.data.sync.timeout = 10s (default)
2019-07-13 10:59:23,225 INFO  server.RaftServerConfigKeys (ConfUtils.java:logGet(43)) - raft.server.log.statemachine.data.sync.timeout.retry = -1 (default)
2019-07-13 10:59:23,225 INFO  server.RaftServerConfigKeys (ConfUtils.java:logGet(43)) - raft.server.log.statemachine.data.caching.enabled = true (custom)
2019-07-13 10:59:23,225 INFO  segmented.SegmentedRaftLogWorker (SegmentedRaftLogWorker.java:lambda$new$0(132)) - 3350650c-6992-45d7-aea4-e7b0277db5d9-SegmentedRaftLogWorker:Storage Directory /tmp/workdir/hadoop-ozone/integration-test/target/test-dir/MiniOzoneClusterImpl-af84d9c2-0d85-499d-bc96-6c4bab003ae0/datanode-6/data/ratis/93fe2201-53c8-42ce-861c-700edb07c839: flushIndex: setUnconditionally 0 -> -1
2019-07-13 10:59:23,226 INFO  server.RaftServerConfigKeys (ConfUtils.java:logGet(43)) - raft.server.snapshot.auto.trigger.enabled = true (custom)
2019-07-13 10:59:23,226 INFO  server.RaftServerConfigKeys (ConfUtils.java:logGet(43)) - raft.server.snapshot.auto.trigger.threshold = 10000 (custom)
2019-07-13 10:59:23,226 INFO  server.RaftServerConfigKeys (ConfUtils.java:logGet(43)) - raft.server.retrycache.expirytime = 600000ms (custom)
2019-07-13 10:59:23,227 INFO  impl.RaftServerImpl (RaftServerImpl.java:start(180)) - 3350650c-6992-45d7-aea4-e7b0277db5d9: start group-700EDB07C839
2019-07-13 10:59:23,227 INFO  impl.RaftServerImpl (RaftServerImpl.java:setRole(171)) - 3350650c-6992-45d7-aea4-e7b0277db5d9:group-700EDB07C839 changes role from null to FOLLOWER at term 0 for startAsFollower
2019-07-13 10:59:23,227 INFO  impl.RoleInfo (RoleInfo.java:updateAndGet(143)) - 3350650c-6992-45d7-aea4-e7b0277db5d9: start FollowerState
2019-07-13 10:59:23,228 INFO  util.JmxRegister (JmxRegister.java:tryRegister(44)) - Successfully registered JMX Bean with object name Ratis:service=RaftServer,group=group-700EDB07C839,id=3350650c-6992-45d7-aea4-e7b0277db5d9
2019-07-13 10:59:23,242 INFO  pipeline.PipelineStateManager (PipelineStateManager.java:addPipeline(56)) - Created pipeline Pipeline[ Id: 93fe2201-53c8-42ce-861c-700edb07c839, Nodes: 3350650c-6992-45d7-aea4-e7b0277db5d9{ip: 192.168.157.218, host: trunk-nightly-qcxv8-4293026562, networkLocation: /default-rack, certSerialId: null}, Type:RATIS, Factor:ONE, State:OPEN]
2019-07-13 10:59:23,268 INFO  impl.RaftServerProxy (RaftServerProxy.java:addNew(89)) - c4e2b5c3-ff1f-4a50-a7c3-54cb7a8212be: addNew group-5462027D5E12:[c4e2b5c3-ff1f-4a50-a7c3-54cb7a8212be:192.168.157.218:46595] returns group-5462027D5E12:java.util.concurrent.CompletableFuture@28a78177[Not completed]
2019-07-13 10:59:23,270 INFO  impl.RaftServerImpl (RaftServerImpl.java:<init>(93)) - c4e2b5c3-ff1f-4a50-a7c3-54cb7a8212be: new RaftServerImpl for group-5462027D5E12:[c4e2b5c3-ff1f-4a50-a7c3-54cb7a8212be:192.168.157.218:46595] with ContainerStateMachine:uninitialized
2019-07-13 10:59:23,270 INFO  server.RaftServerConfigKeys (ConfUtils.java:logGet(43)) - raft.server.rpc.timeout.min = 5s (custom)
2019-07-13 10:59:23,270 INFO  server.RaftServerConfigKeys (ConfUtils.java:logGet(43)) - raft.server.rpc.timeout.max = 5200ms (custom)
2019-07-13 10:59:23,270 INFO  server.RaftServerConfigKeys (ConfUtils.java:logGet(43)) - raft.server.rpcslowness.timeout = 120s (custom)
2019-07-13 10:59:23,271 INFO  server.RaftServerConfigKeys (ConfUtils.java:logGet(43)) - raft.server.sleep.deviation.threshold = 300 (default)
2019-07-13 10:59:23,271 INFO  server.RaftServerConfigKeys (ConfUtils.java:logGet(43)) - raft.server.log.appender.install.snapshot.enabled = false (custom)
2019-07-13 10:59:23,271 INFO  impl.RaftServerImpl (ServerState.java:<init>(105)) - c4e2b5c3-ff1f-4a50-a7c3-54cb7a8212be:group-5462027D5E12 ConfigurationManager, init=-1: [c4e2b5c3-ff1f-4a50-a7c3-54cb7a8212be:192.168.157.218:46595], old=null, confs=<EMPTY_MAP>
2019-07-13 10:59:23,271 INFO  server.RaftServerConfigKeys (ConfUtils.java:logGet(43)) - raft.server.storage.dir = [/tmp/workdir/hadoop-ozone/integration-test/target/test-dir/MiniOzoneClusterImpl-af84d9c2-0d85-499d-bc96-6c4bab003ae0/datanode-4/data/ratis] (custom)
2019-07-13 10:59:23,272 INFO  storage.RaftStorageDirectory (RaftStorageDirectory.java:analyzeStorage(246)) - The storage directory /tmp/workdir/hadoop-ozone/integration-test/target/test-dir/MiniOzoneClusterImpl-af84d9c2-0d85-499d-bc96-6c4bab003ae0/datanode-4/data/ratis/a70ee10b-8ec5-4065-9a27-5462027d5e12 does not exist. Creating ...
2019-07-13 10:59:23,286 INFO  storage.RaftStorageDirectory (RaftStorageDirectory.java:tryLock(328)) - Lock on /tmp/workdir/hadoop-ozone/integration-test/target/test-dir/MiniOzoneClusterImpl-af84d9c2-0d85-499d-bc96-6c4bab003ae0/datanode-4/data/ratis/a70ee10b-8ec5-4065-9a27-5462027d5e12/in_use.lock acquired by nodename 23530@trunk-nightly-qcxv8-4293026562
2019-07-13 10:59:23,299 INFO  storage.RaftStorage (RaftStorage.java:format(72)) - Storage directory /tmp/workdir/hadoop-ozone/integration-test/target/test-dir/MiniOzoneClusterImpl-af84d9c2-0d85-499d-bc96-6c4bab003ae0/datanode-4/data/ratis/a70ee10b-8ec5-4065-9a27-5462027d5e12 has been successfully formatted.
2019-07-13 10:59:23,300 INFO  ratis.ContainerStateMachine (ContainerStateMachine.java:loadSnapshot(200)) - The snapshot info is null.Setting the last applied index to:(t:0, i:~)
2019-07-13 10:59:23,300 INFO  server.RaftServerConfigKeys (ConfUtils.java:logGet(43)) - raft.server.leader.election.timeout = 120s (custom)
2019-07-13 10:59:23,300 INFO  server.RaftServerConfigKeys (ConfUtils.java:logGet(43)) - raft.server.log.use.memory = false (default)
2019-07-13 10:59:23,300 INFO  server.RaftServerConfigKeys (ConfUtils.java:logGet(43)) - raft.server.log.purge.gap = 1000000000 (custom)
2019-07-13 10:59:23,301 INFO  server.RaftServerConfigKeys (ConfUtils.java:logGet(43)) - raft.server.log.appender.buffer.byte-limit = 33554432 (custom)
2019-07-13 10:59:23,301 INFO  server.RaftServerConfigKeys (ConfUtils.java:logGet(43)) - raft.server.log.segment.size.max = 1048576 (custom)
2019-07-13 10:59:23,301 INFO  server.RaftServerConfigKeys (ConfUtils.java:logGet(43)) - raft.server.log.segment.cache.num.max = 2 (custom)
2019-07-13 10:59:23,301 INFO  segmented.SegmentedRaftLogWorker (SegmentedRaftLogWorker.java:<init>(172)) - new c4e2b5c3-ff1f-4a50-a7c3-54cb7a8212be-SegmentedRaftLogWorker:Storage Directory /tmp/workdir/hadoop-ozone/integration-test/target/test-dir/MiniOzoneClusterImpl-af84d9c2-0d85-499d-bc96-6c4bab003ae0/datanode-4/data/ratis/a70ee10b-8ec5-4065-9a27-5462027d5e12 for RaftStorage:Storage Directory /tmp/workdir/hadoop-ozone/integration-test/target/test-dir/MiniOzoneClusterImpl-af84d9c2-0d85-499d-bc96-6c4bab003ae0/datanode-4/data/ratis/a70ee10b-8ec5-4065-9a27-5462027d5e12
2019-07-13 10:59:23,302 INFO  server.RaftServerConfigKeys (ConfUtils.java:logGet(43)) - raft.server.log.queue.byte-limit = 2147483647 (custom)
2019-07-13 10:59:23,302 INFO  server.RaftServerConfigKeys (ConfUtils.java:logGet(43)) - raft.server.log.queue.element-limit = 1024 (custom)
2019-07-13 10:59:23,302 INFO  server.RaftServerConfigKeys (ConfUtils.java:logGet(43)) - raft.server.log.segment.size.max = 1048576 (custom)
2019-07-13 10:59:23,302 INFO  server.RaftServerConfigKeys (ConfUtils.java:logGet(43)) - raft.server.log.preallocated.size = 16384 (custom)
2019-07-13 10:59:23,303 INFO  server.RaftServerConfigKeys (ConfUtils.java:logGet(43)) - raft.server.log.write.buffer.size = 33554432 (custom)
2019-07-13 10:59:23,303 INFO  server.RaftServerConfigKeys (ConfUtils.java:logGet(43)) - raft.server.log.force.sync.num = 128 (default)
2019-07-13 10:59:23,303 INFO  server.RaftServerConfigKeys (ConfUtils.java:logGet(43)) - raft.server.log.statemachine.data.sync = true (default)
2019-07-13 10:59:23,303 INFO  server.RaftServerConfigKeys (ConfUtils.java:logGet(43)) - raft.server.log.statemachine.data.sync.timeout = 10s (default)
2019-07-13 10:59:23,303 INFO  server.RaftServerConfigKeys (ConfUtils.java:logGet(43)) - raft.server.log.statemachine.data.sync.timeout.retry = -1 (default)
2019-07-13 10:59:23,304 INFO  server.RaftServerConfigKeys (ConfUtils.java:logGet(43)) - raft.server.log.statemachine.data.caching.enabled = true (custom)
2019-07-13 10:59:23,304 INFO  segmented.SegmentedRaftLogWorker (SegmentedRaftLogWorker.java:lambda$new$0(132)) - c4e2b5c3-ff1f-4a50-a7c3-54cb7a8212be-SegmentedRaftLogWorker:Storage Directory /tmp/workdir/hadoop-ozone/integration-test/target/test-dir/MiniOzoneClusterImpl-af84d9c2-0d85-499d-bc96-6c4bab003ae0/datanode-4/data/ratis/a70ee10b-8ec5-4065-9a27-5462027d5e12: flushIndex: setUnconditionally 0 -> -1
2019-07-13 10:59:23,305 INFO  server.RaftServerConfigKeys (ConfUtils.java:logGet(43)) - raft.server.snapshot.auto.trigger.enabled = true (custom)
2019-07-13 10:59:23,305 INFO  server.RaftServerConfigKeys (ConfUtils.java:logGet(43)) - raft.server.snapshot.auto.trigger.threshold = 10000 (custom)
2019-07-13 10:59:23,305 INFO  server.RaftServerConfigKeys (ConfUtils.java:logGet(43)) - raft.server.retrycache.expirytime = 600000ms (custom)
2019-07-13 10:59:23,305 INFO  impl.RaftServerImpl (RaftServerImpl.java:start(180)) - c4e2b5c3-ff1f-4a50-a7c3-54cb7a8212be: start group-5462027D5E12
2019-07-13 10:59:23,306 INFO  impl.RaftServerImpl (RaftServerImpl.java:setRole(171)) - c4e2b5c3-ff1f-4a50-a7c3-54cb7a8212be:group-5462027D5E12 changes role from null to FOLLOWER at term 0 for startAsFollower
2019-07-13 10:59:23,306 INFO  impl.RoleInfo (RoleInfo.java:updateAndGet(143)) - c4e2b5c3-ff1f-4a50-a7c3-54cb7a8212be: start FollowerState
2019-07-13 10:59:23,306 INFO  util.JmxRegister (JmxRegister.java:tryRegister(44)) - Successfully registered JMX Bean with object name Ratis:service=RaftServer,group=group-5462027D5E12,id=c4e2b5c3-ff1f-4a50-a7c3-54cb7a8212be
2019-07-13 10:59:23,321 INFO  pipeline.PipelineStateManager (PipelineStateManager.java:addPipeline(56)) - Created pipeline Pipeline[ Id: a70ee10b-8ec5-4065-9a27-5462027d5e12, Nodes: c4e2b5c3-ff1f-4a50-a7c3-54cb7a8212be{ip: 192.168.157.218, host: trunk-nightly-qcxv8-4293026562, networkLocation: /default-rack, certSerialId: null}, Type:RATIS, Factor:ONE, State:OPEN]
2019-07-13 10:59:23,349 INFO  impl.RaftServerProxy (RaftServerProxy.java:addNew(89)) - ce9f14b8-8d16-4df7-b53d-c738df7dd7b1: addNew group-0DDA1D7EE366:[ce9f14b8-8d16-4df7-b53d-c738df7dd7b1:192.168.157.218:33391] returns group-0DDA1D7EE366:java.util.concurrent.CompletableFuture@2c37b5a5[Not completed]
2019-07-13 10:59:23,351 INFO  impl.RaftServerImpl (RaftServerImpl.java:<init>(93)) - ce9f14b8-8d16-4df7-b53d-c738df7dd7b1: new RaftServerImpl for group-0DDA1D7EE366:[ce9f14b8-8d16-4df7-b53d-c738df7dd7b1:192.168.157.218:33391] with ContainerStateMachine:uninitialized
2019-07-13 10:59:23,352 INFO  server.RaftServerConfigKeys (ConfUtils.java:logGet(43)) - raft.server.rpc.timeout.min = 5s (custom)
2019-07-13 10:59:23,352 INFO  server.RaftServerConfigKeys (ConfUtils.java:logGet(43)) - raft.server.rpc.timeout.max = 5200ms (custom)
2019-07-13 10:59:23,352 INFO  server.RaftServerConfigKeys (ConfUtils.java:logGet(43)) - raft.server.rpcslowness.timeout = 120s (custom)
2019-07-13 10:59:23,352 INFO  server.RaftServerConfigKeys (ConfUtils.java:logGet(43)) - raft.server.sleep.deviation.threshold = 300 (default)
2019-07-13 10:59:23,352 INFO  server.RaftServerConfigKeys (ConfUtils.java:logGet(43)) - raft.server.log.appender.install.snapshot.enabled = false (custom)
2019-07-13 10:59:23,353 INFO  impl.RaftServerImpl (ServerState.java:<init>(105)) - ce9f14b8-8d16-4df7-b53d-c738df7dd7b1:group-0DDA1D7EE366 ConfigurationManager, init=-1: [ce9f14b8-8d16-4df7-b53d-c738df7dd7b1:192.168.157.218:33391], old=null, confs=<EMPTY_MAP>
2019-07-13 10:59:23,353 INFO  server.RaftServerConfigKeys (ConfUtils.java:logGet(43)) - raft.server.storage.dir = [/tmp/workdir/hadoop-ozone/integration-test/target/test-dir/MiniOzoneClusterImpl-af84d9c2-0d85-499d-bc96-6c4bab003ae0/datanode-2/data/ratis] (custom)
2019-07-13 10:59:23,353 INFO  storage.RaftStorageDirectory (RaftStorageDirectory.java:analyzeStorage(246)) - The storage directory /tmp/workdir/hadoop-ozone/integration-test/target/test-dir/MiniOzoneClusterImpl-af84d9c2-0d85-499d-bc96-6c4bab003ae0/datanode-2/data/ratis/0fcb07c8-8d60-4a4c-a300-0dda1d7ee366 does not exist. Creating ...
2019-07-13 10:59:23,366 INFO  storage.RaftStorageDirectory (RaftStorageDirectory.java:tryLock(328)) - Lock on /tmp/workdir/hadoop-ozone/integration-test/target/test-dir/MiniOzoneClusterImpl-af84d9c2-0d85-499d-bc96-6c4bab003ae0/datanode-2/data/ratis/0fcb07c8-8d60-4a4c-a300-0dda1d7ee366/in_use.lock acquired by nodename 23530@trunk-nightly-qcxv8-4293026562
2019-07-13 10:59:23,398 INFO  storage.RaftStorage (RaftStorage.java:format(72)) - Storage directory /tmp/workdir/hadoop-ozone/integration-test/target/test-dir/MiniOzoneClusterImpl-af84d9c2-0d85-499d-bc96-6c4bab003ae0/datanode-2/data/ratis/0fcb07c8-8d60-4a4c-a300-0dda1d7ee366 has been successfully formatted.
2019-07-13 10:59:23,398 INFO  ratis.ContainerStateMachine (ContainerStateMachine.java:loadSnapshot(200)) - The snapshot info is null.Setting the last applied index to:(t:0, i:~)
2019-07-13 10:59:23,399 INFO  server.RaftServerConfigKeys (ConfUtils.java:logGet(43)) - raft.server.leader.election.timeout = 120s (custom)
2019-07-13 10:59:23,399 INFO  server.RaftServerConfigKeys (ConfUtils.java:logGet(43)) - raft.server.log.use.memory = false (default)
2019-07-13 10:59:23,399 INFO  server.RaftServerConfigKeys (ConfUtils.java:logGet(43)) - raft.server.log.purge.gap = 1000000000 (custom)
2019-07-13 10:59:23,399 INFO  server.RaftServerConfigKeys (ConfUtils.java:logGet(43)) - raft.server.log.appender.buffer.byte-limit = 33554432 (custom)
2019-07-13 10:59:23,400 INFO  server.RaftServerConfigKeys (ConfUtils.java:logGet(43)) - raft.server.log.segment.size.max = 1048576 (custom)
2019-07-13 10:59:23,400 INFO  server.RaftServerConfigKeys (ConfUtils.java:logGet(43)) - raft.server.log.segment.cache.num.max = 2 (custom)
2019-07-13 10:59:23,400 INFO  segmented.SegmentedRaftLogWorker (SegmentedRaftLogWorker.java:<init>(172)) - new ce9f14b8-8d16-4df7-b53d-c738df7dd7b1-SegmentedRaftLogWorker:Storage Directory /tmp/workdir/hadoop-ozone/integration-test/target/test-dir/MiniOzoneClusterImpl-af84d9c2-0d85-499d-bc96-6c4bab003ae0/datanode-2/data/ratis/0fcb07c8-8d60-4a4c-a300-0dda1d7ee366 for RaftStorage:Storage Directory /tmp/workdir/hadoop-ozone/integration-test/target/test-dir/MiniOzoneClusterImpl-af84d9c2-0d85-499d-bc96-6c4bab003ae0/datanode-2/data/ratis/0fcb07c8-8d60-4a4c-a300-0dda1d7ee366
2019-07-13 10:59:23,400 INFO  server.RaftServerConfigKeys (ConfUtils.java:logGet(43)) - raft.server.log.queue.byte-limit = 2147483647 (custom)
2019-07-13 10:59:23,400 INFO  server.RaftServerConfigKeys (ConfUtils.java:logGet(43)) - raft.server.log.queue.element-limit = 1024 (custom)
2019-07-13 10:59:23,401 INFO  server.RaftServerConfigKeys (ConfUtils.java:logGet(43)) - raft.server.log.segment.size.max = 1048576 (custom)
2019-07-13 10:59:23,401 INFO  server.RaftServerConfigKeys (ConfUtils.java:logGet(43)) - raft.server.log.preallocated.size = 16384 (custom)
2019-07-13 10:59:23,401 INFO  server.RaftServerConfigKeys (ConfUtils.java:logGet(43)) - raft.server.log.write.buffer.size = 33554432 (custom)
2019-07-13 10:59:23,401 INFO  server.RaftServerConfigKeys (ConfUtils.java:logGet(43)) - raft.server.log.force.sync.num = 128 (default)
2019-07-13 10:59:23,402 INFO  server.RaftServerConfigKeys (ConfUtils.java:logGet(43)) - raft.server.log.statemachine.data.sync = true (default)
2019-07-13 10:59:23,402 INFO  server.RaftServerConfigKeys (ConfUtils.java:logGet(43)) - raft.server.log.statemachine.data.sync.timeout = 10s (default)
2019-07-13 10:59:23,402 INFO  server.RaftServerConfigKeys (ConfUtils.java:logGet(43)) - raft.server.log.statemachine.data.sync.timeout.retry = -1 (default)
2019-07-13 10:59:23,402 INFO  server.RaftServerConfigKeys (ConfUtils.java:logGet(43)) - raft.server.log.statemachine.data.caching.enabled = true (custom)
2019-07-13 10:59:23,403 INFO  segmented.SegmentedRaftLogWorker (SegmentedRaftLogWorker.java:lambda$new$0(132)) - ce9f14b8-8d16-4df7-b53d-c738df7dd7b1-SegmentedRaftLogWorker:Storage Directory /tmp/workdir/hadoop-ozone/integration-test/target/test-dir/MiniOzoneClusterImpl-af84d9c2-0d85-499d-bc96-6c4bab003ae0/datanode-2/data/ratis/0fcb07c8-8d60-4a4c-a300-0dda1d7ee366: flushIndex: setUnconditionally 0 -> -1
2019-07-13 10:59:23,403 INFO  server.RaftServerConfigKeys (ConfUtils.java:logGet(43)) - raft.server.snapshot.auto.trigger.enabled = true (custom)
2019-07-13 10:59:23,404 INFO  server.RaftServerConfigKeys (ConfUtils.java:logGet(43)) - raft.server.snapshot.auto.trigger.threshold = 10000 (custom)
2019-07-13 10:59:23,404 INFO  server.RaftServerConfigKeys (ConfUtils.java:logGet(43)) - raft.server.retrycache.expirytime = 600000ms (custom)
2019-07-13 10:59:23,404 INFO  impl.RaftServerImpl (RaftServerImpl.java:start(180)) - ce9f14b8-8d16-4df7-b53d-c738df7dd7b1: start group-0DDA1D7EE366
2019-07-13 10:59:23,404 INFO  impl.RaftServerImpl (RaftServerImpl.java:setRole(171)) - ce9f14b8-8d16-4df7-b53d-c738df7dd7b1:group-0DDA1D7EE366 changes role from null to FOLLOWER at term 0 for startAsFollower
2019-07-13 10:59:23,405 INFO  impl.RoleInfo (RoleInfo.java:updateAndGet(143)) - ce9f14b8-8d16-4df7-b53d-c738df7dd7b1: start FollowerState
2019-07-13 10:59:23,405 INFO  util.JmxRegister (JmxRegister.java:tryRegister(44)) - Successfully registered JMX Bean with object name Ratis:service=RaftServer,group=group-0DDA1D7EE366,id=ce9f14b8-8d16-4df7-b53d-c738df7dd7b1
2019-07-13 10:59:23,420 INFO  pipeline.PipelineStateManager (PipelineStateManager.java:addPipeline(56)) - Created pipeline Pipeline[ Id: 0fcb07c8-8d60-4a4c-a300-0dda1d7ee366, Nodes: ce9f14b8-8d16-4df7-b53d-c738df7dd7b1{ip: 192.168.157.218, host: trunk-nightly-qcxv8-4293026562, networkLocation: /default-rack, certSerialId: null}, Type:RATIS, Factor:ONE, State:OPEN]
2019-07-13 10:59:23,448 INFO  impl.RaftServerProxy (RaftServerProxy.java:addNew(89)) - 483d5df8-4905-41e2-a2e5-3e4aa56c3dae: addNew group-DF34C4506EFD:[483d5df8-4905-41e2-a2e5-3e4aa56c3dae:192.168.157.218:44937] returns group-DF34C4506EFD:java.util.concurrent.CompletableFuture@5bcc7f33[Not completed]
2019-07-13 10:59:23,450 INFO  impl.RaftServerImpl (RaftServerImpl.java:<init>(93)) - 483d5df8-4905-41e2-a2e5-3e4aa56c3dae: new RaftServerImpl for group-DF34C4506EFD:[483d5df8-4905-41e2-a2e5-3e4aa56c3dae:192.168.157.218:44937] with ContainerStateMachine:uninitialized
2019-07-13 10:59:23,451 INFO  server.RaftServerConfigKeys (ConfUtils.java:logGet(43)) - raft.server.rpc.timeout.min = 5s (custom)
2019-07-13 10:59:23,451 INFO  server.RaftServerConfigKeys (ConfUtils.java:logGet(43)) - raft.server.rpc.timeout.max = 5200ms (custom)
2019-07-13 10:59:23,451 INFO  server.RaftServerConfigKeys (ConfUtils.java:logGet(43)) - raft.server.rpcslowness.timeout = 120s (custom)
2019-07-13 10:59:23,451 INFO  server.RaftServerConfigKeys (ConfUtils.java:logGet(43)) - raft.server.sleep.deviation.threshold = 300 (default)
2019-07-13 10:59:23,451 INFO  server.RaftServerConfigKeys (ConfUtils.java:logGet(43)) - raft.server.log.appender.install.snapshot.enabled = false (custom)
2019-07-13 10:59:23,452 INFO  impl.RaftServerImpl (ServerState.java:<init>(105)) - 483d5df8-4905-41e2-a2e5-3e4aa56c3dae:group-DF34C4506EFD ConfigurationManager, init=-1: [483d5df8-4905-41e2-a2e5-3e4aa56c3dae:192.168.157.218:44937], old=null, confs=<EMPTY_MAP>
2019-07-13 10:59:23,452 INFO  server.RaftServerConfigKeys (ConfUtils.java:logGet(43)) - raft.server.storage.dir = [/tmp/workdir/hadoop-ozone/integration-test/target/test-dir/MiniOzoneClusterImpl-af84d9c2-0d85-499d-bc96-6c4bab003ae0/datanode-3/data/ratis] (custom)
2019-07-13 10:59:23,452 INFO  storage.RaftStorageDirectory (RaftStorageDirectory.java:analyzeStorage(246)) - The storage directory /tmp/workdir/hadoop-ozone/integration-test/target/test-dir/MiniOzoneClusterImpl-af84d9c2-0d85-499d-bc96-6c4bab003ae0/datanode-3/data/ratis/7fdb9e7e-199b-4e14-a4f3-df34c4506efd does not exist. Creating ...
2019-07-13 10:59:23,478 INFO  storage.RaftStorageDirectory (RaftStorageDirectory.java:tryLock(328)) - Lock on /tmp/workdir/hadoop-ozone/integration-test/target/test-dir/MiniOzoneClusterImpl-af84d9c2-0d85-499d-bc96-6c4bab003ae0/datanode-3/data/ratis/7fdb9e7e-199b-4e14-a4f3-df34c4506efd/in_use.lock acquired by nodename 23530@trunk-nightly-qcxv8-4293026562
2019-07-13 10:59:23,490 INFO  storage.RaftStorage (RaftStorage.java:format(72)) - Storage directory /tmp/workdir/hadoop-ozone/integration-test/target/test-dir/MiniOzoneClusterImpl-af84d9c2-0d85-499d-bc96-6c4bab003ae0/datanode-3/data/ratis/7fdb9e7e-199b-4e14-a4f3-df34c4506efd has been successfully formatted.
2019-07-13 10:59:23,491 INFO  ratis.ContainerStateMachine (ContainerStateMachine.java:loadSnapshot(200)) - The snapshot info is null.Setting the last applied index to:(t:0, i:~)
2019-07-13 10:59:23,491 INFO  server.RaftServerConfigKeys (ConfUtils.java:logGet(43)) - raft.server.leader.election.timeout = 120s (custom)
2019-07-13 10:59:23,491 INFO  server.RaftServerConfigKeys (ConfUtils.java:logGet(43)) - raft.server.log.use.memory = false (default)
2019-07-13 10:59:23,491 INFO  server.RaftServerConfigKeys (ConfUtils.java:logGet(43)) - raft.server.log.purge.gap = 1000000000 (custom)
2019-07-13 10:59:23,491 INFO  server.RaftServerConfigKeys (ConfUtils.java:logGet(43)) - raft.server.log.appender.buffer.byte-limit = 33554432 (custom)
2019-07-13 10:59:23,492 INFO  server.RaftServerConfigKeys (ConfUtils.java:logGet(43)) - raft.server.log.segment.size.max = 1048576 (custom)
2019-07-13 10:59:23,492 INFO  server.RaftServerConfigKeys (ConfUtils.java:logGet(43)) - raft.server.log.segment.cache.num.max = 2 (custom)
2019-07-13 10:59:23,492 INFO  segmented.SegmentedRaftLogWorker (SegmentedRaftLogWorker.java:<init>(172)) - new 483d5df8-4905-41e2-a2e5-3e4aa56c3dae-SegmentedRaftLogWorker:Storage Directory /tmp/workdir/hadoop-ozone/integration-test/target/test-dir/MiniOzoneClusterImpl-af84d9c2-0d85-499d-bc96-6c4bab003ae0/datanode-3/data/ratis/7fdb9e7e-199b-4e14-a4f3-df34c4506efd for RaftStorage:Storage Directory /tmp/workdir/hadoop-ozone/integration-test/target/test-dir/MiniOzoneClusterImpl-af84d9c2-0d85-499d-bc96-6c4bab003ae0/datanode-3/data/ratis/7fdb9e7e-199b-4e14-a4f3-df34c4506efd
2019-07-13 10:59:23,492 INFO  server.RaftServerConfigKeys (ConfUtils.java:logGet(43)) - raft.server.log.queue.byte-limit = 2147483647 (custom)
2019-07-13 10:59:23,492 INFO  server.RaftServerConfigKeys (ConfUtils.java:logGet(43)) - raft.server.log.queue.element-limit = 1024 (custom)
2019-07-13 10:59:23,493 INFO  server.RaftServerConfigKeys (ConfUtils.java:logGet(43)) - raft.server.log.segment.size.max = 1048576 (custom)
2019-07-13 10:59:23,493 INFO  server.RaftServerConfigKeys (ConfUtils.java:logGet(43)) - raft.server.log.preallocated.size = 16384 (custom)
2019-07-13 10:59:23,493 INFO  server.RaftServerConfigKeys (ConfUtils.java:logGet(43)) - raft.server.log.write.buffer.size = 33554432 (custom)
2019-07-13 10:59:23,493 INFO  server.RaftServerConfigKeys (ConfUtils.java:logGet(43)) - raft.server.log.force.sync.num = 128 (default)
2019-07-13 10:59:23,494 INFO  server.RaftServerConfigKeys (ConfUtils.java:logGet(43)) - raft.server.log.statemachine.data.sync = true (default)
2019-07-13 10:59:23,494 INFO  server.RaftServerConfigKeys (ConfUtils.java:logGet(43)) - raft.server.log.statemachine.data.sync.timeout = 10s (default)
2019-07-13 10:59:23,494 INFO  server.RaftServerConfigKeys (ConfUtils.java:logGet(43)) - raft.server.log.statemachine.data.sync.timeout.retry = -1 (default)
2019-07-13 10:59:23,494 INFO  server.RaftServerConfigKeys (ConfUtils.java:logGet(43)) - raft.server.log.statemachine.data.caching.enabled = true (custom)
2019-07-13 10:59:23,495 INFO  segmented.SegmentedRaftLogWorker (SegmentedRaftLogWorker.java:lambda$new$0(132)) - 483d5df8-4905-41e2-a2e5-3e4aa56c3dae-SegmentedRaftLogWorker:Storage Directory /tmp/workdir/hadoop-ozone/integration-test/target/test-dir/MiniOzoneClusterImpl-af84d9c2-0d85-499d-bc96-6c4bab003ae0/datanode-3/data/ratis/7fdb9e7e-199b-4e14-a4f3-df34c4506efd: flushIndex: setUnconditionally 0 -> -1
2019-07-13 10:59:23,495 INFO  server.RaftServerConfigKeys (ConfUtils.java:logGet(43)) - raft.server.snapshot.auto.trigger.enabled = true (custom)
2019-07-13 10:59:23,495 INFO  server.RaftServerConfigKeys (ConfUtils.java:logGet(43)) - raft.server.snapshot.auto.trigger.threshold = 10000 (custom)
2019-07-13 10:59:23,496 INFO  server.RaftServerConfigKeys (ConfUtils.java:logGet(43)) - raft.server.retrycache.expirytime = 600000ms (custom)
2019-07-13 10:59:23,496 INFO  impl.RaftServerImpl (RaftServerImpl.java:start(180)) - 483d5df8-4905-41e2-a2e5-3e4aa56c3dae: start group-DF34C4506EFD
2019-07-13 10:59:23,496 INFO  impl.RaftServerImpl (RaftServerImpl.java:setRole(171)) - 483d5df8-4905-41e2-a2e5-3e4aa56c3dae:group-DF34C4506EFD changes role from null to FOLLOWER at term 0 for startAsFollower
2019-07-13 10:59:23,496 INFO  impl.RoleInfo (RoleInfo.java:updateAndGet(143)) - 483d5df8-4905-41e2-a2e5-3e4aa56c3dae: start FollowerState
2019-07-13 10:59:23,497 INFO  util.JmxRegister (JmxRegister.java:tryRegister(44)) - Successfully registered JMX Bean with object name Ratis:service=RaftServer,group=group-DF34C4506EFD,id=483d5df8-4905-41e2-a2e5-3e4aa56c3dae
2019-07-13 10:59:23,510 INFO  pipeline.PipelineStateManager (PipelineStateManager.java:addPipeline(56)) - Created pipeline Pipeline[ Id: 7fdb9e7e-199b-4e14-a4f3-df34c4506efd, Nodes: 483d5df8-4905-41e2-a2e5-3e4aa56c3dae{ip: 192.168.157.218, host: trunk-nightly-qcxv8-4293026562, networkLocation: /default-rack, certSerialId: null}, Type:RATIS, Factor:ONE, State:OPEN]
2019-07-13 10:59:23,532 INFO  impl.RaftServerProxy (RaftServerProxy.java:addNew(89)) - ec32634b-29c5-463a-8bfb-d67545e8478f: addNew group-A5A284BFB222:[ec32634b-29c5-463a-8bfb-d67545e8478f:192.168.157.218:40537] returns group-A5A284BFB222:java.util.concurrent.CompletableFuture@617a0d6c[Not completed]
2019-07-13 10:59:23,534 INFO  impl.RaftServerImpl (RaftServerImpl.java:<init>(93)) - ec32634b-29c5-463a-8bfb-d67545e8478f: new RaftServerImpl for group-A5A284BFB222:[ec32634b-29c5-463a-8bfb-d67545e8478f:192.168.157.218:40537] with ContainerStateMachine:uninitialized
2019-07-13 10:59:23,534 INFO  server.RaftServerConfigKeys (ConfUtils.java:logGet(43)) - raft.server.rpc.timeout.min = 5s (custom)
2019-07-13 10:59:23,534 INFO  server.RaftServerConfigKeys (ConfUtils.java:logGet(43)) - raft.server.rpc.timeout.max = 5200ms (custom)
2019-07-13 10:59:23,534 INFO  server.RaftServerConfigKeys (ConfUtils.java:logGet(43)) - raft.server.rpcslowness.timeout = 120s (custom)
2019-07-13 10:59:23,535 INFO  server.RaftServerConfigKeys (ConfUtils.java:logGet(43)) - raft.server.sleep.deviation.threshold = 300 (default)
2019-07-13 10:59:23,535 INFO  server.RaftServerConfigKeys (ConfUtils.java:logGet(43)) - raft.server.log.appender.install.snapshot.enabled = false (custom)
2019-07-13 10:59:23,535 INFO  impl.RaftServerImpl (ServerState.java:<init>(105)) - ec32634b-29c5-463a-8bfb-d67545e8478f:group-A5A284BFB222 ConfigurationManager, init=-1: [ec32634b-29c5-463a-8bfb-d67545e8478f:192.168.157.218:40537], old=null, confs=<EMPTY_MAP>
2019-07-13 10:59:23,535 INFO  server.RaftServerConfigKeys (ConfUtils.java:logGet(43)) - raft.server.storage.dir = [/tmp/workdir/hadoop-ozone/integration-test/target/test-dir/MiniOzoneClusterImpl-af84d9c2-0d85-499d-bc96-6c4bab003ae0/datanode-5/data/ratis] (custom)
2019-07-13 10:59:23,536 INFO  storage.RaftStorageDirectory (RaftStorageDirectory.java:analyzeStorage(246)) - The storage directory /tmp/workdir/hadoop-ozone/integration-test/target/test-dir/MiniOzoneClusterImpl-af84d9c2-0d85-499d-bc96-6c4bab003ae0/datanode-5/data/ratis/ee7895bd-2b79-4cc2-8cdc-a5a284bfb222 does not exist. Creating ...
2019-07-13 10:59:23,548 INFO  storage.RaftStorageDirectory (RaftStorageDirectory.java:tryLock(328)) - Lock on /tmp/workdir/hadoop-ozone/integration-test/target/test-dir/MiniOzoneClusterImpl-af84d9c2-0d85-499d-bc96-6c4bab003ae0/datanode-5/data/ratis/ee7895bd-2b79-4cc2-8cdc-a5a284bfb222/in_use.lock acquired by nodename 23530@trunk-nightly-qcxv8-4293026562
2019-07-13 10:59:23,561 INFO  storage.RaftStorage (RaftStorage.java:format(72)) - Storage directory /tmp/workdir/hadoop-ozone/integration-test/target/test-dir/MiniOzoneClusterImpl-af84d9c2-0d85-499d-bc96-6c4bab003ae0/datanode-5/data/ratis/ee7895bd-2b79-4cc2-8cdc-a5a284bfb222 has been successfully formatted.
2019-07-13 10:59:23,561 INFO  ratis.ContainerStateMachine (ContainerStateMachine.java:loadSnapshot(200)) - The snapshot info is null.Setting the last applied index to:(t:0, i:~)
2019-07-13 10:59:23,562 INFO  server.RaftServerConfigKeys (ConfUtils.java:logGet(43)) - raft.server.leader.election.timeout = 120s (custom)
2019-07-13 10:59:23,562 INFO  server.RaftServerConfigKeys (ConfUtils.java:logGet(43)) - raft.server.log.use.memory = false (default)
2019-07-13 10:59:23,562 INFO  server.RaftServerConfigKeys (ConfUtils.java:logGet(43)) - raft.server.log.purge.gap = 1000000000 (custom)
2019-07-13 10:59:23,562 INFO  server.RaftServerConfigKeys (ConfUtils.java:logGet(43)) - raft.server.log.appender.buffer.byte-limit = 33554432 (custom)
2019-07-13 10:59:23,562 INFO  server.RaftServerConfigKeys (ConfUtils.java:logGet(43)) - raft.server.log.segment.size.max = 1048576 (custom)
2019-07-13 10:59:23,563 INFO  server.RaftServerConfigKeys (ConfUtils.java:logGet(43)) - raft.server.log.segment.cache.num.max = 2 (custom)
2019-07-13 10:59:23,563 INFO  segmented.SegmentedRaftLogWorker (SegmentedRaftLogWorker.java:<init>(172)) - new ec32634b-29c5-463a-8bfb-d67545e8478f-SegmentedRaftLogWorker:Storage Directory /tmp/workdir/hadoop-ozone/integration-test/target/test-dir/MiniOzoneClusterImpl-af84d9c2-0d85-499d-bc96-6c4bab003ae0/datanode-5/data/ratis/ee7895bd-2b79-4cc2-8cdc-a5a284bfb222 for RaftStorage:Storage Directory /tmp/workdir/hadoop-ozone/integration-test/target/test-dir/MiniOzoneClusterImpl-af84d9c2-0d85-499d-bc96-6c4bab003ae0/datanode-5/data/ratis/ee7895bd-2b79-4cc2-8cdc-a5a284bfb222
2019-07-13 10:59:23,563 INFO  server.RaftServerConfigKeys (ConfUtils.java:logGet(43)) - raft.server.log.queue.byte-limit = 2147483647 (custom)
2019-07-13 10:59:23,563 INFO  server.RaftServerConfigKeys (ConfUtils.java:logGet(43)) - raft.server.log.queue.element-limit = 1024 (custom)
2019-07-13 10:59:23,563 INFO  server.RaftServerConfigKeys (ConfUtils.java:logGet(43)) - raft.server.log.segment.size.max = 1048576 (custom)
2019-07-13 10:59:23,564 INFO  server.RaftServerConfigKeys (ConfUtils.java:logGet(43)) - raft.server.log.preallocated.size = 16384 (custom)
2019-07-13 10:59:23,564 INFO  server.RaftServerConfigKeys (ConfUtils.java:logGet(43)) - raft.server.log.write.buffer.size = 33554432 (custom)
2019-07-13 10:59:23,564 INFO  server.RaftServerConfigKeys (ConfUtils.java:logGet(43)) - raft.server.log.force.sync.num = 128 (default)
2019-07-13 10:59:23,564 INFO  server.RaftServerConfigKeys (ConfUtils.java:logGet(43)) - raft.server.log.statemachine.data.sync = true (default)
2019-07-13 10:59:23,564 INFO  server.RaftServerConfigKeys (ConfUtils.java:logGet(43)) - raft.server.log.statemachine.data.sync.timeout = 10s (default)
2019-07-13 10:59:23,565 INFO  server.RaftServerConfigKeys (ConfUtils.java:logGet(43)) - raft.server.log.statemachine.data.sync.timeout.retry = -1 (default)
2019-07-13 10:59:23,565 INFO  server.RaftServerConfigKeys (ConfUtils.java:logGet(43)) - raft.server.log.statemachine.data.caching.enabled = true (custom)
2019-07-13 10:59:23,565 INFO  segmented.SegmentedRaftLogWorker (SegmentedRaftLogWorker.java:lambda$new$0(132)) - ec32634b-29c5-463a-8bfb-d67545e8478f-SegmentedRaftLogWorker:Storage Directory /tmp/workdir/hadoop-ozone/integration-test/target/test-dir/MiniOzoneClusterImpl-af84d9c2-0d85-499d-bc96-6c4bab003ae0/datanode-5/data/ratis/ee7895bd-2b79-4cc2-8cdc-a5a284bfb222: flushIndex: setUnconditionally 0 -> -1
2019-07-13 10:59:23,566 INFO  server.RaftServerConfigKeys (ConfUtils.java:logGet(43)) - raft.server.snapshot.auto.trigger.enabled = true (custom)
2019-07-13 10:59:23,566 INFO  server.RaftServerConfigKeys (ConfUtils.java:logGet(43)) - raft.server.snapshot.auto.trigger.threshold = 10000 (custom)
2019-07-13 10:59:23,566 INFO  server.RaftServerConfigKeys (ConfUtils.java:logGet(43)) - raft.server.retrycache.expirytime = 600000ms (custom)
2019-07-13 10:59:23,567 INFO  impl.RaftServerImpl (RaftServerImpl.java:start(180)) - ec32634b-29c5-463a-8bfb-d67545e8478f: start group-A5A284BFB222
2019-07-13 10:59:23,567 INFO  impl.RaftServerImpl (RaftServerImpl.java:setRole(171)) - ec32634b-29c5-463a-8bfb-d67545e8478f:group-A5A284BFB222 changes role from null to FOLLOWER at term 0 for startAsFollower
2019-07-13 10:59:23,567 INFO  impl.RoleInfo (RoleInfo.java:updateAndGet(143)) - ec32634b-29c5-463a-8bfb-d67545e8478f: start FollowerState
2019-07-13 10:59:23,567 INFO  util.JmxRegister (JmxRegister.java:tryRegister(44)) - Successfully registered JMX Bean with object name Ratis:service=RaftServer,group=group-A5A284BFB222,id=ec32634b-29c5-463a-8bfb-d67545e8478f
2019-07-13 10:59:23,588 INFO  pipeline.PipelineStateManager (PipelineStateManager.java:addPipeline(56)) - Created pipeline Pipeline[ Id: ee7895bd-2b79-4cc2-8cdc-a5a284bfb222, Nodes: ec32634b-29c5-463a-8bfb-d67545e8478f{ip: 192.168.157.218, host: trunk-nightly-qcxv8-4293026562, networkLocation: /default-rack, certSerialId: null}, Type:RATIS, Factor:ONE, State:OPEN]
2019-07-13 10:59:23,629 INFO  impl.RaftServerProxy (RaftServerProxy.java:addNew(89)) - c4e2b5c3-ff1f-4a50-a7c3-54cb7a8212be: addNew group-6812E24DC5FA:[0bf649db-c09a-4405-873c-313ea8973ebd:192.168.157.218:32780, c4e2b5c3-ff1f-4a50-a7c3-54cb7a8212be:192.168.157.218:46595, 3350650c-6992-45d7-aea4-e7b0277db5d9:192.168.157.218:41564] returns group-6812E24DC5FA:java.util.concurrent.CompletableFuture@287f9241[Not completed]
2019-07-13 10:59:23,633 INFO  impl.RaftServerImpl (RaftServerImpl.java:<init>(93)) - c4e2b5c3-ff1f-4a50-a7c3-54cb7a8212be: new RaftServerImpl for group-6812E24DC5FA:[0bf649db-c09a-4405-873c-313ea8973ebd:192.168.157.218:32780, c4e2b5c3-ff1f-4a50-a7c3-54cb7a8212be:192.168.157.218:46595, 3350650c-6992-45d7-aea4-e7b0277db5d9:192.168.157.218:41564] with ContainerStateMachine:uninitialized
2019-07-13 10:59:23,633 INFO  server.RaftServerConfigKeys (ConfUtils.java:logGet(43)) - raft.server.rpc.timeout.min = 5s (custom)
2019-07-13 10:59:23,635 INFO  server.RaftServerConfigKeys (ConfUtils.java:logGet(43)) - raft.server.rpc.timeout.max = 5200ms (custom)
2019-07-13 10:59:23,635 INFO  impl.RaftServerProxy (RaftServerProxy.java:addNew(89)) - 3350650c-6992-45d7-aea4-e7b0277db5d9: addNew group-6812E24DC5FA:[0bf649db-c09a-4405-873c-313ea8973ebd:192.168.157.218:32780, c4e2b5c3-ff1f-4a50-a7c3-54cb7a8212be:192.168.157.218:46595, 3350650c-6992-45d7-aea4-e7b0277db5d9:192.168.157.218:41564] returns group-6812E24DC5FA:java.util.concurrent.CompletableFuture@70ae2bc5[Not completed]
2019-07-13 10:59:23,635 INFO  server.RaftServerConfigKeys (ConfUtils.java:logGet(43)) - raft.server.rpcslowness.timeout = 120s (custom)
2019-07-13 10:59:23,636 INFO  impl.RaftServerProxy (RaftServerProxy.java:addNew(89)) - 0bf649db-c09a-4405-873c-313ea8973ebd: addNew group-6812E24DC5FA:[0bf649db-c09a-4405-873c-313ea8973ebd:192.168.157.218:32780, c4e2b5c3-ff1f-4a50-a7c3-54cb7a8212be:192.168.157.218:46595, 3350650c-6992-45d7-aea4-e7b0277db5d9:192.168.157.218:41564] returns group-6812E24DC5FA:java.util.concurrent.CompletableFuture@4f0f036f[Not completed]
2019-07-13 10:59:23,636 INFO  server.RaftServerConfigKeys (ConfUtils.java:logGet(43)) - raft.server.sleep.deviation.threshold = 300 (default)
2019-07-13 10:59:23,636 INFO  server.RaftServerConfigKeys (ConfUtils.java:logGet(43)) - raft.server.log.appender.install.snapshot.enabled = false (custom)
2019-07-13 10:59:23,636 INFO  impl.RaftServerImpl (ServerState.java:<init>(105)) - c4e2b5c3-ff1f-4a50-a7c3-54cb7a8212be:group-6812E24DC5FA ConfigurationManager, init=-1: [0bf649db-c09a-4405-873c-313ea8973ebd:192.168.157.218:32780, c4e2b5c3-ff1f-4a50-a7c3-54cb7a8212be:192.168.157.218:46595, 3350650c-6992-45d7-aea4-e7b0277db5d9:192.168.157.218:41564], old=null, confs=<EMPTY_MAP>
2019-07-13 10:59:23,636 INFO  server.RaftServerConfigKeys (ConfUtils.java:logGet(43)) - raft.server.storage.dir = [/tmp/workdir/hadoop-ozone/integration-test/target/test-dir/MiniOzoneClusterImpl-af84d9c2-0d85-499d-bc96-6c4bab003ae0/datanode-4/data/ratis] (custom)
2019-07-13 10:59:23,637 INFO  storage.RaftStorageDirectory (RaftStorageDirectory.java:analyzeStorage(246)) - The storage directory /tmp/workdir/hadoop-ozone/integration-test/target/test-dir/MiniOzoneClusterImpl-af84d9c2-0d85-499d-bc96-6c4bab003ae0/datanode-4/data/ratis/1e978ad6-7d76-4e80-a860-6812e24dc5fa does not exist. Creating ...
2019-07-13 10:59:23,637 INFO  impl.RaftServerImpl (RaftServerImpl.java:<init>(93)) - 3350650c-6992-45d7-aea4-e7b0277db5d9: new RaftServerImpl for group-6812E24DC5FA:[0bf649db-c09a-4405-873c-313ea8973ebd:192.168.157.218:32780, c4e2b5c3-ff1f-4a50-a7c3-54cb7a8212be:192.168.157.218:46595, 3350650c-6992-45d7-aea4-e7b0277db5d9:192.168.157.218:41564] with ContainerStateMachine:uninitialized
2019-07-13 10:59:23,637 INFO  server.RaftServerConfigKeys (ConfUtils.java:logGet(43)) - raft.server.rpc.timeout.min = 5s (custom)
2019-07-13 10:59:23,638 INFO  server.RaftServerConfigKeys (ConfUtils.java:logGet(43)) - raft.server.rpc.timeout.max = 5200ms (custom)
2019-07-13 10:59:23,638 INFO  server.RaftServerConfigKeys (ConfUtils.java:logGet(43)) - raft.server.rpcslowness.timeout = 120s (custom)
2019-07-13 10:59:23,638 INFO  impl.RaftServerImpl (RaftServerImpl.java:<init>(93)) - 0bf649db-c09a-4405-873c-313ea8973ebd: new RaftServerImpl for group-6812E24DC5FA:[0bf649db-c09a-4405-873c-313ea8973ebd:192.168.157.218:32780, c4e2b5c3-ff1f-4a50-a7c3-54cb7a8212be:192.168.157.218:46595, 3350650c-6992-45d7-aea4-e7b0277db5d9:192.168.157.218:41564] with ContainerStateMachine:uninitialized
2019-07-13 10:59:23,638 INFO  server.RaftServerConfigKeys (ConfUtils.java:logGet(43)) - raft.server.sleep.deviation.threshold = 300 (default)
2019-07-13 10:59:23,638 INFO  server.RaftServerConfigKeys (ConfUtils.java:logGet(43)) - raft.server.rpc.timeout.min = 5s (custom)
2019-07-13 10:59:23,638 INFO  server.RaftServerConfigKeys (ConfUtils.java:logGet(43)) - raft.server.log.appender.install.snapshot.enabled = false (custom)
2019-07-13 10:59:23,638 INFO  server.RaftServerConfigKeys (ConfUtils.java:logGet(43)) - raft.server.rpc.timeout.max = 5200ms (custom)
2019-07-13 10:59:23,639 INFO  impl.RaftServerImpl (ServerState.java:<init>(105)) - 3350650c-6992-45d7-aea4-e7b0277db5d9:group-6812E24DC5FA ConfigurationManager, init=-1: [0bf649db-c09a-4405-873c-313ea8973ebd:192.168.157.218:32780, c4e2b5c3-ff1f-4a50-a7c3-54cb7a8212be:192.168.157.218:46595, 3350650c-6992-45d7-aea4-e7b0277db5d9:192.168.157.218:41564], old=null, confs=<EMPTY_MAP>
2019-07-13 10:59:23,639 INFO  server.RaftServerConfigKeys (ConfUtils.java:logGet(43)) - raft.server.rpcslowness.timeout = 120s (custom)
2019-07-13 10:59:23,639 INFO  server.RaftServerConfigKeys (ConfUtils.java:logGet(43)) - raft.server.storage.dir = [/tmp/workdir/hadoop-ozone/integration-test/target/test-dir/MiniOzoneClusterImpl-af84d9c2-0d85-499d-bc96-6c4bab003ae0/datanode-6/data/ratis] (custom)
2019-07-13 10:59:23,639 INFO  server.RaftServerConfigKeys (ConfUtils.java:logGet(43)) - raft.server.sleep.deviation.threshold = 300 (default)
2019-07-13 10:59:23,639 INFO  server.RaftServerConfigKeys (ConfUtils.java:logGet(43)) - raft.server.log.appender.install.snapshot.enabled = false (custom)
2019-07-13 10:59:23,639 INFO  storage.RaftStorageDirectory (RaftStorageDirectory.java:analyzeStorage(246)) - The storage directory /tmp/workdir/hadoop-ozone/integration-test/target/test-dir/MiniOzoneClusterImpl-af84d9c2-0d85-499d-bc96-6c4bab003ae0/datanode-6/data/ratis/1e978ad6-7d76-4e80-a860-6812e24dc5fa does not exist. Creating ...
2019-07-13 10:59:23,639 INFO  impl.RaftServerImpl (ServerState.java:<init>(105)) - 0bf649db-c09a-4405-873c-313ea8973ebd:group-6812E24DC5FA ConfigurationManager, init=-1: [0bf649db-c09a-4405-873c-313ea8973ebd:192.168.157.218:32780, c4e2b5c3-ff1f-4a50-a7c3-54cb7a8212be:192.168.157.218:46595, 3350650c-6992-45d7-aea4-e7b0277db5d9:192.168.157.218:41564], old=null, confs=<EMPTY_MAP>
2019-07-13 10:59:23,640 INFO  server.RaftServerConfigKeys (ConfUtils.java:logGet(43)) - raft.server.storage.dir = [/tmp/workdir/hadoop-ozone/integration-test/target/test-dir/MiniOzoneClusterImpl-af84d9c2-0d85-499d-bc96-6c4bab003ae0/datanode-1/data/ratis] (custom)
2019-07-13 10:59:23,640 INFO  storage.RaftStorageDirectory (RaftStorageDirectory.java:analyzeStorage(246)) - The storage directory /tmp/workdir/hadoop-ozone/integration-test/target/test-dir/MiniOzoneClusterImpl-af84d9c2-0d85-499d-bc96-6c4bab003ae0/datanode-1/data/ratis/1e978ad6-7d76-4e80-a860-6812e24dc5fa does not exist. Creating ...
2019-07-13 10:59:23,650 INFO  storage.RaftStorageDirectory (RaftStorageDirectory.java:tryLock(328)) - Lock on /tmp/workdir/hadoop-ozone/integration-test/target/test-dir/MiniOzoneClusterImpl-af84d9c2-0d85-499d-bc96-6c4bab003ae0/datanode-4/data/ratis/1e978ad6-7d76-4e80-a860-6812e24dc5fa/in_use.lock acquired by nodename 23530@trunk-nightly-qcxv8-4293026562
2019-07-13 10:59:23,650 INFO  storage.RaftStorageDirectory (RaftStorageDirectory.java:tryLock(328)) - Lock on /tmp/workdir/hadoop-ozone/integration-test/target/test-dir/MiniOzoneClusterImpl-af84d9c2-0d85-499d-bc96-6c4bab003ae0/datanode-6/data/ratis/1e978ad6-7d76-4e80-a860-6812e24dc5fa/in_use.lock acquired by nodename 23530@trunk-nightly-qcxv8-4293026562
2019-07-13 10:59:23,650 INFO  storage.RaftStorageDirectory (RaftStorageDirectory.java:tryLock(328)) - Lock on /tmp/workdir/hadoop-ozone/integration-test/target/test-dir/MiniOzoneClusterImpl-af84d9c2-0d85-499d-bc96-6c4bab003ae0/datanode-1/data/ratis/1e978ad6-7d76-4e80-a860-6812e24dc5fa/in_use.lock acquired by nodename 23530@trunk-nightly-qcxv8-4293026562
2019-07-13 10:59:23,671 INFO  storage.RaftStorage (RaftStorage.java:format(72)) - Storage directory /tmp/workdir/hadoop-ozone/integration-test/target/test-dir/MiniOzoneClusterImpl-af84d9c2-0d85-499d-bc96-6c4bab003ae0/datanode-1/data/ratis/1e978ad6-7d76-4e80-a860-6812e24dc5fa has been successfully formatted.
2019-07-13 10:59:23,671 INFO  storage.RaftStorage (RaftStorage.java:format(72)) - Storage directory /tmp/workdir/hadoop-ozone/integration-test/target/test-dir/MiniOzoneClusterImpl-af84d9c2-0d85-499d-bc96-6c4bab003ae0/datanode-4/data/ratis/1e978ad6-7d76-4e80-a860-6812e24dc5fa has been successfully formatted.
2019-07-13 10:59:23,671 INFO  ratis.ContainerStateMachine (ContainerStateMachine.java:loadSnapshot(200)) - The snapshot info is null.Setting the last applied index to:(t:0, i:~)
2019-07-13 10:59:23,671 INFO  storage.RaftStorage (RaftStorage.java:format(72)) - Storage directory /tmp/workdir/hadoop-ozone/integration-test/target/test-dir/MiniOzoneClusterImpl-af84d9c2-0d85-499d-bc96-6c4bab003ae0/datanode-6/data/ratis/1e978ad6-7d76-4e80-a860-6812e24dc5fa has been successfully formatted.
2019-07-13 10:59:23,671 INFO  server.RaftServerConfigKeys (ConfUtils.java:logGet(43)) - raft.server.leader.election.timeout = 120s (custom)
2019-07-13 10:59:23,671 INFO  ratis.ContainerStateMachine (ContainerStateMachine.java:loadSnapshot(200)) - The snapshot info is null.Setting the last applied index to:(t:0, i:~)
2019-07-13 10:59:23,672 INFO  server.RaftServerConfigKeys (ConfUtils.java:logGet(43)) - raft.server.log.use.memory = false (default)
2019-07-13 10:59:23,672 INFO  ratis.ContainerStateMachine (ContainerStateMachine.java:loadSnapshot(200)) - The snapshot info is null.Setting the last applied index to:(t:0, i:~)
2019-07-13 10:59:23,672 INFO  server.RaftServerConfigKeys (ConfUtils.java:logGet(43)) - raft.server.log.purge.gap = 1000000000 (custom)
2019-07-13 10:59:23,672 INFO  server.RaftServerConfigKeys (ConfUtils.java:logGet(43)) - raft.server.leader.election.timeout = 120s (custom)
2019-07-13 10:59:23,672 INFO  server.RaftServerConfigKeys (ConfUtils.java:logGet(43)) - raft.server.log.appender.buffer.byte-limit = 33554432 (custom)
2019-07-13 10:59:23,672 INFO  server.RaftServerConfigKeys (ConfUtils.java:logGet(43)) - raft.server.leader.election.timeout = 120s (custom)
2019-07-13 10:59:23,673 INFO  server.RaftServerConfigKeys (ConfUtils.java:logGet(43)) - raft.server.log.segment.size.max = 1048576 (custom)
2019-07-13 10:59:23,673 INFO  server.RaftServerConfigKeys (ConfUtils.java:logGet(43)) - raft.server.log.use.memory = false (default)
2019-07-13 10:59:23,673 INFO  server.RaftServerConfigKeys (ConfUtils.java:logGet(43)) - raft.server.log.segment.cache.num.max = 2 (custom)
2019-07-13 10:59:23,673 INFO  server.RaftServerConfigKeys (ConfUtils.java:logGet(43)) - raft.server.log.use.memory = false (default)
2019-07-13 10:59:23,673 INFO  segmented.SegmentedRaftLogWorker (SegmentedRaftLogWorker.java:<init>(172)) - new 0bf649db-c09a-4405-873c-313ea8973ebd-SegmentedRaftLogWorker:Storage Directory /tmp/workdir/hadoop-ozone/integration-test/target/test-dir/MiniOzoneClusterImpl-af84d9c2-0d85-499d-bc96-6c4bab003ae0/datanode-1/data/ratis/1e978ad6-7d76-4e80-a860-6812e24dc5fa for RaftStorage:Storage Directory /tmp/workdir/hadoop-ozone/integration-test/target/test-dir/MiniOzoneClusterImpl-af84d9c2-0d85-499d-bc96-6c4bab003ae0/datanode-1/data/ratis/1e978ad6-7d76-4e80-a860-6812e24dc5fa
2019-07-13 10:59:23,673 INFO  server.RaftServerConfigKeys (ConfUtils.java:logGet(43)) - raft.server.log.purge.gap = 1000000000 (custom)
2019-07-13 10:59:23,674 INFO  server.RaftServerConfigKeys (ConfUtils.java:logGet(43)) - raft.server.log.queue.byte-limit = 2147483647 (custom)
2019-07-13 10:59:23,674 INFO  server.RaftServerConfigKeys (ConfUtils.java:logGet(43)) - raft.server.log.purge.gap = 1000000000 (custom)
2019-07-13 10:59:23,676 INFO  server.RaftServerConfigKeys (ConfUtils.java:logGet(43)) - raft.server.log.queue.element-limit = 1024 (custom)
2019-07-13 10:59:23,674 INFO  server.RaftServerConfigKeys (ConfUtils.java:logGet(43)) - raft.server.log.appender.buffer.byte-limit = 33554432 (custom)
2019-07-13 10:59:23,676 INFO  server.RaftServerConfigKeys (ConfUtils.java:logGet(43)) - raft.server.log.segment.size.max = 1048576 (custom)
2019-07-13 10:59:23,676 INFO  server.RaftServerConfigKeys (ConfUtils.java:logGet(43)) - raft.server.log.appender.buffer.byte-limit = 33554432 (custom)
2019-07-13 10:59:23,677 INFO  server.RaftServerConfigKeys (ConfUtils.java:logGet(43)) - raft.server.log.preallocated.size = 16384 (custom)
2019-07-13 10:59:23,676 INFO  server.RaftServerConfigKeys (ConfUtils.java:logGet(43)) - raft.server.log.segment.size.max = 1048576 (custom)
2019-07-13 10:59:23,677 INFO  server.RaftServerConfigKeys (ConfUtils.java:logGet(43)) - raft.server.log.write.buffer.size = 33554432 (custom)
2019-07-13 10:59:23,677 INFO  server.RaftServerConfigKeys (ConfUtils.java:logGet(43)) - raft.server.log.segment.size.max = 1048576 (custom)
2019-07-13 10:59:23,677 INFO  server.RaftServerConfigKeys (ConfUtils.java:logGet(43)) - raft.server.log.force.sync.num = 128 (default)
2019-07-13 10:59:23,677 INFO  server.RaftServerConfigKeys (ConfUtils.java:logGet(43)) - raft.server.log.segment.cache.num.max = 2 (custom)
2019-07-13 10:59:23,678 INFO  server.RaftServerConfigKeys (ConfUtils.java:logGet(43)) - raft.server.log.statemachine.data.sync = true (default)
2019-07-13 10:59:23,677 INFO  server.RaftServerConfigKeys (ConfUtils.java:logGet(43)) - raft.server.log.segment.cache.num.max = 2 (custom)
2019-07-13 10:59:23,678 INFO  server.RaftServerConfigKeys (ConfUtils.java:logGet(43)) - raft.server.log.statemachine.data.sync.timeout = 10s (default)
2019-07-13 10:59:23,678 INFO  server.RaftServerConfigKeys (ConfUtils.java:logGet(43)) - raft.server.log.statemachine.data.sync.timeout.retry = -1 (default)
2019-07-13 10:59:23,678 INFO  segmented.SegmentedRaftLogWorker (SegmentedRaftLogWorker.java:<init>(172)) - new c4e2b5c3-ff1f-4a50-a7c3-54cb7a8212be-SegmentedRaftLogWorker:Storage Directory /tmp/workdir/hadoop-ozone/integration-test/target/test-dir/MiniOzoneClusterImpl-af84d9c2-0d85-499d-bc96-6c4bab003ae0/datanode-4/data/ratis/1e978ad6-7d76-4e80-a860-6812e24dc5fa for RaftStorage:Storage Directory /tmp/workdir/hadoop-ozone/integration-test/target/test-dir/MiniOzoneClusterImpl-af84d9c2-0d85-499d-bc96-6c4bab003ae0/datanode-4/data/ratis/1e978ad6-7d76-4e80-a860-6812e24dc5fa
2019-07-13 10:59:23,679 INFO  server.RaftServerConfigKeys (ConfUtils.java:logGet(43)) - raft.server.log.statemachine.data.caching.enabled = true (custom)
2019-07-13 10:59:23,678 INFO  segmented.SegmentedRaftLogWorker (SegmentedRaftLogWorker.java:<init>(172)) - new 3350650c-6992-45d7-aea4-e7b0277db5d9-SegmentedRaftLogWorker:Storage Directory /tmp/workdir/hadoop-ozone/integration-test/target/test-dir/MiniOzoneClusterImpl-af84d9c2-0d85-499d-bc96-6c4bab003ae0/datanode-6/data/ratis/1e978ad6-7d76-4e80-a860-6812e24dc5fa for RaftStorage:Storage Directory /tmp/workdir/hadoop-ozone/integration-test/target/test-dir/MiniOzoneClusterImpl-af84d9c2-0d85-499d-bc96-6c4bab003ae0/datanode-6/data/ratis/1e978ad6-7d76-4e80-a860-6812e24dc5fa
2019-07-13 10:59:23,681 INFO  segmented.SegmentedRaftLogWorker (SegmentedRaftLogWorker.java:lambda$new$0(132)) - 0bf649db-c09a-4405-873c-313ea8973ebd-SegmentedRaftLogWorker:Storage Directory /tmp/workdir/hadoop-ozone/integration-test/target/test-dir/MiniOzoneClusterImpl-af84d9c2-0d85-499d-bc96-6c4bab003ae0/datanode-1/data/ratis/1e978ad6-7d76-4e80-a860-6812e24dc5fa: flushIndex: setUnconditionally 0 -> -1
2019-07-13 10:59:23,679 INFO  server.RaftServerConfigKeys (ConfUtils.java:logGet(43)) - raft.server.log.queue.byte-limit = 2147483647 (custom)
2019-07-13 10:59:23,683 INFO  server.RaftServerConfigKeys (ConfUtils.java:logGet(43)) - raft.server.snapshot.auto.trigger.enabled = true (custom)
2019-07-13 10:59:23,681 INFO  server.RaftServerConfigKeys (ConfUtils.java:logGet(43)) - raft.server.log.queue.byte-limit = 2147483647 (custom)
2019-07-13 10:59:23,683 INFO  server.RaftServerConfigKeys (ConfUtils.java:logGet(43)) - raft.server.snapshot.auto.trigger.threshold = 10000 (custom)
2019-07-13 10:59:23,683 INFO  server.RaftServerConfigKeys (ConfUtils.java:logGet(43)) - raft.server.log.queue.element-limit = 1024 (custom)
2019-07-13 10:59:23,684 INFO  server.RaftServerConfigKeys (ConfUtils.java:logGet(43)) - raft.server.retrycache.expirytime = 600000ms (custom)
2019-07-13 10:59:23,683 INFO  server.RaftServerConfigKeys (ConfUtils.java:logGet(43)) - raft.server.log.queue.element-limit = 1024 (custom)
2019-07-13 10:59:23,684 INFO  impl.RaftServerImpl (RaftServerImpl.java:start(180)) - 0bf649db-c09a-4405-873c-313ea8973ebd: start group-6812E24DC5FA
2019-07-13 10:59:23,684 INFO  server.RaftServerConfigKeys (ConfUtils.java:logGet(43)) - raft.server.log.segment.size.max = 1048576 (custom)
2019-07-13 10:59:23,684 INFO  impl.RaftServerImpl (RaftServerImpl.java:setRole(171)) - 0bf649db-c09a-4405-873c-313ea8973ebd:group-6812E24DC5FA changes role from null to FOLLOWER at term 0 for startAsFollower
2019-07-13 10:59:23,684 INFO  server.RaftServerConfigKeys (ConfUtils.java:logGet(43)) - raft.server.log.segment.size.max = 1048576 (custom)
2019-07-13 10:59:23,685 INFO  impl.RoleInfo (RoleInfo.java:updateAndGet(143)) - 0bf649db-c09a-4405-873c-313ea8973ebd: start FollowerState
2019-07-13 10:59:23,684 INFO  server.RaftServerConfigKeys (ConfUtils.java:logGet(43)) - raft.server.log.preallocated.size = 16384 (custom)
2019-07-13 10:59:23,685 INFO  server.RaftServerConfigKeys (ConfUtils.java:logGet(43)) - raft.server.log.preallocated.size = 16384 (custom)
2019-07-13 10:59:23,685 INFO  util.JmxRegister (JmxRegister.java:tryRegister(44)) - Successfully registered JMX Bean with object name Ratis:service=RaftServer,group=group-6812E24DC5FA,id=0bf649db-c09a-4405-873c-313ea8973ebd
2019-07-13 10:59:23,685 INFO  server.RaftServerConfigKeys (ConfUtils.java:logGet(43)) - raft.server.log.write.buffer.size = 33554432 (custom)
2019-07-13 10:59:23,685 INFO  server.RaftServerConfigKeys (ConfUtils.java:logGet(43)) - raft.server.log.write.buffer.size = 33554432 (custom)
2019-07-13 10:59:23,686 INFO  server.RaftServerConfigKeys (ConfUtils.java:logGet(43)) - raft.server.log.force.sync.num = 128 (default)
2019-07-13 10:59:23,686 INFO  server.RaftServerConfigKeys (ConfUtils.java:logGet(43)) - raft.server.log.force.sync.num = 128 (default)
2019-07-13 10:59:23,686 INFO  server.RaftServerConfigKeys (ConfUtils.java:logGet(43)) - raft.server.log.statemachine.data.sync = true (default)
2019-07-13 10:59:23,686 INFO  server.RaftServerConfigKeys (ConfUtils.java:logGet(43)) - raft.server.log.statemachine.data.sync = true (default)
2019-07-13 10:59:23,686 INFO  server.RaftServerConfigKeys (ConfUtils.java:logGet(43)) - raft.server.log.statemachine.data.sync.timeout = 10s (default)
2019-07-13 10:59:23,686 INFO  server.RaftServerConfigKeys (ConfUtils.java:logGet(43)) - raft.server.log.statemachine.data.sync.timeout = 10s (default)
2019-07-13 10:59:23,687 INFO  server.RaftServerConfigKeys (ConfUtils.java:logGet(43)) - raft.server.log.statemachine.data.sync.timeout.retry = -1 (default)
2019-07-13 10:59:23,687 INFO  server.RaftServerConfigKeys (ConfUtils.java:logGet(43)) - raft.server.log.statemachine.data.sync.timeout.retry = -1 (default)
2019-07-13 10:59:23,687 INFO  server.RaftServerConfigKeys (ConfUtils.java:logGet(43)) - raft.server.log.statemachine.data.caching.enabled = true (custom)
2019-07-13 10:59:23,687 INFO  server.RaftServerConfigKeys (ConfUtils.java:logGet(43)) - raft.server.log.statemachine.data.caching.enabled = true (custom)
2019-07-13 10:59:23,688 INFO  segmented.SegmentedRaftLogWorker (SegmentedRaftLogWorker.java:lambda$new$0(132)) - c4e2b5c3-ff1f-4a50-a7c3-54cb7a8212be-SegmentedRaftLogWorker:Storage Directory /tmp/workdir/hadoop-ozone/integration-test/target/test-dir/MiniOzoneClusterImpl-af84d9c2-0d85-499d-bc96-6c4bab003ae0/datanode-4/data/ratis/1e978ad6-7d76-4e80-a860-6812e24dc5fa: flushIndex: setUnconditionally 0 -> -1
2019-07-13 10:59:23,688 INFO  segmented.SegmentedRaftLogWorker (SegmentedRaftLogWorker.java:lambda$new$0(132)) - 3350650c-6992-45d7-aea4-e7b0277db5d9-SegmentedRaftLogWorker:Storage Directory /tmp/workdir/hadoop-ozone/integration-test/target/test-dir/MiniOzoneClusterImpl-af84d9c2-0d85-499d-bc96-6c4bab003ae0/datanode-6/data/ratis/1e978ad6-7d76-4e80-a860-6812e24dc5fa: flushIndex: setUnconditionally 0 -> -1
2019-07-13 10:59:23,688 INFO  server.RaftServerConfigKeys (ConfUtils.java:logGet(43)) - raft.server.snapshot.auto.trigger.enabled = true (custom)
2019-07-13 10:59:23,688 INFO  server.RaftServerConfigKeys (ConfUtils.java:logGet(43)) - raft.server.snapshot.auto.trigger.threshold = 10000 (custom)
2019-07-13 10:59:23,688 INFO  server.RaftServerConfigKeys (ConfUtils.java:logGet(43)) - raft.server.snapshot.auto.trigger.enabled = true (custom)
2019-07-13 10:59:23,690 INFO  server.RaftServerConfigKeys (ConfUtils.java:logGet(43)) - raft.server.retrycache.expirytime = 600000ms (custom)
2019-07-13 10:59:23,690 INFO  server.RaftServerConfigKeys (ConfUtils.java:logGet(43)) - raft.server.snapshot.auto.trigger.threshold = 10000 (custom)
2019-07-13 10:59:23,691 INFO  impl.RaftServerImpl (RaftServerImpl.java:start(180)) - c4e2b5c3-ff1f-4a50-a7c3-54cb7a8212be: start group-6812E24DC5FA
2019-07-13 10:59:23,692 INFO  impl.RaftServerImpl (RaftServerImpl.java:setRole(171)) - c4e2b5c3-ff1f-4a50-a7c3-54cb7a8212be:group-6812E24DC5FA changes role from null to FOLLOWER at term 0 for startAsFollower
2019-07-13 10:59:23,694 INFO  server.RaftServerConfigKeys (ConfUtils.java:logGet(43)) - raft.server.retrycache.expirytime = 600000ms (custom)
2019-07-13 10:59:23,694 INFO  impl.RoleInfo (RoleInfo.java:updateAndGet(143)) - c4e2b5c3-ff1f-4a50-a7c3-54cb7a8212be: start FollowerState
2019-07-13 10:59:23,696 INFO  impl.RaftServerImpl (RaftServerImpl.java:start(180)) - 3350650c-6992-45d7-aea4-e7b0277db5d9: start group-6812E24DC5FA
2019-07-13 10:59:23,697 INFO  impl.RaftServerImpl (RaftServerImpl.java:setRole(171)) - 3350650c-6992-45d7-aea4-e7b0277db5d9:group-6812E24DC5FA changes role from null to FOLLOWER at term 0 for startAsFollower
2019-07-13 10:59:23,697 INFO  impl.RoleInfo (RoleInfo.java:updateAndGet(143)) - 3350650c-6992-45d7-aea4-e7b0277db5d9: start FollowerState
2019-07-13 10:59:23,697 INFO  util.JmxRegister (JmxRegister.java:tryRegister(44)) - Successfully registered JMX Bean with object name Ratis:service=RaftServer,group=group-6812E24DC5FA,id=c4e2b5c3-ff1f-4a50-a7c3-54cb7a8212be
2019-07-13 10:59:23,697 INFO  util.JmxRegister (JmxRegister.java:tryRegister(44)) - Successfully registered JMX Bean with object name Ratis:service=RaftServer,group=group-6812E24DC5FA,id=3350650c-6992-45d7-aea4-e7b0277db5d9
2019-07-13 10:59:23,719 INFO  pipeline.PipelineStateManager (PipelineStateManager.java:addPipeline(56)) - Created pipeline Pipeline[ Id: 1e978ad6-7d76-4e80-a860-6812e24dc5fa, Nodes: 3350650c-6992-45d7-aea4-e7b0277db5d9{ip: 192.168.157.218, host: trunk-nightly-qcxv8-4293026562, networkLocation: /default-rack, certSerialId: null}0bf649db-c09a-4405-873c-313ea8973ebd{ip: 192.168.157.218, host: trunk-nightly-qcxv8-4293026562, networkLocation: /default-rack, certSerialId: null}c4e2b5c3-ff1f-4a50-a7c3-54cb7a8212be{ip: 192.168.157.218, host: trunk-nightly-qcxv8-4293026562, networkLocation: /default-rack, certSerialId: null}, Type:RATIS, Factor:THREE, State:OPEN]
2019-07-13 10:59:23,755 INFO  impl.RaftServerProxy (RaftServerProxy.java:addNew(89)) - ce9f14b8-8d16-4df7-b53d-c738df7dd7b1: addNew group-1674E1DF3074:[84d6cbd8-10dc-4dfd-94c8-59a57a8a3286:192.168.157.218:43919, 483d5df8-4905-41e2-a2e5-3e4aa56c3dae:192.168.157.218:44937, ce9f14b8-8d16-4df7-b53d-c738df7dd7b1:192.168.157.218:33391] returns group-1674E1DF3074:java.util.concurrent.CompletableFuture@e320954[Not completed]
2019-07-13 10:59:23,755 INFO  impl.RaftServerProxy (RaftServerProxy.java:addNew(89)) - 84d6cbd8-10dc-4dfd-94c8-59a57a8a3286: addNew group-1674E1DF3074:[84d6cbd8-10dc-4dfd-94c8-59a57a8a3286:192.168.157.218:43919, 483d5df8-4905-41e2-a2e5-3e4aa56c3dae:192.168.157.218:44937, ce9f14b8-8d16-4df7-b53d-c738df7dd7b1:192.168.157.218:33391] returns group-1674E1DF3074:java.util.concurrent.CompletableFuture@65f6114[Not completed]
2019-07-13 10:59:23,765 INFO  impl.RaftServerProxy (RaftServerProxy.java:addNew(89)) - 483d5df8-4905-41e2-a2e5-3e4aa56c3dae: addNew group-1674E1DF3074:[84d6cbd8-10dc-4dfd-94c8-59a57a8a3286:192.168.157.218:43919, 483d5df8-4905-41e2-a2e5-3e4aa56c3dae:192.168.157.218:44937, ce9f14b8-8d16-4df7-b53d-c738df7dd7b1:192.168.157.218:33391] returns group-1674E1DF3074:java.util.concurrent.CompletableFuture@8631a0a[Not completed]
2019-07-13 10:59:23,768 INFO  impl.RaftServerImpl (RaftServerImpl.java:<init>(93)) - 84d6cbd8-10dc-4dfd-94c8-59a57a8a3286: new RaftServerImpl for group-1674E1DF3074:[84d6cbd8-10dc-4dfd-94c8-59a57a8a3286:192.168.157.218:43919, 483d5df8-4905-41e2-a2e5-3e4aa56c3dae:192.168.157.218:44937, ce9f14b8-8d16-4df7-b53d-c738df7dd7b1:192.168.157.218:33391] with ContainerStateMachine:uninitialized
2019-07-13 10:59:23,768 INFO  server.RaftServerConfigKeys (ConfUtils.java:logGet(43)) - raft.server.rpc.timeout.min = 5s (custom)
2019-07-13 10:59:23,768 INFO  server.RaftServerConfigKeys (ConfUtils.java:logGet(43)) - raft.server.rpc.timeout.max = 5200ms (custom)
2019-07-13 10:59:23,768 INFO  server.RaftServerConfigKeys (ConfUtils.java:logGet(43)) - raft.server.rpcslowness.timeout = 120s (custom)
2019-07-13 10:59:23,768 INFO  server.RaftServerConfigKeys (ConfUtils.java:logGet(43)) - raft.server.sleep.deviation.threshold = 300 (default)
2019-07-13 10:59:23,768 INFO  server.RaftServerConfigKeys (ConfUtils.java:logGet(43)) - raft.server.log.appender.install.snapshot.enabled = false (custom)
2019-07-13 10:59:23,768 INFO  impl.RaftServerImpl (ServerState.java:<init>(105)) - 84d6cbd8-10dc-4dfd-94c8-59a57a8a3286:group-1674E1DF3074 ConfigurationManager, init=-1: [84d6cbd8-10dc-4dfd-94c8-59a57a8a3286:192.168.157.218:43919, 483d5df8-4905-41e2-a2e5-3e4aa56c3dae:192.168.157.218:44937, ce9f14b8-8d16-4df7-b53d-c738df7dd7b1:192.168.157.218:33391], old=null, confs=<EMPTY_MAP>
2019-07-13 10:59:23,769 INFO  impl.RaftServerImpl (RaftServerImpl.java:<init>(93)) - 483d5df8-4905-41e2-a2e5-3e4aa56c3dae: new RaftServerImpl for group-1674E1DF3074:[84d6cbd8-10dc-4dfd-94c8-59a57a8a3286:192.168.157.218:43919, 483d5df8-4905-41e2-a2e5-3e4aa56c3dae:192.168.157.218:44937, ce9f14b8-8d16-4df7-b53d-c738df7dd7b1:192.168.157.218:33391] with ContainerStateMachine:uninitialized
2019-07-13 10:59:23,769 INFO  server.RaftServerConfigKeys (ConfUtils.java:logGet(43)) - raft.server.storage.dir = [/tmp/workdir/hadoop-ozone/integration-test/target/test-dir/MiniOzoneClusterImpl-af84d9c2-0d85-499d-bc96-6c4bab003ae0/datanode-0/data/ratis] (custom)
2019-07-13 10:59:23,769 INFO  server.RaftServerConfigKeys (ConfUtils.java:logGet(43)) - raft.server.rpc.timeout.min = 5s (custom)
2019-07-13 10:59:23,769 INFO  server.RaftServerConfigKeys (ConfUtils.java:logGet(43)) - raft.server.rpc.timeout.max = 5200ms (custom)
2019-07-13 10:59:23,769 INFO  storage.RaftStorageDirectory (RaftStorageDirectory.java:analyzeStorage(246)) - The storage directory /tmp/workdir/hadoop-ozone/integration-test/target/test-dir/MiniOzoneClusterImpl-af84d9c2-0d85-499d-bc96-6c4bab003ae0/datanode-0/data/ratis/0fd3aa49-5301-47d0-b99c-1674e1df3074 does not exist. Creating ...
2019-07-13 10:59:23,769 INFO  server.RaftServerConfigKeys (ConfUtils.java:logGet(43)) - raft.server.rpcslowness.timeout = 120s (custom)
2019-07-13 10:59:23,770 INFO  server.RaftServerConfigKeys (ConfUtils.java:logGet(43)) - raft.server.sleep.deviation.threshold = 300 (default)
2019-07-13 10:59:23,770 INFO  server.RaftServerConfigKeys (ConfUtils.java:logGet(43)) - raft.server.log.appender.install.snapshot.enabled = false (custom)
2019-07-13 10:59:23,770 INFO  impl.RaftServerImpl (RaftServerImpl.java:<init>(93)) - ce9f14b8-8d16-4df7-b53d-c738df7dd7b1: new RaftServerImpl for group-1674E1DF3074:[84d6cbd8-10dc-4dfd-94c8-59a57a8a3286:192.168.157.218:43919, 483d5df8-4905-41e2-a2e5-3e4aa56c3dae:192.168.157.218:44937, ce9f14b8-8d16-4df7-b53d-c738df7dd7b1:192.168.157.218:33391] with ContainerStateMachine:uninitialized
2019-07-13 10:59:23,770 INFO  impl.RaftServerImpl (ServerState.java:<init>(105)) - 483d5df8-4905-41e2-a2e5-3e4aa56c3dae:group-1674E1DF3074 ConfigurationManager, init=-1: [84d6cbd8-10dc-4dfd-94c8-59a57a8a3286:192.168.157.218:43919, 483d5df8-4905-41e2-a2e5-3e4aa56c3dae:192.168.157.218:44937, ce9f14b8-8d16-4df7-b53d-c738df7dd7b1:192.168.157.218:33391], old=null, confs=<EMPTY_MAP>
2019-07-13 10:59:23,770 INFO  server.RaftServerConfigKeys (ConfUtils.java:logGet(43)) - raft.server.rpc.timeout.min = 5s (custom)
2019-07-13 10:59:23,770 INFO  server.RaftServerConfigKeys (ConfUtils.java:logGet(43)) - raft.server.storage.dir = [/tmp/workdir/hadoop-ozone/integration-test/target/test-dir/MiniOzoneClusterImpl-af84d9c2-0d85-499d-bc96-6c4bab003ae0/datanode-3/data/ratis] (custom)
2019-07-13 10:59:23,770 INFO  server.RaftServerConfigKeys (ConfUtils.java:logGet(43)) - raft.server.rpc.timeout.max = 5200ms (custom)
2019-07-13 10:59:23,771 INFO  server.RaftServerConfigKeys (ConfUtils.java:logGet(43)) - raft.server.rpcslowness.timeout = 120s (custom)
2019-07-13 10:59:23,771 INFO  storage.RaftStorageDirectory (RaftStorageDirectory.java:analyzeStorage(246)) - The storage directory /tmp/workdir/hadoop-ozone/integration-test/target/test-dir/MiniOzoneClusterImpl-af84d9c2-0d85-499d-bc96-6c4bab003ae0/datanode-3/data/ratis/0fd3aa49-5301-47d0-b99c-1674e1df3074 does not exist. Creating ...
2019-07-13 10:59:23,771 INFO  server.RaftServerConfigKeys (ConfUtils.java:logGet(43)) - raft.server.sleep.deviation.threshold = 300 (default)
2019-07-13 10:59:23,771 INFO  server.RaftServerConfigKeys (ConfUtils.java:logGet(43)) - raft.server.log.appender.install.snapshot.enabled = false (custom)
2019-07-13 10:59:23,771 INFO  impl.RaftServerImpl (ServerState.java:<init>(105)) - ce9f14b8-8d16-4df7-b53d-c738df7dd7b1:group-1674E1DF3074 ConfigurationManager, init=-1: [84d6cbd8-10dc-4dfd-94c8-59a57a8a3286:192.168.157.218:43919, 483d5df8-4905-41e2-a2e5-3e4aa56c3dae:192.168.157.218:44937, ce9f14b8-8d16-4df7-b53d-c738df7dd7b1:192.168.157.218:33391], old=null, confs=<EMPTY_MAP>
2019-07-13 10:59:23,772 INFO  server.RaftServerConfigKeys (ConfUtils.java:logGet(43)) - raft.server.storage.dir = [/tmp/workdir/hadoop-ozone/integration-test/target/test-dir/MiniOzoneClusterImpl-af84d9c2-0d85-499d-bc96-6c4bab003ae0/datanode-2/data/ratis] (custom)
2019-07-13 10:59:23,772 INFO  storage.RaftStorageDirectory (RaftStorageDirectory.java:analyzeStorage(246)) - The storage directory /tmp/workdir/hadoop-ozone/integration-test/target/test-dir/MiniOzoneClusterImpl-af84d9c2-0d85-499d-bc96-6c4bab003ae0/datanode-2/data/ratis/0fd3aa49-5301-47d0-b99c-1674e1df3074 does not exist. Creating ...
2019-07-13 10:59:23,785 INFO  storage.RaftStorageDirectory (RaftStorageDirectory.java:tryLock(328)) - Lock on /tmp/workdir/hadoop-ozone/integration-test/target/test-dir/MiniOzoneClusterImpl-af84d9c2-0d85-499d-bc96-6c4bab003ae0/datanode-2/data/ratis/0fd3aa49-5301-47d0-b99c-1674e1df3074/in_use.lock acquired by nodename 23530@trunk-nightly-qcxv8-4293026562
2019-07-13 10:59:23,785 INFO  storage.RaftStorageDirectory (RaftStorageDirectory.java:tryLock(328)) - Lock on /tmp/workdir/hadoop-ozone/integration-test/target/test-dir/MiniOzoneClusterImpl-af84d9c2-0d85-499d-bc96-6c4bab003ae0/datanode-0/data/ratis/0fd3aa49-5301-47d0-b99c-1674e1df3074/in_use.lock acquired by nodename 23530@trunk-nightly-qcxv8-4293026562
2019-07-13 10:59:23,785 INFO  storage.RaftStorageDirectory (RaftStorageDirectory.java:tryLock(328)) - Lock on /tmp/workdir/hadoop-ozone/integration-test/target/test-dir/MiniOzoneClusterImpl-af84d9c2-0d85-499d-bc96-6c4bab003ae0/datanode-3/data/ratis/0fd3aa49-5301-47d0-b99c-1674e1df3074/in_use.lock acquired by nodename 23530@trunk-nightly-qcxv8-4293026562
2019-07-13 10:59:23,799 INFO  storage.RaftStorage (RaftStorage.java:format(72)) - Storage directory /tmp/workdir/hadoop-ozone/integration-test/target/test-dir/MiniOzoneClusterImpl-af84d9c2-0d85-499d-bc96-6c4bab003ae0/datanode-2/data/ratis/0fd3aa49-5301-47d0-b99c-1674e1df3074 has been successfully formatted.
2019-07-13 10:59:23,799 INFO  storage.RaftStorage (RaftStorage.java:format(72)) - Storage directory /tmp/workdir/hadoop-ozone/integration-test/target/test-dir/MiniOzoneClusterImpl-af84d9c2-0d85-499d-bc96-6c4bab003ae0/datanode-0/data/ratis/0fd3aa49-5301-47d0-b99c-1674e1df3074 has been successfully formatted.
2019-07-13 10:59:23,799 INFO  storage.RaftStorage (RaftStorage.java:format(72)) - Storage directory /tmp/workdir/hadoop-ozone/integration-test/target/test-dir/MiniOzoneClusterImpl-af84d9c2-0d85-499d-bc96-6c4bab003ae0/datanode-3/data/ratis/0fd3aa49-5301-47d0-b99c-1674e1df3074 has been successfully formatted.
2019-07-13 10:59:23,799 INFO  ratis.ContainerStateMachine (ContainerStateMachine.java:loadSnapshot(200)) - The snapshot info is null.Setting the last applied index to:(t:0, i:~)
2019-07-13 10:59:23,799 INFO  ratis.ContainerStateMachine (ContainerStateMachine.java:loadSnapshot(200)) - The snapshot info is null.Setting the last applied index to:(t:0, i:~)
2019-07-13 10:59:23,799 INFO  server.RaftServerConfigKeys (ConfUtils.java:logGet(43)) - raft.server.leader.election.timeout = 120s (custom)
2019-07-13 10:59:23,799 INFO  ratis.ContainerStateMachine (ContainerStateMachine.java:loadSnapshot(200)) - The snapshot info is null.Setting the last applied index to:(t:0, i:~)
2019-07-13 10:59:23,800 INFO  server.RaftServerConfigKeys (ConfUtils.java:logGet(43)) - raft.server.log.use.memory = false (default)
2019-07-13 10:59:23,799 INFO  server.RaftServerConfigKeys (ConfUtils.java:logGet(43)) - raft.server.leader.election.timeout = 120s (custom)
2019-07-13 10:59:23,800 INFO  server.RaftServerConfigKeys (ConfUtils.java:logGet(43)) - raft.server.log.purge.gap = 1000000000 (custom)
2019-07-13 10:59:23,800 INFO  server.RaftServerConfigKeys (ConfUtils.java:logGet(43)) - raft.server.leader.election.timeout = 120s (custom)
2019-07-13 10:59:23,800 INFO  server.RaftServerConfigKeys (ConfUtils.java:logGet(43)) - raft.server.log.appender.buffer.byte-limit = 33554432 (custom)
2019-07-13 10:59:23,800 INFO  server.RaftServerConfigKeys (ConfUtils.java:logGet(43)) - raft.server.log.use.memory = false (default)
2019-07-13 10:59:23,801 INFO  server.RaftServerConfigKeys (ConfUtils.java:logGet(43)) - raft.server.log.segment.size.max = 1048576 (custom)
2019-07-13 10:59:23,800 INFO  server.RaftServerConfigKeys (ConfUtils.java:logGet(43)) - raft.server.log.use.memory = false (default)
2019-07-13 10:59:23,801 INFO  server.RaftServerConfigKeys (ConfUtils.java:logGet(43)) - raft.server.log.segment.cache.num.max = 2 (custom)
2019-07-13 10:59:23,801 INFO  server.RaftServerConfigKeys (ConfUtils.java:logGet(43)) - raft.server.log.purge.gap = 1000000000 (custom)
2019-07-13 10:59:23,801 INFO  segmented.SegmentedRaftLogWorker (SegmentedRaftLogWorker.java:<init>(172)) - new 84d6cbd8-10dc-4dfd-94c8-59a57a8a3286-SegmentedRaftLogWorker:Storage Directory /tmp/workdir/hadoop-ozone/integration-test/target/test-dir/MiniOzoneClusterImpl-af84d9c2-0d85-499d-bc96-6c4bab003ae0/datanode-0/data/ratis/0fd3aa49-5301-47d0-b99c-1674e1df3074 for RaftStorage:Storage Directory /tmp/workdir/hadoop-ozone/integration-test/target/test-dir/MiniOzoneClusterImpl-af84d9c2-0d85-499d-bc96-6c4bab003ae0/datanode-0/data/ratis/0fd3aa49-5301-47d0-b99c-1674e1df3074
2019-07-13 10:59:23,801 INFO  server.RaftServerConfigKeys (ConfUtils.java:logGet(43)) - raft.server.log.purge.gap = 1000000000 (custom)
2019-07-13 10:59:23,801 INFO  server.RaftServerConfigKeys (ConfUtils.java:logGet(43)) - raft.server.log.queue.byte-limit = 2147483647 (custom)
2019-07-13 10:59:23,803 INFO  server.RaftServerConfigKeys (ConfUtils.java:logGet(43)) - raft.server.log.queue.element-limit = 1024 (custom)
2019-07-13 10:59:23,801 INFO  server.RaftServerConfigKeys (ConfUtils.java:logGet(43)) - raft.server.log.appender.buffer.byte-limit = 33554432 (custom)
2019-07-13 10:59:23,803 INFO  server.RaftServerConfigKeys (ConfUtils.java:logGet(43)) - raft.server.log.segment.size.max = 1048576 (custom)
2019-07-13 10:59:23,801 INFO  server.RaftServerConfigKeys (ConfUtils.java:logGet(43)) - raft.server.log.appender.buffer.byte-limit = 33554432 (custom)
2019-07-13 10:59:23,804 INFO  server.RaftServerConfigKeys (ConfUtils.java:logGet(43)) - raft.server.log.preallocated.size = 16384 (custom)
2019-07-13 10:59:23,804 INFO  server.RaftServerConfigKeys (ConfUtils.java:logGet(43)) - raft.server.log.write.buffer.size = 33554432 (custom)
2019-07-13 10:59:23,804 INFO  server.RaftServerConfigKeys (ConfUtils.java:logGet(43)) - raft.server.log.segment.size.max = 1048576 (custom)
2019-07-13 10:59:23,804 INFO  server.RaftServerConfigKeys (ConfUtils.java:logGet(43)) - raft.server.log.force.sync.num = 128 (default)
2019-07-13 10:59:23,804 INFO  server.RaftServerConfigKeys (ConfUtils.java:logGet(43)) - raft.server.log.segment.size.max = 1048576 (custom)
2019-07-13 10:59:23,805 INFO  server.RaftServerConfigKeys (ConfUtils.java:logGet(43)) - raft.server.log.statemachine.data.sync = true (default)
2019-07-13 10:59:23,805 INFO  server.RaftServerConfigKeys (ConfUtils.java:logGet(43)) - raft.server.log.segment.cache.num.max = 2 (custom)
2019-07-13 10:59:23,805 INFO  server.RaftServerConfigKeys (ConfUtils.java:logGet(43)) - raft.server.log.statemachine.data.sync.timeout = 10s (default)
2019-07-13 10:59:23,805 INFO  server.RaftServerConfigKeys (ConfUtils.java:logGet(43)) - raft.server.log.segment.cache.num.max = 2 (custom)
2019-07-13 10:59:23,805 INFO  server.RaftServerConfigKeys (ConfUtils.java:logGet(43)) - raft.server.log.statemachine.data.sync.timeout.retry = -1 (default)
2019-07-13 10:59:23,805 INFO  segmented.SegmentedRaftLogWorker (SegmentedRaftLogWorker.java:<init>(172)) - new ce9f14b8-8d16-4df7-b53d-c738df7dd7b1-SegmentedRaftLogWorker:Storage Directory /tmp/workdir/hadoop-ozone/integration-test/target/test-dir/MiniOzoneClusterImpl-af84d9c2-0d85-499d-bc96-6c4bab003ae0/datanode-2/data/ratis/0fd3aa49-5301-47d0-b99c-1674e1df3074 for RaftStorage:Storage Directory /tmp/workdir/hadoop-ozone/integration-test/target/test-dir/MiniOzoneClusterImpl-af84d9c2-0d85-499d-bc96-6c4bab003ae0/datanode-2/data/ratis/0fd3aa49-5301-47d0-b99c-1674e1df3074
2019-07-13 10:59:23,806 INFO  server.RaftServerConfigKeys (ConfUtils.java:logGet(43)) - raft.server.log.statemachine.data.caching.enabled = true (custom)
2019-07-13 10:59:23,806 INFO  segmented.SegmentedRaftLogWorker (SegmentedRaftLogWorker.java:<init>(172)) - new 483d5df8-4905-41e2-a2e5-3e4aa56c3dae-SegmentedRaftLogWorker:Storage Directory /tmp/workdir/hadoop-ozone/integration-test/target/test-dir/MiniOzoneClusterImpl-af84d9c2-0d85-499d-bc96-6c4bab003ae0/datanode-3/data/ratis/0fd3aa49-5301-47d0-b99c-1674e1df3074 for RaftStorage:Storage Directory /tmp/workdir/hadoop-ozone/integration-test/target/test-dir/MiniOzoneClusterImpl-af84d9c2-0d85-499d-bc96-6c4bab003ae0/datanode-3/data/ratis/0fd3aa49-5301-47d0-b99c-1674e1df3074
2019-07-13 10:59:23,808 INFO  segmented.SegmentedRaftLogWorker (SegmentedRaftLogWorker.java:lambda$new$0(132)) - 84d6cbd8-10dc-4dfd-94c8-59a57a8a3286-SegmentedRaftLogWorker:Storage Directory /tmp/workdir/hadoop-ozone/integration-test/target/test-dir/MiniOzoneClusterImpl-af84d9c2-0d85-499d-bc96-6c4bab003ae0/datanode-0/data/ratis/0fd3aa49-5301-47d0-b99c-1674e1df3074: flushIndex: setUnconditionally 0 -> -1
2019-07-13 10:59:23,806 INFO  server.RaftServerConfigKeys (ConfUtils.java:logGet(43)) - raft.server.log.queue.byte-limit = 2147483647 (custom)
2019-07-13 10:59:23,810 INFO  server.RaftServerConfigKeys (ConfUtils.java:logGet(43)) - raft.server.snapshot.auto.trigger.enabled = true (custom)
2019-07-13 10:59:23,808 INFO  server.RaftServerConfigKeys (ConfUtils.java:logGet(43)) - raft.server.log.queue.byte-limit = 2147483647 (custom)
2019-07-13 10:59:23,810 INFO  server.RaftServerConfigKeys (ConfUtils.java:logGet(43)) - raft.server.snapshot.auto.trigger.threshold = 10000 (custom)
2019-07-13 10:59:23,810 INFO  server.RaftServerConfigKeys (ConfUtils.java:logGet(43)) - raft.server.log.queue.element-limit = 1024 (custom)
2019-07-13 10:59:23,810 INFO  server.RaftServerConfigKeys (ConfUtils.java:logGet(43)) - raft.server.retrycache.expirytime = 600000ms (custom)
2019-07-13 10:59:23,810 INFO  server.RaftServerConfigKeys (ConfUtils.java:logGet(43)) - raft.server.log.queue.element-limit = 1024 (custom)
2019-07-13 10:59:23,811 INFO  impl.RaftServerImpl (RaftServerImpl.java:start(180)) - 84d6cbd8-10dc-4dfd-94c8-59a57a8a3286: start group-1674E1DF3074
2019-07-13 10:59:23,811 INFO  server.RaftServerConfigKeys (ConfUtils.java:logGet(43)) - raft.server.log.segment.size.max = 1048576 (custom)
2019-07-13 10:59:23,811 INFO  impl.RaftServerImpl (RaftServerImpl.java:setRole(171)) - 84d6cbd8-10dc-4dfd-94c8-59a57a8a3286:group-1674E1DF3074 changes role from null to FOLLOWER at term 0 for startAsFollower
2019-07-13 10:59:23,811 INFO  server.RaftServerConfigKeys (ConfUtils.java:logGet(43)) - raft.server.log.segment.size.max = 1048576 (custom)
2019-07-13 10:59:23,811 INFO  impl.RoleInfo (RoleInfo.java:updateAndGet(143)) - 84d6cbd8-10dc-4dfd-94c8-59a57a8a3286: start FollowerState
2019-07-13 10:59:23,811 INFO  server.RaftServerConfigKeys (ConfUtils.java:logGet(43)) - raft.server.log.preallocated.size = 16384 (custom)
2019-07-13 10:59:23,811 INFO  server.RaftServerConfigKeys (ConfUtils.java:logGet(43)) - raft.server.log.preallocated.size = 16384 (custom)
2019-07-13 10:59:23,812 INFO  util.JmxRegister (JmxRegister.java:tryRegister(44)) - Successfully registered JMX Bean with object name Ratis:service=RaftServer,group=group-1674E1DF3074,id=84d6cbd8-10dc-4dfd-94c8-59a57a8a3286
2019-07-13 10:59:23,812 INFO  server.RaftServerConfigKeys (ConfUtils.java:logGet(43)) - raft.server.log.write.buffer.size = 33554432 (custom)
2019-07-13 10:59:23,812 INFO  server.RaftServerConfigKeys (ConfUtils.java:logGet(43)) - raft.server.log.write.buffer.size = 33554432 (custom)
2019-07-13 10:59:23,812 INFO  server.RaftServerConfigKeys (ConfUtils.java:logGet(43)) - raft.server.log.force.sync.num = 128 (default)
2019-07-13 10:59:23,812 INFO  server.RaftServerConfigKeys (ConfUtils.java:logGet(43)) - raft.server.log.force.sync.num = 128 (default)
2019-07-13 10:59:23,813 INFO  server.RaftServerConfigKeys (ConfUtils.java:logGet(43)) - raft.server.log.statemachine.data.sync = true (default)
2019-07-13 10:59:23,813 INFO  server.RaftServerConfigKeys (ConfUtils.java:logGet(43)) - raft.server.log.statemachine.data.sync = true (default)
2019-07-13 10:59:23,813 INFO  server.RaftServerConfigKeys (ConfUtils.java:logGet(43)) - raft.server.log.statemachine.data.sync.timeout = 10s (default)
2019-07-13 10:59:23,813 INFO  server.RaftServerConfigKeys (ConfUtils.java:logGet(43)) - raft.server.log.statemachine.data.sync.timeout = 10s (default)
2019-07-13 10:59:23,813 INFO  server.RaftServerConfigKeys (ConfUtils.java:logGet(43)) - raft.server.log.statemachine.data.sync.timeout.retry = -1 (default)
2019-07-13 10:59:23,813 INFO  server.RaftServerConfigKeys (ConfUtils.java:logGet(43)) - raft.server.log.statemachine.data.sync.timeout.retry = -1 (default)
2019-07-13 10:59:23,814 INFO  server.RaftServerConfigKeys (ConfUtils.java:logGet(43)) - raft.server.log.statemachine.data.caching.enabled = true (custom)
2019-07-13 10:59:23,814 INFO  server.RaftServerConfigKeys (ConfUtils.java:logGet(43)) - raft.server.log.statemachine.data.caching.enabled = true (custom)
2019-07-13 10:59:23,814 INFO  segmented.SegmentedRaftLogWorker (SegmentedRaftLogWorker.java:lambda$new$0(132)) - ce9f14b8-8d16-4df7-b53d-c738df7dd7b1-SegmentedRaftLogWorker:Storage Directory /tmp/workdir/hadoop-ozone/integration-test/target/test-dir/MiniOzoneClusterImpl-af84d9c2-0d85-499d-bc96-6c4bab003ae0/datanode-2/data/ratis/0fd3aa49-5301-47d0-b99c-1674e1df3074: flushIndex: setUnconditionally 0 -> -1
2019-07-13 10:59:23,814 INFO  segmented.SegmentedRaftLogWorker (SegmentedRaftLogWorker.java:lambda$new$0(132)) - 483d5df8-4905-41e2-a2e5-3e4aa56c3dae-SegmentedRaftLogWorker:Storage Directory /tmp/workdir/hadoop-ozone/integration-test/target/test-dir/MiniOzoneClusterImpl-af84d9c2-0d85-499d-bc96-6c4bab003ae0/datanode-3/data/ratis/0fd3aa49-5301-47d0-b99c-1674e1df3074: flushIndex: setUnconditionally 0 -> -1
2019-07-13 10:59:23,817 INFO  server.RaftServerConfigKeys (ConfUtils.java:logGet(43)) - raft.server.snapshot.auto.trigger.enabled = true (custom)
2019-07-13 10:59:23,817 INFO  server.RaftServerConfigKeys (ConfUtils.java:logGet(43)) - raft.server.snapshot.auto.trigger.threshold = 10000 (custom)
2019-07-13 10:59:23,817 INFO  server.RaftServerConfigKeys (ConfUtils.java:logGet(43)) - raft.server.snapshot.auto.trigger.enabled = true (custom)
2019-07-13 10:59:23,819 INFO  server.RaftServerConfigKeys (ConfUtils.java:logGet(43)) - raft.server.retrycache.expirytime = 600000ms (custom)
2019-07-13 10:59:23,819 INFO  server.RaftServerConfigKeys (ConfUtils.java:logGet(43)) - raft.server.snapshot.auto.trigger.threshold = 10000 (custom)
2019-07-13 10:59:23,820 INFO  impl.RaftServerImpl (RaftServerImpl.java:start(180)) - ce9f14b8-8d16-4df7-b53d-c738df7dd7b1: start group-1674E1DF3074
2019-07-13 10:59:23,822 INFO  impl.RaftServerImpl (RaftServerImpl.java:setRole(171)) - ce9f14b8-8d16-4df7-b53d-c738df7dd7b1:group-1674E1DF3074 changes role from null to FOLLOWER at term 0 for startAsFollower
2019-07-13 10:59:23,822 INFO  server.RaftServerConfigKeys (ConfUtils.java:logGet(43)) - raft.server.retrycache.expirytime = 600000ms (custom)
2019-07-13 10:59:23,824 INFO  impl.RoleInfo (RoleInfo.java:updateAndGet(143)) - ce9f14b8-8d16-4df7-b53d-c738df7dd7b1: start FollowerState
2019-07-13 10:59:23,824 INFO  impl.RaftServerImpl (RaftServerImpl.java:start(180)) - 483d5df8-4905-41e2-a2e5-3e4aa56c3dae: start group-1674E1DF3074
2019-07-13 10:59:23,824 INFO  impl.RaftServerImpl (RaftServerImpl.java:setRole(171)) - 483d5df8-4905-41e2-a2e5-3e4aa56c3dae:group-1674E1DF3074 changes role from null to FOLLOWER at term 0 for startAsFollower
2019-07-13 10:59:23,824 INFO  util.JmxRegister (JmxRegister.java:tryRegister(44)) - Successfully registered JMX Bean with object name Ratis:service=RaftServer,group=group-1674E1DF3074,id=ce9f14b8-8d16-4df7-b53d-c738df7dd7b1
2019-07-13 10:59:23,824 INFO  impl.RoleInfo (RoleInfo.java:updateAndGet(143)) - 483d5df8-4905-41e2-a2e5-3e4aa56c3dae: start FollowerState
2019-07-13 10:59:23,825 INFO  util.JmxRegister (JmxRegister.java:tryRegister(44)) - Successfully registered JMX Bean with object name Ratis:service=RaftServer,group=group-1674E1DF3074,id=483d5df8-4905-41e2-a2e5-3e4aa56c3dae
2019-07-13 10:59:23,842 INFO  pipeline.PipelineStateManager (PipelineStateManager.java:addPipeline(56)) - Created pipeline Pipeline[ Id: 0fd3aa49-5301-47d0-b99c-1674e1df3074, Nodes: 84d6cbd8-10dc-4dfd-94c8-59a57a8a3286{ip: 192.168.157.218, host: trunk-nightly-qcxv8-4293026562, networkLocation: /default-rack, certSerialId: null}ce9f14b8-8d16-4df7-b53d-c738df7dd7b1{ip: 192.168.157.218, host: trunk-nightly-qcxv8-4293026562, networkLocation: /default-rack, certSerialId: null}483d5df8-4905-41e2-a2e5-3e4aa56c3dae{ip: 192.168.157.218, host: trunk-nightly-qcxv8-4293026562, networkLocation: /default-rack, certSerialId: null}, Type:RATIS, Factor:THREE, State:OPEN]
2019-07-13 10:59:24,062 INFO  ozone.MiniOzoneClusterImpl (MiniOzoneClusterImpl.java:lambda$waitForClusterToBeReady$0(142)) - Cluster is ready. Got 7 of 7 DN Heartbeats.
2019-07-13 10:59:24,380 INFO  rpc.RpcClient (RpcClient.java:createVolume(287)) - Creating Volume: closecontainerexceptionhandlingtest, with jenkins1000 as owner.
2019-07-13 10:59:24,439 INFO  rpc.RpcClient (RpcClient.java:createBucket(424)) - Creating Bucket: closecontainerexceptionhandlingtest/closecontainerexceptionhandlingtest, with Versioning false and Storage Type set to DISK and Encryption set to false 
2019-07-13 10:59:24,782 INFO  client.GrpcClientProtocolClient (GrpcClientProtocolClient.java:onNext(255)) - client-E51FC8D0D750->3350650c-6992-45d7-aea4-e7b0277db5d9: receive RaftClientReply:client-E51FC8D0D750->3350650c-6992-45d7-aea4-e7b0277db5d9@group-6812E24DC5FA, cid=13, FAILED org.apache.ratis.protocol.NotLeaderException: Server 3350650c-6992-45d7-aea4-e7b0277db5d9 is not the leader (null). Request must be sent to leader., logIndex=0, commits[3350650c-6992-45d7-aea4-e7b0277db5d9:c-1]
2019-07-13 10:59:24,801 INFO  container.ReplicationManager (ReplicationManager.java:start(155)) - Starting Replication Monitor Thread.
2019-07-13 10:59:24,803 INFO  container.ReplicationManager (ReplicationManager.java:run(207)) - Replication Monitor Thread took 0 milliseconds for processing 1 containers.
2019-07-13 10:59:25,836 INFO  client.GrpcClientProtocolClient (GrpcClientProtocolClient.java:onNext(255)) - client-E51FC8D0D750->c4e2b5c3-ff1f-4a50-a7c3-54cb7a8212be: receive RaftClientReply:client-E51FC8D0D750->c4e2b5c3-ff1f-4a50-a7c3-54cb7a8212be@group-6812E24DC5FA, cid=13, FAILED org.apache.ratis.protocol.NotLeaderException: Server c4e2b5c3-ff1f-4a50-a7c3-54cb7a8212be is not the leader (null). Request must be sent to leader., logIndex=0, commits[c4e2b5c3-ff1f-4a50-a7c3-54cb7a8212be:c-1]
2019-07-13 10:59:26,880 INFO  client.GrpcClientProtocolClient (GrpcClientProtocolClient.java:onNext(255)) - client-E51FC8D0D750->3350650c-6992-45d7-aea4-e7b0277db5d9: receive RaftClientReply:client-E51FC8D0D750->3350650c-6992-45d7-aea4-e7b0277db5d9@group-6812E24DC5FA, cid=13, FAILED org.apache.ratis.protocol.NotLeaderException: Server 3350650c-6992-45d7-aea4-e7b0277db5d9 is not the leader (null). Request must be sent to leader., logIndex=0, commits[3350650c-6992-45d7-aea4-e7b0277db5d9:c-1]
2019-07-13 10:59:27,921 INFO  client.GrpcClientProtocolClient (GrpcClientProtocolClient.java:onNext(255)) - client-E51FC8D0D750->0bf649db-c09a-4405-873c-313ea8973ebd: receive RaftClientReply:client-E51FC8D0D750->0bf649db-c09a-4405-873c-313ea8973ebd@group-6812E24DC5FA, cid=13, FAILED org.apache.ratis.protocol.NotLeaderException: Server 0bf649db-c09a-4405-873c-313ea8973ebd is not the leader (null). Request must be sent to leader., logIndex=0, commits[0bf649db-c09a-4405-873c-313ea8973ebd:c-1]
2019-07-13 10:59:28,004 INFO  impl.FollowerState (FollowerState.java:run(106)) - 84d6cbd8-10dc-4dfd-94c8-59a57a8a3286:group-AF76015DEE73 changes to CANDIDATE, lastRpcTime:5086, electionTimeout:5085ms
2019-07-13 10:59:28,004 INFO  impl.RoleInfo (RoleInfo.java:shutdownFollowerState(121)) - 84d6cbd8-10dc-4dfd-94c8-59a57a8a3286: shutdown FollowerState
2019-07-13 10:59:28,004 INFO  impl.RaftServerImpl (RaftServerImpl.java:setRole(171)) - 84d6cbd8-10dc-4dfd-94c8-59a57a8a3286:group-AF76015DEE73 changes role from FOLLOWER to CANDIDATE at term 0 for changeToCandidate
2019-07-13 10:59:28,024 INFO  impl.RoleInfo (RoleInfo.java:updateAndGet(143)) - 84d6cbd8-10dc-4dfd-94c8-59a57a8a3286: start LeaderElection
2019-07-13 10:59:28,046 INFO  impl.LeaderElection (LeaderElection.java:askForVotes(181)) - 84d6cbd8-10dc-4dfd-94c8-59a57a8a3286:group-AF76015DEE73:LeaderElection1: begin an election at term 1 for -1: [84d6cbd8-10dc-4dfd-94c8-59a57a8a3286:192.168.157.218:43919], old=null
2019-07-13 10:59:28,048 INFO  impl.RoleInfo (RoleInfo.java:shutdownLeaderElection(134)) - 84d6cbd8-10dc-4dfd-94c8-59a57a8a3286: shutdown LeaderElection
2019-07-13 10:59:28,049 INFO  impl.RaftServerImpl (RaftServerImpl.java:setRole(171)) - 84d6cbd8-10dc-4dfd-94c8-59a57a8a3286:group-AF76015DEE73 changes role from CANDIDATE to LEADER at term 1 for changeToLeader
2019-07-13 10:59:28,050 INFO  impl.RaftServerImpl (ServerState.java:setLeader(263)) - 84d6cbd8-10dc-4dfd-94c8-59a57a8a3286:group-AF76015DEE73 change Leader from null to 84d6cbd8-10dc-4dfd-94c8-59a57a8a3286 at term 1 for becomeLeader, leader elected after 5217ms
2019-07-13 10:59:28,062 INFO  server.RaftServerConfigKeys (ConfUtils.java:logGet(43)) - raft.server.staging.catchup.gap = 1000 (default)
2019-07-13 10:59:28,062 INFO  server.RaftServerConfigKeys (ConfUtils.java:logGet(43)) - raft.server.rpc.sleep.time = 25ms (default)
2019-07-13 10:59:28,067 INFO  server.RaftServerConfigKeys (ConfUtils.java:logGet(43)) - raft.server.write.element-limit = 4096 (default)
2019-07-13 10:59:28,071 INFO  server.RaftServerConfigKeys (ConfUtils.java:logGet(43)) - raft.server.watch.timeout = 10s (default)
2019-07-13 10:59:28,071 INFO  server.RaftServerConfigKeys (ConfUtils.java:logGet(43)) - raft.server.watch.timeout.denomination = 1s (default)
2019-07-13 10:59:28,073 INFO  server.RaftServerConfigKeys (ConfUtils.java:logGet(43)) - raft.server.watch.element-limit = 65536 (default)
2019-07-13 10:59:28,085 INFO  impl.RoleInfo (RoleInfo.java:updateAndGet(143)) - 84d6cbd8-10dc-4dfd-94c8-59a57a8a3286: start LeaderState
2019-07-13 10:59:28,117 INFO  segmented.SegmentedRaftLogWorker (SegmentedRaftLogWorker.java:startLogSegment(380)) - 84d6cbd8-10dc-4dfd-94c8-59a57a8a3286-SegmentedRaftLogWorker:Storage Directory /tmp/workdir/hadoop-ozone/integration-test/target/test-dir/MiniOzoneClusterImpl-af84d9c2-0d85-499d-bc96-6c4bab003ae0/datanode-0/data/ratis/e45eca80-49bd-4510-8d9a-af76015dee73: Starting segment from index:0
2019-07-13 10:59:28,132 INFO  impl.RaftServerImpl (ServerState.java:setRaftConf(361)) - 84d6cbd8-10dc-4dfd-94c8-59a57a8a3286:group-AF76015DEE73 set configuration 0: [84d6cbd8-10dc-4dfd-94c8-59a57a8a3286:192.168.157.218:43919], old=null at 0
2019-07-13 10:59:28,303 INFO  impl.FollowerState (FollowerState.java:run(106)) - 0bf649db-c09a-4405-873c-313ea8973ebd:group-0C075C2C4843 changes to CANDIDATE, lastRpcTime:5186, electionTimeout:5184ms
2019-07-13 10:59:28,305 INFO  impl.RoleInfo (RoleInfo.java:shutdownFollowerState(121)) - 0bf649db-c09a-4405-873c-313ea8973ebd: shutdown FollowerState
2019-07-13 10:59:28,305 INFO  impl.RaftServerImpl (RaftServerImpl.java:setRole(171)) - 0bf649db-c09a-4405-873c-313ea8973ebd:group-0C075C2C4843 changes role from FOLLOWER to CANDIDATE at term 0 for changeToCandidate
2019-07-13 10:59:28,306 INFO  impl.RoleInfo (RoleInfo.java:updateAndGet(143)) - 0bf649db-c09a-4405-873c-313ea8973ebd: start LeaderElection
2019-07-13 10:59:28,329 INFO  segmented.SegmentedRaftLogWorker (SegmentedRaftLogWorker.java:execute(569)) - 84d6cbd8-10dc-4dfd-94c8-59a57a8a3286-SegmentedRaftLogWorker:Storage Directory /tmp/workdir/hadoop-ozone/integration-test/target/test-dir/MiniOzoneClusterImpl-af84d9c2-0d85-499d-bc96-6c4bab003ae0/datanode-0/data/ratis/e45eca80-49bd-4510-8d9a-af76015dee73: created new log segment /tmp/workdir/hadoop-ozone/integration-test/target/test-dir/MiniOzoneClusterImpl-af84d9c2-0d85-499d-bc96-6c4bab003ae0/datanode-0/data/ratis/e45eca80-49bd-4510-8d9a-af76015dee73/current/log_inprogress_0
2019-07-13 10:59:28,329 INFO  impl.LeaderElection (LeaderElection.java:askForVotes(181)) - 0bf649db-c09a-4405-873c-313ea8973ebd:group-0C075C2C4843:LeaderElection2: begin an election at term 1 for -1: [0bf649db-c09a-4405-873c-313ea8973ebd:192.168.157.218:32780], old=null
2019-07-13 10:59:28,331 INFO  impl.RoleInfo (RoleInfo.java:shutdownLeaderElection(134)) - 0bf649db-c09a-4405-873c-313ea8973ebd: shutdown LeaderElection
2019-07-13 10:59:28,331 INFO  impl.RaftServerImpl (RaftServerImpl.java:setRole(171)) - 0bf649db-c09a-4405-873c-313ea8973ebd:group-0C075C2C4843 changes role from CANDIDATE to LEADER at term 1 for changeToLeader
2019-07-13 10:59:28,331 INFO  impl.RaftServerImpl (ServerState.java:setLeader(263)) - 0bf649db-c09a-4405-873c-313ea8973ebd:group-0C075C2C4843 change Leader from null to 0bf649db-c09a-4405-873c-313ea8973ebd at term 1 for becomeLeader, leader elected after 5221ms
2019-07-13 10:59:28,333 INFO  server.RaftServerConfigKeys (ConfUtils.java:logGet(43)) - raft.server.staging.catchup.gap = 1000 (default)
2019-07-13 10:59:28,333 INFO  server.RaftServerConfigKeys (ConfUtils.java:logGet(43)) - raft.server.rpc.sleep.time = 25ms (default)
2019-07-13 10:59:28,335 INFO  server.RaftServerConfigKeys (ConfUtils.java:logGet(43)) - raft.server.write.element-limit = 4096 (default)
2019-07-13 10:59:28,336 INFO  server.RaftServerConfigKeys (ConfUtils.java:logGet(43)) - raft.server.watch.timeout = 10s (default)
2019-07-13 10:59:28,336 INFO  server.RaftServerConfigKeys (ConfUtils.java:logGet(43)) - raft.server.watch.timeout.denomination = 1s (default)
2019-07-13 10:59:28,336 INFO  server.RaftServerConfigKeys (ConfUtils.java:logGet(43)) - raft.server.watch.element-limit = 65536 (default)
2019-07-13 10:59:28,336 INFO  impl.RoleInfo (RoleInfo.java:updateAndGet(143)) - 0bf649db-c09a-4405-873c-313ea8973ebd: start LeaderState
2019-07-13 10:59:28,337 INFO  segmented.SegmentedRaftLogWorker (SegmentedRaftLogWorker.java:startLogSegment(380)) - 0bf649db-c09a-4405-873c-313ea8973ebd-SegmentedRaftLogWorker:Storage Directory /tmp/workdir/hadoop-ozone/integration-test/target/test-dir/MiniOzoneClusterImpl-af84d9c2-0d85-499d-bc96-6c4bab003ae0/datanode-1/data/ratis/2a0c74ef-a262-4347-a1d3-0c075c2c4843: Starting segment from index:0
2019-07-13 10:59:28,337 INFO  impl.RaftServerImpl (ServerState.java:setRaftConf(361)) - 0bf649db-c09a-4405-873c-313ea8973ebd:group-0C075C2C4843 set configuration 0: [0bf649db-c09a-4405-873c-313ea8973ebd:192.168.157.218:32780], old=null at 0
2019-07-13 10:59:28,368 INFO  segmented.SegmentedRaftLogWorker (SegmentedRaftLogWorker.java:execute(569)) - 0bf649db-c09a-4405-873c-313ea8973ebd-SegmentedRaftLogWorker:Storage Directory /tmp/workdir/hadoop-ozone/integration-test/target/test-dir/MiniOzoneClusterImpl-af84d9c2-0d85-499d-bc96-6c4bab003ae0/datanode-1/data/ratis/2a0c74ef-a262-4347-a1d3-0c075c2c4843: created new log segment /tmp/workdir/hadoop-ozone/integration-test/target/test-dir/MiniOzoneClusterImpl-af84d9c2-0d85-499d-bc96-6c4bab003ae0/datanode-1/data/ratis/2a0c74ef-a262-4347-a1d3-0c075c2c4843/current/log_inprogress_0
2019-07-13 10:59:28,408 INFO  impl.FollowerState (FollowerState.java:run(106)) - 3350650c-6992-45d7-aea4-e7b0277db5d9:group-700EDB07C839 changes to CANDIDATE, lastRpcTime:5180, electionTimeout:5180ms
2019-07-13 10:59:28,408 INFO  impl.RoleInfo (RoleInfo.java:shutdownFollowerState(121)) - 3350650c-6992-45d7-aea4-e7b0277db5d9: shutdown FollowerState
2019-07-13 10:59:28,408 INFO  impl.RaftServerImpl (RaftServerImpl.java:setRole(171)) - 3350650c-6992-45d7-aea4-e7b0277db5d9:group-700EDB07C839 changes role from FOLLOWER to CANDIDATE at term 0 for changeToCandidate
2019-07-13 10:59:28,408 INFO  impl.RoleInfo (RoleInfo.java:updateAndGet(143)) - 3350650c-6992-45d7-aea4-e7b0277db5d9: start LeaderElection
2019-07-13 10:59:28,425 INFO  impl.FollowerState (FollowerState.java:run(106)) - c4e2b5c3-ff1f-4a50-a7c3-54cb7a8212be:group-5462027D5E12 changes to CANDIDATE, lastRpcTime:5119, electionTimeout:5119ms
2019-07-13 10:59:28,431 INFO  impl.RoleInfo (RoleInfo.java:shutdownFollowerState(121)) - c4e2b5c3-ff1f-4a50-a7c3-54cb7a8212be: shutdown FollowerState
2019-07-13 10:59:28,431 INFO  impl.LeaderElection (LeaderElection.java:askForVotes(181)) - 3350650c-6992-45d7-aea4-e7b0277db5d9:group-700EDB07C839:LeaderElection3: begin an election at term 1 for -1: [3350650c-6992-45d7-aea4-e7b0277db5d9:192.168.157.218:41564], old=null
2019-07-13 10:59:28,431 INFO  impl.RaftServerImpl (RaftServerImpl.java:setRole(171)) - c4e2b5c3-ff1f-4a50-a7c3-54cb7a8212be:group-5462027D5E12 changes role from FOLLOWER to CANDIDATE at term 0 for changeToCandidate
2019-07-13 10:59:28,432 INFO  impl.RoleInfo (RoleInfo.java:shutdownLeaderElection(134)) - 3350650c-6992-45d7-aea4-e7b0277db5d9: shutdown LeaderElection
2019-07-13 10:59:28,432 INFO  impl.RoleInfo (RoleInfo.java:updateAndGet(143)) - c4e2b5c3-ff1f-4a50-a7c3-54cb7a8212be: start LeaderElection
2019-07-13 10:59:28,432 INFO  impl.RaftServerImpl (RaftServerImpl.java:setRole(171)) - 3350650c-6992-45d7-aea4-e7b0277db5d9:group-700EDB07C839 changes role from CANDIDATE to LEADER at term 1 for changeToLeader
2019-07-13 10:59:28,432 INFO  impl.RaftServerImpl (ServerState.java:setLeader(263)) - 3350650c-6992-45d7-aea4-e7b0277db5d9:group-700EDB07C839 change Leader from null to 3350650c-6992-45d7-aea4-e7b0277db5d9 at term 1 for becomeLeader, leader elected after 5210ms
2019-07-13 10:59:28,438 INFO  server.RaftServerConfigKeys (ConfUtils.java:logGet(43)) - raft.server.staging.catchup.gap = 1000 (default)
2019-07-13 10:59:28,438 INFO  server.RaftServerConfigKeys (ConfUtils.java:logGet(43)) - raft.server.rpc.sleep.time = 25ms (default)
2019-07-13 10:59:28,439 INFO  server.RaftServerConfigKeys (ConfUtils.java:logGet(43)) - raft.server.write.element-limit = 4096 (default)
2019-07-13 10:59:28,439 INFO  server.RaftServerConfigKeys (ConfUtils.java:logGet(43)) - raft.server.watch.timeout = 10s (default)
2019-07-13 10:59:28,439 INFO  server.RaftServerConfigKeys (ConfUtils.java:logGet(43)) - raft.server.watch.timeout.denomination = 1s (default)
2019-07-13 10:59:28,439 INFO  server.RaftServerConfigKeys (ConfUtils.java:logGet(43)) - raft.server.watch.element-limit = 65536 (default)
2019-07-13 10:59:28,440 INFO  impl.RoleInfo (RoleInfo.java:updateAndGet(143)) - 3350650c-6992-45d7-aea4-e7b0277db5d9: start LeaderState
2019-07-13 10:59:28,440 INFO  segmented.SegmentedRaftLogWorker (SegmentedRaftLogWorker.java:startLogSegment(380)) - 3350650c-6992-45d7-aea4-e7b0277db5d9-SegmentedRaftLogWorker:Storage Directory /tmp/workdir/hadoop-ozone/integration-test/target/test-dir/MiniOzoneClusterImpl-af84d9c2-0d85-499d-bc96-6c4bab003ae0/datanode-6/data/ratis/93fe2201-53c8-42ce-861c-700edb07c839: Starting segment from index:0
2019-07-13 10:59:28,441 INFO  impl.RaftServerImpl (ServerState.java:setRaftConf(361)) - 3350650c-6992-45d7-aea4-e7b0277db5d9:group-700EDB07C839 set configuration 0: [3350650c-6992-45d7-aea4-e7b0277db5d9:192.168.157.218:41564], old=null at 0
2019-07-13 10:59:28,462 INFO  impl.LeaderElection (LeaderElection.java:askForVotes(181)) - c4e2b5c3-ff1f-4a50-a7c3-54cb7a8212be:group-5462027D5E12:LeaderElection4: begin an election at term 1 for -1: [c4e2b5c3-ff1f-4a50-a7c3-54cb7a8212be:192.168.157.218:46595], old=null
2019-07-13 10:59:28,462 INFO  impl.RoleInfo (RoleInfo.java:shutdownLeaderElection(134)) - c4e2b5c3-ff1f-4a50-a7c3-54cb7a8212be: shutdown LeaderElection
2019-07-13 10:59:28,462 INFO  impl.RaftServerImpl (RaftServerImpl.java:setRole(171)) - c4e2b5c3-ff1f-4a50-a7c3-54cb7a8212be:group-5462027D5E12 changes role from CANDIDATE to LEADER at term 1 for changeToLeader
2019-07-13 10:59:28,463 INFO  impl.RaftServerImpl (ServerState.java:setLeader(263)) - c4e2b5c3-ff1f-4a50-a7c3-54cb7a8212be:group-5462027D5E12 change Leader from null to c4e2b5c3-ff1f-4a50-a7c3-54cb7a8212be at term 1 for becomeLeader, leader elected after 5162ms
2019-07-13 10:59:28,464 INFO  server.RaftServerConfigKeys (ConfUtils.java:logGet(43)) - raft.server.staging.catchup.gap = 1000 (default)
2019-07-13 10:59:28,465 INFO  server.RaftServerConfigKeys (ConfUtils.java:logGet(43)) - raft.server.rpc.sleep.time = 25ms (default)
2019-07-13 10:59:28,465 INFO  server.RaftServerConfigKeys (ConfUtils.java:logGet(43)) - raft.server.write.element-limit = 4096 (default)
2019-07-13 10:59:28,465 INFO  server.RaftServerConfigKeys (ConfUtils.java:logGet(43)) - raft.server.watch.timeout = 10s (default)
2019-07-13 10:59:28,465 INFO  server.RaftServerConfigKeys (ConfUtils.java:logGet(43)) - raft.server.watch.timeout.denomination = 1s (default)
2019-07-13 10:59:28,465 INFO  server.RaftServerConfigKeys (ConfUtils.java:logGet(43)) - raft.server.watch.element-limit = 65536 (default)
2019-07-13 10:59:28,466 INFO  impl.RoleInfo (RoleInfo.java:updateAndGet(143)) - c4e2b5c3-ff1f-4a50-a7c3-54cb7a8212be: start LeaderState
2019-07-13 10:59:28,466 INFO  segmented.SegmentedRaftLogWorker (SegmentedRaftLogWorker.java:startLogSegment(380)) - c4e2b5c3-ff1f-4a50-a7c3-54cb7a8212be-SegmentedRaftLogWorker:Storage Directory /tmp/workdir/hadoop-ozone/integration-test/target/test-dir/MiniOzoneClusterImpl-af84d9c2-0d85-499d-bc96-6c4bab003ae0/datanode-4/data/ratis/a70ee10b-8ec5-4065-9a27-5462027d5e12: Starting segment from index:0
2019-07-13 10:59:28,467 INFO  impl.RaftServerImpl (ServerState.java:setRaftConf(361)) - c4e2b5c3-ff1f-4a50-a7c3-54cb7a8212be:group-5462027D5E12 set configuration 0: [c4e2b5c3-ff1f-4a50-a7c3-54cb7a8212be:192.168.157.218:46595], old=null at 0
2019-07-13 10:59:28,486 INFO  segmented.SegmentedRaftLogWorker (SegmentedRaftLogWorker.java:execute(569)) - 3350650c-6992-45d7-aea4-e7b0277db5d9-SegmentedRaftLogWorker:Storage Directory /tmp/workdir/hadoop-ozone/integration-test/target/test-dir/MiniOzoneClusterImpl-af84d9c2-0d85-499d-bc96-6c4bab003ae0/datanode-6/data/ratis/93fe2201-53c8-42ce-861c-700edb07c839: created new log segment /tmp/workdir/hadoop-ozone/integration-test/target/test-dir/MiniOzoneClusterImpl-af84d9c2-0d85-499d-bc96-6c4bab003ae0/datanode-6/data/ratis/93fe2201-53c8-42ce-861c-700edb07c839/current/log_inprogress_0
2019-07-13 10:59:28,499 INFO  segmented.SegmentedRaftLogWorker (SegmentedRaftLogWorker.java:execute(569)) - c4e2b5c3-ff1f-4a50-a7c3-54cb7a8212be-SegmentedRaftLogWorker:Storage Directory /tmp/workdir/hadoop-ozone/integration-test/target/test-dir/MiniOzoneClusterImpl-af84d9c2-0d85-499d-bc96-6c4bab003ae0/datanode-4/data/ratis/a70ee10b-8ec5-4065-9a27-5462027d5e12: created new log segment /tmp/workdir/hadoop-ozone/integration-test/target/test-dir/MiniOzoneClusterImpl-af84d9c2-0d85-499d-bc96-6c4bab003ae0/datanode-4/data/ratis/a70ee10b-8ec5-4065-9a27-5462027d5e12/current/log_inprogress_0
2019-07-13 10:59:28,502 INFO  impl.FollowerState (FollowerState.java:run(106)) - ce9f14b8-8d16-4df7-b53d-c738df7dd7b1:group-0DDA1D7EE366 changes to CANDIDATE, lastRpcTime:5097, electionTimeout:5097ms
2019-07-13 10:59:28,504 INFO  impl.RoleInfo (RoleInfo.java:shutdownFollowerState(121)) - ce9f14b8-8d16-4df7-b53d-c738df7dd7b1: shutdown FollowerState
2019-07-13 10:59:28,504 INFO  impl.RaftServerImpl (RaftServerImpl.java:setRole(171)) - ce9f14b8-8d16-4df7-b53d-c738df7dd7b1:group-0DDA1D7EE366 changes role from FOLLOWER to CANDIDATE at term 0 for changeToCandidate
2019-07-13 10:59:28,504 INFO  impl.RoleInfo (RoleInfo.java:updateAndGet(143)) - ce9f14b8-8d16-4df7-b53d-c738df7dd7b1: start LeaderElection
2019-07-13 10:59:28,512 INFO  impl.LeaderElection (LeaderElection.java:askForVotes(181)) - ce9f14b8-8d16-4df7-b53d-c738df7dd7b1:group-0DDA1D7EE366:LeaderElection5: begin an election at term 1 for -1: [ce9f14b8-8d16-4df7-b53d-c738df7dd7b1:192.168.157.218:33391], old=null
2019-07-13 10:59:28,514 INFO  impl.RoleInfo (RoleInfo.java:shutdownLeaderElection(134)) - ce9f14b8-8d16-4df7-b53d-c738df7dd7b1: shutdown LeaderElection
2019-07-13 10:59:28,514 INFO  impl.RaftServerImpl (RaftServerImpl.java:setRole(171)) - ce9f14b8-8d16-4df7-b53d-c738df7dd7b1:group-0DDA1D7EE366 changes role from CANDIDATE to LEADER at term 1 for changeToLeader
2019-07-13 10:59:28,514 INFO  impl.RaftServerImpl (ServerState.java:setLeader(263)) - ce9f14b8-8d16-4df7-b53d-c738df7dd7b1:group-0DDA1D7EE366 change Leader from null to ce9f14b8-8d16-4df7-b53d-c738df7dd7b1 at term 1 for becomeLeader, leader elected after 5115ms
2019-07-13 10:59:28,516 INFO  server.RaftServerConfigKeys (ConfUtils.java:logGet(43)) - raft.server.staging.catchup.gap = 1000 (default)
2019-07-13 10:59:28,516 INFO  server.RaftServerConfigKeys (ConfUtils.java:logGet(43)) - raft.server.rpc.sleep.time = 25ms (default)
2019-07-13 10:59:28,516 INFO  server.RaftServerConfigKeys (ConfUtils.java:logGet(43)) - raft.server.write.element-limit = 4096 (default)
2019-07-13 10:59:28,517 INFO  server.RaftServerConfigKeys (ConfUtils.java:logGet(43)) - raft.server.watch.timeout = 10s (default)
2019-07-13 10:59:28,517 INFO  server.RaftServerConfigKeys (ConfUtils.java:logGet(43)) - raft.server.watch.timeout.denomination = 1s (default)
2019-07-13 10:59:28,517 INFO  server.RaftServerConfigKeys (ConfUtils.java:logGet(43)) - raft.server.watch.element-limit = 65536 (default)
2019-07-13 10:59:28,517 INFO  impl.RoleInfo (RoleInfo.java:updateAndGet(143)) - ce9f14b8-8d16-4df7-b53d-c738df7dd7b1: start LeaderState
2019-07-13 10:59:28,518 INFO  segmented.SegmentedRaftLogWorker (SegmentedRaftLogWorker.java:startLogSegment(380)) - ce9f14b8-8d16-4df7-b53d-c738df7dd7b1-SegmentedRaftLogWorker:Storage Directory /tmp/workdir/hadoop-ozone/integration-test/target/test-dir/MiniOzoneClusterImpl-af84d9c2-0d85-499d-bc96-6c4bab003ae0/datanode-2/data/ratis/0fcb07c8-8d60-4a4c-a300-0dda1d7ee366: Starting segment from index:0
2019-07-13 10:59:28,518 INFO  impl.RaftServerImpl (ServerState.java:setRaftConf(361)) - ce9f14b8-8d16-4df7-b53d-c738df7dd7b1:group-0DDA1D7EE366 set configuration 0: [ce9f14b8-8d16-4df7-b53d-c738df7dd7b1:192.168.157.218:33391], old=null at 0
2019-07-13 10:59:28,562 INFO  segmented.SegmentedRaftLogWorker (SegmentedRaftLogWorker.java:execute(569)) - ce9f14b8-8d16-4df7-b53d-c738df7dd7b1-SegmentedRaftLogWorker:Storage Directory /tmp/workdir/hadoop-ozone/integration-test/target/test-dir/MiniOzoneClusterImpl-af84d9c2-0d85-499d-bc96-6c4bab003ae0/datanode-2/data/ratis/0fcb07c8-8d60-4a4c-a300-0dda1d7ee366: created new log segment /tmp/workdir/hadoop-ozone/integration-test/target/test-dir/MiniOzoneClusterImpl-af84d9c2-0d85-499d-bc96-6c4bab003ae0/datanode-2/data/ratis/0fcb07c8-8d60-4a4c-a300-0dda1d7ee366/current/log_inprogress_0
2019-07-13 10:59:28,610 INFO  impl.FollowerState (FollowerState.java:run(106)) - 483d5df8-4905-41e2-a2e5-3e4aa56c3dae:group-DF34C4506EFD changes to CANDIDATE, lastRpcTime:5113, electionTimeout:5113ms
2019-07-13 10:59:28,610 INFO  impl.RoleInfo (RoleInfo.java:shutdownFollowerState(121)) - 483d5df8-4905-41e2-a2e5-3e4aa56c3dae: shutdown FollowerState
2019-07-13 10:59:28,610 INFO  impl.RaftServerImpl (RaftServerImpl.java:setRole(171)) - 483d5df8-4905-41e2-a2e5-3e4aa56c3dae:group-DF34C4506EFD changes role from FOLLOWER to CANDIDATE at term 0 for changeToCandidate
2019-07-13 10:59:28,611 INFO  impl.RoleInfo (RoleInfo.java:updateAndGet(143)) - 483d5df8-4905-41e2-a2e5-3e4aa56c3dae: start LeaderElection
2019-07-13 10:59:28,649 INFO  impl.LeaderElection (LeaderElection.java:askForVotes(181)) - 483d5df8-4905-41e2-a2e5-3e4aa56c3dae:group-DF34C4506EFD:LeaderElection6: begin an election at term 1 for -1: [483d5df8-4905-41e2-a2e5-3e4aa56c3dae:192.168.157.218:44937], old=null
2019-07-13 10:59:28,665 INFO  impl.RoleInfo (RoleInfo.java:shutdownLeaderElection(134)) - 483d5df8-4905-41e2-a2e5-3e4aa56c3dae: shutdown LeaderElection
2019-07-13 10:59:28,666 INFO  impl.RaftServerImpl (RaftServerImpl.java:setRole(171)) - 483d5df8-4905-41e2-a2e5-3e4aa56c3dae:group-DF34C4506EFD changes role from CANDIDATE to LEADER at term 1 for changeToLeader
2019-07-13 10:59:28,666 INFO  impl.RaftServerImpl (ServerState.java:setLeader(263)) - 483d5df8-4905-41e2-a2e5-3e4aa56c3dae:group-DF34C4506EFD change Leader from null to 483d5df8-4905-41e2-a2e5-3e4aa56c3dae at term 1 for becomeLeader, leader elected after 5174ms
2019-07-13 10:59:28,668 INFO  server.RaftServerConfigKeys (ConfUtils.java:logGet(43)) - raft.server.staging.catchup.gap = 1000 (default)
2019-07-13 10:59:28,668 INFO  impl.FollowerState (FollowerState.java:run(106)) - ec32634b-29c5-463a-8bfb-d67545e8478f:group-A5A284BFB222 changes to CANDIDATE, lastRpcTime:5100, electionTimeout:5099ms
2019-07-13 10:59:28,670 INFO  server.RaftServerConfigKeys (ConfUtils.java:logGet(43)) - raft.server.rpc.sleep.time = 25ms (default)
2019-07-13 10:59:28,670 INFO  impl.RoleInfo (RoleInfo.java:shutdownFollowerState(121)) - ec32634b-29c5-463a-8bfb-d67545e8478f: shutdown FollowerState
2019-07-13 10:59:28,670 INFO  impl.RaftServerImpl (RaftServerImpl.java:setRole(171)) - ec32634b-29c5-463a-8bfb-d67545e8478f:group-A5A284BFB222 changes role from FOLLOWER to CANDIDATE at term 0 for changeToCandidate
2019-07-13 10:59:28,670 INFO  server.RaftServerConfigKeys (ConfUtils.java:logGet(43)) - raft.server.write.element-limit = 4096 (default)
2019-07-13 10:59:28,670 INFO  impl.RoleInfo (RoleInfo.java:updateAndGet(143)) - ec32634b-29c5-463a-8bfb-d67545e8478f: start LeaderElection
2019-07-13 10:59:28,671 INFO  server.RaftServerConfigKeys (ConfUtils.java:logGet(43)) - raft.server.watch.timeout = 10s (default)
2019-07-13 10:59:28,671 INFO  server.RaftServerConfigKeys (ConfUtils.java:logGet(43)) - raft.server.watch.timeout.denomination = 1s (default)
2019-07-13 10:59:28,673 INFO  server.RaftServerConfigKeys (ConfUtils.java:logGet(43)) - raft.server.watch.element-limit = 65536 (default)
2019-07-13 10:59:28,677 INFO  impl.RoleInfo (RoleInfo.java:updateAndGet(143)) - 483d5df8-4905-41e2-a2e5-3e4aa56c3dae: start LeaderState
2019-07-13 10:59:28,677 INFO  segmented.SegmentedRaftLogWorker (SegmentedRaftLogWorker.java:startLogSegment(380)) - 483d5df8-4905-41e2-a2e5-3e4aa56c3dae-SegmentedRaftLogWorker:Storage Directory /tmp/workdir/hadoop-ozone/integration-test/target/test-dir/MiniOzoneClusterImpl-af84d9c2-0d85-499d-bc96-6c4bab003ae0/datanode-3/data/ratis/7fdb9e7e-199b-4e14-a4f3-df34c4506efd: Starting segment from index:0
2019-07-13 10:59:28,678 INFO  impl.RaftServerImpl (ServerState.java:setRaftConf(361)) - 483d5df8-4905-41e2-a2e5-3e4aa56c3dae:group-DF34C4506EFD set configuration 0: [483d5df8-4905-41e2-a2e5-3e4aa56c3dae:192.168.157.218:44937], old=null at 0
2019-07-13 10:59:28,702 INFO  impl.LeaderElection (LeaderElection.java:askForVotes(181)) - ec32634b-29c5-463a-8bfb-d67545e8478f:group-A5A284BFB222:LeaderElection7: begin an election at term 1 for -1: [ec32634b-29c5-463a-8bfb-d67545e8478f:192.168.157.218:40537], old=null
2019-07-13 10:59:28,702 INFO  impl.RoleInfo (RoleInfo.java:shutdownLeaderElection(134)) - ec32634b-29c5-463a-8bfb-d67545e8478f: shutdown LeaderElection
2019-07-13 10:59:28,702 INFO  impl.RaftServerImpl (RaftServerImpl.java:setRole(171)) - ec32634b-29c5-463a-8bfb-d67545e8478f:group-A5A284BFB222 changes role from CANDIDATE to LEADER at term 1 for changeToLeader
2019-07-13 10:59:28,702 INFO  impl.RaftServerImpl (ServerState.java:setLeader(263)) - ec32634b-29c5-463a-8bfb-d67545e8478f:group-A5A284BFB222 change Leader from null to ec32634b-29c5-463a-8bfb-d67545e8478f at term 1 for becomeLeader, leader elected after 5140ms
2019-07-13 10:59:28,704 INFO  server.RaftServerConfigKeys (ConfUtils.java:logGet(43)) - raft.server.staging.catchup.gap = 1000 (default)
2019-07-13 10:59:28,705 INFO  segmented.SegmentedRaftLogWorker (SegmentedRaftLogWorker.java:execute(569)) - 483d5df8-4905-41e2-a2e5-3e4aa56c3dae-SegmentedRaftLogWorker:Storage Directory /tmp/workdir/hadoop-ozone/integration-test/target/test-dir/MiniOzoneClusterImpl-af84d9c2-0d85-499d-bc96-6c4bab003ae0/datanode-3/data/ratis/7fdb9e7e-199b-4e14-a4f3-df34c4506efd: created new log segment /tmp/workdir/hadoop-ozone/integration-test/target/test-dir/MiniOzoneClusterImpl-af84d9c2-0d85-499d-bc96-6c4bab003ae0/datanode-3/data/ratis/7fdb9e7e-199b-4e14-a4f3-df34c4506efd/current/log_inprogress_0
2019-07-13 10:59:28,705 INFO  server.RaftServerConfigKeys (ConfUtils.java:logGet(43)) - raft.server.rpc.sleep.time = 25ms (default)
2019-07-13 10:59:28,705 INFO  server.RaftServerConfigKeys (ConfUtils.java:logGet(43)) - raft.server.write.element-limit = 4096 (default)
2019-07-13 10:59:28,705 INFO  server.RaftServerConfigKeys (ConfUtils.java:logGet(43)) - raft.server.watch.timeout = 10s (default)
2019-07-13 10:59:28,706 INFO  server.RaftServerConfigKeys (ConfUtils.java:logGet(43)) - raft.server.watch.timeout.denomination = 1s (default)
2019-07-13 10:59:28,706 INFO  server.RaftServerConfigKeys (ConfUtils.java:logGet(43)) - raft.server.watch.element-limit = 65536 (default)
2019-07-13 10:59:28,706 INFO  impl.RoleInfo (RoleInfo.java:updateAndGet(143)) - ec32634b-29c5-463a-8bfb-d67545e8478f: start LeaderState
2019-07-13 10:59:28,706 INFO  segmented.SegmentedRaftLogWorker (SegmentedRaftLogWorker.java:startLogSegment(380)) - ec32634b-29c5-463a-8bfb-d67545e8478f-SegmentedRaftLogWorker:Storage Directory /tmp/workdir/hadoop-ozone/integration-test/target/test-dir/MiniOzoneClusterImpl-af84d9c2-0d85-499d-bc96-6c4bab003ae0/datanode-5/data/ratis/ee7895bd-2b79-4cc2-8cdc-a5a284bfb222: Starting segment from index:0
2019-07-13 10:59:28,707 INFO  impl.RaftServerImpl (ServerState.java:setRaftConf(361)) - ec32634b-29c5-463a-8bfb-d67545e8478f:group-A5A284BFB222 set configuration 0: [ec32634b-29c5-463a-8bfb-d67545e8478f:192.168.157.218:40537], old=null at 0
2019-07-13 10:59:28,739 INFO  segmented.SegmentedRaftLogWorker (SegmentedRaftLogWorker.java:execute(569)) - ec32634b-29c5-463a-8bfb-d67545e8478f-SegmentedRaftLogWorker:Storage Directory /tmp/workdir/hadoop-ozone/integration-test/target/test-dir/MiniOzoneClusterImpl-af84d9c2-0d85-499d-bc96-6c4bab003ae0/datanode-5/data/ratis/ee7895bd-2b79-4cc2-8cdc-a5a284bfb222: created new log segment /tmp/workdir/hadoop-ozone/integration-test/target/test-dir/MiniOzoneClusterImpl-af84d9c2-0d85-499d-bc96-6c4bab003ae0/datanode-5/data/ratis/ee7895bd-2b79-4cc2-8cdc-a5a284bfb222/current/log_inprogress_0
2019-07-13 10:59:28,743 INFO  impl.FollowerState (FollowerState.java:run(106)) - 0bf649db-c09a-4405-873c-313ea8973ebd:group-6812E24DC5FA changes to CANDIDATE, lastRpcTime:5058, electionTimeout:5058ms
2019-07-13 10:59:28,743 INFO  impl.RoleInfo (RoleInfo.java:shutdownFollowerState(121)) - 0bf649db-c09a-4405-873c-313ea8973ebd: shutdown FollowerState
2019-07-13 10:59:28,744 INFO  impl.RaftServerImpl (RaftServerImpl.java:setRole(171)) - 0bf649db-c09a-4405-873c-313ea8973ebd:group-6812E24DC5FA changes role from FOLLOWER to CANDIDATE at term 0 for changeToCandidate
2019-07-13 10:59:28,744 INFO  impl.RoleInfo (RoleInfo.java:updateAndGet(143)) - 0bf649db-c09a-4405-873c-313ea8973ebd: start LeaderElection
2019-07-13 10:59:28,755 INFO  impl.LeaderElection (LeaderElection.java:askForVotes(181)) - 0bf649db-c09a-4405-873c-313ea8973ebd:group-6812E24DC5FA:LeaderElection8: begin an election at term 1 for -1: [0bf649db-c09a-4405-873c-313ea8973ebd:192.168.157.218:32780, c4e2b5c3-ff1f-4a50-a7c3-54cb7a8212be:192.168.157.218:46595, 3350650c-6992-45d7-aea4-e7b0277db5d9:192.168.157.218:41564], old=null
2019-07-13 10:59:28,770 INFO  impl.FollowerState (FollowerState.java:run(106)) - 3350650c-6992-45d7-aea4-e7b0277db5d9:group-6812E24DC5FA changes to CANDIDATE, lastRpcTime:5073, electionTimeout:5072ms
2019-07-13 10:59:28,770 INFO  impl.RoleInfo (RoleInfo.java:shutdownFollowerState(121)) - 3350650c-6992-45d7-aea4-e7b0277db5d9: shutdown FollowerState
2019-07-13 10:59:28,770 INFO  impl.RaftServerImpl (RaftServerImpl.java:setRole(171)) - 3350650c-6992-45d7-aea4-e7b0277db5d9:group-6812E24DC5FA changes role from FOLLOWER to CANDIDATE at term 0 for changeToCandidate
2019-07-13 10:59:28,771 INFO  impl.RoleInfo (RoleInfo.java:updateAndGet(143)) - 3350650c-6992-45d7-aea4-e7b0277db5d9: start LeaderElection
2019-07-13 10:59:28,791 INFO  impl.LeaderElection (LeaderElection.java:askForVotes(181)) - 3350650c-6992-45d7-aea4-e7b0277db5d9:group-6812E24DC5FA:LeaderElection9: begin an election at term 1 for -1: [0bf649db-c09a-4405-873c-313ea8973ebd:192.168.157.218:32780, c4e2b5c3-ff1f-4a50-a7c3-54cb7a8212be:192.168.157.218:46595, 3350650c-6992-45d7-aea4-e7b0277db5d9:192.168.157.218:41564], old=null
2019-07-13 10:59:28,808 INFO  impl.RaftServerImpl (RaftServerImpl.java:setRole(171)) - c4e2b5c3-ff1f-4a50-a7c3-54cb7a8212be:group-6812E24DC5FA changes role from FOLLOWER to FOLLOWER at term 1 for recognizeCandidate:0bf649db-c09a-4405-873c-313ea8973ebd
2019-07-13 10:59:28,814 INFO  impl.RoleInfo (RoleInfo.java:shutdownFollowerState(121)) - c4e2b5c3-ff1f-4a50-a7c3-54cb7a8212be: shutdown FollowerState
2019-07-13 10:59:28,816 INFO  impl.RoleInfo (RoleInfo.java:updateAndGet(143)) - c4e2b5c3-ff1f-4a50-a7c3-54cb7a8212be: start FollowerState
2019-07-13 10:59:28,841 INFO  impl.FollowerState (FollowerState.java:run(106)) - 483d5df8-4905-41e2-a2e5-3e4aa56c3dae:group-1674E1DF3074 changes to CANDIDATE, lastRpcTime:5016, electionTimeout:5015ms
2019-07-13 10:59:28,841 INFO  impl.RoleInfo (RoleInfo.java:shutdownFollowerState(121)) - 483d5df8-4905-41e2-a2e5-3e4aa56c3dae: shutdown FollowerState
2019-07-13 10:59:28,841 INFO  impl.RaftServerImpl (RaftServerImpl.java:setRole(171)) - 483d5df8-4905-41e2-a2e5-3e4aa56c3dae:group-1674E1DF3074 changes role from FOLLOWER to CANDIDATE at term 0 for changeToCandidate
2019-07-13 10:59:28,841 INFO  impl.RoleInfo (RoleInfo.java:updateAndGet(143)) - 483d5df8-4905-41e2-a2e5-3e4aa56c3dae: start LeaderElection
2019-07-13 10:59:28,853 INFO  impl.LeaderElection (LeaderElection.java:logAndReturn(56)) - 0bf649db-c09a-4405-873c-313ea8973ebd:group-6812E24DC5FA:LeaderElection8: Election PASSED; received 2 response(s) [0bf649db-c09a-4405-873c-313ea8973ebd<-c4e2b5c3-ff1f-4a50-a7c3-54cb7a8212be#0:OK-t1, 0bf649db-c09a-4405-873c-313ea8973ebd<-3350650c-6992-45d7-aea4-e7b0277db5d9#0:FAIL-t1] and 0 exception(s); 0bf649db-c09a-4405-873c-313ea8973ebd:t1, leader=null, voted=0bf649db-c09a-4405-873c-313ea8973ebd, raftlog=0bf649db-c09a-4405-873c-313ea8973ebd-SegmentedRaftLog:OPENED:c-1,f-1,i0, conf=-1: [0bf649db-c09a-4405-873c-313ea8973ebd:192.168.157.218:32780, c4e2b5c3-ff1f-4a50-a7c3-54cb7a8212be:192.168.157.218:46595, 3350650c-6992-45d7-aea4-e7b0277db5d9:192.168.157.218:41564], old=null
2019-07-13 10:59:28,853 INFO  impl.LeaderElection (LeaderElection.java:logAndReturn(56)) - 3350650c-6992-45d7-aea4-e7b0277db5d9:group-6812E24DC5FA:LeaderElection9: Election REJECTED; received 2 response(s) [3350650c-6992-45d7-aea4-e7b0277db5d9<-0bf649db-c09a-4405-873c-313ea8973ebd#0:FAIL-t1, 3350650c-6992-45d7-aea4-e7b0277db5d9<-c4e2b5c3-ff1f-4a50-a7c3-54cb7a8212be#0:FAIL-t1] and 0 exception(s); 3350650c-6992-45d7-aea4-e7b0277db5d9:t1, leader=null, voted=3350650c-6992-45d7-aea4-e7b0277db5d9, raftlog=3350650c-6992-45d7-aea4-e7b0277db5d9-SegmentedRaftLog:OPENED:c-1,f-1,i0, conf=-1: [0bf649db-c09a-4405-873c-313ea8973ebd:192.168.157.218:32780, c4e2b5c3-ff1f-4a50-a7c3-54cb7a8212be:192.168.157.218:46595, 3350650c-6992-45d7-aea4-e7b0277db5d9:192.168.157.218:41564], old=null
2019-07-13 10:59:28,853 INFO  impl.RoleInfo (RoleInfo.java:shutdownLeaderElection(134)) - 0bf649db-c09a-4405-873c-313ea8973ebd: shutdown LeaderElection
2019-07-13 10:59:28,857 INFO  impl.RaftServerImpl (RaftServerImpl.java:setRole(171)) - 0bf649db-c09a-4405-873c-313ea8973ebd:group-6812E24DC5FA changes role from CANDIDATE to LEADER at term 1 for changeToLeader
2019-07-13 10:59:28,857 INFO  impl.RaftServerImpl (RaftServerImpl.java:setRole(171)) - 3350650c-6992-45d7-aea4-e7b0277db5d9:group-6812E24DC5FA changes role from CANDIDATE to FOLLOWER at term 1 for DISCOVERED_A_NEW_TERM
2019-07-13 10:59:28,861 INFO  impl.RaftServerImpl (ServerState.java:setLeader(263)) - 0bf649db-c09a-4405-873c-313ea8973ebd:group-6812E24DC5FA change Leader from null to 0bf649db-c09a-4405-873c-313ea8973ebd at term 1 for becomeLeader, leader elected after 5187ms
2019-07-13 10:59:28,861 INFO  impl.RoleInfo (RoleInfo.java:shutdownLeaderElection(134)) - 3350650c-6992-45d7-aea4-e7b0277db5d9: shutdown LeaderElection
2019-07-13 10:59:28,862 INFO  server.RaftServerConfigKeys (ConfUtils.java:logGet(43)) - raft.server.staging.catchup.gap = 1000 (default)
2019-07-13 10:59:28,862 INFO  impl.RoleInfo (RoleInfo.java:updateAndGet(143)) - 3350650c-6992-45d7-aea4-e7b0277db5d9: start FollowerState
2019-07-13 10:59:28,862 INFO  server.RaftServerConfigKeys (ConfUtils.java:logGet(43)) - raft.server.rpc.sleep.time = 25ms (default)
2019-07-13 10:59:28,865 INFO  impl.LeaderElection (LeaderElection.java:askForVotes(181)) - 483d5df8-4905-41e2-a2e5-3e4aa56c3dae:group-1674E1DF3074:LeaderElection10: begin an election at term 1 for -1: [84d6cbd8-10dc-4dfd-94c8-59a57a8a3286:192.168.157.218:43919, 483d5df8-4905-41e2-a2e5-3e4aa56c3dae:192.168.157.218:44937, ce9f14b8-8d16-4df7-b53d-c738df7dd7b1:192.168.157.218:33391], old=null
2019-07-13 10:59:28,865 INFO  server.RaftServerConfigKeys (ConfUtils.java:logGet(43)) - raft.server.write.element-limit = 4096 (default)
2019-07-13 10:59:28,865 INFO  server.RaftServerConfigKeys (ConfUtils.java:logGet(43)) - raft.server.watch.timeout = 10s (default)
2019-07-13 10:59:28,865 INFO  server.RaftServerConfigKeys (ConfUtils.java:logGet(43)) - raft.server.watch.timeout.denomination = 1s (default)
2019-07-13 10:59:28,865 INFO  server.RaftServerConfigKeys (ConfUtils.java:logGet(43)) - raft.server.watch.element-limit = 65536 (default)
2019-07-13 10:59:28,869 INFO  server.RaftServerConfigKeys (ConfUtils.java:logGet(43)) - raft.server.log.appender.snapshot.chunk.size.max = 16MB (=16777216) (default)
2019-07-13 10:59:28,870 INFO  server.RaftServerConfigKeys (ConfUtils.java:logGet(43)) - raft.server.log.appender.buffer.byte-limit = 33554432 (custom)
2019-07-13 10:59:28,870 INFO  server.RaftServerConfigKeys (ConfUtils.java:logGet(43)) - raft.server.log.appender.buffer.element-limit = 1 (custom)
2019-07-13 10:59:28,875 INFO  grpc.GrpcConfigKeys$Server (ConfUtils.java:logGet(43)) - raft.grpc.server.leader.outstanding.appends.max = 128 (default)
2019-07-13 10:59:28,877 INFO  server.RaftServerConfigKeys (ConfUtils.java:logGet(43)) - raft.server.rpc.request.timeout = 3000ms (default)
2019-07-13 10:59:28,878 INFO  impl.RaftServerImpl (RaftServerImpl.java:setRole(171)) - 84d6cbd8-10dc-4dfd-94c8-59a57a8a3286:group-1674E1DF3074 changes role from FOLLOWER to FOLLOWER at term 1 for recognizeCandidate:483d5df8-4905-41e2-a2e5-3e4aa56c3dae
2019-07-13 10:59:28,880 INFO  server.RaftServerConfigKeys (ConfUtils.java:logGet(43)) - raft.server.log.appender.install.snapshot.enabled = false (custom)
2019-07-13 10:59:28,880 INFO  impl.RoleInfo (RoleInfo.java:shutdownFollowerState(121)) - 84d6cbd8-10dc-4dfd-94c8-59a57a8a3286: shutdown FollowerState
2019-07-13 10:59:28,882 INFO  server.RaftServerConfigKeys (ConfUtils.java:logGet(43)) - raft.server.log.appender.snapshot.chunk.size.max = 16MB (=16777216) (default)
2019-07-13 10:59:28,882 INFO  impl.RaftServerImpl (RaftServerImpl.java:setRole(171)) - ce9f14b8-8d16-4df7-b53d-c738df7dd7b1:group-1674E1DF3074 changes role from FOLLOWER to FOLLOWER at term 1 for recognizeCandidate:483d5df8-4905-41e2-a2e5-3e4aa56c3dae
2019-07-13 10:59:28,882 INFO  server.RaftServerConfigKeys (ConfUtils.java:logGet(43)) - raft.server.log.appender.buffer.byte-limit = 33554432 (custom)
2019-07-13 10:59:28,882 INFO  impl.FollowerState (FollowerState.java:run(114)) - 84d6cbd8-10dc-4dfd-94c8-59a57a8a3286: FollowerState was interrupted: java.lang.InterruptedException: sleep interrupted
2019-07-13 10:59:28,882 INFO  impl.RoleInfo (RoleInfo.java:updateAndGet(143)) - 84d6cbd8-10dc-4dfd-94c8-59a57a8a3286: start FollowerState
2019-07-13 10:59:28,882 INFO  server.RaftServerConfigKeys (ConfUtils.java:logGet(43)) - raft.server.log.appender.buffer.element-limit = 1 (custom)
2019-07-13 10:59:28,882 INFO  impl.RoleInfo (RoleInfo.java:shutdownFollowerState(121)) - ce9f14b8-8d16-4df7-b53d-c738df7dd7b1: shutdown FollowerState
2019-07-13 10:59:28,885 INFO  grpc.GrpcConfigKeys$Server (ConfUtils.java:logGet(43)) - raft.grpc.server.leader.outstanding.appends.max = 128 (default)
2019-07-13 10:59:28,886 INFO  impl.RoleInfo (RoleInfo.java:updateAndGet(143)) - ce9f14b8-8d16-4df7-b53d-c738df7dd7b1: start FollowerState
2019-07-13 10:59:28,886 INFO  server.RaftServerConfigKeys (ConfUtils.java:logGet(43)) - raft.server.rpc.request.timeout = 3000ms (default)
2019-07-13 10:59:28,886 INFO  impl.FollowerState (FollowerState.java:run(114)) - ce9f14b8-8d16-4df7-b53d-c738df7dd7b1: FollowerState was interrupted: java.lang.InterruptedException: sleep interrupted
2019-07-13 10:59:28,886 INFO  server.RaftServerConfigKeys (ConfUtils.java:logGet(43)) - raft.server.log.appender.install.snapshot.enabled = false (custom)
2019-07-13 10:59:28,889 INFO  impl.RoleInfo (RoleInfo.java:updateAndGet(143)) - 0bf649db-c09a-4405-873c-313ea8973ebd: start LeaderState
2019-07-13 10:59:28,890 INFO  segmented.SegmentedRaftLogWorker (SegmentedRaftLogWorker.java:startLogSegment(380)) - 0bf649db-c09a-4405-873c-313ea8973ebd-SegmentedRaftLogWorker:Storage Directory /tmp/workdir/hadoop-ozone/integration-test/target/test-dir/MiniOzoneClusterImpl-af84d9c2-0d85-499d-bc96-6c4bab003ae0/datanode-1/data/ratis/1e978ad6-7d76-4e80-a860-6812e24dc5fa: Starting segment from index:0
2019-07-13 10:59:28,891 INFO  impl.RaftServerImpl (ServerState.java:setRaftConf(361)) - 0bf649db-c09a-4405-873c-313ea8973ebd:group-6812E24DC5FA set configuration 0: [0bf649db-c09a-4405-873c-313ea8973ebd:192.168.157.218:32780, c4e2b5c3-ff1f-4a50-a7c3-54cb7a8212be:192.168.157.218:46595, 3350650c-6992-45d7-aea4-e7b0277db5d9:192.168.157.218:41564], old=null at 0
2019-07-13 10:59:28,921 INFO  impl.LeaderElection (LeaderElection.java:logAndReturn(56)) - 483d5df8-4905-41e2-a2e5-3e4aa56c3dae:group-1674E1DF3074:LeaderElection10: Election PASSED; received 1 response(s) [483d5df8-4905-41e2-a2e5-3e4aa56c3dae<-ce9f14b8-8d16-4df7-b53d-c738df7dd7b1#0:OK-t1] and 0 exception(s); 483d5df8-4905-41e2-a2e5-3e4aa56c3dae:t1, leader=null, voted=483d5df8-4905-41e2-a2e5-3e4aa56c3dae, raftlog=483d5df8-4905-41e2-a2e5-3e4aa56c3dae-SegmentedRaftLog:OPENED:c-1,f-1,i0, conf=-1: [84d6cbd8-10dc-4dfd-94c8-59a57a8a3286:192.168.157.218:43919, 483d5df8-4905-41e2-a2e5-3e4aa56c3dae:192.168.157.218:44937, ce9f14b8-8d16-4df7-b53d-c738df7dd7b1:192.168.157.218:33391], old=null
2019-07-13 10:59:28,921 INFO  impl.RoleInfo (RoleInfo.java:shutdownLeaderElection(134)) - 483d5df8-4905-41e2-a2e5-3e4aa56c3dae: shutdown LeaderElection
2019-07-13 10:59:28,929 INFO  impl.RaftServerImpl (RaftServerImpl.java:setRole(171)) - 483d5df8-4905-41e2-a2e5-3e4aa56c3dae:group-1674E1DF3074 changes role from CANDIDATE to LEADER at term 1 for changeToLeader
2019-07-13 10:59:28,929 INFO  impl.RaftServerImpl (ServerState.java:setLeader(263)) - 483d5df8-4905-41e2-a2e5-3e4aa56c3dae:group-1674E1DF3074 change Leader from null to 483d5df8-4905-41e2-a2e5-3e4aa56c3dae at term 1 for becomeLeader, leader elected after 5129ms
2019-07-13 10:59:28,929 INFO  server.RaftServerConfigKeys (ConfUtils.java:logGet(43)) - raft.server.staging.catchup.gap = 1000 (default)
2019-07-13 10:59:28,930 INFO  server.RaftServerConfigKeys (ConfUtils.java:logGet(43)) - raft.server.rpc.sleep.time = 25ms (default)
2019-07-13 10:59:28,930 INFO  server.RaftServerConfigKeys (ConfUtils.java:logGet(43)) - raft.server.write.element-limit = 4096 (default)
2019-07-13 10:59:28,930 INFO  server.RaftServerConfigKeys (ConfUtils.java:logGet(43)) - raft.server.watch.timeout = 10s (default)
2019-07-13 10:59:28,930 INFO  server.RaftServerConfigKeys (ConfUtils.java:logGet(43)) - raft.server.watch.timeout.denomination = 1s (default)
2019-07-13 10:59:28,931 INFO  server.RaftServerConfigKeys (ConfUtils.java:logGet(43)) - raft.server.watch.element-limit = 65536 (default)
2019-07-13 10:59:28,933 INFO  server.RaftServerConfigKeys (ConfUtils.java:logGet(43)) - raft.server.log.appender.snapshot.chunk.size.max = 16MB (=16777216) (default)
2019-07-13 10:59:28,933 INFO  server.RaftServerConfigKeys (ConfUtils.java:logGet(43)) - raft.server.log.appender.buffer.byte-limit = 33554432 (custom)
2019-07-13 10:59:28,934 INFO  server.RaftServerConfigKeys (ConfUtils.java:logGet(43)) - raft.server.log.appender.buffer.element-limit = 1 (custom)
2019-07-13 10:59:28,934 INFO  grpc.GrpcConfigKeys$Server (ConfUtils.java:logGet(43)) - raft.grpc.server.leader.outstanding.appends.max = 128 (default)
2019-07-13 10:59:28,934 INFO  server.RaftServerConfigKeys (ConfUtils.java:logGet(43)) - raft.server.rpc.request.timeout = 3000ms (default)
2019-07-13 10:59:28,934 INFO  server.RaftServerConfigKeys (ConfUtils.java:logGet(43)) - raft.server.log.appender.install.snapshot.enabled = false (custom)
2019-07-13 10:59:28,935 INFO  server.RaftServerConfigKeys (ConfUtils.java:logGet(43)) - raft.server.log.appender.snapshot.chunk.size.max = 16MB (=16777216) (default)
2019-07-13 10:59:28,935 INFO  server.RaftServerConfigKeys (ConfUtils.java:logGet(43)) - raft.server.log.appender.buffer.byte-limit = 33554432 (custom)
2019-07-13 10:59:28,935 INFO  server.RaftServerConfigKeys (ConfUtils.java:logGet(43)) - raft.server.log.appender.buffer.element-limit = 1 (custom)
2019-07-13 10:59:28,936 INFO  grpc.GrpcConfigKeys$Server (ConfUtils.java:logGet(43)) - raft.grpc.server.leader.outstanding.appends.max = 128 (default)
2019-07-13 10:59:28,936 INFO  server.RaftServerConfigKeys (ConfUtils.java:logGet(43)) - raft.server.rpc.request.timeout = 3000ms (default)
2019-07-13 10:59:28,936 INFO  server.RaftServerConfigKeys (ConfUtils.java:logGet(43)) - raft.server.log.appender.install.snapshot.enabled = false (custom)
2019-07-13 10:59:28,936 INFO  segmented.SegmentedRaftLogWorker (SegmentedRaftLogWorker.java:execute(569)) - 0bf649db-c09a-4405-873c-313ea8973ebd-SegmentedRaftLogWorker:Storage Directory /tmp/workdir/hadoop-ozone/integration-test/target/test-dir/MiniOzoneClusterImpl-af84d9c2-0d85-499d-bc96-6c4bab003ae0/datanode-1/data/ratis/1e978ad6-7d76-4e80-a860-6812e24dc5fa: created new log segment /tmp/workdir/hadoop-ozone/integration-test/target/test-dir/MiniOzoneClusterImpl-af84d9c2-0d85-499d-bc96-6c4bab003ae0/datanode-1/data/ratis/1e978ad6-7d76-4e80-a860-6812e24dc5fa/current/log_inprogress_0
2019-07-13 10:59:28,939 INFO  impl.RoleInfo (RoleInfo.java:updateAndGet(143)) - 483d5df8-4905-41e2-a2e5-3e4aa56c3dae: start LeaderState
2019-07-13 10:59:28,939 INFO  segmented.SegmentedRaftLogWorker (SegmentedRaftLogWorker.java:startLogSegment(380)) - 483d5df8-4905-41e2-a2e5-3e4aa56c3dae-SegmentedRaftLogWorker:Storage Directory /tmp/workdir/hadoop-ozone/integration-test/target/test-dir/MiniOzoneClusterImpl-af84d9c2-0d85-499d-bc96-6c4bab003ae0/datanode-3/data/ratis/0fd3aa49-5301-47d0-b99c-1674e1df3074: Starting segment from index:0
2019-07-13 10:59:28,940 INFO  impl.RaftServerImpl (ServerState.java:setRaftConf(361)) - 483d5df8-4905-41e2-a2e5-3e4aa56c3dae:group-1674E1DF3074 set configuration 0: [84d6cbd8-10dc-4dfd-94c8-59a57a8a3286:192.168.157.218:43919, 483d5df8-4905-41e2-a2e5-3e4aa56c3dae:192.168.157.218:44937, ce9f14b8-8d16-4df7-b53d-c738df7dd7b1:192.168.157.218:33391], old=null at 0
2019-07-13 10:59:28,969 INFO  impl.RaftServerImpl (ServerState.java:setLeader(263)) - c4e2b5c3-ff1f-4a50-a7c3-54cb7a8212be:group-6812E24DC5FA change Leader from null to 0bf649db-c09a-4405-873c-313ea8973ebd at term 1 for appendEntries, leader elected after 5297ms
2019-07-13 10:59:28,971 INFO  impl.RaftServerImpl (ServerState.java:setLeader(263)) - 3350650c-6992-45d7-aea4-e7b0277db5d9:group-6812E24DC5FA change Leader from null to 0bf649db-c09a-4405-873c-313ea8973ebd at term 1 for appendEntries, leader elected after 5297ms
2019-07-13 10:59:28,973 INFO  impl.RaftServerImpl (ServerState.java:setLeader(263)) - ce9f14b8-8d16-4df7-b53d-c738df7dd7b1:group-1674E1DF3074 change Leader from null to 483d5df8-4905-41e2-a2e5-3e4aa56c3dae at term 1 for appendEntries, leader elected after 5173ms
2019-07-13 10:59:28,986 INFO  impl.RaftServerImpl (ServerState.java:setLeader(263)) - 84d6cbd8-10dc-4dfd-94c8-59a57a8a3286:group-1674E1DF3074 change Leader from null to 483d5df8-4905-41e2-a2e5-3e4aa56c3dae at term 1 for appendEntries, leader elected after 5186ms
2019-07-13 10:59:28,986 INFO  segmented.SegmentedRaftLogWorker (SegmentedRaftLogWorker.java:execute(569)) - 483d5df8-4905-41e2-a2e5-3e4aa56c3dae-SegmentedRaftLogWorker:Storage Directory /tmp/workdir/hadoop-ozone/integration-test/target/test-dir/MiniOzoneClusterImpl-af84d9c2-0d85-499d-bc96-6c4bab003ae0/datanode-3/data/ratis/0fd3aa49-5301-47d0-b99c-1674e1df3074: created new log segment /tmp/workdir/hadoop-ozone/integration-test/target/test-dir/MiniOzoneClusterImpl-af84d9c2-0d85-499d-bc96-6c4bab003ae0/datanode-3/data/ratis/0fd3aa49-5301-47d0-b99c-1674e1df3074/current/log_inprogress_0
2019-07-13 10:59:28,994 INFO  client.GrpcClientProtocolClient (GrpcClientProtocolClient.java:onNext(255)) - client-E51FC8D0D750->c4e2b5c3-ff1f-4a50-a7c3-54cb7a8212be: receive RaftClientReply:client-E51FC8D0D750->c4e2b5c3-ff1f-4a50-a7c3-54cb7a8212be@group-6812E24DC5FA, cid=13, FAILED org.apache.ratis.protocol.NotLeaderException: Server c4e2b5c3-ff1f-4a50-a7c3-54cb7a8212be is not the leader (0bf649db-c09a-4405-873c-313ea8973ebd:192.168.157.218:32780). Request must be sent to leader., logIndex=0, commits[c4e2b5c3-ff1f-4a50-a7c3-54cb7a8212be:c-1, 0bf649db-c09a-4405-873c-313ea8973ebd:c-1, 3350650c-6992-45d7-aea4-e7b0277db5d9:c-1]
2019-07-13 10:59:29,018 INFO  impl.RaftServerImpl (ServerState.java:setRaftConf(361)) - c4e2b5c3-ff1f-4a50-a7c3-54cb7a8212be:group-6812E24DC5FA set configuration 0: [0bf649db-c09a-4405-873c-313ea8973ebd:192.168.157.218:32780, c4e2b5c3-ff1f-4a50-a7c3-54cb7a8212be:192.168.157.218:46595, 3350650c-6992-45d7-aea4-e7b0277db5d9:192.168.157.218:41564], old=null at 0
2019-07-13 10:59:29,020 INFO  impl.RaftServerImpl (ServerState.java:setRaftConf(361)) - 84d6cbd8-10dc-4dfd-94c8-59a57a8a3286:group-1674E1DF3074 set configuration 0: [84d6cbd8-10dc-4dfd-94c8-59a57a8a3286:192.168.157.218:43919, 483d5df8-4905-41e2-a2e5-3e4aa56c3dae:192.168.157.218:44937, ce9f14b8-8d16-4df7-b53d-c738df7dd7b1:192.168.157.218:33391], old=null at 0
2019-07-13 10:59:29,021 INFO  segmented.SegmentedRaftLogWorker (SegmentedRaftLogWorker.java:startLogSegment(380)) - c4e2b5c3-ff1f-4a50-a7c3-54cb7a8212be-SegmentedRaftLogWorker:Storage Directory /tmp/workdir/hadoop-ozone/integration-test/target/test-dir/MiniOzoneClusterImpl-af84d9c2-0d85-499d-bc96-6c4bab003ae0/datanode-4/data/ratis/1e978ad6-7d76-4e80-a860-6812e24dc5fa: Starting segment from index:0
2019-07-13 10:59:29,021 INFO  impl.RaftServerImpl (ServerState.java:setRaftConf(361)) - 3350650c-6992-45d7-aea4-e7b0277db5d9:group-6812E24DC5FA set configuration 0: [0bf649db-c09a-4405-873c-313ea8973ebd:192.168.157.218:32780, c4e2b5c3-ff1f-4a50-a7c3-54cb7a8212be:192.168.157.218:46595, 3350650c-6992-45d7-aea4-e7b0277db5d9:192.168.157.218:41564], old=null at 0
2019-07-13 10:59:29,022 INFO  segmented.SegmentedRaftLogWorker (SegmentedRaftLogWorker.java:startLogSegment(380)) - 84d6cbd8-10dc-4dfd-94c8-59a57a8a3286-SegmentedRaftLogWorker:Storage Directory /tmp/workdir/hadoop-ozone/integration-test/target/test-dir/MiniOzoneClusterImpl-af84d9c2-0d85-499d-bc96-6c4bab003ae0/datanode-0/data/ratis/0fd3aa49-5301-47d0-b99c-1674e1df3074: Starting segment from index:0
2019-07-13 10:59:29,022 INFO  impl.RaftServerImpl (ServerState.java:setRaftConf(361)) - ce9f14b8-8d16-4df7-b53d-c738df7dd7b1:group-1674E1DF3074 set configuration 0: [84d6cbd8-10dc-4dfd-94c8-59a57a8a3286:192.168.157.218:43919, 483d5df8-4905-41e2-a2e5-3e4aa56c3dae:192.168.157.218:44937, ce9f14b8-8d16-4df7-b53d-c738df7dd7b1:192.168.157.218:33391], old=null at 0
2019-07-13 10:59:29,022 INFO  segmented.SegmentedRaftLogWorker (SegmentedRaftLogWorker.java:startLogSegment(380)) - 3350650c-6992-45d7-aea4-e7b0277db5d9-SegmentedRaftLogWorker:Storage Directory /tmp/workdir/hadoop-ozone/integration-test/target/test-dir/MiniOzoneClusterImpl-af84d9c2-0d85-499d-bc96-6c4bab003ae0/datanode-6/data/ratis/1e978ad6-7d76-4e80-a860-6812e24dc5fa: Starting segment from index:0
2019-07-13 10:59:29,022 INFO  segmented.SegmentedRaftLogWorker (SegmentedRaftLogWorker.java:startLogSegment(380)) - ce9f14b8-8d16-4df7-b53d-c738df7dd7b1-SegmentedRaftLogWorker:Storage Directory /tmp/workdir/hadoop-ozone/integration-test/target/test-dir/MiniOzoneClusterImpl-af84d9c2-0d85-499d-bc96-6c4bab003ae0/datanode-2/data/ratis/0fd3aa49-5301-47d0-b99c-1674e1df3074: Starting segment from index:0
2019-07-13 10:59:29,051 INFO  segmented.SegmentedRaftLogWorker (SegmentedRaftLogWorker.java:execute(569)) - 84d6cbd8-10dc-4dfd-94c8-59a57a8a3286-SegmentedRaftLogWorker:Storage Directory /tmp/workdir/hadoop-ozone/integration-test/target/test-dir/MiniOzoneClusterImpl-af84d9c2-0d85-499d-bc96-6c4bab003ae0/datanode-0/data/ratis/0fd3aa49-5301-47d0-b99c-1674e1df3074: created new log segment /tmp/workdir/hadoop-ozone/integration-test/target/test-dir/MiniOzoneClusterImpl-af84d9c2-0d85-499d-bc96-6c4bab003ae0/datanode-0/data/ratis/0fd3aa49-5301-47d0-b99c-1674e1df3074/current/log_inprogress_0
2019-07-13 10:59:29,051 INFO  segmented.SegmentedRaftLogWorker (SegmentedRaftLogWorker.java:execute(569)) - 3350650c-6992-45d7-aea4-e7b0277db5d9-SegmentedRaftLogWorker:Storage Directory /tmp/workdir/hadoop-ozone/integration-test/target/test-dir/MiniOzoneClusterImpl-af84d9c2-0d85-499d-bc96-6c4bab003ae0/datanode-6/data/ratis/1e978ad6-7d76-4e80-a860-6812e24dc5fa: created new log segment /tmp/workdir/hadoop-ozone/integration-test/target/test-dir/MiniOzoneClusterImpl-af84d9c2-0d85-499d-bc96-6c4bab003ae0/datanode-6/data/ratis/1e978ad6-7d76-4e80-a860-6812e24dc5fa/current/log_inprogress_0
2019-07-13 10:59:29,051 INFO  segmented.SegmentedRaftLogWorker (SegmentedRaftLogWorker.java:execute(569)) - c4e2b5c3-ff1f-4a50-a7c3-54cb7a8212be-SegmentedRaftLogWorker:Storage Directory /tmp/workdir/hadoop-ozone/integration-test/target/test-dir/MiniOzoneClusterImpl-af84d9c2-0d85-499d-bc96-6c4bab003ae0/datanode-4/data/ratis/1e978ad6-7d76-4e80-a860-6812e24dc5fa: created new log segment /tmp/workdir/hadoop-ozone/integration-test/target/test-dir/MiniOzoneClusterImpl-af84d9c2-0d85-499d-bc96-6c4bab003ae0/datanode-4/data/ratis/1e978ad6-7d76-4e80-a860-6812e24dc5fa/current/log_inprogress_0
2019-07-13 10:59:29,051 INFO  segmented.SegmentedRaftLogWorker (SegmentedRaftLogWorker.java:execute(569)) - ce9f14b8-8d16-4df7-b53d-c738df7dd7b1-SegmentedRaftLogWorker:Storage Directory /tmp/workdir/hadoop-ozone/integration-test/target/test-dir/MiniOzoneClusterImpl-af84d9c2-0d85-499d-bc96-6c4bab003ae0/datanode-2/data/ratis/0fd3aa49-5301-47d0-b99c-1674e1df3074: created new log segment /tmp/workdir/hadoop-ozone/integration-test/target/test-dir/MiniOzoneClusterImpl-af84d9c2-0d85-499d-bc96-6c4bab003ae0/datanode-2/data/ratis/0fd3aa49-5301-47d0-b99c-1674e1df3074/current/log_inprogress_0
2019-07-13 10:59:29,347 INFO  client.GrpcClientProtocolClient (GrpcClientProtocolClient.java:onNext(255)) - client-E51FC8D0D750->0bf649db-c09a-4405-873c-313ea8973ebd: receive RaftClientReply:client-E51FC8D0D750->0bf649db-c09a-4405-873c-313ea8973ebd@group-6812E24DC5FA, cid=13, SUCCESS, logIndex=1, commits[0bf649db-c09a-4405-873c-313ea8973ebd:c1, c4e2b5c3-ff1f-4a50-a7c3-54cb7a8212be:c0, 3350650c-6992-45d7-aea4-e7b0277db5d9:c0]
2019-07-13 10:59:29,485 INFO  client.GrpcClientProtocolClient (GrpcClientProtocolClient.java:onNext(255)) - client-E51FC8D0D750->0bf649db-c09a-4405-873c-313ea8973ebd: receive RaftClientReply:client-E51FC8D0D750->0bf649db-c09a-4405-873c-313ea8973ebd@group-6812E24DC5FA, cid=14, SUCCESS, logIndex=3, commits[0bf649db-c09a-4405-873c-313ea8973ebd:c4, c4e2b5c3-ff1f-4a50-a7c3-54cb7a8212be:c3, 3350650c-6992-45d7-aea4-e7b0277db5d9:c3]
2019-07-13 10:59:29,774 INFO  container.CloseContainerEventHandler (CloseContainerEventHandler.java:onMessage(61)) - Close container Event triggered for container : #1
2019-07-13 10:59:29,782 INFO  container.CloseContainerEventHandler (CloseContainerEventHandler.java:onMessage(61)) - Close container Event triggered for container : #1
2019-07-13 10:59:29,782 INFO  container.CloseContainerEventHandler (CloseContainerEventHandler.java:onMessage(61)) - Close container Event triggered for container : #1
2019-07-13 10:59:31,270 INFO  interfaces.Container (KeyValueContainer.java:compactDB(356)) - Container 1 is closed with bcsId 3.
2019-07-13 10:59:31,275 INFO  interfaces.Container (KeyValueContainer.java:compactDB(356)) - Container 1 is closed with bcsId 3.
2019-07-13 10:59:31,287 INFO  interfaces.Container (KeyValueContainer.java:compactDB(356)) - Container 1 is closed with bcsId 3.
10:59:31.300 [grpc-default-executor-0] ERROR DNAudit - user=null | ip=null | op=WRITE_CHUNK {blockData=conID: 1 locID: 102433788042477569 bcsId: 3} | ret=FAILURE
org.apache.hadoop.hdds.scm.container.common.helpers.ContainerNotOpenException: Container 1 in CLOSED state
	at org.apache.hadoop.ozone.container.common.impl.HddsDispatcher.validateContainerCommand(HddsDispatcher.java:408) ~[hadoop-hdds-container-service-0.5.0-SNAPSHOT.jar:?]
	at org.apache.hadoop.ozone.container.common.transport.server.ratis.ContainerStateMachine.startTransaction(ContainerStateMachine.java:271) ~[hadoop-hdds-container-service-0.5.0-SNAPSHOT.jar:?]
	at org.apache.ratis.server.impl.RaftServerImpl.submitClientRequestAsync(RaftServerImpl.java:566) ~[ratis-server-0.4.0-2337318-SNAPSHOT.jar:0.4.0-2337318-SNAPSHOT]
	at org.apache.ratis.server.impl.RaftServerProxy.lambda$submitClientRequestAsync$7(RaftServerProxy.java:333) ~[ratis-server-0.4.0-2337318-SNAPSHOT.jar:0.4.0-2337318-SNAPSHOT]
	at org.apache.ratis.server.impl.RaftServerProxy.lambda$null$5(RaftServerProxy.java:328) ~[ratis-server-0.4.0-2337318-SNAPSHOT.jar:0.4.0-2337318-SNAPSHOT]
	at org.apache.ratis.util.JavaUtils.callAsUnchecked(JavaUtils.java:109) ~[ratis-common-0.4.0-2337318-SNAPSHOT.jar:0.4.0-2337318-SNAPSHOT]
	at org.apache.ratis.server.impl.RaftServerProxy.lambda$submitRequest$6(RaftServerProxy.java:328) ~[ratis-server-0.4.0-2337318-SNAPSHOT.jar:0.4.0-2337318-SNAPSHOT]
	at java.util.concurrent.CompletableFuture.uniComposeStage(CompletableFuture.java:981) ~[?:1.8.0_212]
	at java.util.concurrent.CompletableFuture.thenCompose(CompletableFuture.java:2124) ~[?:1.8.0_212]
	at org.apache.ratis.server.impl.RaftServerProxy.submitRequest(RaftServerProxy.java:327) ~[ratis-server-0.4.0-2337318-SNAPSHOT.jar:0.4.0-2337318-SNAPSHOT]
	at org.apache.ratis.server.impl.RaftServerProxy.submitClientRequestAsync(RaftServerProxy.java:333) ~[ratis-server-0.4.0-2337318-SNAPSHOT.jar:0.4.0-2337318-SNAPSHOT]
	at org.apache.ratis.grpc.client.GrpcClientProtocolService$RequestStreamObserver.processClientRequest(GrpcClientProtocolService.java:220) ~[ratis-grpc-0.4.0-2337318-SNAPSHOT.jar:0.4.0-2337318-SNAPSHOT]
	at org.apache.ratis.grpc.client.GrpcClientProtocolService$OrderedRequestStreamObserver.processClientRequest(GrpcClientProtocolService.java:326) ~[ratis-grpc-0.4.0-2337318-SNAPSHOT.jar:0.4.0-2337318-SNAPSHOT]
	at org.apache.ratis.util.SlidingWindow$Server.processRequestsFromHead(SlidingWindow.java:429) [ratis-common-0.4.0-2337318-SNAPSHOT.jar:0.4.0-2337318-SNAPSHOT]
	at org.apache.ratis.util.SlidingWindow$Server.receivedRequest(SlidingWindow.java:421) [ratis-common-0.4.0-2337318-SNAPSHOT.jar:0.4.0-2337318-SNAPSHOT]
	at org.apache.ratis.grpc.client.GrpcClientProtocolService$OrderedRequestStreamObserver.processClientRequest(GrpcClientProtocolService.java:345) [ratis-grpc-0.4.0-2337318-SNAPSHOT.jar:0.4.0-2337318-SNAPSHOT]
	at org.apache.ratis.grpc.client.GrpcClientProtocolService$RequestStreamObserver.onNext(GrpcClientProtocolService.java:240) [ratis-grpc-0.4.0-2337318-SNAPSHOT.jar:0.4.0-2337318-SNAPSHOT]
	at org.apache.ratis.grpc.client.GrpcClientProtocolService$RequestStreamObserver.onNext(GrpcClientProtocolService.java:168) [ratis-grpc-0.4.0-2337318-SNAPSHOT.jar:0.4.0-2337318-SNAPSHOT]
	at org.apache.ratis.thirdparty.io.grpc.stub.ServerCalls$StreamingServerCallHandler$StreamingServerCallListener.onMessage(ServerCalls.java:248) [ratis-thirdparty-misc-0.2.0.jar:0.2.0]
	at org.apache.ratis.thirdparty.io.grpc.internal.ServerCallImpl$ServerStreamListenerImpl.messagesAvailable(ServerCallImpl.java:263) [ratis-thirdparty-misc-0.2.0.jar:0.2.0]
	at org.apache.ratis.thirdparty.io.grpc.internal.ServerImpl$JumpToApplicationThreadServerStreamListener$1MessagesAvailable.runInContext(ServerImpl.java:686) [ratis-thirdparty-misc-0.2.0.jar:0.2.0]
	at org.apache.ratis.thirdparty.io.grpc.internal.ContextRunnable.run(ContextRunnable.java:37) [ratis-thirdparty-misc-0.2.0.jar:0.2.0]
	at org.apache.ratis.thirdparty.io.grpc.internal.SerializingExecutor.run(SerializingExecutor.java:123) [ratis-thirdparty-misc-0.2.0.jar:0.2.0]
	at java.util.concurrent.ThreadPoolExecutor.runWorker(ThreadPoolExecutor.java:1149) [?:1.8.0_212]
	at java.util.concurrent.ThreadPoolExecutor$Worker.run(ThreadPoolExecutor.java:624) [?:1.8.0_212]
	at java.lang.Thread.run(Thread.java:748) [?:1.8.0_212]
10:59:31.346 [grpc-default-executor-0] ERROR DNAudit - user=null | ip=null | op=PUT_BLOCK {blockData=[blockId=conID: 1 locID: 102433788042477569 bcsId: 0,size=2097152]} | ret=FAILURE
org.apache.hadoop.hdds.scm.container.common.helpers.ContainerNotOpenException: Container 1 in CLOSED state
	at org.apache.hadoop.ozone.container.common.impl.HddsDispatcher.validateContainerCommand(HddsDispatcher.java:408) ~[hadoop-hdds-container-service-0.5.0-SNAPSHOT.jar:?]
	at org.apache.hadoop.ozone.container.common.transport.server.ratis.ContainerStateMachine.startTransaction(ContainerStateMachine.java:271) ~[hadoop-hdds-container-service-0.5.0-SNAPSHOT.jar:?]
	at org.apache.ratis.server.impl.RaftServerImpl.submitClientRequestAsync(RaftServerImpl.java:566) ~[ratis-server-0.4.0-2337318-SNAPSHOT.jar:0.4.0-2337318-SNAPSHOT]
	at org.apache.ratis.server.impl.RaftServerProxy.lambda$submitClientRequestAsync$7(RaftServerProxy.java:333) ~[ratis-server-0.4.0-2337318-SNAPSHOT.jar:0.4.0-2337318-SNAPSHOT]
	at org.apache.ratis.server.impl.RaftServerProxy.lambda$null$5(RaftServerProxy.java:328) ~[ratis-server-0.4.0-2337318-SNAPSHOT.jar:0.4.0-2337318-SNAPSHOT]
	at org.apache.ratis.util.JavaUtils.callAsUnchecked(JavaUtils.java:109) ~[ratis-common-0.4.0-2337318-SNAPSHOT.jar:0.4.0-2337318-SNAPSHOT]
	at org.apache.ratis.server.impl.RaftServerProxy.lambda$submitRequest$6(RaftServerProxy.java:328) ~[ratis-server-0.4.0-2337318-SNAPSHOT.jar:0.4.0-2337318-SNAPSHOT]
	at java.util.concurrent.CompletableFuture.uniComposeStage(CompletableFuture.java:981) ~[?:1.8.0_212]
	at java.util.concurrent.CompletableFuture.thenCompose(CompletableFuture.java:2124) ~[?:1.8.0_212]
	at org.apache.ratis.server.impl.RaftServerProxy.submitRequest(RaftServerProxy.java:327) ~[ratis-server-0.4.0-2337318-SNAPSHOT.jar:0.4.0-2337318-SNAPSHOT]
	at org.apache.ratis.server.impl.RaftServerProxy.submitClientRequestAsync(RaftServerProxy.java:333) ~[ratis-server-0.4.0-2337318-SNAPSHOT.jar:0.4.0-2337318-SNAPSHOT]
	at org.apache.ratis.grpc.client.GrpcClientProtocolService$RequestStreamObserver.processClientRequest(GrpcClientProtocolService.java:220) ~[ratis-grpc-0.4.0-2337318-SNAPSHOT.jar:0.4.0-2337318-SNAPSHOT]
	at org.apache.ratis.grpc.client.GrpcClientProtocolService$OrderedRequestStreamObserver.processClientRequest(GrpcClientProtocolService.java:326) ~[ratis-grpc-0.4.0-2337318-SNAPSHOT.jar:0.4.0-2337318-SNAPSHOT]
	at org.apache.ratis.util.SlidingWindow$Server.processRequestsFromHead(SlidingWindow.java:429) [ratis-common-0.4.0-2337318-SNAPSHOT.jar:0.4.0-2337318-SNAPSHOT]
	at org.apache.ratis.util.SlidingWindow$Server.receivedRequest(SlidingWindow.java:421) [ratis-common-0.4.0-2337318-SNAPSHOT.jar:0.4.0-2337318-SNAPSHOT]
	at org.apache.ratis.grpc.client.GrpcClientProtocolService$OrderedRequestStreamObserver.processClientRequest(GrpcClientProtocolService.java:345) [ratis-grpc-0.4.0-2337318-SNAPSHOT.jar:0.4.0-2337318-SNAPSHOT]
	at org.apache.ratis.grpc.client.GrpcClientProtocolService$RequestStreamObserver.onNext(GrpcClientProtocolService.java:240) [ratis-grpc-0.4.0-2337318-SNAPSHOT.jar:0.4.0-2337318-SNAPSHOT]
	at org.apache.ratis.grpc.client.GrpcClientProtocolService$RequestStreamObserver.onNext(GrpcClientProtocolService.java:168) [ratis-grpc-0.4.0-2337318-SNAPSHOT.jar:0.4.0-2337318-SNAPSHOT]
	at org.apache.ratis.thirdparty.io.grpc.stub.ServerCalls$StreamingServerCallHandler$StreamingServerCallListener.onMessage(ServerCalls.java:248) [ratis-thirdparty-misc-0.2.0.jar:0.2.0]
	at org.apache.ratis.thirdparty.io.grpc.internal.ServerCallImpl$ServerStreamListenerImpl.messagesAvailable(ServerCallImpl.java:263) [ratis-thirdparty-misc-0.2.0.jar:0.2.0]
	at org.apache.ratis.thirdparty.io.grpc.internal.ServerImpl$JumpToApplicationThreadServerStreamListener$1MessagesAvailable.runInContext(ServerImpl.java:686) [ratis-thirdparty-misc-0.2.0.jar:0.2.0]
	at org.apache.ratis.thirdparty.io.grpc.internal.ContextRunnable.run(ContextRunnable.java:37) [ratis-thirdparty-misc-0.2.0.jar:0.2.0]
	at org.apache.ratis.thirdparty.io.grpc.internal.SerializingExecutor.run(SerializingExecutor.java:123) [ratis-thirdparty-misc-0.2.0.jar:0.2.0]
	at java.util.concurrent.ThreadPoolExecutor.runWorker(ThreadPoolExecutor.java:1149) [?:1.8.0_212]
	at java.util.concurrent.ThreadPoolExecutor$Worker.run(ThreadPoolExecutor.java:624) [?:1.8.0_212]
	at java.lang.Thread.run(Thread.java:748) [?:1.8.0_212]
2019-07-13 10:59:31,358 INFO  client.GrpcClientProtocolClient (GrpcClientProtocolClient.java:onNext(255)) - client-E51FC8D0D750->0bf649db-c09a-4405-873c-313ea8973ebd: receive RaftClientReply:client-E51FC8D0D750->0bf649db-c09a-4405-873c-313ea8973ebd@group-6812E24DC5FA, cid=15, FAILED org.apache.ratis.protocol.StateMachineException: org.apache.hadoop.hdds.scm.container.common.helpers.ContainerNotOpenException from Server 0bf649db-c09a-4405-873c-313ea8973ebd: Container 1 in CLOSED state, logIndex=0, commits[0bf649db-c09a-4405-873c-313ea8973ebd:c6, c4e2b5c3-ff1f-4a50-a7c3-54cb7a8212be:c5, 3350650c-6992-45d7-aea4-e7b0277db5d9:c5]
2019-07-13 10:59:31,361 INFO  client.GrpcClientProtocolClient (GrpcClientProtocolClient.java:onNext(255)) - client-E51FC8D0D750->0bf649db-c09a-4405-873c-313ea8973ebd: receive RaftClientReply:client-E51FC8D0D750->0bf649db-c09a-4405-873c-313ea8973ebd@group-6812E24DC5FA, cid=16, FAILED org.apache.ratis.protocol.StateMachineException: org.apache.hadoop.hdds.scm.container.common.helpers.ContainerNotOpenException from Server 0bf649db-c09a-4405-873c-313ea8973ebd: Container 1 in CLOSED state, logIndex=0, commits[0bf649db-c09a-4405-873c-313ea8973ebd:c6, c4e2b5c3-ff1f-4a50-a7c3-54cb7a8212be:c5, 3350650c-6992-45d7-aea4-e7b0277db5d9:c5]
2019-07-13 10:59:31,417 INFO  client.GrpcClientProtocolClient (GrpcClientProtocolClient.java:onNext(255)) - client-E4F863CF2CDF->84d6cbd8-10dc-4dfd-94c8-59a57a8a3286: receive RaftClientReply:client-E4F863CF2CDF->84d6cbd8-10dc-4dfd-94c8-59a57a8a3286@group-1674E1DF3074, cid=17, FAILED org.apache.ratis.protocol.NotLeaderException: Server 84d6cbd8-10dc-4dfd-94c8-59a57a8a3286 is not the leader (483d5df8-4905-41e2-a2e5-3e4aa56c3dae:192.168.157.218:44937). Request must be sent to leader., logIndex=0, commits[84d6cbd8-10dc-4dfd-94c8-59a57a8a3286:c0, 483d5df8-4905-41e2-a2e5-3e4aa56c3dae:c0, ce9f14b8-8d16-4df7-b53d-c738df7dd7b1:c-1]
2019-07-13 10:59:31,635 INFO  client.GrpcClientProtocolClient (GrpcClientProtocolClient.java:onNext(255)) - client-E4F863CF2CDF->483d5df8-4905-41e2-a2e5-3e4aa56c3dae: receive RaftClientReply:client-E4F863CF2CDF->483d5df8-4905-41e2-a2e5-3e4aa56c3dae@group-1674E1DF3074, cid=17, SUCCESS, logIndex=1, commits[483d5df8-4905-41e2-a2e5-3e4aa56c3dae:c1, 84d6cbd8-10dc-4dfd-94c8-59a57a8a3286:c0, ce9f14b8-8d16-4df7-b53d-c738df7dd7b1:c0]
2019-07-13 10:59:31,723 INFO  client.GrpcClientProtocolClient (GrpcClientProtocolClient.java:onNext(255)) - client-E4F863CF2CDF->483d5df8-4905-41e2-a2e5-3e4aa56c3dae: receive RaftClientReply:client-E4F863CF2CDF->483d5df8-4905-41e2-a2e5-3e4aa56c3dae@group-1674E1DF3074, cid=18, SUCCESS, logIndex=3, commits[483d5df8-4905-41e2-a2e5-3e4aa56c3dae:c8, 84d6cbd8-10dc-4dfd-94c8-59a57a8a3286:c5, ce9f14b8-8d16-4df7-b53d-c738df7dd7b1:c6]
2019-07-13 10:59:31,728 INFO  client.GrpcClientProtocolClient (GrpcClientProtocolClient.java:onNext(255)) - client-E4F863CF2CDF->483d5df8-4905-41e2-a2e5-3e4aa56c3dae: receive RaftClientReply:client-E4F863CF2CDF->483d5df8-4905-41e2-a2e5-3e4aa56c3dae@group-1674E1DF3074, cid=19, SUCCESS, logIndex=4, commits[483d5df8-4905-41e2-a2e5-3e4aa56c3dae:c8, 84d6cbd8-10dc-4dfd-94c8-59a57a8a3286:c5, ce9f14b8-8d16-4df7-b53d-c738df7dd7b1:c6]
2019-07-13 10:59:31,873 INFO  client.GrpcClientProtocolClient (GrpcClientProtocolClient.java:onNext(255)) - client-E4F863CF2CDF->483d5df8-4905-41e2-a2e5-3e4aa56c3dae: receive RaftClientReply:client-E4F863CF2CDF->483d5df8-4905-41e2-a2e5-3e4aa56c3dae@group-1674E1DF3074, cid=20, SUCCESS, logIndex=5, commits[483d5df8-4905-41e2-a2e5-3e4aa56c3dae:c8, 84d6cbd8-10dc-4dfd-94c8-59a57a8a3286:c5, ce9f14b8-8d16-4df7-b53d-c738df7dd7b1:c6]
2019-07-13 10:59:31,969 INFO  pipeline.Pipeline (Pipeline.java:getProtobufMessage(195)) - Serialize pipeline PipelineID=0fd3aa49-5301-47d0-b99c-1674e1df3074 with nodesInOrder{ }
]]></system-out>
    <system-err><![CDATA[ERROR StatusLogger No Log4j 2 configuration file found. Using default configuration (logging only errors to the console), or user programmatically provided configurations. Set system property 'log4j2.debug' to show Log4j 2 internal initialization logging. See https://logging.apache.org/log4j/2.x/manual/configuration.html for instructions on how to configure Log4j 2
Jul 13, 2019 10:59:16 AM com.sun.jersey.server.impl.application.WebApplicationImpl _initiate
INFO: Initiating Jersey application, version 'Jersey: 1.19 02/11/2015 03:25 AM'
Jul 13, 2019 10:59:17 AM com.sun.jersey.server.impl.application.WebApplicationImpl _initiate
INFO: Initiating Jersey application, version 'Jersey: 1.19 02/11/2015 03:25 AM'
Jul 13, 2019 10:59:18 AM com.sun.jersey.server.impl.application.WebApplicationImpl _initiate
INFO: Initiating Jersey application, version 'Jersey: 1.19 02/11/2015 03:25 AM'
Jul 13, 2019 10:59:18 AM com.sun.jersey.server.impl.application.WebApplicationImpl _initiate
INFO: Initiating Jersey application, version 'Jersey: 1.19 02/11/2015 03:25 AM'
Jul 13, 2019 10:59:18 AM com.sun.jersey.server.impl.application.WebApplicationImpl _initiate
INFO: Initiating Jersey application, version 'Jersey: 1.19 02/11/2015 03:25 AM'
Jul 13, 2019 10:59:18 AM com.sun.jersey.server.impl.application.WebApplicationImpl _initiate
INFO: Initiating Jersey application, version 'Jersey: 1.19 02/11/2015 03:25 AM'
Jul 13, 2019 10:59:18 AM com.sun.jersey.server.impl.application.WebApplicationImpl _initiate
INFO: Initiating Jersey application, version 'Jersey: 1.19 02/11/2015 03:25 AM'
]]></system-err>
  </testcase>
  <testcase name="testBlockWritesWithFlushAndClose" classname="org.apache.hadoop.ozone.client.rpc.TestCloseContainerHandlingByClient" time="2.54">
    <error type="java.lang.IllegalArgumentException">java.lang.IllegalArgumentException
	at com.google.common.base.Preconditions.checkArgument(Preconditions.java:72)
	at org.apache.hadoop.hdds.scm.XceiverClientManager.acquireClient(XceiverClientManager.java:150)
	at org.apache.hadoop.hdds.scm.XceiverClientManager.acquireClientForReadData(XceiverClientManager.java:143)
	at org.apache.hadoop.hdds.scm.storage.BlockInputStream.getChunkInfos(BlockInputStream.java:154)
	at org.apache.hadoop.hdds.scm.storage.BlockInputStream.initialize(BlockInputStream.java:118)
	at org.apache.hadoop.hdds.scm.storage.BlockInputStream.read(BlockInputStream.java:222)
	at org.apache.hadoop.ozone.client.io.KeyInputStream.read(KeyInputStream.java:171)
	at org.apache.hadoop.ozone.client.io.OzoneInputStream.read(OzoneInputStream.java:47)
	at java.io.InputStream.read(InputStream.java:101)
	at org.apache.hadoop.ozone.container.ContainerTestHelper.validateData(ContainerTestHelper.java:709)
	at org.apache.hadoop.ozone.client.rpc.TestCloseContainerHandlingByClient.validateData(TestCloseContainerHandlingByClient.java:401)
	at org.apache.hadoop.ozone.client.rpc.TestCloseContainerHandlingByClient.testBlockWritesWithFlushAndClose(TestCloseContainerHandlingByClient.java:150)
	at sun.reflect.NativeMethodAccessorImpl.invoke0(Native Method)
	at sun.reflect.NativeMethodAccessorImpl.invoke(NativeMethodAccessorImpl.java:62)
	at sun.reflect.DelegatingMethodAccessorImpl.invoke(DelegatingMethodAccessorImpl.java:43)
	at java.lang.reflect.Method.invoke(Method.java:498)
	at org.junit.runners.model.FrameworkMethod$1.runReflectiveCall(FrameworkMethod.java:47)
	at org.junit.internal.runners.model.ReflectiveCallable.run(ReflectiveCallable.java:12)
	at org.junit.runners.model.FrameworkMethod.invokeExplosively(FrameworkMethod.java:44)
	at org.junit.internal.runners.statements.InvokeMethod.evaluate(InvokeMethod.java:17)
	at org.junit.runners.ParentRunner.runLeaf(ParentRunner.java:271)
	at org.junit.runners.BlockJUnit4ClassRunner.runChild(BlockJUnit4ClassRunner.java:70)
	at org.junit.runners.BlockJUnit4ClassRunner.runChild(BlockJUnit4ClassRunner.java:50)
	at org.junit.runners.ParentRunner$3.run(ParentRunner.java:238)
	at org.junit.runners.ParentRunner$1.schedule(ParentRunner.java:63)
	at org.junit.runners.ParentRunner.runChildren(ParentRunner.java:236)
	at org.junit.runners.ParentRunner.access$000(ParentRunner.java:53)
	at org.junit.runners.ParentRunner$2.evaluate(ParentRunner.java:229)
	at org.junit.internal.runners.statements.RunBefores.evaluate(RunBefores.java:26)
	at org.junit.internal.runners.statements.RunAfters.evaluate(RunAfters.java:27)
	at org.junit.runners.ParentRunner.run(ParentRunner.java:309)
	at org.apache.maven.surefire.junit4.JUnit4Provider.execute(JUnit4Provider.java:365)
	at org.apache.maven.surefire.junit4.JUnit4Provider.executeWithRerun(JUnit4Provider.java:273)
	at org.apache.maven.surefire.junit4.JUnit4Provider.executeTestSet(JUnit4Provider.java:238)
	at org.apache.maven.surefire.junit4.JUnit4Provider.invoke(JUnit4Provider.java:159)
	at org.apache.maven.surefire.booter.ForkedBooter.invokeProviderInSameClassLoader(ForkedBooter.java:384)
	at org.apache.maven.surefire.booter.ForkedBooter.runSuitesInProcess(ForkedBooter.java:345)
	at org.apache.maven.surefire.booter.ForkedBooter.execute(ForkedBooter.java:126)
	at org.apache.maven.surefire.booter.ForkedBooter.main(ForkedBooter.java:418)
</error>
    <system-out><![CDATA[2019-07-13 10:59:32,196 INFO  client.GrpcClientProtocolClient (GrpcClientProtocolClient.java:onNext(255)) - client-E4F863CF2CDF->483d5df8-4905-41e2-a2e5-3e4aa56c3dae: receive RaftClientReply:client-E4F863CF2CDF->483d5df8-4905-41e2-a2e5-3e4aa56c3dae@group-1674E1DF3074, cid=21, SUCCESS, logIndex=9, commits[483d5df8-4905-41e2-a2e5-3e4aa56c3dae:c10, 84d6cbd8-10dc-4dfd-94c8-59a57a8a3286:c8, ce9f14b8-8d16-4df7-b53d-c738df7dd7b1:c8]
2019-07-13 10:59:32,259 INFO  client.GrpcClientProtocolClient (GrpcClientProtocolClient.java:onNext(255)) - client-E4F863CF2CDF->483d5df8-4905-41e2-a2e5-3e4aa56c3dae: receive RaftClientReply:client-E4F863CF2CDF->483d5df8-4905-41e2-a2e5-3e4aa56c3dae@group-1674E1DF3074, cid=22, SUCCESS, logIndex=10, commits[483d5df8-4905-41e2-a2e5-3e4aa56c3dae:c12, 84d6cbd8-10dc-4dfd-94c8-59a57a8a3286:c10, ce9f14b8-8d16-4df7-b53d-c738df7dd7b1:c10]
2019-07-13 10:59:32,550 INFO  container.CloseContainerEventHandler (CloseContainerEventHandler.java:onMessage(61)) - Close container Event triggered for container : #3
2019-07-13 10:59:32,551 INFO  container.CloseContainerEventHandler (CloseContainerEventHandler.java:onMessage(61)) - Close container Event triggered for container : #3
2019-07-13 10:59:32,551 INFO  container.CloseContainerEventHandler (CloseContainerEventHandler.java:onMessage(61)) - Close container Event triggered for container : #3
2019-07-13 10:59:33,682 INFO  interfaces.Container (KeyValueContainer.java:compactDB(356)) - Container 3 is closed with bcsId 10.
2019-07-13 10:59:33,698 INFO  interfaces.Container (KeyValueContainer.java:compactDB(356)) - Container 3 is closed with bcsId 10.
2019-07-13 10:59:33,710 INFO  interfaces.Container (KeyValueContainer.java:compactDB(356)) - Container 3 is closed with bcsId 10.
10:59:34.061 [grpc-default-executor-0] ERROR DNAudit - user=null | ip=null | op=WRITE_CHUNK {blockData=conID: 3 locID: 102433788529475588 bcsId: 10} | ret=FAILURE
org.apache.hadoop.hdds.scm.container.common.helpers.ContainerNotOpenException: Container 3 in CLOSED state
	at org.apache.hadoop.ozone.container.common.impl.HddsDispatcher.validateContainerCommand(HddsDispatcher.java:408) ~[hadoop-hdds-container-service-0.5.0-SNAPSHOT.jar:?]
	at org.apache.hadoop.ozone.container.common.transport.server.ratis.ContainerStateMachine.startTransaction(ContainerStateMachine.java:271) ~[hadoop-hdds-container-service-0.5.0-SNAPSHOT.jar:?]
	at org.apache.ratis.server.impl.RaftServerImpl.submitClientRequestAsync(RaftServerImpl.java:566) ~[ratis-server-0.4.0-2337318-SNAPSHOT.jar:0.4.0-2337318-SNAPSHOT]
	at org.apache.ratis.server.impl.RaftServerProxy.lambda$submitClientRequestAsync$7(RaftServerProxy.java:333) ~[ratis-server-0.4.0-2337318-SNAPSHOT.jar:0.4.0-2337318-SNAPSHOT]
	at org.apache.ratis.server.impl.RaftServerProxy.lambda$null$5(RaftServerProxy.java:328) ~[ratis-server-0.4.0-2337318-SNAPSHOT.jar:0.4.0-2337318-SNAPSHOT]
	at org.apache.ratis.util.JavaUtils.callAsUnchecked(JavaUtils.java:109) ~[ratis-common-0.4.0-2337318-SNAPSHOT.jar:0.4.0-2337318-SNAPSHOT]
	at org.apache.ratis.server.impl.RaftServerProxy.lambda$submitRequest$6(RaftServerProxy.java:328) ~[ratis-server-0.4.0-2337318-SNAPSHOT.jar:0.4.0-2337318-SNAPSHOT]
	at java.util.concurrent.CompletableFuture.uniComposeStage(CompletableFuture.java:981) ~[?:1.8.0_212]
	at java.util.concurrent.CompletableFuture.thenCompose(CompletableFuture.java:2124) ~[?:1.8.0_212]
	at org.apache.ratis.server.impl.RaftServerProxy.submitRequest(RaftServerProxy.java:327) ~[ratis-server-0.4.0-2337318-SNAPSHOT.jar:0.4.0-2337318-SNAPSHOT]
	at org.apache.ratis.server.impl.RaftServerProxy.submitClientRequestAsync(RaftServerProxy.java:333) ~[ratis-server-0.4.0-2337318-SNAPSHOT.jar:0.4.0-2337318-SNAPSHOT]
	at org.apache.ratis.grpc.client.GrpcClientProtocolService$RequestStreamObserver.processClientRequest(GrpcClientProtocolService.java:220) ~[ratis-grpc-0.4.0-2337318-SNAPSHOT.jar:0.4.0-2337318-SNAPSHOT]
	at org.apache.ratis.grpc.client.GrpcClientProtocolService$OrderedRequestStreamObserver.processClientRequest(GrpcClientProtocolService.java:326) ~[ratis-grpc-0.4.0-2337318-SNAPSHOT.jar:0.4.0-2337318-SNAPSHOT]
	at org.apache.ratis.util.SlidingWindow$Server.processRequestsFromHead(SlidingWindow.java:429) [ratis-common-0.4.0-2337318-SNAPSHOT.jar:0.4.0-2337318-SNAPSHOT]
	at org.apache.ratis.util.SlidingWindow$Server.receivedRequest(SlidingWindow.java:421) [ratis-common-0.4.0-2337318-SNAPSHOT.jar:0.4.0-2337318-SNAPSHOT]
	at org.apache.ratis.grpc.client.GrpcClientProtocolService$OrderedRequestStreamObserver.processClientRequest(GrpcClientProtocolService.java:345) [ratis-grpc-0.4.0-2337318-SNAPSHOT.jar:0.4.0-2337318-SNAPSHOT]
	at org.apache.ratis.grpc.client.GrpcClientProtocolService$RequestStreamObserver.onNext(GrpcClientProtocolService.java:240) [ratis-grpc-0.4.0-2337318-SNAPSHOT.jar:0.4.0-2337318-SNAPSHOT]
	at org.apache.ratis.grpc.client.GrpcClientProtocolService$RequestStreamObserver.onNext(GrpcClientProtocolService.java:168) [ratis-grpc-0.4.0-2337318-SNAPSHOT.jar:0.4.0-2337318-SNAPSHOT]
	at org.apache.ratis.thirdparty.io.grpc.stub.ServerCalls$StreamingServerCallHandler$StreamingServerCallListener.onMessage(ServerCalls.java:248) [ratis-thirdparty-misc-0.2.0.jar:0.2.0]
	at org.apache.ratis.thirdparty.io.grpc.internal.ServerCallImpl$ServerStreamListenerImpl.messagesAvailable(ServerCallImpl.java:263) [ratis-thirdparty-misc-0.2.0.jar:0.2.0]
	at org.apache.ratis.thirdparty.io.grpc.internal.ServerImpl$JumpToApplicationThreadServerStreamListener$1MessagesAvailable.runInContext(ServerImpl.java:686) [ratis-thirdparty-misc-0.2.0.jar:0.2.0]
	at org.apache.ratis.thirdparty.io.grpc.internal.ContextRunnable.run(ContextRunnable.java:37) [ratis-thirdparty-misc-0.2.0.jar:0.2.0]
	at org.apache.ratis.thirdparty.io.grpc.internal.SerializingExecutor.run(SerializingExecutor.java:123) [ratis-thirdparty-misc-0.2.0.jar:0.2.0]
	at java.util.concurrent.ThreadPoolExecutor.runWorker(ThreadPoolExecutor.java:1149) [?:1.8.0_212]
	at java.util.concurrent.ThreadPoolExecutor$Worker.run(ThreadPoolExecutor.java:624) [?:1.8.0_212]
	at java.lang.Thread.run(Thread.java:748) [?:1.8.0_212]
10:59:34.072 [grpc-default-executor-0] ERROR DNAudit - user=null | ip=null | op=PUT_BLOCK {blockData=[blockId=conID: 3 locID: 102433788529475588 bcsId: 0,size=2097152]} | ret=FAILURE
org.apache.hadoop.hdds.scm.container.common.helpers.ContainerNotOpenException: Container 3 in CLOSED state
	at org.apache.hadoop.ozone.container.common.impl.HddsDispatcher.validateContainerCommand(HddsDispatcher.java:408) ~[hadoop-hdds-container-service-0.5.0-SNAPSHOT.jar:?]
	at org.apache.hadoop.ozone.container.common.transport.server.ratis.ContainerStateMachine.startTransaction(ContainerStateMachine.java:271) ~[hadoop-hdds-container-service-0.5.0-SNAPSHOT.jar:?]
	at org.apache.ratis.server.impl.RaftServerImpl.submitClientRequestAsync(RaftServerImpl.java:566) ~[ratis-server-0.4.0-2337318-SNAPSHOT.jar:0.4.0-2337318-SNAPSHOT]
	at org.apache.ratis.server.impl.RaftServerProxy.lambda$submitClientRequestAsync$7(RaftServerProxy.java:333) ~[ratis-server-0.4.0-2337318-SNAPSHOT.jar:0.4.0-2337318-SNAPSHOT]
	at org.apache.ratis.server.impl.RaftServerProxy.lambda$null$5(RaftServerProxy.java:328) ~[ratis-server-0.4.0-2337318-SNAPSHOT.jar:0.4.0-2337318-SNAPSHOT]
	at org.apache.ratis.util.JavaUtils.callAsUnchecked(JavaUtils.java:109) ~[ratis-common-0.4.0-2337318-SNAPSHOT.jar:0.4.0-2337318-SNAPSHOT]
	at org.apache.ratis.server.impl.RaftServerProxy.lambda$submitRequest$6(RaftServerProxy.java:328) ~[ratis-server-0.4.0-2337318-SNAPSHOT.jar:0.4.0-2337318-SNAPSHOT]
	at java.util.concurrent.CompletableFuture.uniComposeStage(CompletableFuture.java:981) ~[?:1.8.0_212]
	at java.util.concurrent.CompletableFuture.thenCompose(CompletableFuture.java:2124) ~[?:1.8.0_212]
	at org.apache.ratis.server.impl.RaftServerProxy.submitRequest(RaftServerProxy.java:327) ~[ratis-server-0.4.0-2337318-SNAPSHOT.jar:0.4.0-2337318-SNAPSHOT]
	at org.apache.ratis.server.impl.RaftServerProxy.submitClientRequestAsync(RaftServerProxy.java:333) ~[ratis-server-0.4.0-2337318-SNAPSHOT.jar:0.4.0-2337318-SNAPSHOT]
	at org.apache.ratis.grpc.client.GrpcClientProtocolService$RequestStreamObserver.processClientRequest(GrpcClientProtocolService.java:220) ~[ratis-grpc-0.4.0-2337318-SNAPSHOT.jar:0.4.0-2337318-SNAPSHOT]
	at org.apache.ratis.grpc.client.GrpcClientProtocolService$OrderedRequestStreamObserver.processClientRequest(GrpcClientProtocolService.java:326) ~[ratis-grpc-0.4.0-2337318-SNAPSHOT.jar:0.4.0-2337318-SNAPSHOT]
	at org.apache.ratis.util.SlidingWindow$Server.processRequestsFromHead(SlidingWindow.java:429) [ratis-common-0.4.0-2337318-SNAPSHOT.jar:0.4.0-2337318-SNAPSHOT]
	at org.apache.ratis.util.SlidingWindow$Server.receivedRequest(SlidingWindow.java:421) [ratis-common-0.4.0-2337318-SNAPSHOT.jar:0.4.0-2337318-SNAPSHOT]
	at org.apache.ratis.grpc.client.GrpcClientProtocolService$OrderedRequestStreamObserver.processClientRequest(GrpcClientProtocolService.java:345) [ratis-grpc-0.4.0-2337318-SNAPSHOT.jar:0.4.0-2337318-SNAPSHOT]
	at org.apache.ratis.grpc.client.GrpcClientProtocolService$RequestStreamObserver.onNext(GrpcClientProtocolService.java:240) [ratis-grpc-0.4.0-2337318-SNAPSHOT.jar:0.4.0-2337318-SNAPSHOT]
	at org.apache.ratis.grpc.client.GrpcClientProtocolService$RequestStreamObserver.onNext(GrpcClientProtocolService.java:168) [ratis-grpc-0.4.0-2337318-SNAPSHOT.jar:0.4.0-2337318-SNAPSHOT]
	at org.apache.ratis.thirdparty.io.grpc.stub.ServerCalls$StreamingServerCallHandler$StreamingServerCallListener.onMessage(ServerCalls.java:248) [ratis-thirdparty-misc-0.2.0.jar:0.2.0]
	at org.apache.ratis.thirdparty.io.grpc.internal.ServerCallImpl$ServerStreamListenerImpl.messagesAvailable(ServerCallImpl.java:263) [ratis-thirdparty-misc-0.2.0.jar:0.2.0]
	at org.apache.ratis.thirdparty.io.grpc.internal.ServerImpl$JumpToApplicationThreadServerStreamListener$1MessagesAvailable.runInContext(ServerImpl.java:686) [ratis-thirdparty-misc-0.2.0.jar:0.2.0]
	at org.apache.ratis.thirdparty.io.grpc.internal.ContextRunnable.run(ContextRunnable.java:37) [ratis-thirdparty-misc-0.2.0.jar:0.2.0]
	at org.apache.ratis.thirdparty.io.grpc.internal.SerializingExecutor.run(SerializingExecutor.java:123) [ratis-thirdparty-misc-0.2.0.jar:0.2.0]
	at java.util.concurrent.ThreadPoolExecutor.runWorker(ThreadPoolExecutor.java:1149) [?:1.8.0_212]
	at java.util.concurrent.ThreadPoolExecutor$Worker.run(ThreadPoolExecutor.java:624) [?:1.8.0_212]
	at java.lang.Thread.run(Thread.java:748) [?:1.8.0_212]
2019-07-13 10:59:34,078 INFO  client.GrpcClientProtocolClient (GrpcClientProtocolClient.java:onNext(255)) - client-E4F863CF2CDF->483d5df8-4905-41e2-a2e5-3e4aa56c3dae: receive RaftClientReply:client-E4F863CF2CDF->483d5df8-4905-41e2-a2e5-3e4aa56c3dae@group-1674E1DF3074, cid=23, FAILED org.apache.ratis.protocol.StateMachineException: org.apache.hadoop.hdds.scm.container.common.helpers.ContainerNotOpenException from Server 483d5df8-4905-41e2-a2e5-3e4aa56c3dae: Container 3 in CLOSED state, logIndex=0, commits[483d5df8-4905-41e2-a2e5-3e4aa56c3dae:c14, 84d6cbd8-10dc-4dfd-94c8-59a57a8a3286:c13, ce9f14b8-8d16-4df7-b53d-c738df7dd7b1:c13]
2019-07-13 10:59:34,081 INFO  client.GrpcClientProtocolClient (GrpcClientProtocolClient.java:onNext(255)) - client-E4F863CF2CDF->483d5df8-4905-41e2-a2e5-3e4aa56c3dae: receive RaftClientReply:client-E4F863CF2CDF->483d5df8-4905-41e2-a2e5-3e4aa56c3dae@group-1674E1DF3074, cid=24, FAILED org.apache.ratis.protocol.StateMachineException: org.apache.hadoop.hdds.scm.container.common.helpers.ContainerNotOpenException from Server 483d5df8-4905-41e2-a2e5-3e4aa56c3dae: Container 3 in CLOSED state, logIndex=0, commits[483d5df8-4905-41e2-a2e5-3e4aa56c3dae:c14, 84d6cbd8-10dc-4dfd-94c8-59a57a8a3286:c13, ce9f14b8-8d16-4df7-b53d-c738df7dd7b1:c13]
2019-07-13 10:59:34,267 INFO  client.GrpcClientProtocolClient (GrpcClientProtocolClient.java:onNext(255)) - client-E4F863CF2CDF->483d5df8-4905-41e2-a2e5-3e4aa56c3dae: receive RaftClientReply:client-E4F863CF2CDF->483d5df8-4905-41e2-a2e5-3e4aa56c3dae@group-1674E1DF3074, cid=25, SUCCESS, logIndex=15, commits[483d5df8-4905-41e2-a2e5-3e4aa56c3dae:c18, 84d6cbd8-10dc-4dfd-94c8-59a57a8a3286:c14, ce9f14b8-8d16-4df7-b53d-c738df7dd7b1:c14]
2019-07-13 10:59:34,351 INFO  client.GrpcClientProtocolClient (GrpcClientProtocolClient.java:onNext(255)) - client-E4F863CF2CDF->483d5df8-4905-41e2-a2e5-3e4aa56c3dae: receive RaftClientReply:client-E4F863CF2CDF->483d5df8-4905-41e2-a2e5-3e4aa56c3dae@group-1674E1DF3074, cid=26, SUCCESS, logIndex=16, commits[483d5df8-4905-41e2-a2e5-3e4aa56c3dae:c21, 84d6cbd8-10dc-4dfd-94c8-59a57a8a3286:c18, ce9f14b8-8d16-4df7-b53d-c738df7dd7b1:c18]
2019-07-13 10:59:34,352 INFO  client.GrpcClientProtocolClient (GrpcClientProtocolClient.java:onNext(255)) - client-E4F863CF2CDF->483d5df8-4905-41e2-a2e5-3e4aa56c3dae: receive RaftClientReply:client-E4F863CF2CDF->483d5df8-4905-41e2-a2e5-3e4aa56c3dae@group-1674E1DF3074, cid=27, SUCCESS, logIndex=17, commits[483d5df8-4905-41e2-a2e5-3e4aa56c3dae:c21, 84d6cbd8-10dc-4dfd-94c8-59a57a8a3286:c18, ce9f14b8-8d16-4df7-b53d-c738df7dd7b1:c18]
2019-07-13 10:59:34,474 INFO  client.GrpcClientProtocolClient (GrpcClientProtocolClient.java:onNext(255)) - client-E4F863CF2CDF->483d5df8-4905-41e2-a2e5-3e4aa56c3dae: receive RaftClientReply:client-E4F863CF2CDF->483d5df8-4905-41e2-a2e5-3e4aa56c3dae@group-1674E1DF3074, cid=28, SUCCESS, logIndex=18, commits[483d5df8-4905-41e2-a2e5-3e4aa56c3dae:c21, 84d6cbd8-10dc-4dfd-94c8-59a57a8a3286:c18, ce9f14b8-8d16-4df7-b53d-c738df7dd7b1:c18]
2019-07-13 10:59:34,510 INFO  pipeline.Pipeline (Pipeline.java:getProtobufMessage(195)) - Serialize pipeline PipelineID=0fd3aa49-5301-47d0-b99c-1674e1df3074 with nodesInOrder{ }
]]></system-out>
  </testcase>
  <testcase name="testBlockWritesCloseConsistency" classname="org.apache.hadoop.ozone.client.rpc.TestCloseContainerHandlingByClient" time="2.93">
    <error type="java.lang.IllegalArgumentException">java.lang.IllegalArgumentException
	at com.google.common.base.Preconditions.checkArgument(Preconditions.java:72)
	at org.apache.hadoop.hdds.scm.XceiverClientManager.acquireClient(XceiverClientManager.java:150)
	at org.apache.hadoop.hdds.scm.XceiverClientManager.acquireClientForReadData(XceiverClientManager.java:143)
	at org.apache.hadoop.hdds.scm.storage.BlockInputStream.getChunkInfos(BlockInputStream.java:154)
	at org.apache.hadoop.hdds.scm.storage.BlockInputStream.initialize(BlockInputStream.java:118)
	at org.apache.hadoop.hdds.scm.storage.BlockInputStream.read(BlockInputStream.java:222)
	at org.apache.hadoop.ozone.client.io.KeyInputStream.read(KeyInputStream.java:171)
	at org.apache.hadoop.ozone.client.io.OzoneInputStream.read(OzoneInputStream.java:47)
	at java.io.InputStream.read(InputStream.java:101)
	at org.apache.hadoop.ozone.container.ContainerTestHelper.validateData(ContainerTestHelper.java:709)
	at org.apache.hadoop.ozone.client.rpc.TestCloseContainerHandlingByClient.validateData(TestCloseContainerHandlingByClient.java:401)
	at org.apache.hadoop.ozone.client.rpc.TestCloseContainerHandlingByClient.testBlockWritesCloseConsistency(TestCloseContainerHandlingByClient.java:178)
	at sun.reflect.NativeMethodAccessorImpl.invoke0(Native Method)
	at sun.reflect.NativeMethodAccessorImpl.invoke(NativeMethodAccessorImpl.java:62)
	at sun.reflect.DelegatingMethodAccessorImpl.invoke(DelegatingMethodAccessorImpl.java:43)
	at java.lang.reflect.Method.invoke(Method.java:498)
	at org.junit.runners.model.FrameworkMethod$1.runReflectiveCall(FrameworkMethod.java:47)
	at org.junit.internal.runners.model.ReflectiveCallable.run(ReflectiveCallable.java:12)
	at org.junit.runners.model.FrameworkMethod.invokeExplosively(FrameworkMethod.java:44)
	at org.junit.internal.runners.statements.InvokeMethod.evaluate(InvokeMethod.java:17)
	at org.junit.runners.ParentRunner.runLeaf(ParentRunner.java:271)
	at org.junit.runners.BlockJUnit4ClassRunner.runChild(BlockJUnit4ClassRunner.java:70)
	at org.junit.runners.BlockJUnit4ClassRunner.runChild(BlockJUnit4ClassRunner.java:50)
	at org.junit.runners.ParentRunner$3.run(ParentRunner.java:238)
	at org.junit.runners.ParentRunner$1.schedule(ParentRunner.java:63)
	at org.junit.runners.ParentRunner.runChildren(ParentRunner.java:236)
	at org.junit.runners.ParentRunner.access$000(ParentRunner.java:53)
	at org.junit.runners.ParentRunner$2.evaluate(ParentRunner.java:229)
	at org.junit.internal.runners.statements.RunBefores.evaluate(RunBefores.java:26)
	at org.junit.internal.runners.statements.RunAfters.evaluate(RunAfters.java:27)
	at org.junit.runners.ParentRunner.run(ParentRunner.java:309)
	at org.apache.maven.surefire.junit4.JUnit4Provider.execute(JUnit4Provider.java:365)
	at org.apache.maven.surefire.junit4.JUnit4Provider.executeWithRerun(JUnit4Provider.java:273)
	at org.apache.maven.surefire.junit4.JUnit4Provider.executeTestSet(JUnit4Provider.java:238)
	at org.apache.maven.surefire.junit4.JUnit4Provider.invoke(JUnit4Provider.java:159)
	at org.apache.maven.surefire.booter.ForkedBooter.invokeProviderInSameClassLoader(ForkedBooter.java:384)
	at org.apache.maven.surefire.booter.ForkedBooter.runSuitesInProcess(ForkedBooter.java:345)
	at org.apache.maven.surefire.booter.ForkedBooter.execute(ForkedBooter.java:126)
	at org.apache.maven.surefire.booter.ForkedBooter.main(ForkedBooter.java:418)
</error>
    <system-out><![CDATA[2019-07-13 10:59:34,744 INFO  client.GrpcClientProtocolClient (GrpcClientProtocolClient.java:onNext(255)) - client-E4F863CF2CDF->483d5df8-4905-41e2-a2e5-3e4aa56c3dae: receive RaftClientReply:client-E4F863CF2CDF->483d5df8-4905-41e2-a2e5-3e4aa56c3dae@group-1674E1DF3074, cid=29, SUCCESS, logIndex=22, commits[483d5df8-4905-41e2-a2e5-3e4aa56c3dae:c23, 84d6cbd8-10dc-4dfd-94c8-59a57a8a3286:c21, ce9f14b8-8d16-4df7-b53d-c738df7dd7b1:c21]
2019-07-13 10:59:34,810 INFO  client.GrpcClientProtocolClient (GrpcClientProtocolClient.java:onNext(255)) - client-E4F863CF2CDF->483d5df8-4905-41e2-a2e5-3e4aa56c3dae: receive RaftClientReply:client-E4F863CF2CDF->483d5df8-4905-41e2-a2e5-3e4aa56c3dae@group-1674E1DF3074, cid=30, SUCCESS, logIndex=23, commits[483d5df8-4905-41e2-a2e5-3e4aa56c3dae:c25, 84d6cbd8-10dc-4dfd-94c8-59a57a8a3286:c23, ce9f14b8-8d16-4df7-b53d-c738df7dd7b1:c23]
2019-07-13 10:59:35,075 INFO  container.CloseContainerEventHandler (CloseContainerEventHandler.java:onMessage(61)) - Close container Event triggered for container : #5
2019-07-13 10:59:35,076 INFO  container.CloseContainerEventHandler (CloseContainerEventHandler.java:onMessage(61)) - Close container Event triggered for container : #5
2019-07-13 10:59:35,076 INFO  container.CloseContainerEventHandler (CloseContainerEventHandler.java:onMessage(61)) - Close container Event triggered for container : #5
2019-07-13 10:59:36,801 INFO  interfaces.Container (KeyValueContainer.java:compactDB(356)) - Container 5 is closed with bcsId 23.
2019-07-13 10:59:36,815 INFO  interfaces.Container (KeyValueContainer.java:compactDB(356)) - Container 5 is closed with bcsId 23.
2019-07-13 10:59:36,837 INFO  interfaces.Container (KeyValueContainer.java:compactDB(356)) - Container 5 is closed with bcsId 23.
10:59:37.081 [grpc-default-executor-0] ERROR DNAudit - user=null | ip=null | op=WRITE_CHUNK {blockData=conID: 5 locID: 102433788694888455 bcsId: 23} | ret=FAILURE
org.apache.hadoop.hdds.scm.container.common.helpers.ContainerNotOpenException: Container 5 in CLOSED state
	at org.apache.hadoop.ozone.container.common.impl.HddsDispatcher.validateContainerCommand(HddsDispatcher.java:408) ~[hadoop-hdds-container-service-0.5.0-SNAPSHOT.jar:?]
	at org.apache.hadoop.ozone.container.common.transport.server.ratis.ContainerStateMachine.startTransaction(ContainerStateMachine.java:271) ~[hadoop-hdds-container-service-0.5.0-SNAPSHOT.jar:?]
	at org.apache.ratis.server.impl.RaftServerImpl.submitClientRequestAsync(RaftServerImpl.java:566) ~[ratis-server-0.4.0-2337318-SNAPSHOT.jar:0.4.0-2337318-SNAPSHOT]
	at org.apache.ratis.server.impl.RaftServerProxy.lambda$submitClientRequestAsync$7(RaftServerProxy.java:333) ~[ratis-server-0.4.0-2337318-SNAPSHOT.jar:0.4.0-2337318-SNAPSHOT]
	at org.apache.ratis.server.impl.RaftServerProxy.lambda$null$5(RaftServerProxy.java:328) ~[ratis-server-0.4.0-2337318-SNAPSHOT.jar:0.4.0-2337318-SNAPSHOT]
	at org.apache.ratis.util.JavaUtils.callAsUnchecked(JavaUtils.java:109) ~[ratis-common-0.4.0-2337318-SNAPSHOT.jar:0.4.0-2337318-SNAPSHOT]
	at org.apache.ratis.server.impl.RaftServerProxy.lambda$submitRequest$6(RaftServerProxy.java:328) ~[ratis-server-0.4.0-2337318-SNAPSHOT.jar:0.4.0-2337318-SNAPSHOT]
	at java.util.concurrent.CompletableFuture.uniComposeStage(CompletableFuture.java:981) ~[?:1.8.0_212]
	at java.util.concurrent.CompletableFuture.thenCompose(CompletableFuture.java:2124) ~[?:1.8.0_212]
	at org.apache.ratis.server.impl.RaftServerProxy.submitRequest(RaftServerProxy.java:327) ~[ratis-server-0.4.0-2337318-SNAPSHOT.jar:0.4.0-2337318-SNAPSHOT]
	at org.apache.ratis.server.impl.RaftServerProxy.submitClientRequestAsync(RaftServerProxy.java:333) ~[ratis-server-0.4.0-2337318-SNAPSHOT.jar:0.4.0-2337318-SNAPSHOT]
	at org.apache.ratis.grpc.client.GrpcClientProtocolService$RequestStreamObserver.processClientRequest(GrpcClientProtocolService.java:220) ~[ratis-grpc-0.4.0-2337318-SNAPSHOT.jar:0.4.0-2337318-SNAPSHOT]
	at org.apache.ratis.grpc.client.GrpcClientProtocolService$OrderedRequestStreamObserver.processClientRequest(GrpcClientProtocolService.java:326) ~[ratis-grpc-0.4.0-2337318-SNAPSHOT.jar:0.4.0-2337318-SNAPSHOT]
	at org.apache.ratis.util.SlidingWindow$Server.processRequestsFromHead(SlidingWindow.java:429) [ratis-common-0.4.0-2337318-SNAPSHOT.jar:0.4.0-2337318-SNAPSHOT]
	at org.apache.ratis.util.SlidingWindow$Server.receivedRequest(SlidingWindow.java:421) [ratis-common-0.4.0-2337318-SNAPSHOT.jar:0.4.0-2337318-SNAPSHOT]
	at org.apache.ratis.grpc.client.GrpcClientProtocolService$OrderedRequestStreamObserver.processClientRequest(GrpcClientProtocolService.java:345) [ratis-grpc-0.4.0-2337318-SNAPSHOT.jar:0.4.0-2337318-SNAPSHOT]
	at org.apache.ratis.grpc.client.GrpcClientProtocolService$RequestStreamObserver.onNext(GrpcClientProtocolService.java:240) [ratis-grpc-0.4.0-2337318-SNAPSHOT.jar:0.4.0-2337318-SNAPSHOT]
	at org.apache.ratis.grpc.client.GrpcClientProtocolService$RequestStreamObserver.onNext(GrpcClientProtocolService.java:168) [ratis-grpc-0.4.0-2337318-SNAPSHOT.jar:0.4.0-2337318-SNAPSHOT]
	at org.apache.ratis.thirdparty.io.grpc.stub.ServerCalls$StreamingServerCallHandler$StreamingServerCallListener.onMessage(ServerCalls.java:248) [ratis-thirdparty-misc-0.2.0.jar:0.2.0]
	at org.apache.ratis.thirdparty.io.grpc.internal.ServerCallImpl$ServerStreamListenerImpl.messagesAvailable(ServerCallImpl.java:263) [ratis-thirdparty-misc-0.2.0.jar:0.2.0]
	at org.apache.ratis.thirdparty.io.grpc.internal.ServerImpl$JumpToApplicationThreadServerStreamListener$1MessagesAvailable.runInContext(ServerImpl.java:686) [ratis-thirdparty-misc-0.2.0.jar:0.2.0]
	at org.apache.ratis.thirdparty.io.grpc.internal.ContextRunnable.run(ContextRunnable.java:37) [ratis-thirdparty-misc-0.2.0.jar:0.2.0]
	at org.apache.ratis.thirdparty.io.grpc.internal.SerializingExecutor.run(SerializingExecutor.java:123) [ratis-thirdparty-misc-0.2.0.jar:0.2.0]
	at java.util.concurrent.ThreadPoolExecutor.runWorker(ThreadPoolExecutor.java:1149) [?:1.8.0_212]
	at java.util.concurrent.ThreadPoolExecutor$Worker.run(ThreadPoolExecutor.java:624) [?:1.8.0_212]
	at java.lang.Thread.run(Thread.java:748) [?:1.8.0_212]
10:59:37.090 [grpc-default-executor-0] ERROR DNAudit - user=null | ip=null | op=PUT_BLOCK {blockData=[blockId=conID: 5 locID: 102433788694888455 bcsId: 0,size=1572864]} | ret=FAILURE
org.apache.hadoop.hdds.scm.container.common.helpers.ContainerNotOpenException: Container 5 in CLOSED state
	at org.apache.hadoop.ozone.container.common.impl.HddsDispatcher.validateContainerCommand(HddsDispatcher.java:408) ~[hadoop-hdds-container-service-0.5.0-SNAPSHOT.jar:?]
	at org.apache.hadoop.ozone.container.common.transport.server.ratis.ContainerStateMachine.startTransaction(ContainerStateMachine.java:271) ~[hadoop-hdds-container-service-0.5.0-SNAPSHOT.jar:?]
	at org.apache.ratis.server.impl.RaftServerImpl.submitClientRequestAsync(RaftServerImpl.java:566) ~[ratis-server-0.4.0-2337318-SNAPSHOT.jar:0.4.0-2337318-SNAPSHOT]
	at org.apache.ratis.server.impl.RaftServerProxy.lambda$submitClientRequestAsync$7(RaftServerProxy.java:333) ~[ratis-server-0.4.0-2337318-SNAPSHOT.jar:0.4.0-2337318-SNAPSHOT]
	at org.apache.ratis.server.impl.RaftServerProxy.lambda$null$5(RaftServerProxy.java:328) ~[ratis-server-0.4.0-2337318-SNAPSHOT.jar:0.4.0-2337318-SNAPSHOT]
	at org.apache.ratis.util.JavaUtils.callAsUnchecked(JavaUtils.java:109) ~[ratis-common-0.4.0-2337318-SNAPSHOT.jar:0.4.0-2337318-SNAPSHOT]
	at org.apache.ratis.server.impl.RaftServerProxy.lambda$submitRequest$6(RaftServerProxy.java:328) ~[ratis-server-0.4.0-2337318-SNAPSHOT.jar:0.4.0-2337318-SNAPSHOT]
	at java.util.concurrent.CompletableFuture.uniComposeStage(CompletableFuture.java:981) ~[?:1.8.0_212]
	at java.util.concurrent.CompletableFuture.thenCompose(CompletableFuture.java:2124) ~[?:1.8.0_212]
	at org.apache.ratis.server.impl.RaftServerProxy.submitRequest(RaftServerProxy.java:327) ~[ratis-server-0.4.0-2337318-SNAPSHOT.jar:0.4.0-2337318-SNAPSHOT]
	at org.apache.ratis.server.impl.RaftServerProxy.submitClientRequestAsync(RaftServerProxy.java:333) ~[ratis-server-0.4.0-2337318-SNAPSHOT.jar:0.4.0-2337318-SNAPSHOT]
	at org.apache.ratis.grpc.client.GrpcClientProtocolService$RequestStreamObserver.processClientRequest(GrpcClientProtocolService.java:220) ~[ratis-grpc-0.4.0-2337318-SNAPSHOT.jar:0.4.0-2337318-SNAPSHOT]
	at org.apache.ratis.grpc.client.GrpcClientProtocolService$OrderedRequestStreamObserver.processClientRequest(GrpcClientProtocolService.java:326) ~[ratis-grpc-0.4.0-2337318-SNAPSHOT.jar:0.4.0-2337318-SNAPSHOT]
	at org.apache.ratis.util.SlidingWindow$Server.processRequestsFromHead(SlidingWindow.java:429) [ratis-common-0.4.0-2337318-SNAPSHOT.jar:0.4.0-2337318-SNAPSHOT]
	at org.apache.ratis.util.SlidingWindow$Server.receivedRequest(SlidingWindow.java:421) [ratis-common-0.4.0-2337318-SNAPSHOT.jar:0.4.0-2337318-SNAPSHOT]
	at org.apache.ratis.grpc.client.GrpcClientProtocolService$OrderedRequestStreamObserver.processClientRequest(GrpcClientProtocolService.java:345) [ratis-grpc-0.4.0-2337318-SNAPSHOT.jar:0.4.0-2337318-SNAPSHOT]
	at org.apache.ratis.grpc.client.GrpcClientProtocolService$RequestStreamObserver.onNext(GrpcClientProtocolService.java:240) [ratis-grpc-0.4.0-2337318-SNAPSHOT.jar:0.4.0-2337318-SNAPSHOT]
	at org.apache.ratis.grpc.client.GrpcClientProtocolService$RequestStreamObserver.onNext(GrpcClientProtocolService.java:168) [ratis-grpc-0.4.0-2337318-SNAPSHOT.jar:0.4.0-2337318-SNAPSHOT]
	at org.apache.ratis.thirdparty.io.grpc.stub.ServerCalls$StreamingServerCallHandler$StreamingServerCallListener.onMessage(ServerCalls.java:248) [ratis-thirdparty-misc-0.2.0.jar:0.2.0]
	at org.apache.ratis.thirdparty.io.grpc.internal.ServerCallImpl$ServerStreamListenerImpl.messagesAvailable(ServerCallImpl.java:263) [ratis-thirdparty-misc-0.2.0.jar:0.2.0]
	at org.apache.ratis.thirdparty.io.grpc.internal.ServerImpl$JumpToApplicationThreadServerStreamListener$1MessagesAvailable.runInContext(ServerImpl.java:686) [ratis-thirdparty-misc-0.2.0.jar:0.2.0]
	at org.apache.ratis.thirdparty.io.grpc.internal.ContextRunnable.run(ContextRunnable.java:37) [ratis-thirdparty-misc-0.2.0.jar:0.2.0]
	at org.apache.ratis.thirdparty.io.grpc.internal.SerializingExecutor.run(SerializingExecutor.java:123) [ratis-thirdparty-misc-0.2.0.jar:0.2.0]
	at java.util.concurrent.ThreadPoolExecutor.runWorker(ThreadPoolExecutor.java:1149) [?:1.8.0_212]
	at java.util.concurrent.ThreadPoolExecutor$Worker.run(ThreadPoolExecutor.java:624) [?:1.8.0_212]
	at java.lang.Thread.run(Thread.java:748) [?:1.8.0_212]
2019-07-13 10:59:37,097 INFO  client.GrpcClientProtocolClient (GrpcClientProtocolClient.java:onNext(255)) - client-E4F863CF2CDF->483d5df8-4905-41e2-a2e5-3e4aa56c3dae: receive RaftClientReply:client-E4F863CF2CDF->483d5df8-4905-41e2-a2e5-3e4aa56c3dae@group-1674E1DF3074, cid=31, FAILED org.apache.ratis.protocol.StateMachineException: org.apache.hadoop.hdds.scm.container.common.helpers.ContainerNotOpenException from Server 483d5df8-4905-41e2-a2e5-3e4aa56c3dae: Container 5 in CLOSED state, logIndex=0, commits[483d5df8-4905-41e2-a2e5-3e4aa56c3dae:c27, 84d6cbd8-10dc-4dfd-94c8-59a57a8a3286:c26, ce9f14b8-8d16-4df7-b53d-c738df7dd7b1:c26]
2019-07-13 10:59:37,100 INFO  client.GrpcClientProtocolClient (GrpcClientProtocolClient.java:onNext(255)) - client-E4F863CF2CDF->483d5df8-4905-41e2-a2e5-3e4aa56c3dae: receive RaftClientReply:client-E4F863CF2CDF->483d5df8-4905-41e2-a2e5-3e4aa56c3dae@group-1674E1DF3074, cid=32, FAILED org.apache.ratis.protocol.StateMachineException: org.apache.hadoop.hdds.scm.container.common.helpers.ContainerNotOpenException from Server 483d5df8-4905-41e2-a2e5-3e4aa56c3dae: Container 5 in CLOSED state, logIndex=0, commits[483d5df8-4905-41e2-a2e5-3e4aa56c3dae:c27, 84d6cbd8-10dc-4dfd-94c8-59a57a8a3286:c26, ce9f14b8-8d16-4df7-b53d-c738df7dd7b1:c26]
2019-07-13 10:59:37,145 INFO  client.GrpcClientProtocolClient (GrpcClientProtocolClient.java:onNext(255)) - client-7D590E259A6E->3350650c-6992-45d7-aea4-e7b0277db5d9: receive RaftClientReply:client-7D590E259A6E->3350650c-6992-45d7-aea4-e7b0277db5d9@group-6812E24DC5FA, cid=33, FAILED org.apache.ratis.protocol.NotLeaderException: Server 3350650c-6992-45d7-aea4-e7b0277db5d9 is not the leader (0bf649db-c09a-4405-873c-313ea8973ebd:192.168.157.218:32780). Request must be sent to leader., logIndex=0, commits[3350650c-6992-45d7-aea4-e7b0277db5d9:c6, 0bf649db-c09a-4405-873c-313ea8973ebd:c6, c4e2b5c3-ff1f-4a50-a7c3-54cb7a8212be:c6]
2019-07-13 10:59:37,322 INFO  client.GrpcClientProtocolClient (GrpcClientProtocolClient.java:onNext(255)) - client-7D590E259A6E->0bf649db-c09a-4405-873c-313ea8973ebd: receive RaftClientReply:client-7D590E259A6E->0bf649db-c09a-4405-873c-313ea8973ebd@group-6812E24DC5FA, cid=33, SUCCESS, logIndex=7, commits[0bf649db-c09a-4405-873c-313ea8973ebd:c7, c4e2b5c3-ff1f-4a50-a7c3-54cb7a8212be:c6, 3350650c-6992-45d7-aea4-e7b0277db5d9:c6]
2019-07-13 10:59:37,411 INFO  client.GrpcClientProtocolClient (GrpcClientProtocolClient.java:onNext(255)) - client-7D590E259A6E->0bf649db-c09a-4405-873c-313ea8973ebd: receive RaftClientReply:client-7D590E259A6E->0bf649db-c09a-4405-873c-313ea8973ebd@group-6812E24DC5FA, cid=34, SUCCESS, logIndex=9, commits[0bf649db-c09a-4405-873c-313ea8973ebd:c10, c4e2b5c3-ff1f-4a50-a7c3-54cb7a8212be:c9, 3350650c-6992-45d7-aea4-e7b0277db5d9:c9]
2019-07-13 10:59:37,436 INFO  pipeline.Pipeline (Pipeline.java:getProtobufMessage(195)) - Serialize pipeline PipelineID=1e978ad6-7d76-4e80-a860-6812e24dc5fa with nodesInOrder{ }
2019-07-13 10:59:37,458 INFO  pipeline.Pipeline (Pipeline.java:build(342)) - Deserialize nodesInOrder [3350650c-6992-45d7-aea4-e7b0277db5d9{ip: 192.168.157.218, host: trunk-nightly-qcxv8-4293026562, networkLocation: /default-rack, certSerialId: null}, 3350650c-6992-45d7-aea4-e7b0277db5d9{ip: 192.168.157.218, host: trunk-nightly-qcxv8-4293026562, networkLocation: /default-rack, certSerialId: null}, 3350650c-6992-45d7-aea4-e7b0277db5d9{ip: 192.168.157.218, host: trunk-nightly-qcxv8-4293026562, networkLocation: /default-rack, certSerialId: null}] in pipeline PipelineID=1e978ad6-7d76-4e80-a860-6812e24dc5fa
]]></system-out>
  </testcase>
  <testcase name="testMultiBlockWrites" classname="org.apache.hadoop.ozone.client.rpc.TestCloseContainerHandlingByClient" time="4.297"/>
  <testcase name="testBlockWrites" classname="org.apache.hadoop.ozone.client.rpc.TestCloseContainerHandlingByClient" time="2.905">
    <error type="java.lang.IllegalArgumentException">java.lang.IllegalArgumentException
	at com.google.common.base.Preconditions.checkArgument(Preconditions.java:72)
	at org.apache.hadoop.hdds.scm.XceiverClientManager.acquireClient(XceiverClientManager.java:150)
	at org.apache.hadoop.hdds.scm.XceiverClientManager.acquireClientForReadData(XceiverClientManager.java:143)
	at org.apache.hadoop.hdds.scm.storage.BlockInputStream.getChunkInfos(BlockInputStream.java:154)
	at org.apache.hadoop.hdds.scm.storage.BlockInputStream.initialize(BlockInputStream.java:118)
	at org.apache.hadoop.hdds.scm.storage.BlockInputStream.read(BlockInputStream.java:222)
	at org.apache.hadoop.ozone.client.io.KeyInputStream.read(KeyInputStream.java:171)
	at org.apache.hadoop.ozone.client.io.OzoneInputStream.read(OzoneInputStream.java:47)
	at java.io.InputStream.read(InputStream.java:101)
	at org.apache.hadoop.ozone.container.ContainerTestHelper.validateData(ContainerTestHelper.java:709)
	at org.apache.hadoop.ozone.client.rpc.TestCloseContainerHandlingByClient.validateData(TestCloseContainerHandlingByClient.java:401)
	at org.apache.hadoop.ozone.client.rpc.TestCloseContainerHandlingByClient.testBlockWrites(TestCloseContainerHandlingByClient.java:471)
	at sun.reflect.NativeMethodAccessorImpl.invoke0(Native Method)
	at sun.reflect.NativeMethodAccessorImpl.invoke(NativeMethodAccessorImpl.java:62)
	at sun.reflect.DelegatingMethodAccessorImpl.invoke(DelegatingMethodAccessorImpl.java:43)
	at java.lang.reflect.Method.invoke(Method.java:498)
	at org.junit.runners.model.FrameworkMethod$1.runReflectiveCall(FrameworkMethod.java:47)
	at org.junit.internal.runners.model.ReflectiveCallable.run(ReflectiveCallable.java:12)
	at org.junit.runners.model.FrameworkMethod.invokeExplosively(FrameworkMethod.java:44)
	at org.junit.internal.runners.statements.InvokeMethod.evaluate(InvokeMethod.java:17)
	at org.junit.runners.ParentRunner.runLeaf(ParentRunner.java:271)
	at org.junit.runners.BlockJUnit4ClassRunner.runChild(BlockJUnit4ClassRunner.java:70)
	at org.junit.runners.BlockJUnit4ClassRunner.runChild(BlockJUnit4ClassRunner.java:50)
	at org.junit.runners.ParentRunner$3.run(ParentRunner.java:238)
	at org.junit.runners.ParentRunner$1.schedule(ParentRunner.java:63)
	at org.junit.runners.ParentRunner.runChildren(ParentRunner.java:236)
	at org.junit.runners.ParentRunner.access$000(ParentRunner.java:53)
	at org.junit.runners.ParentRunner$2.evaluate(ParentRunner.java:229)
	at org.junit.internal.runners.statements.RunBefores.evaluate(RunBefores.java:26)
	at org.junit.internal.runners.statements.RunAfters.evaluate(RunAfters.java:27)
	at org.junit.runners.ParentRunner.run(ParentRunner.java:309)
	at org.apache.maven.surefire.junit4.JUnit4Provider.execute(JUnit4Provider.java:365)
	at org.apache.maven.surefire.junit4.JUnit4Provider.executeWithRerun(JUnit4Provider.java:273)
	at org.apache.maven.surefire.junit4.JUnit4Provider.executeTestSet(JUnit4Provider.java:238)
	at org.apache.maven.surefire.junit4.JUnit4Provider.invoke(JUnit4Provider.java:159)
	at org.apache.maven.surefire.booter.ForkedBooter.invokeProviderInSameClassLoader(ForkedBooter.java:384)
	at org.apache.maven.surefire.booter.ForkedBooter.runSuitesInProcess(ForkedBooter.java:345)
	at org.apache.maven.surefire.booter.ForkedBooter.execute(ForkedBooter.java:126)
	at org.apache.maven.surefire.booter.ForkedBooter.main(ForkedBooter.java:418)
</error>
    <system-out><![CDATA[2019-07-13 10:59:41,936 INFO  client.GrpcClientProtocolClient (GrpcClientProtocolClient.java:onNext(255)) - client-E4F863CF2CDF->483d5df8-4905-41e2-a2e5-3e4aa56c3dae: receive RaftClientReply:client-E4F863CF2CDF->483d5df8-4905-41e2-a2e5-3e4aa56c3dae@group-1674E1DF3074, cid=74, SUCCESS, logIndex=75, commits[483d5df8-4905-41e2-a2e5-3e4aa56c3dae:c78, 84d6cbd8-10dc-4dfd-94c8-59a57a8a3286:c74, ce9f14b8-8d16-4df7-b53d-c738df7dd7b1:c74]
2019-07-13 10:59:41,992 INFO  client.GrpcClientProtocolClient (GrpcClientProtocolClient.java:onNext(255)) - client-E4F863CF2CDF->483d5df8-4905-41e2-a2e5-3e4aa56c3dae: receive RaftClientReply:client-E4F863CF2CDF->483d5df8-4905-41e2-a2e5-3e4aa56c3dae@group-1674E1DF3074, cid=75, SUCCESS, logIndex=76, commits[483d5df8-4905-41e2-a2e5-3e4aa56c3dae:c81, 84d6cbd8-10dc-4dfd-94c8-59a57a8a3286:c78, ce9f14b8-8d16-4df7-b53d-c738df7dd7b1:c78]
2019-07-13 10:59:41,993 INFO  client.GrpcClientProtocolClient (GrpcClientProtocolClient.java:onNext(255)) - client-E4F863CF2CDF->483d5df8-4905-41e2-a2e5-3e4aa56c3dae: receive RaftClientReply:client-E4F863CF2CDF->483d5df8-4905-41e2-a2e5-3e4aa56c3dae@group-1674E1DF3074, cid=76, SUCCESS, logIndex=77, commits[483d5df8-4905-41e2-a2e5-3e4aa56c3dae:c81, 84d6cbd8-10dc-4dfd-94c8-59a57a8a3286:c78, ce9f14b8-8d16-4df7-b53d-c738df7dd7b1:c78]
2019-07-13 10:59:42,088 INFO  client.GrpcClientProtocolClient (GrpcClientProtocolClient.java:onNext(255)) - client-E4F863CF2CDF->483d5df8-4905-41e2-a2e5-3e4aa56c3dae: receive RaftClientReply:client-E4F863CF2CDF->483d5df8-4905-41e2-a2e5-3e4aa56c3dae@group-1674E1DF3074, cid=77, SUCCESS, logIndex=78, commits[483d5df8-4905-41e2-a2e5-3e4aa56c3dae:c81, 84d6cbd8-10dc-4dfd-94c8-59a57a8a3286:c78, ce9f14b8-8d16-4df7-b53d-c738df7dd7b1:c78]
2019-07-13 10:59:42,089 INFO  container.CloseContainerEventHandler (CloseContainerEventHandler.java:onMessage(61)) - Close container Event triggered for container : #10
2019-07-13 10:59:42,090 INFO  container.CloseContainerEventHandler (CloseContainerEventHandler.java:onMessage(61)) - Close container Event triggered for container : #10
2019-07-13 10:59:42,090 INFO  container.CloseContainerEventHandler (CloseContainerEventHandler.java:onMessage(61)) - Close container Event triggered for container : #10
2019-07-13 10:59:43,979 INFO  interfaces.Container (KeyValueContainer.java:compactDB(356)) - Container 10 is closed with bcsId 78.
2019-07-13 10:59:43,984 INFO  interfaces.Container (KeyValueContainer.java:compactDB(356)) - Container 10 is closed with bcsId 78.
2019-07-13 10:59:43,996 INFO  interfaces.Container (KeyValueContainer.java:compactDB(356)) - Container 10 is closed with bcsId 78.
10:59:44.130 [grpc-default-executor-3] ERROR DNAudit - user=null | ip=null | op=WRITE_CHUNK {blockData=conID: 10 locID: 102433789168779279 bcsId: 78} | ret=FAILURE
org.apache.hadoop.hdds.scm.container.common.helpers.ContainerNotOpenException: Container 10 in CLOSED state
	at org.apache.hadoop.ozone.container.common.impl.HddsDispatcher.validateContainerCommand(HddsDispatcher.java:408) ~[hadoop-hdds-container-service-0.5.0-SNAPSHOT.jar:?]
	at org.apache.hadoop.ozone.container.common.transport.server.ratis.ContainerStateMachine.startTransaction(ContainerStateMachine.java:271) ~[hadoop-hdds-container-service-0.5.0-SNAPSHOT.jar:?]
	at org.apache.ratis.server.impl.RaftServerImpl.submitClientRequestAsync(RaftServerImpl.java:566) ~[ratis-server-0.4.0-2337318-SNAPSHOT.jar:0.4.0-2337318-SNAPSHOT]
	at org.apache.ratis.server.impl.RaftServerProxy.lambda$submitClientRequestAsync$7(RaftServerProxy.java:333) ~[ratis-server-0.4.0-2337318-SNAPSHOT.jar:0.4.0-2337318-SNAPSHOT]
	at org.apache.ratis.server.impl.RaftServerProxy.lambda$null$5(RaftServerProxy.java:328) ~[ratis-server-0.4.0-2337318-SNAPSHOT.jar:0.4.0-2337318-SNAPSHOT]
	at org.apache.ratis.util.JavaUtils.callAsUnchecked(JavaUtils.java:109) ~[ratis-common-0.4.0-2337318-SNAPSHOT.jar:0.4.0-2337318-SNAPSHOT]
	at org.apache.ratis.server.impl.RaftServerProxy.lambda$submitRequest$6(RaftServerProxy.java:328) ~[ratis-server-0.4.0-2337318-SNAPSHOT.jar:0.4.0-2337318-SNAPSHOT]
	at java.util.concurrent.CompletableFuture.uniComposeStage(CompletableFuture.java:981) ~[?:1.8.0_212]
	at java.util.concurrent.CompletableFuture.thenCompose(CompletableFuture.java:2124) ~[?:1.8.0_212]
	at org.apache.ratis.server.impl.RaftServerProxy.submitRequest(RaftServerProxy.java:327) ~[ratis-server-0.4.0-2337318-SNAPSHOT.jar:0.4.0-2337318-SNAPSHOT]
	at org.apache.ratis.server.impl.RaftServerProxy.submitClientRequestAsync(RaftServerProxy.java:333) ~[ratis-server-0.4.0-2337318-SNAPSHOT.jar:0.4.0-2337318-SNAPSHOT]
	at org.apache.ratis.grpc.client.GrpcClientProtocolService$RequestStreamObserver.processClientRequest(GrpcClientProtocolService.java:220) ~[ratis-grpc-0.4.0-2337318-SNAPSHOT.jar:0.4.0-2337318-SNAPSHOT]
	at org.apache.ratis.grpc.client.GrpcClientProtocolService$OrderedRequestStreamObserver.processClientRequest(GrpcClientProtocolService.java:326) ~[ratis-grpc-0.4.0-2337318-SNAPSHOT.jar:0.4.0-2337318-SNAPSHOT]
	at org.apache.ratis.util.SlidingWindow$Server.processRequestsFromHead(SlidingWindow.java:429) [ratis-common-0.4.0-2337318-SNAPSHOT.jar:0.4.0-2337318-SNAPSHOT]
	at org.apache.ratis.util.SlidingWindow$Server.receivedRequest(SlidingWindow.java:421) [ratis-common-0.4.0-2337318-SNAPSHOT.jar:0.4.0-2337318-SNAPSHOT]
	at org.apache.ratis.grpc.client.GrpcClientProtocolService$OrderedRequestStreamObserver.processClientRequest(GrpcClientProtocolService.java:345) [ratis-grpc-0.4.0-2337318-SNAPSHOT.jar:0.4.0-2337318-SNAPSHOT]
	at org.apache.ratis.grpc.client.GrpcClientProtocolService$RequestStreamObserver.onNext(GrpcClientProtocolService.java:240) [ratis-grpc-0.4.0-2337318-SNAPSHOT.jar:0.4.0-2337318-SNAPSHOT]
	at org.apache.ratis.grpc.client.GrpcClientProtocolService$RequestStreamObserver.onNext(GrpcClientProtocolService.java:168) [ratis-grpc-0.4.0-2337318-SNAPSHOT.jar:0.4.0-2337318-SNAPSHOT]
	at org.apache.ratis.thirdparty.io.grpc.stub.ServerCalls$StreamingServerCallHandler$StreamingServerCallListener.onMessage(ServerCalls.java:248) [ratis-thirdparty-misc-0.2.0.jar:0.2.0]
	at org.apache.ratis.thirdparty.io.grpc.internal.ServerCallImpl$ServerStreamListenerImpl.messagesAvailable(ServerCallImpl.java:263) [ratis-thirdparty-misc-0.2.0.jar:0.2.0]
	at org.apache.ratis.thirdparty.io.grpc.internal.ServerImpl$JumpToApplicationThreadServerStreamListener$1MessagesAvailable.runInContext(ServerImpl.java:686) [ratis-thirdparty-misc-0.2.0.jar:0.2.0]
	at org.apache.ratis.thirdparty.io.grpc.internal.ContextRunnable.run(ContextRunnable.java:37) [ratis-thirdparty-misc-0.2.0.jar:0.2.0]
	at org.apache.ratis.thirdparty.io.grpc.internal.SerializingExecutor.run(SerializingExecutor.java:123) [ratis-thirdparty-misc-0.2.0.jar:0.2.0]
	at java.util.concurrent.ThreadPoolExecutor.runWorker(ThreadPoolExecutor.java:1149) [?:1.8.0_212]
	at java.util.concurrent.ThreadPoolExecutor$Worker.run(ThreadPoolExecutor.java:624) [?:1.8.0_212]
	at java.lang.Thread.run(Thread.java:748) [?:1.8.0_212]
2019-07-13 10:59:44,140 INFO  client.GrpcClientProtocolClient (GrpcClientProtocolClient.java:onNext(255)) - client-E4F863CF2CDF->483d5df8-4905-41e2-a2e5-3e4aa56c3dae: receive RaftClientReply:client-E4F863CF2CDF->483d5df8-4905-41e2-a2e5-3e4aa56c3dae@group-1674E1DF3074, cid=78, FAILED org.apache.ratis.protocol.StateMachineException: org.apache.hadoop.hdds.scm.container.common.helpers.ContainerNotOpenException from Server 483d5df8-4905-41e2-a2e5-3e4aa56c3dae: Container 10 in CLOSED state, logIndex=0, commits[483d5df8-4905-41e2-a2e5-3e4aa56c3dae:c83, 84d6cbd8-10dc-4dfd-94c8-59a57a8a3286:c82, ce9f14b8-8d16-4df7-b53d-c738df7dd7b1:c82]
10:59:44.140 [grpc-default-executor-3] ERROR DNAudit - user=null | ip=null | op=PUT_BLOCK {blockData=[blockId=conID: 10 locID: 102433789168779279 bcsId: 0,size=3145728]} | ret=FAILURE
org.apache.hadoop.hdds.scm.container.common.helpers.ContainerNotOpenException: Container 10 in CLOSED state
	at org.apache.hadoop.ozone.container.common.impl.HddsDispatcher.validateContainerCommand(HddsDispatcher.java:408) ~[hadoop-hdds-container-service-0.5.0-SNAPSHOT.jar:?]
	at org.apache.hadoop.ozone.container.common.transport.server.ratis.ContainerStateMachine.startTransaction(ContainerStateMachine.java:271) ~[hadoop-hdds-container-service-0.5.0-SNAPSHOT.jar:?]
	at org.apache.ratis.server.impl.RaftServerImpl.submitClientRequestAsync(RaftServerImpl.java:566) ~[ratis-server-0.4.0-2337318-SNAPSHOT.jar:0.4.0-2337318-SNAPSHOT]
	at org.apache.ratis.server.impl.RaftServerProxy.lambda$submitClientRequestAsync$7(RaftServerProxy.java:333) ~[ratis-server-0.4.0-2337318-SNAPSHOT.jar:0.4.0-2337318-SNAPSHOT]
	at org.apache.ratis.server.impl.RaftServerProxy.lambda$null$5(RaftServerProxy.java:328) ~[ratis-server-0.4.0-2337318-SNAPSHOT.jar:0.4.0-2337318-SNAPSHOT]
	at org.apache.ratis.util.JavaUtils.callAsUnchecked(JavaUtils.java:109) ~[ratis-common-0.4.0-2337318-SNAPSHOT.jar:0.4.0-2337318-SNAPSHOT]
	at org.apache.ratis.server.impl.RaftServerProxy.lambda$submitRequest$6(RaftServerProxy.java:328) ~[ratis-server-0.4.0-2337318-SNAPSHOT.jar:0.4.0-2337318-SNAPSHOT]
	at java.util.concurrent.CompletableFuture.uniComposeStage(CompletableFuture.java:981) ~[?:1.8.0_212]
	at java.util.concurrent.CompletableFuture.thenCompose(CompletableFuture.java:2124) ~[?:1.8.0_212]
	at org.apache.ratis.server.impl.RaftServerProxy.submitRequest(RaftServerProxy.java:327) ~[ratis-server-0.4.0-2337318-SNAPSHOT.jar:0.4.0-2337318-SNAPSHOT]
	at org.apache.ratis.server.impl.RaftServerProxy.submitClientRequestAsync(RaftServerProxy.java:333) ~[ratis-server-0.4.0-2337318-SNAPSHOT.jar:0.4.0-2337318-SNAPSHOT]
	at org.apache.ratis.grpc.client.GrpcClientProtocolService$RequestStreamObserver.processClientRequest(GrpcClientProtocolService.java:220) ~[ratis-grpc-0.4.0-2337318-SNAPSHOT.jar:0.4.0-2337318-SNAPSHOT]
	at org.apache.ratis.grpc.client.GrpcClientProtocolService$OrderedRequestStreamObserver.processClientRequest(GrpcClientProtocolService.java:326) ~[ratis-grpc-0.4.0-2337318-SNAPSHOT.jar:0.4.0-2337318-SNAPSHOT]
	at org.apache.ratis.util.SlidingWindow$Server.processRequestsFromHead(SlidingWindow.java:429) [ratis-common-0.4.0-2337318-SNAPSHOT.jar:0.4.0-2337318-SNAPSHOT]
	at org.apache.ratis.util.SlidingWindow$Server.receivedRequest(SlidingWindow.java:421) [ratis-common-0.4.0-2337318-SNAPSHOT.jar:0.4.0-2337318-SNAPSHOT]
	at org.apache.ratis.grpc.client.GrpcClientProtocolService$OrderedRequestStreamObserver.processClientRequest(GrpcClientProtocolService.java:345) [ratis-grpc-0.4.0-2337318-SNAPSHOT.jar:0.4.0-2337318-SNAPSHOT]
	at org.apache.ratis.grpc.client.GrpcClientProtocolService$RequestStreamObserver.onNext(GrpcClientProtocolService.java:240) [ratis-grpc-0.4.0-2337318-SNAPSHOT.jar:0.4.0-2337318-SNAPSHOT]
	at org.apache.ratis.grpc.client.GrpcClientProtocolService$RequestStreamObserver.onNext(GrpcClientProtocolService.java:168) [ratis-grpc-0.4.0-2337318-SNAPSHOT.jar:0.4.0-2337318-SNAPSHOT]
	at org.apache.ratis.thirdparty.io.grpc.stub.ServerCalls$StreamingServerCallHandler$StreamingServerCallListener.onMessage(ServerCalls.java:248) [ratis-thirdparty-misc-0.2.0.jar:0.2.0]
	at org.apache.ratis.thirdparty.io.grpc.internal.ServerCallImpl$ServerStreamListenerImpl.messagesAvailable(ServerCallImpl.java:263) [ratis-thirdparty-misc-0.2.0.jar:0.2.0]
	at org.apache.ratis.thirdparty.io.grpc.internal.ServerImpl$JumpToApplicationThreadServerStreamListener$1MessagesAvailable.runInContext(ServerImpl.java:686) [ratis-thirdparty-misc-0.2.0.jar:0.2.0]
	at org.apache.ratis.thirdparty.io.grpc.internal.ContextRunnable.run(ContextRunnable.java:37) [ratis-thirdparty-misc-0.2.0.jar:0.2.0]
	at org.apache.ratis.thirdparty.io.grpc.internal.SerializingExecutor.run(SerializingExecutor.java:123) [ratis-thirdparty-misc-0.2.0.jar:0.2.0]
	at java.util.concurrent.ThreadPoolExecutor.runWorker(ThreadPoolExecutor.java:1149) [?:1.8.0_212]
	at java.util.concurrent.ThreadPoolExecutor$Worker.run(ThreadPoolExecutor.java:624) [?:1.8.0_212]
	at java.lang.Thread.run(Thread.java:748) [?:1.8.0_212]
2019-07-13 10:59:44,148 INFO  client.GrpcClientProtocolClient (GrpcClientProtocolClient.java:onNext(255)) - client-E4F863CF2CDF->483d5df8-4905-41e2-a2e5-3e4aa56c3dae: receive RaftClientReply:client-E4F863CF2CDF->483d5df8-4905-41e2-a2e5-3e4aa56c3dae@group-1674E1DF3074, cid=79, FAILED org.apache.ratis.protocol.StateMachineException: org.apache.hadoop.hdds.scm.container.common.helpers.ContainerNotOpenException from Server 483d5df8-4905-41e2-a2e5-3e4aa56c3dae: Container 10 in CLOSED state, logIndex=0, commits[483d5df8-4905-41e2-a2e5-3e4aa56c3dae:c83, 84d6cbd8-10dc-4dfd-94c8-59a57a8a3286:c82, ce9f14b8-8d16-4df7-b53d-c738df7dd7b1:c82]
10:59:44.147 [grpc-default-executor-3] ERROR DNAudit - user=null | ip=null | op=WRITE_CHUNK {blockData=conID: 10 locID: 102433789168779279 bcsId: 78} | ret=FAILURE
org.apache.hadoop.hdds.scm.container.common.helpers.ContainerNotOpenException: Container 10 in CLOSED state
	at org.apache.hadoop.ozone.container.common.impl.HddsDispatcher.validateContainerCommand(HddsDispatcher.java:408) ~[hadoop-hdds-container-service-0.5.0-SNAPSHOT.jar:?]
	at org.apache.hadoop.ozone.container.common.transport.server.ratis.ContainerStateMachine.startTransaction(ContainerStateMachine.java:271) ~[hadoop-hdds-container-service-0.5.0-SNAPSHOT.jar:?]
	at org.apache.ratis.server.impl.RaftServerImpl.submitClientRequestAsync(RaftServerImpl.java:566) ~[ratis-server-0.4.0-2337318-SNAPSHOT.jar:0.4.0-2337318-SNAPSHOT]
	at org.apache.ratis.server.impl.RaftServerProxy.lambda$submitClientRequestAsync$7(RaftServerProxy.java:333) ~[ratis-server-0.4.0-2337318-SNAPSHOT.jar:0.4.0-2337318-SNAPSHOT]
	at org.apache.ratis.server.impl.RaftServerProxy.lambda$null$5(RaftServerProxy.java:328) ~[ratis-server-0.4.0-2337318-SNAPSHOT.jar:0.4.0-2337318-SNAPSHOT]
	at org.apache.ratis.util.JavaUtils.callAsUnchecked(JavaUtils.java:109) ~[ratis-common-0.4.0-2337318-SNAPSHOT.jar:0.4.0-2337318-SNAPSHOT]
	at org.apache.ratis.server.impl.RaftServerProxy.lambda$submitRequest$6(RaftServerProxy.java:328) ~[ratis-server-0.4.0-2337318-SNAPSHOT.jar:0.4.0-2337318-SNAPSHOT]
	at java.util.concurrent.CompletableFuture.uniComposeStage(CompletableFuture.java:981) ~[?:1.8.0_212]
	at java.util.concurrent.CompletableFuture.thenCompose(CompletableFuture.java:2124) ~[?:1.8.0_212]
	at org.apache.ratis.server.impl.RaftServerProxy.submitRequest(RaftServerProxy.java:327) ~[ratis-server-0.4.0-2337318-SNAPSHOT.jar:0.4.0-2337318-SNAPSHOT]
	at org.apache.ratis.server.impl.RaftServerProxy.submitClientRequestAsync(RaftServerProxy.java:333) ~[ratis-server-0.4.0-2337318-SNAPSHOT.jar:0.4.0-2337318-SNAPSHOT]
	at org.apache.ratis.grpc.client.GrpcClientProtocolService$RequestStreamObserver.processClientRequest(GrpcClientProtocolService.java:220) ~[ratis-grpc-0.4.0-2337318-SNAPSHOT.jar:0.4.0-2337318-SNAPSHOT]
	at org.apache.ratis.grpc.client.GrpcClientProtocolService$OrderedRequestStreamObserver.processClientRequest(GrpcClientProtocolService.java:326) ~[ratis-grpc-0.4.0-2337318-SNAPSHOT.jar:0.4.0-2337318-SNAPSHOT]
	at org.apache.ratis.util.SlidingWindow$Server.processRequestsFromHead(SlidingWindow.java:429) [ratis-common-0.4.0-2337318-SNAPSHOT.jar:0.4.0-2337318-SNAPSHOT]
	at org.apache.ratis.util.SlidingWindow$Server.receivedRequest(SlidingWindow.java:421) [ratis-common-0.4.0-2337318-SNAPSHOT.jar:0.4.0-2337318-SNAPSHOT]
	at org.apache.ratis.grpc.client.GrpcClientProtocolService$OrderedRequestStreamObserver.processClientRequest(GrpcClientProtocolService.java:345) [ratis-grpc-0.4.0-2337318-SNAPSHOT.jar:0.4.0-2337318-SNAPSHOT]
	at org.apache.ratis.grpc.client.GrpcClientProtocolService$RequestStreamObserver.onNext(GrpcClientProtocolService.java:240) [ratis-grpc-0.4.0-2337318-SNAPSHOT.jar:0.4.0-2337318-SNAPSHOT]
	at org.apache.ratis.grpc.client.GrpcClientProtocolService$RequestStreamObserver.onNext(GrpcClientProtocolService.java:168) [ratis-grpc-0.4.0-2337318-SNAPSHOT.jar:0.4.0-2337318-SNAPSHOT]
	at org.apache.ratis.thirdparty.io.grpc.stub.ServerCalls$StreamingServerCallHandler$StreamingServerCallListener.onMessage(ServerCalls.java:248) [ratis-thirdparty-misc-0.2.0.jar:0.2.0]
	at org.apache.ratis.thirdparty.io.grpc.internal.ServerCallImpl$ServerStreamListenerImpl.messagesAvailable(ServerCallImpl.java:263) [ratis-thirdparty-misc-0.2.0.jar:0.2.0]
	at org.apache.ratis.thirdparty.io.grpc.internal.ServerImpl$JumpToApplicationThreadServerStreamListener$1MessagesAvailable.runInContext(ServerImpl.java:686) [ratis-thirdparty-misc-0.2.0.jar:0.2.0]
	at org.apache.ratis.thirdparty.io.grpc.internal.ContextRunnable.run(ContextRunnable.java:37) [ratis-thirdparty-misc-0.2.0.jar:0.2.0]
	at org.apache.ratis.thirdparty.io.grpc.internal.SerializingExecutor.run(SerializingExecutor.java:123) [ratis-thirdparty-misc-0.2.0.jar:0.2.0]
	at java.util.concurrent.ThreadPoolExecutor.runWorker(ThreadPoolExecutor.java:1149) [?:1.8.0_212]
	at java.util.concurrent.ThreadPoolExecutor$Worker.run(ThreadPoolExecutor.java:624) [?:1.8.0_212]
	at java.lang.Thread.run(Thread.java:748) [?:1.8.0_212]
2019-07-13 10:59:44,155 INFO  client.GrpcClientProtocolClient (GrpcClientProtocolClient.java:onNext(255)) - client-E4F863CF2CDF->483d5df8-4905-41e2-a2e5-3e4aa56c3dae: receive RaftClientReply:client-E4F863CF2CDF->483d5df8-4905-41e2-a2e5-3e4aa56c3dae@group-1674E1DF3074, cid=80, FAILED org.apache.ratis.protocol.StateMachineException: org.apache.hadoop.hdds.scm.container.common.helpers.ContainerNotOpenException from Server 483d5df8-4905-41e2-a2e5-3e4aa56c3dae: Container 10 in CLOSED state, logIndex=0, commits[483d5df8-4905-41e2-a2e5-3e4aa56c3dae:c83, 84d6cbd8-10dc-4dfd-94c8-59a57a8a3286:c82, ce9f14b8-8d16-4df7-b53d-c738df7dd7b1:c82]
10:59:44.154 [grpc-default-executor-3] ERROR DNAudit - user=null | ip=null | op=PUT_BLOCK {blockData=[blockId=conID: 10 locID: 102433789168779279 bcsId: 0,size=4194304]} | ret=FAILURE
org.apache.hadoop.hdds.scm.container.common.helpers.ContainerNotOpenException: Container 10 in CLOSED state
	at org.apache.hadoop.ozone.container.common.impl.HddsDispatcher.validateContainerCommand(HddsDispatcher.java:408) ~[hadoop-hdds-container-service-0.5.0-SNAPSHOT.jar:?]
	at org.apache.hadoop.ozone.container.common.transport.server.ratis.ContainerStateMachine.startTransaction(ContainerStateMachine.java:271) ~[hadoop-hdds-container-service-0.5.0-SNAPSHOT.jar:?]
	at org.apache.ratis.server.impl.RaftServerImpl.submitClientRequestAsync(RaftServerImpl.java:566) ~[ratis-server-0.4.0-2337318-SNAPSHOT.jar:0.4.0-2337318-SNAPSHOT]
	at org.apache.ratis.server.impl.RaftServerProxy.lambda$submitClientRequestAsync$7(RaftServerProxy.java:333) ~[ratis-server-0.4.0-2337318-SNAPSHOT.jar:0.4.0-2337318-SNAPSHOT]
	at org.apache.ratis.server.impl.RaftServerProxy.lambda$null$5(RaftServerProxy.java:328) ~[ratis-server-0.4.0-2337318-SNAPSHOT.jar:0.4.0-2337318-SNAPSHOT]
	at org.apache.ratis.util.JavaUtils.callAsUnchecked(JavaUtils.java:109) ~[ratis-common-0.4.0-2337318-SNAPSHOT.jar:0.4.0-2337318-SNAPSHOT]
	at org.apache.ratis.server.impl.RaftServerProxy.lambda$submitRequest$6(RaftServerProxy.java:328) ~[ratis-server-0.4.0-2337318-SNAPSHOT.jar:0.4.0-2337318-SNAPSHOT]
	at java.util.concurrent.CompletableFuture.uniComposeStage(CompletableFuture.java:981) ~[?:1.8.0_212]
	at java.util.concurrent.CompletableFuture.thenCompose(CompletableFuture.java:2124) ~[?:1.8.0_212]
	at org.apache.ratis.server.impl.RaftServerProxy.submitRequest(RaftServerProxy.java:327) ~[ratis-server-0.4.0-2337318-SNAPSHOT.jar:0.4.0-2337318-SNAPSHOT]
	at org.apache.ratis.server.impl.RaftServerProxy.submitClientRequestAsync(RaftServerProxy.java:333) ~[ratis-server-0.4.0-2337318-SNAPSHOT.jar:0.4.0-2337318-SNAPSHOT]
	at org.apache.ratis.grpc.client.GrpcClientProtocolService$RequestStreamObserver.processClientRequest(GrpcClientProtocolService.java:220) ~[ratis-grpc-0.4.0-2337318-SNAPSHOT.jar:0.4.0-2337318-SNAPSHOT]
	at org.apache.ratis.grpc.client.GrpcClientProtocolService$OrderedRequestStreamObserver.processClientRequest(GrpcClientProtocolService.java:326) ~[ratis-grpc-0.4.0-2337318-SNAPSHOT.jar:0.4.0-2337318-SNAPSHOT]
	at org.apache.ratis.util.SlidingWindow$Server.processRequestsFromHead(SlidingWindow.java:429) [ratis-common-0.4.0-2337318-SNAPSHOT.jar:0.4.0-2337318-SNAPSHOT]
	at org.apache.ratis.util.SlidingWindow$Server.receivedRequest(SlidingWindow.java:421) [ratis-common-0.4.0-2337318-SNAPSHOT.jar:0.4.0-2337318-SNAPSHOT]
	at org.apache.ratis.grpc.client.GrpcClientProtocolService$OrderedRequestStreamObserver.processClientRequest(GrpcClientProtocolService.java:345) [ratis-grpc-0.4.0-2337318-SNAPSHOT.jar:0.4.0-2337318-SNAPSHOT]
	at org.apache.ratis.grpc.client.GrpcClientProtocolService$RequestStreamObserver.onNext(GrpcClientProtocolService.java:240) [ratis-grpc-0.4.0-2337318-SNAPSHOT.jar:0.4.0-2337318-SNAPSHOT]
	at org.apache.ratis.grpc.client.GrpcClientProtocolService$RequestStreamObserver.onNext(GrpcClientProtocolService.java:168) [ratis-grpc-0.4.0-2337318-SNAPSHOT.jar:0.4.0-2337318-SNAPSHOT]
	at org.apache.ratis.thirdparty.io.grpc.stub.ServerCalls$StreamingServerCallHandler$StreamingServerCallListener.onMessage(ServerCalls.java:248) [ratis-thirdparty-misc-0.2.0.jar:0.2.0]
	at org.apache.ratis.thirdparty.io.grpc.internal.ServerCallImpl$ServerStreamListenerImpl.messagesAvailable(ServerCallImpl.java:263) [ratis-thirdparty-misc-0.2.0.jar:0.2.0]
	at org.apache.ratis.thirdparty.io.grpc.internal.ServerImpl$JumpToApplicationThreadServerStreamListener$1MessagesAvailable.runInContext(ServerImpl.java:686) [ratis-thirdparty-misc-0.2.0.jar:0.2.0]
	at org.apache.ratis.thirdparty.io.grpc.internal.ContextRunnable.run(ContextRunnable.java:37) [ratis-thirdparty-misc-0.2.0.jar:0.2.0]
	at org.apache.ratis.thirdparty.io.grpc.internal.SerializingExecutor.run(SerializingExecutor.java:123) [ratis-thirdparty-misc-0.2.0.jar:0.2.0]
	at java.util.concurrent.ThreadPoolExecutor.runWorker(ThreadPoolExecutor.java:1149) [?:1.8.0_212]
	at java.util.concurrent.ThreadPoolExecutor$Worker.run(ThreadPoolExecutor.java:624) [?:1.8.0_212]
	at java.lang.Thread.run(Thread.java:748) [?:1.8.0_212]
2019-07-13 10:59:44,162 INFO  client.GrpcClientProtocolClient (GrpcClientProtocolClient.java:onNext(255)) - client-E4F863CF2CDF->483d5df8-4905-41e2-a2e5-3e4aa56c3dae: receive RaftClientReply:client-E4F863CF2CDF->483d5df8-4905-41e2-a2e5-3e4aa56c3dae@group-1674E1DF3074, cid=81, FAILED org.apache.ratis.protocol.StateMachineException: org.apache.hadoop.hdds.scm.container.common.helpers.ContainerNotOpenException from Server 483d5df8-4905-41e2-a2e5-3e4aa56c3dae: Container 10 in CLOSED state, logIndex=0, commits[483d5df8-4905-41e2-a2e5-3e4aa56c3dae:c83, 84d6cbd8-10dc-4dfd-94c8-59a57a8a3286:c82, ce9f14b8-8d16-4df7-b53d-c738df7dd7b1:c82]
2019-07-13 10:59:44,329 INFO  client.GrpcClientProtocolClient (GrpcClientProtocolClient.java:onNext(255)) - client-7D590E259A6E->0bf649db-c09a-4405-873c-313ea8973ebd: receive RaftClientReply:client-7D590E259A6E->0bf649db-c09a-4405-873c-313ea8973ebd@group-6812E24DC5FA, cid=82, SUCCESS, logIndex=29, commits[0bf649db-c09a-4405-873c-313ea8973ebd:c31, c4e2b5c3-ff1f-4a50-a7c3-54cb7a8212be:c28, 3350650c-6992-45d7-aea4-e7b0277db5d9:c28]
2019-07-13 10:59:44,388 INFO  client.GrpcClientProtocolClient (GrpcClientProtocolClient.java:onNext(255)) - client-7D590E259A6E->0bf649db-c09a-4405-873c-313ea8973ebd: receive RaftClientReply:client-7D590E259A6E->0bf649db-c09a-4405-873c-313ea8973ebd@group-6812E24DC5FA, cid=83, SUCCESS, logIndex=30, commits[0bf649db-c09a-4405-873c-313ea8973ebd:c36, c4e2b5c3-ff1f-4a50-a7c3-54cb7a8212be:c32, 3350650c-6992-45d7-aea4-e7b0277db5d9:c32]
2019-07-13 10:59:44,389 INFO  client.GrpcClientProtocolClient (GrpcClientProtocolClient.java:onNext(255)) - client-7D590E259A6E->0bf649db-c09a-4405-873c-313ea8973ebd: receive RaftClientReply:client-7D590E259A6E->0bf649db-c09a-4405-873c-313ea8973ebd@group-6812E24DC5FA, cid=84, SUCCESS, logIndex=31, commits[0bf649db-c09a-4405-873c-313ea8973ebd:c36, c4e2b5c3-ff1f-4a50-a7c3-54cb7a8212be:c32, 3350650c-6992-45d7-aea4-e7b0277db5d9:c32]
2019-07-13 10:59:44,474 INFO  client.GrpcClientProtocolClient (GrpcClientProtocolClient.java:onNext(255)) - client-7D590E259A6E->0bf649db-c09a-4405-873c-313ea8973ebd: receive RaftClientReply:client-7D590E259A6E->0bf649db-c09a-4405-873c-313ea8973ebd@group-6812E24DC5FA, cid=85, SUCCESS, logIndex=32, commits[0bf649db-c09a-4405-873c-313ea8973ebd:c36, c4e2b5c3-ff1f-4a50-a7c3-54cb7a8212be:c32, 3350650c-6992-45d7-aea4-e7b0277db5d9:c32]
2019-07-13 10:59:44,597 INFO  client.GrpcClientProtocolClient (GrpcClientProtocolClient.java:onNext(255)) - client-7D590E259A6E->0bf649db-c09a-4405-873c-313ea8973ebd: receive RaftClientReply:client-7D590E259A6E->0bf649db-c09a-4405-873c-313ea8973ebd@group-6812E24DC5FA, cid=86, SUCCESS, logIndex=37, commits[0bf649db-c09a-4405-873c-313ea8973ebd:c38, c4e2b5c3-ff1f-4a50-a7c3-54cb7a8212be:c36, 3350650c-6992-45d7-aea4-e7b0277db5d9:c36]
2019-07-13 10:59:44,598 INFO  client.GrpcClientProtocolClient (GrpcClientProtocolClient.java:onNext(255)) - client-7D590E259A6E->0bf649db-c09a-4405-873c-313ea8973ebd: receive RaftClientReply:client-7D590E259A6E->0bf649db-c09a-4405-873c-313ea8973ebd@group-6812E24DC5FA, cid=87, SUCCESS, logIndex=38, commits[0bf649db-c09a-4405-873c-313ea8973ebd:c38, c4e2b5c3-ff1f-4a50-a7c3-54cb7a8212be:c36, 3350650c-6992-45d7-aea4-e7b0277db5d9:c36]
2019-07-13 10:59:44,611 INFO  client.GrpcClientProtocolClient (GrpcClientProtocolClient.java:onNext(255)) - client-7D590E259A6E->0bf649db-c09a-4405-873c-313ea8973ebd: receive RaftClientReply:client-7D590E259A6E->0bf649db-c09a-4405-873c-313ea8973ebd@group-6812E24DC5FA, cid=88, SUCCESS, logIndex=0, commits[0bf649db-c09a-4405-873c-313ea8973ebd:c39, c4e2b5c3-ff1f-4a50-a7c3-54cb7a8212be:c38, 3350650c-6992-45d7-aea4-e7b0277db5d9:c38]
2019-07-13 10:59:44,660 INFO  pipeline.Pipeline (Pipeline.java:getProtobufMessage(195)) - Serialize pipeline PipelineID=1e978ad6-7d76-4e80-a860-6812e24dc5fa with nodesInOrder{ }
2019-07-13 10:59:44,661 INFO  pipeline.Pipeline (Pipeline.java:build(342)) - Deserialize nodesInOrder [3350650c-6992-45d7-aea4-e7b0277db5d9{ip: 192.168.157.218, host: trunk-nightly-qcxv8-4293026562, networkLocation: /default-rack, certSerialId: null}, 3350650c-6992-45d7-aea4-e7b0277db5d9{ip: 192.168.157.218, host: trunk-nightly-qcxv8-4293026562, networkLocation: /default-rack, certSerialId: null}, 3350650c-6992-45d7-aea4-e7b0277db5d9{ip: 192.168.157.218, host: trunk-nightly-qcxv8-4293026562, networkLocation: /default-rack, certSerialId: null}] in pipeline PipelineID=1e978ad6-7d76-4e80-a860-6812e24dc5fa
]]></system-out>
  </testcase>
  <testcase name="testMultiBlockWrites2" classname="org.apache.hadoop.ozone.client.rpc.TestCloseContainerHandlingByClient" time="4.234">
    <error type="java.lang.IllegalArgumentException">java.lang.IllegalArgumentException
	at com.google.common.base.Preconditions.checkArgument(Preconditions.java:72)
	at org.apache.hadoop.hdds.scm.XceiverClientManager.acquireClient(XceiverClientManager.java:150)
	at org.apache.hadoop.hdds.scm.XceiverClientManager.acquireClientForReadData(XceiverClientManager.java:143)
	at org.apache.hadoop.hdds.scm.storage.BlockInputStream.getChunkInfos(BlockInputStream.java:154)
	at org.apache.hadoop.hdds.scm.storage.BlockInputStream.initialize(BlockInputStream.java:118)
	at org.apache.hadoop.hdds.scm.storage.BlockInputStream.read(BlockInputStream.java:222)
	at org.apache.hadoop.ozone.client.io.KeyInputStream.read(KeyInputStream.java:171)
	at org.apache.hadoop.ozone.client.io.OzoneInputStream.read(OzoneInputStream.java:47)
	at java.io.InputStream.read(InputStream.java:101)
	at org.apache.hadoop.ozone.container.ContainerTestHelper.validateData(ContainerTestHelper.java:709)
	at org.apache.hadoop.ozone.client.rpc.TestCloseContainerHandlingByClient.validateData(TestCloseContainerHandlingByClient.java:401)
	at org.apache.hadoop.ozone.client.rpc.TestCloseContainerHandlingByClient.testMultiBlockWrites2(TestCloseContainerHandlingByClient.java:281)
	at sun.reflect.NativeMethodAccessorImpl.invoke0(Native Method)
	at sun.reflect.NativeMethodAccessorImpl.invoke(NativeMethodAccessorImpl.java:62)
	at sun.reflect.DelegatingMethodAccessorImpl.invoke(DelegatingMethodAccessorImpl.java:43)
	at java.lang.reflect.Method.invoke(Method.java:498)
	at org.junit.runners.model.FrameworkMethod$1.runReflectiveCall(FrameworkMethod.java:47)
	at org.junit.internal.runners.model.ReflectiveCallable.run(ReflectiveCallable.java:12)
	at org.junit.runners.model.FrameworkMethod.invokeExplosively(FrameworkMethod.java:44)
	at org.junit.internal.runners.statements.InvokeMethod.evaluate(InvokeMethod.java:17)
	at org.junit.runners.ParentRunner.runLeaf(ParentRunner.java:271)
	at org.junit.runners.BlockJUnit4ClassRunner.runChild(BlockJUnit4ClassRunner.java:70)
	at org.junit.runners.BlockJUnit4ClassRunner.runChild(BlockJUnit4ClassRunner.java:50)
	at org.junit.runners.ParentRunner$3.run(ParentRunner.java:238)
	at org.junit.runners.ParentRunner$1.schedule(ParentRunner.java:63)
	at org.junit.runners.ParentRunner.runChildren(ParentRunner.java:236)
	at org.junit.runners.ParentRunner.access$000(ParentRunner.java:53)
	at org.junit.runners.ParentRunner$2.evaluate(ParentRunner.java:229)
	at org.junit.internal.runners.statements.RunBefores.evaluate(RunBefores.java:26)
	at org.junit.internal.runners.statements.RunAfters.evaluate(RunAfters.java:27)
	at org.junit.runners.ParentRunner.run(ParentRunner.java:309)
	at org.apache.maven.surefire.junit4.JUnit4Provider.execute(JUnit4Provider.java:365)
	at org.apache.maven.surefire.junit4.JUnit4Provider.executeWithRerun(JUnit4Provider.java:273)
	at org.apache.maven.surefire.junit4.JUnit4Provider.executeTestSet(JUnit4Provider.java:238)
	at org.apache.maven.surefire.junit4.JUnit4Provider.invoke(JUnit4Provider.java:159)
	at org.apache.maven.surefire.booter.ForkedBooter.invokeProviderInSameClassLoader(ForkedBooter.java:384)
	at org.apache.maven.surefire.booter.ForkedBooter.runSuitesInProcess(ForkedBooter.java:345)
	at org.apache.maven.surefire.booter.ForkedBooter.execute(ForkedBooter.java:126)
	at org.apache.maven.surefire.booter.ForkedBooter.main(ForkedBooter.java:418)
</error>
    <system-out><![CDATA[2019-07-13 10:59:44,934 INFO  client.GrpcClientProtocolClient (GrpcClientProtocolClient.java:onNext(255)) - client-E4F863CF2CDF->483d5df8-4905-41e2-a2e5-3e4aa56c3dae: receive RaftClientReply:client-E4F863CF2CDF->483d5df8-4905-41e2-a2e5-3e4aa56c3dae@group-1674E1DF3074, cid=89, SUCCESS, logIndex=84, commits[483d5df8-4905-41e2-a2e5-3e4aa56c3dae:c87, 84d6cbd8-10dc-4dfd-94c8-59a57a8a3286:c83, ce9f14b8-8d16-4df7-b53d-c738df7dd7b1:c83]
2019-07-13 10:59:45,004 INFO  client.GrpcClientProtocolClient (GrpcClientProtocolClient.java:onNext(255)) - client-E4F863CF2CDF->483d5df8-4905-41e2-a2e5-3e4aa56c3dae: receive RaftClientReply:client-E4F863CF2CDF->483d5df8-4905-41e2-a2e5-3e4aa56c3dae@group-1674E1DF3074, cid=90, SUCCESS, logIndex=85, commits[483d5df8-4905-41e2-a2e5-3e4aa56c3dae:c90, 84d6cbd8-10dc-4dfd-94c8-59a57a8a3286:c87, ce9f14b8-8d16-4df7-b53d-c738df7dd7b1:c87]
2019-07-13 10:59:45,005 INFO  client.GrpcClientProtocolClient (GrpcClientProtocolClient.java:onNext(255)) - client-E4F863CF2CDF->483d5df8-4905-41e2-a2e5-3e4aa56c3dae: receive RaftClientReply:client-E4F863CF2CDF->483d5df8-4905-41e2-a2e5-3e4aa56c3dae@group-1674E1DF3074, cid=91, SUCCESS, logIndex=86, commits[483d5df8-4905-41e2-a2e5-3e4aa56c3dae:c90, 84d6cbd8-10dc-4dfd-94c8-59a57a8a3286:c87, ce9f14b8-8d16-4df7-b53d-c738df7dd7b1:c87]
2019-07-13 10:59:45,102 INFO  client.GrpcClientProtocolClient (GrpcClientProtocolClient.java:onNext(255)) - client-E4F863CF2CDF->483d5df8-4905-41e2-a2e5-3e4aa56c3dae: receive RaftClientReply:client-E4F863CF2CDF->483d5df8-4905-41e2-a2e5-3e4aa56c3dae@group-1674E1DF3074, cid=92, SUCCESS, logIndex=87, commits[483d5df8-4905-41e2-a2e5-3e4aa56c3dae:c90, 84d6cbd8-10dc-4dfd-94c8-59a57a8a3286:c87, ce9f14b8-8d16-4df7-b53d-c738df7dd7b1:c87]
2019-07-13 10:59:45,135 INFO  client.GrpcClientProtocolClient (GrpcClientProtocolClient.java:onNext(255)) - client-E4F863CF2CDF->483d5df8-4905-41e2-a2e5-3e4aa56c3dae: receive RaftClientReply:client-E4F863CF2CDF->483d5df8-4905-41e2-a2e5-3e4aa56c3dae@group-1674E1DF3074, cid=93, SUCCESS, logIndex=91, commits[483d5df8-4905-41e2-a2e5-3e4aa56c3dae:c93, 84d6cbd8-10dc-4dfd-94c8-59a57a8a3286:c87, ce9f14b8-8d16-4df7-b53d-c738df7dd7b1:c90]
2019-07-13 10:59:45,136 INFO  client.GrpcClientProtocolClient (GrpcClientProtocolClient.java:onNext(255)) - client-E4F863CF2CDF->483d5df8-4905-41e2-a2e5-3e4aa56c3dae: receive RaftClientReply:client-E4F863CF2CDF->483d5df8-4905-41e2-a2e5-3e4aa56c3dae@group-1674E1DF3074, cid=94, SUCCESS, logIndex=92, commits[483d5df8-4905-41e2-a2e5-3e4aa56c3dae:c94, 84d6cbd8-10dc-4dfd-94c8-59a57a8a3286:c90, ce9f14b8-8d16-4df7-b53d-c738df7dd7b1:c90]
2019-07-13 10:59:45,137 INFO  client.GrpcClientProtocolClient (GrpcClientProtocolClient.java:onNext(255)) - client-E4F863CF2CDF->483d5df8-4905-41e2-a2e5-3e4aa56c3dae: receive RaftClientReply:client-E4F863CF2CDF->483d5df8-4905-41e2-a2e5-3e4aa56c3dae@group-1674E1DF3074, cid=95, SUCCESS, logIndex=93, commits[483d5df8-4905-41e2-a2e5-3e4aa56c3dae:c94, 84d6cbd8-10dc-4dfd-94c8-59a57a8a3286:c90, ce9f14b8-8d16-4df7-b53d-c738df7dd7b1:c90]
2019-07-13 10:59:45,138 INFO  client.GrpcClientProtocolClient (GrpcClientProtocolClient.java:onNext(255)) - client-E4F863CF2CDF->483d5df8-4905-41e2-a2e5-3e4aa56c3dae: receive RaftClientReply:client-E4F863CF2CDF->483d5df8-4905-41e2-a2e5-3e4aa56c3dae@group-1674E1DF3074, cid=96, SUCCESS, logIndex=94, commits[483d5df8-4905-41e2-a2e5-3e4aa56c3dae:c94, 84d6cbd8-10dc-4dfd-94c8-59a57a8a3286:c90, ce9f14b8-8d16-4df7-b53d-c738df7dd7b1:c90]
2019-07-13 10:59:45,149 INFO  client.GrpcClientProtocolClient (GrpcClientProtocolClient.java:onNext(255)) - client-E4F863CF2CDF->483d5df8-4905-41e2-a2e5-3e4aa56c3dae: receive RaftClientReply:client-E4F863CF2CDF->483d5df8-4905-41e2-a2e5-3e4aa56c3dae@group-1674E1DF3074, cid=97, SUCCESS, logIndex=0, commits[483d5df8-4905-41e2-a2e5-3e4aa56c3dae:c98, 84d6cbd8-10dc-4dfd-94c8-59a57a8a3286:c93, ce9f14b8-8d16-4df7-b53d-c738df7dd7b1:c94]
2019-07-13 10:59:45,151 INFO  client.GrpcClientProtocolClient (GrpcClientProtocolClient.java:onNext(255)) - client-E4F863CF2CDF->483d5df8-4905-41e2-a2e5-3e4aa56c3dae: receive RaftClientReply:client-E4F863CF2CDF->483d5df8-4905-41e2-a2e5-3e4aa56c3dae@group-1674E1DF3074, cid=98, SUCCESS, logIndex=0, commits[483d5df8-4905-41e2-a2e5-3e4aa56c3dae:c98, 84d6cbd8-10dc-4dfd-94c8-59a57a8a3286:c94, ce9f14b8-8d16-4df7-b53d-c738df7dd7b1:c94]
2019-07-13 10:59:45,179 INFO  client.GrpcClientProtocolClient (GrpcClientProtocolClient.java:onNext(255)) - client-E4F863CF2CDF->483d5df8-4905-41e2-a2e5-3e4aa56c3dae: receive RaftClientReply:client-E4F863CF2CDF->483d5df8-4905-41e2-a2e5-3e4aa56c3dae@group-1674E1DF3074, cid=99, SUCCESS, logIndex=99, commits[483d5df8-4905-41e2-a2e5-3e4aa56c3dae:c102, 84d6cbd8-10dc-4dfd-94c8-59a57a8a3286:c98, ce9f14b8-8d16-4df7-b53d-c738df7dd7b1:c98]
2019-07-13 10:59:45,180 INFO  client.GrpcClientProtocolClient (GrpcClientProtocolClient.java:onNext(255)) - client-E4F863CF2CDF->483d5df8-4905-41e2-a2e5-3e4aa56c3dae: receive RaftClientReply:client-E4F863CF2CDF->483d5df8-4905-41e2-a2e5-3e4aa56c3dae@group-1674E1DF3074, cid=100, SUCCESS, logIndex=100, commits[483d5df8-4905-41e2-a2e5-3e4aa56c3dae:c102, 84d6cbd8-10dc-4dfd-94c8-59a57a8a3286:c98, ce9f14b8-8d16-4df7-b53d-c738df7dd7b1:c98]
2019-07-13 10:59:45,180 INFO  client.GrpcClientProtocolClient (GrpcClientProtocolClient.java:onNext(255)) - client-E4F863CF2CDF->483d5df8-4905-41e2-a2e5-3e4aa56c3dae: receive RaftClientReply:client-E4F863CF2CDF->483d5df8-4905-41e2-a2e5-3e4aa56c3dae@group-1674E1DF3074, cid=101, SUCCESS, logIndex=101, commits[483d5df8-4905-41e2-a2e5-3e4aa56c3dae:c102, 84d6cbd8-10dc-4dfd-94c8-59a57a8a3286:c98, ce9f14b8-8d16-4df7-b53d-c738df7dd7b1:c98]
2019-07-13 10:59:45,181 INFO  client.GrpcClientProtocolClient (GrpcClientProtocolClient.java:onNext(255)) - client-E4F863CF2CDF->483d5df8-4905-41e2-a2e5-3e4aa56c3dae: receive RaftClientReply:client-E4F863CF2CDF->483d5df8-4905-41e2-a2e5-3e4aa56c3dae@group-1674E1DF3074, cid=102, SUCCESS, logIndex=102, commits[483d5df8-4905-41e2-a2e5-3e4aa56c3dae:c102, 84d6cbd8-10dc-4dfd-94c8-59a57a8a3286:c98, ce9f14b8-8d16-4df7-b53d-c738df7dd7b1:c98]
2019-07-13 10:59:45,193 INFO  client.GrpcClientProtocolClient (GrpcClientProtocolClient.java:onNext(255)) - client-E4F863CF2CDF->483d5df8-4905-41e2-a2e5-3e4aa56c3dae: receive RaftClientReply:client-E4F863CF2CDF->483d5df8-4905-41e2-a2e5-3e4aa56c3dae@group-1674E1DF3074, cid=103, SUCCESS, logIndex=0, commits[483d5df8-4905-41e2-a2e5-3e4aa56c3dae:c103, 84d6cbd8-10dc-4dfd-94c8-59a57a8a3286:c101, ce9f14b8-8d16-4df7-b53d-c738df7dd7b1:c102]
2019-07-13 10:59:45,216 INFO  client.GrpcClientProtocolClient (GrpcClientProtocolClient.java:onNext(255)) - client-E4F863CF2CDF->483d5df8-4905-41e2-a2e5-3e4aa56c3dae: receive RaftClientReply:client-E4F863CF2CDF->483d5df8-4905-41e2-a2e5-3e4aa56c3dae@group-1674E1DF3074, cid=104, SUCCESS, logIndex=106, commits[483d5df8-4905-41e2-a2e5-3e4aa56c3dae:c107, 84d6cbd8-10dc-4dfd-94c8-59a57a8a3286:c105, ce9f14b8-8d16-4df7-b53d-c738df7dd7b1:c105]
2019-07-13 10:59:45,217 INFO  client.GrpcClientProtocolClient (GrpcClientProtocolClient.java:onNext(255)) - client-E4F863CF2CDF->483d5df8-4905-41e2-a2e5-3e4aa56c3dae: receive RaftClientReply:client-E4F863CF2CDF->483d5df8-4905-41e2-a2e5-3e4aa56c3dae@group-1674E1DF3074, cid=105, SUCCESS, logIndex=107, commits[483d5df8-4905-41e2-a2e5-3e4aa56c3dae:c107, 84d6cbd8-10dc-4dfd-94c8-59a57a8a3286:c105, ce9f14b8-8d16-4df7-b53d-c738df7dd7b1:c105]
2019-07-13 10:59:45,245 INFO  client.GrpcClientProtocolClient (GrpcClientProtocolClient.java:onNext(255)) - client-E4F863CF2CDF->483d5df8-4905-41e2-a2e5-3e4aa56c3dae: receive RaftClientReply:client-E4F863CF2CDF->483d5df8-4905-41e2-a2e5-3e4aa56c3dae@group-1674E1DF3074, cid=106, SUCCESS, logIndex=110, commits[483d5df8-4905-41e2-a2e5-3e4aa56c3dae:c111, 84d6cbd8-10dc-4dfd-94c8-59a57a8a3286:c107, ce9f14b8-8d16-4df7-b53d-c738df7dd7b1:c107]
2019-07-13 10:59:45,245 INFO  client.GrpcClientProtocolClient (GrpcClientProtocolClient.java:onNext(255)) - client-E4F863CF2CDF->483d5df8-4905-41e2-a2e5-3e4aa56c3dae: receive RaftClientReply:client-E4F863CF2CDF->483d5df8-4905-41e2-a2e5-3e4aa56c3dae@group-1674E1DF3074, cid=107, SUCCESS, logIndex=111, commits[483d5df8-4905-41e2-a2e5-3e4aa56c3dae:c111, 84d6cbd8-10dc-4dfd-94c8-59a57a8a3286:c107, ce9f14b8-8d16-4df7-b53d-c738df7dd7b1:c107]
2019-07-13 10:59:45,256 INFO  client.GrpcClientProtocolClient (GrpcClientProtocolClient.java:onNext(255)) - client-E4F863CF2CDF->483d5df8-4905-41e2-a2e5-3e4aa56c3dae: receive RaftClientReply:client-E4F863CF2CDF->483d5df8-4905-41e2-a2e5-3e4aa56c3dae@group-1674E1DF3074, cid=108, SUCCESS, logIndex=0, commits[483d5df8-4905-41e2-a2e5-3e4aa56c3dae:c112, 84d6cbd8-10dc-4dfd-94c8-59a57a8a3286:c111, ce9f14b8-8d16-4df7-b53d-c738df7dd7b1:c111]
2019-07-13 10:59:45,412 INFO  client.GrpcClientProtocolClient (GrpcClientProtocolClient.java:onNext(255)) - client-7D590E259A6E->0bf649db-c09a-4405-873c-313ea8973ebd: receive RaftClientReply:client-7D590E259A6E->0bf649db-c09a-4405-873c-313ea8973ebd@group-6812E24DC5FA, cid=109, SUCCESS, logIndex=41, commits[0bf649db-c09a-4405-873c-313ea8973ebd:c42, c4e2b5c3-ff1f-4a50-a7c3-54cb7a8212be:c40, 3350650c-6992-45d7-aea4-e7b0277db5d9:c40]
2019-07-13 10:59:45,459 INFO  client.GrpcClientProtocolClient (GrpcClientProtocolClient.java:onNext(255)) - client-7D590E259A6E->0bf649db-c09a-4405-873c-313ea8973ebd: receive RaftClientReply:client-7D590E259A6E->0bf649db-c09a-4405-873c-313ea8973ebd@group-6812E24DC5FA, cid=110, SUCCESS, logIndex=42, commits[0bf649db-c09a-4405-873c-313ea8973ebd:c44, c4e2b5c3-ff1f-4a50-a7c3-54cb7a8212be:c42, 3350650c-6992-45d7-aea4-e7b0277db5d9:c42]
2019-07-13 10:59:45,541 INFO  client.GrpcClientProtocolClient (GrpcClientProtocolClient.java:onNext(255)) - client-7D590E259A6E->0bf649db-c09a-4405-873c-313ea8973ebd: receive RaftClientReply:client-7D590E259A6E->0bf649db-c09a-4405-873c-313ea8973ebd@group-6812E24DC5FA, cid=111, SUCCESS, logIndex=45, commits[0bf649db-c09a-4405-873c-313ea8973ebd:c46, c4e2b5c3-ff1f-4a50-a7c3-54cb7a8212be:c44, 3350650c-6992-45d7-aea4-e7b0277db5d9:c42]
2019-07-13 10:59:45,953 INFO  client.GrpcClientProtocolClient (GrpcClientProtocolClient.java:onNext(255)) - client-7D590E259A6E->0bf649db-c09a-4405-873c-313ea8973ebd: receive RaftClientReply:client-7D590E259A6E->0bf649db-c09a-4405-873c-313ea8973ebd@group-6812E24DC5FA, cid=112, SUCCESS, logIndex=46, commits[0bf649db-c09a-4405-873c-313ea8973ebd:c47, c4e2b5c3-ff1f-4a50-a7c3-54cb7a8212be:c46, 3350650c-6992-45d7-aea4-e7b0277db5d9:c46]
2019-07-13 10:59:45,963 INFO  container.CloseContainerEventHandler (CloseContainerEventHandler.java:onMessage(61)) - Close container Event triggered for container : #12
2019-07-13 10:59:45,964 INFO  container.CloseContainerEventHandler (CloseContainerEventHandler.java:onMessage(61)) - Close container Event triggered for container : #12
2019-07-13 10:59:45,964 INFO  container.CloseContainerEventHandler (CloseContainerEventHandler.java:onMessage(61)) - Close container Event triggered for container : #12
2019-07-13 10:59:45,964 INFO  container.CloseContainerEventHandler (CloseContainerEventHandler.java:onMessage(61)) - Close container Event triggered for container : #4
2019-07-13 10:59:45,965 INFO  container.CloseContainerEventHandler (CloseContainerEventHandler.java:onMessage(61)) - Close container Event triggered for container : #4
2019-07-13 10:59:45,965 INFO  container.CloseContainerEventHandler (CloseContainerEventHandler.java:onMessage(61)) - Close container Event triggered for container : #4
2019-07-13 10:59:45,965 INFO  container.CloseContainerEventHandler (CloseContainerEventHandler.java:onMessage(61)) - Close container Event triggered for container : #13
2019-07-13 10:59:45,965 INFO  container.CloseContainerEventHandler (CloseContainerEventHandler.java:onMessage(61)) - Close container Event triggered for container : #13
2019-07-13 10:59:45,966 INFO  container.CloseContainerEventHandler (CloseContainerEventHandler.java:onMessage(61)) - Close container Event triggered for container : #13
2019-07-13 10:59:47,503 INFO  interfaces.Container (KeyValueContainer.java:compactDB(356)) - Container 13 is closed with bcsId 46.
2019-07-13 10:59:47,544 INFO  interfaces.Container (KeyValueContainer.java:compactDB(356)) - Container 13 is closed with bcsId 46.
2019-07-13 10:59:47,555 INFO  interfaces.Container (KeyValueContainer.java:compactDB(356)) - Container 13 is closed with bcsId 46.
2019-07-13 10:59:48,010 INFO  interfaces.Container (KeyValueContainer.java:compactDB(356)) - Container 12 is closed with bcsId 94.
2019-07-13 10:59:48,034 INFO  interfaces.Container (KeyValueContainer.java:compactDB(356)) - Container 12 is closed with bcsId 94.
2019-07-13 10:59:48,036 INFO  interfaces.Container (KeyValueContainer.java:compactDB(356)) - Container 12 is closed with bcsId 94.
2019-07-13 10:59:48,086 INFO  interfaces.Container (KeyValueContainer.java:compactDB(356)) - Container 4 is closed with bcsId 111.
2019-07-13 10:59:48,100 INFO  interfaces.Container (KeyValueContainer.java:compactDB(356)) - Container 4 is closed with bcsId 111.
2019-07-13 10:59:48,114 INFO  interfaces.Container (KeyValueContainer.java:compactDB(356)) - Container 4 is closed with bcsId 111.
10:59:48.469 [grpc-default-executor-2] ERROR DNAudit - user=null | ip=null | op=WRITE_CHUNK {blockData=conID: 13 locID: 102433789396516884 bcsId: 46} | ret=FAILURE
org.apache.hadoop.hdds.scm.container.common.helpers.ContainerNotOpenException: Container 13 in CLOSED state
	at org.apache.hadoop.ozone.container.common.impl.HddsDispatcher.validateContainerCommand(HddsDispatcher.java:408) ~[hadoop-hdds-container-service-0.5.0-SNAPSHOT.jar:?]
	at org.apache.hadoop.ozone.container.common.transport.server.ratis.ContainerStateMachine.startTransaction(ContainerStateMachine.java:271) ~[hadoop-hdds-container-service-0.5.0-SNAPSHOT.jar:?]
	at org.apache.ratis.server.impl.RaftServerImpl.submitClientRequestAsync(RaftServerImpl.java:566) ~[ratis-server-0.4.0-2337318-SNAPSHOT.jar:0.4.0-2337318-SNAPSHOT]
	at org.apache.ratis.server.impl.RaftServerProxy.lambda$submitClientRequestAsync$7(RaftServerProxy.java:333) ~[ratis-server-0.4.0-2337318-SNAPSHOT.jar:0.4.0-2337318-SNAPSHOT]
	at org.apache.ratis.server.impl.RaftServerProxy.lambda$null$5(RaftServerProxy.java:328) ~[ratis-server-0.4.0-2337318-SNAPSHOT.jar:0.4.0-2337318-SNAPSHOT]
	at org.apache.ratis.util.JavaUtils.callAsUnchecked(JavaUtils.java:109) ~[ratis-common-0.4.0-2337318-SNAPSHOT.jar:0.4.0-2337318-SNAPSHOT]
	at org.apache.ratis.server.impl.RaftServerProxy.lambda$submitRequest$6(RaftServerProxy.java:328) ~[ratis-server-0.4.0-2337318-SNAPSHOT.jar:0.4.0-2337318-SNAPSHOT]
	at java.util.concurrent.CompletableFuture.uniComposeStage(CompletableFuture.java:981) ~[?:1.8.0_212]
	at java.util.concurrent.CompletableFuture.thenCompose(CompletableFuture.java:2124) ~[?:1.8.0_212]
	at org.apache.ratis.server.impl.RaftServerProxy.submitRequest(RaftServerProxy.java:327) ~[ratis-server-0.4.0-2337318-SNAPSHOT.jar:0.4.0-2337318-SNAPSHOT]
	at org.apache.ratis.server.impl.RaftServerProxy.submitClientRequestAsync(RaftServerProxy.java:333) ~[ratis-server-0.4.0-2337318-SNAPSHOT.jar:0.4.0-2337318-SNAPSHOT]
	at org.apache.ratis.grpc.client.GrpcClientProtocolService$RequestStreamObserver.processClientRequest(GrpcClientProtocolService.java:220) ~[ratis-grpc-0.4.0-2337318-SNAPSHOT.jar:0.4.0-2337318-SNAPSHOT]
	at org.apache.ratis.grpc.client.GrpcClientProtocolService$OrderedRequestStreamObserver.processClientRequest(GrpcClientProtocolService.java:326) ~[ratis-grpc-0.4.0-2337318-SNAPSHOT.jar:0.4.0-2337318-SNAPSHOT]
	at org.apache.ratis.util.SlidingWindow$Server.processRequestsFromHead(SlidingWindow.java:429) [ratis-common-0.4.0-2337318-SNAPSHOT.jar:0.4.0-2337318-SNAPSHOT]
	at org.apache.ratis.util.SlidingWindow$Server.receivedRequest(SlidingWindow.java:421) [ratis-common-0.4.0-2337318-SNAPSHOT.jar:0.4.0-2337318-SNAPSHOT]
	at org.apache.ratis.grpc.client.GrpcClientProtocolService$OrderedRequestStreamObserver.processClientRequest(GrpcClientProtocolService.java:345) [ratis-grpc-0.4.0-2337318-SNAPSHOT.jar:0.4.0-2337318-SNAPSHOT]
	at org.apache.ratis.grpc.client.GrpcClientProtocolService$RequestStreamObserver.onNext(GrpcClientProtocolService.java:240) [ratis-grpc-0.4.0-2337318-SNAPSHOT.jar:0.4.0-2337318-SNAPSHOT]
	at org.apache.ratis.grpc.client.GrpcClientProtocolService$RequestStreamObserver.onNext(GrpcClientProtocolService.java:168) [ratis-grpc-0.4.0-2337318-SNAPSHOT.jar:0.4.0-2337318-SNAPSHOT]
	at org.apache.ratis.thirdparty.io.grpc.stub.ServerCalls$StreamingServerCallHandler$StreamingServerCallListener.onMessage(ServerCalls.java:248) [ratis-thirdparty-misc-0.2.0.jar:0.2.0]
	at org.apache.ratis.thirdparty.io.grpc.internal.ServerCallImpl$ServerStreamListenerImpl.messagesAvailable(ServerCallImpl.java:263) [ratis-thirdparty-misc-0.2.0.jar:0.2.0]
	at org.apache.ratis.thirdparty.io.grpc.internal.ServerImpl$JumpToApplicationThreadServerStreamListener$1MessagesAvailable.runInContext(ServerImpl.java:686) [ratis-thirdparty-misc-0.2.0.jar:0.2.0]
	at org.apache.ratis.thirdparty.io.grpc.internal.ContextRunnable.run(ContextRunnable.java:37) [ratis-thirdparty-misc-0.2.0.jar:0.2.0]
	at org.apache.ratis.thirdparty.io.grpc.internal.SerializingExecutor.run(SerializingExecutor.java:123) [ratis-thirdparty-misc-0.2.0.jar:0.2.0]
	at java.util.concurrent.ThreadPoolExecutor.runWorker(ThreadPoolExecutor.java:1149) [?:1.8.0_212]
	at java.util.concurrent.ThreadPoolExecutor$Worker.run(ThreadPoolExecutor.java:624) [?:1.8.0_212]
	at java.lang.Thread.run(Thread.java:748) [?:1.8.0_212]
10:59:48.479 [grpc-default-executor-2] ERROR DNAudit - user=null | ip=null | op=PUT_BLOCK {blockData=[blockId=conID: 13 locID: 102433789396516884 bcsId: 0,size=2621440]} | ret=FAILURE
org.apache.hadoop.hdds.scm.container.common.helpers.ContainerNotOpenException: Container 13 in CLOSED state
	at org.apache.hadoop.ozone.container.common.impl.HddsDispatcher.validateContainerCommand(HddsDispatcher.java:408) ~[hadoop-hdds-container-service-0.5.0-SNAPSHOT.jar:?]
	at org.apache.hadoop.ozone.container.common.transport.server.ratis.ContainerStateMachine.startTransaction(ContainerStateMachine.java:271) ~[hadoop-hdds-container-service-0.5.0-SNAPSHOT.jar:?]
	at org.apache.ratis.server.impl.RaftServerImpl.submitClientRequestAsync(RaftServerImpl.java:566) ~[ratis-server-0.4.0-2337318-SNAPSHOT.jar:0.4.0-2337318-SNAPSHOT]
	at org.apache.ratis.server.impl.RaftServerProxy.lambda$submitClientRequestAsync$7(RaftServerProxy.java:333) ~[ratis-server-0.4.0-2337318-SNAPSHOT.jar:0.4.0-2337318-SNAPSHOT]
	at org.apache.ratis.server.impl.RaftServerProxy.lambda$null$5(RaftServerProxy.java:328) ~[ratis-server-0.4.0-2337318-SNAPSHOT.jar:0.4.0-2337318-SNAPSHOT]
	at org.apache.ratis.util.JavaUtils.callAsUnchecked(JavaUtils.java:109) ~[ratis-common-0.4.0-2337318-SNAPSHOT.jar:0.4.0-2337318-SNAPSHOT]
	at org.apache.ratis.server.impl.RaftServerProxy.lambda$submitRequest$6(RaftServerProxy.java:328) ~[ratis-server-0.4.0-2337318-SNAPSHOT.jar:0.4.0-2337318-SNAPSHOT]
	at java.util.concurrent.CompletableFuture.uniComposeStage(CompletableFuture.java:981) ~[?:1.8.0_212]
	at java.util.concurrent.CompletableFuture.thenCompose(CompletableFuture.java:2124) ~[?:1.8.0_212]
	at org.apache.ratis.server.impl.RaftServerProxy.submitRequest(RaftServerProxy.java:327) ~[ratis-server-0.4.0-2337318-SNAPSHOT.jar:0.4.0-2337318-SNAPSHOT]
	at org.apache.ratis.server.impl.RaftServerProxy.submitClientRequestAsync(RaftServerProxy.java:333) ~[ratis-server-0.4.0-2337318-SNAPSHOT.jar:0.4.0-2337318-SNAPSHOT]
	at org.apache.ratis.grpc.client.GrpcClientProtocolService$RequestStreamObserver.processClientRequest(GrpcClientProtocolService.java:220) ~[ratis-grpc-0.4.0-2337318-SNAPSHOT.jar:0.4.0-2337318-SNAPSHOT]
	at org.apache.ratis.grpc.client.GrpcClientProtocolService$OrderedRequestStreamObserver.processClientRequest(GrpcClientProtocolService.java:326) ~[ratis-grpc-0.4.0-2337318-SNAPSHOT.jar:0.4.0-2337318-SNAPSHOT]
	at org.apache.ratis.util.SlidingWindow$Server.processRequestsFromHead(SlidingWindow.java:429) [ratis-common-0.4.0-2337318-SNAPSHOT.jar:0.4.0-2337318-SNAPSHOT]
	at org.apache.ratis.util.SlidingWindow$Server.receivedRequest(SlidingWindow.java:421) [ratis-common-0.4.0-2337318-SNAPSHOT.jar:0.4.0-2337318-SNAPSHOT]
	at org.apache.ratis.grpc.client.GrpcClientProtocolService$OrderedRequestStreamObserver.processClientRequest(GrpcClientProtocolService.java:345) [ratis-grpc-0.4.0-2337318-SNAPSHOT.jar:0.4.0-2337318-SNAPSHOT]
	at org.apache.ratis.grpc.client.GrpcClientProtocolService$RequestStreamObserver.onNext(GrpcClientProtocolService.java:240) [ratis-grpc-0.4.0-2337318-SNAPSHOT.jar:0.4.0-2337318-SNAPSHOT]
	at org.apache.ratis.grpc.client.GrpcClientProtocolService$RequestStreamObserver.onNext(GrpcClientProtocolService.java:168) [ratis-grpc-0.4.0-2337318-SNAPSHOT.jar:0.4.0-2337318-SNAPSHOT]
	at org.apache.ratis.thirdparty.io.grpc.stub.ServerCalls$StreamingServerCallHandler$StreamingServerCallListener.onMessage(ServerCalls.java:248) [ratis-thirdparty-misc-0.2.0.jar:0.2.0]
	at org.apache.ratis.thirdparty.io.grpc.internal.ServerCallImpl$ServerStreamListenerImpl.messagesAvailable(ServerCallImpl.java:263) [ratis-thirdparty-misc-0.2.0.jar:0.2.0]
	at org.apache.ratis.thirdparty.io.grpc.internal.ServerImpl$JumpToApplicationThreadServerStreamListener$1MessagesAvailable.runInContext(ServerImpl.java:686) [ratis-thirdparty-misc-0.2.0.jar:0.2.0]
	at org.apache.ratis.thirdparty.io.grpc.internal.ContextRunnable.run(ContextRunnable.java:37) [ratis-thirdparty-misc-0.2.0.jar:0.2.0]
	at org.apache.ratis.thirdparty.io.grpc.internal.SerializingExecutor.run(SerializingExecutor.java:123) [ratis-thirdparty-misc-0.2.0.jar:0.2.0]
	at java.util.concurrent.ThreadPoolExecutor.runWorker(ThreadPoolExecutor.java:1149) [?:1.8.0_212]
	at java.util.concurrent.ThreadPoolExecutor$Worker.run(ThreadPoolExecutor.java:624) [?:1.8.0_212]
	at java.lang.Thread.run(Thread.java:748) [?:1.8.0_212]
2019-07-13 10:59:48,480 INFO  client.GrpcClientProtocolClient (GrpcClientProtocolClient.java:onNext(255)) - client-7D590E259A6E->0bf649db-c09a-4405-873c-313ea8973ebd: receive RaftClientReply:client-7D590E259A6E->0bf649db-c09a-4405-873c-313ea8973ebd@group-6812E24DC5FA, cid=113, FAILED org.apache.ratis.protocol.StateMachineException: org.apache.hadoop.hdds.scm.container.common.helpers.ContainerNotOpenException from Server 0bf649db-c09a-4405-873c-313ea8973ebd: Container 13 in CLOSED state, logIndex=0, commits[0bf649db-c09a-4405-873c-313ea8973ebd:c49, c4e2b5c3-ff1f-4a50-a7c3-54cb7a8212be:c48, 3350650c-6992-45d7-aea4-e7b0277db5d9:c48]
2019-07-13 10:59:48,487 INFO  client.GrpcClientProtocolClient (GrpcClientProtocolClient.java:onNext(255)) - client-7D590E259A6E->0bf649db-c09a-4405-873c-313ea8973ebd: receive RaftClientReply:client-7D590E259A6E->0bf649db-c09a-4405-873c-313ea8973ebd@group-6812E24DC5FA, cid=114, FAILED org.apache.ratis.protocol.StateMachineException: org.apache.hadoop.hdds.scm.container.common.helpers.ContainerNotOpenException from Server 0bf649db-c09a-4405-873c-313ea8973ebd: Container 13 in CLOSED state, logIndex=0, commits[0bf649db-c09a-4405-873c-313ea8973ebd:c49, c4e2b5c3-ff1f-4a50-a7c3-54cb7a8212be:c48, 3350650c-6992-45d7-aea4-e7b0277db5d9:c48]
2019-07-13 10:59:48,638 INFO  client.GrpcClientProtocolClient (GrpcClientProtocolClient.java:onNext(255)) - client-E4F863CF2CDF->483d5df8-4905-41e2-a2e5-3e4aa56c3dae: receive RaftClientReply:client-E4F863CF2CDF->483d5df8-4905-41e2-a2e5-3e4aa56c3dae@group-1674E1DF3074, cid=115, SUCCESS, logIndex=118, commits[483d5df8-4905-41e2-a2e5-3e4aa56c3dae:c119, 84d6cbd8-10dc-4dfd-94c8-59a57a8a3286:c117, ce9f14b8-8d16-4df7-b53d-c738df7dd7b1:c117]
2019-07-13 10:59:48,697 INFO  client.GrpcClientProtocolClient (GrpcClientProtocolClient.java:onNext(255)) - client-E4F863CF2CDF->483d5df8-4905-41e2-a2e5-3e4aa56c3dae: receive RaftClientReply:client-E4F863CF2CDF->483d5df8-4905-41e2-a2e5-3e4aa56c3dae@group-1674E1DF3074, cid=116, SUCCESS, logIndex=119, commits[483d5df8-4905-41e2-a2e5-3e4aa56c3dae:c121, 84d6cbd8-10dc-4dfd-94c8-59a57a8a3286:c119, ce9f14b8-8d16-4df7-b53d-c738df7dd7b1:c119]
2019-07-13 10:59:48,894 INFO  pipeline.Pipeline (Pipeline.java:getProtobufMessage(195)) - Serialize pipeline PipelineID=0fd3aa49-5301-47d0-b99c-1674e1df3074 with nodesInOrder{ }
]]></system-out>
  </testcase>
  <testcase name="testMultiBlockWrites3" classname="org.apache.hadoop.ozone.client.rpc.TestCloseContainerHandlingByClient" time="3.395">
    <error type="java.lang.IllegalArgumentException">java.lang.IllegalArgumentException
	at com.google.common.base.Preconditions.checkArgument(Preconditions.java:72)
	at org.apache.hadoop.hdds.scm.XceiverClientManager.acquireClient(XceiverClientManager.java:150)
	at org.apache.hadoop.hdds.scm.XceiverClientManager.acquireClientForReadData(XceiverClientManager.java:143)
	at org.apache.hadoop.hdds.scm.storage.BlockInputStream.getChunkInfos(BlockInputStream.java:154)
	at org.apache.hadoop.hdds.scm.storage.BlockInputStream.initialize(BlockInputStream.java:118)
	at org.apache.hadoop.hdds.scm.storage.BlockInputStream.read(BlockInputStream.java:222)
	at org.apache.hadoop.ozone.client.io.KeyInputStream.read(KeyInputStream.java:171)
	at org.apache.hadoop.ozone.client.io.OzoneInputStream.read(OzoneInputStream.java:47)
	at java.io.InputStream.read(InputStream.java:101)
	at org.apache.hadoop.ozone.client.rpc.TestCloseContainerHandlingByClient.testMultiBlockWrites3(TestCloseContainerHandlingByClient.java:325)
	at sun.reflect.NativeMethodAccessorImpl.invoke0(Native Method)
	at sun.reflect.NativeMethodAccessorImpl.invoke(NativeMethodAccessorImpl.java:62)
	at sun.reflect.DelegatingMethodAccessorImpl.invoke(DelegatingMethodAccessorImpl.java:43)
	at java.lang.reflect.Method.invoke(Method.java:498)
	at org.junit.runners.model.FrameworkMethod$1.runReflectiveCall(FrameworkMethod.java:47)
	at org.junit.internal.runners.model.ReflectiveCallable.run(ReflectiveCallable.java:12)
	at org.junit.runners.model.FrameworkMethod.invokeExplosively(FrameworkMethod.java:44)
	at org.junit.internal.runners.statements.InvokeMethod.evaluate(InvokeMethod.java:17)
	at org.junit.runners.ParentRunner.runLeaf(ParentRunner.java:271)
	at org.junit.runners.BlockJUnit4ClassRunner.runChild(BlockJUnit4ClassRunner.java:70)
	at org.junit.runners.BlockJUnit4ClassRunner.runChild(BlockJUnit4ClassRunner.java:50)
	at org.junit.runners.ParentRunner$3.run(ParentRunner.java:238)
	at org.junit.runners.ParentRunner$1.schedule(ParentRunner.java:63)
	at org.junit.runners.ParentRunner.runChildren(ParentRunner.java:236)
	at org.junit.runners.ParentRunner.access$000(ParentRunner.java:53)
	at org.junit.runners.ParentRunner$2.evaluate(ParentRunner.java:229)
	at org.junit.internal.runners.statements.RunBefores.evaluate(RunBefores.java:26)
	at org.junit.internal.runners.statements.RunAfters.evaluate(RunAfters.java:27)
	at org.junit.runners.ParentRunner.run(ParentRunner.java:309)
	at org.apache.maven.surefire.junit4.JUnit4Provider.execute(JUnit4Provider.java:365)
	at org.apache.maven.surefire.junit4.JUnit4Provider.executeWithRerun(JUnit4Provider.java:273)
	at org.apache.maven.surefire.junit4.JUnit4Provider.executeTestSet(JUnit4Provider.java:238)
	at org.apache.maven.surefire.junit4.JUnit4Provider.invoke(JUnit4Provider.java:159)
	at org.apache.maven.surefire.booter.ForkedBooter.invokeProviderInSameClassLoader(ForkedBooter.java:384)
	at org.apache.maven.surefire.booter.ForkedBooter.runSuitesInProcess(ForkedBooter.java:345)
	at org.apache.maven.surefire.booter.ForkedBooter.execute(ForkedBooter.java:126)
	at org.apache.maven.surefire.booter.ForkedBooter.main(ForkedBooter.java:418)
</error>
    <system-out><![CDATA[2019-07-13 10:59:49,276 INFO  client.GrpcClientProtocolClient (GrpcClientProtocolClient.java:onNext(255)) - client-E4F863CF2CDF->483d5df8-4905-41e2-a2e5-3e4aa56c3dae: receive RaftClientReply:client-E4F863CF2CDF->483d5df8-4905-41e2-a2e5-3e4aa56c3dae@group-1674E1DF3074, cid=117, SUCCESS, logIndex=122, commits[483d5df8-4905-41e2-a2e5-3e4aa56c3dae:c125, 84d6cbd8-10dc-4dfd-94c8-59a57a8a3286:c119, ce9f14b8-8d16-4df7-b53d-c738df7dd7b1:c121]
2019-07-13 10:59:49,333 INFO  client.GrpcClientProtocolClient (GrpcClientProtocolClient.java:onNext(255)) - client-E4F863CF2CDF->483d5df8-4905-41e2-a2e5-3e4aa56c3dae: receive RaftClientReply:client-E4F863CF2CDF->483d5df8-4905-41e2-a2e5-3e4aa56c3dae@group-1674E1DF3074, cid=118, SUCCESS, logIndex=123, commits[483d5df8-4905-41e2-a2e5-3e4aa56c3dae:c126, 84d6cbd8-10dc-4dfd-94c8-59a57a8a3286:c125, ce9f14b8-8d16-4df7-b53d-c738df7dd7b1:c125]
2019-07-13 10:59:49,334 INFO  client.GrpcClientProtocolClient (GrpcClientProtocolClient.java:onNext(255)) - client-E4F863CF2CDF->483d5df8-4905-41e2-a2e5-3e4aa56c3dae: receive RaftClientReply:client-E4F863CF2CDF->483d5df8-4905-41e2-a2e5-3e4aa56c3dae@group-1674E1DF3074, cid=119, SUCCESS, logIndex=124, commits[483d5df8-4905-41e2-a2e5-3e4aa56c3dae:c126, 84d6cbd8-10dc-4dfd-94c8-59a57a8a3286:c125, ce9f14b8-8d16-4df7-b53d-c738df7dd7b1:c125]
2019-07-13 10:59:49,442 INFO  client.GrpcClientProtocolClient (GrpcClientProtocolClient.java:onNext(255)) - client-E4F863CF2CDF->483d5df8-4905-41e2-a2e5-3e4aa56c3dae: receive RaftClientReply:client-E4F863CF2CDF->483d5df8-4905-41e2-a2e5-3e4aa56c3dae@group-1674E1DF3074, cid=120, SUCCESS, logIndex=125, commits[483d5df8-4905-41e2-a2e5-3e4aa56c3dae:c126, 84d6cbd8-10dc-4dfd-94c8-59a57a8a3286:c125, ce9f14b8-8d16-4df7-b53d-c738df7dd7b1:c125]
2019-07-13 10:59:49,472 INFO  client.GrpcClientProtocolClient (GrpcClientProtocolClient.java:onNext(255)) - client-E4F863CF2CDF->483d5df8-4905-41e2-a2e5-3e4aa56c3dae: receive RaftClientReply:client-E4F863CF2CDF->483d5df8-4905-41e2-a2e5-3e4aa56c3dae@group-1674E1DF3074, cid=121, SUCCESS, logIndex=127, commits[483d5df8-4905-41e2-a2e5-3e4aa56c3dae:c130, 84d6cbd8-10dc-4dfd-94c8-59a57a8a3286:c126, ce9f14b8-8d16-4df7-b53d-c738df7dd7b1:c126]
2019-07-13 10:59:49,473 INFO  client.GrpcClientProtocolClient (GrpcClientProtocolClient.java:onNext(255)) - client-E4F863CF2CDF->483d5df8-4905-41e2-a2e5-3e4aa56c3dae: receive RaftClientReply:client-E4F863CF2CDF->483d5df8-4905-41e2-a2e5-3e4aa56c3dae@group-1674E1DF3074, cid=122, SUCCESS, logIndex=128, commits[483d5df8-4905-41e2-a2e5-3e4aa56c3dae:c130, 84d6cbd8-10dc-4dfd-94c8-59a57a8a3286:c126, ce9f14b8-8d16-4df7-b53d-c738df7dd7b1:c126]
2019-07-13 10:59:49,474 INFO  client.GrpcClientProtocolClient (GrpcClientProtocolClient.java:onNext(255)) - client-E4F863CF2CDF->483d5df8-4905-41e2-a2e5-3e4aa56c3dae: receive RaftClientReply:client-E4F863CF2CDF->483d5df8-4905-41e2-a2e5-3e4aa56c3dae@group-1674E1DF3074, cid=123, SUCCESS, logIndex=129, commits[483d5df8-4905-41e2-a2e5-3e4aa56c3dae:c130, 84d6cbd8-10dc-4dfd-94c8-59a57a8a3286:c126, ce9f14b8-8d16-4df7-b53d-c738df7dd7b1:c126]
2019-07-13 10:59:49,474 INFO  client.GrpcClientProtocolClient (GrpcClientProtocolClient.java:onNext(255)) - client-E4F863CF2CDF->483d5df8-4905-41e2-a2e5-3e4aa56c3dae: receive RaftClientReply:client-E4F863CF2CDF->483d5df8-4905-41e2-a2e5-3e4aa56c3dae@group-1674E1DF3074, cid=124, SUCCESS, logIndex=130, commits[483d5df8-4905-41e2-a2e5-3e4aa56c3dae:c130, 84d6cbd8-10dc-4dfd-94c8-59a57a8a3286:c126, ce9f14b8-8d16-4df7-b53d-c738df7dd7b1:c126]
2019-07-13 10:59:49,483 INFO  client.GrpcClientProtocolClient (GrpcClientProtocolClient.java:onNext(255)) - client-E4F863CF2CDF->483d5df8-4905-41e2-a2e5-3e4aa56c3dae: receive RaftClientReply:client-E4F863CF2CDF->483d5df8-4905-41e2-a2e5-3e4aa56c3dae@group-1674E1DF3074, cid=125, SUCCESS, logIndex=0, commits[483d5df8-4905-41e2-a2e5-3e4aa56c3dae:c131, 84d6cbd8-10dc-4dfd-94c8-59a57a8a3286:c128, ce9f14b8-8d16-4df7-b53d-c738df7dd7b1:c128]
2019-07-13 10:59:49,486 INFO  client.GrpcClientProtocolClient (GrpcClientProtocolClient.java:onNext(255)) - client-E4F863CF2CDF->483d5df8-4905-41e2-a2e5-3e4aa56c3dae: receive RaftClientReply:client-E4F863CF2CDF->483d5df8-4905-41e2-a2e5-3e4aa56c3dae@group-1674E1DF3074, cid=126, SUCCESS, logIndex=0, commits[483d5df8-4905-41e2-a2e5-3e4aa56c3dae:c132, 84d6cbd8-10dc-4dfd-94c8-59a57a8a3286:c130, ce9f14b8-8d16-4df7-b53d-c738df7dd7b1:c130]
2019-07-13 10:59:49,513 INFO  client.GrpcClientProtocolClient (GrpcClientProtocolClient.java:onNext(255)) - client-E4F863CF2CDF->483d5df8-4905-41e2-a2e5-3e4aa56c3dae: receive RaftClientReply:client-E4F863CF2CDF->483d5df8-4905-41e2-a2e5-3e4aa56c3dae@group-1674E1DF3074, cid=127, SUCCESS, logIndex=135, commits[483d5df8-4905-41e2-a2e5-3e4aa56c3dae:c137, 84d6cbd8-10dc-4dfd-94c8-59a57a8a3286:c134, ce9f14b8-8d16-4df7-b53d-c738df7dd7b1:c134]
2019-07-13 10:59:49,513 INFO  client.GrpcClientProtocolClient (GrpcClientProtocolClient.java:onNext(255)) - client-E4F863CF2CDF->483d5df8-4905-41e2-a2e5-3e4aa56c3dae: receive RaftClientReply:client-E4F863CF2CDF->483d5df8-4905-41e2-a2e5-3e4aa56c3dae@group-1674E1DF3074, cid=128, SUCCESS, logIndex=136, commits[483d5df8-4905-41e2-a2e5-3e4aa56c3dae:c138, 84d6cbd8-10dc-4dfd-94c8-59a57a8a3286:c134, ce9f14b8-8d16-4df7-b53d-c738df7dd7b1:c134]
2019-07-13 10:59:49,514 INFO  client.GrpcClientProtocolClient (GrpcClientProtocolClient.java:onNext(255)) - client-E4F863CF2CDF->483d5df8-4905-41e2-a2e5-3e4aa56c3dae: receive RaftClientReply:client-E4F863CF2CDF->483d5df8-4905-41e2-a2e5-3e4aa56c3dae@group-1674E1DF3074, cid=129, SUCCESS, logIndex=137, commits[483d5df8-4905-41e2-a2e5-3e4aa56c3dae:c138, 84d6cbd8-10dc-4dfd-94c8-59a57a8a3286:c134, ce9f14b8-8d16-4df7-b53d-c738df7dd7b1:c134]
2019-07-13 10:59:49,515 INFO  client.GrpcClientProtocolClient (GrpcClientProtocolClient.java:onNext(255)) - client-E4F863CF2CDF->483d5df8-4905-41e2-a2e5-3e4aa56c3dae: receive RaftClientReply:client-E4F863CF2CDF->483d5df8-4905-41e2-a2e5-3e4aa56c3dae@group-1674E1DF3074, cid=130, SUCCESS, logIndex=138, commits[483d5df8-4905-41e2-a2e5-3e4aa56c3dae:c138, 84d6cbd8-10dc-4dfd-94c8-59a57a8a3286:c134, ce9f14b8-8d16-4df7-b53d-c738df7dd7b1:c134]
2019-07-13 10:59:49,526 INFO  client.GrpcClientProtocolClient (GrpcClientProtocolClient.java:onNext(255)) - client-E4F863CF2CDF->483d5df8-4905-41e2-a2e5-3e4aa56c3dae: receive RaftClientReply:client-E4F863CF2CDF->483d5df8-4905-41e2-a2e5-3e4aa56c3dae@group-1674E1DF3074, cid=131, SUCCESS, logIndex=0, commits[483d5df8-4905-41e2-a2e5-3e4aa56c3dae:c138, 84d6cbd8-10dc-4dfd-94c8-59a57a8a3286:c136, ce9f14b8-8d16-4df7-b53d-c738df7dd7b1:c136]
2019-07-13 10:59:49,552 INFO  client.GrpcClientProtocolClient (GrpcClientProtocolClient.java:onNext(255)) - client-E4F863CF2CDF->483d5df8-4905-41e2-a2e5-3e4aa56c3dae: receive RaftClientReply:client-E4F863CF2CDF->483d5df8-4905-41e2-a2e5-3e4aa56c3dae@group-1674E1DF3074, cid=132, SUCCESS, logIndex=143, commits[483d5df8-4905-41e2-a2e5-3e4aa56c3dae:c144, 84d6cbd8-10dc-4dfd-94c8-59a57a8a3286:c139, ce9f14b8-8d16-4df7-b53d-c738df7dd7b1:c139]
2019-07-13 10:59:49,554 INFO  client.GrpcClientProtocolClient (GrpcClientProtocolClient.java:onNext(255)) - client-E4F863CF2CDF->483d5df8-4905-41e2-a2e5-3e4aa56c3dae: receive RaftClientReply:client-E4F863CF2CDF->483d5df8-4905-41e2-a2e5-3e4aa56c3dae@group-1674E1DF3074, cid=133, SUCCESS, logIndex=144, commits[483d5df8-4905-41e2-a2e5-3e4aa56c3dae:c144, 84d6cbd8-10dc-4dfd-94c8-59a57a8a3286:c139, ce9f14b8-8d16-4df7-b53d-c738df7dd7b1:c139]
2019-07-13 10:59:49,580 INFO  client.GrpcClientProtocolClient (GrpcClientProtocolClient.java:onNext(255)) - client-E4F863CF2CDF->483d5df8-4905-41e2-a2e5-3e4aa56c3dae: receive RaftClientReply:client-E4F863CF2CDF->483d5df8-4905-41e2-a2e5-3e4aa56c3dae@group-1674E1DF3074, cid=134, SUCCESS, logIndex=147, commits[483d5df8-4905-41e2-a2e5-3e4aa56c3dae:c148, 84d6cbd8-10dc-4dfd-94c8-59a57a8a3286:c144, ce9f14b8-8d16-4df7-b53d-c738df7dd7b1:c144]
2019-07-13 10:59:49,580 INFO  client.GrpcClientProtocolClient (GrpcClientProtocolClient.java:onNext(255)) - client-E4F863CF2CDF->483d5df8-4905-41e2-a2e5-3e4aa56c3dae: receive RaftClientReply:client-E4F863CF2CDF->483d5df8-4905-41e2-a2e5-3e4aa56c3dae@group-1674E1DF3074, cid=135, SUCCESS, logIndex=148, commits[483d5df8-4905-41e2-a2e5-3e4aa56c3dae:c148, 84d6cbd8-10dc-4dfd-94c8-59a57a8a3286:c144, ce9f14b8-8d16-4df7-b53d-c738df7dd7b1:c144]
2019-07-13 10:59:49,606 INFO  client.GrpcClientProtocolClient (GrpcClientProtocolClient.java:onNext(255)) - client-E4F863CF2CDF->483d5df8-4905-41e2-a2e5-3e4aa56c3dae: receive RaftClientReply:client-E4F863CF2CDF->483d5df8-4905-41e2-a2e5-3e4aa56c3dae@group-1674E1DF3074, cid=136, SUCCESS, logIndex=0, commits[483d5df8-4905-41e2-a2e5-3e4aa56c3dae:c150, 84d6cbd8-10dc-4dfd-94c8-59a57a8a3286:c148, ce9f14b8-8d16-4df7-b53d-c738df7dd7b1:c148]
2019-07-13 10:59:49,631 INFO  client.GrpcClientProtocolClient (GrpcClientProtocolClient.java:onNext(255)) - client-E4F863CF2CDF->483d5df8-4905-41e2-a2e5-3e4aa56c3dae: receive RaftClientReply:client-E4F863CF2CDF->483d5df8-4905-41e2-a2e5-3e4aa56c3dae@group-1674E1DF3074, cid=137, SUCCESS, logIndex=151, commits[483d5df8-4905-41e2-a2e5-3e4aa56c3dae:c153, 84d6cbd8-10dc-4dfd-94c8-59a57a8a3286:c150, ce9f14b8-8d16-4df7-b53d-c738df7dd7b1:c150]
2019-07-13 10:59:49,632 INFO  client.GrpcClientProtocolClient (GrpcClientProtocolClient.java:onNext(255)) - client-E4F863CF2CDF->483d5df8-4905-41e2-a2e5-3e4aa56c3dae: receive RaftClientReply:client-E4F863CF2CDF->483d5df8-4905-41e2-a2e5-3e4aa56c3dae@group-1674E1DF3074, cid=138, SUCCESS, logIndex=152, commits[483d5df8-4905-41e2-a2e5-3e4aa56c3dae:c154, 84d6cbd8-10dc-4dfd-94c8-59a57a8a3286:c150, ce9f14b8-8d16-4df7-b53d-c738df7dd7b1:c150]
2019-07-13 10:59:49,633 INFO  client.GrpcClientProtocolClient (GrpcClientProtocolClient.java:onNext(255)) - client-E4F863CF2CDF->483d5df8-4905-41e2-a2e5-3e4aa56c3dae: receive RaftClientReply:client-E4F863CF2CDF->483d5df8-4905-41e2-a2e5-3e4aa56c3dae@group-1674E1DF3074, cid=139, SUCCESS, logIndex=153, commits[483d5df8-4905-41e2-a2e5-3e4aa56c3dae:c154, 84d6cbd8-10dc-4dfd-94c8-59a57a8a3286:c150, ce9f14b8-8d16-4df7-b53d-c738df7dd7b1:c150]
2019-07-13 10:59:49,634 INFO  client.GrpcClientProtocolClient (GrpcClientProtocolClient.java:onNext(255)) - client-E4F863CF2CDF->483d5df8-4905-41e2-a2e5-3e4aa56c3dae: receive RaftClientReply:client-E4F863CF2CDF->483d5df8-4905-41e2-a2e5-3e4aa56c3dae@group-1674E1DF3074, cid=140, SUCCESS, logIndex=154, commits[483d5df8-4905-41e2-a2e5-3e4aa56c3dae:c154, 84d6cbd8-10dc-4dfd-94c8-59a57a8a3286:c150, ce9f14b8-8d16-4df7-b53d-c738df7dd7b1:c150]
2019-07-13 10:59:49,643 INFO  client.GrpcClientProtocolClient (GrpcClientProtocolClient.java:onNext(255)) - client-E4F863CF2CDF->483d5df8-4905-41e2-a2e5-3e4aa56c3dae: receive RaftClientReply:client-E4F863CF2CDF->483d5df8-4905-41e2-a2e5-3e4aa56c3dae@group-1674E1DF3074, cid=141, SUCCESS, logIndex=0, commits[483d5df8-4905-41e2-a2e5-3e4aa56c3dae:c155, 84d6cbd8-10dc-4dfd-94c8-59a57a8a3286:c152, ce9f14b8-8d16-4df7-b53d-c738df7dd7b1:c152]
2019-07-13 10:59:49,665 INFO  client.GrpcClientProtocolClient (GrpcClientProtocolClient.java:onNext(255)) - client-E4F863CF2CDF->483d5df8-4905-41e2-a2e5-3e4aa56c3dae: receive RaftClientReply:client-E4F863CF2CDF->483d5df8-4905-41e2-a2e5-3e4aa56c3dae@group-1674E1DF3074, cid=142, SUCCESS, logIndex=159, commits[483d5df8-4905-41e2-a2e5-3e4aa56c3dae:c160, 84d6cbd8-10dc-4dfd-94c8-59a57a8a3286:c155, ce9f14b8-8d16-4df7-b53d-c738df7dd7b1:c155]
2019-07-13 10:59:49,666 INFO  client.GrpcClientProtocolClient (GrpcClientProtocolClient.java:onNext(255)) - client-E4F863CF2CDF->483d5df8-4905-41e2-a2e5-3e4aa56c3dae: receive RaftClientReply:client-E4F863CF2CDF->483d5df8-4905-41e2-a2e5-3e4aa56c3dae@group-1674E1DF3074, cid=143, SUCCESS, logIndex=160, commits[483d5df8-4905-41e2-a2e5-3e4aa56c3dae:c160, 84d6cbd8-10dc-4dfd-94c8-59a57a8a3286:c155, ce9f14b8-8d16-4df7-b53d-c738df7dd7b1:c155]
2019-07-13 10:59:49,688 INFO  client.GrpcClientProtocolClient (GrpcClientProtocolClient.java:onNext(255)) - client-E4F863CF2CDF->483d5df8-4905-41e2-a2e5-3e4aa56c3dae: receive RaftClientReply:client-E4F863CF2CDF->483d5df8-4905-41e2-a2e5-3e4aa56c3dae@group-1674E1DF3074, cid=144, SUCCESS, logIndex=163, commits[483d5df8-4905-41e2-a2e5-3e4aa56c3dae:c163, 84d6cbd8-10dc-4dfd-94c8-59a57a8a3286:c160, ce9f14b8-8d16-4df7-b53d-c738df7dd7b1:c160]
2019-07-13 10:59:49,688 INFO  client.GrpcClientProtocolClient (GrpcClientProtocolClient.java:onNext(255)) - client-E4F863CF2CDF->483d5df8-4905-41e2-a2e5-3e4aa56c3dae: receive RaftClientReply:client-E4F863CF2CDF->483d5df8-4905-41e2-a2e5-3e4aa56c3dae@group-1674E1DF3074, cid=145, SUCCESS, logIndex=164, commits[483d5df8-4905-41e2-a2e5-3e4aa56c3dae:c164, 84d6cbd8-10dc-4dfd-94c8-59a57a8a3286:c160, ce9f14b8-8d16-4df7-b53d-c738df7dd7b1:c160]
2019-07-13 10:59:49,699 INFO  client.GrpcClientProtocolClient (GrpcClientProtocolClient.java:onNext(255)) - client-E4F863CF2CDF->483d5df8-4905-41e2-a2e5-3e4aa56c3dae: receive RaftClientReply:client-E4F863CF2CDF->483d5df8-4905-41e2-a2e5-3e4aa56c3dae@group-1674E1DF3074, cid=146, SUCCESS, logIndex=0, commits[483d5df8-4905-41e2-a2e5-3e4aa56c3dae:c164, 84d6cbd8-10dc-4dfd-94c8-59a57a8a3286:c164, ce9f14b8-8d16-4df7-b53d-c738df7dd7b1:c164]
2019-07-13 10:59:49,702 INFO  container.CloseContainerEventHandler (CloseContainerEventHandler.java:onMessage(61)) - Close container Event triggered for container : #15
2019-07-13 10:59:49,702 INFO  container.CloseContainerEventHandler (CloseContainerEventHandler.java:onMessage(61)) - Close container Event triggered for container : #15
2019-07-13 10:59:49,702 INFO  container.CloseContainerEventHandler (CloseContainerEventHandler.java:onMessage(61)) - Close container Event triggered for container : #15
2019-07-13 10:59:49,702 INFO  container.CloseContainerEventHandler (CloseContainerEventHandler.java:onMessage(61)) - Close container Event triggered for container : #9
2019-07-13 10:59:49,702 INFO  container.CloseContainerEventHandler (CloseContainerEventHandler.java:onMessage(61)) - Close container Event triggered for container : #9
2019-07-13 10:59:49,703 INFO  container.CloseContainerEventHandler (CloseContainerEventHandler.java:onMessage(61)) - Close container Event triggered for container : #9
2019-07-13 10:59:49,703 INFO  container.CloseContainerEventHandler (CloseContainerEventHandler.java:onMessage(61)) - Close container Event triggered for container : #14
2019-07-13 10:59:49,703 INFO  container.CloseContainerEventHandler (CloseContainerEventHandler.java:onMessage(61)) - Close container Event triggered for container : #14
2019-07-13 10:59:49,703 INFO  container.CloseContainerEventHandler (CloseContainerEventHandler.java:onMessage(61)) - Close container Event triggered for container : #14
2019-07-13 10:59:49,865 INFO  client.GrpcClientProtocolClient (GrpcClientProtocolClient.java:onNext(255)) - client-7D590E259A6E->0bf649db-c09a-4405-873c-313ea8973ebd: receive RaftClientReply:client-7D590E259A6E->0bf649db-c09a-4405-873c-313ea8973ebd@group-6812E24DC5FA, cid=147, SUCCESS, logIndex=50, commits[0bf649db-c09a-4405-873c-313ea8973ebd:c51, c4e2b5c3-ff1f-4a50-a7c3-54cb7a8212be:c49, 3350650c-6992-45d7-aea4-e7b0277db5d9:c49]
2019-07-13 10:59:49,940 INFO  client.GrpcClientProtocolClient (GrpcClientProtocolClient.java:onNext(255)) - client-7D590E259A6E->0bf649db-c09a-4405-873c-313ea8973ebd: receive RaftClientReply:client-7D590E259A6E->0bf649db-c09a-4405-873c-313ea8973ebd@group-6812E24DC5FA, cid=148, SUCCESS, logIndex=51, commits[0bf649db-c09a-4405-873c-313ea8973ebd:c53, c4e2b5c3-ff1f-4a50-a7c3-54cb7a8212be:c51, 3350650c-6992-45d7-aea4-e7b0277db5d9:c51]
2019-07-13 10:59:50,202 INFO  container.CloseContainerEventHandler (CloseContainerEventHandler.java:onMessage(61)) - Close container Event triggered for container : #16
2019-07-13 10:59:50,203 INFO  container.CloseContainerEventHandler (CloseContainerEventHandler.java:onMessage(61)) - Close container Event triggered for container : #16
2019-07-13 10:59:50,203 INFO  container.CloseContainerEventHandler (CloseContainerEventHandler.java:onMessage(61)) - Close container Event triggered for container : #16
2019-07-13 10:59:51,343 INFO  interfaces.Container (KeyValueContainer.java:compactDB(356)) - Container 15 is closed with bcsId 130.
2019-07-13 10:59:51,349 INFO  interfaces.Container (KeyValueContainer.java:compactDB(356)) - Container 15 is closed with bcsId 130.
2019-07-13 10:59:51,354 INFO  interfaces.Container (KeyValueContainer.java:compactDB(356)) - Container 15 is closed with bcsId 130.
2019-07-13 10:59:51,399 INFO  interfaces.Container (KeyValueContainer.java:compactDB(356)) - Container 9 is closed with bcsId 148.
2019-07-13 10:59:51,428 INFO  interfaces.Container (KeyValueContainer.java:compactDB(356)) - Container 9 is closed with bcsId 148.
2019-07-13 10:59:51,443 INFO  interfaces.Container (KeyValueContainer.java:compactDB(356)) - Container 9 is closed with bcsId 148.
2019-07-13 10:59:51,460 INFO  interfaces.Container (KeyValueContainer.java:compactDB(356)) - Container 14 is closed with bcsId 164.
2019-07-13 10:59:51,483 INFO  interfaces.Container (KeyValueContainer.java:compactDB(356)) - Container 14 is closed with bcsId 164.
2019-07-13 10:59:51,514 INFO  interfaces.Container (KeyValueContainer.java:compactDB(356)) - Container 14 is closed with bcsId 164.
2019-07-13 10:59:51,577 INFO  interfaces.Container (KeyValueContainer.java:compactDB(356)) - Container 16 is closed with bcsId 51.
2019-07-13 10:59:51,594 INFO  interfaces.Container (KeyValueContainer.java:compactDB(356)) - Container 16 is closed with bcsId 51.
2019-07-13 10:59:51,598 INFO  interfaces.Container (KeyValueContainer.java:compactDB(356)) - Container 16 is closed with bcsId 51.
10:59:51.709 [grpc-default-executor-3] ERROR DNAudit - user=null | ip=null | op=WRITE_CHUNK {blockData=conID: 16 locID: 102433789634478106 bcsId: 51} | ret=FAILURE
org.apache.hadoop.hdds.scm.container.common.helpers.ContainerNotOpenException: Container 16 in CLOSED state
	at org.apache.hadoop.ozone.container.common.impl.HddsDispatcher.validateContainerCommand(HddsDispatcher.java:408) ~[hadoop-hdds-container-service-0.5.0-SNAPSHOT.jar:?]
	at org.apache.hadoop.ozone.container.common.transport.server.ratis.ContainerStateMachine.startTransaction(ContainerStateMachine.java:271) ~[hadoop-hdds-container-service-0.5.0-SNAPSHOT.jar:?]
	at org.apache.ratis.server.impl.RaftServerImpl.submitClientRequestAsync(RaftServerImpl.java:566) ~[ratis-server-0.4.0-2337318-SNAPSHOT.jar:0.4.0-2337318-SNAPSHOT]
	at org.apache.ratis.server.impl.RaftServerProxy.lambda$submitClientRequestAsync$7(RaftServerProxy.java:333) ~[ratis-server-0.4.0-2337318-SNAPSHOT.jar:0.4.0-2337318-SNAPSHOT]
	at org.apache.ratis.server.impl.RaftServerProxy.lambda$null$5(RaftServerProxy.java:328) ~[ratis-server-0.4.0-2337318-SNAPSHOT.jar:0.4.0-2337318-SNAPSHOT]
	at org.apache.ratis.util.JavaUtils.callAsUnchecked(JavaUtils.java:109) ~[ratis-common-0.4.0-2337318-SNAPSHOT.jar:0.4.0-2337318-SNAPSHOT]
	at org.apache.ratis.server.impl.RaftServerProxy.lambda$submitRequest$6(RaftServerProxy.java:328) ~[ratis-server-0.4.0-2337318-SNAPSHOT.jar:0.4.0-2337318-SNAPSHOT]
	at java.util.concurrent.CompletableFuture.uniComposeStage(CompletableFuture.java:981) ~[?:1.8.0_212]
	at java.util.concurrent.CompletableFuture.thenCompose(CompletableFuture.java:2124) ~[?:1.8.0_212]
	at org.apache.ratis.server.impl.RaftServerProxy.submitRequest(RaftServerProxy.java:327) ~[ratis-server-0.4.0-2337318-SNAPSHOT.jar:0.4.0-2337318-SNAPSHOT]
	at org.apache.ratis.server.impl.RaftServerProxy.submitClientRequestAsync(RaftServerProxy.java:333) ~[ratis-server-0.4.0-2337318-SNAPSHOT.jar:0.4.0-2337318-SNAPSHOT]
	at org.apache.ratis.grpc.client.GrpcClientProtocolService$RequestStreamObserver.processClientRequest(GrpcClientProtocolService.java:220) ~[ratis-grpc-0.4.0-2337318-SNAPSHOT.jar:0.4.0-2337318-SNAPSHOT]
	at org.apache.ratis.grpc.client.GrpcClientProtocolService$OrderedRequestStreamObserver.processClientRequest(GrpcClientProtocolService.java:326) ~[ratis-grpc-0.4.0-2337318-SNAPSHOT.jar:0.4.0-2337318-SNAPSHOT]
	at org.apache.ratis.util.SlidingWindow$Server.processRequestsFromHead(SlidingWindow.java:429) [ratis-common-0.4.0-2337318-SNAPSHOT.jar:0.4.0-2337318-SNAPSHOT]
	at org.apache.ratis.util.SlidingWindow$Server.receivedRequest(SlidingWindow.java:421) [ratis-common-0.4.0-2337318-SNAPSHOT.jar:0.4.0-2337318-SNAPSHOT]
	at org.apache.ratis.grpc.client.GrpcClientProtocolService$OrderedRequestStreamObserver.processClientRequest(GrpcClientProtocolService.java:345) [ratis-grpc-0.4.0-2337318-SNAPSHOT.jar:0.4.0-2337318-SNAPSHOT]
	at org.apache.ratis.grpc.client.GrpcClientProtocolService$RequestStreamObserver.onNext(GrpcClientProtocolService.java:240) [ratis-grpc-0.4.0-2337318-SNAPSHOT.jar:0.4.0-2337318-SNAPSHOT]
	at org.apache.ratis.grpc.client.GrpcClientProtocolService$RequestStreamObserver.onNext(GrpcClientProtocolService.java:168) [ratis-grpc-0.4.0-2337318-SNAPSHOT.jar:0.4.0-2337318-SNAPSHOT]
	at org.apache.ratis.thirdparty.io.grpc.stub.ServerCalls$StreamingServerCallHandler$StreamingServerCallListener.onMessage(ServerCalls.java:248) [ratis-thirdparty-misc-0.2.0.jar:0.2.0]
	at org.apache.ratis.thirdparty.io.grpc.internal.ServerCallImpl$ServerStreamListenerImpl.messagesAvailable(ServerCallImpl.java:263) [ratis-thirdparty-misc-0.2.0.jar:0.2.0]
	at org.apache.ratis.thirdparty.io.grpc.internal.ServerImpl$JumpToApplicationThreadServerStreamListener$1MessagesAvailable.runInContext(ServerImpl.java:686) [ratis-thirdparty-misc-0.2.0.jar:0.2.0]
	at org.apache.ratis.thirdparty.io.grpc.internal.ContextRunnable.run(ContextRunnable.java:37) [ratis-thirdparty-misc-0.2.0.jar:0.2.0]
	at org.apache.ratis.thirdparty.io.grpc.internal.SerializingExecutor.run(SerializingExecutor.java:123) [ratis-thirdparty-misc-0.2.0.jar:0.2.0]
	at java.util.concurrent.ThreadPoolExecutor.runWorker(ThreadPoolExecutor.java:1149) [?:1.8.0_212]
	at java.util.concurrent.ThreadPoolExecutor$Worker.run(ThreadPoolExecutor.java:624) [?:1.8.0_212]
	at java.lang.Thread.run(Thread.java:748) [?:1.8.0_212]
10:59:51.718 [grpc-default-executor-3] ERROR DNAudit - user=null | ip=null | op=PUT_BLOCK {blockData=[blockId=conID: 16 locID: 102433789634478106 bcsId: 0,size=2097152]} | ret=FAILURE
org.apache.hadoop.hdds.scm.container.common.helpers.ContainerNotOpenException: Container 16 in CLOSED state
	at org.apache.hadoop.ozone.container.common.impl.HddsDispatcher.validateContainerCommand(HddsDispatcher.java:408) ~[hadoop-hdds-container-service-0.5.0-SNAPSHOT.jar:?]
	at org.apache.hadoop.ozone.container.common.transport.server.ratis.ContainerStateMachine.startTransaction(ContainerStateMachine.java:271) ~[hadoop-hdds-container-service-0.5.0-SNAPSHOT.jar:?]
	at org.apache.ratis.server.impl.RaftServerImpl.submitClientRequestAsync(RaftServerImpl.java:566) ~[ratis-server-0.4.0-2337318-SNAPSHOT.jar:0.4.0-2337318-SNAPSHOT]
	at org.apache.ratis.server.impl.RaftServerProxy.lambda$submitClientRequestAsync$7(RaftServerProxy.java:333) ~[ratis-server-0.4.0-2337318-SNAPSHOT.jar:0.4.0-2337318-SNAPSHOT]
	at org.apache.ratis.server.impl.RaftServerProxy.lambda$null$5(RaftServerProxy.java:328) ~[ratis-server-0.4.0-2337318-SNAPSHOT.jar:0.4.0-2337318-SNAPSHOT]
	at org.apache.ratis.util.JavaUtils.callAsUnchecked(JavaUtils.java:109) ~[ratis-common-0.4.0-2337318-SNAPSHOT.jar:0.4.0-2337318-SNAPSHOT]
	at org.apache.ratis.server.impl.RaftServerProxy.lambda$submitRequest$6(RaftServerProxy.java:328) ~[ratis-server-0.4.0-2337318-SNAPSHOT.jar:0.4.0-2337318-SNAPSHOT]
	at java.util.concurrent.CompletableFuture.uniComposeStage(CompletableFuture.java:981) ~[?:1.8.0_212]
	at java.util.concurrent.CompletableFuture.thenCompose(CompletableFuture.java:2124) ~[?:1.8.0_212]
	at org.apache.ratis.server.impl.RaftServerProxy.submitRequest(RaftServerProxy.java:327) ~[ratis-server-0.4.0-2337318-SNAPSHOT.jar:0.4.0-2337318-SNAPSHOT]
	at org.apache.ratis.server.impl.RaftServerProxy.submitClientRequestAsync(RaftServerProxy.java:333) ~[ratis-server-0.4.0-2337318-SNAPSHOT.jar:0.4.0-2337318-SNAPSHOT]
	at org.apache.ratis.grpc.client.GrpcClientProtocolService$RequestStreamObserver.processClientRequest(GrpcClientProtocolService.java:220) ~[ratis-grpc-0.4.0-2337318-SNAPSHOT.jar:0.4.0-2337318-SNAPSHOT]
	at org.apache.ratis.grpc.client.GrpcClientProtocolService$OrderedRequestStreamObserver.processClientRequest(GrpcClientProtocolService.java:326) ~[ratis-grpc-0.4.0-2337318-SNAPSHOT.jar:0.4.0-2337318-SNAPSHOT]
	at org.apache.ratis.util.SlidingWindow$Server.processRequestsFromHead(SlidingWindow.java:429) [ratis-common-0.4.0-2337318-SNAPSHOT.jar:0.4.0-2337318-SNAPSHOT]
	at org.apache.ratis.util.SlidingWindow$Server.receivedRequest(SlidingWindow.java:421) [ratis-common-0.4.0-2337318-SNAPSHOT.jar:0.4.0-2337318-SNAPSHOT]
	at org.apache.ratis.grpc.client.GrpcClientProtocolService$OrderedRequestStreamObserver.processClientRequest(GrpcClientProtocolService.java:345) [ratis-grpc-0.4.0-2337318-SNAPSHOT.jar:0.4.0-2337318-SNAPSHOT]
	at org.apache.ratis.grpc.client.GrpcClientProtocolService$RequestStreamObserver.onNext(GrpcClientProtocolService.java:240) [ratis-grpc-0.4.0-2337318-SNAPSHOT.jar:0.4.0-2337318-SNAPSHOT]
	at org.apache.ratis.grpc.client.GrpcClientProtocolService$RequestStreamObserver.onNext(GrpcClientProtocolService.java:168) [ratis-grpc-0.4.0-2337318-SNAPSHOT.jar:0.4.0-2337318-SNAPSHOT]
	at org.apache.ratis.thirdparty.io.grpc.stub.ServerCalls$StreamingServerCallHandler$StreamingServerCallListener.onMessage(ServerCalls.java:248) [ratis-thirdparty-misc-0.2.0.jar:0.2.0]
	at org.apache.ratis.thirdparty.io.grpc.internal.ServerCallImpl$ServerStreamListenerImpl.messagesAvailable(ServerCallImpl.java:263) [ratis-thirdparty-misc-0.2.0.jar:0.2.0]
	at org.apache.ratis.thirdparty.io.grpc.internal.ServerImpl$JumpToApplicationThreadServerStreamListener$1MessagesAvailable.runInContext(ServerImpl.java:686) [ratis-thirdparty-misc-0.2.0.jar:0.2.0]
	at org.apache.ratis.thirdparty.io.grpc.internal.ContextRunnable.run(ContextRunnable.java:37) [ratis-thirdparty-misc-0.2.0.jar:0.2.0]
	at org.apache.ratis.thirdparty.io.grpc.internal.SerializingExecutor.run(SerializingExecutor.java:123) [ratis-thirdparty-misc-0.2.0.jar:0.2.0]
	at java.util.concurrent.ThreadPoolExecutor.runWorker(ThreadPoolExecutor.java:1149) [?:1.8.0_212]
	at java.util.concurrent.ThreadPoolExecutor$Worker.run(ThreadPoolExecutor.java:624) [?:1.8.0_212]
	at java.lang.Thread.run(Thread.java:748) [?:1.8.0_212]
2019-07-13 10:59:51,719 INFO  client.GrpcClientProtocolClient (GrpcClientProtocolClient.java:onNext(255)) - client-7D590E259A6E->0bf649db-c09a-4405-873c-313ea8973ebd: receive RaftClientReply:client-7D590E259A6E->0bf649db-c09a-4405-873c-313ea8973ebd@group-6812E24DC5FA, cid=149, FAILED org.apache.ratis.protocol.StateMachineException: org.apache.hadoop.hdds.scm.container.common.helpers.ContainerNotOpenException from Server 0bf649db-c09a-4405-873c-313ea8973ebd: Container 16 in CLOSED state, logIndex=0, commits[0bf649db-c09a-4405-873c-313ea8973ebd:c55, c4e2b5c3-ff1f-4a50-a7c3-54cb7a8212be:c54, 3350650c-6992-45d7-aea4-e7b0277db5d9:c54]
2019-07-13 10:59:51,726 INFO  client.GrpcClientProtocolClient (GrpcClientProtocolClient.java:onNext(255)) - client-7D590E259A6E->0bf649db-c09a-4405-873c-313ea8973ebd: receive RaftClientReply:client-7D590E259A6E->0bf649db-c09a-4405-873c-313ea8973ebd@group-6812E24DC5FA, cid=150, FAILED org.apache.ratis.protocol.StateMachineException: org.apache.hadoop.hdds.scm.container.common.helpers.ContainerNotOpenException from Server 0bf649db-c09a-4405-873c-313ea8973ebd: Container 16 in CLOSED state, logIndex=0, commits[0bf649db-c09a-4405-873c-313ea8973ebd:c55, c4e2b5c3-ff1f-4a50-a7c3-54cb7a8212be:c54, 3350650c-6992-45d7-aea4-e7b0277db5d9:c54]
2019-07-13 10:59:51,945 INFO  client.GrpcClientProtocolClient (GrpcClientProtocolClient.java:onNext(255)) - client-E4F863CF2CDF->483d5df8-4905-41e2-a2e5-3e4aa56c3dae: receive RaftClientReply:client-E4F863CF2CDF->483d5df8-4905-41e2-a2e5-3e4aa56c3dae@group-1674E1DF3074, cid=151, SUCCESS, logIndex=173, commits[483d5df8-4905-41e2-a2e5-3e4aa56c3dae:c176, 84d6cbd8-10dc-4dfd-94c8-59a57a8a3286:c172, ce9f14b8-8d16-4df7-b53d-c738df7dd7b1:c172]
2019-07-13 10:59:51,995 INFO  client.GrpcClientProtocolClient (GrpcClientProtocolClient.java:onNext(255)) - client-E4F863CF2CDF->483d5df8-4905-41e2-a2e5-3e4aa56c3dae: receive RaftClientReply:client-E4F863CF2CDF->483d5df8-4905-41e2-a2e5-3e4aa56c3dae@group-1674E1DF3074, cid=152, SUCCESS, logIndex=174, commits[483d5df8-4905-41e2-a2e5-3e4aa56c3dae:c180, 84d6cbd8-10dc-4dfd-94c8-59a57a8a3286:c176, ce9f14b8-8d16-4df7-b53d-c738df7dd7b1:c176]
2019-07-13 10:59:51,996 INFO  client.GrpcClientProtocolClient (GrpcClientProtocolClient.java:onNext(255)) - client-E4F863CF2CDF->483d5df8-4905-41e2-a2e5-3e4aa56c3dae: receive RaftClientReply:client-E4F863CF2CDF->483d5df8-4905-41e2-a2e5-3e4aa56c3dae@group-1674E1DF3074, cid=153, SUCCESS, logIndex=175, commits[483d5df8-4905-41e2-a2e5-3e4aa56c3dae:c180, 84d6cbd8-10dc-4dfd-94c8-59a57a8a3286:c176, ce9f14b8-8d16-4df7-b53d-c738df7dd7b1:c176]
2019-07-13 10:59:52,119 INFO  client.GrpcClientProtocolClient (GrpcClientProtocolClient.java:onNext(255)) - client-E4F863CF2CDF->483d5df8-4905-41e2-a2e5-3e4aa56c3dae: receive RaftClientReply:client-E4F863CF2CDF->483d5df8-4905-41e2-a2e5-3e4aa56c3dae@group-1674E1DF3074, cid=154, SUCCESS, logIndex=176, commits[483d5df8-4905-41e2-a2e5-3e4aa56c3dae:c180, 84d6cbd8-10dc-4dfd-94c8-59a57a8a3286:c176, ce9f14b8-8d16-4df7-b53d-c738df7dd7b1:c176]
2019-07-13 10:59:52,146 INFO  client.GrpcClientProtocolClient (GrpcClientProtocolClient.java:onNext(255)) - client-E4F863CF2CDF->483d5df8-4905-41e2-a2e5-3e4aa56c3dae: receive RaftClientReply:client-E4F863CF2CDF->483d5df8-4905-41e2-a2e5-3e4aa56c3dae@group-1674E1DF3074, cid=155, SUCCESS, logIndex=181, commits[483d5df8-4905-41e2-a2e5-3e4aa56c3dae:c182, 84d6cbd8-10dc-4dfd-94c8-59a57a8a3286:c180, ce9f14b8-8d16-4df7-b53d-c738df7dd7b1:c180]
2019-07-13 10:59:52,147 INFO  client.GrpcClientProtocolClient (GrpcClientProtocolClient.java:onNext(255)) - client-E4F863CF2CDF->483d5df8-4905-41e2-a2e5-3e4aa56c3dae: receive RaftClientReply:client-E4F863CF2CDF->483d5df8-4905-41e2-a2e5-3e4aa56c3dae@group-1674E1DF3074, cid=156, SUCCESS, logIndex=182, commits[483d5df8-4905-41e2-a2e5-3e4aa56c3dae:c182, 84d6cbd8-10dc-4dfd-94c8-59a57a8a3286:c180, ce9f14b8-8d16-4df7-b53d-c738df7dd7b1:c180]
2019-07-13 10:59:52,158 INFO  client.GrpcClientProtocolClient (GrpcClientProtocolClient.java:onNext(255)) - client-E4F863CF2CDF->483d5df8-4905-41e2-a2e5-3e4aa56c3dae: receive RaftClientReply:client-E4F863CF2CDF->483d5df8-4905-41e2-a2e5-3e4aa56c3dae@group-1674E1DF3074, cid=157, SUCCESS, logIndex=0, commits[483d5df8-4905-41e2-a2e5-3e4aa56c3dae:c183, 84d6cbd8-10dc-4dfd-94c8-59a57a8a3286:c182, ce9f14b8-8d16-4df7-b53d-c738df7dd7b1:c182]
2019-07-13 10:59:52,189 INFO  pipeline.Pipeline (Pipeline.java:getProtobufMessage(195)) - Serialize pipeline PipelineID=0fd3aa49-5301-47d0-b99c-1674e1df3074 with nodesInOrder{ }
]]></system-out>
  </testcase>
  <testcase name="testDiscardPreallocatedBlocks" classname="org.apache.hadoop.ozone.client.rpc.TestCloseContainerHandlingByClient" time="0">
    <skipped/>
  </testcase>
</testsuite>