<?xml version="1.0" encoding="UTF-8"?>
<testsuite xmlns:xsi="http://www.w3.org/2001/XMLSchema-instance" xsi:noNamespaceSchemaLocation="https://maven.apache.org/surefire/maven-surefire-plugin/xsd/surefire-test-report.xsd" name="org.apache.hadoop.ozone.client.rpc.TestWatchForCommit" time="207.639" tests="6" errors="0" skipped="0" failures="2">
  <properties>
    <property name="awt.toolkit" value="sun.awt.X11.XToolkit"/>
    <property name="file.encoding.pkg" value="sun.io"/>
    <property name="java.specification.version" value="1.8"/>
    <property name="sun.cpu.isalist" value=""/>
    <property name="sun.jnu.encoding" value="UTF-8"/>
    <property name="java.class.path" value="/tmp/workdir/hadoop-ozone/integration-test/target/test-classes:/tmp/workdir/hadoop-ozone/integration-test/target/classes:/home/user/.m2/repository/org/apache/hadoop/hadoop-ozone-common/0.5.0-SNAPSHOT/hadoop-ozone-common-0.5.0-SNAPSHOT.jar:/home/user/.m2/repository/org/apache/commons/commons-compress/1.4.1/commons-compress-1.4.1.jar:/home/user/.m2/repository/org/tukaani/xz/1.0/xz-1.0.jar:/home/user/.m2/repository/org/apache/hadoop/hadoop-common/3.2.0/hadoop-common-3.2.0.jar:/home/user/.m2/repository/org/apache/hadoop/hadoop-hdfs/3.2.0/hadoop-hdfs-3.2.0.jar:/home/user/.m2/repository/org/apache/hadoop/hadoop-hdfs-client/3.2.0/hadoop-hdfs-client-3.2.0.jar:/home/user/.m2/repository/com/fasterxml/jackson/core/jackson-annotations/2.9.5/jackson-annotations-2.9.5.jar:/home/user/.m2/repository/org/apache/hadoop/hadoop-hdds-common/0.5.0-SNAPSHOT/hadoop-hdds-common-0.5.0-SNAPSHOT.jar:/home/user/.m2/repository/javax/annotation/javax.annotation-api/1.2/javax.annotation-api-1.2.jar:/home/user/.m2/repository/org/apache/ratis/ratis-server/0.4.0-2337318-SNAPSHOT/ratis-server-0.4.0-2337318-SNAPSHOT.jar:/home/user/.m2/repository/org/apache/ratis/ratis-thirdparty-misc/0.2.0/ratis-thirdparty-misc-0.2.0.jar:/home/user/.m2/repository/org/apache/ratis/ratis-proto/0.4.0-2337318-SNAPSHOT/ratis-proto-0.4.0-2337318-SNAPSHOT.jar:/home/user/.m2/repository/org/apache/ratis/ratis-common/0.4.0-2337318-SNAPSHOT/ratis-common-0.4.0-2337318-SNAPSHOT.jar:/home/user/.m2/repository/org/apache/ratis/ratis-client/0.4.0-2337318-SNAPSHOT/ratis-client-0.4.0-2337318-SNAPSHOT.jar:/home/user/.m2/repository/org/apache/ratis/ratis-metrics/0.4.0-2337318-SNAPSHOT/ratis-metrics-0.4.0-2337318-SNAPSHOT.jar:/home/user/.m2/repository/org/apache/ratis/ratis-netty/0.4.0-2337318-SNAPSHOT/ratis-netty-0.4.0-2337318-SNAPSHOT.jar:/home/user/.m2/repository/org/apache/ratis/ratis-grpc/0.4.0-2337318-SNAPSHOT/ratis-grpc-0.4.0-2337318-SNAPSHOT.jar:/home/user/.m2/repository/org/rocksdb/rocksdbjni/6.0.1/rocksdbjni-6.0.1.jar:/home/user/.m2/repository/org/apache/logging/log4j/log4j-api/2.11.0/log4j-api-2.11.0.jar:/home/user/.m2/repository/org/apache/logging/log4j/log4j-core/2.11.0/log4j-core-2.11.0.jar:/home/user/.m2/repository/com/lmax/disruptor/3.4.2/disruptor-3.4.2.jar:/home/user/.m2/repository/org/apache/commons/commons-pool2/2.6.0/commons-pool2-2.6.0.jar:/home/user/.m2/repository/org/bouncycastle/bcpkix-jdk15on/1.60/bcpkix-jdk15on-1.60.jar:/home/user/.m2/repository/commons-validator/commons-validator/1.6/commons-validator-1.6.jar:/home/user/.m2/repository/commons-digester/commons-digester/1.8.1/commons-digester-1.8.1.jar:/home/user/.m2/repository/io/jaegertracing/jaeger-client/0.33.1/jaeger-client-0.33.1.jar:/home/user/.m2/repository/io/jaegertracing/jaeger-thrift/0.33.1/jaeger-thrift-0.33.1.jar:/home/user/.m2/repository/org/apache/thrift/libthrift/0.11.0/libthrift-0.11.0.jar:/home/user/.m2/repository/com/squareup/okhttp3/okhttp/3.9.0/okhttp-3.9.0.jar:/home/user/.m2/repository/com/squareup/okio/okio/1.13.0/okio-1.13.0.jar:/home/user/.m2/repository/io/jaegertracing/jaeger-core/0.33.1/jaeger-core-0.33.1.jar:/home/user/.m2/repository/io/jaegertracing/jaeger-tracerresolver/0.33.1/jaeger-tracerresolver-0.33.1.jar:/home/user/.m2/repository/io/opentracing/contrib/opentracing-tracerresolver/0.1.5/opentracing-tracerresolver-0.1.5.jar:/home/user/.m2/repository/io/opentracing/opentracing-util/0.31.0/opentracing-util-0.31.0.jar:/home/user/.m2/repository/io/opentracing/opentracing-api/0.31.0/opentracing-api-0.31.0.jar:/home/user/.m2/repository/io/opentracing/opentracing-noop/0.31.0/opentracing-noop-0.31.0.jar:/home/user/.m2/repository/org/apache/hadoop/hadoop-hdds-server-framework/0.5.0-SNAPSHOT/hadoop-hdds-server-framework-0.5.0-SNAPSHOT.jar:/home/user/.m2/repository/org/apache/hadoop/hadoop-hdds-container-service/0.5.0-SNAPSHOT/hadoop-hdds-container-service-0.5.0-SNAPSHOT.jar:/home/user/.m2/repository/org/apache/hadoop/hadoop-hdds-client/0.5.0-SNAPSHOT/hadoop-hdds-client-0.5.0-SNAPSHOT.jar:/home/user/.m2/repository/org/apache/hadoop/hadoop-hdds-tools/0.5.0-SNAPSHOT/hadoop-hdds-tools-0.5.0-SNAPSHOT.jar:/home/user/.m2/repository/org/apache/hadoop/hadoop-hdds-server-scm/0.5.0-SNAPSHOT/hadoop-hdds-server-scm-0.5.0-SNAPSHOT.jar:/home/user/.m2/repository/org/apache/hadoop/hadoop-hdds-docs/0.5.0-SNAPSHOT/hadoop-hdds-docs-0.5.0-SNAPSHOT.jar:/home/user/.m2/repository/io/dropwizard/metrics/metrics-core/3.2.4/metrics-core-3.2.4.jar:/home/user/.m2/repository/org/hamcrest/hamcrest-all/1.3/hamcrest-all-1.3.jar:/home/user/.m2/repository/org/bouncycastle/bcprov-jdk15on/1.60/bcprov-jdk15on-1.60.jar:/home/user/.m2/repository/info/picocli/picocli/3.9.6/picocli-3.9.6.jar:/home/user/.m2/repository/com/google/protobuf/protobuf-java/2.5.0/protobuf-java-2.5.0.jar:/home/user/.m2/repository/com/google/guava/guava/11.0.2/guava-11.0.2.jar:/home/user/.m2/repository/org/apache/hadoop/hadoop-ozone-ozone-manager/0.5.0-SNAPSHOT/hadoop-ozone-ozone-manager-0.5.0-SNAPSHOT.jar:/home/user/.m2/repository/org/apache/hadoop/hadoop-minikdc/3.2.0/hadoop-minikdc-3.2.0.jar:/home/user/.m2/repository/commons-io/commons-io/2.5/commons-io-2.5.jar:/home/user/.m2/repository/org/apache/kerby/kerb-simplekdc/1.0.1/kerb-simplekdc-1.0.1.jar:/home/user/.m2/repository/org/apache/kerby/kerb-client/1.0.1/kerb-client-1.0.1.jar:/home/user/.m2/repository/org/apache/kerby/kerby-config/1.0.1/kerby-config-1.0.1.jar:/home/user/.m2/repository/org/apache/kerby/kerb-core/1.0.1/kerb-core-1.0.1.jar:/home/user/.m2/repository/org/apache/kerby/kerby-pkix/1.0.1/kerby-pkix-1.0.1.jar:/home/user/.m2/repository/org/apache/kerby/kerby-asn1/1.0.1/kerby-asn1-1.0.1.jar:/home/user/.m2/repository/org/apache/kerby/kerby-util/1.0.1/kerby-util-1.0.1.jar:/home/user/.m2/repository/org/apache/kerby/kerb-common/1.0.1/kerb-common-1.0.1.jar:/home/user/.m2/repository/org/apache/kerby/kerb-crypto/1.0.1/kerb-crypto-1.0.1.jar:/home/user/.m2/repository/org/apache/kerby/kerb-util/1.0.1/kerb-util-1.0.1.jar:/home/user/.m2/repository/org/apache/kerby/token-provider/1.0.1/token-provider-1.0.1.jar:/home/user/.m2/repository/org/apache/kerby/kerb-admin/1.0.1/kerb-admin-1.0.1.jar:/home/user/.m2/repository/org/apache/kerby/kerb-server/1.0.1/kerb-server-1.0.1.jar:/home/user/.m2/repository/org/apache/kerby/kerb-identity/1.0.1/kerb-identity-1.0.1.jar:/home/user/.m2/repository/org/apache/kerby/kerby-xdr/1.0.1/kerby-xdr-1.0.1.jar:/home/user/.m2/repository/org/slf4j/slf4j-log4j12/1.7.25/slf4j-log4j12-1.7.25.jar:/home/user/.m2/repository/org/apache/hadoop/hadoop-ozone-objectstore-service/0.5.0-SNAPSHOT/hadoop-ozone-objectstore-service-0.5.0-SNAPSHOT.jar:/home/user/.m2/repository/org/apache/hadoop/hadoop-ozone-s3gateway/0.5.0-SNAPSHOT/hadoop-ozone-s3gateway-0.5.0-SNAPSHOT.jar:/home/user/.m2/repository/org/jboss/weld/servlet/weld-servlet/2.4.7.Final/weld-servlet-2.4.7.Final.jar:/home/user/.m2/repository/org/glassfish/jersey/containers/jersey-container-servlet-core/2.27/jersey-container-servlet-core-2.27.jar:/home/user/.m2/repository/org/glassfish/hk2/external/javax.inject/2.5.0-b42/javax.inject-2.5.0-b42.jar:/home/user/.m2/repository/org/glassfish/jersey/core/jersey-common/2.27/jersey-common-2.27.jar:/home/user/.m2/repository/org/glassfish/hk2/osgi-resource-locator/1.0.1/osgi-resource-locator-1.0.1.jar:/home/user/.m2/repository/javax/ws/rs/javax.ws.rs-api/2.1/javax.ws.rs-api-2.1.jar:/home/user/.m2/repository/org/glassfish/jersey/ext/cdi/jersey-cdi1x/2.27/jersey-cdi1x-2.27.jar:/home/user/.m2/repository/org/glassfish/jersey/inject/jersey-hk2/2.27/jersey-hk2-2.27.jar:/home/user/.m2/repository/org/glassfish/hk2/hk2-locator/2.5.0-b42/hk2-locator-2.5.0-b42.jar:/home/user/.m2/repository/org/javassist/javassist/3.22.0-CR2/javassist-3.22.0-CR2.jar:/home/user/.m2/repository/org/glassfish/hk2/hk2-api/2.5.0/hk2-api-2.5.0.jar:/home/user/.m2/repository/org/glassfish/hk2/external/jakarta.inject/2.5.0/jakarta.inject-2.5.0.jar:/home/user/.m2/repository/org/glassfish/hk2/hk2-utils/2.5.0/hk2-utils-2.5.0.jar:/home/user/.m2/repository/jakarta/annotation/jakarta.annotation-api/1.3.4/jakarta.annotation-api-1.3.4.jar:/home/user/.m2/repository/org/glassfish/hk2/external/aopalliance-repackaged/2.5.0/aopalliance-repackaged-2.5.0.jar:/home/user/.m2/repository/com/fasterxml/jackson/dataformat/jackson-dataformat-xml/2.9.0/jackson-dataformat-xml-2.9.0.jar:/home/user/.m2/repository/com/fasterxml/jackson/core/jackson-core/2.9.5/jackson-core-2.9.5.jar:/home/user/.m2/repository/com/fasterxml/jackson/module/jackson-module-jaxb-annotations/2.9.5/jackson-module-jaxb-annotations-2.9.5.jar:/home/user/.m2/repository/javax/enterprise/cdi-api/1.2/cdi-api-1.2.jar:/home/user/.m2/repository/javax/el/javax.el-api/3.0.0/javax.el-api-3.0.0.jar:/home/user/.m2/repository/javax/interceptor/javax.interceptor-api/1.2/javax.interceptor-api-1.2.jar:/home/user/.m2/repository/javax/inject/javax.inject/1/javax.inject-1.jar:/home/user/.m2/repository/com/sun/xml/bind/jaxb-impl/2.3.0.1/jaxb-impl-2.3.0.1.jar:/home/user/.m2/repository/com/sun/xml/bind/jaxb-core/2.3.0.1/jaxb-core-2.3.0.1.jar:/home/user/.m2/repository/javax/xml/bind/jaxb-api/2.3.0/jaxb-api-2.3.0.jar:/home/user/.m2/repository/javax/activation/activation/1.1.1/activation-1.1.1.jar:/home/user/.m2/repository/org/apache/hadoop/hadoop-ozone-csi/0.5.0-SNAPSHOT/hadoop-ozone-csi-0.5.0-SNAPSHOT.jar:/home/user/.m2/repository/com/google/protobuf/protobuf-java-util/3.5.1/protobuf-java-util-3.5.1.jar:/home/user/.m2/repository/org/apache/hadoop/hadoop-hdds-config/0.5.0-SNAPSHOT/hadoop-hdds-config-0.5.0-SNAPSHOT.jar:/home/user/.m2/repository/io/grpc/grpc-netty/1.17.1/grpc-netty-1.17.1.jar:/home/user/.m2/repository/io/grpc/grpc-core/1.17.1/grpc-core-1.17.1.jar:/home/user/.m2/repository/io/grpc/grpc-context/1.17.1/grpc-context-1.17.1.jar:/home/user/.m2/repository/com/google/errorprone/error_prone_annotations/2.2.0/error_prone_annotations-2.2.0.jar:/home/user/.m2/repository/org/codehaus/mojo/animal-sniffer-annotations/1.17/animal-sniffer-annotations-1.17.jar:/home/user/.m2/repository/io/opencensus/opencensus-api/0.17.0/opencensus-api-0.17.0.jar:/home/user/.m2/repository/io/opencensus/opencensus-contrib-grpc-metrics/0.17.0/opencensus-contrib-grpc-metrics-0.17.0.jar:/home/user/.m2/repository/io/netty/netty-codec-http2/4.1.30.Final/netty-codec-http2-4.1.30.Final.jar:/home/user/.m2/repository/io/netty/netty-codec-http/4.1.30.Final/netty-codec-http-4.1.30.Final.jar:/home/user/.m2/repository/io/netty/netty-codec/4.1.30.Final/netty-codec-4.1.30.Final.jar:/home/user/.m2/repository/io/netty/netty-handler/4.1.30.Final/netty-handler-4.1.30.Final.jar:/home/user/.m2/repository/io/netty/netty-handler-proxy/4.1.30.Final/netty-handler-proxy-4.1.30.Final.jar:/home/user/.m2/repository/io/netty/netty-codec-socks/4.1.30.Final/netty-codec-socks-4.1.30.Final.jar:/home/user/.m2/repository/io/netty/netty-transport-native-epoll/4.1.30.Final/netty-transport-native-epoll-4.1.30.Final.jar:/home/user/.m2/repository/io/netty/netty-common/4.1.30.Final/netty-common-4.1.30.Final.jar:/home/user/.m2/repository/io/netty/netty-buffer/4.1.30.Final/netty-buffer-4.1.30.Final.jar:/home/user/.m2/repository/io/netty/netty-transport/4.1.30.Final/netty-transport-4.1.30.Final.jar:/home/user/.m2/repository/io/netty/netty-resolver/4.1.30.Final/netty-resolver-4.1.30.Final.jar:/home/user/.m2/repository/io/netty/netty-transport-native-unix-common/4.1.30.Final/netty-transport-native-unix-common-4.1.30.Final.jar:/home/user/.m2/repository/io/grpc/grpc-protobuf/1.17.1/grpc-protobuf-1.17.1.jar:/home/user/.m2/repository/com/google/api/grpc/proto-google-common-protos/1.0.0/proto-google-common-protos-1.0.0.jar:/home/user/.m2/repository/io/grpc/grpc-protobuf-lite/1.17.1/grpc-protobuf-lite-1.17.1.jar:/home/user/.m2/repository/io/grpc/grpc-stub/1.17.1/grpc-stub-1.17.1.jar:/home/user/.m2/repository/org/apache/hadoop/hadoop-ozone-recon/0.5.0-SNAPSHOT/hadoop-ozone-recon-0.5.0-SNAPSHOT.jar:/home/user/.m2/repository/org/apache/hadoop/hadoop-ozone-reconcodegen/0.5.0-SNAPSHOT/hadoop-ozone-reconcodegen-0.5.0-SNAPSHOT.jar:/home/user/.m2/repository/com/google/inject/extensions/guice-multibindings/4.0/guice-multibindings-4.0.jar:/home/user/.m2/repository/com/google/inject/guice/4.0/guice-4.0.jar:/home/user/.m2/repository/aopalliance/aopalliance/1.0/aopalliance-1.0.jar:/home/user/.m2/repository/com/google/inject/extensions/guice-servlet/4.0/guice-servlet-4.0.jar:/home/user/.m2/repository/org/glassfish/jersey/containers/jersey-container-servlet/2.27/jersey-container-servlet-2.27.jar:/home/user/.m2/repository/org/glassfish/hk2/guice-bridge/2.5.0/guice-bridge-2.5.0.jar:/home/user/.m2/repository/org/glassfish/jersey/core/jersey-server/2.27/jersey-server-2.27.jar:/home/user/.m2/repository/org/glassfish/jersey/core/jersey-client/2.27/jersey-client-2.27.jar:/home/user/.m2/repository/org/glassfish/jersey/media/jersey-media-jaxb/2.27/jersey-media-jaxb-2.27.jar:/home/user/.m2/repository/javax/validation/validation-api/1.1.0.Final/validation-api-1.1.0.Final.jar:/home/user/.m2/repository/org/glassfish/jersey/media/jersey-media-json-jackson/2.27/jersey-media-json-jackson-2.27.jar:/home/user/.m2/repository/org/glassfish/jersey/ext/jersey-entity-filtering/2.27/jersey-entity-filtering-2.27.jar:/home/user/.m2/repository/com/google/inject/extensions/guice-assistedinject/4.0/guice-assistedinject-4.0.jar:/home/user/.m2/repository/org/jooq/jooq/3.11.10/jooq-3.11.10.jar:/home/user/.m2/repository/org/jooq/jooq-meta/3.11.10/jooq-meta-3.11.10.jar:/home/user/.m2/repository/org/jooq/jooq-codegen/3.11.10/jooq-codegen-3.11.10.jar:/home/user/.m2/repository/com/jolbox/bonecp/0.8.0.RELEASE/bonecp-0.8.0.RELEASE.jar:/home/user/.m2/repository/org/xerial/sqlite-jdbc/3.25.2/sqlite-jdbc-3.25.2.jar:/home/user/.m2/repository/org/springframework/spring-jdbc/5.1.3.RELEASE/spring-jdbc-5.1.3.RELEASE.jar:/home/user/.m2/repository/org/springframework/spring-beans/5.1.3.RELEASE/spring-beans-5.1.3.RELEASE.jar:/home/user/.m2/repository/org/springframework/spring-core/5.1.3.RELEASE/spring-core-5.1.3.RELEASE.jar:/home/user/.m2/repository/org/springframework/spring-jcl/5.1.3.RELEASE/spring-jcl-5.1.3.RELEASE.jar:/home/user/.m2/repository/org/springframework/spring-tx/5.1.3.RELEASE/spring-tx-5.1.3.RELEASE.jar:/home/user/.m2/repository/org/apache/hadoop/hadoop-ozone-client/0.5.0-SNAPSHOT/hadoop-ozone-client-0.5.0-SNAPSHOT.jar:/home/user/.m2/repository/commons-lang/commons-lang/2.6/commons-lang-2.6.jar:/home/user/.m2/repository/org/apache/hadoop/hadoop-ozone-ozone-manager/0.5.0-SNAPSHOT/hadoop-ozone-ozone-manager-0.5.0-SNAPSHOT-tests.jar:/home/user/.m2/repository/junit/junit/4.11/junit-4.11.jar:/home/user/.m2/repository/org/hamcrest/hamcrest-core/1.3/hamcrest-core-1.3.jar:/home/user/.m2/repository/org/openjdk/jmh/jmh-core/1.19/jmh-core-1.19.jar:/home/user/.m2/repository/net/sf/jopt-simple/jopt-simple/4.6/jopt-simple-4.6.jar:/home/user/.m2/repository/org/apache/commons/commons-math3/3.1.1/commons-math3-3.1.1.jar:/home/user/.m2/repository/org/openjdk/jmh/jmh-generator-annprocess/1.19/jmh-generator-annprocess-1.19.jar:/home/user/.m2/repository/org/mockito/mockito-all/1.8.5/mockito-all-1.8.5.jar:/home/user/.m2/repository/org/apache/hadoop/hadoop-kms/3.2.0/hadoop-kms-3.2.0.jar:/home/user/.m2/repository/org/apache/hadoop/hadoop-auth/3.2.0/hadoop-auth-3.2.0.jar:/home/user/.m2/repository/com/nimbusds/nimbus-jose-jwt/4.41.1/nimbus-jose-jwt-4.41.1.jar:/home/user/.m2/repository/com/github/stephenc/jcip/jcip-annotations/1.0-1/jcip-annotations-1.0-1.jar:/home/user/.m2/repository/net/minidev/json-smart/2.3/json-smart-2.3.jar:/home/user/.m2/repository/net/minidev/accessors-smart/1.2/accessors-smart-1.2.jar:/home/user/.m2/repository/org/ow2/asm/asm/5.0.4/asm-5.0.4.jar:/home/user/.m2/repository/org/apache/curator/curator-framework/2.12.0/curator-framework-2.12.0.jar:/home/user/.m2/repository/com/sun/jersey/jersey-core/1.19/jersey-core-1.19.jar:/home/user/.m2/repository/javax/ws/rs/jsr311-api/1.1.1/jsr311-api-1.1.1.jar:/home/user/.m2/repository/com/sun/jersey/jersey-server/1.19/jersey-server-1.19.jar:/home/user/.m2/repository/javax/servlet/javax.servlet-api/3.1.0/javax.servlet-api-3.1.0.jar:/home/user/.m2/repository/org/eclipse/jetty/jetty-server/9.3.24.v20180605/jetty-server-9.3.24.v20180605.jar:/home/user/.m2/repository/org/eclipse/jetty/jetty-http/9.3.24.v20180605/jetty-http-9.3.24.v20180605.jar:/home/user/.m2/repository/org/eclipse/jetty/jetty-io/9.3.24.v20180605/jetty-io-9.3.24.v20180605.jar:/home/user/.m2/repository/org/eclipse/jetty/jetty-webapp/9.3.24.v20180605/jetty-webapp-9.3.24.v20180605.jar:/home/user/.m2/repository/org/eclipse/jetty/jetty-xml/9.3.24.v20180605/jetty-xml-9.3.24.v20180605.jar:/home/user/.m2/repository/log4j/log4j/1.2.17/log4j-1.2.17.jar:/home/user/.m2/repository/org/slf4j/slf4j-api/1.7.25/slf4j-api-1.7.25.jar:/home/user/.m2/repository/org/slf4j/jul-to-slf4j/1.7.25/jul-to-slf4j-1.7.25.jar:/home/user/.m2/repository/org/eclipse/jetty/jetty-util/9.3.24.v20180605/jetty-util-9.3.24.v20180605.jar:/home/user/.m2/repository/com/fasterxml/jackson/core/jackson-databind/2.9.5/jackson-databind-2.9.5.jar:/home/user/.m2/repository/org/apache/hadoop/hadoop-kms/3.2.0/hadoop-kms-3.2.0-tests.jar:/home/user/.m2/repository/org/apache/hadoop/hadoop-hdds-server-scm/0.5.0-SNAPSHOT/hadoop-hdds-server-scm-0.5.0-SNAPSHOT-tests.jar:/home/user/.m2/repository/org/apache/hadoop/hadoop-hdds-container-service/0.5.0-SNAPSHOT/hadoop-hdds-container-service-0.5.0-SNAPSHOT-tests.jar:/home/user/.m2/repository/org/yaml/snakeyaml/1.16/snakeyaml-1.16.jar:/home/user/.m2/repository/org/apache/hadoop/hadoop-common/3.2.0/hadoop-common-3.2.0-tests.jar:/home/user/.m2/repository/org/apache/hadoop/hadoop-annotations/3.2.0/hadoop-annotations-3.2.0.jar:/usr/lib/jvm/java-1.8-openjdk/jre/../lib/tools.jar:/home/user/.m2/repository/commons-cli/commons-cli/1.2/commons-cli-1.2.jar:/home/user/.m2/repository/org/apache/httpcomponents/httpclient/4.5.2/httpclient-4.5.2.jar:/home/user/.m2/repository/org/apache/httpcomponents/httpcore/4.4.4/httpcore-4.4.4.jar:/home/user/.m2/repository/commons-codec/commons-codec/1.11/commons-codec-1.11.jar:/home/user/.m2/repository/commons-net/commons-net/3.6/commons-net-3.6.jar:/home/user/.m2/repository/commons-collections/commons-collections/3.2.2/commons-collections-3.2.2.jar:/home/user/.m2/repository/org/eclipse/jetty/jetty-servlet/9.3.24.v20180605/jetty-servlet-9.3.24.v20180605.jar:/home/user/.m2/repository/org/eclipse/jetty/jetty-security/9.3.24.v20180605/jetty-security-9.3.24.v20180605.jar:/home/user/.m2/repository/javax/servlet/jsp/jsp-api/2.1/jsp-api-2.1.jar:/home/user/.m2/repository/com/sun/jersey/jersey-servlet/1.19/jersey-servlet-1.19.jar:/home/user/.m2/repository/com/sun/jersey/jersey-json/1.19/jersey-json-1.19.jar:/home/user/.m2/repository/org/codehaus/jettison/jettison/1.1/jettison-1.1.jar:/home/user/.m2/repository/org/codehaus/jackson/jackson-core-asl/1.9.13/jackson-core-asl-1.9.13.jar:/home/user/.m2/repository/org/codehaus/jackson/jackson-mapper-asl/1.9.13/jackson-mapper-asl-1.9.13.jar:/home/user/.m2/repository/org/codehaus/jackson/jackson-jaxrs/1.9.13/jackson-jaxrs-1.9.13.jar:/home/user/.m2/repository/org/codehaus/jackson/jackson-xc/1.9.13/jackson-xc-1.9.13.jar:/home/user/.m2/repository/commons-logging/commons-logging/1.1.3/commons-logging-1.1.3.jar:/home/user/.m2/repository/commons-beanutils/commons-beanutils/1.9.3/commons-beanutils-1.9.3.jar:/home/user/.m2/repository/org/apache/commons/commons-configuration2/2.1.1/commons-configuration2-2.1.1.jar:/home/user/.m2/repository/org/apache/commons/commons-lang3/3.7/commons-lang3-3.7.jar:/home/user/.m2/repository/org/apache/commons/commons-text/1.4/commons-text-1.4.jar:/home/user/.m2/repository/org/apache/avro/avro/1.7.7/avro-1.7.7.jar:/home/user/.m2/repository/com/thoughtworks/paranamer/paranamer/2.3/paranamer-2.3.jar:/home/user/.m2/repository/org/xerial/snappy/snappy-java/1.0.5/snappy-java-1.0.5.jar:/home/user/.m2/repository/com/google/re2j/re2j/1.1/re2j-1.1.jar:/home/user/.m2/repository/com/google/code/gson/gson/2.2.4/gson-2.2.4.jar:/home/user/.m2/repository/com/jcraft/jsch/0.1.54/jsch-0.1.54.jar:/home/user/.m2/repository/org/apache/curator/curator-client/2.12.0/curator-client-2.12.0.jar:/home/user/.m2/repository/org/apache/curator/curator-recipes/2.12.0/curator-recipes-2.12.0.jar:/home/user/.m2/repository/com/google/code/findbugs/jsr305/3.0.0/jsr305-3.0.0.jar:/home/user/.m2/repository/org/apache/htrace/htrace-core4/4.1.0-incubating/htrace-core4-4.1.0-incubating.jar:/home/user/.m2/repository/org/apache/zookeeper/zookeeper/3.4.13/zookeeper-3.4.13.jar:/home/user/.m2/repository/org/apache/yetus/audience-annotations/0.5.0/audience-annotations-0.5.0.jar:/home/user/.m2/repository/org/codehaus/woodstox/stax2-api/3.1.4/stax2-api-3.1.4.jar:/home/user/.m2/repository/com/fasterxml/woodstox/woodstox-core/5.0.3/woodstox-core-5.0.3.jar:/home/user/.m2/repository/dnsjava/dnsjava/2.1.7/dnsjava-2.1.7.jar:/home/user/.m2/repository/org/apache/hadoop/hadoop-hdfs/3.2.0/hadoop-hdfs-3.2.0-tests.jar:/home/user/.m2/repository/org/eclipse/jetty/jetty-util-ajax/9.3.24.v20180605/jetty-util-ajax-9.3.24.v20180605.jar:/home/user/.m2/repository/commons-daemon/commons-daemon/1.0.13/commons-daemon-1.0.13.jar:/home/user/.m2/repository/io/netty/netty/3.10.5.Final/netty-3.10.5.Final.jar:/home/user/.m2/repository/io/netty/netty-all/4.0.52.Final/netty-all-4.0.52.Final.jar:/home/user/.m2/repository/org/fusesource/leveldbjni/leveldbjni-all/1.8/leveldbjni-all-1.8.jar:"/>
    <property name="java.vm.vendor" value="IcedTea"/>
    <property name="sun.arch.data.model" value="64"/>
    <property name="test.build.dir" value="/tmp/workdir/hadoop-ozone/integration-test/target/test-dir"/>
    <property name="test.cache.data" value=""/>
    <property name="java.vendor.url" value="https://icedtea.classpath.org"/>
    <property name="user.timezone" value=""/>
    <property name="java.vm.specification.version" value="1.8"/>
    <property name="os.name" value="Linux"/>
    <property name="test.build.data" value="/tmp/workdir/hadoop-ozone/integration-test/target/test-dir"/>
    <property name="user.country" value="US"/>
    <property name="sun.java.launcher" value="SUN_STANDARD"/>
    <property name="sun.boot.library.path" value="/usr/lib/jvm/java-1.8-openjdk/jre/lib/amd64"/>
    <property name="sun.java.command" value="/tmp/workdir/hadoop-ozone/integration-test/target/surefire/surefirebooter5668299018607168972.jar /tmp/workdir/hadoop-ozone/integration-test/target/surefire 2019-07-13T10-10-41_054-jvmRun1 surefire7557466949184108419tmp surefire_475264702297083232409tmp"/>
    <property name="surefire.test.class.path" value="/tmp/workdir/hadoop-ozone/integration-test/target/test-classes:/tmp/workdir/hadoop-ozone/integration-test/target/classes:/home/user/.m2/repository/org/apache/hadoop/hadoop-ozone-common/0.5.0-SNAPSHOT/hadoop-ozone-common-0.5.0-SNAPSHOT.jar:/home/user/.m2/repository/org/apache/commons/commons-compress/1.4.1/commons-compress-1.4.1.jar:/home/user/.m2/repository/org/tukaani/xz/1.0/xz-1.0.jar:/home/user/.m2/repository/org/apache/hadoop/hadoop-common/3.2.0/hadoop-common-3.2.0.jar:/home/user/.m2/repository/org/apache/hadoop/hadoop-hdfs/3.2.0/hadoop-hdfs-3.2.0.jar:/home/user/.m2/repository/org/apache/hadoop/hadoop-hdfs-client/3.2.0/hadoop-hdfs-client-3.2.0.jar:/home/user/.m2/repository/com/fasterxml/jackson/core/jackson-annotations/2.9.5/jackson-annotations-2.9.5.jar:/home/user/.m2/repository/org/apache/hadoop/hadoop-hdds-common/0.5.0-SNAPSHOT/hadoop-hdds-common-0.5.0-SNAPSHOT.jar:/home/user/.m2/repository/javax/annotation/javax.annotation-api/1.2/javax.annotation-api-1.2.jar:/home/user/.m2/repository/org/apache/ratis/ratis-server/0.4.0-2337318-SNAPSHOT/ratis-server-0.4.0-2337318-SNAPSHOT.jar:/home/user/.m2/repository/org/apache/ratis/ratis-thirdparty-misc/0.2.0/ratis-thirdparty-misc-0.2.0.jar:/home/user/.m2/repository/org/apache/ratis/ratis-proto/0.4.0-2337318-SNAPSHOT/ratis-proto-0.4.0-2337318-SNAPSHOT.jar:/home/user/.m2/repository/org/apache/ratis/ratis-common/0.4.0-2337318-SNAPSHOT/ratis-common-0.4.0-2337318-SNAPSHOT.jar:/home/user/.m2/repository/org/apache/ratis/ratis-client/0.4.0-2337318-SNAPSHOT/ratis-client-0.4.0-2337318-SNAPSHOT.jar:/home/user/.m2/repository/org/apache/ratis/ratis-metrics/0.4.0-2337318-SNAPSHOT/ratis-metrics-0.4.0-2337318-SNAPSHOT.jar:/home/user/.m2/repository/org/apache/ratis/ratis-netty/0.4.0-2337318-SNAPSHOT/ratis-netty-0.4.0-2337318-SNAPSHOT.jar:/home/user/.m2/repository/org/apache/ratis/ratis-grpc/0.4.0-2337318-SNAPSHOT/ratis-grpc-0.4.0-2337318-SNAPSHOT.jar:/home/user/.m2/repository/org/rocksdb/rocksdbjni/6.0.1/rocksdbjni-6.0.1.jar:/home/user/.m2/repository/org/apache/logging/log4j/log4j-api/2.11.0/log4j-api-2.11.0.jar:/home/user/.m2/repository/org/apache/logging/log4j/log4j-core/2.11.0/log4j-core-2.11.0.jar:/home/user/.m2/repository/com/lmax/disruptor/3.4.2/disruptor-3.4.2.jar:/home/user/.m2/repository/org/apache/commons/commons-pool2/2.6.0/commons-pool2-2.6.0.jar:/home/user/.m2/repository/org/bouncycastle/bcpkix-jdk15on/1.60/bcpkix-jdk15on-1.60.jar:/home/user/.m2/repository/commons-validator/commons-validator/1.6/commons-validator-1.6.jar:/home/user/.m2/repository/commons-digester/commons-digester/1.8.1/commons-digester-1.8.1.jar:/home/user/.m2/repository/io/jaegertracing/jaeger-client/0.33.1/jaeger-client-0.33.1.jar:/home/user/.m2/repository/io/jaegertracing/jaeger-thrift/0.33.1/jaeger-thrift-0.33.1.jar:/home/user/.m2/repository/org/apache/thrift/libthrift/0.11.0/libthrift-0.11.0.jar:/home/user/.m2/repository/com/squareup/okhttp3/okhttp/3.9.0/okhttp-3.9.0.jar:/home/user/.m2/repository/com/squareup/okio/okio/1.13.0/okio-1.13.0.jar:/home/user/.m2/repository/io/jaegertracing/jaeger-core/0.33.1/jaeger-core-0.33.1.jar:/home/user/.m2/repository/io/jaegertracing/jaeger-tracerresolver/0.33.1/jaeger-tracerresolver-0.33.1.jar:/home/user/.m2/repository/io/opentracing/contrib/opentracing-tracerresolver/0.1.5/opentracing-tracerresolver-0.1.5.jar:/home/user/.m2/repository/io/opentracing/opentracing-util/0.31.0/opentracing-util-0.31.0.jar:/home/user/.m2/repository/io/opentracing/opentracing-api/0.31.0/opentracing-api-0.31.0.jar:/home/user/.m2/repository/io/opentracing/opentracing-noop/0.31.0/opentracing-noop-0.31.0.jar:/home/user/.m2/repository/org/apache/hadoop/hadoop-hdds-server-framework/0.5.0-SNAPSHOT/hadoop-hdds-server-framework-0.5.0-SNAPSHOT.jar:/home/user/.m2/repository/org/apache/hadoop/hadoop-hdds-container-service/0.5.0-SNAPSHOT/hadoop-hdds-container-service-0.5.0-SNAPSHOT.jar:/home/user/.m2/repository/org/apache/hadoop/hadoop-hdds-client/0.5.0-SNAPSHOT/hadoop-hdds-client-0.5.0-SNAPSHOT.jar:/home/user/.m2/repository/org/apache/hadoop/hadoop-hdds-tools/0.5.0-SNAPSHOT/hadoop-hdds-tools-0.5.0-SNAPSHOT.jar:/home/user/.m2/repository/org/apache/hadoop/hadoop-hdds-server-scm/0.5.0-SNAPSHOT/hadoop-hdds-server-scm-0.5.0-SNAPSHOT.jar:/home/user/.m2/repository/org/apache/hadoop/hadoop-hdds-docs/0.5.0-SNAPSHOT/hadoop-hdds-docs-0.5.0-SNAPSHOT.jar:/home/user/.m2/repository/io/dropwizard/metrics/metrics-core/3.2.4/metrics-core-3.2.4.jar:/home/user/.m2/repository/org/hamcrest/hamcrest-all/1.3/hamcrest-all-1.3.jar:/home/user/.m2/repository/org/bouncycastle/bcprov-jdk15on/1.60/bcprov-jdk15on-1.60.jar:/home/user/.m2/repository/info/picocli/picocli/3.9.6/picocli-3.9.6.jar:/home/user/.m2/repository/com/google/protobuf/protobuf-java/2.5.0/protobuf-java-2.5.0.jar:/home/user/.m2/repository/com/google/guava/guava/11.0.2/guava-11.0.2.jar:/home/user/.m2/repository/org/apache/hadoop/hadoop-ozone-ozone-manager/0.5.0-SNAPSHOT/hadoop-ozone-ozone-manager-0.5.0-SNAPSHOT.jar:/home/user/.m2/repository/org/apache/hadoop/hadoop-minikdc/3.2.0/hadoop-minikdc-3.2.0.jar:/home/user/.m2/repository/commons-io/commons-io/2.5/commons-io-2.5.jar:/home/user/.m2/repository/org/apache/kerby/kerb-simplekdc/1.0.1/kerb-simplekdc-1.0.1.jar:/home/user/.m2/repository/org/apache/kerby/kerb-client/1.0.1/kerb-client-1.0.1.jar:/home/user/.m2/repository/org/apache/kerby/kerby-config/1.0.1/kerby-config-1.0.1.jar:/home/user/.m2/repository/org/apache/kerby/kerb-core/1.0.1/kerb-core-1.0.1.jar:/home/user/.m2/repository/org/apache/kerby/kerby-pkix/1.0.1/kerby-pkix-1.0.1.jar:/home/user/.m2/repository/org/apache/kerby/kerby-asn1/1.0.1/kerby-asn1-1.0.1.jar:/home/user/.m2/repository/org/apache/kerby/kerby-util/1.0.1/kerby-util-1.0.1.jar:/home/user/.m2/repository/org/apache/kerby/kerb-common/1.0.1/kerb-common-1.0.1.jar:/home/user/.m2/repository/org/apache/kerby/kerb-crypto/1.0.1/kerb-crypto-1.0.1.jar:/home/user/.m2/repository/org/apache/kerby/kerb-util/1.0.1/kerb-util-1.0.1.jar:/home/user/.m2/repository/org/apache/kerby/token-provider/1.0.1/token-provider-1.0.1.jar:/home/user/.m2/repository/org/apache/kerby/kerb-admin/1.0.1/kerb-admin-1.0.1.jar:/home/user/.m2/repository/org/apache/kerby/kerb-server/1.0.1/kerb-server-1.0.1.jar:/home/user/.m2/repository/org/apache/kerby/kerb-identity/1.0.1/kerb-identity-1.0.1.jar:/home/user/.m2/repository/org/apache/kerby/kerby-xdr/1.0.1/kerby-xdr-1.0.1.jar:/home/user/.m2/repository/org/slf4j/slf4j-log4j12/1.7.25/slf4j-log4j12-1.7.25.jar:/home/user/.m2/repository/org/apache/hadoop/hadoop-ozone-objectstore-service/0.5.0-SNAPSHOT/hadoop-ozone-objectstore-service-0.5.0-SNAPSHOT.jar:/home/user/.m2/repository/org/apache/hadoop/hadoop-ozone-s3gateway/0.5.0-SNAPSHOT/hadoop-ozone-s3gateway-0.5.0-SNAPSHOT.jar:/home/user/.m2/repository/org/jboss/weld/servlet/weld-servlet/2.4.7.Final/weld-servlet-2.4.7.Final.jar:/home/user/.m2/repository/org/glassfish/jersey/containers/jersey-container-servlet-core/2.27/jersey-container-servlet-core-2.27.jar:/home/user/.m2/repository/org/glassfish/hk2/external/javax.inject/2.5.0-b42/javax.inject-2.5.0-b42.jar:/home/user/.m2/repository/org/glassfish/jersey/core/jersey-common/2.27/jersey-common-2.27.jar:/home/user/.m2/repository/org/glassfish/hk2/osgi-resource-locator/1.0.1/osgi-resource-locator-1.0.1.jar:/home/user/.m2/repository/javax/ws/rs/javax.ws.rs-api/2.1/javax.ws.rs-api-2.1.jar:/home/user/.m2/repository/org/glassfish/jersey/ext/cdi/jersey-cdi1x/2.27/jersey-cdi1x-2.27.jar:/home/user/.m2/repository/org/glassfish/jersey/inject/jersey-hk2/2.27/jersey-hk2-2.27.jar:/home/user/.m2/repository/org/glassfish/hk2/hk2-locator/2.5.0-b42/hk2-locator-2.5.0-b42.jar:/home/user/.m2/repository/org/javassist/javassist/3.22.0-CR2/javassist-3.22.0-CR2.jar:/home/user/.m2/repository/org/glassfish/hk2/hk2-api/2.5.0/hk2-api-2.5.0.jar:/home/user/.m2/repository/org/glassfish/hk2/external/jakarta.inject/2.5.0/jakarta.inject-2.5.0.jar:/home/user/.m2/repository/org/glassfish/hk2/hk2-utils/2.5.0/hk2-utils-2.5.0.jar:/home/user/.m2/repository/jakarta/annotation/jakarta.annotation-api/1.3.4/jakarta.annotation-api-1.3.4.jar:/home/user/.m2/repository/org/glassfish/hk2/external/aopalliance-repackaged/2.5.0/aopalliance-repackaged-2.5.0.jar:/home/user/.m2/repository/com/fasterxml/jackson/dataformat/jackson-dataformat-xml/2.9.0/jackson-dataformat-xml-2.9.0.jar:/home/user/.m2/repository/com/fasterxml/jackson/core/jackson-core/2.9.5/jackson-core-2.9.5.jar:/home/user/.m2/repository/com/fasterxml/jackson/module/jackson-module-jaxb-annotations/2.9.5/jackson-module-jaxb-annotations-2.9.5.jar:/home/user/.m2/repository/javax/enterprise/cdi-api/1.2/cdi-api-1.2.jar:/home/user/.m2/repository/javax/el/javax.el-api/3.0.0/javax.el-api-3.0.0.jar:/home/user/.m2/repository/javax/interceptor/javax.interceptor-api/1.2/javax.interceptor-api-1.2.jar:/home/user/.m2/repository/javax/inject/javax.inject/1/javax.inject-1.jar:/home/user/.m2/repository/com/sun/xml/bind/jaxb-impl/2.3.0.1/jaxb-impl-2.3.0.1.jar:/home/user/.m2/repository/com/sun/xml/bind/jaxb-core/2.3.0.1/jaxb-core-2.3.0.1.jar:/home/user/.m2/repository/javax/xml/bind/jaxb-api/2.3.0/jaxb-api-2.3.0.jar:/home/user/.m2/repository/javax/activation/activation/1.1.1/activation-1.1.1.jar:/home/user/.m2/repository/org/apache/hadoop/hadoop-ozone-csi/0.5.0-SNAPSHOT/hadoop-ozone-csi-0.5.0-SNAPSHOT.jar:/home/user/.m2/repository/com/google/protobuf/protobuf-java-util/3.5.1/protobuf-java-util-3.5.1.jar:/home/user/.m2/repository/org/apache/hadoop/hadoop-hdds-config/0.5.0-SNAPSHOT/hadoop-hdds-config-0.5.0-SNAPSHOT.jar:/home/user/.m2/repository/io/grpc/grpc-netty/1.17.1/grpc-netty-1.17.1.jar:/home/user/.m2/repository/io/grpc/grpc-core/1.17.1/grpc-core-1.17.1.jar:/home/user/.m2/repository/io/grpc/grpc-context/1.17.1/grpc-context-1.17.1.jar:/home/user/.m2/repository/com/google/errorprone/error_prone_annotations/2.2.0/error_prone_annotations-2.2.0.jar:/home/user/.m2/repository/org/codehaus/mojo/animal-sniffer-annotations/1.17/animal-sniffer-annotations-1.17.jar:/home/user/.m2/repository/io/opencensus/opencensus-api/0.17.0/opencensus-api-0.17.0.jar:/home/user/.m2/repository/io/opencensus/opencensus-contrib-grpc-metrics/0.17.0/opencensus-contrib-grpc-metrics-0.17.0.jar:/home/user/.m2/repository/io/netty/netty-codec-http2/4.1.30.Final/netty-codec-http2-4.1.30.Final.jar:/home/user/.m2/repository/io/netty/netty-codec-http/4.1.30.Final/netty-codec-http-4.1.30.Final.jar:/home/user/.m2/repository/io/netty/netty-codec/4.1.30.Final/netty-codec-4.1.30.Final.jar:/home/user/.m2/repository/io/netty/netty-handler/4.1.30.Final/netty-handler-4.1.30.Final.jar:/home/user/.m2/repository/io/netty/netty-handler-proxy/4.1.30.Final/netty-handler-proxy-4.1.30.Final.jar:/home/user/.m2/repository/io/netty/netty-codec-socks/4.1.30.Final/netty-codec-socks-4.1.30.Final.jar:/home/user/.m2/repository/io/netty/netty-transport-native-epoll/4.1.30.Final/netty-transport-native-epoll-4.1.30.Final.jar:/home/user/.m2/repository/io/netty/netty-common/4.1.30.Final/netty-common-4.1.30.Final.jar:/home/user/.m2/repository/io/netty/netty-buffer/4.1.30.Final/netty-buffer-4.1.30.Final.jar:/home/user/.m2/repository/io/netty/netty-transport/4.1.30.Final/netty-transport-4.1.30.Final.jar:/home/user/.m2/repository/io/netty/netty-resolver/4.1.30.Final/netty-resolver-4.1.30.Final.jar:/home/user/.m2/repository/io/netty/netty-transport-native-unix-common/4.1.30.Final/netty-transport-native-unix-common-4.1.30.Final.jar:/home/user/.m2/repository/io/grpc/grpc-protobuf/1.17.1/grpc-protobuf-1.17.1.jar:/home/user/.m2/repository/com/google/api/grpc/proto-google-common-protos/1.0.0/proto-google-common-protos-1.0.0.jar:/home/user/.m2/repository/io/grpc/grpc-protobuf-lite/1.17.1/grpc-protobuf-lite-1.17.1.jar:/home/user/.m2/repository/io/grpc/grpc-stub/1.17.1/grpc-stub-1.17.1.jar:/home/user/.m2/repository/org/apache/hadoop/hadoop-ozone-recon/0.5.0-SNAPSHOT/hadoop-ozone-recon-0.5.0-SNAPSHOT.jar:/home/user/.m2/repository/org/apache/hadoop/hadoop-ozone-reconcodegen/0.5.0-SNAPSHOT/hadoop-ozone-reconcodegen-0.5.0-SNAPSHOT.jar:/home/user/.m2/repository/com/google/inject/extensions/guice-multibindings/4.0/guice-multibindings-4.0.jar:/home/user/.m2/repository/com/google/inject/guice/4.0/guice-4.0.jar:/home/user/.m2/repository/aopalliance/aopalliance/1.0/aopalliance-1.0.jar:/home/user/.m2/repository/com/google/inject/extensions/guice-servlet/4.0/guice-servlet-4.0.jar:/home/user/.m2/repository/org/glassfish/jersey/containers/jersey-container-servlet/2.27/jersey-container-servlet-2.27.jar:/home/user/.m2/repository/org/glassfish/hk2/guice-bridge/2.5.0/guice-bridge-2.5.0.jar:/home/user/.m2/repository/org/glassfish/jersey/core/jersey-server/2.27/jersey-server-2.27.jar:/home/user/.m2/repository/org/glassfish/jersey/core/jersey-client/2.27/jersey-client-2.27.jar:/home/user/.m2/repository/org/glassfish/jersey/media/jersey-media-jaxb/2.27/jersey-media-jaxb-2.27.jar:/home/user/.m2/repository/javax/validation/validation-api/1.1.0.Final/validation-api-1.1.0.Final.jar:/home/user/.m2/repository/org/glassfish/jersey/media/jersey-media-json-jackson/2.27/jersey-media-json-jackson-2.27.jar:/home/user/.m2/repository/org/glassfish/jersey/ext/jersey-entity-filtering/2.27/jersey-entity-filtering-2.27.jar:/home/user/.m2/repository/com/google/inject/extensions/guice-assistedinject/4.0/guice-assistedinject-4.0.jar:/home/user/.m2/repository/org/jooq/jooq/3.11.10/jooq-3.11.10.jar:/home/user/.m2/repository/org/jooq/jooq-meta/3.11.10/jooq-meta-3.11.10.jar:/home/user/.m2/repository/org/jooq/jooq-codegen/3.11.10/jooq-codegen-3.11.10.jar:/home/user/.m2/repository/com/jolbox/bonecp/0.8.0.RELEASE/bonecp-0.8.0.RELEASE.jar:/home/user/.m2/repository/org/xerial/sqlite-jdbc/3.25.2/sqlite-jdbc-3.25.2.jar:/home/user/.m2/repository/org/springframework/spring-jdbc/5.1.3.RELEASE/spring-jdbc-5.1.3.RELEASE.jar:/home/user/.m2/repository/org/springframework/spring-beans/5.1.3.RELEASE/spring-beans-5.1.3.RELEASE.jar:/home/user/.m2/repository/org/springframework/spring-core/5.1.3.RELEASE/spring-core-5.1.3.RELEASE.jar:/home/user/.m2/repository/org/springframework/spring-jcl/5.1.3.RELEASE/spring-jcl-5.1.3.RELEASE.jar:/home/user/.m2/repository/org/springframework/spring-tx/5.1.3.RELEASE/spring-tx-5.1.3.RELEASE.jar:/home/user/.m2/repository/org/apache/hadoop/hadoop-ozone-client/0.5.0-SNAPSHOT/hadoop-ozone-client-0.5.0-SNAPSHOT.jar:/home/user/.m2/repository/commons-lang/commons-lang/2.6/commons-lang-2.6.jar:/home/user/.m2/repository/org/apache/hadoop/hadoop-ozone-ozone-manager/0.5.0-SNAPSHOT/hadoop-ozone-ozone-manager-0.5.0-SNAPSHOT-tests.jar:/home/user/.m2/repository/junit/junit/4.11/junit-4.11.jar:/home/user/.m2/repository/org/hamcrest/hamcrest-core/1.3/hamcrest-core-1.3.jar:/home/user/.m2/repository/org/openjdk/jmh/jmh-core/1.19/jmh-core-1.19.jar:/home/user/.m2/repository/net/sf/jopt-simple/jopt-simple/4.6/jopt-simple-4.6.jar:/home/user/.m2/repository/org/apache/commons/commons-math3/3.1.1/commons-math3-3.1.1.jar:/home/user/.m2/repository/org/openjdk/jmh/jmh-generator-annprocess/1.19/jmh-generator-annprocess-1.19.jar:/home/user/.m2/repository/org/mockito/mockito-all/1.8.5/mockito-all-1.8.5.jar:/home/user/.m2/repository/org/apache/hadoop/hadoop-kms/3.2.0/hadoop-kms-3.2.0.jar:/home/user/.m2/repository/org/apache/hadoop/hadoop-auth/3.2.0/hadoop-auth-3.2.0.jar:/home/user/.m2/repository/com/nimbusds/nimbus-jose-jwt/4.41.1/nimbus-jose-jwt-4.41.1.jar:/home/user/.m2/repository/com/github/stephenc/jcip/jcip-annotations/1.0-1/jcip-annotations-1.0-1.jar:/home/user/.m2/repository/net/minidev/json-smart/2.3/json-smart-2.3.jar:/home/user/.m2/repository/net/minidev/accessors-smart/1.2/accessors-smart-1.2.jar:/home/user/.m2/repository/org/ow2/asm/asm/5.0.4/asm-5.0.4.jar:/home/user/.m2/repository/org/apache/curator/curator-framework/2.12.0/curator-framework-2.12.0.jar:/home/user/.m2/repository/com/sun/jersey/jersey-core/1.19/jersey-core-1.19.jar:/home/user/.m2/repository/javax/ws/rs/jsr311-api/1.1.1/jsr311-api-1.1.1.jar:/home/user/.m2/repository/com/sun/jersey/jersey-server/1.19/jersey-server-1.19.jar:/home/user/.m2/repository/javax/servlet/javax.servlet-api/3.1.0/javax.servlet-api-3.1.0.jar:/home/user/.m2/repository/org/eclipse/jetty/jetty-server/9.3.24.v20180605/jetty-server-9.3.24.v20180605.jar:/home/user/.m2/repository/org/eclipse/jetty/jetty-http/9.3.24.v20180605/jetty-http-9.3.24.v20180605.jar:/home/user/.m2/repository/org/eclipse/jetty/jetty-io/9.3.24.v20180605/jetty-io-9.3.24.v20180605.jar:/home/user/.m2/repository/org/eclipse/jetty/jetty-webapp/9.3.24.v20180605/jetty-webapp-9.3.24.v20180605.jar:/home/user/.m2/repository/org/eclipse/jetty/jetty-xml/9.3.24.v20180605/jetty-xml-9.3.24.v20180605.jar:/home/user/.m2/repository/log4j/log4j/1.2.17/log4j-1.2.17.jar:/home/user/.m2/repository/org/slf4j/slf4j-api/1.7.25/slf4j-api-1.7.25.jar:/home/user/.m2/repository/org/slf4j/jul-to-slf4j/1.7.25/jul-to-slf4j-1.7.25.jar:/home/user/.m2/repository/org/eclipse/jetty/jetty-util/9.3.24.v20180605/jetty-util-9.3.24.v20180605.jar:/home/user/.m2/repository/com/fasterxml/jackson/core/jackson-databind/2.9.5/jackson-databind-2.9.5.jar:/home/user/.m2/repository/org/apache/hadoop/hadoop-kms/3.2.0/hadoop-kms-3.2.0-tests.jar:/home/user/.m2/repository/org/apache/hadoop/hadoop-hdds-server-scm/0.5.0-SNAPSHOT/hadoop-hdds-server-scm-0.5.0-SNAPSHOT-tests.jar:/home/user/.m2/repository/org/apache/hadoop/hadoop-hdds-container-service/0.5.0-SNAPSHOT/hadoop-hdds-container-service-0.5.0-SNAPSHOT-tests.jar:/home/user/.m2/repository/org/yaml/snakeyaml/1.16/snakeyaml-1.16.jar:/home/user/.m2/repository/org/apache/hadoop/hadoop-common/3.2.0/hadoop-common-3.2.0-tests.jar:/home/user/.m2/repository/org/apache/hadoop/hadoop-annotations/3.2.0/hadoop-annotations-3.2.0.jar:/usr/lib/jvm/java-1.8-openjdk/jre/../lib/tools.jar:/home/user/.m2/repository/commons-cli/commons-cli/1.2/commons-cli-1.2.jar:/home/user/.m2/repository/org/apache/httpcomponents/httpclient/4.5.2/httpclient-4.5.2.jar:/home/user/.m2/repository/org/apache/httpcomponents/httpcore/4.4.4/httpcore-4.4.4.jar:/home/user/.m2/repository/commons-codec/commons-codec/1.11/commons-codec-1.11.jar:/home/user/.m2/repository/commons-net/commons-net/3.6/commons-net-3.6.jar:/home/user/.m2/repository/commons-collections/commons-collections/3.2.2/commons-collections-3.2.2.jar:/home/user/.m2/repository/org/eclipse/jetty/jetty-servlet/9.3.24.v20180605/jetty-servlet-9.3.24.v20180605.jar:/home/user/.m2/repository/org/eclipse/jetty/jetty-security/9.3.24.v20180605/jetty-security-9.3.24.v20180605.jar:/home/user/.m2/repository/javax/servlet/jsp/jsp-api/2.1/jsp-api-2.1.jar:/home/user/.m2/repository/com/sun/jersey/jersey-servlet/1.19/jersey-servlet-1.19.jar:/home/user/.m2/repository/com/sun/jersey/jersey-json/1.19/jersey-json-1.19.jar:/home/user/.m2/repository/org/codehaus/jettison/jettison/1.1/jettison-1.1.jar:/home/user/.m2/repository/org/codehaus/jackson/jackson-core-asl/1.9.13/jackson-core-asl-1.9.13.jar:/home/user/.m2/repository/org/codehaus/jackson/jackson-mapper-asl/1.9.13/jackson-mapper-asl-1.9.13.jar:/home/user/.m2/repository/org/codehaus/jackson/jackson-jaxrs/1.9.13/jackson-jaxrs-1.9.13.jar:/home/user/.m2/repository/org/codehaus/jackson/jackson-xc/1.9.13/jackson-xc-1.9.13.jar:/home/user/.m2/repository/commons-logging/commons-logging/1.1.3/commons-logging-1.1.3.jar:/home/user/.m2/repository/commons-beanutils/commons-beanutils/1.9.3/commons-beanutils-1.9.3.jar:/home/user/.m2/repository/org/apache/commons/commons-configuration2/2.1.1/commons-configuration2-2.1.1.jar:/home/user/.m2/repository/org/apache/commons/commons-lang3/3.7/commons-lang3-3.7.jar:/home/user/.m2/repository/org/apache/commons/commons-text/1.4/commons-text-1.4.jar:/home/user/.m2/repository/org/apache/avro/avro/1.7.7/avro-1.7.7.jar:/home/user/.m2/repository/com/thoughtworks/paranamer/paranamer/2.3/paranamer-2.3.jar:/home/user/.m2/repository/org/xerial/snappy/snappy-java/1.0.5/snappy-java-1.0.5.jar:/home/user/.m2/repository/com/google/re2j/re2j/1.1/re2j-1.1.jar:/home/user/.m2/repository/com/google/code/gson/gson/2.2.4/gson-2.2.4.jar:/home/user/.m2/repository/com/jcraft/jsch/0.1.54/jsch-0.1.54.jar:/home/user/.m2/repository/org/apache/curator/curator-client/2.12.0/curator-client-2.12.0.jar:/home/user/.m2/repository/org/apache/curator/curator-recipes/2.12.0/curator-recipes-2.12.0.jar:/home/user/.m2/repository/com/google/code/findbugs/jsr305/3.0.0/jsr305-3.0.0.jar:/home/user/.m2/repository/org/apache/htrace/htrace-core4/4.1.0-incubating/htrace-core4-4.1.0-incubating.jar:/home/user/.m2/repository/org/apache/zookeeper/zookeeper/3.4.13/zookeeper-3.4.13.jar:/home/user/.m2/repository/org/apache/yetus/audience-annotations/0.5.0/audience-annotations-0.5.0.jar:/home/user/.m2/repository/org/codehaus/woodstox/stax2-api/3.1.4/stax2-api-3.1.4.jar:/home/user/.m2/repository/com/fasterxml/woodstox/woodstox-core/5.0.3/woodstox-core-5.0.3.jar:/home/user/.m2/repository/dnsjava/dnsjava/2.1.7/dnsjava-2.1.7.jar:/home/user/.m2/repository/org/apache/hadoop/hadoop-hdfs/3.2.0/hadoop-hdfs-3.2.0-tests.jar:/home/user/.m2/repository/org/eclipse/jetty/jetty-util-ajax/9.3.24.v20180605/jetty-util-ajax-9.3.24.v20180605.jar:/home/user/.m2/repository/commons-daemon/commons-daemon/1.0.13/commons-daemon-1.0.13.jar:/home/user/.m2/repository/io/netty/netty/3.10.5.Final/netty-3.10.5.Final.jar:/home/user/.m2/repository/io/netty/netty-all/4.0.52.Final/netty-all-4.0.52.Final.jar:/home/user/.m2/repository/org/fusesource/leveldbjni/leveldbjni-all/1.8/leveldbjni-all-1.8.jar:"/>
    <property name="sun.cpu.endian" value="little"/>
    <property name="user.home" value="/home/user"/>
    <property name="user.language" value="en"/>
    <property name="java.specification.vendor" value="Oracle Corporation"/>
    <property name="java.home" value="/usr/lib/jvm/java-1.8-openjdk/jre"/>
    <property name="java.security.krb5.conf" value="/tmp/workdir/hadoop-ozone/integration-test/target/test-classes/krb5.conf"/>
    <property name="basedir" value="/tmp/workdir/hadoop-ozone/integration-test"/>
    <property name="file.separator" value="/"/>
    <property name="line.separator" value="&#10;"/>
    <property name="java.vm.specification.vendor" value="Oracle Corporation"/>
    <property name="java.specification.name" value="Java Platform API Specification"/>
    <property name="java.awt.graphicsenv" value="sun.awt.X11GraphicsEnvironment"/>
    <property name="surefire.real.class.path" value="/tmp/workdir/hadoop-ozone/integration-test/target/surefire/surefirebooter5668299018607168972.jar"/>
    <property name="hadoop.log.dir" value="/tmp/workdir/hadoop-ozone/integration-test/target/log"/>
    <property name="sun.boot.class.path" value="/usr/lib/jvm/java-1.8-openjdk/jre/lib/resources.jar:/usr/lib/jvm/java-1.8-openjdk/jre/lib/rt.jar:/usr/lib/jvm/java-1.8-openjdk/jre/lib/sunrsasign.jar:/usr/lib/jvm/java-1.8-openjdk/jre/lib/jsse.jar:/usr/lib/jvm/java-1.8-openjdk/jre/lib/jce.jar:/usr/lib/jvm/java-1.8-openjdk/jre/lib/charsets.jar:/usr/lib/jvm/java-1.8-openjdk/jre/lib/jfr.jar:/usr/lib/jvm/java-1.8-openjdk/jre/classes"/>
    <property name="sun.management.compiler" value="HotSpot 64-Bit Tiered Compilers"/>
    <property name="java.runtime.version" value="1.8.0_212-b04"/>
    <property name="java.net.preferIPv4Stack" value="true"/>
    <property name="user.name" value="jenkins1000"/>
    <property name="path.separator" value=":"/>
    <property name="java.security.egd" value="file:///dev/urandom"/>
    <property name="os.version" value="3.10.0-957.12.2.el7.x86_64"/>
    <property name="java.endorsed.dirs" value="/usr/lib/jvm/java-1.8-openjdk/jre/lib/endorsed"/>
    <property name="java.runtime.name" value="OpenJDK Runtime Environment"/>
    <property name="file.encoding" value="UTF-8"/>
    <property name="java.vm.name" value="OpenJDK 64-Bit Server VM"/>
    <property name="test.build.webapps" value=""/>
    <property name="localRepository" value="/home/user/.m2/repository"/>
    <property name="java.vendor.url.bug" value="https://icedtea.classpath.org/bugzilla"/>
    <property name="java.io.tmpdir" value="/tmp"/>
    <property name="require.test.libhadoop" value=""/>
    <property name="java.version" value="1.8.0_212"/>
    <property name="user.dir" value="/tmp/workdir/hadoop-ozone/integration-test"/>
    <property name="os.arch" value="amd64"/>
    <property name="java.vm.specification.name" value="Java Virtual Machine Specification"/>
    <property name="test.build.classes" value="/tmp/workdir/hadoop-ozone/integration-test/target/test-classes"/>
    <property name="java.awt.printerjob" value="sun.print.PSPrinterJob"/>
    <property name="sun.os.patch.level" value="unknown"/>
    <property name="hadoop.tmp.dir" value="/tmp/workdir/hadoop-ozone/integration-test/target/tmp"/>
    <property name="java.library.path" value="/usr/lib/jvm/java-1.8-openjdk/jre/lib/amd64/server:/usr/lib/jvm/java-1.8-openjdk/jre/lib/amd64:/usr/lib/jvm/java-1.8-openjdk/jre/../lib/amd64:/tmp/workdir/hadoop-ozone/integration-test/target/native/target/usr/local/lib:/tmp/workdir/hadoop-ozone/integration-test/../../hadoop-common-project/hadoop-common/target/native/target/usr/local/lib:/usr/java/packages/lib/amd64:/usr/lib64:/lib64:/lib:/usr/lib"/>
    <property name="java.vm.info" value="mixed mode"/>
    <property name="java.vendor" value="IcedTea"/>
    <property name="java.vm.version" value="25.212-b04"/>
    <property name="java.ext.dirs" value="/usr/lib/jvm/java-1.8-openjdk/jre/lib/ext:/usr/java/packages/lib/ext"/>
    <property name="sun.io.unicode.encoding" value="UnicodeLittle"/>
    <property name="java.class.version" value="52.0"/>
  </properties>
  <testcase name="testWatchForCommitWithKeyWrite" classname="org.apache.hadoop.ozone.client.rpc.TestWatchForCommit" time="17.922">
    <failure message="expected:&lt;4&gt; but was:&lt;8&gt;" type="java.lang.AssertionError"><![CDATA[java.lang.AssertionError: expected:<4> but was:<8>
	at org.junit.Assert.fail(Assert.java:88)
	at org.junit.Assert.failNotEquals(Assert.java:743)
	at org.junit.Assert.assertEquals(Assert.java:118)
	at org.junit.Assert.assertEquals(Assert.java:555)
	at org.junit.Assert.assertEquals(Assert.java:542)
	at org.apache.hadoop.ozone.client.rpc.TestWatchForCommit.testWatchForCommitWithKeyWrite(TestWatchForCommit.java:167)
	at sun.reflect.NativeMethodAccessorImpl.invoke0(Native Method)
	at sun.reflect.NativeMethodAccessorImpl.invoke(NativeMethodAccessorImpl.java:62)
	at sun.reflect.DelegatingMethodAccessorImpl.invoke(DelegatingMethodAccessorImpl.java:43)
	at java.lang.reflect.Method.invoke(Method.java:498)
	at org.junit.runners.model.FrameworkMethod$1.runReflectiveCall(FrameworkMethod.java:47)
	at org.junit.internal.runners.model.ReflectiveCallable.run(ReflectiveCallable.java:12)
	at org.junit.runners.model.FrameworkMethod.invokeExplosively(FrameworkMethod.java:44)
	at org.junit.internal.runners.statements.InvokeMethod.evaluate(InvokeMethod.java:17)
	at org.junit.runners.ParentRunner.runLeaf(ParentRunner.java:271)
	at org.junit.runners.BlockJUnit4ClassRunner.runChild(BlockJUnit4ClassRunner.java:70)
	at org.junit.runners.BlockJUnit4ClassRunner.runChild(BlockJUnit4ClassRunner.java:50)
	at org.junit.runners.ParentRunner$3.run(ParentRunner.java:238)
	at org.junit.runners.ParentRunner$1.schedule(ParentRunner.java:63)
	at org.junit.runners.ParentRunner.runChildren(ParentRunner.java:236)
	at org.junit.runners.ParentRunner.access$000(ParentRunner.java:53)
	at org.junit.runners.ParentRunner$2.evaluate(ParentRunner.java:229)
	at org.junit.runners.ParentRunner.run(ParentRunner.java:309)
	at org.apache.maven.surefire.junit4.JUnit4Provider.execute(JUnit4Provider.java:365)
	at org.apache.maven.surefire.junit4.JUnit4Provider.executeWithRerun(JUnit4Provider.java:273)
	at org.apache.maven.surefire.junit4.JUnit4Provider.executeTestSet(JUnit4Provider.java:238)
	at org.apache.maven.surefire.junit4.JUnit4Provider.invoke(JUnit4Provider.java:159)
	at org.apache.maven.surefire.booter.ForkedBooter.invokeProviderInSameClassLoader(ForkedBooter.java:384)
	at org.apache.maven.surefire.booter.ForkedBooter.runSuitesInProcess(ForkedBooter.java:345)
	at org.apache.maven.surefire.booter.ForkedBooter.execute(ForkedBooter.java:126)
	at org.apache.maven.surefire.booter.ForkedBooter.main(ForkedBooter.java:418)
]]></failure>
    <system-out><![CDATA[2019-07-13 10:54:42,159 WARN  server.ServerUtils (ServerUtils.java:getScmDbDir(145)) - ozone.scm.db.dirs is not configured. We recommend adding this setting. Falling back to ozone.metadata.dirs instead.
2019-07-13 10:54:42,262 WARN  server.ServerUtils (ServerUtils.java:getScmDbDir(145)) - ozone.scm.db.dirs is not configured. We recommend adding this setting. Falling back to ozone.metadata.dirs instead.
2019-07-13 10:54:42,264 WARN  server.ServerUtils (ServerUtils.java:getScmDbDir(145)) - ozone.scm.db.dirs is not configured. We recommend adding this setting. Falling back to ozone.metadata.dirs instead.
2019-07-13 10:54:42,281 INFO  util.log (Log.java:initialized(192)) - Logging initialized @867ms
2019-07-13 10:54:42,381 INFO  db.DBStoreBuilder (DBStoreBuilder.java:addTable(110)) - using custom profile for table: deletedBlocks
2019-07-13 10:54:42,381 INFO  db.DBStoreBuilder (DBStoreBuilder.java:processTables(161)) - Using default column profile:DBProfile.DISK for Table:deletedBlocks
2019-07-13 10:54:42,381 INFO  db.DBStoreBuilder (DBStoreBuilder.java:addTable(110)) - using custom profile for table: validCerts
2019-07-13 10:54:42,382 INFO  db.DBStoreBuilder (DBStoreBuilder.java:processTables(161)) - Using default column profile:DBProfile.DISK for Table:validCerts
2019-07-13 10:54:42,382 INFO  db.DBStoreBuilder (DBStoreBuilder.java:addTable(110)) - using custom profile for table: revokedCerts
2019-07-13 10:54:42,382 INFO  db.DBStoreBuilder (DBStoreBuilder.java:processTables(161)) - Using default column profile:DBProfile.DISK for Table:revokedCerts
2019-07-13 10:54:42,394 INFO  db.DBStoreBuilder (DBStoreBuilder.java:addTable(110)) - using custom profile for table: default
2019-07-13 10:54:42,394 INFO  db.DBStoreBuilder (DBStoreBuilder.java:processTables(167)) - Using default column profile:DBProfile.DISK for Table:default
2019-07-13 10:54:42,395 INFO  db.DBStoreBuilder (DBStoreBuilder.java:getDbProfile(198)) - Using default options. DBProfile.DISK
2019-07-13 10:54:42,659 INFO  net.NodeSchemaLoader (NodeSchemaLoader.java:loadSchemaFromFile(125)) - Loading file from sun.misc.CompoundEnumeration@7714e963
2019-07-13 10:54:42,662 INFO  net.NodeSchemaLoader (NodeSchemaLoader.java:loadSchema(171)) - Loading network topology layer schema file
2019-07-13 10:54:42,739 WARN  server.ServerUtils (ServerUtils.java:sanitizeUserArgs(70)) - ozone.scm.stale.node.interval value = 300000 is larger than max = 100000 based on the key value of ozone.scm.heartbeat.thread.interval, reset to the max value 100000.
2019-07-13 10:54:42,741 WARN  server.ServerUtils (ServerUtils.java:sanitizeUserArgs(70)) - ozone.scm.stale.node.interval value = 300000 is larger than max = 100000 based on the key value of ozone.scm.heartbeat.thread.interval, reset to the max value 100000.
2019-07-13 10:54:42,744 INFO  node.SCMNodeManager (SCMNodeManager.java:<init>(119)) - Entering startup safe mode.
2019-07-13 10:54:42,825 WARN  server.ServerUtils (ServerUtils.java:getScmDbDir(145)) - ozone.scm.db.dirs is not configured. We recommend adding this setting. Falling back to ozone.metadata.dirs instead.
2019-07-13 10:54:42,899 INFO  pipeline.SCMPipelineManager (SCMPipelineManager.java:initializePipelineState(126)) - No pipeline exists in current db
2019-07-13 10:54:42,902 WARN  server.ServerUtils (ServerUtils.java:getScmDbDir(145)) - ozone.scm.db.dirs is not configured. We recommend adding this setting. Falling back to ozone.metadata.dirs instead.
2019-07-13 10:54:43,036 WARN  events.EventQueue (EventQueue.java:fireEvent(175)) - No event handler registered for event TypedEvent{payloadType=SafeModeStatus, name='SafeModeStatus'}
2019-07-13 10:54:43,385 INFO  ipc.CallQueueManager (CallQueueManager.java:<init>(84)) - Using callQueue: class java.util.concurrent.LinkedBlockingQueue, queueCapacity: 2000, scheduler: class org.apache.hadoop.ipc.DefaultRpcScheduler, ipcBackoff: false.
2019-07-13 10:54:43,412 INFO  ipc.Server (Server.java:run(1074)) - Starting Socket Reader #1 for port 41100
2019-07-13 10:54:43,435 INFO  ipc.CallQueueManager (CallQueueManager.java:<init>(84)) - Using callQueue: class java.util.concurrent.LinkedBlockingQueue, queueCapacity: 2000, scheduler: class org.apache.hadoop.ipc.DefaultRpcScheduler, ipcBackoff: false.
2019-07-13 10:54:43,436 INFO  ipc.Server (Server.java:run(1074)) - Starting Socket Reader #1 for port 38677
2019-07-13 10:54:43,442 INFO  ipc.CallQueueManager (CallQueueManager.java:<init>(84)) - Using callQueue: class java.util.concurrent.LinkedBlockingQueue, queueCapacity: 2000, scheduler: class org.apache.hadoop.ipc.DefaultRpcScheduler, ipcBackoff: false.
2019-07-13 10:54:43,444 INFO  ipc.Server (Server.java:run(1074)) - Starting Socket Reader #1 for port 46219
2019-07-13 10:54:43,580 INFO  hdfs.DFSUtil (DFSUtil.java:httpServerTemplateForNNAndJN(1641)) - Starting Web-server for scm at: http://0.0.0.0:0
2019-07-13 10:54:43,737 INFO  server.AuthenticationFilter (AuthenticationFilter.java:constructSecretProvider(240)) - Unable to initialize FileSignerSecretProvider, falling back to use random secrets.
2019-07-13 10:54:43,744 WARN  http.HttpRequestLog (HttpRequestLog.java:getRequestLog(97)) - Jetty request log can only be enabled using Log4j
2019-07-13 10:54:43,752 INFO  http.HttpServer2 (HttpServer2.java:addGlobalFilter(975)) - Added global filter 'safety' (class=org.apache.hadoop.http.HttpServer2$QuotingInputFilter)
2019-07-13 10:54:43,755 INFO  http.HttpServer2 (HttpServer2.java:addFilter(948)) - Added filter static_user_filter (class=org.apache.hadoop.http.lib.StaticUserWebFilter$StaticUserFilter) to context scm
2019-07-13 10:54:43,755 INFO  http.HttpServer2 (HttpServer2.java:addFilter(958)) - Added filter static_user_filter (class=org.apache.hadoop.http.lib.StaticUserWebFilter$StaticUserFilter) to context static
2019-07-13 10:54:43,755 INFO  http.HttpServer2 (HttpServer2.java:addFilter(958)) - Added filter static_user_filter (class=org.apache.hadoop.http.lib.StaticUserWebFilter$StaticUserFilter) to context logs
2019-07-13 10:54:43,781 INFO  server.StorageContainerManager (StorageContainerManager.java:start(759)) - StorageContainerLocationProtocol RPC server is listening at /0.0.0.0:46219
2019-07-13 10:54:43,835 WARN  impl.MetricsConfig (MetricsConfig.java:loadFirst(134)) - Cannot locate configuration: tried hadoop-metrics2-storagecontainermanager.properties,hadoop-metrics2.properties
2019-07-13 10:54:43,847 INFO  impl.MetricsSystemImpl (MetricsSystemImpl.java:startTimer(374)) - Scheduled Metric snapshot period at 10 second(s).
2019-07-13 10:54:43,848 INFO  impl.MetricsSystemImpl (MetricsSystemImpl.java:start(191)) - StorageContainerManager metrics system started
2019-07-13 10:54:44,058 INFO  server.SCMClientProtocolServer (SCMClientProtocolServer.java:start(149)) - RPC server for Client  is listening at /0.0.0.0:46219
2019-07-13 10:54:44,059 INFO  ipc.Server (Server.java:run(1314)) - IPC Server Responder: starting
2019-07-13 10:54:44,059 INFO  ipc.Server (Server.java:run(1153)) - IPC Server listener on 46219: starting
2019-07-13 10:54:44,063 INFO  server.StorageContainerManager (StorageContainerManager.java:start(768)) - ScmBlockLocationProtocol RPC server is listening at /0.0.0.0:38677
2019-07-13 10:54:44,064 INFO  server.SCMBlockProtocolServer (SCMBlockProtocolServer.java:start(140)) - RPC server for Block Protocol is listening at /0.0.0.0:38677
2019-07-13 10:54:44,064 INFO  ipc.Server (Server.java:run(1314)) - IPC Server Responder: starting
2019-07-13 10:54:44,064 INFO  ipc.Server (Server.java:run(1153)) - IPC Server listener on 38677: starting
2019-07-13 10:54:44,072 INFO  server.StorageContainerManager (StorageContainerManager.java:start(772)) - ScmDatanodeProtocl RPC server is listening at /0.0.0.0:41100
2019-07-13 10:54:44,073 INFO  server.SCMDatanodeProtocolServer (SCMDatanodeProtocolServer.java:start(191)) - RPC server for DataNodes is listening at /0.0.0.0:41100
2019-07-13 10:54:44,074 INFO  ipc.Server (Server.java:run(1314)) - IPC Server Responder: starting
2019-07-13 10:54:44,075 INFO  ipc.Server (Server.java:run(1153)) - IPC Server listener on 41100: starting
2019-07-13 10:54:44,087 INFO  http.HttpServer2 (HttpServer2.java:bindListener(1191)) - Jetty bound to port 36138
2019-07-13 10:54:44,089 INFO  server.Server (Server.java:doStart(351)) - jetty-9.3.24.v20180605, build timestamp: 2018-06-05T17:11:56Z, git hash: 84205aa28f11a4f31f2a3b86d1bba2cc8ab69827
2019-07-13 10:54:44,128 INFO  handler.ContextHandler (ContextHandler.java:doStart(781)) - Started o.e.j.s.ServletContextHandler@6bbe2511{/logs,file:///tmp/workdir/hadoop-ozone/integration-test/target/log,AVAILABLE}
2019-07-13 10:54:44,128 INFO  handler.ContextHandler (ContextHandler.java:doStart(781)) - Started o.e.j.s.ServletContextHandler@76012793{/static,file:///tmp/workdir/hadoop-ozone/integration-test/target/test-classes/webapps/static,AVAILABLE}
2019-07-13 10:54:44,160 INFO  handler.ContextHandler (ContextHandler.java:doStart(781)) - Started o.e.j.w.WebAppContext@6a1d204a{/,file:///tmp/workdir/hadoop-ozone/integration-test/target/test-classes/webapps/scm/,AVAILABLE}{/scm}
2019-07-13 10:54:44,165 INFO  server.AbstractConnector (AbstractConnector.java:doStart(278)) - Started ServerConnector@9d157ff{HTTP/1.1,[http/1.1]}{0.0.0.0:36138}
2019-07-13 10:54:44,165 INFO  server.Server (Server.java:doStart(419)) - Started @2752ms
2019-07-13 10:54:44,168 INFO  server.BaseHttpServer (BaseHttpServer.java:updateConnectorAddress(207)) - HTTP server of SCM is listening at http://0.0.0.0:36138
2019-07-13 10:54:44,179 INFO  util.JvmPauseMonitor (JvmPauseMonitor.java:run(188)) - Starting JVM pause monitor
2019-07-13 10:54:44,183 WARN  server.ServerUtils (ServerUtils.java:getDBPath(222)) - ozone.om.db.dirs is not configured. We recommend adding this setting. Falling back to ozone.metadata.dirs instead.
2019-07-13 10:54:44,303 WARN  server.ServerUtils (ServerUtils.java:getDBPath(222)) - ozone.om.db.dirs is not configured. We recommend adding this setting. Falling back to ozone.metadata.dirs instead.
2019-07-13 10:54:44,304 INFO  om.OzoneManager (OzoneManager.java:setOMNodeDetails(630)) - OM Service ID is not set. Setting it to the default ID: omServiceIdDefault
2019-07-13 10:54:44,304 INFO  om.OzoneManager (OzoneManager.java:setOMNodeDetails(636)) - OM Node ID is not set. Setting it to the OmStorage's OmID: 5a1b46b2-0268-4e18-a0f4-efa8a8fe5cac
2019-07-13 10:54:44,306 INFO  om.OzoneManager (OzoneManager.java:loadOMHAConfigs(587)) - Found matching OM address with OMServiceId: null, OMNodeId: null, RPC Address: localhost:0 and Ratis port: 9872
2019-07-13 10:54:44,564 WARN  server.ServerUtils (ServerUtils.java:getDBPath(222)) - ozone.om.db.dirs is not configured. We recommend adding this setting. Falling back to ozone.metadata.dirs instead.
2019-07-13 10:54:44,576 INFO  db.DBStoreBuilder (DBStoreBuilder.java:addTable(110)) - using custom profile for table: userTable
2019-07-13 10:54:44,577 INFO  db.DBStoreBuilder (DBStoreBuilder.java:processTables(161)) - Using default column profile:DBProfile.DISK for Table:userTable
2019-07-13 10:54:44,578 INFO  db.DBStoreBuilder (DBStoreBuilder.java:addTable(110)) - using custom profile for table: volumeTable
2019-07-13 10:54:44,578 INFO  db.DBStoreBuilder (DBStoreBuilder.java:processTables(161)) - Using default column profile:DBProfile.DISK for Table:volumeTable
2019-07-13 10:54:44,578 INFO  db.DBStoreBuilder (DBStoreBuilder.java:addTable(110)) - using custom profile for table: bucketTable
2019-07-13 10:54:44,579 INFO  db.DBStoreBuilder (DBStoreBuilder.java:processTables(161)) - Using default column profile:DBProfile.DISK for Table:bucketTable
2019-07-13 10:54:44,579 INFO  db.DBStoreBuilder (DBStoreBuilder.java:addTable(110)) - using custom profile for table: keyTable
2019-07-13 10:54:44,580 INFO  db.DBStoreBuilder (DBStoreBuilder.java:processTables(161)) - Using default column profile:DBProfile.DISK for Table:keyTable
2019-07-13 10:54:44,580 INFO  db.DBStoreBuilder (DBStoreBuilder.java:addTable(110)) - using custom profile for table: deletedTable
2019-07-13 10:54:44,580 INFO  db.DBStoreBuilder (DBStoreBuilder.java:processTables(161)) - Using default column profile:DBProfile.DISK for Table:deletedTable
2019-07-13 10:54:44,581 INFO  db.DBStoreBuilder (DBStoreBuilder.java:addTable(110)) - using custom profile for table: openKeyTable
2019-07-13 10:54:44,581 INFO  db.DBStoreBuilder (DBStoreBuilder.java:processTables(161)) - Using default column profile:DBProfile.DISK for Table:openKeyTable
2019-07-13 10:54:44,582 INFO  db.DBStoreBuilder (DBStoreBuilder.java:addTable(110)) - using custom profile for table: s3Table
2019-07-13 10:54:44,582 INFO  db.DBStoreBuilder (DBStoreBuilder.java:processTables(161)) - Using default column profile:DBProfile.DISK for Table:s3Table
2019-07-13 10:54:44,583 INFO  db.DBStoreBuilder (DBStoreBuilder.java:addTable(110)) - using custom profile for table: multipartInfoTable
2019-07-13 10:54:44,583 INFO  db.DBStoreBuilder (DBStoreBuilder.java:processTables(161)) - Using default column profile:DBProfile.DISK for Table:multipartInfoTable
2019-07-13 10:54:44,583 INFO  db.DBStoreBuilder (DBStoreBuilder.java:addTable(110)) - using custom profile for table: dTokenTable
2019-07-13 10:54:44,584 INFO  db.DBStoreBuilder (DBStoreBuilder.java:processTables(161)) - Using default column profile:DBProfile.DISK for Table:dTokenTable
2019-07-13 10:54:44,584 INFO  db.DBStoreBuilder (DBStoreBuilder.java:addTable(110)) - using custom profile for table: s3SecretTable
2019-07-13 10:54:44,584 INFO  db.DBStoreBuilder (DBStoreBuilder.java:processTables(161)) - Using default column profile:DBProfile.DISK for Table:s3SecretTable
2019-07-13 10:54:44,585 INFO  db.DBStoreBuilder (DBStoreBuilder.java:addTable(110)) - using custom profile for table: prefixTable
2019-07-13 10:54:44,585 INFO  db.DBStoreBuilder (DBStoreBuilder.java:processTables(161)) - Using default column profile:DBProfile.DISK for Table:prefixTable
2019-07-13 10:54:44,586 INFO  db.DBStoreBuilder (DBStoreBuilder.java:addTable(110)) - using custom profile for table: default
2019-07-13 10:54:44,586 INFO  db.DBStoreBuilder (DBStoreBuilder.java:processTables(167)) - Using default column profile:DBProfile.DISK for Table:default
2019-07-13 10:54:44,586 INFO  db.DBStoreBuilder (DBStoreBuilder.java:getDbProfile(198)) - Using default options. DBProfile.DISK
2019-07-13 10:54:45,567 INFO  ipc.CallQueueManager (CallQueueManager.java:<init>(84)) - Using callQueue: class java.util.concurrent.LinkedBlockingQueue, queueCapacity: 2000, scheduler: class org.apache.hadoop.ipc.DefaultRpcScheduler, ipcBackoff: false.
2019-07-13 10:54:45,569 INFO  ipc.Server (Server.java:run(1074)) - Starting Socket Reader #1 for port 40806
2019-07-13 10:54:45,602 WARN  server.ServerUtils (ServerUtils.java:getDBPath(222)) - ozone.om.db.dirs is not configured. We recommend adding this setting. Falling back to ozone.metadata.dirs instead.
2019-07-13 10:54:45,602 INFO  om.OzoneManager (OzoneManager.java:start(1228)) - OzoneManager RPC server is listening at localhost/127.0.0.1:40806
2019-07-13 10:54:45,603 INFO  impl.MetricsSystemImpl (MetricsSystemImpl.java:init(158)) - OzoneManager metrics system started (again)
2019-07-13 10:54:45,604 INFO  ipc.Server (Server.java:run(1314)) - IPC Server Responder: starting
2019-07-13 10:54:45,606 INFO  ipc.Server (Server.java:run(1153)) - IPC Server listener on 40806: starting
2019-07-13 10:54:45,620 INFO  hdfs.DFSUtil (DFSUtil.java:httpServerTemplateForNNAndJN(1641)) - Starting Web-server for ozoneManager at: http://0.0.0.0:0
2019-07-13 10:54:45,622 INFO  server.AuthenticationFilter (AuthenticationFilter.java:constructSecretProvider(240)) - Unable to initialize FileSignerSecretProvider, falling back to use random secrets.
2019-07-13 10:54:45,622 WARN  http.HttpRequestLog (HttpRequestLog.java:getRequestLog(97)) - Jetty request log can only be enabled using Log4j
2019-07-13 10:54:45,624 INFO  http.HttpServer2 (HttpServer2.java:addGlobalFilter(975)) - Added global filter 'safety' (class=org.apache.hadoop.http.HttpServer2$QuotingInputFilter)
2019-07-13 10:54:45,625 INFO  http.HttpServer2 (HttpServer2.java:addFilter(948)) - Added filter static_user_filter (class=org.apache.hadoop.http.lib.StaticUserWebFilter$StaticUserFilter) to context ozoneManager
2019-07-13 10:54:45,625 INFO  http.HttpServer2 (HttpServer2.java:addFilter(958)) - Added filter static_user_filter (class=org.apache.hadoop.http.lib.StaticUserWebFilter$StaticUserFilter) to context logs
2019-07-13 10:54:45,625 INFO  http.HttpServer2 (HttpServer2.java:addFilter(958)) - Added filter static_user_filter (class=org.apache.hadoop.http.lib.StaticUserWebFilter$StaticUserFilter) to context static
2019-07-13 10:54:45,627 INFO  http.HttpServer2 (HttpServer2.java:bindListener(1191)) - Jetty bound to port 33115
2019-07-13 10:54:45,628 INFO  server.Server (Server.java:doStart(351)) - jetty-9.3.24.v20180605, build timestamp: 2018-06-05T17:11:56Z, git hash: 84205aa28f11a4f31f2a3b86d1bba2cc8ab69827
2019-07-13 10:54:45,630 INFO  handler.ContextHandler (ContextHandler.java:doStart(781)) - Started o.e.j.s.ServletContextHandler@3e134896{/logs,file:///tmp/workdir/hadoop-ozone/integration-test/target/log,AVAILABLE}
2019-07-13 10:54:45,630 INFO  handler.ContextHandler (ContextHandler.java:doStart(781)) - Started o.e.j.s.ServletContextHandler@2e3a5237{/static,file:///tmp/workdir/hadoop-ozone/integration-test/target/test-classes/webapps/static,AVAILABLE}
2019-07-13 10:54:45,635 INFO  handler.ContextHandler (ContextHandler.java:doStart(781)) - Started o.e.j.w.WebAppContext@5b78fdb1{/,file:///tmp/workdir/hadoop-ozone/integration-test/target/test-classes/webapps/ozoneManager/,AVAILABLE}{/ozoneManager}
2019-07-13 10:54:45,636 INFO  server.AbstractConnector (AbstractConnector.java:doStart(278)) - Started ServerConnector@48bfb884{HTTP/1.1,[http/1.1]}{0.0.0.0:33115}
2019-07-13 10:54:45,637 INFO  server.Server (Server.java:doStart(419)) - Started @4223ms
2019-07-13 10:54:45,638 INFO  server.BaseHttpServer (BaseHttpServer.java:updateConnectorAddress(207)) - HTTP server of OZONEMANAGER is listening at http://0.0.0.0:33115
2019-07-13 10:54:45,966 INFO  impl.MetricsSystemImpl (MetricsSystemImpl.java:init(158)) - HddsDatanode metrics system started (again)
2019-07-13 10:54:46,052 INFO  ozone.HddsDatanodeService (HddsDatanodeService.java:start(185)) - HddsDatanodeService host:trunk-nightly-qcxv8-4293026562 ip:192.168.157.218
2019-07-13 10:54:46,085 INFO  volume.HddsVolume (HddsVolume.java:<init>(176)) - Creating Volume: /tmp/workdir/hadoop-ozone/integration-test/target/test-dir/MiniOzoneClusterImpl-73081f4f-9ae2-4d33-ba11-4a56a9691310/datanode-0/data/containers/hdds of  storage type : DISK and capacity : 52710309888
2019-07-13 10:54:46,087 INFO  volume.VolumeSet (VolumeSet.java:initializeVolumeSet(170)) - Added Volume : /tmp/workdir/hadoop-ozone/integration-test/target/test-dir/MiniOzoneClusterImpl-73081f4f-9ae2-4d33-ba11-4a56a9691310/datanode-0/data/containers/hdds to VolumeSet
2019-07-13 10:54:46,090 INFO  volume.ThrottledAsyncChecker (ThrottledAsyncChecker.java:schedule(140)) - Scheduling a check for org.apache.hadoop.ozone.container.common.volume.HddsVolume@1f52eb6f
2019-07-13 10:54:46,107 INFO  volume.HddsVolumeChecker (HddsVolumeChecker.java:checkAllVolumes(203)) - Scheduled health check for volume org.apache.hadoop.ozone.container.common.volume.HddsVolume@1f52eb6f
2019-07-13 10:54:46,220 INFO  impl.RaftServerProxy (ConfUtils.java:logGet(43)) - raft.rpc.type = GRPC (default)
2019-07-13 10:54:46,285 INFO  grpc.GrpcFactory (GrpcFactory.java:checkPooledByteBufAllocatorUseCacheForAllThreads(45)) - PERFORMANCE WARNING: useCacheForAllThreads is true that may cause Netty to create a lot garbage objects and, as a result, trigger GC.
	It is recommended to disable useCacheForAllThreads by setting -Dorg.apache.ratis.thirdparty.io.netty.allocator.useCacheForAllThreads=false in command line.
2019-07-13 10:54:46,289 INFO  grpc.GrpcConfigKeys$Server (ConfUtils.java:logGet(43)) - raft.grpc.server.port = 0 (default)
2019-07-13 10:54:46,290 INFO  server.GrpcService (ConfUtils.java:logGet(43)) - raft.grpc.message.size.max = 33570816 (custom)
2019-07-13 10:54:46,292 INFO  server.RaftServerConfigKeys (ConfUtils.java:logGet(43)) - raft.server.log.appender.buffer.byte-limit = 33554432 (custom)
2019-07-13 10:54:46,292 INFO  server.GrpcService (ConfUtils.java:logGet(43)) - raft.grpc.flow.control.window = 1MB (=1048576) (default)
2019-07-13 10:54:46,293 INFO  server.RaftServerConfigKeys (ConfUtils.java:logGet(43)) - raft.server.rpc.request.timeout = 3000ms (default)
2019-07-13 10:54:46,451 INFO  server.RaftServerConfigKeys (ConfUtils.java:logGet(43)) - raft.server.storage.dir = [/tmp/workdir/hadoop-ozone/integration-test/target/test-dir/MiniOzoneClusterImpl-73081f4f-9ae2-4d33-ba11-4a56a9691310/datanode-0/data/ratis] (custom)
2019-07-13 10:54:46,487 INFO  replication.SimpleContainerDownloader (SimpleContainerDownloader.java:<init>(72)) - Starting container downloader service to copy containers to replicate.
2019-07-13 10:54:46,500 INFO  hdfs.DFSUtil (DFSUtil.java:httpServerTemplateForNNAndJN(1641)) - Starting Web-server for hddsDatanode at: http://0.0.0.0:0
2019-07-13 10:54:46,501 INFO  server.AuthenticationFilter (AuthenticationFilter.java:constructSecretProvider(240)) - Unable to initialize FileSignerSecretProvider, falling back to use random secrets.
2019-07-13 10:54:46,502 WARN  http.HttpRequestLog (HttpRequestLog.java:getRequestLog(97)) - Jetty request log can only be enabled using Log4j
2019-07-13 10:54:46,504 INFO  http.HttpServer2 (HttpServer2.java:addGlobalFilter(975)) - Added global filter 'safety' (class=org.apache.hadoop.http.HttpServer2$QuotingInputFilter)
2019-07-13 10:54:46,504 INFO  http.HttpServer2 (HttpServer2.java:addFilter(948)) - Added filter static_user_filter (class=org.apache.hadoop.http.lib.StaticUserWebFilter$StaticUserFilter) to context hddsDatanode
2019-07-13 10:54:46,505 INFO  http.HttpServer2 (HttpServer2.java:addFilter(958)) - Added filter static_user_filter (class=org.apache.hadoop.http.lib.StaticUserWebFilter$StaticUserFilter) to context static
2019-07-13 10:54:46,505 INFO  http.HttpServer2 (HttpServer2.java:addFilter(958)) - Added filter static_user_filter (class=org.apache.hadoop.http.lib.StaticUserWebFilter$StaticUserFilter) to context logs
2019-07-13 10:54:46,506 INFO  http.HttpServer2 (HttpServer2.java:bindListener(1191)) - Jetty bound to port 43327
2019-07-13 10:54:46,506 INFO  server.Server (Server.java:doStart(351)) - jetty-9.3.24.v20180605, build timestamp: 2018-06-05T17:11:56Z, git hash: 84205aa28f11a4f31f2a3b86d1bba2cc8ab69827
2019-07-13 10:54:46,508 INFO  handler.ContextHandler (ContextHandler.java:doStart(781)) - Started o.e.j.s.ServletContextHandler@761956ac{/logs,file:///tmp/workdir/hadoop-ozone/integration-test/target/log,AVAILABLE}
2019-07-13 10:54:46,508 INFO  handler.ContextHandler (ContextHandler.java:doStart(781)) - Started o.e.j.s.ServletContextHandler@304d0259{/static,jar:file:/home/user/.m2/repository/org/apache/hadoop/hadoop-hdds-container-service/0.5.0-SNAPSHOT/hadoop-hdds-container-service-0.5.0-SNAPSHOT.jar!/webapps/static,AVAILABLE}
2019-07-13 10:54:46,540 INFO  handler.ContextHandler (ContextHandler.java:doStart(781)) - Started o.e.j.w.WebAppContext@124ac145{/,file:///tmp/jetty-0.0.0.0-43327-hddsDatanode-_-any-6522565534152224836.dir/webapp/,AVAILABLE}{/hddsDatanode}
2019-07-13 10:54:46,541 INFO  server.AbstractConnector (AbstractConnector.java:doStart(278)) - Started ServerConnector@2def7a7a{HTTP/1.1,[http/1.1]}{0.0.0.0:43327}
2019-07-13 10:54:46,542 INFO  server.Server (Server.java:doStart(419)) - Started @5128ms
2019-07-13 10:54:46,543 INFO  server.BaseHttpServer (BaseHttpServer.java:updateConnectorAddress(207)) - HTTP server of HDDSDATANODE is listening at http://0.0.0.0:43327
2019-07-13 10:54:47,714 INFO  ozone.HddsDatanodeService (HddsDatanodeService.java:startPlugins(396)) - Started plug-in org.apache.hadoop.ozone.web.OzoneHddsDatanodeService@69f2cb04
2019-07-13 10:54:47,717 INFO  impl.MetricsSystemImpl (MetricsSystemImpl.java:init(158)) - HddsDatanode metrics system started (again)
2019-07-13 10:54:47,720 INFO  ozone.HddsDatanodeService (HddsDatanodeService.java:start(185)) - HddsDatanodeService host:trunk-nightly-qcxv8-4293026562 ip:192.168.157.218
2019-07-13 10:54:47,727 INFO  util.JvmPauseMonitor (JvmPauseMonitor.java:run(188)) - Starting JVM pause monitor
2019-07-13 10:54:47,734 INFO  volume.HddsVolume (HddsVolume.java:<init>(176)) - Creating Volume: /tmp/workdir/hadoop-ozone/integration-test/target/test-dir/MiniOzoneClusterImpl-73081f4f-9ae2-4d33-ba11-4a56a9691310/datanode-1/data/containers/hdds of  storage type : DISK and capacity : 52710309888
2019-07-13 10:54:47,734 INFO  volume.VolumeSet (VolumeSet.java:initializeVolumeSet(170)) - Added Volume : /tmp/workdir/hadoop-ozone/integration-test/target/test-dir/MiniOzoneClusterImpl-73081f4f-9ae2-4d33-ba11-4a56a9691310/datanode-1/data/containers/hdds to VolumeSet
2019-07-13 10:54:47,735 INFO  volume.ThrottledAsyncChecker (ThrottledAsyncChecker.java:schedule(140)) - Scheduling a check for org.apache.hadoop.ozone.container.common.volume.HddsVolume@656a3d6b
2019-07-13 10:54:47,736 INFO  volume.HddsVolumeChecker (HddsVolumeChecker.java:checkAllVolumes(203)) - Scheduled health check for volume org.apache.hadoop.ozone.container.common.volume.HddsVolume@656a3d6b
2019-07-13 10:54:47,760 INFO  impl.RaftServerProxy (ConfUtils.java:logGet(43)) - raft.rpc.type = GRPC (default)
2019-07-13 10:54:47,760 INFO  grpc.GrpcFactory (GrpcFactory.java:checkPooledByteBufAllocatorUseCacheForAllThreads(45)) - PERFORMANCE WARNING: useCacheForAllThreads is true that may cause Netty to create a lot garbage objects and, as a result, trigger GC.
	It is recommended to disable useCacheForAllThreads by setting -Dorg.apache.ratis.thirdparty.io.netty.allocator.useCacheForAllThreads=false in command line.
2019-07-13 10:54:47,760 INFO  grpc.GrpcConfigKeys$Server (ConfUtils.java:logGet(43)) - raft.grpc.server.port = 0 (default)
2019-07-13 10:54:47,760 INFO  server.GrpcService (ConfUtils.java:logGet(43)) - raft.grpc.message.size.max = 33570816 (custom)
2019-07-13 10:54:47,761 INFO  server.RaftServerConfigKeys (ConfUtils.java:logGet(43)) - raft.server.log.appender.buffer.byte-limit = 33554432 (custom)
2019-07-13 10:54:47,761 INFO  server.GrpcService (ConfUtils.java:logGet(43)) - raft.grpc.flow.control.window = 1MB (=1048576) (default)
2019-07-13 10:54:47,761 INFO  server.RaftServerConfigKeys (ConfUtils.java:logGet(43)) - raft.server.rpc.request.timeout = 3000ms (default)
2019-07-13 10:54:47,762 INFO  server.RaftServerConfigKeys (ConfUtils.java:logGet(43)) - raft.server.storage.dir = [/tmp/workdir/hadoop-ozone/integration-test/target/test-dir/MiniOzoneClusterImpl-73081f4f-9ae2-4d33-ba11-4a56a9691310/datanode-1/data/ratis] (custom)
2019-07-13 10:54:47,763 INFO  replication.SimpleContainerDownloader (SimpleContainerDownloader.java:<init>(72)) - Starting container downloader service to copy containers to replicate.
2019-07-13 10:54:47,765 INFO  hdfs.DFSUtil (DFSUtil.java:httpServerTemplateForNNAndJN(1641)) - Starting Web-server for hddsDatanode at: http://0.0.0.0:0
2019-07-13 10:54:47,769 INFO  server.AuthenticationFilter (AuthenticationFilter.java:constructSecretProvider(240)) - Unable to initialize FileSignerSecretProvider, falling back to use random secrets.
2019-07-13 10:54:47,770 WARN  http.HttpRequestLog (HttpRequestLog.java:getRequestLog(97)) - Jetty request log can only be enabled using Log4j
2019-07-13 10:54:47,775 INFO  http.HttpServer2 (HttpServer2.java:addGlobalFilter(975)) - Added global filter 'safety' (class=org.apache.hadoop.http.HttpServer2$QuotingInputFilter)
2019-07-13 10:54:47,776 INFO  http.HttpServer2 (HttpServer2.java:addFilter(948)) - Added filter static_user_filter (class=org.apache.hadoop.http.lib.StaticUserWebFilter$StaticUserFilter) to context hddsDatanode
2019-07-13 10:54:47,777 INFO  http.HttpServer2 (HttpServer2.java:addFilter(958)) - Added filter static_user_filter (class=org.apache.hadoop.http.lib.StaticUserWebFilter$StaticUserFilter) to context static
2019-07-13 10:54:47,777 INFO  http.HttpServer2 (HttpServer2.java:addFilter(958)) - Added filter static_user_filter (class=org.apache.hadoop.http.lib.StaticUserWebFilter$StaticUserFilter) to context logs
2019-07-13 10:54:47,778 INFO  http.HttpServer2 (HttpServer2.java:bindListener(1191)) - Jetty bound to port 45453
2019-07-13 10:54:47,779 INFO  server.Server (Server.java:doStart(351)) - jetty-9.3.24.v20180605, build timestamp: 2018-06-05T17:11:56Z, git hash: 84205aa28f11a4f31f2a3b86d1bba2cc8ab69827
2019-07-13 10:54:47,783 INFO  handler.ContextHandler (ContextHandler.java:doStart(781)) - Started o.e.j.s.ServletContextHandler@733fb462{/logs,file:///tmp/workdir/hadoop-ozone/integration-test/target/log,AVAILABLE}
2019-07-13 10:54:47,784 INFO  handler.ContextHandler (ContextHandler.java:doStart(781)) - Started o.e.j.s.ServletContextHandler@359066bc{/static,jar:file:/home/user/.m2/repository/org/apache/hadoop/hadoop-hdds-container-service/0.5.0-SNAPSHOT/hadoop-hdds-container-service-0.5.0-SNAPSHOT.jar!/webapps/static,AVAILABLE}
2019-07-13 10:54:47,829 INFO  handler.ContextHandler (ContextHandler.java:doStart(781)) - Started o.e.j.w.WebAppContext@2a8b33ba{/,file:///tmp/jetty-0.0.0.0-45453-hddsDatanode-_-any-5848941115064876594.dir/webapp/,AVAILABLE}{/hddsDatanode}
2019-07-13 10:54:47,830 INFO  server.AbstractConnector (AbstractConnector.java:doStart(278)) - Started ServerConnector@4e8b357d{HTTP/1.1,[http/1.1]}{0.0.0.0:45453}
2019-07-13 10:54:47,832 INFO  server.Server (Server.java:doStart(419)) - Started @6419ms
2019-07-13 10:54:47,833 INFO  server.BaseHttpServer (BaseHttpServer.java:updateConnectorAddress(207)) - HTTP server of HDDSDATANODE is listening at http://0.0.0.0:45453
2019-07-13 10:54:47,862 INFO  datanode.InitDatanodeState (InitDatanodeState.java:persistContainerDatanodeDetails(140)) - DatanodeDetails is persisted to /tmp/workdir/hadoop-ozone/integration-test/target/test-dir/MiniOzoneClusterImpl-73081f4f-9ae2-4d33-ba11-4a56a9691310/datanode-0/meta/datanode.id
2019-07-13 10:54:48,026 INFO  ozone.HddsDatanodeService (HddsDatanodeService.java:startPlugins(396)) - Started plug-in org.apache.hadoop.ozone.web.OzoneHddsDatanodeService@6097fca9
2019-07-13 10:54:48,026 INFO  impl.MetricsSystemImpl (MetricsSystemImpl.java:init(158)) - HddsDatanode metrics system started (again)
2019-07-13 10:54:48,028 INFO  ozone.HddsDatanodeService (HddsDatanodeService.java:start(185)) - HddsDatanodeService host:trunk-nightly-qcxv8-4293026562 ip:192.168.157.218
2019-07-13 10:54:48,029 INFO  util.JvmPauseMonitor (JvmPauseMonitor.java:run(188)) - Starting JVM pause monitor
2019-07-13 10:54:48,039 INFO  volume.HddsVolume (HddsVolume.java:<init>(176)) - Creating Volume: /tmp/workdir/hadoop-ozone/integration-test/target/test-dir/MiniOzoneClusterImpl-73081f4f-9ae2-4d33-ba11-4a56a9691310/datanode-2/data/containers/hdds of  storage type : DISK and capacity : 52710309888
2019-07-13 10:54:48,040 INFO  volume.VolumeSet (VolumeSet.java:initializeVolumeSet(170)) - Added Volume : /tmp/workdir/hadoop-ozone/integration-test/target/test-dir/MiniOzoneClusterImpl-73081f4f-9ae2-4d33-ba11-4a56a9691310/datanode-2/data/containers/hdds to VolumeSet
2019-07-13 10:54:48,040 INFO  volume.ThrottledAsyncChecker (ThrottledAsyncChecker.java:schedule(140)) - Scheduling a check for org.apache.hadoop.ozone.container.common.volume.HddsVolume@6371cf2f
2019-07-13 10:54:48,041 INFO  volume.HddsVolumeChecker (HddsVolumeChecker.java:checkAllVolumes(203)) - Scheduled health check for volume org.apache.hadoop.ozone.container.common.volume.HddsVolume@6371cf2f
2019-07-13 10:54:48,042 INFO  datanode.InitDatanodeState (InitDatanodeState.java:persistContainerDatanodeDetails(140)) - DatanodeDetails is persisted to /tmp/workdir/hadoop-ozone/integration-test/target/test-dir/MiniOzoneClusterImpl-73081f4f-9ae2-4d33-ba11-4a56a9691310/datanode-1/meta/datanode.id
2019-07-13 10:54:48,060 INFO  impl.RaftServerProxy (ConfUtils.java:logGet(43)) - raft.rpc.type = GRPC (default)
2019-07-13 10:54:48,060 INFO  grpc.GrpcFactory (GrpcFactory.java:checkPooledByteBufAllocatorUseCacheForAllThreads(45)) - PERFORMANCE WARNING: useCacheForAllThreads is true that may cause Netty to create a lot garbage objects and, as a result, trigger GC.
	It is recommended to disable useCacheForAllThreads by setting -Dorg.apache.ratis.thirdparty.io.netty.allocator.useCacheForAllThreads=false in command line.
2019-07-13 10:54:48,060 INFO  grpc.GrpcConfigKeys$Server (ConfUtils.java:logGet(43)) - raft.grpc.server.port = 0 (default)
2019-07-13 10:54:48,061 INFO  server.GrpcService (ConfUtils.java:logGet(43)) - raft.grpc.message.size.max = 33570816 (custom)
2019-07-13 10:54:48,061 INFO  server.RaftServerConfigKeys (ConfUtils.java:logGet(43)) - raft.server.log.appender.buffer.byte-limit = 33554432 (custom)
2019-07-13 10:54:48,061 INFO  server.GrpcService (ConfUtils.java:logGet(43)) - raft.grpc.flow.control.window = 1MB (=1048576) (default)
2019-07-13 10:54:48,061 INFO  server.RaftServerConfigKeys (ConfUtils.java:logGet(43)) - raft.server.rpc.request.timeout = 3000ms (default)
2019-07-13 10:54:48,062 INFO  server.RaftServerConfigKeys (ConfUtils.java:logGet(43)) - raft.server.storage.dir = [/tmp/workdir/hadoop-ozone/integration-test/target/test-dir/MiniOzoneClusterImpl-73081f4f-9ae2-4d33-ba11-4a56a9691310/datanode-2/data/ratis] (custom)
2019-07-13 10:54:48,063 INFO  replication.SimpleContainerDownloader (SimpleContainerDownloader.java:<init>(72)) - Starting container downloader service to copy containers to replicate.
2019-07-13 10:54:48,064 INFO  hdfs.DFSUtil (DFSUtil.java:httpServerTemplateForNNAndJN(1641)) - Starting Web-server for hddsDatanode at: http://0.0.0.0:0
2019-07-13 10:54:48,066 INFO  server.AuthenticationFilter (AuthenticationFilter.java:constructSecretProvider(240)) - Unable to initialize FileSignerSecretProvider, falling back to use random secrets.
2019-07-13 10:54:48,067 WARN  http.HttpRequestLog (HttpRequestLog.java:getRequestLog(97)) - Jetty request log can only be enabled using Log4j
2019-07-13 10:54:48,069 INFO  http.HttpServer2 (HttpServer2.java:addGlobalFilter(975)) - Added global filter 'safety' (class=org.apache.hadoop.http.HttpServer2$QuotingInputFilter)
2019-07-13 10:54:48,070 INFO  http.HttpServer2 (HttpServer2.java:addFilter(948)) - Added filter static_user_filter (class=org.apache.hadoop.http.lib.StaticUserWebFilter$StaticUserFilter) to context hddsDatanode
2019-07-13 10:54:48,070 INFO  http.HttpServer2 (HttpServer2.java:addFilter(958)) - Added filter static_user_filter (class=org.apache.hadoop.http.lib.StaticUserWebFilter$StaticUserFilter) to context logs
2019-07-13 10:54:48,071 INFO  http.HttpServer2 (HttpServer2.java:addFilter(958)) - Added filter static_user_filter (class=org.apache.hadoop.http.lib.StaticUserWebFilter$StaticUserFilter) to context static
2019-07-13 10:54:48,072 INFO  http.HttpServer2 (HttpServer2.java:bindListener(1191)) - Jetty bound to port 46566
2019-07-13 10:54:48,072 INFO  server.Server (Server.java:doStart(351)) - jetty-9.3.24.v20180605, build timestamp: 2018-06-05T17:11:56Z, git hash: 84205aa28f11a4f31f2a3b86d1bba2cc8ab69827
2019-07-13 10:54:48,075 INFO  handler.ContextHandler (ContextHandler.java:doStart(781)) - Started o.e.j.s.ServletContextHandler@3b97907c{/logs,file:///tmp/workdir/hadoop-ozone/integration-test/target/log,AVAILABLE}
2019-07-13 10:54:48,076 INFO  handler.ContextHandler (ContextHandler.java:doStart(781)) - Started o.e.j.s.ServletContextHandler@631c6d11{/static,jar:file:/home/user/.m2/repository/org/apache/hadoop/hadoop-hdds-container-service/0.5.0-SNAPSHOT/hadoop-hdds-container-service-0.5.0-SNAPSHOT.jar!/webapps/static,AVAILABLE}
2019-07-13 10:54:48,116 INFO  handler.ContextHandler (ContextHandler.java:doStart(781)) - Started o.e.j.w.WebAppContext@61608e1a{/,file:///tmp/jetty-0.0.0.0-46566-hddsDatanode-_-any-5326213064163714931.dir/webapp/,AVAILABLE}{/hddsDatanode}
2019-07-13 10:54:48,116 INFO  server.AbstractConnector (AbstractConnector.java:doStart(278)) - Started ServerConnector@7c46c9c3{HTTP/1.1,[http/1.1]}{0.0.0.0:46566}
2019-07-13 10:54:48,118 INFO  server.Server (Server.java:doStart(419)) - Started @6704ms
2019-07-13 10:54:48,119 INFO  server.BaseHttpServer (BaseHttpServer.java:updateConnectorAddress(207)) - HTTP server of HDDSDATANODE is listening at http://0.0.0.0:46566
2019-07-13 10:54:48,265 INFO  ozone.HddsDatanodeService (HddsDatanodeService.java:startPlugins(396)) - Started plug-in org.apache.hadoop.ozone.web.OzoneHddsDatanodeService@4026461d
2019-07-13 10:54:48,266 INFO  impl.MetricsSystemImpl (MetricsSystemImpl.java:init(158)) - HddsDatanode metrics system started (again)
2019-07-13 10:54:48,268 INFO  ozone.HddsDatanodeService (HddsDatanodeService.java:start(185)) - HddsDatanodeService host:trunk-nightly-qcxv8-4293026562 ip:192.168.157.218
2019-07-13 10:54:48,270 INFO  util.JvmPauseMonitor (JvmPauseMonitor.java:run(188)) - Starting JVM pause monitor
2019-07-13 10:54:48,273 INFO  datanode.InitDatanodeState (InitDatanodeState.java:persistContainerDatanodeDetails(140)) - DatanodeDetails is persisted to /tmp/workdir/hadoop-ozone/integration-test/target/test-dir/MiniOzoneClusterImpl-73081f4f-9ae2-4d33-ba11-4a56a9691310/datanode-2/meta/datanode.id
2019-07-13 10:54:48,277 INFO  volume.HddsVolume (HddsVolume.java:<init>(176)) - Creating Volume: /tmp/workdir/hadoop-ozone/integration-test/target/test-dir/MiniOzoneClusterImpl-73081f4f-9ae2-4d33-ba11-4a56a9691310/datanode-3/data/containers/hdds of  storage type : DISK and capacity : 52710309888
2019-07-13 10:54:48,277 INFO  volume.VolumeSet (VolumeSet.java:initializeVolumeSet(170)) - Added Volume : /tmp/workdir/hadoop-ozone/integration-test/target/test-dir/MiniOzoneClusterImpl-73081f4f-9ae2-4d33-ba11-4a56a9691310/datanode-3/data/containers/hdds to VolumeSet
2019-07-13 10:54:48,277 INFO  volume.ThrottledAsyncChecker (ThrottledAsyncChecker.java:schedule(140)) - Scheduling a check for org.apache.hadoop.ozone.container.common.volume.HddsVolume@57bd6a8f
2019-07-13 10:54:48,278 INFO  volume.HddsVolumeChecker (HddsVolumeChecker.java:checkAllVolumes(203)) - Scheduled health check for volume org.apache.hadoop.ozone.container.common.volume.HddsVolume@57bd6a8f
2019-07-13 10:54:48,296 INFO  impl.RaftServerProxy (ConfUtils.java:logGet(43)) - raft.rpc.type = GRPC (default)
2019-07-13 10:54:48,297 INFO  grpc.GrpcFactory (GrpcFactory.java:checkPooledByteBufAllocatorUseCacheForAllThreads(45)) - PERFORMANCE WARNING: useCacheForAllThreads is true that may cause Netty to create a lot garbage objects and, as a result, trigger GC.
	It is recommended to disable useCacheForAllThreads by setting -Dorg.apache.ratis.thirdparty.io.netty.allocator.useCacheForAllThreads=false in command line.
2019-07-13 10:54:48,297 INFO  grpc.GrpcConfigKeys$Server (ConfUtils.java:logGet(43)) - raft.grpc.server.port = 0 (default)
2019-07-13 10:54:48,297 INFO  server.GrpcService (ConfUtils.java:logGet(43)) - raft.grpc.message.size.max = 33570816 (custom)
2019-07-13 10:54:48,298 INFO  server.RaftServerConfigKeys (ConfUtils.java:logGet(43)) - raft.server.log.appender.buffer.byte-limit = 33554432 (custom)
2019-07-13 10:54:48,298 INFO  server.GrpcService (ConfUtils.java:logGet(43)) - raft.grpc.flow.control.window = 1MB (=1048576) (default)
2019-07-13 10:54:48,298 INFO  server.RaftServerConfigKeys (ConfUtils.java:logGet(43)) - raft.server.rpc.request.timeout = 3000ms (default)
2019-07-13 10:54:48,299 INFO  server.RaftServerConfigKeys (ConfUtils.java:logGet(43)) - raft.server.storage.dir = [/tmp/workdir/hadoop-ozone/integration-test/target/test-dir/MiniOzoneClusterImpl-73081f4f-9ae2-4d33-ba11-4a56a9691310/datanode-3/data/ratis] (custom)
2019-07-13 10:54:48,300 INFO  replication.SimpleContainerDownloader (SimpleContainerDownloader.java:<init>(72)) - Starting container downloader service to copy containers to replicate.
2019-07-13 10:54:48,301 INFO  hdfs.DFSUtil (DFSUtil.java:httpServerTemplateForNNAndJN(1641)) - Starting Web-server for hddsDatanode at: http://0.0.0.0:0
2019-07-13 10:54:48,302 INFO  server.AuthenticationFilter (AuthenticationFilter.java:constructSecretProvider(240)) - Unable to initialize FileSignerSecretProvider, falling back to use random secrets.
2019-07-13 10:54:48,303 WARN  http.HttpRequestLog (HttpRequestLog.java:getRequestLog(97)) - Jetty request log can only be enabled using Log4j
2019-07-13 10:54:48,304 INFO  http.HttpServer2 (HttpServer2.java:addGlobalFilter(975)) - Added global filter 'safety' (class=org.apache.hadoop.http.HttpServer2$QuotingInputFilter)
2019-07-13 10:54:48,305 INFO  http.HttpServer2 (HttpServer2.java:addFilter(948)) - Added filter static_user_filter (class=org.apache.hadoop.http.lib.StaticUserWebFilter$StaticUserFilter) to context hddsDatanode
2019-07-13 10:54:48,305 INFO  http.HttpServer2 (HttpServer2.java:addFilter(958)) - Added filter static_user_filter (class=org.apache.hadoop.http.lib.StaticUserWebFilter$StaticUserFilter) to context static
2019-07-13 10:54:48,306 INFO  http.HttpServer2 (HttpServer2.java:addFilter(958)) - Added filter static_user_filter (class=org.apache.hadoop.http.lib.StaticUserWebFilter$StaticUserFilter) to context logs
2019-07-13 10:54:48,306 INFO  http.HttpServer2 (HttpServer2.java:bindListener(1191)) - Jetty bound to port 33503
2019-07-13 10:54:48,307 INFO  server.Server (Server.java:doStart(351)) - jetty-9.3.24.v20180605, build timestamp: 2018-06-05T17:11:56Z, git hash: 84205aa28f11a4f31f2a3b86d1bba2cc8ab69827
2019-07-13 10:54:48,311 INFO  handler.ContextHandler (ContextHandler.java:doStart(781)) - Started o.e.j.s.ServletContextHandler@5f395ce1{/logs,file:///tmp/workdir/hadoop-ozone/integration-test/target/log,AVAILABLE}
2019-07-13 10:54:48,312 INFO  handler.ContextHandler (ContextHandler.java:doStart(781)) - Started o.e.j.s.ServletContextHandler@1e30db85{/static,jar:file:/home/user/.m2/repository/org/apache/hadoop/hadoop-hdds-container-service/0.5.0-SNAPSHOT/hadoop-hdds-container-service-0.5.0-SNAPSHOT.jar!/webapps/static,AVAILABLE}
2019-07-13 10:54:48,343 INFO  handler.ContextHandler (ContextHandler.java:doStart(781)) - Started o.e.j.w.WebAppContext@1e00bfe2{/,file:///tmp/jetty-0.0.0.0-33503-hddsDatanode-_-any-1891169196859810607.dir/webapp/,AVAILABLE}{/hddsDatanode}
2019-07-13 10:54:48,344 INFO  server.AbstractConnector (AbstractConnector.java:doStart(278)) - Started ServerConnector@4702e7a5{HTTP/1.1,[http/1.1]}{0.0.0.0:33503}
2019-07-13 10:54:48,345 INFO  server.Server (Server.java:doStart(419)) - Started @6932ms
2019-07-13 10:54:48,346 INFO  server.BaseHttpServer (BaseHttpServer.java:updateConnectorAddress(207)) - HTTP server of HDDSDATANODE is listening at http://0.0.0.0:33503
2019-07-13 10:54:48,468 INFO  ozone.HddsDatanodeService (HddsDatanodeService.java:startPlugins(396)) - Started plug-in org.apache.hadoop.ozone.web.OzoneHddsDatanodeService@1bd8afc8
2019-07-13 10:54:48,468 INFO  impl.MetricsSystemImpl (MetricsSystemImpl.java:init(158)) - HddsDatanode metrics system started (again)
2019-07-13 10:54:48,470 INFO  ozone.HddsDatanodeService (HddsDatanodeService.java:start(185)) - HddsDatanodeService host:trunk-nightly-qcxv8-4293026562 ip:192.168.157.218
2019-07-13 10:54:48,473 INFO  util.JvmPauseMonitor (JvmPauseMonitor.java:run(188)) - Starting JVM pause monitor
2019-07-13 10:54:48,476 INFO  datanode.InitDatanodeState (InitDatanodeState.java:persistContainerDatanodeDetails(140)) - DatanodeDetails is persisted to /tmp/workdir/hadoop-ozone/integration-test/target/test-dir/MiniOzoneClusterImpl-73081f4f-9ae2-4d33-ba11-4a56a9691310/datanode-3/meta/datanode.id
2019-07-13 10:54:48,479 INFO  volume.HddsVolume (HddsVolume.java:<init>(176)) - Creating Volume: /tmp/workdir/hadoop-ozone/integration-test/target/test-dir/MiniOzoneClusterImpl-73081f4f-9ae2-4d33-ba11-4a56a9691310/datanode-4/data/containers/hdds of  storage type : DISK and capacity : 52710309888
2019-07-13 10:54:48,479 INFO  volume.VolumeSet (VolumeSet.java:initializeVolumeSet(170)) - Added Volume : /tmp/workdir/hadoop-ozone/integration-test/target/test-dir/MiniOzoneClusterImpl-73081f4f-9ae2-4d33-ba11-4a56a9691310/datanode-4/data/containers/hdds to VolumeSet
2019-07-13 10:54:48,479 INFO  volume.ThrottledAsyncChecker (ThrottledAsyncChecker.java:schedule(140)) - Scheduling a check for org.apache.hadoop.ozone.container.common.volume.HddsVolume@77a0dd63
2019-07-13 10:54:48,480 INFO  volume.HddsVolumeChecker (HddsVolumeChecker.java:checkAllVolumes(203)) - Scheduled health check for volume org.apache.hadoop.ozone.container.common.volume.HddsVolume@77a0dd63
2019-07-13 10:54:48,494 INFO  impl.RaftServerProxy (ConfUtils.java:logGet(43)) - raft.rpc.type = GRPC (default)
2019-07-13 10:54:48,494 INFO  grpc.GrpcFactory (GrpcFactory.java:checkPooledByteBufAllocatorUseCacheForAllThreads(45)) - PERFORMANCE WARNING: useCacheForAllThreads is true that may cause Netty to create a lot garbage objects and, as a result, trigger GC.
	It is recommended to disable useCacheForAllThreads by setting -Dorg.apache.ratis.thirdparty.io.netty.allocator.useCacheForAllThreads=false in command line.
2019-07-13 10:54:48,495 INFO  grpc.GrpcConfigKeys$Server (ConfUtils.java:logGet(43)) - raft.grpc.server.port = 0 (default)
2019-07-13 10:54:48,495 INFO  server.GrpcService (ConfUtils.java:logGet(43)) - raft.grpc.message.size.max = 33570816 (custom)
2019-07-13 10:54:48,495 INFO  server.RaftServerConfigKeys (ConfUtils.java:logGet(43)) - raft.server.log.appender.buffer.byte-limit = 33554432 (custom)
2019-07-13 10:54:48,495 INFO  server.GrpcService (ConfUtils.java:logGet(43)) - raft.grpc.flow.control.window = 1MB (=1048576) (default)
2019-07-13 10:54:48,495 INFO  server.RaftServerConfigKeys (ConfUtils.java:logGet(43)) - raft.server.rpc.request.timeout = 3000ms (default)
2019-07-13 10:54:48,496 INFO  server.RaftServerConfigKeys (ConfUtils.java:logGet(43)) - raft.server.storage.dir = [/tmp/workdir/hadoop-ozone/integration-test/target/test-dir/MiniOzoneClusterImpl-73081f4f-9ae2-4d33-ba11-4a56a9691310/datanode-4/data/ratis] (custom)
2019-07-13 10:54:48,497 INFO  replication.SimpleContainerDownloader (SimpleContainerDownloader.java:<init>(72)) - Starting container downloader service to copy containers to replicate.
2019-07-13 10:54:48,498 INFO  hdfs.DFSUtil (DFSUtil.java:httpServerTemplateForNNAndJN(1641)) - Starting Web-server for hddsDatanode at: http://0.0.0.0:0
2019-07-13 10:54:48,499 INFO  server.AuthenticationFilter (AuthenticationFilter.java:constructSecretProvider(240)) - Unable to initialize FileSignerSecretProvider, falling back to use random secrets.
2019-07-13 10:54:48,499 WARN  http.HttpRequestLog (HttpRequestLog.java:getRequestLog(97)) - Jetty request log can only be enabled using Log4j
2019-07-13 10:54:48,501 INFO  http.HttpServer2 (HttpServer2.java:addGlobalFilter(975)) - Added global filter 'safety' (class=org.apache.hadoop.http.HttpServer2$QuotingInputFilter)
2019-07-13 10:54:48,501 INFO  http.HttpServer2 (HttpServer2.java:addFilter(948)) - Added filter static_user_filter (class=org.apache.hadoop.http.lib.StaticUserWebFilter$StaticUserFilter) to context hddsDatanode
2019-07-13 10:54:48,502 INFO  http.HttpServer2 (HttpServer2.java:addFilter(958)) - Added filter static_user_filter (class=org.apache.hadoop.http.lib.StaticUserWebFilter$StaticUserFilter) to context static
2019-07-13 10:54:48,502 INFO  http.HttpServer2 (HttpServer2.java:addFilter(958)) - Added filter static_user_filter (class=org.apache.hadoop.http.lib.StaticUserWebFilter$StaticUserFilter) to context logs
2019-07-13 10:54:48,502 INFO  http.HttpServer2 (HttpServer2.java:bindListener(1191)) - Jetty bound to port 46222
2019-07-13 10:54:48,503 INFO  server.Server (Server.java:doStart(351)) - jetty-9.3.24.v20180605, build timestamp: 2018-06-05T17:11:56Z, git hash: 84205aa28f11a4f31f2a3b86d1bba2cc8ab69827
2019-07-13 10:54:48,505 INFO  handler.ContextHandler (ContextHandler.java:doStart(781)) - Started o.e.j.s.ServletContextHandler@7aa01bd9{/logs,file:///tmp/workdir/hadoop-ozone/integration-test/target/log,AVAILABLE}
2019-07-13 10:54:48,506 INFO  handler.ContextHandler (ContextHandler.java:doStart(781)) - Started o.e.j.s.ServletContextHandler@615db358{/static,jar:file:/home/user/.m2/repository/org/apache/hadoop/hadoop-hdds-container-service/0.5.0-SNAPSHOT/hadoop-hdds-container-service-0.5.0-SNAPSHOT.jar!/webapps/static,AVAILABLE}
2019-07-13 10:54:48,534 INFO  handler.ContextHandler (ContextHandler.java:doStart(781)) - Started o.e.j.w.WebAppContext@34136bd1{/,file:///tmp/jetty-0.0.0.0-46222-hddsDatanode-_-any-2820970900233910381.dir/webapp/,AVAILABLE}{/hddsDatanode}
2019-07-13 10:54:48,535 INFO  server.AbstractConnector (AbstractConnector.java:doStart(278)) - Started ServerConnector@6de7778f{HTTP/1.1,[http/1.1]}{0.0.0.0:46222}
2019-07-13 10:54:48,536 INFO  server.Server (Server.java:doStart(419)) - Started @7122ms
2019-07-13 10:54:48,537 INFO  server.BaseHttpServer (BaseHttpServer.java:updateConnectorAddress(207)) - HTTP server of HDDSDATANODE is listening at http://0.0.0.0:46222
2019-07-13 10:54:48,657 INFO  ozone.HddsDatanodeService (HddsDatanodeService.java:startPlugins(396)) - Started plug-in org.apache.hadoop.ozone.web.OzoneHddsDatanodeService@5fdd97c1
2019-07-13 10:54:48,657 INFO  impl.MetricsSystemImpl (MetricsSystemImpl.java:init(158)) - HddsDatanode metrics system started (again)
2019-07-13 10:54:48,659 INFO  ozone.HddsDatanodeService (HddsDatanodeService.java:start(185)) - HddsDatanodeService host:trunk-nightly-qcxv8-4293026562 ip:192.168.157.218
2019-07-13 10:54:48,661 INFO  util.JvmPauseMonitor (JvmPauseMonitor.java:run(188)) - Starting JVM pause monitor
2019-07-13 10:54:48,664 INFO  datanode.InitDatanodeState (InitDatanodeState.java:persistContainerDatanodeDetails(140)) - DatanodeDetails is persisted to /tmp/workdir/hadoop-ozone/integration-test/target/test-dir/MiniOzoneClusterImpl-73081f4f-9ae2-4d33-ba11-4a56a9691310/datanode-4/meta/datanode.id
2019-07-13 10:54:48,668 INFO  volume.HddsVolume (HddsVolume.java:<init>(176)) - Creating Volume: /tmp/workdir/hadoop-ozone/integration-test/target/test-dir/MiniOzoneClusterImpl-73081f4f-9ae2-4d33-ba11-4a56a9691310/datanode-5/data/containers/hdds of  storage type : DISK and capacity : 52710309888
2019-07-13 10:54:48,669 INFO  volume.VolumeSet (VolumeSet.java:initializeVolumeSet(170)) - Added Volume : /tmp/workdir/hadoop-ozone/integration-test/target/test-dir/MiniOzoneClusterImpl-73081f4f-9ae2-4d33-ba11-4a56a9691310/datanode-5/data/containers/hdds to VolumeSet
2019-07-13 10:54:48,669 INFO  volume.ThrottledAsyncChecker (ThrottledAsyncChecker.java:schedule(140)) - Scheduling a check for org.apache.hadoop.ozone.container.common.volume.HddsVolume@37d3e140
2019-07-13 10:54:48,670 INFO  volume.HddsVolumeChecker (HddsVolumeChecker.java:checkAllVolumes(203)) - Scheduled health check for volume org.apache.hadoop.ozone.container.common.volume.HddsVolume@37d3e140
2019-07-13 10:54:48,685 INFO  impl.RaftServerProxy (ConfUtils.java:logGet(43)) - raft.rpc.type = GRPC (default)
2019-07-13 10:54:48,685 INFO  grpc.GrpcFactory (GrpcFactory.java:checkPooledByteBufAllocatorUseCacheForAllThreads(45)) - PERFORMANCE WARNING: useCacheForAllThreads is true that may cause Netty to create a lot garbage objects and, as a result, trigger GC.
	It is recommended to disable useCacheForAllThreads by setting -Dorg.apache.ratis.thirdparty.io.netty.allocator.useCacheForAllThreads=false in command line.
2019-07-13 10:54:48,685 INFO  grpc.GrpcConfigKeys$Server (ConfUtils.java:logGet(43)) - raft.grpc.server.port = 0 (default)
2019-07-13 10:54:48,686 INFO  server.GrpcService (ConfUtils.java:logGet(43)) - raft.grpc.message.size.max = 33570816 (custom)
2019-07-13 10:54:48,686 INFO  server.RaftServerConfigKeys (ConfUtils.java:logGet(43)) - raft.server.log.appender.buffer.byte-limit = 33554432 (custom)
2019-07-13 10:54:48,686 INFO  server.GrpcService (ConfUtils.java:logGet(43)) - raft.grpc.flow.control.window = 1MB (=1048576) (default)
2019-07-13 10:54:48,686 INFO  server.RaftServerConfigKeys (ConfUtils.java:logGet(43)) - raft.server.rpc.request.timeout = 3000ms (default)
2019-07-13 10:54:48,689 INFO  server.RaftServerConfigKeys (ConfUtils.java:logGet(43)) - raft.server.storage.dir = [/tmp/workdir/hadoop-ozone/integration-test/target/test-dir/MiniOzoneClusterImpl-73081f4f-9ae2-4d33-ba11-4a56a9691310/datanode-5/data/ratis] (custom)
2019-07-13 10:54:48,689 INFO  replication.SimpleContainerDownloader (SimpleContainerDownloader.java:<init>(72)) - Starting container downloader service to copy containers to replicate.
2019-07-13 10:54:48,691 INFO  hdfs.DFSUtil (DFSUtil.java:httpServerTemplateForNNAndJN(1641)) - Starting Web-server for hddsDatanode at: http://0.0.0.0:0
2019-07-13 10:54:48,692 INFO  server.AuthenticationFilter (AuthenticationFilter.java:constructSecretProvider(240)) - Unable to initialize FileSignerSecretProvider, falling back to use random secrets.
2019-07-13 10:54:48,692 WARN  http.HttpRequestLog (HttpRequestLog.java:getRequestLog(97)) - Jetty request log can only be enabled using Log4j
2019-07-13 10:54:48,694 INFO  http.HttpServer2 (HttpServer2.java:addGlobalFilter(975)) - Added global filter 'safety' (class=org.apache.hadoop.http.HttpServer2$QuotingInputFilter)
2019-07-13 10:54:48,694 INFO  http.HttpServer2 (HttpServer2.java:addFilter(948)) - Added filter static_user_filter (class=org.apache.hadoop.http.lib.StaticUserWebFilter$StaticUserFilter) to context hddsDatanode
2019-07-13 10:54:48,694 INFO  http.HttpServer2 (HttpServer2.java:addFilter(958)) - Added filter static_user_filter (class=org.apache.hadoop.http.lib.StaticUserWebFilter$StaticUserFilter) to context static
2019-07-13 10:54:48,695 INFO  http.HttpServer2 (HttpServer2.java:addFilter(958)) - Added filter static_user_filter (class=org.apache.hadoop.http.lib.StaticUserWebFilter$StaticUserFilter) to context logs
2019-07-13 10:54:48,695 INFO  http.HttpServer2 (HttpServer2.java:bindListener(1191)) - Jetty bound to port 43657
2019-07-13 10:54:48,695 INFO  server.Server (Server.java:doStart(351)) - jetty-9.3.24.v20180605, build timestamp: 2018-06-05T17:11:56Z, git hash: 84205aa28f11a4f31f2a3b86d1bba2cc8ab69827
2019-07-13 10:54:48,698 INFO  handler.ContextHandler (ContextHandler.java:doStart(781)) - Started o.e.j.s.ServletContextHandler@545d2560{/logs,file:///tmp/workdir/hadoop-ozone/integration-test/target/log,AVAILABLE}
2019-07-13 10:54:48,699 INFO  handler.ContextHandler (ContextHandler.java:doStart(781)) - Started o.e.j.s.ServletContextHandler@6885ed19{/static,jar:file:/home/user/.m2/repository/org/apache/hadoop/hadoop-hdds-container-service/0.5.0-SNAPSHOT/hadoop-hdds-container-service-0.5.0-SNAPSHOT.jar!/webapps/static,AVAILABLE}
2019-07-13 10:54:48,726 INFO  handler.ContextHandler (ContextHandler.java:doStart(781)) - Started o.e.j.w.WebAppContext@40c8067{/,file:///tmp/jetty-0.0.0.0-43657-hddsDatanode-_-any-7352305147711329131.dir/webapp/,AVAILABLE}{/hddsDatanode}
2019-07-13 10:54:48,728 INFO  server.AbstractConnector (AbstractConnector.java:doStart(278)) - Started ServerConnector@46bb0bdf{HTTP/1.1,[http/1.1]}{0.0.0.0:43657}
2019-07-13 10:54:48,728 INFO  server.Server (Server.java:doStart(419)) - Started @7314ms
2019-07-13 10:54:48,729 INFO  server.BaseHttpServer (BaseHttpServer.java:updateConnectorAddress(207)) - HTTP server of HDDSDATANODE is listening at http://0.0.0.0:43657
2019-07-13 10:54:48,851 INFO  ozone.HddsDatanodeService (HddsDatanodeService.java:startPlugins(396)) - Started plug-in org.apache.hadoop.ozone.web.OzoneHddsDatanodeService@7d25913
2019-07-13 10:54:48,851 INFO  impl.MetricsSystemImpl (MetricsSystemImpl.java:init(158)) - HddsDatanode metrics system started (again)
2019-07-13 10:54:48,853 INFO  ozone.HddsDatanodeService (HddsDatanodeService.java:start(185)) - HddsDatanodeService host:trunk-nightly-qcxv8-4293026562 ip:192.168.157.218
2019-07-13 10:54:48,855 INFO  util.JvmPauseMonitor (JvmPauseMonitor.java:run(188)) - Starting JVM pause monitor
2019-07-13 10:54:48,858 INFO  datanode.InitDatanodeState (InitDatanodeState.java:persistContainerDatanodeDetails(140)) - DatanodeDetails is persisted to /tmp/workdir/hadoop-ozone/integration-test/target/test-dir/MiniOzoneClusterImpl-73081f4f-9ae2-4d33-ba11-4a56a9691310/datanode-5/meta/datanode.id
2019-07-13 10:54:48,863 INFO  volume.HddsVolume (HddsVolume.java:<init>(176)) - Creating Volume: /tmp/workdir/hadoop-ozone/integration-test/target/test-dir/MiniOzoneClusterImpl-73081f4f-9ae2-4d33-ba11-4a56a9691310/datanode-6/data/containers/hdds of  storage type : DISK and capacity : 52710309888
2019-07-13 10:54:48,864 INFO  volume.VolumeSet (VolumeSet.java:initializeVolumeSet(170)) - Added Volume : /tmp/workdir/hadoop-ozone/integration-test/target/test-dir/MiniOzoneClusterImpl-73081f4f-9ae2-4d33-ba11-4a56a9691310/datanode-6/data/containers/hdds to VolumeSet
2019-07-13 10:54:48,864 INFO  volume.ThrottledAsyncChecker (ThrottledAsyncChecker.java:schedule(140)) - Scheduling a check for org.apache.hadoop.ozone.container.common.volume.HddsVolume@40a1b6d4
2019-07-13 10:54:48,864 INFO  volume.HddsVolumeChecker (HddsVolumeChecker.java:checkAllVolumes(203)) - Scheduled health check for volume org.apache.hadoop.ozone.container.common.volume.HddsVolume@40a1b6d4
2019-07-13 10:54:48,880 INFO  impl.RaftServerProxy (ConfUtils.java:logGet(43)) - raft.rpc.type = GRPC (default)
2019-07-13 10:54:48,880 INFO  grpc.GrpcFactory (GrpcFactory.java:checkPooledByteBufAllocatorUseCacheForAllThreads(45)) - PERFORMANCE WARNING: useCacheForAllThreads is true that may cause Netty to create a lot garbage objects and, as a result, trigger GC.
	It is recommended to disable useCacheForAllThreads by setting -Dorg.apache.ratis.thirdparty.io.netty.allocator.useCacheForAllThreads=false in command line.
2019-07-13 10:54:48,880 INFO  grpc.GrpcConfigKeys$Server (ConfUtils.java:logGet(43)) - raft.grpc.server.port = 0 (default)
2019-07-13 10:54:48,881 INFO  server.GrpcService (ConfUtils.java:logGet(43)) - raft.grpc.message.size.max = 33570816 (custom)
2019-07-13 10:54:48,881 INFO  server.RaftServerConfigKeys (ConfUtils.java:logGet(43)) - raft.server.log.appender.buffer.byte-limit = 33554432 (custom)
2019-07-13 10:54:48,882 INFO  server.GrpcService (ConfUtils.java:logGet(43)) - raft.grpc.flow.control.window = 1MB (=1048576) (default)
2019-07-13 10:54:48,882 INFO  server.RaftServerConfigKeys (ConfUtils.java:logGet(43)) - raft.server.rpc.request.timeout = 3000ms (default)
2019-07-13 10:54:48,882 INFO  server.RaftServerConfigKeys (ConfUtils.java:logGet(43)) - raft.server.storage.dir = [/tmp/workdir/hadoop-ozone/integration-test/target/test-dir/MiniOzoneClusterImpl-73081f4f-9ae2-4d33-ba11-4a56a9691310/datanode-6/data/ratis] (custom)
2019-07-13 10:54:48,883 INFO  replication.SimpleContainerDownloader (SimpleContainerDownloader.java:<init>(72)) - Starting container downloader service to copy containers to replicate.
2019-07-13 10:54:48,884 INFO  hdfs.DFSUtil (DFSUtil.java:httpServerTemplateForNNAndJN(1641)) - Starting Web-server for hddsDatanode at: http://0.0.0.0:0
2019-07-13 10:54:48,885 INFO  server.AuthenticationFilter (AuthenticationFilter.java:constructSecretProvider(240)) - Unable to initialize FileSignerSecretProvider, falling back to use random secrets.
2019-07-13 10:54:48,886 WARN  http.HttpRequestLog (HttpRequestLog.java:getRequestLog(97)) - Jetty request log can only be enabled using Log4j
2019-07-13 10:54:48,887 INFO  http.HttpServer2 (HttpServer2.java:addGlobalFilter(975)) - Added global filter 'safety' (class=org.apache.hadoop.http.HttpServer2$QuotingInputFilter)
2019-07-13 10:54:48,887 INFO  http.HttpServer2 (HttpServer2.java:addFilter(948)) - Added filter static_user_filter (class=org.apache.hadoop.http.lib.StaticUserWebFilter$StaticUserFilter) to context hddsDatanode
2019-07-13 10:54:48,888 INFO  http.HttpServer2 (HttpServer2.java:addFilter(958)) - Added filter static_user_filter (class=org.apache.hadoop.http.lib.StaticUserWebFilter$StaticUserFilter) to context static
2019-07-13 10:54:48,888 INFO  http.HttpServer2 (HttpServer2.java:addFilter(958)) - Added filter static_user_filter (class=org.apache.hadoop.http.lib.StaticUserWebFilter$StaticUserFilter) to context logs
2019-07-13 10:54:48,888 INFO  http.HttpServer2 (HttpServer2.java:bindListener(1191)) - Jetty bound to port 39700
2019-07-13 10:54:48,889 INFO  server.Server (Server.java:doStart(351)) - jetty-9.3.24.v20180605, build timestamp: 2018-06-05T17:11:56Z, git hash: 84205aa28f11a4f31f2a3b86d1bba2cc8ab69827
2019-07-13 10:54:48,891 INFO  handler.ContextHandler (ContextHandler.java:doStart(781)) - Started o.e.j.s.ServletContextHandler@718989fa{/logs,file:///tmp/workdir/hadoop-ozone/integration-test/target/log,AVAILABLE}
2019-07-13 10:54:48,892 INFO  handler.ContextHandler (ContextHandler.java:doStart(781)) - Started o.e.j.s.ServletContextHandler@6568f998{/static,jar:file:/home/user/.m2/repository/org/apache/hadoop/hadoop-hdds-container-service/0.5.0-SNAPSHOT/hadoop-hdds-container-service-0.5.0-SNAPSHOT.jar!/webapps/static,AVAILABLE}
2019-07-13 10:54:48,922 INFO  handler.ContextHandler (ContextHandler.java:doStart(781)) - Started o.e.j.w.WebAppContext@448ade1{/,file:///tmp/jetty-0.0.0.0-39700-hddsDatanode-_-any-6489431740838200726.dir/webapp/,AVAILABLE}{/hddsDatanode}
2019-07-13 10:54:48,923 INFO  server.AbstractConnector (AbstractConnector.java:doStart(278)) - Started ServerConnector@21f9c6ea{HTTP/1.1,[http/1.1]}{0.0.0.0:39700}
2019-07-13 10:54:48,924 INFO  server.Server (Server.java:doStart(419)) - Started @7511ms
2019-07-13 10:54:48,925 INFO  server.BaseHttpServer (BaseHttpServer.java:updateConnectorAddress(207)) - HTTP server of HDDSDATANODE is listening at http://0.0.0.0:39700
2019-07-13 10:54:49,180 INFO  ozone.HddsDatanodeService (HddsDatanodeService.java:startPlugins(396)) - Started plug-in org.apache.hadoop.ozone.web.OzoneHddsDatanodeService@112c2930
2019-07-13 10:54:49,183 INFO  ozone.MiniOzoneClusterImpl (MiniOzoneClusterImpl.java:lambda$waitForClusterToBeReady$0(142)) - Waiting for cluster to be ready. Got 0 of 7 DN Heartbeats.
2019-07-13 10:54:49,184 INFO  util.JvmPauseMonitor (JvmPauseMonitor.java:run(188)) - Starting JVM pause monitor
2019-07-13 10:54:49,187 INFO  datanode.InitDatanodeState (InitDatanodeState.java:persistContainerDatanodeDetails(140)) - DatanodeDetails is persisted to /tmp/workdir/hadoop-ozone/integration-test/target/test-dir/MiniOzoneClusterImpl-73081f4f-9ae2-4d33-ba11-4a56a9691310/datanode-6/meta/datanode.id
2019-07-13 10:54:49,790 INFO  ozoneimpl.OzoneContainer (OzoneContainer.java:start(186)) - Attempting to start container services.
2019-07-13 10:54:49,792 INFO  ozoneimpl.OzoneContainer (OzoneContainer.java:startContainerScrub(160)) - Background container scrubber has been disabled by hdds.containerscrub.enabled
2019-07-13 10:54:49,792 INFO  ratis.XceiverServerRatis (XceiverServerRatis.java:start(418)) - Starting XceiverServerRatis b49fed3d-6ad5-45db-8d40-200294b49516 at port 0
2019-07-13 10:54:49,810 INFO  impl.RaftServerProxy (RaftServerProxy.java:lambda$start$3(299)) - b49fed3d-6ad5-45db-8d40-200294b49516: start RPC server
2019-07-13 10:54:49,925 INFO  server.GrpcService (GrpcService.java:startImpl(149)) - b49fed3d-6ad5-45db-8d40-200294b49516: GrpcService started, listening on 0.0.0.0/0.0.0.0:34691
2019-07-13 10:54:49,926 INFO  ratis.XceiverServerRatis (XceiverServerRatis.java:start(428)) - XceiverServerRatis b49fed3d-6ad5-45db-8d40-200294b49516 is started using port 34691
2019-07-13 10:54:49,929 INFO  server.XceiverServerGrpc (XceiverServerGrpc.java:start(161)) - XceiverServerGrpc b49fed3d-6ad5-45db-8d40-200294b49516 is started using port 33172
2019-07-13 10:54:50,048 INFO  ozoneimpl.OzoneContainer (OzoneContainer.java:start(186)) - Attempting to start container services.
2019-07-13 10:54:50,051 INFO  ozoneimpl.OzoneContainer (OzoneContainer.java:startContainerScrub(160)) - Background container scrubber has been disabled by hdds.containerscrub.enabled
2019-07-13 10:54:50,051 INFO  ratis.XceiverServerRatis (XceiverServerRatis.java:start(418)) - Starting XceiverServerRatis a0c8721f-0caa-470c-922a-9e42ec3d9e09 at port 0
2019-07-13 10:54:50,063 INFO  impl.RaftServerProxy (RaftServerProxy.java:lambda$start$3(299)) - a0c8721f-0caa-470c-922a-9e42ec3d9e09: start RPC server
2019-07-13 10:54:50,068 INFO  server.GrpcService (GrpcService.java:startImpl(149)) - a0c8721f-0caa-470c-922a-9e42ec3d9e09: GrpcService started, listening on 0.0.0.0/0.0.0.0:44695
2019-07-13 10:54:50,068 INFO  ratis.XceiverServerRatis (XceiverServerRatis.java:start(428)) - XceiverServerRatis a0c8721f-0caa-470c-922a-9e42ec3d9e09 is started using port 44695
2019-07-13 10:54:50,071 INFO  server.XceiverServerGrpc (XceiverServerGrpc.java:start(161)) - XceiverServerGrpc a0c8721f-0caa-470c-922a-9e42ec3d9e09 is started using port 35537
2019-07-13 10:54:50,184 INFO  ozone.MiniOzoneClusterImpl (MiniOzoneClusterImpl.java:lambda$waitForClusterToBeReady$0(142)) - Waiting for cluster to be ready. Got 0 of 7 DN Heartbeats.
2019-07-13 10:54:50,288 INFO  ozoneimpl.OzoneContainer (OzoneContainer.java:start(186)) - Attempting to start container services.
2019-07-13 10:54:50,293 INFO  ozoneimpl.OzoneContainer (OzoneContainer.java:startContainerScrub(160)) - Background container scrubber has been disabled by hdds.containerscrub.enabled
2019-07-13 10:54:50,294 INFO  ratis.XceiverServerRatis (XceiverServerRatis.java:start(418)) - Starting XceiverServerRatis d68afebe-d380-4188-94b5-9183ec6966be at port 0
2019-07-13 10:54:50,304 INFO  impl.RaftServerProxy (RaftServerProxy.java:lambda$start$3(299)) - d68afebe-d380-4188-94b5-9183ec6966be: start RPC server
2019-07-13 10:54:50,308 INFO  server.GrpcService (GrpcService.java:startImpl(149)) - d68afebe-d380-4188-94b5-9183ec6966be: GrpcService started, listening on 0.0.0.0/0.0.0.0:41879
2019-07-13 10:54:50,308 INFO  ratis.XceiverServerRatis (XceiverServerRatis.java:start(428)) - XceiverServerRatis d68afebe-d380-4188-94b5-9183ec6966be is started using port 41879
2019-07-13 10:54:50,311 INFO  server.XceiverServerGrpc (XceiverServerGrpc.java:start(161)) - XceiverServerGrpc d68afebe-d380-4188-94b5-9183ec6966be is started using port 39538
2019-07-13 10:54:50,488 INFO  ozoneimpl.OzoneContainer (OzoneContainer.java:start(186)) - Attempting to start container services.
2019-07-13 10:54:50,488 INFO  ozoneimpl.OzoneContainer (OzoneContainer.java:startContainerScrub(160)) - Background container scrubber has been disabled by hdds.containerscrub.enabled
2019-07-13 10:54:50,488 INFO  ratis.XceiverServerRatis (XceiverServerRatis.java:start(418)) - Starting XceiverServerRatis 05163c14-dd39-4dc4-aa39-e08c5dd740a1 at port 0
2019-07-13 10:54:50,499 INFO  impl.RaftServerProxy (RaftServerProxy.java:lambda$start$3(299)) - 05163c14-dd39-4dc4-aa39-e08c5dd740a1: start RPC server
2019-07-13 10:54:50,502 INFO  server.GrpcService (GrpcService.java:startImpl(149)) - 05163c14-dd39-4dc4-aa39-e08c5dd740a1: GrpcService started, listening on 0.0.0.0/0.0.0.0:42824
2019-07-13 10:54:50,503 INFO  ratis.XceiverServerRatis (XceiverServerRatis.java:start(428)) - XceiverServerRatis 05163c14-dd39-4dc4-aa39-e08c5dd740a1 is started using port 42824
2019-07-13 10:54:50,506 INFO  server.XceiverServerGrpc (XceiverServerGrpc.java:start(161)) - XceiverServerGrpc 05163c14-dd39-4dc4-aa39-e08c5dd740a1 is started using port 41629
2019-07-13 10:54:50,686 INFO  ozoneimpl.OzoneContainer (OzoneContainer.java:start(186)) - Attempting to start container services.
2019-07-13 10:54:50,687 INFO  ozoneimpl.OzoneContainer (OzoneContainer.java:startContainerScrub(160)) - Background container scrubber has been disabled by hdds.containerscrub.enabled
2019-07-13 10:54:50,687 INFO  ratis.XceiverServerRatis (XceiverServerRatis.java:start(418)) - Starting XceiverServerRatis feed7459-8793-41ee-a6e8-fa0af703bfe4 at port 0
2019-07-13 10:54:50,697 INFO  impl.RaftServerProxy (RaftServerProxy.java:lambda$start$3(299)) - feed7459-8793-41ee-a6e8-fa0af703bfe4: start RPC server
2019-07-13 10:54:50,701 INFO  server.GrpcService (GrpcService.java:startImpl(149)) - feed7459-8793-41ee-a6e8-fa0af703bfe4: GrpcService started, listening on 0.0.0.0/0.0.0.0:38551
2019-07-13 10:54:50,701 INFO  ratis.XceiverServerRatis (XceiverServerRatis.java:start(428)) - XceiverServerRatis feed7459-8793-41ee-a6e8-fa0af703bfe4 is started using port 38551
2019-07-13 10:54:50,705 INFO  server.XceiverServerGrpc (XceiverServerGrpc.java:start(161)) - XceiverServerGrpc feed7459-8793-41ee-a6e8-fa0af703bfe4 is started using port 45818
2019-07-13 10:54:50,872 INFO  ozoneimpl.OzoneContainer (OzoneContainer.java:start(186)) - Attempting to start container services.
2019-07-13 10:54:50,872 INFO  ozoneimpl.OzoneContainer (OzoneContainer.java:startContainerScrub(160)) - Background container scrubber has been disabled by hdds.containerscrub.enabled
2019-07-13 10:54:50,872 INFO  ratis.XceiverServerRatis (XceiverServerRatis.java:start(418)) - Starting XceiverServerRatis 4ac572bd-f66b-47cf-ac30-cc649e4dd516 at port 0
2019-07-13 10:54:50,880 INFO  impl.RaftServerProxy (RaftServerProxy.java:lambda$start$3(299)) - 4ac572bd-f66b-47cf-ac30-cc649e4dd516: start RPC server
2019-07-13 10:54:50,885 INFO  server.GrpcService (GrpcService.java:startImpl(149)) - 4ac572bd-f66b-47cf-ac30-cc649e4dd516: GrpcService started, listening on 0.0.0.0/0.0.0.0:36839
2019-07-13 10:54:50,885 INFO  ratis.XceiverServerRatis (XceiverServerRatis.java:start(428)) - XceiverServerRatis 4ac572bd-f66b-47cf-ac30-cc649e4dd516 is started using port 36839
2019-07-13 10:54:50,889 INFO  server.XceiverServerGrpc (XceiverServerGrpc.java:start(161)) - XceiverServerGrpc 4ac572bd-f66b-47cf-ac30-cc649e4dd516 is started using port 36797
2019-07-13 10:54:51,184 INFO  ozone.MiniOzoneClusterImpl (MiniOzoneClusterImpl.java:lambda$waitForClusterToBeReady$0(142)) - Waiting for cluster to be ready. Got 0 of 7 DN Heartbeats.
2019-07-13 10:54:51,201 INFO  ozoneimpl.OzoneContainer (OzoneContainer.java:start(186)) - Attempting to start container services.
2019-07-13 10:54:51,202 INFO  ozoneimpl.OzoneContainer (OzoneContainer.java:startContainerScrub(160)) - Background container scrubber has been disabled by hdds.containerscrub.enabled
2019-07-13 10:54:51,202 INFO  ratis.XceiverServerRatis (XceiverServerRatis.java:start(418)) - Starting XceiverServerRatis 3d488355-9dd6-4fcb-aec3-dac8233e258f at port 0
2019-07-13 10:54:51,211 INFO  impl.RaftServerProxy (RaftServerProxy.java:lambda$start$3(299)) - 3d488355-9dd6-4fcb-aec3-dac8233e258f: start RPC server
2019-07-13 10:54:51,216 INFO  server.GrpcService (GrpcService.java:startImpl(149)) - 3d488355-9dd6-4fcb-aec3-dac8233e258f: GrpcService started, listening on 0.0.0.0/0.0.0.0:33234
2019-07-13 10:54:51,216 INFO  ratis.XceiverServerRatis (XceiverServerRatis.java:start(428)) - XceiverServerRatis 3d488355-9dd6-4fcb-aec3-dac8233e258f is started using port 33234
2019-07-13 10:54:51,220 INFO  server.XceiverServerGrpc (XceiverServerGrpc.java:start(161)) - XceiverServerGrpc 3d488355-9dd6-4fcb-aec3-dac8233e258f is started using port 36871
2019-07-13 10:54:51,783 INFO  net.NetworkTopology (NetworkTopologyImpl.java:add(110)) - Added a new node: /default-rack/192.168.157.218
2019-07-13 10:54:51,784 INFO  node.SCMNodeManager (SCMNodeManager.java:register(269)) - Registered Data node : b49fed3d-6ad5-45db-8d40-200294b49516{ip: 192.168.157.218, host: trunk-nightly-qcxv8-4293026562, networkLocation: /default-rack, certSerialId: null}
2019-07-13 10:54:51,790 INFO  safemode.SCMSafeModeManager (DataNodeSafeModeRule.java:process(71)) - SCM in safe mode. 1 DataNodes registered, 1 required.
2019-07-13 10:54:51,790 INFO  safemode.SCMSafeModeManager (SCMSafeModeManager.java:validateSafeModeExitRules(177)) - ScmSafeModeManager, all rules are successfully validated
2019-07-13 10:54:51,791 INFO  safemode.SCMSafeModeManager (SCMSafeModeManager.java:exitSafeMode(193)) - SCM exiting safe mode.
2019-07-13 10:54:52,033 INFO  node.SCMNodeManager (SCMNodeManager.java:register(269)) - Registered Data node : a0c8721f-0caa-470c-922a-9e42ec3d9e09{ip: 192.168.157.218, host: trunk-nightly-qcxv8-4293026562, networkLocation: /default-rack, certSerialId: null}
2019-07-13 10:54:52,202 INFO  ozone.MiniOzoneClusterImpl (MiniOzoneClusterImpl.java:lambda$waitForClusterToBeReady$0(142)) - Waiting for cluster to be ready. Got 2 of 7 DN Heartbeats.
2019-07-13 10:54:52,275 INFO  node.SCMNodeManager (SCMNodeManager.java:register(269)) - Registered Data node : d68afebe-d380-4188-94b5-9183ec6966be{ip: 192.168.157.218, host: trunk-nightly-qcxv8-4293026562, networkLocation: /default-rack, certSerialId: null}
2019-07-13 10:54:52,727 INFO  node.SCMNodeManager (SCMNodeManager.java:register(269)) - Registered Data node : feed7459-8793-41ee-a6e8-fa0af703bfe4{ip: 192.168.157.218, host: trunk-nightly-qcxv8-4293026562, networkLocation: /default-rack, certSerialId: null}
2019-07-13 10:54:52,727 INFO  node.SCMNodeManager (SCMNodeManager.java:register(269)) - Registered Data node : 05163c14-dd39-4dc4-aa39-e08c5dd740a1{ip: 192.168.157.218, host: trunk-nightly-qcxv8-4293026562, networkLocation: /default-rack, certSerialId: null}
2019-07-13 10:54:52,754 INFO  impl.RaftServerProxy (RaftServerProxy.java:addNew(89)) - b49fed3d-6ad5-45db-8d40-200294b49516: addNew group-3FEAF91C640E:[b49fed3d-6ad5-45db-8d40-200294b49516:192.168.157.218:34691] returns group-3FEAF91C640E:java.util.concurrent.CompletableFuture@58f728fe[Not completed]
2019-07-13 10:54:52,778 INFO  impl.RaftServerImpl (RaftServerImpl.java:<init>(93)) - b49fed3d-6ad5-45db-8d40-200294b49516: new RaftServerImpl for group-3FEAF91C640E:[b49fed3d-6ad5-45db-8d40-200294b49516:192.168.157.218:34691] with ContainerStateMachine:uninitialized
2019-07-13 10:54:52,780 INFO  server.RaftServerConfigKeys (ConfUtils.java:logGet(43)) - raft.server.rpc.timeout.min = 5s (custom)
2019-07-13 10:54:52,782 INFO  server.RaftServerConfigKeys (ConfUtils.java:logGet(43)) - raft.server.rpc.timeout.max = 5200ms (custom)
2019-07-13 10:54:52,782 INFO  server.RaftServerConfigKeys (ConfUtils.java:logGet(43)) - raft.server.rpcslowness.timeout = 120s (custom)
2019-07-13 10:54:52,783 INFO  server.RaftServerConfigKeys (ConfUtils.java:logGet(43)) - raft.server.sleep.deviation.threshold = 300 (default)
2019-07-13 10:54:52,784 INFO  server.RaftServerConfigKeys (ConfUtils.java:logGet(43)) - raft.server.log.appender.install.snapshot.enabled = false (custom)
2019-07-13 10:54:52,792 INFO  impl.RaftServerImpl (ServerState.java:<init>(105)) - b49fed3d-6ad5-45db-8d40-200294b49516:group-3FEAF91C640E ConfigurationManager, init=-1: [b49fed3d-6ad5-45db-8d40-200294b49516:192.168.157.218:34691], old=null, confs=<EMPTY_MAP>
2019-07-13 10:54:52,792 INFO  server.RaftServerConfigKeys (ConfUtils.java:logGet(43)) - raft.server.storage.dir = [/tmp/workdir/hadoop-ozone/integration-test/target/test-dir/MiniOzoneClusterImpl-73081f4f-9ae2-4d33-ba11-4a56a9691310/datanode-0/data/ratis] (custom)
2019-07-13 10:54:52,800 INFO  storage.RaftStorageDirectory (RaftStorageDirectory.java:analyzeStorage(246)) - The storage directory /tmp/workdir/hadoop-ozone/integration-test/target/test-dir/MiniOzoneClusterImpl-73081f4f-9ae2-4d33-ba11-4a56a9691310/datanode-0/data/ratis/598d65e8-bcd5-45ab-9000-3feaf91c640e does not exist. Creating ...
2019-07-13 10:54:52,818 INFO  storage.RaftStorageDirectory (RaftStorageDirectory.java:tryLock(328)) - Lock on /tmp/workdir/hadoop-ozone/integration-test/target/test-dir/MiniOzoneClusterImpl-73081f4f-9ae2-4d33-ba11-4a56a9691310/datanode-0/data/ratis/598d65e8-bcd5-45ab-9000-3feaf91c640e/in_use.lock acquired by nodename 13195@trunk-nightly-qcxv8-4293026562
2019-07-13 10:54:52,834 INFO  storage.RaftStorage (RaftStorage.java:format(72)) - Storage directory /tmp/workdir/hadoop-ozone/integration-test/target/test-dir/MiniOzoneClusterImpl-73081f4f-9ae2-4d33-ba11-4a56a9691310/datanode-0/data/ratis/598d65e8-bcd5-45ab-9000-3feaf91c640e has been successfully formatted.
2019-07-13 10:54:52,836 INFO  ratis.ContainerStateMachine (ContainerStateMachine.java:loadSnapshot(200)) - The snapshot info is null.Setting the last applied index to:(t:0, i:~)
2019-07-13 10:54:52,837 INFO  server.RaftServerConfigKeys (ConfUtils.java:logGet(43)) - raft.server.leader.election.timeout = 120s (custom)
2019-07-13 10:54:52,839 INFO  server.RaftServerConfigKeys (ConfUtils.java:logGet(43)) - raft.server.log.use.memory = false (default)
2019-07-13 10:54:52,844 INFO  server.RaftServerConfigKeys (ConfUtils.java:logGet(43)) - raft.server.log.purge.gap = 1000000000 (custom)
2019-07-13 10:54:52,844 INFO  server.RaftServerConfigKeys (ConfUtils.java:logGet(43)) - raft.server.log.appender.buffer.byte-limit = 33554432 (custom)
2019-07-13 10:54:52,846 INFO  server.RaftServerConfigKeys (ConfUtils.java:logGet(43)) - raft.server.log.segment.size.max = 1048576 (custom)
2019-07-13 10:54:52,851 INFO  server.RaftServerConfigKeys (ConfUtils.java:logGet(43)) - raft.server.log.segment.cache.num.max = 2 (custom)
2019-07-13 10:54:52,858 INFO  segmented.SegmentedRaftLogWorker (SegmentedRaftLogWorker.java:<init>(172)) - new b49fed3d-6ad5-45db-8d40-200294b49516-SegmentedRaftLogWorker:Storage Directory /tmp/workdir/hadoop-ozone/integration-test/target/test-dir/MiniOzoneClusterImpl-73081f4f-9ae2-4d33-ba11-4a56a9691310/datanode-0/data/ratis/598d65e8-bcd5-45ab-9000-3feaf91c640e for RaftStorage:Storage Directory /tmp/workdir/hadoop-ozone/integration-test/target/test-dir/MiniOzoneClusterImpl-73081f4f-9ae2-4d33-ba11-4a56a9691310/datanode-0/data/ratis/598d65e8-bcd5-45ab-9000-3feaf91c640e
2019-07-13 10:54:52,859 INFO  node.SCMNodeManager (SCMNodeManager.java:register(269)) - Registered Data node : 4ac572bd-f66b-47cf-ac30-cc649e4dd516{ip: 192.168.157.218, host: trunk-nightly-qcxv8-4293026562, networkLocation: /default-rack, certSerialId: null}
2019-07-13 10:54:52,870 INFO  server.RaftServerConfigKeys (ConfUtils.java:logGet(43)) - raft.server.log.queue.byte-limit = 2147483647 (custom)
2019-07-13 10:54:52,873 INFO  server.RaftServerConfigKeys (ConfUtils.java:logGet(43)) - raft.server.log.queue.element-limit = 1024 (custom)
2019-07-13 10:54:52,877 INFO  server.RaftServerConfigKeys (ConfUtils.java:logGet(43)) - raft.server.log.segment.size.max = 1048576 (custom)
2019-07-13 10:54:52,878 INFO  server.RaftServerConfigKeys (ConfUtils.java:logGet(43)) - raft.server.log.preallocated.size = 16384 (custom)
2019-07-13 10:54:52,878 INFO  server.RaftServerConfigKeys (ConfUtils.java:logGet(43)) - raft.server.log.write.buffer.size = 33554432 (custom)
2019-07-13 10:54:52,879 INFO  server.RaftServerConfigKeys (ConfUtils.java:logGet(43)) - raft.server.log.force.sync.num = 128 (default)
2019-07-13 10:54:52,879 INFO  server.RaftServerConfigKeys (ConfUtils.java:logGet(43)) - raft.server.log.statemachine.data.sync = true (default)
2019-07-13 10:54:52,880 INFO  server.RaftServerConfigKeys (ConfUtils.java:logGet(43)) - raft.server.log.statemachine.data.sync.timeout = 10s (default)
2019-07-13 10:54:52,880 INFO  server.RaftServerConfigKeys (ConfUtils.java:logGet(43)) - raft.server.log.statemachine.data.sync.timeout.retry = -1 (default)
2019-07-13 10:54:52,888 INFO  server.RaftServerConfigKeys (ConfUtils.java:logGet(43)) - raft.server.log.statemachine.data.caching.enabled = true (custom)
2019-07-13 10:54:52,892 INFO  segmented.SegmentedRaftLogWorker (SegmentedRaftLogWorker.java:lambda$new$0(132)) - b49fed3d-6ad5-45db-8d40-200294b49516-SegmentedRaftLogWorker:Storage Directory /tmp/workdir/hadoop-ozone/integration-test/target/test-dir/MiniOzoneClusterImpl-73081f4f-9ae2-4d33-ba11-4a56a9691310/datanode-0/data/ratis/598d65e8-bcd5-45ab-9000-3feaf91c640e: flushIndex: setUnconditionally 0 -> -1
2019-07-13 10:54:52,896 INFO  server.RaftServerConfigKeys (ConfUtils.java:logGet(43)) - raft.server.snapshot.auto.trigger.enabled = true (custom)
2019-07-13 10:54:52,897 INFO  server.RaftServerConfigKeys (ConfUtils.java:logGet(43)) - raft.server.snapshot.auto.trigger.threshold = 10000 (custom)
2019-07-13 10:54:52,897 INFO  server.RaftServerConfigKeys (ConfUtils.java:logGet(43)) - raft.server.retrycache.expirytime = 600000ms (custom)
2019-07-13 10:54:52,917 INFO  impl.RaftServerImpl (RaftServerImpl.java:start(180)) - b49fed3d-6ad5-45db-8d40-200294b49516: start group-3FEAF91C640E
2019-07-13 10:54:52,917 INFO  impl.RaftServerImpl (RaftServerImpl.java:setRole(171)) - b49fed3d-6ad5-45db-8d40-200294b49516:group-3FEAF91C640E changes role from null to FOLLOWER at term 0 for startAsFollower
2019-07-13 10:54:52,919 INFO  impl.RoleInfo (RoleInfo.java:updateAndGet(143)) - b49fed3d-6ad5-45db-8d40-200294b49516: start FollowerState
2019-07-13 10:54:52,920 INFO  util.JmxRegister (JmxRegister.java:tryRegister(44)) - Successfully registered JMX Bean with object name Ratis:service=RaftServer,group=group-3FEAF91C640E,id=b49fed3d-6ad5-45db-8d40-200294b49516
2019-07-13 10:54:52,993 INFO  pipeline.PipelineStateManager (PipelineStateManager.java:addPipeline(56)) - Created pipeline Pipeline[ Id: 598d65e8-bcd5-45ab-9000-3feaf91c640e, Nodes: b49fed3d-6ad5-45db-8d40-200294b49516{ip: 192.168.157.218, host: trunk-nightly-qcxv8-4293026562, networkLocation: /default-rack, certSerialId: null}, Type:RATIS, Factor:ONE, State:OPEN]
2019-07-13 10:54:53,027 INFO  impl.RaftServerProxy (RaftServerProxy.java:addNew(89)) - 4ac572bd-f66b-47cf-ac30-cc649e4dd516: addNew group-AD0B7FAD3CE9:[4ac572bd-f66b-47cf-ac30-cc649e4dd516:192.168.157.218:36839] returns group-AD0B7FAD3CE9:java.util.concurrent.CompletableFuture@52544b5a[Not completed]
2019-07-13 10:54:53,075 INFO  impl.RaftServerImpl (RaftServerImpl.java:<init>(93)) - 4ac572bd-f66b-47cf-ac30-cc649e4dd516: new RaftServerImpl for group-AD0B7FAD3CE9:[4ac572bd-f66b-47cf-ac30-cc649e4dd516:192.168.157.218:36839] with ContainerStateMachine:uninitialized
2019-07-13 10:54:53,076 INFO  server.RaftServerConfigKeys (ConfUtils.java:logGet(43)) - raft.server.rpc.timeout.min = 5s (custom)
2019-07-13 10:54:53,077 INFO  server.RaftServerConfigKeys (ConfUtils.java:logGet(43)) - raft.server.rpc.timeout.max = 5200ms (custom)
2019-07-13 10:54:53,077 INFO  server.RaftServerConfigKeys (ConfUtils.java:logGet(43)) - raft.server.rpcslowness.timeout = 120s (custom)
2019-07-13 10:54:53,077 INFO  server.RaftServerConfigKeys (ConfUtils.java:logGet(43)) - raft.server.sleep.deviation.threshold = 300 (default)
2019-07-13 10:54:53,077 INFO  server.RaftServerConfigKeys (ConfUtils.java:logGet(43)) - raft.server.log.appender.install.snapshot.enabled = false (custom)
2019-07-13 10:54:53,077 INFO  impl.RaftServerImpl (ServerState.java:<init>(105)) - 4ac572bd-f66b-47cf-ac30-cc649e4dd516:group-AD0B7FAD3CE9 ConfigurationManager, init=-1: [4ac572bd-f66b-47cf-ac30-cc649e4dd516:192.168.157.218:36839], old=null, confs=<EMPTY_MAP>
2019-07-13 10:54:53,078 INFO  server.RaftServerConfigKeys (ConfUtils.java:logGet(43)) - raft.server.storage.dir = [/tmp/workdir/hadoop-ozone/integration-test/target/test-dir/MiniOzoneClusterImpl-73081f4f-9ae2-4d33-ba11-4a56a9691310/datanode-5/data/ratis] (custom)
2019-07-13 10:54:53,079 INFO  storage.RaftStorageDirectory (RaftStorageDirectory.java:analyzeStorage(246)) - The storage directory /tmp/workdir/hadoop-ozone/integration-test/target/test-dir/MiniOzoneClusterImpl-73081f4f-9ae2-4d33-ba11-4a56a9691310/datanode-5/data/ratis/209bc5fb-6935-4c83-aa18-ad0b7fad3ce9 does not exist. Creating ...
2019-07-13 10:54:53,093 INFO  storage.RaftStorageDirectory (RaftStorageDirectory.java:tryLock(328)) - Lock on /tmp/workdir/hadoop-ozone/integration-test/target/test-dir/MiniOzoneClusterImpl-73081f4f-9ae2-4d33-ba11-4a56a9691310/datanode-5/data/ratis/209bc5fb-6935-4c83-aa18-ad0b7fad3ce9/in_use.lock acquired by nodename 13195@trunk-nightly-qcxv8-4293026562
2019-07-13 10:54:53,119 INFO  storage.RaftStorage (RaftStorage.java:format(72)) - Storage directory /tmp/workdir/hadoop-ozone/integration-test/target/test-dir/MiniOzoneClusterImpl-73081f4f-9ae2-4d33-ba11-4a56a9691310/datanode-5/data/ratis/209bc5fb-6935-4c83-aa18-ad0b7fad3ce9 has been successfully formatted.
2019-07-13 10:54:53,121 INFO  ratis.ContainerStateMachine (ContainerStateMachine.java:loadSnapshot(200)) - The snapshot info is null.Setting the last applied index to:(t:0, i:~)
2019-07-13 10:54:53,123 INFO  server.RaftServerConfigKeys (ConfUtils.java:logGet(43)) - raft.server.leader.election.timeout = 120s (custom)
2019-07-13 10:54:53,123 INFO  server.RaftServerConfigKeys (ConfUtils.java:logGet(43)) - raft.server.log.use.memory = false (default)
2019-07-13 10:54:53,124 INFO  server.RaftServerConfigKeys (ConfUtils.java:logGet(43)) - raft.server.log.purge.gap = 1000000000 (custom)
2019-07-13 10:54:53,124 INFO  server.RaftServerConfigKeys (ConfUtils.java:logGet(43)) - raft.server.log.appender.buffer.byte-limit = 33554432 (custom)
2019-07-13 10:54:53,124 INFO  server.RaftServerConfigKeys (ConfUtils.java:logGet(43)) - raft.server.log.segment.size.max = 1048576 (custom)
2019-07-13 10:54:53,124 INFO  server.RaftServerConfigKeys (ConfUtils.java:logGet(43)) - raft.server.log.segment.cache.num.max = 2 (custom)
2019-07-13 10:54:53,124 INFO  segmented.SegmentedRaftLogWorker (SegmentedRaftLogWorker.java:<init>(172)) - new 4ac572bd-f66b-47cf-ac30-cc649e4dd516-SegmentedRaftLogWorker:Storage Directory /tmp/workdir/hadoop-ozone/integration-test/target/test-dir/MiniOzoneClusterImpl-73081f4f-9ae2-4d33-ba11-4a56a9691310/datanode-5/data/ratis/209bc5fb-6935-4c83-aa18-ad0b7fad3ce9 for RaftStorage:Storage Directory /tmp/workdir/hadoop-ozone/integration-test/target/test-dir/MiniOzoneClusterImpl-73081f4f-9ae2-4d33-ba11-4a56a9691310/datanode-5/data/ratis/209bc5fb-6935-4c83-aa18-ad0b7fad3ce9
2019-07-13 10:54:53,126 INFO  server.RaftServerConfigKeys (ConfUtils.java:logGet(43)) - raft.server.log.queue.byte-limit = 2147483647 (custom)
2019-07-13 10:54:53,127 INFO  server.RaftServerConfigKeys (ConfUtils.java:logGet(43)) - raft.server.log.queue.element-limit = 1024 (custom)
2019-07-13 10:54:53,127 INFO  server.RaftServerConfigKeys (ConfUtils.java:logGet(43)) - raft.server.log.segment.size.max = 1048576 (custom)
2019-07-13 10:54:53,127 INFO  server.RaftServerConfigKeys (ConfUtils.java:logGet(43)) - raft.server.log.preallocated.size = 16384 (custom)
2019-07-13 10:54:53,127 INFO  server.RaftServerConfigKeys (ConfUtils.java:logGet(43)) - raft.server.log.write.buffer.size = 33554432 (custom)
2019-07-13 10:54:53,128 INFO  server.RaftServerConfigKeys (ConfUtils.java:logGet(43)) - raft.server.log.force.sync.num = 128 (default)
2019-07-13 10:54:53,128 INFO  server.RaftServerConfigKeys (ConfUtils.java:logGet(43)) - raft.server.log.statemachine.data.sync = true (default)
2019-07-13 10:54:53,128 INFO  server.RaftServerConfigKeys (ConfUtils.java:logGet(43)) - raft.server.log.statemachine.data.sync.timeout = 10s (default)
2019-07-13 10:54:53,128 INFO  server.RaftServerConfigKeys (ConfUtils.java:logGet(43)) - raft.server.log.statemachine.data.sync.timeout.retry = -1 (default)
2019-07-13 10:54:53,129 INFO  server.RaftServerConfigKeys (ConfUtils.java:logGet(43)) - raft.server.log.statemachine.data.caching.enabled = true (custom)
2019-07-13 10:54:53,129 INFO  segmented.SegmentedRaftLogWorker (SegmentedRaftLogWorker.java:lambda$new$0(132)) - 4ac572bd-f66b-47cf-ac30-cc649e4dd516-SegmentedRaftLogWorker:Storage Directory /tmp/workdir/hadoop-ozone/integration-test/target/test-dir/MiniOzoneClusterImpl-73081f4f-9ae2-4d33-ba11-4a56a9691310/datanode-5/data/ratis/209bc5fb-6935-4c83-aa18-ad0b7fad3ce9: flushIndex: setUnconditionally 0 -> -1
2019-07-13 10:54:53,130 INFO  server.RaftServerConfigKeys (ConfUtils.java:logGet(43)) - raft.server.snapshot.auto.trigger.enabled = true (custom)
2019-07-13 10:54:53,130 INFO  server.RaftServerConfigKeys (ConfUtils.java:logGet(43)) - raft.server.snapshot.auto.trigger.threshold = 10000 (custom)
2019-07-13 10:54:53,130 INFO  server.RaftServerConfigKeys (ConfUtils.java:logGet(43)) - raft.server.retrycache.expirytime = 600000ms (custom)
2019-07-13 10:54:53,130 INFO  impl.RaftServerImpl (RaftServerImpl.java:start(180)) - 4ac572bd-f66b-47cf-ac30-cc649e4dd516: start group-AD0B7FAD3CE9
2019-07-13 10:54:53,130 INFO  impl.RaftServerImpl (RaftServerImpl.java:setRole(171)) - 4ac572bd-f66b-47cf-ac30-cc649e4dd516:group-AD0B7FAD3CE9 changes role from null to FOLLOWER at term 0 for startAsFollower
2019-07-13 10:54:53,131 INFO  impl.RoleInfo (RoleInfo.java:updateAndGet(143)) - 4ac572bd-f66b-47cf-ac30-cc649e4dd516: start FollowerState
2019-07-13 10:54:53,134 INFO  util.JmxRegister (JmxRegister.java:tryRegister(44)) - Successfully registered JMX Bean with object name Ratis:service=RaftServer,group=group-AD0B7FAD3CE9,id=4ac572bd-f66b-47cf-ac30-cc649e4dd516
2019-07-13 10:54:53,152 INFO  pipeline.PipelineStateManager (PipelineStateManager.java:addPipeline(56)) - Created pipeline Pipeline[ Id: 209bc5fb-6935-4c83-aa18-ad0b7fad3ce9, Nodes: 4ac572bd-f66b-47cf-ac30-cc649e4dd516{ip: 192.168.157.218, host: trunk-nightly-qcxv8-4293026562, networkLocation: /default-rack, certSerialId: null}, Type:RATIS, Factor:ONE, State:OPEN]
2019-07-13 10:54:53,185 INFO  impl.RaftServerProxy (RaftServerProxy.java:addNew(89)) - feed7459-8793-41ee-a6e8-fa0af703bfe4: addNew group-D3A1C8ECE70D:[feed7459-8793-41ee-a6e8-fa0af703bfe4:192.168.157.218:38551] returns group-D3A1C8ECE70D:java.util.concurrent.CompletableFuture@2bde1674[Not completed]
2019-07-13 10:54:53,198 INFO  node.SCMNodeManager (SCMNodeManager.java:register(269)) - Registered Data node : 3d488355-9dd6-4fcb-aec3-dac8233e258f{ip: 192.168.157.218, host: trunk-nightly-qcxv8-4293026562, networkLocation: /default-rack, certSerialId: null}
2019-07-13 10:54:53,198 INFO  impl.RaftServerImpl (RaftServerImpl.java:<init>(93)) - feed7459-8793-41ee-a6e8-fa0af703bfe4: new RaftServerImpl for group-D3A1C8ECE70D:[feed7459-8793-41ee-a6e8-fa0af703bfe4:192.168.157.218:38551] with ContainerStateMachine:uninitialized
2019-07-13 10:54:53,198 INFO  server.RaftServerConfigKeys (ConfUtils.java:logGet(43)) - raft.server.rpc.timeout.min = 5s (custom)
2019-07-13 10:54:53,199 INFO  server.RaftServerConfigKeys (ConfUtils.java:logGet(43)) - raft.server.rpc.timeout.max = 5200ms (custom)
2019-07-13 10:54:53,199 INFO  server.RaftServerConfigKeys (ConfUtils.java:logGet(43)) - raft.server.rpcslowness.timeout = 120s (custom)
2019-07-13 10:54:53,199 INFO  server.RaftServerConfigKeys (ConfUtils.java:logGet(43)) - raft.server.sleep.deviation.threshold = 300 (default)
2019-07-13 10:54:53,199 INFO  server.RaftServerConfigKeys (ConfUtils.java:logGet(43)) - raft.server.log.appender.install.snapshot.enabled = false (custom)
2019-07-13 10:54:53,199 INFO  impl.RaftServerImpl (ServerState.java:<init>(105)) - feed7459-8793-41ee-a6e8-fa0af703bfe4:group-D3A1C8ECE70D ConfigurationManager, init=-1: [feed7459-8793-41ee-a6e8-fa0af703bfe4:192.168.157.218:38551], old=null, confs=<EMPTY_MAP>
2019-07-13 10:54:53,199 INFO  server.RaftServerConfigKeys (ConfUtils.java:logGet(43)) - raft.server.storage.dir = [/tmp/workdir/hadoop-ozone/integration-test/target/test-dir/MiniOzoneClusterImpl-73081f4f-9ae2-4d33-ba11-4a56a9691310/datanode-4/data/ratis] (custom)
2019-07-13 10:54:53,200 INFO  storage.RaftStorageDirectory (RaftStorageDirectory.java:analyzeStorage(246)) - The storage directory /tmp/workdir/hadoop-ozone/integration-test/target/test-dir/MiniOzoneClusterImpl-73081f4f-9ae2-4d33-ba11-4a56a9691310/datanode-4/data/ratis/f1fc12e5-2c97-40a3-8931-d3a1c8ece70d does not exist. Creating ...
2019-07-13 10:54:53,203 INFO  ozone.MiniOzoneClusterImpl (MiniOzoneClusterImpl.java:lambda$waitForClusterToBeReady$0(142)) - Cluster is ready. Got 7 of 7 DN Heartbeats.
2019-07-13 10:54:53,213 INFO  storage.RaftStorageDirectory (RaftStorageDirectory.java:tryLock(328)) - Lock on /tmp/workdir/hadoop-ozone/integration-test/target/test-dir/MiniOzoneClusterImpl-73081f4f-9ae2-4d33-ba11-4a56a9691310/datanode-4/data/ratis/f1fc12e5-2c97-40a3-8931-d3a1c8ece70d/in_use.lock acquired by nodename 13195@trunk-nightly-qcxv8-4293026562
2019-07-13 10:54:53,226 INFO  storage.RaftStorage (RaftStorage.java:format(72)) - Storage directory /tmp/workdir/hadoop-ozone/integration-test/target/test-dir/MiniOzoneClusterImpl-73081f4f-9ae2-4d33-ba11-4a56a9691310/datanode-4/data/ratis/f1fc12e5-2c97-40a3-8931-d3a1c8ece70d has been successfully formatted.
2019-07-13 10:54:53,226 INFO  ratis.ContainerStateMachine (ContainerStateMachine.java:loadSnapshot(200)) - The snapshot info is null.Setting the last applied index to:(t:0, i:~)
2019-07-13 10:54:53,226 INFO  server.RaftServerConfigKeys (ConfUtils.java:logGet(43)) - raft.server.leader.election.timeout = 120s (custom)
2019-07-13 10:54:53,227 INFO  server.RaftServerConfigKeys (ConfUtils.java:logGet(43)) - raft.server.log.use.memory = false (default)
2019-07-13 10:54:53,227 INFO  server.RaftServerConfigKeys (ConfUtils.java:logGet(43)) - raft.server.log.purge.gap = 1000000000 (custom)
2019-07-13 10:54:53,227 INFO  server.RaftServerConfigKeys (ConfUtils.java:logGet(43)) - raft.server.log.appender.buffer.byte-limit = 33554432 (custom)
2019-07-13 10:54:53,227 INFO  server.RaftServerConfigKeys (ConfUtils.java:logGet(43)) - raft.server.log.segment.size.max = 1048576 (custom)
2019-07-13 10:54:53,227 INFO  server.RaftServerConfigKeys (ConfUtils.java:logGet(43)) - raft.server.log.segment.cache.num.max = 2 (custom)
2019-07-13 10:54:53,228 INFO  segmented.SegmentedRaftLogWorker (SegmentedRaftLogWorker.java:<init>(172)) - new feed7459-8793-41ee-a6e8-fa0af703bfe4-SegmentedRaftLogWorker:Storage Directory /tmp/workdir/hadoop-ozone/integration-test/target/test-dir/MiniOzoneClusterImpl-73081f4f-9ae2-4d33-ba11-4a56a9691310/datanode-4/data/ratis/f1fc12e5-2c97-40a3-8931-d3a1c8ece70d for RaftStorage:Storage Directory /tmp/workdir/hadoop-ozone/integration-test/target/test-dir/MiniOzoneClusterImpl-73081f4f-9ae2-4d33-ba11-4a56a9691310/datanode-4/data/ratis/f1fc12e5-2c97-40a3-8931-d3a1c8ece70d
2019-07-13 10:54:53,228 INFO  server.RaftServerConfigKeys (ConfUtils.java:logGet(43)) - raft.server.log.queue.byte-limit = 2147483647 (custom)
2019-07-13 10:54:53,228 INFO  server.RaftServerConfigKeys (ConfUtils.java:logGet(43)) - raft.server.log.queue.element-limit = 1024 (custom)
2019-07-13 10:54:53,228 INFO  server.RaftServerConfigKeys (ConfUtils.java:logGet(43)) - raft.server.log.segment.size.max = 1048576 (custom)
2019-07-13 10:54:53,228 INFO  server.RaftServerConfigKeys (ConfUtils.java:logGet(43)) - raft.server.log.preallocated.size = 16384 (custom)
2019-07-13 10:54:53,229 INFO  server.RaftServerConfigKeys (ConfUtils.java:logGet(43)) - raft.server.log.write.buffer.size = 33554432 (custom)
2019-07-13 10:54:53,229 INFO  server.RaftServerConfigKeys (ConfUtils.java:logGet(43)) - raft.server.log.force.sync.num = 128 (default)
2019-07-13 10:54:53,229 INFO  server.RaftServerConfigKeys (ConfUtils.java:logGet(43)) - raft.server.log.statemachine.data.sync = true (default)
2019-07-13 10:54:53,229 INFO  server.RaftServerConfigKeys (ConfUtils.java:logGet(43)) - raft.server.log.statemachine.data.sync.timeout = 10s (default)
2019-07-13 10:54:53,229 INFO  server.RaftServerConfigKeys (ConfUtils.java:logGet(43)) - raft.server.log.statemachine.data.sync.timeout.retry = -1 (default)
2019-07-13 10:54:53,230 INFO  server.RaftServerConfigKeys (ConfUtils.java:logGet(43)) - raft.server.log.statemachine.data.caching.enabled = true (custom)
2019-07-13 10:54:53,230 INFO  segmented.SegmentedRaftLogWorker (SegmentedRaftLogWorker.java:lambda$new$0(132)) - feed7459-8793-41ee-a6e8-fa0af703bfe4-SegmentedRaftLogWorker:Storage Directory /tmp/workdir/hadoop-ozone/integration-test/target/test-dir/MiniOzoneClusterImpl-73081f4f-9ae2-4d33-ba11-4a56a9691310/datanode-4/data/ratis/f1fc12e5-2c97-40a3-8931-d3a1c8ece70d: flushIndex: setUnconditionally 0 -> -1
2019-07-13 10:54:53,230 INFO  server.RaftServerConfigKeys (ConfUtils.java:logGet(43)) - raft.server.snapshot.auto.trigger.enabled = true (custom)
2019-07-13 10:54:53,231 INFO  server.RaftServerConfigKeys (ConfUtils.java:logGet(43)) - raft.server.snapshot.auto.trigger.threshold = 10000 (custom)
2019-07-13 10:54:53,231 INFO  server.RaftServerConfigKeys (ConfUtils.java:logGet(43)) - raft.server.retrycache.expirytime = 600000ms (custom)
2019-07-13 10:54:53,231 INFO  impl.RaftServerImpl (RaftServerImpl.java:start(180)) - feed7459-8793-41ee-a6e8-fa0af703bfe4: start group-D3A1C8ECE70D
2019-07-13 10:54:53,231 INFO  impl.RaftServerImpl (RaftServerImpl.java:setRole(171)) - feed7459-8793-41ee-a6e8-fa0af703bfe4:group-D3A1C8ECE70D changes role from null to FOLLOWER at term 0 for startAsFollower
2019-07-13 10:54:53,231 INFO  impl.RoleInfo (RoleInfo.java:updateAndGet(143)) - feed7459-8793-41ee-a6e8-fa0af703bfe4: start FollowerState
2019-07-13 10:54:53,232 INFO  util.JmxRegister (JmxRegister.java:tryRegister(44)) - Successfully registered JMX Bean with object name Ratis:service=RaftServer,group=group-D3A1C8ECE70D,id=feed7459-8793-41ee-a6e8-fa0af703bfe4
2019-07-13 10:54:53,255 INFO  pipeline.PipelineStateManager (PipelineStateManager.java:addPipeline(56)) - Created pipeline Pipeline[ Id: f1fc12e5-2c97-40a3-8931-d3a1c8ece70d, Nodes: feed7459-8793-41ee-a6e8-fa0af703bfe4{ip: 192.168.157.218, host: trunk-nightly-qcxv8-4293026562, networkLocation: /default-rack, certSerialId: null}, Type:RATIS, Factor:ONE, State:OPEN]
2019-07-13 10:54:53,286 INFO  impl.RaftServerProxy (RaftServerProxy.java:addNew(89)) - 3d488355-9dd6-4fcb-aec3-dac8233e258f: addNew group-2CAA55558C87:[3d488355-9dd6-4fcb-aec3-dac8233e258f:192.168.157.218:33234] returns group-2CAA55558C87:java.util.concurrent.CompletableFuture@131184ca[Not completed]
2019-07-13 10:54:53,287 INFO  impl.RaftServerImpl (RaftServerImpl.java:<init>(93)) - 3d488355-9dd6-4fcb-aec3-dac8233e258f: new RaftServerImpl for group-2CAA55558C87:[3d488355-9dd6-4fcb-aec3-dac8233e258f:192.168.157.218:33234] with ContainerStateMachine:uninitialized
2019-07-13 10:54:53,287 INFO  server.RaftServerConfigKeys (ConfUtils.java:logGet(43)) - raft.server.rpc.timeout.min = 5s (custom)
2019-07-13 10:54:53,288 INFO  server.RaftServerConfigKeys (ConfUtils.java:logGet(43)) - raft.server.rpc.timeout.max = 5200ms (custom)
2019-07-13 10:54:53,288 INFO  server.RaftServerConfigKeys (ConfUtils.java:logGet(43)) - raft.server.rpcslowness.timeout = 120s (custom)
2019-07-13 10:54:53,288 INFO  server.RaftServerConfigKeys (ConfUtils.java:logGet(43)) - raft.server.sleep.deviation.threshold = 300 (default)
2019-07-13 10:54:53,288 INFO  server.RaftServerConfigKeys (ConfUtils.java:logGet(43)) - raft.server.log.appender.install.snapshot.enabled = false (custom)
2019-07-13 10:54:53,288 INFO  impl.RaftServerImpl (ServerState.java:<init>(105)) - 3d488355-9dd6-4fcb-aec3-dac8233e258f:group-2CAA55558C87 ConfigurationManager, init=-1: [3d488355-9dd6-4fcb-aec3-dac8233e258f:192.168.157.218:33234], old=null, confs=<EMPTY_MAP>
2019-07-13 10:54:53,288 INFO  server.RaftServerConfigKeys (ConfUtils.java:logGet(43)) - raft.server.storage.dir = [/tmp/workdir/hadoop-ozone/integration-test/target/test-dir/MiniOzoneClusterImpl-73081f4f-9ae2-4d33-ba11-4a56a9691310/datanode-6/data/ratis] (custom)
2019-07-13 10:54:53,289 INFO  storage.RaftStorageDirectory (RaftStorageDirectory.java:analyzeStorage(246)) - The storage directory /tmp/workdir/hadoop-ozone/integration-test/target/test-dir/MiniOzoneClusterImpl-73081f4f-9ae2-4d33-ba11-4a56a9691310/datanode-6/data/ratis/7e2819ec-f87c-45a7-b9bf-2caa55558c87 does not exist. Creating ...
2019-07-13 10:54:53,301 INFO  storage.RaftStorageDirectory (RaftStorageDirectory.java:tryLock(328)) - Lock on /tmp/workdir/hadoop-ozone/integration-test/target/test-dir/MiniOzoneClusterImpl-73081f4f-9ae2-4d33-ba11-4a56a9691310/datanode-6/data/ratis/7e2819ec-f87c-45a7-b9bf-2caa55558c87/in_use.lock acquired by nodename 13195@trunk-nightly-qcxv8-4293026562
2019-07-13 10:54:53,331 INFO  storage.RaftStorage (RaftStorage.java:format(72)) - Storage directory /tmp/workdir/hadoop-ozone/integration-test/target/test-dir/MiniOzoneClusterImpl-73081f4f-9ae2-4d33-ba11-4a56a9691310/datanode-6/data/ratis/7e2819ec-f87c-45a7-b9bf-2caa55558c87 has been successfully formatted.
2019-07-13 10:54:53,331 INFO  ratis.ContainerStateMachine (ContainerStateMachine.java:loadSnapshot(200)) - The snapshot info is null.Setting the last applied index to:(t:0, i:~)
2019-07-13 10:54:53,332 INFO  server.RaftServerConfigKeys (ConfUtils.java:logGet(43)) - raft.server.leader.election.timeout = 120s (custom)
2019-07-13 10:54:53,332 INFO  server.RaftServerConfigKeys (ConfUtils.java:logGet(43)) - raft.server.log.use.memory = false (default)
2019-07-13 10:54:53,332 INFO  server.RaftServerConfigKeys (ConfUtils.java:logGet(43)) - raft.server.log.purge.gap = 1000000000 (custom)
2019-07-13 10:54:53,332 INFO  server.RaftServerConfigKeys (ConfUtils.java:logGet(43)) - raft.server.log.appender.buffer.byte-limit = 33554432 (custom)
2019-07-13 10:54:53,332 INFO  server.RaftServerConfigKeys (ConfUtils.java:logGet(43)) - raft.server.log.segment.size.max = 1048576 (custom)
2019-07-13 10:54:53,332 INFO  server.RaftServerConfigKeys (ConfUtils.java:logGet(43)) - raft.server.log.segment.cache.num.max = 2 (custom)
2019-07-13 10:54:53,333 INFO  segmented.SegmentedRaftLogWorker (SegmentedRaftLogWorker.java:<init>(172)) - new 3d488355-9dd6-4fcb-aec3-dac8233e258f-SegmentedRaftLogWorker:Storage Directory /tmp/workdir/hadoop-ozone/integration-test/target/test-dir/MiniOzoneClusterImpl-73081f4f-9ae2-4d33-ba11-4a56a9691310/datanode-6/data/ratis/7e2819ec-f87c-45a7-b9bf-2caa55558c87 for RaftStorage:Storage Directory /tmp/workdir/hadoop-ozone/integration-test/target/test-dir/MiniOzoneClusterImpl-73081f4f-9ae2-4d33-ba11-4a56a9691310/datanode-6/data/ratis/7e2819ec-f87c-45a7-b9bf-2caa55558c87
2019-07-13 10:54:53,333 INFO  server.RaftServerConfigKeys (ConfUtils.java:logGet(43)) - raft.server.log.queue.byte-limit = 2147483647 (custom)
2019-07-13 10:54:53,333 INFO  server.RaftServerConfigKeys (ConfUtils.java:logGet(43)) - raft.server.log.queue.element-limit = 1024 (custom)
2019-07-13 10:54:53,333 INFO  server.RaftServerConfigKeys (ConfUtils.java:logGet(43)) - raft.server.log.segment.size.max = 1048576 (custom)
2019-07-13 10:54:53,333 INFO  server.RaftServerConfigKeys (ConfUtils.java:logGet(43)) - raft.server.log.preallocated.size = 16384 (custom)
2019-07-13 10:54:53,333 INFO  server.RaftServerConfigKeys (ConfUtils.java:logGet(43)) - raft.server.log.write.buffer.size = 33554432 (custom)
2019-07-13 10:54:53,334 INFO  server.RaftServerConfigKeys (ConfUtils.java:logGet(43)) - raft.server.log.force.sync.num = 128 (default)
2019-07-13 10:54:53,334 INFO  server.RaftServerConfigKeys (ConfUtils.java:logGet(43)) - raft.server.log.statemachine.data.sync = true (default)
2019-07-13 10:54:53,334 INFO  server.RaftServerConfigKeys (ConfUtils.java:logGet(43)) - raft.server.log.statemachine.data.sync.timeout = 10s (default)
2019-07-13 10:54:53,334 INFO  server.RaftServerConfigKeys (ConfUtils.java:logGet(43)) - raft.server.log.statemachine.data.sync.timeout.retry = -1 (default)
2019-07-13 10:54:53,334 INFO  server.RaftServerConfigKeys (ConfUtils.java:logGet(43)) - raft.server.log.statemachine.data.caching.enabled = true (custom)
2019-07-13 10:54:53,335 INFO  segmented.SegmentedRaftLogWorker (SegmentedRaftLogWorker.java:lambda$new$0(132)) - 3d488355-9dd6-4fcb-aec3-dac8233e258f-SegmentedRaftLogWorker:Storage Directory /tmp/workdir/hadoop-ozone/integration-test/target/test-dir/MiniOzoneClusterImpl-73081f4f-9ae2-4d33-ba11-4a56a9691310/datanode-6/data/ratis/7e2819ec-f87c-45a7-b9bf-2caa55558c87: flushIndex: setUnconditionally 0 -> -1
2019-07-13 10:54:53,335 INFO  server.RaftServerConfigKeys (ConfUtils.java:logGet(43)) - raft.server.snapshot.auto.trigger.enabled = true (custom)
2019-07-13 10:54:53,335 INFO  server.RaftServerConfigKeys (ConfUtils.java:logGet(43)) - raft.server.snapshot.auto.trigger.threshold = 10000 (custom)
2019-07-13 10:54:53,335 INFO  server.RaftServerConfigKeys (ConfUtils.java:logGet(43)) - raft.server.retrycache.expirytime = 600000ms (custom)
2019-07-13 10:54:53,336 INFO  impl.RaftServerImpl (RaftServerImpl.java:start(180)) - 3d488355-9dd6-4fcb-aec3-dac8233e258f: start group-2CAA55558C87
2019-07-13 10:54:53,336 INFO  impl.RaftServerImpl (RaftServerImpl.java:setRole(171)) - 3d488355-9dd6-4fcb-aec3-dac8233e258f:group-2CAA55558C87 changes role from null to FOLLOWER at term 0 for startAsFollower
2019-07-13 10:54:53,336 INFO  impl.RoleInfo (RoleInfo.java:updateAndGet(143)) - 3d488355-9dd6-4fcb-aec3-dac8233e258f: start FollowerState
2019-07-13 10:54:53,337 INFO  util.JmxRegister (JmxRegister.java:tryRegister(44)) - Successfully registered JMX Bean with object name Ratis:service=RaftServer,group=group-2CAA55558C87,id=3d488355-9dd6-4fcb-aec3-dac8233e258f
2019-07-13 10:54:53,352 INFO  pipeline.PipelineStateManager (PipelineStateManager.java:addPipeline(56)) - Created pipeline Pipeline[ Id: 7e2819ec-f87c-45a7-b9bf-2caa55558c87, Nodes: 3d488355-9dd6-4fcb-aec3-dac8233e258f{ip: 192.168.157.218, host: trunk-nightly-qcxv8-4293026562, networkLocation: /default-rack, certSerialId: null}, Type:RATIS, Factor:ONE, State:OPEN]
2019-07-13 10:54:53,376 INFO  impl.RaftServerProxy (RaftServerProxy.java:addNew(89)) - 05163c14-dd39-4dc4-aa39-e08c5dd740a1: addNew group-402825E22ABC:[05163c14-dd39-4dc4-aa39-e08c5dd740a1:192.168.157.218:42824] returns group-402825E22ABC:java.util.concurrent.CompletableFuture@741400d7[Not completed]
2019-07-13 10:54:53,377 INFO  impl.RaftServerImpl (RaftServerImpl.java:<init>(93)) - 05163c14-dd39-4dc4-aa39-e08c5dd740a1: new RaftServerImpl for group-402825E22ABC:[05163c14-dd39-4dc4-aa39-e08c5dd740a1:192.168.157.218:42824] with ContainerStateMachine:uninitialized
2019-07-13 10:54:53,378 INFO  server.RaftServerConfigKeys (ConfUtils.java:logGet(43)) - raft.server.rpc.timeout.min = 5s (custom)
2019-07-13 10:54:53,378 INFO  server.RaftServerConfigKeys (ConfUtils.java:logGet(43)) - raft.server.rpc.timeout.max = 5200ms (custom)
2019-07-13 10:54:53,378 INFO  server.RaftServerConfigKeys (ConfUtils.java:logGet(43)) - raft.server.rpcslowness.timeout = 120s (custom)
2019-07-13 10:54:53,378 INFO  server.RaftServerConfigKeys (ConfUtils.java:logGet(43)) - raft.server.sleep.deviation.threshold = 300 (default)
2019-07-13 10:54:53,378 INFO  server.RaftServerConfigKeys (ConfUtils.java:logGet(43)) - raft.server.log.appender.install.snapshot.enabled = false (custom)
2019-07-13 10:54:53,378 INFO  impl.RaftServerImpl (ServerState.java:<init>(105)) - 05163c14-dd39-4dc4-aa39-e08c5dd740a1:group-402825E22ABC ConfigurationManager, init=-1: [05163c14-dd39-4dc4-aa39-e08c5dd740a1:192.168.157.218:42824], old=null, confs=<EMPTY_MAP>
2019-07-13 10:54:53,378 INFO  server.RaftServerConfigKeys (ConfUtils.java:logGet(43)) - raft.server.storage.dir = [/tmp/workdir/hadoop-ozone/integration-test/target/test-dir/MiniOzoneClusterImpl-73081f4f-9ae2-4d33-ba11-4a56a9691310/datanode-3/data/ratis] (custom)
2019-07-13 10:54:53,379 INFO  storage.RaftStorageDirectory (RaftStorageDirectory.java:analyzeStorage(246)) - The storage directory /tmp/workdir/hadoop-ozone/integration-test/target/test-dir/MiniOzoneClusterImpl-73081f4f-9ae2-4d33-ba11-4a56a9691310/datanode-3/data/ratis/91d30797-1abd-490d-8718-402825e22abc does not exist. Creating ...
2019-07-13 10:54:53,404 INFO  storage.RaftStorageDirectory (RaftStorageDirectory.java:tryLock(328)) - Lock on /tmp/workdir/hadoop-ozone/integration-test/target/test-dir/MiniOzoneClusterImpl-73081f4f-9ae2-4d33-ba11-4a56a9691310/datanode-3/data/ratis/91d30797-1abd-490d-8718-402825e22abc/in_use.lock acquired by nodename 13195@trunk-nightly-qcxv8-4293026562
2019-07-13 10:54:53,417 INFO  storage.RaftStorage (RaftStorage.java:format(72)) - Storage directory /tmp/workdir/hadoop-ozone/integration-test/target/test-dir/MiniOzoneClusterImpl-73081f4f-9ae2-4d33-ba11-4a56a9691310/datanode-3/data/ratis/91d30797-1abd-490d-8718-402825e22abc has been successfully formatted.
2019-07-13 10:54:53,417 INFO  ratis.ContainerStateMachine (ContainerStateMachine.java:loadSnapshot(200)) - The snapshot info is null.Setting the last applied index to:(t:0, i:~)
2019-07-13 10:54:53,417 INFO  server.RaftServerConfigKeys (ConfUtils.java:logGet(43)) - raft.server.leader.election.timeout = 120s (custom)
2019-07-13 10:54:53,417 INFO  server.RaftServerConfigKeys (ConfUtils.java:logGet(43)) - raft.server.log.use.memory = false (default)
2019-07-13 10:54:53,418 INFO  server.RaftServerConfigKeys (ConfUtils.java:logGet(43)) - raft.server.log.purge.gap = 1000000000 (custom)
2019-07-13 10:54:53,418 INFO  server.RaftServerConfigKeys (ConfUtils.java:logGet(43)) - raft.server.log.appender.buffer.byte-limit = 33554432 (custom)
2019-07-13 10:54:53,418 INFO  server.RaftServerConfigKeys (ConfUtils.java:logGet(43)) - raft.server.log.segment.size.max = 1048576 (custom)
2019-07-13 10:54:53,418 INFO  server.RaftServerConfigKeys (ConfUtils.java:logGet(43)) - raft.server.log.segment.cache.num.max = 2 (custom)
2019-07-13 10:54:53,418 INFO  segmented.SegmentedRaftLogWorker (SegmentedRaftLogWorker.java:<init>(172)) - new 05163c14-dd39-4dc4-aa39-e08c5dd740a1-SegmentedRaftLogWorker:Storage Directory /tmp/workdir/hadoop-ozone/integration-test/target/test-dir/MiniOzoneClusterImpl-73081f4f-9ae2-4d33-ba11-4a56a9691310/datanode-3/data/ratis/91d30797-1abd-490d-8718-402825e22abc for RaftStorage:Storage Directory /tmp/workdir/hadoop-ozone/integration-test/target/test-dir/MiniOzoneClusterImpl-73081f4f-9ae2-4d33-ba11-4a56a9691310/datanode-3/data/ratis/91d30797-1abd-490d-8718-402825e22abc
2019-07-13 10:54:53,419 INFO  server.RaftServerConfigKeys (ConfUtils.java:logGet(43)) - raft.server.log.queue.byte-limit = 2147483647 (custom)
2019-07-13 10:54:53,419 INFO  server.RaftServerConfigKeys (ConfUtils.java:logGet(43)) - raft.server.log.queue.element-limit = 1024 (custom)
2019-07-13 10:54:53,419 INFO  server.RaftServerConfigKeys (ConfUtils.java:logGet(43)) - raft.server.log.segment.size.max = 1048576 (custom)
2019-07-13 10:54:53,419 INFO  server.RaftServerConfigKeys (ConfUtils.java:logGet(43)) - raft.server.log.preallocated.size = 16384 (custom)
2019-07-13 10:54:53,420 INFO  server.RaftServerConfigKeys (ConfUtils.java:logGet(43)) - raft.server.log.write.buffer.size = 33554432 (custom)
2019-07-13 10:54:53,420 INFO  server.RaftServerConfigKeys (ConfUtils.java:logGet(43)) - raft.server.log.force.sync.num = 128 (default)
2019-07-13 10:54:53,420 INFO  server.RaftServerConfigKeys (ConfUtils.java:logGet(43)) - raft.server.log.statemachine.data.sync = true (default)
2019-07-13 10:54:53,420 INFO  server.RaftServerConfigKeys (ConfUtils.java:logGet(43)) - raft.server.log.statemachine.data.sync.timeout = 10s (default)
2019-07-13 10:54:53,420 INFO  server.RaftServerConfigKeys (ConfUtils.java:logGet(43)) - raft.server.log.statemachine.data.sync.timeout.retry = -1 (default)
2019-07-13 10:54:53,421 INFO  server.RaftServerConfigKeys (ConfUtils.java:logGet(43)) - raft.server.log.statemachine.data.caching.enabled = true (custom)
2019-07-13 10:54:53,421 INFO  segmented.SegmentedRaftLogWorker (SegmentedRaftLogWorker.java:lambda$new$0(132)) - 05163c14-dd39-4dc4-aa39-e08c5dd740a1-SegmentedRaftLogWorker:Storage Directory /tmp/workdir/hadoop-ozone/integration-test/target/test-dir/MiniOzoneClusterImpl-73081f4f-9ae2-4d33-ba11-4a56a9691310/datanode-3/data/ratis/91d30797-1abd-490d-8718-402825e22abc: flushIndex: setUnconditionally 0 -> -1
2019-07-13 10:54:53,422 INFO  server.RaftServerConfigKeys (ConfUtils.java:logGet(43)) - raft.server.snapshot.auto.trigger.enabled = true (custom)
2019-07-13 10:54:53,422 INFO  server.RaftServerConfigKeys (ConfUtils.java:logGet(43)) - raft.server.snapshot.auto.trigger.threshold = 10000 (custom)
2019-07-13 10:54:53,422 INFO  server.RaftServerConfigKeys (ConfUtils.java:logGet(43)) - raft.server.retrycache.expirytime = 600000ms (custom)
2019-07-13 10:54:53,422 INFO  impl.RaftServerImpl (RaftServerImpl.java:start(180)) - 05163c14-dd39-4dc4-aa39-e08c5dd740a1: start group-402825E22ABC
2019-07-13 10:54:53,423 INFO  impl.RaftServerImpl (RaftServerImpl.java:setRole(171)) - 05163c14-dd39-4dc4-aa39-e08c5dd740a1:group-402825E22ABC changes role from null to FOLLOWER at term 0 for startAsFollower
2019-07-13 10:54:53,423 INFO  impl.RoleInfo (RoleInfo.java:updateAndGet(143)) - 05163c14-dd39-4dc4-aa39-e08c5dd740a1: start FollowerState
2019-07-13 10:54:53,423 INFO  util.JmxRegister (JmxRegister.java:tryRegister(44)) - Successfully registered JMX Bean with object name Ratis:service=RaftServer,group=group-402825E22ABC,id=05163c14-dd39-4dc4-aa39-e08c5dd740a1
2019-07-13 10:54:53,437 INFO  pipeline.PipelineStateManager (PipelineStateManager.java:addPipeline(56)) - Created pipeline Pipeline[ Id: 91d30797-1abd-490d-8718-402825e22abc, Nodes: 05163c14-dd39-4dc4-aa39-e08c5dd740a1{ip: 192.168.157.218, host: trunk-nightly-qcxv8-4293026562, networkLocation: /default-rack, certSerialId: null}, Type:RATIS, Factor:ONE, State:OPEN]
2019-07-13 10:54:53,462 INFO  impl.RaftServerProxy (RaftServerProxy.java:addNew(89)) - a0c8721f-0caa-470c-922a-9e42ec3d9e09: addNew group-6C4A01CE42F9:[a0c8721f-0caa-470c-922a-9e42ec3d9e09:192.168.157.218:44695] returns group-6C4A01CE42F9:java.util.concurrent.CompletableFuture@7fa87a39[Not completed]
2019-07-13 10:54:53,464 INFO  impl.RaftServerImpl (RaftServerImpl.java:<init>(93)) - a0c8721f-0caa-470c-922a-9e42ec3d9e09: new RaftServerImpl for group-6C4A01CE42F9:[a0c8721f-0caa-470c-922a-9e42ec3d9e09:192.168.157.218:44695] with ContainerStateMachine:uninitialized
2019-07-13 10:54:53,465 INFO  server.RaftServerConfigKeys (ConfUtils.java:logGet(43)) - raft.server.rpc.timeout.min = 5s (custom)
2019-07-13 10:54:53,465 INFO  server.RaftServerConfigKeys (ConfUtils.java:logGet(43)) - raft.server.rpc.timeout.max = 5200ms (custom)
2019-07-13 10:54:53,465 INFO  server.RaftServerConfigKeys (ConfUtils.java:logGet(43)) - raft.server.rpcslowness.timeout = 120s (custom)
2019-07-13 10:54:53,465 INFO  server.RaftServerConfigKeys (ConfUtils.java:logGet(43)) - raft.server.sleep.deviation.threshold = 300 (default)
2019-07-13 10:54:53,465 INFO  server.RaftServerConfigKeys (ConfUtils.java:logGet(43)) - raft.server.log.appender.install.snapshot.enabled = false (custom)
2019-07-13 10:54:53,466 INFO  impl.RaftServerImpl (ServerState.java:<init>(105)) - a0c8721f-0caa-470c-922a-9e42ec3d9e09:group-6C4A01CE42F9 ConfigurationManager, init=-1: [a0c8721f-0caa-470c-922a-9e42ec3d9e09:192.168.157.218:44695], old=null, confs=<EMPTY_MAP>
2019-07-13 10:54:53,466 INFO  server.RaftServerConfigKeys (ConfUtils.java:logGet(43)) - raft.server.storage.dir = [/tmp/workdir/hadoop-ozone/integration-test/target/test-dir/MiniOzoneClusterImpl-73081f4f-9ae2-4d33-ba11-4a56a9691310/datanode-1/data/ratis] (custom)
2019-07-13 10:54:53,466 INFO  storage.RaftStorageDirectory (RaftStorageDirectory.java:analyzeStorage(246)) - The storage directory /tmp/workdir/hadoop-ozone/integration-test/target/test-dir/MiniOzoneClusterImpl-73081f4f-9ae2-4d33-ba11-4a56a9691310/datanode-1/data/ratis/83471a1f-7172-47bb-b577-6c4a01ce42f9 does not exist. Creating ...
2019-07-13 10:54:53,479 INFO  storage.RaftStorageDirectory (RaftStorageDirectory.java:tryLock(328)) - Lock on /tmp/workdir/hadoop-ozone/integration-test/target/test-dir/MiniOzoneClusterImpl-73081f4f-9ae2-4d33-ba11-4a56a9691310/datanode-1/data/ratis/83471a1f-7172-47bb-b577-6c4a01ce42f9/in_use.lock acquired by nodename 13195@trunk-nightly-qcxv8-4293026562
2019-07-13 10:54:53,492 INFO  storage.RaftStorage (RaftStorage.java:format(72)) - Storage directory /tmp/workdir/hadoop-ozone/integration-test/target/test-dir/MiniOzoneClusterImpl-73081f4f-9ae2-4d33-ba11-4a56a9691310/datanode-1/data/ratis/83471a1f-7172-47bb-b577-6c4a01ce42f9 has been successfully formatted.
2019-07-13 10:54:53,492 INFO  ratis.ContainerStateMachine (ContainerStateMachine.java:loadSnapshot(200)) - The snapshot info is null.Setting the last applied index to:(t:0, i:~)
2019-07-13 10:54:53,492 INFO  server.RaftServerConfigKeys (ConfUtils.java:logGet(43)) - raft.server.leader.election.timeout = 120s (custom)
2019-07-13 10:54:53,492 INFO  server.RaftServerConfigKeys (ConfUtils.java:logGet(43)) - raft.server.log.use.memory = false (default)
2019-07-13 10:54:53,493 INFO  server.RaftServerConfigKeys (ConfUtils.java:logGet(43)) - raft.server.log.purge.gap = 1000000000 (custom)
2019-07-13 10:54:53,493 INFO  server.RaftServerConfigKeys (ConfUtils.java:logGet(43)) - raft.server.log.appender.buffer.byte-limit = 33554432 (custom)
2019-07-13 10:54:53,493 INFO  server.RaftServerConfigKeys (ConfUtils.java:logGet(43)) - raft.server.log.segment.size.max = 1048576 (custom)
2019-07-13 10:54:53,493 INFO  server.RaftServerConfigKeys (ConfUtils.java:logGet(43)) - raft.server.log.segment.cache.num.max = 2 (custom)
2019-07-13 10:54:53,493 INFO  segmented.SegmentedRaftLogWorker (SegmentedRaftLogWorker.java:<init>(172)) - new a0c8721f-0caa-470c-922a-9e42ec3d9e09-SegmentedRaftLogWorker:Storage Directory /tmp/workdir/hadoop-ozone/integration-test/target/test-dir/MiniOzoneClusterImpl-73081f4f-9ae2-4d33-ba11-4a56a9691310/datanode-1/data/ratis/83471a1f-7172-47bb-b577-6c4a01ce42f9 for RaftStorage:Storage Directory /tmp/workdir/hadoop-ozone/integration-test/target/test-dir/MiniOzoneClusterImpl-73081f4f-9ae2-4d33-ba11-4a56a9691310/datanode-1/data/ratis/83471a1f-7172-47bb-b577-6c4a01ce42f9
2019-07-13 10:54:53,494 INFO  server.RaftServerConfigKeys (ConfUtils.java:logGet(43)) - raft.server.log.queue.byte-limit = 2147483647 (custom)
2019-07-13 10:54:53,494 INFO  server.RaftServerConfigKeys (ConfUtils.java:logGet(43)) - raft.server.log.queue.element-limit = 1024 (custom)
2019-07-13 10:54:53,494 INFO  server.RaftServerConfigKeys (ConfUtils.java:logGet(43)) - raft.server.log.segment.size.max = 1048576 (custom)
2019-07-13 10:54:53,494 INFO  server.RaftServerConfigKeys (ConfUtils.java:logGet(43)) - raft.server.log.preallocated.size = 16384 (custom)
2019-07-13 10:54:53,495 INFO  server.RaftServerConfigKeys (ConfUtils.java:logGet(43)) - raft.server.log.write.buffer.size = 33554432 (custom)
2019-07-13 10:54:53,495 INFO  server.RaftServerConfigKeys (ConfUtils.java:logGet(43)) - raft.server.log.force.sync.num = 128 (default)
2019-07-13 10:54:53,495 INFO  server.RaftServerConfigKeys (ConfUtils.java:logGet(43)) - raft.server.log.statemachine.data.sync = true (default)
2019-07-13 10:54:53,495 INFO  server.RaftServerConfigKeys (ConfUtils.java:logGet(43)) - raft.server.log.statemachine.data.sync.timeout = 10s (default)
2019-07-13 10:54:53,495 INFO  server.RaftServerConfigKeys (ConfUtils.java:logGet(43)) - raft.server.log.statemachine.data.sync.timeout.retry = -1 (default)
2019-07-13 10:54:53,496 INFO  server.RaftServerConfigKeys (ConfUtils.java:logGet(43)) - raft.server.log.statemachine.data.caching.enabled = true (custom)
2019-07-13 10:54:53,496 INFO  segmented.SegmentedRaftLogWorker (SegmentedRaftLogWorker.java:lambda$new$0(132)) - a0c8721f-0caa-470c-922a-9e42ec3d9e09-SegmentedRaftLogWorker:Storage Directory /tmp/workdir/hadoop-ozone/integration-test/target/test-dir/MiniOzoneClusterImpl-73081f4f-9ae2-4d33-ba11-4a56a9691310/datanode-1/data/ratis/83471a1f-7172-47bb-b577-6c4a01ce42f9: flushIndex: setUnconditionally 0 -> -1
2019-07-13 10:54:53,497 INFO  server.RaftServerConfigKeys (ConfUtils.java:logGet(43)) - raft.server.snapshot.auto.trigger.enabled = true (custom)
2019-07-13 10:54:53,497 INFO  server.RaftServerConfigKeys (ConfUtils.java:logGet(43)) - raft.server.snapshot.auto.trigger.threshold = 10000 (custom)
2019-07-13 10:54:53,497 INFO  server.RaftServerConfigKeys (ConfUtils.java:logGet(43)) - raft.server.retrycache.expirytime = 600000ms (custom)
2019-07-13 10:54:53,497 INFO  impl.RaftServerImpl (RaftServerImpl.java:start(180)) - a0c8721f-0caa-470c-922a-9e42ec3d9e09: start group-6C4A01CE42F9
2019-07-13 10:54:53,497 INFO  impl.RaftServerImpl (RaftServerImpl.java:setRole(171)) - a0c8721f-0caa-470c-922a-9e42ec3d9e09:group-6C4A01CE42F9 changes role from null to FOLLOWER at term 0 for startAsFollower
2019-07-13 10:54:53,498 INFO  impl.RoleInfo (RoleInfo.java:updateAndGet(143)) - a0c8721f-0caa-470c-922a-9e42ec3d9e09: start FollowerState
2019-07-13 10:54:53,498 INFO  util.JmxRegister (JmxRegister.java:tryRegister(44)) - Successfully registered JMX Bean with object name Ratis:service=RaftServer,group=group-6C4A01CE42F9,id=a0c8721f-0caa-470c-922a-9e42ec3d9e09
2019-07-13 10:54:53,511 INFO  pipeline.PipelineStateManager (PipelineStateManager.java:addPipeline(56)) - Created pipeline Pipeline[ Id: 83471a1f-7172-47bb-b577-6c4a01ce42f9, Nodes: a0c8721f-0caa-470c-922a-9e42ec3d9e09{ip: 192.168.157.218, host: trunk-nightly-qcxv8-4293026562, networkLocation: /default-rack, certSerialId: null}, Type:RATIS, Factor:ONE, State:OPEN]
2019-07-13 10:54:53,541 INFO  impl.RaftServerProxy (RaftServerProxy.java:addNew(89)) - d68afebe-d380-4188-94b5-9183ec6966be: addNew group-D376BF81DACF:[d68afebe-d380-4188-94b5-9183ec6966be:192.168.157.218:41879] returns group-D376BF81DACF:java.util.concurrent.CompletableFuture@2fb45c64[Not completed]
2019-07-13 10:54:53,544 INFO  impl.RaftServerImpl (RaftServerImpl.java:<init>(93)) - d68afebe-d380-4188-94b5-9183ec6966be: new RaftServerImpl for group-D376BF81DACF:[d68afebe-d380-4188-94b5-9183ec6966be:192.168.157.218:41879] with ContainerStateMachine:uninitialized
2019-07-13 10:54:53,544 INFO  server.RaftServerConfigKeys (ConfUtils.java:logGet(43)) - raft.server.rpc.timeout.min = 5s (custom)
2019-07-13 10:54:53,545 INFO  server.RaftServerConfigKeys (ConfUtils.java:logGet(43)) - raft.server.rpc.timeout.max = 5200ms (custom)
2019-07-13 10:54:53,545 INFO  server.RaftServerConfigKeys (ConfUtils.java:logGet(43)) - raft.server.rpcslowness.timeout = 120s (custom)
2019-07-13 10:54:53,545 INFO  server.RaftServerConfigKeys (ConfUtils.java:logGet(43)) - raft.server.sleep.deviation.threshold = 300 (default)
2019-07-13 10:54:53,545 INFO  server.RaftServerConfigKeys (ConfUtils.java:logGet(43)) - raft.server.log.appender.install.snapshot.enabled = false (custom)
2019-07-13 10:54:53,545 INFO  impl.RaftServerImpl (ServerState.java:<init>(105)) - d68afebe-d380-4188-94b5-9183ec6966be:group-D376BF81DACF ConfigurationManager, init=-1: [d68afebe-d380-4188-94b5-9183ec6966be:192.168.157.218:41879], old=null, confs=<EMPTY_MAP>
2019-07-13 10:54:53,546 INFO  server.RaftServerConfigKeys (ConfUtils.java:logGet(43)) - raft.server.storage.dir = [/tmp/workdir/hadoop-ozone/integration-test/target/test-dir/MiniOzoneClusterImpl-73081f4f-9ae2-4d33-ba11-4a56a9691310/datanode-2/data/ratis] (custom)
2019-07-13 10:54:53,546 INFO  storage.RaftStorageDirectory (RaftStorageDirectory.java:analyzeStorage(246)) - The storage directory /tmp/workdir/hadoop-ozone/integration-test/target/test-dir/MiniOzoneClusterImpl-73081f4f-9ae2-4d33-ba11-4a56a9691310/datanode-2/data/ratis/aaf2d778-3b92-413b-b8a6-d376bf81dacf does not exist. Creating ...
2019-07-13 10:54:53,558 INFO  storage.RaftStorageDirectory (RaftStorageDirectory.java:tryLock(328)) - Lock on /tmp/workdir/hadoop-ozone/integration-test/target/test-dir/MiniOzoneClusterImpl-73081f4f-9ae2-4d33-ba11-4a56a9691310/datanode-2/data/ratis/aaf2d778-3b92-413b-b8a6-d376bf81dacf/in_use.lock acquired by nodename 13195@trunk-nightly-qcxv8-4293026562
2019-07-13 10:54:53,571 INFO  storage.RaftStorage (RaftStorage.java:format(72)) - Storage directory /tmp/workdir/hadoop-ozone/integration-test/target/test-dir/MiniOzoneClusterImpl-73081f4f-9ae2-4d33-ba11-4a56a9691310/datanode-2/data/ratis/aaf2d778-3b92-413b-b8a6-d376bf81dacf has been successfully formatted.
2019-07-13 10:54:53,571 INFO  ratis.ContainerStateMachine (ContainerStateMachine.java:loadSnapshot(200)) - The snapshot info is null.Setting the last applied index to:(t:0, i:~)
2019-07-13 10:54:53,571 INFO  server.RaftServerConfigKeys (ConfUtils.java:logGet(43)) - raft.server.leader.election.timeout = 120s (custom)
2019-07-13 10:54:53,571 INFO  server.RaftServerConfigKeys (ConfUtils.java:logGet(43)) - raft.server.log.use.memory = false (default)
2019-07-13 10:54:53,572 INFO  server.RaftServerConfigKeys (ConfUtils.java:logGet(43)) - raft.server.log.purge.gap = 1000000000 (custom)
2019-07-13 10:54:53,572 INFO  server.RaftServerConfigKeys (ConfUtils.java:logGet(43)) - raft.server.log.appender.buffer.byte-limit = 33554432 (custom)
2019-07-13 10:54:53,572 INFO  server.RaftServerConfigKeys (ConfUtils.java:logGet(43)) - raft.server.log.segment.size.max = 1048576 (custom)
2019-07-13 10:54:53,572 INFO  server.RaftServerConfigKeys (ConfUtils.java:logGet(43)) - raft.server.log.segment.cache.num.max = 2 (custom)
2019-07-13 10:54:53,572 INFO  segmented.SegmentedRaftLogWorker (SegmentedRaftLogWorker.java:<init>(172)) - new d68afebe-d380-4188-94b5-9183ec6966be-SegmentedRaftLogWorker:Storage Directory /tmp/workdir/hadoop-ozone/integration-test/target/test-dir/MiniOzoneClusterImpl-73081f4f-9ae2-4d33-ba11-4a56a9691310/datanode-2/data/ratis/aaf2d778-3b92-413b-b8a6-d376bf81dacf for RaftStorage:Storage Directory /tmp/workdir/hadoop-ozone/integration-test/target/test-dir/MiniOzoneClusterImpl-73081f4f-9ae2-4d33-ba11-4a56a9691310/datanode-2/data/ratis/aaf2d778-3b92-413b-b8a6-d376bf81dacf
2019-07-13 10:54:53,572 INFO  server.RaftServerConfigKeys (ConfUtils.java:logGet(43)) - raft.server.log.queue.byte-limit = 2147483647 (custom)
2019-07-13 10:54:53,573 INFO  server.RaftServerConfigKeys (ConfUtils.java:logGet(43)) - raft.server.log.queue.element-limit = 1024 (custom)
2019-07-13 10:54:53,573 INFO  server.RaftServerConfigKeys (ConfUtils.java:logGet(43)) - raft.server.log.segment.size.max = 1048576 (custom)
2019-07-13 10:54:53,573 INFO  server.RaftServerConfigKeys (ConfUtils.java:logGet(43)) - raft.server.log.preallocated.size = 16384 (custom)
2019-07-13 10:54:53,573 INFO  server.RaftServerConfigKeys (ConfUtils.java:logGet(43)) - raft.server.log.write.buffer.size = 33554432 (custom)
2019-07-13 10:54:53,573 INFO  server.RaftServerConfigKeys (ConfUtils.java:logGet(43)) - raft.server.log.force.sync.num = 128 (default)
2019-07-13 10:54:53,574 INFO  server.RaftServerConfigKeys (ConfUtils.java:logGet(43)) - raft.server.log.statemachine.data.sync = true (default)
2019-07-13 10:54:53,574 INFO  server.RaftServerConfigKeys (ConfUtils.java:logGet(43)) - raft.server.log.statemachine.data.sync.timeout = 10s (default)
2019-07-13 10:54:53,574 INFO  server.RaftServerConfigKeys (ConfUtils.java:logGet(43)) - raft.server.log.statemachine.data.sync.timeout.retry = -1 (default)
2019-07-13 10:54:53,574 INFO  server.RaftServerConfigKeys (ConfUtils.java:logGet(43)) - raft.server.log.statemachine.data.caching.enabled = true (custom)
2019-07-13 10:54:53,575 INFO  segmented.SegmentedRaftLogWorker (SegmentedRaftLogWorker.java:lambda$new$0(132)) - d68afebe-d380-4188-94b5-9183ec6966be-SegmentedRaftLogWorker:Storage Directory /tmp/workdir/hadoop-ozone/integration-test/target/test-dir/MiniOzoneClusterImpl-73081f4f-9ae2-4d33-ba11-4a56a9691310/datanode-2/data/ratis/aaf2d778-3b92-413b-b8a6-d376bf81dacf: flushIndex: setUnconditionally 0 -> -1
2019-07-13 10:54:53,575 INFO  server.RaftServerConfigKeys (ConfUtils.java:logGet(43)) - raft.server.snapshot.auto.trigger.enabled = true (custom)
2019-07-13 10:54:53,575 INFO  server.RaftServerConfigKeys (ConfUtils.java:logGet(43)) - raft.server.snapshot.auto.trigger.threshold = 10000 (custom)
2019-07-13 10:54:53,575 INFO  server.RaftServerConfigKeys (ConfUtils.java:logGet(43)) - raft.server.retrycache.expirytime = 600000ms (custom)
2019-07-13 10:54:53,576 INFO  impl.RaftServerImpl (RaftServerImpl.java:start(180)) - d68afebe-d380-4188-94b5-9183ec6966be: start group-D376BF81DACF
2019-07-13 10:54:53,576 INFO  impl.RaftServerImpl (RaftServerImpl.java:setRole(171)) - d68afebe-d380-4188-94b5-9183ec6966be:group-D376BF81DACF changes role from null to FOLLOWER at term 0 for startAsFollower
2019-07-13 10:54:53,576 INFO  impl.RoleInfo (RoleInfo.java:updateAndGet(143)) - d68afebe-d380-4188-94b5-9183ec6966be: start FollowerState
2019-07-13 10:54:53,576 INFO  util.JmxRegister (JmxRegister.java:tryRegister(44)) - Successfully registered JMX Bean with object name Ratis:service=RaftServer,group=group-D376BF81DACF,id=d68afebe-d380-4188-94b5-9183ec6966be
2019-07-13 10:54:53,594 INFO  pipeline.PipelineStateManager (PipelineStateManager.java:addPipeline(56)) - Created pipeline Pipeline[ Id: aaf2d778-3b92-413b-b8a6-d376bf81dacf, Nodes: d68afebe-d380-4188-94b5-9183ec6966be{ip: 192.168.157.218, host: trunk-nightly-qcxv8-4293026562, networkLocation: /default-rack, certSerialId: null}, Type:RATIS, Factor:ONE, State:OPEN]
2019-07-13 10:54:53,631 INFO  impl.RaftServerProxy (RaftServerProxy.java:addNew(89)) - 3d488355-9dd6-4fcb-aec3-dac8233e258f: addNew group-CC5C6A852B54:[3d488355-9dd6-4fcb-aec3-dac8233e258f:192.168.157.218:33234, b49fed3d-6ad5-45db-8d40-200294b49516:192.168.157.218:34691, 4ac572bd-f66b-47cf-ac30-cc649e4dd516:192.168.157.218:36839] returns group-CC5C6A852B54:java.util.concurrent.CompletableFuture@6df9764[Not completed]
2019-07-13 10:54:53,631 INFO  impl.RaftServerProxy (RaftServerProxy.java:addNew(89)) - b49fed3d-6ad5-45db-8d40-200294b49516: addNew group-CC5C6A852B54:[3d488355-9dd6-4fcb-aec3-dac8233e258f:192.168.157.218:33234, b49fed3d-6ad5-45db-8d40-200294b49516:192.168.157.218:34691, 4ac572bd-f66b-47cf-ac30-cc649e4dd516:192.168.157.218:36839] returns group-CC5C6A852B54:java.util.concurrent.CompletableFuture@4be9852f[Not completed]
2019-07-13 10:54:53,631 INFO  impl.RaftServerProxy (RaftServerProxy.java:addNew(89)) - 4ac572bd-f66b-47cf-ac30-cc649e4dd516: addNew group-CC5C6A852B54:[3d488355-9dd6-4fcb-aec3-dac8233e258f:192.168.157.218:33234, b49fed3d-6ad5-45db-8d40-200294b49516:192.168.157.218:34691, 4ac572bd-f66b-47cf-ac30-cc649e4dd516:192.168.157.218:36839] returns group-CC5C6A852B54:java.util.concurrent.CompletableFuture@4c4099dd[Not completed]
2019-07-13 10:54:53,633 INFO  impl.RaftServerImpl (RaftServerImpl.java:<init>(93)) - 3d488355-9dd6-4fcb-aec3-dac8233e258f: new RaftServerImpl for group-CC5C6A852B54:[3d488355-9dd6-4fcb-aec3-dac8233e258f:192.168.157.218:33234, b49fed3d-6ad5-45db-8d40-200294b49516:192.168.157.218:34691, 4ac572bd-f66b-47cf-ac30-cc649e4dd516:192.168.157.218:36839] with ContainerStateMachine:uninitialized
2019-07-13 10:54:53,633 INFO  server.RaftServerConfigKeys (ConfUtils.java:logGet(43)) - raft.server.rpc.timeout.min = 5s (custom)
2019-07-13 10:54:53,633 INFO  server.RaftServerConfigKeys (ConfUtils.java:logGet(43)) - raft.server.rpc.timeout.max = 5200ms (custom)
2019-07-13 10:54:53,634 INFO  server.RaftServerConfigKeys (ConfUtils.java:logGet(43)) - raft.server.rpcslowness.timeout = 120s (custom)
2019-07-13 10:54:53,634 INFO  server.RaftServerConfigKeys (ConfUtils.java:logGet(43)) - raft.server.sleep.deviation.threshold = 300 (default)
2019-07-13 10:54:53,634 INFO  server.RaftServerConfigKeys (ConfUtils.java:logGet(43)) - raft.server.log.appender.install.snapshot.enabled = false (custom)
2019-07-13 10:54:53,634 INFO  impl.RaftServerImpl (RaftServerImpl.java:<init>(93)) - 4ac572bd-f66b-47cf-ac30-cc649e4dd516: new RaftServerImpl for group-CC5C6A852B54:[3d488355-9dd6-4fcb-aec3-dac8233e258f:192.168.157.218:33234, b49fed3d-6ad5-45db-8d40-200294b49516:192.168.157.218:34691, 4ac572bd-f66b-47cf-ac30-cc649e4dd516:192.168.157.218:36839] with ContainerStateMachine:uninitialized
2019-07-13 10:54:53,634 INFO  impl.RaftServerImpl (ServerState.java:<init>(105)) - 3d488355-9dd6-4fcb-aec3-dac8233e258f:group-CC5C6A852B54 ConfigurationManager, init=-1: [3d488355-9dd6-4fcb-aec3-dac8233e258f:192.168.157.218:33234, b49fed3d-6ad5-45db-8d40-200294b49516:192.168.157.218:34691, 4ac572bd-f66b-47cf-ac30-cc649e4dd516:192.168.157.218:36839], old=null, confs=<EMPTY_MAP>
2019-07-13 10:54:53,634 INFO  server.RaftServerConfigKeys (ConfUtils.java:logGet(43)) - raft.server.rpc.timeout.min = 5s (custom)
2019-07-13 10:54:53,635 INFO  server.RaftServerConfigKeys (ConfUtils.java:logGet(43)) - raft.server.storage.dir = [/tmp/workdir/hadoop-ozone/integration-test/target/test-dir/MiniOzoneClusterImpl-73081f4f-9ae2-4d33-ba11-4a56a9691310/datanode-6/data/ratis] (custom)
2019-07-13 10:54:53,635 INFO  server.RaftServerConfigKeys (ConfUtils.java:logGet(43)) - raft.server.rpc.timeout.max = 5200ms (custom)
2019-07-13 10:54:53,635 INFO  impl.RaftServerImpl (RaftServerImpl.java:<init>(93)) - b49fed3d-6ad5-45db-8d40-200294b49516: new RaftServerImpl for group-CC5C6A852B54:[3d488355-9dd6-4fcb-aec3-dac8233e258f:192.168.157.218:33234, b49fed3d-6ad5-45db-8d40-200294b49516:192.168.157.218:34691, 4ac572bd-f66b-47cf-ac30-cc649e4dd516:192.168.157.218:36839] with ContainerStateMachine:uninitialized
2019-07-13 10:54:53,635 INFO  server.RaftServerConfigKeys (ConfUtils.java:logGet(43)) - raft.server.rpcslowness.timeout = 120s (custom)
2019-07-13 10:54:53,635 INFO  server.RaftServerConfigKeys (ConfUtils.java:logGet(43)) - raft.server.rpc.timeout.min = 5s (custom)
2019-07-13 10:54:53,635 INFO  server.RaftServerConfigKeys (ConfUtils.java:logGet(43)) - raft.server.sleep.deviation.threshold = 300 (default)
2019-07-13 10:54:53,635 INFO  server.RaftServerConfigKeys (ConfUtils.java:logGet(43)) - raft.server.rpc.timeout.max = 5200ms (custom)
2019-07-13 10:54:53,635 INFO  server.RaftServerConfigKeys (ConfUtils.java:logGet(43)) - raft.server.log.appender.install.snapshot.enabled = false (custom)
2019-07-13 10:54:53,635 INFO  server.RaftServerConfigKeys (ConfUtils.java:logGet(43)) - raft.server.rpcslowness.timeout = 120s (custom)
2019-07-13 10:54:53,636 INFO  impl.RaftServerImpl (ServerState.java:<init>(105)) - 4ac572bd-f66b-47cf-ac30-cc649e4dd516:group-CC5C6A852B54 ConfigurationManager, init=-1: [3d488355-9dd6-4fcb-aec3-dac8233e258f:192.168.157.218:33234, b49fed3d-6ad5-45db-8d40-200294b49516:192.168.157.218:34691, 4ac572bd-f66b-47cf-ac30-cc649e4dd516:192.168.157.218:36839], old=null, confs=<EMPTY_MAP>
2019-07-13 10:54:53,636 INFO  server.RaftServerConfigKeys (ConfUtils.java:logGet(43)) - raft.server.sleep.deviation.threshold = 300 (default)
2019-07-13 10:54:53,636 INFO  storage.RaftStorageDirectory (RaftStorageDirectory.java:analyzeStorage(246)) - The storage directory /tmp/workdir/hadoop-ozone/integration-test/target/test-dir/MiniOzoneClusterImpl-73081f4f-9ae2-4d33-ba11-4a56a9691310/datanode-6/data/ratis/629a118f-3e6c-4afd-8301-cc5c6a852b54 does not exist. Creating ...
2019-07-13 10:54:53,636 INFO  server.RaftServerConfigKeys (ConfUtils.java:logGet(43)) - raft.server.log.appender.install.snapshot.enabled = false (custom)
2019-07-13 10:54:53,636 INFO  server.RaftServerConfigKeys (ConfUtils.java:logGet(43)) - raft.server.storage.dir = [/tmp/workdir/hadoop-ozone/integration-test/target/test-dir/MiniOzoneClusterImpl-73081f4f-9ae2-4d33-ba11-4a56a9691310/datanode-5/data/ratis] (custom)
2019-07-13 10:54:53,636 INFO  impl.RaftServerImpl (ServerState.java:<init>(105)) - b49fed3d-6ad5-45db-8d40-200294b49516:group-CC5C6A852B54 ConfigurationManager, init=-1: [3d488355-9dd6-4fcb-aec3-dac8233e258f:192.168.157.218:33234, b49fed3d-6ad5-45db-8d40-200294b49516:192.168.157.218:34691, 4ac572bd-f66b-47cf-ac30-cc649e4dd516:192.168.157.218:36839], old=null, confs=<EMPTY_MAP>
2019-07-13 10:54:53,637 INFO  server.RaftServerConfigKeys (ConfUtils.java:logGet(43)) - raft.server.storage.dir = [/tmp/workdir/hadoop-ozone/integration-test/target/test-dir/MiniOzoneClusterImpl-73081f4f-9ae2-4d33-ba11-4a56a9691310/datanode-0/data/ratis] (custom)
2019-07-13 10:54:53,637 INFO  storage.RaftStorageDirectory (RaftStorageDirectory.java:analyzeStorage(246)) - The storage directory /tmp/workdir/hadoop-ozone/integration-test/target/test-dir/MiniOzoneClusterImpl-73081f4f-9ae2-4d33-ba11-4a56a9691310/datanode-5/data/ratis/629a118f-3e6c-4afd-8301-cc5c6a852b54 does not exist. Creating ...
2019-07-13 10:54:53,637 INFO  storage.RaftStorageDirectory (RaftStorageDirectory.java:analyzeStorage(246)) - The storage directory /tmp/workdir/hadoop-ozone/integration-test/target/test-dir/MiniOzoneClusterImpl-73081f4f-9ae2-4d33-ba11-4a56a9691310/datanode-0/data/ratis/629a118f-3e6c-4afd-8301-cc5c6a852b54 does not exist. Creating ...
2019-07-13 10:54:53,661 INFO  storage.RaftStorageDirectory (RaftStorageDirectory.java:tryLock(328)) - Lock on /tmp/workdir/hadoop-ozone/integration-test/target/test-dir/MiniOzoneClusterImpl-73081f4f-9ae2-4d33-ba11-4a56a9691310/datanode-5/data/ratis/629a118f-3e6c-4afd-8301-cc5c6a852b54/in_use.lock acquired by nodename 13195@trunk-nightly-qcxv8-4293026562
2019-07-13 10:54:53,661 INFO  storage.RaftStorageDirectory (RaftStorageDirectory.java:tryLock(328)) - Lock on /tmp/workdir/hadoop-ozone/integration-test/target/test-dir/MiniOzoneClusterImpl-73081f4f-9ae2-4d33-ba11-4a56a9691310/datanode-0/data/ratis/629a118f-3e6c-4afd-8301-cc5c6a852b54/in_use.lock acquired by nodename 13195@trunk-nightly-qcxv8-4293026562
2019-07-13 10:54:53,661 INFO  storage.RaftStorageDirectory (RaftStorageDirectory.java:tryLock(328)) - Lock on /tmp/workdir/hadoop-ozone/integration-test/target/test-dir/MiniOzoneClusterImpl-73081f4f-9ae2-4d33-ba11-4a56a9691310/datanode-6/data/ratis/629a118f-3e6c-4afd-8301-cc5c6a852b54/in_use.lock acquired by nodename 13195@trunk-nightly-qcxv8-4293026562
2019-07-13 10:54:53,662 INFO  rpc.RpcClient (RpcClient.java:createVolume(287)) - Creating Volume: watchforcommithandlingtest, with jenkins1000 as owner.
2019-07-13 10:54:53,687 INFO  storage.RaftStorage (RaftStorage.java:format(72)) - Storage directory /tmp/workdir/hadoop-ozone/integration-test/target/test-dir/MiniOzoneClusterImpl-73081f4f-9ae2-4d33-ba11-4a56a9691310/datanode-5/data/ratis/629a118f-3e6c-4afd-8301-cc5c6a852b54 has been successfully formatted.
2019-07-13 10:54:53,687 INFO  storage.RaftStorage (RaftStorage.java:format(72)) - Storage directory /tmp/workdir/hadoop-ozone/integration-test/target/test-dir/MiniOzoneClusterImpl-73081f4f-9ae2-4d33-ba11-4a56a9691310/datanode-0/data/ratis/629a118f-3e6c-4afd-8301-cc5c6a852b54 has been successfully formatted.
2019-07-13 10:54:53,687 INFO  ratis.ContainerStateMachine (ContainerStateMachine.java:loadSnapshot(200)) - The snapshot info is null.Setting the last applied index to:(t:0, i:~)
2019-07-13 10:54:53,687 INFO  storage.RaftStorage (RaftStorage.java:format(72)) - Storage directory /tmp/workdir/hadoop-ozone/integration-test/target/test-dir/MiniOzoneClusterImpl-73081f4f-9ae2-4d33-ba11-4a56a9691310/datanode-6/data/ratis/629a118f-3e6c-4afd-8301-cc5c6a852b54 has been successfully formatted.
2019-07-13 10:54:53,687 INFO  server.RaftServerConfigKeys (ConfUtils.java:logGet(43)) - raft.server.leader.election.timeout = 120s (custom)
2019-07-13 10:54:53,687 INFO  ratis.ContainerStateMachine (ContainerStateMachine.java:loadSnapshot(200)) - The snapshot info is null.Setting the last applied index to:(t:0, i:~)
2019-07-13 10:54:53,687 INFO  ratis.ContainerStateMachine (ContainerStateMachine.java:loadSnapshot(200)) - The snapshot info is null.Setting the last applied index to:(t:0, i:~)
2019-07-13 10:54:53,687 INFO  server.RaftServerConfigKeys (ConfUtils.java:logGet(43)) - raft.server.log.use.memory = false (default)
2019-07-13 10:54:53,688 INFO  server.RaftServerConfigKeys (ConfUtils.java:logGet(43)) - raft.server.leader.election.timeout = 120s (custom)
2019-07-13 10:54:53,688 INFO  server.RaftServerConfigKeys (ConfUtils.java:logGet(43)) - raft.server.leader.election.timeout = 120s (custom)
2019-07-13 10:54:53,688 INFO  server.RaftServerConfigKeys (ConfUtils.java:logGet(43)) - raft.server.log.use.memory = false (default)
2019-07-13 10:54:53,688 INFO  server.RaftServerConfigKeys (ConfUtils.java:logGet(43)) - raft.server.log.purge.gap = 1000000000 (custom)
2019-07-13 10:54:53,688 INFO  server.RaftServerConfigKeys (ConfUtils.java:logGet(43)) - raft.server.log.purge.gap = 1000000000 (custom)
2019-07-13 10:54:53,688 INFO  server.RaftServerConfigKeys (ConfUtils.java:logGet(43)) - raft.server.log.use.memory = false (default)
2019-07-13 10:54:53,689 INFO  server.RaftServerConfigKeys (ConfUtils.java:logGet(43)) - raft.server.log.appender.buffer.byte-limit = 33554432 (custom)
2019-07-13 10:54:53,689 INFO  server.RaftServerConfigKeys (ConfUtils.java:logGet(43)) - raft.server.log.appender.buffer.byte-limit = 33554432 (custom)
2019-07-13 10:54:53,689 INFO  server.RaftServerConfigKeys (ConfUtils.java:logGet(43)) - raft.server.log.segment.size.max = 1048576 (custom)
2019-07-13 10:54:53,689 INFO  server.RaftServerConfigKeys (ConfUtils.java:logGet(43)) - raft.server.log.purge.gap = 1000000000 (custom)
2019-07-13 10:54:53,689 INFO  server.RaftServerConfigKeys (ConfUtils.java:logGet(43)) - raft.server.log.segment.cache.num.max = 2 (custom)
2019-07-13 10:54:53,689 INFO  server.RaftServerConfigKeys (ConfUtils.java:logGet(43)) - raft.server.log.segment.size.max = 1048576 (custom)
2019-07-13 10:54:53,691 INFO  segmented.SegmentedRaftLogWorker (SegmentedRaftLogWorker.java:<init>(172)) - new 3d488355-9dd6-4fcb-aec3-dac8233e258f-SegmentedRaftLogWorker:Storage Directory /tmp/workdir/hadoop-ozone/integration-test/target/test-dir/MiniOzoneClusterImpl-73081f4f-9ae2-4d33-ba11-4a56a9691310/datanode-6/data/ratis/629a118f-3e6c-4afd-8301-cc5c6a852b54 for RaftStorage:Storage Directory /tmp/workdir/hadoop-ozone/integration-test/target/test-dir/MiniOzoneClusterImpl-73081f4f-9ae2-4d33-ba11-4a56a9691310/datanode-6/data/ratis/629a118f-3e6c-4afd-8301-cc5c6a852b54
2019-07-13 10:54:53,691 INFO  server.RaftServerConfigKeys (ConfUtils.java:logGet(43)) - raft.server.log.appender.buffer.byte-limit = 33554432 (custom)
2019-07-13 10:54:53,691 INFO  server.RaftServerConfigKeys (ConfUtils.java:logGet(43)) - raft.server.log.queue.byte-limit = 2147483647 (custom)
2019-07-13 10:54:53,691 INFO  server.RaftServerConfigKeys (ConfUtils.java:logGet(43)) - raft.server.log.segment.cache.num.max = 2 (custom)
2019-07-13 10:54:53,693 INFO  server.RaftServerConfigKeys (ConfUtils.java:logGet(43)) - raft.server.log.queue.element-limit = 1024 (custom)
2019-07-13 10:54:53,693 INFO  server.RaftServerConfigKeys (ConfUtils.java:logGet(43)) - raft.server.log.segment.size.max = 1048576 (custom)
2019-07-13 10:54:53,693 INFO  server.RaftServerConfigKeys (ConfUtils.java:logGet(43)) - raft.server.log.segment.size.max = 1048576 (custom)
2019-07-13 10:54:53,693 INFO  segmented.SegmentedRaftLogWorker (SegmentedRaftLogWorker.java:<init>(172)) - new 4ac572bd-f66b-47cf-ac30-cc649e4dd516-SegmentedRaftLogWorker:Storage Directory /tmp/workdir/hadoop-ozone/integration-test/target/test-dir/MiniOzoneClusterImpl-73081f4f-9ae2-4d33-ba11-4a56a9691310/datanode-5/data/ratis/629a118f-3e6c-4afd-8301-cc5c6a852b54 for RaftStorage:Storage Directory /tmp/workdir/hadoop-ozone/integration-test/target/test-dir/MiniOzoneClusterImpl-73081f4f-9ae2-4d33-ba11-4a56a9691310/datanode-5/data/ratis/629a118f-3e6c-4afd-8301-cc5c6a852b54
2019-07-13 10:54:53,694 INFO  server.RaftServerConfigKeys (ConfUtils.java:logGet(43)) - raft.server.log.preallocated.size = 16384 (custom)
2019-07-13 10:54:53,694 INFO  server.RaftServerConfigKeys (ConfUtils.java:logGet(43)) - raft.server.log.segment.cache.num.max = 2 (custom)
2019-07-13 10:54:53,695 INFO  server.RaftServerConfigKeys (ConfUtils.java:logGet(43)) - raft.server.log.write.buffer.size = 33554432 (custom)
2019-07-13 10:54:53,694 INFO  server.RaftServerConfigKeys (ConfUtils.java:logGet(43)) - raft.server.log.queue.byte-limit = 2147483647 (custom)
2019-07-13 10:54:53,695 INFO  server.RaftServerConfigKeys (ConfUtils.java:logGet(43)) - raft.server.log.force.sync.num = 128 (default)
2019-07-13 10:54:53,695 INFO  segmented.SegmentedRaftLogWorker (SegmentedRaftLogWorker.java:<init>(172)) - new b49fed3d-6ad5-45db-8d40-200294b49516-SegmentedRaftLogWorker:Storage Directory /tmp/workdir/hadoop-ozone/integration-test/target/test-dir/MiniOzoneClusterImpl-73081f4f-9ae2-4d33-ba11-4a56a9691310/datanode-0/data/ratis/629a118f-3e6c-4afd-8301-cc5c6a852b54 for RaftStorage:Storage Directory /tmp/workdir/hadoop-ozone/integration-test/target/test-dir/MiniOzoneClusterImpl-73081f4f-9ae2-4d33-ba11-4a56a9691310/datanode-0/data/ratis/629a118f-3e6c-4afd-8301-cc5c6a852b54
2019-07-13 10:54:53,696 INFO  server.RaftServerConfigKeys (ConfUtils.java:logGet(43)) - raft.server.log.statemachine.data.sync = true (default)
2019-07-13 10:54:53,696 INFO  server.RaftServerConfigKeys (ConfUtils.java:logGet(43)) - raft.server.log.queue.element-limit = 1024 (custom)
2019-07-13 10:54:53,697 INFO  server.RaftServerConfigKeys (ConfUtils.java:logGet(43)) - raft.server.log.statemachine.data.sync.timeout = 10s (default)
2019-07-13 10:54:53,696 INFO  server.RaftServerConfigKeys (ConfUtils.java:logGet(43)) - raft.server.log.queue.byte-limit = 2147483647 (custom)
2019-07-13 10:54:53,697 INFO  server.RaftServerConfigKeys (ConfUtils.java:logGet(43)) - raft.server.log.statemachine.data.sync.timeout.retry = -1 (default)
2019-07-13 10:54:53,697 INFO  server.RaftServerConfigKeys (ConfUtils.java:logGet(43)) - raft.server.log.segment.size.max = 1048576 (custom)
2019-07-13 10:54:53,698 INFO  server.RaftServerConfigKeys (ConfUtils.java:logGet(43)) - raft.server.log.statemachine.data.caching.enabled = true (custom)
2019-07-13 10:54:53,698 INFO  server.RaftServerConfigKeys (ConfUtils.java:logGet(43)) - raft.server.log.queue.element-limit = 1024 (custom)
2019-07-13 10:54:53,698 INFO  server.RaftServerConfigKeys (ConfUtils.java:logGet(43)) - raft.server.log.preallocated.size = 16384 (custom)
2019-07-13 10:54:53,698 INFO  server.RaftServerConfigKeys (ConfUtils.java:logGet(43)) - raft.server.log.segment.size.max = 1048576 (custom)
2019-07-13 10:54:53,698 INFO  segmented.SegmentedRaftLogWorker (SegmentedRaftLogWorker.java:lambda$new$0(132)) - 3d488355-9dd6-4fcb-aec3-dac8233e258f-SegmentedRaftLogWorker:Storage Directory /tmp/workdir/hadoop-ozone/integration-test/target/test-dir/MiniOzoneClusterImpl-73081f4f-9ae2-4d33-ba11-4a56a9691310/datanode-6/data/ratis/629a118f-3e6c-4afd-8301-cc5c6a852b54: flushIndex: setUnconditionally 0 -> -1
2019-07-13 10:54:53,699 INFO  server.RaftServerConfigKeys (ConfUtils.java:logGet(43)) - raft.server.log.preallocated.size = 16384 (custom)
2019-07-13 10:54:53,699 INFO  server.RaftServerConfigKeys (ConfUtils.java:logGet(43)) - raft.server.log.write.buffer.size = 33554432 (custom)
2019-07-13 10:54:53,700 INFO  server.RaftServerConfigKeys (ConfUtils.java:logGet(43)) - raft.server.snapshot.auto.trigger.enabled = true (custom)
2019-07-13 10:54:53,700 INFO  server.RaftServerConfigKeys (ConfUtils.java:logGet(43)) - raft.server.log.write.buffer.size = 33554432 (custom)
2019-07-13 10:54:53,700 INFO  server.RaftServerConfigKeys (ConfUtils.java:logGet(43)) - raft.server.snapshot.auto.trigger.threshold = 10000 (custom)
2019-07-13 10:54:53,700 INFO  server.RaftServerConfigKeys (ConfUtils.java:logGet(43)) - raft.server.log.force.sync.num = 128 (default)
2019-07-13 10:54:53,701 INFO  server.RaftServerConfigKeys (ConfUtils.java:logGet(43)) - raft.server.retrycache.expirytime = 600000ms (custom)
2019-07-13 10:54:53,701 INFO  server.RaftServerConfigKeys (ConfUtils.java:logGet(43)) - raft.server.log.force.sync.num = 128 (default)
2019-07-13 10:54:53,701 INFO  impl.RaftServerImpl (RaftServerImpl.java:start(180)) - 3d488355-9dd6-4fcb-aec3-dac8233e258f: start group-CC5C6A852B54
2019-07-13 10:54:53,701 INFO  server.RaftServerConfigKeys (ConfUtils.java:logGet(43)) - raft.server.log.statemachine.data.sync = true (default)
2019-07-13 10:54:53,701 INFO  impl.RaftServerImpl (RaftServerImpl.java:setRole(171)) - 3d488355-9dd6-4fcb-aec3-dac8233e258f:group-CC5C6A852B54 changes role from null to FOLLOWER at term 0 for startAsFollower
2019-07-13 10:54:53,701 INFO  server.RaftServerConfigKeys (ConfUtils.java:logGet(43)) - raft.server.log.statemachine.data.sync = true (default)
2019-07-13 10:54:53,702 INFO  impl.RoleInfo (RoleInfo.java:updateAndGet(143)) - 3d488355-9dd6-4fcb-aec3-dac8233e258f: start FollowerState
2019-07-13 10:54:53,702 INFO  server.RaftServerConfigKeys (ConfUtils.java:logGet(43)) - raft.server.log.statemachine.data.sync.timeout = 10s (default)
2019-07-13 10:54:53,702 INFO  server.RaftServerConfigKeys (ConfUtils.java:logGet(43)) - raft.server.log.statemachine.data.sync.timeout = 10s (default)
2019-07-13 10:54:53,702 INFO  util.JmxRegister (JmxRegister.java:tryRegister(44)) - Successfully registered JMX Bean with object name Ratis:service=RaftServer,group=group-CC5C6A852B54,id=3d488355-9dd6-4fcb-aec3-dac8233e258f
2019-07-13 10:54:53,702 INFO  server.RaftServerConfigKeys (ConfUtils.java:logGet(43)) - raft.server.log.statemachine.data.sync.timeout.retry = -1 (default)
2019-07-13 10:54:53,702 INFO  server.RaftServerConfigKeys (ConfUtils.java:logGet(43)) - raft.server.log.statemachine.data.sync.timeout.retry = -1 (default)
2019-07-13 10:54:53,703 INFO  server.RaftServerConfigKeys (ConfUtils.java:logGet(43)) - raft.server.log.statemachine.data.caching.enabled = true (custom)
2019-07-13 10:54:53,703 INFO  server.RaftServerConfigKeys (ConfUtils.java:logGet(43)) - raft.server.log.statemachine.data.caching.enabled = true (custom)
2019-07-13 10:54:53,703 INFO  segmented.SegmentedRaftLogWorker (SegmentedRaftLogWorker.java:lambda$new$0(132)) - 4ac572bd-f66b-47cf-ac30-cc649e4dd516-SegmentedRaftLogWorker:Storage Directory /tmp/workdir/hadoop-ozone/integration-test/target/test-dir/MiniOzoneClusterImpl-73081f4f-9ae2-4d33-ba11-4a56a9691310/datanode-5/data/ratis/629a118f-3e6c-4afd-8301-cc5c6a852b54: flushIndex: setUnconditionally 0 -> -1
2019-07-13 10:54:53,703 INFO  segmented.SegmentedRaftLogWorker (SegmentedRaftLogWorker.java:lambda$new$0(132)) - b49fed3d-6ad5-45db-8d40-200294b49516-SegmentedRaftLogWorker:Storage Directory /tmp/workdir/hadoop-ozone/integration-test/target/test-dir/MiniOzoneClusterImpl-73081f4f-9ae2-4d33-ba11-4a56a9691310/datanode-0/data/ratis/629a118f-3e6c-4afd-8301-cc5c6a852b54: flushIndex: setUnconditionally 0 -> -1
2019-07-13 10:54:53,704 INFO  server.RaftServerConfigKeys (ConfUtils.java:logGet(43)) - raft.server.snapshot.auto.trigger.enabled = true (custom)
2019-07-13 10:54:53,704 INFO  server.RaftServerConfigKeys (ConfUtils.java:logGet(43)) - raft.server.snapshot.auto.trigger.threshold = 10000 (custom)
2019-07-13 10:54:53,704 INFO  server.RaftServerConfigKeys (ConfUtils.java:logGet(43)) - raft.server.snapshot.auto.trigger.enabled = true (custom)
2019-07-13 10:54:53,704 INFO  server.RaftServerConfigKeys (ConfUtils.java:logGet(43)) - raft.server.retrycache.expirytime = 600000ms (custom)
2019-07-13 10:54:53,704 INFO  server.RaftServerConfigKeys (ConfUtils.java:logGet(43)) - raft.server.snapshot.auto.trigger.threshold = 10000 (custom)
2019-07-13 10:54:53,704 INFO  impl.RaftServerImpl (RaftServerImpl.java:start(180)) - 4ac572bd-f66b-47cf-ac30-cc649e4dd516: start group-CC5C6A852B54
2019-07-13 10:54:53,704 INFO  server.RaftServerConfigKeys (ConfUtils.java:logGet(43)) - raft.server.retrycache.expirytime = 600000ms (custom)
2019-07-13 10:54:53,704 INFO  impl.RaftServerImpl (RaftServerImpl.java:setRole(171)) - 4ac572bd-f66b-47cf-ac30-cc649e4dd516:group-CC5C6A852B54 changes role from null to FOLLOWER at term 0 for startAsFollower
2019-07-13 10:54:53,705 INFO  impl.RaftServerImpl (RaftServerImpl.java:start(180)) - b49fed3d-6ad5-45db-8d40-200294b49516: start group-CC5C6A852B54
2019-07-13 10:54:53,705 INFO  impl.RoleInfo (RoleInfo.java:updateAndGet(143)) - 4ac572bd-f66b-47cf-ac30-cc649e4dd516: start FollowerState
2019-07-13 10:54:53,705 INFO  impl.RaftServerImpl (RaftServerImpl.java:setRole(171)) - b49fed3d-6ad5-45db-8d40-200294b49516:group-CC5C6A852B54 changes role from null to FOLLOWER at term 0 for startAsFollower
2019-07-13 10:54:53,706 INFO  rpc.RpcClient (RpcClient.java:createBucket(424)) - Creating Bucket: watchforcommithandlingtest/watchforcommithandlingtest, with Versioning false and Storage Type set to DISK and Encryption set to false 
2019-07-13 10:54:53,707 INFO  impl.RoleInfo (RoleInfo.java:updateAndGet(143)) - b49fed3d-6ad5-45db-8d40-200294b49516: start FollowerState
2019-07-13 10:54:53,707 INFO  util.JmxRegister (JmxRegister.java:tryRegister(44)) - Successfully registered JMX Bean with object name Ratis:service=RaftServer,group=group-CC5C6A852B54,id=4ac572bd-f66b-47cf-ac30-cc649e4dd516
2019-07-13 10:54:53,710 INFO  util.JmxRegister (JmxRegister.java:tryRegister(44)) - Successfully registered JMX Bean with object name Ratis:service=RaftServer,group=group-CC5C6A852B54,id=b49fed3d-6ad5-45db-8d40-200294b49516
2019-07-13 10:54:53,723 INFO  pipeline.PipelineStateManager (PipelineStateManager.java:addPipeline(56)) - Created pipeline Pipeline[ Id: 629a118f-3e6c-4afd-8301-cc5c6a852b54, Nodes: 4ac572bd-f66b-47cf-ac30-cc649e4dd516{ip: 192.168.157.218, host: trunk-nightly-qcxv8-4293026562, networkLocation: /default-rack, certSerialId: null}3d488355-9dd6-4fcb-aec3-dac8233e258f{ip: 192.168.157.218, host: trunk-nightly-qcxv8-4293026562, networkLocation: /default-rack, certSerialId: null}b49fed3d-6ad5-45db-8d40-200294b49516{ip: 192.168.157.218, host: trunk-nightly-qcxv8-4293026562, networkLocation: /default-rack, certSerialId: null}, Type:RATIS, Factor:THREE, State:OPEN]
2019-07-13 10:54:53,764 INFO  impl.RaftServerProxy (RaftServerProxy.java:addNew(89)) - 05163c14-dd39-4dc4-aa39-e08c5dd740a1: addNew group-9A6E7982FFA1:[a0c8721f-0caa-470c-922a-9e42ec3d9e09:192.168.157.218:44695, feed7459-8793-41ee-a6e8-fa0af703bfe4:192.168.157.218:38551, 05163c14-dd39-4dc4-aa39-e08c5dd740a1:192.168.157.218:42824] returns group-9A6E7982FFA1:java.util.concurrent.CompletableFuture@47e29d5f[Not completed]
2019-07-13 10:54:53,767 INFO  impl.RaftServerProxy (RaftServerProxy.java:addNew(89)) - feed7459-8793-41ee-a6e8-fa0af703bfe4: addNew group-9A6E7982FFA1:[a0c8721f-0caa-470c-922a-9e42ec3d9e09:192.168.157.218:44695, feed7459-8793-41ee-a6e8-fa0af703bfe4:192.168.157.218:38551, 05163c14-dd39-4dc4-aa39-e08c5dd740a1:192.168.157.218:42824] returns group-9A6E7982FFA1:java.util.concurrent.CompletableFuture@5e64183d[Not completed]
2019-07-13 10:54:53,769 INFO  impl.RaftServerProxy (RaftServerProxy.java:addNew(89)) - a0c8721f-0caa-470c-922a-9e42ec3d9e09: addNew group-9A6E7982FFA1:[a0c8721f-0caa-470c-922a-9e42ec3d9e09:192.168.157.218:44695, feed7459-8793-41ee-a6e8-fa0af703bfe4:192.168.157.218:38551, 05163c14-dd39-4dc4-aa39-e08c5dd740a1:192.168.157.218:42824] returns group-9A6E7982FFA1:java.util.concurrent.CompletableFuture@c710d64[Not completed]
2019-07-13 10:54:53,770 INFO  impl.RaftServerImpl (RaftServerImpl.java:<init>(93)) - 05163c14-dd39-4dc4-aa39-e08c5dd740a1: new RaftServerImpl for group-9A6E7982FFA1:[a0c8721f-0caa-470c-922a-9e42ec3d9e09:192.168.157.218:44695, feed7459-8793-41ee-a6e8-fa0af703bfe4:192.168.157.218:38551, 05163c14-dd39-4dc4-aa39-e08c5dd740a1:192.168.157.218:42824] with ContainerStateMachine:uninitialized
2019-07-13 10:54:53,770 INFO  server.RaftServerConfigKeys (ConfUtils.java:logGet(43)) - raft.server.rpc.timeout.min = 5s (custom)
2019-07-13 10:54:53,770 INFO  ozone.MiniOzoneClusterImpl (MiniOzoneClusterImpl.java:getStorageContainerLocationClient(241)) - Creating StorageContainerLocationProtocol RPC client with address /0.0.0.0:46219
2019-07-13 10:54:53,770 INFO  server.RaftServerConfigKeys (ConfUtils.java:logGet(43)) - raft.server.rpc.timeout.max = 5200ms (custom)
2019-07-13 10:54:53,770 INFO  impl.RaftServerImpl (RaftServerImpl.java:<init>(93)) - feed7459-8793-41ee-a6e8-fa0af703bfe4: new RaftServerImpl for group-9A6E7982FFA1:[a0c8721f-0caa-470c-922a-9e42ec3d9e09:192.168.157.218:44695, feed7459-8793-41ee-a6e8-fa0af703bfe4:192.168.157.218:38551, 05163c14-dd39-4dc4-aa39-e08c5dd740a1:192.168.157.218:42824] with ContainerStateMachine:uninitialized
2019-07-13 10:54:53,770 INFO  server.RaftServerConfigKeys (ConfUtils.java:logGet(43)) - raft.server.rpcslowness.timeout = 120s (custom)
2019-07-13 10:54:53,771 INFO  server.RaftServerConfigKeys (ConfUtils.java:logGet(43)) - raft.server.rpc.timeout.min = 5s (custom)
2019-07-13 10:54:53,771 INFO  server.RaftServerConfigKeys (ConfUtils.java:logGet(43)) - raft.server.sleep.deviation.threshold = 300 (default)
2019-07-13 10:54:53,773 INFO  server.RaftServerConfigKeys (ConfUtils.java:logGet(43)) - raft.server.rpc.timeout.max = 5200ms (custom)
2019-07-13 10:54:53,773 INFO  server.RaftServerConfigKeys (ConfUtils.java:logGet(43)) - raft.server.log.appender.install.snapshot.enabled = false (custom)
2019-07-13 10:54:53,773 INFO  server.RaftServerConfigKeys (ConfUtils.java:logGet(43)) - raft.server.rpcslowness.timeout = 120s (custom)
2019-07-13 10:54:53,773 INFO  impl.RaftServerImpl (ServerState.java:<init>(105)) - 05163c14-dd39-4dc4-aa39-e08c5dd740a1:group-9A6E7982FFA1 ConfigurationManager, init=-1: [a0c8721f-0caa-470c-922a-9e42ec3d9e09:192.168.157.218:44695, feed7459-8793-41ee-a6e8-fa0af703bfe4:192.168.157.218:38551, 05163c14-dd39-4dc4-aa39-e08c5dd740a1:192.168.157.218:42824], old=null, confs=<EMPTY_MAP>
2019-07-13 10:54:53,773 INFO  impl.RaftServerImpl (RaftServerImpl.java:<init>(93)) - a0c8721f-0caa-470c-922a-9e42ec3d9e09: new RaftServerImpl for group-9A6E7982FFA1:[a0c8721f-0caa-470c-922a-9e42ec3d9e09:192.168.157.218:44695, feed7459-8793-41ee-a6e8-fa0af703bfe4:192.168.157.218:38551, 05163c14-dd39-4dc4-aa39-e08c5dd740a1:192.168.157.218:42824] with ContainerStateMachine:uninitialized
2019-07-13 10:54:53,773 INFO  server.RaftServerConfigKeys (ConfUtils.java:logGet(43)) - raft.server.sleep.deviation.threshold = 300 (default)
2019-07-13 10:54:53,773 INFO  server.RaftServerConfigKeys (ConfUtils.java:logGet(43)) - raft.server.rpc.timeout.min = 5s (custom)
2019-07-13 10:54:53,773 INFO  server.RaftServerConfigKeys (ConfUtils.java:logGet(43)) - raft.server.storage.dir = [/tmp/workdir/hadoop-ozone/integration-test/target/test-dir/MiniOzoneClusterImpl-73081f4f-9ae2-4d33-ba11-4a56a9691310/datanode-3/data/ratis] (custom)
2019-07-13 10:54:53,774 INFO  server.RaftServerConfigKeys (ConfUtils.java:logGet(43)) - raft.server.rpc.timeout.max = 5200ms (custom)
2019-07-13 10:54:53,773 INFO  server.RaftServerConfigKeys (ConfUtils.java:logGet(43)) - raft.server.log.appender.install.snapshot.enabled = false (custom)
2019-07-13 10:54:53,774 INFO  server.RaftServerConfigKeys (ConfUtils.java:logGet(43)) - raft.server.rpcslowness.timeout = 120s (custom)
2019-07-13 10:54:53,774 INFO  storage.RaftStorageDirectory (RaftStorageDirectory.java:analyzeStorage(246)) - The storage directory /tmp/workdir/hadoop-ozone/integration-test/target/test-dir/MiniOzoneClusterImpl-73081f4f-9ae2-4d33-ba11-4a56a9691310/datanode-3/data/ratis/55891829-f70c-4372-926b-9a6e7982ffa1 does not exist. Creating ...
2019-07-13 10:54:53,774 INFO  impl.RaftServerImpl (ServerState.java:<init>(105)) - feed7459-8793-41ee-a6e8-fa0af703bfe4:group-9A6E7982FFA1 ConfigurationManager, init=-1: [a0c8721f-0caa-470c-922a-9e42ec3d9e09:192.168.157.218:44695, feed7459-8793-41ee-a6e8-fa0af703bfe4:192.168.157.218:38551, 05163c14-dd39-4dc4-aa39-e08c5dd740a1:192.168.157.218:42824], old=null, confs=<EMPTY_MAP>
2019-07-13 10:54:53,774 INFO  server.RaftServerConfigKeys (ConfUtils.java:logGet(43)) - raft.server.sleep.deviation.threshold = 300 (default)
2019-07-13 10:54:53,774 INFO  server.RaftServerConfigKeys (ConfUtils.java:logGet(43)) - raft.server.storage.dir = [/tmp/workdir/hadoop-ozone/integration-test/target/test-dir/MiniOzoneClusterImpl-73081f4f-9ae2-4d33-ba11-4a56a9691310/datanode-4/data/ratis] (custom)
2019-07-13 10:54:53,774 INFO  server.RaftServerConfigKeys (ConfUtils.java:logGet(43)) - raft.server.log.appender.install.snapshot.enabled = false (custom)
2019-07-13 10:54:53,775 INFO  impl.RaftServerImpl (ServerState.java:<init>(105)) - a0c8721f-0caa-470c-922a-9e42ec3d9e09:group-9A6E7982FFA1 ConfigurationManager, init=-1: [a0c8721f-0caa-470c-922a-9e42ec3d9e09:192.168.157.218:44695, feed7459-8793-41ee-a6e8-fa0af703bfe4:192.168.157.218:38551, 05163c14-dd39-4dc4-aa39-e08c5dd740a1:192.168.157.218:42824], old=null, confs=<EMPTY_MAP>
2019-07-13 10:54:53,775 INFO  storage.RaftStorageDirectory (RaftStorageDirectory.java:analyzeStorage(246)) - The storage directory /tmp/workdir/hadoop-ozone/integration-test/target/test-dir/MiniOzoneClusterImpl-73081f4f-9ae2-4d33-ba11-4a56a9691310/datanode-4/data/ratis/55891829-f70c-4372-926b-9a6e7982ffa1 does not exist. Creating ...
2019-07-13 10:54:53,775 INFO  server.RaftServerConfigKeys (ConfUtils.java:logGet(43)) - raft.server.storage.dir = [/tmp/workdir/hadoop-ozone/integration-test/target/test-dir/MiniOzoneClusterImpl-73081f4f-9ae2-4d33-ba11-4a56a9691310/datanode-1/data/ratis] (custom)
2019-07-13 10:54:53,775 INFO  storage.RaftStorageDirectory (RaftStorageDirectory.java:analyzeStorage(246)) - The storage directory /tmp/workdir/hadoop-ozone/integration-test/target/test-dir/MiniOzoneClusterImpl-73081f4f-9ae2-4d33-ba11-4a56a9691310/datanode-1/data/ratis/55891829-f70c-4372-926b-9a6e7982ffa1 does not exist. Creating ...
2019-07-13 10:54:53,789 INFO  storage.RaftStorageDirectory (RaftStorageDirectory.java:tryLock(328)) - Lock on /tmp/workdir/hadoop-ozone/integration-test/target/test-dir/MiniOzoneClusterImpl-73081f4f-9ae2-4d33-ba11-4a56a9691310/datanode-4/data/ratis/55891829-f70c-4372-926b-9a6e7982ffa1/in_use.lock acquired by nodename 13195@trunk-nightly-qcxv8-4293026562
2019-07-13 10:54:53,789 INFO  storage.RaftStorageDirectory (RaftStorageDirectory.java:tryLock(328)) - Lock on /tmp/workdir/hadoop-ozone/integration-test/target/test-dir/MiniOzoneClusterImpl-73081f4f-9ae2-4d33-ba11-4a56a9691310/datanode-1/data/ratis/55891829-f70c-4372-926b-9a6e7982ffa1/in_use.lock acquired by nodename 13195@trunk-nightly-qcxv8-4293026562
2019-07-13 10:54:53,789 INFO  storage.RaftStorageDirectory (RaftStorageDirectory.java:tryLock(328)) - Lock on /tmp/workdir/hadoop-ozone/integration-test/target/test-dir/MiniOzoneClusterImpl-73081f4f-9ae2-4d33-ba11-4a56a9691310/datanode-3/data/ratis/55891829-f70c-4372-926b-9a6e7982ffa1/in_use.lock acquired by nodename 13195@trunk-nightly-qcxv8-4293026562
2019-07-13 10:54:53,815 INFO  storage.RaftStorage (RaftStorage.java:format(72)) - Storage directory /tmp/workdir/hadoop-ozone/integration-test/target/test-dir/MiniOzoneClusterImpl-73081f4f-9ae2-4d33-ba11-4a56a9691310/datanode-1/data/ratis/55891829-f70c-4372-926b-9a6e7982ffa1 has been successfully formatted.
2019-07-13 10:54:53,815 INFO  storage.RaftStorage (RaftStorage.java:format(72)) - Storage directory /tmp/workdir/hadoop-ozone/integration-test/target/test-dir/MiniOzoneClusterImpl-73081f4f-9ae2-4d33-ba11-4a56a9691310/datanode-4/data/ratis/55891829-f70c-4372-926b-9a6e7982ffa1 has been successfully formatted.
2019-07-13 10:54:53,815 INFO  ratis.ContainerStateMachine (ContainerStateMachine.java:loadSnapshot(200)) - The snapshot info is null.Setting the last applied index to:(t:0, i:~)
2019-07-13 10:54:53,815 INFO  storage.RaftStorage (RaftStorage.java:format(72)) - Storage directory /tmp/workdir/hadoop-ozone/integration-test/target/test-dir/MiniOzoneClusterImpl-73081f4f-9ae2-4d33-ba11-4a56a9691310/datanode-3/data/ratis/55891829-f70c-4372-926b-9a6e7982ffa1 has been successfully formatted.
2019-07-13 10:54:53,815 INFO  ratis.ContainerStateMachine (ContainerStateMachine.java:loadSnapshot(200)) - The snapshot info is null.Setting the last applied index to:(t:0, i:~)
2019-07-13 10:54:53,815 INFO  server.RaftServerConfigKeys (ConfUtils.java:logGet(43)) - raft.server.leader.election.timeout = 120s (custom)
2019-07-13 10:54:53,815 INFO  server.RaftServerConfigKeys (ConfUtils.java:logGet(43)) - raft.server.leader.election.timeout = 120s (custom)
2019-07-13 10:54:53,815 INFO  ratis.ContainerStateMachine (ContainerStateMachine.java:loadSnapshot(200)) - The snapshot info is null.Setting the last applied index to:(t:0, i:~)
2019-07-13 10:54:53,815 INFO  server.RaftServerConfigKeys (ConfUtils.java:logGet(43)) - raft.server.log.use.memory = false (default)
2019-07-13 10:54:53,815 INFO  server.RaftServerConfigKeys (ConfUtils.java:logGet(43)) - raft.server.log.use.memory = false (default)
2019-07-13 10:54:53,816 INFO  server.RaftServerConfigKeys (ConfUtils.java:logGet(43)) - raft.server.log.purge.gap = 1000000000 (custom)
2019-07-13 10:54:53,816 INFO  server.RaftServerConfigKeys (ConfUtils.java:logGet(43)) - raft.server.leader.election.timeout = 120s (custom)
2019-07-13 10:54:53,816 INFO  server.RaftServerConfigKeys (ConfUtils.java:logGet(43)) - raft.server.log.appender.buffer.byte-limit = 33554432 (custom)
2019-07-13 10:54:53,816 INFO  server.RaftServerConfigKeys (ConfUtils.java:logGet(43)) - raft.server.log.purge.gap = 1000000000 (custom)
2019-07-13 10:54:53,816 INFO  server.RaftServerConfigKeys (ConfUtils.java:logGet(43)) - raft.server.log.segment.size.max = 1048576 (custom)
2019-07-13 10:54:53,816 INFO  server.RaftServerConfigKeys (ConfUtils.java:logGet(43)) - raft.server.log.use.memory = false (default)
2019-07-13 10:54:53,817 INFO  server.RaftServerConfigKeys (ConfUtils.java:logGet(43)) - raft.server.log.segment.cache.num.max = 2 (custom)
2019-07-13 10:54:53,816 INFO  server.RaftServerConfigKeys (ConfUtils.java:logGet(43)) - raft.server.log.appender.buffer.byte-limit = 33554432 (custom)
2019-07-13 10:54:53,817 INFO  segmented.SegmentedRaftLogWorker (SegmentedRaftLogWorker.java:<init>(172)) - new feed7459-8793-41ee-a6e8-fa0af703bfe4-SegmentedRaftLogWorker:Storage Directory /tmp/workdir/hadoop-ozone/integration-test/target/test-dir/MiniOzoneClusterImpl-73081f4f-9ae2-4d33-ba11-4a56a9691310/datanode-4/data/ratis/55891829-f70c-4372-926b-9a6e7982ffa1 for RaftStorage:Storage Directory /tmp/workdir/hadoop-ozone/integration-test/target/test-dir/MiniOzoneClusterImpl-73081f4f-9ae2-4d33-ba11-4a56a9691310/datanode-4/data/ratis/55891829-f70c-4372-926b-9a6e7982ffa1
2019-07-13 10:54:53,817 INFO  server.RaftServerConfigKeys (ConfUtils.java:logGet(43)) - raft.server.log.purge.gap = 1000000000 (custom)
2019-07-13 10:54:53,817 INFO  server.RaftServerConfigKeys (ConfUtils.java:logGet(43)) - raft.server.log.queue.byte-limit = 2147483647 (custom)
2019-07-13 10:54:53,817 INFO  server.RaftServerConfigKeys (ConfUtils.java:logGet(43)) - raft.server.log.segment.size.max = 1048576 (custom)
2019-07-13 10:54:53,820 INFO  server.RaftServerConfigKeys (ConfUtils.java:logGet(43)) - raft.server.log.queue.element-limit = 1024 (custom)
2019-07-13 10:54:53,820 INFO  server.RaftServerConfigKeys (ConfUtils.java:logGet(43)) - raft.server.log.appender.buffer.byte-limit = 33554432 (custom)
2019-07-13 10:54:53,820 INFO  server.RaftServerConfigKeys (ConfUtils.java:logGet(43)) - raft.server.log.segment.size.max = 1048576 (custom)
2019-07-13 10:54:53,820 INFO  server.RaftServerConfigKeys (ConfUtils.java:logGet(43)) - raft.server.log.segment.cache.num.max = 2 (custom)
2019-07-13 10:54:53,820 INFO  server.RaftServerConfigKeys (ConfUtils.java:logGet(43)) - raft.server.log.preallocated.size = 16384 (custom)
2019-07-13 10:54:53,820 INFO  server.RaftServerConfigKeys (ConfUtils.java:logGet(43)) - raft.server.log.segment.size.max = 1048576 (custom)
2019-07-13 10:54:53,821 INFO  server.RaftServerConfigKeys (ConfUtils.java:logGet(43)) - raft.server.log.write.buffer.size = 33554432 (custom)
2019-07-13 10:54:53,820 INFO  segmented.SegmentedRaftLogWorker (SegmentedRaftLogWorker.java:<init>(172)) - new a0c8721f-0caa-470c-922a-9e42ec3d9e09-SegmentedRaftLogWorker:Storage Directory /tmp/workdir/hadoop-ozone/integration-test/target/test-dir/MiniOzoneClusterImpl-73081f4f-9ae2-4d33-ba11-4a56a9691310/datanode-1/data/ratis/55891829-f70c-4372-926b-9a6e7982ffa1 for RaftStorage:Storage Directory /tmp/workdir/hadoop-ozone/integration-test/target/test-dir/MiniOzoneClusterImpl-73081f4f-9ae2-4d33-ba11-4a56a9691310/datanode-1/data/ratis/55891829-f70c-4372-926b-9a6e7982ffa1
2019-07-13 10:54:53,821 INFO  server.RaftServerConfigKeys (ConfUtils.java:logGet(43)) - raft.server.log.force.sync.num = 128 (default)
2019-07-13 10:54:53,821 INFO  server.RaftServerConfigKeys (ConfUtils.java:logGet(43)) - raft.server.log.segment.cache.num.max = 2 (custom)
2019-07-13 10:54:53,821 INFO  server.RaftServerConfigKeys (ConfUtils.java:logGet(43)) - raft.server.log.statemachine.data.sync = true (default)
2019-07-13 10:54:53,821 INFO  server.RaftServerConfigKeys (ConfUtils.java:logGet(43)) - raft.server.log.queue.byte-limit = 2147483647 (custom)
2019-07-13 10:54:53,823 INFO  server.RaftServerConfigKeys (ConfUtils.java:logGet(43)) - raft.server.log.statemachine.data.sync.timeout = 10s (default)
2019-07-13 10:54:53,822 INFO  segmented.SegmentedRaftLogWorker (SegmentedRaftLogWorker.java:<init>(172)) - new 05163c14-dd39-4dc4-aa39-e08c5dd740a1-SegmentedRaftLogWorker:Storage Directory /tmp/workdir/hadoop-ozone/integration-test/target/test-dir/MiniOzoneClusterImpl-73081f4f-9ae2-4d33-ba11-4a56a9691310/datanode-3/data/ratis/55891829-f70c-4372-926b-9a6e7982ffa1 for RaftStorage:Storage Directory /tmp/workdir/hadoop-ozone/integration-test/target/test-dir/MiniOzoneClusterImpl-73081f4f-9ae2-4d33-ba11-4a56a9691310/datanode-3/data/ratis/55891829-f70c-4372-926b-9a6e7982ffa1
2019-07-13 10:54:53,823 INFO  server.RaftServerConfigKeys (ConfUtils.java:logGet(43)) - raft.server.log.statemachine.data.sync.timeout.retry = -1 (default)
2019-07-13 10:54:53,823 INFO  server.RaftServerConfigKeys (ConfUtils.java:logGet(43)) - raft.server.log.queue.element-limit = 1024 (custom)
2019-07-13 10:54:53,825 INFO  server.RaftServerConfigKeys (ConfUtils.java:logGet(43)) - raft.server.log.statemachine.data.caching.enabled = true (custom)
2019-07-13 10:54:53,823 INFO  server.RaftServerConfigKeys (ConfUtils.java:logGet(43)) - raft.server.log.queue.byte-limit = 2147483647 (custom)
2019-07-13 10:54:53,825 INFO  server.RaftServerConfigKeys (ConfUtils.java:logGet(43)) - raft.server.log.segment.size.max = 1048576 (custom)
2019-07-13 10:54:53,826 INFO  segmented.SegmentedRaftLogWorker (SegmentedRaftLogWorker.java:lambda$new$0(132)) - feed7459-8793-41ee-a6e8-fa0af703bfe4-SegmentedRaftLogWorker:Storage Directory /tmp/workdir/hadoop-ozone/integration-test/target/test-dir/MiniOzoneClusterImpl-73081f4f-9ae2-4d33-ba11-4a56a9691310/datanode-4/data/ratis/55891829-f70c-4372-926b-9a6e7982ffa1: flushIndex: setUnconditionally 0 -> -1
2019-07-13 10:54:53,826 INFO  server.RaftServerConfigKeys (ConfUtils.java:logGet(43)) - raft.server.log.queue.element-limit = 1024 (custom)
2019-07-13 10:54:53,826 INFO  server.RaftServerConfigKeys (ConfUtils.java:logGet(43)) - raft.server.log.preallocated.size = 16384 (custom)
2019-07-13 10:54:53,826 INFO  server.RaftServerConfigKeys (ConfUtils.java:logGet(43)) - raft.server.log.segment.size.max = 1048576 (custom)
2019-07-13 10:54:53,826 INFO  server.RaftServerConfigKeys (ConfUtils.java:logGet(43)) - raft.server.snapshot.auto.trigger.enabled = true (custom)
2019-07-13 10:54:53,826 INFO  server.RaftServerConfigKeys (ConfUtils.java:logGet(43)) - raft.server.log.preallocated.size = 16384 (custom)
2019-07-13 10:54:53,826 INFO  server.RaftServerConfigKeys (ConfUtils.java:logGet(43)) - raft.server.log.write.buffer.size = 33554432 (custom)
2019-07-13 10:54:53,827 INFO  server.RaftServerConfigKeys (ConfUtils.java:logGet(43)) - raft.server.log.write.buffer.size = 33554432 (custom)
2019-07-13 10:54:53,827 INFO  server.RaftServerConfigKeys (ConfUtils.java:logGet(43)) - raft.server.snapshot.auto.trigger.threshold = 10000 (custom)
2019-07-13 10:54:53,827 INFO  server.RaftServerConfigKeys (ConfUtils.java:logGet(43)) - raft.server.log.force.sync.num = 128 (default)
2019-07-13 10:54:53,827 INFO  server.RaftServerConfigKeys (ConfUtils.java:logGet(43)) - raft.server.log.force.sync.num = 128 (default)
2019-07-13 10:54:53,827 INFO  server.RaftServerConfigKeys (ConfUtils.java:logGet(43)) - raft.server.log.statemachine.data.sync = true (default)
2019-07-13 10:54:53,827 INFO  server.RaftServerConfigKeys (ConfUtils.java:logGet(43)) - raft.server.log.statemachine.data.sync = true (default)
2019-07-13 10:54:53,827 INFO  server.RaftServerConfigKeys (ConfUtils.java:logGet(43)) - raft.server.retrycache.expirytime = 600000ms (custom)
2019-07-13 10:54:53,828 INFO  server.RaftServerConfigKeys (ConfUtils.java:logGet(43)) - raft.server.log.statemachine.data.sync.timeout = 10s (default)
2019-07-13 10:54:53,827 INFO  server.RaftServerConfigKeys (ConfUtils.java:logGet(43)) - raft.server.log.statemachine.data.sync.timeout = 10s (default)
2019-07-13 10:54:53,828 INFO  impl.RaftServerImpl (RaftServerImpl.java:start(180)) - feed7459-8793-41ee-a6e8-fa0af703bfe4: start group-9A6E7982FFA1
2019-07-13 10:54:53,828 INFO  server.RaftServerConfigKeys (ConfUtils.java:logGet(43)) - raft.server.log.statemachine.data.sync.timeout.retry = -1 (default)
2019-07-13 10:54:53,828 INFO  impl.RaftServerImpl (RaftServerImpl.java:setRole(171)) - feed7459-8793-41ee-a6e8-fa0af703bfe4:group-9A6E7982FFA1 changes role from null to FOLLOWER at term 0 for startAsFollower
2019-07-13 10:54:53,828 INFO  server.RaftServerConfigKeys (ConfUtils.java:logGet(43)) - raft.server.log.statemachine.data.sync.timeout.retry = -1 (default)
2019-07-13 10:54:53,828 INFO  impl.RoleInfo (RoleInfo.java:updateAndGet(143)) - feed7459-8793-41ee-a6e8-fa0af703bfe4: start FollowerState
2019-07-13 10:54:53,828 INFO  server.RaftServerConfigKeys (ConfUtils.java:logGet(43)) - raft.server.log.statemachine.data.caching.enabled = true (custom)
2019-07-13 10:54:53,829 INFO  server.RaftServerConfigKeys (ConfUtils.java:logGet(43)) - raft.server.log.statemachine.data.caching.enabled = true (custom)
2019-07-13 10:54:53,829 INFO  segmented.SegmentedRaftLogWorker (SegmentedRaftLogWorker.java:lambda$new$0(132)) - a0c8721f-0caa-470c-922a-9e42ec3d9e09-SegmentedRaftLogWorker:Storage Directory /tmp/workdir/hadoop-ozone/integration-test/target/test-dir/MiniOzoneClusterImpl-73081f4f-9ae2-4d33-ba11-4a56a9691310/datanode-1/data/ratis/55891829-f70c-4372-926b-9a6e7982ffa1: flushIndex: setUnconditionally 0 -> -1
2019-07-13 10:54:53,829 INFO  util.JmxRegister (JmxRegister.java:tryRegister(44)) - Successfully registered JMX Bean with object name Ratis:service=RaftServer,group=group-9A6E7982FFA1,id=feed7459-8793-41ee-a6e8-fa0af703bfe4
2019-07-13 10:54:53,829 INFO  server.RaftServerConfigKeys (ConfUtils.java:logGet(43)) - raft.server.snapshot.auto.trigger.enabled = true (custom)
2019-07-13 10:54:53,829 INFO  segmented.SegmentedRaftLogWorker (SegmentedRaftLogWorker.java:lambda$new$0(132)) - 05163c14-dd39-4dc4-aa39-e08c5dd740a1-SegmentedRaftLogWorker:Storage Directory /tmp/workdir/hadoop-ozone/integration-test/target/test-dir/MiniOzoneClusterImpl-73081f4f-9ae2-4d33-ba11-4a56a9691310/datanode-3/data/ratis/55891829-f70c-4372-926b-9a6e7982ffa1: flushIndex: setUnconditionally 0 -> -1
2019-07-13 10:54:53,829 INFO  server.RaftServerConfigKeys (ConfUtils.java:logGet(43)) - raft.server.snapshot.auto.trigger.threshold = 10000 (custom)
2019-07-13 10:54:53,830 INFO  server.RaftServerConfigKeys (ConfUtils.java:logGet(43)) - raft.server.snapshot.auto.trigger.enabled = true (custom)
2019-07-13 10:54:53,830 INFO  server.RaftServerConfigKeys (ConfUtils.java:logGet(43)) - raft.server.retrycache.expirytime = 600000ms (custom)
2019-07-13 10:54:53,830 INFO  server.RaftServerConfigKeys (ConfUtils.java:logGet(43)) - raft.server.snapshot.auto.trigger.threshold = 10000 (custom)
2019-07-13 10:54:53,830 INFO  impl.RaftServerImpl (RaftServerImpl.java:start(180)) - a0c8721f-0caa-470c-922a-9e42ec3d9e09: start group-9A6E7982FFA1
2019-07-13 10:54:53,830 INFO  impl.RaftServerImpl (RaftServerImpl.java:setRole(171)) - a0c8721f-0caa-470c-922a-9e42ec3d9e09:group-9A6E7982FFA1 changes role from null to FOLLOWER at term 0 for startAsFollower
2019-07-13 10:54:53,830 INFO  server.RaftServerConfigKeys (ConfUtils.java:logGet(43)) - raft.server.retrycache.expirytime = 600000ms (custom)
2019-07-13 10:54:53,830 INFO  impl.RoleInfo (RoleInfo.java:updateAndGet(143)) - a0c8721f-0caa-470c-922a-9e42ec3d9e09: start FollowerState
2019-07-13 10:54:53,830 INFO  impl.RaftServerImpl (RaftServerImpl.java:start(180)) - 05163c14-dd39-4dc4-aa39-e08c5dd740a1: start group-9A6E7982FFA1
2019-07-13 10:54:53,830 INFO  impl.RaftServerImpl (RaftServerImpl.java:setRole(171)) - 05163c14-dd39-4dc4-aa39-e08c5dd740a1:group-9A6E7982FFA1 changes role from null to FOLLOWER at term 0 for startAsFollower
2019-07-13 10:54:53,831 INFO  util.JmxRegister (JmxRegister.java:tryRegister(44)) - Successfully registered JMX Bean with object name Ratis:service=RaftServer,group=group-9A6E7982FFA1,id=a0c8721f-0caa-470c-922a-9e42ec3d9e09
2019-07-13 10:54:53,831 INFO  impl.RoleInfo (RoleInfo.java:updateAndGet(143)) - 05163c14-dd39-4dc4-aa39-e08c5dd740a1: start FollowerState
2019-07-13 10:54:53,831 INFO  util.JmxRegister (JmxRegister.java:tryRegister(44)) - Successfully registered JMX Bean with object name Ratis:service=RaftServer,group=group-9A6E7982FFA1,id=05163c14-dd39-4dc4-aa39-e08c5dd740a1
2019-07-13 10:54:53,852 INFO  pipeline.PipelineStateManager (PipelineStateManager.java:addPipeline(56)) - Created pipeline Pipeline[ Id: 55891829-f70c-4372-926b-9a6e7982ffa1, Nodes: feed7459-8793-41ee-a6e8-fa0af703bfe4{ip: 192.168.157.218, host: trunk-nightly-qcxv8-4293026562, networkLocation: /default-rack, certSerialId: null}05163c14-dd39-4dc4-aa39-e08c5dd740a1{ip: 192.168.157.218, host: trunk-nightly-qcxv8-4293026562, networkLocation: /default-rack, certSerialId: null}a0c8721f-0caa-470c-922a-9e42ec3d9e09{ip: 192.168.157.218, host: trunk-nightly-qcxv8-4293026562, networkLocation: /default-rack, certSerialId: null}, Type:RATIS, Factor:THREE, State:OPEN]
2019-07-13 10:54:54,025 INFO  client.GrpcClientProtocolClient (GrpcClientProtocolClient.java:onNext(255)) - client-1EFA36B62135->feed7459-8793-41ee-a6e8-fa0af703bfe4: receive RaftClientReply:client-1EFA36B62135->feed7459-8793-41ee-a6e8-fa0af703bfe4@group-9A6E7982FFA1, cid=13, FAILED org.apache.ratis.protocol.NotLeaderException: Server feed7459-8793-41ee-a6e8-fa0af703bfe4 is not the leader (null). Request must be sent to leader., logIndex=0, commits[feed7459-8793-41ee-a6e8-fa0af703bfe4:c-1]
2019-07-13 10:54:54,793 INFO  container.ReplicationManager (ReplicationManager.java:start(155)) - Starting Replication Monitor Thread.
2019-07-13 10:54:54,800 INFO  container.ReplicationManager (ReplicationManager.java:run(207)) - Replication Monitor Thread took 4 milliseconds for processing 1 containers.
2019-07-13 10:54:55,073 INFO  client.GrpcClientProtocolClient (GrpcClientProtocolClient.java:onNext(255)) - client-1EFA36B62135->05163c14-dd39-4dc4-aa39-e08c5dd740a1: receive RaftClientReply:client-1EFA36B62135->05163c14-dd39-4dc4-aa39-e08c5dd740a1@group-9A6E7982FFA1, cid=13, FAILED org.apache.ratis.protocol.NotLeaderException: Server 05163c14-dd39-4dc4-aa39-e08c5dd740a1 is not the leader (null). Request must be sent to leader., logIndex=0, commits[05163c14-dd39-4dc4-aa39-e08c5dd740a1:c-1]
2019-07-13 10:54:56,100 INFO  client.GrpcClientProtocolClient (GrpcClientProtocolClient.java:onNext(255)) - client-1EFA36B62135->feed7459-8793-41ee-a6e8-fa0af703bfe4: receive RaftClientReply:client-1EFA36B62135->feed7459-8793-41ee-a6e8-fa0af703bfe4@group-9A6E7982FFA1, cid=13, FAILED org.apache.ratis.protocol.NotLeaderException: Server feed7459-8793-41ee-a6e8-fa0af703bfe4 is not the leader (null). Request must be sent to leader., logIndex=0, commits[feed7459-8793-41ee-a6e8-fa0af703bfe4:c-1]
2019-07-13 10:54:57,125 INFO  client.GrpcClientProtocolClient (GrpcClientProtocolClient.java:onNext(255)) - client-1EFA36B62135->05163c14-dd39-4dc4-aa39-e08c5dd740a1: receive RaftClientReply:client-1EFA36B62135->05163c14-dd39-4dc4-aa39-e08c5dd740a1@group-9A6E7982FFA1, cid=13, FAILED org.apache.ratis.protocol.NotLeaderException: Server 05163c14-dd39-4dc4-aa39-e08c5dd740a1 is not the leader (null). Request must be sent to leader., logIndex=0, commits[05163c14-dd39-4dc4-aa39-e08c5dd740a1:c-1]
2019-07-13 10:54:57,949 INFO  impl.FollowerState (FollowerState.java:run(106)) - b49fed3d-6ad5-45db-8d40-200294b49516:group-3FEAF91C640E changes to CANDIDATE, lastRpcTime:5031, electionTimeout:5030ms
2019-07-13 10:54:57,950 INFO  impl.RoleInfo (RoleInfo.java:shutdownFollowerState(121)) - b49fed3d-6ad5-45db-8d40-200294b49516: shutdown FollowerState
2019-07-13 10:54:57,950 INFO  impl.RaftServerImpl (RaftServerImpl.java:setRole(171)) - b49fed3d-6ad5-45db-8d40-200294b49516:group-3FEAF91C640E changes role from FOLLOWER to CANDIDATE at term 0 for changeToCandidate
2019-07-13 10:54:57,957 INFO  impl.RoleInfo (RoleInfo.java:updateAndGet(143)) - b49fed3d-6ad5-45db-8d40-200294b49516: start LeaderElection
2019-07-13 10:54:57,979 INFO  impl.LeaderElection (LeaderElection.java:askForVotes(181)) - b49fed3d-6ad5-45db-8d40-200294b49516:group-3FEAF91C640E:LeaderElection1: begin an election at term 1 for -1: [b49fed3d-6ad5-45db-8d40-200294b49516:192.168.157.218:34691], old=null
2019-07-13 10:54:57,981 INFO  impl.RoleInfo (RoleInfo.java:shutdownLeaderElection(134)) - b49fed3d-6ad5-45db-8d40-200294b49516: shutdown LeaderElection
2019-07-13 10:54:57,982 INFO  impl.RaftServerImpl (RaftServerImpl.java:setRole(171)) - b49fed3d-6ad5-45db-8d40-200294b49516:group-3FEAF91C640E changes role from CANDIDATE to LEADER at term 1 for changeToLeader
2019-07-13 10:54:57,982 INFO  impl.RaftServerImpl (ServerState.java:setLeader(263)) - b49fed3d-6ad5-45db-8d40-200294b49516:group-3FEAF91C640E change Leader from null to b49fed3d-6ad5-45db-8d40-200294b49516 at term 1 for becomeLeader, leader elected after 5145ms
2019-07-13 10:54:57,992 INFO  server.RaftServerConfigKeys (ConfUtils.java:logGet(43)) - raft.server.staging.catchup.gap = 1000 (default)
2019-07-13 10:54:57,992 INFO  server.RaftServerConfigKeys (ConfUtils.java:logGet(43)) - raft.server.rpc.sleep.time = 25ms (default)
2019-07-13 10:54:57,996 INFO  server.RaftServerConfigKeys (ConfUtils.java:logGet(43)) - raft.server.write.element-limit = 4096 (default)
2019-07-13 10:54:57,999 INFO  server.RaftServerConfigKeys (ConfUtils.java:logGet(43)) - raft.server.watch.timeout = 10s (default)
2019-07-13 10:54:57,999 INFO  server.RaftServerConfigKeys (ConfUtils.java:logGet(43)) - raft.server.watch.timeout.denomination = 1s (default)
2019-07-13 10:54:58,000 INFO  server.RaftServerConfigKeys (ConfUtils.java:logGet(43)) - raft.server.watch.element-limit = 65536 (default)
2019-07-13 10:54:58,011 INFO  impl.RoleInfo (RoleInfo.java:updateAndGet(143)) - b49fed3d-6ad5-45db-8d40-200294b49516: start LeaderState
2019-07-13 10:54:58,050 INFO  segmented.SegmentedRaftLogWorker (SegmentedRaftLogWorker.java:startLogSegment(380)) - b49fed3d-6ad5-45db-8d40-200294b49516-SegmentedRaftLogWorker:Storage Directory /tmp/workdir/hadoop-ozone/integration-test/target/test-dir/MiniOzoneClusterImpl-73081f4f-9ae2-4d33-ba11-4a56a9691310/datanode-0/data/ratis/598d65e8-bcd5-45ab-9000-3feaf91c640e: Starting segment from index:0
2019-07-13 10:54:58,061 INFO  impl.RaftServerImpl (ServerState.java:setRaftConf(361)) - b49fed3d-6ad5-45db-8d40-200294b49516:group-3FEAF91C640E set configuration 0: [b49fed3d-6ad5-45db-8d40-200294b49516:192.168.157.218:34691], old=null at 0
2019-07-13 10:54:58,148 INFO  client.GrpcClientProtocolClient (GrpcClientProtocolClient.java:onNext(255)) - client-1EFA36B62135->feed7459-8793-41ee-a6e8-fa0af703bfe4: receive RaftClientReply:client-1EFA36B62135->feed7459-8793-41ee-a6e8-fa0af703bfe4@group-9A6E7982FFA1, cid=13, FAILED org.apache.ratis.protocol.NotLeaderException: Server feed7459-8793-41ee-a6e8-fa0af703bfe4 is not the leader (null). Request must be sent to leader., logIndex=0, commits[feed7459-8793-41ee-a6e8-fa0af703bfe4:c-1]
2019-07-13 10:54:58,172 WARN  io.KeyOutputStream (KeyOutputStream.java:handleException(276)) - Encountered exception java.io.IOException: Unexpected Storage Container Exception: java.util.concurrent.CompletionException: java.util.concurrent.CompletionException: org.apache.ratis.protocol.RaftRetryFailureException: Failed RaftClientRequest:client-1EFA36B62135->feed7459-8793-41ee-a6e8-fa0af703bfe4@group-9A6E7982FFA1, cid=13, seq=1*, RW, org.apache.hadoop.hdds.scm.XceiverClientRatis$$Lambda$309/674659751@2b85be04 for 5 attempts with RetryLimited(maxAttempts=5, sleepTime=1000ms) on the pipeline Pipeline[ Id: 55891829-f70c-4372-926b-9a6e7982ffa1, Nodes: feed7459-8793-41ee-a6e8-fa0af703bfe4{ip: 192.168.157.218, host: trunk-nightly-qcxv8-4293026562, networkLocation: /default-rack, certSerialId: null}05163c14-dd39-4dc4-aa39-e08c5dd740a1{ip: 192.168.157.218, host: trunk-nightly-qcxv8-4293026562, networkLocation: /default-rack, certSerialId: null}a0c8721f-0caa-470c-922a-9e42ec3d9e09{ip: 192.168.157.218, host: trunk-nightly-qcxv8-4293026562, networkLocation: /default-rack, certSerialId: null}, Type:RATIS, Factor:THREE, State:OPEN]. The last committed block length is 0, uncommitted data length is 400 retry count 0
2019-07-13 10:54:58,190 INFO  impl.FollowerState (FollowerState.java:run(106)) - 4ac572bd-f66b-47cf-ac30-cc649e4dd516:group-AD0B7FAD3CE9 changes to CANDIDATE, lastRpcTime:5059, electionTimeout:5056ms
2019-07-13 10:54:58,192 INFO  impl.RoleInfo (RoleInfo.java:shutdownFollowerState(121)) - 4ac572bd-f66b-47cf-ac30-cc649e4dd516: shutdown FollowerState
2019-07-13 10:54:58,192 INFO  impl.RaftServerImpl (RaftServerImpl.java:setRole(171)) - 4ac572bd-f66b-47cf-ac30-cc649e4dd516:group-AD0B7FAD3CE9 changes role from FOLLOWER to CANDIDATE at term 0 for changeToCandidate
2019-07-13 10:54:58,192 INFO  impl.RoleInfo (RoleInfo.java:updateAndGet(143)) - 4ac572bd-f66b-47cf-ac30-cc649e4dd516: start LeaderElection
2019-07-13 10:54:58,213 INFO  impl.LeaderElection (LeaderElection.java:askForVotes(181)) - 4ac572bd-f66b-47cf-ac30-cc649e4dd516:group-AD0B7FAD3CE9:LeaderElection2: begin an election at term 1 for -1: [4ac572bd-f66b-47cf-ac30-cc649e4dd516:192.168.157.218:36839], old=null
2019-07-13 10:54:58,217 INFO  impl.RoleInfo (RoleInfo.java:shutdownLeaderElection(134)) - 4ac572bd-f66b-47cf-ac30-cc649e4dd516: shutdown LeaderElection
2019-07-13 10:54:58,217 INFO  impl.RaftServerImpl (RaftServerImpl.java:setRole(171)) - 4ac572bd-f66b-47cf-ac30-cc649e4dd516:group-AD0B7FAD3CE9 changes role from CANDIDATE to LEADER at term 1 for changeToLeader
2019-07-13 10:54:58,217 INFO  impl.RaftServerImpl (ServerState.java:setLeader(263)) - 4ac572bd-f66b-47cf-ac30-cc649e4dd516:group-AD0B7FAD3CE9 change Leader from null to 4ac572bd-f66b-47cf-ac30-cc649e4dd516 at term 1 for becomeLeader, leader elected after 5094ms
2019-07-13 10:54:58,220 INFO  server.RaftServerConfigKeys (ConfUtils.java:logGet(43)) - raft.server.staging.catchup.gap = 1000 (default)
2019-07-13 10:54:58,220 INFO  server.RaftServerConfigKeys (ConfUtils.java:logGet(43)) - raft.server.rpc.sleep.time = 25ms (default)
2019-07-13 10:54:58,220 INFO  server.RaftServerConfigKeys (ConfUtils.java:logGet(43)) - raft.server.write.element-limit = 4096 (default)
2019-07-13 10:54:58,220 INFO  server.RaftServerConfigKeys (ConfUtils.java:logGet(43)) - raft.server.watch.timeout = 10s (default)
2019-07-13 10:54:58,220 INFO  server.RaftServerConfigKeys (ConfUtils.java:logGet(43)) - raft.server.watch.timeout.denomination = 1s (default)
2019-07-13 10:54:58,221 INFO  server.RaftServerConfigKeys (ConfUtils.java:logGet(43)) - raft.server.watch.element-limit = 65536 (default)
2019-07-13 10:54:58,221 INFO  impl.RoleInfo (RoleInfo.java:updateAndGet(143)) - 4ac572bd-f66b-47cf-ac30-cc649e4dd516: start LeaderState
2019-07-13 10:54:58,223 INFO  segmented.SegmentedRaftLogWorker (SegmentedRaftLogWorker.java:startLogSegment(380)) - 4ac572bd-f66b-47cf-ac30-cc649e4dd516-SegmentedRaftLogWorker:Storage Directory /tmp/workdir/hadoop-ozone/integration-test/target/test-dir/MiniOzoneClusterImpl-73081f4f-9ae2-4d33-ba11-4a56a9691310/datanode-5/data/ratis/209bc5fb-6935-4c83-aa18-ad0b7fad3ce9: Starting segment from index:0
2019-07-13 10:54:58,224 INFO  impl.RaftServerImpl (ServerState.java:setRaftConf(361)) - 4ac572bd-f66b-47cf-ac30-cc649e4dd516:group-AD0B7FAD3CE9 set configuration 0: [4ac572bd-f66b-47cf-ac30-cc649e4dd516:192.168.157.218:36839], old=null at 0
2019-07-13 10:54:58,236 INFO  client.GrpcClientProtocolClient (GrpcClientProtocolClient.java:onNext(255)) - client-3DDAB02FE7E8->4ac572bd-f66b-47cf-ac30-cc649e4dd516: receive RaftClientReply:client-3DDAB02FE7E8->4ac572bd-f66b-47cf-ac30-cc649e4dd516@group-CC5C6A852B54, cid=19, FAILED org.apache.ratis.protocol.NotLeaderException: Server 4ac572bd-f66b-47cf-ac30-cc649e4dd516 is not the leader (null). Request must be sent to leader., logIndex=0, commits[4ac572bd-f66b-47cf-ac30-cc649e4dd516:c-1]
2019-07-13 10:54:58,321 INFO  impl.FollowerState (FollowerState.java:run(106)) - feed7459-8793-41ee-a6e8-fa0af703bfe4:group-D3A1C8ECE70D changes to CANDIDATE, lastRpcTime:5089, electionTimeout:5089ms
2019-07-13 10:54:58,321 INFO  impl.RoleInfo (RoleInfo.java:shutdownFollowerState(121)) - feed7459-8793-41ee-a6e8-fa0af703bfe4: shutdown FollowerState
2019-07-13 10:54:58,321 INFO  impl.RaftServerImpl (RaftServerImpl.java:setRole(171)) - feed7459-8793-41ee-a6e8-fa0af703bfe4:group-D3A1C8ECE70D changes role from FOLLOWER to CANDIDATE at term 0 for changeToCandidate
2019-07-13 10:54:58,322 INFO  impl.RoleInfo (RoleInfo.java:updateAndGet(143)) - feed7459-8793-41ee-a6e8-fa0af703bfe4: start LeaderElection
2019-07-13 10:54:58,338 INFO  impl.FollowerState (FollowerState.java:run(106)) - 3d488355-9dd6-4fcb-aec3-dac8233e258f:group-2CAA55558C87 changes to CANDIDATE, lastRpcTime:5001, electionTimeout:5001ms
2019-07-13 10:54:58,338 INFO  impl.RoleInfo (RoleInfo.java:shutdownFollowerState(121)) - 3d488355-9dd6-4fcb-aec3-dac8233e258f: shutdown FollowerState
2019-07-13 10:54:58,338 INFO  impl.RaftServerImpl (RaftServerImpl.java:setRole(171)) - 3d488355-9dd6-4fcb-aec3-dac8233e258f:group-2CAA55558C87 changes role from FOLLOWER to CANDIDATE at term 0 for changeToCandidate
2019-07-13 10:54:58,338 INFO  impl.RoleInfo (RoleInfo.java:updateAndGet(143)) - 3d488355-9dd6-4fcb-aec3-dac8233e258f: start LeaderElection
2019-07-13 10:54:58,345 INFO  segmented.SegmentedRaftLogWorker (SegmentedRaftLogWorker.java:execute(569)) - b49fed3d-6ad5-45db-8d40-200294b49516-SegmentedRaftLogWorker:Storage Directory /tmp/workdir/hadoop-ozone/integration-test/target/test-dir/MiniOzoneClusterImpl-73081f4f-9ae2-4d33-ba11-4a56a9691310/datanode-0/data/ratis/598d65e8-bcd5-45ab-9000-3feaf91c640e: created new log segment /tmp/workdir/hadoop-ozone/integration-test/target/test-dir/MiniOzoneClusterImpl-73081f4f-9ae2-4d33-ba11-4a56a9691310/datanode-0/data/ratis/598d65e8-bcd5-45ab-9000-3feaf91c640e/current/log_inprogress_0
2019-07-13 10:54:58,345 INFO  segmented.SegmentedRaftLogWorker (SegmentedRaftLogWorker.java:execute(569)) - 4ac572bd-f66b-47cf-ac30-cc649e4dd516-SegmentedRaftLogWorker:Storage Directory /tmp/workdir/hadoop-ozone/integration-test/target/test-dir/MiniOzoneClusterImpl-73081f4f-9ae2-4d33-ba11-4a56a9691310/datanode-5/data/ratis/209bc5fb-6935-4c83-aa18-ad0b7fad3ce9: created new log segment /tmp/workdir/hadoop-ozone/integration-test/target/test-dir/MiniOzoneClusterImpl-73081f4f-9ae2-4d33-ba11-4a56a9691310/datanode-5/data/ratis/209bc5fb-6935-4c83-aa18-ad0b7fad3ce9/current/log_inprogress_0
2019-07-13 10:54:58,345 INFO  impl.LeaderElection (LeaderElection.java:askForVotes(181)) - feed7459-8793-41ee-a6e8-fa0af703bfe4:group-D3A1C8ECE70D:LeaderElection3: begin an election at term 1 for -1: [feed7459-8793-41ee-a6e8-fa0af703bfe4:192.168.157.218:38551], old=null
2019-07-13 10:54:58,347 INFO  impl.RoleInfo (RoleInfo.java:shutdownLeaderElection(134)) - feed7459-8793-41ee-a6e8-fa0af703bfe4: shutdown LeaderElection
2019-07-13 10:54:58,347 INFO  impl.RaftServerImpl (RaftServerImpl.java:setRole(171)) - feed7459-8793-41ee-a6e8-fa0af703bfe4:group-D3A1C8ECE70D changes role from CANDIDATE to LEADER at term 1 for changeToLeader
2019-07-13 10:54:58,347 INFO  impl.RaftServerImpl (ServerState.java:setLeader(263)) - feed7459-8793-41ee-a6e8-fa0af703bfe4:group-D3A1C8ECE70D change Leader from null to feed7459-8793-41ee-a6e8-fa0af703bfe4 at term 1 for becomeLeader, leader elected after 5120ms
2019-07-13 10:54:58,349 INFO  server.RaftServerConfigKeys (ConfUtils.java:logGet(43)) - raft.server.staging.catchup.gap = 1000 (default)
2019-07-13 10:54:58,350 INFO  server.RaftServerConfigKeys (ConfUtils.java:logGet(43)) - raft.server.rpc.sleep.time = 25ms (default)
2019-07-13 10:54:58,350 INFO  server.RaftServerConfigKeys (ConfUtils.java:logGet(43)) - raft.server.write.element-limit = 4096 (default)
2019-07-13 10:54:58,350 INFO  server.RaftServerConfigKeys (ConfUtils.java:logGet(43)) - raft.server.watch.timeout = 10s (default)
2019-07-13 10:54:58,350 INFO  server.RaftServerConfigKeys (ConfUtils.java:logGet(43)) - raft.server.watch.timeout.denomination = 1s (default)
2019-07-13 10:54:58,350 INFO  server.RaftServerConfigKeys (ConfUtils.java:logGet(43)) - raft.server.watch.element-limit = 65536 (default)
2019-07-13 10:54:58,351 INFO  impl.RoleInfo (RoleInfo.java:updateAndGet(143)) - feed7459-8793-41ee-a6e8-fa0af703bfe4: start LeaderState
2019-07-13 10:54:58,351 INFO  segmented.SegmentedRaftLogWorker (SegmentedRaftLogWorker.java:startLogSegment(380)) - feed7459-8793-41ee-a6e8-fa0af703bfe4-SegmentedRaftLogWorker:Storage Directory /tmp/workdir/hadoop-ozone/integration-test/target/test-dir/MiniOzoneClusterImpl-73081f4f-9ae2-4d33-ba11-4a56a9691310/datanode-4/data/ratis/f1fc12e5-2c97-40a3-8931-d3a1c8ece70d: Starting segment from index:0
2019-07-13 10:54:58,352 INFO  impl.RaftServerImpl (ServerState.java:setRaftConf(361)) - feed7459-8793-41ee-a6e8-fa0af703bfe4:group-D3A1C8ECE70D set configuration 0: [feed7459-8793-41ee-a6e8-fa0af703bfe4:192.168.157.218:38551], old=null at 0
2019-07-13 10:54:58,370 INFO  impl.LeaderElection (LeaderElection.java:askForVotes(181)) - 3d488355-9dd6-4fcb-aec3-dac8233e258f:group-2CAA55558C87:LeaderElection4: begin an election at term 1 for -1: [3d488355-9dd6-4fcb-aec3-dac8233e258f:192.168.157.218:33234], old=null
2019-07-13 10:54:58,372 INFO  segmented.SegmentedRaftLogWorker (SegmentedRaftLogWorker.java:execute(569)) - feed7459-8793-41ee-a6e8-fa0af703bfe4-SegmentedRaftLogWorker:Storage Directory /tmp/workdir/hadoop-ozone/integration-test/target/test-dir/MiniOzoneClusterImpl-73081f4f-9ae2-4d33-ba11-4a56a9691310/datanode-4/data/ratis/f1fc12e5-2c97-40a3-8931-d3a1c8ece70d: created new log segment /tmp/workdir/hadoop-ozone/integration-test/target/test-dir/MiniOzoneClusterImpl-73081f4f-9ae2-4d33-ba11-4a56a9691310/datanode-4/data/ratis/f1fc12e5-2c97-40a3-8931-d3a1c8ece70d/current/log_inprogress_0
2019-07-13 10:54:58,372 INFO  impl.RoleInfo (RoleInfo.java:shutdownLeaderElection(134)) - 3d488355-9dd6-4fcb-aec3-dac8233e258f: shutdown LeaderElection
2019-07-13 10:54:58,373 INFO  impl.RaftServerImpl (RaftServerImpl.java:setRole(171)) - 3d488355-9dd6-4fcb-aec3-dac8233e258f:group-2CAA55558C87 changes role from CANDIDATE to LEADER at term 1 for changeToLeader
2019-07-13 10:54:58,373 INFO  impl.RaftServerImpl (ServerState.java:setLeader(263)) - 3d488355-9dd6-4fcb-aec3-dac8233e258f:group-2CAA55558C87 change Leader from null to 3d488355-9dd6-4fcb-aec3-dac8233e258f at term 1 for becomeLeader, leader elected after 5041ms
2019-07-13 10:54:58,375 INFO  server.RaftServerConfigKeys (ConfUtils.java:logGet(43)) - raft.server.staging.catchup.gap = 1000 (default)
2019-07-13 10:54:58,375 INFO  server.RaftServerConfigKeys (ConfUtils.java:logGet(43)) - raft.server.rpc.sleep.time = 25ms (default)
2019-07-13 10:54:58,375 INFO  server.RaftServerConfigKeys (ConfUtils.java:logGet(43)) - raft.server.write.element-limit = 4096 (default)
2019-07-13 10:54:58,375 INFO  server.RaftServerConfigKeys (ConfUtils.java:logGet(43)) - raft.server.watch.timeout = 10s (default)
2019-07-13 10:54:58,376 INFO  server.RaftServerConfigKeys (ConfUtils.java:logGet(43)) - raft.server.watch.timeout.denomination = 1s (default)
2019-07-13 10:54:58,376 INFO  server.RaftServerConfigKeys (ConfUtils.java:logGet(43)) - raft.server.watch.element-limit = 65536 (default)
2019-07-13 10:54:58,376 INFO  impl.RoleInfo (RoleInfo.java:updateAndGet(143)) - 3d488355-9dd6-4fcb-aec3-dac8233e258f: start LeaderState
2019-07-13 10:54:58,376 INFO  segmented.SegmentedRaftLogWorker (SegmentedRaftLogWorker.java:startLogSegment(380)) - 3d488355-9dd6-4fcb-aec3-dac8233e258f-SegmentedRaftLogWorker:Storage Directory /tmp/workdir/hadoop-ozone/integration-test/target/test-dir/MiniOzoneClusterImpl-73081f4f-9ae2-4d33-ba11-4a56a9691310/datanode-6/data/ratis/7e2819ec-f87c-45a7-b9bf-2caa55558c87: Starting segment from index:0
2019-07-13 10:54:58,377 INFO  impl.RaftServerImpl (ServerState.java:setRaftConf(361)) - 3d488355-9dd6-4fcb-aec3-dac8233e258f:group-2CAA55558C87 set configuration 0: [3d488355-9dd6-4fcb-aec3-dac8233e258f:192.168.157.218:33234], old=null at 0
2019-07-13 10:54:58,423 INFO  segmented.SegmentedRaftLogWorker (SegmentedRaftLogWorker.java:execute(569)) - 3d488355-9dd6-4fcb-aec3-dac8233e258f-SegmentedRaftLogWorker:Storage Directory /tmp/workdir/hadoop-ozone/integration-test/target/test-dir/MiniOzoneClusterImpl-73081f4f-9ae2-4d33-ba11-4a56a9691310/datanode-6/data/ratis/7e2819ec-f87c-45a7-b9bf-2caa55558c87: created new log segment /tmp/workdir/hadoop-ozone/integration-test/target/test-dir/MiniOzoneClusterImpl-73081f4f-9ae2-4d33-ba11-4a56a9691310/datanode-6/data/ratis/7e2819ec-f87c-45a7-b9bf-2caa55558c87/current/log_inprogress_0
2019-07-13 10:54:58,450 INFO  impl.FollowerState (FollowerState.java:run(106)) - 05163c14-dd39-4dc4-aa39-e08c5dd740a1:group-402825E22ABC changes to CANDIDATE, lastRpcTime:5027, electionTimeout:5027ms
2019-07-13 10:54:58,451 INFO  impl.RoleInfo (RoleInfo.java:shutdownFollowerState(121)) - 05163c14-dd39-4dc4-aa39-e08c5dd740a1: shutdown FollowerState
2019-07-13 10:54:58,451 INFO  impl.RaftServerImpl (RaftServerImpl.java:setRole(171)) - 05163c14-dd39-4dc4-aa39-e08c5dd740a1:group-402825E22ABC changes role from FOLLOWER to CANDIDATE at term 0 for changeToCandidate
2019-07-13 10:54:58,451 INFO  impl.RoleInfo (RoleInfo.java:updateAndGet(143)) - 05163c14-dd39-4dc4-aa39-e08c5dd740a1: start LeaderElection
2019-07-13 10:54:58,469 INFO  impl.LeaderElection (LeaderElection.java:askForVotes(181)) - 05163c14-dd39-4dc4-aa39-e08c5dd740a1:group-402825E22ABC:LeaderElection5: begin an election at term 1 for -1: [05163c14-dd39-4dc4-aa39-e08c5dd740a1:192.168.157.218:42824], old=null
2019-07-13 10:54:58,480 INFO  impl.RoleInfo (RoleInfo.java:shutdownLeaderElection(134)) - 05163c14-dd39-4dc4-aa39-e08c5dd740a1: shutdown LeaderElection
2019-07-13 10:54:58,480 INFO  impl.RaftServerImpl (RaftServerImpl.java:setRole(171)) - 05163c14-dd39-4dc4-aa39-e08c5dd740a1:group-402825E22ABC changes role from CANDIDATE to LEADER at term 1 for changeToLeader
2019-07-13 10:54:58,480 INFO  impl.RaftServerImpl (ServerState.java:setLeader(263)) - 05163c14-dd39-4dc4-aa39-e08c5dd740a1:group-402825E22ABC change Leader from null to 05163c14-dd39-4dc4-aa39-e08c5dd740a1 at term 1 for becomeLeader, leader elected after 5062ms
2019-07-13 10:54:58,482 INFO  server.RaftServerConfigKeys (ConfUtils.java:logGet(43)) - raft.server.staging.catchup.gap = 1000 (default)
2019-07-13 10:54:58,482 INFO  server.RaftServerConfigKeys (ConfUtils.java:logGet(43)) - raft.server.rpc.sleep.time = 25ms (default)
2019-07-13 10:54:58,482 INFO  server.RaftServerConfigKeys (ConfUtils.java:logGet(43)) - raft.server.write.element-limit = 4096 (default)
2019-07-13 10:54:58,483 INFO  server.RaftServerConfigKeys (ConfUtils.java:logGet(43)) - raft.server.watch.timeout = 10s (default)
2019-07-13 10:54:58,483 INFO  server.RaftServerConfigKeys (ConfUtils.java:logGet(43)) - raft.server.watch.timeout.denomination = 1s (default)
2019-07-13 10:54:58,483 INFO  server.RaftServerConfigKeys (ConfUtils.java:logGet(43)) - raft.server.watch.element-limit = 65536 (default)
2019-07-13 10:54:58,483 INFO  impl.RoleInfo (RoleInfo.java:updateAndGet(143)) - 05163c14-dd39-4dc4-aa39-e08c5dd740a1: start LeaderState
2019-07-13 10:54:58,484 INFO  segmented.SegmentedRaftLogWorker (SegmentedRaftLogWorker.java:startLogSegment(380)) - 05163c14-dd39-4dc4-aa39-e08c5dd740a1-SegmentedRaftLogWorker:Storage Directory /tmp/workdir/hadoop-ozone/integration-test/target/test-dir/MiniOzoneClusterImpl-73081f4f-9ae2-4d33-ba11-4a56a9691310/datanode-3/data/ratis/91d30797-1abd-490d-8718-402825e22abc: Starting segment from index:0
2019-07-13 10:54:58,484 INFO  impl.RaftServerImpl (ServerState.java:setRaftConf(361)) - 05163c14-dd39-4dc4-aa39-e08c5dd740a1:group-402825E22ABC set configuration 0: [05163c14-dd39-4dc4-aa39-e08c5dd740a1:192.168.157.218:42824], old=null at 0
2019-07-13 10:54:58,512 INFO  segmented.SegmentedRaftLogWorker (SegmentedRaftLogWorker.java:execute(569)) - 05163c14-dd39-4dc4-aa39-e08c5dd740a1-SegmentedRaftLogWorker:Storage Directory /tmp/workdir/hadoop-ozone/integration-test/target/test-dir/MiniOzoneClusterImpl-73081f4f-9ae2-4d33-ba11-4a56a9691310/datanode-3/data/ratis/91d30797-1abd-490d-8718-402825e22abc: created new log segment /tmp/workdir/hadoop-ozone/integration-test/target/test-dir/MiniOzoneClusterImpl-73081f4f-9ae2-4d33-ba11-4a56a9691310/datanode-3/data/ratis/91d30797-1abd-490d-8718-402825e22abc/current/log_inprogress_0
2019-07-13 10:54:58,634 INFO  impl.FollowerState (FollowerState.java:run(106)) - a0c8721f-0caa-470c-922a-9e42ec3d9e09:group-6C4A01CE42F9 changes to CANDIDATE, lastRpcTime:5136, electionTimeout:5136ms
2019-07-13 10:54:58,634 INFO  impl.RoleInfo (RoleInfo.java:shutdownFollowerState(121)) - a0c8721f-0caa-470c-922a-9e42ec3d9e09: shutdown FollowerState
2019-07-13 10:54:58,635 INFO  impl.RaftServerImpl (RaftServerImpl.java:setRole(171)) - a0c8721f-0caa-470c-922a-9e42ec3d9e09:group-6C4A01CE42F9 changes role from FOLLOWER to CANDIDATE at term 0 for changeToCandidate
2019-07-13 10:54:58,635 INFO  impl.RoleInfo (RoleInfo.java:updateAndGet(143)) - a0c8721f-0caa-470c-922a-9e42ec3d9e09: start LeaderElection
2019-07-13 10:54:58,641 INFO  impl.FollowerState (FollowerState.java:run(106)) - d68afebe-d380-4188-94b5-9183ec6966be:group-D376BF81DACF changes to CANDIDATE, lastRpcTime:5064, electionTimeout:5064ms
2019-07-13 10:54:58,643 INFO  impl.RoleInfo (RoleInfo.java:shutdownFollowerState(121)) - d68afebe-d380-4188-94b5-9183ec6966be: shutdown FollowerState
2019-07-13 10:54:58,643 INFO  impl.RaftServerImpl (RaftServerImpl.java:setRole(171)) - d68afebe-d380-4188-94b5-9183ec6966be:group-D376BF81DACF changes role from FOLLOWER to CANDIDATE at term 0 for changeToCandidate
2019-07-13 10:54:58,643 INFO  impl.RoleInfo (RoleInfo.java:updateAndGet(143)) - d68afebe-d380-4188-94b5-9183ec6966be: start LeaderElection
2019-07-13 10:54:58,653 INFO  impl.LeaderElection (LeaderElection.java:askForVotes(181)) - a0c8721f-0caa-470c-922a-9e42ec3d9e09:group-6C4A01CE42F9:LeaderElection6: begin an election at term 1 for -1: [a0c8721f-0caa-470c-922a-9e42ec3d9e09:192.168.157.218:44695], old=null
2019-07-13 10:54:58,653 INFO  impl.LeaderElection (LeaderElection.java:askForVotes(181)) - d68afebe-d380-4188-94b5-9183ec6966be:group-D376BF81DACF:LeaderElection7: begin an election at term 1 for -1: [d68afebe-d380-4188-94b5-9183ec6966be:192.168.157.218:41879], old=null
2019-07-13 10:54:58,653 INFO  impl.RoleInfo (RoleInfo.java:shutdownLeaderElection(134)) - a0c8721f-0caa-470c-922a-9e42ec3d9e09: shutdown LeaderElection
2019-07-13 10:54:58,654 INFO  impl.RoleInfo (RoleInfo.java:shutdownLeaderElection(134)) - d68afebe-d380-4188-94b5-9183ec6966be: shutdown LeaderElection
2019-07-13 10:54:58,654 INFO  impl.RaftServerImpl (RaftServerImpl.java:setRole(171)) - a0c8721f-0caa-470c-922a-9e42ec3d9e09:group-6C4A01CE42F9 changes role from CANDIDATE to LEADER at term 1 for changeToLeader
2019-07-13 10:54:58,654 INFO  impl.RaftServerImpl (RaftServerImpl.java:setRole(171)) - d68afebe-d380-4188-94b5-9183ec6966be:group-D376BF81DACF changes role from CANDIDATE to LEADER at term 1 for changeToLeader
2019-07-13 10:54:58,654 INFO  impl.RaftServerImpl (ServerState.java:setLeader(263)) - a0c8721f-0caa-470c-922a-9e42ec3d9e09:group-6C4A01CE42F9 change Leader from null to a0c8721f-0caa-470c-922a-9e42ec3d9e09 at term 1 for becomeLeader, leader elected after 5161ms
2019-07-13 10:54:58,654 INFO  impl.RaftServerImpl (ServerState.java:setLeader(263)) - d68afebe-d380-4188-94b5-9183ec6966be:group-D376BF81DACF change Leader from null to d68afebe-d380-4188-94b5-9183ec6966be at term 1 for becomeLeader, leader elected after 5082ms
2019-07-13 10:54:58,656 INFO  server.RaftServerConfigKeys (ConfUtils.java:logGet(43)) - raft.server.staging.catchup.gap = 1000 (default)
2019-07-13 10:54:58,658 INFO  server.RaftServerConfigKeys (ConfUtils.java:logGet(43)) - raft.server.staging.catchup.gap = 1000 (default)
2019-07-13 10:54:58,658 INFO  server.RaftServerConfigKeys (ConfUtils.java:logGet(43)) - raft.server.rpc.sleep.time = 25ms (default)
2019-07-13 10:54:58,658 INFO  server.RaftServerConfigKeys (ConfUtils.java:logGet(43)) - raft.server.rpc.sleep.time = 25ms (default)
2019-07-13 10:54:58,658 INFO  server.RaftServerConfigKeys (ConfUtils.java:logGet(43)) - raft.server.write.element-limit = 4096 (default)
2019-07-13 10:54:58,659 INFO  server.RaftServerConfigKeys (ConfUtils.java:logGet(43)) - raft.server.write.element-limit = 4096 (default)
2019-07-13 10:54:58,659 INFO  server.RaftServerConfigKeys (ConfUtils.java:logGet(43)) - raft.server.watch.timeout = 10s (default)
2019-07-13 10:54:58,659 INFO  server.RaftServerConfigKeys (ConfUtils.java:logGet(43)) - raft.server.watch.timeout = 10s (default)
2019-07-13 10:54:58,659 INFO  server.RaftServerConfigKeys (ConfUtils.java:logGet(43)) - raft.server.watch.timeout.denomination = 1s (default)
2019-07-13 10:54:58,659 INFO  server.RaftServerConfigKeys (ConfUtils.java:logGet(43)) - raft.server.watch.timeout.denomination = 1s (default)
2019-07-13 10:54:58,659 INFO  server.RaftServerConfigKeys (ConfUtils.java:logGet(43)) - raft.server.watch.element-limit = 65536 (default)
2019-07-13 10:54:58,659 INFO  server.RaftServerConfigKeys (ConfUtils.java:logGet(43)) - raft.server.watch.element-limit = 65536 (default)
2019-07-13 10:54:58,660 INFO  impl.RoleInfo (RoleInfo.java:updateAndGet(143)) - a0c8721f-0caa-470c-922a-9e42ec3d9e09: start LeaderState
2019-07-13 10:54:58,660 INFO  impl.RoleInfo (RoleInfo.java:updateAndGet(143)) - d68afebe-d380-4188-94b5-9183ec6966be: start LeaderState
2019-07-13 10:54:58,660 INFO  segmented.SegmentedRaftLogWorker (SegmentedRaftLogWorker.java:startLogSegment(380)) - a0c8721f-0caa-470c-922a-9e42ec3d9e09-SegmentedRaftLogWorker:Storage Directory /tmp/workdir/hadoop-ozone/integration-test/target/test-dir/MiniOzoneClusterImpl-73081f4f-9ae2-4d33-ba11-4a56a9691310/datanode-1/data/ratis/83471a1f-7172-47bb-b577-6c4a01ce42f9: Starting segment from index:0
2019-07-13 10:54:58,660 INFO  segmented.SegmentedRaftLogWorker (SegmentedRaftLogWorker.java:startLogSegment(380)) - d68afebe-d380-4188-94b5-9183ec6966be-SegmentedRaftLogWorker:Storage Directory /tmp/workdir/hadoop-ozone/integration-test/target/test-dir/MiniOzoneClusterImpl-73081f4f-9ae2-4d33-ba11-4a56a9691310/datanode-2/data/ratis/aaf2d778-3b92-413b-b8a6-d376bf81dacf: Starting segment from index:0
2019-07-13 10:54:58,661 INFO  impl.RaftServerImpl (ServerState.java:setRaftConf(361)) - a0c8721f-0caa-470c-922a-9e42ec3d9e09:group-6C4A01CE42F9 set configuration 0: [a0c8721f-0caa-470c-922a-9e42ec3d9e09:192.168.157.218:44695], old=null at 0
2019-07-13 10:54:58,678 INFO  impl.RaftServerImpl (ServerState.java:setRaftConf(361)) - d68afebe-d380-4188-94b5-9183ec6966be:group-D376BF81DACF set configuration 0: [d68afebe-d380-4188-94b5-9183ec6966be:192.168.157.218:41879], old=null at 0
2019-07-13 10:54:58,699 INFO  segmented.SegmentedRaftLogWorker (SegmentedRaftLogWorker.java:execute(569)) - a0c8721f-0caa-470c-922a-9e42ec3d9e09-SegmentedRaftLogWorker:Storage Directory /tmp/workdir/hadoop-ozone/integration-test/target/test-dir/MiniOzoneClusterImpl-73081f4f-9ae2-4d33-ba11-4a56a9691310/datanode-1/data/ratis/83471a1f-7172-47bb-b577-6c4a01ce42f9: created new log segment /tmp/workdir/hadoop-ozone/integration-test/target/test-dir/MiniOzoneClusterImpl-73081f4f-9ae2-4d33-ba11-4a56a9691310/datanode-1/data/ratis/83471a1f-7172-47bb-b577-6c4a01ce42f9/current/log_inprogress_0
2019-07-13 10:54:58,712 INFO  segmented.SegmentedRaftLogWorker (SegmentedRaftLogWorker.java:execute(569)) - d68afebe-d380-4188-94b5-9183ec6966be-SegmentedRaftLogWorker:Storage Directory /tmp/workdir/hadoop-ozone/integration-test/target/test-dir/MiniOzoneClusterImpl-73081f4f-9ae2-4d33-ba11-4a56a9691310/datanode-2/data/ratis/aaf2d778-3b92-413b-b8a6-d376bf81dacf: created new log segment /tmp/workdir/hadoop-ozone/integration-test/target/test-dir/MiniOzoneClusterImpl-73081f4f-9ae2-4d33-ba11-4a56a9691310/datanode-2/data/ratis/aaf2d778-3b92-413b-b8a6-d376bf81dacf/current/log_inprogress_0
2019-07-13 10:54:58,760 INFO  impl.FollowerState (FollowerState.java:run(106)) - b49fed3d-6ad5-45db-8d40-200294b49516:group-CC5C6A852B54 changes to CANDIDATE, lastRpcTime:5052, electionTimeout:5050ms
2019-07-13 10:54:58,763 INFO  impl.RoleInfo (RoleInfo.java:shutdownFollowerState(121)) - b49fed3d-6ad5-45db-8d40-200294b49516: shutdown FollowerState
2019-07-13 10:54:58,763 INFO  impl.RaftServerImpl (RaftServerImpl.java:setRole(171)) - b49fed3d-6ad5-45db-8d40-200294b49516:group-CC5C6A852B54 changes role from FOLLOWER to CANDIDATE at term 0 for changeToCandidate
2019-07-13 10:54:58,764 INFO  impl.RoleInfo (RoleInfo.java:updateAndGet(143)) - b49fed3d-6ad5-45db-8d40-200294b49516: start LeaderElection
2019-07-13 10:54:58,784 INFO  impl.LeaderElection (LeaderElection.java:askForVotes(181)) - b49fed3d-6ad5-45db-8d40-200294b49516:group-CC5C6A852B54:LeaderElection8: begin an election at term 1 for -1: [3d488355-9dd6-4fcb-aec3-dac8233e258f:192.168.157.218:33234, b49fed3d-6ad5-45db-8d40-200294b49516:192.168.157.218:34691, 4ac572bd-f66b-47cf-ac30-cc649e4dd516:192.168.157.218:36839], old=null
2019-07-13 10:54:58,793 INFO  impl.FollowerState (FollowerState.java:run(106)) - 3d488355-9dd6-4fcb-aec3-dac8233e258f:group-CC5C6A852B54 changes to CANDIDATE, lastRpcTime:5091, electionTimeout:5091ms
2019-07-13 10:54:58,794 INFO  impl.RoleInfo (RoleInfo.java:shutdownFollowerState(121)) - 3d488355-9dd6-4fcb-aec3-dac8233e258f: shutdown FollowerState
2019-07-13 10:54:58,794 INFO  impl.RaftServerImpl (RaftServerImpl.java:setRole(171)) - 3d488355-9dd6-4fcb-aec3-dac8233e258f:group-CC5C6A852B54 changes role from FOLLOWER to CANDIDATE at term 0 for changeToCandidate
2019-07-13 10:54:58,794 INFO  impl.RoleInfo (RoleInfo.java:updateAndGet(143)) - 3d488355-9dd6-4fcb-aec3-dac8233e258f: start LeaderElection
2019-07-13 10:54:58,815 INFO  impl.LeaderElection (LeaderElection.java:askForVotes(181)) - 3d488355-9dd6-4fcb-aec3-dac8233e258f:group-CC5C6A852B54:LeaderElection9: begin an election at term 1 for -1: [3d488355-9dd6-4fcb-aec3-dac8233e258f:192.168.157.218:33234, b49fed3d-6ad5-45db-8d40-200294b49516:192.168.157.218:34691, 4ac572bd-f66b-47cf-ac30-cc649e4dd516:192.168.157.218:36839], old=null
2019-07-13 10:54:58,825 INFO  impl.RaftServerImpl (RaftServerImpl.java:setRole(171)) - 4ac572bd-f66b-47cf-ac30-cc649e4dd516:group-CC5C6A852B54 changes role from FOLLOWER to FOLLOWER at term 1 for recognizeCandidate:b49fed3d-6ad5-45db-8d40-200294b49516
2019-07-13 10:54:58,826 INFO  impl.RoleInfo (RoleInfo.java:shutdownFollowerState(121)) - 4ac572bd-f66b-47cf-ac30-cc649e4dd516: shutdown FollowerState
2019-07-13 10:54:58,826 INFO  impl.RoleInfo (RoleInfo.java:updateAndGet(143)) - 4ac572bd-f66b-47cf-ac30-cc649e4dd516: start FollowerState
2019-07-13 10:54:58,826 INFO  impl.FollowerState (FollowerState.java:run(114)) - 4ac572bd-f66b-47cf-ac30-cc649e4dd516: FollowerState was interrupted: java.lang.InterruptedException: sleep interrupted
2019-07-13 10:54:58,837 INFO  impl.FollowerState (FollowerState.java:run(106)) - 05163c14-dd39-4dc4-aa39-e08c5dd740a1:group-9A6E7982FFA1 changes to CANDIDATE, lastRpcTime:5006, electionTimeout:5005ms
2019-07-13 10:54:58,837 INFO  impl.RoleInfo (RoleInfo.java:shutdownFollowerState(121)) - 05163c14-dd39-4dc4-aa39-e08c5dd740a1: shutdown FollowerState
2019-07-13 10:54:58,837 INFO  impl.RaftServerImpl (RaftServerImpl.java:setRole(171)) - 05163c14-dd39-4dc4-aa39-e08c5dd740a1:group-9A6E7982FFA1 changes role from FOLLOWER to CANDIDATE at term 0 for changeToCandidate
2019-07-13 10:54:58,837 INFO  impl.RoleInfo (RoleInfo.java:updateAndGet(143)) - 05163c14-dd39-4dc4-aa39-e08c5dd740a1: start LeaderElection
2019-07-13 10:54:58,858 INFO  impl.LeaderElection (LeaderElection.java:askForVotes(181)) - 05163c14-dd39-4dc4-aa39-e08c5dd740a1:group-9A6E7982FFA1:LeaderElection10: begin an election at term 1 for -1: [a0c8721f-0caa-470c-922a-9e42ec3d9e09:192.168.157.218:44695, feed7459-8793-41ee-a6e8-fa0af703bfe4:192.168.157.218:38551, 05163c14-dd39-4dc4-aa39-e08c5dd740a1:192.168.157.218:42824], old=null
2019-07-13 10:54:58,861 INFO  impl.FollowerState (FollowerState.java:run(106)) - feed7459-8793-41ee-a6e8-fa0af703bfe4:group-9A6E7982FFA1 changes to CANDIDATE, lastRpcTime:5032, electionTimeout:5031ms
2019-07-13 10:54:58,861 INFO  impl.RoleInfo (RoleInfo.java:shutdownFollowerState(121)) - feed7459-8793-41ee-a6e8-fa0af703bfe4: shutdown FollowerState
2019-07-13 10:54:58,861 INFO  impl.RaftServerImpl (RaftServerImpl.java:setRole(171)) - feed7459-8793-41ee-a6e8-fa0af703bfe4:group-9A6E7982FFA1 changes role from FOLLOWER to CANDIDATE at term 0 for changeToCandidate
2019-07-13 10:54:58,864 INFO  impl.RoleInfo (RoleInfo.java:updateAndGet(143)) - feed7459-8793-41ee-a6e8-fa0af703bfe4: start LeaderElection
2019-07-13 10:54:58,872 INFO  impl.LeaderElection (LeaderElection.java:logAndReturn(56)) - b49fed3d-6ad5-45db-8d40-200294b49516:group-CC5C6A852B54:LeaderElection8: Election PASSED; received 2 response(s) [b49fed3d-6ad5-45db-8d40-200294b49516<-3d488355-9dd6-4fcb-aec3-dac8233e258f#0:FAIL-t1, b49fed3d-6ad5-45db-8d40-200294b49516<-4ac572bd-f66b-47cf-ac30-cc649e4dd516#0:OK-t1] and 0 exception(s); b49fed3d-6ad5-45db-8d40-200294b49516:t1, leader=null, voted=b49fed3d-6ad5-45db-8d40-200294b49516, raftlog=b49fed3d-6ad5-45db-8d40-200294b49516-SegmentedRaftLog:OPENED:c-1,f-1,i0, conf=-1: [3d488355-9dd6-4fcb-aec3-dac8233e258f:192.168.157.218:33234, b49fed3d-6ad5-45db-8d40-200294b49516:192.168.157.218:34691, 4ac572bd-f66b-47cf-ac30-cc649e4dd516:192.168.157.218:36839], old=null
2019-07-13 10:54:58,872 INFO  impl.LeaderElection (LeaderElection.java:logAndReturn(56)) - 3d488355-9dd6-4fcb-aec3-dac8233e258f:group-CC5C6A852B54:LeaderElection9: Election REJECTED; received 2 response(s) [3d488355-9dd6-4fcb-aec3-dac8233e258f<-b49fed3d-6ad5-45db-8d40-200294b49516#0:FAIL-t1, 3d488355-9dd6-4fcb-aec3-dac8233e258f<-4ac572bd-f66b-47cf-ac30-cc649e4dd516#0:FAIL-t1] and 0 exception(s); 3d488355-9dd6-4fcb-aec3-dac8233e258f:t1, leader=null, voted=3d488355-9dd6-4fcb-aec3-dac8233e258f, raftlog=3d488355-9dd6-4fcb-aec3-dac8233e258f-SegmentedRaftLog:OPENED:c-1,f-1,i0, conf=-1: [3d488355-9dd6-4fcb-aec3-dac8233e258f:192.168.157.218:33234, b49fed3d-6ad5-45db-8d40-200294b49516:192.168.157.218:34691, 4ac572bd-f66b-47cf-ac30-cc649e4dd516:192.168.157.218:36839], old=null
2019-07-13 10:54:58,872 INFO  impl.RoleInfo (RoleInfo.java:shutdownLeaderElection(134)) - b49fed3d-6ad5-45db-8d40-200294b49516: shutdown LeaderElection
2019-07-13 10:54:58,878 INFO  impl.RaftServerImpl (RaftServerImpl.java:setRole(171)) - 3d488355-9dd6-4fcb-aec3-dac8233e258f:group-CC5C6A852B54 changes role from CANDIDATE to FOLLOWER at term 1 for DISCOVERED_A_NEW_TERM
2019-07-13 10:54:58,878 INFO  impl.RaftServerImpl (RaftServerImpl.java:setRole(171)) - b49fed3d-6ad5-45db-8d40-200294b49516:group-CC5C6A852B54 changes role from CANDIDATE to LEADER at term 1 for changeToLeader
2019-07-13 10:54:58,881 INFO  impl.RaftServerImpl (ServerState.java:setLeader(263)) - b49fed3d-6ad5-45db-8d40-200294b49516:group-CC5C6A852B54 change Leader from null to b49fed3d-6ad5-45db-8d40-200294b49516 at term 1 for becomeLeader, leader elected after 5193ms
2019-07-13 10:54:58,879 INFO  impl.RoleInfo (RoleInfo.java:shutdownLeaderElection(134)) - 3d488355-9dd6-4fcb-aec3-dac8233e258f: shutdown LeaderElection
2019-07-13 10:54:58,881 INFO  server.RaftServerConfigKeys (ConfUtils.java:logGet(43)) - raft.server.staging.catchup.gap = 1000 (default)
2019-07-13 10:54:58,883 INFO  impl.RoleInfo (RoleInfo.java:updateAndGet(143)) - 3d488355-9dd6-4fcb-aec3-dac8233e258f: start FollowerState
2019-07-13 10:54:58,883 INFO  server.RaftServerConfigKeys (ConfUtils.java:logGet(43)) - raft.server.rpc.sleep.time = 25ms (default)
2019-07-13 10:54:58,883 INFO  impl.LeaderElection (LeaderElection.java:askForVotes(181)) - feed7459-8793-41ee-a6e8-fa0af703bfe4:group-9A6E7982FFA1:LeaderElection11: begin an election at term 1 for -1: [a0c8721f-0caa-470c-922a-9e42ec3d9e09:192.168.157.218:44695, feed7459-8793-41ee-a6e8-fa0af703bfe4:192.168.157.218:38551, 05163c14-dd39-4dc4-aa39-e08c5dd740a1:192.168.157.218:42824], old=null
2019-07-13 10:54:58,884 INFO  server.RaftServerConfigKeys (ConfUtils.java:logGet(43)) - raft.server.write.element-limit = 4096 (default)
2019-07-13 10:54:58,884 INFO  impl.RaftServerImpl (RaftServerImpl.java:setRole(171)) - a0c8721f-0caa-470c-922a-9e42ec3d9e09:group-9A6E7982FFA1 changes role from FOLLOWER to FOLLOWER at term 1 for recognizeCandidate:05163c14-dd39-4dc4-aa39-e08c5dd740a1
2019-07-13 10:54:58,886 INFO  server.RaftServerConfigKeys (ConfUtils.java:logGet(43)) - raft.server.watch.timeout = 10s (default)
2019-07-13 10:54:58,886 INFO  impl.RoleInfo (RoleInfo.java:shutdownFollowerState(121)) - a0c8721f-0caa-470c-922a-9e42ec3d9e09: shutdown FollowerState
2019-07-13 10:54:58,886 INFO  server.RaftServerConfigKeys (ConfUtils.java:logGet(43)) - raft.server.watch.timeout.denomination = 1s (default)
2019-07-13 10:54:58,887 INFO  impl.RoleInfo (RoleInfo.java:updateAndGet(143)) - a0c8721f-0caa-470c-922a-9e42ec3d9e09: start FollowerState
2019-07-13 10:54:58,887 INFO  impl.FollowerState (FollowerState.java:run(114)) - a0c8721f-0caa-470c-922a-9e42ec3d9e09: FollowerState was interrupted: java.lang.InterruptedException: sleep interrupted
2019-07-13 10:54:58,887 INFO  server.RaftServerConfigKeys (ConfUtils.java:logGet(43)) - raft.server.watch.element-limit = 65536 (default)
2019-07-13 10:54:58,896 INFO  server.RaftServerConfigKeys (ConfUtils.java:logGet(43)) - raft.server.log.appender.snapshot.chunk.size.max = 16MB (=16777216) (default)
2019-07-13 10:54:58,897 INFO  server.RaftServerConfigKeys (ConfUtils.java:logGet(43)) - raft.server.log.appender.buffer.byte-limit = 33554432 (custom)
2019-07-13 10:54:58,897 INFO  server.RaftServerConfigKeys (ConfUtils.java:logGet(43)) - raft.server.log.appender.buffer.element-limit = 1 (custom)
2019-07-13 10:54:58,905 INFO  grpc.GrpcConfigKeys$Server (ConfUtils.java:logGet(43)) - raft.grpc.server.leader.outstanding.appends.max = 128 (default)
2019-07-13 10:54:58,906 INFO  server.RaftServerConfigKeys (ConfUtils.java:logGet(43)) - raft.server.rpc.request.timeout = 3000ms (default)
2019-07-13 10:54:58,906 INFO  server.RaftServerConfigKeys (ConfUtils.java:logGet(43)) - raft.server.log.appender.install.snapshot.enabled = false (custom)
2019-07-13 10:54:58,908 INFO  server.RaftServerConfigKeys (ConfUtils.java:logGet(43)) - raft.server.log.appender.snapshot.chunk.size.max = 16MB (=16777216) (default)
2019-07-13 10:54:58,909 INFO  server.RaftServerConfigKeys (ConfUtils.java:logGet(43)) - raft.server.log.appender.buffer.byte-limit = 33554432 (custom)
2019-07-13 10:54:58,910 INFO  server.RaftServerConfigKeys (ConfUtils.java:logGet(43)) - raft.server.log.appender.buffer.element-limit = 1 (custom)
2019-07-13 10:54:58,911 INFO  grpc.GrpcConfigKeys$Server (ConfUtils.java:logGet(43)) - raft.grpc.server.leader.outstanding.appends.max = 128 (default)
2019-07-13 10:54:58,911 INFO  server.RaftServerConfigKeys (ConfUtils.java:logGet(43)) - raft.server.rpc.request.timeout = 3000ms (default)
2019-07-13 10:54:58,911 INFO  impl.LeaderElection (LeaderElection.java:logAndReturn(56)) - 05163c14-dd39-4dc4-aa39-e08c5dd740a1:group-9A6E7982FFA1:LeaderElection10: Election PASSED; received 2 response(s) [05163c14-dd39-4dc4-aa39-e08c5dd740a1<-a0c8721f-0caa-470c-922a-9e42ec3d9e09#0:OK-t1, 05163c14-dd39-4dc4-aa39-e08c5dd740a1<-feed7459-8793-41ee-a6e8-fa0af703bfe4#0:FAIL-t1] and 0 exception(s); 05163c14-dd39-4dc4-aa39-e08c5dd740a1:t1, leader=null, voted=05163c14-dd39-4dc4-aa39-e08c5dd740a1, raftlog=05163c14-dd39-4dc4-aa39-e08c5dd740a1-SegmentedRaftLog:OPENED:c-1,f-1,i0, conf=-1: [a0c8721f-0caa-470c-922a-9e42ec3d9e09:192.168.157.218:44695, feed7459-8793-41ee-a6e8-fa0af703bfe4:192.168.157.218:38551, 05163c14-dd39-4dc4-aa39-e08c5dd740a1:192.168.157.218:42824], old=null
2019-07-13 10:54:58,911 INFO  server.RaftServerConfigKeys (ConfUtils.java:logGet(43)) - raft.server.log.appender.install.snapshot.enabled = false (custom)
2019-07-13 10:54:58,913 INFO  impl.RoleInfo (RoleInfo.java:shutdownLeaderElection(134)) - 05163c14-dd39-4dc4-aa39-e08c5dd740a1: shutdown LeaderElection
2019-07-13 10:54:58,916 INFO  impl.RaftServerImpl (RaftServerImpl.java:setRole(171)) - 05163c14-dd39-4dc4-aa39-e08c5dd740a1:group-9A6E7982FFA1 changes role from CANDIDATE to LEADER at term 1 for changeToLeader
2019-07-13 10:54:58,916 INFO  impl.RaftServerImpl (ServerState.java:setLeader(263)) - 05163c14-dd39-4dc4-aa39-e08c5dd740a1:group-9A6E7982FFA1 change Leader from null to 05163c14-dd39-4dc4-aa39-e08c5dd740a1 at term 1 for becomeLeader, leader elected after 5100ms
2019-07-13 10:54:58,916 INFO  impl.LeaderElection (LeaderElection.java:logAndReturn(56)) - feed7459-8793-41ee-a6e8-fa0af703bfe4:group-9A6E7982FFA1:LeaderElection11: Election REJECTED; received 2 response(s) [feed7459-8793-41ee-a6e8-fa0af703bfe4<-a0c8721f-0caa-470c-922a-9e42ec3d9e09#0:FAIL-t1, feed7459-8793-41ee-a6e8-fa0af703bfe4<-05163c14-dd39-4dc4-aa39-e08c5dd740a1#0:FAIL-t1] and 0 exception(s); feed7459-8793-41ee-a6e8-fa0af703bfe4:t1, leader=null, voted=feed7459-8793-41ee-a6e8-fa0af703bfe4, raftlog=feed7459-8793-41ee-a6e8-fa0af703bfe4-SegmentedRaftLog:OPENED:c-1,f-1,i0, conf=-1: [a0c8721f-0caa-470c-922a-9e42ec3d9e09:192.168.157.218:44695, feed7459-8793-41ee-a6e8-fa0af703bfe4:192.168.157.218:38551, 05163c14-dd39-4dc4-aa39-e08c5dd740a1:192.168.157.218:42824], old=null
2019-07-13 10:54:58,916 INFO  server.RaftServerConfigKeys (ConfUtils.java:logGet(43)) - raft.server.staging.catchup.gap = 1000 (default)
2019-07-13 10:54:58,916 INFO  impl.RaftServerImpl (RaftServerImpl.java:setRole(171)) - feed7459-8793-41ee-a6e8-fa0af703bfe4:group-9A6E7982FFA1 changes role from CANDIDATE to FOLLOWER at term 1 for DISCOVERED_A_NEW_TERM
2019-07-13 10:54:58,917 INFO  server.RaftServerConfigKeys (ConfUtils.java:logGet(43)) - raft.server.rpc.sleep.time = 25ms (default)
2019-07-13 10:54:58,920 INFO  impl.RoleInfo (RoleInfo.java:shutdownLeaderElection(134)) - feed7459-8793-41ee-a6e8-fa0af703bfe4: shutdown LeaderElection
2019-07-13 10:54:58,920 INFO  server.RaftServerConfigKeys (ConfUtils.java:logGet(43)) - raft.server.write.element-limit = 4096 (default)
2019-07-13 10:54:58,920 INFO  impl.RoleInfo (RoleInfo.java:updateAndGet(143)) - feed7459-8793-41ee-a6e8-fa0af703bfe4: start FollowerState
2019-07-13 10:54:58,920 INFO  server.RaftServerConfigKeys (ConfUtils.java:logGet(43)) - raft.server.watch.timeout = 10s (default)
2019-07-13 10:54:58,920 INFO  impl.RoleInfo (RoleInfo.java:updateAndGet(143)) - b49fed3d-6ad5-45db-8d40-200294b49516: start LeaderState
2019-07-13 10:54:58,922 INFO  server.RaftServerConfigKeys (ConfUtils.java:logGet(43)) - raft.server.watch.timeout.denomination = 1s (default)
2019-07-13 10:54:58,922 INFO  server.RaftServerConfigKeys (ConfUtils.java:logGet(43)) - raft.server.watch.element-limit = 65536 (default)
2019-07-13 10:54:58,922 INFO  segmented.SegmentedRaftLogWorker (SegmentedRaftLogWorker.java:startLogSegment(380)) - b49fed3d-6ad5-45db-8d40-200294b49516-SegmentedRaftLogWorker:Storage Directory /tmp/workdir/hadoop-ozone/integration-test/target/test-dir/MiniOzoneClusterImpl-73081f4f-9ae2-4d33-ba11-4a56a9691310/datanode-0/data/ratis/629a118f-3e6c-4afd-8301-cc5c6a852b54: Starting segment from index:0
2019-07-13 10:54:58,923 INFO  server.RaftServerConfigKeys (ConfUtils.java:logGet(43)) - raft.server.log.appender.snapshot.chunk.size.max = 16MB (=16777216) (default)
2019-07-13 10:54:58,923 INFO  server.RaftServerConfigKeys (ConfUtils.java:logGet(43)) - raft.server.log.appender.buffer.byte-limit = 33554432 (custom)
2019-07-13 10:54:58,923 INFO  server.RaftServerConfigKeys (ConfUtils.java:logGet(43)) - raft.server.log.appender.buffer.element-limit = 1 (custom)
2019-07-13 10:54:58,923 INFO  impl.RaftServerImpl (ServerState.java:setRaftConf(361)) - b49fed3d-6ad5-45db-8d40-200294b49516:group-CC5C6A852B54 set configuration 0: [3d488355-9dd6-4fcb-aec3-dac8233e258f:192.168.157.218:33234, b49fed3d-6ad5-45db-8d40-200294b49516:192.168.157.218:34691, 4ac572bd-f66b-47cf-ac30-cc649e4dd516:192.168.157.218:36839], old=null at 0
2019-07-13 10:54:58,923 INFO  grpc.GrpcConfigKeys$Server (ConfUtils.java:logGet(43)) - raft.grpc.server.leader.outstanding.appends.max = 128 (default)
2019-07-13 10:54:58,940 INFO  server.RaftServerConfigKeys (ConfUtils.java:logGet(43)) - raft.server.rpc.request.timeout = 3000ms (default)
2019-07-13 10:54:58,941 INFO  server.RaftServerConfigKeys (ConfUtils.java:logGet(43)) - raft.server.log.appender.install.snapshot.enabled = false (custom)
2019-07-13 10:54:58,941 INFO  server.RaftServerConfigKeys (ConfUtils.java:logGet(43)) - raft.server.log.appender.snapshot.chunk.size.max = 16MB (=16777216) (default)
2019-07-13 10:54:58,941 INFO  server.RaftServerConfigKeys (ConfUtils.java:logGet(43)) - raft.server.log.appender.buffer.byte-limit = 33554432 (custom)
2019-07-13 10:54:58,941 INFO  server.RaftServerConfigKeys (ConfUtils.java:logGet(43)) - raft.server.log.appender.buffer.element-limit = 1 (custom)
2019-07-13 10:54:58,941 INFO  grpc.GrpcConfigKeys$Server (ConfUtils.java:logGet(43)) - raft.grpc.server.leader.outstanding.appends.max = 128 (default)
2019-07-13 10:54:58,942 INFO  server.RaftServerConfigKeys (ConfUtils.java:logGet(43)) - raft.server.rpc.request.timeout = 3000ms (default)
2019-07-13 10:54:58,942 INFO  server.RaftServerConfigKeys (ConfUtils.java:logGet(43)) - raft.server.log.appender.install.snapshot.enabled = false (custom)
2019-07-13 10:54:58,942 INFO  impl.RoleInfo (RoleInfo.java:updateAndGet(143)) - 05163c14-dd39-4dc4-aa39-e08c5dd740a1: start LeaderState
2019-07-13 10:54:58,944 INFO  segmented.SegmentedRaftLogWorker (SegmentedRaftLogWorker.java:startLogSegment(380)) - 05163c14-dd39-4dc4-aa39-e08c5dd740a1-SegmentedRaftLogWorker:Storage Directory /tmp/workdir/hadoop-ozone/integration-test/target/test-dir/MiniOzoneClusterImpl-73081f4f-9ae2-4d33-ba11-4a56a9691310/datanode-3/data/ratis/55891829-f70c-4372-926b-9a6e7982ffa1: Starting segment from index:0
2019-07-13 10:54:58,945 INFO  impl.RaftServerImpl (ServerState.java:setRaftConf(361)) - 05163c14-dd39-4dc4-aa39-e08c5dd740a1:group-9A6E7982FFA1 set configuration 0: [a0c8721f-0caa-470c-922a-9e42ec3d9e09:192.168.157.218:44695, feed7459-8793-41ee-a6e8-fa0af703bfe4:192.168.157.218:38551, 05163c14-dd39-4dc4-aa39-e08c5dd740a1:192.168.157.218:42824], old=null at 0
2019-07-13 10:54:58,964 INFO  segmented.SegmentedRaftLogWorker (SegmentedRaftLogWorker.java:execute(569)) - b49fed3d-6ad5-45db-8d40-200294b49516-SegmentedRaftLogWorker:Storage Directory /tmp/workdir/hadoop-ozone/integration-test/target/test-dir/MiniOzoneClusterImpl-73081f4f-9ae2-4d33-ba11-4a56a9691310/datanode-0/data/ratis/629a118f-3e6c-4afd-8301-cc5c6a852b54: created new log segment /tmp/workdir/hadoop-ozone/integration-test/target/test-dir/MiniOzoneClusterImpl-73081f4f-9ae2-4d33-ba11-4a56a9691310/datanode-0/data/ratis/629a118f-3e6c-4afd-8301-cc5c6a852b54/current/log_inprogress_0
2019-07-13 10:54:58,981 INFO  segmented.SegmentedRaftLogWorker (SegmentedRaftLogWorker.java:execute(569)) - 05163c14-dd39-4dc4-aa39-e08c5dd740a1-SegmentedRaftLogWorker:Storage Directory /tmp/workdir/hadoop-ozone/integration-test/target/test-dir/MiniOzoneClusterImpl-73081f4f-9ae2-4d33-ba11-4a56a9691310/datanode-3/data/ratis/55891829-f70c-4372-926b-9a6e7982ffa1: created new log segment /tmp/workdir/hadoop-ozone/integration-test/target/test-dir/MiniOzoneClusterImpl-73081f4f-9ae2-4d33-ba11-4a56a9691310/datanode-3/data/ratis/55891829-f70c-4372-926b-9a6e7982ffa1/current/log_inprogress_0
2019-07-13 10:54:58,982 INFO  impl.RaftServerImpl (ServerState.java:setLeader(263)) - feed7459-8793-41ee-a6e8-fa0af703bfe4:group-9A6E7982FFA1 change Leader from null to 05163c14-dd39-4dc4-aa39-e08c5dd740a1 at term 1 for appendEntries, leader elected after 5166ms
2019-07-13 10:54:58,982 INFO  impl.RaftServerImpl (ServerState.java:setLeader(263)) - 4ac572bd-f66b-47cf-ac30-cc649e4dd516:group-CC5C6A852B54 change Leader from null to b49fed3d-6ad5-45db-8d40-200294b49516 at term 1 for appendEntries, leader elected after 5294ms
2019-07-13 10:54:58,985 INFO  impl.RaftServerImpl (ServerState.java:setLeader(263)) - a0c8721f-0caa-470c-922a-9e42ec3d9e09:group-9A6E7982FFA1 change Leader from null to 05163c14-dd39-4dc4-aa39-e08c5dd740a1 at term 1 for appendEntries, leader elected after 5170ms
2019-07-13 10:54:58,984 INFO  impl.RaftServerImpl (ServerState.java:setLeader(263)) - 3d488355-9dd6-4fcb-aec3-dac8233e258f:group-CC5C6A852B54 change Leader from null to b49fed3d-6ad5-45db-8d40-200294b49516 at term 1 for appendEntries, leader elected after 5296ms
2019-07-13 10:54:59,016 INFO  impl.RaftServerImpl (ServerState.java:setRaftConf(361)) - a0c8721f-0caa-470c-922a-9e42ec3d9e09:group-9A6E7982FFA1 set configuration 0: [a0c8721f-0caa-470c-922a-9e42ec3d9e09:192.168.157.218:44695, feed7459-8793-41ee-a6e8-fa0af703bfe4:192.168.157.218:38551, 05163c14-dd39-4dc4-aa39-e08c5dd740a1:192.168.157.218:42824], old=null at 0
2019-07-13 10:54:59,016 INFO  impl.RaftServerImpl (ServerState.java:setRaftConf(361)) - 3d488355-9dd6-4fcb-aec3-dac8233e258f:group-CC5C6A852B54 set configuration 0: [3d488355-9dd6-4fcb-aec3-dac8233e258f:192.168.157.218:33234, b49fed3d-6ad5-45db-8d40-200294b49516:192.168.157.218:34691, 4ac572bd-f66b-47cf-ac30-cc649e4dd516:192.168.157.218:36839], old=null at 0
2019-07-13 10:54:59,016 INFO  impl.RaftServerImpl (ServerState.java:setRaftConf(361)) - 4ac572bd-f66b-47cf-ac30-cc649e4dd516:group-CC5C6A852B54 set configuration 0: [3d488355-9dd6-4fcb-aec3-dac8233e258f:192.168.157.218:33234, b49fed3d-6ad5-45db-8d40-200294b49516:192.168.157.218:34691, 4ac572bd-f66b-47cf-ac30-cc649e4dd516:192.168.157.218:36839], old=null at 0
2019-07-13 10:54:59,016 INFO  impl.RaftServerImpl (ServerState.java:setRaftConf(361)) - feed7459-8793-41ee-a6e8-fa0af703bfe4:group-9A6E7982FFA1 set configuration 0: [a0c8721f-0caa-470c-922a-9e42ec3d9e09:192.168.157.218:44695, feed7459-8793-41ee-a6e8-fa0af703bfe4:192.168.157.218:38551, 05163c14-dd39-4dc4-aa39-e08c5dd740a1:192.168.157.218:42824], old=null at 0
2019-07-13 10:54:59,017 INFO  segmented.SegmentedRaftLogWorker (SegmentedRaftLogWorker.java:startLogSegment(380)) - 4ac572bd-f66b-47cf-ac30-cc649e4dd516-SegmentedRaftLogWorker:Storage Directory /tmp/workdir/hadoop-ozone/integration-test/target/test-dir/MiniOzoneClusterImpl-73081f4f-9ae2-4d33-ba11-4a56a9691310/datanode-5/data/ratis/629a118f-3e6c-4afd-8301-cc5c6a852b54: Starting segment from index:0
2019-07-13 10:54:59,017 INFO  segmented.SegmentedRaftLogWorker (SegmentedRaftLogWorker.java:startLogSegment(380)) - 3d488355-9dd6-4fcb-aec3-dac8233e258f-SegmentedRaftLogWorker:Storage Directory /tmp/workdir/hadoop-ozone/integration-test/target/test-dir/MiniOzoneClusterImpl-73081f4f-9ae2-4d33-ba11-4a56a9691310/datanode-6/data/ratis/629a118f-3e6c-4afd-8301-cc5c6a852b54: Starting segment from index:0
2019-07-13 10:54:59,017 INFO  segmented.SegmentedRaftLogWorker (SegmentedRaftLogWorker.java:startLogSegment(380)) - a0c8721f-0caa-470c-922a-9e42ec3d9e09-SegmentedRaftLogWorker:Storage Directory /tmp/workdir/hadoop-ozone/integration-test/target/test-dir/MiniOzoneClusterImpl-73081f4f-9ae2-4d33-ba11-4a56a9691310/datanode-1/data/ratis/55891829-f70c-4372-926b-9a6e7982ffa1: Starting segment from index:0
2019-07-13 10:54:59,017 INFO  segmented.SegmentedRaftLogWorker (SegmentedRaftLogWorker.java:startLogSegment(380)) - feed7459-8793-41ee-a6e8-fa0af703bfe4-SegmentedRaftLogWorker:Storage Directory /tmp/workdir/hadoop-ozone/integration-test/target/test-dir/MiniOzoneClusterImpl-73081f4f-9ae2-4d33-ba11-4a56a9691310/datanode-4/data/ratis/55891829-f70c-4372-926b-9a6e7982ffa1: Starting segment from index:0
2019-07-13 10:54:59,052 INFO  segmented.SegmentedRaftLogWorker (SegmentedRaftLogWorker.java:execute(569)) - feed7459-8793-41ee-a6e8-fa0af703bfe4-SegmentedRaftLogWorker:Storage Directory /tmp/workdir/hadoop-ozone/integration-test/target/test-dir/MiniOzoneClusterImpl-73081f4f-9ae2-4d33-ba11-4a56a9691310/datanode-4/data/ratis/55891829-f70c-4372-926b-9a6e7982ffa1: created new log segment /tmp/workdir/hadoop-ozone/integration-test/target/test-dir/MiniOzoneClusterImpl-73081f4f-9ae2-4d33-ba11-4a56a9691310/datanode-4/data/ratis/55891829-f70c-4372-926b-9a6e7982ffa1/current/log_inprogress_0
2019-07-13 10:54:59,052 INFO  segmented.SegmentedRaftLogWorker (SegmentedRaftLogWorker.java:execute(569)) - 3d488355-9dd6-4fcb-aec3-dac8233e258f-SegmentedRaftLogWorker:Storage Directory /tmp/workdir/hadoop-ozone/integration-test/target/test-dir/MiniOzoneClusterImpl-73081f4f-9ae2-4d33-ba11-4a56a9691310/datanode-6/data/ratis/629a118f-3e6c-4afd-8301-cc5c6a852b54: created new log segment /tmp/workdir/hadoop-ozone/integration-test/target/test-dir/MiniOzoneClusterImpl-73081f4f-9ae2-4d33-ba11-4a56a9691310/datanode-6/data/ratis/629a118f-3e6c-4afd-8301-cc5c6a852b54/current/log_inprogress_0
2019-07-13 10:54:59,052 INFO  segmented.SegmentedRaftLogWorker (SegmentedRaftLogWorker.java:execute(569)) - a0c8721f-0caa-470c-922a-9e42ec3d9e09-SegmentedRaftLogWorker:Storage Directory /tmp/workdir/hadoop-ozone/integration-test/target/test-dir/MiniOzoneClusterImpl-73081f4f-9ae2-4d33-ba11-4a56a9691310/datanode-1/data/ratis/55891829-f70c-4372-926b-9a6e7982ffa1: created new log segment /tmp/workdir/hadoop-ozone/integration-test/target/test-dir/MiniOzoneClusterImpl-73081f4f-9ae2-4d33-ba11-4a56a9691310/datanode-1/data/ratis/55891829-f70c-4372-926b-9a6e7982ffa1/current/log_inprogress_0
2019-07-13 10:54:59,052 INFO  segmented.SegmentedRaftLogWorker (SegmentedRaftLogWorker.java:execute(569)) - 4ac572bd-f66b-47cf-ac30-cc649e4dd516-SegmentedRaftLogWorker:Storage Directory /tmp/workdir/hadoop-ozone/integration-test/target/test-dir/MiniOzoneClusterImpl-73081f4f-9ae2-4d33-ba11-4a56a9691310/datanode-5/data/ratis/629a118f-3e6c-4afd-8301-cc5c6a852b54: created new log segment /tmp/workdir/hadoop-ozone/integration-test/target/test-dir/MiniOzoneClusterImpl-73081f4f-9ae2-4d33-ba11-4a56a9691310/datanode-5/data/ratis/629a118f-3e6c-4afd-8301-cc5c6a852b54/current/log_inprogress_0
2019-07-13 10:54:59,269 INFO  client.GrpcClientProtocolClient (GrpcClientProtocolClient.java:onNext(255)) - client-3DDAB02FE7E8->3d488355-9dd6-4fcb-aec3-dac8233e258f: receive RaftClientReply:client-3DDAB02FE7E8->3d488355-9dd6-4fcb-aec3-dac8233e258f@group-CC5C6A852B54, cid=19, FAILED org.apache.ratis.protocol.NotLeaderException: Server 3d488355-9dd6-4fcb-aec3-dac8233e258f is not the leader (b49fed3d-6ad5-45db-8d40-200294b49516:192.168.157.218:34691). Request must be sent to leader., logIndex=0, commits[3d488355-9dd6-4fcb-aec3-dac8233e258f:c0, b49fed3d-6ad5-45db-8d40-200294b49516:c0, 4ac572bd-f66b-47cf-ac30-cc649e4dd516:c-1]
2019-07-13 10:54:59,531 INFO  client.GrpcClientProtocolClient (GrpcClientProtocolClient.java:onNext(255)) - client-3DDAB02FE7E8->b49fed3d-6ad5-45db-8d40-200294b49516: receive RaftClientReply:client-3DDAB02FE7E8->b49fed3d-6ad5-45db-8d40-200294b49516@group-CC5C6A852B54, cid=19, SUCCESS, logIndex=1, commits[b49fed3d-6ad5-45db-8d40-200294b49516:c1, 3d488355-9dd6-4fcb-aec3-dac8233e258f:c0, 4ac572bd-f66b-47cf-ac30-cc649e4dd516:c0]
2019-07-13 10:54:59,564 INFO  client.GrpcClientProtocolClient (GrpcClientProtocolClient.java:onNext(255)) - client-3DDAB02FE7E8->b49fed3d-6ad5-45db-8d40-200294b49516: receive RaftClientReply:client-3DDAB02FE7E8->b49fed3d-6ad5-45db-8d40-200294b49516@group-CC5C6A852B54, cid=20, SUCCESS, logIndex=3, commits[b49fed3d-6ad5-45db-8d40-200294b49516:c3, 3d488355-9dd6-4fcb-aec3-dac8233e258f:c2, 4ac572bd-f66b-47cf-ac30-cc649e4dd516:c2]
2019-07-13 10:54:59,661 INFO  client.GrpcClientProtocolClient (GrpcClientProtocolClient.java:onNext(255)) - client-3DDAB02FE7E8->b49fed3d-6ad5-45db-8d40-200294b49516: receive RaftClientReply:client-3DDAB02FE7E8->b49fed3d-6ad5-45db-8d40-200294b49516@group-CC5C6A852B54, cid=21, SUCCESS, logIndex=4, commits[b49fed3d-6ad5-45db-8d40-200294b49516:c12, 3d488355-9dd6-4fcb-aec3-dac8233e258f:c7, 4ac572bd-f66b-47cf-ac30-cc649e4dd516:c7]
2019-07-13 10:54:59,663 INFO  client.GrpcClientProtocolClient (GrpcClientProtocolClient.java:onNext(255)) - client-3DDAB02FE7E8->b49fed3d-6ad5-45db-8d40-200294b49516: receive RaftClientReply:client-3DDAB02FE7E8->b49fed3d-6ad5-45db-8d40-200294b49516@group-CC5C6A852B54, cid=22, SUCCESS, logIndex=5, commits[b49fed3d-6ad5-45db-8d40-200294b49516:c12, 3d488355-9dd6-4fcb-aec3-dac8233e258f:c7, 4ac572bd-f66b-47cf-ac30-cc649e4dd516:c7]
2019-07-13 10:54:59,664 INFO  client.GrpcClientProtocolClient (GrpcClientProtocolClient.java:onNext(255)) - client-3DDAB02FE7E8->b49fed3d-6ad5-45db-8d40-200294b49516: receive RaftClientReply:client-3DDAB02FE7E8->b49fed3d-6ad5-45db-8d40-200294b49516@group-CC5C6A852B54, cid=23, SUCCESS, logIndex=6, commits[b49fed3d-6ad5-45db-8d40-200294b49516:c12, 3d488355-9dd6-4fcb-aec3-dac8233e258f:c7, 4ac572bd-f66b-47cf-ac30-cc649e4dd516:c7]
2019-07-13 10:54:59,750 INFO  client.GrpcClientProtocolClient (GrpcClientProtocolClient.java:onNext(255)) - client-3DDAB02FE7E8->b49fed3d-6ad5-45db-8d40-200294b49516: receive RaftClientReply:client-3DDAB02FE7E8->b49fed3d-6ad5-45db-8d40-200294b49516@group-CC5C6A852B54, cid=24, SUCCESS, logIndex=7, commits[b49fed3d-6ad5-45db-8d40-200294b49516:c12, 3d488355-9dd6-4fcb-aec3-dac8233e258f:c7, 4ac572bd-f66b-47cf-ac30-cc649e4dd516:c7]
]]></system-out>
    <system-err><![CDATA[ERROR StatusLogger No Log4j 2 configuration file found. Using default configuration (logging only errors to the console), or user programmatically provided configurations. Set system property 'log4j2.debug' to show Log4j 2 internal initialization logging. See https://logging.apache.org/log4j/2.x/manual/configuration.html for instructions on how to configure Log4j 2
Jul 13, 2019 10:54:46 AM com.sun.jersey.server.impl.application.WebApplicationImpl _initiate
INFO: Initiating Jersey application, version 'Jersey: 1.19 02/11/2015 03:25 AM'
Jul 13, 2019 10:54:47 AM com.sun.jersey.server.impl.application.WebApplicationImpl _initiate
INFO: Initiating Jersey application, version 'Jersey: 1.19 02/11/2015 03:25 AM'
Jul 13, 2019 10:54:48 AM com.sun.jersey.server.impl.application.WebApplicationImpl _initiate
INFO: Initiating Jersey application, version 'Jersey: 1.19 02/11/2015 03:25 AM'
Jul 13, 2019 10:54:48 AM com.sun.jersey.server.impl.application.WebApplicationImpl _initiate
INFO: Initiating Jersey application, version 'Jersey: 1.19 02/11/2015 03:25 AM'
Jul 13, 2019 10:54:48 AM com.sun.jersey.server.impl.application.WebApplicationImpl _initiate
INFO: Initiating Jersey application, version 'Jersey: 1.19 02/11/2015 03:25 AM'
Jul 13, 2019 10:54:48 AM com.sun.jersey.server.impl.application.WebApplicationImpl _initiate
INFO: Initiating Jersey application, version 'Jersey: 1.19 02/11/2015 03:25 AM'
Jul 13, 2019 10:54:48 AM com.sun.jersey.server.impl.application.WebApplicationImpl _initiate
INFO: Initiating Jersey application, version 'Jersey: 1.19 02/11/2015 03:25 AM'
]]></system-err>
  </testcase>
  <testcase name="testWatchForCommitWithSmallerTimeoutValue" classname="org.apache.hadoop.ozone.client.rpc.TestWatchForCommit" time="22.398">
    <failure message="expected exception not thrown" type="java.lang.AssertionError">java.lang.AssertionError: expected exception not thrown
	at org.junit.Assert.fail(Assert.java:88)
	at org.apache.hadoop.ozone.client.rpc.TestWatchForCommit.testWatchForCommitWithSmallerTimeoutValue(TestWatchForCommit.java:308)
	at sun.reflect.NativeMethodAccessorImpl.invoke0(Native Method)
	at sun.reflect.NativeMethodAccessorImpl.invoke(NativeMethodAccessorImpl.java:62)
	at sun.reflect.DelegatingMethodAccessorImpl.invoke(DelegatingMethodAccessorImpl.java:43)
	at java.lang.reflect.Method.invoke(Method.java:498)
	at org.junit.runners.model.FrameworkMethod$1.runReflectiveCall(FrameworkMethod.java:47)
	at org.junit.internal.runners.model.ReflectiveCallable.run(ReflectiveCallable.java:12)
	at org.junit.runners.model.FrameworkMethod.invokeExplosively(FrameworkMethod.java:44)
	at org.junit.internal.runners.statements.InvokeMethod.evaluate(InvokeMethod.java:17)
	at org.junit.runners.ParentRunner.runLeaf(ParentRunner.java:271)
	at org.junit.runners.BlockJUnit4ClassRunner.runChild(BlockJUnit4ClassRunner.java:70)
	at org.junit.runners.BlockJUnit4ClassRunner.runChild(BlockJUnit4ClassRunner.java:50)
	at org.junit.runners.ParentRunner$3.run(ParentRunner.java:238)
	at org.junit.runners.ParentRunner$1.schedule(ParentRunner.java:63)
	at org.junit.runners.ParentRunner.runChildren(ParentRunner.java:236)
	at org.junit.runners.ParentRunner.access$000(ParentRunner.java:53)
	at org.junit.runners.ParentRunner$2.evaluate(ParentRunner.java:229)
	at org.junit.runners.ParentRunner.run(ParentRunner.java:309)
	at org.apache.maven.surefire.junit4.JUnit4Provider.execute(JUnit4Provider.java:365)
	at org.apache.maven.surefire.junit4.JUnit4Provider.executeWithRerun(JUnit4Provider.java:273)
	at org.apache.maven.surefire.junit4.JUnit4Provider.executeTestSet(JUnit4Provider.java:238)
	at org.apache.maven.surefire.junit4.JUnit4Provider.invoke(JUnit4Provider.java:159)
	at org.apache.maven.surefire.booter.ForkedBooter.invokeProviderInSameClassLoader(ForkedBooter.java:384)
	at org.apache.maven.surefire.booter.ForkedBooter.runSuitesInProcess(ForkedBooter.java:345)
	at org.apache.maven.surefire.booter.ForkedBooter.execute(ForkedBooter.java:126)
	at org.apache.maven.surefire.booter.ForkedBooter.main(ForkedBooter.java:418)
</failure>
    <system-out><![CDATA[2019-07-13 10:54:59,780 WARN  server.ServerUtils (ServerUtils.java:getScmDbDir(145)) - ozone.scm.db.dirs is not configured. We recommend adding this setting. Falling back to ozone.metadata.dirs instead.
2019-07-13 10:54:59,794 WARN  server.ServerUtils (ServerUtils.java:getScmDbDir(145)) - ozone.scm.db.dirs is not configured. We recommend adding this setting. Falling back to ozone.metadata.dirs instead.
2019-07-13 10:54:59,795 WARN  server.ServerUtils (ServerUtils.java:getScmDbDir(145)) - ozone.scm.db.dirs is not configured. We recommend adding this setting. Falling back to ozone.metadata.dirs instead.
2019-07-13 10:54:59,795 INFO  db.DBStoreBuilder (DBStoreBuilder.java:addTable(110)) - using custom profile for table: deletedBlocks
2019-07-13 10:54:59,795 INFO  db.DBStoreBuilder (DBStoreBuilder.java:processTables(161)) - Using default column profile:DBProfile.DISK for Table:deletedBlocks
2019-07-13 10:54:59,796 INFO  db.DBStoreBuilder (DBStoreBuilder.java:addTable(110)) - using custom profile for table: validCerts
2019-07-13 10:54:59,796 INFO  db.DBStoreBuilder (DBStoreBuilder.java:processTables(161)) - Using default column profile:DBProfile.DISK for Table:validCerts
2019-07-13 10:54:59,796 INFO  db.DBStoreBuilder (DBStoreBuilder.java:addTable(110)) - using custom profile for table: revokedCerts
2019-07-13 10:54:59,796 INFO  db.DBStoreBuilder (DBStoreBuilder.java:processTables(161)) - Using default column profile:DBProfile.DISK for Table:revokedCerts
2019-07-13 10:54:59,797 INFO  db.DBStoreBuilder (DBStoreBuilder.java:addTable(110)) - using custom profile for table: default
2019-07-13 10:54:59,797 INFO  db.DBStoreBuilder (DBStoreBuilder.java:processTables(167)) - Using default column profile:DBProfile.DISK for Table:default
2019-07-13 10:54:59,797 INFO  db.DBStoreBuilder (DBStoreBuilder.java:getDbProfile(198)) - Using default options. DBProfile.DISK
2019-07-13 10:54:59,965 INFO  net.NodeSchemaLoader (NodeSchemaLoader.java:loadSchemaFromFile(125)) - Loading file from sun.misc.CompoundEnumeration@2a1e57c6
2019-07-13 10:54:59,965 INFO  net.NodeSchemaLoader (NodeSchemaLoader.java:loadSchema(171)) - Loading network topology layer schema file
2019-07-13 10:54:59,970 WARN  server.ServerUtils (ServerUtils.java:sanitizeUserArgs(70)) - ozone.scm.stale.node.interval value = 300000 is larger than max = 100000 based on the key value of ozone.scm.heartbeat.thread.interval, reset to the max value 100000.
2019-07-13 10:54:59,970 WARN  server.ServerUtils (ServerUtils.java:sanitizeUserArgs(70)) - ozone.scm.stale.node.interval value = 300000 is larger than max = 100000 based on the key value of ozone.scm.heartbeat.thread.interval, reset to the max value 100000.
2019-07-13 10:54:59,970 INFO  node.SCMNodeManager (SCMNodeManager.java:<init>(119)) - Entering startup safe mode.
2019-07-13 10:54:59,972 WARN  server.ServerUtils (ServerUtils.java:getScmDbDir(145)) - ozone.scm.db.dirs is not configured. We recommend adding this setting. Falling back to ozone.metadata.dirs instead.
2019-07-13 10:55:00,041 INFO  pipeline.SCMPipelineManager (SCMPipelineManager.java:initializePipelineState(126)) - No pipeline exists in current db
2019-07-13 10:55:00,041 WARN  server.ServerUtils (ServerUtils.java:getScmDbDir(145)) - ozone.scm.db.dirs is not configured. We recommend adding this setting. Falling back to ozone.metadata.dirs instead.
2019-07-13 10:55:00,096 WARN  events.EventQueue (EventQueue.java:fireEvent(175)) - No event handler registered for event TypedEvent{payloadType=SafeModeStatus, name='SafeModeStatus'}
2019-07-13 10:55:00,099 INFO  ipc.CallQueueManager (CallQueueManager.java:<init>(84)) - Using callQueue: class java.util.concurrent.LinkedBlockingQueue, queueCapacity: 2000, scheduler: class org.apache.hadoop.ipc.DefaultRpcScheduler, ipcBackoff: false.
2019-07-13 10:55:00,100 INFO  ipc.Server (Server.java:run(1074)) - Starting Socket Reader #1 for port 44329
2019-07-13 10:55:00,106 INFO  ipc.CallQueueManager (CallQueueManager.java:<init>(84)) - Using callQueue: class java.util.concurrent.LinkedBlockingQueue, queueCapacity: 2000, scheduler: class org.apache.hadoop.ipc.DefaultRpcScheduler, ipcBackoff: false.
2019-07-13 10:55:00,107 INFO  ipc.Server (Server.java:run(1074)) - Starting Socket Reader #1 for port 43909
2019-07-13 10:55:00,113 INFO  ipc.CallQueueManager (CallQueueManager.java:<init>(84)) - Using callQueue: class java.util.concurrent.LinkedBlockingQueue, queueCapacity: 2000, scheduler: class org.apache.hadoop.ipc.DefaultRpcScheduler, ipcBackoff: false.
2019-07-13 10:55:00,114 INFO  ipc.Server (Server.java:run(1074)) - Starting Socket Reader #1 for port 40800
2019-07-13 10:55:00,120 INFO  hdfs.DFSUtil (DFSUtil.java:httpServerTemplateForNNAndJN(1641)) - Starting Web-server for scm at: http://0.0.0.0:0
2019-07-13 10:55:00,123 INFO  server.AuthenticationFilter (AuthenticationFilter.java:constructSecretProvider(240)) - Unable to initialize FileSignerSecretProvider, falling back to use random secrets.
2019-07-13 10:55:00,124 WARN  http.HttpRequestLog (HttpRequestLog.java:getRequestLog(97)) - Jetty request log can only be enabled using Log4j
2019-07-13 10:55:00,127 INFO  http.HttpServer2 (HttpServer2.java:addGlobalFilter(975)) - Added global filter 'safety' (class=org.apache.hadoop.http.HttpServer2$QuotingInputFilter)
2019-07-13 10:55:00,130 INFO  http.HttpServer2 (HttpServer2.java:addFilter(948)) - Added filter static_user_filter (class=org.apache.hadoop.http.lib.StaticUserWebFilter$StaticUserFilter) to context scm
2019-07-13 10:55:00,130 INFO  http.HttpServer2 (HttpServer2.java:addFilter(958)) - Added filter static_user_filter (class=org.apache.hadoop.http.lib.StaticUserWebFilter$StaticUserFilter) to context static
2019-07-13 10:55:00,130 INFO  http.HttpServer2 (HttpServer2.java:addFilter(958)) - Added filter static_user_filter (class=org.apache.hadoop.http.lib.StaticUserWebFilter$StaticUserFilter) to context logs
2019-07-13 10:55:00,140 INFO  server.StorageContainerManager (StorageContainerManager.java:start(759)) - StorageContainerLocationProtocol RPC server is listening at /0.0.0.0:40800
2019-07-13 10:55:00,140 INFO  impl.MetricsSystemImpl (MetricsSystemImpl.java:init(158)) - StorageContainerManager metrics system started (again)
2019-07-13 10:55:00,140 INFO  server.SCMClientProtocolServer (SCMClientProtocolServer.java:start(149)) - RPC server for Client  is listening at /0.0.0.0:40800
2019-07-13 10:55:00,141 INFO  ipc.Server (Server.java:run(1314)) - IPC Server Responder: starting
2019-07-13 10:55:00,141 INFO  ipc.Server (Server.java:run(1153)) - IPC Server listener on 40800: starting
2019-07-13 10:55:00,150 INFO  server.StorageContainerManager (StorageContainerManager.java:start(768)) - ScmBlockLocationProtocol RPC server is listening at /0.0.0.0:43909
2019-07-13 10:55:00,150 INFO  server.SCMBlockProtocolServer (SCMBlockProtocolServer.java:start(140)) - RPC server for Block Protocol is listening at /0.0.0.0:43909
2019-07-13 10:55:00,150 INFO  ipc.Server (Server.java:run(1314)) - IPC Server Responder: starting
2019-07-13 10:55:00,151 INFO  ipc.Server (Server.java:run(1153)) - IPC Server listener on 43909: starting
2019-07-13 10:55:00,159 INFO  server.StorageContainerManager (StorageContainerManager.java:start(772)) - ScmDatanodeProtocl RPC server is listening at /0.0.0.0:44329
2019-07-13 10:55:00,160 INFO  server.SCMDatanodeProtocolServer (SCMDatanodeProtocolServer.java:start(191)) - RPC server for DataNodes is listening at /0.0.0.0:44329
2019-07-13 10:55:00,160 INFO  ipc.Server (Server.java:run(1314)) - IPC Server Responder: starting
2019-07-13 10:55:00,160 INFO  ipc.Server (Server.java:run(1153)) - IPC Server listener on 44329: starting
2019-07-13 10:55:00,169 INFO  http.HttpServer2 (HttpServer2.java:bindListener(1191)) - Jetty bound to port 33107
2019-07-13 10:55:00,169 INFO  server.Server (Server.java:doStart(351)) - jetty-9.3.24.v20180605, build timestamp: 2018-06-05T17:11:56Z, git hash: 84205aa28f11a4f31f2a3b86d1bba2cc8ab69827
2019-07-13 10:55:00,172 INFO  handler.ContextHandler (ContextHandler.java:doStart(781)) - Started o.e.j.s.ServletContextHandler@6684f7f2{/logs,file:///tmp/workdir/hadoop-ozone/integration-test/target/log,AVAILABLE}
2019-07-13 10:55:00,172 INFO  handler.ContextHandler (ContextHandler.java:doStart(781)) - Started o.e.j.s.ServletContextHandler@505d2bac{/static,file:///tmp/workdir/hadoop-ozone/integration-test/target/test-classes/webapps/static,AVAILABLE}
2019-07-13 10:55:00,179 INFO  handler.ContextHandler (ContextHandler.java:doStart(781)) - Started o.e.j.w.WebAppContext@62b0bf85{/,file:///tmp/workdir/hadoop-ozone/integration-test/target/test-classes/webapps/scm/,AVAILABLE}{/scm}
2019-07-13 10:55:00,179 INFO  server.AbstractConnector (AbstractConnector.java:doStart(278)) - Started ServerConnector@1fcaea93{HTTP/1.1,[http/1.1]}{0.0.0.0:33107}
2019-07-13 10:55:00,182 INFO  server.Server (Server.java:doStart(419)) - Started @18768ms
2019-07-13 10:55:00,182 INFO  server.BaseHttpServer (BaseHttpServer.java:updateConnectorAddress(207)) - HTTP server of SCM is listening at http://0.0.0.0:33107
2019-07-13 10:55:00,183 WARN  server.ServerUtils (ServerUtils.java:getDBPath(222)) - ozone.om.db.dirs is not configured. We recommend adding this setting. Falling back to ozone.metadata.dirs instead.
2019-07-13 10:55:00,185 INFO  util.JvmPauseMonitor (JvmPauseMonitor.java:run(188)) - Starting JVM pause monitor
2019-07-13 10:55:00,199 WARN  server.ServerUtils (ServerUtils.java:getDBPath(222)) - ozone.om.db.dirs is not configured. We recommend adding this setting. Falling back to ozone.metadata.dirs instead.
2019-07-13 10:55:00,200 INFO  om.OzoneManager (OzoneManager.java:setOMNodeDetails(630)) - OM Service ID is not set. Setting it to the default ID: omServiceIdDefault
2019-07-13 10:55:00,200 INFO  om.OzoneManager (OzoneManager.java:setOMNodeDetails(636)) - OM Node ID is not set. Setting it to the OmStorage's OmID: 37a6cf35-efc2-4f62-9d1b-65dcf3c2219d
2019-07-13 10:55:00,200 INFO  om.OzoneManager (OzoneManager.java:loadOMHAConfigs(587)) - Found matching OM address with OMServiceId: null, OMNodeId: null, RPC Address: localhost:0 and Ratis port: 9872
2019-07-13 10:55:00,215 WARN  server.ServerUtils (ServerUtils.java:getDBPath(222)) - ozone.om.db.dirs is not configured. We recommend adding this setting. Falling back to ozone.metadata.dirs instead.
2019-07-13 10:55:00,215 INFO  db.DBStoreBuilder (DBStoreBuilder.java:addTable(110)) - using custom profile for table: userTable
2019-07-13 10:55:00,216 INFO  db.DBStoreBuilder (DBStoreBuilder.java:processTables(161)) - Using default column profile:DBProfile.DISK for Table:userTable
2019-07-13 10:55:00,216 INFO  db.DBStoreBuilder (DBStoreBuilder.java:addTable(110)) - using custom profile for table: volumeTable
2019-07-13 10:55:00,216 INFO  db.DBStoreBuilder (DBStoreBuilder.java:processTables(161)) - Using default column profile:DBProfile.DISK for Table:volumeTable
2019-07-13 10:55:00,216 INFO  db.DBStoreBuilder (DBStoreBuilder.java:addTable(110)) - using custom profile for table: bucketTable
2019-07-13 10:55:00,216 INFO  db.DBStoreBuilder (DBStoreBuilder.java:processTables(161)) - Using default column profile:DBProfile.DISK for Table:bucketTable
2019-07-13 10:55:00,217 INFO  db.DBStoreBuilder (DBStoreBuilder.java:addTable(110)) - using custom profile for table: keyTable
2019-07-13 10:55:00,217 INFO  db.DBStoreBuilder (DBStoreBuilder.java:processTables(161)) - Using default column profile:DBProfile.DISK for Table:keyTable
2019-07-13 10:55:00,217 INFO  db.DBStoreBuilder (DBStoreBuilder.java:addTable(110)) - using custom profile for table: deletedTable
2019-07-13 10:55:00,217 INFO  db.DBStoreBuilder (DBStoreBuilder.java:processTables(161)) - Using default column profile:DBProfile.DISK for Table:deletedTable
2019-07-13 10:55:00,218 INFO  db.DBStoreBuilder (DBStoreBuilder.java:addTable(110)) - using custom profile for table: openKeyTable
2019-07-13 10:55:00,218 INFO  db.DBStoreBuilder (DBStoreBuilder.java:processTables(161)) - Using default column profile:DBProfile.DISK for Table:openKeyTable
2019-07-13 10:55:00,218 INFO  db.DBStoreBuilder (DBStoreBuilder.java:addTable(110)) - using custom profile for table: s3Table
2019-07-13 10:55:00,218 INFO  db.DBStoreBuilder (DBStoreBuilder.java:processTables(161)) - Using default column profile:DBProfile.DISK for Table:s3Table
2019-07-13 10:55:00,218 INFO  db.DBStoreBuilder (DBStoreBuilder.java:addTable(110)) - using custom profile for table: multipartInfoTable
2019-07-13 10:55:00,219 INFO  db.DBStoreBuilder (DBStoreBuilder.java:processTables(161)) - Using default column profile:DBProfile.DISK for Table:multipartInfoTable
2019-07-13 10:55:00,219 INFO  db.DBStoreBuilder (DBStoreBuilder.java:addTable(110)) - using custom profile for table: dTokenTable
2019-07-13 10:55:00,219 INFO  db.DBStoreBuilder (DBStoreBuilder.java:processTables(161)) - Using default column profile:DBProfile.DISK for Table:dTokenTable
2019-07-13 10:55:00,219 INFO  db.DBStoreBuilder (DBStoreBuilder.java:addTable(110)) - using custom profile for table: s3SecretTable
2019-07-13 10:55:00,219 INFO  db.DBStoreBuilder (DBStoreBuilder.java:processTables(161)) - Using default column profile:DBProfile.DISK for Table:s3SecretTable
2019-07-13 10:55:00,220 INFO  db.DBStoreBuilder (DBStoreBuilder.java:addTable(110)) - using custom profile for table: prefixTable
2019-07-13 10:55:00,220 INFO  db.DBStoreBuilder (DBStoreBuilder.java:processTables(161)) - Using default column profile:DBProfile.DISK for Table:prefixTable
2019-07-13 10:55:00,220 INFO  db.DBStoreBuilder (DBStoreBuilder.java:addTable(110)) - using custom profile for table: default
2019-07-13 10:55:00,220 INFO  db.DBStoreBuilder (DBStoreBuilder.java:processTables(167)) - Using default column profile:DBProfile.DISK for Table:default
2019-07-13 10:55:00,220 INFO  db.DBStoreBuilder (DBStoreBuilder.java:getDbProfile(198)) - Using default options. DBProfile.DISK
2019-07-13 10:55:00,759 INFO  ipc.CallQueueManager (CallQueueManager.java:<init>(84)) - Using callQueue: class java.util.concurrent.LinkedBlockingQueue, queueCapacity: 2000, scheduler: class org.apache.hadoop.ipc.DefaultRpcScheduler, ipcBackoff: false.
2019-07-13 10:55:00,760 INFO  ipc.Server (Server.java:run(1074)) - Starting Socket Reader #1 for port 38923
2019-07-13 10:55:00,781 WARN  server.ServerUtils (ServerUtils.java:getDBPath(222)) - ozone.om.db.dirs is not configured. We recommend adding this setting. Falling back to ozone.metadata.dirs instead.
2019-07-13 10:55:00,782 INFO  om.OzoneManager (OzoneManager.java:start(1228)) - OzoneManager RPC server is listening at localhost/127.0.0.1:38923
2019-07-13 10:55:00,782 INFO  impl.MetricsSystemImpl (MetricsSystemImpl.java:init(158)) - OzoneManager metrics system started (again)
2019-07-13 10:55:00,783 INFO  ipc.Server (Server.java:run(1314)) - IPC Server Responder: starting
2019-07-13 10:55:00,783 INFO  ipc.Server (Server.java:run(1153)) - IPC Server listener on 38923: starting
2019-07-13 10:55:00,795 INFO  hdfs.DFSUtil (DFSUtil.java:httpServerTemplateForNNAndJN(1641)) - Starting Web-server for ozoneManager at: http://0.0.0.0:0
2019-07-13 10:55:00,797 INFO  server.AuthenticationFilter (AuthenticationFilter.java:constructSecretProvider(240)) - Unable to initialize FileSignerSecretProvider, falling back to use random secrets.
2019-07-13 10:55:00,798 WARN  http.HttpRequestLog (HttpRequestLog.java:getRequestLog(97)) - Jetty request log can only be enabled using Log4j
2019-07-13 10:55:00,801 INFO  http.HttpServer2 (HttpServer2.java:addGlobalFilter(975)) - Added global filter 'safety' (class=org.apache.hadoop.http.HttpServer2$QuotingInputFilter)
2019-07-13 10:55:00,802 INFO  http.HttpServer2 (HttpServer2.java:addFilter(948)) - Added filter static_user_filter (class=org.apache.hadoop.http.lib.StaticUserWebFilter$StaticUserFilter) to context ozoneManager
2019-07-13 10:55:00,802 INFO  http.HttpServer2 (HttpServer2.java:addFilter(958)) - Added filter static_user_filter (class=org.apache.hadoop.http.lib.StaticUserWebFilter$StaticUserFilter) to context static
2019-07-13 10:55:00,802 INFO  http.HttpServer2 (HttpServer2.java:addFilter(958)) - Added filter static_user_filter (class=org.apache.hadoop.http.lib.StaticUserWebFilter$StaticUserFilter) to context logs
2019-07-13 10:55:00,803 INFO  http.HttpServer2 (HttpServer2.java:bindListener(1191)) - Jetty bound to port 33691
2019-07-13 10:55:00,804 INFO  server.Server (Server.java:doStart(351)) - jetty-9.3.24.v20180605, build timestamp: 2018-06-05T17:11:56Z, git hash: 84205aa28f11a4f31f2a3b86d1bba2cc8ab69827
2019-07-13 10:55:00,807 INFO  handler.ContextHandler (ContextHandler.java:doStart(781)) - Started o.e.j.s.ServletContextHandler@2fb082ff{/logs,file:///tmp/workdir/hadoop-ozone/integration-test/target/log,AVAILABLE}
2019-07-13 10:55:00,807 INFO  handler.ContextHandler (ContextHandler.java:doStart(781)) - Started o.e.j.s.ServletContextHandler@668a32a4{/static,file:///tmp/workdir/hadoop-ozone/integration-test/target/test-classes/webapps/static,AVAILABLE}
2019-07-13 10:55:00,814 INFO  handler.ContextHandler (ContextHandler.java:doStart(781)) - Started o.e.j.w.WebAppContext@782ac148{/,file:///tmp/workdir/hadoop-ozone/integration-test/target/test-classes/webapps/ozoneManager/,AVAILABLE}{/ozoneManager}
2019-07-13 10:55:00,818 INFO  server.AbstractConnector (AbstractConnector.java:doStart(278)) - Started ServerConnector@46d1b59{HTTP/1.1,[http/1.1]}{0.0.0.0:33691}
2019-07-13 10:55:00,818 INFO  server.Server (Server.java:doStart(419)) - Started @19405ms
2019-07-13 10:55:00,819 INFO  server.BaseHttpServer (BaseHttpServer.java:updateConnectorAddress(207)) - HTTP server of OZONEMANAGER is listening at http://0.0.0.0:33691
2019-07-13 10:55:00,841 INFO  impl.MetricsSystemImpl (MetricsSystemImpl.java:init(158)) - HddsDatanode metrics system started (again)
2019-07-13 10:55:00,841 INFO  ozone.HddsDatanodeService (HddsDatanodeService.java:start(185)) - HddsDatanodeService host:trunk-nightly-qcxv8-4293026562 ip:192.168.157.218
2019-07-13 10:55:00,867 INFO  volume.HddsVolume (HddsVolume.java:<init>(176)) - Creating Volume: /tmp/workdir/hadoop-ozone/integration-test/target/test-dir/MiniOzoneClusterImpl-af2d7b69-d49e-4290-9a11-748f9d8a2c7f/datanode-0/data/containers/hdds of  storage type : DISK and capacity : 52710309888
2019-07-13 10:55:00,868 INFO  volume.VolumeSet (VolumeSet.java:initializeVolumeSet(170)) - Added Volume : /tmp/workdir/hadoop-ozone/integration-test/target/test-dir/MiniOzoneClusterImpl-af2d7b69-d49e-4290-9a11-748f9d8a2c7f/datanode-0/data/containers/hdds to VolumeSet
2019-07-13 10:55:00,868 INFO  volume.ThrottledAsyncChecker (ThrottledAsyncChecker.java:schedule(140)) - Scheduling a check for org.apache.hadoop.ozone.container.common.volume.HddsVolume@561d88ee
2019-07-13 10:55:00,871 INFO  volume.HddsVolumeChecker (HddsVolumeChecker.java:checkAllVolumes(203)) - Scheduled health check for volume org.apache.hadoop.ozone.container.common.volume.HddsVolume@561d88ee
2019-07-13 10:55:00,890 INFO  impl.RaftServerProxy (ConfUtils.java:logGet(43)) - raft.rpc.type = GRPC (default)
2019-07-13 10:55:00,891 INFO  grpc.GrpcFactory (GrpcFactory.java:checkPooledByteBufAllocatorUseCacheForAllThreads(45)) - PERFORMANCE WARNING: useCacheForAllThreads is true that may cause Netty to create a lot garbage objects and, as a result, trigger GC.
	It is recommended to disable useCacheForAllThreads by setting -Dorg.apache.ratis.thirdparty.io.netty.allocator.useCacheForAllThreads=false in command line.
2019-07-13 10:55:00,891 INFO  grpc.GrpcConfigKeys$Server (ConfUtils.java:logGet(43)) - raft.grpc.server.port = 0 (default)
2019-07-13 10:55:00,891 INFO  server.GrpcService (ConfUtils.java:logGet(43)) - raft.grpc.message.size.max = 33570816 (custom)
2019-07-13 10:55:00,891 INFO  server.RaftServerConfigKeys (ConfUtils.java:logGet(43)) - raft.server.log.appender.buffer.byte-limit = 33554432 (custom)
2019-07-13 10:55:00,892 INFO  server.GrpcService (ConfUtils.java:logGet(43)) - raft.grpc.flow.control.window = 1MB (=1048576) (default)
2019-07-13 10:55:00,892 INFO  server.RaftServerConfigKeys (ConfUtils.java:logGet(43)) - raft.server.rpc.request.timeout = 3000ms (default)
2019-07-13 10:55:00,893 INFO  server.RaftServerConfigKeys (ConfUtils.java:logGet(43)) - raft.server.storage.dir = [/tmp/workdir/hadoop-ozone/integration-test/target/test-dir/MiniOzoneClusterImpl-af2d7b69-d49e-4290-9a11-748f9d8a2c7f/datanode-0/data/ratis] (custom)
2019-07-13 10:55:00,893 INFO  replication.SimpleContainerDownloader (SimpleContainerDownloader.java:<init>(72)) - Starting container downloader service to copy containers to replicate.
2019-07-13 10:55:00,895 INFO  hdfs.DFSUtil (DFSUtil.java:httpServerTemplateForNNAndJN(1641)) - Starting Web-server for hddsDatanode at: http://0.0.0.0:0
2019-07-13 10:55:00,897 INFO  server.AuthenticationFilter (AuthenticationFilter.java:constructSecretProvider(240)) - Unable to initialize FileSignerSecretProvider, falling back to use random secrets.
2019-07-13 10:55:00,897 WARN  http.HttpRequestLog (HttpRequestLog.java:getRequestLog(97)) - Jetty request log can only be enabled using Log4j
2019-07-13 10:55:00,899 INFO  http.HttpServer2 (HttpServer2.java:addGlobalFilter(975)) - Added global filter 'safety' (class=org.apache.hadoop.http.HttpServer2$QuotingInputFilter)
2019-07-13 10:55:00,899 INFO  http.HttpServer2 (HttpServer2.java:addFilter(948)) - Added filter static_user_filter (class=org.apache.hadoop.http.lib.StaticUserWebFilter$StaticUserFilter) to context hddsDatanode
2019-07-13 10:55:00,900 INFO  http.HttpServer2 (HttpServer2.java:addFilter(958)) - Added filter static_user_filter (class=org.apache.hadoop.http.lib.StaticUserWebFilter$StaticUserFilter) to context static
2019-07-13 10:55:00,900 INFO  http.HttpServer2 (HttpServer2.java:addFilter(958)) - Added filter static_user_filter (class=org.apache.hadoop.http.lib.StaticUserWebFilter$StaticUserFilter) to context logs
2019-07-13 10:55:00,901 INFO  http.HttpServer2 (HttpServer2.java:bindListener(1191)) - Jetty bound to port 42088
2019-07-13 10:55:00,901 INFO  server.Server (Server.java:doStart(351)) - jetty-9.3.24.v20180605, build timestamp: 2018-06-05T17:11:56Z, git hash: 84205aa28f11a4f31f2a3b86d1bba2cc8ab69827
2019-07-13 10:55:00,903 INFO  handler.ContextHandler (ContextHandler.java:doStart(781)) - Started o.e.j.s.ServletContextHandler@7e848aea{/logs,file:///tmp/workdir/hadoop-ozone/integration-test/target/log,AVAILABLE}
2019-07-13 10:55:00,904 INFO  handler.ContextHandler (ContextHandler.java:doStart(781)) - Started o.e.j.s.ServletContextHandler@286866cb{/static,jar:file:/home/user/.m2/repository/org/apache/hadoop/hadoop-hdds-container-service/0.5.0-SNAPSHOT/hadoop-hdds-container-service-0.5.0-SNAPSHOT.jar!/webapps/static,AVAILABLE}
2019-07-13 10:55:00,937 INFO  handler.ContextHandler (ContextHandler.java:doStart(781)) - Started o.e.j.w.WebAppContext@738a815c{/,file:///tmp/jetty-0.0.0.0-42088-hddsDatanode-_-any-8288813199717491620.dir/webapp/,AVAILABLE}{/hddsDatanode}
2019-07-13 10:55:00,937 INFO  server.AbstractConnector (AbstractConnector.java:doStart(278)) - Started ServerConnector@2565a7d0{HTTP/1.1,[http/1.1]}{0.0.0.0:42088}
2019-07-13 10:55:00,940 INFO  server.Server (Server.java:doStart(419)) - Started @19527ms
2019-07-13 10:55:00,941 INFO  server.BaseHttpServer (BaseHttpServer.java:updateConnectorAddress(207)) - HTTP server of HDDSDATANODE is listening at http://0.0.0.0:42088
2019-07-13 10:55:01,066 INFO  ozone.HddsDatanodeService (HddsDatanodeService.java:startPlugins(396)) - Started plug-in org.apache.hadoop.ozone.web.OzoneHddsDatanodeService@1c2dd89b
2019-07-13 10:55:01,066 INFO  impl.MetricsSystemImpl (MetricsSystemImpl.java:init(158)) - HddsDatanode metrics system started (again)
2019-07-13 10:55:01,075 INFO  ozone.HddsDatanodeService (HddsDatanodeService.java:start(185)) - HddsDatanodeService host:trunk-nightly-qcxv8-4293026562 ip:192.168.157.218
2019-07-13 10:55:01,077 INFO  util.JvmPauseMonitor (JvmPauseMonitor.java:run(188)) - Starting JVM pause monitor
2019-07-13 10:55:01,079 INFO  datanode.InitDatanodeState (InitDatanodeState.java:persistContainerDatanodeDetails(140)) - DatanodeDetails is persisted to /tmp/workdir/hadoop-ozone/integration-test/target/test-dir/MiniOzoneClusterImpl-af2d7b69-d49e-4290-9a11-748f9d8a2c7f/datanode-0/meta/datanode.id
2019-07-13 10:55:01,093 INFO  volume.HddsVolume (HddsVolume.java:<init>(176)) - Creating Volume: /tmp/workdir/hadoop-ozone/integration-test/target/test-dir/MiniOzoneClusterImpl-af2d7b69-d49e-4290-9a11-748f9d8a2c7f/datanode-1/data/containers/hdds of  storage type : DISK and capacity : 52710309888
2019-07-13 10:55:01,093 INFO  volume.VolumeSet (VolumeSet.java:initializeVolumeSet(170)) - Added Volume : /tmp/workdir/hadoop-ozone/integration-test/target/test-dir/MiniOzoneClusterImpl-af2d7b69-d49e-4290-9a11-748f9d8a2c7f/datanode-1/data/containers/hdds to VolumeSet
2019-07-13 10:55:01,094 INFO  volume.ThrottledAsyncChecker (ThrottledAsyncChecker.java:schedule(140)) - Scheduling a check for org.apache.hadoop.ozone.container.common.volume.HddsVolume@68b7bdcb
2019-07-13 10:55:01,094 INFO  volume.HddsVolumeChecker (HddsVolumeChecker.java:checkAllVolumes(203)) - Scheduled health check for volume org.apache.hadoop.ozone.container.common.volume.HddsVolume@68b7bdcb
2019-07-13 10:55:01,111 INFO  impl.RaftServerProxy (ConfUtils.java:logGet(43)) - raft.rpc.type = GRPC (default)
2019-07-13 10:55:01,111 INFO  grpc.GrpcFactory (GrpcFactory.java:checkPooledByteBufAllocatorUseCacheForAllThreads(45)) - PERFORMANCE WARNING: useCacheForAllThreads is true that may cause Netty to create a lot garbage objects and, as a result, trigger GC.
	It is recommended to disable useCacheForAllThreads by setting -Dorg.apache.ratis.thirdparty.io.netty.allocator.useCacheForAllThreads=false in command line.
2019-07-13 10:55:01,111 INFO  grpc.GrpcConfigKeys$Server (ConfUtils.java:logGet(43)) - raft.grpc.server.port = 0 (default)
2019-07-13 10:55:01,112 INFO  server.GrpcService (ConfUtils.java:logGet(43)) - raft.grpc.message.size.max = 33570816 (custom)
2019-07-13 10:55:01,112 INFO  server.RaftServerConfigKeys (ConfUtils.java:logGet(43)) - raft.server.log.appender.buffer.byte-limit = 33554432 (custom)
2019-07-13 10:55:01,112 INFO  server.GrpcService (ConfUtils.java:logGet(43)) - raft.grpc.flow.control.window = 1MB (=1048576) (default)
2019-07-13 10:55:01,112 INFO  server.RaftServerConfigKeys (ConfUtils.java:logGet(43)) - raft.server.rpc.request.timeout = 3000ms (default)
2019-07-13 10:55:01,113 INFO  server.RaftServerConfigKeys (ConfUtils.java:logGet(43)) - raft.server.storage.dir = [/tmp/workdir/hadoop-ozone/integration-test/target/test-dir/MiniOzoneClusterImpl-af2d7b69-d49e-4290-9a11-748f9d8a2c7f/datanode-1/data/ratis] (custom)
2019-07-13 10:55:01,113 INFO  replication.SimpleContainerDownloader (SimpleContainerDownloader.java:<init>(72)) - Starting container downloader service to copy containers to replicate.
2019-07-13 10:55:01,114 INFO  hdfs.DFSUtil (DFSUtil.java:httpServerTemplateForNNAndJN(1641)) - Starting Web-server for hddsDatanode at: http://0.0.0.0:0
2019-07-13 10:55:01,116 INFO  server.AuthenticationFilter (AuthenticationFilter.java:constructSecretProvider(240)) - Unable to initialize FileSignerSecretProvider, falling back to use random secrets.
2019-07-13 10:55:01,116 WARN  http.HttpRequestLog (HttpRequestLog.java:getRequestLog(97)) - Jetty request log can only be enabled using Log4j
2019-07-13 10:55:01,117 INFO  http.HttpServer2 (HttpServer2.java:addGlobalFilter(975)) - Added global filter 'safety' (class=org.apache.hadoop.http.HttpServer2$QuotingInputFilter)
2019-07-13 10:55:01,118 INFO  http.HttpServer2 (HttpServer2.java:addFilter(948)) - Added filter static_user_filter (class=org.apache.hadoop.http.lib.StaticUserWebFilter$StaticUserFilter) to context hddsDatanode
2019-07-13 10:55:01,118 INFO  http.HttpServer2 (HttpServer2.java:addFilter(958)) - Added filter static_user_filter (class=org.apache.hadoop.http.lib.StaticUserWebFilter$StaticUserFilter) to context logs
2019-07-13 10:55:01,118 INFO  http.HttpServer2 (HttpServer2.java:addFilter(958)) - Added filter static_user_filter (class=org.apache.hadoop.http.lib.StaticUserWebFilter$StaticUserFilter) to context static
2019-07-13 10:55:01,119 INFO  http.HttpServer2 (HttpServer2.java:bindListener(1191)) - Jetty bound to port 44800
2019-07-13 10:55:01,119 INFO  server.Server (Server.java:doStart(351)) - jetty-9.3.24.v20180605, build timestamp: 2018-06-05T17:11:56Z, git hash: 84205aa28f11a4f31f2a3b86d1bba2cc8ab69827
2019-07-13 10:55:01,121 INFO  handler.ContextHandler (ContextHandler.java:doStart(781)) - Started o.e.j.s.ServletContextHandler@844e66d{/logs,file:///tmp/workdir/hadoop-ozone/integration-test/target/log,AVAILABLE}
2019-07-13 10:55:01,121 INFO  handler.ContextHandler (ContextHandler.java:doStart(781)) - Started o.e.j.s.ServletContextHandler@26a45089{/static,jar:file:/home/user/.m2/repository/org/apache/hadoop/hadoop-hdds-container-service/0.5.0-SNAPSHOT/hadoop-hdds-container-service-0.5.0-SNAPSHOT.jar!/webapps/static,AVAILABLE}
2019-07-13 10:55:01,162 INFO  handler.ContextHandler (ContextHandler.java:doStart(781)) - Started o.e.j.w.WebAppContext@45796b2a{/,file:///tmp/jetty-0.0.0.0-44800-hddsDatanode-_-any-281146607174906885.dir/webapp/,AVAILABLE}{/hddsDatanode}
2019-07-13 10:55:01,162 INFO  server.AbstractConnector (AbstractConnector.java:doStart(278)) - Started ServerConnector@4b98225c{HTTP/1.1,[http/1.1]}{0.0.0.0:44800}
2019-07-13 10:55:01,165 INFO  server.Server (Server.java:doStart(419)) - Started @19752ms
2019-07-13 10:55:01,167 INFO  server.BaseHttpServer (BaseHttpServer.java:updateConnectorAddress(207)) - HTTP server of HDDSDATANODE is listening at http://0.0.0.0:44800
2019-07-13 10:55:01,324 INFO  ozone.HddsDatanodeService (HddsDatanodeService.java:startPlugins(396)) - Started plug-in org.apache.hadoop.ozone.web.OzoneHddsDatanodeService@79b63325
2019-07-13 10:55:01,325 INFO  impl.MetricsSystemImpl (MetricsSystemImpl.java:init(158)) - HddsDatanode metrics system started (again)
2019-07-13 10:55:01,337 INFO  ozone.HddsDatanodeService (HddsDatanodeService.java:start(185)) - HddsDatanodeService host:trunk-nightly-qcxv8-4293026562 ip:192.168.157.218
2019-07-13 10:55:01,339 INFO  util.JvmPauseMonitor (JvmPauseMonitor.java:run(188)) - Starting JVM pause monitor
2019-07-13 10:55:01,341 INFO  datanode.InitDatanodeState (InitDatanodeState.java:persistContainerDatanodeDetails(140)) - DatanodeDetails is persisted to /tmp/workdir/hadoop-ozone/integration-test/target/test-dir/MiniOzoneClusterImpl-af2d7b69-d49e-4290-9a11-748f9d8a2c7f/datanode-1/meta/datanode.id
2019-07-13 10:55:01,353 INFO  volume.HddsVolume (HddsVolume.java:<init>(176)) - Creating Volume: /tmp/workdir/hadoop-ozone/integration-test/target/test-dir/MiniOzoneClusterImpl-af2d7b69-d49e-4290-9a11-748f9d8a2c7f/datanode-2/data/containers/hdds of  storage type : DISK and capacity : 52710309888
2019-07-13 10:55:01,354 INFO  volume.VolumeSet (VolumeSet.java:initializeVolumeSet(170)) - Added Volume : /tmp/workdir/hadoop-ozone/integration-test/target/test-dir/MiniOzoneClusterImpl-af2d7b69-d49e-4290-9a11-748f9d8a2c7f/datanode-2/data/containers/hdds to VolumeSet
2019-07-13 10:55:01,354 INFO  volume.ThrottledAsyncChecker (ThrottledAsyncChecker.java:schedule(140)) - Scheduling a check for org.apache.hadoop.ozone.container.common.volume.HddsVolume@63262071
2019-07-13 10:55:01,355 INFO  volume.HddsVolumeChecker (HddsVolumeChecker.java:checkAllVolumes(203)) - Scheduled health check for volume org.apache.hadoop.ozone.container.common.volume.HddsVolume@63262071
2019-07-13 10:55:01,372 INFO  impl.RaftServerProxy (ConfUtils.java:logGet(43)) - raft.rpc.type = GRPC (default)
2019-07-13 10:55:01,372 INFO  grpc.GrpcFactory (GrpcFactory.java:checkPooledByteBufAllocatorUseCacheForAllThreads(45)) - PERFORMANCE WARNING: useCacheForAllThreads is true that may cause Netty to create a lot garbage objects and, as a result, trigger GC.
	It is recommended to disable useCacheForAllThreads by setting -Dorg.apache.ratis.thirdparty.io.netty.allocator.useCacheForAllThreads=false in command line.
2019-07-13 10:55:01,372 INFO  grpc.GrpcConfigKeys$Server (ConfUtils.java:logGet(43)) - raft.grpc.server.port = 0 (default)
2019-07-13 10:55:01,372 INFO  server.GrpcService (ConfUtils.java:logGet(43)) - raft.grpc.message.size.max = 33570816 (custom)
2019-07-13 10:55:01,373 INFO  server.RaftServerConfigKeys (ConfUtils.java:logGet(43)) - raft.server.log.appender.buffer.byte-limit = 33554432 (custom)
2019-07-13 10:55:01,373 INFO  server.GrpcService (ConfUtils.java:logGet(43)) - raft.grpc.flow.control.window = 1MB (=1048576) (default)
2019-07-13 10:55:01,373 INFO  server.RaftServerConfigKeys (ConfUtils.java:logGet(43)) - raft.server.rpc.request.timeout = 3000ms (default)
2019-07-13 10:55:01,374 INFO  server.RaftServerConfigKeys (ConfUtils.java:logGet(43)) - raft.server.storage.dir = [/tmp/workdir/hadoop-ozone/integration-test/target/test-dir/MiniOzoneClusterImpl-af2d7b69-d49e-4290-9a11-748f9d8a2c7f/datanode-2/data/ratis] (custom)
2019-07-13 10:55:01,374 INFO  replication.SimpleContainerDownloader (SimpleContainerDownloader.java:<init>(72)) - Starting container downloader service to copy containers to replicate.
2019-07-13 10:55:01,375 INFO  hdfs.DFSUtil (DFSUtil.java:httpServerTemplateForNNAndJN(1641)) - Starting Web-server for hddsDatanode at: http://0.0.0.0:0
2019-07-13 10:55:01,376 INFO  server.AuthenticationFilter (AuthenticationFilter.java:constructSecretProvider(240)) - Unable to initialize FileSignerSecretProvider, falling back to use random secrets.
2019-07-13 10:55:01,377 WARN  http.HttpRequestLog (HttpRequestLog.java:getRequestLog(97)) - Jetty request log can only be enabled using Log4j
2019-07-13 10:55:01,378 INFO  http.HttpServer2 (HttpServer2.java:addGlobalFilter(975)) - Added global filter 'safety' (class=org.apache.hadoop.http.HttpServer2$QuotingInputFilter)
2019-07-13 10:55:01,379 INFO  http.HttpServer2 (HttpServer2.java:addFilter(948)) - Added filter static_user_filter (class=org.apache.hadoop.http.lib.StaticUserWebFilter$StaticUserFilter) to context hddsDatanode
2019-07-13 10:55:01,379 INFO  http.HttpServer2 (HttpServer2.java:addFilter(958)) - Added filter static_user_filter (class=org.apache.hadoop.http.lib.StaticUserWebFilter$StaticUserFilter) to context logs
2019-07-13 10:55:01,379 INFO  http.HttpServer2 (HttpServer2.java:addFilter(958)) - Added filter static_user_filter (class=org.apache.hadoop.http.lib.StaticUserWebFilter$StaticUserFilter) to context static
2019-07-13 10:55:01,380 INFO  http.HttpServer2 (HttpServer2.java:bindListener(1191)) - Jetty bound to port 42508
2019-07-13 10:55:01,380 INFO  server.Server (Server.java:doStart(351)) - jetty-9.3.24.v20180605, build timestamp: 2018-06-05T17:11:56Z, git hash: 84205aa28f11a4f31f2a3b86d1bba2cc8ab69827
2019-07-13 10:55:01,382 INFO  handler.ContextHandler (ContextHandler.java:doStart(781)) - Started o.e.j.s.ServletContextHandler@1eb906f3{/logs,file:///tmp/workdir/hadoop-ozone/integration-test/target/log,AVAILABLE}
2019-07-13 10:55:01,382 INFO  handler.ContextHandler (ContextHandler.java:doStart(781)) - Started o.e.j.s.ServletContextHandler@74fc3fc7{/static,jar:file:/home/user/.m2/repository/org/apache/hadoop/hadoop-hdds-container-service/0.5.0-SNAPSHOT/hadoop-hdds-container-service-0.5.0-SNAPSHOT.jar!/webapps/static,AVAILABLE}
2019-07-13 10:55:01,409 INFO  handler.ContextHandler (ContextHandler.java:doStart(781)) - Started o.e.j.w.WebAppContext@8ac512e{/,file:///tmp/jetty-0.0.0.0-42508-hddsDatanode-_-any-4709562347493976534.dir/webapp/,AVAILABLE}{/hddsDatanode}
2019-07-13 10:55:01,410 INFO  server.AbstractConnector (AbstractConnector.java:doStart(278)) - Started ServerConnector@4bbc21bd{HTTP/1.1,[http/1.1]}{0.0.0.0:42508}
2019-07-13 10:55:01,412 INFO  server.Server (Server.java:doStart(419)) - Started @19999ms
2019-07-13 10:55:01,413 INFO  server.BaseHttpServer (BaseHttpServer.java:updateConnectorAddress(207)) - HTTP server of HDDSDATANODE is listening at http://0.0.0.0:42508
2019-07-13 10:55:01,528 INFO  ozone.HddsDatanodeService (HddsDatanodeService.java:startPlugins(396)) - Started plug-in org.apache.hadoop.ozone.web.OzoneHddsDatanodeService@52f43225
2019-07-13 10:55:01,529 INFO  impl.MetricsSystemImpl (MetricsSystemImpl.java:init(158)) - HddsDatanode metrics system started (again)
2019-07-13 10:55:01,529 INFO  ozone.HddsDatanodeService (HddsDatanodeService.java:start(185)) - HddsDatanodeService host:trunk-nightly-qcxv8-4293026562 ip:192.168.157.218
2019-07-13 10:55:01,530 INFO  util.JvmPauseMonitor (JvmPauseMonitor.java:run(188)) - Starting JVM pause monitor
2019-07-13 10:55:01,533 INFO  datanode.InitDatanodeState (InitDatanodeState.java:persistContainerDatanodeDetails(140)) - DatanodeDetails is persisted to /tmp/workdir/hadoop-ozone/integration-test/target/test-dir/MiniOzoneClusterImpl-af2d7b69-d49e-4290-9a11-748f9d8a2c7f/datanode-2/meta/datanode.id
2019-07-13 10:55:01,550 INFO  volume.HddsVolume (HddsVolume.java:<init>(176)) - Creating Volume: /tmp/workdir/hadoop-ozone/integration-test/target/test-dir/MiniOzoneClusterImpl-af2d7b69-d49e-4290-9a11-748f9d8a2c7f/datanode-3/data/containers/hdds of  storage type : DISK and capacity : 52710309888
2019-07-13 10:55:01,550 INFO  volume.VolumeSet (VolumeSet.java:initializeVolumeSet(170)) - Added Volume : /tmp/workdir/hadoop-ozone/integration-test/target/test-dir/MiniOzoneClusterImpl-af2d7b69-d49e-4290-9a11-748f9d8a2c7f/datanode-3/data/containers/hdds to VolumeSet
2019-07-13 10:55:01,550 INFO  volume.ThrottledAsyncChecker (ThrottledAsyncChecker.java:schedule(140)) - Scheduling a check for org.apache.hadoop.ozone.container.common.volume.HddsVolume@3e04abc5
2019-07-13 10:55:01,551 INFO  volume.HddsVolumeChecker (HddsVolumeChecker.java:checkAllVolumes(203)) - Scheduled health check for volume org.apache.hadoop.ozone.container.common.volume.HddsVolume@3e04abc5
2019-07-13 10:55:01,569 INFO  impl.RaftServerProxy (ConfUtils.java:logGet(43)) - raft.rpc.type = GRPC (default)
2019-07-13 10:55:01,569 INFO  grpc.GrpcFactory (GrpcFactory.java:checkPooledByteBufAllocatorUseCacheForAllThreads(45)) - PERFORMANCE WARNING: useCacheForAllThreads is true that may cause Netty to create a lot garbage objects and, as a result, trigger GC.
	It is recommended to disable useCacheForAllThreads by setting -Dorg.apache.ratis.thirdparty.io.netty.allocator.useCacheForAllThreads=false in command line.
2019-07-13 10:55:01,569 INFO  grpc.GrpcConfigKeys$Server (ConfUtils.java:logGet(43)) - raft.grpc.server.port = 0 (default)
2019-07-13 10:55:01,569 INFO  server.GrpcService (ConfUtils.java:logGet(43)) - raft.grpc.message.size.max = 33570816 (custom)
2019-07-13 10:55:01,570 INFO  server.RaftServerConfigKeys (ConfUtils.java:logGet(43)) - raft.server.log.appender.buffer.byte-limit = 33554432 (custom)
2019-07-13 10:55:01,570 INFO  server.GrpcService (ConfUtils.java:logGet(43)) - raft.grpc.flow.control.window = 1MB (=1048576) (default)
2019-07-13 10:55:01,570 INFO  server.RaftServerConfigKeys (ConfUtils.java:logGet(43)) - raft.server.rpc.request.timeout = 3000ms (default)
2019-07-13 10:55:01,570 INFO  server.RaftServerConfigKeys (ConfUtils.java:logGet(43)) - raft.server.storage.dir = [/tmp/workdir/hadoop-ozone/integration-test/target/test-dir/MiniOzoneClusterImpl-af2d7b69-d49e-4290-9a11-748f9d8a2c7f/datanode-3/data/ratis] (custom)
2019-07-13 10:55:01,571 INFO  replication.SimpleContainerDownloader (SimpleContainerDownloader.java:<init>(72)) - Starting container downloader service to copy containers to replicate.
2019-07-13 10:55:01,572 INFO  hdfs.DFSUtil (DFSUtil.java:httpServerTemplateForNNAndJN(1641)) - Starting Web-server for hddsDatanode at: http://0.0.0.0:0
2019-07-13 10:55:01,573 INFO  server.AuthenticationFilter (AuthenticationFilter.java:constructSecretProvider(240)) - Unable to initialize FileSignerSecretProvider, falling back to use random secrets.
2019-07-13 10:55:01,574 WARN  http.HttpRequestLog (HttpRequestLog.java:getRequestLog(97)) - Jetty request log can only be enabled using Log4j
2019-07-13 10:55:01,575 INFO  http.HttpServer2 (HttpServer2.java:addGlobalFilter(975)) - Added global filter 'safety' (class=org.apache.hadoop.http.HttpServer2$QuotingInputFilter)
2019-07-13 10:55:01,575 INFO  http.HttpServer2 (HttpServer2.java:addFilter(948)) - Added filter static_user_filter (class=org.apache.hadoop.http.lib.StaticUserWebFilter$StaticUserFilter) to context hddsDatanode
2019-07-13 10:55:01,576 INFO  http.HttpServer2 (HttpServer2.java:addFilter(958)) - Added filter static_user_filter (class=org.apache.hadoop.http.lib.StaticUserWebFilter$StaticUserFilter) to context static
2019-07-13 10:55:01,576 INFO  http.HttpServer2 (HttpServer2.java:addFilter(958)) - Added filter static_user_filter (class=org.apache.hadoop.http.lib.StaticUserWebFilter$StaticUserFilter) to context logs
2019-07-13 10:55:01,576 INFO  http.HttpServer2 (HttpServer2.java:bindListener(1191)) - Jetty bound to port 33970
2019-07-13 10:55:01,577 INFO  server.Server (Server.java:doStart(351)) - jetty-9.3.24.v20180605, build timestamp: 2018-06-05T17:11:56Z, git hash: 84205aa28f11a4f31f2a3b86d1bba2cc8ab69827
2019-07-13 10:55:01,578 INFO  handler.ContextHandler (ContextHandler.java:doStart(781)) - Started o.e.j.s.ServletContextHandler@28b5662d{/logs,file:///tmp/workdir/hadoop-ozone/integration-test/target/log,AVAILABLE}
2019-07-13 10:55:01,579 INFO  handler.ContextHandler (ContextHandler.java:doStart(781)) - Started o.e.j.s.ServletContextHandler@7e4ac598{/static,jar:file:/home/user/.m2/repository/org/apache/hadoop/hadoop-hdds-container-service/0.5.0-SNAPSHOT/hadoop-hdds-container-service-0.5.0-SNAPSHOT.jar!/webapps/static,AVAILABLE}
2019-07-13 10:55:01,606 INFO  handler.ContextHandler (ContextHandler.java:doStart(781)) - Started o.e.j.w.WebAppContext@48106381{/,file:///tmp/jetty-0.0.0.0-33970-hddsDatanode-_-any-5947638369831556469.dir/webapp/,AVAILABLE}{/hddsDatanode}
2019-07-13 10:55:01,606 INFO  server.AbstractConnector (AbstractConnector.java:doStart(278)) - Started ServerConnector@3c544c9{HTTP/1.1,[http/1.1]}{0.0.0.0:33970}
2019-07-13 10:55:01,609 INFO  server.Server (Server.java:doStart(419)) - Started @20196ms
2019-07-13 10:55:01,610 INFO  server.BaseHttpServer (BaseHttpServer.java:updateConnectorAddress(207)) - HTTP server of HDDSDATANODE is listening at http://0.0.0.0:33970
2019-07-13 10:55:01,724 INFO  ozone.HddsDatanodeService (HddsDatanodeService.java:startPlugins(396)) - Started plug-in org.apache.hadoop.ozone.web.OzoneHddsDatanodeService@cf9bd1e
2019-07-13 10:55:01,724 INFO  impl.MetricsSystemImpl (MetricsSystemImpl.java:init(158)) - HddsDatanode metrics system started (again)
2019-07-13 10:55:01,724 INFO  ozone.HddsDatanodeService (HddsDatanodeService.java:start(185)) - HddsDatanodeService host:trunk-nightly-qcxv8-4293026562 ip:192.168.157.218
2019-07-13 10:55:01,726 INFO  util.JvmPauseMonitor (JvmPauseMonitor.java:run(188)) - Starting JVM pause monitor
2019-07-13 10:55:01,728 INFO  datanode.InitDatanodeState (InitDatanodeState.java:persistContainerDatanodeDetails(140)) - DatanodeDetails is persisted to /tmp/workdir/hadoop-ozone/integration-test/target/test-dir/MiniOzoneClusterImpl-af2d7b69-d49e-4290-9a11-748f9d8a2c7f/datanode-3/meta/datanode.id
2019-07-13 10:55:01,739 INFO  volume.HddsVolume (HddsVolume.java:<init>(176)) - Creating Volume: /tmp/workdir/hadoop-ozone/integration-test/target/test-dir/MiniOzoneClusterImpl-af2d7b69-d49e-4290-9a11-748f9d8a2c7f/datanode-4/data/containers/hdds of  storage type : DISK and capacity : 52710309888
2019-07-13 10:55:01,739 INFO  volume.VolumeSet (VolumeSet.java:initializeVolumeSet(170)) - Added Volume : /tmp/workdir/hadoop-ozone/integration-test/target/test-dir/MiniOzoneClusterImpl-af2d7b69-d49e-4290-9a11-748f9d8a2c7f/datanode-4/data/containers/hdds to VolumeSet
2019-07-13 10:55:01,739 INFO  volume.ThrottledAsyncChecker (ThrottledAsyncChecker.java:schedule(140)) - Scheduling a check for org.apache.hadoop.ozone.container.common.volume.HddsVolume@92e2c93
2019-07-13 10:55:01,740 INFO  volume.HddsVolumeChecker (HddsVolumeChecker.java:checkAllVolumes(203)) - Scheduled health check for volume org.apache.hadoop.ozone.container.common.volume.HddsVolume@92e2c93
2019-07-13 10:55:01,761 INFO  impl.RaftServerProxy (ConfUtils.java:logGet(43)) - raft.rpc.type = GRPC (default)
2019-07-13 10:55:01,761 INFO  grpc.GrpcFactory (GrpcFactory.java:checkPooledByteBufAllocatorUseCacheForAllThreads(45)) - PERFORMANCE WARNING: useCacheForAllThreads is true that may cause Netty to create a lot garbage objects and, as a result, trigger GC.
	It is recommended to disable useCacheForAllThreads by setting -Dorg.apache.ratis.thirdparty.io.netty.allocator.useCacheForAllThreads=false in command line.
2019-07-13 10:55:01,762 INFO  grpc.GrpcConfigKeys$Server (ConfUtils.java:logGet(43)) - raft.grpc.server.port = 0 (default)
2019-07-13 10:55:01,762 INFO  server.GrpcService (ConfUtils.java:logGet(43)) - raft.grpc.message.size.max = 33570816 (custom)
2019-07-13 10:55:01,762 INFO  server.RaftServerConfigKeys (ConfUtils.java:logGet(43)) - raft.server.log.appender.buffer.byte-limit = 33554432 (custom)
2019-07-13 10:55:01,763 INFO  server.GrpcService (ConfUtils.java:logGet(43)) - raft.grpc.flow.control.window = 1MB (=1048576) (default)
2019-07-13 10:55:01,763 INFO  server.RaftServerConfigKeys (ConfUtils.java:logGet(43)) - raft.server.rpc.request.timeout = 3000ms (default)
2019-07-13 10:55:01,764 INFO  server.RaftServerConfigKeys (ConfUtils.java:logGet(43)) - raft.server.storage.dir = [/tmp/workdir/hadoop-ozone/integration-test/target/test-dir/MiniOzoneClusterImpl-af2d7b69-d49e-4290-9a11-748f9d8a2c7f/datanode-4/data/ratis] (custom)
2019-07-13 10:55:01,765 INFO  replication.SimpleContainerDownloader (SimpleContainerDownloader.java:<init>(72)) - Starting container downloader service to copy containers to replicate.
2019-07-13 10:55:01,766 INFO  hdfs.DFSUtil (DFSUtil.java:httpServerTemplateForNNAndJN(1641)) - Starting Web-server for hddsDatanode at: http://0.0.0.0:0
2019-07-13 10:55:01,769 INFO  server.AuthenticationFilter (AuthenticationFilter.java:constructSecretProvider(240)) - Unable to initialize FileSignerSecretProvider, falling back to use random secrets.
2019-07-13 10:55:01,769 WARN  http.HttpRequestLog (HttpRequestLog.java:getRequestLog(97)) - Jetty request log can only be enabled using Log4j
2019-07-13 10:55:01,771 INFO  http.HttpServer2 (HttpServer2.java:addGlobalFilter(975)) - Added global filter 'safety' (class=org.apache.hadoop.http.HttpServer2$QuotingInputFilter)
2019-07-13 10:55:01,772 INFO  http.HttpServer2 (HttpServer2.java:addFilter(948)) - Added filter static_user_filter (class=org.apache.hadoop.http.lib.StaticUserWebFilter$StaticUserFilter) to context hddsDatanode
2019-07-13 10:55:01,772 INFO  http.HttpServer2 (HttpServer2.java:addFilter(958)) - Added filter static_user_filter (class=org.apache.hadoop.http.lib.StaticUserWebFilter$StaticUserFilter) to context logs
2019-07-13 10:55:01,773 INFO  http.HttpServer2 (HttpServer2.java:addFilter(958)) - Added filter static_user_filter (class=org.apache.hadoop.http.lib.StaticUserWebFilter$StaticUserFilter) to context static
2019-07-13 10:55:01,774 INFO  http.HttpServer2 (HttpServer2.java:bindListener(1191)) - Jetty bound to port 37292
2019-07-13 10:55:01,774 INFO  server.Server (Server.java:doStart(351)) - jetty-9.3.24.v20180605, build timestamp: 2018-06-05T17:11:56Z, git hash: 84205aa28f11a4f31f2a3b86d1bba2cc8ab69827
2019-07-13 10:55:01,777 INFO  handler.ContextHandler (ContextHandler.java:doStart(781)) - Started o.e.j.s.ServletContextHandler@4b360972{/logs,file:///tmp/workdir/hadoop-ozone/integration-test/target/log,AVAILABLE}
2019-07-13 10:55:01,777 INFO  handler.ContextHandler (ContextHandler.java:doStart(781)) - Started o.e.j.s.ServletContextHandler@68821f6{/static,jar:file:/home/user/.m2/repository/org/apache/hadoop/hadoop-hdds-container-service/0.5.0-SNAPSHOT/hadoop-hdds-container-service-0.5.0-SNAPSHOT.jar!/webapps/static,AVAILABLE}
2019-07-13 10:55:01,817 INFO  handler.ContextHandler (ContextHandler.java:doStart(781)) - Started o.e.j.w.WebAppContext@521a506c{/,file:///tmp/jetty-0.0.0.0-37292-hddsDatanode-_-any-3563225197324847789.dir/webapp/,AVAILABLE}{/hddsDatanode}
2019-07-13 10:55:01,817 INFO  server.AbstractConnector (AbstractConnector.java:doStart(278)) - Started ServerConnector@3c64339f{HTTP/1.1,[http/1.1]}{0.0.0.0:37292}
2019-07-13 10:55:01,820 INFO  server.Server (Server.java:doStart(419)) - Started @20407ms
2019-07-13 10:55:01,821 INFO  server.BaseHttpServer (BaseHttpServer.java:updateConnectorAddress(207)) - HTTP server of HDDSDATANODE is listening at http://0.0.0.0:37292
2019-07-13 10:55:01,941 INFO  ozone.HddsDatanodeService (HddsDatanodeService.java:startPlugins(396)) - Started plug-in org.apache.hadoop.ozone.web.OzoneHddsDatanodeService@76dc36e5
2019-07-13 10:55:01,941 INFO  impl.MetricsSystemImpl (MetricsSystemImpl.java:init(158)) - HddsDatanode metrics system started (again)
2019-07-13 10:55:01,941 INFO  ozone.HddsDatanodeService (HddsDatanodeService.java:start(185)) - HddsDatanodeService host:trunk-nightly-qcxv8-4293026562 ip:192.168.157.218
2019-07-13 10:55:01,943 INFO  util.JvmPauseMonitor (JvmPauseMonitor.java:run(188)) - Starting JVM pause monitor
2019-07-13 10:55:01,945 INFO  datanode.InitDatanodeState (InitDatanodeState.java:persistContainerDatanodeDetails(140)) - DatanodeDetails is persisted to /tmp/workdir/hadoop-ozone/integration-test/target/test-dir/MiniOzoneClusterImpl-af2d7b69-d49e-4290-9a11-748f9d8a2c7f/datanode-4/meta/datanode.id
2019-07-13 10:55:01,955 INFO  volume.HddsVolume (HddsVolume.java:<init>(176)) - Creating Volume: /tmp/workdir/hadoop-ozone/integration-test/target/test-dir/MiniOzoneClusterImpl-af2d7b69-d49e-4290-9a11-748f9d8a2c7f/datanode-5/data/containers/hdds of  storage type : DISK and capacity : 52710309888
2019-07-13 10:55:01,955 INFO  volume.VolumeSet (VolumeSet.java:initializeVolumeSet(170)) - Added Volume : /tmp/workdir/hadoop-ozone/integration-test/target/test-dir/MiniOzoneClusterImpl-af2d7b69-d49e-4290-9a11-748f9d8a2c7f/datanode-5/data/containers/hdds to VolumeSet
2019-07-13 10:55:01,956 INFO  volume.ThrottledAsyncChecker (ThrottledAsyncChecker.java:schedule(140)) - Scheduling a check for org.apache.hadoop.ozone.container.common.volume.HddsVolume@2c54c497
2019-07-13 10:55:01,956 INFO  volume.HddsVolumeChecker (HddsVolumeChecker.java:checkAllVolumes(203)) - Scheduled health check for volume org.apache.hadoop.ozone.container.common.volume.HddsVolume@2c54c497
2019-07-13 10:55:01,979 INFO  impl.RaftServerProxy (ConfUtils.java:logGet(43)) - raft.rpc.type = GRPC (default)
2019-07-13 10:55:01,979 INFO  grpc.GrpcFactory (GrpcFactory.java:checkPooledByteBufAllocatorUseCacheForAllThreads(45)) - PERFORMANCE WARNING: useCacheForAllThreads is true that may cause Netty to create a lot garbage objects and, as a result, trigger GC.
	It is recommended to disable useCacheForAllThreads by setting -Dorg.apache.ratis.thirdparty.io.netty.allocator.useCacheForAllThreads=false in command line.
2019-07-13 10:55:01,979 INFO  grpc.GrpcConfigKeys$Server (ConfUtils.java:logGet(43)) - raft.grpc.server.port = 0 (default)
2019-07-13 10:55:01,980 INFO  server.GrpcService (ConfUtils.java:logGet(43)) - raft.grpc.message.size.max = 33570816 (custom)
2019-07-13 10:55:01,980 INFO  server.RaftServerConfigKeys (ConfUtils.java:logGet(43)) - raft.server.log.appender.buffer.byte-limit = 33554432 (custom)
2019-07-13 10:55:01,980 INFO  server.GrpcService (ConfUtils.java:logGet(43)) - raft.grpc.flow.control.window = 1MB (=1048576) (default)
2019-07-13 10:55:01,980 INFO  server.RaftServerConfigKeys (ConfUtils.java:logGet(43)) - raft.server.rpc.request.timeout = 3000ms (default)
2019-07-13 10:55:01,981 INFO  server.RaftServerConfigKeys (ConfUtils.java:logGet(43)) - raft.server.storage.dir = [/tmp/workdir/hadoop-ozone/integration-test/target/test-dir/MiniOzoneClusterImpl-af2d7b69-d49e-4290-9a11-748f9d8a2c7f/datanode-5/data/ratis] (custom)
2019-07-13 10:55:01,981 INFO  replication.SimpleContainerDownloader (SimpleContainerDownloader.java:<init>(72)) - Starting container downloader service to copy containers to replicate.
2019-07-13 10:55:01,982 INFO  hdfs.DFSUtil (DFSUtil.java:httpServerTemplateForNNAndJN(1641)) - Starting Web-server for hddsDatanode at: http://0.0.0.0:0
2019-07-13 10:55:01,983 INFO  server.AuthenticationFilter (AuthenticationFilter.java:constructSecretProvider(240)) - Unable to initialize FileSignerSecretProvider, falling back to use random secrets.
2019-07-13 10:55:01,984 WARN  http.HttpRequestLog (HttpRequestLog.java:getRequestLog(97)) - Jetty request log can only be enabled using Log4j
2019-07-13 10:55:01,985 INFO  http.HttpServer2 (HttpServer2.java:addGlobalFilter(975)) - Added global filter 'safety' (class=org.apache.hadoop.http.HttpServer2$QuotingInputFilter)
2019-07-13 10:55:01,985 INFO  http.HttpServer2 (HttpServer2.java:addFilter(948)) - Added filter static_user_filter (class=org.apache.hadoop.http.lib.StaticUserWebFilter$StaticUserFilter) to context hddsDatanode
2019-07-13 10:55:01,985 INFO  http.HttpServer2 (HttpServer2.java:addFilter(958)) - Added filter static_user_filter (class=org.apache.hadoop.http.lib.StaticUserWebFilter$StaticUserFilter) to context logs
2019-07-13 10:55:01,986 INFO  http.HttpServer2 (HttpServer2.java:addFilter(958)) - Added filter static_user_filter (class=org.apache.hadoop.http.lib.StaticUserWebFilter$StaticUserFilter) to context static
2019-07-13 10:55:01,986 INFO  http.HttpServer2 (HttpServer2.java:bindListener(1191)) - Jetty bound to port 45222
2019-07-13 10:55:01,986 INFO  server.Server (Server.java:doStart(351)) - jetty-9.3.24.v20180605, build timestamp: 2018-06-05T17:11:56Z, git hash: 84205aa28f11a4f31f2a3b86d1bba2cc8ab69827
2019-07-13 10:55:01,988 INFO  handler.ContextHandler (ContextHandler.java:doStart(781)) - Started o.e.j.s.ServletContextHandler@4db46344{/logs,file:///tmp/workdir/hadoop-ozone/integration-test/target/log,AVAILABLE}
2019-07-13 10:55:01,988 INFO  handler.ContextHandler (ContextHandler.java:doStart(781)) - Started o.e.j.s.ServletContextHandler@702b656a{/static,jar:file:/home/user/.m2/repository/org/apache/hadoop/hadoop-hdds-container-service/0.5.0-SNAPSHOT/hadoop-hdds-container-service-0.5.0-SNAPSHOT.jar!/webapps/static,AVAILABLE}
2019-07-13 10:55:02,015 INFO  handler.ContextHandler (ContextHandler.java:doStart(781)) - Started o.e.j.w.WebAppContext@70ecf57b{/,file:///tmp/jetty-0.0.0.0-45222-hddsDatanode-_-any-5270321569616868810.dir/webapp/,AVAILABLE}{/hddsDatanode}
2019-07-13 10:55:02,016 INFO  server.AbstractConnector (AbstractConnector.java:doStart(278)) - Started ServerConnector@4e5364a3{HTTP/1.1,[http/1.1]}{0.0.0.0:45222}
2019-07-13 10:55:02,019 INFO  server.Server (Server.java:doStart(419)) - Started @20605ms
2019-07-13 10:55:02,019 INFO  server.BaseHttpServer (BaseHttpServer.java:updateConnectorAddress(207)) - HTTP server of HDDSDATANODE is listening at http://0.0.0.0:45222
2019-07-13 10:55:02,135 INFO  ozone.HddsDatanodeService (HddsDatanodeService.java:startPlugins(396)) - Started plug-in org.apache.hadoop.ozone.web.OzoneHddsDatanodeService@1d2c253
2019-07-13 10:55:02,135 INFO  impl.MetricsSystemImpl (MetricsSystemImpl.java:init(158)) - HddsDatanode metrics system started (again)
2019-07-13 10:55:02,136 INFO  ozone.HddsDatanodeService (HddsDatanodeService.java:start(185)) - HddsDatanodeService host:trunk-nightly-qcxv8-4293026562 ip:192.168.157.218
2019-07-13 10:55:02,137 INFO  util.JvmPauseMonitor (JvmPauseMonitor.java:run(188)) - Starting JVM pause monitor
2019-07-13 10:55:02,139 INFO  datanode.InitDatanodeState (InitDatanodeState.java:persistContainerDatanodeDetails(140)) - DatanodeDetails is persisted to /tmp/workdir/hadoop-ozone/integration-test/target/test-dir/MiniOzoneClusterImpl-af2d7b69-d49e-4290-9a11-748f9d8a2c7f/datanode-5/meta/datanode.id
2019-07-13 10:55:02,150 INFO  volume.HddsVolume (HddsVolume.java:<init>(176)) - Creating Volume: /tmp/workdir/hadoop-ozone/integration-test/target/test-dir/MiniOzoneClusterImpl-af2d7b69-d49e-4290-9a11-748f9d8a2c7f/datanode-6/data/containers/hdds of  storage type : DISK and capacity : 52710309888
2019-07-13 10:55:02,150 INFO  volume.VolumeSet (VolumeSet.java:initializeVolumeSet(170)) - Added Volume : /tmp/workdir/hadoop-ozone/integration-test/target/test-dir/MiniOzoneClusterImpl-af2d7b69-d49e-4290-9a11-748f9d8a2c7f/datanode-6/data/containers/hdds to VolumeSet
2019-07-13 10:55:02,150 INFO  volume.ThrottledAsyncChecker (ThrottledAsyncChecker.java:schedule(140)) - Scheduling a check for org.apache.hadoop.ozone.container.common.volume.HddsVolume@41bd6a0f
2019-07-13 10:55:02,151 INFO  volume.HddsVolumeChecker (HddsVolumeChecker.java:checkAllVolumes(203)) - Scheduled health check for volume org.apache.hadoop.ozone.container.common.volume.HddsVolume@41bd6a0f
2019-07-13 10:55:02,168 INFO  impl.RaftServerProxy (ConfUtils.java:logGet(43)) - raft.rpc.type = GRPC (default)
2019-07-13 10:55:02,168 INFO  grpc.GrpcFactory (GrpcFactory.java:checkPooledByteBufAllocatorUseCacheForAllThreads(45)) - PERFORMANCE WARNING: useCacheForAllThreads is true that may cause Netty to create a lot garbage objects and, as a result, trigger GC.
	It is recommended to disable useCacheForAllThreads by setting -Dorg.apache.ratis.thirdparty.io.netty.allocator.useCacheForAllThreads=false in command line.
2019-07-13 10:55:02,168 INFO  grpc.GrpcConfigKeys$Server (ConfUtils.java:logGet(43)) - raft.grpc.server.port = 0 (default)
2019-07-13 10:55:02,168 INFO  server.GrpcService (ConfUtils.java:logGet(43)) - raft.grpc.message.size.max = 33570816 (custom)
2019-07-13 10:55:02,169 INFO  server.RaftServerConfigKeys (ConfUtils.java:logGet(43)) - raft.server.log.appender.buffer.byte-limit = 33554432 (custom)
2019-07-13 10:55:02,169 INFO  server.GrpcService (ConfUtils.java:logGet(43)) - raft.grpc.flow.control.window = 1MB (=1048576) (default)
2019-07-13 10:55:02,169 INFO  server.RaftServerConfigKeys (ConfUtils.java:logGet(43)) - raft.server.rpc.request.timeout = 3000ms (default)
2019-07-13 10:55:02,169 INFO  server.RaftServerConfigKeys (ConfUtils.java:logGet(43)) - raft.server.storage.dir = [/tmp/workdir/hadoop-ozone/integration-test/target/test-dir/MiniOzoneClusterImpl-af2d7b69-d49e-4290-9a11-748f9d8a2c7f/datanode-6/data/ratis] (custom)
2019-07-13 10:55:02,170 INFO  replication.SimpleContainerDownloader (SimpleContainerDownloader.java:<init>(72)) - Starting container downloader service to copy containers to replicate.
2019-07-13 10:55:02,171 INFO  hdfs.DFSUtil (DFSUtil.java:httpServerTemplateForNNAndJN(1641)) - Starting Web-server for hddsDatanode at: http://0.0.0.0:0
2019-07-13 10:55:02,172 INFO  server.AuthenticationFilter (AuthenticationFilter.java:constructSecretProvider(240)) - Unable to initialize FileSignerSecretProvider, falling back to use random secrets.
2019-07-13 10:55:02,173 WARN  http.HttpRequestLog (HttpRequestLog.java:getRequestLog(97)) - Jetty request log can only be enabled using Log4j
2019-07-13 10:55:02,174 INFO  http.HttpServer2 (HttpServer2.java:addGlobalFilter(975)) - Added global filter 'safety' (class=org.apache.hadoop.http.HttpServer2$QuotingInputFilter)
2019-07-13 10:55:02,174 INFO  http.HttpServer2 (HttpServer2.java:addFilter(948)) - Added filter static_user_filter (class=org.apache.hadoop.http.lib.StaticUserWebFilter$StaticUserFilter) to context hddsDatanode
2019-07-13 10:55:02,174 INFO  http.HttpServer2 (HttpServer2.java:addFilter(958)) - Added filter static_user_filter (class=org.apache.hadoop.http.lib.StaticUserWebFilter$StaticUserFilter) to context static
2019-07-13 10:55:02,175 INFO  http.HttpServer2 (HttpServer2.java:addFilter(958)) - Added filter static_user_filter (class=org.apache.hadoop.http.lib.StaticUserWebFilter$StaticUserFilter) to context logs
2019-07-13 10:55:02,175 INFO  http.HttpServer2 (HttpServer2.java:bindListener(1191)) - Jetty bound to port 41618
2019-07-13 10:55:02,176 INFO  server.Server (Server.java:doStart(351)) - jetty-9.3.24.v20180605, build timestamp: 2018-06-05T17:11:56Z, git hash: 84205aa28f11a4f31f2a3b86d1bba2cc8ab69827
2019-07-13 10:55:02,177 INFO  handler.ContextHandler (ContextHandler.java:doStart(781)) - Started o.e.j.s.ServletContextHandler@7227926b{/logs,file:///tmp/workdir/hadoop-ozone/integration-test/target/log,AVAILABLE}
2019-07-13 10:55:02,178 INFO  handler.ContextHandler (ContextHandler.java:doStart(781)) - Started o.e.j.s.ServletContextHandler@556aed22{/static,jar:file:/home/user/.m2/repository/org/apache/hadoop/hadoop-hdds-container-service/0.5.0-SNAPSHOT/hadoop-hdds-container-service-0.5.0-SNAPSHOT.jar!/webapps/static,AVAILABLE}
2019-07-13 10:55:02,204 INFO  handler.ContextHandler (ContextHandler.java:doStart(781)) - Started o.e.j.w.WebAppContext@2b3b1124{/,file:///tmp/jetty-0.0.0.0-41618-hddsDatanode-_-any-7256035656762475933.dir/webapp/,AVAILABLE}{/hddsDatanode}
2019-07-13 10:55:02,205 INFO  server.AbstractConnector (AbstractConnector.java:doStart(278)) - Started ServerConnector@54286339{HTTP/1.1,[http/1.1]}{0.0.0.0:41618}
2019-07-13 10:55:02,208 INFO  server.Server (Server.java:doStart(419)) - Started @20795ms
2019-07-13 10:55:02,209 INFO  server.BaseHttpServer (BaseHttpServer.java:updateConnectorAddress(207)) - HTTP server of HDDSDATANODE is listening at http://0.0.0.0:41618
2019-07-13 10:55:02,343 INFO  ozone.HddsDatanodeService (HddsDatanodeService.java:startPlugins(396)) - Started plug-in org.apache.hadoop.ozone.web.OzoneHddsDatanodeService@5724c7da
2019-07-13 10:55:02,343 INFO  ozone.MiniOzoneClusterImpl (MiniOzoneClusterImpl.java:lambda$waitForClusterToBeReady$0(142)) - Waiting for cluster to be ready. Got 0 of 7 DN Heartbeats.
2019-07-13 10:55:02,345 INFO  util.JvmPauseMonitor (JvmPauseMonitor.java:run(188)) - Starting JVM pause monitor
2019-07-13 10:55:02,347 INFO  datanode.InitDatanodeState (InitDatanodeState.java:persistContainerDatanodeDetails(140)) - DatanodeDetails is persisted to /tmp/workdir/hadoop-ozone/integration-test/target/test-dir/MiniOzoneClusterImpl-af2d7b69-d49e-4290-9a11-748f9d8a2c7f/datanode-6/meta/datanode.id
2019-07-13 10:55:03,110 INFO  ozoneimpl.OzoneContainer (OzoneContainer.java:start(186)) - Attempting to start container services.
2019-07-13 10:55:03,110 INFO  ozoneimpl.OzoneContainer (OzoneContainer.java:startContainerScrub(160)) - Background container scrubber has been disabled by hdds.containerscrub.enabled
2019-07-13 10:55:03,110 INFO  ratis.XceiverServerRatis (XceiverServerRatis.java:start(418)) - Starting XceiverServerRatis 79275473-252c-4e04-9cac-7eb987bd2a95 at port 0
2019-07-13 10:55:03,118 INFO  impl.RaftServerProxy (RaftServerProxy.java:lambda$start$3(299)) - 79275473-252c-4e04-9cac-7eb987bd2a95: start RPC server
2019-07-13 10:55:03,119 INFO  server.GrpcService (GrpcService.java:startImpl(149)) - 79275473-252c-4e04-9cac-7eb987bd2a95: GrpcService started, listening on 0.0.0.0/0.0.0.0:45031
2019-07-13 10:55:03,119 INFO  ratis.XceiverServerRatis (XceiverServerRatis.java:start(428)) - XceiverServerRatis 79275473-252c-4e04-9cac-7eb987bd2a95 is started using port 45031
2019-07-13 10:55:03,121 INFO  server.XceiverServerGrpc (XceiverServerGrpc.java:start(161)) - XceiverServerGrpc 79275473-252c-4e04-9cac-7eb987bd2a95 is started using port 38193
2019-07-13 10:55:03,343 INFO  ozone.MiniOzoneClusterImpl (MiniOzoneClusterImpl.java:lambda$waitForClusterToBeReady$0(142)) - Waiting for cluster to be ready. Got 0 of 7 DN Heartbeats.
2019-07-13 10:55:03,366 INFO  ozoneimpl.OzoneContainer (OzoneContainer.java:start(186)) - Attempting to start container services.
2019-07-13 10:55:03,366 INFO  ozoneimpl.OzoneContainer (OzoneContainer.java:startContainerScrub(160)) - Background container scrubber has been disabled by hdds.containerscrub.enabled
2019-07-13 10:55:03,366 INFO  ratis.XceiverServerRatis (XceiverServerRatis.java:start(418)) - Starting XceiverServerRatis dd49809b-afd6-45a0-bb24-8de0a4d65af2 at port 0
2019-07-13 10:55:03,374 INFO  impl.RaftServerProxy (RaftServerProxy.java:lambda$start$3(299)) - dd49809b-afd6-45a0-bb24-8de0a4d65af2: start RPC server
2019-07-13 10:55:03,380 INFO  server.GrpcService (GrpcService.java:startImpl(149)) - dd49809b-afd6-45a0-bb24-8de0a4d65af2: GrpcService started, listening on 0.0.0.0/0.0.0.0:33745
2019-07-13 10:55:03,380 INFO  ratis.XceiverServerRatis (XceiverServerRatis.java:start(428)) - XceiverServerRatis dd49809b-afd6-45a0-bb24-8de0a4d65af2 is started using port 33745
2019-07-13 10:55:03,402 INFO  server.XceiverServerGrpc (XceiverServerGrpc.java:start(161)) - XceiverServerGrpc dd49809b-afd6-45a0-bb24-8de0a4d65af2 is started using port 35016
2019-07-13 10:55:03,558 INFO  ozoneimpl.OzoneContainer (OzoneContainer.java:start(186)) - Attempting to start container services.
2019-07-13 10:55:03,558 INFO  ozoneimpl.OzoneContainer (OzoneContainer.java:startContainerScrub(160)) - Background container scrubber has been disabled by hdds.containerscrub.enabled
2019-07-13 10:55:03,558 INFO  ratis.XceiverServerRatis (XceiverServerRatis.java:start(418)) - Starting XceiverServerRatis 92a6e662-b1d3-4b00-aa21-55ca30f95d1a at port 0
2019-07-13 10:55:03,567 INFO  impl.RaftServerProxy (RaftServerProxy.java:lambda$start$3(299)) - 92a6e662-b1d3-4b00-aa21-55ca30f95d1a: start RPC server
2019-07-13 10:55:03,569 INFO  server.GrpcService (GrpcService.java:startImpl(149)) - 92a6e662-b1d3-4b00-aa21-55ca30f95d1a: GrpcService started, listening on 0.0.0.0/0.0.0.0:33012
2019-07-13 10:55:03,569 INFO  ratis.XceiverServerRatis (XceiverServerRatis.java:start(428)) - XceiverServerRatis 92a6e662-b1d3-4b00-aa21-55ca30f95d1a is started using port 33012
2019-07-13 10:55:03,586 INFO  server.XceiverServerGrpc (XceiverServerGrpc.java:start(161)) - XceiverServerGrpc 92a6e662-b1d3-4b00-aa21-55ca30f95d1a is started using port 32857
2019-07-13 10:55:03,790 INFO  ozoneimpl.OzoneContainer (OzoneContainer.java:start(186)) - Attempting to start container services.
2019-07-13 10:55:03,791 INFO  ozoneimpl.OzoneContainer (OzoneContainer.java:startContainerScrub(160)) - Background container scrubber has been disabled by hdds.containerscrub.enabled
2019-07-13 10:55:03,791 INFO  ratis.XceiverServerRatis (XceiverServerRatis.java:start(418)) - Starting XceiverServerRatis 78c23eae-0238-4f30-9c41-67238fcc5c5b at port 0
2019-07-13 10:55:03,799 INFO  impl.RaftServerProxy (RaftServerProxy.java:lambda$start$3(299)) - 78c23eae-0238-4f30-9c41-67238fcc5c5b: start RPC server
2019-07-13 10:55:03,800 INFO  server.GrpcService (GrpcService.java:startImpl(149)) - 78c23eae-0238-4f30-9c41-67238fcc5c5b: GrpcService started, listening on 0.0.0.0/0.0.0.0:39923
2019-07-13 10:55:03,800 INFO  ratis.XceiverServerRatis (XceiverServerRatis.java:start(428)) - XceiverServerRatis 78c23eae-0238-4f30-9c41-67238fcc5c5b is started using port 39923
2019-07-13 10:55:03,801 INFO  server.XceiverServerGrpc (XceiverServerGrpc.java:start(161)) - XceiverServerGrpc 78c23eae-0238-4f30-9c41-67238fcc5c5b is started using port 34135
2019-07-13 10:55:03,952 INFO  ozoneimpl.OzoneContainer (OzoneContainer.java:start(186)) - Attempting to start container services.
2019-07-13 10:55:03,952 INFO  ozoneimpl.OzoneContainer (OzoneContainer.java:startContainerScrub(160)) - Background container scrubber has been disabled by hdds.containerscrub.enabled
2019-07-13 10:55:03,953 INFO  ratis.XceiverServerRatis (XceiverServerRatis.java:start(418)) - Starting XceiverServerRatis e2d1d225-c837-405f-bac3-be921dc3c71c at port 0
2019-07-13 10:55:03,961 INFO  impl.RaftServerProxy (RaftServerProxy.java:lambda$start$3(299)) - e2d1d225-c837-405f-bac3-be921dc3c71c: start RPC server
2019-07-13 10:55:03,962 INFO  server.GrpcService (GrpcService.java:startImpl(149)) - e2d1d225-c837-405f-bac3-be921dc3c71c: GrpcService started, listening on 0.0.0.0/0.0.0.0:43612
2019-07-13 10:55:03,962 INFO  ratis.XceiverServerRatis (XceiverServerRatis.java:start(428)) - XceiverServerRatis e2d1d225-c837-405f-bac3-be921dc3c71c is started using port 43612
2019-07-13 10:55:03,968 INFO  server.XceiverServerGrpc (XceiverServerGrpc.java:start(161)) - XceiverServerGrpc e2d1d225-c837-405f-bac3-be921dc3c71c is started using port 38539
2019-07-13 10:55:04,144 INFO  ozoneimpl.OzoneContainer (OzoneContainer.java:start(186)) - Attempting to start container services.
2019-07-13 10:55:04,144 INFO  ozoneimpl.OzoneContainer (OzoneContainer.java:startContainerScrub(160)) - Background container scrubber has been disabled by hdds.containerscrub.enabled
2019-07-13 10:55:04,145 INFO  ratis.XceiverServerRatis (XceiverServerRatis.java:start(418)) - Starting XceiverServerRatis 21a46591-6e6a-4cd8-b431-241423caeead at port 0
2019-07-13 10:55:04,153 INFO  impl.RaftServerProxy (RaftServerProxy.java:lambda$start$3(299)) - 21a46591-6e6a-4cd8-b431-241423caeead: start RPC server
2019-07-13 10:55:04,154 INFO  server.GrpcService (GrpcService.java:startImpl(149)) - 21a46591-6e6a-4cd8-b431-241423caeead: GrpcService started, listening on 0.0.0.0/0.0.0.0:42921
2019-07-13 10:55:04,155 INFO  ratis.XceiverServerRatis (XceiverServerRatis.java:start(428)) - XceiverServerRatis 21a46591-6e6a-4cd8-b431-241423caeead is started using port 42921
2019-07-13 10:55:04,155 INFO  server.XceiverServerGrpc (XceiverServerGrpc.java:start(161)) - XceiverServerGrpc 21a46591-6e6a-4cd8-b431-241423caeead is started using port 34572
2019-07-13 10:55:04,344 INFO  ozone.MiniOzoneClusterImpl (MiniOzoneClusterImpl.java:lambda$waitForClusterToBeReady$0(142)) - Waiting for cluster to be ready. Got 0 of 7 DN Heartbeats.
2019-07-13 10:55:04,359 INFO  ozoneimpl.OzoneContainer (OzoneContainer.java:start(186)) - Attempting to start container services.
2019-07-13 10:55:04,359 INFO  ozoneimpl.OzoneContainer (OzoneContainer.java:startContainerScrub(160)) - Background container scrubber has been disabled by hdds.containerscrub.enabled
2019-07-13 10:55:04,359 INFO  ratis.XceiverServerRatis (XceiverServerRatis.java:start(418)) - Starting XceiverServerRatis 3cda8b9e-59f6-45d0-9700-eb80ea55f4da at port 0
2019-07-13 10:55:04,366 INFO  impl.RaftServerProxy (RaftServerProxy.java:lambda$start$3(299)) - 3cda8b9e-59f6-45d0-9700-eb80ea55f4da: start RPC server
2019-07-13 10:55:04,367 INFO  server.GrpcService (GrpcService.java:startImpl(149)) - 3cda8b9e-59f6-45d0-9700-eb80ea55f4da: GrpcService started, listening on 0.0.0.0/0.0.0.0:38543
2019-07-13 10:55:04,368 INFO  ratis.XceiverServerRatis (XceiverServerRatis.java:start(428)) - XceiverServerRatis 3cda8b9e-59f6-45d0-9700-eb80ea55f4da is started using port 38543
2019-07-13 10:55:04,368 INFO  server.XceiverServerGrpc (XceiverServerGrpc.java:start(161)) - XceiverServerGrpc 3cda8b9e-59f6-45d0-9700-eb80ea55f4da is started using port 33099
2019-07-13 10:55:05,086 INFO  net.NetworkTopology (NetworkTopologyImpl.java:add(110)) - Added a new node: /default-rack/192.168.157.218
2019-07-13 10:55:05,090 INFO  node.SCMNodeManager (SCMNodeManager.java:register(269)) - Registered Data node : 79275473-252c-4e04-9cac-7eb987bd2a95{ip: 192.168.157.218, host: trunk-nightly-qcxv8-4293026562, networkLocation: /default-rack, certSerialId: null}
2019-07-13 10:55:05,091 INFO  safemode.SCMSafeModeManager (DataNodeSafeModeRule.java:process(71)) - SCM in safe mode. 1 DataNodes registered, 1 required.
2019-07-13 10:55:05,095 INFO  safemode.SCMSafeModeManager (SCMSafeModeManager.java:validateSafeModeExitRules(177)) - ScmSafeModeManager, all rules are successfully validated
2019-07-13 10:55:05,096 INFO  safemode.SCMSafeModeManager (SCMSafeModeManager.java:exitSafeMode(193)) - SCM exiting safe mode.
2019-07-13 10:55:05,115 INFO  impl.RaftServerProxy (RaftServerProxy.java:addNew(89)) - 79275473-252c-4e04-9cac-7eb987bd2a95: addNew group-E860EE266108:[79275473-252c-4e04-9cac-7eb987bd2a95:192.168.157.218:45031] returns group-E860EE266108:java.util.concurrent.CompletableFuture@581a89ec[Not completed]
2019-07-13 10:55:05,116 INFO  impl.RaftServerImpl (RaftServerImpl.java:<init>(93)) - 79275473-252c-4e04-9cac-7eb987bd2a95: new RaftServerImpl for group-E860EE266108:[79275473-252c-4e04-9cac-7eb987bd2a95:192.168.157.218:45031] with ContainerStateMachine:uninitialized
2019-07-13 10:55:05,117 INFO  server.RaftServerConfigKeys (ConfUtils.java:logGet(43)) - raft.server.rpc.timeout.min = 5s (custom)
2019-07-13 10:55:05,117 INFO  server.RaftServerConfigKeys (ConfUtils.java:logGet(43)) - raft.server.rpc.timeout.max = 5200ms (custom)
2019-07-13 10:55:05,117 INFO  server.RaftServerConfigKeys (ConfUtils.java:logGet(43)) - raft.server.rpcslowness.timeout = 120s (custom)
2019-07-13 10:55:05,117 INFO  server.RaftServerConfigKeys (ConfUtils.java:logGet(43)) - raft.server.sleep.deviation.threshold = 300 (default)
2019-07-13 10:55:05,117 INFO  server.RaftServerConfigKeys (ConfUtils.java:logGet(43)) - raft.server.log.appender.install.snapshot.enabled = false (custom)
2019-07-13 10:55:05,118 INFO  impl.RaftServerImpl (ServerState.java:<init>(105)) - 79275473-252c-4e04-9cac-7eb987bd2a95:group-E860EE266108 ConfigurationManager, init=-1: [79275473-252c-4e04-9cac-7eb987bd2a95:192.168.157.218:45031], old=null, confs=<EMPTY_MAP>
2019-07-13 10:55:05,118 INFO  server.RaftServerConfigKeys (ConfUtils.java:logGet(43)) - raft.server.storage.dir = [/tmp/workdir/hadoop-ozone/integration-test/target/test-dir/MiniOzoneClusterImpl-af2d7b69-d49e-4290-9a11-748f9d8a2c7f/datanode-0/data/ratis] (custom)
2019-07-13 10:55:05,118 INFO  storage.RaftStorageDirectory (RaftStorageDirectory.java:analyzeStorage(246)) - The storage directory /tmp/workdir/hadoop-ozone/integration-test/target/test-dir/MiniOzoneClusterImpl-af2d7b69-d49e-4290-9a11-748f9d8a2c7f/datanode-0/data/ratis/371bf07f-1ff8-4191-91d2-e860ee266108 does not exist. Creating ...
2019-07-13 10:55:05,131 INFO  storage.RaftStorageDirectory (RaftStorageDirectory.java:tryLock(328)) - Lock on /tmp/workdir/hadoop-ozone/integration-test/target/test-dir/MiniOzoneClusterImpl-af2d7b69-d49e-4290-9a11-748f9d8a2c7f/datanode-0/data/ratis/371bf07f-1ff8-4191-91d2-e860ee266108/in_use.lock acquired by nodename 13195@trunk-nightly-qcxv8-4293026562
2019-07-13 10:55:05,147 INFO  storage.RaftStorage (RaftStorage.java:format(72)) - Storage directory /tmp/workdir/hadoop-ozone/integration-test/target/test-dir/MiniOzoneClusterImpl-af2d7b69-d49e-4290-9a11-748f9d8a2c7f/datanode-0/data/ratis/371bf07f-1ff8-4191-91d2-e860ee266108 has been successfully formatted.
2019-07-13 10:55:05,148 INFO  ratis.ContainerStateMachine (ContainerStateMachine.java:loadSnapshot(200)) - The snapshot info is null.Setting the last applied index to:(t:0, i:~)
2019-07-13 10:55:05,148 INFO  server.RaftServerConfigKeys (ConfUtils.java:logGet(43)) - raft.server.leader.election.timeout = 120s (custom)
2019-07-13 10:55:05,148 INFO  server.RaftServerConfigKeys (ConfUtils.java:logGet(43)) - raft.server.log.use.memory = false (default)
2019-07-13 10:55:05,148 INFO  server.RaftServerConfigKeys (ConfUtils.java:logGet(43)) - raft.server.log.purge.gap = 1000000000 (custom)
2019-07-13 10:55:05,148 INFO  server.RaftServerConfigKeys (ConfUtils.java:logGet(43)) - raft.server.log.appender.buffer.byte-limit = 33554432 (custom)
2019-07-13 10:55:05,149 INFO  server.RaftServerConfigKeys (ConfUtils.java:logGet(43)) - raft.server.log.segment.size.max = 1048576 (custom)
2019-07-13 10:55:05,149 INFO  server.RaftServerConfigKeys (ConfUtils.java:logGet(43)) - raft.server.log.segment.cache.num.max = 2 (custom)
2019-07-13 10:55:05,149 INFO  segmented.SegmentedRaftLogWorker (SegmentedRaftLogWorker.java:<init>(172)) - new 79275473-252c-4e04-9cac-7eb987bd2a95-SegmentedRaftLogWorker:Storage Directory /tmp/workdir/hadoop-ozone/integration-test/target/test-dir/MiniOzoneClusterImpl-af2d7b69-d49e-4290-9a11-748f9d8a2c7f/datanode-0/data/ratis/371bf07f-1ff8-4191-91d2-e860ee266108 for RaftStorage:Storage Directory /tmp/workdir/hadoop-ozone/integration-test/target/test-dir/MiniOzoneClusterImpl-af2d7b69-d49e-4290-9a11-748f9d8a2c7f/datanode-0/data/ratis/371bf07f-1ff8-4191-91d2-e860ee266108
2019-07-13 10:55:05,149 INFO  server.RaftServerConfigKeys (ConfUtils.java:logGet(43)) - raft.server.log.queue.byte-limit = 2147483647 (custom)
2019-07-13 10:55:05,149 INFO  server.RaftServerConfigKeys (ConfUtils.java:logGet(43)) - raft.server.log.queue.element-limit = 1024 (custom)
2019-07-13 10:55:05,150 INFO  server.RaftServerConfigKeys (ConfUtils.java:logGet(43)) - raft.server.log.segment.size.max = 1048576 (custom)
2019-07-13 10:55:05,150 INFO  server.RaftServerConfigKeys (ConfUtils.java:logGet(43)) - raft.server.log.preallocated.size = 16384 (custom)
2019-07-13 10:55:05,150 INFO  server.RaftServerConfigKeys (ConfUtils.java:logGet(43)) - raft.server.log.write.buffer.size = 33554432 (custom)
2019-07-13 10:55:05,150 INFO  server.RaftServerConfigKeys (ConfUtils.java:logGet(43)) - raft.server.log.force.sync.num = 128 (default)
2019-07-13 10:55:05,151 INFO  server.RaftServerConfigKeys (ConfUtils.java:logGet(43)) - raft.server.log.statemachine.data.sync = true (default)
2019-07-13 10:55:05,151 INFO  server.RaftServerConfigKeys (ConfUtils.java:logGet(43)) - raft.server.log.statemachine.data.sync.timeout = 10s (default)
2019-07-13 10:55:05,151 INFO  server.RaftServerConfigKeys (ConfUtils.java:logGet(43)) - raft.server.log.statemachine.data.sync.timeout.retry = -1 (default)
2019-07-13 10:55:05,151 INFO  server.RaftServerConfigKeys (ConfUtils.java:logGet(43)) - raft.server.log.statemachine.data.caching.enabled = true (custom)
2019-07-13 10:55:05,152 INFO  segmented.SegmentedRaftLogWorker (SegmentedRaftLogWorker.java:lambda$new$0(132)) - 79275473-252c-4e04-9cac-7eb987bd2a95-SegmentedRaftLogWorker:Storage Directory /tmp/workdir/hadoop-ozone/integration-test/target/test-dir/MiniOzoneClusterImpl-af2d7b69-d49e-4290-9a11-748f9d8a2c7f/datanode-0/data/ratis/371bf07f-1ff8-4191-91d2-e860ee266108: flushIndex: setUnconditionally 0 -> -1
2019-07-13 10:55:05,152 INFO  server.RaftServerConfigKeys (ConfUtils.java:logGet(43)) - raft.server.snapshot.auto.trigger.enabled = true (custom)
2019-07-13 10:55:05,152 INFO  server.RaftServerConfigKeys (ConfUtils.java:logGet(43)) - raft.server.snapshot.auto.trigger.threshold = 10000 (custom)
2019-07-13 10:55:05,153 INFO  server.RaftServerConfigKeys (ConfUtils.java:logGet(43)) - raft.server.retrycache.expirytime = 600000ms (custom)
2019-07-13 10:55:05,153 INFO  impl.RaftServerImpl (RaftServerImpl.java:start(180)) - 79275473-252c-4e04-9cac-7eb987bd2a95: start group-E860EE266108
2019-07-13 10:55:05,153 INFO  impl.RaftServerImpl (RaftServerImpl.java:setRole(171)) - 79275473-252c-4e04-9cac-7eb987bd2a95:group-E860EE266108 changes role from null to FOLLOWER at term 0 for startAsFollower
2019-07-13 10:55:05,153 INFO  impl.RoleInfo (RoleInfo.java:updateAndGet(143)) - 79275473-252c-4e04-9cac-7eb987bd2a95: start FollowerState
2019-07-13 10:55:05,154 INFO  util.JmxRegister (JmxRegister.java:tryRegister(44)) - Successfully registered JMX Bean with object name Ratis:service=RaftServer,group=group-E860EE266108,id=79275473-252c-4e04-9cac-7eb987bd2a95
2019-07-13 10:55:05,162 INFO  pipeline.PipelineStateManager (PipelineStateManager.java:addPipeline(56)) - Created pipeline Pipeline[ Id: 371bf07f-1ff8-4191-91d2-e860ee266108, Nodes: 79275473-252c-4e04-9cac-7eb987bd2a95{ip: 192.168.157.218, host: trunk-nightly-qcxv8-4293026562, networkLocation: /default-rack, certSerialId: null}, Type:RATIS, Factor:ONE, State:OPEN]
2019-07-13 10:55:05,340 INFO  node.SCMNodeManager (SCMNodeManager.java:register(269)) - Registered Data node : dd49809b-afd6-45a0-bb24-8de0a4d65af2{ip: 192.168.157.218, host: trunk-nightly-qcxv8-4293026562, networkLocation: /default-rack, certSerialId: null}
2019-07-13 10:55:05,347 INFO  ozone.MiniOzoneClusterImpl (MiniOzoneClusterImpl.java:lambda$waitForClusterToBeReady$0(142)) - Waiting for cluster to be ready. Got 2 of 7 DN Heartbeats.
2019-07-13 10:55:05,361 INFO  impl.RaftServerProxy (RaftServerProxy.java:addNew(89)) - dd49809b-afd6-45a0-bb24-8de0a4d65af2: addNew group-50EFDE38C4DD:[dd49809b-afd6-45a0-bb24-8de0a4d65af2:192.168.157.218:33745] returns group-50EFDE38C4DD:java.util.concurrent.CompletableFuture@5d022177[Not completed]
2019-07-13 10:55:05,363 INFO  impl.RaftServerImpl (RaftServerImpl.java:<init>(93)) - dd49809b-afd6-45a0-bb24-8de0a4d65af2: new RaftServerImpl for group-50EFDE38C4DD:[dd49809b-afd6-45a0-bb24-8de0a4d65af2:192.168.157.218:33745] with ContainerStateMachine:uninitialized
2019-07-13 10:55:05,363 INFO  server.RaftServerConfigKeys (ConfUtils.java:logGet(43)) - raft.server.rpc.timeout.min = 5s (custom)
2019-07-13 10:55:05,363 INFO  server.RaftServerConfigKeys (ConfUtils.java:logGet(43)) - raft.server.rpc.timeout.max = 5200ms (custom)
2019-07-13 10:55:05,364 INFO  server.RaftServerConfigKeys (ConfUtils.java:logGet(43)) - raft.server.rpcslowness.timeout = 120s (custom)
2019-07-13 10:55:05,364 INFO  server.RaftServerConfigKeys (ConfUtils.java:logGet(43)) - raft.server.sleep.deviation.threshold = 300 (default)
2019-07-13 10:55:05,364 INFO  server.RaftServerConfigKeys (ConfUtils.java:logGet(43)) - raft.server.log.appender.install.snapshot.enabled = false (custom)
2019-07-13 10:55:05,364 INFO  impl.RaftServerImpl (ServerState.java:<init>(105)) - dd49809b-afd6-45a0-bb24-8de0a4d65af2:group-50EFDE38C4DD ConfigurationManager, init=-1: [dd49809b-afd6-45a0-bb24-8de0a4d65af2:192.168.157.218:33745], old=null, confs=<EMPTY_MAP>
2019-07-13 10:55:05,364 INFO  server.RaftServerConfigKeys (ConfUtils.java:logGet(43)) - raft.server.storage.dir = [/tmp/workdir/hadoop-ozone/integration-test/target/test-dir/MiniOzoneClusterImpl-af2d7b69-d49e-4290-9a11-748f9d8a2c7f/datanode-1/data/ratis] (custom)
2019-07-13 10:55:05,365 INFO  storage.RaftStorageDirectory (RaftStorageDirectory.java:analyzeStorage(246)) - The storage directory /tmp/workdir/hadoop-ozone/integration-test/target/test-dir/MiniOzoneClusterImpl-af2d7b69-d49e-4290-9a11-748f9d8a2c7f/datanode-1/data/ratis/c72132a9-196c-47b6-b80d-50efde38c4dd does not exist. Creating ...
2019-07-13 10:55:05,379 INFO  storage.RaftStorageDirectory (RaftStorageDirectory.java:tryLock(328)) - Lock on /tmp/workdir/hadoop-ozone/integration-test/target/test-dir/MiniOzoneClusterImpl-af2d7b69-d49e-4290-9a11-748f9d8a2c7f/datanode-1/data/ratis/c72132a9-196c-47b6-b80d-50efde38c4dd/in_use.lock acquired by nodename 13195@trunk-nightly-qcxv8-4293026562
2019-07-13 10:55:05,407 INFO  storage.RaftStorage (RaftStorage.java:format(72)) - Storage directory /tmp/workdir/hadoop-ozone/integration-test/target/test-dir/MiniOzoneClusterImpl-af2d7b69-d49e-4290-9a11-748f9d8a2c7f/datanode-1/data/ratis/c72132a9-196c-47b6-b80d-50efde38c4dd has been successfully formatted.
2019-07-13 10:55:05,407 INFO  ratis.ContainerStateMachine (ContainerStateMachine.java:loadSnapshot(200)) - The snapshot info is null.Setting the last applied index to:(t:0, i:~)
2019-07-13 10:55:05,407 INFO  server.RaftServerConfigKeys (ConfUtils.java:logGet(43)) - raft.server.leader.election.timeout = 120s (custom)
2019-07-13 10:55:05,407 INFO  server.RaftServerConfigKeys (ConfUtils.java:logGet(43)) - raft.server.log.use.memory = false (default)
2019-07-13 10:55:05,408 INFO  server.RaftServerConfigKeys (ConfUtils.java:logGet(43)) - raft.server.log.purge.gap = 1000000000 (custom)
2019-07-13 10:55:05,408 INFO  server.RaftServerConfigKeys (ConfUtils.java:logGet(43)) - raft.server.log.appender.buffer.byte-limit = 33554432 (custom)
2019-07-13 10:55:05,408 INFO  server.RaftServerConfigKeys (ConfUtils.java:logGet(43)) - raft.server.log.segment.size.max = 1048576 (custom)
2019-07-13 10:55:05,408 INFO  server.RaftServerConfigKeys (ConfUtils.java:logGet(43)) - raft.server.log.segment.cache.num.max = 2 (custom)
2019-07-13 10:55:05,408 INFO  segmented.SegmentedRaftLogWorker (SegmentedRaftLogWorker.java:<init>(172)) - new dd49809b-afd6-45a0-bb24-8de0a4d65af2-SegmentedRaftLogWorker:Storage Directory /tmp/workdir/hadoop-ozone/integration-test/target/test-dir/MiniOzoneClusterImpl-af2d7b69-d49e-4290-9a11-748f9d8a2c7f/datanode-1/data/ratis/c72132a9-196c-47b6-b80d-50efde38c4dd for RaftStorage:Storage Directory /tmp/workdir/hadoop-ozone/integration-test/target/test-dir/MiniOzoneClusterImpl-af2d7b69-d49e-4290-9a11-748f9d8a2c7f/datanode-1/data/ratis/c72132a9-196c-47b6-b80d-50efde38c4dd
2019-07-13 10:55:05,409 INFO  server.RaftServerConfigKeys (ConfUtils.java:logGet(43)) - raft.server.log.queue.byte-limit = 2147483647 (custom)
2019-07-13 10:55:05,409 INFO  server.RaftServerConfigKeys (ConfUtils.java:logGet(43)) - raft.server.log.queue.element-limit = 1024 (custom)
2019-07-13 10:55:05,409 INFO  server.RaftServerConfigKeys (ConfUtils.java:logGet(43)) - raft.server.log.segment.size.max = 1048576 (custom)
2019-07-13 10:55:05,409 INFO  server.RaftServerConfigKeys (ConfUtils.java:logGet(43)) - raft.server.log.preallocated.size = 16384 (custom)
2019-07-13 10:55:05,409 INFO  server.RaftServerConfigKeys (ConfUtils.java:logGet(43)) - raft.server.log.write.buffer.size = 33554432 (custom)
2019-07-13 10:55:05,410 INFO  server.RaftServerConfigKeys (ConfUtils.java:logGet(43)) - raft.server.log.force.sync.num = 128 (default)
2019-07-13 10:55:05,410 INFO  server.RaftServerConfigKeys (ConfUtils.java:logGet(43)) - raft.server.log.statemachine.data.sync = true (default)
2019-07-13 10:55:05,410 INFO  server.RaftServerConfigKeys (ConfUtils.java:logGet(43)) - raft.server.log.statemachine.data.sync.timeout = 10s (default)
2019-07-13 10:55:05,410 INFO  server.RaftServerConfigKeys (ConfUtils.java:logGet(43)) - raft.server.log.statemachine.data.sync.timeout.retry = -1 (default)
2019-07-13 10:55:05,410 INFO  server.RaftServerConfigKeys (ConfUtils.java:logGet(43)) - raft.server.log.statemachine.data.caching.enabled = true (custom)
2019-07-13 10:55:05,411 INFO  segmented.SegmentedRaftLogWorker (SegmentedRaftLogWorker.java:lambda$new$0(132)) - dd49809b-afd6-45a0-bb24-8de0a4d65af2-SegmentedRaftLogWorker:Storage Directory /tmp/workdir/hadoop-ozone/integration-test/target/test-dir/MiniOzoneClusterImpl-af2d7b69-d49e-4290-9a11-748f9d8a2c7f/datanode-1/data/ratis/c72132a9-196c-47b6-b80d-50efde38c4dd: flushIndex: setUnconditionally 0 -> -1
2019-07-13 10:55:05,411 INFO  server.RaftServerConfigKeys (ConfUtils.java:logGet(43)) - raft.server.snapshot.auto.trigger.enabled = true (custom)
2019-07-13 10:55:05,411 INFO  server.RaftServerConfigKeys (ConfUtils.java:logGet(43)) - raft.server.snapshot.auto.trigger.threshold = 10000 (custom)
2019-07-13 10:55:05,412 INFO  server.RaftServerConfigKeys (ConfUtils.java:logGet(43)) - raft.server.retrycache.expirytime = 600000ms (custom)
2019-07-13 10:55:05,412 INFO  impl.RaftServerImpl (RaftServerImpl.java:start(180)) - dd49809b-afd6-45a0-bb24-8de0a4d65af2: start group-50EFDE38C4DD
2019-07-13 10:55:05,412 INFO  impl.RaftServerImpl (RaftServerImpl.java:setRole(171)) - dd49809b-afd6-45a0-bb24-8de0a4d65af2:group-50EFDE38C4DD changes role from null to FOLLOWER at term 0 for startAsFollower
2019-07-13 10:55:05,412 INFO  impl.RoleInfo (RoleInfo.java:updateAndGet(143)) - dd49809b-afd6-45a0-bb24-8de0a4d65af2: start FollowerState
2019-07-13 10:55:05,413 INFO  util.JmxRegister (JmxRegister.java:tryRegister(44)) - Successfully registered JMX Bean with object name Ratis:service=RaftServer,group=group-50EFDE38C4DD,id=dd49809b-afd6-45a0-bb24-8de0a4d65af2
2019-07-13 10:55:05,421 INFO  pipeline.PipelineStateManager (PipelineStateManager.java:addPipeline(56)) - Created pipeline Pipeline[ Id: c72132a9-196c-47b6-b80d-50efde38c4dd, Nodes: dd49809b-afd6-45a0-bb24-8de0a4d65af2{ip: 192.168.157.218, host: trunk-nightly-qcxv8-4293026562, networkLocation: /default-rack, certSerialId: null}, Type:RATIS, Factor:ONE, State:OPEN]
2019-07-13 10:55:05,531 INFO  node.SCMNodeManager (SCMNodeManager.java:register(269)) - Registered Data node : 92a6e662-b1d3-4b00-aa21-55ca30f95d1a{ip: 192.168.157.218, host: trunk-nightly-qcxv8-4293026562, networkLocation: /default-rack, certSerialId: null}
2019-07-13 10:55:05,555 INFO  impl.RaftServerProxy (RaftServerProxy.java:addNew(89)) - 92a6e662-b1d3-4b00-aa21-55ca30f95d1a: addNew group-E5B6AB9F0B23:[92a6e662-b1d3-4b00-aa21-55ca30f95d1a:192.168.157.218:33012] returns group-E5B6AB9F0B23:java.util.concurrent.CompletableFuture@182f46d1[Not completed]
2019-07-13 10:55:05,556 INFO  impl.RaftServerImpl (RaftServerImpl.java:<init>(93)) - 92a6e662-b1d3-4b00-aa21-55ca30f95d1a: new RaftServerImpl for group-E5B6AB9F0B23:[92a6e662-b1d3-4b00-aa21-55ca30f95d1a:192.168.157.218:33012] with ContainerStateMachine:uninitialized
2019-07-13 10:55:05,557 INFO  server.RaftServerConfigKeys (ConfUtils.java:logGet(43)) - raft.server.rpc.timeout.min = 5s (custom)
2019-07-13 10:55:05,557 INFO  server.RaftServerConfigKeys (ConfUtils.java:logGet(43)) - raft.server.rpc.timeout.max = 5200ms (custom)
2019-07-13 10:55:05,557 INFO  server.RaftServerConfigKeys (ConfUtils.java:logGet(43)) - raft.server.rpcslowness.timeout = 120s (custom)
2019-07-13 10:55:05,557 INFO  server.RaftServerConfigKeys (ConfUtils.java:logGet(43)) - raft.server.sleep.deviation.threshold = 300 (default)
2019-07-13 10:55:05,557 INFO  server.RaftServerConfigKeys (ConfUtils.java:logGet(43)) - raft.server.log.appender.install.snapshot.enabled = false (custom)
2019-07-13 10:55:05,557 INFO  impl.RaftServerImpl (ServerState.java:<init>(105)) - 92a6e662-b1d3-4b00-aa21-55ca30f95d1a:group-E5B6AB9F0B23 ConfigurationManager, init=-1: [92a6e662-b1d3-4b00-aa21-55ca30f95d1a:192.168.157.218:33012], old=null, confs=<EMPTY_MAP>
2019-07-13 10:55:05,558 INFO  server.RaftServerConfigKeys (ConfUtils.java:logGet(43)) - raft.server.storage.dir = [/tmp/workdir/hadoop-ozone/integration-test/target/test-dir/MiniOzoneClusterImpl-af2d7b69-d49e-4290-9a11-748f9d8a2c7f/datanode-2/data/ratis] (custom)
2019-07-13 10:55:05,558 INFO  storage.RaftStorageDirectory (RaftStorageDirectory.java:analyzeStorage(246)) - The storage directory /tmp/workdir/hadoop-ozone/integration-test/target/test-dir/MiniOzoneClusterImpl-af2d7b69-d49e-4290-9a11-748f9d8a2c7f/datanode-2/data/ratis/5552ed40-c52b-4369-a2fd-e5b6ab9f0b23 does not exist. Creating ...
2019-07-13 10:55:05,571 INFO  storage.RaftStorageDirectory (RaftStorageDirectory.java:tryLock(328)) - Lock on /tmp/workdir/hadoop-ozone/integration-test/target/test-dir/MiniOzoneClusterImpl-af2d7b69-d49e-4290-9a11-748f9d8a2c7f/datanode-2/data/ratis/5552ed40-c52b-4369-a2fd-e5b6ab9f0b23/in_use.lock acquired by nodename 13195@trunk-nightly-qcxv8-4293026562
2019-07-13 10:55:05,585 INFO  storage.RaftStorage (RaftStorage.java:format(72)) - Storage directory /tmp/workdir/hadoop-ozone/integration-test/target/test-dir/MiniOzoneClusterImpl-af2d7b69-d49e-4290-9a11-748f9d8a2c7f/datanode-2/data/ratis/5552ed40-c52b-4369-a2fd-e5b6ab9f0b23 has been successfully formatted.
2019-07-13 10:55:05,585 INFO  ratis.ContainerStateMachine (ContainerStateMachine.java:loadSnapshot(200)) - The snapshot info is null.Setting the last applied index to:(t:0, i:~)
2019-07-13 10:55:05,586 INFO  server.RaftServerConfigKeys (ConfUtils.java:logGet(43)) - raft.server.leader.election.timeout = 120s (custom)
2019-07-13 10:55:05,586 INFO  server.RaftServerConfigKeys (ConfUtils.java:logGet(43)) - raft.server.log.use.memory = false (default)
2019-07-13 10:55:05,586 INFO  server.RaftServerConfigKeys (ConfUtils.java:logGet(43)) - raft.server.log.purge.gap = 1000000000 (custom)
2019-07-13 10:55:05,587 INFO  server.RaftServerConfigKeys (ConfUtils.java:logGet(43)) - raft.server.log.appender.buffer.byte-limit = 33554432 (custom)
2019-07-13 10:55:05,587 INFO  server.RaftServerConfigKeys (ConfUtils.java:logGet(43)) - raft.server.log.segment.size.max = 1048576 (custom)
2019-07-13 10:55:05,587 INFO  server.RaftServerConfigKeys (ConfUtils.java:logGet(43)) - raft.server.log.segment.cache.num.max = 2 (custom)
2019-07-13 10:55:05,587 INFO  segmented.SegmentedRaftLogWorker (SegmentedRaftLogWorker.java:<init>(172)) - new 92a6e662-b1d3-4b00-aa21-55ca30f95d1a-SegmentedRaftLogWorker:Storage Directory /tmp/workdir/hadoop-ozone/integration-test/target/test-dir/MiniOzoneClusterImpl-af2d7b69-d49e-4290-9a11-748f9d8a2c7f/datanode-2/data/ratis/5552ed40-c52b-4369-a2fd-e5b6ab9f0b23 for RaftStorage:Storage Directory /tmp/workdir/hadoop-ozone/integration-test/target/test-dir/MiniOzoneClusterImpl-af2d7b69-d49e-4290-9a11-748f9d8a2c7f/datanode-2/data/ratis/5552ed40-c52b-4369-a2fd-e5b6ab9f0b23
2019-07-13 10:55:05,588 INFO  server.RaftServerConfigKeys (ConfUtils.java:logGet(43)) - raft.server.log.queue.byte-limit = 2147483647 (custom)
2019-07-13 10:55:05,588 INFO  server.RaftServerConfigKeys (ConfUtils.java:logGet(43)) - raft.server.log.queue.element-limit = 1024 (custom)
2019-07-13 10:55:05,589 INFO  server.RaftServerConfigKeys (ConfUtils.java:logGet(43)) - raft.server.log.segment.size.max = 1048576 (custom)
2019-07-13 10:55:05,589 INFO  server.RaftServerConfigKeys (ConfUtils.java:logGet(43)) - raft.server.log.preallocated.size = 16384 (custom)
2019-07-13 10:55:05,589 INFO  server.RaftServerConfigKeys (ConfUtils.java:logGet(43)) - raft.server.log.write.buffer.size = 33554432 (custom)
2019-07-13 10:55:05,589 INFO  server.RaftServerConfigKeys (ConfUtils.java:logGet(43)) - raft.server.log.force.sync.num = 128 (default)
2019-07-13 10:55:05,590 INFO  server.RaftServerConfigKeys (ConfUtils.java:logGet(43)) - raft.server.log.statemachine.data.sync = true (default)
2019-07-13 10:55:05,590 INFO  server.RaftServerConfigKeys (ConfUtils.java:logGet(43)) - raft.server.log.statemachine.data.sync.timeout = 10s (default)
2019-07-13 10:55:05,590 INFO  server.RaftServerConfigKeys (ConfUtils.java:logGet(43)) - raft.server.log.statemachine.data.sync.timeout.retry = -1 (default)
2019-07-13 10:55:05,590 INFO  server.RaftServerConfigKeys (ConfUtils.java:logGet(43)) - raft.server.log.statemachine.data.caching.enabled = true (custom)
2019-07-13 10:55:05,591 INFO  segmented.SegmentedRaftLogWorker (SegmentedRaftLogWorker.java:lambda$new$0(132)) - 92a6e662-b1d3-4b00-aa21-55ca30f95d1a-SegmentedRaftLogWorker:Storage Directory /tmp/workdir/hadoop-ozone/integration-test/target/test-dir/MiniOzoneClusterImpl-af2d7b69-d49e-4290-9a11-748f9d8a2c7f/datanode-2/data/ratis/5552ed40-c52b-4369-a2fd-e5b6ab9f0b23: flushIndex: setUnconditionally 0 -> -1
2019-07-13 10:55:05,591 INFO  server.RaftServerConfigKeys (ConfUtils.java:logGet(43)) - raft.server.snapshot.auto.trigger.enabled = true (custom)
2019-07-13 10:55:05,591 INFO  server.RaftServerConfigKeys (ConfUtils.java:logGet(43)) - raft.server.snapshot.auto.trigger.threshold = 10000 (custom)
2019-07-13 10:55:05,592 INFO  server.RaftServerConfigKeys (ConfUtils.java:logGet(43)) - raft.server.retrycache.expirytime = 600000ms (custom)
2019-07-13 10:55:05,592 INFO  impl.RaftServerImpl (RaftServerImpl.java:start(180)) - 92a6e662-b1d3-4b00-aa21-55ca30f95d1a: start group-E5B6AB9F0B23
2019-07-13 10:55:05,592 INFO  impl.RaftServerImpl (RaftServerImpl.java:setRole(171)) - 92a6e662-b1d3-4b00-aa21-55ca30f95d1a:group-E5B6AB9F0B23 changes role from null to FOLLOWER at term 0 for startAsFollower
2019-07-13 10:55:05,592 INFO  impl.RoleInfo (RoleInfo.java:updateAndGet(143)) - 92a6e662-b1d3-4b00-aa21-55ca30f95d1a: start FollowerState
2019-07-13 10:55:05,593 INFO  util.JmxRegister (JmxRegister.java:tryRegister(44)) - Successfully registered JMX Bean with object name Ratis:service=RaftServer,group=group-E5B6AB9F0B23,id=92a6e662-b1d3-4b00-aa21-55ca30f95d1a
2019-07-13 10:55:05,600 INFO  pipeline.PipelineStateManager (PipelineStateManager.java:addPipeline(56)) - Created pipeline Pipeline[ Id: 5552ed40-c52b-4369-a2fd-e5b6ab9f0b23, Nodes: 92a6e662-b1d3-4b00-aa21-55ca30f95d1a{ip: 192.168.157.218, host: trunk-nightly-qcxv8-4293026562, networkLocation: /default-rack, certSerialId: null}, Type:RATIS, Factor:ONE, State:OPEN]
2019-07-13 10:55:05,645 INFO  impl.RaftServerProxy (RaftServerProxy.java:addNew(89)) - dd49809b-afd6-45a0-bb24-8de0a4d65af2: addNew group-A2EAAB2C6F08:[92a6e662-b1d3-4b00-aa21-55ca30f95d1a:192.168.157.218:33012, dd49809b-afd6-45a0-bb24-8de0a4d65af2:192.168.157.218:33745, 79275473-252c-4e04-9cac-7eb987bd2a95:192.168.157.218:45031] returns group-A2EAAB2C6F08:java.util.concurrent.CompletableFuture@1dd8f955[Not completed]
2019-07-13 10:55:05,645 INFO  impl.RaftServerProxy (RaftServerProxy.java:addNew(89)) - 92a6e662-b1d3-4b00-aa21-55ca30f95d1a: addNew group-A2EAAB2C6F08:[92a6e662-b1d3-4b00-aa21-55ca30f95d1a:192.168.157.218:33012, dd49809b-afd6-45a0-bb24-8de0a4d65af2:192.168.157.218:33745, 79275473-252c-4e04-9cac-7eb987bd2a95:192.168.157.218:45031] returns group-A2EAAB2C6F08:java.util.concurrent.CompletableFuture@590a3463[Not completed]
2019-07-13 10:55:05,646 INFO  impl.RaftServerProxy (RaftServerProxy.java:addNew(89)) - 79275473-252c-4e04-9cac-7eb987bd2a95: addNew group-A2EAAB2C6F08:[92a6e662-b1d3-4b00-aa21-55ca30f95d1a:192.168.157.218:33012, dd49809b-afd6-45a0-bb24-8de0a4d65af2:192.168.157.218:33745, 79275473-252c-4e04-9cac-7eb987bd2a95:192.168.157.218:45031] returns group-A2EAAB2C6F08:java.util.concurrent.CompletableFuture@2ff718a1[Not completed]
2019-07-13 10:55:05,646 INFO  impl.RaftServerImpl (RaftServerImpl.java:<init>(93)) - dd49809b-afd6-45a0-bb24-8de0a4d65af2: new RaftServerImpl for group-A2EAAB2C6F08:[92a6e662-b1d3-4b00-aa21-55ca30f95d1a:192.168.157.218:33012, dd49809b-afd6-45a0-bb24-8de0a4d65af2:192.168.157.218:33745, 79275473-252c-4e04-9cac-7eb987bd2a95:192.168.157.218:45031] with ContainerStateMachine:uninitialized
2019-07-13 10:55:05,647 INFO  server.RaftServerConfigKeys (ConfUtils.java:logGet(43)) - raft.server.rpc.timeout.min = 5s (custom)
2019-07-13 10:55:05,647 INFO  server.RaftServerConfigKeys (ConfUtils.java:logGet(43)) - raft.server.rpc.timeout.max = 5200ms (custom)
2019-07-13 10:55:05,647 INFO  server.RaftServerConfigKeys (ConfUtils.java:logGet(43)) - raft.server.rpcslowness.timeout = 120s (custom)
2019-07-13 10:55:05,647 INFO  server.RaftServerConfigKeys (ConfUtils.java:logGet(43)) - raft.server.sleep.deviation.threshold = 300 (default)
2019-07-13 10:55:05,647 INFO  impl.RaftServerImpl (RaftServerImpl.java:<init>(93)) - 79275473-252c-4e04-9cac-7eb987bd2a95: new RaftServerImpl for group-A2EAAB2C6F08:[92a6e662-b1d3-4b00-aa21-55ca30f95d1a:192.168.157.218:33012, dd49809b-afd6-45a0-bb24-8de0a4d65af2:192.168.157.218:33745, 79275473-252c-4e04-9cac-7eb987bd2a95:192.168.157.218:45031] with ContainerStateMachine:uninitialized
2019-07-13 10:55:05,648 INFO  server.RaftServerConfigKeys (ConfUtils.java:logGet(43)) - raft.server.log.appender.install.snapshot.enabled = false (custom)
2019-07-13 10:55:05,648 INFO  server.RaftServerConfigKeys (ConfUtils.java:logGet(43)) - raft.server.rpc.timeout.min = 5s (custom)
2019-07-13 10:55:05,648 INFO  impl.RaftServerImpl (RaftServerImpl.java:<init>(93)) - 92a6e662-b1d3-4b00-aa21-55ca30f95d1a: new RaftServerImpl for group-A2EAAB2C6F08:[92a6e662-b1d3-4b00-aa21-55ca30f95d1a:192.168.157.218:33012, dd49809b-afd6-45a0-bb24-8de0a4d65af2:192.168.157.218:33745, 79275473-252c-4e04-9cac-7eb987bd2a95:192.168.157.218:45031] with ContainerStateMachine:uninitialized
2019-07-13 10:55:05,648 INFO  impl.RaftServerImpl (ServerState.java:<init>(105)) - dd49809b-afd6-45a0-bb24-8de0a4d65af2:group-A2EAAB2C6F08 ConfigurationManager, init=-1: [92a6e662-b1d3-4b00-aa21-55ca30f95d1a:192.168.157.218:33012, dd49809b-afd6-45a0-bb24-8de0a4d65af2:192.168.157.218:33745, 79275473-252c-4e04-9cac-7eb987bd2a95:192.168.157.218:45031], old=null, confs=<EMPTY_MAP>
2019-07-13 10:55:05,648 INFO  server.RaftServerConfigKeys (ConfUtils.java:logGet(43)) - raft.server.rpc.timeout.min = 5s (custom)
2019-07-13 10:55:05,648 INFO  server.RaftServerConfigKeys (ConfUtils.java:logGet(43)) - raft.server.rpc.timeout.max = 5200ms (custom)
2019-07-13 10:55:05,648 INFO  server.RaftServerConfigKeys (ConfUtils.java:logGet(43)) - raft.server.rpc.timeout.max = 5200ms (custom)
2019-07-13 10:55:05,649 INFO  server.RaftServerConfigKeys (ConfUtils.java:logGet(43)) - raft.server.rpcslowness.timeout = 120s (custom)
2019-07-13 10:55:05,648 INFO  server.RaftServerConfigKeys (ConfUtils.java:logGet(43)) - raft.server.storage.dir = [/tmp/workdir/hadoop-ozone/integration-test/target/test-dir/MiniOzoneClusterImpl-af2d7b69-d49e-4290-9a11-748f9d8a2c7f/datanode-1/data/ratis] (custom)
2019-07-13 10:55:05,649 INFO  server.RaftServerConfigKeys (ConfUtils.java:logGet(43)) - raft.server.sleep.deviation.threshold = 300 (default)
2019-07-13 10:55:05,649 INFO  server.RaftServerConfigKeys (ConfUtils.java:logGet(43)) - raft.server.log.appender.install.snapshot.enabled = false (custom)
2019-07-13 10:55:05,649 INFO  server.RaftServerConfigKeys (ConfUtils.java:logGet(43)) - raft.server.rpcslowness.timeout = 120s (custom)
2019-07-13 10:55:05,650 INFO  storage.RaftStorageDirectory (RaftStorageDirectory.java:analyzeStorage(246)) - The storage directory /tmp/workdir/hadoop-ozone/integration-test/target/test-dir/MiniOzoneClusterImpl-af2d7b69-d49e-4290-9a11-748f9d8a2c7f/datanode-1/data/ratis/56bc251e-fb0e-43ea-9c93-a2eaab2c6f08 does not exist. Creating ...
2019-07-13 10:55:05,649 INFO  impl.RaftServerImpl (ServerState.java:<init>(105)) - 92a6e662-b1d3-4b00-aa21-55ca30f95d1a:group-A2EAAB2C6F08 ConfigurationManager, init=-1: [92a6e662-b1d3-4b00-aa21-55ca30f95d1a:192.168.157.218:33012, dd49809b-afd6-45a0-bb24-8de0a4d65af2:192.168.157.218:33745, 79275473-252c-4e04-9cac-7eb987bd2a95:192.168.157.218:45031], old=null, confs=<EMPTY_MAP>
2019-07-13 10:55:05,650 INFO  server.RaftServerConfigKeys (ConfUtils.java:logGet(43)) - raft.server.sleep.deviation.threshold = 300 (default)
2019-07-13 10:55:05,650 INFO  server.RaftServerConfigKeys (ConfUtils.java:logGet(43)) - raft.server.storage.dir = [/tmp/workdir/hadoop-ozone/integration-test/target/test-dir/MiniOzoneClusterImpl-af2d7b69-d49e-4290-9a11-748f9d8a2c7f/datanode-2/data/ratis] (custom)
2019-07-13 10:55:05,650 INFO  server.RaftServerConfigKeys (ConfUtils.java:logGet(43)) - raft.server.log.appender.install.snapshot.enabled = false (custom)
2019-07-13 10:55:05,650 INFO  impl.RaftServerImpl (ServerState.java:<init>(105)) - 79275473-252c-4e04-9cac-7eb987bd2a95:group-A2EAAB2C6F08 ConfigurationManager, init=-1: [92a6e662-b1d3-4b00-aa21-55ca30f95d1a:192.168.157.218:33012, dd49809b-afd6-45a0-bb24-8de0a4d65af2:192.168.157.218:33745, 79275473-252c-4e04-9cac-7eb987bd2a95:192.168.157.218:45031], old=null, confs=<EMPTY_MAP>
2019-07-13 10:55:05,650 INFO  storage.RaftStorageDirectory (RaftStorageDirectory.java:analyzeStorage(246)) - The storage directory /tmp/workdir/hadoop-ozone/integration-test/target/test-dir/MiniOzoneClusterImpl-af2d7b69-d49e-4290-9a11-748f9d8a2c7f/datanode-2/data/ratis/56bc251e-fb0e-43ea-9c93-a2eaab2c6f08 does not exist. Creating ...
2019-07-13 10:55:05,651 INFO  server.RaftServerConfigKeys (ConfUtils.java:logGet(43)) - raft.server.storage.dir = [/tmp/workdir/hadoop-ozone/integration-test/target/test-dir/MiniOzoneClusterImpl-af2d7b69-d49e-4290-9a11-748f9d8a2c7f/datanode-0/data/ratis] (custom)
2019-07-13 10:55:05,651 INFO  storage.RaftStorageDirectory (RaftStorageDirectory.java:analyzeStorage(246)) - The storage directory /tmp/workdir/hadoop-ozone/integration-test/target/test-dir/MiniOzoneClusterImpl-af2d7b69-d49e-4290-9a11-748f9d8a2c7f/datanode-0/data/ratis/56bc251e-fb0e-43ea-9c93-a2eaab2c6f08 does not exist. Creating ...
2019-07-13 10:55:05,672 INFO  storage.RaftStorageDirectory (RaftStorageDirectory.java:tryLock(328)) - Lock on /tmp/workdir/hadoop-ozone/integration-test/target/test-dir/MiniOzoneClusterImpl-af2d7b69-d49e-4290-9a11-748f9d8a2c7f/datanode-0/data/ratis/56bc251e-fb0e-43ea-9c93-a2eaab2c6f08/in_use.lock acquired by nodename 13195@trunk-nightly-qcxv8-4293026562
2019-07-13 10:55:05,672 INFO  storage.RaftStorageDirectory (RaftStorageDirectory.java:tryLock(328)) - Lock on /tmp/workdir/hadoop-ozone/integration-test/target/test-dir/MiniOzoneClusterImpl-af2d7b69-d49e-4290-9a11-748f9d8a2c7f/datanode-2/data/ratis/56bc251e-fb0e-43ea-9c93-a2eaab2c6f08/in_use.lock acquired by nodename 13195@trunk-nightly-qcxv8-4293026562
2019-07-13 10:55:05,672 INFO  storage.RaftStorageDirectory (RaftStorageDirectory.java:tryLock(328)) - Lock on /tmp/workdir/hadoop-ozone/integration-test/target/test-dir/MiniOzoneClusterImpl-af2d7b69-d49e-4290-9a11-748f9d8a2c7f/datanode-1/data/ratis/56bc251e-fb0e-43ea-9c93-a2eaab2c6f08/in_use.lock acquired by nodename 13195@trunk-nightly-qcxv8-4293026562
2019-07-13 10:55:05,686 INFO  storage.RaftStorage (RaftStorage.java:format(72)) - Storage directory /tmp/workdir/hadoop-ozone/integration-test/target/test-dir/MiniOzoneClusterImpl-af2d7b69-d49e-4290-9a11-748f9d8a2c7f/datanode-0/data/ratis/56bc251e-fb0e-43ea-9c93-a2eaab2c6f08 has been successfully formatted.
2019-07-13 10:55:05,686 INFO  storage.RaftStorage (RaftStorage.java:format(72)) - Storage directory /tmp/workdir/hadoop-ozone/integration-test/target/test-dir/MiniOzoneClusterImpl-af2d7b69-d49e-4290-9a11-748f9d8a2c7f/datanode-1/data/ratis/56bc251e-fb0e-43ea-9c93-a2eaab2c6f08 has been successfully formatted.
2019-07-13 10:55:05,686 INFO  ratis.ContainerStateMachine (ContainerStateMachine.java:loadSnapshot(200)) - The snapshot info is null.Setting the last applied index to:(t:0, i:~)
2019-07-13 10:55:05,686 INFO  storage.RaftStorage (RaftStorage.java:format(72)) - Storage directory /tmp/workdir/hadoop-ozone/integration-test/target/test-dir/MiniOzoneClusterImpl-af2d7b69-d49e-4290-9a11-748f9d8a2c7f/datanode-2/data/ratis/56bc251e-fb0e-43ea-9c93-a2eaab2c6f08 has been successfully formatted.
2019-07-13 10:55:05,687 INFO  server.RaftServerConfigKeys (ConfUtils.java:logGet(43)) - raft.server.leader.election.timeout = 120s (custom)
2019-07-13 10:55:05,686 INFO  ratis.ContainerStateMachine (ContainerStateMachine.java:loadSnapshot(200)) - The snapshot info is null.Setting the last applied index to:(t:0, i:~)
2019-07-13 10:55:05,687 INFO  server.RaftServerConfigKeys (ConfUtils.java:logGet(43)) - raft.server.log.use.memory = false (default)
2019-07-13 10:55:05,687 INFO  ratis.ContainerStateMachine (ContainerStateMachine.java:loadSnapshot(200)) - The snapshot info is null.Setting the last applied index to:(t:0, i:~)
2019-07-13 10:55:05,687 INFO  server.RaftServerConfigKeys (ConfUtils.java:logGet(43)) - raft.server.log.purge.gap = 1000000000 (custom)
2019-07-13 10:55:05,687 INFO  server.RaftServerConfigKeys (ConfUtils.java:logGet(43)) - raft.server.leader.election.timeout = 120s (custom)
2019-07-13 10:55:05,688 INFO  server.RaftServerConfigKeys (ConfUtils.java:logGet(43)) - raft.server.log.appender.buffer.byte-limit = 33554432 (custom)
2019-07-13 10:55:05,687 INFO  server.RaftServerConfigKeys (ConfUtils.java:logGet(43)) - raft.server.leader.election.timeout = 120s (custom)
2019-07-13 10:55:05,688 INFO  server.RaftServerConfigKeys (ConfUtils.java:logGet(43)) - raft.server.log.segment.size.max = 1048576 (custom)
2019-07-13 10:55:05,688 INFO  server.RaftServerConfigKeys (ConfUtils.java:logGet(43)) - raft.server.log.use.memory = false (default)
2019-07-13 10:55:05,688 INFO  server.RaftServerConfigKeys (ConfUtils.java:logGet(43)) - raft.server.log.segment.cache.num.max = 2 (custom)
2019-07-13 10:55:05,689 INFO  segmented.SegmentedRaftLogWorker (SegmentedRaftLogWorker.java:<init>(172)) - new 79275473-252c-4e04-9cac-7eb987bd2a95-SegmentedRaftLogWorker:Storage Directory /tmp/workdir/hadoop-ozone/integration-test/target/test-dir/MiniOzoneClusterImpl-af2d7b69-d49e-4290-9a11-748f9d8a2c7f/datanode-0/data/ratis/56bc251e-fb0e-43ea-9c93-a2eaab2c6f08 for RaftStorage:Storage Directory /tmp/workdir/hadoop-ozone/integration-test/target/test-dir/MiniOzoneClusterImpl-af2d7b69-d49e-4290-9a11-748f9d8a2c7f/datanode-0/data/ratis/56bc251e-fb0e-43ea-9c93-a2eaab2c6f08
2019-07-13 10:55:05,688 INFO  server.RaftServerConfigKeys (ConfUtils.java:logGet(43)) - raft.server.log.use.memory = false (default)
2019-07-13 10:55:05,689 INFO  server.RaftServerConfigKeys (ConfUtils.java:logGet(43)) - raft.server.log.queue.byte-limit = 2147483647 (custom)
2019-07-13 10:55:05,689 INFO  server.RaftServerConfigKeys (ConfUtils.java:logGet(43)) - raft.server.log.purge.gap = 1000000000 (custom)
2019-07-13 10:55:05,693 INFO  server.RaftServerConfigKeys (ConfUtils.java:logGet(43)) - raft.server.log.queue.element-limit = 1024 (custom)
2019-07-13 10:55:05,689 INFO  server.RaftServerConfigKeys (ConfUtils.java:logGet(43)) - raft.server.log.purge.gap = 1000000000 (custom)
2019-07-13 10:55:05,694 INFO  server.RaftServerConfigKeys (ConfUtils.java:logGet(43)) - raft.server.log.segment.size.max = 1048576 (custom)
2019-07-13 10:55:05,694 INFO  server.RaftServerConfigKeys (ConfUtils.java:logGet(43)) - raft.server.log.preallocated.size = 16384 (custom)
2019-07-13 10:55:05,693 INFO  server.RaftServerConfigKeys (ConfUtils.java:logGet(43)) - raft.server.log.appender.buffer.byte-limit = 33554432 (custom)
2019-07-13 10:55:05,694 INFO  server.RaftServerConfigKeys (ConfUtils.java:logGet(43)) - raft.server.log.write.buffer.size = 33554432 (custom)
2019-07-13 10:55:05,694 INFO  server.RaftServerConfigKeys (ConfUtils.java:logGet(43)) - raft.server.log.appender.buffer.byte-limit = 33554432 (custom)
2019-07-13 10:55:05,695 INFO  server.RaftServerConfigKeys (ConfUtils.java:logGet(43)) - raft.server.log.force.sync.num = 128 (default)
2019-07-13 10:55:05,695 INFO  server.RaftServerConfigKeys (ConfUtils.java:logGet(43)) - raft.server.log.statemachine.data.sync = true (default)
2019-07-13 10:55:05,694 INFO  server.RaftServerConfigKeys (ConfUtils.java:logGet(43)) - raft.server.log.segment.size.max = 1048576 (custom)
2019-07-13 10:55:05,695 INFO  server.RaftServerConfigKeys (ConfUtils.java:logGet(43)) - raft.server.log.statemachine.data.sync.timeout = 10s (default)
2019-07-13 10:55:05,695 INFO  server.RaftServerConfigKeys (ConfUtils.java:logGet(43)) - raft.server.log.segment.size.max = 1048576 (custom)
2019-07-13 10:55:05,696 INFO  server.RaftServerConfigKeys (ConfUtils.java:logGet(43)) - raft.server.log.statemachine.data.sync.timeout.retry = -1 (default)
2019-07-13 10:55:05,695 INFO  server.RaftServerConfigKeys (ConfUtils.java:logGet(43)) - raft.server.log.segment.cache.num.max = 2 (custom)
2019-07-13 10:55:05,696 INFO  server.RaftServerConfigKeys (ConfUtils.java:logGet(43)) - raft.server.log.statemachine.data.caching.enabled = true (custom)
2019-07-13 10:55:05,697 INFO  server.RaftServerConfigKeys (ConfUtils.java:logGet(43)) - raft.server.log.segment.cache.num.max = 2 (custom)
2019-07-13 10:55:05,696 INFO  segmented.SegmentedRaftLogWorker (SegmentedRaftLogWorker.java:<init>(172)) - new dd49809b-afd6-45a0-bb24-8de0a4d65af2-SegmentedRaftLogWorker:Storage Directory /tmp/workdir/hadoop-ozone/integration-test/target/test-dir/MiniOzoneClusterImpl-af2d7b69-d49e-4290-9a11-748f9d8a2c7f/datanode-1/data/ratis/56bc251e-fb0e-43ea-9c93-a2eaab2c6f08 for RaftStorage:Storage Directory /tmp/workdir/hadoop-ozone/integration-test/target/test-dir/MiniOzoneClusterImpl-af2d7b69-d49e-4290-9a11-748f9d8a2c7f/datanode-1/data/ratis/56bc251e-fb0e-43ea-9c93-a2eaab2c6f08
2019-07-13 10:55:05,697 INFO  segmented.SegmentedRaftLogWorker (SegmentedRaftLogWorker.java:lambda$new$0(132)) - 79275473-252c-4e04-9cac-7eb987bd2a95-SegmentedRaftLogWorker:Storage Directory /tmp/workdir/hadoop-ozone/integration-test/target/test-dir/MiniOzoneClusterImpl-af2d7b69-d49e-4290-9a11-748f9d8a2c7f/datanode-0/data/ratis/56bc251e-fb0e-43ea-9c93-a2eaab2c6f08: flushIndex: setUnconditionally 0 -> -1
2019-07-13 10:55:05,697 INFO  segmented.SegmentedRaftLogWorker (SegmentedRaftLogWorker.java:<init>(172)) - new 92a6e662-b1d3-4b00-aa21-55ca30f95d1a-SegmentedRaftLogWorker:Storage Directory /tmp/workdir/hadoop-ozone/integration-test/target/test-dir/MiniOzoneClusterImpl-af2d7b69-d49e-4290-9a11-748f9d8a2c7f/datanode-2/data/ratis/56bc251e-fb0e-43ea-9c93-a2eaab2c6f08 for RaftStorage:Storage Directory /tmp/workdir/hadoop-ozone/integration-test/target/test-dir/MiniOzoneClusterImpl-af2d7b69-d49e-4290-9a11-748f9d8a2c7f/datanode-2/data/ratis/56bc251e-fb0e-43ea-9c93-a2eaab2c6f08
2019-07-13 10:55:05,697 INFO  server.RaftServerConfigKeys (ConfUtils.java:logGet(43)) - raft.server.log.queue.byte-limit = 2147483647 (custom)
2019-07-13 10:55:05,719 INFO  server.RaftServerConfigKeys (ConfUtils.java:logGet(43)) - raft.server.log.queue.byte-limit = 2147483647 (custom)
2019-07-13 10:55:05,719 INFO  server.RaftServerConfigKeys (ConfUtils.java:logGet(43)) - raft.server.snapshot.auto.trigger.enabled = true (custom)
2019-07-13 10:55:05,719 INFO  server.RaftServerConfigKeys (ConfUtils.java:logGet(43)) - raft.server.log.queue.element-limit = 1024 (custom)
2019-07-13 10:55:05,719 INFO  server.RaftServerConfigKeys (ConfUtils.java:logGet(43)) - raft.server.log.queue.element-limit = 1024 (custom)
2019-07-13 10:55:05,719 INFO  server.RaftServerConfigKeys (ConfUtils.java:logGet(43)) - raft.server.log.segment.size.max = 1048576 (custom)
2019-07-13 10:55:05,720 INFO  server.RaftServerConfigKeys (ConfUtils.java:logGet(43)) - raft.server.log.preallocated.size = 16384 (custom)
2019-07-13 10:55:05,719 INFO  server.RaftServerConfigKeys (ConfUtils.java:logGet(43)) - raft.server.snapshot.auto.trigger.threshold = 10000 (custom)
2019-07-13 10:55:05,720 INFO  server.RaftServerConfigKeys (ConfUtils.java:logGet(43)) - raft.server.log.write.buffer.size = 33554432 (custom)
2019-07-13 10:55:05,720 INFO  server.RaftServerConfigKeys (ConfUtils.java:logGet(43)) - raft.server.log.segment.size.max = 1048576 (custom)
2019-07-13 10:55:05,720 INFO  server.RaftServerConfigKeys (ConfUtils.java:logGet(43)) - raft.server.log.force.sync.num = 128 (default)
2019-07-13 10:55:05,720 INFO  server.RaftServerConfigKeys (ConfUtils.java:logGet(43)) - raft.server.retrycache.expirytime = 600000ms (custom)
2019-07-13 10:55:05,721 INFO  server.RaftServerConfigKeys (ConfUtils.java:logGet(43)) - raft.server.log.statemachine.data.sync = true (default)
2019-07-13 10:55:05,721 INFO  impl.RaftServerImpl (RaftServerImpl.java:start(180)) - 79275473-252c-4e04-9cac-7eb987bd2a95: start group-A2EAAB2C6F08
2019-07-13 10:55:05,721 INFO  server.RaftServerConfigKeys (ConfUtils.java:logGet(43)) - raft.server.log.preallocated.size = 16384 (custom)
2019-07-13 10:55:05,721 INFO  impl.RaftServerImpl (RaftServerImpl.java:setRole(171)) - 79275473-252c-4e04-9cac-7eb987bd2a95:group-A2EAAB2C6F08 changes role from null to FOLLOWER at term 0 for startAsFollower
2019-07-13 10:55:05,721 INFO  server.RaftServerConfigKeys (ConfUtils.java:logGet(43)) - raft.server.log.statemachine.data.sync.timeout = 10s (default)
2019-07-13 10:55:05,722 INFO  impl.RoleInfo (RoleInfo.java:updateAndGet(143)) - 79275473-252c-4e04-9cac-7eb987bd2a95: start FollowerState
2019-07-13 10:55:05,721 INFO  server.RaftServerConfigKeys (ConfUtils.java:logGet(43)) - raft.server.log.write.buffer.size = 33554432 (custom)
2019-07-13 10:55:05,722 INFO  server.RaftServerConfigKeys (ConfUtils.java:logGet(43)) - raft.server.log.statemachine.data.sync.timeout.retry = -1 (default)
2019-07-13 10:55:05,722 INFO  server.RaftServerConfigKeys (ConfUtils.java:logGet(43)) - raft.server.log.force.sync.num = 128 (default)
2019-07-13 10:55:05,722 INFO  server.RaftServerConfigKeys (ConfUtils.java:logGet(43)) - raft.server.log.statemachine.data.caching.enabled = true (custom)
2019-07-13 10:55:05,722 INFO  util.JmxRegister (JmxRegister.java:tryRegister(44)) - Successfully registered JMX Bean with object name Ratis:service=RaftServer,group=group-A2EAAB2C6F08,id=79275473-252c-4e04-9cac-7eb987bd2a95
2019-07-13 10:55:05,722 INFO  server.RaftServerConfigKeys (ConfUtils.java:logGet(43)) - raft.server.log.statemachine.data.sync = true (default)
2019-07-13 10:55:05,723 INFO  segmented.SegmentedRaftLogWorker (SegmentedRaftLogWorker.java:lambda$new$0(132)) - 92a6e662-b1d3-4b00-aa21-55ca30f95d1a-SegmentedRaftLogWorker:Storage Directory /tmp/workdir/hadoop-ozone/integration-test/target/test-dir/MiniOzoneClusterImpl-af2d7b69-d49e-4290-9a11-748f9d8a2c7f/datanode-2/data/ratis/56bc251e-fb0e-43ea-9c93-a2eaab2c6f08: flushIndex: setUnconditionally 0 -> -1
2019-07-13 10:55:05,723 INFO  server.RaftServerConfigKeys (ConfUtils.java:logGet(43)) - raft.server.log.statemachine.data.sync.timeout = 10s (default)
2019-07-13 10:55:05,723 INFO  server.RaftServerConfigKeys (ConfUtils.java:logGet(43)) - raft.server.log.statemachine.data.sync.timeout.retry = -1 (default)
2019-07-13 10:55:05,724 INFO  server.RaftServerConfigKeys (ConfUtils.java:logGet(43)) - raft.server.log.statemachine.data.caching.enabled = true (custom)
2019-07-13 10:55:05,724 INFO  server.RaftServerConfigKeys (ConfUtils.java:logGet(43)) - raft.server.snapshot.auto.trigger.enabled = true (custom)
2019-07-13 10:55:05,724 INFO  segmented.SegmentedRaftLogWorker (SegmentedRaftLogWorker.java:lambda$new$0(132)) - dd49809b-afd6-45a0-bb24-8de0a4d65af2-SegmentedRaftLogWorker:Storage Directory /tmp/workdir/hadoop-ozone/integration-test/target/test-dir/MiniOzoneClusterImpl-af2d7b69-d49e-4290-9a11-748f9d8a2c7f/datanode-1/data/ratis/56bc251e-fb0e-43ea-9c93-a2eaab2c6f08: flushIndex: setUnconditionally 0 -> -1
2019-07-13 10:55:05,724 INFO  server.RaftServerConfigKeys (ConfUtils.java:logGet(43)) - raft.server.snapshot.auto.trigger.threshold = 10000 (custom)
2019-07-13 10:55:05,725 INFO  server.RaftServerConfigKeys (ConfUtils.java:logGet(43)) - raft.server.snapshot.auto.trigger.enabled = true (custom)
2019-07-13 10:55:05,725 INFO  server.RaftServerConfigKeys (ConfUtils.java:logGet(43)) - raft.server.retrycache.expirytime = 600000ms (custom)
2019-07-13 10:55:05,725 INFO  server.RaftServerConfigKeys (ConfUtils.java:logGet(43)) - raft.server.snapshot.auto.trigger.threshold = 10000 (custom)
2019-07-13 10:55:05,725 INFO  impl.RaftServerImpl (RaftServerImpl.java:start(180)) - 92a6e662-b1d3-4b00-aa21-55ca30f95d1a: start group-A2EAAB2C6F08
2019-07-13 10:55:05,725 INFO  server.RaftServerConfigKeys (ConfUtils.java:logGet(43)) - raft.server.retrycache.expirytime = 600000ms (custom)
2019-07-13 10:55:05,725 INFO  impl.RaftServerImpl (RaftServerImpl.java:setRole(171)) - 92a6e662-b1d3-4b00-aa21-55ca30f95d1a:group-A2EAAB2C6F08 changes role from null to FOLLOWER at term 0 for startAsFollower
2019-07-13 10:55:05,725 INFO  impl.RaftServerImpl (RaftServerImpl.java:start(180)) - dd49809b-afd6-45a0-bb24-8de0a4d65af2: start group-A2EAAB2C6F08
2019-07-13 10:55:05,730 INFO  impl.RoleInfo (RoleInfo.java:updateAndGet(143)) - 92a6e662-b1d3-4b00-aa21-55ca30f95d1a: start FollowerState
2019-07-13 10:55:05,730 INFO  impl.RaftServerImpl (RaftServerImpl.java:setRole(171)) - dd49809b-afd6-45a0-bb24-8de0a4d65af2:group-A2EAAB2C6F08 changes role from null to FOLLOWER at term 0 for startAsFollower
2019-07-13 10:55:05,730 INFO  impl.RoleInfo (RoleInfo.java:updateAndGet(143)) - dd49809b-afd6-45a0-bb24-8de0a4d65af2: start FollowerState
2019-07-13 10:55:05,731 INFO  util.JmxRegister (JmxRegister.java:tryRegister(44)) - Successfully registered JMX Bean with object name Ratis:service=RaftServer,group=group-A2EAAB2C6F08,id=92a6e662-b1d3-4b00-aa21-55ca30f95d1a
2019-07-13 10:55:05,731 INFO  util.JmxRegister (JmxRegister.java:tryRegister(44)) - Successfully registered JMX Bean with object name Ratis:service=RaftServer,group=group-A2EAAB2C6F08,id=dd49809b-afd6-45a0-bb24-8de0a4d65af2
2019-07-13 10:55:05,731 INFO  node.SCMNodeManager (SCMNodeManager.java:register(269)) - Registered Data node : 78c23eae-0238-4f30-9c41-67238fcc5c5b{ip: 192.168.157.218, host: trunk-nightly-qcxv8-4293026562, networkLocation: /default-rack, certSerialId: null}
2019-07-13 10:55:05,742 INFO  pipeline.PipelineStateManager (PipelineStateManager.java:addPipeline(56)) - Created pipeline Pipeline[ Id: 56bc251e-fb0e-43ea-9c93-a2eaab2c6f08, Nodes: 79275473-252c-4e04-9cac-7eb987bd2a95{ip: 192.168.157.218, host: trunk-nightly-qcxv8-4293026562, networkLocation: /default-rack, certSerialId: null}dd49809b-afd6-45a0-bb24-8de0a4d65af2{ip: 192.168.157.218, host: trunk-nightly-qcxv8-4293026562, networkLocation: /default-rack, certSerialId: null}92a6e662-b1d3-4b00-aa21-55ca30f95d1a{ip: 192.168.157.218, host: trunk-nightly-qcxv8-4293026562, networkLocation: /default-rack, certSerialId: null}, Type:RATIS, Factor:THREE, State:OPEN]
2019-07-13 10:55:05,944 INFO  node.SCMNodeManager (SCMNodeManager.java:register(269)) - Registered Data node : e2d1d225-c837-405f-bac3-be921dc3c71c{ip: 192.168.157.218, host: trunk-nightly-qcxv8-4293026562, networkLocation: /default-rack, certSerialId: null}
2019-07-13 10:55:05,963 INFO  impl.RaftServerProxy (RaftServerProxy.java:addNew(89)) - 78c23eae-0238-4f30-9c41-67238fcc5c5b: addNew group-3E175EAA0106:[78c23eae-0238-4f30-9c41-67238fcc5c5b:192.168.157.218:39923] returns group-3E175EAA0106:java.util.concurrent.CompletableFuture@4273a018[Not completed]
2019-07-13 10:55:05,965 INFO  impl.RaftServerImpl (RaftServerImpl.java:<init>(93)) - 78c23eae-0238-4f30-9c41-67238fcc5c5b: new RaftServerImpl for group-3E175EAA0106:[78c23eae-0238-4f30-9c41-67238fcc5c5b:192.168.157.218:39923] with ContainerStateMachine:uninitialized
2019-07-13 10:55:05,966 INFO  server.RaftServerConfigKeys (ConfUtils.java:logGet(43)) - raft.server.rpc.timeout.min = 5s (custom)
2019-07-13 10:55:05,966 INFO  server.RaftServerConfigKeys (ConfUtils.java:logGet(43)) - raft.server.rpc.timeout.max = 5200ms (custom)
2019-07-13 10:55:05,966 INFO  server.RaftServerConfigKeys (ConfUtils.java:logGet(43)) - raft.server.rpcslowness.timeout = 120s (custom)
2019-07-13 10:55:05,966 INFO  server.RaftServerConfigKeys (ConfUtils.java:logGet(43)) - raft.server.sleep.deviation.threshold = 300 (default)
2019-07-13 10:55:05,967 INFO  server.RaftServerConfigKeys (ConfUtils.java:logGet(43)) - raft.server.log.appender.install.snapshot.enabled = false (custom)
2019-07-13 10:55:05,967 INFO  impl.RaftServerImpl (ServerState.java:<init>(105)) - 78c23eae-0238-4f30-9c41-67238fcc5c5b:group-3E175EAA0106 ConfigurationManager, init=-1: [78c23eae-0238-4f30-9c41-67238fcc5c5b:192.168.157.218:39923], old=null, confs=<EMPTY_MAP>
2019-07-13 10:55:05,967 INFO  server.RaftServerConfigKeys (ConfUtils.java:logGet(43)) - raft.server.storage.dir = [/tmp/workdir/hadoop-ozone/integration-test/target/test-dir/MiniOzoneClusterImpl-af2d7b69-d49e-4290-9a11-748f9d8a2c7f/datanode-3/data/ratis] (custom)
2019-07-13 10:55:05,967 INFO  storage.RaftStorageDirectory (RaftStorageDirectory.java:analyzeStorage(246)) - The storage directory /tmp/workdir/hadoop-ozone/integration-test/target/test-dir/MiniOzoneClusterImpl-af2d7b69-d49e-4290-9a11-748f9d8a2c7f/datanode-3/data/ratis/3bb63ddb-e6a5-430a-b0b5-3e175eaa0106 does not exist. Creating ...
2019-07-13 10:55:05,981 INFO  storage.RaftStorageDirectory (RaftStorageDirectory.java:tryLock(328)) - Lock on /tmp/workdir/hadoop-ozone/integration-test/target/test-dir/MiniOzoneClusterImpl-af2d7b69-d49e-4290-9a11-748f9d8a2c7f/datanode-3/data/ratis/3bb63ddb-e6a5-430a-b0b5-3e175eaa0106/in_use.lock acquired by nodename 13195@trunk-nightly-qcxv8-4293026562
2019-07-13 10:55:05,995 INFO  storage.RaftStorage (RaftStorage.java:format(72)) - Storage directory /tmp/workdir/hadoop-ozone/integration-test/target/test-dir/MiniOzoneClusterImpl-af2d7b69-d49e-4290-9a11-748f9d8a2c7f/datanode-3/data/ratis/3bb63ddb-e6a5-430a-b0b5-3e175eaa0106 has been successfully formatted.
2019-07-13 10:55:05,995 INFO  ratis.ContainerStateMachine (ContainerStateMachine.java:loadSnapshot(200)) - The snapshot info is null.Setting the last applied index to:(t:0, i:~)
2019-07-13 10:55:05,995 INFO  server.RaftServerConfigKeys (ConfUtils.java:logGet(43)) - raft.server.leader.election.timeout = 120s (custom)
2019-07-13 10:55:05,995 INFO  server.RaftServerConfigKeys (ConfUtils.java:logGet(43)) - raft.server.log.use.memory = false (default)
2019-07-13 10:55:05,996 INFO  server.RaftServerConfigKeys (ConfUtils.java:logGet(43)) - raft.server.log.purge.gap = 1000000000 (custom)
2019-07-13 10:55:05,996 INFO  server.RaftServerConfigKeys (ConfUtils.java:logGet(43)) - raft.server.log.appender.buffer.byte-limit = 33554432 (custom)
2019-07-13 10:55:05,996 INFO  server.RaftServerConfigKeys (ConfUtils.java:logGet(43)) - raft.server.log.segment.size.max = 1048576 (custom)
2019-07-13 10:55:05,996 INFO  server.RaftServerConfigKeys (ConfUtils.java:logGet(43)) - raft.server.log.segment.cache.num.max = 2 (custom)
2019-07-13 10:55:05,996 INFO  segmented.SegmentedRaftLogWorker (SegmentedRaftLogWorker.java:<init>(172)) - new 78c23eae-0238-4f30-9c41-67238fcc5c5b-SegmentedRaftLogWorker:Storage Directory /tmp/workdir/hadoop-ozone/integration-test/target/test-dir/MiniOzoneClusterImpl-af2d7b69-d49e-4290-9a11-748f9d8a2c7f/datanode-3/data/ratis/3bb63ddb-e6a5-430a-b0b5-3e175eaa0106 for RaftStorage:Storage Directory /tmp/workdir/hadoop-ozone/integration-test/target/test-dir/MiniOzoneClusterImpl-af2d7b69-d49e-4290-9a11-748f9d8a2c7f/datanode-3/data/ratis/3bb63ddb-e6a5-430a-b0b5-3e175eaa0106
2019-07-13 10:55:05,997 INFO  server.RaftServerConfigKeys (ConfUtils.java:logGet(43)) - raft.server.log.queue.byte-limit = 2147483647 (custom)
2019-07-13 10:55:05,997 INFO  server.RaftServerConfigKeys (ConfUtils.java:logGet(43)) - raft.server.log.queue.element-limit = 1024 (custom)
2019-07-13 10:55:05,997 INFO  server.RaftServerConfigKeys (ConfUtils.java:logGet(43)) - raft.server.log.segment.size.max = 1048576 (custom)
2019-07-13 10:55:05,997 INFO  server.RaftServerConfigKeys (ConfUtils.java:logGet(43)) - raft.server.log.preallocated.size = 16384 (custom)
2019-07-13 10:55:05,998 INFO  server.RaftServerConfigKeys (ConfUtils.java:logGet(43)) - raft.server.log.write.buffer.size = 33554432 (custom)
2019-07-13 10:55:05,998 INFO  server.RaftServerConfigKeys (ConfUtils.java:logGet(43)) - raft.server.log.force.sync.num = 128 (default)
2019-07-13 10:55:05,998 INFO  server.RaftServerConfigKeys (ConfUtils.java:logGet(43)) - raft.server.log.statemachine.data.sync = true (default)
2019-07-13 10:55:05,998 INFO  server.RaftServerConfigKeys (ConfUtils.java:logGet(43)) - raft.server.log.statemachine.data.sync.timeout = 10s (default)
2019-07-13 10:55:05,998 INFO  server.RaftServerConfigKeys (ConfUtils.java:logGet(43)) - raft.server.log.statemachine.data.sync.timeout.retry = -1 (default)
2019-07-13 10:55:05,999 INFO  server.RaftServerConfigKeys (ConfUtils.java:logGet(43)) - raft.server.log.statemachine.data.caching.enabled = true (custom)
2019-07-13 10:55:06,000 INFO  segmented.SegmentedRaftLogWorker (SegmentedRaftLogWorker.java:lambda$new$0(132)) - 78c23eae-0238-4f30-9c41-67238fcc5c5b-SegmentedRaftLogWorker:Storage Directory /tmp/workdir/hadoop-ozone/integration-test/target/test-dir/MiniOzoneClusterImpl-af2d7b69-d49e-4290-9a11-748f9d8a2c7f/datanode-3/data/ratis/3bb63ddb-e6a5-430a-b0b5-3e175eaa0106: flushIndex: setUnconditionally 0 -> -1
2019-07-13 10:55:06,000 INFO  server.RaftServerConfigKeys (ConfUtils.java:logGet(43)) - raft.server.snapshot.auto.trigger.enabled = true (custom)
2019-07-13 10:55:06,001 INFO  server.RaftServerConfigKeys (ConfUtils.java:logGet(43)) - raft.server.snapshot.auto.trigger.threshold = 10000 (custom)
2019-07-13 10:55:06,001 INFO  server.RaftServerConfigKeys (ConfUtils.java:logGet(43)) - raft.server.retrycache.expirytime = 600000ms (custom)
2019-07-13 10:55:06,001 INFO  impl.RaftServerImpl (RaftServerImpl.java:start(180)) - 78c23eae-0238-4f30-9c41-67238fcc5c5b: start group-3E175EAA0106
2019-07-13 10:55:06,001 INFO  impl.RaftServerImpl (RaftServerImpl.java:setRole(171)) - 78c23eae-0238-4f30-9c41-67238fcc5c5b:group-3E175EAA0106 changes role from null to FOLLOWER at term 0 for startAsFollower
2019-07-13 10:55:06,001 INFO  impl.RoleInfo (RoleInfo.java:updateAndGet(143)) - 78c23eae-0238-4f30-9c41-67238fcc5c5b: start FollowerState
2019-07-13 10:55:06,017 INFO  util.JmxRegister (JmxRegister.java:tryRegister(44)) - Successfully registered JMX Bean with object name Ratis:service=RaftServer,group=group-3E175EAA0106,id=78c23eae-0238-4f30-9c41-67238fcc5c5b
2019-07-13 10:55:06,036 INFO  pipeline.PipelineStateManager (PipelineStateManager.java:addPipeline(56)) - Created pipeline Pipeline[ Id: 3bb63ddb-e6a5-430a-b0b5-3e175eaa0106, Nodes: 78c23eae-0238-4f30-9c41-67238fcc5c5b{ip: 192.168.157.218, host: trunk-nightly-qcxv8-4293026562, networkLocation: /default-rack, certSerialId: null}, Type:RATIS, Factor:ONE, State:OPEN]
2019-07-13 10:55:06,052 INFO  impl.RaftServerProxy (RaftServerProxy.java:addNew(89)) - e2d1d225-c837-405f-bac3-be921dc3c71c: addNew group-AE138F4EFF7C:[e2d1d225-c837-405f-bac3-be921dc3c71c:192.168.157.218:43612] returns group-AE138F4EFF7C:java.util.concurrent.CompletableFuture@760fb255[Not completed]
2019-07-13 10:55:06,054 INFO  impl.RaftServerImpl (RaftServerImpl.java:<init>(93)) - e2d1d225-c837-405f-bac3-be921dc3c71c: new RaftServerImpl for group-AE138F4EFF7C:[e2d1d225-c837-405f-bac3-be921dc3c71c:192.168.157.218:43612] with ContainerStateMachine:uninitialized
2019-07-13 10:55:06,054 INFO  server.RaftServerConfigKeys (ConfUtils.java:logGet(43)) - raft.server.rpc.timeout.min = 5s (custom)
2019-07-13 10:55:06,054 INFO  server.RaftServerConfigKeys (ConfUtils.java:logGet(43)) - raft.server.rpc.timeout.max = 5200ms (custom)
2019-07-13 10:55:06,054 INFO  server.RaftServerConfigKeys (ConfUtils.java:logGet(43)) - raft.server.rpcslowness.timeout = 120s (custom)
2019-07-13 10:55:06,054 INFO  server.RaftServerConfigKeys (ConfUtils.java:logGet(43)) - raft.server.sleep.deviation.threshold = 300 (default)
2019-07-13 10:55:06,054 INFO  server.RaftServerConfigKeys (ConfUtils.java:logGet(43)) - raft.server.log.appender.install.snapshot.enabled = false (custom)
2019-07-13 10:55:06,055 INFO  impl.RaftServerImpl (ServerState.java:<init>(105)) - e2d1d225-c837-405f-bac3-be921dc3c71c:group-AE138F4EFF7C ConfigurationManager, init=-1: [e2d1d225-c837-405f-bac3-be921dc3c71c:192.168.157.218:43612], old=null, confs=<EMPTY_MAP>
2019-07-13 10:55:06,055 INFO  server.RaftServerConfigKeys (ConfUtils.java:logGet(43)) - raft.server.storage.dir = [/tmp/workdir/hadoop-ozone/integration-test/target/test-dir/MiniOzoneClusterImpl-af2d7b69-d49e-4290-9a11-748f9d8a2c7f/datanode-4/data/ratis] (custom)
2019-07-13 10:55:06,055 INFO  storage.RaftStorageDirectory (RaftStorageDirectory.java:analyzeStorage(246)) - The storage directory /tmp/workdir/hadoop-ozone/integration-test/target/test-dir/MiniOzoneClusterImpl-af2d7b69-d49e-4290-9a11-748f9d8a2c7f/datanode-4/data/ratis/ee4763ae-0141-4816-b860-ae138f4eff7c does not exist. Creating ...
2019-07-13 10:55:06,068 INFO  storage.RaftStorageDirectory (RaftStorageDirectory.java:tryLock(328)) - Lock on /tmp/workdir/hadoop-ozone/integration-test/target/test-dir/MiniOzoneClusterImpl-af2d7b69-d49e-4290-9a11-748f9d8a2c7f/datanode-4/data/ratis/ee4763ae-0141-4816-b860-ae138f4eff7c/in_use.lock acquired by nodename 13195@trunk-nightly-qcxv8-4293026562
2019-07-13 10:55:06,082 INFO  storage.RaftStorage (RaftStorage.java:format(72)) - Storage directory /tmp/workdir/hadoop-ozone/integration-test/target/test-dir/MiniOzoneClusterImpl-af2d7b69-d49e-4290-9a11-748f9d8a2c7f/datanode-4/data/ratis/ee4763ae-0141-4816-b860-ae138f4eff7c has been successfully formatted.
2019-07-13 10:55:06,082 INFO  ratis.ContainerStateMachine (ContainerStateMachine.java:loadSnapshot(200)) - The snapshot info is null.Setting the last applied index to:(t:0, i:~)
2019-07-13 10:55:06,082 INFO  server.RaftServerConfigKeys (ConfUtils.java:logGet(43)) - raft.server.leader.election.timeout = 120s (custom)
2019-07-13 10:55:06,082 INFO  server.RaftServerConfigKeys (ConfUtils.java:logGet(43)) - raft.server.log.use.memory = false (default)
2019-07-13 10:55:06,082 INFO  server.RaftServerConfigKeys (ConfUtils.java:logGet(43)) - raft.server.log.purge.gap = 1000000000 (custom)
2019-07-13 10:55:06,083 INFO  server.RaftServerConfigKeys (ConfUtils.java:logGet(43)) - raft.server.log.appender.buffer.byte-limit = 33554432 (custom)
2019-07-13 10:55:06,083 INFO  server.RaftServerConfigKeys (ConfUtils.java:logGet(43)) - raft.server.log.segment.size.max = 1048576 (custom)
2019-07-13 10:55:06,083 INFO  server.RaftServerConfigKeys (ConfUtils.java:logGet(43)) - raft.server.log.segment.cache.num.max = 2 (custom)
2019-07-13 10:55:06,083 INFO  segmented.SegmentedRaftLogWorker (SegmentedRaftLogWorker.java:<init>(172)) - new e2d1d225-c837-405f-bac3-be921dc3c71c-SegmentedRaftLogWorker:Storage Directory /tmp/workdir/hadoop-ozone/integration-test/target/test-dir/MiniOzoneClusterImpl-af2d7b69-d49e-4290-9a11-748f9d8a2c7f/datanode-4/data/ratis/ee4763ae-0141-4816-b860-ae138f4eff7c for RaftStorage:Storage Directory /tmp/workdir/hadoop-ozone/integration-test/target/test-dir/MiniOzoneClusterImpl-af2d7b69-d49e-4290-9a11-748f9d8a2c7f/datanode-4/data/ratis/ee4763ae-0141-4816-b860-ae138f4eff7c
2019-07-13 10:55:06,083 INFO  server.RaftServerConfigKeys (ConfUtils.java:logGet(43)) - raft.server.log.queue.byte-limit = 2147483647 (custom)
2019-07-13 10:55:06,084 INFO  server.RaftServerConfigKeys (ConfUtils.java:logGet(43)) - raft.server.log.queue.element-limit = 1024 (custom)
2019-07-13 10:55:06,084 INFO  server.RaftServerConfigKeys (ConfUtils.java:logGet(43)) - raft.server.log.segment.size.max = 1048576 (custom)
2019-07-13 10:55:06,084 INFO  server.RaftServerConfigKeys (ConfUtils.java:logGet(43)) - raft.server.log.preallocated.size = 16384 (custom)
2019-07-13 10:55:06,084 INFO  server.RaftServerConfigKeys (ConfUtils.java:logGet(43)) - raft.server.log.write.buffer.size = 33554432 (custom)
2019-07-13 10:55:06,084 INFO  server.RaftServerConfigKeys (ConfUtils.java:logGet(43)) - raft.server.log.force.sync.num = 128 (default)
2019-07-13 10:55:06,085 INFO  server.RaftServerConfigKeys (ConfUtils.java:logGet(43)) - raft.server.log.statemachine.data.sync = true (default)
2019-07-13 10:55:06,085 INFO  server.RaftServerConfigKeys (ConfUtils.java:logGet(43)) - raft.server.log.statemachine.data.sync.timeout = 10s (default)
2019-07-13 10:55:06,085 INFO  server.RaftServerConfigKeys (ConfUtils.java:logGet(43)) - raft.server.log.statemachine.data.sync.timeout.retry = -1 (default)
2019-07-13 10:55:06,085 INFO  server.RaftServerConfigKeys (ConfUtils.java:logGet(43)) - raft.server.log.statemachine.data.caching.enabled = true (custom)
2019-07-13 10:55:06,086 INFO  segmented.SegmentedRaftLogWorker (SegmentedRaftLogWorker.java:lambda$new$0(132)) - e2d1d225-c837-405f-bac3-be921dc3c71c-SegmentedRaftLogWorker:Storage Directory /tmp/workdir/hadoop-ozone/integration-test/target/test-dir/MiniOzoneClusterImpl-af2d7b69-d49e-4290-9a11-748f9d8a2c7f/datanode-4/data/ratis/ee4763ae-0141-4816-b860-ae138f4eff7c: flushIndex: setUnconditionally 0 -> -1
2019-07-13 10:55:06,086 INFO  server.RaftServerConfigKeys (ConfUtils.java:logGet(43)) - raft.server.snapshot.auto.trigger.enabled = true (custom)
2019-07-13 10:55:06,086 INFO  server.RaftServerConfigKeys (ConfUtils.java:logGet(43)) - raft.server.snapshot.auto.trigger.threshold = 10000 (custom)
2019-07-13 10:55:06,086 INFO  server.RaftServerConfigKeys (ConfUtils.java:logGet(43)) - raft.server.retrycache.expirytime = 600000ms (custom)
2019-07-13 10:55:06,087 INFO  impl.RaftServerImpl (RaftServerImpl.java:start(180)) - e2d1d225-c837-405f-bac3-be921dc3c71c: start group-AE138F4EFF7C
2019-07-13 10:55:06,087 INFO  impl.RaftServerImpl (RaftServerImpl.java:setRole(171)) - e2d1d225-c837-405f-bac3-be921dc3c71c:group-AE138F4EFF7C changes role from null to FOLLOWER at term 0 for startAsFollower
2019-07-13 10:55:06,087 INFO  impl.RoleInfo (RoleInfo.java:updateAndGet(143)) - e2d1d225-c837-405f-bac3-be921dc3c71c: start FollowerState
2019-07-13 10:55:06,088 INFO  util.JmxRegister (JmxRegister.java:tryRegister(44)) - Successfully registered JMX Bean with object name Ratis:service=RaftServer,group=group-AE138F4EFF7C,id=e2d1d225-c837-405f-bac3-be921dc3c71c
2019-07-13 10:55:06,095 INFO  pipeline.PipelineStateManager (PipelineStateManager.java:addPipeline(56)) - Created pipeline Pipeline[ Id: ee4763ae-0141-4816-b860-ae138f4eff7c, Nodes: e2d1d225-c837-405f-bac3-be921dc3c71c{ip: 192.168.157.218, host: trunk-nightly-qcxv8-4293026562, networkLocation: /default-rack, certSerialId: null}, Type:RATIS, Factor:ONE, State:OPEN]
2019-07-13 10:55:06,138 INFO  node.SCMNodeManager (SCMNodeManager.java:register(269)) - Registered Data node : 21a46591-6e6a-4cd8-b431-241423caeead{ip: 192.168.157.218, host: trunk-nightly-qcxv8-4293026562, networkLocation: /default-rack, certSerialId: null}
2019-07-13 10:55:06,162 INFO  impl.RaftServerProxy (RaftServerProxy.java:addNew(89)) - 21a46591-6e6a-4cd8-b431-241423caeead: addNew group-2D0D1551714B:[21a46591-6e6a-4cd8-b431-241423caeead:192.168.157.218:42921] returns group-2D0D1551714B:java.util.concurrent.CompletableFuture@b3d7656[Not completed]
2019-07-13 10:55:06,164 INFO  impl.RaftServerImpl (RaftServerImpl.java:<init>(93)) - 21a46591-6e6a-4cd8-b431-241423caeead: new RaftServerImpl for group-2D0D1551714B:[21a46591-6e6a-4cd8-b431-241423caeead:192.168.157.218:42921] with ContainerStateMachine:uninitialized
2019-07-13 10:55:06,164 INFO  server.RaftServerConfigKeys (ConfUtils.java:logGet(43)) - raft.server.rpc.timeout.min = 5s (custom)
2019-07-13 10:55:06,164 INFO  server.RaftServerConfigKeys (ConfUtils.java:logGet(43)) - raft.server.rpc.timeout.max = 5200ms (custom)
2019-07-13 10:55:06,164 INFO  server.RaftServerConfigKeys (ConfUtils.java:logGet(43)) - raft.server.rpcslowness.timeout = 120s (custom)
2019-07-13 10:55:06,164 INFO  server.RaftServerConfigKeys (ConfUtils.java:logGet(43)) - raft.server.sleep.deviation.threshold = 300 (default)
2019-07-13 10:55:06,165 INFO  server.RaftServerConfigKeys (ConfUtils.java:logGet(43)) - raft.server.log.appender.install.snapshot.enabled = false (custom)
2019-07-13 10:55:06,165 INFO  impl.RaftServerImpl (ServerState.java:<init>(105)) - 21a46591-6e6a-4cd8-b431-241423caeead:group-2D0D1551714B ConfigurationManager, init=-1: [21a46591-6e6a-4cd8-b431-241423caeead:192.168.157.218:42921], old=null, confs=<EMPTY_MAP>
2019-07-13 10:55:06,165 INFO  server.RaftServerConfigKeys (ConfUtils.java:logGet(43)) - raft.server.storage.dir = [/tmp/workdir/hadoop-ozone/integration-test/target/test-dir/MiniOzoneClusterImpl-af2d7b69-d49e-4290-9a11-748f9d8a2c7f/datanode-5/data/ratis] (custom)
2019-07-13 10:55:06,166 INFO  storage.RaftStorageDirectory (RaftStorageDirectory.java:analyzeStorage(246)) - The storage directory /tmp/workdir/hadoop-ozone/integration-test/target/test-dir/MiniOzoneClusterImpl-af2d7b69-d49e-4290-9a11-748f9d8a2c7f/datanode-5/data/ratis/73570950-9a0e-4cc1-bdd0-2d0d1551714b does not exist. Creating ...
2019-07-13 10:55:06,179 INFO  storage.RaftStorageDirectory (RaftStorageDirectory.java:tryLock(328)) - Lock on /tmp/workdir/hadoop-ozone/integration-test/target/test-dir/MiniOzoneClusterImpl-af2d7b69-d49e-4290-9a11-748f9d8a2c7f/datanode-5/data/ratis/73570950-9a0e-4cc1-bdd0-2d0d1551714b/in_use.lock acquired by nodename 13195@trunk-nightly-qcxv8-4293026562
2019-07-13 10:55:06,192 INFO  storage.RaftStorage (RaftStorage.java:format(72)) - Storage directory /tmp/workdir/hadoop-ozone/integration-test/target/test-dir/MiniOzoneClusterImpl-af2d7b69-d49e-4290-9a11-748f9d8a2c7f/datanode-5/data/ratis/73570950-9a0e-4cc1-bdd0-2d0d1551714b has been successfully formatted.
2019-07-13 10:55:06,193 INFO  ratis.ContainerStateMachine (ContainerStateMachine.java:loadSnapshot(200)) - The snapshot info is null.Setting the last applied index to:(t:0, i:~)
2019-07-13 10:55:06,193 INFO  server.RaftServerConfigKeys (ConfUtils.java:logGet(43)) - raft.server.leader.election.timeout = 120s (custom)
2019-07-13 10:55:06,193 INFO  server.RaftServerConfigKeys (ConfUtils.java:logGet(43)) - raft.server.log.use.memory = false (default)
2019-07-13 10:55:06,193 INFO  server.RaftServerConfigKeys (ConfUtils.java:logGet(43)) - raft.server.log.purge.gap = 1000000000 (custom)
2019-07-13 10:55:06,193 INFO  server.RaftServerConfigKeys (ConfUtils.java:logGet(43)) - raft.server.log.appender.buffer.byte-limit = 33554432 (custom)
2019-07-13 10:55:06,194 INFO  server.RaftServerConfigKeys (ConfUtils.java:logGet(43)) - raft.server.log.segment.size.max = 1048576 (custom)
2019-07-13 10:55:06,194 INFO  server.RaftServerConfigKeys (ConfUtils.java:logGet(43)) - raft.server.log.segment.cache.num.max = 2 (custom)
2019-07-13 10:55:06,194 INFO  segmented.SegmentedRaftLogWorker (SegmentedRaftLogWorker.java:<init>(172)) - new 21a46591-6e6a-4cd8-b431-241423caeead-SegmentedRaftLogWorker:Storage Directory /tmp/workdir/hadoop-ozone/integration-test/target/test-dir/MiniOzoneClusterImpl-af2d7b69-d49e-4290-9a11-748f9d8a2c7f/datanode-5/data/ratis/73570950-9a0e-4cc1-bdd0-2d0d1551714b for RaftStorage:Storage Directory /tmp/workdir/hadoop-ozone/integration-test/target/test-dir/MiniOzoneClusterImpl-af2d7b69-d49e-4290-9a11-748f9d8a2c7f/datanode-5/data/ratis/73570950-9a0e-4cc1-bdd0-2d0d1551714b
2019-07-13 10:55:06,194 INFO  server.RaftServerConfigKeys (ConfUtils.java:logGet(43)) - raft.server.log.queue.byte-limit = 2147483647 (custom)
2019-07-13 10:55:06,194 INFO  server.RaftServerConfigKeys (ConfUtils.java:logGet(43)) - raft.server.log.queue.element-limit = 1024 (custom)
2019-07-13 10:55:06,195 INFO  server.RaftServerConfigKeys (ConfUtils.java:logGet(43)) - raft.server.log.segment.size.max = 1048576 (custom)
2019-07-13 10:55:06,195 INFO  server.RaftServerConfigKeys (ConfUtils.java:logGet(43)) - raft.server.log.preallocated.size = 16384 (custom)
2019-07-13 10:55:06,195 INFO  server.RaftServerConfigKeys (ConfUtils.java:logGet(43)) - raft.server.log.write.buffer.size = 33554432 (custom)
2019-07-13 10:55:06,195 INFO  server.RaftServerConfigKeys (ConfUtils.java:logGet(43)) - raft.server.log.force.sync.num = 128 (default)
2019-07-13 10:55:06,195 INFO  server.RaftServerConfigKeys (ConfUtils.java:logGet(43)) - raft.server.log.statemachine.data.sync = true (default)
2019-07-13 10:55:06,196 INFO  server.RaftServerConfigKeys (ConfUtils.java:logGet(43)) - raft.server.log.statemachine.data.sync.timeout = 10s (default)
2019-07-13 10:55:06,196 INFO  server.RaftServerConfigKeys (ConfUtils.java:logGet(43)) - raft.server.log.statemachine.data.sync.timeout.retry = -1 (default)
2019-07-13 10:55:06,196 INFO  server.RaftServerConfigKeys (ConfUtils.java:logGet(43)) - raft.server.log.statemachine.data.caching.enabled = true (custom)
2019-07-13 10:55:06,197 INFO  segmented.SegmentedRaftLogWorker (SegmentedRaftLogWorker.java:lambda$new$0(132)) - 21a46591-6e6a-4cd8-b431-241423caeead-SegmentedRaftLogWorker:Storage Directory /tmp/workdir/hadoop-ozone/integration-test/target/test-dir/MiniOzoneClusterImpl-af2d7b69-d49e-4290-9a11-748f9d8a2c7f/datanode-5/data/ratis/73570950-9a0e-4cc1-bdd0-2d0d1551714b: flushIndex: setUnconditionally 0 -> -1
2019-07-13 10:55:06,197 INFO  server.RaftServerConfigKeys (ConfUtils.java:logGet(43)) - raft.server.snapshot.auto.trigger.enabled = true (custom)
2019-07-13 10:55:06,197 INFO  server.RaftServerConfigKeys (ConfUtils.java:logGet(43)) - raft.server.snapshot.auto.trigger.threshold = 10000 (custom)
2019-07-13 10:55:06,197 INFO  server.RaftServerConfigKeys (ConfUtils.java:logGet(43)) - raft.server.retrycache.expirytime = 600000ms (custom)
2019-07-13 10:55:06,198 INFO  impl.RaftServerImpl (RaftServerImpl.java:start(180)) - 21a46591-6e6a-4cd8-b431-241423caeead: start group-2D0D1551714B
2019-07-13 10:55:06,198 INFO  impl.RaftServerImpl (RaftServerImpl.java:setRole(171)) - 21a46591-6e6a-4cd8-b431-241423caeead:group-2D0D1551714B changes role from null to FOLLOWER at term 0 for startAsFollower
2019-07-13 10:55:06,198 INFO  impl.RoleInfo (RoleInfo.java:updateAndGet(143)) - 21a46591-6e6a-4cd8-b431-241423caeead: start FollowerState
2019-07-13 10:55:06,198 INFO  util.JmxRegister (JmxRegister.java:tryRegister(44)) - Successfully registered JMX Bean with object name Ratis:service=RaftServer,group=group-2D0D1551714B,id=21a46591-6e6a-4cd8-b431-241423caeead
2019-07-13 10:55:06,205 INFO  pipeline.PipelineStateManager (PipelineStateManager.java:addPipeline(56)) - Created pipeline Pipeline[ Id: 73570950-9a0e-4cc1-bdd0-2d0d1551714b, Nodes: 21a46591-6e6a-4cd8-b431-241423caeead{ip: 192.168.157.218, host: trunk-nightly-qcxv8-4293026562, networkLocation: /default-rack, certSerialId: null}, Type:RATIS, Factor:ONE, State:OPEN]
2019-07-13 10:55:06,247 INFO  impl.RaftServerProxy (RaftServerProxy.java:addNew(89)) - e2d1d225-c837-405f-bac3-be921dc3c71c: addNew group-83A06E21E8FA:[21a46591-6e6a-4cd8-b431-241423caeead:192.168.157.218:42921, e2d1d225-c837-405f-bac3-be921dc3c71c:192.168.157.218:43612, 78c23eae-0238-4f30-9c41-67238fcc5c5b:192.168.157.218:39923] returns group-83A06E21E8FA:java.util.concurrent.CompletableFuture@3443e348[Not completed]
2019-07-13 10:55:06,252 INFO  impl.RaftServerProxy (RaftServerProxy.java:addNew(89)) - 21a46591-6e6a-4cd8-b431-241423caeead: addNew group-83A06E21E8FA:[21a46591-6e6a-4cd8-b431-241423caeead:192.168.157.218:42921, e2d1d225-c837-405f-bac3-be921dc3c71c:192.168.157.218:43612, 78c23eae-0238-4f30-9c41-67238fcc5c5b:192.168.157.218:39923] returns group-83A06E21E8FA:java.util.concurrent.CompletableFuture@273a8290[Not completed]
2019-07-13 10:55:06,252 INFO  impl.RaftServerProxy (RaftServerProxy.java:addNew(89)) - 78c23eae-0238-4f30-9c41-67238fcc5c5b: addNew group-83A06E21E8FA:[21a46591-6e6a-4cd8-b431-241423caeead:192.168.157.218:42921, e2d1d225-c837-405f-bac3-be921dc3c71c:192.168.157.218:43612, 78c23eae-0238-4f30-9c41-67238fcc5c5b:192.168.157.218:39923] returns group-83A06E21E8FA:java.util.concurrent.CompletableFuture@612af4a3[Not completed]
2019-07-13 10:55:06,254 INFO  impl.RaftServerImpl (RaftServerImpl.java:<init>(93)) - e2d1d225-c837-405f-bac3-be921dc3c71c: new RaftServerImpl for group-83A06E21E8FA:[21a46591-6e6a-4cd8-b431-241423caeead:192.168.157.218:42921, e2d1d225-c837-405f-bac3-be921dc3c71c:192.168.157.218:43612, 78c23eae-0238-4f30-9c41-67238fcc5c5b:192.168.157.218:39923] with ContainerStateMachine:uninitialized
2019-07-13 10:55:06,254 INFO  server.RaftServerConfigKeys (ConfUtils.java:logGet(43)) - raft.server.rpc.timeout.min = 5s (custom)
2019-07-13 10:55:06,254 INFO  server.RaftServerConfigKeys (ConfUtils.java:logGet(43)) - raft.server.rpc.timeout.max = 5200ms (custom)
2019-07-13 10:55:06,255 INFO  server.RaftServerConfigKeys (ConfUtils.java:logGet(43)) - raft.server.rpcslowness.timeout = 120s (custom)
2019-07-13 10:55:06,255 INFO  server.RaftServerConfigKeys (ConfUtils.java:logGet(43)) - raft.server.sleep.deviation.threshold = 300 (default)
2019-07-13 10:55:06,255 INFO  impl.RaftServerImpl (RaftServerImpl.java:<init>(93)) - 21a46591-6e6a-4cd8-b431-241423caeead: new RaftServerImpl for group-83A06E21E8FA:[21a46591-6e6a-4cd8-b431-241423caeead:192.168.157.218:42921, e2d1d225-c837-405f-bac3-be921dc3c71c:192.168.157.218:43612, 78c23eae-0238-4f30-9c41-67238fcc5c5b:192.168.157.218:39923] with ContainerStateMachine:uninitialized
2019-07-13 10:55:06,255 INFO  server.RaftServerConfigKeys (ConfUtils.java:logGet(43)) - raft.server.log.appender.install.snapshot.enabled = false (custom)
2019-07-13 10:55:06,255 INFO  server.RaftServerConfigKeys (ConfUtils.java:logGet(43)) - raft.server.rpc.timeout.min = 5s (custom)
2019-07-13 10:55:06,255 INFO  impl.RaftServerImpl (ServerState.java:<init>(105)) - e2d1d225-c837-405f-bac3-be921dc3c71c:group-83A06E21E8FA ConfigurationManager, init=-1: [21a46591-6e6a-4cd8-b431-241423caeead:192.168.157.218:42921, e2d1d225-c837-405f-bac3-be921dc3c71c:192.168.157.218:43612, 78c23eae-0238-4f30-9c41-67238fcc5c5b:192.168.157.218:39923], old=null, confs=<EMPTY_MAP>
2019-07-13 10:55:06,255 INFO  server.RaftServerConfigKeys (ConfUtils.java:logGet(43)) - raft.server.rpc.timeout.max = 5200ms (custom)
2019-07-13 10:55:06,255 INFO  impl.RaftServerImpl (RaftServerImpl.java:<init>(93)) - 78c23eae-0238-4f30-9c41-67238fcc5c5b: new RaftServerImpl for group-83A06E21E8FA:[21a46591-6e6a-4cd8-b431-241423caeead:192.168.157.218:42921, e2d1d225-c837-405f-bac3-be921dc3c71c:192.168.157.218:43612, 78c23eae-0238-4f30-9c41-67238fcc5c5b:192.168.157.218:39923] with ContainerStateMachine:uninitialized
2019-07-13 10:55:06,256 INFO  server.RaftServerConfigKeys (ConfUtils.java:logGet(43)) - raft.server.rpcslowness.timeout = 120s (custom)
2019-07-13 10:55:06,256 INFO  server.RaftServerConfigKeys (ConfUtils.java:logGet(43)) - raft.server.storage.dir = [/tmp/workdir/hadoop-ozone/integration-test/target/test-dir/MiniOzoneClusterImpl-af2d7b69-d49e-4290-9a11-748f9d8a2c7f/datanode-4/data/ratis] (custom)
2019-07-13 10:55:06,256 INFO  server.RaftServerConfigKeys (ConfUtils.java:logGet(43)) - raft.server.sleep.deviation.threshold = 300 (default)
2019-07-13 10:55:06,256 INFO  server.RaftServerConfigKeys (ConfUtils.java:logGet(43)) - raft.server.rpc.timeout.min = 5s (custom)
2019-07-13 10:55:06,256 INFO  server.RaftServerConfigKeys (ConfUtils.java:logGet(43)) - raft.server.log.appender.install.snapshot.enabled = false (custom)
2019-07-13 10:55:06,257 INFO  storage.RaftStorageDirectory (RaftStorageDirectory.java:analyzeStorage(246)) - The storage directory /tmp/workdir/hadoop-ozone/integration-test/target/test-dir/MiniOzoneClusterImpl-af2d7b69-d49e-4290-9a11-748f9d8a2c7f/datanode-4/data/ratis/70f76bdd-2a31-4062-8fa6-83a06e21e8fa does not exist. Creating ...
2019-07-13 10:55:06,257 INFO  server.RaftServerConfigKeys (ConfUtils.java:logGet(43)) - raft.server.rpc.timeout.max = 5200ms (custom)
2019-07-13 10:55:06,257 INFO  impl.RaftServerImpl (ServerState.java:<init>(105)) - 21a46591-6e6a-4cd8-b431-241423caeead:group-83A06E21E8FA ConfigurationManager, init=-1: [21a46591-6e6a-4cd8-b431-241423caeead:192.168.157.218:42921, e2d1d225-c837-405f-bac3-be921dc3c71c:192.168.157.218:43612, 78c23eae-0238-4f30-9c41-67238fcc5c5b:192.168.157.218:39923], old=null, confs=<EMPTY_MAP>
2019-07-13 10:55:06,257 INFO  server.RaftServerConfigKeys (ConfUtils.java:logGet(43)) - raft.server.rpcslowness.timeout = 120s (custom)
2019-07-13 10:55:06,257 INFO  server.RaftServerConfigKeys (ConfUtils.java:logGet(43)) - raft.server.storage.dir = [/tmp/workdir/hadoop-ozone/integration-test/target/test-dir/MiniOzoneClusterImpl-af2d7b69-d49e-4290-9a11-748f9d8a2c7f/datanode-5/data/ratis] (custom)
2019-07-13 10:55:06,257 INFO  server.RaftServerConfigKeys (ConfUtils.java:logGet(43)) - raft.server.sleep.deviation.threshold = 300 (default)
2019-07-13 10:55:06,258 INFO  server.RaftServerConfigKeys (ConfUtils.java:logGet(43)) - raft.server.log.appender.install.snapshot.enabled = false (custom)
2019-07-13 10:55:06,258 INFO  storage.RaftStorageDirectory (RaftStorageDirectory.java:analyzeStorage(246)) - The storage directory /tmp/workdir/hadoop-ozone/integration-test/target/test-dir/MiniOzoneClusterImpl-af2d7b69-d49e-4290-9a11-748f9d8a2c7f/datanode-5/data/ratis/70f76bdd-2a31-4062-8fa6-83a06e21e8fa does not exist. Creating ...
2019-07-13 10:55:06,258 INFO  impl.RaftServerImpl (ServerState.java:<init>(105)) - 78c23eae-0238-4f30-9c41-67238fcc5c5b:group-83A06E21E8FA ConfigurationManager, init=-1: [21a46591-6e6a-4cd8-b431-241423caeead:192.168.157.218:42921, e2d1d225-c837-405f-bac3-be921dc3c71c:192.168.157.218:43612, 78c23eae-0238-4f30-9c41-67238fcc5c5b:192.168.157.218:39923], old=null, confs=<EMPTY_MAP>
2019-07-13 10:55:06,258 INFO  server.RaftServerConfigKeys (ConfUtils.java:logGet(43)) - raft.server.storage.dir = [/tmp/workdir/hadoop-ozone/integration-test/target/test-dir/MiniOzoneClusterImpl-af2d7b69-d49e-4290-9a11-748f9d8a2c7f/datanode-3/data/ratis] (custom)
2019-07-13 10:55:06,258 INFO  storage.RaftStorageDirectory (RaftStorageDirectory.java:analyzeStorage(246)) - The storage directory /tmp/workdir/hadoop-ozone/integration-test/target/test-dir/MiniOzoneClusterImpl-af2d7b69-d49e-4290-9a11-748f9d8a2c7f/datanode-3/data/ratis/70f76bdd-2a31-4062-8fa6-83a06e21e8fa does not exist. Creating ...
2019-07-13 10:55:06,274 INFO  storage.RaftStorageDirectory (RaftStorageDirectory.java:tryLock(328)) - Lock on /tmp/workdir/hadoop-ozone/integration-test/target/test-dir/MiniOzoneClusterImpl-af2d7b69-d49e-4290-9a11-748f9d8a2c7f/datanode-5/data/ratis/70f76bdd-2a31-4062-8fa6-83a06e21e8fa/in_use.lock acquired by nodename 13195@trunk-nightly-qcxv8-4293026562
2019-07-13 10:55:06,274 INFO  storage.RaftStorageDirectory (RaftStorageDirectory.java:tryLock(328)) - Lock on /tmp/workdir/hadoop-ozone/integration-test/target/test-dir/MiniOzoneClusterImpl-af2d7b69-d49e-4290-9a11-748f9d8a2c7f/datanode-3/data/ratis/70f76bdd-2a31-4062-8fa6-83a06e21e8fa/in_use.lock acquired by nodename 13195@trunk-nightly-qcxv8-4293026562
2019-07-13 10:55:06,274 INFO  storage.RaftStorageDirectory (RaftStorageDirectory.java:tryLock(328)) - Lock on /tmp/workdir/hadoop-ozone/integration-test/target/test-dir/MiniOzoneClusterImpl-af2d7b69-d49e-4290-9a11-748f9d8a2c7f/datanode-4/data/ratis/70f76bdd-2a31-4062-8fa6-83a06e21e8fa/in_use.lock acquired by nodename 13195@trunk-nightly-qcxv8-4293026562
2019-07-13 10:55:06,288 INFO  storage.RaftStorage (RaftStorage.java:format(72)) - Storage directory /tmp/workdir/hadoop-ozone/integration-test/target/test-dir/MiniOzoneClusterImpl-af2d7b69-d49e-4290-9a11-748f9d8a2c7f/datanode-3/data/ratis/70f76bdd-2a31-4062-8fa6-83a06e21e8fa has been successfully formatted.
2019-07-13 10:55:06,288 INFO  storage.RaftStorage (RaftStorage.java:format(72)) - Storage directory /tmp/workdir/hadoop-ozone/integration-test/target/test-dir/MiniOzoneClusterImpl-af2d7b69-d49e-4290-9a11-748f9d8a2c7f/datanode-5/data/ratis/70f76bdd-2a31-4062-8fa6-83a06e21e8fa has been successfully formatted.
2019-07-13 10:55:06,288 INFO  storage.RaftStorage (RaftStorage.java:format(72)) - Storage directory /tmp/workdir/hadoop-ozone/integration-test/target/test-dir/MiniOzoneClusterImpl-af2d7b69-d49e-4290-9a11-748f9d8a2c7f/datanode-4/data/ratis/70f76bdd-2a31-4062-8fa6-83a06e21e8fa has been successfully formatted.
2019-07-13 10:55:06,289 INFO  ratis.ContainerStateMachine (ContainerStateMachine.java:loadSnapshot(200)) - The snapshot info is null.Setting the last applied index to:(t:0, i:~)
2019-07-13 10:55:06,289 INFO  ratis.ContainerStateMachine (ContainerStateMachine.java:loadSnapshot(200)) - The snapshot info is null.Setting the last applied index to:(t:0, i:~)
2019-07-13 10:55:06,289 INFO  server.RaftServerConfigKeys (ConfUtils.java:logGet(43)) - raft.server.leader.election.timeout = 120s (custom)
2019-07-13 10:55:06,289 INFO  ratis.ContainerStateMachine (ContainerStateMachine.java:loadSnapshot(200)) - The snapshot info is null.Setting the last applied index to:(t:0, i:~)
2019-07-13 10:55:06,289 INFO  server.RaftServerConfigKeys (ConfUtils.java:logGet(43)) - raft.server.log.use.memory = false (default)
2019-07-13 10:55:06,289 INFO  server.RaftServerConfigKeys (ConfUtils.java:logGet(43)) - raft.server.leader.election.timeout = 120s (custom)
2019-07-13 10:55:06,290 INFO  server.RaftServerConfigKeys (ConfUtils.java:logGet(43)) - raft.server.log.purge.gap = 1000000000 (custom)
2019-07-13 10:55:06,290 INFO  server.RaftServerConfigKeys (ConfUtils.java:logGet(43)) - raft.server.leader.election.timeout = 120s (custom)
2019-07-13 10:55:06,290 INFO  server.RaftServerConfigKeys (ConfUtils.java:logGet(43)) - raft.server.log.appender.buffer.byte-limit = 33554432 (custom)
2019-07-13 10:55:06,290 INFO  server.RaftServerConfigKeys (ConfUtils.java:logGet(43)) - raft.server.log.use.memory = false (default)
2019-07-13 10:55:06,290 INFO  server.RaftServerConfigKeys (ConfUtils.java:logGet(43)) - raft.server.log.segment.size.max = 1048576 (custom)
2019-07-13 10:55:06,290 INFO  server.RaftServerConfigKeys (ConfUtils.java:logGet(43)) - raft.server.log.use.memory = false (default)
2019-07-13 10:55:06,291 INFO  server.RaftServerConfigKeys (ConfUtils.java:logGet(43)) - raft.server.log.segment.cache.num.max = 2 (custom)
2019-07-13 10:55:06,291 INFO  server.RaftServerConfigKeys (ConfUtils.java:logGet(43)) - raft.server.log.purge.gap = 1000000000 (custom)
2019-07-13 10:55:06,291 INFO  segmented.SegmentedRaftLogWorker (SegmentedRaftLogWorker.java:<init>(172)) - new 21a46591-6e6a-4cd8-b431-241423caeead-SegmentedRaftLogWorker:Storage Directory /tmp/workdir/hadoop-ozone/integration-test/target/test-dir/MiniOzoneClusterImpl-af2d7b69-d49e-4290-9a11-748f9d8a2c7f/datanode-5/data/ratis/70f76bdd-2a31-4062-8fa6-83a06e21e8fa for RaftStorage:Storage Directory /tmp/workdir/hadoop-ozone/integration-test/target/test-dir/MiniOzoneClusterImpl-af2d7b69-d49e-4290-9a11-748f9d8a2c7f/datanode-5/data/ratis/70f76bdd-2a31-4062-8fa6-83a06e21e8fa
2019-07-13 10:55:06,291 INFO  server.RaftServerConfigKeys (ConfUtils.java:logGet(43)) - raft.server.log.purge.gap = 1000000000 (custom)
2019-07-13 10:55:06,291 INFO  server.RaftServerConfigKeys (ConfUtils.java:logGet(43)) - raft.server.log.queue.byte-limit = 2147483647 (custom)
2019-07-13 10:55:06,291 INFO  server.RaftServerConfigKeys (ConfUtils.java:logGet(43)) - raft.server.log.appender.buffer.byte-limit = 33554432 (custom)
2019-07-13 10:55:06,292 INFO  server.RaftServerConfigKeys (ConfUtils.java:logGet(43)) - raft.server.log.queue.element-limit = 1024 (custom)
2019-07-13 10:55:06,292 INFO  server.RaftServerConfigKeys (ConfUtils.java:logGet(43)) - raft.server.log.appender.buffer.byte-limit = 33554432 (custom)
2019-07-13 10:55:06,292 INFO  server.RaftServerConfigKeys (ConfUtils.java:logGet(43)) - raft.server.log.segment.size.max = 1048576 (custom)
2019-07-13 10:55:06,292 INFO  server.RaftServerConfigKeys (ConfUtils.java:logGet(43)) - raft.server.log.segment.size.max = 1048576 (custom)
2019-07-13 10:55:06,292 INFO  server.RaftServerConfigKeys (ConfUtils.java:logGet(43)) - raft.server.log.preallocated.size = 16384 (custom)
2019-07-13 10:55:06,292 INFO  server.RaftServerConfigKeys (ConfUtils.java:logGet(43)) - raft.server.log.segment.size.max = 1048576 (custom)
2019-07-13 10:55:06,293 INFO  server.RaftServerConfigKeys (ConfUtils.java:logGet(43)) - raft.server.log.write.buffer.size = 33554432 (custom)
2019-07-13 10:55:06,293 INFO  server.RaftServerConfigKeys (ConfUtils.java:logGet(43)) - raft.server.log.force.sync.num = 128 (default)
2019-07-13 10:55:06,293 INFO  server.RaftServerConfigKeys (ConfUtils.java:logGet(43)) - raft.server.log.segment.cache.num.max = 2 (custom)
2019-07-13 10:55:06,293 INFO  server.RaftServerConfigKeys (ConfUtils.java:logGet(43)) - raft.server.log.statemachine.data.sync = true (default)
2019-07-13 10:55:06,293 INFO  server.RaftServerConfigKeys (ConfUtils.java:logGet(43)) - raft.server.log.segment.cache.num.max = 2 (custom)
2019-07-13 10:55:06,294 INFO  server.RaftServerConfigKeys (ConfUtils.java:logGet(43)) - raft.server.log.statemachine.data.sync.timeout = 10s (default)
2019-07-13 10:55:06,294 INFO  segmented.SegmentedRaftLogWorker (SegmentedRaftLogWorker.java:<init>(172)) - new 78c23eae-0238-4f30-9c41-67238fcc5c5b-SegmentedRaftLogWorker:Storage Directory /tmp/workdir/hadoop-ozone/integration-test/target/test-dir/MiniOzoneClusterImpl-af2d7b69-d49e-4290-9a11-748f9d8a2c7f/datanode-3/data/ratis/70f76bdd-2a31-4062-8fa6-83a06e21e8fa for RaftStorage:Storage Directory /tmp/workdir/hadoop-ozone/integration-test/target/test-dir/MiniOzoneClusterImpl-af2d7b69-d49e-4290-9a11-748f9d8a2c7f/datanode-3/data/ratis/70f76bdd-2a31-4062-8fa6-83a06e21e8fa
2019-07-13 10:55:06,294 INFO  server.RaftServerConfigKeys (ConfUtils.java:logGet(43)) - raft.server.log.statemachine.data.sync.timeout.retry = -1 (default)
2019-07-13 10:55:06,294 INFO  segmented.SegmentedRaftLogWorker (SegmentedRaftLogWorker.java:<init>(172)) - new e2d1d225-c837-405f-bac3-be921dc3c71c-SegmentedRaftLogWorker:Storage Directory /tmp/workdir/hadoop-ozone/integration-test/target/test-dir/MiniOzoneClusterImpl-af2d7b69-d49e-4290-9a11-748f9d8a2c7f/datanode-4/data/ratis/70f76bdd-2a31-4062-8fa6-83a06e21e8fa for RaftStorage:Storage Directory /tmp/workdir/hadoop-ozone/integration-test/target/test-dir/MiniOzoneClusterImpl-af2d7b69-d49e-4290-9a11-748f9d8a2c7f/datanode-4/data/ratis/70f76bdd-2a31-4062-8fa6-83a06e21e8fa
2019-07-13 10:55:06,294 INFO  server.RaftServerConfigKeys (ConfUtils.java:logGet(43)) - raft.server.log.queue.byte-limit = 2147483647 (custom)
2019-07-13 10:55:06,295 INFO  server.RaftServerConfigKeys (ConfUtils.java:logGet(43)) - raft.server.log.queue.byte-limit = 2147483647 (custom)
2019-07-13 10:55:06,295 INFO  server.RaftServerConfigKeys (ConfUtils.java:logGet(43)) - raft.server.log.statemachine.data.caching.enabled = true (custom)
2019-07-13 10:55:06,295 INFO  server.RaftServerConfigKeys (ConfUtils.java:logGet(43)) - raft.server.log.queue.element-limit = 1024 (custom)
2019-07-13 10:55:06,295 INFO  server.RaftServerConfigKeys (ConfUtils.java:logGet(43)) - raft.server.log.queue.element-limit = 1024 (custom)
2019-07-13 10:55:06,295 INFO  segmented.SegmentedRaftLogWorker (SegmentedRaftLogWorker.java:lambda$new$0(132)) - 21a46591-6e6a-4cd8-b431-241423caeead-SegmentedRaftLogWorker:Storage Directory /tmp/workdir/hadoop-ozone/integration-test/target/test-dir/MiniOzoneClusterImpl-af2d7b69-d49e-4290-9a11-748f9d8a2c7f/datanode-5/data/ratis/70f76bdd-2a31-4062-8fa6-83a06e21e8fa: flushIndex: setUnconditionally 0 -> -1
2019-07-13 10:55:06,295 INFO  server.RaftServerConfigKeys (ConfUtils.java:logGet(43)) - raft.server.log.segment.size.max = 1048576 (custom)
2019-07-13 10:55:06,295 INFO  server.RaftServerConfigKeys (ConfUtils.java:logGet(43)) - raft.server.log.segment.size.max = 1048576 (custom)
2019-07-13 10:55:06,296 INFO  server.RaftServerConfigKeys (ConfUtils.java:logGet(43)) - raft.server.snapshot.auto.trigger.enabled = true (custom)
2019-07-13 10:55:06,296 INFO  server.RaftServerConfigKeys (ConfUtils.java:logGet(43)) - raft.server.snapshot.auto.trigger.threshold = 10000 (custom)
2019-07-13 10:55:06,296 INFO  server.RaftServerConfigKeys (ConfUtils.java:logGet(43)) - raft.server.log.preallocated.size = 16384 (custom)
2019-07-13 10:55:06,296 INFO  server.RaftServerConfigKeys (ConfUtils.java:logGet(43)) - raft.server.retrycache.expirytime = 600000ms (custom)
2019-07-13 10:55:06,296 INFO  server.RaftServerConfigKeys (ConfUtils.java:logGet(43)) - raft.server.log.preallocated.size = 16384 (custom)
2019-07-13 10:55:06,297 INFO  impl.RaftServerImpl (RaftServerImpl.java:start(180)) - 21a46591-6e6a-4cd8-b431-241423caeead: start group-83A06E21E8FA
2019-07-13 10:55:06,297 INFO  server.RaftServerConfigKeys (ConfUtils.java:logGet(43)) - raft.server.log.write.buffer.size = 33554432 (custom)
2019-07-13 10:55:06,297 INFO  impl.RaftServerImpl (RaftServerImpl.java:setRole(171)) - 21a46591-6e6a-4cd8-b431-241423caeead:group-83A06E21E8FA changes role from null to FOLLOWER at term 0 for startAsFollower
2019-07-13 10:55:06,297 INFO  server.RaftServerConfigKeys (ConfUtils.java:logGet(43)) - raft.server.log.write.buffer.size = 33554432 (custom)
2019-07-13 10:55:06,297 INFO  impl.RoleInfo (RoleInfo.java:updateAndGet(143)) - 21a46591-6e6a-4cd8-b431-241423caeead: start FollowerState
2019-07-13 10:55:06,297 INFO  server.RaftServerConfigKeys (ConfUtils.java:logGet(43)) - raft.server.log.force.sync.num = 128 (default)
2019-07-13 10:55:06,298 INFO  server.RaftServerConfigKeys (ConfUtils.java:logGet(43)) - raft.server.log.statemachine.data.sync = true (default)
2019-07-13 10:55:06,297 INFO  server.RaftServerConfigKeys (ConfUtils.java:logGet(43)) - raft.server.log.force.sync.num = 128 (default)
2019-07-13 10:55:06,298 INFO  server.RaftServerConfigKeys (ConfUtils.java:logGet(43)) - raft.server.log.statemachine.data.sync.timeout = 10s (default)
2019-07-13 10:55:06,298 INFO  util.JmxRegister (JmxRegister.java:tryRegister(44)) - Successfully registered JMX Bean with object name Ratis:service=RaftServer,group=group-83A06E21E8FA,id=21a46591-6e6a-4cd8-b431-241423caeead
2019-07-13 10:55:06,298 INFO  server.RaftServerConfigKeys (ConfUtils.java:logGet(43)) - raft.server.log.statemachine.data.sync.timeout.retry = -1 (default)
2019-07-13 10:55:06,298 INFO  server.RaftServerConfigKeys (ConfUtils.java:logGet(43)) - raft.server.log.statemachine.data.sync = true (default)
2019-07-13 10:55:06,299 INFO  server.RaftServerConfigKeys (ConfUtils.java:logGet(43)) - raft.server.log.statemachine.data.caching.enabled = true (custom)
2019-07-13 10:55:06,299 INFO  server.RaftServerConfigKeys (ConfUtils.java:logGet(43)) - raft.server.log.statemachine.data.sync.timeout = 10s (default)
2019-07-13 10:55:06,299 INFO  server.RaftServerConfigKeys (ConfUtils.java:logGet(43)) - raft.server.log.statemachine.data.sync.timeout.retry = -1 (default)
2019-07-13 10:55:06,299 INFO  segmented.SegmentedRaftLogWorker (SegmentedRaftLogWorker.java:lambda$new$0(132)) - e2d1d225-c837-405f-bac3-be921dc3c71c-SegmentedRaftLogWorker:Storage Directory /tmp/workdir/hadoop-ozone/integration-test/target/test-dir/MiniOzoneClusterImpl-af2d7b69-d49e-4290-9a11-748f9d8a2c7f/datanode-4/data/ratis/70f76bdd-2a31-4062-8fa6-83a06e21e8fa: flushIndex: setUnconditionally 0 -> -1
2019-07-13 10:55:06,300 INFO  server.RaftServerConfigKeys (ConfUtils.java:logGet(43)) - raft.server.log.statemachine.data.caching.enabled = true (custom)
2019-07-13 10:55:06,300 INFO  server.RaftServerConfigKeys (ConfUtils.java:logGet(43)) - raft.server.snapshot.auto.trigger.enabled = true (custom)
2019-07-13 10:55:06,300 INFO  segmented.SegmentedRaftLogWorker (SegmentedRaftLogWorker.java:lambda$new$0(132)) - 78c23eae-0238-4f30-9c41-67238fcc5c5b-SegmentedRaftLogWorker:Storage Directory /tmp/workdir/hadoop-ozone/integration-test/target/test-dir/MiniOzoneClusterImpl-af2d7b69-d49e-4290-9a11-748f9d8a2c7f/datanode-3/data/ratis/70f76bdd-2a31-4062-8fa6-83a06e21e8fa: flushIndex: setUnconditionally 0 -> -1
2019-07-13 10:55:06,300 INFO  server.RaftServerConfigKeys (ConfUtils.java:logGet(43)) - raft.server.snapshot.auto.trigger.threshold = 10000 (custom)
2019-07-13 10:55:06,300 INFO  server.RaftServerConfigKeys (ConfUtils.java:logGet(43)) - raft.server.snapshot.auto.trigger.enabled = true (custom)
2019-07-13 10:55:06,306 INFO  server.RaftServerConfigKeys (ConfUtils.java:logGet(43)) - raft.server.retrycache.expirytime = 600000ms (custom)
2019-07-13 10:55:06,306 INFO  server.RaftServerConfigKeys (ConfUtils.java:logGet(43)) - raft.server.snapshot.auto.trigger.threshold = 10000 (custom)
2019-07-13 10:55:06,306 INFO  impl.RaftServerImpl (RaftServerImpl.java:start(180)) - e2d1d225-c837-405f-bac3-be921dc3c71c: start group-83A06E21E8FA
2019-07-13 10:55:06,306 INFO  server.RaftServerConfigKeys (ConfUtils.java:logGet(43)) - raft.server.retrycache.expirytime = 600000ms (custom)
2019-07-13 10:55:06,306 INFO  impl.RaftServerImpl (RaftServerImpl.java:setRole(171)) - e2d1d225-c837-405f-bac3-be921dc3c71c:group-83A06E21E8FA changes role from null to FOLLOWER at term 0 for startAsFollower
2019-07-13 10:55:06,306 INFO  impl.RaftServerImpl (RaftServerImpl.java:start(180)) - 78c23eae-0238-4f30-9c41-67238fcc5c5b: start group-83A06E21E8FA
2019-07-13 10:55:06,307 INFO  impl.RoleInfo (RoleInfo.java:updateAndGet(143)) - e2d1d225-c837-405f-bac3-be921dc3c71c: start FollowerState
2019-07-13 10:55:06,307 INFO  impl.RaftServerImpl (RaftServerImpl.java:setRole(171)) - 78c23eae-0238-4f30-9c41-67238fcc5c5b:group-83A06E21E8FA changes role from null to FOLLOWER at term 0 for startAsFollower
2019-07-13 10:55:06,307 INFO  impl.RoleInfo (RoleInfo.java:updateAndGet(143)) - 78c23eae-0238-4f30-9c41-67238fcc5c5b: start FollowerState
2019-07-13 10:55:06,307 INFO  util.JmxRegister (JmxRegister.java:tryRegister(44)) - Successfully registered JMX Bean with object name Ratis:service=RaftServer,group=group-83A06E21E8FA,id=e2d1d225-c837-405f-bac3-be921dc3c71c
2019-07-13 10:55:06,307 INFO  util.JmxRegister (JmxRegister.java:tryRegister(44)) - Successfully registered JMX Bean with object name Ratis:service=RaftServer,group=group-83A06E21E8FA,id=78c23eae-0238-4f30-9c41-67238fcc5c5b
2019-07-13 10:55:06,318 INFO  pipeline.PipelineStateManager (PipelineStateManager.java:addPipeline(56)) - Created pipeline Pipeline[ Id: 70f76bdd-2a31-4062-8fa6-83a06e21e8fa, Nodes: 78c23eae-0238-4f30-9c41-67238fcc5c5b{ip: 192.168.157.218, host: trunk-nightly-qcxv8-4293026562, networkLocation: /default-rack, certSerialId: null}e2d1d225-c837-405f-bac3-be921dc3c71c{ip: 192.168.157.218, host: trunk-nightly-qcxv8-4293026562, networkLocation: /default-rack, certSerialId: null}21a46591-6e6a-4cd8-b431-241423caeead{ip: 192.168.157.218, host: trunk-nightly-qcxv8-4293026562, networkLocation: /default-rack, certSerialId: null}, Type:RATIS, Factor:THREE, State:OPEN]
2019-07-13 10:55:06,346 INFO  node.SCMNodeManager (SCMNodeManager.java:register(269)) - Registered Data node : 3cda8b9e-59f6-45d0-9700-eb80ea55f4da{ip: 192.168.157.218, host: trunk-nightly-qcxv8-4293026562, networkLocation: /default-rack, certSerialId: null}
2019-07-13 10:55:06,366 INFO  ozone.MiniOzoneClusterImpl (MiniOzoneClusterImpl.java:lambda$waitForClusterToBeReady$0(142)) - Cluster is ready. Got 7 of 7 DN Heartbeats.
2019-07-13 10:55:06,407 INFO  impl.RaftServerProxy (RaftServerProxy.java:addNew(89)) - 3cda8b9e-59f6-45d0-9700-eb80ea55f4da: addNew group-B72F4F3C57F7:[3cda8b9e-59f6-45d0-9700-eb80ea55f4da:192.168.157.218:38543] returns group-B72F4F3C57F7:java.util.concurrent.CompletableFuture@5de9128a[Not completed]
2019-07-13 10:55:06,408 INFO  impl.RaftServerImpl (RaftServerImpl.java:<init>(93)) - 3cda8b9e-59f6-45d0-9700-eb80ea55f4da: new RaftServerImpl for group-B72F4F3C57F7:[3cda8b9e-59f6-45d0-9700-eb80ea55f4da:192.168.157.218:38543] with ContainerStateMachine:uninitialized
2019-07-13 10:55:06,408 INFO  server.RaftServerConfigKeys (ConfUtils.java:logGet(43)) - raft.server.rpc.timeout.min = 5s (custom)
2019-07-13 10:55:06,409 INFO  server.RaftServerConfigKeys (ConfUtils.java:logGet(43)) - raft.server.rpc.timeout.max = 5200ms (custom)
2019-07-13 10:55:06,409 INFO  server.RaftServerConfigKeys (ConfUtils.java:logGet(43)) - raft.server.rpcslowness.timeout = 120s (custom)
2019-07-13 10:55:06,409 INFO  server.RaftServerConfigKeys (ConfUtils.java:logGet(43)) - raft.server.sleep.deviation.threshold = 300 (default)
2019-07-13 10:55:06,409 INFO  server.RaftServerConfigKeys (ConfUtils.java:logGet(43)) - raft.server.log.appender.install.snapshot.enabled = false (custom)
2019-07-13 10:55:06,417 INFO  impl.RaftServerImpl (ServerState.java:<init>(105)) - 3cda8b9e-59f6-45d0-9700-eb80ea55f4da:group-B72F4F3C57F7 ConfigurationManager, init=-1: [3cda8b9e-59f6-45d0-9700-eb80ea55f4da:192.168.157.218:38543], old=null, confs=<EMPTY_MAP>
2019-07-13 10:55:06,417 INFO  server.RaftServerConfigKeys (ConfUtils.java:logGet(43)) - raft.server.storage.dir = [/tmp/workdir/hadoop-ozone/integration-test/target/test-dir/MiniOzoneClusterImpl-af2d7b69-d49e-4290-9a11-748f9d8a2c7f/datanode-6/data/ratis] (custom)
2019-07-13 10:55:06,418 INFO  storage.RaftStorageDirectory (RaftStorageDirectory.java:analyzeStorage(246)) - The storage directory /tmp/workdir/hadoop-ozone/integration-test/target/test-dir/MiniOzoneClusterImpl-af2d7b69-d49e-4290-9a11-748f9d8a2c7f/datanode-6/data/ratis/a2fbe7aa-d3a6-4e4a-9d64-b72f4f3c57f7 does not exist. Creating ...
2019-07-13 10:55:06,434 INFO  storage.RaftStorageDirectory (RaftStorageDirectory.java:tryLock(328)) - Lock on /tmp/workdir/hadoop-ozone/integration-test/target/test-dir/MiniOzoneClusterImpl-af2d7b69-d49e-4290-9a11-748f9d8a2c7f/datanode-6/data/ratis/a2fbe7aa-d3a6-4e4a-9d64-b72f4f3c57f7/in_use.lock acquired by nodename 13195@trunk-nightly-qcxv8-4293026562
2019-07-13 10:55:06,436 INFO  rpc.RpcClient (RpcClient.java:createVolume(287)) - Creating Volume: watchforcommithandlingtest, with jenkins1000 as owner.
2019-07-13 10:55:06,448 INFO  storage.RaftStorage (RaftStorage.java:format(72)) - Storage directory /tmp/workdir/hadoop-ozone/integration-test/target/test-dir/MiniOzoneClusterImpl-af2d7b69-d49e-4290-9a11-748f9d8a2c7f/datanode-6/data/ratis/a2fbe7aa-d3a6-4e4a-9d64-b72f4f3c57f7 has been successfully formatted.
2019-07-13 10:55:06,448 INFO  ratis.ContainerStateMachine (ContainerStateMachine.java:loadSnapshot(200)) - The snapshot info is null.Setting the last applied index to:(t:0, i:~)
2019-07-13 10:55:06,449 INFO  server.RaftServerConfigKeys (ConfUtils.java:logGet(43)) - raft.server.leader.election.timeout = 120s (custom)
2019-07-13 10:55:06,449 INFO  server.RaftServerConfigKeys (ConfUtils.java:logGet(43)) - raft.server.log.use.memory = false (default)
2019-07-13 10:55:06,449 INFO  server.RaftServerConfigKeys (ConfUtils.java:logGet(43)) - raft.server.log.purge.gap = 1000000000 (custom)
2019-07-13 10:55:06,449 INFO  server.RaftServerConfigKeys (ConfUtils.java:logGet(43)) - raft.server.log.appender.buffer.byte-limit = 33554432 (custom)
2019-07-13 10:55:06,458 INFO  server.RaftServerConfigKeys (ConfUtils.java:logGet(43)) - raft.server.log.segment.size.max = 1048576 (custom)
2019-07-13 10:55:06,461 INFO  server.RaftServerConfigKeys (ConfUtils.java:logGet(43)) - raft.server.log.segment.cache.num.max = 2 (custom)
2019-07-13 10:55:06,461 INFO  segmented.SegmentedRaftLogWorker (SegmentedRaftLogWorker.java:<init>(172)) - new 3cda8b9e-59f6-45d0-9700-eb80ea55f4da-SegmentedRaftLogWorker:Storage Directory /tmp/workdir/hadoop-ozone/integration-test/target/test-dir/MiniOzoneClusterImpl-af2d7b69-d49e-4290-9a11-748f9d8a2c7f/datanode-6/data/ratis/a2fbe7aa-d3a6-4e4a-9d64-b72f4f3c57f7 for RaftStorage:Storage Directory /tmp/workdir/hadoop-ozone/integration-test/target/test-dir/MiniOzoneClusterImpl-af2d7b69-d49e-4290-9a11-748f9d8a2c7f/datanode-6/data/ratis/a2fbe7aa-d3a6-4e4a-9d64-b72f4f3c57f7
2019-07-13 10:55:06,461 INFO  server.RaftServerConfigKeys (ConfUtils.java:logGet(43)) - raft.server.log.queue.byte-limit = 2147483647 (custom)
2019-07-13 10:55:06,461 INFO  server.RaftServerConfigKeys (ConfUtils.java:logGet(43)) - raft.server.log.queue.element-limit = 1024 (custom)
2019-07-13 10:55:06,462 INFO  rpc.RpcClient (RpcClient.java:createBucket(424)) - Creating Bucket: watchforcommithandlingtest/watchforcommithandlingtest, with Versioning false and Storage Type set to DISK and Encryption set to false 
2019-07-13 10:55:06,462 INFO  server.RaftServerConfigKeys (ConfUtils.java:logGet(43)) - raft.server.log.segment.size.max = 1048576 (custom)
2019-07-13 10:55:06,462 INFO  server.RaftServerConfigKeys (ConfUtils.java:logGet(43)) - raft.server.log.preallocated.size = 16384 (custom)
2019-07-13 10:55:06,462 INFO  server.RaftServerConfigKeys (ConfUtils.java:logGet(43)) - raft.server.log.write.buffer.size = 33554432 (custom)
2019-07-13 10:55:06,463 INFO  server.RaftServerConfigKeys (ConfUtils.java:logGet(43)) - raft.server.log.force.sync.num = 128 (default)
2019-07-13 10:55:06,463 INFO  server.RaftServerConfigKeys (ConfUtils.java:logGet(43)) - raft.server.log.statemachine.data.sync = true (default)
2019-07-13 10:55:06,463 INFO  server.RaftServerConfigKeys (ConfUtils.java:logGet(43)) - raft.server.log.statemachine.data.sync.timeout = 10s (default)
2019-07-13 10:55:06,466 INFO  server.RaftServerConfigKeys (ConfUtils.java:logGet(43)) - raft.server.log.statemachine.data.sync.timeout.retry = -1 (default)
2019-07-13 10:55:06,466 INFO  server.RaftServerConfigKeys (ConfUtils.java:logGet(43)) - raft.server.log.statemachine.data.caching.enabled = true (custom)
2019-07-13 10:55:06,467 INFO  segmented.SegmentedRaftLogWorker (SegmentedRaftLogWorker.java:lambda$new$0(132)) - 3cda8b9e-59f6-45d0-9700-eb80ea55f4da-SegmentedRaftLogWorker:Storage Directory /tmp/workdir/hadoop-ozone/integration-test/target/test-dir/MiniOzoneClusterImpl-af2d7b69-d49e-4290-9a11-748f9d8a2c7f/datanode-6/data/ratis/a2fbe7aa-d3a6-4e4a-9d64-b72f4f3c57f7: flushIndex: setUnconditionally 0 -> -1
2019-07-13 10:55:06,467 INFO  ozone.MiniOzoneClusterImpl (MiniOzoneClusterImpl.java:getStorageContainerLocationClient(241)) - Creating StorageContainerLocationProtocol RPC client with address /0.0.0.0:40800
2019-07-13 10:55:06,467 INFO  server.RaftServerConfigKeys (ConfUtils.java:logGet(43)) - raft.server.snapshot.auto.trigger.enabled = true (custom)
2019-07-13 10:55:06,468 INFO  server.RaftServerConfigKeys (ConfUtils.java:logGet(43)) - raft.server.snapshot.auto.trigger.threshold = 10000 (custom)
2019-07-13 10:55:06,468 INFO  server.RaftServerConfigKeys (ConfUtils.java:logGet(43)) - raft.server.retrycache.expirytime = 600000ms (custom)
2019-07-13 10:55:06,468 INFO  impl.RaftServerImpl (RaftServerImpl.java:start(180)) - 3cda8b9e-59f6-45d0-9700-eb80ea55f4da: start group-B72F4F3C57F7
2019-07-13 10:55:06,468 INFO  impl.RaftServerImpl (RaftServerImpl.java:setRole(171)) - 3cda8b9e-59f6-45d0-9700-eb80ea55f4da:group-B72F4F3C57F7 changes role from null to FOLLOWER at term 0 for startAsFollower
2019-07-13 10:55:06,469 INFO  impl.RoleInfo (RoleInfo.java:updateAndGet(143)) - 3cda8b9e-59f6-45d0-9700-eb80ea55f4da: start FollowerState
2019-07-13 10:55:06,469 INFO  util.JmxRegister (JmxRegister.java:tryRegister(44)) - Successfully registered JMX Bean with object name Ratis:service=RaftServer,group=group-B72F4F3C57F7,id=3cda8b9e-59f6-45d0-9700-eb80ea55f4da
2019-07-13 10:55:06,475 INFO  pipeline.PipelineStateManager (PipelineStateManager.java:addPipeline(56)) - Created pipeline Pipeline[ Id: a2fbe7aa-d3a6-4e4a-9d64-b72f4f3c57f7, Nodes: 3cda8b9e-59f6-45d0-9700-eb80ea55f4da{ip: 192.168.157.218, host: trunk-nightly-qcxv8-4293026562, networkLocation: /default-rack, certSerialId: null}, Type:RATIS, Factor:ONE, State:OPEN]
2019-07-13 10:55:06,526 INFO  client.GrpcClientProtocolClient (GrpcClientProtocolClient.java:onNext(255)) - client-95EE8C450A77->79275473-252c-4e04-9cac-7eb987bd2a95: receive RaftClientReply:client-95EE8C450A77->79275473-252c-4e04-9cac-7eb987bd2a95@group-A2EAAB2C6F08, cid=38, FAILED org.apache.ratis.protocol.NotLeaderException: Server 79275473-252c-4e04-9cac-7eb987bd2a95 is not the leader (null). Request must be sent to leader., logIndex=0, commits[79275473-252c-4e04-9cac-7eb987bd2a95:c-1]
2019-07-13 10:55:07,564 INFO  client.GrpcClientProtocolClient (GrpcClientProtocolClient.java:onNext(255)) - client-95EE8C450A77->92a6e662-b1d3-4b00-aa21-55ca30f95d1a: receive RaftClientReply:client-95EE8C450A77->92a6e662-b1d3-4b00-aa21-55ca30f95d1a@group-A2EAAB2C6F08, cid=38, FAILED org.apache.ratis.protocol.NotLeaderException: Server 92a6e662-b1d3-4b00-aa21-55ca30f95d1a is not the leader (null). Request must be sent to leader., logIndex=0, commits[92a6e662-b1d3-4b00-aa21-55ca30f95d1a:c-1]
2019-07-13 10:55:08,097 INFO  container.ReplicationManager (ReplicationManager.java:start(155)) - Starting Replication Monitor Thread.
2019-07-13 10:55:08,102 INFO  container.ReplicationManager (ReplicationManager.java:run(207)) - Replication Monitor Thread took 0 milliseconds for processing 1 containers.
2019-07-13 10:55:08,594 INFO  client.GrpcClientProtocolClient (GrpcClientProtocolClient.java:onNext(255)) - client-95EE8C450A77->dd49809b-afd6-45a0-bb24-8de0a4d65af2: receive RaftClientReply:client-95EE8C450A77->dd49809b-afd6-45a0-bb24-8de0a4d65af2@group-A2EAAB2C6F08, cid=38, FAILED org.apache.ratis.protocol.NotLeaderException: Server dd49809b-afd6-45a0-bb24-8de0a4d65af2 is not the leader (null). Request must be sent to leader., logIndex=0, commits[dd49809b-afd6-45a0-bb24-8de0a4d65af2:c-1]
2019-07-13 10:55:09,621 INFO  client.GrpcClientProtocolClient (GrpcClientProtocolClient.java:onNext(255)) - client-95EE8C450A77->92a6e662-b1d3-4b00-aa21-55ca30f95d1a: receive RaftClientReply:client-95EE8C450A77->92a6e662-b1d3-4b00-aa21-55ca30f95d1a@group-A2EAAB2C6F08, cid=38, FAILED org.apache.ratis.protocol.NotLeaderException: Server 92a6e662-b1d3-4b00-aa21-55ca30f95d1a is not the leader (null). Request must be sent to leader., logIndex=0, commits[92a6e662-b1d3-4b00-aa21-55ca30f95d1a:c-1]
2019-07-13 10:55:10,165 INFO  impl.FollowerState (FollowerState.java:run(106)) - 79275473-252c-4e04-9cac-7eb987bd2a95:group-E860EE266108 changes to CANDIDATE, lastRpcTime:5011, electionTimeout:5011ms
2019-07-13 10:55:10,165 INFO  impl.RoleInfo (RoleInfo.java:shutdownFollowerState(121)) - 79275473-252c-4e04-9cac-7eb987bd2a95: shutdown FollowerState
2019-07-13 10:55:10,166 INFO  impl.RaftServerImpl (RaftServerImpl.java:setRole(171)) - 79275473-252c-4e04-9cac-7eb987bd2a95:group-E860EE266108 changes role from FOLLOWER to CANDIDATE at term 0 for changeToCandidate
2019-07-13 10:55:10,166 INFO  impl.RoleInfo (RoleInfo.java:updateAndGet(143)) - 79275473-252c-4e04-9cac-7eb987bd2a95: start LeaderElection
2019-07-13 10:55:10,195 INFO  impl.LeaderElection (LeaderElection.java:askForVotes(181)) - 79275473-252c-4e04-9cac-7eb987bd2a95:group-E860EE266108:LeaderElection12: begin an election at term 1 for -1: [79275473-252c-4e04-9cac-7eb987bd2a95:192.168.157.218:45031], old=null
2019-07-13 10:55:10,196 INFO  impl.RoleInfo (RoleInfo.java:shutdownLeaderElection(134)) - 79275473-252c-4e04-9cac-7eb987bd2a95: shutdown LeaderElection
2019-07-13 10:55:10,196 INFO  impl.RaftServerImpl (RaftServerImpl.java:setRole(171)) - 79275473-252c-4e04-9cac-7eb987bd2a95:group-E860EE266108 changes role from CANDIDATE to LEADER at term 1 for changeToLeader
2019-07-13 10:55:10,196 INFO  impl.RaftServerImpl (ServerState.java:setLeader(263)) - 79275473-252c-4e04-9cac-7eb987bd2a95:group-E860EE266108 change Leader from null to 79275473-252c-4e04-9cac-7eb987bd2a95 at term 1 for becomeLeader, leader elected after 5048ms
2019-07-13 10:55:10,196 INFO  server.RaftServerConfigKeys (ConfUtils.java:logGet(43)) - raft.server.staging.catchup.gap = 1000 (default)
2019-07-13 10:55:10,196 INFO  server.RaftServerConfigKeys (ConfUtils.java:logGet(43)) - raft.server.rpc.sleep.time = 25ms (default)
2019-07-13 10:55:10,197 INFO  server.RaftServerConfigKeys (ConfUtils.java:logGet(43)) - raft.server.write.element-limit = 4096 (default)
2019-07-13 10:55:10,197 INFO  server.RaftServerConfigKeys (ConfUtils.java:logGet(43)) - raft.server.watch.timeout = 10s (default)
2019-07-13 10:55:10,197 INFO  server.RaftServerConfigKeys (ConfUtils.java:logGet(43)) - raft.server.watch.timeout.denomination = 1s (default)
2019-07-13 10:55:10,197 INFO  server.RaftServerConfigKeys (ConfUtils.java:logGet(43)) - raft.server.watch.element-limit = 65536 (default)
2019-07-13 10:55:10,197 INFO  impl.RoleInfo (RoleInfo.java:updateAndGet(143)) - 79275473-252c-4e04-9cac-7eb987bd2a95: start LeaderState
2019-07-13 10:55:10,198 INFO  segmented.SegmentedRaftLogWorker (SegmentedRaftLogWorker.java:startLogSegment(380)) - 79275473-252c-4e04-9cac-7eb987bd2a95-SegmentedRaftLogWorker:Storage Directory /tmp/workdir/hadoop-ozone/integration-test/target/test-dir/MiniOzoneClusterImpl-af2d7b69-d49e-4290-9a11-748f9d8a2c7f/datanode-0/data/ratis/371bf07f-1ff8-4191-91d2-e860ee266108: Starting segment from index:0
2019-07-13 10:55:10,198 INFO  impl.RaftServerImpl (ServerState.java:setRaftConf(361)) - 79275473-252c-4e04-9cac-7eb987bd2a95:group-E860EE266108 set configuration 0: [79275473-252c-4e04-9cac-7eb987bd2a95:192.168.157.218:45031], old=null at 0
2019-07-13 10:55:10,247 INFO  segmented.SegmentedRaftLogWorker (SegmentedRaftLogWorker.java:execute(569)) - 79275473-252c-4e04-9cac-7eb987bd2a95-SegmentedRaftLogWorker:Storage Directory /tmp/workdir/hadoop-ozone/integration-test/target/test-dir/MiniOzoneClusterImpl-af2d7b69-d49e-4290-9a11-748f9d8a2c7f/datanode-0/data/ratis/371bf07f-1ff8-4191-91d2-e860ee266108: created new log segment /tmp/workdir/hadoop-ozone/integration-test/target/test-dir/MiniOzoneClusterImpl-af2d7b69-d49e-4290-9a11-748f9d8a2c7f/datanode-0/data/ratis/371bf07f-1ff8-4191-91d2-e860ee266108/current/log_inprogress_0
2019-07-13 10:55:10,416 INFO  impl.FollowerState (FollowerState.java:run(106)) - dd49809b-afd6-45a0-bb24-8de0a4d65af2:group-50EFDE38C4DD changes to CANDIDATE, lastRpcTime:5003, electionTimeout:5003ms
2019-07-13 10:55:10,416 INFO  impl.RoleInfo (RoleInfo.java:shutdownFollowerState(121)) - dd49809b-afd6-45a0-bb24-8de0a4d65af2: shutdown FollowerState
2019-07-13 10:55:10,416 INFO  impl.RaftServerImpl (RaftServerImpl.java:setRole(171)) - dd49809b-afd6-45a0-bb24-8de0a4d65af2:group-50EFDE38C4DD changes role from FOLLOWER to CANDIDATE at term 0 for changeToCandidate
2019-07-13 10:55:10,416 INFO  impl.RoleInfo (RoleInfo.java:updateAndGet(143)) - dd49809b-afd6-45a0-bb24-8de0a4d65af2: start LeaderElection
2019-07-13 10:55:10,443 INFO  impl.LeaderElection (LeaderElection.java:askForVotes(181)) - dd49809b-afd6-45a0-bb24-8de0a4d65af2:group-50EFDE38C4DD:LeaderElection13: begin an election at term 1 for -1: [dd49809b-afd6-45a0-bb24-8de0a4d65af2:192.168.157.218:33745], old=null
2019-07-13 10:55:10,443 INFO  impl.RoleInfo (RoleInfo.java:shutdownLeaderElection(134)) - dd49809b-afd6-45a0-bb24-8de0a4d65af2: shutdown LeaderElection
2019-07-13 10:55:10,444 INFO  impl.RaftServerImpl (RaftServerImpl.java:setRole(171)) - dd49809b-afd6-45a0-bb24-8de0a4d65af2:group-50EFDE38C4DD changes role from CANDIDATE to LEADER at term 1 for changeToLeader
2019-07-13 10:55:10,444 INFO  impl.RaftServerImpl (ServerState.java:setLeader(263)) - dd49809b-afd6-45a0-bb24-8de0a4d65af2:group-50EFDE38C4DD change Leader from null to dd49809b-afd6-45a0-bb24-8de0a4d65af2 at term 1 for becomeLeader, leader elected after 5036ms
2019-07-13 10:55:10,444 INFO  server.RaftServerConfigKeys (ConfUtils.java:logGet(43)) - raft.server.staging.catchup.gap = 1000 (default)
2019-07-13 10:55:10,444 INFO  server.RaftServerConfigKeys (ConfUtils.java:logGet(43)) - raft.server.rpc.sleep.time = 25ms (default)
2019-07-13 10:55:10,444 INFO  server.RaftServerConfigKeys (ConfUtils.java:logGet(43)) - raft.server.write.element-limit = 4096 (default)
2019-07-13 10:55:10,445 INFO  server.RaftServerConfigKeys (ConfUtils.java:logGet(43)) - raft.server.watch.timeout = 10s (default)
2019-07-13 10:55:10,445 INFO  server.RaftServerConfigKeys (ConfUtils.java:logGet(43)) - raft.server.watch.timeout.denomination = 1s (default)
2019-07-13 10:55:10,445 INFO  server.RaftServerConfigKeys (ConfUtils.java:logGet(43)) - raft.server.watch.element-limit = 65536 (default)
2019-07-13 10:55:10,445 INFO  impl.RoleInfo (RoleInfo.java:updateAndGet(143)) - dd49809b-afd6-45a0-bb24-8de0a4d65af2: start LeaderState
2019-07-13 10:55:10,446 INFO  segmented.SegmentedRaftLogWorker (SegmentedRaftLogWorker.java:startLogSegment(380)) - dd49809b-afd6-45a0-bb24-8de0a4d65af2-SegmentedRaftLogWorker:Storage Directory /tmp/workdir/hadoop-ozone/integration-test/target/test-dir/MiniOzoneClusterImpl-af2d7b69-d49e-4290-9a11-748f9d8a2c7f/datanode-1/data/ratis/c72132a9-196c-47b6-b80d-50efde38c4dd: Starting segment from index:0
2019-07-13 10:55:10,446 INFO  impl.RaftServerImpl (ServerState.java:setRaftConf(361)) - dd49809b-afd6-45a0-bb24-8de0a4d65af2:group-50EFDE38C4DD set configuration 0: [dd49809b-afd6-45a0-bb24-8de0a4d65af2:192.168.157.218:33745], old=null at 0
2019-07-13 10:55:10,480 INFO  segmented.SegmentedRaftLogWorker (SegmentedRaftLogWorker.java:execute(569)) - dd49809b-afd6-45a0-bb24-8de0a4d65af2-SegmentedRaftLogWorker:Storage Directory /tmp/workdir/hadoop-ozone/integration-test/target/test-dir/MiniOzoneClusterImpl-af2d7b69-d49e-4290-9a11-748f9d8a2c7f/datanode-1/data/ratis/c72132a9-196c-47b6-b80d-50efde38c4dd: created new log segment /tmp/workdir/hadoop-ozone/integration-test/target/test-dir/MiniOzoneClusterImpl-af2d7b69-d49e-4290-9a11-748f9d8a2c7f/datanode-1/data/ratis/c72132a9-196c-47b6-b80d-50efde38c4dd/current/log_inprogress_0
2019-07-13 10:55:10,647 INFO  client.GrpcClientProtocolClient (GrpcClientProtocolClient.java:onNext(255)) - client-95EE8C450A77->dd49809b-afd6-45a0-bb24-8de0a4d65af2: receive RaftClientReply:client-95EE8C450A77->dd49809b-afd6-45a0-bb24-8de0a4d65af2@group-A2EAAB2C6F08, cid=38, FAILED org.apache.ratis.protocol.NotLeaderException: Server dd49809b-afd6-45a0-bb24-8de0a4d65af2 is not the leader (null). Request must be sent to leader., logIndex=0, commits[dd49809b-afd6-45a0-bb24-8de0a4d65af2:c-1]
2019-07-13 10:55:10,717 INFO  impl.FollowerState (FollowerState.java:run(106)) - 92a6e662-b1d3-4b00-aa21-55ca30f95d1a:group-E5B6AB9F0B23 changes to CANDIDATE, lastRpcTime:5124, electionTimeout:5124ms
2019-07-13 10:55:10,717 INFO  impl.RoleInfo (RoleInfo.java:shutdownFollowerState(121)) - 92a6e662-b1d3-4b00-aa21-55ca30f95d1a: shutdown FollowerState
2019-07-13 10:55:10,717 INFO  impl.RaftServerImpl (RaftServerImpl.java:setRole(171)) - 92a6e662-b1d3-4b00-aa21-55ca30f95d1a:group-E5B6AB9F0B23 changes role from FOLLOWER to CANDIDATE at term 0 for changeToCandidate
2019-07-13 10:55:10,717 INFO  impl.RoleInfo (RoleInfo.java:updateAndGet(143)) - 92a6e662-b1d3-4b00-aa21-55ca30f95d1a: start LeaderElection
2019-07-13 10:55:10,734 INFO  impl.FollowerState (FollowerState.java:run(106)) - 92a6e662-b1d3-4b00-aa21-55ca30f95d1a:group-A2EAAB2C6F08 changes to CANDIDATE, lastRpcTime:5003, electionTimeout:5003ms
2019-07-13 10:55:10,734 INFO  impl.RoleInfo (RoleInfo.java:shutdownFollowerState(121)) - 92a6e662-b1d3-4b00-aa21-55ca30f95d1a: shutdown FollowerState
2019-07-13 10:55:10,734 INFO  impl.RaftServerImpl (RaftServerImpl.java:setRole(171)) - 92a6e662-b1d3-4b00-aa21-55ca30f95d1a:group-A2EAAB2C6F08 changes role from FOLLOWER to CANDIDATE at term 0 for changeToCandidate
2019-07-13 10:55:10,734 INFO  impl.RoleInfo (RoleInfo.java:updateAndGet(143)) - 92a6e662-b1d3-4b00-aa21-55ca30f95d1a: start LeaderElection
2019-07-13 10:55:10,756 INFO  impl.LeaderElection (LeaderElection.java:askForVotes(181)) - 92a6e662-b1d3-4b00-aa21-55ca30f95d1a:group-E5B6AB9F0B23:LeaderElection14: begin an election at term 1 for -1: [92a6e662-b1d3-4b00-aa21-55ca30f95d1a:192.168.157.218:33012], old=null
2019-07-13 10:55:10,756 INFO  impl.RoleInfo (RoleInfo.java:shutdownLeaderElection(134)) - 92a6e662-b1d3-4b00-aa21-55ca30f95d1a: shutdown LeaderElection
2019-07-13 10:55:10,756 INFO  impl.RaftServerImpl (RaftServerImpl.java:setRole(171)) - 92a6e662-b1d3-4b00-aa21-55ca30f95d1a:group-E5B6AB9F0B23 changes role from CANDIDATE to LEADER at term 1 for changeToLeader
2019-07-13 10:55:10,756 INFO  impl.RaftServerImpl (ServerState.java:setLeader(263)) - 92a6e662-b1d3-4b00-aa21-55ca30f95d1a:group-E5B6AB9F0B23 change Leader from null to 92a6e662-b1d3-4b00-aa21-55ca30f95d1a at term 1 for becomeLeader, leader elected after 5170ms
2019-07-13 10:55:10,756 INFO  server.RaftServerConfigKeys (ConfUtils.java:logGet(43)) - raft.server.staging.catchup.gap = 1000 (default)
2019-07-13 10:55:10,757 INFO  server.RaftServerConfigKeys (ConfUtils.java:logGet(43)) - raft.server.rpc.sleep.time = 25ms (default)
2019-07-13 10:55:10,757 INFO  server.RaftServerConfigKeys (ConfUtils.java:logGet(43)) - raft.server.write.element-limit = 4096 (default)
2019-07-13 10:55:10,757 INFO  server.RaftServerConfigKeys (ConfUtils.java:logGet(43)) - raft.server.watch.timeout = 10s (default)
2019-07-13 10:55:10,757 INFO  server.RaftServerConfigKeys (ConfUtils.java:logGet(43)) - raft.server.watch.timeout.denomination = 1s (default)
2019-07-13 10:55:10,757 INFO  server.RaftServerConfigKeys (ConfUtils.java:logGet(43)) - raft.server.watch.element-limit = 65536 (default)
2019-07-13 10:55:10,758 INFO  impl.RoleInfo (RoleInfo.java:updateAndGet(143)) - 92a6e662-b1d3-4b00-aa21-55ca30f95d1a: start LeaderState
2019-07-13 10:55:10,758 INFO  impl.LeaderElection (LeaderElection.java:askForVotes(181)) - 92a6e662-b1d3-4b00-aa21-55ca30f95d1a:group-A2EAAB2C6F08:LeaderElection15: begin an election at term 1 for -1: [92a6e662-b1d3-4b00-aa21-55ca30f95d1a:192.168.157.218:33012, dd49809b-afd6-45a0-bb24-8de0a4d65af2:192.168.157.218:33745, 79275473-252c-4e04-9cac-7eb987bd2a95:192.168.157.218:45031], old=null
2019-07-13 10:55:10,758 INFO  segmented.SegmentedRaftLogWorker (SegmentedRaftLogWorker.java:startLogSegment(380)) - 92a6e662-b1d3-4b00-aa21-55ca30f95d1a-SegmentedRaftLogWorker:Storage Directory /tmp/workdir/hadoop-ozone/integration-test/target/test-dir/MiniOzoneClusterImpl-af2d7b69-d49e-4290-9a11-748f9d8a2c7f/datanode-2/data/ratis/5552ed40-c52b-4369-a2fd-e5b6ab9f0b23: Starting segment from index:0
2019-07-13 10:55:10,759 INFO  impl.RaftServerImpl (ServerState.java:setRaftConf(361)) - 92a6e662-b1d3-4b00-aa21-55ca30f95d1a:group-E5B6AB9F0B23 set configuration 0: [92a6e662-b1d3-4b00-aa21-55ca30f95d1a:192.168.157.218:33012], old=null at 0
2019-07-13 10:55:10,783 INFO  impl.RaftServerImpl (RaftServerImpl.java:setRole(171)) - dd49809b-afd6-45a0-bb24-8de0a4d65af2:group-A2EAAB2C6F08 changes role from FOLLOWER to FOLLOWER at term 1 for recognizeCandidate:92a6e662-b1d3-4b00-aa21-55ca30f95d1a
2019-07-13 10:55:10,783 INFO  impl.RaftServerImpl (RaftServerImpl.java:setRole(171)) - 79275473-252c-4e04-9cac-7eb987bd2a95:group-A2EAAB2C6F08 changes role from FOLLOWER to FOLLOWER at term 1 for recognizeCandidate:92a6e662-b1d3-4b00-aa21-55ca30f95d1a
2019-07-13 10:55:10,784 INFO  impl.RoleInfo (RoleInfo.java:shutdownFollowerState(121)) - 79275473-252c-4e04-9cac-7eb987bd2a95: shutdown FollowerState
2019-07-13 10:55:10,784 INFO  impl.RoleInfo (RoleInfo.java:shutdownFollowerState(121)) - dd49809b-afd6-45a0-bb24-8de0a4d65af2: shutdown FollowerState
2019-07-13 10:55:10,784 INFO  impl.RoleInfo (RoleInfo.java:updateAndGet(143)) - 79275473-252c-4e04-9cac-7eb987bd2a95: start FollowerState
2019-07-13 10:55:10,784 INFO  impl.FollowerState (FollowerState.java:run(114)) - 79275473-252c-4e04-9cac-7eb987bd2a95: FollowerState was interrupted: java.lang.InterruptedException: sleep interrupted
2019-07-13 10:55:10,784 INFO  impl.FollowerState (FollowerState.java:run(114)) - dd49809b-afd6-45a0-bb24-8de0a4d65af2: FollowerState was interrupted: java.lang.InterruptedException: sleep interrupted
2019-07-13 10:55:10,784 INFO  impl.RoleInfo (RoleInfo.java:updateAndGet(143)) - dd49809b-afd6-45a0-bb24-8de0a4d65af2: start FollowerState
2019-07-13 10:55:10,792 INFO  segmented.SegmentedRaftLogWorker (SegmentedRaftLogWorker.java:execute(569)) - 92a6e662-b1d3-4b00-aa21-55ca30f95d1a-SegmentedRaftLogWorker:Storage Directory /tmp/workdir/hadoop-ozone/integration-test/target/test-dir/MiniOzoneClusterImpl-af2d7b69-d49e-4290-9a11-748f9d8a2c7f/datanode-2/data/ratis/5552ed40-c52b-4369-a2fd-e5b6ab9f0b23: created new log segment /tmp/workdir/hadoop-ozone/integration-test/target/test-dir/MiniOzoneClusterImpl-af2d7b69-d49e-4290-9a11-748f9d8a2c7f/datanode-2/data/ratis/5552ed40-c52b-4369-a2fd-e5b6ab9f0b23/current/log_inprogress_0
2019-07-13 10:55:10,806 INFO  impl.LeaderElection (LeaderElection.java:logAndReturn(56)) - 92a6e662-b1d3-4b00-aa21-55ca30f95d1a:group-A2EAAB2C6F08:LeaderElection15: Election PASSED; received 1 response(s) [92a6e662-b1d3-4b00-aa21-55ca30f95d1a<-79275473-252c-4e04-9cac-7eb987bd2a95#0:OK-t1] and 0 exception(s); 92a6e662-b1d3-4b00-aa21-55ca30f95d1a:t1, leader=null, voted=92a6e662-b1d3-4b00-aa21-55ca30f95d1a, raftlog=92a6e662-b1d3-4b00-aa21-55ca30f95d1a-SegmentedRaftLog:OPENED:c-1,f-1,i0, conf=-1: [92a6e662-b1d3-4b00-aa21-55ca30f95d1a:192.168.157.218:33012, dd49809b-afd6-45a0-bb24-8de0a4d65af2:192.168.157.218:33745, 79275473-252c-4e04-9cac-7eb987bd2a95:192.168.157.218:45031], old=null
2019-07-13 10:55:10,806 INFO  impl.RoleInfo (RoleInfo.java:shutdownLeaderElection(134)) - 92a6e662-b1d3-4b00-aa21-55ca30f95d1a: shutdown LeaderElection
2019-07-13 10:55:10,806 INFO  impl.RaftServerImpl (RaftServerImpl.java:setRole(171)) - 92a6e662-b1d3-4b00-aa21-55ca30f95d1a:group-A2EAAB2C6F08 changes role from CANDIDATE to LEADER at term 1 for changeToLeader
2019-07-13 10:55:10,810 INFO  impl.RaftServerImpl (ServerState.java:setLeader(263)) - 92a6e662-b1d3-4b00-aa21-55ca30f95d1a:group-A2EAAB2C6F08 change Leader from null to 92a6e662-b1d3-4b00-aa21-55ca30f95d1a at term 1 for becomeLeader, leader elected after 5122ms
2019-07-13 10:55:10,810 INFO  server.RaftServerConfigKeys (ConfUtils.java:logGet(43)) - raft.server.staging.catchup.gap = 1000 (default)
2019-07-13 10:55:10,810 INFO  server.RaftServerConfigKeys (ConfUtils.java:logGet(43)) - raft.server.rpc.sleep.time = 25ms (default)
2019-07-13 10:55:10,810 INFO  server.RaftServerConfigKeys (ConfUtils.java:logGet(43)) - raft.server.write.element-limit = 4096 (default)
2019-07-13 10:55:10,810 INFO  server.RaftServerConfigKeys (ConfUtils.java:logGet(43)) - raft.server.watch.timeout = 10s (default)
2019-07-13 10:55:10,810 INFO  server.RaftServerConfigKeys (ConfUtils.java:logGet(43)) - raft.server.watch.timeout.denomination = 1s (default)
2019-07-13 10:55:10,810 INFO  server.RaftServerConfigKeys (ConfUtils.java:logGet(43)) - raft.server.watch.element-limit = 65536 (default)
2019-07-13 10:55:10,811 INFO  server.RaftServerConfigKeys (ConfUtils.java:logGet(43)) - raft.server.log.appender.snapshot.chunk.size.max = 16MB (=16777216) (default)
2019-07-13 10:55:10,811 INFO  server.RaftServerConfigKeys (ConfUtils.java:logGet(43)) - raft.server.log.appender.buffer.byte-limit = 33554432 (custom)
2019-07-13 10:55:10,811 INFO  server.RaftServerConfigKeys (ConfUtils.java:logGet(43)) - raft.server.log.appender.buffer.element-limit = 1 (custom)
2019-07-13 10:55:10,811 INFO  grpc.GrpcConfigKeys$Server (ConfUtils.java:logGet(43)) - raft.grpc.server.leader.outstanding.appends.max = 128 (default)
2019-07-13 10:55:10,811 INFO  server.RaftServerConfigKeys (ConfUtils.java:logGet(43)) - raft.server.rpc.request.timeout = 3000ms (default)
2019-07-13 10:55:10,812 INFO  server.RaftServerConfigKeys (ConfUtils.java:logGet(43)) - raft.server.log.appender.install.snapshot.enabled = false (custom)
2019-07-13 10:55:10,812 INFO  server.RaftServerConfigKeys (ConfUtils.java:logGet(43)) - raft.server.log.appender.snapshot.chunk.size.max = 16MB (=16777216) (default)
2019-07-13 10:55:10,812 INFO  server.RaftServerConfigKeys (ConfUtils.java:logGet(43)) - raft.server.log.appender.buffer.byte-limit = 33554432 (custom)
2019-07-13 10:55:10,812 INFO  server.RaftServerConfigKeys (ConfUtils.java:logGet(43)) - raft.server.log.appender.buffer.element-limit = 1 (custom)
2019-07-13 10:55:10,812 INFO  grpc.GrpcConfigKeys$Server (ConfUtils.java:logGet(43)) - raft.grpc.server.leader.outstanding.appends.max = 128 (default)
2019-07-13 10:55:10,812 INFO  server.RaftServerConfigKeys (ConfUtils.java:logGet(43)) - raft.server.rpc.request.timeout = 3000ms (default)
2019-07-13 10:55:10,813 INFO  server.RaftServerConfigKeys (ConfUtils.java:logGet(43)) - raft.server.log.appender.install.snapshot.enabled = false (custom)
2019-07-13 10:55:10,813 INFO  impl.RoleInfo (RoleInfo.java:updateAndGet(143)) - 92a6e662-b1d3-4b00-aa21-55ca30f95d1a: start LeaderState
2019-07-13 10:55:10,813 INFO  segmented.SegmentedRaftLogWorker (SegmentedRaftLogWorker.java:startLogSegment(380)) - 92a6e662-b1d3-4b00-aa21-55ca30f95d1a-SegmentedRaftLogWorker:Storage Directory /tmp/workdir/hadoop-ozone/integration-test/target/test-dir/MiniOzoneClusterImpl-af2d7b69-d49e-4290-9a11-748f9d8a2c7f/datanode-2/data/ratis/56bc251e-fb0e-43ea-9c93-a2eaab2c6f08: Starting segment from index:0
2019-07-13 10:55:10,814 INFO  impl.RaftServerImpl (ServerState.java:setRaftConf(361)) - 92a6e662-b1d3-4b00-aa21-55ca30f95d1a:group-A2EAAB2C6F08 set configuration 0: [92a6e662-b1d3-4b00-aa21-55ca30f95d1a:192.168.157.218:33012, dd49809b-afd6-45a0-bb24-8de0a4d65af2:192.168.157.218:33745, 79275473-252c-4e04-9cac-7eb987bd2a95:192.168.157.218:45031], old=null at 0
2019-07-13 10:55:10,833 INFO  impl.RaftServerImpl (ServerState.java:setLeader(263)) - 79275473-252c-4e04-9cac-7eb987bd2a95:group-A2EAAB2C6F08 change Leader from null to 92a6e662-b1d3-4b00-aa21-55ca30f95d1a at term 1 for appendEntries, leader elected after 5147ms
2019-07-13 10:55:10,833 INFO  impl.RaftServerImpl (ServerState.java:setLeader(263)) - dd49809b-afd6-45a0-bb24-8de0a4d65af2:group-A2EAAB2C6F08 change Leader from null to 92a6e662-b1d3-4b00-aa21-55ca30f95d1a at term 1 for appendEntries, leader elected after 5146ms
2019-07-13 10:55:10,844 INFO  impl.RaftServerImpl (ServerState.java:setRaftConf(361)) - dd49809b-afd6-45a0-bb24-8de0a4d65af2:group-A2EAAB2C6F08 set configuration 0: [92a6e662-b1d3-4b00-aa21-55ca30f95d1a:192.168.157.218:33012, dd49809b-afd6-45a0-bb24-8de0a4d65af2:192.168.157.218:33745, 79275473-252c-4e04-9cac-7eb987bd2a95:192.168.157.218:45031], old=null at 0
2019-07-13 10:55:10,844 INFO  impl.RaftServerImpl (ServerState.java:setRaftConf(361)) - 79275473-252c-4e04-9cac-7eb987bd2a95:group-A2EAAB2C6F08 set configuration 0: [92a6e662-b1d3-4b00-aa21-55ca30f95d1a:192.168.157.218:33012, dd49809b-afd6-45a0-bb24-8de0a4d65af2:192.168.157.218:33745, 79275473-252c-4e04-9cac-7eb987bd2a95:192.168.157.218:45031], old=null at 0
2019-07-13 10:55:10,844 INFO  segmented.SegmentedRaftLogWorker (SegmentedRaftLogWorker.java:execute(569)) - 92a6e662-b1d3-4b00-aa21-55ca30f95d1a-SegmentedRaftLogWorker:Storage Directory /tmp/workdir/hadoop-ozone/integration-test/target/test-dir/MiniOzoneClusterImpl-af2d7b69-d49e-4290-9a11-748f9d8a2c7f/datanode-2/data/ratis/56bc251e-fb0e-43ea-9c93-a2eaab2c6f08: created new log segment /tmp/workdir/hadoop-ozone/integration-test/target/test-dir/MiniOzoneClusterImpl-af2d7b69-d49e-4290-9a11-748f9d8a2c7f/datanode-2/data/ratis/56bc251e-fb0e-43ea-9c93-a2eaab2c6f08/current/log_inprogress_0
2019-07-13 10:55:10,844 INFO  segmented.SegmentedRaftLogWorker (SegmentedRaftLogWorker.java:startLogSegment(380)) - dd49809b-afd6-45a0-bb24-8de0a4d65af2-SegmentedRaftLogWorker:Storage Directory /tmp/workdir/hadoop-ozone/integration-test/target/test-dir/MiniOzoneClusterImpl-af2d7b69-d49e-4290-9a11-748f9d8a2c7f/datanode-1/data/ratis/56bc251e-fb0e-43ea-9c93-a2eaab2c6f08: Starting segment from index:0
2019-07-13 10:55:10,844 INFO  segmented.SegmentedRaftLogWorker (SegmentedRaftLogWorker.java:startLogSegment(380)) - 79275473-252c-4e04-9cac-7eb987bd2a95-SegmentedRaftLogWorker:Storage Directory /tmp/workdir/hadoop-ozone/integration-test/target/test-dir/MiniOzoneClusterImpl-af2d7b69-d49e-4290-9a11-748f9d8a2c7f/datanode-0/data/ratis/56bc251e-fb0e-43ea-9c93-a2eaab2c6f08: Starting segment from index:0
2019-07-13 10:55:10,873 INFO  segmented.SegmentedRaftLogWorker (SegmentedRaftLogWorker.java:execute(569)) - dd49809b-afd6-45a0-bb24-8de0a4d65af2-SegmentedRaftLogWorker:Storage Directory /tmp/workdir/hadoop-ozone/integration-test/target/test-dir/MiniOzoneClusterImpl-af2d7b69-d49e-4290-9a11-748f9d8a2c7f/datanode-1/data/ratis/56bc251e-fb0e-43ea-9c93-a2eaab2c6f08: created new log segment /tmp/workdir/hadoop-ozone/integration-test/target/test-dir/MiniOzoneClusterImpl-af2d7b69-d49e-4290-9a11-748f9d8a2c7f/datanode-1/data/ratis/56bc251e-fb0e-43ea-9c93-a2eaab2c6f08/current/log_inprogress_0
2019-07-13 10:55:10,873 INFO  segmented.SegmentedRaftLogWorker (SegmentedRaftLogWorker.java:execute(569)) - 79275473-252c-4e04-9cac-7eb987bd2a95-SegmentedRaftLogWorker:Storage Directory /tmp/workdir/hadoop-ozone/integration-test/target/test-dir/MiniOzoneClusterImpl-af2d7b69-d49e-4290-9a11-748f9d8a2c7f/datanode-0/data/ratis/56bc251e-fb0e-43ea-9c93-a2eaab2c6f08: created new log segment /tmp/workdir/hadoop-ozone/integration-test/target/test-dir/MiniOzoneClusterImpl-af2d7b69-d49e-4290-9a11-748f9d8a2c7f/datanode-0/data/ratis/56bc251e-fb0e-43ea-9c93-a2eaab2c6f08/current/log_inprogress_0
2019-07-13 10:55:11,138 INFO  impl.FollowerState (FollowerState.java:run(106)) - e2d1d225-c837-405f-bac3-be921dc3c71c:group-AE138F4EFF7C changes to CANDIDATE, lastRpcTime:5050, electionTimeout:5050ms
2019-07-13 10:55:11,138 INFO  impl.RoleInfo (RoleInfo.java:shutdownFollowerState(121)) - e2d1d225-c837-405f-bac3-be921dc3c71c: shutdown FollowerState
2019-07-13 10:55:11,138 INFO  impl.RaftServerImpl (RaftServerImpl.java:setRole(171)) - e2d1d225-c837-405f-bac3-be921dc3c71c:group-AE138F4EFF7C changes role from FOLLOWER to CANDIDATE at term 0 for changeToCandidate
2019-07-13 10:55:11,138 INFO  impl.RoleInfo (RoleInfo.java:updateAndGet(143)) - e2d1d225-c837-405f-bac3-be921dc3c71c: start LeaderElection
2019-07-13 10:55:11,197 INFO  impl.FollowerState (FollowerState.java:run(106)) - 78c23eae-0238-4f30-9c41-67238fcc5c5b:group-3E175EAA0106 changes to CANDIDATE, lastRpcTime:5195, electionTimeout:5195ms
2019-07-13 10:55:11,197 INFO  impl.RoleInfo (RoleInfo.java:shutdownFollowerState(121)) - 78c23eae-0238-4f30-9c41-67238fcc5c5b: shutdown FollowerState
2019-07-13 10:55:11,197 INFO  impl.RaftServerImpl (RaftServerImpl.java:setRole(171)) - 78c23eae-0238-4f30-9c41-67238fcc5c5b:group-3E175EAA0106 changes role from FOLLOWER to CANDIDATE at term 0 for changeToCandidate
2019-07-13 10:55:11,198 INFO  impl.RoleInfo (RoleInfo.java:updateAndGet(143)) - 78c23eae-0238-4f30-9c41-67238fcc5c5b: start LeaderElection
2019-07-13 10:55:11,206 INFO  impl.LeaderElection (LeaderElection.java:askForVotes(181)) - 78c23eae-0238-4f30-9c41-67238fcc5c5b:group-3E175EAA0106:LeaderElection17: begin an election at term 1 for -1: [78c23eae-0238-4f30-9c41-67238fcc5c5b:192.168.157.218:39923], old=null
2019-07-13 10:55:11,206 INFO  impl.LeaderElection (LeaderElection.java:askForVotes(181)) - e2d1d225-c837-405f-bac3-be921dc3c71c:group-AE138F4EFF7C:LeaderElection16: begin an election at term 1 for -1: [e2d1d225-c837-405f-bac3-be921dc3c71c:192.168.157.218:43612], old=null
2019-07-13 10:55:11,207 INFO  impl.RoleInfo (RoleInfo.java:shutdownLeaderElection(134)) - 78c23eae-0238-4f30-9c41-67238fcc5c5b: shutdown LeaderElection
2019-07-13 10:55:11,207 INFO  impl.RoleInfo (RoleInfo.java:shutdownLeaderElection(134)) - e2d1d225-c837-405f-bac3-be921dc3c71c: shutdown LeaderElection
2019-07-13 10:55:11,207 INFO  impl.RaftServerImpl (RaftServerImpl.java:setRole(171)) - 78c23eae-0238-4f30-9c41-67238fcc5c5b:group-3E175EAA0106 changes role from CANDIDATE to LEADER at term 1 for changeToLeader
2019-07-13 10:55:11,207 INFO  impl.RaftServerImpl (RaftServerImpl.java:setRole(171)) - e2d1d225-c837-405f-bac3-be921dc3c71c:group-AE138F4EFF7C changes role from CANDIDATE to LEADER at term 1 for changeToLeader
2019-07-13 10:55:11,207 INFO  impl.RaftServerImpl (ServerState.java:setLeader(263)) - 78c23eae-0238-4f30-9c41-67238fcc5c5b:group-3E175EAA0106 change Leader from null to 78c23eae-0238-4f30-9c41-67238fcc5c5b at term 1 for becomeLeader, leader elected after 5211ms
2019-07-13 10:55:11,207 INFO  impl.RaftServerImpl (ServerState.java:setLeader(263)) - e2d1d225-c837-405f-bac3-be921dc3c71c:group-AE138F4EFF7C change Leader from null to e2d1d225-c837-405f-bac3-be921dc3c71c at term 1 for becomeLeader, leader elected after 5125ms
2019-07-13 10:55:11,207 INFO  server.RaftServerConfigKeys (ConfUtils.java:logGet(43)) - raft.server.staging.catchup.gap = 1000 (default)
2019-07-13 10:55:11,208 INFO  server.RaftServerConfigKeys (ConfUtils.java:logGet(43)) - raft.server.staging.catchup.gap = 1000 (default)
2019-07-13 10:55:11,208 INFO  server.RaftServerConfigKeys (ConfUtils.java:logGet(43)) - raft.server.rpc.sleep.time = 25ms (default)
2019-07-13 10:55:11,208 INFO  server.RaftServerConfigKeys (ConfUtils.java:logGet(43)) - raft.server.rpc.sleep.time = 25ms (default)
2019-07-13 10:55:11,208 INFO  server.RaftServerConfigKeys (ConfUtils.java:logGet(43)) - raft.server.write.element-limit = 4096 (default)
2019-07-13 10:55:11,208 INFO  server.RaftServerConfigKeys (ConfUtils.java:logGet(43)) - raft.server.write.element-limit = 4096 (default)
2019-07-13 10:55:11,208 INFO  server.RaftServerConfigKeys (ConfUtils.java:logGet(43)) - raft.server.watch.timeout = 10s (default)
2019-07-13 10:55:11,208 INFO  server.RaftServerConfigKeys (ConfUtils.java:logGet(43)) - raft.server.watch.timeout = 10s (default)
2019-07-13 10:55:11,209 INFO  server.RaftServerConfigKeys (ConfUtils.java:logGet(43)) - raft.server.watch.timeout.denomination = 1s (default)
2019-07-13 10:55:11,209 INFO  server.RaftServerConfigKeys (ConfUtils.java:logGet(43)) - raft.server.watch.timeout.denomination = 1s (default)
2019-07-13 10:55:11,209 INFO  server.RaftServerConfigKeys (ConfUtils.java:logGet(43)) - raft.server.watch.element-limit = 65536 (default)
2019-07-13 10:55:11,209 INFO  server.RaftServerConfigKeys (ConfUtils.java:logGet(43)) - raft.server.watch.element-limit = 65536 (default)
2019-07-13 10:55:11,209 INFO  impl.RoleInfo (RoleInfo.java:updateAndGet(143)) - 78c23eae-0238-4f30-9c41-67238fcc5c5b: start LeaderState
2019-07-13 10:55:11,209 INFO  impl.RoleInfo (RoleInfo.java:updateAndGet(143)) - e2d1d225-c837-405f-bac3-be921dc3c71c: start LeaderState
2019-07-13 10:55:11,210 INFO  segmented.SegmentedRaftLogWorker (SegmentedRaftLogWorker.java:startLogSegment(380)) - 78c23eae-0238-4f30-9c41-67238fcc5c5b-SegmentedRaftLogWorker:Storage Directory /tmp/workdir/hadoop-ozone/integration-test/target/test-dir/MiniOzoneClusterImpl-af2d7b69-d49e-4290-9a11-748f9d8a2c7f/datanode-3/data/ratis/3bb63ddb-e6a5-430a-b0b5-3e175eaa0106: Starting segment from index:0
2019-07-13 10:55:11,210 INFO  segmented.SegmentedRaftLogWorker (SegmentedRaftLogWorker.java:startLogSegment(380)) - e2d1d225-c837-405f-bac3-be921dc3c71c-SegmentedRaftLogWorker:Storage Directory /tmp/workdir/hadoop-ozone/integration-test/target/test-dir/MiniOzoneClusterImpl-af2d7b69-d49e-4290-9a11-748f9d8a2c7f/datanode-4/data/ratis/ee4763ae-0141-4816-b860-ae138f4eff7c: Starting segment from index:0
2019-07-13 10:55:11,210 INFO  impl.RaftServerImpl (ServerState.java:setRaftConf(361)) - 78c23eae-0238-4f30-9c41-67238fcc5c5b:group-3E175EAA0106 set configuration 0: [78c23eae-0238-4f30-9c41-67238fcc5c5b:192.168.157.218:39923], old=null at 0
2019-07-13 10:55:11,233 INFO  impl.RaftServerImpl (ServerState.java:setRaftConf(361)) - e2d1d225-c837-405f-bac3-be921dc3c71c:group-AE138F4EFF7C set configuration 0: [e2d1d225-c837-405f-bac3-be921dc3c71c:192.168.157.218:43612], old=null at 0
2019-07-13 10:55:11,259 INFO  segmented.SegmentedRaftLogWorker (SegmentedRaftLogWorker.java:execute(569)) - e2d1d225-c837-405f-bac3-be921dc3c71c-SegmentedRaftLogWorker:Storage Directory /tmp/workdir/hadoop-ozone/integration-test/target/test-dir/MiniOzoneClusterImpl-af2d7b69-d49e-4290-9a11-748f9d8a2c7f/datanode-4/data/ratis/ee4763ae-0141-4816-b860-ae138f4eff7c: created new log segment /tmp/workdir/hadoop-ozone/integration-test/target/test-dir/MiniOzoneClusterImpl-af2d7b69-d49e-4290-9a11-748f9d8a2c7f/datanode-4/data/ratis/ee4763ae-0141-4816-b860-ae138f4eff7c/current/log_inprogress_0
2019-07-13 10:55:11,271 INFO  segmented.SegmentedRaftLogWorker (SegmentedRaftLogWorker.java:execute(569)) - 78c23eae-0238-4f30-9c41-67238fcc5c5b-SegmentedRaftLogWorker:Storage Directory /tmp/workdir/hadoop-ozone/integration-test/target/test-dir/MiniOzoneClusterImpl-af2d7b69-d49e-4290-9a11-748f9d8a2c7f/datanode-3/data/ratis/3bb63ddb-e6a5-430a-b0b5-3e175eaa0106: created new log segment /tmp/workdir/hadoop-ozone/integration-test/target/test-dir/MiniOzoneClusterImpl-af2d7b69-d49e-4290-9a11-748f9d8a2c7f/datanode-3/data/ratis/3bb63ddb-e6a5-430a-b0b5-3e175eaa0106/current/log_inprogress_0
2019-07-13 10:55:11,292 INFO  impl.FollowerState (FollowerState.java:run(106)) - 21a46591-6e6a-4cd8-b431-241423caeead:group-2D0D1551714B changes to CANDIDATE, lastRpcTime:5093, electionTimeout:5093ms
2019-07-13 10:55:11,292 INFO  impl.RoleInfo (RoleInfo.java:shutdownFollowerState(121)) - 21a46591-6e6a-4cd8-b431-241423caeead: shutdown FollowerState
2019-07-13 10:55:11,292 INFO  impl.RaftServerImpl (RaftServerImpl.java:setRole(171)) - 21a46591-6e6a-4cd8-b431-241423caeead:group-2D0D1551714B changes role from FOLLOWER to CANDIDATE at term 0 for changeToCandidate
2019-07-13 10:55:11,292 INFO  impl.RoleInfo (RoleInfo.java:updateAndGet(143)) - 21a46591-6e6a-4cd8-b431-241423caeead: start LeaderElection
2019-07-13 10:55:11,310 INFO  impl.LeaderElection (LeaderElection.java:askForVotes(181)) - 21a46591-6e6a-4cd8-b431-241423caeead:group-2D0D1551714B:LeaderElection18: begin an election at term 1 for -1: [21a46591-6e6a-4cd8-b431-241423caeead:192.168.157.218:42921], old=null
2019-07-13 10:55:11,310 INFO  impl.RoleInfo (RoleInfo.java:shutdownLeaderElection(134)) - 21a46591-6e6a-4cd8-b431-241423caeead: shutdown LeaderElection
2019-07-13 10:55:11,310 INFO  impl.RaftServerImpl (RaftServerImpl.java:setRole(171)) - 21a46591-6e6a-4cd8-b431-241423caeead:group-2D0D1551714B changes role from CANDIDATE to LEADER at term 1 for changeToLeader
2019-07-13 10:55:11,310 INFO  impl.RaftServerImpl (ServerState.java:setLeader(263)) - 21a46591-6e6a-4cd8-b431-241423caeead:group-2D0D1551714B change Leader from null to 21a46591-6e6a-4cd8-b431-241423caeead at term 1 for becomeLeader, leader elected after 5117ms
2019-07-13 10:55:11,311 INFO  server.RaftServerConfigKeys (ConfUtils.java:logGet(43)) - raft.server.staging.catchup.gap = 1000 (default)
2019-07-13 10:55:11,311 INFO  server.RaftServerConfigKeys (ConfUtils.java:logGet(43)) - raft.server.rpc.sleep.time = 25ms (default)
2019-07-13 10:55:11,311 INFO  server.RaftServerConfigKeys (ConfUtils.java:logGet(43)) - raft.server.write.element-limit = 4096 (default)
2019-07-13 10:55:11,311 INFO  server.RaftServerConfigKeys (ConfUtils.java:logGet(43)) - raft.server.watch.timeout = 10s (default)
2019-07-13 10:55:11,312 INFO  server.RaftServerConfigKeys (ConfUtils.java:logGet(43)) - raft.server.watch.timeout.denomination = 1s (default)
2019-07-13 10:55:11,312 INFO  server.RaftServerConfigKeys (ConfUtils.java:logGet(43)) - raft.server.watch.element-limit = 65536 (default)
2019-07-13 10:55:11,312 INFO  impl.RoleInfo (RoleInfo.java:updateAndGet(143)) - 21a46591-6e6a-4cd8-b431-241423caeead: start LeaderState
2019-07-13 10:55:11,312 INFO  segmented.SegmentedRaftLogWorker (SegmentedRaftLogWorker.java:startLogSegment(380)) - 21a46591-6e6a-4cd8-b431-241423caeead-SegmentedRaftLogWorker:Storage Directory /tmp/workdir/hadoop-ozone/integration-test/target/test-dir/MiniOzoneClusterImpl-af2d7b69-d49e-4290-9a11-748f9d8a2c7f/datanode-5/data/ratis/73570950-9a0e-4cc1-bdd0-2d0d1551714b: Starting segment from index:0
2019-07-13 10:55:11,313 INFO  impl.RaftServerImpl (ServerState.java:setRaftConf(361)) - 21a46591-6e6a-4cd8-b431-241423caeead:group-2D0D1551714B set configuration 0: [21a46591-6e6a-4cd8-b431-241423caeead:192.168.157.218:42921], old=null at 0
2019-07-13 10:55:11,334 INFO  impl.FollowerState (FollowerState.java:run(106)) - 78c23eae-0238-4f30-9c41-67238fcc5c5b:group-83A06E21E8FA changes to CANDIDATE, lastRpcTime:5027, electionTimeout:5012ms
2019-07-13 10:55:11,335 INFO  impl.RoleInfo (RoleInfo.java:shutdownFollowerState(121)) - 78c23eae-0238-4f30-9c41-67238fcc5c5b: shutdown FollowerState
2019-07-13 10:55:11,335 INFO  impl.RaftServerImpl (RaftServerImpl.java:setRole(171)) - 78c23eae-0238-4f30-9c41-67238fcc5c5b:group-83A06E21E8FA changes role from FOLLOWER to CANDIDATE at term 0 for changeToCandidate
2019-07-13 10:55:11,335 INFO  impl.RoleInfo (RoleInfo.java:updateAndGet(143)) - 78c23eae-0238-4f30-9c41-67238fcc5c5b: start LeaderElection
2019-07-13 10:55:11,348 INFO  segmented.SegmentedRaftLogWorker (SegmentedRaftLogWorker.java:execute(569)) - 21a46591-6e6a-4cd8-b431-241423caeead-SegmentedRaftLogWorker:Storage Directory /tmp/workdir/hadoop-ozone/integration-test/target/test-dir/MiniOzoneClusterImpl-af2d7b69-d49e-4290-9a11-748f9d8a2c7f/datanode-5/data/ratis/73570950-9a0e-4cc1-bdd0-2d0d1551714b: created new log segment /tmp/workdir/hadoop-ozone/integration-test/target/test-dir/MiniOzoneClusterImpl-af2d7b69-d49e-4290-9a11-748f9d8a2c7f/datanode-5/data/ratis/73570950-9a0e-4cc1-bdd0-2d0d1551714b/current/log_inprogress_0
2019-07-13 10:55:11,349 INFO  impl.LeaderElection (LeaderElection.java:askForVotes(181)) - 78c23eae-0238-4f30-9c41-67238fcc5c5b:group-83A06E21E8FA:LeaderElection19: begin an election at term 1 for -1: [21a46591-6e6a-4cd8-b431-241423caeead:192.168.157.218:42921, e2d1d225-c837-405f-bac3-be921dc3c71c:192.168.157.218:43612, 78c23eae-0238-4f30-9c41-67238fcc5c5b:192.168.157.218:39923], old=null
2019-07-13 10:55:11,356 INFO  impl.RaftServerImpl (RaftServerImpl.java:setRole(171)) - e2d1d225-c837-405f-bac3-be921dc3c71c:group-83A06E21E8FA changes role from FOLLOWER to FOLLOWER at term 1 for recognizeCandidate:78c23eae-0238-4f30-9c41-67238fcc5c5b
2019-07-13 10:55:11,356 INFO  impl.RaftServerImpl (RaftServerImpl.java:setRole(171)) - 21a46591-6e6a-4cd8-b431-241423caeead:group-83A06E21E8FA changes role from FOLLOWER to FOLLOWER at term 1 for recognizeCandidate:78c23eae-0238-4f30-9c41-67238fcc5c5b
2019-07-13 10:55:11,356 INFO  impl.RoleInfo (RoleInfo.java:shutdownFollowerState(121)) - e2d1d225-c837-405f-bac3-be921dc3c71c: shutdown FollowerState
2019-07-13 10:55:11,357 INFO  impl.RoleInfo (RoleInfo.java:shutdownFollowerState(121)) - 21a46591-6e6a-4cd8-b431-241423caeead: shutdown FollowerState
2019-07-13 10:55:11,357 INFO  impl.FollowerState (FollowerState.java:run(114)) - e2d1d225-c837-405f-bac3-be921dc3c71c: FollowerState was interrupted: java.lang.InterruptedException: sleep interrupted
2019-07-13 10:55:11,357 INFO  impl.RoleInfo (RoleInfo.java:updateAndGet(143)) - 21a46591-6e6a-4cd8-b431-241423caeead: start FollowerState
2019-07-13 10:55:11,357 INFO  impl.RoleInfo (RoleInfo.java:updateAndGet(143)) - e2d1d225-c837-405f-bac3-be921dc3c71c: start FollowerState
2019-07-13 10:55:11,357 INFO  impl.FollowerState (FollowerState.java:run(114)) - 21a46591-6e6a-4cd8-b431-241423caeead: FollowerState was interrupted: java.lang.InterruptedException: sleep interrupted
2019-07-13 10:55:11,364 INFO  impl.LeaderElection (LeaderElection.java:logAndReturn(56)) - 78c23eae-0238-4f30-9c41-67238fcc5c5b:group-83A06E21E8FA:LeaderElection19: Election PASSED; received 1 response(s) [78c23eae-0238-4f30-9c41-67238fcc5c5b<-21a46591-6e6a-4cd8-b431-241423caeead#0:OK-t1] and 0 exception(s); 78c23eae-0238-4f30-9c41-67238fcc5c5b:t1, leader=null, voted=78c23eae-0238-4f30-9c41-67238fcc5c5b, raftlog=78c23eae-0238-4f30-9c41-67238fcc5c5b-SegmentedRaftLog:OPENED:c-1,f-1,i0, conf=-1: [21a46591-6e6a-4cd8-b431-241423caeead:192.168.157.218:42921, e2d1d225-c837-405f-bac3-be921dc3c71c:192.168.157.218:43612, 78c23eae-0238-4f30-9c41-67238fcc5c5b:192.168.157.218:39923], old=null
2019-07-13 10:55:11,364 INFO  impl.RoleInfo (RoleInfo.java:shutdownLeaderElection(134)) - 78c23eae-0238-4f30-9c41-67238fcc5c5b: shutdown LeaderElection
2019-07-13 10:55:11,367 INFO  impl.RaftServerImpl (RaftServerImpl.java:setRole(171)) - 78c23eae-0238-4f30-9c41-67238fcc5c5b:group-83A06E21E8FA changes role from CANDIDATE to LEADER at term 1 for changeToLeader
2019-07-13 10:55:11,367 INFO  impl.RaftServerImpl (ServerState.java:setLeader(263)) - 78c23eae-0238-4f30-9c41-67238fcc5c5b:group-83A06E21E8FA change Leader from null to 78c23eae-0238-4f30-9c41-67238fcc5c5b at term 1 for becomeLeader, leader elected after 5077ms
2019-07-13 10:55:11,367 INFO  server.RaftServerConfigKeys (ConfUtils.java:logGet(43)) - raft.server.staging.catchup.gap = 1000 (default)
2019-07-13 10:55:11,367 INFO  server.RaftServerConfigKeys (ConfUtils.java:logGet(43)) - raft.server.rpc.sleep.time = 25ms (default)
2019-07-13 10:55:11,368 INFO  server.RaftServerConfigKeys (ConfUtils.java:logGet(43)) - raft.server.write.element-limit = 4096 (default)
2019-07-13 10:55:11,368 INFO  server.RaftServerConfigKeys (ConfUtils.java:logGet(43)) - raft.server.watch.timeout = 10s (default)
2019-07-13 10:55:11,368 INFO  server.RaftServerConfigKeys (ConfUtils.java:logGet(43)) - raft.server.watch.timeout.denomination = 1s (default)
2019-07-13 10:55:11,368 INFO  server.RaftServerConfigKeys (ConfUtils.java:logGet(43)) - raft.server.watch.element-limit = 65536 (default)
2019-07-13 10:55:11,368 INFO  server.RaftServerConfigKeys (ConfUtils.java:logGet(43)) - raft.server.log.appender.snapshot.chunk.size.max = 16MB (=16777216) (default)
2019-07-13 10:55:11,369 INFO  server.RaftServerConfigKeys (ConfUtils.java:logGet(43)) - raft.server.log.appender.buffer.byte-limit = 33554432 (custom)
2019-07-13 10:55:11,369 INFO  server.RaftServerConfigKeys (ConfUtils.java:logGet(43)) - raft.server.log.appender.buffer.element-limit = 1 (custom)
2019-07-13 10:55:11,369 INFO  grpc.GrpcConfigKeys$Server (ConfUtils.java:logGet(43)) - raft.grpc.server.leader.outstanding.appends.max = 128 (default)
2019-07-13 10:55:11,370 INFO  server.RaftServerConfigKeys (ConfUtils.java:logGet(43)) - raft.server.rpc.request.timeout = 3000ms (default)
2019-07-13 10:55:11,370 INFO  server.RaftServerConfigKeys (ConfUtils.java:logGet(43)) - raft.server.log.appender.install.snapshot.enabled = false (custom)
2019-07-13 10:55:11,370 INFO  server.RaftServerConfigKeys (ConfUtils.java:logGet(43)) - raft.server.log.appender.snapshot.chunk.size.max = 16MB (=16777216) (default)
2019-07-13 10:55:11,370 INFO  server.RaftServerConfigKeys (ConfUtils.java:logGet(43)) - raft.server.log.appender.buffer.byte-limit = 33554432 (custom)
2019-07-13 10:55:11,370 INFO  server.RaftServerConfigKeys (ConfUtils.java:logGet(43)) - raft.server.log.appender.buffer.element-limit = 1 (custom)
2019-07-13 10:55:11,371 INFO  grpc.GrpcConfigKeys$Server (ConfUtils.java:logGet(43)) - raft.grpc.server.leader.outstanding.appends.max = 128 (default)
2019-07-13 10:55:11,371 INFO  server.RaftServerConfigKeys (ConfUtils.java:logGet(43)) - raft.server.rpc.request.timeout = 3000ms (default)
2019-07-13 10:55:11,371 INFO  server.RaftServerConfigKeys (ConfUtils.java:logGet(43)) - raft.server.log.appender.install.snapshot.enabled = false (custom)
2019-07-13 10:55:11,371 INFO  impl.RoleInfo (RoleInfo.java:updateAndGet(143)) - 78c23eae-0238-4f30-9c41-67238fcc5c5b: start LeaderState
2019-07-13 10:55:11,372 INFO  segmented.SegmentedRaftLogWorker (SegmentedRaftLogWorker.java:startLogSegment(380)) - 78c23eae-0238-4f30-9c41-67238fcc5c5b-SegmentedRaftLogWorker:Storage Directory /tmp/workdir/hadoop-ozone/integration-test/target/test-dir/MiniOzoneClusterImpl-af2d7b69-d49e-4290-9a11-748f9d8a2c7f/datanode-3/data/ratis/70f76bdd-2a31-4062-8fa6-83a06e21e8fa: Starting segment from index:0
2019-07-13 10:55:11,373 INFO  impl.RaftServerImpl (ServerState.java:setRaftConf(361)) - 78c23eae-0238-4f30-9c41-67238fcc5c5b:group-83A06E21E8FA set configuration 0: [21a46591-6e6a-4cd8-b431-241423caeead:192.168.157.218:42921, e2d1d225-c837-405f-bac3-be921dc3c71c:192.168.157.218:43612, 78c23eae-0238-4f30-9c41-67238fcc5c5b:192.168.157.218:39923], old=null at 0
2019-07-13 10:55:11,401 INFO  impl.RaftServerImpl (ServerState.java:setLeader(263)) - 21a46591-6e6a-4cd8-b431-241423caeead:group-83A06E21E8FA change Leader from null to 78c23eae-0238-4f30-9c41-67238fcc5c5b at term 1 for appendEntries, leader elected after 5111ms
2019-07-13 10:55:11,401 INFO  impl.RaftServerImpl (ServerState.java:setLeader(263)) - e2d1d225-c837-405f-bac3-be921dc3c71c:group-83A06E21E8FA change Leader from null to 78c23eae-0238-4f30-9c41-67238fcc5c5b at term 1 for appendEntries, leader elected after 5111ms
2019-07-13 10:55:11,405 INFO  impl.RaftServerImpl (ServerState.java:setRaftConf(361)) - 21a46591-6e6a-4cd8-b431-241423caeead:group-83A06E21E8FA set configuration 0: [21a46591-6e6a-4cd8-b431-241423caeead:192.168.157.218:42921, e2d1d225-c837-405f-bac3-be921dc3c71c:192.168.157.218:43612, 78c23eae-0238-4f30-9c41-67238fcc5c5b:192.168.157.218:39923], old=null at 0
2019-07-13 10:55:11,405 INFO  segmented.SegmentedRaftLogWorker (SegmentedRaftLogWorker.java:startLogSegment(380)) - 21a46591-6e6a-4cd8-b431-241423caeead-SegmentedRaftLogWorker:Storage Directory /tmp/workdir/hadoop-ozone/integration-test/target/test-dir/MiniOzoneClusterImpl-af2d7b69-d49e-4290-9a11-748f9d8a2c7f/datanode-5/data/ratis/70f76bdd-2a31-4062-8fa6-83a06e21e8fa: Starting segment from index:0
2019-07-13 10:55:11,406 INFO  impl.RaftServerImpl (ServerState.java:setRaftConf(361)) - e2d1d225-c837-405f-bac3-be921dc3c71c:group-83A06E21E8FA set configuration 0: [21a46591-6e6a-4cd8-b431-241423caeead:192.168.157.218:42921, e2d1d225-c837-405f-bac3-be921dc3c71c:192.168.157.218:43612, 78c23eae-0238-4f30-9c41-67238fcc5c5b:192.168.157.218:39923], old=null at 0
2019-07-13 10:55:11,406 INFO  segmented.SegmentedRaftLogWorker (SegmentedRaftLogWorker.java:startLogSegment(380)) - e2d1d225-c837-405f-bac3-be921dc3c71c-SegmentedRaftLogWorker:Storage Directory /tmp/workdir/hadoop-ozone/integration-test/target/test-dir/MiniOzoneClusterImpl-af2d7b69-d49e-4290-9a11-748f9d8a2c7f/datanode-4/data/ratis/70f76bdd-2a31-4062-8fa6-83a06e21e8fa: Starting segment from index:0
2019-07-13 10:55:11,409 INFO  segmented.SegmentedRaftLogWorker (SegmentedRaftLogWorker.java:execute(569)) - 78c23eae-0238-4f30-9c41-67238fcc5c5b-SegmentedRaftLogWorker:Storage Directory /tmp/workdir/hadoop-ozone/integration-test/target/test-dir/MiniOzoneClusterImpl-af2d7b69-d49e-4290-9a11-748f9d8a2c7f/datanode-3/data/ratis/70f76bdd-2a31-4062-8fa6-83a06e21e8fa: created new log segment /tmp/workdir/hadoop-ozone/integration-test/target/test-dir/MiniOzoneClusterImpl-af2d7b69-d49e-4290-9a11-748f9d8a2c7f/datanode-3/data/ratis/70f76bdd-2a31-4062-8fa6-83a06e21e8fa/current/log_inprogress_0
2019-07-13 10:55:11,437 INFO  segmented.SegmentedRaftLogWorker (SegmentedRaftLogWorker.java:execute(569)) - e2d1d225-c837-405f-bac3-be921dc3c71c-SegmentedRaftLogWorker:Storage Directory /tmp/workdir/hadoop-ozone/integration-test/target/test-dir/MiniOzoneClusterImpl-af2d7b69-d49e-4290-9a11-748f9d8a2c7f/datanode-4/data/ratis/70f76bdd-2a31-4062-8fa6-83a06e21e8fa: created new log segment /tmp/workdir/hadoop-ozone/integration-test/target/test-dir/MiniOzoneClusterImpl-af2d7b69-d49e-4290-9a11-748f9d8a2c7f/datanode-4/data/ratis/70f76bdd-2a31-4062-8fa6-83a06e21e8fa/current/log_inprogress_0
2019-07-13 10:55:11,437 INFO  segmented.SegmentedRaftLogWorker (SegmentedRaftLogWorker.java:execute(569)) - 21a46591-6e6a-4cd8-b431-241423caeead-SegmentedRaftLogWorker:Storage Directory /tmp/workdir/hadoop-ozone/integration-test/target/test-dir/MiniOzoneClusterImpl-af2d7b69-d49e-4290-9a11-748f9d8a2c7f/datanode-5/data/ratis/70f76bdd-2a31-4062-8fa6-83a06e21e8fa: created new log segment /tmp/workdir/hadoop-ozone/integration-test/target/test-dir/MiniOzoneClusterImpl-af2d7b69-d49e-4290-9a11-748f9d8a2c7f/datanode-5/data/ratis/70f76bdd-2a31-4062-8fa6-83a06e21e8fa/current/log_inprogress_0
2019-07-13 10:55:11,554 INFO  impl.FollowerState (FollowerState.java:run(106)) - 3cda8b9e-59f6-45d0-9700-eb80ea55f4da:group-B72F4F3C57F7 changes to CANDIDATE, lastRpcTime:5085, electionTimeout:5085ms
2019-07-13 10:55:11,554 INFO  impl.RoleInfo (RoleInfo.java:shutdownFollowerState(121)) - 3cda8b9e-59f6-45d0-9700-eb80ea55f4da: shutdown FollowerState
2019-07-13 10:55:11,554 INFO  impl.RaftServerImpl (RaftServerImpl.java:setRole(171)) - 3cda8b9e-59f6-45d0-9700-eb80ea55f4da:group-B72F4F3C57F7 changes role from FOLLOWER to CANDIDATE at term 0 for changeToCandidate
2019-07-13 10:55:11,555 INFO  impl.RoleInfo (RoleInfo.java:updateAndGet(143)) - 3cda8b9e-59f6-45d0-9700-eb80ea55f4da: start LeaderElection
2019-07-13 10:55:11,582 INFO  impl.LeaderElection (LeaderElection.java:askForVotes(181)) - 3cda8b9e-59f6-45d0-9700-eb80ea55f4da:group-B72F4F3C57F7:LeaderElection20: begin an election at term 1 for -1: [3cda8b9e-59f6-45d0-9700-eb80ea55f4da:192.168.157.218:38543], old=null
2019-07-13 10:55:11,583 INFO  impl.RoleInfo (RoleInfo.java:shutdownLeaderElection(134)) - 3cda8b9e-59f6-45d0-9700-eb80ea55f4da: shutdown LeaderElection
2019-07-13 10:55:11,583 INFO  impl.RaftServerImpl (RaftServerImpl.java:setRole(171)) - 3cda8b9e-59f6-45d0-9700-eb80ea55f4da:group-B72F4F3C57F7 changes role from CANDIDATE to LEADER at term 1 for changeToLeader
2019-07-13 10:55:11,583 INFO  impl.RaftServerImpl (ServerState.java:setLeader(263)) - 3cda8b9e-59f6-45d0-9700-eb80ea55f4da:group-B72F4F3C57F7 change Leader from null to 3cda8b9e-59f6-45d0-9700-eb80ea55f4da at term 1 for becomeLeader, leader elected after 5134ms
2019-07-13 10:55:11,583 INFO  server.RaftServerConfigKeys (ConfUtils.java:logGet(43)) - raft.server.staging.catchup.gap = 1000 (default)
2019-07-13 10:55:11,583 INFO  server.RaftServerConfigKeys (ConfUtils.java:logGet(43)) - raft.server.rpc.sleep.time = 25ms (default)
2019-07-13 10:55:11,584 INFO  server.RaftServerConfigKeys (ConfUtils.java:logGet(43)) - raft.server.write.element-limit = 4096 (default)
2019-07-13 10:55:11,584 INFO  server.RaftServerConfigKeys (ConfUtils.java:logGet(43)) - raft.server.watch.timeout = 10s (default)
2019-07-13 10:55:11,584 INFO  server.RaftServerConfigKeys (ConfUtils.java:logGet(43)) - raft.server.watch.timeout.denomination = 1s (default)
2019-07-13 10:55:11,584 INFO  server.RaftServerConfigKeys (ConfUtils.java:logGet(43)) - raft.server.watch.element-limit = 65536 (default)
2019-07-13 10:55:11,584 INFO  impl.RoleInfo (RoleInfo.java:updateAndGet(143)) - 3cda8b9e-59f6-45d0-9700-eb80ea55f4da: start LeaderState
2019-07-13 10:55:11,585 INFO  segmented.SegmentedRaftLogWorker (SegmentedRaftLogWorker.java:startLogSegment(380)) - 3cda8b9e-59f6-45d0-9700-eb80ea55f4da-SegmentedRaftLogWorker:Storage Directory /tmp/workdir/hadoop-ozone/integration-test/target/test-dir/MiniOzoneClusterImpl-af2d7b69-d49e-4290-9a11-748f9d8a2c7f/datanode-6/data/ratis/a2fbe7aa-d3a6-4e4a-9d64-b72f4f3c57f7: Starting segment from index:0
2019-07-13 10:55:11,585 INFO  impl.RaftServerImpl (ServerState.java:setRaftConf(361)) - 3cda8b9e-59f6-45d0-9700-eb80ea55f4da:group-B72F4F3C57F7 set configuration 0: [3cda8b9e-59f6-45d0-9700-eb80ea55f4da:192.168.157.218:38543], old=null at 0
2019-07-13 10:55:11,621 INFO  segmented.SegmentedRaftLogWorker (SegmentedRaftLogWorker.java:execute(569)) - 3cda8b9e-59f6-45d0-9700-eb80ea55f4da-SegmentedRaftLogWorker:Storage Directory /tmp/workdir/hadoop-ozone/integration-test/target/test-dir/MiniOzoneClusterImpl-af2d7b69-d49e-4290-9a11-748f9d8a2c7f/datanode-6/data/ratis/a2fbe7aa-d3a6-4e4a-9d64-b72f4f3c57f7: created new log segment /tmp/workdir/hadoop-ozone/integration-test/target/test-dir/MiniOzoneClusterImpl-af2d7b69-d49e-4290-9a11-748f9d8a2c7f/datanode-6/data/ratis/a2fbe7aa-d3a6-4e4a-9d64-b72f4f3c57f7/current/log_inprogress_0
2019-07-13 10:55:11,917 INFO  client.GrpcClientProtocolClient (GrpcClientProtocolClient.java:onNext(255)) - client-95EE8C450A77->92a6e662-b1d3-4b00-aa21-55ca30f95d1a: receive RaftClientReply:client-95EE8C450A77->92a6e662-b1d3-4b00-aa21-55ca30f95d1a@group-A2EAAB2C6F08, cid=38, SUCCESS, logIndex=1, commits[92a6e662-b1d3-4b00-aa21-55ca30f95d1a:c2, dd49809b-afd6-45a0-bb24-8de0a4d65af2:c1, 79275473-252c-4e04-9cac-7eb987bd2a95:c1]
2019-07-13 10:55:11,918 INFO  datanode.ObjectStoreHandler (ObjectStoreHandler.java:close(155)) - Closing ObjectStoreHandler.
2019-07-13 10:55:11,920 INFO  ozone.HddsDatanodeService (HddsDatanodeService.java:stop(452)) - Stopped plug-in org.apache.hadoop.ozone.web.OzoneHddsDatanodeService@1c2dd89b
2019-07-13 10:55:11,968 INFO  statemachine.DatanodeStateMachine (DatanodeStateMachine.java:lambda$startDaemon$0(350)) - Ozone container server started.
2019-07-13 10:55:16,922 INFO  ozoneimpl.OzoneContainer (OzoneContainer.java:stop(199)) - Attempting to stop container services.
2019-07-13 10:55:16,924 INFO  impl.RaftServerProxy (RaftServerProxy.java:lambda$close$4(314)) - 79275473-252c-4e04-9cac-7eb987bd2a95: close
2019-07-13 10:55:16,926 INFO  impl.RaftServerImpl (RaftServerImpl.java:lambda$shutdown$3(245)) - 79275473-252c-4e04-9cac-7eb987bd2a95: shutdown group-E860EE266108
2019-07-13 10:55:16,926 INFO  impl.RaftServerImpl (RaftServerImpl.java:lambda$shutdown$3(245)) - 79275473-252c-4e04-9cac-7eb987bd2a95: shutdown group-A2EAAB2C6F08
2019-07-13 10:55:16,926 INFO  util.JmxRegister (JmxRegister.java:unregister(73)) - Successfully un-registered JMX Bean with object name Ratis:service=RaftServer,group=group-E860EE266108,id=79275473-252c-4e04-9cac-7eb987bd2a95
2019-07-13 10:55:16,927 INFO  util.JmxRegister (JmxRegister.java:unregister(73)) - Successfully un-registered JMX Bean with object name Ratis:service=RaftServer,group=group-A2EAAB2C6F08,id=79275473-252c-4e04-9cac-7eb987bd2a95
2019-07-13 10:55:16,927 INFO  impl.RoleInfo (RoleInfo.java:shutdownLeaderState(104)) - 79275473-252c-4e04-9cac-7eb987bd2a95: shutdown LeaderState
2019-07-13 10:55:16,927 INFO  impl.RoleInfo (RoleInfo.java:shutdownFollowerState(121)) - 79275473-252c-4e04-9cac-7eb987bd2a95: shutdown FollowerState
2019-07-13 10:55:16,928 INFO  impl.StateMachineUpdater (StateMachineUpdater.java:stopAndJoin(115)) - StateMachineUpdater:79275473-252c-4e04-9cac-7eb987bd2a95:group-A2EAAB2C6F08: set stopIndex = 2
2019-07-13 10:55:16,928 INFO  impl.PendingRequests (PendingRequests.java:sendNotLeaderResponses(202)) - 79275473-252c-4e04-9cac-7eb987bd2a95-PendingRequests: sendNotLeaderResponses
2019-07-13 10:55:16,928 INFO  ratis.ContainerStateMachine (ContainerStateMachine.java:takeSnapshot(246)) - Taking snapshot at termIndex:(t:1, i:1)
2019-07-13 10:55:16,928 INFO  impl.FollowerState (FollowerState.java:run(114)) - 79275473-252c-4e04-9cac-7eb987bd2a95: FollowerState was interrupted: java.lang.InterruptedException: sleep interrupted
2019-07-13 10:55:16,929 INFO  ratis.ContainerStateMachine (ContainerStateMachine.java:takeSnapshot(250)) - Taking a snapshot to file /tmp/workdir/hadoop-ozone/integration-test/target/test-dir/MiniOzoneClusterImpl-af2d7b69-d49e-4290-9a11-748f9d8a2c7f/datanode-0/data/ratis/56bc251e-fb0e-43ea-9c93-a2eaab2c6f08/sm/snapshot.1_1
2019-07-13 10:55:16,931 INFO  ratis.ContainerStateMachine (ContainerStateMachine.java:takeSnapshot(246)) - Taking snapshot at termIndex:(t:0, i:~)
2019-07-13 10:55:16,931 INFO  impl.StateMachineUpdater (StateMachineUpdater.java:stopAndJoin(115)) - StateMachineUpdater:79275473-252c-4e04-9cac-7eb987bd2a95:group-E860EE266108: set stopIndex = 0
2019-07-13 10:55:16,938 INFO  impl.RaftServerImpl (ServerState.java:close(394)) - 79275473-252c-4e04-9cac-7eb987bd2a95:group-E860EE266108 closes. The last applied log index is 0
2019-07-13 10:55:16,940 INFO  segmented.SegmentedRaftLogWorker (SegmentedRaftLogWorker.java:run(313)) - 79275473-252c-4e04-9cac-7eb987bd2a95-SegmentedRaftLogWorker:Storage Directory /tmp/workdir/hadoop-ozone/integration-test/target/test-dir/MiniOzoneClusterImpl-af2d7b69-d49e-4290-9a11-748f9d8a2c7f/datanode-0/data/ratis/371bf07f-1ff8-4191-91d2-e860ee266108 was interrupted, exiting. There are 0 tasks remaining in the queue.
2019-07-13 10:55:16,946 INFO  segmented.SegmentedRaftLogWorker (SegmentedRaftLogWorker.java:close(228)) - 79275473-252c-4e04-9cac-7eb987bd2a95-SegmentedRaftLogWorker:Storage Directory /tmp/workdir/hadoop-ozone/integration-test/target/test-dir/MiniOzoneClusterImpl-af2d7b69-d49e-4290-9a11-748f9d8a2c7f/datanode-0/data/ratis/371bf07f-1ff8-4191-91d2-e860ee266108 close()
2019-07-13 10:55:16,961 INFO  impl.StateMachineUpdater (StateMachineUpdater.java:takeSnapshot(242)) - StateMachineUpdater:79275473-252c-4e04-9cac-7eb987bd2a95:group-A2EAAB2C6F08: Took a snapshot at index 1
2019-07-13 10:55:16,961 INFO  impl.StateMachineUpdater (StateMachineUpdater.java:lambda$new$0(80)) - StateMachineUpdater:79275473-252c-4e04-9cac-7eb987bd2a95:group-A2EAAB2C6F08: snapshotIndex: updateIncreasingly -1 -> 1
2019-07-13 10:55:16,966 INFO  impl.RaftServerImpl (ServerState.java:close(394)) - 79275473-252c-4e04-9cac-7eb987bd2a95:group-A2EAAB2C6F08 closes. The last applied log index is 2
2019-07-13 10:55:16,967 INFO  segmented.SegmentedRaftLogWorker (SegmentedRaftLogWorker.java:run(313)) - 79275473-252c-4e04-9cac-7eb987bd2a95-SegmentedRaftLogWorker:Storage Directory /tmp/workdir/hadoop-ozone/integration-test/target/test-dir/MiniOzoneClusterImpl-af2d7b69-d49e-4290-9a11-748f9d8a2c7f/datanode-0/data/ratis/56bc251e-fb0e-43ea-9c93-a2eaab2c6f08 was interrupted, exiting. There are 0 tasks remaining in the queue.
2019-07-13 10:55:16,971 INFO  segmented.SegmentedRaftLogWorker (SegmentedRaftLogWorker.java:close(228)) - 79275473-252c-4e04-9cac-7eb987bd2a95-SegmentedRaftLogWorker:Storage Directory /tmp/workdir/hadoop-ozone/integration-test/target/test-dir/MiniOzoneClusterImpl-af2d7b69-d49e-4290-9a11-748f9d8a2c7f/datanode-0/data/ratis/56bc251e-fb0e-43ea-9c93-a2eaab2c6f08 close()
2019-07-13 10:55:16,978 INFO  server.GrpcService (GrpcService.java:closeImpl(155)) - 79275473-252c-4e04-9cac-7eb987bd2a95: shutdown server with port 45031 now
2019-07-13 10:55:16,983 INFO  server.GrpcService (GrpcService.java:closeImpl(163)) - 79275473-252c-4e04-9cac-7eb987bd2a95: shutdown server with port 45031 successfully
2019-07-13 10:55:16,984 WARN  server.GrpcServerProtocolService (LogUtils.java:warn(134)) - 79275473-252c-4e04-9cac-7eb987bd2a95: appendEntries onError: org.apache.ratis.thirdparty.io.grpc.StatusRuntimeException: CANCELLED: cancelled before receiving half close
2019-07-13 10:55:16,985 WARN  server.GrpcLogAppender (LogUtils.java:warn(134)) - 92a6e662-b1d3-4b00-aa21-55ca30f95d1a->79275473-252c-4e04-9cac-7eb987bd2a95: Failed appendEntries: org.apache.ratis.thirdparty.io.grpc.StatusRuntimeException: CANCELLED: HTTP/2 error code: CANCEL
Received Rst Stream
2019-07-13 10:55:16,990 INFO  utils.BackgroundService (BackgroundService.java:shutdown(148)) - Shutting down service BlockDeletingService
2019-07-13 10:55:16,991 INFO  impl.FollowerInfo (FollowerInfo.java:lambda$new$0(50)) - 92a6e662-b1d3-4b00-aa21-55ca30f95d1a->79275473-252c-4e04-9cac-7eb987bd2a95: nextIndex: updateUnconditionally 3 -> 2
2019-07-13 10:55:16,992 WARN  fs.CachingGetSpaceUsed (CachingGetSpaceUsed.java:run(183)) - Thread Interrupted waiting to refresh disk information: sleep interrupted
2019-07-13 10:55:17,018 INFO  statemachine.DatanodeStateMachine (DatanodeStateMachine.java:stopDaemon(395)) - Ozone container server stopped.
2019-07-13 10:55:17,045 INFO  handler.ContextHandler (ContextHandler.java:doStop(910)) - Stopped o.e.j.w.WebAppContext@738a815c{/,null,UNAVAILABLE}{/hddsDatanode}
2019-07-13 10:55:17,054 INFO  server.AbstractConnector (AbstractConnector.java:doStop(318)) - Stopped ServerConnector@2565a7d0{HTTP/1.1,[http/1.1]}{0.0.0.0:0}
2019-07-13 10:55:17,054 INFO  handler.ContextHandler (ContextHandler.java:doStop(910)) - Stopped o.e.j.s.ServletContextHandler@286866cb{/static,jar:file:/home/user/.m2/repository/org/apache/hadoop/hadoop-hdds-container-service/0.5.0-SNAPSHOT/hadoop-hdds-container-service-0.5.0-SNAPSHOT.jar!/webapps/static,UNAVAILABLE}
2019-07-13 10:55:17,055 INFO  handler.ContextHandler (ContextHandler.java:doStop(910)) - Stopped o.e.j.s.ServletContextHandler@7e848aea{/logs,file:///tmp/workdir/hadoop-ozone/integration-test/target/log,UNAVAILABLE}
2019-07-13 10:55:17,057 INFO  datanode.ObjectStoreHandler (ObjectStoreHandler.java:close(155)) - Closing ObjectStoreHandler.
2019-07-13 10:55:17,058 INFO  ozone.HddsDatanodeService (HddsDatanodeService.java:stop(452)) - Stopped plug-in org.apache.hadoop.ozone.web.OzoneHddsDatanodeService@79b63325
2019-07-13 10:55:17,974 INFO  statemachine.DatanodeStateMachine (DatanodeStateMachine.java:lambda$startDaemon$0(350)) - Ozone container server started.
2019-07-13 10:55:19,411 WARN  server.GrpcLogAppender (LogUtils.java:warn(134)) - 92a6e662-b1d3-4b00-aa21-55ca30f95d1a->79275473-252c-4e04-9cac-7eb987bd2a95: Failed appendEntries: org.apache.ratis.thirdparty.io.grpc.StatusRuntimeException: UNAVAILABLE: io exception
2019-07-13 10:55:19,418 INFO  impl.FollowerInfo (FollowerInfo.java:lambda$new$0(50)) - 92a6e662-b1d3-4b00-aa21-55ca30f95d1a->79275473-252c-4e04-9cac-7eb987bd2a95: nextIndex: updateUnconditionally 2 -> 1
2019-07-13 10:55:21,903 WARN  server.GrpcLogAppender (LogUtils.java:warn(134)) - 92a6e662-b1d3-4b00-aa21-55ca30f95d1a->79275473-252c-4e04-9cac-7eb987bd2a95: Failed appendEntries: org.apache.ratis.thirdparty.io.grpc.StatusRuntimeException: UNAVAILABLE: io exception
2019-07-13 10:55:21,913 INFO  impl.FollowerInfo (FollowerInfo.java:lambda$new$0(50)) - 92a6e662-b1d3-4b00-aa21-55ca30f95d1a->79275473-252c-4e04-9cac-7eb987bd2a95: nextIndex: updateUnconditionally 1 -> 0
2019-07-13 10:55:22,059 INFO  ozoneimpl.OzoneContainer (OzoneContainer.java:stop(199)) - Attempting to stop container services.
2019-07-13 10:55:22,059 INFO  impl.RaftServerProxy (RaftServerProxy.java:lambda$close$4(314)) - dd49809b-afd6-45a0-bb24-8de0a4d65af2: close
2019-07-13 10:55:22,060 INFO  impl.RaftServerImpl (RaftServerImpl.java:lambda$shutdown$3(245)) - dd49809b-afd6-45a0-bb24-8de0a4d65af2: shutdown group-50EFDE38C4DD
2019-07-13 10:55:22,060 INFO  impl.RaftServerImpl (RaftServerImpl.java:lambda$shutdown$3(245)) - dd49809b-afd6-45a0-bb24-8de0a4d65af2: shutdown group-A2EAAB2C6F08
2019-07-13 10:55:22,061 INFO  util.JmxRegister (JmxRegister.java:unregister(73)) - Successfully un-registered JMX Bean with object name Ratis:service=RaftServer,group=group-50EFDE38C4DD,id=dd49809b-afd6-45a0-bb24-8de0a4d65af2
2019-07-13 10:55:22,061 INFO  util.JmxRegister (JmxRegister.java:unregister(73)) - Successfully un-registered JMX Bean with object name Ratis:service=RaftServer,group=group-A2EAAB2C6F08,id=dd49809b-afd6-45a0-bb24-8de0a4d65af2
2019-07-13 10:55:22,061 INFO  impl.RoleInfo (RoleInfo.java:shutdownLeaderState(104)) - dd49809b-afd6-45a0-bb24-8de0a4d65af2: shutdown LeaderState
2019-07-13 10:55:22,061 INFO  impl.RoleInfo (RoleInfo.java:shutdownFollowerState(121)) - dd49809b-afd6-45a0-bb24-8de0a4d65af2: shutdown FollowerState
2019-07-13 10:55:22,062 INFO  impl.PendingRequests (PendingRequests.java:sendNotLeaderResponses(202)) - dd49809b-afd6-45a0-bb24-8de0a4d65af2-PendingRequests: sendNotLeaderResponses
2019-07-13 10:55:22,062 INFO  ratis.ContainerStateMachine (ContainerStateMachine.java:takeSnapshot(246)) - Taking snapshot at termIndex:(t:1, i:1)
2019-07-13 10:55:22,063 INFO  impl.StateMachineUpdater (StateMachineUpdater.java:stopAndJoin(115)) - StateMachineUpdater:dd49809b-afd6-45a0-bb24-8de0a4d65af2:group-50EFDE38C4DD: set stopIndex = 0
2019-07-13 10:55:22,062 INFO  impl.FollowerState (FollowerState.java:run(114)) - dd49809b-afd6-45a0-bb24-8de0a4d65af2: FollowerState was interrupted: java.lang.InterruptedException: sleep interrupted
2019-07-13 10:55:22,062 INFO  impl.StateMachineUpdater (StateMachineUpdater.java:stopAndJoin(115)) - StateMachineUpdater:dd49809b-afd6-45a0-bb24-8de0a4d65af2:group-A2EAAB2C6F08: set stopIndex = 2
2019-07-13 10:55:22,063 INFO  ratis.ContainerStateMachine (ContainerStateMachine.java:takeSnapshot(246)) - Taking snapshot at termIndex:(t:0, i:~)
2019-07-13 10:55:22,063 INFO  ratis.ContainerStateMachine (ContainerStateMachine.java:takeSnapshot(250)) - Taking a snapshot to file /tmp/workdir/hadoop-ozone/integration-test/target/test-dir/MiniOzoneClusterImpl-af2d7b69-d49e-4290-9a11-748f9d8a2c7f/datanode-1/data/ratis/56bc251e-fb0e-43ea-9c93-a2eaab2c6f08/sm/snapshot.1_1
2019-07-13 10:55:22,064 INFO  impl.RaftServerImpl (ServerState.java:close(394)) - dd49809b-afd6-45a0-bb24-8de0a4d65af2:group-50EFDE38C4DD closes. The last applied log index is 0
2019-07-13 10:55:22,064 INFO  impl.StateMachineUpdater (StateMachineUpdater.java:takeSnapshot(242)) - StateMachineUpdater:dd49809b-afd6-45a0-bb24-8de0a4d65af2:group-A2EAAB2C6F08: Took a snapshot at index 1
2019-07-13 10:55:22,064 INFO  segmented.SegmentedRaftLogWorker (SegmentedRaftLogWorker.java:run(313)) - dd49809b-afd6-45a0-bb24-8de0a4d65af2-SegmentedRaftLogWorker:Storage Directory /tmp/workdir/hadoop-ozone/integration-test/target/test-dir/MiniOzoneClusterImpl-af2d7b69-d49e-4290-9a11-748f9d8a2c7f/datanode-1/data/ratis/c72132a9-196c-47b6-b80d-50efde38c4dd was interrupted, exiting. There are 0 tasks remaining in the queue.
2019-07-13 10:55:22,064 INFO  impl.StateMachineUpdater (StateMachineUpdater.java:lambda$new$0(80)) - StateMachineUpdater:dd49809b-afd6-45a0-bb24-8de0a4d65af2:group-A2EAAB2C6F08: snapshotIndex: updateIncreasingly -1 -> 1
2019-07-13 10:55:22,069 INFO  segmented.SegmentedRaftLogWorker (SegmentedRaftLogWorker.java:close(228)) - dd49809b-afd6-45a0-bb24-8de0a4d65af2-SegmentedRaftLogWorker:Storage Directory /tmp/workdir/hadoop-ozone/integration-test/target/test-dir/MiniOzoneClusterImpl-af2d7b69-d49e-4290-9a11-748f9d8a2c7f/datanode-1/data/ratis/c72132a9-196c-47b6-b80d-50efde38c4dd close()
2019-07-13 10:55:22,069 INFO  impl.RaftServerImpl (ServerState.java:close(394)) - dd49809b-afd6-45a0-bb24-8de0a4d65af2:group-A2EAAB2C6F08 closes. The last applied log index is 2
2019-07-13 10:55:22,077 INFO  segmented.SegmentedRaftLogWorker (SegmentedRaftLogWorker.java:run(313)) - dd49809b-afd6-45a0-bb24-8de0a4d65af2-SegmentedRaftLogWorker:Storage Directory /tmp/workdir/hadoop-ozone/integration-test/target/test-dir/MiniOzoneClusterImpl-af2d7b69-d49e-4290-9a11-748f9d8a2c7f/datanode-1/data/ratis/56bc251e-fb0e-43ea-9c93-a2eaab2c6f08 was interrupted, exiting. There are 0 tasks remaining in the queue.
2019-07-13 10:55:22,081 INFO  segmented.SegmentedRaftLogWorker (SegmentedRaftLogWorker.java:close(228)) - dd49809b-afd6-45a0-bb24-8de0a4d65af2-SegmentedRaftLogWorker:Storage Directory /tmp/workdir/hadoop-ozone/integration-test/target/test-dir/MiniOzoneClusterImpl-af2d7b69-d49e-4290-9a11-748f9d8a2c7f/datanode-1/data/ratis/56bc251e-fb0e-43ea-9c93-a2eaab2c6f08 close()
2019-07-13 10:55:22,089 INFO  server.GrpcService (GrpcService.java:closeImpl(155)) - dd49809b-afd6-45a0-bb24-8de0a4d65af2: shutdown server with port 33745 now
2019-07-13 10:55:22,090 WARN  server.GrpcServerProtocolService (LogUtils.java:warn(134)) - dd49809b-afd6-45a0-bb24-8de0a4d65af2: appendEntries onError: org.apache.ratis.thirdparty.io.grpc.StatusRuntimeException: CANCELLED: cancelled before receiving half close
2019-07-13 10:55:22,090 INFO  server.GrpcService (GrpcService.java:closeImpl(163)) - dd49809b-afd6-45a0-bb24-8de0a4d65af2: shutdown server with port 33745 successfully
2019-07-13 10:55:22,090 WARN  server.GrpcLogAppender (LogUtils.java:warn(134)) - 92a6e662-b1d3-4b00-aa21-55ca30f95d1a->dd49809b-afd6-45a0-bb24-8de0a4d65af2: Failed appendEntries: org.apache.ratis.thirdparty.io.grpc.StatusRuntimeException: CANCELLED: HTTP/2 error code: CANCEL
Received Rst Stream
2019-07-13 10:55:22,095 INFO  impl.FollowerInfo (FollowerInfo.java:lambda$new$0(50)) - 92a6e662-b1d3-4b00-aa21-55ca30f95d1a->dd49809b-afd6-45a0-bb24-8de0a4d65af2: nextIndex: updateUnconditionally 3 -> 2
2019-07-13 10:55:22,096 INFO  utils.BackgroundService (BackgroundService.java:shutdown(148)) - Shutting down service BlockDeletingService
2019-07-13 10:55:22,098 WARN  fs.CachingGetSpaceUsed (CachingGetSpaceUsed.java:run(183)) - Thread Interrupted waiting to refresh disk information: sleep interrupted
2019-07-13 10:55:22,126 INFO  statemachine.DatanodeStateMachine (DatanodeStateMachine.java:stopDaemon(395)) - Ozone container server stopped.
2019-07-13 10:55:22,127 INFO  handler.ContextHandler (ContextHandler.java:doStop(910)) - Stopped o.e.j.w.WebAppContext@45796b2a{/,null,UNAVAILABLE}{/hddsDatanode}
2019-07-13 10:55:22,128 INFO  server.AbstractConnector (AbstractConnector.java:doStop(318)) - Stopped ServerConnector@4b98225c{HTTP/1.1,[http/1.1]}{0.0.0.0:0}
2019-07-13 10:55:22,128 INFO  handler.ContextHandler (ContextHandler.java:doStop(910)) - Stopped o.e.j.s.ServletContextHandler@26a45089{/static,jar:file:/home/user/.m2/repository/org/apache/hadoop/hadoop-hdds-container-service/0.5.0-SNAPSHOT/hadoop-hdds-container-service-0.5.0-SNAPSHOT.jar!/webapps/static,UNAVAILABLE}
2019-07-13 10:55:22,129 INFO  handler.ContextHandler (ContextHandler.java:doStop(910)) - Stopped o.e.j.s.ServletContextHandler@844e66d{/logs,file:///tmp/workdir/hadoop-ozone/integration-test/target/log,UNAVAILABLE}
2019-07-13 10:55:22,160 INFO  client.GrpcClientProtocolClient (GrpcClientProtocolClient.java:onNext(255)) - client-95EE8C450A77->92a6e662-b1d3-4b00-aa21-55ca30f95d1a: receive RaftClientReply:client-95EE8C450A77->92a6e662-b1d3-4b00-aa21-55ca30f95d1a@group-A2EAAB2C6F08, cid=39, SUCCESS, logIndex=0, commits[92a6e662-b1d3-4b00-aa21-55ca30f95d1a:c2, dd49809b-afd6-45a0-bb24-8de0a4d65af2:c2, 79275473-252c-4e04-9cac-7eb987bd2a95:c2]
]]></system-out>
    <system-err><![CDATA[Jul 13, 2019 10:55:00 AM com.sun.jersey.server.impl.application.WebApplicationImpl _initiate
INFO: Initiating Jersey application, version 'Jersey: 1.19 02/11/2015 03:25 AM'
Jul 13, 2019 10:55:01 AM com.sun.jersey.server.impl.application.WebApplicationImpl _initiate
INFO: Initiating Jersey application, version 'Jersey: 1.19 02/11/2015 03:25 AM'
Jul 13, 2019 10:55:01 AM com.sun.jersey.server.impl.application.WebApplicationImpl _initiate
INFO: Initiating Jersey application, version 'Jersey: 1.19 02/11/2015 03:25 AM'
Jul 13, 2019 10:55:01 AM com.sun.jersey.server.impl.application.WebApplicationImpl _initiate
INFO: Initiating Jersey application, version 'Jersey: 1.19 02/11/2015 03:25 AM'
Jul 13, 2019 10:55:01 AM com.sun.jersey.server.impl.application.WebApplicationImpl _initiate
INFO: Initiating Jersey application, version 'Jersey: 1.19 02/11/2015 03:25 AM'
Jul 13, 2019 10:55:02 AM com.sun.jersey.server.impl.application.WebApplicationImpl _initiate
INFO: Initiating Jersey application, version 'Jersey: 1.19 02/11/2015 03:25 AM'
Jul 13, 2019 10:55:02 AM com.sun.jersey.server.impl.application.WebApplicationImpl _initiate
INFO: Initiating Jersey application, version 'Jersey: 1.19 02/11/2015 03:25 AM'
]]></system-err>
  </testcase>
  <testcase name="testWatchForCommitForRetryfailure" classname="org.apache.hadoop.ozone.client.rpc.TestWatchForCommit" time="52.924"/>
  <testcase name="testWatchForCommitForGroupMismatchException" classname="org.apache.hadoop.ozone.client.rpc.TestWatchForCommit" time="33.614"/>
  <testcase name="test2WayCommitForTimeoutException" classname="org.apache.hadoop.ozone.client.rpc.TestWatchForCommit" time="36.523"/>
  <testcase name="test2WayCommitForRetryfailure" classname="org.apache.hadoop.ozone.client.rpc.TestWatchForCommit" time="44.191"/>
</testsuite>