<?xml version="1.0" encoding="UTF-8"?>
<testsuite xmlns:xsi="http://www.w3.org/2001/XMLSchema-instance" xsi:noNamespaceSchemaLocation="https://maven.apache.org/surefire/maven-surefire-plugin/xsd/surefire-test-report.xsd" name="org.apache.hadoop.ozone.client.rpc.TestOzoneClientRetriesOnException" time="98.133" tests="2" errors="1" skipped="0" failures="0">
  <properties>
    <property name="awt.toolkit" value="sun.awt.X11.XToolkit"/>
    <property name="file.encoding.pkg" value="sun.io"/>
    <property name="java.specification.version" value="1.8"/>
    <property name="sun.cpu.isalist" value=""/>
    <property name="sun.jnu.encoding" value="UTF-8"/>
    <property name="java.class.path" value="/tmp/workdir/hadoop-ozone/integration-test/target/test-classes:/tmp/workdir/hadoop-ozone/integration-test/target/classes:/home/user/.m2/repository/org/apache/hadoop/hadoop-ozone-common/0.5.0-SNAPSHOT/hadoop-ozone-common-0.5.0-SNAPSHOT.jar:/home/user/.m2/repository/org/apache/commons/commons-compress/1.4.1/commons-compress-1.4.1.jar:/home/user/.m2/repository/org/tukaani/xz/1.0/xz-1.0.jar:/home/user/.m2/repository/org/apache/hadoop/hadoop-common/3.2.0/hadoop-common-3.2.0.jar:/home/user/.m2/repository/org/apache/hadoop/hadoop-hdfs/3.2.0/hadoop-hdfs-3.2.0.jar:/home/user/.m2/repository/org/apache/hadoop/hadoop-hdfs-client/3.2.0/hadoop-hdfs-client-3.2.0.jar:/home/user/.m2/repository/com/fasterxml/jackson/core/jackson-annotations/2.9.5/jackson-annotations-2.9.5.jar:/home/user/.m2/repository/org/apache/hadoop/hadoop-hdds-common/0.5.0-SNAPSHOT/hadoop-hdds-common-0.5.0-SNAPSHOT.jar:/home/user/.m2/repository/javax/annotation/javax.annotation-api/1.2/javax.annotation-api-1.2.jar:/home/user/.m2/repository/org/apache/ratis/ratis-server/0.4.0-2337318-SNAPSHOT/ratis-server-0.4.0-2337318-SNAPSHOT.jar:/home/user/.m2/repository/org/apache/ratis/ratis-thirdparty-misc/0.2.0/ratis-thirdparty-misc-0.2.0.jar:/home/user/.m2/repository/org/apache/ratis/ratis-proto/0.4.0-2337318-SNAPSHOT/ratis-proto-0.4.0-2337318-SNAPSHOT.jar:/home/user/.m2/repository/org/apache/ratis/ratis-common/0.4.0-2337318-SNAPSHOT/ratis-common-0.4.0-2337318-SNAPSHOT.jar:/home/user/.m2/repository/org/apache/ratis/ratis-client/0.4.0-2337318-SNAPSHOT/ratis-client-0.4.0-2337318-SNAPSHOT.jar:/home/user/.m2/repository/org/apache/ratis/ratis-metrics/0.4.0-2337318-SNAPSHOT/ratis-metrics-0.4.0-2337318-SNAPSHOT.jar:/home/user/.m2/repository/org/apache/ratis/ratis-netty/0.4.0-2337318-SNAPSHOT/ratis-netty-0.4.0-2337318-SNAPSHOT.jar:/home/user/.m2/repository/org/apache/ratis/ratis-grpc/0.4.0-2337318-SNAPSHOT/ratis-grpc-0.4.0-2337318-SNAPSHOT.jar:/home/user/.m2/repository/org/rocksdb/rocksdbjni/6.0.1/rocksdbjni-6.0.1.jar:/home/user/.m2/repository/org/apache/logging/log4j/log4j-api/2.11.0/log4j-api-2.11.0.jar:/home/user/.m2/repository/org/apache/logging/log4j/log4j-core/2.11.0/log4j-core-2.11.0.jar:/home/user/.m2/repository/com/lmax/disruptor/3.4.2/disruptor-3.4.2.jar:/home/user/.m2/repository/org/apache/commons/commons-pool2/2.6.0/commons-pool2-2.6.0.jar:/home/user/.m2/repository/org/bouncycastle/bcpkix-jdk15on/1.60/bcpkix-jdk15on-1.60.jar:/home/user/.m2/repository/commons-validator/commons-validator/1.6/commons-validator-1.6.jar:/home/user/.m2/repository/commons-digester/commons-digester/1.8.1/commons-digester-1.8.1.jar:/home/user/.m2/repository/io/jaegertracing/jaeger-client/0.33.1/jaeger-client-0.33.1.jar:/home/user/.m2/repository/io/jaegertracing/jaeger-thrift/0.33.1/jaeger-thrift-0.33.1.jar:/home/user/.m2/repository/org/apache/thrift/libthrift/0.11.0/libthrift-0.11.0.jar:/home/user/.m2/repository/com/squareup/okhttp3/okhttp/3.9.0/okhttp-3.9.0.jar:/home/user/.m2/repository/com/squareup/okio/okio/1.13.0/okio-1.13.0.jar:/home/user/.m2/repository/io/jaegertracing/jaeger-core/0.33.1/jaeger-core-0.33.1.jar:/home/user/.m2/repository/io/jaegertracing/jaeger-tracerresolver/0.33.1/jaeger-tracerresolver-0.33.1.jar:/home/user/.m2/repository/io/opentracing/contrib/opentracing-tracerresolver/0.1.5/opentracing-tracerresolver-0.1.5.jar:/home/user/.m2/repository/io/opentracing/opentracing-util/0.31.0/opentracing-util-0.31.0.jar:/home/user/.m2/repository/io/opentracing/opentracing-api/0.31.0/opentracing-api-0.31.0.jar:/home/user/.m2/repository/io/opentracing/opentracing-noop/0.31.0/opentracing-noop-0.31.0.jar:/home/user/.m2/repository/org/apache/hadoop/hadoop-hdds-server-framework/0.5.0-SNAPSHOT/hadoop-hdds-server-framework-0.5.0-SNAPSHOT.jar:/home/user/.m2/repository/org/apache/hadoop/hadoop-hdds-container-service/0.5.0-SNAPSHOT/hadoop-hdds-container-service-0.5.0-SNAPSHOT.jar:/home/user/.m2/repository/org/apache/hadoop/hadoop-hdds-client/0.5.0-SNAPSHOT/hadoop-hdds-client-0.5.0-SNAPSHOT.jar:/home/user/.m2/repository/org/apache/hadoop/hadoop-hdds-tools/0.5.0-SNAPSHOT/hadoop-hdds-tools-0.5.0-SNAPSHOT.jar:/home/user/.m2/repository/org/apache/hadoop/hadoop-hdds-server-scm/0.5.0-SNAPSHOT/hadoop-hdds-server-scm-0.5.0-SNAPSHOT.jar:/home/user/.m2/repository/org/apache/hadoop/hadoop-hdds-docs/0.5.0-SNAPSHOT/hadoop-hdds-docs-0.5.0-SNAPSHOT.jar:/home/user/.m2/repository/io/dropwizard/metrics/metrics-core/3.2.4/metrics-core-3.2.4.jar:/home/user/.m2/repository/org/hamcrest/hamcrest-all/1.3/hamcrest-all-1.3.jar:/home/user/.m2/repository/org/bouncycastle/bcprov-jdk15on/1.60/bcprov-jdk15on-1.60.jar:/home/user/.m2/repository/info/picocli/picocli/3.9.6/picocli-3.9.6.jar:/home/user/.m2/repository/com/google/protobuf/protobuf-java/2.5.0/protobuf-java-2.5.0.jar:/home/user/.m2/repository/com/google/guava/guava/11.0.2/guava-11.0.2.jar:/home/user/.m2/repository/org/apache/hadoop/hadoop-ozone-ozone-manager/0.5.0-SNAPSHOT/hadoop-ozone-ozone-manager-0.5.0-SNAPSHOT.jar:/home/user/.m2/repository/org/apache/hadoop/hadoop-minikdc/3.2.0/hadoop-minikdc-3.2.0.jar:/home/user/.m2/repository/commons-io/commons-io/2.5/commons-io-2.5.jar:/home/user/.m2/repository/org/apache/kerby/kerb-simplekdc/1.0.1/kerb-simplekdc-1.0.1.jar:/home/user/.m2/repository/org/apache/kerby/kerb-client/1.0.1/kerb-client-1.0.1.jar:/home/user/.m2/repository/org/apache/kerby/kerby-config/1.0.1/kerby-config-1.0.1.jar:/home/user/.m2/repository/org/apache/kerby/kerb-core/1.0.1/kerb-core-1.0.1.jar:/home/user/.m2/repository/org/apache/kerby/kerby-pkix/1.0.1/kerby-pkix-1.0.1.jar:/home/user/.m2/repository/org/apache/kerby/kerby-asn1/1.0.1/kerby-asn1-1.0.1.jar:/home/user/.m2/repository/org/apache/kerby/kerby-util/1.0.1/kerby-util-1.0.1.jar:/home/user/.m2/repository/org/apache/kerby/kerb-common/1.0.1/kerb-common-1.0.1.jar:/home/user/.m2/repository/org/apache/kerby/kerb-crypto/1.0.1/kerb-crypto-1.0.1.jar:/home/user/.m2/repository/org/apache/kerby/kerb-util/1.0.1/kerb-util-1.0.1.jar:/home/user/.m2/repository/org/apache/kerby/token-provider/1.0.1/token-provider-1.0.1.jar:/home/user/.m2/repository/org/apache/kerby/kerb-admin/1.0.1/kerb-admin-1.0.1.jar:/home/user/.m2/repository/org/apache/kerby/kerb-server/1.0.1/kerb-server-1.0.1.jar:/home/user/.m2/repository/org/apache/kerby/kerb-identity/1.0.1/kerb-identity-1.0.1.jar:/home/user/.m2/repository/org/apache/kerby/kerby-xdr/1.0.1/kerby-xdr-1.0.1.jar:/home/user/.m2/repository/org/slf4j/slf4j-log4j12/1.7.25/slf4j-log4j12-1.7.25.jar:/home/user/.m2/repository/org/apache/hadoop/hadoop-ozone-objectstore-service/0.5.0-SNAPSHOT/hadoop-ozone-objectstore-service-0.5.0-SNAPSHOT.jar:/home/user/.m2/repository/org/apache/hadoop/hadoop-ozone-s3gateway/0.5.0-SNAPSHOT/hadoop-ozone-s3gateway-0.5.0-SNAPSHOT.jar:/home/user/.m2/repository/org/jboss/weld/servlet/weld-servlet/2.4.7.Final/weld-servlet-2.4.7.Final.jar:/home/user/.m2/repository/org/glassfish/jersey/containers/jersey-container-servlet-core/2.27/jersey-container-servlet-core-2.27.jar:/home/user/.m2/repository/org/glassfish/hk2/external/javax.inject/2.5.0-b42/javax.inject-2.5.0-b42.jar:/home/user/.m2/repository/org/glassfish/jersey/core/jersey-common/2.27/jersey-common-2.27.jar:/home/user/.m2/repository/org/glassfish/hk2/osgi-resource-locator/1.0.1/osgi-resource-locator-1.0.1.jar:/home/user/.m2/repository/javax/ws/rs/javax.ws.rs-api/2.1/javax.ws.rs-api-2.1.jar:/home/user/.m2/repository/org/glassfish/jersey/ext/cdi/jersey-cdi1x/2.27/jersey-cdi1x-2.27.jar:/home/user/.m2/repository/org/glassfish/jersey/inject/jersey-hk2/2.27/jersey-hk2-2.27.jar:/home/user/.m2/repository/org/glassfish/hk2/hk2-locator/2.5.0-b42/hk2-locator-2.5.0-b42.jar:/home/user/.m2/repository/org/javassist/javassist/3.22.0-CR2/javassist-3.22.0-CR2.jar:/home/user/.m2/repository/org/glassfish/hk2/hk2-api/2.5.0/hk2-api-2.5.0.jar:/home/user/.m2/repository/org/glassfish/hk2/external/jakarta.inject/2.5.0/jakarta.inject-2.5.0.jar:/home/user/.m2/repository/org/glassfish/hk2/hk2-utils/2.5.0/hk2-utils-2.5.0.jar:/home/user/.m2/repository/jakarta/annotation/jakarta.annotation-api/1.3.4/jakarta.annotation-api-1.3.4.jar:/home/user/.m2/repository/org/glassfish/hk2/external/aopalliance-repackaged/2.5.0/aopalliance-repackaged-2.5.0.jar:/home/user/.m2/repository/com/fasterxml/jackson/dataformat/jackson-dataformat-xml/2.9.0/jackson-dataformat-xml-2.9.0.jar:/home/user/.m2/repository/com/fasterxml/jackson/core/jackson-core/2.9.5/jackson-core-2.9.5.jar:/home/user/.m2/repository/com/fasterxml/jackson/module/jackson-module-jaxb-annotations/2.9.5/jackson-module-jaxb-annotations-2.9.5.jar:/home/user/.m2/repository/javax/enterprise/cdi-api/1.2/cdi-api-1.2.jar:/home/user/.m2/repository/javax/el/javax.el-api/3.0.0/javax.el-api-3.0.0.jar:/home/user/.m2/repository/javax/interceptor/javax.interceptor-api/1.2/javax.interceptor-api-1.2.jar:/home/user/.m2/repository/javax/inject/javax.inject/1/javax.inject-1.jar:/home/user/.m2/repository/com/sun/xml/bind/jaxb-impl/2.3.0.1/jaxb-impl-2.3.0.1.jar:/home/user/.m2/repository/com/sun/xml/bind/jaxb-core/2.3.0.1/jaxb-core-2.3.0.1.jar:/home/user/.m2/repository/javax/xml/bind/jaxb-api/2.3.0/jaxb-api-2.3.0.jar:/home/user/.m2/repository/javax/activation/activation/1.1.1/activation-1.1.1.jar:/home/user/.m2/repository/org/apache/hadoop/hadoop-ozone-csi/0.5.0-SNAPSHOT/hadoop-ozone-csi-0.5.0-SNAPSHOT.jar:/home/user/.m2/repository/com/google/protobuf/protobuf-java-util/3.5.1/protobuf-java-util-3.5.1.jar:/home/user/.m2/repository/org/apache/hadoop/hadoop-hdds-config/0.5.0-SNAPSHOT/hadoop-hdds-config-0.5.0-SNAPSHOT.jar:/home/user/.m2/repository/io/grpc/grpc-netty/1.17.1/grpc-netty-1.17.1.jar:/home/user/.m2/repository/io/grpc/grpc-core/1.17.1/grpc-core-1.17.1.jar:/home/user/.m2/repository/io/grpc/grpc-context/1.17.1/grpc-context-1.17.1.jar:/home/user/.m2/repository/com/google/errorprone/error_prone_annotations/2.2.0/error_prone_annotations-2.2.0.jar:/home/user/.m2/repository/org/codehaus/mojo/animal-sniffer-annotations/1.17/animal-sniffer-annotations-1.17.jar:/home/user/.m2/repository/io/opencensus/opencensus-api/0.17.0/opencensus-api-0.17.0.jar:/home/user/.m2/repository/io/opencensus/opencensus-contrib-grpc-metrics/0.17.0/opencensus-contrib-grpc-metrics-0.17.0.jar:/home/user/.m2/repository/io/netty/netty-codec-http2/4.1.30.Final/netty-codec-http2-4.1.30.Final.jar:/home/user/.m2/repository/io/netty/netty-codec-http/4.1.30.Final/netty-codec-http-4.1.30.Final.jar:/home/user/.m2/repository/io/netty/netty-codec/4.1.30.Final/netty-codec-4.1.30.Final.jar:/home/user/.m2/repository/io/netty/netty-handler/4.1.30.Final/netty-handler-4.1.30.Final.jar:/home/user/.m2/repository/io/netty/netty-handler-proxy/4.1.30.Final/netty-handler-proxy-4.1.30.Final.jar:/home/user/.m2/repository/io/netty/netty-codec-socks/4.1.30.Final/netty-codec-socks-4.1.30.Final.jar:/home/user/.m2/repository/io/netty/netty-transport-native-epoll/4.1.30.Final/netty-transport-native-epoll-4.1.30.Final.jar:/home/user/.m2/repository/io/netty/netty-common/4.1.30.Final/netty-common-4.1.30.Final.jar:/home/user/.m2/repository/io/netty/netty-buffer/4.1.30.Final/netty-buffer-4.1.30.Final.jar:/home/user/.m2/repository/io/netty/netty-transport/4.1.30.Final/netty-transport-4.1.30.Final.jar:/home/user/.m2/repository/io/netty/netty-resolver/4.1.30.Final/netty-resolver-4.1.30.Final.jar:/home/user/.m2/repository/io/netty/netty-transport-native-unix-common/4.1.30.Final/netty-transport-native-unix-common-4.1.30.Final.jar:/home/user/.m2/repository/io/grpc/grpc-protobuf/1.17.1/grpc-protobuf-1.17.1.jar:/home/user/.m2/repository/com/google/api/grpc/proto-google-common-protos/1.0.0/proto-google-common-protos-1.0.0.jar:/home/user/.m2/repository/io/grpc/grpc-protobuf-lite/1.17.1/grpc-protobuf-lite-1.17.1.jar:/home/user/.m2/repository/io/grpc/grpc-stub/1.17.1/grpc-stub-1.17.1.jar:/home/user/.m2/repository/org/apache/hadoop/hadoop-ozone-recon/0.5.0-SNAPSHOT/hadoop-ozone-recon-0.5.0-SNAPSHOT.jar:/home/user/.m2/repository/org/apache/hadoop/hadoop-ozone-reconcodegen/0.5.0-SNAPSHOT/hadoop-ozone-reconcodegen-0.5.0-SNAPSHOT.jar:/home/user/.m2/repository/com/google/inject/extensions/guice-multibindings/4.0/guice-multibindings-4.0.jar:/home/user/.m2/repository/com/google/inject/guice/4.0/guice-4.0.jar:/home/user/.m2/repository/aopalliance/aopalliance/1.0/aopalliance-1.0.jar:/home/user/.m2/repository/com/google/inject/extensions/guice-servlet/4.0/guice-servlet-4.0.jar:/home/user/.m2/repository/org/glassfish/jersey/containers/jersey-container-servlet/2.27/jersey-container-servlet-2.27.jar:/home/user/.m2/repository/org/glassfish/hk2/guice-bridge/2.5.0/guice-bridge-2.5.0.jar:/home/user/.m2/repository/org/glassfish/jersey/core/jersey-server/2.27/jersey-server-2.27.jar:/home/user/.m2/repository/org/glassfish/jersey/core/jersey-client/2.27/jersey-client-2.27.jar:/home/user/.m2/repository/org/glassfish/jersey/media/jersey-media-jaxb/2.27/jersey-media-jaxb-2.27.jar:/home/user/.m2/repository/javax/validation/validation-api/1.1.0.Final/validation-api-1.1.0.Final.jar:/home/user/.m2/repository/org/glassfish/jersey/media/jersey-media-json-jackson/2.27/jersey-media-json-jackson-2.27.jar:/home/user/.m2/repository/org/glassfish/jersey/ext/jersey-entity-filtering/2.27/jersey-entity-filtering-2.27.jar:/home/user/.m2/repository/com/google/inject/extensions/guice-assistedinject/4.0/guice-assistedinject-4.0.jar:/home/user/.m2/repository/org/jooq/jooq/3.11.10/jooq-3.11.10.jar:/home/user/.m2/repository/org/jooq/jooq-meta/3.11.10/jooq-meta-3.11.10.jar:/home/user/.m2/repository/org/jooq/jooq-codegen/3.11.10/jooq-codegen-3.11.10.jar:/home/user/.m2/repository/com/jolbox/bonecp/0.8.0.RELEASE/bonecp-0.8.0.RELEASE.jar:/home/user/.m2/repository/org/xerial/sqlite-jdbc/3.25.2/sqlite-jdbc-3.25.2.jar:/home/user/.m2/repository/org/springframework/spring-jdbc/5.1.3.RELEASE/spring-jdbc-5.1.3.RELEASE.jar:/home/user/.m2/repository/org/springframework/spring-beans/5.1.3.RELEASE/spring-beans-5.1.3.RELEASE.jar:/home/user/.m2/repository/org/springframework/spring-core/5.1.3.RELEASE/spring-core-5.1.3.RELEASE.jar:/home/user/.m2/repository/org/springframework/spring-jcl/5.1.3.RELEASE/spring-jcl-5.1.3.RELEASE.jar:/home/user/.m2/repository/org/springframework/spring-tx/5.1.3.RELEASE/spring-tx-5.1.3.RELEASE.jar:/home/user/.m2/repository/org/apache/hadoop/hadoop-ozone-client/0.5.0-SNAPSHOT/hadoop-ozone-client-0.5.0-SNAPSHOT.jar:/home/user/.m2/repository/commons-lang/commons-lang/2.6/commons-lang-2.6.jar:/home/user/.m2/repository/org/apache/hadoop/hadoop-ozone-ozone-manager/0.5.0-SNAPSHOT/hadoop-ozone-ozone-manager-0.5.0-SNAPSHOT-tests.jar:/home/user/.m2/repository/junit/junit/4.11/junit-4.11.jar:/home/user/.m2/repository/org/hamcrest/hamcrest-core/1.3/hamcrest-core-1.3.jar:/home/user/.m2/repository/org/openjdk/jmh/jmh-core/1.19/jmh-core-1.19.jar:/home/user/.m2/repository/net/sf/jopt-simple/jopt-simple/4.6/jopt-simple-4.6.jar:/home/user/.m2/repository/org/apache/commons/commons-math3/3.1.1/commons-math3-3.1.1.jar:/home/user/.m2/repository/org/openjdk/jmh/jmh-generator-annprocess/1.19/jmh-generator-annprocess-1.19.jar:/home/user/.m2/repository/org/mockito/mockito-all/1.8.5/mockito-all-1.8.5.jar:/home/user/.m2/repository/org/apache/hadoop/hadoop-kms/3.2.0/hadoop-kms-3.2.0.jar:/home/user/.m2/repository/org/apache/hadoop/hadoop-auth/3.2.0/hadoop-auth-3.2.0.jar:/home/user/.m2/repository/com/nimbusds/nimbus-jose-jwt/4.41.1/nimbus-jose-jwt-4.41.1.jar:/home/user/.m2/repository/com/github/stephenc/jcip/jcip-annotations/1.0-1/jcip-annotations-1.0-1.jar:/home/user/.m2/repository/net/minidev/json-smart/2.3/json-smart-2.3.jar:/home/user/.m2/repository/net/minidev/accessors-smart/1.2/accessors-smart-1.2.jar:/home/user/.m2/repository/org/ow2/asm/asm/5.0.4/asm-5.0.4.jar:/home/user/.m2/repository/org/apache/curator/curator-framework/2.12.0/curator-framework-2.12.0.jar:/home/user/.m2/repository/com/sun/jersey/jersey-core/1.19/jersey-core-1.19.jar:/home/user/.m2/repository/javax/ws/rs/jsr311-api/1.1.1/jsr311-api-1.1.1.jar:/home/user/.m2/repository/com/sun/jersey/jersey-server/1.19/jersey-server-1.19.jar:/home/user/.m2/repository/javax/servlet/javax.servlet-api/3.1.0/javax.servlet-api-3.1.0.jar:/home/user/.m2/repository/org/eclipse/jetty/jetty-server/9.3.24.v20180605/jetty-server-9.3.24.v20180605.jar:/home/user/.m2/repository/org/eclipse/jetty/jetty-http/9.3.24.v20180605/jetty-http-9.3.24.v20180605.jar:/home/user/.m2/repository/org/eclipse/jetty/jetty-io/9.3.24.v20180605/jetty-io-9.3.24.v20180605.jar:/home/user/.m2/repository/org/eclipse/jetty/jetty-webapp/9.3.24.v20180605/jetty-webapp-9.3.24.v20180605.jar:/home/user/.m2/repository/org/eclipse/jetty/jetty-xml/9.3.24.v20180605/jetty-xml-9.3.24.v20180605.jar:/home/user/.m2/repository/log4j/log4j/1.2.17/log4j-1.2.17.jar:/home/user/.m2/repository/org/slf4j/slf4j-api/1.7.25/slf4j-api-1.7.25.jar:/home/user/.m2/repository/org/slf4j/jul-to-slf4j/1.7.25/jul-to-slf4j-1.7.25.jar:/home/user/.m2/repository/org/eclipse/jetty/jetty-util/9.3.24.v20180605/jetty-util-9.3.24.v20180605.jar:/home/user/.m2/repository/com/fasterxml/jackson/core/jackson-databind/2.9.5/jackson-databind-2.9.5.jar:/home/user/.m2/repository/org/apache/hadoop/hadoop-kms/3.2.0/hadoop-kms-3.2.0-tests.jar:/home/user/.m2/repository/org/apache/hadoop/hadoop-hdds-server-scm/0.5.0-SNAPSHOT/hadoop-hdds-server-scm-0.5.0-SNAPSHOT-tests.jar:/home/user/.m2/repository/org/apache/hadoop/hadoop-hdds-container-service/0.5.0-SNAPSHOT/hadoop-hdds-container-service-0.5.0-SNAPSHOT-tests.jar:/home/user/.m2/repository/org/yaml/snakeyaml/1.16/snakeyaml-1.16.jar:/home/user/.m2/repository/org/apache/hadoop/hadoop-common/3.2.0/hadoop-common-3.2.0-tests.jar:/home/user/.m2/repository/org/apache/hadoop/hadoop-annotations/3.2.0/hadoop-annotations-3.2.0.jar:/usr/lib/jvm/java-1.8-openjdk/jre/../lib/tools.jar:/home/user/.m2/repository/commons-cli/commons-cli/1.2/commons-cli-1.2.jar:/home/user/.m2/repository/org/apache/httpcomponents/httpclient/4.5.2/httpclient-4.5.2.jar:/home/user/.m2/repository/org/apache/httpcomponents/httpcore/4.4.4/httpcore-4.4.4.jar:/home/user/.m2/repository/commons-codec/commons-codec/1.11/commons-codec-1.11.jar:/home/user/.m2/repository/commons-net/commons-net/3.6/commons-net-3.6.jar:/home/user/.m2/repository/commons-collections/commons-collections/3.2.2/commons-collections-3.2.2.jar:/home/user/.m2/repository/org/eclipse/jetty/jetty-servlet/9.3.24.v20180605/jetty-servlet-9.3.24.v20180605.jar:/home/user/.m2/repository/org/eclipse/jetty/jetty-security/9.3.24.v20180605/jetty-security-9.3.24.v20180605.jar:/home/user/.m2/repository/javax/servlet/jsp/jsp-api/2.1/jsp-api-2.1.jar:/home/user/.m2/repository/com/sun/jersey/jersey-servlet/1.19/jersey-servlet-1.19.jar:/home/user/.m2/repository/com/sun/jersey/jersey-json/1.19/jersey-json-1.19.jar:/home/user/.m2/repository/org/codehaus/jettison/jettison/1.1/jettison-1.1.jar:/home/user/.m2/repository/org/codehaus/jackson/jackson-core-asl/1.9.13/jackson-core-asl-1.9.13.jar:/home/user/.m2/repository/org/codehaus/jackson/jackson-mapper-asl/1.9.13/jackson-mapper-asl-1.9.13.jar:/home/user/.m2/repository/org/codehaus/jackson/jackson-jaxrs/1.9.13/jackson-jaxrs-1.9.13.jar:/home/user/.m2/repository/org/codehaus/jackson/jackson-xc/1.9.13/jackson-xc-1.9.13.jar:/home/user/.m2/repository/commons-logging/commons-logging/1.1.3/commons-logging-1.1.3.jar:/home/user/.m2/repository/commons-beanutils/commons-beanutils/1.9.3/commons-beanutils-1.9.3.jar:/home/user/.m2/repository/org/apache/commons/commons-configuration2/2.1.1/commons-configuration2-2.1.1.jar:/home/user/.m2/repository/org/apache/commons/commons-lang3/3.7/commons-lang3-3.7.jar:/home/user/.m2/repository/org/apache/commons/commons-text/1.4/commons-text-1.4.jar:/home/user/.m2/repository/org/apache/avro/avro/1.7.7/avro-1.7.7.jar:/home/user/.m2/repository/com/thoughtworks/paranamer/paranamer/2.3/paranamer-2.3.jar:/home/user/.m2/repository/org/xerial/snappy/snappy-java/1.0.5/snappy-java-1.0.5.jar:/home/user/.m2/repository/com/google/re2j/re2j/1.1/re2j-1.1.jar:/home/user/.m2/repository/com/google/code/gson/gson/2.2.4/gson-2.2.4.jar:/home/user/.m2/repository/com/jcraft/jsch/0.1.54/jsch-0.1.54.jar:/home/user/.m2/repository/org/apache/curator/curator-client/2.12.0/curator-client-2.12.0.jar:/home/user/.m2/repository/org/apache/curator/curator-recipes/2.12.0/curator-recipes-2.12.0.jar:/home/user/.m2/repository/com/google/code/findbugs/jsr305/3.0.0/jsr305-3.0.0.jar:/home/user/.m2/repository/org/apache/htrace/htrace-core4/4.1.0-incubating/htrace-core4-4.1.0-incubating.jar:/home/user/.m2/repository/org/apache/zookeeper/zookeeper/3.4.13/zookeeper-3.4.13.jar:/home/user/.m2/repository/org/apache/yetus/audience-annotations/0.5.0/audience-annotations-0.5.0.jar:/home/user/.m2/repository/org/codehaus/woodstox/stax2-api/3.1.4/stax2-api-3.1.4.jar:/home/user/.m2/repository/com/fasterxml/woodstox/woodstox-core/5.0.3/woodstox-core-5.0.3.jar:/home/user/.m2/repository/dnsjava/dnsjava/2.1.7/dnsjava-2.1.7.jar:/home/user/.m2/repository/org/apache/hadoop/hadoop-hdfs/3.2.0/hadoop-hdfs-3.2.0-tests.jar:/home/user/.m2/repository/org/eclipse/jetty/jetty-util-ajax/9.3.24.v20180605/jetty-util-ajax-9.3.24.v20180605.jar:/home/user/.m2/repository/commons-daemon/commons-daemon/1.0.13/commons-daemon-1.0.13.jar:/home/user/.m2/repository/io/netty/netty/3.10.5.Final/netty-3.10.5.Final.jar:/home/user/.m2/repository/io/netty/netty-all/4.0.52.Final/netty-all-4.0.52.Final.jar:/home/user/.m2/repository/org/fusesource/leveldbjni/leveldbjni-all/1.8/leveldbjni-all-1.8.jar:"/>
    <property name="java.vm.vendor" value="IcedTea"/>
    <property name="sun.arch.data.model" value="64"/>
    <property name="test.build.dir" value="/tmp/workdir/hadoop-ozone/integration-test/target/test-dir"/>
    <property name="test.cache.data" value=""/>
    <property name="java.vendor.url" value="https://icedtea.classpath.org"/>
    <property name="user.timezone" value=""/>
    <property name="java.vm.specification.version" value="1.8"/>
    <property name="os.name" value="Linux"/>
    <property name="test.build.data" value="/tmp/workdir/hadoop-ozone/integration-test/target/test-dir"/>
    <property name="user.country" value="US"/>
    <property name="sun.java.launcher" value="SUN_STANDARD"/>
    <property name="sun.boot.library.path" value="/usr/lib/jvm/java-1.8-openjdk/jre/lib/amd64"/>
    <property name="sun.java.command" value="/tmp/workdir/hadoop-ozone/integration-test/target/surefire/surefirebooter4922020005292278389.jar /tmp/workdir/hadoop-ozone/integration-test/target/surefire 2019-07-13T10-10-41_054-jvmRun1 surefire8808261681259463187tmp surefire_409189764528270585834tmp"/>
    <property name="surefire.test.class.path" value="/tmp/workdir/hadoop-ozone/integration-test/target/test-classes:/tmp/workdir/hadoop-ozone/integration-test/target/classes:/home/user/.m2/repository/org/apache/hadoop/hadoop-ozone-common/0.5.0-SNAPSHOT/hadoop-ozone-common-0.5.0-SNAPSHOT.jar:/home/user/.m2/repository/org/apache/commons/commons-compress/1.4.1/commons-compress-1.4.1.jar:/home/user/.m2/repository/org/tukaani/xz/1.0/xz-1.0.jar:/home/user/.m2/repository/org/apache/hadoop/hadoop-common/3.2.0/hadoop-common-3.2.0.jar:/home/user/.m2/repository/org/apache/hadoop/hadoop-hdfs/3.2.0/hadoop-hdfs-3.2.0.jar:/home/user/.m2/repository/org/apache/hadoop/hadoop-hdfs-client/3.2.0/hadoop-hdfs-client-3.2.0.jar:/home/user/.m2/repository/com/fasterxml/jackson/core/jackson-annotations/2.9.5/jackson-annotations-2.9.5.jar:/home/user/.m2/repository/org/apache/hadoop/hadoop-hdds-common/0.5.0-SNAPSHOT/hadoop-hdds-common-0.5.0-SNAPSHOT.jar:/home/user/.m2/repository/javax/annotation/javax.annotation-api/1.2/javax.annotation-api-1.2.jar:/home/user/.m2/repository/org/apache/ratis/ratis-server/0.4.0-2337318-SNAPSHOT/ratis-server-0.4.0-2337318-SNAPSHOT.jar:/home/user/.m2/repository/org/apache/ratis/ratis-thirdparty-misc/0.2.0/ratis-thirdparty-misc-0.2.0.jar:/home/user/.m2/repository/org/apache/ratis/ratis-proto/0.4.0-2337318-SNAPSHOT/ratis-proto-0.4.0-2337318-SNAPSHOT.jar:/home/user/.m2/repository/org/apache/ratis/ratis-common/0.4.0-2337318-SNAPSHOT/ratis-common-0.4.0-2337318-SNAPSHOT.jar:/home/user/.m2/repository/org/apache/ratis/ratis-client/0.4.0-2337318-SNAPSHOT/ratis-client-0.4.0-2337318-SNAPSHOT.jar:/home/user/.m2/repository/org/apache/ratis/ratis-metrics/0.4.0-2337318-SNAPSHOT/ratis-metrics-0.4.0-2337318-SNAPSHOT.jar:/home/user/.m2/repository/org/apache/ratis/ratis-netty/0.4.0-2337318-SNAPSHOT/ratis-netty-0.4.0-2337318-SNAPSHOT.jar:/home/user/.m2/repository/org/apache/ratis/ratis-grpc/0.4.0-2337318-SNAPSHOT/ratis-grpc-0.4.0-2337318-SNAPSHOT.jar:/home/user/.m2/repository/org/rocksdb/rocksdbjni/6.0.1/rocksdbjni-6.0.1.jar:/home/user/.m2/repository/org/apache/logging/log4j/log4j-api/2.11.0/log4j-api-2.11.0.jar:/home/user/.m2/repository/org/apache/logging/log4j/log4j-core/2.11.0/log4j-core-2.11.0.jar:/home/user/.m2/repository/com/lmax/disruptor/3.4.2/disruptor-3.4.2.jar:/home/user/.m2/repository/org/apache/commons/commons-pool2/2.6.0/commons-pool2-2.6.0.jar:/home/user/.m2/repository/org/bouncycastle/bcpkix-jdk15on/1.60/bcpkix-jdk15on-1.60.jar:/home/user/.m2/repository/commons-validator/commons-validator/1.6/commons-validator-1.6.jar:/home/user/.m2/repository/commons-digester/commons-digester/1.8.1/commons-digester-1.8.1.jar:/home/user/.m2/repository/io/jaegertracing/jaeger-client/0.33.1/jaeger-client-0.33.1.jar:/home/user/.m2/repository/io/jaegertracing/jaeger-thrift/0.33.1/jaeger-thrift-0.33.1.jar:/home/user/.m2/repository/org/apache/thrift/libthrift/0.11.0/libthrift-0.11.0.jar:/home/user/.m2/repository/com/squareup/okhttp3/okhttp/3.9.0/okhttp-3.9.0.jar:/home/user/.m2/repository/com/squareup/okio/okio/1.13.0/okio-1.13.0.jar:/home/user/.m2/repository/io/jaegertracing/jaeger-core/0.33.1/jaeger-core-0.33.1.jar:/home/user/.m2/repository/io/jaegertracing/jaeger-tracerresolver/0.33.1/jaeger-tracerresolver-0.33.1.jar:/home/user/.m2/repository/io/opentracing/contrib/opentracing-tracerresolver/0.1.5/opentracing-tracerresolver-0.1.5.jar:/home/user/.m2/repository/io/opentracing/opentracing-util/0.31.0/opentracing-util-0.31.0.jar:/home/user/.m2/repository/io/opentracing/opentracing-api/0.31.0/opentracing-api-0.31.0.jar:/home/user/.m2/repository/io/opentracing/opentracing-noop/0.31.0/opentracing-noop-0.31.0.jar:/home/user/.m2/repository/org/apache/hadoop/hadoop-hdds-server-framework/0.5.0-SNAPSHOT/hadoop-hdds-server-framework-0.5.0-SNAPSHOT.jar:/home/user/.m2/repository/org/apache/hadoop/hadoop-hdds-container-service/0.5.0-SNAPSHOT/hadoop-hdds-container-service-0.5.0-SNAPSHOT.jar:/home/user/.m2/repository/org/apache/hadoop/hadoop-hdds-client/0.5.0-SNAPSHOT/hadoop-hdds-client-0.5.0-SNAPSHOT.jar:/home/user/.m2/repository/org/apache/hadoop/hadoop-hdds-tools/0.5.0-SNAPSHOT/hadoop-hdds-tools-0.5.0-SNAPSHOT.jar:/home/user/.m2/repository/org/apache/hadoop/hadoop-hdds-server-scm/0.5.0-SNAPSHOT/hadoop-hdds-server-scm-0.5.0-SNAPSHOT.jar:/home/user/.m2/repository/org/apache/hadoop/hadoop-hdds-docs/0.5.0-SNAPSHOT/hadoop-hdds-docs-0.5.0-SNAPSHOT.jar:/home/user/.m2/repository/io/dropwizard/metrics/metrics-core/3.2.4/metrics-core-3.2.4.jar:/home/user/.m2/repository/org/hamcrest/hamcrest-all/1.3/hamcrest-all-1.3.jar:/home/user/.m2/repository/org/bouncycastle/bcprov-jdk15on/1.60/bcprov-jdk15on-1.60.jar:/home/user/.m2/repository/info/picocli/picocli/3.9.6/picocli-3.9.6.jar:/home/user/.m2/repository/com/google/protobuf/protobuf-java/2.5.0/protobuf-java-2.5.0.jar:/home/user/.m2/repository/com/google/guava/guava/11.0.2/guava-11.0.2.jar:/home/user/.m2/repository/org/apache/hadoop/hadoop-ozone-ozone-manager/0.5.0-SNAPSHOT/hadoop-ozone-ozone-manager-0.5.0-SNAPSHOT.jar:/home/user/.m2/repository/org/apache/hadoop/hadoop-minikdc/3.2.0/hadoop-minikdc-3.2.0.jar:/home/user/.m2/repository/commons-io/commons-io/2.5/commons-io-2.5.jar:/home/user/.m2/repository/org/apache/kerby/kerb-simplekdc/1.0.1/kerb-simplekdc-1.0.1.jar:/home/user/.m2/repository/org/apache/kerby/kerb-client/1.0.1/kerb-client-1.0.1.jar:/home/user/.m2/repository/org/apache/kerby/kerby-config/1.0.1/kerby-config-1.0.1.jar:/home/user/.m2/repository/org/apache/kerby/kerb-core/1.0.1/kerb-core-1.0.1.jar:/home/user/.m2/repository/org/apache/kerby/kerby-pkix/1.0.1/kerby-pkix-1.0.1.jar:/home/user/.m2/repository/org/apache/kerby/kerby-asn1/1.0.1/kerby-asn1-1.0.1.jar:/home/user/.m2/repository/org/apache/kerby/kerby-util/1.0.1/kerby-util-1.0.1.jar:/home/user/.m2/repository/org/apache/kerby/kerb-common/1.0.1/kerb-common-1.0.1.jar:/home/user/.m2/repository/org/apache/kerby/kerb-crypto/1.0.1/kerb-crypto-1.0.1.jar:/home/user/.m2/repository/org/apache/kerby/kerb-util/1.0.1/kerb-util-1.0.1.jar:/home/user/.m2/repository/org/apache/kerby/token-provider/1.0.1/token-provider-1.0.1.jar:/home/user/.m2/repository/org/apache/kerby/kerb-admin/1.0.1/kerb-admin-1.0.1.jar:/home/user/.m2/repository/org/apache/kerby/kerb-server/1.0.1/kerb-server-1.0.1.jar:/home/user/.m2/repository/org/apache/kerby/kerb-identity/1.0.1/kerb-identity-1.0.1.jar:/home/user/.m2/repository/org/apache/kerby/kerby-xdr/1.0.1/kerby-xdr-1.0.1.jar:/home/user/.m2/repository/org/slf4j/slf4j-log4j12/1.7.25/slf4j-log4j12-1.7.25.jar:/home/user/.m2/repository/org/apache/hadoop/hadoop-ozone-objectstore-service/0.5.0-SNAPSHOT/hadoop-ozone-objectstore-service-0.5.0-SNAPSHOT.jar:/home/user/.m2/repository/org/apache/hadoop/hadoop-ozone-s3gateway/0.5.0-SNAPSHOT/hadoop-ozone-s3gateway-0.5.0-SNAPSHOT.jar:/home/user/.m2/repository/org/jboss/weld/servlet/weld-servlet/2.4.7.Final/weld-servlet-2.4.7.Final.jar:/home/user/.m2/repository/org/glassfish/jersey/containers/jersey-container-servlet-core/2.27/jersey-container-servlet-core-2.27.jar:/home/user/.m2/repository/org/glassfish/hk2/external/javax.inject/2.5.0-b42/javax.inject-2.5.0-b42.jar:/home/user/.m2/repository/org/glassfish/jersey/core/jersey-common/2.27/jersey-common-2.27.jar:/home/user/.m2/repository/org/glassfish/hk2/osgi-resource-locator/1.0.1/osgi-resource-locator-1.0.1.jar:/home/user/.m2/repository/javax/ws/rs/javax.ws.rs-api/2.1/javax.ws.rs-api-2.1.jar:/home/user/.m2/repository/org/glassfish/jersey/ext/cdi/jersey-cdi1x/2.27/jersey-cdi1x-2.27.jar:/home/user/.m2/repository/org/glassfish/jersey/inject/jersey-hk2/2.27/jersey-hk2-2.27.jar:/home/user/.m2/repository/org/glassfish/hk2/hk2-locator/2.5.0-b42/hk2-locator-2.5.0-b42.jar:/home/user/.m2/repository/org/javassist/javassist/3.22.0-CR2/javassist-3.22.0-CR2.jar:/home/user/.m2/repository/org/glassfish/hk2/hk2-api/2.5.0/hk2-api-2.5.0.jar:/home/user/.m2/repository/org/glassfish/hk2/external/jakarta.inject/2.5.0/jakarta.inject-2.5.0.jar:/home/user/.m2/repository/org/glassfish/hk2/hk2-utils/2.5.0/hk2-utils-2.5.0.jar:/home/user/.m2/repository/jakarta/annotation/jakarta.annotation-api/1.3.4/jakarta.annotation-api-1.3.4.jar:/home/user/.m2/repository/org/glassfish/hk2/external/aopalliance-repackaged/2.5.0/aopalliance-repackaged-2.5.0.jar:/home/user/.m2/repository/com/fasterxml/jackson/dataformat/jackson-dataformat-xml/2.9.0/jackson-dataformat-xml-2.9.0.jar:/home/user/.m2/repository/com/fasterxml/jackson/core/jackson-core/2.9.5/jackson-core-2.9.5.jar:/home/user/.m2/repository/com/fasterxml/jackson/module/jackson-module-jaxb-annotations/2.9.5/jackson-module-jaxb-annotations-2.9.5.jar:/home/user/.m2/repository/javax/enterprise/cdi-api/1.2/cdi-api-1.2.jar:/home/user/.m2/repository/javax/el/javax.el-api/3.0.0/javax.el-api-3.0.0.jar:/home/user/.m2/repository/javax/interceptor/javax.interceptor-api/1.2/javax.interceptor-api-1.2.jar:/home/user/.m2/repository/javax/inject/javax.inject/1/javax.inject-1.jar:/home/user/.m2/repository/com/sun/xml/bind/jaxb-impl/2.3.0.1/jaxb-impl-2.3.0.1.jar:/home/user/.m2/repository/com/sun/xml/bind/jaxb-core/2.3.0.1/jaxb-core-2.3.0.1.jar:/home/user/.m2/repository/javax/xml/bind/jaxb-api/2.3.0/jaxb-api-2.3.0.jar:/home/user/.m2/repository/javax/activation/activation/1.1.1/activation-1.1.1.jar:/home/user/.m2/repository/org/apache/hadoop/hadoop-ozone-csi/0.5.0-SNAPSHOT/hadoop-ozone-csi-0.5.0-SNAPSHOT.jar:/home/user/.m2/repository/com/google/protobuf/protobuf-java-util/3.5.1/protobuf-java-util-3.5.1.jar:/home/user/.m2/repository/org/apache/hadoop/hadoop-hdds-config/0.5.0-SNAPSHOT/hadoop-hdds-config-0.5.0-SNAPSHOT.jar:/home/user/.m2/repository/io/grpc/grpc-netty/1.17.1/grpc-netty-1.17.1.jar:/home/user/.m2/repository/io/grpc/grpc-core/1.17.1/grpc-core-1.17.1.jar:/home/user/.m2/repository/io/grpc/grpc-context/1.17.1/grpc-context-1.17.1.jar:/home/user/.m2/repository/com/google/errorprone/error_prone_annotations/2.2.0/error_prone_annotations-2.2.0.jar:/home/user/.m2/repository/org/codehaus/mojo/animal-sniffer-annotations/1.17/animal-sniffer-annotations-1.17.jar:/home/user/.m2/repository/io/opencensus/opencensus-api/0.17.0/opencensus-api-0.17.0.jar:/home/user/.m2/repository/io/opencensus/opencensus-contrib-grpc-metrics/0.17.0/opencensus-contrib-grpc-metrics-0.17.0.jar:/home/user/.m2/repository/io/netty/netty-codec-http2/4.1.30.Final/netty-codec-http2-4.1.30.Final.jar:/home/user/.m2/repository/io/netty/netty-codec-http/4.1.30.Final/netty-codec-http-4.1.30.Final.jar:/home/user/.m2/repository/io/netty/netty-codec/4.1.30.Final/netty-codec-4.1.30.Final.jar:/home/user/.m2/repository/io/netty/netty-handler/4.1.30.Final/netty-handler-4.1.30.Final.jar:/home/user/.m2/repository/io/netty/netty-handler-proxy/4.1.30.Final/netty-handler-proxy-4.1.30.Final.jar:/home/user/.m2/repository/io/netty/netty-codec-socks/4.1.30.Final/netty-codec-socks-4.1.30.Final.jar:/home/user/.m2/repository/io/netty/netty-transport-native-epoll/4.1.30.Final/netty-transport-native-epoll-4.1.30.Final.jar:/home/user/.m2/repository/io/netty/netty-common/4.1.30.Final/netty-common-4.1.30.Final.jar:/home/user/.m2/repository/io/netty/netty-buffer/4.1.30.Final/netty-buffer-4.1.30.Final.jar:/home/user/.m2/repository/io/netty/netty-transport/4.1.30.Final/netty-transport-4.1.30.Final.jar:/home/user/.m2/repository/io/netty/netty-resolver/4.1.30.Final/netty-resolver-4.1.30.Final.jar:/home/user/.m2/repository/io/netty/netty-transport-native-unix-common/4.1.30.Final/netty-transport-native-unix-common-4.1.30.Final.jar:/home/user/.m2/repository/io/grpc/grpc-protobuf/1.17.1/grpc-protobuf-1.17.1.jar:/home/user/.m2/repository/com/google/api/grpc/proto-google-common-protos/1.0.0/proto-google-common-protos-1.0.0.jar:/home/user/.m2/repository/io/grpc/grpc-protobuf-lite/1.17.1/grpc-protobuf-lite-1.17.1.jar:/home/user/.m2/repository/io/grpc/grpc-stub/1.17.1/grpc-stub-1.17.1.jar:/home/user/.m2/repository/org/apache/hadoop/hadoop-ozone-recon/0.5.0-SNAPSHOT/hadoop-ozone-recon-0.5.0-SNAPSHOT.jar:/home/user/.m2/repository/org/apache/hadoop/hadoop-ozone-reconcodegen/0.5.0-SNAPSHOT/hadoop-ozone-reconcodegen-0.5.0-SNAPSHOT.jar:/home/user/.m2/repository/com/google/inject/extensions/guice-multibindings/4.0/guice-multibindings-4.0.jar:/home/user/.m2/repository/com/google/inject/guice/4.0/guice-4.0.jar:/home/user/.m2/repository/aopalliance/aopalliance/1.0/aopalliance-1.0.jar:/home/user/.m2/repository/com/google/inject/extensions/guice-servlet/4.0/guice-servlet-4.0.jar:/home/user/.m2/repository/org/glassfish/jersey/containers/jersey-container-servlet/2.27/jersey-container-servlet-2.27.jar:/home/user/.m2/repository/org/glassfish/hk2/guice-bridge/2.5.0/guice-bridge-2.5.0.jar:/home/user/.m2/repository/org/glassfish/jersey/core/jersey-server/2.27/jersey-server-2.27.jar:/home/user/.m2/repository/org/glassfish/jersey/core/jersey-client/2.27/jersey-client-2.27.jar:/home/user/.m2/repository/org/glassfish/jersey/media/jersey-media-jaxb/2.27/jersey-media-jaxb-2.27.jar:/home/user/.m2/repository/javax/validation/validation-api/1.1.0.Final/validation-api-1.1.0.Final.jar:/home/user/.m2/repository/org/glassfish/jersey/media/jersey-media-json-jackson/2.27/jersey-media-json-jackson-2.27.jar:/home/user/.m2/repository/org/glassfish/jersey/ext/jersey-entity-filtering/2.27/jersey-entity-filtering-2.27.jar:/home/user/.m2/repository/com/google/inject/extensions/guice-assistedinject/4.0/guice-assistedinject-4.0.jar:/home/user/.m2/repository/org/jooq/jooq/3.11.10/jooq-3.11.10.jar:/home/user/.m2/repository/org/jooq/jooq-meta/3.11.10/jooq-meta-3.11.10.jar:/home/user/.m2/repository/org/jooq/jooq-codegen/3.11.10/jooq-codegen-3.11.10.jar:/home/user/.m2/repository/com/jolbox/bonecp/0.8.0.RELEASE/bonecp-0.8.0.RELEASE.jar:/home/user/.m2/repository/org/xerial/sqlite-jdbc/3.25.2/sqlite-jdbc-3.25.2.jar:/home/user/.m2/repository/org/springframework/spring-jdbc/5.1.3.RELEASE/spring-jdbc-5.1.3.RELEASE.jar:/home/user/.m2/repository/org/springframework/spring-beans/5.1.3.RELEASE/spring-beans-5.1.3.RELEASE.jar:/home/user/.m2/repository/org/springframework/spring-core/5.1.3.RELEASE/spring-core-5.1.3.RELEASE.jar:/home/user/.m2/repository/org/springframework/spring-jcl/5.1.3.RELEASE/spring-jcl-5.1.3.RELEASE.jar:/home/user/.m2/repository/org/springframework/spring-tx/5.1.3.RELEASE/spring-tx-5.1.3.RELEASE.jar:/home/user/.m2/repository/org/apache/hadoop/hadoop-ozone-client/0.5.0-SNAPSHOT/hadoop-ozone-client-0.5.0-SNAPSHOT.jar:/home/user/.m2/repository/commons-lang/commons-lang/2.6/commons-lang-2.6.jar:/home/user/.m2/repository/org/apache/hadoop/hadoop-ozone-ozone-manager/0.5.0-SNAPSHOT/hadoop-ozone-ozone-manager-0.5.0-SNAPSHOT-tests.jar:/home/user/.m2/repository/junit/junit/4.11/junit-4.11.jar:/home/user/.m2/repository/org/hamcrest/hamcrest-core/1.3/hamcrest-core-1.3.jar:/home/user/.m2/repository/org/openjdk/jmh/jmh-core/1.19/jmh-core-1.19.jar:/home/user/.m2/repository/net/sf/jopt-simple/jopt-simple/4.6/jopt-simple-4.6.jar:/home/user/.m2/repository/org/apache/commons/commons-math3/3.1.1/commons-math3-3.1.1.jar:/home/user/.m2/repository/org/openjdk/jmh/jmh-generator-annprocess/1.19/jmh-generator-annprocess-1.19.jar:/home/user/.m2/repository/org/mockito/mockito-all/1.8.5/mockito-all-1.8.5.jar:/home/user/.m2/repository/org/apache/hadoop/hadoop-kms/3.2.0/hadoop-kms-3.2.0.jar:/home/user/.m2/repository/org/apache/hadoop/hadoop-auth/3.2.0/hadoop-auth-3.2.0.jar:/home/user/.m2/repository/com/nimbusds/nimbus-jose-jwt/4.41.1/nimbus-jose-jwt-4.41.1.jar:/home/user/.m2/repository/com/github/stephenc/jcip/jcip-annotations/1.0-1/jcip-annotations-1.0-1.jar:/home/user/.m2/repository/net/minidev/json-smart/2.3/json-smart-2.3.jar:/home/user/.m2/repository/net/minidev/accessors-smart/1.2/accessors-smart-1.2.jar:/home/user/.m2/repository/org/ow2/asm/asm/5.0.4/asm-5.0.4.jar:/home/user/.m2/repository/org/apache/curator/curator-framework/2.12.0/curator-framework-2.12.0.jar:/home/user/.m2/repository/com/sun/jersey/jersey-core/1.19/jersey-core-1.19.jar:/home/user/.m2/repository/javax/ws/rs/jsr311-api/1.1.1/jsr311-api-1.1.1.jar:/home/user/.m2/repository/com/sun/jersey/jersey-server/1.19/jersey-server-1.19.jar:/home/user/.m2/repository/javax/servlet/javax.servlet-api/3.1.0/javax.servlet-api-3.1.0.jar:/home/user/.m2/repository/org/eclipse/jetty/jetty-server/9.3.24.v20180605/jetty-server-9.3.24.v20180605.jar:/home/user/.m2/repository/org/eclipse/jetty/jetty-http/9.3.24.v20180605/jetty-http-9.3.24.v20180605.jar:/home/user/.m2/repository/org/eclipse/jetty/jetty-io/9.3.24.v20180605/jetty-io-9.3.24.v20180605.jar:/home/user/.m2/repository/org/eclipse/jetty/jetty-webapp/9.3.24.v20180605/jetty-webapp-9.3.24.v20180605.jar:/home/user/.m2/repository/org/eclipse/jetty/jetty-xml/9.3.24.v20180605/jetty-xml-9.3.24.v20180605.jar:/home/user/.m2/repository/log4j/log4j/1.2.17/log4j-1.2.17.jar:/home/user/.m2/repository/org/slf4j/slf4j-api/1.7.25/slf4j-api-1.7.25.jar:/home/user/.m2/repository/org/slf4j/jul-to-slf4j/1.7.25/jul-to-slf4j-1.7.25.jar:/home/user/.m2/repository/org/eclipse/jetty/jetty-util/9.3.24.v20180605/jetty-util-9.3.24.v20180605.jar:/home/user/.m2/repository/com/fasterxml/jackson/core/jackson-databind/2.9.5/jackson-databind-2.9.5.jar:/home/user/.m2/repository/org/apache/hadoop/hadoop-kms/3.2.0/hadoop-kms-3.2.0-tests.jar:/home/user/.m2/repository/org/apache/hadoop/hadoop-hdds-server-scm/0.5.0-SNAPSHOT/hadoop-hdds-server-scm-0.5.0-SNAPSHOT-tests.jar:/home/user/.m2/repository/org/apache/hadoop/hadoop-hdds-container-service/0.5.0-SNAPSHOT/hadoop-hdds-container-service-0.5.0-SNAPSHOT-tests.jar:/home/user/.m2/repository/org/yaml/snakeyaml/1.16/snakeyaml-1.16.jar:/home/user/.m2/repository/org/apache/hadoop/hadoop-common/3.2.0/hadoop-common-3.2.0-tests.jar:/home/user/.m2/repository/org/apache/hadoop/hadoop-annotations/3.2.0/hadoop-annotations-3.2.0.jar:/usr/lib/jvm/java-1.8-openjdk/jre/../lib/tools.jar:/home/user/.m2/repository/commons-cli/commons-cli/1.2/commons-cli-1.2.jar:/home/user/.m2/repository/org/apache/httpcomponents/httpclient/4.5.2/httpclient-4.5.2.jar:/home/user/.m2/repository/org/apache/httpcomponents/httpcore/4.4.4/httpcore-4.4.4.jar:/home/user/.m2/repository/commons-codec/commons-codec/1.11/commons-codec-1.11.jar:/home/user/.m2/repository/commons-net/commons-net/3.6/commons-net-3.6.jar:/home/user/.m2/repository/commons-collections/commons-collections/3.2.2/commons-collections-3.2.2.jar:/home/user/.m2/repository/org/eclipse/jetty/jetty-servlet/9.3.24.v20180605/jetty-servlet-9.3.24.v20180605.jar:/home/user/.m2/repository/org/eclipse/jetty/jetty-security/9.3.24.v20180605/jetty-security-9.3.24.v20180605.jar:/home/user/.m2/repository/javax/servlet/jsp/jsp-api/2.1/jsp-api-2.1.jar:/home/user/.m2/repository/com/sun/jersey/jersey-servlet/1.19/jersey-servlet-1.19.jar:/home/user/.m2/repository/com/sun/jersey/jersey-json/1.19/jersey-json-1.19.jar:/home/user/.m2/repository/org/codehaus/jettison/jettison/1.1/jettison-1.1.jar:/home/user/.m2/repository/org/codehaus/jackson/jackson-core-asl/1.9.13/jackson-core-asl-1.9.13.jar:/home/user/.m2/repository/org/codehaus/jackson/jackson-mapper-asl/1.9.13/jackson-mapper-asl-1.9.13.jar:/home/user/.m2/repository/org/codehaus/jackson/jackson-jaxrs/1.9.13/jackson-jaxrs-1.9.13.jar:/home/user/.m2/repository/org/codehaus/jackson/jackson-xc/1.9.13/jackson-xc-1.9.13.jar:/home/user/.m2/repository/commons-logging/commons-logging/1.1.3/commons-logging-1.1.3.jar:/home/user/.m2/repository/commons-beanutils/commons-beanutils/1.9.3/commons-beanutils-1.9.3.jar:/home/user/.m2/repository/org/apache/commons/commons-configuration2/2.1.1/commons-configuration2-2.1.1.jar:/home/user/.m2/repository/org/apache/commons/commons-lang3/3.7/commons-lang3-3.7.jar:/home/user/.m2/repository/org/apache/commons/commons-text/1.4/commons-text-1.4.jar:/home/user/.m2/repository/org/apache/avro/avro/1.7.7/avro-1.7.7.jar:/home/user/.m2/repository/com/thoughtworks/paranamer/paranamer/2.3/paranamer-2.3.jar:/home/user/.m2/repository/org/xerial/snappy/snappy-java/1.0.5/snappy-java-1.0.5.jar:/home/user/.m2/repository/com/google/re2j/re2j/1.1/re2j-1.1.jar:/home/user/.m2/repository/com/google/code/gson/gson/2.2.4/gson-2.2.4.jar:/home/user/.m2/repository/com/jcraft/jsch/0.1.54/jsch-0.1.54.jar:/home/user/.m2/repository/org/apache/curator/curator-client/2.12.0/curator-client-2.12.0.jar:/home/user/.m2/repository/org/apache/curator/curator-recipes/2.12.0/curator-recipes-2.12.0.jar:/home/user/.m2/repository/com/google/code/findbugs/jsr305/3.0.0/jsr305-3.0.0.jar:/home/user/.m2/repository/org/apache/htrace/htrace-core4/4.1.0-incubating/htrace-core4-4.1.0-incubating.jar:/home/user/.m2/repository/org/apache/zookeeper/zookeeper/3.4.13/zookeeper-3.4.13.jar:/home/user/.m2/repository/org/apache/yetus/audience-annotations/0.5.0/audience-annotations-0.5.0.jar:/home/user/.m2/repository/org/codehaus/woodstox/stax2-api/3.1.4/stax2-api-3.1.4.jar:/home/user/.m2/repository/com/fasterxml/woodstox/woodstox-core/5.0.3/woodstox-core-5.0.3.jar:/home/user/.m2/repository/dnsjava/dnsjava/2.1.7/dnsjava-2.1.7.jar:/home/user/.m2/repository/org/apache/hadoop/hadoop-hdfs/3.2.0/hadoop-hdfs-3.2.0-tests.jar:/home/user/.m2/repository/org/eclipse/jetty/jetty-util-ajax/9.3.24.v20180605/jetty-util-ajax-9.3.24.v20180605.jar:/home/user/.m2/repository/commons-daemon/commons-daemon/1.0.13/commons-daemon-1.0.13.jar:/home/user/.m2/repository/io/netty/netty/3.10.5.Final/netty-3.10.5.Final.jar:/home/user/.m2/repository/io/netty/netty-all/4.0.52.Final/netty-all-4.0.52.Final.jar:/home/user/.m2/repository/org/fusesource/leveldbjni/leveldbjni-all/1.8/leveldbjni-all-1.8.jar:"/>
    <property name="sun.cpu.endian" value="little"/>
    <property name="user.home" value="/home/user"/>
    <property name="user.language" value="en"/>
    <property name="java.specification.vendor" value="Oracle Corporation"/>
    <property name="java.home" value="/usr/lib/jvm/java-1.8-openjdk/jre"/>
    <property name="java.security.krb5.conf" value="/tmp/workdir/hadoop-ozone/integration-test/target/test-classes/krb5.conf"/>
    <property name="basedir" value="/tmp/workdir/hadoop-ozone/integration-test"/>
    <property name="file.separator" value="/"/>
    <property name="line.separator" value="&#10;"/>
    <property name="java.vm.specification.vendor" value="Oracle Corporation"/>
    <property name="java.specification.name" value="Java Platform API Specification"/>
    <property name="java.awt.graphicsenv" value="sun.awt.X11GraphicsEnvironment"/>
    <property name="surefire.real.class.path" value="/tmp/workdir/hadoop-ozone/integration-test/target/surefire/surefirebooter4922020005292278389.jar"/>
    <property name="hadoop.log.dir" value="/tmp/workdir/hadoop-ozone/integration-test/target/log"/>
    <property name="sun.boot.class.path" value="/usr/lib/jvm/java-1.8-openjdk/jre/lib/resources.jar:/usr/lib/jvm/java-1.8-openjdk/jre/lib/rt.jar:/usr/lib/jvm/java-1.8-openjdk/jre/lib/sunrsasign.jar:/usr/lib/jvm/java-1.8-openjdk/jre/lib/jsse.jar:/usr/lib/jvm/java-1.8-openjdk/jre/lib/jce.jar:/usr/lib/jvm/java-1.8-openjdk/jre/lib/charsets.jar:/usr/lib/jvm/java-1.8-openjdk/jre/lib/jfr.jar:/usr/lib/jvm/java-1.8-openjdk/jre/classes"/>
    <property name="sun.management.compiler" value="HotSpot 64-Bit Tiered Compilers"/>
    <property name="java.runtime.version" value="1.8.0_212-b04"/>
    <property name="java.net.preferIPv4Stack" value="true"/>
    <property name="user.name" value="jenkins1000"/>
    <property name="path.separator" value=":"/>
    <property name="java.security.egd" value="file:///dev/urandom"/>
    <property name="os.version" value="3.10.0-957.12.2.el7.x86_64"/>
    <property name="java.endorsed.dirs" value="/usr/lib/jvm/java-1.8-openjdk/jre/lib/endorsed"/>
    <property name="java.runtime.name" value="OpenJDK Runtime Environment"/>
    <property name="file.encoding" value="UTF-8"/>
    <property name="java.vm.name" value="OpenJDK 64-Bit Server VM"/>
    <property name="test.build.webapps" value=""/>
    <property name="localRepository" value="/home/user/.m2/repository"/>
    <property name="java.vendor.url.bug" value="https://icedtea.classpath.org/bugzilla"/>
    <property name="java.io.tmpdir" value="/tmp"/>
    <property name="require.test.libhadoop" value=""/>
    <property name="java.version" value="1.8.0_212"/>
    <property name="user.dir" value="/tmp/workdir/hadoop-ozone/integration-test"/>
    <property name="os.arch" value="amd64"/>
    <property name="java.vm.specification.name" value="Java Virtual Machine Specification"/>
    <property name="test.build.classes" value="/tmp/workdir/hadoop-ozone/integration-test/target/test-classes"/>
    <property name="java.awt.printerjob" value="sun.print.PSPrinterJob"/>
    <property name="sun.os.patch.level" value="unknown"/>
    <property name="hadoop.tmp.dir" value="/tmp/workdir/hadoop-ozone/integration-test/target/tmp"/>
    <property name="java.library.path" value="/usr/lib/jvm/java-1.8-openjdk/jre/lib/amd64/server:/usr/lib/jvm/java-1.8-openjdk/jre/lib/amd64:/usr/lib/jvm/java-1.8-openjdk/jre/../lib/amd64:/tmp/workdir/hadoop-ozone/integration-test/target/native/target/usr/local/lib:/tmp/workdir/hadoop-ozone/integration-test/../../hadoop-common-project/hadoop-common/target/native/target/usr/local/lib:/usr/java/packages/lib/amd64:/usr/lib64:/lib64:/lib:/usr/lib"/>
    <property name="java.vm.info" value="mixed mode"/>
    <property name="java.vendor" value="IcedTea"/>
    <property name="java.vm.version" value="25.212-b04"/>
    <property name="java.ext.dirs" value="/usr/lib/jvm/java-1.8-openjdk/jre/lib/ext:/usr/java/packages/lib/ext"/>
    <property name="sun.io.unicode.encoding" value="UnicodeLittle"/>
    <property name="java.class.version" value="52.0"/>
  </properties>
  <testcase name="testGroupMismatchExceptionHandling" classname="org.apache.hadoop.ozone.client.rpc.TestOzoneClientRetriesOnException" time="44.986">
    <error type="java.lang.IllegalArgumentException">java.lang.IllegalArgumentException
	at com.google.common.base.Preconditions.checkArgument(Preconditions.java:72)
	at org.apache.hadoop.hdds.scm.XceiverClientManager.acquireClient(XceiverClientManager.java:150)
	at org.apache.hadoop.hdds.scm.XceiverClientManager.acquireClientForReadData(XceiverClientManager.java:143)
	at org.apache.hadoop.hdds.scm.storage.BlockInputStream.getChunkInfos(BlockInputStream.java:154)
	at org.apache.hadoop.hdds.scm.storage.BlockInputStream.initialize(BlockInputStream.java:118)
	at org.apache.hadoop.hdds.scm.storage.BlockInputStream.read(BlockInputStream.java:222)
	at org.apache.hadoop.ozone.client.io.KeyInputStream.read(KeyInputStream.java:171)
	at org.apache.hadoop.ozone.client.io.OzoneInputStream.read(OzoneInputStream.java:47)
	at java.io.InputStream.read(InputStream.java:101)
	at org.apache.hadoop.ozone.container.ContainerTestHelper.validateData(ContainerTestHelper.java:709)
	at org.apache.hadoop.ozone.client.rpc.TestOzoneClientRetriesOnException.validateData(TestOzoneClientRetriesOnException.java:231)
	at org.apache.hadoop.ozone.client.rpc.TestOzoneClientRetriesOnException.testGroupMismatchExceptionHandling(TestOzoneClientRetriesOnException.java:160)
	at sun.reflect.NativeMethodAccessorImpl.invoke0(Native Method)
	at sun.reflect.NativeMethodAccessorImpl.invoke(NativeMethodAccessorImpl.java:62)
	at sun.reflect.DelegatingMethodAccessorImpl.invoke(DelegatingMethodAccessorImpl.java:43)
	at java.lang.reflect.Method.invoke(Method.java:498)
	at org.junit.runners.model.FrameworkMethod$1.runReflectiveCall(FrameworkMethod.java:47)
	at org.junit.internal.runners.model.ReflectiveCallable.run(ReflectiveCallable.java:12)
	at org.junit.runners.model.FrameworkMethod.invokeExplosively(FrameworkMethod.java:44)
	at org.junit.internal.runners.statements.InvokeMethod.evaluate(InvokeMethod.java:17)
	at org.junit.internal.runners.statements.RunBefores.evaluate(RunBefores.java:26)
	at org.junit.internal.runners.statements.RunAfters.evaluate(RunAfters.java:27)
	at org.junit.runners.ParentRunner.runLeaf(ParentRunner.java:271)
	at org.junit.runners.BlockJUnit4ClassRunner.runChild(BlockJUnit4ClassRunner.java:70)
	at org.junit.runners.BlockJUnit4ClassRunner.runChild(BlockJUnit4ClassRunner.java:50)
	at org.junit.runners.ParentRunner$3.run(ParentRunner.java:238)
	at org.junit.runners.ParentRunner$1.schedule(ParentRunner.java:63)
	at org.junit.runners.ParentRunner.runChildren(ParentRunner.java:236)
	at org.junit.runners.ParentRunner.access$000(ParentRunner.java:53)
	at org.junit.runners.ParentRunner$2.evaluate(ParentRunner.java:229)
	at org.junit.runners.ParentRunner.run(ParentRunner.java:309)
	at org.apache.maven.surefire.junit4.JUnit4Provider.execute(JUnit4Provider.java:365)
	at org.apache.maven.surefire.junit4.JUnit4Provider.executeWithRerun(JUnit4Provider.java:273)
	at org.apache.maven.surefire.junit4.JUnit4Provider.executeTestSet(JUnit4Provider.java:238)
	at org.apache.maven.surefire.junit4.JUnit4Provider.invoke(JUnit4Provider.java:159)
	at org.apache.maven.surefire.booter.ForkedBooter.invokeProviderInSameClassLoader(ForkedBooter.java:384)
	at org.apache.maven.surefire.booter.ForkedBooter.runSuitesInProcess(ForkedBooter.java:345)
	at org.apache.maven.surefire.booter.ForkedBooter.execute(ForkedBooter.java:126)
	at org.apache.maven.surefire.booter.ForkedBooter.main(ForkedBooter.java:418)
</error>
    <system-out><![CDATA[2019-07-13 10:44:23,908 WARN  server.ServerUtils (ServerUtils.java:getScmDbDir(145)) - ozone.scm.db.dirs is not configured. We recommend adding this setting. Falling back to ozone.metadata.dirs instead.
2019-07-13 10:44:24,005 WARN  server.ServerUtils (ServerUtils.java:getScmDbDir(145)) - ozone.scm.db.dirs is not configured. We recommend adding this setting. Falling back to ozone.metadata.dirs instead.
2019-07-13 10:44:24,008 WARN  server.ServerUtils (ServerUtils.java:getScmDbDir(145)) - ozone.scm.db.dirs is not configured. We recommend adding this setting. Falling back to ozone.metadata.dirs instead.
2019-07-13 10:44:24,024 INFO  util.log (Log.java:initialized(192)) - Logging initialized @858ms
2019-07-13 10:44:24,123 INFO  db.DBStoreBuilder (DBStoreBuilder.java:addTable(110)) - using custom profile for table: deletedBlocks
2019-07-13 10:44:24,124 INFO  db.DBStoreBuilder (DBStoreBuilder.java:processTables(161)) - Using default column profile:DBProfile.DISK for Table:deletedBlocks
2019-07-13 10:44:24,124 INFO  db.DBStoreBuilder (DBStoreBuilder.java:addTable(110)) - using custom profile for table: validCerts
2019-07-13 10:44:24,124 INFO  db.DBStoreBuilder (DBStoreBuilder.java:processTables(161)) - Using default column profile:DBProfile.DISK for Table:validCerts
2019-07-13 10:44:24,125 INFO  db.DBStoreBuilder (DBStoreBuilder.java:addTable(110)) - using custom profile for table: revokedCerts
2019-07-13 10:44:24,125 INFO  db.DBStoreBuilder (DBStoreBuilder.java:processTables(161)) - Using default column profile:DBProfile.DISK for Table:revokedCerts
2019-07-13 10:44:24,136 INFO  db.DBStoreBuilder (DBStoreBuilder.java:addTable(110)) - using custom profile for table: default
2019-07-13 10:44:24,136 INFO  db.DBStoreBuilder (DBStoreBuilder.java:processTables(167)) - Using default column profile:DBProfile.DISK for Table:default
2019-07-13 10:44:24,138 INFO  db.DBStoreBuilder (DBStoreBuilder.java:getDbProfile(198)) - Using default options. DBProfile.DISK
2019-07-13 10:44:24,410 INFO  net.NodeSchemaLoader (NodeSchemaLoader.java:loadSchemaFromFile(125)) - Loading file from sun.misc.CompoundEnumeration@20ce78ec
2019-07-13 10:44:24,413 INFO  net.NodeSchemaLoader (NodeSchemaLoader.java:loadSchema(171)) - Loading network topology layer schema file
2019-07-13 10:44:24,486 WARN  server.ServerUtils (ServerUtils.java:sanitizeUserArgs(70)) - ozone.scm.stale.node.interval value = 300000 is larger than max = 100000 based on the key value of ozone.scm.heartbeat.thread.interval, reset to the max value 100000.
2019-07-13 10:44:24,487 WARN  server.ServerUtils (ServerUtils.java:sanitizeUserArgs(70)) - ozone.scm.stale.node.interval value = 300000 is larger than max = 100000 based on the key value of ozone.scm.heartbeat.thread.interval, reset to the max value 100000.
2019-07-13 10:44:24,490 INFO  node.SCMNodeManager (SCMNodeManager.java:<init>(119)) - Entering startup safe mode.
2019-07-13 10:44:24,572 WARN  server.ServerUtils (ServerUtils.java:getScmDbDir(145)) - ozone.scm.db.dirs is not configured. We recommend adding this setting. Falling back to ozone.metadata.dirs instead.
2019-07-13 10:44:24,678 INFO  pipeline.SCMPipelineManager (SCMPipelineManager.java:initializePipelineState(126)) - No pipeline exists in current db
2019-07-13 10:44:24,681 WARN  server.ServerUtils (ServerUtils.java:getScmDbDir(145)) - ozone.scm.db.dirs is not configured. We recommend adding this setting. Falling back to ozone.metadata.dirs instead.
2019-07-13 10:44:24,818 WARN  events.EventQueue (EventQueue.java:fireEvent(175)) - No event handler registered for event TypedEvent{payloadType=SafeModeStatus, name='SafeModeStatus'}
2019-07-13 10:44:25,153 INFO  ipc.CallQueueManager (CallQueueManager.java:<init>(84)) - Using callQueue: class java.util.concurrent.LinkedBlockingQueue, queueCapacity: 2000, scheduler: class org.apache.hadoop.ipc.DefaultRpcScheduler, ipcBackoff: false.
2019-07-13 10:44:25,180 INFO  ipc.Server (Server.java:run(1074)) - Starting Socket Reader #1 for port 46696
2019-07-13 10:44:25,203 INFO  ipc.CallQueueManager (CallQueueManager.java:<init>(84)) - Using callQueue: class java.util.concurrent.LinkedBlockingQueue, queueCapacity: 2000, scheduler: class org.apache.hadoop.ipc.DefaultRpcScheduler, ipcBackoff: false.
2019-07-13 10:44:25,204 INFO  ipc.Server (Server.java:run(1074)) - Starting Socket Reader #1 for port 41484
2019-07-13 10:44:25,210 INFO  ipc.CallQueueManager (CallQueueManager.java:<init>(84)) - Using callQueue: class java.util.concurrent.LinkedBlockingQueue, queueCapacity: 2000, scheduler: class org.apache.hadoop.ipc.DefaultRpcScheduler, ipcBackoff: false.
2019-07-13 10:44:25,211 INFO  ipc.Server (Server.java:run(1074)) - Starting Socket Reader #1 for port 39908
2019-07-13 10:44:25,347 INFO  hdfs.DFSUtil (DFSUtil.java:httpServerTemplateForNNAndJN(1641)) - Starting Web-server for scm at: http://0.0.0.0:0
2019-07-13 10:44:25,507 INFO  server.AuthenticationFilter (AuthenticationFilter.java:constructSecretProvider(240)) - Unable to initialize FileSignerSecretProvider, falling back to use random secrets.
2019-07-13 10:44:25,514 WARN  http.HttpRequestLog (HttpRequestLog.java:getRequestLog(97)) - Jetty request log can only be enabled using Log4j
2019-07-13 10:44:25,522 INFO  http.HttpServer2 (HttpServer2.java:addGlobalFilter(975)) - Added global filter 'safety' (class=org.apache.hadoop.http.HttpServer2$QuotingInputFilter)
2019-07-13 10:44:25,525 INFO  http.HttpServer2 (HttpServer2.java:addFilter(948)) - Added filter static_user_filter (class=org.apache.hadoop.http.lib.StaticUserWebFilter$StaticUserFilter) to context scm
2019-07-13 10:44:25,525 INFO  http.HttpServer2 (HttpServer2.java:addFilter(958)) - Added filter static_user_filter (class=org.apache.hadoop.http.lib.StaticUserWebFilter$StaticUserFilter) to context static
2019-07-13 10:44:25,525 INFO  http.HttpServer2 (HttpServer2.java:addFilter(958)) - Added filter static_user_filter (class=org.apache.hadoop.http.lib.StaticUserWebFilter$StaticUserFilter) to context logs
2019-07-13 10:44:25,551 INFO  server.StorageContainerManager (StorageContainerManager.java:start(759)) - StorageContainerLocationProtocol RPC server is listening at /0.0.0.0:39908
2019-07-13 10:44:25,606 WARN  impl.MetricsConfig (MetricsConfig.java:loadFirst(134)) - Cannot locate configuration: tried hadoop-metrics2-storagecontainermanager.properties,hadoop-metrics2.properties
2019-07-13 10:44:25,619 INFO  impl.MetricsSystemImpl (MetricsSystemImpl.java:startTimer(374)) - Scheduled Metric snapshot period at 10 second(s).
2019-07-13 10:44:25,619 INFO  impl.MetricsSystemImpl (MetricsSystemImpl.java:start(191)) - StorageContainerManager metrics system started
2019-07-13 10:44:25,831 INFO  server.SCMClientProtocolServer (SCMClientProtocolServer.java:start(149)) - RPC server for Client  is listening at /0.0.0.0:39908
2019-07-13 10:44:25,832 INFO  ipc.Server (Server.java:run(1314)) - IPC Server Responder: starting
2019-07-13 10:44:25,832 INFO  ipc.Server (Server.java:run(1153)) - IPC Server listener on 39908: starting
2019-07-13 10:44:25,836 INFO  server.StorageContainerManager (StorageContainerManager.java:start(768)) - ScmBlockLocationProtocol RPC server is listening at /0.0.0.0:41484
2019-07-13 10:44:25,837 INFO  server.SCMBlockProtocolServer (SCMBlockProtocolServer.java:start(140)) - RPC server for Block Protocol is listening at /0.0.0.0:41484
2019-07-13 10:44:25,837 INFO  ipc.Server (Server.java:run(1314)) - IPC Server Responder: starting
2019-07-13 10:44:25,837 INFO  ipc.Server (Server.java:run(1153)) - IPC Server listener on 41484: starting
2019-07-13 10:44:25,846 INFO  server.StorageContainerManager (StorageContainerManager.java:start(772)) - ScmDatanodeProtocl RPC server is listening at /0.0.0.0:46696
2019-07-13 10:44:25,846 INFO  server.SCMDatanodeProtocolServer (SCMDatanodeProtocolServer.java:start(191)) - RPC server for DataNodes is listening at /0.0.0.0:46696
2019-07-13 10:44:25,848 INFO  ipc.Server (Server.java:run(1314)) - IPC Server Responder: starting
2019-07-13 10:44:25,849 INFO  ipc.Server (Server.java:run(1153)) - IPC Server listener on 46696: starting
2019-07-13 10:44:25,860 INFO  http.HttpServer2 (HttpServer2.java:bindListener(1191)) - Jetty bound to port 45936
2019-07-13 10:44:25,863 INFO  server.Server (Server.java:doStart(351)) - jetty-9.3.24.v20180605, build timestamp: 2018-06-05T17:11:56Z, git hash: 84205aa28f11a4f31f2a3b86d1bba2cc8ab69827
2019-07-13 10:44:25,903 INFO  handler.ContextHandler (ContextHandler.java:doStart(781)) - Started o.e.j.s.ServletContextHandler@635572a7{/logs,file:///tmp/workdir/hadoop-ozone/integration-test/target/log,AVAILABLE}
2019-07-13 10:44:25,903 INFO  handler.ContextHandler (ContextHandler.java:doStart(781)) - Started o.e.j.s.ServletContextHandler@4dd02341{/static,file:///tmp/workdir/hadoop-ozone/integration-test/target/test-classes/webapps/static,AVAILABLE}
2019-07-13 10:44:25,937 INFO  handler.ContextHandler (ContextHandler.java:doStart(781)) - Started o.e.j.w.WebAppContext@6fff253c{/,file:///tmp/workdir/hadoop-ozone/integration-test/target/test-classes/webapps/scm/,AVAILABLE}{/scm}
2019-07-13 10:44:25,942 INFO  server.AbstractConnector (AbstractConnector.java:doStart(278)) - Started ServerConnector@7c041b41{HTTP/1.1,[http/1.1]}{0.0.0.0:45936}
2019-07-13 10:44:25,943 INFO  server.Server (Server.java:doStart(419)) - Started @2777ms
2019-07-13 10:44:25,944 INFO  server.BaseHttpServer (BaseHttpServer.java:updateConnectorAddress(207)) - HTTP server of SCM is listening at http://0.0.0.0:45936
2019-07-13 10:44:25,951 INFO  util.JvmPauseMonitor (JvmPauseMonitor.java:run(188)) - Starting JVM pause monitor
2019-07-13 10:44:25,952 WARN  server.ServerUtils (ServerUtils.java:getDBPath(222)) - ozone.om.db.dirs is not configured. We recommend adding this setting. Falling back to ozone.metadata.dirs instead.
2019-07-13 10:44:26,048 WARN  server.ServerUtils (ServerUtils.java:getDBPath(222)) - ozone.om.db.dirs is not configured. We recommend adding this setting. Falling back to ozone.metadata.dirs instead.
2019-07-13 10:44:26,050 INFO  om.OzoneManager (OzoneManager.java:setOMNodeDetails(630)) - OM Service ID is not set. Setting it to the default ID: omServiceIdDefault
2019-07-13 10:44:26,050 INFO  om.OzoneManager (OzoneManager.java:setOMNodeDetails(636)) - OM Node ID is not set. Setting it to the OmStorage's OmID: 15122fec-b671-4666-a6f9-0ae24928232b
2019-07-13 10:44:26,051 INFO  om.OzoneManager (OzoneManager.java:loadOMHAConfigs(587)) - Found matching OM address with OMServiceId: null, OMNodeId: null, RPC Address: localhost:0 and Ratis port: 9872
2019-07-13 10:44:26,317 WARN  server.ServerUtils (ServerUtils.java:getDBPath(222)) - ozone.om.db.dirs is not configured. We recommend adding this setting. Falling back to ozone.metadata.dirs instead.
2019-07-13 10:44:26,327 INFO  db.DBStoreBuilder (DBStoreBuilder.java:addTable(110)) - using custom profile for table: userTable
2019-07-13 10:44:26,328 INFO  db.DBStoreBuilder (DBStoreBuilder.java:processTables(161)) - Using default column profile:DBProfile.DISK for Table:userTable
2019-07-13 10:44:26,328 INFO  db.DBStoreBuilder (DBStoreBuilder.java:addTable(110)) - using custom profile for table: volumeTable
2019-07-13 10:44:26,328 INFO  db.DBStoreBuilder (DBStoreBuilder.java:processTables(161)) - Using default column profile:DBProfile.DISK for Table:volumeTable
2019-07-13 10:44:26,329 INFO  db.DBStoreBuilder (DBStoreBuilder.java:addTable(110)) - using custom profile for table: bucketTable
2019-07-13 10:44:26,329 INFO  db.DBStoreBuilder (DBStoreBuilder.java:processTables(161)) - Using default column profile:DBProfile.DISK for Table:bucketTable
2019-07-13 10:44:26,329 INFO  db.DBStoreBuilder (DBStoreBuilder.java:addTable(110)) - using custom profile for table: keyTable
2019-07-13 10:44:26,329 INFO  db.DBStoreBuilder (DBStoreBuilder.java:processTables(161)) - Using default column profile:DBProfile.DISK for Table:keyTable
2019-07-13 10:44:26,330 INFO  db.DBStoreBuilder (DBStoreBuilder.java:addTable(110)) - using custom profile for table: deletedTable
2019-07-13 10:44:26,330 INFO  db.DBStoreBuilder (DBStoreBuilder.java:processTables(161)) - Using default column profile:DBProfile.DISK for Table:deletedTable
2019-07-13 10:44:26,330 INFO  db.DBStoreBuilder (DBStoreBuilder.java:addTable(110)) - using custom profile for table: openKeyTable
2019-07-13 10:44:26,331 INFO  db.DBStoreBuilder (DBStoreBuilder.java:processTables(161)) - Using default column profile:DBProfile.DISK for Table:openKeyTable
2019-07-13 10:44:26,331 INFO  db.DBStoreBuilder (DBStoreBuilder.java:addTable(110)) - using custom profile for table: s3Table
2019-07-13 10:44:26,331 INFO  db.DBStoreBuilder (DBStoreBuilder.java:processTables(161)) - Using default column profile:DBProfile.DISK for Table:s3Table
2019-07-13 10:44:26,332 INFO  db.DBStoreBuilder (DBStoreBuilder.java:addTable(110)) - using custom profile for table: multipartInfoTable
2019-07-13 10:44:26,332 INFO  db.DBStoreBuilder (DBStoreBuilder.java:processTables(161)) - Using default column profile:DBProfile.DISK for Table:multipartInfoTable
2019-07-13 10:44:26,332 INFO  db.DBStoreBuilder (DBStoreBuilder.java:addTable(110)) - using custom profile for table: dTokenTable
2019-07-13 10:44:26,332 INFO  db.DBStoreBuilder (DBStoreBuilder.java:processTables(161)) - Using default column profile:DBProfile.DISK for Table:dTokenTable
2019-07-13 10:44:26,333 INFO  db.DBStoreBuilder (DBStoreBuilder.java:addTable(110)) - using custom profile for table: s3SecretTable
2019-07-13 10:44:26,333 INFO  db.DBStoreBuilder (DBStoreBuilder.java:processTables(161)) - Using default column profile:DBProfile.DISK for Table:s3SecretTable
2019-07-13 10:44:26,333 INFO  db.DBStoreBuilder (DBStoreBuilder.java:addTable(110)) - using custom profile for table: prefixTable
2019-07-13 10:44:26,334 INFO  db.DBStoreBuilder (DBStoreBuilder.java:processTables(161)) - Using default column profile:DBProfile.DISK for Table:prefixTable
2019-07-13 10:44:26,334 INFO  db.DBStoreBuilder (DBStoreBuilder.java:addTable(110)) - using custom profile for table: default
2019-07-13 10:44:26,334 INFO  db.DBStoreBuilder (DBStoreBuilder.java:processTables(167)) - Using default column profile:DBProfile.DISK for Table:default
2019-07-13 10:44:26,334 INFO  db.DBStoreBuilder (DBStoreBuilder.java:getDbProfile(198)) - Using default options. DBProfile.DISK
2019-07-13 10:44:27,425 INFO  ipc.CallQueueManager (CallQueueManager.java:<init>(84)) - Using callQueue: class java.util.concurrent.LinkedBlockingQueue, queueCapacity: 2000, scheduler: class org.apache.hadoop.ipc.DefaultRpcScheduler, ipcBackoff: false.
2019-07-13 10:44:27,427 INFO  ipc.Server (Server.java:run(1074)) - Starting Socket Reader #1 for port 37566
2019-07-13 10:44:27,456 WARN  server.ServerUtils (ServerUtils.java:getDBPath(222)) - ozone.om.db.dirs is not configured. We recommend adding this setting. Falling back to ozone.metadata.dirs instead.
2019-07-13 10:44:27,456 INFO  om.OzoneManager (OzoneManager.java:start(1228)) - OzoneManager RPC server is listening at localhost/127.0.0.1:37566
2019-07-13 10:44:27,456 INFO  impl.MetricsSystemImpl (MetricsSystemImpl.java:init(158)) - OzoneManager metrics system started (again)
2019-07-13 10:44:27,458 INFO  ipc.Server (Server.java:run(1314)) - IPC Server Responder: starting
2019-07-13 10:44:27,459 INFO  ipc.Server (Server.java:run(1153)) - IPC Server listener on 37566: starting
2019-07-13 10:44:27,472 INFO  hdfs.DFSUtil (DFSUtil.java:httpServerTemplateForNNAndJN(1641)) - Starting Web-server for ozoneManager at: http://0.0.0.0:0
2019-07-13 10:44:27,474 INFO  server.AuthenticationFilter (AuthenticationFilter.java:constructSecretProvider(240)) - Unable to initialize FileSignerSecretProvider, falling back to use random secrets.
2019-07-13 10:44:27,474 WARN  http.HttpRequestLog (HttpRequestLog.java:getRequestLog(97)) - Jetty request log can only be enabled using Log4j
2019-07-13 10:44:27,476 INFO  http.HttpServer2 (HttpServer2.java:addGlobalFilter(975)) - Added global filter 'safety' (class=org.apache.hadoop.http.HttpServer2$QuotingInputFilter)
2019-07-13 10:44:27,477 INFO  http.HttpServer2 (HttpServer2.java:addFilter(948)) - Added filter static_user_filter (class=org.apache.hadoop.http.lib.StaticUserWebFilter$StaticUserFilter) to context ozoneManager
2019-07-13 10:44:27,478 INFO  http.HttpServer2 (HttpServer2.java:addFilter(958)) - Added filter static_user_filter (class=org.apache.hadoop.http.lib.StaticUserWebFilter$StaticUserFilter) to context static
2019-07-13 10:44:27,478 INFO  http.HttpServer2 (HttpServer2.java:addFilter(958)) - Added filter static_user_filter (class=org.apache.hadoop.http.lib.StaticUserWebFilter$StaticUserFilter) to context logs
2019-07-13 10:44:27,480 INFO  http.HttpServer2 (HttpServer2.java:bindListener(1191)) - Jetty bound to port 38796
2019-07-13 10:44:27,480 INFO  server.Server (Server.java:doStart(351)) - jetty-9.3.24.v20180605, build timestamp: 2018-06-05T17:11:56Z, git hash: 84205aa28f11a4f31f2a3b86d1bba2cc8ab69827
2019-07-13 10:44:27,482 INFO  handler.ContextHandler (ContextHandler.java:doStart(781)) - Started o.e.j.s.ServletContextHandler@2d0bfb24{/logs,file:///tmp/workdir/hadoop-ozone/integration-test/target/log,AVAILABLE}
2019-07-13 10:44:27,483 INFO  handler.ContextHandler (ContextHandler.java:doStart(781)) - Started o.e.j.s.ServletContextHandler@7b44b63d{/static,file:///tmp/workdir/hadoop-ozone/integration-test/target/test-classes/webapps/static,AVAILABLE}
2019-07-13 10:44:27,488 INFO  handler.ContextHandler (ContextHandler.java:doStart(781)) - Started o.e.j.w.WebAppContext@3e9803c2{/,file:///tmp/workdir/hadoop-ozone/integration-test/target/test-classes/webapps/ozoneManager/,AVAILABLE}{/ozoneManager}
2019-07-13 10:44:27,490 INFO  server.AbstractConnector (AbstractConnector.java:doStart(278)) - Started ServerConnector@4525d1d3{HTTP/1.1,[http/1.1]}{0.0.0.0:38796}
2019-07-13 10:44:27,490 INFO  server.Server (Server.java:doStart(419)) - Started @4324ms
2019-07-13 10:44:27,492 INFO  server.BaseHttpServer (BaseHttpServer.java:updateConnectorAddress(207)) - HTTP server of OZONEMANAGER is listening at http://0.0.0.0:38796
2019-07-13 10:44:27,800 INFO  impl.MetricsSystemImpl (MetricsSystemImpl.java:init(158)) - HddsDatanode metrics system started (again)
2019-07-13 10:44:27,887 INFO  ozone.HddsDatanodeService (HddsDatanodeService.java:start(185)) - HddsDatanodeService host:trunk-nightly-qcxv8-4293026562 ip:192.168.157.218
2019-07-13 10:44:27,917 INFO  volume.HddsVolume (HddsVolume.java:<init>(176)) - Creating Volume: /tmp/workdir/hadoop-ozone/integration-test/target/test-dir/MiniOzoneClusterImpl-8ae1f3ed-f636-4fe8-bd46-95e90032052b/datanode-0/data/containers/hdds of  storage type : DISK and capacity : 52710309888
2019-07-13 10:44:27,918 INFO  volume.VolumeSet (VolumeSet.java:initializeVolumeSet(170)) - Added Volume : /tmp/workdir/hadoop-ozone/integration-test/target/test-dir/MiniOzoneClusterImpl-8ae1f3ed-f636-4fe8-bd46-95e90032052b/datanode-0/data/containers/hdds to VolumeSet
2019-07-13 10:44:27,921 INFO  volume.ThrottledAsyncChecker (ThrottledAsyncChecker.java:schedule(140)) - Scheduling a check for org.apache.hadoop.ozone.container.common.volume.HddsVolume@59546cfe
2019-07-13 10:44:27,938 INFO  volume.HddsVolumeChecker (HddsVolumeChecker.java:checkAllVolumes(203)) - Scheduled health check for volume org.apache.hadoop.ozone.container.common.volume.HddsVolume@59546cfe
2019-07-13 10:44:28,030 INFO  impl.RaftServerProxy (ConfUtils.java:logGet(43)) - raft.rpc.type = GRPC (default)
2019-07-13 10:44:28,079 INFO  grpc.GrpcFactory (GrpcFactory.java:checkPooledByteBufAllocatorUseCacheForAllThreads(45)) - PERFORMANCE WARNING: useCacheForAllThreads is true that may cause Netty to create a lot garbage objects and, as a result, trigger GC.
	It is recommended to disable useCacheForAllThreads by setting -Dorg.apache.ratis.thirdparty.io.netty.allocator.useCacheForAllThreads=false in command line.
2019-07-13 10:44:28,083 INFO  grpc.GrpcConfigKeys$Server (ConfUtils.java:logGet(43)) - raft.grpc.server.port = 0 (default)
2019-07-13 10:44:28,084 INFO  server.GrpcService (ConfUtils.java:logGet(43)) - raft.grpc.message.size.max = 33570816 (custom)
2019-07-13 10:44:28,085 INFO  server.RaftServerConfigKeys (ConfUtils.java:logGet(43)) - raft.server.log.appender.buffer.byte-limit = 33554432 (custom)
2019-07-13 10:44:28,086 INFO  server.GrpcService (ConfUtils.java:logGet(43)) - raft.grpc.flow.control.window = 1MB (=1048576) (default)
2019-07-13 10:44:28,086 INFO  server.RaftServerConfigKeys (ConfUtils.java:logGet(43)) - raft.server.rpc.request.timeout = 3000ms (default)
2019-07-13 10:44:28,207 INFO  server.RaftServerConfigKeys (ConfUtils.java:logGet(43)) - raft.server.storage.dir = [/tmp/workdir/hadoop-ozone/integration-test/target/test-dir/MiniOzoneClusterImpl-8ae1f3ed-f636-4fe8-bd46-95e90032052b/datanode-0/data/ratis] (custom)
2019-07-13 10:44:28,235 INFO  replication.SimpleContainerDownloader (SimpleContainerDownloader.java:<init>(72)) - Starting container downloader service to copy containers to replicate.
2019-07-13 10:44:28,245 INFO  hdfs.DFSUtil (DFSUtil.java:httpServerTemplateForNNAndJN(1641)) - Starting Web-server for hddsDatanode at: http://0.0.0.0:0
2019-07-13 10:44:28,246 INFO  server.AuthenticationFilter (AuthenticationFilter.java:constructSecretProvider(240)) - Unable to initialize FileSignerSecretProvider, falling back to use random secrets.
2019-07-13 10:44:28,247 WARN  http.HttpRequestLog (HttpRequestLog.java:getRequestLog(97)) - Jetty request log can only be enabled using Log4j
2019-07-13 10:44:28,248 INFO  http.HttpServer2 (HttpServer2.java:addGlobalFilter(975)) - Added global filter 'safety' (class=org.apache.hadoop.http.HttpServer2$QuotingInputFilter)
2019-07-13 10:44:28,248 INFO  http.HttpServer2 (HttpServer2.java:addFilter(948)) - Added filter static_user_filter (class=org.apache.hadoop.http.lib.StaticUserWebFilter$StaticUserFilter) to context hddsDatanode
2019-07-13 10:44:28,249 INFO  http.HttpServer2 (HttpServer2.java:addFilter(958)) - Added filter static_user_filter (class=org.apache.hadoop.http.lib.StaticUserWebFilter$StaticUserFilter) to context static
2019-07-13 10:44:28,249 INFO  http.HttpServer2 (HttpServer2.java:addFilter(958)) - Added filter static_user_filter (class=org.apache.hadoop.http.lib.StaticUserWebFilter$StaticUserFilter) to context logs
2019-07-13 10:44:28,249 INFO  http.HttpServer2 (HttpServer2.java:bindListener(1191)) - Jetty bound to port 44516
2019-07-13 10:44:28,250 INFO  server.Server (Server.java:doStart(351)) - jetty-9.3.24.v20180605, build timestamp: 2018-06-05T17:11:56Z, git hash: 84205aa28f11a4f31f2a3b86d1bba2cc8ab69827
2019-07-13 10:44:28,251 INFO  handler.ContextHandler (ContextHandler.java:doStart(781)) - Started o.e.j.s.ServletContextHandler@36cc9385{/logs,file:///tmp/workdir/hadoop-ozone/integration-test/target/log,AVAILABLE}
2019-07-13 10:44:28,252 INFO  handler.ContextHandler (ContextHandler.java:doStart(781)) - Started o.e.j.s.ServletContextHandler@7915bca3{/static,jar:file:/home/user/.m2/repository/org/apache/hadoop/hadoop-hdds-container-service/0.5.0-SNAPSHOT/hadoop-hdds-container-service-0.5.0-SNAPSHOT.jar!/webapps/static,AVAILABLE}
2019-07-13 10:44:28,280 INFO  handler.ContextHandler (ContextHandler.java:doStart(781)) - Started o.e.j.w.WebAppContext@37e0292a{/,file:///tmp/jetty-0.0.0.0-44516-hddsDatanode-_-any-6765667349544623407.dir/webapp/,AVAILABLE}{/hddsDatanode}
2019-07-13 10:44:28,280 INFO  server.AbstractConnector (AbstractConnector.java:doStart(278)) - Started ServerConnector@4af70944{HTTP/1.1,[http/1.1]}{0.0.0.0:44516}
2019-07-13 10:44:28,281 INFO  server.Server (Server.java:doStart(419)) - Started @5115ms
2019-07-13 10:44:28,283 INFO  server.BaseHttpServer (BaseHttpServer.java:updateConnectorAddress(207)) - HTTP server of HDDSDATANODE is listening at http://0.0.0.0:44516
2019-07-13 10:44:29,385 INFO  ozone.HddsDatanodeService (HddsDatanodeService.java:startPlugins(396)) - Started plug-in org.apache.hadoop.ozone.web.OzoneHddsDatanodeService@b4732dc
2019-07-13 10:44:29,387 INFO  impl.MetricsSystemImpl (MetricsSystemImpl.java:init(158)) - HddsDatanode metrics system started (again)
2019-07-13 10:44:29,389 INFO  ozone.HddsDatanodeService (HddsDatanodeService.java:start(185)) - HddsDatanodeService host:trunk-nightly-qcxv8-4293026562 ip:192.168.157.218
2019-07-13 10:44:29,394 INFO  util.JvmPauseMonitor (JvmPauseMonitor.java:run(188)) - Starting JVM pause monitor
2019-07-13 10:44:29,402 INFO  volume.HddsVolume (HddsVolume.java:<init>(176)) - Creating Volume: /tmp/workdir/hadoop-ozone/integration-test/target/test-dir/MiniOzoneClusterImpl-8ae1f3ed-f636-4fe8-bd46-95e90032052b/datanode-1/data/containers/hdds of  storage type : DISK and capacity : 52710309888
2019-07-13 10:44:29,403 INFO  volume.VolumeSet (VolumeSet.java:initializeVolumeSet(170)) - Added Volume : /tmp/workdir/hadoop-ozone/integration-test/target/test-dir/MiniOzoneClusterImpl-8ae1f3ed-f636-4fe8-bd46-95e90032052b/datanode-1/data/containers/hdds to VolumeSet
2019-07-13 10:44:29,404 INFO  volume.ThrottledAsyncChecker (ThrottledAsyncChecker.java:schedule(140)) - Scheduling a check for org.apache.hadoop.ozone.container.common.volume.HddsVolume@778a1250
2019-07-13 10:44:29,407 INFO  volume.HddsVolumeChecker (HddsVolumeChecker.java:checkAllVolumes(203)) - Scheduled health check for volume org.apache.hadoop.ozone.container.common.volume.HddsVolume@778a1250
2019-07-13 10:44:29,429 INFO  impl.RaftServerProxy (ConfUtils.java:logGet(43)) - raft.rpc.type = GRPC (default)
2019-07-13 10:44:29,430 INFO  grpc.GrpcFactory (GrpcFactory.java:checkPooledByteBufAllocatorUseCacheForAllThreads(45)) - PERFORMANCE WARNING: useCacheForAllThreads is true that may cause Netty to create a lot garbage objects and, as a result, trigger GC.
	It is recommended to disable useCacheForAllThreads by setting -Dorg.apache.ratis.thirdparty.io.netty.allocator.useCacheForAllThreads=false in command line.
2019-07-13 10:44:29,430 INFO  grpc.GrpcConfigKeys$Server (ConfUtils.java:logGet(43)) - raft.grpc.server.port = 0 (default)
2019-07-13 10:44:29,431 INFO  server.GrpcService (ConfUtils.java:logGet(43)) - raft.grpc.message.size.max = 33570816 (custom)
2019-07-13 10:44:29,431 INFO  server.RaftServerConfigKeys (ConfUtils.java:logGet(43)) - raft.server.log.appender.buffer.byte-limit = 33554432 (custom)
2019-07-13 10:44:29,431 INFO  server.GrpcService (ConfUtils.java:logGet(43)) - raft.grpc.flow.control.window = 1MB (=1048576) (default)
2019-07-13 10:44:29,432 INFO  server.RaftServerConfigKeys (ConfUtils.java:logGet(43)) - raft.server.rpc.request.timeout = 3000ms (default)
2019-07-13 10:44:29,434 INFO  server.RaftServerConfigKeys (ConfUtils.java:logGet(43)) - raft.server.storage.dir = [/tmp/workdir/hadoop-ozone/integration-test/target/test-dir/MiniOzoneClusterImpl-8ae1f3ed-f636-4fe8-bd46-95e90032052b/datanode-1/data/ratis] (custom)
2019-07-13 10:44:29,435 INFO  replication.SimpleContainerDownloader (SimpleContainerDownloader.java:<init>(72)) - Starting container downloader service to copy containers to replicate.
2019-07-13 10:44:29,437 INFO  hdfs.DFSUtil (DFSUtil.java:httpServerTemplateForNNAndJN(1641)) - Starting Web-server for hddsDatanode at: http://0.0.0.0:0
2019-07-13 10:44:29,441 INFO  server.AuthenticationFilter (AuthenticationFilter.java:constructSecretProvider(240)) - Unable to initialize FileSignerSecretProvider, falling back to use random secrets.
2019-07-13 10:44:29,442 WARN  http.HttpRequestLog (HttpRequestLog.java:getRequestLog(97)) - Jetty request log can only be enabled using Log4j
2019-07-13 10:44:29,445 INFO  http.HttpServer2 (HttpServer2.java:addGlobalFilter(975)) - Added global filter 'safety' (class=org.apache.hadoop.http.HttpServer2$QuotingInputFilter)
2019-07-13 10:44:29,446 INFO  http.HttpServer2 (HttpServer2.java:addFilter(948)) - Added filter static_user_filter (class=org.apache.hadoop.http.lib.StaticUserWebFilter$StaticUserFilter) to context hddsDatanode
2019-07-13 10:44:29,447 INFO  http.HttpServer2 (HttpServer2.java:addFilter(958)) - Added filter static_user_filter (class=org.apache.hadoop.http.lib.StaticUserWebFilter$StaticUserFilter) to context static
2019-07-13 10:44:29,447 INFO  http.HttpServer2 (HttpServer2.java:addFilter(958)) - Added filter static_user_filter (class=org.apache.hadoop.http.lib.StaticUserWebFilter$StaticUserFilter) to context logs
2019-07-13 10:44:29,449 INFO  http.HttpServer2 (HttpServer2.java:bindListener(1191)) - Jetty bound to port 39565
2019-07-13 10:44:29,449 INFO  server.Server (Server.java:doStart(351)) - jetty-9.3.24.v20180605, build timestamp: 2018-06-05T17:11:56Z, git hash: 84205aa28f11a4f31f2a3b86d1bba2cc8ab69827
2019-07-13 10:44:29,454 INFO  handler.ContextHandler (ContextHandler.java:doStart(781)) - Started o.e.j.s.ServletContextHandler@359066bc{/logs,file:///tmp/workdir/hadoop-ozone/integration-test/target/log,AVAILABLE}
2019-07-13 10:44:29,455 INFO  handler.ContextHandler (ContextHandler.java:doStart(781)) - Started o.e.j.s.ServletContextHandler@364fd4ae{/static,jar:file:/home/user/.m2/repository/org/apache/hadoop/hadoop-hdds-container-service/0.5.0-SNAPSHOT/hadoop-hdds-container-service-0.5.0-SNAPSHOT.jar!/webapps/static,AVAILABLE}
2019-07-13 10:44:29,505 INFO  handler.ContextHandler (ContextHandler.java:doStart(781)) - Started o.e.j.w.WebAppContext@2e1eb85f{/,file:///tmp/jetty-0.0.0.0-39565-hddsDatanode-_-any-566260151723519787.dir/webapp/,AVAILABLE}{/hddsDatanode}
2019-07-13 10:44:29,508 INFO  server.AbstractConnector (AbstractConnector.java:doStart(278)) - Started ServerConnector@ea7a4c3{HTTP/1.1,[http/1.1]}{0.0.0.0:39565}
2019-07-13 10:44:29,510 INFO  server.Server (Server.java:doStart(419)) - Started @6344ms
2019-07-13 10:44:29,511 INFO  server.BaseHttpServer (BaseHttpServer.java:updateConnectorAddress(207)) - HTTP server of HDDSDATANODE is listening at http://0.0.0.0:39565
2019-07-13 10:44:29,556 INFO  datanode.InitDatanodeState (InitDatanodeState.java:persistContainerDatanodeDetails(140)) - DatanodeDetails is persisted to /tmp/workdir/hadoop-ozone/integration-test/target/test-dir/MiniOzoneClusterImpl-8ae1f3ed-f636-4fe8-bd46-95e90032052b/datanode-0/meta/datanode.id
2019-07-13 10:44:29,663 INFO  ozone.HddsDatanodeService (HddsDatanodeService.java:startPlugins(396)) - Started plug-in org.apache.hadoop.ozone.web.OzoneHddsDatanodeService@5729b410
2019-07-13 10:44:29,664 INFO  impl.MetricsSystemImpl (MetricsSystemImpl.java:init(158)) - HddsDatanode metrics system started (again)
2019-07-13 10:44:29,665 INFO  ozone.HddsDatanodeService (HddsDatanodeService.java:start(185)) - HddsDatanodeService host:trunk-nightly-qcxv8-4293026562 ip:192.168.157.218
2019-07-13 10:44:29,667 INFO  util.JvmPauseMonitor (JvmPauseMonitor.java:run(188)) - Starting JVM pause monitor
2019-07-13 10:44:29,677 INFO  volume.HddsVolume (HddsVolume.java:<init>(176)) - Creating Volume: /tmp/workdir/hadoop-ozone/integration-test/target/test-dir/MiniOzoneClusterImpl-8ae1f3ed-f636-4fe8-bd46-95e90032052b/datanode-2/data/containers/hdds of  storage type : DISK and capacity : 52710309888
2019-07-13 10:44:29,677 INFO  volume.VolumeSet (VolumeSet.java:initializeVolumeSet(170)) - Added Volume : /tmp/workdir/hadoop-ozone/integration-test/target/test-dir/MiniOzoneClusterImpl-8ae1f3ed-f636-4fe8-bd46-95e90032052b/datanode-2/data/containers/hdds to VolumeSet
2019-07-13 10:44:29,678 INFO  volume.ThrottledAsyncChecker (ThrottledAsyncChecker.java:schedule(140)) - Scheduling a check for org.apache.hadoop.ozone.container.common.volume.HddsVolume@52b959df
2019-07-13 10:44:29,678 INFO  datanode.InitDatanodeState (InitDatanodeState.java:persistContainerDatanodeDetails(140)) - DatanodeDetails is persisted to /tmp/workdir/hadoop-ozone/integration-test/target/test-dir/MiniOzoneClusterImpl-8ae1f3ed-f636-4fe8-bd46-95e90032052b/datanode-1/meta/datanode.id
2019-07-13 10:44:29,679 INFO  volume.HddsVolumeChecker (HddsVolumeChecker.java:checkAllVolumes(203)) - Scheduled health check for volume org.apache.hadoop.ozone.container.common.volume.HddsVolume@52b959df
2019-07-13 10:44:29,697 INFO  impl.RaftServerProxy (ConfUtils.java:logGet(43)) - raft.rpc.type = GRPC (default)
2019-07-13 10:44:29,697 INFO  grpc.GrpcFactory (GrpcFactory.java:checkPooledByteBufAllocatorUseCacheForAllThreads(45)) - PERFORMANCE WARNING: useCacheForAllThreads is true that may cause Netty to create a lot garbage objects and, as a result, trigger GC.
	It is recommended to disable useCacheForAllThreads by setting -Dorg.apache.ratis.thirdparty.io.netty.allocator.useCacheForAllThreads=false in command line.
2019-07-13 10:44:29,698 INFO  grpc.GrpcConfigKeys$Server (ConfUtils.java:logGet(43)) - raft.grpc.server.port = 0 (default)
2019-07-13 10:44:29,698 INFO  server.GrpcService (ConfUtils.java:logGet(43)) - raft.grpc.message.size.max = 33570816 (custom)
2019-07-13 10:44:29,698 INFO  server.RaftServerConfigKeys (ConfUtils.java:logGet(43)) - raft.server.log.appender.buffer.byte-limit = 33554432 (custom)
2019-07-13 10:44:29,698 INFO  server.GrpcService (ConfUtils.java:logGet(43)) - raft.grpc.flow.control.window = 1MB (=1048576) (default)
2019-07-13 10:44:29,699 INFO  server.RaftServerConfigKeys (ConfUtils.java:logGet(43)) - raft.server.rpc.request.timeout = 3000ms (default)
2019-07-13 10:44:29,699 INFO  server.RaftServerConfigKeys (ConfUtils.java:logGet(43)) - raft.server.storage.dir = [/tmp/workdir/hadoop-ozone/integration-test/target/test-dir/MiniOzoneClusterImpl-8ae1f3ed-f636-4fe8-bd46-95e90032052b/datanode-2/data/ratis] (custom)
2019-07-13 10:44:29,700 INFO  replication.SimpleContainerDownloader (SimpleContainerDownloader.java:<init>(72)) - Starting container downloader service to copy containers to replicate.
2019-07-13 10:44:29,701 INFO  hdfs.DFSUtil (DFSUtil.java:httpServerTemplateForNNAndJN(1641)) - Starting Web-server for hddsDatanode at: http://0.0.0.0:0
2019-07-13 10:44:29,703 INFO  server.AuthenticationFilter (AuthenticationFilter.java:constructSecretProvider(240)) - Unable to initialize FileSignerSecretProvider, falling back to use random secrets.
2019-07-13 10:44:29,703 WARN  http.HttpRequestLog (HttpRequestLog.java:getRequestLog(97)) - Jetty request log can only be enabled using Log4j
2019-07-13 10:44:29,705 INFO  http.HttpServer2 (HttpServer2.java:addGlobalFilter(975)) - Added global filter 'safety' (class=org.apache.hadoop.http.HttpServer2$QuotingInputFilter)
2019-07-13 10:44:29,705 INFO  http.HttpServer2 (HttpServer2.java:addFilter(948)) - Added filter static_user_filter (class=org.apache.hadoop.http.lib.StaticUserWebFilter$StaticUserFilter) to context hddsDatanode
2019-07-13 10:44:29,706 INFO  http.HttpServer2 (HttpServer2.java:addFilter(958)) - Added filter static_user_filter (class=org.apache.hadoop.http.lib.StaticUserWebFilter$StaticUserFilter) to context static
2019-07-13 10:44:29,706 INFO  http.HttpServer2 (HttpServer2.java:addFilter(958)) - Added filter static_user_filter (class=org.apache.hadoop.http.lib.StaticUserWebFilter$StaticUserFilter) to context logs
2019-07-13 10:44:29,706 INFO  http.HttpServer2 (HttpServer2.java:bindListener(1191)) - Jetty bound to port 35032
2019-07-13 10:44:29,707 INFO  server.Server (Server.java:doStart(351)) - jetty-9.3.24.v20180605, build timestamp: 2018-06-05T17:11:56Z, git hash: 84205aa28f11a4f31f2a3b86d1bba2cc8ab69827
2019-07-13 10:44:29,708 INFO  handler.ContextHandler (ContextHandler.java:doStart(781)) - Started o.e.j.s.ServletContextHandler@631c6d11{/logs,file:///tmp/workdir/hadoop-ozone/integration-test/target/log,AVAILABLE}
2019-07-13 10:44:29,709 INFO  handler.ContextHandler (ContextHandler.java:doStart(781)) - Started o.e.j.s.ServletContextHandler@62ade015{/static,jar:file:/home/user/.m2/repository/org/apache/hadoop/hadoop-hdds-container-service/0.5.0-SNAPSHOT/hadoop-hdds-container-service-0.5.0-SNAPSHOT.jar!/webapps/static,AVAILABLE}
2019-07-13 10:44:29,738 INFO  handler.ContextHandler (ContextHandler.java:doStart(781)) - Started o.e.j.w.WebAppContext@7197b07f{/,file:///tmp/jetty-0.0.0.0-35032-hddsDatanode-_-any-7021860464674363730.dir/webapp/,AVAILABLE}{/hddsDatanode}
2019-07-13 10:44:29,739 INFO  server.AbstractConnector (AbstractConnector.java:doStart(278)) - Started ServerConnector@1f10fec6{HTTP/1.1,[http/1.1]}{0.0.0.0:35032}
2019-07-13 10:44:29,741 INFO  server.Server (Server.java:doStart(419)) - Started @6575ms
2019-07-13 10:44:29,742 INFO  server.BaseHttpServer (BaseHttpServer.java:updateConnectorAddress(207)) - HTTP server of HDDSDATANODE is listening at http://0.0.0.0:35032
2019-07-13 10:44:29,879 INFO  ozone.HddsDatanodeService (HddsDatanodeService.java:startPlugins(396)) - Started plug-in org.apache.hadoop.ozone.web.OzoneHddsDatanodeService@7436364d
2019-07-13 10:44:29,879 INFO  impl.MetricsSystemImpl (MetricsSystemImpl.java:init(158)) - HddsDatanode metrics system started (again)
2019-07-13 10:44:29,880 INFO  ozone.HddsDatanodeService (HddsDatanodeService.java:start(185)) - HddsDatanodeService host:trunk-nightly-qcxv8-4293026562 ip:192.168.157.218
2019-07-13 10:44:29,883 INFO  util.JvmPauseMonitor (JvmPauseMonitor.java:run(188)) - Starting JVM pause monitor
2019-07-13 10:44:29,885 INFO  datanode.InitDatanodeState (InitDatanodeState.java:persistContainerDatanodeDetails(140)) - DatanodeDetails is persisted to /tmp/workdir/hadoop-ozone/integration-test/target/test-dir/MiniOzoneClusterImpl-8ae1f3ed-f636-4fe8-bd46-95e90032052b/datanode-2/meta/datanode.id
2019-07-13 10:44:29,887 INFO  volume.HddsVolume (HddsVolume.java:<init>(176)) - Creating Volume: /tmp/workdir/hadoop-ozone/integration-test/target/test-dir/MiniOzoneClusterImpl-8ae1f3ed-f636-4fe8-bd46-95e90032052b/datanode-3/data/containers/hdds of  storage type : DISK and capacity : 52710309888
2019-07-13 10:44:29,888 INFO  volume.VolumeSet (VolumeSet.java:initializeVolumeSet(170)) - Added Volume : /tmp/workdir/hadoop-ozone/integration-test/target/test-dir/MiniOzoneClusterImpl-8ae1f3ed-f636-4fe8-bd46-95e90032052b/datanode-3/data/containers/hdds to VolumeSet
2019-07-13 10:44:29,888 INFO  volume.ThrottledAsyncChecker (ThrottledAsyncChecker.java:schedule(140)) - Scheduling a check for org.apache.hadoop.ozone.container.common.volume.HddsVolume@517704
2019-07-13 10:44:29,888 INFO  volume.HddsVolumeChecker (HddsVolumeChecker.java:checkAllVolumes(203)) - Scheduled health check for volume org.apache.hadoop.ozone.container.common.volume.HddsVolume@517704
2019-07-13 10:44:29,903 INFO  impl.RaftServerProxy (ConfUtils.java:logGet(43)) - raft.rpc.type = GRPC (default)
2019-07-13 10:44:29,903 INFO  grpc.GrpcFactory (GrpcFactory.java:checkPooledByteBufAllocatorUseCacheForAllThreads(45)) - PERFORMANCE WARNING: useCacheForAllThreads is true that may cause Netty to create a lot garbage objects and, as a result, trigger GC.
	It is recommended to disable useCacheForAllThreads by setting -Dorg.apache.ratis.thirdparty.io.netty.allocator.useCacheForAllThreads=false in command line.
2019-07-13 10:44:29,903 INFO  grpc.GrpcConfigKeys$Server (ConfUtils.java:logGet(43)) - raft.grpc.server.port = 0 (default)
2019-07-13 10:44:29,904 INFO  server.GrpcService (ConfUtils.java:logGet(43)) - raft.grpc.message.size.max = 33570816 (custom)
2019-07-13 10:44:29,904 INFO  server.RaftServerConfigKeys (ConfUtils.java:logGet(43)) - raft.server.log.appender.buffer.byte-limit = 33554432 (custom)
2019-07-13 10:44:29,904 INFO  server.GrpcService (ConfUtils.java:logGet(43)) - raft.grpc.flow.control.window = 1MB (=1048576) (default)
2019-07-13 10:44:29,904 INFO  server.RaftServerConfigKeys (ConfUtils.java:logGet(43)) - raft.server.rpc.request.timeout = 3000ms (default)
2019-07-13 10:44:29,905 INFO  server.RaftServerConfigKeys (ConfUtils.java:logGet(43)) - raft.server.storage.dir = [/tmp/workdir/hadoop-ozone/integration-test/target/test-dir/MiniOzoneClusterImpl-8ae1f3ed-f636-4fe8-bd46-95e90032052b/datanode-3/data/ratis] (custom)
2019-07-13 10:44:29,905 INFO  replication.SimpleContainerDownloader (SimpleContainerDownloader.java:<init>(72)) - Starting container downloader service to copy containers to replicate.
2019-07-13 10:44:29,907 INFO  hdfs.DFSUtil (DFSUtil.java:httpServerTemplateForNNAndJN(1641)) - Starting Web-server for hddsDatanode at: http://0.0.0.0:0
2019-07-13 10:44:29,908 INFO  server.AuthenticationFilter (AuthenticationFilter.java:constructSecretProvider(240)) - Unable to initialize FileSignerSecretProvider, falling back to use random secrets.
2019-07-13 10:44:29,909 WARN  http.HttpRequestLog (HttpRequestLog.java:getRequestLog(97)) - Jetty request log can only be enabled using Log4j
2019-07-13 10:44:29,910 INFO  http.HttpServer2 (HttpServer2.java:addGlobalFilter(975)) - Added global filter 'safety' (class=org.apache.hadoop.http.HttpServer2$QuotingInputFilter)
2019-07-13 10:44:29,911 INFO  http.HttpServer2 (HttpServer2.java:addFilter(948)) - Added filter static_user_filter (class=org.apache.hadoop.http.lib.StaticUserWebFilter$StaticUserFilter) to context hddsDatanode
2019-07-13 10:44:29,911 INFO  http.HttpServer2 (HttpServer2.java:addFilter(958)) - Added filter static_user_filter (class=org.apache.hadoop.http.lib.StaticUserWebFilter$StaticUserFilter) to context static
2019-07-13 10:44:29,911 INFO  http.HttpServer2 (HttpServer2.java:addFilter(958)) - Added filter static_user_filter (class=org.apache.hadoop.http.lib.StaticUserWebFilter$StaticUserFilter) to context logs
2019-07-13 10:44:29,912 INFO  http.HttpServer2 (HttpServer2.java:bindListener(1191)) - Jetty bound to port 44105
2019-07-13 10:44:29,912 INFO  server.Server (Server.java:doStart(351)) - jetty-9.3.24.v20180605, build timestamp: 2018-06-05T17:11:56Z, git hash: 84205aa28f11a4f31f2a3b86d1bba2cc8ab69827
2019-07-13 10:44:29,916 INFO  handler.ContextHandler (ContextHandler.java:doStart(781)) - Started o.e.j.s.ServletContextHandler@1e30db85{/logs,file:///tmp/workdir/hadoop-ozone/integration-test/target/log,AVAILABLE}
2019-07-13 10:44:29,917 INFO  handler.ContextHandler (ContextHandler.java:doStart(781)) - Started o.e.j.s.ServletContextHandler@cc9ef8d{/static,jar:file:/home/user/.m2/repository/org/apache/hadoop/hadoop-hdds-container-service/0.5.0-SNAPSHOT/hadoop-hdds-container-service-0.5.0-SNAPSHOT.jar!/webapps/static,AVAILABLE}
2019-07-13 10:44:29,947 INFO  handler.ContextHandler (ContextHandler.java:doStart(781)) - Started o.e.j.w.WebAppContext@6a2d867d{/,file:///tmp/jetty-0.0.0.0-44105-hddsDatanode-_-any-5444024425023922520.dir/webapp/,AVAILABLE}{/hddsDatanode}
2019-07-13 10:44:29,948 INFO  server.AbstractConnector (AbstractConnector.java:doStart(278)) - Started ServerConnector@73bb1337{HTTP/1.1,[http/1.1]}{0.0.0.0:44105}
2019-07-13 10:44:29,949 INFO  server.Server (Server.java:doStart(419)) - Started @6783ms
2019-07-13 10:44:29,950 INFO  server.BaseHttpServer (BaseHttpServer.java:updateConnectorAddress(207)) - HTTP server of HDDSDATANODE is listening at http://0.0.0.0:44105
2019-07-13 10:44:30,081 INFO  ozone.HddsDatanodeService (HddsDatanodeService.java:startPlugins(396)) - Started plug-in org.apache.hadoop.ozone.web.OzoneHddsDatanodeService@65da01f4
2019-07-13 10:44:30,082 INFO  impl.MetricsSystemImpl (MetricsSystemImpl.java:init(158)) - HddsDatanode metrics system started (again)
2019-07-13 10:44:30,083 INFO  ozone.HddsDatanodeService (HddsDatanodeService.java:start(185)) - HddsDatanodeService host:trunk-nightly-qcxv8-4293026562 ip:192.168.157.218
2019-07-13 10:44:30,086 INFO  util.JvmPauseMonitor (JvmPauseMonitor.java:run(188)) - Starting JVM pause monitor
2019-07-13 10:44:30,089 INFO  datanode.InitDatanodeState (InitDatanodeState.java:persistContainerDatanodeDetails(140)) - DatanodeDetails is persisted to /tmp/workdir/hadoop-ozone/integration-test/target/test-dir/MiniOzoneClusterImpl-8ae1f3ed-f636-4fe8-bd46-95e90032052b/datanode-3/meta/datanode.id
2019-07-13 10:44:30,093 INFO  volume.HddsVolume (HddsVolume.java:<init>(176)) - Creating Volume: /tmp/workdir/hadoop-ozone/integration-test/target/test-dir/MiniOzoneClusterImpl-8ae1f3ed-f636-4fe8-bd46-95e90032052b/datanode-4/data/containers/hdds of  storage type : DISK and capacity : 52710309888
2019-07-13 10:44:30,093 INFO  volume.VolumeSet (VolumeSet.java:initializeVolumeSet(170)) - Added Volume : /tmp/workdir/hadoop-ozone/integration-test/target/test-dir/MiniOzoneClusterImpl-8ae1f3ed-f636-4fe8-bd46-95e90032052b/datanode-4/data/containers/hdds to VolumeSet
2019-07-13 10:44:30,094 INFO  volume.ThrottledAsyncChecker (ThrottledAsyncChecker.java:schedule(140)) - Scheduling a check for org.apache.hadoop.ozone.container.common.volume.HddsVolume@6b2fdffc
2019-07-13 10:44:30,094 INFO  volume.HddsVolumeChecker (HddsVolumeChecker.java:checkAllVolumes(203)) - Scheduled health check for volume org.apache.hadoop.ozone.container.common.volume.HddsVolume@6b2fdffc
2019-07-13 10:44:30,110 INFO  impl.RaftServerProxy (ConfUtils.java:logGet(43)) - raft.rpc.type = GRPC (default)
2019-07-13 10:44:30,110 INFO  grpc.GrpcFactory (GrpcFactory.java:checkPooledByteBufAllocatorUseCacheForAllThreads(45)) - PERFORMANCE WARNING: useCacheForAllThreads is true that may cause Netty to create a lot garbage objects and, as a result, trigger GC.
	It is recommended to disable useCacheForAllThreads by setting -Dorg.apache.ratis.thirdparty.io.netty.allocator.useCacheForAllThreads=false in command line.
2019-07-13 10:44:30,110 INFO  grpc.GrpcConfigKeys$Server (ConfUtils.java:logGet(43)) - raft.grpc.server.port = 0 (default)
2019-07-13 10:44:30,111 INFO  server.GrpcService (ConfUtils.java:logGet(43)) - raft.grpc.message.size.max = 33570816 (custom)
2019-07-13 10:44:30,111 INFO  server.RaftServerConfigKeys (ConfUtils.java:logGet(43)) - raft.server.log.appender.buffer.byte-limit = 33554432 (custom)
2019-07-13 10:44:30,111 INFO  server.GrpcService (ConfUtils.java:logGet(43)) - raft.grpc.flow.control.window = 1MB (=1048576) (default)
2019-07-13 10:44:30,111 INFO  server.RaftServerConfigKeys (ConfUtils.java:logGet(43)) - raft.server.rpc.request.timeout = 3000ms (default)
2019-07-13 10:44:30,112 INFO  server.RaftServerConfigKeys (ConfUtils.java:logGet(43)) - raft.server.storage.dir = [/tmp/workdir/hadoop-ozone/integration-test/target/test-dir/MiniOzoneClusterImpl-8ae1f3ed-f636-4fe8-bd46-95e90032052b/datanode-4/data/ratis] (custom)
2019-07-13 10:44:30,112 INFO  replication.SimpleContainerDownloader (SimpleContainerDownloader.java:<init>(72)) - Starting container downloader service to copy containers to replicate.
2019-07-13 10:44:30,114 INFO  hdfs.DFSUtil (DFSUtil.java:httpServerTemplateForNNAndJN(1641)) - Starting Web-server for hddsDatanode at: http://0.0.0.0:0
2019-07-13 10:44:30,115 INFO  server.AuthenticationFilter (AuthenticationFilter.java:constructSecretProvider(240)) - Unable to initialize FileSignerSecretProvider, falling back to use random secrets.
2019-07-13 10:44:30,116 WARN  http.HttpRequestLog (HttpRequestLog.java:getRequestLog(97)) - Jetty request log can only be enabled using Log4j
2019-07-13 10:44:30,117 INFO  http.HttpServer2 (HttpServer2.java:addGlobalFilter(975)) - Added global filter 'safety' (class=org.apache.hadoop.http.HttpServer2$QuotingInputFilter)
2019-07-13 10:44:30,118 INFO  http.HttpServer2 (HttpServer2.java:addFilter(948)) - Added filter static_user_filter (class=org.apache.hadoop.http.lib.StaticUserWebFilter$StaticUserFilter) to context hddsDatanode
2019-07-13 10:44:30,118 INFO  http.HttpServer2 (HttpServer2.java:addFilter(958)) - Added filter static_user_filter (class=org.apache.hadoop.http.lib.StaticUserWebFilter$StaticUserFilter) to context logs
2019-07-13 10:44:30,118 INFO  http.HttpServer2 (HttpServer2.java:addFilter(958)) - Added filter static_user_filter (class=org.apache.hadoop.http.lib.StaticUserWebFilter$StaticUserFilter) to context static
2019-07-13 10:44:30,119 INFO  http.HttpServer2 (HttpServer2.java:bindListener(1191)) - Jetty bound to port 35158
2019-07-13 10:44:30,119 INFO  server.Server (Server.java:doStart(351)) - jetty-9.3.24.v20180605, build timestamp: 2018-06-05T17:11:56Z, git hash: 84205aa28f11a4f31f2a3b86d1bba2cc8ab69827
2019-07-13 10:44:30,122 INFO  handler.ContextHandler (ContextHandler.java:doStart(781)) - Started o.e.j.s.ServletContextHandler@615db358{/logs,file:///tmp/workdir/hadoop-ozone/integration-test/target/log,AVAILABLE}
2019-07-13 10:44:30,122 INFO  handler.ContextHandler (ContextHandler.java:doStart(781)) - Started o.e.j.s.ServletContextHandler@5fef0c19{/static,jar:file:/home/user/.m2/repository/org/apache/hadoop/hadoop-hdds-container-service/0.5.0-SNAPSHOT/hadoop-hdds-container-service-0.5.0-SNAPSHOT.jar!/webapps/static,AVAILABLE}
2019-07-13 10:44:30,150 INFO  handler.ContextHandler (ContextHandler.java:doStart(781)) - Started o.e.j.w.WebAppContext@367d34c0{/,file:///tmp/jetty-0.0.0.0-35158-hddsDatanode-_-any-2365625548060271427.dir/webapp/,AVAILABLE}{/hddsDatanode}
2019-07-13 10:44:30,151 INFO  server.AbstractConnector (AbstractConnector.java:doStart(278)) - Started ServerConnector@4ce25e47{HTTP/1.1,[http/1.1]}{0.0.0.0:35158}
2019-07-13 10:44:30,152 INFO  server.Server (Server.java:doStart(419)) - Started @6986ms
2019-07-13 10:44:30,152 INFO  server.BaseHttpServer (BaseHttpServer.java:updateConnectorAddress(207)) - HTTP server of HDDSDATANODE is listening at http://0.0.0.0:35158
2019-07-13 10:44:30,277 INFO  ozone.HddsDatanodeService (HddsDatanodeService.java:startPlugins(396)) - Started plug-in org.apache.hadoop.ozone.web.OzoneHddsDatanodeService@15d236fd
2019-07-13 10:44:30,278 INFO  impl.MetricsSystemImpl (MetricsSystemImpl.java:init(158)) - HddsDatanode metrics system started (again)
2019-07-13 10:44:30,279 INFO  ozone.HddsDatanodeService (HddsDatanodeService.java:start(185)) - HddsDatanodeService host:trunk-nightly-qcxv8-4293026562 ip:192.168.157.218
2019-07-13 10:44:30,281 INFO  util.JvmPauseMonitor (JvmPauseMonitor.java:run(188)) - Starting JVM pause monitor
2019-07-13 10:44:30,284 INFO  datanode.InitDatanodeState (InitDatanodeState.java:persistContainerDatanodeDetails(140)) - DatanodeDetails is persisted to /tmp/workdir/hadoop-ozone/integration-test/target/test-dir/MiniOzoneClusterImpl-8ae1f3ed-f636-4fe8-bd46-95e90032052b/datanode-4/meta/datanode.id
2019-07-13 10:44:30,288 INFO  volume.HddsVolume (HddsVolume.java:<init>(176)) - Creating Volume: /tmp/workdir/hadoop-ozone/integration-test/target/test-dir/MiniOzoneClusterImpl-8ae1f3ed-f636-4fe8-bd46-95e90032052b/datanode-5/data/containers/hdds of  storage type : DISK and capacity : 52710309888
2019-07-13 10:44:30,288 INFO  volume.VolumeSet (VolumeSet.java:initializeVolumeSet(170)) - Added Volume : /tmp/workdir/hadoop-ozone/integration-test/target/test-dir/MiniOzoneClusterImpl-8ae1f3ed-f636-4fe8-bd46-95e90032052b/datanode-5/data/containers/hdds to VolumeSet
2019-07-13 10:44:30,288 INFO  volume.ThrottledAsyncChecker (ThrottledAsyncChecker.java:schedule(140)) - Scheduling a check for org.apache.hadoop.ozone.container.common.volume.HddsVolume@33eb0d4
2019-07-13 10:44:30,289 INFO  volume.HddsVolumeChecker (HddsVolumeChecker.java:checkAllVolumes(203)) - Scheduled health check for volume org.apache.hadoop.ozone.container.common.volume.HddsVolume@33eb0d4
2019-07-13 10:44:30,303 INFO  impl.RaftServerProxy (ConfUtils.java:logGet(43)) - raft.rpc.type = GRPC (default)
2019-07-13 10:44:30,303 INFO  grpc.GrpcFactory (GrpcFactory.java:checkPooledByteBufAllocatorUseCacheForAllThreads(45)) - PERFORMANCE WARNING: useCacheForAllThreads is true that may cause Netty to create a lot garbage objects and, as a result, trigger GC.
	It is recommended to disable useCacheForAllThreads by setting -Dorg.apache.ratis.thirdparty.io.netty.allocator.useCacheForAllThreads=false in command line.
2019-07-13 10:44:30,304 INFO  grpc.GrpcConfigKeys$Server (ConfUtils.java:logGet(43)) - raft.grpc.server.port = 0 (default)
2019-07-13 10:44:30,304 INFO  server.GrpcService (ConfUtils.java:logGet(43)) - raft.grpc.message.size.max = 33570816 (custom)
2019-07-13 10:44:30,304 INFO  server.RaftServerConfigKeys (ConfUtils.java:logGet(43)) - raft.server.log.appender.buffer.byte-limit = 33554432 (custom)
2019-07-13 10:44:30,304 INFO  server.GrpcService (ConfUtils.java:logGet(43)) - raft.grpc.flow.control.window = 1MB (=1048576) (default)
2019-07-13 10:44:30,304 INFO  server.RaftServerConfigKeys (ConfUtils.java:logGet(43)) - raft.server.rpc.request.timeout = 3000ms (default)
2019-07-13 10:44:30,305 INFO  server.RaftServerConfigKeys (ConfUtils.java:logGet(43)) - raft.server.storage.dir = [/tmp/workdir/hadoop-ozone/integration-test/target/test-dir/MiniOzoneClusterImpl-8ae1f3ed-f636-4fe8-bd46-95e90032052b/datanode-5/data/ratis] (custom)
2019-07-13 10:44:30,306 INFO  replication.SimpleContainerDownloader (SimpleContainerDownloader.java:<init>(72)) - Starting container downloader service to copy containers to replicate.
2019-07-13 10:44:30,307 INFO  hdfs.DFSUtil (DFSUtil.java:httpServerTemplateForNNAndJN(1641)) - Starting Web-server for hddsDatanode at: http://0.0.0.0:0
2019-07-13 10:44:30,308 INFO  server.AuthenticationFilter (AuthenticationFilter.java:constructSecretProvider(240)) - Unable to initialize FileSignerSecretProvider, falling back to use random secrets.
2019-07-13 10:44:30,308 WARN  http.HttpRequestLog (HttpRequestLog.java:getRequestLog(97)) - Jetty request log can only be enabled using Log4j
2019-07-13 10:44:30,310 INFO  http.HttpServer2 (HttpServer2.java:addGlobalFilter(975)) - Added global filter 'safety' (class=org.apache.hadoop.http.HttpServer2$QuotingInputFilter)
2019-07-13 10:44:30,311 INFO  http.HttpServer2 (HttpServer2.java:addFilter(948)) - Added filter static_user_filter (class=org.apache.hadoop.http.lib.StaticUserWebFilter$StaticUserFilter) to context hddsDatanode
2019-07-13 10:44:30,311 INFO  http.HttpServer2 (HttpServer2.java:addFilter(958)) - Added filter static_user_filter (class=org.apache.hadoop.http.lib.StaticUserWebFilter$StaticUserFilter) to context static
2019-07-13 10:44:30,311 INFO  http.HttpServer2 (HttpServer2.java:addFilter(958)) - Added filter static_user_filter (class=org.apache.hadoop.http.lib.StaticUserWebFilter$StaticUserFilter) to context logs
2019-07-13 10:44:30,312 INFO  http.HttpServer2 (HttpServer2.java:bindListener(1191)) - Jetty bound to port 45383
2019-07-13 10:44:30,312 INFO  server.Server (Server.java:doStart(351)) - jetty-9.3.24.v20180605, build timestamp: 2018-06-05T17:11:56Z, git hash: 84205aa28f11a4f31f2a3b86d1bba2cc8ab69827
2019-07-13 10:44:30,314 INFO  handler.ContextHandler (ContextHandler.java:doStart(781)) - Started o.e.j.s.ServletContextHandler@6885ed19{/logs,file:///tmp/workdir/hadoop-ozone/integration-test/target/log,AVAILABLE}
2019-07-13 10:44:30,314 INFO  handler.ContextHandler (ContextHandler.java:doStart(781)) - Started o.e.j.s.ServletContextHandler@2d4a3e13{/static,jar:file:/home/user/.m2/repository/org/apache/hadoop/hadoop-hdds-container-service/0.5.0-SNAPSHOT/hadoop-hdds-container-service-0.5.0-SNAPSHOT.jar!/webapps/static,AVAILABLE}
2019-07-13 10:44:30,342 INFO  handler.ContextHandler (ContextHandler.java:doStart(781)) - Started o.e.j.w.WebAppContext@561f9d92{/,file:///tmp/jetty-0.0.0.0-45383-hddsDatanode-_-any-217042429428126059.dir/webapp/,AVAILABLE}{/hddsDatanode}
2019-07-13 10:44:30,343 INFO  server.AbstractConnector (AbstractConnector.java:doStart(278)) - Started ServerConnector@1c84d80a{HTTP/1.1,[http/1.1]}{0.0.0.0:45383}
2019-07-13 10:44:30,344 INFO  server.Server (Server.java:doStart(419)) - Started @7178ms
2019-07-13 10:44:30,344 INFO  server.BaseHttpServer (BaseHttpServer.java:updateConnectorAddress(207)) - HTTP server of HDDSDATANODE is listening at http://0.0.0.0:45383
2019-07-13 10:44:30,475 INFO  ozone.HddsDatanodeService (HddsDatanodeService.java:startPlugins(396)) - Started plug-in org.apache.hadoop.ozone.web.OzoneHddsDatanodeService@16f15ae9
2019-07-13 10:44:30,476 INFO  impl.MetricsSystemImpl (MetricsSystemImpl.java:init(158)) - HddsDatanode metrics system started (again)
2019-07-13 10:44:30,478 INFO  ozone.HddsDatanodeService (HddsDatanodeService.java:start(185)) - HddsDatanodeService host:trunk-nightly-qcxv8-4293026562 ip:192.168.157.218
2019-07-13 10:44:30,480 INFO  util.JvmPauseMonitor (JvmPauseMonitor.java:run(188)) - Starting JVM pause monitor
2019-07-13 10:44:30,482 INFO  datanode.InitDatanodeState (InitDatanodeState.java:persistContainerDatanodeDetails(140)) - DatanodeDetails is persisted to /tmp/workdir/hadoop-ozone/integration-test/target/test-dir/MiniOzoneClusterImpl-8ae1f3ed-f636-4fe8-bd46-95e90032052b/datanode-5/meta/datanode.id
2019-07-13 10:44:30,487 INFO  volume.HddsVolume (HddsVolume.java:<init>(176)) - Creating Volume: /tmp/workdir/hadoop-ozone/integration-test/target/test-dir/MiniOzoneClusterImpl-8ae1f3ed-f636-4fe8-bd46-95e90032052b/datanode-6/data/containers/hdds of  storage type : DISK and capacity : 52710309888
2019-07-13 10:44:30,487 INFO  volume.VolumeSet (VolumeSet.java:initializeVolumeSet(170)) - Added Volume : /tmp/workdir/hadoop-ozone/integration-test/target/test-dir/MiniOzoneClusterImpl-8ae1f3ed-f636-4fe8-bd46-95e90032052b/datanode-6/data/containers/hdds to VolumeSet
2019-07-13 10:44:30,488 INFO  volume.ThrottledAsyncChecker (ThrottledAsyncChecker.java:schedule(140)) - Scheduling a check for org.apache.hadoop.ozone.container.common.volume.HddsVolume@2b79c8ff
2019-07-13 10:44:30,488 INFO  volume.HddsVolumeChecker (HddsVolumeChecker.java:checkAllVolumes(203)) - Scheduled health check for volume org.apache.hadoop.ozone.container.common.volume.HddsVolume@2b79c8ff
2019-07-13 10:44:30,503 INFO  impl.RaftServerProxy (ConfUtils.java:logGet(43)) - raft.rpc.type = GRPC (default)
2019-07-13 10:44:30,503 INFO  grpc.GrpcFactory (GrpcFactory.java:checkPooledByteBufAllocatorUseCacheForAllThreads(45)) - PERFORMANCE WARNING: useCacheForAllThreads is true that may cause Netty to create a lot garbage objects and, as a result, trigger GC.
	It is recommended to disable useCacheForAllThreads by setting -Dorg.apache.ratis.thirdparty.io.netty.allocator.useCacheForAllThreads=false in command line.
2019-07-13 10:44:30,503 INFO  grpc.GrpcConfigKeys$Server (ConfUtils.java:logGet(43)) - raft.grpc.server.port = 0 (default)
2019-07-13 10:44:30,504 INFO  server.GrpcService (ConfUtils.java:logGet(43)) - raft.grpc.message.size.max = 33570816 (custom)
2019-07-13 10:44:30,504 INFO  server.RaftServerConfigKeys (ConfUtils.java:logGet(43)) - raft.server.log.appender.buffer.byte-limit = 33554432 (custom)
2019-07-13 10:44:30,504 INFO  server.GrpcService (ConfUtils.java:logGet(43)) - raft.grpc.flow.control.window = 1MB (=1048576) (default)
2019-07-13 10:44:30,504 INFO  server.RaftServerConfigKeys (ConfUtils.java:logGet(43)) - raft.server.rpc.request.timeout = 3000ms (default)
2019-07-13 10:44:30,505 INFO  server.RaftServerConfigKeys (ConfUtils.java:logGet(43)) - raft.server.storage.dir = [/tmp/workdir/hadoop-ozone/integration-test/target/test-dir/MiniOzoneClusterImpl-8ae1f3ed-f636-4fe8-bd46-95e90032052b/datanode-6/data/ratis] (custom)
2019-07-13 10:44:30,505 INFO  replication.SimpleContainerDownloader (SimpleContainerDownloader.java:<init>(72)) - Starting container downloader service to copy containers to replicate.
2019-07-13 10:44:30,506 INFO  hdfs.DFSUtil (DFSUtil.java:httpServerTemplateForNNAndJN(1641)) - Starting Web-server for hddsDatanode at: http://0.0.0.0:0
2019-07-13 10:44:30,508 INFO  server.AuthenticationFilter (AuthenticationFilter.java:constructSecretProvider(240)) - Unable to initialize FileSignerSecretProvider, falling back to use random secrets.
2019-07-13 10:44:30,508 WARN  http.HttpRequestLog (HttpRequestLog.java:getRequestLog(97)) - Jetty request log can only be enabled using Log4j
2019-07-13 10:44:30,509 INFO  http.HttpServer2 (HttpServer2.java:addGlobalFilter(975)) - Added global filter 'safety' (class=org.apache.hadoop.http.HttpServer2$QuotingInputFilter)
2019-07-13 10:44:30,510 INFO  http.HttpServer2 (HttpServer2.java:addFilter(948)) - Added filter static_user_filter (class=org.apache.hadoop.http.lib.StaticUserWebFilter$StaticUserFilter) to context hddsDatanode
2019-07-13 10:44:30,510 INFO  http.HttpServer2 (HttpServer2.java:addFilter(958)) - Added filter static_user_filter (class=org.apache.hadoop.http.lib.StaticUserWebFilter$StaticUserFilter) to context logs
2019-07-13 10:44:30,511 INFO  http.HttpServer2 (HttpServer2.java:addFilter(958)) - Added filter static_user_filter (class=org.apache.hadoop.http.lib.StaticUserWebFilter$StaticUserFilter) to context static
2019-07-13 10:44:30,511 INFO  http.HttpServer2 (HttpServer2.java:bindListener(1191)) - Jetty bound to port 33612
2019-07-13 10:44:30,511 INFO  server.Server (Server.java:doStart(351)) - jetty-9.3.24.v20180605, build timestamp: 2018-06-05T17:11:56Z, git hash: 84205aa28f11a4f31f2a3b86d1bba2cc8ab69827
2019-07-13 10:44:30,514 INFO  handler.ContextHandler (ContextHandler.java:doStart(781)) - Started o.e.j.s.ServletContextHandler@6568f998{/logs,file:///tmp/workdir/hadoop-ozone/integration-test/target/log,AVAILABLE}
2019-07-13 10:44:30,514 INFO  handler.ContextHandler (ContextHandler.java:doStart(781)) - Started o.e.j.s.ServletContextHandler@782fd504{/static,jar:file:/home/user/.m2/repository/org/apache/hadoop/hadoop-hdds-container-service/0.5.0-SNAPSHOT/hadoop-hdds-container-service-0.5.0-SNAPSHOT.jar!/webapps/static,AVAILABLE}
2019-07-13 10:44:30,541 INFO  handler.ContextHandler (ContextHandler.java:doStart(781)) - Started o.e.j.w.WebAppContext@418f0534{/,file:///tmp/jetty-0.0.0.0-33612-hddsDatanode-_-any-8951474517556981863.dir/webapp/,AVAILABLE}{/hddsDatanode}
2019-07-13 10:44:30,542 INFO  server.AbstractConnector (AbstractConnector.java:doStart(278)) - Started ServerConnector@3dfd7eaa{HTTP/1.1,[http/1.1]}{0.0.0.0:33612}
2019-07-13 10:44:30,543 INFO  server.Server (Server.java:doStart(419)) - Started @7377ms
2019-07-13 10:44:30,544 INFO  server.BaseHttpServer (BaseHttpServer.java:updateConnectorAddress(207)) - HTTP server of HDDSDATANODE is listening at http://0.0.0.0:33612
2019-07-13 10:44:30,774 INFO  ozone.HddsDatanodeService (HddsDatanodeService.java:startPlugins(396)) - Started plug-in org.apache.hadoop.ozone.web.OzoneHddsDatanodeService@28e7bb31
2019-07-13 10:44:30,778 INFO  ozone.MiniOzoneClusterImpl (MiniOzoneClusterImpl.java:lambda$waitForClusterToBeReady$0(142)) - Waiting for cluster to be ready. Got 0 of 7 DN Heartbeats.
2019-07-13 10:44:30,778 INFO  util.JvmPauseMonitor (JvmPauseMonitor.java:run(188)) - Starting JVM pause monitor
2019-07-13 10:44:30,781 INFO  datanode.InitDatanodeState (InitDatanodeState.java:persistContainerDatanodeDetails(140)) - DatanodeDetails is persisted to /tmp/workdir/hadoop-ozone/integration-test/target/test-dir/MiniOzoneClusterImpl-8ae1f3ed-f636-4fe8-bd46-95e90032052b/datanode-6/meta/datanode.id
2019-07-13 10:44:31,453 INFO  ozoneimpl.OzoneContainer (OzoneContainer.java:start(186)) - Attempting to start container services.
2019-07-13 10:44:31,455 INFO  ozoneimpl.OzoneContainer (OzoneContainer.java:startContainerScrub(160)) - Background container scrubber has been disabled by hdds.containerscrub.enabled
2019-07-13 10:44:31,455 INFO  ratis.XceiverServerRatis (XceiverServerRatis.java:start(418)) - Starting XceiverServerRatis 8a80f6fc-3c24-4f04-a461-84ff206cd4f5 at port 0
2019-07-13 10:44:31,478 INFO  impl.RaftServerProxy (RaftServerProxy.java:lambda$start$3(299)) - 8a80f6fc-3c24-4f04-a461-84ff206cd4f5: start RPC server
2019-07-13 10:44:31,612 INFO  server.GrpcService (GrpcService.java:startImpl(149)) - 8a80f6fc-3c24-4f04-a461-84ff206cd4f5: GrpcService started, listening on 0.0.0.0/0.0.0.0:42783
2019-07-13 10:44:31,613 INFO  ratis.XceiverServerRatis (XceiverServerRatis.java:start(428)) - XceiverServerRatis 8a80f6fc-3c24-4f04-a461-84ff206cd4f5 is started using port 42783
2019-07-13 10:44:31,616 INFO  server.XceiverServerGrpc (XceiverServerGrpc.java:start(161)) - XceiverServerGrpc 8a80f6fc-3c24-4f04-a461-84ff206cd4f5 is started using port 34265
2019-07-13 10:44:31,683 INFO  ozoneimpl.OzoneContainer (OzoneContainer.java:start(186)) - Attempting to start container services.
2019-07-13 10:44:31,685 INFO  ozoneimpl.OzoneContainer (OzoneContainer.java:startContainerScrub(160)) - Background container scrubber has been disabled by hdds.containerscrub.enabled
2019-07-13 10:44:31,686 INFO  ratis.XceiverServerRatis (XceiverServerRatis.java:start(418)) - Starting XceiverServerRatis 84ac706b-562b-4a88-88e3-dc4f71f227fd at port 0
2019-07-13 10:44:31,694 INFO  impl.RaftServerProxy (RaftServerProxy.java:lambda$start$3(299)) - 84ac706b-562b-4a88-88e3-dc4f71f227fd: start RPC server
2019-07-13 10:44:31,698 INFO  server.GrpcService (GrpcService.java:startImpl(149)) - 84ac706b-562b-4a88-88e3-dc4f71f227fd: GrpcService started, listening on 0.0.0.0/0.0.0.0:36301
2019-07-13 10:44:31,698 INFO  ratis.XceiverServerRatis (XceiverServerRatis.java:start(428)) - XceiverServerRatis 84ac706b-562b-4a88-88e3-dc4f71f227fd is started using port 36301
2019-07-13 10:44:31,700 INFO  server.XceiverServerGrpc (XceiverServerGrpc.java:start(161)) - XceiverServerGrpc 84ac706b-562b-4a88-88e3-dc4f71f227fd is started using port 39486
2019-07-13 10:44:31,778 INFO  ozone.MiniOzoneClusterImpl (MiniOzoneClusterImpl.java:lambda$waitForClusterToBeReady$0(142)) - Waiting for cluster to be ready. Got 0 of 7 DN Heartbeats.
2019-07-13 10:44:31,898 INFO  ozoneimpl.OzoneContainer (OzoneContainer.java:start(186)) - Attempting to start container services.
2019-07-13 10:44:31,903 INFO  ozoneimpl.OzoneContainer (OzoneContainer.java:startContainerScrub(160)) - Background container scrubber has been disabled by hdds.containerscrub.enabled
2019-07-13 10:44:31,904 INFO  ratis.XceiverServerRatis (XceiverServerRatis.java:start(418)) - Starting XceiverServerRatis 3a9b3501-43b1-4d2d-9cf4-22f207f1f00a at port 0
2019-07-13 10:44:31,914 INFO  impl.RaftServerProxy (RaftServerProxy.java:lambda$start$3(299)) - 3a9b3501-43b1-4d2d-9cf4-22f207f1f00a: start RPC server
2019-07-13 10:44:31,918 INFO  server.GrpcService (GrpcService.java:startImpl(149)) - 3a9b3501-43b1-4d2d-9cf4-22f207f1f00a: GrpcService started, listening on 0.0.0.0/0.0.0.0:39231
2019-07-13 10:44:31,918 INFO  ratis.XceiverServerRatis (XceiverServerRatis.java:start(428)) - XceiverServerRatis 3a9b3501-43b1-4d2d-9cf4-22f207f1f00a is started using port 39231
2019-07-13 10:44:31,921 INFO  server.XceiverServerGrpc (XceiverServerGrpc.java:start(161)) - XceiverServerGrpc 3a9b3501-43b1-4d2d-9cf4-22f207f1f00a is started using port 45395
2019-07-13 10:44:32,101 INFO  ozoneimpl.OzoneContainer (OzoneContainer.java:start(186)) - Attempting to start container services.
2019-07-13 10:44:32,101 INFO  ozoneimpl.OzoneContainer (OzoneContainer.java:startContainerScrub(160)) - Background container scrubber has been disabled by hdds.containerscrub.enabled
2019-07-13 10:44:32,102 INFO  ratis.XceiverServerRatis (XceiverServerRatis.java:start(418)) - Starting XceiverServerRatis cbcdb08f-5faf-40a3-8d20-afd8283bb5b5 at port 0
2019-07-13 10:44:32,112 INFO  impl.RaftServerProxy (RaftServerProxy.java:lambda$start$3(299)) - cbcdb08f-5faf-40a3-8d20-afd8283bb5b5: start RPC server
2019-07-13 10:44:32,116 INFO  server.GrpcService (GrpcService.java:startImpl(149)) - cbcdb08f-5faf-40a3-8d20-afd8283bb5b5: GrpcService started, listening on 0.0.0.0/0.0.0.0:43585
2019-07-13 10:44:32,117 INFO  ratis.XceiverServerRatis (XceiverServerRatis.java:start(428)) - XceiverServerRatis cbcdb08f-5faf-40a3-8d20-afd8283bb5b5 is started using port 43585
2019-07-13 10:44:32,120 INFO  server.XceiverServerGrpc (XceiverServerGrpc.java:start(161)) - XceiverServerGrpc cbcdb08f-5faf-40a3-8d20-afd8283bb5b5 is started using port 40987
2019-07-13 10:44:32,299 INFO  ozoneimpl.OzoneContainer (OzoneContainer.java:start(186)) - Attempting to start container services.
2019-07-13 10:44:32,299 INFO  ozoneimpl.OzoneContainer (OzoneContainer.java:startContainerScrub(160)) - Background container scrubber has been disabled by hdds.containerscrub.enabled
2019-07-13 10:44:32,299 INFO  ratis.XceiverServerRatis (XceiverServerRatis.java:start(418)) - Starting XceiverServerRatis c6de40fd-c0d5-459c-ac64-ecd6486e174f at port 0
2019-07-13 10:44:32,310 INFO  impl.RaftServerProxy (RaftServerProxy.java:lambda$start$3(299)) - c6de40fd-c0d5-459c-ac64-ecd6486e174f: start RPC server
2019-07-13 10:44:32,313 INFO  server.GrpcService (GrpcService.java:startImpl(149)) - c6de40fd-c0d5-459c-ac64-ecd6486e174f: GrpcService started, listening on 0.0.0.0/0.0.0.0:42080
2019-07-13 10:44:32,313 INFO  ratis.XceiverServerRatis (XceiverServerRatis.java:start(428)) - XceiverServerRatis c6de40fd-c0d5-459c-ac64-ecd6486e174f is started using port 42080
2019-07-13 10:44:32,317 INFO  server.XceiverServerGrpc (XceiverServerGrpc.java:start(161)) - XceiverServerGrpc c6de40fd-c0d5-459c-ac64-ecd6486e174f is started using port 46350
2019-07-13 10:44:32,496 INFO  ozoneimpl.OzoneContainer (OzoneContainer.java:start(186)) - Attempting to start container services.
2019-07-13 10:44:32,496 INFO  ozoneimpl.OzoneContainer (OzoneContainer.java:startContainerScrub(160)) - Background container scrubber has been disabled by hdds.containerscrub.enabled
2019-07-13 10:44:32,496 INFO  ratis.XceiverServerRatis (XceiverServerRatis.java:start(418)) - Starting XceiverServerRatis ff287178-824c-4f15-982f-9bcabf7bd324 at port 0
2019-07-13 10:44:32,508 INFO  impl.RaftServerProxy (RaftServerProxy.java:lambda$start$3(299)) - ff287178-824c-4f15-982f-9bcabf7bd324: start RPC server
2019-07-13 10:44:32,513 INFO  server.GrpcService (GrpcService.java:startImpl(149)) - ff287178-824c-4f15-982f-9bcabf7bd324: GrpcService started, listening on 0.0.0.0/0.0.0.0:34901
2019-07-13 10:44:32,513 INFO  ratis.XceiverServerRatis (XceiverServerRatis.java:start(428)) - XceiverServerRatis ff287178-824c-4f15-982f-9bcabf7bd324 is started using port 34901
2019-07-13 10:44:32,517 INFO  server.XceiverServerGrpc (XceiverServerGrpc.java:start(161)) - XceiverServerGrpc ff287178-824c-4f15-982f-9bcabf7bd324 is started using port 43676
2019-07-13 10:44:32,778 INFO  ozone.MiniOzoneClusterImpl (MiniOzoneClusterImpl.java:lambda$waitForClusterToBeReady$0(142)) - Waiting for cluster to be ready. Got 0 of 7 DN Heartbeats.
2019-07-13 10:44:32,795 INFO  ozoneimpl.OzoneContainer (OzoneContainer.java:start(186)) - Attempting to start container services.
2019-07-13 10:44:32,796 INFO  ozoneimpl.OzoneContainer (OzoneContainer.java:startContainerScrub(160)) - Background container scrubber has been disabled by hdds.containerscrub.enabled
2019-07-13 10:44:32,796 INFO  ratis.XceiverServerRatis (XceiverServerRatis.java:start(418)) - Starting XceiverServerRatis 889ac0db-9bf5-474c-a7b0-2697cc859952 at port 0
2019-07-13 10:44:32,816 INFO  impl.RaftServerProxy (RaftServerProxy.java:lambda$start$3(299)) - 889ac0db-9bf5-474c-a7b0-2697cc859952: start RPC server
2019-07-13 10:44:32,820 INFO  server.GrpcService (GrpcService.java:startImpl(149)) - 889ac0db-9bf5-474c-a7b0-2697cc859952: GrpcService started, listening on 0.0.0.0/0.0.0.0:37300
2019-07-13 10:44:32,821 INFO  ratis.XceiverServerRatis (XceiverServerRatis.java:start(428)) - XceiverServerRatis 889ac0db-9bf5-474c-a7b0-2697cc859952 is started using port 37300
2019-07-13 10:44:32,825 INFO  server.XceiverServerGrpc (XceiverServerGrpc.java:start(161)) - XceiverServerGrpc 889ac0db-9bf5-474c-a7b0-2697cc859952 is started using port 39650
2019-07-13 10:44:33,444 INFO  net.NetworkTopology (NetworkTopologyImpl.java:add(110)) - Added a new node: /default-rack/192.168.157.218
2019-07-13 10:44:33,444 INFO  node.SCMNodeManager (SCMNodeManager.java:register(269)) - Registered Data node : 8a80f6fc-3c24-4f04-a461-84ff206cd4f5{ip: 192.168.157.218, host: trunk-nightly-qcxv8-4293026562, networkLocation: /default-rack, certSerialId: null}
2019-07-13 10:44:33,454 INFO  safemode.SCMSafeModeManager (DataNodeSafeModeRule.java:process(71)) - SCM in safe mode. 1 DataNodes registered, 1 required.
2019-07-13 10:44:33,454 INFO  safemode.SCMSafeModeManager (SCMSafeModeManager.java:validateSafeModeExitRules(177)) - ScmSafeModeManager, all rules are successfully validated
2019-07-13 10:44:33,454 INFO  safemode.SCMSafeModeManager (SCMSafeModeManager.java:exitSafeMode(193)) - SCM exiting safe mode.
2019-07-13 10:44:33,670 INFO  node.SCMNodeManager (SCMNodeManager.java:register(269)) - Registered Data node : 84ac706b-562b-4a88-88e3-dc4f71f227fd{ip: 192.168.157.218, host: trunk-nightly-qcxv8-4293026562, networkLocation: /default-rack, certSerialId: null}
2019-07-13 10:44:33,779 INFO  ozone.MiniOzoneClusterImpl (MiniOzoneClusterImpl.java:lambda$waitForClusterToBeReady$0(142)) - Waiting for cluster to be ready. Got 2 of 7 DN Heartbeats.
2019-07-13 10:44:33,886 INFO  node.SCMNodeManager (SCMNodeManager.java:register(269)) - Registered Data node : 3a9b3501-43b1-4d2d-9cf4-22f207f1f00a{ip: 192.168.157.218, host: trunk-nightly-qcxv8-4293026562, networkLocation: /default-rack, certSerialId: null}
2019-07-13 10:44:34,331 INFO  node.SCMNodeManager (SCMNodeManager.java:register(269)) - Registered Data node : cbcdb08f-5faf-40a3-8d20-afd8283bb5b5{ip: 192.168.157.218, host: trunk-nightly-qcxv8-4293026562, networkLocation: /default-rack, certSerialId: null}
2019-07-13 10:44:34,331 INFO  node.SCMNodeManager (SCMNodeManager.java:register(269)) - Registered Data node : c6de40fd-c0d5-459c-ac64-ecd6486e174f{ip: 192.168.157.218, host: trunk-nightly-qcxv8-4293026562, networkLocation: /default-rack, certSerialId: null}
2019-07-13 10:44:34,361 INFO  impl.RaftServerProxy (RaftServerProxy.java:addNew(89)) - 8a80f6fc-3c24-4f04-a461-84ff206cd4f5: addNew group-FCF0B07C44D9:[8a80f6fc-3c24-4f04-a461-84ff206cd4f5:192.168.157.218:42783] returns group-FCF0B07C44D9:java.util.concurrent.CompletableFuture@77b27c36[Not completed]
2019-07-13 10:44:34,383 INFO  impl.RaftServerImpl (RaftServerImpl.java:<init>(93)) - 8a80f6fc-3c24-4f04-a461-84ff206cd4f5: new RaftServerImpl for group-FCF0B07C44D9:[8a80f6fc-3c24-4f04-a461-84ff206cd4f5:192.168.157.218:42783] with ContainerStateMachine:uninitialized
2019-07-13 10:44:34,385 INFO  server.RaftServerConfigKeys (ConfUtils.java:logGet(43)) - raft.server.rpc.timeout.min = 5s (custom)
2019-07-13 10:44:34,387 INFO  server.RaftServerConfigKeys (ConfUtils.java:logGet(43)) - raft.server.rpc.timeout.max = 5200ms (custom)
2019-07-13 10:44:34,387 INFO  server.RaftServerConfigKeys (ConfUtils.java:logGet(43)) - raft.server.rpcslowness.timeout = 120s (custom)
2019-07-13 10:44:34,388 INFO  server.RaftServerConfigKeys (ConfUtils.java:logGet(43)) - raft.server.sleep.deviation.threshold = 300 (default)
2019-07-13 10:44:34,389 INFO  server.RaftServerConfigKeys (ConfUtils.java:logGet(43)) - raft.server.log.appender.install.snapshot.enabled = false (custom)
2019-07-13 10:44:34,399 INFO  impl.RaftServerImpl (ServerState.java:<init>(105)) - 8a80f6fc-3c24-4f04-a461-84ff206cd4f5:group-FCF0B07C44D9 ConfigurationManager, init=-1: [8a80f6fc-3c24-4f04-a461-84ff206cd4f5:192.168.157.218:42783], old=null, confs=<EMPTY_MAP>
2019-07-13 10:44:34,399 INFO  server.RaftServerConfigKeys (ConfUtils.java:logGet(43)) - raft.server.storage.dir = [/tmp/workdir/hadoop-ozone/integration-test/target/test-dir/MiniOzoneClusterImpl-8ae1f3ed-f636-4fe8-bd46-95e90032052b/datanode-0/data/ratis] (custom)
2019-07-13 10:44:34,408 INFO  storage.RaftStorageDirectory (RaftStorageDirectory.java:analyzeStorage(246)) - The storage directory /tmp/workdir/hadoop-ozone/integration-test/target/test-dir/MiniOzoneClusterImpl-8ae1f3ed-f636-4fe8-bd46-95e90032052b/datanode-0/data/ratis/a7329b92-b03a-41c4-85b4-fcf0b07c44d9 does not exist. Creating ...
2019-07-13 10:44:34,425 INFO  storage.RaftStorageDirectory (RaftStorageDirectory.java:tryLock(328)) - Lock on /tmp/workdir/hadoop-ozone/integration-test/target/test-dir/MiniOzoneClusterImpl-8ae1f3ed-f636-4fe8-bd46-95e90032052b/datanode-0/data/ratis/a7329b92-b03a-41c4-85b4-fcf0b07c44d9/in_use.lock acquired by nodename 24927@trunk-nightly-qcxv8-4293026562
2019-07-13 10:44:34,440 INFO  storage.RaftStorage (RaftStorage.java:format(72)) - Storage directory /tmp/workdir/hadoop-ozone/integration-test/target/test-dir/MiniOzoneClusterImpl-8ae1f3ed-f636-4fe8-bd46-95e90032052b/datanode-0/data/ratis/a7329b92-b03a-41c4-85b4-fcf0b07c44d9 has been successfully formatted.
2019-07-13 10:44:34,442 INFO  ratis.ContainerStateMachine (ContainerStateMachine.java:loadSnapshot(200)) - The snapshot info is null.Setting the last applied index to:(t:0, i:~)
2019-07-13 10:44:34,443 INFO  server.RaftServerConfigKeys (ConfUtils.java:logGet(43)) - raft.server.leader.election.timeout = 120s (custom)
2019-07-13 10:44:34,445 INFO  server.RaftServerConfigKeys (ConfUtils.java:logGet(43)) - raft.server.log.use.memory = false (default)
2019-07-13 10:44:34,450 INFO  server.RaftServerConfigKeys (ConfUtils.java:logGet(43)) - raft.server.log.purge.gap = 1000000000 (custom)
2019-07-13 10:44:34,450 INFO  server.RaftServerConfigKeys (ConfUtils.java:logGet(43)) - raft.server.log.appender.buffer.byte-limit = 33554432 (custom)
2019-07-13 10:44:34,452 INFO  server.RaftServerConfigKeys (ConfUtils.java:logGet(43)) - raft.server.log.segment.size.max = 1048576 (custom)
2019-07-13 10:44:34,457 INFO  server.RaftServerConfigKeys (ConfUtils.java:logGet(43)) - raft.server.log.segment.cache.num.max = 2 (custom)
2019-07-13 10:44:34,464 INFO  segmented.SegmentedRaftLogWorker (SegmentedRaftLogWorker.java:<init>(172)) - new 8a80f6fc-3c24-4f04-a461-84ff206cd4f5-SegmentedRaftLogWorker:Storage Directory /tmp/workdir/hadoop-ozone/integration-test/target/test-dir/MiniOzoneClusterImpl-8ae1f3ed-f636-4fe8-bd46-95e90032052b/datanode-0/data/ratis/a7329b92-b03a-41c4-85b4-fcf0b07c44d9 for RaftStorage:Storage Directory /tmp/workdir/hadoop-ozone/integration-test/target/test-dir/MiniOzoneClusterImpl-8ae1f3ed-f636-4fe8-bd46-95e90032052b/datanode-0/data/ratis/a7329b92-b03a-41c4-85b4-fcf0b07c44d9
2019-07-13 10:44:34,476 INFO  server.RaftServerConfigKeys (ConfUtils.java:logGet(43)) - raft.server.log.queue.byte-limit = 2147483647 (custom)
2019-07-13 10:44:34,476 INFO  server.RaftServerConfigKeys (ConfUtils.java:logGet(43)) - raft.server.log.queue.element-limit = 1024 (custom)
2019-07-13 10:44:34,483 INFO  server.RaftServerConfigKeys (ConfUtils.java:logGet(43)) - raft.server.log.segment.size.max = 1048576 (custom)
2019-07-13 10:44:34,484 INFO  server.RaftServerConfigKeys (ConfUtils.java:logGet(43)) - raft.server.log.preallocated.size = 16384 (custom)
2019-07-13 10:44:34,484 INFO  node.SCMNodeManager (SCMNodeManager.java:register(269)) - Registered Data node : ff287178-824c-4f15-982f-9bcabf7bd324{ip: 192.168.157.218, host: trunk-nightly-qcxv8-4293026562, networkLocation: /default-rack, certSerialId: null}
2019-07-13 10:44:34,486 INFO  server.RaftServerConfigKeys (ConfUtils.java:logGet(43)) - raft.server.log.write.buffer.size = 33554432 (custom)
2019-07-13 10:44:34,486 INFO  server.RaftServerConfigKeys (ConfUtils.java:logGet(43)) - raft.server.log.force.sync.num = 128 (default)
2019-07-13 10:44:34,487 INFO  server.RaftServerConfigKeys (ConfUtils.java:logGet(43)) - raft.server.log.statemachine.data.sync = true (default)
2019-07-13 10:44:34,488 INFO  server.RaftServerConfigKeys (ConfUtils.java:logGet(43)) - raft.server.log.statemachine.data.sync.timeout = 10s (default)
2019-07-13 10:44:34,488 INFO  server.RaftServerConfigKeys (ConfUtils.java:logGet(43)) - raft.server.log.statemachine.data.sync.timeout.retry = -1 (default)
2019-07-13 10:44:34,496 INFO  server.RaftServerConfigKeys (ConfUtils.java:logGet(43)) - raft.server.log.statemachine.data.caching.enabled = true (custom)
2019-07-13 10:44:34,500 INFO  segmented.SegmentedRaftLogWorker (SegmentedRaftLogWorker.java:lambda$new$0(132)) - 8a80f6fc-3c24-4f04-a461-84ff206cd4f5-SegmentedRaftLogWorker:Storage Directory /tmp/workdir/hadoop-ozone/integration-test/target/test-dir/MiniOzoneClusterImpl-8ae1f3ed-f636-4fe8-bd46-95e90032052b/datanode-0/data/ratis/a7329b92-b03a-41c4-85b4-fcf0b07c44d9: flushIndex: setUnconditionally 0 -> -1
2019-07-13 10:44:34,504 INFO  server.RaftServerConfigKeys (ConfUtils.java:logGet(43)) - raft.server.snapshot.auto.trigger.enabled = true (custom)
2019-07-13 10:44:34,505 INFO  server.RaftServerConfigKeys (ConfUtils.java:logGet(43)) - raft.server.snapshot.auto.trigger.threshold = 10000 (custom)
2019-07-13 10:44:34,505 INFO  server.RaftServerConfigKeys (ConfUtils.java:logGet(43)) - raft.server.retrycache.expirytime = 600000ms (custom)
2019-07-13 10:44:34,525 INFO  impl.RaftServerImpl (RaftServerImpl.java:start(180)) - 8a80f6fc-3c24-4f04-a461-84ff206cd4f5: start group-FCF0B07C44D9
2019-07-13 10:44:34,526 INFO  impl.RaftServerImpl (RaftServerImpl.java:setRole(171)) - 8a80f6fc-3c24-4f04-a461-84ff206cd4f5:group-FCF0B07C44D9 changes role from null to FOLLOWER at term 0 for startAsFollower
2019-07-13 10:44:34,527 INFO  impl.RoleInfo (RoleInfo.java:updateAndGet(143)) - 8a80f6fc-3c24-4f04-a461-84ff206cd4f5: start FollowerState
2019-07-13 10:44:34,528 INFO  util.JmxRegister (JmxRegister.java:tryRegister(44)) - Successfully registered JMX Bean with object name Ratis:service=RaftServer,group=group-FCF0B07C44D9,id=8a80f6fc-3c24-4f04-a461-84ff206cd4f5
2019-07-13 10:44:34,593 INFO  pipeline.PipelineStateManager (PipelineStateManager.java:addPipeline(56)) - Created pipeline Pipeline[ Id: a7329b92-b03a-41c4-85b4-fcf0b07c44d9, Nodes: 8a80f6fc-3c24-4f04-a461-84ff206cd4f5{ip: 192.168.157.218, host: trunk-nightly-qcxv8-4293026562, networkLocation: /default-rack, certSerialId: null}, Type:RATIS, Factor:ONE, State:OPEN]
2019-07-13 10:44:34,622 INFO  impl.RaftServerProxy (RaftServerProxy.java:addNew(89)) - ff287178-824c-4f15-982f-9bcabf7bd324: addNew group-4737ADE6B482:[ff287178-824c-4f15-982f-9bcabf7bd324:192.168.157.218:34901] returns group-4737ADE6B482:java.util.concurrent.CompletableFuture@181976a0[Not completed]
2019-07-13 10:44:34,673 INFO  impl.RaftServerImpl (RaftServerImpl.java:<init>(93)) - ff287178-824c-4f15-982f-9bcabf7bd324: new RaftServerImpl for group-4737ADE6B482:[ff287178-824c-4f15-982f-9bcabf7bd324:192.168.157.218:34901] with ContainerStateMachine:uninitialized
2019-07-13 10:44:34,674 INFO  server.RaftServerConfigKeys (ConfUtils.java:logGet(43)) - raft.server.rpc.timeout.min = 5s (custom)
2019-07-13 10:44:34,674 INFO  server.RaftServerConfigKeys (ConfUtils.java:logGet(43)) - raft.server.rpc.timeout.max = 5200ms (custom)
2019-07-13 10:44:34,674 INFO  server.RaftServerConfigKeys (ConfUtils.java:logGet(43)) - raft.server.rpcslowness.timeout = 120s (custom)
2019-07-13 10:44:34,675 INFO  server.RaftServerConfigKeys (ConfUtils.java:logGet(43)) - raft.server.sleep.deviation.threshold = 300 (default)
2019-07-13 10:44:34,675 INFO  server.RaftServerConfigKeys (ConfUtils.java:logGet(43)) - raft.server.log.appender.install.snapshot.enabled = false (custom)
2019-07-13 10:44:34,675 INFO  impl.RaftServerImpl (ServerState.java:<init>(105)) - ff287178-824c-4f15-982f-9bcabf7bd324:group-4737ADE6B482 ConfigurationManager, init=-1: [ff287178-824c-4f15-982f-9bcabf7bd324:192.168.157.218:34901], old=null, confs=<EMPTY_MAP>
2019-07-13 10:44:34,675 INFO  server.RaftServerConfigKeys (ConfUtils.java:logGet(43)) - raft.server.storage.dir = [/tmp/workdir/hadoop-ozone/integration-test/target/test-dir/MiniOzoneClusterImpl-8ae1f3ed-f636-4fe8-bd46-95e90032052b/datanode-5/data/ratis] (custom)
2019-07-13 10:44:34,676 INFO  storage.RaftStorageDirectory (RaftStorageDirectory.java:analyzeStorage(246)) - The storage directory /tmp/workdir/hadoop-ozone/integration-test/target/test-dir/MiniOzoneClusterImpl-8ae1f3ed-f636-4fe8-bd46-95e90032052b/datanode-5/data/ratis/1463b092-144d-4f7c-8823-4737ade6b482 does not exist. Creating ...
2019-07-13 10:44:34,703 INFO  storage.RaftStorageDirectory (RaftStorageDirectory.java:tryLock(328)) - Lock on /tmp/workdir/hadoop-ozone/integration-test/target/test-dir/MiniOzoneClusterImpl-8ae1f3ed-f636-4fe8-bd46-95e90032052b/datanode-5/data/ratis/1463b092-144d-4f7c-8823-4737ade6b482/in_use.lock acquired by nodename 24927@trunk-nightly-qcxv8-4293026562
2019-07-13 10:44:34,736 INFO  storage.RaftStorage (RaftStorage.java:format(72)) - Storage directory /tmp/workdir/hadoop-ozone/integration-test/target/test-dir/MiniOzoneClusterImpl-8ae1f3ed-f636-4fe8-bd46-95e90032052b/datanode-5/data/ratis/1463b092-144d-4f7c-8823-4737ade6b482 has been successfully formatted.
2019-07-13 10:44:34,738 INFO  ratis.ContainerStateMachine (ContainerStateMachine.java:loadSnapshot(200)) - The snapshot info is null.Setting the last applied index to:(t:0, i:~)
2019-07-13 10:44:34,740 INFO  server.RaftServerConfigKeys (ConfUtils.java:logGet(43)) - raft.server.leader.election.timeout = 120s (custom)
2019-07-13 10:44:34,741 INFO  server.RaftServerConfigKeys (ConfUtils.java:logGet(43)) - raft.server.log.use.memory = false (default)
2019-07-13 10:44:34,741 INFO  server.RaftServerConfigKeys (ConfUtils.java:logGet(43)) - raft.server.log.purge.gap = 1000000000 (custom)
2019-07-13 10:44:34,741 INFO  server.RaftServerConfigKeys (ConfUtils.java:logGet(43)) - raft.server.log.appender.buffer.byte-limit = 33554432 (custom)
2019-07-13 10:44:34,741 INFO  server.RaftServerConfigKeys (ConfUtils.java:logGet(43)) - raft.server.log.segment.size.max = 1048576 (custom)
2019-07-13 10:44:34,742 INFO  server.RaftServerConfigKeys (ConfUtils.java:logGet(43)) - raft.server.log.segment.cache.num.max = 2 (custom)
2019-07-13 10:44:34,742 INFO  segmented.SegmentedRaftLogWorker (SegmentedRaftLogWorker.java:<init>(172)) - new ff287178-824c-4f15-982f-9bcabf7bd324-SegmentedRaftLogWorker:Storage Directory /tmp/workdir/hadoop-ozone/integration-test/target/test-dir/MiniOzoneClusterImpl-8ae1f3ed-f636-4fe8-bd46-95e90032052b/datanode-5/data/ratis/1463b092-144d-4f7c-8823-4737ade6b482 for RaftStorage:Storage Directory /tmp/workdir/hadoop-ozone/integration-test/target/test-dir/MiniOzoneClusterImpl-8ae1f3ed-f636-4fe8-bd46-95e90032052b/datanode-5/data/ratis/1463b092-144d-4f7c-8823-4737ade6b482
2019-07-13 10:44:34,744 INFO  server.RaftServerConfigKeys (ConfUtils.java:logGet(43)) - raft.server.log.queue.byte-limit = 2147483647 (custom)
2019-07-13 10:44:34,744 INFO  server.RaftServerConfigKeys (ConfUtils.java:logGet(43)) - raft.server.log.queue.element-limit = 1024 (custom)
2019-07-13 10:44:34,745 INFO  server.RaftServerConfigKeys (ConfUtils.java:logGet(43)) - raft.server.log.segment.size.max = 1048576 (custom)
2019-07-13 10:44:34,745 INFO  server.RaftServerConfigKeys (ConfUtils.java:logGet(43)) - raft.server.log.preallocated.size = 16384 (custom)
2019-07-13 10:44:34,745 INFO  server.RaftServerConfigKeys (ConfUtils.java:logGet(43)) - raft.server.log.write.buffer.size = 33554432 (custom)
2019-07-13 10:44:34,745 INFO  server.RaftServerConfigKeys (ConfUtils.java:logGet(43)) - raft.server.log.force.sync.num = 128 (default)
2019-07-13 10:44:34,746 INFO  server.RaftServerConfigKeys (ConfUtils.java:logGet(43)) - raft.server.log.statemachine.data.sync = true (default)
2019-07-13 10:44:34,746 INFO  server.RaftServerConfigKeys (ConfUtils.java:logGet(43)) - raft.server.log.statemachine.data.sync.timeout = 10s (default)
2019-07-13 10:44:34,746 INFO  server.RaftServerConfigKeys (ConfUtils.java:logGet(43)) - raft.server.log.statemachine.data.sync.timeout.retry = -1 (default)
2019-07-13 10:44:34,747 INFO  server.RaftServerConfigKeys (ConfUtils.java:logGet(43)) - raft.server.log.statemachine.data.caching.enabled = true (custom)
2019-07-13 10:44:34,747 INFO  segmented.SegmentedRaftLogWorker (SegmentedRaftLogWorker.java:lambda$new$0(132)) - ff287178-824c-4f15-982f-9bcabf7bd324-SegmentedRaftLogWorker:Storage Directory /tmp/workdir/hadoop-ozone/integration-test/target/test-dir/MiniOzoneClusterImpl-8ae1f3ed-f636-4fe8-bd46-95e90032052b/datanode-5/data/ratis/1463b092-144d-4f7c-8823-4737ade6b482: flushIndex: setUnconditionally 0 -> -1
2019-07-13 10:44:34,748 INFO  server.RaftServerConfigKeys (ConfUtils.java:logGet(43)) - raft.server.snapshot.auto.trigger.enabled = true (custom)
2019-07-13 10:44:34,748 INFO  server.RaftServerConfigKeys (ConfUtils.java:logGet(43)) - raft.server.snapshot.auto.trigger.threshold = 10000 (custom)
2019-07-13 10:44:34,748 INFO  server.RaftServerConfigKeys (ConfUtils.java:logGet(43)) - raft.server.retrycache.expirytime = 600000ms (custom)
2019-07-13 10:44:34,749 INFO  impl.RaftServerImpl (RaftServerImpl.java:start(180)) - ff287178-824c-4f15-982f-9bcabf7bd324: start group-4737ADE6B482
2019-07-13 10:44:34,749 INFO  impl.RaftServerImpl (RaftServerImpl.java:setRole(171)) - ff287178-824c-4f15-982f-9bcabf7bd324:group-4737ADE6B482 changes role from null to FOLLOWER at term 0 for startAsFollower
2019-07-13 10:44:34,749 INFO  impl.RoleInfo (RoleInfo.java:updateAndGet(143)) - ff287178-824c-4f15-982f-9bcabf7bd324: start FollowerState
2019-07-13 10:44:34,757 INFO  util.JmxRegister (JmxRegister.java:tryRegister(44)) - Successfully registered JMX Bean with object name Ratis:service=RaftServer,group=group-4737ADE6B482,id=ff287178-824c-4f15-982f-9bcabf7bd324
2019-07-13 10:44:34,777 INFO  pipeline.PipelineStateManager (PipelineStateManager.java:addPipeline(56)) - Created pipeline Pipeline[ Id: 1463b092-144d-4f7c-8823-4737ade6b482, Nodes: ff287178-824c-4f15-982f-9bcabf7bd324{ip: 192.168.157.218, host: trunk-nightly-qcxv8-4293026562, networkLocation: /default-rack, certSerialId: null}, Type:RATIS, Factor:ONE, State:OPEN]
2019-07-13 10:44:34,780 INFO  ozone.MiniOzoneClusterImpl (MiniOzoneClusterImpl.java:lambda$waitForClusterToBeReady$0(142)) - Waiting for cluster to be ready. Got 6 of 7 DN Heartbeats.
2019-07-13 10:44:34,783 INFO  node.SCMNodeManager (SCMNodeManager.java:register(269)) - Registered Data node : 889ac0db-9bf5-474c-a7b0-2697cc859952{ip: 192.168.157.218, host: trunk-nightly-qcxv8-4293026562, networkLocation: /default-rack, certSerialId: null}
2019-07-13 10:44:34,814 INFO  impl.RaftServerProxy (RaftServerProxy.java:addNew(89)) - 84ac706b-562b-4a88-88e3-dc4f71f227fd: addNew group-2268AFF6DB7A:[84ac706b-562b-4a88-88e3-dc4f71f227fd:192.168.157.218:36301] returns group-2268AFF6DB7A:java.util.concurrent.CompletableFuture@3f58a755[Not completed]
2019-07-13 10:44:34,826 INFO  impl.RaftServerImpl (RaftServerImpl.java:<init>(93)) - 84ac706b-562b-4a88-88e3-dc4f71f227fd: new RaftServerImpl for group-2268AFF6DB7A:[84ac706b-562b-4a88-88e3-dc4f71f227fd:192.168.157.218:36301] with ContainerStateMachine:uninitialized
2019-07-13 10:44:34,826 INFO  server.RaftServerConfigKeys (ConfUtils.java:logGet(43)) - raft.server.rpc.timeout.min = 5s (custom)
2019-07-13 10:44:34,827 INFO  server.RaftServerConfigKeys (ConfUtils.java:logGet(43)) - raft.server.rpc.timeout.max = 5200ms (custom)
2019-07-13 10:44:34,827 INFO  server.RaftServerConfigKeys (ConfUtils.java:logGet(43)) - raft.server.rpcslowness.timeout = 120s (custom)
2019-07-13 10:44:34,827 INFO  server.RaftServerConfigKeys (ConfUtils.java:logGet(43)) - raft.server.sleep.deviation.threshold = 300 (default)
2019-07-13 10:44:34,827 INFO  server.RaftServerConfigKeys (ConfUtils.java:logGet(43)) - raft.server.log.appender.install.snapshot.enabled = false (custom)
2019-07-13 10:44:34,827 INFO  impl.RaftServerImpl (ServerState.java:<init>(105)) - 84ac706b-562b-4a88-88e3-dc4f71f227fd:group-2268AFF6DB7A ConfigurationManager, init=-1: [84ac706b-562b-4a88-88e3-dc4f71f227fd:192.168.157.218:36301], old=null, confs=<EMPTY_MAP>
2019-07-13 10:44:34,827 INFO  server.RaftServerConfigKeys (ConfUtils.java:logGet(43)) - raft.server.storage.dir = [/tmp/workdir/hadoop-ozone/integration-test/target/test-dir/MiniOzoneClusterImpl-8ae1f3ed-f636-4fe8-bd46-95e90032052b/datanode-1/data/ratis] (custom)
2019-07-13 10:44:34,828 INFO  storage.RaftStorageDirectory (RaftStorageDirectory.java:analyzeStorage(246)) - The storage directory /tmp/workdir/hadoop-ozone/integration-test/target/test-dir/MiniOzoneClusterImpl-8ae1f3ed-f636-4fe8-bd46-95e90032052b/datanode-1/data/ratis/86c2851b-1b56-46c7-8355-2268aff6db7a does not exist. Creating ...
2019-07-13 10:44:34,851 INFO  storage.RaftStorageDirectory (RaftStorageDirectory.java:tryLock(328)) - Lock on /tmp/workdir/hadoop-ozone/integration-test/target/test-dir/MiniOzoneClusterImpl-8ae1f3ed-f636-4fe8-bd46-95e90032052b/datanode-1/data/ratis/86c2851b-1b56-46c7-8355-2268aff6db7a/in_use.lock acquired by nodename 24927@trunk-nightly-qcxv8-4293026562
2019-07-13 10:44:34,864 INFO  storage.RaftStorage (RaftStorage.java:format(72)) - Storage directory /tmp/workdir/hadoop-ozone/integration-test/target/test-dir/MiniOzoneClusterImpl-8ae1f3ed-f636-4fe8-bd46-95e90032052b/datanode-1/data/ratis/86c2851b-1b56-46c7-8355-2268aff6db7a has been successfully formatted.
2019-07-13 10:44:34,864 INFO  ratis.ContainerStateMachine (ContainerStateMachine.java:loadSnapshot(200)) - The snapshot info is null.Setting the last applied index to:(t:0, i:~)
2019-07-13 10:44:34,864 INFO  server.RaftServerConfigKeys (ConfUtils.java:logGet(43)) - raft.server.leader.election.timeout = 120s (custom)
2019-07-13 10:44:34,865 INFO  server.RaftServerConfigKeys (ConfUtils.java:logGet(43)) - raft.server.log.use.memory = false (default)
2019-07-13 10:44:34,865 INFO  server.RaftServerConfigKeys (ConfUtils.java:logGet(43)) - raft.server.log.purge.gap = 1000000000 (custom)
2019-07-13 10:44:34,865 INFO  server.RaftServerConfigKeys (ConfUtils.java:logGet(43)) - raft.server.log.appender.buffer.byte-limit = 33554432 (custom)
2019-07-13 10:44:34,865 INFO  server.RaftServerConfigKeys (ConfUtils.java:logGet(43)) - raft.server.log.segment.size.max = 1048576 (custom)
2019-07-13 10:44:34,865 INFO  server.RaftServerConfigKeys (ConfUtils.java:logGet(43)) - raft.server.log.segment.cache.num.max = 2 (custom)
2019-07-13 10:44:34,866 INFO  segmented.SegmentedRaftLogWorker (SegmentedRaftLogWorker.java:<init>(172)) - new 84ac706b-562b-4a88-88e3-dc4f71f227fd-SegmentedRaftLogWorker:Storage Directory /tmp/workdir/hadoop-ozone/integration-test/target/test-dir/MiniOzoneClusterImpl-8ae1f3ed-f636-4fe8-bd46-95e90032052b/datanode-1/data/ratis/86c2851b-1b56-46c7-8355-2268aff6db7a for RaftStorage:Storage Directory /tmp/workdir/hadoop-ozone/integration-test/target/test-dir/MiniOzoneClusterImpl-8ae1f3ed-f636-4fe8-bd46-95e90032052b/datanode-1/data/ratis/86c2851b-1b56-46c7-8355-2268aff6db7a
2019-07-13 10:44:34,866 INFO  server.RaftServerConfigKeys (ConfUtils.java:logGet(43)) - raft.server.log.queue.byte-limit = 2147483647 (custom)
2019-07-13 10:44:34,866 INFO  server.RaftServerConfigKeys (ConfUtils.java:logGet(43)) - raft.server.log.queue.element-limit = 1024 (custom)
2019-07-13 10:44:34,866 INFO  server.RaftServerConfigKeys (ConfUtils.java:logGet(43)) - raft.server.log.segment.size.max = 1048576 (custom)
2019-07-13 10:44:34,866 INFO  server.RaftServerConfigKeys (ConfUtils.java:logGet(43)) - raft.server.log.preallocated.size = 16384 (custom)
2019-07-13 10:44:34,867 INFO  server.RaftServerConfigKeys (ConfUtils.java:logGet(43)) - raft.server.log.write.buffer.size = 33554432 (custom)
2019-07-13 10:44:34,867 INFO  server.RaftServerConfigKeys (ConfUtils.java:logGet(43)) - raft.server.log.force.sync.num = 128 (default)
2019-07-13 10:44:34,867 INFO  server.RaftServerConfigKeys (ConfUtils.java:logGet(43)) - raft.server.log.statemachine.data.sync = true (default)
2019-07-13 10:44:34,867 INFO  server.RaftServerConfigKeys (ConfUtils.java:logGet(43)) - raft.server.log.statemachine.data.sync.timeout = 10s (default)
2019-07-13 10:44:34,867 INFO  server.RaftServerConfigKeys (ConfUtils.java:logGet(43)) - raft.server.log.statemachine.data.sync.timeout.retry = -1 (default)
2019-07-13 10:44:34,868 INFO  server.RaftServerConfigKeys (ConfUtils.java:logGet(43)) - raft.server.log.statemachine.data.caching.enabled = true (custom)
2019-07-13 10:44:34,868 INFO  segmented.SegmentedRaftLogWorker (SegmentedRaftLogWorker.java:lambda$new$0(132)) - 84ac706b-562b-4a88-88e3-dc4f71f227fd-SegmentedRaftLogWorker:Storage Directory /tmp/workdir/hadoop-ozone/integration-test/target/test-dir/MiniOzoneClusterImpl-8ae1f3ed-f636-4fe8-bd46-95e90032052b/datanode-1/data/ratis/86c2851b-1b56-46c7-8355-2268aff6db7a: flushIndex: setUnconditionally 0 -> -1
2019-07-13 10:44:34,869 INFO  server.RaftServerConfigKeys (ConfUtils.java:logGet(43)) - raft.server.snapshot.auto.trigger.enabled = true (custom)
2019-07-13 10:44:34,869 INFO  server.RaftServerConfigKeys (ConfUtils.java:logGet(43)) - raft.server.snapshot.auto.trigger.threshold = 10000 (custom)
2019-07-13 10:44:34,869 INFO  server.RaftServerConfigKeys (ConfUtils.java:logGet(43)) - raft.server.retrycache.expirytime = 600000ms (custom)
2019-07-13 10:44:34,870 INFO  impl.RaftServerImpl (RaftServerImpl.java:start(180)) - 84ac706b-562b-4a88-88e3-dc4f71f227fd: start group-2268AFF6DB7A
2019-07-13 10:44:34,870 INFO  impl.RaftServerImpl (RaftServerImpl.java:setRole(171)) - 84ac706b-562b-4a88-88e3-dc4f71f227fd:group-2268AFF6DB7A changes role from null to FOLLOWER at term 0 for startAsFollower
2019-07-13 10:44:34,870 INFO  impl.RoleInfo (RoleInfo.java:updateAndGet(143)) - 84ac706b-562b-4a88-88e3-dc4f71f227fd: start FollowerState
2019-07-13 10:44:34,871 INFO  util.JmxRegister (JmxRegister.java:tryRegister(44)) - Successfully registered JMX Bean with object name Ratis:service=RaftServer,group=group-2268AFF6DB7A,id=84ac706b-562b-4a88-88e3-dc4f71f227fd
2019-07-13 10:44:34,887 INFO  pipeline.PipelineStateManager (PipelineStateManager.java:addPipeline(56)) - Created pipeline Pipeline[ Id: 86c2851b-1b56-46c7-8355-2268aff6db7a, Nodes: 84ac706b-562b-4a88-88e3-dc4f71f227fd{ip: 192.168.157.218, host: trunk-nightly-qcxv8-4293026562, networkLocation: /default-rack, certSerialId: null}, Type:RATIS, Factor:ONE, State:OPEN]
2019-07-13 10:44:34,912 INFO  impl.RaftServerProxy (RaftServerProxy.java:addNew(89)) - cbcdb08f-5faf-40a3-8d20-afd8283bb5b5: addNew group-A561BD9D3E90:[cbcdb08f-5faf-40a3-8d20-afd8283bb5b5:192.168.157.218:43585] returns group-A561BD9D3E90:java.util.concurrent.CompletableFuture@4f4d4cd3[Not completed]
2019-07-13 10:44:34,914 INFO  impl.RaftServerImpl (RaftServerImpl.java:<init>(93)) - cbcdb08f-5faf-40a3-8d20-afd8283bb5b5: new RaftServerImpl for group-A561BD9D3E90:[cbcdb08f-5faf-40a3-8d20-afd8283bb5b5:192.168.157.218:43585] with ContainerStateMachine:uninitialized
2019-07-13 10:44:34,914 INFO  server.RaftServerConfigKeys (ConfUtils.java:logGet(43)) - raft.server.rpc.timeout.min = 5s (custom)
2019-07-13 10:44:34,915 INFO  server.RaftServerConfigKeys (ConfUtils.java:logGet(43)) - raft.server.rpc.timeout.max = 5200ms (custom)
2019-07-13 10:44:34,915 INFO  server.RaftServerConfigKeys (ConfUtils.java:logGet(43)) - raft.server.rpcslowness.timeout = 120s (custom)
2019-07-13 10:44:34,915 INFO  server.RaftServerConfigKeys (ConfUtils.java:logGet(43)) - raft.server.sleep.deviation.threshold = 300 (default)
2019-07-13 10:44:34,915 INFO  server.RaftServerConfigKeys (ConfUtils.java:logGet(43)) - raft.server.log.appender.install.snapshot.enabled = false (custom)
2019-07-13 10:44:34,915 INFO  impl.RaftServerImpl (ServerState.java:<init>(105)) - cbcdb08f-5faf-40a3-8d20-afd8283bb5b5:group-A561BD9D3E90 ConfigurationManager, init=-1: [cbcdb08f-5faf-40a3-8d20-afd8283bb5b5:192.168.157.218:43585], old=null, confs=<EMPTY_MAP>
2019-07-13 10:44:34,915 INFO  server.RaftServerConfigKeys (ConfUtils.java:logGet(43)) - raft.server.storage.dir = [/tmp/workdir/hadoop-ozone/integration-test/target/test-dir/MiniOzoneClusterImpl-8ae1f3ed-f636-4fe8-bd46-95e90032052b/datanode-3/data/ratis] (custom)
2019-07-13 10:44:34,916 INFO  storage.RaftStorageDirectory (RaftStorageDirectory.java:analyzeStorage(246)) - The storage directory /tmp/workdir/hadoop-ozone/integration-test/target/test-dir/MiniOzoneClusterImpl-8ae1f3ed-f636-4fe8-bd46-95e90032052b/datanode-3/data/ratis/3cc2c43b-f408-4bf9-90f8-a561bd9d3e90 does not exist. Creating ...
2019-07-13 10:44:34,928 INFO  storage.RaftStorageDirectory (RaftStorageDirectory.java:tryLock(328)) - Lock on /tmp/workdir/hadoop-ozone/integration-test/target/test-dir/MiniOzoneClusterImpl-8ae1f3ed-f636-4fe8-bd46-95e90032052b/datanode-3/data/ratis/3cc2c43b-f408-4bf9-90f8-a561bd9d3e90/in_use.lock acquired by nodename 24927@trunk-nightly-qcxv8-4293026562
2019-07-13 10:44:34,942 INFO  storage.RaftStorage (RaftStorage.java:format(72)) - Storage directory /tmp/workdir/hadoop-ozone/integration-test/target/test-dir/MiniOzoneClusterImpl-8ae1f3ed-f636-4fe8-bd46-95e90032052b/datanode-3/data/ratis/3cc2c43b-f408-4bf9-90f8-a561bd9d3e90 has been successfully formatted.
2019-07-13 10:44:34,942 INFO  ratis.ContainerStateMachine (ContainerStateMachine.java:loadSnapshot(200)) - The snapshot info is null.Setting the last applied index to:(t:0, i:~)
2019-07-13 10:44:34,942 INFO  server.RaftServerConfigKeys (ConfUtils.java:logGet(43)) - raft.server.leader.election.timeout = 120s (custom)
2019-07-13 10:44:34,942 INFO  server.RaftServerConfigKeys (ConfUtils.java:logGet(43)) - raft.server.log.use.memory = false (default)
2019-07-13 10:44:34,943 INFO  server.RaftServerConfigKeys (ConfUtils.java:logGet(43)) - raft.server.log.purge.gap = 1000000000 (custom)
2019-07-13 10:44:34,943 INFO  server.RaftServerConfigKeys (ConfUtils.java:logGet(43)) - raft.server.log.appender.buffer.byte-limit = 33554432 (custom)
2019-07-13 10:44:34,943 INFO  server.RaftServerConfigKeys (ConfUtils.java:logGet(43)) - raft.server.log.segment.size.max = 1048576 (custom)
2019-07-13 10:44:34,943 INFO  server.RaftServerConfigKeys (ConfUtils.java:logGet(43)) - raft.server.log.segment.cache.num.max = 2 (custom)
2019-07-13 10:44:34,943 INFO  segmented.SegmentedRaftLogWorker (SegmentedRaftLogWorker.java:<init>(172)) - new cbcdb08f-5faf-40a3-8d20-afd8283bb5b5-SegmentedRaftLogWorker:Storage Directory /tmp/workdir/hadoop-ozone/integration-test/target/test-dir/MiniOzoneClusterImpl-8ae1f3ed-f636-4fe8-bd46-95e90032052b/datanode-3/data/ratis/3cc2c43b-f408-4bf9-90f8-a561bd9d3e90 for RaftStorage:Storage Directory /tmp/workdir/hadoop-ozone/integration-test/target/test-dir/MiniOzoneClusterImpl-8ae1f3ed-f636-4fe8-bd46-95e90032052b/datanode-3/data/ratis/3cc2c43b-f408-4bf9-90f8-a561bd9d3e90
2019-07-13 10:44:34,944 INFO  server.RaftServerConfigKeys (ConfUtils.java:logGet(43)) - raft.server.log.queue.byte-limit = 2147483647 (custom)
2019-07-13 10:44:34,944 INFO  server.RaftServerConfigKeys (ConfUtils.java:logGet(43)) - raft.server.log.queue.element-limit = 1024 (custom)
2019-07-13 10:44:34,944 INFO  server.RaftServerConfigKeys (ConfUtils.java:logGet(43)) - raft.server.log.segment.size.max = 1048576 (custom)
2019-07-13 10:44:34,944 INFO  server.RaftServerConfigKeys (ConfUtils.java:logGet(43)) - raft.server.log.preallocated.size = 16384 (custom)
2019-07-13 10:44:34,944 INFO  server.RaftServerConfigKeys (ConfUtils.java:logGet(43)) - raft.server.log.write.buffer.size = 33554432 (custom)
2019-07-13 10:44:34,945 INFO  server.RaftServerConfigKeys (ConfUtils.java:logGet(43)) - raft.server.log.force.sync.num = 128 (default)
2019-07-13 10:44:34,945 INFO  server.RaftServerConfigKeys (ConfUtils.java:logGet(43)) - raft.server.log.statemachine.data.sync = true (default)
2019-07-13 10:44:34,945 INFO  server.RaftServerConfigKeys (ConfUtils.java:logGet(43)) - raft.server.log.statemachine.data.sync.timeout = 10s (default)
2019-07-13 10:44:34,945 INFO  server.RaftServerConfigKeys (ConfUtils.java:logGet(43)) - raft.server.log.statemachine.data.sync.timeout.retry = -1 (default)
2019-07-13 10:44:34,946 INFO  server.RaftServerConfigKeys (ConfUtils.java:logGet(43)) - raft.server.log.statemachine.data.caching.enabled = true (custom)
2019-07-13 10:44:34,946 INFO  segmented.SegmentedRaftLogWorker (SegmentedRaftLogWorker.java:lambda$new$0(132)) - cbcdb08f-5faf-40a3-8d20-afd8283bb5b5-SegmentedRaftLogWorker:Storage Directory /tmp/workdir/hadoop-ozone/integration-test/target/test-dir/MiniOzoneClusterImpl-8ae1f3ed-f636-4fe8-bd46-95e90032052b/datanode-3/data/ratis/3cc2c43b-f408-4bf9-90f8-a561bd9d3e90: flushIndex: setUnconditionally 0 -> -1
2019-07-13 10:44:34,946 INFO  server.RaftServerConfigKeys (ConfUtils.java:logGet(43)) - raft.server.snapshot.auto.trigger.enabled = true (custom)
2019-07-13 10:44:34,947 INFO  server.RaftServerConfigKeys (ConfUtils.java:logGet(43)) - raft.server.snapshot.auto.trigger.threshold = 10000 (custom)
2019-07-13 10:44:34,947 INFO  server.RaftServerConfigKeys (ConfUtils.java:logGet(43)) - raft.server.retrycache.expirytime = 600000ms (custom)
2019-07-13 10:44:34,947 INFO  impl.RaftServerImpl (RaftServerImpl.java:start(180)) - cbcdb08f-5faf-40a3-8d20-afd8283bb5b5: start group-A561BD9D3E90
2019-07-13 10:44:34,947 INFO  impl.RaftServerImpl (RaftServerImpl.java:setRole(171)) - cbcdb08f-5faf-40a3-8d20-afd8283bb5b5:group-A561BD9D3E90 changes role from null to FOLLOWER at term 0 for startAsFollower
2019-07-13 10:44:34,947 INFO  impl.RoleInfo (RoleInfo.java:updateAndGet(143)) - cbcdb08f-5faf-40a3-8d20-afd8283bb5b5: start FollowerState
2019-07-13 10:44:34,948 INFO  util.JmxRegister (JmxRegister.java:tryRegister(44)) - Successfully registered JMX Bean with object name Ratis:service=RaftServer,group=group-A561BD9D3E90,id=cbcdb08f-5faf-40a3-8d20-afd8283bb5b5
2019-07-13 10:44:34,963 INFO  pipeline.PipelineStateManager (PipelineStateManager.java:addPipeline(56)) - Created pipeline Pipeline[ Id: 3cc2c43b-f408-4bf9-90f8-a561bd9d3e90, Nodes: cbcdb08f-5faf-40a3-8d20-afd8283bb5b5{ip: 192.168.157.218, host: trunk-nightly-qcxv8-4293026562, networkLocation: /default-rack, certSerialId: null}, Type:RATIS, Factor:ONE, State:OPEN]
2019-07-13 10:44:34,991 INFO  impl.RaftServerProxy (RaftServerProxy.java:addNew(89)) - 889ac0db-9bf5-474c-a7b0-2697cc859952: addNew group-A08E5B8F3772:[889ac0db-9bf5-474c-a7b0-2697cc859952:192.168.157.218:37300] returns group-A08E5B8F3772:java.util.concurrent.CompletableFuture@266f1808[Not completed]
2019-07-13 10:44:34,993 INFO  impl.RaftServerImpl (RaftServerImpl.java:<init>(93)) - 889ac0db-9bf5-474c-a7b0-2697cc859952: new RaftServerImpl for group-A08E5B8F3772:[889ac0db-9bf5-474c-a7b0-2697cc859952:192.168.157.218:37300] with ContainerStateMachine:uninitialized
2019-07-13 10:44:34,993 INFO  server.RaftServerConfigKeys (ConfUtils.java:logGet(43)) - raft.server.rpc.timeout.min = 5s (custom)
2019-07-13 10:44:34,993 INFO  server.RaftServerConfigKeys (ConfUtils.java:logGet(43)) - raft.server.rpc.timeout.max = 5200ms (custom)
2019-07-13 10:44:34,994 INFO  server.RaftServerConfigKeys (ConfUtils.java:logGet(43)) - raft.server.rpcslowness.timeout = 120s (custom)
2019-07-13 10:44:34,994 INFO  server.RaftServerConfigKeys (ConfUtils.java:logGet(43)) - raft.server.sleep.deviation.threshold = 300 (default)
2019-07-13 10:44:34,994 INFO  server.RaftServerConfigKeys (ConfUtils.java:logGet(43)) - raft.server.log.appender.install.snapshot.enabled = false (custom)
2019-07-13 10:44:34,994 INFO  impl.RaftServerImpl (ServerState.java:<init>(105)) - 889ac0db-9bf5-474c-a7b0-2697cc859952:group-A08E5B8F3772 ConfigurationManager, init=-1: [889ac0db-9bf5-474c-a7b0-2697cc859952:192.168.157.218:37300], old=null, confs=<EMPTY_MAP>
2019-07-13 10:44:34,994 INFO  server.RaftServerConfigKeys (ConfUtils.java:logGet(43)) - raft.server.storage.dir = [/tmp/workdir/hadoop-ozone/integration-test/target/test-dir/MiniOzoneClusterImpl-8ae1f3ed-f636-4fe8-bd46-95e90032052b/datanode-6/data/ratis] (custom)
2019-07-13 10:44:34,995 INFO  storage.RaftStorageDirectory (RaftStorageDirectory.java:analyzeStorage(246)) - The storage directory /tmp/workdir/hadoop-ozone/integration-test/target/test-dir/MiniOzoneClusterImpl-8ae1f3ed-f636-4fe8-bd46-95e90032052b/datanode-6/data/ratis/8ddaf1a2-3b18-4e09-bc46-a08e5b8f3772 does not exist. Creating ...
2019-07-13 10:44:35,009 INFO  storage.RaftStorageDirectory (RaftStorageDirectory.java:tryLock(328)) - Lock on /tmp/workdir/hadoop-ozone/integration-test/target/test-dir/MiniOzoneClusterImpl-8ae1f3ed-f636-4fe8-bd46-95e90032052b/datanode-6/data/ratis/8ddaf1a2-3b18-4e09-bc46-a08e5b8f3772/in_use.lock acquired by nodename 24927@trunk-nightly-qcxv8-4293026562
2019-07-13 10:44:35,022 INFO  storage.RaftStorage (RaftStorage.java:format(72)) - Storage directory /tmp/workdir/hadoop-ozone/integration-test/target/test-dir/MiniOzoneClusterImpl-8ae1f3ed-f636-4fe8-bd46-95e90032052b/datanode-6/data/ratis/8ddaf1a2-3b18-4e09-bc46-a08e5b8f3772 has been successfully formatted.
2019-07-13 10:44:35,022 INFO  ratis.ContainerStateMachine (ContainerStateMachine.java:loadSnapshot(200)) - The snapshot info is null.Setting the last applied index to:(t:0, i:~)
2019-07-13 10:44:35,023 INFO  server.RaftServerConfigKeys (ConfUtils.java:logGet(43)) - raft.server.leader.election.timeout = 120s (custom)
2019-07-13 10:44:35,023 INFO  server.RaftServerConfigKeys (ConfUtils.java:logGet(43)) - raft.server.log.use.memory = false (default)
2019-07-13 10:44:35,023 INFO  server.RaftServerConfigKeys (ConfUtils.java:logGet(43)) - raft.server.log.purge.gap = 1000000000 (custom)
2019-07-13 10:44:35,023 INFO  server.RaftServerConfigKeys (ConfUtils.java:logGet(43)) - raft.server.log.appender.buffer.byte-limit = 33554432 (custom)
2019-07-13 10:44:35,023 INFO  server.RaftServerConfigKeys (ConfUtils.java:logGet(43)) - raft.server.log.segment.size.max = 1048576 (custom)
2019-07-13 10:44:35,023 INFO  server.RaftServerConfigKeys (ConfUtils.java:logGet(43)) - raft.server.log.segment.cache.num.max = 2 (custom)
2019-07-13 10:44:35,024 INFO  segmented.SegmentedRaftLogWorker (SegmentedRaftLogWorker.java:<init>(172)) - new 889ac0db-9bf5-474c-a7b0-2697cc859952-SegmentedRaftLogWorker:Storage Directory /tmp/workdir/hadoop-ozone/integration-test/target/test-dir/MiniOzoneClusterImpl-8ae1f3ed-f636-4fe8-bd46-95e90032052b/datanode-6/data/ratis/8ddaf1a2-3b18-4e09-bc46-a08e5b8f3772 for RaftStorage:Storage Directory /tmp/workdir/hadoop-ozone/integration-test/target/test-dir/MiniOzoneClusterImpl-8ae1f3ed-f636-4fe8-bd46-95e90032052b/datanode-6/data/ratis/8ddaf1a2-3b18-4e09-bc46-a08e5b8f3772
2019-07-13 10:44:35,024 INFO  server.RaftServerConfigKeys (ConfUtils.java:logGet(43)) - raft.server.log.queue.byte-limit = 2147483647 (custom)
2019-07-13 10:44:35,024 INFO  server.RaftServerConfigKeys (ConfUtils.java:logGet(43)) - raft.server.log.queue.element-limit = 1024 (custom)
2019-07-13 10:44:35,024 INFO  server.RaftServerConfigKeys (ConfUtils.java:logGet(43)) - raft.server.log.segment.size.max = 1048576 (custom)
2019-07-13 10:44:35,024 INFO  server.RaftServerConfigKeys (ConfUtils.java:logGet(43)) - raft.server.log.preallocated.size = 16384 (custom)
2019-07-13 10:44:35,025 INFO  server.RaftServerConfigKeys (ConfUtils.java:logGet(43)) - raft.server.log.write.buffer.size = 33554432 (custom)
2019-07-13 10:44:35,025 INFO  server.RaftServerConfigKeys (ConfUtils.java:logGet(43)) - raft.server.log.force.sync.num = 128 (default)
2019-07-13 10:44:35,025 INFO  server.RaftServerConfigKeys (ConfUtils.java:logGet(43)) - raft.server.log.statemachine.data.sync = true (default)
2019-07-13 10:44:35,025 INFO  server.RaftServerConfigKeys (ConfUtils.java:logGet(43)) - raft.server.log.statemachine.data.sync.timeout = 10s (default)
2019-07-13 10:44:35,025 INFO  server.RaftServerConfigKeys (ConfUtils.java:logGet(43)) - raft.server.log.statemachine.data.sync.timeout.retry = -1 (default)
2019-07-13 10:44:35,026 INFO  server.RaftServerConfigKeys (ConfUtils.java:logGet(43)) - raft.server.log.statemachine.data.caching.enabled = true (custom)
2019-07-13 10:44:35,026 INFO  segmented.SegmentedRaftLogWorker (SegmentedRaftLogWorker.java:lambda$new$0(132)) - 889ac0db-9bf5-474c-a7b0-2697cc859952-SegmentedRaftLogWorker:Storage Directory /tmp/workdir/hadoop-ozone/integration-test/target/test-dir/MiniOzoneClusterImpl-8ae1f3ed-f636-4fe8-bd46-95e90032052b/datanode-6/data/ratis/8ddaf1a2-3b18-4e09-bc46-a08e5b8f3772: flushIndex: setUnconditionally 0 -> -1
2019-07-13 10:44:35,026 INFO  server.RaftServerConfigKeys (ConfUtils.java:logGet(43)) - raft.server.snapshot.auto.trigger.enabled = true (custom)
2019-07-13 10:44:35,027 INFO  server.RaftServerConfigKeys (ConfUtils.java:logGet(43)) - raft.server.snapshot.auto.trigger.threshold = 10000 (custom)
2019-07-13 10:44:35,027 INFO  server.RaftServerConfigKeys (ConfUtils.java:logGet(43)) - raft.server.retrycache.expirytime = 600000ms (custom)
2019-07-13 10:44:35,027 INFO  impl.RaftServerImpl (RaftServerImpl.java:start(180)) - 889ac0db-9bf5-474c-a7b0-2697cc859952: start group-A08E5B8F3772
2019-07-13 10:44:35,027 INFO  impl.RaftServerImpl (RaftServerImpl.java:setRole(171)) - 889ac0db-9bf5-474c-a7b0-2697cc859952:group-A08E5B8F3772 changes role from null to FOLLOWER at term 0 for startAsFollower
2019-07-13 10:44:35,027 INFO  impl.RoleInfo (RoleInfo.java:updateAndGet(143)) - 889ac0db-9bf5-474c-a7b0-2697cc859952: start FollowerState
2019-07-13 10:44:35,028 INFO  util.JmxRegister (JmxRegister.java:tryRegister(44)) - Successfully registered JMX Bean with object name Ratis:service=RaftServer,group=group-A08E5B8F3772,id=889ac0db-9bf5-474c-a7b0-2697cc859952
2019-07-13 10:44:35,043 INFO  pipeline.PipelineStateManager (PipelineStateManager.java:addPipeline(56)) - Created pipeline Pipeline[ Id: 8ddaf1a2-3b18-4e09-bc46-a08e5b8f3772, Nodes: 889ac0db-9bf5-474c-a7b0-2697cc859952{ip: 192.168.157.218, host: trunk-nightly-qcxv8-4293026562, networkLocation: /default-rack, certSerialId: null}, Type:RATIS, Factor:ONE, State:OPEN]
2019-07-13 10:44:35,071 INFO  impl.RaftServerProxy (RaftServerProxy.java:addNew(89)) - c6de40fd-c0d5-459c-ac64-ecd6486e174f: addNew group-D86E0AEFD4D4:[c6de40fd-c0d5-459c-ac64-ecd6486e174f:192.168.157.218:42080] returns group-D86E0AEFD4D4:java.util.concurrent.CompletableFuture@4ec81ca3[Not completed]
2019-07-13 10:44:35,073 INFO  impl.RaftServerImpl (RaftServerImpl.java:<init>(93)) - c6de40fd-c0d5-459c-ac64-ecd6486e174f: new RaftServerImpl for group-D86E0AEFD4D4:[c6de40fd-c0d5-459c-ac64-ecd6486e174f:192.168.157.218:42080] with ContainerStateMachine:uninitialized
2019-07-13 10:44:35,073 INFO  server.RaftServerConfigKeys (ConfUtils.java:logGet(43)) - raft.server.rpc.timeout.min = 5s (custom)
2019-07-13 10:44:35,073 INFO  server.RaftServerConfigKeys (ConfUtils.java:logGet(43)) - raft.server.rpc.timeout.max = 5200ms (custom)
2019-07-13 10:44:35,074 INFO  server.RaftServerConfigKeys (ConfUtils.java:logGet(43)) - raft.server.rpcslowness.timeout = 120s (custom)
2019-07-13 10:44:35,074 INFO  server.RaftServerConfigKeys (ConfUtils.java:logGet(43)) - raft.server.sleep.deviation.threshold = 300 (default)
2019-07-13 10:44:35,074 INFO  server.RaftServerConfigKeys (ConfUtils.java:logGet(43)) - raft.server.log.appender.install.snapshot.enabled = false (custom)
2019-07-13 10:44:35,074 INFO  impl.RaftServerImpl (ServerState.java:<init>(105)) - c6de40fd-c0d5-459c-ac64-ecd6486e174f:group-D86E0AEFD4D4 ConfigurationManager, init=-1: [c6de40fd-c0d5-459c-ac64-ecd6486e174f:192.168.157.218:42080], old=null, confs=<EMPTY_MAP>
2019-07-13 10:44:35,074 INFO  server.RaftServerConfigKeys (ConfUtils.java:logGet(43)) - raft.server.storage.dir = [/tmp/workdir/hadoop-ozone/integration-test/target/test-dir/MiniOzoneClusterImpl-8ae1f3ed-f636-4fe8-bd46-95e90032052b/datanode-4/data/ratis] (custom)
2019-07-13 10:44:35,075 INFO  storage.RaftStorageDirectory (RaftStorageDirectory.java:analyzeStorage(246)) - The storage directory /tmp/workdir/hadoop-ozone/integration-test/target/test-dir/MiniOzoneClusterImpl-8ae1f3ed-f636-4fe8-bd46-95e90032052b/datanode-4/data/ratis/0479cf50-0a88-46a4-800a-d86e0aefd4d4 does not exist. Creating ...
2019-07-13 10:44:35,100 INFO  storage.RaftStorageDirectory (RaftStorageDirectory.java:tryLock(328)) - Lock on /tmp/workdir/hadoop-ozone/integration-test/target/test-dir/MiniOzoneClusterImpl-8ae1f3ed-f636-4fe8-bd46-95e90032052b/datanode-4/data/ratis/0479cf50-0a88-46a4-800a-d86e0aefd4d4/in_use.lock acquired by nodename 24927@trunk-nightly-qcxv8-4293026562
2019-07-13 10:44:35,113 INFO  storage.RaftStorage (RaftStorage.java:format(72)) - Storage directory /tmp/workdir/hadoop-ozone/integration-test/target/test-dir/MiniOzoneClusterImpl-8ae1f3ed-f636-4fe8-bd46-95e90032052b/datanode-4/data/ratis/0479cf50-0a88-46a4-800a-d86e0aefd4d4 has been successfully formatted.
2019-07-13 10:44:35,113 INFO  ratis.ContainerStateMachine (ContainerStateMachine.java:loadSnapshot(200)) - The snapshot info is null.Setting the last applied index to:(t:0, i:~)
2019-07-13 10:44:35,114 INFO  server.RaftServerConfigKeys (ConfUtils.java:logGet(43)) - raft.server.leader.election.timeout = 120s (custom)
2019-07-13 10:44:35,114 INFO  server.RaftServerConfigKeys (ConfUtils.java:logGet(43)) - raft.server.log.use.memory = false (default)
2019-07-13 10:44:35,114 INFO  server.RaftServerConfigKeys (ConfUtils.java:logGet(43)) - raft.server.log.purge.gap = 1000000000 (custom)
2019-07-13 10:44:35,114 INFO  server.RaftServerConfigKeys (ConfUtils.java:logGet(43)) - raft.server.log.appender.buffer.byte-limit = 33554432 (custom)
2019-07-13 10:44:35,114 INFO  server.RaftServerConfigKeys (ConfUtils.java:logGet(43)) - raft.server.log.segment.size.max = 1048576 (custom)
2019-07-13 10:44:35,114 INFO  server.RaftServerConfigKeys (ConfUtils.java:logGet(43)) - raft.server.log.segment.cache.num.max = 2 (custom)
2019-07-13 10:44:35,115 INFO  segmented.SegmentedRaftLogWorker (SegmentedRaftLogWorker.java:<init>(172)) - new c6de40fd-c0d5-459c-ac64-ecd6486e174f-SegmentedRaftLogWorker:Storage Directory /tmp/workdir/hadoop-ozone/integration-test/target/test-dir/MiniOzoneClusterImpl-8ae1f3ed-f636-4fe8-bd46-95e90032052b/datanode-4/data/ratis/0479cf50-0a88-46a4-800a-d86e0aefd4d4 for RaftStorage:Storage Directory /tmp/workdir/hadoop-ozone/integration-test/target/test-dir/MiniOzoneClusterImpl-8ae1f3ed-f636-4fe8-bd46-95e90032052b/datanode-4/data/ratis/0479cf50-0a88-46a4-800a-d86e0aefd4d4
2019-07-13 10:44:35,115 INFO  server.RaftServerConfigKeys (ConfUtils.java:logGet(43)) - raft.server.log.queue.byte-limit = 2147483647 (custom)
2019-07-13 10:44:35,115 INFO  server.RaftServerConfigKeys (ConfUtils.java:logGet(43)) - raft.server.log.queue.element-limit = 1024 (custom)
2019-07-13 10:44:35,115 INFO  server.RaftServerConfigKeys (ConfUtils.java:logGet(43)) - raft.server.log.segment.size.max = 1048576 (custom)
2019-07-13 10:44:35,116 INFO  server.RaftServerConfigKeys (ConfUtils.java:logGet(43)) - raft.server.log.preallocated.size = 16384 (custom)
2019-07-13 10:44:35,116 INFO  server.RaftServerConfigKeys (ConfUtils.java:logGet(43)) - raft.server.log.write.buffer.size = 33554432 (custom)
2019-07-13 10:44:35,116 INFO  server.RaftServerConfigKeys (ConfUtils.java:logGet(43)) - raft.server.log.force.sync.num = 128 (default)
2019-07-13 10:44:35,116 INFO  server.RaftServerConfigKeys (ConfUtils.java:logGet(43)) - raft.server.log.statemachine.data.sync = true (default)
2019-07-13 10:44:35,116 INFO  server.RaftServerConfigKeys (ConfUtils.java:logGet(43)) - raft.server.log.statemachine.data.sync.timeout = 10s (default)
2019-07-13 10:44:35,117 INFO  server.RaftServerConfigKeys (ConfUtils.java:logGet(43)) - raft.server.log.statemachine.data.sync.timeout.retry = -1 (default)
2019-07-13 10:44:35,117 INFO  server.RaftServerConfigKeys (ConfUtils.java:logGet(43)) - raft.server.log.statemachine.data.caching.enabled = true (custom)
2019-07-13 10:44:35,117 INFO  segmented.SegmentedRaftLogWorker (SegmentedRaftLogWorker.java:lambda$new$0(132)) - c6de40fd-c0d5-459c-ac64-ecd6486e174f-SegmentedRaftLogWorker:Storage Directory /tmp/workdir/hadoop-ozone/integration-test/target/test-dir/MiniOzoneClusterImpl-8ae1f3ed-f636-4fe8-bd46-95e90032052b/datanode-4/data/ratis/0479cf50-0a88-46a4-800a-d86e0aefd4d4: flushIndex: setUnconditionally 0 -> -1
2019-07-13 10:44:35,118 INFO  server.RaftServerConfigKeys (ConfUtils.java:logGet(43)) - raft.server.snapshot.auto.trigger.enabled = true (custom)
2019-07-13 10:44:35,118 INFO  server.RaftServerConfigKeys (ConfUtils.java:logGet(43)) - raft.server.snapshot.auto.trigger.threshold = 10000 (custom)
2019-07-13 10:44:35,118 INFO  server.RaftServerConfigKeys (ConfUtils.java:logGet(43)) - raft.server.retrycache.expirytime = 600000ms (custom)
2019-07-13 10:44:35,119 INFO  impl.RaftServerImpl (RaftServerImpl.java:start(180)) - c6de40fd-c0d5-459c-ac64-ecd6486e174f: start group-D86E0AEFD4D4
2019-07-13 10:44:35,119 INFO  impl.RaftServerImpl (RaftServerImpl.java:setRole(171)) - c6de40fd-c0d5-459c-ac64-ecd6486e174f:group-D86E0AEFD4D4 changes role from null to FOLLOWER at term 0 for startAsFollower
2019-07-13 10:44:35,119 INFO  impl.RoleInfo (RoleInfo.java:updateAndGet(143)) - c6de40fd-c0d5-459c-ac64-ecd6486e174f: start FollowerState
2019-07-13 10:44:35,119 INFO  util.JmxRegister (JmxRegister.java:tryRegister(44)) - Successfully registered JMX Bean with object name Ratis:service=RaftServer,group=group-D86E0AEFD4D4,id=c6de40fd-c0d5-459c-ac64-ecd6486e174f
2019-07-13 10:44:35,133 INFO  pipeline.PipelineStateManager (PipelineStateManager.java:addPipeline(56)) - Created pipeline Pipeline[ Id: 0479cf50-0a88-46a4-800a-d86e0aefd4d4, Nodes: c6de40fd-c0d5-459c-ac64-ecd6486e174f{ip: 192.168.157.218, host: trunk-nightly-qcxv8-4293026562, networkLocation: /default-rack, certSerialId: null}, Type:RATIS, Factor:ONE, State:OPEN]
2019-07-13 10:44:35,153 INFO  impl.RaftServerProxy (RaftServerProxy.java:addNew(89)) - 3a9b3501-43b1-4d2d-9cf4-22f207f1f00a: addNew group-A3AE366C0D69:[3a9b3501-43b1-4d2d-9cf4-22f207f1f00a:192.168.157.218:39231] returns group-A3AE366C0D69:java.util.concurrent.CompletableFuture@590b061e[Not completed]
2019-07-13 10:44:35,155 INFO  impl.RaftServerImpl (RaftServerImpl.java:<init>(93)) - 3a9b3501-43b1-4d2d-9cf4-22f207f1f00a: new RaftServerImpl for group-A3AE366C0D69:[3a9b3501-43b1-4d2d-9cf4-22f207f1f00a:192.168.157.218:39231] with ContainerStateMachine:uninitialized
2019-07-13 10:44:35,156 INFO  server.RaftServerConfigKeys (ConfUtils.java:logGet(43)) - raft.server.rpc.timeout.min = 5s (custom)
2019-07-13 10:44:35,156 INFO  server.RaftServerConfigKeys (ConfUtils.java:logGet(43)) - raft.server.rpc.timeout.max = 5200ms (custom)
2019-07-13 10:44:35,156 INFO  server.RaftServerConfigKeys (ConfUtils.java:logGet(43)) - raft.server.rpcslowness.timeout = 120s (custom)
2019-07-13 10:44:35,156 INFO  server.RaftServerConfigKeys (ConfUtils.java:logGet(43)) - raft.server.sleep.deviation.threshold = 300 (default)
2019-07-13 10:44:35,156 INFO  server.RaftServerConfigKeys (ConfUtils.java:logGet(43)) - raft.server.log.appender.install.snapshot.enabled = false (custom)
2019-07-13 10:44:35,157 INFO  impl.RaftServerImpl (ServerState.java:<init>(105)) - 3a9b3501-43b1-4d2d-9cf4-22f207f1f00a:group-A3AE366C0D69 ConfigurationManager, init=-1: [3a9b3501-43b1-4d2d-9cf4-22f207f1f00a:192.168.157.218:39231], old=null, confs=<EMPTY_MAP>
2019-07-13 10:44:35,157 INFO  server.RaftServerConfigKeys (ConfUtils.java:logGet(43)) - raft.server.storage.dir = [/tmp/workdir/hadoop-ozone/integration-test/target/test-dir/MiniOzoneClusterImpl-8ae1f3ed-f636-4fe8-bd46-95e90032052b/datanode-2/data/ratis] (custom)
2019-07-13 10:44:35,157 INFO  storage.RaftStorageDirectory (RaftStorageDirectory.java:analyzeStorage(246)) - The storage directory /tmp/workdir/hadoop-ozone/integration-test/target/test-dir/MiniOzoneClusterImpl-8ae1f3ed-f636-4fe8-bd46-95e90032052b/datanode-2/data/ratis/eb8f9704-699c-4b98-a73b-a3ae366c0d69 does not exist. Creating ...
2019-07-13 10:44:35,170 INFO  storage.RaftStorageDirectory (RaftStorageDirectory.java:tryLock(328)) - Lock on /tmp/workdir/hadoop-ozone/integration-test/target/test-dir/MiniOzoneClusterImpl-8ae1f3ed-f636-4fe8-bd46-95e90032052b/datanode-2/data/ratis/eb8f9704-699c-4b98-a73b-a3ae366c0d69/in_use.lock acquired by nodename 24927@trunk-nightly-qcxv8-4293026562
2019-07-13 10:44:35,183 INFO  storage.RaftStorage (RaftStorage.java:format(72)) - Storage directory /tmp/workdir/hadoop-ozone/integration-test/target/test-dir/MiniOzoneClusterImpl-8ae1f3ed-f636-4fe8-bd46-95e90032052b/datanode-2/data/ratis/eb8f9704-699c-4b98-a73b-a3ae366c0d69 has been successfully formatted.
2019-07-13 10:44:35,184 INFO  ratis.ContainerStateMachine (ContainerStateMachine.java:loadSnapshot(200)) - The snapshot info is null.Setting the last applied index to:(t:0, i:~)
2019-07-13 10:44:35,184 INFO  server.RaftServerConfigKeys (ConfUtils.java:logGet(43)) - raft.server.leader.election.timeout = 120s (custom)
2019-07-13 10:44:35,184 INFO  server.RaftServerConfigKeys (ConfUtils.java:logGet(43)) - raft.server.log.use.memory = false (default)
2019-07-13 10:44:35,184 INFO  server.RaftServerConfigKeys (ConfUtils.java:logGet(43)) - raft.server.log.purge.gap = 1000000000 (custom)
2019-07-13 10:44:35,185 INFO  server.RaftServerConfigKeys (ConfUtils.java:logGet(43)) - raft.server.log.appender.buffer.byte-limit = 33554432 (custom)
2019-07-13 10:44:35,185 INFO  server.RaftServerConfigKeys (ConfUtils.java:logGet(43)) - raft.server.log.segment.size.max = 1048576 (custom)
2019-07-13 10:44:35,185 INFO  server.RaftServerConfigKeys (ConfUtils.java:logGet(43)) - raft.server.log.segment.cache.num.max = 2 (custom)
2019-07-13 10:44:35,185 INFO  segmented.SegmentedRaftLogWorker (SegmentedRaftLogWorker.java:<init>(172)) - new 3a9b3501-43b1-4d2d-9cf4-22f207f1f00a-SegmentedRaftLogWorker:Storage Directory /tmp/workdir/hadoop-ozone/integration-test/target/test-dir/MiniOzoneClusterImpl-8ae1f3ed-f636-4fe8-bd46-95e90032052b/datanode-2/data/ratis/eb8f9704-699c-4b98-a73b-a3ae366c0d69 for RaftStorage:Storage Directory /tmp/workdir/hadoop-ozone/integration-test/target/test-dir/MiniOzoneClusterImpl-8ae1f3ed-f636-4fe8-bd46-95e90032052b/datanode-2/data/ratis/eb8f9704-699c-4b98-a73b-a3ae366c0d69
2019-07-13 10:44:35,185 INFO  server.RaftServerConfigKeys (ConfUtils.java:logGet(43)) - raft.server.log.queue.byte-limit = 2147483647 (custom)
2019-07-13 10:44:35,186 INFO  server.RaftServerConfigKeys (ConfUtils.java:logGet(43)) - raft.server.log.queue.element-limit = 1024 (custom)
2019-07-13 10:44:35,186 INFO  server.RaftServerConfigKeys (ConfUtils.java:logGet(43)) - raft.server.log.segment.size.max = 1048576 (custom)
2019-07-13 10:44:35,186 INFO  server.RaftServerConfigKeys (ConfUtils.java:logGet(43)) - raft.server.log.preallocated.size = 16384 (custom)
2019-07-13 10:44:35,186 INFO  server.RaftServerConfigKeys (ConfUtils.java:logGet(43)) - raft.server.log.write.buffer.size = 33554432 (custom)
2019-07-13 10:44:35,186 INFO  server.RaftServerConfigKeys (ConfUtils.java:logGet(43)) - raft.server.log.force.sync.num = 128 (default)
2019-07-13 10:44:35,187 INFO  server.RaftServerConfigKeys (ConfUtils.java:logGet(43)) - raft.server.log.statemachine.data.sync = true (default)
2019-07-13 10:44:35,187 INFO  server.RaftServerConfigKeys (ConfUtils.java:logGet(43)) - raft.server.log.statemachine.data.sync.timeout = 10s (default)
2019-07-13 10:44:35,187 INFO  server.RaftServerConfigKeys (ConfUtils.java:logGet(43)) - raft.server.log.statemachine.data.sync.timeout.retry = -1 (default)
2019-07-13 10:44:35,187 INFO  server.RaftServerConfigKeys (ConfUtils.java:logGet(43)) - raft.server.log.statemachine.data.caching.enabled = true (custom)
2019-07-13 10:44:35,188 INFO  segmented.SegmentedRaftLogWorker (SegmentedRaftLogWorker.java:lambda$new$0(132)) - 3a9b3501-43b1-4d2d-9cf4-22f207f1f00a-SegmentedRaftLogWorker:Storage Directory /tmp/workdir/hadoop-ozone/integration-test/target/test-dir/MiniOzoneClusterImpl-8ae1f3ed-f636-4fe8-bd46-95e90032052b/datanode-2/data/ratis/eb8f9704-699c-4b98-a73b-a3ae366c0d69: flushIndex: setUnconditionally 0 -> -1
2019-07-13 10:44:35,188 INFO  server.RaftServerConfigKeys (ConfUtils.java:logGet(43)) - raft.server.snapshot.auto.trigger.enabled = true (custom)
2019-07-13 10:44:35,188 INFO  server.RaftServerConfigKeys (ConfUtils.java:logGet(43)) - raft.server.snapshot.auto.trigger.threshold = 10000 (custom)
2019-07-13 10:44:35,189 INFO  server.RaftServerConfigKeys (ConfUtils.java:logGet(43)) - raft.server.retrycache.expirytime = 600000ms (custom)
2019-07-13 10:44:35,189 INFO  impl.RaftServerImpl (RaftServerImpl.java:start(180)) - 3a9b3501-43b1-4d2d-9cf4-22f207f1f00a: start group-A3AE366C0D69
2019-07-13 10:44:35,189 INFO  impl.RaftServerImpl (RaftServerImpl.java:setRole(171)) - 3a9b3501-43b1-4d2d-9cf4-22f207f1f00a:group-A3AE366C0D69 changes role from null to FOLLOWER at term 0 for startAsFollower
2019-07-13 10:44:35,189 INFO  impl.RoleInfo (RoleInfo.java:updateAndGet(143)) - 3a9b3501-43b1-4d2d-9cf4-22f207f1f00a: start FollowerState
2019-07-13 10:44:35,190 INFO  util.JmxRegister (JmxRegister.java:tryRegister(44)) - Successfully registered JMX Bean with object name Ratis:service=RaftServer,group=group-A3AE366C0D69,id=3a9b3501-43b1-4d2d-9cf4-22f207f1f00a
2019-07-13 10:44:35,213 INFO  pipeline.PipelineStateManager (PipelineStateManager.java:addPipeline(56)) - Created pipeline Pipeline[ Id: eb8f9704-699c-4b98-a73b-a3ae366c0d69, Nodes: 3a9b3501-43b1-4d2d-9cf4-22f207f1f00a{ip: 192.168.157.218, host: trunk-nightly-qcxv8-4293026562, networkLocation: /default-rack, certSerialId: null}, Type:RATIS, Factor:ONE, State:OPEN]
2019-07-13 10:44:35,254 INFO  impl.RaftServerProxy (RaftServerProxy.java:addNew(89)) - cbcdb08f-5faf-40a3-8d20-afd8283bb5b5: addNew group-471A24C48C11:[84ac706b-562b-4a88-88e3-dc4f71f227fd:192.168.157.218:36301, ff287178-824c-4f15-982f-9bcabf7bd324:192.168.157.218:34901, cbcdb08f-5faf-40a3-8d20-afd8283bb5b5:192.168.157.218:43585] returns group-471A24C48C11:java.util.concurrent.CompletableFuture@59482631[Not completed]
2019-07-13 10:44:35,254 INFO  impl.RaftServerProxy (RaftServerProxy.java:addNew(89)) - ff287178-824c-4f15-982f-9bcabf7bd324: addNew group-471A24C48C11:[84ac706b-562b-4a88-88e3-dc4f71f227fd:192.168.157.218:36301, ff287178-824c-4f15-982f-9bcabf7bd324:192.168.157.218:34901, cbcdb08f-5faf-40a3-8d20-afd8283bb5b5:192.168.157.218:43585] returns group-471A24C48C11:java.util.concurrent.CompletableFuture@40e36843[Not completed]
2019-07-13 10:44:35,254 INFO  impl.RaftServerProxy (RaftServerProxy.java:addNew(89)) - 84ac706b-562b-4a88-88e3-dc4f71f227fd: addNew group-471A24C48C11:[84ac706b-562b-4a88-88e3-dc4f71f227fd:192.168.157.218:36301, ff287178-824c-4f15-982f-9bcabf7bd324:192.168.157.218:34901, cbcdb08f-5faf-40a3-8d20-afd8283bb5b5:192.168.157.218:43585] returns group-471A24C48C11:java.util.concurrent.CompletableFuture@47ba036e[Not completed]
2019-07-13 10:44:35,256 INFO  impl.RaftServerImpl (RaftServerImpl.java:<init>(93)) - cbcdb08f-5faf-40a3-8d20-afd8283bb5b5: new RaftServerImpl for group-471A24C48C11:[84ac706b-562b-4a88-88e3-dc4f71f227fd:192.168.157.218:36301, ff287178-824c-4f15-982f-9bcabf7bd324:192.168.157.218:34901, cbcdb08f-5faf-40a3-8d20-afd8283bb5b5:192.168.157.218:43585] with ContainerStateMachine:uninitialized
2019-07-13 10:44:35,256 INFO  server.RaftServerConfigKeys (ConfUtils.java:logGet(43)) - raft.server.rpc.timeout.min = 5s (custom)
2019-07-13 10:44:35,256 INFO  server.RaftServerConfigKeys (ConfUtils.java:logGet(43)) - raft.server.rpc.timeout.max = 5200ms (custom)
2019-07-13 10:44:35,256 INFO  server.RaftServerConfigKeys (ConfUtils.java:logGet(43)) - raft.server.rpcslowness.timeout = 120s (custom)
2019-07-13 10:44:35,257 INFO  server.RaftServerConfigKeys (ConfUtils.java:logGet(43)) - raft.server.sleep.deviation.threshold = 300 (default)
2019-07-13 10:44:35,257 INFO  server.RaftServerConfigKeys (ConfUtils.java:logGet(43)) - raft.server.log.appender.install.snapshot.enabled = false (custom)
2019-07-13 10:44:35,257 INFO  impl.RaftServerImpl (ServerState.java:<init>(105)) - cbcdb08f-5faf-40a3-8d20-afd8283bb5b5:group-471A24C48C11 ConfigurationManager, init=-1: [84ac706b-562b-4a88-88e3-dc4f71f227fd:192.168.157.218:36301, ff287178-824c-4f15-982f-9bcabf7bd324:192.168.157.218:34901, cbcdb08f-5faf-40a3-8d20-afd8283bb5b5:192.168.157.218:43585], old=null, confs=<EMPTY_MAP>
2019-07-13 10:44:35,257 INFO  server.RaftServerConfigKeys (ConfUtils.java:logGet(43)) - raft.server.storage.dir = [/tmp/workdir/hadoop-ozone/integration-test/target/test-dir/MiniOzoneClusterImpl-8ae1f3ed-f636-4fe8-bd46-95e90032052b/datanode-3/data/ratis] (custom)
2019-07-13 10:44:35,257 INFO  impl.RaftServerImpl (RaftServerImpl.java:<init>(93)) - 84ac706b-562b-4a88-88e3-dc4f71f227fd: new RaftServerImpl for group-471A24C48C11:[84ac706b-562b-4a88-88e3-dc4f71f227fd:192.168.157.218:36301, ff287178-824c-4f15-982f-9bcabf7bd324:192.168.157.218:34901, cbcdb08f-5faf-40a3-8d20-afd8283bb5b5:192.168.157.218:43585] with ContainerStateMachine:uninitialized
2019-07-13 10:44:35,257 INFO  server.RaftServerConfigKeys (ConfUtils.java:logGet(43)) - raft.server.rpc.timeout.min = 5s (custom)
2019-07-13 10:44:35,258 INFO  storage.RaftStorageDirectory (RaftStorageDirectory.java:analyzeStorage(246)) - The storage directory /tmp/workdir/hadoop-ozone/integration-test/target/test-dir/MiniOzoneClusterImpl-8ae1f3ed-f636-4fe8-bd46-95e90032052b/datanode-3/data/ratis/cdcdeb3c-9a5c-431b-949f-471a24c48c11 does not exist. Creating ...
2019-07-13 10:44:35,258 INFO  server.RaftServerConfigKeys (ConfUtils.java:logGet(43)) - raft.server.rpc.timeout.max = 5200ms (custom)
2019-07-13 10:44:35,258 INFO  server.RaftServerConfigKeys (ConfUtils.java:logGet(43)) - raft.server.rpcslowness.timeout = 120s (custom)
2019-07-13 10:44:35,258 INFO  server.RaftServerConfigKeys (ConfUtils.java:logGet(43)) - raft.server.sleep.deviation.threshold = 300 (default)
2019-07-13 10:44:35,258 INFO  impl.RaftServerImpl (RaftServerImpl.java:<init>(93)) - ff287178-824c-4f15-982f-9bcabf7bd324: new RaftServerImpl for group-471A24C48C11:[84ac706b-562b-4a88-88e3-dc4f71f227fd:192.168.157.218:36301, ff287178-824c-4f15-982f-9bcabf7bd324:192.168.157.218:34901, cbcdb08f-5faf-40a3-8d20-afd8283bb5b5:192.168.157.218:43585] with ContainerStateMachine:uninitialized
2019-07-13 10:44:35,258 INFO  server.RaftServerConfigKeys (ConfUtils.java:logGet(43)) - raft.server.log.appender.install.snapshot.enabled = false (custom)
2019-07-13 10:44:35,258 INFO  server.RaftServerConfigKeys (ConfUtils.java:logGet(43)) - raft.server.rpc.timeout.min = 5s (custom)
2019-07-13 10:44:35,259 INFO  impl.RaftServerImpl (ServerState.java:<init>(105)) - 84ac706b-562b-4a88-88e3-dc4f71f227fd:group-471A24C48C11 ConfigurationManager, init=-1: [84ac706b-562b-4a88-88e3-dc4f71f227fd:192.168.157.218:36301, ff287178-824c-4f15-982f-9bcabf7bd324:192.168.157.218:34901, cbcdb08f-5faf-40a3-8d20-afd8283bb5b5:192.168.157.218:43585], old=null, confs=<EMPTY_MAP>
2019-07-13 10:44:35,259 INFO  server.RaftServerConfigKeys (ConfUtils.java:logGet(43)) - raft.server.rpc.timeout.max = 5200ms (custom)
2019-07-13 10:44:35,259 INFO  server.RaftServerConfigKeys (ConfUtils.java:logGet(43)) - raft.server.storage.dir = [/tmp/workdir/hadoop-ozone/integration-test/target/test-dir/MiniOzoneClusterImpl-8ae1f3ed-f636-4fe8-bd46-95e90032052b/datanode-1/data/ratis] (custom)
2019-07-13 10:44:35,259 INFO  server.RaftServerConfigKeys (ConfUtils.java:logGet(43)) - raft.server.rpcslowness.timeout = 120s (custom)
2019-07-13 10:44:35,259 INFO  server.RaftServerConfigKeys (ConfUtils.java:logGet(43)) - raft.server.sleep.deviation.threshold = 300 (default)
2019-07-13 10:44:35,260 INFO  storage.RaftStorageDirectory (RaftStorageDirectory.java:analyzeStorage(246)) - The storage directory /tmp/workdir/hadoop-ozone/integration-test/target/test-dir/MiniOzoneClusterImpl-8ae1f3ed-f636-4fe8-bd46-95e90032052b/datanode-1/data/ratis/cdcdeb3c-9a5c-431b-949f-471a24c48c11 does not exist. Creating ...
2019-07-13 10:44:35,260 INFO  server.RaftServerConfigKeys (ConfUtils.java:logGet(43)) - raft.server.log.appender.install.snapshot.enabled = false (custom)
2019-07-13 10:44:35,260 INFO  impl.RaftServerImpl (ServerState.java:<init>(105)) - ff287178-824c-4f15-982f-9bcabf7bd324:group-471A24C48C11 ConfigurationManager, init=-1: [84ac706b-562b-4a88-88e3-dc4f71f227fd:192.168.157.218:36301, ff287178-824c-4f15-982f-9bcabf7bd324:192.168.157.218:34901, cbcdb08f-5faf-40a3-8d20-afd8283bb5b5:192.168.157.218:43585], old=null, confs=<EMPTY_MAP>
2019-07-13 10:44:35,260 INFO  server.RaftServerConfigKeys (ConfUtils.java:logGet(43)) - raft.server.storage.dir = [/tmp/workdir/hadoop-ozone/integration-test/target/test-dir/MiniOzoneClusterImpl-8ae1f3ed-f636-4fe8-bd46-95e90032052b/datanode-5/data/ratis] (custom)
2019-07-13 10:44:35,261 INFO  storage.RaftStorageDirectory (RaftStorageDirectory.java:analyzeStorage(246)) - The storage directory /tmp/workdir/hadoop-ozone/integration-test/target/test-dir/MiniOzoneClusterImpl-8ae1f3ed-f636-4fe8-bd46-95e90032052b/datanode-5/data/ratis/cdcdeb3c-9a5c-431b-949f-471a24c48c11 does not exist. Creating ...
2019-07-13 10:44:35,283 INFO  storage.RaftStorageDirectory (RaftStorageDirectory.java:tryLock(328)) - Lock on /tmp/workdir/hadoop-ozone/integration-test/target/test-dir/MiniOzoneClusterImpl-8ae1f3ed-f636-4fe8-bd46-95e90032052b/datanode-5/data/ratis/cdcdeb3c-9a5c-431b-949f-471a24c48c11/in_use.lock acquired by nodename 24927@trunk-nightly-qcxv8-4293026562
2019-07-13 10:44:35,283 INFO  storage.RaftStorageDirectory (RaftStorageDirectory.java:tryLock(328)) - Lock on /tmp/workdir/hadoop-ozone/integration-test/target/test-dir/MiniOzoneClusterImpl-8ae1f3ed-f636-4fe8-bd46-95e90032052b/datanode-3/data/ratis/cdcdeb3c-9a5c-431b-949f-471a24c48c11/in_use.lock acquired by nodename 24927@trunk-nightly-qcxv8-4293026562
2019-07-13 10:44:35,283 INFO  storage.RaftStorageDirectory (RaftStorageDirectory.java:tryLock(328)) - Lock on /tmp/workdir/hadoop-ozone/integration-test/target/test-dir/MiniOzoneClusterImpl-8ae1f3ed-f636-4fe8-bd46-95e90032052b/datanode-1/data/ratis/cdcdeb3c-9a5c-431b-949f-471a24c48c11/in_use.lock acquired by nodename 24927@trunk-nightly-qcxv8-4293026562
2019-07-13 10:44:35,309 INFO  storage.RaftStorage (RaftStorage.java:format(72)) - Storage directory /tmp/workdir/hadoop-ozone/integration-test/target/test-dir/MiniOzoneClusterImpl-8ae1f3ed-f636-4fe8-bd46-95e90032052b/datanode-5/data/ratis/cdcdeb3c-9a5c-431b-949f-471a24c48c11 has been successfully formatted.
2019-07-13 10:44:35,309 INFO  storage.RaftStorage (RaftStorage.java:format(72)) - Storage directory /tmp/workdir/hadoop-ozone/integration-test/target/test-dir/MiniOzoneClusterImpl-8ae1f3ed-f636-4fe8-bd46-95e90032052b/datanode-3/data/ratis/cdcdeb3c-9a5c-431b-949f-471a24c48c11 has been successfully formatted.
2019-07-13 10:44:35,310 INFO  ratis.ContainerStateMachine (ContainerStateMachine.java:loadSnapshot(200)) - The snapshot info is null.Setting the last applied index to:(t:0, i:~)
2019-07-13 10:44:35,309 INFO  storage.RaftStorage (RaftStorage.java:format(72)) - Storage directory /tmp/workdir/hadoop-ozone/integration-test/target/test-dir/MiniOzoneClusterImpl-8ae1f3ed-f636-4fe8-bd46-95e90032052b/datanode-1/data/ratis/cdcdeb3c-9a5c-431b-949f-471a24c48c11 has been successfully formatted.
2019-07-13 10:44:35,310 INFO  server.RaftServerConfigKeys (ConfUtils.java:logGet(43)) - raft.server.leader.election.timeout = 120s (custom)
2019-07-13 10:44:35,310 INFO  ratis.ContainerStateMachine (ContainerStateMachine.java:loadSnapshot(200)) - The snapshot info is null.Setting the last applied index to:(t:0, i:~)
2019-07-13 10:44:35,310 INFO  ratis.ContainerStateMachine (ContainerStateMachine.java:loadSnapshot(200)) - The snapshot info is null.Setting the last applied index to:(t:0, i:~)
2019-07-13 10:44:35,310 INFO  server.RaftServerConfigKeys (ConfUtils.java:logGet(43)) - raft.server.log.use.memory = false (default)
2019-07-13 10:44:35,310 INFO  server.RaftServerConfigKeys (ConfUtils.java:logGet(43)) - raft.server.leader.election.timeout = 120s (custom)
2019-07-13 10:44:35,310 INFO  server.RaftServerConfigKeys (ConfUtils.java:logGet(43)) - raft.server.leader.election.timeout = 120s (custom)
2019-07-13 10:44:35,311 INFO  server.RaftServerConfigKeys (ConfUtils.java:logGet(43)) - raft.server.log.use.memory = false (default)
2019-07-13 10:44:35,311 INFO  server.RaftServerConfigKeys (ConfUtils.java:logGet(43)) - raft.server.log.purge.gap = 1000000000 (custom)
2019-07-13 10:44:35,311 INFO  server.RaftServerConfigKeys (ConfUtils.java:logGet(43)) - raft.server.log.purge.gap = 1000000000 (custom)
2019-07-13 10:44:35,311 INFO  server.RaftServerConfigKeys (ConfUtils.java:logGet(43)) - raft.server.log.use.memory = false (default)
2019-07-13 10:44:35,311 INFO  server.RaftServerConfigKeys (ConfUtils.java:logGet(43)) - raft.server.log.appender.buffer.byte-limit = 33554432 (custom)
2019-07-13 10:44:35,311 INFO  server.RaftServerConfigKeys (ConfUtils.java:logGet(43)) - raft.server.log.appender.buffer.byte-limit = 33554432 (custom)
2019-07-13 10:44:35,312 INFO  server.RaftServerConfigKeys (ConfUtils.java:logGet(43)) - raft.server.log.segment.size.max = 1048576 (custom)
2019-07-13 10:44:35,312 INFO  server.RaftServerConfigKeys (ConfUtils.java:logGet(43)) - raft.server.log.purge.gap = 1000000000 (custom)
2019-07-13 10:44:35,312 INFO  server.RaftServerConfigKeys (ConfUtils.java:logGet(43)) - raft.server.log.segment.cache.num.max = 2 (custom)
2019-07-13 10:44:35,312 INFO  server.RaftServerConfigKeys (ConfUtils.java:logGet(43)) - raft.server.log.segment.size.max = 1048576 (custom)
2019-07-13 10:44:35,313 INFO  segmented.SegmentedRaftLogWorker (SegmentedRaftLogWorker.java:<init>(172)) - new 84ac706b-562b-4a88-88e3-dc4f71f227fd-SegmentedRaftLogWorker:Storage Directory /tmp/workdir/hadoop-ozone/integration-test/target/test-dir/MiniOzoneClusterImpl-8ae1f3ed-f636-4fe8-bd46-95e90032052b/datanode-1/data/ratis/cdcdeb3c-9a5c-431b-949f-471a24c48c11 for RaftStorage:Storage Directory /tmp/workdir/hadoop-ozone/integration-test/target/test-dir/MiniOzoneClusterImpl-8ae1f3ed-f636-4fe8-bd46-95e90032052b/datanode-1/data/ratis/cdcdeb3c-9a5c-431b-949f-471a24c48c11
2019-07-13 10:44:35,312 INFO  server.RaftServerConfigKeys (ConfUtils.java:logGet(43)) - raft.server.log.appender.buffer.byte-limit = 33554432 (custom)
2019-07-13 10:44:35,313 INFO  server.RaftServerConfigKeys (ConfUtils.java:logGet(43)) - raft.server.log.queue.byte-limit = 2147483647 (custom)
2019-07-13 10:44:35,313 INFO  server.RaftServerConfigKeys (ConfUtils.java:logGet(43)) - raft.server.log.segment.cache.num.max = 2 (custom)
2019-07-13 10:44:35,315 INFO  server.RaftServerConfigKeys (ConfUtils.java:logGet(43)) - raft.server.log.queue.element-limit = 1024 (custom)
2019-07-13 10:44:35,315 INFO  server.RaftServerConfigKeys (ConfUtils.java:logGet(43)) - raft.server.log.segment.size.max = 1048576 (custom)
2019-07-13 10:44:35,316 INFO  server.RaftServerConfigKeys (ConfUtils.java:logGet(43)) - raft.server.log.segment.size.max = 1048576 (custom)
2019-07-13 10:44:35,316 INFO  segmented.SegmentedRaftLogWorker (SegmentedRaftLogWorker.java:<init>(172)) - new ff287178-824c-4f15-982f-9bcabf7bd324-SegmentedRaftLogWorker:Storage Directory /tmp/workdir/hadoop-ozone/integration-test/target/test-dir/MiniOzoneClusterImpl-8ae1f3ed-f636-4fe8-bd46-95e90032052b/datanode-5/data/ratis/cdcdeb3c-9a5c-431b-949f-471a24c48c11 for RaftStorage:Storage Directory /tmp/workdir/hadoop-ozone/integration-test/target/test-dir/MiniOzoneClusterImpl-8ae1f3ed-f636-4fe8-bd46-95e90032052b/datanode-5/data/ratis/cdcdeb3c-9a5c-431b-949f-471a24c48c11
2019-07-13 10:44:35,316 INFO  server.RaftServerConfigKeys (ConfUtils.java:logGet(43)) - raft.server.log.preallocated.size = 16384 (custom)
2019-07-13 10:44:35,316 INFO  server.RaftServerConfigKeys (ConfUtils.java:logGet(43)) - raft.server.log.segment.cache.num.max = 2 (custom)
2019-07-13 10:44:35,317 INFO  server.RaftServerConfigKeys (ConfUtils.java:logGet(43)) - raft.server.log.write.buffer.size = 33554432 (custom)
2019-07-13 10:44:35,316 INFO  server.RaftServerConfigKeys (ConfUtils.java:logGet(43)) - raft.server.log.queue.byte-limit = 2147483647 (custom)
2019-07-13 10:44:35,319 INFO  server.RaftServerConfigKeys (ConfUtils.java:logGet(43)) - raft.server.log.force.sync.num = 128 (default)
2019-07-13 10:44:35,319 INFO  server.RaftServerConfigKeys (ConfUtils.java:logGet(43)) - raft.server.log.statemachine.data.sync = true (default)
2019-07-13 10:44:35,319 INFO  segmented.SegmentedRaftLogWorker (SegmentedRaftLogWorker.java:<init>(172)) - new cbcdb08f-5faf-40a3-8d20-afd8283bb5b5-SegmentedRaftLogWorker:Storage Directory /tmp/workdir/hadoop-ozone/integration-test/target/test-dir/MiniOzoneClusterImpl-8ae1f3ed-f636-4fe8-bd46-95e90032052b/datanode-3/data/ratis/cdcdeb3c-9a5c-431b-949f-471a24c48c11 for RaftStorage:Storage Directory /tmp/workdir/hadoop-ozone/integration-test/target/test-dir/MiniOzoneClusterImpl-8ae1f3ed-f636-4fe8-bd46-95e90032052b/datanode-3/data/ratis/cdcdeb3c-9a5c-431b-949f-471a24c48c11
2019-07-13 10:44:35,320 INFO  server.RaftServerConfigKeys (ConfUtils.java:logGet(43)) - raft.server.log.statemachine.data.sync.timeout = 10s (default)
2019-07-13 10:44:35,319 INFO  server.RaftServerConfigKeys (ConfUtils.java:logGet(43)) - raft.server.log.queue.element-limit = 1024 (custom)
2019-07-13 10:44:35,320 INFO  server.RaftServerConfigKeys (ConfUtils.java:logGet(43)) - raft.server.log.statemachine.data.sync.timeout.retry = -1 (default)
2019-07-13 10:44:35,320 INFO  server.RaftServerConfigKeys (ConfUtils.java:logGet(43)) - raft.server.log.queue.byte-limit = 2147483647 (custom)
2019-07-13 10:44:35,322 INFO  server.RaftServerConfigKeys (ConfUtils.java:logGet(43)) - raft.server.log.statemachine.data.caching.enabled = true (custom)
2019-07-13 10:44:35,322 INFO  server.RaftServerConfigKeys (ConfUtils.java:logGet(43)) - raft.server.log.segment.size.max = 1048576 (custom)
2019-07-13 10:44:35,323 INFO  server.RaftServerConfigKeys (ConfUtils.java:logGet(43)) - raft.server.log.queue.element-limit = 1024 (custom)
2019-07-13 10:44:35,323 INFO  segmented.SegmentedRaftLogWorker (SegmentedRaftLogWorker.java:lambda$new$0(132)) - 84ac706b-562b-4a88-88e3-dc4f71f227fd-SegmentedRaftLogWorker:Storage Directory /tmp/workdir/hadoop-ozone/integration-test/target/test-dir/MiniOzoneClusterImpl-8ae1f3ed-f636-4fe8-bd46-95e90032052b/datanode-1/data/ratis/cdcdeb3c-9a5c-431b-949f-471a24c48c11: flushIndex: setUnconditionally 0 -> -1
2019-07-13 10:44:35,323 INFO  server.RaftServerConfigKeys (ConfUtils.java:logGet(43)) - raft.server.log.preallocated.size = 16384 (custom)
2019-07-13 10:44:35,323 INFO  server.RaftServerConfigKeys (ConfUtils.java:logGet(43)) - raft.server.log.segment.size.max = 1048576 (custom)
2019-07-13 10:44:35,324 INFO  server.RaftServerConfigKeys (ConfUtils.java:logGet(43)) - raft.server.snapshot.auto.trigger.enabled = true (custom)
2019-07-13 10:44:35,323 INFO  server.RaftServerConfigKeys (ConfUtils.java:logGet(43)) - raft.server.log.write.buffer.size = 33554432 (custom)
2019-07-13 10:44:35,324 INFO  server.RaftServerConfigKeys (ConfUtils.java:logGet(43)) - raft.server.snapshot.auto.trigger.threshold = 10000 (custom)
2019-07-13 10:44:35,324 INFO  server.RaftServerConfigKeys (ConfUtils.java:logGet(43)) - raft.server.log.preallocated.size = 16384 (custom)
2019-07-13 10:44:35,324 INFO  server.RaftServerConfigKeys (ConfUtils.java:logGet(43)) - raft.server.retrycache.expirytime = 600000ms (custom)
2019-07-13 10:44:35,324 INFO  server.RaftServerConfigKeys (ConfUtils.java:logGet(43)) - raft.server.log.force.sync.num = 128 (default)
2019-07-13 10:44:35,325 INFO  impl.RaftServerImpl (RaftServerImpl.java:start(180)) - 84ac706b-562b-4a88-88e3-dc4f71f227fd: start group-471A24C48C11
2019-07-13 10:44:35,325 INFO  impl.RaftServerImpl (RaftServerImpl.java:setRole(171)) - 84ac706b-562b-4a88-88e3-dc4f71f227fd:group-471A24C48C11 changes role from null to FOLLOWER at term 0 for startAsFollower
2019-07-13 10:44:35,324 INFO  server.RaftServerConfigKeys (ConfUtils.java:logGet(43)) - raft.server.log.write.buffer.size = 33554432 (custom)
2019-07-13 10:44:35,325 INFO  impl.RoleInfo (RoleInfo.java:updateAndGet(143)) - 84ac706b-562b-4a88-88e3-dc4f71f227fd: start FollowerState
2019-07-13 10:44:35,325 INFO  server.RaftServerConfigKeys (ConfUtils.java:logGet(43)) - raft.server.log.statemachine.data.sync = true (default)
2019-07-13 10:44:35,325 INFO  server.RaftServerConfigKeys (ConfUtils.java:logGet(43)) - raft.server.log.force.sync.num = 128 (default)
2019-07-13 10:44:35,326 INFO  server.RaftServerConfigKeys (ConfUtils.java:logGet(43)) - raft.server.log.statemachine.data.sync.timeout = 10s (default)
2019-07-13 10:44:35,326 INFO  util.JmxRegister (JmxRegister.java:tryRegister(44)) - Successfully registered JMX Bean with object name Ratis:service=RaftServer,group=group-471A24C48C11,id=84ac706b-562b-4a88-88e3-dc4f71f227fd
2019-07-13 10:44:35,326 INFO  server.RaftServerConfigKeys (ConfUtils.java:logGet(43)) - raft.server.log.statemachine.data.sync = true (default)
2019-07-13 10:44:35,326 INFO  server.RaftServerConfigKeys (ConfUtils.java:logGet(43)) - raft.server.log.statemachine.data.sync.timeout.retry = -1 (default)
2019-07-13 10:44:35,326 INFO  server.RaftServerConfigKeys (ConfUtils.java:logGet(43)) - raft.server.log.statemachine.data.sync.timeout = 10s (default)
2019-07-13 10:44:35,327 INFO  server.RaftServerConfigKeys (ConfUtils.java:logGet(43)) - raft.server.log.statemachine.data.caching.enabled = true (custom)
2019-07-13 10:44:35,327 INFO  server.RaftServerConfigKeys (ConfUtils.java:logGet(43)) - raft.server.log.statemachine.data.sync.timeout.retry = -1 (default)
2019-07-13 10:44:35,327 INFO  segmented.SegmentedRaftLogWorker (SegmentedRaftLogWorker.java:lambda$new$0(132)) - ff287178-824c-4f15-982f-9bcabf7bd324-SegmentedRaftLogWorker:Storage Directory /tmp/workdir/hadoop-ozone/integration-test/target/test-dir/MiniOzoneClusterImpl-8ae1f3ed-f636-4fe8-bd46-95e90032052b/datanode-5/data/ratis/cdcdeb3c-9a5c-431b-949f-471a24c48c11: flushIndex: setUnconditionally 0 -> -1
2019-07-13 10:44:35,327 INFO  server.RaftServerConfigKeys (ConfUtils.java:logGet(43)) - raft.server.log.statemachine.data.caching.enabled = true (custom)
2019-07-13 10:44:35,328 INFO  server.RaftServerConfigKeys (ConfUtils.java:logGet(43)) - raft.server.snapshot.auto.trigger.enabled = true (custom)
2019-07-13 10:44:35,328 INFO  server.RaftServerConfigKeys (ConfUtils.java:logGet(43)) - raft.server.snapshot.auto.trigger.threshold = 10000 (custom)
2019-07-13 10:44:35,328 INFO  segmented.SegmentedRaftLogWorker (SegmentedRaftLogWorker.java:lambda$new$0(132)) - cbcdb08f-5faf-40a3-8d20-afd8283bb5b5-SegmentedRaftLogWorker:Storage Directory /tmp/workdir/hadoop-ozone/integration-test/target/test-dir/MiniOzoneClusterImpl-8ae1f3ed-f636-4fe8-bd46-95e90032052b/datanode-3/data/ratis/cdcdeb3c-9a5c-431b-949f-471a24c48c11: flushIndex: setUnconditionally 0 -> -1
2019-07-13 10:44:35,328 INFO  server.RaftServerConfigKeys (ConfUtils.java:logGet(43)) - raft.server.retrycache.expirytime = 600000ms (custom)
2019-07-13 10:44:35,328 INFO  impl.RaftServerImpl (RaftServerImpl.java:start(180)) - ff287178-824c-4f15-982f-9bcabf7bd324: start group-471A24C48C11
2019-07-13 10:44:35,328 INFO  server.RaftServerConfigKeys (ConfUtils.java:logGet(43)) - raft.server.snapshot.auto.trigger.enabled = true (custom)
2019-07-13 10:44:35,328 INFO  impl.RaftServerImpl (RaftServerImpl.java:setRole(171)) - ff287178-824c-4f15-982f-9bcabf7bd324:group-471A24C48C11 changes role from null to FOLLOWER at term 0 for startAsFollower
2019-07-13 10:44:35,329 INFO  server.RaftServerConfigKeys (ConfUtils.java:logGet(43)) - raft.server.snapshot.auto.trigger.threshold = 10000 (custom)
2019-07-13 10:44:35,329 INFO  impl.RoleInfo (RoleInfo.java:updateAndGet(143)) - ff287178-824c-4f15-982f-9bcabf7bd324: start FollowerState
2019-07-13 10:44:35,331 INFO  server.RaftServerConfigKeys (ConfUtils.java:logGet(43)) - raft.server.retrycache.expirytime = 600000ms (custom)
2019-07-13 10:44:35,331 INFO  impl.RaftServerImpl (RaftServerImpl.java:start(180)) - cbcdb08f-5faf-40a3-8d20-afd8283bb5b5: start group-471A24C48C11
2019-07-13 10:44:35,331 INFO  util.JmxRegister (JmxRegister.java:tryRegister(44)) - Successfully registered JMX Bean with object name Ratis:service=RaftServer,group=group-471A24C48C11,id=ff287178-824c-4f15-982f-9bcabf7bd324
2019-07-13 10:44:35,334 INFO  impl.RaftServerImpl (RaftServerImpl.java:setRole(171)) - cbcdb08f-5faf-40a3-8d20-afd8283bb5b5:group-471A24C48C11 changes role from null to FOLLOWER at term 0 for startAsFollower
2019-07-13 10:44:35,336 INFO  impl.RoleInfo (RoleInfo.java:updateAndGet(143)) - cbcdb08f-5faf-40a3-8d20-afd8283bb5b5: start FollowerState
2019-07-13 10:44:35,339 INFO  util.JmxRegister (JmxRegister.java:tryRegister(44)) - Successfully registered JMX Bean with object name Ratis:service=RaftServer,group=group-471A24C48C11,id=cbcdb08f-5faf-40a3-8d20-afd8283bb5b5
2019-07-13 10:44:35,355 INFO  pipeline.PipelineStateManager (PipelineStateManager.java:addPipeline(56)) - Created pipeline Pipeline[ Id: cdcdeb3c-9a5c-431b-949f-471a24c48c11, Nodes: ff287178-824c-4f15-982f-9bcabf7bd324{ip: 192.168.157.218, host: trunk-nightly-qcxv8-4293026562, networkLocation: /default-rack, certSerialId: null}84ac706b-562b-4a88-88e3-dc4f71f227fd{ip: 192.168.157.218, host: trunk-nightly-qcxv8-4293026562, networkLocation: /default-rack, certSerialId: null}cbcdb08f-5faf-40a3-8d20-afd8283bb5b5{ip: 192.168.157.218, host: trunk-nightly-qcxv8-4293026562, networkLocation: /default-rack, certSerialId: null}, Type:RATIS, Factor:THREE, State:OPEN]
2019-07-13 10:44:35,394 INFO  impl.RaftServerProxy (RaftServerProxy.java:addNew(89)) - c6de40fd-c0d5-459c-ac64-ecd6486e174f: addNew group-68FD2DDB45A8:[8a80f6fc-3c24-4f04-a461-84ff206cd4f5:192.168.157.218:42783, c6de40fd-c0d5-459c-ac64-ecd6486e174f:192.168.157.218:42080, 889ac0db-9bf5-474c-a7b0-2697cc859952:192.168.157.218:37300] returns group-68FD2DDB45A8:java.util.concurrent.CompletableFuture@509a26dd[Not completed]
2019-07-13 10:44:35,394 INFO  impl.RaftServerProxy (RaftServerProxy.java:addNew(89)) - 8a80f6fc-3c24-4f04-a461-84ff206cd4f5: addNew group-68FD2DDB45A8:[8a80f6fc-3c24-4f04-a461-84ff206cd4f5:192.168.157.218:42783, c6de40fd-c0d5-459c-ac64-ecd6486e174f:192.168.157.218:42080, 889ac0db-9bf5-474c-a7b0-2697cc859952:192.168.157.218:37300] returns group-68FD2DDB45A8:java.util.concurrent.CompletableFuture@17f1772f[Not completed]
2019-07-13 10:44:35,394 INFO  impl.RaftServerProxy (RaftServerProxy.java:addNew(89)) - 889ac0db-9bf5-474c-a7b0-2697cc859952: addNew group-68FD2DDB45A8:[8a80f6fc-3c24-4f04-a461-84ff206cd4f5:192.168.157.218:42783, c6de40fd-c0d5-459c-ac64-ecd6486e174f:192.168.157.218:42080, 889ac0db-9bf5-474c-a7b0-2697cc859952:192.168.157.218:37300] returns group-68FD2DDB45A8:java.util.concurrent.CompletableFuture@18752c0a[Not completed]
2019-07-13 10:44:35,398 INFO  impl.RaftServerImpl (RaftServerImpl.java:<init>(93)) - c6de40fd-c0d5-459c-ac64-ecd6486e174f: new RaftServerImpl for group-68FD2DDB45A8:[8a80f6fc-3c24-4f04-a461-84ff206cd4f5:192.168.157.218:42783, c6de40fd-c0d5-459c-ac64-ecd6486e174f:192.168.157.218:42080, 889ac0db-9bf5-474c-a7b0-2697cc859952:192.168.157.218:37300] with ContainerStateMachine:uninitialized
2019-07-13 10:44:35,398 INFO  server.RaftServerConfigKeys (ConfUtils.java:logGet(43)) - raft.server.rpc.timeout.min = 5s (custom)
2019-07-13 10:44:35,399 INFO  server.RaftServerConfigKeys (ConfUtils.java:logGet(43)) - raft.server.rpc.timeout.max = 5200ms (custom)
2019-07-13 10:44:35,399 INFO  server.RaftServerConfigKeys (ConfUtils.java:logGet(43)) - raft.server.rpcslowness.timeout = 120s (custom)
2019-07-13 10:44:35,399 INFO  server.RaftServerConfigKeys (ConfUtils.java:logGet(43)) - raft.server.sleep.deviation.threshold = 300 (default)
2019-07-13 10:44:35,399 INFO  server.RaftServerConfigKeys (ConfUtils.java:logGet(43)) - raft.server.log.appender.install.snapshot.enabled = false (custom)
2019-07-13 10:44:35,399 INFO  impl.RaftServerImpl (ServerState.java:<init>(105)) - c6de40fd-c0d5-459c-ac64-ecd6486e174f:group-68FD2DDB45A8 ConfigurationManager, init=-1: [8a80f6fc-3c24-4f04-a461-84ff206cd4f5:192.168.157.218:42783, c6de40fd-c0d5-459c-ac64-ecd6486e174f:192.168.157.218:42080, 889ac0db-9bf5-474c-a7b0-2697cc859952:192.168.157.218:37300], old=null, confs=<EMPTY_MAP>
2019-07-13 10:44:35,399 INFO  impl.RaftServerImpl (RaftServerImpl.java:<init>(93)) - 8a80f6fc-3c24-4f04-a461-84ff206cd4f5: new RaftServerImpl for group-68FD2DDB45A8:[8a80f6fc-3c24-4f04-a461-84ff206cd4f5:192.168.157.218:42783, c6de40fd-c0d5-459c-ac64-ecd6486e174f:192.168.157.218:42080, 889ac0db-9bf5-474c-a7b0-2697cc859952:192.168.157.218:37300] with ContainerStateMachine:uninitialized
2019-07-13 10:44:35,399 INFO  server.RaftServerConfigKeys (ConfUtils.java:logGet(43)) - raft.server.storage.dir = [/tmp/workdir/hadoop-ozone/integration-test/target/test-dir/MiniOzoneClusterImpl-8ae1f3ed-f636-4fe8-bd46-95e90032052b/datanode-4/data/ratis] (custom)
2019-07-13 10:44:35,400 INFO  server.RaftServerConfigKeys (ConfUtils.java:logGet(43)) - raft.server.rpc.timeout.min = 5s (custom)
2019-07-13 10:44:35,400 INFO  server.RaftServerConfigKeys (ConfUtils.java:logGet(43)) - raft.server.rpc.timeout.max = 5200ms (custom)
2019-07-13 10:44:35,400 INFO  storage.RaftStorageDirectory (RaftStorageDirectory.java:analyzeStorage(246)) - The storage directory /tmp/workdir/hadoop-ozone/integration-test/target/test-dir/MiniOzoneClusterImpl-8ae1f3ed-f636-4fe8-bd46-95e90032052b/datanode-4/data/ratis/4d18d25d-0298-4f63-a765-68fd2ddb45a8 does not exist. Creating ...
2019-07-13 10:44:35,400 INFO  impl.RaftServerImpl (RaftServerImpl.java:<init>(93)) - 889ac0db-9bf5-474c-a7b0-2697cc859952: new RaftServerImpl for group-68FD2DDB45A8:[8a80f6fc-3c24-4f04-a461-84ff206cd4f5:192.168.157.218:42783, c6de40fd-c0d5-459c-ac64-ecd6486e174f:192.168.157.218:42080, 889ac0db-9bf5-474c-a7b0-2697cc859952:192.168.157.218:37300] with ContainerStateMachine:uninitialized
2019-07-13 10:44:35,400 INFO  server.RaftServerConfigKeys (ConfUtils.java:logGet(43)) - raft.server.rpcslowness.timeout = 120s (custom)
2019-07-13 10:44:35,400 INFO  server.RaftServerConfigKeys (ConfUtils.java:logGet(43)) - raft.server.rpc.timeout.min = 5s (custom)
2019-07-13 10:44:35,400 INFO  server.RaftServerConfigKeys (ConfUtils.java:logGet(43)) - raft.server.sleep.deviation.threshold = 300 (default)
2019-07-13 10:44:35,401 INFO  server.RaftServerConfigKeys (ConfUtils.java:logGet(43)) - raft.server.rpc.timeout.max = 5200ms (custom)
2019-07-13 10:44:35,401 INFO  server.RaftServerConfigKeys (ConfUtils.java:logGet(43)) - raft.server.log.appender.install.snapshot.enabled = false (custom)
2019-07-13 10:44:35,401 INFO  server.RaftServerConfigKeys (ConfUtils.java:logGet(43)) - raft.server.rpcslowness.timeout = 120s (custom)
2019-07-13 10:44:35,401 INFO  impl.RaftServerImpl (ServerState.java:<init>(105)) - 8a80f6fc-3c24-4f04-a461-84ff206cd4f5:group-68FD2DDB45A8 ConfigurationManager, init=-1: [8a80f6fc-3c24-4f04-a461-84ff206cd4f5:192.168.157.218:42783, c6de40fd-c0d5-459c-ac64-ecd6486e174f:192.168.157.218:42080, 889ac0db-9bf5-474c-a7b0-2697cc859952:192.168.157.218:37300], old=null, confs=<EMPTY_MAP>
2019-07-13 10:44:35,401 INFO  server.RaftServerConfigKeys (ConfUtils.java:logGet(43)) - raft.server.sleep.deviation.threshold = 300 (default)
2019-07-13 10:44:35,401 INFO  server.RaftServerConfigKeys (ConfUtils.java:logGet(43)) - raft.server.log.appender.install.snapshot.enabled = false (custom)
2019-07-13 10:44:35,401 INFO  server.RaftServerConfigKeys (ConfUtils.java:logGet(43)) - raft.server.storage.dir = [/tmp/workdir/hadoop-ozone/integration-test/target/test-dir/MiniOzoneClusterImpl-8ae1f3ed-f636-4fe8-bd46-95e90032052b/datanode-0/data/ratis] (custom)
2019-07-13 10:44:35,401 INFO  impl.RaftServerImpl (ServerState.java:<init>(105)) - 889ac0db-9bf5-474c-a7b0-2697cc859952:group-68FD2DDB45A8 ConfigurationManager, init=-1: [8a80f6fc-3c24-4f04-a461-84ff206cd4f5:192.168.157.218:42783, c6de40fd-c0d5-459c-ac64-ecd6486e174f:192.168.157.218:42080, 889ac0db-9bf5-474c-a7b0-2697cc859952:192.168.157.218:37300], old=null, confs=<EMPTY_MAP>
2019-07-13 10:44:35,402 INFO  server.RaftServerConfigKeys (ConfUtils.java:logGet(43)) - raft.server.storage.dir = [/tmp/workdir/hadoop-ozone/integration-test/target/test-dir/MiniOzoneClusterImpl-8ae1f3ed-f636-4fe8-bd46-95e90032052b/datanode-6/data/ratis] (custom)
2019-07-13 10:44:35,402 INFO  storage.RaftStorageDirectory (RaftStorageDirectory.java:analyzeStorage(246)) - The storage directory /tmp/workdir/hadoop-ozone/integration-test/target/test-dir/MiniOzoneClusterImpl-8ae1f3ed-f636-4fe8-bd46-95e90032052b/datanode-0/data/ratis/4d18d25d-0298-4f63-a765-68fd2ddb45a8 does not exist. Creating ...
2019-07-13 10:44:35,402 INFO  storage.RaftStorageDirectory (RaftStorageDirectory.java:analyzeStorage(246)) - The storage directory /tmp/workdir/hadoop-ozone/integration-test/target/test-dir/MiniOzoneClusterImpl-8ae1f3ed-f636-4fe8-bd46-95e90032052b/datanode-6/data/ratis/4d18d25d-0298-4f63-a765-68fd2ddb45a8 does not exist. Creating ...
2019-07-13 10:44:35,425 INFO  storage.RaftStorageDirectory (RaftStorageDirectory.java:tryLock(328)) - Lock on /tmp/workdir/hadoop-ozone/integration-test/target/test-dir/MiniOzoneClusterImpl-8ae1f3ed-f636-4fe8-bd46-95e90032052b/datanode-0/data/ratis/4d18d25d-0298-4f63-a765-68fd2ddb45a8/in_use.lock acquired by nodename 24927@trunk-nightly-qcxv8-4293026562
2019-07-13 10:44:35,425 INFO  storage.RaftStorageDirectory (RaftStorageDirectory.java:tryLock(328)) - Lock on /tmp/workdir/hadoop-ozone/integration-test/target/test-dir/MiniOzoneClusterImpl-8ae1f3ed-f636-4fe8-bd46-95e90032052b/datanode-6/data/ratis/4d18d25d-0298-4f63-a765-68fd2ddb45a8/in_use.lock acquired by nodename 24927@trunk-nightly-qcxv8-4293026562
2019-07-13 10:44:35,425 INFO  storage.RaftStorageDirectory (RaftStorageDirectory.java:tryLock(328)) - Lock on /tmp/workdir/hadoop-ozone/integration-test/target/test-dir/MiniOzoneClusterImpl-8ae1f3ed-f636-4fe8-bd46-95e90032052b/datanode-4/data/ratis/4d18d25d-0298-4f63-a765-68fd2ddb45a8/in_use.lock acquired by nodename 24927@trunk-nightly-qcxv8-4293026562
2019-07-13 10:44:35,451 INFO  storage.RaftStorage (RaftStorage.java:format(72)) - Storage directory /tmp/workdir/hadoop-ozone/integration-test/target/test-dir/MiniOzoneClusterImpl-8ae1f3ed-f636-4fe8-bd46-95e90032052b/datanode-4/data/ratis/4d18d25d-0298-4f63-a765-68fd2ddb45a8 has been successfully formatted.
2019-07-13 10:44:35,451 INFO  storage.RaftStorage (RaftStorage.java:format(72)) - Storage directory /tmp/workdir/hadoop-ozone/integration-test/target/test-dir/MiniOzoneClusterImpl-8ae1f3ed-f636-4fe8-bd46-95e90032052b/datanode-6/data/ratis/4d18d25d-0298-4f63-a765-68fd2ddb45a8 has been successfully formatted.
2019-07-13 10:44:35,451 INFO  storage.RaftStorage (RaftStorage.java:format(72)) - Storage directory /tmp/workdir/hadoop-ozone/integration-test/target/test-dir/MiniOzoneClusterImpl-8ae1f3ed-f636-4fe8-bd46-95e90032052b/datanode-0/data/ratis/4d18d25d-0298-4f63-a765-68fd2ddb45a8 has been successfully formatted.
2019-07-13 10:44:35,451 INFO  ratis.ContainerStateMachine (ContainerStateMachine.java:loadSnapshot(200)) - The snapshot info is null.Setting the last applied index to:(t:0, i:~)
2019-07-13 10:44:35,452 INFO  ratis.ContainerStateMachine (ContainerStateMachine.java:loadSnapshot(200)) - The snapshot info is null.Setting the last applied index to:(t:0, i:~)
2019-07-13 10:44:35,452 INFO  server.RaftServerConfigKeys (ConfUtils.java:logGet(43)) - raft.server.leader.election.timeout = 120s (custom)
2019-07-13 10:44:35,452 INFO  ratis.ContainerStateMachine (ContainerStateMachine.java:loadSnapshot(200)) - The snapshot info is null.Setting the last applied index to:(t:0, i:~)
2019-07-13 10:44:35,452 INFO  server.RaftServerConfigKeys (ConfUtils.java:logGet(43)) - raft.server.log.use.memory = false (default)
2019-07-13 10:44:35,452 INFO  server.RaftServerConfigKeys (ConfUtils.java:logGet(43)) - raft.server.leader.election.timeout = 120s (custom)
2019-07-13 10:44:35,452 INFO  server.RaftServerConfigKeys (ConfUtils.java:logGet(43)) - raft.server.log.purge.gap = 1000000000 (custom)
2019-07-13 10:44:35,452 INFO  server.RaftServerConfigKeys (ConfUtils.java:logGet(43)) - raft.server.log.appender.buffer.byte-limit = 33554432 (custom)
2019-07-13 10:44:35,452 INFO  server.RaftServerConfigKeys (ConfUtils.java:logGet(43)) - raft.server.leader.election.timeout = 120s (custom)
2019-07-13 10:44:35,453 INFO  server.RaftServerConfigKeys (ConfUtils.java:logGet(43)) - raft.server.log.segment.size.max = 1048576 (custom)
2019-07-13 10:44:35,452 INFO  server.RaftServerConfigKeys (ConfUtils.java:logGet(43)) - raft.server.log.use.memory = false (default)
2019-07-13 10:44:35,453 INFO  server.RaftServerConfigKeys (ConfUtils.java:logGet(43)) - raft.server.log.segment.cache.num.max = 2 (custom)
2019-07-13 10:44:35,453 INFO  server.RaftServerConfigKeys (ConfUtils.java:logGet(43)) - raft.server.log.use.memory = false (default)
2019-07-13 10:44:35,453 INFO  server.RaftServerConfigKeys (ConfUtils.java:logGet(43)) - raft.server.log.purge.gap = 1000000000 (custom)
2019-07-13 10:44:35,453 INFO  server.RaftServerConfigKeys (ConfUtils.java:logGet(43)) - raft.server.log.purge.gap = 1000000000 (custom)
2019-07-13 10:44:35,454 INFO  server.RaftServerConfigKeys (ConfUtils.java:logGet(43)) - raft.server.log.appender.buffer.byte-limit = 33554432 (custom)
2019-07-13 10:44:35,454 INFO  server.RaftServerConfigKeys (ConfUtils.java:logGet(43)) - raft.server.log.appender.buffer.byte-limit = 33554432 (custom)
2019-07-13 10:44:35,454 INFO  server.RaftServerConfigKeys (ConfUtils.java:logGet(43)) - raft.server.log.segment.size.max = 1048576 (custom)
2019-07-13 10:44:35,454 INFO  segmented.SegmentedRaftLogWorker (SegmentedRaftLogWorker.java:<init>(172)) - new c6de40fd-c0d5-459c-ac64-ecd6486e174f-SegmentedRaftLogWorker:Storage Directory /tmp/workdir/hadoop-ozone/integration-test/target/test-dir/MiniOzoneClusterImpl-8ae1f3ed-f636-4fe8-bd46-95e90032052b/datanode-4/data/ratis/4d18d25d-0298-4f63-a765-68fd2ddb45a8 for RaftStorage:Storage Directory /tmp/workdir/hadoop-ozone/integration-test/target/test-dir/MiniOzoneClusterImpl-8ae1f3ed-f636-4fe8-bd46-95e90032052b/datanode-4/data/ratis/4d18d25d-0298-4f63-a765-68fd2ddb45a8
2019-07-13 10:44:35,454 INFO  server.RaftServerConfigKeys (ConfUtils.java:logGet(43)) - raft.server.log.segment.cache.num.max = 2 (custom)
2019-07-13 10:44:35,454 INFO  server.RaftServerConfigKeys (ConfUtils.java:logGet(43)) - raft.server.log.segment.size.max = 1048576 (custom)
2019-07-13 10:44:35,454 INFO  segmented.SegmentedRaftLogWorker (SegmentedRaftLogWorker.java:<init>(172)) - new 889ac0db-9bf5-474c-a7b0-2697cc859952-SegmentedRaftLogWorker:Storage Directory /tmp/workdir/hadoop-ozone/integration-test/target/test-dir/MiniOzoneClusterImpl-8ae1f3ed-f636-4fe8-bd46-95e90032052b/datanode-6/data/ratis/4d18d25d-0298-4f63-a765-68fd2ddb45a8 for RaftStorage:Storage Directory /tmp/workdir/hadoop-ozone/integration-test/target/test-dir/MiniOzoneClusterImpl-8ae1f3ed-f636-4fe8-bd46-95e90032052b/datanode-6/data/ratis/4d18d25d-0298-4f63-a765-68fd2ddb45a8
2019-07-13 10:44:35,454 INFO  server.RaftServerConfigKeys (ConfUtils.java:logGet(43)) - raft.server.log.queue.byte-limit = 2147483647 (custom)
2019-07-13 10:44:35,456 INFO  server.RaftServerConfigKeys (ConfUtils.java:logGet(43)) - raft.server.log.queue.byte-limit = 2147483647 (custom)
2019-07-13 10:44:35,456 INFO  server.RaftServerConfigKeys (ConfUtils.java:logGet(43)) - raft.server.log.segment.cache.num.max = 2 (custom)
2019-07-13 10:44:35,458 INFO  server.RaftServerConfigKeys (ConfUtils.java:logGet(43)) - raft.server.log.queue.element-limit = 1024 (custom)
2019-07-13 10:44:35,458 INFO  server.RaftServerConfigKeys (ConfUtils.java:logGet(43)) - raft.server.log.queue.element-limit = 1024 (custom)
2019-07-13 10:44:35,459 INFO  server.RaftServerConfigKeys (ConfUtils.java:logGet(43)) - raft.server.log.segment.size.max = 1048576 (custom)
2019-07-13 10:44:35,458 INFO  segmented.SegmentedRaftLogWorker (SegmentedRaftLogWorker.java:<init>(172)) - new 8a80f6fc-3c24-4f04-a461-84ff206cd4f5-SegmentedRaftLogWorker:Storage Directory /tmp/workdir/hadoop-ozone/integration-test/target/test-dir/MiniOzoneClusterImpl-8ae1f3ed-f636-4fe8-bd46-95e90032052b/datanode-0/data/ratis/4d18d25d-0298-4f63-a765-68fd2ddb45a8 for RaftStorage:Storage Directory /tmp/workdir/hadoop-ozone/integration-test/target/test-dir/MiniOzoneClusterImpl-8ae1f3ed-f636-4fe8-bd46-95e90032052b/datanode-0/data/ratis/4d18d25d-0298-4f63-a765-68fd2ddb45a8
2019-07-13 10:44:35,459 INFO  server.RaftServerConfigKeys (ConfUtils.java:logGet(43)) - raft.server.log.preallocated.size = 16384 (custom)
2019-07-13 10:44:35,459 INFO  server.RaftServerConfigKeys (ConfUtils.java:logGet(43)) - raft.server.log.segment.size.max = 1048576 (custom)
2019-07-13 10:44:35,461 INFO  server.RaftServerConfigKeys (ConfUtils.java:logGet(43)) - raft.server.log.preallocated.size = 16384 (custom)
2019-07-13 10:44:35,459 INFO  server.RaftServerConfigKeys (ConfUtils.java:logGet(43)) - raft.server.log.write.buffer.size = 33554432 (custom)
2019-07-13 10:44:35,459 INFO  server.RaftServerConfigKeys (ConfUtils.java:logGet(43)) - raft.server.log.queue.byte-limit = 2147483647 (custom)
2019-07-13 10:44:35,461 INFO  server.RaftServerConfigKeys (ConfUtils.java:logGet(43)) - raft.server.log.force.sync.num = 128 (default)
2019-07-13 10:44:35,461 INFO  server.RaftServerConfigKeys (ConfUtils.java:logGet(43)) - raft.server.log.write.buffer.size = 33554432 (custom)
2019-07-13 10:44:35,461 INFO  server.RaftServerConfigKeys (ConfUtils.java:logGet(43)) - raft.server.log.statemachine.data.sync = true (default)
2019-07-13 10:44:35,461 INFO  server.RaftServerConfigKeys (ConfUtils.java:logGet(43)) - raft.server.log.queue.element-limit = 1024 (custom)
2019-07-13 10:44:35,462 INFO  server.RaftServerConfigKeys (ConfUtils.java:logGet(43)) - raft.server.log.statemachine.data.sync.timeout = 10s (default)
2019-07-13 10:44:35,461 INFO  server.RaftServerConfigKeys (ConfUtils.java:logGet(43)) - raft.server.log.force.sync.num = 128 (default)
2019-07-13 10:44:35,462 INFO  server.RaftServerConfigKeys (ConfUtils.java:logGet(43)) - raft.server.log.statemachine.data.sync.timeout.retry = -1 (default)
2019-07-13 10:44:35,462 INFO  server.RaftServerConfigKeys (ConfUtils.java:logGet(43)) - raft.server.log.segment.size.max = 1048576 (custom)
2019-07-13 10:44:35,462 INFO  server.RaftServerConfigKeys (ConfUtils.java:logGet(43)) - raft.server.log.statemachine.data.caching.enabled = true (custom)
2019-07-13 10:44:35,462 INFO  server.RaftServerConfigKeys (ConfUtils.java:logGet(43)) - raft.server.log.statemachine.data.sync = true (default)
2019-07-13 10:44:35,463 INFO  server.RaftServerConfigKeys (ConfUtils.java:logGet(43)) - raft.server.log.preallocated.size = 16384 (custom)
2019-07-13 10:44:35,463 INFO  segmented.SegmentedRaftLogWorker (SegmentedRaftLogWorker.java:lambda$new$0(132)) - 889ac0db-9bf5-474c-a7b0-2697cc859952-SegmentedRaftLogWorker:Storage Directory /tmp/workdir/hadoop-ozone/integration-test/target/test-dir/MiniOzoneClusterImpl-8ae1f3ed-f636-4fe8-bd46-95e90032052b/datanode-6/data/ratis/4d18d25d-0298-4f63-a765-68fd2ddb45a8: flushIndex: setUnconditionally 0 -> -1
2019-07-13 10:44:35,463 INFO  server.RaftServerConfigKeys (ConfUtils.java:logGet(43)) - raft.server.log.statemachine.data.sync.timeout = 10s (default)
2019-07-13 10:44:35,463 INFO  server.RaftServerConfigKeys (ConfUtils.java:logGet(43)) - raft.server.log.write.buffer.size = 33554432 (custom)
2019-07-13 10:44:35,463 INFO  server.RaftServerConfigKeys (ConfUtils.java:logGet(43)) - raft.server.snapshot.auto.trigger.enabled = true (custom)
2019-07-13 10:44:35,463 INFO  server.RaftServerConfigKeys (ConfUtils.java:logGet(43)) - raft.server.log.statemachine.data.sync.timeout.retry = -1 (default)
2019-07-13 10:44:35,464 INFO  server.RaftServerConfigKeys (ConfUtils.java:logGet(43)) - raft.server.snapshot.auto.trigger.threshold = 10000 (custom)
2019-07-13 10:44:35,463 INFO  server.RaftServerConfigKeys (ConfUtils.java:logGet(43)) - raft.server.log.force.sync.num = 128 (default)
2019-07-13 10:44:35,464 INFO  server.RaftServerConfigKeys (ConfUtils.java:logGet(43)) - raft.server.retrycache.expirytime = 600000ms (custom)
2019-07-13 10:44:35,464 INFO  server.RaftServerConfigKeys (ConfUtils.java:logGet(43)) - raft.server.log.statemachine.data.caching.enabled = true (custom)
2019-07-13 10:44:35,464 INFO  server.RaftServerConfigKeys (ConfUtils.java:logGet(43)) - raft.server.log.statemachine.data.sync = true (default)
2019-07-13 10:44:35,464 INFO  impl.RaftServerImpl (RaftServerImpl.java:start(180)) - 889ac0db-9bf5-474c-a7b0-2697cc859952: start group-68FD2DDB45A8
2019-07-13 10:44:35,465 INFO  segmented.SegmentedRaftLogWorker (SegmentedRaftLogWorker.java:lambda$new$0(132)) - c6de40fd-c0d5-459c-ac64-ecd6486e174f-SegmentedRaftLogWorker:Storage Directory /tmp/workdir/hadoop-ozone/integration-test/target/test-dir/MiniOzoneClusterImpl-8ae1f3ed-f636-4fe8-bd46-95e90032052b/datanode-4/data/ratis/4d18d25d-0298-4f63-a765-68fd2ddb45a8: flushIndex: setUnconditionally 0 -> -1
2019-07-13 10:44:35,464 INFO  server.RaftServerConfigKeys (ConfUtils.java:logGet(43)) - raft.server.log.statemachine.data.sync.timeout = 10s (default)
2019-07-13 10:44:35,465 INFO  impl.RaftServerImpl (RaftServerImpl.java:setRole(171)) - 889ac0db-9bf5-474c-a7b0-2697cc859952:group-68FD2DDB45A8 changes role from null to FOLLOWER at term 0 for startAsFollower
2019-07-13 10:44:35,465 INFO  server.RaftServerConfigKeys (ConfUtils.java:logGet(43)) - raft.server.snapshot.auto.trigger.enabled = true (custom)
2019-07-13 10:44:35,465 INFO  server.RaftServerConfigKeys (ConfUtils.java:logGet(43)) - raft.server.log.statemachine.data.sync.timeout.retry = -1 (default)
2019-07-13 10:44:35,465 INFO  server.RaftServerConfigKeys (ConfUtils.java:logGet(43)) - raft.server.snapshot.auto.trigger.threshold = 10000 (custom)
2019-07-13 10:44:35,465 INFO  impl.RoleInfo (RoleInfo.java:updateAndGet(143)) - 889ac0db-9bf5-474c-a7b0-2697cc859952: start FollowerState
2019-07-13 10:44:35,465 INFO  server.RaftServerConfigKeys (ConfUtils.java:logGet(43)) - raft.server.retrycache.expirytime = 600000ms (custom)
2019-07-13 10:44:35,465 INFO  server.RaftServerConfigKeys (ConfUtils.java:logGet(43)) - raft.server.log.statemachine.data.caching.enabled = true (custom)
2019-07-13 10:44:35,466 INFO  impl.RaftServerImpl (RaftServerImpl.java:start(180)) - c6de40fd-c0d5-459c-ac64-ecd6486e174f: start group-68FD2DDB45A8
2019-07-13 10:44:35,466 INFO  util.JmxRegister (JmxRegister.java:tryRegister(44)) - Successfully registered JMX Bean with object name Ratis:service=RaftServer,group=group-68FD2DDB45A8,id=889ac0db-9bf5-474c-a7b0-2697cc859952
2019-07-13 10:44:35,466 INFO  segmented.SegmentedRaftLogWorker (SegmentedRaftLogWorker.java:lambda$new$0(132)) - 8a80f6fc-3c24-4f04-a461-84ff206cd4f5-SegmentedRaftLogWorker:Storage Directory /tmp/workdir/hadoop-ozone/integration-test/target/test-dir/MiniOzoneClusterImpl-8ae1f3ed-f636-4fe8-bd46-95e90032052b/datanode-0/data/ratis/4d18d25d-0298-4f63-a765-68fd2ddb45a8: flushIndex: setUnconditionally 0 -> -1
2019-07-13 10:44:35,466 INFO  impl.RaftServerImpl (RaftServerImpl.java:setRole(171)) - c6de40fd-c0d5-459c-ac64-ecd6486e174f:group-68FD2DDB45A8 changes role from null to FOLLOWER at term 0 for startAsFollower
2019-07-13 10:44:35,466 INFO  server.RaftServerConfigKeys (ConfUtils.java:logGet(43)) - raft.server.snapshot.auto.trigger.enabled = true (custom)
2019-07-13 10:44:35,467 INFO  server.RaftServerConfigKeys (ConfUtils.java:logGet(43)) - raft.server.snapshot.auto.trigger.threshold = 10000 (custom)
2019-07-13 10:44:35,467 INFO  impl.RoleInfo (RoleInfo.java:updateAndGet(143)) - c6de40fd-c0d5-459c-ac64-ecd6486e174f: start FollowerState
2019-07-13 10:44:35,467 INFO  server.RaftServerConfigKeys (ConfUtils.java:logGet(43)) - raft.server.retrycache.expirytime = 600000ms (custom)
2019-07-13 10:44:35,467 INFO  impl.RaftServerImpl (RaftServerImpl.java:start(180)) - 8a80f6fc-3c24-4f04-a461-84ff206cd4f5: start group-68FD2DDB45A8
2019-07-13 10:44:35,467 INFO  impl.RaftServerImpl (RaftServerImpl.java:setRole(171)) - 8a80f6fc-3c24-4f04-a461-84ff206cd4f5:group-68FD2DDB45A8 changes role from null to FOLLOWER at term 0 for startAsFollower
2019-07-13 10:44:35,467 INFO  util.JmxRegister (JmxRegister.java:tryRegister(44)) - Successfully registered JMX Bean with object name Ratis:service=RaftServer,group=group-68FD2DDB45A8,id=c6de40fd-c0d5-459c-ac64-ecd6486e174f
2019-07-13 10:44:35,467 INFO  impl.RoleInfo (RoleInfo.java:updateAndGet(143)) - 8a80f6fc-3c24-4f04-a461-84ff206cd4f5: start FollowerState
2019-07-13 10:44:35,468 INFO  util.JmxRegister (JmxRegister.java:tryRegister(44)) - Successfully registered JMX Bean with object name Ratis:service=RaftServer,group=group-68FD2DDB45A8,id=8a80f6fc-3c24-4f04-a461-84ff206cd4f5
2019-07-13 10:44:35,490 INFO  pipeline.PipelineStateManager (PipelineStateManager.java:addPipeline(56)) - Created pipeline Pipeline[ Id: 4d18d25d-0298-4f63-a765-68fd2ddb45a8, Nodes: 889ac0db-9bf5-474c-a7b0-2697cc859952{ip: 192.168.157.218, host: trunk-nightly-qcxv8-4293026562, networkLocation: /default-rack, certSerialId: null}c6de40fd-c0d5-459c-ac64-ecd6486e174f{ip: 192.168.157.218, host: trunk-nightly-qcxv8-4293026562, networkLocation: /default-rack, certSerialId: null}8a80f6fc-3c24-4f04-a461-84ff206cd4f5{ip: 192.168.157.218, host: trunk-nightly-qcxv8-4293026562, networkLocation: /default-rack, certSerialId: null}, Type:RATIS, Factor:THREE, State:OPEN]
2019-07-13 10:44:35,782 INFO  ozone.MiniOzoneClusterImpl (MiniOzoneClusterImpl.java:lambda$waitForClusterToBeReady$0(142)) - Cluster is ready. Got 7 of 7 DN Heartbeats.
2019-07-13 10:44:36,122 INFO  rpc.RpcClient (RpcClient.java:createVolume(287)) - Creating Volume: testblockoutputstreamwithretries, with jenkins1000 as owner.
2019-07-13 10:44:36,178 INFO  rpc.RpcClient (RpcClient.java:createBucket(424)) - Creating Bucket: testblockoutputstreamwithretries/testblockoutputstreamwithretries, with Versioning false and Storage Type set to DISK and Encryption set to false 
2019-07-13 10:44:36,457 INFO  container.ReplicationManager (ReplicationManager.java:start(155)) - Starting Replication Monitor Thread.
2019-07-13 10:44:36,468 INFO  container.ReplicationManager (ReplicationManager.java:run(207)) - Replication Monitor Thread took 8 milliseconds for processing 1 containers.
2019-07-13 10:44:36,479 INFO  client.GrpcClientProtocolClient (GrpcClientProtocolClient.java:onNext(255)) - client-174BA8089F93->889ac0db-9bf5-474c-a7b0-2697cc859952: receive RaftClientReply:client-174BA8089F93->889ac0db-9bf5-474c-a7b0-2697cc859952@group-68FD2DDB45A8, cid=13, FAILED org.apache.ratis.protocol.NotLeaderException: Server 889ac0db-9bf5-474c-a7b0-2697cc859952 is not the leader (null). Request must be sent to leader., logIndex=0, commits[889ac0db-9bf5-474c-a7b0-2697cc859952:c-1]
2019-07-13 10:44:37,527 INFO  client.GrpcClientProtocolClient (GrpcClientProtocolClient.java:onNext(255)) - client-174BA8089F93->c6de40fd-c0d5-459c-ac64-ecd6486e174f: receive RaftClientReply:client-174BA8089F93->c6de40fd-c0d5-459c-ac64-ecd6486e174f@group-68FD2DDB45A8, cid=13, FAILED org.apache.ratis.protocol.NotLeaderException: Server c6de40fd-c0d5-459c-ac64-ecd6486e174f is not the leader (null). Request must be sent to leader., logIndex=0, commits[c6de40fd-c0d5-459c-ac64-ecd6486e174f:c-1]
2019-07-13 10:44:38,557 INFO  client.GrpcClientProtocolClient (GrpcClientProtocolClient.java:onNext(255)) - client-174BA8089F93->8a80f6fc-3c24-4f04-a461-84ff206cd4f5: receive RaftClientReply:client-174BA8089F93->8a80f6fc-3c24-4f04-a461-84ff206cd4f5@group-68FD2DDB45A8, cid=13, FAILED org.apache.ratis.protocol.NotLeaderException: Server 8a80f6fc-3c24-4f04-a461-84ff206cd4f5 is not the leader (null). Request must be sent to leader., logIndex=0, commits[8a80f6fc-3c24-4f04-a461-84ff206cd4f5:c-1]
2019-07-13 10:44:39,544 INFO  impl.FollowerState (FollowerState.java:run(106)) - 8a80f6fc-3c24-4f04-a461-84ff206cd4f5:group-FCF0B07C44D9 changes to CANDIDATE, lastRpcTime:5017, electionTimeout:5017ms
2019-07-13 10:44:39,545 INFO  impl.RoleInfo (RoleInfo.java:shutdownFollowerState(121)) - 8a80f6fc-3c24-4f04-a461-84ff206cd4f5: shutdown FollowerState
2019-07-13 10:44:39,545 INFO  impl.RaftServerImpl (RaftServerImpl.java:setRole(171)) - 8a80f6fc-3c24-4f04-a461-84ff206cd4f5:group-FCF0B07C44D9 changes role from FOLLOWER to CANDIDATE at term 0 for changeToCandidate
2019-07-13 10:44:39,554 INFO  impl.RoleInfo (RoleInfo.java:updateAndGet(143)) - 8a80f6fc-3c24-4f04-a461-84ff206cd4f5: start LeaderElection
2019-07-13 10:44:39,579 INFO  impl.LeaderElection (LeaderElection.java:askForVotes(181)) - 8a80f6fc-3c24-4f04-a461-84ff206cd4f5:group-FCF0B07C44D9:LeaderElection1: begin an election at term 1 for -1: [8a80f6fc-3c24-4f04-a461-84ff206cd4f5:192.168.157.218:42783], old=null
2019-07-13 10:44:39,582 INFO  impl.RoleInfo (RoleInfo.java:shutdownLeaderElection(134)) - 8a80f6fc-3c24-4f04-a461-84ff206cd4f5: shutdown LeaderElection
2019-07-13 10:44:39,583 INFO  client.GrpcClientProtocolClient (GrpcClientProtocolClient.java:onNext(255)) - client-174BA8089F93->c6de40fd-c0d5-459c-ac64-ecd6486e174f: receive RaftClientReply:client-174BA8089F93->c6de40fd-c0d5-459c-ac64-ecd6486e174f@group-68FD2DDB45A8, cid=13, FAILED org.apache.ratis.protocol.NotLeaderException: Server c6de40fd-c0d5-459c-ac64-ecd6486e174f is not the leader (null). Request must be sent to leader., logIndex=0, commits[c6de40fd-c0d5-459c-ac64-ecd6486e174f:c-1]
2019-07-13 10:44:39,583 INFO  impl.RaftServerImpl (RaftServerImpl.java:setRole(171)) - 8a80f6fc-3c24-4f04-a461-84ff206cd4f5:group-FCF0B07C44D9 changes role from CANDIDATE to LEADER at term 1 for changeToLeader
2019-07-13 10:44:39,585 INFO  impl.RaftServerImpl (ServerState.java:setLeader(263)) - 8a80f6fc-3c24-4f04-a461-84ff206cd4f5:group-FCF0B07C44D9 change Leader from null to 8a80f6fc-3c24-4f04-a461-84ff206cd4f5 at term 1 for becomeLeader, leader elected after 5142ms
2019-07-13 10:44:39,600 INFO  server.RaftServerConfigKeys (ConfUtils.java:logGet(43)) - raft.server.staging.catchup.gap = 1000 (default)
2019-07-13 10:44:39,600 INFO  server.RaftServerConfigKeys (ConfUtils.java:logGet(43)) - raft.server.rpc.sleep.time = 25ms (default)
2019-07-13 10:44:39,604 INFO  server.RaftServerConfigKeys (ConfUtils.java:logGet(43)) - raft.server.write.element-limit = 4096 (default)
2019-07-13 10:44:39,607 INFO  server.RaftServerConfigKeys (ConfUtils.java:logGet(43)) - raft.server.watch.timeout = 10s (default)
2019-07-13 10:44:39,607 INFO  server.RaftServerConfigKeys (ConfUtils.java:logGet(43)) - raft.server.watch.timeout.denomination = 1s (default)
2019-07-13 10:44:39,608 INFO  server.RaftServerConfigKeys (ConfUtils.java:logGet(43)) - raft.server.watch.element-limit = 65536 (default)
2019-07-13 10:44:39,619 INFO  impl.RoleInfo (RoleInfo.java:updateAndGet(143)) - 8a80f6fc-3c24-4f04-a461-84ff206cd4f5: start LeaderState
2019-07-13 10:44:39,644 INFO  segmented.SegmentedRaftLogWorker (SegmentedRaftLogWorker.java:startLogSegment(380)) - 8a80f6fc-3c24-4f04-a461-84ff206cd4f5-SegmentedRaftLogWorker:Storage Directory /tmp/workdir/hadoop-ozone/integration-test/target/test-dir/MiniOzoneClusterImpl-8ae1f3ed-f636-4fe8-bd46-95e90032052b/datanode-0/data/ratis/a7329b92-b03a-41c4-85b4-fcf0b07c44d9: Starting segment from index:0
2019-07-13 10:44:39,656 INFO  impl.RaftServerImpl (ServerState.java:setRaftConf(361)) - 8a80f6fc-3c24-4f04-a461-84ff206cd4f5:group-FCF0B07C44D9 set configuration 0: [8a80f6fc-3c24-4f04-a461-84ff206cd4f5:192.168.157.218:42783], old=null at 0
2019-07-13 10:44:39,806 INFO  segmented.SegmentedRaftLogWorker (SegmentedRaftLogWorker.java:execute(569)) - 8a80f6fc-3c24-4f04-a461-84ff206cd4f5-SegmentedRaftLogWorker:Storage Directory /tmp/workdir/hadoop-ozone/integration-test/target/test-dir/MiniOzoneClusterImpl-8ae1f3ed-f636-4fe8-bd46-95e90032052b/datanode-0/data/ratis/a7329b92-b03a-41c4-85b4-fcf0b07c44d9: created new log segment /tmp/workdir/hadoop-ozone/integration-test/target/test-dir/MiniOzoneClusterImpl-8ae1f3ed-f636-4fe8-bd46-95e90032052b/datanode-0/data/ratis/a7329b92-b03a-41c4-85b4-fcf0b07c44d9/current/log_inprogress_0
2019-07-13 10:44:39,859 INFO  impl.FollowerState (FollowerState.java:run(106)) - ff287178-824c-4f15-982f-9bcabf7bd324:group-4737ADE6B482 changes to CANDIDATE, lastRpcTime:5110, electionTimeout:5103ms
2019-07-13 10:44:39,861 INFO  impl.RoleInfo (RoleInfo.java:shutdownFollowerState(121)) - ff287178-824c-4f15-982f-9bcabf7bd324: shutdown FollowerState
2019-07-13 10:44:39,861 INFO  impl.RaftServerImpl (RaftServerImpl.java:setRole(171)) - ff287178-824c-4f15-982f-9bcabf7bd324:group-4737ADE6B482 changes role from FOLLOWER to CANDIDATE at term 0 for changeToCandidate
2019-07-13 10:44:39,861 INFO  impl.RoleInfo (RoleInfo.java:updateAndGet(143)) - ff287178-824c-4f15-982f-9bcabf7bd324: start LeaderElection
2019-07-13 10:44:39,876 INFO  impl.LeaderElection (LeaderElection.java:askForVotes(181)) - ff287178-824c-4f15-982f-9bcabf7bd324:group-4737ADE6B482:LeaderElection2: begin an election at term 1 for -1: [ff287178-824c-4f15-982f-9bcabf7bd324:192.168.157.218:34901], old=null
2019-07-13 10:44:39,880 INFO  impl.RoleInfo (RoleInfo.java:shutdownLeaderElection(134)) - ff287178-824c-4f15-982f-9bcabf7bd324: shutdown LeaderElection
2019-07-13 10:44:39,880 INFO  impl.RaftServerImpl (RaftServerImpl.java:setRole(171)) - ff287178-824c-4f15-982f-9bcabf7bd324:group-4737ADE6B482 changes role from CANDIDATE to LEADER at term 1 for changeToLeader
2019-07-13 10:44:39,880 INFO  impl.RaftServerImpl (ServerState.java:setLeader(263)) - ff287178-824c-4f15-982f-9bcabf7bd324:group-4737ADE6B482 change Leader from null to ff287178-824c-4f15-982f-9bcabf7bd324 at term 1 for becomeLeader, leader elected after 5139ms
2019-07-13 10:44:39,882 INFO  server.RaftServerConfigKeys (ConfUtils.java:logGet(43)) - raft.server.staging.catchup.gap = 1000 (default)
2019-07-13 10:44:39,882 INFO  server.RaftServerConfigKeys (ConfUtils.java:logGet(43)) - raft.server.rpc.sleep.time = 25ms (default)
2019-07-13 10:44:39,883 INFO  server.RaftServerConfigKeys (ConfUtils.java:logGet(43)) - raft.server.write.element-limit = 4096 (default)
2019-07-13 10:44:39,883 INFO  server.RaftServerConfigKeys (ConfUtils.java:logGet(43)) - raft.server.watch.timeout = 10s (default)
2019-07-13 10:44:39,883 INFO  server.RaftServerConfigKeys (ConfUtils.java:logGet(43)) - raft.server.watch.timeout.denomination = 1s (default)
2019-07-13 10:44:39,885 INFO  server.RaftServerConfigKeys (ConfUtils.java:logGet(43)) - raft.server.watch.element-limit = 65536 (default)
2019-07-13 10:44:39,885 INFO  impl.RoleInfo (RoleInfo.java:updateAndGet(143)) - ff287178-824c-4f15-982f-9bcabf7bd324: start LeaderState
2019-07-13 10:44:39,886 INFO  segmented.SegmentedRaftLogWorker (SegmentedRaftLogWorker.java:startLogSegment(380)) - ff287178-824c-4f15-982f-9bcabf7bd324-SegmentedRaftLogWorker:Storage Directory /tmp/workdir/hadoop-ozone/integration-test/target/test-dir/MiniOzoneClusterImpl-8ae1f3ed-f636-4fe8-bd46-95e90032052b/datanode-5/data/ratis/1463b092-144d-4f7c-8823-4737ade6b482: Starting segment from index:0
2019-07-13 10:44:39,886 INFO  impl.RaftServerImpl (ServerState.java:setRaftConf(361)) - ff287178-824c-4f15-982f-9bcabf7bd324:group-4737ADE6B482 set configuration 0: [ff287178-824c-4f15-982f-9bcabf7bd324:192.168.157.218:34901], old=null at 0
2019-07-13 10:44:39,917 INFO  impl.FollowerState (FollowerState.java:run(106)) - 84ac706b-562b-4a88-88e3-dc4f71f227fd:group-2268AFF6DB7A changes to CANDIDATE, lastRpcTime:5046, electionTimeout:5046ms
2019-07-13 10:44:39,917 INFO  impl.RoleInfo (RoleInfo.java:shutdownFollowerState(121)) - 84ac706b-562b-4a88-88e3-dc4f71f227fd: shutdown FollowerState
2019-07-13 10:44:39,917 INFO  impl.RaftServerImpl (RaftServerImpl.java:setRole(171)) - 84ac706b-562b-4a88-88e3-dc4f71f227fd:group-2268AFF6DB7A changes role from FOLLOWER to CANDIDATE at term 0 for changeToCandidate
2019-07-13 10:44:39,917 INFO  impl.RoleInfo (RoleInfo.java:updateAndGet(143)) - 84ac706b-562b-4a88-88e3-dc4f71f227fd: start LeaderElection
2019-07-13 10:44:39,928 INFO  segmented.SegmentedRaftLogWorker (SegmentedRaftLogWorker.java:execute(569)) - ff287178-824c-4f15-982f-9bcabf7bd324-SegmentedRaftLogWorker:Storage Directory /tmp/workdir/hadoop-ozone/integration-test/target/test-dir/MiniOzoneClusterImpl-8ae1f3ed-f636-4fe8-bd46-95e90032052b/datanode-5/data/ratis/1463b092-144d-4f7c-8823-4737ade6b482: created new log segment /tmp/workdir/hadoop-ozone/integration-test/target/test-dir/MiniOzoneClusterImpl-8ae1f3ed-f636-4fe8-bd46-95e90032052b/datanode-5/data/ratis/1463b092-144d-4f7c-8823-4737ade6b482/current/log_inprogress_0
2019-07-13 10:44:39,930 INFO  impl.LeaderElection (LeaderElection.java:askForVotes(181)) - 84ac706b-562b-4a88-88e3-dc4f71f227fd:group-2268AFF6DB7A:LeaderElection3: begin an election at term 1 for -1: [84ac706b-562b-4a88-88e3-dc4f71f227fd:192.168.157.218:36301], old=null
2019-07-13 10:44:39,930 INFO  impl.RoleInfo (RoleInfo.java:shutdownLeaderElection(134)) - 84ac706b-562b-4a88-88e3-dc4f71f227fd: shutdown LeaderElection
2019-07-13 10:44:39,931 INFO  impl.RaftServerImpl (RaftServerImpl.java:setRole(171)) - 84ac706b-562b-4a88-88e3-dc4f71f227fd:group-2268AFF6DB7A changes role from CANDIDATE to LEADER at term 1 for changeToLeader
2019-07-13 10:44:39,931 INFO  impl.RaftServerImpl (ServerState.java:setLeader(263)) - 84ac706b-562b-4a88-88e3-dc4f71f227fd:group-2268AFF6DB7A change Leader from null to 84ac706b-562b-4a88-88e3-dc4f71f227fd at term 1 for becomeLeader, leader elected after 5066ms
2019-07-13 10:44:39,933 INFO  server.RaftServerConfigKeys (ConfUtils.java:logGet(43)) - raft.server.staging.catchup.gap = 1000 (default)
2019-07-13 10:44:39,933 INFO  server.RaftServerConfigKeys (ConfUtils.java:logGet(43)) - raft.server.rpc.sleep.time = 25ms (default)
2019-07-13 10:44:39,933 INFO  server.RaftServerConfigKeys (ConfUtils.java:logGet(43)) - raft.server.write.element-limit = 4096 (default)
2019-07-13 10:44:39,933 INFO  server.RaftServerConfigKeys (ConfUtils.java:logGet(43)) - raft.server.watch.timeout = 10s (default)
2019-07-13 10:44:39,933 INFO  server.RaftServerConfigKeys (ConfUtils.java:logGet(43)) - raft.server.watch.timeout.denomination = 1s (default)
2019-07-13 10:44:39,933 INFO  server.RaftServerConfigKeys (ConfUtils.java:logGet(43)) - raft.server.watch.element-limit = 65536 (default)
2019-07-13 10:44:39,934 INFO  impl.RoleInfo (RoleInfo.java:updateAndGet(143)) - 84ac706b-562b-4a88-88e3-dc4f71f227fd: start LeaderState
2019-07-13 10:44:39,934 INFO  segmented.SegmentedRaftLogWorker (SegmentedRaftLogWorker.java:startLogSegment(380)) - 84ac706b-562b-4a88-88e3-dc4f71f227fd-SegmentedRaftLogWorker:Storage Directory /tmp/workdir/hadoop-ozone/integration-test/target/test-dir/MiniOzoneClusterImpl-8ae1f3ed-f636-4fe8-bd46-95e90032052b/datanode-1/data/ratis/86c2851b-1b56-46c7-8355-2268aff6db7a: Starting segment from index:0
2019-07-13 10:44:39,934 INFO  impl.RaftServerImpl (ServerState.java:setRaftConf(361)) - 84ac706b-562b-4a88-88e3-dc4f71f227fd:group-2268AFF6DB7A set configuration 0: [84ac706b-562b-4a88-88e3-dc4f71f227fd:192.168.157.218:36301], old=null at 0
2019-07-13 10:44:39,958 INFO  segmented.SegmentedRaftLogWorker (SegmentedRaftLogWorker.java:execute(569)) - 84ac706b-562b-4a88-88e3-dc4f71f227fd-SegmentedRaftLogWorker:Storage Directory /tmp/workdir/hadoop-ozone/integration-test/target/test-dir/MiniOzoneClusterImpl-8ae1f3ed-f636-4fe8-bd46-95e90032052b/datanode-1/data/ratis/86c2851b-1b56-46c7-8355-2268aff6db7a: created new log segment /tmp/workdir/hadoop-ozone/integration-test/target/test-dir/MiniOzoneClusterImpl-8ae1f3ed-f636-4fe8-bd46-95e90032052b/datanode-1/data/ratis/86c2851b-1b56-46c7-8355-2268aff6db7a/current/log_inprogress_0
2019-07-13 10:44:39,969 INFO  impl.FollowerState (FollowerState.java:run(106)) - cbcdb08f-5faf-40a3-8d20-afd8283bb5b5:group-A561BD9D3E90 changes to CANDIDATE, lastRpcTime:5021, electionTimeout:5020ms
2019-07-13 10:44:39,969 INFO  impl.RoleInfo (RoleInfo.java:shutdownFollowerState(121)) - cbcdb08f-5faf-40a3-8d20-afd8283bb5b5: shutdown FollowerState
2019-07-13 10:44:39,969 INFO  impl.RaftServerImpl (RaftServerImpl.java:setRole(171)) - cbcdb08f-5faf-40a3-8d20-afd8283bb5b5:group-A561BD9D3E90 changes role from FOLLOWER to CANDIDATE at term 0 for changeToCandidate
2019-07-13 10:44:39,969 INFO  impl.RoleInfo (RoleInfo.java:updateAndGet(143)) - cbcdb08f-5faf-40a3-8d20-afd8283bb5b5: start LeaderElection
2019-07-13 10:44:39,988 INFO  impl.LeaderElection (LeaderElection.java:askForVotes(181)) - cbcdb08f-5faf-40a3-8d20-afd8283bb5b5:group-A561BD9D3E90:LeaderElection4: begin an election at term 1 for -1: [cbcdb08f-5faf-40a3-8d20-afd8283bb5b5:192.168.157.218:43585], old=null
2019-07-13 10:44:39,990 INFO  impl.RoleInfo (RoleInfo.java:shutdownLeaderElection(134)) - cbcdb08f-5faf-40a3-8d20-afd8283bb5b5: shutdown LeaderElection
2019-07-13 10:44:39,990 INFO  impl.RaftServerImpl (RaftServerImpl.java:setRole(171)) - cbcdb08f-5faf-40a3-8d20-afd8283bb5b5:group-A561BD9D3E90 changes role from CANDIDATE to LEADER at term 1 for changeToLeader
2019-07-13 10:44:39,990 INFO  impl.RaftServerImpl (ServerState.java:setLeader(263)) - cbcdb08f-5faf-40a3-8d20-afd8283bb5b5:group-A561BD9D3E90 change Leader from null to cbcdb08f-5faf-40a3-8d20-afd8283bb5b5 at term 1 for becomeLeader, leader elected after 5048ms
2019-07-13 10:44:39,992 INFO  server.RaftServerConfigKeys (ConfUtils.java:logGet(43)) - raft.server.staging.catchup.gap = 1000 (default)
2019-07-13 10:44:39,993 INFO  server.RaftServerConfigKeys (ConfUtils.java:logGet(43)) - raft.server.rpc.sleep.time = 25ms (default)
2019-07-13 10:44:39,993 INFO  server.RaftServerConfigKeys (ConfUtils.java:logGet(43)) - raft.server.write.element-limit = 4096 (default)
2019-07-13 10:44:39,993 INFO  server.RaftServerConfigKeys (ConfUtils.java:logGet(43)) - raft.server.watch.timeout = 10s (default)
2019-07-13 10:44:39,993 INFO  server.RaftServerConfigKeys (ConfUtils.java:logGet(43)) - raft.server.watch.timeout.denomination = 1s (default)
2019-07-13 10:44:39,993 INFO  server.RaftServerConfigKeys (ConfUtils.java:logGet(43)) - raft.server.watch.element-limit = 65536 (default)
2019-07-13 10:44:39,994 INFO  impl.RoleInfo (RoleInfo.java:updateAndGet(143)) - cbcdb08f-5faf-40a3-8d20-afd8283bb5b5: start LeaderState
2019-07-13 10:44:39,994 INFO  segmented.SegmentedRaftLogWorker (SegmentedRaftLogWorker.java:startLogSegment(380)) - cbcdb08f-5faf-40a3-8d20-afd8283bb5b5-SegmentedRaftLogWorker:Storage Directory /tmp/workdir/hadoop-ozone/integration-test/target/test-dir/MiniOzoneClusterImpl-8ae1f3ed-f636-4fe8-bd46-95e90032052b/datanode-3/data/ratis/3cc2c43b-f408-4bf9-90f8-a561bd9d3e90: Starting segment from index:0
2019-07-13 10:44:39,995 INFO  impl.RaftServerImpl (ServerState.java:setRaftConf(361)) - cbcdb08f-5faf-40a3-8d20-afd8283bb5b5:group-A561BD9D3E90 set configuration 0: [cbcdb08f-5faf-40a3-8d20-afd8283bb5b5:192.168.157.218:43585], old=null at 0
2019-07-13 10:44:40,024 INFO  segmented.SegmentedRaftLogWorker (SegmentedRaftLogWorker.java:execute(569)) - cbcdb08f-5faf-40a3-8d20-afd8283bb5b5-SegmentedRaftLogWorker:Storage Directory /tmp/workdir/hadoop-ozone/integration-test/target/test-dir/MiniOzoneClusterImpl-8ae1f3ed-f636-4fe8-bd46-95e90032052b/datanode-3/data/ratis/3cc2c43b-f408-4bf9-90f8-a561bd9d3e90: created new log segment /tmp/workdir/hadoop-ozone/integration-test/target/test-dir/MiniOzoneClusterImpl-8ae1f3ed-f636-4fe8-bd46-95e90032052b/datanode-3/data/ratis/3cc2c43b-f408-4bf9-90f8-a561bd9d3e90/current/log_inprogress_0
2019-07-13 10:44:40,153 INFO  impl.FollowerState (FollowerState.java:run(106)) - 889ac0db-9bf5-474c-a7b0-2697cc859952:group-A08E5B8F3772 changes to CANDIDATE, lastRpcTime:5125, electionTimeout:5125ms
2019-07-13 10:44:40,153 INFO  impl.RoleInfo (RoleInfo.java:shutdownFollowerState(121)) - 889ac0db-9bf5-474c-a7b0-2697cc859952: shutdown FollowerState
2019-07-13 10:44:40,153 INFO  impl.RaftServerImpl (RaftServerImpl.java:setRole(171)) - 889ac0db-9bf5-474c-a7b0-2697cc859952:group-A08E5B8F3772 changes role from FOLLOWER to CANDIDATE at term 0 for changeToCandidate
2019-07-13 10:44:40,154 INFO  impl.RoleInfo (RoleInfo.java:updateAndGet(143)) - 889ac0db-9bf5-474c-a7b0-2697cc859952: start LeaderElection
2019-07-13 10:44:40,178 INFO  impl.LeaderElection (LeaderElection.java:askForVotes(181)) - 889ac0db-9bf5-474c-a7b0-2697cc859952:group-A08E5B8F3772:LeaderElection5: begin an election at term 1 for -1: [889ac0db-9bf5-474c-a7b0-2697cc859952:192.168.157.218:37300], old=null
2019-07-13 10:44:40,180 INFO  impl.RoleInfo (RoleInfo.java:shutdownLeaderElection(134)) - 889ac0db-9bf5-474c-a7b0-2697cc859952: shutdown LeaderElection
2019-07-13 10:44:40,180 INFO  impl.RaftServerImpl (RaftServerImpl.java:setRole(171)) - 889ac0db-9bf5-474c-a7b0-2697cc859952:group-A08E5B8F3772 changes role from CANDIDATE to LEADER at term 1 for changeToLeader
2019-07-13 10:44:40,180 INFO  impl.RaftServerImpl (ServerState.java:setLeader(263)) - 889ac0db-9bf5-474c-a7b0-2697cc859952:group-A08E5B8F3772 change Leader from null to 889ac0db-9bf5-474c-a7b0-2697cc859952 at term 1 for becomeLeader, leader elected after 5157ms
2019-07-13 10:44:40,182 INFO  server.RaftServerConfigKeys (ConfUtils.java:logGet(43)) - raft.server.staging.catchup.gap = 1000 (default)
2019-07-13 10:44:40,182 INFO  server.RaftServerConfigKeys (ConfUtils.java:logGet(43)) - raft.server.rpc.sleep.time = 25ms (default)
2019-07-13 10:44:40,182 INFO  server.RaftServerConfigKeys (ConfUtils.java:logGet(43)) - raft.server.write.element-limit = 4096 (default)
2019-07-13 10:44:40,183 INFO  server.RaftServerConfigKeys (ConfUtils.java:logGet(43)) - raft.server.watch.timeout = 10s (default)
2019-07-13 10:44:40,183 INFO  server.RaftServerConfigKeys (ConfUtils.java:logGet(43)) - raft.server.watch.timeout.denomination = 1s (default)
2019-07-13 10:44:40,183 INFO  server.RaftServerConfigKeys (ConfUtils.java:logGet(43)) - raft.server.watch.element-limit = 65536 (default)
2019-07-13 10:44:40,183 INFO  impl.RoleInfo (RoleInfo.java:updateAndGet(143)) - 889ac0db-9bf5-474c-a7b0-2697cc859952: start LeaderState
2019-07-13 10:44:40,184 INFO  segmented.SegmentedRaftLogWorker (SegmentedRaftLogWorker.java:startLogSegment(380)) - 889ac0db-9bf5-474c-a7b0-2697cc859952-SegmentedRaftLogWorker:Storage Directory /tmp/workdir/hadoop-ozone/integration-test/target/test-dir/MiniOzoneClusterImpl-8ae1f3ed-f636-4fe8-bd46-95e90032052b/datanode-6/data/ratis/8ddaf1a2-3b18-4e09-bc46-a08e5b8f3772: Starting segment from index:0
2019-07-13 10:44:40,184 INFO  impl.RaftServerImpl (ServerState.java:setRaftConf(361)) - 889ac0db-9bf5-474c-a7b0-2697cc859952:group-A08E5B8F3772 set configuration 0: [889ac0db-9bf5-474c-a7b0-2697cc859952:192.168.157.218:37300], old=null at 0
2019-07-13 10:44:40,228 INFO  segmented.SegmentedRaftLogWorker (SegmentedRaftLogWorker.java:execute(569)) - 889ac0db-9bf5-474c-a7b0-2697cc859952-SegmentedRaftLogWorker:Storage Directory /tmp/workdir/hadoop-ozone/integration-test/target/test-dir/MiniOzoneClusterImpl-8ae1f3ed-f636-4fe8-bd46-95e90032052b/datanode-6/data/ratis/8ddaf1a2-3b18-4e09-bc46-a08e5b8f3772: created new log segment /tmp/workdir/hadoop-ozone/integration-test/target/test-dir/MiniOzoneClusterImpl-8ae1f3ed-f636-4fe8-bd46-95e90032052b/datanode-6/data/ratis/8ddaf1a2-3b18-4e09-bc46-a08e5b8f3772/current/log_inprogress_0
2019-07-13 10:44:40,261 INFO  impl.FollowerState (FollowerState.java:run(106)) - 3a9b3501-43b1-4d2d-9cf4-22f207f1f00a:group-A3AE366C0D69 changes to CANDIDATE, lastRpcTime:5071, electionTimeout:5071ms
2019-07-13 10:44:40,261 INFO  impl.RoleInfo (RoleInfo.java:shutdownFollowerState(121)) - 3a9b3501-43b1-4d2d-9cf4-22f207f1f00a: shutdown FollowerState
2019-07-13 10:44:40,261 INFO  impl.RaftServerImpl (RaftServerImpl.java:setRole(171)) - 3a9b3501-43b1-4d2d-9cf4-22f207f1f00a:group-A3AE366C0D69 changes role from FOLLOWER to CANDIDATE at term 0 for changeToCandidate
2019-07-13 10:44:40,261 INFO  impl.RoleInfo (RoleInfo.java:updateAndGet(143)) - 3a9b3501-43b1-4d2d-9cf4-22f207f1f00a: start LeaderElection
2019-07-13 10:44:40,281 INFO  impl.LeaderElection (LeaderElection.java:askForVotes(181)) - 3a9b3501-43b1-4d2d-9cf4-22f207f1f00a:group-A3AE366C0D69:LeaderElection6: begin an election at term 1 for -1: [3a9b3501-43b1-4d2d-9cf4-22f207f1f00a:192.168.157.218:39231], old=null
2019-07-13 10:44:40,290 INFO  impl.RoleInfo (RoleInfo.java:shutdownLeaderElection(134)) - 3a9b3501-43b1-4d2d-9cf4-22f207f1f00a: shutdown LeaderElection
2019-07-13 10:44:40,290 INFO  impl.RaftServerImpl (RaftServerImpl.java:setRole(171)) - 3a9b3501-43b1-4d2d-9cf4-22f207f1f00a:group-A3AE366C0D69 changes role from CANDIDATE to LEADER at term 1 for changeToLeader
2019-07-13 10:44:40,291 INFO  impl.RaftServerImpl (ServerState.java:setLeader(263)) - 3a9b3501-43b1-4d2d-9cf4-22f207f1f00a:group-A3AE366C0D69 change Leader from null to 3a9b3501-43b1-4d2d-9cf4-22f207f1f00a at term 1 for becomeLeader, leader elected after 5106ms
2019-07-13 10:44:40,293 INFO  server.RaftServerConfigKeys (ConfUtils.java:logGet(43)) - raft.server.staging.catchup.gap = 1000 (default)
2019-07-13 10:44:40,293 INFO  server.RaftServerConfigKeys (ConfUtils.java:logGet(43)) - raft.server.rpc.sleep.time = 25ms (default)
2019-07-13 10:44:40,293 INFO  server.RaftServerConfigKeys (ConfUtils.java:logGet(43)) - raft.server.write.element-limit = 4096 (default)
2019-07-13 10:44:40,294 INFO  server.RaftServerConfigKeys (ConfUtils.java:logGet(43)) - raft.server.watch.timeout = 10s (default)
2019-07-13 10:44:40,294 INFO  server.RaftServerConfigKeys (ConfUtils.java:logGet(43)) - raft.server.watch.timeout.denomination = 1s (default)
2019-07-13 10:44:40,294 INFO  server.RaftServerConfigKeys (ConfUtils.java:logGet(43)) - raft.server.watch.element-limit = 65536 (default)
2019-07-13 10:44:40,294 INFO  impl.RoleInfo (RoleInfo.java:updateAndGet(143)) - 3a9b3501-43b1-4d2d-9cf4-22f207f1f00a: start LeaderState
2019-07-13 10:44:40,295 INFO  segmented.SegmentedRaftLogWorker (SegmentedRaftLogWorker.java:startLogSegment(380)) - 3a9b3501-43b1-4d2d-9cf4-22f207f1f00a-SegmentedRaftLogWorker:Storage Directory /tmp/workdir/hadoop-ozone/integration-test/target/test-dir/MiniOzoneClusterImpl-8ae1f3ed-f636-4fe8-bd46-95e90032052b/datanode-2/data/ratis/eb8f9704-699c-4b98-a73b-a3ae366c0d69: Starting segment from index:0
2019-07-13 10:44:40,295 INFO  impl.RaftServerImpl (ServerState.java:setRaftConf(361)) - 3a9b3501-43b1-4d2d-9cf4-22f207f1f00a:group-A3AE366C0D69 set configuration 0: [3a9b3501-43b1-4d2d-9cf4-22f207f1f00a:192.168.157.218:39231], old=null at 0
2019-07-13 10:44:40,317 INFO  impl.FollowerState (FollowerState.java:run(106)) - c6de40fd-c0d5-459c-ac64-ecd6486e174f:group-D86E0AEFD4D4 changes to CANDIDATE, lastRpcTime:5198, electionTimeout:5191ms
2019-07-13 10:44:40,319 INFO  impl.RoleInfo (RoleInfo.java:shutdownFollowerState(121)) - c6de40fd-c0d5-459c-ac64-ecd6486e174f: shutdown FollowerState
2019-07-13 10:44:40,319 INFO  impl.RaftServerImpl (RaftServerImpl.java:setRole(171)) - c6de40fd-c0d5-459c-ac64-ecd6486e174f:group-D86E0AEFD4D4 changes role from FOLLOWER to CANDIDATE at term 0 for changeToCandidate
2019-07-13 10:44:40,320 INFO  impl.RoleInfo (RoleInfo.java:updateAndGet(143)) - c6de40fd-c0d5-459c-ac64-ecd6486e174f: start LeaderElection
2019-07-13 10:44:40,344 INFO  segmented.SegmentedRaftLogWorker (SegmentedRaftLogWorker.java:execute(569)) - 3a9b3501-43b1-4d2d-9cf4-22f207f1f00a-SegmentedRaftLogWorker:Storage Directory /tmp/workdir/hadoop-ozone/integration-test/target/test-dir/MiniOzoneClusterImpl-8ae1f3ed-f636-4fe8-bd46-95e90032052b/datanode-2/data/ratis/eb8f9704-699c-4b98-a73b-a3ae366c0d69: created new log segment /tmp/workdir/hadoop-ozone/integration-test/target/test-dir/MiniOzoneClusterImpl-8ae1f3ed-f636-4fe8-bd46-95e90032052b/datanode-2/data/ratis/eb8f9704-699c-4b98-a73b-a3ae366c0d69/current/log_inprogress_0
2019-07-13 10:44:40,344 INFO  impl.LeaderElection (LeaderElection.java:askForVotes(181)) - c6de40fd-c0d5-459c-ac64-ecd6486e174f:group-D86E0AEFD4D4:LeaderElection7: begin an election at term 1 for -1: [c6de40fd-c0d5-459c-ac64-ecd6486e174f:192.168.157.218:42080], old=null
2019-07-13 10:44:40,345 INFO  impl.RoleInfo (RoleInfo.java:shutdownLeaderElection(134)) - c6de40fd-c0d5-459c-ac64-ecd6486e174f: shutdown LeaderElection
2019-07-13 10:44:40,345 INFO  impl.RaftServerImpl (RaftServerImpl.java:setRole(171)) - c6de40fd-c0d5-459c-ac64-ecd6486e174f:group-D86E0AEFD4D4 changes role from CANDIDATE to LEADER at term 1 for changeToLeader
2019-07-13 10:44:40,345 INFO  impl.RaftServerImpl (ServerState.java:setLeader(263)) - c6de40fd-c0d5-459c-ac64-ecd6486e174f:group-D86E0AEFD4D4 change Leader from null to c6de40fd-c0d5-459c-ac64-ecd6486e174f at term 1 for becomeLeader, leader elected after 5231ms
2019-07-13 10:44:40,347 INFO  server.RaftServerConfigKeys (ConfUtils.java:logGet(43)) - raft.server.staging.catchup.gap = 1000 (default)
2019-07-13 10:44:40,347 INFO  server.RaftServerConfigKeys (ConfUtils.java:logGet(43)) - raft.server.rpc.sleep.time = 25ms (default)
2019-07-13 10:44:40,347 INFO  server.RaftServerConfigKeys (ConfUtils.java:logGet(43)) - raft.server.write.element-limit = 4096 (default)
2019-07-13 10:44:40,347 INFO  server.RaftServerConfigKeys (ConfUtils.java:logGet(43)) - raft.server.watch.timeout = 10s (default)
2019-07-13 10:44:40,348 INFO  server.RaftServerConfigKeys (ConfUtils.java:logGet(43)) - raft.server.watch.timeout.denomination = 1s (default)
2019-07-13 10:44:40,348 INFO  server.RaftServerConfigKeys (ConfUtils.java:logGet(43)) - raft.server.watch.element-limit = 65536 (default)
2019-07-13 10:44:40,348 INFO  impl.RoleInfo (RoleInfo.java:updateAndGet(143)) - c6de40fd-c0d5-459c-ac64-ecd6486e174f: start LeaderState
2019-07-13 10:44:40,348 INFO  segmented.SegmentedRaftLogWorker (SegmentedRaftLogWorker.java:startLogSegment(380)) - c6de40fd-c0d5-459c-ac64-ecd6486e174f-SegmentedRaftLogWorker:Storage Directory /tmp/workdir/hadoop-ozone/integration-test/target/test-dir/MiniOzoneClusterImpl-8ae1f3ed-f636-4fe8-bd46-95e90032052b/datanode-4/data/ratis/0479cf50-0a88-46a4-800a-d86e0aefd4d4: Starting segment from index:0
2019-07-13 10:44:40,349 INFO  impl.RaftServerImpl (ServerState.java:setRaftConf(361)) - c6de40fd-c0d5-459c-ac64-ecd6486e174f:group-D86E0AEFD4D4 set configuration 0: [c6de40fd-c0d5-459c-ac64-ecd6486e174f:192.168.157.218:42080], old=null at 0
2019-07-13 10:44:40,370 INFO  impl.FollowerState (FollowerState.java:run(106)) - 84ac706b-562b-4a88-88e3-dc4f71f227fd:group-471A24C48C11 changes to CANDIDATE, lastRpcTime:5044, electionTimeout:5042ms
2019-07-13 10:44:40,372 INFO  impl.RoleInfo (RoleInfo.java:shutdownFollowerState(121)) - 84ac706b-562b-4a88-88e3-dc4f71f227fd: shutdown FollowerState
2019-07-13 10:44:40,372 INFO  impl.RaftServerImpl (RaftServerImpl.java:setRole(171)) - 84ac706b-562b-4a88-88e3-dc4f71f227fd:group-471A24C48C11 changes role from FOLLOWER to CANDIDATE at term 0 for changeToCandidate
2019-07-13 10:44:40,372 INFO  impl.FollowerState (FollowerState.java:run(106)) - ff287178-824c-4f15-982f-9bcabf7bd324:group-471A24C48C11 changes to CANDIDATE, lastRpcTime:5043, electionTimeout:5041ms
2019-07-13 10:44:40,373 INFO  impl.RoleInfo (RoleInfo.java:updateAndGet(143)) - 84ac706b-562b-4a88-88e3-dc4f71f227fd: start LeaderElection
2019-07-13 10:44:40,373 INFO  impl.RoleInfo (RoleInfo.java:shutdownFollowerState(121)) - ff287178-824c-4f15-982f-9bcabf7bd324: shutdown FollowerState
2019-07-13 10:44:40,373 INFO  impl.RaftServerImpl (RaftServerImpl.java:setRole(171)) - ff287178-824c-4f15-982f-9bcabf7bd324:group-471A24C48C11 changes role from FOLLOWER to CANDIDATE at term 0 for changeToCandidate
2019-07-13 10:44:40,379 INFO  impl.RoleInfo (RoleInfo.java:updateAndGet(143)) - ff287178-824c-4f15-982f-9bcabf7bd324: start LeaderElection
2019-07-13 10:44:40,394 INFO  segmented.SegmentedRaftLogWorker (SegmentedRaftLogWorker.java:execute(569)) - c6de40fd-c0d5-459c-ac64-ecd6486e174f-SegmentedRaftLogWorker:Storage Directory /tmp/workdir/hadoop-ozone/integration-test/target/test-dir/MiniOzoneClusterImpl-8ae1f3ed-f636-4fe8-bd46-95e90032052b/datanode-4/data/ratis/0479cf50-0a88-46a4-800a-d86e0aefd4d4: created new log segment /tmp/workdir/hadoop-ozone/integration-test/target/test-dir/MiniOzoneClusterImpl-8ae1f3ed-f636-4fe8-bd46-95e90032052b/datanode-4/data/ratis/0479cf50-0a88-46a4-800a-d86e0aefd4d4/current/log_inprogress_0
2019-07-13 10:44:40,406 INFO  impl.LeaderElection (LeaderElection.java:askForVotes(181)) - ff287178-824c-4f15-982f-9bcabf7bd324:group-471A24C48C11:LeaderElection9: begin an election at term 1 for -1: [84ac706b-562b-4a88-88e3-dc4f71f227fd:192.168.157.218:36301, ff287178-824c-4f15-982f-9bcabf7bd324:192.168.157.218:34901, cbcdb08f-5faf-40a3-8d20-afd8283bb5b5:192.168.157.218:43585], old=null
2019-07-13 10:44:40,406 INFO  impl.LeaderElection (LeaderElection.java:askForVotes(181)) - 84ac706b-562b-4a88-88e3-dc4f71f227fd:group-471A24C48C11:LeaderElection8: begin an election at term 1 for -1: [84ac706b-562b-4a88-88e3-dc4f71f227fd:192.168.157.218:36301, ff287178-824c-4f15-982f-9bcabf7bd324:192.168.157.218:34901, cbcdb08f-5faf-40a3-8d20-afd8283bb5b5:192.168.157.218:43585], old=null
2019-07-13 10:44:40,453 INFO  impl.RaftServerImpl (RaftServerImpl.java:setRole(171)) - cbcdb08f-5faf-40a3-8d20-afd8283bb5b5:group-471A24C48C11 changes role from FOLLOWER to FOLLOWER at term 1 for recognizeCandidate:ff287178-824c-4f15-982f-9bcabf7bd324
2019-07-13 10:44:40,453 INFO  impl.RoleInfo (RoleInfo.java:shutdownFollowerState(121)) - cbcdb08f-5faf-40a3-8d20-afd8283bb5b5: shutdown FollowerState
2019-07-13 10:44:40,454 INFO  impl.RoleInfo (RoleInfo.java:updateAndGet(143)) - cbcdb08f-5faf-40a3-8d20-afd8283bb5b5: start FollowerState
2019-07-13 10:44:40,454 INFO  impl.FollowerState (FollowerState.java:run(114)) - cbcdb08f-5faf-40a3-8d20-afd8283bb5b5: FollowerState was interrupted: java.lang.InterruptedException: sleep interrupted
2019-07-13 10:44:40,493 INFO  impl.FollowerState (FollowerState.java:run(106)) - 8a80f6fc-3c24-4f04-a461-84ff206cd4f5:group-68FD2DDB45A8 changes to CANDIDATE, lastRpcTime:5026, electionTimeout:5019ms
2019-07-13 10:44:40,494 INFO  impl.RoleInfo (RoleInfo.java:shutdownFollowerState(121)) - 8a80f6fc-3c24-4f04-a461-84ff206cd4f5: shutdown FollowerState
2019-07-13 10:44:40,494 INFO  impl.RaftServerImpl (RaftServerImpl.java:setRole(171)) - 8a80f6fc-3c24-4f04-a461-84ff206cd4f5:group-68FD2DDB45A8 changes role from FOLLOWER to CANDIDATE at term 0 for changeToCandidate
2019-07-13 10:44:40,494 INFO  impl.RoleInfo (RoleInfo.java:updateAndGet(143)) - 8a80f6fc-3c24-4f04-a461-84ff206cd4f5: start LeaderElection
2019-07-13 10:44:40,500 INFO  impl.LeaderElection (LeaderElection.java:logAndReturn(56)) - 84ac706b-562b-4a88-88e3-dc4f71f227fd:group-471A24C48C11:LeaderElection8: Election REJECTED; received 2 response(s) [84ac706b-562b-4a88-88e3-dc4f71f227fd<-ff287178-824c-4f15-982f-9bcabf7bd324#0:FAIL-t1, 84ac706b-562b-4a88-88e3-dc4f71f227fd<-cbcdb08f-5faf-40a3-8d20-afd8283bb5b5#0:FAIL-t1] and 0 exception(s); 84ac706b-562b-4a88-88e3-dc4f71f227fd:t1, leader=null, voted=84ac706b-562b-4a88-88e3-dc4f71f227fd, raftlog=84ac706b-562b-4a88-88e3-dc4f71f227fd-SegmentedRaftLog:OPENED:c-1,f-1,i0, conf=-1: [84ac706b-562b-4a88-88e3-dc4f71f227fd:192.168.157.218:36301, ff287178-824c-4f15-982f-9bcabf7bd324:192.168.157.218:34901, cbcdb08f-5faf-40a3-8d20-afd8283bb5b5:192.168.157.218:43585], old=null
2019-07-13 10:44:40,500 INFO  impl.LeaderElection (LeaderElection.java:logAndReturn(56)) - ff287178-824c-4f15-982f-9bcabf7bd324:group-471A24C48C11:LeaderElection9: Election PASSED; received 2 response(s) [ff287178-824c-4f15-982f-9bcabf7bd324<-84ac706b-562b-4a88-88e3-dc4f71f227fd#0:FAIL-t1, ff287178-824c-4f15-982f-9bcabf7bd324<-cbcdb08f-5faf-40a3-8d20-afd8283bb5b5#0:OK-t1] and 0 exception(s); ff287178-824c-4f15-982f-9bcabf7bd324:t1, leader=null, voted=ff287178-824c-4f15-982f-9bcabf7bd324, raftlog=ff287178-824c-4f15-982f-9bcabf7bd324-SegmentedRaftLog:OPENED:c-1,f-1,i0, conf=-1: [84ac706b-562b-4a88-88e3-dc4f71f227fd:192.168.157.218:36301, ff287178-824c-4f15-982f-9bcabf7bd324:192.168.157.218:34901, cbcdb08f-5faf-40a3-8d20-afd8283bb5b5:192.168.157.218:43585], old=null
2019-07-13 10:44:40,501 INFO  impl.RoleInfo (RoleInfo.java:shutdownLeaderElection(134)) - ff287178-824c-4f15-982f-9bcabf7bd324: shutdown LeaderElection
2019-07-13 10:44:40,501 INFO  impl.RaftServerImpl (RaftServerImpl.java:setRole(171)) - 84ac706b-562b-4a88-88e3-dc4f71f227fd:group-471A24C48C11 changes role from CANDIDATE to FOLLOWER at term 1 for DISCOVERED_A_NEW_TERM
2019-07-13 10:44:40,503 INFO  impl.FollowerState (FollowerState.java:run(106)) - c6de40fd-c0d5-459c-ac64-ecd6486e174f:group-68FD2DDB45A8 changes to CANDIDATE, lastRpcTime:5036, electionTimeout:5035ms
2019-07-13 10:44:40,501 INFO  impl.RaftServerImpl (RaftServerImpl.java:setRole(171)) - ff287178-824c-4f15-982f-9bcabf7bd324:group-471A24C48C11 changes role from CANDIDATE to LEADER at term 1 for changeToLeader
2019-07-13 10:44:40,507 INFO  impl.RoleInfo (RoleInfo.java:shutdownFollowerState(121)) - c6de40fd-c0d5-459c-ac64-ecd6486e174f: shutdown FollowerState
2019-07-13 10:44:40,503 INFO  impl.RoleInfo (RoleInfo.java:shutdownLeaderElection(134)) - 84ac706b-562b-4a88-88e3-dc4f71f227fd: shutdown LeaderElection
2019-07-13 10:44:40,512 INFO  impl.RaftServerImpl (RaftServerImpl.java:setRole(171)) - c6de40fd-c0d5-459c-ac64-ecd6486e174f:group-68FD2DDB45A8 changes role from FOLLOWER to CANDIDATE at term 0 for changeToCandidate
2019-07-13 10:44:40,512 INFO  impl.RoleInfo (RoleInfo.java:updateAndGet(143)) - 84ac706b-562b-4a88-88e3-dc4f71f227fd: start FollowerState
2019-07-13 10:44:40,513 INFO  impl.RoleInfo (RoleInfo.java:updateAndGet(143)) - c6de40fd-c0d5-459c-ac64-ecd6486e174f: start LeaderElection
2019-07-13 10:44:40,512 INFO  impl.RaftServerImpl (ServerState.java:setLeader(263)) - ff287178-824c-4f15-982f-9bcabf7bd324:group-471A24C48C11 change Leader from null to ff287178-824c-4f15-982f-9bcabf7bd324 at term 1 for becomeLeader, leader elected after 5202ms
2019-07-13 10:44:40,513 INFO  server.RaftServerConfigKeys (ConfUtils.java:logGet(43)) - raft.server.staging.catchup.gap = 1000 (default)
2019-07-13 10:44:40,519 INFO  server.RaftServerConfigKeys (ConfUtils.java:logGet(43)) - raft.server.rpc.sleep.time = 25ms (default)
2019-07-13 10:44:40,519 INFO  impl.LeaderElection (LeaderElection.java:askForVotes(181)) - 8a80f6fc-3c24-4f04-a461-84ff206cd4f5:group-68FD2DDB45A8:LeaderElection10: begin an election at term 1 for -1: [8a80f6fc-3c24-4f04-a461-84ff206cd4f5:192.168.157.218:42783, c6de40fd-c0d5-459c-ac64-ecd6486e174f:192.168.157.218:42080, 889ac0db-9bf5-474c-a7b0-2697cc859952:192.168.157.218:37300], old=null
2019-07-13 10:44:40,519 INFO  server.RaftServerConfigKeys (ConfUtils.java:logGet(43)) - raft.server.write.element-limit = 4096 (default)
2019-07-13 10:44:40,520 INFO  server.RaftServerConfigKeys (ConfUtils.java:logGet(43)) - raft.server.watch.timeout = 10s (default)
2019-07-13 10:44:40,520 INFO  server.RaftServerConfigKeys (ConfUtils.java:logGet(43)) - raft.server.watch.timeout.denomination = 1s (default)
2019-07-13 10:44:40,520 INFO  server.RaftServerConfigKeys (ConfUtils.java:logGet(43)) - raft.server.watch.element-limit = 65536 (default)
2019-07-13 10:44:40,526 INFO  server.RaftServerConfigKeys (ConfUtils.java:logGet(43)) - raft.server.log.appender.snapshot.chunk.size.max = 16MB (=16777216) (default)
2019-07-13 10:44:40,526 INFO  server.RaftServerConfigKeys (ConfUtils.java:logGet(43)) - raft.server.log.appender.buffer.byte-limit = 33554432 (custom)
2019-07-13 10:44:40,527 INFO  server.RaftServerConfigKeys (ConfUtils.java:logGet(43)) - raft.server.log.appender.buffer.element-limit = 1 (custom)
2019-07-13 10:44:40,537 INFO  impl.FollowerState (FollowerState.java:run(106)) - 889ac0db-9bf5-474c-a7b0-2697cc859952:group-68FD2DDB45A8 changes to CANDIDATE, lastRpcTime:5072, electionTimeout:5067ms
2019-07-13 10:44:40,538 INFO  impl.RoleInfo (RoleInfo.java:shutdownFollowerState(121)) - 889ac0db-9bf5-474c-a7b0-2697cc859952: shutdown FollowerState
2019-07-13 10:44:40,538 INFO  impl.LeaderElection (LeaderElection.java:askForVotes(181)) - c6de40fd-c0d5-459c-ac64-ecd6486e174f:group-68FD2DDB45A8:LeaderElection11: begin an election at term 1 for -1: [8a80f6fc-3c24-4f04-a461-84ff206cd4f5:192.168.157.218:42783, c6de40fd-c0d5-459c-ac64-ecd6486e174f:192.168.157.218:42080, 889ac0db-9bf5-474c-a7b0-2697cc859952:192.168.157.218:37300], old=null
2019-07-13 10:44:40,538 INFO  impl.RaftServerImpl (RaftServerImpl.java:setRole(171)) - 889ac0db-9bf5-474c-a7b0-2697cc859952:group-68FD2DDB45A8 changes role from FOLLOWER to CANDIDATE at term 0 for changeToCandidate
2019-07-13 10:44:40,541 INFO  impl.RoleInfo (RoleInfo.java:updateAndGet(143)) - 889ac0db-9bf5-474c-a7b0-2697cc859952: start LeaderElection
2019-07-13 10:44:40,541 INFO  impl.RaftServerImpl (RaftServerImpl.java:setRole(171)) - 889ac0db-9bf5-474c-a7b0-2697cc859952:group-68FD2DDB45A8 changes role from CANDIDATE to FOLLOWER at term 1 for recognizeCandidate:8a80f6fc-3c24-4f04-a461-84ff206cd4f5
2019-07-13 10:44:40,544 INFO  grpc.GrpcConfigKeys$Server (ConfUtils.java:logGet(43)) - raft.grpc.server.leader.outstanding.appends.max = 128 (default)
2019-07-13 10:44:40,546 INFO  impl.RoleInfo (RoleInfo.java:shutdownLeaderElection(134)) - 889ac0db-9bf5-474c-a7b0-2697cc859952: shutdown LeaderElection
2019-07-13 10:44:40,549 INFO  server.RaftServerConfigKeys (ConfUtils.java:logGet(43)) - raft.server.rpc.request.timeout = 3000ms (default)
2019-07-13 10:44:40,551 INFO  impl.RoleInfo (RoleInfo.java:updateAndGet(143)) - 889ac0db-9bf5-474c-a7b0-2697cc859952: start FollowerState
2019-07-13 10:44:40,553 INFO  server.RaftServerConfigKeys (ConfUtils.java:logGet(43)) - raft.server.log.appender.install.snapshot.enabled = false (custom)
2019-07-13 10:44:40,554 INFO  server.RaftServerConfigKeys (ConfUtils.java:logGet(43)) - raft.server.log.appender.snapshot.chunk.size.max = 16MB (=16777216) (default)
2019-07-13 10:44:40,555 INFO  server.RaftServerConfigKeys (ConfUtils.java:logGet(43)) - raft.server.log.appender.buffer.byte-limit = 33554432 (custom)
2019-07-13 10:44:40,555 INFO  server.RaftServerConfigKeys (ConfUtils.java:logGet(43)) - raft.server.log.appender.buffer.element-limit = 1 (custom)
2019-07-13 10:44:40,555 INFO  grpc.GrpcConfigKeys$Server (ConfUtils.java:logGet(43)) - raft.grpc.server.leader.outstanding.appends.max = 128 (default)
2019-07-13 10:44:40,555 INFO  server.RaftServerConfigKeys (ConfUtils.java:logGet(43)) - raft.server.rpc.request.timeout = 3000ms (default)
2019-07-13 10:44:40,556 INFO  server.RaftServerConfigKeys (ConfUtils.java:logGet(43)) - raft.server.log.appender.install.snapshot.enabled = false (custom)
2019-07-13 10:44:40,557 INFO  impl.RoleInfo (RoleInfo.java:updateAndGet(143)) - ff287178-824c-4f15-982f-9bcabf7bd324: start LeaderState
2019-07-13 10:44:40,558 INFO  segmented.SegmentedRaftLogWorker (SegmentedRaftLogWorker.java:startLogSegment(380)) - ff287178-824c-4f15-982f-9bcabf7bd324-SegmentedRaftLogWorker:Storage Directory /tmp/workdir/hadoop-ozone/integration-test/target/test-dir/MiniOzoneClusterImpl-8ae1f3ed-f636-4fe8-bd46-95e90032052b/datanode-5/data/ratis/cdcdeb3c-9a5c-431b-949f-471a24c48c11: Starting segment from index:0
2019-07-13 10:44:40,580 INFO  impl.RaftServerImpl (ServerState.java:setRaftConf(361)) - ff287178-824c-4f15-982f-9bcabf7bd324:group-471A24C48C11 set configuration 0: [84ac706b-562b-4a88-88e3-dc4f71f227fd:192.168.157.218:36301, ff287178-824c-4f15-982f-9bcabf7bd324:192.168.157.218:34901, cbcdb08f-5faf-40a3-8d20-afd8283bb5b5:192.168.157.218:43585], old=null at 0
2019-07-13 10:44:40,589 INFO  impl.LeaderElection (LeaderElection.java:logAndReturn(56)) - 8a80f6fc-3c24-4f04-a461-84ff206cd4f5:group-68FD2DDB45A8:LeaderElection10: Election REJECTED; received 2 response(s) [8a80f6fc-3c24-4f04-a461-84ff206cd4f5<-c6de40fd-c0d5-459c-ac64-ecd6486e174f#0:FAIL-t1, 8a80f6fc-3c24-4f04-a461-84ff206cd4f5<-889ac0db-9bf5-474c-a7b0-2697cc859952#0:FAIL-t1] and 0 exception(s); 8a80f6fc-3c24-4f04-a461-84ff206cd4f5:t1, leader=null, voted=8a80f6fc-3c24-4f04-a461-84ff206cd4f5, raftlog=8a80f6fc-3c24-4f04-a461-84ff206cd4f5-SegmentedRaftLog:OPENED:c-1,f-1,i0, conf=-1: [8a80f6fc-3c24-4f04-a461-84ff206cd4f5:192.168.157.218:42783, c6de40fd-c0d5-459c-ac64-ecd6486e174f:192.168.157.218:42080, 889ac0db-9bf5-474c-a7b0-2697cc859952:192.168.157.218:37300], old=null
2019-07-13 10:44:40,593 INFO  impl.RaftServerImpl (RaftServerImpl.java:setRole(171)) - 8a80f6fc-3c24-4f04-a461-84ff206cd4f5:group-68FD2DDB45A8 changes role from CANDIDATE to FOLLOWER at term 1 for DISCOVERED_A_NEW_TERM
2019-07-13 10:44:40,596 INFO  impl.RoleInfo (RoleInfo.java:shutdownLeaderElection(134)) - 8a80f6fc-3c24-4f04-a461-84ff206cd4f5: shutdown LeaderElection
2019-07-13 10:44:40,596 INFO  impl.RoleInfo (RoleInfo.java:updateAndGet(143)) - 8a80f6fc-3c24-4f04-a461-84ff206cd4f5: start FollowerState
2019-07-13 10:44:40,603 INFO  segmented.SegmentedRaftLogWorker (SegmentedRaftLogWorker.java:execute(569)) - ff287178-824c-4f15-982f-9bcabf7bd324-SegmentedRaftLogWorker:Storage Directory /tmp/workdir/hadoop-ozone/integration-test/target/test-dir/MiniOzoneClusterImpl-8ae1f3ed-f636-4fe8-bd46-95e90032052b/datanode-5/data/ratis/cdcdeb3c-9a5c-431b-949f-471a24c48c11: created new log segment /tmp/workdir/hadoop-ozone/integration-test/target/test-dir/MiniOzoneClusterImpl-8ae1f3ed-f636-4fe8-bd46-95e90032052b/datanode-5/data/ratis/cdcdeb3c-9a5c-431b-949f-471a24c48c11/current/log_inprogress_0
2019-07-13 10:44:40,605 INFO  impl.LeaderElection (LeaderElection.java:askForVotes(181)) - 889ac0db-9bf5-474c-a7b0-2697cc859952:group-68FD2DDB45A8:LeaderElection12: begin an election at term 2 for -1: [8a80f6fc-3c24-4f04-a461-84ff206cd4f5:192.168.157.218:42783, c6de40fd-c0d5-459c-ac64-ecd6486e174f:192.168.157.218:42080, 889ac0db-9bf5-474c-a7b0-2697cc859952:192.168.157.218:37300], old=null
2019-07-13 10:44:40,606 INFO  impl.LeaderElection (LeaderElection.java:logAndReturn(56)) - 889ac0db-9bf5-474c-a7b0-2697cc859952:group-68FD2DDB45A8:LeaderElection12: Election REJECTED; received 0 response(s) [] and 0 exception(s); 889ac0db-9bf5-474c-a7b0-2697cc859952:t2, leader=null, voted=889ac0db-9bf5-474c-a7b0-2697cc859952, raftlog=889ac0db-9bf5-474c-a7b0-2697cc859952-SegmentedRaftLog:OPENED:c-1,f-1,i0, conf=-1: [8a80f6fc-3c24-4f04-a461-84ff206cd4f5:192.168.157.218:42783, c6de40fd-c0d5-459c-ac64-ecd6486e174f:192.168.157.218:42080, 889ac0db-9bf5-474c-a7b0-2697cc859952:192.168.157.218:37300], old=null
2019-07-13 10:44:40,619 INFO  impl.LeaderElection (LeaderElection.java:logAndReturn(56)) - c6de40fd-c0d5-459c-ac64-ecd6486e174f:group-68FD2DDB45A8:LeaderElection11: Election DISCOVERED_A_NEW_TERM; received 2 response(s) [c6de40fd-c0d5-459c-ac64-ecd6486e174f<-8a80f6fc-3c24-4f04-a461-84ff206cd4f5#0:FAIL-t1, c6de40fd-c0d5-459c-ac64-ecd6486e174f<-889ac0db-9bf5-474c-a7b0-2697cc859952#0:FAIL-t2] and 0 exception(s); c6de40fd-c0d5-459c-ac64-ecd6486e174f:t1, leader=null, voted=c6de40fd-c0d5-459c-ac64-ecd6486e174f, raftlog=c6de40fd-c0d5-459c-ac64-ecd6486e174f-SegmentedRaftLog:OPENED:c-1,f-1,i0, conf=-1: [8a80f6fc-3c24-4f04-a461-84ff206cd4f5:192.168.157.218:42783, c6de40fd-c0d5-459c-ac64-ecd6486e174f:192.168.157.218:42080, 889ac0db-9bf5-474c-a7b0-2697cc859952:192.168.157.218:37300], old=null
2019-07-13 10:44:40,622 INFO  impl.RaftServerImpl (RaftServerImpl.java:setRole(171)) - c6de40fd-c0d5-459c-ac64-ecd6486e174f:group-68FD2DDB45A8 changes role from CANDIDATE to FOLLOWER at term 2 for DISCOVERED_A_NEW_TERM
2019-07-13 10:44:40,622 INFO  impl.RoleInfo (RoleInfo.java:shutdownLeaderElection(134)) - c6de40fd-c0d5-459c-ac64-ecd6486e174f: shutdown LeaderElection
2019-07-13 10:44:40,626 INFO  impl.RoleInfo (RoleInfo.java:updateAndGet(143)) - c6de40fd-c0d5-459c-ac64-ecd6486e174f: start FollowerState
2019-07-13 10:44:40,633 INFO  impl.RaftServerImpl (RaftServerImpl.java:setRole(171)) - 8a80f6fc-3c24-4f04-a461-84ff206cd4f5:group-68FD2DDB45A8 changes role from FOLLOWER to FOLLOWER at term 2 for recognizeCandidate:889ac0db-9bf5-474c-a7b0-2697cc859952
2019-07-13 10:44:40,635 INFO  impl.RoleInfo (RoleInfo.java:shutdownFollowerState(121)) - 8a80f6fc-3c24-4f04-a461-84ff206cd4f5: shutdown FollowerState
2019-07-13 10:44:40,635 INFO  impl.RoleInfo (RoleInfo.java:updateAndGet(143)) - 8a80f6fc-3c24-4f04-a461-84ff206cd4f5: start FollowerState
2019-07-13 10:44:40,635 INFO  impl.FollowerState (FollowerState.java:run(114)) - 8a80f6fc-3c24-4f04-a461-84ff206cd4f5: FollowerState was interrupted: java.lang.InterruptedException: sleep interrupted
2019-07-13 10:44:40,652 INFO  impl.RaftServerImpl (ServerState.java:setLeader(263)) - 84ac706b-562b-4a88-88e3-dc4f71f227fd:group-471A24C48C11 change Leader from null to ff287178-824c-4f15-982f-9bcabf7bd324 at term 1 for appendEntries, leader elected after 5341ms
2019-07-13 10:44:40,653 INFO  impl.RaftServerImpl (ServerState.java:setLeader(263)) - cbcdb08f-5faf-40a3-8d20-afd8283bb5b5:group-471A24C48C11 change Leader from null to ff287178-824c-4f15-982f-9bcabf7bd324 at term 1 for appendEntries, leader elected after 5342ms
2019-07-13 10:44:40,655 INFO  impl.RaftServerImpl (RaftServerImpl.java:setRole(171)) - c6de40fd-c0d5-459c-ac64-ecd6486e174f:group-68FD2DDB45A8 changes role from FOLLOWER to FOLLOWER at term 2 for recognizeCandidate:889ac0db-9bf5-474c-a7b0-2697cc859952
2019-07-13 10:44:40,655 INFO  impl.RoleInfo (RoleInfo.java:shutdownFollowerState(121)) - c6de40fd-c0d5-459c-ac64-ecd6486e174f: shutdown FollowerState
2019-07-13 10:44:40,655 INFO  impl.RoleInfo (RoleInfo.java:updateAndGet(143)) - c6de40fd-c0d5-459c-ac64-ecd6486e174f: start FollowerState
2019-07-13 10:44:40,655 INFO  impl.FollowerState (FollowerState.java:run(114)) - c6de40fd-c0d5-459c-ac64-ecd6486e174f: FollowerState was interrupted: java.lang.InterruptedException: sleep interrupted
2019-07-13 10:44:40,661 INFO  client.GrpcClientProtocolClient (GrpcClientProtocolClient.java:onNext(255)) - client-174BA8089F93->889ac0db-9bf5-474c-a7b0-2697cc859952: receive RaftClientReply:client-174BA8089F93->889ac0db-9bf5-474c-a7b0-2697cc859952@group-68FD2DDB45A8, cid=13, FAILED org.apache.ratis.protocol.NotLeaderException: Server 889ac0db-9bf5-474c-a7b0-2697cc859952 is not the leader (null). Request must be sent to leader., logIndex=0, commits[889ac0db-9bf5-474c-a7b0-2697cc859952:c-1]
2019-07-13 10:44:40,709 INFO  impl.RaftServerImpl (ServerState.java:setRaftConf(361)) - 84ac706b-562b-4a88-88e3-dc4f71f227fd:group-471A24C48C11 set configuration 0: [84ac706b-562b-4a88-88e3-dc4f71f227fd:192.168.157.218:36301, ff287178-824c-4f15-982f-9bcabf7bd324:192.168.157.218:34901, cbcdb08f-5faf-40a3-8d20-afd8283bb5b5:192.168.157.218:43585], old=null at 0
2019-07-13 10:44:40,709 INFO  impl.RaftServerImpl (ServerState.java:setRaftConf(361)) - cbcdb08f-5faf-40a3-8d20-afd8283bb5b5:group-471A24C48C11 set configuration 0: [84ac706b-562b-4a88-88e3-dc4f71f227fd:192.168.157.218:36301, ff287178-824c-4f15-982f-9bcabf7bd324:192.168.157.218:34901, cbcdb08f-5faf-40a3-8d20-afd8283bb5b5:192.168.157.218:43585], old=null at 0
2019-07-13 10:44:40,710 INFO  segmented.SegmentedRaftLogWorker (SegmentedRaftLogWorker.java:startLogSegment(380)) - 84ac706b-562b-4a88-88e3-dc4f71f227fd-SegmentedRaftLogWorker:Storage Directory /tmp/workdir/hadoop-ozone/integration-test/target/test-dir/MiniOzoneClusterImpl-8ae1f3ed-f636-4fe8-bd46-95e90032052b/datanode-1/data/ratis/cdcdeb3c-9a5c-431b-949f-471a24c48c11: Starting segment from index:0
2019-07-13 10:44:40,710 INFO  segmented.SegmentedRaftLogWorker (SegmentedRaftLogWorker.java:startLogSegment(380)) - cbcdb08f-5faf-40a3-8d20-afd8283bb5b5-SegmentedRaftLogWorker:Storage Directory /tmp/workdir/hadoop-ozone/integration-test/target/test-dir/MiniOzoneClusterImpl-8ae1f3ed-f636-4fe8-bd46-95e90032052b/datanode-3/data/ratis/cdcdeb3c-9a5c-431b-949f-471a24c48c11: Starting segment from index:0
2019-07-13 10:44:40,742 INFO  segmented.SegmentedRaftLogWorker (SegmentedRaftLogWorker.java:execute(569)) - cbcdb08f-5faf-40a3-8d20-afd8283bb5b5-SegmentedRaftLogWorker:Storage Directory /tmp/workdir/hadoop-ozone/integration-test/target/test-dir/MiniOzoneClusterImpl-8ae1f3ed-f636-4fe8-bd46-95e90032052b/datanode-3/data/ratis/cdcdeb3c-9a5c-431b-949f-471a24c48c11: created new log segment /tmp/workdir/hadoop-ozone/integration-test/target/test-dir/MiniOzoneClusterImpl-8ae1f3ed-f636-4fe8-bd46-95e90032052b/datanode-3/data/ratis/cdcdeb3c-9a5c-431b-949f-471a24c48c11/current/log_inprogress_0
2019-07-13 10:44:40,742 INFO  segmented.SegmentedRaftLogWorker (SegmentedRaftLogWorker.java:execute(569)) - 84ac706b-562b-4a88-88e3-dc4f71f227fd-SegmentedRaftLogWorker:Storage Directory /tmp/workdir/hadoop-ozone/integration-test/target/test-dir/MiniOzoneClusterImpl-8ae1f3ed-f636-4fe8-bd46-95e90032052b/datanode-1/data/ratis/cdcdeb3c-9a5c-431b-949f-471a24c48c11: created new log segment /tmp/workdir/hadoop-ozone/integration-test/target/test-dir/MiniOzoneClusterImpl-8ae1f3ed-f636-4fe8-bd46-95e90032052b/datanode-1/data/ratis/cdcdeb3c-9a5c-431b-949f-471a24c48c11/current/log_inprogress_0
2019-07-13 10:44:41,686 INFO  client.GrpcClientProtocolClient (GrpcClientProtocolClient.java:onNext(255)) - client-174BA8089F93->c6de40fd-c0d5-459c-ac64-ecd6486e174f: receive RaftClientReply:client-174BA8089F93->c6de40fd-c0d5-459c-ac64-ecd6486e174f@group-68FD2DDB45A8, cid=13, FAILED org.apache.ratis.protocol.NotLeaderException: Server c6de40fd-c0d5-459c-ac64-ecd6486e174f is not the leader (null). Request must be sent to leader., logIndex=0, commits[c6de40fd-c0d5-459c-ac64-ecd6486e174f:c-1]
2019-07-13 10:44:42,711 INFO  client.GrpcClientProtocolClient (GrpcClientProtocolClient.java:onNext(255)) - client-174BA8089F93->889ac0db-9bf5-474c-a7b0-2697cc859952: receive RaftClientReply:client-174BA8089F93->889ac0db-9bf5-474c-a7b0-2697cc859952@group-68FD2DDB45A8, cid=13, FAILED org.apache.ratis.protocol.NotLeaderException: Server 889ac0db-9bf5-474c-a7b0-2697cc859952 is not the leader (null). Request must be sent to leader., logIndex=0, commits[889ac0db-9bf5-474c-a7b0-2697cc859952:c-1]
2019-07-13 10:44:43,737 INFO  client.GrpcClientProtocolClient (GrpcClientProtocolClient.java:onNext(255)) - client-174BA8089F93->c6de40fd-c0d5-459c-ac64-ecd6486e174f: receive RaftClientReply:client-174BA8089F93->c6de40fd-c0d5-459c-ac64-ecd6486e174f@group-68FD2DDB45A8, cid=13, FAILED org.apache.ratis.protocol.NotLeaderException: Server c6de40fd-c0d5-459c-ac64-ecd6486e174f is not the leader (null). Request must be sent to leader., logIndex=0, commits[c6de40fd-c0d5-459c-ac64-ecd6486e174f:c-1]
2019-07-13 10:44:44,761 INFO  client.GrpcClientProtocolClient (GrpcClientProtocolClient.java:onNext(255)) - client-174BA8089F93->8a80f6fc-3c24-4f04-a461-84ff206cd4f5: receive RaftClientReply:client-174BA8089F93->8a80f6fc-3c24-4f04-a461-84ff206cd4f5@group-68FD2DDB45A8, cid=13, FAILED org.apache.ratis.protocol.NotLeaderException: Server 8a80f6fc-3c24-4f04-a461-84ff206cd4f5 is not the leader (null). Request must be sent to leader., logIndex=0, commits[8a80f6fc-3c24-4f04-a461-84ff206cd4f5:c-1]
2019-07-13 10:44:45,651 INFO  impl.FollowerState (FollowerState.java:run(106)) - 8a80f6fc-3c24-4f04-a461-84ff206cd4f5:group-68FD2DDB45A8 changes to CANDIDATE, lastRpcTime:5016, electionTimeout:5014ms
2019-07-13 10:44:45,651 INFO  impl.RoleInfo (RoleInfo.java:shutdownFollowerState(121)) - 8a80f6fc-3c24-4f04-a461-84ff206cd4f5: shutdown FollowerState
2019-07-13 10:44:45,651 INFO  impl.RaftServerImpl (RaftServerImpl.java:setRole(171)) - 8a80f6fc-3c24-4f04-a461-84ff206cd4f5:group-68FD2DDB45A8 changes role from FOLLOWER to CANDIDATE at term 2 for changeToCandidate
2019-07-13 10:44:45,652 INFO  impl.RoleInfo (RoleInfo.java:updateAndGet(143)) - 8a80f6fc-3c24-4f04-a461-84ff206cd4f5: start LeaderElection
2019-07-13 10:44:45,668 INFO  impl.LeaderElection (LeaderElection.java:askForVotes(181)) - 8a80f6fc-3c24-4f04-a461-84ff206cd4f5:group-68FD2DDB45A8:LeaderElection13: begin an election at term 3 for -1: [8a80f6fc-3c24-4f04-a461-84ff206cd4f5:192.168.157.218:42783, c6de40fd-c0d5-459c-ac64-ecd6486e174f:192.168.157.218:42080, 889ac0db-9bf5-474c-a7b0-2697cc859952:192.168.157.218:37300], old=null
2019-07-13 10:44:45,676 INFO  impl.RaftServerImpl (RaftServerImpl.java:setRole(171)) - 889ac0db-9bf5-474c-a7b0-2697cc859952:group-68FD2DDB45A8 changes role from FOLLOWER to FOLLOWER at term 3 for recognizeCandidate:8a80f6fc-3c24-4f04-a461-84ff206cd4f5
2019-07-13 10:44:45,676 INFO  impl.RoleInfo (RoleInfo.java:shutdownFollowerState(121)) - 889ac0db-9bf5-474c-a7b0-2697cc859952: shutdown FollowerState
2019-07-13 10:44:45,676 INFO  impl.RaftServerImpl (RaftServerImpl.java:setRole(171)) - c6de40fd-c0d5-459c-ac64-ecd6486e174f:group-68FD2DDB45A8 changes role from FOLLOWER to FOLLOWER at term 3 for recognizeCandidate:8a80f6fc-3c24-4f04-a461-84ff206cd4f5
2019-07-13 10:44:45,677 INFO  impl.FollowerState (FollowerState.java:run(114)) - 889ac0db-9bf5-474c-a7b0-2697cc859952: FollowerState was interrupted: java.lang.InterruptedException: sleep interrupted
2019-07-13 10:44:45,676 INFO  impl.RoleInfo (RoleInfo.java:updateAndGet(143)) - 889ac0db-9bf5-474c-a7b0-2697cc859952: start FollowerState
2019-07-13 10:44:45,677 INFO  impl.RoleInfo (RoleInfo.java:shutdownFollowerState(121)) - c6de40fd-c0d5-459c-ac64-ecd6486e174f: shutdown FollowerState
2019-07-13 10:44:45,679 INFO  impl.RoleInfo (RoleInfo.java:updateAndGet(143)) - c6de40fd-c0d5-459c-ac64-ecd6486e174f: start FollowerState
2019-07-13 10:44:45,679 INFO  impl.FollowerState (FollowerState.java:run(114)) - c6de40fd-c0d5-459c-ac64-ecd6486e174f: FollowerState was interrupted: java.lang.InterruptedException: sleep interrupted
2019-07-13 10:44:45,698 INFO  impl.LeaderElection (LeaderElection.java:logAndReturn(56)) - 8a80f6fc-3c24-4f04-a461-84ff206cd4f5:group-68FD2DDB45A8:LeaderElection13: Election PASSED; received 1 response(s) [8a80f6fc-3c24-4f04-a461-84ff206cd4f5<-c6de40fd-c0d5-459c-ac64-ecd6486e174f#0:OK-t3] and 0 exception(s); 8a80f6fc-3c24-4f04-a461-84ff206cd4f5:t3, leader=null, voted=8a80f6fc-3c24-4f04-a461-84ff206cd4f5, raftlog=8a80f6fc-3c24-4f04-a461-84ff206cd4f5-SegmentedRaftLog:OPENED:c-1,f-1,i0, conf=-1: [8a80f6fc-3c24-4f04-a461-84ff206cd4f5:192.168.157.218:42783, c6de40fd-c0d5-459c-ac64-ecd6486e174f:192.168.157.218:42080, 889ac0db-9bf5-474c-a7b0-2697cc859952:192.168.157.218:37300], old=null
2019-07-13 10:44:45,698 INFO  impl.RoleInfo (RoleInfo.java:shutdownLeaderElection(134)) - 8a80f6fc-3c24-4f04-a461-84ff206cd4f5: shutdown LeaderElection
2019-07-13 10:44:45,698 INFO  impl.RaftServerImpl (RaftServerImpl.java:setRole(171)) - 8a80f6fc-3c24-4f04-a461-84ff206cd4f5:group-68FD2DDB45A8 changes role from CANDIDATE to LEADER at term 3 for changeToLeader
2019-07-13 10:44:45,702 INFO  impl.RaftServerImpl (ServerState.java:setLeader(263)) - 8a80f6fc-3c24-4f04-a461-84ff206cd4f5:group-68FD2DDB45A8 change Leader from null to 8a80f6fc-3c24-4f04-a461-84ff206cd4f5 at term 3 for becomeLeader, leader elected after 10250ms
2019-07-13 10:44:45,702 INFO  server.RaftServerConfigKeys (ConfUtils.java:logGet(43)) - raft.server.staging.catchup.gap = 1000 (default)
2019-07-13 10:44:45,702 INFO  server.RaftServerConfigKeys (ConfUtils.java:logGet(43)) - raft.server.rpc.sleep.time = 25ms (default)
2019-07-13 10:44:45,703 INFO  server.RaftServerConfigKeys (ConfUtils.java:logGet(43)) - raft.server.write.element-limit = 4096 (default)
2019-07-13 10:44:45,703 INFO  server.RaftServerConfigKeys (ConfUtils.java:logGet(43)) - raft.server.watch.timeout = 10s (default)
2019-07-13 10:44:45,703 INFO  server.RaftServerConfigKeys (ConfUtils.java:logGet(43)) - raft.server.watch.timeout.denomination = 1s (default)
2019-07-13 10:44:45,703 INFO  server.RaftServerConfigKeys (ConfUtils.java:logGet(43)) - raft.server.watch.element-limit = 65536 (default)
2019-07-13 10:44:45,703 INFO  server.RaftServerConfigKeys (ConfUtils.java:logGet(43)) - raft.server.log.appender.snapshot.chunk.size.max = 16MB (=16777216) (default)
2019-07-13 10:44:45,704 INFO  server.RaftServerConfigKeys (ConfUtils.java:logGet(43)) - raft.server.log.appender.buffer.byte-limit = 33554432 (custom)
2019-07-13 10:44:45,704 INFO  server.RaftServerConfigKeys (ConfUtils.java:logGet(43)) - raft.server.log.appender.buffer.element-limit = 1 (custom)
2019-07-13 10:44:45,704 INFO  grpc.GrpcConfigKeys$Server (ConfUtils.java:logGet(43)) - raft.grpc.server.leader.outstanding.appends.max = 128 (default)
2019-07-13 10:44:45,704 INFO  server.RaftServerConfigKeys (ConfUtils.java:logGet(43)) - raft.server.rpc.request.timeout = 3000ms (default)
2019-07-13 10:44:45,705 INFO  server.RaftServerConfigKeys (ConfUtils.java:logGet(43)) - raft.server.log.appender.install.snapshot.enabled = false (custom)
2019-07-13 10:44:45,705 INFO  server.RaftServerConfigKeys (ConfUtils.java:logGet(43)) - raft.server.log.appender.snapshot.chunk.size.max = 16MB (=16777216) (default)
2019-07-13 10:44:45,705 INFO  server.RaftServerConfigKeys (ConfUtils.java:logGet(43)) - raft.server.log.appender.buffer.byte-limit = 33554432 (custom)
2019-07-13 10:44:45,705 INFO  server.RaftServerConfigKeys (ConfUtils.java:logGet(43)) - raft.server.log.appender.buffer.element-limit = 1 (custom)
2019-07-13 10:44:45,705 INFO  grpc.GrpcConfigKeys$Server (ConfUtils.java:logGet(43)) - raft.grpc.server.leader.outstanding.appends.max = 128 (default)
2019-07-13 10:44:45,705 INFO  server.RaftServerConfigKeys (ConfUtils.java:logGet(43)) - raft.server.rpc.request.timeout = 3000ms (default)
2019-07-13 10:44:45,706 INFO  server.RaftServerConfigKeys (ConfUtils.java:logGet(43)) - raft.server.log.appender.install.snapshot.enabled = false (custom)
2019-07-13 10:44:45,706 INFO  impl.RoleInfo (RoleInfo.java:updateAndGet(143)) - 8a80f6fc-3c24-4f04-a461-84ff206cd4f5: start LeaderState
2019-07-13 10:44:45,706 INFO  segmented.SegmentedRaftLogWorker (SegmentedRaftLogWorker.java:startLogSegment(380)) - 8a80f6fc-3c24-4f04-a461-84ff206cd4f5-SegmentedRaftLogWorker:Storage Directory /tmp/workdir/hadoop-ozone/integration-test/target/test-dir/MiniOzoneClusterImpl-8ae1f3ed-f636-4fe8-bd46-95e90032052b/datanode-0/data/ratis/4d18d25d-0298-4f63-a765-68fd2ddb45a8: Starting segment from index:0
2019-07-13 10:44:45,707 INFO  impl.RaftServerImpl (ServerState.java:setRaftConf(361)) - 8a80f6fc-3c24-4f04-a461-84ff206cd4f5:group-68FD2DDB45A8 set configuration 0: [8a80f6fc-3c24-4f04-a461-84ff206cd4f5:192.168.157.218:42783, c6de40fd-c0d5-459c-ac64-ecd6486e174f:192.168.157.218:42080, 889ac0db-9bf5-474c-a7b0-2697cc859952:192.168.157.218:37300], old=null at 0
2019-07-13 10:44:45,731 INFO  impl.RaftServerImpl (ServerState.java:setLeader(263)) - c6de40fd-c0d5-459c-ac64-ecd6486e174f:group-68FD2DDB45A8 change Leader from null to 8a80f6fc-3c24-4f04-a461-84ff206cd4f5 at term 3 for appendEntries, leader elected after 10279ms
2019-07-13 10:44:45,733 INFO  impl.RaftServerImpl (ServerState.java:setLeader(263)) - 889ac0db-9bf5-474c-a7b0-2697cc859952:group-68FD2DDB45A8 change Leader from null to 8a80f6fc-3c24-4f04-a461-84ff206cd4f5 at term 3 for appendEntries, leader elected after 10281ms
2019-07-13 10:44:45,738 INFO  impl.RaftServerImpl (ServerState.java:setRaftConf(361)) - 889ac0db-9bf5-474c-a7b0-2697cc859952:group-68FD2DDB45A8 set configuration 0: [8a80f6fc-3c24-4f04-a461-84ff206cd4f5:192.168.157.218:42783, c6de40fd-c0d5-459c-ac64-ecd6486e174f:192.168.157.218:42080, 889ac0db-9bf5-474c-a7b0-2697cc859952:192.168.157.218:37300], old=null at 0
2019-07-13 10:44:45,738 INFO  impl.RaftServerImpl (ServerState.java:setRaftConf(361)) - c6de40fd-c0d5-459c-ac64-ecd6486e174f:group-68FD2DDB45A8 set configuration 0: [8a80f6fc-3c24-4f04-a461-84ff206cd4f5:192.168.157.218:42783, c6de40fd-c0d5-459c-ac64-ecd6486e174f:192.168.157.218:42080, 889ac0db-9bf5-474c-a7b0-2697cc859952:192.168.157.218:37300], old=null at 0
2019-07-13 10:44:45,738 INFO  segmented.SegmentedRaftLogWorker (SegmentedRaftLogWorker.java:startLogSegment(380)) - 889ac0db-9bf5-474c-a7b0-2697cc859952-SegmentedRaftLogWorker:Storage Directory /tmp/workdir/hadoop-ozone/integration-test/target/test-dir/MiniOzoneClusterImpl-8ae1f3ed-f636-4fe8-bd46-95e90032052b/datanode-6/data/ratis/4d18d25d-0298-4f63-a765-68fd2ddb45a8: Starting segment from index:0
2019-07-13 10:44:45,739 INFO  segmented.SegmentedRaftLogWorker (SegmentedRaftLogWorker.java:startLogSegment(380)) - c6de40fd-c0d5-459c-ac64-ecd6486e174f-SegmentedRaftLogWorker:Storage Directory /tmp/workdir/hadoop-ozone/integration-test/target/test-dir/MiniOzoneClusterImpl-8ae1f3ed-f636-4fe8-bd46-95e90032052b/datanode-4/data/ratis/4d18d25d-0298-4f63-a765-68fd2ddb45a8: Starting segment from index:0
2019-07-13 10:44:45,752 INFO  segmented.SegmentedRaftLogWorker (SegmentedRaftLogWorker.java:execute(569)) - 8a80f6fc-3c24-4f04-a461-84ff206cd4f5-SegmentedRaftLogWorker:Storage Directory /tmp/workdir/hadoop-ozone/integration-test/target/test-dir/MiniOzoneClusterImpl-8ae1f3ed-f636-4fe8-bd46-95e90032052b/datanode-0/data/ratis/4d18d25d-0298-4f63-a765-68fd2ddb45a8: created new log segment /tmp/workdir/hadoop-ozone/integration-test/target/test-dir/MiniOzoneClusterImpl-8ae1f3ed-f636-4fe8-bd46-95e90032052b/datanode-0/data/ratis/4d18d25d-0298-4f63-a765-68fd2ddb45a8/current/log_inprogress_0
2019-07-13 10:44:45,778 INFO  segmented.SegmentedRaftLogWorker (SegmentedRaftLogWorker.java:execute(569)) - c6de40fd-c0d5-459c-ac64-ecd6486e174f-SegmentedRaftLogWorker:Storage Directory /tmp/workdir/hadoop-ozone/integration-test/target/test-dir/MiniOzoneClusterImpl-8ae1f3ed-f636-4fe8-bd46-95e90032052b/datanode-4/data/ratis/4d18d25d-0298-4f63-a765-68fd2ddb45a8: created new log segment /tmp/workdir/hadoop-ozone/integration-test/target/test-dir/MiniOzoneClusterImpl-8ae1f3ed-f636-4fe8-bd46-95e90032052b/datanode-4/data/ratis/4d18d25d-0298-4f63-a765-68fd2ddb45a8/current/log_inprogress_0
2019-07-13 10:44:45,778 INFO  segmented.SegmentedRaftLogWorker (SegmentedRaftLogWorker.java:execute(569)) - 889ac0db-9bf5-474c-a7b0-2697cc859952-SegmentedRaftLogWorker:Storage Directory /tmp/workdir/hadoop-ozone/integration-test/target/test-dir/MiniOzoneClusterImpl-8ae1f3ed-f636-4fe8-bd46-95e90032052b/datanode-6/data/ratis/4d18d25d-0298-4f63-a765-68fd2ddb45a8: created new log segment /tmp/workdir/hadoop-ozone/integration-test/target/test-dir/MiniOzoneClusterImpl-8ae1f3ed-f636-4fe8-bd46-95e90032052b/datanode-6/data/ratis/4d18d25d-0298-4f63-a765-68fd2ddb45a8/current/log_inprogress_0
2019-07-13 10:44:45,789 INFO  client.GrpcClientProtocolClient (GrpcClientProtocolClient.java:onNext(255)) - client-174BA8089F93->c6de40fd-c0d5-459c-ac64-ecd6486e174f: receive RaftClientReply:client-174BA8089F93->c6de40fd-c0d5-459c-ac64-ecd6486e174f@group-68FD2DDB45A8, cid=13, FAILED org.apache.ratis.protocol.NotLeaderException: Server c6de40fd-c0d5-459c-ac64-ecd6486e174f is not the leader (8a80f6fc-3c24-4f04-a461-84ff206cd4f5:192.168.157.218:42783). Request must be sent to leader., logIndex=0, commits[c6de40fd-c0d5-459c-ac64-ecd6486e174f:c-1, 8a80f6fc-3c24-4f04-a461-84ff206cd4f5:c-1, 889ac0db-9bf5-474c-a7b0-2697cc859952:c-1]
2019-07-13 10:44:46,133 INFO  client.GrpcClientProtocolClient (GrpcClientProtocolClient.java:onNext(255)) - client-174BA8089F93->8a80f6fc-3c24-4f04-a461-84ff206cd4f5: receive RaftClientReply:client-174BA8089F93->8a80f6fc-3c24-4f04-a461-84ff206cd4f5@group-68FD2DDB45A8, cid=13, SUCCESS, logIndex=1, commits[8a80f6fc-3c24-4f04-a461-84ff206cd4f5:c1, c6de40fd-c0d5-459c-ac64-ecd6486e174f:c0, 889ac0db-9bf5-474c-a7b0-2697cc859952:c0]
2019-07-13 10:44:46,183 INFO  client.GrpcClientProtocolClient (GrpcClientProtocolClient.java:onNext(255)) - client-174BA8089F93->8a80f6fc-3c24-4f04-a461-84ff206cd4f5: receive RaftClientReply:client-174BA8089F93->8a80f6fc-3c24-4f04-a461-84ff206cd4f5@group-68FD2DDB45A8, cid=14, SUCCESS, logIndex=3, commits[8a80f6fc-3c24-4f04-a461-84ff206cd4f5:c4, c6de40fd-c0d5-459c-ac64-ecd6486e174f:c2, 889ac0db-9bf5-474c-a7b0-2697cc859952:c2]
2019-07-13 10:44:46,310 INFO  client.GrpcClientProtocolClient (GrpcClientProtocolClient.java:onNext(255)) - client-174BA8089F93->8a80f6fc-3c24-4f04-a461-84ff206cd4f5: receive RaftClientReply:client-174BA8089F93->8a80f6fc-3c24-4f04-a461-84ff206cd4f5@group-68FD2DDB45A8, cid=15, SUCCESS, logIndex=4, commits[8a80f6fc-3c24-4f04-a461-84ff206cd4f5:c12, c6de40fd-c0d5-459c-ac64-ecd6486e174f:c9, 889ac0db-9bf5-474c-a7b0-2697cc859952:c9]
2019-07-13 10:44:46,323 INFO  client.GrpcClientProtocolClient (GrpcClientProtocolClient.java:onNext(255)) - client-174BA8089F93->8a80f6fc-3c24-4f04-a461-84ff206cd4f5: receive RaftClientReply:client-174BA8089F93->8a80f6fc-3c24-4f04-a461-84ff206cd4f5@group-68FD2DDB45A8, cid=16, SUCCESS, logIndex=5, commits[8a80f6fc-3c24-4f04-a461-84ff206cd4f5:c12, c6de40fd-c0d5-459c-ac64-ecd6486e174f:c9, 889ac0db-9bf5-474c-a7b0-2697cc859952:c9]
2019-07-13 10:44:46,325 INFO  client.GrpcClientProtocolClient (GrpcClientProtocolClient.java:onNext(255)) - client-174BA8089F93->8a80f6fc-3c24-4f04-a461-84ff206cd4f5: receive RaftClientReply:client-174BA8089F93->8a80f6fc-3c24-4f04-a461-84ff206cd4f5@group-68FD2DDB45A8, cid=17, SUCCESS, logIndex=6, commits[8a80f6fc-3c24-4f04-a461-84ff206cd4f5:c12, c6de40fd-c0d5-459c-ac64-ecd6486e174f:c9, 889ac0db-9bf5-474c-a7b0-2697cc859952:c9]
2019-07-13 10:44:46,400 INFO  client.GrpcClientProtocolClient (GrpcClientProtocolClient.java:onNext(255)) - client-174BA8089F93->8a80f6fc-3c24-4f04-a461-84ff206cd4f5: receive RaftClientReply:client-174BA8089F93->8a80f6fc-3c24-4f04-a461-84ff206cd4f5@group-68FD2DDB45A8, cid=18, SUCCESS, logIndex=8, commits[8a80f6fc-3c24-4f04-a461-84ff206cd4f5:c12, c6de40fd-c0d5-459c-ac64-ecd6486e174f:c9, 889ac0db-9bf5-474c-a7b0-2697cc859952:c9]
2019-07-13 10:44:46,407 INFO  pipeline.SCMPipelineManager (SCMPipelineManager.java:finalizeAndDestroyPipeline(309)) - destroying pipeline:Pipeline[ Id: 4d18d25d-0298-4f63-a765-68fd2ddb45a8, Nodes: 889ac0db-9bf5-474c-a7b0-2697cc859952{ip: 192.168.157.218, host: trunk-nightly-qcxv8-4293026562, networkLocation: /default-rack, certSerialId: null}c6de40fd-c0d5-459c-ac64-ecd6486e174f{ip: 192.168.157.218, host: trunk-nightly-qcxv8-4293026562, networkLocation: /default-rack, certSerialId: null}8a80f6fc-3c24-4f04-a461-84ff206cd4f5{ip: 192.168.157.218, host: trunk-nightly-qcxv8-4293026562, networkLocation: /default-rack, certSerialId: null}, Type:RATIS, Factor:THREE, State:OPEN]
2019-07-13 10:44:46,409 INFO  pipeline.PipelineStateManager (PipelineStateManager.java:finalizePipeline(123)) - Pipeline Pipeline[ Id: 4d18d25d-0298-4f63-a765-68fd2ddb45a8, Nodes: 889ac0db-9bf5-474c-a7b0-2697cc859952{ip: 192.168.157.218, host: trunk-nightly-qcxv8-4293026562, networkLocation: /default-rack, certSerialId: null}c6de40fd-c0d5-459c-ac64-ecd6486e174f{ip: 192.168.157.218, host: trunk-nightly-qcxv8-4293026562, networkLocation: /default-rack, certSerialId: null}8a80f6fc-3c24-4f04-a461-84ff206cd4f5{ip: 192.168.157.218, host: trunk-nightly-qcxv8-4293026562, networkLocation: /default-rack, certSerialId: null}, Type:RATIS, Factor:THREE, State:CLOSED] moved to CLOSED state
2019-07-13 10:44:46,410 INFO  container.CloseContainerEventHandler (CloseContainerEventHandler.java:onMessage(61)) - Close container Event triggered for container : #1
2019-07-13 10:44:46,430 INFO  impl.RaftServerProxy (RaftServerProxy.java:remove(95)) - 889ac0db-9bf5-474c-a7b0-2697cc859952: remove FOLLOWER group-68FD2DDB45A8 889ac0db-9bf5-474c-a7b0-2697cc859952:t3, leader=8a80f6fc-3c24-4f04-a461-84ff206cd4f5, voted=8a80f6fc-3c24-4f04-a461-84ff206cd4f5, raftlog=889ac0db-9bf5-474c-a7b0-2697cc859952-SegmentedRaftLog:OPENED:c9,f12,i12, conf=0: [8a80f6fc-3c24-4f04-a461-84ff206cd4f5:192.168.157.218:42783, c6de40fd-c0d5-459c-ac64-ecd6486e174f:192.168.157.218:42080, 889ac0db-9bf5-474c-a7b0-2697cc859952:192.168.157.218:37300], old=null RUNNING
2019-07-13 10:44:46,435 INFO  impl.RaftServerImpl (RaftServerImpl.java:lambda$shutdown$3(245)) - 889ac0db-9bf5-474c-a7b0-2697cc859952: shutdown group-68FD2DDB45A8
2019-07-13 10:44:46,435 INFO  util.JmxRegister (JmxRegister.java:unregister(73)) - Successfully un-registered JMX Bean with object name Ratis:service=RaftServer,group=group-68FD2DDB45A8,id=889ac0db-9bf5-474c-a7b0-2697cc859952
2019-07-13 10:44:46,436 INFO  impl.RoleInfo (RoleInfo.java:shutdownFollowerState(121)) - 889ac0db-9bf5-474c-a7b0-2697cc859952: shutdown FollowerState
2019-07-13 10:44:46,436 INFO  impl.StateMachineUpdater (StateMachineUpdater.java:stopAndJoin(115)) - StateMachineUpdater:889ac0db-9bf5-474c-a7b0-2697cc859952:group-68FD2DDB45A8: set stopIndex = 9
2019-07-13 10:44:46,436 INFO  ratis.ContainerStateMachine (ContainerStateMachine.java:takeSnapshot(246)) - Taking snapshot at termIndex:(t:3, i:9)
2019-07-13 10:44:46,436 INFO  impl.FollowerState (FollowerState.java:run(114)) - 889ac0db-9bf5-474c-a7b0-2697cc859952: FollowerState was interrupted: java.lang.InterruptedException: sleep interrupted
2019-07-13 10:44:46,438 INFO  ratis.ContainerStateMachine (ContainerStateMachine.java:takeSnapshot(250)) - Taking a snapshot to file /tmp/workdir/hadoop-ozone/integration-test/target/test-dir/MiniOzoneClusterImpl-8ae1f3ed-f636-4fe8-bd46-95e90032052b/datanode-6/data/ratis/4d18d25d-0298-4f63-a765-68fd2ddb45a8/sm/snapshot.3_9
2019-07-13 10:44:46,453 INFO  impl.StateMachineUpdater (StateMachineUpdater.java:takeSnapshot(242)) - StateMachineUpdater:889ac0db-9bf5-474c-a7b0-2697cc859952:group-68FD2DDB45A8: Took a snapshot at index 9
2019-07-13 10:44:46,454 INFO  impl.StateMachineUpdater (StateMachineUpdater.java:lambda$new$0(80)) - StateMachineUpdater:889ac0db-9bf5-474c-a7b0-2697cc859952:group-68FD2DDB45A8: snapshotIndex: updateIncreasingly -1 -> 9
2019-07-13 10:44:46,460 INFO  impl.RaftServerImpl (ServerState.java:close(394)) - 889ac0db-9bf5-474c-a7b0-2697cc859952:group-68FD2DDB45A8 closes. The last applied log index is 9
2019-07-13 10:44:46,463 INFO  segmented.SegmentedRaftLogWorker (SegmentedRaftLogWorker.java:run(313)) - 889ac0db-9bf5-474c-a7b0-2697cc859952-SegmentedRaftLogWorker:Storage Directory /tmp/workdir/hadoop-ozone/integration-test/target/test-dir/MiniOzoneClusterImpl-8ae1f3ed-f636-4fe8-bd46-95e90032052b/datanode-6/data/ratis/4d18d25d-0298-4f63-a765-68fd2ddb45a8 was interrupted, exiting. There are 0 tasks remaining in the queue.
2019-07-13 10:44:46,465 INFO  segmented.SegmentedRaftLogWorker (SegmentedRaftLogWorker.java:close(228)) - 889ac0db-9bf5-474c-a7b0-2697cc859952-SegmentedRaftLogWorker:Storage Directory /tmp/workdir/hadoop-ozone/integration-test/target/test-dir/MiniOzoneClusterImpl-8ae1f3ed-f636-4fe8-bd46-95e90032052b/datanode-6/data/ratis/4d18d25d-0298-4f63-a765-68fd2ddb45a8 close()
2019-07-13 10:44:46,489 INFO  impl.RaftServerProxy (RaftServerProxy.java:remove(95)) - c6de40fd-c0d5-459c-ac64-ecd6486e174f: remove FOLLOWER group-68FD2DDB45A8 c6de40fd-c0d5-459c-ac64-ecd6486e174f:t3, leader=8a80f6fc-3c24-4f04-a461-84ff206cd4f5, voted=8a80f6fc-3c24-4f04-a461-84ff206cd4f5, raftlog=c6de40fd-c0d5-459c-ac64-ecd6486e174f-SegmentedRaftLog:OPENED:c9,f12,i12, conf=0: [8a80f6fc-3c24-4f04-a461-84ff206cd4f5:192.168.157.218:42783, c6de40fd-c0d5-459c-ac64-ecd6486e174f:192.168.157.218:42080, 889ac0db-9bf5-474c-a7b0-2697cc859952:192.168.157.218:37300], old=null RUNNING
2019-07-13 10:44:46,490 INFO  impl.RaftServerImpl (RaftServerImpl.java:lambda$shutdown$3(245)) - c6de40fd-c0d5-459c-ac64-ecd6486e174f: shutdown group-68FD2DDB45A8
2019-07-13 10:44:46,490 INFO  util.JmxRegister (JmxRegister.java:unregister(73)) - Successfully un-registered JMX Bean with object name Ratis:service=RaftServer,group=group-68FD2DDB45A8,id=c6de40fd-c0d5-459c-ac64-ecd6486e174f
2019-07-13 10:44:46,490 INFO  impl.RoleInfo (RoleInfo.java:shutdownFollowerState(121)) - c6de40fd-c0d5-459c-ac64-ecd6486e174f: shutdown FollowerState
2019-07-13 10:44:46,490 INFO  impl.StateMachineUpdater (StateMachineUpdater.java:stopAndJoin(115)) - StateMachineUpdater:c6de40fd-c0d5-459c-ac64-ecd6486e174f:group-68FD2DDB45A8: set stopIndex = 9
2019-07-13 10:44:46,490 INFO  ratis.ContainerStateMachine (ContainerStateMachine.java:takeSnapshot(246)) - Taking snapshot at termIndex:(t:3, i:9)
2019-07-13 10:44:46,492 INFO  ratis.ContainerStateMachine (ContainerStateMachine.java:takeSnapshot(250)) - Taking a snapshot to file /tmp/workdir/hadoop-ozone/integration-test/target/test-dir/MiniOzoneClusterImpl-8ae1f3ed-f636-4fe8-bd46-95e90032052b/datanode-4/data/ratis/4d18d25d-0298-4f63-a765-68fd2ddb45a8/sm/snapshot.3_9
2019-07-13 10:44:46,490 INFO  impl.FollowerState (FollowerState.java:run(114)) - c6de40fd-c0d5-459c-ac64-ecd6486e174f: FollowerState was interrupted: java.lang.InterruptedException: sleep interrupted
2019-07-13 10:44:46,501 INFO  impl.StateMachineUpdater (StateMachineUpdater.java:takeSnapshot(242)) - StateMachineUpdater:c6de40fd-c0d5-459c-ac64-ecd6486e174f:group-68FD2DDB45A8: Took a snapshot at index 9
2019-07-13 10:44:46,501 INFO  impl.StateMachineUpdater (StateMachineUpdater.java:lambda$new$0(80)) - StateMachineUpdater:c6de40fd-c0d5-459c-ac64-ecd6486e174f:group-68FD2DDB45A8: snapshotIndex: updateIncreasingly -1 -> 9
2019-07-13 10:44:46,502 INFO  impl.RaftServerImpl (ServerState.java:close(394)) - c6de40fd-c0d5-459c-ac64-ecd6486e174f:group-68FD2DDB45A8 closes. The last applied log index is 9
2019-07-13 10:44:46,502 INFO  segmented.SegmentedRaftLogWorker (SegmentedRaftLogWorker.java:run(313)) - c6de40fd-c0d5-459c-ac64-ecd6486e174f-SegmentedRaftLogWorker:Storage Directory /tmp/workdir/hadoop-ozone/integration-test/target/test-dir/MiniOzoneClusterImpl-8ae1f3ed-f636-4fe8-bd46-95e90032052b/datanode-4/data/ratis/4d18d25d-0298-4f63-a765-68fd2ddb45a8 was interrupted, exiting. There are 0 tasks remaining in the queue.
2019-07-13 10:44:46,506 INFO  segmented.SegmentedRaftLogWorker (SegmentedRaftLogWorker.java:close(228)) - c6de40fd-c0d5-459c-ac64-ecd6486e174f-SegmentedRaftLogWorker:Storage Directory /tmp/workdir/hadoop-ozone/integration-test/target/test-dir/MiniOzoneClusterImpl-8ae1f3ed-f636-4fe8-bd46-95e90032052b/datanode-4/data/ratis/4d18d25d-0298-4f63-a765-68fd2ddb45a8 close()
2019-07-13 10:44:46,527 INFO  impl.RaftServerProxy (RaftServerProxy.java:remove(95)) - 8a80f6fc-3c24-4f04-a461-84ff206cd4f5: remove   LEADER group-68FD2DDB45A8 8a80f6fc-3c24-4f04-a461-84ff206cd4f5:t3, leader=8a80f6fc-3c24-4f04-a461-84ff206cd4f5, voted=8a80f6fc-3c24-4f04-a461-84ff206cd4f5, raftlog=8a80f6fc-3c24-4f04-a461-84ff206cd4f5-SegmentedRaftLog:OPENED:c12,f12,i12, conf=0: [8a80f6fc-3c24-4f04-a461-84ff206cd4f5:192.168.157.218:42783, c6de40fd-c0d5-459c-ac64-ecd6486e174f:192.168.157.218:42080, 889ac0db-9bf5-474c-a7b0-2697cc859952:192.168.157.218:37300], old=null RUNNING
2019-07-13 10:44:46,527 INFO  impl.RaftServerImpl (RaftServerImpl.java:lambda$shutdown$3(245)) - 8a80f6fc-3c24-4f04-a461-84ff206cd4f5: shutdown group-68FD2DDB45A8
2019-07-13 10:44:46,527 INFO  util.JmxRegister (JmxRegister.java:unregister(73)) - Successfully un-registered JMX Bean with object name Ratis:service=RaftServer,group=group-68FD2DDB45A8,id=8a80f6fc-3c24-4f04-a461-84ff206cd4f5
2019-07-13 10:44:46,528 INFO  impl.RoleInfo (RoleInfo.java:shutdownLeaderState(104)) - 8a80f6fc-3c24-4f04-a461-84ff206cd4f5: shutdown LeaderState
2019-07-13 10:44:46,532 INFO  impl.PendingRequests (PendingRequests.java:sendNotLeaderResponses(202)) - 8a80f6fc-3c24-4f04-a461-84ff206cd4f5-PendingRequests: sendNotLeaderResponses
2019-07-13 10:44:46,532 WARN  server.GrpcLogAppender (GrpcLogAppender.java:mayWait(143)) - GrpcLogAppender(8a80f6fc-3c24-4f04-a461-84ff206cd4f5->c6de40fd-c0d5-459c-ac64-ecd6486e174f): Wait interrupted by java.lang.InterruptedException
2019-07-13 10:44:46,532 WARN  server.GrpcLogAppender (GrpcLogAppender.java:mayWait(143)) - GrpcLogAppender(8a80f6fc-3c24-4f04-a461-84ff206cd4f5->889ac0db-9bf5-474c-a7b0-2697cc859952): Wait interrupted by java.lang.InterruptedException
2019-07-13 10:44:46,546 INFO  server.GrpcServerProtocolService (GrpcServerProtocolService.java:onCompleted(104)) - 889ac0db-9bf5-474c-a7b0-2697cc859952: appendEntries completed
2019-07-13 10:44:46,546 INFO  server.GrpcServerProtocolService (GrpcServerProtocolService.java:onCompleted(104)) - c6de40fd-c0d5-459c-ac64-ecd6486e174f: appendEntries completed
2019-07-13 10:44:46,552 INFO  server.GrpcLogAppender (GrpcLogAppender.java:onCompleted(292)) - 8a80f6fc-3c24-4f04-a461-84ff206cd4f5->889ac0db-9bf5-474c-a7b0-2697cc859952: follower responses appendEntries COMPLETED
2019-07-13 10:44:46,552 INFO  server.GrpcLogAppender (GrpcLogAppender.java:onCompleted(292)) - 8a80f6fc-3c24-4f04-a461-84ff206cd4f5->c6de40fd-c0d5-459c-ac64-ecd6486e174f: follower responses appendEntries COMPLETED
2019-07-13 10:44:46,558 INFO  impl.FollowerInfo (FollowerInfo.java:lambda$new$0(50)) - 8a80f6fc-3c24-4f04-a461-84ff206cd4f5->c6de40fd-c0d5-459c-ac64-ecd6486e174f: nextIndex: updateUnconditionally 13 -> 12
2019-07-13 10:44:46,558 INFO  impl.FollowerInfo (FollowerInfo.java:lambda$new$0(50)) - 8a80f6fc-3c24-4f04-a461-84ff206cd4f5->889ac0db-9bf5-474c-a7b0-2697cc859952: nextIndex: updateUnconditionally 13 -> 12
2019-07-13 10:44:46,565 INFO  impl.StateMachineUpdater (StateMachineUpdater.java:stopAndJoin(115)) - StateMachineUpdater:8a80f6fc-3c24-4f04-a461-84ff206cd4f5:group-68FD2DDB45A8: set stopIndex = 12
2019-07-13 10:44:46,565 INFO  ratis.ContainerStateMachine (ContainerStateMachine.java:takeSnapshot(246)) - Taking snapshot at termIndex:(t:3, i:12)
2019-07-13 10:44:46,565 INFO  ratis.ContainerStateMachine (ContainerStateMachine.java:takeSnapshot(250)) - Taking a snapshot to file /tmp/workdir/hadoop-ozone/integration-test/target/test-dir/MiniOzoneClusterImpl-8ae1f3ed-f636-4fe8-bd46-95e90032052b/datanode-0/data/ratis/4d18d25d-0298-4f63-a765-68fd2ddb45a8/sm/snapshot.3_12
2019-07-13 10:44:46,566 INFO  impl.StateMachineUpdater (StateMachineUpdater.java:takeSnapshot(242)) - StateMachineUpdater:8a80f6fc-3c24-4f04-a461-84ff206cd4f5:group-68FD2DDB45A8: Took a snapshot at index 12
2019-07-13 10:44:46,566 INFO  impl.StateMachineUpdater (StateMachineUpdater.java:lambda$new$0(80)) - StateMachineUpdater:8a80f6fc-3c24-4f04-a461-84ff206cd4f5:group-68FD2DDB45A8: snapshotIndex: updateIncreasingly -1 -> 12
2019-07-13 10:44:46,573 INFO  impl.RaftServerImpl (ServerState.java:close(394)) - 8a80f6fc-3c24-4f04-a461-84ff206cd4f5:group-68FD2DDB45A8 closes. The last applied log index is 12
2019-07-13 10:44:46,574 INFO  segmented.SegmentedRaftLogWorker (SegmentedRaftLogWorker.java:run(313)) - 8a80f6fc-3c24-4f04-a461-84ff206cd4f5-SegmentedRaftLogWorker:Storage Directory /tmp/workdir/hadoop-ozone/integration-test/target/test-dir/MiniOzoneClusterImpl-8ae1f3ed-f636-4fe8-bd46-95e90032052b/datanode-0/data/ratis/4d18d25d-0298-4f63-a765-68fd2ddb45a8 was interrupted, exiting. There are 0 tasks remaining in the queue.
2019-07-13 10:44:46,576 INFO  segmented.SegmentedRaftLogWorker (SegmentedRaftLogWorker.java:close(228)) - 8a80f6fc-3c24-4f04-a461-84ff206cd4f5-SegmentedRaftLogWorker:Storage Directory /tmp/workdir/hadoop-ozone/integration-test/target/test-dir/MiniOzoneClusterImpl-8ae1f3ed-f636-4fe8-bd46-95e90032052b/datanode-0/data/ratis/4d18d25d-0298-4f63-a765-68fd2ddb45a8 close()
2019-07-13 10:44:46,586 INFO  pipeline.PipelineStateManager (PipelineStateManager.java:removePipeline(108)) - Pipeline Pipeline[ Id: 4d18d25d-0298-4f63-a765-68fd2ddb45a8, Nodes: 889ac0db-9bf5-474c-a7b0-2697cc859952{ip: 192.168.157.218, host: trunk-nightly-qcxv8-4293026562, networkLocation: /default-rack, certSerialId: null}c6de40fd-c0d5-459c-ac64-ecd6486e174f{ip: 192.168.157.218, host: trunk-nightly-qcxv8-4293026562, networkLocation: /default-rack, certSerialId: null}8a80f6fc-3c24-4f04-a461-84ff206cd4f5{ip: 192.168.157.218, host: trunk-nightly-qcxv8-4293026562, networkLocation: /default-rack, certSerialId: null}, Type:RATIS, Factor:THREE, State:CLOSED] removed from db
2019-07-13 10:44:46,588 INFO  ratis.XceiverServerRatis (XceiverServerRatis.java:getPipelineIds(614)) - pipeline id PipelineID=8ddaf1a2-3b18-4e09-bc46-a08e5b8f3772
2019-07-13 10:44:46,589 INFO  ratis.XceiverServerRatis (XceiverServerRatis.java:getPipelineIds(614)) - pipeline id PipelineID=0479cf50-0a88-46a4-800a-d86e0aefd4d4
2019-07-13 10:44:46,591 INFO  ratis.XceiverServerRatis (XceiverServerRatis.java:getPipelineIds(614)) - pipeline id PipelineID=a7329b92-b03a-41c4-85b4-fcf0b07c44d9
2019-07-13 10:44:46,613 INFO  impl.RaftServerProxy (RaftServerProxy.java:addNew(89)) - c6de40fd-c0d5-459c-ac64-ecd6486e174f: addNew group-6CCDB6A90E8D:[8a80f6fc-3c24-4f04-a461-84ff206cd4f5:192.168.157.218:42783, c6de40fd-c0d5-459c-ac64-ecd6486e174f:192.168.157.218:42080, 889ac0db-9bf5-474c-a7b0-2697cc859952:192.168.157.218:37300] returns group-6CCDB6A90E8D:java.util.concurrent.CompletableFuture@1d6a93e[Not completed]
2019-07-13 10:44:46,619 INFO  impl.RaftServerProxy (RaftServerProxy.java:addNew(89)) - 889ac0db-9bf5-474c-a7b0-2697cc859952: addNew group-6CCDB6A90E8D:[8a80f6fc-3c24-4f04-a461-84ff206cd4f5:192.168.157.218:42783, c6de40fd-c0d5-459c-ac64-ecd6486e174f:192.168.157.218:42080, 889ac0db-9bf5-474c-a7b0-2697cc859952:192.168.157.218:37300] returns group-6CCDB6A90E8D:java.util.concurrent.CompletableFuture@15c4183d[Not completed]
2019-07-13 10:44:46,619 INFO  impl.RaftServerProxy (RaftServerProxy.java:addNew(89)) - 8a80f6fc-3c24-4f04-a461-84ff206cd4f5: addNew group-6CCDB6A90E8D:[8a80f6fc-3c24-4f04-a461-84ff206cd4f5:192.168.157.218:42783, c6de40fd-c0d5-459c-ac64-ecd6486e174f:192.168.157.218:42080, 889ac0db-9bf5-474c-a7b0-2697cc859952:192.168.157.218:37300] returns group-6CCDB6A90E8D:java.util.concurrent.CompletableFuture@7947d6b5[Not completed]
2019-07-13 10:44:46,623 INFO  impl.RaftServerImpl (RaftServerImpl.java:<init>(93)) - c6de40fd-c0d5-459c-ac64-ecd6486e174f: new RaftServerImpl for group-6CCDB6A90E8D:[8a80f6fc-3c24-4f04-a461-84ff206cd4f5:192.168.157.218:42783, c6de40fd-c0d5-459c-ac64-ecd6486e174f:192.168.157.218:42080, 889ac0db-9bf5-474c-a7b0-2697cc859952:192.168.157.218:37300] with ContainerStateMachine:uninitialized
2019-07-13 10:44:46,623 INFO  server.RaftServerConfigKeys (ConfUtils.java:logGet(43)) - raft.server.rpc.timeout.min = 5s (custom)
2019-07-13 10:44:46,623 INFO  server.RaftServerConfigKeys (ConfUtils.java:logGet(43)) - raft.server.rpc.timeout.max = 5200ms (custom)
2019-07-13 10:44:46,623 INFO  server.RaftServerConfigKeys (ConfUtils.java:logGet(43)) - raft.server.rpcslowness.timeout = 120s (custom)
2019-07-13 10:44:46,623 INFO  server.RaftServerConfigKeys (ConfUtils.java:logGet(43)) - raft.server.sleep.deviation.threshold = 300 (default)
2019-07-13 10:44:46,623 INFO  server.RaftServerConfigKeys (ConfUtils.java:logGet(43)) - raft.server.log.appender.install.snapshot.enabled = false (custom)
2019-07-13 10:44:46,624 INFO  impl.RaftServerImpl (ServerState.java:<init>(105)) - c6de40fd-c0d5-459c-ac64-ecd6486e174f:group-6CCDB6A90E8D ConfigurationManager, init=-1: [8a80f6fc-3c24-4f04-a461-84ff206cd4f5:192.168.157.218:42783, c6de40fd-c0d5-459c-ac64-ecd6486e174f:192.168.157.218:42080, 889ac0db-9bf5-474c-a7b0-2697cc859952:192.168.157.218:37300], old=null, confs=<EMPTY_MAP>
2019-07-13 10:44:46,624 INFO  server.RaftServerConfigKeys (ConfUtils.java:logGet(43)) - raft.server.storage.dir = [/tmp/workdir/hadoop-ozone/integration-test/target/test-dir/MiniOzoneClusterImpl-8ae1f3ed-f636-4fe8-bd46-95e90032052b/datanode-4/data/ratis] (custom)
2019-07-13 10:44:46,624 INFO  impl.RaftServerImpl (RaftServerImpl.java:<init>(93)) - 8a80f6fc-3c24-4f04-a461-84ff206cd4f5: new RaftServerImpl for group-6CCDB6A90E8D:[8a80f6fc-3c24-4f04-a461-84ff206cd4f5:192.168.157.218:42783, c6de40fd-c0d5-459c-ac64-ecd6486e174f:192.168.157.218:42080, 889ac0db-9bf5-474c-a7b0-2697cc859952:192.168.157.218:37300] with ContainerStateMachine:uninitialized
2019-07-13 10:44:46,624 INFO  server.RaftServerConfigKeys (ConfUtils.java:logGet(43)) - raft.server.rpc.timeout.min = 5s (custom)
2019-07-13 10:44:46,624 INFO  storage.RaftStorageDirectory (RaftStorageDirectory.java:analyzeStorage(246)) - The storage directory /tmp/workdir/hadoop-ozone/integration-test/target/test-dir/MiniOzoneClusterImpl-8ae1f3ed-f636-4fe8-bd46-95e90032052b/datanode-4/data/ratis/0a5db0a0-b610-4446-b591-6ccdb6a90e8d does not exist. Creating ...
2019-07-13 10:44:46,625 INFO  server.RaftServerConfigKeys (ConfUtils.java:logGet(43)) - raft.server.rpc.timeout.max = 5200ms (custom)
2019-07-13 10:44:46,625 INFO  server.RaftServerConfigKeys (ConfUtils.java:logGet(43)) - raft.server.rpcslowness.timeout = 120s (custom)
2019-07-13 10:44:46,625 INFO  impl.RaftServerImpl (RaftServerImpl.java:<init>(93)) - 889ac0db-9bf5-474c-a7b0-2697cc859952: new RaftServerImpl for group-6CCDB6A90E8D:[8a80f6fc-3c24-4f04-a461-84ff206cd4f5:192.168.157.218:42783, c6de40fd-c0d5-459c-ac64-ecd6486e174f:192.168.157.218:42080, 889ac0db-9bf5-474c-a7b0-2697cc859952:192.168.157.218:37300] with ContainerStateMachine:uninitialized
2019-07-13 10:44:46,625 INFO  server.RaftServerConfigKeys (ConfUtils.java:logGet(43)) - raft.server.sleep.deviation.threshold = 300 (default)
2019-07-13 10:44:46,625 INFO  server.RaftServerConfigKeys (ConfUtils.java:logGet(43)) - raft.server.rpc.timeout.min = 5s (custom)
2019-07-13 10:44:46,625 INFO  server.RaftServerConfigKeys (ConfUtils.java:logGet(43)) - raft.server.log.appender.install.snapshot.enabled = false (custom)
2019-07-13 10:44:46,626 INFO  server.RaftServerConfigKeys (ConfUtils.java:logGet(43)) - raft.server.rpc.timeout.max = 5200ms (custom)
2019-07-13 10:44:46,626 INFO  impl.RaftServerImpl (ServerState.java:<init>(105)) - 8a80f6fc-3c24-4f04-a461-84ff206cd4f5:group-6CCDB6A90E8D ConfigurationManager, init=-1: [8a80f6fc-3c24-4f04-a461-84ff206cd4f5:192.168.157.218:42783, c6de40fd-c0d5-459c-ac64-ecd6486e174f:192.168.157.218:42080, 889ac0db-9bf5-474c-a7b0-2697cc859952:192.168.157.218:37300], old=null, confs=<EMPTY_MAP>
2019-07-13 10:44:46,626 INFO  server.RaftServerConfigKeys (ConfUtils.java:logGet(43)) - raft.server.rpcslowness.timeout = 120s (custom)
2019-07-13 10:44:46,626 INFO  server.RaftServerConfigKeys (ConfUtils.java:logGet(43)) - raft.server.storage.dir = [/tmp/workdir/hadoop-ozone/integration-test/target/test-dir/MiniOzoneClusterImpl-8ae1f3ed-f636-4fe8-bd46-95e90032052b/datanode-0/data/ratis] (custom)
2019-07-13 10:44:46,626 INFO  server.RaftServerConfigKeys (ConfUtils.java:logGet(43)) - raft.server.sleep.deviation.threshold = 300 (default)
2019-07-13 10:44:46,626 INFO  server.RaftServerConfigKeys (ConfUtils.java:logGet(43)) - raft.server.log.appender.install.snapshot.enabled = false (custom)
2019-07-13 10:44:46,627 INFO  impl.RaftServerImpl (ServerState.java:<init>(105)) - 889ac0db-9bf5-474c-a7b0-2697cc859952:group-6CCDB6A90E8D ConfigurationManager, init=-1: [8a80f6fc-3c24-4f04-a461-84ff206cd4f5:192.168.157.218:42783, c6de40fd-c0d5-459c-ac64-ecd6486e174f:192.168.157.218:42080, 889ac0db-9bf5-474c-a7b0-2697cc859952:192.168.157.218:37300], old=null, confs=<EMPTY_MAP>
2019-07-13 10:44:46,627 INFO  storage.RaftStorageDirectory (RaftStorageDirectory.java:analyzeStorage(246)) - The storage directory /tmp/workdir/hadoop-ozone/integration-test/target/test-dir/MiniOzoneClusterImpl-8ae1f3ed-f636-4fe8-bd46-95e90032052b/datanode-0/data/ratis/0a5db0a0-b610-4446-b591-6ccdb6a90e8d does not exist. Creating ...
2019-07-13 10:44:46,627 INFO  server.RaftServerConfigKeys (ConfUtils.java:logGet(43)) - raft.server.storage.dir = [/tmp/workdir/hadoop-ozone/integration-test/target/test-dir/MiniOzoneClusterImpl-8ae1f3ed-f636-4fe8-bd46-95e90032052b/datanode-6/data/ratis] (custom)
2019-07-13 10:44:46,627 INFO  storage.RaftStorageDirectory (RaftStorageDirectory.java:analyzeStorage(246)) - The storage directory /tmp/workdir/hadoop-ozone/integration-test/target/test-dir/MiniOzoneClusterImpl-8ae1f3ed-f636-4fe8-bd46-95e90032052b/datanode-6/data/ratis/0a5db0a0-b610-4446-b591-6ccdb6a90e8d does not exist. Creating ...
2019-07-13 10:44:46,639 INFO  storage.RaftStorageDirectory (RaftStorageDirectory.java:tryLock(328)) - Lock on /tmp/workdir/hadoop-ozone/integration-test/target/test-dir/MiniOzoneClusterImpl-8ae1f3ed-f636-4fe8-bd46-95e90032052b/datanode-0/data/ratis/0a5db0a0-b610-4446-b591-6ccdb6a90e8d/in_use.lock acquired by nodename 24927@trunk-nightly-qcxv8-4293026562
2019-07-13 10:44:46,639 INFO  storage.RaftStorageDirectory (RaftStorageDirectory.java:tryLock(328)) - Lock on /tmp/workdir/hadoop-ozone/integration-test/target/test-dir/MiniOzoneClusterImpl-8ae1f3ed-f636-4fe8-bd46-95e90032052b/datanode-6/data/ratis/0a5db0a0-b610-4446-b591-6ccdb6a90e8d/in_use.lock acquired by nodename 24927@trunk-nightly-qcxv8-4293026562
2019-07-13 10:44:46,639 INFO  storage.RaftStorageDirectory (RaftStorageDirectory.java:tryLock(328)) - Lock on /tmp/workdir/hadoop-ozone/integration-test/target/test-dir/MiniOzoneClusterImpl-8ae1f3ed-f636-4fe8-bd46-95e90032052b/datanode-4/data/ratis/0a5db0a0-b610-4446-b591-6ccdb6a90e8d/in_use.lock acquired by nodename 24927@trunk-nightly-qcxv8-4293026562
2019-07-13 10:44:46,665 INFO  storage.RaftStorage (RaftStorage.java:format(72)) - Storage directory /tmp/workdir/hadoop-ozone/integration-test/target/test-dir/MiniOzoneClusterImpl-8ae1f3ed-f636-4fe8-bd46-95e90032052b/datanode-6/data/ratis/0a5db0a0-b610-4446-b591-6ccdb6a90e8d has been successfully formatted.
2019-07-13 10:44:46,665 INFO  storage.RaftStorage (RaftStorage.java:format(72)) - Storage directory /tmp/workdir/hadoop-ozone/integration-test/target/test-dir/MiniOzoneClusterImpl-8ae1f3ed-f636-4fe8-bd46-95e90032052b/datanode-0/data/ratis/0a5db0a0-b610-4446-b591-6ccdb6a90e8d has been successfully formatted.
2019-07-13 10:44:46,666 INFO  ratis.ContainerStateMachine (ContainerStateMachine.java:loadSnapshot(200)) - The snapshot info is null.Setting the last applied index to:(t:0, i:~)
2019-07-13 10:44:46,665 INFO  storage.RaftStorage (RaftStorage.java:format(72)) - Storage directory /tmp/workdir/hadoop-ozone/integration-test/target/test-dir/MiniOzoneClusterImpl-8ae1f3ed-f636-4fe8-bd46-95e90032052b/datanode-4/data/ratis/0a5db0a0-b610-4446-b591-6ccdb6a90e8d has been successfully formatted.
2019-07-13 10:44:46,666 INFO  server.RaftServerConfigKeys (ConfUtils.java:logGet(43)) - raft.server.leader.election.timeout = 120s (custom)
2019-07-13 10:44:46,666 INFO  ratis.ContainerStateMachine (ContainerStateMachine.java:loadSnapshot(200)) - The snapshot info is null.Setting the last applied index to:(t:0, i:~)
2019-07-13 10:44:46,666 INFO  ratis.ContainerStateMachine (ContainerStateMachine.java:loadSnapshot(200)) - The snapshot info is null.Setting the last applied index to:(t:0, i:~)
2019-07-13 10:44:46,666 INFO  server.RaftServerConfigKeys (ConfUtils.java:logGet(43)) - raft.server.leader.election.timeout = 120s (custom)
2019-07-13 10:44:46,666 INFO  server.RaftServerConfigKeys (ConfUtils.java:logGet(43)) - raft.server.log.use.memory = false (default)
2019-07-13 10:44:46,667 INFO  server.RaftServerConfigKeys (ConfUtils.java:logGet(43)) - raft.server.log.use.memory = false (default)
2019-07-13 10:44:46,667 INFO  server.RaftServerConfigKeys (ConfUtils.java:logGet(43)) - raft.server.leader.election.timeout = 120s (custom)
2019-07-13 10:44:46,667 INFO  server.RaftServerConfigKeys (ConfUtils.java:logGet(43)) - raft.server.log.purge.gap = 1000000000 (custom)
2019-07-13 10:44:46,667 INFO  server.RaftServerConfigKeys (ConfUtils.java:logGet(43)) - raft.server.log.purge.gap = 1000000000 (custom)
2019-07-13 10:44:46,667 INFO  server.RaftServerConfigKeys (ConfUtils.java:logGet(43)) - raft.server.log.appender.buffer.byte-limit = 33554432 (custom)
2019-07-13 10:44:46,667 INFO  server.RaftServerConfigKeys (ConfUtils.java:logGet(43)) - raft.server.log.use.memory = false (default)
2019-07-13 10:44:46,668 INFO  server.RaftServerConfigKeys (ConfUtils.java:logGet(43)) - raft.server.log.segment.size.max = 1048576 (custom)
2019-07-13 10:44:46,667 INFO  server.RaftServerConfigKeys (ConfUtils.java:logGet(43)) - raft.server.log.appender.buffer.byte-limit = 33554432 (custom)
2019-07-13 10:44:46,668 INFO  server.RaftServerConfigKeys (ConfUtils.java:logGet(43)) - raft.server.log.segment.cache.num.max = 2 (custom)
2019-07-13 10:44:46,668 INFO  server.RaftServerConfigKeys (ConfUtils.java:logGet(43)) - raft.server.log.purge.gap = 1000000000 (custom)
2019-07-13 10:44:46,668 INFO  segmented.SegmentedRaftLogWorker (SegmentedRaftLogWorker.java:<init>(172)) - new c6de40fd-c0d5-459c-ac64-ecd6486e174f-SegmentedRaftLogWorker:Storage Directory /tmp/workdir/hadoop-ozone/integration-test/target/test-dir/MiniOzoneClusterImpl-8ae1f3ed-f636-4fe8-bd46-95e90032052b/datanode-4/data/ratis/0a5db0a0-b610-4446-b591-6ccdb6a90e8d for RaftStorage:Storage Directory /tmp/workdir/hadoop-ozone/integration-test/target/test-dir/MiniOzoneClusterImpl-8ae1f3ed-f636-4fe8-bd46-95e90032052b/datanode-4/data/ratis/0a5db0a0-b610-4446-b591-6ccdb6a90e8d
2019-07-13 10:44:46,668 INFO  server.RaftServerConfigKeys (ConfUtils.java:logGet(43)) - raft.server.log.segment.size.max = 1048576 (custom)
2019-07-13 10:44:46,669 INFO  server.RaftServerConfigKeys (ConfUtils.java:logGet(43)) - raft.server.log.queue.byte-limit = 2147483647 (custom)
2019-07-13 10:44:46,668 INFO  server.RaftServerConfigKeys (ConfUtils.java:logGet(43)) - raft.server.log.appender.buffer.byte-limit = 33554432 (custom)
2019-07-13 10:44:46,669 INFO  server.RaftServerConfigKeys (ConfUtils.java:logGet(43)) - raft.server.log.queue.element-limit = 1024 (custom)
2019-07-13 10:44:46,669 INFO  server.RaftServerConfigKeys (ConfUtils.java:logGet(43)) - raft.server.log.segment.cache.num.max = 2 (custom)
2019-07-13 10:44:46,669 INFO  server.RaftServerConfigKeys (ConfUtils.java:logGet(43)) - raft.server.log.segment.size.max = 1048576 (custom)
2019-07-13 10:44:46,669 INFO  server.RaftServerConfigKeys (ConfUtils.java:logGet(43)) - raft.server.log.segment.size.max = 1048576 (custom)
2019-07-13 10:44:46,670 INFO  server.RaftServerConfigKeys (ConfUtils.java:logGet(43)) - raft.server.log.preallocated.size = 16384 (custom)
2019-07-13 10:44:46,669 INFO  segmented.SegmentedRaftLogWorker (SegmentedRaftLogWorker.java:<init>(172)) - new 889ac0db-9bf5-474c-a7b0-2697cc859952-SegmentedRaftLogWorker:Storage Directory /tmp/workdir/hadoop-ozone/integration-test/target/test-dir/MiniOzoneClusterImpl-8ae1f3ed-f636-4fe8-bd46-95e90032052b/datanode-6/data/ratis/0a5db0a0-b610-4446-b591-6ccdb6a90e8d for RaftStorage:Storage Directory /tmp/workdir/hadoop-ozone/integration-test/target/test-dir/MiniOzoneClusterImpl-8ae1f3ed-f636-4fe8-bd46-95e90032052b/datanode-6/data/ratis/0a5db0a0-b610-4446-b591-6ccdb6a90e8d
2019-07-13 10:44:46,670 INFO  server.RaftServerConfigKeys (ConfUtils.java:logGet(43)) - raft.server.log.write.buffer.size = 33554432 (custom)
2019-07-13 10:44:46,670 INFO  server.RaftServerConfigKeys (ConfUtils.java:logGet(43)) - raft.server.log.segment.cache.num.max = 2 (custom)
2019-07-13 10:44:46,670 INFO  server.RaftServerConfigKeys (ConfUtils.java:logGet(43)) - raft.server.log.force.sync.num = 128 (default)
2019-07-13 10:44:46,671 INFO  server.RaftServerConfigKeys (ConfUtils.java:logGet(43)) - raft.server.log.statemachine.data.sync = true (default)
2019-07-13 10:44:46,670 INFO  server.RaftServerConfigKeys (ConfUtils.java:logGet(43)) - raft.server.log.queue.byte-limit = 2147483647 (custom)
2019-07-13 10:44:46,671 INFO  server.RaftServerConfigKeys (ConfUtils.java:logGet(43)) - raft.server.log.statemachine.data.sync.timeout = 10s (default)
2019-07-13 10:44:46,671 INFO  segmented.SegmentedRaftLogWorker (SegmentedRaftLogWorker.java:<init>(172)) - new 8a80f6fc-3c24-4f04-a461-84ff206cd4f5-SegmentedRaftLogWorker:Storage Directory /tmp/workdir/hadoop-ozone/integration-test/target/test-dir/MiniOzoneClusterImpl-8ae1f3ed-f636-4fe8-bd46-95e90032052b/datanode-0/data/ratis/0a5db0a0-b610-4446-b591-6ccdb6a90e8d for RaftStorage:Storage Directory /tmp/workdir/hadoop-ozone/integration-test/target/test-dir/MiniOzoneClusterImpl-8ae1f3ed-f636-4fe8-bd46-95e90032052b/datanode-0/data/ratis/0a5db0a0-b610-4446-b591-6ccdb6a90e8d
2019-07-13 10:44:46,671 INFO  server.RaftServerConfigKeys (ConfUtils.java:logGet(43)) - raft.server.log.statemachine.data.sync.timeout.retry = -1 (default)
2019-07-13 10:44:46,671 INFO  server.RaftServerConfigKeys (ConfUtils.java:logGet(43)) - raft.server.log.queue.element-limit = 1024 (custom)
2019-07-13 10:44:46,672 INFO  server.RaftServerConfigKeys (ConfUtils.java:logGet(43)) - raft.server.log.statemachine.data.caching.enabled = true (custom)
2019-07-13 10:44:46,671 INFO  server.RaftServerConfigKeys (ConfUtils.java:logGet(43)) - raft.server.log.queue.byte-limit = 2147483647 (custom)
2019-07-13 10:44:46,672 INFO  server.RaftServerConfigKeys (ConfUtils.java:logGet(43)) - raft.server.log.segment.size.max = 1048576 (custom)
2019-07-13 10:44:46,672 INFO  segmented.SegmentedRaftLogWorker (SegmentedRaftLogWorker.java:lambda$new$0(132)) - c6de40fd-c0d5-459c-ac64-ecd6486e174f-SegmentedRaftLogWorker:Storage Directory /tmp/workdir/hadoop-ozone/integration-test/target/test-dir/MiniOzoneClusterImpl-8ae1f3ed-f636-4fe8-bd46-95e90032052b/datanode-4/data/ratis/0a5db0a0-b610-4446-b591-6ccdb6a90e8d: flushIndex: setUnconditionally 0 -> -1
2019-07-13 10:44:46,672 INFO  server.RaftServerConfigKeys (ConfUtils.java:logGet(43)) - raft.server.log.queue.element-limit = 1024 (custom)
2019-07-13 10:44:46,672 INFO  server.RaftServerConfigKeys (ConfUtils.java:logGet(43)) - raft.server.log.preallocated.size = 16384 (custom)
2019-07-13 10:44:46,673 INFO  server.RaftServerConfigKeys (ConfUtils.java:logGet(43)) - raft.server.log.segment.size.max = 1048576 (custom)
2019-07-13 10:44:46,673 INFO  server.RaftServerConfigKeys (ConfUtils.java:logGet(43)) - raft.server.snapshot.auto.trigger.enabled = true (custom)
2019-07-13 10:44:46,673 INFO  server.RaftServerConfigKeys (ConfUtils.java:logGet(43)) - raft.server.log.preallocated.size = 16384 (custom)
2019-07-13 10:44:46,673 INFO  server.RaftServerConfigKeys (ConfUtils.java:logGet(43)) - raft.server.log.write.buffer.size = 33554432 (custom)
2019-07-13 10:44:46,673 INFO  server.RaftServerConfigKeys (ConfUtils.java:logGet(43)) - raft.server.log.write.buffer.size = 33554432 (custom)
2019-07-13 10:44:46,673 INFO  server.RaftServerConfigKeys (ConfUtils.java:logGet(43)) - raft.server.log.force.sync.num = 128 (default)
2019-07-13 10:44:46,673 INFO  server.RaftServerConfigKeys (ConfUtils.java:logGet(43)) - raft.server.snapshot.auto.trigger.threshold = 10000 (custom)
2019-07-13 10:44:46,674 INFO  server.RaftServerConfigKeys (ConfUtils.java:logGet(43)) - raft.server.log.statemachine.data.sync = true (default)
2019-07-13 10:44:46,674 INFO  server.RaftServerConfigKeys (ConfUtils.java:logGet(43)) - raft.server.log.force.sync.num = 128 (default)
2019-07-13 10:44:46,674 INFO  server.RaftServerConfigKeys (ConfUtils.java:logGet(43)) - raft.server.log.statemachine.data.sync.timeout = 10s (default)
2019-07-13 10:44:46,674 INFO  server.RaftServerConfigKeys (ConfUtils.java:logGet(43)) - raft.server.retrycache.expirytime = 600000ms (custom)
2019-07-13 10:44:46,675 INFO  server.RaftServerConfigKeys (ConfUtils.java:logGet(43)) - raft.server.log.statemachine.data.sync.timeout.retry = -1 (default)
2019-07-13 10:44:46,674 INFO  server.RaftServerConfigKeys (ConfUtils.java:logGet(43)) - raft.server.log.statemachine.data.sync = true (default)
2019-07-13 10:44:46,675 INFO  server.RaftServerConfigKeys (ConfUtils.java:logGet(43)) - raft.server.log.statemachine.data.caching.enabled = true (custom)
2019-07-13 10:44:46,675 INFO  impl.RaftServerImpl (RaftServerImpl.java:start(180)) - c6de40fd-c0d5-459c-ac64-ecd6486e174f: start group-6CCDB6A90E8D
2019-07-13 10:44:46,675 INFO  server.RaftServerConfigKeys (ConfUtils.java:logGet(43)) - raft.server.log.statemachine.data.sync.timeout = 10s (default)
2019-07-13 10:44:46,676 INFO  segmented.SegmentedRaftLogWorker (SegmentedRaftLogWorker.java:lambda$new$0(132)) - 8a80f6fc-3c24-4f04-a461-84ff206cd4f5-SegmentedRaftLogWorker:Storage Directory /tmp/workdir/hadoop-ozone/integration-test/target/test-dir/MiniOzoneClusterImpl-8ae1f3ed-f636-4fe8-bd46-95e90032052b/datanode-0/data/ratis/0a5db0a0-b610-4446-b591-6ccdb6a90e8d: flushIndex: setUnconditionally 0 -> -1
2019-07-13 10:44:46,675 INFO  impl.RaftServerImpl (RaftServerImpl.java:setRole(171)) - c6de40fd-c0d5-459c-ac64-ecd6486e174f:group-6CCDB6A90E8D changes role from null to FOLLOWER at term 0 for startAsFollower
2019-07-13 10:44:46,676 INFO  server.RaftServerConfigKeys (ConfUtils.java:logGet(43)) - raft.server.log.statemachine.data.sync.timeout.retry = -1 (default)
2019-07-13 10:44:46,676 INFO  server.RaftServerConfigKeys (ConfUtils.java:logGet(43)) - raft.server.snapshot.auto.trigger.enabled = true (custom)
2019-07-13 10:44:46,676 INFO  impl.RoleInfo (RoleInfo.java:updateAndGet(143)) - c6de40fd-c0d5-459c-ac64-ecd6486e174f: start FollowerState
2019-07-13 10:44:46,676 INFO  server.RaftServerConfigKeys (ConfUtils.java:logGet(43)) - raft.server.snapshot.auto.trigger.threshold = 10000 (custom)
2019-07-13 10:44:46,676 INFO  server.RaftServerConfigKeys (ConfUtils.java:logGet(43)) - raft.server.log.statemachine.data.caching.enabled = true (custom)
2019-07-13 10:44:46,677 INFO  server.RaftServerConfigKeys (ConfUtils.java:logGet(43)) - raft.server.retrycache.expirytime = 600000ms (custom)
2019-07-13 10:44:46,677 INFO  util.JmxRegister (JmxRegister.java:tryRegister(44)) - Successfully registered JMX Bean with object name Ratis:service=RaftServer,group=group-6CCDB6A90E8D,id=c6de40fd-c0d5-459c-ac64-ecd6486e174f
2019-07-13 10:44:46,677 INFO  impl.RaftServerImpl (RaftServerImpl.java:start(180)) - 8a80f6fc-3c24-4f04-a461-84ff206cd4f5: start group-6CCDB6A90E8D
2019-07-13 10:44:46,677 INFO  segmented.SegmentedRaftLogWorker (SegmentedRaftLogWorker.java:lambda$new$0(132)) - 889ac0db-9bf5-474c-a7b0-2697cc859952-SegmentedRaftLogWorker:Storage Directory /tmp/workdir/hadoop-ozone/integration-test/target/test-dir/MiniOzoneClusterImpl-8ae1f3ed-f636-4fe8-bd46-95e90032052b/datanode-6/data/ratis/0a5db0a0-b610-4446-b591-6ccdb6a90e8d: flushIndex: setUnconditionally 0 -> -1
2019-07-13 10:44:46,677 INFO  impl.RaftServerImpl (RaftServerImpl.java:setRole(171)) - 8a80f6fc-3c24-4f04-a461-84ff206cd4f5:group-6CCDB6A90E8D changes role from null to FOLLOWER at term 0 for startAsFollower
2019-07-13 10:44:46,678 INFO  impl.RoleInfo (RoleInfo.java:updateAndGet(143)) - 8a80f6fc-3c24-4f04-a461-84ff206cd4f5: start FollowerState
2019-07-13 10:44:46,678 INFO  server.RaftServerConfigKeys (ConfUtils.java:logGet(43)) - raft.server.snapshot.auto.trigger.enabled = true (custom)
2019-07-13 10:44:46,678 INFO  server.RaftServerConfigKeys (ConfUtils.java:logGet(43)) - raft.server.snapshot.auto.trigger.threshold = 10000 (custom)
2019-07-13 10:44:46,678 INFO  server.RaftServerConfigKeys (ConfUtils.java:logGet(43)) - raft.server.retrycache.expirytime = 600000ms (custom)
2019-07-13 10:44:46,678 INFO  util.JmxRegister (JmxRegister.java:tryRegister(44)) - Successfully registered JMX Bean with object name Ratis:service=RaftServer,group=group-6CCDB6A90E8D,id=8a80f6fc-3c24-4f04-a461-84ff206cd4f5
2019-07-13 10:44:46,679 INFO  impl.RaftServerImpl (RaftServerImpl.java:start(180)) - 889ac0db-9bf5-474c-a7b0-2697cc859952: start group-6CCDB6A90E8D
2019-07-13 10:44:46,679 INFO  impl.RaftServerImpl (RaftServerImpl.java:setRole(171)) - 889ac0db-9bf5-474c-a7b0-2697cc859952:group-6CCDB6A90E8D changes role from null to FOLLOWER at term 0 for startAsFollower
2019-07-13 10:44:46,679 INFO  impl.RoleInfo (RoleInfo.java:updateAndGet(143)) - 889ac0db-9bf5-474c-a7b0-2697cc859952: start FollowerState
2019-07-13 10:44:46,682 INFO  util.JmxRegister (JmxRegister.java:tryRegister(44)) - Successfully registered JMX Bean with object name Ratis:service=RaftServer,group=group-6CCDB6A90E8D,id=889ac0db-9bf5-474c-a7b0-2697cc859952
2019-07-13 10:44:46,690 INFO  pipeline.PipelineStateManager (PipelineStateManager.java:addPipeline(56)) - Created pipeline Pipeline[ Id: 0a5db0a0-b610-4446-b591-6ccdb6a90e8d, Nodes: 889ac0db-9bf5-474c-a7b0-2697cc859952{ip: 192.168.157.218, host: trunk-nightly-qcxv8-4293026562, networkLocation: /default-rack, certSerialId: null}c6de40fd-c0d5-459c-ac64-ecd6486e174f{ip: 192.168.157.218, host: trunk-nightly-qcxv8-4293026562, networkLocation: /default-rack, certSerialId: null}8a80f6fc-3c24-4f04-a461-84ff206cd4f5{ip: 192.168.157.218, host: trunk-nightly-qcxv8-4293026562, networkLocation: /default-rack, certSerialId: null}, Type:RATIS, Factor:THREE, State:OPEN]
2019-07-13 10:44:47,689 WARN  io.KeyOutputStream (KeyOutputStream.java:handleException(276)) - Encountered exception java.io.IOException: Unexpected Storage Container Exception: java.util.concurrent.CompletionException: java.util.concurrent.CompletionException: org.apache.ratis.protocol.GroupMismatchException: 8a80f6fc-3c24-4f04-a461-84ff206cd4f5: group-68FD2DDB45A8 not found. on the pipeline Pipeline[ Id: 4d18d25d-0298-4f63-a765-68fd2ddb45a8, Nodes: 889ac0db-9bf5-474c-a7b0-2697cc859952{ip: 192.168.157.218, host: trunk-nightly-qcxv8-4293026562, networkLocation: /default-rack, certSerialId: null}c6de40fd-c0d5-459c-ac64-ecd6486e174f{ip: 192.168.157.218, host: trunk-nightly-qcxv8-4293026562, networkLocation: /default-rack, certSerialId: null}8a80f6fc-3c24-4f04-a461-84ff206cd4f5{ip: 192.168.157.218, host: trunk-nightly-qcxv8-4293026562, networkLocation: /default-rack, certSerialId: null}, Type:RATIS, Factor:THREE, State:OPEN]. The last committed block length is 400, uncommitted data length is 50 retry count 0
2019-07-13 10:44:47,976 INFO  client.GrpcClientProtocolClient (GrpcClientProtocolClient.java:onNext(255)) - client-49AF6E56D9B1->ff287178-824c-4f15-982f-9bcabf7bd324: receive RaftClientReply:client-49AF6E56D9B1->ff287178-824c-4f15-982f-9bcabf7bd324@group-471A24C48C11, cid=27, SUCCESS, logIndex=1, commits[ff287178-824c-4f15-982f-9bcabf7bd324:c1, 84ac706b-562b-4a88-88e3-dc4f71f227fd:c0, cbcdb08f-5faf-40a3-8d20-afd8283bb5b5:c0]
2019-07-13 10:44:48,084 INFO  client.GrpcClientProtocolClient (GrpcClientProtocolClient.java:onNext(255)) - client-49AF6E56D9B1->ff287178-824c-4f15-982f-9bcabf7bd324: receive RaftClientReply:client-49AF6E56D9B1->ff287178-824c-4f15-982f-9bcabf7bd324@group-471A24C48C11, cid=28, SUCCESS, logIndex=3, commits[ff287178-824c-4f15-982f-9bcabf7bd324:c4, 84ac706b-562b-4a88-88e3-dc4f71f227fd:c3, cbcdb08f-5faf-40a3-8d20-afd8283bb5b5:c3]
2019-07-13 10:44:48,161 INFO  pipeline.Pipeline (Pipeline.java:getProtobufMessage(195)) - Serialize pipeline PipelineID=cdcdeb3c-9a5c-431b-949f-471a24c48c11 with nodesInOrder{ }
2019-07-13 10:44:48,166 INFO  ozone.MiniOzoneClusterImpl (MiniOzoneClusterImpl.java:shutdown(321)) - Shutting down the Mini Ozone Cluster
2019-07-13 10:44:48,167 INFO  ozone.MiniOzoneClusterImpl (MiniOzoneClusterImpl.java:stop(336)) - Stopping the Mini Ozone Cluster
2019-07-13 10:44:48,167 INFO  ozone.MiniOzoneClusterImpl (MiniOzoneClusterImpl.java:stop(338)) - Stopping the OzoneManager
2019-07-13 10:44:48,167 INFO  ipc.Server (Server.java:stop(3082)) - Stopping server on 37566
2019-07-13 10:44:48,183 INFO  ipc.Server (Server.java:run(1185)) - Stopping IPC Server listener on 37566
2019-07-13 10:44:48,187 INFO  utils.BackgroundService (BackgroundService.java:shutdown(148)) - Shutting down service KeyDeletingService
2019-07-13 10:44:48,190 INFO  ipc.Server (Server.java:run(1319)) - Stopping IPC Server Responder
2019-07-13 10:44:48,208 INFO  handler.ContextHandler (ContextHandler.java:doStop(910)) - Stopped o.e.j.w.WebAppContext@3e9803c2{/,null,UNAVAILABLE}{/ozoneManager}
2019-07-13 10:44:48,215 INFO  server.AbstractConnector (AbstractConnector.java:doStop(318)) - Stopped ServerConnector@4525d1d3{HTTP/1.1,[http/1.1]}{0.0.0.0:0}
2019-07-13 10:44:48,216 INFO  handler.ContextHandler (ContextHandler.java:doStop(910)) - Stopped o.e.j.s.ServletContextHandler@7b44b63d{/static,file:///tmp/workdir/hadoop-ozone/integration-test/target/test-classes/webapps/static,UNAVAILABLE}
2019-07-13 10:44:48,216 INFO  handler.ContextHandler (ContextHandler.java:doStop(910)) - Stopped o.e.j.s.ServletContextHandler@2d0bfb24{/logs,file:///tmp/workdir/hadoop-ozone/integration-test/target/log,UNAVAILABLE}
2019-07-13 10:44:48,236 INFO  ozone.MiniOzoneClusterImpl (MiniOzoneClusterImpl.java:stop(344)) - Shutting the HddsDatanodes
2019-07-13 10:44:48,237 INFO  datanode.ObjectStoreHandler (ObjectStoreHandler.java:close(155)) - Closing ObjectStoreHandler.
2019-07-13 10:44:48,237 INFO  datanode.ObjectStoreHandler (ObjectStoreHandler.java:close(155)) - Closing ObjectStoreHandler.
2019-07-13 10:44:48,240 INFO  ozone.HddsDatanodeService (HddsDatanodeService.java:stop(452)) - Stopped plug-in org.apache.hadoop.ozone.web.OzoneHddsDatanodeService@5729b410
2019-07-13 10:44:48,240 INFO  ozone.HddsDatanodeService (HddsDatanodeService.java:stop(452)) - Stopped plug-in org.apache.hadoop.ozone.web.OzoneHddsDatanodeService@15d236fd
2019-07-13 10:44:48,953 INFO  statemachine.DatanodeStateMachine (DatanodeStateMachine.java:lambda$startDaemon$0(350)) - Ozone container server started.
2019-07-13 10:44:49,234 INFO  statemachine.DatanodeStateMachine (DatanodeStateMachine.java:lambda$startDaemon$0(350)) - Ozone container server started.
2019-07-13 10:44:51,720 INFO  impl.FollowerState (FollowerState.java:run(106)) - c6de40fd-c0d5-459c-ac64-ecd6486e174f:group-6CCDB6A90E8D changes to CANDIDATE, lastRpcTime:5043, electionTimeout:5043ms
2019-07-13 10:44:51,720 INFO  impl.RoleInfo (RoleInfo.java:shutdownFollowerState(121)) - c6de40fd-c0d5-459c-ac64-ecd6486e174f: shutdown FollowerState
2019-07-13 10:44:51,720 INFO  impl.RaftServerImpl (RaftServerImpl.java:setRole(171)) - c6de40fd-c0d5-459c-ac64-ecd6486e174f:group-6CCDB6A90E8D changes role from FOLLOWER to CANDIDATE at term 0 for changeToCandidate
2019-07-13 10:44:51,721 INFO  impl.RoleInfo (RoleInfo.java:updateAndGet(143)) - c6de40fd-c0d5-459c-ac64-ecd6486e174f: start LeaderElection
2019-07-13 10:44:51,732 INFO  impl.FollowerState (FollowerState.java:run(106)) - 8a80f6fc-3c24-4f04-a461-84ff206cd4f5:group-6CCDB6A90E8D changes to CANDIDATE, lastRpcTime:5054, electionTimeout:5054ms
2019-07-13 10:44:51,733 INFO  impl.RoleInfo (RoleInfo.java:shutdownFollowerState(121)) - 8a80f6fc-3c24-4f04-a461-84ff206cd4f5: shutdown FollowerState
2019-07-13 10:44:51,733 INFO  impl.RaftServerImpl (RaftServerImpl.java:setRole(171)) - 8a80f6fc-3c24-4f04-a461-84ff206cd4f5:group-6CCDB6A90E8D changes role from FOLLOWER to CANDIDATE at term 0 for changeToCandidate
2019-07-13 10:44:51,733 INFO  impl.RoleInfo (RoleInfo.java:updateAndGet(143)) - 8a80f6fc-3c24-4f04-a461-84ff206cd4f5: start LeaderElection
2019-07-13 10:44:51,743 INFO  impl.FollowerState (FollowerState.java:run(106)) - 889ac0db-9bf5-474c-a7b0-2697cc859952:group-6CCDB6A90E8D changes to CANDIDATE, lastRpcTime:5063, electionTimeout:5060ms
2019-07-13 10:44:51,743 INFO  impl.RoleInfo (RoleInfo.java:shutdownFollowerState(121)) - 889ac0db-9bf5-474c-a7b0-2697cc859952: shutdown FollowerState
2019-07-13 10:44:51,743 INFO  impl.RaftServerImpl (RaftServerImpl.java:setRole(171)) - 889ac0db-9bf5-474c-a7b0-2697cc859952:group-6CCDB6A90E8D changes role from FOLLOWER to CANDIDATE at term 0 for changeToCandidate
2019-07-13 10:44:51,743 INFO  impl.RoleInfo (RoleInfo.java:updateAndGet(143)) - 889ac0db-9bf5-474c-a7b0-2697cc859952: start LeaderElection
2019-07-13 10:44:51,754 INFO  impl.LeaderElection (LeaderElection.java:askForVotes(181)) - c6de40fd-c0d5-459c-ac64-ecd6486e174f:group-6CCDB6A90E8D:LeaderElection14: begin an election at term 1 for -1: [8a80f6fc-3c24-4f04-a461-84ff206cd4f5:192.168.157.218:42783, c6de40fd-c0d5-459c-ac64-ecd6486e174f:192.168.157.218:42080, 889ac0db-9bf5-474c-a7b0-2697cc859952:192.168.157.218:37300], old=null
2019-07-13 10:44:51,756 INFO  impl.LeaderElection (LeaderElection.java:askForVotes(181)) - 8a80f6fc-3c24-4f04-a461-84ff206cd4f5:group-6CCDB6A90E8D:LeaderElection15: begin an election at term 1 for -1: [8a80f6fc-3c24-4f04-a461-84ff206cd4f5:192.168.157.218:42783, c6de40fd-c0d5-459c-ac64-ecd6486e174f:192.168.157.218:42080, 889ac0db-9bf5-474c-a7b0-2697cc859952:192.168.157.218:37300], old=null
2019-07-13 10:44:51,770 INFO  impl.LeaderElection (LeaderElection.java:askForVotes(181)) - 889ac0db-9bf5-474c-a7b0-2697cc859952:group-6CCDB6A90E8D:LeaderElection16: begin an election at term 1 for -1: [8a80f6fc-3c24-4f04-a461-84ff206cd4f5:192.168.157.218:42783, c6de40fd-c0d5-459c-ac64-ecd6486e174f:192.168.157.218:42080, 889ac0db-9bf5-474c-a7b0-2697cc859952:192.168.157.218:37300], old=null
2019-07-13 10:44:51,771 INFO  impl.LeaderElection (LeaderElection.java:logAndReturn(56)) - 8a80f6fc-3c24-4f04-a461-84ff206cd4f5:group-6CCDB6A90E8D:LeaderElection15: Election REJECTED; received 2 response(s) [8a80f6fc-3c24-4f04-a461-84ff206cd4f5<-c6de40fd-c0d5-459c-ac64-ecd6486e174f#0:FAIL-t1, 8a80f6fc-3c24-4f04-a461-84ff206cd4f5<-889ac0db-9bf5-474c-a7b0-2697cc859952#0:FAIL-t1] and 0 exception(s); 8a80f6fc-3c24-4f04-a461-84ff206cd4f5:t1, leader=null, voted=8a80f6fc-3c24-4f04-a461-84ff206cd4f5, raftlog=8a80f6fc-3c24-4f04-a461-84ff206cd4f5-SegmentedRaftLog:OPENED:c-1,f-1,i0, conf=-1: [8a80f6fc-3c24-4f04-a461-84ff206cd4f5:192.168.157.218:42783, c6de40fd-c0d5-459c-ac64-ecd6486e174f:192.168.157.218:42080, 889ac0db-9bf5-474c-a7b0-2697cc859952:192.168.157.218:37300], old=null
2019-07-13 10:44:51,772 INFO  impl.LeaderElection (LeaderElection.java:logAndReturn(56)) - c6de40fd-c0d5-459c-ac64-ecd6486e174f:group-6CCDB6A90E8D:LeaderElection14: Election REJECTED; received 2 response(s) [c6de40fd-c0d5-459c-ac64-ecd6486e174f<-8a80f6fc-3c24-4f04-a461-84ff206cd4f5#0:FAIL-t1, c6de40fd-c0d5-459c-ac64-ecd6486e174f<-889ac0db-9bf5-474c-a7b0-2697cc859952#0:FAIL-t1] and 0 exception(s); c6de40fd-c0d5-459c-ac64-ecd6486e174f:t1, leader=null, voted=c6de40fd-c0d5-459c-ac64-ecd6486e174f, raftlog=c6de40fd-c0d5-459c-ac64-ecd6486e174f-SegmentedRaftLog:OPENED:c-1,f-1,i0, conf=-1: [8a80f6fc-3c24-4f04-a461-84ff206cd4f5:192.168.157.218:42783, c6de40fd-c0d5-459c-ac64-ecd6486e174f:192.168.157.218:42080, 889ac0db-9bf5-474c-a7b0-2697cc859952:192.168.157.218:37300], old=null
2019-07-13 10:44:51,772 INFO  impl.RaftServerImpl (RaftServerImpl.java:setRole(171)) - 8a80f6fc-3c24-4f04-a461-84ff206cd4f5:group-6CCDB6A90E8D changes role from CANDIDATE to FOLLOWER at term 1 for DISCOVERED_A_NEW_TERM
2019-07-13 10:44:51,772 INFO  impl.RaftServerImpl (RaftServerImpl.java:setRole(171)) - c6de40fd-c0d5-459c-ac64-ecd6486e174f:group-6CCDB6A90E8D changes role from CANDIDATE to FOLLOWER at term 1 for DISCOVERED_A_NEW_TERM
2019-07-13 10:44:51,777 INFO  impl.RoleInfo (RoleInfo.java:shutdownLeaderElection(134)) - c6de40fd-c0d5-459c-ac64-ecd6486e174f: shutdown LeaderElection
2019-07-13 10:44:51,775 INFO  impl.RoleInfo (RoleInfo.java:shutdownLeaderElection(134)) - 8a80f6fc-3c24-4f04-a461-84ff206cd4f5: shutdown LeaderElection
2019-07-13 10:44:51,777 INFO  impl.RoleInfo (RoleInfo.java:updateAndGet(143)) - c6de40fd-c0d5-459c-ac64-ecd6486e174f: start FollowerState
2019-07-13 10:44:51,777 INFO  impl.RoleInfo (RoleInfo.java:updateAndGet(143)) - 8a80f6fc-3c24-4f04-a461-84ff206cd4f5: start FollowerState
2019-07-13 10:44:51,786 INFO  impl.LeaderElection (LeaderElection.java:logAndReturn(56)) - 889ac0db-9bf5-474c-a7b0-2697cc859952:group-6CCDB6A90E8D:LeaderElection16: Election REJECTED; received 2 response(s) [889ac0db-9bf5-474c-a7b0-2697cc859952<-8a80f6fc-3c24-4f04-a461-84ff206cd4f5#0:FAIL-t1, 889ac0db-9bf5-474c-a7b0-2697cc859952<-c6de40fd-c0d5-459c-ac64-ecd6486e174f#0:FAIL-t1] and 0 exception(s); 889ac0db-9bf5-474c-a7b0-2697cc859952:t1, leader=null, voted=889ac0db-9bf5-474c-a7b0-2697cc859952, raftlog=889ac0db-9bf5-474c-a7b0-2697cc859952-SegmentedRaftLog:OPENED:c-1,f-1,i0, conf=-1: [8a80f6fc-3c24-4f04-a461-84ff206cd4f5:192.168.157.218:42783, c6de40fd-c0d5-459c-ac64-ecd6486e174f:192.168.157.218:42080, 889ac0db-9bf5-474c-a7b0-2697cc859952:192.168.157.218:37300], old=null
2019-07-13 10:44:51,786 INFO  impl.RaftServerImpl (RaftServerImpl.java:setRole(171)) - 889ac0db-9bf5-474c-a7b0-2697cc859952:group-6CCDB6A90E8D changes role from CANDIDATE to FOLLOWER at term 1 for DISCOVERED_A_NEW_TERM
2019-07-13 10:44:51,793 INFO  impl.RoleInfo (RoleInfo.java:shutdownLeaderElection(134)) - 889ac0db-9bf5-474c-a7b0-2697cc859952: shutdown LeaderElection
2019-07-13 10:44:51,793 INFO  impl.RoleInfo (RoleInfo.java:updateAndGet(143)) - 889ac0db-9bf5-474c-a7b0-2697cc859952: start FollowerState
2019-07-13 10:44:53,246 INFO  ozoneimpl.OzoneContainer (OzoneContainer.java:stop(199)) - Attempting to stop container services.
2019-07-13 10:44:53,246 INFO  ozoneimpl.OzoneContainer (OzoneContainer.java:stop(199)) - Attempting to stop container services.
2019-07-13 10:44:53,247 INFO  impl.RaftServerProxy (RaftServerProxy.java:lambda$close$4(314)) - 84ac706b-562b-4a88-88e3-dc4f71f227fd: close
2019-07-13 10:44:53,247 INFO  impl.RaftServerProxy (RaftServerProxy.java:lambda$close$4(314)) - c6de40fd-c0d5-459c-ac64-ecd6486e174f: close
2019-07-13 10:44:53,249 INFO  impl.RaftServerImpl (RaftServerImpl.java:lambda$shutdown$3(245)) - 84ac706b-562b-4a88-88e3-dc4f71f227fd: shutdown group-471A24C48C11
2019-07-13 10:44:53,249 INFO  impl.RaftServerImpl (RaftServerImpl.java:lambda$shutdown$3(245)) - c6de40fd-c0d5-459c-ac64-ecd6486e174f: shutdown group-6CCDB6A90E8D
2019-07-13 10:44:53,249 INFO  util.JmxRegister (JmxRegister.java:unregister(73)) - Successfully un-registered JMX Bean with object name Ratis:service=RaftServer,group=group-471A24C48C11,id=84ac706b-562b-4a88-88e3-dc4f71f227fd
2019-07-13 10:44:53,250 INFO  util.JmxRegister (JmxRegister.java:unregister(73)) - Successfully un-registered JMX Bean with object name Ratis:service=RaftServer,group=group-6CCDB6A90E8D,id=c6de40fd-c0d5-459c-ac64-ecd6486e174f
2019-07-13 10:44:53,250 INFO  impl.RoleInfo (RoleInfo.java:shutdownFollowerState(121)) - 84ac706b-562b-4a88-88e3-dc4f71f227fd: shutdown FollowerState
2019-07-13 10:44:53,250 INFO  impl.RoleInfo (RoleInfo.java:shutdownFollowerState(121)) - c6de40fd-c0d5-459c-ac64-ecd6486e174f: shutdown FollowerState
2019-07-13 10:44:53,251 INFO  impl.FollowerState (FollowerState.java:run(114)) - 84ac706b-562b-4a88-88e3-dc4f71f227fd: FollowerState was interrupted: java.lang.InterruptedException: sleep interrupted
2019-07-13 10:44:53,251 INFO  impl.FollowerState (FollowerState.java:run(114)) - c6de40fd-c0d5-459c-ac64-ecd6486e174f: FollowerState was interrupted: java.lang.InterruptedException: sleep interrupted
2019-07-13 10:44:53,251 INFO  ratis.ContainerStateMachine (ContainerStateMachine.java:takeSnapshot(246)) - Taking snapshot at termIndex:(t:1, i:3)
2019-07-13 10:44:53,253 INFO  ratis.ContainerStateMachine (ContainerStateMachine.java:takeSnapshot(250)) - Taking a snapshot to file /tmp/workdir/hadoop-ozone/integration-test/target/test-dir/MiniOzoneClusterImpl-8ae1f3ed-f636-4fe8-bd46-95e90032052b/datanode-1/data/ratis/cdcdeb3c-9a5c-431b-949f-471a24c48c11/sm/snapshot.1_3
2019-07-13 10:44:53,251 INFO  impl.StateMachineUpdater (StateMachineUpdater.java:stopAndJoin(115)) - StateMachineUpdater:84ac706b-562b-4a88-88e3-dc4f71f227fd:group-471A24C48C11: set stopIndex = 4
2019-07-13 10:44:53,254 INFO  impl.StateMachineUpdater (StateMachineUpdater.java:takeSnapshot(242)) - StateMachineUpdater:84ac706b-562b-4a88-88e3-dc4f71f227fd:group-471A24C48C11: Took a snapshot at index 3
2019-07-13 10:44:53,251 INFO  ratis.ContainerStateMachine (ContainerStateMachine.java:takeSnapshot(246)) - Taking snapshot at termIndex:(t:0, i:~)
2019-07-13 10:44:53,251 INFO  impl.StateMachineUpdater (StateMachineUpdater.java:stopAndJoin(115)) - StateMachineUpdater:c6de40fd-c0d5-459c-ac64-ecd6486e174f:group-6CCDB6A90E8D: set stopIndex = -1
2019-07-13 10:44:53,254 INFO  impl.StateMachineUpdater (StateMachineUpdater.java:lambda$new$0(80)) - StateMachineUpdater:84ac706b-562b-4a88-88e3-dc4f71f227fd:group-471A24C48C11: snapshotIndex: updateIncreasingly -1 -> 3
2019-07-13 10:44:53,257 INFO  impl.RaftServerImpl (ServerState.java:close(394)) - c6de40fd-c0d5-459c-ac64-ecd6486e174f:group-6CCDB6A90E8D closes. The last applied log index is -1
2019-07-13 10:44:53,257 INFO  impl.RaftServerImpl (ServerState.java:close(394)) - 84ac706b-562b-4a88-88e3-dc4f71f227fd:group-471A24C48C11 closes. The last applied log index is 4
2019-07-13 10:44:53,258 INFO  segmented.SegmentedRaftLogWorker (SegmentedRaftLogWorker.java:run(313)) - c6de40fd-c0d5-459c-ac64-ecd6486e174f-SegmentedRaftLogWorker:Storage Directory /tmp/workdir/hadoop-ozone/integration-test/target/test-dir/MiniOzoneClusterImpl-8ae1f3ed-f636-4fe8-bd46-95e90032052b/datanode-4/data/ratis/0a5db0a0-b610-4446-b591-6ccdb6a90e8d was interrupted, exiting. There are 0 tasks remaining in the queue.
2019-07-13 10:44:53,258 INFO  segmented.SegmentedRaftLogWorker (SegmentedRaftLogWorker.java:close(228)) - c6de40fd-c0d5-459c-ac64-ecd6486e174f-SegmentedRaftLogWorker:Storage Directory /tmp/workdir/hadoop-ozone/integration-test/target/test-dir/MiniOzoneClusterImpl-8ae1f3ed-f636-4fe8-bd46-95e90032052b/datanode-4/data/ratis/0a5db0a0-b610-4446-b591-6ccdb6a90e8d close()
2019-07-13 10:44:53,258 INFO  segmented.SegmentedRaftLogWorker (SegmentedRaftLogWorker.java:run(313)) - 84ac706b-562b-4a88-88e3-dc4f71f227fd-SegmentedRaftLogWorker:Storage Directory /tmp/workdir/hadoop-ozone/integration-test/target/test-dir/MiniOzoneClusterImpl-8ae1f3ed-f636-4fe8-bd46-95e90032052b/datanode-1/data/ratis/cdcdeb3c-9a5c-431b-949f-471a24c48c11 was interrupted, exiting. There are 0 tasks remaining in the queue.
2019-07-13 10:44:53,262 INFO  impl.RaftServerImpl (RaftServerImpl.java:lambda$shutdown$3(245)) - c6de40fd-c0d5-459c-ac64-ecd6486e174f: shutdown group-D86E0AEFD4D4
2019-07-13 10:44:53,265 INFO  segmented.SegmentedRaftLogWorker (SegmentedRaftLogWorker.java:close(228)) - 84ac706b-562b-4a88-88e3-dc4f71f227fd-SegmentedRaftLogWorker:Storage Directory /tmp/workdir/hadoop-ozone/integration-test/target/test-dir/MiniOzoneClusterImpl-8ae1f3ed-f636-4fe8-bd46-95e90032052b/datanode-1/data/ratis/cdcdeb3c-9a5c-431b-949f-471a24c48c11 close()
2019-07-13 10:44:53,265 INFO  util.JmxRegister (JmxRegister.java:unregister(73)) - Successfully un-registered JMX Bean with object name Ratis:service=RaftServer,group=group-D86E0AEFD4D4,id=c6de40fd-c0d5-459c-ac64-ecd6486e174f
2019-07-13 10:44:53,269 INFO  impl.RaftServerImpl (RaftServerImpl.java:lambda$shutdown$3(245)) - 84ac706b-562b-4a88-88e3-dc4f71f227fd: shutdown group-2268AFF6DB7A
2019-07-13 10:44:53,270 INFO  impl.RoleInfo (RoleInfo.java:shutdownLeaderState(104)) - c6de40fd-c0d5-459c-ac64-ecd6486e174f: shutdown LeaderState
2019-07-13 10:44:53,270 INFO  util.JmxRegister (JmxRegister.java:unregister(73)) - Successfully un-registered JMX Bean with object name Ratis:service=RaftServer,group=group-2268AFF6DB7A,id=84ac706b-562b-4a88-88e3-dc4f71f227fd
2019-07-13 10:44:53,271 INFO  impl.PendingRequests (PendingRequests.java:sendNotLeaderResponses(202)) - c6de40fd-c0d5-459c-ac64-ecd6486e174f-PendingRequests: sendNotLeaderResponses
2019-07-13 10:44:53,271 INFO  impl.RoleInfo (RoleInfo.java:shutdownLeaderState(104)) - 84ac706b-562b-4a88-88e3-dc4f71f227fd: shutdown LeaderState
2019-07-13 10:44:53,272 INFO  ratis.ContainerStateMachine (ContainerStateMachine.java:takeSnapshot(246)) - Taking snapshot at termIndex:(t:0, i:~)
2019-07-13 10:44:53,271 INFO  impl.StateMachineUpdater (StateMachineUpdater.java:stopAndJoin(115)) - StateMachineUpdater:c6de40fd-c0d5-459c-ac64-ecd6486e174f:group-D86E0AEFD4D4: set stopIndex = 0
2019-07-13 10:44:53,274 INFO  impl.RaftServerImpl (ServerState.java:close(394)) - c6de40fd-c0d5-459c-ac64-ecd6486e174f:group-D86E0AEFD4D4 closes. The last applied log index is 0
2019-07-13 10:44:53,272 INFO  impl.PendingRequests (PendingRequests.java:sendNotLeaderResponses(202)) - 84ac706b-562b-4a88-88e3-dc4f71f227fd-PendingRequests: sendNotLeaderResponses
2019-07-13 10:44:53,275 INFO  segmented.SegmentedRaftLogWorker (SegmentedRaftLogWorker.java:run(313)) - c6de40fd-c0d5-459c-ac64-ecd6486e174f-SegmentedRaftLogWorker:Storage Directory /tmp/workdir/hadoop-ozone/integration-test/target/test-dir/MiniOzoneClusterImpl-8ae1f3ed-f636-4fe8-bd46-95e90032052b/datanode-4/data/ratis/0479cf50-0a88-46a4-800a-d86e0aefd4d4 was interrupted, exiting. There are 0 tasks remaining in the queue.
2019-07-13 10:44:53,275 INFO  impl.StateMachineUpdater (StateMachineUpdater.java:stopAndJoin(115)) - StateMachineUpdater:84ac706b-562b-4a88-88e3-dc4f71f227fd:group-2268AFF6DB7A: set stopIndex = 0
2019-07-13 10:44:53,277 INFO  ratis.ContainerStateMachine (ContainerStateMachine.java:takeSnapshot(246)) - Taking snapshot at termIndex:(t:0, i:~)
2019-07-13 10:44:53,277 INFO  segmented.SegmentedRaftLogWorker (SegmentedRaftLogWorker.java:close(228)) - c6de40fd-c0d5-459c-ac64-ecd6486e174f-SegmentedRaftLogWorker:Storage Directory /tmp/workdir/hadoop-ozone/integration-test/target/test-dir/MiniOzoneClusterImpl-8ae1f3ed-f636-4fe8-bd46-95e90032052b/datanode-4/data/ratis/0479cf50-0a88-46a4-800a-d86e0aefd4d4 close()
2019-07-13 10:44:53,286 INFO  impl.RaftServerImpl (ServerState.java:close(394)) - 84ac706b-562b-4a88-88e3-dc4f71f227fd:group-2268AFF6DB7A closes. The last applied log index is 0
2019-07-13 10:44:53,291 INFO  segmented.SegmentedRaftLogWorker (SegmentedRaftLogWorker.java:run(313)) - 84ac706b-562b-4a88-88e3-dc4f71f227fd-SegmentedRaftLogWorker:Storage Directory /tmp/workdir/hadoop-ozone/integration-test/target/test-dir/MiniOzoneClusterImpl-8ae1f3ed-f636-4fe8-bd46-95e90032052b/datanode-1/data/ratis/86c2851b-1b56-46c7-8355-2268aff6db7a was interrupted, exiting. There are 0 tasks remaining in the queue.
2019-07-13 10:44:53,291 INFO  server.GrpcService (GrpcService.java:closeImpl(155)) - c6de40fd-c0d5-459c-ac64-ecd6486e174f: shutdown server with port 42080 now
2019-07-13 10:44:53,293 INFO  segmented.SegmentedRaftLogWorker (SegmentedRaftLogWorker.java:close(228)) - 84ac706b-562b-4a88-88e3-dc4f71f227fd-SegmentedRaftLogWorker:Storage Directory /tmp/workdir/hadoop-ozone/integration-test/target/test-dir/MiniOzoneClusterImpl-8ae1f3ed-f636-4fe8-bd46-95e90032052b/datanode-1/data/ratis/86c2851b-1b56-46c7-8355-2268aff6db7a close()
2019-07-13 10:44:53,297 INFO  server.GrpcService (GrpcService.java:closeImpl(155)) - 84ac706b-562b-4a88-88e3-dc4f71f227fd: shutdown server with port 36301 now
2019-07-13 10:44:53,304 INFO  server.GrpcService (GrpcService.java:closeImpl(163)) - c6de40fd-c0d5-459c-ac64-ecd6486e174f: shutdown server with port 42080 successfully
2019-07-13 10:44:53,306 INFO  server.GrpcService (GrpcService.java:closeImpl(163)) - 84ac706b-562b-4a88-88e3-dc4f71f227fd: shutdown server with port 36301 successfully
2019-07-13 10:44:53,307 WARN  server.GrpcServerProtocolService (LogUtils.java:warn(134)) - 84ac706b-562b-4a88-88e3-dc4f71f227fd: appendEntries onError: org.apache.ratis.thirdparty.io.grpc.StatusRuntimeException: CANCELLED: cancelled before receiving half close
2019-07-13 10:44:53,308 INFO  utils.BackgroundService (BackgroundService.java:shutdown(148)) - Shutting down service BlockDeletingService
2019-07-13 10:44:53,308 INFO  utils.BackgroundService (BackgroundService.java:shutdown(148)) - Shutting down service BlockDeletingService
2019-07-13 10:44:53,311 WARN  server.GrpcLogAppender (LogUtils.java:warn(134)) - ff287178-824c-4f15-982f-9bcabf7bd324->84ac706b-562b-4a88-88e3-dc4f71f227fd: Failed appendEntries: org.apache.ratis.thirdparty.io.grpc.StatusRuntimeException: CANCELLED: HTTP/2 error code: CANCEL
Received Rst Stream
2019-07-13 10:44:53,315 WARN  fs.CachingGetSpaceUsed (CachingGetSpaceUsed.java:run(183)) - Thread Interrupted waiting to refresh disk information: sleep interrupted
2019-07-13 10:44:53,315 INFO  impl.FollowerInfo (FollowerInfo.java:lambda$new$0(50)) - ff287178-824c-4f15-982f-9bcabf7bd324->84ac706b-562b-4a88-88e3-dc4f71f227fd: nextIndex: updateUnconditionally 5 -> 4
2019-07-13 10:44:53,315 WARN  fs.CachingGetSpaceUsed (CachingGetSpaceUsed.java:run(183)) - Thread Interrupted waiting to refresh disk information: sleep interrupted
2019-07-13 10:44:53,357 INFO  statemachine.DatanodeStateMachine (DatanodeStateMachine.java:stopDaemon(395)) - Ozone container server stopped.
2019-07-13 10:44:53,358 INFO  statemachine.DatanodeStateMachine (DatanodeStateMachine.java:stopDaemon(395)) - Ozone container server stopped.
2019-07-13 10:44:53,364 INFO  handler.ContextHandler (ContextHandler.java:doStop(910)) - Stopped o.e.j.w.WebAppContext@2e1eb85f{/,null,UNAVAILABLE}{/hddsDatanode}
2019-07-13 10:44:53,364 INFO  handler.ContextHandler (ContextHandler.java:doStop(910)) - Stopped o.e.j.w.WebAppContext@367d34c0{/,null,UNAVAILABLE}{/hddsDatanode}
2019-07-13 10:44:53,365 INFO  server.AbstractConnector (AbstractConnector.java:doStop(318)) - Stopped ServerConnector@ea7a4c3{HTTP/1.1,[http/1.1]}{0.0.0.0:0}
2019-07-13 10:44:53,367 INFO  server.AbstractConnector (AbstractConnector.java:doStop(318)) - Stopped ServerConnector@4ce25e47{HTTP/1.1,[http/1.1]}{0.0.0.0:0}
2019-07-13 10:44:53,367 INFO  handler.ContextHandler (ContextHandler.java:doStop(910)) - Stopped o.e.j.s.ServletContextHandler@364fd4ae{/static,jar:file:/home/user/.m2/repository/org/apache/hadoop/hadoop-hdds-container-service/0.5.0-SNAPSHOT/hadoop-hdds-container-service-0.5.0-SNAPSHOT.jar!/webapps/static,UNAVAILABLE}
2019-07-13 10:44:53,367 INFO  handler.ContextHandler (ContextHandler.java:doStop(910)) - Stopped o.e.j.s.ServletContextHandler@5fef0c19{/static,jar:file:/home/user/.m2/repository/org/apache/hadoop/hadoop-hdds-container-service/0.5.0-SNAPSHOT/hadoop-hdds-container-service-0.5.0-SNAPSHOT.jar!/webapps/static,UNAVAILABLE}
2019-07-13 10:44:53,369 INFO  handler.ContextHandler (ContextHandler.java:doStop(910)) - Stopped o.e.j.s.ServletContextHandler@359066bc{/logs,file:///tmp/workdir/hadoop-ozone/integration-test/target/log,UNAVAILABLE}
2019-07-13 10:44:53,369 INFO  handler.ContextHandler (ContextHandler.java:doStop(910)) - Stopped o.e.j.s.ServletContextHandler@615db358{/logs,file:///tmp/workdir/hadoop-ozone/integration-test/target/log,UNAVAILABLE}
2019-07-13 10:44:53,372 INFO  datanode.ObjectStoreHandler (ObjectStoreHandler.java:close(155)) - Closing ObjectStoreHandler.
2019-07-13 10:44:53,372 INFO  datanode.ObjectStoreHandler (ObjectStoreHandler.java:close(155)) - Closing ObjectStoreHandler.
2019-07-13 10:44:53,372 INFO  ozone.HddsDatanodeService (HddsDatanodeService.java:stop(452)) - Stopped plug-in org.apache.hadoop.ozone.web.OzoneHddsDatanodeService@7436364d
2019-07-13 10:44:53,373 INFO  ozone.HddsDatanodeService (HddsDatanodeService.java:stop(452)) - Stopped plug-in org.apache.hadoop.ozone.web.OzoneHddsDatanodeService@65da01f4
2019-07-13 10:44:53,906 INFO  statemachine.DatanodeStateMachine (DatanodeStateMachine.java:lambda$startDaemon$0(350)) - Ozone container server started.
2019-07-13 10:44:53,945 INFO  statemachine.DatanodeStateMachine (DatanodeStateMachine.java:lambda$startDaemon$0(350)) - Ozone container server started.
2019-07-13 10:44:55,548 WARN  server.GrpcLogAppender (LogUtils.java:warn(134)) - ff287178-824c-4f15-982f-9bcabf7bd324->84ac706b-562b-4a88-88e3-dc4f71f227fd: Failed appendEntries: org.apache.ratis.thirdparty.io.grpc.StatusRuntimeException: UNAVAILABLE: io exception
2019-07-13 10:44:55,551 INFO  impl.FollowerInfo (FollowerInfo.java:lambda$new$0(50)) - ff287178-824c-4f15-982f-9bcabf7bd324->84ac706b-562b-4a88-88e3-dc4f71f227fd: nextIndex: updateUnconditionally 4 -> 3
2019-07-13 10:44:56,883 INFO  impl.FollowerState (FollowerState.java:run(106)) - 8a80f6fc-3c24-4f04-a461-84ff206cd4f5:group-6CCDB6A90E8D changes to CANDIDATE, lastRpcTime:5105, electionTimeout:5100ms
2019-07-13 10:44:56,883 INFO  impl.RoleInfo (RoleInfo.java:shutdownFollowerState(121)) - 8a80f6fc-3c24-4f04-a461-84ff206cd4f5: shutdown FollowerState
2019-07-13 10:44:56,883 INFO  impl.RaftServerImpl (RaftServerImpl.java:setRole(171)) - 8a80f6fc-3c24-4f04-a461-84ff206cd4f5:group-6CCDB6A90E8D changes role from FOLLOWER to CANDIDATE at term 1 for changeToCandidate
2019-07-13 10:44:56,883 INFO  impl.RoleInfo (RoleInfo.java:updateAndGet(143)) - 8a80f6fc-3c24-4f04-a461-84ff206cd4f5: start LeaderElection
2019-07-13 10:44:56,898 INFO  impl.FollowerState (FollowerState.java:run(106)) - 889ac0db-9bf5-474c-a7b0-2697cc859952:group-6CCDB6A90E8D changes to CANDIDATE, lastRpcTime:5105, electionTimeout:5103ms
2019-07-13 10:44:56,899 INFO  impl.RoleInfo (RoleInfo.java:shutdownFollowerState(121)) - 889ac0db-9bf5-474c-a7b0-2697cc859952: shutdown FollowerState
2019-07-13 10:44:56,899 INFO  impl.RaftServerImpl (RaftServerImpl.java:setRole(171)) - 889ac0db-9bf5-474c-a7b0-2697cc859952:group-6CCDB6A90E8D changes role from FOLLOWER to CANDIDATE at term 1 for changeToCandidate
2019-07-13 10:44:56,899 INFO  impl.RoleInfo (RoleInfo.java:updateAndGet(143)) - 889ac0db-9bf5-474c-a7b0-2697cc859952: start LeaderElection
2019-07-13 10:44:56,901 INFO  impl.LeaderElection (LeaderElection.java:askForVotes(181)) - 8a80f6fc-3c24-4f04-a461-84ff206cd4f5:group-6CCDB6A90E8D:LeaderElection17: begin an election at term 2 for -1: [8a80f6fc-3c24-4f04-a461-84ff206cd4f5:192.168.157.218:42783, c6de40fd-c0d5-459c-ac64-ecd6486e174f:192.168.157.218:42080, 889ac0db-9bf5-474c-a7b0-2697cc859952:192.168.157.218:37300], old=null
2019-07-13 10:44:56,910 INFO  impl.LeaderElection (LogUtils.java:infoOrTrace(149)) - 8a80f6fc-3c24-4f04-a461-84ff206cd4f5:group-6CCDB6A90E8D:LeaderElection17 got exception when requesting votes: {}
java.util.concurrent.ExecutionException: org.apache.ratis.thirdparty.io.grpc.StatusRuntimeException: UNAVAILABLE: io exception
	at java.util.concurrent.FutureTask.report(FutureTask.java:122)
	at java.util.concurrent.FutureTask.get(FutureTask.java:192)
	at org.apache.ratis.server.impl.LeaderElection.waitForResults(LeaderElection.java:262)
	at org.apache.ratis.server.impl.LeaderElection.askForVotes(LeaderElection.java:200)
	at org.apache.ratis.server.impl.LeaderElection.run(LeaderElection.java:130)
	at java.lang.Thread.run(Thread.java:748)
Caused by: org.apache.ratis.thirdparty.io.grpc.StatusRuntimeException: UNAVAILABLE: io exception
	at org.apache.ratis.thirdparty.io.grpc.stub.ClientCalls.toStatusRuntimeException(ClientCalls.java:233)
	at org.apache.ratis.thirdparty.io.grpc.stub.ClientCalls.getUnchecked(ClientCalls.java:214)
	at org.apache.ratis.thirdparty.io.grpc.stub.ClientCalls.blockingUnaryCall(ClientCalls.java:139)
	at org.apache.ratis.proto.grpc.RaftServerProtocolServiceGrpc$RaftServerProtocolServiceBlockingStub.requestVote(RaftServerProtocolServiceGrpc.java:265)
	at org.apache.ratis.grpc.server.GrpcServerProtocolClient.requestVote(GrpcServerProtocolClient.java:83)
	at org.apache.ratis.grpc.server.GrpcService.requestVote(GrpcService.java:195)
	at org.apache.ratis.server.impl.LeaderElection.lambda$submitRequests$1(LeaderElection.java:237)
	at java.util.concurrent.FutureTask.run(FutureTask.java:266)
	at java.util.concurrent.Executors$RunnableAdapter.call(Executors.java:511)
	at java.util.concurrent.FutureTask.run(FutureTask.java:266)
	at java.util.concurrent.ThreadPoolExecutor.runWorker(ThreadPoolExecutor.java:1149)
	at java.util.concurrent.ThreadPoolExecutor$Worker.run(ThreadPoolExecutor.java:624)
	... 1 more
Caused by: org.apache.ratis.thirdparty.io.netty.channel.AbstractChannel$AnnotatedConnectException: Connection refused: /192.168.157.218:42080
	at sun.nio.ch.SocketChannelImpl.checkConnect(Native Method)
	at sun.nio.ch.SocketChannelImpl.finishConnect(SocketChannelImpl.java:717)
	at org.apache.ratis.thirdparty.io.netty.channel.socket.nio.NioSocketChannel.doFinishConnect(NioSocketChannel.java:327)
	at org.apache.ratis.thirdparty.io.netty.channel.nio.AbstractNioChannel$AbstractNioUnsafe.finishConnect(AbstractNioChannel.java:340)
	at org.apache.ratis.thirdparty.io.netty.channel.nio.NioEventLoop.processSelectedKey(NioEventLoop.java:632)
	at org.apache.ratis.thirdparty.io.netty.channel.nio.NioEventLoop.processSelectedKeysOptimized(NioEventLoop.java:579)
	at org.apache.ratis.thirdparty.io.netty.channel.nio.NioEventLoop.processSelectedKeys(NioEventLoop.java:496)
	at org.apache.ratis.thirdparty.io.netty.channel.nio.NioEventLoop.run(NioEventLoop.java:458)
	at org.apache.ratis.thirdparty.io.netty.util.concurrent.SingleThreadEventExecutor$5.run(SingleThreadEventExecutor.java:897)
	at org.apache.ratis.thirdparty.io.netty.util.concurrent.FastThreadLocalRunnable.run(FastThreadLocalRunnable.java:30)
	... 1 more
Caused by: java.net.ConnectException: Connection refused
	... 11 more
2019-07-13 10:44:56,916 INFO  impl.LeaderElection (LeaderElection.java:askForVotes(181)) - 889ac0db-9bf5-474c-a7b0-2697cc859952:group-6CCDB6A90E8D:LeaderElection18: begin an election at term 2 for -1: [8a80f6fc-3c24-4f04-a461-84ff206cd4f5:192.168.157.218:42783, c6de40fd-c0d5-459c-ac64-ecd6486e174f:192.168.157.218:42080, 889ac0db-9bf5-474c-a7b0-2697cc859952:192.168.157.218:37300], old=null
2019-07-13 10:44:56,918 INFO  impl.LeaderElection (LeaderElection.java:logAndReturn(56)) - 8a80f6fc-3c24-4f04-a461-84ff206cd4f5:group-6CCDB6A90E8D:LeaderElection17: Election REJECTED; received 1 response(s) [8a80f6fc-3c24-4f04-a461-84ff206cd4f5<-889ac0db-9bf5-474c-a7b0-2697cc859952#0:FAIL-t2] and 1 exception(s); 8a80f6fc-3c24-4f04-a461-84ff206cd4f5:t2, leader=null, voted=8a80f6fc-3c24-4f04-a461-84ff206cd4f5, raftlog=8a80f6fc-3c24-4f04-a461-84ff206cd4f5-SegmentedRaftLog:OPENED:c-1,f-1,i0, conf=-1: [8a80f6fc-3c24-4f04-a461-84ff206cd4f5:192.168.157.218:42783, c6de40fd-c0d5-459c-ac64-ecd6486e174f:192.168.157.218:42080, 889ac0db-9bf5-474c-a7b0-2697cc859952:192.168.157.218:37300], old=null
2019-07-13 10:44:56,919 INFO  impl.LeaderElection (LogUtils.java:infoOrTrace(149)) -   Exception 0: {}
java.util.concurrent.ExecutionException: org.apache.ratis.thirdparty.io.grpc.StatusRuntimeException: UNAVAILABLE: io exception
	at java.util.concurrent.FutureTask.report(FutureTask.java:122)
	at java.util.concurrent.FutureTask.get(FutureTask.java:192)
	at org.apache.ratis.server.impl.LeaderElection.waitForResults(LeaderElection.java:262)
	at org.apache.ratis.server.impl.LeaderElection.askForVotes(LeaderElection.java:200)
	at org.apache.ratis.server.impl.LeaderElection.run(LeaderElection.java:130)
	at java.lang.Thread.run(Thread.java:748)
Caused by: org.apache.ratis.thirdparty.io.grpc.StatusRuntimeException: UNAVAILABLE: io exception
	at org.apache.ratis.thirdparty.io.grpc.stub.ClientCalls.toStatusRuntimeException(ClientCalls.java:233)
	at org.apache.ratis.thirdparty.io.grpc.stub.ClientCalls.getUnchecked(ClientCalls.java:214)
	at org.apache.ratis.thirdparty.io.grpc.stub.ClientCalls.blockingUnaryCall(ClientCalls.java:139)
	at org.apache.ratis.proto.grpc.RaftServerProtocolServiceGrpc$RaftServerProtocolServiceBlockingStub.requestVote(RaftServerProtocolServiceGrpc.java:265)
	at org.apache.ratis.grpc.server.GrpcServerProtocolClient.requestVote(GrpcServerProtocolClient.java:83)
	at org.apache.ratis.grpc.server.GrpcService.requestVote(GrpcService.java:195)
	at org.apache.ratis.server.impl.LeaderElection.lambda$submitRequests$1(LeaderElection.java:237)
	at java.util.concurrent.FutureTask.run(FutureTask.java:266)
	at java.util.concurrent.Executors$RunnableAdapter.call(Executors.java:511)
	at java.util.concurrent.FutureTask.run(FutureTask.java:266)
	at java.util.concurrent.ThreadPoolExecutor.runWorker(ThreadPoolExecutor.java:1149)
	at java.util.concurrent.ThreadPoolExecutor$Worker.run(ThreadPoolExecutor.java:624)
	... 1 more
Caused by: org.apache.ratis.thirdparty.io.netty.channel.AbstractChannel$AnnotatedConnectException: Connection refused: /192.168.157.218:42080
	at sun.nio.ch.SocketChannelImpl.checkConnect(Native Method)
	at sun.nio.ch.SocketChannelImpl.finishConnect(SocketChannelImpl.java:717)
	at org.apache.ratis.thirdparty.io.netty.channel.socket.nio.NioSocketChannel.doFinishConnect(NioSocketChannel.java:327)
	at org.apache.ratis.thirdparty.io.netty.channel.nio.AbstractNioChannel$AbstractNioUnsafe.finishConnect(AbstractNioChannel.java:340)
	at org.apache.ratis.thirdparty.io.netty.channel.nio.NioEventLoop.processSelectedKey(NioEventLoop.java:632)
	at org.apache.ratis.thirdparty.io.netty.channel.nio.NioEventLoop.processSelectedKeysOptimized(NioEventLoop.java:579)
	at org.apache.ratis.thirdparty.io.netty.channel.nio.NioEventLoop.processSelectedKeys(NioEventLoop.java:496)
	at org.apache.ratis.thirdparty.io.netty.channel.nio.NioEventLoop.run(NioEventLoop.java:458)
	at org.apache.ratis.thirdparty.io.netty.util.concurrent.SingleThreadEventExecutor$5.run(SingleThreadEventExecutor.java:897)
	at org.apache.ratis.thirdparty.io.netty.util.concurrent.FastThreadLocalRunnable.run(FastThreadLocalRunnable.java:30)
	... 1 more
Caused by: java.net.ConnectException: Connection refused
	... 11 more
2019-07-13 10:44:56,920 INFO  impl.RaftServerImpl (RaftServerImpl.java:setRole(171)) - 8a80f6fc-3c24-4f04-a461-84ff206cd4f5:group-6CCDB6A90E8D changes role from CANDIDATE to FOLLOWER at term 2 for DISCOVERED_A_NEW_TERM
2019-07-13 10:44:56,920 INFO  impl.LeaderElection (LogUtils.java:infoOrTrace(149)) - 889ac0db-9bf5-474c-a7b0-2697cc859952:group-6CCDB6A90E8D:LeaderElection18 got exception when requesting votes: {}
java.util.concurrent.ExecutionException: org.apache.ratis.thirdparty.io.grpc.StatusRuntimeException: UNAVAILABLE: io exception
	at java.util.concurrent.FutureTask.report(FutureTask.java:122)
	at java.util.concurrent.FutureTask.get(FutureTask.java:192)
	at org.apache.ratis.server.impl.LeaderElection.waitForResults(LeaderElection.java:262)
	at org.apache.ratis.server.impl.LeaderElection.askForVotes(LeaderElection.java:200)
	at org.apache.ratis.server.impl.LeaderElection.run(LeaderElection.java:130)
	at java.lang.Thread.run(Thread.java:748)
Caused by: org.apache.ratis.thirdparty.io.grpc.StatusRuntimeException: UNAVAILABLE: io exception
	at org.apache.ratis.thirdparty.io.grpc.stub.ClientCalls.toStatusRuntimeException(ClientCalls.java:233)
	at org.apache.ratis.thirdparty.io.grpc.stub.ClientCalls.getUnchecked(ClientCalls.java:214)
	at org.apache.ratis.thirdparty.io.grpc.stub.ClientCalls.blockingUnaryCall(ClientCalls.java:139)
	at org.apache.ratis.proto.grpc.RaftServerProtocolServiceGrpc$RaftServerProtocolServiceBlockingStub.requestVote(RaftServerProtocolServiceGrpc.java:265)
	at org.apache.ratis.grpc.server.GrpcServerProtocolClient.requestVote(GrpcServerProtocolClient.java:83)
	at org.apache.ratis.grpc.server.GrpcService.requestVote(GrpcService.java:195)
	at org.apache.ratis.server.impl.LeaderElection.lambda$submitRequests$1(LeaderElection.java:237)
	at java.util.concurrent.FutureTask.run(FutureTask.java:266)
	at java.util.concurrent.Executors$RunnableAdapter.call(Executors.java:511)
	at java.util.concurrent.FutureTask.run(FutureTask.java:266)
	at java.util.concurrent.ThreadPoolExecutor.runWorker(ThreadPoolExecutor.java:1149)
	at java.util.concurrent.ThreadPoolExecutor$Worker.run(ThreadPoolExecutor.java:624)
	... 1 more
Caused by: org.apache.ratis.thirdparty.io.netty.channel.AbstractChannel$AnnotatedConnectException: Connection refused: /192.168.157.218:42080
	at sun.nio.ch.SocketChannelImpl.checkConnect(Native Method)
	at sun.nio.ch.SocketChannelImpl.finishConnect(SocketChannelImpl.java:717)
	at org.apache.ratis.thirdparty.io.netty.channel.socket.nio.NioSocketChannel.doFinishConnect(NioSocketChannel.java:327)
	at org.apache.ratis.thirdparty.io.netty.channel.nio.AbstractNioChannel$AbstractNioUnsafe.finishConnect(AbstractNioChannel.java:340)
	at org.apache.ratis.thirdparty.io.netty.channel.nio.NioEventLoop.processSelectedKey(NioEventLoop.java:632)
	at org.apache.ratis.thirdparty.io.netty.channel.nio.NioEventLoop.processSelectedKeysOptimized(NioEventLoop.java:579)
	at org.apache.ratis.thirdparty.io.netty.channel.nio.NioEventLoop.processSelectedKeys(NioEventLoop.java:496)
	at org.apache.ratis.thirdparty.io.netty.channel.nio.NioEventLoop.run(NioEventLoop.java:458)
	at org.apache.ratis.thirdparty.io.netty.util.concurrent.SingleThreadEventExecutor$5.run(SingleThreadEventExecutor.java:897)
	at org.apache.ratis.thirdparty.io.netty.util.concurrent.FastThreadLocalRunnable.run(FastThreadLocalRunnable.java:30)
	... 1 more
Caused by: java.net.ConnectException: Connection refused
	... 11 more
2019-07-13 10:44:56,920 INFO  impl.RoleInfo (RoleInfo.java:shutdownLeaderElection(134)) - 8a80f6fc-3c24-4f04-a461-84ff206cd4f5: shutdown LeaderElection
2019-07-13 10:44:56,922 INFO  impl.LeaderElection (LeaderElection.java:logAndReturn(56)) - 889ac0db-9bf5-474c-a7b0-2697cc859952:group-6CCDB6A90E8D:LeaderElection18: Election REJECTED; received 1 response(s) [889ac0db-9bf5-474c-a7b0-2697cc859952<-8a80f6fc-3c24-4f04-a461-84ff206cd4f5#0:FAIL-t2] and 1 exception(s); 889ac0db-9bf5-474c-a7b0-2697cc859952:t2, leader=null, voted=889ac0db-9bf5-474c-a7b0-2697cc859952, raftlog=889ac0db-9bf5-474c-a7b0-2697cc859952-SegmentedRaftLog:OPENED:c-1,f-1,i0, conf=-1: [8a80f6fc-3c24-4f04-a461-84ff206cd4f5:192.168.157.218:42783, c6de40fd-c0d5-459c-ac64-ecd6486e174f:192.168.157.218:42080, 889ac0db-9bf5-474c-a7b0-2697cc859952:192.168.157.218:37300], old=null
2019-07-13 10:44:56,923 INFO  impl.RoleInfo (RoleInfo.java:updateAndGet(143)) - 8a80f6fc-3c24-4f04-a461-84ff206cd4f5: start FollowerState
2019-07-13 10:44:56,923 INFO  impl.LeaderElection (LogUtils.java:infoOrTrace(149)) -   Exception 0: {}
java.util.concurrent.ExecutionException: org.apache.ratis.thirdparty.io.grpc.StatusRuntimeException: UNAVAILABLE: io exception
	at java.util.concurrent.FutureTask.report(FutureTask.java:122)
	at java.util.concurrent.FutureTask.get(FutureTask.java:192)
	at org.apache.ratis.server.impl.LeaderElection.waitForResults(LeaderElection.java:262)
	at org.apache.ratis.server.impl.LeaderElection.askForVotes(LeaderElection.java:200)
	at org.apache.ratis.server.impl.LeaderElection.run(LeaderElection.java:130)
	at java.lang.Thread.run(Thread.java:748)
Caused by: org.apache.ratis.thirdparty.io.grpc.StatusRuntimeException: UNAVAILABLE: io exception
	at org.apache.ratis.thirdparty.io.grpc.stub.ClientCalls.toStatusRuntimeException(ClientCalls.java:233)
	at org.apache.ratis.thirdparty.io.grpc.stub.ClientCalls.getUnchecked(ClientCalls.java:214)
	at org.apache.ratis.thirdparty.io.grpc.stub.ClientCalls.blockingUnaryCall(ClientCalls.java:139)
	at org.apache.ratis.proto.grpc.RaftServerProtocolServiceGrpc$RaftServerProtocolServiceBlockingStub.requestVote(RaftServerProtocolServiceGrpc.java:265)
	at org.apache.ratis.grpc.server.GrpcServerProtocolClient.requestVote(GrpcServerProtocolClient.java:83)
	at org.apache.ratis.grpc.server.GrpcService.requestVote(GrpcService.java:195)
	at org.apache.ratis.server.impl.LeaderElection.lambda$submitRequests$1(LeaderElection.java:237)
	at java.util.concurrent.FutureTask.run(FutureTask.java:266)
	at java.util.concurrent.Executors$RunnableAdapter.call(Executors.java:511)
	at java.util.concurrent.FutureTask.run(FutureTask.java:266)
	at java.util.concurrent.ThreadPoolExecutor.runWorker(ThreadPoolExecutor.java:1149)
	at java.util.concurrent.ThreadPoolExecutor$Worker.run(ThreadPoolExecutor.java:624)
	... 1 more
Caused by: org.apache.ratis.thirdparty.io.netty.channel.AbstractChannel$AnnotatedConnectException: Connection refused: /192.168.157.218:42080
	at sun.nio.ch.SocketChannelImpl.checkConnect(Native Method)
	at sun.nio.ch.SocketChannelImpl.finishConnect(SocketChannelImpl.java:717)
	at org.apache.ratis.thirdparty.io.netty.channel.socket.nio.NioSocketChannel.doFinishConnect(NioSocketChannel.java:327)
	at org.apache.ratis.thirdparty.io.netty.channel.nio.AbstractNioChannel$AbstractNioUnsafe.finishConnect(AbstractNioChannel.java:340)
	at org.apache.ratis.thirdparty.io.netty.channel.nio.NioEventLoop.processSelectedKey(NioEventLoop.java:632)
	at org.apache.ratis.thirdparty.io.netty.channel.nio.NioEventLoop.processSelectedKeysOptimized(NioEventLoop.java:579)
	at org.apache.ratis.thirdparty.io.netty.channel.nio.NioEventLoop.processSelectedKeys(NioEventLoop.java:496)
	at org.apache.ratis.thirdparty.io.netty.channel.nio.NioEventLoop.run(NioEventLoop.java:458)
	at org.apache.ratis.thirdparty.io.netty.util.concurrent.SingleThreadEventExecutor$5.run(SingleThreadEventExecutor.java:897)
	at org.apache.ratis.thirdparty.io.netty.util.concurrent.FastThreadLocalRunnable.run(FastThreadLocalRunnable.java:30)
	... 1 more
Caused by: java.net.ConnectException: Connection refused
	... 11 more
2019-07-13 10:44:56,923 INFO  impl.RaftServerImpl (RaftServerImpl.java:setRole(171)) - 889ac0db-9bf5-474c-a7b0-2697cc859952:group-6CCDB6A90E8D changes role from CANDIDATE to FOLLOWER at term 2 for DISCOVERED_A_NEW_TERM
2019-07-13 10:44:56,923 INFO  impl.RoleInfo (RoleInfo.java:shutdownLeaderElection(134)) - 889ac0db-9bf5-474c-a7b0-2697cc859952: shutdown LeaderElection
2019-07-13 10:44:56,924 INFO  impl.RoleInfo (RoleInfo.java:updateAndGet(143)) - 889ac0db-9bf5-474c-a7b0-2697cc859952: start FollowerState
2019-07-13 10:44:58,040 WARN  server.GrpcLogAppender (LogUtils.java:warn(134)) - ff287178-824c-4f15-982f-9bcabf7bd324->84ac706b-562b-4a88-88e3-dc4f71f227fd: Failed appendEntries: org.apache.ratis.thirdparty.io.grpc.StatusRuntimeException: UNAVAILABLE: io exception
2019-07-13 10:44:58,043 INFO  impl.FollowerInfo (FollowerInfo.java:lambda$new$0(50)) - ff287178-824c-4f15-982f-9bcabf7bd324->84ac706b-562b-4a88-88e3-dc4f71f227fd: nextIndex: updateUnconditionally 3 -> 2
2019-07-13 10:44:58,373 INFO  ozoneimpl.OzoneContainer (OzoneContainer.java:stop(199)) - Attempting to stop container services.
2019-07-13 10:44:58,373 INFO  ozoneimpl.OzoneContainer (OzoneContainer.java:stop(199)) - Attempting to stop container services.
2019-07-13 10:44:58,374 INFO  impl.RaftServerProxy (RaftServerProxy.java:lambda$close$4(314)) - 3a9b3501-43b1-4d2d-9cf4-22f207f1f00a: close
2019-07-13 10:44:58,374 INFO  impl.RaftServerProxy (RaftServerProxy.java:lambda$close$4(314)) - cbcdb08f-5faf-40a3-8d20-afd8283bb5b5: close
2019-07-13 10:44:58,374 INFO  impl.RaftServerImpl (RaftServerImpl.java:lambda$shutdown$3(245)) - 3a9b3501-43b1-4d2d-9cf4-22f207f1f00a: shutdown group-A3AE366C0D69
2019-07-13 10:44:58,375 INFO  impl.RaftServerImpl (RaftServerImpl.java:lambda$shutdown$3(245)) - cbcdb08f-5faf-40a3-8d20-afd8283bb5b5: shutdown group-471A24C48C11
2019-07-13 10:44:58,375 INFO  util.JmxRegister (JmxRegister.java:unregister(73)) - Successfully un-registered JMX Bean with object name Ratis:service=RaftServer,group=group-A3AE366C0D69,id=3a9b3501-43b1-4d2d-9cf4-22f207f1f00a
2019-07-13 10:44:58,375 INFO  util.JmxRegister (JmxRegister.java:unregister(73)) - Successfully un-registered JMX Bean with object name Ratis:service=RaftServer,group=group-471A24C48C11,id=cbcdb08f-5faf-40a3-8d20-afd8283bb5b5
2019-07-13 10:44:58,376 INFO  impl.RoleInfo (RoleInfo.java:shutdownLeaderState(104)) - 3a9b3501-43b1-4d2d-9cf4-22f207f1f00a: shutdown LeaderState
2019-07-13 10:44:58,376 INFO  impl.RoleInfo (RoleInfo.java:shutdownFollowerState(121)) - cbcdb08f-5faf-40a3-8d20-afd8283bb5b5: shutdown FollowerState
2019-07-13 10:44:58,377 INFO  impl.StateMachineUpdater (StateMachineUpdater.java:stopAndJoin(115)) - StateMachineUpdater:cbcdb08f-5faf-40a3-8d20-afd8283bb5b5:group-471A24C48C11: set stopIndex = 4
2019-07-13 10:44:58,376 INFO  impl.PendingRequests (PendingRequests.java:sendNotLeaderResponses(202)) - 3a9b3501-43b1-4d2d-9cf4-22f207f1f00a-PendingRequests: sendNotLeaderResponses
2019-07-13 10:44:58,377 INFO  ratis.ContainerStateMachine (ContainerStateMachine.java:takeSnapshot(246)) - Taking snapshot at termIndex:(t:1, i:3)
2019-07-13 10:44:58,377 INFO  impl.FollowerState (FollowerState.java:run(114)) - cbcdb08f-5faf-40a3-8d20-afd8283bb5b5: FollowerState was interrupted: java.lang.InterruptedException: sleep interrupted
2019-07-13 10:44:58,378 INFO  impl.StateMachineUpdater (StateMachineUpdater.java:stopAndJoin(115)) - StateMachineUpdater:3a9b3501-43b1-4d2d-9cf4-22f207f1f00a:group-A3AE366C0D69: set stopIndex = 0
2019-07-13 10:44:58,378 INFO  ratis.ContainerStateMachine (ContainerStateMachine.java:takeSnapshot(250)) - Taking a snapshot to file /tmp/workdir/hadoop-ozone/integration-test/target/test-dir/MiniOzoneClusterImpl-8ae1f3ed-f636-4fe8-bd46-95e90032052b/datanode-3/data/ratis/cdcdeb3c-9a5c-431b-949f-471a24c48c11/sm/snapshot.1_3
2019-07-13 10:44:58,378 INFO  ratis.ContainerStateMachine (ContainerStateMachine.java:takeSnapshot(246)) - Taking snapshot at termIndex:(t:0, i:~)
2019-07-13 10:44:58,379 INFO  impl.RaftServerImpl (ServerState.java:close(394)) - 3a9b3501-43b1-4d2d-9cf4-22f207f1f00a:group-A3AE366C0D69 closes. The last applied log index is 0
2019-07-13 10:44:58,379 INFO  impl.StateMachineUpdater (StateMachineUpdater.java:takeSnapshot(242)) - StateMachineUpdater:cbcdb08f-5faf-40a3-8d20-afd8283bb5b5:group-471A24C48C11: Took a snapshot at index 3
2019-07-13 10:44:58,379 INFO  impl.StateMachineUpdater (StateMachineUpdater.java:lambda$new$0(80)) - StateMachineUpdater:cbcdb08f-5faf-40a3-8d20-afd8283bb5b5:group-471A24C48C11: snapshotIndex: updateIncreasingly -1 -> 3
2019-07-13 10:44:58,379 INFO  segmented.SegmentedRaftLogWorker (SegmentedRaftLogWorker.java:run(313)) - 3a9b3501-43b1-4d2d-9cf4-22f207f1f00a-SegmentedRaftLogWorker:Storage Directory /tmp/workdir/hadoop-ozone/integration-test/target/test-dir/MiniOzoneClusterImpl-8ae1f3ed-f636-4fe8-bd46-95e90032052b/datanode-2/data/ratis/eb8f9704-699c-4b98-a73b-a3ae366c0d69 was interrupted, exiting. There are 0 tasks remaining in the queue.
2019-07-13 10:44:58,380 INFO  impl.RaftServerImpl (ServerState.java:close(394)) - cbcdb08f-5faf-40a3-8d20-afd8283bb5b5:group-471A24C48C11 closes. The last applied log index is 4
2019-07-13 10:44:58,382 INFO  segmented.SegmentedRaftLogWorker (SegmentedRaftLogWorker.java:close(228)) - 3a9b3501-43b1-4d2d-9cf4-22f207f1f00a-SegmentedRaftLogWorker:Storage Directory /tmp/workdir/hadoop-ozone/integration-test/target/test-dir/MiniOzoneClusterImpl-8ae1f3ed-f636-4fe8-bd46-95e90032052b/datanode-2/data/ratis/eb8f9704-699c-4b98-a73b-a3ae366c0d69 close()
2019-07-13 10:44:58,382 INFO  segmented.SegmentedRaftLogWorker (SegmentedRaftLogWorker.java:run(313)) - cbcdb08f-5faf-40a3-8d20-afd8283bb5b5-SegmentedRaftLogWorker:Storage Directory /tmp/workdir/hadoop-ozone/integration-test/target/test-dir/MiniOzoneClusterImpl-8ae1f3ed-f636-4fe8-bd46-95e90032052b/datanode-3/data/ratis/cdcdeb3c-9a5c-431b-949f-471a24c48c11 was interrupted, exiting. There are 0 tasks remaining in the queue.
2019-07-13 10:44:58,386 INFO  server.GrpcService (GrpcService.java:closeImpl(155)) - 3a9b3501-43b1-4d2d-9cf4-22f207f1f00a: shutdown server with port 39231 now
2019-07-13 10:44:58,387 INFO  segmented.SegmentedRaftLogWorker (SegmentedRaftLogWorker.java:close(228)) - cbcdb08f-5faf-40a3-8d20-afd8283bb5b5-SegmentedRaftLogWorker:Storage Directory /tmp/workdir/hadoop-ozone/integration-test/target/test-dir/MiniOzoneClusterImpl-8ae1f3ed-f636-4fe8-bd46-95e90032052b/datanode-3/data/ratis/cdcdeb3c-9a5c-431b-949f-471a24c48c11 close()
2019-07-13 10:44:58,389 INFO  server.GrpcService (GrpcService.java:closeImpl(163)) - 3a9b3501-43b1-4d2d-9cf4-22f207f1f00a: shutdown server with port 39231 successfully
2019-07-13 10:44:58,392 INFO  impl.RaftServerImpl (RaftServerImpl.java:lambda$shutdown$3(245)) - cbcdb08f-5faf-40a3-8d20-afd8283bb5b5: shutdown group-A561BD9D3E90
2019-07-13 10:44:58,393 INFO  util.JmxRegister (JmxRegister.java:unregister(73)) - Successfully un-registered JMX Bean with object name Ratis:service=RaftServer,group=group-A561BD9D3E90,id=cbcdb08f-5faf-40a3-8d20-afd8283bb5b5
2019-07-13 10:44:58,393 INFO  impl.RoleInfo (RoleInfo.java:shutdownLeaderState(104)) - cbcdb08f-5faf-40a3-8d20-afd8283bb5b5: shutdown LeaderState
2019-07-13 10:44:58,393 INFO  impl.PendingRequests (PendingRequests.java:sendNotLeaderResponses(202)) - cbcdb08f-5faf-40a3-8d20-afd8283bb5b5-PendingRequests: sendNotLeaderResponses
2019-07-13 10:44:58,394 INFO  impl.StateMachineUpdater (StateMachineUpdater.java:stopAndJoin(115)) - StateMachineUpdater:cbcdb08f-5faf-40a3-8d20-afd8283bb5b5:group-A561BD9D3E90: set stopIndex = 0
2019-07-13 10:44:58,394 INFO  ratis.ContainerStateMachine (ContainerStateMachine.java:takeSnapshot(246)) - Taking snapshot at termIndex:(t:0, i:~)
2019-07-13 10:44:58,395 INFO  impl.RaftServerImpl (ServerState.java:close(394)) - cbcdb08f-5faf-40a3-8d20-afd8283bb5b5:group-A561BD9D3E90 closes. The last applied log index is 0
2019-07-13 10:44:58,395 INFO  segmented.SegmentedRaftLogWorker (SegmentedRaftLogWorker.java:run(313)) - cbcdb08f-5faf-40a3-8d20-afd8283bb5b5-SegmentedRaftLogWorker:Storage Directory /tmp/workdir/hadoop-ozone/integration-test/target/test-dir/MiniOzoneClusterImpl-8ae1f3ed-f636-4fe8-bd46-95e90032052b/datanode-3/data/ratis/3cc2c43b-f408-4bf9-90f8-a561bd9d3e90 was interrupted, exiting. There are 0 tasks remaining in the queue.
2019-07-13 10:44:58,397 INFO  segmented.SegmentedRaftLogWorker (SegmentedRaftLogWorker.java:close(228)) - cbcdb08f-5faf-40a3-8d20-afd8283bb5b5-SegmentedRaftLogWorker:Storage Directory /tmp/workdir/hadoop-ozone/integration-test/target/test-dir/MiniOzoneClusterImpl-8ae1f3ed-f636-4fe8-bd46-95e90032052b/datanode-3/data/ratis/3cc2c43b-f408-4bf9-90f8-a561bd9d3e90 close()
2019-07-13 10:44:58,401 INFO  server.GrpcService (GrpcService.java:closeImpl(155)) - cbcdb08f-5faf-40a3-8d20-afd8283bb5b5: shutdown server with port 43585 now
2019-07-13 10:44:58,402 WARN  server.GrpcServerProtocolService (LogUtils.java:warn(134)) - cbcdb08f-5faf-40a3-8d20-afd8283bb5b5: appendEntries onError: org.apache.ratis.thirdparty.io.grpc.StatusRuntimeException: CANCELLED: cancelled before receiving half close
2019-07-13 10:44:58,402 INFO  server.GrpcService (GrpcService.java:closeImpl(163)) - cbcdb08f-5faf-40a3-8d20-afd8283bb5b5: shutdown server with port 43585 successfully
2019-07-13 10:44:58,403 WARN  server.GrpcLogAppender (LogUtils.java:warn(134)) - ff287178-824c-4f15-982f-9bcabf7bd324->cbcdb08f-5faf-40a3-8d20-afd8283bb5b5: Failed appendEntries: org.apache.ratis.thirdparty.io.grpc.StatusRuntimeException: CANCELLED: HTTP/2 error code: CANCEL
Received Rst Stream
2019-07-13 10:44:58,414 INFO  impl.FollowerInfo (FollowerInfo.java:lambda$new$0(50)) - ff287178-824c-4f15-982f-9bcabf7bd324->cbcdb08f-5faf-40a3-8d20-afd8283bb5b5: nextIndex: updateUnconditionally 5 -> 4
2019-07-13 10:44:58,415 INFO  utils.BackgroundService (BackgroundService.java:shutdown(148)) - Shutting down service BlockDeletingService
2019-07-13 10:44:58,416 WARN  fs.CachingGetSpaceUsed (CachingGetSpaceUsed.java:run(183)) - Thread Interrupted waiting to refresh disk information: sleep interrupted
2019-07-13 10:44:58,424 INFO  utils.BackgroundService (BackgroundService.java:shutdown(148)) - Shutting down service BlockDeletingService
2019-07-13 10:44:58,429 WARN  fs.CachingGetSpaceUsed (CachingGetSpaceUsed.java:run(183)) - Thread Interrupted waiting to refresh disk information: sleep interrupted
2019-07-13 10:44:58,441 INFO  statemachine.DatanodeStateMachine (DatanodeStateMachine.java:stopDaemon(395)) - Ozone container server stopped.
2019-07-13 10:44:58,442 INFO  handler.ContextHandler (ContextHandler.java:doStop(910)) - Stopped o.e.j.w.WebAppContext@6a2d867d{/,null,UNAVAILABLE}{/hddsDatanode}
2019-07-13 10:44:58,443 INFO  server.AbstractConnector (AbstractConnector.java:doStop(318)) - Stopped ServerConnector@73bb1337{HTTP/1.1,[http/1.1]}{0.0.0.0:0}
2019-07-13 10:44:58,444 INFO  handler.ContextHandler (ContextHandler.java:doStop(910)) - Stopped o.e.j.s.ServletContextHandler@cc9ef8d{/static,jar:file:/home/user/.m2/repository/org/apache/hadoop/hadoop-hdds-container-service/0.5.0-SNAPSHOT/hadoop-hdds-container-service-0.5.0-SNAPSHOT.jar!/webapps/static,UNAVAILABLE}
2019-07-13 10:44:58,444 INFO  handler.ContextHandler (ContextHandler.java:doStop(910)) - Stopped o.e.j.s.ServletContextHandler@1e30db85{/logs,file:///tmp/workdir/hadoop-ozone/integration-test/target/log,UNAVAILABLE}
2019-07-13 10:44:58,446 INFO  datanode.ObjectStoreHandler (ObjectStoreHandler.java:close(155)) - Closing ObjectStoreHandler.
2019-07-13 10:44:58,447 INFO  ozone.HddsDatanodeService (HddsDatanodeService.java:stop(452)) - Stopped plug-in org.apache.hadoop.ozone.web.OzoneHddsDatanodeService@28e7bb31
2019-07-13 10:44:58,451 INFO  statemachine.DatanodeStateMachine (DatanodeStateMachine.java:stopDaemon(395)) - Ozone container server stopped.
2019-07-13 10:44:58,455 INFO  handler.ContextHandler (ContextHandler.java:doStop(910)) - Stopped o.e.j.w.WebAppContext@7197b07f{/,null,UNAVAILABLE}{/hddsDatanode}
2019-07-13 10:44:58,456 INFO  server.AbstractConnector (AbstractConnector.java:doStop(318)) - Stopped ServerConnector@1f10fec6{HTTP/1.1,[http/1.1]}{0.0.0.0:0}
2019-07-13 10:44:58,458 INFO  handler.ContextHandler (ContextHandler.java:doStop(910)) - Stopped o.e.j.s.ServletContextHandler@62ade015{/static,jar:file:/home/user/.m2/repository/org/apache/hadoop/hadoop-hdds-container-service/0.5.0-SNAPSHOT/hadoop-hdds-container-service-0.5.0-SNAPSHOT.jar!/webapps/static,UNAVAILABLE}
2019-07-13 10:44:58,459 INFO  handler.ContextHandler (ContextHandler.java:doStop(910)) - Stopped o.e.j.s.ServletContextHandler@631c6d11{/logs,file:///tmp/workdir/hadoop-ozone/integration-test/target/log,UNAVAILABLE}
2019-07-13 10:44:58,460 INFO  datanode.ObjectStoreHandler (ObjectStoreHandler.java:close(155)) - Closing ObjectStoreHandler.
2019-07-13 10:44:58,460 INFO  ozone.HddsDatanodeService (HddsDatanodeService.java:stop(452)) - Stopped plug-in org.apache.hadoop.ozone.web.OzoneHddsDatanodeService@b4732dc
2019-07-13 10:44:58,826 INFO  statemachine.DatanodeStateMachine (DatanodeStateMachine.java:lambda$startDaemon$0(350)) - Ozone container server started.
2019-07-13 10:44:59,419 INFO  statemachine.DatanodeStateMachine (DatanodeStateMachine.java:lambda$startDaemon$0(350)) - Ozone container server started.
2019-07-13 10:45:00,541 WARN  server.GrpcLogAppender (LogUtils.java:warn(134)) - ff287178-824c-4f15-982f-9bcabf7bd324->84ac706b-562b-4a88-88e3-dc4f71f227fd: Failed appendEntries: org.apache.ratis.thirdparty.io.grpc.StatusRuntimeException: UNAVAILABLE: io exception
2019-07-13 10:45:00,543 INFO  impl.FollowerInfo (FollowerInfo.java:lambda$new$0(50)) - ff287178-824c-4f15-982f-9bcabf7bd324->84ac706b-562b-4a88-88e3-dc4f71f227fd: nextIndex: updateUnconditionally 2 -> 1
2019-07-13 10:45:00,549 WARN  server.GrpcLogAppender (LogUtils.java:warn(134)) - ff287178-824c-4f15-982f-9bcabf7bd324->cbcdb08f-5faf-40a3-8d20-afd8283bb5b5: Failed appendEntries: org.apache.ratis.thirdparty.io.grpc.StatusRuntimeException: UNAVAILABLE: io exception
2019-07-13 10:45:00,551 INFO  impl.FollowerInfo (FollowerInfo.java:lambda$new$0(50)) - ff287178-824c-4f15-982f-9bcabf7bd324->cbcdb08f-5faf-40a3-8d20-afd8283bb5b5: nextIndex: updateUnconditionally 4 -> 3
2019-07-13 10:45:01,937 INFO  impl.FollowerState (FollowerState.java:run(106)) - 8a80f6fc-3c24-4f04-a461-84ff206cd4f5:group-6CCDB6A90E8D changes to CANDIDATE, lastRpcTime:5014, electionTimeout:5014ms
2019-07-13 10:45:01,938 INFO  impl.RoleInfo (RoleInfo.java:shutdownFollowerState(121)) - 8a80f6fc-3c24-4f04-a461-84ff206cd4f5: shutdown FollowerState
2019-07-13 10:45:01,938 INFO  impl.RaftServerImpl (RaftServerImpl.java:setRole(171)) - 8a80f6fc-3c24-4f04-a461-84ff206cd4f5:group-6CCDB6A90E8D changes role from FOLLOWER to CANDIDATE at term 2 for changeToCandidate
2019-07-13 10:45:01,938 INFO  impl.RoleInfo (RoleInfo.java:updateAndGet(143)) - 8a80f6fc-3c24-4f04-a461-84ff206cd4f5: start LeaderElection
2019-07-13 10:45:01,956 INFO  impl.LeaderElection (LeaderElection.java:askForVotes(181)) - 8a80f6fc-3c24-4f04-a461-84ff206cd4f5:group-6CCDB6A90E8D:LeaderElection19: begin an election at term 3 for -1: [8a80f6fc-3c24-4f04-a461-84ff206cd4f5:192.168.157.218:42783, c6de40fd-c0d5-459c-ac64-ecd6486e174f:192.168.157.218:42080, 889ac0db-9bf5-474c-a7b0-2697cc859952:192.168.157.218:37300], old=null
2019-07-13 10:45:01,958 INFO  impl.LeaderElection (LogUtils.java:infoOrTrace(149)) - 8a80f6fc-3c24-4f04-a461-84ff206cd4f5:group-6CCDB6A90E8D:LeaderElection19 got exception when requesting votes: {}
java.util.concurrent.ExecutionException: org.apache.ratis.thirdparty.io.grpc.StatusRuntimeException: UNAVAILABLE: io exception
	at java.util.concurrent.FutureTask.report(FutureTask.java:122)
	at java.util.concurrent.FutureTask.get(FutureTask.java:192)
	at org.apache.ratis.server.impl.LeaderElection.waitForResults(LeaderElection.java:262)
	at org.apache.ratis.server.impl.LeaderElection.askForVotes(LeaderElection.java:200)
	at org.apache.ratis.server.impl.LeaderElection.run(LeaderElection.java:130)
	at java.lang.Thread.run(Thread.java:748)
Caused by: org.apache.ratis.thirdparty.io.grpc.StatusRuntimeException: UNAVAILABLE: io exception
	at org.apache.ratis.thirdparty.io.grpc.stub.ClientCalls.toStatusRuntimeException(ClientCalls.java:233)
	at org.apache.ratis.thirdparty.io.grpc.stub.ClientCalls.getUnchecked(ClientCalls.java:214)
	at org.apache.ratis.thirdparty.io.grpc.stub.ClientCalls.blockingUnaryCall(ClientCalls.java:139)
	at org.apache.ratis.proto.grpc.RaftServerProtocolServiceGrpc$RaftServerProtocolServiceBlockingStub.requestVote(RaftServerProtocolServiceGrpc.java:265)
	at org.apache.ratis.grpc.server.GrpcServerProtocolClient.requestVote(GrpcServerProtocolClient.java:83)
	at org.apache.ratis.grpc.server.GrpcService.requestVote(GrpcService.java:195)
	at org.apache.ratis.server.impl.LeaderElection.lambda$submitRequests$1(LeaderElection.java:237)
	at java.util.concurrent.FutureTask.run(FutureTask.java:266)
	at java.util.concurrent.Executors$RunnableAdapter.call(Executors.java:511)
	at java.util.concurrent.FutureTask.run(FutureTask.java:266)
	at java.util.concurrent.ThreadPoolExecutor.runWorker(ThreadPoolExecutor.java:1149)
	at java.util.concurrent.ThreadPoolExecutor$Worker.run(ThreadPoolExecutor.java:624)
	... 1 more
Caused by: org.apache.ratis.thirdparty.io.netty.channel.AbstractChannel$AnnotatedConnectException: Connection refused: /192.168.157.218:42080
	at sun.nio.ch.SocketChannelImpl.checkConnect(Native Method)
	at sun.nio.ch.SocketChannelImpl.finishConnect(SocketChannelImpl.java:717)
	at org.apache.ratis.thirdparty.io.netty.channel.socket.nio.NioSocketChannel.doFinishConnect(NioSocketChannel.java:327)
	at org.apache.ratis.thirdparty.io.netty.channel.nio.AbstractNioChannel$AbstractNioUnsafe.finishConnect(AbstractNioChannel.java:340)
	at org.apache.ratis.thirdparty.io.netty.channel.nio.NioEventLoop.processSelectedKey(NioEventLoop.java:632)
	at org.apache.ratis.thirdparty.io.netty.channel.nio.NioEventLoop.processSelectedKeysOptimized(NioEventLoop.java:579)
	at org.apache.ratis.thirdparty.io.netty.channel.nio.NioEventLoop.processSelectedKeys(NioEventLoop.java:496)
	at org.apache.ratis.thirdparty.io.netty.channel.nio.NioEventLoop.run(NioEventLoop.java:458)
	at org.apache.ratis.thirdparty.io.netty.util.concurrent.SingleThreadEventExecutor$5.run(SingleThreadEventExecutor.java:897)
	at org.apache.ratis.thirdparty.io.netty.util.concurrent.FastThreadLocalRunnable.run(FastThreadLocalRunnable.java:30)
	... 1 more
Caused by: java.net.ConnectException: Connection refused
	... 11 more
2019-07-13 10:45:01,963 INFO  impl.RaftServerImpl (RaftServerImpl.java:setRole(171)) - 889ac0db-9bf5-474c-a7b0-2697cc859952:group-6CCDB6A90E8D changes role from FOLLOWER to FOLLOWER at term 3 for recognizeCandidate:8a80f6fc-3c24-4f04-a461-84ff206cd4f5
2019-07-13 10:45:01,964 INFO  impl.RoleInfo (RoleInfo.java:shutdownFollowerState(121)) - 889ac0db-9bf5-474c-a7b0-2697cc859952: shutdown FollowerState
2019-07-13 10:45:01,964 INFO  impl.RoleInfo (RoleInfo.java:updateAndGet(143)) - 889ac0db-9bf5-474c-a7b0-2697cc859952: start FollowerState
2019-07-13 10:45:01,964 INFO  impl.FollowerState (FollowerState.java:run(114)) - 889ac0db-9bf5-474c-a7b0-2697cc859952: FollowerState was interrupted: java.lang.InterruptedException: sleep interrupted
2019-07-13 10:45:01,993 INFO  impl.LeaderElection (LeaderElection.java:logAndReturn(56)) - 8a80f6fc-3c24-4f04-a461-84ff206cd4f5:group-6CCDB6A90E8D:LeaderElection19: Election PASSED; received 1 response(s) [8a80f6fc-3c24-4f04-a461-84ff206cd4f5<-889ac0db-9bf5-474c-a7b0-2697cc859952#0:OK-t3] and 1 exception(s); 8a80f6fc-3c24-4f04-a461-84ff206cd4f5:t3, leader=null, voted=8a80f6fc-3c24-4f04-a461-84ff206cd4f5, raftlog=8a80f6fc-3c24-4f04-a461-84ff206cd4f5-SegmentedRaftLog:OPENED:c-1,f-1,i0, conf=-1: [8a80f6fc-3c24-4f04-a461-84ff206cd4f5:192.168.157.218:42783, c6de40fd-c0d5-459c-ac64-ecd6486e174f:192.168.157.218:42080, 889ac0db-9bf5-474c-a7b0-2697cc859952:192.168.157.218:37300], old=null
2019-07-13 10:45:01,993 INFO  impl.LeaderElection (LogUtils.java:infoOrTrace(149)) -   Exception 0: {}
java.util.concurrent.ExecutionException: org.apache.ratis.thirdparty.io.grpc.StatusRuntimeException: UNAVAILABLE: io exception
	at java.util.concurrent.FutureTask.report(FutureTask.java:122)
	at java.util.concurrent.FutureTask.get(FutureTask.java:192)
	at org.apache.ratis.server.impl.LeaderElection.waitForResults(LeaderElection.java:262)
	at org.apache.ratis.server.impl.LeaderElection.askForVotes(LeaderElection.java:200)
	at org.apache.ratis.server.impl.LeaderElection.run(LeaderElection.java:130)
	at java.lang.Thread.run(Thread.java:748)
Caused by: org.apache.ratis.thirdparty.io.grpc.StatusRuntimeException: UNAVAILABLE: io exception
	at org.apache.ratis.thirdparty.io.grpc.stub.ClientCalls.toStatusRuntimeException(ClientCalls.java:233)
	at org.apache.ratis.thirdparty.io.grpc.stub.ClientCalls.getUnchecked(ClientCalls.java:214)
	at org.apache.ratis.thirdparty.io.grpc.stub.ClientCalls.blockingUnaryCall(ClientCalls.java:139)
	at org.apache.ratis.proto.grpc.RaftServerProtocolServiceGrpc$RaftServerProtocolServiceBlockingStub.requestVote(RaftServerProtocolServiceGrpc.java:265)
	at org.apache.ratis.grpc.server.GrpcServerProtocolClient.requestVote(GrpcServerProtocolClient.java:83)
	at org.apache.ratis.grpc.server.GrpcService.requestVote(GrpcService.java:195)
	at org.apache.ratis.server.impl.LeaderElection.lambda$submitRequests$1(LeaderElection.java:237)
	at java.util.concurrent.FutureTask.run(FutureTask.java:266)
	at java.util.concurrent.Executors$RunnableAdapter.call(Executors.java:511)
	at java.util.concurrent.FutureTask.run(FutureTask.java:266)
	at java.util.concurrent.ThreadPoolExecutor.runWorker(ThreadPoolExecutor.java:1149)
	at java.util.concurrent.ThreadPoolExecutor$Worker.run(ThreadPoolExecutor.java:624)
	... 1 more
Caused by: org.apache.ratis.thirdparty.io.netty.channel.AbstractChannel$AnnotatedConnectException: Connection refused: /192.168.157.218:42080
	at sun.nio.ch.SocketChannelImpl.checkConnect(Native Method)
	at sun.nio.ch.SocketChannelImpl.finishConnect(SocketChannelImpl.java:717)
	at org.apache.ratis.thirdparty.io.netty.channel.socket.nio.NioSocketChannel.doFinishConnect(NioSocketChannel.java:327)
	at org.apache.ratis.thirdparty.io.netty.channel.nio.AbstractNioChannel$AbstractNioUnsafe.finishConnect(AbstractNioChannel.java:340)
	at org.apache.ratis.thirdparty.io.netty.channel.nio.NioEventLoop.processSelectedKey(NioEventLoop.java:632)
	at org.apache.ratis.thirdparty.io.netty.channel.nio.NioEventLoop.processSelectedKeysOptimized(NioEventLoop.java:579)
	at org.apache.ratis.thirdparty.io.netty.channel.nio.NioEventLoop.processSelectedKeys(NioEventLoop.java:496)
	at org.apache.ratis.thirdparty.io.netty.channel.nio.NioEventLoop.run(NioEventLoop.java:458)
	at org.apache.ratis.thirdparty.io.netty.util.concurrent.SingleThreadEventExecutor$5.run(SingleThreadEventExecutor.java:897)
	at org.apache.ratis.thirdparty.io.netty.util.concurrent.FastThreadLocalRunnable.run(FastThreadLocalRunnable.java:30)
	... 1 more
Caused by: java.net.ConnectException: Connection refused
	... 11 more
2019-07-13 10:45:01,994 INFO  impl.RoleInfo (RoleInfo.java:shutdownLeaderElection(134)) - 8a80f6fc-3c24-4f04-a461-84ff206cd4f5: shutdown LeaderElection
2019-07-13 10:45:01,994 INFO  impl.RaftServerImpl (RaftServerImpl.java:setRole(171)) - 8a80f6fc-3c24-4f04-a461-84ff206cd4f5:group-6CCDB6A90E8D changes role from CANDIDATE to LEADER at term 3 for changeToLeader
2019-07-13 10:45:01,994 INFO  impl.RaftServerImpl (ServerState.java:setLeader(263)) - 8a80f6fc-3c24-4f04-a461-84ff206cd4f5:group-6CCDB6A90E8D change Leader from null to 8a80f6fc-3c24-4f04-a461-84ff206cd4f5 at term 3 for becomeLeader, leader elected after 15327ms
2019-07-13 10:45:01,994 INFO  server.RaftServerConfigKeys (ConfUtils.java:logGet(43)) - raft.server.staging.catchup.gap = 1000 (default)
2019-07-13 10:45:01,995 INFO  server.RaftServerConfigKeys (ConfUtils.java:logGet(43)) - raft.server.rpc.sleep.time = 25ms (default)
2019-07-13 10:45:01,995 INFO  server.RaftServerConfigKeys (ConfUtils.java:logGet(43)) - raft.server.write.element-limit = 4096 (default)
2019-07-13 10:45:01,995 INFO  server.RaftServerConfigKeys (ConfUtils.java:logGet(43)) - raft.server.watch.timeout = 10s (default)
2019-07-13 10:45:01,995 INFO  server.RaftServerConfigKeys (ConfUtils.java:logGet(43)) - raft.server.watch.timeout.denomination = 1s (default)
2019-07-13 10:45:01,996 INFO  server.RaftServerConfigKeys (ConfUtils.java:logGet(43)) - raft.server.watch.element-limit = 65536 (default)
2019-07-13 10:45:01,996 INFO  server.RaftServerConfigKeys (ConfUtils.java:logGet(43)) - raft.server.log.appender.snapshot.chunk.size.max = 16MB (=16777216) (default)
2019-07-13 10:45:01,996 INFO  server.RaftServerConfigKeys (ConfUtils.java:logGet(43)) - raft.server.log.appender.buffer.byte-limit = 33554432 (custom)
2019-07-13 10:45:01,997 INFO  server.RaftServerConfigKeys (ConfUtils.java:logGet(43)) - raft.server.log.appender.buffer.element-limit = 1 (custom)
2019-07-13 10:45:01,997 INFO  grpc.GrpcConfigKeys$Server (ConfUtils.java:logGet(43)) - raft.grpc.server.leader.outstanding.appends.max = 128 (default)
2019-07-13 10:45:01,997 INFO  server.RaftServerConfigKeys (ConfUtils.java:logGet(43)) - raft.server.rpc.request.timeout = 3000ms (default)
2019-07-13 10:45:01,997 INFO  server.RaftServerConfigKeys (ConfUtils.java:logGet(43)) - raft.server.log.appender.install.snapshot.enabled = false (custom)
2019-07-13 10:45:01,998 INFO  server.RaftServerConfigKeys (ConfUtils.java:logGet(43)) - raft.server.log.appender.snapshot.chunk.size.max = 16MB (=16777216) (default)
2019-07-13 10:45:01,998 INFO  server.RaftServerConfigKeys (ConfUtils.java:logGet(43)) - raft.server.log.appender.buffer.byte-limit = 33554432 (custom)
2019-07-13 10:45:01,998 INFO  server.RaftServerConfigKeys (ConfUtils.java:logGet(43)) - raft.server.log.appender.buffer.element-limit = 1 (custom)
2019-07-13 10:45:01,998 INFO  grpc.GrpcConfigKeys$Server (ConfUtils.java:logGet(43)) - raft.grpc.server.leader.outstanding.appends.max = 128 (default)
2019-07-13 10:45:01,999 INFO  server.RaftServerConfigKeys (ConfUtils.java:logGet(43)) - raft.server.rpc.request.timeout = 3000ms (default)
2019-07-13 10:45:01,999 INFO  server.RaftServerConfigKeys (ConfUtils.java:logGet(43)) - raft.server.log.appender.install.snapshot.enabled = false (custom)
2019-07-13 10:45:01,999 INFO  impl.RoleInfo (RoleInfo.java:updateAndGet(143)) - 8a80f6fc-3c24-4f04-a461-84ff206cd4f5: start LeaderState
2019-07-13 10:45:02,000 INFO  segmented.SegmentedRaftLogWorker (SegmentedRaftLogWorker.java:startLogSegment(380)) - 8a80f6fc-3c24-4f04-a461-84ff206cd4f5-SegmentedRaftLogWorker:Storage Directory /tmp/workdir/hadoop-ozone/integration-test/target/test-dir/MiniOzoneClusterImpl-8ae1f3ed-f636-4fe8-bd46-95e90032052b/datanode-0/data/ratis/0a5db0a0-b610-4446-b591-6ccdb6a90e8d: Starting segment from index:0
2019-07-13 10:45:02,001 INFO  impl.RaftServerImpl (ServerState.java:setRaftConf(361)) - 8a80f6fc-3c24-4f04-a461-84ff206cd4f5:group-6CCDB6A90E8D set configuration 0: [8a80f6fc-3c24-4f04-a461-84ff206cd4f5:192.168.157.218:42783, c6de40fd-c0d5-459c-ac64-ecd6486e174f:192.168.157.218:42080, 889ac0db-9bf5-474c-a7b0-2697cc859952:192.168.157.218:37300], old=null at 0
2019-07-13 10:45:02,002 WARN  server.GrpcLogAppender (LogUtils.java:warn(134)) - 8a80f6fc-3c24-4f04-a461-84ff206cd4f5->c6de40fd-c0d5-459c-ac64-ecd6486e174f: Failed appendEntries: org.apache.ratis.thirdparty.io.grpc.StatusRuntimeException: UNAVAILABLE: io exception
2019-07-13 10:45:02,002 INFO  impl.FollowerInfo (FollowerInfo.java:lambda$new$0(50)) - 8a80f6fc-3c24-4f04-a461-84ff206cd4f5->c6de40fd-c0d5-459c-ac64-ecd6486e174f: nextIndex: updateUnconditionally 0 -> 0
2019-07-13 10:45:02,003 INFO  impl.RaftServerImpl (ServerState.java:setLeader(263)) - 889ac0db-9bf5-474c-a7b0-2697cc859952:group-6CCDB6A90E8D change Leader from null to 8a80f6fc-3c24-4f04-a461-84ff206cd4f5 at term 3 for appendEntries, leader elected after 15337ms
2019-07-13 10:45:02,007 INFO  impl.RaftServerImpl (ServerState.java:setRaftConf(361)) - 889ac0db-9bf5-474c-a7b0-2697cc859952:group-6CCDB6A90E8D set configuration 0: [8a80f6fc-3c24-4f04-a461-84ff206cd4f5:192.168.157.218:42783, c6de40fd-c0d5-459c-ac64-ecd6486e174f:192.168.157.218:42080, 889ac0db-9bf5-474c-a7b0-2697cc859952:192.168.157.218:37300], old=null at 0
2019-07-13 10:45:02,007 INFO  segmented.SegmentedRaftLogWorker (SegmentedRaftLogWorker.java:startLogSegment(380)) - 889ac0db-9bf5-474c-a7b0-2697cc859952-SegmentedRaftLogWorker:Storage Directory /tmp/workdir/hadoop-ozone/integration-test/target/test-dir/MiniOzoneClusterImpl-8ae1f3ed-f636-4fe8-bd46-95e90032052b/datanode-6/data/ratis/0a5db0a0-b610-4446-b591-6ccdb6a90e8d: Starting segment from index:0
2019-07-13 10:45:02,032 INFO  segmented.SegmentedRaftLogWorker (SegmentedRaftLogWorker.java:execute(569)) - 889ac0db-9bf5-474c-a7b0-2697cc859952-SegmentedRaftLogWorker:Storage Directory /tmp/workdir/hadoop-ozone/integration-test/target/test-dir/MiniOzoneClusterImpl-8ae1f3ed-f636-4fe8-bd46-95e90032052b/datanode-6/data/ratis/0a5db0a0-b610-4446-b591-6ccdb6a90e8d: created new log segment /tmp/workdir/hadoop-ozone/integration-test/target/test-dir/MiniOzoneClusterImpl-8ae1f3ed-f636-4fe8-bd46-95e90032052b/datanode-6/data/ratis/0a5db0a0-b610-4446-b591-6ccdb6a90e8d/current/log_inprogress_0
2019-07-13 10:45:02,032 INFO  segmented.SegmentedRaftLogWorker (SegmentedRaftLogWorker.java:execute(569)) - 8a80f6fc-3c24-4f04-a461-84ff206cd4f5-SegmentedRaftLogWorker:Storage Directory /tmp/workdir/hadoop-ozone/integration-test/target/test-dir/MiniOzoneClusterImpl-8ae1f3ed-f636-4fe8-bd46-95e90032052b/datanode-0/data/ratis/0a5db0a0-b610-4446-b591-6ccdb6a90e8d: created new log segment /tmp/workdir/hadoop-ozone/integration-test/target/test-dir/MiniOzoneClusterImpl-8ae1f3ed-f636-4fe8-bd46-95e90032052b/datanode-0/data/ratis/0a5db0a0-b610-4446-b591-6ccdb6a90e8d/current/log_inprogress_0
2019-07-13 10:45:02,048 WARN  server.GrpcLogAppender (LogUtils.java:warn(134)) - 8a80f6fc-3c24-4f04-a461-84ff206cd4f5->c6de40fd-c0d5-459c-ac64-ecd6486e174f: Failed appendEntries: org.apache.ratis.thirdparty.io.grpc.StatusRuntimeException: UNAVAILABLE: io exception
2019-07-13 10:45:02,050 INFO  impl.FollowerInfo (FollowerInfo.java:lambda$new$0(50)) - 8a80f6fc-3c24-4f04-a461-84ff206cd4f5->c6de40fd-c0d5-459c-ac64-ecd6486e174f: nextIndex: updateUnconditionally 1 -> 0
2019-07-13 10:45:03,042 WARN  server.GrpcLogAppender (LogUtils.java:warn(134)) - ff287178-824c-4f15-982f-9bcabf7bd324->84ac706b-562b-4a88-88e3-dc4f71f227fd: Failed appendEntries: org.apache.ratis.thirdparty.io.grpc.StatusRuntimeException: UNAVAILABLE: io exception
2019-07-13 10:45:03,045 INFO  impl.FollowerInfo (FollowerInfo.java:lambda$new$0(50)) - ff287178-824c-4f15-982f-9bcabf7bd324->84ac706b-562b-4a88-88e3-dc4f71f227fd: nextIndex: updateUnconditionally 1 -> 0
2019-07-13 10:45:03,051 WARN  server.GrpcLogAppender (LogUtils.java:warn(134)) - ff287178-824c-4f15-982f-9bcabf7bd324->cbcdb08f-5faf-40a3-8d20-afd8283bb5b5: Failed appendEntries: org.apache.ratis.thirdparty.io.grpc.StatusRuntimeException: UNAVAILABLE: io exception
2019-07-13 10:45:03,052 INFO  impl.FollowerInfo (FollowerInfo.java:lambda$new$0(50)) - ff287178-824c-4f15-982f-9bcabf7bd324->cbcdb08f-5faf-40a3-8d20-afd8283bb5b5: nextIndex: updateUnconditionally 3 -> 2
2019-07-13 10:45:03,447 INFO  ozoneimpl.OzoneContainer (OzoneContainer.java:stop(199)) - Attempting to stop container services.
2019-07-13 10:45:03,448 INFO  impl.RaftServerProxy (RaftServerProxy.java:lambda$close$4(314)) - 889ac0db-9bf5-474c-a7b0-2697cc859952: close
2019-07-13 10:45:03,449 INFO  impl.RaftServerImpl (RaftServerImpl.java:lambda$shutdown$3(245)) - 889ac0db-9bf5-474c-a7b0-2697cc859952: shutdown group-6CCDB6A90E8D
2019-07-13 10:45:03,449 INFO  util.JmxRegister (JmxRegister.java:unregister(73)) - Successfully un-registered JMX Bean with object name Ratis:service=RaftServer,group=group-6CCDB6A90E8D,id=889ac0db-9bf5-474c-a7b0-2697cc859952
2019-07-13 10:45:03,450 INFO  impl.RoleInfo (RoleInfo.java:shutdownFollowerState(121)) - 889ac0db-9bf5-474c-a7b0-2697cc859952: shutdown FollowerState
2019-07-13 10:45:03,450 INFO  impl.StateMachineUpdater (StateMachineUpdater.java:stopAndJoin(115)) - StateMachineUpdater:889ac0db-9bf5-474c-a7b0-2697cc859952:group-6CCDB6A90E8D: set stopIndex = -1
2019-07-13 10:45:03,450 INFO  impl.FollowerState (FollowerState.java:run(114)) - 889ac0db-9bf5-474c-a7b0-2697cc859952: FollowerState was interrupted: java.lang.InterruptedException: sleep interrupted
2019-07-13 10:45:03,450 INFO  ratis.ContainerStateMachine (ContainerStateMachine.java:takeSnapshot(246)) - Taking snapshot at termIndex:(t:0, i:~)
2019-07-13 10:45:03,453 INFO  impl.RaftServerImpl (ServerState.java:close(394)) - 889ac0db-9bf5-474c-a7b0-2697cc859952:group-6CCDB6A90E8D closes. The last applied log index is -1
2019-07-13 10:45:03,453 INFO  segmented.SegmentedRaftLogWorker (SegmentedRaftLogWorker.java:run(313)) - 889ac0db-9bf5-474c-a7b0-2697cc859952-SegmentedRaftLogWorker:Storage Directory /tmp/workdir/hadoop-ozone/integration-test/target/test-dir/MiniOzoneClusterImpl-8ae1f3ed-f636-4fe8-bd46-95e90032052b/datanode-6/data/ratis/0a5db0a0-b610-4446-b591-6ccdb6a90e8d was interrupted, exiting. There are 0 tasks remaining in the queue.
2019-07-13 10:45:03,460 INFO  segmented.SegmentedRaftLogWorker (SegmentedRaftLogWorker.java:close(228)) - 889ac0db-9bf5-474c-a7b0-2697cc859952-SegmentedRaftLogWorker:Storage Directory /tmp/workdir/hadoop-ozone/integration-test/target/test-dir/MiniOzoneClusterImpl-8ae1f3ed-f636-4fe8-bd46-95e90032052b/datanode-6/data/ratis/0a5db0a0-b610-4446-b591-6ccdb6a90e8d close()
2019-07-13 10:45:03,461 INFO  impl.RaftServerImpl (RaftServerImpl.java:lambda$shutdown$3(245)) - 889ac0db-9bf5-474c-a7b0-2697cc859952: shutdown group-A08E5B8F3772
2019-07-13 10:45:03,462 INFO  ozoneimpl.OzoneContainer (OzoneContainer.java:stop(199)) - Attempting to stop container services.
2019-07-13 10:45:03,462 INFO  util.JmxRegister (JmxRegister.java:unregister(73)) - Successfully un-registered JMX Bean with object name Ratis:service=RaftServer,group=group-A08E5B8F3772,id=889ac0db-9bf5-474c-a7b0-2697cc859952
2019-07-13 10:45:03,462 INFO  impl.RaftServerProxy (RaftServerProxy.java:lambda$close$4(314)) - 8a80f6fc-3c24-4f04-a461-84ff206cd4f5: close
2019-07-13 10:45:03,463 INFO  impl.RoleInfo (RoleInfo.java:shutdownLeaderState(104)) - 889ac0db-9bf5-474c-a7b0-2697cc859952: shutdown LeaderState
2019-07-13 10:45:03,463 INFO  impl.RaftServerImpl (RaftServerImpl.java:lambda$shutdown$3(245)) - 8a80f6fc-3c24-4f04-a461-84ff206cd4f5: shutdown group-6CCDB6A90E8D
2019-07-13 10:45:03,463 INFO  impl.PendingRequests (PendingRequests.java:sendNotLeaderResponses(202)) - 889ac0db-9bf5-474c-a7b0-2697cc859952-PendingRequests: sendNotLeaderResponses
2019-07-13 10:45:03,464 INFO  util.JmxRegister (JmxRegister.java:unregister(73)) - Successfully un-registered JMX Bean with object name Ratis:service=RaftServer,group=group-6CCDB6A90E8D,id=8a80f6fc-3c24-4f04-a461-84ff206cd4f5
2019-07-13 10:45:03,464 INFO  impl.StateMachineUpdater (StateMachineUpdater.java:stopAndJoin(115)) - StateMachineUpdater:889ac0db-9bf5-474c-a7b0-2697cc859952:group-A08E5B8F3772: set stopIndex = 0
2019-07-13 10:45:03,464 INFO  impl.RoleInfo (RoleInfo.java:shutdownLeaderState(104)) - 8a80f6fc-3c24-4f04-a461-84ff206cd4f5: shutdown LeaderState
2019-07-13 10:45:03,464 INFO  ratis.ContainerStateMachine (ContainerStateMachine.java:takeSnapshot(246)) - Taking snapshot at termIndex:(t:0, i:~)
2019-07-13 10:45:03,468 INFO  impl.PendingRequests (PendingRequests.java:sendNotLeaderResponses(202)) - 8a80f6fc-3c24-4f04-a461-84ff206cd4f5-PendingRequests: sendNotLeaderResponses
2019-07-13 10:45:03,468 INFO  impl.RaftServerImpl (ServerState.java:close(394)) - 889ac0db-9bf5-474c-a7b0-2697cc859952:group-A08E5B8F3772 closes. The last applied log index is 0
2019-07-13 10:45:03,468 WARN  server.GrpcLogAppender (GrpcLogAppender.java:mayWait(143)) - GrpcLogAppender(8a80f6fc-3c24-4f04-a461-84ff206cd4f5->c6de40fd-c0d5-459c-ac64-ecd6486e174f): Wait interrupted by java.lang.InterruptedException
2019-07-13 10:45:03,468 WARN  server.GrpcLogAppender (GrpcLogAppender.java:mayWait(143)) - GrpcLogAppender(8a80f6fc-3c24-4f04-a461-84ff206cd4f5->889ac0db-9bf5-474c-a7b0-2697cc859952): Wait interrupted by java.lang.InterruptedException
2019-07-13 10:45:03,469 INFO  segmented.SegmentedRaftLogWorker (SegmentedRaftLogWorker.java:run(313)) - 889ac0db-9bf5-474c-a7b0-2697cc859952-SegmentedRaftLogWorker:Storage Directory /tmp/workdir/hadoop-ozone/integration-test/target/test-dir/MiniOzoneClusterImpl-8ae1f3ed-f636-4fe8-bd46-95e90032052b/datanode-6/data/ratis/8ddaf1a2-3b18-4e09-bc46-a08e5b8f3772 was interrupted, exiting. There are 0 tasks remaining in the queue.
2019-07-13 10:45:03,468 INFO  ratis.ContainerStateMachine (ContainerStateMachine.java:takeSnapshot(246)) - Taking snapshot at termIndex:(t:0, i:~)
2019-07-13 10:45:03,469 INFO  segmented.SegmentedRaftLogWorker (SegmentedRaftLogWorker.java:close(228)) - 889ac0db-9bf5-474c-a7b0-2697cc859952-SegmentedRaftLogWorker:Storage Directory /tmp/workdir/hadoop-ozone/integration-test/target/test-dir/MiniOzoneClusterImpl-8ae1f3ed-f636-4fe8-bd46-95e90032052b/datanode-6/data/ratis/8ddaf1a2-3b18-4e09-bc46-a08e5b8f3772 close()
2019-07-13 10:45:03,468 INFO  impl.StateMachineUpdater (StateMachineUpdater.java:stopAndJoin(115)) - StateMachineUpdater:8a80f6fc-3c24-4f04-a461-84ff206cd4f5:group-6CCDB6A90E8D: set stopIndex = 0
2019-07-13 10:45:03,471 INFO  server.GrpcService (GrpcService.java:closeImpl(155)) - 889ac0db-9bf5-474c-a7b0-2697cc859952: shutdown server with port 37300 now
2019-07-13 10:45:03,470 INFO  server.GrpcServerProtocolService (GrpcServerProtocolService.java:onCompleted(104)) - 889ac0db-9bf5-474c-a7b0-2697cc859952: appendEntries completed
2019-07-13 10:45:03,471 INFO  impl.RaftServerImpl (ServerState.java:close(394)) - 8a80f6fc-3c24-4f04-a461-84ff206cd4f5:group-6CCDB6A90E8D closes. The last applied log index is 0
2019-07-13 10:45:03,472 INFO  segmented.SegmentedRaftLogWorker (SegmentedRaftLogWorker.java:run(313)) - 8a80f6fc-3c24-4f04-a461-84ff206cd4f5-SegmentedRaftLogWorker:Storage Directory /tmp/workdir/hadoop-ozone/integration-test/target/test-dir/MiniOzoneClusterImpl-8ae1f3ed-f636-4fe8-bd46-95e90032052b/datanode-0/data/ratis/0a5db0a0-b610-4446-b591-6ccdb6a90e8d was interrupted, exiting. There are 0 tasks remaining in the queue.
2019-07-13 10:45:03,473 INFO  segmented.SegmentedRaftLogWorker (SegmentedRaftLogWorker.java:close(228)) - 8a80f6fc-3c24-4f04-a461-84ff206cd4f5-SegmentedRaftLogWorker:Storage Directory /tmp/workdir/hadoop-ozone/integration-test/target/test-dir/MiniOzoneClusterImpl-8ae1f3ed-f636-4fe8-bd46-95e90032052b/datanode-0/data/ratis/0a5db0a0-b610-4446-b591-6ccdb6a90e8d close()
2019-07-13 10:45:03,473 INFO  server.GrpcService (GrpcService.java:closeImpl(163)) - 889ac0db-9bf5-474c-a7b0-2697cc859952: shutdown server with port 37300 successfully
2019-07-13 10:45:03,475 INFO  server.GrpcLogAppender (GrpcLogAppender.java:onError(281)) - GrpcLogAppender(8a80f6fc-3c24-4f04-a461-84ff206cd4f5->889ac0db-9bf5-474c-a7b0-2697cc859952) is stopped
2019-07-13 10:45:03,475 INFO  impl.RaftServerImpl (RaftServerImpl.java:lambda$shutdown$3(245)) - 8a80f6fc-3c24-4f04-a461-84ff206cd4f5: shutdown group-FCF0B07C44D9
2019-07-13 10:45:03,476 INFO  util.JmxRegister (JmxRegister.java:unregister(73)) - Successfully un-registered JMX Bean with object name Ratis:service=RaftServer,group=group-FCF0B07C44D9,id=8a80f6fc-3c24-4f04-a461-84ff206cd4f5
2019-07-13 10:45:03,476 INFO  impl.RoleInfo (RoleInfo.java:shutdownLeaderState(104)) - 8a80f6fc-3c24-4f04-a461-84ff206cd4f5: shutdown LeaderState
2019-07-13 10:45:03,476 INFO  impl.PendingRequests (PendingRequests.java:sendNotLeaderResponses(202)) - 8a80f6fc-3c24-4f04-a461-84ff206cd4f5-PendingRequests: sendNotLeaderResponses
2019-07-13 10:45:03,477 INFO  impl.StateMachineUpdater (StateMachineUpdater.java:stopAndJoin(115)) - StateMachineUpdater:8a80f6fc-3c24-4f04-a461-84ff206cd4f5:group-FCF0B07C44D9: set stopIndex = 0
2019-07-13 10:45:03,477 INFO  ratis.ContainerStateMachine (ContainerStateMachine.java:takeSnapshot(246)) - Taking snapshot at termIndex:(t:0, i:~)
2019-07-13 10:45:03,477 INFO  impl.RaftServerImpl (ServerState.java:close(394)) - 8a80f6fc-3c24-4f04-a461-84ff206cd4f5:group-FCF0B07C44D9 closes. The last applied log index is 0
2019-07-13 10:45:03,478 INFO  segmented.SegmentedRaftLogWorker (SegmentedRaftLogWorker.java:run(313)) - 8a80f6fc-3c24-4f04-a461-84ff206cd4f5-SegmentedRaftLogWorker:Storage Directory /tmp/workdir/hadoop-ozone/integration-test/target/test-dir/MiniOzoneClusterImpl-8ae1f3ed-f636-4fe8-bd46-95e90032052b/datanode-0/data/ratis/a7329b92-b03a-41c4-85b4-fcf0b07c44d9 was interrupted, exiting. There are 0 tasks remaining in the queue.
2019-07-13 10:45:03,478 INFO  segmented.SegmentedRaftLogWorker (SegmentedRaftLogWorker.java:close(228)) - 8a80f6fc-3c24-4f04-a461-84ff206cd4f5-SegmentedRaftLogWorker:Storage Directory /tmp/workdir/hadoop-ozone/integration-test/target/test-dir/MiniOzoneClusterImpl-8ae1f3ed-f636-4fe8-bd46-95e90032052b/datanode-0/data/ratis/a7329b92-b03a-41c4-85b4-fcf0b07c44d9 close()
2019-07-13 10:45:03,481 INFO  server.GrpcService (GrpcService.java:closeImpl(155)) - 8a80f6fc-3c24-4f04-a461-84ff206cd4f5: shutdown server with port 42783 now
2019-07-13 10:45:03,482 INFO  server.GrpcService (GrpcService.java:closeImpl(163)) - 8a80f6fc-3c24-4f04-a461-84ff206cd4f5: shutdown server with port 42783 successfully
2019-07-13 10:45:03,485 INFO  utils.BackgroundService (BackgroundService.java:shutdown(148)) - Shutting down service BlockDeletingService
2019-07-13 10:45:03,488 WARN  fs.CachingGetSpaceUsed (CachingGetSpaceUsed.java:run(183)) - Thread Interrupted waiting to refresh disk information: sleep interrupted
2019-07-13 10:45:03,496 INFO  utils.BackgroundService (BackgroundService.java:shutdown(148)) - Shutting down service BlockDeletingService
2019-07-13 10:45:03,504 WARN  fs.CachingGetSpaceUsed (CachingGetSpaceUsed.java:run(183)) - Thread Interrupted waiting to refresh disk information: sleep interrupted
2019-07-13 10:45:03,515 INFO  statemachine.DatanodeStateMachine (DatanodeStateMachine.java:stopDaemon(395)) - Ozone container server stopped.
2019-07-13 10:45:03,520 INFO  handler.ContextHandler (ContextHandler.java:doStop(910)) - Stopped o.e.j.w.WebAppContext@37e0292a{/,null,UNAVAILABLE}{/hddsDatanode}
2019-07-13 10:45:03,521 INFO  server.AbstractConnector (AbstractConnector.java:doStop(318)) - Stopped ServerConnector@4af70944{HTTP/1.1,[http/1.1]}{0.0.0.0:0}
2019-07-13 10:45:03,522 INFO  handler.ContextHandler (ContextHandler.java:doStop(910)) - Stopped o.e.j.s.ServletContextHandler@7915bca3{/static,jar:file:/home/user/.m2/repository/org/apache/hadoop/hadoop-hdds-container-service/0.5.0-SNAPSHOT/hadoop-hdds-container-service-0.5.0-SNAPSHOT.jar!/webapps/static,UNAVAILABLE}
2019-07-13 10:45:03,523 INFO  handler.ContextHandler (ContextHandler.java:doStop(910)) - Stopped o.e.j.s.ServletContextHandler@36cc9385{/logs,file:///tmp/workdir/hadoop-ozone/integration-test/target/log,UNAVAILABLE}
2019-07-13 10:45:03,524 INFO  datanode.ObjectStoreHandler (ObjectStoreHandler.java:close(155)) - Closing ObjectStoreHandler.
2019-07-13 10:45:03,527 INFO  statemachine.DatanodeStateMachine (DatanodeStateMachine.java:stopDaemon(395)) - Ozone container server stopped.
2019-07-13 10:45:03,527 INFO  ozone.HddsDatanodeService (HddsDatanodeService.java:stop(452)) - Stopped plug-in org.apache.hadoop.ozone.web.OzoneHddsDatanodeService@16f15ae9
2019-07-13 10:45:03,528 INFO  handler.ContextHandler (ContextHandler.java:doStop(910)) - Stopped o.e.j.w.WebAppContext@418f0534{/,null,UNAVAILABLE}{/hddsDatanode}
2019-07-13 10:45:03,529 INFO  server.AbstractConnector (AbstractConnector.java:doStop(318)) - Stopped ServerConnector@3dfd7eaa{HTTP/1.1,[http/1.1]}{0.0.0.0:0}
2019-07-13 10:45:03,529 INFO  handler.ContextHandler (ContextHandler.java:doStop(910)) - Stopped o.e.j.s.ServletContextHandler@782fd504{/static,jar:file:/home/user/.m2/repository/org/apache/hadoop/hadoop-hdds-container-service/0.5.0-SNAPSHOT/hadoop-hdds-container-service-0.5.0-SNAPSHOT.jar!/webapps/static,UNAVAILABLE}
2019-07-13 10:45:03,530 INFO  handler.ContextHandler (ContextHandler.java:doStop(910)) - Stopped o.e.j.s.ServletContextHandler@6568f998{/logs,file:///tmp/workdir/hadoop-ozone/integration-test/target/log,UNAVAILABLE}
2019-07-13 10:45:03,950 INFO  statemachine.DatanodeStateMachine (DatanodeStateMachine.java:lambda$startDaemon$0(350)) - Ozone container server started.
2019-07-13 10:45:05,545 WARN  server.GrpcLogAppender (LogUtils.java:warn(134)) - ff287178-824c-4f15-982f-9bcabf7bd324->84ac706b-562b-4a88-88e3-dc4f71f227fd: Failed appendEntries: org.apache.ratis.thirdparty.io.grpc.StatusRuntimeException: UNAVAILABLE: io exception
2019-07-13 10:45:05,547 INFO  impl.FollowerInfo (FollowerInfo.java:lambda$new$0(50)) - ff287178-824c-4f15-982f-9bcabf7bd324->84ac706b-562b-4a88-88e3-dc4f71f227fd: nextIndex: updateUnconditionally 0 -> 0
2019-07-13 10:45:05,552 WARN  server.GrpcLogAppender (LogUtils.java:warn(134)) - ff287178-824c-4f15-982f-9bcabf7bd324->cbcdb08f-5faf-40a3-8d20-afd8283bb5b5: Failed appendEntries: org.apache.ratis.thirdparty.io.grpc.StatusRuntimeException: UNAVAILABLE: io exception
2019-07-13 10:45:05,553 INFO  impl.FollowerInfo (FollowerInfo.java:lambda$new$0(50)) - ff287178-824c-4f15-982f-9bcabf7bd324->cbcdb08f-5faf-40a3-8d20-afd8283bb5b5: nextIndex: updateUnconditionally 2 -> 1
2019-07-13 10:45:08,046 WARN  server.GrpcLogAppender (LogUtils.java:warn(134)) - ff287178-824c-4f15-982f-9bcabf7bd324->84ac706b-562b-4a88-88e3-dc4f71f227fd: Failed appendEntries: org.apache.ratis.thirdparty.io.grpc.StatusRuntimeException: UNAVAILABLE: io exception
2019-07-13 10:45:08,048 INFO  impl.FollowerInfo (FollowerInfo.java:lambda$new$0(50)) - ff287178-824c-4f15-982f-9bcabf7bd324->84ac706b-562b-4a88-88e3-dc4f71f227fd: nextIndex: updateUnconditionally 0 -> 0
2019-07-13 10:45:08,053 WARN  server.GrpcLogAppender (LogUtils.java:warn(134)) - ff287178-824c-4f15-982f-9bcabf7bd324->cbcdb08f-5faf-40a3-8d20-afd8283bb5b5: Failed appendEntries: org.apache.ratis.thirdparty.io.grpc.StatusRuntimeException: UNAVAILABLE: io exception
2019-07-13 10:45:08,055 INFO  impl.FollowerInfo (FollowerInfo.java:lambda$new$0(50)) - ff287178-824c-4f15-982f-9bcabf7bd324->cbcdb08f-5faf-40a3-8d20-afd8283bb5b5: nextIndex: updateUnconditionally 1 -> 0
2019-07-13 10:45:08,529 INFO  ozoneimpl.OzoneContainer (OzoneContainer.java:stop(199)) - Attempting to stop container services.
2019-07-13 10:45:08,530 INFO  impl.RaftServerProxy (RaftServerProxy.java:lambda$close$4(314)) - ff287178-824c-4f15-982f-9bcabf7bd324: close
2019-07-13 10:45:08,530 INFO  impl.RaftServerImpl (RaftServerImpl.java:lambda$shutdown$3(245)) - ff287178-824c-4f15-982f-9bcabf7bd324: shutdown group-4737ADE6B482
2019-07-13 10:45:08,531 INFO  util.JmxRegister (JmxRegister.java:unregister(73)) - Successfully un-registered JMX Bean with object name Ratis:service=RaftServer,group=group-4737ADE6B482,id=ff287178-824c-4f15-982f-9bcabf7bd324
2019-07-13 10:45:08,531 INFO  impl.RoleInfo (RoleInfo.java:shutdownLeaderState(104)) - ff287178-824c-4f15-982f-9bcabf7bd324: shutdown LeaderState
2019-07-13 10:45:08,531 INFO  impl.PendingRequests (PendingRequests.java:sendNotLeaderResponses(202)) - ff287178-824c-4f15-982f-9bcabf7bd324-PendingRequests: sendNotLeaderResponses
2019-07-13 10:45:08,532 INFO  impl.StateMachineUpdater (StateMachineUpdater.java:stopAndJoin(115)) - StateMachineUpdater:ff287178-824c-4f15-982f-9bcabf7bd324:group-4737ADE6B482: set stopIndex = 0
2019-07-13 10:45:08,532 INFO  ratis.ContainerStateMachine (ContainerStateMachine.java:takeSnapshot(246)) - Taking snapshot at termIndex:(t:0, i:~)
2019-07-13 10:45:08,533 INFO  impl.RaftServerImpl (ServerState.java:close(394)) - ff287178-824c-4f15-982f-9bcabf7bd324:group-4737ADE6B482 closes. The last applied log index is 0
2019-07-13 10:45:08,533 INFO  segmented.SegmentedRaftLogWorker (SegmentedRaftLogWorker.java:run(313)) - ff287178-824c-4f15-982f-9bcabf7bd324-SegmentedRaftLogWorker:Storage Directory /tmp/workdir/hadoop-ozone/integration-test/target/test-dir/MiniOzoneClusterImpl-8ae1f3ed-f636-4fe8-bd46-95e90032052b/datanode-5/data/ratis/1463b092-144d-4f7c-8823-4737ade6b482 was interrupted, exiting. There are 0 tasks remaining in the queue.
2019-07-13 10:45:08,534 INFO  segmented.SegmentedRaftLogWorker (SegmentedRaftLogWorker.java:close(228)) - ff287178-824c-4f15-982f-9bcabf7bd324-SegmentedRaftLogWorker:Storage Directory /tmp/workdir/hadoop-ozone/integration-test/target/test-dir/MiniOzoneClusterImpl-8ae1f3ed-f636-4fe8-bd46-95e90032052b/datanode-5/data/ratis/1463b092-144d-4f7c-8823-4737ade6b482 close()
2019-07-13 10:45:08,535 INFO  impl.RaftServerImpl (RaftServerImpl.java:lambda$shutdown$3(245)) - ff287178-824c-4f15-982f-9bcabf7bd324: shutdown group-471A24C48C11
2019-07-13 10:45:08,535 INFO  util.JmxRegister (JmxRegister.java:unregister(73)) - Successfully un-registered JMX Bean with object name Ratis:service=RaftServer,group=group-471A24C48C11,id=ff287178-824c-4f15-982f-9bcabf7bd324
2019-07-13 10:45:08,536 INFO  impl.RoleInfo (RoleInfo.java:shutdownLeaderState(104)) - ff287178-824c-4f15-982f-9bcabf7bd324: shutdown LeaderState
2019-07-13 10:45:08,538 WARN  server.GrpcLogAppender (GrpcLogAppender.java:mayWait(143)) - GrpcLogAppender(ff287178-824c-4f15-982f-9bcabf7bd324->84ac706b-562b-4a88-88e3-dc4f71f227fd): Wait interrupted by java.lang.InterruptedException
2019-07-13 10:45:08,538 INFO  impl.PendingRequests (PendingRequests.java:sendNotLeaderResponses(202)) - ff287178-824c-4f15-982f-9bcabf7bd324-PendingRequests: sendNotLeaderResponses
2019-07-13 10:45:08,538 WARN  server.GrpcLogAppender (GrpcLogAppender.java:mayWait(143)) - GrpcLogAppender(ff287178-824c-4f15-982f-9bcabf7bd324->cbcdb08f-5faf-40a3-8d20-afd8283bb5b5): Wait interrupted by java.lang.InterruptedException
2019-07-13 10:45:08,541 INFO  impl.StateMachineUpdater (StateMachineUpdater.java:stopAndJoin(115)) - StateMachineUpdater:ff287178-824c-4f15-982f-9bcabf7bd324:group-471A24C48C11: set stopIndex = 4
2019-07-13 10:45:08,541 INFO  ratis.ContainerStateMachine (ContainerStateMachine.java:takeSnapshot(246)) - Taking snapshot at termIndex:(t:1, i:4)
2019-07-13 10:45:08,542 INFO  ratis.ContainerStateMachine (ContainerStateMachine.java:takeSnapshot(250)) - Taking a snapshot to file /tmp/workdir/hadoop-ozone/integration-test/target/test-dir/MiniOzoneClusterImpl-8ae1f3ed-f636-4fe8-bd46-95e90032052b/datanode-5/data/ratis/cdcdeb3c-9a5c-431b-949f-471a24c48c11/sm/snapshot.1_4
2019-07-13 10:45:08,542 INFO  impl.StateMachineUpdater (StateMachineUpdater.java:takeSnapshot(242)) - StateMachineUpdater:ff287178-824c-4f15-982f-9bcabf7bd324:group-471A24C48C11: Took a snapshot at index 4
2019-07-13 10:45:08,542 INFO  impl.StateMachineUpdater (StateMachineUpdater.java:lambda$new$0(80)) - StateMachineUpdater:ff287178-824c-4f15-982f-9bcabf7bd324:group-471A24C48C11: snapshotIndex: updateIncreasingly -1 -> 4
2019-07-13 10:45:08,543 INFO  impl.RaftServerImpl (ServerState.java:close(394)) - ff287178-824c-4f15-982f-9bcabf7bd324:group-471A24C48C11 closes. The last applied log index is 4
2019-07-13 10:45:08,543 INFO  segmented.SegmentedRaftLogWorker (SegmentedRaftLogWorker.java:run(313)) - ff287178-824c-4f15-982f-9bcabf7bd324-SegmentedRaftLogWorker:Storage Directory /tmp/workdir/hadoop-ozone/integration-test/target/test-dir/MiniOzoneClusterImpl-8ae1f3ed-f636-4fe8-bd46-95e90032052b/datanode-5/data/ratis/cdcdeb3c-9a5c-431b-949f-471a24c48c11 was interrupted, exiting. There are 0 tasks remaining in the queue.
2019-07-13 10:45:08,544 INFO  segmented.SegmentedRaftLogWorker (SegmentedRaftLogWorker.java:close(228)) - ff287178-824c-4f15-982f-9bcabf7bd324-SegmentedRaftLogWorker:Storage Directory /tmp/workdir/hadoop-ozone/integration-test/target/test-dir/MiniOzoneClusterImpl-8ae1f3ed-f636-4fe8-bd46-95e90032052b/datanode-5/data/ratis/cdcdeb3c-9a5c-431b-949f-471a24c48c11 close()
2019-07-13 10:45:08,545 INFO  server.GrpcService (GrpcService.java:closeImpl(155)) - ff287178-824c-4f15-982f-9bcabf7bd324: shutdown server with port 34901 now
2019-07-13 10:45:08,546 INFO  server.GrpcService (GrpcService.java:closeImpl(163)) - ff287178-824c-4f15-982f-9bcabf7bd324: shutdown server with port 34901 successfully
2019-07-13 10:45:08,547 INFO  utils.BackgroundService (BackgroundService.java:shutdown(148)) - Shutting down service BlockDeletingService
2019-07-13 10:45:08,549 WARN  fs.CachingGetSpaceUsed (CachingGetSpaceUsed.java:run(183)) - Thread Interrupted waiting to refresh disk information: sleep interrupted
2019-07-13 10:45:08,568 INFO  statemachine.DatanodeStateMachine (DatanodeStateMachine.java:stopDaemon(395)) - Ozone container server stopped.
2019-07-13 10:45:08,571 INFO  handler.ContextHandler (ContextHandler.java:doStop(910)) - Stopped o.e.j.w.WebAppContext@561f9d92{/,null,UNAVAILABLE}{/hddsDatanode}
2019-07-13 10:45:08,572 INFO  server.AbstractConnector (AbstractConnector.java:doStop(318)) - Stopped ServerConnector@1c84d80a{HTTP/1.1,[http/1.1]}{0.0.0.0:0}
2019-07-13 10:45:08,573 INFO  handler.ContextHandler (ContextHandler.java:doStop(910)) - Stopped o.e.j.s.ServletContextHandler@2d4a3e13{/static,jar:file:/home/user/.m2/repository/org/apache/hadoop/hadoop-hdds-container-service/0.5.0-SNAPSHOT/hadoop-hdds-container-service-0.5.0-SNAPSHOT.jar!/webapps/static,UNAVAILABLE}
2019-07-13 10:45:08,575 INFO  handler.ContextHandler (ContextHandler.java:doStop(910)) - Stopped o.e.j.s.ServletContextHandler@6885ed19{/logs,file:///tmp/workdir/hadoop-ozone/integration-test/target/log,UNAVAILABLE}
2019-07-13 10:45:08,577 INFO  ozone.MiniOzoneClusterImpl (MiniOzoneClusterImpl.java:stop(353)) - Stopping the StorageContainerManager
2019-07-13 10:45:08,577 INFO  server.StorageContainerManager (StorageContainerManager.java:stop(796)) - Stopping Replication Manager Service.
2019-07-13 10:45:08,577 INFO  container.ReplicationManager (ReplicationManager.java:stop(187)) - Stopping Replication Monitor Thread.
2019-07-13 10:45:08,577 INFO  server.StorageContainerManager (StorageContainerManager.java:stop(803)) - Stopping Lease Manager of the command watchers
2019-07-13 10:45:08,578 INFO  server.StorageContainerManager (StorageContainerManager.java:stop(810)) - Stopping datanode service RPC server
2019-07-13 10:45:08,578 INFO  server.SCMDatanodeProtocolServer (SCMDatanodeProtocolServer.java:stop(375)) - Stopping the RPC server for DataNodes
2019-07-13 10:45:08,578 INFO  ipc.Server (Server.java:stop(3082)) - Stopping server on 46696
2019-07-13 10:45:08,581 INFO  ipc.Server (Server.java:run(1185)) - Stopping IPC Server listener on 46696
2019-07-13 10:45:08,581 INFO  ipc.Server (Server.java:run(1319)) - Stopping IPC Server Responder
2019-07-13 10:45:08,644 WARN  node.NodeStateManager (NodeStateManager.java:scheduleNextHealthCheck(631)) - Current Thread is interrupted, shutting down HB processing thread for Node Manager.
2019-07-13 10:45:08,644 INFO  server.StorageContainerManager (StorageContainerManager.java:stop(818)) - Stopping block service RPC server
2019-07-13 10:45:08,644 INFO  server.SCMBlockProtocolServer (SCMBlockProtocolServer.java:stop(148)) - Stopping the RPC server for Block Protocol
2019-07-13 10:45:08,644 INFO  ipc.Server (Server.java:stop(3082)) - Stopping server on 41484
2019-07-13 10:45:08,647 INFO  ipc.Server (Server.java:run(1185)) - Stopping IPC Server listener on 41484
2019-07-13 10:45:08,647 INFO  server.StorageContainerManager (StorageContainerManager.java:stop(825)) - Stopping the StorageContainerLocationProtocol RPC server
2019-07-13 10:45:08,648 INFO  server.SCMClientProtocolServer (SCMClientProtocolServer.java:stop(157)) - Stopping the RPC server for Client Protocol
2019-07-13 10:45:08,648 INFO  ipc.Server (Server.java:run(1319)) - Stopping IPC Server Responder
2019-07-13 10:45:08,648 INFO  ipc.Server (Server.java:stop(3082)) - Stopping server on 39908
2019-07-13 10:45:08,651 INFO  ipc.Server (Server.java:run(1185)) - Stopping IPC Server listener on 39908
2019-07-13 10:45:08,651 INFO  server.StorageContainerManager (StorageContainerManager.java:stop(832)) - Stopping Storage Container Manager HTTP server.
2019-07-13 10:45:08,651 INFO  ipc.Server (Server.java:run(1319)) - Stopping IPC Server Responder
2019-07-13 10:45:08,652 INFO  handler.ContextHandler (ContextHandler.java:doStop(910)) - Stopped o.e.j.w.WebAppContext@6fff253c{/,null,UNAVAILABLE}{/scm}
2019-07-13 10:45:08,654 INFO  server.AbstractConnector (AbstractConnector.java:doStop(318)) - Stopped ServerConnector@7c041b41{HTTP/1.1,[http/1.1]}{0.0.0.0:0}
2019-07-13 10:45:08,654 INFO  handler.ContextHandler (ContextHandler.java:doStop(910)) - Stopped o.e.j.s.ServletContextHandler@4dd02341{/static,file:///tmp/workdir/hadoop-ozone/integration-test/target/test-classes/webapps/static,UNAVAILABLE}
2019-07-13 10:45:08,655 INFO  handler.ContextHandler (ContextHandler.java:doStop(910)) - Stopped o.e.j.s.ServletContextHandler@635572a7{/logs,file:///tmp/workdir/hadoop-ozone/integration-test/target/log,UNAVAILABLE}
2019-07-13 10:45:08,657 INFO  server.StorageContainerManager (StorageContainerManager.java:stop(843)) - Stopping Block Manager Service.
2019-07-13 10:45:08,657 INFO  utils.BackgroundService (BackgroundService.java:shutdown(148)) - Shutting down service SCMBlockDeletingService
2019-07-13 10:45:08,659 INFO  utils.BackgroundService (BackgroundService.java:shutdown(148)) - Shutting down service SCMBlockDeletingService
2019-07-13 10:45:08,660 INFO  server.StorageContainerManager (StorageContainerManager.java:stop(865)) - Stopping SCM Event Queue.
2019-07-13 10:45:08,668 INFO  impl.MetricsSystemImpl (MetricsSystemImpl.java:stop(210)) - Stopping HddsDatanode metrics system...
2019-07-13 10:45:08,678 INFO  impl.MetricsSystemImpl (MetricsSystemImpl.java:stop(216)) - HddsDatanode metrics system stopped.
]]></system-out>
    <system-err><![CDATA[ERROR StatusLogger No Log4j 2 configuration file found. Using default configuration (logging only errors to the console), or user programmatically provided configurations. Set system property 'log4j2.debug' to show Log4j 2 internal initialization logging. See https://logging.apache.org/log4j/2.x/manual/configuration.html for instructions on how to configure Log4j 2
Jul 13, 2019 10:44:28 AM com.sun.jersey.server.impl.application.WebApplicationImpl _initiate
INFO: Initiating Jersey application, version 'Jersey: 1.19 02/11/2015 03:25 AM'
Jul 13, 2019 10:44:29 AM com.sun.jersey.server.impl.application.WebApplicationImpl _initiate
INFO: Initiating Jersey application, version 'Jersey: 1.19 02/11/2015 03:25 AM'
Jul 13, 2019 10:44:29 AM com.sun.jersey.server.impl.application.WebApplicationImpl _initiate
INFO: Initiating Jersey application, version 'Jersey: 1.19 02/11/2015 03:25 AM'
Jul 13, 2019 10:44:29 AM com.sun.jersey.server.impl.application.WebApplicationImpl _initiate
INFO: Initiating Jersey application, version 'Jersey: 1.19 02/11/2015 03:25 AM'
Jul 13, 2019 10:44:30 AM com.sun.jersey.server.impl.application.WebApplicationImpl _initiate
INFO: Initiating Jersey application, version 'Jersey: 1.19 02/11/2015 03:25 AM'
Jul 13, 2019 10:44:30 AM com.sun.jersey.server.impl.application.WebApplicationImpl _initiate
INFO: Initiating Jersey application, version 'Jersey: 1.19 02/11/2015 03:25 AM'
Jul 13, 2019 10:44:30 AM com.sun.jersey.server.impl.application.WebApplicationImpl _initiate
INFO: Initiating Jersey application, version 'Jersey: 1.19 02/11/2015 03:25 AM'
]]></system-err>
  </testcase>
  <testcase name="testMaxRetriesByOzoneClient" classname="org.apache.hadoop.ozone.client.rpc.TestOzoneClientRetriesOnException" time="52.896"/>
</testsuite>