<?xml version="1.0" encoding="UTF-8"?>
<testsuite xmlns:xsi="http://www.w3.org/2001/XMLSchema-instance" xsi:noNamespaceSchemaLocation="https://maven.apache.org/surefire/maven-surefire-plugin/xsd/surefire-test-report.xsd" name="org.apache.hadoop.hdds.scm.pipeline.TestRatisPipelineCreateAndDestory" time="86.768" tests="2" errors="1" skipped="0" failures="0">
  <properties>
    <property name="awt.toolkit" value="sun.awt.X11.XToolkit"/>
    <property name="file.encoding.pkg" value="sun.io"/>
    <property name="java.specification.version" value="1.8"/>
    <property name="sun.cpu.isalist" value=""/>
    <property name="sun.jnu.encoding" value="UTF-8"/>
    <property name="java.class.path" value="/workdir/hadoop-ozone/integration-test/target/test-classes:/workdir/hadoop-ozone/integration-test/target/classes:/home/user/.m2/repository/org/apache/hadoop/hadoop-ozone-common/0.5.0-SNAPSHOT/hadoop-ozone-common-0.5.0-SNAPSHOT.jar:/home/user/.m2/repository/org/apache/commons/commons-compress/1.4.1/commons-compress-1.4.1.jar:/home/user/.m2/repository/org/tukaani/xz/1.0/xz-1.0.jar:/home/user/.m2/repository/org/apache/hadoop/hadoop-common/3.2.0/hadoop-common-3.2.0.jar:/home/user/.m2/repository/org/apache/hadoop/hadoop-hdfs/3.2.0/hadoop-hdfs-3.2.0.jar:/home/user/.m2/repository/org/apache/hadoop/hadoop-hdfs-client/3.2.0/hadoop-hdfs-client-3.2.0.jar:/home/user/.m2/repository/com/fasterxml/jackson/core/jackson-annotations/2.9.5/jackson-annotations-2.9.5.jar:/home/user/.m2/repository/org/apache/hadoop/hadoop-hdds-common/0.5.0-SNAPSHOT/hadoop-hdds-common-0.5.0-SNAPSHOT.jar:/home/user/.m2/repository/javax/annotation/javax.annotation-api/1.2/javax.annotation-api-1.2.jar:/home/user/.m2/repository/org/apache/ratis/ratis-server/0.4.0-2337318-SNAPSHOT/ratis-server-0.4.0-2337318-SNAPSHOT.jar:/home/user/.m2/repository/org/apache/ratis/ratis-thirdparty-misc/0.2.0/ratis-thirdparty-misc-0.2.0.jar:/home/user/.m2/repository/org/apache/ratis/ratis-proto/0.4.0-2337318-SNAPSHOT/ratis-proto-0.4.0-2337318-SNAPSHOT.jar:/home/user/.m2/repository/org/apache/ratis/ratis-common/0.4.0-2337318-SNAPSHOT/ratis-common-0.4.0-2337318-SNAPSHOT.jar:/home/user/.m2/repository/org/apache/ratis/ratis-client/0.4.0-2337318-SNAPSHOT/ratis-client-0.4.0-2337318-SNAPSHOT.jar:/home/user/.m2/repository/org/apache/ratis/ratis-metrics/0.4.0-2337318-SNAPSHOT/ratis-metrics-0.4.0-2337318-SNAPSHOT.jar:/home/user/.m2/repository/org/apache/ratis/ratis-netty/0.4.0-2337318-SNAPSHOT/ratis-netty-0.4.0-2337318-SNAPSHOT.jar:/home/user/.m2/repository/org/apache/ratis/ratis-grpc/0.4.0-2337318-SNAPSHOT/ratis-grpc-0.4.0-2337318-SNAPSHOT.jar:/home/user/.m2/repository/org/rocksdb/rocksdbjni/6.0.1/rocksdbjni-6.0.1.jar:/home/user/.m2/repository/org/apache/logging/log4j/log4j-api/2.11.0/log4j-api-2.11.0.jar:/home/user/.m2/repository/org/apache/logging/log4j/log4j-core/2.11.0/log4j-core-2.11.0.jar:/home/user/.m2/repository/com/lmax/disruptor/3.4.2/disruptor-3.4.2.jar:/home/user/.m2/repository/org/apache/commons/commons-pool2/2.6.0/commons-pool2-2.6.0.jar:/home/user/.m2/repository/org/bouncycastle/bcpkix-jdk15on/1.60/bcpkix-jdk15on-1.60.jar:/home/user/.m2/repository/commons-validator/commons-validator/1.6/commons-validator-1.6.jar:/home/user/.m2/repository/commons-digester/commons-digester/1.8.1/commons-digester-1.8.1.jar:/home/user/.m2/repository/io/jaegertracing/jaeger-client/0.33.1/jaeger-client-0.33.1.jar:/home/user/.m2/repository/io/jaegertracing/jaeger-thrift/0.33.1/jaeger-thrift-0.33.1.jar:/home/user/.m2/repository/org/apache/thrift/libthrift/0.11.0/libthrift-0.11.0.jar:/home/user/.m2/repository/com/squareup/okhttp3/okhttp/3.9.0/okhttp-3.9.0.jar:/home/user/.m2/repository/com/squareup/okio/okio/1.13.0/okio-1.13.0.jar:/home/user/.m2/repository/io/jaegertracing/jaeger-core/0.33.1/jaeger-core-0.33.1.jar:/home/user/.m2/repository/io/jaegertracing/jaeger-tracerresolver/0.33.1/jaeger-tracerresolver-0.33.1.jar:/home/user/.m2/repository/io/opentracing/contrib/opentracing-tracerresolver/0.1.5/opentracing-tracerresolver-0.1.5.jar:/home/user/.m2/repository/io/opentracing/opentracing-util/0.31.0/opentracing-util-0.31.0.jar:/home/user/.m2/repository/io/opentracing/opentracing-api/0.31.0/opentracing-api-0.31.0.jar:/home/user/.m2/repository/io/opentracing/opentracing-noop/0.31.0/opentracing-noop-0.31.0.jar:/home/user/.m2/repository/org/apache/hadoop/hadoop-hdds-server-framework/0.5.0-SNAPSHOT/hadoop-hdds-server-framework-0.5.0-SNAPSHOT.jar:/home/user/.m2/repository/org/apache/hadoop/hadoop-hdds-container-service/0.5.0-SNAPSHOT/hadoop-hdds-container-service-0.5.0-SNAPSHOT.jar:/home/user/.m2/repository/org/apache/hadoop/hadoop-hdds-client/0.5.0-SNAPSHOT/hadoop-hdds-client-0.5.0-SNAPSHOT.jar:/home/user/.m2/repository/org/apache/hadoop/hadoop-hdds-tools/0.5.0-SNAPSHOT/hadoop-hdds-tools-0.5.0-SNAPSHOT.jar:/home/user/.m2/repository/org/apache/hadoop/hadoop-hdds-server-scm/0.5.0-SNAPSHOT/hadoop-hdds-server-scm-0.5.0-SNAPSHOT.jar:/home/user/.m2/repository/org/apache/hadoop/hadoop-hdds-docs/0.5.0-SNAPSHOT/hadoop-hdds-docs-0.5.0-SNAPSHOT.jar:/home/user/.m2/repository/io/dropwizard/metrics/metrics-core/3.2.4/metrics-core-3.2.4.jar:/home/user/.m2/repository/org/hamcrest/hamcrest-all/1.3/hamcrest-all-1.3.jar:/home/user/.m2/repository/org/bouncycastle/bcprov-jdk15on/1.60/bcprov-jdk15on-1.60.jar:/home/user/.m2/repository/info/picocli/picocli/3.9.6/picocli-3.9.6.jar:/home/user/.m2/repository/com/google/protobuf/protobuf-java/2.5.0/protobuf-java-2.5.0.jar:/home/user/.m2/repository/com/google/guava/guava/11.0.2/guava-11.0.2.jar:/home/user/.m2/repository/org/apache/hadoop/hadoop-ozone-ozone-manager/0.5.0-SNAPSHOT/hadoop-ozone-ozone-manager-0.5.0-SNAPSHOT.jar:/home/user/.m2/repository/org/apache/hadoop/hadoop-minikdc/3.2.0/hadoop-minikdc-3.2.0.jar:/home/user/.m2/repository/commons-io/commons-io/2.5/commons-io-2.5.jar:/home/user/.m2/repository/org/apache/kerby/kerb-simplekdc/1.0.1/kerb-simplekdc-1.0.1.jar:/home/user/.m2/repository/org/apache/kerby/kerb-client/1.0.1/kerb-client-1.0.1.jar:/home/user/.m2/repository/org/apache/kerby/kerby-config/1.0.1/kerby-config-1.0.1.jar:/home/user/.m2/repository/org/apache/kerby/kerb-core/1.0.1/kerb-core-1.0.1.jar:/home/user/.m2/repository/org/apache/kerby/kerby-pkix/1.0.1/kerby-pkix-1.0.1.jar:/home/user/.m2/repository/org/apache/kerby/kerby-asn1/1.0.1/kerby-asn1-1.0.1.jar:/home/user/.m2/repository/org/apache/kerby/kerby-util/1.0.1/kerby-util-1.0.1.jar:/home/user/.m2/repository/org/apache/kerby/kerb-common/1.0.1/kerb-common-1.0.1.jar:/home/user/.m2/repository/org/apache/kerby/kerb-crypto/1.0.1/kerb-crypto-1.0.1.jar:/home/user/.m2/repository/org/apache/kerby/kerb-util/1.0.1/kerb-util-1.0.1.jar:/home/user/.m2/repository/org/apache/kerby/token-provider/1.0.1/token-provider-1.0.1.jar:/home/user/.m2/repository/org/apache/kerby/kerb-admin/1.0.1/kerb-admin-1.0.1.jar:/home/user/.m2/repository/org/apache/kerby/kerb-server/1.0.1/kerb-server-1.0.1.jar:/home/user/.m2/repository/org/apache/kerby/kerb-identity/1.0.1/kerb-identity-1.0.1.jar:/home/user/.m2/repository/org/apache/kerby/kerby-xdr/1.0.1/kerby-xdr-1.0.1.jar:/home/user/.m2/repository/org/slf4j/slf4j-log4j12/1.7.25/slf4j-log4j12-1.7.25.jar:/home/user/.m2/repository/org/apache/hadoop/hadoop-ozone-objectstore-service/0.5.0-SNAPSHOT/hadoop-ozone-objectstore-service-0.5.0-SNAPSHOT.jar:/home/user/.m2/repository/org/apache/hadoop/hadoop-ozone-s3gateway/0.5.0-SNAPSHOT/hadoop-ozone-s3gateway-0.5.0-SNAPSHOT.jar:/home/user/.m2/repository/org/jboss/weld/servlet/weld-servlet/2.4.7.Final/weld-servlet-2.4.7.Final.jar:/home/user/.m2/repository/org/glassfish/jersey/containers/jersey-container-servlet-core/2.27/jersey-container-servlet-core-2.27.jar:/home/user/.m2/repository/org/glassfish/hk2/external/javax.inject/2.5.0-b42/javax.inject-2.5.0-b42.jar:/home/user/.m2/repository/org/glassfish/jersey/core/jersey-common/2.27/jersey-common-2.27.jar:/home/user/.m2/repository/org/glassfish/hk2/osgi-resource-locator/1.0.1/osgi-resource-locator-1.0.1.jar:/home/user/.m2/repository/javax/ws/rs/javax.ws.rs-api/2.1/javax.ws.rs-api-2.1.jar:/home/user/.m2/repository/org/glassfish/jersey/ext/cdi/jersey-cdi1x/2.27/jersey-cdi1x-2.27.jar:/home/user/.m2/repository/org/glassfish/jersey/inject/jersey-hk2/2.27/jersey-hk2-2.27.jar:/home/user/.m2/repository/org/glassfish/hk2/hk2-locator/2.5.0-b42/hk2-locator-2.5.0-b42.jar:/home/user/.m2/repository/org/javassist/javassist/3.22.0-CR2/javassist-3.22.0-CR2.jar:/home/user/.m2/repository/org/glassfish/hk2/hk2-api/2.5.0/hk2-api-2.5.0.jar:/home/user/.m2/repository/org/glassfish/hk2/external/jakarta.inject/2.5.0/jakarta.inject-2.5.0.jar:/home/user/.m2/repository/org/glassfish/hk2/hk2-utils/2.5.0/hk2-utils-2.5.0.jar:/home/user/.m2/repository/jakarta/annotation/jakarta.annotation-api/1.3.4/jakarta.annotation-api-1.3.4.jar:/home/user/.m2/repository/org/glassfish/hk2/external/aopalliance-repackaged/2.5.0/aopalliance-repackaged-2.5.0.jar:/home/user/.m2/repository/com/fasterxml/jackson/dataformat/jackson-dataformat-xml/2.9.0/jackson-dataformat-xml-2.9.0.jar:/home/user/.m2/repository/com/fasterxml/jackson/core/jackson-core/2.9.5/jackson-core-2.9.5.jar:/home/user/.m2/repository/com/fasterxml/jackson/module/jackson-module-jaxb-annotations/2.9.5/jackson-module-jaxb-annotations-2.9.5.jar:/home/user/.m2/repository/javax/enterprise/cdi-api/1.2/cdi-api-1.2.jar:/home/user/.m2/repository/javax/el/javax.el-api/3.0.0/javax.el-api-3.0.0.jar:/home/user/.m2/repository/javax/interceptor/javax.interceptor-api/1.2/javax.interceptor-api-1.2.jar:/home/user/.m2/repository/javax/inject/javax.inject/1/javax.inject-1.jar:/home/user/.m2/repository/com/sun/xml/bind/jaxb-impl/2.3.0.1/jaxb-impl-2.3.0.1.jar:/home/user/.m2/repository/com/sun/xml/bind/jaxb-core/2.3.0.1/jaxb-core-2.3.0.1.jar:/home/user/.m2/repository/javax/xml/bind/jaxb-api/2.3.0/jaxb-api-2.3.0.jar:/home/user/.m2/repository/javax/activation/activation/1.1.1/activation-1.1.1.jar:/home/user/.m2/repository/org/apache/hadoop/hadoop-ozone-csi/0.5.0-SNAPSHOT/hadoop-ozone-csi-0.5.0-SNAPSHOT.jar:/home/user/.m2/repository/com/google/protobuf/protobuf-java-util/3.5.1/protobuf-java-util-3.5.1.jar:/home/user/.m2/repository/org/apache/hadoop/hadoop-hdds-config/0.5.0-SNAPSHOT/hadoop-hdds-config-0.5.0-SNAPSHOT.jar:/home/user/.m2/repository/io/grpc/grpc-netty/1.17.1/grpc-netty-1.17.1.jar:/home/user/.m2/repository/io/grpc/grpc-core/1.17.1/grpc-core-1.17.1.jar:/home/user/.m2/repository/io/grpc/grpc-context/1.17.1/grpc-context-1.17.1.jar:/home/user/.m2/repository/com/google/errorprone/error_prone_annotations/2.2.0/error_prone_annotations-2.2.0.jar:/home/user/.m2/repository/org/codehaus/mojo/animal-sniffer-annotations/1.17/animal-sniffer-annotations-1.17.jar:/home/user/.m2/repository/io/opencensus/opencensus-api/0.17.0/opencensus-api-0.17.0.jar:/home/user/.m2/repository/io/opencensus/opencensus-contrib-grpc-metrics/0.17.0/opencensus-contrib-grpc-metrics-0.17.0.jar:/home/user/.m2/repository/io/netty/netty-codec-http2/4.1.30.Final/netty-codec-http2-4.1.30.Final.jar:/home/user/.m2/repository/io/netty/netty-codec-http/4.1.30.Final/netty-codec-http-4.1.30.Final.jar:/home/user/.m2/repository/io/netty/netty-codec/4.1.30.Final/netty-codec-4.1.30.Final.jar:/home/user/.m2/repository/io/netty/netty-handler/4.1.30.Final/netty-handler-4.1.30.Final.jar:/home/user/.m2/repository/io/netty/netty-handler-proxy/4.1.30.Final/netty-handler-proxy-4.1.30.Final.jar:/home/user/.m2/repository/io/netty/netty-codec-socks/4.1.30.Final/netty-codec-socks-4.1.30.Final.jar:/home/user/.m2/repository/io/netty/netty-transport-native-epoll/4.1.30.Final/netty-transport-native-epoll-4.1.30.Final.jar:/home/user/.m2/repository/io/netty/netty-common/4.1.30.Final/netty-common-4.1.30.Final.jar:/home/user/.m2/repository/io/netty/netty-buffer/4.1.30.Final/netty-buffer-4.1.30.Final.jar:/home/user/.m2/repository/io/netty/netty-transport/4.1.30.Final/netty-transport-4.1.30.Final.jar:/home/user/.m2/repository/io/netty/netty-resolver/4.1.30.Final/netty-resolver-4.1.30.Final.jar:/home/user/.m2/repository/io/netty/netty-transport-native-unix-common/4.1.30.Final/netty-transport-native-unix-common-4.1.30.Final.jar:/home/user/.m2/repository/io/grpc/grpc-protobuf/1.17.1/grpc-protobuf-1.17.1.jar:/home/user/.m2/repository/com/google/api/grpc/proto-google-common-protos/1.0.0/proto-google-common-protos-1.0.0.jar:/home/user/.m2/repository/io/grpc/grpc-protobuf-lite/1.17.1/grpc-protobuf-lite-1.17.1.jar:/home/user/.m2/repository/io/grpc/grpc-stub/1.17.1/grpc-stub-1.17.1.jar:/home/user/.m2/repository/org/apache/hadoop/hadoop-ozone-recon/0.5.0-SNAPSHOT/hadoop-ozone-recon-0.5.0-SNAPSHOT.jar:/home/user/.m2/repository/org/apache/hadoop/hadoop-ozone-reconcodegen/0.5.0-SNAPSHOT/hadoop-ozone-reconcodegen-0.5.0-SNAPSHOT.jar:/home/user/.m2/repository/com/google/inject/extensions/guice-multibindings/4.0/guice-multibindings-4.0.jar:/home/user/.m2/repository/com/google/inject/guice/4.0/guice-4.0.jar:/home/user/.m2/repository/aopalliance/aopalliance/1.0/aopalliance-1.0.jar:/home/user/.m2/repository/com/google/inject/extensions/guice-servlet/4.0/guice-servlet-4.0.jar:/home/user/.m2/repository/org/glassfish/jersey/containers/jersey-container-servlet/2.27/jersey-container-servlet-2.27.jar:/home/user/.m2/repository/org/glassfish/hk2/guice-bridge/2.5.0/guice-bridge-2.5.0.jar:/home/user/.m2/repository/org/glassfish/jersey/core/jersey-server/2.27/jersey-server-2.27.jar:/home/user/.m2/repository/org/glassfish/jersey/core/jersey-client/2.27/jersey-client-2.27.jar:/home/user/.m2/repository/org/glassfish/jersey/media/jersey-media-jaxb/2.27/jersey-media-jaxb-2.27.jar:/home/user/.m2/repository/javax/validation/validation-api/1.1.0.Final/validation-api-1.1.0.Final.jar:/home/user/.m2/repository/org/glassfish/jersey/media/jersey-media-json-jackson/2.27/jersey-media-json-jackson-2.27.jar:/home/user/.m2/repository/org/glassfish/jersey/ext/jersey-entity-filtering/2.27/jersey-entity-filtering-2.27.jar:/home/user/.m2/repository/com/google/inject/extensions/guice-assistedinject/4.0/guice-assistedinject-4.0.jar:/home/user/.m2/repository/org/jooq/jooq/3.11.10/jooq-3.11.10.jar:/home/user/.m2/repository/org/jooq/jooq-meta/3.11.10/jooq-meta-3.11.10.jar:/home/user/.m2/repository/org/jooq/jooq-codegen/3.11.10/jooq-codegen-3.11.10.jar:/home/user/.m2/repository/com/jolbox/bonecp/0.8.0.RELEASE/bonecp-0.8.0.RELEASE.jar:/home/user/.m2/repository/org/xerial/sqlite-jdbc/3.25.2/sqlite-jdbc-3.25.2.jar:/home/user/.m2/repository/org/springframework/spring-jdbc/5.1.3.RELEASE/spring-jdbc-5.1.3.RELEASE.jar:/home/user/.m2/repository/org/springframework/spring-beans/5.1.3.RELEASE/spring-beans-5.1.3.RELEASE.jar:/home/user/.m2/repository/org/springframework/spring-core/5.1.3.RELEASE/spring-core-5.1.3.RELEASE.jar:/home/user/.m2/repository/org/springframework/spring-jcl/5.1.3.RELEASE/spring-jcl-5.1.3.RELEASE.jar:/home/user/.m2/repository/org/springframework/spring-tx/5.1.3.RELEASE/spring-tx-5.1.3.RELEASE.jar:/home/user/.m2/repository/org/apache/hadoop/hadoop-ozone-client/0.5.0-SNAPSHOT/hadoop-ozone-client-0.5.0-SNAPSHOT.jar:/home/user/.m2/repository/commons-lang/commons-lang/2.6/commons-lang-2.6.jar:/home/user/.m2/repository/org/apache/hadoop/hadoop-ozone-ozone-manager/0.5.0-SNAPSHOT/hadoop-ozone-ozone-manager-0.5.0-SNAPSHOT-tests.jar:/home/user/.m2/repository/junit/junit/4.11/junit-4.11.jar:/home/user/.m2/repository/org/hamcrest/hamcrest-core/1.3/hamcrest-core-1.3.jar:/home/user/.m2/repository/org/openjdk/jmh/jmh-core/1.19/jmh-core-1.19.jar:/home/user/.m2/repository/net/sf/jopt-simple/jopt-simple/4.6/jopt-simple-4.6.jar:/home/user/.m2/repository/org/apache/commons/commons-math3/3.1.1/commons-math3-3.1.1.jar:/home/user/.m2/repository/org/openjdk/jmh/jmh-generator-annprocess/1.19/jmh-generator-annprocess-1.19.jar:/home/user/.m2/repository/org/mockito/mockito-all/1.8.5/mockito-all-1.8.5.jar:/home/user/.m2/repository/org/apache/hadoop/hadoop-kms/3.2.0/hadoop-kms-3.2.0.jar:/home/user/.m2/repository/org/apache/hadoop/hadoop-auth/3.2.0/hadoop-auth-3.2.0.jar:/home/user/.m2/repository/com/nimbusds/nimbus-jose-jwt/4.41.1/nimbus-jose-jwt-4.41.1.jar:/home/user/.m2/repository/com/github/stephenc/jcip/jcip-annotations/1.0-1/jcip-annotations-1.0-1.jar:/home/user/.m2/repository/net/minidev/json-smart/2.3/json-smart-2.3.jar:/home/user/.m2/repository/net/minidev/accessors-smart/1.2/accessors-smart-1.2.jar:/home/user/.m2/repository/org/ow2/asm/asm/5.0.4/asm-5.0.4.jar:/home/user/.m2/repository/org/apache/curator/curator-framework/2.12.0/curator-framework-2.12.0.jar:/home/user/.m2/repository/com/sun/jersey/jersey-core/1.19/jersey-core-1.19.jar:/home/user/.m2/repository/javax/ws/rs/jsr311-api/1.1.1/jsr311-api-1.1.1.jar:/home/user/.m2/repository/com/sun/jersey/jersey-server/1.19/jersey-server-1.19.jar:/home/user/.m2/repository/javax/servlet/javax.servlet-api/3.1.0/javax.servlet-api-3.1.0.jar:/home/user/.m2/repository/org/eclipse/jetty/jetty-server/9.3.24.v20180605/jetty-server-9.3.24.v20180605.jar:/home/user/.m2/repository/org/eclipse/jetty/jetty-http/9.3.24.v20180605/jetty-http-9.3.24.v20180605.jar:/home/user/.m2/repository/org/eclipse/jetty/jetty-io/9.3.24.v20180605/jetty-io-9.3.24.v20180605.jar:/home/user/.m2/repository/org/eclipse/jetty/jetty-webapp/9.3.24.v20180605/jetty-webapp-9.3.24.v20180605.jar:/home/user/.m2/repository/org/eclipse/jetty/jetty-xml/9.3.24.v20180605/jetty-xml-9.3.24.v20180605.jar:/home/user/.m2/repository/log4j/log4j/1.2.17/log4j-1.2.17.jar:/home/user/.m2/repository/org/slf4j/slf4j-api/1.7.25/slf4j-api-1.7.25.jar:/home/user/.m2/repository/org/slf4j/jul-to-slf4j/1.7.25/jul-to-slf4j-1.7.25.jar:/home/user/.m2/repository/org/eclipse/jetty/jetty-util/9.3.24.v20180605/jetty-util-9.3.24.v20180605.jar:/home/user/.m2/repository/com/fasterxml/jackson/core/jackson-databind/2.9.5/jackson-databind-2.9.5.jar:/home/user/.m2/repository/org/apache/hadoop/hadoop-kms/3.2.0/hadoop-kms-3.2.0-tests.jar:/home/user/.m2/repository/org/apache/hadoop/hadoop-hdds-server-scm/0.5.0-SNAPSHOT/hadoop-hdds-server-scm-0.5.0-SNAPSHOT-tests.jar:/home/user/.m2/repository/org/apache/hadoop/hadoop-hdds-container-service/0.5.0-SNAPSHOT/hadoop-hdds-container-service-0.5.0-SNAPSHOT-tests.jar:/home/user/.m2/repository/org/yaml/snakeyaml/1.16/snakeyaml-1.16.jar:/home/user/.m2/repository/org/apache/hadoop/hadoop-common/3.2.0/hadoop-common-3.2.0-tests.jar:/home/user/.m2/repository/org/apache/hadoop/hadoop-annotations/3.2.0/hadoop-annotations-3.2.0.jar:/usr/lib/jvm/java-1.8-openjdk/jre/../lib/tools.jar:/home/user/.m2/repository/commons-cli/commons-cli/1.2/commons-cli-1.2.jar:/home/user/.m2/repository/org/apache/httpcomponents/httpclient/4.5.2/httpclient-4.5.2.jar:/home/user/.m2/repository/org/apache/httpcomponents/httpcore/4.4.4/httpcore-4.4.4.jar:/home/user/.m2/repository/commons-codec/commons-codec/1.11/commons-codec-1.11.jar:/home/user/.m2/repository/commons-net/commons-net/3.6/commons-net-3.6.jar:/home/user/.m2/repository/commons-collections/commons-collections/3.2.2/commons-collections-3.2.2.jar:/home/user/.m2/repository/org/eclipse/jetty/jetty-servlet/9.3.24.v20180605/jetty-servlet-9.3.24.v20180605.jar:/home/user/.m2/repository/org/eclipse/jetty/jetty-security/9.3.24.v20180605/jetty-security-9.3.24.v20180605.jar:/home/user/.m2/repository/javax/servlet/jsp/jsp-api/2.1/jsp-api-2.1.jar:/home/user/.m2/repository/com/sun/jersey/jersey-servlet/1.19/jersey-servlet-1.19.jar:/home/user/.m2/repository/com/sun/jersey/jersey-json/1.19/jersey-json-1.19.jar:/home/user/.m2/repository/org/codehaus/jettison/jettison/1.1/jettison-1.1.jar:/home/user/.m2/repository/org/codehaus/jackson/jackson-core-asl/1.9.13/jackson-core-asl-1.9.13.jar:/home/user/.m2/repository/org/codehaus/jackson/jackson-mapper-asl/1.9.13/jackson-mapper-asl-1.9.13.jar:/home/user/.m2/repository/org/codehaus/jackson/jackson-jaxrs/1.9.13/jackson-jaxrs-1.9.13.jar:/home/user/.m2/repository/org/codehaus/jackson/jackson-xc/1.9.13/jackson-xc-1.9.13.jar:/home/user/.m2/repository/commons-logging/commons-logging/1.1.3/commons-logging-1.1.3.jar:/home/user/.m2/repository/commons-beanutils/commons-beanutils/1.9.3/commons-beanutils-1.9.3.jar:/home/user/.m2/repository/org/apache/commons/commons-configuration2/2.1.1/commons-configuration2-2.1.1.jar:/home/user/.m2/repository/org/apache/commons/commons-lang3/3.7/commons-lang3-3.7.jar:/home/user/.m2/repository/org/apache/commons/commons-text/1.4/commons-text-1.4.jar:/home/user/.m2/repository/org/apache/avro/avro/1.7.7/avro-1.7.7.jar:/home/user/.m2/repository/com/thoughtworks/paranamer/paranamer/2.3/paranamer-2.3.jar:/home/user/.m2/repository/org/xerial/snappy/snappy-java/1.0.5/snappy-java-1.0.5.jar:/home/user/.m2/repository/com/google/re2j/re2j/1.1/re2j-1.1.jar:/home/user/.m2/repository/com/google/code/gson/gson/2.2.4/gson-2.2.4.jar:/home/user/.m2/repository/com/jcraft/jsch/0.1.54/jsch-0.1.54.jar:/home/user/.m2/repository/org/apache/curator/curator-client/2.12.0/curator-client-2.12.0.jar:/home/user/.m2/repository/org/apache/curator/curator-recipes/2.12.0/curator-recipes-2.12.0.jar:/home/user/.m2/repository/com/google/code/findbugs/jsr305/3.0.0/jsr305-3.0.0.jar:/home/user/.m2/repository/org/apache/htrace/htrace-core4/4.1.0-incubating/htrace-core4-4.1.0-incubating.jar:/home/user/.m2/repository/org/apache/zookeeper/zookeeper/3.4.13/zookeeper-3.4.13.jar:/home/user/.m2/repository/org/apache/yetus/audience-annotations/0.5.0/audience-annotations-0.5.0.jar:/home/user/.m2/repository/org/codehaus/woodstox/stax2-api/3.1.4/stax2-api-3.1.4.jar:/home/user/.m2/repository/com/fasterxml/woodstox/woodstox-core/5.0.3/woodstox-core-5.0.3.jar:/home/user/.m2/repository/dnsjava/dnsjava/2.1.7/dnsjava-2.1.7.jar:/home/user/.m2/repository/org/apache/hadoop/hadoop-hdfs/3.2.0/hadoop-hdfs-3.2.0-tests.jar:/home/user/.m2/repository/org/eclipse/jetty/jetty-util-ajax/9.3.24.v20180605/jetty-util-ajax-9.3.24.v20180605.jar:/home/user/.m2/repository/commons-daemon/commons-daemon/1.0.13/commons-daemon-1.0.13.jar:/home/user/.m2/repository/io/netty/netty/3.10.5.Final/netty-3.10.5.Final.jar:/home/user/.m2/repository/io/netty/netty-all/4.0.52.Final/netty-all-4.0.52.Final.jar:/home/user/.m2/repository/org/fusesource/leveldbjni/leveldbjni-all/1.8/leveldbjni-all-1.8.jar:"/>
    <property name="java.vm.vendor" value="IcedTea"/>
    <property name="sun.arch.data.model" value="64"/>
    <property name="test.build.dir" value="/workdir/hadoop-ozone/integration-test/target/test-dir"/>
    <property name="test.cache.data" value=""/>
    <property name="java.vendor.url" value="https://icedtea.classpath.org"/>
    <property name="user.timezone" value=""/>
    <property name="java.vm.specification.version" value="1.8"/>
    <property name="os.name" value="Linux"/>
    <property name="test.build.data" value="/workdir/hadoop-ozone/integration-test/target/test-dir"/>
    <property name="user.country" value="US"/>
    <property name="sun.java.launcher" value="SUN_STANDARD"/>
    <property name="sun.boot.library.path" value="/usr/lib/jvm/java-1.8-openjdk/jre/lib/amd64"/>
    <property name="sun.java.command" value="/workdir/hadoop-ozone/integration-test/target/surefire/surefirebooter2263309535337305111.jar /workdir/hadoop-ozone/integration-test/target/surefire 2019-08-21T05-14-18_520-jvmRun1 surefire5595770861765237592tmp surefire_895765937110074790782tmp"/>
    <property name="test" value="!TestMiniChaosOzoneCluster"/>
    <property name="surefire.test.class.path" value="/workdir/hadoop-ozone/integration-test/target/test-classes:/workdir/hadoop-ozone/integration-test/target/classes:/home/user/.m2/repository/org/apache/hadoop/hadoop-ozone-common/0.5.0-SNAPSHOT/hadoop-ozone-common-0.5.0-SNAPSHOT.jar:/home/user/.m2/repository/org/apache/commons/commons-compress/1.4.1/commons-compress-1.4.1.jar:/home/user/.m2/repository/org/tukaani/xz/1.0/xz-1.0.jar:/home/user/.m2/repository/org/apache/hadoop/hadoop-common/3.2.0/hadoop-common-3.2.0.jar:/home/user/.m2/repository/org/apache/hadoop/hadoop-hdfs/3.2.0/hadoop-hdfs-3.2.0.jar:/home/user/.m2/repository/org/apache/hadoop/hadoop-hdfs-client/3.2.0/hadoop-hdfs-client-3.2.0.jar:/home/user/.m2/repository/com/fasterxml/jackson/core/jackson-annotations/2.9.5/jackson-annotations-2.9.5.jar:/home/user/.m2/repository/org/apache/hadoop/hadoop-hdds-common/0.5.0-SNAPSHOT/hadoop-hdds-common-0.5.0-SNAPSHOT.jar:/home/user/.m2/repository/javax/annotation/javax.annotation-api/1.2/javax.annotation-api-1.2.jar:/home/user/.m2/repository/org/apache/ratis/ratis-server/0.4.0-2337318-SNAPSHOT/ratis-server-0.4.0-2337318-SNAPSHOT.jar:/home/user/.m2/repository/org/apache/ratis/ratis-thirdparty-misc/0.2.0/ratis-thirdparty-misc-0.2.0.jar:/home/user/.m2/repository/org/apache/ratis/ratis-proto/0.4.0-2337318-SNAPSHOT/ratis-proto-0.4.0-2337318-SNAPSHOT.jar:/home/user/.m2/repository/org/apache/ratis/ratis-common/0.4.0-2337318-SNAPSHOT/ratis-common-0.4.0-2337318-SNAPSHOT.jar:/home/user/.m2/repository/org/apache/ratis/ratis-client/0.4.0-2337318-SNAPSHOT/ratis-client-0.4.0-2337318-SNAPSHOT.jar:/home/user/.m2/repository/org/apache/ratis/ratis-metrics/0.4.0-2337318-SNAPSHOT/ratis-metrics-0.4.0-2337318-SNAPSHOT.jar:/home/user/.m2/repository/org/apache/ratis/ratis-netty/0.4.0-2337318-SNAPSHOT/ratis-netty-0.4.0-2337318-SNAPSHOT.jar:/home/user/.m2/repository/org/apache/ratis/ratis-grpc/0.4.0-2337318-SNAPSHOT/ratis-grpc-0.4.0-2337318-SNAPSHOT.jar:/home/user/.m2/repository/org/rocksdb/rocksdbjni/6.0.1/rocksdbjni-6.0.1.jar:/home/user/.m2/repository/org/apache/logging/log4j/log4j-api/2.11.0/log4j-api-2.11.0.jar:/home/user/.m2/repository/org/apache/logging/log4j/log4j-core/2.11.0/log4j-core-2.11.0.jar:/home/user/.m2/repository/com/lmax/disruptor/3.4.2/disruptor-3.4.2.jar:/home/user/.m2/repository/org/apache/commons/commons-pool2/2.6.0/commons-pool2-2.6.0.jar:/home/user/.m2/repository/org/bouncycastle/bcpkix-jdk15on/1.60/bcpkix-jdk15on-1.60.jar:/home/user/.m2/repository/commons-validator/commons-validator/1.6/commons-validator-1.6.jar:/home/user/.m2/repository/commons-digester/commons-digester/1.8.1/commons-digester-1.8.1.jar:/home/user/.m2/repository/io/jaegertracing/jaeger-client/0.33.1/jaeger-client-0.33.1.jar:/home/user/.m2/repository/io/jaegertracing/jaeger-thrift/0.33.1/jaeger-thrift-0.33.1.jar:/home/user/.m2/repository/org/apache/thrift/libthrift/0.11.0/libthrift-0.11.0.jar:/home/user/.m2/repository/com/squareup/okhttp3/okhttp/3.9.0/okhttp-3.9.0.jar:/home/user/.m2/repository/com/squareup/okio/okio/1.13.0/okio-1.13.0.jar:/home/user/.m2/repository/io/jaegertracing/jaeger-core/0.33.1/jaeger-core-0.33.1.jar:/home/user/.m2/repository/io/jaegertracing/jaeger-tracerresolver/0.33.1/jaeger-tracerresolver-0.33.1.jar:/home/user/.m2/repository/io/opentracing/contrib/opentracing-tracerresolver/0.1.5/opentracing-tracerresolver-0.1.5.jar:/home/user/.m2/repository/io/opentracing/opentracing-util/0.31.0/opentracing-util-0.31.0.jar:/home/user/.m2/repository/io/opentracing/opentracing-api/0.31.0/opentracing-api-0.31.0.jar:/home/user/.m2/repository/io/opentracing/opentracing-noop/0.31.0/opentracing-noop-0.31.0.jar:/home/user/.m2/repository/org/apache/hadoop/hadoop-hdds-server-framework/0.5.0-SNAPSHOT/hadoop-hdds-server-framework-0.5.0-SNAPSHOT.jar:/home/user/.m2/repository/org/apache/hadoop/hadoop-hdds-container-service/0.5.0-SNAPSHOT/hadoop-hdds-container-service-0.5.0-SNAPSHOT.jar:/home/user/.m2/repository/org/apache/hadoop/hadoop-hdds-client/0.5.0-SNAPSHOT/hadoop-hdds-client-0.5.0-SNAPSHOT.jar:/home/user/.m2/repository/org/apache/hadoop/hadoop-hdds-tools/0.5.0-SNAPSHOT/hadoop-hdds-tools-0.5.0-SNAPSHOT.jar:/home/user/.m2/repository/org/apache/hadoop/hadoop-hdds-server-scm/0.5.0-SNAPSHOT/hadoop-hdds-server-scm-0.5.0-SNAPSHOT.jar:/home/user/.m2/repository/org/apache/hadoop/hadoop-hdds-docs/0.5.0-SNAPSHOT/hadoop-hdds-docs-0.5.0-SNAPSHOT.jar:/home/user/.m2/repository/io/dropwizard/metrics/metrics-core/3.2.4/metrics-core-3.2.4.jar:/home/user/.m2/repository/org/hamcrest/hamcrest-all/1.3/hamcrest-all-1.3.jar:/home/user/.m2/repository/org/bouncycastle/bcprov-jdk15on/1.60/bcprov-jdk15on-1.60.jar:/home/user/.m2/repository/info/picocli/picocli/3.9.6/picocli-3.9.6.jar:/home/user/.m2/repository/com/google/protobuf/protobuf-java/2.5.0/protobuf-java-2.5.0.jar:/home/user/.m2/repository/com/google/guava/guava/11.0.2/guava-11.0.2.jar:/home/user/.m2/repository/org/apache/hadoop/hadoop-ozone-ozone-manager/0.5.0-SNAPSHOT/hadoop-ozone-ozone-manager-0.5.0-SNAPSHOT.jar:/home/user/.m2/repository/org/apache/hadoop/hadoop-minikdc/3.2.0/hadoop-minikdc-3.2.0.jar:/home/user/.m2/repository/commons-io/commons-io/2.5/commons-io-2.5.jar:/home/user/.m2/repository/org/apache/kerby/kerb-simplekdc/1.0.1/kerb-simplekdc-1.0.1.jar:/home/user/.m2/repository/org/apache/kerby/kerb-client/1.0.1/kerb-client-1.0.1.jar:/home/user/.m2/repository/org/apache/kerby/kerby-config/1.0.1/kerby-config-1.0.1.jar:/home/user/.m2/repository/org/apache/kerby/kerb-core/1.0.1/kerb-core-1.0.1.jar:/home/user/.m2/repository/org/apache/kerby/kerby-pkix/1.0.1/kerby-pkix-1.0.1.jar:/home/user/.m2/repository/org/apache/kerby/kerby-asn1/1.0.1/kerby-asn1-1.0.1.jar:/home/user/.m2/repository/org/apache/kerby/kerby-util/1.0.1/kerby-util-1.0.1.jar:/home/user/.m2/repository/org/apache/kerby/kerb-common/1.0.1/kerb-common-1.0.1.jar:/home/user/.m2/repository/org/apache/kerby/kerb-crypto/1.0.1/kerb-crypto-1.0.1.jar:/home/user/.m2/repository/org/apache/kerby/kerb-util/1.0.1/kerb-util-1.0.1.jar:/home/user/.m2/repository/org/apache/kerby/token-provider/1.0.1/token-provider-1.0.1.jar:/home/user/.m2/repository/org/apache/kerby/kerb-admin/1.0.1/kerb-admin-1.0.1.jar:/home/user/.m2/repository/org/apache/kerby/kerb-server/1.0.1/kerb-server-1.0.1.jar:/home/user/.m2/repository/org/apache/kerby/kerb-identity/1.0.1/kerb-identity-1.0.1.jar:/home/user/.m2/repository/org/apache/kerby/kerby-xdr/1.0.1/kerby-xdr-1.0.1.jar:/home/user/.m2/repository/org/slf4j/slf4j-log4j12/1.7.25/slf4j-log4j12-1.7.25.jar:/home/user/.m2/repository/org/apache/hadoop/hadoop-ozone-objectstore-service/0.5.0-SNAPSHOT/hadoop-ozone-objectstore-service-0.5.0-SNAPSHOT.jar:/home/user/.m2/repository/org/apache/hadoop/hadoop-ozone-s3gateway/0.5.0-SNAPSHOT/hadoop-ozone-s3gateway-0.5.0-SNAPSHOT.jar:/home/user/.m2/repository/org/jboss/weld/servlet/weld-servlet/2.4.7.Final/weld-servlet-2.4.7.Final.jar:/home/user/.m2/repository/org/glassfish/jersey/containers/jersey-container-servlet-core/2.27/jersey-container-servlet-core-2.27.jar:/home/user/.m2/repository/org/glassfish/hk2/external/javax.inject/2.5.0-b42/javax.inject-2.5.0-b42.jar:/home/user/.m2/repository/org/glassfish/jersey/core/jersey-common/2.27/jersey-common-2.27.jar:/home/user/.m2/repository/org/glassfish/hk2/osgi-resource-locator/1.0.1/osgi-resource-locator-1.0.1.jar:/home/user/.m2/repository/javax/ws/rs/javax.ws.rs-api/2.1/javax.ws.rs-api-2.1.jar:/home/user/.m2/repository/org/glassfish/jersey/ext/cdi/jersey-cdi1x/2.27/jersey-cdi1x-2.27.jar:/home/user/.m2/repository/org/glassfish/jersey/inject/jersey-hk2/2.27/jersey-hk2-2.27.jar:/home/user/.m2/repository/org/glassfish/hk2/hk2-locator/2.5.0-b42/hk2-locator-2.5.0-b42.jar:/home/user/.m2/repository/org/javassist/javassist/3.22.0-CR2/javassist-3.22.0-CR2.jar:/home/user/.m2/repository/org/glassfish/hk2/hk2-api/2.5.0/hk2-api-2.5.0.jar:/home/user/.m2/repository/org/glassfish/hk2/external/jakarta.inject/2.5.0/jakarta.inject-2.5.0.jar:/home/user/.m2/repository/org/glassfish/hk2/hk2-utils/2.5.0/hk2-utils-2.5.0.jar:/home/user/.m2/repository/jakarta/annotation/jakarta.annotation-api/1.3.4/jakarta.annotation-api-1.3.4.jar:/home/user/.m2/repository/org/glassfish/hk2/external/aopalliance-repackaged/2.5.0/aopalliance-repackaged-2.5.0.jar:/home/user/.m2/repository/com/fasterxml/jackson/dataformat/jackson-dataformat-xml/2.9.0/jackson-dataformat-xml-2.9.0.jar:/home/user/.m2/repository/com/fasterxml/jackson/core/jackson-core/2.9.5/jackson-core-2.9.5.jar:/home/user/.m2/repository/com/fasterxml/jackson/module/jackson-module-jaxb-annotations/2.9.5/jackson-module-jaxb-annotations-2.9.5.jar:/home/user/.m2/repository/javax/enterprise/cdi-api/1.2/cdi-api-1.2.jar:/home/user/.m2/repository/javax/el/javax.el-api/3.0.0/javax.el-api-3.0.0.jar:/home/user/.m2/repository/javax/interceptor/javax.interceptor-api/1.2/javax.interceptor-api-1.2.jar:/home/user/.m2/repository/javax/inject/javax.inject/1/javax.inject-1.jar:/home/user/.m2/repository/com/sun/xml/bind/jaxb-impl/2.3.0.1/jaxb-impl-2.3.0.1.jar:/home/user/.m2/repository/com/sun/xml/bind/jaxb-core/2.3.0.1/jaxb-core-2.3.0.1.jar:/home/user/.m2/repository/javax/xml/bind/jaxb-api/2.3.0/jaxb-api-2.3.0.jar:/home/user/.m2/repository/javax/activation/activation/1.1.1/activation-1.1.1.jar:/home/user/.m2/repository/org/apache/hadoop/hadoop-ozone-csi/0.5.0-SNAPSHOT/hadoop-ozone-csi-0.5.0-SNAPSHOT.jar:/home/user/.m2/repository/com/google/protobuf/protobuf-java-util/3.5.1/protobuf-java-util-3.5.1.jar:/home/user/.m2/repository/org/apache/hadoop/hadoop-hdds-config/0.5.0-SNAPSHOT/hadoop-hdds-config-0.5.0-SNAPSHOT.jar:/home/user/.m2/repository/io/grpc/grpc-netty/1.17.1/grpc-netty-1.17.1.jar:/home/user/.m2/repository/io/grpc/grpc-core/1.17.1/grpc-core-1.17.1.jar:/home/user/.m2/repository/io/grpc/grpc-context/1.17.1/grpc-context-1.17.1.jar:/home/user/.m2/repository/com/google/errorprone/error_prone_annotations/2.2.0/error_prone_annotations-2.2.0.jar:/home/user/.m2/repository/org/codehaus/mojo/animal-sniffer-annotations/1.17/animal-sniffer-annotations-1.17.jar:/home/user/.m2/repository/io/opencensus/opencensus-api/0.17.0/opencensus-api-0.17.0.jar:/home/user/.m2/repository/io/opencensus/opencensus-contrib-grpc-metrics/0.17.0/opencensus-contrib-grpc-metrics-0.17.0.jar:/home/user/.m2/repository/io/netty/netty-codec-http2/4.1.30.Final/netty-codec-http2-4.1.30.Final.jar:/home/user/.m2/repository/io/netty/netty-codec-http/4.1.30.Final/netty-codec-http-4.1.30.Final.jar:/home/user/.m2/repository/io/netty/netty-codec/4.1.30.Final/netty-codec-4.1.30.Final.jar:/home/user/.m2/repository/io/netty/netty-handler/4.1.30.Final/netty-handler-4.1.30.Final.jar:/home/user/.m2/repository/io/netty/netty-handler-proxy/4.1.30.Final/netty-handler-proxy-4.1.30.Final.jar:/home/user/.m2/repository/io/netty/netty-codec-socks/4.1.30.Final/netty-codec-socks-4.1.30.Final.jar:/home/user/.m2/repository/io/netty/netty-transport-native-epoll/4.1.30.Final/netty-transport-native-epoll-4.1.30.Final.jar:/home/user/.m2/repository/io/netty/netty-common/4.1.30.Final/netty-common-4.1.30.Final.jar:/home/user/.m2/repository/io/netty/netty-buffer/4.1.30.Final/netty-buffer-4.1.30.Final.jar:/home/user/.m2/repository/io/netty/netty-transport/4.1.30.Final/netty-transport-4.1.30.Final.jar:/home/user/.m2/repository/io/netty/netty-resolver/4.1.30.Final/netty-resolver-4.1.30.Final.jar:/home/user/.m2/repository/io/netty/netty-transport-native-unix-common/4.1.30.Final/netty-transport-native-unix-common-4.1.30.Final.jar:/home/user/.m2/repository/io/grpc/grpc-protobuf/1.17.1/grpc-protobuf-1.17.1.jar:/home/user/.m2/repository/com/google/api/grpc/proto-google-common-protos/1.0.0/proto-google-common-protos-1.0.0.jar:/home/user/.m2/repository/io/grpc/grpc-protobuf-lite/1.17.1/grpc-protobuf-lite-1.17.1.jar:/home/user/.m2/repository/io/grpc/grpc-stub/1.17.1/grpc-stub-1.17.1.jar:/home/user/.m2/repository/org/apache/hadoop/hadoop-ozone-recon/0.5.0-SNAPSHOT/hadoop-ozone-recon-0.5.0-SNAPSHOT.jar:/home/user/.m2/repository/org/apache/hadoop/hadoop-ozone-reconcodegen/0.5.0-SNAPSHOT/hadoop-ozone-reconcodegen-0.5.0-SNAPSHOT.jar:/home/user/.m2/repository/com/google/inject/extensions/guice-multibindings/4.0/guice-multibindings-4.0.jar:/home/user/.m2/repository/com/google/inject/guice/4.0/guice-4.0.jar:/home/user/.m2/repository/aopalliance/aopalliance/1.0/aopalliance-1.0.jar:/home/user/.m2/repository/com/google/inject/extensions/guice-servlet/4.0/guice-servlet-4.0.jar:/home/user/.m2/repository/org/glassfish/jersey/containers/jersey-container-servlet/2.27/jersey-container-servlet-2.27.jar:/home/user/.m2/repository/org/glassfish/hk2/guice-bridge/2.5.0/guice-bridge-2.5.0.jar:/home/user/.m2/repository/org/glassfish/jersey/core/jersey-server/2.27/jersey-server-2.27.jar:/home/user/.m2/repository/org/glassfish/jersey/core/jersey-client/2.27/jersey-client-2.27.jar:/home/user/.m2/repository/org/glassfish/jersey/media/jersey-media-jaxb/2.27/jersey-media-jaxb-2.27.jar:/home/user/.m2/repository/javax/validation/validation-api/1.1.0.Final/validation-api-1.1.0.Final.jar:/home/user/.m2/repository/org/glassfish/jersey/media/jersey-media-json-jackson/2.27/jersey-media-json-jackson-2.27.jar:/home/user/.m2/repository/org/glassfish/jersey/ext/jersey-entity-filtering/2.27/jersey-entity-filtering-2.27.jar:/home/user/.m2/repository/com/google/inject/extensions/guice-assistedinject/4.0/guice-assistedinject-4.0.jar:/home/user/.m2/repository/org/jooq/jooq/3.11.10/jooq-3.11.10.jar:/home/user/.m2/repository/org/jooq/jooq-meta/3.11.10/jooq-meta-3.11.10.jar:/home/user/.m2/repository/org/jooq/jooq-codegen/3.11.10/jooq-codegen-3.11.10.jar:/home/user/.m2/repository/com/jolbox/bonecp/0.8.0.RELEASE/bonecp-0.8.0.RELEASE.jar:/home/user/.m2/repository/org/xerial/sqlite-jdbc/3.25.2/sqlite-jdbc-3.25.2.jar:/home/user/.m2/repository/org/springframework/spring-jdbc/5.1.3.RELEASE/spring-jdbc-5.1.3.RELEASE.jar:/home/user/.m2/repository/org/springframework/spring-beans/5.1.3.RELEASE/spring-beans-5.1.3.RELEASE.jar:/home/user/.m2/repository/org/springframework/spring-core/5.1.3.RELEASE/spring-core-5.1.3.RELEASE.jar:/home/user/.m2/repository/org/springframework/spring-jcl/5.1.3.RELEASE/spring-jcl-5.1.3.RELEASE.jar:/home/user/.m2/repository/org/springframework/spring-tx/5.1.3.RELEASE/spring-tx-5.1.3.RELEASE.jar:/home/user/.m2/repository/org/apache/hadoop/hadoop-ozone-client/0.5.0-SNAPSHOT/hadoop-ozone-client-0.5.0-SNAPSHOT.jar:/home/user/.m2/repository/commons-lang/commons-lang/2.6/commons-lang-2.6.jar:/home/user/.m2/repository/org/apache/hadoop/hadoop-ozone-ozone-manager/0.5.0-SNAPSHOT/hadoop-ozone-ozone-manager-0.5.0-SNAPSHOT-tests.jar:/home/user/.m2/repository/junit/junit/4.11/junit-4.11.jar:/home/user/.m2/repository/org/hamcrest/hamcrest-core/1.3/hamcrest-core-1.3.jar:/home/user/.m2/repository/org/openjdk/jmh/jmh-core/1.19/jmh-core-1.19.jar:/home/user/.m2/repository/net/sf/jopt-simple/jopt-simple/4.6/jopt-simple-4.6.jar:/home/user/.m2/repository/org/apache/commons/commons-math3/3.1.1/commons-math3-3.1.1.jar:/home/user/.m2/repository/org/openjdk/jmh/jmh-generator-annprocess/1.19/jmh-generator-annprocess-1.19.jar:/home/user/.m2/repository/org/mockito/mockito-all/1.8.5/mockito-all-1.8.5.jar:/home/user/.m2/repository/org/apache/hadoop/hadoop-kms/3.2.0/hadoop-kms-3.2.0.jar:/home/user/.m2/repository/org/apache/hadoop/hadoop-auth/3.2.0/hadoop-auth-3.2.0.jar:/home/user/.m2/repository/com/nimbusds/nimbus-jose-jwt/4.41.1/nimbus-jose-jwt-4.41.1.jar:/home/user/.m2/repository/com/github/stephenc/jcip/jcip-annotations/1.0-1/jcip-annotations-1.0-1.jar:/home/user/.m2/repository/net/minidev/json-smart/2.3/json-smart-2.3.jar:/home/user/.m2/repository/net/minidev/accessors-smart/1.2/accessors-smart-1.2.jar:/home/user/.m2/repository/org/ow2/asm/asm/5.0.4/asm-5.0.4.jar:/home/user/.m2/repository/org/apache/curator/curator-framework/2.12.0/curator-framework-2.12.0.jar:/home/user/.m2/repository/com/sun/jersey/jersey-core/1.19/jersey-core-1.19.jar:/home/user/.m2/repository/javax/ws/rs/jsr311-api/1.1.1/jsr311-api-1.1.1.jar:/home/user/.m2/repository/com/sun/jersey/jersey-server/1.19/jersey-server-1.19.jar:/home/user/.m2/repository/javax/servlet/javax.servlet-api/3.1.0/javax.servlet-api-3.1.0.jar:/home/user/.m2/repository/org/eclipse/jetty/jetty-server/9.3.24.v20180605/jetty-server-9.3.24.v20180605.jar:/home/user/.m2/repository/org/eclipse/jetty/jetty-http/9.3.24.v20180605/jetty-http-9.3.24.v20180605.jar:/home/user/.m2/repository/org/eclipse/jetty/jetty-io/9.3.24.v20180605/jetty-io-9.3.24.v20180605.jar:/home/user/.m2/repository/org/eclipse/jetty/jetty-webapp/9.3.24.v20180605/jetty-webapp-9.3.24.v20180605.jar:/home/user/.m2/repository/org/eclipse/jetty/jetty-xml/9.3.24.v20180605/jetty-xml-9.3.24.v20180605.jar:/home/user/.m2/repository/log4j/log4j/1.2.17/log4j-1.2.17.jar:/home/user/.m2/repository/org/slf4j/slf4j-api/1.7.25/slf4j-api-1.7.25.jar:/home/user/.m2/repository/org/slf4j/jul-to-slf4j/1.7.25/jul-to-slf4j-1.7.25.jar:/home/user/.m2/repository/org/eclipse/jetty/jetty-util/9.3.24.v20180605/jetty-util-9.3.24.v20180605.jar:/home/user/.m2/repository/com/fasterxml/jackson/core/jackson-databind/2.9.5/jackson-databind-2.9.5.jar:/home/user/.m2/repository/org/apache/hadoop/hadoop-kms/3.2.0/hadoop-kms-3.2.0-tests.jar:/home/user/.m2/repository/org/apache/hadoop/hadoop-hdds-server-scm/0.5.0-SNAPSHOT/hadoop-hdds-server-scm-0.5.0-SNAPSHOT-tests.jar:/home/user/.m2/repository/org/apache/hadoop/hadoop-hdds-container-service/0.5.0-SNAPSHOT/hadoop-hdds-container-service-0.5.0-SNAPSHOT-tests.jar:/home/user/.m2/repository/org/yaml/snakeyaml/1.16/snakeyaml-1.16.jar:/home/user/.m2/repository/org/apache/hadoop/hadoop-common/3.2.0/hadoop-common-3.2.0-tests.jar:/home/user/.m2/repository/org/apache/hadoop/hadoop-annotations/3.2.0/hadoop-annotations-3.2.0.jar:/usr/lib/jvm/java-1.8-openjdk/jre/../lib/tools.jar:/home/user/.m2/repository/commons-cli/commons-cli/1.2/commons-cli-1.2.jar:/home/user/.m2/repository/org/apache/httpcomponents/httpclient/4.5.2/httpclient-4.5.2.jar:/home/user/.m2/repository/org/apache/httpcomponents/httpcore/4.4.4/httpcore-4.4.4.jar:/home/user/.m2/repository/commons-codec/commons-codec/1.11/commons-codec-1.11.jar:/home/user/.m2/repository/commons-net/commons-net/3.6/commons-net-3.6.jar:/home/user/.m2/repository/commons-collections/commons-collections/3.2.2/commons-collections-3.2.2.jar:/home/user/.m2/repository/org/eclipse/jetty/jetty-servlet/9.3.24.v20180605/jetty-servlet-9.3.24.v20180605.jar:/home/user/.m2/repository/org/eclipse/jetty/jetty-security/9.3.24.v20180605/jetty-security-9.3.24.v20180605.jar:/home/user/.m2/repository/javax/servlet/jsp/jsp-api/2.1/jsp-api-2.1.jar:/home/user/.m2/repository/com/sun/jersey/jersey-servlet/1.19/jersey-servlet-1.19.jar:/home/user/.m2/repository/com/sun/jersey/jersey-json/1.19/jersey-json-1.19.jar:/home/user/.m2/repository/org/codehaus/jettison/jettison/1.1/jettison-1.1.jar:/home/user/.m2/repository/org/codehaus/jackson/jackson-core-asl/1.9.13/jackson-core-asl-1.9.13.jar:/home/user/.m2/repository/org/codehaus/jackson/jackson-mapper-asl/1.9.13/jackson-mapper-asl-1.9.13.jar:/home/user/.m2/repository/org/codehaus/jackson/jackson-jaxrs/1.9.13/jackson-jaxrs-1.9.13.jar:/home/user/.m2/repository/org/codehaus/jackson/jackson-xc/1.9.13/jackson-xc-1.9.13.jar:/home/user/.m2/repository/commons-logging/commons-logging/1.1.3/commons-logging-1.1.3.jar:/home/user/.m2/repository/commons-beanutils/commons-beanutils/1.9.3/commons-beanutils-1.9.3.jar:/home/user/.m2/repository/org/apache/commons/commons-configuration2/2.1.1/commons-configuration2-2.1.1.jar:/home/user/.m2/repository/org/apache/commons/commons-lang3/3.7/commons-lang3-3.7.jar:/home/user/.m2/repository/org/apache/commons/commons-text/1.4/commons-text-1.4.jar:/home/user/.m2/repository/org/apache/avro/avro/1.7.7/avro-1.7.7.jar:/home/user/.m2/repository/com/thoughtworks/paranamer/paranamer/2.3/paranamer-2.3.jar:/home/user/.m2/repository/org/xerial/snappy/snappy-java/1.0.5/snappy-java-1.0.5.jar:/home/user/.m2/repository/com/google/re2j/re2j/1.1/re2j-1.1.jar:/home/user/.m2/repository/com/google/code/gson/gson/2.2.4/gson-2.2.4.jar:/home/user/.m2/repository/com/jcraft/jsch/0.1.54/jsch-0.1.54.jar:/home/user/.m2/repository/org/apache/curator/curator-client/2.12.0/curator-client-2.12.0.jar:/home/user/.m2/repository/org/apache/curator/curator-recipes/2.12.0/curator-recipes-2.12.0.jar:/home/user/.m2/repository/com/google/code/findbugs/jsr305/3.0.0/jsr305-3.0.0.jar:/home/user/.m2/repository/org/apache/htrace/htrace-core4/4.1.0-incubating/htrace-core4-4.1.0-incubating.jar:/home/user/.m2/repository/org/apache/zookeeper/zookeeper/3.4.13/zookeeper-3.4.13.jar:/home/user/.m2/repository/org/apache/yetus/audience-annotations/0.5.0/audience-annotations-0.5.0.jar:/home/user/.m2/repository/org/codehaus/woodstox/stax2-api/3.1.4/stax2-api-3.1.4.jar:/home/user/.m2/repository/com/fasterxml/woodstox/woodstox-core/5.0.3/woodstox-core-5.0.3.jar:/home/user/.m2/repository/dnsjava/dnsjava/2.1.7/dnsjava-2.1.7.jar:/home/user/.m2/repository/org/apache/hadoop/hadoop-hdfs/3.2.0/hadoop-hdfs-3.2.0-tests.jar:/home/user/.m2/repository/org/eclipse/jetty/jetty-util-ajax/9.3.24.v20180605/jetty-util-ajax-9.3.24.v20180605.jar:/home/user/.m2/repository/commons-daemon/commons-daemon/1.0.13/commons-daemon-1.0.13.jar:/home/user/.m2/repository/io/netty/netty/3.10.5.Final/netty-3.10.5.Final.jar:/home/user/.m2/repository/io/netty/netty-all/4.0.52.Final/netty-all-4.0.52.Final.jar:/home/user/.m2/repository/org/fusesource/leveldbjni/leveldbjni-all/1.8/leveldbjni-all-1.8.jar:"/>
    <property name="sun.cpu.endian" value="little"/>
    <property name="user.home" value="/home/user"/>
    <property name="user.language" value="en"/>
    <property name="java.specification.vendor" value="Oracle Corporation"/>
    <property name="java.home" value="/usr/lib/jvm/java-1.8-openjdk/jre"/>
    <property name="java.security.krb5.conf" value="/workdir/hadoop-ozone/integration-test/target/test-classes/krb5.conf"/>
    <property name="basedir" value="/workdir/hadoop-ozone/integration-test"/>
    <property name="file.separator" value="/"/>
    <property name="line.separator" value="&#10;"/>
    <property name="java.vm.specification.vendor" value="Oracle Corporation"/>
    <property name="java.specification.name" value="Java Platform API Specification"/>
    <property name="java.awt.graphicsenv" value="sun.awt.X11GraphicsEnvironment"/>
    <property name="surefire.real.class.path" value="/workdir/hadoop-ozone/integration-test/target/surefire/surefirebooter2263309535337305111.jar"/>
    <property name="hadoop.log.dir" value="/workdir/hadoop-ozone/integration-test/target/log"/>
    <property name="sun.boot.class.path" value="/usr/lib/jvm/java-1.8-openjdk/jre/lib/resources.jar:/usr/lib/jvm/java-1.8-openjdk/jre/lib/rt.jar:/usr/lib/jvm/java-1.8-openjdk/jre/lib/sunrsasign.jar:/usr/lib/jvm/java-1.8-openjdk/jre/lib/jsse.jar:/usr/lib/jvm/java-1.8-openjdk/jre/lib/jce.jar:/usr/lib/jvm/java-1.8-openjdk/jre/lib/charsets.jar:/usr/lib/jvm/java-1.8-openjdk/jre/lib/jfr.jar:/usr/lib/jvm/java-1.8-openjdk/jre/classes"/>
    <property name="sun.management.compiler" value="HotSpot 64-Bit Tiered Compilers"/>
    <property name="java.runtime.version" value="1.8.0_212-b04"/>
    <property name="java.net.preferIPv4Stack" value="true"/>
    <property name="user.name" value="jenkins1000"/>
    <property name="path.separator" value=":"/>
    <property name="java.security.egd" value="file:///dev/urandom"/>
    <property name="os.version" value="3.10.0-957.12.2.el7.x86_64"/>
    <property name="java.endorsed.dirs" value="/usr/lib/jvm/java-1.8-openjdk/jre/lib/endorsed"/>
    <property name="java.runtime.name" value="OpenJDK Runtime Environment"/>
    <property name="file.encoding" value="UTF-8"/>
    <property name="java.vm.name" value="OpenJDK 64-Bit Server VM"/>
    <property name="test.build.webapps" value=""/>
    <property name="localRepository" value="/home/user/.m2/repository"/>
    <property name="java.vendor.url.bug" value="https://icedtea.classpath.org/bugzilla"/>
    <property name="java.io.tmpdir" value="/tmp"/>
    <property name="require.test.libhadoop" value=""/>
    <property name="java.version" value="1.8.0_212"/>
    <property name="user.dir" value="/workdir/hadoop-ozone/integration-test"/>
    <property name="os.arch" value="amd64"/>
    <property name="java.vm.specification.name" value="Java Virtual Machine Specification"/>
    <property name="test.build.classes" value="/workdir/hadoop-ozone/integration-test/target/test-classes"/>
    <property name="java.awt.printerjob" value="sun.print.PSPrinterJob"/>
    <property name="sun.os.patch.level" value="unknown"/>
    <property name="hadoop.tmp.dir" value="/workdir/hadoop-ozone/integration-test/target/tmp"/>
    <property name="java.library.path" value="/usr/lib/jvm/java-1.8-openjdk/jre/lib/amd64/server:/usr/lib/jvm/java-1.8-openjdk/jre/lib/amd64:/usr/lib/jvm/java-1.8-openjdk/jre/../lib/amd64:/workdir/hadoop-ozone/integration-test/target/native/target/usr/local/lib:/workdir/hadoop-ozone/integration-test/../../hadoop-common-project/hadoop-common/target/native/target/usr/local/lib:/usr/java/packages/lib/amd64:/usr/lib64:/lib64:/lib:/usr/lib"/>
    <property name="java.vm.info" value="mixed mode"/>
    <property name="java.vendor" value="IcedTea"/>
    <property name="java.vm.version" value="25.212-b04"/>
    <property name="java.ext.dirs" value="/usr/lib/jvm/java-1.8-openjdk/jre/lib/ext:/usr/java/packages/lib/ext"/>
    <property name="sun.io.unicode.encoding" value="UnicodeLittle"/>
    <property name="java.class.version" value="52.0"/>
  </properties>
  <testcase name="testAutomaticPipelineCreationOnPipelineDestroy" classname="org.apache.hadoop.hdds.scm.pipeline.TestRatisPipelineCreateAndDestory" time="46.333">
    <error message="test timed out after 30000 milliseconds" type="java.lang.Exception">java.lang.Exception: test timed out after 30000 milliseconds
	at java.lang.Thread.sleep(Native Method)
	at org.apache.hadoop.test.GenericTestUtils.waitFor(GenericTestUtils.java:382)
	at org.apache.hadoop.hdds.scm.pipeline.TestRatisPipelineCreateAndDestory.waitForPipelines(TestRatisPipelineCreateAndDestory.java:126)
	at org.apache.hadoop.hdds.scm.pipeline.TestRatisPipelineCreateAndDestory.testAutomaticPipelineCreationOnPipelineDestroy(TestRatisPipelineCreateAndDestory.java:79)
	at sun.reflect.NativeMethodAccessorImpl.invoke0(Native Method)
	at sun.reflect.NativeMethodAccessorImpl.invoke(NativeMethodAccessorImpl.java:62)
	at sun.reflect.DelegatingMethodAccessorImpl.invoke(DelegatingMethodAccessorImpl.java:43)
	at java.lang.reflect.Method.invoke(Method.java:498)
	at org.junit.runners.model.FrameworkMethod$1.runReflectiveCall(FrameworkMethod.java:47)
	at org.junit.internal.runners.model.ReflectiveCallable.run(ReflectiveCallable.java:12)
	at org.junit.runners.model.FrameworkMethod.invokeExplosively(FrameworkMethod.java:44)
	at org.junit.internal.runners.statements.InvokeMethod.evaluate(InvokeMethod.java:17)
	at org.junit.internal.runners.statements.FailOnTimeout$StatementThread.run(FailOnTimeout.java:74)
</error>
    <system-out><![CDATA[2019-08-21 06:48:25,488 [Thread-0] WARN  server.ServerUtils (ServerUtils.java:getScmDbDir(145)) - ozone.scm.db.dirs is not configured. We recommend adding this setting. Falling back to ozone.metadata.dirs instead.
2019-08-21 06:48:25,774 [Thread-0] WARN  server.ServerUtils (ServerUtils.java:getScmDbDir(145)) - ozone.scm.db.dirs is not configured. We recommend adding this setting. Falling back to ozone.metadata.dirs instead.
2019-08-21 06:48:25,778 [Thread-0] WARN  server.ServerUtils (ServerUtils.java:getScmDbDir(145)) - ozone.scm.db.dirs is not configured. We recommend adding this setting. Falling back to ozone.metadata.dirs instead.
2019-08-21 06:48:25,796 [Thread-0] INFO  util.log (Log.java:initialized(192)) - Logging initialized @991ms
2019-08-21 06:48:25,908 [Thread-0] INFO  db.DBStoreBuilder (DBStoreBuilder.java:addTable(110)) - using custom profile for table: deletedBlocks
2019-08-21 06:48:25,908 [Thread-0] INFO  db.DBStoreBuilder (DBStoreBuilder.java:processTables(161)) - Using default column profile:DBProfile.DISK for Table:deletedBlocks
2019-08-21 06:48:25,909 [Thread-0] INFO  db.DBStoreBuilder (DBStoreBuilder.java:addTable(110)) - using custom profile for table: validCerts
2019-08-21 06:48:25,909 [Thread-0] INFO  db.DBStoreBuilder (DBStoreBuilder.java:processTables(161)) - Using default column profile:DBProfile.DISK for Table:validCerts
2019-08-21 06:48:25,909 [Thread-0] INFO  db.DBStoreBuilder (DBStoreBuilder.java:addTable(110)) - using custom profile for table: revokedCerts
2019-08-21 06:48:25,910 [Thread-0] INFO  db.DBStoreBuilder (DBStoreBuilder.java:processTables(161)) - Using default column profile:DBProfile.DISK for Table:revokedCerts
2019-08-21 06:48:25,921 [Thread-0] INFO  db.DBStoreBuilder (DBStoreBuilder.java:addTable(110)) - using custom profile for table: default
2019-08-21 06:48:25,921 [Thread-0] INFO  db.DBStoreBuilder (DBStoreBuilder.java:processTables(167)) - Using default column profile:DBProfile.DISK for Table:default
2019-08-21 06:48:25,923 [Thread-0] INFO  db.DBStoreBuilder (DBStoreBuilder.java:getDbProfile(198)) - Using default options. DBProfile.DISK
2019-08-21 06:48:26,148 [Thread-0] INFO  net.NodeSchemaLoader (NodeSchemaLoader.java:loadSchemaFromFile(125)) - Loading file from sun.misc.CompoundEnumeration@d52d8c0
2019-08-21 06:48:26,150 [Thread-0] INFO  net.NodeSchemaLoader (NodeSchemaLoader.java:loadSchema(171)) - Loading network topology layer schema file
2019-08-21 06:48:26,225 [Thread-0] INFO  node.SCMNodeManager (SCMNodeManager.java:<init>(121)) - Entering startup safe mode.
2019-08-21 06:48:26,297 [Thread-0] INFO  algorithms.ContainerPlacementPolicyFactory (ContainerPlacementPolicyFactory.java:getPolicy(55)) - Create container placement policy of type org.apache.hadoop.hdds.scm.container.placement.algorithms.SCMContainerPlacementRandom
2019-08-21 06:48:26,311 [Thread-0] WARN  server.ServerUtils (ServerUtils.java:getScmDbDir(145)) - ozone.scm.db.dirs is not configured. We recommend adding this setting. Falling back to ozone.metadata.dirs instead.
2019-08-21 06:48:26,369 [Thread-0] INFO  pipeline.SCMPipelineManager (SCMPipelineManager.java:initializePipelineState(126)) - No pipeline exists in current db
2019-08-21 06:48:26,371 [Thread-0] WARN  server.ServerUtils (ServerUtils.java:getScmDbDir(145)) - ozone.scm.db.dirs is not configured. We recommend adding this setting. Falling back to ozone.metadata.dirs instead.
2019-08-21 06:48:26,475 [Thread-0] WARN  events.EventQueue (EventQueue.java:fireEvent(175)) - No event handler registered for event TypedEvent{payloadType=SafeModeStatus, name='SafeModeStatus'}
2019-08-21 06:48:26,955 [Thread-0] INFO  ipc.CallQueueManager (CallQueueManager.java:<init>(84)) - Using callQueue: class java.util.concurrent.LinkedBlockingQueue, queueCapacity: 2000, scheduler: class org.apache.hadoop.ipc.DefaultRpcScheduler, ipcBackoff: false.
2019-08-21 06:48:27,294 [Socket Reader #1 for port 38542] INFO  ipc.Server (Server.java:run(1074)) - Starting Socket Reader #1 for port 38542
2019-08-21 06:48:27,326 [Thread-0] INFO  ipc.CallQueueManager (CallQueueManager.java:<init>(84)) - Using callQueue: class java.util.concurrent.LinkedBlockingQueue, queueCapacity: 2000, scheduler: class org.apache.hadoop.ipc.DefaultRpcScheduler, ipcBackoff: false.
2019-08-21 06:48:27,328 [Socket Reader #1 for port 40748] INFO  ipc.Server (Server.java:run(1074)) - Starting Socket Reader #1 for port 40748
2019-08-21 06:48:27,336 [Thread-0] INFO  ipc.CallQueueManager (CallQueueManager.java:<init>(84)) - Using callQueue: class java.util.concurrent.LinkedBlockingQueue, queueCapacity: 2000, scheduler: class org.apache.hadoop.ipc.DefaultRpcScheduler, ipcBackoff: false.
2019-08-21 06:48:27,337 [Socket Reader #1 for port 33333] INFO  ipc.Server (Server.java:run(1074)) - Starting Socket Reader #1 for port 33333
2019-08-21 06:48:27,360 [Thread-0] INFO  hdfs.DFSUtil (DFSUtil.java:httpServerTemplateForNNAndJN(1641)) - Starting Web-server for scm at: http://0.0.0.0:0
2019-08-21 06:48:27,538 [Thread-0] INFO  server.AuthenticationFilter (AuthenticationFilter.java:constructSecretProvider(240)) - Unable to initialize FileSignerSecretProvider, falling back to use random secrets.
2019-08-21 06:48:27,547 [Thread-0] WARN  http.HttpRequestLog (HttpRequestLog.java:getRequestLog(97)) - Jetty request log can only be enabled using Log4j
2019-08-21 06:48:27,556 [Thread-0] INFO  http.HttpServer2 (HttpServer2.java:addGlobalFilter(975)) - Added global filter 'safety' (class=org.apache.hadoop.http.HttpServer2$QuotingInputFilter)
2019-08-21 06:48:27,559 [Thread-0] INFO  http.HttpServer2 (HttpServer2.java:addFilter(948)) - Added filter static_user_filter (class=org.apache.hadoop.http.lib.StaticUserWebFilter$StaticUserFilter) to context scm
2019-08-21 06:48:27,560 [Thread-0] INFO  http.HttpServer2 (HttpServer2.java:addFilter(958)) - Added filter static_user_filter (class=org.apache.hadoop.http.lib.StaticUserWebFilter$StaticUserFilter) to context logs
2019-08-21 06:48:27,560 [Thread-0] INFO  http.HttpServer2 (HttpServer2.java:addFilter(958)) - Added filter static_user_filter (class=org.apache.hadoop.http.lib.StaticUserWebFilter$StaticUserFilter) to context static
2019-08-21 06:48:27,590 [Thread-0] INFO  server.StorageContainerManager (StorageContainerManager.java:start(759)) - StorageContainerLocationProtocol RPC server is listening at /0.0.0.0:33333
2019-08-21 06:48:27,661 [Thread-0] WARN  impl.MetricsConfig (MetricsConfig.java:loadFirst(134)) - Cannot locate configuration: tried hadoop-metrics2-storagecontainermanager.properties,hadoop-metrics2.properties
2019-08-21 06:48:27,680 [Thread-0] INFO  impl.MetricsSystemImpl (MetricsSystemImpl.java:startTimer(374)) - Scheduled Metric snapshot period at 10 second(s).
2019-08-21 06:48:27,681 [Thread-0] INFO  impl.MetricsSystemImpl (MetricsSystemImpl.java:start(191)) - StorageContainerManager metrics system started
2019-08-21 06:48:27,950 [Thread-0] INFO  server.SCMClientProtocolServer (SCMClientProtocolServer.java:start(151)) - RPC server for Client  is listening at /0.0.0.0:33333
2019-08-21 06:48:27,950 [IPC Server Responder] INFO  ipc.Server (Server.java:run(1314)) - IPC Server Responder: starting
2019-08-21 06:48:27,950 [IPC Server listener on 33333] INFO  ipc.Server (Server.java:run(1153)) - IPC Server listener on 33333: starting
2019-08-21 06:48:27,953 [Thread-0] INFO  server.StorageContainerManager (StorageContainerManager.java:start(769)) - ScmBlockLocationProtocol RPC server is listening at /0.0.0.0:40748
2019-08-21 06:48:27,953 [Thread-0] INFO  server.SCMBlockProtocolServer (SCMBlockProtocolServer.java:start(140)) - RPC server for Block Protocol is listening at /0.0.0.0:40748
2019-08-21 06:48:27,953 [IPC Server Responder] INFO  ipc.Server (Server.java:run(1314)) - IPC Server Responder: starting
2019-08-21 06:48:27,953 [IPC Server listener on 40748] INFO  ipc.Server (Server.java:run(1153)) - IPC Server listener on 40748: starting
2019-08-21 06:48:27,955 [Thread-0] INFO  server.StorageContainerManager (StorageContainerManager.java:start(773)) - ScmDatanodeProtocl RPC server is listening at /0.0.0.0:38542
2019-08-21 06:48:27,955 [Thread-0] INFO  server.SCMDatanodeProtocolServer (SCMDatanodeProtocolServer.java:start(191)) - RPC server for DataNodes is listening at /0.0.0.0:38542
2019-08-21 06:48:27,955 [IPC Server Responder] INFO  ipc.Server (Server.java:run(1314)) - IPC Server Responder: starting
2019-08-21 06:48:27,956 [IPC Server listener on 38542] INFO  ipc.Server (Server.java:run(1153)) - IPC Server listener on 38542: starting
2019-08-21 06:48:27,959 [Thread-0] INFO  http.HttpServer2 (HttpServer2.java:bindListener(1191)) - Jetty bound to port 33382
2019-08-21 06:48:27,961 [Thread-0] INFO  server.Server (Server.java:doStart(351)) - jetty-9.3.24.v20180605, build timestamp: 2018-06-05T17:11:56Z, git hash: 84205aa28f11a4f31f2a3b86d1bba2cc8ab69827
2019-08-21 06:48:27,999 [Thread-0] INFO  handler.ContextHandler (ContextHandler.java:doStart(781)) - Started o.e.j.s.ServletContextHandler@25fc3b1d{/logs,file:///workdir/hadoop-ozone/integration-test/target/log,AVAILABLE}
2019-08-21 06:48:28,000 [Thread-0] INFO  handler.ContextHandler (ContextHandler.java:doStart(781)) - Started o.e.j.s.ServletContextHandler@56cc5da2{/static,file:///workdir/hadoop-ozone/integration-test/target/test-classes/webapps/static,AVAILABLE}
2019-08-21 06:48:28,034 [Thread-0] INFO  handler.ContextHandler (ContextHandler.java:doStart(781)) - Started o.e.j.w.WebAppContext@1e2965c8{/,file:///workdir/hadoop-ozone/integration-test/target/test-classes/webapps/scm/,AVAILABLE}{/scm}
2019-08-21 06:48:28,040 [Thread-0] INFO  server.AbstractConnector (AbstractConnector.java:doStart(278)) - Started ServerConnector@2101da7f{HTTP/1.1,[http/1.1]}{0.0.0.0:33382}
2019-08-21 06:48:28,040 [Thread-0] INFO  server.Server (Server.java:doStart(419)) - Started @3235ms
2019-08-21 06:48:28,041 [Thread-0] INFO  server.BaseHttpServer (BaseHttpServer.java:updateConnectorAddress(213)) - HTTP server of SCM is listening at http://0.0.0.0:33382
2019-08-21 06:48:28,046 [org.apache.hadoop.util.JvmPauseMonitor$Monitor@6692e973] INFO  util.JvmPauseMonitor (JvmPauseMonitor.java:run(188)) - Starting JVM pause monitor
2019-08-21 06:48:28,049 [Thread-0] WARN  server.ServerUtils (ServerUtils.java:getDBPath(222)) - ozone.om.db.dirs is not configured. We recommend adding this setting. Falling back to ozone.metadata.dirs instead.
2019-08-21 06:48:28,153 [Thread-0] WARN  server.ServerUtils (ServerUtils.java:getDBPath(222)) - ozone.om.db.dirs is not configured. We recommend adding this setting. Falling back to ozone.metadata.dirs instead.
2019-08-21 06:48:28,154 [Thread-0] WARN  server.ServerUtils (ServerUtils.java:getDBPath(222)) - ozone.om.db.dirs is not configured. We recommend adding this setting. Falling back to ozone.metadata.dirs instead.
2019-08-21 06:48:28,155 [Thread-0] INFO  om.OzoneManager (OzoneManager.java:setOMNodeDetails(648)) - OM Service ID is not set. Setting it to the default ID: omServiceIdDefault
2019-08-21 06:48:28,155 [Thread-0] INFO  om.OzoneManager (OzoneManager.java:setOMNodeDetails(654)) - OM Node ID is not set. Setting it to the OmStorage's OmID: 733ff861-e732-4da1-bdc2-69e2e4cec0a9
2019-08-21 06:48:28,156 [Thread-0] INFO  om.OzoneManager (OzoneManager.java:loadOMHAConfigs(605)) - Found matching OM address with OMServiceId: null, OMNodeId: null, RPC Address: localhost:0 and Ratis port: 9872
2019-08-21 06:48:28,438 | INFO  | SCMAudit | user=jenkins1000 | ip=192.168.69.91 | op=GET_SCM_INFO null | ret=SUCCESS |  
2019-08-21 06:48:28,923 [Thread-0] WARN  server.ServerUtils (ServerUtils.java:getDBPath(222)) - ozone.om.db.dirs is not configured. We recommend adding this setting. Falling back to ozone.metadata.dirs instead.
2019-08-21 06:48:28,930 [Thread-0] INFO  db.DBStoreBuilder (DBStoreBuilder.java:addTable(110)) - using custom profile for table: userTable
2019-08-21 06:48:28,931 [Thread-0] INFO  db.DBStoreBuilder (DBStoreBuilder.java:processTables(161)) - Using default column profile:DBProfile.DISK for Table:userTable
2019-08-21 06:48:28,931 [Thread-0] INFO  db.DBStoreBuilder (DBStoreBuilder.java:addTable(110)) - using custom profile for table: volumeTable
2019-08-21 06:48:28,931 [Thread-0] INFO  db.DBStoreBuilder (DBStoreBuilder.java:processTables(161)) - Using default column profile:DBProfile.DISK for Table:volumeTable
2019-08-21 06:48:28,931 [Thread-0] INFO  db.DBStoreBuilder (DBStoreBuilder.java:addTable(110)) - using custom profile for table: bucketTable
2019-08-21 06:48:28,932 [Thread-0] INFO  db.DBStoreBuilder (DBStoreBuilder.java:processTables(161)) - Using default column profile:DBProfile.DISK for Table:bucketTable
2019-08-21 06:48:28,932 [Thread-0] INFO  db.DBStoreBuilder (DBStoreBuilder.java:addTable(110)) - using custom profile for table: keyTable
2019-08-21 06:48:28,932 [Thread-0] INFO  db.DBStoreBuilder (DBStoreBuilder.java:processTables(161)) - Using default column profile:DBProfile.DISK for Table:keyTable
2019-08-21 06:48:28,932 [Thread-0] INFO  db.DBStoreBuilder (DBStoreBuilder.java:addTable(110)) - using custom profile for table: deletedTable
2019-08-21 06:48:28,932 [Thread-0] INFO  db.DBStoreBuilder (DBStoreBuilder.java:processTables(161)) - Using default column profile:DBProfile.DISK for Table:deletedTable
2019-08-21 06:48:28,933 [Thread-0] INFO  db.DBStoreBuilder (DBStoreBuilder.java:addTable(110)) - using custom profile for table: openKeyTable
2019-08-21 06:48:28,933 [Thread-0] INFO  db.DBStoreBuilder (DBStoreBuilder.java:processTables(161)) - Using default column profile:DBProfile.DISK for Table:openKeyTable
2019-08-21 06:48:28,933 [Thread-0] INFO  db.DBStoreBuilder (DBStoreBuilder.java:addTable(110)) - using custom profile for table: s3Table
2019-08-21 06:48:28,933 [Thread-0] INFO  db.DBStoreBuilder (DBStoreBuilder.java:processTables(161)) - Using default column profile:DBProfile.DISK for Table:s3Table
2019-08-21 06:48:28,934 [Thread-0] INFO  db.DBStoreBuilder (DBStoreBuilder.java:addTable(110)) - using custom profile for table: multipartInfoTable
2019-08-21 06:48:28,934 [Thread-0] INFO  db.DBStoreBuilder (DBStoreBuilder.java:processTables(161)) - Using default column profile:DBProfile.DISK for Table:multipartInfoTable
2019-08-21 06:48:28,934 [Thread-0] INFO  db.DBStoreBuilder (DBStoreBuilder.java:addTable(110)) - using custom profile for table: dTokenTable
2019-08-21 06:48:28,934 [Thread-0] INFO  db.DBStoreBuilder (DBStoreBuilder.java:processTables(161)) - Using default column profile:DBProfile.DISK for Table:dTokenTable
2019-08-21 06:48:28,935 [Thread-0] INFO  db.DBStoreBuilder (DBStoreBuilder.java:addTable(110)) - using custom profile for table: s3SecretTable
2019-08-21 06:48:28,935 [Thread-0] INFO  db.DBStoreBuilder (DBStoreBuilder.java:processTables(161)) - Using default column profile:DBProfile.DISK for Table:s3SecretTable
2019-08-21 06:48:28,935 [Thread-0] INFO  db.DBStoreBuilder (DBStoreBuilder.java:addTable(110)) - using custom profile for table: prefixTable
2019-08-21 06:48:28,935 [Thread-0] INFO  db.DBStoreBuilder (DBStoreBuilder.java:processTables(161)) - Using default column profile:DBProfile.DISK for Table:prefixTable
2019-08-21 06:48:28,935 [Thread-0] INFO  db.DBStoreBuilder (DBStoreBuilder.java:addTable(110)) - using custom profile for table: default
2019-08-21 06:48:28,936 [Thread-0] INFO  db.DBStoreBuilder (DBStoreBuilder.java:processTables(167)) - Using default column profile:DBProfile.DISK for Table:default
2019-08-21 06:48:28,936 [Thread-0] INFO  db.DBStoreBuilder (DBStoreBuilder.java:getDbProfile(198)) - Using default options. DBProfile.DISK
2019-08-21 06:48:29,328 [Thread-0] INFO  ipc.CallQueueManager (CallQueueManager.java:<init>(84)) - Using callQueue: class java.util.concurrent.LinkedBlockingQueue, queueCapacity: 2000, scheduler: class org.apache.hadoop.ipc.DefaultRpcScheduler, ipcBackoff: false.
2019-08-21 06:48:29,329 [Socket Reader #1 for port 33661] INFO  ipc.Server (Server.java:run(1074)) - Starting Socket Reader #1 for port 33661
2019-08-21 06:48:29,350 [Thread-0] INFO  om.OzoneManager (OzoneManager.java:start(1259)) - OzoneManager RPC server is listening at localhost/127.0.0.1:33661
2019-08-21 06:48:29,350 [Thread-0] INFO  impl.MetricsSystemImpl (MetricsSystemImpl.java:init(158)) - OzoneManager metrics system started (again)
2019-08-21 06:48:29,352 [IPC Server Responder] INFO  ipc.Server (Server.java:run(1314)) - IPC Server Responder: starting
2019-08-21 06:48:29,352 [IPC Server listener on 33661] INFO  ipc.Server (Server.java:run(1153)) - IPC Server listener on 33661: starting
2019-08-21 06:48:29,356 [Thread-0] INFO  hdfs.DFSUtil (DFSUtil.java:httpServerTemplateForNNAndJN(1641)) - Starting Web-server for ozoneManager at: http://0.0.0.0:0
2019-08-21 06:48:29,358 [Thread-0] INFO  server.AuthenticationFilter (AuthenticationFilter.java:constructSecretProvider(240)) - Unable to initialize FileSignerSecretProvider, falling back to use random secrets.
2019-08-21 06:48:29,358 [Thread-0] WARN  http.HttpRequestLog (HttpRequestLog.java:getRequestLog(97)) - Jetty request log can only be enabled using Log4j
2019-08-21 06:48:29,524 [Thread-0] INFO  http.HttpServer2 (HttpServer2.java:addGlobalFilter(975)) - Added global filter 'safety' (class=org.apache.hadoop.http.HttpServer2$QuotingInputFilter)
2019-08-21 06:48:29,525 [Thread-0] INFO  http.HttpServer2 (HttpServer2.java:addFilter(948)) - Added filter static_user_filter (class=org.apache.hadoop.http.lib.StaticUserWebFilter$StaticUserFilter) to context ozoneManager
2019-08-21 06:48:29,525 [Thread-0] INFO  http.HttpServer2 (HttpServer2.java:addFilter(958)) - Added filter static_user_filter (class=org.apache.hadoop.http.lib.StaticUserWebFilter$StaticUserFilter) to context static
2019-08-21 06:48:29,526 [Thread-0] INFO  http.HttpServer2 (HttpServer2.java:addFilter(958)) - Added filter static_user_filter (class=org.apache.hadoop.http.lib.StaticUserWebFilter$StaticUserFilter) to context logs
2019-08-21 06:48:29,528 [Thread-0] INFO  http.HttpServer2 (HttpServer2.java:bindListener(1191)) - Jetty bound to port 35413
2019-08-21 06:48:29,528 [Thread-0] INFO  server.Server (Server.java:doStart(351)) - jetty-9.3.24.v20180605, build timestamp: 2018-06-05T17:11:56Z, git hash: 84205aa28f11a4f31f2a3b86d1bba2cc8ab69827
2019-08-21 06:48:29,532 [Thread-0] INFO  handler.ContextHandler (ContextHandler.java:doStart(781)) - Started o.e.j.s.ServletContextHandler@5e0666db{/logs,file:///workdir/hadoop-ozone/integration-test/target/log,AVAILABLE}
2019-08-21 06:48:29,532 [Thread-0] INFO  handler.ContextHandler (ContextHandler.java:doStart(781)) - Started o.e.j.s.ServletContextHandler@606df9b8{/static,file:///workdir/hadoop-ozone/integration-test/target/test-classes/webapps/static,AVAILABLE}
2019-08-21 06:48:29,538 [Thread-0] INFO  handler.ContextHandler (ContextHandler.java:doStart(781)) - Started o.e.j.w.WebAppContext@76c4b96e{/,file:///workdir/hadoop-ozone/integration-test/target/test-classes/webapps/ozoneManager/,AVAILABLE}{/ozoneManager}
2019-08-21 06:48:29,539 [Thread-0] INFO  server.AbstractConnector (AbstractConnector.java:doStart(278)) - Started ServerConnector@36db9dcd{HTTP/1.1,[http/1.1]}{0.0.0.0:35413}
2019-08-21 06:48:29,540 [Thread-0] INFO  server.Server (Server.java:doStart(419)) - Started @4735ms
2019-08-21 06:48:29,541 [Thread-0] INFO  server.BaseHttpServer (BaseHttpServer.java:updateConnectorAddress(213)) - HTTP server of OZONEMANAGER is listening at http://0.0.0.0:35413
2019-08-21 06:48:29,699 [Thread-0] INFO  impl.MetricsSystemImpl (MetricsSystemImpl.java:init(158)) - HddsDatanode metrics system started (again)
2019-08-21 06:48:29,791 [Thread-0] INFO  ozone.HddsDatanodeService (HddsDatanodeService.java:start(184)) - HddsDatanodeService host:trunk-nightly-9stkx-2366262011 ip:192.168.69.91
2019-08-21 06:48:29,826 [Thread-0] INFO  volume.HddsVolume (HddsVolume.java:<init>(176)) - Creating Volume: /workdir/hadoop-ozone/integration-test/target/test-dir/MiniOzoneClusterImpl-ad9cffe4-d9dd-4d7e-9292-cb2a09e16687/datanode-0/data/containers/hdds of  storage type : DISK and capacity : 1482555576320
2019-08-21 06:48:29,828 [Thread-0] INFO  volume.VolumeSet (VolumeSet.java:initializeVolumeSet(170)) - Added Volume : /workdir/hadoop-ozone/integration-test/target/test-dir/MiniOzoneClusterImpl-ad9cffe4-d9dd-4d7e-9292-cb2a09e16687/datanode-0/data/containers/hdds to VolumeSet
2019-08-21 06:48:29,831 [Thread-0] INFO  volume.ThrottledAsyncChecker (ThrottledAsyncChecker.java:schedule(140)) - Scheduling a check for org.apache.hadoop.ozone.container.common.volume.HddsVolume@174dce12
2019-08-21 06:48:29,849 [Thread-0] INFO  volume.HddsVolumeChecker (HddsVolumeChecker.java:checkAllVolumes(203)) - Scheduled health check for volume org.apache.hadoop.ozone.container.common.volume.HddsVolume@174dce12
2019-08-21 06:48:29,959 [Thread-0] INFO  impl.RaftServerProxy (ConfUtils.java:logGet(43)) - raft.rpc.type = GRPC (default)
2019-08-21 06:48:30,028 [Thread-0] INFO  grpc.GrpcFactory (GrpcFactory.java:checkPooledByteBufAllocatorUseCacheForAllThreads(45)) - PERFORMANCE WARNING: useCacheForAllThreads is true that may cause Netty to create a lot garbage objects and, as a result, trigger GC.
	It is recommended to disable useCacheForAllThreads by setting -Dorg.apache.ratis.thirdparty.io.netty.allocator.useCacheForAllThreads=false in command line.
2019-08-21 06:48:30,033 [Thread-0] INFO  grpc.GrpcConfigKeys$Server (ConfUtils.java:logGet(43)) - raft.grpc.server.port = 0 (default)
2019-08-21 06:48:30,034 [Thread-0] INFO  server.GrpcService (ConfUtils.java:logGet(43)) - raft.grpc.message.size.max = 33570816 (custom)
2019-08-21 06:48:30,035 [Thread-0] INFO  server.RaftServerConfigKeys (ConfUtils.java:logGet(43)) - raft.server.log.appender.buffer.byte-limit = 33554432 (custom)
2019-08-21 06:48:30,036 [Thread-0] INFO  server.GrpcService (ConfUtils.java:logGet(43)) - raft.grpc.flow.control.window = 1MB (=1048576) (default)
2019-08-21 06:48:30,037 [Thread-0] INFO  server.RaftServerConfigKeys (ConfUtils.java:logGet(43)) - raft.server.rpc.request.timeout = 3000ms (default)
2019-08-21 06:48:30,227 [Thread-0] INFO  server.RaftServerConfigKeys (ConfUtils.java:logGet(43)) - raft.server.storage.dir = [/workdir/hadoop-ozone/integration-test/target/test-dir/MiniOzoneClusterImpl-ad9cffe4-d9dd-4d7e-9292-cb2a09e16687/datanode-0/data/ratis] (custom)
2019-08-21 06:48:30,274 [Thread-0] INFO  replication.SimpleContainerDownloader (SimpleContainerDownloader.java:<init>(72)) - Starting container downloader service to copy containers to replicate.
2019-08-21 06:48:30,294 [Thread-0] INFO  hdfs.DFSUtil (DFSUtil.java:httpServerTemplateForNNAndJN(1641)) - Starting Web-server for hddsDatanode at: http://0.0.0.0:0
2019-08-21 06:48:30,298 [Thread-0] INFO  server.AuthenticationFilter (AuthenticationFilter.java:constructSecretProvider(240)) - Unable to initialize FileSignerSecretProvider, falling back to use random secrets.
2019-08-21 06:48:30,299 [Thread-0] WARN  http.HttpRequestLog (HttpRequestLog.java:getRequestLog(97)) - Jetty request log can only be enabled using Log4j
2019-08-21 06:48:30,301 [Thread-0] INFO  http.HttpServer2 (HttpServer2.java:addGlobalFilter(975)) - Added global filter 'safety' (class=org.apache.hadoop.http.HttpServer2$QuotingInputFilter)
2019-08-21 06:48:30,302 [Thread-0] INFO  http.HttpServer2 (HttpServer2.java:addFilter(948)) - Added filter static_user_filter (class=org.apache.hadoop.http.lib.StaticUserWebFilter$StaticUserFilter) to context hddsDatanode
2019-08-21 06:48:30,303 [Thread-0] INFO  http.HttpServer2 (HttpServer2.java:addFilter(958)) - Added filter static_user_filter (class=org.apache.hadoop.http.lib.StaticUserWebFilter$StaticUserFilter) to context logs
2019-08-21 06:48:30,303 [Thread-0] INFO  http.HttpServer2 (HttpServer2.java:addFilter(958)) - Added filter static_user_filter (class=org.apache.hadoop.http.lib.StaticUserWebFilter$StaticUserFilter) to context static
2019-08-21 06:48:30,305 [Thread-0] INFO  http.HttpServer2 (HttpServer2.java:bindListener(1191)) - Jetty bound to port 37800
2019-08-21 06:48:30,305 [Thread-0] INFO  server.Server (Server.java:doStart(351)) - jetty-9.3.24.v20180605, build timestamp: 2018-06-05T17:11:56Z, git hash: 84205aa28f11a4f31f2a3b86d1bba2cc8ab69827
2019-08-21 06:48:30,308 [Thread-0] INFO  handler.ContextHandler (ContextHandler.java:doStart(781)) - Started o.e.j.s.ServletContextHandler@7870bd58{/logs,file:///workdir/hadoop-ozone/integration-test/target/log,AVAILABLE}
2019-08-21 06:48:30,309 [Thread-0] INFO  handler.ContextHandler (ContextHandler.java:doStart(781)) - Started o.e.j.s.ServletContextHandler@6fcce4d7{/static,jar:file:/home/user/.m2/repository/org/apache/hadoop/hadoop-hdds-container-service/0.5.0-SNAPSHOT/hadoop-hdds-container-service-0.5.0-SNAPSHOT.jar!/webapps/static,AVAILABLE}
2019-08-21 06:48:30,347 [Thread-0] INFO  handler.ContextHandler (ContextHandler.java:doStart(781)) - Started o.e.j.w.WebAppContext@2644bd9d{/,file:///tmp/jetty-0.0.0.0-37800-hddsDatanode-_-any-4042331043475358232.dir/webapp/,AVAILABLE}{/hddsDatanode}
2019-08-21 06:48:30,348 [Thread-0] INFO  server.AbstractConnector (AbstractConnector.java:doStart(278)) - Started ServerConnector@3fe7fdf{HTTP/1.1,[http/1.1]}{0.0.0.0:37800}
2019-08-21 06:48:30,350 [Thread-0] INFO  server.Server (Server.java:doStart(419)) - Started @5545ms
2019-08-21 06:48:30,350 [Thread-0] INFO  server.BaseHttpServer (BaseHttpServer.java:updateConnectorAddress(213)) - HTTP server of HDDSDATANODE is listening at http://0.0.0.0:37800
2019-08-21 06:48:31,639 | INFO  | ObjectStoreRestHttpServer | Listening HDDS REST traffic on /0.0.0.0:44910 |  
2019-08-21 06:48:31,641 [Thread-0] INFO  ozone.HddsDatanodeService (HddsDatanodeService.java:startPlugins(395)) - Started plug-in org.apache.hadoop.ozone.web.OzoneHddsDatanodeService@d77a30e
2019-08-21 06:48:31,642 [Thread-0] INFO  impl.MetricsSystemImpl (MetricsSystemImpl.java:init(158)) - HddsDatanode metrics system started (again)
2019-08-21 06:48:31,647 [Thread-0] INFO  ozone.HddsDatanodeService (HddsDatanodeService.java:start(184)) - HddsDatanodeService host:trunk-nightly-9stkx-2366262011 ip:192.168.69.91
2019-08-21 06:48:31,648 [org.apache.hadoop.util.JvmPauseMonitor$Monitor@6722fd55] INFO  util.JvmPauseMonitor (JvmPauseMonitor.java:run(188)) - Starting JVM pause monitor
2019-08-21 06:48:31,657 [Thread-0] INFO  volume.HddsVolume (HddsVolume.java:<init>(176)) - Creating Volume: /workdir/hadoop-ozone/integration-test/target/test-dir/MiniOzoneClusterImpl-ad9cffe4-d9dd-4d7e-9292-cb2a09e16687/datanode-1/data/containers/hdds of  storage type : DISK and capacity : 1482555576320
2019-08-21 06:48:31,657 [Thread-0] INFO  volume.VolumeSet (VolumeSet.java:initializeVolumeSet(170)) - Added Volume : /workdir/hadoop-ozone/integration-test/target/test-dir/MiniOzoneClusterImpl-ad9cffe4-d9dd-4d7e-9292-cb2a09e16687/datanode-1/data/containers/hdds to VolumeSet
2019-08-21 06:48:31,657 [Thread-0] INFO  volume.ThrottledAsyncChecker (ThrottledAsyncChecker.java:schedule(140)) - Scheduling a check for org.apache.hadoop.ozone.container.common.volume.HddsVolume@a09bf6c
2019-08-21 06:48:31,658 [Thread-0] INFO  volume.HddsVolumeChecker (HddsVolumeChecker.java:checkAllVolumes(203)) - Scheduled health check for volume org.apache.hadoop.ozone.container.common.volume.HddsVolume@a09bf6c
2019-08-21 06:48:31,679 [Thread-0] INFO  impl.RaftServerProxy (ConfUtils.java:logGet(43)) - raft.rpc.type = GRPC (default)
2019-08-21 06:48:31,679 [Thread-0] INFO  grpc.GrpcFactory (GrpcFactory.java:checkPooledByteBufAllocatorUseCacheForAllThreads(45)) - PERFORMANCE WARNING: useCacheForAllThreads is true that may cause Netty to create a lot garbage objects and, as a result, trigger GC.
	It is recommended to disable useCacheForAllThreads by setting -Dorg.apache.ratis.thirdparty.io.netty.allocator.useCacheForAllThreads=false in command line.
2019-08-21 06:48:31,680 [Thread-0] INFO  grpc.GrpcConfigKeys$Server (ConfUtils.java:logGet(43)) - raft.grpc.server.port = 0 (default)
2019-08-21 06:48:31,680 [Thread-0] INFO  server.GrpcService (ConfUtils.java:logGet(43)) - raft.grpc.message.size.max = 33570816 (custom)
2019-08-21 06:48:31,680 [Thread-0] INFO  server.RaftServerConfigKeys (ConfUtils.java:logGet(43)) - raft.server.log.appender.buffer.byte-limit = 33554432 (custom)
2019-08-21 06:48:31,681 [Thread-0] INFO  server.GrpcService (ConfUtils.java:logGet(43)) - raft.grpc.flow.control.window = 1MB (=1048576) (default)
2019-08-21 06:48:31,681 [Thread-0] INFO  server.RaftServerConfigKeys (ConfUtils.java:logGet(43)) - raft.server.rpc.request.timeout = 3000ms (default)
2019-08-21 06:48:31,682 [Thread-0] INFO  server.RaftServerConfigKeys (ConfUtils.java:logGet(43)) - raft.server.storage.dir = [/workdir/hadoop-ozone/integration-test/target/test-dir/MiniOzoneClusterImpl-ad9cffe4-d9dd-4d7e-9292-cb2a09e16687/datanode-1/data/ratis] (custom)
2019-08-21 06:48:31,682 [Thread-0] INFO  replication.SimpleContainerDownloader (SimpleContainerDownloader.java:<init>(72)) - Starting container downloader service to copy containers to replicate.
2019-08-21 06:48:31,684 [Thread-0] INFO  hdfs.DFSUtil (DFSUtil.java:httpServerTemplateForNNAndJN(1641)) - Starting Web-server for hddsDatanode at: http://0.0.0.0:0
2019-08-21 06:48:31,686 [Thread-0] INFO  server.AuthenticationFilter (AuthenticationFilter.java:constructSecretProvider(240)) - Unable to initialize FileSignerSecretProvider, falling back to use random secrets.
2019-08-21 06:48:31,687 [Thread-0] WARN  http.HttpRequestLog (HttpRequestLog.java:getRequestLog(97)) - Jetty request log can only be enabled using Log4j
2019-08-21 06:48:31,689 [Thread-0] INFO  http.HttpServer2 (HttpServer2.java:addGlobalFilter(975)) - Added global filter 'safety' (class=org.apache.hadoop.http.HttpServer2$QuotingInputFilter)
2019-08-21 06:48:31,689 [Thread-0] INFO  http.HttpServer2 (HttpServer2.java:addFilter(948)) - Added filter static_user_filter (class=org.apache.hadoop.http.lib.StaticUserWebFilter$StaticUserFilter) to context hddsDatanode
2019-08-21 06:48:31,690 [Thread-0] INFO  http.HttpServer2 (HttpServer2.java:addFilter(958)) - Added filter static_user_filter (class=org.apache.hadoop.http.lib.StaticUserWebFilter$StaticUserFilter) to context logs
2019-08-21 06:48:31,690 [Thread-0] INFO  http.HttpServer2 (HttpServer2.java:addFilter(958)) - Added filter static_user_filter (class=org.apache.hadoop.http.lib.StaticUserWebFilter$StaticUserFilter) to context static
2019-08-21 06:48:31,691 [Thread-0] INFO  http.HttpServer2 (HttpServer2.java:bindListener(1191)) - Jetty bound to port 43573
2019-08-21 06:48:31,691 [Thread-0] INFO  server.Server (Server.java:doStart(351)) - jetty-9.3.24.v20180605, build timestamp: 2018-06-05T17:11:56Z, git hash: 84205aa28f11a4f31f2a3b86d1bba2cc8ab69827
2019-08-21 06:48:31,694 [Thread-0] INFO  handler.ContextHandler (ContextHandler.java:doStart(781)) - Started o.e.j.s.ServletContextHandler@3203f441{/logs,file:///workdir/hadoop-ozone/integration-test/target/log,AVAILABLE}
2019-08-21 06:48:31,695 [Thread-0] INFO  handler.ContextHandler (ContextHandler.java:doStart(781)) - Started o.e.j.s.ServletContextHandler@4531f579{/static,jar:file:/home/user/.m2/repository/org/apache/hadoop/hadoop-hdds-container-service/0.5.0-SNAPSHOT/hadoop-hdds-container-service-0.5.0-SNAPSHOT.jar!/webapps/static,AVAILABLE}
2019-08-21 06:48:31,755 [Datanode State Machine Thread - 0] INFO  datanode.InitDatanodeState (InitDatanodeState.java:persistContainerDatanodeDetails(140)) - DatanodeDetails is persisted to /workdir/hadoop-ozone/integration-test/target/test-dir/MiniOzoneClusterImpl-ad9cffe4-d9dd-4d7e-9292-cb2a09e16687/datanode-0/meta/datanode.id
2019-08-21 06:48:31,759 [Thread-0] INFO  handler.ContextHandler (ContextHandler.java:doStart(781)) - Started o.e.j.w.WebAppContext@3d5e2baa{/,file:///tmp/jetty-0.0.0.0-43573-hddsDatanode-_-any-1218741112183973579.dir/webapp/,AVAILABLE}{/hddsDatanode}
2019-08-21 06:48:31,760 [Thread-0] INFO  server.AbstractConnector (AbstractConnector.java:doStart(278)) - Started ServerConnector@13eddc1e{HTTP/1.1,[http/1.1]}{0.0.0.0:43573}
2019-08-21 06:48:31,761 [Thread-0] INFO  server.Server (Server.java:doStart(419)) - Started @6956ms
2019-08-21 06:48:31,763 [Thread-0] INFO  server.BaseHttpServer (BaseHttpServer.java:updateConnectorAddress(213)) - HTTP server of HDDSDATANODE is listening at http://0.0.0.0:43573
2019-08-21 06:48:31,931 | INFO  | ObjectStoreRestHttpServer | Listening HDDS REST traffic on /0.0.0.0:41253 |  
2019-08-21 06:48:31,931 [Thread-0] INFO  ozone.HddsDatanodeService (HddsDatanodeService.java:startPlugins(395)) - Started plug-in org.apache.hadoop.ozone.web.OzoneHddsDatanodeService@2585b796
2019-08-21 06:48:31,932 [Thread-0] INFO  impl.MetricsSystemImpl (MetricsSystemImpl.java:init(158)) - HddsDatanode metrics system started (again)
2019-08-21 06:48:31,935 [Thread-0] INFO  ozone.HddsDatanodeService (HddsDatanodeService.java:start(184)) - HddsDatanodeService host:trunk-nightly-9stkx-2366262011 ip:192.168.69.91
2019-08-21 06:48:31,935 [org.apache.hadoop.util.JvmPauseMonitor$Monitor@5678fc4] INFO  util.JvmPauseMonitor (JvmPauseMonitor.java:run(188)) - Starting JVM pause monitor
2019-08-21 06:48:31,940 [Datanode State Machine Thread - 0] INFO  datanode.InitDatanodeState (InitDatanodeState.java:persistContainerDatanodeDetails(140)) - DatanodeDetails is persisted to /workdir/hadoop-ozone/integration-test/target/test-dir/MiniOzoneClusterImpl-ad9cffe4-d9dd-4d7e-9292-cb2a09e16687/datanode-1/meta/datanode.id
2019-08-21 06:48:31,944 [Thread-0] INFO  volume.HddsVolume (HddsVolume.java:<init>(176)) - Creating Volume: /workdir/hadoop-ozone/integration-test/target/test-dir/MiniOzoneClusterImpl-ad9cffe4-d9dd-4d7e-9292-cb2a09e16687/datanode-2/data/containers/hdds of  storage type : DISK and capacity : 1482555576320
2019-08-21 06:48:31,944 [Thread-0] INFO  volume.VolumeSet (VolumeSet.java:initializeVolumeSet(170)) - Added Volume : /workdir/hadoop-ozone/integration-test/target/test-dir/MiniOzoneClusterImpl-ad9cffe4-d9dd-4d7e-9292-cb2a09e16687/datanode-2/data/containers/hdds to VolumeSet
2019-08-21 06:48:31,945 [Thread-0] INFO  volume.ThrottledAsyncChecker (ThrottledAsyncChecker.java:schedule(140)) - Scheduling a check for org.apache.hadoop.ozone.container.common.volume.HddsVolume@33f759d2
2019-08-21 06:48:31,946 [Thread-0] INFO  volume.HddsVolumeChecker (HddsVolumeChecker.java:checkAllVolumes(203)) - Scheduled health check for volume org.apache.hadoop.ozone.container.common.volume.HddsVolume@33f759d2
2019-08-21 06:48:31,962 [Thread-0] INFO  impl.RaftServerProxy (ConfUtils.java:logGet(43)) - raft.rpc.type = GRPC (default)
2019-08-21 06:48:31,963 [Thread-0] INFO  grpc.GrpcFactory (GrpcFactory.java:checkPooledByteBufAllocatorUseCacheForAllThreads(45)) - PERFORMANCE WARNING: useCacheForAllThreads is true that may cause Netty to create a lot garbage objects and, as a result, trigger GC.
	It is recommended to disable useCacheForAllThreads by setting -Dorg.apache.ratis.thirdparty.io.netty.allocator.useCacheForAllThreads=false in command line.
2019-08-21 06:48:31,963 [Thread-0] INFO  grpc.GrpcConfigKeys$Server (ConfUtils.java:logGet(43)) - raft.grpc.server.port = 0 (default)
2019-08-21 06:48:31,963 [Thread-0] INFO  server.GrpcService (ConfUtils.java:logGet(43)) - raft.grpc.message.size.max = 33570816 (custom)
2019-08-21 06:48:31,964 [Thread-0] INFO  server.RaftServerConfigKeys (ConfUtils.java:logGet(43)) - raft.server.log.appender.buffer.byte-limit = 33554432 (custom)
2019-08-21 06:48:31,964 [Thread-0] INFO  server.GrpcService (ConfUtils.java:logGet(43)) - raft.grpc.flow.control.window = 1MB (=1048576) (default)
2019-08-21 06:48:31,964 [Thread-0] INFO  server.RaftServerConfigKeys (ConfUtils.java:logGet(43)) - raft.server.rpc.request.timeout = 3000ms (default)
2019-08-21 06:48:31,965 [Thread-0] INFO  server.RaftServerConfigKeys (ConfUtils.java:logGet(43)) - raft.server.storage.dir = [/workdir/hadoop-ozone/integration-test/target/test-dir/MiniOzoneClusterImpl-ad9cffe4-d9dd-4d7e-9292-cb2a09e16687/datanode-2/data/ratis] (custom)
2019-08-21 06:48:31,966 [Thread-0] INFO  replication.SimpleContainerDownloader (SimpleContainerDownloader.java:<init>(72)) - Starting container downloader service to copy containers to replicate.
2019-08-21 06:48:31,967 [Thread-0] INFO  hdfs.DFSUtil (DFSUtil.java:httpServerTemplateForNNAndJN(1641)) - Starting Web-server for hddsDatanode at: http://0.0.0.0:0
2019-08-21 06:48:31,969 [Thread-0] INFO  server.AuthenticationFilter (AuthenticationFilter.java:constructSecretProvider(240)) - Unable to initialize FileSignerSecretProvider, falling back to use random secrets.
2019-08-21 06:48:31,969 [Thread-0] WARN  http.HttpRequestLog (HttpRequestLog.java:getRequestLog(97)) - Jetty request log can only be enabled using Log4j
2019-08-21 06:48:31,971 [Thread-0] INFO  http.HttpServer2 (HttpServer2.java:addGlobalFilter(975)) - Added global filter 'safety' (class=org.apache.hadoop.http.HttpServer2$QuotingInputFilter)
2019-08-21 06:48:31,971 [Thread-0] INFO  http.HttpServer2 (HttpServer2.java:addFilter(948)) - Added filter static_user_filter (class=org.apache.hadoop.http.lib.StaticUserWebFilter$StaticUserFilter) to context hddsDatanode
2019-08-21 06:48:31,971 [Thread-0] INFO  http.HttpServer2 (HttpServer2.java:addFilter(958)) - Added filter static_user_filter (class=org.apache.hadoop.http.lib.StaticUserWebFilter$StaticUserFilter) to context logs
2019-08-21 06:48:31,972 [Thread-0] INFO  http.HttpServer2 (HttpServer2.java:addFilter(958)) - Added filter static_user_filter (class=org.apache.hadoop.http.lib.StaticUserWebFilter$StaticUserFilter) to context static
2019-08-21 06:48:31,972 [Thread-0] INFO  http.HttpServer2 (HttpServer2.java:bindListener(1191)) - Jetty bound to port 41823
2019-08-21 06:48:31,972 [Thread-0] INFO  server.Server (Server.java:doStart(351)) - jetty-9.3.24.v20180605, build timestamp: 2018-06-05T17:11:56Z, git hash: 84205aa28f11a4f31f2a3b86d1bba2cc8ab69827
2019-08-21 06:48:31,974 [Thread-0] INFO  handler.ContextHandler (ContextHandler.java:doStart(781)) - Started o.e.j.s.ServletContextHandler@3df1a166{/logs,file:///workdir/hadoop-ozone/integration-test/target/log,AVAILABLE}
2019-08-21 06:48:31,975 [Thread-0] INFO  handler.ContextHandler (ContextHandler.java:doStart(781)) - Started o.e.j.s.ServletContextHandler@3a4f3114{/static,jar:file:/home/user/.m2/repository/org/apache/hadoop/hadoop-hdds-container-service/0.5.0-SNAPSHOT/hadoop-hdds-container-service-0.5.0-SNAPSHOT.jar!/webapps/static,AVAILABLE}
2019-08-21 06:48:32,004 [Thread-0] INFO  handler.ContextHandler (ContextHandler.java:doStart(781)) - Started o.e.j.w.WebAppContext@6ee2921d{/,file:///tmp/jetty-0.0.0.0-41823-hddsDatanode-_-any-2910146821593973808.dir/webapp/,AVAILABLE}{/hddsDatanode}
2019-08-21 06:48:32,004 [Thread-0] INFO  server.AbstractConnector (AbstractConnector.java:doStart(278)) - Started ServerConnector@56f4d11e{HTTP/1.1,[http/1.1]}{0.0.0.0:41823}
2019-08-21 06:48:32,005 [Thread-0] INFO  server.Server (Server.java:doStart(419)) - Started @7200ms
2019-08-21 06:48:32,007 [Thread-0] INFO  server.BaseHttpServer (BaseHttpServer.java:updateConnectorAddress(213)) - HTTP server of HDDSDATANODE is listening at http://0.0.0.0:41823
2019-08-21 06:48:32,164 | INFO  | ObjectStoreRestHttpServer | Listening HDDS REST traffic on /0.0.0.0:39965 |  
2019-08-21 06:48:32,164 [Thread-0] INFO  ozone.HddsDatanodeService (HddsDatanodeService.java:startPlugins(395)) - Started plug-in org.apache.hadoop.ozone.web.OzoneHddsDatanodeService@d2e419b
2019-08-21 06:48:32,165 [Thread-0] INFO  impl.MetricsSystemImpl (MetricsSystemImpl.java:init(158)) - HddsDatanode metrics system started (again)
2019-08-21 06:48:32,168 [org.apache.hadoop.util.JvmPauseMonitor$Monitor@1c168060] INFO  util.JvmPauseMonitor (JvmPauseMonitor.java:run(188)) - Starting JVM pause monitor
2019-08-21 06:48:32,168 [Thread-0] INFO  ozone.HddsDatanodeService (HddsDatanodeService.java:start(184)) - HddsDatanodeService host:trunk-nightly-9stkx-2366262011 ip:192.168.69.91
2019-08-21 06:48:32,171 [Datanode State Machine Thread - 0] INFO  datanode.InitDatanodeState (InitDatanodeState.java:persistContainerDatanodeDetails(140)) - DatanodeDetails is persisted to /workdir/hadoop-ozone/integration-test/target/test-dir/MiniOzoneClusterImpl-ad9cffe4-d9dd-4d7e-9292-cb2a09e16687/datanode-2/meta/datanode.id
2019-08-21 06:48:32,174 [Thread-0] INFO  volume.HddsVolume (HddsVolume.java:<init>(176)) - Creating Volume: /workdir/hadoop-ozone/integration-test/target/test-dir/MiniOzoneClusterImpl-ad9cffe4-d9dd-4d7e-9292-cb2a09e16687/datanode-3/data/containers/hdds of  storage type : DISK and capacity : 1482555576320
2019-08-21 06:48:32,174 [Thread-0] INFO  volume.VolumeSet (VolumeSet.java:initializeVolumeSet(170)) - Added Volume : /workdir/hadoop-ozone/integration-test/target/test-dir/MiniOzoneClusterImpl-ad9cffe4-d9dd-4d7e-9292-cb2a09e16687/datanode-3/data/containers/hdds to VolumeSet
2019-08-21 06:48:32,174 [Thread-0] INFO  volume.ThrottledAsyncChecker (ThrottledAsyncChecker.java:schedule(140)) - Scheduling a check for org.apache.hadoop.ozone.container.common.volume.HddsVolume@3367824
2019-08-21 06:48:32,175 [Thread-0] INFO  volume.HddsVolumeChecker (HddsVolumeChecker.java:checkAllVolumes(203)) - Scheduled health check for volume org.apache.hadoop.ozone.container.common.volume.HddsVolume@3367824
2019-08-21 06:48:32,189 [Thread-0] INFO  impl.RaftServerProxy (ConfUtils.java:logGet(43)) - raft.rpc.type = GRPC (default)
2019-08-21 06:48:32,190 [Thread-0] INFO  grpc.GrpcFactory (GrpcFactory.java:checkPooledByteBufAllocatorUseCacheForAllThreads(45)) - PERFORMANCE WARNING: useCacheForAllThreads is true that may cause Netty to create a lot garbage objects and, as a result, trigger GC.
	It is recommended to disable useCacheForAllThreads by setting -Dorg.apache.ratis.thirdparty.io.netty.allocator.useCacheForAllThreads=false in command line.
2019-08-21 06:48:32,190 [Thread-0] INFO  grpc.GrpcConfigKeys$Server (ConfUtils.java:logGet(43)) - raft.grpc.server.port = 0 (default)
2019-08-21 06:48:32,190 [Thread-0] INFO  server.GrpcService (ConfUtils.java:logGet(43)) - raft.grpc.message.size.max = 33570816 (custom)
2019-08-21 06:48:32,190 [Thread-0] INFO  server.RaftServerConfigKeys (ConfUtils.java:logGet(43)) - raft.server.log.appender.buffer.byte-limit = 33554432 (custom)
2019-08-21 06:48:32,191 [Thread-0] INFO  server.GrpcService (ConfUtils.java:logGet(43)) - raft.grpc.flow.control.window = 1MB (=1048576) (default)
2019-08-21 06:48:32,191 [Thread-0] INFO  server.RaftServerConfigKeys (ConfUtils.java:logGet(43)) - raft.server.rpc.request.timeout = 3000ms (default)
2019-08-21 06:48:32,191 [Thread-0] INFO  server.RaftServerConfigKeys (ConfUtils.java:logGet(43)) - raft.server.storage.dir = [/workdir/hadoop-ozone/integration-test/target/test-dir/MiniOzoneClusterImpl-ad9cffe4-d9dd-4d7e-9292-cb2a09e16687/datanode-3/data/ratis] (custom)
2019-08-21 06:48:32,192 [Thread-0] INFO  replication.SimpleContainerDownloader (SimpleContainerDownloader.java:<init>(72)) - Starting container downloader service to copy containers to replicate.
2019-08-21 06:48:32,193 [Thread-0] INFO  hdfs.DFSUtil (DFSUtil.java:httpServerTemplateForNNAndJN(1641)) - Starting Web-server for hddsDatanode at: http://0.0.0.0:0
2019-08-21 06:48:32,195 [Thread-0] INFO  server.AuthenticationFilter (AuthenticationFilter.java:constructSecretProvider(240)) - Unable to initialize FileSignerSecretProvider, falling back to use random secrets.
2019-08-21 06:48:32,196 [Thread-0] WARN  http.HttpRequestLog (HttpRequestLog.java:getRequestLog(97)) - Jetty request log can only be enabled using Log4j
2019-08-21 06:48:32,199 [Thread-0] INFO  http.HttpServer2 (HttpServer2.java:addGlobalFilter(975)) - Added global filter 'safety' (class=org.apache.hadoop.http.HttpServer2$QuotingInputFilter)
2019-08-21 06:48:32,200 [Thread-0] INFO  http.HttpServer2 (HttpServer2.java:addFilter(948)) - Added filter static_user_filter (class=org.apache.hadoop.http.lib.StaticUserWebFilter$StaticUserFilter) to context hddsDatanode
2019-08-21 06:48:32,200 [Thread-0] INFO  http.HttpServer2 (HttpServer2.java:addFilter(958)) - Added filter static_user_filter (class=org.apache.hadoop.http.lib.StaticUserWebFilter$StaticUserFilter) to context static
2019-08-21 06:48:32,200 [Thread-0] INFO  http.HttpServer2 (HttpServer2.java:addFilter(958)) - Added filter static_user_filter (class=org.apache.hadoop.http.lib.StaticUserWebFilter$StaticUserFilter) to context logs
2019-08-21 06:48:32,201 [Thread-0] INFO  http.HttpServer2 (HttpServer2.java:bindListener(1191)) - Jetty bound to port 37586
2019-08-21 06:48:32,202 [Thread-0] INFO  server.Server (Server.java:doStart(351)) - jetty-9.3.24.v20180605, build timestamp: 2018-06-05T17:11:56Z, git hash: 84205aa28f11a4f31f2a3b86d1bba2cc8ab69827
2019-08-21 06:48:32,207 [Thread-0] INFO  handler.ContextHandler (ContextHandler.java:doStart(781)) - Started o.e.j.s.ServletContextHandler@2695e183{/logs,file:///workdir/hadoop-ozone/integration-test/target/log,AVAILABLE}
2019-08-21 06:48:32,208 [Thread-0] INFO  handler.ContextHandler (ContextHandler.java:doStart(781)) - Started o.e.j.s.ServletContextHandler@24acedd8{/static,jar:file:/home/user/.m2/repository/org/apache/hadoop/hadoop-hdds-container-service/0.5.0-SNAPSHOT/hadoop-hdds-container-service-0.5.0-SNAPSHOT.jar!/webapps/static,AVAILABLE}
2019-08-21 06:48:32,268 [Thread-0] INFO  handler.ContextHandler (ContextHandler.java:doStart(781)) - Started o.e.j.w.WebAppContext@3383db0a{/,file:///tmp/jetty-0.0.0.0-37586-hddsDatanode-_-any-244109875306863253.dir/webapp/,AVAILABLE}{/hddsDatanode}
2019-08-21 06:48:32,269 [Thread-0] INFO  server.AbstractConnector (AbstractConnector.java:doStart(278)) - Started ServerConnector@53133610{HTTP/1.1,[http/1.1]}{0.0.0.0:37586}
2019-08-21 06:48:32,270 [Thread-0] INFO  server.Server (Server.java:doStart(419)) - Started @7465ms
2019-08-21 06:48:32,272 [Thread-0] INFO  server.BaseHttpServer (BaseHttpServer.java:updateConnectorAddress(213)) - HTTP server of HDDSDATANODE is listening at http://0.0.0.0:37586
2019-08-21 06:48:32,458 | INFO  | ObjectStoreRestHttpServer | Listening HDDS REST traffic on /0.0.0.0:41403 |  
2019-08-21 06:48:32,458 [Thread-0] INFO  ozone.HddsDatanodeService (HddsDatanodeService.java:startPlugins(395)) - Started plug-in org.apache.hadoop.ozone.web.OzoneHddsDatanodeService@431d5a6c
2019-08-21 06:48:32,459 [Thread-0] INFO  impl.MetricsSystemImpl (MetricsSystemImpl.java:init(158)) - HddsDatanode metrics system started (again)
2019-08-21 06:48:32,462 [org.apache.hadoop.util.JvmPauseMonitor$Monitor@55c4833d] INFO  util.JvmPauseMonitor (JvmPauseMonitor.java:run(188)) - Starting JVM pause monitor
2019-08-21 06:48:32,463 [Thread-0] INFO  ozone.HddsDatanodeService (HddsDatanodeService.java:start(184)) - HddsDatanodeService host:trunk-nightly-9stkx-2366262011 ip:192.168.69.91
2019-08-21 06:48:32,464 [Datanode State Machine Thread - 0] INFO  datanode.InitDatanodeState (InitDatanodeState.java:persistContainerDatanodeDetails(140)) - DatanodeDetails is persisted to /workdir/hadoop-ozone/integration-test/target/test-dir/MiniOzoneClusterImpl-ad9cffe4-d9dd-4d7e-9292-cb2a09e16687/datanode-3/meta/datanode.id
2019-08-21 06:48:32,470 [Thread-0] INFO  volume.HddsVolume (HddsVolume.java:<init>(176)) - Creating Volume: /workdir/hadoop-ozone/integration-test/target/test-dir/MiniOzoneClusterImpl-ad9cffe4-d9dd-4d7e-9292-cb2a09e16687/datanode-4/data/containers/hdds of  storage type : DISK and capacity : 1482555576320
2019-08-21 06:48:32,470 [Thread-0] INFO  volume.VolumeSet (VolumeSet.java:initializeVolumeSet(170)) - Added Volume : /workdir/hadoop-ozone/integration-test/target/test-dir/MiniOzoneClusterImpl-ad9cffe4-d9dd-4d7e-9292-cb2a09e16687/datanode-4/data/containers/hdds to VolumeSet
2019-08-21 06:48:32,471 [Thread-0] INFO  volume.ThrottledAsyncChecker (ThrottledAsyncChecker.java:schedule(140)) - Scheduling a check for org.apache.hadoop.ozone.container.common.volume.HddsVolume@3058b6d3
2019-08-21 06:48:32,471 [Thread-0] INFO  volume.HddsVolumeChecker (HddsVolumeChecker.java:checkAllVolumes(203)) - Scheduled health check for volume org.apache.hadoop.ozone.container.common.volume.HddsVolume@3058b6d3
2019-08-21 06:48:32,486 [Thread-0] INFO  impl.RaftServerProxy (ConfUtils.java:logGet(43)) - raft.rpc.type = GRPC (default)
2019-08-21 06:48:32,486 [Thread-0] INFO  grpc.GrpcFactory (GrpcFactory.java:checkPooledByteBufAllocatorUseCacheForAllThreads(45)) - PERFORMANCE WARNING: useCacheForAllThreads is true that may cause Netty to create a lot garbage objects and, as a result, trigger GC.
	It is recommended to disable useCacheForAllThreads by setting -Dorg.apache.ratis.thirdparty.io.netty.allocator.useCacheForAllThreads=false in command line.
2019-08-21 06:48:32,486 [Thread-0] INFO  grpc.GrpcConfigKeys$Server (ConfUtils.java:logGet(43)) - raft.grpc.server.port = 0 (default)
2019-08-21 06:48:32,487 [Thread-0] INFO  server.GrpcService (ConfUtils.java:logGet(43)) - raft.grpc.message.size.max = 33570816 (custom)
2019-08-21 06:48:32,487 [Thread-0] INFO  server.RaftServerConfigKeys (ConfUtils.java:logGet(43)) - raft.server.log.appender.buffer.byte-limit = 33554432 (custom)
2019-08-21 06:48:32,487 [Thread-0] INFO  server.GrpcService (ConfUtils.java:logGet(43)) - raft.grpc.flow.control.window = 1MB (=1048576) (default)
2019-08-21 06:48:32,487 [Thread-0] INFO  server.RaftServerConfigKeys (ConfUtils.java:logGet(43)) - raft.server.rpc.request.timeout = 3000ms (default)
2019-08-21 06:48:32,488 [Thread-0] INFO  server.RaftServerConfigKeys (ConfUtils.java:logGet(43)) - raft.server.storage.dir = [/workdir/hadoop-ozone/integration-test/target/test-dir/MiniOzoneClusterImpl-ad9cffe4-d9dd-4d7e-9292-cb2a09e16687/datanode-4/data/ratis] (custom)
2019-08-21 06:48:32,489 [Thread-0] INFO  replication.SimpleContainerDownloader (SimpleContainerDownloader.java:<init>(72)) - Starting container downloader service to copy containers to replicate.
2019-08-21 06:48:32,490 [Thread-0] INFO  hdfs.DFSUtil (DFSUtil.java:httpServerTemplateForNNAndJN(1641)) - Starting Web-server for hddsDatanode at: http://0.0.0.0:0
2019-08-21 06:48:32,492 [Thread-0] INFO  server.AuthenticationFilter (AuthenticationFilter.java:constructSecretProvider(240)) - Unable to initialize FileSignerSecretProvider, falling back to use random secrets.
2019-08-21 06:48:32,493 [Thread-0] WARN  http.HttpRequestLog (HttpRequestLog.java:getRequestLog(97)) - Jetty request log can only be enabled using Log4j
2019-08-21 06:48:32,495 [Thread-0] INFO  http.HttpServer2 (HttpServer2.java:addGlobalFilter(975)) - Added global filter 'safety' (class=org.apache.hadoop.http.HttpServer2$QuotingInputFilter)
2019-08-21 06:48:32,496 [Thread-0] INFO  http.HttpServer2 (HttpServer2.java:addFilter(948)) - Added filter static_user_filter (class=org.apache.hadoop.http.lib.StaticUserWebFilter$StaticUserFilter) to context hddsDatanode
2019-08-21 06:48:32,496 [Thread-0] INFO  http.HttpServer2 (HttpServer2.java:addFilter(958)) - Added filter static_user_filter (class=org.apache.hadoop.http.lib.StaticUserWebFilter$StaticUserFilter) to context logs
2019-08-21 06:48:32,497 [Thread-0] INFO  http.HttpServer2 (HttpServer2.java:addFilter(958)) - Added filter static_user_filter (class=org.apache.hadoop.http.lib.StaticUserWebFilter$StaticUserFilter) to context static
2019-08-21 06:48:32,498 [Thread-0] INFO  http.HttpServer2 (HttpServer2.java:bindListener(1191)) - Jetty bound to port 40270
2019-08-21 06:48:32,498 [Thread-0] INFO  server.Server (Server.java:doStart(351)) - jetty-9.3.24.v20180605, build timestamp: 2018-06-05T17:11:56Z, git hash: 84205aa28f11a4f31f2a3b86d1bba2cc8ab69827
2019-08-21 06:48:32,501 [Thread-0] INFO  handler.ContextHandler (ContextHandler.java:doStart(781)) - Started o.e.j.s.ServletContextHandler@7378c6b1{/logs,file:///workdir/hadoop-ozone/integration-test/target/log,AVAILABLE}
2019-08-21 06:48:32,501 [Thread-0] INFO  handler.ContextHandler (ContextHandler.java:doStart(781)) - Started o.e.j.s.ServletContextHandler@7efd645{/static,jar:file:/home/user/.m2/repository/org/apache/hadoop/hadoop-hdds-container-service/0.5.0-SNAPSHOT/hadoop-hdds-container-service-0.5.0-SNAPSHOT.jar!/webapps/static,AVAILABLE}
2019-08-21 06:48:32,541 [Thread-0] INFO  handler.ContextHandler (ContextHandler.java:doStart(781)) - Started o.e.j.w.WebAppContext@185d7a1b{/,file:///tmp/jetty-0.0.0.0-40270-hddsDatanode-_-any-7281811367435784700.dir/webapp/,AVAILABLE}{/hddsDatanode}
2019-08-21 06:48:32,542 [Thread-0] INFO  server.AbstractConnector (AbstractConnector.java:doStart(278)) - Started ServerConnector@28f20c92{HTTP/1.1,[http/1.1]}{0.0.0.0:40270}
2019-08-21 06:48:32,543 [Thread-0] INFO  server.Server (Server.java:doStart(419)) - Started @7738ms
2019-08-21 06:48:32,543 [Thread-0] INFO  server.BaseHttpServer (BaseHttpServer.java:updateConnectorAddress(213)) - HTTP server of HDDSDATANODE is listening at http://0.0.0.0:40270
2019-08-21 06:48:32,727 | INFO  | ObjectStoreRestHttpServer | Listening HDDS REST traffic on /0.0.0.0:45868 |  
2019-08-21 06:48:32,727 [Thread-0] INFO  ozone.HddsDatanodeService (HddsDatanodeService.java:startPlugins(395)) - Started plug-in org.apache.hadoop.ozone.web.OzoneHddsDatanodeService@2006feaa
2019-08-21 06:48:32,727 [Thread-0] INFO  impl.MetricsSystemImpl (MetricsSystemImpl.java:init(158)) - HddsDatanode metrics system started (again)
2019-08-21 06:48:32,731 [org.apache.hadoop.util.JvmPauseMonitor$Monitor@2ee2d28c] INFO  util.JvmPauseMonitor (JvmPauseMonitor.java:run(188)) - Starting JVM pause monitor
2019-08-21 06:48:32,732 [Thread-0] INFO  ozone.HddsDatanodeService (HddsDatanodeService.java:start(184)) - HddsDatanodeService host:trunk-nightly-9stkx-2366262011 ip:192.168.69.91
2019-08-21 06:48:32,790 [Datanode State Machine Thread - 0] INFO  datanode.InitDatanodeState (InitDatanodeState.java:persistContainerDatanodeDetails(140)) - DatanodeDetails is persisted to /workdir/hadoop-ozone/integration-test/target/test-dir/MiniOzoneClusterImpl-ad9cffe4-d9dd-4d7e-9292-cb2a09e16687/datanode-4/meta/datanode.id
2019-08-21 06:48:32,800 [Thread-0] INFO  volume.HddsVolume (HddsVolume.java:<init>(176)) - Creating Volume: /workdir/hadoop-ozone/integration-test/target/test-dir/MiniOzoneClusterImpl-ad9cffe4-d9dd-4d7e-9292-cb2a09e16687/datanode-5/data/containers/hdds of  storage type : DISK and capacity : 1482555576320
2019-08-21 06:48:32,800 [Thread-0] INFO  volume.VolumeSet (VolumeSet.java:initializeVolumeSet(170)) - Added Volume : /workdir/hadoop-ozone/integration-test/target/test-dir/MiniOzoneClusterImpl-ad9cffe4-d9dd-4d7e-9292-cb2a09e16687/datanode-5/data/containers/hdds to VolumeSet
2019-08-21 06:48:32,801 [Thread-0] INFO  volume.ThrottledAsyncChecker (ThrottledAsyncChecker.java:schedule(140)) - Scheduling a check for org.apache.hadoop.ozone.container.common.volume.HddsVolume@5409202
2019-08-21 06:48:32,802 [Thread-0] INFO  volume.HddsVolumeChecker (HddsVolumeChecker.java:checkAllVolumes(203)) - Scheduled health check for volume org.apache.hadoop.ozone.container.common.volume.HddsVolume@5409202
2019-08-21 06:48:32,839 [Thread-0] INFO  impl.RaftServerProxy (ConfUtils.java:logGet(43)) - raft.rpc.type = GRPC (default)
2019-08-21 06:48:32,840 [Thread-0] INFO  grpc.GrpcFactory (GrpcFactory.java:checkPooledByteBufAllocatorUseCacheForAllThreads(45)) - PERFORMANCE WARNING: useCacheForAllThreads is true that may cause Netty to create a lot garbage objects and, as a result, trigger GC.
	It is recommended to disable useCacheForAllThreads by setting -Dorg.apache.ratis.thirdparty.io.netty.allocator.useCacheForAllThreads=false in command line.
2019-08-21 06:48:32,840 [Thread-0] INFO  grpc.GrpcConfigKeys$Server (ConfUtils.java:logGet(43)) - raft.grpc.server.port = 0 (default)
2019-08-21 06:48:32,840 [Thread-0] INFO  server.GrpcService (ConfUtils.java:logGet(43)) - raft.grpc.message.size.max = 33570816 (custom)
2019-08-21 06:48:32,841 [Thread-0] INFO  server.RaftServerConfigKeys (ConfUtils.java:logGet(43)) - raft.server.log.appender.buffer.byte-limit = 33554432 (custom)
2019-08-21 06:48:32,841 [Thread-0] INFO  server.GrpcService (ConfUtils.java:logGet(43)) - raft.grpc.flow.control.window = 1MB (=1048576) (default)
2019-08-21 06:48:32,841 [Thread-0] INFO  server.RaftServerConfigKeys (ConfUtils.java:logGet(43)) - raft.server.rpc.request.timeout = 3000ms (default)
2019-08-21 06:48:32,842 [Thread-0] INFO  server.RaftServerConfigKeys (ConfUtils.java:logGet(43)) - raft.server.storage.dir = [/workdir/hadoop-ozone/integration-test/target/test-dir/MiniOzoneClusterImpl-ad9cffe4-d9dd-4d7e-9292-cb2a09e16687/datanode-5/data/ratis] (custom)
2019-08-21 06:48:32,843 [Thread-0] INFO  replication.SimpleContainerDownloader (SimpleContainerDownloader.java:<init>(72)) - Starting container downloader service to copy containers to replicate.
2019-08-21 06:48:32,845 [Thread-0] INFO  hdfs.DFSUtil (DFSUtil.java:httpServerTemplateForNNAndJN(1641)) - Starting Web-server for hddsDatanode at: http://0.0.0.0:0
2019-08-21 06:48:32,846 [Thread-0] INFO  server.AuthenticationFilter (AuthenticationFilter.java:constructSecretProvider(240)) - Unable to initialize FileSignerSecretProvider, falling back to use random secrets.
2019-08-21 06:48:32,847 [Thread-0] WARN  http.HttpRequestLog (HttpRequestLog.java:getRequestLog(97)) - Jetty request log can only be enabled using Log4j
2019-08-21 06:48:32,848 [Thread-0] INFO  http.HttpServer2 (HttpServer2.java:addGlobalFilter(975)) - Added global filter 'safety' (class=org.apache.hadoop.http.HttpServer2$QuotingInputFilter)
2019-08-21 06:48:32,849 [Thread-0] INFO  http.HttpServer2 (HttpServer2.java:addFilter(948)) - Added filter static_user_filter (class=org.apache.hadoop.http.lib.StaticUserWebFilter$StaticUserFilter) to context hddsDatanode
2019-08-21 06:48:32,849 [Thread-0] INFO  http.HttpServer2 (HttpServer2.java:addFilter(958)) - Added filter static_user_filter (class=org.apache.hadoop.http.lib.StaticUserWebFilter$StaticUserFilter) to context logs
2019-08-21 06:48:32,849 [Thread-0] INFO  http.HttpServer2 (HttpServer2.java:addFilter(958)) - Added filter static_user_filter (class=org.apache.hadoop.http.lib.StaticUserWebFilter$StaticUserFilter) to context static
2019-08-21 06:48:32,850 [Thread-0] INFO  http.HttpServer2 (HttpServer2.java:bindListener(1191)) - Jetty bound to port 43626
2019-08-21 06:48:32,850 [Thread-0] INFO  server.Server (Server.java:doStart(351)) - jetty-9.3.24.v20180605, build timestamp: 2018-06-05T17:11:56Z, git hash: 84205aa28f11a4f31f2a3b86d1bba2cc8ab69827
2019-08-21 06:48:32,852 [Thread-0] INFO  handler.ContextHandler (ContextHandler.java:doStart(781)) - Started o.e.j.s.ServletContextHandler@18044662{/logs,file:///workdir/hadoop-ozone/integration-test/target/log,AVAILABLE}
2019-08-21 06:48:32,852 [Thread-0] INFO  handler.ContextHandler (ContextHandler.java:doStart(781)) - Started o.e.j.s.ServletContextHandler@2af83db1{/static,jar:file:/home/user/.m2/repository/org/apache/hadoop/hadoop-hdds-container-service/0.5.0-SNAPSHOT/hadoop-hdds-container-service-0.5.0-SNAPSHOT.jar!/webapps/static,AVAILABLE}
2019-08-21 06:48:32,881 [Thread-0] INFO  handler.ContextHandler (ContextHandler.java:doStart(781)) - Started o.e.j.w.WebAppContext@29621bd2{/,file:///tmp/jetty-0.0.0.0-43626-hddsDatanode-_-any-7520028454431431246.dir/webapp/,AVAILABLE}{/hddsDatanode}
2019-08-21 06:48:32,882 [Thread-0] INFO  server.AbstractConnector (AbstractConnector.java:doStart(278)) - Started ServerConnector@29fc1544{HTTP/1.1,[http/1.1]}{0.0.0.0:43626}
2019-08-21 06:48:32,882 [Thread-0] INFO  server.Server (Server.java:doStart(419)) - Started @8077ms
2019-08-21 06:48:32,883 [Thread-0] INFO  server.BaseHttpServer (BaseHttpServer.java:updateConnectorAddress(213)) - HTTP server of HDDSDATANODE is listening at http://0.0.0.0:43626
2019-08-21 06:48:33,028 | INFO  | ObjectStoreRestHttpServer | Listening HDDS REST traffic on /0.0.0.0:45468 |  
2019-08-21 06:48:33,028 [Thread-0] INFO  ozone.HddsDatanodeService (HddsDatanodeService.java:startPlugins(395)) - Started plug-in org.apache.hadoop.ozone.web.OzoneHddsDatanodeService@268952c0
2019-08-21 06:48:33,031 [Thread-0] INFO  ozone.MiniOzoneClusterImpl (MiniOzoneClusterImpl.java:lambda$waitForClusterToBeReady$0(142)) - Waiting for cluster to be ready. Got 0 of 6 DN Heartbeats.
2019-08-21 06:48:33,031 [org.apache.hadoop.util.JvmPauseMonitor$Monitor@9f3ab72] INFO  util.JvmPauseMonitor (JvmPauseMonitor.java:run(188)) - Starting JVM pause monitor
2019-08-21 06:48:33,034 [Datanode State Machine Thread - 0] INFO  datanode.InitDatanodeState (InitDatanodeState.java:persistContainerDatanodeDetails(140)) - DatanodeDetails is persisted to /workdir/hadoop-ozone/integration-test/target/test-dir/MiniOzoneClusterImpl-ad9cffe4-d9dd-4d7e-9292-cb2a09e16687/datanode-5/meta/datanode.id
2019-08-21 06:48:33,677 | INFO  | SCMAudit | user=jenkins1000 | ip=192.168.69.91 | op=GET_VERSION null | ret=SUCCESS |  
2019-08-21 06:48:33,728 [Datanode State Machine Thread - 0] INFO  ozoneimpl.OzoneContainer (OzoneContainer.java:start(186)) - Attempting to start container services.
2019-08-21 06:48:33,729 [Datanode State Machine Thread - 0] INFO  ozoneimpl.OzoneContainer (OzoneContainer.java:startContainerScrub(160)) - Background container scrubber has been disabled by hdds.containerscrub.enabled
2019-08-21 06:48:33,730 [Datanode State Machine Thread - 0] INFO  ratis.XceiverServerRatis (XceiverServerRatis.java:start(404)) - Starting XceiverServerRatis f91f7e81-a37c-4e1f-8f5a-fc0399667c81 at port 0
2019-08-21 06:48:33,752 [Datanode State Machine Thread - 0] INFO  impl.RaftServerProxy (RaftServerProxy.java:lambda$start$3(299)) - f91f7e81-a37c-4e1f-8f5a-fc0399667c81: start RPC server
2019-08-21 06:48:33,891 [Datanode State Machine Thread - 0] INFO  server.GrpcService (GrpcService.java:startImpl(149)) - f91f7e81-a37c-4e1f-8f5a-fc0399667c81: GrpcService started, listening on 0.0.0.0/0.0.0.0:33512
2019-08-21 06:48:33,892 [Datanode State Machine Thread - 0] INFO  ratis.XceiverServerRatis (XceiverServerRatis.java:start(414)) - XceiverServerRatis f91f7e81-a37c-4e1f-8f5a-fc0399667c81 is started using port 33512
2019-08-21 06:48:33,894 [Datanode State Machine Thread - 0] INFO  server.XceiverServerGrpc (XceiverServerGrpc.java:start(161)) - XceiverServerGrpc f91f7e81-a37c-4e1f-8f5a-fc0399667c81 is started using port 39761
2019-08-21 06:48:33,937 | INFO  | SCMAudit | user=jenkins1000 | ip=192.168.69.91 | op=GET_VERSION null | ret=SUCCESS |  
2019-08-21 06:48:33,955 [Datanode State Machine Thread - 0] INFO  ozoneimpl.OzoneContainer (OzoneContainer.java:start(186)) - Attempting to start container services.
2019-08-21 06:48:33,958 [Datanode State Machine Thread - 0] INFO  ozoneimpl.OzoneContainer (OzoneContainer.java:startContainerScrub(160)) - Background container scrubber has been disabled by hdds.containerscrub.enabled
2019-08-21 06:48:33,959 [Datanode State Machine Thread - 0] INFO  ratis.XceiverServerRatis (XceiverServerRatis.java:start(404)) - Starting XceiverServerRatis 8a76d8a0-f4e7-4941-9f78-0189fbf176ec at port 0
2019-08-21 06:48:33,966 [Datanode State Machine Thread - 0] INFO  impl.RaftServerProxy (RaftServerProxy.java:lambda$start$3(299)) - 8a76d8a0-f4e7-4941-9f78-0189fbf176ec: start RPC server
2019-08-21 06:48:33,969 [Datanode State Machine Thread - 0] INFO  server.GrpcService (GrpcService.java:startImpl(149)) - 8a76d8a0-f4e7-4941-9f78-0189fbf176ec: GrpcService started, listening on 0.0.0.0/0.0.0.0:38116
2019-08-21 06:48:33,970 [Datanode State Machine Thread - 0] INFO  ratis.XceiverServerRatis (XceiverServerRatis.java:start(414)) - XceiverServerRatis 8a76d8a0-f4e7-4941-9f78-0189fbf176ec is started using port 38116
2019-08-21 06:48:33,972 [Datanode State Machine Thread - 0] INFO  server.XceiverServerGrpc (XceiverServerGrpc.java:start(161)) - XceiverServerGrpc 8a76d8a0-f4e7-4941-9f78-0189fbf176ec is started using port 40230
2019-08-21 06:48:34,031 [Thread-0] INFO  ozone.MiniOzoneClusterImpl (MiniOzoneClusterImpl.java:lambda$waitForClusterToBeReady$0(142)) - Waiting for cluster to be ready. Got 0 of 6 DN Heartbeats.
2019-08-21 06:48:34,171 | INFO  | SCMAudit | user=jenkins1000 | ip=192.168.69.91 | op=GET_VERSION null | ret=SUCCESS |  
2019-08-21 06:48:34,195 [Datanode State Machine Thread - 0] INFO  ozoneimpl.OzoneContainer (OzoneContainer.java:start(186)) - Attempting to start container services.
2019-08-21 06:48:34,198 [Datanode State Machine Thread - 0] INFO  ozoneimpl.OzoneContainer (OzoneContainer.java:startContainerScrub(160)) - Background container scrubber has been disabled by hdds.containerscrub.enabled
2019-08-21 06:48:34,198 [Datanode State Machine Thread - 0] INFO  ratis.XceiverServerRatis (XceiverServerRatis.java:start(404)) - Starting XceiverServerRatis 37e73ba6-504c-42d6-9284-4cd48545e58f at port 0
2019-08-21 06:48:34,205 [Datanode State Machine Thread - 0] INFO  impl.RaftServerProxy (RaftServerProxy.java:lambda$start$3(299)) - 37e73ba6-504c-42d6-9284-4cd48545e58f: start RPC server
2019-08-21 06:48:34,208 [Datanode State Machine Thread - 0] INFO  server.GrpcService (GrpcService.java:startImpl(149)) - 37e73ba6-504c-42d6-9284-4cd48545e58f: GrpcService started, listening on 0.0.0.0/0.0.0.0:39695
2019-08-21 06:48:34,208 [Datanode State Machine Thread - 0] INFO  ratis.XceiverServerRatis (XceiverServerRatis.java:start(414)) - XceiverServerRatis 37e73ba6-504c-42d6-9284-4cd48545e58f is started using port 39695
2019-08-21 06:48:34,211 [Datanode State Machine Thread - 0] INFO  server.XceiverServerGrpc (XceiverServerGrpc.java:start(161)) - XceiverServerGrpc 37e73ba6-504c-42d6-9284-4cd48545e58f is started using port 46731
2019-08-21 06:48:34,465 | INFO  | SCMAudit | user=jenkins1000 | ip=192.168.69.91 | op=GET_VERSION null | ret=SUCCESS |  
2019-08-21 06:48:34,473 [Datanode State Machine Thread - 0] INFO  ozoneimpl.OzoneContainer (OzoneContainer.java:start(186)) - Attempting to start container services.
2019-08-21 06:48:34,479 [Datanode State Machine Thread - 0] INFO  ozoneimpl.OzoneContainer (OzoneContainer.java:startContainerScrub(160)) - Background container scrubber has been disabled by hdds.containerscrub.enabled
2019-08-21 06:48:34,479 [Datanode State Machine Thread - 0] INFO  ratis.XceiverServerRatis (XceiverServerRatis.java:start(404)) - Starting XceiverServerRatis ac838652-17da-43f9-b098-84edc167383c at port 0
2019-08-21 06:48:34,487 [Datanode State Machine Thread - 0] INFO  impl.RaftServerProxy (RaftServerProxy.java:lambda$start$3(299)) - ac838652-17da-43f9-b098-84edc167383c: start RPC server
2019-08-21 06:48:34,491 [Datanode State Machine Thread - 0] INFO  server.GrpcService (GrpcService.java:startImpl(149)) - ac838652-17da-43f9-b098-84edc167383c: GrpcService started, listening on 0.0.0.0/0.0.0.0:46229
2019-08-21 06:48:34,491 [Datanode State Machine Thread - 0] INFO  ratis.XceiverServerRatis (XceiverServerRatis.java:start(414)) - XceiverServerRatis ac838652-17da-43f9-b098-84edc167383c is started using port 46229
2019-08-21 06:48:34,494 [Datanode State Machine Thread - 0] INFO  server.XceiverServerGrpc (XceiverServerGrpc.java:start(161)) - XceiverServerGrpc ac838652-17da-43f9-b098-84edc167383c is started using port 45408
2019-08-21 06:48:34,735 | INFO  | SCMAudit | user=jenkins1000 | ip=192.168.69.91 | op=GET_VERSION null | ret=SUCCESS |  
2019-08-21 06:48:34,742 [Datanode State Machine Thread - 0] INFO  ozoneimpl.OzoneContainer (OzoneContainer.java:start(186)) - Attempting to start container services.
2019-08-21 06:48:34,743 [Datanode State Machine Thread - 0] INFO  ozoneimpl.OzoneContainer (OzoneContainer.java:startContainerScrub(160)) - Background container scrubber has been disabled by hdds.containerscrub.enabled
2019-08-21 06:48:34,743 [Datanode State Machine Thread - 0] INFO  ratis.XceiverServerRatis (XceiverServerRatis.java:start(404)) - Starting XceiverServerRatis 44d45b17-37a4-4814-9169-f3c994da35b8 at port 0
2019-08-21 06:48:34,752 [Datanode State Machine Thread - 0] INFO  impl.RaftServerProxy (RaftServerProxy.java:lambda$start$3(299)) - 44d45b17-37a4-4814-9169-f3c994da35b8: start RPC server
2019-08-21 06:48:34,756 [Datanode State Machine Thread - 0] INFO  server.GrpcService (GrpcService.java:startImpl(149)) - 44d45b17-37a4-4814-9169-f3c994da35b8: GrpcService started, listening on 0.0.0.0/0.0.0.0:46114
2019-08-21 06:48:34,756 [Datanode State Machine Thread - 0] INFO  ratis.XceiverServerRatis (XceiverServerRatis.java:start(414)) - XceiverServerRatis 44d45b17-37a4-4814-9169-f3c994da35b8 is started using port 46114
2019-08-21 06:48:34,759 [Datanode State Machine Thread - 0] INFO  server.XceiverServerGrpc (XceiverServerGrpc.java:start(161)) - XceiverServerGrpc 44d45b17-37a4-4814-9169-f3c994da35b8 is started using port 45629
2019-08-21 06:48:35,031 [Thread-0] INFO  ozone.MiniOzoneClusterImpl (MiniOzoneClusterImpl.java:lambda$waitForClusterToBeReady$0(142)) - Waiting for cluster to be ready. Got 0 of 6 DN Heartbeats.
2019-08-21 06:48:35,035 | INFO  | SCMAudit | user=jenkins1000 | ip=192.168.69.91 | op=GET_VERSION null | ret=SUCCESS |  
2019-08-21 06:48:35,049 [Datanode State Machine Thread - 0] INFO  ozoneimpl.OzoneContainer (OzoneContainer.java:start(186)) - Attempting to start container services.
2019-08-21 06:48:35,049 [Datanode State Machine Thread - 0] INFO  ozoneimpl.OzoneContainer (OzoneContainer.java:startContainerScrub(160)) - Background container scrubber has been disabled by hdds.containerscrub.enabled
2019-08-21 06:48:35,049 [Datanode State Machine Thread - 0] INFO  ratis.XceiverServerRatis (XceiverServerRatis.java:start(404)) - Starting XceiverServerRatis 0262ecf8-6c8f-4ee4-a6a4-c79e5aa69523 at port 0
2019-08-21 06:48:35,055 [Datanode State Machine Thread - 0] INFO  impl.RaftServerProxy (RaftServerProxy.java:lambda$start$3(299)) - 0262ecf8-6c8f-4ee4-a6a4-c79e5aa69523: start RPC server
2019-08-21 06:48:35,059 [Datanode State Machine Thread - 0] INFO  server.GrpcService (GrpcService.java:startImpl(149)) - 0262ecf8-6c8f-4ee4-a6a4-c79e5aa69523: GrpcService started, listening on 0.0.0.0/0.0.0.0:46230
2019-08-21 06:48:35,060 [Datanode State Machine Thread - 0] INFO  ratis.XceiverServerRatis (XceiverServerRatis.java:start(414)) - XceiverServerRatis 0262ecf8-6c8f-4ee4-a6a4-c79e5aa69523 is started using port 46230
2019-08-21 06:48:35,063 [Datanode State Machine Thread - 0] INFO  server.XceiverServerGrpc (XceiverServerGrpc.java:start(161)) - XceiverServerGrpc 0262ecf8-6c8f-4ee4-a6a4-c79e5aa69523 is started using port 41791
2019-08-21 06:48:35,691 [IPC Server handler 5 on 38542] INFO  net.NetworkTopology (NetworkTopologyImpl.java:add(110)) - Added a new node: /default-rack/f91f7e81-a37c-4e1f-8f5a-fc0399667c81
2019-08-21 06:48:35,692 [IPC Server handler 5 on 38542] INFO  node.SCMNodeManager (SCMNodeManager.java:register(273)) - Registered Data node : f91f7e81-a37c-4e1f-8f5a-fc0399667c81{ip: 192.168.69.91, host: trunk-nightly-9stkx-2366262011, networkLocation: /default-rack, certSerialId: null}
2019-08-21 06:48:35,696 [EventQueue-NodeRegistrationContainerReportForDataNodeSafeModeRule] INFO  safemode.SCMSafeModeManager (DataNodeSafeModeRule.java:process(71)) - SCM in safe mode. 1 DataNodes registered, 1 required.
2019-08-21 06:48:35,697 [EventQueue-NodeRegistrationContainerReportForDataNodeSafeModeRule] INFO  safemode.SCMSafeModeManager (SCMSafeModeManager.java:validateSafeModeExitRules(177)) - ScmSafeModeManager, all rules are successfully validated
2019-08-21 06:48:35,697 [EventQueue-NodeRegistrationContainerReportForDataNodeSafeModeRule] INFO  safemode.SCMSafeModeManager (SCMSafeModeManager.java:exitSafeMode(193)) - SCM exiting safe mode.
2019-08-21 06:48:35,705 | INFO  | SCMAudit | user=jenkins1000 | ip=192.168.69.91 | op=REGISTER {datanodeDetails=f91f7e81-a37c-4e1f-8f5a-fc0399667c81{ip: 192.168.69.91, host: trunk-nightly-9stkx-2366262011, networkLocation: /default-rack, certSerialId: null}} | ret=SUCCESS |  
2019-08-21 06:48:35,938 [IPC Server handler 3 on 38542] INFO  net.NetworkTopology (NetworkTopologyImpl.java:add(110)) - Added a new node: /default-rack/8a76d8a0-f4e7-4941-9f78-0189fbf176ec
2019-08-21 06:48:35,938 [IPC Server handler 3 on 38542] INFO  node.SCMNodeManager (SCMNodeManager.java:register(273)) - Registered Data node : 8a76d8a0-f4e7-4941-9f78-0189fbf176ec{ip: 192.168.69.91, host: trunk-nightly-9stkx-2366262011, networkLocation: /default-rack, certSerialId: null}
2019-08-21 06:48:35,939 | INFO  | SCMAudit | user=jenkins1000 | ip=192.168.69.91 | op=REGISTER {datanodeDetails=8a76d8a0-f4e7-4941-9f78-0189fbf176ec{ip: 192.168.69.91, host: trunk-nightly-9stkx-2366262011, networkLocation: /default-rack, certSerialId: null}} | ret=SUCCESS |  
2019-08-21 06:48:36,032 [Thread-0] INFO  ozone.MiniOzoneClusterImpl (MiniOzoneClusterImpl.java:lambda$waitForClusterToBeReady$0(142)) - Waiting for cluster to be ready. Got 2 of 6 DN Heartbeats.
2019-08-21 06:48:36,565 [IPC Server handler 3 on 38542] INFO  net.NetworkTopology (NetworkTopologyImpl.java:add(110)) - Added a new node: /default-rack/ac838652-17da-43f9-b098-84edc167383c
2019-08-21 06:48:36,566 [IPC Server handler 5 on 38542] INFO  net.NetworkTopology (NetworkTopologyImpl.java:add(110)) - Added a new node: /default-rack/37e73ba6-504c-42d6-9284-4cd48545e58f
2019-08-21 06:48:36,566 [IPC Server handler 3 on 38542] INFO  node.SCMNodeManager (SCMNodeManager.java:register(273)) - Registered Data node : ac838652-17da-43f9-b098-84edc167383c{ip: 192.168.69.91, host: trunk-nightly-9stkx-2366262011, networkLocation: /default-rack, certSerialId: null}
2019-08-21 06:48:36,566 [IPC Server handler 5 on 38542] INFO  node.SCMNodeManager (SCMNodeManager.java:register(273)) - Registered Data node : 37e73ba6-504c-42d6-9284-4cd48545e58f{ip: 192.168.69.91, host: trunk-nightly-9stkx-2366262011, networkLocation: /default-rack, certSerialId: null}
2019-08-21 06:48:36,575 | INFO  | SCMAudit | user=jenkins1000 | ip=192.168.69.91 | op=REGISTER {datanodeDetails=ac838652-17da-43f9-b098-84edc167383c{ip: 192.168.69.91, host: trunk-nightly-9stkx-2366262011, networkLocation: /default-rack, certSerialId: null}} | ret=SUCCESS |  
2019-08-21 06:48:36,575 | INFO  | SCMAudit | user=jenkins1000 | ip=192.168.69.91 | op=REGISTER {datanodeDetails=37e73ba6-504c-42d6-9284-4cd48545e58f{ip: 192.168.69.91, host: trunk-nightly-9stkx-2366262011, networkLocation: /default-rack, certSerialId: null}} | ret=SUCCESS |  
2019-08-21 06:48:36,736 [IPC Server handler 4 on 38542] INFO  net.NetworkTopology (NetworkTopologyImpl.java:add(110)) - Added a new node: /default-rack/44d45b17-37a4-4814-9169-f3c994da35b8
2019-08-21 06:48:36,736 [IPC Server handler 4 on 38542] INFO  node.SCMNodeManager (SCMNodeManager.java:register(273)) - Registered Data node : 44d45b17-37a4-4814-9169-f3c994da35b8{ip: 192.168.69.91, host: trunk-nightly-9stkx-2366262011, networkLocation: /default-rack, certSerialId: null}
2019-08-21 06:48:36,737 | INFO  | SCMAudit | user=jenkins1000 | ip=192.168.69.91 | op=REGISTER {datanodeDetails=44d45b17-37a4-4814-9169-f3c994da35b8{ip: 192.168.69.91, host: trunk-nightly-9stkx-2366262011, networkLocation: /default-rack, certSerialId: null}} | ret=SUCCESS |  
2019-08-21 06:48:36,751 [grpc-default-executor-0] INFO  impl.RaftServerProxy (RaftServerProxy.java:addNew(89)) - f91f7e81-a37c-4e1f-8f5a-fc0399667c81: addNew group-7C2330778327:[f91f7e81-a37c-4e1f-8f5a-fc0399667c81:192.168.69.91:33512] returns group-7C2330778327:java.util.concurrent.CompletableFuture@548a8e62[Not completed]
2019-08-21 06:48:36,771 [pool-27-thread-1] INFO  impl.RaftServerImpl (RaftServerImpl.java:<init>(93)) - f91f7e81-a37c-4e1f-8f5a-fc0399667c81: new RaftServerImpl for group-7C2330778327:[f91f7e81-a37c-4e1f-8f5a-fc0399667c81:192.168.69.91:33512] with ContainerStateMachine:uninitialized
2019-08-21 06:48:36,774 [pool-27-thread-1] INFO  server.RaftServerConfigKeys (ConfUtils.java:logGet(43)) - raft.server.rpc.timeout.min = 5s (custom)
2019-08-21 06:48:36,776 [pool-27-thread-1] INFO  server.RaftServerConfigKeys (ConfUtils.java:logGet(43)) - raft.server.rpc.timeout.max = 5200ms (custom)
2019-08-21 06:48:36,776 [pool-27-thread-1] INFO  server.RaftServerConfigKeys (ConfUtils.java:logGet(43)) - raft.server.rpcslowness.timeout = 120s (custom)
2019-08-21 06:48:36,777 [pool-27-thread-1] INFO  server.RaftServerConfigKeys (ConfUtils.java:logGet(43)) - raft.server.sleep.deviation.threshold = 300 (default)
2019-08-21 06:48:36,777 [pool-27-thread-1] INFO  server.RaftServerConfigKeys (ConfUtils.java:logGet(43)) - raft.server.log.appender.install.snapshot.enabled = false (custom)
2019-08-21 06:48:36,788 [pool-27-thread-1] INFO  impl.RaftServerImpl (ServerState.java:<init>(105)) - f91f7e81-a37c-4e1f-8f5a-fc0399667c81:group-7C2330778327 ConfigurationManager, init=-1: [f91f7e81-a37c-4e1f-8f5a-fc0399667c81:192.168.69.91:33512], old=null, confs=<EMPTY_MAP>
2019-08-21 06:48:36,789 [pool-27-thread-1] INFO  server.RaftServerConfigKeys (ConfUtils.java:logGet(43)) - raft.server.storage.dir = [/workdir/hadoop-ozone/integration-test/target/test-dir/MiniOzoneClusterImpl-ad9cffe4-d9dd-4d7e-9292-cb2a09e16687/datanode-0/data/ratis] (custom)
2019-08-21 06:48:36,801 [pool-27-thread-1] INFO  storage.RaftStorageDirectory (RaftStorageDirectory.java:analyzeStorage(246)) - The storage directory /workdir/hadoop-ozone/integration-test/target/test-dir/MiniOzoneClusterImpl-ad9cffe4-d9dd-4d7e-9292-cb2a09e16687/datanode-0/data/ratis/bd1e9dc7-7370-4260-a323-7c2330778327 does not exist. Creating ...
2019-08-21 06:48:36,818 [pool-27-thread-1] INFO  storage.RaftStorageDirectory (RaftStorageDirectory.java:tryLock(328)) - Lock on /workdir/hadoop-ozone/integration-test/target/test-dir/MiniOzoneClusterImpl-ad9cffe4-d9dd-4d7e-9292-cb2a09e16687/datanode-0/data/ratis/bd1e9dc7-7370-4260-a323-7c2330778327/in_use.lock acquired by nodename 23833@trunk-nightly-9stkx-2366262011
2019-08-21 06:48:36,833 [pool-27-thread-1] INFO  storage.RaftStorage (RaftStorage.java:format(72)) - Storage directory /workdir/hadoop-ozone/integration-test/target/test-dir/MiniOzoneClusterImpl-ad9cffe4-d9dd-4d7e-9292-cb2a09e16687/datanode-0/data/ratis/bd1e9dc7-7370-4260-a323-7c2330778327 has been successfully formatted.
2019-08-21 06:48:36,835 [pool-27-thread-1] INFO  ratis.ContainerStateMachine (ContainerStateMachine.java:loadSnapshot(226)) - group-7C2330778327: The snapshot info is null. Setting the last applied indexto:(t:0, i:~)
2019-08-21 06:48:36,836 [pool-27-thread-1] INFO  server.RaftServerConfigKeys (ConfUtils.java:logGet(43)) - raft.server.leader.election.timeout = 120s (custom)
2019-08-21 06:48:36,838 [pool-27-thread-1] INFO  server.RaftServerConfigKeys (ConfUtils.java:logGet(43)) - raft.server.log.use.memory = false (default)
2019-08-21 06:48:36,843 [pool-27-thread-1] INFO  server.RaftServerConfigKeys (ConfUtils.java:logGet(43)) - raft.server.log.purge.gap = 1000000 (custom)
2019-08-21 06:48:36,843 [pool-27-thread-1] INFO  server.RaftServerConfigKeys (ConfUtils.java:logGet(43)) - raft.server.log.appender.buffer.byte-limit = 33554432 (custom)
2019-08-21 06:48:36,845 [pool-27-thread-1] INFO  server.RaftServerConfigKeys (ConfUtils.java:logGet(43)) - raft.server.log.segment.size.max = 1048576 (custom)
2019-08-21 06:48:36,850 [pool-27-thread-1] INFO  server.RaftServerConfigKeys (ConfUtils.java:logGet(43)) - raft.server.log.segment.cache.num.max = 2 (custom)
2019-08-21 06:48:36,856 [pool-27-thread-1] INFO  segmented.SegmentedRaftLogWorker (SegmentedRaftLogWorker.java:<init>(172)) - new f91f7e81-a37c-4e1f-8f5a-fc0399667c81-SegmentedRaftLogWorker:Storage Directory /workdir/hadoop-ozone/integration-test/target/test-dir/MiniOzoneClusterImpl-ad9cffe4-d9dd-4d7e-9292-cb2a09e16687/datanode-0/data/ratis/bd1e9dc7-7370-4260-a323-7c2330778327 for RaftStorage:Storage Directory /workdir/hadoop-ozone/integration-test/target/test-dir/MiniOzoneClusterImpl-ad9cffe4-d9dd-4d7e-9292-cb2a09e16687/datanode-0/data/ratis/bd1e9dc7-7370-4260-a323-7c2330778327
2019-08-21 06:48:36,869 [pool-27-thread-1] INFO  server.RaftServerConfigKeys (ConfUtils.java:logGet(43)) - raft.server.log.queue.byte-limit = 2147483647 (custom)
2019-08-21 06:48:36,869 [pool-27-thread-1] INFO  server.RaftServerConfigKeys (ConfUtils.java:logGet(43)) - raft.server.log.queue.element-limit = 1024 (custom)
2019-08-21 06:48:36,874 [pool-27-thread-1] INFO  server.RaftServerConfigKeys (ConfUtils.java:logGet(43)) - raft.server.log.segment.size.max = 1048576 (custom)
2019-08-21 06:48:36,875 [pool-27-thread-1] INFO  server.RaftServerConfigKeys (ConfUtils.java:logGet(43)) - raft.server.log.preallocated.size = 16384 (custom)
2019-08-21 06:48:36,875 [pool-27-thread-1] INFO  server.RaftServerConfigKeys (ConfUtils.java:logGet(43)) - raft.server.log.write.buffer.size = 33554432 (custom)
2019-08-21 06:48:36,876 [pool-27-thread-1] INFO  server.RaftServerConfigKeys (ConfUtils.java:logGet(43)) - raft.server.log.force.sync.num = 128 (default)
2019-08-21 06:48:36,877 [pool-27-thread-1] INFO  server.RaftServerConfigKeys (ConfUtils.java:logGet(43)) - raft.server.log.statemachine.data.sync = true (default)
2019-08-21 06:48:36,877 [pool-27-thread-1] INFO  server.RaftServerConfigKeys (ConfUtils.java:logGet(43)) - raft.server.log.statemachine.data.sync.timeout = 10s (default)
2019-08-21 06:48:36,878 [pool-27-thread-1] INFO  server.RaftServerConfigKeys (ConfUtils.java:logGet(43)) - raft.server.log.statemachine.data.sync.timeout.retry = -1 (default)
2019-08-21 06:48:36,887 [pool-27-thread-1] INFO  server.RaftServerConfigKeys (ConfUtils.java:logGet(43)) - raft.server.log.statemachine.data.caching.enabled = true (custom)
2019-08-21 06:48:36,891 [pool-27-thread-1] INFO  segmented.SegmentedRaftLogWorker (SegmentedRaftLogWorker.java:lambda$new$0(132)) - f91f7e81-a37c-4e1f-8f5a-fc0399667c81-SegmentedRaftLogWorker:Storage Directory /workdir/hadoop-ozone/integration-test/target/test-dir/MiniOzoneClusterImpl-ad9cffe4-d9dd-4d7e-9292-cb2a09e16687/datanode-0/data/ratis/bd1e9dc7-7370-4260-a323-7c2330778327: flushIndex: setUnconditionally 0 -> -1
2019-08-21 06:48:36,895 [pool-27-thread-1] INFO  server.RaftServerConfigKeys (ConfUtils.java:logGet(43)) - raft.server.snapshot.auto.trigger.enabled = true (custom)
2019-08-21 06:48:36,896 [pool-27-thread-1] INFO  server.RaftServerConfigKeys (ConfUtils.java:logGet(43)) - raft.server.snapshot.auto.trigger.threshold = 10000 (custom)
2019-08-21 06:48:36,896 [pool-27-thread-1] INFO  server.RaftServerConfigKeys (ConfUtils.java:logGet(43)) - raft.server.retrycache.expirytime = 600000ms (custom)
2019-08-21 06:48:36,916 [pool-27-thread-1] INFO  impl.RaftServerImpl (RaftServerImpl.java:start(180)) - f91f7e81-a37c-4e1f-8f5a-fc0399667c81: start group-7C2330778327
2019-08-21 06:48:36,917 [pool-27-thread-1] INFO  impl.RaftServerImpl (RaftServerImpl.java:setRole(171)) - f91f7e81-a37c-4e1f-8f5a-fc0399667c81:group-7C2330778327 changes role from null to FOLLOWER at term 0 for startAsFollower
2019-08-21 06:48:36,918 [pool-27-thread-1] INFO  impl.RoleInfo (RoleInfo.java:updateAndGet(143)) - f91f7e81-a37c-4e1f-8f5a-fc0399667c81: start FollowerState
2019-08-21 06:48:36,920 [pool-27-thread-1] INFO  util.JmxRegister (JmxRegister.java:tryRegister(44)) - Successfully registered JMX Bean with object name Ratis:service=RaftServer,group=group-7C2330778327,id=f91f7e81-a37c-4e1f-8f5a-fc0399667c81
2019-08-21 06:48:36,993 [RatisPipelineUtilsThread] INFO  pipeline.PipelineStateManager (PipelineStateManager.java:addPipeline(56)) - Created pipeline Pipeline[ Id: bd1e9dc7-7370-4260-a323-7c2330778327, Nodes: f91f7e81-a37c-4e1f-8f5a-fc0399667c81{ip: 192.168.69.91, host: trunk-nightly-9stkx-2366262011, networkLocation: /default-rack, certSerialId: null}, Type:RATIS, Factor:ONE, State:OPEN]
2019-08-21 06:48:37,021 [grpc-default-executor-0] INFO  impl.RaftServerProxy (RaftServerProxy.java:addNew(89)) - 37e73ba6-504c-42d6-9284-4cd48545e58f: addNew group-BFF960FF887F:[37e73ba6-504c-42d6-9284-4cd48545e58f:192.168.69.91:39695] returns group-BFF960FF887F:java.util.concurrent.CompletableFuture@20306003[Not completed]
2019-08-21 06:48:37,035 [Thread-0] INFO  ozone.MiniOzoneClusterImpl (MiniOzoneClusterImpl.java:lambda$waitForClusterToBeReady$0(142)) - Waiting for cluster to be ready. Got 5 of 6 DN Heartbeats.
2019-08-21 06:48:37,069 [pool-49-thread-1] INFO  impl.RaftServerImpl (RaftServerImpl.java:<init>(93)) - 37e73ba6-504c-42d6-9284-4cd48545e58f: new RaftServerImpl for group-BFF960FF887F:[37e73ba6-504c-42d6-9284-4cd48545e58f:192.168.69.91:39695] with ContainerStateMachine:uninitialized
2019-08-21 06:48:37,071 [IPC Server handler 1 on 38542] INFO  net.NetworkTopology (NetworkTopologyImpl.java:add(110)) - Added a new node: /default-rack/0262ecf8-6c8f-4ee4-a6a4-c79e5aa69523
2019-08-21 06:48:37,071 [pool-49-thread-1] INFO  server.RaftServerConfigKeys (ConfUtils.java:logGet(43)) - raft.server.rpc.timeout.min = 5s (custom)
2019-08-21 06:48:37,071 [IPC Server handler 1 on 38542] INFO  node.SCMNodeManager (SCMNodeManager.java:register(273)) - Registered Data node : 0262ecf8-6c8f-4ee4-a6a4-c79e5aa69523{ip: 192.168.69.91, host: trunk-nightly-9stkx-2366262011, networkLocation: /default-rack, certSerialId: null}
2019-08-21 06:48:37,071 [pool-49-thread-1] INFO  server.RaftServerConfigKeys (ConfUtils.java:logGet(43)) - raft.server.rpc.timeout.max = 5200ms (custom)
2019-08-21 06:48:37,072 [pool-49-thread-1] INFO  server.RaftServerConfigKeys (ConfUtils.java:logGet(43)) - raft.server.rpcslowness.timeout = 120s (custom)
2019-08-21 06:48:37,072 | INFO  | SCMAudit | user=jenkins1000 | ip=192.168.69.91 | op=REGISTER {datanodeDetails=0262ecf8-6c8f-4ee4-a6a4-c79e5aa69523{ip: 192.168.69.91, host: trunk-nightly-9stkx-2366262011, networkLocation: /default-rack, certSerialId: null}} | ret=SUCCESS |  
2019-08-21 06:48:37,072 [pool-49-thread-1] INFO  server.RaftServerConfigKeys (ConfUtils.java:logGet(43)) - raft.server.sleep.deviation.threshold = 300 (default)
2019-08-21 06:48:37,072 [pool-49-thread-1] INFO  server.RaftServerConfigKeys (ConfUtils.java:logGet(43)) - raft.server.log.appender.install.snapshot.enabled = false (custom)
2019-08-21 06:48:37,072 [pool-49-thread-1] INFO  impl.RaftServerImpl (ServerState.java:<init>(105)) - 37e73ba6-504c-42d6-9284-4cd48545e58f:group-BFF960FF887F ConfigurationManager, init=-1: [37e73ba6-504c-42d6-9284-4cd48545e58f:192.168.69.91:39695], old=null, confs=<EMPTY_MAP>
2019-08-21 06:48:37,072 [pool-49-thread-1] INFO  server.RaftServerConfigKeys (ConfUtils.java:logGet(43)) - raft.server.storage.dir = [/workdir/hadoop-ozone/integration-test/target/test-dir/MiniOzoneClusterImpl-ad9cffe4-d9dd-4d7e-9292-cb2a09e16687/datanode-2/data/ratis] (custom)
2019-08-21 06:48:37,073 [pool-49-thread-1] INFO  storage.RaftStorageDirectory (RaftStorageDirectory.java:analyzeStorage(246)) - The storage directory /workdir/hadoop-ozone/integration-test/target/test-dir/MiniOzoneClusterImpl-ad9cffe4-d9dd-4d7e-9292-cb2a09e16687/datanode-2/data/ratis/54e98705-9639-4b1b-b1de-bff960ff887f does not exist. Creating ...
2019-08-21 06:48:37,092 [pool-49-thread-1] INFO  storage.RaftStorageDirectory (RaftStorageDirectory.java:tryLock(328)) - Lock on /workdir/hadoop-ozone/integration-test/target/test-dir/MiniOzoneClusterImpl-ad9cffe4-d9dd-4d7e-9292-cb2a09e16687/datanode-2/data/ratis/54e98705-9639-4b1b-b1de-bff960ff887f/in_use.lock acquired by nodename 23833@trunk-nightly-9stkx-2366262011
2019-08-21 06:48:37,096 [pool-49-thread-1] INFO  storage.RaftStorage (RaftStorage.java:format(72)) - Storage directory /workdir/hadoop-ozone/integration-test/target/test-dir/MiniOzoneClusterImpl-ad9cffe4-d9dd-4d7e-9292-cb2a09e16687/datanode-2/data/ratis/54e98705-9639-4b1b-b1de-bff960ff887f has been successfully formatted.
2019-08-21 06:48:37,099 [pool-49-thread-1] INFO  ratis.ContainerStateMachine (ContainerStateMachine.java:loadSnapshot(226)) - group-BFF960FF887F: The snapshot info is null. Setting the last applied indexto:(t:0, i:~)
2019-08-21 06:48:37,101 [pool-49-thread-1] INFO  server.RaftServerConfigKeys (ConfUtils.java:logGet(43)) - raft.server.leader.election.timeout = 120s (custom)
2019-08-21 06:48:37,101 [pool-49-thread-1] INFO  server.RaftServerConfigKeys (ConfUtils.java:logGet(43)) - raft.server.log.use.memory = false (default)
2019-08-21 06:48:37,101 [pool-49-thread-1] INFO  server.RaftServerConfigKeys (ConfUtils.java:logGet(43)) - raft.server.log.purge.gap = 1000000 (custom)
2019-08-21 06:48:37,101 [pool-49-thread-1] INFO  server.RaftServerConfigKeys (ConfUtils.java:logGet(43)) - raft.server.log.appender.buffer.byte-limit = 33554432 (custom)
2019-08-21 06:48:37,101 [pool-49-thread-1] INFO  server.RaftServerConfigKeys (ConfUtils.java:logGet(43)) - raft.server.log.segment.size.max = 1048576 (custom)
2019-08-21 06:48:37,102 [pool-49-thread-1] INFO  server.RaftServerConfigKeys (ConfUtils.java:logGet(43)) - raft.server.log.segment.cache.num.max = 2 (custom)
2019-08-21 06:48:37,102 [pool-49-thread-1] INFO  segmented.SegmentedRaftLogWorker (SegmentedRaftLogWorker.java:<init>(172)) - new 37e73ba6-504c-42d6-9284-4cd48545e58f-SegmentedRaftLogWorker:Storage Directory /workdir/hadoop-ozone/integration-test/target/test-dir/MiniOzoneClusterImpl-ad9cffe4-d9dd-4d7e-9292-cb2a09e16687/datanode-2/data/ratis/54e98705-9639-4b1b-b1de-bff960ff887f for RaftStorage:Storage Directory /workdir/hadoop-ozone/integration-test/target/test-dir/MiniOzoneClusterImpl-ad9cffe4-d9dd-4d7e-9292-cb2a09e16687/datanode-2/data/ratis/54e98705-9639-4b1b-b1de-bff960ff887f
2019-08-21 06:48:37,104 [pool-49-thread-1] INFO  server.RaftServerConfigKeys (ConfUtils.java:logGet(43)) - raft.server.log.queue.byte-limit = 2147483647 (custom)
2019-08-21 06:48:37,104 [pool-49-thread-1] INFO  server.RaftServerConfigKeys (ConfUtils.java:logGet(43)) - raft.server.log.queue.element-limit = 1024 (custom)
2019-08-21 06:48:37,104 [pool-49-thread-1] INFO  server.RaftServerConfigKeys (ConfUtils.java:logGet(43)) - raft.server.log.segment.size.max = 1048576 (custom)
2019-08-21 06:48:37,105 [pool-49-thread-1] INFO  server.RaftServerConfigKeys (ConfUtils.java:logGet(43)) - raft.server.log.preallocated.size = 16384 (custom)
2019-08-21 06:48:37,105 [pool-49-thread-1] INFO  server.RaftServerConfigKeys (ConfUtils.java:logGet(43)) - raft.server.log.write.buffer.size = 33554432 (custom)
2019-08-21 06:48:37,105 [pool-49-thread-1] INFO  server.RaftServerConfigKeys (ConfUtils.java:logGet(43)) - raft.server.log.force.sync.num = 128 (default)
2019-08-21 06:48:37,105 [pool-49-thread-1] INFO  server.RaftServerConfigKeys (ConfUtils.java:logGet(43)) - raft.server.log.statemachine.data.sync = true (default)
2019-08-21 06:48:37,105 [pool-49-thread-1] INFO  server.RaftServerConfigKeys (ConfUtils.java:logGet(43)) - raft.server.log.statemachine.data.sync.timeout = 10s (default)
2019-08-21 06:48:37,106 [pool-49-thread-1] INFO  server.RaftServerConfigKeys (ConfUtils.java:logGet(43)) - raft.server.log.statemachine.data.sync.timeout.retry = -1 (default)
2019-08-21 06:48:37,106 [pool-49-thread-1] INFO  server.RaftServerConfigKeys (ConfUtils.java:logGet(43)) - raft.server.log.statemachine.data.caching.enabled = true (custom)
2019-08-21 06:48:37,107 [pool-49-thread-1] INFO  segmented.SegmentedRaftLogWorker (SegmentedRaftLogWorker.java:lambda$new$0(132)) - 37e73ba6-504c-42d6-9284-4cd48545e58f-SegmentedRaftLogWorker:Storage Directory /workdir/hadoop-ozone/integration-test/target/test-dir/MiniOzoneClusterImpl-ad9cffe4-d9dd-4d7e-9292-cb2a09e16687/datanode-2/data/ratis/54e98705-9639-4b1b-b1de-bff960ff887f: flushIndex: setUnconditionally 0 -> -1
2019-08-21 06:48:37,107 [pool-49-thread-1] INFO  server.RaftServerConfigKeys (ConfUtils.java:logGet(43)) - raft.server.snapshot.auto.trigger.enabled = true (custom)
2019-08-21 06:48:37,107 [pool-49-thread-1] INFO  server.RaftServerConfigKeys (ConfUtils.java:logGet(43)) - raft.server.snapshot.auto.trigger.threshold = 10000 (custom)
2019-08-21 06:48:37,107 [pool-49-thread-1] INFO  server.RaftServerConfigKeys (ConfUtils.java:logGet(43)) - raft.server.retrycache.expirytime = 600000ms (custom)
2019-08-21 06:48:37,108 [pool-49-thread-1] INFO  impl.RaftServerImpl (RaftServerImpl.java:start(180)) - 37e73ba6-504c-42d6-9284-4cd48545e58f: start group-BFF960FF887F
2019-08-21 06:48:37,108 [pool-49-thread-1] INFO  impl.RaftServerImpl (RaftServerImpl.java:setRole(171)) - 37e73ba6-504c-42d6-9284-4cd48545e58f:group-BFF960FF887F changes role from null to FOLLOWER at term 0 for startAsFollower
2019-08-21 06:48:37,108 [pool-49-thread-1] INFO  impl.RoleInfo (RoleInfo.java:updateAndGet(143)) - 37e73ba6-504c-42d6-9284-4cd48545e58f: start FollowerState
2019-08-21 06:48:37,111 [pool-49-thread-1] INFO  util.JmxRegister (JmxRegister.java:tryRegister(44)) - Successfully registered JMX Bean with object name Ratis:service=RaftServer,group=group-BFF960FF887F,id=37e73ba6-504c-42d6-9284-4cd48545e58f
2019-08-21 06:48:37,127 [RatisPipelineUtilsThread] INFO  pipeline.PipelineStateManager (PipelineStateManager.java:addPipeline(56)) - Created pipeline Pipeline[ Id: 54e98705-9639-4b1b-b1de-bff960ff887f, Nodes: 37e73ba6-504c-42d6-9284-4cd48545e58f{ip: 192.168.69.91, host: trunk-nightly-9stkx-2366262011, networkLocation: /default-rack, certSerialId: null}, Type:RATIS, Factor:ONE, State:OPEN]
2019-08-21 06:48:37,150 [grpc-default-executor-0] INFO  impl.RaftServerProxy (RaftServerProxy.java:addNew(89)) - 44d45b17-37a4-4814-9169-f3c994da35b8: addNew group-D20E492A3DA2:[44d45b17-37a4-4814-9169-f3c994da35b8:192.168.69.91:46114] returns group-D20E492A3DA2:java.util.concurrent.CompletableFuture@2395de85[Not completed]
2019-08-21 06:48:37,166 [pool-71-thread-1] INFO  impl.RaftServerImpl (RaftServerImpl.java:<init>(93)) - 44d45b17-37a4-4814-9169-f3c994da35b8: new RaftServerImpl for group-D20E492A3DA2:[44d45b17-37a4-4814-9169-f3c994da35b8:192.168.69.91:46114] with ContainerStateMachine:uninitialized
2019-08-21 06:48:37,166 [pool-71-thread-1] INFO  server.RaftServerConfigKeys (ConfUtils.java:logGet(43)) - raft.server.rpc.timeout.min = 5s (custom)
2019-08-21 06:48:37,166 [pool-71-thread-1] INFO  server.RaftServerConfigKeys (ConfUtils.java:logGet(43)) - raft.server.rpc.timeout.max = 5200ms (custom)
2019-08-21 06:48:37,167 [pool-71-thread-1] INFO  server.RaftServerConfigKeys (ConfUtils.java:logGet(43)) - raft.server.rpcslowness.timeout = 120s (custom)
2019-08-21 06:48:37,167 [pool-71-thread-1] INFO  server.RaftServerConfigKeys (ConfUtils.java:logGet(43)) - raft.server.sleep.deviation.threshold = 300 (default)
2019-08-21 06:48:37,167 [pool-71-thread-1] INFO  server.RaftServerConfigKeys (ConfUtils.java:logGet(43)) - raft.server.log.appender.install.snapshot.enabled = false (custom)
2019-08-21 06:48:37,167 [pool-71-thread-1] INFO  impl.RaftServerImpl (ServerState.java:<init>(105)) - 44d45b17-37a4-4814-9169-f3c994da35b8:group-D20E492A3DA2 ConfigurationManager, init=-1: [44d45b17-37a4-4814-9169-f3c994da35b8:192.168.69.91:46114], old=null, confs=<EMPTY_MAP>
2019-08-21 06:48:37,167 [pool-71-thread-1] INFO  server.RaftServerConfigKeys (ConfUtils.java:logGet(43)) - raft.server.storage.dir = [/workdir/hadoop-ozone/integration-test/target/test-dir/MiniOzoneClusterImpl-ad9cffe4-d9dd-4d7e-9292-cb2a09e16687/datanode-4/data/ratis] (custom)
2019-08-21 06:48:37,168 [pool-71-thread-1] INFO  storage.RaftStorageDirectory (RaftStorageDirectory.java:analyzeStorage(246)) - The storage directory /workdir/hadoop-ozone/integration-test/target/test-dir/MiniOzoneClusterImpl-ad9cffe4-d9dd-4d7e-9292-cb2a09e16687/datanode-4/data/ratis/d85dfc9b-f21b-433d-b42b-d20e492a3da2 does not exist. Creating ...
2019-08-21 06:48:37,181 [pool-71-thread-1] INFO  storage.RaftStorageDirectory (RaftStorageDirectory.java:tryLock(328)) - Lock on /workdir/hadoop-ozone/integration-test/target/test-dir/MiniOzoneClusterImpl-ad9cffe4-d9dd-4d7e-9292-cb2a09e16687/datanode-4/data/ratis/d85dfc9b-f21b-433d-b42b-d20e492a3da2/in_use.lock acquired by nodename 23833@trunk-nightly-9stkx-2366262011
2019-08-21 06:48:37,185 [pool-71-thread-1] INFO  storage.RaftStorage (RaftStorage.java:format(72)) - Storage directory /workdir/hadoop-ozone/integration-test/target/test-dir/MiniOzoneClusterImpl-ad9cffe4-d9dd-4d7e-9292-cb2a09e16687/datanode-4/data/ratis/d85dfc9b-f21b-433d-b42b-d20e492a3da2 has been successfully formatted.
2019-08-21 06:48:37,185 [pool-71-thread-1] INFO  ratis.ContainerStateMachine (ContainerStateMachine.java:loadSnapshot(226)) - group-D20E492A3DA2: The snapshot info is null. Setting the last applied indexto:(t:0, i:~)
2019-08-21 06:48:37,186 [pool-71-thread-1] INFO  server.RaftServerConfigKeys (ConfUtils.java:logGet(43)) - raft.server.leader.election.timeout = 120s (custom)
2019-08-21 06:48:37,186 [pool-71-thread-1] INFO  server.RaftServerConfigKeys (ConfUtils.java:logGet(43)) - raft.server.log.use.memory = false (default)
2019-08-21 06:48:37,186 [pool-71-thread-1] INFO  server.RaftServerConfigKeys (ConfUtils.java:logGet(43)) - raft.server.log.purge.gap = 1000000 (custom)
2019-08-21 06:48:37,186 [pool-71-thread-1] INFO  server.RaftServerConfigKeys (ConfUtils.java:logGet(43)) - raft.server.log.appender.buffer.byte-limit = 33554432 (custom)
2019-08-21 06:48:37,186 [pool-71-thread-1] INFO  server.RaftServerConfigKeys (ConfUtils.java:logGet(43)) - raft.server.log.segment.size.max = 1048576 (custom)
2019-08-21 06:48:37,187 [pool-71-thread-1] INFO  server.RaftServerConfigKeys (ConfUtils.java:logGet(43)) - raft.server.log.segment.cache.num.max = 2 (custom)
2019-08-21 06:48:37,187 [pool-71-thread-1] INFO  segmented.SegmentedRaftLogWorker (SegmentedRaftLogWorker.java:<init>(172)) - new 44d45b17-37a4-4814-9169-f3c994da35b8-SegmentedRaftLogWorker:Storage Directory /workdir/hadoop-ozone/integration-test/target/test-dir/MiniOzoneClusterImpl-ad9cffe4-d9dd-4d7e-9292-cb2a09e16687/datanode-4/data/ratis/d85dfc9b-f21b-433d-b42b-d20e492a3da2 for RaftStorage:Storage Directory /workdir/hadoop-ozone/integration-test/target/test-dir/MiniOzoneClusterImpl-ad9cffe4-d9dd-4d7e-9292-cb2a09e16687/datanode-4/data/ratis/d85dfc9b-f21b-433d-b42b-d20e492a3da2
2019-08-21 06:48:37,187 [pool-71-thread-1] INFO  server.RaftServerConfigKeys (ConfUtils.java:logGet(43)) - raft.server.log.queue.byte-limit = 2147483647 (custom)
2019-08-21 06:48:37,187 [pool-71-thread-1] INFO  server.RaftServerConfigKeys (ConfUtils.java:logGet(43)) - raft.server.log.queue.element-limit = 1024 (custom)
2019-08-21 06:48:37,188 [pool-71-thread-1] INFO  server.RaftServerConfigKeys (ConfUtils.java:logGet(43)) - raft.server.log.segment.size.max = 1048576 (custom)
2019-08-21 06:48:37,188 [pool-71-thread-1] INFO  server.RaftServerConfigKeys (ConfUtils.java:logGet(43)) - raft.server.log.preallocated.size = 16384 (custom)
2019-08-21 06:48:37,188 [pool-71-thread-1] INFO  server.RaftServerConfigKeys (ConfUtils.java:logGet(43)) - raft.server.log.write.buffer.size = 33554432 (custom)
2019-08-21 06:48:37,188 [pool-71-thread-1] INFO  server.RaftServerConfigKeys (ConfUtils.java:logGet(43)) - raft.server.log.force.sync.num = 128 (default)
2019-08-21 06:48:37,188 [pool-71-thread-1] INFO  server.RaftServerConfigKeys (ConfUtils.java:logGet(43)) - raft.server.log.statemachine.data.sync = true (default)
2019-08-21 06:48:37,189 [pool-71-thread-1] INFO  server.RaftServerConfigKeys (ConfUtils.java:logGet(43)) - raft.server.log.statemachine.data.sync.timeout = 10s (default)
2019-08-21 06:48:37,189 [pool-71-thread-1] INFO  server.RaftServerConfigKeys (ConfUtils.java:logGet(43)) - raft.server.log.statemachine.data.sync.timeout.retry = -1 (default)
2019-08-21 06:48:37,189 [pool-71-thread-1] INFO  server.RaftServerConfigKeys (ConfUtils.java:logGet(43)) - raft.server.log.statemachine.data.caching.enabled = true (custom)
2019-08-21 06:48:37,190 [pool-71-thread-1] INFO  segmented.SegmentedRaftLogWorker (SegmentedRaftLogWorker.java:lambda$new$0(132)) - 44d45b17-37a4-4814-9169-f3c994da35b8-SegmentedRaftLogWorker:Storage Directory /workdir/hadoop-ozone/integration-test/target/test-dir/MiniOzoneClusterImpl-ad9cffe4-d9dd-4d7e-9292-cb2a09e16687/datanode-4/data/ratis/d85dfc9b-f21b-433d-b42b-d20e492a3da2: flushIndex: setUnconditionally 0 -> -1
2019-08-21 06:48:37,190 [pool-71-thread-1] INFO  server.RaftServerConfigKeys (ConfUtils.java:logGet(43)) - raft.server.snapshot.auto.trigger.enabled = true (custom)
2019-08-21 06:48:37,190 [pool-71-thread-1] INFO  server.RaftServerConfigKeys (ConfUtils.java:logGet(43)) - raft.server.snapshot.auto.trigger.threshold = 10000 (custom)
2019-08-21 06:48:37,191 [pool-71-thread-1] INFO  server.RaftServerConfigKeys (ConfUtils.java:logGet(43)) - raft.server.retrycache.expirytime = 600000ms (custom)
2019-08-21 06:48:37,191 [pool-71-thread-1] INFO  impl.RaftServerImpl (RaftServerImpl.java:start(180)) - 44d45b17-37a4-4814-9169-f3c994da35b8: start group-D20E492A3DA2
2019-08-21 06:48:37,191 [pool-71-thread-1] INFO  impl.RaftServerImpl (RaftServerImpl.java:setRole(171)) - 44d45b17-37a4-4814-9169-f3c994da35b8:group-D20E492A3DA2 changes role from null to FOLLOWER at term 0 for startAsFollower
2019-08-21 06:48:37,191 [pool-71-thread-1] INFO  impl.RoleInfo (RoleInfo.java:updateAndGet(143)) - 44d45b17-37a4-4814-9169-f3c994da35b8: start FollowerState
2019-08-21 06:48:37,192 [pool-71-thread-1] INFO  util.JmxRegister (JmxRegister.java:tryRegister(44)) - Successfully registered JMX Bean with object name Ratis:service=RaftServer,group=group-D20E492A3DA2,id=44d45b17-37a4-4814-9169-f3c994da35b8
2019-08-21 06:48:37,207 [RatisPipelineUtilsThread] INFO  pipeline.PipelineStateManager (PipelineStateManager.java:addPipeline(56)) - Created pipeline Pipeline[ Id: d85dfc9b-f21b-433d-b42b-d20e492a3da2, Nodes: 44d45b17-37a4-4814-9169-f3c994da35b8{ip: 192.168.69.91, host: trunk-nightly-9stkx-2366262011, networkLocation: /default-rack, certSerialId: null}, Type:RATIS, Factor:ONE, State:OPEN]
2019-08-21 06:48:37,234 [grpc-default-executor-0] INFO  impl.RaftServerProxy (RaftServerProxy.java:addNew(89)) - 8a76d8a0-f4e7-4941-9f78-0189fbf176ec: addNew group-CA019E95E328:[8a76d8a0-f4e7-4941-9f78-0189fbf176ec:192.168.69.91:38116] returns group-CA019E95E328:java.util.concurrent.CompletableFuture@66839ce6[Not completed]
2019-08-21 06:48:37,236 [pool-38-thread-1] INFO  impl.RaftServerImpl (RaftServerImpl.java:<init>(93)) - 8a76d8a0-f4e7-4941-9f78-0189fbf176ec: new RaftServerImpl for group-CA019E95E328:[8a76d8a0-f4e7-4941-9f78-0189fbf176ec:192.168.69.91:38116] with ContainerStateMachine:uninitialized
2019-08-21 06:48:37,236 [pool-38-thread-1] INFO  server.RaftServerConfigKeys (ConfUtils.java:logGet(43)) - raft.server.rpc.timeout.min = 5s (custom)
2019-08-21 06:48:37,237 [pool-38-thread-1] INFO  server.RaftServerConfigKeys (ConfUtils.java:logGet(43)) - raft.server.rpc.timeout.max = 5200ms (custom)
2019-08-21 06:48:37,237 [pool-38-thread-1] INFO  server.RaftServerConfigKeys (ConfUtils.java:logGet(43)) - raft.server.rpcslowness.timeout = 120s (custom)
2019-08-21 06:48:37,237 [pool-38-thread-1] INFO  server.RaftServerConfigKeys (ConfUtils.java:logGet(43)) - raft.server.sleep.deviation.threshold = 300 (default)
2019-08-21 06:48:37,237 [pool-38-thread-1] INFO  server.RaftServerConfigKeys (ConfUtils.java:logGet(43)) - raft.server.log.appender.install.snapshot.enabled = false (custom)
2019-08-21 06:48:37,237 [pool-38-thread-1] INFO  impl.RaftServerImpl (ServerState.java:<init>(105)) - 8a76d8a0-f4e7-4941-9f78-0189fbf176ec:group-CA019E95E328 ConfigurationManager, init=-1: [8a76d8a0-f4e7-4941-9f78-0189fbf176ec:192.168.69.91:38116], old=null, confs=<EMPTY_MAP>
2019-08-21 06:48:37,237 [pool-38-thread-1] INFO  server.RaftServerConfigKeys (ConfUtils.java:logGet(43)) - raft.server.storage.dir = [/workdir/hadoop-ozone/integration-test/target/test-dir/MiniOzoneClusterImpl-ad9cffe4-d9dd-4d7e-9292-cb2a09e16687/datanode-1/data/ratis] (custom)
2019-08-21 06:48:37,238 [pool-38-thread-1] INFO  storage.RaftStorageDirectory (RaftStorageDirectory.java:analyzeStorage(246)) - The storage directory /workdir/hadoop-ozone/integration-test/target/test-dir/MiniOzoneClusterImpl-ad9cffe4-d9dd-4d7e-9292-cb2a09e16687/datanode-1/data/ratis/5b57d4a4-9e0d-4faf-9b9d-ca019e95e328 does not exist. Creating ...
2019-08-21 06:48:37,250 [pool-38-thread-1] INFO  storage.RaftStorageDirectory (RaftStorageDirectory.java:tryLock(328)) - Lock on /workdir/hadoop-ozone/integration-test/target/test-dir/MiniOzoneClusterImpl-ad9cffe4-d9dd-4d7e-9292-cb2a09e16687/datanode-1/data/ratis/5b57d4a4-9e0d-4faf-9b9d-ca019e95e328/in_use.lock acquired by nodename 23833@trunk-nightly-9stkx-2366262011
2019-08-21 06:48:37,254 [pool-38-thread-1] INFO  storage.RaftStorage (RaftStorage.java:format(72)) - Storage directory /workdir/hadoop-ozone/integration-test/target/test-dir/MiniOzoneClusterImpl-ad9cffe4-d9dd-4d7e-9292-cb2a09e16687/datanode-1/data/ratis/5b57d4a4-9e0d-4faf-9b9d-ca019e95e328 has been successfully formatted.
2019-08-21 06:48:37,254 [pool-38-thread-1] INFO  ratis.ContainerStateMachine (ContainerStateMachine.java:loadSnapshot(226)) - group-CA019E95E328: The snapshot info is null. Setting the last applied indexto:(t:0, i:~)
2019-08-21 06:48:37,255 [pool-38-thread-1] INFO  server.RaftServerConfigKeys (ConfUtils.java:logGet(43)) - raft.server.leader.election.timeout = 120s (custom)
2019-08-21 06:48:37,255 [pool-38-thread-1] INFO  server.RaftServerConfigKeys (ConfUtils.java:logGet(43)) - raft.server.log.use.memory = false (default)
2019-08-21 06:48:37,255 [pool-38-thread-1] INFO  server.RaftServerConfigKeys (ConfUtils.java:logGet(43)) - raft.server.log.purge.gap = 1000000 (custom)
2019-08-21 06:48:37,255 [pool-38-thread-1] INFO  server.RaftServerConfigKeys (ConfUtils.java:logGet(43)) - raft.server.log.appender.buffer.byte-limit = 33554432 (custom)
2019-08-21 06:48:37,255 [pool-38-thread-1] INFO  server.RaftServerConfigKeys (ConfUtils.java:logGet(43)) - raft.server.log.segment.size.max = 1048576 (custom)
2019-08-21 06:48:37,255 [pool-38-thread-1] INFO  server.RaftServerConfigKeys (ConfUtils.java:logGet(43)) - raft.server.log.segment.cache.num.max = 2 (custom)
2019-08-21 06:48:37,256 [pool-38-thread-1] INFO  segmented.SegmentedRaftLogWorker (SegmentedRaftLogWorker.java:<init>(172)) - new 8a76d8a0-f4e7-4941-9f78-0189fbf176ec-SegmentedRaftLogWorker:Storage Directory /workdir/hadoop-ozone/integration-test/target/test-dir/MiniOzoneClusterImpl-ad9cffe4-d9dd-4d7e-9292-cb2a09e16687/datanode-1/data/ratis/5b57d4a4-9e0d-4faf-9b9d-ca019e95e328 for RaftStorage:Storage Directory /workdir/hadoop-ozone/integration-test/target/test-dir/MiniOzoneClusterImpl-ad9cffe4-d9dd-4d7e-9292-cb2a09e16687/datanode-1/data/ratis/5b57d4a4-9e0d-4faf-9b9d-ca019e95e328
2019-08-21 06:48:37,256 [pool-38-thread-1] INFO  server.RaftServerConfigKeys (ConfUtils.java:logGet(43)) - raft.server.log.queue.byte-limit = 2147483647 (custom)
2019-08-21 06:48:37,256 [pool-38-thread-1] INFO  server.RaftServerConfigKeys (ConfUtils.java:logGet(43)) - raft.server.log.queue.element-limit = 1024 (custom)
2019-08-21 06:48:37,256 [pool-38-thread-1] INFO  server.RaftServerConfigKeys (ConfUtils.java:logGet(43)) - raft.server.log.segment.size.max = 1048576 (custom)
2019-08-21 06:48:37,257 [pool-38-thread-1] INFO  server.RaftServerConfigKeys (ConfUtils.java:logGet(43)) - raft.server.log.preallocated.size = 16384 (custom)
2019-08-21 06:48:37,257 [pool-38-thread-1] INFO  server.RaftServerConfigKeys (ConfUtils.java:logGet(43)) - raft.server.log.write.buffer.size = 33554432 (custom)
2019-08-21 06:48:37,257 [pool-38-thread-1] INFO  server.RaftServerConfigKeys (ConfUtils.java:logGet(43)) - raft.server.log.force.sync.num = 128 (default)
2019-08-21 06:48:37,257 [pool-38-thread-1] INFO  server.RaftServerConfigKeys (ConfUtils.java:logGet(43)) - raft.server.log.statemachine.data.sync = true (default)
2019-08-21 06:48:37,257 [pool-38-thread-1] INFO  server.RaftServerConfigKeys (ConfUtils.java:logGet(43)) - raft.server.log.statemachine.data.sync.timeout = 10s (default)
2019-08-21 06:48:37,257 [pool-38-thread-1] INFO  server.RaftServerConfigKeys (ConfUtils.java:logGet(43)) - raft.server.log.statemachine.data.sync.timeout.retry = -1 (default)
2019-08-21 06:48:37,258 [pool-38-thread-1] INFO  server.RaftServerConfigKeys (ConfUtils.java:logGet(43)) - raft.server.log.statemachine.data.caching.enabled = true (custom)
2019-08-21 06:48:37,258 [pool-38-thread-1] INFO  segmented.SegmentedRaftLogWorker (SegmentedRaftLogWorker.java:lambda$new$0(132)) - 8a76d8a0-f4e7-4941-9f78-0189fbf176ec-SegmentedRaftLogWorker:Storage Directory /workdir/hadoop-ozone/integration-test/target/test-dir/MiniOzoneClusterImpl-ad9cffe4-d9dd-4d7e-9292-cb2a09e16687/datanode-1/data/ratis/5b57d4a4-9e0d-4faf-9b9d-ca019e95e328: flushIndex: setUnconditionally 0 -> -1
2019-08-21 06:48:37,259 [pool-38-thread-1] INFO  server.RaftServerConfigKeys (ConfUtils.java:logGet(43)) - raft.server.snapshot.auto.trigger.enabled = true (custom)
2019-08-21 06:48:37,259 [pool-38-thread-1] INFO  server.RaftServerConfigKeys (ConfUtils.java:logGet(43)) - raft.server.snapshot.auto.trigger.threshold = 10000 (custom)
2019-08-21 06:48:37,259 [pool-38-thread-1] INFO  server.RaftServerConfigKeys (ConfUtils.java:logGet(43)) - raft.server.retrycache.expirytime = 600000ms (custom)
2019-08-21 06:48:37,259 [pool-38-thread-1] INFO  impl.RaftServerImpl (RaftServerImpl.java:start(180)) - 8a76d8a0-f4e7-4941-9f78-0189fbf176ec: start group-CA019E95E328
2019-08-21 06:48:37,259 [pool-38-thread-1] INFO  impl.RaftServerImpl (RaftServerImpl.java:setRole(171)) - 8a76d8a0-f4e7-4941-9f78-0189fbf176ec:group-CA019E95E328 changes role from null to FOLLOWER at term 0 for startAsFollower
2019-08-21 06:48:37,259 [pool-38-thread-1] INFO  impl.RoleInfo (RoleInfo.java:updateAndGet(143)) - 8a76d8a0-f4e7-4941-9f78-0189fbf176ec: start FollowerState
2019-08-21 06:48:37,260 [pool-38-thread-1] INFO  util.JmxRegister (JmxRegister.java:tryRegister(44)) - Successfully registered JMX Bean with object name Ratis:service=RaftServer,group=group-CA019E95E328,id=8a76d8a0-f4e7-4941-9f78-0189fbf176ec
2019-08-21 06:48:37,272 [RatisPipelineUtilsThread] INFO  pipeline.PipelineStateManager (PipelineStateManager.java:addPipeline(56)) - Created pipeline Pipeline[ Id: 5b57d4a4-9e0d-4faf-9b9d-ca019e95e328, Nodes: 8a76d8a0-f4e7-4941-9f78-0189fbf176ec{ip: 192.168.69.91, host: trunk-nightly-9stkx-2366262011, networkLocation: /default-rack, certSerialId: null}, Type:RATIS, Factor:ONE, State:OPEN]
2019-08-21 06:48:37,292 [grpc-default-executor-0] INFO  impl.RaftServerProxy (RaftServerProxy.java:addNew(89)) - ac838652-17da-43f9-b098-84edc167383c: addNew group-A80CB7A0EDFD:[ac838652-17da-43f9-b098-84edc167383c:192.168.69.91:46229] returns group-A80CB7A0EDFD:java.util.concurrent.CompletableFuture@a3c4e81[Not completed]
2019-08-21 06:48:37,294 [pool-60-thread-1] INFO  impl.RaftServerImpl (RaftServerImpl.java:<init>(93)) - ac838652-17da-43f9-b098-84edc167383c: new RaftServerImpl for group-A80CB7A0EDFD:[ac838652-17da-43f9-b098-84edc167383c:192.168.69.91:46229] with ContainerStateMachine:uninitialized
2019-08-21 06:48:37,295 [pool-60-thread-1] INFO  server.RaftServerConfigKeys (ConfUtils.java:logGet(43)) - raft.server.rpc.timeout.min = 5s (custom)
2019-08-21 06:48:37,295 [pool-60-thread-1] INFO  server.RaftServerConfigKeys (ConfUtils.java:logGet(43)) - raft.server.rpc.timeout.max = 5200ms (custom)
2019-08-21 06:48:37,295 [pool-60-thread-1] INFO  server.RaftServerConfigKeys (ConfUtils.java:logGet(43)) - raft.server.rpcslowness.timeout = 120s (custom)
2019-08-21 06:48:37,295 [pool-60-thread-1] INFO  server.RaftServerConfigKeys (ConfUtils.java:logGet(43)) - raft.server.sleep.deviation.threshold = 300 (default)
2019-08-21 06:48:37,295 [pool-60-thread-1] INFO  server.RaftServerConfigKeys (ConfUtils.java:logGet(43)) - raft.server.log.appender.install.snapshot.enabled = false (custom)
2019-08-21 06:48:37,295 [pool-60-thread-1] INFO  impl.RaftServerImpl (ServerState.java:<init>(105)) - ac838652-17da-43f9-b098-84edc167383c:group-A80CB7A0EDFD ConfigurationManager, init=-1: [ac838652-17da-43f9-b098-84edc167383c:192.168.69.91:46229], old=null, confs=<EMPTY_MAP>
2019-08-21 06:48:37,295 [pool-60-thread-1] INFO  server.RaftServerConfigKeys (ConfUtils.java:logGet(43)) - raft.server.storage.dir = [/workdir/hadoop-ozone/integration-test/target/test-dir/MiniOzoneClusterImpl-ad9cffe4-d9dd-4d7e-9292-cb2a09e16687/datanode-3/data/ratis] (custom)
2019-08-21 06:48:37,296 [pool-60-thread-1] INFO  storage.RaftStorageDirectory (RaftStorageDirectory.java:analyzeStorage(246)) - The storage directory /workdir/hadoop-ozone/integration-test/target/test-dir/MiniOzoneClusterImpl-ad9cffe4-d9dd-4d7e-9292-cb2a09e16687/datanode-3/data/ratis/06f05c27-9f99-47b0-81e5-a80cb7a0edfd does not exist. Creating ...
2019-08-21 06:48:37,300 [pool-60-thread-1] INFO  storage.RaftStorageDirectory (RaftStorageDirectory.java:tryLock(328)) - Lock on /workdir/hadoop-ozone/integration-test/target/test-dir/MiniOzoneClusterImpl-ad9cffe4-d9dd-4d7e-9292-cb2a09e16687/datanode-3/data/ratis/06f05c27-9f99-47b0-81e5-a80cb7a0edfd/in_use.lock acquired by nodename 23833@trunk-nightly-9stkx-2366262011
2019-08-21 06:48:37,304 [pool-60-thread-1] INFO  storage.RaftStorage (RaftStorage.java:format(72)) - Storage directory /workdir/hadoop-ozone/integration-test/target/test-dir/MiniOzoneClusterImpl-ad9cffe4-d9dd-4d7e-9292-cb2a09e16687/datanode-3/data/ratis/06f05c27-9f99-47b0-81e5-a80cb7a0edfd has been successfully formatted.
2019-08-21 06:48:37,304 [pool-60-thread-1] INFO  ratis.ContainerStateMachine (ContainerStateMachine.java:loadSnapshot(226)) - group-A80CB7A0EDFD: The snapshot info is null. Setting the last applied indexto:(t:0, i:~)
2019-08-21 06:48:37,304 [pool-60-thread-1] INFO  server.RaftServerConfigKeys (ConfUtils.java:logGet(43)) - raft.server.leader.election.timeout = 120s (custom)
2019-08-21 06:48:37,305 [pool-60-thread-1] INFO  server.RaftServerConfigKeys (ConfUtils.java:logGet(43)) - raft.server.log.use.memory = false (default)
2019-08-21 06:48:37,305 [pool-60-thread-1] INFO  server.RaftServerConfigKeys (ConfUtils.java:logGet(43)) - raft.server.log.purge.gap = 1000000 (custom)
2019-08-21 06:48:37,305 [pool-60-thread-1] INFO  server.RaftServerConfigKeys (ConfUtils.java:logGet(43)) - raft.server.log.appender.buffer.byte-limit = 33554432 (custom)
2019-08-21 06:48:37,305 [pool-60-thread-1] INFO  server.RaftServerConfigKeys (ConfUtils.java:logGet(43)) - raft.server.log.segment.size.max = 1048576 (custom)
2019-08-21 06:48:37,305 [pool-60-thread-1] INFO  server.RaftServerConfigKeys (ConfUtils.java:logGet(43)) - raft.server.log.segment.cache.num.max = 2 (custom)
2019-08-21 06:48:37,306 [pool-60-thread-1] INFO  segmented.SegmentedRaftLogWorker (SegmentedRaftLogWorker.java:<init>(172)) - new ac838652-17da-43f9-b098-84edc167383c-SegmentedRaftLogWorker:Storage Directory /workdir/hadoop-ozone/integration-test/target/test-dir/MiniOzoneClusterImpl-ad9cffe4-d9dd-4d7e-9292-cb2a09e16687/datanode-3/data/ratis/06f05c27-9f99-47b0-81e5-a80cb7a0edfd for RaftStorage:Storage Directory /workdir/hadoop-ozone/integration-test/target/test-dir/MiniOzoneClusterImpl-ad9cffe4-d9dd-4d7e-9292-cb2a09e16687/datanode-3/data/ratis/06f05c27-9f99-47b0-81e5-a80cb7a0edfd
2019-08-21 06:48:37,306 [pool-60-thread-1] INFO  server.RaftServerConfigKeys (ConfUtils.java:logGet(43)) - raft.server.log.queue.byte-limit = 2147483647 (custom)
2019-08-21 06:48:37,306 [pool-60-thread-1] INFO  server.RaftServerConfigKeys (ConfUtils.java:logGet(43)) - raft.server.log.queue.element-limit = 1024 (custom)
2019-08-21 06:48:37,306 [pool-60-thread-1] INFO  server.RaftServerConfigKeys (ConfUtils.java:logGet(43)) - raft.server.log.segment.size.max = 1048576 (custom)
2019-08-21 06:48:37,306 [pool-60-thread-1] INFO  server.RaftServerConfigKeys (ConfUtils.java:logGet(43)) - raft.server.log.preallocated.size = 16384 (custom)
2019-08-21 06:48:37,307 [pool-60-thread-1] INFO  server.RaftServerConfigKeys (ConfUtils.java:logGet(43)) - raft.server.log.write.buffer.size = 33554432 (custom)
2019-08-21 06:48:37,307 [pool-60-thread-1] INFO  server.RaftServerConfigKeys (ConfUtils.java:logGet(43)) - raft.server.log.force.sync.num = 128 (default)
2019-08-21 06:48:37,307 [pool-60-thread-1] INFO  server.RaftServerConfigKeys (ConfUtils.java:logGet(43)) - raft.server.log.statemachine.data.sync = true (default)
2019-08-21 06:48:37,307 [pool-60-thread-1] INFO  server.RaftServerConfigKeys (ConfUtils.java:logGet(43)) - raft.server.log.statemachine.data.sync.timeout = 10s (default)
2019-08-21 06:48:37,307 [pool-60-thread-1] INFO  server.RaftServerConfigKeys (ConfUtils.java:logGet(43)) - raft.server.log.statemachine.data.sync.timeout.retry = -1 (default)
2019-08-21 06:48:37,308 [pool-60-thread-1] INFO  server.RaftServerConfigKeys (ConfUtils.java:logGet(43)) - raft.server.log.statemachine.data.caching.enabled = true (custom)
2019-08-21 06:48:37,308 [pool-60-thread-1] INFO  segmented.SegmentedRaftLogWorker (SegmentedRaftLogWorker.java:lambda$new$0(132)) - ac838652-17da-43f9-b098-84edc167383c-SegmentedRaftLogWorker:Storage Directory /workdir/hadoop-ozone/integration-test/target/test-dir/MiniOzoneClusterImpl-ad9cffe4-d9dd-4d7e-9292-cb2a09e16687/datanode-3/data/ratis/06f05c27-9f99-47b0-81e5-a80cb7a0edfd: flushIndex: setUnconditionally 0 -> -1
2019-08-21 06:48:37,309 [pool-60-thread-1] INFO  server.RaftServerConfigKeys (ConfUtils.java:logGet(43)) - raft.server.snapshot.auto.trigger.enabled = true (custom)
2019-08-21 06:48:37,309 [pool-60-thread-1] INFO  server.RaftServerConfigKeys (ConfUtils.java:logGet(43)) - raft.server.snapshot.auto.trigger.threshold = 10000 (custom)
2019-08-21 06:48:37,309 [pool-60-thread-1] INFO  server.RaftServerConfigKeys (ConfUtils.java:logGet(43)) - raft.server.retrycache.expirytime = 600000ms (custom)
2019-08-21 06:48:37,309 [pool-60-thread-1] INFO  impl.RaftServerImpl (RaftServerImpl.java:start(180)) - ac838652-17da-43f9-b098-84edc167383c: start group-A80CB7A0EDFD
2019-08-21 06:48:37,309 [pool-60-thread-1] INFO  impl.RaftServerImpl (RaftServerImpl.java:setRole(171)) - ac838652-17da-43f9-b098-84edc167383c:group-A80CB7A0EDFD changes role from null to FOLLOWER at term 0 for startAsFollower
2019-08-21 06:48:37,310 [pool-60-thread-1] INFO  impl.RoleInfo (RoleInfo.java:updateAndGet(143)) - ac838652-17da-43f9-b098-84edc167383c: start FollowerState
2019-08-21 06:48:37,310 [pool-60-thread-1] INFO  util.JmxRegister (JmxRegister.java:tryRegister(44)) - Successfully registered JMX Bean with object name Ratis:service=RaftServer,group=group-A80CB7A0EDFD,id=ac838652-17da-43f9-b098-84edc167383c
2019-08-21 06:48:37,321 [RatisPipelineUtilsThread] INFO  pipeline.PipelineStateManager (PipelineStateManager.java:addPipeline(56)) - Created pipeline Pipeline[ Id: 06f05c27-9f99-47b0-81e5-a80cb7a0edfd, Nodes: ac838652-17da-43f9-b098-84edc167383c{ip: 192.168.69.91, host: trunk-nightly-9stkx-2366262011, networkLocation: /default-rack, certSerialId: null}, Type:RATIS, Factor:ONE, State:OPEN]
2019-08-21 06:48:37,345 [grpc-default-executor-0] INFO  impl.RaftServerProxy (RaftServerProxy.java:addNew(89)) - 0262ecf8-6c8f-4ee4-a6a4-c79e5aa69523: addNew group-9A1A706A08FA:[0262ecf8-6c8f-4ee4-a6a4-c79e5aa69523:192.168.69.91:46230] returns group-9A1A706A08FA:java.util.concurrent.CompletableFuture@776bae02[Not completed]
2019-08-21 06:48:37,348 [pool-82-thread-1] INFO  impl.RaftServerImpl (RaftServerImpl.java:<init>(93)) - 0262ecf8-6c8f-4ee4-a6a4-c79e5aa69523: new RaftServerImpl for group-9A1A706A08FA:[0262ecf8-6c8f-4ee4-a6a4-c79e5aa69523:192.168.69.91:46230] with ContainerStateMachine:uninitialized
2019-08-21 06:48:37,349 [pool-82-thread-1] INFO  server.RaftServerConfigKeys (ConfUtils.java:logGet(43)) - raft.server.rpc.timeout.min = 5s (custom)
2019-08-21 06:48:37,349 [pool-82-thread-1] INFO  server.RaftServerConfigKeys (ConfUtils.java:logGet(43)) - raft.server.rpc.timeout.max = 5200ms (custom)
2019-08-21 06:48:37,349 [pool-82-thread-1] INFO  server.RaftServerConfigKeys (ConfUtils.java:logGet(43)) - raft.server.rpcslowness.timeout = 120s (custom)
2019-08-21 06:48:37,349 [pool-82-thread-1] INFO  server.RaftServerConfigKeys (ConfUtils.java:logGet(43)) - raft.server.sleep.deviation.threshold = 300 (default)
2019-08-21 06:48:37,349 [pool-82-thread-1] INFO  server.RaftServerConfigKeys (ConfUtils.java:logGet(43)) - raft.server.log.appender.install.snapshot.enabled = false (custom)
2019-08-21 06:48:37,349 [pool-82-thread-1] INFO  impl.RaftServerImpl (ServerState.java:<init>(105)) - 0262ecf8-6c8f-4ee4-a6a4-c79e5aa69523:group-9A1A706A08FA ConfigurationManager, init=-1: [0262ecf8-6c8f-4ee4-a6a4-c79e5aa69523:192.168.69.91:46230], old=null, confs=<EMPTY_MAP>
2019-08-21 06:48:37,350 [pool-82-thread-1] INFO  server.RaftServerConfigKeys (ConfUtils.java:logGet(43)) - raft.server.storage.dir = [/workdir/hadoop-ozone/integration-test/target/test-dir/MiniOzoneClusterImpl-ad9cffe4-d9dd-4d7e-9292-cb2a09e16687/datanode-5/data/ratis] (custom)
2019-08-21 06:48:37,350 [pool-82-thread-1] INFO  storage.RaftStorageDirectory (RaftStorageDirectory.java:analyzeStorage(246)) - The storage directory /workdir/hadoop-ozone/integration-test/target/test-dir/MiniOzoneClusterImpl-ad9cffe4-d9dd-4d7e-9292-cb2a09e16687/datanode-5/data/ratis/7c2b6be7-ba97-478e-9562-9a1a706a08fa does not exist. Creating ...
2019-08-21 06:48:37,362 [pool-82-thread-1] INFO  storage.RaftStorageDirectory (RaftStorageDirectory.java:tryLock(328)) - Lock on /workdir/hadoop-ozone/integration-test/target/test-dir/MiniOzoneClusterImpl-ad9cffe4-d9dd-4d7e-9292-cb2a09e16687/datanode-5/data/ratis/7c2b6be7-ba97-478e-9562-9a1a706a08fa/in_use.lock acquired by nodename 23833@trunk-nightly-9stkx-2366262011
2019-08-21 06:48:37,375 [pool-82-thread-1] INFO  storage.RaftStorage (RaftStorage.java:format(72)) - Storage directory /workdir/hadoop-ozone/integration-test/target/test-dir/MiniOzoneClusterImpl-ad9cffe4-d9dd-4d7e-9292-cb2a09e16687/datanode-5/data/ratis/7c2b6be7-ba97-478e-9562-9a1a706a08fa has been successfully formatted.
2019-08-21 06:48:37,376 [pool-82-thread-1] INFO  ratis.ContainerStateMachine (ContainerStateMachine.java:loadSnapshot(226)) - group-9A1A706A08FA: The snapshot info is null. Setting the last applied indexto:(t:0, i:~)
2019-08-21 06:48:37,376 [pool-82-thread-1] INFO  server.RaftServerConfigKeys (ConfUtils.java:logGet(43)) - raft.server.leader.election.timeout = 120s (custom)
2019-08-21 06:48:37,376 [pool-82-thread-1] INFO  server.RaftServerConfigKeys (ConfUtils.java:logGet(43)) - raft.server.log.use.memory = false (default)
2019-08-21 06:48:37,377 [pool-82-thread-1] INFO  server.RaftServerConfigKeys (ConfUtils.java:logGet(43)) - raft.server.log.purge.gap = 1000000 (custom)
2019-08-21 06:48:37,377 [pool-82-thread-1] INFO  server.RaftServerConfigKeys (ConfUtils.java:logGet(43)) - raft.server.log.appender.buffer.byte-limit = 33554432 (custom)
2019-08-21 06:48:37,377 [pool-82-thread-1] INFO  server.RaftServerConfigKeys (ConfUtils.java:logGet(43)) - raft.server.log.segment.size.max = 1048576 (custom)
2019-08-21 06:48:37,377 [pool-82-thread-1] INFO  server.RaftServerConfigKeys (ConfUtils.java:logGet(43)) - raft.server.log.segment.cache.num.max = 2 (custom)
2019-08-21 06:48:37,377 [pool-82-thread-1] INFO  segmented.SegmentedRaftLogWorker (SegmentedRaftLogWorker.java:<init>(172)) - new 0262ecf8-6c8f-4ee4-a6a4-c79e5aa69523-SegmentedRaftLogWorker:Storage Directory /workdir/hadoop-ozone/integration-test/target/test-dir/MiniOzoneClusterImpl-ad9cffe4-d9dd-4d7e-9292-cb2a09e16687/datanode-5/data/ratis/7c2b6be7-ba97-478e-9562-9a1a706a08fa for RaftStorage:Storage Directory /workdir/hadoop-ozone/integration-test/target/test-dir/MiniOzoneClusterImpl-ad9cffe4-d9dd-4d7e-9292-cb2a09e16687/datanode-5/data/ratis/7c2b6be7-ba97-478e-9562-9a1a706a08fa
2019-08-21 06:48:37,378 [pool-82-thread-1] INFO  server.RaftServerConfigKeys (ConfUtils.java:logGet(43)) - raft.server.log.queue.byte-limit = 2147483647 (custom)
2019-08-21 06:48:37,378 [pool-82-thread-1] INFO  server.RaftServerConfigKeys (ConfUtils.java:logGet(43)) - raft.server.log.queue.element-limit = 1024 (custom)
2019-08-21 06:48:37,378 [pool-82-thread-1] INFO  server.RaftServerConfigKeys (ConfUtils.java:logGet(43)) - raft.server.log.segment.size.max = 1048576 (custom)
2019-08-21 06:48:37,379 [pool-82-thread-1] INFO  server.RaftServerConfigKeys (ConfUtils.java:logGet(43)) - raft.server.log.preallocated.size = 16384 (custom)
2019-08-21 06:48:37,379 [pool-82-thread-1] INFO  server.RaftServerConfigKeys (ConfUtils.java:logGet(43)) - raft.server.log.write.buffer.size = 33554432 (custom)
2019-08-21 06:48:37,379 [pool-82-thread-1] INFO  server.RaftServerConfigKeys (ConfUtils.java:logGet(43)) - raft.server.log.force.sync.num = 128 (default)
2019-08-21 06:48:37,379 [pool-82-thread-1] INFO  server.RaftServerConfigKeys (ConfUtils.java:logGet(43)) - raft.server.log.statemachine.data.sync = true (default)
2019-08-21 06:48:37,380 [pool-82-thread-1] INFO  server.RaftServerConfigKeys (ConfUtils.java:logGet(43)) - raft.server.log.statemachine.data.sync.timeout = 10s (default)
2019-08-21 06:48:37,380 [pool-82-thread-1] INFO  server.RaftServerConfigKeys (ConfUtils.java:logGet(43)) - raft.server.log.statemachine.data.sync.timeout.retry = -1 (default)
2019-08-21 06:48:37,380 [pool-82-thread-1] INFO  server.RaftServerConfigKeys (ConfUtils.java:logGet(43)) - raft.server.log.statemachine.data.caching.enabled = true (custom)
2019-08-21 06:48:37,381 [pool-82-thread-1] INFO  segmented.SegmentedRaftLogWorker (SegmentedRaftLogWorker.java:lambda$new$0(132)) - 0262ecf8-6c8f-4ee4-a6a4-c79e5aa69523-SegmentedRaftLogWorker:Storage Directory /workdir/hadoop-ozone/integration-test/target/test-dir/MiniOzoneClusterImpl-ad9cffe4-d9dd-4d7e-9292-cb2a09e16687/datanode-5/data/ratis/7c2b6be7-ba97-478e-9562-9a1a706a08fa: flushIndex: setUnconditionally 0 -> -1
2019-08-21 06:48:37,381 [pool-82-thread-1] INFO  server.RaftServerConfigKeys (ConfUtils.java:logGet(43)) - raft.server.snapshot.auto.trigger.enabled = true (custom)
2019-08-21 06:48:37,382 [pool-82-thread-1] INFO  server.RaftServerConfigKeys (ConfUtils.java:logGet(43)) - raft.server.snapshot.auto.trigger.threshold = 10000 (custom)
2019-08-21 06:48:37,382 [pool-82-thread-1] INFO  server.RaftServerConfigKeys (ConfUtils.java:logGet(43)) - raft.server.retrycache.expirytime = 600000ms (custom)
2019-08-21 06:48:37,382 [pool-82-thread-1] INFO  impl.RaftServerImpl (RaftServerImpl.java:start(180)) - 0262ecf8-6c8f-4ee4-a6a4-c79e5aa69523: start group-9A1A706A08FA
2019-08-21 06:48:37,382 [pool-82-thread-1] INFO  impl.RaftServerImpl (RaftServerImpl.java:setRole(171)) - 0262ecf8-6c8f-4ee4-a6a4-c79e5aa69523:group-9A1A706A08FA changes role from null to FOLLOWER at term 0 for startAsFollower
2019-08-21 06:48:37,383 [pool-82-thread-1] INFO  impl.RoleInfo (RoleInfo.java:updateAndGet(143)) - 0262ecf8-6c8f-4ee4-a6a4-c79e5aa69523: start FollowerState
2019-08-21 06:48:37,383 [pool-82-thread-1] INFO  util.JmxRegister (JmxRegister.java:tryRegister(44)) - Successfully registered JMX Bean with object name Ratis:service=RaftServer,group=group-9A1A706A08FA,id=0262ecf8-6c8f-4ee4-a6a4-c79e5aa69523
2019-08-21 06:48:37,392 [RatisPipelineUtilsThread] INFO  pipeline.PipelineStateManager (PipelineStateManager.java:addPipeline(56)) - Created pipeline Pipeline[ Id: 7c2b6be7-ba97-478e-9562-9a1a706a08fa, Nodes: 0262ecf8-6c8f-4ee4-a6a4-c79e5aa69523{ip: 192.168.69.91, host: trunk-nightly-9stkx-2366262011, networkLocation: /default-rack, certSerialId: null}, Type:RATIS, Factor:ONE, State:OPEN]
2019-08-21 06:48:37,427 [grpc-default-executor-1] INFO  impl.RaftServerProxy (RaftServerProxy.java:addNew(89)) - 44d45b17-37a4-4814-9169-f3c994da35b8: addNew group-0D3934E0C903:[37e73ba6-504c-42d6-9284-4cd48545e58f:192.168.69.91:39695, f91f7e81-a37c-4e1f-8f5a-fc0399667c81:192.168.69.91:33512, 44d45b17-37a4-4814-9169-f3c994da35b8:192.168.69.91:46114] returns group-0D3934E0C903:java.util.concurrent.CompletableFuture@21b10f1e[Not completed]
2019-08-21 06:48:37,427 [grpc-default-executor-2] INFO  impl.RaftServerProxy (RaftServerProxy.java:addNew(89)) - 37e73ba6-504c-42d6-9284-4cd48545e58f: addNew group-0D3934E0C903:[37e73ba6-504c-42d6-9284-4cd48545e58f:192.168.69.91:39695, f91f7e81-a37c-4e1f-8f5a-fc0399667c81:192.168.69.91:33512, 44d45b17-37a4-4814-9169-f3c994da35b8:192.168.69.91:46114] returns group-0D3934E0C903:java.util.concurrent.CompletableFuture@18fd6093[Not completed]
2019-08-21 06:48:37,429 [grpc-default-executor-1] INFO  impl.RaftServerProxy (RaftServerProxy.java:addNew(89)) - f91f7e81-a37c-4e1f-8f5a-fc0399667c81: addNew group-0D3934E0C903:[37e73ba6-504c-42d6-9284-4cd48545e58f:192.168.69.91:39695, f91f7e81-a37c-4e1f-8f5a-fc0399667c81:192.168.69.91:33512, 44d45b17-37a4-4814-9169-f3c994da35b8:192.168.69.91:46114] returns group-0D3934E0C903:java.util.concurrent.CompletableFuture@107ff2a2[Not completed]
2019-08-21 06:48:37,430 [pool-71-thread-1] INFO  impl.RaftServerImpl (RaftServerImpl.java:<init>(93)) - 44d45b17-37a4-4814-9169-f3c994da35b8: new RaftServerImpl for group-0D3934E0C903:[37e73ba6-504c-42d6-9284-4cd48545e58f:192.168.69.91:39695, f91f7e81-a37c-4e1f-8f5a-fc0399667c81:192.168.69.91:33512, 44d45b17-37a4-4814-9169-f3c994da35b8:192.168.69.91:46114] with ContainerStateMachine:uninitialized
2019-08-21 06:48:37,430 [pool-71-thread-1] INFO  server.RaftServerConfigKeys (ConfUtils.java:logGet(43)) - raft.server.rpc.timeout.min = 5s (custom)
2019-08-21 06:48:37,431 [pool-71-thread-1] INFO  server.RaftServerConfigKeys (ConfUtils.java:logGet(43)) - raft.server.rpc.timeout.max = 5200ms (custom)
2019-08-21 06:48:37,431 [pool-71-thread-1] INFO  server.RaftServerConfigKeys (ConfUtils.java:logGet(43)) - raft.server.rpcslowness.timeout = 120s (custom)
2019-08-21 06:48:37,431 [pool-71-thread-1] INFO  server.RaftServerConfigKeys (ConfUtils.java:logGet(43)) - raft.server.sleep.deviation.threshold = 300 (default)
2019-08-21 06:48:37,431 [pool-27-thread-1] INFO  impl.RaftServerImpl (RaftServerImpl.java:<init>(93)) - f91f7e81-a37c-4e1f-8f5a-fc0399667c81: new RaftServerImpl for group-0D3934E0C903:[37e73ba6-504c-42d6-9284-4cd48545e58f:192.168.69.91:39695, f91f7e81-a37c-4e1f-8f5a-fc0399667c81:192.168.69.91:33512, 44d45b17-37a4-4814-9169-f3c994da35b8:192.168.69.91:46114] with ContainerStateMachine:uninitialized
2019-08-21 06:48:37,431 [pool-71-thread-1] INFO  server.RaftServerConfigKeys (ConfUtils.java:logGet(43)) - raft.server.log.appender.install.snapshot.enabled = false (custom)
2019-08-21 06:48:37,431 [pool-27-thread-1] INFO  server.RaftServerConfigKeys (ConfUtils.java:logGet(43)) - raft.server.rpc.timeout.min = 5s (custom)
2019-08-21 06:48:37,431 [pool-71-thread-1] INFO  impl.RaftServerImpl (ServerState.java:<init>(105)) - 44d45b17-37a4-4814-9169-f3c994da35b8:group-0D3934E0C903 ConfigurationManager, init=-1: [37e73ba6-504c-42d6-9284-4cd48545e58f:192.168.69.91:39695, f91f7e81-a37c-4e1f-8f5a-fc0399667c81:192.168.69.91:33512, 44d45b17-37a4-4814-9169-f3c994da35b8:192.168.69.91:46114], old=null, confs=<EMPTY_MAP>
2019-08-21 06:48:37,431 [pool-27-thread-1] INFO  server.RaftServerConfigKeys (ConfUtils.java:logGet(43)) - raft.server.rpc.timeout.max = 5200ms (custom)
2019-08-21 06:48:37,432 [pool-27-thread-1] INFO  server.RaftServerConfigKeys (ConfUtils.java:logGet(43)) - raft.server.rpcslowness.timeout = 120s (custom)
2019-08-21 06:48:37,432 [pool-71-thread-1] INFO  server.RaftServerConfigKeys (ConfUtils.java:logGet(43)) - raft.server.storage.dir = [/workdir/hadoop-ozone/integration-test/target/test-dir/MiniOzoneClusterImpl-ad9cffe4-d9dd-4d7e-9292-cb2a09e16687/datanode-4/data/ratis] (custom)
2019-08-21 06:48:37,432 [pool-27-thread-1] INFO  server.RaftServerConfigKeys (ConfUtils.java:logGet(43)) - raft.server.sleep.deviation.threshold = 300 (default)
2019-08-21 06:48:37,432 [pool-49-thread-1] INFO  impl.RaftServerImpl (RaftServerImpl.java:<init>(93)) - 37e73ba6-504c-42d6-9284-4cd48545e58f: new RaftServerImpl for group-0D3934E0C903:[37e73ba6-504c-42d6-9284-4cd48545e58f:192.168.69.91:39695, f91f7e81-a37c-4e1f-8f5a-fc0399667c81:192.168.69.91:33512, 44d45b17-37a4-4814-9169-f3c994da35b8:192.168.69.91:46114] with ContainerStateMachine:uninitialized
2019-08-21 06:48:37,432 [pool-27-thread-1] INFO  server.RaftServerConfigKeys (ConfUtils.java:logGet(43)) - raft.server.log.appender.install.snapshot.enabled = false (custom)
2019-08-21 06:48:37,432 [pool-49-thread-1] INFO  server.RaftServerConfigKeys (ConfUtils.java:logGet(43)) - raft.server.rpc.timeout.min = 5s (custom)
2019-08-21 06:48:37,432 [pool-71-thread-1] INFO  storage.RaftStorageDirectory (RaftStorageDirectory.java:analyzeStorage(246)) - The storage directory /workdir/hadoop-ozone/integration-test/target/test-dir/MiniOzoneClusterImpl-ad9cffe4-d9dd-4d7e-9292-cb2a09e16687/datanode-4/data/ratis/7eea6c1d-0707-43b4-bfb7-0d3934e0c903 does not exist. Creating ...
2019-08-21 06:48:37,432 [pool-27-thread-1] INFO  impl.RaftServerImpl (ServerState.java:<init>(105)) - f91f7e81-a37c-4e1f-8f5a-fc0399667c81:group-0D3934E0C903 ConfigurationManager, init=-1: [37e73ba6-504c-42d6-9284-4cd48545e58f:192.168.69.91:39695, f91f7e81-a37c-4e1f-8f5a-fc0399667c81:192.168.69.91:33512, 44d45b17-37a4-4814-9169-f3c994da35b8:192.168.69.91:46114], old=null, confs=<EMPTY_MAP>
2019-08-21 06:48:37,432 [pool-49-thread-1] INFO  server.RaftServerConfigKeys (ConfUtils.java:logGet(43)) - raft.server.rpc.timeout.max = 5200ms (custom)
2019-08-21 06:48:37,433 [pool-27-thread-1] INFO  server.RaftServerConfigKeys (ConfUtils.java:logGet(43)) - raft.server.storage.dir = [/workdir/hadoop-ozone/integration-test/target/test-dir/MiniOzoneClusterImpl-ad9cffe4-d9dd-4d7e-9292-cb2a09e16687/datanode-0/data/ratis] (custom)
2019-08-21 06:48:37,433 [pool-49-thread-1] INFO  server.RaftServerConfigKeys (ConfUtils.java:logGet(43)) - raft.server.rpcslowness.timeout = 120s (custom)
2019-08-21 06:48:37,433 [pool-49-thread-1] INFO  server.RaftServerConfigKeys (ConfUtils.java:logGet(43)) - raft.server.sleep.deviation.threshold = 300 (default)
2019-08-21 06:48:37,433 [pool-27-thread-1] INFO  storage.RaftStorageDirectory (RaftStorageDirectory.java:analyzeStorage(246)) - The storage directory /workdir/hadoop-ozone/integration-test/target/test-dir/MiniOzoneClusterImpl-ad9cffe4-d9dd-4d7e-9292-cb2a09e16687/datanode-0/data/ratis/7eea6c1d-0707-43b4-bfb7-0d3934e0c903 does not exist. Creating ...
2019-08-21 06:48:37,433 [pool-49-thread-1] INFO  server.RaftServerConfigKeys (ConfUtils.java:logGet(43)) - raft.server.log.appender.install.snapshot.enabled = false (custom)
2019-08-21 06:48:37,433 [pool-49-thread-1] INFO  impl.RaftServerImpl (ServerState.java:<init>(105)) - 37e73ba6-504c-42d6-9284-4cd48545e58f:group-0D3934E0C903 ConfigurationManager, init=-1: [37e73ba6-504c-42d6-9284-4cd48545e58f:192.168.69.91:39695, f91f7e81-a37c-4e1f-8f5a-fc0399667c81:192.168.69.91:33512, 44d45b17-37a4-4814-9169-f3c994da35b8:192.168.69.91:46114], old=null, confs=<EMPTY_MAP>
2019-08-21 06:48:37,433 [pool-49-thread-1] INFO  server.RaftServerConfigKeys (ConfUtils.java:logGet(43)) - raft.server.storage.dir = [/workdir/hadoop-ozone/integration-test/target/test-dir/MiniOzoneClusterImpl-ad9cffe4-d9dd-4d7e-9292-cb2a09e16687/datanode-2/data/ratis] (custom)
2019-08-21 06:48:37,433 [pool-49-thread-1] INFO  storage.RaftStorageDirectory (RaftStorageDirectory.java:analyzeStorage(246)) - The storage directory /workdir/hadoop-ozone/integration-test/target/test-dir/MiniOzoneClusterImpl-ad9cffe4-d9dd-4d7e-9292-cb2a09e16687/datanode-2/data/ratis/7eea6c1d-0707-43b4-bfb7-0d3934e0c903 does not exist. Creating ...
2019-08-21 06:48:37,446 [pool-71-thread-1] INFO  storage.RaftStorageDirectory (RaftStorageDirectory.java:tryLock(328)) - Lock on /workdir/hadoop-ozone/integration-test/target/test-dir/MiniOzoneClusterImpl-ad9cffe4-d9dd-4d7e-9292-cb2a09e16687/datanode-4/data/ratis/7eea6c1d-0707-43b4-bfb7-0d3934e0c903/in_use.lock acquired by nodename 23833@trunk-nightly-9stkx-2366262011
2019-08-21 06:48:37,446 [pool-49-thread-1] INFO  storage.RaftStorageDirectory (RaftStorageDirectory.java:tryLock(328)) - Lock on /workdir/hadoop-ozone/integration-test/target/test-dir/MiniOzoneClusterImpl-ad9cffe4-d9dd-4d7e-9292-cb2a09e16687/datanode-2/data/ratis/7eea6c1d-0707-43b4-bfb7-0d3934e0c903/in_use.lock acquired by nodename 23833@trunk-nightly-9stkx-2366262011
2019-08-21 06:48:37,446 [pool-27-thread-1] INFO  storage.RaftStorageDirectory (RaftStorageDirectory.java:tryLock(328)) - Lock on /workdir/hadoop-ozone/integration-test/target/test-dir/MiniOzoneClusterImpl-ad9cffe4-d9dd-4d7e-9292-cb2a09e16687/datanode-0/data/ratis/7eea6c1d-0707-43b4-bfb7-0d3934e0c903/in_use.lock acquired by nodename 23833@trunk-nightly-9stkx-2366262011
2019-08-21 06:48:37,459 [pool-49-thread-1] INFO  storage.RaftStorage (RaftStorage.java:format(72)) - Storage directory /workdir/hadoop-ozone/integration-test/target/test-dir/MiniOzoneClusterImpl-ad9cffe4-d9dd-4d7e-9292-cb2a09e16687/datanode-2/data/ratis/7eea6c1d-0707-43b4-bfb7-0d3934e0c903 has been successfully formatted.
2019-08-21 06:48:37,459 [pool-71-thread-1] INFO  storage.RaftStorage (RaftStorage.java:format(72)) - Storage directory /workdir/hadoop-ozone/integration-test/target/test-dir/MiniOzoneClusterImpl-ad9cffe4-d9dd-4d7e-9292-cb2a09e16687/datanode-4/data/ratis/7eea6c1d-0707-43b4-bfb7-0d3934e0c903 has been successfully formatted.
2019-08-21 06:48:37,459 [pool-49-thread-1] INFO  ratis.ContainerStateMachine (ContainerStateMachine.java:loadSnapshot(226)) - group-0D3934E0C903: The snapshot info is null. Setting the last applied indexto:(t:0, i:~)
2019-08-21 06:48:37,459 [pool-27-thread-1] INFO  storage.RaftStorage (RaftStorage.java:format(72)) - Storage directory /workdir/hadoop-ozone/integration-test/target/test-dir/MiniOzoneClusterImpl-ad9cffe4-d9dd-4d7e-9292-cb2a09e16687/datanode-0/data/ratis/7eea6c1d-0707-43b4-bfb7-0d3934e0c903 has been successfully formatted.
2019-08-21 06:48:37,460 [pool-71-thread-1] INFO  ratis.ContainerStateMachine (ContainerStateMachine.java:loadSnapshot(226)) - group-0D3934E0C903: The snapshot info is null. Setting the last applied indexto:(t:0, i:~)
2019-08-21 06:48:37,460 [pool-49-thread-1] INFO  server.RaftServerConfigKeys (ConfUtils.java:logGet(43)) - raft.server.leader.election.timeout = 120s (custom)
2019-08-21 06:48:37,460 [pool-71-thread-1] INFO  server.RaftServerConfigKeys (ConfUtils.java:logGet(43)) - raft.server.leader.election.timeout = 120s (custom)
2019-08-21 06:48:37,460 [pool-27-thread-1] INFO  ratis.ContainerStateMachine (ContainerStateMachine.java:loadSnapshot(226)) - group-0D3934E0C903: The snapshot info is null. Setting the last applied indexto:(t:0, i:~)
2019-08-21 06:48:37,460 [pool-71-thread-1] INFO  server.RaftServerConfigKeys (ConfUtils.java:logGet(43)) - raft.server.log.use.memory = false (default)
2019-08-21 06:48:37,460 [pool-49-thread-1] INFO  server.RaftServerConfigKeys (ConfUtils.java:logGet(43)) - raft.server.log.use.memory = false (default)
2019-08-21 06:48:37,460 [pool-71-thread-1] INFO  server.RaftServerConfigKeys (ConfUtils.java:logGet(43)) - raft.server.log.purge.gap = 1000000 (custom)
2019-08-21 06:48:37,460 [pool-27-thread-1] INFO  server.RaftServerConfigKeys (ConfUtils.java:logGet(43)) - raft.server.leader.election.timeout = 120s (custom)
2019-08-21 06:48:37,461 [pool-71-thread-1] INFO  server.RaftServerConfigKeys (ConfUtils.java:logGet(43)) - raft.server.log.appender.buffer.byte-limit = 33554432 (custom)
2019-08-21 06:48:37,460 [pool-49-thread-1] INFO  server.RaftServerConfigKeys (ConfUtils.java:logGet(43)) - raft.server.log.purge.gap = 1000000 (custom)
2019-08-21 06:48:37,461 [pool-71-thread-1] INFO  server.RaftServerConfigKeys (ConfUtils.java:logGet(43)) - raft.server.log.segment.size.max = 1048576 (custom)
2019-08-21 06:48:37,461 [pool-27-thread-1] INFO  server.RaftServerConfigKeys (ConfUtils.java:logGet(43)) - raft.server.log.use.memory = false (default)
2019-08-21 06:48:37,461 [pool-71-thread-1] INFO  server.RaftServerConfigKeys (ConfUtils.java:logGet(43)) - raft.server.log.segment.cache.num.max = 2 (custom)
2019-08-21 06:48:37,461 [pool-49-thread-1] INFO  server.RaftServerConfigKeys (ConfUtils.java:logGet(43)) - raft.server.log.appender.buffer.byte-limit = 33554432 (custom)
2019-08-21 06:48:37,461 [pool-71-thread-1] INFO  segmented.SegmentedRaftLogWorker (SegmentedRaftLogWorker.java:<init>(172)) - new 44d45b17-37a4-4814-9169-f3c994da35b8-SegmentedRaftLogWorker:Storage Directory /workdir/hadoop-ozone/integration-test/target/test-dir/MiniOzoneClusterImpl-ad9cffe4-d9dd-4d7e-9292-cb2a09e16687/datanode-4/data/ratis/7eea6c1d-0707-43b4-bfb7-0d3934e0c903 for RaftStorage:Storage Directory /workdir/hadoop-ozone/integration-test/target/test-dir/MiniOzoneClusterImpl-ad9cffe4-d9dd-4d7e-9292-cb2a09e16687/datanode-4/data/ratis/7eea6c1d-0707-43b4-bfb7-0d3934e0c903
2019-08-21 06:48:37,461 [pool-27-thread-1] INFO  server.RaftServerConfigKeys (ConfUtils.java:logGet(43)) - raft.server.log.purge.gap = 1000000 (custom)
2019-08-21 06:48:37,462 [pool-71-thread-1] INFO  server.RaftServerConfigKeys (ConfUtils.java:logGet(43)) - raft.server.log.queue.byte-limit = 2147483647 (custom)
2019-08-21 06:48:37,461 [pool-49-thread-1] INFO  server.RaftServerConfigKeys (ConfUtils.java:logGet(43)) - raft.server.log.segment.size.max = 1048576 (custom)
2019-08-21 06:48:37,464 [pool-71-thread-1] INFO  server.RaftServerConfigKeys (ConfUtils.java:logGet(43)) - raft.server.log.queue.element-limit = 1024 (custom)
2019-08-21 06:48:37,462 [pool-27-thread-1] INFO  server.RaftServerConfigKeys (ConfUtils.java:logGet(43)) - raft.server.log.appender.buffer.byte-limit = 33554432 (custom)
2019-08-21 06:48:37,464 [pool-71-thread-1] INFO  server.RaftServerConfigKeys (ConfUtils.java:logGet(43)) - raft.server.log.segment.size.max = 1048576 (custom)
2019-08-21 06:48:37,464 [pool-49-thread-1] INFO  server.RaftServerConfigKeys (ConfUtils.java:logGet(43)) - raft.server.log.segment.cache.num.max = 2 (custom)
2019-08-21 06:48:37,465 [pool-71-thread-1] INFO  server.RaftServerConfigKeys (ConfUtils.java:logGet(43)) - raft.server.log.preallocated.size = 16384 (custom)
2019-08-21 06:48:37,464 [pool-27-thread-1] INFO  server.RaftServerConfigKeys (ConfUtils.java:logGet(43)) - raft.server.log.segment.size.max = 1048576 (custom)
2019-08-21 06:48:37,465 [pool-71-thread-1] INFO  server.RaftServerConfigKeys (ConfUtils.java:logGet(43)) - raft.server.log.write.buffer.size = 33554432 (custom)
2019-08-21 06:48:37,465 [pool-49-thread-1] INFO  segmented.SegmentedRaftLogWorker (SegmentedRaftLogWorker.java:<init>(172)) - new 37e73ba6-504c-42d6-9284-4cd48545e58f-SegmentedRaftLogWorker:Storage Directory /workdir/hadoop-ozone/integration-test/target/test-dir/MiniOzoneClusterImpl-ad9cffe4-d9dd-4d7e-9292-cb2a09e16687/datanode-2/data/ratis/7eea6c1d-0707-43b4-bfb7-0d3934e0c903 for RaftStorage:Storage Directory /workdir/hadoop-ozone/integration-test/target/test-dir/MiniOzoneClusterImpl-ad9cffe4-d9dd-4d7e-9292-cb2a09e16687/datanode-2/data/ratis/7eea6c1d-0707-43b4-bfb7-0d3934e0c903
2019-08-21 06:48:37,465 [pool-71-thread-1] INFO  server.RaftServerConfigKeys (ConfUtils.java:logGet(43)) - raft.server.log.force.sync.num = 128 (default)
2019-08-21 06:48:37,465 [pool-27-thread-1] INFO  server.RaftServerConfigKeys (ConfUtils.java:logGet(43)) - raft.server.log.segment.cache.num.max = 2 (custom)
2019-08-21 06:48:37,467 [pool-71-thread-1] INFO  server.RaftServerConfigKeys (ConfUtils.java:logGet(43)) - raft.server.log.statemachine.data.sync = true (default)
2019-08-21 06:48:37,465 [pool-49-thread-1] INFO  server.RaftServerConfigKeys (ConfUtils.java:logGet(43)) - raft.server.log.queue.byte-limit = 2147483647 (custom)
2019-08-21 06:48:37,467 [pool-71-thread-1] INFO  server.RaftServerConfigKeys (ConfUtils.java:logGet(43)) - raft.server.log.statemachine.data.sync.timeout = 10s (default)
2019-08-21 06:48:37,467 [pool-71-thread-1] INFO  server.RaftServerConfigKeys (ConfUtils.java:logGet(43)) - raft.server.log.statemachine.data.sync.timeout.retry = -1 (default)
2019-08-21 06:48:37,467 [pool-27-thread-1] INFO  segmented.SegmentedRaftLogWorker (SegmentedRaftLogWorker.java:<init>(172)) - new f91f7e81-a37c-4e1f-8f5a-fc0399667c81-SegmentedRaftLogWorker:Storage Directory /workdir/hadoop-ozone/integration-test/target/test-dir/MiniOzoneClusterImpl-ad9cffe4-d9dd-4d7e-9292-cb2a09e16687/datanode-0/data/ratis/7eea6c1d-0707-43b4-bfb7-0d3934e0c903 for RaftStorage:Storage Directory /workdir/hadoop-ozone/integration-test/target/test-dir/MiniOzoneClusterImpl-ad9cffe4-d9dd-4d7e-9292-cb2a09e16687/datanode-0/data/ratis/7eea6c1d-0707-43b4-bfb7-0d3934e0c903
2019-08-21 06:48:37,468 [pool-71-thread-1] INFO  server.RaftServerConfigKeys (ConfUtils.java:logGet(43)) - raft.server.log.statemachine.data.caching.enabled = true (custom)
2019-08-21 06:48:37,467 [pool-49-thread-1] INFO  server.RaftServerConfigKeys (ConfUtils.java:logGet(43)) - raft.server.log.queue.element-limit = 1024 (custom)
2019-08-21 06:48:37,468 [pool-27-thread-1] INFO  server.RaftServerConfigKeys (ConfUtils.java:logGet(43)) - raft.server.log.queue.byte-limit = 2147483647 (custom)
2019-08-21 06:48:37,469 [pool-71-thread-1] INFO  segmented.SegmentedRaftLogWorker (SegmentedRaftLogWorker.java:lambda$new$0(132)) - 44d45b17-37a4-4814-9169-f3c994da35b8-SegmentedRaftLogWorker:Storage Directory /workdir/hadoop-ozone/integration-test/target/test-dir/MiniOzoneClusterImpl-ad9cffe4-d9dd-4d7e-9292-cb2a09e16687/datanode-4/data/ratis/7eea6c1d-0707-43b4-bfb7-0d3934e0c903: flushIndex: setUnconditionally 0 -> -1
2019-08-21 06:48:37,469 [pool-49-thread-1] INFO  server.RaftServerConfigKeys (ConfUtils.java:logGet(43)) - raft.server.log.segment.size.max = 1048576 (custom)
2019-08-21 06:48:37,469 [pool-27-thread-1] INFO  server.RaftServerConfigKeys (ConfUtils.java:logGet(43)) - raft.server.log.queue.element-limit = 1024 (custom)
2019-08-21 06:48:37,470 [pool-71-thread-1] INFO  server.RaftServerConfigKeys (ConfUtils.java:logGet(43)) - raft.server.snapshot.auto.trigger.enabled = true (custom)
2019-08-21 06:48:37,470 [pool-49-thread-1] INFO  server.RaftServerConfigKeys (ConfUtils.java:logGet(43)) - raft.server.log.preallocated.size = 16384 (custom)
2019-08-21 06:48:37,470 [pool-71-thread-1] INFO  server.RaftServerConfigKeys (ConfUtils.java:logGet(43)) - raft.server.snapshot.auto.trigger.threshold = 10000 (custom)
2019-08-21 06:48:37,470 [pool-27-thread-1] INFO  server.RaftServerConfigKeys (ConfUtils.java:logGet(43)) - raft.server.log.segment.size.max = 1048576 (custom)
2019-08-21 06:48:37,470 [pool-71-thread-1] INFO  server.RaftServerConfigKeys (ConfUtils.java:logGet(43)) - raft.server.retrycache.expirytime = 600000ms (custom)
2019-08-21 06:48:37,470 [pool-49-thread-1] INFO  server.RaftServerConfigKeys (ConfUtils.java:logGet(43)) - raft.server.log.write.buffer.size = 33554432 (custom)
2019-08-21 06:48:37,470 [pool-27-thread-1] INFO  server.RaftServerConfigKeys (ConfUtils.java:logGet(43)) - raft.server.log.preallocated.size = 16384 (custom)
2019-08-21 06:48:37,471 [pool-49-thread-1] INFO  server.RaftServerConfigKeys (ConfUtils.java:logGet(43)) - raft.server.log.force.sync.num = 128 (default)
2019-08-21 06:48:37,471 [pool-71-thread-1] INFO  impl.RaftServerImpl (RaftServerImpl.java:start(180)) - 44d45b17-37a4-4814-9169-f3c994da35b8: start group-0D3934E0C903
2019-08-21 06:48:37,471 [pool-49-thread-1] INFO  server.RaftServerConfigKeys (ConfUtils.java:logGet(43)) - raft.server.log.statemachine.data.sync = true (default)
2019-08-21 06:48:37,471 [pool-27-thread-1] INFO  server.RaftServerConfigKeys (ConfUtils.java:logGet(43)) - raft.server.log.write.buffer.size = 33554432 (custom)
2019-08-21 06:48:37,471 [pool-49-thread-1] INFO  server.RaftServerConfigKeys (ConfUtils.java:logGet(43)) - raft.server.log.statemachine.data.sync.timeout = 10s (default)
2019-08-21 06:48:37,471 [pool-71-thread-1] INFO  impl.RaftServerImpl (RaftServerImpl.java:setRole(171)) - 44d45b17-37a4-4814-9169-f3c994da35b8:group-0D3934E0C903 changes role from null to FOLLOWER at term 0 for startAsFollower
2019-08-21 06:48:37,471 [pool-49-thread-1] INFO  server.RaftServerConfigKeys (ConfUtils.java:logGet(43)) - raft.server.log.statemachine.data.sync.timeout.retry = -1 (default)
2019-08-21 06:48:37,471 [pool-27-thread-1] INFO  server.RaftServerConfigKeys (ConfUtils.java:logGet(43)) - raft.server.log.force.sync.num = 128 (default)
2019-08-21 06:48:37,472 [pool-49-thread-1] INFO  server.RaftServerConfigKeys (ConfUtils.java:logGet(43)) - raft.server.log.statemachine.data.caching.enabled = true (custom)
2019-08-21 06:48:37,472 [pool-71-thread-1] INFO  impl.RoleInfo (RoleInfo.java:updateAndGet(143)) - 44d45b17-37a4-4814-9169-f3c994da35b8: start FollowerState
2019-08-21 06:48:37,472 [pool-27-thread-1] INFO  server.RaftServerConfigKeys (ConfUtils.java:logGet(43)) - raft.server.log.statemachine.data.sync = true (default)
2019-08-21 06:48:37,472 [pool-49-thread-1] INFO  segmented.SegmentedRaftLogWorker (SegmentedRaftLogWorker.java:lambda$new$0(132)) - 37e73ba6-504c-42d6-9284-4cd48545e58f-SegmentedRaftLogWorker:Storage Directory /workdir/hadoop-ozone/integration-test/target/test-dir/MiniOzoneClusterImpl-ad9cffe4-d9dd-4d7e-9292-cb2a09e16687/datanode-2/data/ratis/7eea6c1d-0707-43b4-bfb7-0d3934e0c903: flushIndex: setUnconditionally 0 -> -1
2019-08-21 06:48:37,472 [pool-27-thread-1] INFO  server.RaftServerConfigKeys (ConfUtils.java:logGet(43)) - raft.server.log.statemachine.data.sync.timeout = 10s (default)
2019-08-21 06:48:37,472 [pool-27-thread-1] INFO  server.RaftServerConfigKeys (ConfUtils.java:logGet(43)) - raft.server.log.statemachine.data.sync.timeout.retry = -1 (default)
2019-08-21 06:48:37,472 [pool-71-thread-1] INFO  util.JmxRegister (JmxRegister.java:tryRegister(44)) - Successfully registered JMX Bean with object name Ratis:service=RaftServer,group=group-0D3934E0C903,id=44d45b17-37a4-4814-9169-f3c994da35b8
2019-08-21 06:48:37,472 [pool-49-thread-1] INFO  server.RaftServerConfigKeys (ConfUtils.java:logGet(43)) - raft.server.snapshot.auto.trigger.enabled = true (custom)
2019-08-21 06:48:37,473 [pool-27-thread-1] INFO  server.RaftServerConfigKeys (ConfUtils.java:logGet(43)) - raft.server.log.statemachine.data.caching.enabled = true (custom)
2019-08-21 06:48:37,473 [pool-49-thread-1] INFO  server.RaftServerConfigKeys (ConfUtils.java:logGet(43)) - raft.server.snapshot.auto.trigger.threshold = 10000 (custom)
2019-08-21 06:48:37,473 [pool-27-thread-1] INFO  segmented.SegmentedRaftLogWorker (SegmentedRaftLogWorker.java:lambda$new$0(132)) - f91f7e81-a37c-4e1f-8f5a-fc0399667c81-SegmentedRaftLogWorker:Storage Directory /workdir/hadoop-ozone/integration-test/target/test-dir/MiniOzoneClusterImpl-ad9cffe4-d9dd-4d7e-9292-cb2a09e16687/datanode-0/data/ratis/7eea6c1d-0707-43b4-bfb7-0d3934e0c903: flushIndex: setUnconditionally 0 -> -1
2019-08-21 06:48:37,473 [pool-49-thread-1] INFO  server.RaftServerConfigKeys (ConfUtils.java:logGet(43)) - raft.server.retrycache.expirytime = 600000ms (custom)
2019-08-21 06:48:37,473 [pool-27-thread-1] INFO  server.RaftServerConfigKeys (ConfUtils.java:logGet(43)) - raft.server.snapshot.auto.trigger.enabled = true (custom)
2019-08-21 06:48:37,473 [pool-49-thread-1] INFO  impl.RaftServerImpl (RaftServerImpl.java:start(180)) - 37e73ba6-504c-42d6-9284-4cd48545e58f: start group-0D3934E0C903
2019-08-21 06:48:37,473 [pool-27-thread-1] INFO  server.RaftServerConfigKeys (ConfUtils.java:logGet(43)) - raft.server.snapshot.auto.trigger.threshold = 10000 (custom)
2019-08-21 06:48:37,473 [pool-49-thread-1] INFO  impl.RaftServerImpl (RaftServerImpl.java:setRole(171)) - 37e73ba6-504c-42d6-9284-4cd48545e58f:group-0D3934E0C903 changes role from null to FOLLOWER at term 0 for startAsFollower
2019-08-21 06:48:37,474 [pool-27-thread-1] INFO  server.RaftServerConfigKeys (ConfUtils.java:logGet(43)) - raft.server.retrycache.expirytime = 600000ms (custom)
2019-08-21 06:48:37,474 [pool-49-thread-1] INFO  impl.RoleInfo (RoleInfo.java:updateAndGet(143)) - 37e73ba6-504c-42d6-9284-4cd48545e58f: start FollowerState
2019-08-21 06:48:37,474 [pool-27-thread-1] INFO  impl.RaftServerImpl (RaftServerImpl.java:start(180)) - f91f7e81-a37c-4e1f-8f5a-fc0399667c81: start group-0D3934E0C903
2019-08-21 06:48:37,474 [pool-27-thread-1] INFO  impl.RaftServerImpl (RaftServerImpl.java:setRole(171)) - f91f7e81-a37c-4e1f-8f5a-fc0399667c81:group-0D3934E0C903 changes role from null to FOLLOWER at term 0 for startAsFollower
2019-08-21 06:48:37,476 [pool-27-thread-1] INFO  impl.RoleInfo (RoleInfo.java:updateAndGet(143)) - f91f7e81-a37c-4e1f-8f5a-fc0399667c81: start FollowerState
2019-08-21 06:48:37,476 [pool-49-thread-1] INFO  util.JmxRegister (JmxRegister.java:tryRegister(44)) - Successfully registered JMX Bean with object name Ratis:service=RaftServer,group=group-0D3934E0C903,id=37e73ba6-504c-42d6-9284-4cd48545e58f
2019-08-21 06:48:37,476 [pool-27-thread-1] INFO  util.JmxRegister (JmxRegister.java:tryRegister(44)) - Successfully registered JMX Bean with object name Ratis:service=RaftServer,group=group-0D3934E0C903,id=f91f7e81-a37c-4e1f-8f5a-fc0399667c81
2019-08-21 06:48:37,499 [RatisPipelineUtilsThread] INFO  pipeline.PipelineStateManager (PipelineStateManager.java:addPipeline(56)) - Created pipeline Pipeline[ Id: 7eea6c1d-0707-43b4-bfb7-0d3934e0c903, Nodes: 37e73ba6-504c-42d6-9284-4cd48545e58f{ip: 192.168.69.91, host: trunk-nightly-9stkx-2366262011, networkLocation: /default-rack, certSerialId: null}44d45b17-37a4-4814-9169-f3c994da35b8{ip: 192.168.69.91, host: trunk-nightly-9stkx-2366262011, networkLocation: /default-rack, certSerialId: null}f91f7e81-a37c-4e1f-8f5a-fc0399667c81{ip: 192.168.69.91, host: trunk-nightly-9stkx-2366262011, networkLocation: /default-rack, certSerialId: null}, Type:RATIS, Factor:THREE, State:OPEN]
2019-08-21 06:48:37,520 [grpc-default-executor-1] INFO  impl.RaftServerProxy (RaftServerProxy.java:addNew(89)) - 0262ecf8-6c8f-4ee4-a6a4-c79e5aa69523: addNew group-64A62B287AA0:[8a76d8a0-f4e7-4941-9f78-0189fbf176ec:192.168.69.91:38116, ac838652-17da-43f9-b098-84edc167383c:192.168.69.91:46229, 0262ecf8-6c8f-4ee4-a6a4-c79e5aa69523:192.168.69.91:46230] returns group-64A62B287AA0:java.util.concurrent.CompletableFuture@687ecbbf[Not completed]
2019-08-21 06:48:37,520 [grpc-default-executor-2] INFO  impl.RaftServerProxy (RaftServerProxy.java:addNew(89)) - 8a76d8a0-f4e7-4941-9f78-0189fbf176ec: addNew group-64A62B287AA0:[8a76d8a0-f4e7-4941-9f78-0189fbf176ec:192.168.69.91:38116, ac838652-17da-43f9-b098-84edc167383c:192.168.69.91:46229, 0262ecf8-6c8f-4ee4-a6a4-c79e5aa69523:192.168.69.91:46230] returns group-64A62B287AA0:java.util.concurrent.CompletableFuture@679fafa7[Not completed]
2019-08-21 06:48:37,520 [grpc-default-executor-0] INFO  impl.RaftServerProxy (RaftServerProxy.java:addNew(89)) - ac838652-17da-43f9-b098-84edc167383c: addNew group-64A62B287AA0:[8a76d8a0-f4e7-4941-9f78-0189fbf176ec:192.168.69.91:38116, ac838652-17da-43f9-b098-84edc167383c:192.168.69.91:46229, 0262ecf8-6c8f-4ee4-a6a4-c79e5aa69523:192.168.69.91:46230] returns group-64A62B287AA0:java.util.concurrent.CompletableFuture@3f0e43dd[Not completed]
2019-08-21 06:48:37,523 [pool-38-thread-1] INFO  impl.RaftServerImpl (RaftServerImpl.java:<init>(93)) - 8a76d8a0-f4e7-4941-9f78-0189fbf176ec: new RaftServerImpl for group-64A62B287AA0:[8a76d8a0-f4e7-4941-9f78-0189fbf176ec:192.168.69.91:38116, ac838652-17da-43f9-b098-84edc167383c:192.168.69.91:46229, 0262ecf8-6c8f-4ee4-a6a4-c79e5aa69523:192.168.69.91:46230] with ContainerStateMachine:uninitialized
2019-08-21 06:48:37,523 [pool-38-thread-1] INFO  server.RaftServerConfigKeys (ConfUtils.java:logGet(43)) - raft.server.rpc.timeout.min = 5s (custom)
2019-08-21 06:48:37,523 [pool-38-thread-1] INFO  server.RaftServerConfigKeys (ConfUtils.java:logGet(43)) - raft.server.rpc.timeout.max = 5200ms (custom)
2019-08-21 06:48:37,523 [pool-38-thread-1] INFO  server.RaftServerConfigKeys (ConfUtils.java:logGet(43)) - raft.server.rpcslowness.timeout = 120s (custom)
2019-08-21 06:48:37,523 [pool-38-thread-1] INFO  server.RaftServerConfigKeys (ConfUtils.java:logGet(43)) - raft.server.sleep.deviation.threshold = 300 (default)
2019-08-21 06:48:37,524 [pool-38-thread-1] INFO  server.RaftServerConfigKeys (ConfUtils.java:logGet(43)) - raft.server.log.appender.install.snapshot.enabled = false (custom)
2019-08-21 06:48:37,524 [pool-38-thread-1] INFO  impl.RaftServerImpl (ServerState.java:<init>(105)) - 8a76d8a0-f4e7-4941-9f78-0189fbf176ec:group-64A62B287AA0 ConfigurationManager, init=-1: [8a76d8a0-f4e7-4941-9f78-0189fbf176ec:192.168.69.91:38116, ac838652-17da-43f9-b098-84edc167383c:192.168.69.91:46229, 0262ecf8-6c8f-4ee4-a6a4-c79e5aa69523:192.168.69.91:46230], old=null, confs=<EMPTY_MAP>
2019-08-21 06:48:37,524 [pool-38-thread-1] INFO  server.RaftServerConfigKeys (ConfUtils.java:logGet(43)) - raft.server.storage.dir = [/workdir/hadoop-ozone/integration-test/target/test-dir/MiniOzoneClusterImpl-ad9cffe4-d9dd-4d7e-9292-cb2a09e16687/datanode-1/data/ratis] (custom)
2019-08-21 06:48:37,524 [pool-38-thread-1] INFO  storage.RaftStorageDirectory (RaftStorageDirectory.java:analyzeStorage(246)) - The storage directory /workdir/hadoop-ozone/integration-test/target/test-dir/MiniOzoneClusterImpl-ad9cffe4-d9dd-4d7e-9292-cb2a09e16687/datanode-1/data/ratis/4b7c9636-2335-4ac3-9640-64a62b287aa0 does not exist. Creating ...
2019-08-21 06:48:37,524 [pool-60-thread-1] INFO  impl.RaftServerImpl (RaftServerImpl.java:<init>(93)) - ac838652-17da-43f9-b098-84edc167383c: new RaftServerImpl for group-64A62B287AA0:[8a76d8a0-f4e7-4941-9f78-0189fbf176ec:192.168.69.91:38116, ac838652-17da-43f9-b098-84edc167383c:192.168.69.91:46229, 0262ecf8-6c8f-4ee4-a6a4-c79e5aa69523:192.168.69.91:46230] with ContainerStateMachine:uninitialized
2019-08-21 06:48:37,525 [pool-60-thread-1] INFO  server.RaftServerConfigKeys (ConfUtils.java:logGet(43)) - raft.server.rpc.timeout.min = 5s (custom)
2019-08-21 06:48:37,525 [pool-60-thread-1] INFO  server.RaftServerConfigKeys (ConfUtils.java:logGet(43)) - raft.server.rpc.timeout.max = 5200ms (custom)
2019-08-21 06:48:37,525 [pool-60-thread-1] INFO  server.RaftServerConfigKeys (ConfUtils.java:logGet(43)) - raft.server.rpcslowness.timeout = 120s (custom)
2019-08-21 06:48:37,525 [pool-60-thread-1] INFO  server.RaftServerConfigKeys (ConfUtils.java:logGet(43)) - raft.server.sleep.deviation.threshold = 300 (default)
2019-08-21 06:48:37,525 [pool-60-thread-1] INFO  server.RaftServerConfigKeys (ConfUtils.java:logGet(43)) - raft.server.log.appender.install.snapshot.enabled = false (custom)
2019-08-21 06:48:37,526 [pool-60-thread-1] INFO  impl.RaftServerImpl (ServerState.java:<init>(105)) - ac838652-17da-43f9-b098-84edc167383c:group-64A62B287AA0 ConfigurationManager, init=-1: [8a76d8a0-f4e7-4941-9f78-0189fbf176ec:192.168.69.91:38116, ac838652-17da-43f9-b098-84edc167383c:192.168.69.91:46229, 0262ecf8-6c8f-4ee4-a6a4-c79e5aa69523:192.168.69.91:46230], old=null, confs=<EMPTY_MAP>
2019-08-21 06:48:37,526 [pool-82-thread-1] INFO  impl.RaftServerImpl (RaftServerImpl.java:<init>(93)) - 0262ecf8-6c8f-4ee4-a6a4-c79e5aa69523: new RaftServerImpl for group-64A62B287AA0:[8a76d8a0-f4e7-4941-9f78-0189fbf176ec:192.168.69.91:38116, ac838652-17da-43f9-b098-84edc167383c:192.168.69.91:46229, 0262ecf8-6c8f-4ee4-a6a4-c79e5aa69523:192.168.69.91:46230] with ContainerStateMachine:uninitialized
2019-08-21 06:48:37,526 [pool-60-thread-1] INFO  server.RaftServerConfigKeys (ConfUtils.java:logGet(43)) - raft.server.storage.dir = [/workdir/hadoop-ozone/integration-test/target/test-dir/MiniOzoneClusterImpl-ad9cffe4-d9dd-4d7e-9292-cb2a09e16687/datanode-3/data/ratis] (custom)
2019-08-21 06:48:37,526 [pool-82-thread-1] INFO  server.RaftServerConfigKeys (ConfUtils.java:logGet(43)) - raft.server.rpc.timeout.min = 5s (custom)
2019-08-21 06:48:37,526 [pool-82-thread-1] INFO  server.RaftServerConfigKeys (ConfUtils.java:logGet(43)) - raft.server.rpc.timeout.max = 5200ms (custom)
2019-08-21 06:48:37,526 [pool-60-thread-1] INFO  storage.RaftStorageDirectory (RaftStorageDirectory.java:analyzeStorage(246)) - The storage directory /workdir/hadoop-ozone/integration-test/target/test-dir/MiniOzoneClusterImpl-ad9cffe4-d9dd-4d7e-9292-cb2a09e16687/datanode-3/data/ratis/4b7c9636-2335-4ac3-9640-64a62b287aa0 does not exist. Creating ...
2019-08-21 06:48:37,526 [pool-82-thread-1] INFO  server.RaftServerConfigKeys (ConfUtils.java:logGet(43)) - raft.server.rpcslowness.timeout = 120s (custom)
2019-08-21 06:48:37,527 [pool-82-thread-1] INFO  server.RaftServerConfigKeys (ConfUtils.java:logGet(43)) - raft.server.sleep.deviation.threshold = 300 (default)
2019-08-21 06:48:37,527 [pool-82-thread-1] INFO  server.RaftServerConfigKeys (ConfUtils.java:logGet(43)) - raft.server.log.appender.install.snapshot.enabled = false (custom)
2019-08-21 06:48:37,527 [pool-82-thread-1] INFO  impl.RaftServerImpl (ServerState.java:<init>(105)) - 0262ecf8-6c8f-4ee4-a6a4-c79e5aa69523:group-64A62B287AA0 ConfigurationManager, init=-1: [8a76d8a0-f4e7-4941-9f78-0189fbf176ec:192.168.69.91:38116, ac838652-17da-43f9-b098-84edc167383c:192.168.69.91:46229, 0262ecf8-6c8f-4ee4-a6a4-c79e5aa69523:192.168.69.91:46230], old=null, confs=<EMPTY_MAP>
2019-08-21 06:48:37,527 [pool-82-thread-1] INFO  server.RaftServerConfigKeys (ConfUtils.java:logGet(43)) - raft.server.storage.dir = [/workdir/hadoop-ozone/integration-test/target/test-dir/MiniOzoneClusterImpl-ad9cffe4-d9dd-4d7e-9292-cb2a09e16687/datanode-5/data/ratis] (custom)
2019-08-21 06:48:37,528 [pool-82-thread-1] INFO  storage.RaftStorageDirectory (RaftStorageDirectory.java:analyzeStorage(246)) - The storage directory /workdir/hadoop-ozone/integration-test/target/test-dir/MiniOzoneClusterImpl-ad9cffe4-d9dd-4d7e-9292-cb2a09e16687/datanode-5/data/ratis/4b7c9636-2335-4ac3-9640-64a62b287aa0 does not exist. Creating ...
2019-08-21 06:48:37,537 [pool-82-thread-1] INFO  storage.RaftStorageDirectory (RaftStorageDirectory.java:tryLock(328)) - Lock on /workdir/hadoop-ozone/integration-test/target/test-dir/MiniOzoneClusterImpl-ad9cffe4-d9dd-4d7e-9292-cb2a09e16687/datanode-5/data/ratis/4b7c9636-2335-4ac3-9640-64a62b287aa0/in_use.lock acquired by nodename 23833@trunk-nightly-9stkx-2366262011
2019-08-21 06:48:37,537 [pool-38-thread-1] INFO  storage.RaftStorageDirectory (RaftStorageDirectory.java:tryLock(328)) - Lock on /workdir/hadoop-ozone/integration-test/target/test-dir/MiniOzoneClusterImpl-ad9cffe4-d9dd-4d7e-9292-cb2a09e16687/datanode-1/data/ratis/4b7c9636-2335-4ac3-9640-64a62b287aa0/in_use.lock acquired by nodename 23833@trunk-nightly-9stkx-2366262011
2019-08-21 06:48:37,537 [pool-60-thread-1] INFO  storage.RaftStorageDirectory (RaftStorageDirectory.java:tryLock(328)) - Lock on /workdir/hadoop-ozone/integration-test/target/test-dir/MiniOzoneClusterImpl-ad9cffe4-d9dd-4d7e-9292-cb2a09e16687/datanode-3/data/ratis/4b7c9636-2335-4ac3-9640-64a62b287aa0/in_use.lock acquired by nodename 23833@trunk-nightly-9stkx-2366262011
2019-08-21 06:48:37,541 [pool-82-thread-1] INFO  storage.RaftStorage (RaftStorage.java:format(72)) - Storage directory /workdir/hadoop-ozone/integration-test/target/test-dir/MiniOzoneClusterImpl-ad9cffe4-d9dd-4d7e-9292-cb2a09e16687/datanode-5/data/ratis/4b7c9636-2335-4ac3-9640-64a62b287aa0 has been successfully formatted.
2019-08-21 06:48:37,541 [pool-38-thread-1] INFO  storage.RaftStorage (RaftStorage.java:format(72)) - Storage directory /workdir/hadoop-ozone/integration-test/target/test-dir/MiniOzoneClusterImpl-ad9cffe4-d9dd-4d7e-9292-cb2a09e16687/datanode-1/data/ratis/4b7c9636-2335-4ac3-9640-64a62b287aa0 has been successfully formatted.
2019-08-21 06:48:37,541 [pool-60-thread-1] INFO  storage.RaftStorage (RaftStorage.java:format(72)) - Storage directory /workdir/hadoop-ozone/integration-test/target/test-dir/MiniOzoneClusterImpl-ad9cffe4-d9dd-4d7e-9292-cb2a09e16687/datanode-3/data/ratis/4b7c9636-2335-4ac3-9640-64a62b287aa0 has been successfully formatted.
2019-08-21 06:48:37,541 [pool-38-thread-1] INFO  ratis.ContainerStateMachine (ContainerStateMachine.java:loadSnapshot(226)) - group-64A62B287AA0: The snapshot info is null. Setting the last applied indexto:(t:0, i:~)
2019-08-21 06:48:37,541 [pool-82-thread-1] INFO  ratis.ContainerStateMachine (ContainerStateMachine.java:loadSnapshot(226)) - group-64A62B287AA0: The snapshot info is null. Setting the last applied indexto:(t:0, i:~)
2019-08-21 06:48:37,541 [pool-38-thread-1] INFO  server.RaftServerConfigKeys (ConfUtils.java:logGet(43)) - raft.server.leader.election.timeout = 120s (custom)
2019-08-21 06:48:37,541 [pool-60-thread-1] INFO  ratis.ContainerStateMachine (ContainerStateMachine.java:loadSnapshot(226)) - group-64A62B287AA0: The snapshot info is null. Setting the last applied indexto:(t:0, i:~)
2019-08-21 06:48:37,541 [pool-38-thread-1] INFO  server.RaftServerConfigKeys (ConfUtils.java:logGet(43)) - raft.server.log.use.memory = false (default)
2019-08-21 06:48:37,541 [pool-82-thread-1] INFO  server.RaftServerConfigKeys (ConfUtils.java:logGet(43)) - raft.server.leader.election.timeout = 120s (custom)
2019-08-21 06:48:37,542 [pool-38-thread-1] INFO  server.RaftServerConfigKeys (ConfUtils.java:logGet(43)) - raft.server.log.purge.gap = 1000000 (custom)
2019-08-21 06:48:37,542 [pool-60-thread-1] INFO  server.RaftServerConfigKeys (ConfUtils.java:logGet(43)) - raft.server.leader.election.timeout = 120s (custom)
2019-08-21 06:48:37,542 [pool-38-thread-1] INFO  server.RaftServerConfigKeys (ConfUtils.java:logGet(43)) - raft.server.log.appender.buffer.byte-limit = 33554432 (custom)
2019-08-21 06:48:37,542 [pool-82-thread-1] INFO  server.RaftServerConfigKeys (ConfUtils.java:logGet(43)) - raft.server.log.use.memory = false (default)
2019-08-21 06:48:37,542 [pool-38-thread-1] INFO  server.RaftServerConfigKeys (ConfUtils.java:logGet(43)) - raft.server.log.segment.size.max = 1048576 (custom)
2019-08-21 06:48:37,542 [pool-60-thread-1] INFO  server.RaftServerConfigKeys (ConfUtils.java:logGet(43)) - raft.server.log.use.memory = false (default)
2019-08-21 06:48:37,542 [pool-38-thread-1] INFO  server.RaftServerConfigKeys (ConfUtils.java:logGet(43)) - raft.server.log.segment.cache.num.max = 2 (custom)
2019-08-21 06:48:37,542 [pool-82-thread-1] INFO  server.RaftServerConfigKeys (ConfUtils.java:logGet(43)) - raft.server.log.purge.gap = 1000000 (custom)
2019-08-21 06:48:37,543 [pool-38-thread-1] INFO  segmented.SegmentedRaftLogWorker (SegmentedRaftLogWorker.java:<init>(172)) - new 8a76d8a0-f4e7-4941-9f78-0189fbf176ec-SegmentedRaftLogWorker:Storage Directory /workdir/hadoop-ozone/integration-test/target/test-dir/MiniOzoneClusterImpl-ad9cffe4-d9dd-4d7e-9292-cb2a09e16687/datanode-1/data/ratis/4b7c9636-2335-4ac3-9640-64a62b287aa0 for RaftStorage:Storage Directory /workdir/hadoop-ozone/integration-test/target/test-dir/MiniOzoneClusterImpl-ad9cffe4-d9dd-4d7e-9292-cb2a09e16687/datanode-1/data/ratis/4b7c9636-2335-4ac3-9640-64a62b287aa0
2019-08-21 06:48:37,543 [pool-60-thread-1] INFO  server.RaftServerConfigKeys (ConfUtils.java:logGet(43)) - raft.server.log.purge.gap = 1000000 (custom)
2019-08-21 06:48:37,543 [pool-38-thread-1] INFO  server.RaftServerConfigKeys (ConfUtils.java:logGet(43)) - raft.server.log.queue.byte-limit = 2147483647 (custom)
2019-08-21 06:48:37,545 [pool-38-thread-1] INFO  server.RaftServerConfigKeys (ConfUtils.java:logGet(43)) - raft.server.log.queue.element-limit = 1024 (custom)
2019-08-21 06:48:37,543 [pool-82-thread-1] INFO  server.RaftServerConfigKeys (ConfUtils.java:logGet(43)) - raft.server.log.appender.buffer.byte-limit = 33554432 (custom)
2019-08-21 06:48:37,545 [pool-38-thread-1] INFO  server.RaftServerConfigKeys (ConfUtils.java:logGet(43)) - raft.server.log.segment.size.max = 1048576 (custom)
2019-08-21 06:48:37,545 [pool-60-thread-1] INFO  server.RaftServerConfigKeys (ConfUtils.java:logGet(43)) - raft.server.log.appender.buffer.byte-limit = 33554432 (custom)
2019-08-21 06:48:37,545 [pool-38-thread-1] INFO  server.RaftServerConfigKeys (ConfUtils.java:logGet(43)) - raft.server.log.preallocated.size = 16384 (custom)
2019-08-21 06:48:37,545 [pool-82-thread-1] INFO  server.RaftServerConfigKeys (ConfUtils.java:logGet(43)) - raft.server.log.segment.size.max = 1048576 (custom)
2019-08-21 06:48:37,545 [pool-38-thread-1] INFO  server.RaftServerConfigKeys (ConfUtils.java:logGet(43)) - raft.server.log.write.buffer.size = 33554432 (custom)
2019-08-21 06:48:37,545 [pool-60-thread-1] INFO  server.RaftServerConfigKeys (ConfUtils.java:logGet(43)) - raft.server.log.segment.size.max = 1048576 (custom)
2019-08-21 06:48:37,546 [pool-38-thread-1] INFO  server.RaftServerConfigKeys (ConfUtils.java:logGet(43)) - raft.server.log.force.sync.num = 128 (default)
2019-08-21 06:48:37,546 [pool-82-thread-1] INFO  server.RaftServerConfigKeys (ConfUtils.java:logGet(43)) - raft.server.log.segment.cache.num.max = 2 (custom)
2019-08-21 06:48:37,546 [pool-38-thread-1] INFO  server.RaftServerConfigKeys (ConfUtils.java:logGet(43)) - raft.server.log.statemachine.data.sync = true (default)
2019-08-21 06:48:37,546 [pool-60-thread-1] INFO  server.RaftServerConfigKeys (ConfUtils.java:logGet(43)) - raft.server.log.segment.cache.num.max = 2 (custom)
2019-08-21 06:48:37,546 [pool-38-thread-1] INFO  server.RaftServerConfigKeys (ConfUtils.java:logGet(43)) - raft.server.log.statemachine.data.sync.timeout = 10s (default)
2019-08-21 06:48:37,546 [pool-82-thread-1] INFO  segmented.SegmentedRaftLogWorker (SegmentedRaftLogWorker.java:<init>(172)) - new 0262ecf8-6c8f-4ee4-a6a4-c79e5aa69523-SegmentedRaftLogWorker:Storage Directory /workdir/hadoop-ozone/integration-test/target/test-dir/MiniOzoneClusterImpl-ad9cffe4-d9dd-4d7e-9292-cb2a09e16687/datanode-5/data/ratis/4b7c9636-2335-4ac3-9640-64a62b287aa0 for RaftStorage:Storage Directory /workdir/hadoop-ozone/integration-test/target/test-dir/MiniOzoneClusterImpl-ad9cffe4-d9dd-4d7e-9292-cb2a09e16687/datanode-5/data/ratis/4b7c9636-2335-4ac3-9640-64a62b287aa0
2019-08-21 06:48:37,546 [pool-38-thread-1] INFO  server.RaftServerConfigKeys (ConfUtils.java:logGet(43)) - raft.server.log.statemachine.data.sync.timeout.retry = -1 (default)
2019-08-21 06:48:37,546 [pool-60-thread-1] INFO  segmented.SegmentedRaftLogWorker (SegmentedRaftLogWorker.java:<init>(172)) - new ac838652-17da-43f9-b098-84edc167383c-SegmentedRaftLogWorker:Storage Directory /workdir/hadoop-ozone/integration-test/target/test-dir/MiniOzoneClusterImpl-ad9cffe4-d9dd-4d7e-9292-cb2a09e16687/datanode-3/data/ratis/4b7c9636-2335-4ac3-9640-64a62b287aa0 for RaftStorage:Storage Directory /workdir/hadoop-ozone/integration-test/target/test-dir/MiniOzoneClusterImpl-ad9cffe4-d9dd-4d7e-9292-cb2a09e16687/datanode-3/data/ratis/4b7c9636-2335-4ac3-9640-64a62b287aa0
2019-08-21 06:48:37,548 [pool-38-thread-1] INFO  server.RaftServerConfigKeys (ConfUtils.java:logGet(43)) - raft.server.log.statemachine.data.caching.enabled = true (custom)
2019-08-21 06:48:37,547 [pool-82-thread-1] INFO  server.RaftServerConfigKeys (ConfUtils.java:logGet(43)) - raft.server.log.queue.byte-limit = 2147483647 (custom)
2019-08-21 06:48:37,548 [pool-60-thread-1] INFO  server.RaftServerConfigKeys (ConfUtils.java:logGet(43)) - raft.server.log.queue.byte-limit = 2147483647 (custom)
2019-08-21 06:48:37,549 [pool-38-thread-1] INFO  segmented.SegmentedRaftLogWorker (SegmentedRaftLogWorker.java:lambda$new$0(132)) - 8a76d8a0-f4e7-4941-9f78-0189fbf176ec-SegmentedRaftLogWorker:Storage Directory /workdir/hadoop-ozone/integration-test/target/test-dir/MiniOzoneClusterImpl-ad9cffe4-d9dd-4d7e-9292-cb2a09e16687/datanode-1/data/ratis/4b7c9636-2335-4ac3-9640-64a62b287aa0: flushIndex: setUnconditionally 0 -> -1
2019-08-21 06:48:37,549 [pool-60-thread-1] INFO  server.RaftServerConfigKeys (ConfUtils.java:logGet(43)) - raft.server.log.queue.element-limit = 1024 (custom)
2019-08-21 06:48:37,549 [pool-82-thread-1] INFO  server.RaftServerConfigKeys (ConfUtils.java:logGet(43)) - raft.server.log.queue.element-limit = 1024 (custom)
2019-08-21 06:48:37,550 [pool-60-thread-1] INFO  server.RaftServerConfigKeys (ConfUtils.java:logGet(43)) - raft.server.log.segment.size.max = 1048576 (custom)
2019-08-21 06:48:37,550 [pool-38-thread-1] INFO  server.RaftServerConfigKeys (ConfUtils.java:logGet(43)) - raft.server.snapshot.auto.trigger.enabled = true (custom)
2019-08-21 06:48:37,550 [pool-60-thread-1] INFO  server.RaftServerConfigKeys (ConfUtils.java:logGet(43)) - raft.server.log.preallocated.size = 16384 (custom)
2019-08-21 06:48:37,550 [pool-82-thread-1] INFO  server.RaftServerConfigKeys (ConfUtils.java:logGet(43)) - raft.server.log.segment.size.max = 1048576 (custom)
2019-08-21 06:48:37,550 [pool-60-thread-1] INFO  server.RaftServerConfigKeys (ConfUtils.java:logGet(43)) - raft.server.log.write.buffer.size = 33554432 (custom)
2019-08-21 06:48:37,550 [pool-38-thread-1] INFO  server.RaftServerConfigKeys (ConfUtils.java:logGet(43)) - raft.server.snapshot.auto.trigger.threshold = 10000 (custom)
2019-08-21 06:48:37,550 [pool-60-thread-1] INFO  server.RaftServerConfigKeys (ConfUtils.java:logGet(43)) - raft.server.log.force.sync.num = 128 (default)
2019-08-21 06:48:37,550 [pool-82-thread-1] INFO  server.RaftServerConfigKeys (ConfUtils.java:logGet(43)) - raft.server.log.preallocated.size = 16384 (custom)
2019-08-21 06:48:37,551 [pool-60-thread-1] INFO  server.RaftServerConfigKeys (ConfUtils.java:logGet(43)) - raft.server.log.statemachine.data.sync = true (default)
2019-08-21 06:48:37,551 [pool-38-thread-1] INFO  server.RaftServerConfigKeys (ConfUtils.java:logGet(43)) - raft.server.retrycache.expirytime = 600000ms (custom)
2019-08-21 06:48:37,551 [pool-60-thread-1] INFO  server.RaftServerConfigKeys (ConfUtils.java:logGet(43)) - raft.server.log.statemachine.data.sync.timeout = 10s (default)
2019-08-21 06:48:37,551 [pool-82-thread-1] INFO  server.RaftServerConfigKeys (ConfUtils.java:logGet(43)) - raft.server.log.write.buffer.size = 33554432 (custom)
2019-08-21 06:48:37,551 [pool-60-thread-1] INFO  server.RaftServerConfigKeys (ConfUtils.java:logGet(43)) - raft.server.log.statemachine.data.sync.timeout.retry = -1 (default)
2019-08-21 06:48:37,551 [pool-38-thread-1] INFO  impl.RaftServerImpl (RaftServerImpl.java:start(180)) - 8a76d8a0-f4e7-4941-9f78-0189fbf176ec: start group-64A62B287AA0
2019-08-21 06:48:37,552 [pool-60-thread-1] INFO  server.RaftServerConfigKeys (ConfUtils.java:logGet(43)) - raft.server.log.statemachine.data.caching.enabled = true (custom)
2019-08-21 06:48:37,551 [pool-82-thread-1] INFO  server.RaftServerConfigKeys (ConfUtils.java:logGet(43)) - raft.server.log.force.sync.num = 128 (default)
2019-08-21 06:48:37,552 [pool-38-thread-1] INFO  impl.RaftServerImpl (RaftServerImpl.java:setRole(171)) - 8a76d8a0-f4e7-4941-9f78-0189fbf176ec:group-64A62B287AA0 changes role from null to FOLLOWER at term 0 for startAsFollower
2019-08-21 06:48:37,552 [pool-60-thread-1] INFO  segmented.SegmentedRaftLogWorker (SegmentedRaftLogWorker.java:lambda$new$0(132)) - ac838652-17da-43f9-b098-84edc167383c-SegmentedRaftLogWorker:Storage Directory /workdir/hadoop-ozone/integration-test/target/test-dir/MiniOzoneClusterImpl-ad9cffe4-d9dd-4d7e-9292-cb2a09e16687/datanode-3/data/ratis/4b7c9636-2335-4ac3-9640-64a62b287aa0: flushIndex: setUnconditionally 0 -> -1
2019-08-21 06:48:37,552 [pool-82-thread-1] INFO  server.RaftServerConfigKeys (ConfUtils.java:logGet(43)) - raft.server.log.statemachine.data.sync = true (default)
2019-08-21 06:48:37,552 [pool-38-thread-1] INFO  impl.RoleInfo (RoleInfo.java:updateAndGet(143)) - 8a76d8a0-f4e7-4941-9f78-0189fbf176ec: start FollowerState
2019-08-21 06:48:37,552 [pool-60-thread-1] INFO  server.RaftServerConfigKeys (ConfUtils.java:logGet(43)) - raft.server.snapshot.auto.trigger.enabled = true (custom)
2019-08-21 06:48:37,552 [pool-82-thread-1] INFO  server.RaftServerConfigKeys (ConfUtils.java:logGet(43)) - raft.server.log.statemachine.data.sync.timeout = 10s (default)
2019-08-21 06:48:37,553 [pool-38-thread-1] INFO  util.JmxRegister (JmxRegister.java:tryRegister(44)) - Successfully registered JMX Bean with object name Ratis:service=RaftServer,group=group-64A62B287AA0,id=8a76d8a0-f4e7-4941-9f78-0189fbf176ec
2019-08-21 06:48:37,553 [pool-60-thread-1] INFO  server.RaftServerConfigKeys (ConfUtils.java:logGet(43)) - raft.server.snapshot.auto.trigger.threshold = 10000 (custom)
2019-08-21 06:48:37,553 [pool-82-thread-1] INFO  server.RaftServerConfigKeys (ConfUtils.java:logGet(43)) - raft.server.log.statemachine.data.sync.timeout.retry = -1 (default)
2019-08-21 06:48:37,553 [pool-60-thread-1] INFO  server.RaftServerConfigKeys (ConfUtils.java:logGet(43)) - raft.server.retrycache.expirytime = 600000ms (custom)
2019-08-21 06:48:37,553 [pool-82-thread-1] INFO  server.RaftServerConfigKeys (ConfUtils.java:logGet(43)) - raft.server.log.statemachine.data.caching.enabled = true (custom)
2019-08-21 06:48:37,554 [pool-60-thread-1] INFO  impl.RaftServerImpl (RaftServerImpl.java:start(180)) - ac838652-17da-43f9-b098-84edc167383c: start group-64A62B287AA0
2019-08-21 06:48:37,554 [pool-60-thread-1] INFO  impl.RaftServerImpl (RaftServerImpl.java:setRole(171)) - ac838652-17da-43f9-b098-84edc167383c:group-64A62B287AA0 changes role from null to FOLLOWER at term 0 for startAsFollower
2019-08-21 06:48:37,554 [pool-82-thread-1] INFO  segmented.SegmentedRaftLogWorker (SegmentedRaftLogWorker.java:lambda$new$0(132)) - 0262ecf8-6c8f-4ee4-a6a4-c79e5aa69523-SegmentedRaftLogWorker:Storage Directory /workdir/hadoop-ozone/integration-test/target/test-dir/MiniOzoneClusterImpl-ad9cffe4-d9dd-4d7e-9292-cb2a09e16687/datanode-5/data/ratis/4b7c9636-2335-4ac3-9640-64a62b287aa0: flushIndex: setUnconditionally 0 -> -1
2019-08-21 06:48:37,554 [pool-60-thread-1] INFO  impl.RoleInfo (RoleInfo.java:updateAndGet(143)) - ac838652-17da-43f9-b098-84edc167383c: start FollowerState
2019-08-21 06:48:37,554 [pool-82-thread-1] INFO  server.RaftServerConfigKeys (ConfUtils.java:logGet(43)) - raft.server.snapshot.auto.trigger.enabled = true (custom)
2019-08-21 06:48:37,554 [pool-82-thread-1] INFO  server.RaftServerConfigKeys (ConfUtils.java:logGet(43)) - raft.server.snapshot.auto.trigger.threshold = 10000 (custom)
2019-08-21 06:48:37,555 [pool-82-thread-1] INFO  server.RaftServerConfigKeys (ConfUtils.java:logGet(43)) - raft.server.retrycache.expirytime = 600000ms (custom)
2019-08-21 06:48:37,555 [pool-60-thread-1] INFO  util.JmxRegister (JmxRegister.java:tryRegister(44)) - Successfully registered JMX Bean with object name Ratis:service=RaftServer,group=group-64A62B287AA0,id=ac838652-17da-43f9-b098-84edc167383c
2019-08-21 06:48:37,555 [pool-82-thread-1] INFO  impl.RaftServerImpl (RaftServerImpl.java:start(180)) - 0262ecf8-6c8f-4ee4-a6a4-c79e5aa69523: start group-64A62B287AA0
2019-08-21 06:48:37,555 [pool-82-thread-1] INFO  impl.RaftServerImpl (RaftServerImpl.java:setRole(171)) - 0262ecf8-6c8f-4ee4-a6a4-c79e5aa69523:group-64A62B287AA0 changes role from null to FOLLOWER at term 0 for startAsFollower
2019-08-21 06:48:37,555 [pool-82-thread-1] INFO  impl.RoleInfo (RoleInfo.java:updateAndGet(143)) - 0262ecf8-6c8f-4ee4-a6a4-c79e5aa69523: start FollowerState
2019-08-21 06:48:37,556 [pool-82-thread-1] INFO  util.JmxRegister (JmxRegister.java:tryRegister(44)) - Successfully registered JMX Bean with object name Ratis:service=RaftServer,group=group-64A62B287AA0,id=0262ecf8-6c8f-4ee4-a6a4-c79e5aa69523
2019-08-21 06:48:37,570 [RatisPipelineUtilsThread] INFO  pipeline.PipelineStateManager (PipelineStateManager.java:addPipeline(56)) - Created pipeline Pipeline[ Id: 4b7c9636-2335-4ac3-9640-64a62b287aa0, Nodes: 8a76d8a0-f4e7-4941-9f78-0189fbf176ec{ip: 192.168.69.91, host: trunk-nightly-9stkx-2366262011, networkLocation: /default-rack, certSerialId: null}ac838652-17da-43f9-b098-84edc167383c{ip: 192.168.69.91, host: trunk-nightly-9stkx-2366262011, networkLocation: /default-rack, certSerialId: null}0262ecf8-6c8f-4ee4-a6a4-c79e5aa69523{ip: 192.168.69.91, host: trunk-nightly-9stkx-2366262011, networkLocation: /default-rack, certSerialId: null}, Type:RATIS, Factor:THREE, State:OPEN]
2019-08-21 06:48:37,663 | INFO  | SCMAudit | user=jenkins1000 | ip=192.168.69.91 | op=SEND_HEARTBEAT {datanodeUUID=f91f7e81-a37c-4e1f-8f5a-fc0399667c81, command=[]} | ret=SUCCESS |  
2019-08-21 06:48:37,938 | INFO  | SCMAudit | user=jenkins1000 | ip=192.168.69.91 | op=SEND_HEARTBEAT {datanodeUUID=8a76d8a0-f4e7-4941-9f78-0189fbf176ec, command=[]} | ret=SUCCESS |  
2019-08-21 06:48:38,066 [Thread-0] INFO  ozone.MiniOzoneClusterImpl (MiniOzoneClusterImpl.java:lambda$waitForClusterToBeReady$0(142)) - Cluster is ready. Got 6 of 6 DN Heartbeats.
2019-08-21 06:48:38,068 [Thread-0] INFO  pipeline.SCMPipelineManager (SCMPipelineManager.java:finalizeAndDestroyPipeline(309)) - destroying pipeline:Pipeline[ Id: 7eea6c1d-0707-43b4-bfb7-0d3934e0c903, Nodes: 37e73ba6-504c-42d6-9284-4cd48545e58f{ip: 192.168.69.91, host: trunk-nightly-9stkx-2366262011, networkLocation: /default-rack, certSerialId: null}44d45b17-37a4-4814-9169-f3c994da35b8{ip: 192.168.69.91, host: trunk-nightly-9stkx-2366262011, networkLocation: /default-rack, certSerialId: null}f91f7e81-a37c-4e1f-8f5a-fc0399667c81{ip: 192.168.69.91, host: trunk-nightly-9stkx-2366262011, networkLocation: /default-rack, certSerialId: null}, Type:RATIS, Factor:THREE, State:OPEN]
2019-08-21 06:48:38,069 [Thread-0] INFO  pipeline.PipelineStateManager (PipelineStateManager.java:finalizePipeline(123)) - Pipeline Pipeline[ Id: 7eea6c1d-0707-43b4-bfb7-0d3934e0c903, Nodes: 37e73ba6-504c-42d6-9284-4cd48545e58f{ip: 192.168.69.91, host: trunk-nightly-9stkx-2366262011, networkLocation: /default-rack, certSerialId: null}44d45b17-37a4-4814-9169-f3c994da35b8{ip: 192.168.69.91, host: trunk-nightly-9stkx-2366262011, networkLocation: /default-rack, certSerialId: null}f91f7e81-a37c-4e1f-8f5a-fc0399667c81{ip: 192.168.69.91, host: trunk-nightly-9stkx-2366262011, networkLocation: /default-rack, certSerialId: null}, Type:RATIS, Factor:THREE, State:CLOSED] moved to CLOSED state
2019-08-21 06:48:38,092 [grpc-default-executor-0] INFO  impl.RaftServerProxy (RaftServerProxy.java:remove(95)) - 37e73ba6-504c-42d6-9284-4cd48545e58f: remove FOLLOWER group-0D3934E0C903 37e73ba6-504c-42d6-9284-4cd48545e58f:t0, leader=null, voted=null, raftlog=37e73ba6-504c-42d6-9284-4cd48545e58f-SegmentedRaftLog:OPENED:c-1,f-1,i0, conf=-1: [37e73ba6-504c-42d6-9284-4cd48545e58f:192.168.69.91:39695, f91f7e81-a37c-4e1f-8f5a-fc0399667c81:192.168.69.91:33512, 44d45b17-37a4-4814-9169-f3c994da35b8:192.168.69.91:46114], old=null RUNNING
2019-08-21 06:48:38,097 [grpc-default-executor-0] INFO  impl.RaftServerImpl (RaftServerImpl.java:lambda$shutdown$3(245)) - 37e73ba6-504c-42d6-9284-4cd48545e58f: shutdown group-0D3934E0C903
2019-08-21 06:48:38,098 [grpc-default-executor-0] INFO  util.JmxRegister (JmxRegister.java:unregister(73)) - Successfully un-registered JMX Bean with object name Ratis:service=RaftServer,group=group-0D3934E0C903,id=37e73ba6-504c-42d6-9284-4cd48545e58f
2019-08-21 06:48:38,098 [grpc-default-executor-0] INFO  impl.RoleInfo (RoleInfo.java:shutdownFollowerState(121)) - 37e73ba6-504c-42d6-9284-4cd48545e58f: shutdown FollowerState
2019-08-21 06:48:38,099 [grpc-default-executor-0] INFO  impl.StateMachineUpdater (StateMachineUpdater.java:stopAndJoin(115)) - StateMachineUpdater:37e73ba6-504c-42d6-9284-4cd48545e58f:group-0D3934E0C903: set stopIndex = -1
2019-08-21 06:48:38,099 [Thread-247] INFO  impl.FollowerState (FollowerState.java:run(114)) - 37e73ba6-504c-42d6-9284-4cd48545e58f: FollowerState was interrupted: java.lang.InterruptedException: sleep interrupted
2019-08-21 06:48:38,102 [grpc-default-executor-0] INFO  impl.RaftServerImpl (ServerState.java:close(394)) - 37e73ba6-504c-42d6-9284-4cd48545e58f:group-0D3934E0C903 closes. The last applied log index is -1
2019-08-21 06:48:38,108 [37e73ba6-504c-42d6-9284-4cd48545e58f-SegmentedRaftLogWorker:Storage Directory /workdir/hadoop-ozone/integration-test/target/test-dir/MiniOzoneClusterImpl-ad9cffe4-d9dd-4d7e-9292-cb2a09e16687/datanode-2/data/ratis/7eea6c1d-0707-43b4-bfb7-0d3934e0c903] INFO  segmented.SegmentedRaftLogWorker (SegmentedRaftLogWorker.java:run(313)) - 37e73ba6-504c-42d6-9284-4cd48545e58f-SegmentedRaftLogWorker:Storage Directory /workdir/hadoop-ozone/integration-test/target/test-dir/MiniOzoneClusterImpl-ad9cffe4-d9dd-4d7e-9292-cb2a09e16687/datanode-2/data/ratis/7eea6c1d-0707-43b4-bfb7-0d3934e0c903 was interrupted, exiting. There are 0 tasks remaining in the queue.
2019-08-21 06:48:38,110 [grpc-default-executor-0] INFO  segmented.SegmentedRaftLogWorker (SegmentedRaftLogWorker.java:close(228)) - 37e73ba6-504c-42d6-9284-4cd48545e58f-SegmentedRaftLogWorker:Storage Directory /workdir/hadoop-ozone/integration-test/target/test-dir/MiniOzoneClusterImpl-ad9cffe4-d9dd-4d7e-9292-cb2a09e16687/datanode-2/data/ratis/7eea6c1d-0707-43b4-bfb7-0d3934e0c903 close()
2019-08-21 06:48:38,146 [grpc-default-executor-2] INFO  impl.RaftServerProxy (RaftServerProxy.java:remove(95)) - 44d45b17-37a4-4814-9169-f3c994da35b8: remove FOLLOWER group-0D3934E0C903 44d45b17-37a4-4814-9169-f3c994da35b8:t0, leader=null, voted=null, raftlog=44d45b17-37a4-4814-9169-f3c994da35b8-SegmentedRaftLog:OPENED:c-1,f-1,i0, conf=-1: [37e73ba6-504c-42d6-9284-4cd48545e58f:192.168.69.91:39695, f91f7e81-a37c-4e1f-8f5a-fc0399667c81:192.168.69.91:33512, 44d45b17-37a4-4814-9169-f3c994da35b8:192.168.69.91:46114], old=null RUNNING
2019-08-21 06:48:38,148 [grpc-default-executor-2] INFO  impl.RaftServerImpl (RaftServerImpl.java:lambda$shutdown$3(245)) - 44d45b17-37a4-4814-9169-f3c994da35b8: shutdown group-0D3934E0C903
2019-08-21 06:48:38,148 [grpc-default-executor-2] INFO  util.JmxRegister (JmxRegister.java:unregister(73)) - Successfully un-registered JMX Bean with object name Ratis:service=RaftServer,group=group-0D3934E0C903,id=44d45b17-37a4-4814-9169-f3c994da35b8
2019-08-21 06:48:38,148 [grpc-default-executor-2] INFO  impl.RoleInfo (RoleInfo.java:shutdownFollowerState(121)) - 44d45b17-37a4-4814-9169-f3c994da35b8: shutdown FollowerState
2019-08-21 06:48:38,149 [grpc-default-executor-2] INFO  impl.StateMachineUpdater (StateMachineUpdater.java:stopAndJoin(115)) - StateMachineUpdater:44d45b17-37a4-4814-9169-f3c994da35b8:group-0D3934E0C903: set stopIndex = -1
2019-08-21 06:48:38,150 [Thread-243] INFO  impl.FollowerState (FollowerState.java:run(114)) - 44d45b17-37a4-4814-9169-f3c994da35b8: FollowerState was interrupted: java.lang.InterruptedException: sleep interrupted
2019-08-21 06:48:38,153 [grpc-default-executor-2] INFO  impl.RaftServerImpl (ServerState.java:close(394)) - 44d45b17-37a4-4814-9169-f3c994da35b8:group-0D3934E0C903 closes. The last applied log index is -1
2019-08-21 06:48:38,156 [44d45b17-37a4-4814-9169-f3c994da35b8-SegmentedRaftLogWorker:Storage Directory /workdir/hadoop-ozone/integration-test/target/test-dir/MiniOzoneClusterImpl-ad9cffe4-d9dd-4d7e-9292-cb2a09e16687/datanode-4/data/ratis/7eea6c1d-0707-43b4-bfb7-0d3934e0c903] INFO  segmented.SegmentedRaftLogWorker (SegmentedRaftLogWorker.java:run(313)) - 44d45b17-37a4-4814-9169-f3c994da35b8-SegmentedRaftLogWorker:Storage Directory /workdir/hadoop-ozone/integration-test/target/test-dir/MiniOzoneClusterImpl-ad9cffe4-d9dd-4d7e-9292-cb2a09e16687/datanode-4/data/ratis/7eea6c1d-0707-43b4-bfb7-0d3934e0c903 was interrupted, exiting. There are 0 tasks remaining in the queue.
2019-08-21 06:48:38,156 [grpc-default-executor-2] INFO  segmented.SegmentedRaftLogWorker (SegmentedRaftLogWorker.java:close(228)) - 44d45b17-37a4-4814-9169-f3c994da35b8-SegmentedRaftLogWorker:Storage Directory /workdir/hadoop-ozone/integration-test/target/test-dir/MiniOzoneClusterImpl-ad9cffe4-d9dd-4d7e-9292-cb2a09e16687/datanode-4/data/ratis/7eea6c1d-0707-43b4-bfb7-0d3934e0c903 close()
2019-08-21 06:48:38,184 [grpc-default-executor-2] INFO  impl.RaftServerProxy (RaftServerProxy.java:remove(95)) - f91f7e81-a37c-4e1f-8f5a-fc0399667c81: remove FOLLOWER group-0D3934E0C903 f91f7e81-a37c-4e1f-8f5a-fc0399667c81:t0, leader=null, voted=null, raftlog=f91f7e81-a37c-4e1f-8f5a-fc0399667c81-SegmentedRaftLog:OPENED:c-1,f-1,i0, conf=-1: [37e73ba6-504c-42d6-9284-4cd48545e58f:192.168.69.91:39695, f91f7e81-a37c-4e1f-8f5a-fc0399667c81:192.168.69.91:33512, 44d45b17-37a4-4814-9169-f3c994da35b8:192.168.69.91:46114], old=null RUNNING
2019-08-21 06:48:38,184 [grpc-default-executor-2] INFO  impl.RaftServerImpl (RaftServerImpl.java:lambda$shutdown$3(245)) - f91f7e81-a37c-4e1f-8f5a-fc0399667c81: shutdown group-0D3934E0C903
2019-08-21 06:48:38,185 [grpc-default-executor-2] INFO  util.JmxRegister (JmxRegister.java:unregister(73)) - Successfully un-registered JMX Bean with object name Ratis:service=RaftServer,group=group-0D3934E0C903,id=f91f7e81-a37c-4e1f-8f5a-fc0399667c81
2019-08-21 06:48:38,185 [grpc-default-executor-2] INFO  impl.RoleInfo (RoleInfo.java:shutdownFollowerState(121)) - f91f7e81-a37c-4e1f-8f5a-fc0399667c81: shutdown FollowerState
2019-08-21 06:48:38,185 [grpc-default-executor-2] INFO  impl.StateMachineUpdater (StateMachineUpdater.java:stopAndJoin(115)) - StateMachineUpdater:f91f7e81-a37c-4e1f-8f5a-fc0399667c81:group-0D3934E0C903: set stopIndex = -1
2019-08-21 06:48:38,185 [Thread-248] INFO  impl.FollowerState (FollowerState.java:run(114)) - f91f7e81-a37c-4e1f-8f5a-fc0399667c81: FollowerState was interrupted: java.lang.InterruptedException: sleep interrupted
2019-08-21 06:48:38,187 [grpc-default-executor-2] INFO  impl.RaftServerImpl (ServerState.java:close(394)) - f91f7e81-a37c-4e1f-8f5a-fc0399667c81:group-0D3934E0C903 closes. The last applied log index is -1
2019-08-21 06:48:38,188 [f91f7e81-a37c-4e1f-8f5a-fc0399667c81-SegmentedRaftLogWorker:Storage Directory /workdir/hadoop-ozone/integration-test/target/test-dir/MiniOzoneClusterImpl-ad9cffe4-d9dd-4d7e-9292-cb2a09e16687/datanode-0/data/ratis/7eea6c1d-0707-43b4-bfb7-0d3934e0c903] INFO  segmented.SegmentedRaftLogWorker (SegmentedRaftLogWorker.java:run(313)) - f91f7e81-a37c-4e1f-8f5a-fc0399667c81-SegmentedRaftLogWorker:Storage Directory /workdir/hadoop-ozone/integration-test/target/test-dir/MiniOzoneClusterImpl-ad9cffe4-d9dd-4d7e-9292-cb2a09e16687/datanode-0/data/ratis/7eea6c1d-0707-43b4-bfb7-0d3934e0c903 was interrupted, exiting. There are 0 tasks remaining in the queue.
2019-08-21 06:48:38,188 [grpc-default-executor-2] INFO  segmented.SegmentedRaftLogWorker (SegmentedRaftLogWorker.java:close(228)) - f91f7e81-a37c-4e1f-8f5a-fc0399667c81-SegmentedRaftLogWorker:Storage Directory /workdir/hadoop-ozone/integration-test/target/test-dir/MiniOzoneClusterImpl-ad9cffe4-d9dd-4d7e-9292-cb2a09e16687/datanode-0/data/ratis/7eea6c1d-0707-43b4-bfb7-0d3934e0c903 close()
2019-08-21 06:48:38,197 [Thread-0] INFO  pipeline.PipelineStateManager (PipelineStateManager.java:removePipeline(108)) - Pipeline Pipeline[ Id: 7eea6c1d-0707-43b4-bfb7-0d3934e0c903, Nodes: 37e73ba6-504c-42d6-9284-4cd48545e58f{ip: 192.168.69.91, host: trunk-nightly-9stkx-2366262011, networkLocation: /default-rack, certSerialId: null}44d45b17-37a4-4814-9169-f3c994da35b8{ip: 192.168.69.91, host: trunk-nightly-9stkx-2366262011, networkLocation: /default-rack, certSerialId: null}f91f7e81-a37c-4e1f-8f5a-fc0399667c81{ip: 192.168.69.91, host: trunk-nightly-9stkx-2366262011, networkLocation: /default-rack, certSerialId: null}, Type:RATIS, Factor:THREE, State:CLOSED] removed from db
2019-08-21 06:48:38,200 [Thread-0] INFO  pipeline.SCMPipelineManager (SCMPipelineManager.java:finalizeAndDestroyPipeline(309)) - destroying pipeline:Pipeline[ Id: 4b7c9636-2335-4ac3-9640-64a62b287aa0, Nodes: 8a76d8a0-f4e7-4941-9f78-0189fbf176ec{ip: 192.168.69.91, host: trunk-nightly-9stkx-2366262011, networkLocation: /default-rack, certSerialId: null}ac838652-17da-43f9-b098-84edc167383c{ip: 192.168.69.91, host: trunk-nightly-9stkx-2366262011, networkLocation: /default-rack, certSerialId: null}0262ecf8-6c8f-4ee4-a6a4-c79e5aa69523{ip: 192.168.69.91, host: trunk-nightly-9stkx-2366262011, networkLocation: /default-rack, certSerialId: null}, Type:RATIS, Factor:THREE, State:OPEN]
2019-08-21 06:48:38,216 [grpc-default-executor-2] INFO  impl.RaftServerProxy (RaftServerProxy.java:addNew(89)) - f91f7e81-a37c-4e1f-8f5a-fc0399667c81: addNew group-0360AB03DFD3:[37e73ba6-504c-42d6-9284-4cd48545e58f:192.168.69.91:39695, f91f7e81-a37c-4e1f-8f5a-fc0399667c81:192.168.69.91:33512, 44d45b17-37a4-4814-9169-f3c994da35b8:192.168.69.91:46114] returns group-0360AB03DFD3:java.util.concurrent.CompletableFuture@e6efbc0[Not completed]
2019-08-21 06:48:38,221 [grpc-default-executor-0] INFO  impl.RaftServerProxy (RaftServerProxy.java:addNew(89)) - 44d45b17-37a4-4814-9169-f3c994da35b8: addNew group-0360AB03DFD3:[37e73ba6-504c-42d6-9284-4cd48545e58f:192.168.69.91:39695, f91f7e81-a37c-4e1f-8f5a-fc0399667c81:192.168.69.91:33512, 44d45b17-37a4-4814-9169-f3c994da35b8:192.168.69.91:46114] returns group-0360AB03DFD3:java.util.concurrent.CompletableFuture@5386cf8e[Not completed]
2019-08-21 06:48:38,221 [grpc-default-executor-1] INFO  impl.RaftServerProxy (RaftServerProxy.java:addNew(89)) - 37e73ba6-504c-42d6-9284-4cd48545e58f: addNew group-0360AB03DFD3:[37e73ba6-504c-42d6-9284-4cd48545e58f:192.168.69.91:39695, f91f7e81-a37c-4e1f-8f5a-fc0399667c81:192.168.69.91:33512, 44d45b17-37a4-4814-9169-f3c994da35b8:192.168.69.91:46114] returns group-0360AB03DFD3:java.util.concurrent.CompletableFuture@737aa730[Not completed]
2019-08-21 06:48:38,224 [pool-49-thread-1] INFO  impl.RaftServerImpl (RaftServerImpl.java:<init>(93)) - 37e73ba6-504c-42d6-9284-4cd48545e58f: new RaftServerImpl for group-0360AB03DFD3:[37e73ba6-504c-42d6-9284-4cd48545e58f:192.168.69.91:39695, f91f7e81-a37c-4e1f-8f5a-fc0399667c81:192.168.69.91:33512, 44d45b17-37a4-4814-9169-f3c994da35b8:192.168.69.91:46114] with ContainerStateMachine:uninitialized
2019-08-21 06:48:38,224 [pool-49-thread-1] INFO  server.RaftServerConfigKeys (ConfUtils.java:logGet(43)) - raft.server.rpc.timeout.min = 5s (custom)
2019-08-21 06:48:38,224 [pool-49-thread-1] INFO  server.RaftServerConfigKeys (ConfUtils.java:logGet(43)) - raft.server.rpc.timeout.max = 5200ms (custom)
2019-08-21 06:48:38,224 [pool-49-thread-1] INFO  server.RaftServerConfigKeys (ConfUtils.java:logGet(43)) - raft.server.rpcslowness.timeout = 120s (custom)
2019-08-21 06:48:38,224 [pool-49-thread-1] INFO  server.RaftServerConfigKeys (ConfUtils.java:logGet(43)) - raft.server.sleep.deviation.threshold = 300 (default)
2019-08-21 06:48:38,225 [pool-49-thread-1] INFO  server.RaftServerConfigKeys (ConfUtils.java:logGet(43)) - raft.server.log.appender.install.snapshot.enabled = false (custom)
2019-08-21 06:48:38,225 [pool-49-thread-1] INFO  impl.RaftServerImpl (ServerState.java:<init>(105)) - 37e73ba6-504c-42d6-9284-4cd48545e58f:group-0360AB03DFD3 ConfigurationManager, init=-1: [37e73ba6-504c-42d6-9284-4cd48545e58f:192.168.69.91:39695, f91f7e81-a37c-4e1f-8f5a-fc0399667c81:192.168.69.91:33512, 44d45b17-37a4-4814-9169-f3c994da35b8:192.168.69.91:46114], old=null, confs=<EMPTY_MAP>
2019-08-21 06:48:38,225 [pool-49-thread-1] INFO  server.RaftServerConfigKeys (ConfUtils.java:logGet(43)) - raft.server.storage.dir = [/workdir/hadoop-ozone/integration-test/target/test-dir/MiniOzoneClusterImpl-ad9cffe4-d9dd-4d7e-9292-cb2a09e16687/datanode-2/data/ratis] (custom)
2019-08-21 06:48:38,225 [pool-49-thread-1] INFO  storage.RaftStorageDirectory (RaftStorageDirectory.java:analyzeStorage(246)) - The storage directory /workdir/hadoop-ozone/integration-test/target/test-dir/MiniOzoneClusterImpl-ad9cffe4-d9dd-4d7e-9292-cb2a09e16687/datanode-2/data/ratis/c1b776b3-200c-4b78-808f-0360ab03dfd3 does not exist. Creating ...
2019-08-21 06:48:38,226 [pool-27-thread-1] INFO  impl.RaftServerImpl (RaftServerImpl.java:<init>(93)) - f91f7e81-a37c-4e1f-8f5a-fc0399667c81: new RaftServerImpl for group-0360AB03DFD3:[37e73ba6-504c-42d6-9284-4cd48545e58f:192.168.69.91:39695, f91f7e81-a37c-4e1f-8f5a-fc0399667c81:192.168.69.91:33512, 44d45b17-37a4-4814-9169-f3c994da35b8:192.168.69.91:46114] with ContainerStateMachine:uninitialized
2019-08-21 06:48:38,226 [pool-27-thread-1] INFO  server.RaftServerConfigKeys (ConfUtils.java:logGet(43)) - raft.server.rpc.timeout.min = 5s (custom)
2019-08-21 06:48:38,226 [pool-27-thread-1] INFO  server.RaftServerConfigKeys (ConfUtils.java:logGet(43)) - raft.server.rpc.timeout.max = 5200ms (custom)
2019-08-21 06:48:38,226 [pool-27-thread-1] INFO  server.RaftServerConfigKeys (ConfUtils.java:logGet(43)) - raft.server.rpcslowness.timeout = 120s (custom)
2019-08-21 06:48:38,227 [pool-27-thread-1] INFO  server.RaftServerConfigKeys (ConfUtils.java:logGet(43)) - raft.server.sleep.deviation.threshold = 300 (default)
2019-08-21 06:48:38,227 [pool-71-thread-1] INFO  impl.RaftServerImpl (RaftServerImpl.java:<init>(93)) - 44d45b17-37a4-4814-9169-f3c994da35b8: new RaftServerImpl for group-0360AB03DFD3:[37e73ba6-504c-42d6-9284-4cd48545e58f:192.168.69.91:39695, f91f7e81-a37c-4e1f-8f5a-fc0399667c81:192.168.69.91:33512, 44d45b17-37a4-4814-9169-f3c994da35b8:192.168.69.91:46114] with ContainerStateMachine:uninitialized
2019-08-21 06:48:38,227 [pool-27-thread-1] INFO  server.RaftServerConfigKeys (ConfUtils.java:logGet(43)) - raft.server.log.appender.install.snapshot.enabled = false (custom)
2019-08-21 06:48:38,227 [pool-71-thread-1] INFO  server.RaftServerConfigKeys (ConfUtils.java:logGet(43)) - raft.server.rpc.timeout.min = 5s (custom)
2019-08-21 06:48:38,227 [pool-27-thread-1] INFO  impl.RaftServerImpl (ServerState.java:<init>(105)) - f91f7e81-a37c-4e1f-8f5a-fc0399667c81:group-0360AB03DFD3 ConfigurationManager, init=-1: [37e73ba6-504c-42d6-9284-4cd48545e58f:192.168.69.91:39695, f91f7e81-a37c-4e1f-8f5a-fc0399667c81:192.168.69.91:33512, 44d45b17-37a4-4814-9169-f3c994da35b8:192.168.69.91:46114], old=null, confs=<EMPTY_MAP>
2019-08-21 06:48:38,227 [pool-71-thread-1] INFO  server.RaftServerConfigKeys (ConfUtils.java:logGet(43)) - raft.server.rpc.timeout.max = 5200ms (custom)
2019-08-21 06:48:38,227 [pool-27-thread-1] INFO  server.RaftServerConfigKeys (ConfUtils.java:logGet(43)) - raft.server.storage.dir = [/workdir/hadoop-ozone/integration-test/target/test-dir/MiniOzoneClusterImpl-ad9cffe4-d9dd-4d7e-9292-cb2a09e16687/datanode-0/data/ratis] (custom)
2019-08-21 06:48:38,228 [pool-71-thread-1] INFO  server.RaftServerConfigKeys (ConfUtils.java:logGet(43)) - raft.server.rpcslowness.timeout = 120s (custom)
2019-08-21 06:48:38,228 [pool-71-thread-1] INFO  server.RaftServerConfigKeys (ConfUtils.java:logGet(43)) - raft.server.sleep.deviation.threshold = 300 (default)
2019-08-21 06:48:38,228 [pool-27-thread-1] INFO  storage.RaftStorageDirectory (RaftStorageDirectory.java:analyzeStorage(246)) - The storage directory /workdir/hadoop-ozone/integration-test/target/test-dir/MiniOzoneClusterImpl-ad9cffe4-d9dd-4d7e-9292-cb2a09e16687/datanode-0/data/ratis/c1b776b3-200c-4b78-808f-0360ab03dfd3 does not exist. Creating ...
2019-08-21 06:48:38,228 [pool-71-thread-1] INFO  server.RaftServerConfigKeys (ConfUtils.java:logGet(43)) - raft.server.log.appender.install.snapshot.enabled = false (custom)
2019-08-21 06:48:38,228 [pool-71-thread-1] INFO  impl.RaftServerImpl (ServerState.java:<init>(105)) - 44d45b17-37a4-4814-9169-f3c994da35b8:group-0360AB03DFD3 ConfigurationManager, init=-1: [37e73ba6-504c-42d6-9284-4cd48545e58f:192.168.69.91:39695, f91f7e81-a37c-4e1f-8f5a-fc0399667c81:192.168.69.91:33512, 44d45b17-37a4-4814-9169-f3c994da35b8:192.168.69.91:46114], old=null, confs=<EMPTY_MAP>
2019-08-21 06:48:38,229 [pool-71-thread-1] INFO  server.RaftServerConfigKeys (ConfUtils.java:logGet(43)) - raft.server.storage.dir = [/workdir/hadoop-ozone/integration-test/target/test-dir/MiniOzoneClusterImpl-ad9cffe4-d9dd-4d7e-9292-cb2a09e16687/datanode-4/data/ratis] (custom)
2019-08-21 06:48:38,229 [pool-71-thread-1] INFO  storage.RaftStorageDirectory (RaftStorageDirectory.java:analyzeStorage(246)) - The storage directory /workdir/hadoop-ozone/integration-test/target/test-dir/MiniOzoneClusterImpl-ad9cffe4-d9dd-4d7e-9292-cb2a09e16687/datanode-4/data/ratis/c1b776b3-200c-4b78-808f-0360ab03dfd3 does not exist. Creating ...
2019-08-21 06:48:38,241 [pool-49-thread-1] INFO  storage.RaftStorageDirectory (RaftStorageDirectory.java:tryLock(328)) - Lock on /workdir/hadoop-ozone/integration-test/target/test-dir/MiniOzoneClusterImpl-ad9cffe4-d9dd-4d7e-9292-cb2a09e16687/datanode-2/data/ratis/c1b776b3-200c-4b78-808f-0360ab03dfd3/in_use.lock acquired by nodename 23833@trunk-nightly-9stkx-2366262011
2019-08-21 06:48:38,241 [pool-27-thread-1] INFO  storage.RaftStorageDirectory (RaftStorageDirectory.java:tryLock(328)) - Lock on /workdir/hadoop-ozone/integration-test/target/test-dir/MiniOzoneClusterImpl-ad9cffe4-d9dd-4d7e-9292-cb2a09e16687/datanode-0/data/ratis/c1b776b3-200c-4b78-808f-0360ab03dfd3/in_use.lock acquired by nodename 23833@trunk-nightly-9stkx-2366262011
2019-08-21 06:48:38,241 [pool-71-thread-1] INFO  storage.RaftStorageDirectory (RaftStorageDirectory.java:tryLock(328)) - Lock on /workdir/hadoop-ozone/integration-test/target/test-dir/MiniOzoneClusterImpl-ad9cffe4-d9dd-4d7e-9292-cb2a09e16687/datanode-4/data/ratis/c1b776b3-200c-4b78-808f-0360ab03dfd3/in_use.lock acquired by nodename 23833@trunk-nightly-9stkx-2366262011
2019-08-21 06:48:38,255 [pool-27-thread-1] INFO  storage.RaftStorage (RaftStorage.java:format(72)) - Storage directory /workdir/hadoop-ozone/integration-test/target/test-dir/MiniOzoneClusterImpl-ad9cffe4-d9dd-4d7e-9292-cb2a09e16687/datanode-0/data/ratis/c1b776b3-200c-4b78-808f-0360ab03dfd3 has been successfully formatted.
2019-08-21 06:48:38,255 [pool-49-thread-1] INFO  storage.RaftStorage (RaftStorage.java:format(72)) - Storage directory /workdir/hadoop-ozone/integration-test/target/test-dir/MiniOzoneClusterImpl-ad9cffe4-d9dd-4d7e-9292-cb2a09e16687/datanode-2/data/ratis/c1b776b3-200c-4b78-808f-0360ab03dfd3 has been successfully formatted.
2019-08-21 06:48:38,255 [pool-27-thread-1] INFO  ratis.ContainerStateMachine (ContainerStateMachine.java:loadSnapshot(226)) - group-0360AB03DFD3: The snapshot info is null. Setting the last applied indexto:(t:0, i:~)
2019-08-21 06:48:38,255 [pool-71-thread-1] INFO  storage.RaftStorage (RaftStorage.java:format(72)) - Storage directory /workdir/hadoop-ozone/integration-test/target/test-dir/MiniOzoneClusterImpl-ad9cffe4-d9dd-4d7e-9292-cb2a09e16687/datanode-4/data/ratis/c1b776b3-200c-4b78-808f-0360ab03dfd3 has been successfully formatted.
2019-08-21 06:48:38,255 [pool-27-thread-1] INFO  server.RaftServerConfigKeys (ConfUtils.java:logGet(43)) - raft.server.leader.election.timeout = 120s (custom)
2019-08-21 06:48:38,255 [pool-49-thread-1] INFO  ratis.ContainerStateMachine (ContainerStateMachine.java:loadSnapshot(226)) - group-0360AB03DFD3: The snapshot info is null. Setting the last applied indexto:(t:0, i:~)
2019-08-21 06:48:38,256 [pool-27-thread-1] INFO  server.RaftServerConfigKeys (ConfUtils.java:logGet(43)) - raft.server.log.use.memory = false (default)
2019-08-21 06:48:38,256 [pool-71-thread-1] INFO  ratis.ContainerStateMachine (ContainerStateMachine.java:loadSnapshot(226)) - group-0360AB03DFD3: The snapshot info is null. Setting the last applied indexto:(t:0, i:~)
2019-08-21 06:48:38,256 [pool-27-thread-1] INFO  server.RaftServerConfigKeys (ConfUtils.java:logGet(43)) - raft.server.log.purge.gap = 1000000 (custom)
2019-08-21 06:48:38,256 [pool-49-thread-1] INFO  server.RaftServerConfigKeys (ConfUtils.java:logGet(43)) - raft.server.leader.election.timeout = 120s (custom)
2019-08-21 06:48:38,256 [pool-27-thread-1] INFO  server.RaftServerConfigKeys (ConfUtils.java:logGet(43)) - raft.server.log.appender.buffer.byte-limit = 33554432 (custom)
2019-08-21 06:48:38,256 [pool-71-thread-1] INFO  server.RaftServerConfigKeys (ConfUtils.java:logGet(43)) - raft.server.leader.election.timeout = 120s (custom)
2019-08-21 06:48:38,257 [pool-27-thread-1] INFO  server.RaftServerConfigKeys (ConfUtils.java:logGet(43)) - raft.server.log.segment.size.max = 1048576 (custom)
2019-08-21 06:48:38,257 [pool-49-thread-1] INFO  server.RaftServerConfigKeys (ConfUtils.java:logGet(43)) - raft.server.log.use.memory = false (default)
2019-08-21 06:48:38,257 [pool-27-thread-1] INFO  server.RaftServerConfigKeys (ConfUtils.java:logGet(43)) - raft.server.log.segment.cache.num.max = 2 (custom)
2019-08-21 06:48:38,257 [pool-71-thread-1] INFO  server.RaftServerConfigKeys (ConfUtils.java:logGet(43)) - raft.server.log.use.memory = false (default)
2019-08-21 06:48:38,257 [pool-27-thread-1] INFO  segmented.SegmentedRaftLogWorker (SegmentedRaftLogWorker.java:<init>(172)) - new f91f7e81-a37c-4e1f-8f5a-fc0399667c81-SegmentedRaftLogWorker:Storage Directory /workdir/hadoop-ozone/integration-test/target/test-dir/MiniOzoneClusterImpl-ad9cffe4-d9dd-4d7e-9292-cb2a09e16687/datanode-0/data/ratis/c1b776b3-200c-4b78-808f-0360ab03dfd3 for RaftStorage:Storage Directory /workdir/hadoop-ozone/integration-test/target/test-dir/MiniOzoneClusterImpl-ad9cffe4-d9dd-4d7e-9292-cb2a09e16687/datanode-0/data/ratis/c1b776b3-200c-4b78-808f-0360ab03dfd3
2019-08-21 06:48:38,257 [pool-49-thread-1] INFO  server.RaftServerConfigKeys (ConfUtils.java:logGet(43)) - raft.server.log.purge.gap = 1000000 (custom)
2019-08-21 06:48:38,258 [pool-27-thread-1] INFO  server.RaftServerConfigKeys (ConfUtils.java:logGet(43)) - raft.server.log.queue.byte-limit = 2147483647 (custom)
2019-08-21 06:48:38,258 [pool-71-thread-1] INFO  server.RaftServerConfigKeys (ConfUtils.java:logGet(43)) - raft.server.log.purge.gap = 1000000 (custom)
2019-08-21 06:48:38,260 [pool-27-thread-1] INFO  server.RaftServerConfigKeys (ConfUtils.java:logGet(43)) - raft.server.log.queue.element-limit = 1024 (custom)
2019-08-21 06:48:38,258 [pool-49-thread-1] INFO  server.RaftServerConfigKeys (ConfUtils.java:logGet(43)) - raft.server.log.appender.buffer.byte-limit = 33554432 (custom)
2019-08-21 06:48:38,261 [pool-27-thread-1] INFO  server.RaftServerConfigKeys (ConfUtils.java:logGet(43)) - raft.server.log.segment.size.max = 1048576 (custom)
2019-08-21 06:48:38,260 [pool-71-thread-1] INFO  server.RaftServerConfigKeys (ConfUtils.java:logGet(43)) - raft.server.log.appender.buffer.byte-limit = 33554432 (custom)
2019-08-21 06:48:38,261 [pool-27-thread-1] INFO  server.RaftServerConfigKeys (ConfUtils.java:logGet(43)) - raft.server.log.preallocated.size = 16384 (custom)
2019-08-21 06:48:38,261 [pool-49-thread-1] INFO  server.RaftServerConfigKeys (ConfUtils.java:logGet(43)) - raft.server.log.segment.size.max = 1048576 (custom)
2019-08-21 06:48:38,261 [pool-27-thread-1] INFO  server.RaftServerConfigKeys (ConfUtils.java:logGet(43)) - raft.server.log.write.buffer.size = 33554432 (custom)
2019-08-21 06:48:38,261 [pool-71-thread-1] INFO  server.RaftServerConfigKeys (ConfUtils.java:logGet(43)) - raft.server.log.segment.size.max = 1048576 (custom)
2019-08-21 06:48:38,262 [pool-27-thread-1] INFO  server.RaftServerConfigKeys (ConfUtils.java:logGet(43)) - raft.server.log.force.sync.num = 128 (default)
2019-08-21 06:48:38,262 [pool-49-thread-1] INFO  server.RaftServerConfigKeys (ConfUtils.java:logGet(43)) - raft.server.log.segment.cache.num.max = 2 (custom)
2019-08-21 06:48:38,262 [pool-27-thread-1] INFO  server.RaftServerConfigKeys (ConfUtils.java:logGet(43)) - raft.server.log.statemachine.data.sync = true (default)
2019-08-21 06:48:38,262 [pool-71-thread-1] INFO  server.RaftServerConfigKeys (ConfUtils.java:logGet(43)) - raft.server.log.segment.cache.num.max = 2 (custom)
2019-08-21 06:48:38,262 [pool-27-thread-1] INFO  server.RaftServerConfigKeys (ConfUtils.java:logGet(43)) - raft.server.log.statemachine.data.sync.timeout = 10s (default)
2019-08-21 06:48:38,262 [pool-49-thread-1] INFO  segmented.SegmentedRaftLogWorker (SegmentedRaftLogWorker.java:<init>(172)) - new 37e73ba6-504c-42d6-9284-4cd48545e58f-SegmentedRaftLogWorker:Storage Directory /workdir/hadoop-ozone/integration-test/target/test-dir/MiniOzoneClusterImpl-ad9cffe4-d9dd-4d7e-9292-cb2a09e16687/datanode-2/data/ratis/c1b776b3-200c-4b78-808f-0360ab03dfd3 for RaftStorage:Storage Directory /workdir/hadoop-ozone/integration-test/target/test-dir/MiniOzoneClusterImpl-ad9cffe4-d9dd-4d7e-9292-cb2a09e16687/datanode-2/data/ratis/c1b776b3-200c-4b78-808f-0360ab03dfd3
2019-08-21 06:48:38,263 [pool-27-thread-1] INFO  server.RaftServerConfigKeys (ConfUtils.java:logGet(43)) - raft.server.log.statemachine.data.sync.timeout.retry = -1 (default)
2019-08-21 06:48:38,263 [pool-71-thread-1] INFO  segmented.SegmentedRaftLogWorker (SegmentedRaftLogWorker.java:<init>(172)) - new 44d45b17-37a4-4814-9169-f3c994da35b8-SegmentedRaftLogWorker:Storage Directory /workdir/hadoop-ozone/integration-test/target/test-dir/MiniOzoneClusterImpl-ad9cffe4-d9dd-4d7e-9292-cb2a09e16687/datanode-4/data/ratis/c1b776b3-200c-4b78-808f-0360ab03dfd3 for RaftStorage:Storage Directory /workdir/hadoop-ozone/integration-test/target/test-dir/MiniOzoneClusterImpl-ad9cffe4-d9dd-4d7e-9292-cb2a09e16687/datanode-4/data/ratis/c1b776b3-200c-4b78-808f-0360ab03dfd3
2019-08-21 06:48:38,264 [pool-27-thread-1] INFO  server.RaftServerConfigKeys (ConfUtils.java:logGet(43)) - raft.server.log.statemachine.data.caching.enabled = true (custom)
2019-08-21 06:48:38,263 [pool-49-thread-1] INFO  server.RaftServerConfigKeys (ConfUtils.java:logGet(43)) - raft.server.log.queue.byte-limit = 2147483647 (custom)
2019-08-21 06:48:38,266 [pool-27-thread-1] INFO  segmented.SegmentedRaftLogWorker (SegmentedRaftLogWorker.java:lambda$new$0(132)) - f91f7e81-a37c-4e1f-8f5a-fc0399667c81-SegmentedRaftLogWorker:Storage Directory /workdir/hadoop-ozone/integration-test/target/test-dir/MiniOzoneClusterImpl-ad9cffe4-d9dd-4d7e-9292-cb2a09e16687/datanode-0/data/ratis/c1b776b3-200c-4b78-808f-0360ab03dfd3: flushIndex: setUnconditionally 0 -> -1
2019-08-21 06:48:38,264 [pool-71-thread-1] INFO  server.RaftServerConfigKeys (ConfUtils.java:logGet(43)) - raft.server.log.queue.byte-limit = 2147483647 (custom)
2019-08-21 06:48:38,266 [pool-49-thread-1] INFO  server.RaftServerConfigKeys (ConfUtils.java:logGet(43)) - raft.server.log.queue.element-limit = 1024 (custom)
2019-08-21 06:48:38,266 [pool-71-thread-1] INFO  server.RaftServerConfigKeys (ConfUtils.java:logGet(43)) - raft.server.log.queue.element-limit = 1024 (custom)
2019-08-21 06:48:38,266 [pool-27-thread-1] INFO  server.RaftServerConfigKeys (ConfUtils.java:logGet(43)) - raft.server.snapshot.auto.trigger.enabled = true (custom)
2019-08-21 06:48:38,267 [pool-71-thread-1] INFO  server.RaftServerConfigKeys (ConfUtils.java:logGet(43)) - raft.server.log.segment.size.max = 1048576 (custom)
2019-08-21 06:48:38,266 [pool-49-thread-1] INFO  server.RaftServerConfigKeys (ConfUtils.java:logGet(43)) - raft.server.log.segment.size.max = 1048576 (custom)
2019-08-21 06:48:38,267 [pool-71-thread-1] INFO  server.RaftServerConfigKeys (ConfUtils.java:logGet(43)) - raft.server.log.preallocated.size = 16384 (custom)
2019-08-21 06:48:38,267 [pool-27-thread-1] INFO  server.RaftServerConfigKeys (ConfUtils.java:logGet(43)) - raft.server.snapshot.auto.trigger.threshold = 10000 (custom)
2019-08-21 06:48:38,267 [pool-71-thread-1] INFO  server.RaftServerConfigKeys (ConfUtils.java:logGet(43)) - raft.server.log.write.buffer.size = 33554432 (custom)
2019-08-21 06:48:38,267 [pool-49-thread-1] INFO  server.RaftServerConfigKeys (ConfUtils.java:logGet(43)) - raft.server.log.preallocated.size = 16384 (custom)
2019-08-21 06:48:38,268 [pool-71-thread-1] INFO  server.RaftServerConfigKeys (ConfUtils.java:logGet(43)) - raft.server.log.force.sync.num = 128 (default)
2019-08-21 06:48:38,268 [pool-27-thread-1] INFO  server.RaftServerConfigKeys (ConfUtils.java:logGet(43)) - raft.server.retrycache.expirytime = 600000ms (custom)
2019-08-21 06:48:38,268 [pool-71-thread-1] INFO  server.RaftServerConfigKeys (ConfUtils.java:logGet(43)) - raft.server.log.statemachine.data.sync = true (default)
2019-08-21 06:48:38,268 [pool-49-thread-1] INFO  server.RaftServerConfigKeys (ConfUtils.java:logGet(43)) - raft.server.log.write.buffer.size = 33554432 (custom)
2019-08-21 06:48:38,268 [pool-71-thread-1] INFO  server.RaftServerConfigKeys (ConfUtils.java:logGet(43)) - raft.server.log.statemachine.data.sync.timeout = 10s (default)
2019-08-21 06:48:38,268 [pool-27-thread-1] INFO  impl.RaftServerImpl (RaftServerImpl.java:start(180)) - f91f7e81-a37c-4e1f-8f5a-fc0399667c81: start group-0360AB03DFD3
2019-08-21 06:48:38,269 [pool-71-thread-1] INFO  server.RaftServerConfigKeys (ConfUtils.java:logGet(43)) - raft.server.log.statemachine.data.sync.timeout.retry = -1 (default)
2019-08-21 06:48:38,269 [pool-49-thread-1] INFO  server.RaftServerConfigKeys (ConfUtils.java:logGet(43)) - raft.server.log.force.sync.num = 128 (default)
2019-08-21 06:48:38,269 [pool-71-thread-1] INFO  server.RaftServerConfigKeys (ConfUtils.java:logGet(43)) - raft.server.log.statemachine.data.caching.enabled = true (custom)
2019-08-21 06:48:38,269 [pool-27-thread-1] INFO  impl.RaftServerImpl (RaftServerImpl.java:setRole(171)) - f91f7e81-a37c-4e1f-8f5a-fc0399667c81:group-0360AB03DFD3 changes role from null to FOLLOWER at term 0 for startAsFollower
2019-08-21 06:48:38,269 [pool-49-thread-1] INFO  server.RaftServerConfigKeys (ConfUtils.java:logGet(43)) - raft.server.log.statemachine.data.sync = true (default)
2019-08-21 06:48:38,270 [pool-27-thread-1] INFO  impl.RoleInfo (RoleInfo.java:updateAndGet(143)) - f91f7e81-a37c-4e1f-8f5a-fc0399667c81: start FollowerState
2019-08-21 06:48:38,270 [pool-71-thread-1] INFO  segmented.SegmentedRaftLogWorker (SegmentedRaftLogWorker.java:lambda$new$0(132)) - 44d45b17-37a4-4814-9169-f3c994da35b8-SegmentedRaftLogWorker:Storage Directory /workdir/hadoop-ozone/integration-test/target/test-dir/MiniOzoneClusterImpl-ad9cffe4-d9dd-4d7e-9292-cb2a09e16687/datanode-4/data/ratis/c1b776b3-200c-4b78-808f-0360ab03dfd3: flushIndex: setUnconditionally 0 -> -1
2019-08-21 06:48:38,270 [pool-49-thread-1] INFO  server.RaftServerConfigKeys (ConfUtils.java:logGet(43)) - raft.server.log.statemachine.data.sync.timeout = 10s (default)
2019-08-21 06:48:38,270 [pool-71-thread-1] INFO  server.RaftServerConfigKeys (ConfUtils.java:logGet(43)) - raft.server.snapshot.auto.trigger.enabled = true (custom)
2019-08-21 06:48:38,270 [pool-27-thread-1] INFO  util.JmxRegister (JmxRegister.java:tryRegister(44)) - Successfully registered JMX Bean with object name Ratis:service=RaftServer,group=group-0360AB03DFD3,id=f91f7e81-a37c-4e1f-8f5a-fc0399667c81
2019-08-21 06:48:38,270 [pool-49-thread-1] INFO  server.RaftServerConfigKeys (ConfUtils.java:logGet(43)) - raft.server.log.statemachine.data.sync.timeout.retry = -1 (default)
2019-08-21 06:48:38,271 [pool-71-thread-1] INFO  server.RaftServerConfigKeys (ConfUtils.java:logGet(43)) - raft.server.snapshot.auto.trigger.threshold = 10000 (custom)
2019-08-21 06:48:38,271 [pool-49-thread-1] INFO  server.RaftServerConfigKeys (ConfUtils.java:logGet(43)) - raft.server.log.statemachine.data.caching.enabled = true (custom)
2019-08-21 06:48:38,271 [pool-71-thread-1] INFO  server.RaftServerConfigKeys (ConfUtils.java:logGet(43)) - raft.server.retrycache.expirytime = 600000ms (custom)
2019-08-21 06:48:38,272 [pool-71-thread-1] INFO  impl.RaftServerImpl (RaftServerImpl.java:start(180)) - 44d45b17-37a4-4814-9169-f3c994da35b8: start group-0360AB03DFD3
2019-08-21 06:48:38,272 [pool-49-thread-1] INFO  segmented.SegmentedRaftLogWorker (SegmentedRaftLogWorker.java:lambda$new$0(132)) - 37e73ba6-504c-42d6-9284-4cd48545e58f-SegmentedRaftLogWorker:Storage Directory /workdir/hadoop-ozone/integration-test/target/test-dir/MiniOzoneClusterImpl-ad9cffe4-d9dd-4d7e-9292-cb2a09e16687/datanode-2/data/ratis/c1b776b3-200c-4b78-808f-0360ab03dfd3: flushIndex: setUnconditionally 0 -> -1
2019-08-21 06:48:38,272 [pool-71-thread-1] INFO  impl.RaftServerImpl (RaftServerImpl.java:setRole(171)) - 44d45b17-37a4-4814-9169-f3c994da35b8:group-0360AB03DFD3 changes role from null to FOLLOWER at term 0 for startAsFollower
2019-08-21 06:48:38,272 [pool-71-thread-1] INFO  impl.RoleInfo (RoleInfo.java:updateAndGet(143)) - 44d45b17-37a4-4814-9169-f3c994da35b8: start FollowerState
2019-08-21 06:48:38,272 [pool-49-thread-1] INFO  server.RaftServerConfigKeys (ConfUtils.java:logGet(43)) - raft.server.snapshot.auto.trigger.enabled = true (custom)
2019-08-21 06:48:38,272 [pool-49-thread-1] INFO  server.RaftServerConfigKeys (ConfUtils.java:logGet(43)) - raft.server.snapshot.auto.trigger.threshold = 10000 (custom)
2019-08-21 06:48:38,274 [pool-71-thread-1] INFO  util.JmxRegister (JmxRegister.java:tryRegister(44)) - Successfully registered JMX Bean with object name Ratis:service=RaftServer,group=group-0360AB03DFD3,id=44d45b17-37a4-4814-9169-f3c994da35b8
2019-08-21 06:48:38,274 [pool-49-thread-1] INFO  server.RaftServerConfigKeys (ConfUtils.java:logGet(43)) - raft.server.retrycache.expirytime = 600000ms (custom)
2019-08-21 06:48:38,274 [pool-49-thread-1] INFO  impl.RaftServerImpl (RaftServerImpl.java:start(180)) - 37e73ba6-504c-42d6-9284-4cd48545e58f: start group-0360AB03DFD3
2019-08-21 06:48:38,274 [pool-49-thread-1] INFO  impl.RaftServerImpl (RaftServerImpl.java:setRole(171)) - 37e73ba6-504c-42d6-9284-4cd48545e58f:group-0360AB03DFD3 changes role from null to FOLLOWER at term 0 for startAsFollower
2019-08-21 06:48:38,275 [pool-49-thread-1] INFO  impl.RoleInfo (RoleInfo.java:updateAndGet(143)) - 37e73ba6-504c-42d6-9284-4cd48545e58f: start FollowerState
2019-08-21 06:48:38,275 [pool-49-thread-1] INFO  util.JmxRegister (JmxRegister.java:tryRegister(44)) - Successfully registered JMX Bean with object name Ratis:service=RaftServer,group=group-0360AB03DFD3,id=37e73ba6-504c-42d6-9284-4cd48545e58f
2019-08-21 06:48:38,280 [RatisPipelineUtilsThread] INFO  pipeline.PipelineStateManager (PipelineStateManager.java:addPipeline(56)) - Created pipeline Pipeline[ Id: c1b776b3-200c-4b78-808f-0360ab03dfd3, Nodes: 37e73ba6-504c-42d6-9284-4cd48545e58f{ip: 192.168.69.91, host: trunk-nightly-9stkx-2366262011, networkLocation: /default-rack, certSerialId: null}44d45b17-37a4-4814-9169-f3c994da35b8{ip: 192.168.69.91, host: trunk-nightly-9stkx-2366262011, networkLocation: /default-rack, certSerialId: null}f91f7e81-a37c-4e1f-8f5a-fc0399667c81{ip: 192.168.69.91, host: trunk-nightly-9stkx-2366262011, networkLocation: /default-rack, certSerialId: null}, Type:RATIS, Factor:THREE, State:OPEN]
2019-08-21 06:48:38,281 [Thread-0] INFO  pipeline.PipelineStateManager (PipelineStateManager.java:finalizePipeline(123)) - Pipeline Pipeline[ Id: 4b7c9636-2335-4ac3-9640-64a62b287aa0, Nodes: 8a76d8a0-f4e7-4941-9f78-0189fbf176ec{ip: 192.168.69.91, host: trunk-nightly-9stkx-2366262011, networkLocation: /default-rack, certSerialId: null}ac838652-17da-43f9-b098-84edc167383c{ip: 192.168.69.91, host: trunk-nightly-9stkx-2366262011, networkLocation: /default-rack, certSerialId: null}0262ecf8-6c8f-4ee4-a6a4-c79e5aa69523{ip: 192.168.69.91, host: trunk-nightly-9stkx-2366262011, networkLocation: /default-rack, certSerialId: null}, Type:RATIS, Factor:THREE, State:CLOSED] moved to CLOSED state
2019-08-21 06:48:38,290 [grpc-default-executor-1] INFO  impl.RaftServerProxy (RaftServerProxy.java:remove(95)) - 8a76d8a0-f4e7-4941-9f78-0189fbf176ec: remove FOLLOWER group-64A62B287AA0 8a76d8a0-f4e7-4941-9f78-0189fbf176ec:t0, leader=null, voted=null, raftlog=8a76d8a0-f4e7-4941-9f78-0189fbf176ec-SegmentedRaftLog:OPENED:c-1,f-1,i0, conf=-1: [8a76d8a0-f4e7-4941-9f78-0189fbf176ec:192.168.69.91:38116, ac838652-17da-43f9-b098-84edc167383c:192.168.69.91:46229, 0262ecf8-6c8f-4ee4-a6a4-c79e5aa69523:192.168.69.91:46230], old=null RUNNING
2019-08-21 06:48:38,291 [grpc-default-executor-1] INFO  impl.RaftServerImpl (RaftServerImpl.java:lambda$shutdown$3(245)) - 8a76d8a0-f4e7-4941-9f78-0189fbf176ec: shutdown group-64A62B287AA0
2019-08-21 06:48:38,291 [grpc-default-executor-1] INFO  util.JmxRegister (JmxRegister.java:unregister(73)) - Successfully un-registered JMX Bean with object name Ratis:service=RaftServer,group=group-64A62B287AA0,id=8a76d8a0-f4e7-4941-9f78-0189fbf176ec
2019-08-21 06:48:38,291 [grpc-default-executor-1] INFO  impl.RoleInfo (RoleInfo.java:shutdownFollowerState(121)) - 8a76d8a0-f4e7-4941-9f78-0189fbf176ec: shutdown FollowerState
2019-08-21 06:48:38,291 [grpc-default-executor-1] INFO  impl.StateMachineUpdater (StateMachineUpdater.java:stopAndJoin(115)) - StateMachineUpdater:8a76d8a0-f4e7-4941-9f78-0189fbf176ec:group-64A62B287AA0: set stopIndex = -1
2019-08-21 06:48:38,291 [Thread-252] INFO  impl.FollowerState (FollowerState.java:run(114)) - 8a76d8a0-f4e7-4941-9f78-0189fbf176ec: FollowerState was interrupted: java.lang.InterruptedException: sleep interrupted
2019-08-21 06:48:38,293 [grpc-default-executor-1] INFO  impl.RaftServerImpl (ServerState.java:close(394)) - 8a76d8a0-f4e7-4941-9f78-0189fbf176ec:group-64A62B287AA0 closes. The last applied log index is -1
2019-08-21 06:48:38,294 [8a76d8a0-f4e7-4941-9f78-0189fbf176ec-SegmentedRaftLogWorker:Storage Directory /workdir/hadoop-ozone/integration-test/target/test-dir/MiniOzoneClusterImpl-ad9cffe4-d9dd-4d7e-9292-cb2a09e16687/datanode-1/data/ratis/4b7c9636-2335-4ac3-9640-64a62b287aa0] INFO  segmented.SegmentedRaftLogWorker (SegmentedRaftLogWorker.java:run(313)) - 8a76d8a0-f4e7-4941-9f78-0189fbf176ec-SegmentedRaftLogWorker:Storage Directory /workdir/hadoop-ozone/integration-test/target/test-dir/MiniOzoneClusterImpl-ad9cffe4-d9dd-4d7e-9292-cb2a09e16687/datanode-1/data/ratis/4b7c9636-2335-4ac3-9640-64a62b287aa0 was interrupted, exiting. There are 0 tasks remaining in the queue.
2019-08-21 06:48:38,294 [grpc-default-executor-1] INFO  segmented.SegmentedRaftLogWorker (SegmentedRaftLogWorker.java:close(228)) - 8a76d8a0-f4e7-4941-9f78-0189fbf176ec-SegmentedRaftLogWorker:Storage Directory /workdir/hadoop-ozone/integration-test/target/test-dir/MiniOzoneClusterImpl-ad9cffe4-d9dd-4d7e-9292-cb2a09e16687/datanode-1/data/ratis/4b7c9636-2335-4ac3-9640-64a62b287aa0 close()
2019-08-21 06:48:38,319 [grpc-default-executor-1] INFO  impl.RaftServerProxy (RaftServerProxy.java:remove(95)) - ac838652-17da-43f9-b098-84edc167383c: remove FOLLOWER group-64A62B287AA0 ac838652-17da-43f9-b098-84edc167383c:t0, leader=null, voted=null, raftlog=ac838652-17da-43f9-b098-84edc167383c-SegmentedRaftLog:OPENED:c-1,f-1,i0, conf=-1: [8a76d8a0-f4e7-4941-9f78-0189fbf176ec:192.168.69.91:38116, ac838652-17da-43f9-b098-84edc167383c:192.168.69.91:46229, 0262ecf8-6c8f-4ee4-a6a4-c79e5aa69523:192.168.69.91:46230], old=null RUNNING
2019-08-21 06:48:38,320 [grpc-default-executor-1] INFO  impl.RaftServerImpl (RaftServerImpl.java:lambda$shutdown$3(245)) - ac838652-17da-43f9-b098-84edc167383c: shutdown group-64A62B287AA0
2019-08-21 06:48:38,320 [grpc-default-executor-1] INFO  util.JmxRegister (JmxRegister.java:unregister(73)) - Successfully un-registered JMX Bean with object name Ratis:service=RaftServer,group=group-64A62B287AA0,id=ac838652-17da-43f9-b098-84edc167383c
2019-08-21 06:48:38,320 [grpc-default-executor-1] INFO  impl.RoleInfo (RoleInfo.java:shutdownFollowerState(121)) - ac838652-17da-43f9-b098-84edc167383c: shutdown FollowerState
2019-08-21 06:48:38,320 [grpc-default-executor-1] INFO  impl.StateMachineUpdater (StateMachineUpdater.java:stopAndJoin(115)) - StateMachineUpdater:ac838652-17da-43f9-b098-84edc167383c:group-64A62B287AA0: set stopIndex = -1
2019-08-21 06:48:38,321 [Thread-255] INFO  impl.FollowerState (FollowerState.java:run(114)) - ac838652-17da-43f9-b098-84edc167383c: FollowerState was interrupted: java.lang.InterruptedException: sleep interrupted
2019-08-21 06:48:38,323 [grpc-default-executor-1] INFO  impl.RaftServerImpl (ServerState.java:close(394)) - ac838652-17da-43f9-b098-84edc167383c:group-64A62B287AA0 closes. The last applied log index is -1
2019-08-21 06:48:38,324 [ac838652-17da-43f9-b098-84edc167383c-SegmentedRaftLogWorker:Storage Directory /workdir/hadoop-ozone/integration-test/target/test-dir/MiniOzoneClusterImpl-ad9cffe4-d9dd-4d7e-9292-cb2a09e16687/datanode-3/data/ratis/4b7c9636-2335-4ac3-9640-64a62b287aa0] INFO  segmented.SegmentedRaftLogWorker (SegmentedRaftLogWorker.java:run(313)) - ac838652-17da-43f9-b098-84edc167383c-SegmentedRaftLogWorker:Storage Directory /workdir/hadoop-ozone/integration-test/target/test-dir/MiniOzoneClusterImpl-ad9cffe4-d9dd-4d7e-9292-cb2a09e16687/datanode-3/data/ratis/4b7c9636-2335-4ac3-9640-64a62b287aa0 was interrupted, exiting. There are 0 tasks remaining in the queue.
2019-08-21 06:48:38,324 [grpc-default-executor-1] INFO  segmented.SegmentedRaftLogWorker (SegmentedRaftLogWorker.java:close(228)) - ac838652-17da-43f9-b098-84edc167383c-SegmentedRaftLogWorker:Storage Directory /workdir/hadoop-ozone/integration-test/target/test-dir/MiniOzoneClusterImpl-ad9cffe4-d9dd-4d7e-9292-cb2a09e16687/datanode-3/data/ratis/4b7c9636-2335-4ac3-9640-64a62b287aa0 close()
2019-08-21 06:48:38,344 [grpc-default-executor-1] INFO  impl.RaftServerProxy (RaftServerProxy.java:remove(95)) - 0262ecf8-6c8f-4ee4-a6a4-c79e5aa69523: remove FOLLOWER group-64A62B287AA0 0262ecf8-6c8f-4ee4-a6a4-c79e5aa69523:t0, leader=null, voted=null, raftlog=0262ecf8-6c8f-4ee4-a6a4-c79e5aa69523-SegmentedRaftLog:OPENED:c-1,f-1,i0, conf=-1: [8a76d8a0-f4e7-4941-9f78-0189fbf176ec:192.168.69.91:38116, ac838652-17da-43f9-b098-84edc167383c:192.168.69.91:46229, 0262ecf8-6c8f-4ee4-a6a4-c79e5aa69523:192.168.69.91:46230], old=null RUNNING
2019-08-21 06:48:38,344 [grpc-default-executor-1] INFO  impl.RaftServerImpl (RaftServerImpl.java:lambda$shutdown$3(245)) - 0262ecf8-6c8f-4ee4-a6a4-c79e5aa69523: shutdown group-64A62B287AA0
2019-08-21 06:48:38,345 [grpc-default-executor-1] INFO  util.JmxRegister (JmxRegister.java:unregister(73)) - Successfully un-registered JMX Bean with object name Ratis:service=RaftServer,group=group-64A62B287AA0,id=0262ecf8-6c8f-4ee4-a6a4-c79e5aa69523
2019-08-21 06:48:38,345 [grpc-default-executor-1] INFO  impl.RoleInfo (RoleInfo.java:shutdownFollowerState(121)) - 0262ecf8-6c8f-4ee4-a6a4-c79e5aa69523: shutdown FollowerState
2019-08-21 06:48:38,345 [grpc-default-executor-1] INFO  impl.StateMachineUpdater (StateMachineUpdater.java:stopAndJoin(115)) - StateMachineUpdater:0262ecf8-6c8f-4ee4-a6a4-c79e5aa69523:group-64A62B287AA0: set stopIndex = -1
2019-08-21 06:48:38,346 [grpc-default-executor-1] INFO  impl.RaftServerImpl (ServerState.java:close(394)) - 0262ecf8-6c8f-4ee4-a6a4-c79e5aa69523:group-64A62B287AA0 closes. The last applied log index is -1
2019-08-21 06:48:38,345 [Thread-257] INFO  impl.FollowerState (FollowerState.java:run(114)) - 0262ecf8-6c8f-4ee4-a6a4-c79e5aa69523: FollowerState was interrupted: java.lang.InterruptedException: sleep interrupted
2019-08-21 06:48:38,348 [0262ecf8-6c8f-4ee4-a6a4-c79e5aa69523-SegmentedRaftLogWorker:Storage Directory /workdir/hadoop-ozone/integration-test/target/test-dir/MiniOzoneClusterImpl-ad9cffe4-d9dd-4d7e-9292-cb2a09e16687/datanode-5/data/ratis/4b7c9636-2335-4ac3-9640-64a62b287aa0] INFO  segmented.SegmentedRaftLogWorker (SegmentedRaftLogWorker.java:run(313)) - 0262ecf8-6c8f-4ee4-a6a4-c79e5aa69523-SegmentedRaftLogWorker:Storage Directory /workdir/hadoop-ozone/integration-test/target/test-dir/MiniOzoneClusterImpl-ad9cffe4-d9dd-4d7e-9292-cb2a09e16687/datanode-5/data/ratis/4b7c9636-2335-4ac3-9640-64a62b287aa0 was interrupted, exiting. There are 0 tasks remaining in the queue.
2019-08-21 06:48:38,349 [grpc-default-executor-1] INFO  segmented.SegmentedRaftLogWorker (SegmentedRaftLogWorker.java:close(228)) - 0262ecf8-6c8f-4ee4-a6a4-c79e5aa69523-SegmentedRaftLogWorker:Storage Directory /workdir/hadoop-ozone/integration-test/target/test-dir/MiniOzoneClusterImpl-ad9cffe4-d9dd-4d7e-9292-cb2a09e16687/datanode-5/data/ratis/4b7c9636-2335-4ac3-9640-64a62b287aa0 close()
2019-08-21 06:48:38,356 [Thread-0] INFO  pipeline.PipelineStateManager (PipelineStateManager.java:removePipeline(108)) - Pipeline Pipeline[ Id: 4b7c9636-2335-4ac3-9640-64a62b287aa0, Nodes: 8a76d8a0-f4e7-4941-9f78-0189fbf176ec{ip: 192.168.69.91, host: trunk-nightly-9stkx-2366262011, networkLocation: /default-rack, certSerialId: null}ac838652-17da-43f9-b098-84edc167383c{ip: 192.168.69.91, host: trunk-nightly-9stkx-2366262011, networkLocation: /default-rack, certSerialId: null}0262ecf8-6c8f-4ee4-a6a4-c79e5aa69523{ip: 192.168.69.91, host: trunk-nightly-9stkx-2366262011, networkLocation: /default-rack, certSerialId: null}, Type:RATIS, Factor:THREE, State:CLOSED] removed from db
2019-08-21 06:48:38,369 [grpc-default-executor-0] INFO  impl.RaftServerProxy (RaftServerProxy.java:addNew(89)) - ac838652-17da-43f9-b098-84edc167383c: addNew group-44AD6F369064:[8a76d8a0-f4e7-4941-9f78-0189fbf176ec:192.168.69.91:38116, ac838652-17da-43f9-b098-84edc167383c:192.168.69.91:46229, 0262ecf8-6c8f-4ee4-a6a4-c79e5aa69523:192.168.69.91:46230] returns group-44AD6F369064:java.util.concurrent.CompletableFuture@685ea150[Not completed]
2019-08-21 06:48:38,371 [grpc-default-executor-2] INFO  impl.RaftServerProxy (RaftServerProxy.java:addNew(89)) - 8a76d8a0-f4e7-4941-9f78-0189fbf176ec: addNew group-44AD6F369064:[8a76d8a0-f4e7-4941-9f78-0189fbf176ec:192.168.69.91:38116, ac838652-17da-43f9-b098-84edc167383c:192.168.69.91:46229, 0262ecf8-6c8f-4ee4-a6a4-c79e5aa69523:192.168.69.91:46230] returns group-44AD6F369064:java.util.concurrent.CompletableFuture@399e5bde[Not completed]
2019-08-21 06:48:38,373 [grpc-default-executor-3] INFO  impl.RaftServerProxy (RaftServerProxy.java:addNew(89)) - 0262ecf8-6c8f-4ee4-a6a4-c79e5aa69523: addNew group-44AD6F369064:[8a76d8a0-f4e7-4941-9f78-0189fbf176ec:192.168.69.91:38116, ac838652-17da-43f9-b098-84edc167383c:192.168.69.91:46229, 0262ecf8-6c8f-4ee4-a6a4-c79e5aa69523:192.168.69.91:46230] returns group-44AD6F369064:java.util.concurrent.CompletableFuture@330039cb[Not completed]
2019-08-21 06:48:38,374 [pool-60-thread-1] INFO  impl.RaftServerImpl (RaftServerImpl.java:<init>(93)) - ac838652-17da-43f9-b098-84edc167383c: new RaftServerImpl for group-44AD6F369064:[8a76d8a0-f4e7-4941-9f78-0189fbf176ec:192.168.69.91:38116, ac838652-17da-43f9-b098-84edc167383c:192.168.69.91:46229, 0262ecf8-6c8f-4ee4-a6a4-c79e5aa69523:192.168.69.91:46230] with ContainerStateMachine:uninitialized
2019-08-21 06:48:38,374 [pool-60-thread-1] INFO  server.RaftServerConfigKeys (ConfUtils.java:logGet(43)) - raft.server.rpc.timeout.min = 5s (custom)
2019-08-21 06:48:38,374 [pool-60-thread-1] INFO  server.RaftServerConfigKeys (ConfUtils.java:logGet(43)) - raft.server.rpc.timeout.max = 5200ms (custom)
2019-08-21 06:48:38,374 [pool-60-thread-1] INFO  server.RaftServerConfigKeys (ConfUtils.java:logGet(43)) - raft.server.rpcslowness.timeout = 120s (custom)
2019-08-21 06:48:38,374 [pool-60-thread-1] INFO  server.RaftServerConfigKeys (ConfUtils.java:logGet(43)) - raft.server.sleep.deviation.threshold = 300 (default)
2019-08-21 06:48:38,375 [pool-60-thread-1] INFO  server.RaftServerConfigKeys (ConfUtils.java:logGet(43)) - raft.server.log.appender.install.snapshot.enabled = false (custom)
2019-08-21 06:48:38,375 [pool-60-thread-1] INFO  impl.RaftServerImpl (ServerState.java:<init>(105)) - ac838652-17da-43f9-b098-84edc167383c:group-44AD6F369064 ConfigurationManager, init=-1: [8a76d8a0-f4e7-4941-9f78-0189fbf176ec:192.168.69.91:38116, ac838652-17da-43f9-b098-84edc167383c:192.168.69.91:46229, 0262ecf8-6c8f-4ee4-a6a4-c79e5aa69523:192.168.69.91:46230], old=null, confs=<EMPTY_MAP>
2019-08-21 06:48:38,375 [pool-82-thread-1] INFO  impl.RaftServerImpl (RaftServerImpl.java:<init>(93)) - 0262ecf8-6c8f-4ee4-a6a4-c79e5aa69523: new RaftServerImpl for group-44AD6F369064:[8a76d8a0-f4e7-4941-9f78-0189fbf176ec:192.168.69.91:38116, ac838652-17da-43f9-b098-84edc167383c:192.168.69.91:46229, 0262ecf8-6c8f-4ee4-a6a4-c79e5aa69523:192.168.69.91:46230] with ContainerStateMachine:uninitialized
2019-08-21 06:48:38,375 [pool-60-thread-1] INFO  server.RaftServerConfigKeys (ConfUtils.java:logGet(43)) - raft.server.storage.dir = [/workdir/hadoop-ozone/integration-test/target/test-dir/MiniOzoneClusterImpl-ad9cffe4-d9dd-4d7e-9292-cb2a09e16687/datanode-3/data/ratis] (custom)
2019-08-21 06:48:38,375 [pool-82-thread-1] INFO  server.RaftServerConfigKeys (ConfUtils.java:logGet(43)) - raft.server.rpc.timeout.min = 5s (custom)
2019-08-21 06:48:38,375 [pool-82-thread-1] INFO  server.RaftServerConfigKeys (ConfUtils.java:logGet(43)) - raft.server.rpc.timeout.max = 5200ms (custom)
2019-08-21 06:48:38,375 [pool-82-thread-1] INFO  server.RaftServerConfigKeys (ConfUtils.java:logGet(43)) - raft.server.rpcslowness.timeout = 120s (custom)
2019-08-21 06:48:38,375 [pool-60-thread-1] INFO  storage.RaftStorageDirectory (RaftStorageDirectory.java:analyzeStorage(246)) - The storage directory /workdir/hadoop-ozone/integration-test/target/test-dir/MiniOzoneClusterImpl-ad9cffe4-d9dd-4d7e-9292-cb2a09e16687/datanode-3/data/ratis/e27a1df5-702d-4297-aef3-44ad6f369064 does not exist. Creating ...
2019-08-21 06:48:38,375 [pool-82-thread-1] INFO  server.RaftServerConfigKeys (ConfUtils.java:logGet(43)) - raft.server.sleep.deviation.threshold = 300 (default)
2019-08-21 06:48:38,376 [pool-82-thread-1] INFO  server.RaftServerConfigKeys (ConfUtils.java:logGet(43)) - raft.server.log.appender.install.snapshot.enabled = false (custom)
2019-08-21 06:48:38,376 [pool-82-thread-1] INFO  impl.RaftServerImpl (ServerState.java:<init>(105)) - 0262ecf8-6c8f-4ee4-a6a4-c79e5aa69523:group-44AD6F369064 ConfigurationManager, init=-1: [8a76d8a0-f4e7-4941-9f78-0189fbf176ec:192.168.69.91:38116, ac838652-17da-43f9-b098-84edc167383c:192.168.69.91:46229, 0262ecf8-6c8f-4ee4-a6a4-c79e5aa69523:192.168.69.91:46230], old=null, confs=<EMPTY_MAP>
2019-08-21 06:48:38,376 [pool-38-thread-1] INFO  impl.RaftServerImpl (RaftServerImpl.java:<init>(93)) - 8a76d8a0-f4e7-4941-9f78-0189fbf176ec: new RaftServerImpl for group-44AD6F369064:[8a76d8a0-f4e7-4941-9f78-0189fbf176ec:192.168.69.91:38116, ac838652-17da-43f9-b098-84edc167383c:192.168.69.91:46229, 0262ecf8-6c8f-4ee4-a6a4-c79e5aa69523:192.168.69.91:46230] with ContainerStateMachine:uninitialized
2019-08-21 06:48:38,376 [pool-82-thread-1] INFO  server.RaftServerConfigKeys (ConfUtils.java:logGet(43)) - raft.server.storage.dir = [/workdir/hadoop-ozone/integration-test/target/test-dir/MiniOzoneClusterImpl-ad9cffe4-d9dd-4d7e-9292-cb2a09e16687/datanode-5/data/ratis] (custom)
2019-08-21 06:48:38,376 [pool-38-thread-1] INFO  server.RaftServerConfigKeys (ConfUtils.java:logGet(43)) - raft.server.rpc.timeout.min = 5s (custom)
2019-08-21 06:48:38,376 [pool-38-thread-1] INFO  server.RaftServerConfigKeys (ConfUtils.java:logGet(43)) - raft.server.rpc.timeout.max = 5200ms (custom)
2019-08-21 06:48:38,376 [pool-82-thread-1] INFO  storage.RaftStorageDirectory (RaftStorageDirectory.java:analyzeStorage(246)) - The storage directory /workdir/hadoop-ozone/integration-test/target/test-dir/MiniOzoneClusterImpl-ad9cffe4-d9dd-4d7e-9292-cb2a09e16687/datanode-5/data/ratis/e27a1df5-702d-4297-aef3-44ad6f369064 does not exist. Creating ...
2019-08-21 06:48:38,377 [pool-38-thread-1] INFO  server.RaftServerConfigKeys (ConfUtils.java:logGet(43)) - raft.server.rpcslowness.timeout = 120s (custom)
2019-08-21 06:48:38,377 [pool-38-thread-1] INFO  server.RaftServerConfigKeys (ConfUtils.java:logGet(43)) - raft.server.sleep.deviation.threshold = 300 (default)
2019-08-21 06:48:38,377 [pool-38-thread-1] INFO  server.RaftServerConfigKeys (ConfUtils.java:logGet(43)) - raft.server.log.appender.install.snapshot.enabled = false (custom)
2019-08-21 06:48:38,377 [pool-38-thread-1] INFO  impl.RaftServerImpl (ServerState.java:<init>(105)) - 8a76d8a0-f4e7-4941-9f78-0189fbf176ec:group-44AD6F369064 ConfigurationManager, init=-1: [8a76d8a0-f4e7-4941-9f78-0189fbf176ec:192.168.69.91:38116, ac838652-17da-43f9-b098-84edc167383c:192.168.69.91:46229, 0262ecf8-6c8f-4ee4-a6a4-c79e5aa69523:192.168.69.91:46230], old=null, confs=<EMPTY_MAP>
2019-08-21 06:48:38,378 [pool-38-thread-1] INFO  server.RaftServerConfigKeys (ConfUtils.java:logGet(43)) - raft.server.storage.dir = [/workdir/hadoop-ozone/integration-test/target/test-dir/MiniOzoneClusterImpl-ad9cffe4-d9dd-4d7e-9292-cb2a09e16687/datanode-1/data/ratis] (custom)
2019-08-21 06:48:38,378 [pool-38-thread-1] INFO  storage.RaftStorageDirectory (RaftStorageDirectory.java:analyzeStorage(246)) - The storage directory /workdir/hadoop-ozone/integration-test/target/test-dir/MiniOzoneClusterImpl-ad9cffe4-d9dd-4d7e-9292-cb2a09e16687/datanode-1/data/ratis/e27a1df5-702d-4297-aef3-44ad6f369064 does not exist. Creating ...
2019-08-21 06:48:38,565 | INFO  | SCMAudit | user=jenkins1000 | ip=192.168.69.91 | op=SEND_HEARTBEAT {datanodeUUID=ac838652-17da-43f9-b098-84edc167383c, command=[]} | ret=SUCCESS |  
2019-08-21 06:48:38,565 | INFO  | SCMAudit | user=jenkins1000 | ip=192.168.69.91 | op=SEND_HEARTBEAT {datanodeUUID=37e73ba6-504c-42d6-9284-4cd48545e58f, command=[]} | ret=SUCCESS |  
2019-08-21 06:48:38,652 | INFO  | SCMAudit | user=jenkins1000 | ip=192.168.69.91 | op=SEND_HEARTBEAT {datanodeUUID=f91f7e81-a37c-4e1f-8f5a-fc0399667c81, command=[]} | ret=SUCCESS |  
2019-08-21 06:48:38,699 [Thread-223] INFO  container.ReplicationManager (ReplicationManager.java:start(152)) - Starting Replication Monitor Thread.
2019-08-21 06:48:38,701 [ReplicationMonitor] INFO  container.ReplicationManager (ReplicationManager.java:run(215)) - Replication Monitor Thread took 0 milliseconds for processing 0 containers.
2019-08-21 06:48:38,736 | INFO  | SCMAudit | user=jenkins1000 | ip=192.168.69.91 | op=SEND_HEARTBEAT {datanodeUUID=44d45b17-37a4-4814-9169-f3c994da35b8, command=[]} | ret=SUCCESS |  
2019-08-21 06:48:38,939 | INFO  | SCMAudit | user=jenkins1000 | ip=192.168.69.91 | op=SEND_HEARTBEAT {datanodeUUID=8a76d8a0-f4e7-4941-9f78-0189fbf176ec, command=[]} | ret=SUCCESS |  
2019-08-21 06:48:39,046 | INFO  | SCMAudit | user=jenkins1000 | ip=192.168.69.91 | op=SEND_HEARTBEAT {datanodeUUID=0262ecf8-6c8f-4ee4-a6a4-c79e5aa69523, command=[]} | ret=SUCCESS |  
2019-08-21 06:48:39,564 | INFO  | SCMAudit | user=jenkins1000 | ip=192.168.69.91 | op=SEND_HEARTBEAT {datanodeUUID=ac838652-17da-43f9-b098-84edc167383c, command=[]} | ret=SUCCESS |  
2019-08-21 06:48:39,564 | INFO  | SCMAudit | user=jenkins1000 | ip=192.168.69.91 | op=SEND_HEARTBEAT {datanodeUUID=37e73ba6-504c-42d6-9284-4cd48545e58f, command=[]} | ret=SUCCESS |  
2019-08-21 06:48:39,653 | INFO  | SCMAudit | user=jenkins1000 | ip=192.168.69.91 | op=SEND_HEARTBEAT {datanodeUUID=f91f7e81-a37c-4e1f-8f5a-fc0399667c81, command=[]} | ret=SUCCESS |  
2019-08-21 06:48:39,734 | INFO  | SCMAudit | user=jenkins1000 | ip=192.168.69.91 | op=SEND_HEARTBEAT {datanodeUUID=44d45b17-37a4-4814-9169-f3c994da35b8, command=[]} | ret=SUCCESS |  
2019-08-21 06:48:39,938 | INFO  | SCMAudit | user=jenkins1000 | ip=192.168.69.91 | op=SEND_HEARTBEAT {datanodeUUID=8a76d8a0-f4e7-4941-9f78-0189fbf176ec, command=[]} | ret=SUCCESS |  
2019-08-21 06:48:40,036 | INFO  | SCMAudit | user=jenkins1000 | ip=192.168.69.91 | op=SEND_HEARTBEAT {datanodeUUID=0262ecf8-6c8f-4ee4-a6a4-c79e5aa69523, command=[]} | ret=SUCCESS |  
2019-08-21 06:48:40,565 | INFO  | SCMAudit | user=jenkins1000 | ip=192.168.69.91 | op=SEND_HEARTBEAT {datanodeUUID=ac838652-17da-43f9-b098-84edc167383c, command=[]} | ret=SUCCESS |  
2019-08-21 06:48:40,565 | INFO  | SCMAudit | user=jenkins1000 | ip=192.168.69.91 | op=SEND_HEARTBEAT {datanodeUUID=37e73ba6-504c-42d6-9284-4cd48545e58f, command=[]} | ret=SUCCESS |  
2019-08-21 06:48:40,652 | INFO  | SCMAudit | user=jenkins1000 | ip=192.168.69.91 | op=SEND_HEARTBEAT {datanodeUUID=f91f7e81-a37c-4e1f-8f5a-fc0399667c81, command=[]} | ret=SUCCESS |  
2019-08-21 06:48:40,734 | INFO  | SCMAudit | user=jenkins1000 | ip=192.168.69.91 | op=SEND_HEARTBEAT {datanodeUUID=44d45b17-37a4-4814-9169-f3c994da35b8, command=[]} | ret=SUCCESS |  
2019-08-21 06:48:40,937 | INFO  | SCMAudit | user=jenkins1000 | ip=192.168.69.91 | op=SEND_HEARTBEAT {datanodeUUID=8a76d8a0-f4e7-4941-9f78-0189fbf176ec, command=[]} | ret=SUCCESS |  
2019-08-21 06:48:41,035 | INFO  | SCMAudit | user=jenkins1000 | ip=192.168.69.91 | op=SEND_HEARTBEAT {datanodeUUID=0262ecf8-6c8f-4ee4-a6a4-c79e5aa69523, command=[]} | ret=SUCCESS |  
2019-08-21 06:48:41,373 [RATISCREATEPIPELINE2] ERROR pipeline.RatisPipelineProvider (RatisPipelineProvider.java:lambda$null$5(235)) - Failed invoke Ratis rpc org.apache.hadoop.hdds.scm.pipeline.RatisPipelineProvider$$Lambda$171/2087618974@7abdd14f for 0262ecf8-6c8f-4ee4-a6a4-c79e5aa69523
org.apache.ratis.protocol.TimeoutIOException: deadline exceeded after 2998916962ns
	at org.apache.ratis.grpc.GrpcUtil.tryUnwrapException(GrpcUtil.java:82)
	at org.apache.ratis.grpc.GrpcUtil.unwrapException(GrpcUtil.java:75)
	at org.apache.ratis.grpc.client.GrpcClientProtocolClient.blockingCall(GrpcClientProtocolClient.java:169)
	at org.apache.ratis.grpc.client.GrpcClientProtocolClient.groupAdd(GrpcClientProtocolClient.java:138)
	at org.apache.ratis.grpc.client.GrpcClientRpc.sendRequest(GrpcClientRpc.java:94)
	at org.apache.ratis.client.impl.RaftClientImpl.sendRequest(RaftClientImpl.java:279)
	at org.apache.ratis.client.impl.RaftClientImpl.groupAdd(RaftClientImpl.java:206)
	at org.apache.hadoop.hdds.scm.pipeline.RatisPipelineProvider.lambda$initializePipeline$4(RatisPipelineProvider.java:194)
	at org.apache.hadoop.hdds.scm.pipeline.RatisPipelineProvider.lambda$null$5(RatisPipelineProvider.java:231)
	at java.util.stream.ForEachOps$ForEachOp$OfRef.accept(ForEachOps.java:184)
	at java.util.ArrayList$ArrayListSpliterator.forEachRemaining(ArrayList.java:1382)
	at java.util.stream.AbstractPipeline.copyInto(AbstractPipeline.java:482)
	at java.util.stream.ForEachOps$ForEachTask.compute(ForEachOps.java:291)
	at java.util.concurrent.CountedCompleter.exec(CountedCompleter.java:731)
	at java.util.concurrent.ForkJoinTask.doExec(ForkJoinTask.java:289)
	at java.util.concurrent.ForkJoinPool$WorkQueue.runTask(ForkJoinPool.java:1056)
	at java.util.concurrent.ForkJoinPool.runWorker(ForkJoinPool.java:1692)
	at java.util.concurrent.ForkJoinWorkerThread.run(ForkJoinWorkerThread.java:157)
Caused by: org.apache.ratis.thirdparty.io.grpc.StatusRuntimeException: DEADLINE_EXCEEDED: deadline exceeded after 2998916962ns
	at org.apache.ratis.thirdparty.io.grpc.stub.ClientCalls.toStatusRuntimeException(ClientCalls.java:233)
	at org.apache.ratis.thirdparty.io.grpc.stub.ClientCalls.getUnchecked(ClientCalls.java:214)
	at org.apache.ratis.thirdparty.io.grpc.stub.ClientCalls.blockingUnaryCall(ClientCalls.java:139)
	at org.apache.ratis.proto.grpc.AdminProtocolServiceGrpc$AdminProtocolServiceBlockingStub.groupManagement(AdminProtocolServiceGrpc.java:274)
	at org.apache.ratis.grpc.client.GrpcClientProtocolClient.lambda$groupAdd$3(GrpcClientProtocolClient.java:140)
	at org.apache.ratis.grpc.client.GrpcClientProtocolClient.blockingCall(GrpcClientProtocolClient.java:167)
	... 15 more
2019-08-21 06:48:41,373 [RATISCREATEPIPELINE3] ERROR pipeline.RatisPipelineProvider (RatisPipelineProvider.java:lambda$null$5(235)) - Failed invoke Ratis rpc org.apache.hadoop.hdds.scm.pipeline.RatisPipelineProvider$$Lambda$171/2087618974@7abdd14f for 8a76d8a0-f4e7-4941-9f78-0189fbf176ec
org.apache.ratis.protocol.TimeoutIOException: deadline exceeded after 2999818924ns
	at org.apache.ratis.grpc.GrpcUtil.tryUnwrapException(GrpcUtil.java:82)
	at org.apache.ratis.grpc.GrpcUtil.unwrapException(GrpcUtil.java:75)
	at org.apache.ratis.grpc.client.GrpcClientProtocolClient.blockingCall(GrpcClientProtocolClient.java:169)
	at org.apache.ratis.grpc.client.GrpcClientProtocolClient.groupAdd(GrpcClientProtocolClient.java:138)
	at org.apache.ratis.grpc.client.GrpcClientRpc.sendRequest(GrpcClientRpc.java:94)
	at org.apache.ratis.client.impl.RaftClientImpl.sendRequest(RaftClientImpl.java:279)
	at org.apache.ratis.client.impl.RaftClientImpl.groupAdd(RaftClientImpl.java:206)
	at org.apache.hadoop.hdds.scm.pipeline.RatisPipelineProvider.lambda$initializePipeline$4(RatisPipelineProvider.java:194)
	at org.apache.hadoop.hdds.scm.pipeline.RatisPipelineProvider.lambda$null$5(RatisPipelineProvider.java:231)
	at java.util.stream.ForEachOps$ForEachOp$OfRef.accept(ForEachOps.java:184)
	at java.util.ArrayList$ArrayListSpliterator.forEachRemaining(ArrayList.java:1382)
	at java.util.stream.AbstractPipeline.copyInto(AbstractPipeline.java:482)
	at java.util.stream.ForEachOps$ForEachTask.compute(ForEachOps.java:291)
	at java.util.concurrent.CountedCompleter.exec(CountedCompleter.java:731)
	at java.util.concurrent.ForkJoinTask.doExec(ForkJoinTask.java:289)
	at java.util.concurrent.ForkJoinPool$WorkQueue.runTask(ForkJoinPool.java:1056)
	at java.util.concurrent.ForkJoinPool.runWorker(ForkJoinPool.java:1692)
	at java.util.concurrent.ForkJoinWorkerThread.run(ForkJoinWorkerThread.java:157)
Caused by: org.apache.ratis.thirdparty.io.grpc.StatusRuntimeException: DEADLINE_EXCEEDED: deadline exceeded after 2999818924ns
	at org.apache.ratis.thirdparty.io.grpc.stub.ClientCalls.toStatusRuntimeException(ClientCalls.java:233)
	at org.apache.ratis.thirdparty.io.grpc.stub.ClientCalls.getUnchecked(ClientCalls.java:214)
	at org.apache.ratis.thirdparty.io.grpc.stub.ClientCalls.blockingUnaryCall(ClientCalls.java:139)
	at org.apache.ratis.proto.grpc.AdminProtocolServiceGrpc$AdminProtocolServiceBlockingStub.groupManagement(AdminProtocolServiceGrpc.java:274)
	at org.apache.ratis.grpc.client.GrpcClientProtocolClient.lambda$groupAdd$3(GrpcClientProtocolClient.java:140)
	at org.apache.ratis.grpc.client.GrpcClientProtocolClient.blockingCall(GrpcClientProtocolClient.java:167)
	... 15 more
2019-08-21 06:48:41,373 [RATISCREATEPIPELINE1] ERROR pipeline.RatisPipelineProvider (RatisPipelineProvider.java:lambda$null$5(235)) - Failed invoke Ratis rpc org.apache.hadoop.hdds.scm.pipeline.RatisPipelineProvider$$Lambda$171/2087618974@7abdd14f for ac838652-17da-43f9-b098-84edc167383c
org.apache.ratis.protocol.TimeoutIOException: deadline exceeded after 2999798865ns
	at org.apache.ratis.grpc.GrpcUtil.tryUnwrapException(GrpcUtil.java:82)
	at org.apache.ratis.grpc.GrpcUtil.unwrapException(GrpcUtil.java:75)
	at org.apache.ratis.grpc.client.GrpcClientProtocolClient.blockingCall(GrpcClientProtocolClient.java:169)
	at org.apache.ratis.grpc.client.GrpcClientProtocolClient.groupAdd(GrpcClientProtocolClient.java:138)
	at org.apache.ratis.grpc.client.GrpcClientRpc.sendRequest(GrpcClientRpc.java:94)
	at org.apache.ratis.client.impl.RaftClientImpl.sendRequest(RaftClientImpl.java:279)
	at org.apache.ratis.client.impl.RaftClientImpl.groupAdd(RaftClientImpl.java:206)
	at org.apache.hadoop.hdds.scm.pipeline.RatisPipelineProvider.lambda$initializePipeline$4(RatisPipelineProvider.java:194)
	at org.apache.hadoop.hdds.scm.pipeline.RatisPipelineProvider.lambda$null$5(RatisPipelineProvider.java:231)
	at java.util.stream.ForEachOps$ForEachOp$OfRef.accept(ForEachOps.java:184)
	at java.util.ArrayList$ArrayListSpliterator.forEachRemaining(ArrayList.java:1382)
	at java.util.stream.AbstractPipeline.copyInto(AbstractPipeline.java:482)
	at java.util.stream.ForEachOps$ForEachTask.compute(ForEachOps.java:291)
	at java.util.concurrent.CountedCompleter.exec(CountedCompleter.java:731)
	at java.util.concurrent.ForkJoinTask.doExec(ForkJoinTask.java:289)
	at java.util.concurrent.ForkJoinTask.doInvoke(ForkJoinTask.java:401)
	at java.util.concurrent.ForkJoinTask.invoke(ForkJoinTask.java:734)
	at java.util.stream.ForEachOps$ForEachOp.evaluateParallel(ForEachOps.java:160)
	at java.util.stream.ForEachOps$ForEachOp$OfRef.evaluateParallel(ForEachOps.java:174)
	at java.util.stream.AbstractPipeline.evaluate(AbstractPipeline.java:233)
	at java.util.stream.ReferencePipeline.forEach(ReferencePipeline.java:418)
	at java.util.stream.ReferencePipeline$Head.forEach(ReferencePipeline.java:583)
	at org.apache.hadoop.hdds.scm.pipeline.RatisPipelineProvider.lambda$callRatisRpc$6(RatisPipelineProvider.java:225)
	at java.util.concurrent.ForkJoinTask$AdaptedRunnableAction.exec(ForkJoinTask.java:1386)
	at java.util.concurrent.ForkJoinTask.doExec(ForkJoinTask.java:289)
	at java.util.concurrent.ForkJoinPool$WorkQueue.runTask(ForkJoinPool.java:1056)
	at java.util.concurrent.ForkJoinPool.runWorker(ForkJoinPool.java:1692)
	at java.util.concurrent.ForkJoinWorkerThread.run(ForkJoinWorkerThread.java:157)
Caused by: org.apache.ratis.thirdparty.io.grpc.StatusRuntimeException: DEADLINE_EXCEEDED: deadline exceeded after 2999798865ns
	at org.apache.ratis.thirdparty.io.grpc.stub.ClientCalls.toStatusRuntimeException(ClientCalls.java:233)
	at org.apache.ratis.thirdparty.io.grpc.stub.ClientCalls.getUnchecked(ClientCalls.java:214)
	at org.apache.ratis.thirdparty.io.grpc.stub.ClientCalls.blockingUnaryCall(ClientCalls.java:139)
	at org.apache.ratis.proto.grpc.AdminProtocolServiceGrpc$AdminProtocolServiceBlockingStub.groupManagement(AdminProtocolServiceGrpc.java:274)
	at org.apache.ratis.grpc.client.GrpcClientProtocolClient.lambda$groupAdd$3(GrpcClientProtocolClient.java:140)
	at org.apache.ratis.grpc.client.GrpcClientProtocolClient.blockingCall(GrpcClientProtocolClient.java:167)
	... 25 more
2019-08-21 06:48:41,566 | INFO  | SCMAudit | user=jenkins1000 | ip=192.168.69.91 | op=SEND_HEARTBEAT {datanodeUUID=37e73ba6-504c-42d6-9284-4cd48545e58f, command=[]} | ret=SUCCESS |  
2019-08-21 06:48:41,566 | INFO  | SCMAudit | user=jenkins1000 | ip=192.168.69.91 | op=SEND_HEARTBEAT {datanodeUUID=ac838652-17da-43f9-b098-84edc167383c, command=[]} | ret=SUCCESS |  
2019-08-21 06:48:41,652 | INFO  | SCMAudit | user=jenkins1000 | ip=192.168.69.91 | op=SEND_HEARTBEAT {datanodeUUID=f91f7e81-a37c-4e1f-8f5a-fc0399667c81, command=[]} | ret=SUCCESS |  
2019-08-21 06:48:41,735 | INFO  | SCMAudit | user=jenkins1000 | ip=192.168.69.91 | op=SEND_HEARTBEAT {datanodeUUID=44d45b17-37a4-4814-9169-f3c994da35b8, command=[]} | ret=SUCCESS |  
2019-08-21 06:48:41,939 | INFO  | SCMAudit | user=jenkins1000 | ip=192.168.69.91 | op=SEND_HEARTBEAT {datanodeUUID=8a76d8a0-f4e7-4941-9f78-0189fbf176ec, command=[]} | ret=SUCCESS |  
2019-08-21 06:48:42,017 [Thread-225] INFO  impl.FollowerState (FollowerState.java:run(106)) - f91f7e81-a37c-4e1f-8f5a-fc0399667c81:group-7C2330778327 changes to CANDIDATE, lastRpcTime:5099, electionTimeout:5098ms
2019-08-21 06:48:42,017 [Thread-225] INFO  impl.RoleInfo (RoleInfo.java:shutdownFollowerState(121)) - f91f7e81-a37c-4e1f-8f5a-fc0399667c81: shutdown FollowerState
2019-08-21 06:48:42,017 [Thread-225] INFO  impl.RaftServerImpl (RaftServerImpl.java:setRole(171)) - f91f7e81-a37c-4e1f-8f5a-fc0399667c81:group-7C2330778327 changes role from FOLLOWER to CANDIDATE at term 0 for changeToCandidate
2019-08-21 06:48:42,024 [Thread-225] INFO  impl.RoleInfo (RoleInfo.java:updateAndGet(143)) - f91f7e81-a37c-4e1f-8f5a-fc0399667c81: start LeaderElection
2019-08-21 06:48:42,036 | INFO  | SCMAudit | user=jenkins1000 | ip=192.168.69.91 | op=SEND_HEARTBEAT {datanodeUUID=0262ecf8-6c8f-4ee4-a6a4-c79e5aa69523, command=[]} | ret=SUCCESS |  
2019-08-21 06:48:42,199 [Thread-228] INFO  impl.FollowerState (FollowerState.java:run(106)) - 37e73ba6-504c-42d6-9284-4cd48545e58f:group-BFF960FF887F changes to CANDIDATE, lastRpcTime:5090, electionTimeout:5088ms
2019-08-21 06:48:42,199 [Thread-228] INFO  impl.RoleInfo (RoleInfo.java:shutdownFollowerState(121)) - 37e73ba6-504c-42d6-9284-4cd48545e58f: shutdown FollowerState
2019-08-21 06:48:42,199 [Thread-228] INFO  impl.RaftServerImpl (RaftServerImpl.java:setRole(171)) - 37e73ba6-504c-42d6-9284-4cd48545e58f:group-BFF960FF887F changes role from FOLLOWER to CANDIDATE at term 0 for changeToCandidate
2019-08-21 06:48:42,199 [Thread-228] INFO  impl.RoleInfo (RoleInfo.java:updateAndGet(143)) - 37e73ba6-504c-42d6-9284-4cd48545e58f: start LeaderElection
2019-08-21 06:48:42,205 [pool-82-thread-1] INFO  storage.RaftStorageDirectory (RaftStorageDirectory.java:tryLock(328)) - Lock on /workdir/hadoop-ozone/integration-test/target/test-dir/MiniOzoneClusterImpl-ad9cffe4-d9dd-4d7e-9292-cb2a09e16687/datanode-5/data/ratis/e27a1df5-702d-4297-aef3-44ad6f369064/in_use.lock acquired by nodename 23833@trunk-nightly-9stkx-2366262011
2019-08-21 06:48:42,205 [pool-60-thread-1] INFO  storage.RaftStorageDirectory (RaftStorageDirectory.java:tryLock(328)) - Lock on /workdir/hadoop-ozone/integration-test/target/test-dir/MiniOzoneClusterImpl-ad9cffe4-d9dd-4d7e-9292-cb2a09e16687/datanode-3/data/ratis/e27a1df5-702d-4297-aef3-44ad6f369064/in_use.lock acquired by nodename 23833@trunk-nightly-9stkx-2366262011
2019-08-21 06:48:42,205 [pool-38-thread-1] INFO  storage.RaftStorageDirectory (RaftStorageDirectory.java:tryLock(328)) - Lock on /workdir/hadoop-ozone/integration-test/target/test-dir/MiniOzoneClusterImpl-ad9cffe4-d9dd-4d7e-9292-cb2a09e16687/datanode-1/data/ratis/e27a1df5-702d-4297-aef3-44ad6f369064/in_use.lock acquired by nodename 23833@trunk-nightly-9stkx-2366262011
2019-08-21 06:48:42,211 [Thread-231] INFO  impl.FollowerState (FollowerState.java:run(106)) - 44d45b17-37a4-4814-9169-f3c994da35b8:group-D20E492A3DA2 changes to CANDIDATE, lastRpcTime:5019, electionTimeout:5019ms
2019-08-21 06:48:42,211 [Thread-231] INFO  impl.RoleInfo (RoleInfo.java:shutdownFollowerState(121)) - 44d45b17-37a4-4814-9169-f3c994da35b8: shutdown FollowerState
2019-08-21 06:48:42,211 [Thread-231] INFO  impl.RaftServerImpl (RaftServerImpl.java:setRole(171)) - 44d45b17-37a4-4814-9169-f3c994da35b8:group-D20E492A3DA2 changes role from FOLLOWER to CANDIDATE at term 0 for changeToCandidate
2019-08-21 06:48:42,211 [Thread-231] INFO  impl.RoleInfo (RoleInfo.java:updateAndGet(143)) - 44d45b17-37a4-4814-9169-f3c994da35b8: start LeaderElection
2019-08-21 06:48:42,354 [Thread-234] INFO  impl.FollowerState (FollowerState.java:run(106)) - 8a76d8a0-f4e7-4941-9f78-0189fbf176ec:group-CA019E95E328 changes to CANDIDATE, lastRpcTime:5094, electionTimeout:5094ms
2019-08-21 06:48:42,354 [Thread-234] INFO  impl.RoleInfo (RoleInfo.java:shutdownFollowerState(121)) - 8a76d8a0-f4e7-4941-9f78-0189fbf176ec: shutdown FollowerState
2019-08-21 06:48:42,354 [Thread-234] INFO  impl.RaftServerImpl (RaftServerImpl.java:setRole(171)) - 8a76d8a0-f4e7-4941-9f78-0189fbf176ec:group-CA019E95E328 changes role from FOLLOWER to CANDIDATE at term 0 for changeToCandidate
2019-08-21 06:48:42,355 [Thread-234] INFO  impl.RoleInfo (RoleInfo.java:updateAndGet(143)) - 8a76d8a0-f4e7-4941-9f78-0189fbf176ec: start LeaderElection
2019-08-21 06:48:42,408 [Thread-237] INFO  impl.FollowerState (FollowerState.java:run(106)) - ac838652-17da-43f9-b098-84edc167383c:group-A80CB7A0EDFD changes to CANDIDATE, lastRpcTime:5098, electionTimeout:5098ms
2019-08-21 06:48:42,408 [Thread-237] INFO  impl.RoleInfo (RoleInfo.java:shutdownFollowerState(121)) - ac838652-17da-43f9-b098-84edc167383c: shutdown FollowerState
2019-08-21 06:48:42,408 [Thread-237] INFO  impl.RaftServerImpl (RaftServerImpl.java:setRole(171)) - ac838652-17da-43f9-b098-84edc167383c:group-A80CB7A0EDFD changes role from FOLLOWER to CANDIDATE at term 0 for changeToCandidate
2019-08-21 06:48:42,409 [Thread-237] INFO  impl.RoleInfo (RoleInfo.java:updateAndGet(143)) - ac838652-17da-43f9-b098-84edc167383c: start LeaderElection
2019-08-21 06:48:42,521 [Thread-240] INFO  impl.FollowerState (FollowerState.java:run(106)) - 0262ecf8-6c8f-4ee4-a6a4-c79e5aa69523:group-9A1A706A08FA changes to CANDIDATE, lastRpcTime:5138, electionTimeout:5138ms
2019-08-21 06:48:42,521 [Thread-240] INFO  impl.RoleInfo (RoleInfo.java:shutdownFollowerState(121)) - 0262ecf8-6c8f-4ee4-a6a4-c79e5aa69523: shutdown FollowerState
2019-08-21 06:48:42,521 [Thread-240] INFO  impl.RaftServerImpl (RaftServerImpl.java:setRole(171)) - 0262ecf8-6c8f-4ee4-a6a4-c79e5aa69523:group-9A1A706A08FA changes role from FOLLOWER to CANDIDATE at term 0 for changeToCandidate
2019-08-21 06:48:42,522 [Thread-240] INFO  impl.RoleInfo (RoleInfo.java:updateAndGet(143)) - 0262ecf8-6c8f-4ee4-a6a4-c79e5aa69523: start LeaderElection
2019-08-21 06:48:42,579 | INFO  | SCMAudit | user=jenkins1000 | ip=192.168.69.91 | op=SEND_HEARTBEAT {datanodeUUID=37e73ba6-504c-42d6-9284-4cd48545e58f, command=[]} | ret=SUCCESS |  
2019-08-21 06:48:42,579 | INFO  | SCMAudit | user=jenkins1000 | ip=192.168.69.91 | op=SEND_HEARTBEAT {datanodeUUID=ac838652-17da-43f9-b098-84edc167383c, command=[]} | ret=SUCCESS |  
2019-08-21 06:48:42,650 | INFO  | SCMAudit | user=jenkins1000 | ip=192.168.69.91 | op=SEND_HEARTBEAT {datanodeUUID=f91f7e81-a37c-4e1f-8f5a-fc0399667c81, command=[]} | ret=SUCCESS |  
2019-08-21 06:48:42,732 | INFO  | SCMAudit | user=jenkins1000 | ip=192.168.69.91 | op=SEND_HEARTBEAT {datanodeUUID=44d45b17-37a4-4814-9169-f3c994da35b8, command=[]} | ret=SUCCESS |  
2019-08-21 06:48:42,936 | INFO  | SCMAudit | user=jenkins1000 | ip=192.168.69.91 | op=SEND_HEARTBEAT {datanodeUUID=8a76d8a0-f4e7-4941-9f78-0189fbf176ec, command=[]} | ret=SUCCESS |  
2019-08-21 06:48:43,035 | INFO  | SCMAudit | user=jenkins1000 | ip=192.168.69.91 | op=SEND_HEARTBEAT {datanodeUUID=0262ecf8-6c8f-4ee4-a6a4-c79e5aa69523, command=[]} | ret=SUCCESS |  
2019-08-21 06:48:43,325 [Thread-270] INFO  impl.FollowerState (FollowerState.java:run(106)) - 37e73ba6-504c-42d6-9284-4cd48545e58f:group-0360AB03DFD3 changes to CANDIDATE, lastRpcTime:5050, electionTimeout:5050ms
2019-08-21 06:48:43,326 [Thread-270] INFO  impl.RoleInfo (RoleInfo.java:shutdownFollowerState(121)) - 37e73ba6-504c-42d6-9284-4cd48545e58f: shutdown FollowerState
2019-08-21 06:48:43,326 [Thread-270] INFO  impl.RaftServerImpl (RaftServerImpl.java:setRole(171)) - 37e73ba6-504c-42d6-9284-4cd48545e58f:group-0360AB03DFD3 changes role from FOLLOWER to CANDIDATE at term 0 for changeToCandidate
2019-08-21 06:48:43,326 [Thread-270] INFO  impl.RoleInfo (RoleInfo.java:updateAndGet(143)) - 37e73ba6-504c-42d6-9284-4cd48545e58f: start LeaderElection
2019-08-21 06:48:43,431 [f91f7e81-a37c-4e1f-8f5a-fc0399667c81:group-7C2330778327:LeaderElection1] INFO  impl.LeaderElection (LeaderElection.java:askForVotes(181)) - f91f7e81-a37c-4e1f-8f5a-fc0399667c81:group-7C2330778327:LeaderElection1: begin an election at term 1 for -1: [f91f7e81-a37c-4e1f-8f5a-fc0399667c81:192.168.69.91:33512], old=null
2019-08-21 06:48:43,432 [f91f7e81-a37c-4e1f-8f5a-fc0399667c81:group-7C2330778327:LeaderElection1] INFO  impl.RoleInfo (RoleInfo.java:shutdownLeaderElection(134)) - f91f7e81-a37c-4e1f-8f5a-fc0399667c81: shutdown LeaderElection
2019-08-21 06:48:43,433 [f91f7e81-a37c-4e1f-8f5a-fc0399667c81:group-7C2330778327:LeaderElection1] INFO  impl.RaftServerImpl (RaftServerImpl.java:setRole(171)) - f91f7e81-a37c-4e1f-8f5a-fc0399667c81:group-7C2330778327 changes role from CANDIDATE to LEADER at term 1 for changeToLeader
2019-08-21 06:48:43,433 [f91f7e81-a37c-4e1f-8f5a-fc0399667c81:group-7C2330778327:LeaderElection1] INFO  impl.RaftServerImpl (ServerState.java:setLeader(263)) - f91f7e81-a37c-4e1f-8f5a-fc0399667c81:group-7C2330778327 change Leader from null to f91f7e81-a37c-4e1f-8f5a-fc0399667c81 at term 1 for becomeLeader, leader elected after 6597ms
2019-08-21 06:48:43,441 [f91f7e81-a37c-4e1f-8f5a-fc0399667c81:group-7C2330778327:LeaderElection1] INFO  server.RaftServerConfigKeys (ConfUtils.java:logGet(43)) - raft.server.staging.catchup.gap = 1000 (default)
2019-08-21 06:48:43,441 [f91f7e81-a37c-4e1f-8f5a-fc0399667c81:group-7C2330778327:LeaderElection1] INFO  server.RaftServerConfigKeys (ConfUtils.java:logGet(43)) - raft.server.rpc.sleep.time = 25ms (default)
2019-08-21 06:48:43,444 [f91f7e81-a37c-4e1f-8f5a-fc0399667c81:group-7C2330778327:LeaderElection1] INFO  server.RaftServerConfigKeys (ConfUtils.java:logGet(43)) - raft.server.write.element-limit = 4096 (default)
2019-08-21 06:48:43,446 [Thread-264] INFO  impl.FollowerState (FollowerState.java:run(106)) - f91f7e81-a37c-4e1f-8f5a-fc0399667c81:group-0360AB03DFD3 changes to CANDIDATE, lastRpcTime:5176, electionTimeout:5176ms
2019-08-21 06:48:43,447 [Thread-264] INFO  impl.RoleInfo (RoleInfo.java:shutdownFollowerState(121)) - f91f7e81-a37c-4e1f-8f5a-fc0399667c81: shutdown FollowerState
2019-08-21 06:48:43,447 [f91f7e81-a37c-4e1f-8f5a-fc0399667c81:group-7C2330778327:LeaderElection1] INFO  server.RaftServerConfigKeys (ConfUtils.java:logGet(43)) - raft.server.watch.timeout = 10s (default)
2019-08-21 06:48:43,447 [Thread-264] INFO  impl.RaftServerImpl (RaftServerImpl.java:setRole(171)) - f91f7e81-a37c-4e1f-8f5a-fc0399667c81:group-0360AB03DFD3 changes role from FOLLOWER to CANDIDATE at term 0 for changeToCandidate
2019-08-21 06:48:43,447 [f91f7e81-a37c-4e1f-8f5a-fc0399667c81:group-7C2330778327:LeaderElection1] INFO  server.RaftServerConfigKeys (ConfUtils.java:logGet(43)) - raft.server.watch.timeout.denomination = 1s (default)
2019-08-21 06:48:43,447 [Thread-264] INFO  impl.RoleInfo (RoleInfo.java:updateAndGet(143)) - f91f7e81-a37c-4e1f-8f5a-fc0399667c81: start LeaderElection
2019-08-21 06:48:43,455 [f91f7e81-a37c-4e1f-8f5a-fc0399667c81:group-7C2330778327:LeaderElection1] INFO  server.RaftServerConfigKeys (ConfUtils.java:logGet(43)) - raft.server.watch.element-limit = 65536 (default)
2019-08-21 06:48:43,456 [Thread-267] INFO  impl.FollowerState (FollowerState.java:run(106)) - 44d45b17-37a4-4814-9169-f3c994da35b8:group-0360AB03DFD3 changes to CANDIDATE, lastRpcTime:5183, electionTimeout:5183ms
2019-08-21 06:48:43,456 [Thread-267] INFO  impl.RoleInfo (RoleInfo.java:shutdownFollowerState(121)) - 44d45b17-37a4-4814-9169-f3c994da35b8: shutdown FollowerState
2019-08-21 06:48:43,456 [Thread-267] INFO  impl.RaftServerImpl (RaftServerImpl.java:setRole(171)) - 44d45b17-37a4-4814-9169-f3c994da35b8:group-0360AB03DFD3 changes role from FOLLOWER to CANDIDATE at term 0 for changeToCandidate
2019-08-21 06:48:43,456 [Thread-267] INFO  impl.RoleInfo (RoleInfo.java:updateAndGet(143)) - 44d45b17-37a4-4814-9169-f3c994da35b8: start LeaderElection
2019-08-21 06:48:43,474 [f91f7e81-a37c-4e1f-8f5a-fc0399667c81:group-7C2330778327:LeaderElection1] INFO  impl.RoleInfo (RoleInfo.java:updateAndGet(143)) - f91f7e81-a37c-4e1f-8f5a-fc0399667c81: start LeaderState
2019-08-21 06:48:43,507 [f91f7e81-a37c-4e1f-8f5a-fc0399667c81:group-7C2330778327:LeaderElection1] INFO  segmented.SegmentedRaftLogWorker (SegmentedRaftLogWorker.java:startLogSegment(380)) - f91f7e81-a37c-4e1f-8f5a-fc0399667c81-SegmentedRaftLogWorker:Storage Directory /workdir/hadoop-ozone/integration-test/target/test-dir/MiniOzoneClusterImpl-ad9cffe4-d9dd-4d7e-9292-cb2a09e16687/datanode-0/data/ratis/bd1e9dc7-7370-4260-a323-7c2330778327: Starting segment from index:0
2019-08-21 06:48:43,516 [f91f7e81-a37c-4e1f-8f5a-fc0399667c81:group-7C2330778327:LeaderElection1] INFO  impl.RaftServerImpl (ServerState.java:setRaftConf(361)) - f91f7e81-a37c-4e1f-8f5a-fc0399667c81:group-7C2330778327 set configuration 0: [f91f7e81-a37c-4e1f-8f5a-fc0399667c81:192.168.69.91:33512], old=null at 0
2019-08-21 06:48:43,561 | INFO  | SCMAudit | user=jenkins1000 | ip=192.168.69.91 | op=SEND_HEARTBEAT {datanodeUUID=37e73ba6-504c-42d6-9284-4cd48545e58f, command=[]} | ret=SUCCESS |  
2019-08-21 06:48:43,561 | INFO  | SCMAudit | user=jenkins1000 | ip=192.168.69.91 | op=SEND_HEARTBEAT {datanodeUUID=ac838652-17da-43f9-b098-84edc167383c, command=[]} | ret=SUCCESS |  
2019-08-21 06:48:43,656 | INFO  | SCMAudit | user=jenkins1000 | ip=192.168.69.91 | op=SEND_HEARTBEAT {datanodeUUID=f91f7e81-a37c-4e1f-8f5a-fc0399667c81, command=[]} | ret=SUCCESS |  
2019-08-21 06:48:43,733 | INFO  | SCMAudit | user=jenkins1000 | ip=192.168.69.91 | op=SEND_HEARTBEAT {datanodeUUID=44d45b17-37a4-4814-9169-f3c994da35b8, command=[]} | ret=SUCCESS |  
2019-08-21 06:48:43,936 | INFO  | SCMAudit | user=jenkins1000 | ip=192.168.69.91 | op=SEND_HEARTBEAT {datanodeUUID=8a76d8a0-f4e7-4941-9f78-0189fbf176ec, command=[]} | ret=SUCCESS |  
2019-08-21 06:48:43,999 [pool-60-thread-1] INFO  storage.RaftStorage (RaftStorage.java:format(72)) - Storage directory /workdir/hadoop-ozone/integration-test/target/test-dir/MiniOzoneClusterImpl-ad9cffe4-d9dd-4d7e-9292-cb2a09e16687/datanode-3/data/ratis/e27a1df5-702d-4297-aef3-44ad6f369064 has been successfully formatted.
2019-08-21 06:48:44,027 [ac838652-17da-43f9-b098-84edc167383c:group-A80CB7A0EDFD:LeaderElection5] INFO  impl.LeaderElection (LeaderElection.java:askForVotes(181)) - ac838652-17da-43f9-b098-84edc167383c:group-A80CB7A0EDFD:LeaderElection5: begin an election at term 1 for -1: [ac838652-17da-43f9-b098-84edc167383c:192.168.69.91:46229], old=null
2019-08-21 06:48:43,999 [8a76d8a0-f4e7-4941-9f78-0189fbf176ec:group-CA019E95E328:LeaderElection4] INFO  impl.LeaderElection (LeaderElection.java:askForVotes(181)) - 8a76d8a0-f4e7-4941-9f78-0189fbf176ec:group-CA019E95E328:LeaderElection4: begin an election at term 1 for -1: [8a76d8a0-f4e7-4941-9f78-0189fbf176ec:192.168.69.91:38116], old=null
2019-08-21 06:48:43,999 [37e73ba6-504c-42d6-9284-4cd48545e58f:group-0360AB03DFD3:LeaderElection7] INFO  impl.LeaderElection (LeaderElection.java:askForVotes(181)) - 37e73ba6-504c-42d6-9284-4cd48545e58f:group-0360AB03DFD3:LeaderElection7: begin an election at term 1 for -1: [37e73ba6-504c-42d6-9284-4cd48545e58f:192.168.69.91:39695, f91f7e81-a37c-4e1f-8f5a-fc0399667c81:192.168.69.91:33512, 44d45b17-37a4-4814-9169-f3c994da35b8:192.168.69.91:46114], old=null
2019-08-21 06:48:43,999 [44d45b17-37a4-4814-9169-f3c994da35b8:group-D20E492A3DA2:LeaderElection3] INFO  impl.LeaderElection (LeaderElection.java:askForVotes(181)) - 44d45b17-37a4-4814-9169-f3c994da35b8:group-D20E492A3DA2:LeaderElection3: begin an election at term 1 for -1: [44d45b17-37a4-4814-9169-f3c994da35b8:192.168.69.91:46114], old=null
2019-08-21 06:48:43,999 [0262ecf8-6c8f-4ee4-a6a4-c79e5aa69523:group-9A1A706A08FA:LeaderElection6] INFO  impl.LeaderElection (LeaderElection.java:askForVotes(181)) - 0262ecf8-6c8f-4ee4-a6a4-c79e5aa69523:group-9A1A706A08FA:LeaderElection6: begin an election at term 1 for -1: [0262ecf8-6c8f-4ee4-a6a4-c79e5aa69523:192.168.69.91:46230], old=null
2019-08-21 06:48:43,999 [37e73ba6-504c-42d6-9284-4cd48545e58f:group-BFF960FF887F:LeaderElection2] INFO  impl.LeaderElection (LeaderElection.java:askForVotes(181)) - 37e73ba6-504c-42d6-9284-4cd48545e58f:group-BFF960FF887F:LeaderElection2: begin an election at term 1 for -1: [37e73ba6-504c-42d6-9284-4cd48545e58f:192.168.69.91:39695], old=null
2019-08-21 06:48:43,999 [pool-38-thread-1] INFO  storage.RaftStorage (RaftStorage.java:format(72)) - Storage directory /workdir/hadoop-ozone/integration-test/target/test-dir/MiniOzoneClusterImpl-ad9cffe4-d9dd-4d7e-9292-cb2a09e16687/datanode-1/data/ratis/e27a1df5-702d-4297-aef3-44ad6f369064 has been successfully formatted.
2019-08-21 06:48:43,999 [pool-82-thread-1] INFO  storage.RaftStorage (RaftStorage.java:format(72)) - Storage directory /workdir/hadoop-ozone/integration-test/target/test-dir/MiniOzoneClusterImpl-ad9cffe4-d9dd-4d7e-9292-cb2a09e16687/datanode-5/data/ratis/e27a1df5-702d-4297-aef3-44ad6f369064 has been successfully formatted.
2019-08-21 06:48:44,028 [37e73ba6-504c-42d6-9284-4cd48545e58f:group-BFF960FF887F:LeaderElection2] INFO  impl.RoleInfo (RoleInfo.java:shutdownLeaderElection(134)) - 37e73ba6-504c-42d6-9284-4cd48545e58f: shutdown LeaderElection
2019-08-21 06:48:44,028 [0262ecf8-6c8f-4ee4-a6a4-c79e5aa69523:group-9A1A706A08FA:LeaderElection6] INFO  impl.RoleInfo (RoleInfo.java:shutdownLeaderElection(134)) - 0262ecf8-6c8f-4ee4-a6a4-c79e5aa69523: shutdown LeaderElection
2019-08-21 06:48:44,028 [44d45b17-37a4-4814-9169-f3c994da35b8:group-D20E492A3DA2:LeaderElection3] INFO  impl.RoleInfo (RoleInfo.java:shutdownLeaderElection(134)) - 44d45b17-37a4-4814-9169-f3c994da35b8: shutdown LeaderElection
2019-08-21 06:48:44,028 [8a76d8a0-f4e7-4941-9f78-0189fbf176ec:group-CA019E95E328:LeaderElection4] INFO  impl.RoleInfo (RoleInfo.java:shutdownLeaderElection(134)) - 8a76d8a0-f4e7-4941-9f78-0189fbf176ec: shutdown LeaderElection
2019-08-21 06:48:44,027 [ac838652-17da-43f9-b098-84edc167383c:group-A80CB7A0EDFD:LeaderElection5] INFO  impl.RoleInfo (RoleInfo.java:shutdownLeaderElection(134)) - ac838652-17da-43f9-b098-84edc167383c: shutdown LeaderElection
2019-08-21 06:48:44,027 [pool-60-thread-1] INFO  ratis.ContainerStateMachine (ContainerStateMachine.java:loadSnapshot(226)) - group-44AD6F369064: The snapshot info is null. Setting the last applied indexto:(t:0, i:~)
2019-08-21 06:48:44,030 [ac838652-17da-43f9-b098-84edc167383c:group-A80CB7A0EDFD:LeaderElection5] INFO  impl.RaftServerImpl (RaftServerImpl.java:setRole(171)) - ac838652-17da-43f9-b098-84edc167383c:group-A80CB7A0EDFD changes role from CANDIDATE to LEADER at term 1 for changeToLeader
2019-08-21 06:48:44,029 [8a76d8a0-f4e7-4941-9f78-0189fbf176ec:group-CA019E95E328:LeaderElection4] INFO  impl.RaftServerImpl (RaftServerImpl.java:setRole(171)) - 8a76d8a0-f4e7-4941-9f78-0189fbf176ec:group-CA019E95E328 changes role from CANDIDATE to LEADER at term 1 for changeToLeader
2019-08-21 06:48:44,029 [44d45b17-37a4-4814-9169-f3c994da35b8:group-D20E492A3DA2:LeaderElection3] INFO  impl.RaftServerImpl (RaftServerImpl.java:setRole(171)) - 44d45b17-37a4-4814-9169-f3c994da35b8:group-D20E492A3DA2 changes role from CANDIDATE to LEADER at term 1 for changeToLeader
2019-08-21 06:48:44,029 [0262ecf8-6c8f-4ee4-a6a4-c79e5aa69523:group-9A1A706A08FA:LeaderElection6] INFO  impl.RaftServerImpl (RaftServerImpl.java:setRole(171)) - 0262ecf8-6c8f-4ee4-a6a4-c79e5aa69523:group-9A1A706A08FA changes role from CANDIDATE to LEADER at term 1 for changeToLeader
2019-08-21 06:48:44,029 [37e73ba6-504c-42d6-9284-4cd48545e58f:group-BFF960FF887F:LeaderElection2] INFO  impl.RaftServerImpl (RaftServerImpl.java:setRole(171)) - 37e73ba6-504c-42d6-9284-4cd48545e58f:group-BFF960FF887F changes role from CANDIDATE to LEADER at term 1 for changeToLeader
2019-08-21 06:48:44,029 [pool-82-thread-1] INFO  ratis.ContainerStateMachine (ContainerStateMachine.java:loadSnapshot(226)) - group-44AD6F369064: The snapshot info is null. Setting the last applied indexto:(t:0, i:~)
2019-08-21 06:48:44,029 [pool-38-thread-1] INFO  ratis.ContainerStateMachine (ContainerStateMachine.java:loadSnapshot(226)) - group-44AD6F369064: The snapshot info is null. Setting the last applied indexto:(t:0, i:~)
2019-08-21 06:48:44,031 [pool-82-thread-1] INFO  server.RaftServerConfigKeys (ConfUtils.java:logGet(43)) - raft.server.leader.election.timeout = 120s (custom)
2019-08-21 06:48:44,031 [37e73ba6-504c-42d6-9284-4cd48545e58f:group-BFF960FF887F:LeaderElection2] INFO  impl.RaftServerImpl (ServerState.java:setLeader(263)) - 37e73ba6-504c-42d6-9284-4cd48545e58f:group-BFF960FF887F change Leader from null to 37e73ba6-504c-42d6-9284-4cd48545e58f at term 1 for becomeLeader, leader elected after 6930ms
2019-08-21 06:48:44,031 [0262ecf8-6c8f-4ee4-a6a4-c79e5aa69523:group-9A1A706A08FA:LeaderElection6] INFO  impl.RaftServerImpl (ServerState.java:setLeader(263)) - 0262ecf8-6c8f-4ee4-a6a4-c79e5aa69523:group-9A1A706A08FA change Leader from null to 0262ecf8-6c8f-4ee4-a6a4-c79e5aa69523 at term 1 for becomeLeader, leader elected after 6654ms
2019-08-21 06:48:44,030 [44d45b17-37a4-4814-9169-f3c994da35b8:group-D20E492A3DA2:LeaderElection3] INFO  impl.RaftServerImpl (ServerState.java:setLeader(263)) - 44d45b17-37a4-4814-9169-f3c994da35b8:group-D20E492A3DA2 change Leader from null to 44d45b17-37a4-4814-9169-f3c994da35b8 at term 1 for becomeLeader, leader elected after 6844ms
2019-08-21 06:48:44,030 [8a76d8a0-f4e7-4941-9f78-0189fbf176ec:group-CA019E95E328:LeaderElection4] INFO  impl.RaftServerImpl (ServerState.java:setLeader(263)) - 8a76d8a0-f4e7-4941-9f78-0189fbf176ec:group-CA019E95E328 change Leader from null to 8a76d8a0-f4e7-4941-9f78-0189fbf176ec at term 1 for becomeLeader, leader elected after 6775ms
2019-08-21 06:48:44,030 [ac838652-17da-43f9-b098-84edc167383c:group-A80CB7A0EDFD:LeaderElection5] INFO  impl.RaftServerImpl (ServerState.java:setLeader(263)) - ac838652-17da-43f9-b098-84edc167383c:group-A80CB7A0EDFD change Leader from null to ac838652-17da-43f9-b098-84edc167383c at term 1 for becomeLeader, leader elected after 6725ms
2019-08-21 06:48:44,030 [pool-60-thread-1] INFO  server.RaftServerConfigKeys (ConfUtils.java:logGet(43)) - raft.server.leader.election.timeout = 120s (custom)
2019-08-21 06:48:44,041 [ac838652-17da-43f9-b098-84edc167383c:group-A80CB7A0EDFD:LeaderElection5] INFO  server.RaftServerConfigKeys (ConfUtils.java:logGet(43)) - raft.server.staging.catchup.gap = 1000 (default)
2019-08-21 06:48:44,039 [8a76d8a0-f4e7-4941-9f78-0189fbf176ec:group-CA019E95E328:LeaderElection4] INFO  server.RaftServerConfigKeys (ConfUtils.java:logGet(43)) - raft.server.staging.catchup.gap = 1000 (default)
2019-08-21 06:48:44,037 [44d45b17-37a4-4814-9169-f3c994da35b8:group-D20E492A3DA2:LeaderElection3] INFO  server.RaftServerConfigKeys (ConfUtils.java:logGet(43)) - raft.server.staging.catchup.gap = 1000 (default)
2019-08-21 06:48:44,042 | INFO  | SCMAudit | user=jenkins1000 | ip=192.168.69.91 | op=SEND_HEARTBEAT {datanodeUUID=0262ecf8-6c8f-4ee4-a6a4-c79e5aa69523, command=[]} | ret=SUCCESS |  
2019-08-21 06:48:44,035 [0262ecf8-6c8f-4ee4-a6a4-c79e5aa69523:group-9A1A706A08FA:LeaderElection6] INFO  server.RaftServerConfigKeys (ConfUtils.java:logGet(43)) - raft.server.staging.catchup.gap = 1000 (default)
2019-08-21 06:48:44,033 [37e73ba6-504c-42d6-9284-4cd48545e58f:group-BFF960FF887F:LeaderElection2] INFO  server.RaftServerConfigKeys (ConfUtils.java:logGet(43)) - raft.server.staging.catchup.gap = 1000 (default)
2019-08-21 06:48:44,031 [pool-82-thread-1] INFO  server.RaftServerConfigKeys (ConfUtils.java:logGet(43)) - raft.server.log.use.memory = false (default)
2019-08-21 06:48:44,031 [pool-38-thread-1] INFO  server.RaftServerConfigKeys (ConfUtils.java:logGet(43)) - raft.server.leader.election.timeout = 120s (custom)
2019-08-21 06:48:44,043 [pool-82-thread-1] INFO  server.RaftServerConfigKeys (ConfUtils.java:logGet(43)) - raft.server.log.purge.gap = 1000000 (custom)
2019-08-21 06:48:44,042 [37e73ba6-504c-42d6-9284-4cd48545e58f:group-BFF960FF887F:LeaderElection2] INFO  server.RaftServerConfigKeys (ConfUtils.java:logGet(43)) - raft.server.rpc.sleep.time = 25ms (default)
2019-08-21 06:48:44,042 [0262ecf8-6c8f-4ee4-a6a4-c79e5aa69523:group-9A1A706A08FA:LeaderElection6] INFO  server.RaftServerConfigKeys (ConfUtils.java:logGet(43)) - raft.server.rpc.sleep.time = 25ms (default)
2019-08-21 06:48:44,042 [44d45b17-37a4-4814-9169-f3c994da35b8:group-D20E492A3DA2:LeaderElection3] INFO  server.RaftServerConfigKeys (ConfUtils.java:logGet(43)) - raft.server.rpc.sleep.time = 25ms (default)
2019-08-21 06:48:44,042 [8a76d8a0-f4e7-4941-9f78-0189fbf176ec:group-CA019E95E328:LeaderElection4] INFO  server.RaftServerConfigKeys (ConfUtils.java:logGet(43)) - raft.server.rpc.sleep.time = 25ms (default)
2019-08-21 06:48:44,041 [ac838652-17da-43f9-b098-84edc167383c:group-A80CB7A0EDFD:LeaderElection5] INFO  server.RaftServerConfigKeys (ConfUtils.java:logGet(43)) - raft.server.rpc.sleep.time = 25ms (default)
2019-08-21 06:48:44,041 [pool-60-thread-1] INFO  server.RaftServerConfigKeys (ConfUtils.java:logGet(43)) - raft.server.log.use.memory = false (default)
2019-08-21 06:48:44,044 [ac838652-17da-43f9-b098-84edc167383c:group-A80CB7A0EDFD:LeaderElection5] INFO  server.RaftServerConfigKeys (ConfUtils.java:logGet(43)) - raft.server.write.element-limit = 4096 (default)
2019-08-21 06:48:44,044 [8a76d8a0-f4e7-4941-9f78-0189fbf176ec:group-CA019E95E328:LeaderElection4] INFO  server.RaftServerConfigKeys (ConfUtils.java:logGet(43)) - raft.server.write.element-limit = 4096 (default)
2019-08-21 06:48:44,044 [44d45b17-37a4-4814-9169-f3c994da35b8:group-D20E492A3DA2:LeaderElection3] INFO  server.RaftServerConfigKeys (ConfUtils.java:logGet(43)) - raft.server.write.element-limit = 4096 (default)
2019-08-21 06:48:44,043 [0262ecf8-6c8f-4ee4-a6a4-c79e5aa69523:group-9A1A706A08FA:LeaderElection6] INFO  server.RaftServerConfigKeys (ConfUtils.java:logGet(43)) - raft.server.write.element-limit = 4096 (default)
2019-08-21 06:48:44,043 [37e73ba6-504c-42d6-9284-4cd48545e58f:group-BFF960FF887F:LeaderElection2] INFO  server.RaftServerConfigKeys (ConfUtils.java:logGet(43)) - raft.server.write.element-limit = 4096 (default)
2019-08-21 06:48:44,043 [pool-82-thread-1] INFO  server.RaftServerConfigKeys (ConfUtils.java:logGet(43)) - raft.server.log.appender.buffer.byte-limit = 33554432 (custom)
2019-08-21 06:48:44,043 [pool-38-thread-1] INFO  server.RaftServerConfigKeys (ConfUtils.java:logGet(43)) - raft.server.log.use.memory = false (default)
2019-08-21 06:48:44,045 [pool-82-thread-1] INFO  server.RaftServerConfigKeys (ConfUtils.java:logGet(43)) - raft.server.log.segment.size.max = 1048576 (custom)
2019-08-21 06:48:44,045 [37e73ba6-504c-42d6-9284-4cd48545e58f:group-BFF960FF887F:LeaderElection2] INFO  server.RaftServerConfigKeys (ConfUtils.java:logGet(43)) - raft.server.watch.timeout = 10s (default)
2019-08-21 06:48:44,045 [0262ecf8-6c8f-4ee4-a6a4-c79e5aa69523:group-9A1A706A08FA:LeaderElection6] INFO  server.RaftServerConfigKeys (ConfUtils.java:logGet(43)) - raft.server.watch.timeout = 10s (default)
2019-08-21 06:48:44,045 [44d45b17-37a4-4814-9169-f3c994da35b8:group-D20E492A3DA2:LeaderElection3] INFO  server.RaftServerConfigKeys (ConfUtils.java:logGet(43)) - raft.server.watch.timeout = 10s (default)
2019-08-21 06:48:44,044 [8a76d8a0-f4e7-4941-9f78-0189fbf176ec:group-CA019E95E328:LeaderElection4] INFO  server.RaftServerConfigKeys (ConfUtils.java:logGet(43)) - raft.server.watch.timeout = 10s (default)
2019-08-21 06:48:44,044 [ac838652-17da-43f9-b098-84edc167383c:group-A80CB7A0EDFD:LeaderElection5] INFO  server.RaftServerConfigKeys (ConfUtils.java:logGet(43)) - raft.server.watch.timeout = 10s (default)
2019-08-21 06:48:44,044 [pool-60-thread-1] INFO  server.RaftServerConfigKeys (ConfUtils.java:logGet(43)) - raft.server.log.purge.gap = 1000000 (custom)
2019-08-21 06:48:44,048 [ac838652-17da-43f9-b098-84edc167383c:group-A80CB7A0EDFD:LeaderElection5] INFO  server.RaftServerConfigKeys (ConfUtils.java:logGet(43)) - raft.server.watch.timeout.denomination = 1s (default)
2019-08-21 06:48:44,048 [8a76d8a0-f4e7-4941-9f78-0189fbf176ec:group-CA019E95E328:LeaderElection4] INFO  server.RaftServerConfigKeys (ConfUtils.java:logGet(43)) - raft.server.watch.timeout.denomination = 1s (default)
2019-08-21 06:48:44,048 [44d45b17-37a4-4814-9169-f3c994da35b8:group-D20E492A3DA2:LeaderElection3] INFO  server.RaftServerConfigKeys (ConfUtils.java:logGet(43)) - raft.server.watch.timeout.denomination = 1s (default)
2019-08-21 06:48:44,048 [0262ecf8-6c8f-4ee4-a6a4-c79e5aa69523:group-9A1A706A08FA:LeaderElection6] INFO  server.RaftServerConfigKeys (ConfUtils.java:logGet(43)) - raft.server.watch.timeout.denomination = 1s (default)
2019-08-21 06:48:44,047 [37e73ba6-504c-42d6-9284-4cd48545e58f:group-BFF960FF887F:LeaderElection2] INFO  server.RaftServerConfigKeys (ConfUtils.java:logGet(43)) - raft.server.watch.timeout.denomination = 1s (default)
2019-08-21 06:48:44,046 [pool-82-thread-1] INFO  server.RaftServerConfigKeys (ConfUtils.java:logGet(43)) - raft.server.log.segment.cache.num.max = 2 (custom)
2019-08-21 06:48:44,045 [pool-38-thread-1] INFO  server.RaftServerConfigKeys (ConfUtils.java:logGet(43)) - raft.server.log.purge.gap = 1000000 (custom)
2019-08-21 06:48:44,049 [pool-82-thread-1] INFO  segmented.SegmentedRaftLogWorker (SegmentedRaftLogWorker.java:<init>(172)) - new 0262ecf8-6c8f-4ee4-a6a4-c79e5aa69523-SegmentedRaftLogWorker:Storage Directory /workdir/hadoop-ozone/integration-test/target/test-dir/MiniOzoneClusterImpl-ad9cffe4-d9dd-4d7e-9292-cb2a09e16687/datanode-5/data/ratis/e27a1df5-702d-4297-aef3-44ad6f369064 for RaftStorage:Storage Directory /workdir/hadoop-ozone/integration-test/target/test-dir/MiniOzoneClusterImpl-ad9cffe4-d9dd-4d7e-9292-cb2a09e16687/datanode-5/data/ratis/e27a1df5-702d-4297-aef3-44ad6f369064
2019-08-21 06:48:44,049 [37e73ba6-504c-42d6-9284-4cd48545e58f:group-BFF960FF887F:LeaderElection2] INFO  server.RaftServerConfigKeys (ConfUtils.java:logGet(43)) - raft.server.watch.element-limit = 65536 (default)
2019-08-21 06:48:44,049 [0262ecf8-6c8f-4ee4-a6a4-c79e5aa69523:group-9A1A706A08FA:LeaderElection6] INFO  server.RaftServerConfigKeys (ConfUtils.java:logGet(43)) - raft.server.watch.element-limit = 65536 (default)
2019-08-21 06:48:44,049 [44d45b17-37a4-4814-9169-f3c994da35b8:group-D20E492A3DA2:LeaderElection3] INFO  server.RaftServerConfigKeys (ConfUtils.java:logGet(43)) - raft.server.watch.element-limit = 65536 (default)
2019-08-21 06:48:44,049 [8a76d8a0-f4e7-4941-9f78-0189fbf176ec:group-CA019E95E328:LeaderElection4] INFO  server.RaftServerConfigKeys (ConfUtils.java:logGet(43)) - raft.server.watch.element-limit = 65536 (default)
2019-08-21 06:48:44,053 [44d45b17-37a4-4814-9169-f3c994da35b8:group-D20E492A3DA2:LeaderElection3] INFO  impl.RoleInfo (RoleInfo.java:updateAndGet(143)) - 44d45b17-37a4-4814-9169-f3c994da35b8: start LeaderState
2019-08-21 06:48:44,049 [ac838652-17da-43f9-b098-84edc167383c:group-A80CB7A0EDFD:LeaderElection5] INFO  server.RaftServerConfigKeys (ConfUtils.java:logGet(43)) - raft.server.watch.element-limit = 65536 (default)
2019-08-21 06:48:44,048 [pool-60-thread-1] INFO  server.RaftServerConfigKeys (ConfUtils.java:logGet(43)) - raft.server.log.appender.buffer.byte-limit = 33554432 (custom)
2019-08-21 06:48:44,053 [ac838652-17da-43f9-b098-84edc167383c:group-A80CB7A0EDFD:LeaderElection5] INFO  impl.RoleInfo (RoleInfo.java:updateAndGet(143)) - ac838652-17da-43f9-b098-84edc167383c: start LeaderState
2019-08-21 06:48:44,053 [44d45b17-37a4-4814-9169-f3c994da35b8:group-D20E492A3DA2:LeaderElection3] INFO  segmented.SegmentedRaftLogWorker (SegmentedRaftLogWorker.java:startLogSegment(380)) - 44d45b17-37a4-4814-9169-f3c994da35b8-SegmentedRaftLogWorker:Storage Directory /workdir/hadoop-ozone/integration-test/target/test-dir/MiniOzoneClusterImpl-ad9cffe4-d9dd-4d7e-9292-cb2a09e16687/datanode-4/data/ratis/d85dfc9b-f21b-433d-b42b-d20e492a3da2: Starting segment from index:0
2019-08-21 06:48:44,053 [8a76d8a0-f4e7-4941-9f78-0189fbf176ec:group-CA019E95E328:LeaderElection4] INFO  impl.RoleInfo (RoleInfo.java:updateAndGet(143)) - 8a76d8a0-f4e7-4941-9f78-0189fbf176ec: start LeaderState
2019-08-21 06:48:44,053 [0262ecf8-6c8f-4ee4-a6a4-c79e5aa69523:group-9A1A706A08FA:LeaderElection6] INFO  impl.RoleInfo (RoleInfo.java:updateAndGet(143)) - 0262ecf8-6c8f-4ee4-a6a4-c79e5aa69523: start LeaderState
2019-08-21 06:48:44,053 [37e73ba6-504c-42d6-9284-4cd48545e58f:group-BFF960FF887F:LeaderElection2] INFO  impl.RoleInfo (RoleInfo.java:updateAndGet(143)) - 37e73ba6-504c-42d6-9284-4cd48545e58f: start LeaderState
2019-08-21 06:48:44,050 [pool-82-thread-1] INFO  server.RaftServerConfigKeys (ConfUtils.java:logGet(43)) - raft.server.log.queue.byte-limit = 2147483647 (custom)
2019-08-21 06:48:44,050 [pool-38-thread-1] INFO  server.RaftServerConfigKeys (ConfUtils.java:logGet(43)) - raft.server.log.appender.buffer.byte-limit = 33554432 (custom)
2019-08-21 06:48:44,054 [pool-82-thread-1] INFO  server.RaftServerConfigKeys (ConfUtils.java:logGet(43)) - raft.server.log.queue.element-limit = 1024 (custom)
2019-08-21 06:48:44,054 [37e73ba6-504c-42d6-9284-4cd48545e58f:group-BFF960FF887F:LeaderElection2] INFO  segmented.SegmentedRaftLogWorker (SegmentedRaftLogWorker.java:startLogSegment(380)) - 37e73ba6-504c-42d6-9284-4cd48545e58f-SegmentedRaftLogWorker:Storage Directory /workdir/hadoop-ozone/integration-test/target/test-dir/MiniOzoneClusterImpl-ad9cffe4-d9dd-4d7e-9292-cb2a09e16687/datanode-2/data/ratis/54e98705-9639-4b1b-b1de-bff960ff887f: Starting segment from index:0
2019-08-21 06:48:44,054 [0262ecf8-6c8f-4ee4-a6a4-c79e5aa69523:group-9A1A706A08FA:LeaderElection6] INFO  segmented.SegmentedRaftLogWorker (SegmentedRaftLogWorker.java:startLogSegment(380)) - 0262ecf8-6c8f-4ee4-a6a4-c79e5aa69523-SegmentedRaftLogWorker:Storage Directory /workdir/hadoop-ozone/integration-test/target/test-dir/MiniOzoneClusterImpl-ad9cffe4-d9dd-4d7e-9292-cb2a09e16687/datanode-5/data/ratis/7c2b6be7-ba97-478e-9562-9a1a706a08fa: Starting segment from index:0
2019-08-21 06:48:44,054 [44d45b17-37a4-4814-9169-f3c994da35b8:group-D20E492A3DA2:LeaderElection3] INFO  impl.RaftServerImpl (ServerState.java:setRaftConf(361)) - 44d45b17-37a4-4814-9169-f3c994da35b8:group-D20E492A3DA2 set configuration 0: [44d45b17-37a4-4814-9169-f3c994da35b8:192.168.69.91:46114], old=null at 0
2019-08-21 06:48:44,054 [8a76d8a0-f4e7-4941-9f78-0189fbf176ec:group-CA019E95E328:LeaderElection4] INFO  segmented.SegmentedRaftLogWorker (SegmentedRaftLogWorker.java:startLogSegment(380)) - 8a76d8a0-f4e7-4941-9f78-0189fbf176ec-SegmentedRaftLogWorker:Storage Directory /workdir/hadoop-ozone/integration-test/target/test-dir/MiniOzoneClusterImpl-ad9cffe4-d9dd-4d7e-9292-cb2a09e16687/datanode-1/data/ratis/5b57d4a4-9e0d-4faf-9b9d-ca019e95e328: Starting segment from index:0
2019-08-21 06:48:44,054 [ac838652-17da-43f9-b098-84edc167383c:group-A80CB7A0EDFD:LeaderElection5] INFO  segmented.SegmentedRaftLogWorker (SegmentedRaftLogWorker.java:startLogSegment(380)) - ac838652-17da-43f9-b098-84edc167383c-SegmentedRaftLogWorker:Storage Directory /workdir/hadoop-ozone/integration-test/target/test-dir/MiniOzoneClusterImpl-ad9cffe4-d9dd-4d7e-9292-cb2a09e16687/datanode-3/data/ratis/06f05c27-9f99-47b0-81e5-a80cb7a0edfd: Starting segment from index:0
2019-08-21 06:48:44,053 [pool-60-thread-1] INFO  server.RaftServerConfigKeys (ConfUtils.java:logGet(43)) - raft.server.log.segment.size.max = 1048576 (custom)
2019-08-21 06:48:44,091 [0262ecf8-6c8f-4ee4-a6a4-c79e5aa69523:group-9A1A706A08FA:LeaderElection6] INFO  impl.RaftServerImpl (ServerState.java:setRaftConf(361)) - 0262ecf8-6c8f-4ee4-a6a4-c79e5aa69523:group-9A1A706A08FA set configuration 0: [0262ecf8-6c8f-4ee4-a6a4-c79e5aa69523:192.168.69.91:46230], old=null at 0
2019-08-21 06:48:44,055 [37e73ba6-504c-42d6-9284-4cd48545e58f:group-BFF960FF887F:LeaderElection2] INFO  impl.RaftServerImpl (ServerState.java:setRaftConf(361)) - 37e73ba6-504c-42d6-9284-4cd48545e58f:group-BFF960FF887F set configuration 0: [37e73ba6-504c-42d6-9284-4cd48545e58f:192.168.69.91:39695], old=null at 0
2019-08-21 06:48:44,055 [pool-82-thread-1] INFO  server.RaftServerConfigKeys (ConfUtils.java:logGet(43)) - raft.server.log.segment.size.max = 1048576 (custom)
2019-08-21 06:48:44,055 [pool-38-thread-1] INFO  server.RaftServerConfigKeys (ConfUtils.java:logGet(43)) - raft.server.log.segment.size.max = 1048576 (custom)
2019-08-21 06:48:44,139 [pool-82-thread-1] INFO  server.RaftServerConfigKeys (ConfUtils.java:logGet(43)) - raft.server.log.preallocated.size = 16384 (custom)
2019-08-21 06:48:44,092 [ac838652-17da-43f9-b098-84edc167383c:group-A80CB7A0EDFD:LeaderElection5] INFO  impl.RaftServerImpl (ServerState.java:setRaftConf(361)) - ac838652-17da-43f9-b098-84edc167383c:group-A80CB7A0EDFD set configuration 0: [ac838652-17da-43f9-b098-84edc167383c:192.168.69.91:46229], old=null at 0
2019-08-21 06:48:44,092 [8a76d8a0-f4e7-4941-9f78-0189fbf176ec:group-CA019E95E328:LeaderElection4] INFO  impl.RaftServerImpl (ServerState.java:setRaftConf(361)) - 8a76d8a0-f4e7-4941-9f78-0189fbf176ec:group-CA019E95E328 set configuration 0: [8a76d8a0-f4e7-4941-9f78-0189fbf176ec:192.168.69.91:38116], old=null at 0
2019-08-21 06:48:44,092 [pool-60-thread-1] INFO  server.RaftServerConfigKeys (ConfUtils.java:logGet(43)) - raft.server.log.segment.cache.num.max = 2 (custom)
2019-08-21 06:48:44,140 [pool-82-thread-1] INFO  server.RaftServerConfigKeys (ConfUtils.java:logGet(43)) - raft.server.log.write.buffer.size = 33554432 (custom)
2019-08-21 06:48:44,139 [pool-38-thread-1] INFO  server.RaftServerConfigKeys (ConfUtils.java:logGet(43)) - raft.server.log.segment.cache.num.max = 2 (custom)
2019-08-21 06:48:44,145 [pool-82-thread-1] INFO  server.RaftServerConfigKeys (ConfUtils.java:logGet(43)) - raft.server.log.force.sync.num = 128 (default)
2019-08-21 06:48:44,144 [pool-60-thread-1] INFO  segmented.SegmentedRaftLogWorker (SegmentedRaftLogWorker.java:<init>(172)) - new ac838652-17da-43f9-b098-84edc167383c-SegmentedRaftLogWorker:Storage Directory /workdir/hadoop-ozone/integration-test/target/test-dir/MiniOzoneClusterImpl-ad9cffe4-d9dd-4d7e-9292-cb2a09e16687/datanode-3/data/ratis/e27a1df5-702d-4297-aef3-44ad6f369064 for RaftStorage:Storage Directory /workdir/hadoop-ozone/integration-test/target/test-dir/MiniOzoneClusterImpl-ad9cffe4-d9dd-4d7e-9292-cb2a09e16687/datanode-3/data/ratis/e27a1df5-702d-4297-aef3-44ad6f369064
2019-08-21 06:48:44,145 [pool-82-thread-1] INFO  server.RaftServerConfigKeys (ConfUtils.java:logGet(43)) - raft.server.log.statemachine.data.sync = true (default)
2019-08-21 06:48:44,145 [pool-38-thread-1] INFO  segmented.SegmentedRaftLogWorker (SegmentedRaftLogWorker.java:<init>(172)) - new 8a76d8a0-f4e7-4941-9f78-0189fbf176ec-SegmentedRaftLogWorker:Storage Directory /workdir/hadoop-ozone/integration-test/target/test-dir/MiniOzoneClusterImpl-ad9cffe4-d9dd-4d7e-9292-cb2a09e16687/datanode-1/data/ratis/e27a1df5-702d-4297-aef3-44ad6f369064 for RaftStorage:Storage Directory /workdir/hadoop-ozone/integration-test/target/test-dir/MiniOzoneClusterImpl-ad9cffe4-d9dd-4d7e-9292-cb2a09e16687/datanode-1/data/ratis/e27a1df5-702d-4297-aef3-44ad6f369064
2019-08-21 06:48:44,147 [pool-82-thread-1] INFO  server.RaftServerConfigKeys (ConfUtils.java:logGet(43)) - raft.server.log.statemachine.data.sync.timeout = 10s (default)
2019-08-21 06:48:44,145 [pool-60-thread-1] INFO  server.RaftServerConfigKeys (ConfUtils.java:logGet(43)) - raft.server.log.queue.byte-limit = 2147483647 (custom)
2019-08-21 06:48:44,148 [pool-82-thread-1] INFO  server.RaftServerConfigKeys (ConfUtils.java:logGet(43)) - raft.server.log.statemachine.data.sync.timeout.retry = -1 (default)
2019-08-21 06:48:44,148 [pool-38-thread-1] INFO  server.RaftServerConfigKeys (ConfUtils.java:logGet(43)) - raft.server.log.queue.byte-limit = 2147483647 (custom)
2019-08-21 06:48:44,150 [pool-82-thread-1] INFO  server.RaftServerConfigKeys (ConfUtils.java:logGet(43)) - raft.server.log.statemachine.data.caching.enabled = true (custom)
2019-08-21 06:48:44,150 [pool-60-thread-1] INFO  server.RaftServerConfigKeys (ConfUtils.java:logGet(43)) - raft.server.log.queue.element-limit = 1024 (custom)
2019-08-21 06:48:44,151 [pool-38-thread-1] INFO  server.RaftServerConfigKeys (ConfUtils.java:logGet(43)) - raft.server.log.queue.element-limit = 1024 (custom)
2019-08-21 06:48:44,151 [pool-60-thread-1] INFO  server.RaftServerConfigKeys (ConfUtils.java:logGet(43)) - raft.server.log.segment.size.max = 1048576 (custom)
2019-08-21 06:48:44,151 [pool-82-thread-1] INFO  segmented.SegmentedRaftLogWorker (SegmentedRaftLogWorker.java:lambda$new$0(132)) - 0262ecf8-6c8f-4ee4-a6a4-c79e5aa69523-SegmentedRaftLogWorker:Storage Directory /workdir/hadoop-ozone/integration-test/target/test-dir/MiniOzoneClusterImpl-ad9cffe4-d9dd-4d7e-9292-cb2a09e16687/datanode-5/data/ratis/e27a1df5-702d-4297-aef3-44ad6f369064: flushIndex: setUnconditionally 0 -> -1
2019-08-21 06:48:44,151 [pool-60-thread-1] INFO  server.RaftServerConfigKeys (ConfUtils.java:logGet(43)) - raft.server.log.preallocated.size = 16384 (custom)
2019-08-21 06:48:44,151 [pool-38-thread-1] INFO  server.RaftServerConfigKeys (ConfUtils.java:logGet(43)) - raft.server.log.segment.size.max = 1048576 (custom)
2019-08-21 06:48:44,152 [pool-82-thread-1] INFO  server.RaftServerConfigKeys (ConfUtils.java:logGet(43)) - raft.server.snapshot.auto.trigger.enabled = true (custom)
2019-08-21 06:48:44,152 [pool-60-thread-1] INFO  server.RaftServerConfigKeys (ConfUtils.java:logGet(43)) - raft.server.log.write.buffer.size = 33554432 (custom)
2019-08-21 06:48:44,152 [pool-82-thread-1] INFO  server.RaftServerConfigKeys (ConfUtils.java:logGet(43)) - raft.server.snapshot.auto.trigger.threshold = 10000 (custom)
2019-08-21 06:48:44,152 [pool-38-thread-1] INFO  server.RaftServerConfigKeys (ConfUtils.java:logGet(43)) - raft.server.log.preallocated.size = 16384 (custom)
2019-08-21 06:48:44,153 [pool-82-thread-1] INFO  server.RaftServerConfigKeys (ConfUtils.java:logGet(43)) - raft.server.retrycache.expirytime = 600000ms (custom)
2019-08-21 06:48:44,152 [pool-60-thread-1] INFO  server.RaftServerConfigKeys (ConfUtils.java:logGet(43)) - raft.server.log.force.sync.num = 128 (default)
2019-08-21 06:48:44,153 [pool-82-thread-1] INFO  impl.RaftServerImpl (RaftServerImpl.java:start(180)) - 0262ecf8-6c8f-4ee4-a6a4-c79e5aa69523: start group-44AD6F369064
2019-08-21 06:48:44,153 [pool-38-thread-1] INFO  server.RaftServerConfigKeys (ConfUtils.java:logGet(43)) - raft.server.log.write.buffer.size = 33554432 (custom)
2019-08-21 06:48:44,153 [pool-82-thread-1] INFO  impl.RaftServerImpl (RaftServerImpl.java:setRole(171)) - 0262ecf8-6c8f-4ee4-a6a4-c79e5aa69523:group-44AD6F369064 changes role from null to FOLLOWER at term 0 for startAsFollower
2019-08-21 06:48:44,153 [pool-60-thread-1] INFO  server.RaftServerConfigKeys (ConfUtils.java:logGet(43)) - raft.server.log.statemachine.data.sync = true (default)
2019-08-21 06:48:44,154 [pool-82-thread-1] INFO  impl.RoleInfo (RoleInfo.java:updateAndGet(143)) - 0262ecf8-6c8f-4ee4-a6a4-c79e5aa69523: start FollowerState
2019-08-21 06:48:44,153 [pool-38-thread-1] INFO  server.RaftServerConfigKeys (ConfUtils.java:logGet(43)) - raft.server.log.force.sync.num = 128 (default)
2019-08-21 06:48:44,154 [pool-60-thread-1] INFO  server.RaftServerConfigKeys (ConfUtils.java:logGet(43)) - raft.server.log.statemachine.data.sync.timeout = 10s (default)
2019-08-21 06:48:44,154 [pool-38-thread-1] INFO  server.RaftServerConfigKeys (ConfUtils.java:logGet(43)) - raft.server.log.statemachine.data.sync = true (default)
2019-08-21 06:48:44,154 [pool-82-thread-1] INFO  util.JmxRegister (JmxRegister.java:tryRegister(44)) - Successfully registered JMX Bean with object name Ratis:service=RaftServer,group=group-44AD6F369064,id=0262ecf8-6c8f-4ee4-a6a4-c79e5aa69523
2019-08-21 06:48:44,154 [pool-60-thread-1] INFO  server.RaftServerConfigKeys (ConfUtils.java:logGet(43)) - raft.server.log.statemachine.data.sync.timeout.retry = -1 (default)
2019-08-21 06:48:44,154 [pool-38-thread-1] INFO  server.RaftServerConfigKeys (ConfUtils.java:logGet(43)) - raft.server.log.statemachine.data.sync.timeout = 10s (default)
2019-08-21 06:48:44,155 [pool-60-thread-1] INFO  server.RaftServerConfigKeys (ConfUtils.java:logGet(43)) - raft.server.log.statemachine.data.caching.enabled = true (custom)
2019-08-21 06:48:44,155 [pool-38-thread-1] INFO  server.RaftServerConfigKeys (ConfUtils.java:logGet(43)) - raft.server.log.statemachine.data.sync.timeout.retry = -1 (default)
2019-08-21 06:48:44,155 [pool-38-thread-1] INFO  server.RaftServerConfigKeys (ConfUtils.java:logGet(43)) - raft.server.log.statemachine.data.caching.enabled = true (custom)
2019-08-21 06:48:44,155 [pool-60-thread-1] INFO  segmented.SegmentedRaftLogWorker (SegmentedRaftLogWorker.java:lambda$new$0(132)) - ac838652-17da-43f9-b098-84edc167383c-SegmentedRaftLogWorker:Storage Directory /workdir/hadoop-ozone/integration-test/target/test-dir/MiniOzoneClusterImpl-ad9cffe4-d9dd-4d7e-9292-cb2a09e16687/datanode-3/data/ratis/e27a1df5-702d-4297-aef3-44ad6f369064: flushIndex: setUnconditionally 0 -> -1
2019-08-21 06:48:44,156 [pool-38-thread-1] INFO  segmented.SegmentedRaftLogWorker (SegmentedRaftLogWorker.java:lambda$new$0(132)) - 8a76d8a0-f4e7-4941-9f78-0189fbf176ec-SegmentedRaftLogWorker:Storage Directory /workdir/hadoop-ozone/integration-test/target/test-dir/MiniOzoneClusterImpl-ad9cffe4-d9dd-4d7e-9292-cb2a09e16687/datanode-1/data/ratis/e27a1df5-702d-4297-aef3-44ad6f369064: flushIndex: setUnconditionally 0 -> -1
2019-08-21 06:48:44,156 [pool-60-thread-1] INFO  server.RaftServerConfigKeys (ConfUtils.java:logGet(43)) - raft.server.snapshot.auto.trigger.enabled = true (custom)
2019-08-21 06:48:44,156 [pool-38-thread-1] INFO  server.RaftServerConfigKeys (ConfUtils.java:logGet(43)) - raft.server.snapshot.auto.trigger.enabled = true (custom)
2019-08-21 06:48:44,156 [pool-60-thread-1] INFO  server.RaftServerConfigKeys (ConfUtils.java:logGet(43)) - raft.server.snapshot.auto.trigger.threshold = 10000 (custom)
2019-08-21 06:48:44,156 [pool-38-thread-1] INFO  server.RaftServerConfigKeys (ConfUtils.java:logGet(43)) - raft.server.snapshot.auto.trigger.threshold = 10000 (custom)
2019-08-21 06:48:44,156 [pool-60-thread-1] INFO  server.RaftServerConfigKeys (ConfUtils.java:logGet(43)) - raft.server.retrycache.expirytime = 600000ms (custom)
2019-08-21 06:48:44,156 [pool-38-thread-1] INFO  server.RaftServerConfigKeys (ConfUtils.java:logGet(43)) - raft.server.retrycache.expirytime = 600000ms (custom)
2019-08-21 06:48:44,157 [pool-60-thread-1] INFO  impl.RaftServerImpl (RaftServerImpl.java:start(180)) - ac838652-17da-43f9-b098-84edc167383c: start group-44AD6F369064
2019-08-21 06:48:44,157 [pool-38-thread-1] INFO  impl.RaftServerImpl (RaftServerImpl.java:start(180)) - 8a76d8a0-f4e7-4941-9f78-0189fbf176ec: start group-44AD6F369064
2019-08-21 06:48:44,157 [pool-60-thread-1] INFO  impl.RaftServerImpl (RaftServerImpl.java:setRole(171)) - ac838652-17da-43f9-b098-84edc167383c:group-44AD6F369064 changes role from null to FOLLOWER at term 0 for startAsFollower
2019-08-21 06:48:44,157 [pool-38-thread-1] INFO  impl.RaftServerImpl (RaftServerImpl.java:setRole(171)) - 8a76d8a0-f4e7-4941-9f78-0189fbf176ec:group-44AD6F369064 changes role from null to FOLLOWER at term 0 for startAsFollower
2019-08-21 06:48:44,157 [pool-60-thread-1] INFO  impl.RoleInfo (RoleInfo.java:updateAndGet(143)) - ac838652-17da-43f9-b098-84edc167383c: start FollowerState
2019-08-21 06:48:44,157 [pool-38-thread-1] INFO  impl.RoleInfo (RoleInfo.java:updateAndGet(143)) - 8a76d8a0-f4e7-4941-9f78-0189fbf176ec: start FollowerState
2019-08-21 06:48:44,158 [pool-60-thread-1] INFO  util.JmxRegister (JmxRegister.java:tryRegister(44)) - Successfully registered JMX Bean with object name Ratis:service=RaftServer,group=group-44AD6F369064,id=ac838652-17da-43f9-b098-84edc167383c
2019-08-21 06:48:44,158 [pool-38-thread-1] INFO  util.JmxRegister (JmxRegister.java:tryRegister(44)) - Successfully registered JMX Bean with object name Ratis:service=RaftServer,group=group-44AD6F369064,id=8a76d8a0-f4e7-4941-9f78-0189fbf176ec
2019-08-21 06:48:44,561 | INFO  | SCMAudit | user=jenkins1000 | ip=192.168.69.91 | op=SEND_HEARTBEAT {datanodeUUID=ac838652-17da-43f9-b098-84edc167383c, command=[]} | ret=SUCCESS |  
2019-08-21 06:48:44,561 | INFO  | SCMAudit | user=jenkins1000 | ip=192.168.69.91 | op=SEND_HEARTBEAT {datanodeUUID=37e73ba6-504c-42d6-9284-4cd48545e58f, command=[]} | ret=SUCCESS |  
2019-08-21 06:48:44,651 | INFO  | SCMAudit | user=jenkins1000 | ip=192.168.69.91 | op=SEND_HEARTBEAT {datanodeUUID=f91f7e81-a37c-4e1f-8f5a-fc0399667c81, command=[]} | ret=SUCCESS |  
2019-08-21 06:48:44,734 | INFO  | SCMAudit | user=jenkins1000 | ip=192.168.69.91 | op=SEND_HEARTBEAT {datanodeUUID=44d45b17-37a4-4814-9169-f3c994da35b8, command=[]} | ret=SUCCESS |  
2019-08-21 06:48:44,936 | INFO  | SCMAudit | user=jenkins1000 | ip=192.168.69.91 | op=SEND_HEARTBEAT {datanodeUUID=8a76d8a0-f4e7-4941-9f78-0189fbf176ec, command=[]} | ret=SUCCESS |  
2019-08-21 06:48:45,035 | INFO  | SCMAudit | user=jenkins1000 | ip=192.168.69.91 | op=SEND_HEARTBEAT {datanodeUUID=0262ecf8-6c8f-4ee4-a6a4-c79e5aa69523, command=[]} | ret=SUCCESS |  
2019-08-21 06:48:45,560 | INFO  | SCMAudit | user=jenkins1000 | ip=192.168.69.91 | op=SEND_HEARTBEAT {datanodeUUID=37e73ba6-504c-42d6-9284-4cd48545e58f, command=[]} | ret=SUCCESS |  
2019-08-21 06:48:45,561 | INFO  | SCMAudit | user=jenkins1000 | ip=192.168.69.91 | op=SEND_HEARTBEAT {datanodeUUID=ac838652-17da-43f9-b098-84edc167383c, command=[]} | ret=SUCCESS |  
2019-08-21 06:48:45,651 | INFO  | SCMAudit | user=jenkins1000 | ip=192.168.69.91 | op=SEND_HEARTBEAT {datanodeUUID=f91f7e81-a37c-4e1f-8f5a-fc0399667c81, command=[]} | ret=SUCCESS |  
2019-08-21 06:48:45,734 | INFO  | SCMAudit | user=jenkins1000 | ip=192.168.69.91 | op=SEND_HEARTBEAT {datanodeUUID=44d45b17-37a4-4814-9169-f3c994da35b8, command=[]} | ret=SUCCESS |  
2019-08-21 06:48:45,936 | INFO  | SCMAudit | user=jenkins1000 | ip=192.168.69.91 | op=SEND_HEARTBEAT {datanodeUUID=8a76d8a0-f4e7-4941-9f78-0189fbf176ec, command=[]} | ret=SUCCESS |  
2019-08-21 06:48:46,035 | INFO  | SCMAudit | user=jenkins1000 | ip=192.168.69.91 | op=SEND_HEARTBEAT {datanodeUUID=0262ecf8-6c8f-4ee4-a6a4-c79e5aa69523, command=[]} | ret=SUCCESS |  
2019-08-21 06:48:46,560 | INFO  | SCMAudit | user=jenkins1000 | ip=192.168.69.91 | op=SEND_HEARTBEAT {datanodeUUID=37e73ba6-504c-42d6-9284-4cd48545e58f, command=[]} | ret=SUCCESS |  
2019-08-21 06:48:46,560 | INFO  | SCMAudit | user=jenkins1000 | ip=192.168.69.91 | op=SEND_HEARTBEAT {datanodeUUID=ac838652-17da-43f9-b098-84edc167383c, command=[]} | ret=SUCCESS |  
2019-08-21 06:48:46,651 | INFO  | SCMAudit | user=jenkins1000 | ip=192.168.69.91 | op=SEND_HEARTBEAT {datanodeUUID=f91f7e81-a37c-4e1f-8f5a-fc0399667c81, command=[]} | ret=SUCCESS |  
2019-08-21 06:48:46,734 | INFO  | SCMAudit | user=jenkins1000 | ip=192.168.69.91 | op=SEND_HEARTBEAT {datanodeUUID=44d45b17-37a4-4814-9169-f3c994da35b8, command=[]} | ret=SUCCESS |  
2019-08-21 06:48:46,936 | INFO  | SCMAudit | user=jenkins1000 | ip=192.168.69.91 | op=SEND_HEARTBEAT {datanodeUUID=8a76d8a0-f4e7-4941-9f78-0189fbf176ec, command=[]} | ret=SUCCESS |  
2019-08-21 06:48:47,035 | INFO  | SCMAudit | user=jenkins1000 | ip=192.168.69.91 | op=SEND_HEARTBEAT {datanodeUUID=0262ecf8-6c8f-4ee4-a6a4-c79e5aa69523, command=[]} | ret=SUCCESS |  
2019-08-21 06:48:47,051 [37e73ba6-504c-42d6-9284-4cd48545e58f:group-0360AB03DFD3:LeaderElection7] INFO  impl.LeaderElection (LogUtils.java:infoOrTrace(149)) - 37e73ba6-504c-42d6-9284-4cd48545e58f:group-0360AB03DFD3:LeaderElection7 got exception when requesting votes: {}
java.util.concurrent.ExecutionException: org.apache.ratis.thirdparty.io.grpc.StatusRuntimeException: DEADLINE_EXCEEDED: deadline exceeded after 2997892361ns
	at java.util.concurrent.FutureTask.report(FutureTask.java:122)
	at java.util.concurrent.FutureTask.get(FutureTask.java:192)
	at org.apache.ratis.server.impl.LeaderElection.waitForResults(LeaderElection.java:262)
	at org.apache.ratis.server.impl.LeaderElection.askForVotes(LeaderElection.java:200)
	at org.apache.ratis.server.impl.LeaderElection.run(LeaderElection.java:130)
	at java.lang.Thread.run(Thread.java:748)
Caused by: org.apache.ratis.thirdparty.io.grpc.StatusRuntimeException: DEADLINE_EXCEEDED: deadline exceeded after 2997892361ns
	at org.apache.ratis.thirdparty.io.grpc.stub.ClientCalls.toStatusRuntimeException(ClientCalls.java:233)
	at org.apache.ratis.thirdparty.io.grpc.stub.ClientCalls.getUnchecked(ClientCalls.java:214)
	at org.apache.ratis.thirdparty.io.grpc.stub.ClientCalls.blockingUnaryCall(ClientCalls.java:139)
	at org.apache.ratis.proto.grpc.RaftServerProtocolServiceGrpc$RaftServerProtocolServiceBlockingStub.requestVote(RaftServerProtocolServiceGrpc.java:265)
	at org.apache.ratis.grpc.server.GrpcServerProtocolClient.requestVote(GrpcServerProtocolClient.java:83)
	at org.apache.ratis.grpc.server.GrpcService.requestVote(GrpcService.java:195)
	at org.apache.ratis.server.impl.LeaderElection.lambda$submitRequests$1(LeaderElection.java:237)
	at java.util.concurrent.FutureTask.run(FutureTask.java:266)
	at java.util.concurrent.Executors$RunnableAdapter.call(Executors.java:511)
	at java.util.concurrent.FutureTask.run(FutureTask.java:266)
	at java.util.concurrent.ThreadPoolExecutor.runWorker(ThreadPoolExecutor.java:1149)
	at java.util.concurrent.ThreadPoolExecutor$Worker.run(ThreadPoolExecutor.java:624)
	... 1 more
2019-08-21 06:48:47,055 [37e73ba6-504c-42d6-9284-4cd48545e58f:group-0360AB03DFD3:LeaderElection7] INFO  impl.LeaderElection (LogUtils.java:infoOrTrace(149)) - 37e73ba6-504c-42d6-9284-4cd48545e58f:group-0360AB03DFD3:LeaderElection7 got exception when requesting votes: {}
java.util.concurrent.ExecutionException: org.apache.ratis.thirdparty.io.grpc.StatusRuntimeException: DEADLINE_EXCEEDED: deadline exceeded after 2998076268ns
	at java.util.concurrent.FutureTask.report(FutureTask.java:122)
	at java.util.concurrent.FutureTask.get(FutureTask.java:192)
	at org.apache.ratis.server.impl.LeaderElection.waitForResults(LeaderElection.java:262)
	at org.apache.ratis.server.impl.LeaderElection.askForVotes(LeaderElection.java:200)
	at org.apache.ratis.server.impl.LeaderElection.run(LeaderElection.java:130)
	at java.lang.Thread.run(Thread.java:748)
Caused by: org.apache.ratis.thirdparty.io.grpc.StatusRuntimeException: DEADLINE_EXCEEDED: deadline exceeded after 2998076268ns
	at org.apache.ratis.thirdparty.io.grpc.stub.ClientCalls.toStatusRuntimeException(ClientCalls.java:233)
	at org.apache.ratis.thirdparty.io.grpc.stub.ClientCalls.getUnchecked(ClientCalls.java:214)
	at org.apache.ratis.thirdparty.io.grpc.stub.ClientCalls.blockingUnaryCall(ClientCalls.java:139)
	at org.apache.ratis.proto.grpc.RaftServerProtocolServiceGrpc$RaftServerProtocolServiceBlockingStub.requestVote(RaftServerProtocolServiceGrpc.java:265)
	at org.apache.ratis.grpc.server.GrpcServerProtocolClient.requestVote(GrpcServerProtocolClient.java:83)
	at org.apache.ratis.grpc.server.GrpcService.requestVote(GrpcService.java:195)
	at org.apache.ratis.server.impl.LeaderElection.lambda$submitRequests$1(LeaderElection.java:237)
	at java.util.concurrent.FutureTask.run(FutureTask.java:266)
	at java.util.concurrent.Executors$RunnableAdapter.call(Executors.java:511)
	at java.util.concurrent.FutureTask.run(FutureTask.java:266)
	at java.util.concurrent.ThreadPoolExecutor.runWorker(ThreadPoolExecutor.java:1149)
	at java.util.concurrent.ThreadPoolExecutor$Worker.run(ThreadPoolExecutor.java:624)
	... 1 more
2019-08-21 06:48:47,059 [37e73ba6-504c-42d6-9284-4cd48545e58f:group-0360AB03DFD3:LeaderElection7] INFO  impl.LeaderElection (LeaderElection.java:logAndReturn(56)) - 37e73ba6-504c-42d6-9284-4cd48545e58f:group-0360AB03DFD3:LeaderElection7: Election REJECTED; received 0 response(s) [] and 2 exception(s); 37e73ba6-504c-42d6-9284-4cd48545e58f:t1, leader=null, voted=37e73ba6-504c-42d6-9284-4cd48545e58f, raftlog=37e73ba6-504c-42d6-9284-4cd48545e58f-SegmentedRaftLog:OPENED:c-1,f-1,i0, conf=-1: [37e73ba6-504c-42d6-9284-4cd48545e58f:192.168.69.91:39695, f91f7e81-a37c-4e1f-8f5a-fc0399667c81:192.168.69.91:33512, 44d45b17-37a4-4814-9169-f3c994da35b8:192.168.69.91:46114], old=null
2019-08-21 06:48:47,059 [37e73ba6-504c-42d6-9284-4cd48545e58f:group-0360AB03DFD3:LeaderElection7] INFO  impl.LeaderElection (LogUtils.java:infoOrTrace(149)) -   Exception 0: {}
java.util.concurrent.ExecutionException: org.apache.ratis.thirdparty.io.grpc.StatusRuntimeException: DEADLINE_EXCEEDED: deadline exceeded after 2997892361ns
	at java.util.concurrent.FutureTask.report(FutureTask.java:122)
	at java.util.concurrent.FutureTask.get(FutureTask.java:192)
	at org.apache.ratis.server.impl.LeaderElection.waitForResults(LeaderElection.java:262)
	at org.apache.ratis.server.impl.LeaderElection.askForVotes(LeaderElection.java:200)
	at org.apache.ratis.server.impl.LeaderElection.run(LeaderElection.java:130)
	at java.lang.Thread.run(Thread.java:748)
Caused by: org.apache.ratis.thirdparty.io.grpc.StatusRuntimeException: DEADLINE_EXCEEDED: deadline exceeded after 2997892361ns
	at org.apache.ratis.thirdparty.io.grpc.stub.ClientCalls.toStatusRuntimeException(ClientCalls.java:233)
	at org.apache.ratis.thirdparty.io.grpc.stub.ClientCalls.getUnchecked(ClientCalls.java:214)
	at org.apache.ratis.thirdparty.io.grpc.stub.ClientCalls.blockingUnaryCall(ClientCalls.java:139)
	at org.apache.ratis.proto.grpc.RaftServerProtocolServiceGrpc$RaftServerProtocolServiceBlockingStub.requestVote(RaftServerProtocolServiceGrpc.java:265)
	at org.apache.ratis.grpc.server.GrpcServerProtocolClient.requestVote(GrpcServerProtocolClient.java:83)
	at org.apache.ratis.grpc.server.GrpcService.requestVote(GrpcService.java:195)
	at org.apache.ratis.server.impl.LeaderElection.lambda$submitRequests$1(LeaderElection.java:237)
	at java.util.concurrent.FutureTask.run(FutureTask.java:266)
	at java.util.concurrent.Executors$RunnableAdapter.call(Executors.java:511)
	at java.util.concurrent.FutureTask.run(FutureTask.java:266)
	at java.util.concurrent.ThreadPoolExecutor.runWorker(ThreadPoolExecutor.java:1149)
	at java.util.concurrent.ThreadPoolExecutor$Worker.run(ThreadPoolExecutor.java:624)
	... 1 more
2019-08-21 06:48:47,062 [37e73ba6-504c-42d6-9284-4cd48545e58f:group-0360AB03DFD3:LeaderElection7] INFO  impl.LeaderElection (LogUtils.java:infoOrTrace(149)) -   Exception 1: {}
java.util.concurrent.ExecutionException: org.apache.ratis.thirdparty.io.grpc.StatusRuntimeException: DEADLINE_EXCEEDED: deadline exceeded after 2998076268ns
	at java.util.concurrent.FutureTask.report(FutureTask.java:122)
	at java.util.concurrent.FutureTask.get(FutureTask.java:192)
	at org.apache.ratis.server.impl.LeaderElection.waitForResults(LeaderElection.java:262)
	at org.apache.ratis.server.impl.LeaderElection.askForVotes(LeaderElection.java:200)
	at org.apache.ratis.server.impl.LeaderElection.run(LeaderElection.java:130)
	at java.lang.Thread.run(Thread.java:748)
Caused by: org.apache.ratis.thirdparty.io.grpc.StatusRuntimeException: DEADLINE_EXCEEDED: deadline exceeded after 2998076268ns
	at org.apache.ratis.thirdparty.io.grpc.stub.ClientCalls.toStatusRuntimeException(ClientCalls.java:233)
	at org.apache.ratis.thirdparty.io.grpc.stub.ClientCalls.getUnchecked(ClientCalls.java:214)
	at org.apache.ratis.thirdparty.io.grpc.stub.ClientCalls.blockingUnaryCall(ClientCalls.java:139)
	at org.apache.ratis.proto.grpc.RaftServerProtocolServiceGrpc$RaftServerProtocolServiceBlockingStub.requestVote(RaftServerProtocolServiceGrpc.java:265)
	at org.apache.ratis.grpc.server.GrpcServerProtocolClient.requestVote(GrpcServerProtocolClient.java:83)
	at org.apache.ratis.grpc.server.GrpcService.requestVote(GrpcService.java:195)
	at org.apache.ratis.server.impl.LeaderElection.lambda$submitRequests$1(LeaderElection.java:237)
	at java.util.concurrent.FutureTask.run(FutureTask.java:266)
	at java.util.concurrent.Executors$RunnableAdapter.call(Executors.java:511)
	at java.util.concurrent.FutureTask.run(FutureTask.java:266)
	at java.util.concurrent.ThreadPoolExecutor.runWorker(ThreadPoolExecutor.java:1149)
	at java.util.concurrent.ThreadPoolExecutor$Worker.run(ThreadPoolExecutor.java:624)
	... 1 more
2019-08-21 06:48:47,066 [37e73ba6-504c-42d6-9284-4cd48545e58f:group-0360AB03DFD3:LeaderElection7] INFO  impl.RaftServerImpl (RaftServerImpl.java:setRole(171)) - 37e73ba6-504c-42d6-9284-4cd48545e58f:group-0360AB03DFD3 changes role from CANDIDATE to FOLLOWER at term 1 for DISCOVERED_A_NEW_TERM
2019-08-21 06:48:47,067 [37e73ba6-504c-42d6-9284-4cd48545e58f:group-0360AB03DFD3:LeaderElection7] INFO  impl.RoleInfo (RoleInfo.java:shutdownLeaderElection(134)) - 37e73ba6-504c-42d6-9284-4cd48545e58f: shutdown LeaderElection
2019-08-21 06:48:47,067 [37e73ba6-504c-42d6-9284-4cd48545e58f:group-0360AB03DFD3:LeaderElection7] INFO  impl.RoleInfo (RoleInfo.java:updateAndGet(143)) - 37e73ba6-504c-42d6-9284-4cd48545e58f: start FollowerState
2019-08-21 06:48:47,560 | INFO  | SCMAudit | user=jenkins1000 | ip=192.168.69.91 | op=SEND_HEARTBEAT {datanodeUUID=37e73ba6-504c-42d6-9284-4cd48545e58f, command=[]} | ret=SUCCESS |  
2019-08-21 06:48:47,561 | INFO  | SCMAudit | user=jenkins1000 | ip=192.168.69.91 | op=SEND_HEARTBEAT {datanodeUUID=ac838652-17da-43f9-b098-84edc167383c, command=[]} | ret=SUCCESS |  
2019-08-21 06:48:47,651 | INFO  | SCMAudit | user=jenkins1000 | ip=192.168.69.91 | op=SEND_HEARTBEAT {datanodeUUID=f91f7e81-a37c-4e1f-8f5a-fc0399667c81, command=[]} | ret=SUCCESS |  
2019-08-21 06:48:47,734 | INFO  | SCMAudit | user=jenkins1000 | ip=192.168.69.91 | op=SEND_HEARTBEAT {datanodeUUID=44d45b17-37a4-4814-9169-f3c994da35b8, command=[]} | ret=SUCCESS |  
2019-08-21 06:48:47,935 | INFO  | SCMAudit | user=jenkins1000 | ip=192.168.69.91 | op=SEND_HEARTBEAT {datanodeUUID=8a76d8a0-f4e7-4941-9f78-0189fbf176ec, command=[]} | ret=SUCCESS |  
2019-08-21 06:48:48,035 | INFO  | SCMAudit | user=jenkins1000 | ip=192.168.69.91 | op=SEND_HEARTBEAT {datanodeUUID=0262ecf8-6c8f-4ee4-a6a4-c79e5aa69523, command=[]} | ret=SUCCESS |  
2019-08-21 06:48:48,561 | INFO  | SCMAudit | user=jenkins1000 | ip=192.168.69.91 | op=SEND_HEARTBEAT {datanodeUUID=37e73ba6-504c-42d6-9284-4cd48545e58f, command=[]} | ret=SUCCESS |  
2019-08-21 06:48:48,561 | INFO  | SCMAudit | user=jenkins1000 | ip=192.168.69.91 | op=SEND_HEARTBEAT {datanodeUUID=ac838652-17da-43f9-b098-84edc167383c, command=[]} | ret=SUCCESS |  
2019-08-21 06:48:48,590 [44d45b17-37a4-4814-9169-f3c994da35b8:group-0360AB03DFD3:LeaderElection9] INFO  impl.LeaderElection (LeaderElection.java:askForVotes(181)) - 44d45b17-37a4-4814-9169-f3c994da35b8:group-0360AB03DFD3:LeaderElection9: begin an election at term 1 for -1: [37e73ba6-504c-42d6-9284-4cd48545e58f:192.168.69.91:39695, f91f7e81-a37c-4e1f-8f5a-fc0399667c81:192.168.69.91:33512, 44d45b17-37a4-4814-9169-f3c994da35b8:192.168.69.91:46114], old=null
2019-08-21 06:48:48,590 [f91f7e81-a37c-4e1f-8f5a-fc0399667c81:group-0360AB03DFD3:LeaderElection8] INFO  impl.LeaderElection (LeaderElection.java:askForVotes(181)) - f91f7e81-a37c-4e1f-8f5a-fc0399667c81:group-0360AB03DFD3:LeaderElection8: begin an election at term 1 for -1: [37e73ba6-504c-42d6-9284-4cd48545e58f:192.168.69.91:39695, f91f7e81-a37c-4e1f-8f5a-fc0399667c81:192.168.69.91:33512, 44d45b17-37a4-4814-9169-f3c994da35b8:192.168.69.91:46114], old=null
2019-08-21 06:48:48,622 [44d45b17-37a4-4814-9169-f3c994da35b8:group-0360AB03DFD3:LeaderElection9] INFO  impl.LeaderElection (LeaderElection.java:logAndReturn(56)) - 44d45b17-37a4-4814-9169-f3c994da35b8:group-0360AB03DFD3:LeaderElection9: Election REJECTED; received 2 response(s) [44d45b17-37a4-4814-9169-f3c994da35b8<-37e73ba6-504c-42d6-9284-4cd48545e58f#0:FAIL-t1, 44d45b17-37a4-4814-9169-f3c994da35b8<-f91f7e81-a37c-4e1f-8f5a-fc0399667c81#0:FAIL-t1] and 0 exception(s); 44d45b17-37a4-4814-9169-f3c994da35b8:t1, leader=null, voted=44d45b17-37a4-4814-9169-f3c994da35b8, raftlog=44d45b17-37a4-4814-9169-f3c994da35b8-SegmentedRaftLog:OPENED:c-1,f-1,i0, conf=-1: [37e73ba6-504c-42d6-9284-4cd48545e58f:192.168.69.91:39695, f91f7e81-a37c-4e1f-8f5a-fc0399667c81:192.168.69.91:33512, 44d45b17-37a4-4814-9169-f3c994da35b8:192.168.69.91:46114], old=null
2019-08-21 06:48:48,622 [f91f7e81-a37c-4e1f-8f5a-fc0399667c81:group-0360AB03DFD3:LeaderElection8] INFO  impl.LeaderElection (LeaderElection.java:logAndReturn(56)) - f91f7e81-a37c-4e1f-8f5a-fc0399667c81:group-0360AB03DFD3:LeaderElection8: Election REJECTED; received 2 response(s) [f91f7e81-a37c-4e1f-8f5a-fc0399667c81<-37e73ba6-504c-42d6-9284-4cd48545e58f#0:FAIL-t1, f91f7e81-a37c-4e1f-8f5a-fc0399667c81<-44d45b17-37a4-4814-9169-f3c994da35b8#0:FAIL-t1] and 0 exception(s); f91f7e81-a37c-4e1f-8f5a-fc0399667c81:t1, leader=null, voted=f91f7e81-a37c-4e1f-8f5a-fc0399667c81, raftlog=f91f7e81-a37c-4e1f-8f5a-fc0399667c81-SegmentedRaftLog:OPENED:c-1,f-1,i0, conf=-1: [37e73ba6-504c-42d6-9284-4cd48545e58f:192.168.69.91:39695, f91f7e81-a37c-4e1f-8f5a-fc0399667c81:192.168.69.91:33512, 44d45b17-37a4-4814-9169-f3c994da35b8:192.168.69.91:46114], old=null
2019-08-21 06:48:48,622 [44d45b17-37a4-4814-9169-f3c994da35b8:group-0360AB03DFD3:LeaderElection9] INFO  impl.RaftServerImpl (RaftServerImpl.java:setRole(171)) - 44d45b17-37a4-4814-9169-f3c994da35b8:group-0360AB03DFD3 changes role from CANDIDATE to FOLLOWER at term 1 for DISCOVERED_A_NEW_TERM
2019-08-21 06:48:48,625 [f91f7e81-a37c-4e1f-8f5a-fc0399667c81:group-0360AB03DFD3:LeaderElection8] INFO  impl.RaftServerImpl (RaftServerImpl.java:setRole(171)) - f91f7e81-a37c-4e1f-8f5a-fc0399667c81:group-0360AB03DFD3 changes role from CANDIDATE to FOLLOWER at term 1 for DISCOVERED_A_NEW_TERM
2019-08-21 06:48:48,631 [44d45b17-37a4-4814-9169-f3c994da35b8:group-0360AB03DFD3:LeaderElection9] INFO  impl.RoleInfo (RoleInfo.java:shutdownLeaderElection(134)) - 44d45b17-37a4-4814-9169-f3c994da35b8: shutdown LeaderElection
2019-08-21 06:48:48,632 [f91f7e81-a37c-4e1f-8f5a-fc0399667c81:group-0360AB03DFD3:LeaderElection8] INFO  impl.RoleInfo (RoleInfo.java:shutdownLeaderElection(134)) - f91f7e81-a37c-4e1f-8f5a-fc0399667c81: shutdown LeaderElection
2019-08-21 06:48:48,633 [44d45b17-37a4-4814-9169-f3c994da35b8:group-0360AB03DFD3:LeaderElection9] INFO  impl.RoleInfo (RoleInfo.java:updateAndGet(143)) - 44d45b17-37a4-4814-9169-f3c994da35b8: start FollowerState
2019-08-21 06:48:48,633 [f91f7e81-a37c-4e1f-8f5a-fc0399667c81:group-0360AB03DFD3:LeaderElection8] INFO  impl.RoleInfo (RoleInfo.java:updateAndGet(143)) - f91f7e81-a37c-4e1f-8f5a-fc0399667c81: start FollowerState
2019-08-21 06:48:48,650 | INFO  | SCMAudit | user=jenkins1000 | ip=192.168.69.91 | op=SEND_HEARTBEAT {datanodeUUID=f91f7e81-a37c-4e1f-8f5a-fc0399667c81, command=[]} | ret=SUCCESS |  
2019-08-21 06:48:48,735 | INFO  | SCMAudit | user=jenkins1000 | ip=192.168.69.91 | op=SEND_HEARTBEAT {datanodeUUID=44d45b17-37a4-4814-9169-f3c994da35b8, command=[]} | ret=SUCCESS |  
2019-08-21 06:48:48,936 | INFO  | SCMAudit | user=jenkins1000 | ip=192.168.69.91 | op=SEND_HEARTBEAT {datanodeUUID=8a76d8a0-f4e7-4941-9f78-0189fbf176ec, command=[]} | ret=SUCCESS |  
2019-08-21 06:48:49,018 [ac838652-17da-43f9-b098-84edc167383c-SegmentedRaftLogWorker:Storage Directory /workdir/hadoop-ozone/integration-test/target/test-dir/MiniOzoneClusterImpl-ad9cffe4-d9dd-4d7e-9292-cb2a09e16687/datanode-3/data/ratis/06f05c27-9f99-47b0-81e5-a80cb7a0edfd] INFO  segmented.SegmentedRaftLogWorker (SegmentedRaftLogWorker.java:execute(569)) - ac838652-17da-43f9-b098-84edc167383c-SegmentedRaftLogWorker:Storage Directory /workdir/hadoop-ozone/integration-test/target/test-dir/MiniOzoneClusterImpl-ad9cffe4-d9dd-4d7e-9292-cb2a09e16687/datanode-3/data/ratis/06f05c27-9f99-47b0-81e5-a80cb7a0edfd: created new log segment /workdir/hadoop-ozone/integration-test/target/test-dir/MiniOzoneClusterImpl-ad9cffe4-d9dd-4d7e-9292-cb2a09e16687/datanode-3/data/ratis/06f05c27-9f99-47b0-81e5-a80cb7a0edfd/current/log_inprogress_0
2019-08-21 06:48:49,018 [0262ecf8-6c8f-4ee4-a6a4-c79e5aa69523-SegmentedRaftLogWorker:Storage Directory /workdir/hadoop-ozone/integration-test/target/test-dir/MiniOzoneClusterImpl-ad9cffe4-d9dd-4d7e-9292-cb2a09e16687/datanode-5/data/ratis/7c2b6be7-ba97-478e-9562-9a1a706a08fa] INFO  segmented.SegmentedRaftLogWorker (SegmentedRaftLogWorker.java:execute(569)) - 0262ecf8-6c8f-4ee4-a6a4-c79e5aa69523-SegmentedRaftLogWorker:Storage Directory /workdir/hadoop-ozone/integration-test/target/test-dir/MiniOzoneClusterImpl-ad9cffe4-d9dd-4d7e-9292-cb2a09e16687/datanode-5/data/ratis/7c2b6be7-ba97-478e-9562-9a1a706a08fa: created new log segment /workdir/hadoop-ozone/integration-test/target/test-dir/MiniOzoneClusterImpl-ad9cffe4-d9dd-4d7e-9292-cb2a09e16687/datanode-5/data/ratis/7c2b6be7-ba97-478e-9562-9a1a706a08fa/current/log_inprogress_0
2019-08-21 06:48:49,018 [8a76d8a0-f4e7-4941-9f78-0189fbf176ec-SegmentedRaftLogWorker:Storage Directory /workdir/hadoop-ozone/integration-test/target/test-dir/MiniOzoneClusterImpl-ad9cffe4-d9dd-4d7e-9292-cb2a09e16687/datanode-1/data/ratis/5b57d4a4-9e0d-4faf-9b9d-ca019e95e328] INFO  segmented.SegmentedRaftLogWorker (SegmentedRaftLogWorker.java:execute(569)) - 8a76d8a0-f4e7-4941-9f78-0189fbf176ec-SegmentedRaftLogWorker:Storage Directory /workdir/hadoop-ozone/integration-test/target/test-dir/MiniOzoneClusterImpl-ad9cffe4-d9dd-4d7e-9292-cb2a09e16687/datanode-1/data/ratis/5b57d4a4-9e0d-4faf-9b9d-ca019e95e328: created new log segment /workdir/hadoop-ozone/integration-test/target/test-dir/MiniOzoneClusterImpl-ad9cffe4-d9dd-4d7e-9292-cb2a09e16687/datanode-1/data/ratis/5b57d4a4-9e0d-4faf-9b9d-ca019e95e328/current/log_inprogress_0
2019-08-21 06:48:49,018 [44d45b17-37a4-4814-9169-f3c994da35b8-SegmentedRaftLogWorker:Storage Directory /workdir/hadoop-ozone/integration-test/target/test-dir/MiniOzoneClusterImpl-ad9cffe4-d9dd-4d7e-9292-cb2a09e16687/datanode-4/data/ratis/d85dfc9b-f21b-433d-b42b-d20e492a3da2] INFO  segmented.SegmentedRaftLogWorker (SegmentedRaftLogWorker.java:execute(569)) - 44d45b17-37a4-4814-9169-f3c994da35b8-SegmentedRaftLogWorker:Storage Directory /workdir/hadoop-ozone/integration-test/target/test-dir/MiniOzoneClusterImpl-ad9cffe4-d9dd-4d7e-9292-cb2a09e16687/datanode-4/data/ratis/d85dfc9b-f21b-433d-b42b-d20e492a3da2: created new log segment /workdir/hadoop-ozone/integration-test/target/test-dir/MiniOzoneClusterImpl-ad9cffe4-d9dd-4d7e-9292-cb2a09e16687/datanode-4/data/ratis/d85dfc9b-f21b-433d-b42b-d20e492a3da2/current/log_inprogress_0
2019-08-21 06:48:49,018 [f91f7e81-a37c-4e1f-8f5a-fc0399667c81-SegmentedRaftLogWorker:Storage Directory /workdir/hadoop-ozone/integration-test/target/test-dir/MiniOzoneClusterImpl-ad9cffe4-d9dd-4d7e-9292-cb2a09e16687/datanode-0/data/ratis/bd1e9dc7-7370-4260-a323-7c2330778327] INFO  segmented.SegmentedRaftLogWorker (SegmentedRaftLogWorker.java:execute(569)) - f91f7e81-a37c-4e1f-8f5a-fc0399667c81-SegmentedRaftLogWorker:Storage Directory /workdir/hadoop-ozone/integration-test/target/test-dir/MiniOzoneClusterImpl-ad9cffe4-d9dd-4d7e-9292-cb2a09e16687/datanode-0/data/ratis/bd1e9dc7-7370-4260-a323-7c2330778327: created new log segment /workdir/hadoop-ozone/integration-test/target/test-dir/MiniOzoneClusterImpl-ad9cffe4-d9dd-4d7e-9292-cb2a09e16687/datanode-0/data/ratis/bd1e9dc7-7370-4260-a323-7c2330778327/current/log_inprogress_0
2019-08-21 06:48:49,018 [37e73ba6-504c-42d6-9284-4cd48545e58f-SegmentedRaftLogWorker:Storage Directory /workdir/hadoop-ozone/integration-test/target/test-dir/MiniOzoneClusterImpl-ad9cffe4-d9dd-4d7e-9292-cb2a09e16687/datanode-2/data/ratis/54e98705-9639-4b1b-b1de-bff960ff887f] INFO  segmented.SegmentedRaftLogWorker (SegmentedRaftLogWorker.java:execute(569)) - 37e73ba6-504c-42d6-9284-4cd48545e58f-SegmentedRaftLogWorker:Storage Directory /workdir/hadoop-ozone/integration-test/target/test-dir/MiniOzoneClusterImpl-ad9cffe4-d9dd-4d7e-9292-cb2a09e16687/datanode-2/data/ratis/54e98705-9639-4b1b-b1de-bff960ff887f: created new log segment /workdir/hadoop-ozone/integration-test/target/test-dir/MiniOzoneClusterImpl-ad9cffe4-d9dd-4d7e-9292-cb2a09e16687/datanode-2/data/ratis/54e98705-9639-4b1b-b1de-bff960ff887f/current/log_inprogress_0
2019-08-21 06:48:49,035 | INFO  | SCMAudit | user=jenkins1000 | ip=192.168.69.91 | op=SEND_HEARTBEAT {datanodeUUID=0262ecf8-6c8f-4ee4-a6a4-c79e5aa69523, command=[]} | ret=SUCCESS |  
2019-08-21 06:48:49,249 [Thread-298] INFO  impl.FollowerState (FollowerState.java:run(106)) - ac838652-17da-43f9-b098-84edc167383c:group-44AD6F369064 changes to CANDIDATE, lastRpcTime:5091, electionTimeout:5091ms
2019-08-21 06:48:49,249 [Thread-298] INFO  impl.RoleInfo (RoleInfo.java:shutdownFollowerState(121)) - ac838652-17da-43f9-b098-84edc167383c: shutdown FollowerState
2019-08-21 06:48:49,249 [Thread-298] INFO  impl.RaftServerImpl (RaftServerImpl.java:setRole(171)) - ac838652-17da-43f9-b098-84edc167383c:group-44AD6F369064 changes role from FOLLOWER to CANDIDATE at term 0 for changeToCandidate
2019-08-21 06:48:49,249 [Thread-298] INFO  impl.RoleInfo (RoleInfo.java:updateAndGet(143)) - ac838652-17da-43f9-b098-84edc167383c: start LeaderElection
2019-08-21 06:48:49,262 [Thread-294] INFO  impl.FollowerState (FollowerState.java:run(106)) - 0262ecf8-6c8f-4ee4-a6a4-c79e5aa69523:group-44AD6F369064 changes to CANDIDATE, lastRpcTime:5108, electionTimeout:5108ms
2019-08-21 06:48:49,263 [Thread-294] INFO  impl.RoleInfo (RoleInfo.java:shutdownFollowerState(121)) - 0262ecf8-6c8f-4ee4-a6a4-c79e5aa69523: shutdown FollowerState
2019-08-21 06:48:49,263 [Thread-294] INFO  impl.RaftServerImpl (RaftServerImpl.java:setRole(171)) - 0262ecf8-6c8f-4ee4-a6a4-c79e5aa69523:group-44AD6F369064 changes role from FOLLOWER to CANDIDATE at term 0 for changeToCandidate
2019-08-21 06:48:49,263 [Thread-294] INFO  impl.RoleInfo (RoleInfo.java:updateAndGet(143)) - 0262ecf8-6c8f-4ee4-a6a4-c79e5aa69523: start LeaderElection
2019-08-21 06:48:49,288 [Thread-299] INFO  impl.FollowerState (FollowerState.java:run(106)) - 8a76d8a0-f4e7-4941-9f78-0189fbf176ec:group-44AD6F369064 changes to CANDIDATE, lastRpcTime:5130, electionTimeout:5130ms
2019-08-21 06:48:49,288 [Thread-299] INFO  impl.RoleInfo (RoleInfo.java:shutdownFollowerState(121)) - 8a76d8a0-f4e7-4941-9f78-0189fbf176ec: shutdown FollowerState
2019-08-21 06:48:49,288 [Thread-299] INFO  impl.RaftServerImpl (RaftServerImpl.java:setRole(171)) - 8a76d8a0-f4e7-4941-9f78-0189fbf176ec:group-44AD6F369064 changes role from FOLLOWER to CANDIDATE at term 0 for changeToCandidate
2019-08-21 06:48:49,288 [Thread-299] INFO  impl.RoleInfo (RoleInfo.java:updateAndGet(143)) - 8a76d8a0-f4e7-4941-9f78-0189fbf176ec: start LeaderElection
2019-08-21 06:48:49,560 | INFO  | SCMAudit | user=jenkins1000 | ip=192.168.69.91 | op=SEND_HEARTBEAT {datanodeUUID=37e73ba6-504c-42d6-9284-4cd48545e58f, command=[]} | ret=SUCCESS |  
2019-08-21 06:48:49,560 | INFO  | SCMAudit | user=jenkins1000 | ip=192.168.69.91 | op=SEND_HEARTBEAT {datanodeUUID=ac838652-17da-43f9-b098-84edc167383c, command=[]} | ret=SUCCESS |  
2019-08-21 06:48:49,650 | INFO  | SCMAudit | user=jenkins1000 | ip=192.168.69.91 | op=SEND_HEARTBEAT {datanodeUUID=f91f7e81-a37c-4e1f-8f5a-fc0399667c81, command=[]} | ret=SUCCESS |  
2019-08-21 06:48:49,735 | INFO  | SCMAudit | user=jenkins1000 | ip=192.168.69.91 | op=SEND_HEARTBEAT {datanodeUUID=44d45b17-37a4-4814-9169-f3c994da35b8, command=[]} | ret=SUCCESS |  
2019-08-21 06:48:49,936 | INFO  | SCMAudit | user=jenkins1000 | ip=192.168.69.91 | op=SEND_HEARTBEAT {datanodeUUID=8a76d8a0-f4e7-4941-9f78-0189fbf176ec, command=[]} | ret=SUCCESS |  
2019-08-21 06:48:50,035 | INFO  | SCMAudit | user=jenkins1000 | ip=192.168.69.91 | op=SEND_HEARTBEAT {datanodeUUID=0262ecf8-6c8f-4ee4-a6a4-c79e5aa69523, command=[]} | ret=SUCCESS |  
2019-08-21 06:48:50,560 | INFO  | SCMAudit | user=jenkins1000 | ip=192.168.69.91 | op=SEND_HEARTBEAT {datanodeUUID=ac838652-17da-43f9-b098-84edc167383c, command=[]} | ret=SUCCESS |  
2019-08-21 06:48:50,560 | INFO  | SCMAudit | user=jenkins1000 | ip=192.168.69.91 | op=SEND_HEARTBEAT {datanodeUUID=37e73ba6-504c-42d6-9284-4cd48545e58f, command=[]} | ret=SUCCESS |  
2019-08-21 06:48:50,651 | INFO  | SCMAudit | user=jenkins1000 | ip=192.168.69.91 | op=SEND_HEARTBEAT {datanodeUUID=f91f7e81-a37c-4e1f-8f5a-fc0399667c81, command=[]} | ret=SUCCESS |  
2019-08-21 06:48:50,735 | INFO  | SCMAudit | user=jenkins1000 | ip=192.168.69.91 | op=SEND_HEARTBEAT {datanodeUUID=44d45b17-37a4-4814-9169-f3c994da35b8, command=[]} | ret=SUCCESS |  
2019-08-21 06:48:50,935 | INFO  | SCMAudit | user=jenkins1000 | ip=192.168.69.91 | op=SEND_HEARTBEAT {datanodeUUID=8a76d8a0-f4e7-4941-9f78-0189fbf176ec, command=[]} | ret=SUCCESS |  
2019-08-21 06:48:51,035 | INFO  | SCMAudit | user=jenkins1000 | ip=192.168.69.91 | op=SEND_HEARTBEAT {datanodeUUID=0262ecf8-6c8f-4ee4-a6a4-c79e5aa69523, command=[]} | ret=SUCCESS |  
2019-08-21 06:48:51,221 [0262ecf8-6c8f-4ee4-a6a4-c79e5aa69523:group-44AD6F369064:LeaderElection11] INFO  impl.LeaderElection (LeaderElection.java:askForVotes(181)) - 0262ecf8-6c8f-4ee4-a6a4-c79e5aa69523:group-44AD6F369064:LeaderElection11: begin an election at term 1 for -1: [8a76d8a0-f4e7-4941-9f78-0189fbf176ec:192.168.69.91:38116, ac838652-17da-43f9-b098-84edc167383c:192.168.69.91:46229, 0262ecf8-6c8f-4ee4-a6a4-c79e5aa69523:192.168.69.91:46230], old=null
2019-08-21 06:48:51,221 [ac838652-17da-43f9-b098-84edc167383c:group-44AD6F369064:LeaderElection10] INFO  impl.LeaderElection (LeaderElection.java:askForVotes(181)) - ac838652-17da-43f9-b098-84edc167383c:group-44AD6F369064:LeaderElection10: begin an election at term 1 for -1: [8a76d8a0-f4e7-4941-9f78-0189fbf176ec:192.168.69.91:38116, ac838652-17da-43f9-b098-84edc167383c:192.168.69.91:46229, 0262ecf8-6c8f-4ee4-a6a4-c79e5aa69523:192.168.69.91:46230], old=null
2019-08-21 06:48:51,221 [8a76d8a0-f4e7-4941-9f78-0189fbf176ec:group-44AD6F369064:LeaderElection12] INFO  impl.LeaderElection (LeaderElection.java:askForVotes(181)) - 8a76d8a0-f4e7-4941-9f78-0189fbf176ec:group-44AD6F369064:LeaderElection12: begin an election at term 1 for -1: [8a76d8a0-f4e7-4941-9f78-0189fbf176ec:192.168.69.91:38116, ac838652-17da-43f9-b098-84edc167383c:192.168.69.91:46229, 0262ecf8-6c8f-4ee4-a6a4-c79e5aa69523:192.168.69.91:46230], old=null
2019-08-21 06:48:51,251 [ac838652-17da-43f9-b098-84edc167383c:group-44AD6F369064:LeaderElection10] INFO  impl.LeaderElection (LeaderElection.java:logAndReturn(56)) - ac838652-17da-43f9-b098-84edc167383c:group-44AD6F369064:LeaderElection10: Election REJECTED; received 2 response(s) [ac838652-17da-43f9-b098-84edc167383c<-8a76d8a0-f4e7-4941-9f78-0189fbf176ec#0:FAIL-t1, ac838652-17da-43f9-b098-84edc167383c<-0262ecf8-6c8f-4ee4-a6a4-c79e5aa69523#0:FAIL-t1] and 0 exception(s); ac838652-17da-43f9-b098-84edc167383c:t1, leader=null, voted=ac838652-17da-43f9-b098-84edc167383c, raftlog=ac838652-17da-43f9-b098-84edc167383c-SegmentedRaftLog:OPENED:c-1,f-1,i0, conf=-1: [8a76d8a0-f4e7-4941-9f78-0189fbf176ec:192.168.69.91:38116, ac838652-17da-43f9-b098-84edc167383c:192.168.69.91:46229, 0262ecf8-6c8f-4ee4-a6a4-c79e5aa69523:192.168.69.91:46230], old=null
2019-08-21 06:48:51,252 [ac838652-17da-43f9-b098-84edc167383c:group-44AD6F369064:LeaderElection10] INFO  impl.RaftServerImpl (RaftServerImpl.java:setRole(171)) - ac838652-17da-43f9-b098-84edc167383c:group-44AD6F369064 changes role from CANDIDATE to FOLLOWER at term 1 for DISCOVERED_A_NEW_TERM
2019-08-21 06:48:51,253 [ac838652-17da-43f9-b098-84edc167383c:group-44AD6F369064:LeaderElection10] INFO  impl.RoleInfo (RoleInfo.java:shutdownLeaderElection(134)) - ac838652-17da-43f9-b098-84edc167383c: shutdown LeaderElection
2019-08-21 06:48:51,254 [ac838652-17da-43f9-b098-84edc167383c:group-44AD6F369064:LeaderElection10] INFO  impl.RoleInfo (RoleInfo.java:updateAndGet(143)) - ac838652-17da-43f9-b098-84edc167383c: start FollowerState
2019-08-21 06:48:51,258 [8a76d8a0-f4e7-4941-9f78-0189fbf176ec:group-44AD6F369064:LeaderElection12] INFO  impl.LeaderElection (LeaderElection.java:logAndReturn(56)) - 8a76d8a0-f4e7-4941-9f78-0189fbf176ec:group-44AD6F369064:LeaderElection12: Election REJECTED; received 2 response(s) [8a76d8a0-f4e7-4941-9f78-0189fbf176ec<-ac838652-17da-43f9-b098-84edc167383c#0:FAIL-t1, 8a76d8a0-f4e7-4941-9f78-0189fbf176ec<-0262ecf8-6c8f-4ee4-a6a4-c79e5aa69523#0:FAIL-t1] and 0 exception(s); 8a76d8a0-f4e7-4941-9f78-0189fbf176ec:t1, leader=null, voted=8a76d8a0-f4e7-4941-9f78-0189fbf176ec, raftlog=8a76d8a0-f4e7-4941-9f78-0189fbf176ec-SegmentedRaftLog:OPENED:c-1,f-1,i0, conf=-1: [8a76d8a0-f4e7-4941-9f78-0189fbf176ec:192.168.69.91:38116, ac838652-17da-43f9-b098-84edc167383c:192.168.69.91:46229, 0262ecf8-6c8f-4ee4-a6a4-c79e5aa69523:192.168.69.91:46230], old=null
2019-08-21 06:48:51,258 [0262ecf8-6c8f-4ee4-a6a4-c79e5aa69523:group-44AD6F369064:LeaderElection11] INFO  impl.LeaderElection (LeaderElection.java:logAndReturn(56)) - 0262ecf8-6c8f-4ee4-a6a4-c79e5aa69523:group-44AD6F369064:LeaderElection11: Election REJECTED; received 2 response(s) [0262ecf8-6c8f-4ee4-a6a4-c79e5aa69523<-8a76d8a0-f4e7-4941-9f78-0189fbf176ec#0:FAIL-t1, 0262ecf8-6c8f-4ee4-a6a4-c79e5aa69523<-ac838652-17da-43f9-b098-84edc167383c#0:FAIL-t1] and 0 exception(s); 0262ecf8-6c8f-4ee4-a6a4-c79e5aa69523:t1, leader=null, voted=0262ecf8-6c8f-4ee4-a6a4-c79e5aa69523, raftlog=0262ecf8-6c8f-4ee4-a6a4-c79e5aa69523-SegmentedRaftLog:OPENED:c-1,f-1,i0, conf=-1: [8a76d8a0-f4e7-4941-9f78-0189fbf176ec:192.168.69.91:38116, ac838652-17da-43f9-b098-84edc167383c:192.168.69.91:46229, 0262ecf8-6c8f-4ee4-a6a4-c79e5aa69523:192.168.69.91:46230], old=null
2019-08-21 06:48:51,258 [8a76d8a0-f4e7-4941-9f78-0189fbf176ec:group-44AD6F369064:LeaderElection12] INFO  impl.RaftServerImpl (RaftServerImpl.java:setRole(171)) - 8a76d8a0-f4e7-4941-9f78-0189fbf176ec:group-44AD6F369064 changes role from CANDIDATE to FOLLOWER at term 1 for DISCOVERED_A_NEW_TERM
2019-08-21 06:48:51,259 [0262ecf8-6c8f-4ee4-a6a4-c79e5aa69523:group-44AD6F369064:LeaderElection11] INFO  impl.RaftServerImpl (RaftServerImpl.java:setRole(171)) - 0262ecf8-6c8f-4ee4-a6a4-c79e5aa69523:group-44AD6F369064 changes role from CANDIDATE to FOLLOWER at term 1 for DISCOVERED_A_NEW_TERM
2019-08-21 06:48:51,261 [8a76d8a0-f4e7-4941-9f78-0189fbf176ec:group-44AD6F369064:LeaderElection12] INFO  impl.RoleInfo (RoleInfo.java:shutdownLeaderElection(134)) - 8a76d8a0-f4e7-4941-9f78-0189fbf176ec: shutdown LeaderElection
2019-08-21 06:48:51,261 [0262ecf8-6c8f-4ee4-a6a4-c79e5aa69523:group-44AD6F369064:LeaderElection11] INFO  impl.RoleInfo (RoleInfo.java:shutdownLeaderElection(134)) - 0262ecf8-6c8f-4ee4-a6a4-c79e5aa69523: shutdown LeaderElection
2019-08-21 06:48:51,261 [8a76d8a0-f4e7-4941-9f78-0189fbf176ec:group-44AD6F369064:LeaderElection12] INFO  impl.RoleInfo (RoleInfo.java:updateAndGet(143)) - 8a76d8a0-f4e7-4941-9f78-0189fbf176ec: start FollowerState
2019-08-21 06:48:51,261 [0262ecf8-6c8f-4ee4-a6a4-c79e5aa69523:group-44AD6F369064:LeaderElection11] INFO  impl.RoleInfo (RoleInfo.java:updateAndGet(143)) - 0262ecf8-6c8f-4ee4-a6a4-c79e5aa69523: start FollowerState
2019-08-21 06:48:51,561 | INFO  | SCMAudit | user=jenkins1000 | ip=192.168.69.91 | op=SEND_HEARTBEAT {datanodeUUID=37e73ba6-504c-42d6-9284-4cd48545e58f, command=[]} | ret=SUCCESS |  
2019-08-21 06:48:51,561 | INFO  | SCMAudit | user=jenkins1000 | ip=192.168.69.91 | op=SEND_HEARTBEAT {datanodeUUID=ac838652-17da-43f9-b098-84edc167383c, command=[]} | ret=SUCCESS |  
2019-08-21 06:48:51,650 | INFO  | SCMAudit | user=jenkins1000 | ip=192.168.69.91 | op=SEND_HEARTBEAT {datanodeUUID=f91f7e81-a37c-4e1f-8f5a-fc0399667c81, command=[]} | ret=SUCCESS |  
2019-08-21 06:48:51,734 | INFO  | SCMAudit | user=jenkins1000 | ip=192.168.69.91 | op=SEND_HEARTBEAT {datanodeUUID=44d45b17-37a4-4814-9169-f3c994da35b8, command=[]} | ret=SUCCESS |  
2019-08-21 06:48:51,935 | INFO  | SCMAudit | user=jenkins1000 | ip=192.168.69.91 | op=SEND_HEARTBEAT {datanodeUUID=8a76d8a0-f4e7-4941-9f78-0189fbf176ec, command=[]} | ret=SUCCESS |  
2019-08-21 06:48:52,036 | INFO  | SCMAudit | user=jenkins1000 | ip=192.168.69.91 | op=SEND_HEARTBEAT {datanodeUUID=0262ecf8-6c8f-4ee4-a6a4-c79e5aa69523, command=[]} | ret=SUCCESS |  
2019-08-21 06:48:52,187 [Thread-302] INFO  impl.FollowerState (FollowerState.java:run(106)) - 37e73ba6-504c-42d6-9284-4cd48545e58f:group-0360AB03DFD3 changes to CANDIDATE, lastRpcTime:5120, electionTimeout:5118ms
2019-08-21 06:48:52,187 [Thread-302] INFO  impl.RoleInfo (RoleInfo.java:shutdownFollowerState(121)) - 37e73ba6-504c-42d6-9284-4cd48545e58f: shutdown FollowerState
2019-08-21 06:48:52,188 [Thread-302] INFO  impl.RaftServerImpl (RaftServerImpl.java:setRole(171)) - 37e73ba6-504c-42d6-9284-4cd48545e58f:group-0360AB03DFD3 changes role from FOLLOWER to CANDIDATE at term 1 for changeToCandidate
2019-08-21 06:48:52,188 [Thread-302] INFO  impl.RoleInfo (RoleInfo.java:updateAndGet(143)) - 37e73ba6-504c-42d6-9284-4cd48545e58f: start LeaderElection
2019-08-21 06:48:52,560 | INFO  | SCMAudit | user=jenkins1000 | ip=192.168.69.91 | op=SEND_HEARTBEAT {datanodeUUID=37e73ba6-504c-42d6-9284-4cd48545e58f, command=[]} | ret=SUCCESS |  
2019-08-21 06:48:52,560 | INFO  | SCMAudit | user=jenkins1000 | ip=192.168.69.91 | op=SEND_HEARTBEAT {datanodeUUID=ac838652-17da-43f9-b098-84edc167383c, command=[]} | ret=SUCCESS |  
2019-08-21 06:48:52,650 | INFO  | SCMAudit | user=jenkins1000 | ip=192.168.69.91 | op=SEND_HEARTBEAT {datanodeUUID=f91f7e81-a37c-4e1f-8f5a-fc0399667c81, command=[]} | ret=SUCCESS |  
2019-08-21 06:48:52,735 | INFO  | SCMAudit | user=jenkins1000 | ip=192.168.69.91 | op=SEND_HEARTBEAT {datanodeUUID=44d45b17-37a4-4814-9169-f3c994da35b8, command=[]} | ret=SUCCESS |  
2019-08-21 06:48:52,935 | INFO  | SCMAudit | user=jenkins1000 | ip=192.168.69.91 | op=SEND_HEARTBEAT {datanodeUUID=8a76d8a0-f4e7-4941-9f78-0189fbf176ec, command=[]} | ret=SUCCESS |  
2019-08-21 06:48:52,965 [37e73ba6-504c-42d6-9284-4cd48545e58f:group-0360AB03DFD3:LeaderElection13] INFO  impl.LeaderElection (LeaderElection.java:askForVotes(181)) - 37e73ba6-504c-42d6-9284-4cd48545e58f:group-0360AB03DFD3:LeaderElection13: begin an election at term 2 for -1: [37e73ba6-504c-42d6-9284-4cd48545e58f:192.168.69.91:39695, f91f7e81-a37c-4e1f-8f5a-fc0399667c81:192.168.69.91:33512, 44d45b17-37a4-4814-9169-f3c994da35b8:192.168.69.91:46114], old=null
2019-08-21 06:48:52,973 [grpc-default-executor-2] INFO  impl.RaftServerImpl (RaftServerImpl.java:setRole(171)) - f91f7e81-a37c-4e1f-8f5a-fc0399667c81:group-0360AB03DFD3 changes role from FOLLOWER to FOLLOWER at term 2 for recognizeCandidate:37e73ba6-504c-42d6-9284-4cd48545e58f
2019-08-21 06:48:52,973 [grpc-default-executor-1] INFO  impl.RaftServerImpl (RaftServerImpl.java:setRole(171)) - 44d45b17-37a4-4814-9169-f3c994da35b8:group-0360AB03DFD3 changes role from FOLLOWER to FOLLOWER at term 2 for recognizeCandidate:37e73ba6-504c-42d6-9284-4cd48545e58f
2019-08-21 06:48:52,973 [grpc-default-executor-2] INFO  impl.RoleInfo (RoleInfo.java:shutdownFollowerState(121)) - f91f7e81-a37c-4e1f-8f5a-fc0399667c81: shutdown FollowerState
2019-08-21 06:48:52,974 [grpc-default-executor-1] INFO  impl.RoleInfo (RoleInfo.java:shutdownFollowerState(121)) - 44d45b17-37a4-4814-9169-f3c994da35b8: shutdown FollowerState
2019-08-21 06:48:52,974 [Thread-308] INFO  impl.FollowerState (FollowerState.java:run(114)) - f91f7e81-a37c-4e1f-8f5a-fc0399667c81: FollowerState was interrupted: java.lang.InterruptedException: sleep interrupted
2019-08-21 06:48:52,974 [grpc-default-executor-2] INFO  impl.RoleInfo (RoleInfo.java:updateAndGet(143)) - f91f7e81-a37c-4e1f-8f5a-fc0399667c81: start FollowerState
2019-08-21 06:48:52,974 [grpc-default-executor-1] INFO  impl.RoleInfo (RoleInfo.java:updateAndGet(143)) - 44d45b17-37a4-4814-9169-f3c994da35b8: start FollowerState
2019-08-21 06:48:52,974 [Thread-307] INFO  impl.FollowerState (FollowerState.java:run(114)) - 44d45b17-37a4-4814-9169-f3c994da35b8: FollowerState was interrupted: java.lang.InterruptedException: sleep interrupted
2019-08-21 06:48:53,036 | INFO  | SCMAudit | user=jenkins1000 | ip=192.168.69.91 | op=SEND_HEARTBEAT {datanodeUUID=0262ecf8-6c8f-4ee4-a6a4-c79e5aa69523, command=[]} | ret=SUCCESS |  
2019-08-21 06:48:53,560 | INFO  | SCMAudit | user=jenkins1000 | ip=192.168.69.91 | op=SEND_HEARTBEAT {datanodeUUID=37e73ba6-504c-42d6-9284-4cd48545e58f, command=[]} | ret=SUCCESS |  
2019-08-21 06:48:53,561 | INFO  | SCMAudit | user=jenkins1000 | ip=192.168.69.91 | op=SEND_HEARTBEAT {datanodeUUID=ac838652-17da-43f9-b098-84edc167383c, command=[]} | ret=SUCCESS |  
2019-08-21 06:48:53,651 | INFO  | SCMAudit | user=jenkins1000 | ip=192.168.69.91 | op=SEND_HEARTBEAT {datanodeUUID=f91f7e81-a37c-4e1f-8f5a-fc0399667c81, command=[]} | ret=SUCCESS |  
2019-08-21 06:48:53,734 | INFO  | SCMAudit | user=jenkins1000 | ip=192.168.69.91 | op=SEND_HEARTBEAT {datanodeUUID=44d45b17-37a4-4814-9169-f3c994da35b8, command=[]} | ret=SUCCESS |  
2019-08-21 06:48:53,775 [37e73ba6-504c-42d6-9284-4cd48545e58f:group-0360AB03DFD3:LeaderElection13] INFO  impl.LeaderElection (LeaderElection.java:logAndReturn(56)) - 37e73ba6-504c-42d6-9284-4cd48545e58f:group-0360AB03DFD3:LeaderElection13: Election PASSED; received 1 response(s) [37e73ba6-504c-42d6-9284-4cd48545e58f<-44d45b17-37a4-4814-9169-f3c994da35b8#0:OK-t2] and 0 exception(s); 37e73ba6-504c-42d6-9284-4cd48545e58f:t2, leader=null, voted=37e73ba6-504c-42d6-9284-4cd48545e58f, raftlog=37e73ba6-504c-42d6-9284-4cd48545e58f-SegmentedRaftLog:OPENED:c-1,f-1,i0, conf=-1: [37e73ba6-504c-42d6-9284-4cd48545e58f:192.168.69.91:39695, f91f7e81-a37c-4e1f-8f5a-fc0399667c81:192.168.69.91:33512, 44d45b17-37a4-4814-9169-f3c994da35b8:192.168.69.91:46114], old=null
2019-08-21 06:48:53,776 [37e73ba6-504c-42d6-9284-4cd48545e58f:group-0360AB03DFD3:LeaderElection13] INFO  impl.RoleInfo (RoleInfo.java:shutdownLeaderElection(134)) - 37e73ba6-504c-42d6-9284-4cd48545e58f: shutdown LeaderElection
2019-08-21 06:48:53,777 [37e73ba6-504c-42d6-9284-4cd48545e58f:group-0360AB03DFD3:LeaderElection13] INFO  impl.RaftServerImpl (RaftServerImpl.java:setRole(171)) - 37e73ba6-504c-42d6-9284-4cd48545e58f:group-0360AB03DFD3 changes role from CANDIDATE to LEADER at term 2 for changeToLeader
2019-08-21 06:48:53,778 [37e73ba6-504c-42d6-9284-4cd48545e58f:group-0360AB03DFD3:LeaderElection13] INFO  impl.RaftServerImpl (ServerState.java:setLeader(263)) - 37e73ba6-504c-42d6-9284-4cd48545e58f:group-0360AB03DFD3 change Leader from null to 37e73ba6-504c-42d6-9284-4cd48545e58f at term 2 for becomeLeader, leader elected after 15521ms
2019-08-21 06:48:53,778 [37e73ba6-504c-42d6-9284-4cd48545e58f:group-0360AB03DFD3:LeaderElection13] INFO  server.RaftServerConfigKeys (ConfUtils.java:logGet(43)) - raft.server.staging.catchup.gap = 1000 (default)
2019-08-21 06:48:53,778 [37e73ba6-504c-42d6-9284-4cd48545e58f:group-0360AB03DFD3:LeaderElection13] INFO  server.RaftServerConfigKeys (ConfUtils.java:logGet(43)) - raft.server.rpc.sleep.time = 25ms (default)
2019-08-21 06:48:53,778 [37e73ba6-504c-42d6-9284-4cd48545e58f:group-0360AB03DFD3:LeaderElection13] INFO  server.RaftServerConfigKeys (ConfUtils.java:logGet(43)) - raft.server.write.element-limit = 4096 (default)
2019-08-21 06:48:53,779 [37e73ba6-504c-42d6-9284-4cd48545e58f:group-0360AB03DFD3:LeaderElection13] INFO  server.RaftServerConfigKeys (ConfUtils.java:logGet(43)) - raft.server.watch.timeout = 10s (default)
2019-08-21 06:48:53,779 [37e73ba6-504c-42d6-9284-4cd48545e58f:group-0360AB03DFD3:LeaderElection13] INFO  server.RaftServerConfigKeys (ConfUtils.java:logGet(43)) - raft.server.watch.timeout.denomination = 1s (default)
2019-08-21 06:48:53,779 [37e73ba6-504c-42d6-9284-4cd48545e58f:group-0360AB03DFD3:LeaderElection13] INFO  server.RaftServerConfigKeys (ConfUtils.java:logGet(43)) - raft.server.watch.element-limit = 65536 (default)
2019-08-21 06:48:53,782 [37e73ba6-504c-42d6-9284-4cd48545e58f:group-0360AB03DFD3:LeaderElection13] INFO  server.RaftServerConfigKeys (ConfUtils.java:logGet(43)) - raft.server.log.appender.snapshot.chunk.size.max = 16MB (=16777216) (default)
2019-08-21 06:48:53,783 [37e73ba6-504c-42d6-9284-4cd48545e58f:group-0360AB03DFD3:LeaderElection13] INFO  server.RaftServerConfigKeys (ConfUtils.java:logGet(43)) - raft.server.log.appender.buffer.byte-limit = 33554432 (custom)
2019-08-21 06:48:53,783 [37e73ba6-504c-42d6-9284-4cd48545e58f:group-0360AB03DFD3:LeaderElection13] INFO  server.RaftServerConfigKeys (ConfUtils.java:logGet(43)) - raft.server.log.appender.buffer.element-limit = 1 (custom)
2019-08-21 06:48:53,788 [37e73ba6-504c-42d6-9284-4cd48545e58f:group-0360AB03DFD3:LeaderElection13] INFO  grpc.GrpcConfigKeys$Server (ConfUtils.java:logGet(43)) - raft.grpc.server.leader.outstanding.appends.max = 128 (default)
2019-08-21 06:48:53,788 [37e73ba6-504c-42d6-9284-4cd48545e58f:group-0360AB03DFD3:LeaderElection13] INFO  server.RaftServerConfigKeys (ConfUtils.java:logGet(43)) - raft.server.rpc.request.timeout = 3000ms (default)
2019-08-21 06:48:53,789 [37e73ba6-504c-42d6-9284-4cd48545e58f:group-0360AB03DFD3:LeaderElection13] INFO  server.RaftServerConfigKeys (ConfUtils.java:logGet(43)) - raft.server.log.appender.install.snapshot.enabled = false (custom)
2019-08-21 06:48:53,789 [37e73ba6-504c-42d6-9284-4cd48545e58f:group-0360AB03DFD3:LeaderElection13] INFO  server.RaftServerConfigKeys (ConfUtils.java:logGet(43)) - raft.server.log.appender.snapshot.chunk.size.max = 16MB (=16777216) (default)
2019-08-21 06:48:53,789 [37e73ba6-504c-42d6-9284-4cd48545e58f:group-0360AB03DFD3:LeaderElection13] INFO  server.RaftServerConfigKeys (ConfUtils.java:logGet(43)) - raft.server.log.appender.buffer.byte-limit = 33554432 (custom)
2019-08-21 06:48:53,789 [37e73ba6-504c-42d6-9284-4cd48545e58f:group-0360AB03DFD3:LeaderElection13] INFO  server.RaftServerConfigKeys (ConfUtils.java:logGet(43)) - raft.server.log.appender.buffer.element-limit = 1 (custom)
2019-08-21 06:48:53,789 [37e73ba6-504c-42d6-9284-4cd48545e58f:group-0360AB03DFD3:LeaderElection13] INFO  grpc.GrpcConfigKeys$Server (ConfUtils.java:logGet(43)) - raft.grpc.server.leader.outstanding.appends.max = 128 (default)
2019-08-21 06:48:53,790 [37e73ba6-504c-42d6-9284-4cd48545e58f:group-0360AB03DFD3:LeaderElection13] INFO  server.RaftServerConfigKeys (ConfUtils.java:logGet(43)) - raft.server.rpc.request.timeout = 3000ms (default)
2019-08-21 06:48:53,790 [37e73ba6-504c-42d6-9284-4cd48545e58f:group-0360AB03DFD3:LeaderElection13] INFO  server.RaftServerConfigKeys (ConfUtils.java:logGet(43)) - raft.server.log.appender.install.snapshot.enabled = false (custom)
2019-08-21 06:48:53,792 [37e73ba6-504c-42d6-9284-4cd48545e58f:group-0360AB03DFD3:LeaderElection13] INFO  impl.RoleInfo (RoleInfo.java:updateAndGet(143)) - 37e73ba6-504c-42d6-9284-4cd48545e58f: start LeaderState
2019-08-21 06:48:53,793 [37e73ba6-504c-42d6-9284-4cd48545e58f:group-0360AB03DFD3:LeaderElection13] INFO  segmented.SegmentedRaftLogWorker (SegmentedRaftLogWorker.java:startLogSegment(380)) - 37e73ba6-504c-42d6-9284-4cd48545e58f-SegmentedRaftLogWorker:Storage Directory /workdir/hadoop-ozone/integration-test/target/test-dir/MiniOzoneClusterImpl-ad9cffe4-d9dd-4d7e-9292-cb2a09e16687/datanode-2/data/ratis/c1b776b3-200c-4b78-808f-0360ab03dfd3: Starting segment from index:0
2019-08-21 06:48:53,794 [37e73ba6-504c-42d6-9284-4cd48545e58f:group-0360AB03DFD3:LeaderElection13] INFO  impl.RaftServerImpl (ServerState.java:setRaftConf(361)) - 37e73ba6-504c-42d6-9284-4cd48545e58f:group-0360AB03DFD3 set configuration 0: [37e73ba6-504c-42d6-9284-4cd48545e58f:192.168.69.91:39695, f91f7e81-a37c-4e1f-8f5a-fc0399667c81:192.168.69.91:33512, 44d45b17-37a4-4814-9169-f3c994da35b8:192.168.69.91:46114], old=null at 0
2019-08-21 06:48:53,851 [grpc-default-executor-1] INFO  impl.RaftServerImpl (ServerState.java:setLeader(263)) - 44d45b17-37a4-4814-9169-f3c994da35b8:group-0360AB03DFD3 change Leader from null to 37e73ba6-504c-42d6-9284-4cd48545e58f at term 2 for appendEntries, leader elected after 15595ms
2019-08-21 06:48:53,852 [grpc-default-executor-2] INFO  impl.RaftServerImpl (ServerState.java:setLeader(263)) - f91f7e81-a37c-4e1f-8f5a-fc0399667c81:group-0360AB03DFD3 change Leader from null to 37e73ba6-504c-42d6-9284-4cd48545e58f at term 2 for appendEntries, leader elected after 15596ms
2019-08-21 06:48:53,880 [grpc-default-executor-1] INFO  impl.RaftServerImpl (ServerState.java:setRaftConf(361)) - f91f7e81-a37c-4e1f-8f5a-fc0399667c81:group-0360AB03DFD3 set configuration 0: [37e73ba6-504c-42d6-9284-4cd48545e58f:192.168.69.91:39695, f91f7e81-a37c-4e1f-8f5a-fc0399667c81:192.168.69.91:33512, 44d45b17-37a4-4814-9169-f3c994da35b8:192.168.69.91:46114], old=null at 0
2019-08-21 06:48:53,880 [grpc-default-executor-2] INFO  impl.RaftServerImpl (ServerState.java:setRaftConf(361)) - 44d45b17-37a4-4814-9169-f3c994da35b8:group-0360AB03DFD3 set configuration 0: [37e73ba6-504c-42d6-9284-4cd48545e58f:192.168.69.91:39695, f91f7e81-a37c-4e1f-8f5a-fc0399667c81:192.168.69.91:33512, 44d45b17-37a4-4814-9169-f3c994da35b8:192.168.69.91:46114], old=null at 0
2019-08-21 06:48:53,881 [grpc-default-executor-1] INFO  segmented.SegmentedRaftLogWorker (SegmentedRaftLogWorker.java:startLogSegment(380)) - f91f7e81-a37c-4e1f-8f5a-fc0399667c81-SegmentedRaftLogWorker:Storage Directory /workdir/hadoop-ozone/integration-test/target/test-dir/MiniOzoneClusterImpl-ad9cffe4-d9dd-4d7e-9292-cb2a09e16687/datanode-0/data/ratis/c1b776b3-200c-4b78-808f-0360ab03dfd3: Starting segment from index:0
2019-08-21 06:48:53,881 [grpc-default-executor-2] INFO  segmented.SegmentedRaftLogWorker (SegmentedRaftLogWorker.java:startLogSegment(380)) - 44d45b17-37a4-4814-9169-f3c994da35b8-SegmentedRaftLogWorker:Storage Directory /workdir/hadoop-ozone/integration-test/target/test-dir/MiniOzoneClusterImpl-ad9cffe4-d9dd-4d7e-9292-cb2a09e16687/datanode-4/data/ratis/c1b776b3-200c-4b78-808f-0360ab03dfd3: Starting segment from index:0
2019-08-21 06:48:53,935 | INFO  | SCMAudit | user=jenkins1000 | ip=192.168.69.91 | op=SEND_HEARTBEAT {datanodeUUID=8a76d8a0-f4e7-4941-9f78-0189fbf176ec, command=[]} | ret=SUCCESS |  
2019-08-21 06:48:54,035 | INFO  | SCMAudit | user=jenkins1000 | ip=192.168.69.91 | op=SEND_HEARTBEAT {datanodeUUID=0262ecf8-6c8f-4ee4-a6a4-c79e5aa69523, command=[]} | ret=SUCCESS |  
2019-08-21 06:48:54,332 [f91f7e81-a37c-4e1f-8f5a-fc0399667c81-SegmentedRaftLogWorker:Storage Directory /workdir/hadoop-ozone/integration-test/target/test-dir/MiniOzoneClusterImpl-ad9cffe4-d9dd-4d7e-9292-cb2a09e16687/datanode-0/data/ratis/c1b776b3-200c-4b78-808f-0360ab03dfd3] INFO  segmented.SegmentedRaftLogWorker (SegmentedRaftLogWorker.java:execute(569)) - f91f7e81-a37c-4e1f-8f5a-fc0399667c81-SegmentedRaftLogWorker:Storage Directory /workdir/hadoop-ozone/integration-test/target/test-dir/MiniOzoneClusterImpl-ad9cffe4-d9dd-4d7e-9292-cb2a09e16687/datanode-0/data/ratis/c1b776b3-200c-4b78-808f-0360ab03dfd3: created new log segment /workdir/hadoop-ozone/integration-test/target/test-dir/MiniOzoneClusterImpl-ad9cffe4-d9dd-4d7e-9292-cb2a09e16687/datanode-0/data/ratis/c1b776b3-200c-4b78-808f-0360ab03dfd3/current/log_inprogress_0
2019-08-21 06:48:54,332 [37e73ba6-504c-42d6-9284-4cd48545e58f-SegmentedRaftLogWorker:Storage Directory /workdir/hadoop-ozone/integration-test/target/test-dir/MiniOzoneClusterImpl-ad9cffe4-d9dd-4d7e-9292-cb2a09e16687/datanode-2/data/ratis/c1b776b3-200c-4b78-808f-0360ab03dfd3] INFO  segmented.SegmentedRaftLogWorker (SegmentedRaftLogWorker.java:execute(569)) - 37e73ba6-504c-42d6-9284-4cd48545e58f-SegmentedRaftLogWorker:Storage Directory /workdir/hadoop-ozone/integration-test/target/test-dir/MiniOzoneClusterImpl-ad9cffe4-d9dd-4d7e-9292-cb2a09e16687/datanode-2/data/ratis/c1b776b3-200c-4b78-808f-0360ab03dfd3: created new log segment /workdir/hadoop-ozone/integration-test/target/test-dir/MiniOzoneClusterImpl-ad9cffe4-d9dd-4d7e-9292-cb2a09e16687/datanode-2/data/ratis/c1b776b3-200c-4b78-808f-0360ab03dfd3/current/log_inprogress_0
2019-08-21 06:48:54,332 [44d45b17-37a4-4814-9169-f3c994da35b8-SegmentedRaftLogWorker:Storage Directory /workdir/hadoop-ozone/integration-test/target/test-dir/MiniOzoneClusterImpl-ad9cffe4-d9dd-4d7e-9292-cb2a09e16687/datanode-4/data/ratis/c1b776b3-200c-4b78-808f-0360ab03dfd3] INFO  segmented.SegmentedRaftLogWorker (SegmentedRaftLogWorker.java:execute(569)) - 44d45b17-37a4-4814-9169-f3c994da35b8-SegmentedRaftLogWorker:Storage Directory /workdir/hadoop-ozone/integration-test/target/test-dir/MiniOzoneClusterImpl-ad9cffe4-d9dd-4d7e-9292-cb2a09e16687/datanode-4/data/ratis/c1b776b3-200c-4b78-808f-0360ab03dfd3: created new log segment /workdir/hadoop-ozone/integration-test/target/test-dir/MiniOzoneClusterImpl-ad9cffe4-d9dd-4d7e-9292-cb2a09e16687/datanode-4/data/ratis/c1b776b3-200c-4b78-808f-0360ab03dfd3/current/log_inprogress_0
2019-08-21 06:48:54,560 | INFO  | SCMAudit | user=jenkins1000 | ip=192.168.69.91 | op=SEND_HEARTBEAT {datanodeUUID=37e73ba6-504c-42d6-9284-4cd48545e58f, command=[]} | ret=SUCCESS |  
2019-08-21 06:48:54,561 | INFO  | SCMAudit | user=jenkins1000 | ip=192.168.69.91 | op=SEND_HEARTBEAT {datanodeUUID=ac838652-17da-43f9-b098-84edc167383c, command=[]} | ret=SUCCESS |  
2019-08-21 06:48:54,651 | INFO  | SCMAudit | user=jenkins1000 | ip=192.168.69.91 | op=SEND_HEARTBEAT {datanodeUUID=f91f7e81-a37c-4e1f-8f5a-fc0399667c81, command=[]} | ret=SUCCESS |  
2019-08-21 06:48:54,734 | INFO  | SCMAudit | user=jenkins1000 | ip=192.168.69.91 | op=SEND_HEARTBEAT {datanodeUUID=44d45b17-37a4-4814-9169-f3c994da35b8, command=[]} | ret=SUCCESS |  
2019-08-21 06:48:54,936 | INFO  | SCMAudit | user=jenkins1000 | ip=192.168.69.91 | op=SEND_HEARTBEAT {datanodeUUID=8a76d8a0-f4e7-4941-9f78-0189fbf176ec, command=[]} | ret=SUCCESS |  
2019-08-21 06:48:55,035 | INFO  | SCMAudit | user=jenkins1000 | ip=192.168.69.91 | op=SEND_HEARTBEAT {datanodeUUID=0262ecf8-6c8f-4ee4-a6a4-c79e5aa69523, command=[]} | ret=SUCCESS |  
2019-08-21 06:48:55,322 [main] INFO  ozone.MiniOzoneClusterImpl (MiniOzoneClusterImpl.java:shutdown(321)) - Shutting down the Mini Ozone Cluster
2019-08-21 06:48:55,322 | INFO  | SCMAudit | user=null | ip=null | op=GET_SCM_INFO null | ret=SUCCESS |  
2019-08-21 06:48:55,323 [main] INFO  ozone.MiniOzoneClusterImpl (MiniOzoneClusterImpl.java:stop(336)) - Stopping the Mini Ozone Cluster
2019-08-21 06:48:55,323 [main] INFO  ozone.MiniOzoneClusterImpl (MiniOzoneClusterImpl.java:stop(338)) - Stopping the OzoneManager
2019-08-21 06:48:55,325 [main] INFO  ipc.Server (Server.java:stop(3082)) - Stopping server on 33661
2019-08-21 06:48:55,344 [IPC Server listener on 33661] INFO  ipc.Server (Server.java:run(1185)) - Stopping IPC Server listener on 33661
2019-08-21 06:48:55,353 [main] INFO  ratis.OzoneManagerDoubleBuffer (OzoneManagerDoubleBuffer.java:stop(248)) - Stopping OMDoubleBuffer flush thread
2019-08-21 06:48:55,356 [IPC Server Responder] INFO  ipc.Server (Server.java:run(1319)) - Stopping IPC Server Responder
2019-08-21 06:48:55,356 [OMDoubleBufferFlushThread] INFO  ratis.OzoneManagerDoubleBuffer (OzoneManagerDoubleBuffer.java:flushTransactions(191)) - OMDoubleBuffer flush thread OMDoubleBufferFlushThread is interrupted and will exit. OMDoubleBufferFlushThread
2019-08-21 06:48:55,359 [main] INFO  utils.BackgroundService (BackgroundService.java:shutdown(148)) - Shutting down service KeyDeletingService
2019-08-21 06:48:55,368 [main] INFO  handler.ContextHandler (ContextHandler.java:doStop(910)) - Stopped o.e.j.w.WebAppContext@76c4b96e{/,null,UNAVAILABLE}{/ozoneManager}
2019-08-21 06:48:55,376 [main] INFO  server.AbstractConnector (AbstractConnector.java:doStop(318)) - Stopped ServerConnector@36db9dcd{HTTP/1.1,[http/1.1]}{0.0.0.0:0}
2019-08-21 06:48:55,379 [main] INFO  handler.ContextHandler (ContextHandler.java:doStop(910)) - Stopped o.e.j.s.ServletContextHandler@606df9b8{/static,file:///workdir/hadoop-ozone/integration-test/target/test-classes/webapps/static,UNAVAILABLE}
2019-08-21 06:48:55,381 [main] INFO  handler.ContextHandler (ContextHandler.java:doStop(910)) - Stopped o.e.j.s.ServletContextHandler@5e0666db{/logs,file:///workdir/hadoop-ozone/integration-test/target/log,UNAVAILABLE}
2019-08-21 06:48:55,561 | INFO  | SCMAudit | user=jenkins1000 | ip=192.168.69.91 | op=SEND_HEARTBEAT {datanodeUUID=37e73ba6-504c-42d6-9284-4cd48545e58f, command=[]} | ret=SUCCESS |  
2019-08-21 06:48:55,562 | INFO  | SCMAudit | user=jenkins1000 | ip=192.168.69.91 | op=SEND_HEARTBEAT {datanodeUUID=ac838652-17da-43f9-b098-84edc167383c, command=[]} | ret=SUCCESS |  
2019-08-21 06:48:55,651 | INFO  | SCMAudit | user=jenkins1000 | ip=192.168.69.91 | op=SEND_HEARTBEAT {datanodeUUID=f91f7e81-a37c-4e1f-8f5a-fc0399667c81, command=[]} | ret=SUCCESS |  
2019-08-21 06:48:55,735 | INFO  | SCMAudit | user=jenkins1000 | ip=192.168.69.91 | op=SEND_HEARTBEAT {datanodeUUID=44d45b17-37a4-4814-9169-f3c994da35b8, command=[]} | ret=SUCCESS |  
2019-08-21 06:48:55,913 [main] INFO  ozone.MiniOzoneClusterImpl (MiniOzoneClusterImpl.java:stop(344)) - Shutting the HddsDatanodes
2019-08-21 06:48:55,914 [main] INFO  datanode.ObjectStoreHandler (ObjectStoreHandler.java:close(155)) - Closing ObjectStoreHandler.
2019-08-21 06:48:55,914 [ForkJoinPool.commonPool-worker-0] INFO  datanode.ObjectStoreHandler (ObjectStoreHandler.java:close(155)) - Closing ObjectStoreHandler.
2019-08-21 06:48:55,931 [ForkJoinPool.commonPool-worker-0] INFO  ozone.HddsDatanodeService (HddsDatanodeService.java:stop(451)) - Stopped plug-in org.apache.hadoop.ozone.web.OzoneHddsDatanodeService@2585b796
2019-08-21 06:48:55,931 [main] INFO  ozone.HddsDatanodeService (HddsDatanodeService.java:stop(451)) - Stopped plug-in org.apache.hadoop.ozone.web.OzoneHddsDatanodeService@431d5a6c
2019-08-21 06:48:55,934 [Datanode State Machine Thread - 0] INFO  statemachine.DatanodeStateMachine (DatanodeStateMachine.java:lambda$startDaemon$0(350)) - Ozone container server started.
2019-08-21 06:48:56,036 | INFO  | SCMAudit | user=jenkins1000 | ip=192.168.69.91 | op=SEND_HEARTBEAT {datanodeUUID=0262ecf8-6c8f-4ee4-a6a4-c79e5aa69523, command=[]} | ret=SUCCESS |  
2019-08-21 06:48:56,315 [Thread-318] INFO  impl.FollowerState (FollowerState.java:run(106)) - ac838652-17da-43f9-b098-84edc167383c:group-44AD6F369064 changes to CANDIDATE, lastRpcTime:5061, electionTimeout:5057ms
2019-08-21 06:48:56,315 [Thread-318] INFO  impl.RoleInfo (RoleInfo.java:shutdownFollowerState(121)) - ac838652-17da-43f9-b098-84edc167383c: shutdown FollowerState
2019-08-21 06:48:56,315 [Thread-318] INFO  impl.RaftServerImpl (RaftServerImpl.java:setRole(171)) - ac838652-17da-43f9-b098-84edc167383c:group-44AD6F369064 changes role from FOLLOWER to CANDIDATE at term 1 for changeToCandidate
2019-08-21 06:48:56,315 [Thread-318] INFO  impl.RoleInfo (RoleInfo.java:updateAndGet(143)) - ac838652-17da-43f9-b098-84edc167383c: start LeaderElection
2019-08-21 06:48:56,320 [Thread-320] INFO  impl.FollowerState (FollowerState.java:run(106)) - 0262ecf8-6c8f-4ee4-a6a4-c79e5aa69523:group-44AD6F369064 changes to CANDIDATE, lastRpcTime:5058, electionTimeout:5056ms
2019-08-21 06:48:56,320 [Thread-320] INFO  impl.RoleInfo (RoleInfo.java:shutdownFollowerState(121)) - 0262ecf8-6c8f-4ee4-a6a4-c79e5aa69523: shutdown FollowerState
2019-08-21 06:48:56,321 [Thread-320] INFO  impl.RaftServerImpl (RaftServerImpl.java:setRole(171)) - 0262ecf8-6c8f-4ee4-a6a4-c79e5aa69523:group-44AD6F369064 changes role from FOLLOWER to CANDIDATE at term 1 for changeToCandidate
2019-08-21 06:48:56,321 [Thread-320] INFO  impl.RoleInfo (RoleInfo.java:updateAndGet(143)) - 0262ecf8-6c8f-4ee4-a6a4-c79e5aa69523: start LeaderElection
2019-08-21 06:48:56,327 [0262ecf8-6c8f-4ee4-a6a4-c79e5aa69523:group-44AD6F369064:LeaderElection15] INFO  impl.LeaderElection (LeaderElection.java:askForVotes(181)) - 0262ecf8-6c8f-4ee4-a6a4-c79e5aa69523:group-44AD6F369064:LeaderElection15: begin an election at term 2 for -1: [8a76d8a0-f4e7-4941-9f78-0189fbf176ec:192.168.69.91:38116, ac838652-17da-43f9-b098-84edc167383c:192.168.69.91:46229, 0262ecf8-6c8f-4ee4-a6a4-c79e5aa69523:192.168.69.91:46230], old=null
2019-08-21 06:48:56,327 [ac838652-17da-43f9-b098-84edc167383c:group-44AD6F369064:LeaderElection14] INFO  impl.LeaderElection (LeaderElection.java:askForVotes(181)) - ac838652-17da-43f9-b098-84edc167383c:group-44AD6F369064:LeaderElection14: begin an election at term 2 for -1: [8a76d8a0-f4e7-4941-9f78-0189fbf176ec:192.168.69.91:38116, ac838652-17da-43f9-b098-84edc167383c:192.168.69.91:46229, 0262ecf8-6c8f-4ee4-a6a4-c79e5aa69523:192.168.69.91:46230], old=null
2019-08-21 06:48:56,329 [Thread-319] INFO  impl.FollowerState (FollowerState.java:run(106)) - 8a76d8a0-f4e7-4941-9f78-0189fbf176ec:group-44AD6F369064 changes to CANDIDATE, lastRpcTime:5067, electionTimeout:5065ms
2019-08-21 06:48:56,329 [Thread-319] INFO  impl.RoleInfo (RoleInfo.java:shutdownFollowerState(121)) - 8a76d8a0-f4e7-4941-9f78-0189fbf176ec: shutdown FollowerState
2019-08-21 06:48:56,329 [Thread-319] INFO  impl.RaftServerImpl (RaftServerImpl.java:setRole(171)) - 8a76d8a0-f4e7-4941-9f78-0189fbf176ec:group-44AD6F369064 changes role from FOLLOWER to CANDIDATE at term 1 for changeToCandidate
2019-08-21 06:48:56,330 [Thread-319] INFO  impl.RoleInfo (RoleInfo.java:updateAndGet(143)) - 8a76d8a0-f4e7-4941-9f78-0189fbf176ec: start LeaderElection
2019-08-21 06:48:56,344 [8a76d8a0-f4e7-4941-9f78-0189fbf176ec:group-44AD6F369064:LeaderElection16] INFO  impl.LeaderElection (LeaderElection.java:askForVotes(181)) - 8a76d8a0-f4e7-4941-9f78-0189fbf176ec:group-44AD6F369064:LeaderElection16: begin an election at term 2 for -1: [8a76d8a0-f4e7-4941-9f78-0189fbf176ec:192.168.69.91:38116, ac838652-17da-43f9-b098-84edc167383c:192.168.69.91:46229, 0262ecf8-6c8f-4ee4-a6a4-c79e5aa69523:192.168.69.91:46230], old=null
2019-08-21 06:48:56,346 [0262ecf8-6c8f-4ee4-a6a4-c79e5aa69523:group-44AD6F369064:LeaderElection15] INFO  impl.LeaderElection (LeaderElection.java:logAndReturn(56)) - 0262ecf8-6c8f-4ee4-a6a4-c79e5aa69523:group-44AD6F369064:LeaderElection15: Election REJECTED; received 2 response(s) [0262ecf8-6c8f-4ee4-a6a4-c79e5aa69523<-8a76d8a0-f4e7-4941-9f78-0189fbf176ec#0:FAIL-t2, 0262ecf8-6c8f-4ee4-a6a4-c79e5aa69523<-ac838652-17da-43f9-b098-84edc167383c#0:FAIL-t2] and 0 exception(s); 0262ecf8-6c8f-4ee4-a6a4-c79e5aa69523:t2, leader=null, voted=0262ecf8-6c8f-4ee4-a6a4-c79e5aa69523, raftlog=0262ecf8-6c8f-4ee4-a6a4-c79e5aa69523-SegmentedRaftLog:OPENED:c-1,f-1,i0, conf=-1: [8a76d8a0-f4e7-4941-9f78-0189fbf176ec:192.168.69.91:38116, ac838652-17da-43f9-b098-84edc167383c:192.168.69.91:46229, 0262ecf8-6c8f-4ee4-a6a4-c79e5aa69523:192.168.69.91:46230], old=null
2019-08-21 06:48:56,346 [ac838652-17da-43f9-b098-84edc167383c:group-44AD6F369064:LeaderElection14] INFO  impl.LeaderElection (LeaderElection.java:logAndReturn(56)) - ac838652-17da-43f9-b098-84edc167383c:group-44AD6F369064:LeaderElection14: Election REJECTED; received 2 response(s) [ac838652-17da-43f9-b098-84edc167383c<-8a76d8a0-f4e7-4941-9f78-0189fbf176ec#0:FAIL-t2, ac838652-17da-43f9-b098-84edc167383c<-0262ecf8-6c8f-4ee4-a6a4-c79e5aa69523#0:FAIL-t2] and 0 exception(s); ac838652-17da-43f9-b098-84edc167383c:t2, leader=null, voted=ac838652-17da-43f9-b098-84edc167383c, raftlog=ac838652-17da-43f9-b098-84edc167383c-SegmentedRaftLog:OPENED:c-1,f-1,i0, conf=-1: [8a76d8a0-f4e7-4941-9f78-0189fbf176ec:192.168.69.91:38116, ac838652-17da-43f9-b098-84edc167383c:192.168.69.91:46229, 0262ecf8-6c8f-4ee4-a6a4-c79e5aa69523:192.168.69.91:46230], old=null
2019-08-21 06:48:56,346 [0262ecf8-6c8f-4ee4-a6a4-c79e5aa69523:group-44AD6F369064:LeaderElection15] INFO  impl.RaftServerImpl (RaftServerImpl.java:setRole(171)) - 0262ecf8-6c8f-4ee4-a6a4-c79e5aa69523:group-44AD6F369064 changes role from CANDIDATE to FOLLOWER at term 2 for DISCOVERED_A_NEW_TERM
2019-08-21 06:48:56,350 [0262ecf8-6c8f-4ee4-a6a4-c79e5aa69523:group-44AD6F369064:LeaderElection15] INFO  impl.RoleInfo (RoleInfo.java:shutdownLeaderElection(134)) - 0262ecf8-6c8f-4ee4-a6a4-c79e5aa69523: shutdown LeaderElection
2019-08-21 06:48:56,348 [ac838652-17da-43f9-b098-84edc167383c:group-44AD6F369064:LeaderElection14] INFO  impl.RaftServerImpl (RaftServerImpl.java:setRole(171)) - ac838652-17da-43f9-b098-84edc167383c:group-44AD6F369064 changes role from CANDIDATE to FOLLOWER at term 2 for DISCOVERED_A_NEW_TERM
2019-08-21 06:48:56,350 [0262ecf8-6c8f-4ee4-a6a4-c79e5aa69523:group-44AD6F369064:LeaderElection15] INFO  impl.RoleInfo (RoleInfo.java:updateAndGet(143)) - 0262ecf8-6c8f-4ee4-a6a4-c79e5aa69523: start FollowerState
2019-08-21 06:48:56,351 [ac838652-17da-43f9-b098-84edc167383c:group-44AD6F369064:LeaderElection14] INFO  impl.RoleInfo (RoleInfo.java:shutdownLeaderElection(134)) - ac838652-17da-43f9-b098-84edc167383c: shutdown LeaderElection
2019-08-21 06:48:56,352 [ac838652-17da-43f9-b098-84edc167383c:group-44AD6F369064:LeaderElection14] INFO  impl.RoleInfo (RoleInfo.java:updateAndGet(143)) - ac838652-17da-43f9-b098-84edc167383c: start FollowerState
2019-08-21 06:48:56,356 [8a76d8a0-f4e7-4941-9f78-0189fbf176ec:group-44AD6F369064:LeaderElection16] INFO  impl.LeaderElection (LeaderElection.java:logAndReturn(56)) - 8a76d8a0-f4e7-4941-9f78-0189fbf176ec:group-44AD6F369064:LeaderElection16: Election REJECTED; received 2 response(s) [8a76d8a0-f4e7-4941-9f78-0189fbf176ec<-ac838652-17da-43f9-b098-84edc167383c#0:FAIL-t2, 8a76d8a0-f4e7-4941-9f78-0189fbf176ec<-0262ecf8-6c8f-4ee4-a6a4-c79e5aa69523#0:FAIL-t2] and 0 exception(s); 8a76d8a0-f4e7-4941-9f78-0189fbf176ec:t2, leader=null, voted=8a76d8a0-f4e7-4941-9f78-0189fbf176ec, raftlog=8a76d8a0-f4e7-4941-9f78-0189fbf176ec-SegmentedRaftLog:OPENED:c-1,f-1,i0, conf=-1: [8a76d8a0-f4e7-4941-9f78-0189fbf176ec:192.168.69.91:38116, ac838652-17da-43f9-b098-84edc167383c:192.168.69.91:46229, 0262ecf8-6c8f-4ee4-a6a4-c79e5aa69523:192.168.69.91:46230], old=null
2019-08-21 06:48:56,356 [8a76d8a0-f4e7-4941-9f78-0189fbf176ec:group-44AD6F369064:LeaderElection16] INFO  impl.RaftServerImpl (RaftServerImpl.java:setRole(171)) - 8a76d8a0-f4e7-4941-9f78-0189fbf176ec:group-44AD6F369064 changes role from CANDIDATE to FOLLOWER at term 2 for DISCOVERED_A_NEW_TERM
2019-08-21 06:48:56,357 [8a76d8a0-f4e7-4941-9f78-0189fbf176ec:group-44AD6F369064:LeaderElection16] INFO  impl.RoleInfo (RoleInfo.java:shutdownLeaderElection(134)) - 8a76d8a0-f4e7-4941-9f78-0189fbf176ec: shutdown LeaderElection
2019-08-21 06:48:56,361 [8a76d8a0-f4e7-4941-9f78-0189fbf176ec:group-44AD6F369064:LeaderElection16] INFO  impl.RoleInfo (RoleInfo.java:updateAndGet(143)) - 8a76d8a0-f4e7-4941-9f78-0189fbf176ec: start FollowerState
2019-08-21 06:48:56,560 | INFO  | SCMAudit | user=jenkins1000 | ip=192.168.69.91 | op=SEND_HEARTBEAT {datanodeUUID=37e73ba6-504c-42d6-9284-4cd48545e58f, command=[]} | ret=SUCCESS |  
2019-08-21 06:48:56,561 [Datanode State Machine Thread - 0] INFO  statemachine.DatanodeStateMachine (DatanodeStateMachine.java:lambda$startDaemon$0(350)) - Ozone container server started.
2019-08-21 06:48:56,651 | INFO  | SCMAudit | user=jenkins1000 | ip=192.168.69.91 | op=SEND_HEARTBEAT {datanodeUUID=f91f7e81-a37c-4e1f-8f5a-fc0399667c81, command=[]} | ret=SUCCESS |  
2019-08-21 06:48:56,736 | INFO  | SCMAudit | user=jenkins1000 | ip=192.168.69.91 | op=SEND_HEARTBEAT {datanodeUUID=44d45b17-37a4-4814-9169-f3c994da35b8, command=[]} | ret=SUCCESS |  
2019-08-21 06:48:57,036 | INFO  | SCMAudit | user=jenkins1000 | ip=192.168.69.91 | op=SEND_HEARTBEAT {datanodeUUID=0262ecf8-6c8f-4ee4-a6a4-c79e5aa69523, command=[]} | ret=SUCCESS |  
2019-08-21 06:48:57,561 | INFO  | SCMAudit | user=jenkins1000 | ip=192.168.69.91 | op=SEND_HEARTBEAT {datanodeUUID=37e73ba6-504c-42d6-9284-4cd48545e58f, command=[]} | ret=SUCCESS |  
2019-08-21 06:48:57,651 | INFO  | SCMAudit | user=jenkins1000 | ip=192.168.69.91 | op=SEND_HEARTBEAT {datanodeUUID=f91f7e81-a37c-4e1f-8f5a-fc0399667c81, command=[]} | ret=SUCCESS |  
2019-08-21 06:48:57,736 | INFO  | SCMAudit | user=jenkins1000 | ip=192.168.69.91 | op=SEND_HEARTBEAT {datanodeUUID=44d45b17-37a4-4814-9169-f3c994da35b8, command=[]} | ret=SUCCESS |  
2019-08-21 06:48:58,036 | INFO  | SCMAudit | user=jenkins1000 | ip=192.168.69.91 | op=SEND_HEARTBEAT {datanodeUUID=0262ecf8-6c8f-4ee4-a6a4-c79e5aa69523, command=[]} | ret=SUCCESS |  
2019-08-21 06:48:58,561 | INFO  | SCMAudit | user=jenkins1000 | ip=192.168.69.91 | op=SEND_HEARTBEAT {datanodeUUID=37e73ba6-504c-42d6-9284-4cd48545e58f, command=[]} | ret=SUCCESS |  
2019-08-21 06:48:58,651 | INFO  | SCMAudit | user=jenkins1000 | ip=192.168.69.91 | op=SEND_HEARTBEAT {datanodeUUID=f91f7e81-a37c-4e1f-8f5a-fc0399667c81, command=[]} | ret=SUCCESS |  
2019-08-21 06:48:58,736 | INFO  | SCMAudit | user=jenkins1000 | ip=192.168.69.91 | op=SEND_HEARTBEAT {datanodeUUID=44d45b17-37a4-4814-9169-f3c994da35b8, command=[]} | ret=SUCCESS |  
2019-08-21 06:48:59,036 | INFO  | SCMAudit | user=jenkins1000 | ip=192.168.69.91 | op=SEND_HEARTBEAT {datanodeUUID=0262ecf8-6c8f-4ee4-a6a4-c79e5aa69523, command=[]} | ret=SUCCESS |  
2019-08-21 06:48:59,561 | INFO  | SCMAudit | user=jenkins1000 | ip=192.168.69.91 | op=SEND_HEARTBEAT {datanodeUUID=37e73ba6-504c-42d6-9284-4cd48545e58f, command=[]} | ret=SUCCESS |  
2019-08-21 06:48:59,651 | INFO  | SCMAudit | user=jenkins1000 | ip=192.168.69.91 | op=SEND_HEARTBEAT {datanodeUUID=f91f7e81-a37c-4e1f-8f5a-fc0399667c81, command=[]} | ret=SUCCESS |  
2019-08-21 06:48:59,736 | INFO  | SCMAudit | user=jenkins1000 | ip=192.168.69.91 | op=SEND_HEARTBEAT {datanodeUUID=44d45b17-37a4-4814-9169-f3c994da35b8, command=[]} | ret=SUCCESS |  
2019-08-21 06:49:00,036 | INFO  | SCMAudit | user=jenkins1000 | ip=192.168.69.91 | op=SEND_HEARTBEAT {datanodeUUID=0262ecf8-6c8f-4ee4-a6a4-c79e5aa69523, command=[]} | ret=SUCCESS |  
2019-08-21 06:49:00,562 | INFO  | SCMAudit | user=jenkins1000 | ip=192.168.69.91 | op=SEND_HEARTBEAT {datanodeUUID=37e73ba6-504c-42d6-9284-4cd48545e58f, command=[]} | ret=SUCCESS |  
2019-08-21 06:49:00,651 | INFO  | SCMAudit | user=jenkins1000 | ip=192.168.69.91 | op=SEND_HEARTBEAT {datanodeUUID=f91f7e81-a37c-4e1f-8f5a-fc0399667c81, command=[]} | ret=SUCCESS |  
2019-08-21 06:49:00,736 | INFO  | SCMAudit | user=jenkins1000 | ip=192.168.69.91 | op=SEND_HEARTBEAT {datanodeUUID=44d45b17-37a4-4814-9169-f3c994da35b8, command=[]} | ret=SUCCESS |  
2019-08-21 06:49:00,935 [main] INFO  ozoneimpl.OzoneContainer (OzoneContainer.java:stop(199)) - Attempting to stop container services.
2019-08-21 06:49:00,935 [ForkJoinPool.commonPool-worker-0] INFO  ozoneimpl.OzoneContainer (OzoneContainer.java:stop(199)) - Attempting to stop container services.
2019-08-21 06:49:00,936 [main] INFO  impl.RaftServerProxy (RaftServerProxy.java:lambda$close$4(314)) - ac838652-17da-43f9-b098-84edc167383c: close
2019-08-21 06:49:00,936 [ForkJoinPool.commonPool-worker-0] INFO  impl.RaftServerProxy (RaftServerProxy.java:lambda$close$4(314)) - 8a76d8a0-f4e7-4941-9f78-0189fbf176ec: close
2019-08-21 06:49:00,939 [ForkJoinPool.commonPool-worker-0] INFO  impl.RaftServerImpl (RaftServerImpl.java:lambda$shutdown$3(245)) - 8a76d8a0-f4e7-4941-9f78-0189fbf176ec: shutdown group-CA019E95E328
2019-08-21 06:49:00,939 [main] INFO  impl.RaftServerImpl (RaftServerImpl.java:lambda$shutdown$3(245)) - ac838652-17da-43f9-b098-84edc167383c: shutdown group-44AD6F369064
2019-08-21 06:49:00,939 [ForkJoinPool.commonPool-worker-0] INFO  util.JmxRegister (JmxRegister.java:unregister(73)) - Successfully un-registered JMX Bean with object name Ratis:service=RaftServer,group=group-CA019E95E328,id=8a76d8a0-f4e7-4941-9f78-0189fbf176ec
2019-08-21 06:49:00,940 [main] INFO  util.JmxRegister (JmxRegister.java:unregister(73)) - Successfully un-registered JMX Bean with object name Ratis:service=RaftServer,group=group-44AD6F369064,id=ac838652-17da-43f9-b098-84edc167383c
2019-08-21 06:49:00,940 [ForkJoinPool.commonPool-worker-0] INFO  impl.RoleInfo (RoleInfo.java:shutdownLeaderState(104)) - 8a76d8a0-f4e7-4941-9f78-0189fbf176ec: shutdown LeaderState
2019-08-21 06:49:00,940 [main] INFO  impl.RoleInfo (RoleInfo.java:shutdownFollowerState(121)) - ac838652-17da-43f9-b098-84edc167383c: shutdown FollowerState
2019-08-21 06:49:00,941 [main] INFO  impl.StateMachineUpdater (StateMachineUpdater.java:stopAndJoin(115)) - StateMachineUpdater:ac838652-17da-43f9-b098-84edc167383c:group-44AD6F369064: set stopIndex = -1
2019-08-21 06:49:00,941 [ForkJoinPool.commonPool-worker-0] INFO  impl.PendingRequests (PendingRequests.java:sendNotLeaderResponses(202)) - 8a76d8a0-f4e7-4941-9f78-0189fbf176ec-PendingRequests: sendNotLeaderResponses
2019-08-21 06:49:00,941 [Thread-345] INFO  impl.FollowerState (FollowerState.java:run(114)) - ac838652-17da-43f9-b098-84edc167383c: FollowerState was interrupted: java.lang.InterruptedException: sleep interrupted
2019-08-21 06:49:00,942 [main] INFO  impl.RaftServerImpl (ServerState.java:close(394)) - ac838652-17da-43f9-b098-84edc167383c:group-44AD6F369064 closes. The last applied log index is -1
2019-08-21 06:49:00,945 [ac838652-17da-43f9-b098-84edc167383c-SegmentedRaftLogWorker:Storage Directory /workdir/hadoop-ozone/integration-test/target/test-dir/MiniOzoneClusterImpl-ad9cffe4-d9dd-4d7e-9292-cb2a09e16687/datanode-3/data/ratis/e27a1df5-702d-4297-aef3-44ad6f369064] INFO  segmented.SegmentedRaftLogWorker (SegmentedRaftLogWorker.java:run(313)) - ac838652-17da-43f9-b098-84edc167383c-SegmentedRaftLogWorker:Storage Directory /workdir/hadoop-ozone/integration-test/target/test-dir/MiniOzoneClusterImpl-ad9cffe4-d9dd-4d7e-9292-cb2a09e16687/datanode-3/data/ratis/e27a1df5-702d-4297-aef3-44ad6f369064 was interrupted, exiting. There are 0 tasks remaining in the queue.
2019-08-21 06:49:00,945 [main] INFO  segmented.SegmentedRaftLogWorker (SegmentedRaftLogWorker.java:close(228)) - ac838652-17da-43f9-b098-84edc167383c-SegmentedRaftLogWorker:Storage Directory /workdir/hadoop-ozone/integration-test/target/test-dir/MiniOzoneClusterImpl-ad9cffe4-d9dd-4d7e-9292-cb2a09e16687/datanode-3/data/ratis/e27a1df5-702d-4297-aef3-44ad6f369064 close()
2019-08-21 06:49:00,948 [main] INFO  impl.RaftServerImpl (RaftServerImpl.java:lambda$shutdown$3(245)) - ac838652-17da-43f9-b098-84edc167383c: shutdown group-A80CB7A0EDFD
2019-08-21 06:49:00,949 [main] INFO  util.JmxRegister (JmxRegister.java:unregister(73)) - Successfully un-registered JMX Bean with object name Ratis:service=RaftServer,group=group-A80CB7A0EDFD,id=ac838652-17da-43f9-b098-84edc167383c
2019-08-21 06:49:00,949 [ForkJoinPool.commonPool-worker-0] INFO  impl.StateMachineUpdater (StateMachineUpdater.java:stopAndJoin(115)) - StateMachineUpdater:8a76d8a0-f4e7-4941-9f78-0189fbf176ec:group-CA019E95E328: set stopIndex = 0
2019-08-21 06:49:00,949 [main] INFO  impl.RoleInfo (RoleInfo.java:shutdownLeaderState(104)) - ac838652-17da-43f9-b098-84edc167383c: shutdown LeaderState
2019-08-21 06:49:00,950 [ForkJoinPool.commonPool-worker-0] INFO  impl.RaftServerImpl (ServerState.java:close(394)) - 8a76d8a0-f4e7-4941-9f78-0189fbf176ec:group-CA019E95E328 closes. The last applied log index is 0
2019-08-21 06:49:00,950 [main] INFO  impl.PendingRequests (PendingRequests.java:sendNotLeaderResponses(202)) - ac838652-17da-43f9-b098-84edc167383c-PendingRequests: sendNotLeaderResponses
2019-08-21 06:49:00,952 [8a76d8a0-f4e7-4941-9f78-0189fbf176ec-SegmentedRaftLogWorker:Storage Directory /workdir/hadoop-ozone/integration-test/target/test-dir/MiniOzoneClusterImpl-ad9cffe4-d9dd-4d7e-9292-cb2a09e16687/datanode-1/data/ratis/5b57d4a4-9e0d-4faf-9b9d-ca019e95e328] INFO  segmented.SegmentedRaftLogWorker (SegmentedRaftLogWorker.java:run(313)) - 8a76d8a0-f4e7-4941-9f78-0189fbf176ec-SegmentedRaftLogWorker:Storage Directory /workdir/hadoop-ozone/integration-test/target/test-dir/MiniOzoneClusterImpl-ad9cffe4-d9dd-4d7e-9292-cb2a09e16687/datanode-1/data/ratis/5b57d4a4-9e0d-4faf-9b9d-ca019e95e328 was interrupted, exiting. There are 0 tasks remaining in the queue.
2019-08-21 06:49:00,952 [main] INFO  impl.StateMachineUpdater (StateMachineUpdater.java:stopAndJoin(115)) - StateMachineUpdater:ac838652-17da-43f9-b098-84edc167383c:group-A80CB7A0EDFD: set stopIndex = 0
2019-08-21 06:49:00,954 [ForkJoinPool.commonPool-worker-0] INFO  segmented.SegmentedRaftLogWorker (SegmentedRaftLogWorker.java:close(228)) - 8a76d8a0-f4e7-4941-9f78-0189fbf176ec-SegmentedRaftLogWorker:Storage Directory /workdir/hadoop-ozone/integration-test/target/test-dir/MiniOzoneClusterImpl-ad9cffe4-d9dd-4d7e-9292-cb2a09e16687/datanode-1/data/ratis/5b57d4a4-9e0d-4faf-9b9d-ca019e95e328 close()
2019-08-21 06:49:00,954 [main] INFO  impl.RaftServerImpl (ServerState.java:close(394)) - ac838652-17da-43f9-b098-84edc167383c:group-A80CB7A0EDFD closes. The last applied log index is 0
2019-08-21 06:49:00,958 [ForkJoinPool.commonPool-worker-0] INFO  impl.RaftServerImpl (RaftServerImpl.java:lambda$shutdown$3(245)) - 8a76d8a0-f4e7-4941-9f78-0189fbf176ec: shutdown group-44AD6F369064
2019-08-21 06:49:00,958 [ac838652-17da-43f9-b098-84edc167383c-SegmentedRaftLogWorker:Storage Directory /workdir/hadoop-ozone/integration-test/target/test-dir/MiniOzoneClusterImpl-ad9cffe4-d9dd-4d7e-9292-cb2a09e16687/datanode-3/data/ratis/06f05c27-9f99-47b0-81e5-a80cb7a0edfd] INFO  segmented.SegmentedRaftLogWorker (SegmentedRaftLogWorker.java:run(313)) - ac838652-17da-43f9-b098-84edc167383c-SegmentedRaftLogWorker:Storage Directory /workdir/hadoop-ozone/integration-test/target/test-dir/MiniOzoneClusterImpl-ad9cffe4-d9dd-4d7e-9292-cb2a09e16687/datanode-3/data/ratis/06f05c27-9f99-47b0-81e5-a80cb7a0edfd was interrupted, exiting. There are 0 tasks remaining in the queue.
2019-08-21 06:49:00,958 [ForkJoinPool.commonPool-worker-0] INFO  util.JmxRegister (JmxRegister.java:unregister(73)) - Successfully un-registered JMX Bean with object name Ratis:service=RaftServer,group=group-44AD6F369064,id=8a76d8a0-f4e7-4941-9f78-0189fbf176ec
2019-08-21 06:49:00,960 [main] INFO  segmented.SegmentedRaftLogWorker (SegmentedRaftLogWorker.java:close(228)) - ac838652-17da-43f9-b098-84edc167383c-SegmentedRaftLogWorker:Storage Directory /workdir/hadoop-ozone/integration-test/target/test-dir/MiniOzoneClusterImpl-ad9cffe4-d9dd-4d7e-9292-cb2a09e16687/datanode-3/data/ratis/06f05c27-9f99-47b0-81e5-a80cb7a0edfd close()
2019-08-21 06:49:00,960 [ForkJoinPool.commonPool-worker-0] INFO  impl.RoleInfo (RoleInfo.java:shutdownFollowerState(121)) - 8a76d8a0-f4e7-4941-9f78-0189fbf176ec: shutdown FollowerState
2019-08-21 06:49:00,964 [ForkJoinPool.commonPool-worker-0] INFO  impl.StateMachineUpdater (StateMachineUpdater.java:stopAndJoin(115)) - StateMachineUpdater:8a76d8a0-f4e7-4941-9f78-0189fbf176ec:group-44AD6F369064: set stopIndex = -1
2019-08-21 06:49:00,964 [Thread-346] INFO  impl.FollowerState (FollowerState.java:run(114)) - 8a76d8a0-f4e7-4941-9f78-0189fbf176ec: FollowerState was interrupted: java.lang.InterruptedException: sleep interrupted
2019-08-21 06:49:00,964 [ForkJoinPool.commonPool-worker-0] INFO  impl.RaftServerImpl (ServerState.java:close(394)) - 8a76d8a0-f4e7-4941-9f78-0189fbf176ec:group-44AD6F369064 closes. The last applied log index is -1
2019-08-21 06:49:00,965 [main] INFO  server.GrpcService (GrpcService.java:closeImpl(155)) - ac838652-17da-43f9-b098-84edc167383c: shutdown server with port 46229 now
2019-08-21 06:49:00,965 [8a76d8a0-f4e7-4941-9f78-0189fbf176ec-SegmentedRaftLogWorker:Storage Directory /workdir/hadoop-ozone/integration-test/target/test-dir/MiniOzoneClusterImpl-ad9cffe4-d9dd-4d7e-9292-cb2a09e16687/datanode-1/data/ratis/e27a1df5-702d-4297-aef3-44ad6f369064] INFO  segmented.SegmentedRaftLogWorker (SegmentedRaftLogWorker.java:run(313)) - 8a76d8a0-f4e7-4941-9f78-0189fbf176ec-SegmentedRaftLogWorker:Storage Directory /workdir/hadoop-ozone/integration-test/target/test-dir/MiniOzoneClusterImpl-ad9cffe4-d9dd-4d7e-9292-cb2a09e16687/datanode-1/data/ratis/e27a1df5-702d-4297-aef3-44ad6f369064 was interrupted, exiting. There are 0 tasks remaining in the queue.
2019-08-21 06:49:00,966 [ForkJoinPool.commonPool-worker-0] INFO  segmented.SegmentedRaftLogWorker (SegmentedRaftLogWorker.java:close(228)) - 8a76d8a0-f4e7-4941-9f78-0189fbf176ec-SegmentedRaftLogWorker:Storage Directory /workdir/hadoop-ozone/integration-test/target/test-dir/MiniOzoneClusterImpl-ad9cffe4-d9dd-4d7e-9292-cb2a09e16687/datanode-1/data/ratis/e27a1df5-702d-4297-aef3-44ad6f369064 close()
2019-08-21 06:49:00,969 [ForkJoinPool.commonPool-worker-0] INFO  server.GrpcService (GrpcService.java:closeImpl(155)) - 8a76d8a0-f4e7-4941-9f78-0189fbf176ec: shutdown server with port 38116 now
2019-08-21 06:49:00,974 [main] INFO  server.GrpcService (GrpcService.java:closeImpl(163)) - ac838652-17da-43f9-b098-84edc167383c: shutdown server with port 46229 successfully
2019-08-21 06:49:00,974 [ForkJoinPool.commonPool-worker-0] INFO  server.GrpcService (GrpcService.java:closeImpl(163)) - 8a76d8a0-f4e7-4941-9f78-0189fbf176ec: shutdown server with port 38116 successfully
2019-08-21 06:49:00,976 [main] INFO  utils.BackgroundService (BackgroundService.java:shutdown(148)) - Shutting down service BlockDeletingService
2019-08-21 06:49:00,978 [refreshUsed-/workdir/hadoop-ozone/integration-test/target/test-dir/MiniOzoneClusterImpl-ad9cffe4-d9dd-4d7e-9292-cb2a09e16687/datanode-3/data/containers] WARN  fs.CachingGetSpaceUsed (CachingGetSpaceUsed.java:run(183)) - Thread Interrupted waiting to refresh disk information: sleep interrupted
2019-08-21 06:49:00,980 [ForkJoinPool.commonPool-worker-0] INFO  utils.BackgroundService (BackgroundService.java:shutdown(148)) - Shutting down service BlockDeletingService
2019-08-21 06:49:00,986 [refreshUsed-/workdir/hadoop-ozone/integration-test/target/test-dir/MiniOzoneClusterImpl-ad9cffe4-d9dd-4d7e-9292-cb2a09e16687/datanode-1/data/containers] WARN  fs.CachingGetSpaceUsed (CachingGetSpaceUsed.java:run(183)) - Thread Interrupted waiting to refresh disk information: sleep interrupted
2019-08-21 06:49:01,003 [ForkJoinPool.commonPool-worker-0] INFO  statemachine.DatanodeStateMachine (DatanodeStateMachine.java:stopDaemon(395)) - Ozone container server stopped.
2019-08-21 06:49:01,007 [ForkJoinPool.commonPool-worker-0] INFO  handler.ContextHandler (ContextHandler.java:doStop(910)) - Stopped o.e.j.w.WebAppContext@3d5e2baa{/,null,UNAVAILABLE}{/hddsDatanode}
2019-08-21 06:49:01,007 [ForkJoinPool.commonPool-worker-0] INFO  server.AbstractConnector (AbstractConnector.java:doStop(318)) - Stopped ServerConnector@13eddc1e{HTTP/1.1,[http/1.1]}{0.0.0.0:0}
2019-08-21 06:49:01,008 [ForkJoinPool.commonPool-worker-0] INFO  handler.ContextHandler (ContextHandler.java:doStop(910)) - Stopped o.e.j.s.ServletContextHandler@4531f579{/static,jar:file:/home/user/.m2/repository/org/apache/hadoop/hadoop-hdds-container-service/0.5.0-SNAPSHOT/hadoop-hdds-container-service-0.5.0-SNAPSHOT.jar!/webapps/static,UNAVAILABLE}
2019-08-21 06:49:01,010 [ForkJoinPool.commonPool-worker-0] INFO  handler.ContextHandler (ContextHandler.java:doStop(910)) - Stopped o.e.j.s.ServletContextHandler@3203f441{/logs,file:///workdir/hadoop-ozone/integration-test/target/log,UNAVAILABLE}
2019-08-21 06:49:01,010 [ForkJoinPool.commonPool-worker-0] INFO  datanode.ObjectStoreHandler (ObjectStoreHandler.java:close(155)) - Closing ObjectStoreHandler.
2019-08-21 06:49:01,011 [ForkJoinPool.commonPool-worker-0] INFO  ozone.HddsDatanodeService (HddsDatanodeService.java:stop(451)) - Stopped plug-in org.apache.hadoop.ozone.web.OzoneHddsDatanodeService@d2e419b
2019-08-21 06:49:01,014 [main] INFO  statemachine.DatanodeStateMachine (DatanodeStateMachine.java:stopDaemon(395)) - Ozone container server stopped.
2019-08-21 06:49:01,019 [main] INFO  handler.ContextHandler (ContextHandler.java:doStop(910)) - Stopped o.e.j.w.WebAppContext@3383db0a{/,null,UNAVAILABLE}{/hddsDatanode}
2019-08-21 06:49:01,019 [main] INFO  server.AbstractConnector (AbstractConnector.java:doStop(318)) - Stopped ServerConnector@53133610{HTTP/1.1,[http/1.1]}{0.0.0.0:0}
2019-08-21 06:49:01,021 [main] INFO  handler.ContextHandler (ContextHandler.java:doStop(910)) - Stopped o.e.j.s.ServletContextHandler@24acedd8{/static,jar:file:/home/user/.m2/repository/org/apache/hadoop/hadoop-hdds-container-service/0.5.0-SNAPSHOT/hadoop-hdds-container-service-0.5.0-SNAPSHOT.jar!/webapps/static,UNAVAILABLE}
2019-08-21 06:49:01,022 [main] INFO  handler.ContextHandler (ContextHandler.java:doStop(910)) - Stopped o.e.j.s.ServletContextHandler@2695e183{/logs,file:///workdir/hadoop-ozone/integration-test/target/log,UNAVAILABLE}
2019-08-21 06:49:01,023 [main] INFO  datanode.ObjectStoreHandler (ObjectStoreHandler.java:close(155)) - Closing ObjectStoreHandler.
2019-08-21 06:49:01,023 [main] INFO  ozone.HddsDatanodeService (HddsDatanodeService.java:stop(451)) - Stopped plug-in org.apache.hadoop.ozone.web.OzoneHddsDatanodeService@268952c0
2019-08-21 06:49:01,035 [Datanode State Machine Thread - 0] INFO  statemachine.DatanodeStateMachine (DatanodeStateMachine.java:lambda$startDaemon$0(350)) - Ozone container server started.
2019-08-21 06:49:01,550 [Thread-344] INFO  impl.FollowerState (FollowerState.java:run(106)) - 0262ecf8-6c8f-4ee4-a6a4-c79e5aa69523:group-44AD6F369064 changes to CANDIDATE, lastRpcTime:5199, electionTimeout:5198ms
2019-08-21 06:49:01,550 [Thread-344] INFO  impl.RoleInfo (RoleInfo.java:shutdownFollowerState(121)) - 0262ecf8-6c8f-4ee4-a6a4-c79e5aa69523: shutdown FollowerState
2019-08-21 06:49:01,551 [Thread-344] INFO  impl.RaftServerImpl (RaftServerImpl.java:setRole(171)) - 0262ecf8-6c8f-4ee4-a6a4-c79e5aa69523:group-44AD6F369064 changes role from FOLLOWER to CANDIDATE at term 2 for changeToCandidate
2019-08-21 06:49:01,551 [Thread-344] INFO  impl.RoleInfo (RoleInfo.java:updateAndGet(143)) - 0262ecf8-6c8f-4ee4-a6a4-c79e5aa69523: start LeaderElection
2019-08-21 06:49:01,560 [Datanode State Machine Thread - 0] INFO  statemachine.DatanodeStateMachine (DatanodeStateMachine.java:lambda$startDaemon$0(350)) - Ozone container server started.
2019-08-21 06:49:01,567 [0262ecf8-6c8f-4ee4-a6a4-c79e5aa69523:group-44AD6F369064:LeaderElection17] INFO  impl.LeaderElection (LeaderElection.java:askForVotes(181)) - 0262ecf8-6c8f-4ee4-a6a4-c79e5aa69523:group-44AD6F369064:LeaderElection17: begin an election at term 3 for -1: [8a76d8a0-f4e7-4941-9f78-0189fbf176ec:192.168.69.91:38116, ac838652-17da-43f9-b098-84edc167383c:192.168.69.91:46229, 0262ecf8-6c8f-4ee4-a6a4-c79e5aa69523:192.168.69.91:46230], old=null
2019-08-21 06:49:01,576 [0262ecf8-6c8f-4ee4-a6a4-c79e5aa69523:group-44AD6F369064:LeaderElection17] INFO  impl.LeaderElection (LogUtils.java:infoOrTrace(149)) - 0262ecf8-6c8f-4ee4-a6a4-c79e5aa69523:group-44AD6F369064:LeaderElection17 got exception when requesting votes: {}
java.util.concurrent.ExecutionException: org.apache.ratis.thirdparty.io.grpc.StatusRuntimeException: UNAVAILABLE: io exception
	at java.util.concurrent.FutureTask.report(FutureTask.java:122)
	at java.util.concurrent.FutureTask.get(FutureTask.java:192)
	at org.apache.ratis.server.impl.LeaderElection.waitForResults(LeaderElection.java:262)
	at org.apache.ratis.server.impl.LeaderElection.askForVotes(LeaderElection.java:200)
	at org.apache.ratis.server.impl.LeaderElection.run(LeaderElection.java:130)
	at java.lang.Thread.run(Thread.java:748)
Caused by: org.apache.ratis.thirdparty.io.grpc.StatusRuntimeException: UNAVAILABLE: io exception
	at org.apache.ratis.thirdparty.io.grpc.stub.ClientCalls.toStatusRuntimeException(ClientCalls.java:233)
	at org.apache.ratis.thirdparty.io.grpc.stub.ClientCalls.getUnchecked(ClientCalls.java:214)
	at org.apache.ratis.thirdparty.io.grpc.stub.ClientCalls.blockingUnaryCall(ClientCalls.java:139)
	at org.apache.ratis.proto.grpc.RaftServerProtocolServiceGrpc$RaftServerProtocolServiceBlockingStub.requestVote(RaftServerProtocolServiceGrpc.java:265)
	at org.apache.ratis.grpc.server.GrpcServerProtocolClient.requestVote(GrpcServerProtocolClient.java:83)
	at org.apache.ratis.grpc.server.GrpcService.requestVote(GrpcService.java:195)
	at org.apache.ratis.server.impl.LeaderElection.lambda$submitRequests$1(LeaderElection.java:237)
	at java.util.concurrent.FutureTask.run(FutureTask.java:266)
	at java.util.concurrent.Executors$RunnableAdapter.call(Executors.java:511)
	at java.util.concurrent.FutureTask.run(FutureTask.java:266)
	at java.util.concurrent.ThreadPoolExecutor.runWorker(ThreadPoolExecutor.java:1149)
	at java.util.concurrent.ThreadPoolExecutor$Worker.run(ThreadPoolExecutor.java:624)
	... 1 more
Caused by: org.apache.ratis.thirdparty.io.netty.channel.AbstractChannel$AnnotatedConnectException: Connection refused: /192.168.69.91:38116
	at sun.nio.ch.SocketChannelImpl.checkConnect(Native Method)
	at sun.nio.ch.SocketChannelImpl.finishConnect(SocketChannelImpl.java:717)
	at org.apache.ratis.thirdparty.io.netty.channel.socket.nio.NioSocketChannel.doFinishConnect(NioSocketChannel.java:327)
	at org.apache.ratis.thirdparty.io.netty.channel.nio.AbstractNioChannel$AbstractNioUnsafe.finishConnect(AbstractNioChannel.java:340)
	at org.apache.ratis.thirdparty.io.netty.channel.nio.NioEventLoop.processSelectedKey(NioEventLoop.java:632)
	at org.apache.ratis.thirdparty.io.netty.channel.nio.NioEventLoop.processSelectedKeysOptimized(NioEventLoop.java:579)
	at org.apache.ratis.thirdparty.io.netty.channel.nio.NioEventLoop.processSelectedKeys(NioEventLoop.java:496)
	at org.apache.ratis.thirdparty.io.netty.channel.nio.NioEventLoop.run(NioEventLoop.java:458)
	at org.apache.ratis.thirdparty.io.netty.util.concurrent.SingleThreadEventExecutor$5.run(SingleThreadEventExecutor.java:897)
	at org.apache.ratis.thirdparty.io.netty.util.concurrent.FastThreadLocalRunnable.run(FastThreadLocalRunnable.java:30)
	... 1 more
Caused by: java.net.ConnectException: Connection refused
	... 11 more
2019-08-21 06:49:01,578 [0262ecf8-6c8f-4ee4-a6a4-c79e5aa69523:group-44AD6F369064:LeaderElection17] INFO  impl.LeaderElection (LogUtils.java:infoOrTrace(149)) - 0262ecf8-6c8f-4ee4-a6a4-c79e5aa69523:group-44AD6F369064:LeaderElection17 got exception when requesting votes: {}
java.util.concurrent.ExecutionException: org.apache.ratis.thirdparty.io.grpc.StatusRuntimeException: UNAVAILABLE: io exception
	at java.util.concurrent.FutureTask.report(FutureTask.java:122)
	at java.util.concurrent.FutureTask.get(FutureTask.java:192)
	at org.apache.ratis.server.impl.LeaderElection.waitForResults(LeaderElection.java:262)
	at org.apache.ratis.server.impl.LeaderElection.askForVotes(LeaderElection.java:200)
	at org.apache.ratis.server.impl.LeaderElection.run(LeaderElection.java:130)
	at java.lang.Thread.run(Thread.java:748)
Caused by: org.apache.ratis.thirdparty.io.grpc.StatusRuntimeException: UNAVAILABLE: io exception
	at org.apache.ratis.thirdparty.io.grpc.stub.ClientCalls.toStatusRuntimeException(ClientCalls.java:233)
	at org.apache.ratis.thirdparty.io.grpc.stub.ClientCalls.getUnchecked(ClientCalls.java:214)
	at org.apache.ratis.thirdparty.io.grpc.stub.ClientCalls.blockingUnaryCall(ClientCalls.java:139)
	at org.apache.ratis.proto.grpc.RaftServerProtocolServiceGrpc$RaftServerProtocolServiceBlockingStub.requestVote(RaftServerProtocolServiceGrpc.java:265)
	at org.apache.ratis.grpc.server.GrpcServerProtocolClient.requestVote(GrpcServerProtocolClient.java:83)
	at org.apache.ratis.grpc.server.GrpcService.requestVote(GrpcService.java:195)
	at org.apache.ratis.server.impl.LeaderElection.lambda$submitRequests$1(LeaderElection.java:237)
	at java.util.concurrent.FutureTask.run(FutureTask.java:266)
	at java.util.concurrent.Executors$RunnableAdapter.call(Executors.java:511)
	at java.util.concurrent.FutureTask.run(FutureTask.java:266)
	at java.util.concurrent.ThreadPoolExecutor.runWorker(ThreadPoolExecutor.java:1149)
	at java.util.concurrent.ThreadPoolExecutor$Worker.run(ThreadPoolExecutor.java:624)
	... 1 more
Caused by: org.apache.ratis.thirdparty.io.netty.channel.AbstractChannel$AnnotatedConnectException: Connection refused: /192.168.69.91:46229
	at sun.nio.ch.SocketChannelImpl.checkConnect(Native Method)
	at sun.nio.ch.SocketChannelImpl.finishConnect(SocketChannelImpl.java:717)
	at org.apache.ratis.thirdparty.io.netty.channel.socket.nio.NioSocketChannel.doFinishConnect(NioSocketChannel.java:327)
	at org.apache.ratis.thirdparty.io.netty.channel.nio.AbstractNioChannel$AbstractNioUnsafe.finishConnect(AbstractNioChannel.java:340)
	at org.apache.ratis.thirdparty.io.netty.channel.nio.NioEventLoop.processSelectedKey(NioEventLoop.java:632)
	at org.apache.ratis.thirdparty.io.netty.channel.nio.NioEventLoop.processSelectedKeysOptimized(NioEventLoop.java:579)
	at org.apache.ratis.thirdparty.io.netty.channel.nio.NioEventLoop.processSelectedKeys(NioEventLoop.java:496)
	at org.apache.ratis.thirdparty.io.netty.channel.nio.NioEventLoop.run(NioEventLoop.java:458)
	at org.apache.ratis.thirdparty.io.netty.util.concurrent.SingleThreadEventExecutor$5.run(SingleThreadEventExecutor.java:897)
	at org.apache.ratis.thirdparty.io.netty.util.concurrent.FastThreadLocalRunnable.run(FastThreadLocalRunnable.java:30)
	... 1 more
Caused by: java.net.ConnectException: Connection refused
	... 11 more
2019-08-21 06:49:01,580 [0262ecf8-6c8f-4ee4-a6a4-c79e5aa69523:group-44AD6F369064:LeaderElection17] INFO  impl.LeaderElection (LeaderElection.java:logAndReturn(56)) - 0262ecf8-6c8f-4ee4-a6a4-c79e5aa69523:group-44AD6F369064:LeaderElection17: Election REJECTED; received 0 response(s) [] and 2 exception(s); 0262ecf8-6c8f-4ee4-a6a4-c79e5aa69523:t3, leader=null, voted=0262ecf8-6c8f-4ee4-a6a4-c79e5aa69523, raftlog=0262ecf8-6c8f-4ee4-a6a4-c79e5aa69523-SegmentedRaftLog:OPENED:c-1,f-1,i0, conf=-1: [8a76d8a0-f4e7-4941-9f78-0189fbf176ec:192.168.69.91:38116, ac838652-17da-43f9-b098-84edc167383c:192.168.69.91:46229, 0262ecf8-6c8f-4ee4-a6a4-c79e5aa69523:192.168.69.91:46230], old=null
2019-08-21 06:49:01,580 [0262ecf8-6c8f-4ee4-a6a4-c79e5aa69523:group-44AD6F369064:LeaderElection17] INFO  impl.LeaderElection (LogUtils.java:infoOrTrace(149)) -   Exception 0: {}
java.util.concurrent.ExecutionException: org.apache.ratis.thirdparty.io.grpc.StatusRuntimeException: UNAVAILABLE: io exception
	at java.util.concurrent.FutureTask.report(FutureTask.java:122)
	at java.util.concurrent.FutureTask.get(FutureTask.java:192)
	at org.apache.ratis.server.impl.LeaderElection.waitForResults(LeaderElection.java:262)
	at org.apache.ratis.server.impl.LeaderElection.askForVotes(LeaderElection.java:200)
	at org.apache.ratis.server.impl.LeaderElection.run(LeaderElection.java:130)
	at java.lang.Thread.run(Thread.java:748)
Caused by: org.apache.ratis.thirdparty.io.grpc.StatusRuntimeException: UNAVAILABLE: io exception
	at org.apache.ratis.thirdparty.io.grpc.stub.ClientCalls.toStatusRuntimeException(ClientCalls.java:233)
	at org.apache.ratis.thirdparty.io.grpc.stub.ClientCalls.getUnchecked(ClientCalls.java:214)
	at org.apache.ratis.thirdparty.io.grpc.stub.ClientCalls.blockingUnaryCall(ClientCalls.java:139)
	at org.apache.ratis.proto.grpc.RaftServerProtocolServiceGrpc$RaftServerProtocolServiceBlockingStub.requestVote(RaftServerProtocolServiceGrpc.java:265)
	at org.apache.ratis.grpc.server.GrpcServerProtocolClient.requestVote(GrpcServerProtocolClient.java:83)
	at org.apache.ratis.grpc.server.GrpcService.requestVote(GrpcService.java:195)
	at org.apache.ratis.server.impl.LeaderElection.lambda$submitRequests$1(LeaderElection.java:237)
	at java.util.concurrent.FutureTask.run(FutureTask.java:266)
	at java.util.concurrent.Executors$RunnableAdapter.call(Executors.java:511)
	at java.util.concurrent.FutureTask.run(FutureTask.java:266)
	at java.util.concurrent.ThreadPoolExecutor.runWorker(ThreadPoolExecutor.java:1149)
	at java.util.concurrent.ThreadPoolExecutor$Worker.run(ThreadPoolExecutor.java:624)
	... 1 more
Caused by: org.apache.ratis.thirdparty.io.netty.channel.AbstractChannel$AnnotatedConnectException: Connection refused: /192.168.69.91:38116
	at sun.nio.ch.SocketChannelImpl.checkConnect(Native Method)
	at sun.nio.ch.SocketChannelImpl.finishConnect(SocketChannelImpl.java:717)
	at org.apache.ratis.thirdparty.io.netty.channel.socket.nio.NioSocketChannel.doFinishConnect(NioSocketChannel.java:327)
	at org.apache.ratis.thirdparty.io.netty.channel.nio.AbstractNioChannel$AbstractNioUnsafe.finishConnect(AbstractNioChannel.java:340)
	at org.apache.ratis.thirdparty.io.netty.channel.nio.NioEventLoop.processSelectedKey(NioEventLoop.java:632)
	at org.apache.ratis.thirdparty.io.netty.channel.nio.NioEventLoop.processSelectedKeysOptimized(NioEventLoop.java:579)
	at org.apache.ratis.thirdparty.io.netty.channel.nio.NioEventLoop.processSelectedKeys(NioEventLoop.java:496)
	at org.apache.ratis.thirdparty.io.netty.channel.nio.NioEventLoop.run(NioEventLoop.java:458)
	at org.apache.ratis.thirdparty.io.netty.util.concurrent.SingleThreadEventExecutor$5.run(SingleThreadEventExecutor.java:897)
	at org.apache.ratis.thirdparty.io.netty.util.concurrent.FastThreadLocalRunnable.run(FastThreadLocalRunnable.java:30)
	... 1 more
Caused by: java.net.ConnectException: Connection refused
	... 11 more
2019-08-21 06:49:01,580 [0262ecf8-6c8f-4ee4-a6a4-c79e5aa69523:group-44AD6F369064:LeaderElection17] INFO  impl.LeaderElection (LogUtils.java:infoOrTrace(149)) -   Exception 1: {}
java.util.concurrent.ExecutionException: org.apache.ratis.thirdparty.io.grpc.StatusRuntimeException: UNAVAILABLE: io exception
	at java.util.concurrent.FutureTask.report(FutureTask.java:122)
	at java.util.concurrent.FutureTask.get(FutureTask.java:192)
	at org.apache.ratis.server.impl.LeaderElection.waitForResults(LeaderElection.java:262)
	at org.apache.ratis.server.impl.LeaderElection.askForVotes(LeaderElection.java:200)
	at org.apache.ratis.server.impl.LeaderElection.run(LeaderElection.java:130)
	at java.lang.Thread.run(Thread.java:748)
Caused by: org.apache.ratis.thirdparty.io.grpc.StatusRuntimeException: UNAVAILABLE: io exception
	at org.apache.ratis.thirdparty.io.grpc.stub.ClientCalls.toStatusRuntimeException(ClientCalls.java:233)
	at org.apache.ratis.thirdparty.io.grpc.stub.ClientCalls.getUnchecked(ClientCalls.java:214)
	at org.apache.ratis.thirdparty.io.grpc.stub.ClientCalls.blockingUnaryCall(ClientCalls.java:139)
	at org.apache.ratis.proto.grpc.RaftServerProtocolServiceGrpc$RaftServerProtocolServiceBlockingStub.requestVote(RaftServerProtocolServiceGrpc.java:265)
	at org.apache.ratis.grpc.server.GrpcServerProtocolClient.requestVote(GrpcServerProtocolClient.java:83)
	at org.apache.ratis.grpc.server.GrpcService.requestVote(GrpcService.java:195)
	at org.apache.ratis.server.impl.LeaderElection.lambda$submitRequests$1(LeaderElection.java:237)
	at java.util.concurrent.FutureTask.run(FutureTask.java:266)
	at java.util.concurrent.Executors$RunnableAdapter.call(Executors.java:511)
	at java.util.concurrent.FutureTask.run(FutureTask.java:266)
	at java.util.concurrent.ThreadPoolExecutor.runWorker(ThreadPoolExecutor.java:1149)
	at java.util.concurrent.ThreadPoolExecutor$Worker.run(ThreadPoolExecutor.java:624)
	... 1 more
Caused by: org.apache.ratis.thirdparty.io.netty.channel.AbstractChannel$AnnotatedConnectException: Connection refused: /192.168.69.91:46229
	at sun.nio.ch.SocketChannelImpl.checkConnect(Native Method)
	at sun.nio.ch.SocketChannelImpl.finishConnect(SocketChannelImpl.java:717)
	at org.apache.ratis.thirdparty.io.netty.channel.socket.nio.NioSocketChannel.doFinishConnect(NioSocketChannel.java:327)
	at org.apache.ratis.thirdparty.io.netty.channel.nio.AbstractNioChannel$AbstractNioUnsafe.finishConnect(AbstractNioChannel.java:340)
	at org.apache.ratis.thirdparty.io.netty.channel.nio.NioEventLoop.processSelectedKey(NioEventLoop.java:632)
	at org.apache.ratis.thirdparty.io.netty.channel.nio.NioEventLoop.processSelectedKeysOptimized(NioEventLoop.java:579)
	at org.apache.ratis.thirdparty.io.netty.channel.nio.NioEventLoop.processSelectedKeys(NioEventLoop.java:496)
	at org.apache.ratis.thirdparty.io.netty.channel.nio.NioEventLoop.run(NioEventLoop.java:458)
	at org.apache.ratis.thirdparty.io.netty.util.concurrent.SingleThreadEventExecutor$5.run(SingleThreadEventExecutor.java:897)
	at org.apache.ratis.thirdparty.io.netty.util.concurrent.FastThreadLocalRunnable.run(FastThreadLocalRunnable.java:30)
	... 1 more
Caused by: java.net.ConnectException: Connection refused
	... 11 more
2019-08-21 06:49:01,581 [0262ecf8-6c8f-4ee4-a6a4-c79e5aa69523:group-44AD6F369064:LeaderElection17] INFO  impl.RaftServerImpl (RaftServerImpl.java:setRole(171)) - 0262ecf8-6c8f-4ee4-a6a4-c79e5aa69523:group-44AD6F369064 changes role from CANDIDATE to FOLLOWER at term 3 for DISCOVERED_A_NEW_TERM
2019-08-21 06:49:01,581 [0262ecf8-6c8f-4ee4-a6a4-c79e5aa69523:group-44AD6F369064:LeaderElection17] INFO  impl.RoleInfo (RoleInfo.java:shutdownLeaderElection(134)) - 0262ecf8-6c8f-4ee4-a6a4-c79e5aa69523: shutdown LeaderElection
2019-08-21 06:49:01,581 [0262ecf8-6c8f-4ee4-a6a4-c79e5aa69523:group-44AD6F369064:LeaderElection17] INFO  impl.RoleInfo (RoleInfo.java:updateAndGet(143)) - 0262ecf8-6c8f-4ee4-a6a4-c79e5aa69523: start FollowerState
2019-08-21 06:49:01,651 | INFO  | SCMAudit | user=jenkins1000 | ip=192.168.69.91 | op=SEND_HEARTBEAT {datanodeUUID=f91f7e81-a37c-4e1f-8f5a-fc0399667c81, command=[]} | ret=SUCCESS |  
2019-08-21 06:49:01,736 | INFO  | SCMAudit | user=jenkins1000 | ip=192.168.69.91 | op=SEND_HEARTBEAT {datanodeUUID=44d45b17-37a4-4814-9169-f3c994da35b8, command=[]} | ret=SUCCESS |  
2019-08-21 06:49:02,650 | INFO  | SCMAudit | user=jenkins1000 | ip=192.168.69.91 | op=SEND_HEARTBEAT {datanodeUUID=f91f7e81-a37c-4e1f-8f5a-fc0399667c81, command=[]} | ret=SUCCESS |  
2019-08-21 06:49:02,736 | INFO  | SCMAudit | user=jenkins1000 | ip=192.168.69.91 | op=SEND_HEARTBEAT {datanodeUUID=44d45b17-37a4-4814-9169-f3c994da35b8, command=[]} | ret=SUCCESS |  
2019-08-21 06:49:03,650 | INFO  | SCMAudit | user=jenkins1000 | ip=192.168.69.91 | op=SEND_HEARTBEAT {datanodeUUID=f91f7e81-a37c-4e1f-8f5a-fc0399667c81, command=[]} | ret=SUCCESS |  
2019-08-21 06:49:03,736 | INFO  | SCMAudit | user=jenkins1000 | ip=192.168.69.91 | op=SEND_HEARTBEAT {datanodeUUID=44d45b17-37a4-4814-9169-f3c994da35b8, command=[]} | ret=SUCCESS |  
2019-08-21 06:49:04,651 | INFO  | SCMAudit | user=jenkins1000 | ip=192.168.69.91 | op=SEND_HEARTBEAT {datanodeUUID=f91f7e81-a37c-4e1f-8f5a-fc0399667c81, command=[]} | ret=SUCCESS |  
2019-08-21 06:49:04,735 | INFO  | SCMAudit | user=jenkins1000 | ip=192.168.69.91 | op=SEND_HEARTBEAT {datanodeUUID=44d45b17-37a4-4814-9169-f3c994da35b8, command=[]} | ret=SUCCESS |  
2019-08-21 06:49:05,651 | INFO  | SCMAudit | user=jenkins1000 | ip=192.168.69.91 | op=SEND_HEARTBEAT {datanodeUUID=f91f7e81-a37c-4e1f-8f5a-fc0399667c81, command=[]} | ret=SUCCESS |  
2019-08-21 06:49:05,735 | INFO  | SCMAudit | user=jenkins1000 | ip=192.168.69.91 | op=SEND_HEARTBEAT {datanodeUUID=44d45b17-37a4-4814-9169-f3c994da35b8, command=[]} | ret=SUCCESS |  
2019-08-21 06:49:06,011 [ForkJoinPool.commonPool-worker-0] INFO  ozoneimpl.OzoneContainer (OzoneContainer.java:stop(199)) - Attempting to stop container services.
2019-08-21 06:49:06,012 [ForkJoinPool.commonPool-worker-0] INFO  impl.RaftServerProxy (RaftServerProxy.java:lambda$close$4(314)) - 37e73ba6-504c-42d6-9284-4cd48545e58f: close
2019-08-21 06:49:06,013 [ForkJoinPool.commonPool-worker-0] INFO  impl.RaftServerImpl (RaftServerImpl.java:lambda$shutdown$3(245)) - 37e73ba6-504c-42d6-9284-4cd48545e58f: shutdown group-BFF960FF887F
2019-08-21 06:49:06,013 [ForkJoinPool.commonPool-worker-0] INFO  util.JmxRegister (JmxRegister.java:unregister(73)) - Successfully un-registered JMX Bean with object name Ratis:service=RaftServer,group=group-BFF960FF887F,id=37e73ba6-504c-42d6-9284-4cd48545e58f
2019-08-21 06:49:06,013 [ForkJoinPool.commonPool-worker-0] INFO  impl.RoleInfo (RoleInfo.java:shutdownLeaderState(104)) - 37e73ba6-504c-42d6-9284-4cd48545e58f: shutdown LeaderState
2019-08-21 06:49:06,014 [ForkJoinPool.commonPool-worker-0] INFO  impl.PendingRequests (PendingRequests.java:sendNotLeaderResponses(202)) - 37e73ba6-504c-42d6-9284-4cd48545e58f-PendingRequests: sendNotLeaderResponses
2019-08-21 06:49:06,014 [ForkJoinPool.commonPool-worker-0] INFO  impl.StateMachineUpdater (StateMachineUpdater.java:stopAndJoin(115)) - StateMachineUpdater:37e73ba6-504c-42d6-9284-4cd48545e58f:group-BFF960FF887F: set stopIndex = 0
2019-08-21 06:49:06,014 [ForkJoinPool.commonPool-worker-0] INFO  impl.RaftServerImpl (ServerState.java:close(394)) - 37e73ba6-504c-42d6-9284-4cd48545e58f:group-BFF960FF887F closes. The last applied log index is 0
2019-08-21 06:49:06,015 [37e73ba6-504c-42d6-9284-4cd48545e58f-SegmentedRaftLogWorker:Storage Directory /workdir/hadoop-ozone/integration-test/target/test-dir/MiniOzoneClusterImpl-ad9cffe4-d9dd-4d7e-9292-cb2a09e16687/datanode-2/data/ratis/54e98705-9639-4b1b-b1de-bff960ff887f] INFO  segmented.SegmentedRaftLogWorker (SegmentedRaftLogWorker.java:run(313)) - 37e73ba6-504c-42d6-9284-4cd48545e58f-SegmentedRaftLogWorker:Storage Directory /workdir/hadoop-ozone/integration-test/target/test-dir/MiniOzoneClusterImpl-ad9cffe4-d9dd-4d7e-9292-cb2a09e16687/datanode-2/data/ratis/54e98705-9639-4b1b-b1de-bff960ff887f was interrupted, exiting. There are 0 tasks remaining in the queue.
2019-08-21 06:49:06,022 [ForkJoinPool.commonPool-worker-0] INFO  segmented.SegmentedRaftLogWorker (SegmentedRaftLogWorker.java:close(228)) - 37e73ba6-504c-42d6-9284-4cd48545e58f-SegmentedRaftLogWorker:Storage Directory /workdir/hadoop-ozone/integration-test/target/test-dir/MiniOzoneClusterImpl-ad9cffe4-d9dd-4d7e-9292-cb2a09e16687/datanode-2/data/ratis/54e98705-9639-4b1b-b1de-bff960ff887f close()
2019-08-21 06:49:06,025 [ForkJoinPool.commonPool-worker-0] INFO  impl.RaftServerImpl (RaftServerImpl.java:lambda$shutdown$3(245)) - 37e73ba6-504c-42d6-9284-4cd48545e58f: shutdown group-0360AB03DFD3
2019-08-21 06:49:06,026 [main] INFO  ozoneimpl.OzoneContainer (OzoneContainer.java:stop(199)) - Attempting to stop container services.
2019-08-21 06:49:06,026 [ForkJoinPool.commonPool-worker-0] INFO  util.JmxRegister (JmxRegister.java:unregister(73)) - Successfully un-registered JMX Bean with object name Ratis:service=RaftServer,group=group-0360AB03DFD3,id=37e73ba6-504c-42d6-9284-4cd48545e58f
2019-08-21 06:49:06,026 [main] INFO  impl.RaftServerProxy (RaftServerProxy.java:lambda$close$4(314)) - 0262ecf8-6c8f-4ee4-a6a4-c79e5aa69523: close
2019-08-21 06:49:06,026 [ForkJoinPool.commonPool-worker-0] INFO  impl.RoleInfo (RoleInfo.java:shutdownLeaderState(104)) - 37e73ba6-504c-42d6-9284-4cd48545e58f: shutdown LeaderState
2019-08-21 06:49:06,027 [main] INFO  impl.RaftServerImpl (RaftServerImpl.java:lambda$shutdown$3(245)) - 0262ecf8-6c8f-4ee4-a6a4-c79e5aa69523: shutdown group-44AD6F369064
2019-08-21 06:49:06,029 [org.apache.ratis.server.impl.LogAppender$AppenderDaemon$$Lambda$428/1562640257@72dc00dd] WARN  server.GrpcLogAppender (GrpcLogAppender.java:mayWait(143)) - GrpcLogAppender(37e73ba6-504c-42d6-9284-4cd48545e58f->44d45b17-37a4-4814-9169-f3c994da35b8): Wait interrupted by java.lang.InterruptedException
2019-08-21 06:49:06,031 [main] INFO  util.JmxRegister (JmxRegister.java:unregister(73)) - Successfully un-registered JMX Bean with object name Ratis:service=RaftServer,group=group-44AD6F369064,id=0262ecf8-6c8f-4ee4-a6a4-c79e5aa69523
2019-08-21 06:49:06,029 [ForkJoinPool.commonPool-worker-0] INFO  impl.PendingRequests (PendingRequests.java:sendNotLeaderResponses(202)) - 37e73ba6-504c-42d6-9284-4cd48545e58f-PendingRequests: sendNotLeaderResponses
2019-08-21 06:49:06,031 [main] INFO  impl.RoleInfo (RoleInfo.java:shutdownFollowerState(121)) - 0262ecf8-6c8f-4ee4-a6a4-c79e5aa69523: shutdown FollowerState
2019-08-21 06:49:06,029 [org.apache.ratis.server.impl.LogAppender$AppenderDaemon$$Lambda$428/1562640257@6a063c1e] WARN  server.GrpcLogAppender (GrpcLogAppender.java:mayWait(143)) - GrpcLogAppender(37e73ba6-504c-42d6-9284-4cd48545e58f->f91f7e81-a37c-4e1f-8f5a-fc0399667c81): Wait interrupted by java.lang.InterruptedException
2019-08-21 06:49:06,032 [main] INFO  impl.StateMachineUpdater (StateMachineUpdater.java:stopAndJoin(115)) - StateMachineUpdater:0262ecf8-6c8f-4ee4-a6a4-c79e5aa69523:group-44AD6F369064: set stopIndex = -1
2019-08-21 06:49:06,032 [ForkJoinPool.commonPool-worker-0] INFO  impl.StateMachineUpdater (StateMachineUpdater.java:stopAndJoin(115)) - StateMachineUpdater:37e73ba6-504c-42d6-9284-4cd48545e58f:group-0360AB03DFD3: set stopIndex = 0
2019-08-21 06:49:06,034 [main] INFO  impl.RaftServerImpl (ServerState.java:close(394)) - 0262ecf8-6c8f-4ee4-a6a4-c79e5aa69523:group-44AD6F369064 closes. The last applied log index is -1
2019-08-21 06:49:06,033 [grpc-default-executor-1] INFO  server.GrpcServerProtocolService (GrpcServerProtocolService.java:onCompleted(104)) - f91f7e81-a37c-4e1f-8f5a-fc0399667c81: appendEntries completed
2019-08-21 06:49:06,035 [0262ecf8-6c8f-4ee4-a6a4-c79e5aa69523-SegmentedRaftLogWorker:Storage Directory /workdir/hadoop-ozone/integration-test/target/test-dir/MiniOzoneClusterImpl-ad9cffe4-d9dd-4d7e-9292-cb2a09e16687/datanode-5/data/ratis/e27a1df5-702d-4297-aef3-44ad6f369064] INFO  segmented.SegmentedRaftLogWorker (SegmentedRaftLogWorker.java:run(313)) - 0262ecf8-6c8f-4ee4-a6a4-c79e5aa69523-SegmentedRaftLogWorker:Storage Directory /workdir/hadoop-ozone/integration-test/target/test-dir/MiniOzoneClusterImpl-ad9cffe4-d9dd-4d7e-9292-cb2a09e16687/datanode-5/data/ratis/e27a1df5-702d-4297-aef3-44ad6f369064 was interrupted, exiting. There are 0 tasks remaining in the queue.
2019-08-21 06:49:06,032 [grpc-default-executor-2] INFO  server.GrpcServerProtocolService (GrpcServerProtocolService.java:onCompleted(104)) - 44d45b17-37a4-4814-9169-f3c994da35b8: appendEntries completed
2019-08-21 06:49:06,032 [Thread-354] INFO  impl.FollowerState (FollowerState.java:run(114)) - 0262ecf8-6c8f-4ee4-a6a4-c79e5aa69523: FollowerState was interrupted: java.lang.InterruptedException: sleep interrupted
2019-08-21 06:49:06,035 [main] INFO  segmented.SegmentedRaftLogWorker (SegmentedRaftLogWorker.java:close(228)) - 0262ecf8-6c8f-4ee4-a6a4-c79e5aa69523-SegmentedRaftLogWorker:Storage Directory /workdir/hadoop-ozone/integration-test/target/test-dir/MiniOzoneClusterImpl-ad9cffe4-d9dd-4d7e-9292-cb2a09e16687/datanode-5/data/ratis/e27a1df5-702d-4297-aef3-44ad6f369064 close()
2019-08-21 06:49:06,034 [ForkJoinPool.commonPool-worker-0] INFO  impl.RaftServerImpl (ServerState.java:close(394)) - 37e73ba6-504c-42d6-9284-4cd48545e58f:group-0360AB03DFD3 closes. The last applied log index is 0
2019-08-21 06:49:06,039 [main] INFO  impl.RaftServerImpl (RaftServerImpl.java:lambda$shutdown$3(245)) - 0262ecf8-6c8f-4ee4-a6a4-c79e5aa69523: shutdown group-9A1A706A08FA
2019-08-21 06:49:06,037 [grpc-default-executor-2] INFO  server.GrpcLogAppender (GrpcLogAppender.java:onCompleted(292)) - 37e73ba6-504c-42d6-9284-4cd48545e58f->44d45b17-37a4-4814-9169-f3c994da35b8: follower responses appendEntries COMPLETED
2019-08-21 06:49:06,036 [grpc-default-executor-1] INFO  server.GrpcLogAppender (GrpcLogAppender.java:onCompleted(292)) - 37e73ba6-504c-42d6-9284-4cd48545e58f->f91f7e81-a37c-4e1f-8f5a-fc0399667c81: follower responses appendEntries COMPLETED
2019-08-21 06:49:06,040 [main] INFO  util.JmxRegister (JmxRegister.java:unregister(73)) - Successfully un-registered JMX Bean with object name Ratis:service=RaftServer,group=group-9A1A706A08FA,id=0262ecf8-6c8f-4ee4-a6a4-c79e5aa69523
2019-08-21 06:49:06,039 [37e73ba6-504c-42d6-9284-4cd48545e58f-SegmentedRaftLogWorker:Storage Directory /workdir/hadoop-ozone/integration-test/target/test-dir/MiniOzoneClusterImpl-ad9cffe4-d9dd-4d7e-9292-cb2a09e16687/datanode-2/data/ratis/c1b776b3-200c-4b78-808f-0360ab03dfd3] INFO  segmented.SegmentedRaftLogWorker (SegmentedRaftLogWorker.java:run(313)) - 37e73ba6-504c-42d6-9284-4cd48545e58f-SegmentedRaftLogWorker:Storage Directory /workdir/hadoop-ozone/integration-test/target/test-dir/MiniOzoneClusterImpl-ad9cffe4-d9dd-4d7e-9292-cb2a09e16687/datanode-2/data/ratis/c1b776b3-200c-4b78-808f-0360ab03dfd3 was interrupted, exiting. There are 0 tasks remaining in the queue.
2019-08-21 06:49:06,043 [main] INFO  impl.RoleInfo (RoleInfo.java:shutdownLeaderState(104)) - 0262ecf8-6c8f-4ee4-a6a4-c79e5aa69523: shutdown LeaderState
2019-08-21 06:49:06,045 [ForkJoinPool.commonPool-worker-0] INFO  segmented.SegmentedRaftLogWorker (SegmentedRaftLogWorker.java:close(228)) - 37e73ba6-504c-42d6-9284-4cd48545e58f-SegmentedRaftLogWorker:Storage Directory /workdir/hadoop-ozone/integration-test/target/test-dir/MiniOzoneClusterImpl-ad9cffe4-d9dd-4d7e-9292-cb2a09e16687/datanode-2/data/ratis/c1b776b3-200c-4b78-808f-0360ab03dfd3 close()
2019-08-21 06:49:06,044 [grpc-default-executor-1] INFO  impl.FollowerInfo (FollowerInfo.java:lambda$new$0(50)) - 37e73ba6-504c-42d6-9284-4cd48545e58f->f91f7e81-a37c-4e1f-8f5a-fc0399667c81: nextIndex: updateUnconditionally 1 -> 0
2019-08-21 06:49:06,046 [main] INFO  impl.PendingRequests (PendingRequests.java:sendNotLeaderResponses(202)) - 0262ecf8-6c8f-4ee4-a6a4-c79e5aa69523-PendingRequests: sendNotLeaderResponses
2019-08-21 06:49:06,045 [grpc-default-executor-2] INFO  impl.FollowerInfo (FollowerInfo.java:lambda$new$0(50)) - 37e73ba6-504c-42d6-9284-4cd48545e58f->44d45b17-37a4-4814-9169-f3c994da35b8: nextIndex: updateUnconditionally 1 -> 0
2019-08-21 06:49:06,049 [main] INFO  impl.StateMachineUpdater (StateMachineUpdater.java:stopAndJoin(115)) - StateMachineUpdater:0262ecf8-6c8f-4ee4-a6a4-c79e5aa69523:group-9A1A706A08FA: set stopIndex = 0
2019-08-21 06:49:06,049 [main] INFO  impl.RaftServerImpl (ServerState.java:close(394)) - 0262ecf8-6c8f-4ee4-a6a4-c79e5aa69523:group-9A1A706A08FA closes. The last applied log index is 0
2019-08-21 06:49:06,049 [ForkJoinPool.commonPool-worker-0] INFO  server.GrpcService (GrpcService.java:closeImpl(155)) - 37e73ba6-504c-42d6-9284-4cd48545e58f: shutdown server with port 39695 now
2019-08-21 06:49:06,050 [0262ecf8-6c8f-4ee4-a6a4-c79e5aa69523-SegmentedRaftLogWorker:Storage Directory /workdir/hadoop-ozone/integration-test/target/test-dir/MiniOzoneClusterImpl-ad9cffe4-d9dd-4d7e-9292-cb2a09e16687/datanode-5/data/ratis/7c2b6be7-ba97-478e-9562-9a1a706a08fa] INFO  segmented.SegmentedRaftLogWorker (SegmentedRaftLogWorker.java:run(313)) - 0262ecf8-6c8f-4ee4-a6a4-c79e5aa69523-SegmentedRaftLogWorker:Storage Directory /workdir/hadoop-ozone/integration-test/target/test-dir/MiniOzoneClusterImpl-ad9cffe4-d9dd-4d7e-9292-cb2a09e16687/datanode-5/data/ratis/7c2b6be7-ba97-478e-9562-9a1a706a08fa was interrupted, exiting. There are 0 tasks remaining in the queue.
2019-08-21 06:49:06,051 [main] INFO  segmented.SegmentedRaftLogWorker (SegmentedRaftLogWorker.java:close(228)) - 0262ecf8-6c8f-4ee4-a6a4-c79e5aa69523-SegmentedRaftLogWorker:Storage Directory /workdir/hadoop-ozone/integration-test/target/test-dir/MiniOzoneClusterImpl-ad9cffe4-d9dd-4d7e-9292-cb2a09e16687/datanode-5/data/ratis/7c2b6be7-ba97-478e-9562-9a1a706a08fa close()
2019-08-21 06:49:06,054 [main] INFO  server.GrpcService (GrpcService.java:closeImpl(155)) - 0262ecf8-6c8f-4ee4-a6a4-c79e5aa69523: shutdown server with port 46230 now
2019-08-21 06:49:06,054 [ForkJoinPool.commonPool-worker-0] INFO  server.GrpcService (GrpcService.java:closeImpl(163)) - 37e73ba6-504c-42d6-9284-4cd48545e58f: shutdown server with port 39695 successfully
2019-08-21 06:49:06,057 [main] INFO  server.GrpcService (GrpcService.java:closeImpl(163)) - 0262ecf8-6c8f-4ee4-a6a4-c79e5aa69523: shutdown server with port 46230 successfully
2019-08-21 06:49:06,059 [ForkJoinPool.commonPool-worker-0] INFO  utils.BackgroundService (BackgroundService.java:shutdown(148)) - Shutting down service BlockDeletingService
2019-08-21 06:49:06,059 [main] INFO  utils.BackgroundService (BackgroundService.java:shutdown(148)) - Shutting down service BlockDeletingService
2019-08-21 06:49:06,060 [refreshUsed-/workdir/hadoop-ozone/integration-test/target/test-dir/MiniOzoneClusterImpl-ad9cffe4-d9dd-4d7e-9292-cb2a09e16687/datanode-2/data/containers] WARN  fs.CachingGetSpaceUsed (CachingGetSpaceUsed.java:run(183)) - Thread Interrupted waiting to refresh disk information: sleep interrupted
2019-08-21 06:49:06,061 [refreshUsed-/workdir/hadoop-ozone/integration-test/target/test-dir/MiniOzoneClusterImpl-ad9cffe4-d9dd-4d7e-9292-cb2a09e16687/datanode-5/data/containers] WARN  fs.CachingGetSpaceUsed (CachingGetSpaceUsed.java:run(183)) - Thread Interrupted waiting to refresh disk information: sleep interrupted
2019-08-21 06:49:06,089 [ForkJoinPool.commonPool-worker-0] INFO  statemachine.DatanodeStateMachine (DatanodeStateMachine.java:stopDaemon(395)) - Ozone container server stopped.
2019-08-21 06:49:06,092 [ForkJoinPool.commonPool-worker-0] INFO  handler.ContextHandler (ContextHandler.java:doStop(910)) - Stopped o.e.j.w.WebAppContext@6ee2921d{/,null,UNAVAILABLE}{/hddsDatanode}
2019-08-21 06:49:06,094 [main] INFO  statemachine.DatanodeStateMachine (DatanodeStateMachine.java:stopDaemon(395)) - Ozone container server stopped.
2019-08-21 06:49:06,096 [ForkJoinPool.commonPool-worker-0] INFO  server.AbstractConnector (AbstractConnector.java:doStop(318)) - Stopped ServerConnector@56f4d11e{HTTP/1.1,[http/1.1]}{0.0.0.0:0}
2019-08-21 06:49:06,097 [ForkJoinPool.commonPool-worker-0] INFO  handler.ContextHandler (ContextHandler.java:doStop(910)) - Stopped o.e.j.s.ServletContextHandler@3a4f3114{/static,jar:file:/home/user/.m2/repository/org/apache/hadoop/hadoop-hdds-container-service/0.5.0-SNAPSHOT/hadoop-hdds-container-service-0.5.0-SNAPSHOT.jar!/webapps/static,UNAVAILABLE}
2019-08-21 06:49:06,099 [main] INFO  handler.ContextHandler (ContextHandler.java:doStop(910)) - Stopped o.e.j.w.WebAppContext@29621bd2{/,null,UNAVAILABLE}{/hddsDatanode}
2019-08-21 06:49:06,099 [ForkJoinPool.commonPool-worker-0] INFO  handler.ContextHandler (ContextHandler.java:doStop(910)) - Stopped o.e.j.s.ServletContextHandler@3df1a166{/logs,file:///workdir/hadoop-ozone/integration-test/target/log,UNAVAILABLE}
2019-08-21 06:49:06,100 [main] INFO  server.AbstractConnector (AbstractConnector.java:doStop(318)) - Stopped ServerConnector@29fc1544{HTTP/1.1,[http/1.1]}{0.0.0.0:0}
2019-08-21 06:49:06,100 [ForkJoinPool.commonPool-worker-0] INFO  datanode.ObjectStoreHandler (ObjectStoreHandler.java:close(155)) - Closing ObjectStoreHandler.
2019-08-21 06:49:06,101 [main] INFO  handler.ContextHandler (ContextHandler.java:doStop(910)) - Stopped o.e.j.s.ServletContextHandler@2af83db1{/static,jar:file:/home/user/.m2/repository/org/apache/hadoop/hadoop-hdds-container-service/0.5.0-SNAPSHOT/hadoop-hdds-container-service-0.5.0-SNAPSHOT.jar!/webapps/static,UNAVAILABLE}
2019-08-21 06:49:06,101 [ForkJoinPool.commonPool-worker-0] INFO  ozone.HddsDatanodeService (HddsDatanodeService.java:stop(451)) - Stopped plug-in org.apache.hadoop.ozone.web.OzoneHddsDatanodeService@d77a30e
2019-08-21 06:49:06,102 [main] INFO  handler.ContextHandler (ContextHandler.java:doStop(910)) - Stopped o.e.j.s.ServletContextHandler@18044662{/logs,file:///workdir/hadoop-ozone/integration-test/target/log,UNAVAILABLE}
2019-08-21 06:49:06,103 [main] INFO  datanode.ObjectStoreHandler (ObjectStoreHandler.java:close(155)) - Closing ObjectStoreHandler.
2019-08-21 06:49:06,103 [main] INFO  ozone.HddsDatanodeService (HddsDatanodeService.java:stop(451)) - Stopped plug-in org.apache.hadoop.ozone.web.OzoneHddsDatanodeService@2006feaa
2019-08-21 06:49:06,649 [Datanode State Machine Thread - 0] INFO  statemachine.DatanodeStateMachine (DatanodeStateMachine.java:lambda$startDaemon$0(350)) - Ozone container server started.
2019-08-21 06:49:06,735 [Datanode State Machine Thread - 0] INFO  statemachine.DatanodeStateMachine (DatanodeStateMachine.java:lambda$startDaemon$0(350)) - Ozone container server started.
2019-08-21 06:49:11,103 [ForkJoinPool.commonPool-worker-0] INFO  ozoneimpl.OzoneContainer (OzoneContainer.java:stop(199)) - Attempting to stop container services.
2019-08-21 06:49:11,103 [ForkJoinPool.commonPool-worker-0] INFO  impl.RaftServerProxy (RaftServerProxy.java:lambda$close$4(314)) - f91f7e81-a37c-4e1f-8f5a-fc0399667c81: close
2019-08-21 06:49:11,104 [ForkJoinPool.commonPool-worker-0] INFO  impl.RaftServerImpl (RaftServerImpl.java:lambda$shutdown$3(245)) - f91f7e81-a37c-4e1f-8f5a-fc0399667c81: shutdown group-7C2330778327
2019-08-21 06:49:11,104 [main] INFO  ozoneimpl.OzoneContainer (OzoneContainer.java:stop(199)) - Attempting to stop container services.
2019-08-21 06:49:11,104 [ForkJoinPool.commonPool-worker-0] INFO  util.JmxRegister (JmxRegister.java:unregister(73)) - Successfully un-registered JMX Bean with object name Ratis:service=RaftServer,group=group-7C2330778327,id=f91f7e81-a37c-4e1f-8f5a-fc0399667c81
2019-08-21 06:49:11,105 [main] INFO  impl.RaftServerProxy (RaftServerProxy.java:lambda$close$4(314)) - 44d45b17-37a4-4814-9169-f3c994da35b8: close
2019-08-21 06:49:11,105 [ForkJoinPool.commonPool-worker-0] INFO  impl.RoleInfo (RoleInfo.java:shutdownLeaderState(104)) - f91f7e81-a37c-4e1f-8f5a-fc0399667c81: shutdown LeaderState
2019-08-21 06:49:11,105 [main] INFO  impl.RaftServerImpl (RaftServerImpl.java:lambda$shutdown$3(245)) - 44d45b17-37a4-4814-9169-f3c994da35b8: shutdown group-D20E492A3DA2
2019-08-21 06:49:11,106 [ForkJoinPool.commonPool-worker-0] INFO  impl.PendingRequests (PendingRequests.java:sendNotLeaderResponses(202)) - f91f7e81-a37c-4e1f-8f5a-fc0399667c81-PendingRequests: sendNotLeaderResponses
2019-08-21 06:49:11,106 [main] INFO  util.JmxRegister (JmxRegister.java:unregister(73)) - Successfully un-registered JMX Bean with object name Ratis:service=RaftServer,group=group-D20E492A3DA2,id=44d45b17-37a4-4814-9169-f3c994da35b8
2019-08-21 06:49:11,106 [ForkJoinPool.commonPool-worker-0] INFO  impl.StateMachineUpdater (StateMachineUpdater.java:stopAndJoin(115)) - StateMachineUpdater:f91f7e81-a37c-4e1f-8f5a-fc0399667c81:group-7C2330778327: set stopIndex = 0
2019-08-21 06:49:11,107 [main] INFO  impl.RoleInfo (RoleInfo.java:shutdownLeaderState(104)) - 44d45b17-37a4-4814-9169-f3c994da35b8: shutdown LeaderState
2019-08-21 06:49:11,108 [ForkJoinPool.commonPool-worker-0] INFO  impl.RaftServerImpl (ServerState.java:close(394)) - f91f7e81-a37c-4e1f-8f5a-fc0399667c81:group-7C2330778327 closes. The last applied log index is 0
2019-08-21 06:49:11,109 [main] INFO  impl.PendingRequests (PendingRequests.java:sendNotLeaderResponses(202)) - 44d45b17-37a4-4814-9169-f3c994da35b8-PendingRequests: sendNotLeaderResponses
2019-08-21 06:49:11,109 [f91f7e81-a37c-4e1f-8f5a-fc0399667c81-SegmentedRaftLogWorker:Storage Directory /workdir/hadoop-ozone/integration-test/target/test-dir/MiniOzoneClusterImpl-ad9cffe4-d9dd-4d7e-9292-cb2a09e16687/datanode-0/data/ratis/bd1e9dc7-7370-4260-a323-7c2330778327] INFO  segmented.SegmentedRaftLogWorker (SegmentedRaftLogWorker.java:run(313)) - f91f7e81-a37c-4e1f-8f5a-fc0399667c81-SegmentedRaftLogWorker:Storage Directory /workdir/hadoop-ozone/integration-test/target/test-dir/MiniOzoneClusterImpl-ad9cffe4-d9dd-4d7e-9292-cb2a09e16687/datanode-0/data/ratis/bd1e9dc7-7370-4260-a323-7c2330778327 was interrupted, exiting. There are 0 tasks remaining in the queue.
2019-08-21 06:49:11,109 [main] INFO  impl.StateMachineUpdater (StateMachineUpdater.java:stopAndJoin(115)) - StateMachineUpdater:44d45b17-37a4-4814-9169-f3c994da35b8:group-D20E492A3DA2: set stopIndex = 0
2019-08-21 06:49:11,113 [main] INFO  impl.RaftServerImpl (ServerState.java:close(394)) - 44d45b17-37a4-4814-9169-f3c994da35b8:group-D20E492A3DA2 closes. The last applied log index is 0
2019-08-21 06:49:11,114 [44d45b17-37a4-4814-9169-f3c994da35b8-SegmentedRaftLogWorker:Storage Directory /workdir/hadoop-ozone/integration-test/target/test-dir/MiniOzoneClusterImpl-ad9cffe4-d9dd-4d7e-9292-cb2a09e16687/datanode-4/data/ratis/d85dfc9b-f21b-433d-b42b-d20e492a3da2] INFO  segmented.SegmentedRaftLogWorker (SegmentedRaftLogWorker.java:run(313)) - 44d45b17-37a4-4814-9169-f3c994da35b8-SegmentedRaftLogWorker:Storage Directory /workdir/hadoop-ozone/integration-test/target/test-dir/MiniOzoneClusterImpl-ad9cffe4-d9dd-4d7e-9292-cb2a09e16687/datanode-4/data/ratis/d85dfc9b-f21b-433d-b42b-d20e492a3da2 was interrupted, exiting. There are 0 tasks remaining in the queue.
2019-08-21 06:49:11,122 [main] INFO  segmented.SegmentedRaftLogWorker (SegmentedRaftLogWorker.java:close(228)) - 44d45b17-37a4-4814-9169-f3c994da35b8-SegmentedRaftLogWorker:Storage Directory /workdir/hadoop-ozone/integration-test/target/test-dir/MiniOzoneClusterImpl-ad9cffe4-d9dd-4d7e-9292-cb2a09e16687/datanode-4/data/ratis/d85dfc9b-f21b-433d-b42b-d20e492a3da2 close()
2019-08-21 06:49:11,122 [ForkJoinPool.commonPool-worker-0] INFO  segmented.SegmentedRaftLogWorker (SegmentedRaftLogWorker.java:close(228)) - f91f7e81-a37c-4e1f-8f5a-fc0399667c81-SegmentedRaftLogWorker:Storage Directory /workdir/hadoop-ozone/integration-test/target/test-dir/MiniOzoneClusterImpl-ad9cffe4-d9dd-4d7e-9292-cb2a09e16687/datanode-0/data/ratis/bd1e9dc7-7370-4260-a323-7c2330778327 close()
2019-08-21 06:49:11,124 [main] INFO  impl.RaftServerImpl (RaftServerImpl.java:lambda$shutdown$3(245)) - 44d45b17-37a4-4814-9169-f3c994da35b8: shutdown group-0360AB03DFD3
2019-08-21 06:49:11,125 [ForkJoinPool.commonPool-worker-0] INFO  impl.RaftServerImpl (RaftServerImpl.java:lambda$shutdown$3(245)) - f91f7e81-a37c-4e1f-8f5a-fc0399667c81: shutdown group-0360AB03DFD3
2019-08-21 06:49:11,125 [main] INFO  util.JmxRegister (JmxRegister.java:unregister(73)) - Successfully un-registered JMX Bean with object name Ratis:service=RaftServer,group=group-0360AB03DFD3,id=44d45b17-37a4-4814-9169-f3c994da35b8
2019-08-21 06:49:11,125 [ForkJoinPool.commonPool-worker-0] INFO  util.JmxRegister (JmxRegister.java:unregister(73)) - Successfully un-registered JMX Bean with object name Ratis:service=RaftServer,group=group-0360AB03DFD3,id=f91f7e81-a37c-4e1f-8f5a-fc0399667c81
2019-08-21 06:49:11,126 [main] INFO  impl.RoleInfo (RoleInfo.java:shutdownFollowerState(121)) - 44d45b17-37a4-4814-9169-f3c994da35b8: shutdown FollowerState
2019-08-21 06:49:11,126 [ForkJoinPool.commonPool-worker-0] INFO  impl.RoleInfo (RoleInfo.java:shutdownFollowerState(121)) - f91f7e81-a37c-4e1f-8f5a-fc0399667c81: shutdown FollowerState
2019-08-21 06:49:11,126 [Thread-325] INFO  impl.FollowerState (FollowerState.java:run(114)) - 44d45b17-37a4-4814-9169-f3c994da35b8: FollowerState was interrupted: java.lang.InterruptedException: sleep interrupted
2019-08-21 06:49:11,126 [main] INFO  impl.StateMachineUpdater (StateMachineUpdater.java:stopAndJoin(115)) - StateMachineUpdater:44d45b17-37a4-4814-9169-f3c994da35b8:group-0360AB03DFD3: set stopIndex = 0
2019-08-21 06:49:11,127 [Thread-324] INFO  impl.FollowerState (FollowerState.java:run(114)) - f91f7e81-a37c-4e1f-8f5a-fc0399667c81: FollowerState was interrupted: java.lang.InterruptedException: sleep interrupted
2019-08-21 06:49:11,126 [ForkJoinPool.commonPool-worker-0] INFO  impl.StateMachineUpdater (StateMachineUpdater.java:stopAndJoin(115)) - StateMachineUpdater:f91f7e81-a37c-4e1f-8f5a-fc0399667c81:group-0360AB03DFD3: set stopIndex = 0
2019-08-21 06:49:11,128 [main] INFO  impl.RaftServerImpl (ServerState.java:close(394)) - 44d45b17-37a4-4814-9169-f3c994da35b8:group-0360AB03DFD3 closes. The last applied log index is 0
2019-08-21 06:49:11,129 [ForkJoinPool.commonPool-worker-0] INFO  impl.RaftServerImpl (ServerState.java:close(394)) - f91f7e81-a37c-4e1f-8f5a-fc0399667c81:group-0360AB03DFD3 closes. The last applied log index is 0
2019-08-21 06:49:11,130 [44d45b17-37a4-4814-9169-f3c994da35b8-SegmentedRaftLogWorker:Storage Directory /workdir/hadoop-ozone/integration-test/target/test-dir/MiniOzoneClusterImpl-ad9cffe4-d9dd-4d7e-9292-cb2a09e16687/datanode-4/data/ratis/c1b776b3-200c-4b78-808f-0360ab03dfd3] INFO  segmented.SegmentedRaftLogWorker (SegmentedRaftLogWorker.java:run(313)) - 44d45b17-37a4-4814-9169-f3c994da35b8-SegmentedRaftLogWorker:Storage Directory /workdir/hadoop-ozone/integration-test/target/test-dir/MiniOzoneClusterImpl-ad9cffe4-d9dd-4d7e-9292-cb2a09e16687/datanode-4/data/ratis/c1b776b3-200c-4b78-808f-0360ab03dfd3 was interrupted, exiting. There are 0 tasks remaining in the queue.
2019-08-21 06:49:11,130 [f91f7e81-a37c-4e1f-8f5a-fc0399667c81-SegmentedRaftLogWorker:Storage Directory /workdir/hadoop-ozone/integration-test/target/test-dir/MiniOzoneClusterImpl-ad9cffe4-d9dd-4d7e-9292-cb2a09e16687/datanode-0/data/ratis/c1b776b3-200c-4b78-808f-0360ab03dfd3] INFO  segmented.SegmentedRaftLogWorker (SegmentedRaftLogWorker.java:run(313)) - f91f7e81-a37c-4e1f-8f5a-fc0399667c81-SegmentedRaftLogWorker:Storage Directory /workdir/hadoop-ozone/integration-test/target/test-dir/MiniOzoneClusterImpl-ad9cffe4-d9dd-4d7e-9292-cb2a09e16687/datanode-0/data/ratis/c1b776b3-200c-4b78-808f-0360ab03dfd3 was interrupted, exiting. There are 0 tasks remaining in the queue.
2019-08-21 06:49:11,130 [main] INFO  segmented.SegmentedRaftLogWorker (SegmentedRaftLogWorker.java:close(228)) - 44d45b17-37a4-4814-9169-f3c994da35b8-SegmentedRaftLogWorker:Storage Directory /workdir/hadoop-ozone/integration-test/target/test-dir/MiniOzoneClusterImpl-ad9cffe4-d9dd-4d7e-9292-cb2a09e16687/datanode-4/data/ratis/c1b776b3-200c-4b78-808f-0360ab03dfd3 close()
2019-08-21 06:49:11,130 [ForkJoinPool.commonPool-worker-0] INFO  segmented.SegmentedRaftLogWorker (SegmentedRaftLogWorker.java:close(228)) - f91f7e81-a37c-4e1f-8f5a-fc0399667c81-SegmentedRaftLogWorker:Storage Directory /workdir/hadoop-ozone/integration-test/target/test-dir/MiniOzoneClusterImpl-ad9cffe4-d9dd-4d7e-9292-cb2a09e16687/datanode-0/data/ratis/c1b776b3-200c-4b78-808f-0360ab03dfd3 close()
2019-08-21 06:49:11,132 [main] INFO  server.GrpcService (GrpcService.java:closeImpl(155)) - 44d45b17-37a4-4814-9169-f3c994da35b8: shutdown server with port 46114 now
2019-08-21 06:49:11,133 [ForkJoinPool.commonPool-worker-0] INFO  server.GrpcService (GrpcService.java:closeImpl(155)) - f91f7e81-a37c-4e1f-8f5a-fc0399667c81: shutdown server with port 33512 now
2019-08-21 06:49:11,137 [main] INFO  server.GrpcService (GrpcService.java:closeImpl(163)) - 44d45b17-37a4-4814-9169-f3c994da35b8: shutdown server with port 46114 successfully
2019-08-21 06:49:11,137 [ForkJoinPool.commonPool-worker-0] INFO  server.GrpcService (GrpcService.java:closeImpl(163)) - f91f7e81-a37c-4e1f-8f5a-fc0399667c81: shutdown server with port 33512 successfully
2019-08-21 06:49:11,139 [main] INFO  utils.BackgroundService (BackgroundService.java:shutdown(148)) - Shutting down service BlockDeletingService
2019-08-21 06:49:11,142 [ForkJoinPool.commonPool-worker-0] INFO  utils.BackgroundService (BackgroundService.java:shutdown(148)) - Shutting down service BlockDeletingService
2019-08-21 06:49:11,165 [refreshUsed-/workdir/hadoop-ozone/integration-test/target/test-dir/MiniOzoneClusterImpl-ad9cffe4-d9dd-4d7e-9292-cb2a09e16687/datanode-4/data/containers] WARN  fs.CachingGetSpaceUsed (CachingGetSpaceUsed.java:run(183)) - Thread Interrupted waiting to refresh disk information: sleep interrupted
2019-08-21 06:49:11,165 [refreshUsed-/workdir/hadoop-ozone/integration-test/target/test-dir/MiniOzoneClusterImpl-ad9cffe4-d9dd-4d7e-9292-cb2a09e16687/datanode-0/data/containers] WARN  fs.CachingGetSpaceUsed (CachingGetSpaceUsed.java:run(183)) - Thread Interrupted waiting to refresh disk information: sleep interrupted
2019-08-21 06:49:11,184 [ForkJoinPool.commonPool-worker-0] INFO  statemachine.DatanodeStateMachine (DatanodeStateMachine.java:stopDaemon(395)) - Ozone container server stopped.
2019-08-21 06:49:11,185 [main] INFO  statemachine.DatanodeStateMachine (DatanodeStateMachine.java:stopDaemon(395)) - Ozone container server stopped.
2019-08-21 06:49:11,189 [ForkJoinPool.commonPool-worker-0] INFO  handler.ContextHandler (ContextHandler.java:doStop(910)) - Stopped o.e.j.w.WebAppContext@2644bd9d{/,null,UNAVAILABLE}{/hddsDatanode}
2019-08-21 06:49:11,189 [main] INFO  handler.ContextHandler (ContextHandler.java:doStop(910)) - Stopped o.e.j.w.WebAppContext@185d7a1b{/,null,UNAVAILABLE}{/hddsDatanode}
2019-08-21 06:49:11,189 [ForkJoinPool.commonPool-worker-0] INFO  server.AbstractConnector (AbstractConnector.java:doStop(318)) - Stopped ServerConnector@3fe7fdf{HTTP/1.1,[http/1.1]}{0.0.0.0:0}
2019-08-21 06:49:11,190 [main] INFO  server.AbstractConnector (AbstractConnector.java:doStop(318)) - Stopped ServerConnector@28f20c92{HTTP/1.1,[http/1.1]}{0.0.0.0:0}
2019-08-21 06:49:11,190 [ForkJoinPool.commonPool-worker-0] INFO  handler.ContextHandler (ContextHandler.java:doStop(910)) - Stopped o.e.j.s.ServletContextHandler@6fcce4d7{/static,jar:file:/home/user/.m2/repository/org/apache/hadoop/hadoop-hdds-container-service/0.5.0-SNAPSHOT/hadoop-hdds-container-service-0.5.0-SNAPSHOT.jar!/webapps/static,UNAVAILABLE}
2019-08-21 06:49:11,191 [main] INFO  handler.ContextHandler (ContextHandler.java:doStop(910)) - Stopped o.e.j.s.ServletContextHandler@7efd645{/static,jar:file:/home/user/.m2/repository/org/apache/hadoop/hadoop-hdds-container-service/0.5.0-SNAPSHOT/hadoop-hdds-container-service-0.5.0-SNAPSHOT.jar!/webapps/static,UNAVAILABLE}
2019-08-21 06:49:11,192 [ForkJoinPool.commonPool-worker-0] INFO  handler.ContextHandler (ContextHandler.java:doStop(910)) - Stopped o.e.j.s.ServletContextHandler@7870bd58{/logs,file:///workdir/hadoop-ozone/integration-test/target/log,UNAVAILABLE}
2019-08-21 06:49:11,193 [main] INFO  handler.ContextHandler (ContextHandler.java:doStop(910)) - Stopped o.e.j.s.ServletContextHandler@7378c6b1{/logs,file:///workdir/hadoop-ozone/integration-test/target/log,UNAVAILABLE}
2019-08-21 06:49:11,194 [main] INFO  ozone.MiniOzoneClusterImpl (MiniOzoneClusterImpl.java:stop(353)) - Stopping the StorageContainerManager
2019-08-21 06:49:11,194 [main] INFO  server.StorageContainerManager (StorageContainerManager.java:stop(797)) - Stopping Replication Manager Service.
2019-08-21 06:49:11,194 [main] INFO  container.ReplicationManager (ReplicationManager.java:stop(193)) - Stopping Replication Monitor Thread.
2019-08-21 06:49:11,194 [main] INFO  server.StorageContainerManager (StorageContainerManager.java:stop(804)) - Stopping Lease Manager of the command watchers
2019-08-21 06:49:11,194 [main] INFO  server.StorageContainerManager (StorageContainerManager.java:stop(811)) - Stopping datanode service RPC server
2019-08-21 06:49:11,195 [main] INFO  server.SCMDatanodeProtocolServer (SCMDatanodeProtocolServer.java:stop(367)) - Stopping the RPC server for DataNodes
2019-08-21 06:49:11,195 [main] INFO  ipc.Server (Server.java:stop(3082)) - Stopping server on 38542
2019-08-21 06:49:11,196 [IPC Server listener on 38542] INFO  ipc.Server (Server.java:run(1185)) - Stopping IPC Server listener on 38542
2019-08-21 06:49:11,197 [IPC Server Responder] INFO  ipc.Server (Server.java:run(1319)) - Stopping IPC Server Responder
2019-08-21 06:49:11,583 [SCM Heartbeat Processing Thread - 0] WARN  node.NodeStateManager (NodeStateManager.java:scheduleNextHealthCheck(646)) - Current Thread is interrupted, shutting down HB processing thread for Node Manager.
2019-08-21 06:49:11,583 [main] INFO  server.StorageContainerManager (StorageContainerManager.java:stop(819)) - Stopping block service RPC server
2019-08-21 06:49:11,583 [main] INFO  server.SCMBlockProtocolServer (SCMBlockProtocolServer.java:stop(148)) - Stopping the RPC server for Block Protocol
2019-08-21 06:49:11,584 [main] INFO  ipc.Server (Server.java:stop(3082)) - Stopping server on 40748
2019-08-21 06:49:11,586 [IPC Server listener on 40748] INFO  ipc.Server (Server.java:run(1185)) - Stopping IPC Server listener on 40748
2019-08-21 06:49:11,586 [IPC Server Responder] INFO  ipc.Server (Server.java:run(1319)) - Stopping IPC Server Responder
2019-08-21 06:49:11,586 [main] INFO  server.StorageContainerManager (StorageContainerManager.java:stop(826)) - Stopping the StorageContainerLocationProtocol RPC server
2019-08-21 06:49:11,587 [main] INFO  server.SCMClientProtocolServer (SCMClientProtocolServer.java:stop(159)) - Stopping the RPC server for Client Protocol
2019-08-21 06:49:11,587 [main] INFO  ipc.Server (Server.java:stop(3082)) - Stopping server on 33333
2019-08-21 06:49:11,589 [IPC Server listener on 33333] INFO  ipc.Server (Server.java:run(1185)) - Stopping IPC Server listener on 33333
2019-08-21 06:49:11,589 [main] INFO  server.StorageContainerManager (StorageContainerManager.java:stop(833)) - Stopping Storage Container Manager HTTP server.
2019-08-21 06:49:11,589 [IPC Server Responder] INFO  ipc.Server (Server.java:run(1319)) - Stopping IPC Server Responder
2019-08-21 06:49:11,590 [main] INFO  handler.ContextHandler (ContextHandler.java:doStop(910)) - Stopped o.e.j.w.WebAppContext@1e2965c8{/,null,UNAVAILABLE}{/scm}
2019-08-21 06:49:11,591 [main] INFO  server.AbstractConnector (AbstractConnector.java:doStop(318)) - Stopped ServerConnector@2101da7f{HTTP/1.1,[http/1.1]}{0.0.0.0:0}
2019-08-21 06:49:11,592 [main] INFO  handler.ContextHandler (ContextHandler.java:doStop(910)) - Stopped o.e.j.s.ServletContextHandler@56cc5da2{/static,file:///workdir/hadoop-ozone/integration-test/target/test-classes/webapps/static,UNAVAILABLE}
2019-08-21 06:49:11,592 [main] INFO  handler.ContextHandler (ContextHandler.java:doStop(910)) - Stopped o.e.j.s.ServletContextHandler@25fc3b1d{/logs,file:///workdir/hadoop-ozone/integration-test/target/log,UNAVAILABLE}
2019-08-21 06:49:11,593 [main] INFO  server.StorageContainerManager (StorageContainerManager.java:stop(844)) - Stopping Block Manager Service.
2019-08-21 06:49:11,593 [main] INFO  utils.BackgroundService (BackgroundService.java:shutdown(148)) - Shutting down service SCMBlockDeletingService
2019-08-21 06:49:11,594 [main] INFO  utils.BackgroundService (BackgroundService.java:shutdown(148)) - Shutting down service SCMBlockDeletingService
2019-08-21 06:49:11,595 [main] INFO  server.StorageContainerManager (StorageContainerManager.java:stop(866)) - Stopping SCM Event Queue.
2019-08-21 06:49:11,600 [main] INFO  impl.MetricsSystemImpl (MetricsSystemImpl.java:stop(210)) - Stopping HddsDatanode metrics system...
2019-08-21 06:49:11,607 [main] INFO  impl.MetricsSystemImpl (MetricsSystemImpl.java:stop(216)) - HddsDatanode metrics system stopped.
]]></system-out>
    <system-err><![CDATA[Aug 21, 2019 6:48:30 AM com.sun.jersey.server.impl.application.WebApplicationImpl _initiate
INFO: Initiating Jersey application, version 'Jersey: 1.19 02/11/2015 03:25 AM'
Aug 21, 2019 6:48:31 AM com.sun.jersey.server.impl.application.WebApplicationImpl _initiate
INFO: Initiating Jersey application, version 'Jersey: 1.19 02/11/2015 03:25 AM'
Aug 21, 2019 6:48:32 AM com.sun.jersey.server.impl.application.WebApplicationImpl _initiate
INFO: Initiating Jersey application, version 'Jersey: 1.19 02/11/2015 03:25 AM'
Aug 21, 2019 6:48:32 AM com.sun.jersey.server.impl.application.WebApplicationImpl _initiate
INFO: Initiating Jersey application, version 'Jersey: 1.19 02/11/2015 03:25 AM'
Aug 21, 2019 6:48:32 AM com.sun.jersey.server.impl.application.WebApplicationImpl _initiate
INFO: Initiating Jersey application, version 'Jersey: 1.19 02/11/2015 03:25 AM'
Aug 21, 2019 6:48:32 AM com.sun.jersey.server.impl.application.WebApplicationImpl _initiate
INFO: Initiating Jersey application, version 'Jersey: 1.19 02/11/2015 03:25 AM'
]]></system-err>
  </testcase>
  <testcase name="testPipelineCreationOnNodeRestart" classname="org.apache.hadoop.hdds.scm.pipeline.TestRatisPipelineCreateAndDestory" time="40.22"/>
</testsuite>