<?xml version="1.0" encoding="UTF-8"?>
<testsuite xmlns:xsi="http://www.w3.org/2001/XMLSchema-instance" xsi:noNamespaceSchemaLocation="https://maven.apache.org/surefire/maven-surefire-plugin/xsd/surefire-test-report.xsd" name="org.apache.hadoop.ozone.client.rpc.TestOzoneClientRetriesOnException" time="381.077" tests="2" errors="1" skipped="0" failures="0">
  <properties>
    <property name="awt.toolkit" value="sun.awt.X11.XToolkit"/>
    <property name="file.encoding.pkg" value="sun.io"/>
    <property name="java.specification.version" value="1.8"/>
    <property name="sun.cpu.isalist" value=""/>
    <property name="sun.jnu.encoding" value="UTF-8"/>
    <property name="java.class.path" value="/workdir/hadoop-ozone/integration-test/target/test-classes:/workdir/hadoop-ozone/integration-test/target/classes:/home/user/.m2/repository/org/apache/hadoop/hadoop-ozone-common/0.5.0-SNAPSHOT/hadoop-ozone-common-0.5.0-SNAPSHOT.jar:/home/user/.m2/repository/org/apache/commons/commons-compress/1.4.1/commons-compress-1.4.1.jar:/home/user/.m2/repository/org/tukaani/xz/1.0/xz-1.0.jar:/home/user/.m2/repository/org/apache/hadoop/hadoop-common/3.2.0/hadoop-common-3.2.0.jar:/home/user/.m2/repository/org/apache/hadoop/hadoop-hdfs/3.2.0/hadoop-hdfs-3.2.0.jar:/home/user/.m2/repository/org/apache/hadoop/hadoop-hdfs-client/3.2.0/hadoop-hdfs-client-3.2.0.jar:/home/user/.m2/repository/com/fasterxml/jackson/core/jackson-annotations/2.9.5/jackson-annotations-2.9.5.jar:/home/user/.m2/repository/org/apache/hadoop/hadoop-hdds-common/0.5.0-SNAPSHOT/hadoop-hdds-common-0.5.0-SNAPSHOT.jar:/home/user/.m2/repository/javax/annotation/javax.annotation-api/1.2/javax.annotation-api-1.2.jar:/home/user/.m2/repository/org/apache/ratis/ratis-server/0.4.0-2337318-SNAPSHOT/ratis-server-0.4.0-2337318-SNAPSHOT.jar:/home/user/.m2/repository/org/apache/ratis/ratis-thirdparty-misc/0.2.0/ratis-thirdparty-misc-0.2.0.jar:/home/user/.m2/repository/org/apache/ratis/ratis-proto/0.4.0-2337318-SNAPSHOT/ratis-proto-0.4.0-2337318-SNAPSHOT.jar:/home/user/.m2/repository/org/apache/ratis/ratis-common/0.4.0-2337318-SNAPSHOT/ratis-common-0.4.0-2337318-SNAPSHOT.jar:/home/user/.m2/repository/org/apache/ratis/ratis-client/0.4.0-2337318-SNAPSHOT/ratis-client-0.4.0-2337318-SNAPSHOT.jar:/home/user/.m2/repository/org/apache/ratis/ratis-metrics/0.4.0-2337318-SNAPSHOT/ratis-metrics-0.4.0-2337318-SNAPSHOT.jar:/home/user/.m2/repository/org/apache/ratis/ratis-netty/0.4.0-2337318-SNAPSHOT/ratis-netty-0.4.0-2337318-SNAPSHOT.jar:/home/user/.m2/repository/org/apache/ratis/ratis-grpc/0.4.0-2337318-SNAPSHOT/ratis-grpc-0.4.0-2337318-SNAPSHOT.jar:/home/user/.m2/repository/org/rocksdb/rocksdbjni/6.0.1/rocksdbjni-6.0.1.jar:/home/user/.m2/repository/org/apache/logging/log4j/log4j-api/2.11.0/log4j-api-2.11.0.jar:/home/user/.m2/repository/org/apache/logging/log4j/log4j-core/2.11.0/log4j-core-2.11.0.jar:/home/user/.m2/repository/com/lmax/disruptor/3.4.2/disruptor-3.4.2.jar:/home/user/.m2/repository/org/apache/commons/commons-pool2/2.6.0/commons-pool2-2.6.0.jar:/home/user/.m2/repository/org/bouncycastle/bcpkix-jdk15on/1.60/bcpkix-jdk15on-1.60.jar:/home/user/.m2/repository/commons-validator/commons-validator/1.6/commons-validator-1.6.jar:/home/user/.m2/repository/commons-digester/commons-digester/1.8.1/commons-digester-1.8.1.jar:/home/user/.m2/repository/io/jaegertracing/jaeger-client/0.33.1/jaeger-client-0.33.1.jar:/home/user/.m2/repository/io/jaegertracing/jaeger-thrift/0.33.1/jaeger-thrift-0.33.1.jar:/home/user/.m2/repository/org/apache/thrift/libthrift/0.11.0/libthrift-0.11.0.jar:/home/user/.m2/repository/com/squareup/okhttp3/okhttp/3.9.0/okhttp-3.9.0.jar:/home/user/.m2/repository/com/squareup/okio/okio/1.13.0/okio-1.13.0.jar:/home/user/.m2/repository/io/jaegertracing/jaeger-core/0.33.1/jaeger-core-0.33.1.jar:/home/user/.m2/repository/io/jaegertracing/jaeger-tracerresolver/0.33.1/jaeger-tracerresolver-0.33.1.jar:/home/user/.m2/repository/io/opentracing/contrib/opentracing-tracerresolver/0.1.5/opentracing-tracerresolver-0.1.5.jar:/home/user/.m2/repository/io/opentracing/opentracing-util/0.31.0/opentracing-util-0.31.0.jar:/home/user/.m2/repository/io/opentracing/opentracing-api/0.31.0/opentracing-api-0.31.0.jar:/home/user/.m2/repository/io/opentracing/opentracing-noop/0.31.0/opentracing-noop-0.31.0.jar:/home/user/.m2/repository/org/apache/hadoop/hadoop-hdds-server-framework/0.5.0-SNAPSHOT/hadoop-hdds-server-framework-0.5.0-SNAPSHOT.jar:/home/user/.m2/repository/org/apache/hadoop/hadoop-hdds-container-service/0.5.0-SNAPSHOT/hadoop-hdds-container-service-0.5.0-SNAPSHOT.jar:/home/user/.m2/repository/org/apache/hadoop/hadoop-hdds-client/0.5.0-SNAPSHOT/hadoop-hdds-client-0.5.0-SNAPSHOT.jar:/home/user/.m2/repository/org/apache/hadoop/hadoop-hdds-tools/0.5.0-SNAPSHOT/hadoop-hdds-tools-0.5.0-SNAPSHOT.jar:/home/user/.m2/repository/org/apache/hadoop/hadoop-hdds-server-scm/0.5.0-SNAPSHOT/hadoop-hdds-server-scm-0.5.0-SNAPSHOT.jar:/home/user/.m2/repository/org/apache/hadoop/hadoop-hdds-docs/0.5.0-SNAPSHOT/hadoop-hdds-docs-0.5.0-SNAPSHOT.jar:/home/user/.m2/repository/io/dropwizard/metrics/metrics-core/3.2.4/metrics-core-3.2.4.jar:/home/user/.m2/repository/org/hamcrest/hamcrest-all/1.3/hamcrest-all-1.3.jar:/home/user/.m2/repository/org/bouncycastle/bcprov-jdk15on/1.60/bcprov-jdk15on-1.60.jar:/home/user/.m2/repository/info/picocli/picocli/3.9.6/picocli-3.9.6.jar:/home/user/.m2/repository/com/google/protobuf/protobuf-java/2.5.0/protobuf-java-2.5.0.jar:/home/user/.m2/repository/com/google/guava/guava/11.0.2/guava-11.0.2.jar:/home/user/.m2/repository/org/apache/hadoop/hadoop-ozone-ozone-manager/0.5.0-SNAPSHOT/hadoop-ozone-ozone-manager-0.5.0-SNAPSHOT.jar:/home/user/.m2/repository/org/apache/hadoop/hadoop-minikdc/3.2.0/hadoop-minikdc-3.2.0.jar:/home/user/.m2/repository/commons-io/commons-io/2.5/commons-io-2.5.jar:/home/user/.m2/repository/org/apache/kerby/kerb-simplekdc/1.0.1/kerb-simplekdc-1.0.1.jar:/home/user/.m2/repository/org/apache/kerby/kerb-client/1.0.1/kerb-client-1.0.1.jar:/home/user/.m2/repository/org/apache/kerby/kerby-config/1.0.1/kerby-config-1.0.1.jar:/home/user/.m2/repository/org/apache/kerby/kerb-core/1.0.1/kerb-core-1.0.1.jar:/home/user/.m2/repository/org/apache/kerby/kerby-pkix/1.0.1/kerby-pkix-1.0.1.jar:/home/user/.m2/repository/org/apache/kerby/kerby-asn1/1.0.1/kerby-asn1-1.0.1.jar:/home/user/.m2/repository/org/apache/kerby/kerby-util/1.0.1/kerby-util-1.0.1.jar:/home/user/.m2/repository/org/apache/kerby/kerb-common/1.0.1/kerb-common-1.0.1.jar:/home/user/.m2/repository/org/apache/kerby/kerb-crypto/1.0.1/kerb-crypto-1.0.1.jar:/home/user/.m2/repository/org/apache/kerby/kerb-util/1.0.1/kerb-util-1.0.1.jar:/home/user/.m2/repository/org/apache/kerby/token-provider/1.0.1/token-provider-1.0.1.jar:/home/user/.m2/repository/org/apache/kerby/kerb-admin/1.0.1/kerb-admin-1.0.1.jar:/home/user/.m2/repository/org/apache/kerby/kerb-server/1.0.1/kerb-server-1.0.1.jar:/home/user/.m2/repository/org/apache/kerby/kerb-identity/1.0.1/kerb-identity-1.0.1.jar:/home/user/.m2/repository/org/apache/kerby/kerby-xdr/1.0.1/kerby-xdr-1.0.1.jar:/home/user/.m2/repository/org/slf4j/slf4j-log4j12/1.7.25/slf4j-log4j12-1.7.25.jar:/home/user/.m2/repository/org/apache/hadoop/hadoop-ozone-objectstore-service/0.5.0-SNAPSHOT/hadoop-ozone-objectstore-service-0.5.0-SNAPSHOT.jar:/home/user/.m2/repository/org/apache/hadoop/hadoop-ozone-s3gateway/0.5.0-SNAPSHOT/hadoop-ozone-s3gateway-0.5.0-SNAPSHOT.jar:/home/user/.m2/repository/org/jboss/weld/servlet/weld-servlet/2.4.7.Final/weld-servlet-2.4.7.Final.jar:/home/user/.m2/repository/org/glassfish/jersey/containers/jersey-container-servlet-core/2.27/jersey-container-servlet-core-2.27.jar:/home/user/.m2/repository/org/glassfish/hk2/external/javax.inject/2.5.0-b42/javax.inject-2.5.0-b42.jar:/home/user/.m2/repository/org/glassfish/jersey/core/jersey-common/2.27/jersey-common-2.27.jar:/home/user/.m2/repository/org/glassfish/hk2/osgi-resource-locator/1.0.1/osgi-resource-locator-1.0.1.jar:/home/user/.m2/repository/javax/ws/rs/javax.ws.rs-api/2.1/javax.ws.rs-api-2.1.jar:/home/user/.m2/repository/org/glassfish/jersey/ext/cdi/jersey-cdi1x/2.27/jersey-cdi1x-2.27.jar:/home/user/.m2/repository/org/glassfish/jersey/inject/jersey-hk2/2.27/jersey-hk2-2.27.jar:/home/user/.m2/repository/org/glassfish/hk2/hk2-locator/2.5.0-b42/hk2-locator-2.5.0-b42.jar:/home/user/.m2/repository/org/javassist/javassist/3.22.0-CR2/javassist-3.22.0-CR2.jar:/home/user/.m2/repository/org/glassfish/hk2/hk2-api/2.5.0/hk2-api-2.5.0.jar:/home/user/.m2/repository/org/glassfish/hk2/external/jakarta.inject/2.5.0/jakarta.inject-2.5.0.jar:/home/user/.m2/repository/org/glassfish/hk2/hk2-utils/2.5.0/hk2-utils-2.5.0.jar:/home/user/.m2/repository/jakarta/annotation/jakarta.annotation-api/1.3.4/jakarta.annotation-api-1.3.4.jar:/home/user/.m2/repository/org/glassfish/hk2/external/aopalliance-repackaged/2.5.0/aopalliance-repackaged-2.5.0.jar:/home/user/.m2/repository/com/fasterxml/jackson/dataformat/jackson-dataformat-xml/2.9.0/jackson-dataformat-xml-2.9.0.jar:/home/user/.m2/repository/com/fasterxml/jackson/core/jackson-core/2.9.5/jackson-core-2.9.5.jar:/home/user/.m2/repository/com/fasterxml/jackson/module/jackson-module-jaxb-annotations/2.9.5/jackson-module-jaxb-annotations-2.9.5.jar:/home/user/.m2/repository/javax/enterprise/cdi-api/1.2/cdi-api-1.2.jar:/home/user/.m2/repository/javax/el/javax.el-api/3.0.0/javax.el-api-3.0.0.jar:/home/user/.m2/repository/javax/interceptor/javax.interceptor-api/1.2/javax.interceptor-api-1.2.jar:/home/user/.m2/repository/javax/inject/javax.inject/1/javax.inject-1.jar:/home/user/.m2/repository/com/sun/xml/bind/jaxb-impl/2.3.0.1/jaxb-impl-2.3.0.1.jar:/home/user/.m2/repository/com/sun/xml/bind/jaxb-core/2.3.0.1/jaxb-core-2.3.0.1.jar:/home/user/.m2/repository/javax/xml/bind/jaxb-api/2.3.0/jaxb-api-2.3.0.jar:/home/user/.m2/repository/javax/activation/activation/1.1.1/activation-1.1.1.jar:/home/user/.m2/repository/org/apache/hadoop/hadoop-ozone-csi/0.5.0-SNAPSHOT/hadoop-ozone-csi-0.5.0-SNAPSHOT.jar:/home/user/.m2/repository/com/google/protobuf/protobuf-java-util/3.5.1/protobuf-java-util-3.5.1.jar:/home/user/.m2/repository/org/apache/hadoop/hadoop-hdds-config/0.5.0-SNAPSHOT/hadoop-hdds-config-0.5.0-SNAPSHOT.jar:/home/user/.m2/repository/io/grpc/grpc-netty/1.17.1/grpc-netty-1.17.1.jar:/home/user/.m2/repository/io/grpc/grpc-core/1.17.1/grpc-core-1.17.1.jar:/home/user/.m2/repository/io/grpc/grpc-context/1.17.1/grpc-context-1.17.1.jar:/home/user/.m2/repository/com/google/errorprone/error_prone_annotations/2.2.0/error_prone_annotations-2.2.0.jar:/home/user/.m2/repository/org/codehaus/mojo/animal-sniffer-annotations/1.17/animal-sniffer-annotations-1.17.jar:/home/user/.m2/repository/io/opencensus/opencensus-api/0.17.0/opencensus-api-0.17.0.jar:/home/user/.m2/repository/io/opencensus/opencensus-contrib-grpc-metrics/0.17.0/opencensus-contrib-grpc-metrics-0.17.0.jar:/home/user/.m2/repository/io/netty/netty-codec-http2/4.1.30.Final/netty-codec-http2-4.1.30.Final.jar:/home/user/.m2/repository/io/netty/netty-codec-http/4.1.30.Final/netty-codec-http-4.1.30.Final.jar:/home/user/.m2/repository/io/netty/netty-codec/4.1.30.Final/netty-codec-4.1.30.Final.jar:/home/user/.m2/repository/io/netty/netty-handler/4.1.30.Final/netty-handler-4.1.30.Final.jar:/home/user/.m2/repository/io/netty/netty-handler-proxy/4.1.30.Final/netty-handler-proxy-4.1.30.Final.jar:/home/user/.m2/repository/io/netty/netty-codec-socks/4.1.30.Final/netty-codec-socks-4.1.30.Final.jar:/home/user/.m2/repository/io/netty/netty-transport-native-epoll/4.1.30.Final/netty-transport-native-epoll-4.1.30.Final.jar:/home/user/.m2/repository/io/netty/netty-common/4.1.30.Final/netty-common-4.1.30.Final.jar:/home/user/.m2/repository/io/netty/netty-buffer/4.1.30.Final/netty-buffer-4.1.30.Final.jar:/home/user/.m2/repository/io/netty/netty-transport/4.1.30.Final/netty-transport-4.1.30.Final.jar:/home/user/.m2/repository/io/netty/netty-resolver/4.1.30.Final/netty-resolver-4.1.30.Final.jar:/home/user/.m2/repository/io/netty/netty-transport-native-unix-common/4.1.30.Final/netty-transport-native-unix-common-4.1.30.Final.jar:/home/user/.m2/repository/io/grpc/grpc-protobuf/1.17.1/grpc-protobuf-1.17.1.jar:/home/user/.m2/repository/com/google/api/grpc/proto-google-common-protos/1.0.0/proto-google-common-protos-1.0.0.jar:/home/user/.m2/repository/io/grpc/grpc-protobuf-lite/1.17.1/grpc-protobuf-lite-1.17.1.jar:/home/user/.m2/repository/io/grpc/grpc-stub/1.17.1/grpc-stub-1.17.1.jar:/home/user/.m2/repository/org/apache/hadoop/hadoop-ozone-recon/0.5.0-SNAPSHOT/hadoop-ozone-recon-0.5.0-SNAPSHOT.jar:/home/user/.m2/repository/org/apache/hadoop/hadoop-ozone-reconcodegen/0.5.0-SNAPSHOT/hadoop-ozone-reconcodegen-0.5.0-SNAPSHOT.jar:/home/user/.m2/repository/com/google/inject/extensions/guice-multibindings/4.0/guice-multibindings-4.0.jar:/home/user/.m2/repository/com/google/inject/guice/4.0/guice-4.0.jar:/home/user/.m2/repository/aopalliance/aopalliance/1.0/aopalliance-1.0.jar:/home/user/.m2/repository/com/google/inject/extensions/guice-servlet/4.0/guice-servlet-4.0.jar:/home/user/.m2/repository/org/glassfish/jersey/containers/jersey-container-servlet/2.27/jersey-container-servlet-2.27.jar:/home/user/.m2/repository/org/glassfish/hk2/guice-bridge/2.5.0/guice-bridge-2.5.0.jar:/home/user/.m2/repository/org/glassfish/jersey/core/jersey-server/2.27/jersey-server-2.27.jar:/home/user/.m2/repository/org/glassfish/jersey/core/jersey-client/2.27/jersey-client-2.27.jar:/home/user/.m2/repository/org/glassfish/jersey/media/jersey-media-jaxb/2.27/jersey-media-jaxb-2.27.jar:/home/user/.m2/repository/javax/validation/validation-api/1.1.0.Final/validation-api-1.1.0.Final.jar:/home/user/.m2/repository/org/glassfish/jersey/media/jersey-media-json-jackson/2.27/jersey-media-json-jackson-2.27.jar:/home/user/.m2/repository/org/glassfish/jersey/ext/jersey-entity-filtering/2.27/jersey-entity-filtering-2.27.jar:/home/user/.m2/repository/com/google/inject/extensions/guice-assistedinject/4.0/guice-assistedinject-4.0.jar:/home/user/.m2/repository/org/jooq/jooq/3.11.10/jooq-3.11.10.jar:/home/user/.m2/repository/org/jooq/jooq-meta/3.11.10/jooq-meta-3.11.10.jar:/home/user/.m2/repository/org/jooq/jooq-codegen/3.11.10/jooq-codegen-3.11.10.jar:/home/user/.m2/repository/com/jolbox/bonecp/0.8.0.RELEASE/bonecp-0.8.0.RELEASE.jar:/home/user/.m2/repository/org/xerial/sqlite-jdbc/3.25.2/sqlite-jdbc-3.25.2.jar:/home/user/.m2/repository/org/springframework/spring-jdbc/5.1.3.RELEASE/spring-jdbc-5.1.3.RELEASE.jar:/home/user/.m2/repository/org/springframework/spring-beans/5.1.3.RELEASE/spring-beans-5.1.3.RELEASE.jar:/home/user/.m2/repository/org/springframework/spring-core/5.1.3.RELEASE/spring-core-5.1.3.RELEASE.jar:/home/user/.m2/repository/org/springframework/spring-jcl/5.1.3.RELEASE/spring-jcl-5.1.3.RELEASE.jar:/home/user/.m2/repository/org/springframework/spring-tx/5.1.3.RELEASE/spring-tx-5.1.3.RELEASE.jar:/home/user/.m2/repository/org/apache/hadoop/hadoop-ozone-client/0.5.0-SNAPSHOT/hadoop-ozone-client-0.5.0-SNAPSHOT.jar:/home/user/.m2/repository/commons-lang/commons-lang/2.6/commons-lang-2.6.jar:/home/user/.m2/repository/org/apache/hadoop/hadoop-ozone-ozone-manager/0.5.0-SNAPSHOT/hadoop-ozone-ozone-manager-0.5.0-SNAPSHOT-tests.jar:/home/user/.m2/repository/junit/junit/4.11/junit-4.11.jar:/home/user/.m2/repository/org/hamcrest/hamcrest-core/1.3/hamcrest-core-1.3.jar:/home/user/.m2/repository/org/openjdk/jmh/jmh-core/1.19/jmh-core-1.19.jar:/home/user/.m2/repository/net/sf/jopt-simple/jopt-simple/4.6/jopt-simple-4.6.jar:/home/user/.m2/repository/org/apache/commons/commons-math3/3.1.1/commons-math3-3.1.1.jar:/home/user/.m2/repository/org/openjdk/jmh/jmh-generator-annprocess/1.19/jmh-generator-annprocess-1.19.jar:/home/user/.m2/repository/org/mockito/mockito-all/1.8.5/mockito-all-1.8.5.jar:/home/user/.m2/repository/org/apache/hadoop/hadoop-kms/3.2.0/hadoop-kms-3.2.0.jar:/home/user/.m2/repository/org/apache/hadoop/hadoop-auth/3.2.0/hadoop-auth-3.2.0.jar:/home/user/.m2/repository/com/nimbusds/nimbus-jose-jwt/4.41.1/nimbus-jose-jwt-4.41.1.jar:/home/user/.m2/repository/com/github/stephenc/jcip/jcip-annotations/1.0-1/jcip-annotations-1.0-1.jar:/home/user/.m2/repository/net/minidev/json-smart/2.3/json-smart-2.3.jar:/home/user/.m2/repository/net/minidev/accessors-smart/1.2/accessors-smart-1.2.jar:/home/user/.m2/repository/org/ow2/asm/asm/5.0.4/asm-5.0.4.jar:/home/user/.m2/repository/org/apache/curator/curator-framework/2.12.0/curator-framework-2.12.0.jar:/home/user/.m2/repository/com/sun/jersey/jersey-core/1.19/jersey-core-1.19.jar:/home/user/.m2/repository/javax/ws/rs/jsr311-api/1.1.1/jsr311-api-1.1.1.jar:/home/user/.m2/repository/com/sun/jersey/jersey-server/1.19/jersey-server-1.19.jar:/home/user/.m2/repository/javax/servlet/javax.servlet-api/3.1.0/javax.servlet-api-3.1.0.jar:/home/user/.m2/repository/org/eclipse/jetty/jetty-server/9.3.24.v20180605/jetty-server-9.3.24.v20180605.jar:/home/user/.m2/repository/org/eclipse/jetty/jetty-http/9.3.24.v20180605/jetty-http-9.3.24.v20180605.jar:/home/user/.m2/repository/org/eclipse/jetty/jetty-io/9.3.24.v20180605/jetty-io-9.3.24.v20180605.jar:/home/user/.m2/repository/org/eclipse/jetty/jetty-webapp/9.3.24.v20180605/jetty-webapp-9.3.24.v20180605.jar:/home/user/.m2/repository/org/eclipse/jetty/jetty-xml/9.3.24.v20180605/jetty-xml-9.3.24.v20180605.jar:/home/user/.m2/repository/log4j/log4j/1.2.17/log4j-1.2.17.jar:/home/user/.m2/repository/org/slf4j/slf4j-api/1.7.25/slf4j-api-1.7.25.jar:/home/user/.m2/repository/org/slf4j/jul-to-slf4j/1.7.25/jul-to-slf4j-1.7.25.jar:/home/user/.m2/repository/org/eclipse/jetty/jetty-util/9.3.24.v20180605/jetty-util-9.3.24.v20180605.jar:/home/user/.m2/repository/com/fasterxml/jackson/core/jackson-databind/2.9.5/jackson-databind-2.9.5.jar:/home/user/.m2/repository/org/apache/hadoop/hadoop-kms/3.2.0/hadoop-kms-3.2.0-tests.jar:/home/user/.m2/repository/org/apache/hadoop/hadoop-hdds-server-scm/0.5.0-SNAPSHOT/hadoop-hdds-server-scm-0.5.0-SNAPSHOT-tests.jar:/home/user/.m2/repository/org/apache/hadoop/hadoop-hdds-container-service/0.5.0-SNAPSHOT/hadoop-hdds-container-service-0.5.0-SNAPSHOT-tests.jar:/home/user/.m2/repository/org/yaml/snakeyaml/1.16/snakeyaml-1.16.jar:/home/user/.m2/repository/org/apache/hadoop/hadoop-common/3.2.0/hadoop-common-3.2.0-tests.jar:/home/user/.m2/repository/org/apache/hadoop/hadoop-annotations/3.2.0/hadoop-annotations-3.2.0.jar:/usr/lib/jvm/java-1.8-openjdk/jre/../lib/tools.jar:/home/user/.m2/repository/commons-cli/commons-cli/1.2/commons-cli-1.2.jar:/home/user/.m2/repository/org/apache/httpcomponents/httpclient/4.5.2/httpclient-4.5.2.jar:/home/user/.m2/repository/org/apache/httpcomponents/httpcore/4.4.4/httpcore-4.4.4.jar:/home/user/.m2/repository/commons-codec/commons-codec/1.11/commons-codec-1.11.jar:/home/user/.m2/repository/commons-net/commons-net/3.6/commons-net-3.6.jar:/home/user/.m2/repository/commons-collections/commons-collections/3.2.2/commons-collections-3.2.2.jar:/home/user/.m2/repository/org/eclipse/jetty/jetty-servlet/9.3.24.v20180605/jetty-servlet-9.3.24.v20180605.jar:/home/user/.m2/repository/org/eclipse/jetty/jetty-security/9.3.24.v20180605/jetty-security-9.3.24.v20180605.jar:/home/user/.m2/repository/javax/servlet/jsp/jsp-api/2.1/jsp-api-2.1.jar:/home/user/.m2/repository/com/sun/jersey/jersey-servlet/1.19/jersey-servlet-1.19.jar:/home/user/.m2/repository/com/sun/jersey/jersey-json/1.19/jersey-json-1.19.jar:/home/user/.m2/repository/org/codehaus/jettison/jettison/1.1/jettison-1.1.jar:/home/user/.m2/repository/org/codehaus/jackson/jackson-core-asl/1.9.13/jackson-core-asl-1.9.13.jar:/home/user/.m2/repository/org/codehaus/jackson/jackson-mapper-asl/1.9.13/jackson-mapper-asl-1.9.13.jar:/home/user/.m2/repository/org/codehaus/jackson/jackson-jaxrs/1.9.13/jackson-jaxrs-1.9.13.jar:/home/user/.m2/repository/org/codehaus/jackson/jackson-xc/1.9.13/jackson-xc-1.9.13.jar:/home/user/.m2/repository/commons-logging/commons-logging/1.1.3/commons-logging-1.1.3.jar:/home/user/.m2/repository/commons-beanutils/commons-beanutils/1.9.3/commons-beanutils-1.9.3.jar:/home/user/.m2/repository/org/apache/commons/commons-configuration2/2.1.1/commons-configuration2-2.1.1.jar:/home/user/.m2/repository/org/apache/commons/commons-lang3/3.7/commons-lang3-3.7.jar:/home/user/.m2/repository/org/apache/commons/commons-text/1.4/commons-text-1.4.jar:/home/user/.m2/repository/org/apache/avro/avro/1.7.7/avro-1.7.7.jar:/home/user/.m2/repository/com/thoughtworks/paranamer/paranamer/2.3/paranamer-2.3.jar:/home/user/.m2/repository/org/xerial/snappy/snappy-java/1.0.5/snappy-java-1.0.5.jar:/home/user/.m2/repository/com/google/re2j/re2j/1.1/re2j-1.1.jar:/home/user/.m2/repository/com/google/code/gson/gson/2.2.4/gson-2.2.4.jar:/home/user/.m2/repository/com/jcraft/jsch/0.1.54/jsch-0.1.54.jar:/home/user/.m2/repository/org/apache/curator/curator-client/2.12.0/curator-client-2.12.0.jar:/home/user/.m2/repository/org/apache/curator/curator-recipes/2.12.0/curator-recipes-2.12.0.jar:/home/user/.m2/repository/com/google/code/findbugs/jsr305/3.0.0/jsr305-3.0.0.jar:/home/user/.m2/repository/org/apache/htrace/htrace-core4/4.1.0-incubating/htrace-core4-4.1.0-incubating.jar:/home/user/.m2/repository/org/apache/zookeeper/zookeeper/3.4.13/zookeeper-3.4.13.jar:/home/user/.m2/repository/org/apache/yetus/audience-annotations/0.5.0/audience-annotations-0.5.0.jar:/home/user/.m2/repository/org/codehaus/woodstox/stax2-api/3.1.4/stax2-api-3.1.4.jar:/home/user/.m2/repository/com/fasterxml/woodstox/woodstox-core/5.0.3/woodstox-core-5.0.3.jar:/home/user/.m2/repository/dnsjava/dnsjava/2.1.7/dnsjava-2.1.7.jar:/home/user/.m2/repository/org/apache/hadoop/hadoop-hdfs/3.2.0/hadoop-hdfs-3.2.0-tests.jar:/home/user/.m2/repository/org/eclipse/jetty/jetty-util-ajax/9.3.24.v20180605/jetty-util-ajax-9.3.24.v20180605.jar:/home/user/.m2/repository/commons-daemon/commons-daemon/1.0.13/commons-daemon-1.0.13.jar:/home/user/.m2/repository/io/netty/netty/3.10.5.Final/netty-3.10.5.Final.jar:/home/user/.m2/repository/io/netty/netty-all/4.0.52.Final/netty-all-4.0.52.Final.jar:/home/user/.m2/repository/org/fusesource/leveldbjni/leveldbjni-all/1.8/leveldbjni-all-1.8.jar:"/>
    <property name="java.vm.vendor" value="IcedTea"/>
    <property name="sun.arch.data.model" value="64"/>
    <property name="test.build.dir" value="/workdir/hadoop-ozone/integration-test/target/test-dir"/>
    <property name="test.cache.data" value=""/>
    <property name="java.vendor.url" value="https://icedtea.classpath.org"/>
    <property name="user.timezone" value=""/>
    <property name="java.vm.specification.version" value="1.8"/>
    <property name="os.name" value="Linux"/>
    <property name="test.build.data" value="/workdir/hadoop-ozone/integration-test/target/test-dir"/>
    <property name="user.country" value="US"/>
    <property name="sun.java.launcher" value="SUN_STANDARD"/>
    <property name="sun.boot.library.path" value="/usr/lib/jvm/java-1.8-openjdk/jre/lib/amd64"/>
    <property name="sun.java.command" value="/workdir/hadoop-ozone/integration-test/target/surefire/surefirebooter2464451906118649524.jar /workdir/hadoop-ozone/integration-test/target/surefire 2019-08-21T05-14-18_520-jvmRun1 surefire99743347159578715tmp surefire_373717253156676720227tmp"/>
    <property name="test" value="!TestMiniChaosOzoneCluster"/>
    <property name="surefire.test.class.path" value="/workdir/hadoop-ozone/integration-test/target/test-classes:/workdir/hadoop-ozone/integration-test/target/classes:/home/user/.m2/repository/org/apache/hadoop/hadoop-ozone-common/0.5.0-SNAPSHOT/hadoop-ozone-common-0.5.0-SNAPSHOT.jar:/home/user/.m2/repository/org/apache/commons/commons-compress/1.4.1/commons-compress-1.4.1.jar:/home/user/.m2/repository/org/tukaani/xz/1.0/xz-1.0.jar:/home/user/.m2/repository/org/apache/hadoop/hadoop-common/3.2.0/hadoop-common-3.2.0.jar:/home/user/.m2/repository/org/apache/hadoop/hadoop-hdfs/3.2.0/hadoop-hdfs-3.2.0.jar:/home/user/.m2/repository/org/apache/hadoop/hadoop-hdfs-client/3.2.0/hadoop-hdfs-client-3.2.0.jar:/home/user/.m2/repository/com/fasterxml/jackson/core/jackson-annotations/2.9.5/jackson-annotations-2.9.5.jar:/home/user/.m2/repository/org/apache/hadoop/hadoop-hdds-common/0.5.0-SNAPSHOT/hadoop-hdds-common-0.5.0-SNAPSHOT.jar:/home/user/.m2/repository/javax/annotation/javax.annotation-api/1.2/javax.annotation-api-1.2.jar:/home/user/.m2/repository/org/apache/ratis/ratis-server/0.4.0-2337318-SNAPSHOT/ratis-server-0.4.0-2337318-SNAPSHOT.jar:/home/user/.m2/repository/org/apache/ratis/ratis-thirdparty-misc/0.2.0/ratis-thirdparty-misc-0.2.0.jar:/home/user/.m2/repository/org/apache/ratis/ratis-proto/0.4.0-2337318-SNAPSHOT/ratis-proto-0.4.0-2337318-SNAPSHOT.jar:/home/user/.m2/repository/org/apache/ratis/ratis-common/0.4.0-2337318-SNAPSHOT/ratis-common-0.4.0-2337318-SNAPSHOT.jar:/home/user/.m2/repository/org/apache/ratis/ratis-client/0.4.0-2337318-SNAPSHOT/ratis-client-0.4.0-2337318-SNAPSHOT.jar:/home/user/.m2/repository/org/apache/ratis/ratis-metrics/0.4.0-2337318-SNAPSHOT/ratis-metrics-0.4.0-2337318-SNAPSHOT.jar:/home/user/.m2/repository/org/apache/ratis/ratis-netty/0.4.0-2337318-SNAPSHOT/ratis-netty-0.4.0-2337318-SNAPSHOT.jar:/home/user/.m2/repository/org/apache/ratis/ratis-grpc/0.4.0-2337318-SNAPSHOT/ratis-grpc-0.4.0-2337318-SNAPSHOT.jar:/home/user/.m2/repository/org/rocksdb/rocksdbjni/6.0.1/rocksdbjni-6.0.1.jar:/home/user/.m2/repository/org/apache/logging/log4j/log4j-api/2.11.0/log4j-api-2.11.0.jar:/home/user/.m2/repository/org/apache/logging/log4j/log4j-core/2.11.0/log4j-core-2.11.0.jar:/home/user/.m2/repository/com/lmax/disruptor/3.4.2/disruptor-3.4.2.jar:/home/user/.m2/repository/org/apache/commons/commons-pool2/2.6.0/commons-pool2-2.6.0.jar:/home/user/.m2/repository/org/bouncycastle/bcpkix-jdk15on/1.60/bcpkix-jdk15on-1.60.jar:/home/user/.m2/repository/commons-validator/commons-validator/1.6/commons-validator-1.6.jar:/home/user/.m2/repository/commons-digester/commons-digester/1.8.1/commons-digester-1.8.1.jar:/home/user/.m2/repository/io/jaegertracing/jaeger-client/0.33.1/jaeger-client-0.33.1.jar:/home/user/.m2/repository/io/jaegertracing/jaeger-thrift/0.33.1/jaeger-thrift-0.33.1.jar:/home/user/.m2/repository/org/apache/thrift/libthrift/0.11.0/libthrift-0.11.0.jar:/home/user/.m2/repository/com/squareup/okhttp3/okhttp/3.9.0/okhttp-3.9.0.jar:/home/user/.m2/repository/com/squareup/okio/okio/1.13.0/okio-1.13.0.jar:/home/user/.m2/repository/io/jaegertracing/jaeger-core/0.33.1/jaeger-core-0.33.1.jar:/home/user/.m2/repository/io/jaegertracing/jaeger-tracerresolver/0.33.1/jaeger-tracerresolver-0.33.1.jar:/home/user/.m2/repository/io/opentracing/contrib/opentracing-tracerresolver/0.1.5/opentracing-tracerresolver-0.1.5.jar:/home/user/.m2/repository/io/opentracing/opentracing-util/0.31.0/opentracing-util-0.31.0.jar:/home/user/.m2/repository/io/opentracing/opentracing-api/0.31.0/opentracing-api-0.31.0.jar:/home/user/.m2/repository/io/opentracing/opentracing-noop/0.31.0/opentracing-noop-0.31.0.jar:/home/user/.m2/repository/org/apache/hadoop/hadoop-hdds-server-framework/0.5.0-SNAPSHOT/hadoop-hdds-server-framework-0.5.0-SNAPSHOT.jar:/home/user/.m2/repository/org/apache/hadoop/hadoop-hdds-container-service/0.5.0-SNAPSHOT/hadoop-hdds-container-service-0.5.0-SNAPSHOT.jar:/home/user/.m2/repository/org/apache/hadoop/hadoop-hdds-client/0.5.0-SNAPSHOT/hadoop-hdds-client-0.5.0-SNAPSHOT.jar:/home/user/.m2/repository/org/apache/hadoop/hadoop-hdds-tools/0.5.0-SNAPSHOT/hadoop-hdds-tools-0.5.0-SNAPSHOT.jar:/home/user/.m2/repository/org/apache/hadoop/hadoop-hdds-server-scm/0.5.0-SNAPSHOT/hadoop-hdds-server-scm-0.5.0-SNAPSHOT.jar:/home/user/.m2/repository/org/apache/hadoop/hadoop-hdds-docs/0.5.0-SNAPSHOT/hadoop-hdds-docs-0.5.0-SNAPSHOT.jar:/home/user/.m2/repository/io/dropwizard/metrics/metrics-core/3.2.4/metrics-core-3.2.4.jar:/home/user/.m2/repository/org/hamcrest/hamcrest-all/1.3/hamcrest-all-1.3.jar:/home/user/.m2/repository/org/bouncycastle/bcprov-jdk15on/1.60/bcprov-jdk15on-1.60.jar:/home/user/.m2/repository/info/picocli/picocli/3.9.6/picocli-3.9.6.jar:/home/user/.m2/repository/com/google/protobuf/protobuf-java/2.5.0/protobuf-java-2.5.0.jar:/home/user/.m2/repository/com/google/guava/guava/11.0.2/guava-11.0.2.jar:/home/user/.m2/repository/org/apache/hadoop/hadoop-ozone-ozone-manager/0.5.0-SNAPSHOT/hadoop-ozone-ozone-manager-0.5.0-SNAPSHOT.jar:/home/user/.m2/repository/org/apache/hadoop/hadoop-minikdc/3.2.0/hadoop-minikdc-3.2.0.jar:/home/user/.m2/repository/commons-io/commons-io/2.5/commons-io-2.5.jar:/home/user/.m2/repository/org/apache/kerby/kerb-simplekdc/1.0.1/kerb-simplekdc-1.0.1.jar:/home/user/.m2/repository/org/apache/kerby/kerb-client/1.0.1/kerb-client-1.0.1.jar:/home/user/.m2/repository/org/apache/kerby/kerby-config/1.0.1/kerby-config-1.0.1.jar:/home/user/.m2/repository/org/apache/kerby/kerb-core/1.0.1/kerb-core-1.0.1.jar:/home/user/.m2/repository/org/apache/kerby/kerby-pkix/1.0.1/kerby-pkix-1.0.1.jar:/home/user/.m2/repository/org/apache/kerby/kerby-asn1/1.0.1/kerby-asn1-1.0.1.jar:/home/user/.m2/repository/org/apache/kerby/kerby-util/1.0.1/kerby-util-1.0.1.jar:/home/user/.m2/repository/org/apache/kerby/kerb-common/1.0.1/kerb-common-1.0.1.jar:/home/user/.m2/repository/org/apache/kerby/kerb-crypto/1.0.1/kerb-crypto-1.0.1.jar:/home/user/.m2/repository/org/apache/kerby/kerb-util/1.0.1/kerb-util-1.0.1.jar:/home/user/.m2/repository/org/apache/kerby/token-provider/1.0.1/token-provider-1.0.1.jar:/home/user/.m2/repository/org/apache/kerby/kerb-admin/1.0.1/kerb-admin-1.0.1.jar:/home/user/.m2/repository/org/apache/kerby/kerb-server/1.0.1/kerb-server-1.0.1.jar:/home/user/.m2/repository/org/apache/kerby/kerb-identity/1.0.1/kerb-identity-1.0.1.jar:/home/user/.m2/repository/org/apache/kerby/kerby-xdr/1.0.1/kerby-xdr-1.0.1.jar:/home/user/.m2/repository/org/slf4j/slf4j-log4j12/1.7.25/slf4j-log4j12-1.7.25.jar:/home/user/.m2/repository/org/apache/hadoop/hadoop-ozone-objectstore-service/0.5.0-SNAPSHOT/hadoop-ozone-objectstore-service-0.5.0-SNAPSHOT.jar:/home/user/.m2/repository/org/apache/hadoop/hadoop-ozone-s3gateway/0.5.0-SNAPSHOT/hadoop-ozone-s3gateway-0.5.0-SNAPSHOT.jar:/home/user/.m2/repository/org/jboss/weld/servlet/weld-servlet/2.4.7.Final/weld-servlet-2.4.7.Final.jar:/home/user/.m2/repository/org/glassfish/jersey/containers/jersey-container-servlet-core/2.27/jersey-container-servlet-core-2.27.jar:/home/user/.m2/repository/org/glassfish/hk2/external/javax.inject/2.5.0-b42/javax.inject-2.5.0-b42.jar:/home/user/.m2/repository/org/glassfish/jersey/core/jersey-common/2.27/jersey-common-2.27.jar:/home/user/.m2/repository/org/glassfish/hk2/osgi-resource-locator/1.0.1/osgi-resource-locator-1.0.1.jar:/home/user/.m2/repository/javax/ws/rs/javax.ws.rs-api/2.1/javax.ws.rs-api-2.1.jar:/home/user/.m2/repository/org/glassfish/jersey/ext/cdi/jersey-cdi1x/2.27/jersey-cdi1x-2.27.jar:/home/user/.m2/repository/org/glassfish/jersey/inject/jersey-hk2/2.27/jersey-hk2-2.27.jar:/home/user/.m2/repository/org/glassfish/hk2/hk2-locator/2.5.0-b42/hk2-locator-2.5.0-b42.jar:/home/user/.m2/repository/org/javassist/javassist/3.22.0-CR2/javassist-3.22.0-CR2.jar:/home/user/.m2/repository/org/glassfish/hk2/hk2-api/2.5.0/hk2-api-2.5.0.jar:/home/user/.m2/repository/org/glassfish/hk2/external/jakarta.inject/2.5.0/jakarta.inject-2.5.0.jar:/home/user/.m2/repository/org/glassfish/hk2/hk2-utils/2.5.0/hk2-utils-2.5.0.jar:/home/user/.m2/repository/jakarta/annotation/jakarta.annotation-api/1.3.4/jakarta.annotation-api-1.3.4.jar:/home/user/.m2/repository/org/glassfish/hk2/external/aopalliance-repackaged/2.5.0/aopalliance-repackaged-2.5.0.jar:/home/user/.m2/repository/com/fasterxml/jackson/dataformat/jackson-dataformat-xml/2.9.0/jackson-dataformat-xml-2.9.0.jar:/home/user/.m2/repository/com/fasterxml/jackson/core/jackson-core/2.9.5/jackson-core-2.9.5.jar:/home/user/.m2/repository/com/fasterxml/jackson/module/jackson-module-jaxb-annotations/2.9.5/jackson-module-jaxb-annotations-2.9.5.jar:/home/user/.m2/repository/javax/enterprise/cdi-api/1.2/cdi-api-1.2.jar:/home/user/.m2/repository/javax/el/javax.el-api/3.0.0/javax.el-api-3.0.0.jar:/home/user/.m2/repository/javax/interceptor/javax.interceptor-api/1.2/javax.interceptor-api-1.2.jar:/home/user/.m2/repository/javax/inject/javax.inject/1/javax.inject-1.jar:/home/user/.m2/repository/com/sun/xml/bind/jaxb-impl/2.3.0.1/jaxb-impl-2.3.0.1.jar:/home/user/.m2/repository/com/sun/xml/bind/jaxb-core/2.3.0.1/jaxb-core-2.3.0.1.jar:/home/user/.m2/repository/javax/xml/bind/jaxb-api/2.3.0/jaxb-api-2.3.0.jar:/home/user/.m2/repository/javax/activation/activation/1.1.1/activation-1.1.1.jar:/home/user/.m2/repository/org/apache/hadoop/hadoop-ozone-csi/0.5.0-SNAPSHOT/hadoop-ozone-csi-0.5.0-SNAPSHOT.jar:/home/user/.m2/repository/com/google/protobuf/protobuf-java-util/3.5.1/protobuf-java-util-3.5.1.jar:/home/user/.m2/repository/org/apache/hadoop/hadoop-hdds-config/0.5.0-SNAPSHOT/hadoop-hdds-config-0.5.0-SNAPSHOT.jar:/home/user/.m2/repository/io/grpc/grpc-netty/1.17.1/grpc-netty-1.17.1.jar:/home/user/.m2/repository/io/grpc/grpc-core/1.17.1/grpc-core-1.17.1.jar:/home/user/.m2/repository/io/grpc/grpc-context/1.17.1/grpc-context-1.17.1.jar:/home/user/.m2/repository/com/google/errorprone/error_prone_annotations/2.2.0/error_prone_annotations-2.2.0.jar:/home/user/.m2/repository/org/codehaus/mojo/animal-sniffer-annotations/1.17/animal-sniffer-annotations-1.17.jar:/home/user/.m2/repository/io/opencensus/opencensus-api/0.17.0/opencensus-api-0.17.0.jar:/home/user/.m2/repository/io/opencensus/opencensus-contrib-grpc-metrics/0.17.0/opencensus-contrib-grpc-metrics-0.17.0.jar:/home/user/.m2/repository/io/netty/netty-codec-http2/4.1.30.Final/netty-codec-http2-4.1.30.Final.jar:/home/user/.m2/repository/io/netty/netty-codec-http/4.1.30.Final/netty-codec-http-4.1.30.Final.jar:/home/user/.m2/repository/io/netty/netty-codec/4.1.30.Final/netty-codec-4.1.30.Final.jar:/home/user/.m2/repository/io/netty/netty-handler/4.1.30.Final/netty-handler-4.1.30.Final.jar:/home/user/.m2/repository/io/netty/netty-handler-proxy/4.1.30.Final/netty-handler-proxy-4.1.30.Final.jar:/home/user/.m2/repository/io/netty/netty-codec-socks/4.1.30.Final/netty-codec-socks-4.1.30.Final.jar:/home/user/.m2/repository/io/netty/netty-transport-native-epoll/4.1.30.Final/netty-transport-native-epoll-4.1.30.Final.jar:/home/user/.m2/repository/io/netty/netty-common/4.1.30.Final/netty-common-4.1.30.Final.jar:/home/user/.m2/repository/io/netty/netty-buffer/4.1.30.Final/netty-buffer-4.1.30.Final.jar:/home/user/.m2/repository/io/netty/netty-transport/4.1.30.Final/netty-transport-4.1.30.Final.jar:/home/user/.m2/repository/io/netty/netty-resolver/4.1.30.Final/netty-resolver-4.1.30.Final.jar:/home/user/.m2/repository/io/netty/netty-transport-native-unix-common/4.1.30.Final/netty-transport-native-unix-common-4.1.30.Final.jar:/home/user/.m2/repository/io/grpc/grpc-protobuf/1.17.1/grpc-protobuf-1.17.1.jar:/home/user/.m2/repository/com/google/api/grpc/proto-google-common-protos/1.0.0/proto-google-common-protos-1.0.0.jar:/home/user/.m2/repository/io/grpc/grpc-protobuf-lite/1.17.1/grpc-protobuf-lite-1.17.1.jar:/home/user/.m2/repository/io/grpc/grpc-stub/1.17.1/grpc-stub-1.17.1.jar:/home/user/.m2/repository/org/apache/hadoop/hadoop-ozone-recon/0.5.0-SNAPSHOT/hadoop-ozone-recon-0.5.0-SNAPSHOT.jar:/home/user/.m2/repository/org/apache/hadoop/hadoop-ozone-reconcodegen/0.5.0-SNAPSHOT/hadoop-ozone-reconcodegen-0.5.0-SNAPSHOT.jar:/home/user/.m2/repository/com/google/inject/extensions/guice-multibindings/4.0/guice-multibindings-4.0.jar:/home/user/.m2/repository/com/google/inject/guice/4.0/guice-4.0.jar:/home/user/.m2/repository/aopalliance/aopalliance/1.0/aopalliance-1.0.jar:/home/user/.m2/repository/com/google/inject/extensions/guice-servlet/4.0/guice-servlet-4.0.jar:/home/user/.m2/repository/org/glassfish/jersey/containers/jersey-container-servlet/2.27/jersey-container-servlet-2.27.jar:/home/user/.m2/repository/org/glassfish/hk2/guice-bridge/2.5.0/guice-bridge-2.5.0.jar:/home/user/.m2/repository/org/glassfish/jersey/core/jersey-server/2.27/jersey-server-2.27.jar:/home/user/.m2/repository/org/glassfish/jersey/core/jersey-client/2.27/jersey-client-2.27.jar:/home/user/.m2/repository/org/glassfish/jersey/media/jersey-media-jaxb/2.27/jersey-media-jaxb-2.27.jar:/home/user/.m2/repository/javax/validation/validation-api/1.1.0.Final/validation-api-1.1.0.Final.jar:/home/user/.m2/repository/org/glassfish/jersey/media/jersey-media-json-jackson/2.27/jersey-media-json-jackson-2.27.jar:/home/user/.m2/repository/org/glassfish/jersey/ext/jersey-entity-filtering/2.27/jersey-entity-filtering-2.27.jar:/home/user/.m2/repository/com/google/inject/extensions/guice-assistedinject/4.0/guice-assistedinject-4.0.jar:/home/user/.m2/repository/org/jooq/jooq/3.11.10/jooq-3.11.10.jar:/home/user/.m2/repository/org/jooq/jooq-meta/3.11.10/jooq-meta-3.11.10.jar:/home/user/.m2/repository/org/jooq/jooq-codegen/3.11.10/jooq-codegen-3.11.10.jar:/home/user/.m2/repository/com/jolbox/bonecp/0.8.0.RELEASE/bonecp-0.8.0.RELEASE.jar:/home/user/.m2/repository/org/xerial/sqlite-jdbc/3.25.2/sqlite-jdbc-3.25.2.jar:/home/user/.m2/repository/org/springframework/spring-jdbc/5.1.3.RELEASE/spring-jdbc-5.1.3.RELEASE.jar:/home/user/.m2/repository/org/springframework/spring-beans/5.1.3.RELEASE/spring-beans-5.1.3.RELEASE.jar:/home/user/.m2/repository/org/springframework/spring-core/5.1.3.RELEASE/spring-core-5.1.3.RELEASE.jar:/home/user/.m2/repository/org/springframework/spring-jcl/5.1.3.RELEASE/spring-jcl-5.1.3.RELEASE.jar:/home/user/.m2/repository/org/springframework/spring-tx/5.1.3.RELEASE/spring-tx-5.1.3.RELEASE.jar:/home/user/.m2/repository/org/apache/hadoop/hadoop-ozone-client/0.5.0-SNAPSHOT/hadoop-ozone-client-0.5.0-SNAPSHOT.jar:/home/user/.m2/repository/commons-lang/commons-lang/2.6/commons-lang-2.6.jar:/home/user/.m2/repository/org/apache/hadoop/hadoop-ozone-ozone-manager/0.5.0-SNAPSHOT/hadoop-ozone-ozone-manager-0.5.0-SNAPSHOT-tests.jar:/home/user/.m2/repository/junit/junit/4.11/junit-4.11.jar:/home/user/.m2/repository/org/hamcrest/hamcrest-core/1.3/hamcrest-core-1.3.jar:/home/user/.m2/repository/org/openjdk/jmh/jmh-core/1.19/jmh-core-1.19.jar:/home/user/.m2/repository/net/sf/jopt-simple/jopt-simple/4.6/jopt-simple-4.6.jar:/home/user/.m2/repository/org/apache/commons/commons-math3/3.1.1/commons-math3-3.1.1.jar:/home/user/.m2/repository/org/openjdk/jmh/jmh-generator-annprocess/1.19/jmh-generator-annprocess-1.19.jar:/home/user/.m2/repository/org/mockito/mockito-all/1.8.5/mockito-all-1.8.5.jar:/home/user/.m2/repository/org/apache/hadoop/hadoop-kms/3.2.0/hadoop-kms-3.2.0.jar:/home/user/.m2/repository/org/apache/hadoop/hadoop-auth/3.2.0/hadoop-auth-3.2.0.jar:/home/user/.m2/repository/com/nimbusds/nimbus-jose-jwt/4.41.1/nimbus-jose-jwt-4.41.1.jar:/home/user/.m2/repository/com/github/stephenc/jcip/jcip-annotations/1.0-1/jcip-annotations-1.0-1.jar:/home/user/.m2/repository/net/minidev/json-smart/2.3/json-smart-2.3.jar:/home/user/.m2/repository/net/minidev/accessors-smart/1.2/accessors-smart-1.2.jar:/home/user/.m2/repository/org/ow2/asm/asm/5.0.4/asm-5.0.4.jar:/home/user/.m2/repository/org/apache/curator/curator-framework/2.12.0/curator-framework-2.12.0.jar:/home/user/.m2/repository/com/sun/jersey/jersey-core/1.19/jersey-core-1.19.jar:/home/user/.m2/repository/javax/ws/rs/jsr311-api/1.1.1/jsr311-api-1.1.1.jar:/home/user/.m2/repository/com/sun/jersey/jersey-server/1.19/jersey-server-1.19.jar:/home/user/.m2/repository/javax/servlet/javax.servlet-api/3.1.0/javax.servlet-api-3.1.0.jar:/home/user/.m2/repository/org/eclipse/jetty/jetty-server/9.3.24.v20180605/jetty-server-9.3.24.v20180605.jar:/home/user/.m2/repository/org/eclipse/jetty/jetty-http/9.3.24.v20180605/jetty-http-9.3.24.v20180605.jar:/home/user/.m2/repository/org/eclipse/jetty/jetty-io/9.3.24.v20180605/jetty-io-9.3.24.v20180605.jar:/home/user/.m2/repository/org/eclipse/jetty/jetty-webapp/9.3.24.v20180605/jetty-webapp-9.3.24.v20180605.jar:/home/user/.m2/repository/org/eclipse/jetty/jetty-xml/9.3.24.v20180605/jetty-xml-9.3.24.v20180605.jar:/home/user/.m2/repository/log4j/log4j/1.2.17/log4j-1.2.17.jar:/home/user/.m2/repository/org/slf4j/slf4j-api/1.7.25/slf4j-api-1.7.25.jar:/home/user/.m2/repository/org/slf4j/jul-to-slf4j/1.7.25/jul-to-slf4j-1.7.25.jar:/home/user/.m2/repository/org/eclipse/jetty/jetty-util/9.3.24.v20180605/jetty-util-9.3.24.v20180605.jar:/home/user/.m2/repository/com/fasterxml/jackson/core/jackson-databind/2.9.5/jackson-databind-2.9.5.jar:/home/user/.m2/repository/org/apache/hadoop/hadoop-kms/3.2.0/hadoop-kms-3.2.0-tests.jar:/home/user/.m2/repository/org/apache/hadoop/hadoop-hdds-server-scm/0.5.0-SNAPSHOT/hadoop-hdds-server-scm-0.5.0-SNAPSHOT-tests.jar:/home/user/.m2/repository/org/apache/hadoop/hadoop-hdds-container-service/0.5.0-SNAPSHOT/hadoop-hdds-container-service-0.5.0-SNAPSHOT-tests.jar:/home/user/.m2/repository/org/yaml/snakeyaml/1.16/snakeyaml-1.16.jar:/home/user/.m2/repository/org/apache/hadoop/hadoop-common/3.2.0/hadoop-common-3.2.0-tests.jar:/home/user/.m2/repository/org/apache/hadoop/hadoop-annotations/3.2.0/hadoop-annotations-3.2.0.jar:/usr/lib/jvm/java-1.8-openjdk/jre/../lib/tools.jar:/home/user/.m2/repository/commons-cli/commons-cli/1.2/commons-cli-1.2.jar:/home/user/.m2/repository/org/apache/httpcomponents/httpclient/4.5.2/httpclient-4.5.2.jar:/home/user/.m2/repository/org/apache/httpcomponents/httpcore/4.4.4/httpcore-4.4.4.jar:/home/user/.m2/repository/commons-codec/commons-codec/1.11/commons-codec-1.11.jar:/home/user/.m2/repository/commons-net/commons-net/3.6/commons-net-3.6.jar:/home/user/.m2/repository/commons-collections/commons-collections/3.2.2/commons-collections-3.2.2.jar:/home/user/.m2/repository/org/eclipse/jetty/jetty-servlet/9.3.24.v20180605/jetty-servlet-9.3.24.v20180605.jar:/home/user/.m2/repository/org/eclipse/jetty/jetty-security/9.3.24.v20180605/jetty-security-9.3.24.v20180605.jar:/home/user/.m2/repository/javax/servlet/jsp/jsp-api/2.1/jsp-api-2.1.jar:/home/user/.m2/repository/com/sun/jersey/jersey-servlet/1.19/jersey-servlet-1.19.jar:/home/user/.m2/repository/com/sun/jersey/jersey-json/1.19/jersey-json-1.19.jar:/home/user/.m2/repository/org/codehaus/jettison/jettison/1.1/jettison-1.1.jar:/home/user/.m2/repository/org/codehaus/jackson/jackson-core-asl/1.9.13/jackson-core-asl-1.9.13.jar:/home/user/.m2/repository/org/codehaus/jackson/jackson-mapper-asl/1.9.13/jackson-mapper-asl-1.9.13.jar:/home/user/.m2/repository/org/codehaus/jackson/jackson-jaxrs/1.9.13/jackson-jaxrs-1.9.13.jar:/home/user/.m2/repository/org/codehaus/jackson/jackson-xc/1.9.13/jackson-xc-1.9.13.jar:/home/user/.m2/repository/commons-logging/commons-logging/1.1.3/commons-logging-1.1.3.jar:/home/user/.m2/repository/commons-beanutils/commons-beanutils/1.9.3/commons-beanutils-1.9.3.jar:/home/user/.m2/repository/org/apache/commons/commons-configuration2/2.1.1/commons-configuration2-2.1.1.jar:/home/user/.m2/repository/org/apache/commons/commons-lang3/3.7/commons-lang3-3.7.jar:/home/user/.m2/repository/org/apache/commons/commons-text/1.4/commons-text-1.4.jar:/home/user/.m2/repository/org/apache/avro/avro/1.7.7/avro-1.7.7.jar:/home/user/.m2/repository/com/thoughtworks/paranamer/paranamer/2.3/paranamer-2.3.jar:/home/user/.m2/repository/org/xerial/snappy/snappy-java/1.0.5/snappy-java-1.0.5.jar:/home/user/.m2/repository/com/google/re2j/re2j/1.1/re2j-1.1.jar:/home/user/.m2/repository/com/google/code/gson/gson/2.2.4/gson-2.2.4.jar:/home/user/.m2/repository/com/jcraft/jsch/0.1.54/jsch-0.1.54.jar:/home/user/.m2/repository/org/apache/curator/curator-client/2.12.0/curator-client-2.12.0.jar:/home/user/.m2/repository/org/apache/curator/curator-recipes/2.12.0/curator-recipes-2.12.0.jar:/home/user/.m2/repository/com/google/code/findbugs/jsr305/3.0.0/jsr305-3.0.0.jar:/home/user/.m2/repository/org/apache/htrace/htrace-core4/4.1.0-incubating/htrace-core4-4.1.0-incubating.jar:/home/user/.m2/repository/org/apache/zookeeper/zookeeper/3.4.13/zookeeper-3.4.13.jar:/home/user/.m2/repository/org/apache/yetus/audience-annotations/0.5.0/audience-annotations-0.5.0.jar:/home/user/.m2/repository/org/codehaus/woodstox/stax2-api/3.1.4/stax2-api-3.1.4.jar:/home/user/.m2/repository/com/fasterxml/woodstox/woodstox-core/5.0.3/woodstox-core-5.0.3.jar:/home/user/.m2/repository/dnsjava/dnsjava/2.1.7/dnsjava-2.1.7.jar:/home/user/.m2/repository/org/apache/hadoop/hadoop-hdfs/3.2.0/hadoop-hdfs-3.2.0-tests.jar:/home/user/.m2/repository/org/eclipse/jetty/jetty-util-ajax/9.3.24.v20180605/jetty-util-ajax-9.3.24.v20180605.jar:/home/user/.m2/repository/commons-daemon/commons-daemon/1.0.13/commons-daemon-1.0.13.jar:/home/user/.m2/repository/io/netty/netty/3.10.5.Final/netty-3.10.5.Final.jar:/home/user/.m2/repository/io/netty/netty-all/4.0.52.Final/netty-all-4.0.52.Final.jar:/home/user/.m2/repository/org/fusesource/leveldbjni/leveldbjni-all/1.8/leveldbjni-all-1.8.jar:"/>
    <property name="sun.cpu.endian" value="little"/>
    <property name="user.home" value="/home/user"/>
    <property name="user.language" value="en"/>
    <property name="java.specification.vendor" value="Oracle Corporation"/>
    <property name="java.home" value="/usr/lib/jvm/java-1.8-openjdk/jre"/>
    <property name="java.security.krb5.conf" value="/workdir/hadoop-ozone/integration-test/target/test-classes/krb5.conf"/>
    <property name="basedir" value="/workdir/hadoop-ozone/integration-test"/>
    <property name="file.separator" value="/"/>
    <property name="line.separator" value="&#10;"/>
    <property name="java.vm.specification.vendor" value="Oracle Corporation"/>
    <property name="java.specification.name" value="Java Platform API Specification"/>
    <property name="java.awt.graphicsenv" value="sun.awt.X11GraphicsEnvironment"/>
    <property name="surefire.real.class.path" value="/workdir/hadoop-ozone/integration-test/target/surefire/surefirebooter2464451906118649524.jar"/>
    <property name="hadoop.log.dir" value="/workdir/hadoop-ozone/integration-test/target/log"/>
    <property name="sun.boot.class.path" value="/usr/lib/jvm/java-1.8-openjdk/jre/lib/resources.jar:/usr/lib/jvm/java-1.8-openjdk/jre/lib/rt.jar:/usr/lib/jvm/java-1.8-openjdk/jre/lib/sunrsasign.jar:/usr/lib/jvm/java-1.8-openjdk/jre/lib/jsse.jar:/usr/lib/jvm/java-1.8-openjdk/jre/lib/jce.jar:/usr/lib/jvm/java-1.8-openjdk/jre/lib/charsets.jar:/usr/lib/jvm/java-1.8-openjdk/jre/lib/jfr.jar:/usr/lib/jvm/java-1.8-openjdk/jre/classes"/>
    <property name="sun.management.compiler" value="HotSpot 64-Bit Tiered Compilers"/>
    <property name="java.runtime.version" value="1.8.0_212-b04"/>
    <property name="java.net.preferIPv4Stack" value="true"/>
    <property name="user.name" value="jenkins1000"/>
    <property name="path.separator" value=":"/>
    <property name="java.security.egd" value="file:///dev/urandom"/>
    <property name="os.version" value="3.10.0-957.12.2.el7.x86_64"/>
    <property name="java.endorsed.dirs" value="/usr/lib/jvm/java-1.8-openjdk/jre/lib/endorsed"/>
    <property name="java.runtime.name" value="OpenJDK Runtime Environment"/>
    <property name="file.encoding" value="UTF-8"/>
    <property name="java.vm.name" value="OpenJDK 64-Bit Server VM"/>
    <property name="test.build.webapps" value=""/>
    <property name="localRepository" value="/home/user/.m2/repository"/>
    <property name="java.vendor.url.bug" value="https://icedtea.classpath.org/bugzilla"/>
    <property name="java.io.tmpdir" value="/tmp"/>
    <property name="require.test.libhadoop" value=""/>
    <property name="java.version" value="1.8.0_212"/>
    <property name="user.dir" value="/workdir/hadoop-ozone/integration-test"/>
    <property name="os.arch" value="amd64"/>
    <property name="java.vm.specification.name" value="Java Virtual Machine Specification"/>
    <property name="test.build.classes" value="/workdir/hadoop-ozone/integration-test/target/test-classes"/>
    <property name="java.awt.printerjob" value="sun.print.PSPrinterJob"/>
    <property name="sun.os.patch.level" value="unknown"/>
    <property name="hadoop.tmp.dir" value="/workdir/hadoop-ozone/integration-test/target/tmp"/>
    <property name="java.library.path" value="/usr/lib/jvm/java-1.8-openjdk/jre/lib/amd64/server:/usr/lib/jvm/java-1.8-openjdk/jre/lib/amd64:/usr/lib/jvm/java-1.8-openjdk/jre/../lib/amd64:/workdir/hadoop-ozone/integration-test/target/native/target/usr/local/lib:/workdir/hadoop-ozone/integration-test/../../hadoop-common-project/hadoop-common/target/native/target/usr/local/lib:/usr/java/packages/lib/amd64:/usr/lib64:/lib64:/lib:/usr/lib"/>
    <property name="java.vm.info" value="mixed mode"/>
    <property name="java.vendor" value="IcedTea"/>
    <property name="java.vm.version" value="25.212-b04"/>
    <property name="java.ext.dirs" value="/usr/lib/jvm/java-1.8-openjdk/jre/lib/ext:/usr/java/packages/lib/ext"/>
    <property name="sun.io.unicode.encoding" value="UnicodeLittle"/>
    <property name="java.class.version" value="52.0"/>
  </properties>
  <testcase name="testGroupMismatchExceptionHandling" classname="org.apache.hadoop.ozone.client.rpc.TestOzoneClientRetriesOnException" time="45.27"/>
  <testcase name="testMaxRetriesByOzoneClient" classname="org.apache.hadoop.ozone.client.rpc.TestOzoneClientRetriesOnException" time="335.582">
    <error message="Failed to command cmdType: CreateContainer&#10;containerID: 1&#10;datanodeUuid: &quot;625627db-20f6-4593-9222-21b617438b7f&quot;&#10;createContainer {&#10;}&#10;" type="java.io.IOException">java.io.IOException: 
Failed to command cmdType: CreateContainer
containerID: 1
datanodeUuid: "625627db-20f6-4593-9222-21b617438b7f"
createContainer {
}

	at org.apache.hadoop.hdds.scm.XceiverClientSpi.sendCommand(XceiverClientSpi.java:113)
	at org.apache.hadoop.ozone.client.rpc.TestOzoneClientRetriesOnException.testMaxRetriesByOzoneClient(TestOzoneClientRetriesOnException.java:190)
	at sun.reflect.NativeMethodAccessorImpl.invoke0(Native Method)
	at sun.reflect.NativeMethodAccessorImpl.invoke(NativeMethodAccessorImpl.java:62)
	at sun.reflect.DelegatingMethodAccessorImpl.invoke(DelegatingMethodAccessorImpl.java:43)
	at java.lang.reflect.Method.invoke(Method.java:498)
	at org.junit.runners.model.FrameworkMethod$1.runReflectiveCall(FrameworkMethod.java:47)
	at org.junit.internal.runners.model.ReflectiveCallable.run(ReflectiveCallable.java:12)
	at org.junit.runners.model.FrameworkMethod.invokeExplosively(FrameworkMethod.java:44)
	at org.junit.internal.runners.statements.InvokeMethod.evaluate(InvokeMethod.java:17)
	at org.junit.internal.runners.statements.RunBefores.evaluate(RunBefores.java:26)
	at org.junit.internal.runners.statements.RunAfters.evaluate(RunAfters.java:27)
	at org.junit.runners.ParentRunner.runLeaf(ParentRunner.java:271)
	at org.junit.runners.BlockJUnit4ClassRunner.runChild(BlockJUnit4ClassRunner.java:70)
	at org.junit.runners.BlockJUnit4ClassRunner.runChild(BlockJUnit4ClassRunner.java:50)
	at org.junit.runners.ParentRunner$3.run(ParentRunner.java:238)
	at org.junit.runners.ParentRunner$1.schedule(ParentRunner.java:63)
	at org.junit.runners.ParentRunner.runChildren(ParentRunner.java:236)
	at org.junit.runners.ParentRunner.access$000(ParentRunner.java:53)
	at org.junit.runners.ParentRunner$2.evaluate(ParentRunner.java:229)
	at org.junit.runners.ParentRunner.run(ParentRunner.java:309)
	at org.apache.maven.surefire.junit4.JUnit4Provider.execute(JUnit4Provider.java:365)
	at org.apache.maven.surefire.junit4.JUnit4Provider.executeWithRerun(JUnit4Provider.java:273)
	at org.apache.maven.surefire.junit4.JUnit4Provider.executeTestSet(JUnit4Provider.java:238)
	at org.apache.maven.surefire.junit4.JUnit4Provider.invoke(JUnit4Provider.java:159)
	at org.apache.maven.surefire.booter.ForkedBooter.invokeProviderInSameClassLoader(ForkedBooter.java:384)
	at org.apache.maven.surefire.booter.ForkedBooter.runSuitesInProcess(ForkedBooter.java:345)
	at org.apache.maven.surefire.booter.ForkedBooter.execute(ForkedBooter.java:126)
	at org.apache.maven.surefire.booter.ForkedBooter.main(ForkedBooter.java:418)
Caused by: java.util.concurrent.ExecutionException: org.apache.ratis.protocol.RaftRetryFailureException: Failed RaftClientRequest:client-5E3AA808964E->625627db-20f6-4593-9222-21b617438b7f@group-ED3E36EC8233, cid=45, seq=4*, RW, org.apache.hadoop.hdds.scm.XceiverClientRatis$$Lambda$315/694790566@2c56bb19 for 180 attempts with RetryLimited(maxAttempts=180, sleepTime=1000ms)
	at java.util.concurrent.CompletableFuture.reportGet(CompletableFuture.java:357)
	at java.util.concurrent.CompletableFuture.get(CompletableFuture.java:1895)
	at org.apache.hadoop.hdds.scm.XceiverClientSpi.sendCommand(XceiverClientSpi.java:110)
	... 28 more
Caused by: org.apache.ratis.protocol.RaftRetryFailureException: Failed RaftClientRequest:client-5E3AA808964E->625627db-20f6-4593-9222-21b617438b7f@group-ED3E36EC8233, cid=45, seq=4*, RW, org.apache.hadoop.hdds.scm.XceiverClientRatis$$Lambda$315/694790566@2c56bb19 for 180 attempts with RetryLimited(maxAttempts=180, sleepTime=1000ms)
	at org.apache.ratis.client.impl.RaftClientImpl.noMoreRetries(RaftClientImpl.java:272)
	at org.apache.ratis.client.impl.OrderedAsync.handleAsyncRetryFailure(OrderedAsync.java:138)
	at org.apache.ratis.client.impl.OrderedAsync.lambda$sendRequest$10(OrderedAsync.java:230)
	at java.util.concurrent.CompletableFuture.uniExceptionally(CompletableFuture.java:870)
	at java.util.concurrent.CompletableFuture$UniExceptionally.tryFire(CompletableFuture.java:852)
	at java.util.concurrent.CompletableFuture.postComplete(CompletableFuture.java:474)
	at java.util.concurrent.CompletableFuture.completeExceptionally(CompletableFuture.java:1977)
	at org.apache.ratis.grpc.client.GrpcClientProtocolClient$AsyncStreamObservers.completeReplyExceptionally(GrpcClientProtocolClient.java:330)
	at org.apache.ratis.grpc.client.GrpcClientProtocolClient$AsyncStreamObservers.access$000(GrpcClientProtocolClient.java:246)
	at org.apache.ratis.grpc.client.GrpcClientProtocolClient$AsyncStreamObservers$1.onNext(GrpcClientProtocolClient.java:258)
	at org.apache.ratis.grpc.client.GrpcClientProtocolClient$AsyncStreamObservers$1.onNext(GrpcClientProtocolClient.java:249)
	at org.apache.ratis.thirdparty.io.grpc.stub.ClientCalls$StreamObserverToCallListenerAdapter.onMessage(ClientCalls.java:421)
	at org.apache.ratis.thirdparty.io.grpc.ForwardingClientCallListener.onMessage(ForwardingClientCallListener.java:33)
	at org.apache.ratis.thirdparty.io.grpc.ForwardingClientCallListener.onMessage(ForwardingClientCallListener.java:33)
	at org.apache.ratis.thirdparty.io.grpc.internal.ClientCallImpl$ClientStreamListenerImpl$1MessagesAvailable.runInContext(ClientCallImpl.java:519)
	at org.apache.ratis.thirdparty.io.grpc.internal.ContextRunnable.run(ContextRunnable.java:37)
	at org.apache.ratis.thirdparty.io.grpc.internal.SerializingExecutor.run(SerializingExecutor.java:123)
	at java.util.concurrent.ThreadPoolExecutor.runWorker(ThreadPoolExecutor.java:1149)
	at java.util.concurrent.ThreadPoolExecutor$Worker.run(ThreadPoolExecutor.java:624)
	at java.lang.Thread.run(Thread.java:748)
Caused by: org.apache.ratis.protocol.NotLeaderException: Server 625627db-20f6-4593-9222-21b617438b7f is not the leader (3c17af02-f769-4730-87e1-6a78a05442cb:192.168.69.91:45466). Request must be sent to leader.
	at org.apache.ratis.client.impl.ClientProtoUtils.toRaftClientReply(ClientProtoUtils.java:242)
	at org.apache.ratis.grpc.client.GrpcClientProtocolClient$AsyncStreamObservers$1.onNext(GrpcClientProtocolClient.java:254)
	... 10 more
</error>
    <system-out><![CDATA[2019-08-21 05:55:21,062 [main] WARN  server.ServerUtils (ServerUtils.java:getScmDbDir(145)) - ozone.scm.db.dirs is not configured. We recommend adding this setting. Falling back to ozone.metadata.dirs instead.
2019-08-21 05:55:21,089 [main] WARN  server.ServerUtils (ServerUtils.java:getScmDbDir(145)) - ozone.scm.db.dirs is not configured. We recommend adding this setting. Falling back to ozone.metadata.dirs instead.
2019-08-21 05:55:21,089 [main] WARN  server.ServerUtils (ServerUtils.java:getScmDbDir(145)) - ozone.scm.db.dirs is not configured. We recommend adding this setting. Falling back to ozone.metadata.dirs instead.
2019-08-21 05:55:21,090 [main] INFO  db.DBStoreBuilder (DBStoreBuilder.java:addTable(110)) - using custom profile for table: deletedBlocks
2019-08-21 05:55:21,090 [main] INFO  db.DBStoreBuilder (DBStoreBuilder.java:processTables(161)) - Using default column profile:DBProfile.DISK for Table:deletedBlocks
2019-08-21 05:55:21,091 [main] INFO  db.DBStoreBuilder (DBStoreBuilder.java:addTable(110)) - using custom profile for table: validCerts
2019-08-21 05:55:21,091 [main] INFO  db.DBStoreBuilder (DBStoreBuilder.java:processTables(161)) - Using default column profile:DBProfile.DISK for Table:validCerts
2019-08-21 05:55:21,092 [main] INFO  db.DBStoreBuilder (DBStoreBuilder.java:addTable(110)) - using custom profile for table: revokedCerts
2019-08-21 05:55:21,092 [main] INFO  db.DBStoreBuilder (DBStoreBuilder.java:processTables(161)) - Using default column profile:DBProfile.DISK for Table:revokedCerts
2019-08-21 05:55:21,092 [main] INFO  db.DBStoreBuilder (DBStoreBuilder.java:addTable(110)) - using custom profile for table: default
2019-08-21 05:55:21,093 [main] INFO  db.DBStoreBuilder (DBStoreBuilder.java:processTables(167)) - Using default column profile:DBProfile.DISK for Table:default
2019-08-21 05:55:21,093 [main] INFO  db.DBStoreBuilder (DBStoreBuilder.java:getDbProfile(198)) - Using default options. DBProfile.DISK
2019-08-21 05:55:21,251 [main] INFO  net.NodeSchemaLoader (NodeSchemaLoader.java:loadSchemaFromFile(125)) - Loading file from sun.misc.CompoundEnumeration@20864cd1
2019-08-21 05:55:21,251 [main] INFO  net.NodeSchemaLoader (NodeSchemaLoader.java:loadSchema(171)) - Loading network topology layer schema file
2019-08-21 05:55:21,259 [main] WARN  server.ServerUtils (ServerUtils.java:sanitizeUserArgs(70)) - ozone.scm.stale.node.interval value = 300000 is larger than max = 100000 based on the key value of ozone.scm.heartbeat.thread.interval, reset to the max value 100000.
2019-08-21 05:55:21,259 [main] WARN  server.ServerUtils (ServerUtils.java:sanitizeUserArgs(70)) - ozone.scm.stale.node.interval value = 300000 is larger than max = 100000 based on the key value of ozone.scm.heartbeat.thread.interval, reset to the max value 100000.
2019-08-21 05:55:21,260 [main] INFO  node.SCMNodeManager (SCMNodeManager.java:<init>(121)) - Entering startup safe mode.
2019-08-21 05:55:21,261 [main] INFO  algorithms.ContainerPlacementPolicyFactory (ContainerPlacementPolicyFactory.java:getPolicy(55)) - Create container placement policy of type org.apache.hadoop.hdds.scm.container.placement.algorithms.SCMContainerPlacementRandom
2019-08-21 05:55:21,261 [main] WARN  server.ServerUtils (ServerUtils.java:getScmDbDir(145)) - ozone.scm.db.dirs is not configured. We recommend adding this setting. Falling back to ozone.metadata.dirs instead.
2019-08-21 05:55:21,314 [main] INFO  pipeline.SCMPipelineManager (SCMPipelineManager.java:initializePipelineState(126)) - No pipeline exists in current db
2019-08-21 05:55:21,314 [main] WARN  server.ServerUtils (ServerUtils.java:getScmDbDir(145)) - ozone.scm.db.dirs is not configured. We recommend adding this setting. Falling back to ozone.metadata.dirs instead.
2019-08-21 05:55:21,383 [main] WARN  events.EventQueue (EventQueue.java:fireEvent(175)) - No event handler registered for event TypedEvent{payloadType=SafeModeStatus, name='SafeModeStatus'}
2019-08-21 05:55:21,385 [main] INFO  ipc.CallQueueManager (CallQueueManager.java:<init>(84)) - Using callQueue: class java.util.concurrent.LinkedBlockingQueue, queueCapacity: 2000, scheduler: class org.apache.hadoop.ipc.DefaultRpcScheduler, ipcBackoff: false.
2019-08-21 05:55:21,386 [Socket Reader #1 for port 34710] INFO  ipc.Server (Server.java:run(1074)) - Starting Socket Reader #1 for port 34710
2019-08-21 05:55:21,389 [main] INFO  ipc.CallQueueManager (CallQueueManager.java:<init>(84)) - Using callQueue: class java.util.concurrent.LinkedBlockingQueue, queueCapacity: 2000, scheduler: class org.apache.hadoop.ipc.DefaultRpcScheduler, ipcBackoff: false.
2019-08-21 05:55:21,390 [Socket Reader #1 for port 38457] INFO  ipc.Server (Server.java:run(1074)) - Starting Socket Reader #1 for port 38457
2019-08-21 05:55:21,392 [main] INFO  ipc.CallQueueManager (CallQueueManager.java:<init>(84)) - Using callQueue: class java.util.concurrent.LinkedBlockingQueue, queueCapacity: 2000, scheduler: class org.apache.hadoop.ipc.DefaultRpcScheduler, ipcBackoff: false.
2019-08-21 05:55:21,392 [Socket Reader #1 for port 40869] INFO  ipc.Server (Server.java:run(1074)) - Starting Socket Reader #1 for port 40869
2019-08-21 05:55:21,396 [main] INFO  hdfs.DFSUtil (DFSUtil.java:httpServerTemplateForNNAndJN(1641)) - Starting Web-server for scm at: http://0.0.0.0:0
2019-08-21 05:55:21,399 [main] INFO  server.AuthenticationFilter (AuthenticationFilter.java:constructSecretProvider(240)) - Unable to initialize FileSignerSecretProvider, falling back to use random secrets.
2019-08-21 05:55:21,400 [main] WARN  http.HttpRequestLog (HttpRequestLog.java:getRequestLog(97)) - Jetty request log can only be enabled using Log4j
2019-08-21 05:55:21,403 [main] INFO  http.HttpServer2 (HttpServer2.java:addGlobalFilter(975)) - Added global filter 'safety' (class=org.apache.hadoop.http.HttpServer2$QuotingInputFilter)
2019-08-21 05:55:21,404 [main] INFO  http.HttpServer2 (HttpServer2.java:addFilter(948)) - Added filter static_user_filter (class=org.apache.hadoop.http.lib.StaticUserWebFilter$StaticUserFilter) to context scm
2019-08-21 05:55:21,405 [main] INFO  http.HttpServer2 (HttpServer2.java:addFilter(958)) - Added filter static_user_filter (class=org.apache.hadoop.http.lib.StaticUserWebFilter$StaticUserFilter) to context static
2019-08-21 05:55:21,405 [main] INFO  http.HttpServer2 (HttpServer2.java:addFilter(958)) - Added filter static_user_filter (class=org.apache.hadoop.http.lib.StaticUserWebFilter$StaticUserFilter) to context logs
2019-08-21 05:55:21,408 [main] INFO  server.StorageContainerManager (StorageContainerManager.java:start(759)) - StorageContainerLocationProtocol RPC server is listening at /0.0.0.0:40869
2019-08-21 05:55:21,411 [main] WARN  impl.MetricsConfig (MetricsConfig.java:loadFirst(134)) - Cannot locate configuration: tried hadoop-metrics2-storagecontainermanager.properties,hadoop-metrics2.properties
2019-08-21 05:55:21,412 [main] INFO  impl.MetricsSystemImpl (MetricsSystemImpl.java:startTimer(374)) - Scheduled Metric snapshot period at 10 second(s).
2019-08-21 05:55:21,412 [main] INFO  impl.MetricsSystemImpl (MetricsSystemImpl.java:start(191)) - StorageContainerManager metrics system started
2019-08-21 05:55:21,463 [main] INFO  server.SCMClientProtocolServer (SCMClientProtocolServer.java:start(151)) - RPC server for Client  is listening at /0.0.0.0:40869
2019-08-21 05:55:21,463 [IPC Server Responder] INFO  ipc.Server (Server.java:run(1314)) - IPC Server Responder: starting
2019-08-21 05:55:21,463 [IPC Server listener on 40869] INFO  ipc.Server (Server.java:run(1153)) - IPC Server listener on 40869: starting
2019-08-21 05:55:21,467 [main] INFO  server.StorageContainerManager (StorageContainerManager.java:start(769)) - ScmBlockLocationProtocol RPC server is listening at /0.0.0.0:38457
2019-08-21 05:55:21,468 [main] INFO  server.SCMBlockProtocolServer (SCMBlockProtocolServer.java:start(140)) - RPC server for Block Protocol is listening at /0.0.0.0:38457
2019-08-21 05:55:21,468 [IPC Server Responder] INFO  ipc.Server (Server.java:run(1314)) - IPC Server Responder: starting
2019-08-21 05:55:21,469 [IPC Server listener on 38457] INFO  ipc.Server (Server.java:run(1153)) - IPC Server listener on 38457: starting
2019-08-21 05:55:21,472 [main] INFO  server.StorageContainerManager (StorageContainerManager.java:start(773)) - ScmDatanodeProtocl RPC server is listening at /0.0.0.0:34710
2019-08-21 05:55:21,472 [main] INFO  server.SCMDatanodeProtocolServer (SCMDatanodeProtocolServer.java:start(191)) - RPC server for DataNodes is listening at /0.0.0.0:34710
2019-08-21 05:55:21,472 [IPC Server Responder] INFO  ipc.Server (Server.java:run(1314)) - IPC Server Responder: starting
2019-08-21 05:55:21,472 [IPC Server listener on 34710] INFO  ipc.Server (Server.java:run(1153)) - IPC Server listener on 34710: starting
2019-08-21 05:55:21,476 [main] INFO  http.HttpServer2 (HttpServer2.java:bindListener(1191)) - Jetty bound to port 46257
2019-08-21 05:55:21,476 [main] INFO  server.Server (Server.java:doStart(351)) - jetty-9.3.24.v20180605, build timestamp: 2018-06-05T17:11:56Z, git hash: 84205aa28f11a4f31f2a3b86d1bba2cc8ab69827
2019-08-21 05:55:21,479 [main] INFO  handler.ContextHandler (ContextHandler.java:doStart(781)) - Started o.e.j.s.ServletContextHandler@521ba38f{/logs,file:///workdir/hadoop-ozone/integration-test/target/log,AVAILABLE}
2019-08-21 05:55:21,479 [main] INFO  handler.ContextHandler (ContextHandler.java:doStart(781)) - Started o.e.j.s.ServletContextHandler@b1d19ff{/static,file:///workdir/hadoop-ozone/integration-test/target/test-classes/webapps/static,AVAILABLE}
2019-08-21 05:55:21,484 [main] INFO  handler.ContextHandler (ContextHandler.java:doStart(781)) - Started o.e.j.w.WebAppContext@6cbdd1c5{/,file:///workdir/hadoop-ozone/integration-test/target/test-classes/webapps/scm/,AVAILABLE}{/scm}
2019-08-21 05:55:21,485 [main] INFO  server.AbstractConnector (AbstractConnector.java:doStart(278)) - Started ServerConnector@60816371{HTTP/1.1,[http/1.1]}{0.0.0.0:46257}
2019-08-21 05:55:21,486 [main] INFO  server.Server (Server.java:doStart(419)) - Started @46301ms
2019-08-21 05:55:21,487 [main] INFO  server.BaseHttpServer (BaseHttpServer.java:updateConnectorAddress(213)) - HTTP server of SCM is listening at http://0.0.0.0:46257
2019-08-21 05:55:21,487 [main] WARN  server.ServerUtils (ServerUtils.java:getDBPath(222)) - ozone.om.db.dirs is not configured. We recommend adding this setting. Falling back to ozone.metadata.dirs instead.
2019-08-21 05:55:21,488 [org.apache.hadoop.util.JvmPauseMonitor$Monitor@5ad6f98e] INFO  util.JvmPauseMonitor (JvmPauseMonitor.java:run(188)) - Starting JVM pause monitor
2019-08-21 05:55:21,501 [main] WARN  server.ServerUtils (ServerUtils.java:getDBPath(222)) - ozone.om.db.dirs is not configured. We recommend adding this setting. Falling back to ozone.metadata.dirs instead.
2019-08-21 05:55:21,502 [main] WARN  server.ServerUtils (ServerUtils.java:getDBPath(222)) - ozone.om.db.dirs is not configured. We recommend adding this setting. Falling back to ozone.metadata.dirs instead.
2019-08-21 05:55:21,502 [main] INFO  om.OzoneManager (OzoneManager.java:setOMNodeDetails(648)) - OM Service ID is not set. Setting it to the default ID: omServiceIdDefault
2019-08-21 05:55:21,502 [main] INFO  om.OzoneManager (OzoneManager.java:setOMNodeDetails(654)) - OM Node ID is not set. Setting it to the OmStorage's OmID: 7cba7d32-ba44-44b7-9ee2-75cc81d21eee
2019-08-21 05:55:21,503 [main] INFO  om.OzoneManager (OzoneManager.java:loadOMHAConfigs(605)) - Found matching OM address with OMServiceId: null, OMNodeId: null, RPC Address: localhost:0 and Ratis port: 9872
2019-08-21 05:55:21,507 | INFO  | SCMAudit | user=jenkins1000 | ip=192.168.69.91 | op=GET_SCM_INFO null | ret=SUCCESS |  
2019-08-21 05:55:21,510 [main] WARN  server.ServerUtils (ServerUtils.java:getDBPath(222)) - ozone.om.db.dirs is not configured. We recommend adding this setting. Falling back to ozone.metadata.dirs instead.
2019-08-21 05:55:21,511 [main] INFO  db.DBStoreBuilder (DBStoreBuilder.java:addTable(110)) - using custom profile for table: userTable
2019-08-21 05:55:21,511 [main] INFO  db.DBStoreBuilder (DBStoreBuilder.java:processTables(161)) - Using default column profile:DBProfile.DISK for Table:userTable
2019-08-21 05:55:21,511 [main] INFO  db.DBStoreBuilder (DBStoreBuilder.java:addTable(110)) - using custom profile for table: volumeTable
2019-08-21 05:55:21,512 [main] INFO  db.DBStoreBuilder (DBStoreBuilder.java:processTables(161)) - Using default column profile:DBProfile.DISK for Table:volumeTable
2019-08-21 05:55:21,512 [main] INFO  db.DBStoreBuilder (DBStoreBuilder.java:addTable(110)) - using custom profile for table: bucketTable
2019-08-21 05:55:21,512 [main] INFO  db.DBStoreBuilder (DBStoreBuilder.java:processTables(161)) - Using default column profile:DBProfile.DISK for Table:bucketTable
2019-08-21 05:55:21,512 [main] INFO  db.DBStoreBuilder (DBStoreBuilder.java:addTable(110)) - using custom profile for table: keyTable
2019-08-21 05:55:21,512 [main] INFO  db.DBStoreBuilder (DBStoreBuilder.java:processTables(161)) - Using default column profile:DBProfile.DISK for Table:keyTable
2019-08-21 05:55:21,513 [main] INFO  db.DBStoreBuilder (DBStoreBuilder.java:addTable(110)) - using custom profile for table: deletedTable
2019-08-21 05:55:21,513 [main] INFO  db.DBStoreBuilder (DBStoreBuilder.java:processTables(161)) - Using default column profile:DBProfile.DISK for Table:deletedTable
2019-08-21 05:55:21,513 [main] INFO  db.DBStoreBuilder (DBStoreBuilder.java:addTable(110)) - using custom profile for table: openKeyTable
2019-08-21 05:55:21,513 [main] INFO  db.DBStoreBuilder (DBStoreBuilder.java:processTables(161)) - Using default column profile:DBProfile.DISK for Table:openKeyTable
2019-08-21 05:55:21,514 [main] INFO  db.DBStoreBuilder (DBStoreBuilder.java:addTable(110)) - using custom profile for table: s3Table
2019-08-21 05:55:21,514 [main] INFO  db.DBStoreBuilder (DBStoreBuilder.java:processTables(161)) - Using default column profile:DBProfile.DISK for Table:s3Table
2019-08-21 05:55:21,514 [main] INFO  db.DBStoreBuilder (DBStoreBuilder.java:addTable(110)) - using custom profile for table: multipartInfoTable
2019-08-21 05:55:21,514 [main] INFO  db.DBStoreBuilder (DBStoreBuilder.java:processTables(161)) - Using default column profile:DBProfile.DISK for Table:multipartInfoTable
2019-08-21 05:55:21,515 [main] INFO  db.DBStoreBuilder (DBStoreBuilder.java:addTable(110)) - using custom profile for table: dTokenTable
2019-08-21 05:55:21,515 [main] INFO  db.DBStoreBuilder (DBStoreBuilder.java:processTables(161)) - Using default column profile:DBProfile.DISK for Table:dTokenTable
2019-08-21 05:55:21,515 [main] INFO  db.DBStoreBuilder (DBStoreBuilder.java:addTable(110)) - using custom profile for table: s3SecretTable
2019-08-21 05:55:21,515 [main] INFO  db.DBStoreBuilder (DBStoreBuilder.java:processTables(161)) - Using default column profile:DBProfile.DISK for Table:s3SecretTable
2019-08-21 05:55:21,515 [main] INFO  db.DBStoreBuilder (DBStoreBuilder.java:addTable(110)) - using custom profile for table: prefixTable
2019-08-21 05:55:21,516 [main] INFO  db.DBStoreBuilder (DBStoreBuilder.java:processTables(161)) - Using default column profile:DBProfile.DISK for Table:prefixTable
2019-08-21 05:55:21,516 [main] INFO  db.DBStoreBuilder (DBStoreBuilder.java:addTable(110)) - using custom profile for table: default
2019-08-21 05:55:21,516 [main] INFO  db.DBStoreBuilder (DBStoreBuilder.java:processTables(167)) - Using default column profile:DBProfile.DISK for Table:default
2019-08-21 05:55:21,516 [main] INFO  db.DBStoreBuilder (DBStoreBuilder.java:getDbProfile(198)) - Using default options. DBProfile.DISK
2019-08-21 05:55:21,981 [main] INFO  ipc.CallQueueManager (CallQueueManager.java:<init>(84)) - Using callQueue: class java.util.concurrent.LinkedBlockingQueue, queueCapacity: 2000, scheduler: class org.apache.hadoop.ipc.DefaultRpcScheduler, ipcBackoff: false.
2019-08-21 05:55:21,982 [Socket Reader #1 for port 36189] INFO  ipc.Server (Server.java:run(1074)) - Starting Socket Reader #1 for port 36189
2019-08-21 05:55:22,004 [main] INFO  om.OzoneManager (OzoneManager.java:start(1259)) - OzoneManager RPC server is listening at localhost/127.0.0.1:36189
2019-08-21 05:55:22,004 [main] INFO  impl.MetricsSystemImpl (MetricsSystemImpl.java:init(158)) - OzoneManager metrics system started (again)
2019-08-21 05:55:22,006 [IPC Server Responder] INFO  ipc.Server (Server.java:run(1314)) - IPC Server Responder: starting
2019-08-21 05:55:22,006 [IPC Server listener on 36189] INFO  ipc.Server (Server.java:run(1153)) - IPC Server listener on 36189: starting
2019-08-21 05:55:22,014 [main] INFO  hdfs.DFSUtil (DFSUtil.java:httpServerTemplateForNNAndJN(1641)) - Starting Web-server for ozoneManager at: http://0.0.0.0:0
2019-08-21 05:55:22,015 [main] INFO  server.AuthenticationFilter (AuthenticationFilter.java:constructSecretProvider(240)) - Unable to initialize FileSignerSecretProvider, falling back to use random secrets.
2019-08-21 05:55:22,016 [main] WARN  http.HttpRequestLog (HttpRequestLog.java:getRequestLog(97)) - Jetty request log can only be enabled using Log4j
2019-08-21 05:55:22,017 [main] INFO  http.HttpServer2 (HttpServer2.java:addGlobalFilter(975)) - Added global filter 'safety' (class=org.apache.hadoop.http.HttpServer2$QuotingInputFilter)
2019-08-21 05:55:22,018 [main] INFO  http.HttpServer2 (HttpServer2.java:addFilter(948)) - Added filter static_user_filter (class=org.apache.hadoop.http.lib.StaticUserWebFilter$StaticUserFilter) to context ozoneManager
2019-08-21 05:55:22,018 [main] INFO  http.HttpServer2 (HttpServer2.java:addFilter(958)) - Added filter static_user_filter (class=org.apache.hadoop.http.lib.StaticUserWebFilter$StaticUserFilter) to context logs
2019-08-21 05:55:22,019 [main] INFO  http.HttpServer2 (HttpServer2.java:addFilter(958)) - Added filter static_user_filter (class=org.apache.hadoop.http.lib.StaticUserWebFilter$StaticUserFilter) to context static
2019-08-21 05:55:22,020 [main] INFO  http.HttpServer2 (HttpServer2.java:bindListener(1191)) - Jetty bound to port 35257
2019-08-21 05:55:22,020 [main] INFO  server.Server (Server.java:doStart(351)) - jetty-9.3.24.v20180605, build timestamp: 2018-06-05T17:11:56Z, git hash: 84205aa28f11a4f31f2a3b86d1bba2cc8ab69827
2019-08-21 05:55:22,022 [main] INFO  handler.ContextHandler (ContextHandler.java:doStart(781)) - Started o.e.j.s.ServletContextHandler@7198ab9a{/logs,file:///workdir/hadoop-ozone/integration-test/target/log,AVAILABLE}
2019-08-21 05:55:22,023 [main] INFO  handler.ContextHandler (ContextHandler.java:doStart(781)) - Started o.e.j.s.ServletContextHandler@25109608{/static,file:///workdir/hadoop-ozone/integration-test/target/test-classes/webapps/static,AVAILABLE}
2019-08-21 05:55:22,028 [main] INFO  handler.ContextHandler (ContextHandler.java:doStart(781)) - Started o.e.j.w.WebAppContext@314f59b{/,file:///workdir/hadoop-ozone/integration-test/target/test-classes/webapps/ozoneManager/,AVAILABLE}{/ozoneManager}
2019-08-21 05:55:22,028 [main] INFO  server.AbstractConnector (AbstractConnector.java:doStart(278)) - Started ServerConnector@63c99f7{HTTP/1.1,[http/1.1]}{0.0.0.0:35257}
2019-08-21 05:55:22,029 [main] INFO  server.Server (Server.java:doStart(419)) - Started @46844ms
2019-08-21 05:55:22,030 [main] INFO  server.BaseHttpServer (BaseHttpServer.java:updateConnectorAddress(213)) - HTTP server of OZONEMANAGER is listening at http://0.0.0.0:35257
2019-08-21 05:55:22,047 [main] INFO  impl.MetricsSystemImpl (MetricsSystemImpl.java:init(158)) - HddsDatanode metrics system started (again)
2019-08-21 05:55:22,049 [main] INFO  ozone.HddsDatanodeService (HddsDatanodeService.java:start(184)) - HddsDatanodeService host:trunk-nightly-9stkx-2366262011 ip:192.168.69.91
2019-08-21 05:55:22,056 [main] INFO  volume.HddsVolume (HddsVolume.java:<init>(176)) - Creating Volume: /workdir/hadoop-ozone/integration-test/target/test-dir/MiniOzoneClusterImpl-6d1cdef1-941d-4f62-be26-b5ce02def95a/datanode-0/data/containers/hdds of  storage type : DISK and capacity : 1482555576320
2019-08-21 05:55:22,057 [main] INFO  volume.VolumeSet (VolumeSet.java:initializeVolumeSet(170)) - Added Volume : /workdir/hadoop-ozone/integration-test/target/test-dir/MiniOzoneClusterImpl-6d1cdef1-941d-4f62-be26-b5ce02def95a/datanode-0/data/containers/hdds to VolumeSet
2019-08-21 05:55:22,057 [main] INFO  volume.ThrottledAsyncChecker (ThrottledAsyncChecker.java:schedule(140)) - Scheduling a check for org.apache.hadoop.ozone.container.common.volume.HddsVolume@2036f83
2019-08-21 05:55:22,057 [main] INFO  volume.HddsVolumeChecker (HddsVolumeChecker.java:checkAllVolumes(203)) - Scheduled health check for volume org.apache.hadoop.ozone.container.common.volume.HddsVolume@2036f83
2019-08-21 05:55:22,072 [main] INFO  impl.RaftServerProxy (ConfUtils.java:logGet(43)) - raft.rpc.type = GRPC (default)
2019-08-21 05:55:22,072 [main] INFO  grpc.GrpcFactory (GrpcFactory.java:checkPooledByteBufAllocatorUseCacheForAllThreads(45)) - PERFORMANCE WARNING: useCacheForAllThreads is true that may cause Netty to create a lot garbage objects and, as a result, trigger GC.
	It is recommended to disable useCacheForAllThreads by setting -Dorg.apache.ratis.thirdparty.io.netty.allocator.useCacheForAllThreads=false in command line.
2019-08-21 05:55:22,073 [main] INFO  grpc.GrpcConfigKeys$Server (ConfUtils.java:logGet(43)) - raft.grpc.server.port = 0 (default)
2019-08-21 05:55:22,073 [main] INFO  server.GrpcService (ConfUtils.java:logGet(43)) - raft.grpc.message.size.max = 33570816 (custom)
2019-08-21 05:55:22,073 [main] INFO  server.RaftServerConfigKeys (ConfUtils.java:logGet(43)) - raft.server.log.appender.buffer.byte-limit = 33554432 (custom)
2019-08-21 05:55:22,073 [main] INFO  server.GrpcService (ConfUtils.java:logGet(43)) - raft.grpc.flow.control.window = 1MB (=1048576) (default)
2019-08-21 05:55:22,074 [main] INFO  server.RaftServerConfigKeys (ConfUtils.java:logGet(43)) - raft.server.rpc.request.timeout = 3000ms (default)
2019-08-21 05:55:22,074 [main] INFO  server.RaftServerConfigKeys (ConfUtils.java:logGet(43)) - raft.server.storage.dir = [/workdir/hadoop-ozone/integration-test/target/test-dir/MiniOzoneClusterImpl-6d1cdef1-941d-4f62-be26-b5ce02def95a/datanode-0/data/ratis] (custom)
2019-08-21 05:55:22,075 [main] INFO  replication.SimpleContainerDownloader (SimpleContainerDownloader.java:<init>(72)) - Starting container downloader service to copy containers to replicate.
2019-08-21 05:55:22,076 [main] INFO  hdfs.DFSUtil (DFSUtil.java:httpServerTemplateForNNAndJN(1641)) - Starting Web-server for hddsDatanode at: http://0.0.0.0:0
2019-08-21 05:55:22,077 [main] INFO  server.AuthenticationFilter (AuthenticationFilter.java:constructSecretProvider(240)) - Unable to initialize FileSignerSecretProvider, falling back to use random secrets.
2019-08-21 05:55:22,078 [main] WARN  http.HttpRequestLog (HttpRequestLog.java:getRequestLog(97)) - Jetty request log can only be enabled using Log4j
2019-08-21 05:55:22,079 [main] INFO  http.HttpServer2 (HttpServer2.java:addGlobalFilter(975)) - Added global filter 'safety' (class=org.apache.hadoop.http.HttpServer2$QuotingInputFilter)
2019-08-21 05:55:22,080 [main] INFO  http.HttpServer2 (HttpServer2.java:addFilter(948)) - Added filter static_user_filter (class=org.apache.hadoop.http.lib.StaticUserWebFilter$StaticUserFilter) to context hddsDatanode
2019-08-21 05:55:22,080 [main] INFO  http.HttpServer2 (HttpServer2.java:addFilter(958)) - Added filter static_user_filter (class=org.apache.hadoop.http.lib.StaticUserWebFilter$StaticUserFilter) to context logs
2019-08-21 05:55:22,080 [main] INFO  http.HttpServer2 (HttpServer2.java:addFilter(958)) - Added filter static_user_filter (class=org.apache.hadoop.http.lib.StaticUserWebFilter$StaticUserFilter) to context static
2019-08-21 05:55:22,081 [main] INFO  http.HttpServer2 (HttpServer2.java:bindListener(1191)) - Jetty bound to port 35040
2019-08-21 05:55:22,081 [main] INFO  server.Server (Server.java:doStart(351)) - jetty-9.3.24.v20180605, build timestamp: 2018-06-05T17:11:56Z, git hash: 84205aa28f11a4f31f2a3b86d1bba2cc8ab69827
2019-08-21 05:55:22,083 [main] INFO  handler.ContextHandler (ContextHandler.java:doStart(781)) - Started o.e.j.s.ServletContextHandler@21280cbb{/logs,file:///workdir/hadoop-ozone/integration-test/target/log,AVAILABLE}
2019-08-21 05:55:22,084 [main] INFO  handler.ContextHandler (ContextHandler.java:doStart(781)) - Started o.e.j.s.ServletContextHandler@995ad50{/static,jar:file:/home/user/.m2/repository/org/apache/hadoop/hadoop-hdds-container-service/0.5.0-SNAPSHOT/hadoop-hdds-container-service-0.5.0-SNAPSHOT.jar!/webapps/static,AVAILABLE}
2019-08-21 05:55:22,112 [main] INFO  handler.ContextHandler (ContextHandler.java:doStart(781)) - Started o.e.j.w.WebAppContext@48ae9e8b{/,file:///tmp/jetty-0.0.0.0-35040-hddsDatanode-_-any-5575463854974879138.dir/webapp/,AVAILABLE}{/hddsDatanode}
2019-08-21 05:55:22,112 [main] INFO  server.AbstractConnector (AbstractConnector.java:doStart(278)) - Started ServerConnector@6eaa6b0c{HTTP/1.1,[http/1.1]}{0.0.0.0:35040}
2019-08-21 05:55:22,114 [main] INFO  server.Server (Server.java:doStart(419)) - Started @46929ms
2019-08-21 05:55:22,115 [main] INFO  server.BaseHttpServer (BaseHttpServer.java:updateConnectorAddress(213)) - HTTP server of HDDSDATANODE is listening at http://0.0.0.0:35040
2019-08-21 05:55:22,261 | INFO  | ObjectStoreRestHttpServer | Listening HDDS REST traffic on /0.0.0.0:44034 |  
2019-08-21 05:55:22,261 [main] INFO  ozone.HddsDatanodeService (HddsDatanodeService.java:startPlugins(395)) - Started plug-in org.apache.hadoop.ozone.web.OzoneHddsDatanodeService@9e50283
2019-08-21 05:55:22,261 [main] INFO  impl.MetricsSystemImpl (MetricsSystemImpl.java:init(158)) - HddsDatanode metrics system started (again)
2019-08-21 05:55:22,265 [main] INFO  ozone.HddsDatanodeService (HddsDatanodeService.java:start(184)) - HddsDatanodeService host:trunk-nightly-9stkx-2366262011 ip:192.168.69.91
2019-08-21 05:55:22,265 [org.apache.hadoop.util.JvmPauseMonitor$Monitor@50a924b0] INFO  util.JvmPauseMonitor (JvmPauseMonitor.java:run(188)) - Starting JVM pause monitor
2019-08-21 05:55:22,268 [Datanode State Machine Thread - 0] INFO  datanode.InitDatanodeState (InitDatanodeState.java:persistContainerDatanodeDetails(140)) - DatanodeDetails is persisted to /workdir/hadoop-ozone/integration-test/target/test-dir/MiniOzoneClusterImpl-6d1cdef1-941d-4f62-be26-b5ce02def95a/datanode-0/meta/datanode.id
2019-08-21 05:55:22,273 [main] INFO  volume.HddsVolume (HddsVolume.java:<init>(176)) - Creating Volume: /workdir/hadoop-ozone/integration-test/target/test-dir/MiniOzoneClusterImpl-6d1cdef1-941d-4f62-be26-b5ce02def95a/datanode-1/data/containers/hdds of  storage type : DISK and capacity : 1482555576320
2019-08-21 05:55:22,273 [main] INFO  volume.VolumeSet (VolumeSet.java:initializeVolumeSet(170)) - Added Volume : /workdir/hadoop-ozone/integration-test/target/test-dir/MiniOzoneClusterImpl-6d1cdef1-941d-4f62-be26-b5ce02def95a/datanode-1/data/containers/hdds to VolumeSet
2019-08-21 05:55:22,273 [main] INFO  volume.ThrottledAsyncChecker (ThrottledAsyncChecker.java:schedule(140)) - Scheduling a check for org.apache.hadoop.ozone.container.common.volume.HddsVolume@147c00aa
2019-08-21 05:55:22,274 [main] INFO  volume.HddsVolumeChecker (HddsVolumeChecker.java:checkAllVolumes(203)) - Scheduled health check for volume org.apache.hadoop.ozone.container.common.volume.HddsVolume@147c00aa
2019-08-21 05:55:22,287 [main] INFO  impl.RaftServerProxy (ConfUtils.java:logGet(43)) - raft.rpc.type = GRPC (default)
2019-08-21 05:55:22,288 [main] INFO  grpc.GrpcFactory (GrpcFactory.java:checkPooledByteBufAllocatorUseCacheForAllThreads(45)) - PERFORMANCE WARNING: useCacheForAllThreads is true that may cause Netty to create a lot garbage objects and, as a result, trigger GC.
	It is recommended to disable useCacheForAllThreads by setting -Dorg.apache.ratis.thirdparty.io.netty.allocator.useCacheForAllThreads=false in command line.
2019-08-21 05:55:22,288 [main] INFO  grpc.GrpcConfigKeys$Server (ConfUtils.java:logGet(43)) - raft.grpc.server.port = 0 (default)
2019-08-21 05:55:22,288 [main] INFO  server.GrpcService (ConfUtils.java:logGet(43)) - raft.grpc.message.size.max = 33570816 (custom)
2019-08-21 05:55:22,288 [main] INFO  server.RaftServerConfigKeys (ConfUtils.java:logGet(43)) - raft.server.log.appender.buffer.byte-limit = 33554432 (custom)
2019-08-21 05:55:22,288 [main] INFO  server.GrpcService (ConfUtils.java:logGet(43)) - raft.grpc.flow.control.window = 1MB (=1048576) (default)
2019-08-21 05:55:22,289 [main] INFO  server.RaftServerConfigKeys (ConfUtils.java:logGet(43)) - raft.server.rpc.request.timeout = 3000ms (default)
2019-08-21 05:55:22,289 [main] INFO  server.RaftServerConfigKeys (ConfUtils.java:logGet(43)) - raft.server.storage.dir = [/workdir/hadoop-ozone/integration-test/target/test-dir/MiniOzoneClusterImpl-6d1cdef1-941d-4f62-be26-b5ce02def95a/datanode-1/data/ratis] (custom)
2019-08-21 05:55:22,290 [main] INFO  replication.SimpleContainerDownloader (SimpleContainerDownloader.java:<init>(72)) - Starting container downloader service to copy containers to replicate.
2019-08-21 05:55:22,291 [main] INFO  hdfs.DFSUtil (DFSUtil.java:httpServerTemplateForNNAndJN(1641)) - Starting Web-server for hddsDatanode at: http://0.0.0.0:0
2019-08-21 05:55:22,292 [main] INFO  server.AuthenticationFilter (AuthenticationFilter.java:constructSecretProvider(240)) - Unable to initialize FileSignerSecretProvider, falling back to use random secrets.
2019-08-21 05:55:22,292 [main] WARN  http.HttpRequestLog (HttpRequestLog.java:getRequestLog(97)) - Jetty request log can only be enabled using Log4j
2019-08-21 05:55:22,294 [main] INFO  http.HttpServer2 (HttpServer2.java:addGlobalFilter(975)) - Added global filter 'safety' (class=org.apache.hadoop.http.HttpServer2$QuotingInputFilter)
2019-08-21 05:55:22,294 [main] INFO  http.HttpServer2 (HttpServer2.java:addFilter(948)) - Added filter static_user_filter (class=org.apache.hadoop.http.lib.StaticUserWebFilter$StaticUserFilter) to context hddsDatanode
2019-08-21 05:55:22,294 [main] INFO  http.HttpServer2 (HttpServer2.java:addFilter(958)) - Added filter static_user_filter (class=org.apache.hadoop.http.lib.StaticUserWebFilter$StaticUserFilter) to context static
2019-08-21 05:55:22,295 [main] INFO  http.HttpServer2 (HttpServer2.java:addFilter(958)) - Added filter static_user_filter (class=org.apache.hadoop.http.lib.StaticUserWebFilter$StaticUserFilter) to context logs
2019-08-21 05:55:22,295 [main] INFO  http.HttpServer2 (HttpServer2.java:bindListener(1191)) - Jetty bound to port 37098
2019-08-21 05:55:22,295 [main] INFO  server.Server (Server.java:doStart(351)) - jetty-9.3.24.v20180605, build timestamp: 2018-06-05T17:11:56Z, git hash: 84205aa28f11a4f31f2a3b86d1bba2cc8ab69827
2019-08-21 05:55:22,297 [main] INFO  handler.ContextHandler (ContextHandler.java:doStart(781)) - Started o.e.j.s.ServletContextHandler@65d7eea4{/logs,file:///workdir/hadoop-ozone/integration-test/target/log,AVAILABLE}
2019-08-21 05:55:22,298 [main] INFO  handler.ContextHandler (ContextHandler.java:doStart(781)) - Started o.e.j.s.ServletContextHandler@6076c66{/static,jar:file:/home/user/.m2/repository/org/apache/hadoop/hadoop-hdds-container-service/0.5.0-SNAPSHOT/hadoop-hdds-container-service-0.5.0-SNAPSHOT.jar!/webapps/static,AVAILABLE}
2019-08-21 05:55:22,326 [main] INFO  handler.ContextHandler (ContextHandler.java:doStart(781)) - Started o.e.j.w.WebAppContext@5f7cd50e{/,file:///tmp/jetty-0.0.0.0-37098-hddsDatanode-_-any-2556146638209645172.dir/webapp/,AVAILABLE}{/hddsDatanode}
2019-08-21 05:55:22,326 [main] INFO  server.AbstractConnector (AbstractConnector.java:doStart(278)) - Started ServerConnector@401ec794{HTTP/1.1,[http/1.1]}{0.0.0.0:37098}
2019-08-21 05:55:22,327 [main] INFO  server.Server (Server.java:doStart(419)) - Started @47142ms
2019-08-21 05:55:22,328 [main] INFO  server.BaseHttpServer (BaseHttpServer.java:updateConnectorAddress(213)) - HTTP server of HDDSDATANODE is listening at http://0.0.0.0:37098
2019-08-21 05:55:22,456 | INFO  | ObjectStoreRestHttpServer | Listening HDDS REST traffic on /0.0.0.0:45791 |  
2019-08-21 05:55:22,456 [main] INFO  ozone.HddsDatanodeService (HddsDatanodeService.java:startPlugins(395)) - Started plug-in org.apache.hadoop.ozone.web.OzoneHddsDatanodeService@97b5e6a
2019-08-21 05:55:22,456 [main] INFO  impl.MetricsSystemImpl (MetricsSystemImpl.java:init(158)) - HddsDatanode metrics system started (again)
2019-08-21 05:55:22,461 [org.apache.hadoop.util.JvmPauseMonitor$Monitor@1becd34] INFO  util.JvmPauseMonitor (JvmPauseMonitor.java:run(188)) - Starting JVM pause monitor
2019-08-21 05:55:22,461 [main] INFO  ozone.HddsDatanodeService (HddsDatanodeService.java:start(184)) - HddsDatanodeService host:trunk-nightly-9stkx-2366262011 ip:192.168.69.91
2019-08-21 05:55:22,463 [Datanode State Machine Thread - 0] INFO  datanode.InitDatanodeState (InitDatanodeState.java:persistContainerDatanodeDetails(140)) - DatanodeDetails is persisted to /workdir/hadoop-ozone/integration-test/target/test-dir/MiniOzoneClusterImpl-6d1cdef1-941d-4f62-be26-b5ce02def95a/datanode-1/meta/datanode.id
2019-08-21 05:55:22,469 [main] INFO  volume.HddsVolume (HddsVolume.java:<init>(176)) - Creating Volume: /workdir/hadoop-ozone/integration-test/target/test-dir/MiniOzoneClusterImpl-6d1cdef1-941d-4f62-be26-b5ce02def95a/datanode-2/data/containers/hdds of  storage type : DISK and capacity : 1482555576320
2019-08-21 05:55:22,469 [main] INFO  volume.VolumeSet (VolumeSet.java:initializeVolumeSet(170)) - Added Volume : /workdir/hadoop-ozone/integration-test/target/test-dir/MiniOzoneClusterImpl-6d1cdef1-941d-4f62-be26-b5ce02def95a/datanode-2/data/containers/hdds to VolumeSet
2019-08-21 05:55:22,469 [main] INFO  volume.ThrottledAsyncChecker (ThrottledAsyncChecker.java:schedule(140)) - Scheduling a check for org.apache.hadoop.ozone.container.common.volume.HddsVolume@7c8f047a
2019-08-21 05:55:22,470 [main] INFO  volume.HddsVolumeChecker (HddsVolumeChecker.java:checkAllVolumes(203)) - Scheduled health check for volume org.apache.hadoop.ozone.container.common.volume.HddsVolume@7c8f047a
2019-08-21 05:55:22,484 [main] INFO  impl.RaftServerProxy (ConfUtils.java:logGet(43)) - raft.rpc.type = GRPC (default)
2019-08-21 05:55:22,484 [main] INFO  grpc.GrpcFactory (GrpcFactory.java:checkPooledByteBufAllocatorUseCacheForAllThreads(45)) - PERFORMANCE WARNING: useCacheForAllThreads is true that may cause Netty to create a lot garbage objects and, as a result, trigger GC.
	It is recommended to disable useCacheForAllThreads by setting -Dorg.apache.ratis.thirdparty.io.netty.allocator.useCacheForAllThreads=false in command line.
2019-08-21 05:55:22,484 [main] INFO  grpc.GrpcConfigKeys$Server (ConfUtils.java:logGet(43)) - raft.grpc.server.port = 0 (default)
2019-08-21 05:55:22,485 [main] INFO  server.GrpcService (ConfUtils.java:logGet(43)) - raft.grpc.message.size.max = 33570816 (custom)
2019-08-21 05:55:22,485 [main] INFO  server.RaftServerConfigKeys (ConfUtils.java:logGet(43)) - raft.server.log.appender.buffer.byte-limit = 33554432 (custom)
2019-08-21 05:55:22,485 [main] INFO  server.GrpcService (ConfUtils.java:logGet(43)) - raft.grpc.flow.control.window = 1MB (=1048576) (default)
2019-08-21 05:55:22,485 [main] INFO  server.RaftServerConfigKeys (ConfUtils.java:logGet(43)) - raft.server.rpc.request.timeout = 3000ms (default)
2019-08-21 05:55:22,486 [main] INFO  server.RaftServerConfigKeys (ConfUtils.java:logGet(43)) - raft.server.storage.dir = [/workdir/hadoop-ozone/integration-test/target/test-dir/MiniOzoneClusterImpl-6d1cdef1-941d-4f62-be26-b5ce02def95a/datanode-2/data/ratis] (custom)
2019-08-21 05:55:22,486 [main] INFO  replication.SimpleContainerDownloader (SimpleContainerDownloader.java:<init>(72)) - Starting container downloader service to copy containers to replicate.
2019-08-21 05:55:22,487 [main] INFO  hdfs.DFSUtil (DFSUtil.java:httpServerTemplateForNNAndJN(1641)) - Starting Web-server for hddsDatanode at: http://0.0.0.0:0
2019-08-21 05:55:22,489 [main] INFO  server.AuthenticationFilter (AuthenticationFilter.java:constructSecretProvider(240)) - Unable to initialize FileSignerSecretProvider, falling back to use random secrets.
2019-08-21 05:55:22,489 [main] WARN  http.HttpRequestLog (HttpRequestLog.java:getRequestLog(97)) - Jetty request log can only be enabled using Log4j
2019-08-21 05:55:22,490 [main] INFO  http.HttpServer2 (HttpServer2.java:addGlobalFilter(975)) - Added global filter 'safety' (class=org.apache.hadoop.http.HttpServer2$QuotingInputFilter)
2019-08-21 05:55:22,491 [main] INFO  http.HttpServer2 (HttpServer2.java:addFilter(948)) - Added filter static_user_filter (class=org.apache.hadoop.http.lib.StaticUserWebFilter$StaticUserFilter) to context hddsDatanode
2019-08-21 05:55:22,491 [main] INFO  http.HttpServer2 (HttpServer2.java:addFilter(958)) - Added filter static_user_filter (class=org.apache.hadoop.http.lib.StaticUserWebFilter$StaticUserFilter) to context static
2019-08-21 05:55:22,491 [main] INFO  http.HttpServer2 (HttpServer2.java:addFilter(958)) - Added filter static_user_filter (class=org.apache.hadoop.http.lib.StaticUserWebFilter$StaticUserFilter) to context logs
2019-08-21 05:55:22,492 [main] INFO  http.HttpServer2 (HttpServer2.java:bindListener(1191)) - Jetty bound to port 46051
2019-08-21 05:55:22,492 [main] INFO  server.Server (Server.java:doStart(351)) - jetty-9.3.24.v20180605, build timestamp: 2018-06-05T17:11:56Z, git hash: 84205aa28f11a4f31f2a3b86d1bba2cc8ab69827
2019-08-21 05:55:22,494 [main] INFO  handler.ContextHandler (ContextHandler.java:doStart(781)) - Started o.e.j.s.ServletContextHandler@1029cf9{/logs,file:///workdir/hadoop-ozone/integration-test/target/log,AVAILABLE}
2019-08-21 05:55:22,494 [main] INFO  handler.ContextHandler (ContextHandler.java:doStart(781)) - Started o.e.j.s.ServletContextHandler@27dfd12b{/static,jar:file:/home/user/.m2/repository/org/apache/hadoop/hadoop-hdds-container-service/0.5.0-SNAPSHOT/hadoop-hdds-container-service-0.5.0-SNAPSHOT.jar!/webapps/static,AVAILABLE}
2019-08-21 05:55:22,521 [main] INFO  handler.ContextHandler (ContextHandler.java:doStart(781)) - Started o.e.j.w.WebAppContext@25d9291a{/,file:///tmp/jetty-0.0.0.0-46051-hddsDatanode-_-any-4421625802926875429.dir/webapp/,AVAILABLE}{/hddsDatanode}
2019-08-21 05:55:22,522 [main] INFO  server.AbstractConnector (AbstractConnector.java:doStart(278)) - Started ServerConnector@445058e8{HTTP/1.1,[http/1.1]}{0.0.0.0:46051}
2019-08-21 05:55:22,523 [main] INFO  server.Server (Server.java:doStart(419)) - Started @47338ms
2019-08-21 05:55:22,524 [main] INFO  server.BaseHttpServer (BaseHttpServer.java:updateConnectorAddress(213)) - HTTP server of HDDSDATANODE is listening at http://0.0.0.0:46051
2019-08-21 05:55:22,651 | INFO  | ObjectStoreRestHttpServer | Listening HDDS REST traffic on /0.0.0.0:41670 |  
2019-08-21 05:55:22,651 [main] INFO  ozone.HddsDatanodeService (HddsDatanodeService.java:startPlugins(395)) - Started plug-in org.apache.hadoop.ozone.web.OzoneHddsDatanodeService@1bc6c20d
2019-08-21 05:55:22,651 [main] INFO  impl.MetricsSystemImpl (MetricsSystemImpl.java:init(158)) - HddsDatanode metrics system started (again)
2019-08-21 05:55:22,656 [org.apache.hadoop.util.JvmPauseMonitor$Monitor@263016e9] INFO  util.JvmPauseMonitor (JvmPauseMonitor.java:run(188)) - Starting JVM pause monitor
2019-08-21 05:55:22,657 [main] INFO  ozone.HddsDatanodeService (HddsDatanodeService.java:start(184)) - HddsDatanodeService host:trunk-nightly-9stkx-2366262011 ip:192.168.69.91
2019-08-21 05:55:22,659 [Datanode State Machine Thread - 0] INFO  datanode.InitDatanodeState (InitDatanodeState.java:persistContainerDatanodeDetails(140)) - DatanodeDetails is persisted to /workdir/hadoop-ozone/integration-test/target/test-dir/MiniOzoneClusterImpl-6d1cdef1-941d-4f62-be26-b5ce02def95a/datanode-2/meta/datanode.id
2019-08-21 05:55:22,665 [main] INFO  volume.HddsVolume (HddsVolume.java:<init>(176)) - Creating Volume: /workdir/hadoop-ozone/integration-test/target/test-dir/MiniOzoneClusterImpl-6d1cdef1-941d-4f62-be26-b5ce02def95a/datanode-3/data/containers/hdds of  storage type : DISK and capacity : 1482555576320
2019-08-21 05:55:22,665 [main] INFO  volume.VolumeSet (VolumeSet.java:initializeVolumeSet(170)) - Added Volume : /workdir/hadoop-ozone/integration-test/target/test-dir/MiniOzoneClusterImpl-6d1cdef1-941d-4f62-be26-b5ce02def95a/datanode-3/data/containers/hdds to VolumeSet
2019-08-21 05:55:22,666 [main] INFO  volume.ThrottledAsyncChecker (ThrottledAsyncChecker.java:schedule(140)) - Scheduling a check for org.apache.hadoop.ozone.container.common.volume.HddsVolume@6d35ff7b
2019-08-21 05:55:22,666 [main] INFO  volume.HddsVolumeChecker (HddsVolumeChecker.java:checkAllVolumes(203)) - Scheduled health check for volume org.apache.hadoop.ozone.container.common.volume.HddsVolume@6d35ff7b
2019-08-21 05:55:22,681 [main] INFO  impl.RaftServerProxy (ConfUtils.java:logGet(43)) - raft.rpc.type = GRPC (default)
2019-08-21 05:55:22,681 [main] INFO  grpc.GrpcFactory (GrpcFactory.java:checkPooledByteBufAllocatorUseCacheForAllThreads(45)) - PERFORMANCE WARNING: useCacheForAllThreads is true that may cause Netty to create a lot garbage objects and, as a result, trigger GC.
	It is recommended to disable useCacheForAllThreads by setting -Dorg.apache.ratis.thirdparty.io.netty.allocator.useCacheForAllThreads=false in command line.
2019-08-21 05:55:22,682 [main] INFO  grpc.GrpcConfigKeys$Server (ConfUtils.java:logGet(43)) - raft.grpc.server.port = 0 (default)
2019-08-21 05:55:22,682 [main] INFO  server.GrpcService (ConfUtils.java:logGet(43)) - raft.grpc.message.size.max = 33570816 (custom)
2019-08-21 05:55:22,682 [main] INFO  server.RaftServerConfigKeys (ConfUtils.java:logGet(43)) - raft.server.log.appender.buffer.byte-limit = 33554432 (custom)
2019-08-21 05:55:22,682 [main] INFO  server.GrpcService (ConfUtils.java:logGet(43)) - raft.grpc.flow.control.window = 1MB (=1048576) (default)
2019-08-21 05:55:22,682 [main] INFO  server.RaftServerConfigKeys (ConfUtils.java:logGet(43)) - raft.server.rpc.request.timeout = 3000ms (default)
2019-08-21 05:55:22,683 [main] INFO  server.RaftServerConfigKeys (ConfUtils.java:logGet(43)) - raft.server.storage.dir = [/workdir/hadoop-ozone/integration-test/target/test-dir/MiniOzoneClusterImpl-6d1cdef1-941d-4f62-be26-b5ce02def95a/datanode-3/data/ratis] (custom)
2019-08-21 05:55:22,683 [main] INFO  replication.SimpleContainerDownloader (SimpleContainerDownloader.java:<init>(72)) - Starting container downloader service to copy containers to replicate.
2019-08-21 05:55:22,685 [main] INFO  hdfs.DFSUtil (DFSUtil.java:httpServerTemplateForNNAndJN(1641)) - Starting Web-server for hddsDatanode at: http://0.0.0.0:0
2019-08-21 05:55:22,686 [main] INFO  server.AuthenticationFilter (AuthenticationFilter.java:constructSecretProvider(240)) - Unable to initialize FileSignerSecretProvider, falling back to use random secrets.
2019-08-21 05:55:22,686 [main] WARN  http.HttpRequestLog (HttpRequestLog.java:getRequestLog(97)) - Jetty request log can only be enabled using Log4j
2019-08-21 05:55:22,687 [main] INFO  http.HttpServer2 (HttpServer2.java:addGlobalFilter(975)) - Added global filter 'safety' (class=org.apache.hadoop.http.HttpServer2$QuotingInputFilter)
2019-08-21 05:55:22,688 [main] INFO  http.HttpServer2 (HttpServer2.java:addFilter(948)) - Added filter static_user_filter (class=org.apache.hadoop.http.lib.StaticUserWebFilter$StaticUserFilter) to context hddsDatanode
2019-08-21 05:55:22,688 [main] INFO  http.HttpServer2 (HttpServer2.java:addFilter(958)) - Added filter static_user_filter (class=org.apache.hadoop.http.lib.StaticUserWebFilter$StaticUserFilter) to context static
2019-08-21 05:55:22,688 [main] INFO  http.HttpServer2 (HttpServer2.java:addFilter(958)) - Added filter static_user_filter (class=org.apache.hadoop.http.lib.StaticUserWebFilter$StaticUserFilter) to context logs
2019-08-21 05:55:22,689 [main] INFO  http.HttpServer2 (HttpServer2.java:bindListener(1191)) - Jetty bound to port 43324
2019-08-21 05:55:22,689 [main] INFO  server.Server (Server.java:doStart(351)) - jetty-9.3.24.v20180605, build timestamp: 2018-06-05T17:11:56Z, git hash: 84205aa28f11a4f31f2a3b86d1bba2cc8ab69827
2019-08-21 05:55:22,691 [main] INFO  handler.ContextHandler (ContextHandler.java:doStart(781)) - Started o.e.j.s.ServletContextHandler@73dbe25{/logs,file:///workdir/hadoop-ozone/integration-test/target/log,AVAILABLE}
2019-08-21 05:55:22,691 [main] INFO  handler.ContextHandler (ContextHandler.java:doStart(781)) - Started o.e.j.s.ServletContextHandler@6bfdaa7a{/static,jar:file:/home/user/.m2/repository/org/apache/hadoop/hadoop-hdds-container-service/0.5.0-SNAPSHOT/hadoop-hdds-container-service-0.5.0-SNAPSHOT.jar!/webapps/static,AVAILABLE}
2019-08-21 05:55:22,719 [main] INFO  handler.ContextHandler (ContextHandler.java:doStart(781)) - Started o.e.j.w.WebAppContext@772f3a3f{/,file:///tmp/jetty-0.0.0.0-43324-hddsDatanode-_-any-8913880592757186351.dir/webapp/,AVAILABLE}{/hddsDatanode}
2019-08-21 05:55:22,719 [main] INFO  server.AbstractConnector (AbstractConnector.java:doStart(278)) - Started ServerConnector@3caa4d85{HTTP/1.1,[http/1.1]}{0.0.0.0:43324}
2019-08-21 05:55:22,721 [main] INFO  server.Server (Server.java:doStart(419)) - Started @47536ms
2019-08-21 05:55:22,721 [main] INFO  server.BaseHttpServer (BaseHttpServer.java:updateConnectorAddress(213)) - HTTP server of HDDSDATANODE is listening at http://0.0.0.0:43324
2019-08-21 05:55:22,848 | INFO  | ObjectStoreRestHttpServer | Listening HDDS REST traffic on /0.0.0.0:36119 |  
2019-08-21 05:55:22,848 [main] INFO  ozone.HddsDatanodeService (HddsDatanodeService.java:startPlugins(395)) - Started plug-in org.apache.hadoop.ozone.web.OzoneHddsDatanodeService@664f49f
2019-08-21 05:55:22,849 [main] INFO  impl.MetricsSystemImpl (MetricsSystemImpl.java:init(158)) - HddsDatanode metrics system started (again)
2019-08-21 05:55:22,854 [org.apache.hadoop.util.JvmPauseMonitor$Monitor@62da4eb0] INFO  util.JvmPauseMonitor (JvmPauseMonitor.java:run(188)) - Starting JVM pause monitor
2019-08-21 05:55:22,854 [main] INFO  ozone.HddsDatanodeService (HddsDatanodeService.java:start(184)) - HddsDatanodeService host:trunk-nightly-9stkx-2366262011 ip:192.168.69.91
2019-08-21 05:55:22,856 [Datanode State Machine Thread - 0] INFO  datanode.InitDatanodeState (InitDatanodeState.java:persistContainerDatanodeDetails(140)) - DatanodeDetails is persisted to /workdir/hadoop-ozone/integration-test/target/test-dir/MiniOzoneClusterImpl-6d1cdef1-941d-4f62-be26-b5ce02def95a/datanode-3/meta/datanode.id
2019-08-21 05:55:22,862 [main] INFO  volume.HddsVolume (HddsVolume.java:<init>(176)) - Creating Volume: /workdir/hadoop-ozone/integration-test/target/test-dir/MiniOzoneClusterImpl-6d1cdef1-941d-4f62-be26-b5ce02def95a/datanode-4/data/containers/hdds of  storage type : DISK and capacity : 1482555576320
2019-08-21 05:55:22,862 [main] INFO  volume.VolumeSet (VolumeSet.java:initializeVolumeSet(170)) - Added Volume : /workdir/hadoop-ozone/integration-test/target/test-dir/MiniOzoneClusterImpl-6d1cdef1-941d-4f62-be26-b5ce02def95a/datanode-4/data/containers/hdds to VolumeSet
2019-08-21 05:55:22,863 [main] INFO  volume.ThrottledAsyncChecker (ThrottledAsyncChecker.java:schedule(140)) - Scheduling a check for org.apache.hadoop.ozone.container.common.volume.HddsVolume@2c15034f
2019-08-21 05:55:22,863 [main] INFO  volume.HddsVolumeChecker (HddsVolumeChecker.java:checkAllVolumes(203)) - Scheduled health check for volume org.apache.hadoop.ozone.container.common.volume.HddsVolume@2c15034f
2019-08-21 05:55:22,878 [main] INFO  impl.RaftServerProxy (ConfUtils.java:logGet(43)) - raft.rpc.type = GRPC (default)
2019-08-21 05:55:22,878 [main] INFO  grpc.GrpcFactory (GrpcFactory.java:checkPooledByteBufAllocatorUseCacheForAllThreads(45)) - PERFORMANCE WARNING: useCacheForAllThreads is true that may cause Netty to create a lot garbage objects and, as a result, trigger GC.
	It is recommended to disable useCacheForAllThreads by setting -Dorg.apache.ratis.thirdparty.io.netty.allocator.useCacheForAllThreads=false in command line.
2019-08-21 05:55:22,879 [main] INFO  grpc.GrpcConfigKeys$Server (ConfUtils.java:logGet(43)) - raft.grpc.server.port = 0 (default)
2019-08-21 05:55:22,879 [main] INFO  server.GrpcService (ConfUtils.java:logGet(43)) - raft.grpc.message.size.max = 33570816 (custom)
2019-08-21 05:55:22,879 [main] INFO  server.RaftServerConfigKeys (ConfUtils.java:logGet(43)) - raft.server.log.appender.buffer.byte-limit = 33554432 (custom)
2019-08-21 05:55:22,879 [main] INFO  server.GrpcService (ConfUtils.java:logGet(43)) - raft.grpc.flow.control.window = 1MB (=1048576) (default)
2019-08-21 05:55:22,880 [main] INFO  server.RaftServerConfigKeys (ConfUtils.java:logGet(43)) - raft.server.rpc.request.timeout = 3000ms (default)
2019-08-21 05:55:22,880 [main] INFO  server.RaftServerConfigKeys (ConfUtils.java:logGet(43)) - raft.server.storage.dir = [/workdir/hadoop-ozone/integration-test/target/test-dir/MiniOzoneClusterImpl-6d1cdef1-941d-4f62-be26-b5ce02def95a/datanode-4/data/ratis] (custom)
2019-08-21 05:55:22,881 [main] INFO  replication.SimpleContainerDownloader (SimpleContainerDownloader.java:<init>(72)) - Starting container downloader service to copy containers to replicate.
2019-08-21 05:55:22,882 [main] INFO  hdfs.DFSUtil (DFSUtil.java:httpServerTemplateForNNAndJN(1641)) - Starting Web-server for hddsDatanode at: http://0.0.0.0:0
2019-08-21 05:55:22,883 [main] INFO  server.AuthenticationFilter (AuthenticationFilter.java:constructSecretProvider(240)) - Unable to initialize FileSignerSecretProvider, falling back to use random secrets.
2019-08-21 05:55:22,884 [main] WARN  http.HttpRequestLog (HttpRequestLog.java:getRequestLog(97)) - Jetty request log can only be enabled using Log4j
2019-08-21 05:55:22,885 [main] INFO  http.HttpServer2 (HttpServer2.java:addGlobalFilter(975)) - Added global filter 'safety' (class=org.apache.hadoop.http.HttpServer2$QuotingInputFilter)
2019-08-21 05:55:22,886 [main] INFO  http.HttpServer2 (HttpServer2.java:addFilter(948)) - Added filter static_user_filter (class=org.apache.hadoop.http.lib.StaticUserWebFilter$StaticUserFilter) to context hddsDatanode
2019-08-21 05:55:22,886 [main] INFO  http.HttpServer2 (HttpServer2.java:addFilter(958)) - Added filter static_user_filter (class=org.apache.hadoop.http.lib.StaticUserWebFilter$StaticUserFilter) to context logs
2019-08-21 05:55:22,886 [main] INFO  http.HttpServer2 (HttpServer2.java:addFilter(958)) - Added filter static_user_filter (class=org.apache.hadoop.http.lib.StaticUserWebFilter$StaticUserFilter) to context static
2019-08-21 05:55:22,887 [main] INFO  http.HttpServer2 (HttpServer2.java:bindListener(1191)) - Jetty bound to port 41666
2019-08-21 05:55:22,887 [main] INFO  server.Server (Server.java:doStart(351)) - jetty-9.3.24.v20180605, build timestamp: 2018-06-05T17:11:56Z, git hash: 84205aa28f11a4f31f2a3b86d1bba2cc8ab69827
2019-08-21 05:55:22,889 [main] INFO  handler.ContextHandler (ContextHandler.java:doStart(781)) - Started o.e.j.s.ServletContextHandler@3f80d8c{/logs,file:///workdir/hadoop-ozone/integration-test/target/log,AVAILABLE}
2019-08-21 05:55:22,890 [main] INFO  handler.ContextHandler (ContextHandler.java:doStart(781)) - Started o.e.j.s.ServletContextHandler@5c60c08{/static,jar:file:/home/user/.m2/repository/org/apache/hadoop/hadoop-hdds-container-service/0.5.0-SNAPSHOT/hadoop-hdds-container-service-0.5.0-SNAPSHOT.jar!/webapps/static,AVAILABLE}
2019-08-21 05:55:22,918 [main] INFO  handler.ContextHandler (ContextHandler.java:doStart(781)) - Started o.e.j.w.WebAppContext@72e75786{/,file:///tmp/jetty-0.0.0.0-41666-hddsDatanode-_-any-1282484399602902311.dir/webapp/,AVAILABLE}{/hddsDatanode}
2019-08-21 05:55:22,918 [main] INFO  server.AbstractConnector (AbstractConnector.java:doStart(278)) - Started ServerConnector@2c0fefac{HTTP/1.1,[http/1.1]}{0.0.0.0:41666}
2019-08-21 05:55:22,920 [main] INFO  server.Server (Server.java:doStart(419)) - Started @47735ms
2019-08-21 05:55:22,920 [main] INFO  server.BaseHttpServer (BaseHttpServer.java:updateConnectorAddress(213)) - HTTP server of HDDSDATANODE is listening at http://0.0.0.0:41666
2019-08-21 05:55:23,298 | INFO  | ObjectStoreRestHttpServer | Listening HDDS REST traffic on /0.0.0.0:42999 |  
2019-08-21 05:55:23,298 [main] INFO  ozone.HddsDatanodeService (HddsDatanodeService.java:startPlugins(395)) - Started plug-in org.apache.hadoop.ozone.web.OzoneHddsDatanodeService@452ec287
2019-08-21 05:55:23,299 [main] INFO  impl.MetricsSystemImpl (MetricsSystemImpl.java:init(158)) - HddsDatanode metrics system started (again)
2019-08-21 05:55:23,305 [main] INFO  ozone.HddsDatanodeService (HddsDatanodeService.java:start(184)) - HddsDatanodeService host:trunk-nightly-9stkx-2366262011 ip:192.168.69.91
2019-08-21 05:55:23,305 [org.apache.hadoop.util.JvmPauseMonitor$Monitor@1e316544] INFO  util.JvmPauseMonitor (JvmPauseMonitor.java:run(188)) - Starting JVM pause monitor
2019-08-21 05:55:23,307 [Datanode State Machine Thread - 0] INFO  datanode.InitDatanodeState (InitDatanodeState.java:persistContainerDatanodeDetails(140)) - DatanodeDetails is persisted to /workdir/hadoop-ozone/integration-test/target/test-dir/MiniOzoneClusterImpl-6d1cdef1-941d-4f62-be26-b5ce02def95a/datanode-4/meta/datanode.id
2019-08-21 05:55:23,313 [main] INFO  volume.HddsVolume (HddsVolume.java:<init>(176)) - Creating Volume: /workdir/hadoop-ozone/integration-test/target/test-dir/MiniOzoneClusterImpl-6d1cdef1-941d-4f62-be26-b5ce02def95a/datanode-5/data/containers/hdds of  storage type : DISK and capacity : 1482555576320
2019-08-21 05:55:23,313 [main] INFO  volume.VolumeSet (VolumeSet.java:initializeVolumeSet(170)) - Added Volume : /workdir/hadoop-ozone/integration-test/target/test-dir/MiniOzoneClusterImpl-6d1cdef1-941d-4f62-be26-b5ce02def95a/datanode-5/data/containers/hdds to VolumeSet
2019-08-21 05:55:23,313 [main] INFO  volume.ThrottledAsyncChecker (ThrottledAsyncChecker.java:schedule(140)) - Scheduling a check for org.apache.hadoop.ozone.container.common.volume.HddsVolume@53d87b2d
2019-08-21 05:55:23,314 [main] INFO  volume.HddsVolumeChecker (HddsVolumeChecker.java:checkAllVolumes(203)) - Scheduled health check for volume org.apache.hadoop.ozone.container.common.volume.HddsVolume@53d87b2d
2019-08-21 05:55:23,333 [main] INFO  impl.RaftServerProxy (ConfUtils.java:logGet(43)) - raft.rpc.type = GRPC (default)
2019-08-21 05:55:23,333 [main] INFO  grpc.GrpcFactory (GrpcFactory.java:checkPooledByteBufAllocatorUseCacheForAllThreads(45)) - PERFORMANCE WARNING: useCacheForAllThreads is true that may cause Netty to create a lot garbage objects and, as a result, trigger GC.
	It is recommended to disable useCacheForAllThreads by setting -Dorg.apache.ratis.thirdparty.io.netty.allocator.useCacheForAllThreads=false in command line.
2019-08-21 05:55:23,334 [main] INFO  grpc.GrpcConfigKeys$Server (ConfUtils.java:logGet(43)) - raft.grpc.server.port = 0 (default)
2019-08-21 05:55:23,334 [main] INFO  server.GrpcService (ConfUtils.java:logGet(43)) - raft.grpc.message.size.max = 33570816 (custom)
2019-08-21 05:55:23,334 [main] INFO  server.RaftServerConfigKeys (ConfUtils.java:logGet(43)) - raft.server.log.appender.buffer.byte-limit = 33554432 (custom)
2019-08-21 05:55:23,334 [main] INFO  server.GrpcService (ConfUtils.java:logGet(43)) - raft.grpc.flow.control.window = 1MB (=1048576) (default)
2019-08-21 05:55:23,334 [main] INFO  server.RaftServerConfigKeys (ConfUtils.java:logGet(43)) - raft.server.rpc.request.timeout = 3000ms (default)
2019-08-21 05:55:23,335 [main] INFO  server.RaftServerConfigKeys (ConfUtils.java:logGet(43)) - raft.server.storage.dir = [/workdir/hadoop-ozone/integration-test/target/test-dir/MiniOzoneClusterImpl-6d1cdef1-941d-4f62-be26-b5ce02def95a/datanode-5/data/ratis] (custom)
2019-08-21 05:55:23,335 [main] INFO  replication.SimpleContainerDownloader (SimpleContainerDownloader.java:<init>(72)) - Starting container downloader service to copy containers to replicate.
2019-08-21 05:55:23,336 [main] INFO  hdfs.DFSUtil (DFSUtil.java:httpServerTemplateForNNAndJN(1641)) - Starting Web-server for hddsDatanode at: http://0.0.0.0:0
2019-08-21 05:55:23,337 [main] INFO  server.AuthenticationFilter (AuthenticationFilter.java:constructSecretProvider(240)) - Unable to initialize FileSignerSecretProvider, falling back to use random secrets.
2019-08-21 05:55:23,338 [main] WARN  http.HttpRequestLog (HttpRequestLog.java:getRequestLog(97)) - Jetty request log can only be enabled using Log4j
2019-08-21 05:55:23,339 [main] INFO  http.HttpServer2 (HttpServer2.java:addGlobalFilter(975)) - Added global filter 'safety' (class=org.apache.hadoop.http.HttpServer2$QuotingInputFilter)
2019-08-21 05:55:23,339 [main] INFO  http.HttpServer2 (HttpServer2.java:addFilter(948)) - Added filter static_user_filter (class=org.apache.hadoop.http.lib.StaticUserWebFilter$StaticUserFilter) to context hddsDatanode
2019-08-21 05:55:23,340 [main] INFO  http.HttpServer2 (HttpServer2.java:addFilter(958)) - Added filter static_user_filter (class=org.apache.hadoop.http.lib.StaticUserWebFilter$StaticUserFilter) to context static
2019-08-21 05:55:23,340 [main] INFO  http.HttpServer2 (HttpServer2.java:addFilter(958)) - Added filter static_user_filter (class=org.apache.hadoop.http.lib.StaticUserWebFilter$StaticUserFilter) to context logs
2019-08-21 05:55:23,340 [main] INFO  http.HttpServer2 (HttpServer2.java:bindListener(1191)) - Jetty bound to port 45155
2019-08-21 05:55:23,341 [main] INFO  server.Server (Server.java:doStart(351)) - jetty-9.3.24.v20180605, build timestamp: 2018-06-05T17:11:56Z, git hash: 84205aa28f11a4f31f2a3b86d1bba2cc8ab69827
2019-08-21 05:55:23,342 [main] INFO  handler.ContextHandler (ContextHandler.java:doStart(781)) - Started o.e.j.s.ServletContextHandler@5814b4fb{/logs,file:///workdir/hadoop-ozone/integration-test/target/log,AVAILABLE}
2019-08-21 05:55:23,342 [main] INFO  handler.ContextHandler (ContextHandler.java:doStart(781)) - Started o.e.j.s.ServletContextHandler@4ba13fed{/static,jar:file:/home/user/.m2/repository/org/apache/hadoop/hadoop-hdds-container-service/0.5.0-SNAPSHOT/hadoop-hdds-container-service-0.5.0-SNAPSHOT.jar!/webapps/static,AVAILABLE}
2019-08-21 05:55:23,370 [main] INFO  handler.ContextHandler (ContextHandler.java:doStart(781)) - Started o.e.j.w.WebAppContext@65b2ee36{/,file:///tmp/jetty-0.0.0.0-45155-hddsDatanode-_-any-61458907657326589.dir/webapp/,AVAILABLE}{/hddsDatanode}
2019-08-21 05:55:23,371 [main] INFO  server.AbstractConnector (AbstractConnector.java:doStart(278)) - Started ServerConnector@28e91f6d{HTTP/1.1,[http/1.1]}{0.0.0.0:45155}
2019-08-21 05:55:23,373 [main] INFO  server.Server (Server.java:doStart(419)) - Started @48188ms
2019-08-21 05:55:23,373 [main] INFO  server.BaseHttpServer (BaseHttpServer.java:updateConnectorAddress(213)) - HTTP server of HDDSDATANODE is listening at http://0.0.0.0:45155
2019-08-21 05:55:23,488 | INFO  | ObjectStoreRestHttpServer | Listening HDDS REST traffic on /0.0.0.0:38712 |  
2019-08-21 05:55:23,488 [main] INFO  ozone.HddsDatanodeService (HddsDatanodeService.java:startPlugins(395)) - Started plug-in org.apache.hadoop.ozone.web.OzoneHddsDatanodeService@7e9a836
2019-08-21 05:55:23,488 [main] INFO  impl.MetricsSystemImpl (MetricsSystemImpl.java:init(158)) - HddsDatanode metrics system started (again)
2019-08-21 05:55:23,494 [org.apache.hadoop.util.JvmPauseMonitor$Monitor@45b97fee] INFO  util.JvmPauseMonitor (JvmPauseMonitor.java:run(188)) - Starting JVM pause monitor
2019-08-21 05:55:23,494 [main] INFO  ozone.HddsDatanodeService (HddsDatanodeService.java:start(184)) - HddsDatanodeService host:trunk-nightly-9stkx-2366262011 ip:192.168.69.91
2019-08-21 05:55:23,496 [Datanode State Machine Thread - 0] INFO  datanode.InitDatanodeState (InitDatanodeState.java:persistContainerDatanodeDetails(140)) - DatanodeDetails is persisted to /workdir/hadoop-ozone/integration-test/target/test-dir/MiniOzoneClusterImpl-6d1cdef1-941d-4f62-be26-b5ce02def95a/datanode-5/meta/datanode.id
2019-08-21 05:55:23,502 [main] INFO  volume.HddsVolume (HddsVolume.java:<init>(176)) - Creating Volume: /workdir/hadoop-ozone/integration-test/target/test-dir/MiniOzoneClusterImpl-6d1cdef1-941d-4f62-be26-b5ce02def95a/datanode-6/data/containers/hdds of  storage type : DISK and capacity : 1482555576320
2019-08-21 05:55:23,503 [main] INFO  volume.VolumeSet (VolumeSet.java:initializeVolumeSet(170)) - Added Volume : /workdir/hadoop-ozone/integration-test/target/test-dir/MiniOzoneClusterImpl-6d1cdef1-941d-4f62-be26-b5ce02def95a/datanode-6/data/containers/hdds to VolumeSet
2019-08-21 05:55:23,503 [main] INFO  volume.ThrottledAsyncChecker (ThrottledAsyncChecker.java:schedule(140)) - Scheduling a check for org.apache.hadoop.ozone.container.common.volume.HddsVolume@61bd0845
2019-08-21 05:55:23,503 [main] INFO  volume.HddsVolumeChecker (HddsVolumeChecker.java:checkAllVolumes(203)) - Scheduled health check for volume org.apache.hadoop.ozone.container.common.volume.HddsVolume@61bd0845
2019-08-21 05:55:23,517 [main] INFO  impl.RaftServerProxy (ConfUtils.java:logGet(43)) - raft.rpc.type = GRPC (default)
2019-08-21 05:55:23,517 [main] INFO  grpc.GrpcFactory (GrpcFactory.java:checkPooledByteBufAllocatorUseCacheForAllThreads(45)) - PERFORMANCE WARNING: useCacheForAllThreads is true that may cause Netty to create a lot garbage objects and, as a result, trigger GC.
	It is recommended to disable useCacheForAllThreads by setting -Dorg.apache.ratis.thirdparty.io.netty.allocator.useCacheForAllThreads=false in command line.
2019-08-21 05:55:23,518 [main] INFO  grpc.GrpcConfigKeys$Server (ConfUtils.java:logGet(43)) - raft.grpc.server.port = 0 (default)
2019-08-21 05:55:23,518 [main] INFO  server.GrpcService (ConfUtils.java:logGet(43)) - raft.grpc.message.size.max = 33570816 (custom)
2019-08-21 05:55:23,518 [main] INFO  server.RaftServerConfigKeys (ConfUtils.java:logGet(43)) - raft.server.log.appender.buffer.byte-limit = 33554432 (custom)
2019-08-21 05:55:23,518 [main] INFO  server.GrpcService (ConfUtils.java:logGet(43)) - raft.grpc.flow.control.window = 1MB (=1048576) (default)
2019-08-21 05:55:23,518 [main] INFO  server.RaftServerConfigKeys (ConfUtils.java:logGet(43)) - raft.server.rpc.request.timeout = 3000ms (default)
2019-08-21 05:55:23,519 [main] INFO  server.RaftServerConfigKeys (ConfUtils.java:logGet(43)) - raft.server.storage.dir = [/workdir/hadoop-ozone/integration-test/target/test-dir/MiniOzoneClusterImpl-6d1cdef1-941d-4f62-be26-b5ce02def95a/datanode-6/data/ratis] (custom)
2019-08-21 05:55:23,519 [main] INFO  replication.SimpleContainerDownloader (SimpleContainerDownloader.java:<init>(72)) - Starting container downloader service to copy containers to replicate.
2019-08-21 05:55:23,520 [main] INFO  hdfs.DFSUtil (DFSUtil.java:httpServerTemplateForNNAndJN(1641)) - Starting Web-server for hddsDatanode at: http://0.0.0.0:0
2019-08-21 05:55:23,522 [main] INFO  server.AuthenticationFilter (AuthenticationFilter.java:constructSecretProvider(240)) - Unable to initialize FileSignerSecretProvider, falling back to use random secrets.
2019-08-21 05:55:23,522 [main] WARN  http.HttpRequestLog (HttpRequestLog.java:getRequestLog(97)) - Jetty request log can only be enabled using Log4j
2019-08-21 05:55:23,523 [main] INFO  http.HttpServer2 (HttpServer2.java:addGlobalFilter(975)) - Added global filter 'safety' (class=org.apache.hadoop.http.HttpServer2$QuotingInputFilter)
2019-08-21 05:55:23,524 [main] INFO  http.HttpServer2 (HttpServer2.java:addFilter(948)) - Added filter static_user_filter (class=org.apache.hadoop.http.lib.StaticUserWebFilter$StaticUserFilter) to context hddsDatanode
2019-08-21 05:55:23,524 [main] INFO  http.HttpServer2 (HttpServer2.java:addFilter(958)) - Added filter static_user_filter (class=org.apache.hadoop.http.lib.StaticUserWebFilter$StaticUserFilter) to context static
2019-08-21 05:55:23,524 [main] INFO  http.HttpServer2 (HttpServer2.java:addFilter(958)) - Added filter static_user_filter (class=org.apache.hadoop.http.lib.StaticUserWebFilter$StaticUserFilter) to context logs
2019-08-21 05:55:23,525 [main] INFO  http.HttpServer2 (HttpServer2.java:bindListener(1191)) - Jetty bound to port 41652
2019-08-21 05:55:23,525 [main] INFO  server.Server (Server.java:doStart(351)) - jetty-9.3.24.v20180605, build timestamp: 2018-06-05T17:11:56Z, git hash: 84205aa28f11a4f31f2a3b86d1bba2cc8ab69827
2019-08-21 05:55:23,526 [main] INFO  handler.ContextHandler (ContextHandler.java:doStart(781)) - Started o.e.j.s.ServletContextHandler@3278d065{/logs,file:///workdir/hadoop-ozone/integration-test/target/log,AVAILABLE}
2019-08-21 05:55:23,527 [main] INFO  handler.ContextHandler (ContextHandler.java:doStart(781)) - Started o.e.j.s.ServletContextHandler@3c9ef37b{/static,jar:file:/home/user/.m2/repository/org/apache/hadoop/hadoop-hdds-container-service/0.5.0-SNAPSHOT/hadoop-hdds-container-service-0.5.0-SNAPSHOT.jar!/webapps/static,AVAILABLE}
2019-08-21 05:55:23,553 [main] INFO  handler.ContextHandler (ContextHandler.java:doStart(781)) - Started o.e.j.w.WebAppContext@6a7aa675{/,file:///tmp/jetty-0.0.0.0-41652-hddsDatanode-_-any-1157266976085154499.dir/webapp/,AVAILABLE}{/hddsDatanode}
2019-08-21 05:55:23,554 [main] INFO  server.AbstractConnector (AbstractConnector.java:doStart(278)) - Started ServerConnector@6eded11a{HTTP/1.1,[http/1.1]}{0.0.0.0:41652}
2019-08-21 05:55:23,555 [main] INFO  server.Server (Server.java:doStart(419)) - Started @48370ms
2019-08-21 05:55:23,556 [main] INFO  server.BaseHttpServer (BaseHttpServer.java:updateConnectorAddress(213)) - HTTP server of HDDSDATANODE is listening at http://0.0.0.0:41652
2019-08-21 05:55:23,661 | INFO  | ObjectStoreRestHttpServer | Listening HDDS REST traffic on /0.0.0.0:43827 |  
2019-08-21 05:55:23,661 [main] INFO  ozone.HddsDatanodeService (HddsDatanodeService.java:startPlugins(395)) - Started plug-in org.apache.hadoop.ozone.web.OzoneHddsDatanodeService@1feb76b9
2019-08-21 05:55:23,661 [main] INFO  ozone.MiniOzoneClusterImpl (MiniOzoneClusterImpl.java:lambda$waitForClusterToBeReady$0(142)) - Waiting for cluster to be ready. Got 0 of 7 DN Heartbeats.
2019-08-21 05:55:23,665 [org.apache.hadoop.util.JvmPauseMonitor$Monitor@49e38a22] INFO  util.JvmPauseMonitor (JvmPauseMonitor.java:run(188)) - Starting JVM pause monitor
2019-08-21 05:55:23,667 [Datanode State Machine Thread - 0] INFO  datanode.InitDatanodeState (InitDatanodeState.java:persistContainerDatanodeDetails(140)) - DatanodeDetails is persisted to /workdir/hadoop-ozone/integration-test/target/test-dir/MiniOzoneClusterImpl-6d1cdef1-941d-4f62-be26-b5ce02def95a/datanode-6/meta/datanode.id
2019-08-21 05:55:24,274 | INFO  | SCMAudit | user=jenkins1000 | ip=192.168.69.91 | op=GET_VERSION null | ret=SUCCESS |  
2019-08-21 05:55:24,303 [Datanode State Machine Thread - 0] INFO  ozoneimpl.OzoneContainer (OzoneContainer.java:start(186)) - Attempting to start container services.
2019-08-21 05:55:24,307 [Datanode State Machine Thread - 0] INFO  ozoneimpl.OzoneContainer (OzoneContainer.java:startContainerScrub(160)) - Background container scrubber has been disabled by hdds.containerscrub.enabled
2019-08-21 05:55:24,307 [Datanode State Machine Thread - 0] INFO  ratis.XceiverServerRatis (XceiverServerRatis.java:start(404)) - Starting XceiverServerRatis f101476e-c990-429e-921c-5f445731959e at port 0
2019-08-21 05:55:24,315 [Datanode State Machine Thread - 0] INFO  impl.RaftServerProxy (RaftServerProxy.java:lambda$start$3(299)) - f101476e-c990-429e-921c-5f445731959e: start RPC server
2019-08-21 05:55:24,318 [Datanode State Machine Thread - 0] INFO  server.GrpcService (GrpcService.java:startImpl(149)) - f101476e-c990-429e-921c-5f445731959e: GrpcService started, listening on 0.0.0.0/0.0.0.0:45055
2019-08-21 05:55:24,318 [Datanode State Machine Thread - 0] INFO  ratis.XceiverServerRatis (XceiverServerRatis.java:start(414)) - XceiverServerRatis f101476e-c990-429e-921c-5f445731959e is started using port 45055
2019-08-21 05:55:24,321 [Datanode State Machine Thread - 0] INFO  server.XceiverServerGrpc (XceiverServerGrpc.java:start(161)) - XceiverServerGrpc f101476e-c990-429e-921c-5f445731959e is started using port 44962
2019-08-21 05:55:24,462 | INFO  | SCMAudit | user=jenkins1000 | ip=192.168.69.91 | op=GET_VERSION null | ret=SUCCESS |  
2019-08-21 05:55:24,478 [Datanode State Machine Thread - 0] INFO  ozoneimpl.OzoneContainer (OzoneContainer.java:start(186)) - Attempting to start container services.
2019-08-21 05:55:24,485 [Datanode State Machine Thread - 0] INFO  ozoneimpl.OzoneContainer (OzoneContainer.java:startContainerScrub(160)) - Background container scrubber has been disabled by hdds.containerscrub.enabled
2019-08-21 05:55:24,485 [Datanode State Machine Thread - 0] INFO  ratis.XceiverServerRatis (XceiverServerRatis.java:start(404)) - Starting XceiverServerRatis 3c17af02-f769-4730-87e1-6a78a05442cb at port 0
2019-08-21 05:55:24,493 [Datanode State Machine Thread - 0] INFO  impl.RaftServerProxy (RaftServerProxy.java:lambda$start$3(299)) - 3c17af02-f769-4730-87e1-6a78a05442cb: start RPC server
2019-08-21 05:55:24,499 [Datanode State Machine Thread - 0] INFO  server.GrpcService (GrpcService.java:startImpl(149)) - 3c17af02-f769-4730-87e1-6a78a05442cb: GrpcService started, listening on 0.0.0.0/0.0.0.0:45466
2019-08-21 05:55:24,499 [Datanode State Machine Thread - 0] INFO  ratis.XceiverServerRatis (XceiverServerRatis.java:start(414)) - XceiverServerRatis 3c17af02-f769-4730-87e1-6a78a05442cb is started using port 45466
2019-08-21 05:55:24,500 [Datanode State Machine Thread - 0] INFO  server.XceiverServerGrpc (XceiverServerGrpc.java:start(161)) - XceiverServerGrpc 3c17af02-f769-4730-87e1-6a78a05442cb is started using port 39239
2019-08-21 05:55:24,657 | INFO  | SCMAudit | user=jenkins1000 | ip=192.168.69.91 | op=GET_VERSION null | ret=SUCCESS |  
2019-08-21 05:55:24,662 [main] INFO  ozone.MiniOzoneClusterImpl (MiniOzoneClusterImpl.java:lambda$waitForClusterToBeReady$0(142)) - Waiting for cluster to be ready. Got 0 of 7 DN Heartbeats.
2019-08-21 05:55:24,672 [Datanode State Machine Thread - 0] INFO  ozoneimpl.OzoneContainer (OzoneContainer.java:start(186)) - Attempting to start container services.
2019-08-21 05:55:24,672 [Datanode State Machine Thread - 0] INFO  ozoneimpl.OzoneContainer (OzoneContainer.java:startContainerScrub(160)) - Background container scrubber has been disabled by hdds.containerscrub.enabled
2019-08-21 05:55:24,673 [Datanode State Machine Thread - 0] INFO  ratis.XceiverServerRatis (XceiverServerRatis.java:start(404)) - Starting XceiverServerRatis 625627db-20f6-4593-9222-21b617438b7f at port 0
2019-08-21 05:55:24,680 [Datanode State Machine Thread - 0] INFO  impl.RaftServerProxy (RaftServerProxy.java:lambda$start$3(299)) - 625627db-20f6-4593-9222-21b617438b7f: start RPC server
2019-08-21 05:55:24,682 [Datanode State Machine Thread - 0] INFO  server.GrpcService (GrpcService.java:startImpl(149)) - 625627db-20f6-4593-9222-21b617438b7f: GrpcService started, listening on 0.0.0.0/0.0.0.0:38430
2019-08-21 05:55:24,682 [Datanode State Machine Thread - 0] INFO  ratis.XceiverServerRatis (XceiverServerRatis.java:start(414)) - XceiverServerRatis 625627db-20f6-4593-9222-21b617438b7f is started using port 38430
2019-08-21 05:55:24,692 [Datanode State Machine Thread - 0] INFO  server.XceiverServerGrpc (XceiverServerGrpc.java:start(161)) - XceiverServerGrpc 625627db-20f6-4593-9222-21b617438b7f is started using port 45936
2019-08-21 05:55:24,856 | INFO  | SCMAudit | user=jenkins1000 | ip=192.168.69.91 | op=GET_VERSION null | ret=SUCCESS |  
2019-08-21 05:55:24,870 [Datanode State Machine Thread - 0] INFO  ozoneimpl.OzoneContainer (OzoneContainer.java:start(186)) - Attempting to start container services.
2019-08-21 05:55:24,871 [Datanode State Machine Thread - 0] INFO  ozoneimpl.OzoneContainer (OzoneContainer.java:startContainerScrub(160)) - Background container scrubber has been disabled by hdds.containerscrub.enabled
2019-08-21 05:55:24,871 [Datanode State Machine Thread - 0] INFO  ratis.XceiverServerRatis (XceiverServerRatis.java:start(404)) - Starting XceiverServerRatis 4794a7d0-d8e2-4005-aaca-0a56e39fce16 at port 0
2019-08-21 05:55:24,878 [Datanode State Machine Thread - 0] INFO  impl.RaftServerProxy (RaftServerProxy.java:lambda$start$3(299)) - 4794a7d0-d8e2-4005-aaca-0a56e39fce16: start RPC server
2019-08-21 05:55:24,879 [Datanode State Machine Thread - 0] INFO  server.GrpcService (GrpcService.java:startImpl(149)) - 4794a7d0-d8e2-4005-aaca-0a56e39fce16: GrpcService started, listening on 0.0.0.0/0.0.0.0:33170
2019-08-21 05:55:24,879 [Datanode State Machine Thread - 0] INFO  ratis.XceiverServerRatis (XceiverServerRatis.java:start(414)) - XceiverServerRatis 4794a7d0-d8e2-4005-aaca-0a56e39fce16 is started using port 33170
2019-08-21 05:55:24,882 [Datanode State Machine Thread - 0] INFO  server.XceiverServerGrpc (XceiverServerGrpc.java:start(161)) - XceiverServerGrpc 4794a7d0-d8e2-4005-aaca-0a56e39fce16 is started using port 36734
2019-08-21 05:55:25,306 | INFO  | SCMAudit | user=jenkins1000 | ip=192.168.69.91 | op=GET_VERSION null | ret=SUCCESS |  
2019-08-21 05:55:25,320 [Datanode State Machine Thread - 0] INFO  ozoneimpl.OzoneContainer (OzoneContainer.java:start(186)) - Attempting to start container services.
2019-08-21 05:55:25,320 [Datanode State Machine Thread - 0] INFO  ozoneimpl.OzoneContainer (OzoneContainer.java:startContainerScrub(160)) - Background container scrubber has been disabled by hdds.containerscrub.enabled
2019-08-21 05:55:25,320 [Datanode State Machine Thread - 0] INFO  ratis.XceiverServerRatis (XceiverServerRatis.java:start(404)) - Starting XceiverServerRatis 49ab72ed-ff76-4952-870c-a3cea42cdb24 at port 0
2019-08-21 05:55:25,328 [Datanode State Machine Thread - 0] INFO  impl.RaftServerProxy (RaftServerProxy.java:lambda$start$3(299)) - 49ab72ed-ff76-4952-870c-a3cea42cdb24: start RPC server
2019-08-21 05:55:25,329 [Datanode State Machine Thread - 0] INFO  server.GrpcService (GrpcService.java:startImpl(149)) - 49ab72ed-ff76-4952-870c-a3cea42cdb24: GrpcService started, listening on 0.0.0.0/0.0.0.0:39854
2019-08-21 05:55:25,329 [Datanode State Machine Thread - 0] INFO  ratis.XceiverServerRatis (XceiverServerRatis.java:start(414)) - XceiverServerRatis 49ab72ed-ff76-4952-870c-a3cea42cdb24 is started using port 39854
2019-08-21 05:55:25,330 [Datanode State Machine Thread - 0] INFO  server.XceiverServerGrpc (XceiverServerGrpc.java:start(161)) - XceiverServerGrpc 49ab72ed-ff76-4952-870c-a3cea42cdb24 is started using port 45072
2019-08-21 05:55:25,495 | INFO  | SCMAudit | user=jenkins1000 | ip=192.168.69.91 | op=GET_VERSION null | ret=SUCCESS |  
2019-08-21 05:55:25,510 [Datanode State Machine Thread - 0] INFO  ozoneimpl.OzoneContainer (OzoneContainer.java:start(186)) - Attempting to start container services.
2019-08-21 05:55:25,510 [Datanode State Machine Thread - 0] INFO  ozoneimpl.OzoneContainer (OzoneContainer.java:startContainerScrub(160)) - Background container scrubber has been disabled by hdds.containerscrub.enabled
2019-08-21 05:55:25,510 [Datanode State Machine Thread - 0] INFO  ratis.XceiverServerRatis (XceiverServerRatis.java:start(404)) - Starting XceiverServerRatis 3fd580a5-fd1e-4f13-9f88-976f7db82376 at port 0
2019-08-21 05:55:25,518 [Datanode State Machine Thread - 0] INFO  impl.RaftServerProxy (RaftServerProxy.java:lambda$start$3(299)) - 3fd580a5-fd1e-4f13-9f88-976f7db82376: start RPC server
2019-08-21 05:55:25,519 [Datanode State Machine Thread - 0] INFO  server.GrpcService (GrpcService.java:startImpl(149)) - 3fd580a5-fd1e-4f13-9f88-976f7db82376: GrpcService started, listening on 0.0.0.0/0.0.0.0:44520
2019-08-21 05:55:25,519 [Datanode State Machine Thread - 0] INFO  ratis.XceiverServerRatis (XceiverServerRatis.java:start(414)) - XceiverServerRatis 3fd580a5-fd1e-4f13-9f88-976f7db82376 is started using port 44520
2019-08-21 05:55:25,520 [Datanode State Machine Thread - 0] INFO  server.XceiverServerGrpc (XceiverServerGrpc.java:start(161)) - XceiverServerGrpc 3fd580a5-fd1e-4f13-9f88-976f7db82376 is started using port 46247
2019-08-21 05:55:25,662 [main] INFO  ozone.MiniOzoneClusterImpl (MiniOzoneClusterImpl.java:lambda$waitForClusterToBeReady$0(142)) - Waiting for cluster to be ready. Got 0 of 7 DN Heartbeats.
2019-08-21 05:55:25,666 | INFO  | SCMAudit | user=jenkins1000 | ip=192.168.69.91 | op=GET_VERSION null | ret=SUCCESS |  
2019-08-21 05:55:25,681 [Datanode State Machine Thread - 0] INFO  ozoneimpl.OzoneContainer (OzoneContainer.java:start(186)) - Attempting to start container services.
2019-08-21 05:55:25,681 [Datanode State Machine Thread - 0] INFO  ozoneimpl.OzoneContainer (OzoneContainer.java:startContainerScrub(160)) - Background container scrubber has been disabled by hdds.containerscrub.enabled
2019-08-21 05:55:25,682 [Datanode State Machine Thread - 0] INFO  ratis.XceiverServerRatis (XceiverServerRatis.java:start(404)) - Starting XceiverServerRatis 046a392e-7484-4dfc-820d-faa08503447d at port 0
2019-08-21 05:55:25,690 [Datanode State Machine Thread - 0] INFO  impl.RaftServerProxy (RaftServerProxy.java:lambda$start$3(299)) - 046a392e-7484-4dfc-820d-faa08503447d: start RPC server
2019-08-21 05:55:25,695 [Datanode State Machine Thread - 0] INFO  server.GrpcService (GrpcService.java:startImpl(149)) - 046a392e-7484-4dfc-820d-faa08503447d: GrpcService started, listening on 0.0.0.0/0.0.0.0:45575
2019-08-21 05:55:25,695 [Datanode State Machine Thread - 0] INFO  ratis.XceiverServerRatis (XceiverServerRatis.java:start(414)) - XceiverServerRatis 046a392e-7484-4dfc-820d-faa08503447d is started using port 45575
2019-08-21 05:55:25,696 [Datanode State Machine Thread - 0] INFO  server.XceiverServerGrpc (XceiverServerGrpc.java:start(161)) - XceiverServerGrpc 046a392e-7484-4dfc-820d-faa08503447d is started using port 44488
2019-08-21 05:55:26,274 [IPC Server handler 2 on 34710] INFO  net.NetworkTopology (NetworkTopologyImpl.java:add(110)) - Added a new node: /default-rack/f101476e-c990-429e-921c-5f445731959e
2019-08-21 05:55:26,277 [IPC Server handler 2 on 34710] INFO  node.SCMNodeManager (SCMNodeManager.java:register(273)) - Registered Data node : f101476e-c990-429e-921c-5f445731959e{ip: 192.168.69.91, host: trunk-nightly-9stkx-2366262011, networkLocation: /default-rack, certSerialId: null}
2019-08-21 05:55:26,279 [EventQueue-NodeRegistrationContainerReportForDataNodeSafeModeRule] INFO  safemode.SCMSafeModeManager (DataNodeSafeModeRule.java:process(71)) - SCM in safe mode. 1 DataNodes registered, 1 required.
2019-08-21 05:55:26,281 [EventQueue-NodeRegistrationContainerReportForDataNodeSafeModeRule] INFO  safemode.SCMSafeModeManager (SCMSafeModeManager.java:validateSafeModeExitRules(177)) - ScmSafeModeManager, all rules are successfully validated
2019-08-21 05:55:26,279 | INFO  | SCMAudit | user=jenkins1000 | ip=192.168.69.91 | op=REGISTER {datanodeDetails=f101476e-c990-429e-921c-5f445731959e{ip: 192.168.69.91, host: trunk-nightly-9stkx-2366262011, networkLocation: /default-rack, certSerialId: null}} | ret=SUCCESS |  
2019-08-21 05:55:26,282 [EventQueue-NodeRegistrationContainerReportForDataNodeSafeModeRule] INFO  safemode.SCMSafeModeManager (SCMSafeModeManager.java:exitSafeMode(193)) - SCM exiting safe mode.
2019-08-21 05:55:26,304 [grpc-default-executor-0] INFO  impl.RaftServerProxy (RaftServerProxy.java:addNew(89)) - f101476e-c990-429e-921c-5f445731959e: addNew group-A83EC65426FD:[f101476e-c990-429e-921c-5f445731959e:192.168.69.91:45055] returns group-A83EC65426FD:java.util.concurrent.CompletableFuture@6b955246[Not completed]
2019-08-21 05:55:26,308 [pool-126-thread-1] INFO  impl.RaftServerImpl (RaftServerImpl.java:<init>(93)) - f101476e-c990-429e-921c-5f445731959e: new RaftServerImpl for group-A83EC65426FD:[f101476e-c990-429e-921c-5f445731959e:192.168.69.91:45055] with ContainerStateMachine:uninitialized
2019-08-21 05:55:26,308 [pool-126-thread-1] INFO  server.RaftServerConfigKeys (ConfUtils.java:logGet(43)) - raft.server.rpc.timeout.min = 5s (custom)
2019-08-21 05:55:26,309 [pool-126-thread-1] INFO  server.RaftServerConfigKeys (ConfUtils.java:logGet(43)) - raft.server.rpc.timeout.max = 5200ms (custom)
2019-08-21 05:55:26,309 [pool-126-thread-1] INFO  server.RaftServerConfigKeys (ConfUtils.java:logGet(43)) - raft.server.rpcslowness.timeout = 120s (custom)
2019-08-21 05:55:26,309 [pool-126-thread-1] INFO  server.RaftServerConfigKeys (ConfUtils.java:logGet(43)) - raft.server.sleep.deviation.threshold = 300 (default)
2019-08-21 05:55:26,309 [pool-126-thread-1] INFO  server.RaftServerConfigKeys (ConfUtils.java:logGet(43)) - raft.server.log.appender.install.snapshot.enabled = false (custom)
2019-08-21 05:55:26,309 [pool-126-thread-1] INFO  impl.RaftServerImpl (ServerState.java:<init>(105)) - f101476e-c990-429e-921c-5f445731959e:group-A83EC65426FD ConfigurationManager, init=-1: [f101476e-c990-429e-921c-5f445731959e:192.168.69.91:45055], old=null, confs=<EMPTY_MAP>
2019-08-21 05:55:26,309 [pool-126-thread-1] INFO  server.RaftServerConfigKeys (ConfUtils.java:logGet(43)) - raft.server.storage.dir = [/workdir/hadoop-ozone/integration-test/target/test-dir/MiniOzoneClusterImpl-6d1cdef1-941d-4f62-be26-b5ce02def95a/datanode-0/data/ratis] (custom)
2019-08-21 05:55:26,310 [pool-126-thread-1] INFO  storage.RaftStorageDirectory (RaftStorageDirectory.java:analyzeStorage(246)) - The storage directory /workdir/hadoop-ozone/integration-test/target/test-dir/MiniOzoneClusterImpl-6d1cdef1-941d-4f62-be26-b5ce02def95a/datanode-0/data/ratis/5d092299-5f83-4442-ac81-a83ec65426fd does not exist. Creating ...
2019-08-21 05:55:26,324 [pool-126-thread-1] INFO  storage.RaftStorageDirectory (RaftStorageDirectory.java:tryLock(328)) - Lock on /workdir/hadoop-ozone/integration-test/target/test-dir/MiniOzoneClusterImpl-6d1cdef1-941d-4f62-be26-b5ce02def95a/datanode-0/data/ratis/5d092299-5f83-4442-ac81-a83ec65426fd/in_use.lock acquired by nodename 5774@trunk-nightly-9stkx-2366262011
2019-08-21 05:55:26,337 [pool-126-thread-1] INFO  storage.RaftStorage (RaftStorage.java:format(72)) - Storage directory /workdir/hadoop-ozone/integration-test/target/test-dir/MiniOzoneClusterImpl-6d1cdef1-941d-4f62-be26-b5ce02def95a/datanode-0/data/ratis/5d092299-5f83-4442-ac81-a83ec65426fd has been successfully formatted.
2019-08-21 05:55:26,338 [pool-126-thread-1] INFO  ratis.ContainerStateMachine (ContainerStateMachine.java:loadSnapshot(226)) - group-A83EC65426FD: The snapshot info is null. Setting the last applied indexto:(t:0, i:~)
2019-08-21 05:55:26,338 [pool-126-thread-1] INFO  server.RaftServerConfigKeys (ConfUtils.java:logGet(43)) - raft.server.leader.election.timeout = 120s (custom)
2019-08-21 05:55:26,338 [pool-126-thread-1] INFO  server.RaftServerConfigKeys (ConfUtils.java:logGet(43)) - raft.server.log.use.memory = false (default)
2019-08-21 05:55:26,338 [pool-126-thread-1] INFO  server.RaftServerConfigKeys (ConfUtils.java:logGet(43)) - raft.server.log.purge.gap = 1000000 (custom)
2019-08-21 05:55:26,338 [pool-126-thread-1] INFO  server.RaftServerConfigKeys (ConfUtils.java:logGet(43)) - raft.server.log.appender.buffer.byte-limit = 33554432 (custom)
2019-08-21 05:55:26,339 [pool-126-thread-1] INFO  server.RaftServerConfigKeys (ConfUtils.java:logGet(43)) - raft.server.log.segment.size.max = 1048576 (custom)
2019-08-21 05:55:26,339 [pool-126-thread-1] INFO  server.RaftServerConfigKeys (ConfUtils.java:logGet(43)) - raft.server.log.segment.cache.num.max = 2 (custom)
2019-08-21 05:55:26,339 [pool-126-thread-1] INFO  segmented.SegmentedRaftLogWorker (SegmentedRaftLogWorker.java:<init>(172)) - new f101476e-c990-429e-921c-5f445731959e-SegmentedRaftLogWorker:Storage Directory /workdir/hadoop-ozone/integration-test/target/test-dir/MiniOzoneClusterImpl-6d1cdef1-941d-4f62-be26-b5ce02def95a/datanode-0/data/ratis/5d092299-5f83-4442-ac81-a83ec65426fd for RaftStorage:Storage Directory /workdir/hadoop-ozone/integration-test/target/test-dir/MiniOzoneClusterImpl-6d1cdef1-941d-4f62-be26-b5ce02def95a/datanode-0/data/ratis/5d092299-5f83-4442-ac81-a83ec65426fd
2019-08-21 05:55:26,339 [pool-126-thread-1] INFO  server.RaftServerConfigKeys (ConfUtils.java:logGet(43)) - raft.server.log.queue.byte-limit = 2147483647 (custom)
2019-08-21 05:55:26,339 [pool-126-thread-1] INFO  server.RaftServerConfigKeys (ConfUtils.java:logGet(43)) - raft.server.log.queue.element-limit = 1024 (custom)
2019-08-21 05:55:26,340 [pool-126-thread-1] INFO  server.RaftServerConfigKeys (ConfUtils.java:logGet(43)) - raft.server.log.segment.size.max = 1048576 (custom)
2019-08-21 05:55:26,340 [pool-126-thread-1] INFO  server.RaftServerConfigKeys (ConfUtils.java:logGet(43)) - raft.server.log.preallocated.size = 16384 (custom)
2019-08-21 05:55:26,340 [pool-126-thread-1] INFO  server.RaftServerConfigKeys (ConfUtils.java:logGet(43)) - raft.server.log.write.buffer.size = 33554432 (custom)
2019-08-21 05:55:26,340 [pool-126-thread-1] INFO  server.RaftServerConfigKeys (ConfUtils.java:logGet(43)) - raft.server.log.force.sync.num = 128 (default)
2019-08-21 05:55:26,340 [pool-126-thread-1] INFO  server.RaftServerConfigKeys (ConfUtils.java:logGet(43)) - raft.server.log.statemachine.data.sync = true (default)
2019-08-21 05:55:26,340 [pool-126-thread-1] INFO  server.RaftServerConfigKeys (ConfUtils.java:logGet(43)) - raft.server.log.statemachine.data.sync.timeout = 10s (default)
2019-08-21 05:55:26,341 [pool-126-thread-1] INFO  server.RaftServerConfigKeys (ConfUtils.java:logGet(43)) - raft.server.log.statemachine.data.sync.timeout.retry = -1 (default)
2019-08-21 05:55:26,341 [pool-126-thread-1] INFO  server.RaftServerConfigKeys (ConfUtils.java:logGet(43)) - raft.server.log.statemachine.data.caching.enabled = true (custom)
2019-08-21 05:55:26,341 [pool-126-thread-1] INFO  segmented.SegmentedRaftLogWorker (SegmentedRaftLogWorker.java:lambda$new$0(132)) - f101476e-c990-429e-921c-5f445731959e-SegmentedRaftLogWorker:Storage Directory /workdir/hadoop-ozone/integration-test/target/test-dir/MiniOzoneClusterImpl-6d1cdef1-941d-4f62-be26-b5ce02def95a/datanode-0/data/ratis/5d092299-5f83-4442-ac81-a83ec65426fd: flushIndex: setUnconditionally 0 -> -1
2019-08-21 05:55:26,342 [pool-126-thread-1] INFO  server.RaftServerConfigKeys (ConfUtils.java:logGet(43)) - raft.server.snapshot.auto.trigger.enabled = true (custom)
2019-08-21 05:55:26,342 [pool-126-thread-1] INFO  server.RaftServerConfigKeys (ConfUtils.java:logGet(43)) - raft.server.snapshot.auto.trigger.threshold = 10000 (custom)
2019-08-21 05:55:26,342 [pool-126-thread-1] INFO  server.RaftServerConfigKeys (ConfUtils.java:logGet(43)) - raft.server.retrycache.expirytime = 600000ms (custom)
2019-08-21 05:55:26,342 [pool-126-thread-1] INFO  impl.RaftServerImpl (RaftServerImpl.java:start(180)) - f101476e-c990-429e-921c-5f445731959e: start group-A83EC65426FD
2019-08-21 05:55:26,342 [pool-126-thread-1] INFO  impl.RaftServerImpl (RaftServerImpl.java:setRole(171)) - f101476e-c990-429e-921c-5f445731959e:group-A83EC65426FD changes role from null to FOLLOWER at term 0 for startAsFollower
2019-08-21 05:55:26,343 [pool-126-thread-1] INFO  impl.RoleInfo (RoleInfo.java:updateAndGet(143)) - f101476e-c990-429e-921c-5f445731959e: start FollowerState
2019-08-21 05:55:26,344 [pool-126-thread-1] INFO  util.JmxRegister (JmxRegister.java:tryRegister(44)) - Successfully registered JMX Bean with object name Ratis:service=RaftServer,group=group-A83EC65426FD,id=f101476e-c990-429e-921c-5f445731959e
2019-08-21 05:55:26,348 [RatisPipelineUtilsThread] INFO  pipeline.PipelineStateManager (PipelineStateManager.java:addPipeline(56)) - Created pipeline Pipeline[ Id: 5d092299-5f83-4442-ac81-a83ec65426fd, Nodes: f101476e-c990-429e-921c-5f445731959e{ip: 192.168.69.91, host: trunk-nightly-9stkx-2366262011, networkLocation: /default-rack, certSerialId: null}, Type:RATIS, Factor:ONE, State:OPEN]
2019-08-21 05:55:26,463 [IPC Server handler 3 on 34710] INFO  net.NetworkTopology (NetworkTopologyImpl.java:add(110)) - Added a new node: /default-rack/3c17af02-f769-4730-87e1-6a78a05442cb
2019-08-21 05:55:26,463 [IPC Server handler 3 on 34710] INFO  node.SCMNodeManager (SCMNodeManager.java:register(273)) - Registered Data node : 3c17af02-f769-4730-87e1-6a78a05442cb{ip: 192.168.69.91, host: trunk-nightly-9stkx-2366262011, networkLocation: /default-rack, certSerialId: null}
2019-08-21 05:55:26,464 | INFO  | SCMAudit | user=jenkins1000 | ip=192.168.69.91 | op=REGISTER {datanodeDetails=3c17af02-f769-4730-87e1-6a78a05442cb{ip: 192.168.69.91, host: trunk-nightly-9stkx-2366262011, networkLocation: /default-rack, certSerialId: null}} | ret=SUCCESS |  
2019-08-21 05:55:26,475 [grpc-default-executor-0] INFO  impl.RaftServerProxy (RaftServerProxy.java:addNew(89)) - 3c17af02-f769-4730-87e1-6a78a05442cb: addNew group-9545AA3C0546:[3c17af02-f769-4730-87e1-6a78a05442cb:192.168.69.91:45466] returns group-9545AA3C0546:java.util.concurrent.CompletableFuture@298a08d9[Not completed]
2019-08-21 05:55:26,480 [pool-137-thread-1] INFO  impl.RaftServerImpl (RaftServerImpl.java:<init>(93)) - 3c17af02-f769-4730-87e1-6a78a05442cb: new RaftServerImpl for group-9545AA3C0546:[3c17af02-f769-4730-87e1-6a78a05442cb:192.168.69.91:45466] with ContainerStateMachine:uninitialized
2019-08-21 05:55:26,480 [pool-137-thread-1] INFO  server.RaftServerConfigKeys (ConfUtils.java:logGet(43)) - raft.server.rpc.timeout.min = 5s (custom)
2019-08-21 05:55:26,480 [pool-137-thread-1] INFO  server.RaftServerConfigKeys (ConfUtils.java:logGet(43)) - raft.server.rpc.timeout.max = 5200ms (custom)
2019-08-21 05:55:26,481 [pool-137-thread-1] INFO  server.RaftServerConfigKeys (ConfUtils.java:logGet(43)) - raft.server.rpcslowness.timeout = 120s (custom)
2019-08-21 05:55:26,481 [pool-137-thread-1] INFO  server.RaftServerConfigKeys (ConfUtils.java:logGet(43)) - raft.server.sleep.deviation.threshold = 300 (default)
2019-08-21 05:55:26,481 [pool-137-thread-1] INFO  server.RaftServerConfigKeys (ConfUtils.java:logGet(43)) - raft.server.log.appender.install.snapshot.enabled = false (custom)
2019-08-21 05:55:26,481 [pool-137-thread-1] INFO  impl.RaftServerImpl (ServerState.java:<init>(105)) - 3c17af02-f769-4730-87e1-6a78a05442cb:group-9545AA3C0546 ConfigurationManager, init=-1: [3c17af02-f769-4730-87e1-6a78a05442cb:192.168.69.91:45466], old=null, confs=<EMPTY_MAP>
2019-08-21 05:55:26,481 [pool-137-thread-1] INFO  server.RaftServerConfigKeys (ConfUtils.java:logGet(43)) - raft.server.storage.dir = [/workdir/hadoop-ozone/integration-test/target/test-dir/MiniOzoneClusterImpl-6d1cdef1-941d-4f62-be26-b5ce02def95a/datanode-1/data/ratis] (custom)
2019-08-21 05:55:26,482 [pool-137-thread-1] INFO  storage.RaftStorageDirectory (RaftStorageDirectory.java:analyzeStorage(246)) - The storage directory /workdir/hadoop-ozone/integration-test/target/test-dir/MiniOzoneClusterImpl-6d1cdef1-941d-4f62-be26-b5ce02def95a/datanode-1/data/ratis/d33aab5d-814b-4e01-8b92-9545aa3c0546 does not exist. Creating ...
2019-08-21 05:55:26,487 [pool-137-thread-1] INFO  storage.RaftStorageDirectory (RaftStorageDirectory.java:tryLock(328)) - Lock on /workdir/hadoop-ozone/integration-test/target/test-dir/MiniOzoneClusterImpl-6d1cdef1-941d-4f62-be26-b5ce02def95a/datanode-1/data/ratis/d33aab5d-814b-4e01-8b92-9545aa3c0546/in_use.lock acquired by nodename 5774@trunk-nightly-9stkx-2366262011
2019-08-21 05:55:26,490 [pool-137-thread-1] INFO  storage.RaftStorage (RaftStorage.java:format(72)) - Storage directory /workdir/hadoop-ozone/integration-test/target/test-dir/MiniOzoneClusterImpl-6d1cdef1-941d-4f62-be26-b5ce02def95a/datanode-1/data/ratis/d33aab5d-814b-4e01-8b92-9545aa3c0546 has been successfully formatted.
2019-08-21 05:55:26,491 [pool-137-thread-1] INFO  ratis.ContainerStateMachine (ContainerStateMachine.java:loadSnapshot(226)) - group-9545AA3C0546: The snapshot info is null. Setting the last applied indexto:(t:0, i:~)
2019-08-21 05:55:26,491 [pool-137-thread-1] INFO  server.RaftServerConfigKeys (ConfUtils.java:logGet(43)) - raft.server.leader.election.timeout = 120s (custom)
2019-08-21 05:55:26,491 [pool-137-thread-1] INFO  server.RaftServerConfigKeys (ConfUtils.java:logGet(43)) - raft.server.log.use.memory = false (default)
2019-08-21 05:55:26,491 [pool-137-thread-1] INFO  server.RaftServerConfigKeys (ConfUtils.java:logGet(43)) - raft.server.log.purge.gap = 1000000 (custom)
2019-08-21 05:55:26,491 [pool-137-thread-1] INFO  server.RaftServerConfigKeys (ConfUtils.java:logGet(43)) - raft.server.log.appender.buffer.byte-limit = 33554432 (custom)
2019-08-21 05:55:26,492 [pool-137-thread-1] INFO  server.RaftServerConfigKeys (ConfUtils.java:logGet(43)) - raft.server.log.segment.size.max = 1048576 (custom)
2019-08-21 05:55:26,492 [pool-137-thread-1] INFO  server.RaftServerConfigKeys (ConfUtils.java:logGet(43)) - raft.server.log.segment.cache.num.max = 2 (custom)
2019-08-21 05:55:26,492 [pool-137-thread-1] INFO  segmented.SegmentedRaftLogWorker (SegmentedRaftLogWorker.java:<init>(172)) - new 3c17af02-f769-4730-87e1-6a78a05442cb-SegmentedRaftLogWorker:Storage Directory /workdir/hadoop-ozone/integration-test/target/test-dir/MiniOzoneClusterImpl-6d1cdef1-941d-4f62-be26-b5ce02def95a/datanode-1/data/ratis/d33aab5d-814b-4e01-8b92-9545aa3c0546 for RaftStorage:Storage Directory /workdir/hadoop-ozone/integration-test/target/test-dir/MiniOzoneClusterImpl-6d1cdef1-941d-4f62-be26-b5ce02def95a/datanode-1/data/ratis/d33aab5d-814b-4e01-8b92-9545aa3c0546
2019-08-21 05:55:26,492 [pool-137-thread-1] INFO  server.RaftServerConfigKeys (ConfUtils.java:logGet(43)) - raft.server.log.queue.byte-limit = 2147483647 (custom)
2019-08-21 05:55:26,492 [pool-137-thread-1] INFO  server.RaftServerConfigKeys (ConfUtils.java:logGet(43)) - raft.server.log.queue.element-limit = 1024 (custom)
2019-08-21 05:55:26,493 [pool-137-thread-1] INFO  server.RaftServerConfigKeys (ConfUtils.java:logGet(43)) - raft.server.log.segment.size.max = 1048576 (custom)
2019-08-21 05:55:26,493 [pool-137-thread-1] INFO  server.RaftServerConfigKeys (ConfUtils.java:logGet(43)) - raft.server.log.preallocated.size = 16384 (custom)
2019-08-21 05:55:26,493 [pool-137-thread-1] INFO  server.RaftServerConfigKeys (ConfUtils.java:logGet(43)) - raft.server.log.write.buffer.size = 33554432 (custom)
2019-08-21 05:55:26,493 [pool-137-thread-1] INFO  server.RaftServerConfigKeys (ConfUtils.java:logGet(43)) - raft.server.log.force.sync.num = 128 (default)
2019-08-21 05:55:26,494 [pool-137-thread-1] INFO  server.RaftServerConfigKeys (ConfUtils.java:logGet(43)) - raft.server.log.statemachine.data.sync = true (default)
2019-08-21 05:55:26,494 [pool-137-thread-1] INFO  server.RaftServerConfigKeys (ConfUtils.java:logGet(43)) - raft.server.log.statemachine.data.sync.timeout = 10s (default)
2019-08-21 05:55:26,494 [pool-137-thread-1] INFO  server.RaftServerConfigKeys (ConfUtils.java:logGet(43)) - raft.server.log.statemachine.data.sync.timeout.retry = -1 (default)
2019-08-21 05:55:26,494 [pool-137-thread-1] INFO  server.RaftServerConfigKeys (ConfUtils.java:logGet(43)) - raft.server.log.statemachine.data.caching.enabled = true (custom)
2019-08-21 05:55:26,495 [pool-137-thread-1] INFO  segmented.SegmentedRaftLogWorker (SegmentedRaftLogWorker.java:lambda$new$0(132)) - 3c17af02-f769-4730-87e1-6a78a05442cb-SegmentedRaftLogWorker:Storage Directory /workdir/hadoop-ozone/integration-test/target/test-dir/MiniOzoneClusterImpl-6d1cdef1-941d-4f62-be26-b5ce02def95a/datanode-1/data/ratis/d33aab5d-814b-4e01-8b92-9545aa3c0546: flushIndex: setUnconditionally 0 -> -1
2019-08-21 05:55:26,495 [pool-137-thread-1] INFO  server.RaftServerConfigKeys (ConfUtils.java:logGet(43)) - raft.server.snapshot.auto.trigger.enabled = true (custom)
2019-08-21 05:55:26,496 [pool-137-thread-1] INFO  server.RaftServerConfigKeys (ConfUtils.java:logGet(43)) - raft.server.snapshot.auto.trigger.threshold = 10000 (custom)
2019-08-21 05:55:26,496 [pool-137-thread-1] INFO  server.RaftServerConfigKeys (ConfUtils.java:logGet(43)) - raft.server.retrycache.expirytime = 600000ms (custom)
2019-08-21 05:55:26,496 [pool-137-thread-1] INFO  impl.RaftServerImpl (RaftServerImpl.java:start(180)) - 3c17af02-f769-4730-87e1-6a78a05442cb: start group-9545AA3C0546
2019-08-21 05:55:26,496 [pool-137-thread-1] INFO  impl.RaftServerImpl (RaftServerImpl.java:setRole(171)) - 3c17af02-f769-4730-87e1-6a78a05442cb:group-9545AA3C0546 changes role from null to FOLLOWER at term 0 for startAsFollower
2019-08-21 05:55:26,496 [pool-137-thread-1] INFO  impl.RoleInfo (RoleInfo.java:updateAndGet(143)) - 3c17af02-f769-4730-87e1-6a78a05442cb: start FollowerState
2019-08-21 05:55:26,497 [pool-137-thread-1] INFO  util.JmxRegister (JmxRegister.java:tryRegister(44)) - Successfully registered JMX Bean with object name Ratis:service=RaftServer,group=group-9545AA3C0546,id=3c17af02-f769-4730-87e1-6a78a05442cb
2019-08-21 05:55:26,501 [RatisPipelineUtilsThread] INFO  pipeline.PipelineStateManager (PipelineStateManager.java:addPipeline(56)) - Created pipeline Pipeline[ Id: d33aab5d-814b-4e01-8b92-9545aa3c0546, Nodes: 3c17af02-f769-4730-87e1-6a78a05442cb{ip: 192.168.69.91, host: trunk-nightly-9stkx-2366262011, networkLocation: /default-rack, certSerialId: null}, Type:RATIS, Factor:ONE, State:OPEN]
2019-08-21 05:55:26,659 [IPC Server handler 1 on 34710] INFO  net.NetworkTopology (NetworkTopologyImpl.java:add(110)) - Added a new node: /default-rack/625627db-20f6-4593-9222-21b617438b7f
2019-08-21 05:55:26,659 [IPC Server handler 1 on 34710] INFO  node.SCMNodeManager (SCMNodeManager.java:register(273)) - Registered Data node : 625627db-20f6-4593-9222-21b617438b7f{ip: 192.168.69.91, host: trunk-nightly-9stkx-2366262011, networkLocation: /default-rack, certSerialId: null}
2019-08-21 05:55:26,660 | INFO  | SCMAudit | user=jenkins1000 | ip=192.168.69.91 | op=REGISTER {datanodeDetails=625627db-20f6-4593-9222-21b617438b7f{ip: 192.168.69.91, host: trunk-nightly-9stkx-2366262011, networkLocation: /default-rack, certSerialId: null}} | ret=SUCCESS |  
2019-08-21 05:55:26,663 [main] INFO  ozone.MiniOzoneClusterImpl (MiniOzoneClusterImpl.java:lambda$waitForClusterToBeReady$0(142)) - Waiting for cluster to be ready. Got 3 of 7 DN Heartbeats.
2019-08-21 05:55:26,669 [grpc-default-executor-0] INFO  impl.RaftServerProxy (RaftServerProxy.java:addNew(89)) - 625627db-20f6-4593-9222-21b617438b7f: addNew group-D36F525B3ECD:[625627db-20f6-4593-9222-21b617438b7f:192.168.69.91:38430] returns group-D36F525B3ECD:java.util.concurrent.CompletableFuture@1ffe5aad[Not completed]
2019-08-21 05:55:26,675 [pool-148-thread-1] INFO  impl.RaftServerImpl (RaftServerImpl.java:<init>(93)) - 625627db-20f6-4593-9222-21b617438b7f: new RaftServerImpl for group-D36F525B3ECD:[625627db-20f6-4593-9222-21b617438b7f:192.168.69.91:38430] with ContainerStateMachine:uninitialized
2019-08-21 05:55:26,676 [pool-148-thread-1] INFO  server.RaftServerConfigKeys (ConfUtils.java:logGet(43)) - raft.server.rpc.timeout.min = 5s (custom)
2019-08-21 05:55:26,676 [pool-148-thread-1] INFO  server.RaftServerConfigKeys (ConfUtils.java:logGet(43)) - raft.server.rpc.timeout.max = 5200ms (custom)
2019-08-21 05:55:26,676 [pool-148-thread-1] INFO  server.RaftServerConfigKeys (ConfUtils.java:logGet(43)) - raft.server.rpcslowness.timeout = 120s (custom)
2019-08-21 05:55:26,676 [pool-148-thread-1] INFO  server.RaftServerConfigKeys (ConfUtils.java:logGet(43)) - raft.server.sleep.deviation.threshold = 300 (default)
2019-08-21 05:55:26,676 [pool-148-thread-1] INFO  server.RaftServerConfigKeys (ConfUtils.java:logGet(43)) - raft.server.log.appender.install.snapshot.enabled = false (custom)
2019-08-21 05:55:26,677 [pool-148-thread-1] INFO  impl.RaftServerImpl (ServerState.java:<init>(105)) - 625627db-20f6-4593-9222-21b617438b7f:group-D36F525B3ECD ConfigurationManager, init=-1: [625627db-20f6-4593-9222-21b617438b7f:192.168.69.91:38430], old=null, confs=<EMPTY_MAP>
2019-08-21 05:55:26,677 [pool-148-thread-1] INFO  server.RaftServerConfigKeys (ConfUtils.java:logGet(43)) - raft.server.storage.dir = [/workdir/hadoop-ozone/integration-test/target/test-dir/MiniOzoneClusterImpl-6d1cdef1-941d-4f62-be26-b5ce02def95a/datanode-2/data/ratis] (custom)
2019-08-21 05:55:26,677 [pool-148-thread-1] INFO  storage.RaftStorageDirectory (RaftStorageDirectory.java:analyzeStorage(246)) - The storage directory /workdir/hadoop-ozone/integration-test/target/test-dir/MiniOzoneClusterImpl-6d1cdef1-941d-4f62-be26-b5ce02def95a/datanode-2/data/ratis/3282522f-a56d-498c-8a1f-d36f525b3ecd does not exist. Creating ...
2019-08-21 05:55:26,691 [pool-148-thread-1] INFO  storage.RaftStorageDirectory (RaftStorageDirectory.java:tryLock(328)) - Lock on /workdir/hadoop-ozone/integration-test/target/test-dir/MiniOzoneClusterImpl-6d1cdef1-941d-4f62-be26-b5ce02def95a/datanode-2/data/ratis/3282522f-a56d-498c-8a1f-d36f525b3ecd/in_use.lock acquired by nodename 5774@trunk-nightly-9stkx-2366262011
2019-08-21 05:55:26,704 [pool-148-thread-1] INFO  storage.RaftStorage (RaftStorage.java:format(72)) - Storage directory /workdir/hadoop-ozone/integration-test/target/test-dir/MiniOzoneClusterImpl-6d1cdef1-941d-4f62-be26-b5ce02def95a/datanode-2/data/ratis/3282522f-a56d-498c-8a1f-d36f525b3ecd has been successfully formatted.
2019-08-21 05:55:26,704 [pool-148-thread-1] INFO  ratis.ContainerStateMachine (ContainerStateMachine.java:loadSnapshot(226)) - group-D36F525B3ECD: The snapshot info is null. Setting the last applied indexto:(t:0, i:~)
2019-08-21 05:55:26,705 [pool-148-thread-1] INFO  server.RaftServerConfigKeys (ConfUtils.java:logGet(43)) - raft.server.leader.election.timeout = 120s (custom)
2019-08-21 05:55:26,705 [pool-148-thread-1] INFO  server.RaftServerConfigKeys (ConfUtils.java:logGet(43)) - raft.server.log.use.memory = false (default)
2019-08-21 05:55:26,705 [pool-148-thread-1] INFO  server.RaftServerConfigKeys (ConfUtils.java:logGet(43)) - raft.server.log.purge.gap = 1000000 (custom)
2019-08-21 05:55:26,705 [pool-148-thread-1] INFO  server.RaftServerConfigKeys (ConfUtils.java:logGet(43)) - raft.server.log.appender.buffer.byte-limit = 33554432 (custom)
2019-08-21 05:55:26,705 [pool-148-thread-1] INFO  server.RaftServerConfigKeys (ConfUtils.java:logGet(43)) - raft.server.log.segment.size.max = 1048576 (custom)
2019-08-21 05:55:26,705 [pool-148-thread-1] INFO  server.RaftServerConfigKeys (ConfUtils.java:logGet(43)) - raft.server.log.segment.cache.num.max = 2 (custom)
2019-08-21 05:55:26,706 [pool-148-thread-1] INFO  segmented.SegmentedRaftLogWorker (SegmentedRaftLogWorker.java:<init>(172)) - new 625627db-20f6-4593-9222-21b617438b7f-SegmentedRaftLogWorker:Storage Directory /workdir/hadoop-ozone/integration-test/target/test-dir/MiniOzoneClusterImpl-6d1cdef1-941d-4f62-be26-b5ce02def95a/datanode-2/data/ratis/3282522f-a56d-498c-8a1f-d36f525b3ecd for RaftStorage:Storage Directory /workdir/hadoop-ozone/integration-test/target/test-dir/MiniOzoneClusterImpl-6d1cdef1-941d-4f62-be26-b5ce02def95a/datanode-2/data/ratis/3282522f-a56d-498c-8a1f-d36f525b3ecd
2019-08-21 05:55:26,706 [pool-148-thread-1] INFO  server.RaftServerConfigKeys (ConfUtils.java:logGet(43)) - raft.server.log.queue.byte-limit = 2147483647 (custom)
2019-08-21 05:55:26,706 [pool-148-thread-1] INFO  server.RaftServerConfigKeys (ConfUtils.java:logGet(43)) - raft.server.log.queue.element-limit = 1024 (custom)
2019-08-21 05:55:26,706 [pool-148-thread-1] INFO  server.RaftServerConfigKeys (ConfUtils.java:logGet(43)) - raft.server.log.segment.size.max = 1048576 (custom)
2019-08-21 05:55:26,707 [pool-148-thread-1] INFO  server.RaftServerConfigKeys (ConfUtils.java:logGet(43)) - raft.server.log.preallocated.size = 16384 (custom)
2019-08-21 05:55:26,707 [pool-148-thread-1] INFO  server.RaftServerConfigKeys (ConfUtils.java:logGet(43)) - raft.server.log.write.buffer.size = 33554432 (custom)
2019-08-21 05:55:26,707 [pool-148-thread-1] INFO  server.RaftServerConfigKeys (ConfUtils.java:logGet(43)) - raft.server.log.force.sync.num = 128 (default)
2019-08-21 05:55:26,707 [pool-148-thread-1] INFO  server.RaftServerConfigKeys (ConfUtils.java:logGet(43)) - raft.server.log.statemachine.data.sync = true (default)
2019-08-21 05:55:26,707 [pool-148-thread-1] INFO  server.RaftServerConfigKeys (ConfUtils.java:logGet(43)) - raft.server.log.statemachine.data.sync.timeout = 10s (default)
2019-08-21 05:55:26,707 [pool-148-thread-1] INFO  server.RaftServerConfigKeys (ConfUtils.java:logGet(43)) - raft.server.log.statemachine.data.sync.timeout.retry = -1 (default)
2019-08-21 05:55:26,708 [pool-148-thread-1] INFO  server.RaftServerConfigKeys (ConfUtils.java:logGet(43)) - raft.server.log.statemachine.data.caching.enabled = true (custom)
2019-08-21 05:55:26,708 [pool-148-thread-1] INFO  segmented.SegmentedRaftLogWorker (SegmentedRaftLogWorker.java:lambda$new$0(132)) - 625627db-20f6-4593-9222-21b617438b7f-SegmentedRaftLogWorker:Storage Directory /workdir/hadoop-ozone/integration-test/target/test-dir/MiniOzoneClusterImpl-6d1cdef1-941d-4f62-be26-b5ce02def95a/datanode-2/data/ratis/3282522f-a56d-498c-8a1f-d36f525b3ecd: flushIndex: setUnconditionally 0 -> -1
2019-08-21 05:55:26,709 [pool-148-thread-1] INFO  server.RaftServerConfigKeys (ConfUtils.java:logGet(43)) - raft.server.snapshot.auto.trigger.enabled = true (custom)
2019-08-21 05:55:26,709 [pool-148-thread-1] INFO  server.RaftServerConfigKeys (ConfUtils.java:logGet(43)) - raft.server.snapshot.auto.trigger.threshold = 10000 (custom)
2019-08-21 05:55:26,709 [pool-148-thread-1] INFO  server.RaftServerConfigKeys (ConfUtils.java:logGet(43)) - raft.server.retrycache.expirytime = 600000ms (custom)
2019-08-21 05:55:26,710 [pool-148-thread-1] INFO  impl.RaftServerImpl (RaftServerImpl.java:start(180)) - 625627db-20f6-4593-9222-21b617438b7f: start group-D36F525B3ECD
2019-08-21 05:55:26,710 [pool-148-thread-1] INFO  impl.RaftServerImpl (RaftServerImpl.java:setRole(171)) - 625627db-20f6-4593-9222-21b617438b7f:group-D36F525B3ECD changes role from null to FOLLOWER at term 0 for startAsFollower
2019-08-21 05:55:26,710 [pool-148-thread-1] INFO  impl.RoleInfo (RoleInfo.java:updateAndGet(143)) - 625627db-20f6-4593-9222-21b617438b7f: start FollowerState
2019-08-21 05:55:26,710 [pool-148-thread-1] INFO  util.JmxRegister (JmxRegister.java:tryRegister(44)) - Successfully registered JMX Bean with object name Ratis:service=RaftServer,group=group-D36F525B3ECD,id=625627db-20f6-4593-9222-21b617438b7f
2019-08-21 05:55:26,713 [RatisPipelineUtilsThread] INFO  pipeline.PipelineStateManager (PipelineStateManager.java:addPipeline(56)) - Created pipeline Pipeline[ Id: 3282522f-a56d-498c-8a1f-d36f525b3ecd, Nodes: 625627db-20f6-4593-9222-21b617438b7f{ip: 192.168.69.91, host: trunk-nightly-9stkx-2366262011, networkLocation: /default-rack, certSerialId: null}, Type:RATIS, Factor:ONE, State:OPEN]
2019-08-21 05:55:26,729 [grpc-default-executor-3] INFO  impl.RaftServerProxy (RaftServerProxy.java:addNew(89)) - 625627db-20f6-4593-9222-21b617438b7f: addNew group-ED3E36EC8233:[f101476e-c990-429e-921c-5f445731959e:192.168.69.91:45055, 3c17af02-f769-4730-87e1-6a78a05442cb:192.168.69.91:45466, 625627db-20f6-4593-9222-21b617438b7f:192.168.69.91:38430] returns group-ED3E36EC8233:java.util.concurrent.CompletableFuture@4bbe69b2[Not completed]
2019-08-21 05:55:26,730 [grpc-default-executor-1] INFO  impl.RaftServerProxy (RaftServerProxy.java:addNew(89)) - 3c17af02-f769-4730-87e1-6a78a05442cb: addNew group-ED3E36EC8233:[f101476e-c990-429e-921c-5f445731959e:192.168.69.91:45055, 3c17af02-f769-4730-87e1-6a78a05442cb:192.168.69.91:45466, 625627db-20f6-4593-9222-21b617438b7f:192.168.69.91:38430] returns group-ED3E36EC8233:java.util.concurrent.CompletableFuture@32c03d56[Not completed]
2019-08-21 05:55:26,729 [grpc-default-executor-0] INFO  impl.RaftServerProxy (RaftServerProxy.java:addNew(89)) - f101476e-c990-429e-921c-5f445731959e: addNew group-ED3E36EC8233:[f101476e-c990-429e-921c-5f445731959e:192.168.69.91:45055, 3c17af02-f769-4730-87e1-6a78a05442cb:192.168.69.91:45466, 625627db-20f6-4593-9222-21b617438b7f:192.168.69.91:38430] returns group-ED3E36EC8233:java.util.concurrent.CompletableFuture@6d4a5b46[Not completed]
2019-08-21 05:55:26,731 [pool-148-thread-1] INFO  impl.RaftServerImpl (RaftServerImpl.java:<init>(93)) - 625627db-20f6-4593-9222-21b617438b7f: new RaftServerImpl for group-ED3E36EC8233:[f101476e-c990-429e-921c-5f445731959e:192.168.69.91:45055, 3c17af02-f769-4730-87e1-6a78a05442cb:192.168.69.91:45466, 625627db-20f6-4593-9222-21b617438b7f:192.168.69.91:38430] with ContainerStateMachine:uninitialized
2019-08-21 05:55:26,732 [pool-148-thread-1] INFO  server.RaftServerConfigKeys (ConfUtils.java:logGet(43)) - raft.server.rpc.timeout.min = 5s (custom)
2019-08-21 05:55:26,732 [pool-148-thread-1] INFO  server.RaftServerConfigKeys (ConfUtils.java:logGet(43)) - raft.server.rpc.timeout.max = 5200ms (custom)
2019-08-21 05:55:26,732 [pool-148-thread-1] INFO  server.RaftServerConfigKeys (ConfUtils.java:logGet(43)) - raft.server.rpcslowness.timeout = 120s (custom)
2019-08-21 05:55:26,732 [pool-148-thread-1] INFO  server.RaftServerConfigKeys (ConfUtils.java:logGet(43)) - raft.server.sleep.deviation.threshold = 300 (default)
2019-08-21 05:55:26,732 [pool-148-thread-1] INFO  server.RaftServerConfigKeys (ConfUtils.java:logGet(43)) - raft.server.log.appender.install.snapshot.enabled = false (custom)
2019-08-21 05:55:26,732 [pool-148-thread-1] INFO  impl.RaftServerImpl (ServerState.java:<init>(105)) - 625627db-20f6-4593-9222-21b617438b7f:group-ED3E36EC8233 ConfigurationManager, init=-1: [f101476e-c990-429e-921c-5f445731959e:192.168.69.91:45055, 3c17af02-f769-4730-87e1-6a78a05442cb:192.168.69.91:45466, 625627db-20f6-4593-9222-21b617438b7f:192.168.69.91:38430], old=null, confs=<EMPTY_MAP>
2019-08-21 05:55:26,733 [pool-148-thread-1] INFO  server.RaftServerConfigKeys (ConfUtils.java:logGet(43)) - raft.server.storage.dir = [/workdir/hadoop-ozone/integration-test/target/test-dir/MiniOzoneClusterImpl-6d1cdef1-941d-4f62-be26-b5ce02def95a/datanode-2/data/ratis] (custom)
2019-08-21 05:55:26,733 [pool-126-thread-1] INFO  impl.RaftServerImpl (RaftServerImpl.java:<init>(93)) - f101476e-c990-429e-921c-5f445731959e: new RaftServerImpl for group-ED3E36EC8233:[f101476e-c990-429e-921c-5f445731959e:192.168.69.91:45055, 3c17af02-f769-4730-87e1-6a78a05442cb:192.168.69.91:45466, 625627db-20f6-4593-9222-21b617438b7f:192.168.69.91:38430] with ContainerStateMachine:uninitialized
2019-08-21 05:55:26,733 [pool-148-thread-1] INFO  storage.RaftStorageDirectory (RaftStorageDirectory.java:analyzeStorage(246)) - The storage directory /workdir/hadoop-ozone/integration-test/target/test-dir/MiniOzoneClusterImpl-6d1cdef1-941d-4f62-be26-b5ce02def95a/datanode-2/data/ratis/c87dbf4e-80e4-421e-a785-ed3e36ec8233 does not exist. Creating ...
2019-08-21 05:55:26,733 [pool-126-thread-1] INFO  server.RaftServerConfigKeys (ConfUtils.java:logGet(43)) - raft.server.rpc.timeout.min = 5s (custom)
2019-08-21 05:55:26,734 [pool-137-thread-1] INFO  impl.RaftServerImpl (RaftServerImpl.java:<init>(93)) - 3c17af02-f769-4730-87e1-6a78a05442cb: new RaftServerImpl for group-ED3E36EC8233:[f101476e-c990-429e-921c-5f445731959e:192.168.69.91:45055, 3c17af02-f769-4730-87e1-6a78a05442cb:192.168.69.91:45466, 625627db-20f6-4593-9222-21b617438b7f:192.168.69.91:38430] with ContainerStateMachine:uninitialized
2019-08-21 05:55:26,734 [pool-126-thread-1] INFO  server.RaftServerConfigKeys (ConfUtils.java:logGet(43)) - raft.server.rpc.timeout.max = 5200ms (custom)
2019-08-21 05:55:26,734 [pool-137-thread-1] INFO  server.RaftServerConfigKeys (ConfUtils.java:logGet(43)) - raft.server.rpc.timeout.min = 5s (custom)
2019-08-21 05:55:26,734 [pool-126-thread-1] INFO  server.RaftServerConfigKeys (ConfUtils.java:logGet(43)) - raft.server.rpcslowness.timeout = 120s (custom)
2019-08-21 05:55:26,734 [pool-137-thread-1] INFO  server.RaftServerConfigKeys (ConfUtils.java:logGet(43)) - raft.server.rpc.timeout.max = 5200ms (custom)
2019-08-21 05:55:26,734 [pool-126-thread-1] INFO  server.RaftServerConfigKeys (ConfUtils.java:logGet(43)) - raft.server.sleep.deviation.threshold = 300 (default)
2019-08-21 05:55:26,735 [pool-137-thread-1] INFO  server.RaftServerConfigKeys (ConfUtils.java:logGet(43)) - raft.server.rpcslowness.timeout = 120s (custom)
2019-08-21 05:55:26,735 [pool-126-thread-1] INFO  server.RaftServerConfigKeys (ConfUtils.java:logGet(43)) - raft.server.log.appender.install.snapshot.enabled = false (custom)
2019-08-21 05:55:26,735 [pool-137-thread-1] INFO  server.RaftServerConfigKeys (ConfUtils.java:logGet(43)) - raft.server.sleep.deviation.threshold = 300 (default)
2019-08-21 05:55:26,735 [pool-126-thread-1] INFO  impl.RaftServerImpl (ServerState.java:<init>(105)) - f101476e-c990-429e-921c-5f445731959e:group-ED3E36EC8233 ConfigurationManager, init=-1: [f101476e-c990-429e-921c-5f445731959e:192.168.69.91:45055, 3c17af02-f769-4730-87e1-6a78a05442cb:192.168.69.91:45466, 625627db-20f6-4593-9222-21b617438b7f:192.168.69.91:38430], old=null, confs=<EMPTY_MAP>
2019-08-21 05:55:26,735 [pool-137-thread-1] INFO  server.RaftServerConfigKeys (ConfUtils.java:logGet(43)) - raft.server.log.appender.install.snapshot.enabled = false (custom)
2019-08-21 05:55:26,736 [pool-126-thread-1] INFO  server.RaftServerConfigKeys (ConfUtils.java:logGet(43)) - raft.server.storage.dir = [/workdir/hadoop-ozone/integration-test/target/test-dir/MiniOzoneClusterImpl-6d1cdef1-941d-4f62-be26-b5ce02def95a/datanode-0/data/ratis] (custom)
2019-08-21 05:55:26,736 [pool-137-thread-1] INFO  impl.RaftServerImpl (ServerState.java:<init>(105)) - 3c17af02-f769-4730-87e1-6a78a05442cb:group-ED3E36EC8233 ConfigurationManager, init=-1: [f101476e-c990-429e-921c-5f445731959e:192.168.69.91:45055, 3c17af02-f769-4730-87e1-6a78a05442cb:192.168.69.91:45466, 625627db-20f6-4593-9222-21b617438b7f:192.168.69.91:38430], old=null, confs=<EMPTY_MAP>
2019-08-21 05:55:26,736 [pool-137-thread-1] INFO  server.RaftServerConfigKeys (ConfUtils.java:logGet(43)) - raft.server.storage.dir = [/workdir/hadoop-ozone/integration-test/target/test-dir/MiniOzoneClusterImpl-6d1cdef1-941d-4f62-be26-b5ce02def95a/datanode-1/data/ratis] (custom)
2019-08-21 05:55:26,736 [pool-126-thread-1] INFO  storage.RaftStorageDirectory (RaftStorageDirectory.java:analyzeStorage(246)) - The storage directory /workdir/hadoop-ozone/integration-test/target/test-dir/MiniOzoneClusterImpl-6d1cdef1-941d-4f62-be26-b5ce02def95a/datanode-0/data/ratis/c87dbf4e-80e4-421e-a785-ed3e36ec8233 does not exist. Creating ...
2019-08-21 05:55:26,737 [pool-137-thread-1] INFO  storage.RaftStorageDirectory (RaftStorageDirectory.java:analyzeStorage(246)) - The storage directory /workdir/hadoop-ozone/integration-test/target/test-dir/MiniOzoneClusterImpl-6d1cdef1-941d-4f62-be26-b5ce02def95a/datanode-1/data/ratis/c87dbf4e-80e4-421e-a785-ed3e36ec8233 does not exist. Creating ...
2019-08-21 05:55:26,747 [pool-148-thread-1] INFO  storage.RaftStorageDirectory (RaftStorageDirectory.java:tryLock(328)) - Lock on /workdir/hadoop-ozone/integration-test/target/test-dir/MiniOzoneClusterImpl-6d1cdef1-941d-4f62-be26-b5ce02def95a/datanode-2/data/ratis/c87dbf4e-80e4-421e-a785-ed3e36ec8233/in_use.lock acquired by nodename 5774@trunk-nightly-9stkx-2366262011
2019-08-21 05:55:26,747 [pool-126-thread-1] INFO  storage.RaftStorageDirectory (RaftStorageDirectory.java:tryLock(328)) - Lock on /workdir/hadoop-ozone/integration-test/target/test-dir/MiniOzoneClusterImpl-6d1cdef1-941d-4f62-be26-b5ce02def95a/datanode-0/data/ratis/c87dbf4e-80e4-421e-a785-ed3e36ec8233/in_use.lock acquired by nodename 5774@trunk-nightly-9stkx-2366262011
2019-08-21 05:55:26,747 [pool-137-thread-1] INFO  storage.RaftStorageDirectory (RaftStorageDirectory.java:tryLock(328)) - Lock on /workdir/hadoop-ozone/integration-test/target/test-dir/MiniOzoneClusterImpl-6d1cdef1-941d-4f62-be26-b5ce02def95a/datanode-1/data/ratis/c87dbf4e-80e4-421e-a785-ed3e36ec8233/in_use.lock acquired by nodename 5774@trunk-nightly-9stkx-2366262011
2019-08-21 05:55:26,761 [pool-137-thread-1] INFO  storage.RaftStorage (RaftStorage.java:format(72)) - Storage directory /workdir/hadoop-ozone/integration-test/target/test-dir/MiniOzoneClusterImpl-6d1cdef1-941d-4f62-be26-b5ce02def95a/datanode-1/data/ratis/c87dbf4e-80e4-421e-a785-ed3e36ec8233 has been successfully formatted.
2019-08-21 05:55:26,761 [pool-148-thread-1] INFO  storage.RaftStorage (RaftStorage.java:format(72)) - Storage directory /workdir/hadoop-ozone/integration-test/target/test-dir/MiniOzoneClusterImpl-6d1cdef1-941d-4f62-be26-b5ce02def95a/datanode-2/data/ratis/c87dbf4e-80e4-421e-a785-ed3e36ec8233 has been successfully formatted.
2019-08-21 05:55:26,761 [pool-126-thread-1] INFO  storage.RaftStorage (RaftStorage.java:format(72)) - Storage directory /workdir/hadoop-ozone/integration-test/target/test-dir/MiniOzoneClusterImpl-6d1cdef1-941d-4f62-be26-b5ce02def95a/datanode-0/data/ratis/c87dbf4e-80e4-421e-a785-ed3e36ec8233 has been successfully formatted.
2019-08-21 05:55:26,761 [pool-148-thread-1] INFO  ratis.ContainerStateMachine (ContainerStateMachine.java:loadSnapshot(226)) - group-ED3E36EC8233: The snapshot info is null. Setting the last applied indexto:(t:0, i:~)
2019-08-21 05:55:26,761 [pool-137-thread-1] INFO  ratis.ContainerStateMachine (ContainerStateMachine.java:loadSnapshot(226)) - group-ED3E36EC8233: The snapshot info is null. Setting the last applied indexto:(t:0, i:~)
2019-08-21 05:55:26,762 [pool-148-thread-1] INFO  server.RaftServerConfigKeys (ConfUtils.java:logGet(43)) - raft.server.leader.election.timeout = 120s (custom)
2019-08-21 05:55:26,762 [pool-126-thread-1] INFO  ratis.ContainerStateMachine (ContainerStateMachine.java:loadSnapshot(226)) - group-ED3E36EC8233: The snapshot info is null. Setting the last applied indexto:(t:0, i:~)
2019-08-21 05:55:26,762 [pool-148-thread-1] INFO  server.RaftServerConfigKeys (ConfUtils.java:logGet(43)) - raft.server.log.use.memory = false (default)
2019-08-21 05:55:26,762 [pool-137-thread-1] INFO  server.RaftServerConfigKeys (ConfUtils.java:logGet(43)) - raft.server.leader.election.timeout = 120s (custom)
2019-08-21 05:55:26,762 [pool-148-thread-1] INFO  server.RaftServerConfigKeys (ConfUtils.java:logGet(43)) - raft.server.log.purge.gap = 1000000 (custom)
2019-08-21 05:55:26,762 [pool-126-thread-1] INFO  server.RaftServerConfigKeys (ConfUtils.java:logGet(43)) - raft.server.leader.election.timeout = 120s (custom)
2019-08-21 05:55:26,763 [pool-148-thread-1] INFO  server.RaftServerConfigKeys (ConfUtils.java:logGet(43)) - raft.server.log.appender.buffer.byte-limit = 33554432 (custom)
2019-08-21 05:55:26,762 [pool-137-thread-1] INFO  server.RaftServerConfigKeys (ConfUtils.java:logGet(43)) - raft.server.log.use.memory = false (default)
2019-08-21 05:55:26,763 [pool-148-thread-1] INFO  server.RaftServerConfigKeys (ConfUtils.java:logGet(43)) - raft.server.log.segment.size.max = 1048576 (custom)
2019-08-21 05:55:26,763 [pool-126-thread-1] INFO  server.RaftServerConfigKeys (ConfUtils.java:logGet(43)) - raft.server.log.use.memory = false (default)
2019-08-21 05:55:26,763 [pool-148-thread-1] INFO  server.RaftServerConfigKeys (ConfUtils.java:logGet(43)) - raft.server.log.segment.cache.num.max = 2 (custom)
2019-08-21 05:55:26,763 [pool-137-thread-1] INFO  server.RaftServerConfigKeys (ConfUtils.java:logGet(43)) - raft.server.log.purge.gap = 1000000 (custom)
2019-08-21 05:55:26,764 [pool-148-thread-1] INFO  segmented.SegmentedRaftLogWorker (SegmentedRaftLogWorker.java:<init>(172)) - new 625627db-20f6-4593-9222-21b617438b7f-SegmentedRaftLogWorker:Storage Directory /workdir/hadoop-ozone/integration-test/target/test-dir/MiniOzoneClusterImpl-6d1cdef1-941d-4f62-be26-b5ce02def95a/datanode-2/data/ratis/c87dbf4e-80e4-421e-a785-ed3e36ec8233 for RaftStorage:Storage Directory /workdir/hadoop-ozone/integration-test/target/test-dir/MiniOzoneClusterImpl-6d1cdef1-941d-4f62-be26-b5ce02def95a/datanode-2/data/ratis/c87dbf4e-80e4-421e-a785-ed3e36ec8233
2019-08-21 05:55:26,763 [pool-126-thread-1] INFO  server.RaftServerConfigKeys (ConfUtils.java:logGet(43)) - raft.server.log.purge.gap = 1000000 (custom)
2019-08-21 05:55:26,764 [pool-148-thread-1] INFO  server.RaftServerConfigKeys (ConfUtils.java:logGet(43)) - raft.server.log.queue.byte-limit = 2147483647 (custom)
2019-08-21 05:55:26,764 [pool-137-thread-1] INFO  server.RaftServerConfigKeys (ConfUtils.java:logGet(43)) - raft.server.log.appender.buffer.byte-limit = 33554432 (custom)
2019-08-21 05:55:26,764 [pool-148-thread-1] INFO  server.RaftServerConfigKeys (ConfUtils.java:logGet(43)) - raft.server.log.queue.element-limit = 1024 (custom)
2019-08-21 05:55:26,764 [pool-126-thread-1] INFO  server.RaftServerConfigKeys (ConfUtils.java:logGet(43)) - raft.server.log.appender.buffer.byte-limit = 33554432 (custom)
2019-08-21 05:55:26,765 [pool-148-thread-1] INFO  server.RaftServerConfigKeys (ConfUtils.java:logGet(43)) - raft.server.log.segment.size.max = 1048576 (custom)
2019-08-21 05:55:26,765 [pool-137-thread-1] INFO  server.RaftServerConfigKeys (ConfUtils.java:logGet(43)) - raft.server.log.segment.size.max = 1048576 (custom)
2019-08-21 05:55:26,765 [pool-148-thread-1] INFO  server.RaftServerConfigKeys (ConfUtils.java:logGet(43)) - raft.server.log.preallocated.size = 16384 (custom)
2019-08-21 05:55:26,765 [pool-126-thread-1] INFO  server.RaftServerConfigKeys (ConfUtils.java:logGet(43)) - raft.server.log.segment.size.max = 1048576 (custom)
2019-08-21 05:55:26,765 [pool-148-thread-1] INFO  server.RaftServerConfigKeys (ConfUtils.java:logGet(43)) - raft.server.log.write.buffer.size = 33554432 (custom)
2019-08-21 05:55:26,765 [pool-137-thread-1] INFO  server.RaftServerConfigKeys (ConfUtils.java:logGet(43)) - raft.server.log.segment.cache.num.max = 2 (custom)
2019-08-21 05:55:26,766 [pool-148-thread-1] INFO  server.RaftServerConfigKeys (ConfUtils.java:logGet(43)) - raft.server.log.force.sync.num = 128 (default)
2019-08-21 05:55:26,766 [pool-126-thread-1] INFO  server.RaftServerConfigKeys (ConfUtils.java:logGet(43)) - raft.server.log.segment.cache.num.max = 2 (custom)
2019-08-21 05:55:26,766 [pool-148-thread-1] INFO  server.RaftServerConfigKeys (ConfUtils.java:logGet(43)) - raft.server.log.statemachine.data.sync = true (default)
2019-08-21 05:55:26,766 [pool-137-thread-1] INFO  segmented.SegmentedRaftLogWorker (SegmentedRaftLogWorker.java:<init>(172)) - new 3c17af02-f769-4730-87e1-6a78a05442cb-SegmentedRaftLogWorker:Storage Directory /workdir/hadoop-ozone/integration-test/target/test-dir/MiniOzoneClusterImpl-6d1cdef1-941d-4f62-be26-b5ce02def95a/datanode-1/data/ratis/c87dbf4e-80e4-421e-a785-ed3e36ec8233 for RaftStorage:Storage Directory /workdir/hadoop-ozone/integration-test/target/test-dir/MiniOzoneClusterImpl-6d1cdef1-941d-4f62-be26-b5ce02def95a/datanode-1/data/ratis/c87dbf4e-80e4-421e-a785-ed3e36ec8233
2019-08-21 05:55:26,766 [pool-148-thread-1] INFO  server.RaftServerConfigKeys (ConfUtils.java:logGet(43)) - raft.server.log.statemachine.data.sync.timeout = 10s (default)
2019-08-21 05:55:26,766 [pool-126-thread-1] INFO  segmented.SegmentedRaftLogWorker (SegmentedRaftLogWorker.java:<init>(172)) - new f101476e-c990-429e-921c-5f445731959e-SegmentedRaftLogWorker:Storage Directory /workdir/hadoop-ozone/integration-test/target/test-dir/MiniOzoneClusterImpl-6d1cdef1-941d-4f62-be26-b5ce02def95a/datanode-0/data/ratis/c87dbf4e-80e4-421e-a785-ed3e36ec8233 for RaftStorage:Storage Directory /workdir/hadoop-ozone/integration-test/target/test-dir/MiniOzoneClusterImpl-6d1cdef1-941d-4f62-be26-b5ce02def95a/datanode-0/data/ratis/c87dbf4e-80e4-421e-a785-ed3e36ec8233
2019-08-21 05:55:26,767 [pool-148-thread-1] INFO  server.RaftServerConfigKeys (ConfUtils.java:logGet(43)) - raft.server.log.statemachine.data.sync.timeout.retry = -1 (default)
2019-08-21 05:55:26,767 [pool-137-thread-1] INFO  server.RaftServerConfigKeys (ConfUtils.java:logGet(43)) - raft.server.log.queue.byte-limit = 2147483647 (custom)
2019-08-21 05:55:26,767 [pool-148-thread-1] INFO  server.RaftServerConfigKeys (ConfUtils.java:logGet(43)) - raft.server.log.statemachine.data.caching.enabled = true (custom)
2019-08-21 05:55:26,767 [pool-126-thread-1] INFO  server.RaftServerConfigKeys (ConfUtils.java:logGet(43)) - raft.server.log.queue.byte-limit = 2147483647 (custom)
2019-08-21 05:55:26,767 [pool-137-thread-1] INFO  server.RaftServerConfigKeys (ConfUtils.java:logGet(43)) - raft.server.log.queue.element-limit = 1024 (custom)
2019-08-21 05:55:26,768 [pool-148-thread-1] INFO  segmented.SegmentedRaftLogWorker (SegmentedRaftLogWorker.java:lambda$new$0(132)) - 625627db-20f6-4593-9222-21b617438b7f-SegmentedRaftLogWorker:Storage Directory /workdir/hadoop-ozone/integration-test/target/test-dir/MiniOzoneClusterImpl-6d1cdef1-941d-4f62-be26-b5ce02def95a/datanode-2/data/ratis/c87dbf4e-80e4-421e-a785-ed3e36ec8233: flushIndex: setUnconditionally 0 -> -1
2019-08-21 05:55:26,767 [pool-126-thread-1] INFO  server.RaftServerConfigKeys (ConfUtils.java:logGet(43)) - raft.server.log.queue.element-limit = 1024 (custom)
2019-08-21 05:55:26,768 [pool-137-thread-1] INFO  server.RaftServerConfigKeys (ConfUtils.java:logGet(43)) - raft.server.log.segment.size.max = 1048576 (custom)
2019-08-21 05:55:26,768 [pool-126-thread-1] INFO  server.RaftServerConfigKeys (ConfUtils.java:logGet(43)) - raft.server.log.segment.size.max = 1048576 (custom)
2019-08-21 05:55:26,768 [pool-148-thread-1] INFO  server.RaftServerConfigKeys (ConfUtils.java:logGet(43)) - raft.server.snapshot.auto.trigger.enabled = true (custom)
2019-08-21 05:55:26,768 [pool-126-thread-1] INFO  server.RaftServerConfigKeys (ConfUtils.java:logGet(43)) - raft.server.log.preallocated.size = 16384 (custom)
2019-08-21 05:55:26,768 [pool-137-thread-1] INFO  server.RaftServerConfigKeys (ConfUtils.java:logGet(43)) - raft.server.log.preallocated.size = 16384 (custom)
2019-08-21 05:55:26,769 [pool-126-thread-1] INFO  server.RaftServerConfigKeys (ConfUtils.java:logGet(43)) - raft.server.log.write.buffer.size = 33554432 (custom)
2019-08-21 05:55:26,768 [pool-148-thread-1] INFO  server.RaftServerConfigKeys (ConfUtils.java:logGet(43)) - raft.server.snapshot.auto.trigger.threshold = 10000 (custom)
2019-08-21 05:55:26,769 [pool-126-thread-1] INFO  server.RaftServerConfigKeys (ConfUtils.java:logGet(43)) - raft.server.log.force.sync.num = 128 (default)
2019-08-21 05:55:26,769 [pool-126-thread-1] INFO  server.RaftServerConfigKeys (ConfUtils.java:logGet(43)) - raft.server.log.statemachine.data.sync = true (default)
2019-08-21 05:55:26,769 [pool-137-thread-1] INFO  server.RaftServerConfigKeys (ConfUtils.java:logGet(43)) - raft.server.log.write.buffer.size = 33554432 (custom)
2019-08-21 05:55:26,770 [pool-126-thread-1] INFO  server.RaftServerConfigKeys (ConfUtils.java:logGet(43)) - raft.server.log.statemachine.data.sync.timeout = 10s (default)
2019-08-21 05:55:26,769 [pool-148-thread-1] INFO  server.RaftServerConfigKeys (ConfUtils.java:logGet(43)) - raft.server.retrycache.expirytime = 600000ms (custom)
2019-08-21 05:55:26,770 [pool-126-thread-1] INFO  server.RaftServerConfigKeys (ConfUtils.java:logGet(43)) - raft.server.log.statemachine.data.sync.timeout.retry = -1 (default)
2019-08-21 05:55:26,770 [pool-137-thread-1] INFO  server.RaftServerConfigKeys (ConfUtils.java:logGet(43)) - raft.server.log.force.sync.num = 128 (default)
2019-08-21 05:55:26,770 [pool-126-thread-1] INFO  server.RaftServerConfigKeys (ConfUtils.java:logGet(43)) - raft.server.log.statemachine.data.caching.enabled = true (custom)
2019-08-21 05:55:26,770 [pool-148-thread-1] INFO  impl.RaftServerImpl (RaftServerImpl.java:start(180)) - 625627db-20f6-4593-9222-21b617438b7f: start group-ED3E36EC8233
2019-08-21 05:55:26,771 [pool-148-thread-1] INFO  impl.RaftServerImpl (RaftServerImpl.java:setRole(171)) - 625627db-20f6-4593-9222-21b617438b7f:group-ED3E36EC8233 changes role from null to FOLLOWER at term 0 for startAsFollower
2019-08-21 05:55:26,770 [pool-137-thread-1] INFO  server.RaftServerConfigKeys (ConfUtils.java:logGet(43)) - raft.server.log.statemachine.data.sync = true (default)
2019-08-21 05:55:26,771 [pool-148-thread-1] INFO  impl.RoleInfo (RoleInfo.java:updateAndGet(143)) - 625627db-20f6-4593-9222-21b617438b7f: start FollowerState
2019-08-21 05:55:26,771 [pool-126-thread-1] INFO  segmented.SegmentedRaftLogWorker (SegmentedRaftLogWorker.java:lambda$new$0(132)) - f101476e-c990-429e-921c-5f445731959e-SegmentedRaftLogWorker:Storage Directory /workdir/hadoop-ozone/integration-test/target/test-dir/MiniOzoneClusterImpl-6d1cdef1-941d-4f62-be26-b5ce02def95a/datanode-0/data/ratis/c87dbf4e-80e4-421e-a785-ed3e36ec8233: flushIndex: setUnconditionally 0 -> -1
2019-08-21 05:55:26,771 [pool-137-thread-1] INFO  server.RaftServerConfigKeys (ConfUtils.java:logGet(43)) - raft.server.log.statemachine.data.sync.timeout = 10s (default)
2019-08-21 05:55:26,772 [pool-137-thread-1] INFO  server.RaftServerConfigKeys (ConfUtils.java:logGet(43)) - raft.server.log.statemachine.data.sync.timeout.retry = -1 (default)
2019-08-21 05:55:26,787 [pool-148-thread-1] INFO  util.JmxRegister (JmxRegister.java:tryRegister(44)) - Successfully registered JMX Bean with object name Ratis:service=RaftServer,group=group-ED3E36EC8233,id=625627db-20f6-4593-9222-21b617438b7f
2019-08-21 05:55:26,787 [pool-137-thread-1] INFO  server.RaftServerConfigKeys (ConfUtils.java:logGet(43)) - raft.server.log.statemachine.data.caching.enabled = true (custom)
2019-08-21 05:55:26,787 [pool-126-thread-1] INFO  server.RaftServerConfigKeys (ConfUtils.java:logGet(43)) - raft.server.snapshot.auto.trigger.enabled = true (custom)
2019-08-21 05:55:26,788 [pool-126-thread-1] INFO  server.RaftServerConfigKeys (ConfUtils.java:logGet(43)) - raft.server.snapshot.auto.trigger.threshold = 10000 (custom)
2019-08-21 05:55:26,788 [pool-137-thread-1] INFO  segmented.SegmentedRaftLogWorker (SegmentedRaftLogWorker.java:lambda$new$0(132)) - 3c17af02-f769-4730-87e1-6a78a05442cb-SegmentedRaftLogWorker:Storage Directory /workdir/hadoop-ozone/integration-test/target/test-dir/MiniOzoneClusterImpl-6d1cdef1-941d-4f62-be26-b5ce02def95a/datanode-1/data/ratis/c87dbf4e-80e4-421e-a785-ed3e36ec8233: flushIndex: setUnconditionally 0 -> -1
2019-08-21 05:55:26,795 [pool-126-thread-1] INFO  server.RaftServerConfigKeys (ConfUtils.java:logGet(43)) - raft.server.retrycache.expirytime = 600000ms (custom)
2019-08-21 05:55:26,796 [pool-126-thread-1] INFO  impl.RaftServerImpl (RaftServerImpl.java:start(180)) - f101476e-c990-429e-921c-5f445731959e: start group-ED3E36EC8233
2019-08-21 05:55:26,796 [pool-137-thread-1] INFO  server.RaftServerConfigKeys (ConfUtils.java:logGet(43)) - raft.server.snapshot.auto.trigger.enabled = true (custom)
2019-08-21 05:55:26,796 [pool-126-thread-1] INFO  impl.RaftServerImpl (RaftServerImpl.java:setRole(171)) - f101476e-c990-429e-921c-5f445731959e:group-ED3E36EC8233 changes role from null to FOLLOWER at term 0 for startAsFollower
2019-08-21 05:55:26,796 [pool-137-thread-1] INFO  server.RaftServerConfigKeys (ConfUtils.java:logGet(43)) - raft.server.snapshot.auto.trigger.threshold = 10000 (custom)
2019-08-21 05:55:26,796 [pool-126-thread-1] INFO  impl.RoleInfo (RoleInfo.java:updateAndGet(143)) - f101476e-c990-429e-921c-5f445731959e: start FollowerState
2019-08-21 05:55:26,797 [pool-137-thread-1] INFO  server.RaftServerConfigKeys (ConfUtils.java:logGet(43)) - raft.server.retrycache.expirytime = 600000ms (custom)
2019-08-21 05:55:26,797 [pool-137-thread-1] INFO  impl.RaftServerImpl (RaftServerImpl.java:start(180)) - 3c17af02-f769-4730-87e1-6a78a05442cb: start group-ED3E36EC8233
2019-08-21 05:55:26,797 [pool-137-thread-1] INFO  impl.RaftServerImpl (RaftServerImpl.java:setRole(171)) - 3c17af02-f769-4730-87e1-6a78a05442cb:group-ED3E36EC8233 changes role from null to FOLLOWER at term 0 for startAsFollower
2019-08-21 05:55:26,797 [pool-126-thread-1] INFO  util.JmxRegister (JmxRegister.java:tryRegister(44)) - Successfully registered JMX Bean with object name Ratis:service=RaftServer,group=group-ED3E36EC8233,id=f101476e-c990-429e-921c-5f445731959e
2019-08-21 05:55:26,797 [pool-137-thread-1] INFO  impl.RoleInfo (RoleInfo.java:updateAndGet(143)) - 3c17af02-f769-4730-87e1-6a78a05442cb: start FollowerState
2019-08-21 05:55:26,798 [pool-137-thread-1] INFO  util.JmxRegister (JmxRegister.java:tryRegister(44)) - Successfully registered JMX Bean with object name Ratis:service=RaftServer,group=group-ED3E36EC8233,id=3c17af02-f769-4730-87e1-6a78a05442cb
2019-08-21 05:55:26,801 [RatisPipelineUtilsThread] INFO  pipeline.PipelineStateManager (PipelineStateManager.java:addPipeline(56)) - Created pipeline Pipeline[ Id: c87dbf4e-80e4-421e-a785-ed3e36ec8233, Nodes: 625627db-20f6-4593-9222-21b617438b7f{ip: 192.168.69.91, host: trunk-nightly-9stkx-2366262011, networkLocation: /default-rack, certSerialId: null}f101476e-c990-429e-921c-5f445731959e{ip: 192.168.69.91, host: trunk-nightly-9stkx-2366262011, networkLocation: /default-rack, certSerialId: null}3c17af02-f769-4730-87e1-6a78a05442cb{ip: 192.168.69.91, host: trunk-nightly-9stkx-2366262011, networkLocation: /default-rack, certSerialId: null}, Type:RATIS, Factor:THREE, State:OPEN]
2019-08-21 05:55:26,856 [IPC Server handler 2 on 34710] INFO  net.NetworkTopology (NetworkTopologyImpl.java:add(110)) - Added a new node: /default-rack/4794a7d0-d8e2-4005-aaca-0a56e39fce16
2019-08-21 05:55:26,856 [IPC Server handler 2 on 34710] INFO  node.SCMNodeManager (SCMNodeManager.java:register(273)) - Registered Data node : 4794a7d0-d8e2-4005-aaca-0a56e39fce16{ip: 192.168.69.91, host: trunk-nightly-9stkx-2366262011, networkLocation: /default-rack, certSerialId: null}
2019-08-21 05:55:26,856 | INFO  | SCMAudit | user=jenkins1000 | ip=192.168.69.91 | op=REGISTER {datanodeDetails=4794a7d0-d8e2-4005-aaca-0a56e39fce16{ip: 192.168.69.91, host: trunk-nightly-9stkx-2366262011, networkLocation: /default-rack, certSerialId: null}} | ret=SUCCESS |  
2019-08-21 05:55:26,866 [grpc-default-executor-0] INFO  impl.RaftServerProxy (RaftServerProxy.java:addNew(89)) - 4794a7d0-d8e2-4005-aaca-0a56e39fce16: addNew group-1225463DE1A9:[4794a7d0-d8e2-4005-aaca-0a56e39fce16:192.168.69.91:33170] returns group-1225463DE1A9:java.util.concurrent.CompletableFuture@24c44c4c[Not completed]
2019-08-21 05:55:26,873 [pool-159-thread-1] INFO  impl.RaftServerImpl (RaftServerImpl.java:<init>(93)) - 4794a7d0-d8e2-4005-aaca-0a56e39fce16: new RaftServerImpl for group-1225463DE1A9:[4794a7d0-d8e2-4005-aaca-0a56e39fce16:192.168.69.91:33170] with ContainerStateMachine:uninitialized
2019-08-21 05:55:26,873 [pool-159-thread-1] INFO  server.RaftServerConfigKeys (ConfUtils.java:logGet(43)) - raft.server.rpc.timeout.min = 5s (custom)
2019-08-21 05:55:26,874 [pool-159-thread-1] INFO  server.RaftServerConfigKeys (ConfUtils.java:logGet(43)) - raft.server.rpc.timeout.max = 5200ms (custom)
2019-08-21 05:55:26,874 [pool-159-thread-1] INFO  server.RaftServerConfigKeys (ConfUtils.java:logGet(43)) - raft.server.rpcslowness.timeout = 120s (custom)
2019-08-21 05:55:26,874 [pool-159-thread-1] INFO  server.RaftServerConfigKeys (ConfUtils.java:logGet(43)) - raft.server.sleep.deviation.threshold = 300 (default)
2019-08-21 05:55:26,874 [pool-159-thread-1] INFO  server.RaftServerConfigKeys (ConfUtils.java:logGet(43)) - raft.server.log.appender.install.snapshot.enabled = false (custom)
2019-08-21 05:55:26,874 [pool-159-thread-1] INFO  impl.RaftServerImpl (ServerState.java:<init>(105)) - 4794a7d0-d8e2-4005-aaca-0a56e39fce16:group-1225463DE1A9 ConfigurationManager, init=-1: [4794a7d0-d8e2-4005-aaca-0a56e39fce16:192.168.69.91:33170], old=null, confs=<EMPTY_MAP>
2019-08-21 05:55:26,874 [pool-159-thread-1] INFO  server.RaftServerConfigKeys (ConfUtils.java:logGet(43)) - raft.server.storage.dir = [/workdir/hadoop-ozone/integration-test/target/test-dir/MiniOzoneClusterImpl-6d1cdef1-941d-4f62-be26-b5ce02def95a/datanode-3/data/ratis] (custom)
2019-08-21 05:55:26,875 [pool-159-thread-1] INFO  storage.RaftStorageDirectory (RaftStorageDirectory.java:analyzeStorage(246)) - The storage directory /workdir/hadoop-ozone/integration-test/target/test-dir/MiniOzoneClusterImpl-6d1cdef1-941d-4f62-be26-b5ce02def95a/datanode-3/data/ratis/d3778e86-0363-48c1-8c59-1225463de1a9 does not exist. Creating ...
2019-08-21 05:55:26,888 [pool-159-thread-1] INFO  storage.RaftStorageDirectory (RaftStorageDirectory.java:tryLock(328)) - Lock on /workdir/hadoop-ozone/integration-test/target/test-dir/MiniOzoneClusterImpl-6d1cdef1-941d-4f62-be26-b5ce02def95a/datanode-3/data/ratis/d3778e86-0363-48c1-8c59-1225463de1a9/in_use.lock acquired by nodename 5774@trunk-nightly-9stkx-2366262011
2019-08-21 05:55:26,906 [pool-159-thread-1] INFO  storage.RaftStorage (RaftStorage.java:format(72)) - Storage directory /workdir/hadoop-ozone/integration-test/target/test-dir/MiniOzoneClusterImpl-6d1cdef1-941d-4f62-be26-b5ce02def95a/datanode-3/data/ratis/d3778e86-0363-48c1-8c59-1225463de1a9 has been successfully formatted.
2019-08-21 05:55:26,906 [pool-159-thread-1] INFO  ratis.ContainerStateMachine (ContainerStateMachine.java:loadSnapshot(226)) - group-1225463DE1A9: The snapshot info is null. Setting the last applied indexto:(t:0, i:~)
2019-08-21 05:55:26,907 [pool-159-thread-1] INFO  server.RaftServerConfigKeys (ConfUtils.java:logGet(43)) - raft.server.leader.election.timeout = 120s (custom)
2019-08-21 05:55:26,907 [pool-159-thread-1] INFO  server.RaftServerConfigKeys (ConfUtils.java:logGet(43)) - raft.server.log.use.memory = false (default)
2019-08-21 05:55:26,907 [pool-159-thread-1] INFO  server.RaftServerConfigKeys (ConfUtils.java:logGet(43)) - raft.server.log.purge.gap = 1000000 (custom)
2019-08-21 05:55:26,907 [pool-159-thread-1] INFO  server.RaftServerConfigKeys (ConfUtils.java:logGet(43)) - raft.server.log.appender.buffer.byte-limit = 33554432 (custom)
2019-08-21 05:55:26,907 [pool-159-thread-1] INFO  server.RaftServerConfigKeys (ConfUtils.java:logGet(43)) - raft.server.log.segment.size.max = 1048576 (custom)
2019-08-21 05:55:26,908 [pool-159-thread-1] INFO  server.RaftServerConfigKeys (ConfUtils.java:logGet(43)) - raft.server.log.segment.cache.num.max = 2 (custom)
2019-08-21 05:55:26,908 [pool-159-thread-1] INFO  segmented.SegmentedRaftLogWorker (SegmentedRaftLogWorker.java:<init>(172)) - new 4794a7d0-d8e2-4005-aaca-0a56e39fce16-SegmentedRaftLogWorker:Storage Directory /workdir/hadoop-ozone/integration-test/target/test-dir/MiniOzoneClusterImpl-6d1cdef1-941d-4f62-be26-b5ce02def95a/datanode-3/data/ratis/d3778e86-0363-48c1-8c59-1225463de1a9 for RaftStorage:Storage Directory /workdir/hadoop-ozone/integration-test/target/test-dir/MiniOzoneClusterImpl-6d1cdef1-941d-4f62-be26-b5ce02def95a/datanode-3/data/ratis/d3778e86-0363-48c1-8c59-1225463de1a9
2019-08-21 05:55:26,908 [pool-159-thread-1] INFO  server.RaftServerConfigKeys (ConfUtils.java:logGet(43)) - raft.server.log.queue.byte-limit = 2147483647 (custom)
2019-08-21 05:55:26,908 [pool-159-thread-1] INFO  server.RaftServerConfigKeys (ConfUtils.java:logGet(43)) - raft.server.log.queue.element-limit = 1024 (custom)
2019-08-21 05:55:26,909 [pool-159-thread-1] INFO  server.RaftServerConfigKeys (ConfUtils.java:logGet(43)) - raft.server.log.segment.size.max = 1048576 (custom)
2019-08-21 05:55:26,909 [pool-159-thread-1] INFO  server.RaftServerConfigKeys (ConfUtils.java:logGet(43)) - raft.server.log.preallocated.size = 16384 (custom)
2019-08-21 05:55:26,909 [pool-159-thread-1] INFO  server.RaftServerConfigKeys (ConfUtils.java:logGet(43)) - raft.server.log.write.buffer.size = 33554432 (custom)
2019-08-21 05:55:26,909 [pool-159-thread-1] INFO  server.RaftServerConfigKeys (ConfUtils.java:logGet(43)) - raft.server.log.force.sync.num = 128 (default)
2019-08-21 05:55:26,909 [pool-159-thread-1] INFO  server.RaftServerConfigKeys (ConfUtils.java:logGet(43)) - raft.server.log.statemachine.data.sync = true (default)
2019-08-21 05:55:26,909 [pool-159-thread-1] INFO  server.RaftServerConfigKeys (ConfUtils.java:logGet(43)) - raft.server.log.statemachine.data.sync.timeout = 10s (default)
2019-08-21 05:55:26,910 [pool-159-thread-1] INFO  server.RaftServerConfigKeys (ConfUtils.java:logGet(43)) - raft.server.log.statemachine.data.sync.timeout.retry = -1 (default)
2019-08-21 05:55:26,910 [pool-159-thread-1] INFO  server.RaftServerConfigKeys (ConfUtils.java:logGet(43)) - raft.server.log.statemachine.data.caching.enabled = true (custom)
2019-08-21 05:55:26,910 [pool-159-thread-1] INFO  segmented.SegmentedRaftLogWorker (SegmentedRaftLogWorker.java:lambda$new$0(132)) - 4794a7d0-d8e2-4005-aaca-0a56e39fce16-SegmentedRaftLogWorker:Storage Directory /workdir/hadoop-ozone/integration-test/target/test-dir/MiniOzoneClusterImpl-6d1cdef1-941d-4f62-be26-b5ce02def95a/datanode-3/data/ratis/d3778e86-0363-48c1-8c59-1225463de1a9: flushIndex: setUnconditionally 0 -> -1
2019-08-21 05:55:26,911 [pool-159-thread-1] INFO  server.RaftServerConfigKeys (ConfUtils.java:logGet(43)) - raft.server.snapshot.auto.trigger.enabled = true (custom)
2019-08-21 05:55:26,911 [pool-159-thread-1] INFO  server.RaftServerConfigKeys (ConfUtils.java:logGet(43)) - raft.server.snapshot.auto.trigger.threshold = 10000 (custom)
2019-08-21 05:55:26,911 [pool-159-thread-1] INFO  server.RaftServerConfigKeys (ConfUtils.java:logGet(43)) - raft.server.retrycache.expirytime = 600000ms (custom)
2019-08-21 05:55:26,912 [pool-159-thread-1] INFO  impl.RaftServerImpl (RaftServerImpl.java:start(180)) - 4794a7d0-d8e2-4005-aaca-0a56e39fce16: start group-1225463DE1A9
2019-08-21 05:55:26,912 [pool-159-thread-1] INFO  impl.RaftServerImpl (RaftServerImpl.java:setRole(171)) - 4794a7d0-d8e2-4005-aaca-0a56e39fce16:group-1225463DE1A9 changes role from null to FOLLOWER at term 0 for startAsFollower
2019-08-21 05:55:26,912 [pool-159-thread-1] INFO  impl.RoleInfo (RoleInfo.java:updateAndGet(143)) - 4794a7d0-d8e2-4005-aaca-0a56e39fce16: start FollowerState
2019-08-21 05:55:26,912 [pool-159-thread-1] INFO  util.JmxRegister (JmxRegister.java:tryRegister(44)) - Successfully registered JMX Bean with object name Ratis:service=RaftServer,group=group-1225463DE1A9,id=4794a7d0-d8e2-4005-aaca-0a56e39fce16
2019-08-21 05:55:26,915 [RatisPipelineUtilsThread] INFO  pipeline.PipelineStateManager (PipelineStateManager.java:addPipeline(56)) - Created pipeline Pipeline[ Id: d3778e86-0363-48c1-8c59-1225463de1a9, Nodes: 4794a7d0-d8e2-4005-aaca-0a56e39fce16{ip: 192.168.69.91, host: trunk-nightly-9stkx-2366262011, networkLocation: /default-rack, certSerialId: null}, Type:RATIS, Factor:ONE, State:OPEN]
2019-08-21 05:55:27,306 [IPC Server handler 3 on 34710] INFO  net.NetworkTopology (NetworkTopologyImpl.java:add(110)) - Added a new node: /default-rack/49ab72ed-ff76-4952-870c-a3cea42cdb24
2019-08-21 05:55:27,306 [IPC Server handler 3 on 34710] INFO  node.SCMNodeManager (SCMNodeManager.java:register(273)) - Registered Data node : 49ab72ed-ff76-4952-870c-a3cea42cdb24{ip: 192.168.69.91, host: trunk-nightly-9stkx-2366262011, networkLocation: /default-rack, certSerialId: null}
2019-08-21 05:55:27,306 | INFO  | SCMAudit | user=jenkins1000 | ip=192.168.69.91 | op=REGISTER {datanodeDetails=49ab72ed-ff76-4952-870c-a3cea42cdb24{ip: 192.168.69.91, host: trunk-nightly-9stkx-2366262011, networkLocation: /default-rack, certSerialId: null}} | ret=SUCCESS |  
2019-08-21 05:55:27,317 [grpc-default-executor-0] INFO  impl.RaftServerProxy (RaftServerProxy.java:addNew(89)) - 49ab72ed-ff76-4952-870c-a3cea42cdb24: addNew group-B57F720A831C:[49ab72ed-ff76-4952-870c-a3cea42cdb24:192.168.69.91:39854] returns group-B57F720A831C:java.util.concurrent.CompletableFuture@46c97a64[Not completed]
2019-08-21 05:55:27,323 [pool-170-thread-1] INFO  impl.RaftServerImpl (RaftServerImpl.java:<init>(93)) - 49ab72ed-ff76-4952-870c-a3cea42cdb24: new RaftServerImpl for group-B57F720A831C:[49ab72ed-ff76-4952-870c-a3cea42cdb24:192.168.69.91:39854] with ContainerStateMachine:uninitialized
2019-08-21 05:55:27,324 [pool-170-thread-1] INFO  server.RaftServerConfigKeys (ConfUtils.java:logGet(43)) - raft.server.rpc.timeout.min = 5s (custom)
2019-08-21 05:55:27,324 [pool-170-thread-1] INFO  server.RaftServerConfigKeys (ConfUtils.java:logGet(43)) - raft.server.rpc.timeout.max = 5200ms (custom)
2019-08-21 05:55:27,324 [pool-170-thread-1] INFO  server.RaftServerConfigKeys (ConfUtils.java:logGet(43)) - raft.server.rpcslowness.timeout = 120s (custom)
2019-08-21 05:55:27,324 [pool-170-thread-1] INFO  server.RaftServerConfigKeys (ConfUtils.java:logGet(43)) - raft.server.sleep.deviation.threshold = 300 (default)
2019-08-21 05:55:27,324 [pool-170-thread-1] INFO  server.RaftServerConfigKeys (ConfUtils.java:logGet(43)) - raft.server.log.appender.install.snapshot.enabled = false (custom)
2019-08-21 05:55:27,325 [pool-170-thread-1] INFO  impl.RaftServerImpl (ServerState.java:<init>(105)) - 49ab72ed-ff76-4952-870c-a3cea42cdb24:group-B57F720A831C ConfigurationManager, init=-1: [49ab72ed-ff76-4952-870c-a3cea42cdb24:192.168.69.91:39854], old=null, confs=<EMPTY_MAP>
2019-08-21 05:55:27,325 [pool-170-thread-1] INFO  server.RaftServerConfigKeys (ConfUtils.java:logGet(43)) - raft.server.storage.dir = [/workdir/hadoop-ozone/integration-test/target/test-dir/MiniOzoneClusterImpl-6d1cdef1-941d-4f62-be26-b5ce02def95a/datanode-4/data/ratis] (custom)
2019-08-21 05:55:27,325 [pool-170-thread-1] INFO  storage.RaftStorageDirectory (RaftStorageDirectory.java:analyzeStorage(246)) - The storage directory /workdir/hadoop-ozone/integration-test/target/test-dir/MiniOzoneClusterImpl-6d1cdef1-941d-4f62-be26-b5ce02def95a/datanode-4/data/ratis/f1936397-36a5-4945-a6b6-b57f720a831c does not exist. Creating ...
2019-08-21 05:55:27,339 [pool-170-thread-1] INFO  storage.RaftStorageDirectory (RaftStorageDirectory.java:tryLock(328)) - Lock on /workdir/hadoop-ozone/integration-test/target/test-dir/MiniOzoneClusterImpl-6d1cdef1-941d-4f62-be26-b5ce02def95a/datanode-4/data/ratis/f1936397-36a5-4945-a6b6-b57f720a831c/in_use.lock acquired by nodename 5774@trunk-nightly-9stkx-2366262011
2019-08-21 05:55:27,353 [pool-170-thread-1] INFO  storage.RaftStorage (RaftStorage.java:format(72)) - Storage directory /workdir/hadoop-ozone/integration-test/target/test-dir/MiniOzoneClusterImpl-6d1cdef1-941d-4f62-be26-b5ce02def95a/datanode-4/data/ratis/f1936397-36a5-4945-a6b6-b57f720a831c has been successfully formatted.
2019-08-21 05:55:27,353 [pool-170-thread-1] INFO  ratis.ContainerStateMachine (ContainerStateMachine.java:loadSnapshot(226)) - group-B57F720A831C: The snapshot info is null. Setting the last applied indexto:(t:0, i:~)
2019-08-21 05:55:27,353 [pool-170-thread-1] INFO  server.RaftServerConfigKeys (ConfUtils.java:logGet(43)) - raft.server.leader.election.timeout = 120s (custom)
2019-08-21 05:55:27,353 [pool-170-thread-1] INFO  server.RaftServerConfigKeys (ConfUtils.java:logGet(43)) - raft.server.log.use.memory = false (default)
2019-08-21 05:55:27,354 [pool-170-thread-1] INFO  server.RaftServerConfigKeys (ConfUtils.java:logGet(43)) - raft.server.log.purge.gap = 1000000 (custom)
2019-08-21 05:55:27,354 [pool-170-thread-1] INFO  server.RaftServerConfigKeys (ConfUtils.java:logGet(43)) - raft.server.log.appender.buffer.byte-limit = 33554432 (custom)
2019-08-21 05:55:27,354 [pool-170-thread-1] INFO  server.RaftServerConfigKeys (ConfUtils.java:logGet(43)) - raft.server.log.segment.size.max = 1048576 (custom)
2019-08-21 05:55:27,354 [pool-170-thread-1] INFO  server.RaftServerConfigKeys (ConfUtils.java:logGet(43)) - raft.server.log.segment.cache.num.max = 2 (custom)
2019-08-21 05:55:27,354 [pool-170-thread-1] INFO  segmented.SegmentedRaftLogWorker (SegmentedRaftLogWorker.java:<init>(172)) - new 49ab72ed-ff76-4952-870c-a3cea42cdb24-SegmentedRaftLogWorker:Storage Directory /workdir/hadoop-ozone/integration-test/target/test-dir/MiniOzoneClusterImpl-6d1cdef1-941d-4f62-be26-b5ce02def95a/datanode-4/data/ratis/f1936397-36a5-4945-a6b6-b57f720a831c for RaftStorage:Storage Directory /workdir/hadoop-ozone/integration-test/target/test-dir/MiniOzoneClusterImpl-6d1cdef1-941d-4f62-be26-b5ce02def95a/datanode-4/data/ratis/f1936397-36a5-4945-a6b6-b57f720a831c
2019-08-21 05:55:27,355 [pool-170-thread-1] INFO  server.RaftServerConfigKeys (ConfUtils.java:logGet(43)) - raft.server.log.queue.byte-limit = 2147483647 (custom)
2019-08-21 05:55:27,355 [pool-170-thread-1] INFO  server.RaftServerConfigKeys (ConfUtils.java:logGet(43)) - raft.server.log.queue.element-limit = 1024 (custom)
2019-08-21 05:55:27,355 [pool-170-thread-1] INFO  server.RaftServerConfigKeys (ConfUtils.java:logGet(43)) - raft.server.log.segment.size.max = 1048576 (custom)
2019-08-21 05:55:27,355 [pool-170-thread-1] INFO  server.RaftServerConfigKeys (ConfUtils.java:logGet(43)) - raft.server.log.preallocated.size = 16384 (custom)
2019-08-21 05:55:27,355 [pool-170-thread-1] INFO  server.RaftServerConfigKeys (ConfUtils.java:logGet(43)) - raft.server.log.write.buffer.size = 33554432 (custom)
2019-08-21 05:55:27,356 [pool-170-thread-1] INFO  server.RaftServerConfigKeys (ConfUtils.java:logGet(43)) - raft.server.log.force.sync.num = 128 (default)
2019-08-21 05:55:27,356 [pool-170-thread-1] INFO  server.RaftServerConfigKeys (ConfUtils.java:logGet(43)) - raft.server.log.statemachine.data.sync = true (default)
2019-08-21 05:55:27,356 [pool-170-thread-1] INFO  server.RaftServerConfigKeys (ConfUtils.java:logGet(43)) - raft.server.log.statemachine.data.sync.timeout = 10s (default)
2019-08-21 05:55:27,356 [pool-170-thread-1] INFO  server.RaftServerConfigKeys (ConfUtils.java:logGet(43)) - raft.server.log.statemachine.data.sync.timeout.retry = -1 (default)
2019-08-21 05:55:27,356 [pool-170-thread-1] INFO  server.RaftServerConfigKeys (ConfUtils.java:logGet(43)) - raft.server.log.statemachine.data.caching.enabled = true (custom)
2019-08-21 05:55:27,357 [pool-170-thread-1] INFO  segmented.SegmentedRaftLogWorker (SegmentedRaftLogWorker.java:lambda$new$0(132)) - 49ab72ed-ff76-4952-870c-a3cea42cdb24-SegmentedRaftLogWorker:Storage Directory /workdir/hadoop-ozone/integration-test/target/test-dir/MiniOzoneClusterImpl-6d1cdef1-941d-4f62-be26-b5ce02def95a/datanode-4/data/ratis/f1936397-36a5-4945-a6b6-b57f720a831c: flushIndex: setUnconditionally 0 -> -1
2019-08-21 05:55:27,357 [pool-170-thread-1] INFO  server.RaftServerConfigKeys (ConfUtils.java:logGet(43)) - raft.server.snapshot.auto.trigger.enabled = true (custom)
2019-08-21 05:55:27,357 [pool-170-thread-1] INFO  server.RaftServerConfigKeys (ConfUtils.java:logGet(43)) - raft.server.snapshot.auto.trigger.threshold = 10000 (custom)
2019-08-21 05:55:27,358 [pool-170-thread-1] INFO  server.RaftServerConfigKeys (ConfUtils.java:logGet(43)) - raft.server.retrycache.expirytime = 600000ms (custom)
2019-08-21 05:55:27,358 [pool-170-thread-1] INFO  impl.RaftServerImpl (RaftServerImpl.java:start(180)) - 49ab72ed-ff76-4952-870c-a3cea42cdb24: start group-B57F720A831C
2019-08-21 05:55:27,358 [pool-170-thread-1] INFO  impl.RaftServerImpl (RaftServerImpl.java:setRole(171)) - 49ab72ed-ff76-4952-870c-a3cea42cdb24:group-B57F720A831C changes role from null to FOLLOWER at term 0 for startAsFollower
2019-08-21 05:55:27,358 [pool-170-thread-1] INFO  impl.RoleInfo (RoleInfo.java:updateAndGet(143)) - 49ab72ed-ff76-4952-870c-a3cea42cdb24: start FollowerState
2019-08-21 05:55:27,359 [pool-170-thread-1] INFO  util.JmxRegister (JmxRegister.java:tryRegister(44)) - Successfully registered JMX Bean with object name Ratis:service=RaftServer,group=group-B57F720A831C,id=49ab72ed-ff76-4952-870c-a3cea42cdb24
2019-08-21 05:55:27,362 [RatisPipelineUtilsThread] INFO  pipeline.PipelineStateManager (PipelineStateManager.java:addPipeline(56)) - Created pipeline Pipeline[ Id: f1936397-36a5-4945-a6b6-b57f720a831c, Nodes: 49ab72ed-ff76-4952-870c-a3cea42cdb24{ip: 192.168.69.91, host: trunk-nightly-9stkx-2366262011, networkLocation: /default-rack, certSerialId: null}, Type:RATIS, Factor:ONE, State:OPEN]
2019-08-21 05:55:27,495 [IPC Server handler 0 on 34710] INFO  net.NetworkTopology (NetworkTopologyImpl.java:add(110)) - Added a new node: /default-rack/3fd580a5-fd1e-4f13-9f88-976f7db82376
2019-08-21 05:55:27,496 [IPC Server handler 0 on 34710] INFO  node.SCMNodeManager (SCMNodeManager.java:register(273)) - Registered Data node : 3fd580a5-fd1e-4f13-9f88-976f7db82376{ip: 192.168.69.91, host: trunk-nightly-9stkx-2366262011, networkLocation: /default-rack, certSerialId: null}
2019-08-21 05:55:27,496 | INFO  | SCMAudit | user=jenkins1000 | ip=192.168.69.91 | op=REGISTER {datanodeDetails=3fd580a5-fd1e-4f13-9f88-976f7db82376{ip: 192.168.69.91, host: trunk-nightly-9stkx-2366262011, networkLocation: /default-rack, certSerialId: null}} | ret=SUCCESS |  
2019-08-21 05:55:27,508 [grpc-default-executor-0] INFO  impl.RaftServerProxy (RaftServerProxy.java:addNew(89)) - 3fd580a5-fd1e-4f13-9f88-976f7db82376: addNew group-8D5744D995C9:[3fd580a5-fd1e-4f13-9f88-976f7db82376:192.168.69.91:44520] returns group-8D5744D995C9:java.util.concurrent.CompletableFuture@7dae5bc6[Not completed]
2019-08-21 05:55:27,514 [pool-181-thread-1] INFO  impl.RaftServerImpl (RaftServerImpl.java:<init>(93)) - 3fd580a5-fd1e-4f13-9f88-976f7db82376: new RaftServerImpl for group-8D5744D995C9:[3fd580a5-fd1e-4f13-9f88-976f7db82376:192.168.69.91:44520] with ContainerStateMachine:uninitialized
2019-08-21 05:55:27,514 [pool-181-thread-1] INFO  server.RaftServerConfigKeys (ConfUtils.java:logGet(43)) - raft.server.rpc.timeout.min = 5s (custom)
2019-08-21 05:55:27,514 [pool-181-thread-1] INFO  server.RaftServerConfigKeys (ConfUtils.java:logGet(43)) - raft.server.rpc.timeout.max = 5200ms (custom)
2019-08-21 05:55:27,515 [pool-181-thread-1] INFO  server.RaftServerConfigKeys (ConfUtils.java:logGet(43)) - raft.server.rpcslowness.timeout = 120s (custom)
2019-08-21 05:55:27,515 [pool-181-thread-1] INFO  server.RaftServerConfigKeys (ConfUtils.java:logGet(43)) - raft.server.sleep.deviation.threshold = 300 (default)
2019-08-21 05:55:27,515 [pool-181-thread-1] INFO  server.RaftServerConfigKeys (ConfUtils.java:logGet(43)) - raft.server.log.appender.install.snapshot.enabled = false (custom)
2019-08-21 05:55:27,515 [pool-181-thread-1] INFO  impl.RaftServerImpl (ServerState.java:<init>(105)) - 3fd580a5-fd1e-4f13-9f88-976f7db82376:group-8D5744D995C9 ConfigurationManager, init=-1: [3fd580a5-fd1e-4f13-9f88-976f7db82376:192.168.69.91:44520], old=null, confs=<EMPTY_MAP>
2019-08-21 05:55:27,515 [pool-181-thread-1] INFO  server.RaftServerConfigKeys (ConfUtils.java:logGet(43)) - raft.server.storage.dir = [/workdir/hadoop-ozone/integration-test/target/test-dir/MiniOzoneClusterImpl-6d1cdef1-941d-4f62-be26-b5ce02def95a/datanode-5/data/ratis] (custom)
2019-08-21 05:55:27,516 [pool-181-thread-1] INFO  storage.RaftStorageDirectory (RaftStorageDirectory.java:analyzeStorage(246)) - The storage directory /workdir/hadoop-ozone/integration-test/target/test-dir/MiniOzoneClusterImpl-6d1cdef1-941d-4f62-be26-b5ce02def95a/datanode-5/data/ratis/e4b2a0e7-40d7-4f5e-9228-8d5744d995c9 does not exist. Creating ...
2019-08-21 05:55:27,531 [pool-181-thread-1] INFO  storage.RaftStorageDirectory (RaftStorageDirectory.java:tryLock(328)) - Lock on /workdir/hadoop-ozone/integration-test/target/test-dir/MiniOzoneClusterImpl-6d1cdef1-941d-4f62-be26-b5ce02def95a/datanode-5/data/ratis/e4b2a0e7-40d7-4f5e-9228-8d5744d995c9/in_use.lock acquired by nodename 5774@trunk-nightly-9stkx-2366262011
2019-08-21 05:55:27,545 [pool-181-thread-1] INFO  storage.RaftStorage (RaftStorage.java:format(72)) - Storage directory /workdir/hadoop-ozone/integration-test/target/test-dir/MiniOzoneClusterImpl-6d1cdef1-941d-4f62-be26-b5ce02def95a/datanode-5/data/ratis/e4b2a0e7-40d7-4f5e-9228-8d5744d995c9 has been successfully formatted.
2019-08-21 05:55:27,545 [pool-181-thread-1] INFO  ratis.ContainerStateMachine (ContainerStateMachine.java:loadSnapshot(226)) - group-8D5744D995C9: The snapshot info is null. Setting the last applied indexto:(t:0, i:~)
2019-08-21 05:55:27,545 [pool-181-thread-1] INFO  server.RaftServerConfigKeys (ConfUtils.java:logGet(43)) - raft.server.leader.election.timeout = 120s (custom)
2019-08-21 05:55:27,545 [pool-181-thread-1] INFO  server.RaftServerConfigKeys (ConfUtils.java:logGet(43)) - raft.server.log.use.memory = false (default)
2019-08-21 05:55:27,545 [pool-181-thread-1] INFO  server.RaftServerConfigKeys (ConfUtils.java:logGet(43)) - raft.server.log.purge.gap = 1000000 (custom)
2019-08-21 05:55:27,546 [pool-181-thread-1] INFO  server.RaftServerConfigKeys (ConfUtils.java:logGet(43)) - raft.server.log.appender.buffer.byte-limit = 33554432 (custom)
2019-08-21 05:55:27,546 [pool-181-thread-1] INFO  server.RaftServerConfigKeys (ConfUtils.java:logGet(43)) - raft.server.log.segment.size.max = 1048576 (custom)
2019-08-21 05:55:27,546 [pool-181-thread-1] INFO  server.RaftServerConfigKeys (ConfUtils.java:logGet(43)) - raft.server.log.segment.cache.num.max = 2 (custom)
2019-08-21 05:55:27,546 [pool-181-thread-1] INFO  segmented.SegmentedRaftLogWorker (SegmentedRaftLogWorker.java:<init>(172)) - new 3fd580a5-fd1e-4f13-9f88-976f7db82376-SegmentedRaftLogWorker:Storage Directory /workdir/hadoop-ozone/integration-test/target/test-dir/MiniOzoneClusterImpl-6d1cdef1-941d-4f62-be26-b5ce02def95a/datanode-5/data/ratis/e4b2a0e7-40d7-4f5e-9228-8d5744d995c9 for RaftStorage:Storage Directory /workdir/hadoop-ozone/integration-test/target/test-dir/MiniOzoneClusterImpl-6d1cdef1-941d-4f62-be26-b5ce02def95a/datanode-5/data/ratis/e4b2a0e7-40d7-4f5e-9228-8d5744d995c9
2019-08-21 05:55:27,546 [pool-181-thread-1] INFO  server.RaftServerConfigKeys (ConfUtils.java:logGet(43)) - raft.server.log.queue.byte-limit = 2147483647 (custom)
2019-08-21 05:55:27,546 [pool-181-thread-1] INFO  server.RaftServerConfigKeys (ConfUtils.java:logGet(43)) - raft.server.log.queue.element-limit = 1024 (custom)
2019-08-21 05:55:27,547 [pool-181-thread-1] INFO  server.RaftServerConfigKeys (ConfUtils.java:logGet(43)) - raft.server.log.segment.size.max = 1048576 (custom)
2019-08-21 05:55:27,547 [pool-181-thread-1] INFO  server.RaftServerConfigKeys (ConfUtils.java:logGet(43)) - raft.server.log.preallocated.size = 16384 (custom)
2019-08-21 05:55:27,547 [pool-181-thread-1] INFO  server.RaftServerConfigKeys (ConfUtils.java:logGet(43)) - raft.server.log.write.buffer.size = 33554432 (custom)
2019-08-21 05:55:27,547 [pool-181-thread-1] INFO  server.RaftServerConfigKeys (ConfUtils.java:logGet(43)) - raft.server.log.force.sync.num = 128 (default)
2019-08-21 05:55:27,547 [pool-181-thread-1] INFO  server.RaftServerConfigKeys (ConfUtils.java:logGet(43)) - raft.server.log.statemachine.data.sync = true (default)
2019-08-21 05:55:27,548 [pool-181-thread-1] INFO  server.RaftServerConfigKeys (ConfUtils.java:logGet(43)) - raft.server.log.statemachine.data.sync.timeout = 10s (default)
2019-08-21 05:55:27,548 [pool-181-thread-1] INFO  server.RaftServerConfigKeys (ConfUtils.java:logGet(43)) - raft.server.log.statemachine.data.sync.timeout.retry = -1 (default)
2019-08-21 05:55:27,548 [pool-181-thread-1] INFO  server.RaftServerConfigKeys (ConfUtils.java:logGet(43)) - raft.server.log.statemachine.data.caching.enabled = true (custom)
2019-08-21 05:55:27,549 [pool-181-thread-1] INFO  segmented.SegmentedRaftLogWorker (SegmentedRaftLogWorker.java:lambda$new$0(132)) - 3fd580a5-fd1e-4f13-9f88-976f7db82376-SegmentedRaftLogWorker:Storage Directory /workdir/hadoop-ozone/integration-test/target/test-dir/MiniOzoneClusterImpl-6d1cdef1-941d-4f62-be26-b5ce02def95a/datanode-5/data/ratis/e4b2a0e7-40d7-4f5e-9228-8d5744d995c9: flushIndex: setUnconditionally 0 -> -1
2019-08-21 05:55:27,549 [pool-181-thread-1] INFO  server.RaftServerConfigKeys (ConfUtils.java:logGet(43)) - raft.server.snapshot.auto.trigger.enabled = true (custom)
2019-08-21 05:55:27,549 [pool-181-thread-1] INFO  server.RaftServerConfigKeys (ConfUtils.java:logGet(43)) - raft.server.snapshot.auto.trigger.threshold = 10000 (custom)
2019-08-21 05:55:27,549 [pool-181-thread-1] INFO  server.RaftServerConfigKeys (ConfUtils.java:logGet(43)) - raft.server.retrycache.expirytime = 600000ms (custom)
2019-08-21 05:55:27,550 [pool-181-thread-1] INFO  impl.RaftServerImpl (RaftServerImpl.java:start(180)) - 3fd580a5-fd1e-4f13-9f88-976f7db82376: start group-8D5744D995C9
2019-08-21 05:55:27,550 [pool-181-thread-1] INFO  impl.RaftServerImpl (RaftServerImpl.java:setRole(171)) - 3fd580a5-fd1e-4f13-9f88-976f7db82376:group-8D5744D995C9 changes role from null to FOLLOWER at term 0 for startAsFollower
2019-08-21 05:55:27,550 [pool-181-thread-1] INFO  impl.RoleInfo (RoleInfo.java:updateAndGet(143)) - 3fd580a5-fd1e-4f13-9f88-976f7db82376: start FollowerState
2019-08-21 05:55:27,550 [pool-181-thread-1] INFO  util.JmxRegister (JmxRegister.java:tryRegister(44)) - Successfully registered JMX Bean with object name Ratis:service=RaftServer,group=group-8D5744D995C9,id=3fd580a5-fd1e-4f13-9f88-976f7db82376
2019-08-21 05:55:27,553 [RatisPipelineUtilsThread] INFO  pipeline.PipelineStateManager (PipelineStateManager.java:addPipeline(56)) - Created pipeline Pipeline[ Id: e4b2a0e7-40d7-4f5e-9228-8d5744d995c9, Nodes: 3fd580a5-fd1e-4f13-9f88-976f7db82376{ip: 192.168.69.91, host: trunk-nightly-9stkx-2366262011, networkLocation: /default-rack, certSerialId: null}, Type:RATIS, Factor:ONE, State:OPEN]
2019-08-21 05:55:27,570 [grpc-default-executor-1] INFO  impl.RaftServerProxy (RaftServerProxy.java:addNew(89)) - 49ab72ed-ff76-4952-870c-a3cea42cdb24: addNew group-1A6A2CF9E3BC:[3fd580a5-fd1e-4f13-9f88-976f7db82376:192.168.69.91:44520, 49ab72ed-ff76-4952-870c-a3cea42cdb24:192.168.69.91:39854, 4794a7d0-d8e2-4005-aaca-0a56e39fce16:192.168.69.91:33170] returns group-1A6A2CF9E3BC:java.util.concurrent.CompletableFuture@49083ea2[Not completed]
2019-08-21 05:55:27,570 [grpc-default-executor-0] INFO  impl.RaftServerProxy (RaftServerProxy.java:addNew(89)) - 4794a7d0-d8e2-4005-aaca-0a56e39fce16: addNew group-1A6A2CF9E3BC:[3fd580a5-fd1e-4f13-9f88-976f7db82376:192.168.69.91:44520, 49ab72ed-ff76-4952-870c-a3cea42cdb24:192.168.69.91:39854, 4794a7d0-d8e2-4005-aaca-0a56e39fce16:192.168.69.91:33170] returns group-1A6A2CF9E3BC:java.util.concurrent.CompletableFuture@7f192597[Not completed]
2019-08-21 05:55:27,570 [grpc-default-executor-3] INFO  impl.RaftServerProxy (RaftServerProxy.java:addNew(89)) - 3fd580a5-fd1e-4f13-9f88-976f7db82376: addNew group-1A6A2CF9E3BC:[3fd580a5-fd1e-4f13-9f88-976f7db82376:192.168.69.91:44520, 49ab72ed-ff76-4952-870c-a3cea42cdb24:192.168.69.91:39854, 4794a7d0-d8e2-4005-aaca-0a56e39fce16:192.168.69.91:33170] returns group-1A6A2CF9E3BC:java.util.concurrent.CompletableFuture@799147d2[Not completed]
2019-08-21 05:55:27,572 [pool-159-thread-1] INFO  impl.RaftServerImpl (RaftServerImpl.java:<init>(93)) - 4794a7d0-d8e2-4005-aaca-0a56e39fce16: new RaftServerImpl for group-1A6A2CF9E3BC:[3fd580a5-fd1e-4f13-9f88-976f7db82376:192.168.69.91:44520, 49ab72ed-ff76-4952-870c-a3cea42cdb24:192.168.69.91:39854, 4794a7d0-d8e2-4005-aaca-0a56e39fce16:192.168.69.91:33170] with ContainerStateMachine:uninitialized
2019-08-21 05:55:27,572 [pool-159-thread-1] INFO  server.RaftServerConfigKeys (ConfUtils.java:logGet(43)) - raft.server.rpc.timeout.min = 5s (custom)
2019-08-21 05:55:27,572 [pool-159-thread-1] INFO  server.RaftServerConfigKeys (ConfUtils.java:logGet(43)) - raft.server.rpc.timeout.max = 5200ms (custom)
2019-08-21 05:55:27,572 [pool-159-thread-1] INFO  server.RaftServerConfigKeys (ConfUtils.java:logGet(43)) - raft.server.rpcslowness.timeout = 120s (custom)
2019-08-21 05:55:27,572 [pool-181-thread-1] INFO  impl.RaftServerImpl (RaftServerImpl.java:<init>(93)) - 3fd580a5-fd1e-4f13-9f88-976f7db82376: new RaftServerImpl for group-1A6A2CF9E3BC:[3fd580a5-fd1e-4f13-9f88-976f7db82376:192.168.69.91:44520, 49ab72ed-ff76-4952-870c-a3cea42cdb24:192.168.69.91:39854, 4794a7d0-d8e2-4005-aaca-0a56e39fce16:192.168.69.91:33170] with ContainerStateMachine:uninitialized
2019-08-21 05:55:27,572 [pool-159-thread-1] INFO  server.RaftServerConfigKeys (ConfUtils.java:logGet(43)) - raft.server.sleep.deviation.threshold = 300 (default)
2019-08-21 05:55:27,573 [pool-181-thread-1] INFO  server.RaftServerConfigKeys (ConfUtils.java:logGet(43)) - raft.server.rpc.timeout.min = 5s (custom)
2019-08-21 05:55:27,573 [pool-159-thread-1] INFO  server.RaftServerConfigKeys (ConfUtils.java:logGet(43)) - raft.server.log.appender.install.snapshot.enabled = false (custom)
2019-08-21 05:55:27,573 [pool-181-thread-1] INFO  server.RaftServerConfigKeys (ConfUtils.java:logGet(43)) - raft.server.rpc.timeout.max = 5200ms (custom)
2019-08-21 05:55:27,573 [pool-170-thread-1] INFO  impl.RaftServerImpl (RaftServerImpl.java:<init>(93)) - 49ab72ed-ff76-4952-870c-a3cea42cdb24: new RaftServerImpl for group-1A6A2CF9E3BC:[3fd580a5-fd1e-4f13-9f88-976f7db82376:192.168.69.91:44520, 49ab72ed-ff76-4952-870c-a3cea42cdb24:192.168.69.91:39854, 4794a7d0-d8e2-4005-aaca-0a56e39fce16:192.168.69.91:33170] with ContainerStateMachine:uninitialized
2019-08-21 05:55:27,573 [pool-159-thread-1] INFO  impl.RaftServerImpl (ServerState.java:<init>(105)) - 4794a7d0-d8e2-4005-aaca-0a56e39fce16:group-1A6A2CF9E3BC ConfigurationManager, init=-1: [3fd580a5-fd1e-4f13-9f88-976f7db82376:192.168.69.91:44520, 49ab72ed-ff76-4952-870c-a3cea42cdb24:192.168.69.91:39854, 4794a7d0-d8e2-4005-aaca-0a56e39fce16:192.168.69.91:33170], old=null, confs=<EMPTY_MAP>
2019-08-21 05:55:27,573 [pool-170-thread-1] INFO  server.RaftServerConfigKeys (ConfUtils.java:logGet(43)) - raft.server.rpc.timeout.min = 5s (custom)
2019-08-21 05:55:27,573 [pool-181-thread-1] INFO  server.RaftServerConfigKeys (ConfUtils.java:logGet(43)) - raft.server.rpcslowness.timeout = 120s (custom)
2019-08-21 05:55:27,574 [pool-170-thread-1] INFO  server.RaftServerConfigKeys (ConfUtils.java:logGet(43)) - raft.server.rpc.timeout.max = 5200ms (custom)
2019-08-21 05:55:27,573 [pool-159-thread-1] INFO  server.RaftServerConfigKeys (ConfUtils.java:logGet(43)) - raft.server.storage.dir = [/workdir/hadoop-ozone/integration-test/target/test-dir/MiniOzoneClusterImpl-6d1cdef1-941d-4f62-be26-b5ce02def95a/datanode-3/data/ratis] (custom)
2019-08-21 05:55:27,574 [pool-170-thread-1] INFO  server.RaftServerConfigKeys (ConfUtils.java:logGet(43)) - raft.server.rpcslowness.timeout = 120s (custom)
2019-08-21 05:55:27,574 [pool-181-thread-1] INFO  server.RaftServerConfigKeys (ConfUtils.java:logGet(43)) - raft.server.sleep.deviation.threshold = 300 (default)
2019-08-21 05:55:27,574 [pool-170-thread-1] INFO  server.RaftServerConfigKeys (ConfUtils.java:logGet(43)) - raft.server.sleep.deviation.threshold = 300 (default)
2019-08-21 05:55:27,574 [pool-181-thread-1] INFO  server.RaftServerConfigKeys (ConfUtils.java:logGet(43)) - raft.server.log.appender.install.snapshot.enabled = false (custom)
2019-08-21 05:55:27,574 [pool-159-thread-1] INFO  storage.RaftStorageDirectory (RaftStorageDirectory.java:analyzeStorage(246)) - The storage directory /workdir/hadoop-ozone/integration-test/target/test-dir/MiniOzoneClusterImpl-6d1cdef1-941d-4f62-be26-b5ce02def95a/datanode-3/data/ratis/7b55242b-6236-4c3e-ba2d-1a6a2cf9e3bc does not exist. Creating ...
2019-08-21 05:55:27,575 [pool-181-thread-1] INFO  impl.RaftServerImpl (ServerState.java:<init>(105)) - 3fd580a5-fd1e-4f13-9f88-976f7db82376:group-1A6A2CF9E3BC ConfigurationManager, init=-1: [3fd580a5-fd1e-4f13-9f88-976f7db82376:192.168.69.91:44520, 49ab72ed-ff76-4952-870c-a3cea42cdb24:192.168.69.91:39854, 4794a7d0-d8e2-4005-aaca-0a56e39fce16:192.168.69.91:33170], old=null, confs=<EMPTY_MAP>
2019-08-21 05:55:27,574 [pool-170-thread-1] INFO  server.RaftServerConfigKeys (ConfUtils.java:logGet(43)) - raft.server.log.appender.install.snapshot.enabled = false (custom)
2019-08-21 05:55:27,575 [pool-181-thread-1] INFO  server.RaftServerConfigKeys (ConfUtils.java:logGet(43)) - raft.server.storage.dir = [/workdir/hadoop-ozone/integration-test/target/test-dir/MiniOzoneClusterImpl-6d1cdef1-941d-4f62-be26-b5ce02def95a/datanode-5/data/ratis] (custom)
2019-08-21 05:55:27,575 [pool-170-thread-1] INFO  impl.RaftServerImpl (ServerState.java:<init>(105)) - 49ab72ed-ff76-4952-870c-a3cea42cdb24:group-1A6A2CF9E3BC ConfigurationManager, init=-1: [3fd580a5-fd1e-4f13-9f88-976f7db82376:192.168.69.91:44520, 49ab72ed-ff76-4952-870c-a3cea42cdb24:192.168.69.91:39854, 4794a7d0-d8e2-4005-aaca-0a56e39fce16:192.168.69.91:33170], old=null, confs=<EMPTY_MAP>
2019-08-21 05:55:27,575 [pool-170-thread-1] INFO  server.RaftServerConfigKeys (ConfUtils.java:logGet(43)) - raft.server.storage.dir = [/workdir/hadoop-ozone/integration-test/target/test-dir/MiniOzoneClusterImpl-6d1cdef1-941d-4f62-be26-b5ce02def95a/datanode-4/data/ratis] (custom)
2019-08-21 05:55:27,575 [pool-181-thread-1] INFO  storage.RaftStorageDirectory (RaftStorageDirectory.java:analyzeStorage(246)) - The storage directory /workdir/hadoop-ozone/integration-test/target/test-dir/MiniOzoneClusterImpl-6d1cdef1-941d-4f62-be26-b5ce02def95a/datanode-5/data/ratis/7b55242b-6236-4c3e-ba2d-1a6a2cf9e3bc does not exist. Creating ...
2019-08-21 05:55:27,576 [pool-170-thread-1] INFO  storage.RaftStorageDirectory (RaftStorageDirectory.java:analyzeStorage(246)) - The storage directory /workdir/hadoop-ozone/integration-test/target/test-dir/MiniOzoneClusterImpl-6d1cdef1-941d-4f62-be26-b5ce02def95a/datanode-4/data/ratis/7b55242b-6236-4c3e-ba2d-1a6a2cf9e3bc does not exist. Creating ...
2019-08-21 05:55:27,588 [pool-170-thread-1] INFO  storage.RaftStorageDirectory (RaftStorageDirectory.java:tryLock(328)) - Lock on /workdir/hadoop-ozone/integration-test/target/test-dir/MiniOzoneClusterImpl-6d1cdef1-941d-4f62-be26-b5ce02def95a/datanode-4/data/ratis/7b55242b-6236-4c3e-ba2d-1a6a2cf9e3bc/in_use.lock acquired by nodename 5774@trunk-nightly-9stkx-2366262011
2019-08-21 05:55:27,588 [pool-159-thread-1] INFO  storage.RaftStorageDirectory (RaftStorageDirectory.java:tryLock(328)) - Lock on /workdir/hadoop-ozone/integration-test/target/test-dir/MiniOzoneClusterImpl-6d1cdef1-941d-4f62-be26-b5ce02def95a/datanode-3/data/ratis/7b55242b-6236-4c3e-ba2d-1a6a2cf9e3bc/in_use.lock acquired by nodename 5774@trunk-nightly-9stkx-2366262011
2019-08-21 05:55:27,588 [pool-181-thread-1] INFO  storage.RaftStorageDirectory (RaftStorageDirectory.java:tryLock(328)) - Lock on /workdir/hadoop-ozone/integration-test/target/test-dir/MiniOzoneClusterImpl-6d1cdef1-941d-4f62-be26-b5ce02def95a/datanode-5/data/ratis/7b55242b-6236-4c3e-ba2d-1a6a2cf9e3bc/in_use.lock acquired by nodename 5774@trunk-nightly-9stkx-2366262011
2019-08-21 05:55:27,602 [pool-170-thread-1] INFO  storage.RaftStorage (RaftStorage.java:format(72)) - Storage directory /workdir/hadoop-ozone/integration-test/target/test-dir/MiniOzoneClusterImpl-6d1cdef1-941d-4f62-be26-b5ce02def95a/datanode-4/data/ratis/7b55242b-6236-4c3e-ba2d-1a6a2cf9e3bc has been successfully formatted.
2019-08-21 05:55:27,602 [pool-181-thread-1] INFO  storage.RaftStorage (RaftStorage.java:format(72)) - Storage directory /workdir/hadoop-ozone/integration-test/target/test-dir/MiniOzoneClusterImpl-6d1cdef1-941d-4f62-be26-b5ce02def95a/datanode-5/data/ratis/7b55242b-6236-4c3e-ba2d-1a6a2cf9e3bc has been successfully formatted.
2019-08-21 05:55:27,602 [pool-159-thread-1] INFO  storage.RaftStorage (RaftStorage.java:format(72)) - Storage directory /workdir/hadoop-ozone/integration-test/target/test-dir/MiniOzoneClusterImpl-6d1cdef1-941d-4f62-be26-b5ce02def95a/datanode-3/data/ratis/7b55242b-6236-4c3e-ba2d-1a6a2cf9e3bc has been successfully formatted.
2019-08-21 05:55:27,603 [pool-181-thread-1] INFO  ratis.ContainerStateMachine (ContainerStateMachine.java:loadSnapshot(226)) - group-1A6A2CF9E3BC: The snapshot info is null. Setting the last applied indexto:(t:0, i:~)
2019-08-21 05:55:27,602 [pool-170-thread-1] INFO  ratis.ContainerStateMachine (ContainerStateMachine.java:loadSnapshot(226)) - group-1A6A2CF9E3BC: The snapshot info is null. Setting the last applied indexto:(t:0, i:~)
2019-08-21 05:55:27,603 [pool-181-thread-1] INFO  server.RaftServerConfigKeys (ConfUtils.java:logGet(43)) - raft.server.leader.election.timeout = 120s (custom)
2019-08-21 05:55:27,603 [pool-159-thread-1] INFO  ratis.ContainerStateMachine (ContainerStateMachine.java:loadSnapshot(226)) - group-1A6A2CF9E3BC: The snapshot info is null. Setting the last applied indexto:(t:0, i:~)
2019-08-21 05:55:27,603 [pool-181-thread-1] INFO  server.RaftServerConfigKeys (ConfUtils.java:logGet(43)) - raft.server.log.use.memory = false (default)
2019-08-21 05:55:27,603 [pool-170-thread-1] INFO  server.RaftServerConfigKeys (ConfUtils.java:logGet(43)) - raft.server.leader.election.timeout = 120s (custom)
2019-08-21 05:55:27,604 [pool-181-thread-1] INFO  server.RaftServerConfigKeys (ConfUtils.java:logGet(43)) - raft.server.log.purge.gap = 1000000 (custom)
2019-08-21 05:55:27,603 [pool-159-thread-1] INFO  server.RaftServerConfigKeys (ConfUtils.java:logGet(43)) - raft.server.leader.election.timeout = 120s (custom)
2019-08-21 05:55:27,604 [pool-181-thread-1] INFO  server.RaftServerConfigKeys (ConfUtils.java:logGet(43)) - raft.server.log.appender.buffer.byte-limit = 33554432 (custom)
2019-08-21 05:55:27,604 [pool-170-thread-1] INFO  server.RaftServerConfigKeys (ConfUtils.java:logGet(43)) - raft.server.log.use.memory = false (default)
2019-08-21 05:55:27,604 [pool-181-thread-1] INFO  server.RaftServerConfigKeys (ConfUtils.java:logGet(43)) - raft.server.log.segment.size.max = 1048576 (custom)
2019-08-21 05:55:27,604 [pool-159-thread-1] INFO  server.RaftServerConfigKeys (ConfUtils.java:logGet(43)) - raft.server.log.use.memory = false (default)
2019-08-21 05:55:27,605 [pool-181-thread-1] INFO  server.RaftServerConfigKeys (ConfUtils.java:logGet(43)) - raft.server.log.segment.cache.num.max = 2 (custom)
2019-08-21 05:55:27,604 [pool-170-thread-1] INFO  server.RaftServerConfigKeys (ConfUtils.java:logGet(43)) - raft.server.log.purge.gap = 1000000 (custom)
2019-08-21 05:55:27,605 [pool-181-thread-1] INFO  segmented.SegmentedRaftLogWorker (SegmentedRaftLogWorker.java:<init>(172)) - new 3fd580a5-fd1e-4f13-9f88-976f7db82376-SegmentedRaftLogWorker:Storage Directory /workdir/hadoop-ozone/integration-test/target/test-dir/MiniOzoneClusterImpl-6d1cdef1-941d-4f62-be26-b5ce02def95a/datanode-5/data/ratis/7b55242b-6236-4c3e-ba2d-1a6a2cf9e3bc for RaftStorage:Storage Directory /workdir/hadoop-ozone/integration-test/target/test-dir/MiniOzoneClusterImpl-6d1cdef1-941d-4f62-be26-b5ce02def95a/datanode-5/data/ratis/7b55242b-6236-4c3e-ba2d-1a6a2cf9e3bc
2019-08-21 05:55:27,605 [pool-159-thread-1] INFO  server.RaftServerConfigKeys (ConfUtils.java:logGet(43)) - raft.server.log.purge.gap = 1000000 (custom)
2019-08-21 05:55:27,605 [pool-181-thread-1] INFO  server.RaftServerConfigKeys (ConfUtils.java:logGet(43)) - raft.server.log.queue.byte-limit = 2147483647 (custom)
2019-08-21 05:55:27,605 [pool-170-thread-1] INFO  server.RaftServerConfigKeys (ConfUtils.java:logGet(43)) - raft.server.log.appender.buffer.byte-limit = 33554432 (custom)
2019-08-21 05:55:27,606 [pool-181-thread-1] INFO  server.RaftServerConfigKeys (ConfUtils.java:logGet(43)) - raft.server.log.queue.element-limit = 1024 (custom)
2019-08-21 05:55:27,605 [pool-159-thread-1] INFO  server.RaftServerConfigKeys (ConfUtils.java:logGet(43)) - raft.server.log.appender.buffer.byte-limit = 33554432 (custom)
2019-08-21 05:55:27,606 [pool-181-thread-1] INFO  server.RaftServerConfigKeys (ConfUtils.java:logGet(43)) - raft.server.log.segment.size.max = 1048576 (custom)
2019-08-21 05:55:27,606 [pool-170-thread-1] INFO  server.RaftServerConfigKeys (ConfUtils.java:logGet(43)) - raft.server.log.segment.size.max = 1048576 (custom)
2019-08-21 05:55:27,606 [pool-181-thread-1] INFO  server.RaftServerConfigKeys (ConfUtils.java:logGet(43)) - raft.server.log.preallocated.size = 16384 (custom)
2019-08-21 05:55:27,606 [pool-159-thread-1] INFO  server.RaftServerConfigKeys (ConfUtils.java:logGet(43)) - raft.server.log.segment.size.max = 1048576 (custom)
2019-08-21 05:55:27,607 [pool-181-thread-1] INFO  server.RaftServerConfigKeys (ConfUtils.java:logGet(43)) - raft.server.log.write.buffer.size = 33554432 (custom)
2019-08-21 05:55:27,606 [pool-170-thread-1] INFO  server.RaftServerConfigKeys (ConfUtils.java:logGet(43)) - raft.server.log.segment.cache.num.max = 2 (custom)
2019-08-21 05:55:27,607 [pool-181-thread-1] INFO  server.RaftServerConfigKeys (ConfUtils.java:logGet(43)) - raft.server.log.force.sync.num = 128 (default)
2019-08-21 05:55:27,607 [pool-159-thread-1] INFO  server.RaftServerConfigKeys (ConfUtils.java:logGet(43)) - raft.server.log.segment.cache.num.max = 2 (custom)
2019-08-21 05:55:27,607 [pool-181-thread-1] INFO  server.RaftServerConfigKeys (ConfUtils.java:logGet(43)) - raft.server.log.statemachine.data.sync = true (default)
2019-08-21 05:55:27,607 [pool-170-thread-1] INFO  segmented.SegmentedRaftLogWorker (SegmentedRaftLogWorker.java:<init>(172)) - new 49ab72ed-ff76-4952-870c-a3cea42cdb24-SegmentedRaftLogWorker:Storage Directory /workdir/hadoop-ozone/integration-test/target/test-dir/MiniOzoneClusterImpl-6d1cdef1-941d-4f62-be26-b5ce02def95a/datanode-4/data/ratis/7b55242b-6236-4c3e-ba2d-1a6a2cf9e3bc for RaftStorage:Storage Directory /workdir/hadoop-ozone/integration-test/target/test-dir/MiniOzoneClusterImpl-6d1cdef1-941d-4f62-be26-b5ce02def95a/datanode-4/data/ratis/7b55242b-6236-4c3e-ba2d-1a6a2cf9e3bc
2019-08-21 05:55:27,608 [pool-181-thread-1] INFO  server.RaftServerConfigKeys (ConfUtils.java:logGet(43)) - raft.server.log.statemachine.data.sync.timeout = 10s (default)
2019-08-21 05:55:27,607 [pool-159-thread-1] INFO  segmented.SegmentedRaftLogWorker (SegmentedRaftLogWorker.java:<init>(172)) - new 4794a7d0-d8e2-4005-aaca-0a56e39fce16-SegmentedRaftLogWorker:Storage Directory /workdir/hadoop-ozone/integration-test/target/test-dir/MiniOzoneClusterImpl-6d1cdef1-941d-4f62-be26-b5ce02def95a/datanode-3/data/ratis/7b55242b-6236-4c3e-ba2d-1a6a2cf9e3bc for RaftStorage:Storage Directory /workdir/hadoop-ozone/integration-test/target/test-dir/MiniOzoneClusterImpl-6d1cdef1-941d-4f62-be26-b5ce02def95a/datanode-3/data/ratis/7b55242b-6236-4c3e-ba2d-1a6a2cf9e3bc
2019-08-21 05:55:27,608 [pool-181-thread-1] INFO  server.RaftServerConfigKeys (ConfUtils.java:logGet(43)) - raft.server.log.statemachine.data.sync.timeout.retry = -1 (default)
2019-08-21 05:55:27,608 [pool-170-thread-1] INFO  server.RaftServerConfigKeys (ConfUtils.java:logGet(43)) - raft.server.log.queue.byte-limit = 2147483647 (custom)
2019-08-21 05:55:27,608 [pool-181-thread-1] INFO  server.RaftServerConfigKeys (ConfUtils.java:logGet(43)) - raft.server.log.statemachine.data.caching.enabled = true (custom)
2019-08-21 05:55:27,608 [pool-159-thread-1] INFO  server.RaftServerConfigKeys (ConfUtils.java:logGet(43)) - raft.server.log.queue.byte-limit = 2147483647 (custom)
2019-08-21 05:55:27,609 [pool-170-thread-1] INFO  server.RaftServerConfigKeys (ConfUtils.java:logGet(43)) - raft.server.log.queue.element-limit = 1024 (custom)
2019-08-21 05:55:27,609 [pool-181-thread-1] INFO  segmented.SegmentedRaftLogWorker (SegmentedRaftLogWorker.java:lambda$new$0(132)) - 3fd580a5-fd1e-4f13-9f88-976f7db82376-SegmentedRaftLogWorker:Storage Directory /workdir/hadoop-ozone/integration-test/target/test-dir/MiniOzoneClusterImpl-6d1cdef1-941d-4f62-be26-b5ce02def95a/datanode-5/data/ratis/7b55242b-6236-4c3e-ba2d-1a6a2cf9e3bc: flushIndex: setUnconditionally 0 -> -1
2019-08-21 05:55:27,609 [pool-159-thread-1] INFO  server.RaftServerConfigKeys (ConfUtils.java:logGet(43)) - raft.server.log.queue.element-limit = 1024 (custom)
2019-08-21 05:55:27,609 [pool-170-thread-1] INFO  server.RaftServerConfigKeys (ConfUtils.java:logGet(43)) - raft.server.log.segment.size.max = 1048576 (custom)
2019-08-21 05:55:27,610 [pool-181-thread-1] INFO  server.RaftServerConfigKeys (ConfUtils.java:logGet(43)) - raft.server.snapshot.auto.trigger.enabled = true (custom)
2019-08-21 05:55:27,609 [pool-159-thread-1] INFO  server.RaftServerConfigKeys (ConfUtils.java:logGet(43)) - raft.server.log.segment.size.max = 1048576 (custom)
2019-08-21 05:55:27,610 [pool-181-thread-1] INFO  server.RaftServerConfigKeys (ConfUtils.java:logGet(43)) - raft.server.snapshot.auto.trigger.threshold = 10000 (custom)
2019-08-21 05:55:27,610 [pool-170-thread-1] INFO  server.RaftServerConfigKeys (ConfUtils.java:logGet(43)) - raft.server.log.preallocated.size = 16384 (custom)
2019-08-21 05:55:27,610 [pool-181-thread-1] INFO  server.RaftServerConfigKeys (ConfUtils.java:logGet(43)) - raft.server.retrycache.expirytime = 600000ms (custom)
2019-08-21 05:55:27,610 [pool-159-thread-1] INFO  server.RaftServerConfigKeys (ConfUtils.java:logGet(43)) - raft.server.log.preallocated.size = 16384 (custom)
2019-08-21 05:55:27,611 [pool-181-thread-1] INFO  impl.RaftServerImpl (RaftServerImpl.java:start(180)) - 3fd580a5-fd1e-4f13-9f88-976f7db82376: start group-1A6A2CF9E3BC
2019-08-21 05:55:27,610 [pool-170-thread-1] INFO  server.RaftServerConfigKeys (ConfUtils.java:logGet(43)) - raft.server.log.write.buffer.size = 33554432 (custom)
2019-08-21 05:55:27,611 [pool-181-thread-1] INFO  impl.RaftServerImpl (RaftServerImpl.java:setRole(171)) - 3fd580a5-fd1e-4f13-9f88-976f7db82376:group-1A6A2CF9E3BC changes role from null to FOLLOWER at term 0 for startAsFollower
2019-08-21 05:55:27,611 [pool-159-thread-1] INFO  server.RaftServerConfigKeys (ConfUtils.java:logGet(43)) - raft.server.log.write.buffer.size = 33554432 (custom)
2019-08-21 05:55:27,611 [pool-181-thread-1] INFO  impl.RoleInfo (RoleInfo.java:updateAndGet(143)) - 3fd580a5-fd1e-4f13-9f88-976f7db82376: start FollowerState
2019-08-21 05:55:27,611 [pool-170-thread-1] INFO  server.RaftServerConfigKeys (ConfUtils.java:logGet(43)) - raft.server.log.force.sync.num = 128 (default)
2019-08-21 05:55:27,612 [pool-170-thread-1] INFO  server.RaftServerConfigKeys (ConfUtils.java:logGet(43)) - raft.server.log.statemachine.data.sync = true (default)
2019-08-21 05:55:27,611 [pool-159-thread-1] INFO  server.RaftServerConfigKeys (ConfUtils.java:logGet(43)) - raft.server.log.force.sync.num = 128 (default)
2019-08-21 05:55:27,612 [pool-170-thread-1] INFO  server.RaftServerConfigKeys (ConfUtils.java:logGet(43)) - raft.server.log.statemachine.data.sync.timeout = 10s (default)
2019-08-21 05:55:27,612 [pool-181-thread-1] INFO  util.JmxRegister (JmxRegister.java:tryRegister(44)) - Successfully registered JMX Bean with object name Ratis:service=RaftServer,group=group-1A6A2CF9E3BC,id=3fd580a5-fd1e-4f13-9f88-976f7db82376
2019-08-21 05:55:27,612 [pool-170-thread-1] INFO  server.RaftServerConfigKeys (ConfUtils.java:logGet(43)) - raft.server.log.statemachine.data.sync.timeout.retry = -1 (default)
2019-08-21 05:55:27,612 [pool-159-thread-1] INFO  server.RaftServerConfigKeys (ConfUtils.java:logGet(43)) - raft.server.log.statemachine.data.sync = true (default)
2019-08-21 05:55:27,613 [pool-170-thread-1] INFO  server.RaftServerConfigKeys (ConfUtils.java:logGet(43)) - raft.server.log.statemachine.data.caching.enabled = true (custom)
2019-08-21 05:55:27,613 [pool-159-thread-1] INFO  server.RaftServerConfigKeys (ConfUtils.java:logGet(43)) - raft.server.log.statemachine.data.sync.timeout = 10s (default)
2019-08-21 05:55:27,613 [pool-159-thread-1] INFO  server.RaftServerConfigKeys (ConfUtils.java:logGet(43)) - raft.server.log.statemachine.data.sync.timeout.retry = -1 (default)
2019-08-21 05:55:27,613 [pool-170-thread-1] INFO  segmented.SegmentedRaftLogWorker (SegmentedRaftLogWorker.java:lambda$new$0(132)) - 49ab72ed-ff76-4952-870c-a3cea42cdb24-SegmentedRaftLogWorker:Storage Directory /workdir/hadoop-ozone/integration-test/target/test-dir/MiniOzoneClusterImpl-6d1cdef1-941d-4f62-be26-b5ce02def95a/datanode-4/data/ratis/7b55242b-6236-4c3e-ba2d-1a6a2cf9e3bc: flushIndex: setUnconditionally 0 -> -1
2019-08-21 05:55:27,613 [pool-159-thread-1] INFO  server.RaftServerConfigKeys (ConfUtils.java:logGet(43)) - raft.server.log.statemachine.data.caching.enabled = true (custom)
2019-08-21 05:55:27,614 [pool-170-thread-1] INFO  server.RaftServerConfigKeys (ConfUtils.java:logGet(43)) - raft.server.snapshot.auto.trigger.enabled = true (custom)
2019-08-21 05:55:27,614 [pool-159-thread-1] INFO  segmented.SegmentedRaftLogWorker (SegmentedRaftLogWorker.java:lambda$new$0(132)) - 4794a7d0-d8e2-4005-aaca-0a56e39fce16-SegmentedRaftLogWorker:Storage Directory /workdir/hadoop-ozone/integration-test/target/test-dir/MiniOzoneClusterImpl-6d1cdef1-941d-4f62-be26-b5ce02def95a/datanode-3/data/ratis/7b55242b-6236-4c3e-ba2d-1a6a2cf9e3bc: flushIndex: setUnconditionally 0 -> -1
2019-08-21 05:55:27,614 [pool-170-thread-1] INFO  server.RaftServerConfigKeys (ConfUtils.java:logGet(43)) - raft.server.snapshot.auto.trigger.threshold = 10000 (custom)
2019-08-21 05:55:27,614 [pool-159-thread-1] INFO  server.RaftServerConfigKeys (ConfUtils.java:logGet(43)) - raft.server.snapshot.auto.trigger.enabled = true (custom)
2019-08-21 05:55:27,614 [pool-170-thread-1] INFO  server.RaftServerConfigKeys (ConfUtils.java:logGet(43)) - raft.server.retrycache.expirytime = 600000ms (custom)
2019-08-21 05:55:27,614 [pool-159-thread-1] INFO  server.RaftServerConfigKeys (ConfUtils.java:logGet(43)) - raft.server.snapshot.auto.trigger.threshold = 10000 (custom)
2019-08-21 05:55:27,615 [pool-170-thread-1] INFO  impl.RaftServerImpl (RaftServerImpl.java:start(180)) - 49ab72ed-ff76-4952-870c-a3cea42cdb24: start group-1A6A2CF9E3BC
2019-08-21 05:55:27,615 [pool-159-thread-1] INFO  server.RaftServerConfigKeys (ConfUtils.java:logGet(43)) - raft.server.retrycache.expirytime = 600000ms (custom)
2019-08-21 05:55:27,615 [pool-170-thread-1] INFO  impl.RaftServerImpl (RaftServerImpl.java:setRole(171)) - 49ab72ed-ff76-4952-870c-a3cea42cdb24:group-1A6A2CF9E3BC changes role from null to FOLLOWER at term 0 for startAsFollower
2019-08-21 05:55:27,615 [pool-159-thread-1] INFO  impl.RaftServerImpl (RaftServerImpl.java:start(180)) - 4794a7d0-d8e2-4005-aaca-0a56e39fce16: start group-1A6A2CF9E3BC
2019-08-21 05:55:27,615 [pool-170-thread-1] INFO  impl.RoleInfo (RoleInfo.java:updateAndGet(143)) - 49ab72ed-ff76-4952-870c-a3cea42cdb24: start FollowerState
2019-08-21 05:55:27,615 [pool-159-thread-1] INFO  impl.RaftServerImpl (RaftServerImpl.java:setRole(171)) - 4794a7d0-d8e2-4005-aaca-0a56e39fce16:group-1A6A2CF9E3BC changes role from null to FOLLOWER at term 0 for startAsFollower
2019-08-21 05:55:27,616 [pool-159-thread-1] INFO  impl.RoleInfo (RoleInfo.java:updateAndGet(143)) - 4794a7d0-d8e2-4005-aaca-0a56e39fce16: start FollowerState
2019-08-21 05:55:27,616 [pool-170-thread-1] INFO  util.JmxRegister (JmxRegister.java:tryRegister(44)) - Successfully registered JMX Bean with object name Ratis:service=RaftServer,group=group-1A6A2CF9E3BC,id=49ab72ed-ff76-4952-870c-a3cea42cdb24
2019-08-21 05:55:27,616 [pool-159-thread-1] INFO  util.JmxRegister (JmxRegister.java:tryRegister(44)) - Successfully registered JMX Bean with object name Ratis:service=RaftServer,group=group-1A6A2CF9E3BC,id=4794a7d0-d8e2-4005-aaca-0a56e39fce16
2019-08-21 05:55:27,619 [RatisPipelineUtilsThread] INFO  pipeline.PipelineStateManager (PipelineStateManager.java:addPipeline(56)) - Created pipeline Pipeline[ Id: 7b55242b-6236-4c3e-ba2d-1a6a2cf9e3bc, Nodes: 3fd580a5-fd1e-4f13-9f88-976f7db82376{ip: 192.168.69.91, host: trunk-nightly-9stkx-2366262011, networkLocation: /default-rack, certSerialId: null}4794a7d0-d8e2-4005-aaca-0a56e39fce16{ip: 192.168.69.91, host: trunk-nightly-9stkx-2366262011, networkLocation: /default-rack, certSerialId: null}49ab72ed-ff76-4952-870c-a3cea42cdb24{ip: 192.168.69.91, host: trunk-nightly-9stkx-2366262011, networkLocation: /default-rack, certSerialId: null}, Type:RATIS, Factor:THREE, State:OPEN]
2019-08-21 05:55:27,664 [main] INFO  ozone.MiniOzoneClusterImpl (MiniOzoneClusterImpl.java:lambda$waitForClusterToBeReady$0(142)) - Waiting for cluster to be ready. Got 6 of 7 DN Heartbeats.
2019-08-21 05:55:27,667 [IPC Server handler 2 on 34710] INFO  net.NetworkTopology (NetworkTopologyImpl.java:add(110)) - Added a new node: /default-rack/046a392e-7484-4dfc-820d-faa08503447d
2019-08-21 05:55:27,667 [IPC Server handler 2 on 34710] INFO  node.SCMNodeManager (SCMNodeManager.java:register(273)) - Registered Data node : 046a392e-7484-4dfc-820d-faa08503447d{ip: 192.168.69.91, host: trunk-nightly-9stkx-2366262011, networkLocation: /default-rack, certSerialId: null}
2019-08-21 05:55:27,667 | INFO  | SCMAudit | user=jenkins1000 | ip=192.168.69.91 | op=REGISTER {datanodeDetails=046a392e-7484-4dfc-820d-faa08503447d{ip: 192.168.69.91, host: trunk-nightly-9stkx-2366262011, networkLocation: /default-rack, certSerialId: null}} | ret=SUCCESS |  
2019-08-21 05:55:27,676 [grpc-default-executor-3] INFO  impl.RaftServerProxy (RaftServerProxy.java:addNew(89)) - 046a392e-7484-4dfc-820d-faa08503447d: addNew group-1BB0DCD3BD71:[046a392e-7484-4dfc-820d-faa08503447d:192.168.69.91:45575] returns group-1BB0DCD3BD71:java.util.concurrent.CompletableFuture@2a295c4a[Not completed]
2019-08-21 05:55:27,682 [pool-192-thread-1] INFO  impl.RaftServerImpl (RaftServerImpl.java:<init>(93)) - 046a392e-7484-4dfc-820d-faa08503447d: new RaftServerImpl for group-1BB0DCD3BD71:[046a392e-7484-4dfc-820d-faa08503447d:192.168.69.91:45575] with ContainerStateMachine:uninitialized
2019-08-21 05:55:27,682 [pool-192-thread-1] INFO  server.RaftServerConfigKeys (ConfUtils.java:logGet(43)) - raft.server.rpc.timeout.min = 5s (custom)
2019-08-21 05:55:27,683 [pool-192-thread-1] INFO  server.RaftServerConfigKeys (ConfUtils.java:logGet(43)) - raft.server.rpc.timeout.max = 5200ms (custom)
2019-08-21 05:55:27,683 [pool-192-thread-1] INFO  server.RaftServerConfigKeys (ConfUtils.java:logGet(43)) - raft.server.rpcslowness.timeout = 120s (custom)
2019-08-21 05:55:27,683 [pool-192-thread-1] INFO  server.RaftServerConfigKeys (ConfUtils.java:logGet(43)) - raft.server.sleep.deviation.threshold = 300 (default)
2019-08-21 05:55:27,683 [pool-192-thread-1] INFO  server.RaftServerConfigKeys (ConfUtils.java:logGet(43)) - raft.server.log.appender.install.snapshot.enabled = false (custom)
2019-08-21 05:55:27,683 [pool-192-thread-1] INFO  impl.RaftServerImpl (ServerState.java:<init>(105)) - 046a392e-7484-4dfc-820d-faa08503447d:group-1BB0DCD3BD71 ConfigurationManager, init=-1: [046a392e-7484-4dfc-820d-faa08503447d:192.168.69.91:45575], old=null, confs=<EMPTY_MAP>
2019-08-21 05:55:27,683 [pool-192-thread-1] INFO  server.RaftServerConfigKeys (ConfUtils.java:logGet(43)) - raft.server.storage.dir = [/workdir/hadoop-ozone/integration-test/target/test-dir/MiniOzoneClusterImpl-6d1cdef1-941d-4f62-be26-b5ce02def95a/datanode-6/data/ratis] (custom)
2019-08-21 05:55:27,684 [pool-192-thread-1] INFO  storage.RaftStorageDirectory (RaftStorageDirectory.java:analyzeStorage(246)) - The storage directory /workdir/hadoop-ozone/integration-test/target/test-dir/MiniOzoneClusterImpl-6d1cdef1-941d-4f62-be26-b5ce02def95a/datanode-6/data/ratis/5924a5a4-796c-42e8-9afe-1bb0dcd3bd71 does not exist. Creating ...
2019-08-21 05:55:27,697 [pool-192-thread-1] INFO  storage.RaftStorageDirectory (RaftStorageDirectory.java:tryLock(328)) - Lock on /workdir/hadoop-ozone/integration-test/target/test-dir/MiniOzoneClusterImpl-6d1cdef1-941d-4f62-be26-b5ce02def95a/datanode-6/data/ratis/5924a5a4-796c-42e8-9afe-1bb0dcd3bd71/in_use.lock acquired by nodename 5774@trunk-nightly-9stkx-2366262011
2019-08-21 05:55:27,711 [pool-192-thread-1] INFO  storage.RaftStorage (RaftStorage.java:format(72)) - Storage directory /workdir/hadoop-ozone/integration-test/target/test-dir/MiniOzoneClusterImpl-6d1cdef1-941d-4f62-be26-b5ce02def95a/datanode-6/data/ratis/5924a5a4-796c-42e8-9afe-1bb0dcd3bd71 has been successfully formatted.
2019-08-21 05:55:27,711 [pool-192-thread-1] INFO  ratis.ContainerStateMachine (ContainerStateMachine.java:loadSnapshot(226)) - group-1BB0DCD3BD71: The snapshot info is null. Setting the last applied indexto:(t:0, i:~)
2019-08-21 05:55:27,711 [pool-192-thread-1] INFO  server.RaftServerConfigKeys (ConfUtils.java:logGet(43)) - raft.server.leader.election.timeout = 120s (custom)
2019-08-21 05:55:27,711 [pool-192-thread-1] INFO  server.RaftServerConfigKeys (ConfUtils.java:logGet(43)) - raft.server.log.use.memory = false (default)
2019-08-21 05:55:27,711 [pool-192-thread-1] INFO  server.RaftServerConfigKeys (ConfUtils.java:logGet(43)) - raft.server.log.purge.gap = 1000000 (custom)
2019-08-21 05:55:27,712 [pool-192-thread-1] INFO  server.RaftServerConfigKeys (ConfUtils.java:logGet(43)) - raft.server.log.appender.buffer.byte-limit = 33554432 (custom)
2019-08-21 05:55:27,712 [pool-192-thread-1] INFO  server.RaftServerConfigKeys (ConfUtils.java:logGet(43)) - raft.server.log.segment.size.max = 1048576 (custom)
2019-08-21 05:55:27,712 [pool-192-thread-1] INFO  server.RaftServerConfigKeys (ConfUtils.java:logGet(43)) - raft.server.log.segment.cache.num.max = 2 (custom)
2019-08-21 05:55:27,712 [pool-192-thread-1] INFO  segmented.SegmentedRaftLogWorker (SegmentedRaftLogWorker.java:<init>(172)) - new 046a392e-7484-4dfc-820d-faa08503447d-SegmentedRaftLogWorker:Storage Directory /workdir/hadoop-ozone/integration-test/target/test-dir/MiniOzoneClusterImpl-6d1cdef1-941d-4f62-be26-b5ce02def95a/datanode-6/data/ratis/5924a5a4-796c-42e8-9afe-1bb0dcd3bd71 for RaftStorage:Storage Directory /workdir/hadoop-ozone/integration-test/target/test-dir/MiniOzoneClusterImpl-6d1cdef1-941d-4f62-be26-b5ce02def95a/datanode-6/data/ratis/5924a5a4-796c-42e8-9afe-1bb0dcd3bd71
2019-08-21 05:55:27,712 [pool-192-thread-1] INFO  server.RaftServerConfigKeys (ConfUtils.java:logGet(43)) - raft.server.log.queue.byte-limit = 2147483647 (custom)
2019-08-21 05:55:27,712 [pool-192-thread-1] INFO  server.RaftServerConfigKeys (ConfUtils.java:logGet(43)) - raft.server.log.queue.element-limit = 1024 (custom)
2019-08-21 05:55:27,713 [pool-192-thread-1] INFO  server.RaftServerConfigKeys (ConfUtils.java:logGet(43)) - raft.server.log.segment.size.max = 1048576 (custom)
2019-08-21 05:55:27,713 [pool-192-thread-1] INFO  server.RaftServerConfigKeys (ConfUtils.java:logGet(43)) - raft.server.log.preallocated.size = 16384 (custom)
2019-08-21 05:55:27,713 [pool-192-thread-1] INFO  server.RaftServerConfigKeys (ConfUtils.java:logGet(43)) - raft.server.log.write.buffer.size = 33554432 (custom)
2019-08-21 05:55:27,713 [pool-192-thread-1] INFO  server.RaftServerConfigKeys (ConfUtils.java:logGet(43)) - raft.server.log.force.sync.num = 128 (default)
2019-08-21 05:55:27,713 [pool-192-thread-1] INFO  server.RaftServerConfigKeys (ConfUtils.java:logGet(43)) - raft.server.log.statemachine.data.sync = true (default)
2019-08-21 05:55:27,713 [pool-192-thread-1] INFO  server.RaftServerConfigKeys (ConfUtils.java:logGet(43)) - raft.server.log.statemachine.data.sync.timeout = 10s (default)
2019-08-21 05:55:27,714 [pool-192-thread-1] INFO  server.RaftServerConfigKeys (ConfUtils.java:logGet(43)) - raft.server.log.statemachine.data.sync.timeout.retry = -1 (default)
2019-08-21 05:55:27,714 [pool-192-thread-1] INFO  server.RaftServerConfigKeys (ConfUtils.java:logGet(43)) - raft.server.log.statemachine.data.caching.enabled = true (custom)
2019-08-21 05:55:27,714 [pool-192-thread-1] INFO  segmented.SegmentedRaftLogWorker (SegmentedRaftLogWorker.java:lambda$new$0(132)) - 046a392e-7484-4dfc-820d-faa08503447d-SegmentedRaftLogWorker:Storage Directory /workdir/hadoop-ozone/integration-test/target/test-dir/MiniOzoneClusterImpl-6d1cdef1-941d-4f62-be26-b5ce02def95a/datanode-6/data/ratis/5924a5a4-796c-42e8-9afe-1bb0dcd3bd71: flushIndex: setUnconditionally 0 -> -1
2019-08-21 05:55:27,715 [pool-192-thread-1] INFO  server.RaftServerConfigKeys (ConfUtils.java:logGet(43)) - raft.server.snapshot.auto.trigger.enabled = true (custom)
2019-08-21 05:55:27,715 [pool-192-thread-1] INFO  server.RaftServerConfigKeys (ConfUtils.java:logGet(43)) - raft.server.snapshot.auto.trigger.threshold = 10000 (custom)
2019-08-21 05:55:27,715 [pool-192-thread-1] INFO  server.RaftServerConfigKeys (ConfUtils.java:logGet(43)) - raft.server.retrycache.expirytime = 600000ms (custom)
2019-08-21 05:55:27,715 [pool-192-thread-1] INFO  impl.RaftServerImpl (RaftServerImpl.java:start(180)) - 046a392e-7484-4dfc-820d-faa08503447d: start group-1BB0DCD3BD71
2019-08-21 05:55:27,716 [pool-192-thread-1] INFO  impl.RaftServerImpl (RaftServerImpl.java:setRole(171)) - 046a392e-7484-4dfc-820d-faa08503447d:group-1BB0DCD3BD71 changes role from null to FOLLOWER at term 0 for startAsFollower
2019-08-21 05:55:27,716 [pool-192-thread-1] INFO  impl.RoleInfo (RoleInfo.java:updateAndGet(143)) - 046a392e-7484-4dfc-820d-faa08503447d: start FollowerState
2019-08-21 05:55:27,716 [pool-192-thread-1] INFO  util.JmxRegister (JmxRegister.java:tryRegister(44)) - Successfully registered JMX Bean with object name Ratis:service=RaftServer,group=group-1BB0DCD3BD71,id=046a392e-7484-4dfc-820d-faa08503447d
2019-08-21 05:55:27,719 [RatisPipelineUtilsThread] INFO  pipeline.PipelineStateManager (PipelineStateManager.java:addPipeline(56)) - Created pipeline Pipeline[ Id: 5924a5a4-796c-42e8-9afe-1bb0dcd3bd71, Nodes: 046a392e-7484-4dfc-820d-faa08503447d{ip: 192.168.69.91, host: trunk-nightly-9stkx-2366262011, networkLocation: /default-rack, certSerialId: null}, Type:RATIS, Factor:ONE, State:OPEN]
2019-08-21 05:55:28,268 | INFO  | SCMAudit | user=jenkins1000 | ip=192.168.69.91 | op=SEND_HEARTBEAT {datanodeUUID=f101476e-c990-429e-921c-5f445731959e, command=[]} | ret=SUCCESS |  
2019-08-21 05:55:28,462 | INFO  | SCMAudit | user=jenkins1000 | ip=192.168.69.91 | op=SEND_HEARTBEAT {datanodeUUID=3c17af02-f769-4730-87e1-6a78a05442cb, command=[]} | ret=SUCCESS |  
2019-08-21 05:55:28,659 | INFO  | SCMAudit | user=jenkins1000 | ip=192.168.69.91 | op=SEND_HEARTBEAT {datanodeUUID=625627db-20f6-4593-9222-21b617438b7f, command=[]} | ret=SUCCESS |  
2019-08-21 05:55:28,664 [main] INFO  ozone.MiniOzoneClusterImpl (MiniOzoneClusterImpl.java:lambda$waitForClusterToBeReady$0(142)) - Cluster is ready. Got 7 of 7 DN Heartbeats.
2019-08-21 05:55:28,709 [main] INFO  rpc.RpcClient (RpcClient.java:createVolume(292)) - Creating Volume: testblockoutputstreamwithretries, with jenkins1000 as owner.
2019-08-21 05:55:28,712 | INFO  | OMAudit | user=jenkins1000 | ip=127.0.0.1 | op=CREATE_VOLUME {admin=jenkins1000, owner=jenkins1000, volume=testblockoutputstreamwithretries, creationTime=1566366928711, quotaInBytes=1152921504606846976} | ret=SUCCESS |  
2019-08-21 05:55:28,724 | INFO  | OMAudit | user=jenkins1000 | ip=127.0.0.1 | op=READ_VOLUME {volume=testblockoutputstreamwithretries} | ret=SUCCESS |  
2019-08-21 05:55:28,726 [main] INFO  rpc.RpcClient (RpcClient.java:createBucket(431)) - Creating Bucket: testblockoutputstreamwithretries/testblockoutputstreamwithretries, with Versioning false and Storage Type set to DISK and Encryption set to false 
2019-08-21 05:55:28,731 | INFO  | OMAudit | user=jenkins1000 | ip=127.0.0.1 | op=CREATE_BUCKET {volume=testblockoutputstreamwithretries, bucket=testblockoutputstreamwithretries, acls=[user:jenkins1000:a[ACCESS], group:default:a[ACCESS]], isVersionEnabled=false, storageType=DISK, creationTime=0} | ret=SUCCESS |  
2019-08-21 05:55:28,734 | INFO  | OMAudit | user=jenkins1000 | ip=127.0.0.1 | op=READ_VOLUME {volume=testblockoutputstreamwithretries} | ret=SUCCESS |  
2019-08-21 05:55:28,736 | INFO  | OMAudit | user=jenkins1000 | ip=127.0.0.1 | op=READ_BUCKET {volume=testblockoutputstreamwithretries, bucket=testblockoutputstreamwithretries} | ret=SUCCESS |  
2019-08-21 05:55:28,743 | INFO  | SCMAudit | user=jenkins1000 | ip=192.168.69.91 | op=ALLOCATE_BLOCK {owner=7cba7d32-ba44-44b7-9ee2-75cc81d21eee, size=800, type=RATIS, factor=THREE} | ret=SUCCESS |  
2019-08-21 05:55:28,747 | INFO  | OMAudit | user=jenkins1000 | ip=127.0.0.1 | op=ALLOCATE_KEY {volume=testblockoutputstreamwithretries, bucket=testblockoutputstreamwithretries, key=225cfd40-9095-48fc-91c4-ae4031953ffc, dataSize=3200, replicationType=RATIS, replicationFactor=THREE, keyLocationInfo=null} | ret=SUCCESS |  
2019-08-21 05:55:28,764 [grpc-default-executor-3] INFO  client.GrpcClientProtocolClient (GrpcClientProtocolClient.java:onNext(255)) - client-5E3AA808964E->625627db-20f6-4593-9222-21b617438b7f: receive RaftClientReply:client-5E3AA808964E->625627db-20f6-4593-9222-21b617438b7f@group-ED3E36EC8233, cid=42, FAILED org.apache.ratis.protocol.NotLeaderException: Server 625627db-20f6-4593-9222-21b617438b7f is not the leader (null). Request must be sent to leader., logIndex=0, commits[625627db-20f6-4593-9222-21b617438b7f:c-1]
2019-08-21 05:55:28,855 | INFO  | SCMAudit | user=jenkins1000 | ip=192.168.69.91 | op=SEND_HEARTBEAT {datanodeUUID=4794a7d0-d8e2-4005-aaca-0a56e39fce16, command=[]} | ret=SUCCESS |  
2019-08-21 05:55:29,268 | INFO  | SCMAudit | user=jenkins1000 | ip=192.168.69.91 | op=SEND_HEARTBEAT {datanodeUUID=f101476e-c990-429e-921c-5f445731959e, command=[]} | ret=SUCCESS |  
2019-08-21 05:55:29,285 [Thread-707] INFO  container.ReplicationManager (ReplicationManager.java:start(152)) - Starting Replication Monitor Thread.
2019-08-21 05:55:29,290 [ReplicationMonitor] INFO  container.ReplicationManager (ReplicationManager.java:run(215)) - Replication Monitor Thread took 0 milliseconds for processing 3 containers.
2019-08-21 05:55:29,305 | INFO  | SCMAudit | user=jenkins1000 | ip=192.168.69.91 | op=SEND_HEARTBEAT {datanodeUUID=49ab72ed-ff76-4952-870c-a3cea42cdb24, command=[]} | ret=SUCCESS |  
2019-08-21 05:55:29,462 | INFO  | SCMAudit | user=jenkins1000 | ip=192.168.69.91 | op=SEND_HEARTBEAT {datanodeUUID=3c17af02-f769-4730-87e1-6a78a05442cb, command=[]} | ret=SUCCESS |  
2019-08-21 05:55:29,495 | INFO  | SCMAudit | user=jenkins1000 | ip=192.168.69.91 | op=SEND_HEARTBEAT {datanodeUUID=3fd580a5-fd1e-4f13-9f88-976f7db82376, command=[]} | ret=SUCCESS |  
2019-08-21 05:55:29,659 | INFO  | SCMAudit | user=jenkins1000 | ip=192.168.69.91 | op=SEND_HEARTBEAT {datanodeUUID=625627db-20f6-4593-9222-21b617438b7f, command=[]} | ret=SUCCESS |  
2019-08-21 05:55:29,667 | INFO  | SCMAudit | user=jenkins1000 | ip=192.168.69.91 | op=SEND_HEARTBEAT {datanodeUUID=046a392e-7484-4dfc-820d-faa08503447d, command=[]} | ret=SUCCESS |  
2019-08-21 05:55:29,795 [grpc-default-executor-0] INFO  client.GrpcClientProtocolClient (GrpcClientProtocolClient.java:onNext(255)) - client-5E3AA808964E->3c17af02-f769-4730-87e1-6a78a05442cb: receive RaftClientReply:client-5E3AA808964E->3c17af02-f769-4730-87e1-6a78a05442cb@group-ED3E36EC8233, cid=42, FAILED org.apache.ratis.protocol.NotLeaderException: Server 3c17af02-f769-4730-87e1-6a78a05442cb is not the leader (null). Request must be sent to leader., logIndex=0, commits[3c17af02-f769-4730-87e1-6a78a05442cb:c-1]
2019-08-21 05:55:29,855 | INFO  | SCMAudit | user=jenkins1000 | ip=192.168.69.91 | op=SEND_HEARTBEAT {datanodeUUID=4794a7d0-d8e2-4005-aaca-0a56e39fce16, command=[]} | ret=SUCCESS |  
2019-08-21 05:55:30,268 | INFO  | SCMAudit | user=jenkins1000 | ip=192.168.69.91 | op=SEND_HEARTBEAT {datanodeUUID=f101476e-c990-429e-921c-5f445731959e, command=[]} | ret=SUCCESS |  
2019-08-21 05:55:30,305 | INFO  | SCMAudit | user=jenkins1000 | ip=192.168.69.91 | op=SEND_HEARTBEAT {datanodeUUID=49ab72ed-ff76-4952-870c-a3cea42cdb24, command=[]} | ret=SUCCESS |  
2019-08-21 05:55:30,462 | INFO  | SCMAudit | user=jenkins1000 | ip=192.168.69.91 | op=SEND_HEARTBEAT {datanodeUUID=3c17af02-f769-4730-87e1-6a78a05442cb, command=[]} | ret=SUCCESS |  
2019-08-21 05:55:30,494 | INFO  | SCMAudit | user=jenkins1000 | ip=192.168.69.91 | op=SEND_HEARTBEAT {datanodeUUID=3fd580a5-fd1e-4f13-9f88-976f7db82376, command=[]} | ret=SUCCESS |  
2019-08-21 05:55:30,660 | INFO  | SCMAudit | user=jenkins1000 | ip=192.168.69.91 | op=SEND_HEARTBEAT {datanodeUUID=625627db-20f6-4593-9222-21b617438b7f, command=[]} | ret=SUCCESS |  
2019-08-21 05:55:30,668 | INFO  | SCMAudit | user=jenkins1000 | ip=192.168.69.91 | op=SEND_HEARTBEAT {datanodeUUID=046a392e-7484-4dfc-820d-faa08503447d, command=[]} | ret=SUCCESS |  
2019-08-21 05:55:30,817 [grpc-default-executor-3] INFO  client.GrpcClientProtocolClient (GrpcClientProtocolClient.java:onNext(255)) - client-5E3AA808964E->625627db-20f6-4593-9222-21b617438b7f: receive RaftClientReply:client-5E3AA808964E->625627db-20f6-4593-9222-21b617438b7f@group-ED3E36EC8233, cid=42, FAILED org.apache.ratis.protocol.NotLeaderException: Server 625627db-20f6-4593-9222-21b617438b7f is not the leader (null). Request must be sent to leader., logIndex=0, commits[625627db-20f6-4593-9222-21b617438b7f:c-1]
2019-08-21 05:55:30,855 | INFO  | SCMAudit | user=jenkins1000 | ip=192.168.69.91 | op=SEND_HEARTBEAT {datanodeUUID=4794a7d0-d8e2-4005-aaca-0a56e39fce16, command=[]} | ret=SUCCESS |  
2019-08-21 05:55:31,268 | INFO  | SCMAudit | user=jenkins1000 | ip=192.168.69.91 | op=SEND_HEARTBEAT {datanodeUUID=f101476e-c990-429e-921c-5f445731959e, command=[]} | ret=SUCCESS |  
2019-08-21 05:55:31,305 | INFO  | SCMAudit | user=jenkins1000 | ip=192.168.69.91 | op=SEND_HEARTBEAT {datanodeUUID=49ab72ed-ff76-4952-870c-a3cea42cdb24, command=[]} | ret=SUCCESS |  
2019-08-21 05:55:31,462 | INFO  | SCMAudit | user=jenkins1000 | ip=192.168.69.91 | op=SEND_HEARTBEAT {datanodeUUID=3c17af02-f769-4730-87e1-6a78a05442cb, command=[]} | ret=SUCCESS |  
2019-08-21 05:55:31,494 | INFO  | SCMAudit | user=jenkins1000 | ip=192.168.69.91 | op=SEND_HEARTBEAT {datanodeUUID=3fd580a5-fd1e-4f13-9f88-976f7db82376, command=[]} | ret=SUCCESS |  
2019-08-21 05:55:31,528 [Thread-709] INFO  impl.FollowerState (FollowerState.java:run(106)) - f101476e-c990-429e-921c-5f445731959e:group-A83EC65426FD changes to CANDIDATE, lastRpcTime:5185, electionTimeout:5185ms
2019-08-21 05:55:31,528 [Thread-709] INFO  impl.RoleInfo (RoleInfo.java:shutdownFollowerState(121)) - f101476e-c990-429e-921c-5f445731959e: shutdown FollowerState
2019-08-21 05:55:31,529 [Thread-709] INFO  impl.RaftServerImpl (RaftServerImpl.java:setRole(171)) - f101476e-c990-429e-921c-5f445731959e:group-A83EC65426FD changes role from FOLLOWER to CANDIDATE at term 0 for changeToCandidate
2019-08-21 05:55:31,529 [Thread-709] INFO  impl.RoleInfo (RoleInfo.java:updateAndGet(143)) - f101476e-c990-429e-921c-5f445731959e: start LeaderElection
2019-08-21 05:55:31,548 [f101476e-c990-429e-921c-5f445731959e:group-A83EC65426FD:LeaderElection15] INFO  impl.LeaderElection (LeaderElection.java:askForVotes(181)) - f101476e-c990-429e-921c-5f445731959e:group-A83EC65426FD:LeaderElection15: begin an election at term 1 for -1: [f101476e-c990-429e-921c-5f445731959e:192.168.69.91:45055], old=null
2019-08-21 05:55:31,548 [f101476e-c990-429e-921c-5f445731959e:group-A83EC65426FD:LeaderElection15] INFO  impl.RoleInfo (RoleInfo.java:shutdownLeaderElection(134)) - f101476e-c990-429e-921c-5f445731959e: shutdown LeaderElection
2019-08-21 05:55:31,548 [f101476e-c990-429e-921c-5f445731959e:group-A83EC65426FD:LeaderElection15] INFO  impl.RaftServerImpl (RaftServerImpl.java:setRole(171)) - f101476e-c990-429e-921c-5f445731959e:group-A83EC65426FD changes role from CANDIDATE to LEADER at term 1 for changeToLeader
2019-08-21 05:55:31,548 [f101476e-c990-429e-921c-5f445731959e:group-A83EC65426FD:LeaderElection15] INFO  impl.RaftServerImpl (ServerState.java:setLeader(263)) - f101476e-c990-429e-921c-5f445731959e:group-A83EC65426FD change Leader from null to f101476e-c990-429e-921c-5f445731959e at term 1 for becomeLeader, leader elected after 5210ms
2019-08-21 05:55:31,550 [f101476e-c990-429e-921c-5f445731959e:group-A83EC65426FD:LeaderElection15] INFO  server.RaftServerConfigKeys (ConfUtils.java:logGet(43)) - raft.server.staging.catchup.gap = 1000 (default)
2019-08-21 05:55:31,550 [f101476e-c990-429e-921c-5f445731959e:group-A83EC65426FD:LeaderElection15] INFO  server.RaftServerConfigKeys (ConfUtils.java:logGet(43)) - raft.server.rpc.sleep.time = 25ms (default)
2019-08-21 05:55:31,550 [f101476e-c990-429e-921c-5f445731959e:group-A83EC65426FD:LeaderElection15] INFO  server.RaftServerConfigKeys (ConfUtils.java:logGet(43)) - raft.server.write.element-limit = 4096 (default)
2019-08-21 05:55:31,551 [f101476e-c990-429e-921c-5f445731959e:group-A83EC65426FD:LeaderElection15] INFO  server.RaftServerConfigKeys (ConfUtils.java:logGet(43)) - raft.server.watch.timeout = 10s (default)
2019-08-21 05:55:31,551 [f101476e-c990-429e-921c-5f445731959e:group-A83EC65426FD:LeaderElection15] INFO  server.RaftServerConfigKeys (ConfUtils.java:logGet(43)) - raft.server.watch.timeout.denomination = 1s (default)
2019-08-21 05:55:31,551 [f101476e-c990-429e-921c-5f445731959e:group-A83EC65426FD:LeaderElection15] INFO  server.RaftServerConfigKeys (ConfUtils.java:logGet(43)) - raft.server.watch.element-limit = 65536 (default)
2019-08-21 05:55:31,551 [f101476e-c990-429e-921c-5f445731959e:group-A83EC65426FD:LeaderElection15] INFO  impl.RoleInfo (RoleInfo.java:updateAndGet(143)) - f101476e-c990-429e-921c-5f445731959e: start LeaderState
2019-08-21 05:55:31,552 [f101476e-c990-429e-921c-5f445731959e:group-A83EC65426FD:LeaderElection15] INFO  segmented.SegmentedRaftLogWorker (SegmentedRaftLogWorker.java:startLogSegment(380)) - f101476e-c990-429e-921c-5f445731959e-SegmentedRaftLogWorker:Storage Directory /workdir/hadoop-ozone/integration-test/target/test-dir/MiniOzoneClusterImpl-6d1cdef1-941d-4f62-be26-b5ce02def95a/datanode-0/data/ratis/5d092299-5f83-4442-ac81-a83ec65426fd: Starting segment from index:0
2019-08-21 05:55:31,552 [f101476e-c990-429e-921c-5f445731959e:group-A83EC65426FD:LeaderElection15] INFO  impl.RaftServerImpl (ServerState.java:setRaftConf(361)) - f101476e-c990-429e-921c-5f445731959e:group-A83EC65426FD set configuration 0: [f101476e-c990-429e-921c-5f445731959e:192.168.69.91:45055], old=null at 0
2019-08-21 05:55:31,592 [f101476e-c990-429e-921c-5f445731959e-SegmentedRaftLogWorker:Storage Directory /workdir/hadoop-ozone/integration-test/target/test-dir/MiniOzoneClusterImpl-6d1cdef1-941d-4f62-be26-b5ce02def95a/datanode-0/data/ratis/5d092299-5f83-4442-ac81-a83ec65426fd] INFO  segmented.SegmentedRaftLogWorker (SegmentedRaftLogWorker.java:execute(569)) - f101476e-c990-429e-921c-5f445731959e-SegmentedRaftLogWorker:Storage Directory /workdir/hadoop-ozone/integration-test/target/test-dir/MiniOzoneClusterImpl-6d1cdef1-941d-4f62-be26-b5ce02def95a/datanode-0/data/ratis/5d092299-5f83-4442-ac81-a83ec65426fd: created new log segment /workdir/hadoop-ozone/integration-test/target/test-dir/MiniOzoneClusterImpl-6d1cdef1-941d-4f62-be26-b5ce02def95a/datanode-0/data/ratis/5d092299-5f83-4442-ac81-a83ec65426fd/current/log_inprogress_0
2019-08-21 05:55:31,647 [Thread-712] INFO  impl.FollowerState (FollowerState.java:run(106)) - 3c17af02-f769-4730-87e1-6a78a05442cb:group-9545AA3C0546 changes to CANDIDATE, lastRpcTime:5150, electionTimeout:5150ms
2019-08-21 05:55:31,647 [Thread-712] INFO  impl.RoleInfo (RoleInfo.java:shutdownFollowerState(121)) - 3c17af02-f769-4730-87e1-6a78a05442cb: shutdown FollowerState
2019-08-21 05:55:31,647 [Thread-712] INFO  impl.RaftServerImpl (RaftServerImpl.java:setRole(171)) - 3c17af02-f769-4730-87e1-6a78a05442cb:group-9545AA3C0546 changes role from FOLLOWER to CANDIDATE at term 0 for changeToCandidate
2019-08-21 05:55:31,648 [Thread-712] INFO  impl.RoleInfo (RoleInfo.java:updateAndGet(143)) - 3c17af02-f769-4730-87e1-6a78a05442cb: start LeaderElection
2019-08-21 05:55:31,668 | INFO  | SCMAudit | user=jenkins1000 | ip=192.168.69.91 | op=SEND_HEARTBEAT {datanodeUUID=625627db-20f6-4593-9222-21b617438b7f, command=[]} | ret=SUCCESS |  
2019-08-21 05:55:31,669 | INFO  | SCMAudit | user=jenkins1000 | ip=192.168.69.91 | op=SEND_HEARTBEAT {datanodeUUID=046a392e-7484-4dfc-820d-faa08503447d, command=[]} | ret=SUCCESS |  
2019-08-21 05:55:31,679 [3c17af02-f769-4730-87e1-6a78a05442cb:group-9545AA3C0546:LeaderElection16] INFO  impl.LeaderElection (LeaderElection.java:askForVotes(181)) - 3c17af02-f769-4730-87e1-6a78a05442cb:group-9545AA3C0546:LeaderElection16: begin an election at term 1 for -1: [3c17af02-f769-4730-87e1-6a78a05442cb:192.168.69.91:45466], old=null
2019-08-21 05:55:31,680 [3c17af02-f769-4730-87e1-6a78a05442cb:group-9545AA3C0546:LeaderElection16] INFO  impl.RoleInfo (RoleInfo.java:shutdownLeaderElection(134)) - 3c17af02-f769-4730-87e1-6a78a05442cb: shutdown LeaderElection
2019-08-21 05:55:31,680 [3c17af02-f769-4730-87e1-6a78a05442cb:group-9545AA3C0546:LeaderElection16] INFO  impl.RaftServerImpl (RaftServerImpl.java:setRole(171)) - 3c17af02-f769-4730-87e1-6a78a05442cb:group-9545AA3C0546 changes role from CANDIDATE to LEADER at term 1 for changeToLeader
2019-08-21 05:55:31,680 [3c17af02-f769-4730-87e1-6a78a05442cb:group-9545AA3C0546:LeaderElection16] INFO  impl.RaftServerImpl (ServerState.java:setLeader(263)) - 3c17af02-f769-4730-87e1-6a78a05442cb:group-9545AA3C0546 change Leader from null to 3c17af02-f769-4730-87e1-6a78a05442cb at term 1 for becomeLeader, leader elected after 5188ms
2019-08-21 05:55:31,683 [3c17af02-f769-4730-87e1-6a78a05442cb:group-9545AA3C0546:LeaderElection16] INFO  server.RaftServerConfigKeys (ConfUtils.java:logGet(43)) - raft.server.staging.catchup.gap = 1000 (default)
2019-08-21 05:55:31,683 [3c17af02-f769-4730-87e1-6a78a05442cb:group-9545AA3C0546:LeaderElection16] INFO  server.RaftServerConfigKeys (ConfUtils.java:logGet(43)) - raft.server.rpc.sleep.time = 25ms (default)
2019-08-21 05:55:31,683 [3c17af02-f769-4730-87e1-6a78a05442cb:group-9545AA3C0546:LeaderElection16] INFO  server.RaftServerConfigKeys (ConfUtils.java:logGet(43)) - raft.server.write.element-limit = 4096 (default)
2019-08-21 05:55:31,683 [3c17af02-f769-4730-87e1-6a78a05442cb:group-9545AA3C0546:LeaderElection16] INFO  server.RaftServerConfigKeys (ConfUtils.java:logGet(43)) - raft.server.watch.timeout = 10s (default)
2019-08-21 05:55:31,683 [3c17af02-f769-4730-87e1-6a78a05442cb:group-9545AA3C0546:LeaderElection16] INFO  server.RaftServerConfigKeys (ConfUtils.java:logGet(43)) - raft.server.watch.timeout.denomination = 1s (default)
2019-08-21 05:55:31,683 [3c17af02-f769-4730-87e1-6a78a05442cb:group-9545AA3C0546:LeaderElection16] INFO  server.RaftServerConfigKeys (ConfUtils.java:logGet(43)) - raft.server.watch.element-limit = 65536 (default)
2019-08-21 05:55:31,684 [3c17af02-f769-4730-87e1-6a78a05442cb:group-9545AA3C0546:LeaderElection16] INFO  impl.RoleInfo (RoleInfo.java:updateAndGet(143)) - 3c17af02-f769-4730-87e1-6a78a05442cb: start LeaderState
2019-08-21 05:55:31,684 [3c17af02-f769-4730-87e1-6a78a05442cb:group-9545AA3C0546:LeaderElection16] INFO  segmented.SegmentedRaftLogWorker (SegmentedRaftLogWorker.java:startLogSegment(380)) - 3c17af02-f769-4730-87e1-6a78a05442cb-SegmentedRaftLogWorker:Storage Directory /workdir/hadoop-ozone/integration-test/target/test-dir/MiniOzoneClusterImpl-6d1cdef1-941d-4f62-be26-b5ce02def95a/datanode-1/data/ratis/d33aab5d-814b-4e01-8b92-9545aa3c0546: Starting segment from index:0
2019-08-21 05:55:31,684 [3c17af02-f769-4730-87e1-6a78a05442cb:group-9545AA3C0546:LeaderElection16] INFO  impl.RaftServerImpl (ServerState.java:setRaftConf(361)) - 3c17af02-f769-4730-87e1-6a78a05442cb:group-9545AA3C0546 set configuration 0: [3c17af02-f769-4730-87e1-6a78a05442cb:192.168.69.91:45466], old=null at 0
2019-08-21 05:55:31,727 [3c17af02-f769-4730-87e1-6a78a05442cb-SegmentedRaftLogWorker:Storage Directory /workdir/hadoop-ozone/integration-test/target/test-dir/MiniOzoneClusterImpl-6d1cdef1-941d-4f62-be26-b5ce02def95a/datanode-1/data/ratis/d33aab5d-814b-4e01-8b92-9545aa3c0546] INFO  segmented.SegmentedRaftLogWorker (SegmentedRaftLogWorker.java:execute(569)) - 3c17af02-f769-4730-87e1-6a78a05442cb-SegmentedRaftLogWorker:Storage Directory /workdir/hadoop-ozone/integration-test/target/test-dir/MiniOzoneClusterImpl-6d1cdef1-941d-4f62-be26-b5ce02def95a/datanode-1/data/ratis/d33aab5d-814b-4e01-8b92-9545aa3c0546: created new log segment /workdir/hadoop-ozone/integration-test/target/test-dir/MiniOzoneClusterImpl-6d1cdef1-941d-4f62-be26-b5ce02def95a/datanode-1/data/ratis/d33aab5d-814b-4e01-8b92-9545aa3c0546/current/log_inprogress_0
2019-08-21 05:55:31,763 [Thread-715] INFO  impl.FollowerState (FollowerState.java:run(106)) - 625627db-20f6-4593-9222-21b617438b7f:group-D36F525B3ECD changes to CANDIDATE, lastRpcTime:5053, electionTimeout:5053ms
2019-08-21 05:55:31,764 [Thread-715] INFO  impl.RoleInfo (RoleInfo.java:shutdownFollowerState(121)) - 625627db-20f6-4593-9222-21b617438b7f: shutdown FollowerState
2019-08-21 05:55:31,764 [Thread-715] INFO  impl.RaftServerImpl (RaftServerImpl.java:setRole(171)) - 625627db-20f6-4593-9222-21b617438b7f:group-D36F525B3ECD changes role from FOLLOWER to CANDIDATE at term 0 for changeToCandidate
2019-08-21 05:55:31,764 [Thread-715] INFO  impl.RoleInfo (RoleInfo.java:updateAndGet(143)) - 625627db-20f6-4593-9222-21b617438b7f: start LeaderElection
2019-08-21 05:55:31,779 [625627db-20f6-4593-9222-21b617438b7f:group-D36F525B3ECD:LeaderElection17] INFO  impl.LeaderElection (LeaderElection.java:askForVotes(181)) - 625627db-20f6-4593-9222-21b617438b7f:group-D36F525B3ECD:LeaderElection17: begin an election at term 1 for -1: [625627db-20f6-4593-9222-21b617438b7f:192.168.69.91:38430], old=null
2019-08-21 05:55:31,779 [625627db-20f6-4593-9222-21b617438b7f:group-D36F525B3ECD:LeaderElection17] INFO  impl.RoleInfo (RoleInfo.java:shutdownLeaderElection(134)) - 625627db-20f6-4593-9222-21b617438b7f: shutdown LeaderElection
2019-08-21 05:55:31,779 [625627db-20f6-4593-9222-21b617438b7f:group-D36F525B3ECD:LeaderElection17] INFO  impl.RaftServerImpl (RaftServerImpl.java:setRole(171)) - 625627db-20f6-4593-9222-21b617438b7f:group-D36F525B3ECD changes role from CANDIDATE to LEADER at term 1 for changeToLeader
2019-08-21 05:55:31,779 [625627db-20f6-4593-9222-21b617438b7f:group-D36F525B3ECD:LeaderElection17] INFO  impl.RaftServerImpl (ServerState.java:setLeader(263)) - 625627db-20f6-4593-9222-21b617438b7f:group-D36F525B3ECD change Leader from null to 625627db-20f6-4593-9222-21b617438b7f at term 1 for becomeLeader, leader elected after 5074ms
2019-08-21 05:55:31,781 [625627db-20f6-4593-9222-21b617438b7f:group-D36F525B3ECD:LeaderElection17] INFO  server.RaftServerConfigKeys (ConfUtils.java:logGet(43)) - raft.server.staging.catchup.gap = 1000 (default)
2019-08-21 05:55:31,781 [625627db-20f6-4593-9222-21b617438b7f:group-D36F525B3ECD:LeaderElection17] INFO  server.RaftServerConfigKeys (ConfUtils.java:logGet(43)) - raft.server.rpc.sleep.time = 25ms (default)
2019-08-21 05:55:31,781 [625627db-20f6-4593-9222-21b617438b7f:group-D36F525B3ECD:LeaderElection17] INFO  server.RaftServerConfigKeys (ConfUtils.java:logGet(43)) - raft.server.write.element-limit = 4096 (default)
2019-08-21 05:55:31,782 [625627db-20f6-4593-9222-21b617438b7f:group-D36F525B3ECD:LeaderElection17] INFO  server.RaftServerConfigKeys (ConfUtils.java:logGet(43)) - raft.server.watch.timeout = 10s (default)
2019-08-21 05:55:31,782 [625627db-20f6-4593-9222-21b617438b7f:group-D36F525B3ECD:LeaderElection17] INFO  server.RaftServerConfigKeys (ConfUtils.java:logGet(43)) - raft.server.watch.timeout.denomination = 1s (default)
2019-08-21 05:55:31,782 [625627db-20f6-4593-9222-21b617438b7f:group-D36F525B3ECD:LeaderElection17] INFO  server.RaftServerConfigKeys (ConfUtils.java:logGet(43)) - raft.server.watch.element-limit = 65536 (default)
2019-08-21 05:55:31,782 [625627db-20f6-4593-9222-21b617438b7f:group-D36F525B3ECD:LeaderElection17] INFO  impl.RoleInfo (RoleInfo.java:updateAndGet(143)) - 625627db-20f6-4593-9222-21b617438b7f: start LeaderState
2019-08-21 05:55:31,782 [625627db-20f6-4593-9222-21b617438b7f:group-D36F525B3ECD:LeaderElection17] INFO  segmented.SegmentedRaftLogWorker (SegmentedRaftLogWorker.java:startLogSegment(380)) - 625627db-20f6-4593-9222-21b617438b7f-SegmentedRaftLogWorker:Storage Directory /workdir/hadoop-ozone/integration-test/target/test-dir/MiniOzoneClusterImpl-6d1cdef1-941d-4f62-be26-b5ce02def95a/datanode-2/data/ratis/3282522f-a56d-498c-8a1f-d36f525b3ecd: Starting segment from index:0
2019-08-21 05:55:31,783 [625627db-20f6-4593-9222-21b617438b7f:group-D36F525B3ECD:LeaderElection17] INFO  impl.RaftServerImpl (ServerState.java:setRaftConf(361)) - 625627db-20f6-4593-9222-21b617438b7f:group-D36F525B3ECD set configuration 0: [625627db-20f6-4593-9222-21b617438b7f:192.168.69.91:38430], old=null at 0
2019-08-21 05:55:31,812 [625627db-20f6-4593-9222-21b617438b7f-SegmentedRaftLogWorker:Storage Directory /workdir/hadoop-ozone/integration-test/target/test-dir/MiniOzoneClusterImpl-6d1cdef1-941d-4f62-be26-b5ce02def95a/datanode-2/data/ratis/3282522f-a56d-498c-8a1f-d36f525b3ecd] INFO  segmented.SegmentedRaftLogWorker (SegmentedRaftLogWorker.java:execute(569)) - 625627db-20f6-4593-9222-21b617438b7f-SegmentedRaftLogWorker:Storage Directory /workdir/hadoop-ozone/integration-test/target/test-dir/MiniOzoneClusterImpl-6d1cdef1-941d-4f62-be26-b5ce02def95a/datanode-2/data/ratis/3282522f-a56d-498c-8a1f-d36f525b3ecd: created new log segment /workdir/hadoop-ozone/integration-test/target/test-dir/MiniOzoneClusterImpl-6d1cdef1-941d-4f62-be26-b5ce02def95a/datanode-2/data/ratis/3282522f-a56d-498c-8a1f-d36f525b3ecd/current/log_inprogress_0
2019-08-21 05:55:31,819 [Thread-723] INFO  impl.FollowerState (FollowerState.java:run(106)) - 3c17af02-f769-4730-87e1-6a78a05442cb:group-ED3E36EC8233 changes to CANDIDATE, lastRpcTime:5021, electionTimeout:5021ms
2019-08-21 05:55:31,819 [Thread-723] INFO  impl.RoleInfo (RoleInfo.java:shutdownFollowerState(121)) - 3c17af02-f769-4730-87e1-6a78a05442cb: shutdown FollowerState
2019-08-21 05:55:31,819 [Thread-723] INFO  impl.RaftServerImpl (RaftServerImpl.java:setRole(171)) - 3c17af02-f769-4730-87e1-6a78a05442cb:group-ED3E36EC8233 changes role from FOLLOWER to CANDIDATE at term 0 for changeToCandidate
2019-08-21 05:55:31,819 [Thread-723] INFO  impl.RoleInfo (RoleInfo.java:updateAndGet(143)) - 3c17af02-f769-4730-87e1-6a78a05442cb: start LeaderElection
2019-08-21 05:55:31,836 [grpc-default-executor-0] INFO  client.GrpcClientProtocolClient (GrpcClientProtocolClient.java:onNext(255)) - client-5E3AA808964E->3c17af02-f769-4730-87e1-6a78a05442cb: receive RaftClientReply:client-5E3AA808964E->3c17af02-f769-4730-87e1-6a78a05442cb@group-ED3E36EC8233, cid=42, FAILED org.apache.ratis.protocol.NotLeaderException: Server 3c17af02-f769-4730-87e1-6a78a05442cb is not the leader (null). Request must be sent to leader., logIndex=0, commits[3c17af02-f769-4730-87e1-6a78a05442cb:c-1]
2019-08-21 05:55:31,840 [3c17af02-f769-4730-87e1-6a78a05442cb:group-ED3E36EC8233:LeaderElection18] INFO  impl.LeaderElection (LeaderElection.java:askForVotes(181)) - 3c17af02-f769-4730-87e1-6a78a05442cb:group-ED3E36EC8233:LeaderElection18: begin an election at term 1 for -1: [f101476e-c990-429e-921c-5f445731959e:192.168.69.91:45055, 3c17af02-f769-4730-87e1-6a78a05442cb:192.168.69.91:45466, 625627db-20f6-4593-9222-21b617438b7f:192.168.69.91:38430], old=null
2019-08-21 05:55:31,845 [grpc-default-executor-3] INFO  impl.RaftServerImpl (RaftServerImpl.java:setRole(171)) - f101476e-c990-429e-921c-5f445731959e:group-ED3E36EC8233 changes role from FOLLOWER to FOLLOWER at term 1 for recognizeCandidate:3c17af02-f769-4730-87e1-6a78a05442cb
2019-08-21 05:55:31,845 [grpc-default-executor-3] INFO  impl.RoleInfo (RoleInfo.java:shutdownFollowerState(121)) - f101476e-c990-429e-921c-5f445731959e: shutdown FollowerState
2019-08-21 05:55:31,845 [grpc-default-executor-0] INFO  impl.RaftServerImpl (RaftServerImpl.java:setRole(171)) - 625627db-20f6-4593-9222-21b617438b7f:group-ED3E36EC8233 changes role from FOLLOWER to FOLLOWER at term 1 for recognizeCandidate:3c17af02-f769-4730-87e1-6a78a05442cb
2019-08-21 05:55:31,845 [Thread-721] INFO  impl.FollowerState (FollowerState.java:run(114)) - f101476e-c990-429e-921c-5f445731959e: FollowerState was interrupted: java.lang.InterruptedException: sleep interrupted
2019-08-21 05:55:31,845 [grpc-default-executor-3] INFO  impl.RoleInfo (RoleInfo.java:updateAndGet(143)) - f101476e-c990-429e-921c-5f445731959e: start FollowerState
2019-08-21 05:55:31,845 [grpc-default-executor-0] INFO  impl.RoleInfo (RoleInfo.java:shutdownFollowerState(121)) - 625627db-20f6-4593-9222-21b617438b7f: shutdown FollowerState
2019-08-21 05:55:31,847 [grpc-default-executor-0] INFO  impl.RoleInfo (RoleInfo.java:updateAndGet(143)) - 625627db-20f6-4593-9222-21b617438b7f: start FollowerState
2019-08-21 05:55:31,847 [Thread-718] INFO  impl.FollowerState (FollowerState.java:run(114)) - 625627db-20f6-4593-9222-21b617438b7f: FollowerState was interrupted: java.lang.InterruptedException: sleep interrupted
2019-08-21 05:55:31,855 | INFO  | SCMAudit | user=jenkins1000 | ip=192.168.69.91 | op=SEND_HEARTBEAT {datanodeUUID=4794a7d0-d8e2-4005-aaca-0a56e39fce16, command=[]} | ret=SUCCESS |  
2019-08-21 05:55:31,863 [3c17af02-f769-4730-87e1-6a78a05442cb:group-ED3E36EC8233:LeaderElection18] INFO  impl.LeaderElection (LeaderElection.java:logAndReturn(56)) - 3c17af02-f769-4730-87e1-6a78a05442cb:group-ED3E36EC8233:LeaderElection18: Election PASSED; received 1 response(s) [3c17af02-f769-4730-87e1-6a78a05442cb<-625627db-20f6-4593-9222-21b617438b7f#0:OK-t1] and 0 exception(s); 3c17af02-f769-4730-87e1-6a78a05442cb:t1, leader=null, voted=3c17af02-f769-4730-87e1-6a78a05442cb, raftlog=3c17af02-f769-4730-87e1-6a78a05442cb-SegmentedRaftLog:OPENED:c-1,f-1,i0, conf=-1: [f101476e-c990-429e-921c-5f445731959e:192.168.69.91:45055, 3c17af02-f769-4730-87e1-6a78a05442cb:192.168.69.91:45466, 625627db-20f6-4593-9222-21b617438b7f:192.168.69.91:38430], old=null
2019-08-21 05:55:31,863 [3c17af02-f769-4730-87e1-6a78a05442cb:group-ED3E36EC8233:LeaderElection18] INFO  impl.RoleInfo (RoleInfo.java:shutdownLeaderElection(134)) - 3c17af02-f769-4730-87e1-6a78a05442cb: shutdown LeaderElection
2019-08-21 05:55:31,865 [3c17af02-f769-4730-87e1-6a78a05442cb:group-ED3E36EC8233:LeaderElection18] INFO  impl.RaftServerImpl (RaftServerImpl.java:setRole(171)) - 3c17af02-f769-4730-87e1-6a78a05442cb:group-ED3E36EC8233 changes role from CANDIDATE to LEADER at term 1 for changeToLeader
2019-08-21 05:55:31,865 [3c17af02-f769-4730-87e1-6a78a05442cb:group-ED3E36EC8233:LeaderElection18] INFO  impl.RaftServerImpl (ServerState.java:setLeader(263)) - 3c17af02-f769-4730-87e1-6a78a05442cb:group-ED3E36EC8233 change Leader from null to 3c17af02-f769-4730-87e1-6a78a05442cb at term 1 for becomeLeader, leader elected after 5103ms
2019-08-21 05:55:31,865 [3c17af02-f769-4730-87e1-6a78a05442cb:group-ED3E36EC8233:LeaderElection18] INFO  server.RaftServerConfigKeys (ConfUtils.java:logGet(43)) - raft.server.staging.catchup.gap = 1000 (default)
2019-08-21 05:55:31,865 [3c17af02-f769-4730-87e1-6a78a05442cb:group-ED3E36EC8233:LeaderElection18] INFO  server.RaftServerConfigKeys (ConfUtils.java:logGet(43)) - raft.server.rpc.sleep.time = 25ms (default)
2019-08-21 05:55:31,865 [3c17af02-f769-4730-87e1-6a78a05442cb:group-ED3E36EC8233:LeaderElection18] INFO  server.RaftServerConfigKeys (ConfUtils.java:logGet(43)) - raft.server.write.element-limit = 4096 (default)
2019-08-21 05:55:31,866 [3c17af02-f769-4730-87e1-6a78a05442cb:group-ED3E36EC8233:LeaderElection18] INFO  server.RaftServerConfigKeys (ConfUtils.java:logGet(43)) - raft.server.watch.timeout = 10s (default)
2019-08-21 05:55:31,866 [3c17af02-f769-4730-87e1-6a78a05442cb:group-ED3E36EC8233:LeaderElection18] INFO  server.RaftServerConfigKeys (ConfUtils.java:logGet(43)) - raft.server.watch.timeout.denomination = 1s (default)
2019-08-21 05:55:31,866 [3c17af02-f769-4730-87e1-6a78a05442cb:group-ED3E36EC8233:LeaderElection18] INFO  server.RaftServerConfigKeys (ConfUtils.java:logGet(43)) - raft.server.watch.element-limit = 65536 (default)
2019-08-21 05:55:31,866 [3c17af02-f769-4730-87e1-6a78a05442cb:group-ED3E36EC8233:LeaderElection18] INFO  server.RaftServerConfigKeys (ConfUtils.java:logGet(43)) - raft.server.log.appender.snapshot.chunk.size.max = 16MB (=16777216) (default)
2019-08-21 05:55:31,866 [3c17af02-f769-4730-87e1-6a78a05442cb:group-ED3E36EC8233:LeaderElection18] INFO  server.RaftServerConfigKeys (ConfUtils.java:logGet(43)) - raft.server.log.appender.buffer.byte-limit = 33554432 (custom)
2019-08-21 05:55:31,866 [3c17af02-f769-4730-87e1-6a78a05442cb:group-ED3E36EC8233:LeaderElection18] INFO  server.RaftServerConfigKeys (ConfUtils.java:logGet(43)) - raft.server.log.appender.buffer.element-limit = 1 (custom)
2019-08-21 05:55:31,867 [3c17af02-f769-4730-87e1-6a78a05442cb:group-ED3E36EC8233:LeaderElection18] INFO  grpc.GrpcConfigKeys$Server (ConfUtils.java:logGet(43)) - raft.grpc.server.leader.outstanding.appends.max = 128 (default)
2019-08-21 05:55:31,867 [3c17af02-f769-4730-87e1-6a78a05442cb:group-ED3E36EC8233:LeaderElection18] INFO  server.RaftServerConfigKeys (ConfUtils.java:logGet(43)) - raft.server.rpc.request.timeout = 3000ms (default)
2019-08-21 05:55:31,867 [3c17af02-f769-4730-87e1-6a78a05442cb:group-ED3E36EC8233:LeaderElection18] INFO  server.RaftServerConfigKeys (ConfUtils.java:logGet(43)) - raft.server.log.appender.install.snapshot.enabled = false (custom)
2019-08-21 05:55:31,867 [3c17af02-f769-4730-87e1-6a78a05442cb:group-ED3E36EC8233:LeaderElection18] INFO  server.RaftServerConfigKeys (ConfUtils.java:logGet(43)) - raft.server.log.appender.snapshot.chunk.size.max = 16MB (=16777216) (default)
2019-08-21 05:55:31,867 [3c17af02-f769-4730-87e1-6a78a05442cb:group-ED3E36EC8233:LeaderElection18] INFO  server.RaftServerConfigKeys (ConfUtils.java:logGet(43)) - raft.server.log.appender.buffer.byte-limit = 33554432 (custom)
2019-08-21 05:55:31,867 [3c17af02-f769-4730-87e1-6a78a05442cb:group-ED3E36EC8233:LeaderElection18] INFO  server.RaftServerConfigKeys (ConfUtils.java:logGet(43)) - raft.server.log.appender.buffer.element-limit = 1 (custom)
2019-08-21 05:55:31,867 [3c17af02-f769-4730-87e1-6a78a05442cb:group-ED3E36EC8233:LeaderElection18] INFO  grpc.GrpcConfigKeys$Server (ConfUtils.java:logGet(43)) - raft.grpc.server.leader.outstanding.appends.max = 128 (default)
2019-08-21 05:55:31,868 [3c17af02-f769-4730-87e1-6a78a05442cb:group-ED3E36EC8233:LeaderElection18] INFO  server.RaftServerConfigKeys (ConfUtils.java:logGet(43)) - raft.server.rpc.request.timeout = 3000ms (default)
2019-08-21 05:55:31,868 [3c17af02-f769-4730-87e1-6a78a05442cb:group-ED3E36EC8233:LeaderElection18] INFO  server.RaftServerConfigKeys (ConfUtils.java:logGet(43)) - raft.server.log.appender.install.snapshot.enabled = false (custom)
2019-08-21 05:55:31,868 [3c17af02-f769-4730-87e1-6a78a05442cb:group-ED3E36EC8233:LeaderElection18] INFO  impl.RoleInfo (RoleInfo.java:updateAndGet(143)) - 3c17af02-f769-4730-87e1-6a78a05442cb: start LeaderState
2019-08-21 05:55:31,868 [3c17af02-f769-4730-87e1-6a78a05442cb:group-ED3E36EC8233:LeaderElection18] INFO  segmented.SegmentedRaftLogWorker (SegmentedRaftLogWorker.java:startLogSegment(380)) - 3c17af02-f769-4730-87e1-6a78a05442cb-SegmentedRaftLogWorker:Storage Directory /workdir/hadoop-ozone/integration-test/target/test-dir/MiniOzoneClusterImpl-6d1cdef1-941d-4f62-be26-b5ce02def95a/datanode-1/data/ratis/c87dbf4e-80e4-421e-a785-ed3e36ec8233: Starting segment from index:0
2019-08-21 05:55:31,894 [3c17af02-f769-4730-87e1-6a78a05442cb:group-ED3E36EC8233:LeaderElection18] INFO  impl.RaftServerImpl (ServerState.java:setRaftConf(361)) - 3c17af02-f769-4730-87e1-6a78a05442cb:group-ED3E36EC8233 set configuration 0: [f101476e-c990-429e-921c-5f445731959e:192.168.69.91:45055, 3c17af02-f769-4730-87e1-6a78a05442cb:192.168.69.91:45466, 625627db-20f6-4593-9222-21b617438b7f:192.168.69.91:38430], old=null at 0
2019-08-21 05:55:31,899 [grpc-default-executor-3] INFO  impl.RaftServerImpl (ServerState.java:setLeader(263)) - f101476e-c990-429e-921c-5f445731959e:group-ED3E36EC8233 change Leader from null to 3c17af02-f769-4730-87e1-6a78a05442cb at term 1 for appendEntries, leader elected after 5137ms
2019-08-21 05:55:31,900 [grpc-default-executor-0] INFO  impl.RaftServerImpl (ServerState.java:setLeader(263)) - 625627db-20f6-4593-9222-21b617438b7f:group-ED3E36EC8233 change Leader from null to 3c17af02-f769-4730-87e1-6a78a05442cb at term 1 for appendEntries, leader elected after 5138ms
2019-08-21 05:55:31,906 [grpc-default-executor-3] INFO  impl.RaftServerImpl (ServerState.java:setRaftConf(361)) - f101476e-c990-429e-921c-5f445731959e:group-ED3E36EC8233 set configuration 0: [f101476e-c990-429e-921c-5f445731959e:192.168.69.91:45055, 3c17af02-f769-4730-87e1-6a78a05442cb:192.168.69.91:45466, 625627db-20f6-4593-9222-21b617438b7f:192.168.69.91:38430], old=null at 0
2019-08-21 05:55:31,906 [grpc-default-executor-0] INFO  impl.RaftServerImpl (ServerState.java:setRaftConf(361)) - 625627db-20f6-4593-9222-21b617438b7f:group-ED3E36EC8233 set configuration 0: [f101476e-c990-429e-921c-5f445731959e:192.168.69.91:45055, 3c17af02-f769-4730-87e1-6a78a05442cb:192.168.69.91:45466, 625627db-20f6-4593-9222-21b617438b7f:192.168.69.91:38430], old=null at 0
2019-08-21 05:55:31,906 [grpc-default-executor-3] INFO  segmented.SegmentedRaftLogWorker (SegmentedRaftLogWorker.java:startLogSegment(380)) - f101476e-c990-429e-921c-5f445731959e-SegmentedRaftLogWorker:Storage Directory /workdir/hadoop-ozone/integration-test/target/test-dir/MiniOzoneClusterImpl-6d1cdef1-941d-4f62-be26-b5ce02def95a/datanode-0/data/ratis/c87dbf4e-80e4-421e-a785-ed3e36ec8233: Starting segment from index:0
2019-08-21 05:55:31,906 [grpc-default-executor-0] INFO  segmented.SegmentedRaftLogWorker (SegmentedRaftLogWorker.java:startLogSegment(380)) - 625627db-20f6-4593-9222-21b617438b7f-SegmentedRaftLogWorker:Storage Directory /workdir/hadoop-ozone/integration-test/target/test-dir/MiniOzoneClusterImpl-6d1cdef1-941d-4f62-be26-b5ce02def95a/datanode-2/data/ratis/c87dbf4e-80e4-421e-a785-ed3e36ec8233: Starting segment from index:0
2019-08-21 05:55:31,907 [3c17af02-f769-4730-87e1-6a78a05442cb-SegmentedRaftLogWorker:Storage Directory /workdir/hadoop-ozone/integration-test/target/test-dir/MiniOzoneClusterImpl-6d1cdef1-941d-4f62-be26-b5ce02def95a/datanode-1/data/ratis/c87dbf4e-80e4-421e-a785-ed3e36ec8233] INFO  segmented.SegmentedRaftLogWorker (SegmentedRaftLogWorker.java:execute(569)) - 3c17af02-f769-4730-87e1-6a78a05442cb-SegmentedRaftLogWorker:Storage Directory /workdir/hadoop-ozone/integration-test/target/test-dir/MiniOzoneClusterImpl-6d1cdef1-941d-4f62-be26-b5ce02def95a/datanode-1/data/ratis/c87dbf4e-80e4-421e-a785-ed3e36ec8233: created new log segment /workdir/hadoop-ozone/integration-test/target/test-dir/MiniOzoneClusterImpl-6d1cdef1-941d-4f62-be26-b5ce02def95a/datanode-1/data/ratis/c87dbf4e-80e4-421e-a785-ed3e36ec8233/current/log_inprogress_0
2019-08-21 05:55:31,948 [625627db-20f6-4593-9222-21b617438b7f-SegmentedRaftLogWorker:Storage Directory /workdir/hadoop-ozone/integration-test/target/test-dir/MiniOzoneClusterImpl-6d1cdef1-941d-4f62-be26-b5ce02def95a/datanode-2/data/ratis/c87dbf4e-80e4-421e-a785-ed3e36ec8233] INFO  segmented.SegmentedRaftLogWorker (SegmentedRaftLogWorker.java:execute(569)) - 625627db-20f6-4593-9222-21b617438b7f-SegmentedRaftLogWorker:Storage Directory /workdir/hadoop-ozone/integration-test/target/test-dir/MiniOzoneClusterImpl-6d1cdef1-941d-4f62-be26-b5ce02def95a/datanode-2/data/ratis/c87dbf4e-80e4-421e-a785-ed3e36ec8233: created new log segment /workdir/hadoop-ozone/integration-test/target/test-dir/MiniOzoneClusterImpl-6d1cdef1-941d-4f62-be26-b5ce02def95a/datanode-2/data/ratis/c87dbf4e-80e4-421e-a785-ed3e36ec8233/current/log_inprogress_0
2019-08-21 05:55:31,948 [f101476e-c990-429e-921c-5f445731959e-SegmentedRaftLogWorker:Storage Directory /workdir/hadoop-ozone/integration-test/target/test-dir/MiniOzoneClusterImpl-6d1cdef1-941d-4f62-be26-b5ce02def95a/datanode-0/data/ratis/c87dbf4e-80e4-421e-a785-ed3e36ec8233] INFO  segmented.SegmentedRaftLogWorker (SegmentedRaftLogWorker.java:execute(569)) - f101476e-c990-429e-921c-5f445731959e-SegmentedRaftLogWorker:Storage Directory /workdir/hadoop-ozone/integration-test/target/test-dir/MiniOzoneClusterImpl-6d1cdef1-941d-4f62-be26-b5ce02def95a/datanode-0/data/ratis/c87dbf4e-80e4-421e-a785-ed3e36ec8233: created new log segment /workdir/hadoop-ozone/integration-test/target/test-dir/MiniOzoneClusterImpl-6d1cdef1-941d-4f62-be26-b5ce02def95a/datanode-0/data/ratis/c87dbf4e-80e4-421e-a785-ed3e36ec8233/current/log_inprogress_0
2019-08-21 05:55:31,964 [Thread-727] INFO  impl.FollowerState (FollowerState.java:run(106)) - 4794a7d0-d8e2-4005-aaca-0a56e39fce16:group-1225463DE1A9 changes to CANDIDATE, lastRpcTime:5052, electionTimeout:5052ms
2019-08-21 05:55:31,965 [Thread-727] INFO  impl.RoleInfo (RoleInfo.java:shutdownFollowerState(121)) - 4794a7d0-d8e2-4005-aaca-0a56e39fce16: shutdown FollowerState
2019-08-21 05:55:31,965 [Thread-727] INFO  impl.RaftServerImpl (RaftServerImpl.java:setRole(171)) - 4794a7d0-d8e2-4005-aaca-0a56e39fce16:group-1225463DE1A9 changes role from FOLLOWER to CANDIDATE at term 0 for changeToCandidate
2019-08-21 05:55:31,965 [Thread-727] INFO  impl.RoleInfo (RoleInfo.java:updateAndGet(143)) - 4794a7d0-d8e2-4005-aaca-0a56e39fce16: start LeaderElection
2019-08-21 05:55:31,983 [4794a7d0-d8e2-4005-aaca-0a56e39fce16:group-1225463DE1A9:LeaderElection19] INFO  impl.LeaderElection (LeaderElection.java:askForVotes(181)) - 4794a7d0-d8e2-4005-aaca-0a56e39fce16:group-1225463DE1A9:LeaderElection19: begin an election at term 1 for -1: [4794a7d0-d8e2-4005-aaca-0a56e39fce16:192.168.69.91:33170], old=null
2019-08-21 05:55:31,983 [4794a7d0-d8e2-4005-aaca-0a56e39fce16:group-1225463DE1A9:LeaderElection19] INFO  impl.RoleInfo (RoleInfo.java:shutdownLeaderElection(134)) - 4794a7d0-d8e2-4005-aaca-0a56e39fce16: shutdown LeaderElection
2019-08-21 05:55:31,983 [4794a7d0-d8e2-4005-aaca-0a56e39fce16:group-1225463DE1A9:LeaderElection19] INFO  impl.RaftServerImpl (RaftServerImpl.java:setRole(171)) - 4794a7d0-d8e2-4005-aaca-0a56e39fce16:group-1225463DE1A9 changes role from CANDIDATE to LEADER at term 1 for changeToLeader
2019-08-21 05:55:31,983 [4794a7d0-d8e2-4005-aaca-0a56e39fce16:group-1225463DE1A9:LeaderElection19] INFO  impl.RaftServerImpl (ServerState.java:setLeader(263)) - 4794a7d0-d8e2-4005-aaca-0a56e39fce16:group-1225463DE1A9 change Leader from null to 4794a7d0-d8e2-4005-aaca-0a56e39fce16 at term 1 for becomeLeader, leader elected after 5076ms
2019-08-21 05:55:31,985 [4794a7d0-d8e2-4005-aaca-0a56e39fce16:group-1225463DE1A9:LeaderElection19] INFO  server.RaftServerConfigKeys (ConfUtils.java:logGet(43)) - raft.server.staging.catchup.gap = 1000 (default)
2019-08-21 05:55:31,986 [4794a7d0-d8e2-4005-aaca-0a56e39fce16:group-1225463DE1A9:LeaderElection19] INFO  server.RaftServerConfigKeys (ConfUtils.java:logGet(43)) - raft.server.rpc.sleep.time = 25ms (default)
2019-08-21 05:55:31,986 [4794a7d0-d8e2-4005-aaca-0a56e39fce16:group-1225463DE1A9:LeaderElection19] INFO  server.RaftServerConfigKeys (ConfUtils.java:logGet(43)) - raft.server.write.element-limit = 4096 (default)
2019-08-21 05:55:31,986 [4794a7d0-d8e2-4005-aaca-0a56e39fce16:group-1225463DE1A9:LeaderElection19] INFO  server.RaftServerConfigKeys (ConfUtils.java:logGet(43)) - raft.server.watch.timeout = 10s (default)
2019-08-21 05:55:31,986 [4794a7d0-d8e2-4005-aaca-0a56e39fce16:group-1225463DE1A9:LeaderElection19] INFO  server.RaftServerConfigKeys (ConfUtils.java:logGet(43)) - raft.server.watch.timeout.denomination = 1s (default)
2019-08-21 05:55:31,986 [4794a7d0-d8e2-4005-aaca-0a56e39fce16:group-1225463DE1A9:LeaderElection19] INFO  server.RaftServerConfigKeys (ConfUtils.java:logGet(43)) - raft.server.watch.element-limit = 65536 (default)
2019-08-21 05:55:31,987 [4794a7d0-d8e2-4005-aaca-0a56e39fce16:group-1225463DE1A9:LeaderElection19] INFO  impl.RoleInfo (RoleInfo.java:updateAndGet(143)) - 4794a7d0-d8e2-4005-aaca-0a56e39fce16: start LeaderState
2019-08-21 05:55:31,987 [4794a7d0-d8e2-4005-aaca-0a56e39fce16:group-1225463DE1A9:LeaderElection19] INFO  segmented.SegmentedRaftLogWorker (SegmentedRaftLogWorker.java:startLogSegment(380)) - 4794a7d0-d8e2-4005-aaca-0a56e39fce16-SegmentedRaftLogWorker:Storage Directory /workdir/hadoop-ozone/integration-test/target/test-dir/MiniOzoneClusterImpl-6d1cdef1-941d-4f62-be26-b5ce02def95a/datanode-3/data/ratis/d3778e86-0363-48c1-8c59-1225463de1a9: Starting segment from index:0
2019-08-21 05:55:31,987 [4794a7d0-d8e2-4005-aaca-0a56e39fce16:group-1225463DE1A9:LeaderElection19] INFO  impl.RaftServerImpl (ServerState.java:setRaftConf(361)) - 4794a7d0-d8e2-4005-aaca-0a56e39fce16:group-1225463DE1A9 set configuration 0: [4794a7d0-d8e2-4005-aaca-0a56e39fce16:192.168.69.91:33170], old=null at 0
2019-08-21 05:55:32,035 [4794a7d0-d8e2-4005-aaca-0a56e39fce16-SegmentedRaftLogWorker:Storage Directory /workdir/hadoop-ozone/integration-test/target/test-dir/MiniOzoneClusterImpl-6d1cdef1-941d-4f62-be26-b5ce02def95a/datanode-3/data/ratis/d3778e86-0363-48c1-8c59-1225463de1a9] INFO  segmented.SegmentedRaftLogWorker (SegmentedRaftLogWorker.java:execute(569)) - 4794a7d0-d8e2-4005-aaca-0a56e39fce16-SegmentedRaftLogWorker:Storage Directory /workdir/hadoop-ozone/integration-test/target/test-dir/MiniOzoneClusterImpl-6d1cdef1-941d-4f62-be26-b5ce02def95a/datanode-3/data/ratis/d3778e86-0363-48c1-8c59-1225463de1a9: created new log segment /workdir/hadoop-ozone/integration-test/target/test-dir/MiniOzoneClusterImpl-6d1cdef1-941d-4f62-be26-b5ce02def95a/datanode-3/data/ratis/d3778e86-0363-48c1-8c59-1225463de1a9/current/log_inprogress_0
2019-08-21 05:55:32,268 | INFO  | SCMAudit | user=jenkins1000 | ip=192.168.69.91 | op=SEND_HEARTBEAT {datanodeUUID=f101476e-c990-429e-921c-5f445731959e, command=[]} | ret=SUCCESS |  
2019-08-21 05:55:32,305 | INFO  | SCMAudit | user=jenkins1000 | ip=192.168.69.91 | op=SEND_HEARTBEAT {datanodeUUID=49ab72ed-ff76-4952-870c-a3cea42cdb24, command=[]} | ret=SUCCESS |  
2019-08-21 05:55:32,462 | INFO  | SCMAudit | user=jenkins1000 | ip=192.168.69.91 | op=SEND_HEARTBEAT {datanodeUUID=3c17af02-f769-4730-87e1-6a78a05442cb, command=[]} | ret=SUCCESS |  
2019-08-21 05:55:32,494 | INFO  | SCMAudit | user=jenkins1000 | ip=192.168.69.91 | op=SEND_HEARTBEAT {datanodeUUID=3fd580a5-fd1e-4f13-9f88-976f7db82376, command=[]} | ret=SUCCESS |  
2019-08-21 05:55:32,537 [Thread-730] INFO  impl.FollowerState (FollowerState.java:run(106)) - 49ab72ed-ff76-4952-870c-a3cea42cdb24:group-B57F720A831C changes to CANDIDATE, lastRpcTime:5178, electionTimeout:5178ms
2019-08-21 05:55:32,537 [Thread-730] INFO  impl.RoleInfo (RoleInfo.java:shutdownFollowerState(121)) - 49ab72ed-ff76-4952-870c-a3cea42cdb24: shutdown FollowerState
2019-08-21 05:55:32,537 [Thread-730] INFO  impl.RaftServerImpl (RaftServerImpl.java:setRole(171)) - 49ab72ed-ff76-4952-870c-a3cea42cdb24:group-B57F720A831C changes role from FOLLOWER to CANDIDATE at term 0 for changeToCandidate
2019-08-21 05:55:32,537 [Thread-730] INFO  impl.RoleInfo (RoleInfo.java:updateAndGet(143)) - 49ab72ed-ff76-4952-870c-a3cea42cdb24: start LeaderElection
2019-08-21 05:55:32,557 [49ab72ed-ff76-4952-870c-a3cea42cdb24:group-B57F720A831C:LeaderElection20] INFO  impl.LeaderElection (LeaderElection.java:askForVotes(181)) - 49ab72ed-ff76-4952-870c-a3cea42cdb24:group-B57F720A831C:LeaderElection20: begin an election at term 1 for -1: [49ab72ed-ff76-4952-870c-a3cea42cdb24:192.168.69.91:39854], old=null
2019-08-21 05:55:32,557 [49ab72ed-ff76-4952-870c-a3cea42cdb24:group-B57F720A831C:LeaderElection20] INFO  impl.RoleInfo (RoleInfo.java:shutdownLeaderElection(134)) - 49ab72ed-ff76-4952-870c-a3cea42cdb24: shutdown LeaderElection
2019-08-21 05:55:32,558 [49ab72ed-ff76-4952-870c-a3cea42cdb24:group-B57F720A831C:LeaderElection20] INFO  impl.RaftServerImpl (RaftServerImpl.java:setRole(171)) - 49ab72ed-ff76-4952-870c-a3cea42cdb24:group-B57F720A831C changes role from CANDIDATE to LEADER at term 1 for changeToLeader
2019-08-21 05:55:32,558 [49ab72ed-ff76-4952-870c-a3cea42cdb24:group-B57F720A831C:LeaderElection20] INFO  impl.RaftServerImpl (ServerState.java:setLeader(263)) - 49ab72ed-ff76-4952-870c-a3cea42cdb24:group-B57F720A831C change Leader from null to 49ab72ed-ff76-4952-870c-a3cea42cdb24 at term 1 for becomeLeader, leader elected after 5204ms
2019-08-21 05:55:32,560 [49ab72ed-ff76-4952-870c-a3cea42cdb24:group-B57F720A831C:LeaderElection20] INFO  server.RaftServerConfigKeys (ConfUtils.java:logGet(43)) - raft.server.staging.catchup.gap = 1000 (default)
2019-08-21 05:55:32,560 [49ab72ed-ff76-4952-870c-a3cea42cdb24:group-B57F720A831C:LeaderElection20] INFO  server.RaftServerConfigKeys (ConfUtils.java:logGet(43)) - raft.server.rpc.sleep.time = 25ms (default)
2019-08-21 05:55:32,560 [49ab72ed-ff76-4952-870c-a3cea42cdb24:group-B57F720A831C:LeaderElection20] INFO  server.RaftServerConfigKeys (ConfUtils.java:logGet(43)) - raft.server.write.element-limit = 4096 (default)
2019-08-21 05:55:32,561 [49ab72ed-ff76-4952-870c-a3cea42cdb24:group-B57F720A831C:LeaderElection20] INFO  server.RaftServerConfigKeys (ConfUtils.java:logGet(43)) - raft.server.watch.timeout = 10s (default)
2019-08-21 05:55:32,561 [49ab72ed-ff76-4952-870c-a3cea42cdb24:group-B57F720A831C:LeaderElection20] INFO  server.RaftServerConfigKeys (ConfUtils.java:logGet(43)) - raft.server.watch.timeout.denomination = 1s (default)
2019-08-21 05:55:32,561 [49ab72ed-ff76-4952-870c-a3cea42cdb24:group-B57F720A831C:LeaderElection20] INFO  server.RaftServerConfigKeys (ConfUtils.java:logGet(43)) - raft.server.watch.element-limit = 65536 (default)
2019-08-21 05:55:32,561 [49ab72ed-ff76-4952-870c-a3cea42cdb24:group-B57F720A831C:LeaderElection20] INFO  impl.RoleInfo (RoleInfo.java:updateAndGet(143)) - 49ab72ed-ff76-4952-870c-a3cea42cdb24: start LeaderState
2019-08-21 05:55:32,562 [49ab72ed-ff76-4952-870c-a3cea42cdb24:group-B57F720A831C:LeaderElection20] INFO  segmented.SegmentedRaftLogWorker (SegmentedRaftLogWorker.java:startLogSegment(380)) - 49ab72ed-ff76-4952-870c-a3cea42cdb24-SegmentedRaftLogWorker:Storage Directory /workdir/hadoop-ozone/integration-test/target/test-dir/MiniOzoneClusterImpl-6d1cdef1-941d-4f62-be26-b5ce02def95a/datanode-4/data/ratis/f1936397-36a5-4945-a6b6-b57f720a831c: Starting segment from index:0
2019-08-21 05:55:32,562 [49ab72ed-ff76-4952-870c-a3cea42cdb24:group-B57F720A831C:LeaderElection20] INFO  impl.RaftServerImpl (ServerState.java:setRaftConf(361)) - 49ab72ed-ff76-4952-870c-a3cea42cdb24:group-B57F720A831C set configuration 0: [49ab72ed-ff76-4952-870c-a3cea42cdb24:192.168.69.91:39854], old=null at 0
2019-08-21 05:55:32,615 [49ab72ed-ff76-4952-870c-a3cea42cdb24-SegmentedRaftLogWorker:Storage Directory /workdir/hadoop-ozone/integration-test/target/test-dir/MiniOzoneClusterImpl-6d1cdef1-941d-4f62-be26-b5ce02def95a/datanode-4/data/ratis/f1936397-36a5-4945-a6b6-b57f720a831c] INFO  segmented.SegmentedRaftLogWorker (SegmentedRaftLogWorker.java:execute(569)) - 49ab72ed-ff76-4952-870c-a3cea42cdb24-SegmentedRaftLogWorker:Storage Directory /workdir/hadoop-ozone/integration-test/target/test-dir/MiniOzoneClusterImpl-6d1cdef1-941d-4f62-be26-b5ce02def95a/datanode-4/data/ratis/f1936397-36a5-4945-a6b6-b57f720a831c: created new log segment /workdir/hadoop-ozone/integration-test/target/test-dir/MiniOzoneClusterImpl-6d1cdef1-941d-4f62-be26-b5ce02def95a/datanode-4/data/ratis/f1936397-36a5-4945-a6b6-b57f720a831c/current/log_inprogress_0
2019-08-21 05:55:32,625 [Thread-736] INFO  impl.FollowerState (FollowerState.java:run(106)) - 3fd580a5-fd1e-4f13-9f88-976f7db82376:group-1A6A2CF9E3BC changes to CANDIDATE, lastRpcTime:5013, electionTimeout:5013ms
2019-08-21 05:55:32,625 [Thread-736] INFO  impl.RoleInfo (RoleInfo.java:shutdownFollowerState(121)) - 3fd580a5-fd1e-4f13-9f88-976f7db82376: shutdown FollowerState
2019-08-21 05:55:32,625 [Thread-736] INFO  impl.RaftServerImpl (RaftServerImpl.java:setRole(171)) - 3fd580a5-fd1e-4f13-9f88-976f7db82376:group-1A6A2CF9E3BC changes role from FOLLOWER to CANDIDATE at term 0 for changeToCandidate
2019-08-21 05:55:32,625 [Thread-736] INFO  impl.RoleInfo (RoleInfo.java:updateAndGet(143)) - 3fd580a5-fd1e-4f13-9f88-976f7db82376: start LeaderElection
2019-08-21 05:55:32,647 [3fd580a5-fd1e-4f13-9f88-976f7db82376:group-1A6A2CF9E3BC:LeaderElection21] INFO  impl.LeaderElection (LeaderElection.java:askForVotes(181)) - 3fd580a5-fd1e-4f13-9f88-976f7db82376:group-1A6A2CF9E3BC:LeaderElection21: begin an election at term 1 for -1: [3fd580a5-fd1e-4f13-9f88-976f7db82376:192.168.69.91:44520, 49ab72ed-ff76-4952-870c-a3cea42cdb24:192.168.69.91:39854, 4794a7d0-d8e2-4005-aaca-0a56e39fce16:192.168.69.91:33170], old=null
2019-08-21 05:55:32,653 [grpc-default-executor-0] INFO  impl.RaftServerImpl (RaftServerImpl.java:setRole(171)) - 49ab72ed-ff76-4952-870c-a3cea42cdb24:group-1A6A2CF9E3BC changes role from FOLLOWER to FOLLOWER at term 1 for recognizeCandidate:3fd580a5-fd1e-4f13-9f88-976f7db82376
2019-08-21 05:55:32,653 [grpc-default-executor-3] INFO  impl.RaftServerImpl (RaftServerImpl.java:setRole(171)) - 4794a7d0-d8e2-4005-aaca-0a56e39fce16:group-1A6A2CF9E3BC changes role from FOLLOWER to FOLLOWER at term 1 for recognizeCandidate:3fd580a5-fd1e-4f13-9f88-976f7db82376
2019-08-21 05:55:32,654 [grpc-default-executor-0] INFO  impl.RoleInfo (RoleInfo.java:shutdownFollowerState(121)) - 49ab72ed-ff76-4952-870c-a3cea42cdb24: shutdown FollowerState
2019-08-21 05:55:32,654 [grpc-default-executor-3] INFO  impl.RoleInfo (RoleInfo.java:shutdownFollowerState(121)) - 4794a7d0-d8e2-4005-aaca-0a56e39fce16: shutdown FollowerState
2019-08-21 05:55:32,654 [Thread-740] INFO  impl.FollowerState (FollowerState.java:run(114)) - 49ab72ed-ff76-4952-870c-a3cea42cdb24: FollowerState was interrupted: java.lang.InterruptedException: sleep interrupted
2019-08-21 05:55:32,654 [grpc-default-executor-0] INFO  impl.RoleInfo (RoleInfo.java:updateAndGet(143)) - 49ab72ed-ff76-4952-870c-a3cea42cdb24: start FollowerState
2019-08-21 05:55:32,654 [Thread-741] INFO  impl.FollowerState (FollowerState.java:run(114)) - 4794a7d0-d8e2-4005-aaca-0a56e39fce16: FollowerState was interrupted: java.lang.InterruptedException: sleep interrupted
2019-08-21 05:55:32,654 [grpc-default-executor-3] INFO  impl.RoleInfo (RoleInfo.java:updateAndGet(143)) - 4794a7d0-d8e2-4005-aaca-0a56e39fce16: start FollowerState
2019-08-21 05:55:32,668 | INFO  | SCMAudit | user=jenkins1000 | ip=192.168.69.91 | op=SEND_HEARTBEAT {datanodeUUID=625627db-20f6-4593-9222-21b617438b7f, command=[]} | ret=SUCCESS |  
2019-08-21 05:55:32,668 | INFO  | SCMAudit | user=jenkins1000 | ip=192.168.69.91 | op=SEND_HEARTBEAT {datanodeUUID=046a392e-7484-4dfc-820d-faa08503447d, command=[]} | ret=SUCCESS |  
2019-08-21 05:55:32,676 [3fd580a5-fd1e-4f13-9f88-976f7db82376:group-1A6A2CF9E3BC:LeaderElection21] INFO  impl.LeaderElection (LeaderElection.java:logAndReturn(56)) - 3fd580a5-fd1e-4f13-9f88-976f7db82376:group-1A6A2CF9E3BC:LeaderElection21: Election PASSED; received 1 response(s) [3fd580a5-fd1e-4f13-9f88-976f7db82376<-4794a7d0-d8e2-4005-aaca-0a56e39fce16#0:OK-t1] and 0 exception(s); 3fd580a5-fd1e-4f13-9f88-976f7db82376:t1, leader=null, voted=3fd580a5-fd1e-4f13-9f88-976f7db82376, raftlog=3fd580a5-fd1e-4f13-9f88-976f7db82376-SegmentedRaftLog:OPENED:c-1,f-1,i0, conf=-1: [3fd580a5-fd1e-4f13-9f88-976f7db82376:192.168.69.91:44520, 49ab72ed-ff76-4952-870c-a3cea42cdb24:192.168.69.91:39854, 4794a7d0-d8e2-4005-aaca-0a56e39fce16:192.168.69.91:33170], old=null
2019-08-21 05:55:32,676 [3fd580a5-fd1e-4f13-9f88-976f7db82376:group-1A6A2CF9E3BC:LeaderElection21] INFO  impl.RoleInfo (RoleInfo.java:shutdownLeaderElection(134)) - 3fd580a5-fd1e-4f13-9f88-976f7db82376: shutdown LeaderElection
2019-08-21 05:55:32,678 [3fd580a5-fd1e-4f13-9f88-976f7db82376:group-1A6A2CF9E3BC:LeaderElection21] INFO  impl.RaftServerImpl (RaftServerImpl.java:setRole(171)) - 3fd580a5-fd1e-4f13-9f88-976f7db82376:group-1A6A2CF9E3BC changes role from CANDIDATE to LEADER at term 1 for changeToLeader
2019-08-21 05:55:32,678 [3fd580a5-fd1e-4f13-9f88-976f7db82376:group-1A6A2CF9E3BC:LeaderElection21] INFO  impl.RaftServerImpl (ServerState.java:setLeader(263)) - 3fd580a5-fd1e-4f13-9f88-976f7db82376:group-1A6A2CF9E3BC change Leader from null to 3fd580a5-fd1e-4f13-9f88-976f7db82376 at term 1 for becomeLeader, leader elected after 5075ms
2019-08-21 05:55:32,681 [3fd580a5-fd1e-4f13-9f88-976f7db82376:group-1A6A2CF9E3BC:LeaderElection21] INFO  server.RaftServerConfigKeys (ConfUtils.java:logGet(43)) - raft.server.staging.catchup.gap = 1000 (default)
2019-08-21 05:55:32,681 [3fd580a5-fd1e-4f13-9f88-976f7db82376:group-1A6A2CF9E3BC:LeaderElection21] INFO  server.RaftServerConfigKeys (ConfUtils.java:logGet(43)) - raft.server.rpc.sleep.time = 25ms (default)
2019-08-21 05:55:32,681 [3fd580a5-fd1e-4f13-9f88-976f7db82376:group-1A6A2CF9E3BC:LeaderElection21] INFO  server.RaftServerConfigKeys (ConfUtils.java:logGet(43)) - raft.server.write.element-limit = 4096 (default)
2019-08-21 05:55:32,681 [3fd580a5-fd1e-4f13-9f88-976f7db82376:group-1A6A2CF9E3BC:LeaderElection21] INFO  server.RaftServerConfigKeys (ConfUtils.java:logGet(43)) - raft.server.watch.timeout = 10s (default)
2019-08-21 05:55:32,682 [3fd580a5-fd1e-4f13-9f88-976f7db82376:group-1A6A2CF9E3BC:LeaderElection21] INFO  server.RaftServerConfigKeys (ConfUtils.java:logGet(43)) - raft.server.watch.timeout.denomination = 1s (default)
2019-08-21 05:55:32,682 [3fd580a5-fd1e-4f13-9f88-976f7db82376:group-1A6A2CF9E3BC:LeaderElection21] INFO  server.RaftServerConfigKeys (ConfUtils.java:logGet(43)) - raft.server.watch.element-limit = 65536 (default)
2019-08-21 05:55:32,682 [3fd580a5-fd1e-4f13-9f88-976f7db82376:group-1A6A2CF9E3BC:LeaderElection21] INFO  server.RaftServerConfigKeys (ConfUtils.java:logGet(43)) - raft.server.log.appender.snapshot.chunk.size.max = 16MB (=16777216) (default)
2019-08-21 05:55:32,682 [3fd580a5-fd1e-4f13-9f88-976f7db82376:group-1A6A2CF9E3BC:LeaderElection21] INFO  server.RaftServerConfigKeys (ConfUtils.java:logGet(43)) - raft.server.log.appender.buffer.byte-limit = 33554432 (custom)
2019-08-21 05:55:32,682 [3fd580a5-fd1e-4f13-9f88-976f7db82376:group-1A6A2CF9E3BC:LeaderElection21] INFO  server.RaftServerConfigKeys (ConfUtils.java:logGet(43)) - raft.server.log.appender.buffer.element-limit = 1 (custom)
2019-08-21 05:55:32,682 [3fd580a5-fd1e-4f13-9f88-976f7db82376:group-1A6A2CF9E3BC:LeaderElection21] INFO  grpc.GrpcConfigKeys$Server (ConfUtils.java:logGet(43)) - raft.grpc.server.leader.outstanding.appends.max = 128 (default)
2019-08-21 05:55:32,683 [3fd580a5-fd1e-4f13-9f88-976f7db82376:group-1A6A2CF9E3BC:LeaderElection21] INFO  server.RaftServerConfigKeys (ConfUtils.java:logGet(43)) - raft.server.rpc.request.timeout = 3000ms (default)
2019-08-21 05:55:32,683 [3fd580a5-fd1e-4f13-9f88-976f7db82376:group-1A6A2CF9E3BC:LeaderElection21] INFO  server.RaftServerConfigKeys (ConfUtils.java:logGet(43)) - raft.server.log.appender.install.snapshot.enabled = false (custom)
2019-08-21 05:55:32,683 [3fd580a5-fd1e-4f13-9f88-976f7db82376:group-1A6A2CF9E3BC:LeaderElection21] INFO  server.RaftServerConfigKeys (ConfUtils.java:logGet(43)) - raft.server.log.appender.snapshot.chunk.size.max = 16MB (=16777216) (default)
2019-08-21 05:55:32,683 [3fd580a5-fd1e-4f13-9f88-976f7db82376:group-1A6A2CF9E3BC:LeaderElection21] INFO  server.RaftServerConfigKeys (ConfUtils.java:logGet(43)) - raft.server.log.appender.buffer.byte-limit = 33554432 (custom)
2019-08-21 05:55:32,683 [3fd580a5-fd1e-4f13-9f88-976f7db82376:group-1A6A2CF9E3BC:LeaderElection21] INFO  server.RaftServerConfigKeys (ConfUtils.java:logGet(43)) - raft.server.log.appender.buffer.element-limit = 1 (custom)
2019-08-21 05:55:32,683 [3fd580a5-fd1e-4f13-9f88-976f7db82376:group-1A6A2CF9E3BC:LeaderElection21] INFO  grpc.GrpcConfigKeys$Server (ConfUtils.java:logGet(43)) - raft.grpc.server.leader.outstanding.appends.max = 128 (default)
2019-08-21 05:55:32,684 [3fd580a5-fd1e-4f13-9f88-976f7db82376:group-1A6A2CF9E3BC:LeaderElection21] INFO  server.RaftServerConfigKeys (ConfUtils.java:logGet(43)) - raft.server.rpc.request.timeout = 3000ms (default)
2019-08-21 05:55:32,684 [3fd580a5-fd1e-4f13-9f88-976f7db82376:group-1A6A2CF9E3BC:LeaderElection21] INFO  server.RaftServerConfigKeys (ConfUtils.java:logGet(43)) - raft.server.log.appender.install.snapshot.enabled = false (custom)
2019-08-21 05:55:32,684 [3fd580a5-fd1e-4f13-9f88-976f7db82376:group-1A6A2CF9E3BC:LeaderElection21] INFO  impl.RoleInfo (RoleInfo.java:updateAndGet(143)) - 3fd580a5-fd1e-4f13-9f88-976f7db82376: start LeaderState
2019-08-21 05:55:32,684 [3fd580a5-fd1e-4f13-9f88-976f7db82376:group-1A6A2CF9E3BC:LeaderElection21] INFO  segmented.SegmentedRaftLogWorker (SegmentedRaftLogWorker.java:startLogSegment(380)) - 3fd580a5-fd1e-4f13-9f88-976f7db82376-SegmentedRaftLogWorker:Storage Directory /workdir/hadoop-ozone/integration-test/target/test-dir/MiniOzoneClusterImpl-6d1cdef1-941d-4f62-be26-b5ce02def95a/datanode-5/data/ratis/7b55242b-6236-4c3e-ba2d-1a6a2cf9e3bc: Starting segment from index:0
2019-08-21 05:55:32,685 [3fd580a5-fd1e-4f13-9f88-976f7db82376:group-1A6A2CF9E3BC:LeaderElection21] INFO  impl.RaftServerImpl (ServerState.java:setRaftConf(361)) - 3fd580a5-fd1e-4f13-9f88-976f7db82376:group-1A6A2CF9E3BC set configuration 0: [3fd580a5-fd1e-4f13-9f88-976f7db82376:192.168.69.91:44520, 49ab72ed-ff76-4952-870c-a3cea42cdb24:192.168.69.91:39854, 4794a7d0-d8e2-4005-aaca-0a56e39fce16:192.168.69.91:33170], old=null at 0
2019-08-21 05:55:32,721 [Thread-733] INFO  impl.FollowerState (FollowerState.java:run(106)) - 3fd580a5-fd1e-4f13-9f88-976f7db82376:group-8D5744D995C9 changes to CANDIDATE, lastRpcTime:5171, electionTimeout:5139ms
2019-08-21 05:55:32,721 [Thread-733] INFO  impl.RoleInfo (RoleInfo.java:shutdownFollowerState(121)) - 3fd580a5-fd1e-4f13-9f88-976f7db82376: shutdown FollowerState
2019-08-21 05:55:32,721 [Thread-733] INFO  impl.RaftServerImpl (RaftServerImpl.java:setRole(171)) - 3fd580a5-fd1e-4f13-9f88-976f7db82376:group-8D5744D995C9 changes role from FOLLOWER to CANDIDATE at term 0 for changeToCandidate
2019-08-21 05:55:32,722 [Thread-733] INFO  impl.RoleInfo (RoleInfo.java:updateAndGet(143)) - 3fd580a5-fd1e-4f13-9f88-976f7db82376: start LeaderElection
2019-08-21 05:55:32,732 [grpc-default-executor-0] INFO  impl.RaftServerImpl (ServerState.java:setLeader(263)) - 4794a7d0-d8e2-4005-aaca-0a56e39fce16:group-1A6A2CF9E3BC change Leader from null to 3fd580a5-fd1e-4f13-9f88-976f7db82376 at term 1 for appendEntries, leader elected after 5128ms
2019-08-21 05:55:32,732 [grpc-default-executor-3] INFO  impl.RaftServerImpl (ServerState.java:setLeader(263)) - 49ab72ed-ff76-4952-870c-a3cea42cdb24:group-1A6A2CF9E3BC change Leader from null to 3fd580a5-fd1e-4f13-9f88-976f7db82376 at term 1 for appendEntries, leader elected after 5128ms
2019-08-21 05:55:32,734 [3fd580a5-fd1e-4f13-9f88-976f7db82376-SegmentedRaftLogWorker:Storage Directory /workdir/hadoop-ozone/integration-test/target/test-dir/MiniOzoneClusterImpl-6d1cdef1-941d-4f62-be26-b5ce02def95a/datanode-5/data/ratis/7b55242b-6236-4c3e-ba2d-1a6a2cf9e3bc] INFO  segmented.SegmentedRaftLogWorker (SegmentedRaftLogWorker.java:execute(569)) - 3fd580a5-fd1e-4f13-9f88-976f7db82376-SegmentedRaftLogWorker:Storage Directory /workdir/hadoop-ozone/integration-test/target/test-dir/MiniOzoneClusterImpl-6d1cdef1-941d-4f62-be26-b5ce02def95a/datanode-5/data/ratis/7b55242b-6236-4c3e-ba2d-1a6a2cf9e3bc: created new log segment /workdir/hadoop-ozone/integration-test/target/test-dir/MiniOzoneClusterImpl-6d1cdef1-941d-4f62-be26-b5ce02def95a/datanode-5/data/ratis/7b55242b-6236-4c3e-ba2d-1a6a2cf9e3bc/current/log_inprogress_0
2019-08-21 05:55:32,734 [3fd580a5-fd1e-4f13-9f88-976f7db82376:group-8D5744D995C9:LeaderElection22] INFO  impl.LeaderElection (LeaderElection.java:askForVotes(181)) - 3fd580a5-fd1e-4f13-9f88-976f7db82376:group-8D5744D995C9:LeaderElection22: begin an election at term 1 for -1: [3fd580a5-fd1e-4f13-9f88-976f7db82376:192.168.69.91:44520], old=null
2019-08-21 05:55:32,734 [3fd580a5-fd1e-4f13-9f88-976f7db82376:group-8D5744D995C9:LeaderElection22] INFO  impl.RoleInfo (RoleInfo.java:shutdownLeaderElection(134)) - 3fd580a5-fd1e-4f13-9f88-976f7db82376: shutdown LeaderElection
2019-08-21 05:55:32,734 [grpc-default-executor-3] INFO  impl.RaftServerImpl (ServerState.java:setRaftConf(361)) - 4794a7d0-d8e2-4005-aaca-0a56e39fce16:group-1A6A2CF9E3BC set configuration 0: [3fd580a5-fd1e-4f13-9f88-976f7db82376:192.168.69.91:44520, 49ab72ed-ff76-4952-870c-a3cea42cdb24:192.168.69.91:39854, 4794a7d0-d8e2-4005-aaca-0a56e39fce16:192.168.69.91:33170], old=null at 0
2019-08-21 05:55:32,735 [3fd580a5-fd1e-4f13-9f88-976f7db82376:group-8D5744D995C9:LeaderElection22] INFO  impl.RaftServerImpl (RaftServerImpl.java:setRole(171)) - 3fd580a5-fd1e-4f13-9f88-976f7db82376:group-8D5744D995C9 changes role from CANDIDATE to LEADER at term 1 for changeToLeader
2019-08-21 05:55:32,735 [grpc-default-executor-0] INFO  impl.RaftServerImpl (ServerState.java:setRaftConf(361)) - 49ab72ed-ff76-4952-870c-a3cea42cdb24:group-1A6A2CF9E3BC set configuration 0: [3fd580a5-fd1e-4f13-9f88-976f7db82376:192.168.69.91:44520, 49ab72ed-ff76-4952-870c-a3cea42cdb24:192.168.69.91:39854, 4794a7d0-d8e2-4005-aaca-0a56e39fce16:192.168.69.91:33170], old=null at 0
2019-08-21 05:55:32,735 [grpc-default-executor-3] INFO  segmented.SegmentedRaftLogWorker (SegmentedRaftLogWorker.java:startLogSegment(380)) - 4794a7d0-d8e2-4005-aaca-0a56e39fce16-SegmentedRaftLogWorker:Storage Directory /workdir/hadoop-ozone/integration-test/target/test-dir/MiniOzoneClusterImpl-6d1cdef1-941d-4f62-be26-b5ce02def95a/datanode-3/data/ratis/7b55242b-6236-4c3e-ba2d-1a6a2cf9e3bc: Starting segment from index:0
2019-08-21 05:55:32,735 [grpc-default-executor-0] INFO  segmented.SegmentedRaftLogWorker (SegmentedRaftLogWorker.java:startLogSegment(380)) - 49ab72ed-ff76-4952-870c-a3cea42cdb24-SegmentedRaftLogWorker:Storage Directory /workdir/hadoop-ozone/integration-test/target/test-dir/MiniOzoneClusterImpl-6d1cdef1-941d-4f62-be26-b5ce02def95a/datanode-4/data/ratis/7b55242b-6236-4c3e-ba2d-1a6a2cf9e3bc: Starting segment from index:0
2019-08-21 05:55:32,735 [3fd580a5-fd1e-4f13-9f88-976f7db82376:group-8D5744D995C9:LeaderElection22] INFO  impl.RaftServerImpl (ServerState.java:setLeader(263)) - 3fd580a5-fd1e-4f13-9f88-976f7db82376:group-8D5744D995C9 change Leader from null to 3fd580a5-fd1e-4f13-9f88-976f7db82376 at term 1 for becomeLeader, leader elected after 5189ms
2019-08-21 05:55:32,736 [3fd580a5-fd1e-4f13-9f88-976f7db82376:group-8D5744D995C9:LeaderElection22] INFO  server.RaftServerConfigKeys (ConfUtils.java:logGet(43)) - raft.server.staging.catchup.gap = 1000 (default)
2019-08-21 05:55:32,736 [3fd580a5-fd1e-4f13-9f88-976f7db82376:group-8D5744D995C9:LeaderElection22] INFO  server.RaftServerConfigKeys (ConfUtils.java:logGet(43)) - raft.server.rpc.sleep.time = 25ms (default)
2019-08-21 05:55:32,736 [3fd580a5-fd1e-4f13-9f88-976f7db82376:group-8D5744D995C9:LeaderElection22] INFO  server.RaftServerConfigKeys (ConfUtils.java:logGet(43)) - raft.server.write.element-limit = 4096 (default)
2019-08-21 05:55:32,737 [3fd580a5-fd1e-4f13-9f88-976f7db82376:group-8D5744D995C9:LeaderElection22] INFO  server.RaftServerConfigKeys (ConfUtils.java:logGet(43)) - raft.server.watch.timeout = 10s (default)
2019-08-21 05:55:32,737 [3fd580a5-fd1e-4f13-9f88-976f7db82376:group-8D5744D995C9:LeaderElection22] INFO  server.RaftServerConfigKeys (ConfUtils.java:logGet(43)) - raft.server.watch.timeout.denomination = 1s (default)
2019-08-21 05:55:32,737 [3fd580a5-fd1e-4f13-9f88-976f7db82376:group-8D5744D995C9:LeaderElection22] INFO  server.RaftServerConfigKeys (ConfUtils.java:logGet(43)) - raft.server.watch.element-limit = 65536 (default)
2019-08-21 05:55:32,737 [3fd580a5-fd1e-4f13-9f88-976f7db82376:group-8D5744D995C9:LeaderElection22] INFO  impl.RoleInfo (RoleInfo.java:updateAndGet(143)) - 3fd580a5-fd1e-4f13-9f88-976f7db82376: start LeaderState
2019-08-21 05:55:32,737 [3fd580a5-fd1e-4f13-9f88-976f7db82376:group-8D5744D995C9:LeaderElection22] INFO  segmented.SegmentedRaftLogWorker (SegmentedRaftLogWorker.java:startLogSegment(380)) - 3fd580a5-fd1e-4f13-9f88-976f7db82376-SegmentedRaftLogWorker:Storage Directory /workdir/hadoop-ozone/integration-test/target/test-dir/MiniOzoneClusterImpl-6d1cdef1-941d-4f62-be26-b5ce02def95a/datanode-5/data/ratis/e4b2a0e7-40d7-4f5e-9228-8d5744d995c9: Starting segment from index:0
2019-08-21 05:55:32,738 [3fd580a5-fd1e-4f13-9f88-976f7db82376:group-8D5744D995C9:LeaderElection22] INFO  impl.RaftServerImpl (ServerState.java:setRaftConf(361)) - 3fd580a5-fd1e-4f13-9f88-976f7db82376:group-8D5744D995C9 set configuration 0: [3fd580a5-fd1e-4f13-9f88-976f7db82376:192.168.69.91:44520], old=null at 0
2019-08-21 05:55:32,786 [3fd580a5-fd1e-4f13-9f88-976f7db82376-SegmentedRaftLogWorker:Storage Directory /workdir/hadoop-ozone/integration-test/target/test-dir/MiniOzoneClusterImpl-6d1cdef1-941d-4f62-be26-b5ce02def95a/datanode-5/data/ratis/e4b2a0e7-40d7-4f5e-9228-8d5744d995c9] INFO  segmented.SegmentedRaftLogWorker (SegmentedRaftLogWorker.java:execute(569)) - 3fd580a5-fd1e-4f13-9f88-976f7db82376-SegmentedRaftLogWorker:Storage Directory /workdir/hadoop-ozone/integration-test/target/test-dir/MiniOzoneClusterImpl-6d1cdef1-941d-4f62-be26-b5ce02def95a/datanode-5/data/ratis/e4b2a0e7-40d7-4f5e-9228-8d5744d995c9: created new log segment /workdir/hadoop-ozone/integration-test/target/test-dir/MiniOzoneClusterImpl-6d1cdef1-941d-4f62-be26-b5ce02def95a/datanode-5/data/ratis/e4b2a0e7-40d7-4f5e-9228-8d5744d995c9/current/log_inprogress_0
2019-08-21 05:55:32,786 [49ab72ed-ff76-4952-870c-a3cea42cdb24-SegmentedRaftLogWorker:Storage Directory /workdir/hadoop-ozone/integration-test/target/test-dir/MiniOzoneClusterImpl-6d1cdef1-941d-4f62-be26-b5ce02def95a/datanode-4/data/ratis/7b55242b-6236-4c3e-ba2d-1a6a2cf9e3bc] INFO  segmented.SegmentedRaftLogWorker (SegmentedRaftLogWorker.java:execute(569)) - 49ab72ed-ff76-4952-870c-a3cea42cdb24-SegmentedRaftLogWorker:Storage Directory /workdir/hadoop-ozone/integration-test/target/test-dir/MiniOzoneClusterImpl-6d1cdef1-941d-4f62-be26-b5ce02def95a/datanode-4/data/ratis/7b55242b-6236-4c3e-ba2d-1a6a2cf9e3bc: created new log segment /workdir/hadoop-ozone/integration-test/target/test-dir/MiniOzoneClusterImpl-6d1cdef1-941d-4f62-be26-b5ce02def95a/datanode-4/data/ratis/7b55242b-6236-4c3e-ba2d-1a6a2cf9e3bc/current/log_inprogress_0
2019-08-21 05:55:32,786 [4794a7d0-d8e2-4005-aaca-0a56e39fce16-SegmentedRaftLogWorker:Storage Directory /workdir/hadoop-ozone/integration-test/target/test-dir/MiniOzoneClusterImpl-6d1cdef1-941d-4f62-be26-b5ce02def95a/datanode-3/data/ratis/7b55242b-6236-4c3e-ba2d-1a6a2cf9e3bc] INFO  segmented.SegmentedRaftLogWorker (SegmentedRaftLogWorker.java:execute(569)) - 4794a7d0-d8e2-4005-aaca-0a56e39fce16-SegmentedRaftLogWorker:Storage Directory /workdir/hadoop-ozone/integration-test/target/test-dir/MiniOzoneClusterImpl-6d1cdef1-941d-4f62-be26-b5ce02def95a/datanode-3/data/ratis/7b55242b-6236-4c3e-ba2d-1a6a2cf9e3bc: created new log segment /workdir/hadoop-ozone/integration-test/target/test-dir/MiniOzoneClusterImpl-6d1cdef1-941d-4f62-be26-b5ce02def95a/datanode-3/data/ratis/7b55242b-6236-4c3e-ba2d-1a6a2cf9e3bc/current/log_inprogress_0
2019-08-21 05:55:32,850 [grpc-default-executor-3] INFO  client.GrpcClientProtocolClient (GrpcClientProtocolClient.java:onNext(255)) - client-5E3AA808964E->625627db-20f6-4593-9222-21b617438b7f: receive RaftClientReply:client-5E3AA808964E->625627db-20f6-4593-9222-21b617438b7f@group-ED3E36EC8233, cid=42, FAILED org.apache.ratis.protocol.NotLeaderException: Server 625627db-20f6-4593-9222-21b617438b7f is not the leader (3c17af02-f769-4730-87e1-6a78a05442cb:192.168.69.91:45466). Request must be sent to leader., logIndex=0, commits[625627db-20f6-4593-9222-21b617438b7f:c-1, f101476e-c990-429e-921c-5f445731959e:c-1, 3c17af02-f769-4730-87e1-6a78a05442cb:c-1]
2019-08-21 05:55:32,862 | INFO  | SCMAudit | user=jenkins1000 | ip=192.168.69.91 | op=SEND_HEARTBEAT {datanodeUUID=4794a7d0-d8e2-4005-aaca-0a56e39fce16, command=[]} | ret=SUCCESS |  
2019-08-21 05:55:32,874 [Thread-745] INFO  impl.FollowerState (FollowerState.java:run(106)) - 046a392e-7484-4dfc-820d-faa08503447d:group-1BB0DCD3BD71 changes to CANDIDATE, lastRpcTime:5158, electionTimeout:5158ms
2019-08-21 05:55:32,874 [Thread-745] INFO  impl.RoleInfo (RoleInfo.java:shutdownFollowerState(121)) - 046a392e-7484-4dfc-820d-faa08503447d: shutdown FollowerState
2019-08-21 05:55:32,874 [Thread-745] INFO  impl.RaftServerImpl (RaftServerImpl.java:setRole(171)) - 046a392e-7484-4dfc-820d-faa08503447d:group-1BB0DCD3BD71 changes role from FOLLOWER to CANDIDATE at term 0 for changeToCandidate
2019-08-21 05:55:32,875 [Thread-745] INFO  impl.RoleInfo (RoleInfo.java:updateAndGet(143)) - 046a392e-7484-4dfc-820d-faa08503447d: start LeaderElection
2019-08-21 05:55:32,906 [046a392e-7484-4dfc-820d-faa08503447d:group-1BB0DCD3BD71:LeaderElection23] INFO  impl.LeaderElection (LeaderElection.java:askForVotes(181)) - 046a392e-7484-4dfc-820d-faa08503447d:group-1BB0DCD3BD71:LeaderElection23: begin an election at term 1 for -1: [046a392e-7484-4dfc-820d-faa08503447d:192.168.69.91:45575], old=null
2019-08-21 05:55:32,907 [046a392e-7484-4dfc-820d-faa08503447d:group-1BB0DCD3BD71:LeaderElection23] INFO  impl.RoleInfo (RoleInfo.java:shutdownLeaderElection(134)) - 046a392e-7484-4dfc-820d-faa08503447d: shutdown LeaderElection
2019-08-21 05:55:32,907 [046a392e-7484-4dfc-820d-faa08503447d:group-1BB0DCD3BD71:LeaderElection23] INFO  impl.RaftServerImpl (RaftServerImpl.java:setRole(171)) - 046a392e-7484-4dfc-820d-faa08503447d:group-1BB0DCD3BD71 changes role from CANDIDATE to LEADER at term 1 for changeToLeader
2019-08-21 05:55:32,907 [046a392e-7484-4dfc-820d-faa08503447d:group-1BB0DCD3BD71:LeaderElection23] INFO  impl.RaftServerImpl (ServerState.java:setLeader(263)) - 046a392e-7484-4dfc-820d-faa08503447d:group-1BB0DCD3BD71 change Leader from null to 046a392e-7484-4dfc-820d-faa08503447d at term 1 for becomeLeader, leader elected after 5195ms
2019-08-21 05:55:32,918 [046a392e-7484-4dfc-820d-faa08503447d:group-1BB0DCD3BD71:LeaderElection23] INFO  server.RaftServerConfigKeys (ConfUtils.java:logGet(43)) - raft.server.staging.catchup.gap = 1000 (default)
2019-08-21 05:55:32,918 [046a392e-7484-4dfc-820d-faa08503447d:group-1BB0DCD3BD71:LeaderElection23] INFO  server.RaftServerConfigKeys (ConfUtils.java:logGet(43)) - raft.server.rpc.sleep.time = 25ms (default)
2019-08-21 05:55:32,918 [046a392e-7484-4dfc-820d-faa08503447d:group-1BB0DCD3BD71:LeaderElection23] INFO  server.RaftServerConfigKeys (ConfUtils.java:logGet(43)) - raft.server.write.element-limit = 4096 (default)
2019-08-21 05:55:32,919 [046a392e-7484-4dfc-820d-faa08503447d:group-1BB0DCD3BD71:LeaderElection23] INFO  server.RaftServerConfigKeys (ConfUtils.java:logGet(43)) - raft.server.watch.timeout = 10s (default)
2019-08-21 05:55:32,919 [046a392e-7484-4dfc-820d-faa08503447d:group-1BB0DCD3BD71:LeaderElection23] INFO  server.RaftServerConfigKeys (ConfUtils.java:logGet(43)) - raft.server.watch.timeout.denomination = 1s (default)
2019-08-21 05:55:32,919 [046a392e-7484-4dfc-820d-faa08503447d:group-1BB0DCD3BD71:LeaderElection23] INFO  server.RaftServerConfigKeys (ConfUtils.java:logGet(43)) - raft.server.watch.element-limit = 65536 (default)
2019-08-21 05:55:32,919 [046a392e-7484-4dfc-820d-faa08503447d:group-1BB0DCD3BD71:LeaderElection23] INFO  impl.RoleInfo (RoleInfo.java:updateAndGet(143)) - 046a392e-7484-4dfc-820d-faa08503447d: start LeaderState
2019-08-21 05:55:32,919 [046a392e-7484-4dfc-820d-faa08503447d:group-1BB0DCD3BD71:LeaderElection23] INFO  segmented.SegmentedRaftLogWorker (SegmentedRaftLogWorker.java:startLogSegment(380)) - 046a392e-7484-4dfc-820d-faa08503447d-SegmentedRaftLogWorker:Storage Directory /workdir/hadoop-ozone/integration-test/target/test-dir/MiniOzoneClusterImpl-6d1cdef1-941d-4f62-be26-b5ce02def95a/datanode-6/data/ratis/5924a5a4-796c-42e8-9afe-1bb0dcd3bd71: Starting segment from index:0
2019-08-21 05:55:32,920 [046a392e-7484-4dfc-820d-faa08503447d:group-1BB0DCD3BD71:LeaderElection23] INFO  impl.RaftServerImpl (ServerState.java:setRaftConf(361)) - 046a392e-7484-4dfc-820d-faa08503447d:group-1BB0DCD3BD71 set configuration 0: [046a392e-7484-4dfc-820d-faa08503447d:192.168.69.91:45575], old=null at 0
2019-08-21 05:55:32,984 [046a392e-7484-4dfc-820d-faa08503447d-SegmentedRaftLogWorker:Storage Directory /workdir/hadoop-ozone/integration-test/target/test-dir/MiniOzoneClusterImpl-6d1cdef1-941d-4f62-be26-b5ce02def95a/datanode-6/data/ratis/5924a5a4-796c-42e8-9afe-1bb0dcd3bd71] INFO  segmented.SegmentedRaftLogWorker (SegmentedRaftLogWorker.java:execute(569)) - 046a392e-7484-4dfc-820d-faa08503447d-SegmentedRaftLogWorker:Storage Directory /workdir/hadoop-ozone/integration-test/target/test-dir/MiniOzoneClusterImpl-6d1cdef1-941d-4f62-be26-b5ce02def95a/datanode-6/data/ratis/5924a5a4-796c-42e8-9afe-1bb0dcd3bd71: created new log segment /workdir/hadoop-ozone/integration-test/target/test-dir/MiniOzoneClusterImpl-6d1cdef1-941d-4f62-be26-b5ce02def95a/datanode-6/data/ratis/5924a5a4-796c-42e8-9afe-1bb0dcd3bd71/current/log_inprogress_0
2019-08-21 05:55:32,990 | INFO  | DNAudit | user=null | ip=null | op=CREATE_CONTAINER {containerID=1, containerType=KeyValueContainer} | ret=SUCCESS |  
2019-08-21 05:55:32,999 | INFO  | SCMAudit | user=jenkins1000 | ip=192.168.69.91 | op=SEND_HEARTBEAT {datanodeUUID=3c17af02-f769-4730-87e1-6a78a05442cb, command=[]} | ret=SUCCESS |  
2019-08-21 05:55:33,000 [grpc-default-executor-0] INFO  client.GrpcClientProtocolClient (GrpcClientProtocolClient.java:onNext(255)) - client-5E3AA808964E->3c17af02-f769-4730-87e1-6a78a05442cb: receive RaftClientReply:client-5E3AA808964E->3c17af02-f769-4730-87e1-6a78a05442cb@group-ED3E36EC8233, cid=42, SUCCESS, logIndex=1, commits[3c17af02-f769-4730-87e1-6a78a05442cb:c2, f101476e-c990-429e-921c-5f445731959e:c1, 625627db-20f6-4593-9222-21b617438b7f:c1]
2019-08-21 05:55:33,012 | INFO  | DNAudit | user=null | ip=null | op=CREATE_CONTAINER {containerID=1, containerType=KeyValueContainer} | ret=SUCCESS |  
2019-08-21 05:55:33,012 | INFO  | DNAudit | user=null | ip=null | op=CREATE_CONTAINER {containerID=1, containerType=KeyValueContainer} | ret=SUCCESS |  
2019-08-21 05:55:33,015 | INFO  | SCMAudit | user=jenkins1000 | ip=192.168.69.91 | op=SEND_HEARTBEAT {datanodeUUID=625627db-20f6-4593-9222-21b617438b7f, command=[]} | ret=SUCCESS |  
2019-08-21 05:55:33,016 | INFO  | SCMAudit | user=jenkins1000 | ip=192.168.69.91 | op=SEND_HEARTBEAT {datanodeUUID=f101476e-c990-429e-921c-5f445731959e, command=[]} | ret=SUCCESS |  
2019-08-21 05:55:33,101 | INFO  | DNAudit | user=null | ip=null | op=CREATE_CONTAINER {containerID=2, containerType=KeyValueContainer} | ret=SUCCESS |  
2019-08-21 05:55:33,108 [grpc-default-executor-0] INFO  client.GrpcClientProtocolClient (GrpcClientProtocolClient.java:onNext(255)) - client-5E3AA808964E->3c17af02-f769-4730-87e1-6a78a05442cb: receive RaftClientReply:client-5E3AA808964E->3c17af02-f769-4730-87e1-6a78a05442cb@group-ED3E36EC8233, cid=43, SUCCESS, logIndex=3, commits[3c17af02-f769-4730-87e1-6a78a05442cb:c4, f101476e-c990-429e-921c-5f445731959e:c3, 625627db-20f6-4593-9222-21b617438b7f:c3]
2019-08-21 05:55:33,108 | INFO  | SCMAudit | user=jenkins1000 | ip=192.168.69.91 | op=SEND_HEARTBEAT {datanodeUUID=3c17af02-f769-4730-87e1-6a78a05442cb, command=[]} | ret=SUCCESS |  
2019-08-21 05:55:33,124 | INFO  | DNAudit | user=null | ip=null | op=CREATE_CONTAINER {containerID=2, containerType=KeyValueContainer} | ret=SUCCESS |  
2019-08-21 05:55:33,124 | INFO  | DNAudit | user=null | ip=null | op=CREATE_CONTAINER {containerID=2, containerType=KeyValueContainer} | ret=SUCCESS |  
2019-08-21 05:55:33,128 | INFO  | SCMAudit | user=jenkins1000 | ip=192.168.69.91 | op=SEND_HEARTBEAT {datanodeUUID=625627db-20f6-4593-9222-21b617438b7f, command=[]} | ret=SUCCESS |  
2019-08-21 05:55:33,128 | INFO  | SCMAudit | user=jenkins1000 | ip=192.168.69.91 | op=SEND_HEARTBEAT {datanodeUUID=f101476e-c990-429e-921c-5f445731959e, command=[]} | ret=SUCCESS |  
2019-08-21 05:55:33,207 | INFO  | DNAudit | user=null | ip=null | op=CREATE_CONTAINER {containerID=3, containerType=KeyValueContainer} | ret=SUCCESS |  
2019-08-21 05:55:33,208 | INFO  | SCMAudit | user=jenkins1000 | ip=192.168.69.91 | op=SEND_HEARTBEAT {datanodeUUID=3c17af02-f769-4730-87e1-6a78a05442cb, command=[]} | ret=SUCCESS |  
2019-08-21 05:55:33,209 [grpc-default-executor-0] INFO  client.GrpcClientProtocolClient (GrpcClientProtocolClient.java:onNext(255)) - client-5E3AA808964E->3c17af02-f769-4730-87e1-6a78a05442cb: receive RaftClientReply:client-5E3AA808964E->3c17af02-f769-4730-87e1-6a78a05442cb@group-ED3E36EC8233, cid=44, SUCCESS, logIndex=5, commits[3c17af02-f769-4730-87e1-6a78a05442cb:c6, f101476e-c990-429e-921c-5f445731959e:c5, 625627db-20f6-4593-9222-21b617438b7f:c5]
2019-08-21 05:55:33,225 | INFO  | DNAudit | user=null | ip=null | op=CREATE_CONTAINER {containerID=3, containerType=KeyValueContainer} | ret=SUCCESS |  
2019-08-21 05:55:33,225 | INFO  | DNAudit | user=null | ip=null | op=CREATE_CONTAINER {containerID=3, containerType=KeyValueContainer} | ret=SUCCESS |  
2019-08-21 05:55:33,226 | INFO  | SCMAudit | user=jenkins1000 | ip=192.168.69.91 | op=SEND_HEARTBEAT {datanodeUUID=625627db-20f6-4593-9222-21b617438b7f, command=[]} | ret=SUCCESS |  
2019-08-21 05:55:33,226 | INFO  | SCMAudit | user=jenkins1000 | ip=192.168.69.91 | op=SEND_HEARTBEAT {datanodeUUID=f101476e-c990-429e-921c-5f445731959e, command=[]} | ret=SUCCESS |  
2019-08-21 05:55:33,305 | INFO  | SCMAudit | user=jenkins1000 | ip=192.168.69.91 | op=SEND_HEARTBEAT {datanodeUUID=49ab72ed-ff76-4952-870c-a3cea42cdb24, command=[]} | ret=SUCCESS |  
2019-08-21 05:55:33,495 | INFO  | SCMAudit | user=jenkins1000 | ip=192.168.69.91 | op=SEND_HEARTBEAT {datanodeUUID=3fd580a5-fd1e-4f13-9f88-976f7db82376, command=[]} | ret=SUCCESS |  
2019-08-21 05:55:33,670 | INFO  | SCMAudit | user=jenkins1000 | ip=192.168.69.91 | op=SEND_HEARTBEAT {datanodeUUID=046a392e-7484-4dfc-820d-faa08503447d, command=[]} | ret=SUCCESS |  
2019-08-21 05:55:33,860 | INFO  | SCMAudit | user=jenkins1000 | ip=192.168.69.91 | op=SEND_HEARTBEAT {datanodeUUID=4794a7d0-d8e2-4005-aaca-0a56e39fce16, command=[]} | ret=SUCCESS |  
2019-08-21 05:55:34,207 | INFO  | SCMAudit | user=jenkins1000 | ip=192.168.69.91 | op=SEND_HEARTBEAT {datanodeUUID=3c17af02-f769-4730-87e1-6a78a05442cb, command=[]} | ret=SUCCESS |  
2019-08-21 05:55:34,226 | INFO  | SCMAudit | user=jenkins1000 | ip=192.168.69.91 | op=SEND_HEARTBEAT {datanodeUUID=625627db-20f6-4593-9222-21b617438b7f, command=[]} | ret=SUCCESS |  
2019-08-21 05:55:34,226 | INFO  | SCMAudit | user=jenkins1000 | ip=192.168.69.91 | op=SEND_HEARTBEAT {datanodeUUID=f101476e-c990-429e-921c-5f445731959e, command=[]} | ret=SUCCESS |  
2019-08-21 05:55:34,305 | INFO  | SCMAudit | user=jenkins1000 | ip=192.168.69.91 | op=SEND_HEARTBEAT {datanodeUUID=49ab72ed-ff76-4952-870c-a3cea42cdb24, command=[]} | ret=SUCCESS |  
2019-08-21 05:55:34,495 | INFO  | SCMAudit | user=jenkins1000 | ip=192.168.69.91 | op=SEND_HEARTBEAT {datanodeUUID=3fd580a5-fd1e-4f13-9f88-976f7db82376, command=[]} | ret=SUCCESS |  
2019-08-21 05:55:34,670 | INFO  | SCMAudit | user=jenkins1000 | ip=192.168.69.91 | op=SEND_HEARTBEAT {datanodeUUID=046a392e-7484-4dfc-820d-faa08503447d, command=[]} | ret=SUCCESS |  
2019-08-21 05:55:34,860 | INFO  | SCMAudit | user=jenkins1000 | ip=192.168.69.91 | op=SEND_HEARTBEAT {datanodeUUID=4794a7d0-d8e2-4005-aaca-0a56e39fce16, command=[]} | ret=SUCCESS |  
2019-08-21 05:55:35,208 | INFO  | SCMAudit | user=jenkins1000 | ip=192.168.69.91 | op=SEND_HEARTBEAT {datanodeUUID=3c17af02-f769-4730-87e1-6a78a05442cb, command=[]} | ret=SUCCESS |  
2019-08-21 05:55:35,227 | INFO  | SCMAudit | user=jenkins1000 | ip=192.168.69.91 | op=SEND_HEARTBEAT {datanodeUUID=625627db-20f6-4593-9222-21b617438b7f, command=[]} | ret=SUCCESS |  
2019-08-21 05:55:35,227 | INFO  | SCMAudit | user=jenkins1000 | ip=192.168.69.91 | op=SEND_HEARTBEAT {datanodeUUID=f101476e-c990-429e-921c-5f445731959e, command=[]} | ret=SUCCESS |  
2019-08-21 05:55:35,306 | INFO  | SCMAudit | user=jenkins1000 | ip=192.168.69.91 | op=SEND_HEARTBEAT {datanodeUUID=49ab72ed-ff76-4952-870c-a3cea42cdb24, command=[]} | ret=SUCCESS |  
2019-08-21 05:55:35,496 | INFO  | SCMAudit | user=jenkins1000 | ip=192.168.69.91 | op=SEND_HEARTBEAT {datanodeUUID=3fd580a5-fd1e-4f13-9f88-976f7db82376, command=[]} | ret=SUCCESS |  
2019-08-21 05:55:35,670 | INFO  | SCMAudit | user=jenkins1000 | ip=192.168.69.91 | op=SEND_HEARTBEAT {datanodeUUID=046a392e-7484-4dfc-820d-faa08503447d, command=[]} | ret=SUCCESS |  
2019-08-21 05:55:35,860 | INFO  | SCMAudit | user=jenkins1000 | ip=192.168.69.91 | op=SEND_HEARTBEAT {datanodeUUID=4794a7d0-d8e2-4005-aaca-0a56e39fce16, command=[]} | ret=SUCCESS |  
2019-08-21 05:55:36,209 | INFO  | SCMAudit | user=jenkins1000 | ip=192.168.69.91 | op=SEND_HEARTBEAT {datanodeUUID=3c17af02-f769-4730-87e1-6a78a05442cb, command=[]} | ret=SUCCESS |  
2019-08-21 05:55:36,227 | INFO  | SCMAudit | user=jenkins1000 | ip=192.168.69.91 | op=SEND_HEARTBEAT {datanodeUUID=625627db-20f6-4593-9222-21b617438b7f, command=[]} | ret=SUCCESS |  
2019-08-21 05:55:36,228 | INFO  | SCMAudit | user=jenkins1000 | ip=192.168.69.91 | op=SEND_HEARTBEAT {datanodeUUID=f101476e-c990-429e-921c-5f445731959e, command=[]} | ret=SUCCESS |  
2019-08-21 05:55:36,307 | INFO  | SCMAudit | user=jenkins1000 | ip=192.168.69.91 | op=SEND_HEARTBEAT {datanodeUUID=49ab72ed-ff76-4952-870c-a3cea42cdb24, command=[]} | ret=SUCCESS |  
2019-08-21 05:55:36,496 | INFO  | SCMAudit | user=jenkins1000 | ip=192.168.69.91 | op=SEND_HEARTBEAT {datanodeUUID=3fd580a5-fd1e-4f13-9f88-976f7db82376, command=[]} | ret=SUCCESS |  
2019-08-21 05:55:36,670 | INFO  | SCMAudit | user=jenkins1000 | ip=192.168.69.91 | op=SEND_HEARTBEAT {datanodeUUID=046a392e-7484-4dfc-820d-faa08503447d, command=[]} | ret=SUCCESS |  
2019-08-21 05:55:36,860 | INFO  | SCMAudit | user=jenkins1000 | ip=192.168.69.91 | op=SEND_HEARTBEAT {datanodeUUID=4794a7d0-d8e2-4005-aaca-0a56e39fce16, command=[]} | ret=SUCCESS |  
2019-08-21 05:55:37,208 | INFO  | SCMAudit | user=jenkins1000 | ip=192.168.69.91 | op=SEND_HEARTBEAT {datanodeUUID=3c17af02-f769-4730-87e1-6a78a05442cb, command=[]} | ret=SUCCESS |  
2019-08-21 05:55:37,234 | INFO  | SCMAudit | user=jenkins1000 | ip=192.168.69.91 | op=SEND_HEARTBEAT {datanodeUUID=f101476e-c990-429e-921c-5f445731959e, command=[]} | ret=SUCCESS |  
2019-08-21 05:55:37,234 | INFO  | SCMAudit | user=jenkins1000 | ip=192.168.69.91 | op=SEND_HEARTBEAT {datanodeUUID=625627db-20f6-4593-9222-21b617438b7f, command=[]} | ret=SUCCESS |  
2019-08-21 05:55:37,308 | INFO  | SCMAudit | user=jenkins1000 | ip=192.168.69.91 | op=SEND_HEARTBEAT {datanodeUUID=49ab72ed-ff76-4952-870c-a3cea42cdb24, command=[]} | ret=SUCCESS |  
2019-08-21 05:55:37,496 | INFO  | SCMAudit | user=jenkins1000 | ip=192.168.69.91 | op=SEND_HEARTBEAT {datanodeUUID=3fd580a5-fd1e-4f13-9f88-976f7db82376, command=[]} | ret=SUCCESS |  
2019-08-21 05:55:37,670 | INFO  | SCMAudit | user=jenkins1000 | ip=192.168.69.91 | op=SEND_HEARTBEAT {datanodeUUID=046a392e-7484-4dfc-820d-faa08503447d, command=[]} | ret=SUCCESS |  
2019-08-21 05:55:37,860 | INFO  | SCMAudit | user=jenkins1000 | ip=192.168.69.91 | op=SEND_HEARTBEAT {datanodeUUID=4794a7d0-d8e2-4005-aaca-0a56e39fce16, command=[]} | ret=SUCCESS |  
2019-08-21 05:55:38,208 | INFO  | SCMAudit | user=jenkins1000 | ip=192.168.69.91 | op=SEND_HEARTBEAT {datanodeUUID=3c17af02-f769-4730-87e1-6a78a05442cb, command=[]} | ret=SUCCESS |  
2019-08-21 05:55:38,234 | INFO  | SCMAudit | user=jenkins1000 | ip=192.168.69.91 | op=SEND_HEARTBEAT {datanodeUUID=625627db-20f6-4593-9222-21b617438b7f, command=[]} | ret=SUCCESS |  
2019-08-21 05:55:38,234 | INFO  | SCMAudit | user=jenkins1000 | ip=192.168.69.91 | op=SEND_HEARTBEAT {datanodeUUID=f101476e-c990-429e-921c-5f445731959e, command=[]} | ret=SUCCESS |  
2019-08-21 05:55:38,258 [grpc-default-executor-3] INFO  client.GrpcClientProtocolClient (GrpcClientProtocolClient.java:onNext(255)) - client-5E3AA808964E->625627db-20f6-4593-9222-21b617438b7f: receive RaftClientReply:client-5E3AA808964E->625627db-20f6-4593-9222-21b617438b7f@group-ED3E36EC8233, cid=45, FAILED org.apache.ratis.protocol.NotLeaderException: Server 625627db-20f6-4593-9222-21b617438b7f is not the leader (3c17af02-f769-4730-87e1-6a78a05442cb:192.168.69.91:45466). Request must be sent to leader., logIndex=0, commits[625627db-20f6-4593-9222-21b617438b7f:c8, f101476e-c990-429e-921c-5f445731959e:c8, 3c17af02-f769-4730-87e1-6a78a05442cb:c8]
2019-08-21 05:55:38,308 | INFO  | SCMAudit | user=jenkins1000 | ip=192.168.69.91 | op=SEND_HEARTBEAT {datanodeUUID=49ab72ed-ff76-4952-870c-a3cea42cdb24, command=[]} | ret=SUCCESS |  
2019-08-21 05:55:38,495 | INFO  | SCMAudit | user=jenkins1000 | ip=192.168.69.91 | op=SEND_HEARTBEAT {datanodeUUID=3fd580a5-fd1e-4f13-9f88-976f7db82376, command=[]} | ret=SUCCESS |  
2019-08-21 05:55:38,669 | INFO  | SCMAudit | user=jenkins1000 | ip=192.168.69.91 | op=SEND_HEARTBEAT {datanodeUUID=046a392e-7484-4dfc-820d-faa08503447d, command=[]} | ret=SUCCESS |  
2019-08-21 05:55:38,860 | INFO  | SCMAudit | user=jenkins1000 | ip=192.168.69.91 | op=SEND_HEARTBEAT {datanodeUUID=4794a7d0-d8e2-4005-aaca-0a56e39fce16, command=[]} | ret=SUCCESS |  
2019-08-21 05:55:39,208 | INFO  | SCMAudit | user=jenkins1000 | ip=192.168.69.91 | op=SEND_HEARTBEAT {datanodeUUID=3c17af02-f769-4730-87e1-6a78a05442cb, command=[]} | ret=SUCCESS |  
2019-08-21 05:55:39,235 | INFO  | SCMAudit | user=jenkins1000 | ip=192.168.69.91 | op=SEND_HEARTBEAT {datanodeUUID=f101476e-c990-429e-921c-5f445731959e, command=[]} | ret=SUCCESS |  
2019-08-21 05:55:39,235 | INFO  | SCMAudit | user=jenkins1000 | ip=192.168.69.91 | op=SEND_HEARTBEAT {datanodeUUID=625627db-20f6-4593-9222-21b617438b7f, command=[]} | ret=SUCCESS |  
2019-08-21 05:55:39,307 | INFO  | SCMAudit | user=jenkins1000 | ip=192.168.69.91 | op=SEND_HEARTBEAT {datanodeUUID=49ab72ed-ff76-4952-870c-a3cea42cdb24, command=[]} | ret=SUCCESS |  
2019-08-21 05:55:39,496 | INFO  | SCMAudit | user=jenkins1000 | ip=192.168.69.91 | op=SEND_HEARTBEAT {datanodeUUID=3fd580a5-fd1e-4f13-9f88-976f7db82376, command=[]} | ret=SUCCESS |  
2019-08-21 05:55:39,669 | INFO  | SCMAudit | user=jenkins1000 | ip=192.168.69.91 | op=SEND_HEARTBEAT {datanodeUUID=046a392e-7484-4dfc-820d-faa08503447d, command=[]} | ret=SUCCESS |  
2019-08-21 05:55:39,860 | INFO  | SCMAudit | user=jenkins1000 | ip=192.168.69.91 | op=SEND_HEARTBEAT {datanodeUUID=4794a7d0-d8e2-4005-aaca-0a56e39fce16, command=[]} | ret=SUCCESS |  
2019-08-21 05:55:40,208 | INFO  | SCMAudit | user=jenkins1000 | ip=192.168.69.91 | op=SEND_HEARTBEAT {datanodeUUID=3c17af02-f769-4730-87e1-6a78a05442cb, command=[]} | ret=SUCCESS |  
2019-08-21 05:55:40,235 | INFO  | SCMAudit | user=jenkins1000 | ip=192.168.69.91 | op=SEND_HEARTBEAT {datanodeUUID=625627db-20f6-4593-9222-21b617438b7f, command=[]} | ret=SUCCESS |  
2019-08-21 05:55:40,236 | INFO  | SCMAudit | user=jenkins1000 | ip=192.168.69.91 | op=SEND_HEARTBEAT {datanodeUUID=f101476e-c990-429e-921c-5f445731959e, command=[]} | ret=SUCCESS |  
2019-08-21 05:55:40,307 | INFO  | SCMAudit | user=jenkins1000 | ip=192.168.69.91 | op=SEND_HEARTBEAT {datanodeUUID=49ab72ed-ff76-4952-870c-a3cea42cdb24, command=[]} | ret=SUCCESS |  
2019-08-21 05:55:40,496 | INFO  | SCMAudit | user=jenkins1000 | ip=192.168.69.91 | op=SEND_HEARTBEAT {datanodeUUID=3fd580a5-fd1e-4f13-9f88-976f7db82376, command=[]} | ret=SUCCESS |  
2019-08-21 05:55:40,670 | INFO  | SCMAudit | user=jenkins1000 | ip=192.168.69.91 | op=SEND_HEARTBEAT {datanodeUUID=046a392e-7484-4dfc-820d-faa08503447d, command=[]} | ret=SUCCESS |  
2019-08-21 05:55:40,860 | INFO  | SCMAudit | user=jenkins1000 | ip=192.168.69.91 | op=SEND_HEARTBEAT {datanodeUUID=4794a7d0-d8e2-4005-aaca-0a56e39fce16, command=[]} | ret=SUCCESS |  
2019-08-21 05:55:41,208 | INFO  | SCMAudit | user=jenkins1000 | ip=192.168.69.91 | op=SEND_HEARTBEAT {datanodeUUID=3c17af02-f769-4730-87e1-6a78a05442cb, command=[]} | ret=SUCCESS |  
2019-08-21 05:55:41,235 | INFO  | SCMAudit | user=jenkins1000 | ip=192.168.69.91 | op=SEND_HEARTBEAT {datanodeUUID=625627db-20f6-4593-9222-21b617438b7f, command=[]} | ret=SUCCESS |  
2019-08-21 05:55:41,235 | INFO  | SCMAudit | user=jenkins1000 | ip=192.168.69.91 | op=SEND_HEARTBEAT {datanodeUUID=f101476e-c990-429e-921c-5f445731959e, command=[]} | ret=SUCCESS |  
2019-08-21 05:55:41,308 | INFO  | SCMAudit | user=jenkins1000 | ip=192.168.69.91 | op=SEND_HEARTBEAT {datanodeUUID=49ab72ed-ff76-4952-870c-a3cea42cdb24, command=[]} | ret=SUCCESS |  
2019-08-21 05:55:41,496 | INFO  | SCMAudit | user=jenkins1000 | ip=192.168.69.91 | op=SEND_HEARTBEAT {datanodeUUID=3fd580a5-fd1e-4f13-9f88-976f7db82376, command=[]} | ret=SUCCESS |  
2019-08-21 05:55:41,671 | INFO  | SCMAudit | user=jenkins1000 | ip=192.168.69.91 | op=SEND_HEARTBEAT {datanodeUUID=046a392e-7484-4dfc-820d-faa08503447d, command=[]} | ret=SUCCESS |  
2019-08-21 05:55:41,861 | INFO  | SCMAudit | user=jenkins1000 | ip=192.168.69.91 | op=SEND_HEARTBEAT {datanodeUUID=4794a7d0-d8e2-4005-aaca-0a56e39fce16, command=[]} | ret=SUCCESS |  
2019-08-21 05:55:42,208 | INFO  | SCMAudit | user=jenkins1000 | ip=192.168.69.91 | op=SEND_HEARTBEAT {datanodeUUID=3c17af02-f769-4730-87e1-6a78a05442cb, command=[]} | ret=SUCCESS |  
2019-08-21 05:55:42,236 | INFO  | SCMAudit | user=jenkins1000 | ip=192.168.69.91 | op=SEND_HEARTBEAT {datanodeUUID=f101476e-c990-429e-921c-5f445731959e, command=[]} | ret=SUCCESS |  
2019-08-21 05:55:42,236 | INFO  | SCMAudit | user=jenkins1000 | ip=192.168.69.91 | op=SEND_HEARTBEAT {datanodeUUID=625627db-20f6-4593-9222-21b617438b7f, command=[]} | ret=SUCCESS |  
2019-08-21 05:55:42,310 | INFO  | SCMAudit | user=jenkins1000 | ip=192.168.69.91 | op=SEND_HEARTBEAT {datanodeUUID=49ab72ed-ff76-4952-870c-a3cea42cdb24, command=[]} | ret=SUCCESS |  
2019-08-21 05:55:42,496 | INFO  | SCMAudit | user=jenkins1000 | ip=192.168.69.91 | op=SEND_HEARTBEAT {datanodeUUID=3fd580a5-fd1e-4f13-9f88-976f7db82376, command=[]} | ret=SUCCESS |  
2019-08-21 05:55:42,672 | INFO  | SCMAudit | user=jenkins1000 | ip=192.168.69.91 | op=SEND_HEARTBEAT {datanodeUUID=046a392e-7484-4dfc-820d-faa08503447d, command=[]} | ret=SUCCESS |  
2019-08-21 05:55:42,861 | INFO  | SCMAudit | user=jenkins1000 | ip=192.168.69.91 | op=SEND_HEARTBEAT {datanodeUUID=4794a7d0-d8e2-4005-aaca-0a56e39fce16, command=[]} | ret=SUCCESS |  
2019-08-21 05:55:43,208 | INFO  | SCMAudit | user=jenkins1000 | ip=192.168.69.91 | op=SEND_HEARTBEAT {datanodeUUID=3c17af02-f769-4730-87e1-6a78a05442cb, command=[]} | ret=SUCCESS |  
2019-08-21 05:55:43,235 | INFO  | SCMAudit | user=jenkins1000 | ip=192.168.69.91 | op=SEND_HEARTBEAT {datanodeUUID=f101476e-c990-429e-921c-5f445731959e, command=[]} | ret=SUCCESS |  
2019-08-21 05:55:43,235 | INFO  | SCMAudit | user=jenkins1000 | ip=192.168.69.91 | op=SEND_HEARTBEAT {datanodeUUID=625627db-20f6-4593-9222-21b617438b7f, command=[]} | ret=SUCCESS |  
2019-08-21 05:55:43,310 | INFO  | SCMAudit | user=jenkins1000 | ip=192.168.69.91 | op=SEND_HEARTBEAT {datanodeUUID=49ab72ed-ff76-4952-870c-a3cea42cdb24, command=[]} | ret=SUCCESS |  
2019-08-21 05:55:43,341 [grpc-default-executor-0] INFO  client.GrpcClientProtocolClient (GrpcClientProtocolClient.java:onNext(255)) - client-5E3AA808964E->f101476e-c990-429e-921c-5f445731959e: receive RaftClientReply:client-5E3AA808964E->f101476e-c990-429e-921c-5f445731959e@group-ED3E36EC8233, cid=45, FAILED org.apache.ratis.protocol.NotLeaderException: Server f101476e-c990-429e-921c-5f445731959e is not the leader (3c17af02-f769-4730-87e1-6a78a05442cb:192.168.69.91:45466). Request must be sent to leader., logIndex=0, commits[f101476e-c990-429e-921c-5f445731959e:c8, 3c17af02-f769-4730-87e1-6a78a05442cb:c8, 625627db-20f6-4593-9222-21b617438b7f:c8]
2019-08-21 05:55:43,497 | INFO  | SCMAudit | user=jenkins1000 | ip=192.168.69.91 | op=SEND_HEARTBEAT {datanodeUUID=3fd580a5-fd1e-4f13-9f88-976f7db82376, command=[]} | ret=SUCCESS |  
2019-08-21 05:55:43,671 | INFO  | SCMAudit | user=jenkins1000 | ip=192.168.69.91 | op=SEND_HEARTBEAT {datanodeUUID=046a392e-7484-4dfc-820d-faa08503447d, command=[]} | ret=SUCCESS |  
2019-08-21 05:55:43,861 | INFO  | SCMAudit | user=jenkins1000 | ip=192.168.69.91 | op=SEND_HEARTBEAT {datanodeUUID=4794a7d0-d8e2-4005-aaca-0a56e39fce16, command=[]} | ret=SUCCESS |  
2019-08-21 05:55:44,209 | INFO  | SCMAudit | user=jenkins1000 | ip=192.168.69.91 | op=SEND_HEARTBEAT {datanodeUUID=3c17af02-f769-4730-87e1-6a78a05442cb, command=[]} | ret=SUCCESS |  
2019-08-21 05:55:44,235 | INFO  | SCMAudit | user=jenkins1000 | ip=192.168.69.91 | op=SEND_HEARTBEAT {datanodeUUID=625627db-20f6-4593-9222-21b617438b7f, command=[]} | ret=SUCCESS |  
2019-08-21 05:55:44,236 | INFO  | SCMAudit | user=jenkins1000 | ip=192.168.69.91 | op=SEND_HEARTBEAT {datanodeUUID=f101476e-c990-429e-921c-5f445731959e, command=[]} | ret=SUCCESS |  
2019-08-21 05:55:44,310 | INFO  | SCMAudit | user=jenkins1000 | ip=192.168.69.91 | op=SEND_HEARTBEAT {datanodeUUID=49ab72ed-ff76-4952-870c-a3cea42cdb24, command=[]} | ret=SUCCESS |  
2019-08-21 05:55:44,497 | INFO  | SCMAudit | user=jenkins1000 | ip=192.168.69.91 | op=SEND_HEARTBEAT {datanodeUUID=3fd580a5-fd1e-4f13-9f88-976f7db82376, command=[]} | ret=SUCCESS |  
2019-08-21 05:55:44,671 | INFO  | SCMAudit | user=jenkins1000 | ip=192.168.69.91 | op=SEND_HEARTBEAT {datanodeUUID=046a392e-7484-4dfc-820d-faa08503447d, command=[]} | ret=SUCCESS |  
2019-08-21 05:55:44,862 | INFO  | SCMAudit | user=jenkins1000 | ip=192.168.69.91 | op=SEND_HEARTBEAT {datanodeUUID=4794a7d0-d8e2-4005-aaca-0a56e39fce16, command=[]} | ret=SUCCESS |  
2019-08-21 05:55:45,208 | INFO  | SCMAudit | user=jenkins1000 | ip=192.168.69.91 | op=SEND_HEARTBEAT {datanodeUUID=3c17af02-f769-4730-87e1-6a78a05442cb, command=[]} | ret=SUCCESS |  
2019-08-21 05:55:45,236 | INFO  | SCMAudit | user=jenkins1000 | ip=192.168.69.91 | op=SEND_HEARTBEAT {datanodeUUID=625627db-20f6-4593-9222-21b617438b7f, command=[]} | ret=SUCCESS |  
2019-08-21 05:55:45,236 | INFO  | SCMAudit | user=jenkins1000 | ip=192.168.69.91 | op=SEND_HEARTBEAT {datanodeUUID=f101476e-c990-429e-921c-5f445731959e, command=[]} | ret=SUCCESS |  
2019-08-21 05:55:45,311 | INFO  | SCMAudit | user=jenkins1000 | ip=192.168.69.91 | op=SEND_HEARTBEAT {datanodeUUID=49ab72ed-ff76-4952-870c-a3cea42cdb24, command=[]} | ret=SUCCESS |  
2019-08-21 05:55:45,497 | INFO  | SCMAudit | user=jenkins1000 | ip=192.168.69.91 | op=SEND_HEARTBEAT {datanodeUUID=3fd580a5-fd1e-4f13-9f88-976f7db82376, command=[]} | ret=SUCCESS |  
2019-08-21 05:55:45,671 | INFO  | SCMAudit | user=jenkins1000 | ip=192.168.69.91 | op=SEND_HEARTBEAT {datanodeUUID=046a392e-7484-4dfc-820d-faa08503447d, command=[]} | ret=SUCCESS |  
2019-08-21 05:55:45,863 | INFO  | SCMAudit | user=jenkins1000 | ip=192.168.69.91 | op=SEND_HEARTBEAT {datanodeUUID=4794a7d0-d8e2-4005-aaca-0a56e39fce16, command=[]} | ret=SUCCESS |  
2019-08-21 05:55:46,209 | INFO  | SCMAudit | user=jenkins1000 | ip=192.168.69.91 | op=SEND_HEARTBEAT {datanodeUUID=3c17af02-f769-4730-87e1-6a78a05442cb, command=[]} | ret=SUCCESS |  
2019-08-21 05:55:46,236 | INFO  | SCMAudit | user=jenkins1000 | ip=192.168.69.91 | op=SEND_HEARTBEAT {datanodeUUID=625627db-20f6-4593-9222-21b617438b7f, command=[]} | ret=SUCCESS |  
2019-08-21 05:55:46,237 | INFO  | SCMAudit | user=jenkins1000 | ip=192.168.69.91 | op=SEND_HEARTBEAT {datanodeUUID=f101476e-c990-429e-921c-5f445731959e, command=[]} | ret=SUCCESS |  
2019-08-21 05:55:46,310 | INFO  | SCMAudit | user=jenkins1000 | ip=192.168.69.91 | op=SEND_HEARTBEAT {datanodeUUID=49ab72ed-ff76-4952-870c-a3cea42cdb24, command=[]} | ret=SUCCESS |  
2019-08-21 05:55:46,496 | INFO  | SCMAudit | user=jenkins1000 | ip=192.168.69.91 | op=SEND_HEARTBEAT {datanodeUUID=3fd580a5-fd1e-4f13-9f88-976f7db82376, command=[]} | ret=SUCCESS |  
2019-08-21 05:55:46,671 | INFO  | SCMAudit | user=jenkins1000 | ip=192.168.69.91 | op=SEND_HEARTBEAT {datanodeUUID=046a392e-7484-4dfc-820d-faa08503447d, command=[]} | ret=SUCCESS |  
2019-08-21 05:55:46,863 | INFO  | SCMAudit | user=jenkins1000 | ip=192.168.69.91 | op=SEND_HEARTBEAT {datanodeUUID=4794a7d0-d8e2-4005-aaca-0a56e39fce16, command=[]} | ret=SUCCESS |  
2019-08-21 05:55:47,210 | INFO  | SCMAudit | user=jenkins1000 | ip=192.168.69.91 | op=SEND_HEARTBEAT {datanodeUUID=3c17af02-f769-4730-87e1-6a78a05442cb, command=[]} | ret=SUCCESS |  
2019-08-21 05:55:47,235 | INFO  | SCMAudit | user=jenkins1000 | ip=192.168.69.91 | op=SEND_HEARTBEAT {datanodeUUID=625627db-20f6-4593-9222-21b617438b7f, command=[]} | ret=SUCCESS |  
2019-08-21 05:55:47,237 | INFO  | SCMAudit | user=jenkins1000 | ip=192.168.69.91 | op=SEND_HEARTBEAT {datanodeUUID=f101476e-c990-429e-921c-5f445731959e, command=[]} | ret=SUCCESS |  
2019-08-21 05:55:47,311 | INFO  | SCMAudit | user=jenkins1000 | ip=192.168.69.91 | op=SEND_HEARTBEAT {datanodeUUID=49ab72ed-ff76-4952-870c-a3cea42cdb24, command=[]} | ret=SUCCESS |  
2019-08-21 05:55:47,497 | INFO  | SCMAudit | user=jenkins1000 | ip=192.168.69.91 | op=SEND_HEARTBEAT {datanodeUUID=3fd580a5-fd1e-4f13-9f88-976f7db82376, command=[]} | ret=SUCCESS |  
2019-08-21 05:55:47,670 | INFO  | SCMAudit | user=jenkins1000 | ip=192.168.69.91 | op=SEND_HEARTBEAT {datanodeUUID=046a392e-7484-4dfc-820d-faa08503447d, command=[]} | ret=SUCCESS |  
2019-08-21 05:55:47,863 | INFO  | SCMAudit | user=jenkins1000 | ip=192.168.69.91 | op=SEND_HEARTBEAT {datanodeUUID=4794a7d0-d8e2-4005-aaca-0a56e39fce16, command=[]} | ret=SUCCESS |  
2019-08-21 05:55:48,210 | INFO  | SCMAudit | user=jenkins1000 | ip=192.168.69.91 | op=SEND_HEARTBEAT {datanodeUUID=3c17af02-f769-4730-87e1-6a78a05442cb, command=[]} | ret=SUCCESS |  
2019-08-21 05:55:48,236 | INFO  | SCMAudit | user=jenkins1000 | ip=192.168.69.91 | op=SEND_HEARTBEAT {datanodeUUID=625627db-20f6-4593-9222-21b617438b7f, command=[]} | ret=SUCCESS |  
2019-08-21 05:55:48,238 | INFO  | SCMAudit | user=jenkins1000 | ip=192.168.69.91 | op=SEND_HEARTBEAT {datanodeUUID=f101476e-c990-429e-921c-5f445731959e, command=[]} | ret=SUCCESS |  
2019-08-21 05:55:48,312 | INFO  | SCMAudit | user=jenkins1000 | ip=192.168.69.91 | op=SEND_HEARTBEAT {datanodeUUID=49ab72ed-ff76-4952-870c-a3cea42cdb24, command=[]} | ret=SUCCESS |  
2019-08-21 05:55:48,401 [grpc-default-executor-0] INFO  client.GrpcClientProtocolClient (GrpcClientProtocolClient.java:onNext(255)) - client-5E3AA808964E->f101476e-c990-429e-921c-5f445731959e: receive RaftClientReply:client-5E3AA808964E->f101476e-c990-429e-921c-5f445731959e@group-ED3E36EC8233, cid=45, FAILED org.apache.ratis.protocol.NotLeaderException: Server f101476e-c990-429e-921c-5f445731959e is not the leader (3c17af02-f769-4730-87e1-6a78a05442cb:192.168.69.91:45466). Request must be sent to leader., logIndex=0, commits[f101476e-c990-429e-921c-5f445731959e:c8, 3c17af02-f769-4730-87e1-6a78a05442cb:c8, 625627db-20f6-4593-9222-21b617438b7f:c8]
2019-08-21 05:55:48,497 | INFO  | SCMAudit | user=jenkins1000 | ip=192.168.69.91 | op=SEND_HEARTBEAT {datanodeUUID=3fd580a5-fd1e-4f13-9f88-976f7db82376, command=[]} | ret=SUCCESS |  
2019-08-21 05:55:48,670 | INFO  | SCMAudit | user=jenkins1000 | ip=192.168.69.91 | op=SEND_HEARTBEAT {datanodeUUID=046a392e-7484-4dfc-820d-faa08503447d, command=[]} | ret=SUCCESS |  
2019-08-21 05:55:48,863 | INFO  | SCMAudit | user=jenkins1000 | ip=192.168.69.91 | op=SEND_HEARTBEAT {datanodeUUID=4794a7d0-d8e2-4005-aaca-0a56e39fce16, command=[]} | ret=SUCCESS |  
2019-08-21 05:55:49,210 | INFO  | SCMAudit | user=jenkins1000 | ip=192.168.69.91 | op=SEND_HEARTBEAT {datanodeUUID=3c17af02-f769-4730-87e1-6a78a05442cb, command=[]} | ret=SUCCESS |  
2019-08-21 05:55:49,237 | INFO  | SCMAudit | user=jenkins1000 | ip=192.168.69.91 | op=SEND_HEARTBEAT {datanodeUUID=625627db-20f6-4593-9222-21b617438b7f, command=[]} | ret=SUCCESS |  
2019-08-21 05:55:49,237 | INFO  | SCMAudit | user=jenkins1000 | ip=192.168.69.91 | op=SEND_HEARTBEAT {datanodeUUID=f101476e-c990-429e-921c-5f445731959e, command=[]} | ret=SUCCESS |  
2019-08-21 05:55:49,311 | INFO  | SCMAudit | user=jenkins1000 | ip=192.168.69.91 | op=SEND_HEARTBEAT {datanodeUUID=49ab72ed-ff76-4952-870c-a3cea42cdb24, command=[]} | ret=SUCCESS |  
2019-08-21 05:55:49,498 | INFO  | SCMAudit | user=jenkins1000 | ip=192.168.69.91 | op=SEND_HEARTBEAT {datanodeUUID=3fd580a5-fd1e-4f13-9f88-976f7db82376, command=[]} | ret=SUCCESS |  
2019-08-21 05:55:49,670 | INFO  | SCMAudit | user=jenkins1000 | ip=192.168.69.91 | op=SEND_HEARTBEAT {datanodeUUID=046a392e-7484-4dfc-820d-faa08503447d, command=[]} | ret=SUCCESS |  
2019-08-21 05:55:49,862 | INFO  | SCMAudit | user=jenkins1000 | ip=192.168.69.91 | op=SEND_HEARTBEAT {datanodeUUID=4794a7d0-d8e2-4005-aaca-0a56e39fce16, command=[]} | ret=SUCCESS |  
2019-08-21 05:55:50,210 | INFO  | SCMAudit | user=jenkins1000 | ip=192.168.69.91 | op=SEND_HEARTBEAT {datanodeUUID=3c17af02-f769-4730-87e1-6a78a05442cb, command=[]} | ret=SUCCESS |  
2019-08-21 05:55:50,236 | INFO  | SCMAudit | user=jenkins1000 | ip=192.168.69.91 | op=SEND_HEARTBEAT {datanodeUUID=625627db-20f6-4593-9222-21b617438b7f, command=[]} | ret=SUCCESS |  
2019-08-21 05:55:50,238 | INFO  | SCMAudit | user=jenkins1000 | ip=192.168.69.91 | op=SEND_HEARTBEAT {datanodeUUID=f101476e-c990-429e-921c-5f445731959e, command=[]} | ret=SUCCESS |  
2019-08-21 05:55:50,312 | INFO  | SCMAudit | user=jenkins1000 | ip=192.168.69.91 | op=SEND_HEARTBEAT {datanodeUUID=49ab72ed-ff76-4952-870c-a3cea42cdb24, command=[]} | ret=SUCCESS |  
2019-08-21 05:55:50,497 | INFO  | SCMAudit | user=jenkins1000 | ip=192.168.69.91 | op=SEND_HEARTBEAT {datanodeUUID=3fd580a5-fd1e-4f13-9f88-976f7db82376, command=[]} | ret=SUCCESS |  
2019-08-21 05:55:50,670 | INFO  | SCMAudit | user=jenkins1000 | ip=192.168.69.91 | op=SEND_HEARTBEAT {datanodeUUID=046a392e-7484-4dfc-820d-faa08503447d, command=[]} | ret=SUCCESS |  
2019-08-21 05:55:50,863 | INFO  | SCMAudit | user=jenkins1000 | ip=192.168.69.91 | op=SEND_HEARTBEAT {datanodeUUID=4794a7d0-d8e2-4005-aaca-0a56e39fce16, command=[]} | ret=SUCCESS |  
2019-08-21 05:55:51,210 | INFO  | SCMAudit | user=jenkins1000 | ip=192.168.69.91 | op=SEND_HEARTBEAT {datanodeUUID=3c17af02-f769-4730-87e1-6a78a05442cb, command=[]} | ret=SUCCESS |  
2019-08-21 05:55:51,237 | INFO  | SCMAudit | user=jenkins1000 | ip=192.168.69.91 | op=SEND_HEARTBEAT {datanodeUUID=625627db-20f6-4593-9222-21b617438b7f, command=[]} | ret=SUCCESS |  
2019-08-21 05:55:51,237 | INFO  | SCMAudit | user=jenkins1000 | ip=192.168.69.91 | op=SEND_HEARTBEAT {datanodeUUID=f101476e-c990-429e-921c-5f445731959e, command=[]} | ret=SUCCESS |  
2019-08-21 05:55:51,311 | INFO  | SCMAudit | user=jenkins1000 | ip=192.168.69.91 | op=SEND_HEARTBEAT {datanodeUUID=49ab72ed-ff76-4952-870c-a3cea42cdb24, command=[]} | ret=SUCCESS |  
2019-08-21 05:55:51,498 | INFO  | SCMAudit | user=jenkins1000 | ip=192.168.69.91 | op=SEND_HEARTBEAT {datanodeUUID=3fd580a5-fd1e-4f13-9f88-976f7db82376, command=[]} | ret=SUCCESS |  
2019-08-21 05:55:51,671 | INFO  | SCMAudit | user=jenkins1000 | ip=192.168.69.91 | op=SEND_HEARTBEAT {datanodeUUID=046a392e-7484-4dfc-820d-faa08503447d, command=[]} | ret=SUCCESS |  
2019-08-21 05:55:51,863 | INFO  | SCMAudit | user=jenkins1000 | ip=192.168.69.91 | op=SEND_HEARTBEAT {datanodeUUID=4794a7d0-d8e2-4005-aaca-0a56e39fce16, command=[]} | ret=SUCCESS |  
2019-08-21 05:55:52,209 | INFO  | SCMAudit | user=jenkins1000 | ip=192.168.69.91 | op=SEND_HEARTBEAT {datanodeUUID=3c17af02-f769-4730-87e1-6a78a05442cb, command=[]} | ret=SUCCESS |  
2019-08-21 05:55:52,236 | INFO  | SCMAudit | user=jenkins1000 | ip=192.168.69.91 | op=SEND_HEARTBEAT {datanodeUUID=625627db-20f6-4593-9222-21b617438b7f, command=[]} | ret=SUCCESS |  
2019-08-21 05:55:52,238 | INFO  | SCMAudit | user=jenkins1000 | ip=192.168.69.91 | op=SEND_HEARTBEAT {datanodeUUID=f101476e-c990-429e-921c-5f445731959e, command=[]} | ret=SUCCESS |  
2019-08-21 05:55:52,312 | INFO  | SCMAudit | user=jenkins1000 | ip=192.168.69.91 | op=SEND_HEARTBEAT {datanodeUUID=49ab72ed-ff76-4952-870c-a3cea42cdb24, command=[]} | ret=SUCCESS |  
2019-08-21 05:55:52,499 | INFO  | SCMAudit | user=jenkins1000 | ip=192.168.69.91 | op=SEND_HEARTBEAT {datanodeUUID=3fd580a5-fd1e-4f13-9f88-976f7db82376, command=[]} | ret=SUCCESS |  
2019-08-21 05:55:52,670 | INFO  | SCMAudit | user=jenkins1000 | ip=192.168.69.91 | op=SEND_HEARTBEAT {datanodeUUID=046a392e-7484-4dfc-820d-faa08503447d, command=[]} | ret=SUCCESS |  
2019-08-21 05:55:52,864 | INFO  | SCMAudit | user=jenkins1000 | ip=192.168.69.91 | op=SEND_HEARTBEAT {datanodeUUID=4794a7d0-d8e2-4005-aaca-0a56e39fce16, command=[]} | ret=SUCCESS |  
2019-08-21 05:55:53,209 | INFO  | SCMAudit | user=jenkins1000 | ip=192.168.69.91 | op=SEND_HEARTBEAT {datanodeUUID=3c17af02-f769-4730-87e1-6a78a05442cb, command=[]} | ret=SUCCESS |  
2019-08-21 05:55:53,236 | INFO  | SCMAudit | user=jenkins1000 | ip=192.168.69.91 | op=SEND_HEARTBEAT {datanodeUUID=625627db-20f6-4593-9222-21b617438b7f, command=[]} | ret=SUCCESS |  
2019-08-21 05:55:53,237 | INFO  | SCMAudit | user=jenkins1000 | ip=192.168.69.91 | op=SEND_HEARTBEAT {datanodeUUID=f101476e-c990-429e-921c-5f445731959e, command=[]} | ret=SUCCESS |  
2019-08-21 05:55:53,312 | INFO  | SCMAudit | user=jenkins1000 | ip=192.168.69.91 | op=SEND_HEARTBEAT {datanodeUUID=49ab72ed-ff76-4952-870c-a3cea42cdb24, command=[]} | ret=SUCCESS |  
2019-08-21 05:55:53,446 [grpc-default-executor-3] INFO  client.GrpcClientProtocolClient (GrpcClientProtocolClient.java:onNext(255)) - client-5E3AA808964E->625627db-20f6-4593-9222-21b617438b7f: receive RaftClientReply:client-5E3AA808964E->625627db-20f6-4593-9222-21b617438b7f@group-ED3E36EC8233, cid=45, FAILED org.apache.ratis.protocol.NotLeaderException: Server 625627db-20f6-4593-9222-21b617438b7f is not the leader (3c17af02-f769-4730-87e1-6a78a05442cb:192.168.69.91:45466). Request must be sent to leader., logIndex=0, commits[625627db-20f6-4593-9222-21b617438b7f:c8, f101476e-c990-429e-921c-5f445731959e:c8, 3c17af02-f769-4730-87e1-6a78a05442cb:c8]
2019-08-21 05:55:53,500 | INFO  | SCMAudit | user=jenkins1000 | ip=192.168.69.91 | op=SEND_HEARTBEAT {datanodeUUID=3fd580a5-fd1e-4f13-9f88-976f7db82376, command=[]} | ret=SUCCESS |  
2019-08-21 05:55:53,670 | INFO  | SCMAudit | user=jenkins1000 | ip=192.168.69.91 | op=SEND_HEARTBEAT {datanodeUUID=046a392e-7484-4dfc-820d-faa08503447d, command=[]} | ret=SUCCESS |  
2019-08-21 05:55:53,864 | INFO  | SCMAudit | user=jenkins1000 | ip=192.168.69.91 | op=SEND_HEARTBEAT {datanodeUUID=4794a7d0-d8e2-4005-aaca-0a56e39fce16, command=[]} | ret=SUCCESS |  
2019-08-21 05:55:54,209 | INFO  | SCMAudit | user=jenkins1000 | ip=192.168.69.91 | op=SEND_HEARTBEAT {datanodeUUID=3c17af02-f769-4730-87e1-6a78a05442cb, command=[]} | ret=SUCCESS |  
2019-08-21 05:55:54,236 | INFO  | SCMAudit | user=jenkins1000 | ip=192.168.69.91 | op=SEND_HEARTBEAT {datanodeUUID=625627db-20f6-4593-9222-21b617438b7f, command=[]} | ret=SUCCESS |  
2019-08-21 05:55:54,238 | INFO  | SCMAudit | user=jenkins1000 | ip=192.168.69.91 | op=SEND_HEARTBEAT {datanodeUUID=f101476e-c990-429e-921c-5f445731959e, command=[]} | ret=SUCCESS |  
2019-08-21 05:55:54,312 | INFO  | SCMAudit | user=jenkins1000 | ip=192.168.69.91 | op=SEND_HEARTBEAT {datanodeUUID=49ab72ed-ff76-4952-870c-a3cea42cdb24, command=[]} | ret=SUCCESS |  
2019-08-21 05:55:54,500 | INFO  | SCMAudit | user=jenkins1000 | ip=192.168.69.91 | op=SEND_HEARTBEAT {datanodeUUID=3fd580a5-fd1e-4f13-9f88-976f7db82376, command=[]} | ret=SUCCESS |  
2019-08-21 05:55:54,671 | INFO  | SCMAudit | user=jenkins1000 | ip=192.168.69.91 | op=SEND_HEARTBEAT {datanodeUUID=046a392e-7484-4dfc-820d-faa08503447d, command=[]} | ret=SUCCESS |  
2019-08-21 05:55:54,864 | INFO  | SCMAudit | user=jenkins1000 | ip=192.168.69.91 | op=SEND_HEARTBEAT {datanodeUUID=4794a7d0-d8e2-4005-aaca-0a56e39fce16, command=[]} | ret=SUCCESS |  
2019-08-21 05:55:55,210 | INFO  | SCMAudit | user=jenkins1000 | ip=192.168.69.91 | op=SEND_HEARTBEAT {datanodeUUID=3c17af02-f769-4730-87e1-6a78a05442cb, command=[]} | ret=SUCCESS |  
2019-08-21 05:55:55,236 | INFO  | SCMAudit | user=jenkins1000 | ip=192.168.69.91 | op=SEND_HEARTBEAT {datanodeUUID=625627db-20f6-4593-9222-21b617438b7f, command=[]} | ret=SUCCESS |  
2019-08-21 05:55:55,238 | INFO  | SCMAudit | user=jenkins1000 | ip=192.168.69.91 | op=SEND_HEARTBEAT {datanodeUUID=f101476e-c990-429e-921c-5f445731959e, command=[]} | ret=SUCCESS |  
2019-08-21 05:55:55,313 | INFO  | SCMAudit | user=jenkins1000 | ip=192.168.69.91 | op=SEND_HEARTBEAT {datanodeUUID=49ab72ed-ff76-4952-870c-a3cea42cdb24, command=[]} | ret=SUCCESS |  
2019-08-21 05:55:55,500 | INFO  | SCMAudit | user=jenkins1000 | ip=192.168.69.91 | op=SEND_HEARTBEAT {datanodeUUID=3fd580a5-fd1e-4f13-9f88-976f7db82376, command=[]} | ret=SUCCESS |  
2019-08-21 05:55:55,672 | INFO  | SCMAudit | user=jenkins1000 | ip=192.168.69.91 | op=SEND_HEARTBEAT {datanodeUUID=046a392e-7484-4dfc-820d-faa08503447d, command=[]} | ret=SUCCESS |  
2019-08-21 05:55:55,865 | INFO  | SCMAudit | user=jenkins1000 | ip=192.168.69.91 | op=SEND_HEARTBEAT {datanodeUUID=4794a7d0-d8e2-4005-aaca-0a56e39fce16, command=[]} | ret=SUCCESS |  
2019-08-21 05:55:56,209 | INFO  | SCMAudit | user=jenkins1000 | ip=192.168.69.91 | op=SEND_HEARTBEAT {datanodeUUID=3c17af02-f769-4730-87e1-6a78a05442cb, command=[]} | ret=SUCCESS |  
2019-08-21 05:55:56,237 | INFO  | SCMAudit | user=jenkins1000 | ip=192.168.69.91 | op=SEND_HEARTBEAT {datanodeUUID=625627db-20f6-4593-9222-21b617438b7f, command=[]} | ret=SUCCESS |  
2019-08-21 05:55:56,238 | INFO  | SCMAudit | user=jenkins1000 | ip=192.168.69.91 | op=SEND_HEARTBEAT {datanodeUUID=f101476e-c990-429e-921c-5f445731959e, command=[]} | ret=SUCCESS |  
2019-08-21 05:55:56,312 | INFO  | SCMAudit | user=jenkins1000 | ip=192.168.69.91 | op=SEND_HEARTBEAT {datanodeUUID=49ab72ed-ff76-4952-870c-a3cea42cdb24, command=[]} | ret=SUCCESS |  
2019-08-21 05:55:56,500 | INFO  | SCMAudit | user=jenkins1000 | ip=192.168.69.91 | op=SEND_HEARTBEAT {datanodeUUID=3fd580a5-fd1e-4f13-9f88-976f7db82376, command=[]} | ret=SUCCESS |  
2019-08-21 05:55:56,672 | INFO  | SCMAudit | user=jenkins1000 | ip=192.168.69.91 | op=SEND_HEARTBEAT {datanodeUUID=046a392e-7484-4dfc-820d-faa08503447d, command=[]} | ret=SUCCESS |  
2019-08-21 05:55:56,865 | INFO  | SCMAudit | user=jenkins1000 | ip=192.168.69.91 | op=SEND_HEARTBEAT {datanodeUUID=4794a7d0-d8e2-4005-aaca-0a56e39fce16, command=[]} | ret=SUCCESS |  
2019-08-21 05:55:57,210 | INFO  | SCMAudit | user=jenkins1000 | ip=192.168.69.91 | op=SEND_HEARTBEAT {datanodeUUID=3c17af02-f769-4730-87e1-6a78a05442cb, command=[]} | ret=SUCCESS |  
2019-08-21 05:55:57,236 | INFO  | SCMAudit | user=jenkins1000 | ip=192.168.69.91 | op=SEND_HEARTBEAT {datanodeUUID=625627db-20f6-4593-9222-21b617438b7f, command=[]} | ret=SUCCESS |  
2019-08-21 05:55:57,238 | INFO  | SCMAudit | user=jenkins1000 | ip=192.168.69.91 | op=SEND_HEARTBEAT {datanodeUUID=f101476e-c990-429e-921c-5f445731959e, command=[]} | ret=SUCCESS |  
2019-08-21 05:55:57,313 | INFO  | SCMAudit | user=jenkins1000 | ip=192.168.69.91 | op=SEND_HEARTBEAT {datanodeUUID=49ab72ed-ff76-4952-870c-a3cea42cdb24, command=[]} | ret=SUCCESS |  
2019-08-21 05:55:57,500 | INFO  | SCMAudit | user=jenkins1000 | ip=192.168.69.91 | op=SEND_HEARTBEAT {datanodeUUID=3fd580a5-fd1e-4f13-9f88-976f7db82376, command=[]} | ret=SUCCESS |  
2019-08-21 05:55:57,672 | INFO  | SCMAudit | user=jenkins1000 | ip=192.168.69.91 | op=SEND_HEARTBEAT {datanodeUUID=046a392e-7484-4dfc-820d-faa08503447d, command=[]} | ret=SUCCESS |  
2019-08-21 05:55:57,865 | INFO  | SCMAudit | user=jenkins1000 | ip=192.168.69.91 | op=SEND_HEARTBEAT {datanodeUUID=4794a7d0-d8e2-4005-aaca-0a56e39fce16, command=[]} | ret=SUCCESS |  
2019-08-21 05:55:58,209 | INFO  | SCMAudit | user=jenkins1000 | ip=192.168.69.91 | op=SEND_HEARTBEAT {datanodeUUID=3c17af02-f769-4730-87e1-6a78a05442cb, command=[]} | ret=SUCCESS |  
2019-08-21 05:55:58,236 | INFO  | SCMAudit | user=jenkins1000 | ip=192.168.69.91 | op=SEND_HEARTBEAT {datanodeUUID=625627db-20f6-4593-9222-21b617438b7f, command=[]} | ret=SUCCESS |  
2019-08-21 05:55:58,238 | INFO  | SCMAudit | user=jenkins1000 | ip=192.168.69.91 | op=SEND_HEARTBEAT {datanodeUUID=f101476e-c990-429e-921c-5f445731959e, command=[]} | ret=SUCCESS |  
2019-08-21 05:55:58,312 | INFO  | SCMAudit | user=jenkins1000 | ip=192.168.69.91 | op=SEND_HEARTBEAT {datanodeUUID=49ab72ed-ff76-4952-870c-a3cea42cdb24, command=[]} | ret=SUCCESS |  
2019-08-21 05:55:58,494 [grpc-default-executor-3] INFO  client.GrpcClientProtocolClient (GrpcClientProtocolClient.java:onNext(255)) - client-5E3AA808964E->f101476e-c990-429e-921c-5f445731959e: receive RaftClientReply:client-5E3AA808964E->f101476e-c990-429e-921c-5f445731959e@group-ED3E36EC8233, cid=45, FAILED org.apache.ratis.protocol.NotLeaderException: Server f101476e-c990-429e-921c-5f445731959e is not the leader (3c17af02-f769-4730-87e1-6a78a05442cb:192.168.69.91:45466). Request must be sent to leader., logIndex=0, commits[f101476e-c990-429e-921c-5f445731959e:c8, 3c17af02-f769-4730-87e1-6a78a05442cb:c8, 625627db-20f6-4593-9222-21b617438b7f:c8]
2019-08-21 05:55:58,506 | INFO  | SCMAudit | user=jenkins1000 | ip=192.168.69.91 | op=SEND_HEARTBEAT {datanodeUUID=3fd580a5-fd1e-4f13-9f88-976f7db82376, command=[]} | ret=SUCCESS |  
2019-08-21 05:55:58,671 | INFO  | SCMAudit | user=jenkins1000 | ip=192.168.69.91 | op=SEND_HEARTBEAT {datanodeUUID=046a392e-7484-4dfc-820d-faa08503447d, command=[]} | ret=SUCCESS |  
2019-08-21 05:55:58,864 | INFO  | SCMAudit | user=jenkins1000 | ip=192.168.69.91 | op=SEND_HEARTBEAT {datanodeUUID=4794a7d0-d8e2-4005-aaca-0a56e39fce16, command=[]} | ret=SUCCESS |  
2019-08-21 05:55:59,209 | INFO  | SCMAudit | user=jenkins1000 | ip=192.168.69.91 | op=SEND_HEARTBEAT {datanodeUUID=3c17af02-f769-4730-87e1-6a78a05442cb, command=[]} | ret=SUCCESS |  
2019-08-21 05:55:59,237 | INFO  | SCMAudit | user=jenkins1000 | ip=192.168.69.91 | op=SEND_HEARTBEAT {datanodeUUID=625627db-20f6-4593-9222-21b617438b7f, command=[]} | ret=SUCCESS |  
2019-08-21 05:55:59,238 | INFO  | SCMAudit | user=jenkins1000 | ip=192.168.69.91 | op=SEND_HEARTBEAT {datanodeUUID=f101476e-c990-429e-921c-5f445731959e, command=[]} | ret=SUCCESS |  
2019-08-21 05:55:59,313 | INFO  | SCMAudit | user=jenkins1000 | ip=192.168.69.91 | op=SEND_HEARTBEAT {datanodeUUID=49ab72ed-ff76-4952-870c-a3cea42cdb24, command=[]} | ret=SUCCESS |  
2019-08-21 05:55:59,503 | INFO  | SCMAudit | user=jenkins1000 | ip=192.168.69.91 | op=SEND_HEARTBEAT {datanodeUUID=3fd580a5-fd1e-4f13-9f88-976f7db82376, command=[]} | ret=SUCCESS |  
2019-08-21 05:55:59,672 | INFO  | SCMAudit | user=jenkins1000 | ip=192.168.69.91 | op=SEND_HEARTBEAT {datanodeUUID=046a392e-7484-4dfc-820d-faa08503447d, command=[]} | ret=SUCCESS |  
2019-08-21 05:55:59,865 | INFO  | SCMAudit | user=jenkins1000 | ip=192.168.69.91 | op=SEND_HEARTBEAT {datanodeUUID=4794a7d0-d8e2-4005-aaca-0a56e39fce16, command=[]} | ret=SUCCESS |  
2019-08-21 05:56:00,210 | INFO  | SCMAudit | user=jenkins1000 | ip=192.168.69.91 | op=SEND_HEARTBEAT {datanodeUUID=3c17af02-f769-4730-87e1-6a78a05442cb, command=[]} | ret=SUCCESS |  
2019-08-21 05:56:00,238 | INFO  | SCMAudit | user=jenkins1000 | ip=192.168.69.91 | op=SEND_HEARTBEAT {datanodeUUID=625627db-20f6-4593-9222-21b617438b7f, command=[]} | ret=SUCCESS |  
2019-08-21 05:56:00,238 | INFO  | SCMAudit | user=jenkins1000 | ip=192.168.69.91 | op=SEND_HEARTBEAT {datanodeUUID=f101476e-c990-429e-921c-5f445731959e, command=[]} | ret=SUCCESS |  
2019-08-21 05:56:00,312 | INFO  | SCMAudit | user=jenkins1000 | ip=192.168.69.91 | op=SEND_HEARTBEAT {datanodeUUID=49ab72ed-ff76-4952-870c-a3cea42cdb24, command=[]} | ret=SUCCESS |  
2019-08-21 05:56:00,502 | INFO  | SCMAudit | user=jenkins1000 | ip=192.168.69.91 | op=SEND_HEARTBEAT {datanodeUUID=3fd580a5-fd1e-4f13-9f88-976f7db82376, command=[]} | ret=SUCCESS |  
2019-08-21 05:56:00,673 | INFO  | SCMAudit | user=jenkins1000 | ip=192.168.69.91 | op=SEND_HEARTBEAT {datanodeUUID=046a392e-7484-4dfc-820d-faa08503447d, command=[]} | ret=SUCCESS |  
2019-08-21 05:56:00,866 | INFO  | SCMAudit | user=jenkins1000 | ip=192.168.69.91 | op=SEND_HEARTBEAT {datanodeUUID=4794a7d0-d8e2-4005-aaca-0a56e39fce16, command=[]} | ret=SUCCESS |  
2019-08-21 05:56:01,210 | INFO  | SCMAudit | user=jenkins1000 | ip=192.168.69.91 | op=SEND_HEARTBEAT {datanodeUUID=3c17af02-f769-4730-87e1-6a78a05442cb, command=[]} | ret=SUCCESS |  
2019-08-21 05:56:01,237 | INFO  | SCMAudit | user=jenkins1000 | ip=192.168.69.91 | op=SEND_HEARTBEAT {datanodeUUID=625627db-20f6-4593-9222-21b617438b7f, command=[]} | ret=SUCCESS |  
2019-08-21 05:56:01,239 | INFO  | SCMAudit | user=jenkins1000 | ip=192.168.69.91 | op=SEND_HEARTBEAT {datanodeUUID=f101476e-c990-429e-921c-5f445731959e, command=[]} | ret=SUCCESS |  
2019-08-21 05:56:01,313 | INFO  | SCMAudit | user=jenkins1000 | ip=192.168.69.91 | op=SEND_HEARTBEAT {datanodeUUID=49ab72ed-ff76-4952-870c-a3cea42cdb24, command=[]} | ret=SUCCESS |  
2019-08-21 05:56:01,503 | INFO  | SCMAudit | user=jenkins1000 | ip=192.168.69.91 | op=SEND_HEARTBEAT {datanodeUUID=3fd580a5-fd1e-4f13-9f88-976f7db82376, command=[]} | ret=SUCCESS |  
2019-08-21 05:56:01,673 | INFO  | SCMAudit | user=jenkins1000 | ip=192.168.69.91 | op=SEND_HEARTBEAT {datanodeUUID=046a392e-7484-4dfc-820d-faa08503447d, command=[]} | ret=SUCCESS |  
2019-08-21 05:56:01,865 | INFO  | SCMAudit | user=jenkins1000 | ip=192.168.69.91 | op=SEND_HEARTBEAT {datanodeUUID=4794a7d0-d8e2-4005-aaca-0a56e39fce16, command=[]} | ret=SUCCESS |  
2019-08-21 05:56:02,210 | INFO  | SCMAudit | user=jenkins1000 | ip=192.168.69.91 | op=SEND_HEARTBEAT {datanodeUUID=3c17af02-f769-4730-87e1-6a78a05442cb, command=[]} | ret=SUCCESS |  
2019-08-21 05:56:02,238 | INFO  | SCMAudit | user=jenkins1000 | ip=192.168.69.91 | op=SEND_HEARTBEAT {datanodeUUID=625627db-20f6-4593-9222-21b617438b7f, command=[]} | ret=SUCCESS |  
2019-08-21 05:56:02,238 | INFO  | SCMAudit | user=jenkins1000 | ip=192.168.69.91 | op=SEND_HEARTBEAT {datanodeUUID=f101476e-c990-429e-921c-5f445731959e, command=[]} | ret=SUCCESS |  
2019-08-21 05:56:02,312 | INFO  | SCMAudit | user=jenkins1000 | ip=192.168.69.91 | op=SEND_HEARTBEAT {datanodeUUID=49ab72ed-ff76-4952-870c-a3cea42cdb24, command=[]} | ret=SUCCESS |  
2019-08-21 05:56:02,505 | INFO  | SCMAudit | user=jenkins1000 | ip=192.168.69.91 | op=SEND_HEARTBEAT {datanodeUUID=3fd580a5-fd1e-4f13-9f88-976f7db82376, command=[]} | ret=SUCCESS |  
2019-08-21 05:56:02,672 | INFO  | SCMAudit | user=jenkins1000 | ip=192.168.69.91 | op=SEND_HEARTBEAT {datanodeUUID=046a392e-7484-4dfc-820d-faa08503447d, command=[]} | ret=SUCCESS |  
2019-08-21 05:56:02,865 | INFO  | SCMAudit | user=jenkins1000 | ip=192.168.69.91 | op=SEND_HEARTBEAT {datanodeUUID=4794a7d0-d8e2-4005-aaca-0a56e39fce16, command=[]} | ret=SUCCESS |  
2019-08-21 05:56:03,210 | INFO  | SCMAudit | user=jenkins1000 | ip=192.168.69.91 | op=SEND_HEARTBEAT {datanodeUUID=3c17af02-f769-4730-87e1-6a78a05442cb, command=[]} | ret=SUCCESS |  
2019-08-21 05:56:03,237 | INFO  | SCMAudit | user=jenkins1000 | ip=192.168.69.91 | op=SEND_HEARTBEAT {datanodeUUID=625627db-20f6-4593-9222-21b617438b7f, command=[]} | ret=SUCCESS |  
2019-08-21 05:56:03,238 | INFO  | SCMAudit | user=jenkins1000 | ip=192.168.69.91 | op=SEND_HEARTBEAT {datanodeUUID=f101476e-c990-429e-921c-5f445731959e, command=[]} | ret=SUCCESS |  
2019-08-21 05:56:03,313 | INFO  | SCMAudit | user=jenkins1000 | ip=192.168.69.91 | op=SEND_HEARTBEAT {datanodeUUID=49ab72ed-ff76-4952-870c-a3cea42cdb24, command=[]} | ret=SUCCESS |  
2019-08-21 05:56:03,504 | INFO  | SCMAudit | user=jenkins1000 | ip=192.168.69.91 | op=SEND_HEARTBEAT {datanodeUUID=3fd580a5-fd1e-4f13-9f88-976f7db82376, command=[]} | ret=SUCCESS |  
2019-08-21 05:56:03,539 [grpc-default-executor-0] INFO  client.GrpcClientProtocolClient (GrpcClientProtocolClient.java:onNext(255)) - client-5E3AA808964E->625627db-20f6-4593-9222-21b617438b7f: receive RaftClientReply:client-5E3AA808964E->625627db-20f6-4593-9222-21b617438b7f@group-ED3E36EC8233, cid=45, FAILED org.apache.ratis.protocol.NotLeaderException: Server 625627db-20f6-4593-9222-21b617438b7f is not the leader (3c17af02-f769-4730-87e1-6a78a05442cb:192.168.69.91:45466). Request must be sent to leader., logIndex=0, commits[625627db-20f6-4593-9222-21b617438b7f:c8, f101476e-c990-429e-921c-5f445731959e:c8, 3c17af02-f769-4730-87e1-6a78a05442cb:c8]
2019-08-21 05:56:03,672 | INFO  | SCMAudit | user=jenkins1000 | ip=192.168.69.91 | op=SEND_HEARTBEAT {datanodeUUID=046a392e-7484-4dfc-820d-faa08503447d, command=[]} | ret=SUCCESS |  
2019-08-21 05:56:03,866 | INFO  | SCMAudit | user=jenkins1000 | ip=192.168.69.91 | op=SEND_HEARTBEAT {datanodeUUID=4794a7d0-d8e2-4005-aaca-0a56e39fce16, command=[]} | ret=SUCCESS |  
2019-08-21 05:56:04,209 | INFO  | SCMAudit | user=jenkins1000 | ip=192.168.69.91 | op=SEND_HEARTBEAT {datanodeUUID=3c17af02-f769-4730-87e1-6a78a05442cb, command=[]} | ret=SUCCESS |  
2019-08-21 05:56:04,237 | INFO  | SCMAudit | user=jenkins1000 | ip=192.168.69.91 | op=SEND_HEARTBEAT {datanodeUUID=625627db-20f6-4593-9222-21b617438b7f, command=[]} | ret=SUCCESS |  
2019-08-21 05:56:04,238 | INFO  | SCMAudit | user=jenkins1000 | ip=192.168.69.91 | op=SEND_HEARTBEAT {datanodeUUID=f101476e-c990-429e-921c-5f445731959e, command=[]} | ret=SUCCESS |  
2019-08-21 05:56:04,313 | INFO  | SCMAudit | user=jenkins1000 | ip=192.168.69.91 | op=SEND_HEARTBEAT {datanodeUUID=49ab72ed-ff76-4952-870c-a3cea42cdb24, command=[]} | ret=SUCCESS |  
2019-08-21 05:56:04,504 | INFO  | SCMAudit | user=jenkins1000 | ip=192.168.69.91 | op=SEND_HEARTBEAT {datanodeUUID=3fd580a5-fd1e-4f13-9f88-976f7db82376, command=[]} | ret=SUCCESS |  
2019-08-21 05:56:04,673 | INFO  | SCMAudit | user=jenkins1000 | ip=192.168.69.91 | op=SEND_HEARTBEAT {datanodeUUID=046a392e-7484-4dfc-820d-faa08503447d, command=[]} | ret=SUCCESS |  
2019-08-21 05:56:04,866 | INFO  | SCMAudit | user=jenkins1000 | ip=192.168.69.91 | op=SEND_HEARTBEAT {datanodeUUID=4794a7d0-d8e2-4005-aaca-0a56e39fce16, command=[]} | ret=SUCCESS |  
2019-08-21 05:56:05,209 | INFO  | SCMAudit | user=jenkins1000 | ip=192.168.69.91 | op=SEND_HEARTBEAT {datanodeUUID=3c17af02-f769-4730-87e1-6a78a05442cb, command=[]} | ret=SUCCESS |  
2019-08-21 05:56:05,238 | INFO  | SCMAudit | user=jenkins1000 | ip=192.168.69.91 | op=SEND_HEARTBEAT {datanodeUUID=625627db-20f6-4593-9222-21b617438b7f, command=[]} | ret=SUCCESS |  
2019-08-21 05:56:05,238 | INFO  | SCMAudit | user=jenkins1000 | ip=192.168.69.91 | op=SEND_HEARTBEAT {datanodeUUID=f101476e-c990-429e-921c-5f445731959e, command=[]} | ret=SUCCESS |  
2019-08-21 05:56:05,314 | INFO  | SCMAudit | user=jenkins1000 | ip=192.168.69.91 | op=SEND_HEARTBEAT {datanodeUUID=49ab72ed-ff76-4952-870c-a3cea42cdb24, command=[]} | ret=SUCCESS |  
2019-08-21 05:56:05,504 | INFO  | SCMAudit | user=jenkins1000 | ip=192.168.69.91 | op=SEND_HEARTBEAT {datanodeUUID=3fd580a5-fd1e-4f13-9f88-976f7db82376, command=[]} | ret=SUCCESS |  
2019-08-21 05:56:05,673 | INFO  | SCMAudit | user=jenkins1000 | ip=192.168.69.91 | op=SEND_HEARTBEAT {datanodeUUID=046a392e-7484-4dfc-820d-faa08503447d, command=[]} | ret=SUCCESS |  
2019-08-21 05:56:05,866 | INFO  | SCMAudit | user=jenkins1000 | ip=192.168.69.91 | op=SEND_HEARTBEAT {datanodeUUID=4794a7d0-d8e2-4005-aaca-0a56e39fce16, command=[]} | ret=SUCCESS |  
2019-08-21 05:56:06,210 | INFO  | SCMAudit | user=jenkins1000 | ip=192.168.69.91 | op=SEND_HEARTBEAT {datanodeUUID=3c17af02-f769-4730-87e1-6a78a05442cb, command=[]} | ret=SUCCESS |  
2019-08-21 05:56:06,237 | INFO  | SCMAudit | user=jenkins1000 | ip=192.168.69.91 | op=SEND_HEARTBEAT {datanodeUUID=625627db-20f6-4593-9222-21b617438b7f, command=[]} | ret=SUCCESS |  
2019-08-21 05:56:06,238 | INFO  | SCMAudit | user=jenkins1000 | ip=192.168.69.91 | op=SEND_HEARTBEAT {datanodeUUID=f101476e-c990-429e-921c-5f445731959e, command=[]} | ret=SUCCESS |  
2019-08-21 05:56:06,313 | INFO  | SCMAudit | user=jenkins1000 | ip=192.168.69.91 | op=SEND_HEARTBEAT {datanodeUUID=49ab72ed-ff76-4952-870c-a3cea42cdb24, command=[]} | ret=SUCCESS |  
2019-08-21 05:56:06,505 | INFO  | SCMAudit | user=jenkins1000 | ip=192.168.69.91 | op=SEND_HEARTBEAT {datanodeUUID=3fd580a5-fd1e-4f13-9f88-976f7db82376, command=[]} | ret=SUCCESS |  
2019-08-21 05:56:06,673 | INFO  | SCMAudit | user=jenkins1000 | ip=192.168.69.91 | op=SEND_HEARTBEAT {datanodeUUID=046a392e-7484-4dfc-820d-faa08503447d, command=[]} | ret=SUCCESS |  
2019-08-21 05:56:06,865 | INFO  | SCMAudit | user=jenkins1000 | ip=192.168.69.91 | op=SEND_HEARTBEAT {datanodeUUID=4794a7d0-d8e2-4005-aaca-0a56e39fce16, command=[]} | ret=SUCCESS |  
2019-08-21 05:56:07,209 | INFO  | SCMAudit | user=jenkins1000 | ip=192.168.69.91 | op=SEND_HEARTBEAT {datanodeUUID=3c17af02-f769-4730-87e1-6a78a05442cb, command=[]} | ret=SUCCESS |  
2019-08-21 05:56:07,237 | INFO  | SCMAudit | user=jenkins1000 | ip=192.168.69.91 | op=SEND_HEARTBEAT {datanodeUUID=625627db-20f6-4593-9222-21b617438b7f, command=[]} | ret=SUCCESS |  
2019-08-21 05:56:07,238 | INFO  | SCMAudit | user=jenkins1000 | ip=192.168.69.91 | op=SEND_HEARTBEAT {datanodeUUID=f101476e-c990-429e-921c-5f445731959e, command=[]} | ret=SUCCESS |  
2019-08-21 05:56:07,313 | INFO  | SCMAudit | user=jenkins1000 | ip=192.168.69.91 | op=SEND_HEARTBEAT {datanodeUUID=49ab72ed-ff76-4952-870c-a3cea42cdb24, command=[]} | ret=SUCCESS |  
2019-08-21 05:56:07,506 | INFO  | SCMAudit | user=jenkins1000 | ip=192.168.69.91 | op=SEND_HEARTBEAT {datanodeUUID=3fd580a5-fd1e-4f13-9f88-976f7db82376, command=[]} | ret=SUCCESS |  
2019-08-21 05:56:07,672 | INFO  | SCMAudit | user=jenkins1000 | ip=192.168.69.91 | op=SEND_HEARTBEAT {datanodeUUID=046a392e-7484-4dfc-820d-faa08503447d, command=[]} | ret=SUCCESS |  
2019-08-21 05:56:07,865 | INFO  | SCMAudit | user=jenkins1000 | ip=192.168.69.91 | op=SEND_HEARTBEAT {datanodeUUID=4794a7d0-d8e2-4005-aaca-0a56e39fce16, command=[]} | ret=SUCCESS |  
2019-08-21 05:56:08,209 | INFO  | SCMAudit | user=jenkins1000 | ip=192.168.69.91 | op=SEND_HEARTBEAT {datanodeUUID=3c17af02-f769-4730-87e1-6a78a05442cb, command=[]} | ret=SUCCESS |  
2019-08-21 05:56:08,237 | INFO  | SCMAudit | user=jenkins1000 | ip=192.168.69.91 | op=SEND_HEARTBEAT {datanodeUUID=625627db-20f6-4593-9222-21b617438b7f, command=[]} | ret=SUCCESS |  
2019-08-21 05:56:08,238 | INFO  | SCMAudit | user=jenkins1000 | ip=192.168.69.91 | op=SEND_HEARTBEAT {datanodeUUID=f101476e-c990-429e-921c-5f445731959e, command=[]} | ret=SUCCESS |  
2019-08-21 05:56:08,314 | INFO  | SCMAudit | user=jenkins1000 | ip=192.168.69.91 | op=SEND_HEARTBEAT {datanodeUUID=49ab72ed-ff76-4952-870c-a3cea42cdb24, command=[]} | ret=SUCCESS |  
2019-08-21 05:56:08,505 | INFO  | SCMAudit | user=jenkins1000 | ip=192.168.69.91 | op=SEND_HEARTBEAT {datanodeUUID=3fd580a5-fd1e-4f13-9f88-976f7db82376, command=[]} | ret=SUCCESS |  
2019-08-21 05:56:08,594 [grpc-default-executor-3] INFO  client.GrpcClientProtocolClient (GrpcClientProtocolClient.java:onNext(255)) - client-5E3AA808964E->625627db-20f6-4593-9222-21b617438b7f: receive RaftClientReply:client-5E3AA808964E->625627db-20f6-4593-9222-21b617438b7f@group-ED3E36EC8233, cid=45, FAILED org.apache.ratis.protocol.NotLeaderException: Server 625627db-20f6-4593-9222-21b617438b7f is not the leader (3c17af02-f769-4730-87e1-6a78a05442cb:192.168.69.91:45466). Request must be sent to leader., logIndex=0, commits[625627db-20f6-4593-9222-21b617438b7f:c8, f101476e-c990-429e-921c-5f445731959e:c8, 3c17af02-f769-4730-87e1-6a78a05442cb:c8]
2019-08-21 05:56:08,672 | INFO  | SCMAudit | user=jenkins1000 | ip=192.168.69.91 | op=SEND_HEARTBEAT {datanodeUUID=046a392e-7484-4dfc-820d-faa08503447d, command=[]} | ret=SUCCESS |  
2019-08-21 05:56:08,866 | INFO  | SCMAudit | user=jenkins1000 | ip=192.168.69.91 | op=SEND_HEARTBEAT {datanodeUUID=4794a7d0-d8e2-4005-aaca-0a56e39fce16, command=[]} | ret=SUCCESS |  
2019-08-21 05:56:09,210 | INFO  | SCMAudit | user=jenkins1000 | ip=192.168.69.91 | op=SEND_HEARTBEAT {datanodeUUID=3c17af02-f769-4730-87e1-6a78a05442cb, command=[]} | ret=SUCCESS |  
2019-08-21 05:56:09,237 | INFO  | SCMAudit | user=jenkins1000 | ip=192.168.69.91 | op=SEND_HEARTBEAT {datanodeUUID=625627db-20f6-4593-9222-21b617438b7f, command=[]} | ret=SUCCESS |  
2019-08-21 05:56:09,238 | INFO  | SCMAudit | user=jenkins1000 | ip=192.168.69.91 | op=SEND_HEARTBEAT {datanodeUUID=f101476e-c990-429e-921c-5f445731959e, command=[]} | ret=SUCCESS |  
2019-08-21 05:56:09,314 | INFO  | SCMAudit | user=jenkins1000 | ip=192.168.69.91 | op=SEND_HEARTBEAT {datanodeUUID=49ab72ed-ff76-4952-870c-a3cea42cdb24, command=[]} | ret=SUCCESS |  
2019-08-21 05:56:09,506 | INFO  | SCMAudit | user=jenkins1000 | ip=192.168.69.91 | op=SEND_HEARTBEAT {datanodeUUID=3fd580a5-fd1e-4f13-9f88-976f7db82376, command=[]} | ret=SUCCESS |  
2019-08-21 05:56:09,672 | INFO  | SCMAudit | user=jenkins1000 | ip=192.168.69.91 | op=SEND_HEARTBEAT {datanodeUUID=046a392e-7484-4dfc-820d-faa08503447d, command=[]} | ret=SUCCESS |  
2019-08-21 05:56:09,865 | INFO  | SCMAudit | user=jenkins1000 | ip=192.168.69.91 | op=SEND_HEARTBEAT {datanodeUUID=4794a7d0-d8e2-4005-aaca-0a56e39fce16, command=[]} | ret=SUCCESS |  
2019-08-21 05:56:10,211 | INFO  | SCMAudit | user=jenkins1000 | ip=192.168.69.91 | op=SEND_HEARTBEAT {datanodeUUID=3c17af02-f769-4730-87e1-6a78a05442cb, command=[]} | ret=SUCCESS |  
2019-08-21 05:56:10,238 | INFO  | SCMAudit | user=jenkins1000 | ip=192.168.69.91 | op=SEND_HEARTBEAT {datanodeUUID=625627db-20f6-4593-9222-21b617438b7f, command=[]} | ret=SUCCESS |  
2019-08-21 05:56:10,238 | INFO  | SCMAudit | user=jenkins1000 | ip=192.168.69.91 | op=SEND_HEARTBEAT {datanodeUUID=f101476e-c990-429e-921c-5f445731959e, command=[]} | ret=SUCCESS |  
2019-08-21 05:56:10,314 | INFO  | SCMAudit | user=jenkins1000 | ip=192.168.69.91 | op=SEND_HEARTBEAT {datanodeUUID=49ab72ed-ff76-4952-870c-a3cea42cdb24, command=[]} | ret=SUCCESS |  
2019-08-21 05:56:10,506 | INFO  | SCMAudit | user=jenkins1000 | ip=192.168.69.91 | op=SEND_HEARTBEAT {datanodeUUID=3fd580a5-fd1e-4f13-9f88-976f7db82376, command=[]} | ret=SUCCESS |  
2019-08-21 05:56:10,672 | INFO  | SCMAudit | user=jenkins1000 | ip=192.168.69.91 | op=SEND_HEARTBEAT {datanodeUUID=046a392e-7484-4dfc-820d-faa08503447d, command=[]} | ret=SUCCESS |  
2019-08-21 05:56:10,866 | INFO  | SCMAudit | user=jenkins1000 | ip=192.168.69.91 | op=SEND_HEARTBEAT {datanodeUUID=4794a7d0-d8e2-4005-aaca-0a56e39fce16, command=[]} | ret=SUCCESS |  
2019-08-21 05:56:11,212 | INFO  | SCMAudit | user=jenkins1000 | ip=192.168.69.91 | op=SEND_HEARTBEAT {datanodeUUID=3c17af02-f769-4730-87e1-6a78a05442cb, command=[]} | ret=SUCCESS |  
2019-08-21 05:56:11,238 | INFO  | SCMAudit | user=jenkins1000 | ip=192.168.69.91 | op=SEND_HEARTBEAT {datanodeUUID=f101476e-c990-429e-921c-5f445731959e, command=[]} | ret=SUCCESS |  
2019-08-21 05:56:11,238 | INFO  | SCMAudit | user=jenkins1000 | ip=192.168.69.91 | op=SEND_HEARTBEAT {datanodeUUID=625627db-20f6-4593-9222-21b617438b7f, command=[]} | ret=SUCCESS |  
2019-08-21 05:56:11,315 | INFO  | SCMAudit | user=jenkins1000 | ip=192.168.69.91 | op=SEND_HEARTBEAT {datanodeUUID=49ab72ed-ff76-4952-870c-a3cea42cdb24, command=[]} | ret=SUCCESS |  
2019-08-21 05:56:11,505 | INFO  | SCMAudit | user=jenkins1000 | ip=192.168.69.91 | op=SEND_HEARTBEAT {datanodeUUID=3fd580a5-fd1e-4f13-9f88-976f7db82376, command=[]} | ret=SUCCESS |  
2019-08-21 05:56:11,673 | INFO  | SCMAudit | user=jenkins1000 | ip=192.168.69.91 | op=SEND_HEARTBEAT {datanodeUUID=046a392e-7484-4dfc-820d-faa08503447d, command=[]} | ret=SUCCESS |  
2019-08-21 05:56:11,867 | INFO  | SCMAudit | user=jenkins1000 | ip=192.168.69.91 | op=SEND_HEARTBEAT {datanodeUUID=4794a7d0-d8e2-4005-aaca-0a56e39fce16, command=[]} | ret=SUCCESS |  
2019-08-21 05:56:12,211 | INFO  | SCMAudit | user=jenkins1000 | ip=192.168.69.91 | op=SEND_HEARTBEAT {datanodeUUID=3c17af02-f769-4730-87e1-6a78a05442cb, command=[]} | ret=SUCCESS |  
2019-08-21 05:56:12,238 | INFO  | SCMAudit | user=jenkins1000 | ip=192.168.69.91 | op=SEND_HEARTBEAT {datanodeUUID=625627db-20f6-4593-9222-21b617438b7f, command=[]} | ret=SUCCESS |  
2019-08-21 05:56:12,238 | INFO  | SCMAudit | user=jenkins1000 | ip=192.168.69.91 | op=SEND_HEARTBEAT {datanodeUUID=f101476e-c990-429e-921c-5f445731959e, command=[]} | ret=SUCCESS |  
2019-08-21 05:56:12,316 | INFO  | SCMAudit | user=jenkins1000 | ip=192.168.69.91 | op=SEND_HEARTBEAT {datanodeUUID=49ab72ed-ff76-4952-870c-a3cea42cdb24, command=[]} | ret=SUCCESS |  
2019-08-21 05:56:12,506 | INFO  | SCMAudit | user=jenkins1000 | ip=192.168.69.91 | op=SEND_HEARTBEAT {datanodeUUID=3fd580a5-fd1e-4f13-9f88-976f7db82376, command=[]} | ret=SUCCESS |  
2019-08-21 05:56:12,674 | INFO  | SCMAudit | user=jenkins1000 | ip=192.168.69.91 | op=SEND_HEARTBEAT {datanodeUUID=046a392e-7484-4dfc-820d-faa08503447d, command=[]} | ret=SUCCESS |  
2019-08-21 05:56:12,867 | INFO  | SCMAudit | user=jenkins1000 | ip=192.168.69.91 | op=SEND_HEARTBEAT {datanodeUUID=4794a7d0-d8e2-4005-aaca-0a56e39fce16, command=[]} | ret=SUCCESS |  
2019-08-21 05:56:13,211 | INFO  | SCMAudit | user=jenkins1000 | ip=192.168.69.91 | op=SEND_HEARTBEAT {datanodeUUID=3c17af02-f769-4730-87e1-6a78a05442cb, command=[]} | ret=SUCCESS |  
2019-08-21 05:56:13,239 | INFO  | SCMAudit | user=jenkins1000 | ip=192.168.69.91 | op=SEND_HEARTBEAT {datanodeUUID=625627db-20f6-4593-9222-21b617438b7f, command=[]} | ret=SUCCESS |  
2019-08-21 05:56:13,239 | INFO  | SCMAudit | user=jenkins1000 | ip=192.168.69.91 | op=SEND_HEARTBEAT {datanodeUUID=f101476e-c990-429e-921c-5f445731959e, command=[]} | ret=SUCCESS |  
2019-08-21 05:56:13,315 | INFO  | SCMAudit | user=jenkins1000 | ip=192.168.69.91 | op=SEND_HEARTBEAT {datanodeUUID=49ab72ed-ff76-4952-870c-a3cea42cdb24, command=[]} | ret=SUCCESS |  
2019-08-21 05:56:13,507 | INFO  | SCMAudit | user=jenkins1000 | ip=192.168.69.91 | op=SEND_HEARTBEAT {datanodeUUID=3fd580a5-fd1e-4f13-9f88-976f7db82376, command=[]} | ret=SUCCESS |  
2019-08-21 05:56:13,638 [grpc-default-executor-0] INFO  client.GrpcClientProtocolClient (GrpcClientProtocolClient.java:onNext(255)) - client-5E3AA808964E->f101476e-c990-429e-921c-5f445731959e: receive RaftClientReply:client-5E3AA808964E->f101476e-c990-429e-921c-5f445731959e@group-ED3E36EC8233, cid=45, FAILED org.apache.ratis.protocol.NotLeaderException: Server f101476e-c990-429e-921c-5f445731959e is not the leader (3c17af02-f769-4730-87e1-6a78a05442cb:192.168.69.91:45466). Request must be sent to leader., logIndex=0, commits[f101476e-c990-429e-921c-5f445731959e:c8, 3c17af02-f769-4730-87e1-6a78a05442cb:c8, 625627db-20f6-4593-9222-21b617438b7f:c8]
2019-08-21 05:56:13,673 | INFO  | SCMAudit | user=jenkins1000 | ip=192.168.69.91 | op=SEND_HEARTBEAT {datanodeUUID=046a392e-7484-4dfc-820d-faa08503447d, command=[]} | ret=SUCCESS |  
2019-08-21 05:56:13,867 | INFO  | SCMAudit | user=jenkins1000 | ip=192.168.69.91 | op=SEND_HEARTBEAT {datanodeUUID=4794a7d0-d8e2-4005-aaca-0a56e39fce16, command=[]} | ret=SUCCESS |  
2019-08-21 05:56:14,212 | INFO  | SCMAudit | user=jenkins1000 | ip=192.168.69.91 | op=SEND_HEARTBEAT {datanodeUUID=3c17af02-f769-4730-87e1-6a78a05442cb, command=[]} | ret=SUCCESS |  
2019-08-21 05:56:14,238 | INFO  | SCMAudit | user=jenkins1000 | ip=192.168.69.91 | op=SEND_HEARTBEAT {datanodeUUID=625627db-20f6-4593-9222-21b617438b7f, command=[]} | ret=SUCCESS |  
2019-08-21 05:56:14,238 | INFO  | SCMAudit | user=jenkins1000 | ip=192.168.69.91 | op=SEND_HEARTBEAT {datanodeUUID=f101476e-c990-429e-921c-5f445731959e, command=[]} | ret=SUCCESS |  
2019-08-21 05:56:14,315 | INFO  | SCMAudit | user=jenkins1000 | ip=192.168.69.91 | op=SEND_HEARTBEAT {datanodeUUID=49ab72ed-ff76-4952-870c-a3cea42cdb24, command=[]} | ret=SUCCESS |  
2019-08-21 05:56:14,506 | INFO  | SCMAudit | user=jenkins1000 | ip=192.168.69.91 | op=SEND_HEARTBEAT {datanodeUUID=3fd580a5-fd1e-4f13-9f88-976f7db82376, command=[]} | ret=SUCCESS |  
2019-08-21 05:56:14,674 | INFO  | SCMAudit | user=jenkins1000 | ip=192.168.69.91 | op=SEND_HEARTBEAT {datanodeUUID=046a392e-7484-4dfc-820d-faa08503447d, command=[]} | ret=SUCCESS |  
2019-08-21 05:56:14,866 | INFO  | SCMAudit | user=jenkins1000 | ip=192.168.69.91 | op=SEND_HEARTBEAT {datanodeUUID=4794a7d0-d8e2-4005-aaca-0a56e39fce16, command=[]} | ret=SUCCESS |  
2019-08-21 05:56:15,211 | INFO  | SCMAudit | user=jenkins1000 | ip=192.168.69.91 | op=SEND_HEARTBEAT {datanodeUUID=3c17af02-f769-4730-87e1-6a78a05442cb, command=[]} | ret=SUCCESS |  
2019-08-21 05:56:15,238 | INFO  | SCMAudit | user=jenkins1000 | ip=192.168.69.91 | op=SEND_HEARTBEAT {datanodeUUID=625627db-20f6-4593-9222-21b617438b7f, command=[]} | ret=SUCCESS |  
2019-08-21 05:56:15,238 | INFO  | SCMAudit | user=jenkins1000 | ip=192.168.69.91 | op=SEND_HEARTBEAT {datanodeUUID=f101476e-c990-429e-921c-5f445731959e, command=[]} | ret=SUCCESS |  
2019-08-21 05:56:15,316 | INFO  | SCMAudit | user=jenkins1000 | ip=192.168.69.91 | op=SEND_HEARTBEAT {datanodeUUID=49ab72ed-ff76-4952-870c-a3cea42cdb24, command=[]} | ret=SUCCESS |  
2019-08-21 05:56:15,507 | INFO  | SCMAudit | user=jenkins1000 | ip=192.168.69.91 | op=SEND_HEARTBEAT {datanodeUUID=3fd580a5-fd1e-4f13-9f88-976f7db82376, command=[]} | ret=SUCCESS |  
2019-08-21 05:56:15,674 | INFO  | SCMAudit | user=jenkins1000 | ip=192.168.69.91 | op=SEND_HEARTBEAT {datanodeUUID=046a392e-7484-4dfc-820d-faa08503447d, command=[]} | ret=SUCCESS |  
2019-08-21 05:56:15,867 | INFO  | SCMAudit | user=jenkins1000 | ip=192.168.69.91 | op=SEND_HEARTBEAT {datanodeUUID=4794a7d0-d8e2-4005-aaca-0a56e39fce16, command=[]} | ret=SUCCESS |  
2019-08-21 05:56:16,211 | INFO  | SCMAudit | user=jenkins1000 | ip=192.168.69.91 | op=SEND_HEARTBEAT {datanodeUUID=3c17af02-f769-4730-87e1-6a78a05442cb, command=[]} | ret=SUCCESS |  
2019-08-21 05:56:16,239 | INFO  | SCMAudit | user=jenkins1000 | ip=192.168.69.91 | op=SEND_HEARTBEAT {datanodeUUID=f101476e-c990-429e-921c-5f445731959e, command=[]} | ret=SUCCESS |  
2019-08-21 05:56:16,239 | INFO  | SCMAudit | user=jenkins1000 | ip=192.168.69.91 | op=SEND_HEARTBEAT {datanodeUUID=625627db-20f6-4593-9222-21b617438b7f, command=[]} | ret=SUCCESS |  
2019-08-21 05:56:16,315 | INFO  | SCMAudit | user=jenkins1000 | ip=192.168.69.91 | op=SEND_HEARTBEAT {datanodeUUID=49ab72ed-ff76-4952-870c-a3cea42cdb24, command=[]} | ret=SUCCESS |  
2019-08-21 05:56:16,506 | INFO  | SCMAudit | user=jenkins1000 | ip=192.168.69.91 | op=SEND_HEARTBEAT {datanodeUUID=3fd580a5-fd1e-4f13-9f88-976f7db82376, command=[]} | ret=SUCCESS |  
2019-08-21 05:56:16,673 | INFO  | SCMAudit | user=jenkins1000 | ip=192.168.69.91 | op=SEND_HEARTBEAT {datanodeUUID=046a392e-7484-4dfc-820d-faa08503447d, command=[]} | ret=SUCCESS |  
2019-08-21 05:56:16,867 | INFO  | SCMAudit | user=jenkins1000 | ip=192.168.69.91 | op=SEND_HEARTBEAT {datanodeUUID=4794a7d0-d8e2-4005-aaca-0a56e39fce16, command=[]} | ret=SUCCESS |  
2019-08-21 05:56:17,212 | INFO  | SCMAudit | user=jenkins1000 | ip=192.168.69.91 | op=SEND_HEARTBEAT {datanodeUUID=3c17af02-f769-4730-87e1-6a78a05442cb, command=[]} | ret=SUCCESS |  
2019-08-21 05:56:17,239 | INFO  | SCMAudit | user=jenkins1000 | ip=192.168.69.91 | op=SEND_HEARTBEAT {datanodeUUID=625627db-20f6-4593-9222-21b617438b7f, command=[]} | ret=SUCCESS |  
2019-08-21 05:56:17,239 | INFO  | SCMAudit | user=jenkins1000 | ip=192.168.69.91 | op=SEND_HEARTBEAT {datanodeUUID=f101476e-c990-429e-921c-5f445731959e, command=[]} | ret=SUCCESS |  
2019-08-21 05:56:17,316 | INFO  | SCMAudit | user=jenkins1000 | ip=192.168.69.91 | op=SEND_HEARTBEAT {datanodeUUID=49ab72ed-ff76-4952-870c-a3cea42cdb24, command=[]} | ret=SUCCESS |  
2019-08-21 05:56:17,506 | INFO  | SCMAudit | user=jenkins1000 | ip=192.168.69.91 | op=SEND_HEARTBEAT {datanodeUUID=3fd580a5-fd1e-4f13-9f88-976f7db82376, command=[]} | ret=SUCCESS |  
2019-08-21 05:56:17,673 | INFO  | SCMAudit | user=jenkins1000 | ip=192.168.69.91 | op=SEND_HEARTBEAT {datanodeUUID=046a392e-7484-4dfc-820d-faa08503447d, command=[]} | ret=SUCCESS |  
2019-08-21 05:56:17,866 | INFO  | SCMAudit | user=jenkins1000 | ip=192.168.69.91 | op=SEND_HEARTBEAT {datanodeUUID=4794a7d0-d8e2-4005-aaca-0a56e39fce16, command=[]} | ret=SUCCESS |  
2019-08-21 05:56:18,211 | INFO  | SCMAudit | user=jenkins1000 | ip=192.168.69.91 | op=SEND_HEARTBEAT {datanodeUUID=3c17af02-f769-4730-87e1-6a78a05442cb, command=[]} | ret=SUCCESS |  
2019-08-21 05:56:18,239 | INFO  | SCMAudit | user=jenkins1000 | ip=192.168.69.91 | op=SEND_HEARTBEAT {datanodeUUID=625627db-20f6-4593-9222-21b617438b7f, command=[]} | ret=SUCCESS |  
2019-08-21 05:56:18,240 | INFO  | SCMAudit | user=jenkins1000 | ip=192.168.69.91 | op=SEND_HEARTBEAT {datanodeUUID=f101476e-c990-429e-921c-5f445731959e, command=[]} | ret=SUCCESS |  
2019-08-21 05:56:18,315 | INFO  | SCMAudit | user=jenkins1000 | ip=192.168.69.91 | op=SEND_HEARTBEAT {datanodeUUID=49ab72ed-ff76-4952-870c-a3cea42cdb24, command=[]} | ret=SUCCESS |  
2019-08-21 05:56:18,506 | INFO  | SCMAudit | user=jenkins1000 | ip=192.168.69.91 | op=SEND_HEARTBEAT {datanodeUUID=3fd580a5-fd1e-4f13-9f88-976f7db82376, command=[]} | ret=SUCCESS |  
2019-08-21 05:56:18,673 | INFO  | SCMAudit | user=jenkins1000 | ip=192.168.69.91 | op=SEND_HEARTBEAT {datanodeUUID=046a392e-7484-4dfc-820d-faa08503447d, command=[]} | ret=SUCCESS |  
2019-08-21 05:56:18,684 [grpc-default-executor-0] INFO  client.GrpcClientProtocolClient (GrpcClientProtocolClient.java:onNext(255)) - client-5E3AA808964E->625627db-20f6-4593-9222-21b617438b7f: receive RaftClientReply:client-5E3AA808964E->625627db-20f6-4593-9222-21b617438b7f@group-ED3E36EC8233, cid=45, FAILED org.apache.ratis.protocol.NotLeaderException: Server 625627db-20f6-4593-9222-21b617438b7f is not the leader (3c17af02-f769-4730-87e1-6a78a05442cb:192.168.69.91:45466). Request must be sent to leader., logIndex=0, commits[625627db-20f6-4593-9222-21b617438b7f:c8, f101476e-c990-429e-921c-5f445731959e:c8, 3c17af02-f769-4730-87e1-6a78a05442cb:c8]
2019-08-21 05:56:18,867 | INFO  | SCMAudit | user=jenkins1000 | ip=192.168.69.91 | op=SEND_HEARTBEAT {datanodeUUID=4794a7d0-d8e2-4005-aaca-0a56e39fce16, command=[]} | ret=SUCCESS |  
2019-08-21 05:56:19,212 | INFO  | SCMAudit | user=jenkins1000 | ip=192.168.69.91 | op=SEND_HEARTBEAT {datanodeUUID=3c17af02-f769-4730-87e1-6a78a05442cb, command=[]} | ret=SUCCESS |  
2019-08-21 05:56:19,240 | INFO  | SCMAudit | user=jenkins1000 | ip=192.168.69.91 | op=SEND_HEARTBEAT {datanodeUUID=625627db-20f6-4593-9222-21b617438b7f, command=[]} | ret=SUCCESS |  
2019-08-21 05:56:19,240 | INFO  | SCMAudit | user=jenkins1000 | ip=192.168.69.91 | op=SEND_HEARTBEAT {datanodeUUID=f101476e-c990-429e-921c-5f445731959e, command=[]} | ret=SUCCESS |  
2019-08-21 05:56:19,316 | INFO  | SCMAudit | user=jenkins1000 | ip=192.168.69.91 | op=SEND_HEARTBEAT {datanodeUUID=49ab72ed-ff76-4952-870c-a3cea42cdb24, command=[]} | ret=SUCCESS |  
2019-08-21 05:56:19,507 | INFO  | SCMAudit | user=jenkins1000 | ip=192.168.69.91 | op=SEND_HEARTBEAT {datanodeUUID=3fd580a5-fd1e-4f13-9f88-976f7db82376, command=[]} | ret=SUCCESS |  
2019-08-21 05:56:19,674 | INFO  | SCMAudit | user=jenkins1000 | ip=192.168.69.91 | op=SEND_HEARTBEAT {datanodeUUID=046a392e-7484-4dfc-820d-faa08503447d, command=[]} | ret=SUCCESS |  
2019-08-21 05:56:19,867 | INFO  | SCMAudit | user=jenkins1000 | ip=192.168.69.91 | op=SEND_HEARTBEAT {datanodeUUID=4794a7d0-d8e2-4005-aaca-0a56e39fce16, command=[]} | ret=SUCCESS |  
2019-08-21 05:56:20,212 | INFO  | SCMAudit | user=jenkins1000 | ip=192.168.69.91 | op=SEND_HEARTBEAT {datanodeUUID=3c17af02-f769-4730-87e1-6a78a05442cb, command=[]} | ret=SUCCESS |  
2019-08-21 05:56:20,239 | INFO  | SCMAudit | user=jenkins1000 | ip=192.168.69.91 | op=SEND_HEARTBEAT {datanodeUUID=625627db-20f6-4593-9222-21b617438b7f, command=[]} | ret=SUCCESS |  
2019-08-21 05:56:20,240 | INFO  | SCMAudit | user=jenkins1000 | ip=192.168.69.91 | op=SEND_HEARTBEAT {datanodeUUID=f101476e-c990-429e-921c-5f445731959e, command=[]} | ret=SUCCESS |  
2019-08-21 05:56:20,316 | INFO  | SCMAudit | user=jenkins1000 | ip=192.168.69.91 | op=SEND_HEARTBEAT {datanodeUUID=49ab72ed-ff76-4952-870c-a3cea42cdb24, command=[]} | ret=SUCCESS |  
2019-08-21 05:56:20,507 | INFO  | SCMAudit | user=jenkins1000 | ip=192.168.69.91 | op=SEND_HEARTBEAT {datanodeUUID=3fd580a5-fd1e-4f13-9f88-976f7db82376, command=[]} | ret=SUCCESS |  
2019-08-21 05:56:20,674 | INFO  | SCMAudit | user=jenkins1000 | ip=192.168.69.91 | op=SEND_HEARTBEAT {datanodeUUID=046a392e-7484-4dfc-820d-faa08503447d, command=[]} | ret=SUCCESS |  
2019-08-21 05:56:20,866 | INFO  | SCMAudit | user=jenkins1000 | ip=192.168.69.91 | op=SEND_HEARTBEAT {datanodeUUID=4794a7d0-d8e2-4005-aaca-0a56e39fce16, command=[]} | ret=SUCCESS |  
2019-08-21 05:56:21,212 | INFO  | SCMAudit | user=jenkins1000 | ip=192.168.69.91 | op=SEND_HEARTBEAT {datanodeUUID=3c17af02-f769-4730-87e1-6a78a05442cb, command=[]} | ret=SUCCESS |  
2019-08-21 05:56:21,239 | INFO  | SCMAudit | user=jenkins1000 | ip=192.168.69.91 | op=SEND_HEARTBEAT {datanodeUUID=625627db-20f6-4593-9222-21b617438b7f, command=[]} | ret=SUCCESS |  
2019-08-21 05:56:21,240 | INFO  | SCMAudit | user=jenkins1000 | ip=192.168.69.91 | op=SEND_HEARTBEAT {datanodeUUID=f101476e-c990-429e-921c-5f445731959e, command=[]} | ret=SUCCESS |  
2019-08-21 05:56:21,316 | INFO  | SCMAudit | user=jenkins1000 | ip=192.168.69.91 | op=SEND_HEARTBEAT {datanodeUUID=49ab72ed-ff76-4952-870c-a3cea42cdb24, command=[]} | ret=SUCCESS |  
2019-08-21 05:56:21,507 | INFO  | SCMAudit | user=jenkins1000 | ip=192.168.69.91 | op=SEND_HEARTBEAT {datanodeUUID=3fd580a5-fd1e-4f13-9f88-976f7db82376, command=[]} | ret=SUCCESS |  
2019-08-21 05:56:21,676 | INFO  | SCMAudit | user=jenkins1000 | ip=192.168.69.91 | op=SEND_HEARTBEAT {datanodeUUID=046a392e-7484-4dfc-820d-faa08503447d, command=[]} | ret=SUCCESS |  
2019-08-21 05:56:21,866 | INFO  | SCMAudit | user=jenkins1000 | ip=192.168.69.91 | op=SEND_HEARTBEAT {datanodeUUID=4794a7d0-d8e2-4005-aaca-0a56e39fce16, command=[]} | ret=SUCCESS |  
2019-08-21 05:56:22,211 | INFO  | SCMAudit | user=jenkins1000 | ip=192.168.69.91 | op=SEND_HEARTBEAT {datanodeUUID=3c17af02-f769-4730-87e1-6a78a05442cb, command=[]} | ret=SUCCESS |  
2019-08-21 05:56:22,240 | INFO  | SCMAudit | user=jenkins1000 | ip=192.168.69.91 | op=SEND_HEARTBEAT {datanodeUUID=625627db-20f6-4593-9222-21b617438b7f, command=[]} | ret=SUCCESS |  
2019-08-21 05:56:22,240 | INFO  | SCMAudit | user=jenkins1000 | ip=192.168.69.91 | op=SEND_HEARTBEAT {datanodeUUID=f101476e-c990-429e-921c-5f445731959e, command=[]} | ret=SUCCESS |  
2019-08-21 05:56:22,315 | INFO  | SCMAudit | user=jenkins1000 | ip=192.168.69.91 | op=SEND_HEARTBEAT {datanodeUUID=49ab72ed-ff76-4952-870c-a3cea42cdb24, command=[]} | ret=SUCCESS |  
2019-08-21 05:56:22,508 | INFO  | SCMAudit | user=jenkins1000 | ip=192.168.69.91 | op=SEND_HEARTBEAT {datanodeUUID=3fd580a5-fd1e-4f13-9f88-976f7db82376, command=[]} | ret=SUCCESS |  
2019-08-21 05:56:22,675 | INFO  | SCMAudit | user=jenkins1000 | ip=192.168.69.91 | op=SEND_HEARTBEAT {datanodeUUID=046a392e-7484-4dfc-820d-faa08503447d, command=[]} | ret=SUCCESS |  
2019-08-21 05:56:22,869 | INFO  | SCMAudit | user=jenkins1000 | ip=192.168.69.91 | op=SEND_HEARTBEAT {datanodeUUID=4794a7d0-d8e2-4005-aaca-0a56e39fce16, command=[]} | ret=SUCCESS |  
2019-08-21 05:56:23,211 | INFO  | SCMAudit | user=jenkins1000 | ip=192.168.69.91 | op=SEND_HEARTBEAT {datanodeUUID=3c17af02-f769-4730-87e1-6a78a05442cb, command=[]} | ret=SUCCESS |  
2019-08-21 05:56:23,239 | INFO  | SCMAudit | user=jenkins1000 | ip=192.168.69.91 | op=SEND_HEARTBEAT {datanodeUUID=625627db-20f6-4593-9222-21b617438b7f, command=[]} | ret=SUCCESS |  
2019-08-21 05:56:23,241 | INFO  | SCMAudit | user=jenkins1000 | ip=192.168.69.91 | op=SEND_HEARTBEAT {datanodeUUID=f101476e-c990-429e-921c-5f445731959e, command=[]} | ret=SUCCESS |  
2019-08-21 05:56:23,315 | INFO  | SCMAudit | user=jenkins1000 | ip=192.168.69.91 | op=SEND_HEARTBEAT {datanodeUUID=49ab72ed-ff76-4952-870c-a3cea42cdb24, command=[]} | ret=SUCCESS |  
2019-08-21 05:56:23,508 | INFO  | SCMAudit | user=jenkins1000 | ip=192.168.69.91 | op=SEND_HEARTBEAT {datanodeUUID=3fd580a5-fd1e-4f13-9f88-976f7db82376, command=[]} | ret=SUCCESS |  
2019-08-21 05:56:23,675 | INFO  | SCMAudit | user=jenkins1000 | ip=192.168.69.91 | op=SEND_HEARTBEAT {datanodeUUID=046a392e-7484-4dfc-820d-faa08503447d, command=[]} | ret=SUCCESS |  
2019-08-21 05:56:23,726 [grpc-default-executor-3] INFO  client.GrpcClientProtocolClient (GrpcClientProtocolClient.java:onNext(255)) - client-5E3AA808964E->f101476e-c990-429e-921c-5f445731959e: receive RaftClientReply:client-5E3AA808964E->f101476e-c990-429e-921c-5f445731959e@group-ED3E36EC8233, cid=45, FAILED org.apache.ratis.protocol.NotLeaderException: Server f101476e-c990-429e-921c-5f445731959e is not the leader (3c17af02-f769-4730-87e1-6a78a05442cb:192.168.69.91:45466). Request must be sent to leader., logIndex=0, commits[f101476e-c990-429e-921c-5f445731959e:c8, 3c17af02-f769-4730-87e1-6a78a05442cb:c8, 625627db-20f6-4593-9222-21b617438b7f:c8]
2019-08-21 05:56:23,866 | INFO  | SCMAudit | user=jenkins1000 | ip=192.168.69.91 | op=SEND_HEARTBEAT {datanodeUUID=4794a7d0-d8e2-4005-aaca-0a56e39fce16, command=[]} | ret=SUCCESS |  
2019-08-21 05:56:24,212 | INFO  | SCMAudit | user=jenkins1000 | ip=192.168.69.91 | op=SEND_HEARTBEAT {datanodeUUID=3c17af02-f769-4730-87e1-6a78a05442cb, command=[]} | ret=SUCCESS |  
2019-08-21 05:56:24,239 | INFO  | SCMAudit | user=jenkins1000 | ip=192.168.69.91 | op=SEND_HEARTBEAT {datanodeUUID=625627db-20f6-4593-9222-21b617438b7f, command=[]} | ret=SUCCESS |  
2019-08-21 05:56:24,240 | INFO  | SCMAudit | user=jenkins1000 | ip=192.168.69.91 | op=SEND_HEARTBEAT {datanodeUUID=f101476e-c990-429e-921c-5f445731959e, command=[]} | ret=SUCCESS |  
2019-08-21 05:56:24,316 | INFO  | SCMAudit | user=jenkins1000 | ip=192.168.69.91 | op=SEND_HEARTBEAT {datanodeUUID=49ab72ed-ff76-4952-870c-a3cea42cdb24, command=[]} | ret=SUCCESS |  
2019-08-21 05:56:24,507 | INFO  | SCMAudit | user=jenkins1000 | ip=192.168.69.91 | op=SEND_HEARTBEAT {datanodeUUID=3fd580a5-fd1e-4f13-9f88-976f7db82376, command=[]} | ret=SUCCESS |  
2019-08-21 05:56:24,675 | INFO  | SCMAudit | user=jenkins1000 | ip=192.168.69.91 | op=SEND_HEARTBEAT {datanodeUUID=046a392e-7484-4dfc-820d-faa08503447d, command=[]} | ret=SUCCESS |  
2019-08-21 05:56:24,866 | INFO  | SCMAudit | user=jenkins1000 | ip=192.168.69.91 | op=SEND_HEARTBEAT {datanodeUUID=4794a7d0-d8e2-4005-aaca-0a56e39fce16, command=[]} | ret=SUCCESS |  
2019-08-21 05:56:25,212 | INFO  | SCMAudit | user=jenkins1000 | ip=192.168.69.91 | op=SEND_HEARTBEAT {datanodeUUID=3c17af02-f769-4730-87e1-6a78a05442cb, command=[]} | ret=SUCCESS |  
2019-08-21 05:56:25,239 | INFO  | SCMAudit | user=jenkins1000 | ip=192.168.69.91 | op=SEND_HEARTBEAT {datanodeUUID=625627db-20f6-4593-9222-21b617438b7f, command=[]} | ret=SUCCESS |  
2019-08-21 05:56:25,240 | INFO  | SCMAudit | user=jenkins1000 | ip=192.168.69.91 | op=SEND_HEARTBEAT {datanodeUUID=f101476e-c990-429e-921c-5f445731959e, command=[]} | ret=SUCCESS |  
2019-08-21 05:56:25,315 | INFO  | SCMAudit | user=jenkins1000 | ip=192.168.69.91 | op=SEND_HEARTBEAT {datanodeUUID=49ab72ed-ff76-4952-870c-a3cea42cdb24, command=[]} | ret=SUCCESS |  
2019-08-21 05:56:25,509 | INFO  | SCMAudit | user=jenkins1000 | ip=192.168.69.91 | op=SEND_HEARTBEAT {datanodeUUID=3fd580a5-fd1e-4f13-9f88-976f7db82376, command=[]} | ret=SUCCESS |  
2019-08-21 05:56:25,675 | INFO  | SCMAudit | user=jenkins1000 | ip=192.168.69.91 | op=SEND_HEARTBEAT {datanodeUUID=046a392e-7484-4dfc-820d-faa08503447d, command=[]} | ret=SUCCESS |  
2019-08-21 05:56:25,866 | INFO  | SCMAudit | user=jenkins1000 | ip=192.168.69.91 | op=SEND_HEARTBEAT {datanodeUUID=4794a7d0-d8e2-4005-aaca-0a56e39fce16, command=[]} | ret=SUCCESS |  
2019-08-21 05:56:26,213 | INFO  | SCMAudit | user=jenkins1000 | ip=192.168.69.91 | op=SEND_HEARTBEAT {datanodeUUID=3c17af02-f769-4730-87e1-6a78a05442cb, command=[]} | ret=SUCCESS |  
2019-08-21 05:56:26,240 | INFO  | SCMAudit | user=jenkins1000 | ip=192.168.69.91 | op=SEND_HEARTBEAT {datanodeUUID=625627db-20f6-4593-9222-21b617438b7f, command=[]} | ret=SUCCESS |  
2019-08-21 05:56:26,241 | INFO  | SCMAudit | user=jenkins1000 | ip=192.168.69.91 | op=SEND_HEARTBEAT {datanodeUUID=f101476e-c990-429e-921c-5f445731959e, command=[]} | ret=SUCCESS |  
2019-08-21 05:56:26,315 | INFO  | SCMAudit | user=jenkins1000 | ip=192.168.69.91 | op=SEND_HEARTBEAT {datanodeUUID=49ab72ed-ff76-4952-870c-a3cea42cdb24, command=[]} | ret=SUCCESS |  
2019-08-21 05:56:26,508 | INFO  | SCMAudit | user=jenkins1000 | ip=192.168.69.91 | op=SEND_HEARTBEAT {datanodeUUID=3fd580a5-fd1e-4f13-9f88-976f7db82376, command=[]} | ret=SUCCESS |  
2019-08-21 05:56:26,675 | INFO  | SCMAudit | user=jenkins1000 | ip=192.168.69.91 | op=SEND_HEARTBEAT {datanodeUUID=046a392e-7484-4dfc-820d-faa08503447d, command=[]} | ret=SUCCESS |  
2019-08-21 05:56:26,866 | INFO  | SCMAudit | user=jenkins1000 | ip=192.168.69.91 | op=SEND_HEARTBEAT {datanodeUUID=4794a7d0-d8e2-4005-aaca-0a56e39fce16, command=[]} | ret=SUCCESS |  
2019-08-21 05:56:27,212 | INFO  | SCMAudit | user=jenkins1000 | ip=192.168.69.91 | op=SEND_HEARTBEAT {datanodeUUID=3c17af02-f769-4730-87e1-6a78a05442cb, command=[]} | ret=SUCCESS |  
2019-08-21 05:56:27,239 | INFO  | SCMAudit | user=jenkins1000 | ip=192.168.69.91 | op=SEND_HEARTBEAT {datanodeUUID=625627db-20f6-4593-9222-21b617438b7f, command=[]} | ret=SUCCESS |  
2019-08-21 05:56:27,241 | INFO  | SCMAudit | user=jenkins1000 | ip=192.168.69.91 | op=SEND_HEARTBEAT {datanodeUUID=f101476e-c990-429e-921c-5f445731959e, command=[]} | ret=SUCCESS |  
2019-08-21 05:56:27,315 | INFO  | SCMAudit | user=jenkins1000 | ip=192.168.69.91 | op=SEND_HEARTBEAT {datanodeUUID=49ab72ed-ff76-4952-870c-a3cea42cdb24, command=[]} | ret=SUCCESS |  
2019-08-21 05:56:27,508 | INFO  | SCMAudit | user=jenkins1000 | ip=192.168.69.91 | op=SEND_HEARTBEAT {datanodeUUID=3fd580a5-fd1e-4f13-9f88-976f7db82376, command=[]} | ret=SUCCESS |  
2019-08-21 05:56:27,676 | INFO  | SCMAudit | user=jenkins1000 | ip=192.168.69.91 | op=SEND_HEARTBEAT {datanodeUUID=046a392e-7484-4dfc-820d-faa08503447d, command=[]} | ret=SUCCESS |  
2019-08-21 05:56:27,866 | INFO  | SCMAudit | user=jenkins1000 | ip=192.168.69.91 | op=SEND_HEARTBEAT {datanodeUUID=4794a7d0-d8e2-4005-aaca-0a56e39fce16, command=[]} | ret=SUCCESS |  
2019-08-21 05:56:28,213 | INFO  | SCMAudit | user=jenkins1000 | ip=192.168.69.91 | op=SEND_HEARTBEAT {datanodeUUID=3c17af02-f769-4730-87e1-6a78a05442cb, command=[]} | ret=SUCCESS |  
2019-08-21 05:56:28,239 | INFO  | SCMAudit | user=jenkins1000 | ip=192.168.69.91 | op=SEND_HEARTBEAT {datanodeUUID=625627db-20f6-4593-9222-21b617438b7f, command=[]} | ret=SUCCESS |  
2019-08-21 05:56:28,241 | INFO  | SCMAudit | user=jenkins1000 | ip=192.168.69.91 | op=SEND_HEARTBEAT {datanodeUUID=f101476e-c990-429e-921c-5f445731959e, command=[]} | ret=SUCCESS |  
2019-08-21 05:56:28,316 | INFO  | SCMAudit | user=jenkins1000 | ip=192.168.69.91 | op=SEND_HEARTBEAT {datanodeUUID=49ab72ed-ff76-4952-870c-a3cea42cdb24, command=[]} | ret=SUCCESS |  
2019-08-21 05:56:28,507 | INFO  | SCMAudit | user=jenkins1000 | ip=192.168.69.91 | op=SEND_HEARTBEAT {datanodeUUID=3fd580a5-fd1e-4f13-9f88-976f7db82376, command=[]} | ret=SUCCESS |  
2019-08-21 05:56:28,677 | INFO  | SCMAudit | user=jenkins1000 | ip=192.168.69.91 | op=SEND_HEARTBEAT {datanodeUUID=046a392e-7484-4dfc-820d-faa08503447d, command=[]} | ret=SUCCESS |  
2019-08-21 05:56:28,796 [grpc-default-executor-0] INFO  client.GrpcClientProtocolClient (GrpcClientProtocolClient.java:onNext(255)) - client-5E3AA808964E->625627db-20f6-4593-9222-21b617438b7f: receive RaftClientReply:client-5E3AA808964E->625627db-20f6-4593-9222-21b617438b7f@group-ED3E36EC8233, cid=45, FAILED org.apache.ratis.protocol.NotLeaderException: Server 625627db-20f6-4593-9222-21b617438b7f is not the leader (3c17af02-f769-4730-87e1-6a78a05442cb:192.168.69.91:45466). Request must be sent to leader., logIndex=0, commits[625627db-20f6-4593-9222-21b617438b7f:c8, f101476e-c990-429e-921c-5f445731959e:c8, 3c17af02-f769-4730-87e1-6a78a05442cb:c8]
2019-08-21 05:56:28,866 | INFO  | SCMAudit | user=jenkins1000 | ip=192.168.69.91 | op=SEND_HEARTBEAT {datanodeUUID=4794a7d0-d8e2-4005-aaca-0a56e39fce16, command=[]} | ret=SUCCESS |  
2019-08-21 05:56:29,213 | INFO  | SCMAudit | user=jenkins1000 | ip=192.168.69.91 | op=SEND_HEARTBEAT {datanodeUUID=3c17af02-f769-4730-87e1-6a78a05442cb, command=[]} | ret=SUCCESS |  
2019-08-21 05:56:29,240 | INFO  | SCMAudit | user=jenkins1000 | ip=192.168.69.91 | op=SEND_HEARTBEAT {datanodeUUID=625627db-20f6-4593-9222-21b617438b7f, command=[]} | ret=SUCCESS |  
2019-08-21 05:56:29,242 | INFO  | SCMAudit | user=jenkins1000 | ip=192.168.69.91 | op=SEND_HEARTBEAT {datanodeUUID=f101476e-c990-429e-921c-5f445731959e, command=[]} | ret=SUCCESS |  
2019-08-21 05:56:29,315 | INFO  | SCMAudit | user=jenkins1000 | ip=192.168.69.91 | op=SEND_HEARTBEAT {datanodeUUID=49ab72ed-ff76-4952-870c-a3cea42cdb24, command=[]} | ret=SUCCESS |  
2019-08-21 05:56:29,508 | INFO  | SCMAudit | user=jenkins1000 | ip=192.168.69.91 | op=SEND_HEARTBEAT {datanodeUUID=3fd580a5-fd1e-4f13-9f88-976f7db82376, command=[]} | ret=SUCCESS |  
2019-08-21 05:56:29,677 | INFO  | SCMAudit | user=jenkins1000 | ip=192.168.69.91 | op=SEND_HEARTBEAT {datanodeUUID=046a392e-7484-4dfc-820d-faa08503447d, command=[]} | ret=SUCCESS |  
2019-08-21 05:56:29,866 | INFO  | SCMAudit | user=jenkins1000 | ip=192.168.69.91 | op=SEND_HEARTBEAT {datanodeUUID=4794a7d0-d8e2-4005-aaca-0a56e39fce16, command=[]} | ret=SUCCESS |  
2019-08-21 05:56:30,212 | INFO  | SCMAudit | user=jenkins1000 | ip=192.168.69.91 | op=SEND_HEARTBEAT {datanodeUUID=3c17af02-f769-4730-87e1-6a78a05442cb, command=[]} | ret=SUCCESS |  
2019-08-21 05:56:30,240 | INFO  | SCMAudit | user=jenkins1000 | ip=192.168.69.91 | op=SEND_HEARTBEAT {datanodeUUID=625627db-20f6-4593-9222-21b617438b7f, command=[]} | ret=SUCCESS |  
2019-08-21 05:56:30,241 | INFO  | SCMAudit | user=jenkins1000 | ip=192.168.69.91 | op=SEND_HEARTBEAT {datanodeUUID=f101476e-c990-429e-921c-5f445731959e, command=[]} | ret=SUCCESS |  
2019-08-21 05:56:30,316 | INFO  | SCMAudit | user=jenkins1000 | ip=192.168.69.91 | op=SEND_HEARTBEAT {datanodeUUID=49ab72ed-ff76-4952-870c-a3cea42cdb24, command=[]} | ret=SUCCESS |  
2019-08-21 05:56:30,508 | INFO  | SCMAudit | user=jenkins1000 | ip=192.168.69.91 | op=SEND_HEARTBEAT {datanodeUUID=3fd580a5-fd1e-4f13-9f88-976f7db82376, command=[]} | ret=SUCCESS |  
2019-08-21 05:56:30,678 | INFO  | SCMAudit | user=jenkins1000 | ip=192.168.69.91 | op=SEND_HEARTBEAT {datanodeUUID=046a392e-7484-4dfc-820d-faa08503447d, command=[]} | ret=SUCCESS |  
2019-08-21 05:56:30,866 | INFO  | SCMAudit | user=jenkins1000 | ip=192.168.69.91 | op=SEND_HEARTBEAT {datanodeUUID=4794a7d0-d8e2-4005-aaca-0a56e39fce16, command=[]} | ret=SUCCESS |  
2019-08-21 05:56:31,212 | INFO  | SCMAudit | user=jenkins1000 | ip=192.168.69.91 | op=SEND_HEARTBEAT {datanodeUUID=3c17af02-f769-4730-87e1-6a78a05442cb, command=[]} | ret=SUCCESS |  
2019-08-21 05:56:31,240 | INFO  | SCMAudit | user=jenkins1000 | ip=192.168.69.91 | op=SEND_HEARTBEAT {datanodeUUID=625627db-20f6-4593-9222-21b617438b7f, command=[]} | ret=SUCCESS |  
2019-08-21 05:56:31,241 | INFO  | SCMAudit | user=jenkins1000 | ip=192.168.69.91 | op=SEND_HEARTBEAT {datanodeUUID=f101476e-c990-429e-921c-5f445731959e, command=[]} | ret=SUCCESS |  
2019-08-21 05:56:31,315 | INFO  | SCMAudit | user=jenkins1000 | ip=192.168.69.91 | op=SEND_HEARTBEAT {datanodeUUID=49ab72ed-ff76-4952-870c-a3cea42cdb24, command=[]} | ret=SUCCESS |  
2019-08-21 05:56:31,508 | INFO  | SCMAudit | user=jenkins1000 | ip=192.168.69.91 | op=SEND_HEARTBEAT {datanodeUUID=3fd580a5-fd1e-4f13-9f88-976f7db82376, command=[]} | ret=SUCCESS |  
2019-08-21 05:56:31,677 | INFO  | SCMAudit | user=jenkins1000 | ip=192.168.69.91 | op=SEND_HEARTBEAT {datanodeUUID=046a392e-7484-4dfc-820d-faa08503447d, command=[]} | ret=SUCCESS |  
2019-08-21 05:56:31,866 | INFO  | SCMAudit | user=jenkins1000 | ip=192.168.69.91 | op=SEND_HEARTBEAT {datanodeUUID=4794a7d0-d8e2-4005-aaca-0a56e39fce16, command=[]} | ret=SUCCESS |  
2019-08-21 05:56:32,212 | INFO  | SCMAudit | user=jenkins1000 | ip=192.168.69.91 | op=SEND_HEARTBEAT {datanodeUUID=3c17af02-f769-4730-87e1-6a78a05442cb, command=[]} | ret=SUCCESS |  
2019-08-21 05:56:32,240 | INFO  | SCMAudit | user=jenkins1000 | ip=192.168.69.91 | op=SEND_HEARTBEAT {datanodeUUID=625627db-20f6-4593-9222-21b617438b7f, command=[]} | ret=SUCCESS |  
2019-08-21 05:56:32,241 | INFO  | SCMAudit | user=jenkins1000 | ip=192.168.69.91 | op=SEND_HEARTBEAT {datanodeUUID=f101476e-c990-429e-921c-5f445731959e, command=[]} | ret=SUCCESS |  
2019-08-21 05:56:32,315 | INFO  | SCMAudit | user=jenkins1000 | ip=192.168.69.91 | op=SEND_HEARTBEAT {datanodeUUID=49ab72ed-ff76-4952-870c-a3cea42cdb24, command=[]} | ret=SUCCESS |  
2019-08-21 05:56:32,507 | INFO  | SCMAudit | user=jenkins1000 | ip=192.168.69.91 | op=SEND_HEARTBEAT {datanodeUUID=3fd580a5-fd1e-4f13-9f88-976f7db82376, command=[]} | ret=SUCCESS |  
2019-08-21 05:56:32,677 | INFO  | SCMAudit | user=jenkins1000 | ip=192.168.69.91 | op=SEND_HEARTBEAT {datanodeUUID=046a392e-7484-4dfc-820d-faa08503447d, command=[]} | ret=SUCCESS |  
2019-08-21 05:56:32,866 | INFO  | SCMAudit | user=jenkins1000 | ip=192.168.69.91 | op=SEND_HEARTBEAT {datanodeUUID=4794a7d0-d8e2-4005-aaca-0a56e39fce16, command=[]} | ret=SUCCESS |  
2019-08-21 05:56:33,215 | INFO  | SCMAudit | user=jenkins1000 | ip=192.168.69.91 | op=SEND_HEARTBEAT {datanodeUUID=3c17af02-f769-4730-87e1-6a78a05442cb, command=[]} | ret=SUCCESS |  
2019-08-21 05:56:33,241 | INFO  | SCMAudit | user=jenkins1000 | ip=192.168.69.91 | op=SEND_HEARTBEAT {datanodeUUID=f101476e-c990-429e-921c-5f445731959e, command=[]} | ret=SUCCESS |  
2019-08-21 05:56:33,242 | INFO  | SCMAudit | user=jenkins1000 | ip=192.168.69.91 | op=SEND_HEARTBEAT {datanodeUUID=625627db-20f6-4593-9222-21b617438b7f, command=[]} | ret=SUCCESS |  
2019-08-21 05:56:33,315 | INFO  | SCMAudit | user=jenkins1000 | ip=192.168.69.91 | op=SEND_HEARTBEAT {datanodeUUID=49ab72ed-ff76-4952-870c-a3cea42cdb24, command=[]} | ret=SUCCESS |  
2019-08-21 05:56:33,508 | INFO  | SCMAudit | user=jenkins1000 | ip=192.168.69.91 | op=SEND_HEARTBEAT {datanodeUUID=3fd580a5-fd1e-4f13-9f88-976f7db82376, command=[]} | ret=SUCCESS |  
2019-08-21 05:56:33,677 | INFO  | SCMAudit | user=jenkins1000 | ip=192.168.69.91 | op=SEND_HEARTBEAT {datanodeUUID=046a392e-7484-4dfc-820d-faa08503447d, command=[]} | ret=SUCCESS |  
2019-08-21 05:56:33,838 [grpc-default-executor-3] INFO  client.GrpcClientProtocolClient (GrpcClientProtocolClient.java:onNext(255)) - client-5E3AA808964E->625627db-20f6-4593-9222-21b617438b7f: receive RaftClientReply:client-5E3AA808964E->625627db-20f6-4593-9222-21b617438b7f@group-ED3E36EC8233, cid=45, FAILED org.apache.ratis.protocol.NotLeaderException: Server 625627db-20f6-4593-9222-21b617438b7f is not the leader (3c17af02-f769-4730-87e1-6a78a05442cb:192.168.69.91:45466). Request must be sent to leader., logIndex=0, commits[625627db-20f6-4593-9222-21b617438b7f:c8, f101476e-c990-429e-921c-5f445731959e:c8, 3c17af02-f769-4730-87e1-6a78a05442cb:c8]
2019-08-21 05:56:33,867 | INFO  | SCMAudit | user=jenkins1000 | ip=192.168.69.91 | op=SEND_HEARTBEAT {datanodeUUID=4794a7d0-d8e2-4005-aaca-0a56e39fce16, command=[]} | ret=SUCCESS |  
2019-08-21 05:56:34,213 | INFO  | SCMAudit | user=jenkins1000 | ip=192.168.69.91 | op=SEND_HEARTBEAT {datanodeUUID=3c17af02-f769-4730-87e1-6a78a05442cb, command=[]} | ret=SUCCESS |  
2019-08-21 05:56:34,241 | INFO  | SCMAudit | user=jenkins1000 | ip=192.168.69.91 | op=SEND_HEARTBEAT {datanodeUUID=625627db-20f6-4593-9222-21b617438b7f, command=[]} | ret=SUCCESS |  
2019-08-21 05:56:34,241 | INFO  | SCMAudit | user=jenkins1000 | ip=192.168.69.91 | op=SEND_HEARTBEAT {datanodeUUID=f101476e-c990-429e-921c-5f445731959e, command=[]} | ret=SUCCESS |  
2019-08-21 05:56:34,315 | INFO  | SCMAudit | user=jenkins1000 | ip=192.168.69.91 | op=SEND_HEARTBEAT {datanodeUUID=49ab72ed-ff76-4952-870c-a3cea42cdb24, command=[]} | ret=SUCCESS |  
2019-08-21 05:56:34,508 | INFO  | SCMAudit | user=jenkins1000 | ip=192.168.69.91 | op=SEND_HEARTBEAT {datanodeUUID=3fd580a5-fd1e-4f13-9f88-976f7db82376, command=[]} | ret=SUCCESS |  
2019-08-21 05:56:34,677 | INFO  | SCMAudit | user=jenkins1000 | ip=192.168.69.91 | op=SEND_HEARTBEAT {datanodeUUID=046a392e-7484-4dfc-820d-faa08503447d, command=[]} | ret=SUCCESS |  
2019-08-21 05:56:34,867 | INFO  | SCMAudit | user=jenkins1000 | ip=192.168.69.91 | op=SEND_HEARTBEAT {datanodeUUID=4794a7d0-d8e2-4005-aaca-0a56e39fce16, command=[]} | ret=SUCCESS |  
2019-08-21 05:56:35,216 | INFO  | SCMAudit | user=jenkins1000 | ip=192.168.69.91 | op=SEND_HEARTBEAT {datanodeUUID=3c17af02-f769-4730-87e1-6a78a05442cb, command=[]} | ret=SUCCESS |  
2019-08-21 05:56:35,240 | INFO  | SCMAudit | user=jenkins1000 | ip=192.168.69.91 | op=SEND_HEARTBEAT {datanodeUUID=625627db-20f6-4593-9222-21b617438b7f, command=[]} | ret=SUCCESS |  
2019-08-21 05:56:35,241 | INFO  | SCMAudit | user=jenkins1000 | ip=192.168.69.91 | op=SEND_HEARTBEAT {datanodeUUID=f101476e-c990-429e-921c-5f445731959e, command=[]} | ret=SUCCESS |  
2019-08-21 05:56:35,315 | INFO  | SCMAudit | user=jenkins1000 | ip=192.168.69.91 | op=SEND_HEARTBEAT {datanodeUUID=49ab72ed-ff76-4952-870c-a3cea42cdb24, command=[]} | ret=SUCCESS |  
2019-08-21 05:56:35,509 | INFO  | SCMAudit | user=jenkins1000 | ip=192.168.69.91 | op=SEND_HEARTBEAT {datanodeUUID=3fd580a5-fd1e-4f13-9f88-976f7db82376, command=[]} | ret=SUCCESS |  
2019-08-21 05:56:35,678 | INFO  | SCMAudit | user=jenkins1000 | ip=192.168.69.91 | op=SEND_HEARTBEAT {datanodeUUID=046a392e-7484-4dfc-820d-faa08503447d, command=[]} | ret=SUCCESS |  
2019-08-21 05:56:35,868 | INFO  | SCMAudit | user=jenkins1000 | ip=192.168.69.91 | op=SEND_HEARTBEAT {datanodeUUID=4794a7d0-d8e2-4005-aaca-0a56e39fce16, command=[]} | ret=SUCCESS |  
2019-08-21 05:56:36,214 | INFO  | SCMAudit | user=jenkins1000 | ip=192.168.69.91 | op=SEND_HEARTBEAT {datanodeUUID=3c17af02-f769-4730-87e1-6a78a05442cb, command=[]} | ret=SUCCESS |  
2019-08-21 05:56:36,240 | INFO  | SCMAudit | user=jenkins1000 | ip=192.168.69.91 | op=SEND_HEARTBEAT {datanodeUUID=625627db-20f6-4593-9222-21b617438b7f, command=[]} | ret=SUCCESS |  
2019-08-21 05:56:36,241 | INFO  | SCMAudit | user=jenkins1000 | ip=192.168.69.91 | op=SEND_HEARTBEAT {datanodeUUID=f101476e-c990-429e-921c-5f445731959e, command=[]} | ret=SUCCESS |  
2019-08-21 05:56:36,315 | INFO  | SCMAudit | user=jenkins1000 | ip=192.168.69.91 | op=SEND_HEARTBEAT {datanodeUUID=49ab72ed-ff76-4952-870c-a3cea42cdb24, command=[]} | ret=SUCCESS |  
2019-08-21 05:56:36,508 | INFO  | SCMAudit | user=jenkins1000 | ip=192.168.69.91 | op=SEND_HEARTBEAT {datanodeUUID=3fd580a5-fd1e-4f13-9f88-976f7db82376, command=[]} | ret=SUCCESS |  
2019-08-21 05:56:36,678 | INFO  | SCMAudit | user=jenkins1000 | ip=192.168.69.91 | op=SEND_HEARTBEAT {datanodeUUID=046a392e-7484-4dfc-820d-faa08503447d, command=[]} | ret=SUCCESS |  
2019-08-21 05:56:36,867 | INFO  | SCMAudit | user=jenkins1000 | ip=192.168.69.91 | op=SEND_HEARTBEAT {datanodeUUID=4794a7d0-d8e2-4005-aaca-0a56e39fce16, command=[]} | ret=SUCCESS |  
2019-08-21 05:56:37,213 | INFO  | SCMAudit | user=jenkins1000 | ip=192.168.69.91 | op=SEND_HEARTBEAT {datanodeUUID=3c17af02-f769-4730-87e1-6a78a05442cb, command=[]} | ret=SUCCESS |  
2019-08-21 05:56:37,240 | INFO  | SCMAudit | user=jenkins1000 | ip=192.168.69.91 | op=SEND_HEARTBEAT {datanodeUUID=625627db-20f6-4593-9222-21b617438b7f, command=[]} | ret=SUCCESS |  
2019-08-21 05:56:37,242 | INFO  | SCMAudit | user=jenkins1000 | ip=192.168.69.91 | op=SEND_HEARTBEAT {datanodeUUID=f101476e-c990-429e-921c-5f445731959e, command=[]} | ret=SUCCESS |  
2019-08-21 05:56:37,316 | INFO  | SCMAudit | user=jenkins1000 | ip=192.168.69.91 | op=SEND_HEARTBEAT {datanodeUUID=49ab72ed-ff76-4952-870c-a3cea42cdb24, command=[]} | ret=SUCCESS |  
2019-08-21 05:56:37,508 | INFO  | SCMAudit | user=jenkins1000 | ip=192.168.69.91 | op=SEND_HEARTBEAT {datanodeUUID=3fd580a5-fd1e-4f13-9f88-976f7db82376, command=[]} | ret=SUCCESS |  
2019-08-21 05:56:37,678 | INFO  | SCMAudit | user=jenkins1000 | ip=192.168.69.91 | op=SEND_HEARTBEAT {datanodeUUID=046a392e-7484-4dfc-820d-faa08503447d, command=[]} | ret=SUCCESS |  
2019-08-21 05:56:37,870 | INFO  | SCMAudit | user=jenkins1000 | ip=192.168.69.91 | op=SEND_HEARTBEAT {datanodeUUID=4794a7d0-d8e2-4005-aaca-0a56e39fce16, command=[]} | ret=SUCCESS |  
2019-08-21 05:56:38,213 | INFO  | SCMAudit | user=jenkins1000 | ip=192.168.69.91 | op=SEND_HEARTBEAT {datanodeUUID=3c17af02-f769-4730-87e1-6a78a05442cb, command=[]} | ret=SUCCESS |  
2019-08-21 05:56:38,240 | INFO  | SCMAudit | user=jenkins1000 | ip=192.168.69.91 | op=SEND_HEARTBEAT {datanodeUUID=625627db-20f6-4593-9222-21b617438b7f, command=[]} | ret=SUCCESS |  
2019-08-21 05:56:38,242 | INFO  | SCMAudit | user=jenkins1000 | ip=192.168.69.91 | op=SEND_HEARTBEAT {datanodeUUID=f101476e-c990-429e-921c-5f445731959e, command=[]} | ret=SUCCESS |  
2019-08-21 05:56:38,316 | INFO  | SCMAudit | user=jenkins1000 | ip=192.168.69.91 | op=SEND_HEARTBEAT {datanodeUUID=49ab72ed-ff76-4952-870c-a3cea42cdb24, command=[]} | ret=SUCCESS |  
2019-08-21 05:56:38,509 | INFO  | SCMAudit | user=jenkins1000 | ip=192.168.69.91 | op=SEND_HEARTBEAT {datanodeUUID=3fd580a5-fd1e-4f13-9f88-976f7db82376, command=[]} | ret=SUCCESS |  
2019-08-21 05:56:38,679 | INFO  | SCMAudit | user=jenkins1000 | ip=192.168.69.91 | op=SEND_HEARTBEAT {datanodeUUID=046a392e-7484-4dfc-820d-faa08503447d, command=[]} | ret=SUCCESS |  
2019-08-21 05:56:38,869 | INFO  | SCMAudit | user=jenkins1000 | ip=192.168.69.91 | op=SEND_HEARTBEAT {datanodeUUID=4794a7d0-d8e2-4005-aaca-0a56e39fce16, command=[]} | ret=SUCCESS |  
2019-08-21 05:56:38,886 [grpc-default-executor-3] INFO  client.GrpcClientProtocolClient (GrpcClientProtocolClient.java:onNext(255)) - client-5E3AA808964E->625627db-20f6-4593-9222-21b617438b7f: receive RaftClientReply:client-5E3AA808964E->625627db-20f6-4593-9222-21b617438b7f@group-ED3E36EC8233, cid=45, FAILED org.apache.ratis.protocol.NotLeaderException: Server 625627db-20f6-4593-9222-21b617438b7f is not the leader (3c17af02-f769-4730-87e1-6a78a05442cb:192.168.69.91:45466). Request must be sent to leader., logIndex=0, commits[625627db-20f6-4593-9222-21b617438b7f:c8, f101476e-c990-429e-921c-5f445731959e:c8, 3c17af02-f769-4730-87e1-6a78a05442cb:c8]
2019-08-21 05:56:39,214 | INFO  | SCMAudit | user=jenkins1000 | ip=192.168.69.91 | op=SEND_HEARTBEAT {datanodeUUID=3c17af02-f769-4730-87e1-6a78a05442cb, command=[]} | ret=SUCCESS |  
2019-08-21 05:56:39,241 | INFO  | SCMAudit | user=jenkins1000 | ip=192.168.69.91 | op=SEND_HEARTBEAT {datanodeUUID=625627db-20f6-4593-9222-21b617438b7f, command=[]} | ret=SUCCESS |  
2019-08-21 05:56:39,242 | INFO  | SCMAudit | user=jenkins1000 | ip=192.168.69.91 | op=SEND_HEARTBEAT {datanodeUUID=f101476e-c990-429e-921c-5f445731959e, command=[]} | ret=SUCCESS |  
2019-08-21 05:56:39,316 | INFO  | SCMAudit | user=jenkins1000 | ip=192.168.69.91 | op=SEND_HEARTBEAT {datanodeUUID=49ab72ed-ff76-4952-870c-a3cea42cdb24, command=[]} | ret=SUCCESS |  
2019-08-21 05:56:39,510 | INFO  | SCMAudit | user=jenkins1000 | ip=192.168.69.91 | op=SEND_HEARTBEAT {datanodeUUID=3fd580a5-fd1e-4f13-9f88-976f7db82376, command=[]} | ret=SUCCESS |  
2019-08-21 05:56:39,680 | INFO  | SCMAudit | user=jenkins1000 | ip=192.168.69.91 | op=SEND_HEARTBEAT {datanodeUUID=046a392e-7484-4dfc-820d-faa08503447d, command=[]} | ret=SUCCESS |  
2019-08-21 05:56:39,869 | INFO  | SCMAudit | user=jenkins1000 | ip=192.168.69.91 | op=SEND_HEARTBEAT {datanodeUUID=4794a7d0-d8e2-4005-aaca-0a56e39fce16, command=[]} | ret=SUCCESS |  
2019-08-21 05:56:40,215 | INFO  | SCMAudit | user=jenkins1000 | ip=192.168.69.91 | op=SEND_HEARTBEAT {datanodeUUID=3c17af02-f769-4730-87e1-6a78a05442cb, command=[]} | ret=SUCCESS |  
2019-08-21 05:56:40,241 | INFO  | SCMAudit | user=jenkins1000 | ip=192.168.69.91 | op=SEND_HEARTBEAT {datanodeUUID=625627db-20f6-4593-9222-21b617438b7f, command=[]} | ret=SUCCESS |  
2019-08-21 05:56:40,243 | INFO  | SCMAudit | user=jenkins1000 | ip=192.168.69.91 | op=SEND_HEARTBEAT {datanodeUUID=f101476e-c990-429e-921c-5f445731959e, command=[]} | ret=SUCCESS |  
2019-08-21 05:56:40,316 | INFO  | SCMAudit | user=jenkins1000 | ip=192.168.69.91 | op=SEND_HEARTBEAT {datanodeUUID=49ab72ed-ff76-4952-870c-a3cea42cdb24, command=[]} | ret=SUCCESS |  
2019-08-21 05:56:40,509 | INFO  | SCMAudit | user=jenkins1000 | ip=192.168.69.91 | op=SEND_HEARTBEAT {datanodeUUID=3fd580a5-fd1e-4f13-9f88-976f7db82376, command=[]} | ret=SUCCESS |  
2019-08-21 05:56:40,679 | INFO  | SCMAudit | user=jenkins1000 | ip=192.168.69.91 | op=SEND_HEARTBEAT {datanodeUUID=046a392e-7484-4dfc-820d-faa08503447d, command=[]} | ret=SUCCESS |  
2019-08-21 05:56:40,869 | INFO  | SCMAudit | user=jenkins1000 | ip=192.168.69.91 | op=SEND_HEARTBEAT {datanodeUUID=4794a7d0-d8e2-4005-aaca-0a56e39fce16, command=[]} | ret=SUCCESS |  
2019-08-21 05:56:41,214 | INFO  | SCMAudit | user=jenkins1000 | ip=192.168.69.91 | op=SEND_HEARTBEAT {datanodeUUID=3c17af02-f769-4730-87e1-6a78a05442cb, command=[]} | ret=SUCCESS |  
2019-08-21 05:56:41,241 | INFO  | SCMAudit | user=jenkins1000 | ip=192.168.69.91 | op=SEND_HEARTBEAT {datanodeUUID=625627db-20f6-4593-9222-21b617438b7f, command=[]} | ret=SUCCESS |  
2019-08-21 05:56:41,243 | INFO  | SCMAudit | user=jenkins1000 | ip=192.168.69.91 | op=SEND_HEARTBEAT {datanodeUUID=f101476e-c990-429e-921c-5f445731959e, command=[]} | ret=SUCCESS |  
2019-08-21 05:56:41,316 | INFO  | SCMAudit | user=jenkins1000 | ip=192.168.69.91 | op=SEND_HEARTBEAT {datanodeUUID=49ab72ed-ff76-4952-870c-a3cea42cdb24, command=[]} | ret=SUCCESS |  
2019-08-21 05:56:41,510 | INFO  | SCMAudit | user=jenkins1000 | ip=192.168.69.91 | op=SEND_HEARTBEAT {datanodeUUID=3fd580a5-fd1e-4f13-9f88-976f7db82376, command=[]} | ret=SUCCESS |  
2019-08-21 05:56:41,678 | INFO  | SCMAudit | user=jenkins1000 | ip=192.168.69.91 | op=SEND_HEARTBEAT {datanodeUUID=046a392e-7484-4dfc-820d-faa08503447d, command=[]} | ret=SUCCESS |  
2019-08-21 05:56:41,869 | INFO  | SCMAudit | user=jenkins1000 | ip=192.168.69.91 | op=SEND_HEARTBEAT {datanodeUUID=4794a7d0-d8e2-4005-aaca-0a56e39fce16, command=[]} | ret=SUCCESS |  
2019-08-21 05:56:42,215 | INFO  | SCMAudit | user=jenkins1000 | ip=192.168.69.91 | op=SEND_HEARTBEAT {datanodeUUID=3c17af02-f769-4730-87e1-6a78a05442cb, command=[]} | ret=SUCCESS |  
2019-08-21 05:56:42,241 | INFO  | SCMAudit | user=jenkins1000 | ip=192.168.69.91 | op=SEND_HEARTBEAT {datanodeUUID=625627db-20f6-4593-9222-21b617438b7f, command=[]} | ret=SUCCESS |  
2019-08-21 05:56:42,243 | INFO  | SCMAudit | user=jenkins1000 | ip=192.168.69.91 | op=SEND_HEARTBEAT {datanodeUUID=f101476e-c990-429e-921c-5f445731959e, command=[]} | ret=SUCCESS |  
2019-08-21 05:56:42,316 | INFO  | SCMAudit | user=jenkins1000 | ip=192.168.69.91 | op=SEND_HEARTBEAT {datanodeUUID=49ab72ed-ff76-4952-870c-a3cea42cdb24, command=[]} | ret=SUCCESS |  
2019-08-21 05:56:42,509 | INFO  | SCMAudit | user=jenkins1000 | ip=192.168.69.91 | op=SEND_HEARTBEAT {datanodeUUID=3fd580a5-fd1e-4f13-9f88-976f7db82376, command=[]} | ret=SUCCESS |  
2019-08-21 05:56:42,678 | INFO  | SCMAudit | user=jenkins1000 | ip=192.168.69.91 | op=SEND_HEARTBEAT {datanodeUUID=046a392e-7484-4dfc-820d-faa08503447d, command=[]} | ret=SUCCESS |  
2019-08-21 05:56:42,870 | INFO  | SCMAudit | user=jenkins1000 | ip=192.168.69.91 | op=SEND_HEARTBEAT {datanodeUUID=4794a7d0-d8e2-4005-aaca-0a56e39fce16, command=[]} | ret=SUCCESS |  
2019-08-21 05:56:43,214 | INFO  | SCMAudit | user=jenkins1000 | ip=192.168.69.91 | op=SEND_HEARTBEAT {datanodeUUID=3c17af02-f769-4730-87e1-6a78a05442cb, command=[]} | ret=SUCCESS |  
2019-08-21 05:56:43,241 | INFO  | SCMAudit | user=jenkins1000 | ip=192.168.69.91 | op=SEND_HEARTBEAT {datanodeUUID=625627db-20f6-4593-9222-21b617438b7f, command=[]} | ret=SUCCESS |  
2019-08-21 05:56:43,244 | INFO  | SCMAudit | user=jenkins1000 | ip=192.168.69.91 | op=SEND_HEARTBEAT {datanodeUUID=f101476e-c990-429e-921c-5f445731959e, command=[]} | ret=SUCCESS |  
2019-08-21 05:56:43,317 | INFO  | SCMAudit | user=jenkins1000 | ip=192.168.69.91 | op=SEND_HEARTBEAT {datanodeUUID=49ab72ed-ff76-4952-870c-a3cea42cdb24, command=[]} | ret=SUCCESS |  
2019-08-21 05:56:43,510 | INFO  | SCMAudit | user=jenkins1000 | ip=192.168.69.91 | op=SEND_HEARTBEAT {datanodeUUID=3fd580a5-fd1e-4f13-9f88-976f7db82376, command=[]} | ret=SUCCESS |  
2019-08-21 05:56:43,678 | INFO  | SCMAudit | user=jenkins1000 | ip=192.168.69.91 | op=SEND_HEARTBEAT {datanodeUUID=046a392e-7484-4dfc-820d-faa08503447d, command=[]} | ret=SUCCESS |  
2019-08-21 05:56:43,869 | INFO  | SCMAudit | user=jenkins1000 | ip=192.168.69.91 | op=SEND_HEARTBEAT {datanodeUUID=4794a7d0-d8e2-4005-aaca-0a56e39fce16, command=[]} | ret=SUCCESS |  
2019-08-21 05:56:43,933 [grpc-default-executor-0] INFO  client.GrpcClientProtocolClient (GrpcClientProtocolClient.java:onNext(255)) - client-5E3AA808964E->625627db-20f6-4593-9222-21b617438b7f: receive RaftClientReply:client-5E3AA808964E->625627db-20f6-4593-9222-21b617438b7f@group-ED3E36EC8233, cid=45, FAILED org.apache.ratis.protocol.NotLeaderException: Server 625627db-20f6-4593-9222-21b617438b7f is not the leader (3c17af02-f769-4730-87e1-6a78a05442cb:192.168.69.91:45466). Request must be sent to leader., logIndex=0, commits[625627db-20f6-4593-9222-21b617438b7f:c8, f101476e-c990-429e-921c-5f445731959e:c8, 3c17af02-f769-4730-87e1-6a78a05442cb:c8]
2019-08-21 05:56:44,214 | INFO  | SCMAudit | user=jenkins1000 | ip=192.168.69.91 | op=SEND_HEARTBEAT {datanodeUUID=3c17af02-f769-4730-87e1-6a78a05442cb, command=[]} | ret=SUCCESS |  
2019-08-21 05:56:44,242 | INFO  | SCMAudit | user=jenkins1000 | ip=192.168.69.91 | op=SEND_HEARTBEAT {datanodeUUID=625627db-20f6-4593-9222-21b617438b7f, command=[]} | ret=SUCCESS |  
2019-08-21 05:56:44,244 | INFO  | SCMAudit | user=jenkins1000 | ip=192.168.69.91 | op=SEND_HEARTBEAT {datanodeUUID=f101476e-c990-429e-921c-5f445731959e, command=[]} | ret=SUCCESS |  
2019-08-21 05:56:44,316 | INFO  | SCMAudit | user=jenkins1000 | ip=192.168.69.91 | op=SEND_HEARTBEAT {datanodeUUID=49ab72ed-ff76-4952-870c-a3cea42cdb24, command=[]} | ret=SUCCESS |  
2019-08-21 05:56:44,510 | INFO  | SCMAudit | user=jenkins1000 | ip=192.168.69.91 | op=SEND_HEARTBEAT {datanodeUUID=3fd580a5-fd1e-4f13-9f88-976f7db82376, command=[]} | ret=SUCCESS |  
2019-08-21 05:56:44,678 | INFO  | SCMAudit | user=jenkins1000 | ip=192.168.69.91 | op=SEND_HEARTBEAT {datanodeUUID=046a392e-7484-4dfc-820d-faa08503447d, command=[]} | ret=SUCCESS |  
2019-08-21 05:56:44,870 | INFO  | SCMAudit | user=jenkins1000 | ip=192.168.69.91 | op=SEND_HEARTBEAT {datanodeUUID=4794a7d0-d8e2-4005-aaca-0a56e39fce16, command=[]} | ret=SUCCESS |  
2019-08-21 05:56:45,215 | INFO  | SCMAudit | user=jenkins1000 | ip=192.168.69.91 | op=SEND_HEARTBEAT {datanodeUUID=3c17af02-f769-4730-87e1-6a78a05442cb, command=[]} | ret=SUCCESS |  
2019-08-21 05:56:45,242 | INFO  | SCMAudit | user=jenkins1000 | ip=192.168.69.91 | op=SEND_HEARTBEAT {datanodeUUID=625627db-20f6-4593-9222-21b617438b7f, command=[]} | ret=SUCCESS |  
2019-08-21 05:56:45,244 | INFO  | SCMAudit | user=jenkins1000 | ip=192.168.69.91 | op=SEND_HEARTBEAT {datanodeUUID=f101476e-c990-429e-921c-5f445731959e, command=[]} | ret=SUCCESS |  
2019-08-21 05:56:45,316 | INFO  | SCMAudit | user=jenkins1000 | ip=192.168.69.91 | op=SEND_HEARTBEAT {datanodeUUID=49ab72ed-ff76-4952-870c-a3cea42cdb24, command=[]} | ret=SUCCESS |  
2019-08-21 05:56:45,509 | INFO  | SCMAudit | user=jenkins1000 | ip=192.168.69.91 | op=SEND_HEARTBEAT {datanodeUUID=3fd580a5-fd1e-4f13-9f88-976f7db82376, command=[]} | ret=SUCCESS |  
2019-08-21 05:56:45,679 | INFO  | SCMAudit | user=jenkins1000 | ip=192.168.69.91 | op=SEND_HEARTBEAT {datanodeUUID=046a392e-7484-4dfc-820d-faa08503447d, command=[]} | ret=SUCCESS |  
2019-08-21 05:56:45,869 | INFO  | SCMAudit | user=jenkins1000 | ip=192.168.69.91 | op=SEND_HEARTBEAT {datanodeUUID=4794a7d0-d8e2-4005-aaca-0a56e39fce16, command=[]} | ret=SUCCESS |  
2019-08-21 05:56:46,214 | INFO  | SCMAudit | user=jenkins1000 | ip=192.168.69.91 | op=SEND_HEARTBEAT {datanodeUUID=3c17af02-f769-4730-87e1-6a78a05442cb, command=[]} | ret=SUCCESS |  
2019-08-21 05:56:46,243 | INFO  | SCMAudit | user=jenkins1000 | ip=192.168.69.91 | op=SEND_HEARTBEAT {datanodeUUID=625627db-20f6-4593-9222-21b617438b7f, command=[]} | ret=SUCCESS |  
2019-08-21 05:56:46,244 | INFO  | SCMAudit | user=jenkins1000 | ip=192.168.69.91 | op=SEND_HEARTBEAT {datanodeUUID=f101476e-c990-429e-921c-5f445731959e, command=[]} | ret=SUCCESS |  
2019-08-21 05:56:46,317 | INFO  | SCMAudit | user=jenkins1000 | ip=192.168.69.91 | op=SEND_HEARTBEAT {datanodeUUID=49ab72ed-ff76-4952-870c-a3cea42cdb24, command=[]} | ret=SUCCESS |  
2019-08-21 05:56:46,509 | INFO  | SCMAudit | user=jenkins1000 | ip=192.168.69.91 | op=SEND_HEARTBEAT {datanodeUUID=3fd580a5-fd1e-4f13-9f88-976f7db82376, command=[]} | ret=SUCCESS |  
2019-08-21 05:56:46,678 | INFO  | SCMAudit | user=jenkins1000 | ip=192.168.69.91 | op=SEND_HEARTBEAT {datanodeUUID=046a392e-7484-4dfc-820d-faa08503447d, command=[]} | ret=SUCCESS |  
2019-08-21 05:56:46,870 | INFO  | SCMAudit | user=jenkins1000 | ip=192.168.69.91 | op=SEND_HEARTBEAT {datanodeUUID=4794a7d0-d8e2-4005-aaca-0a56e39fce16, command=[]} | ret=SUCCESS |  
2019-08-21 05:56:47,215 | INFO  | SCMAudit | user=jenkins1000 | ip=192.168.69.91 | op=SEND_HEARTBEAT {datanodeUUID=3c17af02-f769-4730-87e1-6a78a05442cb, command=[]} | ret=SUCCESS |  
2019-08-21 05:56:47,242 | INFO  | SCMAudit | user=jenkins1000 | ip=192.168.69.91 | op=SEND_HEARTBEAT {datanodeUUID=625627db-20f6-4593-9222-21b617438b7f, command=[]} | ret=SUCCESS |  
2019-08-21 05:56:47,244 | INFO  | SCMAudit | user=jenkins1000 | ip=192.168.69.91 | op=SEND_HEARTBEAT {datanodeUUID=f101476e-c990-429e-921c-5f445731959e, command=[]} | ret=SUCCESS |  
2019-08-21 05:56:47,317 | INFO  | SCMAudit | user=jenkins1000 | ip=192.168.69.91 | op=SEND_HEARTBEAT {datanodeUUID=49ab72ed-ff76-4952-870c-a3cea42cdb24, command=[]} | ret=SUCCESS |  
2019-08-21 05:56:47,510 | INFO  | SCMAudit | user=jenkins1000 | ip=192.168.69.91 | op=SEND_HEARTBEAT {datanodeUUID=3fd580a5-fd1e-4f13-9f88-976f7db82376, command=[]} | ret=SUCCESS |  
2019-08-21 05:56:47,678 | INFO  | SCMAudit | user=jenkins1000 | ip=192.168.69.91 | op=SEND_HEARTBEAT {datanodeUUID=046a392e-7484-4dfc-820d-faa08503447d, command=[]} | ret=SUCCESS |  
2019-08-21 05:56:47,870 | INFO  | SCMAudit | user=jenkins1000 | ip=192.168.69.91 | op=SEND_HEARTBEAT {datanodeUUID=4794a7d0-d8e2-4005-aaca-0a56e39fce16, command=[]} | ret=SUCCESS |  
2019-08-21 05:56:48,214 | INFO  | SCMAudit | user=jenkins1000 | ip=192.168.69.91 | op=SEND_HEARTBEAT {datanodeUUID=3c17af02-f769-4730-87e1-6a78a05442cb, command=[]} | ret=SUCCESS |  
2019-08-21 05:56:48,242 | INFO  | SCMAudit | user=jenkins1000 | ip=192.168.69.91 | op=SEND_HEARTBEAT {datanodeUUID=625627db-20f6-4593-9222-21b617438b7f, command=[]} | ret=SUCCESS |  
2019-08-21 05:56:48,246 | INFO  | SCMAudit | user=jenkins1000 | ip=192.168.69.91 | op=SEND_HEARTBEAT {datanodeUUID=f101476e-c990-429e-921c-5f445731959e, command=[]} | ret=SUCCESS |  
2019-08-21 05:56:48,318 | INFO  | SCMAudit | user=jenkins1000 | ip=192.168.69.91 | op=SEND_HEARTBEAT {datanodeUUID=49ab72ed-ff76-4952-870c-a3cea42cdb24, command=[]} | ret=SUCCESS |  
2019-08-21 05:56:48,509 | INFO  | SCMAudit | user=jenkins1000 | ip=192.168.69.91 | op=SEND_HEARTBEAT {datanodeUUID=3fd580a5-fd1e-4f13-9f88-976f7db82376, command=[]} | ret=SUCCESS |  
2019-08-21 05:56:48,678 | INFO  | SCMAudit | user=jenkins1000 | ip=192.168.69.91 | op=SEND_HEARTBEAT {datanodeUUID=046a392e-7484-4dfc-820d-faa08503447d, command=[]} | ret=SUCCESS |  
2019-08-21 05:56:48,871 | INFO  | SCMAudit | user=jenkins1000 | ip=192.168.69.91 | op=SEND_HEARTBEAT {datanodeUUID=4794a7d0-d8e2-4005-aaca-0a56e39fce16, command=[]} | ret=SUCCESS |  
2019-08-21 05:56:48,978 [grpc-default-executor-4] INFO  client.GrpcClientProtocolClient (GrpcClientProtocolClient.java:onNext(255)) - client-5E3AA808964E->625627db-20f6-4593-9222-21b617438b7f: receive RaftClientReply:client-5E3AA808964E->625627db-20f6-4593-9222-21b617438b7f@group-ED3E36EC8233, cid=45, FAILED org.apache.ratis.protocol.NotLeaderException: Server 625627db-20f6-4593-9222-21b617438b7f is not the leader (3c17af02-f769-4730-87e1-6a78a05442cb:192.168.69.91:45466). Request must be sent to leader., logIndex=0, commits[625627db-20f6-4593-9222-21b617438b7f:c8, f101476e-c990-429e-921c-5f445731959e:c8, 3c17af02-f769-4730-87e1-6a78a05442cb:c8]
2019-08-21 05:56:49,214 | INFO  | SCMAudit | user=jenkins1000 | ip=192.168.69.91 | op=SEND_HEARTBEAT {datanodeUUID=3c17af02-f769-4730-87e1-6a78a05442cb, command=[]} | ret=SUCCESS |  
2019-08-21 05:56:49,243 | INFO  | SCMAudit | user=jenkins1000 | ip=192.168.69.91 | op=SEND_HEARTBEAT {datanodeUUID=625627db-20f6-4593-9222-21b617438b7f, command=[]} | ret=SUCCESS |  
2019-08-21 05:56:49,246 | INFO  | SCMAudit | user=jenkins1000 | ip=192.168.69.91 | op=SEND_HEARTBEAT {datanodeUUID=f101476e-c990-429e-921c-5f445731959e, command=[]} | ret=SUCCESS |  
2019-08-21 05:56:49,317 | INFO  | SCMAudit | user=jenkins1000 | ip=192.168.69.91 | op=SEND_HEARTBEAT {datanodeUUID=49ab72ed-ff76-4952-870c-a3cea42cdb24, command=[]} | ret=SUCCESS |  
2019-08-21 05:56:49,510 | INFO  | SCMAudit | user=jenkins1000 | ip=192.168.69.91 | op=SEND_HEARTBEAT {datanodeUUID=3fd580a5-fd1e-4f13-9f88-976f7db82376, command=[]} | ret=SUCCESS |  
2019-08-21 05:56:49,679 | INFO  | SCMAudit | user=jenkins1000 | ip=192.168.69.91 | op=SEND_HEARTBEAT {datanodeUUID=046a392e-7484-4dfc-820d-faa08503447d, command=[]} | ret=SUCCESS |  
2019-08-21 05:56:49,870 | INFO  | SCMAudit | user=jenkins1000 | ip=192.168.69.91 | op=SEND_HEARTBEAT {datanodeUUID=4794a7d0-d8e2-4005-aaca-0a56e39fce16, command=[]} | ret=SUCCESS |  
2019-08-21 05:56:50,215 | INFO  | SCMAudit | user=jenkins1000 | ip=192.168.69.91 | op=SEND_HEARTBEAT {datanodeUUID=3c17af02-f769-4730-87e1-6a78a05442cb, command=[]} | ret=SUCCESS |  
2019-08-21 05:56:50,242 | INFO  | SCMAudit | user=jenkins1000 | ip=192.168.69.91 | op=SEND_HEARTBEAT {datanodeUUID=625627db-20f6-4593-9222-21b617438b7f, command=[]} | ret=SUCCESS |  
2019-08-21 05:56:50,246 | INFO  | SCMAudit | user=jenkins1000 | ip=192.168.69.91 | op=SEND_HEARTBEAT {datanodeUUID=f101476e-c990-429e-921c-5f445731959e, command=[]} | ret=SUCCESS |  
2019-08-21 05:56:50,317 | INFO  | SCMAudit | user=jenkins1000 | ip=192.168.69.91 | op=SEND_HEARTBEAT {datanodeUUID=49ab72ed-ff76-4952-870c-a3cea42cdb24, command=[]} | ret=SUCCESS |  
2019-08-21 05:56:50,511 | INFO  | SCMAudit | user=jenkins1000 | ip=192.168.69.91 | op=SEND_HEARTBEAT {datanodeUUID=3fd580a5-fd1e-4f13-9f88-976f7db82376, command=[]} | ret=SUCCESS |  
2019-08-21 05:56:50,679 | INFO  | SCMAudit | user=jenkins1000 | ip=192.168.69.91 | op=SEND_HEARTBEAT {datanodeUUID=046a392e-7484-4dfc-820d-faa08503447d, command=[]} | ret=SUCCESS |  
2019-08-21 05:56:50,870 | INFO  | SCMAudit | user=jenkins1000 | ip=192.168.69.91 | op=SEND_HEARTBEAT {datanodeUUID=4794a7d0-d8e2-4005-aaca-0a56e39fce16, command=[]} | ret=SUCCESS |  
2019-08-21 05:56:51,216 | INFO  | SCMAudit | user=jenkins1000 | ip=192.168.69.91 | op=SEND_HEARTBEAT {datanodeUUID=3c17af02-f769-4730-87e1-6a78a05442cb, command=[]} | ret=SUCCESS |  
2019-08-21 05:56:51,243 | INFO  | SCMAudit | user=jenkins1000 | ip=192.168.69.91 | op=SEND_HEARTBEAT {datanodeUUID=625627db-20f6-4593-9222-21b617438b7f, command=[]} | ret=SUCCESS |  
2019-08-21 05:56:51,254 | INFO  | SCMAudit | user=jenkins1000 | ip=192.168.69.91 | op=SEND_HEARTBEAT {datanodeUUID=f101476e-c990-429e-921c-5f445731959e, command=[]} | ret=SUCCESS |  
2019-08-21 05:56:51,318 | INFO  | SCMAudit | user=jenkins1000 | ip=192.168.69.91 | op=SEND_HEARTBEAT {datanodeUUID=49ab72ed-ff76-4952-870c-a3cea42cdb24, command=[]} | ret=SUCCESS |  
2019-08-21 05:56:51,510 | INFO  | SCMAudit | user=jenkins1000 | ip=192.168.69.91 | op=SEND_HEARTBEAT {datanodeUUID=3fd580a5-fd1e-4f13-9f88-976f7db82376, command=[]} | ret=SUCCESS |  
2019-08-21 05:56:51,680 | INFO  | SCMAudit | user=jenkins1000 | ip=192.168.69.91 | op=SEND_HEARTBEAT {datanodeUUID=046a392e-7484-4dfc-820d-faa08503447d, command=[]} | ret=SUCCESS |  
2019-08-21 05:56:51,870 | INFO  | SCMAudit | user=jenkins1000 | ip=192.168.69.91 | op=SEND_HEARTBEAT {datanodeUUID=4794a7d0-d8e2-4005-aaca-0a56e39fce16, command=[]} | ret=SUCCESS |  
2019-08-21 05:56:52,215 | INFO  | SCMAudit | user=jenkins1000 | ip=192.168.69.91 | op=SEND_HEARTBEAT {datanodeUUID=3c17af02-f769-4730-87e1-6a78a05442cb, command=[]} | ret=SUCCESS |  
2019-08-21 05:56:52,242 | INFO  | SCMAudit | user=jenkins1000 | ip=192.168.69.91 | op=SEND_HEARTBEAT {datanodeUUID=625627db-20f6-4593-9222-21b617438b7f, command=[]} | ret=SUCCESS |  
2019-08-21 05:56:52,249 | INFO  | SCMAudit | user=jenkins1000 | ip=192.168.69.91 | op=SEND_HEARTBEAT {datanodeUUID=f101476e-c990-429e-921c-5f445731959e, command=[]} | ret=SUCCESS |  
2019-08-21 05:56:52,318 | INFO  | SCMAudit | user=jenkins1000 | ip=192.168.69.91 | op=SEND_HEARTBEAT {datanodeUUID=49ab72ed-ff76-4952-870c-a3cea42cdb24, command=[]} | ret=SUCCESS |  
2019-08-21 05:56:52,511 | INFO  | SCMAudit | user=jenkins1000 | ip=192.168.69.91 | op=SEND_HEARTBEAT {datanodeUUID=3fd580a5-fd1e-4f13-9f88-976f7db82376, command=[]} | ret=SUCCESS |  
2019-08-21 05:56:52,680 | INFO  | SCMAudit | user=jenkins1000 | ip=192.168.69.91 | op=SEND_HEARTBEAT {datanodeUUID=046a392e-7484-4dfc-820d-faa08503447d, command=[]} | ret=SUCCESS |  
2019-08-21 05:56:52,870 | INFO  | SCMAudit | user=jenkins1000 | ip=192.168.69.91 | op=SEND_HEARTBEAT {datanodeUUID=4794a7d0-d8e2-4005-aaca-0a56e39fce16, command=[]} | ret=SUCCESS |  
2019-08-21 05:56:53,215 | INFO  | SCMAudit | user=jenkins1000 | ip=192.168.69.91 | op=SEND_HEARTBEAT {datanodeUUID=3c17af02-f769-4730-87e1-6a78a05442cb, command=[]} | ret=SUCCESS |  
2019-08-21 05:56:53,242 | INFO  | SCMAudit | user=jenkins1000 | ip=192.168.69.91 | op=SEND_HEARTBEAT {datanodeUUID=625627db-20f6-4593-9222-21b617438b7f, command=[]} | ret=SUCCESS |  
2019-08-21 05:56:53,249 | INFO  | SCMAudit | user=jenkins1000 | ip=192.168.69.91 | op=SEND_HEARTBEAT {datanodeUUID=f101476e-c990-429e-921c-5f445731959e, command=[]} | ret=SUCCESS |  
2019-08-21 05:56:53,319 | INFO  | SCMAudit | user=jenkins1000 | ip=192.168.69.91 | op=SEND_HEARTBEAT {datanodeUUID=49ab72ed-ff76-4952-870c-a3cea42cdb24, command=[]} | ret=SUCCESS |  
2019-08-21 05:56:53,510 | INFO  | SCMAudit | user=jenkins1000 | ip=192.168.69.91 | op=SEND_HEARTBEAT {datanodeUUID=3fd580a5-fd1e-4f13-9f88-976f7db82376, command=[]} | ret=SUCCESS |  
2019-08-21 05:56:53,681 | INFO  | SCMAudit | user=jenkins1000 | ip=192.168.69.91 | op=SEND_HEARTBEAT {datanodeUUID=046a392e-7484-4dfc-820d-faa08503447d, command=[]} | ret=SUCCESS |  
2019-08-21 05:56:53,870 | INFO  | SCMAudit | user=jenkins1000 | ip=192.168.69.91 | op=SEND_HEARTBEAT {datanodeUUID=4794a7d0-d8e2-4005-aaca-0a56e39fce16, command=[]} | ret=SUCCESS |  
2019-08-21 05:56:54,036 [grpc-default-executor-0] INFO  client.GrpcClientProtocolClient (GrpcClientProtocolClient.java:onNext(255)) - client-5E3AA808964E->625627db-20f6-4593-9222-21b617438b7f: receive RaftClientReply:client-5E3AA808964E->625627db-20f6-4593-9222-21b617438b7f@group-ED3E36EC8233, cid=45, FAILED org.apache.ratis.protocol.NotLeaderException: Server 625627db-20f6-4593-9222-21b617438b7f is not the leader (3c17af02-f769-4730-87e1-6a78a05442cb:192.168.69.91:45466). Request must be sent to leader., logIndex=0, commits[625627db-20f6-4593-9222-21b617438b7f:c8, f101476e-c990-429e-921c-5f445731959e:c8, 3c17af02-f769-4730-87e1-6a78a05442cb:c8]
2019-08-21 05:56:54,216 | INFO  | SCMAudit | user=jenkins1000 | ip=192.168.69.91 | op=SEND_HEARTBEAT {datanodeUUID=3c17af02-f769-4730-87e1-6a78a05442cb, command=[]} | ret=SUCCESS |  
2019-08-21 05:56:54,242 | INFO  | SCMAudit | user=jenkins1000 | ip=192.168.69.91 | op=SEND_HEARTBEAT {datanodeUUID=625627db-20f6-4593-9222-21b617438b7f, command=[]} | ret=SUCCESS |  
2019-08-21 05:56:54,249 | INFO  | SCMAudit | user=jenkins1000 | ip=192.168.69.91 | op=SEND_HEARTBEAT {datanodeUUID=f101476e-c990-429e-921c-5f445731959e, command=[]} | ret=SUCCESS |  
2019-08-21 05:56:54,318 | INFO  | SCMAudit | user=jenkins1000 | ip=192.168.69.91 | op=SEND_HEARTBEAT {datanodeUUID=49ab72ed-ff76-4952-870c-a3cea42cdb24, command=[]} | ret=SUCCESS |  
2019-08-21 05:56:54,511 | INFO  | SCMAudit | user=jenkins1000 | ip=192.168.69.91 | op=SEND_HEARTBEAT {datanodeUUID=3fd580a5-fd1e-4f13-9f88-976f7db82376, command=[]} | ret=SUCCESS |  
2019-08-21 05:56:54,680 | INFO  | SCMAudit | user=jenkins1000 | ip=192.168.69.91 | op=SEND_HEARTBEAT {datanodeUUID=046a392e-7484-4dfc-820d-faa08503447d, command=[]} | ret=SUCCESS |  
2019-08-21 05:56:54,871 | INFO  | SCMAudit | user=jenkins1000 | ip=192.168.69.91 | op=SEND_HEARTBEAT {datanodeUUID=4794a7d0-d8e2-4005-aaca-0a56e39fce16, command=[]} | ret=SUCCESS |  
2019-08-21 05:56:55,216 | INFO  | SCMAudit | user=jenkins1000 | ip=192.168.69.91 | op=SEND_HEARTBEAT {datanodeUUID=3c17af02-f769-4730-87e1-6a78a05442cb, command=[]} | ret=SUCCESS |  
2019-08-21 05:56:55,243 | INFO  | SCMAudit | user=jenkins1000 | ip=192.168.69.91 | op=SEND_HEARTBEAT {datanodeUUID=625627db-20f6-4593-9222-21b617438b7f, command=[]} | ret=SUCCESS |  
2019-08-21 05:56:55,250 | INFO  | SCMAudit | user=jenkins1000 | ip=192.168.69.91 | op=SEND_HEARTBEAT {datanodeUUID=f101476e-c990-429e-921c-5f445731959e, command=[]} | ret=SUCCESS |  
2019-08-21 05:56:55,318 | INFO  | SCMAudit | user=jenkins1000 | ip=192.168.69.91 | op=SEND_HEARTBEAT {datanodeUUID=49ab72ed-ff76-4952-870c-a3cea42cdb24, command=[]} | ret=SUCCESS |  
2019-08-21 05:56:55,511 | INFO  | SCMAudit | user=jenkins1000 | ip=192.168.69.91 | op=SEND_HEARTBEAT {datanodeUUID=3fd580a5-fd1e-4f13-9f88-976f7db82376, command=[]} | ret=SUCCESS |  
2019-08-21 05:56:55,680 | INFO  | SCMAudit | user=jenkins1000 | ip=192.168.69.91 | op=SEND_HEARTBEAT {datanodeUUID=046a392e-7484-4dfc-820d-faa08503447d, command=[]} | ret=SUCCESS |  
2019-08-21 05:56:55,870 | INFO  | SCMAudit | user=jenkins1000 | ip=192.168.69.91 | op=SEND_HEARTBEAT {datanodeUUID=4794a7d0-d8e2-4005-aaca-0a56e39fce16, command=[]} | ret=SUCCESS |  
2019-08-21 05:56:56,215 | INFO  | SCMAudit | user=jenkins1000 | ip=192.168.69.91 | op=SEND_HEARTBEAT {datanodeUUID=3c17af02-f769-4730-87e1-6a78a05442cb, command=[]} | ret=SUCCESS |  
2019-08-21 05:56:56,243 | INFO  | SCMAudit | user=jenkins1000 | ip=192.168.69.91 | op=SEND_HEARTBEAT {datanodeUUID=625627db-20f6-4593-9222-21b617438b7f, command=[]} | ret=SUCCESS |  
2019-08-21 05:56:56,250 | INFO  | SCMAudit | user=jenkins1000 | ip=192.168.69.91 | op=SEND_HEARTBEAT {datanodeUUID=f101476e-c990-429e-921c-5f445731959e, command=[]} | ret=SUCCESS |  
2019-08-21 05:56:56,318 | INFO  | SCMAudit | user=jenkins1000 | ip=192.168.69.91 | op=SEND_HEARTBEAT {datanodeUUID=49ab72ed-ff76-4952-870c-a3cea42cdb24, command=[]} | ret=SUCCESS |  
2019-08-21 05:56:56,511 | INFO  | SCMAudit | user=jenkins1000 | ip=192.168.69.91 | op=SEND_HEARTBEAT {datanodeUUID=3fd580a5-fd1e-4f13-9f88-976f7db82376, command=[]} | ret=SUCCESS |  
2019-08-21 05:56:56,680 | INFO  | SCMAudit | user=jenkins1000 | ip=192.168.69.91 | op=SEND_HEARTBEAT {datanodeUUID=046a392e-7484-4dfc-820d-faa08503447d, command=[]} | ret=SUCCESS |  
2019-08-21 05:56:56,870 | INFO  | SCMAudit | user=jenkins1000 | ip=192.168.69.91 | op=SEND_HEARTBEAT {datanodeUUID=4794a7d0-d8e2-4005-aaca-0a56e39fce16, command=[]} | ret=SUCCESS |  
2019-08-21 05:56:57,215 | INFO  | SCMAudit | user=jenkins1000 | ip=192.168.69.91 | op=SEND_HEARTBEAT {datanodeUUID=3c17af02-f769-4730-87e1-6a78a05442cb, command=[]} | ret=SUCCESS |  
2019-08-21 05:56:57,243 | INFO  | SCMAudit | user=jenkins1000 | ip=192.168.69.91 | op=SEND_HEARTBEAT {datanodeUUID=625627db-20f6-4593-9222-21b617438b7f, command=[]} | ret=SUCCESS |  
2019-08-21 05:56:57,251 | INFO  | SCMAudit | user=jenkins1000 | ip=192.168.69.91 | op=SEND_HEARTBEAT {datanodeUUID=f101476e-c990-429e-921c-5f445731959e, command=[]} | ret=SUCCESS |  
2019-08-21 05:56:57,319 | INFO  | SCMAudit | user=jenkins1000 | ip=192.168.69.91 | op=SEND_HEARTBEAT {datanodeUUID=49ab72ed-ff76-4952-870c-a3cea42cdb24, command=[]} | ret=SUCCESS |  
2019-08-21 05:56:57,511 | INFO  | SCMAudit | user=jenkins1000 | ip=192.168.69.91 | op=SEND_HEARTBEAT {datanodeUUID=3fd580a5-fd1e-4f13-9f88-976f7db82376, command=[]} | ret=SUCCESS |  
2019-08-21 05:56:57,681 | INFO  | SCMAudit | user=jenkins1000 | ip=192.168.69.91 | op=SEND_HEARTBEAT {datanodeUUID=046a392e-7484-4dfc-820d-faa08503447d, command=[]} | ret=SUCCESS |  
2019-08-21 05:56:57,871 | INFO  | SCMAudit | user=jenkins1000 | ip=192.168.69.91 | op=SEND_HEARTBEAT {datanodeUUID=4794a7d0-d8e2-4005-aaca-0a56e39fce16, command=[]} | ret=SUCCESS |  
2019-08-21 05:56:58,216 | INFO  | SCMAudit | user=jenkins1000 | ip=192.168.69.91 | op=SEND_HEARTBEAT {datanodeUUID=3c17af02-f769-4730-87e1-6a78a05442cb, command=[]} | ret=SUCCESS |  
2019-08-21 05:56:58,244 | INFO  | SCMAudit | user=jenkins1000 | ip=192.168.69.91 | op=SEND_HEARTBEAT {datanodeUUID=625627db-20f6-4593-9222-21b617438b7f, command=[]} | ret=SUCCESS |  
2019-08-21 05:56:58,251 | INFO  | SCMAudit | user=jenkins1000 | ip=192.168.69.91 | op=SEND_HEARTBEAT {datanodeUUID=f101476e-c990-429e-921c-5f445731959e, command=[]} | ret=SUCCESS |  
2019-08-21 05:56:58,319 | INFO  | SCMAudit | user=jenkins1000 | ip=192.168.69.91 | op=SEND_HEARTBEAT {datanodeUUID=49ab72ed-ff76-4952-870c-a3cea42cdb24, command=[]} | ret=SUCCESS |  
2019-08-21 05:56:58,511 | INFO  | SCMAudit | user=jenkins1000 | ip=192.168.69.91 | op=SEND_HEARTBEAT {datanodeUUID=3fd580a5-fd1e-4f13-9f88-976f7db82376, command=[]} | ret=SUCCESS |  
2019-08-21 05:56:58,680 | INFO  | SCMAudit | user=jenkins1000 | ip=192.168.69.91 | op=SEND_HEARTBEAT {datanodeUUID=046a392e-7484-4dfc-820d-faa08503447d, command=[]} | ret=SUCCESS |  
2019-08-21 05:56:58,870 | INFO  | SCMAudit | user=jenkins1000 | ip=192.168.69.91 | op=SEND_HEARTBEAT {datanodeUUID=4794a7d0-d8e2-4005-aaca-0a56e39fce16, command=[]} | ret=SUCCESS |  
2019-08-21 05:56:59,081 [grpc-default-executor-0] INFO  client.GrpcClientProtocolClient (GrpcClientProtocolClient.java:onNext(255)) - client-5E3AA808964E->f101476e-c990-429e-921c-5f445731959e: receive RaftClientReply:client-5E3AA808964E->f101476e-c990-429e-921c-5f445731959e@group-ED3E36EC8233, cid=45, FAILED org.apache.ratis.protocol.NotLeaderException: Server f101476e-c990-429e-921c-5f445731959e is not the leader (3c17af02-f769-4730-87e1-6a78a05442cb:192.168.69.91:45466). Request must be sent to leader., logIndex=0, commits[f101476e-c990-429e-921c-5f445731959e:c8, 3c17af02-f769-4730-87e1-6a78a05442cb:c8, 625627db-20f6-4593-9222-21b617438b7f:c8]
2019-08-21 05:56:59,215 | INFO  | SCMAudit | user=jenkins1000 | ip=192.168.69.91 | op=SEND_HEARTBEAT {datanodeUUID=3c17af02-f769-4730-87e1-6a78a05442cb, command=[]} | ret=SUCCESS |  
2019-08-21 05:56:59,244 | INFO  | SCMAudit | user=jenkins1000 | ip=192.168.69.91 | op=SEND_HEARTBEAT {datanodeUUID=625627db-20f6-4593-9222-21b617438b7f, command=[]} | ret=SUCCESS |  
2019-08-21 05:56:59,251 | INFO  | SCMAudit | user=jenkins1000 | ip=192.168.69.91 | op=SEND_HEARTBEAT {datanodeUUID=f101476e-c990-429e-921c-5f445731959e, command=[]} | ret=SUCCESS |  
2019-08-21 05:56:59,319 | INFO  | SCMAudit | user=jenkins1000 | ip=192.168.69.91 | op=SEND_HEARTBEAT {datanodeUUID=49ab72ed-ff76-4952-870c-a3cea42cdb24, command=[]} | ret=SUCCESS |  
2019-08-21 05:56:59,511 | INFO  | SCMAudit | user=jenkins1000 | ip=192.168.69.91 | op=SEND_HEARTBEAT {datanodeUUID=3fd580a5-fd1e-4f13-9f88-976f7db82376, command=[]} | ret=SUCCESS |  
2019-08-21 05:56:59,680 | INFO  | SCMAudit | user=jenkins1000 | ip=192.168.69.91 | op=SEND_HEARTBEAT {datanodeUUID=046a392e-7484-4dfc-820d-faa08503447d, command=[]} | ret=SUCCESS |  
2019-08-21 05:56:59,871 | INFO  | SCMAudit | user=jenkins1000 | ip=192.168.69.91 | op=SEND_HEARTBEAT {datanodeUUID=4794a7d0-d8e2-4005-aaca-0a56e39fce16, command=[]} | ret=SUCCESS |  
2019-08-21 05:57:00,216 | INFO  | SCMAudit | user=jenkins1000 | ip=192.168.69.91 | op=SEND_HEARTBEAT {datanodeUUID=3c17af02-f769-4730-87e1-6a78a05442cb, command=[]} | ret=SUCCESS |  
2019-08-21 05:57:00,244 | INFO  | SCMAudit | user=jenkins1000 | ip=192.168.69.91 | op=SEND_HEARTBEAT {datanodeUUID=625627db-20f6-4593-9222-21b617438b7f, command=[]} | ret=SUCCESS |  
2019-08-21 05:57:00,252 | INFO  | SCMAudit | user=jenkins1000 | ip=192.168.69.91 | op=SEND_HEARTBEAT {datanodeUUID=f101476e-c990-429e-921c-5f445731959e, command=[]} | ret=SUCCESS |  
2019-08-21 05:57:00,319 | INFO  | SCMAudit | user=jenkins1000 | ip=192.168.69.91 | op=SEND_HEARTBEAT {datanodeUUID=49ab72ed-ff76-4952-870c-a3cea42cdb24, command=[]} | ret=SUCCESS |  
2019-08-21 05:57:00,511 | INFO  | SCMAudit | user=jenkins1000 | ip=192.168.69.91 | op=SEND_HEARTBEAT {datanodeUUID=3fd580a5-fd1e-4f13-9f88-976f7db82376, command=[]} | ret=SUCCESS |  
2019-08-21 05:57:00,680 | INFO  | SCMAudit | user=jenkins1000 | ip=192.168.69.91 | op=SEND_HEARTBEAT {datanodeUUID=046a392e-7484-4dfc-820d-faa08503447d, command=[]} | ret=SUCCESS |  
2019-08-21 05:57:00,870 | INFO  | SCMAudit | user=jenkins1000 | ip=192.168.69.91 | op=SEND_HEARTBEAT {datanodeUUID=4794a7d0-d8e2-4005-aaca-0a56e39fce16, command=[]} | ret=SUCCESS |  
2019-08-21 05:57:01,215 | INFO  | SCMAudit | user=jenkins1000 | ip=192.168.69.91 | op=SEND_HEARTBEAT {datanodeUUID=3c17af02-f769-4730-87e1-6a78a05442cb, command=[]} | ret=SUCCESS |  
2019-08-21 05:57:01,244 | INFO  | SCMAudit | user=jenkins1000 | ip=192.168.69.91 | op=SEND_HEARTBEAT {datanodeUUID=625627db-20f6-4593-9222-21b617438b7f, command=[]} | ret=SUCCESS |  
2019-08-21 05:57:01,251 | INFO  | SCMAudit | user=jenkins1000 | ip=192.168.69.91 | op=SEND_HEARTBEAT {datanodeUUID=f101476e-c990-429e-921c-5f445731959e, command=[]} | ret=SUCCESS |  
2019-08-21 05:57:01,320 | INFO  | SCMAudit | user=jenkins1000 | ip=192.168.69.91 | op=SEND_HEARTBEAT {datanodeUUID=49ab72ed-ff76-4952-870c-a3cea42cdb24, command=[]} | ret=SUCCESS |  
2019-08-21 05:57:01,512 | INFO  | SCMAudit | user=jenkins1000 | ip=192.168.69.91 | op=SEND_HEARTBEAT {datanodeUUID=3fd580a5-fd1e-4f13-9f88-976f7db82376, command=[]} | ret=SUCCESS |  
2019-08-21 05:57:01,681 | INFO  | SCMAudit | user=jenkins1000 | ip=192.168.69.91 | op=SEND_HEARTBEAT {datanodeUUID=046a392e-7484-4dfc-820d-faa08503447d, command=[]} | ret=SUCCESS |  
2019-08-21 05:57:01,871 | INFO  | SCMAudit | user=jenkins1000 | ip=192.168.69.91 | op=SEND_HEARTBEAT {datanodeUUID=4794a7d0-d8e2-4005-aaca-0a56e39fce16, command=[]} | ret=SUCCESS |  
2019-08-21 05:57:02,215 | INFO  | SCMAudit | user=jenkins1000 | ip=192.168.69.91 | op=SEND_HEARTBEAT {datanodeUUID=3c17af02-f769-4730-87e1-6a78a05442cb, command=[]} | ret=SUCCESS |  
2019-08-21 05:57:02,245 | INFO  | SCMAudit | user=jenkins1000 | ip=192.168.69.91 | op=SEND_HEARTBEAT {datanodeUUID=625627db-20f6-4593-9222-21b617438b7f, command=[]} | ret=SUCCESS |  
2019-08-21 05:57:02,251 | INFO  | SCMAudit | user=jenkins1000 | ip=192.168.69.91 | op=SEND_HEARTBEAT {datanodeUUID=f101476e-c990-429e-921c-5f445731959e, command=[]} | ret=SUCCESS |  
2019-08-21 05:57:02,319 | INFO  | SCMAudit | user=jenkins1000 | ip=192.168.69.91 | op=SEND_HEARTBEAT {datanodeUUID=49ab72ed-ff76-4952-870c-a3cea42cdb24, command=[]} | ret=SUCCESS |  
2019-08-21 05:57:02,511 | INFO  | SCMAudit | user=jenkins1000 | ip=192.168.69.91 | op=SEND_HEARTBEAT {datanodeUUID=3fd580a5-fd1e-4f13-9f88-976f7db82376, command=[]} | ret=SUCCESS |  
2019-08-21 05:57:02,681 | INFO  | SCMAudit | user=jenkins1000 | ip=192.168.69.91 | op=SEND_HEARTBEAT {datanodeUUID=046a392e-7484-4dfc-820d-faa08503447d, command=[]} | ret=SUCCESS |  
2019-08-21 05:57:02,870 | INFO  | SCMAudit | user=jenkins1000 | ip=192.168.69.91 | op=SEND_HEARTBEAT {datanodeUUID=4794a7d0-d8e2-4005-aaca-0a56e39fce16, command=[]} | ret=SUCCESS |  
2019-08-21 05:57:03,215 | INFO  | SCMAudit | user=jenkins1000 | ip=192.168.69.91 | op=SEND_HEARTBEAT {datanodeUUID=3c17af02-f769-4730-87e1-6a78a05442cb, command=[]} | ret=SUCCESS |  
2019-08-21 05:57:03,244 | INFO  | SCMAudit | user=jenkins1000 | ip=192.168.69.91 | op=SEND_HEARTBEAT {datanodeUUID=625627db-20f6-4593-9222-21b617438b7f, command=[]} | ret=SUCCESS |  
2019-08-21 05:57:03,252 | INFO  | SCMAudit | user=jenkins1000 | ip=192.168.69.91 | op=SEND_HEARTBEAT {datanodeUUID=f101476e-c990-429e-921c-5f445731959e, command=[]} | ret=SUCCESS |  
2019-08-21 05:57:03,319 | INFO  | SCMAudit | user=jenkins1000 | ip=192.168.69.91 | op=SEND_HEARTBEAT {datanodeUUID=49ab72ed-ff76-4952-870c-a3cea42cdb24, command=[]} | ret=SUCCESS |  
2019-08-21 05:57:03,512 | INFO  | SCMAudit | user=jenkins1000 | ip=192.168.69.91 | op=SEND_HEARTBEAT {datanodeUUID=3fd580a5-fd1e-4f13-9f88-976f7db82376, command=[]} | ret=SUCCESS |  
2019-08-21 05:57:03,682 | INFO  | SCMAudit | user=jenkins1000 | ip=192.168.69.91 | op=SEND_HEARTBEAT {datanodeUUID=046a392e-7484-4dfc-820d-faa08503447d, command=[]} | ret=SUCCESS |  
2019-08-21 05:57:03,870 | INFO  | SCMAudit | user=jenkins1000 | ip=192.168.69.91 | op=SEND_HEARTBEAT {datanodeUUID=4794a7d0-d8e2-4005-aaca-0a56e39fce16, command=[]} | ret=SUCCESS |  
2019-08-21 05:57:04,125 [grpc-default-executor-4] INFO  client.GrpcClientProtocolClient (GrpcClientProtocolClient.java:onNext(255)) - client-5E3AA808964E->625627db-20f6-4593-9222-21b617438b7f: receive RaftClientReply:client-5E3AA808964E->625627db-20f6-4593-9222-21b617438b7f@group-ED3E36EC8233, cid=45, FAILED org.apache.ratis.protocol.NotLeaderException: Server 625627db-20f6-4593-9222-21b617438b7f is not the leader (3c17af02-f769-4730-87e1-6a78a05442cb:192.168.69.91:45466). Request must be sent to leader., logIndex=0, commits[625627db-20f6-4593-9222-21b617438b7f:c8, f101476e-c990-429e-921c-5f445731959e:c8, 3c17af02-f769-4730-87e1-6a78a05442cb:c8]
2019-08-21 05:57:04,215 | INFO  | SCMAudit | user=jenkins1000 | ip=192.168.69.91 | op=SEND_HEARTBEAT {datanodeUUID=3c17af02-f769-4730-87e1-6a78a05442cb, command=[]} | ret=SUCCESS |  
2019-08-21 05:57:04,244 | INFO  | SCMAudit | user=jenkins1000 | ip=192.168.69.91 | op=SEND_HEARTBEAT {datanodeUUID=625627db-20f6-4593-9222-21b617438b7f, command=[]} | ret=SUCCESS |  
2019-08-21 05:57:04,251 | INFO  | SCMAudit | user=jenkins1000 | ip=192.168.69.91 | op=SEND_HEARTBEAT {datanodeUUID=f101476e-c990-429e-921c-5f445731959e, command=[]} | ret=SUCCESS |  
2019-08-21 05:57:04,319 | INFO  | SCMAudit | user=jenkins1000 | ip=192.168.69.91 | op=SEND_HEARTBEAT {datanodeUUID=49ab72ed-ff76-4952-870c-a3cea42cdb24, command=[]} | ret=SUCCESS |  
2019-08-21 05:57:04,511 | INFO  | SCMAudit | user=jenkins1000 | ip=192.168.69.91 | op=SEND_HEARTBEAT {datanodeUUID=3fd580a5-fd1e-4f13-9f88-976f7db82376, command=[]} | ret=SUCCESS |  
2019-08-21 05:57:04,681 | INFO  | SCMAudit | user=jenkins1000 | ip=192.168.69.91 | op=SEND_HEARTBEAT {datanodeUUID=046a392e-7484-4dfc-820d-faa08503447d, command=[]} | ret=SUCCESS |  
2019-08-21 05:57:04,871 | INFO  | SCMAudit | user=jenkins1000 | ip=192.168.69.91 | op=SEND_HEARTBEAT {datanodeUUID=4794a7d0-d8e2-4005-aaca-0a56e39fce16, command=[]} | ret=SUCCESS |  
2019-08-21 05:57:05,215 | INFO  | SCMAudit | user=jenkins1000 | ip=192.168.69.91 | op=SEND_HEARTBEAT {datanodeUUID=3c17af02-f769-4730-87e1-6a78a05442cb, command=[]} | ret=SUCCESS |  
2019-08-21 05:57:05,244 | INFO  | SCMAudit | user=jenkins1000 | ip=192.168.69.91 | op=SEND_HEARTBEAT {datanodeUUID=625627db-20f6-4593-9222-21b617438b7f, command=[]} | ret=SUCCESS |  
2019-08-21 05:57:05,251 | INFO  | SCMAudit | user=jenkins1000 | ip=192.168.69.91 | op=SEND_HEARTBEAT {datanodeUUID=f101476e-c990-429e-921c-5f445731959e, command=[]} | ret=SUCCESS |  
2019-08-21 05:57:05,320 | INFO  | SCMAudit | user=jenkins1000 | ip=192.168.69.91 | op=SEND_HEARTBEAT {datanodeUUID=49ab72ed-ff76-4952-870c-a3cea42cdb24, command=[]} | ret=SUCCESS |  
2019-08-21 05:57:05,511 | INFO  | SCMAudit | user=jenkins1000 | ip=192.168.69.91 | op=SEND_HEARTBEAT {datanodeUUID=3fd580a5-fd1e-4f13-9f88-976f7db82376, command=[]} | ret=SUCCESS |  
2019-08-21 05:57:05,681 | INFO  | SCMAudit | user=jenkins1000 | ip=192.168.69.91 | op=SEND_HEARTBEAT {datanodeUUID=046a392e-7484-4dfc-820d-faa08503447d, command=[]} | ret=SUCCESS |  
2019-08-21 05:57:05,870 | INFO  | SCMAudit | user=jenkins1000 | ip=192.168.69.91 | op=SEND_HEARTBEAT {datanodeUUID=4794a7d0-d8e2-4005-aaca-0a56e39fce16, command=[]} | ret=SUCCESS |  
2019-08-21 05:57:06,216 | INFO  | SCMAudit | user=jenkins1000 | ip=192.168.69.91 | op=SEND_HEARTBEAT {datanodeUUID=3c17af02-f769-4730-87e1-6a78a05442cb, command=[]} | ret=SUCCESS |  
2019-08-21 05:57:06,245 | INFO  | SCMAudit | user=jenkins1000 | ip=192.168.69.91 | op=SEND_HEARTBEAT {datanodeUUID=625627db-20f6-4593-9222-21b617438b7f, command=[]} | ret=SUCCESS |  
2019-08-21 05:57:06,252 | INFO  | SCMAudit | user=jenkins1000 | ip=192.168.69.91 | op=SEND_HEARTBEAT {datanodeUUID=f101476e-c990-429e-921c-5f445731959e, command=[]} | ret=SUCCESS |  
2019-08-21 05:57:06,319 | INFO  | SCMAudit | user=jenkins1000 | ip=192.168.69.91 | op=SEND_HEARTBEAT {datanodeUUID=49ab72ed-ff76-4952-870c-a3cea42cdb24, command=[]} | ret=SUCCESS |  
2019-08-21 05:57:06,511 | INFO  | SCMAudit | user=jenkins1000 | ip=192.168.69.91 | op=SEND_HEARTBEAT {datanodeUUID=3fd580a5-fd1e-4f13-9f88-976f7db82376, command=[]} | ret=SUCCESS |  
2019-08-21 05:57:06,681 | INFO  | SCMAudit | user=jenkins1000 | ip=192.168.69.91 | op=SEND_HEARTBEAT {datanodeUUID=046a392e-7484-4dfc-820d-faa08503447d, command=[]} | ret=SUCCESS |  
2019-08-21 05:57:06,870 | INFO  | SCMAudit | user=jenkins1000 | ip=192.168.69.91 | op=SEND_HEARTBEAT {datanodeUUID=4794a7d0-d8e2-4005-aaca-0a56e39fce16, command=[]} | ret=SUCCESS |  
2019-08-21 05:57:07,215 | INFO  | SCMAudit | user=jenkins1000 | ip=192.168.69.91 | op=SEND_HEARTBEAT {datanodeUUID=3c17af02-f769-4730-87e1-6a78a05442cb, command=[]} | ret=SUCCESS |  
2019-08-21 05:57:07,245 | INFO  | SCMAudit | user=jenkins1000 | ip=192.168.69.91 | op=SEND_HEARTBEAT {datanodeUUID=625627db-20f6-4593-9222-21b617438b7f, command=[]} | ret=SUCCESS |  
2019-08-21 05:57:07,252 | INFO  | SCMAudit | user=jenkins1000 | ip=192.168.69.91 | op=SEND_HEARTBEAT {datanodeUUID=f101476e-c990-429e-921c-5f445731959e, command=[]} | ret=SUCCESS |  
2019-08-21 05:57:07,319 | INFO  | SCMAudit | user=jenkins1000 | ip=192.168.69.91 | op=SEND_HEARTBEAT {datanodeUUID=49ab72ed-ff76-4952-870c-a3cea42cdb24, command=[]} | ret=SUCCESS |  
2019-08-21 05:57:07,512 | INFO  | SCMAudit | user=jenkins1000 | ip=192.168.69.91 | op=SEND_HEARTBEAT {datanodeUUID=3fd580a5-fd1e-4f13-9f88-976f7db82376, command=[]} | ret=SUCCESS |  
2019-08-21 05:57:07,682 | INFO  | SCMAudit | user=jenkins1000 | ip=192.168.69.91 | op=SEND_HEARTBEAT {datanodeUUID=046a392e-7484-4dfc-820d-faa08503447d, command=[]} | ret=SUCCESS |  
2019-08-21 05:57:07,871 | INFO  | SCMAudit | user=jenkins1000 | ip=192.168.69.91 | op=SEND_HEARTBEAT {datanodeUUID=4794a7d0-d8e2-4005-aaca-0a56e39fce16, command=[]} | ret=SUCCESS |  
2019-08-21 05:57:08,215 | INFO  | SCMAudit | user=jenkins1000 | ip=192.168.69.91 | op=SEND_HEARTBEAT {datanodeUUID=3c17af02-f769-4730-87e1-6a78a05442cb, command=[]} | ret=SUCCESS |  
2019-08-21 05:57:08,245 | INFO  | SCMAudit | user=jenkins1000 | ip=192.168.69.91 | op=SEND_HEARTBEAT {datanodeUUID=625627db-20f6-4593-9222-21b617438b7f, command=[]} | ret=SUCCESS |  
2019-08-21 05:57:08,252 | INFO  | SCMAudit | user=jenkins1000 | ip=192.168.69.91 | op=SEND_HEARTBEAT {datanodeUUID=f101476e-c990-429e-921c-5f445731959e, command=[]} | ret=SUCCESS |  
2019-08-21 05:57:08,319 | INFO  | SCMAudit | user=jenkins1000 | ip=192.168.69.91 | op=SEND_HEARTBEAT {datanodeUUID=49ab72ed-ff76-4952-870c-a3cea42cdb24, command=[]} | ret=SUCCESS |  
2019-08-21 05:57:08,512 | INFO  | SCMAudit | user=jenkins1000 | ip=192.168.69.91 | op=SEND_HEARTBEAT {datanodeUUID=3fd580a5-fd1e-4f13-9f88-976f7db82376, command=[]} | ret=SUCCESS |  
2019-08-21 05:57:08,681 | INFO  | SCMAudit | user=jenkins1000 | ip=192.168.69.91 | op=SEND_HEARTBEAT {datanodeUUID=046a392e-7484-4dfc-820d-faa08503447d, command=[]} | ret=SUCCESS |  
2019-08-21 05:57:08,870 | INFO  | SCMAudit | user=jenkins1000 | ip=192.168.69.91 | op=SEND_HEARTBEAT {datanodeUUID=4794a7d0-d8e2-4005-aaca-0a56e39fce16, command=[]} | ret=SUCCESS |  
2019-08-21 05:57:09,167 [grpc-default-executor-4] INFO  client.GrpcClientProtocolClient (GrpcClientProtocolClient.java:onNext(255)) - client-5E3AA808964E->f101476e-c990-429e-921c-5f445731959e: receive RaftClientReply:client-5E3AA808964E->f101476e-c990-429e-921c-5f445731959e@group-ED3E36EC8233, cid=45, FAILED org.apache.ratis.protocol.NotLeaderException: Server f101476e-c990-429e-921c-5f445731959e is not the leader (3c17af02-f769-4730-87e1-6a78a05442cb:192.168.69.91:45466). Request must be sent to leader., logIndex=0, commits[f101476e-c990-429e-921c-5f445731959e:c8, 3c17af02-f769-4730-87e1-6a78a05442cb:c8, 625627db-20f6-4593-9222-21b617438b7f:c8]
2019-08-21 05:57:09,216 | INFO  | SCMAudit | user=jenkins1000 | ip=192.168.69.91 | op=SEND_HEARTBEAT {datanodeUUID=3c17af02-f769-4730-87e1-6a78a05442cb, command=[]} | ret=SUCCESS |  
2019-08-21 05:57:09,246 | INFO  | SCMAudit | user=jenkins1000 | ip=192.168.69.91 | op=SEND_HEARTBEAT {datanodeUUID=625627db-20f6-4593-9222-21b617438b7f, command=[]} | ret=SUCCESS |  
2019-08-21 05:57:09,252 | INFO  | SCMAudit | user=jenkins1000 | ip=192.168.69.91 | op=SEND_HEARTBEAT {datanodeUUID=f101476e-c990-429e-921c-5f445731959e, command=[]} | ret=SUCCESS |  
2019-08-21 05:57:09,319 | INFO  | SCMAudit | user=jenkins1000 | ip=192.168.69.91 | op=SEND_HEARTBEAT {datanodeUUID=49ab72ed-ff76-4952-870c-a3cea42cdb24, command=[]} | ret=SUCCESS |  
2019-08-21 05:57:09,513 | INFO  | SCMAudit | user=jenkins1000 | ip=192.168.69.91 | op=SEND_HEARTBEAT {datanodeUUID=3fd580a5-fd1e-4f13-9f88-976f7db82376, command=[]} | ret=SUCCESS |  
2019-08-21 05:57:09,681 | INFO  | SCMAudit | user=jenkins1000 | ip=192.168.69.91 | op=SEND_HEARTBEAT {datanodeUUID=046a392e-7484-4dfc-820d-faa08503447d, command=[]} | ret=SUCCESS |  
2019-08-21 05:57:09,871 | INFO  | SCMAudit | user=jenkins1000 | ip=192.168.69.91 | op=SEND_HEARTBEAT {datanodeUUID=4794a7d0-d8e2-4005-aaca-0a56e39fce16, command=[]} | ret=SUCCESS |  
2019-08-21 05:57:10,216 | INFO  | SCMAudit | user=jenkins1000 | ip=192.168.69.91 | op=SEND_HEARTBEAT {datanodeUUID=3c17af02-f769-4730-87e1-6a78a05442cb, command=[]} | ret=SUCCESS |  
2019-08-21 05:57:10,245 | INFO  | SCMAudit | user=jenkins1000 | ip=192.168.69.91 | op=SEND_HEARTBEAT {datanodeUUID=625627db-20f6-4593-9222-21b617438b7f, command=[]} | ret=SUCCESS |  
2019-08-21 05:57:10,252 | INFO  | SCMAudit | user=jenkins1000 | ip=192.168.69.91 | op=SEND_HEARTBEAT {datanodeUUID=f101476e-c990-429e-921c-5f445731959e, command=[]} | ret=SUCCESS |  
2019-08-21 05:57:10,319 | INFO  | SCMAudit | user=jenkins1000 | ip=192.168.69.91 | op=SEND_HEARTBEAT {datanodeUUID=49ab72ed-ff76-4952-870c-a3cea42cdb24, command=[]} | ret=SUCCESS |  
2019-08-21 05:57:10,512 | INFO  | SCMAudit | user=jenkins1000 | ip=192.168.69.91 | op=SEND_HEARTBEAT {datanodeUUID=3fd580a5-fd1e-4f13-9f88-976f7db82376, command=[]} | ret=SUCCESS |  
2019-08-21 05:57:10,682 | INFO  | SCMAudit | user=jenkins1000 | ip=192.168.69.91 | op=SEND_HEARTBEAT {datanodeUUID=046a392e-7484-4dfc-820d-faa08503447d, command=[]} | ret=SUCCESS |  
2019-08-21 05:57:10,870 | INFO  | SCMAudit | user=jenkins1000 | ip=192.168.69.91 | op=SEND_HEARTBEAT {datanodeUUID=4794a7d0-d8e2-4005-aaca-0a56e39fce16, command=[]} | ret=SUCCESS |  
2019-08-21 05:57:11,217 | INFO  | SCMAudit | user=jenkins1000 | ip=192.168.69.91 | op=SEND_HEARTBEAT {datanodeUUID=3c17af02-f769-4730-87e1-6a78a05442cb, command=[]} | ret=SUCCESS |  
2019-08-21 05:57:11,245 | INFO  | SCMAudit | user=jenkins1000 | ip=192.168.69.91 | op=SEND_HEARTBEAT {datanodeUUID=625627db-20f6-4593-9222-21b617438b7f, command=[]} | ret=SUCCESS |  
2019-08-21 05:57:11,252 | INFO  | SCMAudit | user=jenkins1000 | ip=192.168.69.91 | op=SEND_HEARTBEAT {datanodeUUID=f101476e-c990-429e-921c-5f445731959e, command=[]} | ret=SUCCESS |  
2019-08-21 05:57:11,319 | INFO  | SCMAudit | user=jenkins1000 | ip=192.168.69.91 | op=SEND_HEARTBEAT {datanodeUUID=49ab72ed-ff76-4952-870c-a3cea42cdb24, command=[]} | ret=SUCCESS |  
2019-08-21 05:57:11,513 | INFO  | SCMAudit | user=jenkins1000 | ip=192.168.69.91 | op=SEND_HEARTBEAT {datanodeUUID=3fd580a5-fd1e-4f13-9f88-976f7db82376, command=[]} | ret=SUCCESS |  
2019-08-21 05:57:11,683 | INFO  | SCMAudit | user=jenkins1000 | ip=192.168.69.91 | op=SEND_HEARTBEAT {datanodeUUID=046a392e-7484-4dfc-820d-faa08503447d, command=[]} | ret=SUCCESS |  
2019-08-21 05:57:11,871 | INFO  | SCMAudit | user=jenkins1000 | ip=192.168.69.91 | op=SEND_HEARTBEAT {datanodeUUID=4794a7d0-d8e2-4005-aaca-0a56e39fce16, command=[]} | ret=SUCCESS |  
2019-08-21 05:57:12,216 | INFO  | SCMAudit | user=jenkins1000 | ip=192.168.69.91 | op=SEND_HEARTBEAT {datanodeUUID=3c17af02-f769-4730-87e1-6a78a05442cb, command=[]} | ret=SUCCESS |  
2019-08-21 05:57:12,245 | INFO  | SCMAudit | user=jenkins1000 | ip=192.168.69.91 | op=SEND_HEARTBEAT {datanodeUUID=625627db-20f6-4593-9222-21b617438b7f, command=[]} | ret=SUCCESS |  
2019-08-21 05:57:12,252 | INFO  | SCMAudit | user=jenkins1000 | ip=192.168.69.91 | op=SEND_HEARTBEAT {datanodeUUID=f101476e-c990-429e-921c-5f445731959e, command=[]} | ret=SUCCESS |  
2019-08-21 05:57:12,320 | INFO  | SCMAudit | user=jenkins1000 | ip=192.168.69.91 | op=SEND_HEARTBEAT {datanodeUUID=49ab72ed-ff76-4952-870c-a3cea42cdb24, command=[]} | ret=SUCCESS |  
2019-08-21 05:57:12,512 | INFO  | SCMAudit | user=jenkins1000 | ip=192.168.69.91 | op=SEND_HEARTBEAT {datanodeUUID=3fd580a5-fd1e-4f13-9f88-976f7db82376, command=[]} | ret=SUCCESS |  
2019-08-21 05:57:12,682 | INFO  | SCMAudit | user=jenkins1000 | ip=192.168.69.91 | op=SEND_HEARTBEAT {datanodeUUID=046a392e-7484-4dfc-820d-faa08503447d, command=[]} | ret=SUCCESS |  
2019-08-21 05:57:12,870 | INFO  | SCMAudit | user=jenkins1000 | ip=192.168.69.91 | op=SEND_HEARTBEAT {datanodeUUID=4794a7d0-d8e2-4005-aaca-0a56e39fce16, command=[]} | ret=SUCCESS |  
2019-08-21 05:57:13,217 | INFO  | SCMAudit | user=jenkins1000 | ip=192.168.69.91 | op=SEND_HEARTBEAT {datanodeUUID=3c17af02-f769-4730-87e1-6a78a05442cb, command=[]} | ret=SUCCESS |  
2019-08-21 05:57:13,246 | INFO  | SCMAudit | user=jenkins1000 | ip=192.168.69.91 | op=SEND_HEARTBEAT {datanodeUUID=625627db-20f6-4593-9222-21b617438b7f, command=[]} | ret=SUCCESS |  
2019-08-21 05:57:13,253 | INFO  | SCMAudit | user=jenkins1000 | ip=192.168.69.91 | op=SEND_HEARTBEAT {datanodeUUID=f101476e-c990-429e-921c-5f445731959e, command=[]} | ret=SUCCESS |  
2019-08-21 05:57:13,320 | INFO  | SCMAudit | user=jenkins1000 | ip=192.168.69.91 | op=SEND_HEARTBEAT {datanodeUUID=49ab72ed-ff76-4952-870c-a3cea42cdb24, command=[]} | ret=SUCCESS |  
2019-08-21 05:57:13,513 | INFO  | SCMAudit | user=jenkins1000 | ip=192.168.69.91 | op=SEND_HEARTBEAT {datanodeUUID=3fd580a5-fd1e-4f13-9f88-976f7db82376, command=[]} | ret=SUCCESS |  
2019-08-21 05:57:13,682 | INFO  | SCMAudit | user=jenkins1000 | ip=192.168.69.91 | op=SEND_HEARTBEAT {datanodeUUID=046a392e-7484-4dfc-820d-faa08503447d, command=[]} | ret=SUCCESS |  
2019-08-21 05:57:13,870 | INFO  | SCMAudit | user=jenkins1000 | ip=192.168.69.91 | op=SEND_HEARTBEAT {datanodeUUID=4794a7d0-d8e2-4005-aaca-0a56e39fce16, command=[]} | ret=SUCCESS |  
2019-08-21 05:57:14,226 | INFO  | SCMAudit | user=jenkins1000 | ip=192.168.69.91 | op=SEND_HEARTBEAT {datanodeUUID=3c17af02-f769-4730-87e1-6a78a05442cb, command=[]} | ret=SUCCESS |  
2019-08-21 05:57:14,227 [grpc-default-executor-4] INFO  client.GrpcClientProtocolClient (GrpcClientProtocolClient.java:onNext(255)) - client-5E3AA808964E->f101476e-c990-429e-921c-5f445731959e: receive RaftClientReply:client-5E3AA808964E->f101476e-c990-429e-921c-5f445731959e@group-ED3E36EC8233, cid=45, FAILED org.apache.ratis.protocol.NotLeaderException: Server f101476e-c990-429e-921c-5f445731959e is not the leader (3c17af02-f769-4730-87e1-6a78a05442cb:192.168.69.91:45466). Request must be sent to leader., logIndex=0, commits[f101476e-c990-429e-921c-5f445731959e:c8, 3c17af02-f769-4730-87e1-6a78a05442cb:c8, 625627db-20f6-4593-9222-21b617438b7f:c8]
2019-08-21 05:57:14,246 | INFO  | SCMAudit | user=jenkins1000 | ip=192.168.69.91 | op=SEND_HEARTBEAT {datanodeUUID=625627db-20f6-4593-9222-21b617438b7f, command=[]} | ret=SUCCESS |  
2019-08-21 05:57:14,252 | INFO  | SCMAudit | user=jenkins1000 | ip=192.168.69.91 | op=SEND_HEARTBEAT {datanodeUUID=f101476e-c990-429e-921c-5f445731959e, command=[]} | ret=SUCCESS |  
2019-08-21 05:57:14,320 | INFO  | SCMAudit | user=jenkins1000 | ip=192.168.69.91 | op=SEND_HEARTBEAT {datanodeUUID=49ab72ed-ff76-4952-870c-a3cea42cdb24, command=[]} | ret=SUCCESS |  
2019-08-21 05:57:14,512 | INFO  | SCMAudit | user=jenkins1000 | ip=192.168.69.91 | op=SEND_HEARTBEAT {datanodeUUID=3fd580a5-fd1e-4f13-9f88-976f7db82376, command=[]} | ret=SUCCESS |  
2019-08-21 05:57:14,683 | INFO  | SCMAudit | user=jenkins1000 | ip=192.168.69.91 | op=SEND_HEARTBEAT {datanodeUUID=046a392e-7484-4dfc-820d-faa08503447d, command=[]} | ret=SUCCESS |  
2019-08-21 05:57:14,871 | INFO  | SCMAudit | user=jenkins1000 | ip=192.168.69.91 | op=SEND_HEARTBEAT {datanodeUUID=4794a7d0-d8e2-4005-aaca-0a56e39fce16, command=[]} | ret=SUCCESS |  
2019-08-21 05:57:15,227 | INFO  | SCMAudit | user=jenkins1000 | ip=192.168.69.91 | op=SEND_HEARTBEAT {datanodeUUID=3c17af02-f769-4730-87e1-6a78a05442cb, command=[]} | ret=SUCCESS |  
2019-08-21 05:57:15,246 | INFO  | SCMAudit | user=jenkins1000 | ip=192.168.69.91 | op=SEND_HEARTBEAT {datanodeUUID=625627db-20f6-4593-9222-21b617438b7f, command=[]} | ret=SUCCESS |  
2019-08-21 05:57:15,252 | INFO  | SCMAudit | user=jenkins1000 | ip=192.168.69.91 | op=SEND_HEARTBEAT {datanodeUUID=f101476e-c990-429e-921c-5f445731959e, command=[]} | ret=SUCCESS |  
2019-08-21 05:57:15,321 | INFO  | SCMAudit | user=jenkins1000 | ip=192.168.69.91 | op=SEND_HEARTBEAT {datanodeUUID=49ab72ed-ff76-4952-870c-a3cea42cdb24, command=[]} | ret=SUCCESS |  
2019-08-21 05:57:15,513 | INFO  | SCMAudit | user=jenkins1000 | ip=192.168.69.91 | op=SEND_HEARTBEAT {datanodeUUID=3fd580a5-fd1e-4f13-9f88-976f7db82376, command=[]} | ret=SUCCESS |  
2019-08-21 05:57:15,682 | INFO  | SCMAudit | user=jenkins1000 | ip=192.168.69.91 | op=SEND_HEARTBEAT {datanodeUUID=046a392e-7484-4dfc-820d-faa08503447d, command=[]} | ret=SUCCESS |  
2019-08-21 05:57:15,870 | INFO  | SCMAudit | user=jenkins1000 | ip=192.168.69.91 | op=SEND_HEARTBEAT {datanodeUUID=4794a7d0-d8e2-4005-aaca-0a56e39fce16, command=[]} | ret=SUCCESS |  
2019-08-21 05:57:16,226 | INFO  | SCMAudit | user=jenkins1000 | ip=192.168.69.91 | op=SEND_HEARTBEAT {datanodeUUID=3c17af02-f769-4730-87e1-6a78a05442cb, command=[]} | ret=SUCCESS |  
2019-08-21 05:57:16,246 | INFO  | SCMAudit | user=jenkins1000 | ip=192.168.69.91 | op=SEND_HEARTBEAT {datanodeUUID=625627db-20f6-4593-9222-21b617438b7f, command=[]} | ret=SUCCESS |  
2019-08-21 05:57:16,253 | INFO  | SCMAudit | user=jenkins1000 | ip=192.168.69.91 | op=SEND_HEARTBEAT {datanodeUUID=f101476e-c990-429e-921c-5f445731959e, command=[]} | ret=SUCCESS |  
2019-08-21 05:57:16,321 | INFO  | SCMAudit | user=jenkins1000 | ip=192.168.69.91 | op=SEND_HEARTBEAT {datanodeUUID=49ab72ed-ff76-4952-870c-a3cea42cdb24, command=[]} | ret=SUCCESS |  
2019-08-21 05:57:16,513 | INFO  | SCMAudit | user=jenkins1000 | ip=192.168.69.91 | op=SEND_HEARTBEAT {datanodeUUID=3fd580a5-fd1e-4f13-9f88-976f7db82376, command=[]} | ret=SUCCESS |  
2019-08-21 05:57:16,682 | INFO  | SCMAudit | user=jenkins1000 | ip=192.168.69.91 | op=SEND_HEARTBEAT {datanodeUUID=046a392e-7484-4dfc-820d-faa08503447d, command=[]} | ret=SUCCESS |  
2019-08-21 05:57:16,871 | INFO  | SCMAudit | user=jenkins1000 | ip=192.168.69.91 | op=SEND_HEARTBEAT {datanodeUUID=4794a7d0-d8e2-4005-aaca-0a56e39fce16, command=[]} | ret=SUCCESS |  
2019-08-21 05:57:17,227 | INFO  | SCMAudit | user=jenkins1000 | ip=192.168.69.91 | op=SEND_HEARTBEAT {datanodeUUID=3c17af02-f769-4730-87e1-6a78a05442cb, command=[]} | ret=SUCCESS |  
2019-08-21 05:57:17,247 | INFO  | SCMAudit | user=jenkins1000 | ip=192.168.69.91 | op=SEND_HEARTBEAT {datanodeUUID=625627db-20f6-4593-9222-21b617438b7f, command=[]} | ret=SUCCESS |  
2019-08-21 05:57:17,253 | INFO  | SCMAudit | user=jenkins1000 | ip=192.168.69.91 | op=SEND_HEARTBEAT {datanodeUUID=f101476e-c990-429e-921c-5f445731959e, command=[]} | ret=SUCCESS |  
2019-08-21 05:57:17,321 | INFO  | SCMAudit | user=jenkins1000 | ip=192.168.69.91 | op=SEND_HEARTBEAT {datanodeUUID=49ab72ed-ff76-4952-870c-a3cea42cdb24, command=[]} | ret=SUCCESS |  
2019-08-21 05:57:17,514 | INFO  | SCMAudit | user=jenkins1000 | ip=192.168.69.91 | op=SEND_HEARTBEAT {datanodeUUID=3fd580a5-fd1e-4f13-9f88-976f7db82376, command=[]} | ret=SUCCESS |  
2019-08-21 05:57:17,683 | INFO  | SCMAudit | user=jenkins1000 | ip=192.168.69.91 | op=SEND_HEARTBEAT {datanodeUUID=046a392e-7484-4dfc-820d-faa08503447d, command=[]} | ret=SUCCESS |  
2019-08-21 05:57:17,870 | INFO  | SCMAudit | user=jenkins1000 | ip=192.168.69.91 | op=SEND_HEARTBEAT {datanodeUUID=4794a7d0-d8e2-4005-aaca-0a56e39fce16, command=[]} | ret=SUCCESS |  
2019-08-21 05:57:18,227 | INFO  | SCMAudit | user=jenkins1000 | ip=192.168.69.91 | op=SEND_HEARTBEAT {datanodeUUID=3c17af02-f769-4730-87e1-6a78a05442cb, command=[]} | ret=SUCCESS |  
2019-08-21 05:57:18,247 | INFO  | SCMAudit | user=jenkins1000 | ip=192.168.69.91 | op=SEND_HEARTBEAT {datanodeUUID=625627db-20f6-4593-9222-21b617438b7f, command=[]} | ret=SUCCESS |  
2019-08-21 05:57:18,255 | INFO  | SCMAudit | user=jenkins1000 | ip=192.168.69.91 | op=SEND_HEARTBEAT {datanodeUUID=f101476e-c990-429e-921c-5f445731959e, command=[]} | ret=SUCCESS |  
2019-08-21 05:57:18,322 | INFO  | SCMAudit | user=jenkins1000 | ip=192.168.69.91 | op=SEND_HEARTBEAT {datanodeUUID=49ab72ed-ff76-4952-870c-a3cea42cdb24, command=[]} | ret=SUCCESS |  
2019-08-21 05:57:18,513 | INFO  | SCMAudit | user=jenkins1000 | ip=192.168.69.91 | op=SEND_HEARTBEAT {datanodeUUID=3fd580a5-fd1e-4f13-9f88-976f7db82376, command=[]} | ret=SUCCESS |  
2019-08-21 05:57:18,683 | INFO  | SCMAudit | user=jenkins1000 | ip=192.168.69.91 | op=SEND_HEARTBEAT {datanodeUUID=046a392e-7484-4dfc-820d-faa08503447d, command=[]} | ret=SUCCESS |  
2019-08-21 05:57:18,870 | INFO  | SCMAudit | user=jenkins1000 | ip=192.168.69.91 | op=SEND_HEARTBEAT {datanodeUUID=4794a7d0-d8e2-4005-aaca-0a56e39fce16, command=[]} | ret=SUCCESS |  
2019-08-21 05:57:19,227 | INFO  | SCMAudit | user=jenkins1000 | ip=192.168.69.91 | op=SEND_HEARTBEAT {datanodeUUID=3c17af02-f769-4730-87e1-6a78a05442cb, command=[]} | ret=SUCCESS |  
2019-08-21 05:57:19,247 | INFO  | SCMAudit | user=jenkins1000 | ip=192.168.69.91 | op=SEND_HEARTBEAT {datanodeUUID=625627db-20f6-4593-9222-21b617438b7f, command=[]} | ret=SUCCESS |  
2019-08-21 05:57:19,253 | INFO  | SCMAudit | user=jenkins1000 | ip=192.168.69.91 | op=SEND_HEARTBEAT {datanodeUUID=f101476e-c990-429e-921c-5f445731959e, command=[]} | ret=SUCCESS |  
2019-08-21 05:57:19,269 [grpc-default-executor-4] INFO  client.GrpcClientProtocolClient (GrpcClientProtocolClient.java:onNext(255)) - client-5E3AA808964E->f101476e-c990-429e-921c-5f445731959e: receive RaftClientReply:client-5E3AA808964E->f101476e-c990-429e-921c-5f445731959e@group-ED3E36EC8233, cid=45, FAILED org.apache.ratis.protocol.NotLeaderException: Server f101476e-c990-429e-921c-5f445731959e is not the leader (3c17af02-f769-4730-87e1-6a78a05442cb:192.168.69.91:45466). Request must be sent to leader., logIndex=0, commits[f101476e-c990-429e-921c-5f445731959e:c8, 3c17af02-f769-4730-87e1-6a78a05442cb:c8, 625627db-20f6-4593-9222-21b617438b7f:c8]
2019-08-21 05:57:19,321 | INFO  | SCMAudit | user=jenkins1000 | ip=192.168.69.91 | op=SEND_HEARTBEAT {datanodeUUID=49ab72ed-ff76-4952-870c-a3cea42cdb24, command=[]} | ret=SUCCESS |  
2019-08-21 05:57:19,514 | INFO  | SCMAudit | user=jenkins1000 | ip=192.168.69.91 | op=SEND_HEARTBEAT {datanodeUUID=3fd580a5-fd1e-4f13-9f88-976f7db82376, command=[]} | ret=SUCCESS |  
2019-08-21 05:57:19,684 | INFO  | SCMAudit | user=jenkins1000 | ip=192.168.69.91 | op=SEND_HEARTBEAT {datanodeUUID=046a392e-7484-4dfc-820d-faa08503447d, command=[]} | ret=SUCCESS |  
2019-08-21 05:57:19,871 | INFO  | SCMAudit | user=jenkins1000 | ip=192.168.69.91 | op=SEND_HEARTBEAT {datanodeUUID=4794a7d0-d8e2-4005-aaca-0a56e39fce16, command=[]} | ret=SUCCESS |  
2019-08-21 05:57:20,227 | INFO  | SCMAudit | user=jenkins1000 | ip=192.168.69.91 | op=SEND_HEARTBEAT {datanodeUUID=3c17af02-f769-4730-87e1-6a78a05442cb, command=[]} | ret=SUCCESS |  
2019-08-21 05:57:20,247 | INFO  | SCMAudit | user=jenkins1000 | ip=192.168.69.91 | op=SEND_HEARTBEAT {datanodeUUID=625627db-20f6-4593-9222-21b617438b7f, command=[]} | ret=SUCCESS |  
2019-08-21 05:57:20,253 | INFO  | SCMAudit | user=jenkins1000 | ip=192.168.69.91 | op=SEND_HEARTBEAT {datanodeUUID=f101476e-c990-429e-921c-5f445731959e, command=[]} | ret=SUCCESS |  
2019-08-21 05:57:20,321 | INFO  | SCMAudit | user=jenkins1000 | ip=192.168.69.91 | op=SEND_HEARTBEAT {datanodeUUID=49ab72ed-ff76-4952-870c-a3cea42cdb24, command=[]} | ret=SUCCESS |  
2019-08-21 05:57:20,513 | INFO  | SCMAudit | user=jenkins1000 | ip=192.168.69.91 | op=SEND_HEARTBEAT {datanodeUUID=3fd580a5-fd1e-4f13-9f88-976f7db82376, command=[]} | ret=SUCCESS |  
2019-08-21 05:57:20,684 | INFO  | SCMAudit | user=jenkins1000 | ip=192.168.69.91 | op=SEND_HEARTBEAT {datanodeUUID=046a392e-7484-4dfc-820d-faa08503447d, command=[]} | ret=SUCCESS |  
2019-08-21 05:57:20,870 | INFO  | SCMAudit | user=jenkins1000 | ip=192.168.69.91 | op=SEND_HEARTBEAT {datanodeUUID=4794a7d0-d8e2-4005-aaca-0a56e39fce16, command=[]} | ret=SUCCESS |  
2019-08-21 05:57:21,227 | INFO  | SCMAudit | user=jenkins1000 | ip=192.168.69.91 | op=SEND_HEARTBEAT {datanodeUUID=3c17af02-f769-4730-87e1-6a78a05442cb, command=[]} | ret=SUCCESS |  
2019-08-21 05:57:21,247 | INFO  | SCMAudit | user=jenkins1000 | ip=192.168.69.91 | op=SEND_HEARTBEAT {datanodeUUID=625627db-20f6-4593-9222-21b617438b7f, command=[]} | ret=SUCCESS |  
2019-08-21 05:57:21,253 | INFO  | SCMAudit | user=jenkins1000 | ip=192.168.69.91 | op=SEND_HEARTBEAT {datanodeUUID=f101476e-c990-429e-921c-5f445731959e, command=[]} | ret=SUCCESS |  
2019-08-21 05:57:21,322 | INFO  | SCMAudit | user=jenkins1000 | ip=192.168.69.91 | op=SEND_HEARTBEAT {datanodeUUID=49ab72ed-ff76-4952-870c-a3cea42cdb24, command=[]} | ret=SUCCESS |  
2019-08-21 05:57:21,514 | INFO  | SCMAudit | user=jenkins1000 | ip=192.168.69.91 | op=SEND_HEARTBEAT {datanodeUUID=3fd580a5-fd1e-4f13-9f88-976f7db82376, command=[]} | ret=SUCCESS |  
2019-08-21 05:57:21,694 | INFO  | SCMAudit | user=jenkins1000 | ip=192.168.69.91 | op=SEND_HEARTBEAT {datanodeUUID=046a392e-7484-4dfc-820d-faa08503447d, command=[]} | ret=SUCCESS |  
2019-08-21 05:57:21,871 | INFO  | SCMAudit | user=jenkins1000 | ip=192.168.69.91 | op=SEND_HEARTBEAT {datanodeUUID=4794a7d0-d8e2-4005-aaca-0a56e39fce16, command=[]} | ret=SUCCESS |  
2019-08-21 05:57:22,228 | INFO  | SCMAudit | user=jenkins1000 | ip=192.168.69.91 | op=SEND_HEARTBEAT {datanodeUUID=3c17af02-f769-4730-87e1-6a78a05442cb, command=[]} | ret=SUCCESS |  
2019-08-21 05:57:22,248 | INFO  | SCMAudit | user=jenkins1000 | ip=192.168.69.91 | op=SEND_HEARTBEAT {datanodeUUID=625627db-20f6-4593-9222-21b617438b7f, command=[]} | ret=SUCCESS |  
2019-08-21 05:57:22,253 | INFO  | SCMAudit | user=jenkins1000 | ip=192.168.69.91 | op=SEND_HEARTBEAT {datanodeUUID=f101476e-c990-429e-921c-5f445731959e, command=[]} | ret=SUCCESS |  
2019-08-21 05:57:22,322 | INFO  | SCMAudit | user=jenkins1000 | ip=192.168.69.91 | op=SEND_HEARTBEAT {datanodeUUID=49ab72ed-ff76-4952-870c-a3cea42cdb24, command=[]} | ret=SUCCESS |  
2019-08-21 05:57:22,513 | INFO  | SCMAudit | user=jenkins1000 | ip=192.168.69.91 | op=SEND_HEARTBEAT {datanodeUUID=3fd580a5-fd1e-4f13-9f88-976f7db82376, command=[]} | ret=SUCCESS |  
2019-08-21 05:57:22,693 | INFO  | SCMAudit | user=jenkins1000 | ip=192.168.69.91 | op=SEND_HEARTBEAT {datanodeUUID=046a392e-7484-4dfc-820d-faa08503447d, command=[]} | ret=SUCCESS |  
2019-08-21 05:57:22,870 | INFO  | SCMAudit | user=jenkins1000 | ip=192.168.69.91 | op=SEND_HEARTBEAT {datanodeUUID=4794a7d0-d8e2-4005-aaca-0a56e39fce16, command=[]} | ret=SUCCESS |  
2019-08-21 05:57:23,228 | INFO  | SCMAudit | user=jenkins1000 | ip=192.168.69.91 | op=SEND_HEARTBEAT {datanodeUUID=3c17af02-f769-4730-87e1-6a78a05442cb, command=[]} | ret=SUCCESS |  
2019-08-21 05:57:23,248 | INFO  | SCMAudit | user=jenkins1000 | ip=192.168.69.91 | op=SEND_HEARTBEAT {datanodeUUID=625627db-20f6-4593-9222-21b617438b7f, command=[]} | ret=SUCCESS |  
2019-08-21 05:57:23,253 | INFO  | SCMAudit | user=jenkins1000 | ip=192.168.69.91 | op=SEND_HEARTBEAT {datanodeUUID=f101476e-c990-429e-921c-5f445731959e, command=[]} | ret=SUCCESS |  
2019-08-21 05:57:23,322 | INFO  | SCMAudit | user=jenkins1000 | ip=192.168.69.91 | op=SEND_HEARTBEAT {datanodeUUID=49ab72ed-ff76-4952-870c-a3cea42cdb24, command=[]} | ret=SUCCESS |  
2019-08-21 05:57:23,514 | INFO  | SCMAudit | user=jenkins1000 | ip=192.168.69.91 | op=SEND_HEARTBEAT {datanodeUUID=3fd580a5-fd1e-4f13-9f88-976f7db82376, command=[]} | ret=SUCCESS |  
2019-08-21 05:57:23,693 | INFO  | SCMAudit | user=jenkins1000 | ip=192.168.69.91 | op=SEND_HEARTBEAT {datanodeUUID=046a392e-7484-4dfc-820d-faa08503447d, command=[]} | ret=SUCCESS |  
2019-08-21 05:57:23,871 | INFO  | SCMAudit | user=jenkins1000 | ip=192.168.69.91 | op=SEND_HEARTBEAT {datanodeUUID=4794a7d0-d8e2-4005-aaca-0a56e39fce16, command=[]} | ret=SUCCESS |  
2019-08-21 05:57:24,227 | INFO  | SCMAudit | user=jenkins1000 | ip=192.168.69.91 | op=SEND_HEARTBEAT {datanodeUUID=3c17af02-f769-4730-87e1-6a78a05442cb, command=[]} | ret=SUCCESS |  
2019-08-21 05:57:24,248 | INFO  | SCMAudit | user=jenkins1000 | ip=192.168.69.91 | op=SEND_HEARTBEAT {datanodeUUID=625627db-20f6-4593-9222-21b617438b7f, command=[]} | ret=SUCCESS |  
2019-08-21 05:57:24,254 | INFO  | SCMAudit | user=jenkins1000 | ip=192.168.69.91 | op=SEND_HEARTBEAT {datanodeUUID=f101476e-c990-429e-921c-5f445731959e, command=[]} | ret=SUCCESS |  
2019-08-21 05:57:24,309 [grpc-default-executor-4] INFO  client.GrpcClientProtocolClient (GrpcClientProtocolClient.java:onNext(255)) - client-5E3AA808964E->625627db-20f6-4593-9222-21b617438b7f: receive RaftClientReply:client-5E3AA808964E->625627db-20f6-4593-9222-21b617438b7f@group-ED3E36EC8233, cid=45, FAILED org.apache.ratis.protocol.NotLeaderException: Server 625627db-20f6-4593-9222-21b617438b7f is not the leader (3c17af02-f769-4730-87e1-6a78a05442cb:192.168.69.91:45466). Request must be sent to leader., logIndex=0, commits[625627db-20f6-4593-9222-21b617438b7f:c8, f101476e-c990-429e-921c-5f445731959e:c8, 3c17af02-f769-4730-87e1-6a78a05442cb:c8]
2019-08-21 05:57:24,322 | INFO  | SCMAudit | user=jenkins1000 | ip=192.168.69.91 | op=SEND_HEARTBEAT {datanodeUUID=49ab72ed-ff76-4952-870c-a3cea42cdb24, command=[]} | ret=SUCCESS |  
2019-08-21 05:57:24,513 | INFO  | SCMAudit | user=jenkins1000 | ip=192.168.69.91 | op=SEND_HEARTBEAT {datanodeUUID=3fd580a5-fd1e-4f13-9f88-976f7db82376, command=[]} | ret=SUCCESS |  
2019-08-21 05:57:24,694 | INFO  | SCMAudit | user=jenkins1000 | ip=192.168.69.91 | op=SEND_HEARTBEAT {datanodeUUID=046a392e-7484-4dfc-820d-faa08503447d, command=[]} | ret=SUCCESS |  
2019-08-21 05:57:24,871 | INFO  | SCMAudit | user=jenkins1000 | ip=192.168.69.91 | op=SEND_HEARTBEAT {datanodeUUID=4794a7d0-d8e2-4005-aaca-0a56e39fce16, command=[]} | ret=SUCCESS |  
2019-08-21 05:57:25,227 | INFO  | SCMAudit | user=jenkins1000 | ip=192.168.69.91 | op=SEND_HEARTBEAT {datanodeUUID=3c17af02-f769-4730-87e1-6a78a05442cb, command=[]} | ret=SUCCESS |  
2019-08-21 05:57:25,248 | INFO  | SCMAudit | user=jenkins1000 | ip=192.168.69.91 | op=SEND_HEARTBEAT {datanodeUUID=625627db-20f6-4593-9222-21b617438b7f, command=[]} | ret=SUCCESS |  
2019-08-21 05:57:25,254 | INFO  | SCMAudit | user=jenkins1000 | ip=192.168.69.91 | op=SEND_HEARTBEAT {datanodeUUID=f101476e-c990-429e-921c-5f445731959e, command=[]} | ret=SUCCESS |  
2019-08-21 05:57:25,325 | INFO  | SCMAudit | user=jenkins1000 | ip=192.168.69.91 | op=SEND_HEARTBEAT {datanodeUUID=49ab72ed-ff76-4952-870c-a3cea42cdb24, command=[]} | ret=SUCCESS |  
2019-08-21 05:57:25,514 | INFO  | SCMAudit | user=jenkins1000 | ip=192.168.69.91 | op=SEND_HEARTBEAT {datanodeUUID=3fd580a5-fd1e-4f13-9f88-976f7db82376, command=[]} | ret=SUCCESS |  
2019-08-21 05:57:25,694 | INFO  | SCMAudit | user=jenkins1000 | ip=192.168.69.91 | op=SEND_HEARTBEAT {datanodeUUID=046a392e-7484-4dfc-820d-faa08503447d, command=[]} | ret=SUCCESS |  
2019-08-21 05:57:25,872 | INFO  | SCMAudit | user=jenkins1000 | ip=192.168.69.91 | op=SEND_HEARTBEAT {datanodeUUID=4794a7d0-d8e2-4005-aaca-0a56e39fce16, command=[]} | ret=SUCCESS |  
2019-08-21 05:57:26,228 | INFO  | SCMAudit | user=jenkins1000 | ip=192.168.69.91 | op=SEND_HEARTBEAT {datanodeUUID=3c17af02-f769-4730-87e1-6a78a05442cb, command=[]} | ret=SUCCESS |  
2019-08-21 05:57:26,249 | INFO  | SCMAudit | user=jenkins1000 | ip=192.168.69.91 | op=SEND_HEARTBEAT {datanodeUUID=625627db-20f6-4593-9222-21b617438b7f, command=[]} | ret=SUCCESS |  
2019-08-21 05:57:26,254 | INFO  | SCMAudit | user=jenkins1000 | ip=192.168.69.91 | op=SEND_HEARTBEAT {datanodeUUID=f101476e-c990-429e-921c-5f445731959e, command=[]} | ret=SUCCESS |  
2019-08-21 05:57:26,324 | INFO  | SCMAudit | user=jenkins1000 | ip=192.168.69.91 | op=SEND_HEARTBEAT {datanodeUUID=49ab72ed-ff76-4952-870c-a3cea42cdb24, command=[]} | ret=SUCCESS |  
2019-08-21 05:57:26,513 | INFO  | SCMAudit | user=jenkins1000 | ip=192.168.69.91 | op=SEND_HEARTBEAT {datanodeUUID=3fd580a5-fd1e-4f13-9f88-976f7db82376, command=[]} | ret=SUCCESS |  
2019-08-21 05:57:26,694 | INFO  | SCMAudit | user=jenkins1000 | ip=192.168.69.91 | op=SEND_HEARTBEAT {datanodeUUID=046a392e-7484-4dfc-820d-faa08503447d, command=[]} | ret=SUCCESS |  
2019-08-21 05:57:26,871 | INFO  | SCMAudit | user=jenkins1000 | ip=192.168.69.91 | op=SEND_HEARTBEAT {datanodeUUID=4794a7d0-d8e2-4005-aaca-0a56e39fce16, command=[]} | ret=SUCCESS |  
2019-08-21 05:57:27,227 | INFO  | SCMAudit | user=jenkins1000 | ip=192.168.69.91 | op=SEND_HEARTBEAT {datanodeUUID=3c17af02-f769-4730-87e1-6a78a05442cb, command=[]} | ret=SUCCESS |  
2019-08-21 05:57:27,249 | INFO  | SCMAudit | user=jenkins1000 | ip=192.168.69.91 | op=SEND_HEARTBEAT {datanodeUUID=625627db-20f6-4593-9222-21b617438b7f, command=[]} | ret=SUCCESS |  
2019-08-21 05:57:27,254 | INFO  | SCMAudit | user=jenkins1000 | ip=192.168.69.91 | op=SEND_HEARTBEAT {datanodeUUID=f101476e-c990-429e-921c-5f445731959e, command=[]} | ret=SUCCESS |  
2019-08-21 05:57:27,325 | INFO  | SCMAudit | user=jenkins1000 | ip=192.168.69.91 | op=SEND_HEARTBEAT {datanodeUUID=49ab72ed-ff76-4952-870c-a3cea42cdb24, command=[]} | ret=SUCCESS |  
2019-08-21 05:57:27,514 | INFO  | SCMAudit | user=jenkins1000 | ip=192.168.69.91 | op=SEND_HEARTBEAT {datanodeUUID=3fd580a5-fd1e-4f13-9f88-976f7db82376, command=[]} | ret=SUCCESS |  
2019-08-21 05:57:27,694 | INFO  | SCMAudit | user=jenkins1000 | ip=192.168.69.91 | op=SEND_HEARTBEAT {datanodeUUID=046a392e-7484-4dfc-820d-faa08503447d, command=[]} | ret=SUCCESS |  
2019-08-21 05:57:27,871 | INFO  | SCMAudit | user=jenkins1000 | ip=192.168.69.91 | op=SEND_HEARTBEAT {datanodeUUID=4794a7d0-d8e2-4005-aaca-0a56e39fce16, command=[]} | ret=SUCCESS |  
2019-08-21 05:57:28,228 | INFO  | SCMAudit | user=jenkins1000 | ip=192.168.69.91 | op=SEND_HEARTBEAT {datanodeUUID=3c17af02-f769-4730-87e1-6a78a05442cb, command=[]} | ret=SUCCESS |  
2019-08-21 05:57:28,249 | INFO  | SCMAudit | user=jenkins1000 | ip=192.168.69.91 | op=SEND_HEARTBEAT {datanodeUUID=625627db-20f6-4593-9222-21b617438b7f, command=[]} | ret=SUCCESS |  
2019-08-21 05:57:28,254 | INFO  | SCMAudit | user=jenkins1000 | ip=192.168.69.91 | op=SEND_HEARTBEAT {datanodeUUID=f101476e-c990-429e-921c-5f445731959e, command=[]} | ret=SUCCESS |  
2019-08-21 05:57:28,329 | INFO  | SCMAudit | user=jenkins1000 | ip=192.168.69.91 | op=SEND_HEARTBEAT {datanodeUUID=49ab72ed-ff76-4952-870c-a3cea42cdb24, command=[]} | ret=SUCCESS |  
2019-08-21 05:57:28,513 | INFO  | SCMAudit | user=jenkins1000 | ip=192.168.69.91 | op=SEND_HEARTBEAT {datanodeUUID=3fd580a5-fd1e-4f13-9f88-976f7db82376, command=[]} | ret=SUCCESS |  
2019-08-21 05:57:28,694 | INFO  | SCMAudit | user=jenkins1000 | ip=192.168.69.91 | op=SEND_HEARTBEAT {datanodeUUID=046a392e-7484-4dfc-820d-faa08503447d, command=[]} | ret=SUCCESS |  
2019-08-21 05:57:28,871 | INFO  | SCMAudit | user=jenkins1000 | ip=192.168.69.91 | op=SEND_HEARTBEAT {datanodeUUID=4794a7d0-d8e2-4005-aaca-0a56e39fce16, command=[]} | ret=SUCCESS |  
2019-08-21 05:57:29,227 | INFO  | SCMAudit | user=jenkins1000 | ip=192.168.69.91 | op=SEND_HEARTBEAT {datanodeUUID=3c17af02-f769-4730-87e1-6a78a05442cb, command=[]} | ret=SUCCESS |  
2019-08-21 05:57:29,250 | INFO  | SCMAudit | user=jenkins1000 | ip=192.168.69.91 | op=SEND_HEARTBEAT {datanodeUUID=625627db-20f6-4593-9222-21b617438b7f, command=[]} | ret=SUCCESS |  
2019-08-21 05:57:29,255 | INFO  | SCMAudit | user=jenkins1000 | ip=192.168.69.91 | op=SEND_HEARTBEAT {datanodeUUID=f101476e-c990-429e-921c-5f445731959e, command=[]} | ret=SUCCESS |  
2019-08-21 05:57:29,326 | INFO  | SCMAudit | user=jenkins1000 | ip=192.168.69.91 | op=SEND_HEARTBEAT {datanodeUUID=49ab72ed-ff76-4952-870c-a3cea42cdb24, command=[]} | ret=SUCCESS |  
2019-08-21 05:57:29,350 [grpc-default-executor-0] INFO  client.GrpcClientProtocolClient (GrpcClientProtocolClient.java:onNext(255)) - client-5E3AA808964E->f101476e-c990-429e-921c-5f445731959e: receive RaftClientReply:client-5E3AA808964E->f101476e-c990-429e-921c-5f445731959e@group-ED3E36EC8233, cid=45, FAILED org.apache.ratis.protocol.NotLeaderException: Server f101476e-c990-429e-921c-5f445731959e is not the leader (3c17af02-f769-4730-87e1-6a78a05442cb:192.168.69.91:45466). Request must be sent to leader., logIndex=0, commits[f101476e-c990-429e-921c-5f445731959e:c8, 3c17af02-f769-4730-87e1-6a78a05442cb:c8, 625627db-20f6-4593-9222-21b617438b7f:c8]
2019-08-21 05:57:29,514 | INFO  | SCMAudit | user=jenkins1000 | ip=192.168.69.91 | op=SEND_HEARTBEAT {datanodeUUID=3fd580a5-fd1e-4f13-9f88-976f7db82376, command=[]} | ret=SUCCESS |  
2019-08-21 05:57:29,694 | INFO  | SCMAudit | user=jenkins1000 | ip=192.168.69.91 | op=SEND_HEARTBEAT {datanodeUUID=046a392e-7484-4dfc-820d-faa08503447d, command=[]} | ret=SUCCESS |  
2019-08-21 05:57:29,871 | INFO  | SCMAudit | user=jenkins1000 | ip=192.168.69.91 | op=SEND_HEARTBEAT {datanodeUUID=4794a7d0-d8e2-4005-aaca-0a56e39fce16, command=[]} | ret=SUCCESS |  
2019-08-21 05:57:30,227 | INFO  | SCMAudit | user=jenkins1000 | ip=192.168.69.91 | op=SEND_HEARTBEAT {datanodeUUID=3c17af02-f769-4730-87e1-6a78a05442cb, command=[]} | ret=SUCCESS |  
2019-08-21 05:57:30,250 | INFO  | SCMAudit | user=jenkins1000 | ip=192.168.69.91 | op=SEND_HEARTBEAT {datanodeUUID=625627db-20f6-4593-9222-21b617438b7f, command=[]} | ret=SUCCESS |  
2019-08-21 05:57:30,254 | INFO  | SCMAudit | user=jenkins1000 | ip=192.168.69.91 | op=SEND_HEARTBEAT {datanodeUUID=f101476e-c990-429e-921c-5f445731959e, command=[]} | ret=SUCCESS |  
2019-08-21 05:57:30,326 | INFO  | SCMAudit | user=jenkins1000 | ip=192.168.69.91 | op=SEND_HEARTBEAT {datanodeUUID=49ab72ed-ff76-4952-870c-a3cea42cdb24, command=[]} | ret=SUCCESS |  
2019-08-21 05:57:30,513 | INFO  | SCMAudit | user=jenkins1000 | ip=192.168.69.91 | op=SEND_HEARTBEAT {datanodeUUID=3fd580a5-fd1e-4f13-9f88-976f7db82376, command=[]} | ret=SUCCESS |  
2019-08-21 05:57:30,694 | INFO  | SCMAudit | user=jenkins1000 | ip=192.168.69.91 | op=SEND_HEARTBEAT {datanodeUUID=046a392e-7484-4dfc-820d-faa08503447d, command=[]} | ret=SUCCESS |  
2019-08-21 05:57:30,872 | INFO  | SCMAudit | user=jenkins1000 | ip=192.168.69.91 | op=SEND_HEARTBEAT {datanodeUUID=4794a7d0-d8e2-4005-aaca-0a56e39fce16, command=[]} | ret=SUCCESS |  
2019-08-21 05:57:31,228 | INFO  | SCMAudit | user=jenkins1000 | ip=192.168.69.91 | op=SEND_HEARTBEAT {datanodeUUID=3c17af02-f769-4730-87e1-6a78a05442cb, command=[]} | ret=SUCCESS |  
2019-08-21 05:57:31,250 | INFO  | SCMAudit | user=jenkins1000 | ip=192.168.69.91 | op=SEND_HEARTBEAT {datanodeUUID=625627db-20f6-4593-9222-21b617438b7f, command=[]} | ret=SUCCESS |  
2019-08-21 05:57:31,254 | INFO  | SCMAudit | user=jenkins1000 | ip=192.168.69.91 | op=SEND_HEARTBEAT {datanodeUUID=f101476e-c990-429e-921c-5f445731959e, command=[]} | ret=SUCCESS |  
2019-08-21 05:57:31,326 | INFO  | SCMAudit | user=jenkins1000 | ip=192.168.69.91 | op=SEND_HEARTBEAT {datanodeUUID=49ab72ed-ff76-4952-870c-a3cea42cdb24, command=[]} | ret=SUCCESS |  
2019-08-21 05:57:31,514 | INFO  | SCMAudit | user=jenkins1000 | ip=192.168.69.91 | op=SEND_HEARTBEAT {datanodeUUID=3fd580a5-fd1e-4f13-9f88-976f7db82376, command=[]} | ret=SUCCESS |  
2019-08-21 05:57:31,695 | INFO  | SCMAudit | user=jenkins1000 | ip=192.168.69.91 | op=SEND_HEARTBEAT {datanodeUUID=046a392e-7484-4dfc-820d-faa08503447d, command=[]} | ret=SUCCESS |  
2019-08-21 05:57:31,871 | INFO  | SCMAudit | user=jenkins1000 | ip=192.168.69.91 | op=SEND_HEARTBEAT {datanodeUUID=4794a7d0-d8e2-4005-aaca-0a56e39fce16, command=[]} | ret=SUCCESS |  
2019-08-21 05:57:32,228 | INFO  | SCMAudit | user=jenkins1000 | ip=192.168.69.91 | op=SEND_HEARTBEAT {datanodeUUID=3c17af02-f769-4730-87e1-6a78a05442cb, command=[]} | ret=SUCCESS |  
2019-08-21 05:57:32,250 | INFO  | SCMAudit | user=jenkins1000 | ip=192.168.69.91 | op=SEND_HEARTBEAT {datanodeUUID=625627db-20f6-4593-9222-21b617438b7f, command=[]} | ret=SUCCESS |  
2019-08-21 05:57:32,254 | INFO  | SCMAudit | user=jenkins1000 | ip=192.168.69.91 | op=SEND_HEARTBEAT {datanodeUUID=f101476e-c990-429e-921c-5f445731959e, command=[]} | ret=SUCCESS |  
2019-08-21 05:57:32,327 | INFO  | SCMAudit | user=jenkins1000 | ip=192.168.69.91 | op=SEND_HEARTBEAT {datanodeUUID=49ab72ed-ff76-4952-870c-a3cea42cdb24, command=[]} | ret=SUCCESS |  
2019-08-21 05:57:32,514 | INFO  | SCMAudit | user=jenkins1000 | ip=192.168.69.91 | op=SEND_HEARTBEAT {datanodeUUID=3fd580a5-fd1e-4f13-9f88-976f7db82376, command=[]} | ret=SUCCESS |  
2019-08-21 05:57:32,695 | INFO  | SCMAudit | user=jenkins1000 | ip=192.168.69.91 | op=SEND_HEARTBEAT {datanodeUUID=046a392e-7484-4dfc-820d-faa08503447d, command=[]} | ret=SUCCESS |  
2019-08-21 05:57:32,871 | INFO  | SCMAudit | user=jenkins1000 | ip=192.168.69.91 | op=SEND_HEARTBEAT {datanodeUUID=4794a7d0-d8e2-4005-aaca-0a56e39fce16, command=[]} | ret=SUCCESS |  
2019-08-21 05:57:33,229 | INFO  | SCMAudit | user=jenkins1000 | ip=192.168.69.91 | op=SEND_HEARTBEAT {datanodeUUID=3c17af02-f769-4730-87e1-6a78a05442cb, command=[]} | ret=SUCCESS |  
2019-08-21 05:57:33,250 | INFO  | SCMAudit | user=jenkins1000 | ip=192.168.69.91 | op=SEND_HEARTBEAT {datanodeUUID=625627db-20f6-4593-9222-21b617438b7f, command=[]} | ret=SUCCESS |  
2019-08-21 05:57:33,254 | INFO  | SCMAudit | user=jenkins1000 | ip=192.168.69.91 | op=SEND_HEARTBEAT {datanodeUUID=f101476e-c990-429e-921c-5f445731959e, command=[]} | ret=SUCCESS |  
2019-08-21 05:57:33,326 | INFO  | SCMAudit | user=jenkins1000 | ip=192.168.69.91 | op=SEND_HEARTBEAT {datanodeUUID=49ab72ed-ff76-4952-870c-a3cea42cdb24, command=[]} | ret=SUCCESS |  
2019-08-21 05:57:33,514 | INFO  | SCMAudit | user=jenkins1000 | ip=192.168.69.91 | op=SEND_HEARTBEAT {datanodeUUID=3fd580a5-fd1e-4f13-9f88-976f7db82376, command=[]} | ret=SUCCESS |  
2019-08-21 05:57:33,696 | INFO  | SCMAudit | user=jenkins1000 | ip=192.168.69.91 | op=SEND_HEARTBEAT {datanodeUUID=046a392e-7484-4dfc-820d-faa08503447d, command=[]} | ret=SUCCESS |  
2019-08-21 05:57:33,872 | INFO  | SCMAudit | user=jenkins1000 | ip=192.168.69.91 | op=SEND_HEARTBEAT {datanodeUUID=4794a7d0-d8e2-4005-aaca-0a56e39fce16, command=[]} | ret=SUCCESS |  
2019-08-21 05:57:34,229 | INFO  | SCMAudit | user=jenkins1000 | ip=192.168.69.91 | op=SEND_HEARTBEAT {datanodeUUID=3c17af02-f769-4730-87e1-6a78a05442cb, command=[]} | ret=SUCCESS |  
2019-08-21 05:57:34,251 | INFO  | SCMAudit | user=jenkins1000 | ip=192.168.69.91 | op=SEND_HEARTBEAT {datanodeUUID=625627db-20f6-4593-9222-21b617438b7f, command=[]} | ret=SUCCESS |  
2019-08-21 05:57:34,255 | INFO  | SCMAudit | user=jenkins1000 | ip=192.168.69.91 | op=SEND_HEARTBEAT {datanodeUUID=f101476e-c990-429e-921c-5f445731959e, command=[]} | ret=SUCCESS |  
2019-08-21 05:57:34,326 | INFO  | SCMAudit | user=jenkins1000 | ip=192.168.69.91 | op=SEND_HEARTBEAT {datanodeUUID=49ab72ed-ff76-4952-870c-a3cea42cdb24, command=[]} | ret=SUCCESS |  
2019-08-21 05:57:34,398 [grpc-default-executor-0] INFO  client.GrpcClientProtocolClient (GrpcClientProtocolClient.java:onNext(255)) - client-5E3AA808964E->f101476e-c990-429e-921c-5f445731959e: receive RaftClientReply:client-5E3AA808964E->f101476e-c990-429e-921c-5f445731959e@group-ED3E36EC8233, cid=45, FAILED org.apache.ratis.protocol.NotLeaderException: Server f101476e-c990-429e-921c-5f445731959e is not the leader (3c17af02-f769-4730-87e1-6a78a05442cb:192.168.69.91:45466). Request must be sent to leader., logIndex=0, commits[f101476e-c990-429e-921c-5f445731959e:c8, 3c17af02-f769-4730-87e1-6a78a05442cb:c8, 625627db-20f6-4593-9222-21b617438b7f:c8]
2019-08-21 05:57:34,513 | INFO  | SCMAudit | user=jenkins1000 | ip=192.168.69.91 | op=SEND_HEARTBEAT {datanodeUUID=3fd580a5-fd1e-4f13-9f88-976f7db82376, command=[]} | ret=SUCCESS |  
2019-08-21 05:57:34,696 | INFO  | SCMAudit | user=jenkins1000 | ip=192.168.69.91 | op=SEND_HEARTBEAT {datanodeUUID=046a392e-7484-4dfc-820d-faa08503447d, command=[]} | ret=SUCCESS |  
2019-08-21 05:57:34,872 | INFO  | SCMAudit | user=jenkins1000 | ip=192.168.69.91 | op=SEND_HEARTBEAT {datanodeUUID=4794a7d0-d8e2-4005-aaca-0a56e39fce16, command=[]} | ret=SUCCESS |  
2019-08-21 05:57:35,229 | INFO  | SCMAudit | user=jenkins1000 | ip=192.168.69.91 | op=SEND_HEARTBEAT {datanodeUUID=3c17af02-f769-4730-87e1-6a78a05442cb, command=[]} | ret=SUCCESS |  
2019-08-21 05:57:35,251 | INFO  | SCMAudit | user=jenkins1000 | ip=192.168.69.91 | op=SEND_HEARTBEAT {datanodeUUID=625627db-20f6-4593-9222-21b617438b7f, command=[]} | ret=SUCCESS |  
2019-08-21 05:57:35,255 | INFO  | SCMAudit | user=jenkins1000 | ip=192.168.69.91 | op=SEND_HEARTBEAT {datanodeUUID=f101476e-c990-429e-921c-5f445731959e, command=[]} | ret=SUCCESS |  
2019-08-21 05:57:35,326 | INFO  | SCMAudit | user=jenkins1000 | ip=192.168.69.91 | op=SEND_HEARTBEAT {datanodeUUID=49ab72ed-ff76-4952-870c-a3cea42cdb24, command=[]} | ret=SUCCESS |  
2019-08-21 05:57:35,513 | INFO  | SCMAudit | user=jenkins1000 | ip=192.168.69.91 | op=SEND_HEARTBEAT {datanodeUUID=3fd580a5-fd1e-4f13-9f88-976f7db82376, command=[]} | ret=SUCCESS |  
2019-08-21 05:57:35,696 | INFO  | SCMAudit | user=jenkins1000 | ip=192.168.69.91 | op=SEND_HEARTBEAT {datanodeUUID=046a392e-7484-4dfc-820d-faa08503447d, command=[]} | ret=SUCCESS |  
2019-08-21 05:57:35,872 | INFO  | SCMAudit | user=jenkins1000 | ip=192.168.69.91 | op=SEND_HEARTBEAT {datanodeUUID=4794a7d0-d8e2-4005-aaca-0a56e39fce16, command=[]} | ret=SUCCESS |  
2019-08-21 05:57:36,230 | INFO  | SCMAudit | user=jenkins1000 | ip=192.168.69.91 | op=SEND_HEARTBEAT {datanodeUUID=3c17af02-f769-4730-87e1-6a78a05442cb, command=[]} | ret=SUCCESS |  
2019-08-21 05:57:36,251 | INFO  | SCMAudit | user=jenkins1000 | ip=192.168.69.91 | op=SEND_HEARTBEAT {datanodeUUID=625627db-20f6-4593-9222-21b617438b7f, command=[]} | ret=SUCCESS |  
2019-08-21 05:57:36,255 | INFO  | SCMAudit | user=jenkins1000 | ip=192.168.69.91 | op=SEND_HEARTBEAT {datanodeUUID=f101476e-c990-429e-921c-5f445731959e, command=[]} | ret=SUCCESS |  
2019-08-21 05:57:36,327 | INFO  | SCMAudit | user=jenkins1000 | ip=192.168.69.91 | op=SEND_HEARTBEAT {datanodeUUID=49ab72ed-ff76-4952-870c-a3cea42cdb24, command=[]} | ret=SUCCESS |  
2019-08-21 05:57:36,514 | INFO  | SCMAudit | user=jenkins1000 | ip=192.168.69.91 | op=SEND_HEARTBEAT {datanodeUUID=3fd580a5-fd1e-4f13-9f88-976f7db82376, command=[]} | ret=SUCCESS |  
2019-08-21 05:57:36,696 | INFO  | SCMAudit | user=jenkins1000 | ip=192.168.69.91 | op=SEND_HEARTBEAT {datanodeUUID=046a392e-7484-4dfc-820d-faa08503447d, command=[]} | ret=SUCCESS |  
2019-08-21 05:57:36,872 | INFO  | SCMAudit | user=jenkins1000 | ip=192.168.69.91 | op=SEND_HEARTBEAT {datanodeUUID=4794a7d0-d8e2-4005-aaca-0a56e39fce16, command=[]} | ret=SUCCESS |  
2019-08-21 05:57:37,229 | INFO  | SCMAudit | user=jenkins1000 | ip=192.168.69.91 | op=SEND_HEARTBEAT {datanodeUUID=3c17af02-f769-4730-87e1-6a78a05442cb, command=[]} | ret=SUCCESS |  
2019-08-21 05:57:37,251 | INFO  | SCMAudit | user=jenkins1000 | ip=192.168.69.91 | op=SEND_HEARTBEAT {datanodeUUID=625627db-20f6-4593-9222-21b617438b7f, command=[]} | ret=SUCCESS |  
2019-08-21 05:57:37,255 | INFO  | SCMAudit | user=jenkins1000 | ip=192.168.69.91 | op=SEND_HEARTBEAT {datanodeUUID=f101476e-c990-429e-921c-5f445731959e, command=[]} | ret=SUCCESS |  
2019-08-21 05:57:37,327 | INFO  | SCMAudit | user=jenkins1000 | ip=192.168.69.91 | op=SEND_HEARTBEAT {datanodeUUID=49ab72ed-ff76-4952-870c-a3cea42cdb24, command=[]} | ret=SUCCESS |  
2019-08-21 05:57:37,514 | INFO  | SCMAudit | user=jenkins1000 | ip=192.168.69.91 | op=SEND_HEARTBEAT {datanodeUUID=3fd580a5-fd1e-4f13-9f88-976f7db82376, command=[]} | ret=SUCCESS |  
2019-08-21 05:57:37,697 | INFO  | SCMAudit | user=jenkins1000 | ip=192.168.69.91 | op=SEND_HEARTBEAT {datanodeUUID=046a392e-7484-4dfc-820d-faa08503447d, command=[]} | ret=SUCCESS |  
2019-08-21 05:57:37,873 | INFO  | SCMAudit | user=jenkins1000 | ip=192.168.69.91 | op=SEND_HEARTBEAT {datanodeUUID=4794a7d0-d8e2-4005-aaca-0a56e39fce16, command=[]} | ret=SUCCESS |  
2019-08-21 05:57:38,229 | INFO  | SCMAudit | user=jenkins1000 | ip=192.168.69.91 | op=SEND_HEARTBEAT {datanodeUUID=3c17af02-f769-4730-87e1-6a78a05442cb, command=[]} | ret=SUCCESS |  
2019-08-21 05:57:38,251 | INFO  | SCMAudit | user=jenkins1000 | ip=192.168.69.91 | op=SEND_HEARTBEAT {datanodeUUID=625627db-20f6-4593-9222-21b617438b7f, command=[]} | ret=SUCCESS |  
2019-08-21 05:57:38,256 | INFO  | SCMAudit | user=jenkins1000 | ip=192.168.69.91 | op=SEND_HEARTBEAT {datanodeUUID=f101476e-c990-429e-921c-5f445731959e, command=[]} | ret=SUCCESS |  
2019-08-21 05:57:38,327 | INFO  | SCMAudit | user=jenkins1000 | ip=192.168.69.91 | op=SEND_HEARTBEAT {datanodeUUID=49ab72ed-ff76-4952-870c-a3cea42cdb24, command=[]} | ret=SUCCESS |  
2019-08-21 05:57:38,514 | INFO  | SCMAudit | user=jenkins1000 | ip=192.168.69.91 | op=SEND_HEARTBEAT {datanodeUUID=3fd580a5-fd1e-4f13-9f88-976f7db82376, command=[]} | ret=SUCCESS |  
2019-08-21 05:57:38,696 | INFO  | SCMAudit | user=jenkins1000 | ip=192.168.69.91 | op=SEND_HEARTBEAT {datanodeUUID=046a392e-7484-4dfc-820d-faa08503447d, command=[]} | ret=SUCCESS |  
2019-08-21 05:57:38,873 | INFO  | SCMAudit | user=jenkins1000 | ip=192.168.69.91 | op=SEND_HEARTBEAT {datanodeUUID=4794a7d0-d8e2-4005-aaca-0a56e39fce16, command=[]} | ret=SUCCESS |  
2019-08-21 05:57:39,230 | INFO  | SCMAudit | user=jenkins1000 | ip=192.168.69.91 | op=SEND_HEARTBEAT {datanodeUUID=3c17af02-f769-4730-87e1-6a78a05442cb, command=[]} | ret=SUCCESS |  
2019-08-21 05:57:39,251 | INFO  | SCMAudit | user=jenkins1000 | ip=192.168.69.91 | op=SEND_HEARTBEAT {datanodeUUID=625627db-20f6-4593-9222-21b617438b7f, command=[]} | ret=SUCCESS |  
2019-08-21 05:57:39,256 | INFO  | SCMAudit | user=jenkins1000 | ip=192.168.69.91 | op=SEND_HEARTBEAT {datanodeUUID=f101476e-c990-429e-921c-5f445731959e, command=[]} | ret=SUCCESS |  
2019-08-21 05:57:39,327 | INFO  | SCMAudit | user=jenkins1000 | ip=192.168.69.91 | op=SEND_HEARTBEAT {datanodeUUID=49ab72ed-ff76-4952-870c-a3cea42cdb24, command=[]} | ret=SUCCESS |  
2019-08-21 05:57:39,461 [grpc-default-executor-0] INFO  client.GrpcClientProtocolClient (GrpcClientProtocolClient.java:onNext(255)) - client-5E3AA808964E->625627db-20f6-4593-9222-21b617438b7f: receive RaftClientReply:client-5E3AA808964E->625627db-20f6-4593-9222-21b617438b7f@group-ED3E36EC8233, cid=45, FAILED org.apache.ratis.protocol.NotLeaderException: Server 625627db-20f6-4593-9222-21b617438b7f is not the leader (3c17af02-f769-4730-87e1-6a78a05442cb:192.168.69.91:45466). Request must be sent to leader., logIndex=0, commits[625627db-20f6-4593-9222-21b617438b7f:c8, f101476e-c990-429e-921c-5f445731959e:c8, 3c17af02-f769-4730-87e1-6a78a05442cb:c8]
2019-08-21 05:57:39,515 | INFO  | SCMAudit | user=jenkins1000 | ip=192.168.69.91 | op=SEND_HEARTBEAT {datanodeUUID=3fd580a5-fd1e-4f13-9f88-976f7db82376, command=[]} | ret=SUCCESS |  
2019-08-21 05:57:39,699 | INFO  | SCMAudit | user=jenkins1000 | ip=192.168.69.91 | op=SEND_HEARTBEAT {datanodeUUID=046a392e-7484-4dfc-820d-faa08503447d, command=[]} | ret=SUCCESS |  
2019-08-21 05:57:39,874 | INFO  | SCMAudit | user=jenkins1000 | ip=192.168.69.91 | op=SEND_HEARTBEAT {datanodeUUID=4794a7d0-d8e2-4005-aaca-0a56e39fce16, command=[]} | ret=SUCCESS |  
2019-08-21 05:57:40,229 | INFO  | SCMAudit | user=jenkins1000 | ip=192.168.69.91 | op=SEND_HEARTBEAT {datanodeUUID=3c17af02-f769-4730-87e1-6a78a05442cb, command=[]} | ret=SUCCESS |  
2019-08-21 05:57:40,251 | INFO  | SCMAudit | user=jenkins1000 | ip=192.168.69.91 | op=SEND_HEARTBEAT {datanodeUUID=625627db-20f6-4593-9222-21b617438b7f, command=[]} | ret=SUCCESS |  
2019-08-21 05:57:40,256 | INFO  | SCMAudit | user=jenkins1000 | ip=192.168.69.91 | op=SEND_HEARTBEAT {datanodeUUID=f101476e-c990-429e-921c-5f445731959e, command=[]} | ret=SUCCESS |  
2019-08-21 05:57:40,327 | INFO  | SCMAudit | user=jenkins1000 | ip=192.168.69.91 | op=SEND_HEARTBEAT {datanodeUUID=49ab72ed-ff76-4952-870c-a3cea42cdb24, command=[]} | ret=SUCCESS |  
2019-08-21 05:57:40,514 | INFO  | SCMAudit | user=jenkins1000 | ip=192.168.69.91 | op=SEND_HEARTBEAT {datanodeUUID=3fd580a5-fd1e-4f13-9f88-976f7db82376, command=[]} | ret=SUCCESS |  
2019-08-21 05:57:40,696 | INFO  | SCMAudit | user=jenkins1000 | ip=192.168.69.91 | op=SEND_HEARTBEAT {datanodeUUID=046a392e-7484-4dfc-820d-faa08503447d, command=[]} | ret=SUCCESS |  
2019-08-21 05:57:40,874 | INFO  | SCMAudit | user=jenkins1000 | ip=192.168.69.91 | op=SEND_HEARTBEAT {datanodeUUID=4794a7d0-d8e2-4005-aaca-0a56e39fce16, command=[]} | ret=SUCCESS |  
2019-08-21 05:57:41,230 | INFO  | SCMAudit | user=jenkins1000 | ip=192.168.69.91 | op=SEND_HEARTBEAT {datanodeUUID=3c17af02-f769-4730-87e1-6a78a05442cb, command=[]} | ret=SUCCESS |  
2019-08-21 05:57:41,251 | INFO  | SCMAudit | user=jenkins1000 | ip=192.168.69.91 | op=SEND_HEARTBEAT {datanodeUUID=625627db-20f6-4593-9222-21b617438b7f, command=[]} | ret=SUCCESS |  
2019-08-21 05:57:41,257 | INFO  | SCMAudit | user=jenkins1000 | ip=192.168.69.91 | op=SEND_HEARTBEAT {datanodeUUID=f101476e-c990-429e-921c-5f445731959e, command=[]} | ret=SUCCESS |  
2019-08-21 05:57:41,328 | INFO  | SCMAudit | user=jenkins1000 | ip=192.168.69.91 | op=SEND_HEARTBEAT {datanodeUUID=49ab72ed-ff76-4952-870c-a3cea42cdb24, command=[]} | ret=SUCCESS |  
2019-08-21 05:57:41,514 | INFO  | SCMAudit | user=jenkins1000 | ip=192.168.69.91 | op=SEND_HEARTBEAT {datanodeUUID=3fd580a5-fd1e-4f13-9f88-976f7db82376, command=[]} | ret=SUCCESS |  
2019-08-21 05:57:41,697 | INFO  | SCMAudit | user=jenkins1000 | ip=192.168.69.91 | op=SEND_HEARTBEAT {datanodeUUID=046a392e-7484-4dfc-820d-faa08503447d, command=[]} | ret=SUCCESS |  
2019-08-21 05:57:41,875 | INFO  | SCMAudit | user=jenkins1000 | ip=192.168.69.91 | op=SEND_HEARTBEAT {datanodeUUID=4794a7d0-d8e2-4005-aaca-0a56e39fce16, command=[]} | ret=SUCCESS |  
2019-08-21 05:57:42,229 | INFO  | SCMAudit | user=jenkins1000 | ip=192.168.69.91 | op=SEND_HEARTBEAT {datanodeUUID=3c17af02-f769-4730-87e1-6a78a05442cb, command=[]} | ret=SUCCESS |  
2019-08-21 05:57:42,252 | INFO  | SCMAudit | user=jenkins1000 | ip=192.168.69.91 | op=SEND_HEARTBEAT {datanodeUUID=625627db-20f6-4593-9222-21b617438b7f, command=[]} | ret=SUCCESS |  
2019-08-21 05:57:42,257 | INFO  | SCMAudit | user=jenkins1000 | ip=192.168.69.91 | op=SEND_HEARTBEAT {datanodeUUID=f101476e-c990-429e-921c-5f445731959e, command=[]} | ret=SUCCESS |  
2019-08-21 05:57:42,327 | INFO  | SCMAudit | user=jenkins1000 | ip=192.168.69.91 | op=SEND_HEARTBEAT {datanodeUUID=49ab72ed-ff76-4952-870c-a3cea42cdb24, command=[]} | ret=SUCCESS |  
2019-08-21 05:57:42,514 | INFO  | SCMAudit | user=jenkins1000 | ip=192.168.69.91 | op=SEND_HEARTBEAT {datanodeUUID=3fd580a5-fd1e-4f13-9f88-976f7db82376, command=[]} | ret=SUCCESS |  
2019-08-21 05:57:42,696 | INFO  | SCMAudit | user=jenkins1000 | ip=192.168.69.91 | op=SEND_HEARTBEAT {datanodeUUID=046a392e-7484-4dfc-820d-faa08503447d, command=[]} | ret=SUCCESS |  
2019-08-21 05:57:42,874 | INFO  | SCMAudit | user=jenkins1000 | ip=192.168.69.91 | op=SEND_HEARTBEAT {datanodeUUID=4794a7d0-d8e2-4005-aaca-0a56e39fce16, command=[]} | ret=SUCCESS |  
2019-08-21 05:57:43,230 | INFO  | SCMAudit | user=jenkins1000 | ip=192.168.69.91 | op=SEND_HEARTBEAT {datanodeUUID=3c17af02-f769-4730-87e1-6a78a05442cb, command=[]} | ret=SUCCESS |  
2019-08-21 05:57:43,251 | INFO  | SCMAudit | user=jenkins1000 | ip=192.168.69.91 | op=SEND_HEARTBEAT {datanodeUUID=625627db-20f6-4593-9222-21b617438b7f, command=[]} | ret=SUCCESS |  
2019-08-21 05:57:43,257 | INFO  | SCMAudit | user=jenkins1000 | ip=192.168.69.91 | op=SEND_HEARTBEAT {datanodeUUID=f101476e-c990-429e-921c-5f445731959e, command=[]} | ret=SUCCESS |  
2019-08-21 05:57:43,327 | INFO  | SCMAudit | user=jenkins1000 | ip=192.168.69.91 | op=SEND_HEARTBEAT {datanodeUUID=49ab72ed-ff76-4952-870c-a3cea42cdb24, command=[]} | ret=SUCCESS |  
2019-08-21 05:57:43,515 | INFO  | SCMAudit | user=jenkins1000 | ip=192.168.69.91 | op=SEND_HEARTBEAT {datanodeUUID=3fd580a5-fd1e-4f13-9f88-976f7db82376, command=[]} | ret=SUCCESS |  
2019-08-21 05:57:43,696 | INFO  | SCMAudit | user=jenkins1000 | ip=192.168.69.91 | op=SEND_HEARTBEAT {datanodeUUID=046a392e-7484-4dfc-820d-faa08503447d, command=[]} | ret=SUCCESS |  
2019-08-21 05:57:43,875 | INFO  | SCMAudit | user=jenkins1000 | ip=192.168.69.91 | op=SEND_HEARTBEAT {datanodeUUID=4794a7d0-d8e2-4005-aaca-0a56e39fce16, command=[]} | ret=SUCCESS |  
2019-08-21 05:57:44,229 | INFO  | SCMAudit | user=jenkins1000 | ip=192.168.69.91 | op=SEND_HEARTBEAT {datanodeUUID=3c17af02-f769-4730-87e1-6a78a05442cb, command=[]} | ret=SUCCESS |  
2019-08-21 05:57:44,251 | INFO  | SCMAudit | user=jenkins1000 | ip=192.168.69.91 | op=SEND_HEARTBEAT {datanodeUUID=625627db-20f6-4593-9222-21b617438b7f, command=[]} | ret=SUCCESS |  
2019-08-21 05:57:44,257 | INFO  | SCMAudit | user=jenkins1000 | ip=192.168.69.91 | op=SEND_HEARTBEAT {datanodeUUID=f101476e-c990-429e-921c-5f445731959e, command=[]} | ret=SUCCESS |  
2019-08-21 05:57:44,327 | INFO  | SCMAudit | user=jenkins1000 | ip=192.168.69.91 | op=SEND_HEARTBEAT {datanodeUUID=49ab72ed-ff76-4952-870c-a3cea42cdb24, command=[]} | ret=SUCCESS |  
2019-08-21 05:57:44,507 [grpc-default-executor-4] INFO  client.GrpcClientProtocolClient (GrpcClientProtocolClient.java:onNext(255)) - client-5E3AA808964E->f101476e-c990-429e-921c-5f445731959e: receive RaftClientReply:client-5E3AA808964E->f101476e-c990-429e-921c-5f445731959e@group-ED3E36EC8233, cid=45, FAILED org.apache.ratis.protocol.NotLeaderException: Server f101476e-c990-429e-921c-5f445731959e is not the leader (3c17af02-f769-4730-87e1-6a78a05442cb:192.168.69.91:45466). Request must be sent to leader., logIndex=0, commits[f101476e-c990-429e-921c-5f445731959e:c8, 3c17af02-f769-4730-87e1-6a78a05442cb:c8, 625627db-20f6-4593-9222-21b617438b7f:c8]
2019-08-21 05:57:44,531 | INFO  | SCMAudit | user=jenkins1000 | ip=192.168.69.91 | op=SEND_HEARTBEAT {datanodeUUID=3fd580a5-fd1e-4f13-9f88-976f7db82376, command=[]} | ret=SUCCESS |  
2019-08-21 05:57:44,696 | INFO  | SCMAudit | user=jenkins1000 | ip=192.168.69.91 | op=SEND_HEARTBEAT {datanodeUUID=046a392e-7484-4dfc-820d-faa08503447d, command=[]} | ret=SUCCESS |  
2019-08-21 05:57:44,876 | INFO  | SCMAudit | user=jenkins1000 | ip=192.168.69.91 | op=SEND_HEARTBEAT {datanodeUUID=4794a7d0-d8e2-4005-aaca-0a56e39fce16, command=[]} | ret=SUCCESS |  
2019-08-21 05:57:45,230 | INFO  | SCMAudit | user=jenkins1000 | ip=192.168.69.91 | op=SEND_HEARTBEAT {datanodeUUID=3c17af02-f769-4730-87e1-6a78a05442cb, command=[]} | ret=SUCCESS |  
2019-08-21 05:57:45,251 | INFO  | SCMAudit | user=jenkins1000 | ip=192.168.69.91 | op=SEND_HEARTBEAT {datanodeUUID=625627db-20f6-4593-9222-21b617438b7f, command=[]} | ret=SUCCESS |  
2019-08-21 05:57:45,257 | INFO  | SCMAudit | user=jenkins1000 | ip=192.168.69.91 | op=SEND_HEARTBEAT {datanodeUUID=f101476e-c990-429e-921c-5f445731959e, command=[]} | ret=SUCCESS |  
2019-08-21 05:57:45,328 | INFO  | SCMAudit | user=jenkins1000 | ip=192.168.69.91 | op=SEND_HEARTBEAT {datanodeUUID=49ab72ed-ff76-4952-870c-a3cea42cdb24, command=[]} | ret=SUCCESS |  
2019-08-21 05:57:45,515 | INFO  | SCMAudit | user=jenkins1000 | ip=192.168.69.91 | op=SEND_HEARTBEAT {datanodeUUID=3fd580a5-fd1e-4f13-9f88-976f7db82376, command=[]} | ret=SUCCESS |  
2019-08-21 05:57:45,696 | INFO  | SCMAudit | user=jenkins1000 | ip=192.168.69.91 | op=SEND_HEARTBEAT {datanodeUUID=046a392e-7484-4dfc-820d-faa08503447d, command=[]} | ret=SUCCESS |  
2019-08-21 05:57:45,875 | INFO  | SCMAudit | user=jenkins1000 | ip=192.168.69.91 | op=SEND_HEARTBEAT {datanodeUUID=4794a7d0-d8e2-4005-aaca-0a56e39fce16, command=[]} | ret=SUCCESS |  
2019-08-21 05:57:46,229 | INFO  | SCMAudit | user=jenkins1000 | ip=192.168.69.91 | op=SEND_HEARTBEAT {datanodeUUID=3c17af02-f769-4730-87e1-6a78a05442cb, command=[]} | ret=SUCCESS |  
2019-08-21 05:57:46,251 | INFO  | SCMAudit | user=jenkins1000 | ip=192.168.69.91 | op=SEND_HEARTBEAT {datanodeUUID=625627db-20f6-4593-9222-21b617438b7f, command=[]} | ret=SUCCESS |  
2019-08-21 05:57:46,257 | INFO  | SCMAudit | user=jenkins1000 | ip=192.168.69.91 | op=SEND_HEARTBEAT {datanodeUUID=f101476e-c990-429e-921c-5f445731959e, command=[]} | ret=SUCCESS |  
2019-08-21 05:57:46,328 | INFO  | SCMAudit | user=jenkins1000 | ip=192.168.69.91 | op=SEND_HEARTBEAT {datanodeUUID=49ab72ed-ff76-4952-870c-a3cea42cdb24, command=[]} | ret=SUCCESS |  
2019-08-21 05:57:46,516 | INFO  | SCMAudit | user=jenkins1000 | ip=192.168.69.91 | op=SEND_HEARTBEAT {datanodeUUID=3fd580a5-fd1e-4f13-9f88-976f7db82376, command=[]} | ret=SUCCESS |  
2019-08-21 05:57:46,697 | INFO  | SCMAudit | user=jenkins1000 | ip=192.168.69.91 | op=SEND_HEARTBEAT {datanodeUUID=046a392e-7484-4dfc-820d-faa08503447d, command=[]} | ret=SUCCESS |  
2019-08-21 05:57:46,875 | INFO  | SCMAudit | user=jenkins1000 | ip=192.168.69.91 | op=SEND_HEARTBEAT {datanodeUUID=4794a7d0-d8e2-4005-aaca-0a56e39fce16, command=[]} | ret=SUCCESS |  
2019-08-21 05:57:47,229 | INFO  | SCMAudit | user=jenkins1000 | ip=192.168.69.91 | op=SEND_HEARTBEAT {datanodeUUID=3c17af02-f769-4730-87e1-6a78a05442cb, command=[]} | ret=SUCCESS |  
2019-08-21 05:57:47,251 | INFO  | SCMAudit | user=jenkins1000 | ip=192.168.69.91 | op=SEND_HEARTBEAT {datanodeUUID=625627db-20f6-4593-9222-21b617438b7f, command=[]} | ret=SUCCESS |  
2019-08-21 05:57:47,257 | INFO  | SCMAudit | user=jenkins1000 | ip=192.168.69.91 | op=SEND_HEARTBEAT {datanodeUUID=f101476e-c990-429e-921c-5f445731959e, command=[]} | ret=SUCCESS |  
2019-08-21 05:57:47,328 | INFO  | SCMAudit | user=jenkins1000 | ip=192.168.69.91 | op=SEND_HEARTBEAT {datanodeUUID=49ab72ed-ff76-4952-870c-a3cea42cdb24, command=[]} | ret=SUCCESS |  
2019-08-21 05:57:47,515 | INFO  | SCMAudit | user=jenkins1000 | ip=192.168.69.91 | op=SEND_HEARTBEAT {datanodeUUID=3fd580a5-fd1e-4f13-9f88-976f7db82376, command=[]} | ret=SUCCESS |  
2019-08-21 05:57:47,696 | INFO  | SCMAudit | user=jenkins1000 | ip=192.168.69.91 | op=SEND_HEARTBEAT {datanodeUUID=046a392e-7484-4dfc-820d-faa08503447d, command=[]} | ret=SUCCESS |  
2019-08-21 05:57:47,876 | INFO  | SCMAudit | user=jenkins1000 | ip=192.168.69.91 | op=SEND_HEARTBEAT {datanodeUUID=4794a7d0-d8e2-4005-aaca-0a56e39fce16, command=[]} | ret=SUCCESS |  
2019-08-21 05:57:48,229 | INFO  | SCMAudit | user=jenkins1000 | ip=192.168.69.91 | op=SEND_HEARTBEAT {datanodeUUID=3c17af02-f769-4730-87e1-6a78a05442cb, command=[]} | ret=SUCCESS |  
2019-08-21 05:57:48,251 | INFO  | SCMAudit | user=jenkins1000 | ip=192.168.69.91 | op=SEND_HEARTBEAT {datanodeUUID=625627db-20f6-4593-9222-21b617438b7f, command=[]} | ret=SUCCESS |  
2019-08-21 05:57:48,258 | INFO  | SCMAudit | user=jenkins1000 | ip=192.168.69.91 | op=SEND_HEARTBEAT {datanodeUUID=f101476e-c990-429e-921c-5f445731959e, command=[]} | ret=SUCCESS |  
2019-08-21 05:57:48,328 | INFO  | SCMAudit | user=jenkins1000 | ip=192.168.69.91 | op=SEND_HEARTBEAT {datanodeUUID=49ab72ed-ff76-4952-870c-a3cea42cdb24, command=[]} | ret=SUCCESS |  
2019-08-21 05:57:48,516 | INFO  | SCMAudit | user=jenkins1000 | ip=192.168.69.91 | op=SEND_HEARTBEAT {datanodeUUID=3fd580a5-fd1e-4f13-9f88-976f7db82376, command=[]} | ret=SUCCESS |  
2019-08-21 05:57:48,696 | INFO  | SCMAudit | user=jenkins1000 | ip=192.168.69.91 | op=SEND_HEARTBEAT {datanodeUUID=046a392e-7484-4dfc-820d-faa08503447d, command=[]} | ret=SUCCESS |  
2019-08-21 05:57:48,876 | INFO  | SCMAudit | user=jenkins1000 | ip=192.168.69.91 | op=SEND_HEARTBEAT {datanodeUUID=4794a7d0-d8e2-4005-aaca-0a56e39fce16, command=[]} | ret=SUCCESS |  
2019-08-21 05:57:49,230 | INFO  | SCMAudit | user=jenkins1000 | ip=192.168.69.91 | op=SEND_HEARTBEAT {datanodeUUID=3c17af02-f769-4730-87e1-6a78a05442cb, command=[]} | ret=SUCCESS |  
2019-08-21 05:57:49,251 | INFO  | SCMAudit | user=jenkins1000 | ip=192.168.69.91 | op=SEND_HEARTBEAT {datanodeUUID=625627db-20f6-4593-9222-21b617438b7f, command=[]} | ret=SUCCESS |  
2019-08-21 05:57:49,258 | INFO  | SCMAudit | user=jenkins1000 | ip=192.168.69.91 | op=SEND_HEARTBEAT {datanodeUUID=f101476e-c990-429e-921c-5f445731959e, command=[]} | ret=SUCCESS |  
2019-08-21 05:57:49,328 | INFO  | SCMAudit | user=jenkins1000 | ip=192.168.69.91 | op=SEND_HEARTBEAT {datanodeUUID=49ab72ed-ff76-4952-870c-a3cea42cdb24, command=[]} | ret=SUCCESS |  
2019-08-21 05:57:49,516 | INFO  | SCMAudit | user=jenkins1000 | ip=192.168.69.91 | op=SEND_HEARTBEAT {datanodeUUID=3fd580a5-fd1e-4f13-9f88-976f7db82376, command=[]} | ret=SUCCESS |  
2019-08-21 05:57:49,566 [grpc-default-executor-4] INFO  client.GrpcClientProtocolClient (GrpcClientProtocolClient.java:onNext(255)) - client-5E3AA808964E->f101476e-c990-429e-921c-5f445731959e: receive RaftClientReply:client-5E3AA808964E->f101476e-c990-429e-921c-5f445731959e@group-ED3E36EC8233, cid=45, FAILED org.apache.ratis.protocol.NotLeaderException: Server f101476e-c990-429e-921c-5f445731959e is not the leader (3c17af02-f769-4730-87e1-6a78a05442cb:192.168.69.91:45466). Request must be sent to leader., logIndex=0, commits[f101476e-c990-429e-921c-5f445731959e:c8, 3c17af02-f769-4730-87e1-6a78a05442cb:c8, 625627db-20f6-4593-9222-21b617438b7f:c8]
2019-08-21 05:57:49,697 | INFO  | SCMAudit | user=jenkins1000 | ip=192.168.69.91 | op=SEND_HEARTBEAT {datanodeUUID=046a392e-7484-4dfc-820d-faa08503447d, command=[]} | ret=SUCCESS |  
2019-08-21 05:57:49,877 | INFO  | SCMAudit | user=jenkins1000 | ip=192.168.69.91 | op=SEND_HEARTBEAT {datanodeUUID=4794a7d0-d8e2-4005-aaca-0a56e39fce16, command=[]} | ret=SUCCESS |  
2019-08-21 05:57:50,229 | INFO  | SCMAudit | user=jenkins1000 | ip=192.168.69.91 | op=SEND_HEARTBEAT {datanodeUUID=3c17af02-f769-4730-87e1-6a78a05442cb, command=[]} | ret=SUCCESS |  
2019-08-21 05:57:50,252 | INFO  | SCMAudit | user=jenkins1000 | ip=192.168.69.91 | op=SEND_HEARTBEAT {datanodeUUID=625627db-20f6-4593-9222-21b617438b7f, command=[]} | ret=SUCCESS |  
2019-08-21 05:57:50,258 | INFO  | SCMAudit | user=jenkins1000 | ip=192.168.69.91 | op=SEND_HEARTBEAT {datanodeUUID=f101476e-c990-429e-921c-5f445731959e, command=[]} | ret=SUCCESS |  
2019-08-21 05:57:50,328 | INFO  | SCMAudit | user=jenkins1000 | ip=192.168.69.91 | op=SEND_HEARTBEAT {datanodeUUID=49ab72ed-ff76-4952-870c-a3cea42cdb24, command=[]} | ret=SUCCESS |  
2019-08-21 05:57:50,516 | INFO  | SCMAudit | user=jenkins1000 | ip=192.168.69.91 | op=SEND_HEARTBEAT {datanodeUUID=3fd580a5-fd1e-4f13-9f88-976f7db82376, command=[]} | ret=SUCCESS |  
2019-08-21 05:57:50,696 | INFO  | SCMAudit | user=jenkins1000 | ip=192.168.69.91 | op=SEND_HEARTBEAT {datanodeUUID=046a392e-7484-4dfc-820d-faa08503447d, command=[]} | ret=SUCCESS |  
2019-08-21 05:57:50,877 | INFO  | SCMAudit | user=jenkins1000 | ip=192.168.69.91 | op=SEND_HEARTBEAT {datanodeUUID=4794a7d0-d8e2-4005-aaca-0a56e39fce16, command=[]} | ret=SUCCESS |  
2019-08-21 05:57:51,230 | INFO  | SCMAudit | user=jenkins1000 | ip=192.168.69.91 | op=SEND_HEARTBEAT {datanodeUUID=3c17af02-f769-4730-87e1-6a78a05442cb, command=[]} | ret=SUCCESS |  
2019-08-21 05:57:51,252 | INFO  | SCMAudit | user=jenkins1000 | ip=192.168.69.91 | op=SEND_HEARTBEAT {datanodeUUID=625627db-20f6-4593-9222-21b617438b7f, command=[]} | ret=SUCCESS |  
2019-08-21 05:57:51,258 | INFO  | SCMAudit | user=jenkins1000 | ip=192.168.69.91 | op=SEND_HEARTBEAT {datanodeUUID=f101476e-c990-429e-921c-5f445731959e, command=[]} | ret=SUCCESS |  
2019-08-21 05:57:51,328 | INFO  | SCMAudit | user=jenkins1000 | ip=192.168.69.91 | op=SEND_HEARTBEAT {datanodeUUID=49ab72ed-ff76-4952-870c-a3cea42cdb24, command=[]} | ret=SUCCESS |  
2019-08-21 05:57:51,517 | INFO  | SCMAudit | user=jenkins1000 | ip=192.168.69.91 | op=SEND_HEARTBEAT {datanodeUUID=3fd580a5-fd1e-4f13-9f88-976f7db82376, command=[]} | ret=SUCCESS |  
2019-08-21 05:57:51,696 | INFO  | SCMAudit | user=jenkins1000 | ip=192.168.69.91 | op=SEND_HEARTBEAT {datanodeUUID=046a392e-7484-4dfc-820d-faa08503447d, command=[]} | ret=SUCCESS |  
2019-08-21 05:57:51,877 | INFO  | SCMAudit | user=jenkins1000 | ip=192.168.69.91 | op=SEND_HEARTBEAT {datanodeUUID=4794a7d0-d8e2-4005-aaca-0a56e39fce16, command=[]} | ret=SUCCESS |  
2019-08-21 05:57:52,229 | INFO  | SCMAudit | user=jenkins1000 | ip=192.168.69.91 | op=SEND_HEARTBEAT {datanodeUUID=3c17af02-f769-4730-87e1-6a78a05442cb, command=[]} | ret=SUCCESS |  
2019-08-21 05:57:52,252 | INFO  | SCMAudit | user=jenkins1000 | ip=192.168.69.91 | op=SEND_HEARTBEAT {datanodeUUID=625627db-20f6-4593-9222-21b617438b7f, command=[]} | ret=SUCCESS |  
2019-08-21 05:57:52,258 | INFO  | SCMAudit | user=jenkins1000 | ip=192.168.69.91 | op=SEND_HEARTBEAT {datanodeUUID=f101476e-c990-429e-921c-5f445731959e, command=[]} | ret=SUCCESS |  
2019-08-21 05:57:52,328 | INFO  | SCMAudit | user=jenkins1000 | ip=192.168.69.91 | op=SEND_HEARTBEAT {datanodeUUID=49ab72ed-ff76-4952-870c-a3cea42cdb24, command=[]} | ret=SUCCESS |  
2019-08-21 05:57:52,516 | INFO  | SCMAudit | user=jenkins1000 | ip=192.168.69.91 | op=SEND_HEARTBEAT {datanodeUUID=3fd580a5-fd1e-4f13-9f88-976f7db82376, command=[]} | ret=SUCCESS |  
2019-08-21 05:57:52,697 | INFO  | SCMAudit | user=jenkins1000 | ip=192.168.69.91 | op=SEND_HEARTBEAT {datanodeUUID=046a392e-7484-4dfc-820d-faa08503447d, command=[]} | ret=SUCCESS |  
2019-08-21 05:57:52,877 | INFO  | SCMAudit | user=jenkins1000 | ip=192.168.69.91 | op=SEND_HEARTBEAT {datanodeUUID=4794a7d0-d8e2-4005-aaca-0a56e39fce16, command=[]} | ret=SUCCESS |  
2019-08-21 05:57:53,230 | INFO  | SCMAudit | user=jenkins1000 | ip=192.168.69.91 | op=SEND_HEARTBEAT {datanodeUUID=3c17af02-f769-4730-87e1-6a78a05442cb, command=[]} | ret=SUCCESS |  
2019-08-21 05:57:53,252 | INFO  | SCMAudit | user=jenkins1000 | ip=192.168.69.91 | op=SEND_HEARTBEAT {datanodeUUID=625627db-20f6-4593-9222-21b617438b7f, command=[]} | ret=SUCCESS |  
2019-08-21 05:57:53,259 | INFO  | SCMAudit | user=jenkins1000 | ip=192.168.69.91 | op=SEND_HEARTBEAT {datanodeUUID=f101476e-c990-429e-921c-5f445731959e, command=[]} | ret=SUCCESS |  
2019-08-21 05:57:53,329 | INFO  | SCMAudit | user=jenkins1000 | ip=192.168.69.91 | op=SEND_HEARTBEAT {datanodeUUID=49ab72ed-ff76-4952-870c-a3cea42cdb24, command=[]} | ret=SUCCESS |  
2019-08-21 05:57:53,517 | INFO  | SCMAudit | user=jenkins1000 | ip=192.168.69.91 | op=SEND_HEARTBEAT {datanodeUUID=3fd580a5-fd1e-4f13-9f88-976f7db82376, command=[]} | ret=SUCCESS |  
2019-08-21 05:57:53,698 | INFO  | SCMAudit | user=jenkins1000 | ip=192.168.69.91 | op=SEND_HEARTBEAT {datanodeUUID=046a392e-7484-4dfc-820d-faa08503447d, command=[]} | ret=SUCCESS |  
2019-08-21 05:57:53,877 | INFO  | SCMAudit | user=jenkins1000 | ip=192.168.69.91 | op=SEND_HEARTBEAT {datanodeUUID=4794a7d0-d8e2-4005-aaca-0a56e39fce16, command=[]} | ret=SUCCESS |  
2019-08-21 05:57:54,229 | INFO  | SCMAudit | user=jenkins1000 | ip=192.168.69.91 | op=SEND_HEARTBEAT {datanodeUUID=3c17af02-f769-4730-87e1-6a78a05442cb, command=[]} | ret=SUCCESS |  
2019-08-21 05:57:54,252 | INFO  | SCMAudit | user=jenkins1000 | ip=192.168.69.91 | op=SEND_HEARTBEAT {datanodeUUID=625627db-20f6-4593-9222-21b617438b7f, command=[]} | ret=SUCCESS |  
2019-08-21 05:57:54,258 | INFO  | SCMAudit | user=jenkins1000 | ip=192.168.69.91 | op=SEND_HEARTBEAT {datanodeUUID=f101476e-c990-429e-921c-5f445731959e, command=[]} | ret=SUCCESS |  
2019-08-21 05:57:54,329 | INFO  | SCMAudit | user=jenkins1000 | ip=192.168.69.91 | op=SEND_HEARTBEAT {datanodeUUID=49ab72ed-ff76-4952-870c-a3cea42cdb24, command=[]} | ret=SUCCESS |  
2019-08-21 05:57:54,517 | INFO  | SCMAudit | user=jenkins1000 | ip=192.168.69.91 | op=SEND_HEARTBEAT {datanodeUUID=3fd580a5-fd1e-4f13-9f88-976f7db82376, command=[]} | ret=SUCCESS |  
2019-08-21 05:57:54,610 [grpc-default-executor-0] INFO  client.GrpcClientProtocolClient (GrpcClientProtocolClient.java:onNext(255)) - client-5E3AA808964E->625627db-20f6-4593-9222-21b617438b7f: receive RaftClientReply:client-5E3AA808964E->625627db-20f6-4593-9222-21b617438b7f@group-ED3E36EC8233, cid=45, FAILED org.apache.ratis.protocol.NotLeaderException: Server 625627db-20f6-4593-9222-21b617438b7f is not the leader (3c17af02-f769-4730-87e1-6a78a05442cb:192.168.69.91:45466). Request must be sent to leader., logIndex=0, commits[625627db-20f6-4593-9222-21b617438b7f:c8, f101476e-c990-429e-921c-5f445731959e:c8, 3c17af02-f769-4730-87e1-6a78a05442cb:c8]
2019-08-21 05:57:54,698 | INFO  | SCMAudit | user=jenkins1000 | ip=192.168.69.91 | op=SEND_HEARTBEAT {datanodeUUID=046a392e-7484-4dfc-820d-faa08503447d, command=[]} | ret=SUCCESS |  
2019-08-21 05:57:54,877 | INFO  | SCMAudit | user=jenkins1000 | ip=192.168.69.91 | op=SEND_HEARTBEAT {datanodeUUID=4794a7d0-d8e2-4005-aaca-0a56e39fce16, command=[]} | ret=SUCCESS |  
2019-08-21 05:57:55,229 | INFO  | SCMAudit | user=jenkins1000 | ip=192.168.69.91 | op=SEND_HEARTBEAT {datanodeUUID=3c17af02-f769-4730-87e1-6a78a05442cb, command=[]} | ret=SUCCESS |  
2019-08-21 05:57:55,254 | INFO  | SCMAudit | user=jenkins1000 | ip=192.168.69.91 | op=SEND_HEARTBEAT {datanodeUUID=625627db-20f6-4593-9222-21b617438b7f, command=[]} | ret=SUCCESS |  
2019-08-21 05:57:55,259 | INFO  | SCMAudit | user=jenkins1000 | ip=192.168.69.91 | op=SEND_HEARTBEAT {datanodeUUID=f101476e-c990-429e-921c-5f445731959e, command=[]} | ret=SUCCESS |  
2019-08-21 05:57:55,329 | INFO  | SCMAudit | user=jenkins1000 | ip=192.168.69.91 | op=SEND_HEARTBEAT {datanodeUUID=49ab72ed-ff76-4952-870c-a3cea42cdb24, command=[]} | ret=SUCCESS |  
2019-08-21 05:57:55,517 | INFO  | SCMAudit | user=jenkins1000 | ip=192.168.69.91 | op=SEND_HEARTBEAT {datanodeUUID=3fd580a5-fd1e-4f13-9f88-976f7db82376, command=[]} | ret=SUCCESS |  
2019-08-21 05:57:55,698 | INFO  | SCMAudit | user=jenkins1000 | ip=192.168.69.91 | op=SEND_HEARTBEAT {datanodeUUID=046a392e-7484-4dfc-820d-faa08503447d, command=[]} | ret=SUCCESS |  
2019-08-21 05:57:55,878 | INFO  | SCMAudit | user=jenkins1000 | ip=192.168.69.91 | op=SEND_HEARTBEAT {datanodeUUID=4794a7d0-d8e2-4005-aaca-0a56e39fce16, command=[]} | ret=SUCCESS |  
2019-08-21 05:57:56,230 | INFO  | SCMAudit | user=jenkins1000 | ip=192.168.69.91 | op=SEND_HEARTBEAT {datanodeUUID=3c17af02-f769-4730-87e1-6a78a05442cb, command=[]} | ret=SUCCESS |  
2019-08-21 05:57:56,253 | INFO  | SCMAudit | user=jenkins1000 | ip=192.168.69.91 | op=SEND_HEARTBEAT {datanodeUUID=625627db-20f6-4593-9222-21b617438b7f, command=[]} | ret=SUCCESS |  
2019-08-21 05:57:56,261 | INFO  | SCMAudit | user=jenkins1000 | ip=192.168.69.91 | op=SEND_HEARTBEAT {datanodeUUID=f101476e-c990-429e-921c-5f445731959e, command=[]} | ret=SUCCESS |  
2019-08-21 05:57:56,329 | INFO  | SCMAudit | user=jenkins1000 | ip=192.168.69.91 | op=SEND_HEARTBEAT {datanodeUUID=49ab72ed-ff76-4952-870c-a3cea42cdb24, command=[]} | ret=SUCCESS |  
2019-08-21 05:57:56,516 | INFO  | SCMAudit | user=jenkins1000 | ip=192.168.69.91 | op=SEND_HEARTBEAT {datanodeUUID=3fd580a5-fd1e-4f13-9f88-976f7db82376, command=[]} | ret=SUCCESS |  
2019-08-21 05:57:56,699 | INFO  | SCMAudit | user=jenkins1000 | ip=192.168.69.91 | op=SEND_HEARTBEAT {datanodeUUID=046a392e-7484-4dfc-820d-faa08503447d, command=[]} | ret=SUCCESS |  
2019-08-21 05:57:56,878 | INFO  | SCMAudit | user=jenkins1000 | ip=192.168.69.91 | op=SEND_HEARTBEAT {datanodeUUID=4794a7d0-d8e2-4005-aaca-0a56e39fce16, command=[]} | ret=SUCCESS |  
2019-08-21 05:57:57,229 | INFO  | SCMAudit | user=jenkins1000 | ip=192.168.69.91 | op=SEND_HEARTBEAT {datanodeUUID=3c17af02-f769-4730-87e1-6a78a05442cb, command=[]} | ret=SUCCESS |  
2019-08-21 05:57:57,253 | INFO  | SCMAudit | user=jenkins1000 | ip=192.168.69.91 | op=SEND_HEARTBEAT {datanodeUUID=625627db-20f6-4593-9222-21b617438b7f, command=[]} | ret=SUCCESS |  
2019-08-21 05:57:57,262 | INFO  | SCMAudit | user=jenkins1000 | ip=192.168.69.91 | op=SEND_HEARTBEAT {datanodeUUID=f101476e-c990-429e-921c-5f445731959e, command=[]} | ret=SUCCESS |  
2019-08-21 05:57:57,330 | INFO  | SCMAudit | user=jenkins1000 | ip=192.168.69.91 | op=SEND_HEARTBEAT {datanodeUUID=49ab72ed-ff76-4952-870c-a3cea42cdb24, command=[]} | ret=SUCCESS |  
2019-08-21 05:57:57,516 | INFO  | SCMAudit | user=jenkins1000 | ip=192.168.69.91 | op=SEND_HEARTBEAT {datanodeUUID=3fd580a5-fd1e-4f13-9f88-976f7db82376, command=[]} | ret=SUCCESS |  
2019-08-21 05:57:57,698 | INFO  | SCMAudit | user=jenkins1000 | ip=192.168.69.91 | op=SEND_HEARTBEAT {datanodeUUID=046a392e-7484-4dfc-820d-faa08503447d, command=[]} | ret=SUCCESS |  
2019-08-21 05:57:57,879 | INFO  | SCMAudit | user=jenkins1000 | ip=192.168.69.91 | op=SEND_HEARTBEAT {datanodeUUID=4794a7d0-d8e2-4005-aaca-0a56e39fce16, command=[]} | ret=SUCCESS |  
2019-08-21 05:57:58,230 | INFO  | SCMAudit | user=jenkins1000 | ip=192.168.69.91 | op=SEND_HEARTBEAT {datanodeUUID=3c17af02-f769-4730-87e1-6a78a05442cb, command=[]} | ret=SUCCESS |  
2019-08-21 05:57:58,253 | INFO  | SCMAudit | user=jenkins1000 | ip=192.168.69.91 | op=SEND_HEARTBEAT {datanodeUUID=625627db-20f6-4593-9222-21b617438b7f, command=[]} | ret=SUCCESS |  
2019-08-21 05:57:58,263 | INFO  | SCMAudit | user=jenkins1000 | ip=192.168.69.91 | op=SEND_HEARTBEAT {datanodeUUID=f101476e-c990-429e-921c-5f445731959e, command=[]} | ret=SUCCESS |  
2019-08-21 05:57:58,329 | INFO  | SCMAudit | user=jenkins1000 | ip=192.168.69.91 | op=SEND_HEARTBEAT {datanodeUUID=49ab72ed-ff76-4952-870c-a3cea42cdb24, command=[]} | ret=SUCCESS |  
2019-08-21 05:57:58,517 | INFO  | SCMAudit | user=jenkins1000 | ip=192.168.69.91 | op=SEND_HEARTBEAT {datanodeUUID=3fd580a5-fd1e-4f13-9f88-976f7db82376, command=[]} | ret=SUCCESS |  
2019-08-21 05:57:58,698 | INFO  | SCMAudit | user=jenkins1000 | ip=192.168.69.91 | op=SEND_HEARTBEAT {datanodeUUID=046a392e-7484-4dfc-820d-faa08503447d, command=[]} | ret=SUCCESS |  
2019-08-21 05:57:58,878 | INFO  | SCMAudit | user=jenkins1000 | ip=192.168.69.91 | op=SEND_HEARTBEAT {datanodeUUID=4794a7d0-d8e2-4005-aaca-0a56e39fce16, command=[]} | ret=SUCCESS |  
2019-08-21 05:57:59,229 | INFO  | SCMAudit | user=jenkins1000 | ip=192.168.69.91 | op=SEND_HEARTBEAT {datanodeUUID=3c17af02-f769-4730-87e1-6a78a05442cb, command=[]} | ret=SUCCESS |  
2019-08-21 05:57:59,253 | INFO  | SCMAudit | user=jenkins1000 | ip=192.168.69.91 | op=SEND_HEARTBEAT {datanodeUUID=625627db-20f6-4593-9222-21b617438b7f, command=[]} | ret=SUCCESS |  
2019-08-21 05:57:59,263 | INFO  | SCMAudit | user=jenkins1000 | ip=192.168.69.91 | op=SEND_HEARTBEAT {datanodeUUID=f101476e-c990-429e-921c-5f445731959e, command=[]} | ret=SUCCESS |  
2019-08-21 05:57:59,329 | INFO  | SCMAudit | user=jenkins1000 | ip=192.168.69.91 | op=SEND_HEARTBEAT {datanodeUUID=49ab72ed-ff76-4952-870c-a3cea42cdb24, command=[]} | ret=SUCCESS |  
2019-08-21 05:57:59,516 | INFO  | SCMAudit | user=jenkins1000 | ip=192.168.69.91 | op=SEND_HEARTBEAT {datanodeUUID=3fd580a5-fd1e-4f13-9f88-976f7db82376, command=[]} | ret=SUCCESS |  
2019-08-21 05:57:59,654 [grpc-default-executor-0] INFO  client.GrpcClientProtocolClient (GrpcClientProtocolClient.java:onNext(255)) - client-5E3AA808964E->625627db-20f6-4593-9222-21b617438b7f: receive RaftClientReply:client-5E3AA808964E->625627db-20f6-4593-9222-21b617438b7f@group-ED3E36EC8233, cid=45, FAILED org.apache.ratis.protocol.NotLeaderException: Server 625627db-20f6-4593-9222-21b617438b7f is not the leader (3c17af02-f769-4730-87e1-6a78a05442cb:192.168.69.91:45466). Request must be sent to leader., logIndex=0, commits[625627db-20f6-4593-9222-21b617438b7f:c8, f101476e-c990-429e-921c-5f445731959e:c8, 3c17af02-f769-4730-87e1-6a78a05442cb:c8]
2019-08-21 05:57:59,698 | INFO  | SCMAudit | user=jenkins1000 | ip=192.168.69.91 | op=SEND_HEARTBEAT {datanodeUUID=046a392e-7484-4dfc-820d-faa08503447d, command=[]} | ret=SUCCESS |  
2019-08-21 05:57:59,878 | INFO  | SCMAudit | user=jenkins1000 | ip=192.168.69.91 | op=SEND_HEARTBEAT {datanodeUUID=4794a7d0-d8e2-4005-aaca-0a56e39fce16, command=[]} | ret=SUCCESS |  
2019-08-21 05:58:00,230 | INFO  | SCMAudit | user=jenkins1000 | ip=192.168.69.91 | op=SEND_HEARTBEAT {datanodeUUID=3c17af02-f769-4730-87e1-6a78a05442cb, command=[]} | ret=SUCCESS |  
2019-08-21 05:58:00,253 | INFO  | SCMAudit | user=jenkins1000 | ip=192.168.69.91 | op=SEND_HEARTBEAT {datanodeUUID=625627db-20f6-4593-9222-21b617438b7f, command=[]} | ret=SUCCESS |  
2019-08-21 05:58:00,263 | INFO  | SCMAudit | user=jenkins1000 | ip=192.168.69.91 | op=SEND_HEARTBEAT {datanodeUUID=f101476e-c990-429e-921c-5f445731959e, command=[]} | ret=SUCCESS |  
2019-08-21 05:58:00,329 | INFO  | SCMAudit | user=jenkins1000 | ip=192.168.69.91 | op=SEND_HEARTBEAT {datanodeUUID=49ab72ed-ff76-4952-870c-a3cea42cdb24, command=[]} | ret=SUCCESS |  
2019-08-21 05:58:00,517 | INFO  | SCMAudit | user=jenkins1000 | ip=192.168.69.91 | op=SEND_HEARTBEAT {datanodeUUID=3fd580a5-fd1e-4f13-9f88-976f7db82376, command=[]} | ret=SUCCESS |  
2019-08-21 05:58:00,699 | INFO  | SCMAudit | user=jenkins1000 | ip=192.168.69.91 | op=SEND_HEARTBEAT {datanodeUUID=046a392e-7484-4dfc-820d-faa08503447d, command=[]} | ret=SUCCESS |  
2019-08-21 05:58:00,878 | INFO  | SCMAudit | user=jenkins1000 | ip=192.168.69.91 | op=SEND_HEARTBEAT {datanodeUUID=4794a7d0-d8e2-4005-aaca-0a56e39fce16, command=[]} | ret=SUCCESS |  
2019-08-21 05:58:01,229 | INFO  | SCMAudit | user=jenkins1000 | ip=192.168.69.91 | op=SEND_HEARTBEAT {datanodeUUID=3c17af02-f769-4730-87e1-6a78a05442cb, command=[]} | ret=SUCCESS |  
2019-08-21 05:58:01,254 | INFO  | SCMAudit | user=jenkins1000 | ip=192.168.69.91 | op=SEND_HEARTBEAT {datanodeUUID=625627db-20f6-4593-9222-21b617438b7f, command=[]} | ret=SUCCESS |  
2019-08-21 05:58:01,263 | INFO  | SCMAudit | user=jenkins1000 | ip=192.168.69.91 | op=SEND_HEARTBEAT {datanodeUUID=f101476e-c990-429e-921c-5f445731959e, command=[]} | ret=SUCCESS |  
2019-08-21 05:58:01,330 | INFO  | SCMAudit | user=jenkins1000 | ip=192.168.69.91 | op=SEND_HEARTBEAT {datanodeUUID=49ab72ed-ff76-4952-870c-a3cea42cdb24, command=[]} | ret=SUCCESS |  
2019-08-21 05:58:01,518 | INFO  | SCMAudit | user=jenkins1000 | ip=192.168.69.91 | op=SEND_HEARTBEAT {datanodeUUID=3fd580a5-fd1e-4f13-9f88-976f7db82376, command=[]} | ret=SUCCESS |  
2019-08-21 05:58:01,698 | INFO  | SCMAudit | user=jenkins1000 | ip=192.168.69.91 | op=SEND_HEARTBEAT {datanodeUUID=046a392e-7484-4dfc-820d-faa08503447d, command=[]} | ret=SUCCESS |  
2019-08-21 05:58:01,879 | INFO  | SCMAudit | user=jenkins1000 | ip=192.168.69.91 | op=SEND_HEARTBEAT {datanodeUUID=4794a7d0-d8e2-4005-aaca-0a56e39fce16, command=[]} | ret=SUCCESS |  
2019-08-21 05:58:02,230 | INFO  | SCMAudit | user=jenkins1000 | ip=192.168.69.91 | op=SEND_HEARTBEAT {datanodeUUID=3c17af02-f769-4730-87e1-6a78a05442cb, command=[]} | ret=SUCCESS |  
2019-08-21 05:58:02,254 | INFO  | SCMAudit | user=jenkins1000 | ip=192.168.69.91 | op=SEND_HEARTBEAT {datanodeUUID=625627db-20f6-4593-9222-21b617438b7f, command=[]} | ret=SUCCESS |  
2019-08-21 05:58:02,263 | INFO  | SCMAudit | user=jenkins1000 | ip=192.168.69.91 | op=SEND_HEARTBEAT {datanodeUUID=f101476e-c990-429e-921c-5f445731959e, command=[]} | ret=SUCCESS |  
2019-08-21 05:58:02,331 | INFO  | SCMAudit | user=jenkins1000 | ip=192.168.69.91 | op=SEND_HEARTBEAT {datanodeUUID=49ab72ed-ff76-4952-870c-a3cea42cdb24, command=[]} | ret=SUCCESS |  
2019-08-21 05:58:02,517 | INFO  | SCMAudit | user=jenkins1000 | ip=192.168.69.91 | op=SEND_HEARTBEAT {datanodeUUID=3fd580a5-fd1e-4f13-9f88-976f7db82376, command=[]} | ret=SUCCESS |  
2019-08-21 05:58:02,698 | INFO  | SCMAudit | user=jenkins1000 | ip=192.168.69.91 | op=SEND_HEARTBEAT {datanodeUUID=046a392e-7484-4dfc-820d-faa08503447d, command=[]} | ret=SUCCESS |  
2019-08-21 05:58:02,878 | INFO  | SCMAudit | user=jenkins1000 | ip=192.168.69.91 | op=SEND_HEARTBEAT {datanodeUUID=4794a7d0-d8e2-4005-aaca-0a56e39fce16, command=[]} | ret=SUCCESS |  
2019-08-21 05:58:03,229 | INFO  | SCMAudit | user=jenkins1000 | ip=192.168.69.91 | op=SEND_HEARTBEAT {datanodeUUID=3c17af02-f769-4730-87e1-6a78a05442cb, command=[]} | ret=SUCCESS |  
2019-08-21 05:58:03,254 | INFO  | SCMAudit | user=jenkins1000 | ip=192.168.69.91 | op=SEND_HEARTBEAT {datanodeUUID=625627db-20f6-4593-9222-21b617438b7f, command=[]} | ret=SUCCESS |  
2019-08-21 05:58:03,263 | INFO  | SCMAudit | user=jenkins1000 | ip=192.168.69.91 | op=SEND_HEARTBEAT {datanodeUUID=f101476e-c990-429e-921c-5f445731959e, command=[]} | ret=SUCCESS |  
2019-08-21 05:58:03,331 | INFO  | SCMAudit | user=jenkins1000 | ip=192.168.69.91 | op=SEND_HEARTBEAT {datanodeUUID=49ab72ed-ff76-4952-870c-a3cea42cdb24, command=[]} | ret=SUCCESS |  
2019-08-21 05:58:03,517 | INFO  | SCMAudit | user=jenkins1000 | ip=192.168.69.91 | op=SEND_HEARTBEAT {datanodeUUID=3fd580a5-fd1e-4f13-9f88-976f7db82376, command=[]} | ret=SUCCESS |  
2019-08-21 05:58:03,699 | INFO  | SCMAudit | user=jenkins1000 | ip=192.168.69.91 | op=SEND_HEARTBEAT {datanodeUUID=046a392e-7484-4dfc-820d-faa08503447d, command=[]} | ret=SUCCESS |  
2019-08-21 05:58:03,878 | INFO  | SCMAudit | user=jenkins1000 | ip=192.168.69.91 | op=SEND_HEARTBEAT {datanodeUUID=4794a7d0-d8e2-4005-aaca-0a56e39fce16, command=[]} | ret=SUCCESS |  
2019-08-21 05:58:04,230 | INFO  | SCMAudit | user=jenkins1000 | ip=192.168.69.91 | op=SEND_HEARTBEAT {datanodeUUID=3c17af02-f769-4730-87e1-6a78a05442cb, command=[]} | ret=SUCCESS |  
2019-08-21 05:58:04,255 | INFO  | SCMAudit | user=jenkins1000 | ip=192.168.69.91 | op=SEND_HEARTBEAT {datanodeUUID=625627db-20f6-4593-9222-21b617438b7f, command=[]} | ret=SUCCESS |  
2019-08-21 05:58:04,263 | INFO  | SCMAudit | user=jenkins1000 | ip=192.168.69.91 | op=SEND_HEARTBEAT {datanodeUUID=f101476e-c990-429e-921c-5f445731959e, command=[]} | ret=SUCCESS |  
2019-08-21 05:58:04,331 | INFO  | SCMAudit | user=jenkins1000 | ip=192.168.69.91 | op=SEND_HEARTBEAT {datanodeUUID=49ab72ed-ff76-4952-870c-a3cea42cdb24, command=[]} | ret=SUCCESS |  
2019-08-21 05:58:04,518 | INFO  | SCMAudit | user=jenkins1000 | ip=192.168.69.91 | op=SEND_HEARTBEAT {datanodeUUID=3fd580a5-fd1e-4f13-9f88-976f7db82376, command=[]} | ret=SUCCESS |  
2019-08-21 05:58:04,697 [grpc-default-executor-0] INFO  client.GrpcClientProtocolClient (GrpcClientProtocolClient.java:onNext(255)) - client-5E3AA808964E->f101476e-c990-429e-921c-5f445731959e: receive RaftClientReply:client-5E3AA808964E->f101476e-c990-429e-921c-5f445731959e@group-ED3E36EC8233, cid=45, FAILED org.apache.ratis.protocol.NotLeaderException: Server f101476e-c990-429e-921c-5f445731959e is not the leader (3c17af02-f769-4730-87e1-6a78a05442cb:192.168.69.91:45466). Request must be sent to leader., logIndex=0, commits[f101476e-c990-429e-921c-5f445731959e:c8, 3c17af02-f769-4730-87e1-6a78a05442cb:c8, 625627db-20f6-4593-9222-21b617438b7f:c8]
2019-08-21 05:58:04,728 | INFO  | SCMAudit | user=jenkins1000 | ip=192.168.69.91 | op=SEND_HEARTBEAT {datanodeUUID=046a392e-7484-4dfc-820d-faa08503447d, command=[]} | ret=SUCCESS |  
2019-08-21 05:58:04,879 | INFO  | SCMAudit | user=jenkins1000 | ip=192.168.69.91 | op=SEND_HEARTBEAT {datanodeUUID=4794a7d0-d8e2-4005-aaca-0a56e39fce16, command=[]} | ret=SUCCESS |  
2019-08-21 05:58:05,229 | INFO  | SCMAudit | user=jenkins1000 | ip=192.168.69.91 | op=SEND_HEARTBEAT {datanodeUUID=3c17af02-f769-4730-87e1-6a78a05442cb, command=[]} | ret=SUCCESS |  
2019-08-21 05:58:05,255 | INFO  | SCMAudit | user=jenkins1000 | ip=192.168.69.91 | op=SEND_HEARTBEAT {datanodeUUID=625627db-20f6-4593-9222-21b617438b7f, command=[]} | ret=SUCCESS |  
2019-08-21 05:58:05,264 | INFO  | SCMAudit | user=jenkins1000 | ip=192.168.69.91 | op=SEND_HEARTBEAT {datanodeUUID=f101476e-c990-429e-921c-5f445731959e, command=[]} | ret=SUCCESS |  
2019-08-21 05:58:05,331 | INFO  | SCMAudit | user=jenkins1000 | ip=192.168.69.91 | op=SEND_HEARTBEAT {datanodeUUID=49ab72ed-ff76-4952-870c-a3cea42cdb24, command=[]} | ret=SUCCESS |  
2019-08-21 05:58:05,518 | INFO  | SCMAudit | user=jenkins1000 | ip=192.168.69.91 | op=SEND_HEARTBEAT {datanodeUUID=3fd580a5-fd1e-4f13-9f88-976f7db82376, command=[]} | ret=SUCCESS |  
2019-08-21 05:58:05,723 | INFO  | SCMAudit | user=jenkins1000 | ip=192.168.69.91 | op=SEND_HEARTBEAT {datanodeUUID=046a392e-7484-4dfc-820d-faa08503447d, command=[]} | ret=SUCCESS |  
2019-08-21 05:58:05,879 | INFO  | SCMAudit | user=jenkins1000 | ip=192.168.69.91 | op=SEND_HEARTBEAT {datanodeUUID=4794a7d0-d8e2-4005-aaca-0a56e39fce16, command=[]} | ret=SUCCESS |  
2019-08-21 05:58:06,229 | INFO  | SCMAudit | user=jenkins1000 | ip=192.168.69.91 | op=SEND_HEARTBEAT {datanodeUUID=3c17af02-f769-4730-87e1-6a78a05442cb, command=[]} | ret=SUCCESS |  
2019-08-21 05:58:06,255 | INFO  | SCMAudit | user=jenkins1000 | ip=192.168.69.91 | op=SEND_HEARTBEAT {datanodeUUID=625627db-20f6-4593-9222-21b617438b7f, command=[]} | ret=SUCCESS |  
2019-08-21 05:58:06,264 | INFO  | SCMAudit | user=jenkins1000 | ip=192.168.69.91 | op=SEND_HEARTBEAT {datanodeUUID=f101476e-c990-429e-921c-5f445731959e, command=[]} | ret=SUCCESS |  
2019-08-21 05:58:06,332 | INFO  | SCMAudit | user=jenkins1000 | ip=192.168.69.91 | op=SEND_HEARTBEAT {datanodeUUID=49ab72ed-ff76-4952-870c-a3cea42cdb24, command=[]} | ret=SUCCESS |  
2019-08-21 05:58:06,518 | INFO  | SCMAudit | user=jenkins1000 | ip=192.168.69.91 | op=SEND_HEARTBEAT {datanodeUUID=3fd580a5-fd1e-4f13-9f88-976f7db82376, command=[]} | ret=SUCCESS |  
2019-08-21 05:58:06,723 | INFO  | SCMAudit | user=jenkins1000 | ip=192.168.69.91 | op=SEND_HEARTBEAT {datanodeUUID=046a392e-7484-4dfc-820d-faa08503447d, command=[]} | ret=SUCCESS |  
2019-08-21 05:58:06,879 | INFO  | SCMAudit | user=jenkins1000 | ip=192.168.69.91 | op=SEND_HEARTBEAT {datanodeUUID=4794a7d0-d8e2-4005-aaca-0a56e39fce16, command=[]} | ret=SUCCESS |  
2019-08-21 05:58:07,230 | INFO  | SCMAudit | user=jenkins1000 | ip=192.168.69.91 | op=SEND_HEARTBEAT {datanodeUUID=3c17af02-f769-4730-87e1-6a78a05442cb, command=[]} | ret=SUCCESS |  
2019-08-21 05:58:07,255 | INFO  | SCMAudit | user=jenkins1000 | ip=192.168.69.91 | op=SEND_HEARTBEAT {datanodeUUID=625627db-20f6-4593-9222-21b617438b7f, command=[]} | ret=SUCCESS |  
2019-08-21 05:58:07,264 | INFO  | SCMAudit | user=jenkins1000 | ip=192.168.69.91 | op=SEND_HEARTBEAT {datanodeUUID=f101476e-c990-429e-921c-5f445731959e, command=[]} | ret=SUCCESS |  
2019-08-21 05:58:07,332 | INFO  | SCMAudit | user=jenkins1000 | ip=192.168.69.91 | op=SEND_HEARTBEAT {datanodeUUID=49ab72ed-ff76-4952-870c-a3cea42cdb24, command=[]} | ret=SUCCESS |  
2019-08-21 05:58:07,518 | INFO  | SCMAudit | user=jenkins1000 | ip=192.168.69.91 | op=SEND_HEARTBEAT {datanodeUUID=3fd580a5-fd1e-4f13-9f88-976f7db82376, command=[]} | ret=SUCCESS |  
2019-08-21 05:58:07,724 | INFO  | SCMAudit | user=jenkins1000 | ip=192.168.69.91 | op=SEND_HEARTBEAT {datanodeUUID=046a392e-7484-4dfc-820d-faa08503447d, command=[]} | ret=SUCCESS |  
2019-08-21 05:58:07,881 | INFO  | SCMAudit | user=jenkins1000 | ip=192.168.69.91 | op=SEND_HEARTBEAT {datanodeUUID=4794a7d0-d8e2-4005-aaca-0a56e39fce16, command=[]} | ret=SUCCESS |  
2019-08-21 05:58:08,229 | INFO  | SCMAudit | user=jenkins1000 | ip=192.168.69.91 | op=SEND_HEARTBEAT {datanodeUUID=3c17af02-f769-4730-87e1-6a78a05442cb, command=[]} | ret=SUCCESS |  
2019-08-21 05:58:08,255 | INFO  | SCMAudit | user=jenkins1000 | ip=192.168.69.91 | op=SEND_HEARTBEAT {datanodeUUID=625627db-20f6-4593-9222-21b617438b7f, command=[]} | ret=SUCCESS |  
2019-08-21 05:58:08,264 | INFO  | SCMAudit | user=jenkins1000 | ip=192.168.69.91 | op=SEND_HEARTBEAT {datanodeUUID=f101476e-c990-429e-921c-5f445731959e, command=[]} | ret=SUCCESS |  
2019-08-21 05:58:08,332 | INFO  | SCMAudit | user=jenkins1000 | ip=192.168.69.91 | op=SEND_HEARTBEAT {datanodeUUID=49ab72ed-ff76-4952-870c-a3cea42cdb24, command=[]} | ret=SUCCESS |  
2019-08-21 05:58:08,518 | INFO  | SCMAudit | user=jenkins1000 | ip=192.168.69.91 | op=SEND_HEARTBEAT {datanodeUUID=3fd580a5-fd1e-4f13-9f88-976f7db82376, command=[]} | ret=SUCCESS |  
2019-08-21 05:58:08,723 | INFO  | SCMAudit | user=jenkins1000 | ip=192.168.69.91 | op=SEND_HEARTBEAT {datanodeUUID=046a392e-7484-4dfc-820d-faa08503447d, command=[]} | ret=SUCCESS |  
2019-08-21 05:58:08,881 | INFO  | SCMAudit | user=jenkins1000 | ip=192.168.69.91 | op=SEND_HEARTBEAT {datanodeUUID=4794a7d0-d8e2-4005-aaca-0a56e39fce16, command=[]} | ret=SUCCESS |  
2019-08-21 05:58:09,229 | INFO  | SCMAudit | user=jenkins1000 | ip=192.168.69.91 | op=SEND_HEARTBEAT {datanodeUUID=3c17af02-f769-4730-87e1-6a78a05442cb, command=[]} | ret=SUCCESS |  
2019-08-21 05:58:09,255 | INFO  | SCMAudit | user=jenkins1000 | ip=192.168.69.91 | op=SEND_HEARTBEAT {datanodeUUID=625627db-20f6-4593-9222-21b617438b7f, command=[]} | ret=SUCCESS |  
2019-08-21 05:58:09,264 | INFO  | SCMAudit | user=jenkins1000 | ip=192.168.69.91 | op=SEND_HEARTBEAT {datanodeUUID=f101476e-c990-429e-921c-5f445731959e, command=[]} | ret=SUCCESS |  
2019-08-21 05:58:09,332 | INFO  | SCMAudit | user=jenkins1000 | ip=192.168.69.91 | op=SEND_HEARTBEAT {datanodeUUID=49ab72ed-ff76-4952-870c-a3cea42cdb24, command=[]} | ret=SUCCESS |  
2019-08-21 05:58:09,519 | INFO  | SCMAudit | user=jenkins1000 | ip=192.168.69.91 | op=SEND_HEARTBEAT {datanodeUUID=3fd580a5-fd1e-4f13-9f88-976f7db82376, command=[]} | ret=SUCCESS |  
2019-08-21 05:58:09,723 | INFO  | SCMAudit | user=jenkins1000 | ip=192.168.69.91 | op=SEND_HEARTBEAT {datanodeUUID=046a392e-7484-4dfc-820d-faa08503447d, command=[]} | ret=SUCCESS |  
2019-08-21 05:58:09,782 [grpc-default-executor-4] INFO  client.GrpcClientProtocolClient (GrpcClientProtocolClient.java:onNext(255)) - client-5E3AA808964E->f101476e-c990-429e-921c-5f445731959e: receive RaftClientReply:client-5E3AA808964E->f101476e-c990-429e-921c-5f445731959e@group-ED3E36EC8233, cid=45, FAILED org.apache.ratis.protocol.NotLeaderException: Server f101476e-c990-429e-921c-5f445731959e is not the leader (3c17af02-f769-4730-87e1-6a78a05442cb:192.168.69.91:45466). Request must be sent to leader., logIndex=0, commits[f101476e-c990-429e-921c-5f445731959e:c8, 3c17af02-f769-4730-87e1-6a78a05442cb:c8, 625627db-20f6-4593-9222-21b617438b7f:c8]
2019-08-21 05:58:09,881 | INFO  | SCMAudit | user=jenkins1000 | ip=192.168.69.91 | op=SEND_HEARTBEAT {datanodeUUID=4794a7d0-d8e2-4005-aaca-0a56e39fce16, command=[]} | ret=SUCCESS |  
2019-08-21 05:58:10,230 | INFO  | SCMAudit | user=jenkins1000 | ip=192.168.69.91 | op=SEND_HEARTBEAT {datanodeUUID=3c17af02-f769-4730-87e1-6a78a05442cb, command=[]} | ret=SUCCESS |  
2019-08-21 05:58:10,255 | INFO  | SCMAudit | user=jenkins1000 | ip=192.168.69.91 | op=SEND_HEARTBEAT {datanodeUUID=625627db-20f6-4593-9222-21b617438b7f, command=[]} | ret=SUCCESS |  
2019-08-21 05:58:10,265 | INFO  | SCMAudit | user=jenkins1000 | ip=192.168.69.91 | op=SEND_HEARTBEAT {datanodeUUID=f101476e-c990-429e-921c-5f445731959e, command=[]} | ret=SUCCESS |  
2019-08-21 05:58:10,332 | INFO  | SCMAudit | user=jenkins1000 | ip=192.168.69.91 | op=SEND_HEARTBEAT {datanodeUUID=49ab72ed-ff76-4952-870c-a3cea42cdb24, command=[]} | ret=SUCCESS |  
2019-08-21 05:58:10,519 | INFO  | SCMAudit | user=jenkins1000 | ip=192.168.69.91 | op=SEND_HEARTBEAT {datanodeUUID=3fd580a5-fd1e-4f13-9f88-976f7db82376, command=[]} | ret=SUCCESS |  
2019-08-21 05:58:10,723 | INFO  | SCMAudit | user=jenkins1000 | ip=192.168.69.91 | op=SEND_HEARTBEAT {datanodeUUID=046a392e-7484-4dfc-820d-faa08503447d, command=[]} | ret=SUCCESS |  
2019-08-21 05:58:10,882 | INFO  | SCMAudit | user=jenkins1000 | ip=192.168.69.91 | op=SEND_HEARTBEAT {datanodeUUID=4794a7d0-d8e2-4005-aaca-0a56e39fce16, command=[]} | ret=SUCCESS |  
2019-08-21 05:58:11,230 | INFO  | SCMAudit | user=jenkins1000 | ip=192.168.69.91 | op=SEND_HEARTBEAT {datanodeUUID=3c17af02-f769-4730-87e1-6a78a05442cb, command=[]} | ret=SUCCESS |  
2019-08-21 05:58:11,255 | INFO  | SCMAudit | user=jenkins1000 | ip=192.168.69.91 | op=SEND_HEARTBEAT {datanodeUUID=625627db-20f6-4593-9222-21b617438b7f, command=[]} | ret=SUCCESS |  
2019-08-21 05:58:11,265 | INFO  | SCMAudit | user=jenkins1000 | ip=192.168.69.91 | op=SEND_HEARTBEAT {datanodeUUID=f101476e-c990-429e-921c-5f445731959e, command=[]} | ret=SUCCESS |  
2019-08-21 05:58:11,333 | INFO  | SCMAudit | user=jenkins1000 | ip=192.168.69.91 | op=SEND_HEARTBEAT {datanodeUUID=49ab72ed-ff76-4952-870c-a3cea42cdb24, command=[]} | ret=SUCCESS |  
2019-08-21 05:58:11,520 | INFO  | SCMAudit | user=jenkins1000 | ip=192.168.69.91 | op=SEND_HEARTBEAT {datanodeUUID=3fd580a5-fd1e-4f13-9f88-976f7db82376, command=[]} | ret=SUCCESS |  
2019-08-21 05:58:11,724 | INFO  | SCMAudit | user=jenkins1000 | ip=192.168.69.91 | op=SEND_HEARTBEAT {datanodeUUID=046a392e-7484-4dfc-820d-faa08503447d, command=[]} | ret=SUCCESS |  
2019-08-21 05:58:11,882 | INFO  | SCMAudit | user=jenkins1000 | ip=192.168.69.91 | op=SEND_HEARTBEAT {datanodeUUID=4794a7d0-d8e2-4005-aaca-0a56e39fce16, command=[]} | ret=SUCCESS |  
2019-08-21 05:58:12,230 | INFO  | SCMAudit | user=jenkins1000 | ip=192.168.69.91 | op=SEND_HEARTBEAT {datanodeUUID=3c17af02-f769-4730-87e1-6a78a05442cb, command=[]} | ret=SUCCESS |  
2019-08-21 05:58:12,255 | INFO  | SCMAudit | user=jenkins1000 | ip=192.168.69.91 | op=SEND_HEARTBEAT {datanodeUUID=625627db-20f6-4593-9222-21b617438b7f, command=[]} | ret=SUCCESS |  
2019-08-21 05:58:12,265 | INFO  | SCMAudit | user=jenkins1000 | ip=192.168.69.91 | op=SEND_HEARTBEAT {datanodeUUID=f101476e-c990-429e-921c-5f445731959e, command=[]} | ret=SUCCESS |  
2019-08-21 05:58:12,333 | INFO  | SCMAudit | user=jenkins1000 | ip=192.168.69.91 | op=SEND_HEARTBEAT {datanodeUUID=49ab72ed-ff76-4952-870c-a3cea42cdb24, command=[]} | ret=SUCCESS |  
2019-08-21 05:58:12,520 | INFO  | SCMAudit | user=jenkins1000 | ip=192.168.69.91 | op=SEND_HEARTBEAT {datanodeUUID=3fd580a5-fd1e-4f13-9f88-976f7db82376, command=[]} | ret=SUCCESS |  
2019-08-21 05:58:12,724 | INFO  | SCMAudit | user=jenkins1000 | ip=192.168.69.91 | op=SEND_HEARTBEAT {datanodeUUID=046a392e-7484-4dfc-820d-faa08503447d, command=[]} | ret=SUCCESS |  
2019-08-21 05:58:12,882 | INFO  | SCMAudit | user=jenkins1000 | ip=192.168.69.91 | op=SEND_HEARTBEAT {datanodeUUID=4794a7d0-d8e2-4005-aaca-0a56e39fce16, command=[]} | ret=SUCCESS |  
2019-08-21 05:58:13,230 | INFO  | SCMAudit | user=jenkins1000 | ip=192.168.69.91 | op=SEND_HEARTBEAT {datanodeUUID=3c17af02-f769-4730-87e1-6a78a05442cb, command=[]} | ret=SUCCESS |  
2019-08-21 05:58:13,257 | INFO  | SCMAudit | user=jenkins1000 | ip=192.168.69.91 | op=SEND_HEARTBEAT {datanodeUUID=625627db-20f6-4593-9222-21b617438b7f, command=[]} | ret=SUCCESS |  
2019-08-21 05:58:13,266 | INFO  | SCMAudit | user=jenkins1000 | ip=192.168.69.91 | op=SEND_HEARTBEAT {datanodeUUID=f101476e-c990-429e-921c-5f445731959e, command=[]} | ret=SUCCESS |  
2019-08-21 05:58:13,333 | INFO  | SCMAudit | user=jenkins1000 | ip=192.168.69.91 | op=SEND_HEARTBEAT {datanodeUUID=49ab72ed-ff76-4952-870c-a3cea42cdb24, command=[]} | ret=SUCCESS |  
2019-08-21 05:58:13,519 | INFO  | SCMAudit | user=jenkins1000 | ip=192.168.69.91 | op=SEND_HEARTBEAT {datanodeUUID=3fd580a5-fd1e-4f13-9f88-976f7db82376, command=[]} | ret=SUCCESS |  
2019-08-21 05:58:13,725 | INFO  | SCMAudit | user=jenkins1000 | ip=192.168.69.91 | op=SEND_HEARTBEAT {datanodeUUID=046a392e-7484-4dfc-820d-faa08503447d, command=[]} | ret=SUCCESS |  
2019-08-21 05:58:13,882 | INFO  | SCMAudit | user=jenkins1000 | ip=192.168.69.91 | op=SEND_HEARTBEAT {datanodeUUID=4794a7d0-d8e2-4005-aaca-0a56e39fce16, command=[]} | ret=SUCCESS |  
2019-08-21 05:58:14,231 | INFO  | SCMAudit | user=jenkins1000 | ip=192.168.69.91 | op=SEND_HEARTBEAT {datanodeUUID=3c17af02-f769-4730-87e1-6a78a05442cb, command=[]} | ret=SUCCESS |  
2019-08-21 05:58:14,257 | INFO  | SCMAudit | user=jenkins1000 | ip=192.168.69.91 | op=SEND_HEARTBEAT {datanodeUUID=625627db-20f6-4593-9222-21b617438b7f, command=[]} | ret=SUCCESS |  
2019-08-21 05:58:14,265 | INFO  | SCMAudit | user=jenkins1000 | ip=192.168.69.91 | op=SEND_HEARTBEAT {datanodeUUID=f101476e-c990-429e-921c-5f445731959e, command=[]} | ret=SUCCESS |  
2019-08-21 05:58:14,334 | INFO  | SCMAudit | user=jenkins1000 | ip=192.168.69.91 | op=SEND_HEARTBEAT {datanodeUUID=49ab72ed-ff76-4952-870c-a3cea42cdb24, command=[]} | ret=SUCCESS |  
2019-08-21 05:58:14,519 | INFO  | SCMAudit | user=jenkins1000 | ip=192.168.69.91 | op=SEND_HEARTBEAT {datanodeUUID=3fd580a5-fd1e-4f13-9f88-976f7db82376, command=[]} | ret=SUCCESS |  
2019-08-21 05:58:14,724 | INFO  | SCMAudit | user=jenkins1000 | ip=192.168.69.91 | op=SEND_HEARTBEAT {datanodeUUID=046a392e-7484-4dfc-820d-faa08503447d, command=[]} | ret=SUCCESS |  
2019-08-21 05:58:14,822 [grpc-default-executor-4] INFO  client.GrpcClientProtocolClient (GrpcClientProtocolClient.java:onNext(255)) - client-5E3AA808964E->f101476e-c990-429e-921c-5f445731959e: receive RaftClientReply:client-5E3AA808964E->f101476e-c990-429e-921c-5f445731959e@group-ED3E36EC8233, cid=45, FAILED org.apache.ratis.protocol.NotLeaderException: Server f101476e-c990-429e-921c-5f445731959e is not the leader (3c17af02-f769-4730-87e1-6a78a05442cb:192.168.69.91:45466). Request must be sent to leader., logIndex=0, commits[f101476e-c990-429e-921c-5f445731959e:c8, 3c17af02-f769-4730-87e1-6a78a05442cb:c8, 625627db-20f6-4593-9222-21b617438b7f:c8]
2019-08-21 05:58:14,882 | INFO  | SCMAudit | user=jenkins1000 | ip=192.168.69.91 | op=SEND_HEARTBEAT {datanodeUUID=4794a7d0-d8e2-4005-aaca-0a56e39fce16, command=[]} | ret=SUCCESS |  
2019-08-21 05:58:15,230 | INFO  | SCMAudit | user=jenkins1000 | ip=192.168.69.91 | op=SEND_HEARTBEAT {datanodeUUID=3c17af02-f769-4730-87e1-6a78a05442cb, command=[]} | ret=SUCCESS |  
2019-08-21 05:58:15,257 | INFO  | SCMAudit | user=jenkins1000 | ip=192.168.69.91 | op=SEND_HEARTBEAT {datanodeUUID=625627db-20f6-4593-9222-21b617438b7f, command=[]} | ret=SUCCESS |  
2019-08-21 05:58:15,265 | INFO  | SCMAudit | user=jenkins1000 | ip=192.168.69.91 | op=SEND_HEARTBEAT {datanodeUUID=f101476e-c990-429e-921c-5f445731959e, command=[]} | ret=SUCCESS |  
2019-08-21 05:58:15,334 | INFO  | SCMAudit | user=jenkins1000 | ip=192.168.69.91 | op=SEND_HEARTBEAT {datanodeUUID=49ab72ed-ff76-4952-870c-a3cea42cdb24, command=[]} | ret=SUCCESS |  
2019-08-21 05:58:15,520 | INFO  | SCMAudit | user=jenkins1000 | ip=192.168.69.91 | op=SEND_HEARTBEAT {datanodeUUID=3fd580a5-fd1e-4f13-9f88-976f7db82376, command=[]} | ret=SUCCESS |  
2019-08-21 05:58:15,725 | INFO  | SCMAudit | user=jenkins1000 | ip=192.168.69.91 | op=SEND_HEARTBEAT {datanodeUUID=046a392e-7484-4dfc-820d-faa08503447d, command=[]} | ret=SUCCESS |  
2019-08-21 05:58:15,883 | INFO  | SCMAudit | user=jenkins1000 | ip=192.168.69.91 | op=SEND_HEARTBEAT {datanodeUUID=4794a7d0-d8e2-4005-aaca-0a56e39fce16, command=[]} | ret=SUCCESS |  
2019-08-21 05:58:16,231 | INFO  | SCMAudit | user=jenkins1000 | ip=192.168.69.91 | op=SEND_HEARTBEAT {datanodeUUID=3c17af02-f769-4730-87e1-6a78a05442cb, command=[]} | ret=SUCCESS |  
2019-08-21 05:58:16,258 | INFO  | SCMAudit | user=jenkins1000 | ip=192.168.69.91 | op=SEND_HEARTBEAT {datanodeUUID=625627db-20f6-4593-9222-21b617438b7f, command=[]} | ret=SUCCESS |  
2019-08-21 05:58:16,265 | INFO  | SCMAudit | user=jenkins1000 | ip=192.168.69.91 | op=SEND_HEARTBEAT {datanodeUUID=f101476e-c990-429e-921c-5f445731959e, command=[]} | ret=SUCCESS |  
2019-08-21 05:58:16,334 | INFO  | SCMAudit | user=jenkins1000 | ip=192.168.69.91 | op=SEND_HEARTBEAT {datanodeUUID=49ab72ed-ff76-4952-870c-a3cea42cdb24, command=[]} | ret=SUCCESS |  
2019-08-21 05:58:16,519 | INFO  | SCMAudit | user=jenkins1000 | ip=192.168.69.91 | op=SEND_HEARTBEAT {datanodeUUID=3fd580a5-fd1e-4f13-9f88-976f7db82376, command=[]} | ret=SUCCESS |  
2019-08-21 05:58:16,724 | INFO  | SCMAudit | user=jenkins1000 | ip=192.168.69.91 | op=SEND_HEARTBEAT {datanodeUUID=046a392e-7484-4dfc-820d-faa08503447d, command=[]} | ret=SUCCESS |  
2019-08-21 05:58:16,882 | INFO  | SCMAudit | user=jenkins1000 | ip=192.168.69.91 | op=SEND_HEARTBEAT {datanodeUUID=4794a7d0-d8e2-4005-aaca-0a56e39fce16, command=[]} | ret=SUCCESS |  
2019-08-21 05:58:17,230 | INFO  | SCMAudit | user=jenkins1000 | ip=192.168.69.91 | op=SEND_HEARTBEAT {datanodeUUID=3c17af02-f769-4730-87e1-6a78a05442cb, command=[]} | ret=SUCCESS |  
2019-08-21 05:58:17,258 | INFO  | SCMAudit | user=jenkins1000 | ip=192.168.69.91 | op=SEND_HEARTBEAT {datanodeUUID=625627db-20f6-4593-9222-21b617438b7f, command=[]} | ret=SUCCESS |  
2019-08-21 05:58:17,265 | INFO  | SCMAudit | user=jenkins1000 | ip=192.168.69.91 | op=SEND_HEARTBEAT {datanodeUUID=f101476e-c990-429e-921c-5f445731959e, command=[]} | ret=SUCCESS |  
2019-08-21 05:58:17,334 | INFO  | SCMAudit | user=jenkins1000 | ip=192.168.69.91 | op=SEND_HEARTBEAT {datanodeUUID=49ab72ed-ff76-4952-870c-a3cea42cdb24, command=[]} | ret=SUCCESS |  
2019-08-21 05:58:17,520 | INFO  | SCMAudit | user=jenkins1000 | ip=192.168.69.91 | op=SEND_HEARTBEAT {datanodeUUID=3fd580a5-fd1e-4f13-9f88-976f7db82376, command=[]} | ret=SUCCESS |  
2019-08-21 05:58:17,724 | INFO  | SCMAudit | user=jenkins1000 | ip=192.168.69.91 | op=SEND_HEARTBEAT {datanodeUUID=046a392e-7484-4dfc-820d-faa08503447d, command=[]} | ret=SUCCESS |  
2019-08-21 05:58:17,882 | INFO  | SCMAudit | user=jenkins1000 | ip=192.168.69.91 | op=SEND_HEARTBEAT {datanodeUUID=4794a7d0-d8e2-4005-aaca-0a56e39fce16, command=[]} | ret=SUCCESS |  
2019-08-21 05:58:18,230 | INFO  | SCMAudit | user=jenkins1000 | ip=192.168.69.91 | op=SEND_HEARTBEAT {datanodeUUID=3c17af02-f769-4730-87e1-6a78a05442cb, command=[]} | ret=SUCCESS |  
2019-08-21 05:58:18,258 | INFO  | SCMAudit | user=jenkins1000 | ip=192.168.69.91 | op=SEND_HEARTBEAT {datanodeUUID=625627db-20f6-4593-9222-21b617438b7f, command=[]} | ret=SUCCESS |  
2019-08-21 05:58:18,265 | INFO  | SCMAudit | user=jenkins1000 | ip=192.168.69.91 | op=SEND_HEARTBEAT {datanodeUUID=f101476e-c990-429e-921c-5f445731959e, command=[]} | ret=SUCCESS |  
2019-08-21 05:58:18,334 | INFO  | SCMAudit | user=jenkins1000 | ip=192.168.69.91 | op=SEND_HEARTBEAT {datanodeUUID=49ab72ed-ff76-4952-870c-a3cea42cdb24, command=[]} | ret=SUCCESS |  
2019-08-21 05:58:18,519 | INFO  | SCMAudit | user=jenkins1000 | ip=192.168.69.91 | op=SEND_HEARTBEAT {datanodeUUID=3fd580a5-fd1e-4f13-9f88-976f7db82376, command=[]} | ret=SUCCESS |  
2019-08-21 05:58:18,725 | INFO  | SCMAudit | user=jenkins1000 | ip=192.168.69.91 | op=SEND_HEARTBEAT {datanodeUUID=046a392e-7484-4dfc-820d-faa08503447d, command=[]} | ret=SUCCESS |  
2019-08-21 05:58:18,882 | INFO  | SCMAudit | user=jenkins1000 | ip=192.168.69.91 | op=SEND_HEARTBEAT {datanodeUUID=4794a7d0-d8e2-4005-aaca-0a56e39fce16, command=[]} | ret=SUCCESS |  
2019-08-21 05:58:19,231 | INFO  | SCMAudit | user=jenkins1000 | ip=192.168.69.91 | op=SEND_HEARTBEAT {datanodeUUID=3c17af02-f769-4730-87e1-6a78a05442cb, command=[]} | ret=SUCCESS |  
2019-08-21 05:58:19,258 | INFO  | SCMAudit | user=jenkins1000 | ip=192.168.69.91 | op=SEND_HEARTBEAT {datanodeUUID=625627db-20f6-4593-9222-21b617438b7f, command=[]} | ret=SUCCESS |  
2019-08-21 05:58:19,265 | INFO  | SCMAudit | user=jenkins1000 | ip=192.168.69.91 | op=SEND_HEARTBEAT {datanodeUUID=f101476e-c990-429e-921c-5f445731959e, command=[]} | ret=SUCCESS |  
2019-08-21 05:58:19,335 | INFO  | SCMAudit | user=jenkins1000 | ip=192.168.69.91 | op=SEND_HEARTBEAT {datanodeUUID=49ab72ed-ff76-4952-870c-a3cea42cdb24, command=[]} | ret=SUCCESS |  
2019-08-21 05:58:19,519 | INFO  | SCMAudit | user=jenkins1000 | ip=192.168.69.91 | op=SEND_HEARTBEAT {datanodeUUID=3fd580a5-fd1e-4f13-9f88-976f7db82376, command=[]} | ret=SUCCESS |  
2019-08-21 05:58:19,725 | INFO  | SCMAudit | user=jenkins1000 | ip=192.168.69.91 | op=SEND_HEARTBEAT {datanodeUUID=046a392e-7484-4dfc-820d-faa08503447d, command=[]} | ret=SUCCESS |  
2019-08-21 05:58:19,865 [grpc-default-executor-4] INFO  client.GrpcClientProtocolClient (GrpcClientProtocolClient.java:onNext(255)) - client-5E3AA808964E->f101476e-c990-429e-921c-5f445731959e: receive RaftClientReply:client-5E3AA808964E->f101476e-c990-429e-921c-5f445731959e@group-ED3E36EC8233, cid=45, FAILED org.apache.ratis.protocol.NotLeaderException: Server f101476e-c990-429e-921c-5f445731959e is not the leader (3c17af02-f769-4730-87e1-6a78a05442cb:192.168.69.91:45466). Request must be sent to leader., logIndex=0, commits[f101476e-c990-429e-921c-5f445731959e:c8, 3c17af02-f769-4730-87e1-6a78a05442cb:c8, 625627db-20f6-4593-9222-21b617438b7f:c8]
2019-08-21 05:58:19,882 | INFO  | SCMAudit | user=jenkins1000 | ip=192.168.69.91 | op=SEND_HEARTBEAT {datanodeUUID=4794a7d0-d8e2-4005-aaca-0a56e39fce16, command=[]} | ret=SUCCESS |  
2019-08-21 05:58:20,230 | INFO  | SCMAudit | user=jenkins1000 | ip=192.168.69.91 | op=SEND_HEARTBEAT {datanodeUUID=3c17af02-f769-4730-87e1-6a78a05442cb, command=[]} | ret=SUCCESS |  
2019-08-21 05:58:20,258 | INFO  | SCMAudit | user=jenkins1000 | ip=192.168.69.91 | op=SEND_HEARTBEAT {datanodeUUID=625627db-20f6-4593-9222-21b617438b7f, command=[]} | ret=SUCCESS |  
2019-08-21 05:58:20,265 | INFO  | SCMAudit | user=jenkins1000 | ip=192.168.69.91 | op=SEND_HEARTBEAT {datanodeUUID=f101476e-c990-429e-921c-5f445731959e, command=[]} | ret=SUCCESS |  
2019-08-21 05:58:20,335 | INFO  | SCMAudit | user=jenkins1000 | ip=192.168.69.91 | op=SEND_HEARTBEAT {datanodeUUID=49ab72ed-ff76-4952-870c-a3cea42cdb24, command=[]} | ret=SUCCESS |  
2019-08-21 05:58:20,519 | INFO  | SCMAudit | user=jenkins1000 | ip=192.168.69.91 | op=SEND_HEARTBEAT {datanodeUUID=3fd580a5-fd1e-4f13-9f88-976f7db82376, command=[]} | ret=SUCCESS |  
2019-08-21 05:58:20,725 | INFO  | SCMAudit | user=jenkins1000 | ip=192.168.69.91 | op=SEND_HEARTBEAT {datanodeUUID=046a392e-7484-4dfc-820d-faa08503447d, command=[]} | ret=SUCCESS |  
2019-08-21 05:58:20,882 | INFO  | SCMAudit | user=jenkins1000 | ip=192.168.69.91 | op=SEND_HEARTBEAT {datanodeUUID=4794a7d0-d8e2-4005-aaca-0a56e39fce16, command=[]} | ret=SUCCESS |  
2019-08-21 05:58:21,230 | INFO  | SCMAudit | user=jenkins1000 | ip=192.168.69.91 | op=SEND_HEARTBEAT {datanodeUUID=3c17af02-f769-4730-87e1-6a78a05442cb, command=[]} | ret=SUCCESS |  
2019-08-21 05:58:21,259 | INFO  | SCMAudit | user=jenkins1000 | ip=192.168.69.91 | op=SEND_HEARTBEAT {datanodeUUID=625627db-20f6-4593-9222-21b617438b7f, command=[]} | ret=SUCCESS |  
2019-08-21 05:58:21,265 | INFO  | SCMAudit | user=jenkins1000 | ip=192.168.69.91 | op=SEND_HEARTBEAT {datanodeUUID=f101476e-c990-429e-921c-5f445731959e, command=[]} | ret=SUCCESS |  
2019-08-21 05:58:21,335 | INFO  | SCMAudit | user=jenkins1000 | ip=192.168.69.91 | op=SEND_HEARTBEAT {datanodeUUID=49ab72ed-ff76-4952-870c-a3cea42cdb24, command=[]} | ret=SUCCESS |  
2019-08-21 05:58:21,519 | INFO  | SCMAudit | user=jenkins1000 | ip=192.168.69.91 | op=SEND_HEARTBEAT {datanodeUUID=3fd580a5-fd1e-4f13-9f88-976f7db82376, command=[]} | ret=SUCCESS |  
2019-08-21 05:58:21,726 | INFO  | SCMAudit | user=jenkins1000 | ip=192.168.69.91 | op=SEND_HEARTBEAT {datanodeUUID=046a392e-7484-4dfc-820d-faa08503447d, command=[]} | ret=SUCCESS |  
2019-08-21 05:58:21,882 | INFO  | SCMAudit | user=jenkins1000 | ip=192.168.69.91 | op=SEND_HEARTBEAT {datanodeUUID=4794a7d0-d8e2-4005-aaca-0a56e39fce16, command=[]} | ret=SUCCESS |  
2019-08-21 05:58:22,230 | INFO  | SCMAudit | user=jenkins1000 | ip=192.168.69.91 | op=SEND_HEARTBEAT {datanodeUUID=3c17af02-f769-4730-87e1-6a78a05442cb, command=[]} | ret=SUCCESS |  
2019-08-21 05:58:22,259 | INFO  | SCMAudit | user=jenkins1000 | ip=192.168.69.91 | op=SEND_HEARTBEAT {datanodeUUID=625627db-20f6-4593-9222-21b617438b7f, command=[]} | ret=SUCCESS |  
2019-08-21 05:58:22,269 | INFO  | SCMAudit | user=jenkins1000 | ip=192.168.69.91 | op=SEND_HEARTBEAT {datanodeUUID=f101476e-c990-429e-921c-5f445731959e, command=[]} | ret=SUCCESS |  
2019-08-21 05:58:22,335 | INFO  | SCMAudit | user=jenkins1000 | ip=192.168.69.91 | op=SEND_HEARTBEAT {datanodeUUID=49ab72ed-ff76-4952-870c-a3cea42cdb24, command=[]} | ret=SUCCESS |  
2019-08-21 05:58:22,520 | INFO  | SCMAudit | user=jenkins1000 | ip=192.168.69.91 | op=SEND_HEARTBEAT {datanodeUUID=3fd580a5-fd1e-4f13-9f88-976f7db82376, command=[]} | ret=SUCCESS |  
2019-08-21 05:58:22,725 | INFO  | SCMAudit | user=jenkins1000 | ip=192.168.69.91 | op=SEND_HEARTBEAT {datanodeUUID=046a392e-7484-4dfc-820d-faa08503447d, command=[]} | ret=SUCCESS |  
2019-08-21 05:58:22,889 | INFO  | SCMAudit | user=jenkins1000 | ip=192.168.69.91 | op=SEND_HEARTBEAT {datanodeUUID=4794a7d0-d8e2-4005-aaca-0a56e39fce16, command=[]} | ret=SUCCESS |  
2019-08-21 05:58:23,232 | INFO  | SCMAudit | user=jenkins1000 | ip=192.168.69.91 | op=SEND_HEARTBEAT {datanodeUUID=3c17af02-f769-4730-87e1-6a78a05442cb, command=[]} | ret=SUCCESS |  
2019-08-21 05:58:23,260 | INFO  | SCMAudit | user=jenkins1000 | ip=192.168.69.91 | op=SEND_HEARTBEAT {datanodeUUID=625627db-20f6-4593-9222-21b617438b7f, command=[]} | ret=SUCCESS |  
2019-08-21 05:58:23,269 | INFO  | SCMAudit | user=jenkins1000 | ip=192.168.69.91 | op=SEND_HEARTBEAT {datanodeUUID=f101476e-c990-429e-921c-5f445731959e, command=[]} | ret=SUCCESS |  
2019-08-21 05:58:23,336 | INFO  | SCMAudit | user=jenkins1000 | ip=192.168.69.91 | op=SEND_HEARTBEAT {datanodeUUID=49ab72ed-ff76-4952-870c-a3cea42cdb24, command=[]} | ret=SUCCESS |  
2019-08-21 05:58:23,520 | INFO  | SCMAudit | user=jenkins1000 | ip=192.168.69.91 | op=SEND_HEARTBEAT {datanodeUUID=3fd580a5-fd1e-4f13-9f88-976f7db82376, command=[]} | ret=SUCCESS |  
2019-08-21 05:58:23,725 | INFO  | SCMAudit | user=jenkins1000 | ip=192.168.69.91 | op=SEND_HEARTBEAT {datanodeUUID=046a392e-7484-4dfc-820d-faa08503447d, command=[]} | ret=SUCCESS |  
2019-08-21 05:58:23,891 | INFO  | SCMAudit | user=jenkins1000 | ip=192.168.69.91 | op=SEND_HEARTBEAT {datanodeUUID=4794a7d0-d8e2-4005-aaca-0a56e39fce16, command=[]} | ret=SUCCESS |  
2019-08-21 05:58:24,231 | INFO  | SCMAudit | user=jenkins1000 | ip=192.168.69.91 | op=SEND_HEARTBEAT {datanodeUUID=3c17af02-f769-4730-87e1-6a78a05442cb, command=[]} | ret=SUCCESS |  
2019-08-21 05:58:24,259 | INFO  | SCMAudit | user=jenkins1000 | ip=192.168.69.91 | op=SEND_HEARTBEAT {datanodeUUID=625627db-20f6-4593-9222-21b617438b7f, command=[]} | ret=SUCCESS |  
2019-08-21 05:58:24,270 | INFO  | SCMAudit | user=jenkins1000 | ip=192.168.69.91 | op=SEND_HEARTBEAT {datanodeUUID=f101476e-c990-429e-921c-5f445731959e, command=[]} | ret=SUCCESS |  
2019-08-21 05:58:24,336 | INFO  | SCMAudit | user=jenkins1000 | ip=192.168.69.91 | op=SEND_HEARTBEAT {datanodeUUID=49ab72ed-ff76-4952-870c-a3cea42cdb24, command=[]} | ret=SUCCESS |  
2019-08-21 05:58:24,520 | INFO  | SCMAudit | user=jenkins1000 | ip=192.168.69.91 | op=SEND_HEARTBEAT {datanodeUUID=3fd580a5-fd1e-4f13-9f88-976f7db82376, command=[]} | ret=SUCCESS |  
2019-08-21 05:58:24,726 | INFO  | SCMAudit | user=jenkins1000 | ip=192.168.69.91 | op=SEND_HEARTBEAT {datanodeUUID=046a392e-7484-4dfc-820d-faa08503447d, command=[]} | ret=SUCCESS |  
2019-08-21 05:58:24,891 | INFO  | SCMAudit | user=jenkins1000 | ip=192.168.69.91 | op=SEND_HEARTBEAT {datanodeUUID=4794a7d0-d8e2-4005-aaca-0a56e39fce16, command=[]} | ret=SUCCESS |  
2019-08-21 05:58:24,910 [grpc-default-executor-0] INFO  client.GrpcClientProtocolClient (GrpcClientProtocolClient.java:onNext(255)) - client-5E3AA808964E->f101476e-c990-429e-921c-5f445731959e: receive RaftClientReply:client-5E3AA808964E->f101476e-c990-429e-921c-5f445731959e@group-ED3E36EC8233, cid=45, FAILED org.apache.ratis.protocol.NotLeaderException: Server f101476e-c990-429e-921c-5f445731959e is not the leader (3c17af02-f769-4730-87e1-6a78a05442cb:192.168.69.91:45466). Request must be sent to leader., logIndex=0, commits[f101476e-c990-429e-921c-5f445731959e:c8, 3c17af02-f769-4730-87e1-6a78a05442cb:c8, 625627db-20f6-4593-9222-21b617438b7f:c8]
2019-08-21 05:58:25,230 | INFO  | SCMAudit | user=jenkins1000 | ip=192.168.69.91 | op=SEND_HEARTBEAT {datanodeUUID=3c17af02-f769-4730-87e1-6a78a05442cb, command=[]} | ret=SUCCESS |  
2019-08-21 05:58:25,259 | INFO  | SCMAudit | user=jenkins1000 | ip=192.168.69.91 | op=SEND_HEARTBEAT {datanodeUUID=625627db-20f6-4593-9222-21b617438b7f, command=[]} | ret=SUCCESS |  
2019-08-21 05:58:25,271 | INFO  | SCMAudit | user=jenkins1000 | ip=192.168.69.91 | op=SEND_HEARTBEAT {datanodeUUID=f101476e-c990-429e-921c-5f445731959e, command=[]} | ret=SUCCESS |  
2019-08-21 05:58:25,337 | INFO  | SCMAudit | user=jenkins1000 | ip=192.168.69.91 | op=SEND_HEARTBEAT {datanodeUUID=49ab72ed-ff76-4952-870c-a3cea42cdb24, command=[]} | ret=SUCCESS |  
2019-08-21 05:58:25,521 | INFO  | SCMAudit | user=jenkins1000 | ip=192.168.69.91 | op=SEND_HEARTBEAT {datanodeUUID=3fd580a5-fd1e-4f13-9f88-976f7db82376, command=[]} | ret=SUCCESS |  
2019-08-21 05:58:25,726 | INFO  | SCMAudit | user=jenkins1000 | ip=192.168.69.91 | op=SEND_HEARTBEAT {datanodeUUID=046a392e-7484-4dfc-820d-faa08503447d, command=[]} | ret=SUCCESS |  
2019-08-21 05:58:25,892 | INFO  | SCMAudit | user=jenkins1000 | ip=192.168.69.91 | op=SEND_HEARTBEAT {datanodeUUID=4794a7d0-d8e2-4005-aaca-0a56e39fce16, command=[]} | ret=SUCCESS |  
2019-08-21 05:58:26,230 | INFO  | SCMAudit | user=jenkins1000 | ip=192.168.69.91 | op=SEND_HEARTBEAT {datanodeUUID=3c17af02-f769-4730-87e1-6a78a05442cb, command=[]} | ret=SUCCESS |  
2019-08-21 05:58:26,259 | INFO  | SCMAudit | user=jenkins1000 | ip=192.168.69.91 | op=SEND_HEARTBEAT {datanodeUUID=625627db-20f6-4593-9222-21b617438b7f, command=[]} | ret=SUCCESS |  
2019-08-21 05:58:26,271 | INFO  | SCMAudit | user=jenkins1000 | ip=192.168.69.91 | op=SEND_HEARTBEAT {datanodeUUID=f101476e-c990-429e-921c-5f445731959e, command=[]} | ret=SUCCESS |  
2019-08-21 05:58:26,336 | INFO  | SCMAudit | user=jenkins1000 | ip=192.168.69.91 | op=SEND_HEARTBEAT {datanodeUUID=49ab72ed-ff76-4952-870c-a3cea42cdb24, command=[]} | ret=SUCCESS |  
2019-08-21 05:58:26,520 | INFO  | SCMAudit | user=jenkins1000 | ip=192.168.69.91 | op=SEND_HEARTBEAT {datanodeUUID=3fd580a5-fd1e-4f13-9f88-976f7db82376, command=[]} | ret=SUCCESS |  
2019-08-21 05:58:26,726 | INFO  | SCMAudit | user=jenkins1000 | ip=192.168.69.91 | op=SEND_HEARTBEAT {datanodeUUID=046a392e-7484-4dfc-820d-faa08503447d, command=[]} | ret=SUCCESS |  
2019-08-21 05:58:26,891 | INFO  | SCMAudit | user=jenkins1000 | ip=192.168.69.91 | op=SEND_HEARTBEAT {datanodeUUID=4794a7d0-d8e2-4005-aaca-0a56e39fce16, command=[]} | ret=SUCCESS |  
2019-08-21 05:58:27,231 | INFO  | SCMAudit | user=jenkins1000 | ip=192.168.69.91 | op=SEND_HEARTBEAT {datanodeUUID=3c17af02-f769-4730-87e1-6a78a05442cb, command=[]} | ret=SUCCESS |  
2019-08-21 05:58:27,259 | INFO  | SCMAudit | user=jenkins1000 | ip=192.168.69.91 | op=SEND_HEARTBEAT {datanodeUUID=625627db-20f6-4593-9222-21b617438b7f, command=[]} | ret=SUCCESS |  
2019-08-21 05:58:27,271 | INFO  | SCMAudit | user=jenkins1000 | ip=192.168.69.91 | op=SEND_HEARTBEAT {datanodeUUID=f101476e-c990-429e-921c-5f445731959e, command=[]} | ret=SUCCESS |  
2019-08-21 05:58:27,336 | INFO  | SCMAudit | user=jenkins1000 | ip=192.168.69.91 | op=SEND_HEARTBEAT {datanodeUUID=49ab72ed-ff76-4952-870c-a3cea42cdb24, command=[]} | ret=SUCCESS |  
2019-08-21 05:58:27,521 | INFO  | SCMAudit | user=jenkins1000 | ip=192.168.69.91 | op=SEND_HEARTBEAT {datanodeUUID=3fd580a5-fd1e-4f13-9f88-976f7db82376, command=[]} | ret=SUCCESS |  
2019-08-21 05:58:27,726 | INFO  | SCMAudit | user=jenkins1000 | ip=192.168.69.91 | op=SEND_HEARTBEAT {datanodeUUID=046a392e-7484-4dfc-820d-faa08503447d, command=[]} | ret=SUCCESS |  
2019-08-21 05:58:27,892 | INFO  | SCMAudit | user=jenkins1000 | ip=192.168.69.91 | op=SEND_HEARTBEAT {datanodeUUID=4794a7d0-d8e2-4005-aaca-0a56e39fce16, command=[]} | ret=SUCCESS |  
2019-08-21 05:58:28,231 | INFO  | SCMAudit | user=jenkins1000 | ip=192.168.69.91 | op=SEND_HEARTBEAT {datanodeUUID=3c17af02-f769-4730-87e1-6a78a05442cb, command=[]} | ret=SUCCESS |  
2019-08-21 05:58:28,260 | INFO  | SCMAudit | user=jenkins1000 | ip=192.168.69.91 | op=SEND_HEARTBEAT {datanodeUUID=625627db-20f6-4593-9222-21b617438b7f, command=[]} | ret=SUCCESS |  
2019-08-21 05:58:28,272 | INFO  | SCMAudit | user=jenkins1000 | ip=192.168.69.91 | op=SEND_HEARTBEAT {datanodeUUID=f101476e-c990-429e-921c-5f445731959e, command=[]} | ret=SUCCESS |  
2019-08-21 05:58:28,336 | INFO  | SCMAudit | user=jenkins1000 | ip=192.168.69.91 | op=SEND_HEARTBEAT {datanodeUUID=49ab72ed-ff76-4952-870c-a3cea42cdb24, command=[]} | ret=SUCCESS |  
2019-08-21 05:58:28,520 | INFO  | SCMAudit | user=jenkins1000 | ip=192.168.69.91 | op=SEND_HEARTBEAT {datanodeUUID=3fd580a5-fd1e-4f13-9f88-976f7db82376, command=[]} | ret=SUCCESS |  
2019-08-21 05:58:28,726 | INFO  | SCMAudit | user=jenkins1000 | ip=192.168.69.91 | op=SEND_HEARTBEAT {datanodeUUID=046a392e-7484-4dfc-820d-faa08503447d, command=[]} | ret=SUCCESS |  
2019-08-21 05:58:28,891 | INFO  | SCMAudit | user=jenkins1000 | ip=192.168.69.91 | op=SEND_HEARTBEAT {datanodeUUID=4794a7d0-d8e2-4005-aaca-0a56e39fce16, command=[]} | ret=SUCCESS |  
2019-08-21 05:58:29,231 | INFO  | SCMAudit | user=jenkins1000 | ip=192.168.69.91 | op=SEND_HEARTBEAT {datanodeUUID=3c17af02-f769-4730-87e1-6a78a05442cb, command=[]} | ret=SUCCESS |  
2019-08-21 05:58:29,260 | INFO  | SCMAudit | user=jenkins1000 | ip=192.168.69.91 | op=SEND_HEARTBEAT {datanodeUUID=625627db-20f6-4593-9222-21b617438b7f, command=[]} | ret=SUCCESS |  
2019-08-21 05:58:29,272 | INFO  | SCMAudit | user=jenkins1000 | ip=192.168.69.91 | op=SEND_HEARTBEAT {datanodeUUID=f101476e-c990-429e-921c-5f445731959e, command=[]} | ret=SUCCESS |  
2019-08-21 05:58:29,337 | INFO  | SCMAudit | user=jenkins1000 | ip=192.168.69.91 | op=SEND_HEARTBEAT {datanodeUUID=49ab72ed-ff76-4952-870c-a3cea42cdb24, command=[]} | ret=SUCCESS |  
2019-08-21 05:58:29,521 | INFO  | SCMAudit | user=jenkins1000 | ip=192.168.69.91 | op=SEND_HEARTBEAT {datanodeUUID=3fd580a5-fd1e-4f13-9f88-976f7db82376, command=[]} | ret=SUCCESS |  
2019-08-21 05:58:29,727 | INFO  | SCMAudit | user=jenkins1000 | ip=192.168.69.91 | op=SEND_HEARTBEAT {datanodeUUID=046a392e-7484-4dfc-820d-faa08503447d, command=[]} | ret=SUCCESS |  
2019-08-21 05:58:29,891 | INFO  | SCMAudit | user=jenkins1000 | ip=192.168.69.91 | op=SEND_HEARTBEAT {datanodeUUID=4794a7d0-d8e2-4005-aaca-0a56e39fce16, command=[]} | ret=SUCCESS |  
2019-08-21 05:58:29,948 [grpc-default-executor-4] INFO  client.GrpcClientProtocolClient (GrpcClientProtocolClient.java:onNext(255)) - client-5E3AA808964E->625627db-20f6-4593-9222-21b617438b7f: receive RaftClientReply:client-5E3AA808964E->625627db-20f6-4593-9222-21b617438b7f@group-ED3E36EC8233, cid=45, FAILED org.apache.ratis.protocol.NotLeaderException: Server 625627db-20f6-4593-9222-21b617438b7f is not the leader (3c17af02-f769-4730-87e1-6a78a05442cb:192.168.69.91:45466). Request must be sent to leader., logIndex=0, commits[625627db-20f6-4593-9222-21b617438b7f:c8, f101476e-c990-429e-921c-5f445731959e:c8, 3c17af02-f769-4730-87e1-6a78a05442cb:c8]
2019-08-21 05:58:30,231 | INFO  | SCMAudit | user=jenkins1000 | ip=192.168.69.91 | op=SEND_HEARTBEAT {datanodeUUID=3c17af02-f769-4730-87e1-6a78a05442cb, command=[]} | ret=SUCCESS |  
2019-08-21 05:58:30,260 | INFO  | SCMAudit | user=jenkins1000 | ip=192.168.69.91 | op=SEND_HEARTBEAT {datanodeUUID=625627db-20f6-4593-9222-21b617438b7f, command=[]} | ret=SUCCESS |  
2019-08-21 05:58:30,274 | INFO  | SCMAudit | user=jenkins1000 | ip=192.168.69.91 | op=SEND_HEARTBEAT {datanodeUUID=f101476e-c990-429e-921c-5f445731959e, command=[]} | ret=SUCCESS |  
2019-08-21 05:58:30,336 | INFO  | SCMAudit | user=jenkins1000 | ip=192.168.69.91 | op=SEND_HEARTBEAT {datanodeUUID=49ab72ed-ff76-4952-870c-a3cea42cdb24, command=[]} | ret=SUCCESS |  
2019-08-21 05:58:30,520 | INFO  | SCMAudit | user=jenkins1000 | ip=192.168.69.91 | op=SEND_HEARTBEAT {datanodeUUID=3fd580a5-fd1e-4f13-9f88-976f7db82376, command=[]} | ret=SUCCESS |  
2019-08-21 05:58:30,726 | INFO  | SCMAudit | user=jenkins1000 | ip=192.168.69.91 | op=SEND_HEARTBEAT {datanodeUUID=046a392e-7484-4dfc-820d-faa08503447d, command=[]} | ret=SUCCESS |  
2019-08-21 05:58:30,891 | INFO  | SCMAudit | user=jenkins1000 | ip=192.168.69.91 | op=SEND_HEARTBEAT {datanodeUUID=4794a7d0-d8e2-4005-aaca-0a56e39fce16, command=[]} | ret=SUCCESS |  
2019-08-21 05:58:31,232 | INFO  | SCMAudit | user=jenkins1000 | ip=192.168.69.91 | op=SEND_HEARTBEAT {datanodeUUID=3c17af02-f769-4730-87e1-6a78a05442cb, command=[]} | ret=SUCCESS |  
2019-08-21 05:58:31,260 | INFO  | SCMAudit | user=jenkins1000 | ip=192.168.69.91 | op=SEND_HEARTBEAT {datanodeUUID=625627db-20f6-4593-9222-21b617438b7f, command=[]} | ret=SUCCESS |  
2019-08-21 05:58:31,273 | INFO  | SCMAudit | user=jenkins1000 | ip=192.168.69.91 | op=SEND_HEARTBEAT {datanodeUUID=f101476e-c990-429e-921c-5f445731959e, command=[]} | ret=SUCCESS |  
2019-08-21 05:58:31,336 | INFO  | SCMAudit | user=jenkins1000 | ip=192.168.69.91 | op=SEND_HEARTBEAT {datanodeUUID=49ab72ed-ff76-4952-870c-a3cea42cdb24, command=[]} | ret=SUCCESS |  
2019-08-21 05:58:31,520 | INFO  | SCMAudit | user=jenkins1000 | ip=192.168.69.91 | op=SEND_HEARTBEAT {datanodeUUID=3fd580a5-fd1e-4f13-9f88-976f7db82376, command=[]} | ret=SUCCESS |  
2019-08-21 05:58:31,726 | INFO  | SCMAudit | user=jenkins1000 | ip=192.168.69.91 | op=SEND_HEARTBEAT {datanodeUUID=046a392e-7484-4dfc-820d-faa08503447d, command=[]} | ret=SUCCESS |  
2019-08-21 05:58:31,891 | INFO  | SCMAudit | user=jenkins1000 | ip=192.168.69.91 | op=SEND_HEARTBEAT {datanodeUUID=4794a7d0-d8e2-4005-aaca-0a56e39fce16, command=[]} | ret=SUCCESS |  
2019-08-21 05:58:32,232 | INFO  | SCMAudit | user=jenkins1000 | ip=192.168.69.91 | op=SEND_HEARTBEAT {datanodeUUID=3c17af02-f769-4730-87e1-6a78a05442cb, command=[]} | ret=SUCCESS |  
2019-08-21 05:58:32,260 | INFO  | SCMAudit | user=jenkins1000 | ip=192.168.69.91 | op=SEND_HEARTBEAT {datanodeUUID=625627db-20f6-4593-9222-21b617438b7f, command=[]} | ret=SUCCESS |  
2019-08-21 05:58:32,273 | INFO  | SCMAudit | user=jenkins1000 | ip=192.168.69.91 | op=SEND_HEARTBEAT {datanodeUUID=f101476e-c990-429e-921c-5f445731959e, command=[]} | ret=SUCCESS |  
2019-08-21 05:58:32,336 | INFO  | SCMAudit | user=jenkins1000 | ip=192.168.69.91 | op=SEND_HEARTBEAT {datanodeUUID=49ab72ed-ff76-4952-870c-a3cea42cdb24, command=[]} | ret=SUCCESS |  
2019-08-21 05:58:32,521 | INFO  | SCMAudit | user=jenkins1000 | ip=192.168.69.91 | op=SEND_HEARTBEAT {datanodeUUID=3fd580a5-fd1e-4f13-9f88-976f7db82376, command=[]} | ret=SUCCESS |  
2019-08-21 05:58:32,726 | INFO  | SCMAudit | user=jenkins1000 | ip=192.168.69.91 | op=SEND_HEARTBEAT {datanodeUUID=046a392e-7484-4dfc-820d-faa08503447d, command=[]} | ret=SUCCESS |  
2019-08-21 05:58:32,892 | INFO  | SCMAudit | user=jenkins1000 | ip=192.168.69.91 | op=SEND_HEARTBEAT {datanodeUUID=4794a7d0-d8e2-4005-aaca-0a56e39fce16, command=[]} | ret=SUCCESS |  
2019-08-21 05:58:33,233 | INFO  | SCMAudit | user=jenkins1000 | ip=192.168.69.91 | op=SEND_HEARTBEAT {datanodeUUID=3c17af02-f769-4730-87e1-6a78a05442cb, command=[]} | ret=SUCCESS |  
2019-08-21 05:58:33,261 | INFO  | SCMAudit | user=jenkins1000 | ip=192.168.69.91 | op=SEND_HEARTBEAT {datanodeUUID=625627db-20f6-4593-9222-21b617438b7f, command=[]} | ret=SUCCESS |  
2019-08-21 05:58:33,273 | INFO  | SCMAudit | user=jenkins1000 | ip=192.168.69.91 | op=SEND_HEARTBEAT {datanodeUUID=f101476e-c990-429e-921c-5f445731959e, command=[]} | ret=SUCCESS |  
2019-08-21 05:58:33,336 | INFO  | SCMAudit | user=jenkins1000 | ip=192.168.69.91 | op=SEND_HEARTBEAT {datanodeUUID=49ab72ed-ff76-4952-870c-a3cea42cdb24, command=[]} | ret=SUCCESS |  
2019-08-21 05:58:33,520 | INFO  | SCMAudit | user=jenkins1000 | ip=192.168.69.91 | op=SEND_HEARTBEAT {datanodeUUID=3fd580a5-fd1e-4f13-9f88-976f7db82376, command=[]} | ret=SUCCESS |  
2019-08-21 05:58:33,726 | INFO  | SCMAudit | user=jenkins1000 | ip=192.168.69.91 | op=SEND_HEARTBEAT {datanodeUUID=046a392e-7484-4dfc-820d-faa08503447d, command=[]} | ret=SUCCESS |  
2019-08-21 05:58:33,891 | INFO  | SCMAudit | user=jenkins1000 | ip=192.168.69.91 | op=SEND_HEARTBEAT {datanodeUUID=4794a7d0-d8e2-4005-aaca-0a56e39fce16, command=[]} | ret=SUCCESS |  
2019-08-21 05:58:34,232 | INFO  | SCMAudit | user=jenkins1000 | ip=192.168.69.91 | op=SEND_HEARTBEAT {datanodeUUID=3c17af02-f769-4730-87e1-6a78a05442cb, command=[]} | ret=SUCCESS |  
2019-08-21 05:58:34,261 | INFO  | SCMAudit | user=jenkins1000 | ip=192.168.69.91 | op=SEND_HEARTBEAT {datanodeUUID=625627db-20f6-4593-9222-21b617438b7f, command=[]} | ret=SUCCESS |  
2019-08-21 05:58:34,273 | INFO  | SCMAudit | user=jenkins1000 | ip=192.168.69.91 | op=SEND_HEARTBEAT {datanodeUUID=f101476e-c990-429e-921c-5f445731959e, command=[]} | ret=SUCCESS |  
2019-08-21 05:58:34,336 | INFO  | SCMAudit | user=jenkins1000 | ip=192.168.69.91 | op=SEND_HEARTBEAT {datanodeUUID=49ab72ed-ff76-4952-870c-a3cea42cdb24, command=[]} | ret=SUCCESS |  
2019-08-21 05:58:34,520 | INFO  | SCMAudit | user=jenkins1000 | ip=192.168.69.91 | op=SEND_HEARTBEAT {datanodeUUID=3fd580a5-fd1e-4f13-9f88-976f7db82376, command=[]} | ret=SUCCESS |  
2019-08-21 05:58:34,727 | INFO  | SCMAudit | user=jenkins1000 | ip=192.168.69.91 | op=SEND_HEARTBEAT {datanodeUUID=046a392e-7484-4dfc-820d-faa08503447d, command=[]} | ret=SUCCESS |  
2019-08-21 05:58:34,891 | INFO  | SCMAudit | user=jenkins1000 | ip=192.168.69.91 | op=SEND_HEARTBEAT {datanodeUUID=4794a7d0-d8e2-4005-aaca-0a56e39fce16, command=[]} | ret=SUCCESS |  
2019-08-21 05:58:34,993 [grpc-default-executor-0] INFO  client.GrpcClientProtocolClient (GrpcClientProtocolClient.java:onNext(255)) - client-5E3AA808964E->625627db-20f6-4593-9222-21b617438b7f: receive RaftClientReply:client-5E3AA808964E->625627db-20f6-4593-9222-21b617438b7f@group-ED3E36EC8233, cid=45, FAILED org.apache.ratis.protocol.NotLeaderException: Server 625627db-20f6-4593-9222-21b617438b7f is not the leader (3c17af02-f769-4730-87e1-6a78a05442cb:192.168.69.91:45466). Request must be sent to leader., logIndex=0, commits[625627db-20f6-4593-9222-21b617438b7f:c8, f101476e-c990-429e-921c-5f445731959e:c8, 3c17af02-f769-4730-87e1-6a78a05442cb:c8]
2019-08-21 05:58:35,233 | INFO  | SCMAudit | user=jenkins1000 | ip=192.168.69.91 | op=SEND_HEARTBEAT {datanodeUUID=3c17af02-f769-4730-87e1-6a78a05442cb, command=[]} | ret=SUCCESS |  
2019-08-21 05:58:35,262 | INFO  | SCMAudit | user=jenkins1000 | ip=192.168.69.91 | op=SEND_HEARTBEAT {datanodeUUID=625627db-20f6-4593-9222-21b617438b7f, command=[]} | ret=SUCCESS |  
2019-08-21 05:58:35,273 | INFO  | SCMAudit | user=jenkins1000 | ip=192.168.69.91 | op=SEND_HEARTBEAT {datanodeUUID=f101476e-c990-429e-921c-5f445731959e, command=[]} | ret=SUCCESS |  
2019-08-21 05:58:35,336 | INFO  | SCMAudit | user=jenkins1000 | ip=192.168.69.91 | op=SEND_HEARTBEAT {datanodeUUID=49ab72ed-ff76-4952-870c-a3cea42cdb24, command=[]} | ret=SUCCESS |  
2019-08-21 05:58:35,520 | INFO  | SCMAudit | user=jenkins1000 | ip=192.168.69.91 | op=SEND_HEARTBEAT {datanodeUUID=3fd580a5-fd1e-4f13-9f88-976f7db82376, command=[]} | ret=SUCCESS |  
2019-08-21 05:58:35,726 | INFO  | SCMAudit | user=jenkins1000 | ip=192.168.69.91 | op=SEND_HEARTBEAT {datanodeUUID=046a392e-7484-4dfc-820d-faa08503447d, command=[]} | ret=SUCCESS |  
2019-08-21 05:58:35,892 | INFO  | SCMAudit | user=jenkins1000 | ip=192.168.69.91 | op=SEND_HEARTBEAT {datanodeUUID=4794a7d0-d8e2-4005-aaca-0a56e39fce16, command=[]} | ret=SUCCESS |  
2019-08-21 05:58:36,232 | INFO  | SCMAudit | user=jenkins1000 | ip=192.168.69.91 | op=SEND_HEARTBEAT {datanodeUUID=3c17af02-f769-4730-87e1-6a78a05442cb, command=[]} | ret=SUCCESS |  
2019-08-21 05:58:36,262 | INFO  | SCMAudit | user=jenkins1000 | ip=192.168.69.91 | op=SEND_HEARTBEAT {datanodeUUID=625627db-20f6-4593-9222-21b617438b7f, command=[]} | ret=SUCCESS |  
2019-08-21 05:58:36,273 | INFO  | SCMAudit | user=jenkins1000 | ip=192.168.69.91 | op=SEND_HEARTBEAT {datanodeUUID=f101476e-c990-429e-921c-5f445731959e, command=[]} | ret=SUCCESS |  
2019-08-21 05:58:36,336 | INFO  | SCMAudit | user=jenkins1000 | ip=192.168.69.91 | op=SEND_HEARTBEAT {datanodeUUID=49ab72ed-ff76-4952-870c-a3cea42cdb24, command=[]} | ret=SUCCESS |  
2019-08-21 05:58:36,520 | INFO  | SCMAudit | user=jenkins1000 | ip=192.168.69.91 | op=SEND_HEARTBEAT {datanodeUUID=3fd580a5-fd1e-4f13-9f88-976f7db82376, command=[]} | ret=SUCCESS |  
2019-08-21 05:58:36,726 | INFO  | SCMAudit | user=jenkins1000 | ip=192.168.69.91 | op=SEND_HEARTBEAT {datanodeUUID=046a392e-7484-4dfc-820d-faa08503447d, command=[]} | ret=SUCCESS |  
2019-08-21 05:58:36,891 | INFO  | SCMAudit | user=jenkins1000 | ip=192.168.69.91 | op=SEND_HEARTBEAT {datanodeUUID=4794a7d0-d8e2-4005-aaca-0a56e39fce16, command=[]} | ret=SUCCESS |  
2019-08-21 05:58:37,232 | INFO  | SCMAudit | user=jenkins1000 | ip=192.168.69.91 | op=SEND_HEARTBEAT {datanodeUUID=3c17af02-f769-4730-87e1-6a78a05442cb, command=[]} | ret=SUCCESS |  
2019-08-21 05:58:37,262 | INFO  | SCMAudit | user=jenkins1000 | ip=192.168.69.91 | op=SEND_HEARTBEAT {datanodeUUID=625627db-20f6-4593-9222-21b617438b7f, command=[]} | ret=SUCCESS |  
2019-08-21 05:58:37,273 | INFO  | SCMAudit | user=jenkins1000 | ip=192.168.69.91 | op=SEND_HEARTBEAT {datanodeUUID=f101476e-c990-429e-921c-5f445731959e, command=[]} | ret=SUCCESS |  
2019-08-21 05:58:37,336 | INFO  | SCMAudit | user=jenkins1000 | ip=192.168.69.91 | op=SEND_HEARTBEAT {datanodeUUID=49ab72ed-ff76-4952-870c-a3cea42cdb24, command=[]} | ret=SUCCESS |  
2019-08-21 05:58:37,521 | INFO  | SCMAudit | user=jenkins1000 | ip=192.168.69.91 | op=SEND_HEARTBEAT {datanodeUUID=3fd580a5-fd1e-4f13-9f88-976f7db82376, command=[]} | ret=SUCCESS |  
2019-08-21 05:58:37,727 | INFO  | SCMAudit | user=jenkins1000 | ip=192.168.69.91 | op=SEND_HEARTBEAT {datanodeUUID=046a392e-7484-4dfc-820d-faa08503447d, command=[]} | ret=SUCCESS |  
2019-08-21 05:58:37,891 | INFO  | SCMAudit | user=jenkins1000 | ip=192.168.69.91 | op=SEND_HEARTBEAT {datanodeUUID=4794a7d0-d8e2-4005-aaca-0a56e39fce16, command=[]} | ret=SUCCESS |  
2019-08-21 05:58:38,233 | INFO  | SCMAudit | user=jenkins1000 | ip=192.168.69.91 | op=SEND_HEARTBEAT {datanodeUUID=3c17af02-f769-4730-87e1-6a78a05442cb, command=[]} | ret=SUCCESS |  
2019-08-21 05:58:38,263 | INFO  | SCMAudit | user=jenkins1000 | ip=192.168.69.91 | op=SEND_HEARTBEAT {datanodeUUID=625627db-20f6-4593-9222-21b617438b7f, command=[]} | ret=SUCCESS |  
2019-08-21 05:58:38,273 | INFO  | SCMAudit | user=jenkins1000 | ip=192.168.69.91 | op=SEND_HEARTBEAT {datanodeUUID=f101476e-c990-429e-921c-5f445731959e, command=[]} | ret=SUCCESS |  
2019-08-21 05:58:38,337 | INFO  | SCMAudit | user=jenkins1000 | ip=192.168.69.91 | op=SEND_HEARTBEAT {datanodeUUID=49ab72ed-ff76-4952-870c-a3cea42cdb24, command=[]} | ret=SUCCESS |  
2019-08-21 05:58:38,520 | INFO  | SCMAudit | user=jenkins1000 | ip=192.168.69.91 | op=SEND_HEARTBEAT {datanodeUUID=3fd580a5-fd1e-4f13-9f88-976f7db82376, command=[]} | ret=SUCCESS |  
2019-08-21 05:58:38,726 | INFO  | SCMAudit | user=jenkins1000 | ip=192.168.69.91 | op=SEND_HEARTBEAT {datanodeUUID=046a392e-7484-4dfc-820d-faa08503447d, command=[]} | ret=SUCCESS |  
2019-08-21 05:58:38,891 | INFO  | SCMAudit | user=jenkins1000 | ip=192.168.69.91 | op=SEND_HEARTBEAT {datanodeUUID=4794a7d0-d8e2-4005-aaca-0a56e39fce16, command=[]} | ret=SUCCESS |  
2019-08-21 05:58:39,233 | INFO  | SCMAudit | user=jenkins1000 | ip=192.168.69.91 | op=SEND_HEARTBEAT {datanodeUUID=3c17af02-f769-4730-87e1-6a78a05442cb, command=[]} | ret=SUCCESS |  
2019-08-21 05:58:39,262 | INFO  | SCMAudit | user=jenkins1000 | ip=192.168.69.91 | op=SEND_HEARTBEAT {datanodeUUID=625627db-20f6-4593-9222-21b617438b7f, command=[]} | ret=SUCCESS |  
2019-08-21 05:58:39,273 | INFO  | SCMAudit | user=jenkins1000 | ip=192.168.69.91 | op=SEND_HEARTBEAT {datanodeUUID=f101476e-c990-429e-921c-5f445731959e, command=[]} | ret=SUCCESS |  
2019-08-21 05:58:39,336 | INFO  | SCMAudit | user=jenkins1000 | ip=192.168.69.91 | op=SEND_HEARTBEAT {datanodeUUID=49ab72ed-ff76-4952-870c-a3cea42cdb24, command=[]} | ret=SUCCESS |  
2019-08-21 05:58:39,521 | INFO  | SCMAudit | user=jenkins1000 | ip=192.168.69.91 | op=SEND_HEARTBEAT {datanodeUUID=3fd580a5-fd1e-4f13-9f88-976f7db82376, command=[]} | ret=SUCCESS |  
2019-08-21 05:58:39,726 | INFO  | SCMAudit | user=jenkins1000 | ip=192.168.69.91 | op=SEND_HEARTBEAT {datanodeUUID=046a392e-7484-4dfc-820d-faa08503447d, command=[]} | ret=SUCCESS |  
2019-08-21 05:58:39,891 | INFO  | SCMAudit | user=jenkins1000 | ip=192.168.69.91 | op=SEND_HEARTBEAT {datanodeUUID=4794a7d0-d8e2-4005-aaca-0a56e39fce16, command=[]} | ret=SUCCESS |  
2019-08-21 05:58:40,035 [grpc-default-executor-4] INFO  client.GrpcClientProtocolClient (GrpcClientProtocolClient.java:onNext(255)) - client-5E3AA808964E->625627db-20f6-4593-9222-21b617438b7f: receive RaftClientReply:client-5E3AA808964E->625627db-20f6-4593-9222-21b617438b7f@group-ED3E36EC8233, cid=45, FAILED org.apache.ratis.protocol.NotLeaderException: Server 625627db-20f6-4593-9222-21b617438b7f is not the leader (3c17af02-f769-4730-87e1-6a78a05442cb:192.168.69.91:45466). Request must be sent to leader., logIndex=0, commits[625627db-20f6-4593-9222-21b617438b7f:c8, f101476e-c990-429e-921c-5f445731959e:c8, 3c17af02-f769-4730-87e1-6a78a05442cb:c8]
2019-08-21 05:58:40,233 | INFO  | SCMAudit | user=jenkins1000 | ip=192.168.69.91 | op=SEND_HEARTBEAT {datanodeUUID=3c17af02-f769-4730-87e1-6a78a05442cb, command=[]} | ret=SUCCESS |  
2019-08-21 05:58:40,262 | INFO  | SCMAudit | user=jenkins1000 | ip=192.168.69.91 | op=SEND_HEARTBEAT {datanodeUUID=625627db-20f6-4593-9222-21b617438b7f, command=[]} | ret=SUCCESS |  
2019-08-21 05:58:40,274 | INFO  | SCMAudit | user=jenkins1000 | ip=192.168.69.91 | op=SEND_HEARTBEAT {datanodeUUID=f101476e-c990-429e-921c-5f445731959e, command=[]} | ret=SUCCESS |  
2019-08-21 05:58:40,336 | INFO  | SCMAudit | user=jenkins1000 | ip=192.168.69.91 | op=SEND_HEARTBEAT {datanodeUUID=49ab72ed-ff76-4952-870c-a3cea42cdb24, command=[]} | ret=SUCCESS |  
2019-08-21 05:58:40,520 | INFO  | SCMAudit | user=jenkins1000 | ip=192.168.69.91 | op=SEND_HEARTBEAT {datanodeUUID=3fd580a5-fd1e-4f13-9f88-976f7db82376, command=[]} | ret=SUCCESS |  
2019-08-21 05:58:40,727 | INFO  | SCMAudit | user=jenkins1000 | ip=192.168.69.91 | op=SEND_HEARTBEAT {datanodeUUID=046a392e-7484-4dfc-820d-faa08503447d, command=[]} | ret=SUCCESS |  
2019-08-21 05:58:40,892 | INFO  | SCMAudit | user=jenkins1000 | ip=192.168.69.91 | op=SEND_HEARTBEAT {datanodeUUID=4794a7d0-d8e2-4005-aaca-0a56e39fce16, command=[]} | ret=SUCCESS |  
2019-08-21 05:58:41,234 | INFO  | SCMAudit | user=jenkins1000 | ip=192.168.69.91 | op=SEND_HEARTBEAT {datanodeUUID=3c17af02-f769-4730-87e1-6a78a05442cb, command=[]} | ret=SUCCESS |  
2019-08-21 05:58:41,262 | INFO  | SCMAudit | user=jenkins1000 | ip=192.168.69.91 | op=SEND_HEARTBEAT {datanodeUUID=625627db-20f6-4593-9222-21b617438b7f, command=[]} | ret=SUCCESS |  
2019-08-21 05:58:41,274 | INFO  | SCMAudit | user=jenkins1000 | ip=192.168.69.91 | op=SEND_HEARTBEAT {datanodeUUID=f101476e-c990-429e-921c-5f445731959e, command=[]} | ret=SUCCESS |  
2019-08-21 05:58:41,336 | INFO  | SCMAudit | user=jenkins1000 | ip=192.168.69.91 | op=SEND_HEARTBEAT {datanodeUUID=49ab72ed-ff76-4952-870c-a3cea42cdb24, command=[]} | ret=SUCCESS |  
2019-08-21 05:58:41,520 | INFO  | SCMAudit | user=jenkins1000 | ip=192.168.69.91 | op=SEND_HEARTBEAT {datanodeUUID=3fd580a5-fd1e-4f13-9f88-976f7db82376, command=[]} | ret=SUCCESS |  
2019-08-21 05:58:41,726 | INFO  | SCMAudit | user=jenkins1000 | ip=192.168.69.91 | op=SEND_HEARTBEAT {datanodeUUID=046a392e-7484-4dfc-820d-faa08503447d, command=[]} | ret=SUCCESS |  
2019-08-21 05:58:41,891 | INFO  | SCMAudit | user=jenkins1000 | ip=192.168.69.91 | op=SEND_HEARTBEAT {datanodeUUID=4794a7d0-d8e2-4005-aaca-0a56e39fce16, command=[]} | ret=SUCCESS |  
2019-08-21 05:58:42,234 | INFO  | SCMAudit | user=jenkins1000 | ip=192.168.69.91 | op=SEND_HEARTBEAT {datanodeUUID=3c17af02-f769-4730-87e1-6a78a05442cb, command=[]} | ret=SUCCESS |  
2019-08-21 05:58:42,263 | INFO  | SCMAudit | user=jenkins1000 | ip=192.168.69.91 | op=SEND_HEARTBEAT {datanodeUUID=625627db-20f6-4593-9222-21b617438b7f, command=[]} | ret=SUCCESS |  
2019-08-21 05:58:42,274 | INFO  | SCMAudit | user=jenkins1000 | ip=192.168.69.91 | op=SEND_HEARTBEAT {datanodeUUID=f101476e-c990-429e-921c-5f445731959e, command=[]} | ret=SUCCESS |  
2019-08-21 05:58:42,336 | INFO  | SCMAudit | user=jenkins1000 | ip=192.168.69.91 | op=SEND_HEARTBEAT {datanodeUUID=49ab72ed-ff76-4952-870c-a3cea42cdb24, command=[]} | ret=SUCCESS |  
2019-08-21 05:58:42,521 | INFO  | SCMAudit | user=jenkins1000 | ip=192.168.69.91 | op=SEND_HEARTBEAT {datanodeUUID=3fd580a5-fd1e-4f13-9f88-976f7db82376, command=[]} | ret=SUCCESS |  
2019-08-21 05:58:42,726 | INFO  | SCMAudit | user=jenkins1000 | ip=192.168.69.91 | op=SEND_HEARTBEAT {datanodeUUID=046a392e-7484-4dfc-820d-faa08503447d, command=[]} | ret=SUCCESS |  
2019-08-21 05:58:42,891 | INFO  | SCMAudit | user=jenkins1000 | ip=192.168.69.91 | op=SEND_HEARTBEAT {datanodeUUID=4794a7d0-d8e2-4005-aaca-0a56e39fce16, command=[]} | ret=SUCCESS |  
2019-08-21 05:58:43,235 | INFO  | SCMAudit | user=jenkins1000 | ip=192.168.69.91 | op=SEND_HEARTBEAT {datanodeUUID=3c17af02-f769-4730-87e1-6a78a05442cb, command=[]} | ret=SUCCESS |  
2019-08-21 05:58:43,263 | INFO  | SCMAudit | user=jenkins1000 | ip=192.168.69.91 | op=SEND_HEARTBEAT {datanodeUUID=625627db-20f6-4593-9222-21b617438b7f, command=[]} | ret=SUCCESS |  
2019-08-21 05:58:43,274 | INFO  | SCMAudit | user=jenkins1000 | ip=192.168.69.91 | op=SEND_HEARTBEAT {datanodeUUID=f101476e-c990-429e-921c-5f445731959e, command=[]} | ret=SUCCESS |  
2019-08-21 05:58:43,337 | INFO  | SCMAudit | user=jenkins1000 | ip=192.168.69.91 | op=SEND_HEARTBEAT {datanodeUUID=49ab72ed-ff76-4952-870c-a3cea42cdb24, command=[]} | ret=SUCCESS |  
2019-08-21 05:58:43,525 | INFO  | SCMAudit | user=jenkins1000 | ip=192.168.69.91 | op=SEND_HEARTBEAT {datanodeUUID=3fd580a5-fd1e-4f13-9f88-976f7db82376, command=[]} | ret=SUCCESS |  
2019-08-21 05:58:43,727 | INFO  | SCMAudit | user=jenkins1000 | ip=192.168.69.91 | op=SEND_HEARTBEAT {datanodeUUID=046a392e-7484-4dfc-820d-faa08503447d, command=[]} | ret=SUCCESS |  
2019-08-21 05:58:43,891 | INFO  | SCMAudit | user=jenkins1000 | ip=192.168.69.91 | op=SEND_HEARTBEAT {datanodeUUID=4794a7d0-d8e2-4005-aaca-0a56e39fce16, command=[]} | ret=SUCCESS |  
2019-08-21 05:58:44,234 | INFO  | SCMAudit | user=jenkins1000 | ip=192.168.69.91 | op=SEND_HEARTBEAT {datanodeUUID=3c17af02-f769-4730-87e1-6a78a05442cb, command=[]} | ret=SUCCESS |  
2019-08-21 05:58:44,263 | INFO  | SCMAudit | user=jenkins1000 | ip=192.168.69.91 | op=SEND_HEARTBEAT {datanodeUUID=625627db-20f6-4593-9222-21b617438b7f, command=[]} | ret=SUCCESS |  
2019-08-21 05:58:44,274 | INFO  | SCMAudit | user=jenkins1000 | ip=192.168.69.91 | op=SEND_HEARTBEAT {datanodeUUID=f101476e-c990-429e-921c-5f445731959e, command=[]} | ret=SUCCESS |  
2019-08-21 05:58:44,336 | INFO  | SCMAudit | user=jenkins1000 | ip=192.168.69.91 | op=SEND_HEARTBEAT {datanodeUUID=49ab72ed-ff76-4952-870c-a3cea42cdb24, command=[]} | ret=SUCCESS |  
2019-08-21 05:58:44,521 | INFO  | SCMAudit | user=jenkins1000 | ip=192.168.69.91 | op=SEND_HEARTBEAT {datanodeUUID=3fd580a5-fd1e-4f13-9f88-976f7db82376, command=[]} | ret=SUCCESS |  
2019-08-21 05:58:44,727 | INFO  | SCMAudit | user=jenkins1000 | ip=192.168.69.91 | op=SEND_HEARTBEAT {datanodeUUID=046a392e-7484-4dfc-820d-faa08503447d, command=[]} | ret=SUCCESS |  
2019-08-21 05:58:44,892 | INFO  | SCMAudit | user=jenkins1000 | ip=192.168.69.91 | op=SEND_HEARTBEAT {datanodeUUID=4794a7d0-d8e2-4005-aaca-0a56e39fce16, command=[]} | ret=SUCCESS |  
2019-08-21 05:58:45,091 [grpc-default-executor-4] INFO  client.GrpcClientProtocolClient (GrpcClientProtocolClient.java:onNext(255)) - client-5E3AA808964E->625627db-20f6-4593-9222-21b617438b7f: receive RaftClientReply:client-5E3AA808964E->625627db-20f6-4593-9222-21b617438b7f@group-ED3E36EC8233, cid=45, FAILED org.apache.ratis.protocol.NotLeaderException: Server 625627db-20f6-4593-9222-21b617438b7f is not the leader (3c17af02-f769-4730-87e1-6a78a05442cb:192.168.69.91:45466). Request must be sent to leader., logIndex=0, commits[625627db-20f6-4593-9222-21b617438b7f:c8, f101476e-c990-429e-921c-5f445731959e:c8, 3c17af02-f769-4730-87e1-6a78a05442cb:c8]
2019-08-21 05:58:45,234 | INFO  | SCMAudit | user=jenkins1000 | ip=192.168.69.91 | op=SEND_HEARTBEAT {datanodeUUID=3c17af02-f769-4730-87e1-6a78a05442cb, command=[]} | ret=SUCCESS |  
2019-08-21 05:58:45,263 | INFO  | SCMAudit | user=jenkins1000 | ip=192.168.69.91 | op=SEND_HEARTBEAT {datanodeUUID=625627db-20f6-4593-9222-21b617438b7f, command=[]} | ret=SUCCESS |  
2019-08-21 05:58:45,274 | INFO  | SCMAudit | user=jenkins1000 | ip=192.168.69.91 | op=SEND_HEARTBEAT {datanodeUUID=f101476e-c990-429e-921c-5f445731959e, command=[]} | ret=SUCCESS |  
2019-08-21 05:58:45,336 | INFO  | SCMAudit | user=jenkins1000 | ip=192.168.69.91 | op=SEND_HEARTBEAT {datanodeUUID=49ab72ed-ff76-4952-870c-a3cea42cdb24, command=[]} | ret=SUCCESS |  
2019-08-21 05:58:45,521 | INFO  | SCMAudit | user=jenkins1000 | ip=192.168.69.91 | op=SEND_HEARTBEAT {datanodeUUID=3fd580a5-fd1e-4f13-9f88-976f7db82376, command=[]} | ret=SUCCESS |  
2019-08-21 05:58:45,726 | INFO  | SCMAudit | user=jenkins1000 | ip=192.168.69.91 | op=SEND_HEARTBEAT {datanodeUUID=046a392e-7484-4dfc-820d-faa08503447d, command=[]} | ret=SUCCESS |  
2019-08-21 05:58:45,892 | INFO  | SCMAudit | user=jenkins1000 | ip=192.168.69.91 | op=SEND_HEARTBEAT {datanodeUUID=4794a7d0-d8e2-4005-aaca-0a56e39fce16, command=[]} | ret=SUCCESS |  
2019-08-21 05:58:46,235 | INFO  | SCMAudit | user=jenkins1000 | ip=192.168.69.91 | op=SEND_HEARTBEAT {datanodeUUID=3c17af02-f769-4730-87e1-6a78a05442cb, command=[]} | ret=SUCCESS |  
2019-08-21 05:58:46,263 | INFO  | SCMAudit | user=jenkins1000 | ip=192.168.69.91 | op=SEND_HEARTBEAT {datanodeUUID=625627db-20f6-4593-9222-21b617438b7f, command=[]} | ret=SUCCESS |  
2019-08-21 05:58:46,276 | INFO  | SCMAudit | user=jenkins1000 | ip=192.168.69.91 | op=SEND_HEARTBEAT {datanodeUUID=f101476e-c990-429e-921c-5f445731959e, command=[]} | ret=SUCCESS |  
2019-08-21 05:58:46,336 | INFO  | SCMAudit | user=jenkins1000 | ip=192.168.69.91 | op=SEND_HEARTBEAT {datanodeUUID=49ab72ed-ff76-4952-870c-a3cea42cdb24, command=[]} | ret=SUCCESS |  
2019-08-21 05:58:46,521 | INFO  | SCMAudit | user=jenkins1000 | ip=192.168.69.91 | op=SEND_HEARTBEAT {datanodeUUID=3fd580a5-fd1e-4f13-9f88-976f7db82376, command=[]} | ret=SUCCESS |  
2019-08-21 05:58:46,726 | INFO  | SCMAudit | user=jenkins1000 | ip=192.168.69.91 | op=SEND_HEARTBEAT {datanodeUUID=046a392e-7484-4dfc-820d-faa08503447d, command=[]} | ret=SUCCESS |  
2019-08-21 05:58:46,892 | INFO  | SCMAudit | user=jenkins1000 | ip=192.168.69.91 | op=SEND_HEARTBEAT {datanodeUUID=4794a7d0-d8e2-4005-aaca-0a56e39fce16, command=[]} | ret=SUCCESS |  
2019-08-21 05:58:47,234 | INFO  | SCMAudit | user=jenkins1000 | ip=192.168.69.91 | op=SEND_HEARTBEAT {datanodeUUID=3c17af02-f769-4730-87e1-6a78a05442cb, command=[]} | ret=SUCCESS |  
2019-08-21 05:58:47,264 | INFO  | SCMAudit | user=jenkins1000 | ip=192.168.69.91 | op=SEND_HEARTBEAT {datanodeUUID=625627db-20f6-4593-9222-21b617438b7f, command=[]} | ret=SUCCESS |  
2019-08-21 05:58:47,276 | INFO  | SCMAudit | user=jenkins1000 | ip=192.168.69.91 | op=SEND_HEARTBEAT {datanodeUUID=f101476e-c990-429e-921c-5f445731959e, command=[]} | ret=SUCCESS |  
2019-08-21 05:58:47,336 | INFO  | SCMAudit | user=jenkins1000 | ip=192.168.69.91 | op=SEND_HEARTBEAT {datanodeUUID=49ab72ed-ff76-4952-870c-a3cea42cdb24, command=[]} | ret=SUCCESS |  
2019-08-21 05:58:47,522 | INFO  | SCMAudit | user=jenkins1000 | ip=192.168.69.91 | op=SEND_HEARTBEAT {datanodeUUID=3fd580a5-fd1e-4f13-9f88-976f7db82376, command=[]} | ret=SUCCESS |  
2019-08-21 05:58:47,726 | INFO  | SCMAudit | user=jenkins1000 | ip=192.168.69.91 | op=SEND_HEARTBEAT {datanodeUUID=046a392e-7484-4dfc-820d-faa08503447d, command=[]} | ret=SUCCESS |  
2019-08-21 05:58:47,892 | INFO  | SCMAudit | user=jenkins1000 | ip=192.168.69.91 | op=SEND_HEARTBEAT {datanodeUUID=4794a7d0-d8e2-4005-aaca-0a56e39fce16, command=[]} | ret=SUCCESS |  
2019-08-21 05:58:48,235 | INFO  | SCMAudit | user=jenkins1000 | ip=192.168.69.91 | op=SEND_HEARTBEAT {datanodeUUID=3c17af02-f769-4730-87e1-6a78a05442cb, command=[]} | ret=SUCCESS |  
2019-08-21 05:58:48,263 | INFO  | SCMAudit | user=jenkins1000 | ip=192.168.69.91 | op=SEND_HEARTBEAT {datanodeUUID=625627db-20f6-4593-9222-21b617438b7f, command=[]} | ret=SUCCESS |  
2019-08-21 05:58:48,276 | INFO  | SCMAudit | user=jenkins1000 | ip=192.168.69.91 | op=SEND_HEARTBEAT {datanodeUUID=f101476e-c990-429e-921c-5f445731959e, command=[]} | ret=SUCCESS |  
2019-08-21 05:58:48,336 | INFO  | SCMAudit | user=jenkins1000 | ip=192.168.69.91 | op=SEND_HEARTBEAT {datanodeUUID=49ab72ed-ff76-4952-870c-a3cea42cdb24, command=[]} | ret=SUCCESS |  
2019-08-21 05:58:48,522 | INFO  | SCMAudit | user=jenkins1000 | ip=192.168.69.91 | op=SEND_HEARTBEAT {datanodeUUID=3fd580a5-fd1e-4f13-9f88-976f7db82376, command=[]} | ret=SUCCESS |  
2019-08-21 05:58:48,726 | INFO  | SCMAudit | user=jenkins1000 | ip=192.168.69.91 | op=SEND_HEARTBEAT {datanodeUUID=046a392e-7484-4dfc-820d-faa08503447d, command=[]} | ret=SUCCESS |  
2019-08-21 05:58:48,892 | INFO  | SCMAudit | user=jenkins1000 | ip=192.168.69.91 | op=SEND_HEARTBEAT {datanodeUUID=4794a7d0-d8e2-4005-aaca-0a56e39fce16, command=[]} | ret=SUCCESS |  
2019-08-21 05:58:49,234 | INFO  | SCMAudit | user=jenkins1000 | ip=192.168.69.91 | op=SEND_HEARTBEAT {datanodeUUID=3c17af02-f769-4730-87e1-6a78a05442cb, command=[]} | ret=SUCCESS |  
2019-08-21 05:58:49,263 | INFO  | SCMAudit | user=jenkins1000 | ip=192.168.69.91 | op=SEND_HEARTBEAT {datanodeUUID=625627db-20f6-4593-9222-21b617438b7f, command=[]} | ret=SUCCESS |  
2019-08-21 05:58:49,276 | INFO  | SCMAudit | user=jenkins1000 | ip=192.168.69.91 | op=SEND_HEARTBEAT {datanodeUUID=f101476e-c990-429e-921c-5f445731959e, command=[]} | ret=SUCCESS |  
2019-08-21 05:58:49,336 | INFO  | SCMAudit | user=jenkins1000 | ip=192.168.69.91 | op=SEND_HEARTBEAT {datanodeUUID=49ab72ed-ff76-4952-870c-a3cea42cdb24, command=[]} | ret=SUCCESS |  
2019-08-21 05:58:49,523 | INFO  | SCMAudit | user=jenkins1000 | ip=192.168.69.91 | op=SEND_HEARTBEAT {datanodeUUID=3fd580a5-fd1e-4f13-9f88-976f7db82376, command=[]} | ret=SUCCESS |  
2019-08-21 05:58:49,728 | INFO  | SCMAudit | user=jenkins1000 | ip=192.168.69.91 | op=SEND_HEARTBEAT {datanodeUUID=046a392e-7484-4dfc-820d-faa08503447d, command=[]} | ret=SUCCESS |  
2019-08-21 05:58:49,892 | INFO  | SCMAudit | user=jenkins1000 | ip=192.168.69.91 | op=SEND_HEARTBEAT {datanodeUUID=4794a7d0-d8e2-4005-aaca-0a56e39fce16, command=[]} | ret=SUCCESS |  
2019-08-21 05:58:50,132 [grpc-default-executor-4] INFO  client.GrpcClientProtocolClient (GrpcClientProtocolClient.java:onNext(255)) - client-5E3AA808964E->625627db-20f6-4593-9222-21b617438b7f: receive RaftClientReply:client-5E3AA808964E->625627db-20f6-4593-9222-21b617438b7f@group-ED3E36EC8233, cid=45, FAILED org.apache.ratis.protocol.NotLeaderException: Server 625627db-20f6-4593-9222-21b617438b7f is not the leader (3c17af02-f769-4730-87e1-6a78a05442cb:192.168.69.91:45466). Request must be sent to leader., logIndex=0, commits[625627db-20f6-4593-9222-21b617438b7f:c8, f101476e-c990-429e-921c-5f445731959e:c8, 3c17af02-f769-4730-87e1-6a78a05442cb:c8]
2019-08-21 05:58:50,234 | INFO  | SCMAudit | user=jenkins1000 | ip=192.168.69.91 | op=SEND_HEARTBEAT {datanodeUUID=3c17af02-f769-4730-87e1-6a78a05442cb, command=[]} | ret=SUCCESS |  
2019-08-21 05:58:50,263 | INFO  | SCMAudit | user=jenkins1000 | ip=192.168.69.91 | op=SEND_HEARTBEAT {datanodeUUID=625627db-20f6-4593-9222-21b617438b7f, command=[]} | ret=SUCCESS |  
2019-08-21 05:58:50,276 | INFO  | SCMAudit | user=jenkins1000 | ip=192.168.69.91 | op=SEND_HEARTBEAT {datanodeUUID=f101476e-c990-429e-921c-5f445731959e, command=[]} | ret=SUCCESS |  
2019-08-21 05:58:50,336 | INFO  | SCMAudit | user=jenkins1000 | ip=192.168.69.91 | op=SEND_HEARTBEAT {datanodeUUID=49ab72ed-ff76-4952-870c-a3cea42cdb24, command=[]} | ret=SUCCESS |  
2019-08-21 05:58:50,522 | INFO  | SCMAudit | user=jenkins1000 | ip=192.168.69.91 | op=SEND_HEARTBEAT {datanodeUUID=3fd580a5-fd1e-4f13-9f88-976f7db82376, command=[]} | ret=SUCCESS |  
2019-08-21 05:58:50,727 | INFO  | SCMAudit | user=jenkins1000 | ip=192.168.69.91 | op=SEND_HEARTBEAT {datanodeUUID=046a392e-7484-4dfc-820d-faa08503447d, command=[]} | ret=SUCCESS |  
2019-08-21 05:58:50,892 | INFO  | SCMAudit | user=jenkins1000 | ip=192.168.69.91 | op=SEND_HEARTBEAT {datanodeUUID=4794a7d0-d8e2-4005-aaca-0a56e39fce16, command=[]} | ret=SUCCESS |  
2019-08-21 05:58:51,235 | INFO  | SCMAudit | user=jenkins1000 | ip=192.168.69.91 | op=SEND_HEARTBEAT {datanodeUUID=3c17af02-f769-4730-87e1-6a78a05442cb, command=[]} | ret=SUCCESS |  
2019-08-21 05:58:51,264 | INFO  | SCMAudit | user=jenkins1000 | ip=192.168.69.91 | op=SEND_HEARTBEAT {datanodeUUID=625627db-20f6-4593-9222-21b617438b7f, command=[]} | ret=SUCCESS |  
2019-08-21 05:58:51,276 | INFO  | SCMAudit | user=jenkins1000 | ip=192.168.69.91 | op=SEND_HEARTBEAT {datanodeUUID=f101476e-c990-429e-921c-5f445731959e, command=[]} | ret=SUCCESS |  
2019-08-21 05:58:51,336 | INFO  | SCMAudit | user=jenkins1000 | ip=192.168.69.91 | op=SEND_HEARTBEAT {datanodeUUID=49ab72ed-ff76-4952-870c-a3cea42cdb24, command=[]} | ret=SUCCESS |  
2019-08-21 05:58:51,522 | INFO  | SCMAudit | user=jenkins1000 | ip=192.168.69.91 | op=SEND_HEARTBEAT {datanodeUUID=3fd580a5-fd1e-4f13-9f88-976f7db82376, command=[]} | ret=SUCCESS |  
2019-08-21 05:58:51,727 | INFO  | SCMAudit | user=jenkins1000 | ip=192.168.69.91 | op=SEND_HEARTBEAT {datanodeUUID=046a392e-7484-4dfc-820d-faa08503447d, command=[]} | ret=SUCCESS |  
2019-08-21 05:58:51,893 | INFO  | SCMAudit | user=jenkins1000 | ip=192.168.69.91 | op=SEND_HEARTBEAT {datanodeUUID=4794a7d0-d8e2-4005-aaca-0a56e39fce16, command=[]} | ret=SUCCESS |  
2019-08-21 05:58:52,234 | INFO  | SCMAudit | user=jenkins1000 | ip=192.168.69.91 | op=SEND_HEARTBEAT {datanodeUUID=3c17af02-f769-4730-87e1-6a78a05442cb, command=[]} | ret=SUCCESS |  
2019-08-21 05:58:52,264 | INFO  | SCMAudit | user=jenkins1000 | ip=192.168.69.91 | op=SEND_HEARTBEAT {datanodeUUID=625627db-20f6-4593-9222-21b617438b7f, command=[]} | ret=SUCCESS |  
2019-08-21 05:58:52,277 | INFO  | SCMAudit | user=jenkins1000 | ip=192.168.69.91 | op=SEND_HEARTBEAT {datanodeUUID=f101476e-c990-429e-921c-5f445731959e, command=[]} | ret=SUCCESS |  
2019-08-21 05:58:52,336 | INFO  | SCMAudit | user=jenkins1000 | ip=192.168.69.91 | op=SEND_HEARTBEAT {datanodeUUID=49ab72ed-ff76-4952-870c-a3cea42cdb24, command=[]} | ret=SUCCESS |  
2019-08-21 05:58:52,523 | INFO  | SCMAudit | user=jenkins1000 | ip=192.168.69.91 | op=SEND_HEARTBEAT {datanodeUUID=3fd580a5-fd1e-4f13-9f88-976f7db82376, command=[]} | ret=SUCCESS |  
2019-08-21 05:58:52,727 | INFO  | SCMAudit | user=jenkins1000 | ip=192.168.69.91 | op=SEND_HEARTBEAT {datanodeUUID=046a392e-7484-4dfc-820d-faa08503447d, command=[]} | ret=SUCCESS |  
2019-08-21 05:58:52,893 | INFO  | SCMAudit | user=jenkins1000 | ip=192.168.69.91 | op=SEND_HEARTBEAT {datanodeUUID=4794a7d0-d8e2-4005-aaca-0a56e39fce16, command=[]} | ret=SUCCESS |  
2019-08-21 05:58:53,235 | INFO  | SCMAudit | user=jenkins1000 | ip=192.168.69.91 | op=SEND_HEARTBEAT {datanodeUUID=3c17af02-f769-4730-87e1-6a78a05442cb, command=[]} | ret=SUCCESS |  
2019-08-21 05:58:53,264 | INFO  | SCMAudit | user=jenkins1000 | ip=192.168.69.91 | op=SEND_HEARTBEAT {datanodeUUID=625627db-20f6-4593-9222-21b617438b7f, command=[]} | ret=SUCCESS |  
2019-08-21 05:58:53,277 | INFO  | SCMAudit | user=jenkins1000 | ip=192.168.69.91 | op=SEND_HEARTBEAT {datanodeUUID=f101476e-c990-429e-921c-5f445731959e, command=[]} | ret=SUCCESS |  
2019-08-21 05:58:53,336 | INFO  | SCMAudit | user=jenkins1000 | ip=192.168.69.91 | op=SEND_HEARTBEAT {datanodeUUID=49ab72ed-ff76-4952-870c-a3cea42cdb24, command=[]} | ret=SUCCESS |  
2019-08-21 05:58:53,523 | INFO  | SCMAudit | user=jenkins1000 | ip=192.168.69.91 | op=SEND_HEARTBEAT {datanodeUUID=3fd580a5-fd1e-4f13-9f88-976f7db82376, command=[]} | ret=SUCCESS |  
2019-08-21 05:58:53,728 | INFO  | SCMAudit | user=jenkins1000 | ip=192.168.69.91 | op=SEND_HEARTBEAT {datanodeUUID=046a392e-7484-4dfc-820d-faa08503447d, command=[]} | ret=SUCCESS |  
2019-08-21 05:58:53,893 | INFO  | SCMAudit | user=jenkins1000 | ip=192.168.69.91 | op=SEND_HEARTBEAT {datanodeUUID=4794a7d0-d8e2-4005-aaca-0a56e39fce16, command=[]} | ret=SUCCESS |  
2019-08-21 05:58:54,234 | INFO  | SCMAudit | user=jenkins1000 | ip=192.168.69.91 | op=SEND_HEARTBEAT {datanodeUUID=3c17af02-f769-4730-87e1-6a78a05442cb, command=[]} | ret=SUCCESS |  
2019-08-21 05:58:54,264 | INFO  | SCMAudit | user=jenkins1000 | ip=192.168.69.91 | op=SEND_HEARTBEAT {datanodeUUID=625627db-20f6-4593-9222-21b617438b7f, command=[]} | ret=SUCCESS |  
2019-08-21 05:58:54,277 | INFO  | SCMAudit | user=jenkins1000 | ip=192.168.69.91 | op=SEND_HEARTBEAT {datanodeUUID=f101476e-c990-429e-921c-5f445731959e, command=[]} | ret=SUCCESS |  
2019-08-21 05:58:54,336 | INFO  | SCMAudit | user=jenkins1000 | ip=192.168.69.91 | op=SEND_HEARTBEAT {datanodeUUID=49ab72ed-ff76-4952-870c-a3cea42cdb24, command=[]} | ret=SUCCESS |  
2019-08-21 05:58:54,524 | INFO  | SCMAudit | user=jenkins1000 | ip=192.168.69.91 | op=SEND_HEARTBEAT {datanodeUUID=3fd580a5-fd1e-4f13-9f88-976f7db82376, command=[]} | ret=SUCCESS |  
2019-08-21 05:58:54,727 | INFO  | SCMAudit | user=jenkins1000 | ip=192.168.69.91 | op=SEND_HEARTBEAT {datanodeUUID=046a392e-7484-4dfc-820d-faa08503447d, command=[]} | ret=SUCCESS |  
2019-08-21 05:58:54,894 | INFO  | SCMAudit | user=jenkins1000 | ip=192.168.69.91 | op=SEND_HEARTBEAT {datanodeUUID=4794a7d0-d8e2-4005-aaca-0a56e39fce16, command=[]} | ret=SUCCESS |  
2019-08-21 05:58:55,186 [grpc-default-executor-0] INFO  client.GrpcClientProtocolClient (GrpcClientProtocolClient.java:onNext(255)) - client-5E3AA808964E->f101476e-c990-429e-921c-5f445731959e: receive RaftClientReply:client-5E3AA808964E->f101476e-c990-429e-921c-5f445731959e@group-ED3E36EC8233, cid=45, FAILED org.apache.ratis.protocol.NotLeaderException: Server f101476e-c990-429e-921c-5f445731959e is not the leader (3c17af02-f769-4730-87e1-6a78a05442cb:192.168.69.91:45466). Request must be sent to leader., logIndex=0, commits[f101476e-c990-429e-921c-5f445731959e:c8, 3c17af02-f769-4730-87e1-6a78a05442cb:c8, 625627db-20f6-4593-9222-21b617438b7f:c8]
2019-08-21 05:58:55,234 | INFO  | SCMAudit | user=jenkins1000 | ip=192.168.69.91 | op=SEND_HEARTBEAT {datanodeUUID=3c17af02-f769-4730-87e1-6a78a05442cb, command=[]} | ret=SUCCESS |  
2019-08-21 05:58:55,265 | INFO  | SCMAudit | user=jenkins1000 | ip=192.168.69.91 | op=SEND_HEARTBEAT {datanodeUUID=625627db-20f6-4593-9222-21b617438b7f, command=[]} | ret=SUCCESS |  
2019-08-21 05:58:55,277 | INFO  | SCMAudit | user=jenkins1000 | ip=192.168.69.91 | op=SEND_HEARTBEAT {datanodeUUID=f101476e-c990-429e-921c-5f445731959e, command=[]} | ret=SUCCESS |  
2019-08-21 05:58:55,337 | INFO  | SCMAudit | user=jenkins1000 | ip=192.168.69.91 | op=SEND_HEARTBEAT {datanodeUUID=49ab72ed-ff76-4952-870c-a3cea42cdb24, command=[]} | ret=SUCCESS |  
2019-08-21 05:58:55,524 | INFO  | SCMAudit | user=jenkins1000 | ip=192.168.69.91 | op=SEND_HEARTBEAT {datanodeUUID=3fd580a5-fd1e-4f13-9f88-976f7db82376, command=[]} | ret=SUCCESS |  
2019-08-21 05:58:55,727 | INFO  | SCMAudit | user=jenkins1000 | ip=192.168.69.91 | op=SEND_HEARTBEAT {datanodeUUID=046a392e-7484-4dfc-820d-faa08503447d, command=[]} | ret=SUCCESS |  
2019-08-21 05:58:55,893 | INFO  | SCMAudit | user=jenkins1000 | ip=192.168.69.91 | op=SEND_HEARTBEAT {datanodeUUID=4794a7d0-d8e2-4005-aaca-0a56e39fce16, command=[]} | ret=SUCCESS |  
2019-08-21 05:58:56,235 | INFO  | SCMAudit | user=jenkins1000 | ip=192.168.69.91 | op=SEND_HEARTBEAT {datanodeUUID=3c17af02-f769-4730-87e1-6a78a05442cb, command=[]} | ret=SUCCESS |  
2019-08-21 05:58:56,265 | INFO  | SCMAudit | user=jenkins1000 | ip=192.168.69.91 | op=SEND_HEARTBEAT {datanodeUUID=625627db-20f6-4593-9222-21b617438b7f, command=[]} | ret=SUCCESS |  
2019-08-21 05:58:56,278 | INFO  | SCMAudit | user=jenkins1000 | ip=192.168.69.91 | op=SEND_HEARTBEAT {datanodeUUID=f101476e-c990-429e-921c-5f445731959e, command=[]} | ret=SUCCESS |  
2019-08-21 05:58:56,339 | INFO  | SCMAudit | user=jenkins1000 | ip=192.168.69.91 | op=SEND_HEARTBEAT {datanodeUUID=49ab72ed-ff76-4952-870c-a3cea42cdb24, command=[]} | ret=SUCCESS |  
2019-08-21 05:58:56,524 | INFO  | SCMAudit | user=jenkins1000 | ip=192.168.69.91 | op=SEND_HEARTBEAT {datanodeUUID=3fd580a5-fd1e-4f13-9f88-976f7db82376, command=[]} | ret=SUCCESS |  
2019-08-21 05:58:56,727 | INFO  | SCMAudit | user=jenkins1000 | ip=192.168.69.91 | op=SEND_HEARTBEAT {datanodeUUID=046a392e-7484-4dfc-820d-faa08503447d, command=[]} | ret=SUCCESS |  
2019-08-21 05:58:56,893 | INFO  | SCMAudit | user=jenkins1000 | ip=192.168.69.91 | op=SEND_HEARTBEAT {datanodeUUID=4794a7d0-d8e2-4005-aaca-0a56e39fce16, command=[]} | ret=SUCCESS |  
2019-08-21 05:58:57,235 | INFO  | SCMAudit | user=jenkins1000 | ip=192.168.69.91 | op=SEND_HEARTBEAT {datanodeUUID=3c17af02-f769-4730-87e1-6a78a05442cb, command=[]} | ret=SUCCESS |  
2019-08-21 05:58:57,265 | INFO  | SCMAudit | user=jenkins1000 | ip=192.168.69.91 | op=SEND_HEARTBEAT {datanodeUUID=625627db-20f6-4593-9222-21b617438b7f, command=[]} | ret=SUCCESS |  
2019-08-21 05:58:57,278 | INFO  | SCMAudit | user=jenkins1000 | ip=192.168.69.91 | op=SEND_HEARTBEAT {datanodeUUID=f101476e-c990-429e-921c-5f445731959e, command=[]} | ret=SUCCESS |  
2019-08-21 05:58:57,339 | INFO  | SCMAudit | user=jenkins1000 | ip=192.168.69.91 | op=SEND_HEARTBEAT {datanodeUUID=49ab72ed-ff76-4952-870c-a3cea42cdb24, command=[]} | ret=SUCCESS |  
2019-08-21 05:58:57,525 | INFO  | SCMAudit | user=jenkins1000 | ip=192.168.69.91 | op=SEND_HEARTBEAT {datanodeUUID=3fd580a5-fd1e-4f13-9f88-976f7db82376, command=[]} | ret=SUCCESS |  
2019-08-21 05:58:57,728 | INFO  | SCMAudit | user=jenkins1000 | ip=192.168.69.91 | op=SEND_HEARTBEAT {datanodeUUID=046a392e-7484-4dfc-820d-faa08503447d, command=[]} | ret=SUCCESS |  
2019-08-21 05:58:57,893 | INFO  | SCMAudit | user=jenkins1000 | ip=192.168.69.91 | op=SEND_HEARTBEAT {datanodeUUID=4794a7d0-d8e2-4005-aaca-0a56e39fce16, command=[]} | ret=SUCCESS |  
2019-08-21 05:58:58,235 | INFO  | SCMAudit | user=jenkins1000 | ip=192.168.69.91 | op=SEND_HEARTBEAT {datanodeUUID=3c17af02-f769-4730-87e1-6a78a05442cb, command=[]} | ret=SUCCESS |  
2019-08-21 05:58:58,265 | INFO  | SCMAudit | user=jenkins1000 | ip=192.168.69.91 | op=SEND_HEARTBEAT {datanodeUUID=625627db-20f6-4593-9222-21b617438b7f, command=[]} | ret=SUCCESS |  
2019-08-21 05:58:58,278 | INFO  | SCMAudit | user=jenkins1000 | ip=192.168.69.91 | op=SEND_HEARTBEAT {datanodeUUID=f101476e-c990-429e-921c-5f445731959e, command=[]} | ret=SUCCESS |  
2019-08-21 05:58:58,339 | INFO  | SCMAudit | user=jenkins1000 | ip=192.168.69.91 | op=SEND_HEARTBEAT {datanodeUUID=49ab72ed-ff76-4952-870c-a3cea42cdb24, command=[]} | ret=SUCCESS |  
2019-08-21 05:58:58,525 | INFO  | SCMAudit | user=jenkins1000 | ip=192.168.69.91 | op=SEND_HEARTBEAT {datanodeUUID=3fd580a5-fd1e-4f13-9f88-976f7db82376, command=[]} | ret=SUCCESS |  
2019-08-21 05:58:58,728 | INFO  | SCMAudit | user=jenkins1000 | ip=192.168.69.91 | op=SEND_HEARTBEAT {datanodeUUID=046a392e-7484-4dfc-820d-faa08503447d, command=[]} | ret=SUCCESS |  
2019-08-21 05:58:58,893 | INFO  | SCMAudit | user=jenkins1000 | ip=192.168.69.91 | op=SEND_HEARTBEAT {datanodeUUID=4794a7d0-d8e2-4005-aaca-0a56e39fce16, command=[]} | ret=SUCCESS |  
2019-08-21 05:58:59,236 | INFO  | SCMAudit | user=jenkins1000 | ip=192.168.69.91 | op=SEND_HEARTBEAT {datanodeUUID=3c17af02-f769-4730-87e1-6a78a05442cb, command=[]} | ret=SUCCESS |  
2019-08-21 05:58:59,265 | INFO  | SCMAudit | user=jenkins1000 | ip=192.168.69.91 | op=SEND_HEARTBEAT {datanodeUUID=625627db-20f6-4593-9222-21b617438b7f, command=[]} | ret=SUCCESS |  
2019-08-21 05:58:59,278 | INFO  | SCMAudit | user=jenkins1000 | ip=192.168.69.91 | op=SEND_HEARTBEAT {datanodeUUID=f101476e-c990-429e-921c-5f445731959e, command=[]} | ret=SUCCESS |  
2019-08-21 05:58:59,339 | INFO  | SCMAudit | user=jenkins1000 | ip=192.168.69.91 | op=SEND_HEARTBEAT {datanodeUUID=49ab72ed-ff76-4952-870c-a3cea42cdb24, command=[]} | ret=SUCCESS |  
2019-08-21 05:58:59,526 | INFO  | SCMAudit | user=jenkins1000 | ip=192.168.69.91 | op=SEND_HEARTBEAT {datanodeUUID=3fd580a5-fd1e-4f13-9f88-976f7db82376, command=[]} | ret=SUCCESS |  
2019-08-21 05:58:59,728 | INFO  | SCMAudit | user=jenkins1000 | ip=192.168.69.91 | op=SEND_HEARTBEAT {datanodeUUID=046a392e-7484-4dfc-820d-faa08503447d, command=[]} | ret=SUCCESS |  
2019-08-21 05:58:59,894 | INFO  | SCMAudit | user=jenkins1000 | ip=192.168.69.91 | op=SEND_HEARTBEAT {datanodeUUID=4794a7d0-d8e2-4005-aaca-0a56e39fce16, command=[]} | ret=SUCCESS |  
2019-08-21 05:59:00,230 [grpc-default-executor-4] INFO  client.GrpcClientProtocolClient (GrpcClientProtocolClient.java:onNext(255)) - client-5E3AA808964E->f101476e-c990-429e-921c-5f445731959e: receive RaftClientReply:client-5E3AA808964E->f101476e-c990-429e-921c-5f445731959e@group-ED3E36EC8233, cid=45, FAILED org.apache.ratis.protocol.NotLeaderException: Server f101476e-c990-429e-921c-5f445731959e is not the leader (3c17af02-f769-4730-87e1-6a78a05442cb:192.168.69.91:45466). Request must be sent to leader., logIndex=0, commits[f101476e-c990-429e-921c-5f445731959e:c8, 3c17af02-f769-4730-87e1-6a78a05442cb:c8, 625627db-20f6-4593-9222-21b617438b7f:c8]
2019-08-21 05:59:00,243 | INFO  | SCMAudit | user=jenkins1000 | ip=192.168.69.91 | op=SEND_HEARTBEAT {datanodeUUID=3c17af02-f769-4730-87e1-6a78a05442cb, command=[]} | ret=SUCCESS |  
2019-08-21 05:59:00,265 | INFO  | SCMAudit | user=jenkins1000 | ip=192.168.69.91 | op=SEND_HEARTBEAT {datanodeUUID=625627db-20f6-4593-9222-21b617438b7f, command=[]} | ret=SUCCESS |  
2019-08-21 05:59:00,278 | INFO  | SCMAudit | user=jenkins1000 | ip=192.168.69.91 | op=SEND_HEARTBEAT {datanodeUUID=f101476e-c990-429e-921c-5f445731959e, command=[]} | ret=SUCCESS |  
2019-08-21 05:59:00,339 | INFO  | SCMAudit | user=jenkins1000 | ip=192.168.69.91 | op=SEND_HEARTBEAT {datanodeUUID=49ab72ed-ff76-4952-870c-a3cea42cdb24, command=[]} | ret=SUCCESS |  
2019-08-21 05:59:00,525 | INFO  | SCMAudit | user=jenkins1000 | ip=192.168.69.91 | op=SEND_HEARTBEAT {datanodeUUID=3fd580a5-fd1e-4f13-9f88-976f7db82376, command=[]} | ret=SUCCESS |  
2019-08-21 05:59:00,729 | INFO  | SCMAudit | user=jenkins1000 | ip=192.168.69.91 | op=SEND_HEARTBEAT {datanodeUUID=046a392e-7484-4dfc-820d-faa08503447d, command=[]} | ret=SUCCESS |  
2019-08-21 05:59:00,893 | INFO  | SCMAudit | user=jenkins1000 | ip=192.168.69.91 | op=SEND_HEARTBEAT {datanodeUUID=4794a7d0-d8e2-4005-aaca-0a56e39fce16, command=[]} | ret=SUCCESS |  
2019-08-21 05:59:01,236 | INFO  | SCMAudit | user=jenkins1000 | ip=192.168.69.91 | op=SEND_HEARTBEAT {datanodeUUID=3c17af02-f769-4730-87e1-6a78a05442cb, command=[]} | ret=SUCCESS |  
2019-08-21 05:59:01,265 | INFO  | SCMAudit | user=jenkins1000 | ip=192.168.69.91 | op=SEND_HEARTBEAT {datanodeUUID=625627db-20f6-4593-9222-21b617438b7f, command=[]} | ret=SUCCESS |  
2019-08-21 05:59:01,278 | INFO  | SCMAudit | user=jenkins1000 | ip=192.168.69.91 | op=SEND_HEARTBEAT {datanodeUUID=f101476e-c990-429e-921c-5f445731959e, command=[]} | ret=SUCCESS |  
2019-08-21 05:59:01,340 | INFO  | SCMAudit | user=jenkins1000 | ip=192.168.69.91 | op=SEND_HEARTBEAT {datanodeUUID=49ab72ed-ff76-4952-870c-a3cea42cdb24, command=[]} | ret=SUCCESS |  
2019-08-21 05:59:01,526 | INFO  | SCMAudit | user=jenkins1000 | ip=192.168.69.91 | op=SEND_HEARTBEAT {datanodeUUID=3fd580a5-fd1e-4f13-9f88-976f7db82376, command=[]} | ret=SUCCESS |  
2019-08-21 05:59:01,729 | INFO  | SCMAudit | user=jenkins1000 | ip=192.168.69.91 | op=SEND_HEARTBEAT {datanodeUUID=046a392e-7484-4dfc-820d-faa08503447d, command=[]} | ret=SUCCESS |  
2019-08-21 05:59:01,893 | INFO  | SCMAudit | user=jenkins1000 | ip=192.168.69.91 | op=SEND_HEARTBEAT {datanodeUUID=4794a7d0-d8e2-4005-aaca-0a56e39fce16, command=[]} | ret=SUCCESS |  
2019-08-21 05:59:02,236 | INFO  | SCMAudit | user=jenkins1000 | ip=192.168.69.91 | op=SEND_HEARTBEAT {datanodeUUID=3c17af02-f769-4730-87e1-6a78a05442cb, command=[]} | ret=SUCCESS |  
2019-08-21 05:59:02,266 | INFO  | SCMAudit | user=jenkins1000 | ip=192.168.69.91 | op=SEND_HEARTBEAT {datanodeUUID=625627db-20f6-4593-9222-21b617438b7f, command=[]} | ret=SUCCESS |  
2019-08-21 05:59:02,279 | INFO  | SCMAudit | user=jenkins1000 | ip=192.168.69.91 | op=SEND_HEARTBEAT {datanodeUUID=f101476e-c990-429e-921c-5f445731959e, command=[]} | ret=SUCCESS |  
2019-08-21 05:59:02,340 | INFO  | SCMAudit | user=jenkins1000 | ip=192.168.69.91 | op=SEND_HEARTBEAT {datanodeUUID=49ab72ed-ff76-4952-870c-a3cea42cdb24, command=[]} | ret=SUCCESS |  
2019-08-21 05:59:02,525 | INFO  | SCMAudit | user=jenkins1000 | ip=192.168.69.91 | op=SEND_HEARTBEAT {datanodeUUID=3fd580a5-fd1e-4f13-9f88-976f7db82376, command=[]} | ret=SUCCESS |  
2019-08-21 05:59:02,730 | INFO  | SCMAudit | user=jenkins1000 | ip=192.168.69.91 | op=SEND_HEARTBEAT {datanodeUUID=046a392e-7484-4dfc-820d-faa08503447d, command=[]} | ret=SUCCESS |  
2019-08-21 05:59:02,893 | INFO  | SCMAudit | user=jenkins1000 | ip=192.168.69.91 | op=SEND_HEARTBEAT {datanodeUUID=4794a7d0-d8e2-4005-aaca-0a56e39fce16, command=[]} | ret=SUCCESS |  
2019-08-21 05:59:03,237 | INFO  | SCMAudit | user=jenkins1000 | ip=192.168.69.91 | op=SEND_HEARTBEAT {datanodeUUID=3c17af02-f769-4730-87e1-6a78a05442cb, command=[]} | ret=SUCCESS |  
2019-08-21 05:59:03,266 | INFO  | SCMAudit | user=jenkins1000 | ip=192.168.69.91 | op=SEND_HEARTBEAT {datanodeUUID=625627db-20f6-4593-9222-21b617438b7f, command=[]} | ret=SUCCESS |  
2019-08-21 05:59:03,279 | INFO  | SCMAudit | user=jenkins1000 | ip=192.168.69.91 | op=SEND_HEARTBEAT {datanodeUUID=f101476e-c990-429e-921c-5f445731959e, command=[]} | ret=SUCCESS |  
2019-08-21 05:59:03,340 | INFO  | SCMAudit | user=jenkins1000 | ip=192.168.69.91 | op=SEND_HEARTBEAT {datanodeUUID=49ab72ed-ff76-4952-870c-a3cea42cdb24, command=[]} | ret=SUCCESS |  
2019-08-21 05:59:03,526 | INFO  | SCMAudit | user=jenkins1000 | ip=192.168.69.91 | op=SEND_HEARTBEAT {datanodeUUID=3fd580a5-fd1e-4f13-9f88-976f7db82376, command=[]} | ret=SUCCESS |  
2019-08-21 05:59:03,729 | INFO  | SCMAudit | user=jenkins1000 | ip=192.168.69.91 | op=SEND_HEARTBEAT {datanodeUUID=046a392e-7484-4dfc-820d-faa08503447d, command=[]} | ret=SUCCESS |  
2019-08-21 05:59:03,894 | INFO  | SCMAudit | user=jenkins1000 | ip=192.168.69.91 | op=SEND_HEARTBEAT {datanodeUUID=4794a7d0-d8e2-4005-aaca-0a56e39fce16, command=[]} | ret=SUCCESS |  
2019-08-21 05:59:04,237 | INFO  | SCMAudit | user=jenkins1000 | ip=192.168.69.91 | op=SEND_HEARTBEAT {datanodeUUID=3c17af02-f769-4730-87e1-6a78a05442cb, command=[]} | ret=SUCCESS |  
2019-08-21 05:59:04,267 | INFO  | SCMAudit | user=jenkins1000 | ip=192.168.69.91 | op=SEND_HEARTBEAT {datanodeUUID=625627db-20f6-4593-9222-21b617438b7f, command=[]} | ret=SUCCESS |  
2019-08-21 05:59:04,279 | INFO  | SCMAudit | user=jenkins1000 | ip=192.168.69.91 | op=SEND_HEARTBEAT {datanodeUUID=f101476e-c990-429e-921c-5f445731959e, command=[]} | ret=SUCCESS |  
2019-08-21 05:59:04,340 | INFO  | SCMAudit | user=jenkins1000 | ip=192.168.69.91 | op=SEND_HEARTBEAT {datanodeUUID=49ab72ed-ff76-4952-870c-a3cea42cdb24, command=[]} | ret=SUCCESS |  
2019-08-21 05:59:04,525 | INFO  | SCMAudit | user=jenkins1000 | ip=192.168.69.91 | op=SEND_HEARTBEAT {datanodeUUID=3fd580a5-fd1e-4f13-9f88-976f7db82376, command=[]} | ret=SUCCESS |  
2019-08-21 05:59:04,729 | INFO  | SCMAudit | user=jenkins1000 | ip=192.168.69.91 | op=SEND_HEARTBEAT {datanodeUUID=046a392e-7484-4dfc-820d-faa08503447d, command=[]} | ret=SUCCESS |  
2019-08-21 05:59:04,894 | INFO  | SCMAudit | user=jenkins1000 | ip=192.168.69.91 | op=SEND_HEARTBEAT {datanodeUUID=4794a7d0-d8e2-4005-aaca-0a56e39fce16, command=[]} | ret=SUCCESS |  
2019-08-21 05:59:05,237 | INFO  | SCMAudit | user=jenkins1000 | ip=192.168.69.91 | op=SEND_HEARTBEAT {datanodeUUID=3c17af02-f769-4730-87e1-6a78a05442cb, command=[]} | ret=SUCCESS |  
2019-08-21 05:59:05,266 | INFO  | SCMAudit | user=jenkins1000 | ip=192.168.69.91 | op=SEND_HEARTBEAT {datanodeUUID=625627db-20f6-4593-9222-21b617438b7f, command=[]} | ret=SUCCESS |  
2019-08-21 05:59:05,275 [grpc-default-executor-0] INFO  client.GrpcClientProtocolClient (GrpcClientProtocolClient.java:onNext(255)) - client-5E3AA808964E->625627db-20f6-4593-9222-21b617438b7f: receive RaftClientReply:client-5E3AA808964E->625627db-20f6-4593-9222-21b617438b7f@group-ED3E36EC8233, cid=45, FAILED org.apache.ratis.protocol.NotLeaderException: Server 625627db-20f6-4593-9222-21b617438b7f is not the leader (3c17af02-f769-4730-87e1-6a78a05442cb:192.168.69.91:45466). Request must be sent to leader., logIndex=0, commits[625627db-20f6-4593-9222-21b617438b7f:c8, f101476e-c990-429e-921c-5f445731959e:c8, 3c17af02-f769-4730-87e1-6a78a05442cb:c8]
2019-08-21 05:59:05,285 | INFO  | SCMAudit | user=jenkins1000 | ip=192.168.69.91 | op=SEND_HEARTBEAT {datanodeUUID=f101476e-c990-429e-921c-5f445731959e, command=[]} | ret=SUCCESS |  
2019-08-21 05:59:05,340 | INFO  | SCMAudit | user=jenkins1000 | ip=192.168.69.91 | op=SEND_HEARTBEAT {datanodeUUID=49ab72ed-ff76-4952-870c-a3cea42cdb24, command=[]} | ret=SUCCESS |  
2019-08-21 05:59:05,526 | INFO  | SCMAudit | user=jenkins1000 | ip=192.168.69.91 | op=SEND_HEARTBEAT {datanodeUUID=3fd580a5-fd1e-4f13-9f88-976f7db82376, command=[]} | ret=SUCCESS |  
2019-08-21 05:59:05,729 | INFO  | SCMAudit | user=jenkins1000 | ip=192.168.69.91 | op=SEND_HEARTBEAT {datanodeUUID=046a392e-7484-4dfc-820d-faa08503447d, command=[]} | ret=SUCCESS |  
2019-08-21 05:59:05,894 | INFO  | SCMAudit | user=jenkins1000 | ip=192.168.69.91 | op=SEND_HEARTBEAT {datanodeUUID=4794a7d0-d8e2-4005-aaca-0a56e39fce16, command=[]} | ret=SUCCESS |  
2019-08-21 05:59:06,238 | INFO  | SCMAudit | user=jenkins1000 | ip=192.168.69.91 | op=SEND_HEARTBEAT {datanodeUUID=3c17af02-f769-4730-87e1-6a78a05442cb, command=[]} | ret=SUCCESS |  
2019-08-21 05:59:06,267 | INFO  | SCMAudit | user=jenkins1000 | ip=192.168.69.91 | op=SEND_HEARTBEAT {datanodeUUID=625627db-20f6-4593-9222-21b617438b7f, command=[]} | ret=SUCCESS |  
2019-08-21 05:59:06,280 | INFO  | SCMAudit | user=jenkins1000 | ip=192.168.69.91 | op=SEND_HEARTBEAT {datanodeUUID=f101476e-c990-429e-921c-5f445731959e, command=[]} | ret=SUCCESS |  
2019-08-21 05:59:06,340 | INFO  | SCMAudit | user=jenkins1000 | ip=192.168.69.91 | op=SEND_HEARTBEAT {datanodeUUID=49ab72ed-ff76-4952-870c-a3cea42cdb24, command=[]} | ret=SUCCESS |  
2019-08-21 05:59:06,525 | INFO  | SCMAudit | user=jenkins1000 | ip=192.168.69.91 | op=SEND_HEARTBEAT {datanodeUUID=3fd580a5-fd1e-4f13-9f88-976f7db82376, command=[]} | ret=SUCCESS |  
2019-08-21 05:59:06,729 | INFO  | SCMAudit | user=jenkins1000 | ip=192.168.69.91 | op=SEND_HEARTBEAT {datanodeUUID=046a392e-7484-4dfc-820d-faa08503447d, command=[]} | ret=SUCCESS |  
2019-08-21 05:59:06,894 | INFO  | SCMAudit | user=jenkins1000 | ip=192.168.69.91 | op=SEND_HEARTBEAT {datanodeUUID=4794a7d0-d8e2-4005-aaca-0a56e39fce16, command=[]} | ret=SUCCESS |  
2019-08-21 05:59:07,238 | INFO  | SCMAudit | user=jenkins1000 | ip=192.168.69.91 | op=SEND_HEARTBEAT {datanodeUUID=3c17af02-f769-4730-87e1-6a78a05442cb, command=[]} | ret=SUCCESS |  
2019-08-21 05:59:07,266 | INFO  | SCMAudit | user=jenkins1000 | ip=192.168.69.91 | op=SEND_HEARTBEAT {datanodeUUID=625627db-20f6-4593-9222-21b617438b7f, command=[]} | ret=SUCCESS |  
2019-08-21 05:59:07,280 | INFO  | SCMAudit | user=jenkins1000 | ip=192.168.69.91 | op=SEND_HEARTBEAT {datanodeUUID=f101476e-c990-429e-921c-5f445731959e, command=[]} | ret=SUCCESS |  
2019-08-21 05:59:07,340 | INFO  | SCMAudit | user=jenkins1000 | ip=192.168.69.91 | op=SEND_HEARTBEAT {datanodeUUID=49ab72ed-ff76-4952-870c-a3cea42cdb24, command=[]} | ret=SUCCESS |  
2019-08-21 05:59:07,526 | INFO  | SCMAudit | user=jenkins1000 | ip=192.168.69.91 | op=SEND_HEARTBEAT {datanodeUUID=3fd580a5-fd1e-4f13-9f88-976f7db82376, command=[]} | ret=SUCCESS |  
2019-08-21 05:59:07,730 | INFO  | SCMAudit | user=jenkins1000 | ip=192.168.69.91 | op=SEND_HEARTBEAT {datanodeUUID=046a392e-7484-4dfc-820d-faa08503447d, command=[]} | ret=SUCCESS |  
2019-08-21 05:59:07,895 | INFO  | SCMAudit | user=jenkins1000 | ip=192.168.69.91 | op=SEND_HEARTBEAT {datanodeUUID=4794a7d0-d8e2-4005-aaca-0a56e39fce16, command=[]} | ret=SUCCESS |  
2019-08-21 05:59:08,238 | INFO  | SCMAudit | user=jenkins1000 | ip=192.168.69.91 | op=SEND_HEARTBEAT {datanodeUUID=3c17af02-f769-4730-87e1-6a78a05442cb, command=[]} | ret=SUCCESS |  
2019-08-21 05:59:08,269 | INFO  | SCMAudit | user=jenkins1000 | ip=192.168.69.91 | op=SEND_HEARTBEAT {datanodeUUID=625627db-20f6-4593-9222-21b617438b7f, command=[]} | ret=SUCCESS |  
2019-08-21 05:59:08,280 | INFO  | SCMAudit | user=jenkins1000 | ip=192.168.69.91 | op=SEND_HEARTBEAT {datanodeUUID=f101476e-c990-429e-921c-5f445731959e, command=[]} | ret=SUCCESS |  
2019-08-21 05:59:08,340 | INFO  | SCMAudit | user=jenkins1000 | ip=192.168.69.91 | op=SEND_HEARTBEAT {datanodeUUID=49ab72ed-ff76-4952-870c-a3cea42cdb24, command=[]} | ret=SUCCESS |  
2019-08-21 05:59:08,525 | INFO  | SCMAudit | user=jenkins1000 | ip=192.168.69.91 | op=SEND_HEARTBEAT {datanodeUUID=3fd580a5-fd1e-4f13-9f88-976f7db82376, command=[]} | ret=SUCCESS |  
2019-08-21 05:59:08,729 | INFO  | SCMAudit | user=jenkins1000 | ip=192.168.69.91 | op=SEND_HEARTBEAT {datanodeUUID=046a392e-7484-4dfc-820d-faa08503447d, command=[]} | ret=SUCCESS |  
2019-08-21 05:59:08,895 | INFO  | SCMAudit | user=jenkins1000 | ip=192.168.69.91 | op=SEND_HEARTBEAT {datanodeUUID=4794a7d0-d8e2-4005-aaca-0a56e39fce16, command=[]} | ret=SUCCESS |  
2019-08-21 05:59:09,239 | INFO  | SCMAudit | user=jenkins1000 | ip=192.168.69.91 | op=SEND_HEARTBEAT {datanodeUUID=3c17af02-f769-4730-87e1-6a78a05442cb, command=[]} | ret=SUCCESS |  
2019-08-21 05:59:09,268 | INFO  | SCMAudit | user=jenkins1000 | ip=192.168.69.91 | op=SEND_HEARTBEAT {datanodeUUID=625627db-20f6-4593-9222-21b617438b7f, command=[]} | ret=SUCCESS |  
2019-08-21 05:59:09,280 | INFO  | SCMAudit | user=jenkins1000 | ip=192.168.69.91 | op=SEND_HEARTBEAT {datanodeUUID=f101476e-c990-429e-921c-5f445731959e, command=[]} | ret=SUCCESS |  
2019-08-21 05:59:09,340 | INFO  | SCMAudit | user=jenkins1000 | ip=192.168.69.91 | op=SEND_HEARTBEAT {datanodeUUID=49ab72ed-ff76-4952-870c-a3cea42cdb24, command=[]} | ret=SUCCESS |  
2019-08-21 05:59:09,526 | INFO  | SCMAudit | user=jenkins1000 | ip=192.168.69.91 | op=SEND_HEARTBEAT {datanodeUUID=3fd580a5-fd1e-4f13-9f88-976f7db82376, command=[]} | ret=SUCCESS |  
2019-08-21 05:59:09,729 | INFO  | SCMAudit | user=jenkins1000 | ip=192.168.69.91 | op=SEND_HEARTBEAT {datanodeUUID=046a392e-7484-4dfc-820d-faa08503447d, command=[]} | ret=SUCCESS |  
2019-08-21 05:59:09,895 | INFO  | SCMAudit | user=jenkins1000 | ip=192.168.69.91 | op=SEND_HEARTBEAT {datanodeUUID=4794a7d0-d8e2-4005-aaca-0a56e39fce16, command=[]} | ret=SUCCESS |  
2019-08-21 05:59:10,238 | INFO  | SCMAudit | user=jenkins1000 | ip=192.168.69.91 | op=SEND_HEARTBEAT {datanodeUUID=3c17af02-f769-4730-87e1-6a78a05442cb, command=[]} | ret=SUCCESS |  
2019-08-21 05:59:10,269 | INFO  | SCMAudit | user=jenkins1000 | ip=192.168.69.91 | op=SEND_HEARTBEAT {datanodeUUID=625627db-20f6-4593-9222-21b617438b7f, command=[]} | ret=SUCCESS |  
2019-08-21 05:59:10,280 | INFO  | SCMAudit | user=jenkins1000 | ip=192.168.69.91 | op=SEND_HEARTBEAT {datanodeUUID=f101476e-c990-429e-921c-5f445731959e, command=[]} | ret=SUCCESS |  
2019-08-21 05:59:10,321 [grpc-default-executor-4] INFO  client.GrpcClientProtocolClient (GrpcClientProtocolClient.java:onNext(255)) - client-5E3AA808964E->f101476e-c990-429e-921c-5f445731959e: receive RaftClientReply:client-5E3AA808964E->f101476e-c990-429e-921c-5f445731959e@group-ED3E36EC8233, cid=45, FAILED org.apache.ratis.protocol.NotLeaderException: Server f101476e-c990-429e-921c-5f445731959e is not the leader (3c17af02-f769-4730-87e1-6a78a05442cb:192.168.69.91:45466). Request must be sent to leader., logIndex=0, commits[f101476e-c990-429e-921c-5f445731959e:c8, 3c17af02-f769-4730-87e1-6a78a05442cb:c8, 625627db-20f6-4593-9222-21b617438b7f:c8]
2019-08-21 05:59:10,340 | INFO  | SCMAudit | user=jenkins1000 | ip=192.168.69.91 | op=SEND_HEARTBEAT {datanodeUUID=49ab72ed-ff76-4952-870c-a3cea42cdb24, command=[]} | ret=SUCCESS |  
2019-08-21 05:59:10,525 | INFO  | SCMAudit | user=jenkins1000 | ip=192.168.69.91 | op=SEND_HEARTBEAT {datanodeUUID=3fd580a5-fd1e-4f13-9f88-976f7db82376, command=[]} | ret=SUCCESS |  
2019-08-21 05:59:10,730 | INFO  | SCMAudit | user=jenkins1000 | ip=192.168.69.91 | op=SEND_HEARTBEAT {datanodeUUID=046a392e-7484-4dfc-820d-faa08503447d, command=[]} | ret=SUCCESS |  
2019-08-21 05:59:10,896 | INFO  | SCMAudit | user=jenkins1000 | ip=192.168.69.91 | op=SEND_HEARTBEAT {datanodeUUID=4794a7d0-d8e2-4005-aaca-0a56e39fce16, command=[]} | ret=SUCCESS |  
2019-08-21 05:59:11,239 | INFO  | SCMAudit | user=jenkins1000 | ip=192.168.69.91 | op=SEND_HEARTBEAT {datanodeUUID=3c17af02-f769-4730-87e1-6a78a05442cb, command=[]} | ret=SUCCESS |  
2019-08-21 05:59:11,269 | INFO  | SCMAudit | user=jenkins1000 | ip=192.168.69.91 | op=SEND_HEARTBEAT {datanodeUUID=625627db-20f6-4593-9222-21b617438b7f, command=[]} | ret=SUCCESS |  
2019-08-21 05:59:11,281 | INFO  | SCMAudit | user=jenkins1000 | ip=192.168.69.91 | op=SEND_HEARTBEAT {datanodeUUID=f101476e-c990-429e-921c-5f445731959e, command=[]} | ret=SUCCESS |  
2019-08-21 05:59:11,341 | INFO  | SCMAudit | user=jenkins1000 | ip=192.168.69.91 | op=SEND_HEARTBEAT {datanodeUUID=49ab72ed-ff76-4952-870c-a3cea42cdb24, command=[]} | ret=SUCCESS |  
2019-08-21 05:59:11,525 | INFO  | SCMAudit | user=jenkins1000 | ip=192.168.69.91 | op=SEND_HEARTBEAT {datanodeUUID=3fd580a5-fd1e-4f13-9f88-976f7db82376, command=[]} | ret=SUCCESS |  
2019-08-21 05:59:11,729 | INFO  | SCMAudit | user=jenkins1000 | ip=192.168.69.91 | op=SEND_HEARTBEAT {datanodeUUID=046a392e-7484-4dfc-820d-faa08503447d, command=[]} | ret=SUCCESS |  
2019-08-21 05:59:11,895 | INFO  | SCMAudit | user=jenkins1000 | ip=192.168.69.91 | op=SEND_HEARTBEAT {datanodeUUID=4794a7d0-d8e2-4005-aaca-0a56e39fce16, command=[]} | ret=SUCCESS |  
2019-08-21 05:59:12,238 | INFO  | SCMAudit | user=jenkins1000 | ip=192.168.69.91 | op=SEND_HEARTBEAT {datanodeUUID=3c17af02-f769-4730-87e1-6a78a05442cb, command=[]} | ret=SUCCESS |  
2019-08-21 05:59:12,268 | INFO  | SCMAudit | user=jenkins1000 | ip=192.168.69.91 | op=SEND_HEARTBEAT {datanodeUUID=625627db-20f6-4593-9222-21b617438b7f, command=[]} | ret=SUCCESS |  
2019-08-21 05:59:12,281 | INFO  | SCMAudit | user=jenkins1000 | ip=192.168.69.91 | op=SEND_HEARTBEAT {datanodeUUID=f101476e-c990-429e-921c-5f445731959e, command=[]} | ret=SUCCESS |  
2019-08-21 05:59:12,341 | INFO  | SCMAudit | user=jenkins1000 | ip=192.168.69.91 | op=SEND_HEARTBEAT {datanodeUUID=49ab72ed-ff76-4952-870c-a3cea42cdb24, command=[]} | ret=SUCCESS |  
2019-08-21 05:59:12,525 | INFO  | SCMAudit | user=jenkins1000 | ip=192.168.69.91 | op=SEND_HEARTBEAT {datanodeUUID=3fd580a5-fd1e-4f13-9f88-976f7db82376, command=[]} | ret=SUCCESS |  
2019-08-21 05:59:12,729 | INFO  | SCMAudit | user=jenkins1000 | ip=192.168.69.91 | op=SEND_HEARTBEAT {datanodeUUID=046a392e-7484-4dfc-820d-faa08503447d, command=[]} | ret=SUCCESS |  
2019-08-21 05:59:12,895 | INFO  | SCMAudit | user=jenkins1000 | ip=192.168.69.91 | op=SEND_HEARTBEAT {datanodeUUID=4794a7d0-d8e2-4005-aaca-0a56e39fce16, command=[]} | ret=SUCCESS |  
2019-08-21 05:59:13,239 | INFO  | SCMAudit | user=jenkins1000 | ip=192.168.69.91 | op=SEND_HEARTBEAT {datanodeUUID=3c17af02-f769-4730-87e1-6a78a05442cb, command=[]} | ret=SUCCESS |  
2019-08-21 05:59:13,269 | INFO  | SCMAudit | user=jenkins1000 | ip=192.168.69.91 | op=SEND_HEARTBEAT {datanodeUUID=625627db-20f6-4593-9222-21b617438b7f, command=[]} | ret=SUCCESS |  
2019-08-21 05:59:13,281 | INFO  | SCMAudit | user=jenkins1000 | ip=192.168.69.91 | op=SEND_HEARTBEAT {datanodeUUID=f101476e-c990-429e-921c-5f445731959e, command=[]} | ret=SUCCESS |  
2019-08-21 05:59:13,341 | INFO  | SCMAudit | user=jenkins1000 | ip=192.168.69.91 | op=SEND_HEARTBEAT {datanodeUUID=49ab72ed-ff76-4952-870c-a3cea42cdb24, command=[]} | ret=SUCCESS |  
2019-08-21 05:59:13,526 | INFO  | SCMAudit | user=jenkins1000 | ip=192.168.69.91 | op=SEND_HEARTBEAT {datanodeUUID=3fd580a5-fd1e-4f13-9f88-976f7db82376, command=[]} | ret=SUCCESS |  
2019-08-21 05:59:13,729 | INFO  | SCMAudit | user=jenkins1000 | ip=192.168.69.91 | op=SEND_HEARTBEAT {datanodeUUID=046a392e-7484-4dfc-820d-faa08503447d, command=[]} | ret=SUCCESS |  
2019-08-21 05:59:13,896 | INFO  | SCMAudit | user=jenkins1000 | ip=192.168.69.91 | op=SEND_HEARTBEAT {datanodeUUID=4794a7d0-d8e2-4005-aaca-0a56e39fce16, command=[]} | ret=SUCCESS |  
2019-08-21 05:59:14,238 | INFO  | SCMAudit | user=jenkins1000 | ip=192.168.69.91 | op=SEND_HEARTBEAT {datanodeUUID=3c17af02-f769-4730-87e1-6a78a05442cb, command=[]} | ret=SUCCESS |  
2019-08-21 05:59:14,268 | INFO  | SCMAudit | user=jenkins1000 | ip=192.168.69.91 | op=SEND_HEARTBEAT {datanodeUUID=625627db-20f6-4593-9222-21b617438b7f, command=[]} | ret=SUCCESS |  
2019-08-21 05:59:14,281 | INFO  | SCMAudit | user=jenkins1000 | ip=192.168.69.91 | op=SEND_HEARTBEAT {datanodeUUID=f101476e-c990-429e-921c-5f445731959e, command=[]} | ret=SUCCESS |  
2019-08-21 05:59:14,353 | INFO  | SCMAudit | user=jenkins1000 | ip=192.168.69.91 | op=SEND_HEARTBEAT {datanodeUUID=49ab72ed-ff76-4952-870c-a3cea42cdb24, command=[]} | ret=SUCCESS |  
2019-08-21 05:59:14,525 | INFO  | SCMAudit | user=jenkins1000 | ip=192.168.69.91 | op=SEND_HEARTBEAT {datanodeUUID=3fd580a5-fd1e-4f13-9f88-976f7db82376, command=[]} | ret=SUCCESS |  
2019-08-21 05:59:14,730 | INFO  | SCMAudit | user=jenkins1000 | ip=192.168.69.91 | op=SEND_HEARTBEAT {datanodeUUID=046a392e-7484-4dfc-820d-faa08503447d, command=[]} | ret=SUCCESS |  
2019-08-21 05:59:14,896 | INFO  | SCMAudit | user=jenkins1000 | ip=192.168.69.91 | op=SEND_HEARTBEAT {datanodeUUID=4794a7d0-d8e2-4005-aaca-0a56e39fce16, command=[]} | ret=SUCCESS |  
2019-08-21 05:59:15,238 | INFO  | SCMAudit | user=jenkins1000 | ip=192.168.69.91 | op=SEND_HEARTBEAT {datanodeUUID=3c17af02-f769-4730-87e1-6a78a05442cb, command=[]} | ret=SUCCESS |  
2019-08-21 05:59:15,268 | INFO  | SCMAudit | user=jenkins1000 | ip=192.168.69.91 | op=SEND_HEARTBEAT {datanodeUUID=625627db-20f6-4593-9222-21b617438b7f, command=[]} | ret=SUCCESS |  
2019-08-21 05:59:15,281 | INFO  | SCMAudit | user=jenkins1000 | ip=192.168.69.91 | op=SEND_HEARTBEAT {datanodeUUID=f101476e-c990-429e-921c-5f445731959e, command=[]} | ret=SUCCESS |  
2019-08-21 05:59:15,354 | INFO  | SCMAudit | user=jenkins1000 | ip=192.168.69.91 | op=SEND_HEARTBEAT {datanodeUUID=49ab72ed-ff76-4952-870c-a3cea42cdb24, command=[]} | ret=SUCCESS |  
2019-08-21 05:59:15,371 [grpc-default-executor-0] INFO  client.GrpcClientProtocolClient (GrpcClientProtocolClient.java:onNext(255)) - client-5E3AA808964E->f101476e-c990-429e-921c-5f445731959e: receive RaftClientReply:client-5E3AA808964E->f101476e-c990-429e-921c-5f445731959e@group-ED3E36EC8233, cid=45, FAILED org.apache.ratis.protocol.NotLeaderException: Server f101476e-c990-429e-921c-5f445731959e is not the leader (3c17af02-f769-4730-87e1-6a78a05442cb:192.168.69.91:45466). Request must be sent to leader., logIndex=0, commits[f101476e-c990-429e-921c-5f445731959e:c8, 3c17af02-f769-4730-87e1-6a78a05442cb:c8, 625627db-20f6-4593-9222-21b617438b7f:c8]
2019-08-21 05:59:15,525 | INFO  | SCMAudit | user=jenkins1000 | ip=192.168.69.91 | op=SEND_HEARTBEAT {datanodeUUID=3fd580a5-fd1e-4f13-9f88-976f7db82376, command=[]} | ret=SUCCESS |  
2019-08-21 05:59:15,730 | INFO  | SCMAudit | user=jenkins1000 | ip=192.168.69.91 | op=SEND_HEARTBEAT {datanodeUUID=046a392e-7484-4dfc-820d-faa08503447d, command=[]} | ret=SUCCESS |  
2019-08-21 05:59:15,896 | INFO  | SCMAudit | user=jenkins1000 | ip=192.168.69.91 | op=SEND_HEARTBEAT {datanodeUUID=4794a7d0-d8e2-4005-aaca-0a56e39fce16, command=[]} | ret=SUCCESS |  
2019-08-21 05:59:16,238 | INFO  | SCMAudit | user=jenkins1000 | ip=192.168.69.91 | op=SEND_HEARTBEAT {datanodeUUID=3c17af02-f769-4730-87e1-6a78a05442cb, command=[]} | ret=SUCCESS |  
2019-08-21 05:59:16,269 | INFO  | SCMAudit | user=jenkins1000 | ip=192.168.69.91 | op=SEND_HEARTBEAT {datanodeUUID=625627db-20f6-4593-9222-21b617438b7f, command=[]} | ret=SUCCESS |  
2019-08-21 05:59:16,282 | INFO  | SCMAudit | user=jenkins1000 | ip=192.168.69.91 | op=SEND_HEARTBEAT {datanodeUUID=f101476e-c990-429e-921c-5f445731959e, command=[]} | ret=SUCCESS |  
2019-08-21 05:59:16,354 | INFO  | SCMAudit | user=jenkins1000 | ip=192.168.69.91 | op=SEND_HEARTBEAT {datanodeUUID=49ab72ed-ff76-4952-870c-a3cea42cdb24, command=[]} | ret=SUCCESS |  
2019-08-21 05:59:16,526 | INFO  | SCMAudit | user=jenkins1000 | ip=192.168.69.91 | op=SEND_HEARTBEAT {datanodeUUID=3fd580a5-fd1e-4f13-9f88-976f7db82376, command=[]} | ret=SUCCESS |  
2019-08-21 05:59:16,731 | INFO  | SCMAudit | user=jenkins1000 | ip=192.168.69.91 | op=SEND_HEARTBEAT {datanodeUUID=046a392e-7484-4dfc-820d-faa08503447d, command=[]} | ret=SUCCESS |  
2019-08-21 05:59:16,896 | INFO  | SCMAudit | user=jenkins1000 | ip=192.168.69.91 | op=SEND_HEARTBEAT {datanodeUUID=4794a7d0-d8e2-4005-aaca-0a56e39fce16, command=[]} | ret=SUCCESS |  
2019-08-21 05:59:17,239 | INFO  | SCMAudit | user=jenkins1000 | ip=192.168.69.91 | op=SEND_HEARTBEAT {datanodeUUID=3c17af02-f769-4730-87e1-6a78a05442cb, command=[]} | ret=SUCCESS |  
2019-08-21 05:59:17,268 | INFO  | SCMAudit | user=jenkins1000 | ip=192.168.69.91 | op=SEND_HEARTBEAT {datanodeUUID=625627db-20f6-4593-9222-21b617438b7f, command=[]} | ret=SUCCESS |  
2019-08-21 05:59:17,282 | INFO  | SCMAudit | user=jenkins1000 | ip=192.168.69.91 | op=SEND_HEARTBEAT {datanodeUUID=f101476e-c990-429e-921c-5f445731959e, command=[]} | ret=SUCCESS |  
2019-08-21 05:59:17,354 | INFO  | SCMAudit | user=jenkins1000 | ip=192.168.69.91 | op=SEND_HEARTBEAT {datanodeUUID=49ab72ed-ff76-4952-870c-a3cea42cdb24, command=[]} | ret=SUCCESS |  
2019-08-21 05:59:17,526 | INFO  | SCMAudit | user=jenkins1000 | ip=192.168.69.91 | op=SEND_HEARTBEAT {datanodeUUID=3fd580a5-fd1e-4f13-9f88-976f7db82376, command=[]} | ret=SUCCESS |  
2019-08-21 05:59:17,730 | INFO  | SCMAudit | user=jenkins1000 | ip=192.168.69.91 | op=SEND_HEARTBEAT {datanodeUUID=046a392e-7484-4dfc-820d-faa08503447d, command=[]} | ret=SUCCESS |  
2019-08-21 05:59:17,896 | INFO  | SCMAudit | user=jenkins1000 | ip=192.168.69.91 | op=SEND_HEARTBEAT {datanodeUUID=4794a7d0-d8e2-4005-aaca-0a56e39fce16, command=[]} | ret=SUCCESS |  
2019-08-21 05:59:18,238 | INFO  | SCMAudit | user=jenkins1000 | ip=192.168.69.91 | op=SEND_HEARTBEAT {datanodeUUID=3c17af02-f769-4730-87e1-6a78a05442cb, command=[]} | ret=SUCCESS |  
2019-08-21 05:59:18,268 | INFO  | SCMAudit | user=jenkins1000 | ip=192.168.69.91 | op=SEND_HEARTBEAT {datanodeUUID=625627db-20f6-4593-9222-21b617438b7f, command=[]} | ret=SUCCESS |  
2019-08-21 05:59:18,282 | INFO  | SCMAudit | user=jenkins1000 | ip=192.168.69.91 | op=SEND_HEARTBEAT {datanodeUUID=f101476e-c990-429e-921c-5f445731959e, command=[]} | ret=SUCCESS |  
2019-08-21 05:59:18,354 | INFO  | SCMAudit | user=jenkins1000 | ip=192.168.69.91 | op=SEND_HEARTBEAT {datanodeUUID=49ab72ed-ff76-4952-870c-a3cea42cdb24, command=[]} | ret=SUCCESS |  
2019-08-21 05:59:18,525 | INFO  | SCMAudit | user=jenkins1000 | ip=192.168.69.91 | op=SEND_HEARTBEAT {datanodeUUID=3fd580a5-fd1e-4f13-9f88-976f7db82376, command=[]} | ret=SUCCESS |  
2019-08-21 05:59:18,730 | INFO  | SCMAudit | user=jenkins1000 | ip=192.168.69.91 | op=SEND_HEARTBEAT {datanodeUUID=046a392e-7484-4dfc-820d-faa08503447d, command=[]} | ret=SUCCESS |  
2019-08-21 05:59:18,897 | INFO  | SCMAudit | user=jenkins1000 | ip=192.168.69.91 | op=SEND_HEARTBEAT {datanodeUUID=4794a7d0-d8e2-4005-aaca-0a56e39fce16, command=[]} | ret=SUCCESS |  
2019-08-21 05:59:19,239 | INFO  | SCMAudit | user=jenkins1000 | ip=192.168.69.91 | op=SEND_HEARTBEAT {datanodeUUID=3c17af02-f769-4730-87e1-6a78a05442cb, command=[]} | ret=SUCCESS |  
2019-08-21 05:59:19,268 | INFO  | SCMAudit | user=jenkins1000 | ip=192.168.69.91 | op=SEND_HEARTBEAT {datanodeUUID=625627db-20f6-4593-9222-21b617438b7f, command=[]} | ret=SUCCESS |  
2019-08-21 05:59:19,282 | INFO  | SCMAudit | user=jenkins1000 | ip=192.168.69.91 | op=SEND_HEARTBEAT {datanodeUUID=f101476e-c990-429e-921c-5f445731959e, command=[]} | ret=SUCCESS |  
2019-08-21 05:59:19,354 | INFO  | SCMAudit | user=jenkins1000 | ip=192.168.69.91 | op=SEND_HEARTBEAT {datanodeUUID=49ab72ed-ff76-4952-870c-a3cea42cdb24, command=[]} | ret=SUCCESS |  
2019-08-21 05:59:19,525 | INFO  | SCMAudit | user=jenkins1000 | ip=192.168.69.91 | op=SEND_HEARTBEAT {datanodeUUID=3fd580a5-fd1e-4f13-9f88-976f7db82376, command=[]} | ret=SUCCESS |  
2019-08-21 05:59:19,730 | INFO  | SCMAudit | user=jenkins1000 | ip=192.168.69.91 | op=SEND_HEARTBEAT {datanodeUUID=046a392e-7484-4dfc-820d-faa08503447d, command=[]} | ret=SUCCESS |  
2019-08-21 05:59:19,897 | INFO  | SCMAudit | user=jenkins1000 | ip=192.168.69.91 | op=SEND_HEARTBEAT {datanodeUUID=4794a7d0-d8e2-4005-aaca-0a56e39fce16, command=[]} | ret=SUCCESS |  
2019-08-21 05:59:20,238 | INFO  | SCMAudit | user=jenkins1000 | ip=192.168.69.91 | op=SEND_HEARTBEAT {datanodeUUID=3c17af02-f769-4730-87e1-6a78a05442cb, command=[]} | ret=SUCCESS |  
2019-08-21 05:59:20,268 | INFO  | SCMAudit | user=jenkins1000 | ip=192.168.69.91 | op=SEND_HEARTBEAT {datanodeUUID=625627db-20f6-4593-9222-21b617438b7f, command=[]} | ret=SUCCESS |  
2019-08-21 05:59:20,282 | INFO  | SCMAudit | user=jenkins1000 | ip=192.168.69.91 | op=SEND_HEARTBEAT {datanodeUUID=f101476e-c990-429e-921c-5f445731959e, command=[]} | ret=SUCCESS |  
2019-08-21 05:59:20,355 | INFO  | SCMAudit | user=jenkins1000 | ip=192.168.69.91 | op=SEND_HEARTBEAT {datanodeUUID=49ab72ed-ff76-4952-870c-a3cea42cdb24, command=[]} | ret=SUCCESS |  
2019-08-21 05:59:20,421 [grpc-default-executor-0] INFO  client.GrpcClientProtocolClient (GrpcClientProtocolClient.java:onNext(255)) - client-5E3AA808964E->625627db-20f6-4593-9222-21b617438b7f: receive RaftClientReply:client-5E3AA808964E->625627db-20f6-4593-9222-21b617438b7f@group-ED3E36EC8233, cid=45, FAILED org.apache.ratis.protocol.NotLeaderException: Server 625627db-20f6-4593-9222-21b617438b7f is not the leader (3c17af02-f769-4730-87e1-6a78a05442cb:192.168.69.91:45466). Request must be sent to leader., logIndex=0, commits[625627db-20f6-4593-9222-21b617438b7f:c8, f101476e-c990-429e-921c-5f445731959e:c8, 3c17af02-f769-4730-87e1-6a78a05442cb:c8]
2019-08-21 05:59:20,526 | INFO  | SCMAudit | user=jenkins1000 | ip=192.168.69.91 | op=SEND_HEARTBEAT {datanodeUUID=3fd580a5-fd1e-4f13-9f88-976f7db82376, command=[]} | ret=SUCCESS |  
2019-08-21 05:59:20,730 | INFO  | SCMAudit | user=jenkins1000 | ip=192.168.69.91 | op=SEND_HEARTBEAT {datanodeUUID=046a392e-7484-4dfc-820d-faa08503447d, command=[]} | ret=SUCCESS |  
2019-08-21 05:59:20,897 | INFO  | SCMAudit | user=jenkins1000 | ip=192.168.69.91 | op=SEND_HEARTBEAT {datanodeUUID=4794a7d0-d8e2-4005-aaca-0a56e39fce16, command=[]} | ret=SUCCESS |  
2019-08-21 05:59:21,239 | INFO  | SCMAudit | user=jenkins1000 | ip=192.168.69.91 | op=SEND_HEARTBEAT {datanodeUUID=3c17af02-f769-4730-87e1-6a78a05442cb, command=[]} | ret=SUCCESS |  
2019-08-21 05:59:21,270 | INFO  | SCMAudit | user=jenkins1000 | ip=192.168.69.91 | op=SEND_HEARTBEAT {datanodeUUID=625627db-20f6-4593-9222-21b617438b7f, command=[]} | ret=SUCCESS |  
2019-08-21 05:59:21,282 | INFO  | SCMAudit | user=jenkins1000 | ip=192.168.69.91 | op=SEND_HEARTBEAT {datanodeUUID=f101476e-c990-429e-921c-5f445731959e, command=[]} | ret=SUCCESS |  
2019-08-21 05:59:21,354 | INFO  | SCMAudit | user=jenkins1000 | ip=192.168.69.91 | op=SEND_HEARTBEAT {datanodeUUID=49ab72ed-ff76-4952-870c-a3cea42cdb24, command=[]} | ret=SUCCESS |  
2019-08-21 05:59:21,527 | INFO  | SCMAudit | user=jenkins1000 | ip=192.168.69.91 | op=SEND_HEARTBEAT {datanodeUUID=3fd580a5-fd1e-4f13-9f88-976f7db82376, command=[]} | ret=SUCCESS |  
2019-08-21 05:59:21,731 | INFO  | SCMAudit | user=jenkins1000 | ip=192.168.69.91 | op=SEND_HEARTBEAT {datanodeUUID=046a392e-7484-4dfc-820d-faa08503447d, command=[]} | ret=SUCCESS |  
2019-08-21 05:59:21,897 | INFO  | SCMAudit | user=jenkins1000 | ip=192.168.69.91 | op=SEND_HEARTBEAT {datanodeUUID=4794a7d0-d8e2-4005-aaca-0a56e39fce16, command=[]} | ret=SUCCESS |  
2019-08-21 05:59:22,238 | INFO  | SCMAudit | user=jenkins1000 | ip=192.168.69.91 | op=SEND_HEARTBEAT {datanodeUUID=3c17af02-f769-4730-87e1-6a78a05442cb, command=[]} | ret=SUCCESS |  
2019-08-21 05:59:22,268 | INFO  | SCMAudit | user=jenkins1000 | ip=192.168.69.91 | op=SEND_HEARTBEAT {datanodeUUID=625627db-20f6-4593-9222-21b617438b7f, command=[]} | ret=SUCCESS |  
2019-08-21 05:59:22,283 | INFO  | SCMAudit | user=jenkins1000 | ip=192.168.69.91 | op=SEND_HEARTBEAT {datanodeUUID=f101476e-c990-429e-921c-5f445731959e, command=[]} | ret=SUCCESS |  
2019-08-21 05:59:22,354 | INFO  | SCMAudit | user=jenkins1000 | ip=192.168.69.91 | op=SEND_HEARTBEAT {datanodeUUID=49ab72ed-ff76-4952-870c-a3cea42cdb24, command=[]} | ret=SUCCESS |  
2019-08-21 05:59:22,526 | INFO  | SCMAudit | user=jenkins1000 | ip=192.168.69.91 | op=SEND_HEARTBEAT {datanodeUUID=3fd580a5-fd1e-4f13-9f88-976f7db82376, command=[]} | ret=SUCCESS |  
2019-08-21 05:59:22,731 | INFO  | SCMAudit | user=jenkins1000 | ip=192.168.69.91 | op=SEND_HEARTBEAT {datanodeUUID=046a392e-7484-4dfc-820d-faa08503447d, command=[]} | ret=SUCCESS |  
2019-08-21 05:59:22,898 | INFO  | SCMAudit | user=jenkins1000 | ip=192.168.69.91 | op=SEND_HEARTBEAT {datanodeUUID=4794a7d0-d8e2-4005-aaca-0a56e39fce16, command=[]} | ret=SUCCESS |  
2019-08-21 05:59:23,239 | INFO  | SCMAudit | user=jenkins1000 | ip=192.168.69.91 | op=SEND_HEARTBEAT {datanodeUUID=3c17af02-f769-4730-87e1-6a78a05442cb, command=[]} | ret=SUCCESS |  
2019-08-21 05:59:23,268 | INFO  | SCMAudit | user=jenkins1000 | ip=192.168.69.91 | op=SEND_HEARTBEAT {datanodeUUID=625627db-20f6-4593-9222-21b617438b7f, command=[]} | ret=SUCCESS |  
2019-08-21 05:59:23,283 | INFO  | SCMAudit | user=jenkins1000 | ip=192.168.69.91 | op=SEND_HEARTBEAT {datanodeUUID=f101476e-c990-429e-921c-5f445731959e, command=[]} | ret=SUCCESS |  
2019-08-21 05:59:23,355 | INFO  | SCMAudit | user=jenkins1000 | ip=192.168.69.91 | op=SEND_HEARTBEAT {datanodeUUID=49ab72ed-ff76-4952-870c-a3cea42cdb24, command=[]} | ret=SUCCESS |  
2019-08-21 05:59:23,526 | INFO  | SCMAudit | user=jenkins1000 | ip=192.168.69.91 | op=SEND_HEARTBEAT {datanodeUUID=3fd580a5-fd1e-4f13-9f88-976f7db82376, command=[]} | ret=SUCCESS |  
2019-08-21 05:59:23,731 | INFO  | SCMAudit | user=jenkins1000 | ip=192.168.69.91 | op=SEND_HEARTBEAT {datanodeUUID=046a392e-7484-4dfc-820d-faa08503447d, command=[]} | ret=SUCCESS |  
2019-08-21 05:59:23,897 | INFO  | SCMAudit | user=jenkins1000 | ip=192.168.69.91 | op=SEND_HEARTBEAT {datanodeUUID=4794a7d0-d8e2-4005-aaca-0a56e39fce16, command=[]} | ret=SUCCESS |  
2019-08-21 05:59:24,240 | INFO  | SCMAudit | user=jenkins1000 | ip=192.168.69.91 | op=SEND_HEARTBEAT {datanodeUUID=3c17af02-f769-4730-87e1-6a78a05442cb, command=[]} | ret=SUCCESS |  
2019-08-21 05:59:24,268 | INFO  | SCMAudit | user=jenkins1000 | ip=192.168.69.91 | op=SEND_HEARTBEAT {datanodeUUID=625627db-20f6-4593-9222-21b617438b7f, command=[]} | ret=SUCCESS |  
2019-08-21 05:59:24,284 | INFO  | SCMAudit | user=jenkins1000 | ip=192.168.69.91 | op=SEND_HEARTBEAT {datanodeUUID=f101476e-c990-429e-921c-5f445731959e, command=[]} | ret=SUCCESS |  
2019-08-21 05:59:24,355 | INFO  | SCMAudit | user=jenkins1000 | ip=192.168.69.91 | op=SEND_HEARTBEAT {datanodeUUID=49ab72ed-ff76-4952-870c-a3cea42cdb24, command=[]} | ret=SUCCESS |  
2019-08-21 05:59:24,526 | INFO  | SCMAudit | user=jenkins1000 | ip=192.168.69.91 | op=SEND_HEARTBEAT {datanodeUUID=3fd580a5-fd1e-4f13-9f88-976f7db82376, command=[]} | ret=SUCCESS |  
2019-08-21 05:59:24,732 | INFO  | SCMAudit | user=jenkins1000 | ip=192.168.69.91 | op=SEND_HEARTBEAT {datanodeUUID=046a392e-7484-4dfc-820d-faa08503447d, command=[]} | ret=SUCCESS |  
2019-08-21 05:59:24,897 | INFO  | SCMAudit | user=jenkins1000 | ip=192.168.69.91 | op=SEND_HEARTBEAT {datanodeUUID=4794a7d0-d8e2-4005-aaca-0a56e39fce16, command=[]} | ret=SUCCESS |  
2019-08-21 05:59:25,239 | INFO  | SCMAudit | user=jenkins1000 | ip=192.168.69.91 | op=SEND_HEARTBEAT {datanodeUUID=3c17af02-f769-4730-87e1-6a78a05442cb, command=[]} | ret=SUCCESS |  
2019-08-21 05:59:25,268 | INFO  | SCMAudit | user=jenkins1000 | ip=192.168.69.91 | op=SEND_HEARTBEAT {datanodeUUID=625627db-20f6-4593-9222-21b617438b7f, command=[]} | ret=SUCCESS |  
2019-08-21 05:59:25,283 | INFO  | SCMAudit | user=jenkins1000 | ip=192.168.69.91 | op=SEND_HEARTBEAT {datanodeUUID=f101476e-c990-429e-921c-5f445731959e, command=[]} | ret=SUCCESS |  
2019-08-21 05:59:25,355 | INFO  | SCMAudit | user=jenkins1000 | ip=192.168.69.91 | op=SEND_HEARTBEAT {datanodeUUID=49ab72ed-ff76-4952-870c-a3cea42cdb24, command=[]} | ret=SUCCESS |  
2019-08-21 05:59:25,466 [grpc-default-executor-0] INFO  client.GrpcClientProtocolClient (GrpcClientProtocolClient.java:onNext(255)) - client-5E3AA808964E->f101476e-c990-429e-921c-5f445731959e: receive RaftClientReply:client-5E3AA808964E->f101476e-c990-429e-921c-5f445731959e@group-ED3E36EC8233, cid=45, FAILED org.apache.ratis.protocol.NotLeaderException: Server f101476e-c990-429e-921c-5f445731959e is not the leader (3c17af02-f769-4730-87e1-6a78a05442cb:192.168.69.91:45466). Request must be sent to leader., logIndex=0, commits[f101476e-c990-429e-921c-5f445731959e:c8, 3c17af02-f769-4730-87e1-6a78a05442cb:c8, 625627db-20f6-4593-9222-21b617438b7f:c8]
2019-08-21 05:59:25,526 | INFO  | SCMAudit | user=jenkins1000 | ip=192.168.69.91 | op=SEND_HEARTBEAT {datanodeUUID=3fd580a5-fd1e-4f13-9f88-976f7db82376, command=[]} | ret=SUCCESS |  
2019-08-21 05:59:25,731 | INFO  | SCMAudit | user=jenkins1000 | ip=192.168.69.91 | op=SEND_HEARTBEAT {datanodeUUID=046a392e-7484-4dfc-820d-faa08503447d, command=[]} | ret=SUCCESS |  
2019-08-21 05:59:25,897 | INFO  | SCMAudit | user=jenkins1000 | ip=192.168.69.91 | op=SEND_HEARTBEAT {datanodeUUID=4794a7d0-d8e2-4005-aaca-0a56e39fce16, command=[]} | ret=SUCCESS |  
2019-08-21 05:59:26,239 | INFO  | SCMAudit | user=jenkins1000 | ip=192.168.69.91 | op=SEND_HEARTBEAT {datanodeUUID=3c17af02-f769-4730-87e1-6a78a05442cb, command=[]} | ret=SUCCESS |  
2019-08-21 05:59:26,268 | INFO  | SCMAudit | user=jenkins1000 | ip=192.168.69.91 | op=SEND_HEARTBEAT {datanodeUUID=625627db-20f6-4593-9222-21b617438b7f, command=[]} | ret=SUCCESS |  
2019-08-21 05:59:26,283 | INFO  | SCMAudit | user=jenkins1000 | ip=192.168.69.91 | op=SEND_HEARTBEAT {datanodeUUID=f101476e-c990-429e-921c-5f445731959e, command=[]} | ret=SUCCESS |  
2019-08-21 05:59:26,355 | INFO  | SCMAudit | user=jenkins1000 | ip=192.168.69.91 | op=SEND_HEARTBEAT {datanodeUUID=49ab72ed-ff76-4952-870c-a3cea42cdb24, command=[]} | ret=SUCCESS |  
2019-08-21 05:59:26,527 | INFO  | SCMAudit | user=jenkins1000 | ip=192.168.69.91 | op=SEND_HEARTBEAT {datanodeUUID=3fd580a5-fd1e-4f13-9f88-976f7db82376, command=[]} | ret=SUCCESS |  
2019-08-21 05:59:26,731 | INFO  | SCMAudit | user=jenkins1000 | ip=192.168.69.91 | op=SEND_HEARTBEAT {datanodeUUID=046a392e-7484-4dfc-820d-faa08503447d, command=[]} | ret=SUCCESS |  
2019-08-21 05:59:26,898 | INFO  | SCMAudit | user=jenkins1000 | ip=192.168.69.91 | op=SEND_HEARTBEAT {datanodeUUID=4794a7d0-d8e2-4005-aaca-0a56e39fce16, command=[]} | ret=SUCCESS |  
2019-08-21 05:59:27,240 | INFO  | SCMAudit | user=jenkins1000 | ip=192.168.69.91 | op=SEND_HEARTBEAT {datanodeUUID=3c17af02-f769-4730-87e1-6a78a05442cb, command=[]} | ret=SUCCESS |  
2019-08-21 05:59:27,268 | INFO  | SCMAudit | user=jenkins1000 | ip=192.168.69.91 | op=SEND_HEARTBEAT {datanodeUUID=625627db-20f6-4593-9222-21b617438b7f, command=[]} | ret=SUCCESS |  
2019-08-21 05:59:27,284 | INFO  | SCMAudit | user=jenkins1000 | ip=192.168.69.91 | op=SEND_HEARTBEAT {datanodeUUID=f101476e-c990-429e-921c-5f445731959e, command=[]} | ret=SUCCESS |  
2019-08-21 05:59:27,355 | INFO  | SCMAudit | user=jenkins1000 | ip=192.168.69.91 | op=SEND_HEARTBEAT {datanodeUUID=49ab72ed-ff76-4952-870c-a3cea42cdb24, command=[]} | ret=SUCCESS |  
2019-08-21 05:59:27,526 | INFO  | SCMAudit | user=jenkins1000 | ip=192.168.69.91 | op=SEND_HEARTBEAT {datanodeUUID=3fd580a5-fd1e-4f13-9f88-976f7db82376, command=[]} | ret=SUCCESS |  
2019-08-21 05:59:27,731 | INFO  | SCMAudit | user=jenkins1000 | ip=192.168.69.91 | op=SEND_HEARTBEAT {datanodeUUID=046a392e-7484-4dfc-820d-faa08503447d, command=[]} | ret=SUCCESS |  
2019-08-21 05:59:27,898 | INFO  | SCMAudit | user=jenkins1000 | ip=192.168.69.91 | op=SEND_HEARTBEAT {datanodeUUID=4794a7d0-d8e2-4005-aaca-0a56e39fce16, command=[]} | ret=SUCCESS |  
2019-08-21 05:59:28,240 | INFO  | SCMAudit | user=jenkins1000 | ip=192.168.69.91 | op=SEND_HEARTBEAT {datanodeUUID=3c17af02-f769-4730-87e1-6a78a05442cb, command=[]} | ret=SUCCESS |  
2019-08-21 05:59:28,268 | INFO  | SCMAudit | user=jenkins1000 | ip=192.168.69.91 | op=SEND_HEARTBEAT {datanodeUUID=625627db-20f6-4593-9222-21b617438b7f, command=[]} | ret=SUCCESS |  
2019-08-21 05:59:28,284 | INFO  | SCMAudit | user=jenkins1000 | ip=192.168.69.91 | op=SEND_HEARTBEAT {datanodeUUID=f101476e-c990-429e-921c-5f445731959e, command=[]} | ret=SUCCESS |  
2019-08-21 05:59:28,355 | INFO  | SCMAudit | user=jenkins1000 | ip=192.168.69.91 | op=SEND_HEARTBEAT {datanodeUUID=49ab72ed-ff76-4952-870c-a3cea42cdb24, command=[]} | ret=SUCCESS |  
2019-08-21 05:59:28,526 | INFO  | SCMAudit | user=jenkins1000 | ip=192.168.69.91 | op=SEND_HEARTBEAT {datanodeUUID=3fd580a5-fd1e-4f13-9f88-976f7db82376, command=[]} | ret=SUCCESS |  
2019-08-21 05:59:28,732 | INFO  | SCMAudit | user=jenkins1000 | ip=192.168.69.91 | op=SEND_HEARTBEAT {datanodeUUID=046a392e-7484-4dfc-820d-faa08503447d, command=[]} | ret=SUCCESS |  
2019-08-21 05:59:28,898 | INFO  | SCMAudit | user=jenkins1000 | ip=192.168.69.91 | op=SEND_HEARTBEAT {datanodeUUID=4794a7d0-d8e2-4005-aaca-0a56e39fce16, command=[]} | ret=SUCCESS |  
2019-08-21 05:59:29,240 | INFO  | SCMAudit | user=jenkins1000 | ip=192.168.69.91 | op=SEND_HEARTBEAT {datanodeUUID=3c17af02-f769-4730-87e1-6a78a05442cb, command=[]} | ret=SUCCESS |  
2019-08-21 05:59:29,269 | INFO  | SCMAudit | user=jenkins1000 | ip=192.168.69.91 | op=SEND_HEARTBEAT {datanodeUUID=625627db-20f6-4593-9222-21b617438b7f, command=[]} | ret=SUCCESS |  
2019-08-21 05:59:29,283 | INFO  | SCMAudit | user=jenkins1000 | ip=192.168.69.91 | op=SEND_HEARTBEAT {datanodeUUID=f101476e-c990-429e-921c-5f445731959e, command=[]} | ret=SUCCESS |  
2019-08-21 05:59:29,355 | INFO  | SCMAudit | user=jenkins1000 | ip=192.168.69.91 | op=SEND_HEARTBEAT {datanodeUUID=49ab72ed-ff76-4952-870c-a3cea42cdb24, command=[]} | ret=SUCCESS |  
2019-08-21 05:59:29,527 | INFO  | SCMAudit | user=jenkins1000 | ip=192.168.69.91 | op=SEND_HEARTBEAT {datanodeUUID=3fd580a5-fd1e-4f13-9f88-976f7db82376, command=[]} | ret=SUCCESS |  
2019-08-21 05:59:29,732 | INFO  | SCMAudit | user=jenkins1000 | ip=192.168.69.91 | op=SEND_HEARTBEAT {datanodeUUID=046a392e-7484-4dfc-820d-faa08503447d, command=[]} | ret=SUCCESS |  
2019-08-21 05:59:29,898 | INFO  | SCMAudit | user=jenkins1000 | ip=192.168.69.91 | op=SEND_HEARTBEAT {datanodeUUID=4794a7d0-d8e2-4005-aaca-0a56e39fce16, command=[]} | ret=SUCCESS |  
2019-08-21 05:59:30,240 | INFO  | SCMAudit | user=jenkins1000 | ip=192.168.69.91 | op=SEND_HEARTBEAT {datanodeUUID=3c17af02-f769-4730-87e1-6a78a05442cb, command=[]} | ret=SUCCESS |  
2019-08-21 05:59:30,269 | INFO  | SCMAudit | user=jenkins1000 | ip=192.168.69.91 | op=SEND_HEARTBEAT {datanodeUUID=625627db-20f6-4593-9222-21b617438b7f, command=[]} | ret=SUCCESS |  
2019-08-21 05:59:30,284 | INFO  | SCMAudit | user=jenkins1000 | ip=192.168.69.91 | op=SEND_HEARTBEAT {datanodeUUID=f101476e-c990-429e-921c-5f445731959e, command=[]} | ret=SUCCESS |  
2019-08-21 05:59:30,356 | INFO  | SCMAudit | user=jenkins1000 | ip=192.168.69.91 | op=SEND_HEARTBEAT {datanodeUUID=49ab72ed-ff76-4952-870c-a3cea42cdb24, command=[]} | ret=SUCCESS |  
2019-08-21 05:59:30,518 [grpc-default-executor-4] INFO  client.GrpcClientProtocolClient (GrpcClientProtocolClient.java:onNext(255)) - client-5E3AA808964E->625627db-20f6-4593-9222-21b617438b7f: receive RaftClientReply:client-5E3AA808964E->625627db-20f6-4593-9222-21b617438b7f@group-ED3E36EC8233, cid=45, FAILED org.apache.ratis.protocol.NotLeaderException: Server 625627db-20f6-4593-9222-21b617438b7f is not the leader (3c17af02-f769-4730-87e1-6a78a05442cb:192.168.69.91:45466). Request must be sent to leader., logIndex=0, commits[625627db-20f6-4593-9222-21b617438b7f:c8, f101476e-c990-429e-921c-5f445731959e:c8, 3c17af02-f769-4730-87e1-6a78a05442cb:c8]
2019-08-21 05:59:30,529 | INFO  | SCMAudit | user=jenkins1000 | ip=192.168.69.91 | op=SEND_HEARTBEAT {datanodeUUID=3fd580a5-fd1e-4f13-9f88-976f7db82376, command=[]} | ret=SUCCESS |  
2019-08-21 05:59:30,733 | INFO  | SCMAudit | user=jenkins1000 | ip=192.168.69.91 | op=SEND_HEARTBEAT {datanodeUUID=046a392e-7484-4dfc-820d-faa08503447d, command=[]} | ret=SUCCESS |  
2019-08-21 05:59:30,898 | INFO  | SCMAudit | user=jenkins1000 | ip=192.168.69.91 | op=SEND_HEARTBEAT {datanodeUUID=4794a7d0-d8e2-4005-aaca-0a56e39fce16, command=[]} | ret=SUCCESS |  
2019-08-21 05:59:31,240 | INFO  | SCMAudit | user=jenkins1000 | ip=192.168.69.91 | op=SEND_HEARTBEAT {datanodeUUID=3c17af02-f769-4730-87e1-6a78a05442cb, command=[]} | ret=SUCCESS |  
2019-08-21 05:59:31,269 | INFO  | SCMAudit | user=jenkins1000 | ip=192.168.69.91 | op=SEND_HEARTBEAT {datanodeUUID=625627db-20f6-4593-9222-21b617438b7f, command=[]} | ret=SUCCESS |  
2019-08-21 05:59:31,284 | INFO  | SCMAudit | user=jenkins1000 | ip=192.168.69.91 | op=SEND_HEARTBEAT {datanodeUUID=f101476e-c990-429e-921c-5f445731959e, command=[]} | ret=SUCCESS |  
2019-08-21 05:59:31,357 | INFO  | SCMAudit | user=jenkins1000 | ip=192.168.69.91 | op=SEND_HEARTBEAT {datanodeUUID=49ab72ed-ff76-4952-870c-a3cea42cdb24, command=[]} | ret=SUCCESS |  
2019-08-21 05:59:31,528 | INFO  | SCMAudit | user=jenkins1000 | ip=192.168.69.91 | op=SEND_HEARTBEAT {datanodeUUID=3fd580a5-fd1e-4f13-9f88-976f7db82376, command=[]} | ret=SUCCESS |  
2019-08-21 05:59:31,733 | INFO  | SCMAudit | user=jenkins1000 | ip=192.168.69.91 | op=SEND_HEARTBEAT {datanodeUUID=046a392e-7484-4dfc-820d-faa08503447d, command=[]} | ret=SUCCESS |  
2019-08-21 05:59:31,899 | INFO  | SCMAudit | user=jenkins1000 | ip=192.168.69.91 | op=SEND_HEARTBEAT {datanodeUUID=4794a7d0-d8e2-4005-aaca-0a56e39fce16, command=[]} | ret=SUCCESS |  
2019-08-21 05:59:32,241 | INFO  | SCMAudit | user=jenkins1000 | ip=192.168.69.91 | op=SEND_HEARTBEAT {datanodeUUID=3c17af02-f769-4730-87e1-6a78a05442cb, command=[]} | ret=SUCCESS |  
2019-08-21 05:59:32,269 | INFO  | SCMAudit | user=jenkins1000 | ip=192.168.69.91 | op=SEND_HEARTBEAT {datanodeUUID=625627db-20f6-4593-9222-21b617438b7f, command=[]} | ret=SUCCESS |  
2019-08-21 05:59:32,284 | INFO  | SCMAudit | user=jenkins1000 | ip=192.168.69.91 | op=SEND_HEARTBEAT {datanodeUUID=f101476e-c990-429e-921c-5f445731959e, command=[]} | ret=SUCCESS |  
2019-08-21 05:59:32,357 | INFO  | SCMAudit | user=jenkins1000 | ip=192.168.69.91 | op=SEND_HEARTBEAT {datanodeUUID=49ab72ed-ff76-4952-870c-a3cea42cdb24, command=[]} | ret=SUCCESS |  
2019-08-21 05:59:32,527 | INFO  | SCMAudit | user=jenkins1000 | ip=192.168.69.91 | op=SEND_HEARTBEAT {datanodeUUID=3fd580a5-fd1e-4f13-9f88-976f7db82376, command=[]} | ret=SUCCESS |  
2019-08-21 05:59:32,733 | INFO  | SCMAudit | user=jenkins1000 | ip=192.168.69.91 | op=SEND_HEARTBEAT {datanodeUUID=046a392e-7484-4dfc-820d-faa08503447d, command=[]} | ret=SUCCESS |  
2019-08-21 05:59:32,899 | INFO  | SCMAudit | user=jenkins1000 | ip=192.168.69.91 | op=SEND_HEARTBEAT {datanodeUUID=4794a7d0-d8e2-4005-aaca-0a56e39fce16, command=[]} | ret=SUCCESS |  
2019-08-21 05:59:33,241 | INFO  | SCMAudit | user=jenkins1000 | ip=192.168.69.91 | op=SEND_HEARTBEAT {datanodeUUID=3c17af02-f769-4730-87e1-6a78a05442cb, command=[]} | ret=SUCCESS |  
2019-08-21 05:59:33,269 | INFO  | SCMAudit | user=jenkins1000 | ip=192.168.69.91 | op=SEND_HEARTBEAT {datanodeUUID=625627db-20f6-4593-9222-21b617438b7f, command=[]} | ret=SUCCESS |  
2019-08-21 05:59:33,284 | INFO  | SCMAudit | user=jenkins1000 | ip=192.168.69.91 | op=SEND_HEARTBEAT {datanodeUUID=f101476e-c990-429e-921c-5f445731959e, command=[]} | ret=SUCCESS |  
2019-08-21 05:59:33,357 | INFO  | SCMAudit | user=jenkins1000 | ip=192.168.69.91 | op=SEND_HEARTBEAT {datanodeUUID=49ab72ed-ff76-4952-870c-a3cea42cdb24, command=[]} | ret=SUCCESS |  
2019-08-21 05:59:33,527 | INFO  | SCMAudit | user=jenkins1000 | ip=192.168.69.91 | op=SEND_HEARTBEAT {datanodeUUID=3fd580a5-fd1e-4f13-9f88-976f7db82376, command=[]} | ret=SUCCESS |  
2019-08-21 05:59:33,734 | INFO  | SCMAudit | user=jenkins1000 | ip=192.168.69.91 | op=SEND_HEARTBEAT {datanodeUUID=046a392e-7484-4dfc-820d-faa08503447d, command=[]} | ret=SUCCESS |  
2019-08-21 05:59:33,899 | INFO  | SCMAudit | user=jenkins1000 | ip=192.168.69.91 | op=SEND_HEARTBEAT {datanodeUUID=4794a7d0-d8e2-4005-aaca-0a56e39fce16, command=[]} | ret=SUCCESS |  
2019-08-21 05:59:34,241 | INFO  | SCMAudit | user=jenkins1000 | ip=192.168.69.91 | op=SEND_HEARTBEAT {datanodeUUID=3c17af02-f769-4730-87e1-6a78a05442cb, command=[]} | ret=SUCCESS |  
2019-08-21 05:59:34,269 | INFO  | SCMAudit | user=jenkins1000 | ip=192.168.69.91 | op=SEND_HEARTBEAT {datanodeUUID=625627db-20f6-4593-9222-21b617438b7f, command=[]} | ret=SUCCESS |  
2019-08-21 05:59:34,284 | INFO  | SCMAudit | user=jenkins1000 | ip=192.168.69.91 | op=SEND_HEARTBEAT {datanodeUUID=f101476e-c990-429e-921c-5f445731959e, command=[]} | ret=SUCCESS |  
2019-08-21 05:59:34,357 | INFO  | SCMAudit | user=jenkins1000 | ip=192.168.69.91 | op=SEND_HEARTBEAT {datanodeUUID=49ab72ed-ff76-4952-870c-a3cea42cdb24, command=[]} | ret=SUCCESS |  
2019-08-21 05:59:34,527 | INFO  | SCMAudit | user=jenkins1000 | ip=192.168.69.91 | op=SEND_HEARTBEAT {datanodeUUID=3fd580a5-fd1e-4f13-9f88-976f7db82376, command=[]} | ret=SUCCESS |  
2019-08-21 05:59:34,733 | INFO  | SCMAudit | user=jenkins1000 | ip=192.168.69.91 | op=SEND_HEARTBEAT {datanodeUUID=046a392e-7484-4dfc-820d-faa08503447d, command=[]} | ret=SUCCESS |  
2019-08-21 05:59:34,900 | INFO  | SCMAudit | user=jenkins1000 | ip=192.168.69.91 | op=SEND_HEARTBEAT {datanodeUUID=4794a7d0-d8e2-4005-aaca-0a56e39fce16, command=[]} | ret=SUCCESS |  
2019-08-21 05:59:35,241 | INFO  | SCMAudit | user=jenkins1000 | ip=192.168.69.91 | op=SEND_HEARTBEAT {datanodeUUID=3c17af02-f769-4730-87e1-6a78a05442cb, command=[]} | ret=SUCCESS |  
2019-08-21 05:59:35,270 | INFO  | SCMAudit | user=jenkins1000 | ip=192.168.69.91 | op=SEND_HEARTBEAT {datanodeUUID=625627db-20f6-4593-9222-21b617438b7f, command=[]} | ret=SUCCESS |  
2019-08-21 05:59:35,284 | INFO  | SCMAudit | user=jenkins1000 | ip=192.168.69.91 | op=SEND_HEARTBEAT {datanodeUUID=f101476e-c990-429e-921c-5f445731959e, command=[]} | ret=SUCCESS |  
2019-08-21 05:59:35,357 | INFO  | SCMAudit | user=jenkins1000 | ip=192.168.69.91 | op=SEND_HEARTBEAT {datanodeUUID=49ab72ed-ff76-4952-870c-a3cea42cdb24, command=[]} | ret=SUCCESS |  
2019-08-21 05:59:35,528 | INFO  | SCMAudit | user=jenkins1000 | ip=192.168.69.91 | op=SEND_HEARTBEAT {datanodeUUID=3fd580a5-fd1e-4f13-9f88-976f7db82376, command=[]} | ret=SUCCESS |  
2019-08-21 05:59:35,564 [grpc-default-executor-4] INFO  client.GrpcClientProtocolClient (GrpcClientProtocolClient.java:onNext(255)) - client-5E3AA808964E->f101476e-c990-429e-921c-5f445731959e: receive RaftClientReply:client-5E3AA808964E->f101476e-c990-429e-921c-5f445731959e@group-ED3E36EC8233, cid=45, FAILED org.apache.ratis.protocol.NotLeaderException: Server f101476e-c990-429e-921c-5f445731959e is not the leader (3c17af02-f769-4730-87e1-6a78a05442cb:192.168.69.91:45466). Request must be sent to leader., logIndex=0, commits[f101476e-c990-429e-921c-5f445731959e:c8, 3c17af02-f769-4730-87e1-6a78a05442cb:c8, 625627db-20f6-4593-9222-21b617438b7f:c8]
2019-08-21 05:59:35,733 | INFO  | SCMAudit | user=jenkins1000 | ip=192.168.69.91 | op=SEND_HEARTBEAT {datanodeUUID=046a392e-7484-4dfc-820d-faa08503447d, command=[]} | ret=SUCCESS |  
2019-08-21 05:59:35,900 | INFO  | SCMAudit | user=jenkins1000 | ip=192.168.69.91 | op=SEND_HEARTBEAT {datanodeUUID=4794a7d0-d8e2-4005-aaca-0a56e39fce16, command=[]} | ret=SUCCESS |  
2019-08-21 05:59:36,242 | INFO  | SCMAudit | user=jenkins1000 | ip=192.168.69.91 | op=SEND_HEARTBEAT {datanodeUUID=3c17af02-f769-4730-87e1-6a78a05442cb, command=[]} | ret=SUCCESS |  
2019-08-21 05:59:36,270 | INFO  | SCMAudit | user=jenkins1000 | ip=192.168.69.91 | op=SEND_HEARTBEAT {datanodeUUID=625627db-20f6-4593-9222-21b617438b7f, command=[]} | ret=SUCCESS |  
2019-08-21 05:59:36,285 | INFO  | SCMAudit | user=jenkins1000 | ip=192.168.69.91 | op=SEND_HEARTBEAT {datanodeUUID=f101476e-c990-429e-921c-5f445731959e, command=[]} | ret=SUCCESS |  
2019-08-21 05:59:36,358 | INFO  | SCMAudit | user=jenkins1000 | ip=192.168.69.91 | op=SEND_HEARTBEAT {datanodeUUID=49ab72ed-ff76-4952-870c-a3cea42cdb24, command=[]} | ret=SUCCESS |  
2019-08-21 05:59:36,527 | INFO  | SCMAudit | user=jenkins1000 | ip=192.168.69.91 | op=SEND_HEARTBEAT {datanodeUUID=3fd580a5-fd1e-4f13-9f88-976f7db82376, command=[]} | ret=SUCCESS |  
2019-08-21 05:59:36,733 | INFO  | SCMAudit | user=jenkins1000 | ip=192.168.69.91 | op=SEND_HEARTBEAT {datanodeUUID=046a392e-7484-4dfc-820d-faa08503447d, command=[]} | ret=SUCCESS |  
2019-08-21 05:59:36,900 | INFO  | SCMAudit | user=jenkins1000 | ip=192.168.69.91 | op=SEND_HEARTBEAT {datanodeUUID=4794a7d0-d8e2-4005-aaca-0a56e39fce16, command=[]} | ret=SUCCESS |  
2019-08-21 05:59:37,243 | INFO  | SCMAudit | user=jenkins1000 | ip=192.168.69.91 | op=SEND_HEARTBEAT {datanodeUUID=3c17af02-f769-4730-87e1-6a78a05442cb, command=[]} | ret=SUCCESS |  
2019-08-21 05:59:37,270 | INFO  | SCMAudit | user=jenkins1000 | ip=192.168.69.91 | op=SEND_HEARTBEAT {datanodeUUID=625627db-20f6-4593-9222-21b617438b7f, command=[]} | ret=SUCCESS |  
2019-08-21 05:59:37,285 | INFO  | SCMAudit | user=jenkins1000 | ip=192.168.69.91 | op=SEND_HEARTBEAT {datanodeUUID=f101476e-c990-429e-921c-5f445731959e, command=[]} | ret=SUCCESS |  
2019-08-21 05:59:37,358 | INFO  | SCMAudit | user=jenkins1000 | ip=192.168.69.91 | op=SEND_HEARTBEAT {datanodeUUID=49ab72ed-ff76-4952-870c-a3cea42cdb24, command=[]} | ret=SUCCESS |  
2019-08-21 05:59:37,527 | INFO  | SCMAudit | user=jenkins1000 | ip=192.168.69.91 | op=SEND_HEARTBEAT {datanodeUUID=3fd580a5-fd1e-4f13-9f88-976f7db82376, command=[]} | ret=SUCCESS |  
2019-08-21 05:59:37,735 | INFO  | SCMAudit | user=jenkins1000 | ip=192.168.69.91 | op=SEND_HEARTBEAT {datanodeUUID=046a392e-7484-4dfc-820d-faa08503447d, command=[]} | ret=SUCCESS |  
2019-08-21 05:59:37,901 | INFO  | SCMAudit | user=jenkins1000 | ip=192.168.69.91 | op=SEND_HEARTBEAT {datanodeUUID=4794a7d0-d8e2-4005-aaca-0a56e39fce16, command=[]} | ret=SUCCESS |  
2019-08-21 05:59:38,242 | INFO  | SCMAudit | user=jenkins1000 | ip=192.168.69.91 | op=SEND_HEARTBEAT {datanodeUUID=3c17af02-f769-4730-87e1-6a78a05442cb, command=[]} | ret=SUCCESS |  
2019-08-21 05:59:38,271 | INFO  | SCMAudit | user=jenkins1000 | ip=192.168.69.91 | op=SEND_HEARTBEAT {datanodeUUID=625627db-20f6-4593-9222-21b617438b7f, command=[]} | ret=SUCCESS |  
2019-08-21 05:59:38,285 | INFO  | SCMAudit | user=jenkins1000 | ip=192.168.69.91 | op=SEND_HEARTBEAT {datanodeUUID=f101476e-c990-429e-921c-5f445731959e, command=[]} | ret=SUCCESS |  
2019-08-21 05:59:38,358 | INFO  | SCMAudit | user=jenkins1000 | ip=192.168.69.91 | op=SEND_HEARTBEAT {datanodeUUID=49ab72ed-ff76-4952-870c-a3cea42cdb24, command=[]} | ret=SUCCESS |  
2019-08-21 05:59:38,527 | INFO  | SCMAudit | user=jenkins1000 | ip=192.168.69.91 | op=SEND_HEARTBEAT {datanodeUUID=3fd580a5-fd1e-4f13-9f88-976f7db82376, command=[]} | ret=SUCCESS |  
2019-08-21 05:59:38,735 | INFO  | SCMAudit | user=jenkins1000 | ip=192.168.69.91 | op=SEND_HEARTBEAT {datanodeUUID=046a392e-7484-4dfc-820d-faa08503447d, command=[]} | ret=SUCCESS |  
2019-08-21 05:59:38,901 | INFO  | SCMAudit | user=jenkins1000 | ip=192.168.69.91 | op=SEND_HEARTBEAT {datanodeUUID=4794a7d0-d8e2-4005-aaca-0a56e39fce16, command=[]} | ret=SUCCESS |  
2019-08-21 05:59:39,242 | INFO  | SCMAudit | user=jenkins1000 | ip=192.168.69.91 | op=SEND_HEARTBEAT {datanodeUUID=3c17af02-f769-4730-87e1-6a78a05442cb, command=[]} | ret=SUCCESS |  
2019-08-21 05:59:39,271 | INFO  | SCMAudit | user=jenkins1000 | ip=192.168.69.91 | op=SEND_HEARTBEAT {datanodeUUID=625627db-20f6-4593-9222-21b617438b7f, command=[]} | ret=SUCCESS |  
2019-08-21 05:59:39,285 | INFO  | SCMAudit | user=jenkins1000 | ip=192.168.69.91 | op=SEND_HEARTBEAT {datanodeUUID=f101476e-c990-429e-921c-5f445731959e, command=[]} | ret=SUCCESS |  
2019-08-21 05:59:39,358 | INFO  | SCMAudit | user=jenkins1000 | ip=192.168.69.91 | op=SEND_HEARTBEAT {datanodeUUID=49ab72ed-ff76-4952-870c-a3cea42cdb24, command=[]} | ret=SUCCESS |  
2019-08-21 05:59:39,528 | INFO  | SCMAudit | user=jenkins1000 | ip=192.168.69.91 | op=SEND_HEARTBEAT {datanodeUUID=3fd580a5-fd1e-4f13-9f88-976f7db82376, command=[]} | ret=SUCCESS |  
2019-08-21 05:59:39,736 | INFO  | SCMAudit | user=jenkins1000 | ip=192.168.69.91 | op=SEND_HEARTBEAT {datanodeUUID=046a392e-7484-4dfc-820d-faa08503447d, command=[]} | ret=SUCCESS |  
2019-08-21 05:59:39,901 | INFO  | SCMAudit | user=jenkins1000 | ip=192.168.69.91 | op=SEND_HEARTBEAT {datanodeUUID=4794a7d0-d8e2-4005-aaca-0a56e39fce16, command=[]} | ret=SUCCESS |  
2019-08-21 05:59:40,242 | INFO  | SCMAudit | user=jenkins1000 | ip=192.168.69.91 | op=SEND_HEARTBEAT {datanodeUUID=3c17af02-f769-4730-87e1-6a78a05442cb, command=[]} | ret=SUCCESS |  
2019-08-21 05:59:40,271 | INFO  | SCMAudit | user=jenkins1000 | ip=192.168.69.91 | op=SEND_HEARTBEAT {datanodeUUID=625627db-20f6-4593-9222-21b617438b7f, command=[]} | ret=SUCCESS |  
2019-08-21 05:59:40,286 | INFO  | SCMAudit | user=jenkins1000 | ip=192.168.69.91 | op=SEND_HEARTBEAT {datanodeUUID=f101476e-c990-429e-921c-5f445731959e, command=[]} | ret=SUCCESS |  
2019-08-21 05:59:40,358 | INFO  | SCMAudit | user=jenkins1000 | ip=192.168.69.91 | op=SEND_HEARTBEAT {datanodeUUID=49ab72ed-ff76-4952-870c-a3cea42cdb24, command=[]} | ret=SUCCESS |  
2019-08-21 05:59:40,528 | INFO  | SCMAudit | user=jenkins1000 | ip=192.168.69.91 | op=SEND_HEARTBEAT {datanodeUUID=3fd580a5-fd1e-4f13-9f88-976f7db82376, command=[]} | ret=SUCCESS |  
2019-08-21 05:59:40,606 [grpc-default-executor-0] INFO  client.GrpcClientProtocolClient (GrpcClientProtocolClient.java:onNext(255)) - client-5E3AA808964E->f101476e-c990-429e-921c-5f445731959e: receive RaftClientReply:client-5E3AA808964E->f101476e-c990-429e-921c-5f445731959e@group-ED3E36EC8233, cid=45, FAILED org.apache.ratis.protocol.NotLeaderException: Server f101476e-c990-429e-921c-5f445731959e is not the leader (3c17af02-f769-4730-87e1-6a78a05442cb:192.168.69.91:45466). Request must be sent to leader., logIndex=0, commits[f101476e-c990-429e-921c-5f445731959e:c8, 3c17af02-f769-4730-87e1-6a78a05442cb:c8, 625627db-20f6-4593-9222-21b617438b7f:c8]
2019-08-21 05:59:40,736 | INFO  | SCMAudit | user=jenkins1000 | ip=192.168.69.91 | op=SEND_HEARTBEAT {datanodeUUID=046a392e-7484-4dfc-820d-faa08503447d, command=[]} | ret=SUCCESS |  
2019-08-21 05:59:40,901 | INFO  | SCMAudit | user=jenkins1000 | ip=192.168.69.91 | op=SEND_HEARTBEAT {datanodeUUID=4794a7d0-d8e2-4005-aaca-0a56e39fce16, command=[]} | ret=SUCCESS |  
2019-08-21 05:59:41,243 | INFO  | SCMAudit | user=jenkins1000 | ip=192.168.69.91 | op=SEND_HEARTBEAT {datanodeUUID=3c17af02-f769-4730-87e1-6a78a05442cb, command=[]} | ret=SUCCESS |  
2019-08-21 05:59:41,271 | INFO  | SCMAudit | user=jenkins1000 | ip=192.168.69.91 | op=SEND_HEARTBEAT {datanodeUUID=625627db-20f6-4593-9222-21b617438b7f, command=[]} | ret=SUCCESS |  
2019-08-21 05:59:41,286 | INFO  | SCMAudit | user=jenkins1000 | ip=192.168.69.91 | op=SEND_HEARTBEAT {datanodeUUID=f101476e-c990-429e-921c-5f445731959e, command=[]} | ret=SUCCESS |  
2019-08-21 05:59:41,358 | INFO  | SCMAudit | user=jenkins1000 | ip=192.168.69.91 | op=SEND_HEARTBEAT {datanodeUUID=49ab72ed-ff76-4952-870c-a3cea42cdb24, command=[]} | ret=SUCCESS |  
2019-08-21 05:59:41,529 | INFO  | SCMAudit | user=jenkins1000 | ip=192.168.69.91 | op=SEND_HEARTBEAT {datanodeUUID=3fd580a5-fd1e-4f13-9f88-976f7db82376, command=[]} | ret=SUCCESS |  
2019-08-21 05:59:41,736 | INFO  | SCMAudit | user=jenkins1000 | ip=192.168.69.91 | op=SEND_HEARTBEAT {datanodeUUID=046a392e-7484-4dfc-820d-faa08503447d, command=[]} | ret=SUCCESS |  
2019-08-21 05:59:41,901 | INFO  | SCMAudit | user=jenkins1000 | ip=192.168.69.91 | op=SEND_HEARTBEAT {datanodeUUID=4794a7d0-d8e2-4005-aaca-0a56e39fce16, command=[]} | ret=SUCCESS |  
2019-08-21 05:59:42,243 | INFO  | SCMAudit | user=jenkins1000 | ip=192.168.69.91 | op=SEND_HEARTBEAT {datanodeUUID=3c17af02-f769-4730-87e1-6a78a05442cb, command=[]} | ret=SUCCESS |  
2019-08-21 05:59:42,271 | INFO  | SCMAudit | user=jenkins1000 | ip=192.168.69.91 | op=SEND_HEARTBEAT {datanodeUUID=625627db-20f6-4593-9222-21b617438b7f, command=[]} | ret=SUCCESS |  
2019-08-21 05:59:42,286 | INFO  | SCMAudit | user=jenkins1000 | ip=192.168.69.91 | op=SEND_HEARTBEAT {datanodeUUID=f101476e-c990-429e-921c-5f445731959e, command=[]} | ret=SUCCESS |  
2019-08-21 05:59:42,358 | INFO  | SCMAudit | user=jenkins1000 | ip=192.168.69.91 | op=SEND_HEARTBEAT {datanodeUUID=49ab72ed-ff76-4952-870c-a3cea42cdb24, command=[]} | ret=SUCCESS |  
2019-08-21 05:59:42,528 | INFO  | SCMAudit | user=jenkins1000 | ip=192.168.69.91 | op=SEND_HEARTBEAT {datanodeUUID=3fd580a5-fd1e-4f13-9f88-976f7db82376, command=[]} | ret=SUCCESS |  
2019-08-21 05:59:42,737 | INFO  | SCMAudit | user=jenkins1000 | ip=192.168.69.91 | op=SEND_HEARTBEAT {datanodeUUID=046a392e-7484-4dfc-820d-faa08503447d, command=[]} | ret=SUCCESS |  
2019-08-21 05:59:42,902 | INFO  | SCMAudit | user=jenkins1000 | ip=192.168.69.91 | op=SEND_HEARTBEAT {datanodeUUID=4794a7d0-d8e2-4005-aaca-0a56e39fce16, command=[]} | ret=SUCCESS |  
2019-08-21 05:59:43,243 | INFO  | SCMAudit | user=jenkins1000 | ip=192.168.69.91 | op=SEND_HEARTBEAT {datanodeUUID=3c17af02-f769-4730-87e1-6a78a05442cb, command=[]} | ret=SUCCESS |  
2019-08-21 05:59:43,271 | INFO  | SCMAudit | user=jenkins1000 | ip=192.168.69.91 | op=SEND_HEARTBEAT {datanodeUUID=625627db-20f6-4593-9222-21b617438b7f, command=[]} | ret=SUCCESS |  
2019-08-21 05:59:43,286 | INFO  | SCMAudit | user=jenkins1000 | ip=192.168.69.91 | op=SEND_HEARTBEAT {datanodeUUID=f101476e-c990-429e-921c-5f445731959e, command=[]} | ret=SUCCESS |  
2019-08-21 05:59:43,358 | INFO  | SCMAudit | user=jenkins1000 | ip=192.168.69.91 | op=SEND_HEARTBEAT {datanodeUUID=49ab72ed-ff76-4952-870c-a3cea42cdb24, command=[]} | ret=SUCCESS |  
2019-08-21 05:59:43,528 | INFO  | SCMAudit | user=jenkins1000 | ip=192.168.69.91 | op=SEND_HEARTBEAT {datanodeUUID=3fd580a5-fd1e-4f13-9f88-976f7db82376, command=[]} | ret=SUCCESS |  
2019-08-21 05:59:43,737 | INFO  | SCMAudit | user=jenkins1000 | ip=192.168.69.91 | op=SEND_HEARTBEAT {datanodeUUID=046a392e-7484-4dfc-820d-faa08503447d, command=[]} | ret=SUCCESS |  
2019-08-21 05:59:43,902 | INFO  | SCMAudit | user=jenkins1000 | ip=192.168.69.91 | op=SEND_HEARTBEAT {datanodeUUID=4794a7d0-d8e2-4005-aaca-0a56e39fce16, command=[]} | ret=SUCCESS |  
2019-08-21 05:59:44,244 | INFO  | SCMAudit | user=jenkins1000 | ip=192.168.69.91 | op=SEND_HEARTBEAT {datanodeUUID=3c17af02-f769-4730-87e1-6a78a05442cb, command=[]} | ret=SUCCESS |  
2019-08-21 05:59:44,271 | INFO  | SCMAudit | user=jenkins1000 | ip=192.168.69.91 | op=SEND_HEARTBEAT {datanodeUUID=625627db-20f6-4593-9222-21b617438b7f, command=[]} | ret=SUCCESS |  
2019-08-21 05:59:44,286 | INFO  | SCMAudit | user=jenkins1000 | ip=192.168.69.91 | op=SEND_HEARTBEAT {datanodeUUID=f101476e-c990-429e-921c-5f445731959e, command=[]} | ret=SUCCESS |  
2019-08-21 05:59:44,358 | INFO  | SCMAudit | user=jenkins1000 | ip=192.168.69.91 | op=SEND_HEARTBEAT {datanodeUUID=49ab72ed-ff76-4952-870c-a3cea42cdb24, command=[]} | ret=SUCCESS |  
2019-08-21 05:59:44,528 | INFO  | SCMAudit | user=jenkins1000 | ip=192.168.69.91 | op=SEND_HEARTBEAT {datanodeUUID=3fd580a5-fd1e-4f13-9f88-976f7db82376, command=[]} | ret=SUCCESS |  
2019-08-21 05:59:44,738 | INFO  | SCMAudit | user=jenkins1000 | ip=192.168.69.91 | op=SEND_HEARTBEAT {datanodeUUID=046a392e-7484-4dfc-820d-faa08503447d, command=[]} | ret=SUCCESS |  
2019-08-21 05:59:44,902 | INFO  | SCMAudit | user=jenkins1000 | ip=192.168.69.91 | op=SEND_HEARTBEAT {datanodeUUID=4794a7d0-d8e2-4005-aaca-0a56e39fce16, command=[]} | ret=SUCCESS |  
2019-08-21 05:59:45,245 | INFO  | SCMAudit | user=jenkins1000 | ip=192.168.69.91 | op=SEND_HEARTBEAT {datanodeUUID=3c17af02-f769-4730-87e1-6a78a05442cb, command=[]} | ret=SUCCESS |  
2019-08-21 05:59:45,272 | INFO  | SCMAudit | user=jenkins1000 | ip=192.168.69.91 | op=SEND_HEARTBEAT {datanodeUUID=625627db-20f6-4593-9222-21b617438b7f, command=[]} | ret=SUCCESS |  
2019-08-21 05:59:45,287 | INFO  | SCMAudit | user=jenkins1000 | ip=192.168.69.91 | op=SEND_HEARTBEAT {datanodeUUID=f101476e-c990-429e-921c-5f445731959e, command=[]} | ret=SUCCESS |  
2019-08-21 05:59:45,359 | INFO  | SCMAudit | user=jenkins1000 | ip=192.168.69.91 | op=SEND_HEARTBEAT {datanodeUUID=49ab72ed-ff76-4952-870c-a3cea42cdb24, command=[]} | ret=SUCCESS |  
2019-08-21 05:59:45,529 | INFO  | SCMAudit | user=jenkins1000 | ip=192.168.69.91 | op=SEND_HEARTBEAT {datanodeUUID=3fd580a5-fd1e-4f13-9f88-976f7db82376, command=[]} | ret=SUCCESS |  
2019-08-21 05:59:45,651 [grpc-default-executor-5] INFO  client.GrpcClientProtocolClient (GrpcClientProtocolClient.java:onNext(255)) - client-5E3AA808964E->f101476e-c990-429e-921c-5f445731959e: receive RaftClientReply:client-5E3AA808964E->f101476e-c990-429e-921c-5f445731959e@group-ED3E36EC8233, cid=45, FAILED org.apache.ratis.protocol.NotLeaderException: Server f101476e-c990-429e-921c-5f445731959e is not the leader (3c17af02-f769-4730-87e1-6a78a05442cb:192.168.69.91:45466). Request must be sent to leader., logIndex=0, commits[f101476e-c990-429e-921c-5f445731959e:c8, 3c17af02-f769-4730-87e1-6a78a05442cb:c8, 625627db-20f6-4593-9222-21b617438b7f:c8]
2019-08-21 05:59:45,738 | INFO  | SCMAudit | user=jenkins1000 | ip=192.168.69.91 | op=SEND_HEARTBEAT {datanodeUUID=046a392e-7484-4dfc-820d-faa08503447d, command=[]} | ret=SUCCESS |  
2019-08-21 05:59:45,902 | INFO  | SCMAudit | user=jenkins1000 | ip=192.168.69.91 | op=SEND_HEARTBEAT {datanodeUUID=4794a7d0-d8e2-4005-aaca-0a56e39fce16, command=[]} | ret=SUCCESS |  
2019-08-21 05:59:46,244 | INFO  | SCMAudit | user=jenkins1000 | ip=192.168.69.91 | op=SEND_HEARTBEAT {datanodeUUID=3c17af02-f769-4730-87e1-6a78a05442cb, command=[]} | ret=SUCCESS |  
2019-08-21 05:59:46,272 | INFO  | SCMAudit | user=jenkins1000 | ip=192.168.69.91 | op=SEND_HEARTBEAT {datanodeUUID=625627db-20f6-4593-9222-21b617438b7f, command=[]} | ret=SUCCESS |  
2019-08-21 05:59:46,286 | INFO  | SCMAudit | user=jenkins1000 | ip=192.168.69.91 | op=SEND_HEARTBEAT {datanodeUUID=f101476e-c990-429e-921c-5f445731959e, command=[]} | ret=SUCCESS |  
2019-08-21 05:59:46,359 | INFO  | SCMAudit | user=jenkins1000 | ip=192.168.69.91 | op=SEND_HEARTBEAT {datanodeUUID=49ab72ed-ff76-4952-870c-a3cea42cdb24, command=[]} | ret=SUCCESS |  
2019-08-21 05:59:46,528 | INFO  | SCMAudit | user=jenkins1000 | ip=192.168.69.91 | op=SEND_HEARTBEAT {datanodeUUID=3fd580a5-fd1e-4f13-9f88-976f7db82376, command=[]} | ret=SUCCESS |  
2019-08-21 05:59:46,738 | INFO  | SCMAudit | user=jenkins1000 | ip=192.168.69.91 | op=SEND_HEARTBEAT {datanodeUUID=046a392e-7484-4dfc-820d-faa08503447d, command=[]} | ret=SUCCESS |  
2019-08-21 05:59:46,903 | INFO  | SCMAudit | user=jenkins1000 | ip=192.168.69.91 | op=SEND_HEARTBEAT {datanodeUUID=4794a7d0-d8e2-4005-aaca-0a56e39fce16, command=[]} | ret=SUCCESS |  
2019-08-21 05:59:47,244 | INFO  | SCMAudit | user=jenkins1000 | ip=192.168.69.91 | op=SEND_HEARTBEAT {datanodeUUID=3c17af02-f769-4730-87e1-6a78a05442cb, command=[]} | ret=SUCCESS |  
2019-08-21 05:59:47,272 | INFO  | SCMAudit | user=jenkins1000 | ip=192.168.69.91 | op=SEND_HEARTBEAT {datanodeUUID=625627db-20f6-4593-9222-21b617438b7f, command=[]} | ret=SUCCESS |  
2019-08-21 05:59:47,286 | INFO  | SCMAudit | user=jenkins1000 | ip=192.168.69.91 | op=SEND_HEARTBEAT {datanodeUUID=f101476e-c990-429e-921c-5f445731959e, command=[]} | ret=SUCCESS |  
2019-08-21 05:59:47,359 | INFO  | SCMAudit | user=jenkins1000 | ip=192.168.69.91 | op=SEND_HEARTBEAT {datanodeUUID=49ab72ed-ff76-4952-870c-a3cea42cdb24, command=[]} | ret=SUCCESS |  
2019-08-21 05:59:47,528 | INFO  | SCMAudit | user=jenkins1000 | ip=192.168.69.91 | op=SEND_HEARTBEAT {datanodeUUID=3fd580a5-fd1e-4f13-9f88-976f7db82376, command=[]} | ret=SUCCESS |  
2019-08-21 05:59:47,739 | INFO  | SCMAudit | user=jenkins1000 | ip=192.168.69.91 | op=SEND_HEARTBEAT {datanodeUUID=046a392e-7484-4dfc-820d-faa08503447d, command=[]} | ret=SUCCESS |  
2019-08-21 05:59:47,903 | INFO  | SCMAudit | user=jenkins1000 | ip=192.168.69.91 | op=SEND_HEARTBEAT {datanodeUUID=4794a7d0-d8e2-4005-aaca-0a56e39fce16, command=[]} | ret=SUCCESS |  
2019-08-21 05:59:48,244 | INFO  | SCMAudit | user=jenkins1000 | ip=192.168.69.91 | op=SEND_HEARTBEAT {datanodeUUID=3c17af02-f769-4730-87e1-6a78a05442cb, command=[]} | ret=SUCCESS |  
2019-08-21 05:59:48,272 | INFO  | SCMAudit | user=jenkins1000 | ip=192.168.69.91 | op=SEND_HEARTBEAT {datanodeUUID=625627db-20f6-4593-9222-21b617438b7f, command=[]} | ret=SUCCESS |  
2019-08-21 05:59:48,286 | INFO  | SCMAudit | user=jenkins1000 | ip=192.168.69.91 | op=SEND_HEARTBEAT {datanodeUUID=f101476e-c990-429e-921c-5f445731959e, command=[]} | ret=SUCCESS |  
2019-08-21 05:59:48,359 | INFO  | SCMAudit | user=jenkins1000 | ip=192.168.69.91 | op=SEND_HEARTBEAT {datanodeUUID=49ab72ed-ff76-4952-870c-a3cea42cdb24, command=[]} | ret=SUCCESS |  
2019-08-21 05:59:48,528 | INFO  | SCMAudit | user=jenkins1000 | ip=192.168.69.91 | op=SEND_HEARTBEAT {datanodeUUID=3fd580a5-fd1e-4f13-9f88-976f7db82376, command=[]} | ret=SUCCESS |  
2019-08-21 05:59:48,738 | INFO  | SCMAudit | user=jenkins1000 | ip=192.168.69.91 | op=SEND_HEARTBEAT {datanodeUUID=046a392e-7484-4dfc-820d-faa08503447d, command=[]} | ret=SUCCESS |  
2019-08-21 05:59:48,903 | INFO  | SCMAudit | user=jenkins1000 | ip=192.168.69.91 | op=SEND_HEARTBEAT {datanodeUUID=4794a7d0-d8e2-4005-aaca-0a56e39fce16, command=[]} | ret=SUCCESS |  
2019-08-21 05:59:49,245 | INFO  | SCMAudit | user=jenkins1000 | ip=192.168.69.91 | op=SEND_HEARTBEAT {datanodeUUID=3c17af02-f769-4730-87e1-6a78a05442cb, command=[]} | ret=SUCCESS |  
2019-08-21 05:59:49,272 | INFO  | SCMAudit | user=jenkins1000 | ip=192.168.69.91 | op=SEND_HEARTBEAT {datanodeUUID=625627db-20f6-4593-9222-21b617438b7f, command=[]} | ret=SUCCESS |  
2019-08-21 05:59:49,286 | INFO  | SCMAudit | user=jenkins1000 | ip=192.168.69.91 | op=SEND_HEARTBEAT {datanodeUUID=f101476e-c990-429e-921c-5f445731959e, command=[]} | ret=SUCCESS |  
2019-08-21 05:59:49,359 | INFO  | SCMAudit | user=jenkins1000 | ip=192.168.69.91 | op=SEND_HEARTBEAT {datanodeUUID=49ab72ed-ff76-4952-870c-a3cea42cdb24, command=[]} | ret=SUCCESS |  
2019-08-21 05:59:49,528 | INFO  | SCMAudit | user=jenkins1000 | ip=192.168.69.91 | op=SEND_HEARTBEAT {datanodeUUID=3fd580a5-fd1e-4f13-9f88-976f7db82376, command=[]} | ret=SUCCESS |  
2019-08-21 05:59:49,738 | INFO  | SCMAudit | user=jenkins1000 | ip=192.168.69.91 | op=SEND_HEARTBEAT {datanodeUUID=046a392e-7484-4dfc-820d-faa08503447d, command=[]} | ret=SUCCESS |  
2019-08-21 05:59:49,903 | INFO  | SCMAudit | user=jenkins1000 | ip=192.168.69.91 | op=SEND_HEARTBEAT {datanodeUUID=4794a7d0-d8e2-4005-aaca-0a56e39fce16, command=[]} | ret=SUCCESS |  
2019-08-21 05:59:50,244 | INFO  | SCMAudit | user=jenkins1000 | ip=192.168.69.91 | op=SEND_HEARTBEAT {datanodeUUID=3c17af02-f769-4730-87e1-6a78a05442cb, command=[]} | ret=SUCCESS |  
2019-08-21 05:59:50,273 | INFO  | SCMAudit | user=jenkins1000 | ip=192.168.69.91 | op=SEND_HEARTBEAT {datanodeUUID=625627db-20f6-4593-9222-21b617438b7f, command=[]} | ret=SUCCESS |  
2019-08-21 05:59:50,286 | INFO  | SCMAudit | user=jenkins1000 | ip=192.168.69.91 | op=SEND_HEARTBEAT {datanodeUUID=f101476e-c990-429e-921c-5f445731959e, command=[]} | ret=SUCCESS |  
2019-08-21 05:59:50,359 | INFO  | SCMAudit | user=jenkins1000 | ip=192.168.69.91 | op=SEND_HEARTBEAT {datanodeUUID=49ab72ed-ff76-4952-870c-a3cea42cdb24, command=[]} | ret=SUCCESS |  
2019-08-21 05:59:50,528 | INFO  | SCMAudit | user=jenkins1000 | ip=192.168.69.91 | op=SEND_HEARTBEAT {datanodeUUID=3fd580a5-fd1e-4f13-9f88-976f7db82376, command=[]} | ret=SUCCESS |  
2019-08-21 05:59:50,703 [grpc-default-executor-5] INFO  client.GrpcClientProtocolClient (GrpcClientProtocolClient.java:onNext(255)) - client-5E3AA808964E->f101476e-c990-429e-921c-5f445731959e: receive RaftClientReply:client-5E3AA808964E->f101476e-c990-429e-921c-5f445731959e@group-ED3E36EC8233, cid=45, FAILED org.apache.ratis.protocol.NotLeaderException: Server f101476e-c990-429e-921c-5f445731959e is not the leader (3c17af02-f769-4730-87e1-6a78a05442cb:192.168.69.91:45466). Request must be sent to leader., logIndex=0, commits[f101476e-c990-429e-921c-5f445731959e:c8, 3c17af02-f769-4730-87e1-6a78a05442cb:c8, 625627db-20f6-4593-9222-21b617438b7f:c8]
2019-08-21 05:59:50,738 | INFO  | SCMAudit | user=jenkins1000 | ip=192.168.69.91 | op=SEND_HEARTBEAT {datanodeUUID=046a392e-7484-4dfc-820d-faa08503447d, command=[]} | ret=SUCCESS |  
2019-08-21 05:59:50,904 | INFO  | SCMAudit | user=jenkins1000 | ip=192.168.69.91 | op=SEND_HEARTBEAT {datanodeUUID=4794a7d0-d8e2-4005-aaca-0a56e39fce16, command=[]} | ret=SUCCESS |  
2019-08-21 05:59:51,245 | INFO  | SCMAudit | user=jenkins1000 | ip=192.168.69.91 | op=SEND_HEARTBEAT {datanodeUUID=3c17af02-f769-4730-87e1-6a78a05442cb, command=[]} | ret=SUCCESS |  
2019-08-21 05:59:51,272 | INFO  | SCMAudit | user=jenkins1000 | ip=192.168.69.91 | op=SEND_HEARTBEAT {datanodeUUID=625627db-20f6-4593-9222-21b617438b7f, command=[]} | ret=SUCCESS |  
2019-08-21 05:59:51,287 | INFO  | SCMAudit | user=jenkins1000 | ip=192.168.69.91 | op=SEND_HEARTBEAT {datanodeUUID=f101476e-c990-429e-921c-5f445731959e, command=[]} | ret=SUCCESS |  
2019-08-21 05:59:51,359 | INFO  | SCMAudit | user=jenkins1000 | ip=192.168.69.91 | op=SEND_HEARTBEAT {datanodeUUID=49ab72ed-ff76-4952-870c-a3cea42cdb24, command=[]} | ret=SUCCESS |  
2019-08-21 05:59:51,529 | INFO  | SCMAudit | user=jenkins1000 | ip=192.168.69.91 | op=SEND_HEARTBEAT {datanodeUUID=3fd580a5-fd1e-4f13-9f88-976f7db82376, command=[]} | ret=SUCCESS |  
2019-08-21 05:59:51,739 | INFO  | SCMAudit | user=jenkins1000 | ip=192.168.69.91 | op=SEND_HEARTBEAT {datanodeUUID=046a392e-7484-4dfc-820d-faa08503447d, command=[]} | ret=SUCCESS |  
2019-08-21 05:59:51,903 | INFO  | SCMAudit | user=jenkins1000 | ip=192.168.69.91 | op=SEND_HEARTBEAT {datanodeUUID=4794a7d0-d8e2-4005-aaca-0a56e39fce16, command=[]} | ret=SUCCESS |  
2019-08-21 05:59:52,244 | INFO  | SCMAudit | user=jenkins1000 | ip=192.168.69.91 | op=SEND_HEARTBEAT {datanodeUUID=3c17af02-f769-4730-87e1-6a78a05442cb, command=[]} | ret=SUCCESS |  
2019-08-21 05:59:52,272 | INFO  | SCMAudit | user=jenkins1000 | ip=192.168.69.91 | op=SEND_HEARTBEAT {datanodeUUID=625627db-20f6-4593-9222-21b617438b7f, command=[]} | ret=SUCCESS |  
2019-08-21 05:59:52,287 | INFO  | SCMAudit | user=jenkins1000 | ip=192.168.69.91 | op=SEND_HEARTBEAT {datanodeUUID=f101476e-c990-429e-921c-5f445731959e, command=[]} | ret=SUCCESS |  
2019-08-21 05:59:52,359 | INFO  | SCMAudit | user=jenkins1000 | ip=192.168.69.91 | op=SEND_HEARTBEAT {datanodeUUID=49ab72ed-ff76-4952-870c-a3cea42cdb24, command=[]} | ret=SUCCESS |  
2019-08-21 05:59:52,529 | INFO  | SCMAudit | user=jenkins1000 | ip=192.168.69.91 | op=SEND_HEARTBEAT {datanodeUUID=3fd580a5-fd1e-4f13-9f88-976f7db82376, command=[]} | ret=SUCCESS |  
2019-08-21 05:59:52,739 | INFO  | SCMAudit | user=jenkins1000 | ip=192.168.69.91 | op=SEND_HEARTBEAT {datanodeUUID=046a392e-7484-4dfc-820d-faa08503447d, command=[]} | ret=SUCCESS |  
2019-08-21 05:59:52,903 | INFO  | SCMAudit | user=jenkins1000 | ip=192.168.69.91 | op=SEND_HEARTBEAT {datanodeUUID=4794a7d0-d8e2-4005-aaca-0a56e39fce16, command=[]} | ret=SUCCESS |  
2019-08-21 05:59:53,244 | INFO  | SCMAudit | user=jenkins1000 | ip=192.168.69.91 | op=SEND_HEARTBEAT {datanodeUUID=3c17af02-f769-4730-87e1-6a78a05442cb, command=[]} | ret=SUCCESS |  
2019-08-21 05:59:53,273 | INFO  | SCMAudit | user=jenkins1000 | ip=192.168.69.91 | op=SEND_HEARTBEAT {datanodeUUID=625627db-20f6-4593-9222-21b617438b7f, command=[]} | ret=SUCCESS |  
2019-08-21 05:59:53,287 | INFO  | SCMAudit | user=jenkins1000 | ip=192.168.69.91 | op=SEND_HEARTBEAT {datanodeUUID=f101476e-c990-429e-921c-5f445731959e, command=[]} | ret=SUCCESS |  
2019-08-21 05:59:53,359 | INFO  | SCMAudit | user=jenkins1000 | ip=192.168.69.91 | op=SEND_HEARTBEAT {datanodeUUID=49ab72ed-ff76-4952-870c-a3cea42cdb24, command=[]} | ret=SUCCESS |  
2019-08-21 05:59:53,530 | INFO  | SCMAudit | user=jenkins1000 | ip=192.168.69.91 | op=SEND_HEARTBEAT {datanodeUUID=3fd580a5-fd1e-4f13-9f88-976f7db82376, command=[]} | ret=SUCCESS |  
2019-08-21 05:59:53,739 | INFO  | SCMAudit | user=jenkins1000 | ip=192.168.69.91 | op=SEND_HEARTBEAT {datanodeUUID=046a392e-7484-4dfc-820d-faa08503447d, command=[]} | ret=SUCCESS |  
2019-08-21 05:59:53,904 | INFO  | SCMAudit | user=jenkins1000 | ip=192.168.69.91 | op=SEND_HEARTBEAT {datanodeUUID=4794a7d0-d8e2-4005-aaca-0a56e39fce16, command=[]} | ret=SUCCESS |  
2019-08-21 05:59:54,245 | INFO  | SCMAudit | user=jenkins1000 | ip=192.168.69.91 | op=SEND_HEARTBEAT {datanodeUUID=3c17af02-f769-4730-87e1-6a78a05442cb, command=[]} | ret=SUCCESS |  
2019-08-21 05:59:54,273 | INFO  | SCMAudit | user=jenkins1000 | ip=192.168.69.91 | op=SEND_HEARTBEAT {datanodeUUID=625627db-20f6-4593-9222-21b617438b7f, command=[]} | ret=SUCCESS |  
2019-08-21 05:59:54,287 | INFO  | SCMAudit | user=jenkins1000 | ip=192.168.69.91 | op=SEND_HEARTBEAT {datanodeUUID=f101476e-c990-429e-921c-5f445731959e, command=[]} | ret=SUCCESS |  
2019-08-21 05:59:54,359 | INFO  | SCMAudit | user=jenkins1000 | ip=192.168.69.91 | op=SEND_HEARTBEAT {datanodeUUID=49ab72ed-ff76-4952-870c-a3cea42cdb24, command=[]} | ret=SUCCESS |  
2019-08-21 05:59:54,529 | INFO  | SCMAudit | user=jenkins1000 | ip=192.168.69.91 | op=SEND_HEARTBEAT {datanodeUUID=3fd580a5-fd1e-4f13-9f88-976f7db82376, command=[]} | ret=SUCCESS |  
2019-08-21 05:59:54,739 | INFO  | SCMAudit | user=jenkins1000 | ip=192.168.69.91 | op=SEND_HEARTBEAT {datanodeUUID=046a392e-7484-4dfc-820d-faa08503447d, command=[]} | ret=SUCCESS |  
2019-08-21 05:59:54,903 | INFO  | SCMAudit | user=jenkins1000 | ip=192.168.69.91 | op=SEND_HEARTBEAT {datanodeUUID=4794a7d0-d8e2-4005-aaca-0a56e39fce16, command=[]} | ret=SUCCESS |  
2019-08-21 05:59:55,244 | INFO  | SCMAudit | user=jenkins1000 | ip=192.168.69.91 | op=SEND_HEARTBEAT {datanodeUUID=3c17af02-f769-4730-87e1-6a78a05442cb, command=[]} | ret=SUCCESS |  
2019-08-21 05:59:55,273 | INFO  | SCMAudit | user=jenkins1000 | ip=192.168.69.91 | op=SEND_HEARTBEAT {datanodeUUID=625627db-20f6-4593-9222-21b617438b7f, command=[]} | ret=SUCCESS |  
2019-08-21 05:59:55,287 | INFO  | SCMAudit | user=jenkins1000 | ip=192.168.69.91 | op=SEND_HEARTBEAT {datanodeUUID=f101476e-c990-429e-921c-5f445731959e, command=[]} | ret=SUCCESS |  
2019-08-21 05:59:55,359 | INFO  | SCMAudit | user=jenkins1000 | ip=192.168.69.91 | op=SEND_HEARTBEAT {datanodeUUID=49ab72ed-ff76-4952-870c-a3cea42cdb24, command=[]} | ret=SUCCESS |  
2019-08-21 05:59:55,529 | INFO  | SCMAudit | user=jenkins1000 | ip=192.168.69.91 | op=SEND_HEARTBEAT {datanodeUUID=3fd580a5-fd1e-4f13-9f88-976f7db82376, command=[]} | ret=SUCCESS |  
2019-08-21 05:59:55,740 | INFO  | SCMAudit | user=jenkins1000 | ip=192.168.69.91 | op=SEND_HEARTBEAT {datanodeUUID=046a392e-7484-4dfc-820d-faa08503447d, command=[]} | ret=SUCCESS |  
2019-08-21 05:59:55,746 [grpc-default-executor-4] INFO  client.GrpcClientProtocolClient (GrpcClientProtocolClient.java:onNext(255)) - client-5E3AA808964E->625627db-20f6-4593-9222-21b617438b7f: receive RaftClientReply:client-5E3AA808964E->625627db-20f6-4593-9222-21b617438b7f@group-ED3E36EC8233, cid=45, FAILED org.apache.ratis.protocol.NotLeaderException: Server 625627db-20f6-4593-9222-21b617438b7f is not the leader (3c17af02-f769-4730-87e1-6a78a05442cb:192.168.69.91:45466). Request must be sent to leader., logIndex=0, commits[625627db-20f6-4593-9222-21b617438b7f:c8, f101476e-c990-429e-921c-5f445731959e:c8, 3c17af02-f769-4730-87e1-6a78a05442cb:c8]
2019-08-21 05:59:55,903 | INFO  | SCMAudit | user=jenkins1000 | ip=192.168.69.91 | op=SEND_HEARTBEAT {datanodeUUID=4794a7d0-d8e2-4005-aaca-0a56e39fce16, command=[]} | ret=SUCCESS |  
2019-08-21 05:59:56,244 | INFO  | SCMAudit | user=jenkins1000 | ip=192.168.69.91 | op=SEND_HEARTBEAT {datanodeUUID=3c17af02-f769-4730-87e1-6a78a05442cb, command=[]} | ret=SUCCESS |  
2019-08-21 05:59:56,273 | INFO  | SCMAudit | user=jenkins1000 | ip=192.168.69.91 | op=SEND_HEARTBEAT {datanodeUUID=625627db-20f6-4593-9222-21b617438b7f, command=[]} | ret=SUCCESS |  
2019-08-21 05:59:56,287 | INFO  | SCMAudit | user=jenkins1000 | ip=192.168.69.91 | op=SEND_HEARTBEAT {datanodeUUID=f101476e-c990-429e-921c-5f445731959e, command=[]} | ret=SUCCESS |  
2019-08-21 05:59:56,359 | INFO  | SCMAudit | user=jenkins1000 | ip=192.168.69.91 | op=SEND_HEARTBEAT {datanodeUUID=49ab72ed-ff76-4952-870c-a3cea42cdb24, command=[]} | ret=SUCCESS |  
2019-08-21 05:59:56,529 | INFO  | SCMAudit | user=jenkins1000 | ip=192.168.69.91 | op=SEND_HEARTBEAT {datanodeUUID=3fd580a5-fd1e-4f13-9f88-976f7db82376, command=[]} | ret=SUCCESS |  
2019-08-21 05:59:56,740 | INFO  | SCMAudit | user=jenkins1000 | ip=192.168.69.91 | op=SEND_HEARTBEAT {datanodeUUID=046a392e-7484-4dfc-820d-faa08503447d, command=[]} | ret=SUCCESS |  
2019-08-21 05:59:56,904 | INFO  | SCMAudit | user=jenkins1000 | ip=192.168.69.91 | op=SEND_HEARTBEAT {datanodeUUID=4794a7d0-d8e2-4005-aaca-0a56e39fce16, command=[]} | ret=SUCCESS |  
2019-08-21 05:59:57,245 | INFO  | SCMAudit | user=jenkins1000 | ip=192.168.69.91 | op=SEND_HEARTBEAT {datanodeUUID=3c17af02-f769-4730-87e1-6a78a05442cb, command=[]} | ret=SUCCESS |  
2019-08-21 05:59:57,277 | INFO  | SCMAudit | user=jenkins1000 | ip=192.168.69.91 | op=SEND_HEARTBEAT {datanodeUUID=625627db-20f6-4593-9222-21b617438b7f, command=[]} | ret=SUCCESS |  
2019-08-21 05:59:57,287 | INFO  | SCMAudit | user=jenkins1000 | ip=192.168.69.91 | op=SEND_HEARTBEAT {datanodeUUID=f101476e-c990-429e-921c-5f445731959e, command=[]} | ret=SUCCESS |  
2019-08-21 05:59:57,361 | INFO  | SCMAudit | user=jenkins1000 | ip=192.168.69.91 | op=SEND_HEARTBEAT {datanodeUUID=49ab72ed-ff76-4952-870c-a3cea42cdb24, command=[]} | ret=SUCCESS |  
2019-08-21 05:59:57,529 | INFO  | SCMAudit | user=jenkins1000 | ip=192.168.69.91 | op=SEND_HEARTBEAT {datanodeUUID=3fd580a5-fd1e-4f13-9f88-976f7db82376, command=[]} | ret=SUCCESS |  
2019-08-21 05:59:57,741 | INFO  | SCMAudit | user=jenkins1000 | ip=192.168.69.91 | op=SEND_HEARTBEAT {datanodeUUID=046a392e-7484-4dfc-820d-faa08503447d, command=[]} | ret=SUCCESS |  
2019-08-21 05:59:57,903 | INFO  | SCMAudit | user=jenkins1000 | ip=192.168.69.91 | op=SEND_HEARTBEAT {datanodeUUID=4794a7d0-d8e2-4005-aaca-0a56e39fce16, command=[]} | ret=SUCCESS |  
2019-08-21 05:59:58,244 | INFO  | SCMAudit | user=jenkins1000 | ip=192.168.69.91 | op=SEND_HEARTBEAT {datanodeUUID=3c17af02-f769-4730-87e1-6a78a05442cb, command=[]} | ret=SUCCESS |  
2019-08-21 05:59:58,273 | INFO  | SCMAudit | user=jenkins1000 | ip=192.168.69.91 | op=SEND_HEARTBEAT {datanodeUUID=625627db-20f6-4593-9222-21b617438b7f, command=[]} | ret=SUCCESS |  
2019-08-21 05:59:58,287 | INFO  | SCMAudit | user=jenkins1000 | ip=192.168.69.91 | op=SEND_HEARTBEAT {datanodeUUID=f101476e-c990-429e-921c-5f445731959e, command=[]} | ret=SUCCESS |  
2019-08-21 05:59:58,360 | INFO  | SCMAudit | user=jenkins1000 | ip=192.168.69.91 | op=SEND_HEARTBEAT {datanodeUUID=49ab72ed-ff76-4952-870c-a3cea42cdb24, command=[]} | ret=SUCCESS |  
2019-08-21 05:59:58,530 | INFO  | SCMAudit | user=jenkins1000 | ip=192.168.69.91 | op=SEND_HEARTBEAT {datanodeUUID=3fd580a5-fd1e-4f13-9f88-976f7db82376, command=[]} | ret=SUCCESS |  
2019-08-21 05:59:58,741 | INFO  | SCMAudit | user=jenkins1000 | ip=192.168.69.91 | op=SEND_HEARTBEAT {datanodeUUID=046a392e-7484-4dfc-820d-faa08503447d, command=[]} | ret=SUCCESS |  
2019-08-21 05:59:58,903 | INFO  | SCMAudit | user=jenkins1000 | ip=192.168.69.91 | op=SEND_HEARTBEAT {datanodeUUID=4794a7d0-d8e2-4005-aaca-0a56e39fce16, command=[]} | ret=SUCCESS |  
2019-08-21 05:59:59,245 | INFO  | SCMAudit | user=jenkins1000 | ip=192.168.69.91 | op=SEND_HEARTBEAT {datanodeUUID=3c17af02-f769-4730-87e1-6a78a05442cb, command=[]} | ret=SUCCESS |  
2019-08-21 05:59:59,273 | INFO  | SCMAudit | user=jenkins1000 | ip=192.168.69.91 | op=SEND_HEARTBEAT {datanodeUUID=625627db-20f6-4593-9222-21b617438b7f, command=[]} | ret=SUCCESS |  
2019-08-21 05:59:59,289 | INFO  | SCMAudit | user=jenkins1000 | ip=192.168.69.91 | op=SEND_HEARTBEAT {datanodeUUID=f101476e-c990-429e-921c-5f445731959e, command=[]} | ret=SUCCESS |  
2019-08-21 05:59:59,360 | INFO  | SCMAudit | user=jenkins1000 | ip=192.168.69.91 | op=SEND_HEARTBEAT {datanodeUUID=49ab72ed-ff76-4952-870c-a3cea42cdb24, command=[]} | ret=SUCCESS |  
2019-08-21 05:59:59,530 | INFO  | SCMAudit | user=jenkins1000 | ip=192.168.69.91 | op=SEND_HEARTBEAT {datanodeUUID=3fd580a5-fd1e-4f13-9f88-976f7db82376, command=[]} | ret=SUCCESS |  
2019-08-21 05:59:59,742 | INFO  | SCMAudit | user=jenkins1000 | ip=192.168.69.91 | op=SEND_HEARTBEAT {datanodeUUID=046a392e-7484-4dfc-820d-faa08503447d, command=[]} | ret=SUCCESS |  
2019-08-21 05:59:59,903 | INFO  | SCMAudit | user=jenkins1000 | ip=192.168.69.91 | op=SEND_HEARTBEAT {datanodeUUID=4794a7d0-d8e2-4005-aaca-0a56e39fce16, command=[]} | ret=SUCCESS |  
2019-08-21 06:00:00,245 | INFO  | SCMAudit | user=jenkins1000 | ip=192.168.69.91 | op=SEND_HEARTBEAT {datanodeUUID=3c17af02-f769-4730-87e1-6a78a05442cb, command=[]} | ret=SUCCESS |  
2019-08-21 06:00:00,274 | INFO  | SCMAudit | user=jenkins1000 | ip=192.168.69.91 | op=SEND_HEARTBEAT {datanodeUUID=625627db-20f6-4593-9222-21b617438b7f, command=[]} | ret=SUCCESS |  
2019-08-21 06:00:00,289 | INFO  | SCMAudit | user=jenkins1000 | ip=192.168.69.91 | op=SEND_HEARTBEAT {datanodeUUID=f101476e-c990-429e-921c-5f445731959e, command=[]} | ret=SUCCESS |  
2019-08-21 06:00:00,360 | INFO  | SCMAudit | user=jenkins1000 | ip=192.168.69.91 | op=SEND_HEARTBEAT {datanodeUUID=49ab72ed-ff76-4952-870c-a3cea42cdb24, command=[]} | ret=SUCCESS |  
2019-08-21 06:00:00,530 | INFO  | SCMAudit | user=jenkins1000 | ip=192.168.69.91 | op=SEND_HEARTBEAT {datanodeUUID=3fd580a5-fd1e-4f13-9f88-976f7db82376, command=[]} | ret=SUCCESS |  
2019-08-21 06:00:00,742 | INFO  | SCMAudit | user=jenkins1000 | ip=192.168.69.91 | op=SEND_HEARTBEAT {datanodeUUID=046a392e-7484-4dfc-820d-faa08503447d, command=[]} | ret=SUCCESS |  
2019-08-21 06:00:00,790 [grpc-default-executor-4] INFO  client.GrpcClientProtocolClient (GrpcClientProtocolClient.java:onNext(255)) - client-5E3AA808964E->625627db-20f6-4593-9222-21b617438b7f: receive RaftClientReply:client-5E3AA808964E->625627db-20f6-4593-9222-21b617438b7f@group-ED3E36EC8233, cid=45, FAILED org.apache.ratis.protocol.NotLeaderException: Server 625627db-20f6-4593-9222-21b617438b7f is not the leader (3c17af02-f769-4730-87e1-6a78a05442cb:192.168.69.91:45466). Request must be sent to leader., logIndex=0, commits[625627db-20f6-4593-9222-21b617438b7f:c8, f101476e-c990-429e-921c-5f445731959e:c8, 3c17af02-f769-4730-87e1-6a78a05442cb:c8]
2019-08-21 06:00:00,904 | INFO  | SCMAudit | user=jenkins1000 | ip=192.168.69.91 | op=SEND_HEARTBEAT {datanodeUUID=4794a7d0-d8e2-4005-aaca-0a56e39fce16, command=[]} | ret=SUCCESS |  
2019-08-21 06:00:01,247 | INFO  | SCMAudit | user=jenkins1000 | ip=192.168.69.91 | op=SEND_HEARTBEAT {datanodeUUID=3c17af02-f769-4730-87e1-6a78a05442cb, command=[]} | ret=SUCCESS |  
2019-08-21 06:00:01,274 | INFO  | SCMAudit | user=jenkins1000 | ip=192.168.69.91 | op=SEND_HEARTBEAT {datanodeUUID=625627db-20f6-4593-9222-21b617438b7f, command=[]} | ret=SUCCESS |  
2019-08-21 06:00:01,289 | INFO  | SCMAudit | user=jenkins1000 | ip=192.168.69.91 | op=SEND_HEARTBEAT {datanodeUUID=f101476e-c990-429e-921c-5f445731959e, command=[]} | ret=SUCCESS |  
2019-08-21 06:00:01,360 | INFO  | SCMAudit | user=jenkins1000 | ip=192.168.69.91 | op=SEND_HEARTBEAT {datanodeUUID=49ab72ed-ff76-4952-870c-a3cea42cdb24, command=[]} | ret=SUCCESS |  
2019-08-21 06:00:01,532 | INFO  | SCMAudit | user=jenkins1000 | ip=192.168.69.91 | op=SEND_HEARTBEAT {datanodeUUID=3fd580a5-fd1e-4f13-9f88-976f7db82376, command=[]} | ret=SUCCESS |  
2019-08-21 06:00:01,743 | INFO  | SCMAudit | user=jenkins1000 | ip=192.168.69.91 | op=SEND_HEARTBEAT {datanodeUUID=046a392e-7484-4dfc-820d-faa08503447d, command=[]} | ret=SUCCESS |  
2019-08-21 06:00:01,903 | INFO  | SCMAudit | user=jenkins1000 | ip=192.168.69.91 | op=SEND_HEARTBEAT {datanodeUUID=4794a7d0-d8e2-4005-aaca-0a56e39fce16, command=[]} | ret=SUCCESS |  
2019-08-21 06:00:02,245 | INFO  | SCMAudit | user=jenkins1000 | ip=192.168.69.91 | op=SEND_HEARTBEAT {datanodeUUID=3c17af02-f769-4730-87e1-6a78a05442cb, command=[]} | ret=SUCCESS |  
2019-08-21 06:00:02,274 | INFO  | SCMAudit | user=jenkins1000 | ip=192.168.69.91 | op=SEND_HEARTBEAT {datanodeUUID=625627db-20f6-4593-9222-21b617438b7f, command=[]} | ret=SUCCESS |  
2019-08-21 06:00:02,289 | INFO  | SCMAudit | user=jenkins1000 | ip=192.168.69.91 | op=SEND_HEARTBEAT {datanodeUUID=f101476e-c990-429e-921c-5f445731959e, command=[]} | ret=SUCCESS |  
2019-08-21 06:00:02,360 | INFO  | SCMAudit | user=jenkins1000 | ip=192.168.69.91 | op=SEND_HEARTBEAT {datanodeUUID=49ab72ed-ff76-4952-870c-a3cea42cdb24, command=[]} | ret=SUCCESS |  
2019-08-21 06:00:02,530 | INFO  | SCMAudit | user=jenkins1000 | ip=192.168.69.91 | op=SEND_HEARTBEAT {datanodeUUID=3fd580a5-fd1e-4f13-9f88-976f7db82376, command=[]} | ret=SUCCESS |  
2019-08-21 06:00:02,742 | INFO  | SCMAudit | user=jenkins1000 | ip=192.168.69.91 | op=SEND_HEARTBEAT {datanodeUUID=046a392e-7484-4dfc-820d-faa08503447d, command=[]} | ret=SUCCESS |  
2019-08-21 06:00:02,906 | INFO  | SCMAudit | user=jenkins1000 | ip=192.168.69.91 | op=SEND_HEARTBEAT {datanodeUUID=4794a7d0-d8e2-4005-aaca-0a56e39fce16, command=[]} | ret=SUCCESS |  
2019-08-21 06:00:03,245 | INFO  | SCMAudit | user=jenkins1000 | ip=192.168.69.91 | op=SEND_HEARTBEAT {datanodeUUID=3c17af02-f769-4730-87e1-6a78a05442cb, command=[]} | ret=SUCCESS |  
2019-08-21 06:00:03,274 | INFO  | SCMAudit | user=jenkins1000 | ip=192.168.69.91 | op=SEND_HEARTBEAT {datanodeUUID=625627db-20f6-4593-9222-21b617438b7f, command=[]} | ret=SUCCESS |  
2019-08-21 06:00:03,289 | INFO  | SCMAudit | user=jenkins1000 | ip=192.168.69.91 | op=SEND_HEARTBEAT {datanodeUUID=f101476e-c990-429e-921c-5f445731959e, command=[]} | ret=SUCCESS |  
2019-08-21 06:00:03,360 | INFO  | SCMAudit | user=jenkins1000 | ip=192.168.69.91 | op=SEND_HEARTBEAT {datanodeUUID=49ab72ed-ff76-4952-870c-a3cea42cdb24, command=[]} | ret=SUCCESS |  
2019-08-21 06:00:03,530 | INFO  | SCMAudit | user=jenkins1000 | ip=192.168.69.91 | op=SEND_HEARTBEAT {datanodeUUID=3fd580a5-fd1e-4f13-9f88-976f7db82376, command=[]} | ret=SUCCESS |  
2019-08-21 06:00:03,742 | INFO  | SCMAudit | user=jenkins1000 | ip=192.168.69.91 | op=SEND_HEARTBEAT {datanodeUUID=046a392e-7484-4dfc-820d-faa08503447d, command=[]} | ret=SUCCESS |  
2019-08-21 06:00:03,905 | INFO  | SCMAudit | user=jenkins1000 | ip=192.168.69.91 | op=SEND_HEARTBEAT {datanodeUUID=4794a7d0-d8e2-4005-aaca-0a56e39fce16, command=[]} | ret=SUCCESS |  
2019-08-21 06:00:04,246 | INFO  | SCMAudit | user=jenkins1000 | ip=192.168.69.91 | op=SEND_HEARTBEAT {datanodeUUID=3c17af02-f769-4730-87e1-6a78a05442cb, command=[]} | ret=SUCCESS |  
2019-08-21 06:00:04,274 | INFO  | SCMAudit | user=jenkins1000 | ip=192.168.69.91 | op=SEND_HEARTBEAT {datanodeUUID=625627db-20f6-4593-9222-21b617438b7f, command=[]} | ret=SUCCESS |  
2019-08-21 06:00:04,290 | INFO  | SCMAudit | user=jenkins1000 | ip=192.168.69.91 | op=SEND_HEARTBEAT {datanodeUUID=f101476e-c990-429e-921c-5f445731959e, command=[]} | ret=SUCCESS |  
2019-08-21 06:00:04,360 | INFO  | SCMAudit | user=jenkins1000 | ip=192.168.69.91 | op=SEND_HEARTBEAT {datanodeUUID=49ab72ed-ff76-4952-870c-a3cea42cdb24, command=[]} | ret=SUCCESS |  
2019-08-21 06:00:04,531 | INFO  | SCMAudit | user=jenkins1000 | ip=192.168.69.91 | op=SEND_HEARTBEAT {datanodeUUID=3fd580a5-fd1e-4f13-9f88-976f7db82376, command=[]} | ret=SUCCESS |  
2019-08-21 06:00:04,742 | INFO  | SCMAudit | user=jenkins1000 | ip=192.168.69.91 | op=SEND_HEARTBEAT {datanodeUUID=046a392e-7484-4dfc-820d-faa08503447d, command=[]} | ret=SUCCESS |  
2019-08-21 06:00:04,906 | INFO  | SCMAudit | user=jenkins1000 | ip=192.168.69.91 | op=SEND_HEARTBEAT {datanodeUUID=4794a7d0-d8e2-4005-aaca-0a56e39fce16, command=[]} | ret=SUCCESS |  
2019-08-21 06:00:05,245 | INFO  | SCMAudit | user=jenkins1000 | ip=192.168.69.91 | op=SEND_HEARTBEAT {datanodeUUID=3c17af02-f769-4730-87e1-6a78a05442cb, command=[]} | ret=SUCCESS |  
2019-08-21 06:00:05,275 | INFO  | SCMAudit | user=jenkins1000 | ip=192.168.69.91 | op=SEND_HEARTBEAT {datanodeUUID=625627db-20f6-4593-9222-21b617438b7f, command=[]} | ret=SUCCESS |  
2019-08-21 06:00:05,290 | INFO  | SCMAudit | user=jenkins1000 | ip=192.168.69.91 | op=SEND_HEARTBEAT {datanodeUUID=f101476e-c990-429e-921c-5f445731959e, command=[]} | ret=SUCCESS |  
2019-08-21 06:00:05,361 | INFO  | SCMAudit | user=jenkins1000 | ip=192.168.69.91 | op=SEND_HEARTBEAT {datanodeUUID=49ab72ed-ff76-4952-870c-a3cea42cdb24, command=[]} | ret=SUCCESS |  
2019-08-21 06:00:05,530 | INFO  | SCMAudit | user=jenkins1000 | ip=192.168.69.91 | op=SEND_HEARTBEAT {datanodeUUID=3fd580a5-fd1e-4f13-9f88-976f7db82376, command=[]} | ret=SUCCESS |  
2019-08-21 06:00:05,743 | INFO  | SCMAudit | user=jenkins1000 | ip=192.168.69.91 | op=SEND_HEARTBEAT {datanodeUUID=046a392e-7484-4dfc-820d-faa08503447d, command=[]} | ret=SUCCESS |  
2019-08-21 06:00:05,848 [grpc-default-executor-4] INFO  client.GrpcClientProtocolClient (GrpcClientProtocolClient.java:onNext(255)) - client-5E3AA808964E->f101476e-c990-429e-921c-5f445731959e: receive RaftClientReply:client-5E3AA808964E->f101476e-c990-429e-921c-5f445731959e@group-ED3E36EC8233, cid=45, FAILED org.apache.ratis.protocol.NotLeaderException: Server f101476e-c990-429e-921c-5f445731959e is not the leader (3c17af02-f769-4730-87e1-6a78a05442cb:192.168.69.91:45466). Request must be sent to leader., logIndex=0, commits[f101476e-c990-429e-921c-5f445731959e:c8, 3c17af02-f769-4730-87e1-6a78a05442cb:c8, 625627db-20f6-4593-9222-21b617438b7f:c8]
2019-08-21 06:00:05,905 | INFO  | SCMAudit | user=jenkins1000 | ip=192.168.69.91 | op=SEND_HEARTBEAT {datanodeUUID=4794a7d0-d8e2-4005-aaca-0a56e39fce16, command=[]} | ret=SUCCESS |  
2019-08-21 06:00:06,245 | INFO  | SCMAudit | user=jenkins1000 | ip=192.168.69.91 | op=SEND_HEARTBEAT {datanodeUUID=3c17af02-f769-4730-87e1-6a78a05442cb, command=[]} | ret=SUCCESS |  
2019-08-21 06:00:06,274 | INFO  | SCMAudit | user=jenkins1000 | ip=192.168.69.91 | op=SEND_HEARTBEAT {datanodeUUID=625627db-20f6-4593-9222-21b617438b7f, command=[]} | ret=SUCCESS |  
2019-08-21 06:00:06,290 | INFO  | SCMAudit | user=jenkins1000 | ip=192.168.69.91 | op=SEND_HEARTBEAT {datanodeUUID=f101476e-c990-429e-921c-5f445731959e, command=[]} | ret=SUCCESS |  
2019-08-21 06:00:06,361 | INFO  | SCMAudit | user=jenkins1000 | ip=192.168.69.91 | op=SEND_HEARTBEAT {datanodeUUID=49ab72ed-ff76-4952-870c-a3cea42cdb24, command=[]} | ret=SUCCESS |  
2019-08-21 06:00:06,530 | INFO  | SCMAudit | user=jenkins1000 | ip=192.168.69.91 | op=SEND_HEARTBEAT {datanodeUUID=3fd580a5-fd1e-4f13-9f88-976f7db82376, command=[]} | ret=SUCCESS |  
2019-08-21 06:00:06,743 | INFO  | SCMAudit | user=jenkins1000 | ip=192.168.69.91 | op=SEND_HEARTBEAT {datanodeUUID=046a392e-7484-4dfc-820d-faa08503447d, command=[]} | ret=SUCCESS |  
2019-08-21 06:00:06,905 | INFO  | SCMAudit | user=jenkins1000 | ip=192.168.69.91 | op=SEND_HEARTBEAT {datanodeUUID=4794a7d0-d8e2-4005-aaca-0a56e39fce16, command=[]} | ret=SUCCESS |  
2019-08-21 06:00:07,246 | INFO  | SCMAudit | user=jenkins1000 | ip=192.168.69.91 | op=SEND_HEARTBEAT {datanodeUUID=3c17af02-f769-4730-87e1-6a78a05442cb, command=[]} | ret=SUCCESS |  
2019-08-21 06:00:07,274 | INFO  | SCMAudit | user=jenkins1000 | ip=192.168.69.91 | op=SEND_HEARTBEAT {datanodeUUID=625627db-20f6-4593-9222-21b617438b7f, command=[]} | ret=SUCCESS |  
2019-08-21 06:00:07,290 | INFO  | SCMAudit | user=jenkins1000 | ip=192.168.69.91 | op=SEND_HEARTBEAT {datanodeUUID=f101476e-c990-429e-921c-5f445731959e, command=[]} | ret=SUCCESS |  
2019-08-21 06:00:07,362 | INFO  | SCMAudit | user=jenkins1000 | ip=192.168.69.91 | op=SEND_HEARTBEAT {datanodeUUID=49ab72ed-ff76-4952-870c-a3cea42cdb24, command=[]} | ret=SUCCESS |  
2019-08-21 06:00:07,531 | INFO  | SCMAudit | user=jenkins1000 | ip=192.168.69.91 | op=SEND_HEARTBEAT {datanodeUUID=3fd580a5-fd1e-4f13-9f88-976f7db82376, command=[]} | ret=SUCCESS |  
2019-08-21 06:00:07,743 | INFO  | SCMAudit | user=jenkins1000 | ip=192.168.69.91 | op=SEND_HEARTBEAT {datanodeUUID=046a392e-7484-4dfc-820d-faa08503447d, command=[]} | ret=SUCCESS |  
2019-08-21 06:00:07,906 | INFO  | SCMAudit | user=jenkins1000 | ip=192.168.69.91 | op=SEND_HEARTBEAT {datanodeUUID=4794a7d0-d8e2-4005-aaca-0a56e39fce16, command=[]} | ret=SUCCESS |  
2019-08-21 06:00:08,245 | INFO  | SCMAudit | user=jenkins1000 | ip=192.168.69.91 | op=SEND_HEARTBEAT {datanodeUUID=3c17af02-f769-4730-87e1-6a78a05442cb, command=[]} | ret=SUCCESS |  
2019-08-21 06:00:08,274 | INFO  | SCMAudit | user=jenkins1000 | ip=192.168.69.91 | op=SEND_HEARTBEAT {datanodeUUID=625627db-20f6-4593-9222-21b617438b7f, command=[]} | ret=SUCCESS |  
2019-08-21 06:00:08,290 | INFO  | SCMAudit | user=jenkins1000 | ip=192.168.69.91 | op=SEND_HEARTBEAT {datanodeUUID=f101476e-c990-429e-921c-5f445731959e, command=[]} | ret=SUCCESS |  
2019-08-21 06:00:08,362 | INFO  | SCMAudit | user=jenkins1000 | ip=192.168.69.91 | op=SEND_HEARTBEAT {datanodeUUID=49ab72ed-ff76-4952-870c-a3cea42cdb24, command=[]} | ret=SUCCESS |  
2019-08-21 06:00:08,530 | INFO  | SCMAudit | user=jenkins1000 | ip=192.168.69.91 | op=SEND_HEARTBEAT {datanodeUUID=3fd580a5-fd1e-4f13-9f88-976f7db82376, command=[]} | ret=SUCCESS |  
2019-08-21 06:00:08,744 | INFO  | SCMAudit | user=jenkins1000 | ip=192.168.69.91 | op=SEND_HEARTBEAT {datanodeUUID=046a392e-7484-4dfc-820d-faa08503447d, command=[]} | ret=SUCCESS |  
2019-08-21 06:00:08,905 | INFO  | SCMAudit | user=jenkins1000 | ip=192.168.69.91 | op=SEND_HEARTBEAT {datanodeUUID=4794a7d0-d8e2-4005-aaca-0a56e39fce16, command=[]} | ret=SUCCESS |  
2019-08-21 06:00:09,245 | INFO  | SCMAudit | user=jenkins1000 | ip=192.168.69.91 | op=SEND_HEARTBEAT {datanodeUUID=3c17af02-f769-4730-87e1-6a78a05442cb, command=[]} | ret=SUCCESS |  
2019-08-21 06:00:09,274 | INFO  | SCMAudit | user=jenkins1000 | ip=192.168.69.91 | op=SEND_HEARTBEAT {datanodeUUID=625627db-20f6-4593-9222-21b617438b7f, command=[]} | ret=SUCCESS |  
2019-08-21 06:00:09,290 | INFO  | SCMAudit | user=jenkins1000 | ip=192.168.69.91 | op=SEND_HEARTBEAT {datanodeUUID=f101476e-c990-429e-921c-5f445731959e, command=[]} | ret=SUCCESS |  
2019-08-21 06:00:09,362 | INFO  | SCMAudit | user=jenkins1000 | ip=192.168.69.91 | op=SEND_HEARTBEAT {datanodeUUID=49ab72ed-ff76-4952-870c-a3cea42cdb24, command=[]} | ret=SUCCESS |  
2019-08-21 06:00:09,531 | INFO  | SCMAudit | user=jenkins1000 | ip=192.168.69.91 | op=SEND_HEARTBEAT {datanodeUUID=3fd580a5-fd1e-4f13-9f88-976f7db82376, command=[]} | ret=SUCCESS |  
2019-08-21 06:00:09,743 | INFO  | SCMAudit | user=jenkins1000 | ip=192.168.69.91 | op=SEND_HEARTBEAT {datanodeUUID=046a392e-7484-4dfc-820d-faa08503447d, command=[]} | ret=SUCCESS |  
2019-08-21 06:00:09,905 | INFO  | SCMAudit | user=jenkins1000 | ip=192.168.69.91 | op=SEND_HEARTBEAT {datanodeUUID=4794a7d0-d8e2-4005-aaca-0a56e39fce16, command=[]} | ret=SUCCESS |  
2019-08-21 06:00:10,245 | INFO  | SCMAudit | user=jenkins1000 | ip=192.168.69.91 | op=SEND_HEARTBEAT {datanodeUUID=3c17af02-f769-4730-87e1-6a78a05442cb, command=[]} | ret=SUCCESS |  
2019-08-21 06:00:10,274 | INFO  | SCMAudit | user=jenkins1000 | ip=192.168.69.91 | op=SEND_HEARTBEAT {datanodeUUID=625627db-20f6-4593-9222-21b617438b7f, command=[]} | ret=SUCCESS |  
2019-08-21 06:00:10,290 | INFO  | SCMAudit | user=jenkins1000 | ip=192.168.69.91 | op=SEND_HEARTBEAT {datanodeUUID=f101476e-c990-429e-921c-5f445731959e, command=[]} | ret=SUCCESS |  
2019-08-21 06:00:10,362 | INFO  | SCMAudit | user=jenkins1000 | ip=192.168.69.91 | op=SEND_HEARTBEAT {datanodeUUID=49ab72ed-ff76-4952-870c-a3cea42cdb24, command=[]} | ret=SUCCESS |  
2019-08-21 06:00:10,530 | INFO  | SCMAudit | user=jenkins1000 | ip=192.168.69.91 | op=SEND_HEARTBEAT {datanodeUUID=3fd580a5-fd1e-4f13-9f88-976f7db82376, command=[]} | ret=SUCCESS |  
2019-08-21 06:00:10,743 | INFO  | SCMAudit | user=jenkins1000 | ip=192.168.69.91 | op=SEND_HEARTBEAT {datanodeUUID=046a392e-7484-4dfc-820d-faa08503447d, command=[]} | ret=SUCCESS |  
2019-08-21 06:00:10,893 [grpc-default-executor-4] INFO  client.GrpcClientProtocolClient (GrpcClientProtocolClient.java:onNext(255)) - client-5E3AA808964E->f101476e-c990-429e-921c-5f445731959e: receive RaftClientReply:client-5E3AA808964E->f101476e-c990-429e-921c-5f445731959e@group-ED3E36EC8233, cid=45, FAILED org.apache.ratis.protocol.NotLeaderException: Server f101476e-c990-429e-921c-5f445731959e is not the leader (3c17af02-f769-4730-87e1-6a78a05442cb:192.168.69.91:45466). Request must be sent to leader., logIndex=0, commits[f101476e-c990-429e-921c-5f445731959e:c8, 3c17af02-f769-4730-87e1-6a78a05442cb:c8, 625627db-20f6-4593-9222-21b617438b7f:c8]
2019-08-21 06:00:10,905 | INFO  | SCMAudit | user=jenkins1000 | ip=192.168.69.91 | op=SEND_HEARTBEAT {datanodeUUID=4794a7d0-d8e2-4005-aaca-0a56e39fce16, command=[]} | ret=SUCCESS |  
2019-08-21 06:00:11,246 | INFO  | SCMAudit | user=jenkins1000 | ip=192.168.69.91 | op=SEND_HEARTBEAT {datanodeUUID=3c17af02-f769-4730-87e1-6a78a05442cb, command=[]} | ret=SUCCESS |  
2019-08-21 06:00:11,274 | INFO  | SCMAudit | user=jenkins1000 | ip=192.168.69.91 | op=SEND_HEARTBEAT {datanodeUUID=625627db-20f6-4593-9222-21b617438b7f, command=[]} | ret=SUCCESS |  
2019-08-21 06:00:11,290 | INFO  | SCMAudit | user=jenkins1000 | ip=192.168.69.91 | op=SEND_HEARTBEAT {datanodeUUID=f101476e-c990-429e-921c-5f445731959e, command=[]} | ret=SUCCESS |  
2019-08-21 06:00:11,362 | INFO  | SCMAudit | user=jenkins1000 | ip=192.168.69.91 | op=SEND_HEARTBEAT {datanodeUUID=49ab72ed-ff76-4952-870c-a3cea42cdb24, command=[]} | ret=SUCCESS |  
2019-08-21 06:00:11,530 | INFO  | SCMAudit | user=jenkins1000 | ip=192.168.69.91 | op=SEND_HEARTBEAT {datanodeUUID=3fd580a5-fd1e-4f13-9f88-976f7db82376, command=[]} | ret=SUCCESS |  
2019-08-21 06:00:11,744 | INFO  | SCMAudit | user=jenkins1000 | ip=192.168.69.91 | op=SEND_HEARTBEAT {datanodeUUID=046a392e-7484-4dfc-820d-faa08503447d, command=[]} | ret=SUCCESS |  
2019-08-21 06:00:11,909 | INFO  | SCMAudit | user=jenkins1000 | ip=192.168.69.91 | op=SEND_HEARTBEAT {datanodeUUID=4794a7d0-d8e2-4005-aaca-0a56e39fce16, command=[]} | ret=SUCCESS |  
2019-08-21 06:00:12,245 | INFO  | SCMAudit | user=jenkins1000 | ip=192.168.69.91 | op=SEND_HEARTBEAT {datanodeUUID=3c17af02-f769-4730-87e1-6a78a05442cb, command=[]} | ret=SUCCESS |  
2019-08-21 06:00:12,274 | INFO  | SCMAudit | user=jenkins1000 | ip=192.168.69.91 | op=SEND_HEARTBEAT {datanodeUUID=625627db-20f6-4593-9222-21b617438b7f, command=[]} | ret=SUCCESS |  
2019-08-21 06:00:12,290 | INFO  | SCMAudit | user=jenkins1000 | ip=192.168.69.91 | op=SEND_HEARTBEAT {datanodeUUID=f101476e-c990-429e-921c-5f445731959e, command=[]} | ret=SUCCESS |  
2019-08-21 06:00:12,362 | INFO  | SCMAudit | user=jenkins1000 | ip=192.168.69.91 | op=SEND_HEARTBEAT {datanodeUUID=49ab72ed-ff76-4952-870c-a3cea42cdb24, command=[]} | ret=SUCCESS |  
2019-08-21 06:00:12,531 | INFO  | SCMAudit | user=jenkins1000 | ip=192.168.69.91 | op=SEND_HEARTBEAT {datanodeUUID=3fd580a5-fd1e-4f13-9f88-976f7db82376, command=[]} | ret=SUCCESS |  
2019-08-21 06:00:12,744 | INFO  | SCMAudit | user=jenkins1000 | ip=192.168.69.91 | op=SEND_HEARTBEAT {datanodeUUID=046a392e-7484-4dfc-820d-faa08503447d, command=[]} | ret=SUCCESS |  
2019-08-21 06:00:12,909 | INFO  | SCMAudit | user=jenkins1000 | ip=192.168.69.91 | op=SEND_HEARTBEAT {datanodeUUID=4794a7d0-d8e2-4005-aaca-0a56e39fce16, command=[]} | ret=SUCCESS |  
2019-08-21 06:00:13,245 | INFO  | SCMAudit | user=jenkins1000 | ip=192.168.69.91 | op=SEND_HEARTBEAT {datanodeUUID=3c17af02-f769-4730-87e1-6a78a05442cb, command=[]} | ret=SUCCESS |  
2019-08-21 06:00:13,274 | INFO  | SCMAudit | user=jenkins1000 | ip=192.168.69.91 | op=SEND_HEARTBEAT {datanodeUUID=625627db-20f6-4593-9222-21b617438b7f, command=[]} | ret=SUCCESS |  
2019-08-21 06:00:13,290 | INFO  | SCMAudit | user=jenkins1000 | ip=192.168.69.91 | op=SEND_HEARTBEAT {datanodeUUID=f101476e-c990-429e-921c-5f445731959e, command=[]} | ret=SUCCESS |  
2019-08-21 06:00:13,362 | INFO  | SCMAudit | user=jenkins1000 | ip=192.168.69.91 | op=SEND_HEARTBEAT {datanodeUUID=49ab72ed-ff76-4952-870c-a3cea42cdb24, command=[]} | ret=SUCCESS |  
2019-08-21 06:00:13,531 | INFO  | SCMAudit | user=jenkins1000 | ip=192.168.69.91 | op=SEND_HEARTBEAT {datanodeUUID=3fd580a5-fd1e-4f13-9f88-976f7db82376, command=[]} | ret=SUCCESS |  
2019-08-21 06:00:13,744 | INFO  | SCMAudit | user=jenkins1000 | ip=192.168.69.91 | op=SEND_HEARTBEAT {datanodeUUID=046a392e-7484-4dfc-820d-faa08503447d, command=[]} | ret=SUCCESS |  
2019-08-21 06:00:13,909 | INFO  | SCMAudit | user=jenkins1000 | ip=192.168.69.91 | op=SEND_HEARTBEAT {datanodeUUID=4794a7d0-d8e2-4005-aaca-0a56e39fce16, command=[]} | ret=SUCCESS |  
2019-08-21 06:00:14,246 | INFO  | SCMAudit | user=jenkins1000 | ip=192.168.69.91 | op=SEND_HEARTBEAT {datanodeUUID=3c17af02-f769-4730-87e1-6a78a05442cb, command=[]} | ret=SUCCESS |  
2019-08-21 06:00:14,274 | INFO  | SCMAudit | user=jenkins1000 | ip=192.168.69.91 | op=SEND_HEARTBEAT {datanodeUUID=625627db-20f6-4593-9222-21b617438b7f, command=[]} | ret=SUCCESS |  
2019-08-21 06:00:14,290 | INFO  | SCMAudit | user=jenkins1000 | ip=192.168.69.91 | op=SEND_HEARTBEAT {datanodeUUID=f101476e-c990-429e-921c-5f445731959e, command=[]} | ret=SUCCESS |  
2019-08-21 06:00:14,363 | INFO  | SCMAudit | user=jenkins1000 | ip=192.168.69.91 | op=SEND_HEARTBEAT {datanodeUUID=49ab72ed-ff76-4952-870c-a3cea42cdb24, command=[]} | ret=SUCCESS |  
2019-08-21 06:00:14,531 | INFO  | SCMAudit | user=jenkins1000 | ip=192.168.69.91 | op=SEND_HEARTBEAT {datanodeUUID=3fd580a5-fd1e-4f13-9f88-976f7db82376, command=[]} | ret=SUCCESS |  
2019-08-21 06:00:14,744 | INFO  | SCMAudit | user=jenkins1000 | ip=192.168.69.91 | op=SEND_HEARTBEAT {datanodeUUID=046a392e-7484-4dfc-820d-faa08503447d, command=[]} | ret=SUCCESS |  
2019-08-21 06:00:14,913 | INFO  | SCMAudit | user=jenkins1000 | ip=192.168.69.91 | op=SEND_HEARTBEAT {datanodeUUID=4794a7d0-d8e2-4005-aaca-0a56e39fce16, command=[]} | ret=SUCCESS |  
2019-08-21 06:00:15,246 | INFO  | SCMAudit | user=jenkins1000 | ip=192.168.69.91 | op=SEND_HEARTBEAT {datanodeUUID=3c17af02-f769-4730-87e1-6a78a05442cb, command=[]} | ret=SUCCESS |  
2019-08-21 06:00:15,275 | INFO  | SCMAudit | user=jenkins1000 | ip=192.168.69.91 | op=SEND_HEARTBEAT {datanodeUUID=625627db-20f6-4593-9222-21b617438b7f, command=[]} | ret=SUCCESS |  
2019-08-21 06:00:15,290 | INFO  | SCMAudit | user=jenkins1000 | ip=192.168.69.91 | op=SEND_HEARTBEAT {datanodeUUID=f101476e-c990-429e-921c-5f445731959e, command=[]} | ret=SUCCESS |  
2019-08-21 06:00:15,363 | INFO  | SCMAudit | user=jenkins1000 | ip=192.168.69.91 | op=SEND_HEARTBEAT {datanodeUUID=49ab72ed-ff76-4952-870c-a3cea42cdb24, command=[]} | ret=SUCCESS |  
2019-08-21 06:00:15,532 | INFO  | SCMAudit | user=jenkins1000 | ip=192.168.69.91 | op=SEND_HEARTBEAT {datanodeUUID=3fd580a5-fd1e-4f13-9f88-976f7db82376, command=[]} | ret=SUCCESS |  
2019-08-21 06:00:15,744 | INFO  | SCMAudit | user=jenkins1000 | ip=192.168.69.91 | op=SEND_HEARTBEAT {datanodeUUID=046a392e-7484-4dfc-820d-faa08503447d, command=[]} | ret=SUCCESS |  
2019-08-21 06:00:15,912 | INFO  | SCMAudit | user=jenkins1000 | ip=192.168.69.91 | op=SEND_HEARTBEAT {datanodeUUID=4794a7d0-d8e2-4005-aaca-0a56e39fce16, command=[]} | ret=SUCCESS |  
2019-08-21 06:00:15,935 [grpc-default-executor-5] INFO  client.GrpcClientProtocolClient (GrpcClientProtocolClient.java:onNext(255)) - client-5E3AA808964E->625627db-20f6-4593-9222-21b617438b7f: receive RaftClientReply:client-5E3AA808964E->625627db-20f6-4593-9222-21b617438b7f@group-ED3E36EC8233, cid=45, FAILED org.apache.ratis.protocol.NotLeaderException: Server 625627db-20f6-4593-9222-21b617438b7f is not the leader (3c17af02-f769-4730-87e1-6a78a05442cb:192.168.69.91:45466). Request must be sent to leader., logIndex=0, commits[625627db-20f6-4593-9222-21b617438b7f:c8, f101476e-c990-429e-921c-5f445731959e:c8, 3c17af02-f769-4730-87e1-6a78a05442cb:c8]
2019-08-21 06:00:16,247 | INFO  | SCMAudit | user=jenkins1000 | ip=192.168.69.91 | op=SEND_HEARTBEAT {datanodeUUID=3c17af02-f769-4730-87e1-6a78a05442cb, command=[]} | ret=SUCCESS |  
2019-08-21 06:00:16,274 | INFO  | SCMAudit | user=jenkins1000 | ip=192.168.69.91 | op=SEND_HEARTBEAT {datanodeUUID=625627db-20f6-4593-9222-21b617438b7f, command=[]} | ret=SUCCESS |  
2019-08-21 06:00:16,290 | INFO  | SCMAudit | user=jenkins1000 | ip=192.168.69.91 | op=SEND_HEARTBEAT {datanodeUUID=f101476e-c990-429e-921c-5f445731959e, command=[]} | ret=SUCCESS |  
2019-08-21 06:00:16,363 | INFO  | SCMAudit | user=jenkins1000 | ip=192.168.69.91 | op=SEND_HEARTBEAT {datanodeUUID=49ab72ed-ff76-4952-870c-a3cea42cdb24, command=[]} | ret=SUCCESS |  
2019-08-21 06:00:16,532 | INFO  | SCMAudit | user=jenkins1000 | ip=192.168.69.91 | op=SEND_HEARTBEAT {datanodeUUID=3fd580a5-fd1e-4f13-9f88-976f7db82376, command=[]} | ret=SUCCESS |  
2019-08-21 06:00:16,744 | INFO  | SCMAudit | user=jenkins1000 | ip=192.168.69.91 | op=SEND_HEARTBEAT {datanodeUUID=046a392e-7484-4dfc-820d-faa08503447d, command=[]} | ret=SUCCESS |  
2019-08-21 06:00:16,912 | INFO  | SCMAudit | user=jenkins1000 | ip=192.168.69.91 | op=SEND_HEARTBEAT {datanodeUUID=4794a7d0-d8e2-4005-aaca-0a56e39fce16, command=[]} | ret=SUCCESS |  
2019-08-21 06:00:17,246 | INFO  | SCMAudit | user=jenkins1000 | ip=192.168.69.91 | op=SEND_HEARTBEAT {datanodeUUID=3c17af02-f769-4730-87e1-6a78a05442cb, command=[]} | ret=SUCCESS |  
2019-08-21 06:00:17,274 | INFO  | SCMAudit | user=jenkins1000 | ip=192.168.69.91 | op=SEND_HEARTBEAT {datanodeUUID=625627db-20f6-4593-9222-21b617438b7f, command=[]} | ret=SUCCESS |  
2019-08-21 06:00:17,291 | INFO  | SCMAudit | user=jenkins1000 | ip=192.168.69.91 | op=SEND_HEARTBEAT {datanodeUUID=f101476e-c990-429e-921c-5f445731959e, command=[]} | ret=SUCCESS |  
2019-08-21 06:00:17,363 | INFO  | SCMAudit | user=jenkins1000 | ip=192.168.69.91 | op=SEND_HEARTBEAT {datanodeUUID=49ab72ed-ff76-4952-870c-a3cea42cdb24, command=[]} | ret=SUCCESS |  
2019-08-21 06:00:17,532 | INFO  | SCMAudit | user=jenkins1000 | ip=192.168.69.91 | op=SEND_HEARTBEAT {datanodeUUID=3fd580a5-fd1e-4f13-9f88-976f7db82376, command=[]} | ret=SUCCESS |  
2019-08-21 06:00:17,744 | INFO  | SCMAudit | user=jenkins1000 | ip=192.168.69.91 | op=SEND_HEARTBEAT {datanodeUUID=046a392e-7484-4dfc-820d-faa08503447d, command=[]} | ret=SUCCESS |  
2019-08-21 06:00:17,912 | INFO  | SCMAudit | user=jenkins1000 | ip=192.168.69.91 | op=SEND_HEARTBEAT {datanodeUUID=4794a7d0-d8e2-4005-aaca-0a56e39fce16, command=[]} | ret=SUCCESS |  
2019-08-21 06:00:18,247 | INFO  | SCMAudit | user=jenkins1000 | ip=192.168.69.91 | op=SEND_HEARTBEAT {datanodeUUID=3c17af02-f769-4730-87e1-6a78a05442cb, command=[]} | ret=SUCCESS |  
2019-08-21 06:00:18,274 | INFO  | SCMAudit | user=jenkins1000 | ip=192.168.69.91 | op=SEND_HEARTBEAT {datanodeUUID=625627db-20f6-4593-9222-21b617438b7f, command=[]} | ret=SUCCESS |  
2019-08-21 06:00:18,291 | INFO  | SCMAudit | user=jenkins1000 | ip=192.168.69.91 | op=SEND_HEARTBEAT {datanodeUUID=f101476e-c990-429e-921c-5f445731959e, command=[]} | ret=SUCCESS |  
2019-08-21 06:00:18,363 | INFO  | SCMAudit | user=jenkins1000 | ip=192.168.69.91 | op=SEND_HEARTBEAT {datanodeUUID=49ab72ed-ff76-4952-870c-a3cea42cdb24, command=[]} | ret=SUCCESS |  
2019-08-21 06:00:18,533 | INFO  | SCMAudit | user=jenkins1000 | ip=192.168.69.91 | op=SEND_HEARTBEAT {datanodeUUID=3fd580a5-fd1e-4f13-9f88-976f7db82376, command=[]} | ret=SUCCESS |  
2019-08-21 06:00:18,744 | INFO  | SCMAudit | user=jenkins1000 | ip=192.168.69.91 | op=SEND_HEARTBEAT {datanodeUUID=046a392e-7484-4dfc-820d-faa08503447d, command=[]} | ret=SUCCESS |  
2019-08-21 06:00:18,912 | INFO  | SCMAudit | user=jenkins1000 | ip=192.168.69.91 | op=SEND_HEARTBEAT {datanodeUUID=4794a7d0-d8e2-4005-aaca-0a56e39fce16, command=[]} | ret=SUCCESS |  
2019-08-21 06:00:19,247 | INFO  | SCMAudit | user=jenkins1000 | ip=192.168.69.91 | op=SEND_HEARTBEAT {datanodeUUID=3c17af02-f769-4730-87e1-6a78a05442cb, command=[]} | ret=SUCCESS |  
2019-08-21 06:00:19,274 | INFO  | SCMAudit | user=jenkins1000 | ip=192.168.69.91 | op=SEND_HEARTBEAT {datanodeUUID=625627db-20f6-4593-9222-21b617438b7f, command=[]} | ret=SUCCESS |  
2019-08-21 06:00:19,291 | INFO  | SCMAudit | user=jenkins1000 | ip=192.168.69.91 | op=SEND_HEARTBEAT {datanodeUUID=f101476e-c990-429e-921c-5f445731959e, command=[]} | ret=SUCCESS |  
2019-08-21 06:00:19,363 | INFO  | SCMAudit | user=jenkins1000 | ip=192.168.69.91 | op=SEND_HEARTBEAT {datanodeUUID=49ab72ed-ff76-4952-870c-a3cea42cdb24, command=[]} | ret=SUCCESS |  
2019-08-21 06:00:19,533 | INFO  | SCMAudit | user=jenkins1000 | ip=192.168.69.91 | op=SEND_HEARTBEAT {datanodeUUID=3fd580a5-fd1e-4f13-9f88-976f7db82376, command=[]} | ret=SUCCESS |  
2019-08-21 06:00:19,745 | INFO  | SCMAudit | user=jenkins1000 | ip=192.168.69.91 | op=SEND_HEARTBEAT {datanodeUUID=046a392e-7484-4dfc-820d-faa08503447d, command=[]} | ret=SUCCESS |  
2019-08-21 06:00:19,913 | INFO  | SCMAudit | user=jenkins1000 | ip=192.168.69.91 | op=SEND_HEARTBEAT {datanodeUUID=4794a7d0-d8e2-4005-aaca-0a56e39fce16, command=[]} | ret=SUCCESS |  
2019-08-21 06:00:20,247 | INFO  | SCMAudit | user=jenkins1000 | ip=192.168.69.91 | op=SEND_HEARTBEAT {datanodeUUID=3c17af02-f769-4730-87e1-6a78a05442cb, command=[]} | ret=SUCCESS |  
2019-08-21 06:00:20,274 | INFO  | SCMAudit | user=jenkins1000 | ip=192.168.69.91 | op=SEND_HEARTBEAT {datanodeUUID=625627db-20f6-4593-9222-21b617438b7f, command=[]} | ret=SUCCESS |  
2019-08-21 06:00:20,291 | INFO  | SCMAudit | user=jenkins1000 | ip=192.168.69.91 | op=SEND_HEARTBEAT {datanodeUUID=f101476e-c990-429e-921c-5f445731959e, command=[]} | ret=SUCCESS |  
2019-08-21 06:00:20,364 | INFO  | SCMAudit | user=jenkins1000 | ip=192.168.69.91 | op=SEND_HEARTBEAT {datanodeUUID=49ab72ed-ff76-4952-870c-a3cea42cdb24, command=[]} | ret=SUCCESS |  
2019-08-21 06:00:20,534 | INFO  | SCMAudit | user=jenkins1000 | ip=192.168.69.91 | op=SEND_HEARTBEAT {datanodeUUID=3fd580a5-fd1e-4f13-9f88-976f7db82376, command=[]} | ret=SUCCESS |  
2019-08-21 06:00:20,745 | INFO  | SCMAudit | user=jenkins1000 | ip=192.168.69.91 | op=SEND_HEARTBEAT {datanodeUUID=046a392e-7484-4dfc-820d-faa08503447d, command=[]} | ret=SUCCESS |  
2019-08-21 06:00:20,912 | INFO  | SCMAudit | user=jenkins1000 | ip=192.168.69.91 | op=SEND_HEARTBEAT {datanodeUUID=4794a7d0-d8e2-4005-aaca-0a56e39fce16, command=[]} | ret=SUCCESS |  
2019-08-21 06:00:20,974 [grpc-default-executor-4] INFO  client.GrpcClientProtocolClient (GrpcClientProtocolClient.java:onNext(255)) - client-5E3AA808964E->625627db-20f6-4593-9222-21b617438b7f: receive RaftClientReply:client-5E3AA808964E->625627db-20f6-4593-9222-21b617438b7f@group-ED3E36EC8233, cid=45, FAILED org.apache.ratis.protocol.NotLeaderException: Server 625627db-20f6-4593-9222-21b617438b7f is not the leader (3c17af02-f769-4730-87e1-6a78a05442cb:192.168.69.91:45466). Request must be sent to leader., logIndex=0, commits[625627db-20f6-4593-9222-21b617438b7f:c8, f101476e-c990-429e-921c-5f445731959e:c8, 3c17af02-f769-4730-87e1-6a78a05442cb:c8]
2019-08-21 06:00:21,248 | INFO  | SCMAudit | user=jenkins1000 | ip=192.168.69.91 | op=SEND_HEARTBEAT {datanodeUUID=3c17af02-f769-4730-87e1-6a78a05442cb, command=[]} | ret=SUCCESS |  
2019-08-21 06:00:21,275 | INFO  | SCMAudit | user=jenkins1000 | ip=192.168.69.91 | op=SEND_HEARTBEAT {datanodeUUID=625627db-20f6-4593-9222-21b617438b7f, command=[]} | ret=SUCCESS |  
2019-08-21 06:00:21,291 | INFO  | SCMAudit | user=jenkins1000 | ip=192.168.69.91 | op=SEND_HEARTBEAT {datanodeUUID=f101476e-c990-429e-921c-5f445731959e, command=[]} | ret=SUCCESS |  
2019-08-21 06:00:21,364 | INFO  | SCMAudit | user=jenkins1000 | ip=192.168.69.91 | op=SEND_HEARTBEAT {datanodeUUID=49ab72ed-ff76-4952-870c-a3cea42cdb24, command=[]} | ret=SUCCESS |  
2019-08-21 06:00:21,534 | INFO  | SCMAudit | user=jenkins1000 | ip=192.168.69.91 | op=SEND_HEARTBEAT {datanodeUUID=3fd580a5-fd1e-4f13-9f88-976f7db82376, command=[]} | ret=SUCCESS |  
2019-08-21 06:00:21,745 | INFO  | SCMAudit | user=jenkins1000 | ip=192.168.69.91 | op=SEND_HEARTBEAT {datanodeUUID=046a392e-7484-4dfc-820d-faa08503447d, command=[]} | ret=SUCCESS |  
2019-08-21 06:00:21,912 | INFO  | SCMAudit | user=jenkins1000 | ip=192.168.69.91 | op=SEND_HEARTBEAT {datanodeUUID=4794a7d0-d8e2-4005-aaca-0a56e39fce16, command=[]} | ret=SUCCESS |  
2019-08-21 06:00:22,248 | INFO  | SCMAudit | user=jenkins1000 | ip=192.168.69.91 | op=SEND_HEARTBEAT {datanodeUUID=3c17af02-f769-4730-87e1-6a78a05442cb, command=[]} | ret=SUCCESS |  
2019-08-21 06:00:22,275 | INFO  | SCMAudit | user=jenkins1000 | ip=192.168.69.91 | op=SEND_HEARTBEAT {datanodeUUID=625627db-20f6-4593-9222-21b617438b7f, command=[]} | ret=SUCCESS |  
2019-08-21 06:00:22,291 | INFO  | SCMAudit | user=jenkins1000 | ip=192.168.69.91 | op=SEND_HEARTBEAT {datanodeUUID=f101476e-c990-429e-921c-5f445731959e, command=[]} | ret=SUCCESS |  
2019-08-21 06:00:22,364 | INFO  | SCMAudit | user=jenkins1000 | ip=192.168.69.91 | op=SEND_HEARTBEAT {datanodeUUID=49ab72ed-ff76-4952-870c-a3cea42cdb24, command=[]} | ret=SUCCESS |  
2019-08-21 06:00:22,534 | INFO  | SCMAudit | user=jenkins1000 | ip=192.168.69.91 | op=SEND_HEARTBEAT {datanodeUUID=3fd580a5-fd1e-4f13-9f88-976f7db82376, command=[]} | ret=SUCCESS |  
2019-08-21 06:00:22,746 | INFO  | SCMAudit | user=jenkins1000 | ip=192.168.69.91 | op=SEND_HEARTBEAT {datanodeUUID=046a392e-7484-4dfc-820d-faa08503447d, command=[]} | ret=SUCCESS |  
2019-08-21 06:00:22,912 | INFO  | SCMAudit | user=jenkins1000 | ip=192.168.69.91 | op=SEND_HEARTBEAT {datanodeUUID=4794a7d0-d8e2-4005-aaca-0a56e39fce16, command=[]} | ret=SUCCESS |  
2019-08-21 06:00:23,249 | INFO  | SCMAudit | user=jenkins1000 | ip=192.168.69.91 | op=SEND_HEARTBEAT {datanodeUUID=3c17af02-f769-4730-87e1-6a78a05442cb, command=[]} | ret=SUCCESS |  
2019-08-21 06:00:23,275 | INFO  | SCMAudit | user=jenkins1000 | ip=192.168.69.91 | op=SEND_HEARTBEAT {datanodeUUID=625627db-20f6-4593-9222-21b617438b7f, command=[]} | ret=SUCCESS |  
2019-08-21 06:00:23,291 | INFO  | SCMAudit | user=jenkins1000 | ip=192.168.69.91 | op=SEND_HEARTBEAT {datanodeUUID=f101476e-c990-429e-921c-5f445731959e, command=[]} | ret=SUCCESS |  
2019-08-21 06:00:23,365 | INFO  | SCMAudit | user=jenkins1000 | ip=192.168.69.91 | op=SEND_HEARTBEAT {datanodeUUID=49ab72ed-ff76-4952-870c-a3cea42cdb24, command=[]} | ret=SUCCESS |  
2019-08-21 06:00:23,535 | INFO  | SCMAudit | user=jenkins1000 | ip=192.168.69.91 | op=SEND_HEARTBEAT {datanodeUUID=3fd580a5-fd1e-4f13-9f88-976f7db82376, command=[]} | ret=SUCCESS |  
2019-08-21 06:00:23,746 | INFO  | SCMAudit | user=jenkins1000 | ip=192.168.69.91 | op=SEND_HEARTBEAT {datanodeUUID=046a392e-7484-4dfc-820d-faa08503447d, command=[]} | ret=SUCCESS |  
2019-08-21 06:00:23,913 | INFO  | SCMAudit | user=jenkins1000 | ip=192.168.69.91 | op=SEND_HEARTBEAT {datanodeUUID=4794a7d0-d8e2-4005-aaca-0a56e39fce16, command=[]} | ret=SUCCESS |  
2019-08-21 06:00:24,249 | INFO  | SCMAudit | user=jenkins1000 | ip=192.168.69.91 | op=SEND_HEARTBEAT {datanodeUUID=3c17af02-f769-4730-87e1-6a78a05442cb, command=[]} | ret=SUCCESS |  
2019-08-21 06:00:24,275 | INFO  | SCMAudit | user=jenkins1000 | ip=192.168.69.91 | op=SEND_HEARTBEAT {datanodeUUID=625627db-20f6-4593-9222-21b617438b7f, command=[]} | ret=SUCCESS |  
2019-08-21 06:00:24,293 | INFO  | SCMAudit | user=jenkins1000 | ip=192.168.69.91 | op=SEND_HEARTBEAT {datanodeUUID=f101476e-c990-429e-921c-5f445731959e, command=[]} | ret=SUCCESS |  
2019-08-21 06:00:24,364 | INFO  | SCMAudit | user=jenkins1000 | ip=192.168.69.91 | op=SEND_HEARTBEAT {datanodeUUID=49ab72ed-ff76-4952-870c-a3cea42cdb24, command=[]} | ret=SUCCESS |  
2019-08-21 06:00:24,535 | INFO  | SCMAudit | user=jenkins1000 | ip=192.168.69.91 | op=SEND_HEARTBEAT {datanodeUUID=3fd580a5-fd1e-4f13-9f88-976f7db82376, command=[]} | ret=SUCCESS |  
2019-08-21 06:00:24,747 | INFO  | SCMAudit | user=jenkins1000 | ip=192.168.69.91 | op=SEND_HEARTBEAT {datanodeUUID=046a392e-7484-4dfc-820d-faa08503447d, command=[]} | ret=SUCCESS |  
2019-08-21 06:00:24,913 | INFO  | SCMAudit | user=jenkins1000 | ip=192.168.69.91 | op=SEND_HEARTBEAT {datanodeUUID=4794a7d0-d8e2-4005-aaca-0a56e39fce16, command=[]} | ret=SUCCESS |  
2019-08-21 06:00:25,249 | INFO  | SCMAudit | user=jenkins1000 | ip=192.168.69.91 | op=SEND_HEARTBEAT {datanodeUUID=3c17af02-f769-4730-87e1-6a78a05442cb, command=[]} | ret=SUCCESS |  
2019-08-21 06:00:25,276 | INFO  | SCMAudit | user=jenkins1000 | ip=192.168.69.91 | op=SEND_HEARTBEAT {datanodeUUID=625627db-20f6-4593-9222-21b617438b7f, command=[]} | ret=SUCCESS |  
2019-08-21 06:00:25,293 | INFO  | SCMAudit | user=jenkins1000 | ip=192.168.69.91 | op=SEND_HEARTBEAT {datanodeUUID=f101476e-c990-429e-921c-5f445731959e, command=[]} | ret=SUCCESS |  
2019-08-21 06:00:25,364 | INFO  | SCMAudit | user=jenkins1000 | ip=192.168.69.91 | op=SEND_HEARTBEAT {datanodeUUID=49ab72ed-ff76-4952-870c-a3cea42cdb24, command=[]} | ret=SUCCESS |  
2019-08-21 06:00:25,536 | INFO  | SCMAudit | user=jenkins1000 | ip=192.168.69.91 | op=SEND_HEARTBEAT {datanodeUUID=3fd580a5-fd1e-4f13-9f88-976f7db82376, command=[]} | ret=SUCCESS |  
2019-08-21 06:00:25,747 | INFO  | SCMAudit | user=jenkins1000 | ip=192.168.69.91 | op=SEND_HEARTBEAT {datanodeUUID=046a392e-7484-4dfc-820d-faa08503447d, command=[]} | ret=SUCCESS |  
2019-08-21 06:00:25,914 | INFO  | SCMAudit | user=jenkins1000 | ip=192.168.69.91 | op=SEND_HEARTBEAT {datanodeUUID=4794a7d0-d8e2-4005-aaca-0a56e39fce16, command=[]} | ret=SUCCESS |  
2019-08-21 06:00:26,017 [grpc-default-executor-5] INFO  client.GrpcClientProtocolClient (GrpcClientProtocolClient.java:onNext(255)) - client-5E3AA808964E->f101476e-c990-429e-921c-5f445731959e: receive RaftClientReply:client-5E3AA808964E->f101476e-c990-429e-921c-5f445731959e@group-ED3E36EC8233, cid=45, FAILED org.apache.ratis.protocol.NotLeaderException: Server f101476e-c990-429e-921c-5f445731959e is not the leader (3c17af02-f769-4730-87e1-6a78a05442cb:192.168.69.91:45466). Request must be sent to leader., logIndex=0, commits[f101476e-c990-429e-921c-5f445731959e:c8, 3c17af02-f769-4730-87e1-6a78a05442cb:c8, 625627db-20f6-4593-9222-21b617438b7f:c8]
2019-08-21 06:00:26,250 | INFO  | SCMAudit | user=jenkins1000 | ip=192.168.69.91 | op=SEND_HEARTBEAT {datanodeUUID=3c17af02-f769-4730-87e1-6a78a05442cb, command=[]} | ret=SUCCESS |  
2019-08-21 06:00:26,275 | INFO  | SCMAudit | user=jenkins1000 | ip=192.168.69.91 | op=SEND_HEARTBEAT {datanodeUUID=625627db-20f6-4593-9222-21b617438b7f, command=[]} | ret=SUCCESS |  
2019-08-21 06:00:26,293 | INFO  | SCMAudit | user=jenkins1000 | ip=192.168.69.91 | op=SEND_HEARTBEAT {datanodeUUID=f101476e-c990-429e-921c-5f445731959e, command=[]} | ret=SUCCESS |  
2019-08-21 06:00:26,364 | INFO  | SCMAudit | user=jenkins1000 | ip=192.168.69.91 | op=SEND_HEARTBEAT {datanodeUUID=49ab72ed-ff76-4952-870c-a3cea42cdb24, command=[]} | ret=SUCCESS |  
2019-08-21 06:00:26,537 | INFO  | SCMAudit | user=jenkins1000 | ip=192.168.69.91 | op=SEND_HEARTBEAT {datanodeUUID=3fd580a5-fd1e-4f13-9f88-976f7db82376, command=[]} | ret=SUCCESS |  
2019-08-21 06:00:26,747 | INFO  | SCMAudit | user=jenkins1000 | ip=192.168.69.91 | op=SEND_HEARTBEAT {datanodeUUID=046a392e-7484-4dfc-820d-faa08503447d, command=[]} | ret=SUCCESS |  
2019-08-21 06:00:26,914 | INFO  | SCMAudit | user=jenkins1000 | ip=192.168.69.91 | op=SEND_HEARTBEAT {datanodeUUID=4794a7d0-d8e2-4005-aaca-0a56e39fce16, command=[]} | ret=SUCCESS |  
2019-08-21 06:00:27,250 | INFO  | SCMAudit | user=jenkins1000 | ip=192.168.69.91 | op=SEND_HEARTBEAT {datanodeUUID=3c17af02-f769-4730-87e1-6a78a05442cb, command=[]} | ret=SUCCESS |  
2019-08-21 06:00:27,275 | INFO  | SCMAudit | user=jenkins1000 | ip=192.168.69.91 | op=SEND_HEARTBEAT {datanodeUUID=625627db-20f6-4593-9222-21b617438b7f, command=[]} | ret=SUCCESS |  
2019-08-21 06:00:27,293 | INFO  | SCMAudit | user=jenkins1000 | ip=192.168.69.91 | op=SEND_HEARTBEAT {datanodeUUID=f101476e-c990-429e-921c-5f445731959e, command=[]} | ret=SUCCESS |  
2019-08-21 06:00:27,364 | INFO  | SCMAudit | user=jenkins1000 | ip=192.168.69.91 | op=SEND_HEARTBEAT {datanodeUUID=49ab72ed-ff76-4952-870c-a3cea42cdb24, command=[]} | ret=SUCCESS |  
2019-08-21 06:00:27,536 | INFO  | SCMAudit | user=jenkins1000 | ip=192.168.69.91 | op=SEND_HEARTBEAT {datanodeUUID=3fd580a5-fd1e-4f13-9f88-976f7db82376, command=[]} | ret=SUCCESS |  
2019-08-21 06:00:27,748 | INFO  | SCMAudit | user=jenkins1000 | ip=192.168.69.91 | op=SEND_HEARTBEAT {datanodeUUID=046a392e-7484-4dfc-820d-faa08503447d, command=[]} | ret=SUCCESS |  
2019-08-21 06:00:27,914 | INFO  | SCMAudit | user=jenkins1000 | ip=192.168.69.91 | op=SEND_HEARTBEAT {datanodeUUID=4794a7d0-d8e2-4005-aaca-0a56e39fce16, command=[]} | ret=SUCCESS |  
2019-08-21 06:00:28,250 | INFO  | SCMAudit | user=jenkins1000 | ip=192.168.69.91 | op=SEND_HEARTBEAT {datanodeUUID=3c17af02-f769-4730-87e1-6a78a05442cb, command=[]} | ret=SUCCESS |  
2019-08-21 06:00:28,275 | INFO  | SCMAudit | user=jenkins1000 | ip=192.168.69.91 | op=SEND_HEARTBEAT {datanodeUUID=625627db-20f6-4593-9222-21b617438b7f, command=[]} | ret=SUCCESS |  
2019-08-21 06:00:28,293 | INFO  | SCMAudit | user=jenkins1000 | ip=192.168.69.91 | op=SEND_HEARTBEAT {datanodeUUID=f101476e-c990-429e-921c-5f445731959e, command=[]} | ret=SUCCESS |  
2019-08-21 06:00:28,364 | INFO  | SCMAudit | user=jenkins1000 | ip=192.168.69.91 | op=SEND_HEARTBEAT {datanodeUUID=49ab72ed-ff76-4952-870c-a3cea42cdb24, command=[]} | ret=SUCCESS |  
2019-08-21 06:00:28,536 | INFO  | SCMAudit | user=jenkins1000 | ip=192.168.69.91 | op=SEND_HEARTBEAT {datanodeUUID=3fd580a5-fd1e-4f13-9f88-976f7db82376, command=[]} | ret=SUCCESS |  
2019-08-21 06:00:28,747 | INFO  | SCMAudit | user=jenkins1000 | ip=192.168.69.91 | op=SEND_HEARTBEAT {datanodeUUID=046a392e-7484-4dfc-820d-faa08503447d, command=[]} | ret=SUCCESS |  
2019-08-21 06:00:28,915 | INFO  | SCMAudit | user=jenkins1000 | ip=192.168.69.91 | op=SEND_HEARTBEAT {datanodeUUID=4794a7d0-d8e2-4005-aaca-0a56e39fce16, command=[]} | ret=SUCCESS |  
2019-08-21 06:00:29,250 | INFO  | SCMAudit | user=jenkins1000 | ip=192.168.69.91 | op=SEND_HEARTBEAT {datanodeUUID=3c17af02-f769-4730-87e1-6a78a05442cb, command=[]} | ret=SUCCESS |  
2019-08-21 06:00:29,275 | INFO  | SCMAudit | user=jenkins1000 | ip=192.168.69.91 | op=SEND_HEARTBEAT {datanodeUUID=625627db-20f6-4593-9222-21b617438b7f, command=[]} | ret=SUCCESS |  
2019-08-21 06:00:29,291 [ReplicationMonitor] INFO  container.ReplicationManager (ReplicationManager.java:run(215)) - Replication Monitor Thread took 1 milliseconds for processing 3 containers.
2019-08-21 06:00:29,293 | INFO  | SCMAudit | user=jenkins1000 | ip=192.168.69.91 | op=SEND_HEARTBEAT {datanodeUUID=f101476e-c990-429e-921c-5f445731959e, command=[]} | ret=SUCCESS |  
2019-08-21 06:00:29,365 | INFO  | SCMAudit | user=jenkins1000 | ip=192.168.69.91 | op=SEND_HEARTBEAT {datanodeUUID=49ab72ed-ff76-4952-870c-a3cea42cdb24, command=[]} | ret=SUCCESS |  
2019-08-21 06:00:29,537 | INFO  | SCMAudit | user=jenkins1000 | ip=192.168.69.91 | op=SEND_HEARTBEAT {datanodeUUID=3fd580a5-fd1e-4f13-9f88-976f7db82376, command=[]} | ret=SUCCESS |  
2019-08-21 06:00:29,747 | INFO  | SCMAudit | user=jenkins1000 | ip=192.168.69.91 | op=SEND_HEARTBEAT {datanodeUUID=046a392e-7484-4dfc-820d-faa08503447d, command=[]} | ret=SUCCESS |  
2019-08-21 06:00:29,915 | INFO  | SCMAudit | user=jenkins1000 | ip=192.168.69.91 | op=SEND_HEARTBEAT {datanodeUUID=4794a7d0-d8e2-4005-aaca-0a56e39fce16, command=[]} | ret=SUCCESS |  
2019-08-21 06:00:30,251 | INFO  | SCMAudit | user=jenkins1000 | ip=192.168.69.91 | op=SEND_HEARTBEAT {datanodeUUID=3c17af02-f769-4730-87e1-6a78a05442cb, command=[]} | ret=SUCCESS |  
2019-08-21 06:00:30,276 | INFO  | SCMAudit | user=jenkins1000 | ip=192.168.69.91 | op=SEND_HEARTBEAT {datanodeUUID=625627db-20f6-4593-9222-21b617438b7f, command=[]} | ret=SUCCESS |  
2019-08-21 06:00:30,293 | INFO  | SCMAudit | user=jenkins1000 | ip=192.168.69.91 | op=SEND_HEARTBEAT {datanodeUUID=f101476e-c990-429e-921c-5f445731959e, command=[]} | ret=SUCCESS |  
2019-08-21 06:00:30,364 | INFO  | SCMAudit | user=jenkins1000 | ip=192.168.69.91 | op=SEND_HEARTBEAT {datanodeUUID=49ab72ed-ff76-4952-870c-a3cea42cdb24, command=[]} | ret=SUCCESS |  
2019-08-21 06:00:30,536 | INFO  | SCMAudit | user=jenkins1000 | ip=192.168.69.91 | op=SEND_HEARTBEAT {datanodeUUID=3fd580a5-fd1e-4f13-9f88-976f7db82376, command=[]} | ret=SUCCESS |  
2019-08-21 06:00:30,748 | INFO  | SCMAudit | user=jenkins1000 | ip=192.168.69.91 | op=SEND_HEARTBEAT {datanodeUUID=046a392e-7484-4dfc-820d-faa08503447d, command=[]} | ret=SUCCESS |  
2019-08-21 06:00:30,915 | INFO  | SCMAudit | user=jenkins1000 | ip=192.168.69.91 | op=SEND_HEARTBEAT {datanodeUUID=4794a7d0-d8e2-4005-aaca-0a56e39fce16, command=[]} | ret=SUCCESS |  
2019-08-21 06:00:31,058 [grpc-default-executor-5] INFO  client.GrpcClientProtocolClient (GrpcClientProtocolClient.java:onNext(255)) - client-5E3AA808964E->625627db-20f6-4593-9222-21b617438b7f: receive RaftClientReply:client-5E3AA808964E->625627db-20f6-4593-9222-21b617438b7f@group-ED3E36EC8233, cid=45, FAILED org.apache.ratis.protocol.NotLeaderException: Server 625627db-20f6-4593-9222-21b617438b7f is not the leader (3c17af02-f769-4730-87e1-6a78a05442cb:192.168.69.91:45466). Request must be sent to leader., logIndex=0, commits[625627db-20f6-4593-9222-21b617438b7f:c8, f101476e-c990-429e-921c-5f445731959e:c8, 3c17af02-f769-4730-87e1-6a78a05442cb:c8]
2019-08-21 06:00:31,250 | INFO  | SCMAudit | user=jenkins1000 | ip=192.168.69.91 | op=SEND_HEARTBEAT {datanodeUUID=3c17af02-f769-4730-87e1-6a78a05442cb, command=[]} | ret=SUCCESS |  
2019-08-21 06:00:31,276 | INFO  | SCMAudit | user=jenkins1000 | ip=192.168.69.91 | op=SEND_HEARTBEAT {datanodeUUID=625627db-20f6-4593-9222-21b617438b7f, command=[]} | ret=SUCCESS |  
2019-08-21 06:00:31,293 | INFO  | SCMAudit | user=jenkins1000 | ip=192.168.69.91 | op=SEND_HEARTBEAT {datanodeUUID=f101476e-c990-429e-921c-5f445731959e, command=[]} | ret=SUCCESS |  
2019-08-21 06:00:31,364 | INFO  | SCMAudit | user=jenkins1000 | ip=192.168.69.91 | op=SEND_HEARTBEAT {datanodeUUID=49ab72ed-ff76-4952-870c-a3cea42cdb24, command=[]} | ret=SUCCESS |  
2019-08-21 06:00:31,536 | INFO  | SCMAudit | user=jenkins1000 | ip=192.168.69.91 | op=SEND_HEARTBEAT {datanodeUUID=3fd580a5-fd1e-4f13-9f88-976f7db82376, command=[]} | ret=SUCCESS |  
2019-08-21 06:00:31,747 | INFO  | SCMAudit | user=jenkins1000 | ip=192.168.69.91 | op=SEND_HEARTBEAT {datanodeUUID=046a392e-7484-4dfc-820d-faa08503447d, command=[]} | ret=SUCCESS |  
2019-08-21 06:00:31,915 | INFO  | SCMAudit | user=jenkins1000 | ip=192.168.69.91 | op=SEND_HEARTBEAT {datanodeUUID=4794a7d0-d8e2-4005-aaca-0a56e39fce16, command=[]} | ret=SUCCESS |  
2019-08-21 06:00:32,251 | INFO  | SCMAudit | user=jenkins1000 | ip=192.168.69.91 | op=SEND_HEARTBEAT {datanodeUUID=3c17af02-f769-4730-87e1-6a78a05442cb, command=[]} | ret=SUCCESS |  
2019-08-21 06:00:32,276 | INFO  | SCMAudit | user=jenkins1000 | ip=192.168.69.91 | op=SEND_HEARTBEAT {datanodeUUID=625627db-20f6-4593-9222-21b617438b7f, command=[]} | ret=SUCCESS |  
2019-08-21 06:00:32,293 | INFO  | SCMAudit | user=jenkins1000 | ip=192.168.69.91 | op=SEND_HEARTBEAT {datanodeUUID=f101476e-c990-429e-921c-5f445731959e, command=[]} | ret=SUCCESS |  
2019-08-21 06:00:32,364 | INFO  | SCMAudit | user=jenkins1000 | ip=192.168.69.91 | op=SEND_HEARTBEAT {datanodeUUID=49ab72ed-ff76-4952-870c-a3cea42cdb24, command=[]} | ret=SUCCESS |  
2019-08-21 06:00:32,537 | INFO  | SCMAudit | user=jenkins1000 | ip=192.168.69.91 | op=SEND_HEARTBEAT {datanodeUUID=3fd580a5-fd1e-4f13-9f88-976f7db82376, command=[]} | ret=SUCCESS |  
2019-08-21 06:00:32,747 | INFO  | SCMAudit | user=jenkins1000 | ip=192.168.69.91 | op=SEND_HEARTBEAT {datanodeUUID=046a392e-7484-4dfc-820d-faa08503447d, command=[]} | ret=SUCCESS |  
2019-08-21 06:00:32,916 | INFO  | SCMAudit | user=jenkins1000 | ip=192.168.69.91 | op=SEND_HEARTBEAT {datanodeUUID=4794a7d0-d8e2-4005-aaca-0a56e39fce16, command=[]} | ret=SUCCESS |  
2019-08-21 06:00:33,250 | INFO  | SCMAudit | user=jenkins1000 | ip=192.168.69.91 | op=SEND_HEARTBEAT {datanodeUUID=3c17af02-f769-4730-87e1-6a78a05442cb, command=[]} | ret=SUCCESS |  
2019-08-21 06:00:33,277 | INFO  | SCMAudit | user=jenkins1000 | ip=192.168.69.91 | op=SEND_HEARTBEAT {datanodeUUID=625627db-20f6-4593-9222-21b617438b7f, command=[]} | ret=SUCCESS |  
2019-08-21 06:00:33,293 | INFO  | SCMAudit | user=jenkins1000 | ip=192.168.69.91 | op=SEND_HEARTBEAT {datanodeUUID=f101476e-c990-429e-921c-5f445731959e, command=[]} | ret=SUCCESS |  
2019-08-21 06:00:33,364 | INFO  | SCMAudit | user=jenkins1000 | ip=192.168.69.91 | op=SEND_HEARTBEAT {datanodeUUID=49ab72ed-ff76-4952-870c-a3cea42cdb24, command=[]} | ret=SUCCESS |  
2019-08-21 06:00:33,537 | INFO  | SCMAudit | user=jenkins1000 | ip=192.168.69.91 | op=SEND_HEARTBEAT {datanodeUUID=3fd580a5-fd1e-4f13-9f88-976f7db82376, command=[]} | ret=SUCCESS |  
2019-08-21 06:00:33,748 | INFO  | SCMAudit | user=jenkins1000 | ip=192.168.69.91 | op=SEND_HEARTBEAT {datanodeUUID=046a392e-7484-4dfc-820d-faa08503447d, command=[]} | ret=SUCCESS |  
2019-08-21 06:00:33,915 | INFO  | SCMAudit | user=jenkins1000 | ip=192.168.69.91 | op=SEND_HEARTBEAT {datanodeUUID=4794a7d0-d8e2-4005-aaca-0a56e39fce16, command=[]} | ret=SUCCESS |  
2019-08-21 06:00:34,251 | INFO  | SCMAudit | user=jenkins1000 | ip=192.168.69.91 | op=SEND_HEARTBEAT {datanodeUUID=3c17af02-f769-4730-87e1-6a78a05442cb, command=[]} | ret=SUCCESS |  
2019-08-21 06:00:34,276 | INFO  | SCMAudit | user=jenkins1000 | ip=192.168.69.91 | op=SEND_HEARTBEAT {datanodeUUID=625627db-20f6-4593-9222-21b617438b7f, command=[]} | ret=SUCCESS |  
2019-08-21 06:00:34,293 | INFO  | SCMAudit | user=jenkins1000 | ip=192.168.69.91 | op=SEND_HEARTBEAT {datanodeUUID=f101476e-c990-429e-921c-5f445731959e, command=[]} | ret=SUCCESS |  
2019-08-21 06:00:34,365 | INFO  | SCMAudit | user=jenkins1000 | ip=192.168.69.91 | op=SEND_HEARTBEAT {datanodeUUID=49ab72ed-ff76-4952-870c-a3cea42cdb24, command=[]} | ret=SUCCESS |  
2019-08-21 06:00:34,537 | INFO  | SCMAudit | user=jenkins1000 | ip=192.168.69.91 | op=SEND_HEARTBEAT {datanodeUUID=3fd580a5-fd1e-4f13-9f88-976f7db82376, command=[]} | ret=SUCCESS |  
2019-08-21 06:00:34,748 | INFO  | SCMAudit | user=jenkins1000 | ip=192.168.69.91 | op=SEND_HEARTBEAT {datanodeUUID=046a392e-7484-4dfc-820d-faa08503447d, command=[]} | ret=SUCCESS |  
2019-08-21 06:00:34,915 | INFO  | SCMAudit | user=jenkins1000 | ip=192.168.69.91 | op=SEND_HEARTBEAT {datanodeUUID=4794a7d0-d8e2-4005-aaca-0a56e39fce16, command=[]} | ret=SUCCESS |  
2019-08-21 06:00:35,250 | INFO  | SCMAudit | user=jenkins1000 | ip=192.168.69.91 | op=SEND_HEARTBEAT {datanodeUUID=3c17af02-f769-4730-87e1-6a78a05442cb, command=[]} | ret=SUCCESS |  
2019-08-21 06:00:35,276 | INFO  | SCMAudit | user=jenkins1000 | ip=192.168.69.91 | op=SEND_HEARTBEAT {datanodeUUID=625627db-20f6-4593-9222-21b617438b7f, command=[]} | ret=SUCCESS |  
2019-08-21 06:00:35,293 | INFO  | SCMAudit | user=jenkins1000 | ip=192.168.69.91 | op=SEND_HEARTBEAT {datanodeUUID=f101476e-c990-429e-921c-5f445731959e, command=[]} | ret=SUCCESS |  
2019-08-21 06:00:35,366 | INFO  | SCMAudit | user=jenkins1000 | ip=192.168.69.91 | op=SEND_HEARTBEAT {datanodeUUID=49ab72ed-ff76-4952-870c-a3cea42cdb24, command=[]} | ret=SUCCESS |  
2019-08-21 06:00:35,538 | INFO  | SCMAudit | user=jenkins1000 | ip=192.168.69.91 | op=SEND_HEARTBEAT {datanodeUUID=3fd580a5-fd1e-4f13-9f88-976f7db82376, command=[]} | ret=SUCCESS |  
2019-08-21 06:00:35,748 | INFO  | SCMAudit | user=jenkins1000 | ip=192.168.69.91 | op=SEND_HEARTBEAT {datanodeUUID=046a392e-7484-4dfc-820d-faa08503447d, command=[]} | ret=SUCCESS |  
2019-08-21 06:00:35,916 | INFO  | SCMAudit | user=jenkins1000 | ip=192.168.69.91 | op=SEND_HEARTBEAT {datanodeUUID=4794a7d0-d8e2-4005-aaca-0a56e39fce16, command=[]} | ret=SUCCESS |  
2019-08-21 06:00:36,125 [grpc-default-executor-5] INFO  client.GrpcClientProtocolClient (GrpcClientProtocolClient.java:onNext(255)) - client-5E3AA808964E->625627db-20f6-4593-9222-21b617438b7f: receive RaftClientReply:client-5E3AA808964E->625627db-20f6-4593-9222-21b617438b7f@group-ED3E36EC8233, cid=45, FAILED org.apache.ratis.protocol.NotLeaderException: Server 625627db-20f6-4593-9222-21b617438b7f is not the leader (3c17af02-f769-4730-87e1-6a78a05442cb:192.168.69.91:45466). Request must be sent to leader., logIndex=0, commits[625627db-20f6-4593-9222-21b617438b7f:c8, f101476e-c990-429e-921c-5f445731959e:c8, 3c17af02-f769-4730-87e1-6a78a05442cb:c8]
2019-08-21 06:00:36,139 [main] INFO  ozone.MiniOzoneClusterImpl (MiniOzoneClusterImpl.java:shutdown(321)) - Shutting down the Mini Ozone Cluster
2019-08-21 06:00:36,139 | INFO  | SCMAudit | user=null | ip=null | op=GET_SCM_INFO null | ret=SUCCESS |  
2019-08-21 06:00:36,139 [main] INFO  ozone.MiniOzoneClusterImpl (MiniOzoneClusterImpl.java:stop(336)) - Stopping the Mini Ozone Cluster
2019-08-21 06:00:36,140 [main] INFO  ozone.MiniOzoneClusterImpl (MiniOzoneClusterImpl.java:stop(338)) - Stopping the OzoneManager
2019-08-21 06:00:36,140 [main] INFO  ipc.Server (Server.java:stop(3082)) - Stopping server on 36189
2019-08-21 06:00:36,155 [IPC Server Responder] INFO  ipc.Server (Server.java:run(1319)) - Stopping IPC Server Responder
2019-08-21 06:00:36,158 [IPC Server listener on 36189] INFO  ipc.Server (Server.java:run(1185)) - Stopping IPC Server listener on 36189
2019-08-21 06:00:36,158 [main] INFO  ratis.OzoneManagerDoubleBuffer (OzoneManagerDoubleBuffer.java:stop(248)) - Stopping OMDoubleBuffer flush thread
2019-08-21 06:00:36,189 [OMDoubleBufferFlushThread] INFO  ratis.OzoneManagerDoubleBuffer (OzoneManagerDoubleBuffer.java:flushTransactions(191)) - OMDoubleBuffer flush thread OMDoubleBufferFlushThread is interrupted and will exit. OMDoubleBufferFlushThread
2019-08-21 06:00:36,189 [main] INFO  utils.BackgroundService (BackgroundService.java:shutdown(148)) - Shutting down service KeyDeletingService
2019-08-21 06:00:36,191 [main] INFO  handler.ContextHandler (ContextHandler.java:doStop(910)) - Stopped o.e.j.w.WebAppContext@314f59b{/,null,UNAVAILABLE}{/ozoneManager}
2019-08-21 06:00:36,192 [main] INFO  server.AbstractConnector (AbstractConnector.java:doStop(318)) - Stopped ServerConnector@63c99f7{HTTP/1.1,[http/1.1]}{0.0.0.0:0}
2019-08-21 06:00:36,193 [main] INFO  handler.ContextHandler (ContextHandler.java:doStop(910)) - Stopped o.e.j.s.ServletContextHandler@25109608{/static,file:///workdir/hadoop-ozone/integration-test/target/test-classes/webapps/static,UNAVAILABLE}
2019-08-21 06:00:36,193 [main] INFO  handler.ContextHandler (ContextHandler.java:doStop(910)) - Stopped o.e.j.s.ServletContextHandler@7198ab9a{/logs,file:///workdir/hadoop-ozone/integration-test/target/log,UNAVAILABLE}
2019-08-21 06:00:36,198 [main] INFO  ozone.MiniOzoneClusterImpl (MiniOzoneClusterImpl.java:stop(344)) - Shutting the HddsDatanodes
2019-08-21 06:00:36,198 [main] INFO  datanode.ObjectStoreHandler (ObjectStoreHandler.java:close(155)) - Closing ObjectStoreHandler.
2019-08-21 06:00:36,198 [ForkJoinPool.commonPool-worker-1] INFO  datanode.ObjectStoreHandler (ObjectStoreHandler.java:close(155)) - Closing ObjectStoreHandler.
2019-08-21 06:00:36,200 [main] INFO  ozone.HddsDatanodeService (HddsDatanodeService.java:stop(451)) - Stopped plug-in org.apache.hadoop.ozone.web.OzoneHddsDatanodeService@452ec287
2019-08-21 06:00:36,200 [ForkJoinPool.commonPool-worker-1] INFO  ozone.HddsDatanodeService (HddsDatanodeService.java:stop(451)) - Stopped plug-in org.apache.hadoop.ozone.web.OzoneHddsDatanodeService@97b5e6a
2019-08-21 06:00:36,250 [Datanode State Machine Thread - 0] INFO  statemachine.DatanodeStateMachine (DatanodeStateMachine.java:lambda$startDaemon$0(350)) - Ozone container server started.
2019-08-21 06:00:36,276 | INFO  | SCMAudit | user=jenkins1000 | ip=192.168.69.91 | op=SEND_HEARTBEAT {datanodeUUID=625627db-20f6-4593-9222-21b617438b7f, command=[]} | ret=SUCCESS |  
2019-08-21 06:00:36,293 | INFO  | SCMAudit | user=jenkins1000 | ip=192.168.69.91 | op=SEND_HEARTBEAT {datanodeUUID=f101476e-c990-429e-921c-5f445731959e, command=[]} | ret=SUCCESS |  
2019-08-21 06:00:36,366 [Datanode State Machine Thread - 0] INFO  statemachine.DatanodeStateMachine (DatanodeStateMachine.java:lambda$startDaemon$0(350)) - Ozone container server started.
2019-08-21 06:00:36,537 | INFO  | SCMAudit | user=jenkins1000 | ip=192.168.69.91 | op=SEND_HEARTBEAT {datanodeUUID=3fd580a5-fd1e-4f13-9f88-976f7db82376, command=[]} | ret=SUCCESS |  
2019-08-21 06:00:36,749 | INFO  | SCMAudit | user=jenkins1000 | ip=192.168.69.91 | op=SEND_HEARTBEAT {datanodeUUID=046a392e-7484-4dfc-820d-faa08503447d, command=[]} | ret=SUCCESS |  
2019-08-21 06:00:36,916 | INFO  | SCMAudit | user=jenkins1000 | ip=192.168.69.91 | op=SEND_HEARTBEAT {datanodeUUID=4794a7d0-d8e2-4005-aaca-0a56e39fce16, command=[]} | ret=SUCCESS |  
2019-08-21 06:00:37,276 | INFO  | SCMAudit | user=jenkins1000 | ip=192.168.69.91 | op=SEND_HEARTBEAT {datanodeUUID=625627db-20f6-4593-9222-21b617438b7f, command=[]} | ret=SUCCESS |  
2019-08-21 06:00:37,293 | INFO  | SCMAudit | user=jenkins1000 | ip=192.168.69.91 | op=SEND_HEARTBEAT {datanodeUUID=f101476e-c990-429e-921c-5f445731959e, command=[]} | ret=SUCCESS |  
2019-08-21 06:00:37,537 | INFO  | SCMAudit | user=jenkins1000 | ip=192.168.69.91 | op=SEND_HEARTBEAT {datanodeUUID=3fd580a5-fd1e-4f13-9f88-976f7db82376, command=[]} | ret=SUCCESS |  
2019-08-21 06:00:37,748 | INFO  | SCMAudit | user=jenkins1000 | ip=192.168.69.91 | op=SEND_HEARTBEAT {datanodeUUID=046a392e-7484-4dfc-820d-faa08503447d, command=[]} | ret=SUCCESS |  
2019-08-21 06:00:37,916 | INFO  | SCMAudit | user=jenkins1000 | ip=192.168.69.91 | op=SEND_HEARTBEAT {datanodeUUID=4794a7d0-d8e2-4005-aaca-0a56e39fce16, command=[]} | ret=SUCCESS |  
2019-08-21 06:00:38,277 | INFO  | SCMAudit | user=jenkins1000 | ip=192.168.69.91 | op=SEND_HEARTBEAT {datanodeUUID=625627db-20f6-4593-9222-21b617438b7f, command=[]} | ret=SUCCESS |  
2019-08-21 06:00:38,294 | INFO  | SCMAudit | user=jenkins1000 | ip=192.168.69.91 | op=SEND_HEARTBEAT {datanodeUUID=f101476e-c990-429e-921c-5f445731959e, command=[]} | ret=SUCCESS |  
2019-08-21 06:00:38,538 | INFO  | SCMAudit | user=jenkins1000 | ip=192.168.69.91 | op=SEND_HEARTBEAT {datanodeUUID=3fd580a5-fd1e-4f13-9f88-976f7db82376, command=[]} | ret=SUCCESS |  
2019-08-21 06:00:38,748 | INFO  | SCMAudit | user=jenkins1000 | ip=192.168.69.91 | op=SEND_HEARTBEAT {datanodeUUID=046a392e-7484-4dfc-820d-faa08503447d, command=[]} | ret=SUCCESS |  
2019-08-21 06:00:38,916 | INFO  | SCMAudit | user=jenkins1000 | ip=192.168.69.91 | op=SEND_HEARTBEAT {datanodeUUID=4794a7d0-d8e2-4005-aaca-0a56e39fce16, command=[]} | ret=SUCCESS |  
2019-08-21 06:00:39,276 | INFO  | SCMAudit | user=jenkins1000 | ip=192.168.69.91 | op=SEND_HEARTBEAT {datanodeUUID=625627db-20f6-4593-9222-21b617438b7f, command=[]} | ret=SUCCESS |  
2019-08-21 06:00:39,294 | INFO  | SCMAudit | user=jenkins1000 | ip=192.168.69.91 | op=SEND_HEARTBEAT {datanodeUUID=f101476e-c990-429e-921c-5f445731959e, command=[]} | ret=SUCCESS |  
2019-08-21 06:00:39,538 | INFO  | SCMAudit | user=jenkins1000 | ip=192.168.69.91 | op=SEND_HEARTBEAT {datanodeUUID=3fd580a5-fd1e-4f13-9f88-976f7db82376, command=[]} | ret=SUCCESS |  
2019-08-21 06:00:39,748 | INFO  | SCMAudit | user=jenkins1000 | ip=192.168.69.91 | op=SEND_HEARTBEAT {datanodeUUID=046a392e-7484-4dfc-820d-faa08503447d, command=[]} | ret=SUCCESS |  
2019-08-21 06:00:39,918 | INFO  | SCMAudit | user=jenkins1000 | ip=192.168.69.91 | op=SEND_HEARTBEAT {datanodeUUID=4794a7d0-d8e2-4005-aaca-0a56e39fce16, command=[]} | ret=SUCCESS |  
2019-08-21 06:00:40,277 | INFO  | SCMAudit | user=jenkins1000 | ip=192.168.69.91 | op=SEND_HEARTBEAT {datanodeUUID=625627db-20f6-4593-9222-21b617438b7f, command=[]} | ret=SUCCESS |  
2019-08-21 06:00:40,294 | INFO  | SCMAudit | user=jenkins1000 | ip=192.168.69.91 | op=SEND_HEARTBEAT {datanodeUUID=f101476e-c990-429e-921c-5f445731959e, command=[]} | ret=SUCCESS |  
2019-08-21 06:00:40,538 | INFO  | SCMAudit | user=jenkins1000 | ip=192.168.69.91 | op=SEND_HEARTBEAT {datanodeUUID=3fd580a5-fd1e-4f13-9f88-976f7db82376, command=[]} | ret=SUCCESS |  
2019-08-21 06:00:40,749 | INFO  | SCMAudit | user=jenkins1000 | ip=192.168.69.91 | op=SEND_HEARTBEAT {datanodeUUID=046a392e-7484-4dfc-820d-faa08503447d, command=[]} | ret=SUCCESS |  
2019-08-21 06:00:40,919 | INFO  | SCMAudit | user=jenkins1000 | ip=192.168.69.91 | op=SEND_HEARTBEAT {datanodeUUID=4794a7d0-d8e2-4005-aaca-0a56e39fce16, command=[]} | ret=SUCCESS |  
2019-08-21 06:00:41,201 [main] INFO  ozoneimpl.OzoneContainer (OzoneContainer.java:stop(199)) - Attempting to stop container services.
2019-08-21 06:00:41,201 [ForkJoinPool.commonPool-worker-1] INFO  ozoneimpl.OzoneContainer (OzoneContainer.java:stop(199)) - Attempting to stop container services.
2019-08-21 06:00:41,202 [main] INFO  impl.RaftServerProxy (RaftServerProxy.java:lambda$close$4(314)) - 49ab72ed-ff76-4952-870c-a3cea42cdb24: close
2019-08-21 06:00:41,202 [ForkJoinPool.commonPool-worker-1] INFO  impl.RaftServerProxy (RaftServerProxy.java:lambda$close$4(314)) - 3c17af02-f769-4730-87e1-6a78a05442cb: close
2019-08-21 06:00:41,202 [main] INFO  impl.RaftServerImpl (RaftServerImpl.java:lambda$shutdown$3(245)) - 49ab72ed-ff76-4952-870c-a3cea42cdb24: shutdown group-1A6A2CF9E3BC
2019-08-21 06:00:41,202 [ForkJoinPool.commonPool-worker-1] INFO  impl.RaftServerImpl (RaftServerImpl.java:lambda$shutdown$3(245)) - 3c17af02-f769-4730-87e1-6a78a05442cb: shutdown group-9545AA3C0546
2019-08-21 06:00:41,203 [main] INFO  util.JmxRegister (JmxRegister.java:unregister(73)) - Successfully un-registered JMX Bean with object name Ratis:service=RaftServer,group=group-1A6A2CF9E3BC,id=49ab72ed-ff76-4952-870c-a3cea42cdb24
2019-08-21 06:00:41,203 [ForkJoinPool.commonPool-worker-1] INFO  util.JmxRegister (JmxRegister.java:unregister(73)) - Successfully un-registered JMX Bean with object name Ratis:service=RaftServer,group=group-9545AA3C0546,id=3c17af02-f769-4730-87e1-6a78a05442cb
2019-08-21 06:00:41,203 [main] INFO  impl.RoleInfo (RoleInfo.java:shutdownFollowerState(121)) - 49ab72ed-ff76-4952-870c-a3cea42cdb24: shutdown FollowerState
2019-08-21 06:00:41,204 [ForkJoinPool.commonPool-worker-1] INFO  impl.RoleInfo (RoleInfo.java:shutdownLeaderState(104)) - 3c17af02-f769-4730-87e1-6a78a05442cb: shutdown LeaderState
2019-08-21 06:00:41,204 [Thread-789] INFO  impl.FollowerState (FollowerState.java:run(114)) - 49ab72ed-ff76-4952-870c-a3cea42cdb24: FollowerState was interrupted: java.lang.InterruptedException: sleep interrupted
2019-08-21 06:00:41,204 [main] INFO  impl.StateMachineUpdater (StateMachineUpdater.java:stopAndJoin(115)) - StateMachineUpdater:49ab72ed-ff76-4952-870c-a3cea42cdb24:group-1A6A2CF9E3BC: set stopIndex = 0
2019-08-21 06:00:41,204 [ForkJoinPool.commonPool-worker-1] INFO  impl.PendingRequests (PendingRequests.java:sendNotLeaderResponses(202)) - 3c17af02-f769-4730-87e1-6a78a05442cb-PendingRequests: sendNotLeaderResponses
2019-08-21 06:00:41,211 [main] INFO  impl.RaftServerImpl (ServerState.java:close(394)) - 49ab72ed-ff76-4952-870c-a3cea42cdb24:group-1A6A2CF9E3BC closes. The last applied log index is 0
2019-08-21 06:00:41,212 [ForkJoinPool.commonPool-worker-1] INFO  impl.StateMachineUpdater (StateMachineUpdater.java:stopAndJoin(115)) - StateMachineUpdater:3c17af02-f769-4730-87e1-6a78a05442cb:group-9545AA3C0546: set stopIndex = 0
2019-08-21 06:00:41,214 [ForkJoinPool.commonPool-worker-1] INFO  impl.RaftServerImpl (ServerState.java:close(394)) - 3c17af02-f769-4730-87e1-6a78a05442cb:group-9545AA3C0546 closes. The last applied log index is 0
2019-08-21 06:00:41,214 [49ab72ed-ff76-4952-870c-a3cea42cdb24-SegmentedRaftLogWorker:Storage Directory /workdir/hadoop-ozone/integration-test/target/test-dir/MiniOzoneClusterImpl-6d1cdef1-941d-4f62-be26-b5ce02def95a/datanode-4/data/ratis/7b55242b-6236-4c3e-ba2d-1a6a2cf9e3bc] INFO  segmented.SegmentedRaftLogWorker (SegmentedRaftLogWorker.java:run(313)) - 49ab72ed-ff76-4952-870c-a3cea42cdb24-SegmentedRaftLogWorker:Storage Directory /workdir/hadoop-ozone/integration-test/target/test-dir/MiniOzoneClusterImpl-6d1cdef1-941d-4f62-be26-b5ce02def95a/datanode-4/data/ratis/7b55242b-6236-4c3e-ba2d-1a6a2cf9e3bc was interrupted, exiting. There are 0 tasks remaining in the queue.
2019-08-21 06:00:41,218 [3c17af02-f769-4730-87e1-6a78a05442cb-SegmentedRaftLogWorker:Storage Directory /workdir/hadoop-ozone/integration-test/target/test-dir/MiniOzoneClusterImpl-6d1cdef1-941d-4f62-be26-b5ce02def95a/datanode-1/data/ratis/d33aab5d-814b-4e01-8b92-9545aa3c0546] INFO  segmented.SegmentedRaftLogWorker (SegmentedRaftLogWorker.java:run(313)) - 3c17af02-f769-4730-87e1-6a78a05442cb-SegmentedRaftLogWorker:Storage Directory /workdir/hadoop-ozone/integration-test/target/test-dir/MiniOzoneClusterImpl-6d1cdef1-941d-4f62-be26-b5ce02def95a/datanode-1/data/ratis/d33aab5d-814b-4e01-8b92-9545aa3c0546 was interrupted, exiting. There are 0 tasks remaining in the queue.
2019-08-21 06:00:41,218 [main] INFO  segmented.SegmentedRaftLogWorker (SegmentedRaftLogWorker.java:close(228)) - 49ab72ed-ff76-4952-870c-a3cea42cdb24-SegmentedRaftLogWorker:Storage Directory /workdir/hadoop-ozone/integration-test/target/test-dir/MiniOzoneClusterImpl-6d1cdef1-941d-4f62-be26-b5ce02def95a/datanode-4/data/ratis/7b55242b-6236-4c3e-ba2d-1a6a2cf9e3bc close()
2019-08-21 06:00:41,220 [ForkJoinPool.commonPool-worker-1] INFO  segmented.SegmentedRaftLogWorker (SegmentedRaftLogWorker.java:close(228)) - 3c17af02-f769-4730-87e1-6a78a05442cb-SegmentedRaftLogWorker:Storage Directory /workdir/hadoop-ozone/integration-test/target/test-dir/MiniOzoneClusterImpl-6d1cdef1-941d-4f62-be26-b5ce02def95a/datanode-1/data/ratis/d33aab5d-814b-4e01-8b92-9545aa3c0546 close()
2019-08-21 06:00:41,225 [main] INFO  impl.RaftServerImpl (RaftServerImpl.java:lambda$shutdown$3(245)) - 49ab72ed-ff76-4952-870c-a3cea42cdb24: shutdown group-B57F720A831C
2019-08-21 06:00:41,229 [ForkJoinPool.commonPool-worker-1] INFO  impl.RaftServerImpl (RaftServerImpl.java:lambda$shutdown$3(245)) - 3c17af02-f769-4730-87e1-6a78a05442cb: shutdown group-ED3E36EC8233
2019-08-21 06:00:41,229 [main] INFO  util.JmxRegister (JmxRegister.java:unregister(73)) - Successfully un-registered JMX Bean with object name Ratis:service=RaftServer,group=group-B57F720A831C,id=49ab72ed-ff76-4952-870c-a3cea42cdb24
2019-08-21 06:00:41,229 [ForkJoinPool.commonPool-worker-1] INFO  util.JmxRegister (JmxRegister.java:unregister(73)) - Successfully un-registered JMX Bean with object name Ratis:service=RaftServer,group=group-ED3E36EC8233,id=3c17af02-f769-4730-87e1-6a78a05442cb
2019-08-21 06:00:41,230 [main] INFO  impl.RoleInfo (RoleInfo.java:shutdownLeaderState(104)) - 49ab72ed-ff76-4952-870c-a3cea42cdb24: shutdown LeaderState
2019-08-21 06:00:41,230 [ForkJoinPool.commonPool-worker-1] INFO  impl.RoleInfo (RoleInfo.java:shutdownLeaderState(104)) - 3c17af02-f769-4730-87e1-6a78a05442cb: shutdown LeaderState
2019-08-21 06:00:41,231 [main] INFO  impl.PendingRequests (PendingRequests.java:sendNotLeaderResponses(202)) - 49ab72ed-ff76-4952-870c-a3cea42cdb24-PendingRequests: sendNotLeaderResponses
2019-08-21 06:00:41,235 [org.apache.ratis.server.impl.LogAppender$AppenderDaemon$$Lambda$479/1162209897@5f573d8d] WARN  server.GrpcLogAppender (GrpcLogAppender.java:mayWait(143)) - GrpcLogAppender(3c17af02-f769-4730-87e1-6a78a05442cb->f101476e-c990-429e-921c-5f445731959e): Wait interrupted by java.lang.InterruptedException
2019-08-21 06:00:41,236 [main] INFO  impl.StateMachineUpdater (StateMachineUpdater.java:stopAndJoin(115)) - StateMachineUpdater:49ab72ed-ff76-4952-870c-a3cea42cdb24:group-B57F720A831C: set stopIndex = 0
2019-08-21 06:00:41,235 [org.apache.ratis.server.impl.LogAppender$AppenderDaemon$$Lambda$479/1162209897@1a55a803] WARN  server.GrpcLogAppender (GrpcLogAppender.java:mayWait(143)) - GrpcLogAppender(3c17af02-f769-4730-87e1-6a78a05442cb->625627db-20f6-4593-9222-21b617438b7f): Wait interrupted by java.lang.InterruptedException
2019-08-21 06:00:41,235 [ForkJoinPool.commonPool-worker-1] INFO  impl.PendingRequests (PendingRequests.java:sendNotLeaderResponses(202)) - 3c17af02-f769-4730-87e1-6a78a05442cb-PendingRequests: sendNotLeaderResponses
2019-08-21 06:00:41,243 [grpc-default-executor-5] INFO  server.GrpcServerProtocolService (GrpcServerProtocolService.java:onCompleted(104)) - 625627db-20f6-4593-9222-21b617438b7f: appendEntries completed
2019-08-21 06:00:41,240 [main] INFO  impl.RaftServerImpl (ServerState.java:close(394)) - 49ab72ed-ff76-4952-870c-a3cea42cdb24:group-B57F720A831C closes. The last applied log index is 0
2019-08-21 06:00:41,240 [grpc-default-executor-4] INFO  server.GrpcServerProtocolService (GrpcServerProtocolService.java:onCompleted(104)) - f101476e-c990-429e-921c-5f445731959e: appendEntries completed
2019-08-21 06:00:41,250 [StateMachineUpdater:3c17af02-f769-4730-87e1-6a78a05442cb:group-ED3E36EC8233] INFO  ratis.ContainerStateMachine (ContainerStateMachine.java:takeSnapshot(283)) - group-ED3E36EC8233: Taking a snapshot at:(t:1, i:6) file /workdir/hadoop-ozone/integration-test/target/test-dir/MiniOzoneClusterImpl-6d1cdef1-941d-4f62-be26-b5ce02def95a/datanode-1/data/ratis/c87dbf4e-80e4-421e-a785-ed3e36ec8233/sm/snapshot.1_6
2019-08-21 06:00:41,250 [grpc-default-executor-5] INFO  server.GrpcLogAppender (GrpcLogAppender.java:onCompleted(292)) - 3c17af02-f769-4730-87e1-6a78a05442cb->625627db-20f6-4593-9222-21b617438b7f: follower responses appendEntries COMPLETED
2019-08-21 06:00:41,250 [grpc-default-executor-4] INFO  server.GrpcLogAppender (GrpcLogAppender.java:onCompleted(292)) - 3c17af02-f769-4730-87e1-6a78a05442cb->f101476e-c990-429e-921c-5f445731959e: follower responses appendEntries COMPLETED
2019-08-21 06:00:41,249 [ForkJoinPool.commonPool-worker-1] INFO  impl.StateMachineUpdater (StateMachineUpdater.java:stopAndJoin(115)) - StateMachineUpdater:3c17af02-f769-4730-87e1-6a78a05442cb:group-ED3E36EC8233: set stopIndex = 8
2019-08-21 06:00:41,254 [grpc-default-executor-4] INFO  impl.FollowerInfo (FollowerInfo.java:lambda$new$0(50)) - 3c17af02-f769-4730-87e1-6a78a05442cb->f101476e-c990-429e-921c-5f445731959e: nextIndex: updateUnconditionally 9 -> 8
2019-08-21 06:00:41,254 [grpc-default-executor-5] INFO  impl.FollowerInfo (FollowerInfo.java:lambda$new$0(50)) - 3c17af02-f769-4730-87e1-6a78a05442cb->625627db-20f6-4593-9222-21b617438b7f: nextIndex: updateUnconditionally 9 -> 8
2019-08-21 06:00:41,250 [49ab72ed-ff76-4952-870c-a3cea42cdb24-SegmentedRaftLogWorker:Storage Directory /workdir/hadoop-ozone/integration-test/target/test-dir/MiniOzoneClusterImpl-6d1cdef1-941d-4f62-be26-b5ce02def95a/datanode-4/data/ratis/f1936397-36a5-4945-a6b6-b57f720a831c] INFO  segmented.SegmentedRaftLogWorker (SegmentedRaftLogWorker.java:run(313)) - 49ab72ed-ff76-4952-870c-a3cea42cdb24-SegmentedRaftLogWorker:Storage Directory /workdir/hadoop-ozone/integration-test/target/test-dir/MiniOzoneClusterImpl-6d1cdef1-941d-4f62-be26-b5ce02def95a/datanode-4/data/ratis/f1936397-36a5-4945-a6b6-b57f720a831c was interrupted, exiting. There are 0 tasks remaining in the queue.
2019-08-21 06:00:41,265 [main] INFO  segmented.SegmentedRaftLogWorker (SegmentedRaftLogWorker.java:close(228)) - 49ab72ed-ff76-4952-870c-a3cea42cdb24-SegmentedRaftLogWorker:Storage Directory /workdir/hadoop-ozone/integration-test/target/test-dir/MiniOzoneClusterImpl-6d1cdef1-941d-4f62-be26-b5ce02def95a/datanode-4/data/ratis/f1936397-36a5-4945-a6b6-b57f720a831c close()
2019-08-21 06:00:41,268 [StateMachineUpdater:3c17af02-f769-4730-87e1-6a78a05442cb:group-ED3E36EC8233] INFO  ratis.ContainerStateMachine (ContainerStateMachine.java:takeSnapshot(294)) - group-ED3E36EC8233: Finished taking a snapshot at:(t:1, i:6) file:/workdir/hadoop-ozone/integration-test/target/test-dir/MiniOzoneClusterImpl-6d1cdef1-941d-4f62-be26-b5ce02def95a/datanode-1/data/ratis/c87dbf4e-80e4-421e-a785-ed3e36ec8233/sm/snapshot.1_6 time:18
2019-08-21 06:00:41,270 [StateMachineUpdater:3c17af02-f769-4730-87e1-6a78a05442cb:group-ED3E36EC8233] INFO  impl.StateMachineUpdater (StateMachineUpdater.java:takeSnapshot(242)) - StateMachineUpdater:3c17af02-f769-4730-87e1-6a78a05442cb:group-ED3E36EC8233: Took a snapshot at index 6
2019-08-21 06:00:41,270 [main] INFO  server.GrpcService (GrpcService.java:closeImpl(155)) - 49ab72ed-ff76-4952-870c-a3cea42cdb24: shutdown server with port 39854 now
2019-08-21 06:00:41,270 [StateMachineUpdater:3c17af02-f769-4730-87e1-6a78a05442cb:group-ED3E36EC8233] INFO  impl.StateMachineUpdater (StateMachineUpdater.java:lambda$new$0(80)) - StateMachineUpdater:3c17af02-f769-4730-87e1-6a78a05442cb:group-ED3E36EC8233: snapshotIndex: updateIncreasingly -1 -> 6
2019-08-21 06:00:41,271 [ForkJoinPool.commonPool-worker-1] INFO  impl.RaftServerImpl (ServerState.java:close(394)) - 3c17af02-f769-4730-87e1-6a78a05442cb:group-ED3E36EC8233 closes. The last applied log index is 8
2019-08-21 06:00:41,271 [grpc-default-executor-4] WARN  server.GrpcServerProtocolService (LogUtils.java:warn(134)) - 49ab72ed-ff76-4952-870c-a3cea42cdb24: appendEntries onError: org.apache.ratis.thirdparty.io.grpc.StatusRuntimeException: CANCELLED: cancelled before receiving half close
2019-08-21 06:00:41,271 [3c17af02-f769-4730-87e1-6a78a05442cb-SegmentedRaftLogWorker:Storage Directory /workdir/hadoop-ozone/integration-test/target/test-dir/MiniOzoneClusterImpl-6d1cdef1-941d-4f62-be26-b5ce02def95a/datanode-1/data/ratis/c87dbf4e-80e4-421e-a785-ed3e36ec8233] INFO  segmented.SegmentedRaftLogWorker (SegmentedRaftLogWorker.java:run(313)) - 3c17af02-f769-4730-87e1-6a78a05442cb-SegmentedRaftLogWorker:Storage Directory /workdir/hadoop-ozone/integration-test/target/test-dir/MiniOzoneClusterImpl-6d1cdef1-941d-4f62-be26-b5ce02def95a/datanode-1/data/ratis/c87dbf4e-80e4-421e-a785-ed3e36ec8233 was interrupted, exiting. There are 0 tasks remaining in the queue.
2019-08-21 06:00:41,271 [main] INFO  server.GrpcService (GrpcService.java:closeImpl(163)) - 49ab72ed-ff76-4952-870c-a3cea42cdb24: shutdown server with port 39854 successfully
2019-08-21 06:00:41,273 [ForkJoinPool.commonPool-worker-1] INFO  segmented.SegmentedRaftLogWorker (SegmentedRaftLogWorker.java:close(228)) - 3c17af02-f769-4730-87e1-6a78a05442cb-SegmentedRaftLogWorker:Storage Directory /workdir/hadoop-ozone/integration-test/target/test-dir/MiniOzoneClusterImpl-6d1cdef1-941d-4f62-be26-b5ce02def95a/datanode-1/data/ratis/c87dbf4e-80e4-421e-a785-ed3e36ec8233 close()
2019-08-21 06:00:41,271 [grpc-default-executor-4] WARN  server.GrpcLogAppender (LogUtils.java:warn(134)) - 3fd580a5-fd1e-4f13-9f88-976f7db82376->49ab72ed-ff76-4952-870c-a3cea42cdb24: Failed appendEntries: org.apache.ratis.thirdparty.io.grpc.StatusRuntimeException: CANCELLED: HTTP/2 error code: CANCEL
Received Rst Stream
2019-08-21 06:00:41,288 [ForkJoinPool.commonPool-worker-1] INFO  server.GrpcService (GrpcService.java:closeImpl(155)) - 3c17af02-f769-4730-87e1-6a78a05442cb: shutdown server with port 45466 now
2019-08-21 06:00:41,289 [ForkJoinPool.commonPool-worker-1] INFO  server.GrpcService (GrpcService.java:closeImpl(163)) - 3c17af02-f769-4730-87e1-6a78a05442cb: shutdown server with port 45466 successfully
2019-08-21 06:00:41,290 [grpc-default-executor-4] INFO  impl.FollowerInfo (FollowerInfo.java:lambda$new$0(50)) - 3fd580a5-fd1e-4f13-9f88-976f7db82376->49ab72ed-ff76-4952-870c-a3cea42cdb24: nextIndex: updateUnconditionally 1 -> 0
2019-08-21 06:00:41,292 | INFO  | SCMAudit | user=jenkins1000 | ip=192.168.69.91 | op=SEND_HEARTBEAT {datanodeUUID=625627db-20f6-4593-9222-21b617438b7f, command=[]} | ret=SUCCESS |  
2019-08-21 06:00:41,291 [main] INFO  utils.BackgroundService (BackgroundService.java:shutdown(148)) - Shutting down service BlockDeletingService
2019-08-21 06:00:41,295 | INFO  | SCMAudit | user=jenkins1000 | ip=192.168.69.91 | op=SEND_HEARTBEAT {datanodeUUID=f101476e-c990-429e-921c-5f445731959e, command=[]} | ret=SUCCESS |  
2019-08-21 06:00:41,297 [refreshUsed-/workdir/hadoop-ozone/integration-test/target/test-dir/MiniOzoneClusterImpl-6d1cdef1-941d-4f62-be26-b5ce02def95a/datanode-4/data/containers] WARN  fs.CachingGetSpaceUsed (CachingGetSpaceUsed.java:run(183)) - Thread Interrupted waiting to refresh disk information: sleep interrupted
2019-08-21 06:00:41,298 [ForkJoinPool.commonPool-worker-1] INFO  utils.BackgroundService (BackgroundService.java:shutdown(148)) - Shutting down service BlockDeletingService
2019-08-21 06:00:41,302 [refreshUsed-/workdir/hadoop-ozone/integration-test/target/test-dir/MiniOzoneClusterImpl-6d1cdef1-941d-4f62-be26-b5ce02def95a/datanode-1/data/containers] WARN  fs.CachingGetSpaceUsed (CachingGetSpaceUsed.java:run(183)) - Thread Interrupted waiting to refresh disk information: sleep interrupted
2019-08-21 06:00:41,319 [main] INFO  statemachine.DatanodeStateMachine (DatanodeStateMachine.java:stopDaemon(395)) - Ozone container server stopped.
2019-08-21 06:00:41,320 [main] INFO  handler.ContextHandler (ContextHandler.java:doStop(910)) - Stopped o.e.j.w.WebAppContext@72e75786{/,null,UNAVAILABLE}{/hddsDatanode}
2019-08-21 06:00:41,321 [main] INFO  server.AbstractConnector (AbstractConnector.java:doStop(318)) - Stopped ServerConnector@2c0fefac{HTTP/1.1,[http/1.1]}{0.0.0.0:0}
2019-08-21 06:00:41,321 [main] INFO  handler.ContextHandler (ContextHandler.java:doStop(910)) - Stopped o.e.j.s.ServletContextHandler@5c60c08{/static,jar:file:/home/user/.m2/repository/org/apache/hadoop/hadoop-hdds-container-service/0.5.0-SNAPSHOT/hadoop-hdds-container-service-0.5.0-SNAPSHOT.jar!/webapps/static,UNAVAILABLE}
2019-08-21 06:00:41,322 [main] INFO  handler.ContextHandler (ContextHandler.java:doStop(910)) - Stopped o.e.j.s.ServletContextHandler@3f80d8c{/logs,file:///workdir/hadoop-ozone/integration-test/target/log,UNAVAILABLE}
2019-08-21 06:00:41,327 [ForkJoinPool.commonPool-worker-1] INFO  statemachine.DatanodeStateMachine (DatanodeStateMachine.java:stopDaemon(395)) - Ozone container server stopped.
2019-08-21 06:00:41,331 [main] INFO  datanode.ObjectStoreHandler (ObjectStoreHandler.java:close(155)) - Closing ObjectStoreHandler.
2019-08-21 06:00:41,333 [ForkJoinPool.commonPool-worker-1] INFO  handler.ContextHandler (ContextHandler.java:doStop(910)) - Stopped o.e.j.w.WebAppContext@5f7cd50e{/,null,UNAVAILABLE}{/hddsDatanode}
2019-08-21 06:00:41,333 [main] INFO  ozone.HddsDatanodeService (HddsDatanodeService.java:stop(451)) - Stopped plug-in org.apache.hadoop.ozone.web.OzoneHddsDatanodeService@664f49f
2019-08-21 06:00:41,334 [ForkJoinPool.commonPool-worker-1] INFO  server.AbstractConnector (AbstractConnector.java:doStop(318)) - Stopped ServerConnector@401ec794{HTTP/1.1,[http/1.1]}{0.0.0.0:0}
2019-08-21 06:00:41,335 [ForkJoinPool.commonPool-worker-1] INFO  handler.ContextHandler (ContextHandler.java:doStop(910)) - Stopped o.e.j.s.ServletContextHandler@6076c66{/static,jar:file:/home/user/.m2/repository/org/apache/hadoop/hadoop-hdds-container-service/0.5.0-SNAPSHOT/hadoop-hdds-container-service-0.5.0-SNAPSHOT.jar!/webapps/static,UNAVAILABLE}
2019-08-21 06:00:41,337 [ForkJoinPool.commonPool-worker-1] INFO  handler.ContextHandler (ContextHandler.java:doStop(910)) - Stopped o.e.j.s.ServletContextHandler@65d7eea4{/logs,file:///workdir/hadoop-ozone/integration-test/target/log,UNAVAILABLE}
2019-08-21 06:00:41,338 [ForkJoinPool.commonPool-worker-1] INFO  datanode.ObjectStoreHandler (ObjectStoreHandler.java:close(155)) - Closing ObjectStoreHandler.
2019-08-21 06:00:41,339 [ForkJoinPool.commonPool-worker-1] INFO  ozone.HddsDatanodeService (HddsDatanodeService.java:stop(451)) - Stopped plug-in org.apache.hadoop.ozone.web.OzoneHddsDatanodeService@1bc6c20d
2019-08-21 06:00:41,539 | INFO  | SCMAudit | user=jenkins1000 | ip=192.168.69.91 | op=SEND_HEARTBEAT {datanodeUUID=3fd580a5-fd1e-4f13-9f88-976f7db82376, command=[]} | ret=SUCCESS |  
2019-08-21 06:00:41,748 | INFO  | SCMAudit | user=jenkins1000 | ip=192.168.69.91 | op=SEND_HEARTBEAT {datanodeUUID=046a392e-7484-4dfc-820d-faa08503447d, command=[]} | ret=SUCCESS |  
2019-08-21 06:00:41,918 [Datanode State Machine Thread - 0] INFO  statemachine.DatanodeStateMachine (DatanodeStateMachine.java:lambda$startDaemon$0(350)) - Ozone container server started.
2019-08-21 06:00:42,290 [Datanode State Machine Thread - 0] INFO  statemachine.DatanodeStateMachine (DatanodeStateMachine.java:lambda$startDaemon$0(350)) - Ozone container server started.
2019-08-21 06:00:42,294 | INFO  | SCMAudit | user=jenkins1000 | ip=192.168.69.91 | op=SEND_HEARTBEAT {datanodeUUID=f101476e-c990-429e-921c-5f445731959e, command=[]} | ret=SUCCESS |  
2019-08-21 06:00:42,539 | INFO  | SCMAudit | user=jenkins1000 | ip=192.168.69.91 | op=SEND_HEARTBEAT {datanodeUUID=3fd580a5-fd1e-4f13-9f88-976f7db82376, command=[]} | ret=SUCCESS |  
2019-08-21 06:00:42,748 | INFO  | SCMAudit | user=jenkins1000 | ip=192.168.69.91 | op=SEND_HEARTBEAT {datanodeUUID=046a392e-7484-4dfc-820d-faa08503447d, command=[]} | ret=SUCCESS |  
2019-08-21 06:00:43,219 [grpc-default-executor-0] WARN  server.GrpcLogAppender (LogUtils.java:warn(134)) - 3fd580a5-fd1e-4f13-9f88-976f7db82376->49ab72ed-ff76-4952-870c-a3cea42cdb24: Failed appendEntries: org.apache.ratis.thirdparty.io.grpc.StatusRuntimeException: UNAVAILABLE: io exception
2019-08-21 06:00:43,223 [grpc-default-executor-0] INFO  impl.FollowerInfo (FollowerInfo.java:lambda$new$0(50)) - 3fd580a5-fd1e-4f13-9f88-976f7db82376->49ab72ed-ff76-4952-870c-a3cea42cdb24: nextIndex: updateUnconditionally 0 -> 0
2019-08-21 06:00:43,294 | INFO  | SCMAudit | user=jenkins1000 | ip=192.168.69.91 | op=SEND_HEARTBEAT {datanodeUUID=f101476e-c990-429e-921c-5f445731959e, command=[]} | ret=SUCCESS |  
2019-08-21 06:00:43,540 | INFO  | SCMAudit | user=jenkins1000 | ip=192.168.69.91 | op=SEND_HEARTBEAT {datanodeUUID=3fd580a5-fd1e-4f13-9f88-976f7db82376, command=[]} | ret=SUCCESS |  
2019-08-21 06:00:43,748 | INFO  | SCMAudit | user=jenkins1000 | ip=192.168.69.91 | op=SEND_HEARTBEAT {datanodeUUID=046a392e-7484-4dfc-820d-faa08503447d, command=[]} | ret=SUCCESS |  
2019-08-21 06:00:44,294 | INFO  | SCMAudit | user=jenkins1000 | ip=192.168.69.91 | op=SEND_HEARTBEAT {datanodeUUID=f101476e-c990-429e-921c-5f445731959e, command=[]} | ret=SUCCESS |  
2019-08-21 06:00:44,541 | INFO  | SCMAudit | user=jenkins1000 | ip=192.168.69.91 | op=SEND_HEARTBEAT {datanodeUUID=3fd580a5-fd1e-4f13-9f88-976f7db82376, command=[]} | ret=SUCCESS |  
2019-08-21 06:00:44,748 | INFO  | SCMAudit | user=jenkins1000 | ip=192.168.69.91 | op=SEND_HEARTBEAT {datanodeUUID=046a392e-7484-4dfc-820d-faa08503447d, command=[]} | ret=SUCCESS |  
2019-08-21 06:00:45,295 | INFO  | SCMAudit | user=jenkins1000 | ip=192.168.69.91 | op=SEND_HEARTBEAT {datanodeUUID=f101476e-c990-429e-921c-5f445731959e, command=[]} | ret=SUCCESS |  
2019-08-21 06:00:45,540 | INFO  | SCMAudit | user=jenkins1000 | ip=192.168.69.91 | op=SEND_HEARTBEAT {datanodeUUID=3fd580a5-fd1e-4f13-9f88-976f7db82376, command=[]} | ret=SUCCESS |  
2019-08-21 06:00:45,720 [grpc-default-executor-4] WARN  server.GrpcLogAppender (LogUtils.java:warn(134)) - 3fd580a5-fd1e-4f13-9f88-976f7db82376->49ab72ed-ff76-4952-870c-a3cea42cdb24: Failed appendEntries: org.apache.ratis.thirdparty.io.grpc.StatusRuntimeException: UNAVAILABLE: io exception
2019-08-21 06:00:45,724 [grpc-default-executor-4] INFO  impl.FollowerInfo (FollowerInfo.java:lambda$new$0(50)) - 3fd580a5-fd1e-4f13-9f88-976f7db82376->49ab72ed-ff76-4952-870c-a3cea42cdb24: nextIndex: updateUnconditionally 0 -> 0
2019-08-21 06:00:45,748 | INFO  | SCMAudit | user=jenkins1000 | ip=192.168.69.91 | op=SEND_HEARTBEAT {datanodeUUID=046a392e-7484-4dfc-820d-faa08503447d, command=[]} | ret=SUCCESS |  
2019-08-21 06:00:46,295 | INFO  | SCMAudit | user=jenkins1000 | ip=192.168.69.91 | op=SEND_HEARTBEAT {datanodeUUID=f101476e-c990-429e-921c-5f445731959e, command=[]} | ret=SUCCESS |  
2019-08-21 06:00:46,336 [main] INFO  ozoneimpl.OzoneContainer (OzoneContainer.java:stop(199)) - Attempting to stop container services.
2019-08-21 06:00:46,337 [main] INFO  impl.RaftServerProxy (RaftServerProxy.java:lambda$close$4(314)) - 4794a7d0-d8e2-4005-aaca-0a56e39fce16: close
2019-08-21 06:00:46,337 [main] INFO  impl.RaftServerImpl (RaftServerImpl.java:lambda$shutdown$3(245)) - 4794a7d0-d8e2-4005-aaca-0a56e39fce16: shutdown group-1A6A2CF9E3BC
2019-08-21 06:00:46,338 [main] INFO  util.JmxRegister (JmxRegister.java:unregister(73)) - Successfully un-registered JMX Bean with object name Ratis:service=RaftServer,group=group-1A6A2CF9E3BC,id=4794a7d0-d8e2-4005-aaca-0a56e39fce16
2019-08-21 06:00:46,338 [main] INFO  impl.RoleInfo (RoleInfo.java:shutdownFollowerState(121)) - 4794a7d0-d8e2-4005-aaca-0a56e39fce16: shutdown FollowerState
2019-08-21 06:00:46,338 [main] INFO  impl.StateMachineUpdater (StateMachineUpdater.java:stopAndJoin(115)) - StateMachineUpdater:4794a7d0-d8e2-4005-aaca-0a56e39fce16:group-1A6A2CF9E3BC: set stopIndex = 0
2019-08-21 06:00:46,339 [Thread-790] INFO  impl.FollowerState (FollowerState.java:run(114)) - 4794a7d0-d8e2-4005-aaca-0a56e39fce16: FollowerState was interrupted: java.lang.InterruptedException: sleep interrupted
2019-08-21 06:00:46,341 [main] INFO  impl.RaftServerImpl (ServerState.java:close(394)) - 4794a7d0-d8e2-4005-aaca-0a56e39fce16:group-1A6A2CF9E3BC closes. The last applied log index is 0
2019-08-21 06:00:46,343 [ForkJoinPool.commonPool-worker-1] INFO  ozoneimpl.OzoneContainer (OzoneContainer.java:stop(199)) - Attempting to stop container services.
2019-08-21 06:00:46,344 [4794a7d0-d8e2-4005-aaca-0a56e39fce16-SegmentedRaftLogWorker:Storage Directory /workdir/hadoop-ozone/integration-test/target/test-dir/MiniOzoneClusterImpl-6d1cdef1-941d-4f62-be26-b5ce02def95a/datanode-3/data/ratis/7b55242b-6236-4c3e-ba2d-1a6a2cf9e3bc] INFO  segmented.SegmentedRaftLogWorker (SegmentedRaftLogWorker.java:run(313)) - 4794a7d0-d8e2-4005-aaca-0a56e39fce16-SegmentedRaftLogWorker:Storage Directory /workdir/hadoop-ozone/integration-test/target/test-dir/MiniOzoneClusterImpl-6d1cdef1-941d-4f62-be26-b5ce02def95a/datanode-3/data/ratis/7b55242b-6236-4c3e-ba2d-1a6a2cf9e3bc was interrupted, exiting. There are 0 tasks remaining in the queue.
2019-08-21 06:00:46,344 [ForkJoinPool.commonPool-worker-1] INFO  impl.RaftServerProxy (RaftServerProxy.java:lambda$close$4(314)) - 625627db-20f6-4593-9222-21b617438b7f: close
2019-08-21 06:00:46,346 [main] INFO  segmented.SegmentedRaftLogWorker (SegmentedRaftLogWorker.java:close(228)) - 4794a7d0-d8e2-4005-aaca-0a56e39fce16-SegmentedRaftLogWorker:Storage Directory /workdir/hadoop-ozone/integration-test/target/test-dir/MiniOzoneClusterImpl-6d1cdef1-941d-4f62-be26-b5ce02def95a/datanode-3/data/ratis/7b55242b-6236-4c3e-ba2d-1a6a2cf9e3bc close()
2019-08-21 06:00:46,346 [ForkJoinPool.commonPool-worker-1] INFO  impl.RaftServerImpl (RaftServerImpl.java:lambda$shutdown$3(245)) - 625627db-20f6-4593-9222-21b617438b7f: shutdown group-D36F525B3ECD
2019-08-21 06:00:46,349 [main] INFO  impl.RaftServerImpl (RaftServerImpl.java:lambda$shutdown$3(245)) - 4794a7d0-d8e2-4005-aaca-0a56e39fce16: shutdown group-1225463DE1A9
2019-08-21 06:00:46,349 [ForkJoinPool.commonPool-worker-1] INFO  util.JmxRegister (JmxRegister.java:unregister(73)) - Successfully un-registered JMX Bean with object name Ratis:service=RaftServer,group=group-D36F525B3ECD,id=625627db-20f6-4593-9222-21b617438b7f
2019-08-21 06:00:46,349 [main] INFO  util.JmxRegister (JmxRegister.java:unregister(73)) - Successfully un-registered JMX Bean with object name Ratis:service=RaftServer,group=group-1225463DE1A9,id=4794a7d0-d8e2-4005-aaca-0a56e39fce16
2019-08-21 06:00:46,350 [ForkJoinPool.commonPool-worker-1] INFO  impl.RoleInfo (RoleInfo.java:shutdownLeaderState(104)) - 625627db-20f6-4593-9222-21b617438b7f: shutdown LeaderState
2019-08-21 06:00:46,350 [main] INFO  impl.RoleInfo (RoleInfo.java:shutdownLeaderState(104)) - 4794a7d0-d8e2-4005-aaca-0a56e39fce16: shutdown LeaderState
2019-08-21 06:00:46,350 [ForkJoinPool.commonPool-worker-1] INFO  impl.PendingRequests (PendingRequests.java:sendNotLeaderResponses(202)) - 625627db-20f6-4593-9222-21b617438b7f-PendingRequests: sendNotLeaderResponses
2019-08-21 06:00:46,351 [main] INFO  impl.PendingRequests (PendingRequests.java:sendNotLeaderResponses(202)) - 4794a7d0-d8e2-4005-aaca-0a56e39fce16-PendingRequests: sendNotLeaderResponses
2019-08-21 06:00:46,351 [ForkJoinPool.commonPool-worker-1] INFO  impl.StateMachineUpdater (StateMachineUpdater.java:stopAndJoin(115)) - StateMachineUpdater:625627db-20f6-4593-9222-21b617438b7f:group-D36F525B3ECD: set stopIndex = 0
2019-08-21 06:00:46,353 [main] INFO  impl.StateMachineUpdater (StateMachineUpdater.java:stopAndJoin(115)) - StateMachineUpdater:4794a7d0-d8e2-4005-aaca-0a56e39fce16:group-1225463DE1A9: set stopIndex = 0
2019-08-21 06:00:46,354 [ForkJoinPool.commonPool-worker-1] INFO  impl.RaftServerImpl (ServerState.java:close(394)) - 625627db-20f6-4593-9222-21b617438b7f:group-D36F525B3ECD closes. The last applied log index is 0
2019-08-21 06:00:46,356 [main] INFO  impl.RaftServerImpl (ServerState.java:close(394)) - 4794a7d0-d8e2-4005-aaca-0a56e39fce16:group-1225463DE1A9 closes. The last applied log index is 0
2019-08-21 06:00:46,357 [625627db-20f6-4593-9222-21b617438b7f-SegmentedRaftLogWorker:Storage Directory /workdir/hadoop-ozone/integration-test/target/test-dir/MiniOzoneClusterImpl-6d1cdef1-941d-4f62-be26-b5ce02def95a/datanode-2/data/ratis/3282522f-a56d-498c-8a1f-d36f525b3ecd] INFO  segmented.SegmentedRaftLogWorker (SegmentedRaftLogWorker.java:run(313)) - 625627db-20f6-4593-9222-21b617438b7f-SegmentedRaftLogWorker:Storage Directory /workdir/hadoop-ozone/integration-test/target/test-dir/MiniOzoneClusterImpl-6d1cdef1-941d-4f62-be26-b5ce02def95a/datanode-2/data/ratis/3282522f-a56d-498c-8a1f-d36f525b3ecd was interrupted, exiting. There are 0 tasks remaining in the queue.
2019-08-21 06:00:46,359 [4794a7d0-d8e2-4005-aaca-0a56e39fce16-SegmentedRaftLogWorker:Storage Directory /workdir/hadoop-ozone/integration-test/target/test-dir/MiniOzoneClusterImpl-6d1cdef1-941d-4f62-be26-b5ce02def95a/datanode-3/data/ratis/d3778e86-0363-48c1-8c59-1225463de1a9] INFO  segmented.SegmentedRaftLogWorker (SegmentedRaftLogWorker.java:run(313)) - 4794a7d0-d8e2-4005-aaca-0a56e39fce16-SegmentedRaftLogWorker:Storage Directory /workdir/hadoop-ozone/integration-test/target/test-dir/MiniOzoneClusterImpl-6d1cdef1-941d-4f62-be26-b5ce02def95a/datanode-3/data/ratis/d3778e86-0363-48c1-8c59-1225463de1a9 was interrupted, exiting. There are 0 tasks remaining in the queue.
2019-08-21 06:00:46,359 [ForkJoinPool.commonPool-worker-1] INFO  segmented.SegmentedRaftLogWorker (SegmentedRaftLogWorker.java:close(228)) - 625627db-20f6-4593-9222-21b617438b7f-SegmentedRaftLogWorker:Storage Directory /workdir/hadoop-ozone/integration-test/target/test-dir/MiniOzoneClusterImpl-6d1cdef1-941d-4f62-be26-b5ce02def95a/datanode-2/data/ratis/3282522f-a56d-498c-8a1f-d36f525b3ecd close()
2019-08-21 06:00:46,362 [main] INFO  segmented.SegmentedRaftLogWorker (SegmentedRaftLogWorker.java:close(228)) - 4794a7d0-d8e2-4005-aaca-0a56e39fce16-SegmentedRaftLogWorker:Storage Directory /workdir/hadoop-ozone/integration-test/target/test-dir/MiniOzoneClusterImpl-6d1cdef1-941d-4f62-be26-b5ce02def95a/datanode-3/data/ratis/d3778e86-0363-48c1-8c59-1225463de1a9 close()
2019-08-21 06:00:46,364 [ForkJoinPool.commonPool-worker-1] INFO  impl.RaftServerImpl (RaftServerImpl.java:lambda$shutdown$3(245)) - 625627db-20f6-4593-9222-21b617438b7f: shutdown group-ED3E36EC8233
2019-08-21 06:00:46,366 [main] INFO  server.GrpcService (GrpcService.java:closeImpl(155)) - 4794a7d0-d8e2-4005-aaca-0a56e39fce16: shutdown server with port 33170 now
2019-08-21 06:00:46,366 [ForkJoinPool.commonPool-worker-1] INFO  util.JmxRegister (JmxRegister.java:unregister(73)) - Successfully un-registered JMX Bean with object name Ratis:service=RaftServer,group=group-ED3E36EC8233,id=625627db-20f6-4593-9222-21b617438b7f
2019-08-21 06:00:46,367 [ForkJoinPool.commonPool-worker-1] INFO  impl.RoleInfo (RoleInfo.java:shutdownFollowerState(121)) - 625627db-20f6-4593-9222-21b617438b7f: shutdown FollowerState
2019-08-21 06:00:46,367 [ForkJoinPool.commonPool-worker-1] INFO  impl.StateMachineUpdater (StateMachineUpdater.java:stopAndJoin(115)) - StateMachineUpdater:625627db-20f6-4593-9222-21b617438b7f:group-ED3E36EC8233: set stopIndex = 8
2019-08-21 06:00:46,367 [main] INFO  server.GrpcService (GrpcService.java:closeImpl(163)) - 4794a7d0-d8e2-4005-aaca-0a56e39fce16: shutdown server with port 33170 successfully
2019-08-21 06:00:46,367 [StateMachineUpdater:625627db-20f6-4593-9222-21b617438b7f:group-ED3E36EC8233] INFO  ratis.ContainerStateMachine (ContainerStateMachine.java:takeSnapshot(283)) - group-ED3E36EC8233: Taking a snapshot at:(t:1, i:6) file /workdir/hadoop-ozone/integration-test/target/test-dir/MiniOzoneClusterImpl-6d1cdef1-941d-4f62-be26-b5ce02def95a/datanode-2/data/ratis/c87dbf4e-80e4-421e-a785-ed3e36ec8233/sm/snapshot.1_6
2019-08-21 06:00:46,367 [Thread-772] INFO  impl.FollowerState (FollowerState.java:run(114)) - 625627db-20f6-4593-9222-21b617438b7f: FollowerState was interrupted: java.lang.InterruptedException: sleep interrupted
2019-08-21 06:00:46,367 [grpc-default-executor-0] WARN  server.GrpcServerProtocolService (LogUtils.java:warn(134)) - 4794a7d0-d8e2-4005-aaca-0a56e39fce16: appendEntries onError: org.apache.ratis.thirdparty.io.grpc.StatusRuntimeException: CANCELLED: cancelled before receiving half close
2019-08-21 06:00:46,369 [grpc-default-executor-5] WARN  server.GrpcLogAppender (LogUtils.java:warn(134)) - 3fd580a5-fd1e-4f13-9f88-976f7db82376->4794a7d0-d8e2-4005-aaca-0a56e39fce16: Failed appendEntries: org.apache.ratis.thirdparty.io.grpc.StatusRuntimeException: CANCELLED: HTTP/2 error code: CANCEL
Received Rst Stream
2019-08-21 06:00:46,375 [grpc-default-executor-5] INFO  impl.FollowerInfo (FollowerInfo.java:lambda$new$0(50)) - 3fd580a5-fd1e-4f13-9f88-976f7db82376->4794a7d0-d8e2-4005-aaca-0a56e39fce16: nextIndex: updateUnconditionally 1 -> 0
2019-08-21 06:00:46,375 [main] INFO  utils.BackgroundService (BackgroundService.java:shutdown(148)) - Shutting down service BlockDeletingService
2019-08-21 06:00:46,382 [refreshUsed-/workdir/hadoop-ozone/integration-test/target/test-dir/MiniOzoneClusterImpl-6d1cdef1-941d-4f62-be26-b5ce02def95a/datanode-3/data/containers] WARN  fs.CachingGetSpaceUsed (CachingGetSpaceUsed.java:run(183)) - Thread Interrupted waiting to refresh disk information: sleep interrupted
2019-08-21 06:00:46,382 [StateMachineUpdater:625627db-20f6-4593-9222-21b617438b7f:group-ED3E36EC8233] INFO  ratis.ContainerStateMachine (ContainerStateMachine.java:takeSnapshot(294)) - group-ED3E36EC8233: Finished taking a snapshot at:(t:1, i:6) file:/workdir/hadoop-ozone/integration-test/target/test-dir/MiniOzoneClusterImpl-6d1cdef1-941d-4f62-be26-b5ce02def95a/datanode-2/data/ratis/c87dbf4e-80e4-421e-a785-ed3e36ec8233/sm/snapshot.1_6 time:15
2019-08-21 06:00:46,382 [StateMachineUpdater:625627db-20f6-4593-9222-21b617438b7f:group-ED3E36EC8233] INFO  impl.StateMachineUpdater (StateMachineUpdater.java:takeSnapshot(242)) - StateMachineUpdater:625627db-20f6-4593-9222-21b617438b7f:group-ED3E36EC8233: Took a snapshot at index 6
2019-08-21 06:00:46,382 [StateMachineUpdater:625627db-20f6-4593-9222-21b617438b7f:group-ED3E36EC8233] INFO  impl.StateMachineUpdater (StateMachineUpdater.java:lambda$new$0(80)) - StateMachineUpdater:625627db-20f6-4593-9222-21b617438b7f:group-ED3E36EC8233: snapshotIndex: updateIncreasingly -1 -> 6
2019-08-21 06:00:46,383 [ForkJoinPool.commonPool-worker-1] INFO  impl.RaftServerImpl (ServerState.java:close(394)) - 625627db-20f6-4593-9222-21b617438b7f:group-ED3E36EC8233 closes. The last applied log index is 8
2019-08-21 06:00:46,384 [625627db-20f6-4593-9222-21b617438b7f-SegmentedRaftLogWorker:Storage Directory /workdir/hadoop-ozone/integration-test/target/test-dir/MiniOzoneClusterImpl-6d1cdef1-941d-4f62-be26-b5ce02def95a/datanode-2/data/ratis/c87dbf4e-80e4-421e-a785-ed3e36ec8233] INFO  segmented.SegmentedRaftLogWorker (SegmentedRaftLogWorker.java:run(313)) - 625627db-20f6-4593-9222-21b617438b7f-SegmentedRaftLogWorker:Storage Directory /workdir/hadoop-ozone/integration-test/target/test-dir/MiniOzoneClusterImpl-6d1cdef1-941d-4f62-be26-b5ce02def95a/datanode-2/data/ratis/c87dbf4e-80e4-421e-a785-ed3e36ec8233 was interrupted, exiting. There are 0 tasks remaining in the queue.
2019-08-21 06:00:46,386 [ForkJoinPool.commonPool-worker-1] INFO  segmented.SegmentedRaftLogWorker (SegmentedRaftLogWorker.java:close(228)) - 625627db-20f6-4593-9222-21b617438b7f-SegmentedRaftLogWorker:Storage Directory /workdir/hadoop-ozone/integration-test/target/test-dir/MiniOzoneClusterImpl-6d1cdef1-941d-4f62-be26-b5ce02def95a/datanode-2/data/ratis/c87dbf4e-80e4-421e-a785-ed3e36ec8233 close()
2019-08-21 06:00:46,387 [ForkJoinPool.commonPool-worker-1] INFO  server.GrpcService (GrpcService.java:closeImpl(155)) - 625627db-20f6-4593-9222-21b617438b7f: shutdown server with port 38430 now
2019-08-21 06:00:46,388 [ForkJoinPool.commonPool-worker-1] INFO  server.GrpcService (GrpcService.java:closeImpl(163)) - 625627db-20f6-4593-9222-21b617438b7f: shutdown server with port 38430 successfully
2019-08-21 06:00:46,389 [grpc-default-executor-0] WARN  client.GrpcClientProtocolService (LogUtils.java:warn(134)) - 32-OrderedRequestStreamObserver32: onError: org.apache.ratis.thirdparty.io.grpc.StatusRuntimeException: CANCELLED: cancelled before receiving half close
2019-08-21 06:00:46,390 [ForkJoinPool.commonPool-worker-1] INFO  utils.BackgroundService (BackgroundService.java:shutdown(148)) - Shutting down service BlockDeletingService
2019-08-21 06:00:46,393 [refreshUsed-/workdir/hadoop-ozone/integration-test/target/test-dir/MiniOzoneClusterImpl-6d1cdef1-941d-4f62-be26-b5ce02def95a/datanode-2/data/containers] WARN  fs.CachingGetSpaceUsed (CachingGetSpaceUsed.java:run(183)) - Thread Interrupted waiting to refresh disk information: sleep interrupted
2019-08-21 06:00:46,406 [main] INFO  statemachine.DatanodeStateMachine (DatanodeStateMachine.java:stopDaemon(395)) - Ozone container server stopped.
2019-08-21 06:00:46,408 [main] INFO  handler.ContextHandler (ContextHandler.java:doStop(910)) - Stopped o.e.j.w.WebAppContext@772f3a3f{/,null,UNAVAILABLE}{/hddsDatanode}
2019-08-21 06:00:46,408 [main] INFO  server.AbstractConnector (AbstractConnector.java:doStop(318)) - Stopped ServerConnector@3caa4d85{HTTP/1.1,[http/1.1]}{0.0.0.0:0}
2019-08-21 06:00:46,409 [main] INFO  handler.ContextHandler (ContextHandler.java:doStop(910)) - Stopped o.e.j.s.ServletContextHandler@6bfdaa7a{/static,jar:file:/home/user/.m2/repository/org/apache/hadoop/hadoop-hdds-container-service/0.5.0-SNAPSHOT/hadoop-hdds-container-service-0.5.0-SNAPSHOT.jar!/webapps/static,UNAVAILABLE}
2019-08-21 06:00:46,409 [main] INFO  handler.ContextHandler (ContextHandler.java:doStop(910)) - Stopped o.e.j.s.ServletContextHandler@73dbe25{/logs,file:///workdir/hadoop-ozone/integration-test/target/log,UNAVAILABLE}
2019-08-21 06:00:46,410 [main] INFO  datanode.ObjectStoreHandler (ObjectStoreHandler.java:close(155)) - Closing ObjectStoreHandler.
2019-08-21 06:00:46,411 [main] INFO  ozone.HddsDatanodeService (HddsDatanodeService.java:stop(451)) - Stopped plug-in org.apache.hadoop.ozone.web.OzoneHddsDatanodeService@1feb76b9
2019-08-21 06:00:46,417 [ForkJoinPool.commonPool-worker-1] INFO  statemachine.DatanodeStateMachine (DatanodeStateMachine.java:stopDaemon(395)) - Ozone container server stopped.
2019-08-21 06:00:46,423 [ForkJoinPool.commonPool-worker-1] INFO  handler.ContextHandler (ContextHandler.java:doStop(910)) - Stopped o.e.j.w.WebAppContext@25d9291a{/,null,UNAVAILABLE}{/hddsDatanode}
2019-08-21 06:00:46,423 [ForkJoinPool.commonPool-worker-1] INFO  server.AbstractConnector (AbstractConnector.java:doStop(318)) - Stopped ServerConnector@445058e8{HTTP/1.1,[http/1.1]}{0.0.0.0:0}
2019-08-21 06:00:46,425 [ForkJoinPool.commonPool-worker-1] INFO  handler.ContextHandler (ContextHandler.java:doStop(910)) - Stopped o.e.j.s.ServletContextHandler@27dfd12b{/static,jar:file:/home/user/.m2/repository/org/apache/hadoop/hadoop-hdds-container-service/0.5.0-SNAPSHOT/hadoop-hdds-container-service-0.5.0-SNAPSHOT.jar!/webapps/static,UNAVAILABLE}
2019-08-21 06:00:46,427 [ForkJoinPool.commonPool-worker-1] INFO  handler.ContextHandler (ContextHandler.java:doStop(910)) - Stopped o.e.j.s.ServletContextHandler@1029cf9{/logs,file:///workdir/hadoop-ozone/integration-test/target/log,UNAVAILABLE}
2019-08-21 06:00:46,428 [ForkJoinPool.commonPool-worker-1] INFO  datanode.ObjectStoreHandler (ObjectStoreHandler.java:close(155)) - Closing ObjectStoreHandler.
2019-08-21 06:00:46,428 [ForkJoinPool.commonPool-worker-1] INFO  ozone.HddsDatanodeService (HddsDatanodeService.java:stop(451)) - Stopped plug-in org.apache.hadoop.ozone.web.OzoneHddsDatanodeService@9e50283
2019-08-21 06:00:46,540 | INFO  | SCMAudit | user=jenkins1000 | ip=192.168.69.91 | op=SEND_HEARTBEAT {datanodeUUID=3fd580a5-fd1e-4f13-9f88-976f7db82376, command=[]} | ret=SUCCESS |  
2019-08-21 06:00:46,748 [Datanode State Machine Thread - 0] INFO  statemachine.DatanodeStateMachine (DatanodeStateMachine.java:lambda$startDaemon$0(350)) - Ozone container server started.
2019-08-21 06:00:47,295 [Datanode State Machine Thread - 0] INFO  statemachine.DatanodeStateMachine (DatanodeStateMachine.java:lambda$startDaemon$0(350)) - Ozone container server started.
2019-08-21 06:00:47,541 | INFO  | SCMAudit | user=jenkins1000 | ip=192.168.69.91 | op=SEND_HEARTBEAT {datanodeUUID=3fd580a5-fd1e-4f13-9f88-976f7db82376, command=[]} | ret=SUCCESS |  
2019-08-21 06:00:47,945 [Thread-771] INFO  impl.FollowerState (FollowerState.java:run(106)) - f101476e-c990-429e-921c-5f445731959e:group-ED3E36EC8233 changes to CANDIDATE, lastRpcTime:6832, electionTimeout:5053ms
2019-08-21 06:00:47,946 [Thread-771] INFO  impl.RoleInfo (RoleInfo.java:shutdownFollowerState(121)) - f101476e-c990-429e-921c-5f445731959e: shutdown FollowerState
2019-08-21 06:00:47,946 [Thread-771] INFO  impl.RaftServerImpl (RaftServerImpl.java:setRole(171)) - f101476e-c990-429e-921c-5f445731959e:group-ED3E36EC8233 changes role from FOLLOWER to CANDIDATE at term 1 for changeToCandidate
2019-08-21 06:00:47,946 [Thread-771] INFO  impl.RoleInfo (RoleInfo.java:updateAndGet(143)) - f101476e-c990-429e-921c-5f445731959e: start LeaderElection
2019-08-21 06:00:47,949 [f101476e-c990-429e-921c-5f445731959e:group-ED3E36EC8233:LeaderElection24] INFO  impl.RaftServerImpl (ServerState.java:setLeader(263)) - f101476e-c990-429e-921c-5f445731959e:group-ED3E36EC8233 change Leader from 3c17af02-f769-4730-87e1-6a78a05442cb to null at term 1 for initElection
2019-08-21 06:00:47,964 [f101476e-c990-429e-921c-5f445731959e:group-ED3E36EC8233:LeaderElection24] INFO  impl.LeaderElection (LeaderElection.java:askForVotes(181)) - f101476e-c990-429e-921c-5f445731959e:group-ED3E36EC8233:LeaderElection24: begin an election at term 2 for 0: [f101476e-c990-429e-921c-5f445731959e:192.168.69.91:45055, 3c17af02-f769-4730-87e1-6a78a05442cb:192.168.69.91:45466, 625627db-20f6-4593-9222-21b617438b7f:192.168.69.91:38430], old=null
2019-08-21 06:00:47,968 [f101476e-c990-429e-921c-5f445731959e:group-ED3E36EC8233:LeaderElection24] INFO  impl.LeaderElection (LogUtils.java:infoOrTrace(149)) - f101476e-c990-429e-921c-5f445731959e:group-ED3E36EC8233:LeaderElection24 got exception when requesting votes: {}
java.util.concurrent.ExecutionException: org.apache.ratis.thirdparty.io.grpc.StatusRuntimeException: UNAVAILABLE: io exception
	at java.util.concurrent.FutureTask.report(FutureTask.java:122)
	at java.util.concurrent.FutureTask.get(FutureTask.java:192)
	at org.apache.ratis.server.impl.LeaderElection.waitForResults(LeaderElection.java:262)
	at org.apache.ratis.server.impl.LeaderElection.askForVotes(LeaderElection.java:200)
	at org.apache.ratis.server.impl.LeaderElection.run(LeaderElection.java:130)
	at java.lang.Thread.run(Thread.java:748)
Caused by: org.apache.ratis.thirdparty.io.grpc.StatusRuntimeException: UNAVAILABLE: io exception
	at org.apache.ratis.thirdparty.io.grpc.stub.ClientCalls.toStatusRuntimeException(ClientCalls.java:233)
	at org.apache.ratis.thirdparty.io.grpc.stub.ClientCalls.getUnchecked(ClientCalls.java:214)
	at org.apache.ratis.thirdparty.io.grpc.stub.ClientCalls.blockingUnaryCall(ClientCalls.java:139)
	at org.apache.ratis.proto.grpc.RaftServerProtocolServiceGrpc$RaftServerProtocolServiceBlockingStub.requestVote(RaftServerProtocolServiceGrpc.java:265)
	at org.apache.ratis.grpc.server.GrpcServerProtocolClient.requestVote(GrpcServerProtocolClient.java:83)
	at org.apache.ratis.grpc.server.GrpcService.requestVote(GrpcService.java:195)
	at org.apache.ratis.server.impl.LeaderElection.lambda$submitRequests$1(LeaderElection.java:237)
	at java.util.concurrent.FutureTask.run(FutureTask.java:266)
	at java.util.concurrent.Executors$RunnableAdapter.call(Executors.java:511)
	at java.util.concurrent.FutureTask.run(FutureTask.java:266)
	at java.util.concurrent.ThreadPoolExecutor.runWorker(ThreadPoolExecutor.java:1149)
	at java.util.concurrent.ThreadPoolExecutor$Worker.run(ThreadPoolExecutor.java:624)
	... 1 more
Caused by: org.apache.ratis.thirdparty.io.netty.channel.AbstractChannel$AnnotatedConnectException: Connection refused: /192.168.69.91:45466
	at sun.nio.ch.SocketChannelImpl.checkConnect(Native Method)
	at sun.nio.ch.SocketChannelImpl.finishConnect(SocketChannelImpl.java:717)
	at org.apache.ratis.thirdparty.io.netty.channel.socket.nio.NioSocketChannel.doFinishConnect(NioSocketChannel.java:327)
	at org.apache.ratis.thirdparty.io.netty.channel.nio.AbstractNioChannel$AbstractNioUnsafe.finishConnect(AbstractNioChannel.java:340)
	at org.apache.ratis.thirdparty.io.netty.channel.nio.NioEventLoop.processSelectedKey(NioEventLoop.java:632)
	at org.apache.ratis.thirdparty.io.netty.channel.nio.NioEventLoop.processSelectedKeysOptimized(NioEventLoop.java:579)
	at org.apache.ratis.thirdparty.io.netty.channel.nio.NioEventLoop.processSelectedKeys(NioEventLoop.java:496)
	at org.apache.ratis.thirdparty.io.netty.channel.nio.NioEventLoop.run(NioEventLoop.java:458)
	at org.apache.ratis.thirdparty.io.netty.util.concurrent.SingleThreadEventExecutor$5.run(SingleThreadEventExecutor.java:897)
	at org.apache.ratis.thirdparty.io.netty.util.concurrent.FastThreadLocalRunnable.run(FastThreadLocalRunnable.java:30)
	... 1 more
Caused by: java.net.ConnectException: Connection refused
	... 11 more
2019-08-21 06:00:47,970 [f101476e-c990-429e-921c-5f445731959e:group-ED3E36EC8233:LeaderElection24] INFO  impl.LeaderElection (LogUtils.java:infoOrTrace(149)) - f101476e-c990-429e-921c-5f445731959e:group-ED3E36EC8233:LeaderElection24 got exception when requesting votes: {}
java.util.concurrent.ExecutionException: org.apache.ratis.thirdparty.io.grpc.StatusRuntimeException: UNAVAILABLE: io exception
	at java.util.concurrent.FutureTask.report(FutureTask.java:122)
	at java.util.concurrent.FutureTask.get(FutureTask.java:192)
	at org.apache.ratis.server.impl.LeaderElection.waitForResults(LeaderElection.java:262)
	at org.apache.ratis.server.impl.LeaderElection.askForVotes(LeaderElection.java:200)
	at org.apache.ratis.server.impl.LeaderElection.run(LeaderElection.java:130)
	at java.lang.Thread.run(Thread.java:748)
Caused by: org.apache.ratis.thirdparty.io.grpc.StatusRuntimeException: UNAVAILABLE: io exception
	at org.apache.ratis.thirdparty.io.grpc.stub.ClientCalls.toStatusRuntimeException(ClientCalls.java:233)
	at org.apache.ratis.thirdparty.io.grpc.stub.ClientCalls.getUnchecked(ClientCalls.java:214)
	at org.apache.ratis.thirdparty.io.grpc.stub.ClientCalls.blockingUnaryCall(ClientCalls.java:139)
	at org.apache.ratis.proto.grpc.RaftServerProtocolServiceGrpc$RaftServerProtocolServiceBlockingStub.requestVote(RaftServerProtocolServiceGrpc.java:265)
	at org.apache.ratis.grpc.server.GrpcServerProtocolClient.requestVote(GrpcServerProtocolClient.java:83)
	at org.apache.ratis.grpc.server.GrpcService.requestVote(GrpcService.java:195)
	at org.apache.ratis.server.impl.LeaderElection.lambda$submitRequests$1(LeaderElection.java:237)
	at java.util.concurrent.FutureTask.run(FutureTask.java:266)
	at java.util.concurrent.Executors$RunnableAdapter.call(Executors.java:511)
	at java.util.concurrent.FutureTask.run(FutureTask.java:266)
	at java.util.concurrent.ThreadPoolExecutor.runWorker(ThreadPoolExecutor.java:1149)
	at java.util.concurrent.ThreadPoolExecutor$Worker.run(ThreadPoolExecutor.java:624)
	... 1 more
Caused by: org.apache.ratis.thirdparty.io.netty.channel.AbstractChannel$AnnotatedConnectException: Connection refused: /192.168.69.91:38430
	at sun.nio.ch.SocketChannelImpl.checkConnect(Native Method)
	at sun.nio.ch.SocketChannelImpl.finishConnect(SocketChannelImpl.java:717)
	at org.apache.ratis.thirdparty.io.netty.channel.socket.nio.NioSocketChannel.doFinishConnect(NioSocketChannel.java:327)
	at org.apache.ratis.thirdparty.io.netty.channel.nio.AbstractNioChannel$AbstractNioUnsafe.finishConnect(AbstractNioChannel.java:340)
	at org.apache.ratis.thirdparty.io.netty.channel.nio.NioEventLoop.processSelectedKey(NioEventLoop.java:632)
	at org.apache.ratis.thirdparty.io.netty.channel.nio.NioEventLoop.processSelectedKeysOptimized(NioEventLoop.java:579)
	at org.apache.ratis.thirdparty.io.netty.channel.nio.NioEventLoop.processSelectedKeys(NioEventLoop.java:496)
	at org.apache.ratis.thirdparty.io.netty.channel.nio.NioEventLoop.run(NioEventLoop.java:458)
	at org.apache.ratis.thirdparty.io.netty.util.concurrent.SingleThreadEventExecutor$5.run(SingleThreadEventExecutor.java:897)
	at org.apache.ratis.thirdparty.io.netty.util.concurrent.FastThreadLocalRunnable.run(FastThreadLocalRunnable.java:30)
	... 1 more
Caused by: java.net.ConnectException: Connection refused
	... 11 more
2019-08-21 06:00:47,972 [f101476e-c990-429e-921c-5f445731959e:group-ED3E36EC8233:LeaderElection24] INFO  impl.LeaderElection (LeaderElection.java:logAndReturn(56)) - f101476e-c990-429e-921c-5f445731959e:group-ED3E36EC8233:LeaderElection24: Election REJECTED; received 0 response(s) [] and 2 exception(s); f101476e-c990-429e-921c-5f445731959e:t2, leader=null, voted=f101476e-c990-429e-921c-5f445731959e, raftlog=f101476e-c990-429e-921c-5f445731959e-SegmentedRaftLog:OPENED:c8,f8,i8, conf=0: [f101476e-c990-429e-921c-5f445731959e:192.168.69.91:45055, 3c17af02-f769-4730-87e1-6a78a05442cb:192.168.69.91:45466, 625627db-20f6-4593-9222-21b617438b7f:192.168.69.91:38430], old=null
2019-08-21 06:00:47,972 [f101476e-c990-429e-921c-5f445731959e:group-ED3E36EC8233:LeaderElection24] INFO  impl.LeaderElection (LogUtils.java:infoOrTrace(149)) -   Exception 0: {}
java.util.concurrent.ExecutionException: org.apache.ratis.thirdparty.io.grpc.StatusRuntimeException: UNAVAILABLE: io exception
	at java.util.concurrent.FutureTask.report(FutureTask.java:122)
	at java.util.concurrent.FutureTask.get(FutureTask.java:192)
	at org.apache.ratis.server.impl.LeaderElection.waitForResults(LeaderElection.java:262)
	at org.apache.ratis.server.impl.LeaderElection.askForVotes(LeaderElection.java:200)
	at org.apache.ratis.server.impl.LeaderElection.run(LeaderElection.java:130)
	at java.lang.Thread.run(Thread.java:748)
Caused by: org.apache.ratis.thirdparty.io.grpc.StatusRuntimeException: UNAVAILABLE: io exception
	at org.apache.ratis.thirdparty.io.grpc.stub.ClientCalls.toStatusRuntimeException(ClientCalls.java:233)
	at org.apache.ratis.thirdparty.io.grpc.stub.ClientCalls.getUnchecked(ClientCalls.java:214)
	at org.apache.ratis.thirdparty.io.grpc.stub.ClientCalls.blockingUnaryCall(ClientCalls.java:139)
	at org.apache.ratis.proto.grpc.RaftServerProtocolServiceGrpc$RaftServerProtocolServiceBlockingStub.requestVote(RaftServerProtocolServiceGrpc.java:265)
	at org.apache.ratis.grpc.server.GrpcServerProtocolClient.requestVote(GrpcServerProtocolClient.java:83)
	at org.apache.ratis.grpc.server.GrpcService.requestVote(GrpcService.java:195)
	at org.apache.ratis.server.impl.LeaderElection.lambda$submitRequests$1(LeaderElection.java:237)
	at java.util.concurrent.FutureTask.run(FutureTask.java:266)
	at java.util.concurrent.Executors$RunnableAdapter.call(Executors.java:511)
	at java.util.concurrent.FutureTask.run(FutureTask.java:266)
	at java.util.concurrent.ThreadPoolExecutor.runWorker(ThreadPoolExecutor.java:1149)
	at java.util.concurrent.ThreadPoolExecutor$Worker.run(ThreadPoolExecutor.java:624)
	... 1 more
Caused by: org.apache.ratis.thirdparty.io.netty.channel.AbstractChannel$AnnotatedConnectException: Connection refused: /192.168.69.91:45466
	at sun.nio.ch.SocketChannelImpl.checkConnect(Native Method)
	at sun.nio.ch.SocketChannelImpl.finishConnect(SocketChannelImpl.java:717)
	at org.apache.ratis.thirdparty.io.netty.channel.socket.nio.NioSocketChannel.doFinishConnect(NioSocketChannel.java:327)
	at org.apache.ratis.thirdparty.io.netty.channel.nio.AbstractNioChannel$AbstractNioUnsafe.finishConnect(AbstractNioChannel.java:340)
	at org.apache.ratis.thirdparty.io.netty.channel.nio.NioEventLoop.processSelectedKey(NioEventLoop.java:632)
	at org.apache.ratis.thirdparty.io.netty.channel.nio.NioEventLoop.processSelectedKeysOptimized(NioEventLoop.java:579)
	at org.apache.ratis.thirdparty.io.netty.channel.nio.NioEventLoop.processSelectedKeys(NioEventLoop.java:496)
	at org.apache.ratis.thirdparty.io.netty.channel.nio.NioEventLoop.run(NioEventLoop.java:458)
	at org.apache.ratis.thirdparty.io.netty.util.concurrent.SingleThreadEventExecutor$5.run(SingleThreadEventExecutor.java:897)
	at org.apache.ratis.thirdparty.io.netty.util.concurrent.FastThreadLocalRunnable.run(FastThreadLocalRunnable.java:30)
	... 1 more
Caused by: java.net.ConnectException: Connection refused
	... 11 more
2019-08-21 06:00:47,973 [f101476e-c990-429e-921c-5f445731959e:group-ED3E36EC8233:LeaderElection24] INFO  impl.LeaderElection (LogUtils.java:infoOrTrace(149)) -   Exception 1: {}
java.util.concurrent.ExecutionException: org.apache.ratis.thirdparty.io.grpc.StatusRuntimeException: UNAVAILABLE: io exception
	at java.util.concurrent.FutureTask.report(FutureTask.java:122)
	at java.util.concurrent.FutureTask.get(FutureTask.java:192)
	at org.apache.ratis.server.impl.LeaderElection.waitForResults(LeaderElection.java:262)
	at org.apache.ratis.server.impl.LeaderElection.askForVotes(LeaderElection.java:200)
	at org.apache.ratis.server.impl.LeaderElection.run(LeaderElection.java:130)
	at java.lang.Thread.run(Thread.java:748)
Caused by: org.apache.ratis.thirdparty.io.grpc.StatusRuntimeException: UNAVAILABLE: io exception
	at org.apache.ratis.thirdparty.io.grpc.stub.ClientCalls.toStatusRuntimeException(ClientCalls.java:233)
	at org.apache.ratis.thirdparty.io.grpc.stub.ClientCalls.getUnchecked(ClientCalls.java:214)
	at org.apache.ratis.thirdparty.io.grpc.stub.ClientCalls.blockingUnaryCall(ClientCalls.java:139)
	at org.apache.ratis.proto.grpc.RaftServerProtocolServiceGrpc$RaftServerProtocolServiceBlockingStub.requestVote(RaftServerProtocolServiceGrpc.java:265)
	at org.apache.ratis.grpc.server.GrpcServerProtocolClient.requestVote(GrpcServerProtocolClient.java:83)
	at org.apache.ratis.grpc.server.GrpcService.requestVote(GrpcService.java:195)
	at org.apache.ratis.server.impl.LeaderElection.lambda$submitRequests$1(LeaderElection.java:237)
	at java.util.concurrent.FutureTask.run(FutureTask.java:266)
	at java.util.concurrent.Executors$RunnableAdapter.call(Executors.java:511)
	at java.util.concurrent.FutureTask.run(FutureTask.java:266)
	at java.util.concurrent.ThreadPoolExecutor.runWorker(ThreadPoolExecutor.java:1149)
	at java.util.concurrent.ThreadPoolExecutor$Worker.run(ThreadPoolExecutor.java:624)
	... 1 more
Caused by: org.apache.ratis.thirdparty.io.netty.channel.AbstractChannel$AnnotatedConnectException: Connection refused: /192.168.69.91:38430
	at sun.nio.ch.SocketChannelImpl.checkConnect(Native Method)
	at sun.nio.ch.SocketChannelImpl.finishConnect(SocketChannelImpl.java:717)
	at org.apache.ratis.thirdparty.io.netty.channel.socket.nio.NioSocketChannel.doFinishConnect(NioSocketChannel.java:327)
	at org.apache.ratis.thirdparty.io.netty.channel.nio.AbstractNioChannel$AbstractNioUnsafe.finishConnect(AbstractNioChannel.java:340)
	at org.apache.ratis.thirdparty.io.netty.channel.nio.NioEventLoop.processSelectedKey(NioEventLoop.java:632)
	at org.apache.ratis.thirdparty.io.netty.channel.nio.NioEventLoop.processSelectedKeysOptimized(NioEventLoop.java:579)
	at org.apache.ratis.thirdparty.io.netty.channel.nio.NioEventLoop.processSelectedKeys(NioEventLoop.java:496)
	at org.apache.ratis.thirdparty.io.netty.channel.nio.NioEventLoop.run(NioEventLoop.java:458)
	at org.apache.ratis.thirdparty.io.netty.util.concurrent.SingleThreadEventExecutor$5.run(SingleThreadEventExecutor.java:897)
	at org.apache.ratis.thirdparty.io.netty.util.concurrent.FastThreadLocalRunnable.run(FastThreadLocalRunnable.java:30)
	... 1 more
Caused by: java.net.ConnectException: Connection refused
	... 11 more
2019-08-21 06:00:47,974 [f101476e-c990-429e-921c-5f445731959e:group-ED3E36EC8233:LeaderElection24] INFO  impl.RaftServerImpl (RaftServerImpl.java:setRole(171)) - f101476e-c990-429e-921c-5f445731959e:group-ED3E36EC8233 changes role from CANDIDATE to FOLLOWER at term 2 for DISCOVERED_A_NEW_TERM
2019-08-21 06:00:47,975 [f101476e-c990-429e-921c-5f445731959e:group-ED3E36EC8233:LeaderElection24] INFO  impl.RoleInfo (RoleInfo.java:shutdownLeaderElection(134)) - f101476e-c990-429e-921c-5f445731959e: shutdown LeaderElection
2019-08-21 06:00:47,976 [f101476e-c990-429e-921c-5f445731959e:group-ED3E36EC8233:LeaderElection24] INFO  impl.RoleInfo (RoleInfo.java:updateAndGet(143)) - f101476e-c990-429e-921c-5f445731959e: start FollowerState
2019-08-21 06:00:48,220 [grpc-default-executor-5] WARN  server.GrpcLogAppender (LogUtils.java:warn(134)) - 3fd580a5-fd1e-4f13-9f88-976f7db82376->49ab72ed-ff76-4952-870c-a3cea42cdb24: Failed appendEntries: org.apache.ratis.thirdparty.io.grpc.StatusRuntimeException: UNAVAILABLE: io exception
2019-08-21 06:00:48,223 [grpc-default-executor-5] INFO  impl.FollowerInfo (FollowerInfo.java:lambda$new$0(50)) - 3fd580a5-fd1e-4f13-9f88-976f7db82376->49ab72ed-ff76-4952-870c-a3cea42cdb24: nextIndex: updateUnconditionally 0 -> 0
2019-08-21 06:00:48,225 [grpc-default-executor-0] WARN  server.GrpcLogAppender (LogUtils.java:warn(134)) - 3fd580a5-fd1e-4f13-9f88-976f7db82376->4794a7d0-d8e2-4005-aaca-0a56e39fce16: Failed appendEntries: org.apache.ratis.thirdparty.io.grpc.StatusRuntimeException: UNAVAILABLE: io exception
2019-08-21 06:00:48,227 [grpc-default-executor-0] INFO  impl.FollowerInfo (FollowerInfo.java:lambda$new$0(50)) - 3fd580a5-fd1e-4f13-9f88-976f7db82376->4794a7d0-d8e2-4005-aaca-0a56e39fce16: nextIndex: updateUnconditionally 0 -> 0
2019-08-21 06:00:48,540 | INFO  | SCMAudit | user=jenkins1000 | ip=192.168.69.91 | op=SEND_HEARTBEAT {datanodeUUID=3fd580a5-fd1e-4f13-9f88-976f7db82376, command=[]} | ret=SUCCESS |  
2019-08-21 06:00:49,541 | INFO  | SCMAudit | user=jenkins1000 | ip=192.168.69.91 | op=SEND_HEARTBEAT {datanodeUUID=3fd580a5-fd1e-4f13-9f88-976f7db82376, command=[]} | ret=SUCCESS |  
2019-08-21 06:00:50,540 | INFO  | SCMAudit | user=jenkins1000 | ip=192.168.69.91 | op=SEND_HEARTBEAT {datanodeUUID=3fd580a5-fd1e-4f13-9f88-976f7db82376, command=[]} | ret=SUCCESS |  
2019-08-21 06:00:50,721 [grpc-default-executor-5] WARN  server.GrpcLogAppender (LogUtils.java:warn(134)) - 3fd580a5-fd1e-4f13-9f88-976f7db82376->49ab72ed-ff76-4952-870c-a3cea42cdb24: Failed appendEntries: org.apache.ratis.thirdparty.io.grpc.StatusRuntimeException: UNAVAILABLE: io exception
2019-08-21 06:00:50,724 [grpc-default-executor-5] INFO  impl.FollowerInfo (FollowerInfo.java:lambda$new$0(50)) - 3fd580a5-fd1e-4f13-9f88-976f7db82376->49ab72ed-ff76-4952-870c-a3cea42cdb24: nextIndex: updateUnconditionally 0 -> 0
2019-08-21 06:00:50,728 [grpc-default-executor-4] WARN  server.GrpcLogAppender (LogUtils.java:warn(134)) - 3fd580a5-fd1e-4f13-9f88-976f7db82376->4794a7d0-d8e2-4005-aaca-0a56e39fce16: Failed appendEntries: org.apache.ratis.thirdparty.io.grpc.StatusRuntimeException: UNAVAILABLE: io exception
2019-08-21 06:00:50,729 [grpc-default-executor-4] INFO  impl.FollowerInfo (FollowerInfo.java:lambda$new$0(50)) - 3fd580a5-fd1e-4f13-9f88-976f7db82376->4794a7d0-d8e2-4005-aaca-0a56e39fce16: nextIndex: updateUnconditionally 0 -> 0
2019-08-21 06:00:51,412 [main] INFO  ozoneimpl.OzoneContainer (OzoneContainer.java:stop(199)) - Attempting to stop container services.
2019-08-21 06:00:51,413 [main] INFO  impl.RaftServerProxy (RaftServerProxy.java:lambda$close$4(314)) - 046a392e-7484-4dfc-820d-faa08503447d: close
2019-08-21 06:00:51,413 [main] INFO  impl.RaftServerImpl (RaftServerImpl.java:lambda$shutdown$3(245)) - 046a392e-7484-4dfc-820d-faa08503447d: shutdown group-1BB0DCD3BD71
2019-08-21 06:00:51,414 [main] INFO  util.JmxRegister (JmxRegister.java:unregister(73)) - Successfully un-registered JMX Bean with object name Ratis:service=RaftServer,group=group-1BB0DCD3BD71,id=046a392e-7484-4dfc-820d-faa08503447d
2019-08-21 06:00:51,414 [main] INFO  impl.RoleInfo (RoleInfo.java:shutdownLeaderState(104)) - 046a392e-7484-4dfc-820d-faa08503447d: shutdown LeaderState
2019-08-21 06:00:51,414 [main] INFO  impl.PendingRequests (PendingRequests.java:sendNotLeaderResponses(202)) - 046a392e-7484-4dfc-820d-faa08503447d-PendingRequests: sendNotLeaderResponses
2019-08-21 06:00:51,415 [main] INFO  impl.StateMachineUpdater (StateMachineUpdater.java:stopAndJoin(115)) - StateMachineUpdater:046a392e-7484-4dfc-820d-faa08503447d:group-1BB0DCD3BD71: set stopIndex = 0
2019-08-21 06:00:51,418 [main] INFO  impl.RaftServerImpl (ServerState.java:close(394)) - 046a392e-7484-4dfc-820d-faa08503447d:group-1BB0DCD3BD71 closes. The last applied log index is 0
2019-08-21 06:00:51,418 [046a392e-7484-4dfc-820d-faa08503447d-SegmentedRaftLogWorker:Storage Directory /workdir/hadoop-ozone/integration-test/target/test-dir/MiniOzoneClusterImpl-6d1cdef1-941d-4f62-be26-b5ce02def95a/datanode-6/data/ratis/5924a5a4-796c-42e8-9afe-1bb0dcd3bd71] INFO  segmented.SegmentedRaftLogWorker (SegmentedRaftLogWorker.java:run(313)) - 046a392e-7484-4dfc-820d-faa08503447d-SegmentedRaftLogWorker:Storage Directory /workdir/hadoop-ozone/integration-test/target/test-dir/MiniOzoneClusterImpl-6d1cdef1-941d-4f62-be26-b5ce02def95a/datanode-6/data/ratis/5924a5a4-796c-42e8-9afe-1bb0dcd3bd71 was interrupted, exiting. There are 0 tasks remaining in the queue.
2019-08-21 06:00:51,420 [main] INFO  segmented.SegmentedRaftLogWorker (SegmentedRaftLogWorker.java:close(228)) - 046a392e-7484-4dfc-820d-faa08503447d-SegmentedRaftLogWorker:Storage Directory /workdir/hadoop-ozone/integration-test/target/test-dir/MiniOzoneClusterImpl-6d1cdef1-941d-4f62-be26-b5ce02def95a/datanode-6/data/ratis/5924a5a4-796c-42e8-9afe-1bb0dcd3bd71 close()
2019-08-21 06:00:51,422 [main] INFO  server.GrpcService (GrpcService.java:closeImpl(155)) - 046a392e-7484-4dfc-820d-faa08503447d: shutdown server with port 45575 now
2019-08-21 06:00:51,424 [main] INFO  server.GrpcService (GrpcService.java:closeImpl(163)) - 046a392e-7484-4dfc-820d-faa08503447d: shutdown server with port 45575 successfully
2019-08-21 06:00:51,426 [main] INFO  utils.BackgroundService (BackgroundService.java:shutdown(148)) - Shutting down service BlockDeletingService
2019-08-21 06:00:51,428 [refreshUsed-/workdir/hadoop-ozone/integration-test/target/test-dir/MiniOzoneClusterImpl-6d1cdef1-941d-4f62-be26-b5ce02def95a/datanode-6/data/containers] WARN  fs.CachingGetSpaceUsed (CachingGetSpaceUsed.java:run(183)) - Thread Interrupted waiting to refresh disk information: sleep interrupted
2019-08-21 06:00:51,429 [ForkJoinPool.commonPool-worker-1] INFO  ozoneimpl.OzoneContainer (OzoneContainer.java:stop(199)) - Attempting to stop container services.
2019-08-21 06:00:51,430 [ForkJoinPool.commonPool-worker-1] INFO  impl.RaftServerProxy (RaftServerProxy.java:lambda$close$4(314)) - f101476e-c990-429e-921c-5f445731959e: close
2019-08-21 06:00:51,430 [ForkJoinPool.commonPool-worker-1] INFO  impl.RaftServerImpl (RaftServerImpl.java:lambda$shutdown$3(245)) - f101476e-c990-429e-921c-5f445731959e: shutdown group-A83EC65426FD
2019-08-21 06:00:51,430 [ForkJoinPool.commonPool-worker-1] INFO  util.JmxRegister (JmxRegister.java:unregister(73)) - Successfully un-registered JMX Bean with object name Ratis:service=RaftServer,group=group-A83EC65426FD,id=f101476e-c990-429e-921c-5f445731959e
2019-08-21 06:00:51,431 [ForkJoinPool.commonPool-worker-1] INFO  impl.RoleInfo (RoleInfo.java:shutdownLeaderState(104)) - f101476e-c990-429e-921c-5f445731959e: shutdown LeaderState
2019-08-21 06:00:51,431 [ForkJoinPool.commonPool-worker-1] INFO  impl.PendingRequests (PendingRequests.java:sendNotLeaderResponses(202)) - f101476e-c990-429e-921c-5f445731959e-PendingRequests: sendNotLeaderResponses
2019-08-21 06:00:51,432 [ForkJoinPool.commonPool-worker-1] INFO  impl.StateMachineUpdater (StateMachineUpdater.java:stopAndJoin(115)) - StateMachineUpdater:f101476e-c990-429e-921c-5f445731959e:group-A83EC65426FD: set stopIndex = 0
2019-08-21 06:00:51,434 [ForkJoinPool.commonPool-worker-1] INFO  impl.RaftServerImpl (ServerState.java:close(394)) - f101476e-c990-429e-921c-5f445731959e:group-A83EC65426FD closes. The last applied log index is 0
2019-08-21 06:00:51,434 [f101476e-c990-429e-921c-5f445731959e-SegmentedRaftLogWorker:Storage Directory /workdir/hadoop-ozone/integration-test/target/test-dir/MiniOzoneClusterImpl-6d1cdef1-941d-4f62-be26-b5ce02def95a/datanode-0/data/ratis/5d092299-5f83-4442-ac81-a83ec65426fd] INFO  segmented.SegmentedRaftLogWorker (SegmentedRaftLogWorker.java:run(313)) - f101476e-c990-429e-921c-5f445731959e-SegmentedRaftLogWorker:Storage Directory /workdir/hadoop-ozone/integration-test/target/test-dir/MiniOzoneClusterImpl-6d1cdef1-941d-4f62-be26-b5ce02def95a/datanode-0/data/ratis/5d092299-5f83-4442-ac81-a83ec65426fd was interrupted, exiting. There are 0 tasks remaining in the queue.
2019-08-21 06:00:51,436 [ForkJoinPool.commonPool-worker-1] INFO  segmented.SegmentedRaftLogWorker (SegmentedRaftLogWorker.java:close(228)) - f101476e-c990-429e-921c-5f445731959e-SegmentedRaftLogWorker:Storage Directory /workdir/hadoop-ozone/integration-test/target/test-dir/MiniOzoneClusterImpl-6d1cdef1-941d-4f62-be26-b5ce02def95a/datanode-0/data/ratis/5d092299-5f83-4442-ac81-a83ec65426fd close()
2019-08-21 06:00:51,443 [ForkJoinPool.commonPool-worker-1] INFO  impl.RaftServerImpl (RaftServerImpl.java:lambda$shutdown$3(245)) - f101476e-c990-429e-921c-5f445731959e: shutdown group-ED3E36EC8233
2019-08-21 06:00:51,443 [ForkJoinPool.commonPool-worker-1] INFO  util.JmxRegister (JmxRegister.java:unregister(73)) - Successfully un-registered JMX Bean with object name Ratis:service=RaftServer,group=group-ED3E36EC8233,id=f101476e-c990-429e-921c-5f445731959e
2019-08-21 06:00:51,443 [ForkJoinPool.commonPool-worker-1] INFO  impl.RoleInfo (RoleInfo.java:shutdownFollowerState(121)) - f101476e-c990-429e-921c-5f445731959e: shutdown FollowerState
2019-08-21 06:00:51,443 [ForkJoinPool.commonPool-worker-1] INFO  impl.StateMachineUpdater (StateMachineUpdater.java:stopAndJoin(115)) - StateMachineUpdater:f101476e-c990-429e-921c-5f445731959e:group-ED3E36EC8233: set stopIndex = 8
2019-08-21 06:00:51,444 [StateMachineUpdater:f101476e-c990-429e-921c-5f445731959e:group-ED3E36EC8233] INFO  ratis.ContainerStateMachine (ContainerStateMachine.java:takeSnapshot(283)) - group-ED3E36EC8233: Taking a snapshot at:(t:1, i:6) file /workdir/hadoop-ozone/integration-test/target/test-dir/MiniOzoneClusterImpl-6d1cdef1-941d-4f62-be26-b5ce02def95a/datanode-0/data/ratis/c87dbf4e-80e4-421e-a785-ed3e36ec8233/sm/snapshot.1_6
2019-08-21 06:00:51,444 [Thread-1733] INFO  impl.FollowerState (FollowerState.java:run(114)) - f101476e-c990-429e-921c-5f445731959e: FollowerState was interrupted: java.lang.InterruptedException: sleep interrupted
2019-08-21 06:00:51,457 [main] INFO  statemachine.DatanodeStateMachine (DatanodeStateMachine.java:stopDaemon(395)) - Ozone container server stopped.
2019-08-21 06:00:51,458 [main] INFO  handler.ContextHandler (ContextHandler.java:doStop(910)) - Stopped o.e.j.w.WebAppContext@6a7aa675{/,null,UNAVAILABLE}{/hddsDatanode}
2019-08-21 06:00:51,459 [StateMachineUpdater:f101476e-c990-429e-921c-5f445731959e:group-ED3E36EC8233] INFO  ratis.ContainerStateMachine (ContainerStateMachine.java:takeSnapshot(294)) - group-ED3E36EC8233: Finished taking a snapshot at:(t:1, i:6) file:/workdir/hadoop-ozone/integration-test/target/test-dir/MiniOzoneClusterImpl-6d1cdef1-941d-4f62-be26-b5ce02def95a/datanode-0/data/ratis/c87dbf4e-80e4-421e-a785-ed3e36ec8233/sm/snapshot.1_6 time:16
2019-08-21 06:00:51,459 [main] INFO  server.AbstractConnector (AbstractConnector.java:doStop(318)) - Stopped ServerConnector@6eded11a{HTTP/1.1,[http/1.1]}{0.0.0.0:0}
2019-08-21 06:00:51,459 [StateMachineUpdater:f101476e-c990-429e-921c-5f445731959e:group-ED3E36EC8233] INFO  impl.StateMachineUpdater (StateMachineUpdater.java:takeSnapshot(242)) - StateMachineUpdater:f101476e-c990-429e-921c-5f445731959e:group-ED3E36EC8233: Took a snapshot at index 6
2019-08-21 06:00:51,460 [StateMachineUpdater:f101476e-c990-429e-921c-5f445731959e:group-ED3E36EC8233] INFO  impl.StateMachineUpdater (StateMachineUpdater.java:lambda$new$0(80)) - StateMachineUpdater:f101476e-c990-429e-921c-5f445731959e:group-ED3E36EC8233: snapshotIndex: updateIncreasingly -1 -> 6
2019-08-21 06:00:51,460 [main] INFO  handler.ContextHandler (ContextHandler.java:doStop(910)) - Stopped o.e.j.s.ServletContextHandler@3c9ef37b{/static,jar:file:/home/user/.m2/repository/org/apache/hadoop/hadoop-hdds-container-service/0.5.0-SNAPSHOT/hadoop-hdds-container-service-0.5.0-SNAPSHOT.jar!/webapps/static,UNAVAILABLE}
2019-08-21 06:00:51,460 [ForkJoinPool.commonPool-worker-1] INFO  impl.RaftServerImpl (ServerState.java:close(394)) - f101476e-c990-429e-921c-5f445731959e:group-ED3E36EC8233 closes. The last applied log index is 8
2019-08-21 06:00:51,460 [main] INFO  handler.ContextHandler (ContextHandler.java:doStop(910)) - Stopped o.e.j.s.ServletContextHandler@3278d065{/logs,file:///workdir/hadoop-ozone/integration-test/target/log,UNAVAILABLE}
2019-08-21 06:00:51,460 [f101476e-c990-429e-921c-5f445731959e-SegmentedRaftLogWorker:Storage Directory /workdir/hadoop-ozone/integration-test/target/test-dir/MiniOzoneClusterImpl-6d1cdef1-941d-4f62-be26-b5ce02def95a/datanode-0/data/ratis/c87dbf4e-80e4-421e-a785-ed3e36ec8233] INFO  segmented.SegmentedRaftLogWorker (SegmentedRaftLogWorker.java:run(313)) - f101476e-c990-429e-921c-5f445731959e-SegmentedRaftLogWorker:Storage Directory /workdir/hadoop-ozone/integration-test/target/test-dir/MiniOzoneClusterImpl-6d1cdef1-941d-4f62-be26-b5ce02def95a/datanode-0/data/ratis/c87dbf4e-80e4-421e-a785-ed3e36ec8233 was interrupted, exiting. There are 0 tasks remaining in the queue.
2019-08-21 06:00:51,461 [ForkJoinPool.commonPool-worker-1] INFO  segmented.SegmentedRaftLogWorker (SegmentedRaftLogWorker.java:close(228)) - f101476e-c990-429e-921c-5f445731959e-SegmentedRaftLogWorker:Storage Directory /workdir/hadoop-ozone/integration-test/target/test-dir/MiniOzoneClusterImpl-6d1cdef1-941d-4f62-be26-b5ce02def95a/datanode-0/data/ratis/c87dbf4e-80e4-421e-a785-ed3e36ec8233 close()
2019-08-21 06:00:51,461 [main] INFO  datanode.ObjectStoreHandler (ObjectStoreHandler.java:close(155)) - Closing ObjectStoreHandler.
2019-08-21 06:00:51,461 [ForkJoinPool.commonPool-worker-1] INFO  server.GrpcService (GrpcService.java:closeImpl(155)) - f101476e-c990-429e-921c-5f445731959e: shutdown server with port 45055 now
2019-08-21 06:00:51,462 [main] INFO  ozone.HddsDatanodeService (HddsDatanodeService.java:stop(451)) - Stopped plug-in org.apache.hadoop.ozone.web.OzoneHddsDatanodeService@7e9a836
2019-08-21 06:00:51,464 [ForkJoinPool.commonPool-worker-1] INFO  server.GrpcService (GrpcService.java:closeImpl(163)) - f101476e-c990-429e-921c-5f445731959e: shutdown server with port 45055 successfully
2019-08-21 06:00:51,466 [ForkJoinPool.commonPool-worker-1] INFO  utils.BackgroundService (BackgroundService.java:shutdown(148)) - Shutting down service BlockDeletingService
2019-08-21 06:00:51,469 [refreshUsed-/workdir/hadoop-ozone/integration-test/target/test-dir/MiniOzoneClusterImpl-6d1cdef1-941d-4f62-be26-b5ce02def95a/datanode-0/data/containers] WARN  fs.CachingGetSpaceUsed (CachingGetSpaceUsed.java:run(183)) - Thread Interrupted waiting to refresh disk information: sleep interrupted
2019-08-21 06:00:51,483 [ForkJoinPool.commonPool-worker-1] INFO  statemachine.DatanodeStateMachine (DatanodeStateMachine.java:stopDaemon(395)) - Ozone container server stopped.
2019-08-21 06:00:51,487 [ForkJoinPool.commonPool-worker-1] INFO  handler.ContextHandler (ContextHandler.java:doStop(910)) - Stopped o.e.j.w.WebAppContext@48ae9e8b{/,null,UNAVAILABLE}{/hddsDatanode}
2019-08-21 06:00:51,487 [ForkJoinPool.commonPool-worker-1] INFO  server.AbstractConnector (AbstractConnector.java:doStop(318)) - Stopped ServerConnector@6eaa6b0c{HTTP/1.1,[http/1.1]}{0.0.0.0:0}
2019-08-21 06:00:51,489 [ForkJoinPool.commonPool-worker-1] INFO  handler.ContextHandler (ContextHandler.java:doStop(910)) - Stopped o.e.j.s.ServletContextHandler@995ad50{/static,jar:file:/home/user/.m2/repository/org/apache/hadoop/hadoop-hdds-container-service/0.5.0-SNAPSHOT/hadoop-hdds-container-service-0.5.0-SNAPSHOT.jar!/webapps/static,UNAVAILABLE}
2019-08-21 06:00:51,490 [ForkJoinPool.commonPool-worker-1] INFO  handler.ContextHandler (ContextHandler.java:doStop(910)) - Stopped o.e.j.s.ServletContextHandler@21280cbb{/logs,file:///workdir/hadoop-ozone/integration-test/target/log,UNAVAILABLE}
2019-08-21 06:00:51,539 [Datanode State Machine Thread - 0] INFO  statemachine.DatanodeStateMachine (DatanodeStateMachine.java:lambda$startDaemon$0(350)) - Ozone container server started.
2019-08-21 06:00:53,222 [grpc-default-executor-5] WARN  server.GrpcLogAppender (LogUtils.java:warn(134)) - 3fd580a5-fd1e-4f13-9f88-976f7db82376->49ab72ed-ff76-4952-870c-a3cea42cdb24: Failed appendEntries: org.apache.ratis.thirdparty.io.grpc.StatusRuntimeException: UNAVAILABLE: io exception
2019-08-21 06:00:53,225 [grpc-default-executor-5] INFO  impl.FollowerInfo (FollowerInfo.java:lambda$new$0(50)) - 3fd580a5-fd1e-4f13-9f88-976f7db82376->49ab72ed-ff76-4952-870c-a3cea42cdb24: nextIndex: updateUnconditionally 0 -> 0
2019-08-21 06:00:53,233 [grpc-default-executor-0] WARN  server.GrpcLogAppender (LogUtils.java:warn(134)) - 3fd580a5-fd1e-4f13-9f88-976f7db82376->4794a7d0-d8e2-4005-aaca-0a56e39fce16: Failed appendEntries: org.apache.ratis.thirdparty.io.grpc.StatusRuntimeException: UNAVAILABLE: io exception
2019-08-21 06:00:53,234 [grpc-default-executor-0] INFO  impl.FollowerInfo (FollowerInfo.java:lambda$new$0(50)) - 3fd580a5-fd1e-4f13-9f88-976f7db82376->4794a7d0-d8e2-4005-aaca-0a56e39fce16: nextIndex: updateUnconditionally 0 -> 0
2019-08-21 06:00:55,724 [grpc-default-executor-5] WARN  server.GrpcLogAppender (LogUtils.java:warn(134)) - 3fd580a5-fd1e-4f13-9f88-976f7db82376->49ab72ed-ff76-4952-870c-a3cea42cdb24: Failed appendEntries: org.apache.ratis.thirdparty.io.grpc.StatusRuntimeException: UNAVAILABLE: io exception
2019-08-21 06:00:55,726 [grpc-default-executor-5] INFO  impl.FollowerInfo (FollowerInfo.java:lambda$new$0(50)) - 3fd580a5-fd1e-4f13-9f88-976f7db82376->49ab72ed-ff76-4952-870c-a3cea42cdb24: nextIndex: updateUnconditionally 0 -> 0
2019-08-21 06:00:55,728 [grpc-default-executor-4] WARN  server.GrpcLogAppender (LogUtils.java:warn(134)) - 3fd580a5-fd1e-4f13-9f88-976f7db82376->4794a7d0-d8e2-4005-aaca-0a56e39fce16: Failed appendEntries: org.apache.ratis.thirdparty.io.grpc.StatusRuntimeException: UNAVAILABLE: io exception
2019-08-21 06:00:55,729 [grpc-default-executor-4] INFO  impl.FollowerInfo (FollowerInfo.java:lambda$new$0(50)) - 3fd580a5-fd1e-4f13-9f88-976f7db82376->4794a7d0-d8e2-4005-aaca-0a56e39fce16: nextIndex: updateUnconditionally 0 -> 0
2019-08-21 06:00:56,465 [main] INFO  ozoneimpl.OzoneContainer (OzoneContainer.java:stop(199)) - Attempting to stop container services.
2019-08-21 06:00:56,466 [main] INFO  impl.RaftServerProxy (RaftServerProxy.java:lambda$close$4(314)) - 3fd580a5-fd1e-4f13-9f88-976f7db82376: close
2019-08-21 06:00:56,467 [main] INFO  impl.RaftServerImpl (RaftServerImpl.java:lambda$shutdown$3(245)) - 3fd580a5-fd1e-4f13-9f88-976f7db82376: shutdown group-8D5744D995C9
2019-08-21 06:00:56,467 [main] INFO  util.JmxRegister (JmxRegister.java:unregister(73)) - Successfully un-registered JMX Bean with object name Ratis:service=RaftServer,group=group-8D5744D995C9,id=3fd580a5-fd1e-4f13-9f88-976f7db82376
2019-08-21 06:00:56,468 [main] INFO  impl.RoleInfo (RoleInfo.java:shutdownLeaderState(104)) - 3fd580a5-fd1e-4f13-9f88-976f7db82376: shutdown LeaderState
2019-08-21 06:00:56,468 [main] INFO  impl.PendingRequests (PendingRequests.java:sendNotLeaderResponses(202)) - 3fd580a5-fd1e-4f13-9f88-976f7db82376-PendingRequests: sendNotLeaderResponses
2019-08-21 06:00:56,469 [main] INFO  impl.StateMachineUpdater (StateMachineUpdater.java:stopAndJoin(115)) - StateMachineUpdater:3fd580a5-fd1e-4f13-9f88-976f7db82376:group-8D5744D995C9: set stopIndex = 0
2019-08-21 06:00:56,471 [main] INFO  impl.RaftServerImpl (ServerState.java:close(394)) - 3fd580a5-fd1e-4f13-9f88-976f7db82376:group-8D5744D995C9 closes. The last applied log index is 0
2019-08-21 06:00:56,472 [3fd580a5-fd1e-4f13-9f88-976f7db82376-SegmentedRaftLogWorker:Storage Directory /workdir/hadoop-ozone/integration-test/target/test-dir/MiniOzoneClusterImpl-6d1cdef1-941d-4f62-be26-b5ce02def95a/datanode-5/data/ratis/e4b2a0e7-40d7-4f5e-9228-8d5744d995c9] INFO  segmented.SegmentedRaftLogWorker (SegmentedRaftLogWorker.java:run(313)) - 3fd580a5-fd1e-4f13-9f88-976f7db82376-SegmentedRaftLogWorker:Storage Directory /workdir/hadoop-ozone/integration-test/target/test-dir/MiniOzoneClusterImpl-6d1cdef1-941d-4f62-be26-b5ce02def95a/datanode-5/data/ratis/e4b2a0e7-40d7-4f5e-9228-8d5744d995c9 was interrupted, exiting. There are 0 tasks remaining in the queue.
2019-08-21 06:00:56,472 [main] INFO  segmented.SegmentedRaftLogWorker (SegmentedRaftLogWorker.java:close(228)) - 3fd580a5-fd1e-4f13-9f88-976f7db82376-SegmentedRaftLogWorker:Storage Directory /workdir/hadoop-ozone/integration-test/target/test-dir/MiniOzoneClusterImpl-6d1cdef1-941d-4f62-be26-b5ce02def95a/datanode-5/data/ratis/e4b2a0e7-40d7-4f5e-9228-8d5744d995c9 close()
2019-08-21 06:00:56,473 [main] INFO  impl.RaftServerImpl (RaftServerImpl.java:lambda$shutdown$3(245)) - 3fd580a5-fd1e-4f13-9f88-976f7db82376: shutdown group-1A6A2CF9E3BC
2019-08-21 06:00:56,473 [main] INFO  util.JmxRegister (JmxRegister.java:unregister(73)) - Successfully un-registered JMX Bean with object name Ratis:service=RaftServer,group=group-1A6A2CF9E3BC,id=3fd580a5-fd1e-4f13-9f88-976f7db82376
2019-08-21 06:00:56,474 [main] INFO  impl.RoleInfo (RoleInfo.java:shutdownLeaderState(104)) - 3fd580a5-fd1e-4f13-9f88-976f7db82376: shutdown LeaderState
2019-08-21 06:00:56,476 [org.apache.ratis.server.impl.LogAppender$AppenderDaemon$$Lambda$479/1162209897@73b3c353] WARN  server.GrpcLogAppender (GrpcLogAppender.java:mayWait(143)) - GrpcLogAppender(3fd580a5-fd1e-4f13-9f88-976f7db82376->49ab72ed-ff76-4952-870c-a3cea42cdb24): Wait interrupted by java.lang.InterruptedException
2019-08-21 06:00:56,476 [main] INFO  impl.PendingRequests (PendingRequests.java:sendNotLeaderResponses(202)) - 3fd580a5-fd1e-4f13-9f88-976f7db82376-PendingRequests: sendNotLeaderResponses
2019-08-21 06:00:56,476 [org.apache.ratis.server.impl.LogAppender$AppenderDaemon$$Lambda$479/1162209897@36b14341] WARN  server.GrpcLogAppender (GrpcLogAppender.java:mayWait(143)) - GrpcLogAppender(3fd580a5-fd1e-4f13-9f88-976f7db82376->4794a7d0-d8e2-4005-aaca-0a56e39fce16): Wait interrupted by java.lang.InterruptedException
2019-08-21 06:00:56,478 [main] INFO  impl.StateMachineUpdater (StateMachineUpdater.java:stopAndJoin(115)) - StateMachineUpdater:3fd580a5-fd1e-4f13-9f88-976f7db82376:group-1A6A2CF9E3BC: set stopIndex = 0
2019-08-21 06:00:56,484 [main] INFO  impl.RaftServerImpl (ServerState.java:close(394)) - 3fd580a5-fd1e-4f13-9f88-976f7db82376:group-1A6A2CF9E3BC closes. The last applied log index is 0
2019-08-21 06:00:56,484 [3fd580a5-fd1e-4f13-9f88-976f7db82376-SegmentedRaftLogWorker:Storage Directory /workdir/hadoop-ozone/integration-test/target/test-dir/MiniOzoneClusterImpl-6d1cdef1-941d-4f62-be26-b5ce02def95a/datanode-5/data/ratis/7b55242b-6236-4c3e-ba2d-1a6a2cf9e3bc] INFO  segmented.SegmentedRaftLogWorker (SegmentedRaftLogWorker.java:run(313)) - 3fd580a5-fd1e-4f13-9f88-976f7db82376-SegmentedRaftLogWorker:Storage Directory /workdir/hadoop-ozone/integration-test/target/test-dir/MiniOzoneClusterImpl-6d1cdef1-941d-4f62-be26-b5ce02def95a/datanode-5/data/ratis/7b55242b-6236-4c3e-ba2d-1a6a2cf9e3bc was interrupted, exiting. There are 0 tasks remaining in the queue.
2019-08-21 06:00:56,485 [main] INFO  segmented.SegmentedRaftLogWorker (SegmentedRaftLogWorker.java:close(228)) - 3fd580a5-fd1e-4f13-9f88-976f7db82376-SegmentedRaftLogWorker:Storage Directory /workdir/hadoop-ozone/integration-test/target/test-dir/MiniOzoneClusterImpl-6d1cdef1-941d-4f62-be26-b5ce02def95a/datanode-5/data/ratis/7b55242b-6236-4c3e-ba2d-1a6a2cf9e3bc close()
2019-08-21 06:00:56,485 [main] INFO  server.GrpcService (GrpcService.java:closeImpl(155)) - 3fd580a5-fd1e-4f13-9f88-976f7db82376: shutdown server with port 44520 now
2019-08-21 06:00:56,487 [main] INFO  server.GrpcService (GrpcService.java:closeImpl(163)) - 3fd580a5-fd1e-4f13-9f88-976f7db82376: shutdown server with port 44520 successfully
2019-08-21 06:00:56,488 [main] INFO  utils.BackgroundService (BackgroundService.java:shutdown(148)) - Shutting down service BlockDeletingService
2019-08-21 06:00:56,492 [refreshUsed-/workdir/hadoop-ozone/integration-test/target/test-dir/MiniOzoneClusterImpl-6d1cdef1-941d-4f62-be26-b5ce02def95a/datanode-5/data/containers] WARN  fs.CachingGetSpaceUsed (CachingGetSpaceUsed.java:run(183)) - Thread Interrupted waiting to refresh disk information: sleep interrupted
2019-08-21 06:00:56,511 [main] INFO  statemachine.DatanodeStateMachine (DatanodeStateMachine.java:stopDaemon(395)) - Ozone container server stopped.
2019-08-21 06:00:56,512 [main] INFO  handler.ContextHandler (ContextHandler.java:doStop(910)) - Stopped o.e.j.w.WebAppContext@65b2ee36{/,null,UNAVAILABLE}{/hddsDatanode}
2019-08-21 06:00:56,513 [main] INFO  server.AbstractConnector (AbstractConnector.java:doStop(318)) - Stopped ServerConnector@28e91f6d{HTTP/1.1,[http/1.1]}{0.0.0.0:0}
2019-08-21 06:00:56,514 [main] INFO  handler.ContextHandler (ContextHandler.java:doStop(910)) - Stopped o.e.j.s.ServletContextHandler@4ba13fed{/static,jar:file:/home/user/.m2/repository/org/apache/hadoop/hadoop-hdds-container-service/0.5.0-SNAPSHOT/hadoop-hdds-container-service-0.5.0-SNAPSHOT.jar!/webapps/static,UNAVAILABLE}
2019-08-21 06:00:56,514 [main] INFO  handler.ContextHandler (ContextHandler.java:doStop(910)) - Stopped o.e.j.s.ServletContextHandler@5814b4fb{/logs,file:///workdir/hadoop-ozone/integration-test/target/log,UNAVAILABLE}
2019-08-21 06:00:56,516 [main] INFO  ozone.MiniOzoneClusterImpl (MiniOzoneClusterImpl.java:stop(353)) - Stopping the StorageContainerManager
2019-08-21 06:00:56,516 [main] INFO  server.StorageContainerManager (StorageContainerManager.java:stop(797)) - Stopping Replication Manager Service.
2019-08-21 06:00:56,516 [main] INFO  container.ReplicationManager (ReplicationManager.java:stop(193)) - Stopping Replication Monitor Thread.
2019-08-21 06:00:56,516 [main] INFO  server.StorageContainerManager (StorageContainerManager.java:stop(804)) - Stopping Lease Manager of the command watchers
2019-08-21 06:00:56,516 [main] INFO  server.StorageContainerManager (StorageContainerManager.java:stop(811)) - Stopping datanode service RPC server
2019-08-21 06:00:56,517 [main] INFO  server.SCMDatanodeProtocolServer (SCMDatanodeProtocolServer.java:stop(367)) - Stopping the RPC server for DataNodes
2019-08-21 06:00:56,517 [main] INFO  ipc.Server (Server.java:stop(3082)) - Stopping server on 34710
2019-08-21 06:00:56,520 [IPC Server listener on 34710] INFO  ipc.Server (Server.java:run(1185)) - Stopping IPC Server listener on 34710
2019-08-21 06:00:56,520 [IPC Server Responder] INFO  ipc.Server (Server.java:run(1319)) - Stopping IPC Server Responder
2019-08-21 06:00:56,534 [SCM Heartbeat Processing Thread - 0] WARN  node.NodeStateManager (NodeStateManager.java:scheduleNextHealthCheck(646)) - Current Thread is interrupted, shutting down HB processing thread for Node Manager.
2019-08-21 06:00:56,534 [main] INFO  server.StorageContainerManager (StorageContainerManager.java:stop(819)) - Stopping block service RPC server
2019-08-21 06:00:56,535 [main] INFO  server.SCMBlockProtocolServer (SCMBlockProtocolServer.java:stop(148)) - Stopping the RPC server for Block Protocol
2019-08-21 06:00:56,535 [main] INFO  ipc.Server (Server.java:stop(3082)) - Stopping server on 38457
2019-08-21 06:00:56,538 [IPC Server listener on 38457] INFO  ipc.Server (Server.java:run(1185)) - Stopping IPC Server listener on 38457
2019-08-21 06:00:56,538 [IPC Server Responder] INFO  ipc.Server (Server.java:run(1319)) - Stopping IPC Server Responder
2019-08-21 06:00:56,538 [main] INFO  server.StorageContainerManager (StorageContainerManager.java:stop(826)) - Stopping the StorageContainerLocationProtocol RPC server
2019-08-21 06:00:56,539 [main] INFO  server.SCMClientProtocolServer (SCMClientProtocolServer.java:stop(159)) - Stopping the RPC server for Client Protocol
2019-08-21 06:00:56,540 [main] INFO  ipc.Server (Server.java:stop(3082)) - Stopping server on 40869
2019-08-21 06:00:56,542 [IPC Server listener on 40869] INFO  ipc.Server (Server.java:run(1185)) - Stopping IPC Server listener on 40869
2019-08-21 06:00:56,542 [main] INFO  server.StorageContainerManager (StorageContainerManager.java:stop(833)) - Stopping Storage Container Manager HTTP server.
2019-08-21 06:00:56,543 [IPC Server Responder] INFO  ipc.Server (Server.java:run(1319)) - Stopping IPC Server Responder
2019-08-21 06:00:56,544 [main] INFO  handler.ContextHandler (ContextHandler.java:doStop(910)) - Stopped o.e.j.w.WebAppContext@6cbdd1c5{/,null,UNAVAILABLE}{/scm}
2019-08-21 06:00:56,545 [main] INFO  server.AbstractConnector (AbstractConnector.java:doStop(318)) - Stopped ServerConnector@60816371{HTTP/1.1,[http/1.1]}{0.0.0.0:0}
2019-08-21 06:00:56,545 [main] INFO  handler.ContextHandler (ContextHandler.java:doStop(910)) - Stopped o.e.j.s.ServletContextHandler@b1d19ff{/static,file:///workdir/hadoop-ozone/integration-test/target/test-classes/webapps/static,UNAVAILABLE}
2019-08-21 06:00:56,546 [main] INFO  handler.ContextHandler (ContextHandler.java:doStop(910)) - Stopped o.e.j.s.ServletContextHandler@521ba38f{/logs,file:///workdir/hadoop-ozone/integration-test/target/log,UNAVAILABLE}
2019-08-21 06:00:56,547 [main] INFO  server.StorageContainerManager (StorageContainerManager.java:stop(844)) - Stopping Block Manager Service.
2019-08-21 06:00:56,547 [main] INFO  utils.BackgroundService (BackgroundService.java:shutdown(148)) - Shutting down service SCMBlockDeletingService
2019-08-21 06:00:56,548 [main] INFO  utils.BackgroundService (BackgroundService.java:shutdown(148)) - Shutting down service SCMBlockDeletingService
2019-08-21 06:00:56,548 [main] INFO  server.StorageContainerManager (StorageContainerManager.java:stop(866)) - Stopping SCM Event Queue.
2019-08-21 06:00:56,553 [main] INFO  impl.MetricsSystemImpl (MetricsSystemImpl.java:stop(210)) - Stopping HddsDatanode metrics system...
2019-08-21 06:00:56,560 [main] INFO  impl.MetricsSystemImpl (MetricsSystemImpl.java:stop(216)) - HddsDatanode metrics system stopped.
]]></system-out>
    <system-err><![CDATA[Aug 21, 2019 5:55:22 AM com.sun.jersey.server.impl.application.WebApplicationImpl _initiate
INFO: Initiating Jersey application, version 'Jersey: 1.19 02/11/2015 03:25 AM'
Aug 21, 2019 5:55:22 AM com.sun.jersey.server.impl.application.WebApplicationImpl _initiate
INFO: Initiating Jersey application, version 'Jersey: 1.19 02/11/2015 03:25 AM'
Aug 21, 2019 5:55:22 AM com.sun.jersey.server.impl.application.WebApplicationImpl _initiate
INFO: Initiating Jersey application, version 'Jersey: 1.19 02/11/2015 03:25 AM'
Aug 21, 2019 5:55:22 AM com.sun.jersey.server.impl.application.WebApplicationImpl _initiate
INFO: Initiating Jersey application, version 'Jersey: 1.19 02/11/2015 03:25 AM'
Aug 21, 2019 5:55:22 AM com.sun.jersey.server.impl.application.WebApplicationImpl _initiate
INFO: Initiating Jersey application, version 'Jersey: 1.19 02/11/2015 03:25 AM'
Aug 21, 2019 5:55:23 AM com.sun.jersey.server.impl.application.WebApplicationImpl _initiate
INFO: Initiating Jersey application, version 'Jersey: 1.19 02/11/2015 03:25 AM'
Aug 21, 2019 5:55:23 AM com.sun.jersey.server.impl.application.WebApplicationImpl _initiate
INFO: Initiating Jersey application, version 'Jersey: 1.19 02/11/2015 03:25 AM'
]]></system-err>
  </testcase>
</testsuite>