<?xml version="1.0" encoding="UTF-8"?>
<testsuite xmlns:xsi="http://www.w3.org/2001/XMLSchema-instance" xsi:noNamespaceSchemaLocation="https://maven.apache.org/surefire/maven-surefire-plugin/xsd/surefire-test-report.xsd" name="org.apache.hadoop.ozone.client.rpc.TestCloseContainerHandlingByClient" time="63.945" tests="8" errors="6" skipped="1" failures="0">
  <properties>
    <property name="awt.toolkit" value="sun.awt.X11.XToolkit"/>
    <property name="file.encoding.pkg" value="sun.io"/>
    <property name="java.specification.version" value="1.8"/>
    <property name="sun.cpu.isalist" value=""/>
    <property name="sun.jnu.encoding" value="UTF-8"/>
    <property name="java.class.path" value="/tmp/workdir/hadoop-ozone/integration-test/target/test-classes:/tmp/workdir/hadoop-ozone/integration-test/target/classes:/home/user/.m2/repository/org/apache/hadoop/hadoop-ozone-common/0.5.0-SNAPSHOT/hadoop-ozone-common-0.5.0-SNAPSHOT.jar:/home/user/.m2/repository/org/apache/commons/commons-compress/1.4.1/commons-compress-1.4.1.jar:/home/user/.m2/repository/org/tukaani/xz/1.0/xz-1.0.jar:/home/user/.m2/repository/org/apache/hadoop/hadoop-common/3.2.0/hadoop-common-3.2.0.jar:/home/user/.m2/repository/org/apache/hadoop/hadoop-hdfs/3.2.0/hadoop-hdfs-3.2.0.jar:/home/user/.m2/repository/org/apache/hadoop/hadoop-hdfs-client/3.2.0/hadoop-hdfs-client-3.2.0.jar:/home/user/.m2/repository/com/fasterxml/jackson/core/jackson-annotations/2.9.5/jackson-annotations-2.9.5.jar:/home/user/.m2/repository/org/apache/hadoop/hadoop-hdds-common/0.5.0-SNAPSHOT/hadoop-hdds-common-0.5.0-SNAPSHOT.jar:/home/user/.m2/repository/javax/annotation/javax.annotation-api/1.2/javax.annotation-api-1.2.jar:/home/user/.m2/repository/org/apache/ratis/ratis-server/0.4.0-2337318-SNAPSHOT/ratis-server-0.4.0-2337318-SNAPSHOT.jar:/home/user/.m2/repository/org/apache/ratis/ratis-thirdparty-misc/0.2.0/ratis-thirdparty-misc-0.2.0.jar:/home/user/.m2/repository/org/apache/ratis/ratis-proto/0.4.0-2337318-SNAPSHOT/ratis-proto-0.4.0-2337318-SNAPSHOT.jar:/home/user/.m2/repository/org/apache/ratis/ratis-common/0.4.0-2337318-SNAPSHOT/ratis-common-0.4.0-2337318-SNAPSHOT.jar:/home/user/.m2/repository/org/apache/ratis/ratis-client/0.4.0-2337318-SNAPSHOT/ratis-client-0.4.0-2337318-SNAPSHOT.jar:/home/user/.m2/repository/org/apache/ratis/ratis-metrics/0.4.0-2337318-SNAPSHOT/ratis-metrics-0.4.0-2337318-SNAPSHOT.jar:/home/user/.m2/repository/org/apache/ratis/ratis-netty/0.4.0-2337318-SNAPSHOT/ratis-netty-0.4.0-2337318-SNAPSHOT.jar:/home/user/.m2/repository/org/apache/ratis/ratis-grpc/0.4.0-2337318-SNAPSHOT/ratis-grpc-0.4.0-2337318-SNAPSHOT.jar:/home/user/.m2/repository/org/rocksdb/rocksdbjni/6.0.1/rocksdbjni-6.0.1.jar:/home/user/.m2/repository/org/apache/logging/log4j/log4j-api/2.11.0/log4j-api-2.11.0.jar:/home/user/.m2/repository/org/apache/logging/log4j/log4j-core/2.11.0/log4j-core-2.11.0.jar:/home/user/.m2/repository/com/lmax/disruptor/3.4.2/disruptor-3.4.2.jar:/home/user/.m2/repository/org/apache/commons/commons-pool2/2.6.0/commons-pool2-2.6.0.jar:/home/user/.m2/repository/org/bouncycastle/bcpkix-jdk15on/1.60/bcpkix-jdk15on-1.60.jar:/home/user/.m2/repository/commons-validator/commons-validator/1.6/commons-validator-1.6.jar:/home/user/.m2/repository/commons-digester/commons-digester/1.8.1/commons-digester-1.8.1.jar:/home/user/.m2/repository/io/jaegertracing/jaeger-client/0.33.1/jaeger-client-0.33.1.jar:/home/user/.m2/repository/io/jaegertracing/jaeger-thrift/0.33.1/jaeger-thrift-0.33.1.jar:/home/user/.m2/repository/org/apache/thrift/libthrift/0.11.0/libthrift-0.11.0.jar:/home/user/.m2/repository/com/squareup/okhttp3/okhttp/3.9.0/okhttp-3.9.0.jar:/home/user/.m2/repository/com/squareup/okio/okio/1.13.0/okio-1.13.0.jar:/home/user/.m2/repository/io/jaegertracing/jaeger-core/0.33.1/jaeger-core-0.33.1.jar:/home/user/.m2/repository/io/jaegertracing/jaeger-tracerresolver/0.33.1/jaeger-tracerresolver-0.33.1.jar:/home/user/.m2/repository/io/opentracing/contrib/opentracing-tracerresolver/0.1.5/opentracing-tracerresolver-0.1.5.jar:/home/user/.m2/repository/io/opentracing/opentracing-util/0.31.0/opentracing-util-0.31.0.jar:/home/user/.m2/repository/io/opentracing/opentracing-api/0.31.0/opentracing-api-0.31.0.jar:/home/user/.m2/repository/io/opentracing/opentracing-noop/0.31.0/opentracing-noop-0.31.0.jar:/home/user/.m2/repository/org/apache/hadoop/hadoop-hdds-server-framework/0.5.0-SNAPSHOT/hadoop-hdds-server-framework-0.5.0-SNAPSHOT.jar:/home/user/.m2/repository/org/apache/hadoop/hadoop-hdds-container-service/0.5.0-SNAPSHOT/hadoop-hdds-container-service-0.5.0-SNAPSHOT.jar:/home/user/.m2/repository/org/apache/hadoop/hadoop-hdds-client/0.5.0-SNAPSHOT/hadoop-hdds-client-0.5.0-SNAPSHOT.jar:/home/user/.m2/repository/org/apache/hadoop/hadoop-hdds-tools/0.5.0-SNAPSHOT/hadoop-hdds-tools-0.5.0-SNAPSHOT.jar:/home/user/.m2/repository/org/apache/hadoop/hadoop-hdds-server-scm/0.5.0-SNAPSHOT/hadoop-hdds-server-scm-0.5.0-SNAPSHOT.jar:/home/user/.m2/repository/org/apache/hadoop/hadoop-hdds-docs/0.5.0-SNAPSHOT/hadoop-hdds-docs-0.5.0-SNAPSHOT.jar:/home/user/.m2/repository/io/dropwizard/metrics/metrics-core/3.2.4/metrics-core-3.2.4.jar:/home/user/.m2/repository/org/hamcrest/hamcrest-all/1.3/hamcrest-all-1.3.jar:/home/user/.m2/repository/org/bouncycastle/bcprov-jdk15on/1.60/bcprov-jdk15on-1.60.jar:/home/user/.m2/repository/info/picocli/picocli/3.9.6/picocli-3.9.6.jar:/home/user/.m2/repository/com/google/protobuf/protobuf-java/2.5.0/protobuf-java-2.5.0.jar:/home/user/.m2/repository/com/google/guava/guava/11.0.2/guava-11.0.2.jar:/home/user/.m2/repository/org/apache/hadoop/hadoop-ozone-ozone-manager/0.5.0-SNAPSHOT/hadoop-ozone-ozone-manager-0.5.0-SNAPSHOT.jar:/home/user/.m2/repository/org/apache/hadoop/hadoop-minikdc/3.2.0/hadoop-minikdc-3.2.0.jar:/home/user/.m2/repository/commons-io/commons-io/2.5/commons-io-2.5.jar:/home/user/.m2/repository/org/apache/kerby/kerb-simplekdc/1.0.1/kerb-simplekdc-1.0.1.jar:/home/user/.m2/repository/org/apache/kerby/kerb-client/1.0.1/kerb-client-1.0.1.jar:/home/user/.m2/repository/org/apache/kerby/kerby-config/1.0.1/kerby-config-1.0.1.jar:/home/user/.m2/repository/org/apache/kerby/kerb-core/1.0.1/kerb-core-1.0.1.jar:/home/user/.m2/repository/org/apache/kerby/kerby-pkix/1.0.1/kerby-pkix-1.0.1.jar:/home/user/.m2/repository/org/apache/kerby/kerby-asn1/1.0.1/kerby-asn1-1.0.1.jar:/home/user/.m2/repository/org/apache/kerby/kerby-util/1.0.1/kerby-util-1.0.1.jar:/home/user/.m2/repository/org/apache/kerby/kerb-common/1.0.1/kerb-common-1.0.1.jar:/home/user/.m2/repository/org/apache/kerby/kerb-crypto/1.0.1/kerb-crypto-1.0.1.jar:/home/user/.m2/repository/org/apache/kerby/kerb-util/1.0.1/kerb-util-1.0.1.jar:/home/user/.m2/repository/org/apache/kerby/token-provider/1.0.1/token-provider-1.0.1.jar:/home/user/.m2/repository/org/apache/kerby/kerb-admin/1.0.1/kerb-admin-1.0.1.jar:/home/user/.m2/repository/org/apache/kerby/kerb-server/1.0.1/kerb-server-1.0.1.jar:/home/user/.m2/repository/org/apache/kerby/kerb-identity/1.0.1/kerb-identity-1.0.1.jar:/home/user/.m2/repository/org/apache/kerby/kerby-xdr/1.0.1/kerby-xdr-1.0.1.jar:/home/user/.m2/repository/org/slf4j/slf4j-log4j12/1.7.25/slf4j-log4j12-1.7.25.jar:/home/user/.m2/repository/org/apache/hadoop/hadoop-ozone-objectstore-service/0.5.0-SNAPSHOT/hadoop-ozone-objectstore-service-0.5.0-SNAPSHOT.jar:/home/user/.m2/repository/org/apache/hadoop/hadoop-ozone-s3gateway/0.5.0-SNAPSHOT/hadoop-ozone-s3gateway-0.5.0-SNAPSHOT.jar:/home/user/.m2/repository/org/jboss/weld/servlet/weld-servlet/2.4.7.Final/weld-servlet-2.4.7.Final.jar:/home/user/.m2/repository/org/glassfish/jersey/containers/jersey-container-servlet-core/2.27/jersey-container-servlet-core-2.27.jar:/home/user/.m2/repository/org/glassfish/hk2/external/javax.inject/2.5.0-b42/javax.inject-2.5.0-b42.jar:/home/user/.m2/repository/org/glassfish/jersey/core/jersey-common/2.27/jersey-common-2.27.jar:/home/user/.m2/repository/org/glassfish/hk2/osgi-resource-locator/1.0.1/osgi-resource-locator-1.0.1.jar:/home/user/.m2/repository/javax/ws/rs/javax.ws.rs-api/2.1/javax.ws.rs-api-2.1.jar:/home/user/.m2/repository/org/glassfish/jersey/ext/cdi/jersey-cdi1x/2.27/jersey-cdi1x-2.27.jar:/home/user/.m2/repository/org/glassfish/jersey/inject/jersey-hk2/2.27/jersey-hk2-2.27.jar:/home/user/.m2/repository/org/glassfish/hk2/hk2-locator/2.5.0-b42/hk2-locator-2.5.0-b42.jar:/home/user/.m2/repository/org/javassist/javassist/3.22.0-CR2/javassist-3.22.0-CR2.jar:/home/user/.m2/repository/org/glassfish/hk2/hk2-api/2.5.0/hk2-api-2.5.0.jar:/home/user/.m2/repository/org/glassfish/hk2/external/jakarta.inject/2.5.0/jakarta.inject-2.5.0.jar:/home/user/.m2/repository/org/glassfish/hk2/hk2-utils/2.5.0/hk2-utils-2.5.0.jar:/home/user/.m2/repository/jakarta/annotation/jakarta.annotation-api/1.3.4/jakarta.annotation-api-1.3.4.jar:/home/user/.m2/repository/org/glassfish/hk2/external/aopalliance-repackaged/2.5.0/aopalliance-repackaged-2.5.0.jar:/home/user/.m2/repository/com/fasterxml/jackson/dataformat/jackson-dataformat-xml/2.9.0/jackson-dataformat-xml-2.9.0.jar:/home/user/.m2/repository/com/fasterxml/jackson/core/jackson-core/2.9.5/jackson-core-2.9.5.jar:/home/user/.m2/repository/com/fasterxml/jackson/module/jackson-module-jaxb-annotations/2.9.5/jackson-module-jaxb-annotations-2.9.5.jar:/home/user/.m2/repository/javax/enterprise/cdi-api/1.2/cdi-api-1.2.jar:/home/user/.m2/repository/javax/el/javax.el-api/3.0.0/javax.el-api-3.0.0.jar:/home/user/.m2/repository/javax/interceptor/javax.interceptor-api/1.2/javax.interceptor-api-1.2.jar:/home/user/.m2/repository/javax/inject/javax.inject/1/javax.inject-1.jar:/home/user/.m2/repository/com/sun/xml/bind/jaxb-impl/2.3.0.1/jaxb-impl-2.3.0.1.jar:/home/user/.m2/repository/com/sun/xml/bind/jaxb-core/2.3.0.1/jaxb-core-2.3.0.1.jar:/home/user/.m2/repository/javax/xml/bind/jaxb-api/2.3.0/jaxb-api-2.3.0.jar:/home/user/.m2/repository/javax/activation/activation/1.1.1/activation-1.1.1.jar:/home/user/.m2/repository/org/apache/hadoop/hadoop-ozone-csi/0.5.0-SNAPSHOT/hadoop-ozone-csi-0.5.0-SNAPSHOT.jar:/home/user/.m2/repository/com/google/protobuf/protobuf-java-util/3.5.1/protobuf-java-util-3.5.1.jar:/home/user/.m2/repository/org/apache/hadoop/hadoop-hdds-config/0.5.0-SNAPSHOT/hadoop-hdds-config-0.5.0-SNAPSHOT.jar:/home/user/.m2/repository/io/grpc/grpc-netty/1.17.1/grpc-netty-1.17.1.jar:/home/user/.m2/repository/io/grpc/grpc-core/1.17.1/grpc-core-1.17.1.jar:/home/user/.m2/repository/io/grpc/grpc-context/1.17.1/grpc-context-1.17.1.jar:/home/user/.m2/repository/com/google/errorprone/error_prone_annotations/2.2.0/error_prone_annotations-2.2.0.jar:/home/user/.m2/repository/org/codehaus/mojo/animal-sniffer-annotations/1.17/animal-sniffer-annotations-1.17.jar:/home/user/.m2/repository/io/opencensus/opencensus-api/0.17.0/opencensus-api-0.17.0.jar:/home/user/.m2/repository/io/opencensus/opencensus-contrib-grpc-metrics/0.17.0/opencensus-contrib-grpc-metrics-0.17.0.jar:/home/user/.m2/repository/io/netty/netty-codec-http2/4.1.30.Final/netty-codec-http2-4.1.30.Final.jar:/home/user/.m2/repository/io/netty/netty-codec-http/4.1.30.Final/netty-codec-http-4.1.30.Final.jar:/home/user/.m2/repository/io/netty/netty-codec/4.1.30.Final/netty-codec-4.1.30.Final.jar:/home/user/.m2/repository/io/netty/netty-handler/4.1.30.Final/netty-handler-4.1.30.Final.jar:/home/user/.m2/repository/io/netty/netty-handler-proxy/4.1.30.Final/netty-handler-proxy-4.1.30.Final.jar:/home/user/.m2/repository/io/netty/netty-codec-socks/4.1.30.Final/netty-codec-socks-4.1.30.Final.jar:/home/user/.m2/repository/io/netty/netty-transport-native-epoll/4.1.30.Final/netty-transport-native-epoll-4.1.30.Final.jar:/home/user/.m2/repository/io/netty/netty-common/4.1.30.Final/netty-common-4.1.30.Final.jar:/home/user/.m2/repository/io/netty/netty-buffer/4.1.30.Final/netty-buffer-4.1.30.Final.jar:/home/user/.m2/repository/io/netty/netty-transport/4.1.30.Final/netty-transport-4.1.30.Final.jar:/home/user/.m2/repository/io/netty/netty-resolver/4.1.30.Final/netty-resolver-4.1.30.Final.jar:/home/user/.m2/repository/io/netty/netty-transport-native-unix-common/4.1.30.Final/netty-transport-native-unix-common-4.1.30.Final.jar:/home/user/.m2/repository/io/grpc/grpc-protobuf/1.17.1/grpc-protobuf-1.17.1.jar:/home/user/.m2/repository/com/google/api/grpc/proto-google-common-protos/1.0.0/proto-google-common-protos-1.0.0.jar:/home/user/.m2/repository/io/grpc/grpc-protobuf-lite/1.17.1/grpc-protobuf-lite-1.17.1.jar:/home/user/.m2/repository/io/grpc/grpc-stub/1.17.1/grpc-stub-1.17.1.jar:/home/user/.m2/repository/org/apache/hadoop/hadoop-ozone-recon/0.5.0-SNAPSHOT/hadoop-ozone-recon-0.5.0-SNAPSHOT.jar:/home/user/.m2/repository/org/apache/hadoop/hadoop-ozone-reconcodegen/0.5.0-SNAPSHOT/hadoop-ozone-reconcodegen-0.5.0-SNAPSHOT.jar:/home/user/.m2/repository/com/google/inject/extensions/guice-multibindings/4.0/guice-multibindings-4.0.jar:/home/user/.m2/repository/com/google/inject/guice/4.0/guice-4.0.jar:/home/user/.m2/repository/aopalliance/aopalliance/1.0/aopalliance-1.0.jar:/home/user/.m2/repository/com/google/inject/extensions/guice-servlet/4.0/guice-servlet-4.0.jar:/home/user/.m2/repository/org/glassfish/jersey/containers/jersey-container-servlet/2.27/jersey-container-servlet-2.27.jar:/home/user/.m2/repository/org/glassfish/hk2/guice-bridge/2.5.0/guice-bridge-2.5.0.jar:/home/user/.m2/repository/org/glassfish/jersey/core/jersey-server/2.27/jersey-server-2.27.jar:/home/user/.m2/repository/org/glassfish/jersey/core/jersey-client/2.27/jersey-client-2.27.jar:/home/user/.m2/repository/org/glassfish/jersey/media/jersey-media-jaxb/2.27/jersey-media-jaxb-2.27.jar:/home/user/.m2/repository/javax/validation/validation-api/1.1.0.Final/validation-api-1.1.0.Final.jar:/home/user/.m2/repository/org/glassfish/jersey/media/jersey-media-json-jackson/2.27/jersey-media-json-jackson-2.27.jar:/home/user/.m2/repository/org/glassfish/jersey/ext/jersey-entity-filtering/2.27/jersey-entity-filtering-2.27.jar:/home/user/.m2/repository/com/google/inject/extensions/guice-assistedinject/4.0/guice-assistedinject-4.0.jar:/home/user/.m2/repository/org/jooq/jooq/3.11.10/jooq-3.11.10.jar:/home/user/.m2/repository/org/jooq/jooq-meta/3.11.10/jooq-meta-3.11.10.jar:/home/user/.m2/repository/org/jooq/jooq-codegen/3.11.10/jooq-codegen-3.11.10.jar:/home/user/.m2/repository/com/jolbox/bonecp/0.8.0.RELEASE/bonecp-0.8.0.RELEASE.jar:/home/user/.m2/repository/org/xerial/sqlite-jdbc/3.25.2/sqlite-jdbc-3.25.2.jar:/home/user/.m2/repository/org/springframework/spring-jdbc/5.1.3.RELEASE/spring-jdbc-5.1.3.RELEASE.jar:/home/user/.m2/repository/org/springframework/spring-beans/5.1.3.RELEASE/spring-beans-5.1.3.RELEASE.jar:/home/user/.m2/repository/org/springframework/spring-core/5.1.3.RELEASE/spring-core-5.1.3.RELEASE.jar:/home/user/.m2/repository/org/springframework/spring-jcl/5.1.3.RELEASE/spring-jcl-5.1.3.RELEASE.jar:/home/user/.m2/repository/org/springframework/spring-tx/5.1.3.RELEASE/spring-tx-5.1.3.RELEASE.jar:/home/user/.m2/repository/org/apache/hadoop/hadoop-ozone-client/0.5.0-SNAPSHOT/hadoop-ozone-client-0.5.0-SNAPSHOT.jar:/home/user/.m2/repository/commons-lang/commons-lang/2.6/commons-lang-2.6.jar:/home/user/.m2/repository/org/apache/hadoop/hadoop-ozone-ozone-manager/0.5.0-SNAPSHOT/hadoop-ozone-ozone-manager-0.5.0-SNAPSHOT-tests.jar:/home/user/.m2/repository/junit/junit/4.11/junit-4.11.jar:/home/user/.m2/repository/org/hamcrest/hamcrest-core/1.3/hamcrest-core-1.3.jar:/home/user/.m2/repository/org/openjdk/jmh/jmh-core/1.19/jmh-core-1.19.jar:/home/user/.m2/repository/net/sf/jopt-simple/jopt-simple/4.6/jopt-simple-4.6.jar:/home/user/.m2/repository/org/apache/commons/commons-math3/3.1.1/commons-math3-3.1.1.jar:/home/user/.m2/repository/org/openjdk/jmh/jmh-generator-annprocess/1.19/jmh-generator-annprocess-1.19.jar:/home/user/.m2/repository/org/mockito/mockito-all/1.8.5/mockito-all-1.8.5.jar:/home/user/.m2/repository/org/apache/hadoop/hadoop-kms/3.2.0/hadoop-kms-3.2.0.jar:/home/user/.m2/repository/org/apache/hadoop/hadoop-auth/3.2.0/hadoop-auth-3.2.0.jar:/home/user/.m2/repository/com/nimbusds/nimbus-jose-jwt/4.41.1/nimbus-jose-jwt-4.41.1.jar:/home/user/.m2/repository/com/github/stephenc/jcip/jcip-annotations/1.0-1/jcip-annotations-1.0-1.jar:/home/user/.m2/repository/net/minidev/json-smart/2.3/json-smart-2.3.jar:/home/user/.m2/repository/net/minidev/accessors-smart/1.2/accessors-smart-1.2.jar:/home/user/.m2/repository/org/ow2/asm/asm/5.0.4/asm-5.0.4.jar:/home/user/.m2/repository/org/apache/curator/curator-framework/2.12.0/curator-framework-2.12.0.jar:/home/user/.m2/repository/com/sun/jersey/jersey-core/1.19/jersey-core-1.19.jar:/home/user/.m2/repository/javax/ws/rs/jsr311-api/1.1.1/jsr311-api-1.1.1.jar:/home/user/.m2/repository/com/sun/jersey/jersey-server/1.19/jersey-server-1.19.jar:/home/user/.m2/repository/javax/servlet/javax.servlet-api/3.1.0/javax.servlet-api-3.1.0.jar:/home/user/.m2/repository/org/eclipse/jetty/jetty-server/9.3.24.v20180605/jetty-server-9.3.24.v20180605.jar:/home/user/.m2/repository/org/eclipse/jetty/jetty-http/9.3.24.v20180605/jetty-http-9.3.24.v20180605.jar:/home/user/.m2/repository/org/eclipse/jetty/jetty-io/9.3.24.v20180605/jetty-io-9.3.24.v20180605.jar:/home/user/.m2/repository/org/eclipse/jetty/jetty-webapp/9.3.24.v20180605/jetty-webapp-9.3.24.v20180605.jar:/home/user/.m2/repository/org/eclipse/jetty/jetty-xml/9.3.24.v20180605/jetty-xml-9.3.24.v20180605.jar:/home/user/.m2/repository/log4j/log4j/1.2.17/log4j-1.2.17.jar:/home/user/.m2/repository/org/slf4j/slf4j-api/1.7.25/slf4j-api-1.7.25.jar:/home/user/.m2/repository/org/slf4j/jul-to-slf4j/1.7.25/jul-to-slf4j-1.7.25.jar:/home/user/.m2/repository/org/eclipse/jetty/jetty-util/9.3.24.v20180605/jetty-util-9.3.24.v20180605.jar:/home/user/.m2/repository/com/fasterxml/jackson/core/jackson-databind/2.9.5/jackson-databind-2.9.5.jar:/home/user/.m2/repository/org/apache/hadoop/hadoop-kms/3.2.0/hadoop-kms-3.2.0-tests.jar:/home/user/.m2/repository/org/apache/hadoop/hadoop-hdds-server-scm/0.5.0-SNAPSHOT/hadoop-hdds-server-scm-0.5.0-SNAPSHOT-tests.jar:/home/user/.m2/repository/org/apache/hadoop/hadoop-hdds-container-service/0.5.0-SNAPSHOT/hadoop-hdds-container-service-0.5.0-SNAPSHOT-tests.jar:/home/user/.m2/repository/org/yaml/snakeyaml/1.16/snakeyaml-1.16.jar:/home/user/.m2/repository/org/apache/hadoop/hadoop-common/3.2.0/hadoop-common-3.2.0-tests.jar:/home/user/.m2/repository/org/apache/hadoop/hadoop-annotations/3.2.0/hadoop-annotations-3.2.0.jar:/usr/lib/jvm/java-1.8-openjdk/jre/../lib/tools.jar:/home/user/.m2/repository/commons-cli/commons-cli/1.2/commons-cli-1.2.jar:/home/user/.m2/repository/org/apache/httpcomponents/httpclient/4.5.2/httpclient-4.5.2.jar:/home/user/.m2/repository/org/apache/httpcomponents/httpcore/4.4.4/httpcore-4.4.4.jar:/home/user/.m2/repository/commons-codec/commons-codec/1.11/commons-codec-1.11.jar:/home/user/.m2/repository/commons-net/commons-net/3.6/commons-net-3.6.jar:/home/user/.m2/repository/commons-collections/commons-collections/3.2.2/commons-collections-3.2.2.jar:/home/user/.m2/repository/org/eclipse/jetty/jetty-servlet/9.3.24.v20180605/jetty-servlet-9.3.24.v20180605.jar:/home/user/.m2/repository/org/eclipse/jetty/jetty-security/9.3.24.v20180605/jetty-security-9.3.24.v20180605.jar:/home/user/.m2/repository/javax/servlet/jsp/jsp-api/2.1/jsp-api-2.1.jar:/home/user/.m2/repository/com/sun/jersey/jersey-servlet/1.19/jersey-servlet-1.19.jar:/home/user/.m2/repository/com/sun/jersey/jersey-json/1.19/jersey-json-1.19.jar:/home/user/.m2/repository/org/codehaus/jettison/jettison/1.1/jettison-1.1.jar:/home/user/.m2/repository/org/codehaus/jackson/jackson-core-asl/1.9.13/jackson-core-asl-1.9.13.jar:/home/user/.m2/repository/org/codehaus/jackson/jackson-mapper-asl/1.9.13/jackson-mapper-asl-1.9.13.jar:/home/user/.m2/repository/org/codehaus/jackson/jackson-jaxrs/1.9.13/jackson-jaxrs-1.9.13.jar:/home/user/.m2/repository/org/codehaus/jackson/jackson-xc/1.9.13/jackson-xc-1.9.13.jar:/home/user/.m2/repository/commons-logging/commons-logging/1.1.3/commons-logging-1.1.3.jar:/home/user/.m2/repository/commons-beanutils/commons-beanutils/1.9.3/commons-beanutils-1.9.3.jar:/home/user/.m2/repository/org/apache/commons/commons-configuration2/2.1.1/commons-configuration2-2.1.1.jar:/home/user/.m2/repository/org/apache/commons/commons-lang3/3.7/commons-lang3-3.7.jar:/home/user/.m2/repository/org/apache/commons/commons-text/1.4/commons-text-1.4.jar:/home/user/.m2/repository/org/apache/avro/avro/1.7.7/avro-1.7.7.jar:/home/user/.m2/repository/com/thoughtworks/paranamer/paranamer/2.3/paranamer-2.3.jar:/home/user/.m2/repository/org/xerial/snappy/snappy-java/1.0.5/snappy-java-1.0.5.jar:/home/user/.m2/repository/com/google/re2j/re2j/1.1/re2j-1.1.jar:/home/user/.m2/repository/com/google/code/gson/gson/2.2.4/gson-2.2.4.jar:/home/user/.m2/repository/com/jcraft/jsch/0.1.54/jsch-0.1.54.jar:/home/user/.m2/repository/org/apache/curator/curator-client/2.12.0/curator-client-2.12.0.jar:/home/user/.m2/repository/org/apache/curator/curator-recipes/2.12.0/curator-recipes-2.12.0.jar:/home/user/.m2/repository/com/google/code/findbugs/jsr305/3.0.0/jsr305-3.0.0.jar:/home/user/.m2/repository/org/apache/htrace/htrace-core4/4.1.0-incubating/htrace-core4-4.1.0-incubating.jar:/home/user/.m2/repository/org/apache/zookeeper/zookeeper/3.4.13/zookeeper-3.4.13.jar:/home/user/.m2/repository/org/apache/yetus/audience-annotations/0.5.0/audience-annotations-0.5.0.jar:/home/user/.m2/repository/org/codehaus/woodstox/stax2-api/3.1.4/stax2-api-3.1.4.jar:/home/user/.m2/repository/com/fasterxml/woodstox/woodstox-core/5.0.3/woodstox-core-5.0.3.jar:/home/user/.m2/repository/dnsjava/dnsjava/2.1.7/dnsjava-2.1.7.jar:/home/user/.m2/repository/org/apache/hadoop/hadoop-hdfs/3.2.0/hadoop-hdfs-3.2.0-tests.jar:/home/user/.m2/repository/org/eclipse/jetty/jetty-util-ajax/9.3.24.v20180605/jetty-util-ajax-9.3.24.v20180605.jar:/home/user/.m2/repository/commons-daemon/commons-daemon/1.0.13/commons-daemon-1.0.13.jar:/home/user/.m2/repository/io/netty/netty/3.10.5.Final/netty-3.10.5.Final.jar:/home/user/.m2/repository/io/netty/netty-all/4.0.52.Final/netty-all-4.0.52.Final.jar:/home/user/.m2/repository/org/fusesource/leveldbjni/leveldbjni-all/1.8/leveldbjni-all-1.8.jar:"/>
    <property name="java.vm.vendor" value="IcedTea"/>
    <property name="sun.arch.data.model" value="64"/>
    <property name="test.build.dir" value="/tmp/workdir/hadoop-ozone/integration-test/target/test-dir"/>
    <property name="test.cache.data" value=""/>
    <property name="java.vendor.url" value="https://icedtea.classpath.org"/>
    <property name="user.timezone" value=""/>
    <property name="java.vm.specification.version" value="1.8"/>
    <property name="os.name" value="Linux"/>
    <property name="test.build.data" value="/tmp/workdir/hadoop-ozone/integration-test/target/test-dir"/>
    <property name="user.country" value="US"/>
    <property name="sun.java.launcher" value="SUN_STANDARD"/>
    <property name="sun.boot.library.path" value="/usr/lib/jvm/java-1.8-openjdk/jre/lib/amd64"/>
    <property name="sun.java.command" value="/tmp/workdir/hadoop-ozone/integration-test/target/surefire/surefirebooter6381344153611654386.jar /tmp/workdir/hadoop-ozone/integration-test/target/surefire 2019-07-12T12-18-11_956-jvmRun1 surefire114788378196509901tmp surefire_49210151741498856388tmp"/>
    <property name="surefire.test.class.path" value="/tmp/workdir/hadoop-ozone/integration-test/target/test-classes:/tmp/workdir/hadoop-ozone/integration-test/target/classes:/home/user/.m2/repository/org/apache/hadoop/hadoop-ozone-common/0.5.0-SNAPSHOT/hadoop-ozone-common-0.5.0-SNAPSHOT.jar:/home/user/.m2/repository/org/apache/commons/commons-compress/1.4.1/commons-compress-1.4.1.jar:/home/user/.m2/repository/org/tukaani/xz/1.0/xz-1.0.jar:/home/user/.m2/repository/org/apache/hadoop/hadoop-common/3.2.0/hadoop-common-3.2.0.jar:/home/user/.m2/repository/org/apache/hadoop/hadoop-hdfs/3.2.0/hadoop-hdfs-3.2.0.jar:/home/user/.m2/repository/org/apache/hadoop/hadoop-hdfs-client/3.2.0/hadoop-hdfs-client-3.2.0.jar:/home/user/.m2/repository/com/fasterxml/jackson/core/jackson-annotations/2.9.5/jackson-annotations-2.9.5.jar:/home/user/.m2/repository/org/apache/hadoop/hadoop-hdds-common/0.5.0-SNAPSHOT/hadoop-hdds-common-0.5.0-SNAPSHOT.jar:/home/user/.m2/repository/javax/annotation/javax.annotation-api/1.2/javax.annotation-api-1.2.jar:/home/user/.m2/repository/org/apache/ratis/ratis-server/0.4.0-2337318-SNAPSHOT/ratis-server-0.4.0-2337318-SNAPSHOT.jar:/home/user/.m2/repository/org/apache/ratis/ratis-thirdparty-misc/0.2.0/ratis-thirdparty-misc-0.2.0.jar:/home/user/.m2/repository/org/apache/ratis/ratis-proto/0.4.0-2337318-SNAPSHOT/ratis-proto-0.4.0-2337318-SNAPSHOT.jar:/home/user/.m2/repository/org/apache/ratis/ratis-common/0.4.0-2337318-SNAPSHOT/ratis-common-0.4.0-2337318-SNAPSHOT.jar:/home/user/.m2/repository/org/apache/ratis/ratis-client/0.4.0-2337318-SNAPSHOT/ratis-client-0.4.0-2337318-SNAPSHOT.jar:/home/user/.m2/repository/org/apache/ratis/ratis-metrics/0.4.0-2337318-SNAPSHOT/ratis-metrics-0.4.0-2337318-SNAPSHOT.jar:/home/user/.m2/repository/org/apache/ratis/ratis-netty/0.4.0-2337318-SNAPSHOT/ratis-netty-0.4.0-2337318-SNAPSHOT.jar:/home/user/.m2/repository/org/apache/ratis/ratis-grpc/0.4.0-2337318-SNAPSHOT/ratis-grpc-0.4.0-2337318-SNAPSHOT.jar:/home/user/.m2/repository/org/rocksdb/rocksdbjni/6.0.1/rocksdbjni-6.0.1.jar:/home/user/.m2/repository/org/apache/logging/log4j/log4j-api/2.11.0/log4j-api-2.11.0.jar:/home/user/.m2/repository/org/apache/logging/log4j/log4j-core/2.11.0/log4j-core-2.11.0.jar:/home/user/.m2/repository/com/lmax/disruptor/3.4.2/disruptor-3.4.2.jar:/home/user/.m2/repository/org/apache/commons/commons-pool2/2.6.0/commons-pool2-2.6.0.jar:/home/user/.m2/repository/org/bouncycastle/bcpkix-jdk15on/1.60/bcpkix-jdk15on-1.60.jar:/home/user/.m2/repository/commons-validator/commons-validator/1.6/commons-validator-1.6.jar:/home/user/.m2/repository/commons-digester/commons-digester/1.8.1/commons-digester-1.8.1.jar:/home/user/.m2/repository/io/jaegertracing/jaeger-client/0.33.1/jaeger-client-0.33.1.jar:/home/user/.m2/repository/io/jaegertracing/jaeger-thrift/0.33.1/jaeger-thrift-0.33.1.jar:/home/user/.m2/repository/org/apache/thrift/libthrift/0.11.0/libthrift-0.11.0.jar:/home/user/.m2/repository/com/squareup/okhttp3/okhttp/3.9.0/okhttp-3.9.0.jar:/home/user/.m2/repository/com/squareup/okio/okio/1.13.0/okio-1.13.0.jar:/home/user/.m2/repository/io/jaegertracing/jaeger-core/0.33.1/jaeger-core-0.33.1.jar:/home/user/.m2/repository/io/jaegertracing/jaeger-tracerresolver/0.33.1/jaeger-tracerresolver-0.33.1.jar:/home/user/.m2/repository/io/opentracing/contrib/opentracing-tracerresolver/0.1.5/opentracing-tracerresolver-0.1.5.jar:/home/user/.m2/repository/io/opentracing/opentracing-util/0.31.0/opentracing-util-0.31.0.jar:/home/user/.m2/repository/io/opentracing/opentracing-api/0.31.0/opentracing-api-0.31.0.jar:/home/user/.m2/repository/io/opentracing/opentracing-noop/0.31.0/opentracing-noop-0.31.0.jar:/home/user/.m2/repository/org/apache/hadoop/hadoop-hdds-server-framework/0.5.0-SNAPSHOT/hadoop-hdds-server-framework-0.5.0-SNAPSHOT.jar:/home/user/.m2/repository/org/apache/hadoop/hadoop-hdds-container-service/0.5.0-SNAPSHOT/hadoop-hdds-container-service-0.5.0-SNAPSHOT.jar:/home/user/.m2/repository/org/apache/hadoop/hadoop-hdds-client/0.5.0-SNAPSHOT/hadoop-hdds-client-0.5.0-SNAPSHOT.jar:/home/user/.m2/repository/org/apache/hadoop/hadoop-hdds-tools/0.5.0-SNAPSHOT/hadoop-hdds-tools-0.5.0-SNAPSHOT.jar:/home/user/.m2/repository/org/apache/hadoop/hadoop-hdds-server-scm/0.5.0-SNAPSHOT/hadoop-hdds-server-scm-0.5.0-SNAPSHOT.jar:/home/user/.m2/repository/org/apache/hadoop/hadoop-hdds-docs/0.5.0-SNAPSHOT/hadoop-hdds-docs-0.5.0-SNAPSHOT.jar:/home/user/.m2/repository/io/dropwizard/metrics/metrics-core/3.2.4/metrics-core-3.2.4.jar:/home/user/.m2/repository/org/hamcrest/hamcrest-all/1.3/hamcrest-all-1.3.jar:/home/user/.m2/repository/org/bouncycastle/bcprov-jdk15on/1.60/bcprov-jdk15on-1.60.jar:/home/user/.m2/repository/info/picocli/picocli/3.9.6/picocli-3.9.6.jar:/home/user/.m2/repository/com/google/protobuf/protobuf-java/2.5.0/protobuf-java-2.5.0.jar:/home/user/.m2/repository/com/google/guava/guava/11.0.2/guava-11.0.2.jar:/home/user/.m2/repository/org/apache/hadoop/hadoop-ozone-ozone-manager/0.5.0-SNAPSHOT/hadoop-ozone-ozone-manager-0.5.0-SNAPSHOT.jar:/home/user/.m2/repository/org/apache/hadoop/hadoop-minikdc/3.2.0/hadoop-minikdc-3.2.0.jar:/home/user/.m2/repository/commons-io/commons-io/2.5/commons-io-2.5.jar:/home/user/.m2/repository/org/apache/kerby/kerb-simplekdc/1.0.1/kerb-simplekdc-1.0.1.jar:/home/user/.m2/repository/org/apache/kerby/kerb-client/1.0.1/kerb-client-1.0.1.jar:/home/user/.m2/repository/org/apache/kerby/kerby-config/1.0.1/kerby-config-1.0.1.jar:/home/user/.m2/repository/org/apache/kerby/kerb-core/1.0.1/kerb-core-1.0.1.jar:/home/user/.m2/repository/org/apache/kerby/kerby-pkix/1.0.1/kerby-pkix-1.0.1.jar:/home/user/.m2/repository/org/apache/kerby/kerby-asn1/1.0.1/kerby-asn1-1.0.1.jar:/home/user/.m2/repository/org/apache/kerby/kerby-util/1.0.1/kerby-util-1.0.1.jar:/home/user/.m2/repository/org/apache/kerby/kerb-common/1.0.1/kerb-common-1.0.1.jar:/home/user/.m2/repository/org/apache/kerby/kerb-crypto/1.0.1/kerb-crypto-1.0.1.jar:/home/user/.m2/repository/org/apache/kerby/kerb-util/1.0.1/kerb-util-1.0.1.jar:/home/user/.m2/repository/org/apache/kerby/token-provider/1.0.1/token-provider-1.0.1.jar:/home/user/.m2/repository/org/apache/kerby/kerb-admin/1.0.1/kerb-admin-1.0.1.jar:/home/user/.m2/repository/org/apache/kerby/kerb-server/1.0.1/kerb-server-1.0.1.jar:/home/user/.m2/repository/org/apache/kerby/kerb-identity/1.0.1/kerb-identity-1.0.1.jar:/home/user/.m2/repository/org/apache/kerby/kerby-xdr/1.0.1/kerby-xdr-1.0.1.jar:/home/user/.m2/repository/org/slf4j/slf4j-log4j12/1.7.25/slf4j-log4j12-1.7.25.jar:/home/user/.m2/repository/org/apache/hadoop/hadoop-ozone-objectstore-service/0.5.0-SNAPSHOT/hadoop-ozone-objectstore-service-0.5.0-SNAPSHOT.jar:/home/user/.m2/repository/org/apache/hadoop/hadoop-ozone-s3gateway/0.5.0-SNAPSHOT/hadoop-ozone-s3gateway-0.5.0-SNAPSHOT.jar:/home/user/.m2/repository/org/jboss/weld/servlet/weld-servlet/2.4.7.Final/weld-servlet-2.4.7.Final.jar:/home/user/.m2/repository/org/glassfish/jersey/containers/jersey-container-servlet-core/2.27/jersey-container-servlet-core-2.27.jar:/home/user/.m2/repository/org/glassfish/hk2/external/javax.inject/2.5.0-b42/javax.inject-2.5.0-b42.jar:/home/user/.m2/repository/org/glassfish/jersey/core/jersey-common/2.27/jersey-common-2.27.jar:/home/user/.m2/repository/org/glassfish/hk2/osgi-resource-locator/1.0.1/osgi-resource-locator-1.0.1.jar:/home/user/.m2/repository/javax/ws/rs/javax.ws.rs-api/2.1/javax.ws.rs-api-2.1.jar:/home/user/.m2/repository/org/glassfish/jersey/ext/cdi/jersey-cdi1x/2.27/jersey-cdi1x-2.27.jar:/home/user/.m2/repository/org/glassfish/jersey/inject/jersey-hk2/2.27/jersey-hk2-2.27.jar:/home/user/.m2/repository/org/glassfish/hk2/hk2-locator/2.5.0-b42/hk2-locator-2.5.0-b42.jar:/home/user/.m2/repository/org/javassist/javassist/3.22.0-CR2/javassist-3.22.0-CR2.jar:/home/user/.m2/repository/org/glassfish/hk2/hk2-api/2.5.0/hk2-api-2.5.0.jar:/home/user/.m2/repository/org/glassfish/hk2/external/jakarta.inject/2.5.0/jakarta.inject-2.5.0.jar:/home/user/.m2/repository/org/glassfish/hk2/hk2-utils/2.5.0/hk2-utils-2.5.0.jar:/home/user/.m2/repository/jakarta/annotation/jakarta.annotation-api/1.3.4/jakarta.annotation-api-1.3.4.jar:/home/user/.m2/repository/org/glassfish/hk2/external/aopalliance-repackaged/2.5.0/aopalliance-repackaged-2.5.0.jar:/home/user/.m2/repository/com/fasterxml/jackson/dataformat/jackson-dataformat-xml/2.9.0/jackson-dataformat-xml-2.9.0.jar:/home/user/.m2/repository/com/fasterxml/jackson/core/jackson-core/2.9.5/jackson-core-2.9.5.jar:/home/user/.m2/repository/com/fasterxml/jackson/module/jackson-module-jaxb-annotations/2.9.5/jackson-module-jaxb-annotations-2.9.5.jar:/home/user/.m2/repository/javax/enterprise/cdi-api/1.2/cdi-api-1.2.jar:/home/user/.m2/repository/javax/el/javax.el-api/3.0.0/javax.el-api-3.0.0.jar:/home/user/.m2/repository/javax/interceptor/javax.interceptor-api/1.2/javax.interceptor-api-1.2.jar:/home/user/.m2/repository/javax/inject/javax.inject/1/javax.inject-1.jar:/home/user/.m2/repository/com/sun/xml/bind/jaxb-impl/2.3.0.1/jaxb-impl-2.3.0.1.jar:/home/user/.m2/repository/com/sun/xml/bind/jaxb-core/2.3.0.1/jaxb-core-2.3.0.1.jar:/home/user/.m2/repository/javax/xml/bind/jaxb-api/2.3.0/jaxb-api-2.3.0.jar:/home/user/.m2/repository/javax/activation/activation/1.1.1/activation-1.1.1.jar:/home/user/.m2/repository/org/apache/hadoop/hadoop-ozone-csi/0.5.0-SNAPSHOT/hadoop-ozone-csi-0.5.0-SNAPSHOT.jar:/home/user/.m2/repository/com/google/protobuf/protobuf-java-util/3.5.1/protobuf-java-util-3.5.1.jar:/home/user/.m2/repository/org/apache/hadoop/hadoop-hdds-config/0.5.0-SNAPSHOT/hadoop-hdds-config-0.5.0-SNAPSHOT.jar:/home/user/.m2/repository/io/grpc/grpc-netty/1.17.1/grpc-netty-1.17.1.jar:/home/user/.m2/repository/io/grpc/grpc-core/1.17.1/grpc-core-1.17.1.jar:/home/user/.m2/repository/io/grpc/grpc-context/1.17.1/grpc-context-1.17.1.jar:/home/user/.m2/repository/com/google/errorprone/error_prone_annotations/2.2.0/error_prone_annotations-2.2.0.jar:/home/user/.m2/repository/org/codehaus/mojo/animal-sniffer-annotations/1.17/animal-sniffer-annotations-1.17.jar:/home/user/.m2/repository/io/opencensus/opencensus-api/0.17.0/opencensus-api-0.17.0.jar:/home/user/.m2/repository/io/opencensus/opencensus-contrib-grpc-metrics/0.17.0/opencensus-contrib-grpc-metrics-0.17.0.jar:/home/user/.m2/repository/io/netty/netty-codec-http2/4.1.30.Final/netty-codec-http2-4.1.30.Final.jar:/home/user/.m2/repository/io/netty/netty-codec-http/4.1.30.Final/netty-codec-http-4.1.30.Final.jar:/home/user/.m2/repository/io/netty/netty-codec/4.1.30.Final/netty-codec-4.1.30.Final.jar:/home/user/.m2/repository/io/netty/netty-handler/4.1.30.Final/netty-handler-4.1.30.Final.jar:/home/user/.m2/repository/io/netty/netty-handler-proxy/4.1.30.Final/netty-handler-proxy-4.1.30.Final.jar:/home/user/.m2/repository/io/netty/netty-codec-socks/4.1.30.Final/netty-codec-socks-4.1.30.Final.jar:/home/user/.m2/repository/io/netty/netty-transport-native-epoll/4.1.30.Final/netty-transport-native-epoll-4.1.30.Final.jar:/home/user/.m2/repository/io/netty/netty-common/4.1.30.Final/netty-common-4.1.30.Final.jar:/home/user/.m2/repository/io/netty/netty-buffer/4.1.30.Final/netty-buffer-4.1.30.Final.jar:/home/user/.m2/repository/io/netty/netty-transport/4.1.30.Final/netty-transport-4.1.30.Final.jar:/home/user/.m2/repository/io/netty/netty-resolver/4.1.30.Final/netty-resolver-4.1.30.Final.jar:/home/user/.m2/repository/io/netty/netty-transport-native-unix-common/4.1.30.Final/netty-transport-native-unix-common-4.1.30.Final.jar:/home/user/.m2/repository/io/grpc/grpc-protobuf/1.17.1/grpc-protobuf-1.17.1.jar:/home/user/.m2/repository/com/google/api/grpc/proto-google-common-protos/1.0.0/proto-google-common-protos-1.0.0.jar:/home/user/.m2/repository/io/grpc/grpc-protobuf-lite/1.17.1/grpc-protobuf-lite-1.17.1.jar:/home/user/.m2/repository/io/grpc/grpc-stub/1.17.1/grpc-stub-1.17.1.jar:/home/user/.m2/repository/org/apache/hadoop/hadoop-ozone-recon/0.5.0-SNAPSHOT/hadoop-ozone-recon-0.5.0-SNAPSHOT.jar:/home/user/.m2/repository/org/apache/hadoop/hadoop-ozone-reconcodegen/0.5.0-SNAPSHOT/hadoop-ozone-reconcodegen-0.5.0-SNAPSHOT.jar:/home/user/.m2/repository/com/google/inject/extensions/guice-multibindings/4.0/guice-multibindings-4.0.jar:/home/user/.m2/repository/com/google/inject/guice/4.0/guice-4.0.jar:/home/user/.m2/repository/aopalliance/aopalliance/1.0/aopalliance-1.0.jar:/home/user/.m2/repository/com/google/inject/extensions/guice-servlet/4.0/guice-servlet-4.0.jar:/home/user/.m2/repository/org/glassfish/jersey/containers/jersey-container-servlet/2.27/jersey-container-servlet-2.27.jar:/home/user/.m2/repository/org/glassfish/hk2/guice-bridge/2.5.0/guice-bridge-2.5.0.jar:/home/user/.m2/repository/org/glassfish/jersey/core/jersey-server/2.27/jersey-server-2.27.jar:/home/user/.m2/repository/org/glassfish/jersey/core/jersey-client/2.27/jersey-client-2.27.jar:/home/user/.m2/repository/org/glassfish/jersey/media/jersey-media-jaxb/2.27/jersey-media-jaxb-2.27.jar:/home/user/.m2/repository/javax/validation/validation-api/1.1.0.Final/validation-api-1.1.0.Final.jar:/home/user/.m2/repository/org/glassfish/jersey/media/jersey-media-json-jackson/2.27/jersey-media-json-jackson-2.27.jar:/home/user/.m2/repository/org/glassfish/jersey/ext/jersey-entity-filtering/2.27/jersey-entity-filtering-2.27.jar:/home/user/.m2/repository/com/google/inject/extensions/guice-assistedinject/4.0/guice-assistedinject-4.0.jar:/home/user/.m2/repository/org/jooq/jooq/3.11.10/jooq-3.11.10.jar:/home/user/.m2/repository/org/jooq/jooq-meta/3.11.10/jooq-meta-3.11.10.jar:/home/user/.m2/repository/org/jooq/jooq-codegen/3.11.10/jooq-codegen-3.11.10.jar:/home/user/.m2/repository/com/jolbox/bonecp/0.8.0.RELEASE/bonecp-0.8.0.RELEASE.jar:/home/user/.m2/repository/org/xerial/sqlite-jdbc/3.25.2/sqlite-jdbc-3.25.2.jar:/home/user/.m2/repository/org/springframework/spring-jdbc/5.1.3.RELEASE/spring-jdbc-5.1.3.RELEASE.jar:/home/user/.m2/repository/org/springframework/spring-beans/5.1.3.RELEASE/spring-beans-5.1.3.RELEASE.jar:/home/user/.m2/repository/org/springframework/spring-core/5.1.3.RELEASE/spring-core-5.1.3.RELEASE.jar:/home/user/.m2/repository/org/springframework/spring-jcl/5.1.3.RELEASE/spring-jcl-5.1.3.RELEASE.jar:/home/user/.m2/repository/org/springframework/spring-tx/5.1.3.RELEASE/spring-tx-5.1.3.RELEASE.jar:/home/user/.m2/repository/org/apache/hadoop/hadoop-ozone-client/0.5.0-SNAPSHOT/hadoop-ozone-client-0.5.0-SNAPSHOT.jar:/home/user/.m2/repository/commons-lang/commons-lang/2.6/commons-lang-2.6.jar:/home/user/.m2/repository/org/apache/hadoop/hadoop-ozone-ozone-manager/0.5.0-SNAPSHOT/hadoop-ozone-ozone-manager-0.5.0-SNAPSHOT-tests.jar:/home/user/.m2/repository/junit/junit/4.11/junit-4.11.jar:/home/user/.m2/repository/org/hamcrest/hamcrest-core/1.3/hamcrest-core-1.3.jar:/home/user/.m2/repository/org/openjdk/jmh/jmh-core/1.19/jmh-core-1.19.jar:/home/user/.m2/repository/net/sf/jopt-simple/jopt-simple/4.6/jopt-simple-4.6.jar:/home/user/.m2/repository/org/apache/commons/commons-math3/3.1.1/commons-math3-3.1.1.jar:/home/user/.m2/repository/org/openjdk/jmh/jmh-generator-annprocess/1.19/jmh-generator-annprocess-1.19.jar:/home/user/.m2/repository/org/mockito/mockito-all/1.8.5/mockito-all-1.8.5.jar:/home/user/.m2/repository/org/apache/hadoop/hadoop-kms/3.2.0/hadoop-kms-3.2.0.jar:/home/user/.m2/repository/org/apache/hadoop/hadoop-auth/3.2.0/hadoop-auth-3.2.0.jar:/home/user/.m2/repository/com/nimbusds/nimbus-jose-jwt/4.41.1/nimbus-jose-jwt-4.41.1.jar:/home/user/.m2/repository/com/github/stephenc/jcip/jcip-annotations/1.0-1/jcip-annotations-1.0-1.jar:/home/user/.m2/repository/net/minidev/json-smart/2.3/json-smart-2.3.jar:/home/user/.m2/repository/net/minidev/accessors-smart/1.2/accessors-smart-1.2.jar:/home/user/.m2/repository/org/ow2/asm/asm/5.0.4/asm-5.0.4.jar:/home/user/.m2/repository/org/apache/curator/curator-framework/2.12.0/curator-framework-2.12.0.jar:/home/user/.m2/repository/com/sun/jersey/jersey-core/1.19/jersey-core-1.19.jar:/home/user/.m2/repository/javax/ws/rs/jsr311-api/1.1.1/jsr311-api-1.1.1.jar:/home/user/.m2/repository/com/sun/jersey/jersey-server/1.19/jersey-server-1.19.jar:/home/user/.m2/repository/javax/servlet/javax.servlet-api/3.1.0/javax.servlet-api-3.1.0.jar:/home/user/.m2/repository/org/eclipse/jetty/jetty-server/9.3.24.v20180605/jetty-server-9.3.24.v20180605.jar:/home/user/.m2/repository/org/eclipse/jetty/jetty-http/9.3.24.v20180605/jetty-http-9.3.24.v20180605.jar:/home/user/.m2/repository/org/eclipse/jetty/jetty-io/9.3.24.v20180605/jetty-io-9.3.24.v20180605.jar:/home/user/.m2/repository/org/eclipse/jetty/jetty-webapp/9.3.24.v20180605/jetty-webapp-9.3.24.v20180605.jar:/home/user/.m2/repository/org/eclipse/jetty/jetty-xml/9.3.24.v20180605/jetty-xml-9.3.24.v20180605.jar:/home/user/.m2/repository/log4j/log4j/1.2.17/log4j-1.2.17.jar:/home/user/.m2/repository/org/slf4j/slf4j-api/1.7.25/slf4j-api-1.7.25.jar:/home/user/.m2/repository/org/slf4j/jul-to-slf4j/1.7.25/jul-to-slf4j-1.7.25.jar:/home/user/.m2/repository/org/eclipse/jetty/jetty-util/9.3.24.v20180605/jetty-util-9.3.24.v20180605.jar:/home/user/.m2/repository/com/fasterxml/jackson/core/jackson-databind/2.9.5/jackson-databind-2.9.5.jar:/home/user/.m2/repository/org/apache/hadoop/hadoop-kms/3.2.0/hadoop-kms-3.2.0-tests.jar:/home/user/.m2/repository/org/apache/hadoop/hadoop-hdds-server-scm/0.5.0-SNAPSHOT/hadoop-hdds-server-scm-0.5.0-SNAPSHOT-tests.jar:/home/user/.m2/repository/org/apache/hadoop/hadoop-hdds-container-service/0.5.0-SNAPSHOT/hadoop-hdds-container-service-0.5.0-SNAPSHOT-tests.jar:/home/user/.m2/repository/org/yaml/snakeyaml/1.16/snakeyaml-1.16.jar:/home/user/.m2/repository/org/apache/hadoop/hadoop-common/3.2.0/hadoop-common-3.2.0-tests.jar:/home/user/.m2/repository/org/apache/hadoop/hadoop-annotations/3.2.0/hadoop-annotations-3.2.0.jar:/usr/lib/jvm/java-1.8-openjdk/jre/../lib/tools.jar:/home/user/.m2/repository/commons-cli/commons-cli/1.2/commons-cli-1.2.jar:/home/user/.m2/repository/org/apache/httpcomponents/httpclient/4.5.2/httpclient-4.5.2.jar:/home/user/.m2/repository/org/apache/httpcomponents/httpcore/4.4.4/httpcore-4.4.4.jar:/home/user/.m2/repository/commons-codec/commons-codec/1.11/commons-codec-1.11.jar:/home/user/.m2/repository/commons-net/commons-net/3.6/commons-net-3.6.jar:/home/user/.m2/repository/commons-collections/commons-collections/3.2.2/commons-collections-3.2.2.jar:/home/user/.m2/repository/org/eclipse/jetty/jetty-servlet/9.3.24.v20180605/jetty-servlet-9.3.24.v20180605.jar:/home/user/.m2/repository/org/eclipse/jetty/jetty-security/9.3.24.v20180605/jetty-security-9.3.24.v20180605.jar:/home/user/.m2/repository/javax/servlet/jsp/jsp-api/2.1/jsp-api-2.1.jar:/home/user/.m2/repository/com/sun/jersey/jersey-servlet/1.19/jersey-servlet-1.19.jar:/home/user/.m2/repository/com/sun/jersey/jersey-json/1.19/jersey-json-1.19.jar:/home/user/.m2/repository/org/codehaus/jettison/jettison/1.1/jettison-1.1.jar:/home/user/.m2/repository/org/codehaus/jackson/jackson-core-asl/1.9.13/jackson-core-asl-1.9.13.jar:/home/user/.m2/repository/org/codehaus/jackson/jackson-mapper-asl/1.9.13/jackson-mapper-asl-1.9.13.jar:/home/user/.m2/repository/org/codehaus/jackson/jackson-jaxrs/1.9.13/jackson-jaxrs-1.9.13.jar:/home/user/.m2/repository/org/codehaus/jackson/jackson-xc/1.9.13/jackson-xc-1.9.13.jar:/home/user/.m2/repository/commons-logging/commons-logging/1.1.3/commons-logging-1.1.3.jar:/home/user/.m2/repository/commons-beanutils/commons-beanutils/1.9.3/commons-beanutils-1.9.3.jar:/home/user/.m2/repository/org/apache/commons/commons-configuration2/2.1.1/commons-configuration2-2.1.1.jar:/home/user/.m2/repository/org/apache/commons/commons-lang3/3.7/commons-lang3-3.7.jar:/home/user/.m2/repository/org/apache/commons/commons-text/1.4/commons-text-1.4.jar:/home/user/.m2/repository/org/apache/avro/avro/1.7.7/avro-1.7.7.jar:/home/user/.m2/repository/com/thoughtworks/paranamer/paranamer/2.3/paranamer-2.3.jar:/home/user/.m2/repository/org/xerial/snappy/snappy-java/1.0.5/snappy-java-1.0.5.jar:/home/user/.m2/repository/com/google/re2j/re2j/1.1/re2j-1.1.jar:/home/user/.m2/repository/com/google/code/gson/gson/2.2.4/gson-2.2.4.jar:/home/user/.m2/repository/com/jcraft/jsch/0.1.54/jsch-0.1.54.jar:/home/user/.m2/repository/org/apache/curator/curator-client/2.12.0/curator-client-2.12.0.jar:/home/user/.m2/repository/org/apache/curator/curator-recipes/2.12.0/curator-recipes-2.12.0.jar:/home/user/.m2/repository/com/google/code/findbugs/jsr305/3.0.0/jsr305-3.0.0.jar:/home/user/.m2/repository/org/apache/htrace/htrace-core4/4.1.0-incubating/htrace-core4-4.1.0-incubating.jar:/home/user/.m2/repository/org/apache/zookeeper/zookeeper/3.4.13/zookeeper-3.4.13.jar:/home/user/.m2/repository/org/apache/yetus/audience-annotations/0.5.0/audience-annotations-0.5.0.jar:/home/user/.m2/repository/org/codehaus/woodstox/stax2-api/3.1.4/stax2-api-3.1.4.jar:/home/user/.m2/repository/com/fasterxml/woodstox/woodstox-core/5.0.3/woodstox-core-5.0.3.jar:/home/user/.m2/repository/dnsjava/dnsjava/2.1.7/dnsjava-2.1.7.jar:/home/user/.m2/repository/org/apache/hadoop/hadoop-hdfs/3.2.0/hadoop-hdfs-3.2.0-tests.jar:/home/user/.m2/repository/org/eclipse/jetty/jetty-util-ajax/9.3.24.v20180605/jetty-util-ajax-9.3.24.v20180605.jar:/home/user/.m2/repository/commons-daemon/commons-daemon/1.0.13/commons-daemon-1.0.13.jar:/home/user/.m2/repository/io/netty/netty/3.10.5.Final/netty-3.10.5.Final.jar:/home/user/.m2/repository/io/netty/netty-all/4.0.52.Final/netty-all-4.0.52.Final.jar:/home/user/.m2/repository/org/fusesource/leveldbjni/leveldbjni-all/1.8/leveldbjni-all-1.8.jar:"/>
    <property name="sun.cpu.endian" value="little"/>
    <property name="user.home" value="/home/user"/>
    <property name="user.language" value="en"/>
    <property name="java.specification.vendor" value="Oracle Corporation"/>
    <property name="java.home" value="/usr/lib/jvm/java-1.8-openjdk/jre"/>
    <property name="java.security.krb5.conf" value="/tmp/workdir/hadoop-ozone/integration-test/target/test-classes/krb5.conf"/>
    <property name="basedir" value="/tmp/workdir/hadoop-ozone/integration-test"/>
    <property name="file.separator" value="/"/>
    <property name="line.separator" value="&#10;"/>
    <property name="java.vm.specification.vendor" value="Oracle Corporation"/>
    <property name="java.specification.name" value="Java Platform API Specification"/>
    <property name="java.awt.graphicsenv" value="sun.awt.X11GraphicsEnvironment"/>
    <property name="surefire.real.class.path" value="/tmp/workdir/hadoop-ozone/integration-test/target/surefire/surefirebooter6381344153611654386.jar"/>
    <property name="hadoop.log.dir" value="/tmp/workdir/hadoop-ozone/integration-test/target/log"/>
    <property name="sun.boot.class.path" value="/usr/lib/jvm/java-1.8-openjdk/jre/lib/resources.jar:/usr/lib/jvm/java-1.8-openjdk/jre/lib/rt.jar:/usr/lib/jvm/java-1.8-openjdk/jre/lib/sunrsasign.jar:/usr/lib/jvm/java-1.8-openjdk/jre/lib/jsse.jar:/usr/lib/jvm/java-1.8-openjdk/jre/lib/jce.jar:/usr/lib/jvm/java-1.8-openjdk/jre/lib/charsets.jar:/usr/lib/jvm/java-1.8-openjdk/jre/lib/jfr.jar:/usr/lib/jvm/java-1.8-openjdk/jre/classes"/>
    <property name="sun.management.compiler" value="HotSpot 64-Bit Tiered Compilers"/>
    <property name="java.runtime.version" value="1.8.0_212-b04"/>
    <property name="java.net.preferIPv4Stack" value="true"/>
    <property name="user.name" value="jenkins1000"/>
    <property name="path.separator" value=":"/>
    <property name="java.security.egd" value="file:///dev/urandom"/>
    <property name="os.version" value="3.10.0-957.12.2.el7.x86_64"/>
    <property name="java.endorsed.dirs" value="/usr/lib/jvm/java-1.8-openjdk/jre/lib/endorsed"/>
    <property name="java.runtime.name" value="OpenJDK Runtime Environment"/>
    <property name="file.encoding" value="UTF-8"/>
    <property name="java.vm.name" value="OpenJDK 64-Bit Server VM"/>
    <property name="test.build.webapps" value=""/>
    <property name="localRepository" value="/home/user/.m2/repository"/>
    <property name="java.vendor.url.bug" value="https://icedtea.classpath.org/bugzilla"/>
    <property name="java.io.tmpdir" value="/tmp"/>
    <property name="require.test.libhadoop" value=""/>
    <property name="java.version" value="1.8.0_212"/>
    <property name="user.dir" value="/tmp/workdir/hadoop-ozone/integration-test"/>
    <property name="os.arch" value="amd64"/>
    <property name="java.vm.specification.name" value="Java Virtual Machine Specification"/>
    <property name="test.build.classes" value="/tmp/workdir/hadoop-ozone/integration-test/target/test-classes"/>
    <property name="java.awt.printerjob" value="sun.print.PSPrinterJob"/>
    <property name="sun.os.patch.level" value="unknown"/>
    <property name="hadoop.tmp.dir" value="/tmp/workdir/hadoop-ozone/integration-test/target/tmp"/>
    <property name="java.library.path" value="/usr/lib/jvm/java-1.8-openjdk/jre/lib/amd64/server:/usr/lib/jvm/java-1.8-openjdk/jre/lib/amd64:/usr/lib/jvm/java-1.8-openjdk/jre/../lib/amd64:/tmp/workdir/hadoop-ozone/integration-test/target/native/target/usr/local/lib:/tmp/workdir/hadoop-ozone/integration-test/../../hadoop-common-project/hadoop-common/target/native/target/usr/local/lib:/usr/java/packages/lib/amd64:/usr/lib64:/lib64:/lib:/usr/lib"/>
    <property name="java.vm.info" value="mixed mode"/>
    <property name="java.vendor" value="IcedTea"/>
    <property name="java.vm.version" value="25.212-b04"/>
    <property name="java.ext.dirs" value="/usr/lib/jvm/java-1.8-openjdk/jre/lib/ext:/usr/java/packages/lib/ext"/>
    <property name="sun.io.unicode.encoding" value="UnicodeLittle"/>
    <property name="java.class.version" value="52.0"/>
  </properties>
  <testcase name="testBlockWriteViaRatis" classname="org.apache.hadoop.ozone.client.rpc.TestCloseContainerHandlingByClient" time="12.888">
    <error type="java.lang.IllegalArgumentException">java.lang.IllegalArgumentException
	at com.google.common.base.Preconditions.checkArgument(Preconditions.java:72)
	at org.apache.hadoop.hdds.scm.XceiverClientManager.acquireClient(XceiverClientManager.java:150)
	at org.apache.hadoop.hdds.scm.XceiverClientManager.acquireClientForReadData(XceiverClientManager.java:143)
	at org.apache.hadoop.hdds.scm.storage.BlockInputStream.getChunkInfos(BlockInputStream.java:154)
	at org.apache.hadoop.hdds.scm.storage.BlockInputStream.initialize(BlockInputStream.java:118)
	at org.apache.hadoop.hdds.scm.storage.BlockInputStream.read(BlockInputStream.java:222)
	at org.apache.hadoop.ozone.client.io.KeyInputStream.read(KeyInputStream.java:171)
	at org.apache.hadoop.ozone.client.io.OzoneInputStream.read(OzoneInputStream.java:47)
	at java.io.InputStream.read(InputStream.java:101)
	at org.apache.hadoop.ozone.container.ContainerTestHelper.validateData(ContainerTestHelper.java:709)
	at org.apache.hadoop.ozone.client.rpc.TestCloseContainerHandlingByClient.validateData(TestCloseContainerHandlingByClient.java:401)
	at org.apache.hadoop.ozone.client.rpc.TestCloseContainerHandlingByClient.testBlockWriteViaRatis(TestCloseContainerHandlingByClient.java:433)
	at sun.reflect.NativeMethodAccessorImpl.invoke0(Native Method)
	at sun.reflect.NativeMethodAccessorImpl.invoke(NativeMethodAccessorImpl.java:62)
	at sun.reflect.DelegatingMethodAccessorImpl.invoke(DelegatingMethodAccessorImpl.java:43)
	at java.lang.reflect.Method.invoke(Method.java:498)
	at org.junit.runners.model.FrameworkMethod$1.runReflectiveCall(FrameworkMethod.java:47)
	at org.junit.internal.runners.model.ReflectiveCallable.run(ReflectiveCallable.java:12)
	at org.junit.runners.model.FrameworkMethod.invokeExplosively(FrameworkMethod.java:44)
	at org.junit.internal.runners.statements.InvokeMethod.evaluate(InvokeMethod.java:17)
	at org.junit.runners.ParentRunner.runLeaf(ParentRunner.java:271)
	at org.junit.runners.BlockJUnit4ClassRunner.runChild(BlockJUnit4ClassRunner.java:70)
	at org.junit.runners.BlockJUnit4ClassRunner.runChild(BlockJUnit4ClassRunner.java:50)
	at org.junit.runners.ParentRunner$3.run(ParentRunner.java:238)
	at org.junit.runners.ParentRunner$1.schedule(ParentRunner.java:63)
	at org.junit.runners.ParentRunner.runChildren(ParentRunner.java:236)
	at org.junit.runners.ParentRunner.access$000(ParentRunner.java:53)
	at org.junit.runners.ParentRunner$2.evaluate(ParentRunner.java:229)
	at org.junit.internal.runners.statements.RunBefores.evaluate(RunBefores.java:26)
	at org.junit.internal.runners.statements.RunAfters.evaluate(RunAfters.java:27)
	at org.junit.runners.ParentRunner.run(ParentRunner.java:309)
	at org.apache.maven.surefire.junit4.JUnit4Provider.execute(JUnit4Provider.java:365)
	at org.apache.maven.surefire.junit4.JUnit4Provider.executeWithRerun(JUnit4Provider.java:273)
	at org.apache.maven.surefire.junit4.JUnit4Provider.executeTestSet(JUnit4Provider.java:238)
	at org.apache.maven.surefire.junit4.JUnit4Provider.invoke(JUnit4Provider.java:159)
	at org.apache.maven.surefire.booter.ForkedBooter.invokeProviderInSameClassLoader(ForkedBooter.java:384)
	at org.apache.maven.surefire.booter.ForkedBooter.runSuitesInProcess(ForkedBooter.java:345)
	at org.apache.maven.surefire.booter.ForkedBooter.execute(ForkedBooter.java:126)
	at org.apache.maven.surefire.booter.ForkedBooter.main(ForkedBooter.java:418)
</error>
    <system-out><![CDATA[2019-07-12 13:10:53,747 WARN  server.ServerUtils (ServerUtils.java:getScmDbDir(145)) - ozone.scm.db.dirs is not configured. We recommend adding this setting. Falling back to ozone.metadata.dirs instead.
2019-07-12 13:10:53,896 WARN  server.ServerUtils (ServerUtils.java:getScmDbDir(145)) - ozone.scm.db.dirs is not configured. We recommend adding this setting. Falling back to ozone.metadata.dirs instead.
2019-07-12 13:10:53,899 WARN  server.ServerUtils (ServerUtils.java:getScmDbDir(145)) - ozone.scm.db.dirs is not configured. We recommend adding this setting. Falling back to ozone.metadata.dirs instead.
2019-07-12 13:10:53,920 INFO  util.log (Log.java:initialized(192)) - Logging initialized @890ms
2019-07-12 13:10:54,024 INFO  db.DBStoreBuilder (DBStoreBuilder.java:addTable(110)) - using custom profile for table: deletedBlocks
2019-07-12 13:10:54,024 INFO  db.DBStoreBuilder (DBStoreBuilder.java:processTables(161)) - Using default column profile:DBProfile.DISK for Table:deletedBlocks
2019-07-12 13:10:54,025 INFO  db.DBStoreBuilder (DBStoreBuilder.java:addTable(110)) - using custom profile for table: validCerts
2019-07-12 13:10:54,025 INFO  db.DBStoreBuilder (DBStoreBuilder.java:processTables(161)) - Using default column profile:DBProfile.DISK for Table:validCerts
2019-07-12 13:10:54,025 INFO  db.DBStoreBuilder (DBStoreBuilder.java:addTable(110)) - using custom profile for table: revokedCerts
2019-07-12 13:10:54,025 INFO  db.DBStoreBuilder (DBStoreBuilder.java:processTables(161)) - Using default column profile:DBProfile.DISK for Table:revokedCerts
2019-07-12 13:10:54,037 INFO  db.DBStoreBuilder (DBStoreBuilder.java:addTable(110)) - using custom profile for table: default
2019-07-12 13:10:54,038 INFO  db.DBStoreBuilder (DBStoreBuilder.java:processTables(167)) - Using default column profile:DBProfile.DISK for Table:default
2019-07-12 13:10:54,039 INFO  db.DBStoreBuilder (DBStoreBuilder.java:getDbProfile(198)) - Using default options. DBProfile.DISK
2019-07-12 13:10:54,326 INFO  net.NodeSchemaLoader (NodeSchemaLoader.java:loadSchemaFromFile(125)) - Loading file from sun.misc.CompoundEnumeration@291ae
2019-07-12 13:10:54,331 INFO  net.NodeSchemaLoader (NodeSchemaLoader.java:loadSchema(171)) - Loading network topology layer schema file
2019-07-12 13:10:54,408 INFO  node.SCMNodeManager (SCMNodeManager.java:<init>(119)) - Entering startup safe mode.
2019-07-12 13:10:54,493 WARN  server.ServerUtils (ServerUtils.java:getScmDbDir(145)) - ozone.scm.db.dirs is not configured. We recommend adding this setting. Falling back to ozone.metadata.dirs instead.
2019-07-12 13:10:54,573 INFO  pipeline.SCMPipelineManager (SCMPipelineManager.java:initializePipelineState(126)) - No pipeline exists in current db
2019-07-12 13:10:54,575 WARN  server.ServerUtils (ServerUtils.java:getScmDbDir(145)) - ozone.scm.db.dirs is not configured. We recommend adding this setting. Falling back to ozone.metadata.dirs instead.
2019-07-12 13:10:54,697 WARN  events.EventQueue (EventQueue.java:fireEvent(175)) - No event handler registered for event TypedEvent{payloadType=SafeModeStatus, name='SafeModeStatus'}
2019-07-12 13:10:55,104 INFO  ipc.CallQueueManager (CallQueueManager.java:<init>(84)) - Using callQueue: class java.util.concurrent.LinkedBlockingQueue, queueCapacity: 2000, scheduler: class org.apache.hadoop.ipc.DefaultRpcScheduler, ipcBackoff: false.
2019-07-12 13:10:55,132 INFO  ipc.Server (Server.java:run(1074)) - Starting Socket Reader #1 for port 33823
2019-07-12 13:10:55,156 INFO  ipc.CallQueueManager (CallQueueManager.java:<init>(84)) - Using callQueue: class java.util.concurrent.LinkedBlockingQueue, queueCapacity: 2000, scheduler: class org.apache.hadoop.ipc.DefaultRpcScheduler, ipcBackoff: false.
2019-07-12 13:10:55,158 INFO  ipc.Server (Server.java:run(1074)) - Starting Socket Reader #1 for port 41962
2019-07-12 13:10:55,163 INFO  ipc.CallQueueManager (CallQueueManager.java:<init>(84)) - Using callQueue: class java.util.concurrent.LinkedBlockingQueue, queueCapacity: 2000, scheduler: class org.apache.hadoop.ipc.DefaultRpcScheduler, ipcBackoff: false.
2019-07-12 13:10:55,165 INFO  ipc.Server (Server.java:run(1074)) - Starting Socket Reader #1 for port 39404
2019-07-12 13:10:55,352 INFO  hdfs.DFSUtil (DFSUtil.java:httpServerTemplateForNNAndJN(1641)) - Starting Web-server for scm at: http://0.0.0.0:0
2019-07-12 13:10:55,517 INFO  server.AuthenticationFilter (AuthenticationFilter.java:constructSecretProvider(240)) - Unable to initialize FileSignerSecretProvider, falling back to use random secrets.
2019-07-12 13:10:55,524 WARN  http.HttpRequestLog (HttpRequestLog.java:getRequestLog(97)) - Jetty request log can only be enabled using Log4j
2019-07-12 13:10:55,532 INFO  http.HttpServer2 (HttpServer2.java:addGlobalFilter(975)) - Added global filter 'safety' (class=org.apache.hadoop.http.HttpServer2$QuotingInputFilter)
2019-07-12 13:10:55,535 INFO  http.HttpServer2 (HttpServer2.java:addFilter(948)) - Added filter static_user_filter (class=org.apache.hadoop.http.lib.StaticUserWebFilter$StaticUserFilter) to context scm
2019-07-12 13:10:55,535 INFO  http.HttpServer2 (HttpServer2.java:addFilter(958)) - Added filter static_user_filter (class=org.apache.hadoop.http.lib.StaticUserWebFilter$StaticUserFilter) to context static
2019-07-12 13:10:55,535 INFO  http.HttpServer2 (HttpServer2.java:addFilter(958)) - Added filter static_user_filter (class=org.apache.hadoop.http.lib.StaticUserWebFilter$StaticUserFilter) to context logs
2019-07-12 13:10:55,563 INFO  server.StorageContainerManager (StorageContainerManager.java:start(759)) - StorageContainerLocationProtocol RPC server is listening at /0.0.0.0:39404
2019-07-12 13:10:55,618 WARN  impl.MetricsConfig (MetricsConfig.java:loadFirst(134)) - Cannot locate configuration: tried hadoop-metrics2-storagecontainermanager.properties,hadoop-metrics2.properties
2019-07-12 13:10:55,631 INFO  impl.MetricsSystemImpl (MetricsSystemImpl.java:startTimer(374)) - Scheduled Metric snapshot period at 10 second(s).
2019-07-12 13:10:55,631 INFO  impl.MetricsSystemImpl (MetricsSystemImpl.java:start(191)) - StorageContainerManager metrics system started
2019-07-12 13:10:55,844 INFO  server.SCMClientProtocolServer (SCMClientProtocolServer.java:start(149)) - RPC server for Client  is listening at /0.0.0.0:39404
2019-07-12 13:10:55,845 INFO  ipc.Server (Server.java:run(1314)) - IPC Server Responder: starting
2019-07-12 13:10:55,845 INFO  ipc.Server (Server.java:run(1153)) - IPC Server listener on 39404: starting
2019-07-12 13:10:55,850 INFO  server.StorageContainerManager (StorageContainerManager.java:start(768)) - ScmBlockLocationProtocol RPC server is listening at /0.0.0.0:41962
2019-07-12 13:10:55,850 INFO  server.SCMBlockProtocolServer (SCMBlockProtocolServer.java:start(140)) - RPC server for Block Protocol is listening at /0.0.0.0:41962
2019-07-12 13:10:55,850 INFO  ipc.Server (Server.java:run(1314)) - IPC Server Responder: starting
2019-07-12 13:10:55,850 INFO  ipc.Server (Server.java:run(1153)) - IPC Server listener on 41962: starting
2019-07-12 13:10:55,858 INFO  server.StorageContainerManager (StorageContainerManager.java:start(772)) - ScmDatanodeProtocl RPC server is listening at /0.0.0.0:33823
2019-07-12 13:10:55,858 INFO  server.SCMDatanodeProtocolServer (SCMDatanodeProtocolServer.java:start(191)) - RPC server for DataNodes is listening at /0.0.0.0:33823
2019-07-12 13:10:55,860 INFO  ipc.Server (Server.java:run(1314)) - IPC Server Responder: starting
2019-07-12 13:10:55,861 INFO  ipc.Server (Server.java:run(1153)) - IPC Server listener on 33823: starting
2019-07-12 13:10:55,874 INFO  http.HttpServer2 (HttpServer2.java:bindListener(1191)) - Jetty bound to port 46492
2019-07-12 13:10:55,876 INFO  server.Server (Server.java:doStart(351)) - jetty-9.3.24.v20180605, build timestamp: 2018-06-05T17:11:56Z, git hash: 84205aa28f11a4f31f2a3b86d1bba2cc8ab69827
2019-07-12 13:10:55,916 INFO  handler.ContextHandler (ContextHandler.java:doStart(781)) - Started o.e.j.s.ServletContextHandler@15dcfae7{/logs,file:///tmp/workdir/hadoop-ozone/integration-test/target/log,AVAILABLE}
2019-07-12 13:10:55,917 INFO  handler.ContextHandler (ContextHandler.java:doStart(781)) - Started o.e.j.s.ServletContextHandler@1e636ea3{/static,file:///tmp/workdir/hadoop-ozone/integration-test/target/test-classes/webapps/static,AVAILABLE}
2019-07-12 13:10:55,949 INFO  handler.ContextHandler (ContextHandler.java:doStart(781)) - Started o.e.j.w.WebAppContext@3f23a3a0{/,file:///tmp/workdir/hadoop-ozone/integration-test/target/test-classes/webapps/scm/,AVAILABLE}{/scm}
2019-07-12 13:10:55,954 INFO  server.AbstractConnector (AbstractConnector.java:doStart(278)) - Started ServerConnector@6c6357f9{HTTP/1.1,[http/1.1]}{0.0.0.0:46492}
2019-07-12 13:10:55,955 INFO  server.Server (Server.java:doStart(419)) - Started @2925ms
2019-07-12 13:10:55,980 INFO  server.BaseHttpServer (BaseHttpServer.java:updateConnectorAddress(207)) - HTTP server of SCM is listening at http://0.0.0.0:46492
2019-07-12 13:10:55,987 INFO  util.JvmPauseMonitor (JvmPauseMonitor.java:run(188)) - Starting JVM pause monitor
2019-07-12 13:10:55,989 WARN  server.ServerUtils (ServerUtils.java:getDBPath(222)) - ozone.om.db.dirs is not configured. We recommend adding this setting. Falling back to ozone.metadata.dirs instead.
2019-07-12 13:10:56,085 WARN  server.ServerUtils (ServerUtils.java:getDBPath(222)) - ozone.om.db.dirs is not configured. We recommend adding this setting. Falling back to ozone.metadata.dirs instead.
2019-07-12 13:10:56,086 INFO  om.OzoneManager (OzoneManager.java:setOMNodeDetails(630)) - OM Service ID is not set. Setting it to the default ID: omServiceIdDefault
2019-07-12 13:10:56,086 INFO  om.OzoneManager (OzoneManager.java:setOMNodeDetails(636)) - OM Node ID is not set. Setting it to the OmStorage's OmID: 6f352cfd-3587-4650-acf9-f88475aae03e
2019-07-12 13:10:56,087 INFO  om.OzoneManager (OzoneManager.java:loadOMHAConfigs(587)) - Found matching OM address with OMServiceId: null, OMNodeId: null, RPC Address: localhost:0 and Ratis port: 9872
2019-07-12 13:10:56,364 WARN  server.ServerUtils (ServerUtils.java:getDBPath(222)) - ozone.om.db.dirs is not configured. We recommend adding this setting. Falling back to ozone.metadata.dirs instead.
2019-07-12 13:10:56,376 INFO  db.DBStoreBuilder (DBStoreBuilder.java:addTable(110)) - using custom profile for table: userTable
2019-07-12 13:10:56,376 INFO  db.DBStoreBuilder (DBStoreBuilder.java:processTables(161)) - Using default column profile:DBProfile.DISK for Table:userTable
2019-07-12 13:10:56,377 INFO  db.DBStoreBuilder (DBStoreBuilder.java:addTable(110)) - using custom profile for table: volumeTable
2019-07-12 13:10:56,377 INFO  db.DBStoreBuilder (DBStoreBuilder.java:processTables(161)) - Using default column profile:DBProfile.DISK for Table:volumeTable
2019-07-12 13:10:56,377 INFO  db.DBStoreBuilder (DBStoreBuilder.java:addTable(110)) - using custom profile for table: bucketTable
2019-07-12 13:10:56,378 INFO  db.DBStoreBuilder (DBStoreBuilder.java:processTables(161)) - Using default column profile:DBProfile.DISK for Table:bucketTable
2019-07-12 13:10:56,378 INFO  db.DBStoreBuilder (DBStoreBuilder.java:addTable(110)) - using custom profile for table: keyTable
2019-07-12 13:10:56,378 INFO  db.DBStoreBuilder (DBStoreBuilder.java:processTables(161)) - Using default column profile:DBProfile.DISK for Table:keyTable
2019-07-12 13:10:56,379 INFO  db.DBStoreBuilder (DBStoreBuilder.java:addTable(110)) - using custom profile for table: deletedTable
2019-07-12 13:10:56,379 INFO  db.DBStoreBuilder (DBStoreBuilder.java:processTables(161)) - Using default column profile:DBProfile.DISK for Table:deletedTable
2019-07-12 13:10:56,380 INFO  db.DBStoreBuilder (DBStoreBuilder.java:addTable(110)) - using custom profile for table: openKeyTable
2019-07-12 13:10:56,380 INFO  db.DBStoreBuilder (DBStoreBuilder.java:processTables(161)) - Using default column profile:DBProfile.DISK for Table:openKeyTable
2019-07-12 13:10:56,380 INFO  db.DBStoreBuilder (DBStoreBuilder.java:addTable(110)) - using custom profile for table: s3Table
2019-07-12 13:10:56,381 INFO  db.DBStoreBuilder (DBStoreBuilder.java:processTables(161)) - Using default column profile:DBProfile.DISK for Table:s3Table
2019-07-12 13:10:56,381 INFO  db.DBStoreBuilder (DBStoreBuilder.java:addTable(110)) - using custom profile for table: multipartInfoTable
2019-07-12 13:10:56,381 INFO  db.DBStoreBuilder (DBStoreBuilder.java:processTables(161)) - Using default column profile:DBProfile.DISK for Table:multipartInfoTable
2019-07-12 13:10:56,382 INFO  db.DBStoreBuilder (DBStoreBuilder.java:addTable(110)) - using custom profile for table: dTokenTable
2019-07-12 13:10:56,382 INFO  db.DBStoreBuilder (DBStoreBuilder.java:processTables(161)) - Using default column profile:DBProfile.DISK for Table:dTokenTable
2019-07-12 13:10:56,383 INFO  db.DBStoreBuilder (DBStoreBuilder.java:addTable(110)) - using custom profile for table: s3SecretTable
2019-07-12 13:10:56,383 INFO  db.DBStoreBuilder (DBStoreBuilder.java:processTables(161)) - Using default column profile:DBProfile.DISK for Table:s3SecretTable
2019-07-12 13:10:56,383 INFO  db.DBStoreBuilder (DBStoreBuilder.java:addTable(110)) - using custom profile for table: prefixTable
2019-07-12 13:10:56,384 INFO  db.DBStoreBuilder (DBStoreBuilder.java:processTables(161)) - Using default column profile:DBProfile.DISK for Table:prefixTable
2019-07-12 13:10:56,384 INFO  db.DBStoreBuilder (DBStoreBuilder.java:addTable(110)) - using custom profile for table: default
2019-07-12 13:10:56,384 INFO  db.DBStoreBuilder (DBStoreBuilder.java:processTables(167)) - Using default column profile:DBProfile.DISK for Table:default
2019-07-12 13:10:56,385 INFO  db.DBStoreBuilder (DBStoreBuilder.java:getDbProfile(198)) - Using default options. DBProfile.DISK
2019-07-12 13:10:57,206 INFO  ipc.CallQueueManager (CallQueueManager.java:<init>(84)) - Using callQueue: class java.util.concurrent.LinkedBlockingQueue, queueCapacity: 2000, scheduler: class org.apache.hadoop.ipc.DefaultRpcScheduler, ipcBackoff: false.
2019-07-12 13:10:57,208 INFO  ipc.Server (Server.java:run(1074)) - Starting Socket Reader #1 for port 42800
2019-07-12 13:10:57,233 WARN  server.ServerUtils (ServerUtils.java:getDBPath(222)) - ozone.om.db.dirs is not configured. We recommend adding this setting. Falling back to ozone.metadata.dirs instead.
2019-07-12 13:10:57,233 INFO  om.OzoneManager (OzoneManager.java:start(1228)) - OzoneManager RPC server is listening at localhost/127.0.0.1:42800
2019-07-12 13:10:57,233 INFO  impl.MetricsSystemImpl (MetricsSystemImpl.java:init(158)) - OzoneManager metrics system started (again)
2019-07-12 13:10:57,235 INFO  ipc.Server (Server.java:run(1314)) - IPC Server Responder: starting
2019-07-12 13:10:57,238 INFO  ipc.Server (Server.java:run(1153)) - IPC Server listener on 42800: starting
2019-07-12 13:10:57,250 INFO  hdfs.DFSUtil (DFSUtil.java:httpServerTemplateForNNAndJN(1641)) - Starting Web-server for ozoneManager at: http://0.0.0.0:0
2019-07-12 13:10:57,253 INFO  server.AuthenticationFilter (AuthenticationFilter.java:constructSecretProvider(240)) - Unable to initialize FileSignerSecretProvider, falling back to use random secrets.
2019-07-12 13:10:57,254 WARN  http.HttpRequestLog (HttpRequestLog.java:getRequestLog(97)) - Jetty request log can only be enabled using Log4j
2019-07-12 13:10:57,258 INFO  http.HttpServer2 (HttpServer2.java:addGlobalFilter(975)) - Added global filter 'safety' (class=org.apache.hadoop.http.HttpServer2$QuotingInputFilter)
2019-07-12 13:10:57,259 INFO  http.HttpServer2 (HttpServer2.java:addFilter(948)) - Added filter static_user_filter (class=org.apache.hadoop.http.lib.StaticUserWebFilter$StaticUserFilter) to context ozoneManager
2019-07-12 13:10:57,259 INFO  http.HttpServer2 (HttpServer2.java:addFilter(958)) - Added filter static_user_filter (class=org.apache.hadoop.http.lib.StaticUserWebFilter$StaticUserFilter) to context static
2019-07-12 13:10:57,260 INFO  http.HttpServer2 (HttpServer2.java:addFilter(958)) - Added filter static_user_filter (class=org.apache.hadoop.http.lib.StaticUserWebFilter$StaticUserFilter) to context logs
2019-07-12 13:10:57,263 INFO  http.HttpServer2 (HttpServer2.java:bindListener(1191)) - Jetty bound to port 36570
2019-07-12 13:10:57,263 INFO  server.Server (Server.java:doStart(351)) - jetty-9.3.24.v20180605, build timestamp: 2018-06-05T17:11:56Z, git hash: 84205aa28f11a4f31f2a3b86d1bba2cc8ab69827
2019-07-12 13:10:57,265 INFO  handler.ContextHandler (ContextHandler.java:doStart(781)) - Started o.e.j.s.ServletContextHandler@301d8120{/logs,file:///tmp/workdir/hadoop-ozone/integration-test/target/log,AVAILABLE}
2019-07-12 13:10:57,266 INFO  handler.ContextHandler (ContextHandler.java:doStart(781)) - Started o.e.j.s.ServletContextHandler@72458efc{/static,file:///tmp/workdir/hadoop-ozone/integration-test/target/test-classes/webapps/static,AVAILABLE}
2019-07-12 13:10:57,273 INFO  handler.ContextHandler (ContextHandler.java:doStart(781)) - Started o.e.j.w.WebAppContext@6a84bc2a{/,file:///tmp/workdir/hadoop-ozone/integration-test/target/test-classes/webapps/ozoneManager/,AVAILABLE}{/ozoneManager}
2019-07-12 13:10:57,274 INFO  server.AbstractConnector (AbstractConnector.java:doStart(278)) - Started ServerConnector@5183d589{HTTP/1.1,[http/1.1]}{0.0.0.0:36570}
2019-07-12 13:10:57,275 INFO  server.Server (Server.java:doStart(419)) - Started @4245ms
2019-07-12 13:10:57,276 INFO  server.BaseHttpServer (BaseHttpServer.java:updateConnectorAddress(207)) - HTTP server of OZONEMANAGER is listening at http://0.0.0.0:36570
2019-07-12 13:10:57,622 INFO  impl.MetricsSystemImpl (MetricsSystemImpl.java:init(158)) - HddsDatanode metrics system started (again)
2019-07-12 13:10:57,709 INFO  ozone.HddsDatanodeService (HddsDatanodeService.java:start(185)) - HddsDatanodeService host:pr-hdds-17356bwxm-3764869708 ip:192.168.157.212
2019-07-12 13:10:57,741 INFO  volume.HddsVolume (HddsVolume.java:<init>(176)) - Creating Volume: /tmp/workdir/hadoop-ozone/integration-test/target/test-dir/MiniOzoneClusterImpl-aa1df1c5-0857-4523-9eb6-d70e8c83b275/datanode-0/data/containers/hdds of  storage type : DISK and capacity : 52710309888
2019-07-12 13:10:57,743 INFO  volume.VolumeSet (VolumeSet.java:initializeVolumeSet(170)) - Added Volume : /tmp/workdir/hadoop-ozone/integration-test/target/test-dir/MiniOzoneClusterImpl-aa1df1c5-0857-4523-9eb6-d70e8c83b275/datanode-0/data/containers/hdds to VolumeSet
2019-07-12 13:10:57,746 INFO  volume.ThrottledAsyncChecker (ThrottledAsyncChecker.java:schedule(140)) - Scheduling a check for org.apache.hadoop.ozone.container.common.volume.HddsVolume@451f87af
2019-07-12 13:10:57,764 INFO  volume.HddsVolumeChecker (HddsVolumeChecker.java:checkAllVolumes(203)) - Scheduled health check for volume org.apache.hadoop.ozone.container.common.volume.HddsVolume@451f87af
2019-07-12 13:10:57,874 INFO  impl.RaftServerProxy (ConfUtils.java:logGet(43)) - raft.rpc.type = GRPC (default)
2019-07-12 13:10:57,935 INFO  grpc.GrpcFactory (GrpcFactory.java:checkPooledByteBufAllocatorUseCacheForAllThreads(45)) - PERFORMANCE WARNING: useCacheForAllThreads is true that may cause Netty to create a lot garbage objects and, as a result, trigger GC.
	It is recommended to disable useCacheForAllThreads by setting -Dorg.apache.ratis.thirdparty.io.netty.allocator.useCacheForAllThreads=false in command line.
2019-07-12 13:10:57,939 INFO  grpc.GrpcConfigKeys$Server (ConfUtils.java:logGet(43)) - raft.grpc.server.port = 0 (default)
2019-07-12 13:10:57,940 INFO  server.GrpcService (ConfUtils.java:logGet(43)) - raft.grpc.message.size.max = 33570816 (custom)
2019-07-12 13:10:57,941 INFO  server.RaftServerConfigKeys (ConfUtils.java:logGet(43)) - raft.server.log.appender.buffer.byte-limit = 33554432 (custom)
2019-07-12 13:10:57,942 INFO  server.GrpcService (ConfUtils.java:logGet(43)) - raft.grpc.flow.control.window = 1MB (=1048576) (default)
2019-07-12 13:10:57,943 INFO  server.RaftServerConfigKeys (ConfUtils.java:logGet(43)) - raft.server.rpc.request.timeout = 3000ms (default)
2019-07-12 13:10:58,094 INFO  server.RaftServerConfigKeys (ConfUtils.java:logGet(43)) - raft.server.storage.dir = [/tmp/workdir/hadoop-ozone/integration-test/target/test-dir/MiniOzoneClusterImpl-aa1df1c5-0857-4523-9eb6-d70e8c83b275/datanode-0/data/ratis] (custom)
2019-07-12 13:10:58,129 INFO  replication.SimpleContainerDownloader (SimpleContainerDownloader.java:<init>(72)) - Starting container downloader service to copy containers to replicate.
2019-07-12 13:10:58,154 INFO  hdfs.DFSUtil (DFSUtil.java:httpServerTemplateForNNAndJN(1641)) - Starting Web-server for hddsDatanode at: http://0.0.0.0:0
2019-07-12 13:10:58,157 INFO  server.AuthenticationFilter (AuthenticationFilter.java:constructSecretProvider(240)) - Unable to initialize FileSignerSecretProvider, falling back to use random secrets.
2019-07-12 13:10:58,158 WARN  http.HttpRequestLog (HttpRequestLog.java:getRequestLog(97)) - Jetty request log can only be enabled using Log4j
2019-07-12 13:10:58,161 INFO  http.HttpServer2 (HttpServer2.java:addGlobalFilter(975)) - Added global filter 'safety' (class=org.apache.hadoop.http.HttpServer2$QuotingInputFilter)
2019-07-12 13:10:58,162 INFO  http.HttpServer2 (HttpServer2.java:addFilter(948)) - Added filter static_user_filter (class=org.apache.hadoop.http.lib.StaticUserWebFilter$StaticUserFilter) to context hddsDatanode
2019-07-12 13:10:58,163 INFO  http.HttpServer2 (HttpServer2.java:addFilter(958)) - Added filter static_user_filter (class=org.apache.hadoop.http.lib.StaticUserWebFilter$StaticUserFilter) to context static
2019-07-12 13:10:58,163 INFO  http.HttpServer2 (HttpServer2.java:addFilter(958)) - Added filter static_user_filter (class=org.apache.hadoop.http.lib.StaticUserWebFilter$StaticUserFilter) to context logs
2019-07-12 13:10:58,164 INFO  http.HttpServer2 (HttpServer2.java:bindListener(1191)) - Jetty bound to port 35959
2019-07-12 13:10:58,165 INFO  server.Server (Server.java:doStart(351)) - jetty-9.3.24.v20180605, build timestamp: 2018-06-05T17:11:56Z, git hash: 84205aa28f11a4f31f2a3b86d1bba2cc8ab69827
2019-07-12 13:10:58,167 INFO  handler.ContextHandler (ContextHandler.java:doStart(781)) - Started o.e.j.s.ServletContextHandler@21c815e4{/logs,file:///tmp/workdir/hadoop-ozone/integration-test/target/log,AVAILABLE}
2019-07-12 13:10:58,168 INFO  handler.ContextHandler (ContextHandler.java:doStart(781)) - Started o.e.j.s.ServletContextHandler@2a331b46{/static,jar:file:/home/user/.m2/repository/org/apache/hadoop/hadoop-hdds-container-service/0.5.0-SNAPSHOT/hadoop-hdds-container-service-0.5.0-SNAPSHOT.jar!/webapps/static,AVAILABLE}
2019-07-12 13:10:58,228 INFO  handler.ContextHandler (ContextHandler.java:doStart(781)) - Started o.e.j.w.WebAppContext@113e13f9{/,file:///tmp/jetty-0.0.0.0-35959-hddsDatanode-_-any-216753559862443606.dir/webapp/,AVAILABLE}{/hddsDatanode}
2019-07-12 13:10:58,230 INFO  server.AbstractConnector (AbstractConnector.java:doStart(278)) - Started ServerConnector@1c7f96b1{HTTP/1.1,[http/1.1]}{0.0.0.0:35959}
2019-07-12 13:10:58,237 INFO  server.Server (Server.java:doStart(419)) - Started @5207ms
2019-07-12 13:10:58,238 INFO  server.BaseHttpServer (BaseHttpServer.java:updateConnectorAddress(207)) - HTTP server of HDDSDATANODE is listening at http://0.0.0.0:35959
2019-07-12 13:10:59,393 INFO  ozone.HddsDatanodeService (HddsDatanodeService.java:startPlugins(396)) - Started plug-in org.apache.hadoop.ozone.web.OzoneHddsDatanodeService@5f61371d
2019-07-12 13:10:59,396 INFO  impl.MetricsSystemImpl (MetricsSystemImpl.java:init(158)) - HddsDatanode metrics system started (again)
2019-07-12 13:10:59,398 INFO  ozone.HddsDatanodeService (HddsDatanodeService.java:start(185)) - HddsDatanodeService host:pr-hdds-17356bwxm-3764869708 ip:192.168.157.212
2019-07-12 13:10:59,405 INFO  util.JvmPauseMonitor (JvmPauseMonitor.java:run(188)) - Starting JVM pause monitor
2019-07-12 13:10:59,410 INFO  volume.HddsVolume (HddsVolume.java:<init>(176)) - Creating Volume: /tmp/workdir/hadoop-ozone/integration-test/target/test-dir/MiniOzoneClusterImpl-aa1df1c5-0857-4523-9eb6-d70e8c83b275/datanode-1/data/containers/hdds of  storage type : DISK and capacity : 52710309888
2019-07-12 13:10:59,411 INFO  volume.VolumeSet (VolumeSet.java:initializeVolumeSet(170)) - Added Volume : /tmp/workdir/hadoop-ozone/integration-test/target/test-dir/MiniOzoneClusterImpl-aa1df1c5-0857-4523-9eb6-d70e8c83b275/datanode-1/data/containers/hdds to VolumeSet
2019-07-12 13:10:59,411 INFO  volume.ThrottledAsyncChecker (ThrottledAsyncChecker.java:schedule(140)) - Scheduling a check for org.apache.hadoop.ozone.container.common.volume.HddsVolume@45292ec1
2019-07-12 13:10:59,413 INFO  volume.HddsVolumeChecker (HddsVolumeChecker.java:checkAllVolumes(203)) - Scheduled health check for volume org.apache.hadoop.ozone.container.common.volume.HddsVolume@45292ec1
2019-07-12 13:10:59,437 INFO  impl.RaftServerProxy (ConfUtils.java:logGet(43)) - raft.rpc.type = GRPC (default)
2019-07-12 13:10:59,438 INFO  grpc.GrpcFactory (GrpcFactory.java:checkPooledByteBufAllocatorUseCacheForAllThreads(45)) - PERFORMANCE WARNING: useCacheForAllThreads is true that may cause Netty to create a lot garbage objects and, as a result, trigger GC.
	It is recommended to disable useCacheForAllThreads by setting -Dorg.apache.ratis.thirdparty.io.netty.allocator.useCacheForAllThreads=false in command line.
2019-07-12 13:10:59,438 INFO  grpc.GrpcConfigKeys$Server (ConfUtils.java:logGet(43)) - raft.grpc.server.port = 0 (default)
2019-07-12 13:10:59,438 INFO  server.GrpcService (ConfUtils.java:logGet(43)) - raft.grpc.message.size.max = 33570816 (custom)
2019-07-12 13:10:59,439 INFO  server.RaftServerConfigKeys (ConfUtils.java:logGet(43)) - raft.server.log.appender.buffer.byte-limit = 33554432 (custom)
2019-07-12 13:10:59,439 INFO  server.GrpcService (ConfUtils.java:logGet(43)) - raft.grpc.flow.control.window = 1MB (=1048576) (default)
2019-07-12 13:10:59,439 INFO  server.RaftServerConfigKeys (ConfUtils.java:logGet(43)) - raft.server.rpc.request.timeout = 3000ms (default)
2019-07-12 13:10:59,441 INFO  server.RaftServerConfigKeys (ConfUtils.java:logGet(43)) - raft.server.storage.dir = [/tmp/workdir/hadoop-ozone/integration-test/target/test-dir/MiniOzoneClusterImpl-aa1df1c5-0857-4523-9eb6-d70e8c83b275/datanode-1/data/ratis] (custom)
2019-07-12 13:10:59,442 INFO  replication.SimpleContainerDownloader (SimpleContainerDownloader.java:<init>(72)) - Starting container downloader service to copy containers to replicate.
2019-07-12 13:10:59,496 INFO  hdfs.DFSUtil (DFSUtil.java:httpServerTemplateForNNAndJN(1641)) - Starting Web-server for hddsDatanode at: http://0.0.0.0:0
2019-07-12 13:10:59,499 INFO  server.AuthenticationFilter (AuthenticationFilter.java:constructSecretProvider(240)) - Unable to initialize FileSignerSecretProvider, falling back to use random secrets.
2019-07-12 13:10:59,500 WARN  http.HttpRequestLog (HttpRequestLog.java:getRequestLog(97)) - Jetty request log can only be enabled using Log4j
2019-07-12 13:10:59,503 INFO  http.HttpServer2 (HttpServer2.java:addGlobalFilter(975)) - Added global filter 'safety' (class=org.apache.hadoop.http.HttpServer2$QuotingInputFilter)
2019-07-12 13:10:59,504 INFO  http.HttpServer2 (HttpServer2.java:addFilter(948)) - Added filter static_user_filter (class=org.apache.hadoop.http.lib.StaticUserWebFilter$StaticUserFilter) to context hddsDatanode
2019-07-12 13:10:59,504 INFO  http.HttpServer2 (HttpServer2.java:addFilter(958)) - Added filter static_user_filter (class=org.apache.hadoop.http.lib.StaticUserWebFilter$StaticUserFilter) to context logs
2019-07-12 13:10:59,504 INFO  http.HttpServer2 (HttpServer2.java:addFilter(958)) - Added filter static_user_filter (class=org.apache.hadoop.http.lib.StaticUserWebFilter$StaticUserFilter) to context static
2019-07-12 13:10:59,505 INFO  http.HttpServer2 (HttpServer2.java:bindListener(1191)) - Jetty bound to port 42218
2019-07-12 13:10:59,506 INFO  server.Server (Server.java:doStart(351)) - jetty-9.3.24.v20180605, build timestamp: 2018-06-05T17:11:56Z, git hash: 84205aa28f11a4f31f2a3b86d1bba2cc8ab69827
2019-07-12 13:10:59,510 INFO  handler.ContextHandler (ContextHandler.java:doStart(781)) - Started o.e.j.s.ServletContextHandler@570ba13{/logs,file:///tmp/workdir/hadoop-ozone/integration-test/target/log,AVAILABLE}
2019-07-12 13:10:59,511 INFO  handler.ContextHandler (ContextHandler.java:doStart(781)) - Started o.e.j.s.ServletContextHandler@525b1b70{/static,jar:file:/home/user/.m2/repository/org/apache/hadoop/hadoop-hdds-container-service/0.5.0-SNAPSHOT/hadoop-hdds-container-service-0.5.0-SNAPSHOT.jar!/webapps/static,AVAILABLE}
2019-07-12 13:10:59,556 INFO  handler.ContextHandler (ContextHandler.java:doStart(781)) - Started o.e.j.w.WebAppContext@902fdbe{/,file:///tmp/jetty-0.0.0.0-42218-hddsDatanode-_-any-2692674523583275763.dir/webapp/,AVAILABLE}{/hddsDatanode}
2019-07-12 13:10:59,558 INFO  server.AbstractConnector (AbstractConnector.java:doStart(278)) - Started ServerConnector@796d33eb{HTTP/1.1,[http/1.1]}{0.0.0.0:42218}
2019-07-12 13:10:59,560 INFO  server.Server (Server.java:doStart(419)) - Started @6530ms
2019-07-12 13:10:59,561 INFO  server.BaseHttpServer (BaseHttpServer.java:updateConnectorAddress(207)) - HTTP server of HDDSDATANODE is listening at http://0.0.0.0:42218
2019-07-12 13:10:59,563 INFO  datanode.InitDatanodeState (InitDatanodeState.java:persistContainerDatanodeDetails(140)) - DatanodeDetails is persisted to /tmp/workdir/hadoop-ozone/integration-test/target/test-dir/MiniOzoneClusterImpl-aa1df1c5-0857-4523-9eb6-d70e8c83b275/datanode-0/meta/datanode.id
2019-07-12 13:10:59,703 INFO  ozone.HddsDatanodeService (HddsDatanodeService.java:startPlugins(396)) - Started plug-in org.apache.hadoop.ozone.web.OzoneHddsDatanodeService@1e98b788
2019-07-12 13:10:59,704 INFO  impl.MetricsSystemImpl (MetricsSystemImpl.java:init(158)) - HddsDatanode metrics system started (again)
2019-07-12 13:10:59,705 INFO  ozone.HddsDatanodeService (HddsDatanodeService.java:start(185)) - HddsDatanodeService host:pr-hdds-17356bwxm-3764869708 ip:192.168.157.212
2019-07-12 13:10:59,707 INFO  util.JvmPauseMonitor (JvmPauseMonitor.java:run(188)) - Starting JVM pause monitor
2019-07-12 13:10:59,715 INFO  volume.HddsVolume (HddsVolume.java:<init>(176)) - Creating Volume: /tmp/workdir/hadoop-ozone/integration-test/target/test-dir/MiniOzoneClusterImpl-aa1df1c5-0857-4523-9eb6-d70e8c83b275/datanode-2/data/containers/hdds of  storage type : DISK and capacity : 52710309888
2019-07-12 13:10:59,715 INFO  volume.VolumeSet (VolumeSet.java:initializeVolumeSet(170)) - Added Volume : /tmp/workdir/hadoop-ozone/integration-test/target/test-dir/MiniOzoneClusterImpl-aa1df1c5-0857-4523-9eb6-d70e8c83b275/datanode-2/data/containers/hdds to VolumeSet
2019-07-12 13:10:59,715 INFO  volume.ThrottledAsyncChecker (ThrottledAsyncChecker.java:schedule(140)) - Scheduling a check for org.apache.hadoop.ozone.container.common.volume.HddsVolume@10f477e2
2019-07-12 13:10:59,716 INFO  volume.HddsVolumeChecker (HddsVolumeChecker.java:checkAllVolumes(203)) - Scheduled health check for volume org.apache.hadoop.ozone.container.common.volume.HddsVolume@10f477e2
2019-07-12 13:10:59,716 INFO  datanode.InitDatanodeState (InitDatanodeState.java:persistContainerDatanodeDetails(140)) - DatanodeDetails is persisted to /tmp/workdir/hadoop-ozone/integration-test/target/test-dir/MiniOzoneClusterImpl-aa1df1c5-0857-4523-9eb6-d70e8c83b275/datanode-1/meta/datanode.id
2019-07-12 13:10:59,735 INFO  impl.RaftServerProxy (ConfUtils.java:logGet(43)) - raft.rpc.type = GRPC (default)
2019-07-12 13:10:59,735 INFO  grpc.GrpcFactory (GrpcFactory.java:checkPooledByteBufAllocatorUseCacheForAllThreads(45)) - PERFORMANCE WARNING: useCacheForAllThreads is true that may cause Netty to create a lot garbage objects and, as a result, trigger GC.
	It is recommended to disable useCacheForAllThreads by setting -Dorg.apache.ratis.thirdparty.io.netty.allocator.useCacheForAllThreads=false in command line.
2019-07-12 13:10:59,736 INFO  grpc.GrpcConfigKeys$Server (ConfUtils.java:logGet(43)) - raft.grpc.server.port = 0 (default)
2019-07-12 13:10:59,736 INFO  server.GrpcService (ConfUtils.java:logGet(43)) - raft.grpc.message.size.max = 33570816 (custom)
2019-07-12 13:10:59,736 INFO  server.RaftServerConfigKeys (ConfUtils.java:logGet(43)) - raft.server.log.appender.buffer.byte-limit = 33554432 (custom)
2019-07-12 13:10:59,737 INFO  server.GrpcService (ConfUtils.java:logGet(43)) - raft.grpc.flow.control.window = 1MB (=1048576) (default)
2019-07-12 13:10:59,737 INFO  server.RaftServerConfigKeys (ConfUtils.java:logGet(43)) - raft.server.rpc.request.timeout = 3000ms (default)
2019-07-12 13:10:59,738 INFO  server.RaftServerConfigKeys (ConfUtils.java:logGet(43)) - raft.server.storage.dir = [/tmp/workdir/hadoop-ozone/integration-test/target/test-dir/MiniOzoneClusterImpl-aa1df1c5-0857-4523-9eb6-d70e8c83b275/datanode-2/data/ratis] (custom)
2019-07-12 13:10:59,739 INFO  replication.SimpleContainerDownloader (SimpleContainerDownloader.java:<init>(72)) - Starting container downloader service to copy containers to replicate.
2019-07-12 13:10:59,742 INFO  hdfs.DFSUtil (DFSUtil.java:httpServerTemplateForNNAndJN(1641)) - Starting Web-server for hddsDatanode at: http://0.0.0.0:0
2019-07-12 13:10:59,744 INFO  server.AuthenticationFilter (AuthenticationFilter.java:constructSecretProvider(240)) - Unable to initialize FileSignerSecretProvider, falling back to use random secrets.
2019-07-12 13:10:59,744 WARN  http.HttpRequestLog (HttpRequestLog.java:getRequestLog(97)) - Jetty request log can only be enabled using Log4j
2019-07-12 13:10:59,746 INFO  http.HttpServer2 (HttpServer2.java:addGlobalFilter(975)) - Added global filter 'safety' (class=org.apache.hadoop.http.HttpServer2$QuotingInputFilter)
2019-07-12 13:10:59,746 INFO  http.HttpServer2 (HttpServer2.java:addFilter(948)) - Added filter static_user_filter (class=org.apache.hadoop.http.lib.StaticUserWebFilter$StaticUserFilter) to context hddsDatanode
2019-07-12 13:10:59,746 INFO  http.HttpServer2 (HttpServer2.java:addFilter(958)) - Added filter static_user_filter (class=org.apache.hadoop.http.lib.StaticUserWebFilter$StaticUserFilter) to context logs
2019-07-12 13:10:59,747 INFO  http.HttpServer2 (HttpServer2.java:addFilter(958)) - Added filter static_user_filter (class=org.apache.hadoop.http.lib.StaticUserWebFilter$StaticUserFilter) to context static
2019-07-12 13:10:59,747 INFO  http.HttpServer2 (HttpServer2.java:bindListener(1191)) - Jetty bound to port 37248
2019-07-12 13:10:59,747 INFO  server.Server (Server.java:doStart(351)) - jetty-9.3.24.v20180605, build timestamp: 2018-06-05T17:11:56Z, git hash: 84205aa28f11a4f31f2a3b86d1bba2cc8ab69827
2019-07-12 13:10:59,750 INFO  handler.ContextHandler (ContextHandler.java:doStart(781)) - Started o.e.j.s.ServletContextHandler@27b337bb{/logs,file:///tmp/workdir/hadoop-ozone/integration-test/target/log,AVAILABLE}
2019-07-12 13:10:59,750 INFO  handler.ContextHandler (ContextHandler.java:doStart(781)) - Started o.e.j.s.ServletContextHandler@5c18d6d4{/static,jar:file:/home/user/.m2/repository/org/apache/hadoop/hadoop-hdds-container-service/0.5.0-SNAPSHOT/hadoop-hdds-container-service-0.5.0-SNAPSHOT.jar!/webapps/static,AVAILABLE}
2019-07-12 13:10:59,778 INFO  handler.ContextHandler (ContextHandler.java:doStart(781)) - Started o.e.j.w.WebAppContext@1ab14636{/,file:///tmp/jetty-0.0.0.0-37248-hddsDatanode-_-any-2564316971950507415.dir/webapp/,AVAILABLE}{/hddsDatanode}
2019-07-12 13:10:59,779 INFO  server.AbstractConnector (AbstractConnector.java:doStart(278)) - Started ServerConnector@16b3c905{HTTP/1.1,[http/1.1]}{0.0.0.0:37248}
2019-07-12 13:10:59,780 INFO  server.Server (Server.java:doStart(419)) - Started @6750ms
2019-07-12 13:10:59,782 INFO  server.BaseHttpServer (BaseHttpServer.java:updateConnectorAddress(207)) - HTTP server of HDDSDATANODE is listening at http://0.0.0.0:37248
2019-07-12 13:10:59,922 INFO  ozone.HddsDatanodeService (HddsDatanodeService.java:startPlugins(396)) - Started plug-in org.apache.hadoop.ozone.web.OzoneHddsDatanodeService@30922f8d
2019-07-12 13:10:59,922 INFO  impl.MetricsSystemImpl (MetricsSystemImpl.java:init(158)) - HddsDatanode metrics system started (again)
2019-07-12 13:10:59,923 INFO  ozone.HddsDatanodeService (HddsDatanodeService.java:start(185)) - HddsDatanodeService host:pr-hdds-17356bwxm-3764869708 ip:192.168.157.212
2019-07-12 13:10:59,925 INFO  util.JvmPauseMonitor (JvmPauseMonitor.java:run(188)) - Starting JVM pause monitor
2019-07-12 13:10:59,931 INFO  volume.HddsVolume (HddsVolume.java:<init>(176)) - Creating Volume: /tmp/workdir/hadoop-ozone/integration-test/target/test-dir/MiniOzoneClusterImpl-aa1df1c5-0857-4523-9eb6-d70e8c83b275/datanode-3/data/containers/hdds of  storage type : DISK and capacity : 52710309888
2019-07-12 13:10:59,931 INFO  datanode.InitDatanodeState (InitDatanodeState.java:persistContainerDatanodeDetails(140)) - DatanodeDetails is persisted to /tmp/workdir/hadoop-ozone/integration-test/target/test-dir/MiniOzoneClusterImpl-aa1df1c5-0857-4523-9eb6-d70e8c83b275/datanode-2/meta/datanode.id
2019-07-12 13:10:59,931 INFO  volume.VolumeSet (VolumeSet.java:initializeVolumeSet(170)) - Added Volume : /tmp/workdir/hadoop-ozone/integration-test/target/test-dir/MiniOzoneClusterImpl-aa1df1c5-0857-4523-9eb6-d70e8c83b275/datanode-3/data/containers/hdds to VolumeSet
2019-07-12 13:10:59,931 INFO  volume.ThrottledAsyncChecker (ThrottledAsyncChecker.java:schedule(140)) - Scheduling a check for org.apache.hadoop.ozone.container.common.volume.HddsVolume@45d56062
2019-07-12 13:10:59,932 INFO  volume.HddsVolumeChecker (HddsVolumeChecker.java:checkAllVolumes(203)) - Scheduled health check for volume org.apache.hadoop.ozone.container.common.volume.HddsVolume@45d56062
2019-07-12 13:10:59,950 INFO  impl.RaftServerProxy (ConfUtils.java:logGet(43)) - raft.rpc.type = GRPC (default)
2019-07-12 13:10:59,950 INFO  grpc.GrpcFactory (GrpcFactory.java:checkPooledByteBufAllocatorUseCacheForAllThreads(45)) - PERFORMANCE WARNING: useCacheForAllThreads is true that may cause Netty to create a lot garbage objects and, as a result, trigger GC.
	It is recommended to disable useCacheForAllThreads by setting -Dorg.apache.ratis.thirdparty.io.netty.allocator.useCacheForAllThreads=false in command line.
2019-07-12 13:10:59,951 INFO  grpc.GrpcConfigKeys$Server (ConfUtils.java:logGet(43)) - raft.grpc.server.port = 0 (default)
2019-07-12 13:10:59,951 INFO  server.GrpcService (ConfUtils.java:logGet(43)) - raft.grpc.message.size.max = 33570816 (custom)
2019-07-12 13:10:59,951 INFO  server.RaftServerConfigKeys (ConfUtils.java:logGet(43)) - raft.server.log.appender.buffer.byte-limit = 33554432 (custom)
2019-07-12 13:10:59,952 INFO  server.GrpcService (ConfUtils.java:logGet(43)) - raft.grpc.flow.control.window = 1MB (=1048576) (default)
2019-07-12 13:10:59,952 INFO  server.RaftServerConfigKeys (ConfUtils.java:logGet(43)) - raft.server.rpc.request.timeout = 3000ms (default)
2019-07-12 13:10:59,952 INFO  server.RaftServerConfigKeys (ConfUtils.java:logGet(43)) - raft.server.storage.dir = [/tmp/workdir/hadoop-ozone/integration-test/target/test-dir/MiniOzoneClusterImpl-aa1df1c5-0857-4523-9eb6-d70e8c83b275/datanode-3/data/ratis] (custom)
2019-07-12 13:10:59,953 INFO  replication.SimpleContainerDownloader (SimpleContainerDownloader.java:<init>(72)) - Starting container downloader service to copy containers to replicate.
2019-07-12 13:10:59,954 INFO  hdfs.DFSUtil (DFSUtil.java:httpServerTemplateForNNAndJN(1641)) - Starting Web-server for hddsDatanode at: http://0.0.0.0:0
2019-07-12 13:10:59,956 INFO  server.AuthenticationFilter (AuthenticationFilter.java:constructSecretProvider(240)) - Unable to initialize FileSignerSecretProvider, falling back to use random secrets.
2019-07-12 13:10:59,956 WARN  http.HttpRequestLog (HttpRequestLog.java:getRequestLog(97)) - Jetty request log can only be enabled using Log4j
2019-07-12 13:10:59,958 INFO  http.HttpServer2 (HttpServer2.java:addGlobalFilter(975)) - Added global filter 'safety' (class=org.apache.hadoop.http.HttpServer2$QuotingInputFilter)
2019-07-12 13:10:59,959 INFO  http.HttpServer2 (HttpServer2.java:addFilter(948)) - Added filter static_user_filter (class=org.apache.hadoop.http.lib.StaticUserWebFilter$StaticUserFilter) to context hddsDatanode
2019-07-12 13:10:59,959 INFO  http.HttpServer2 (HttpServer2.java:addFilter(958)) - Added filter static_user_filter (class=org.apache.hadoop.http.lib.StaticUserWebFilter$StaticUserFilter) to context static
2019-07-12 13:10:59,959 INFO  http.HttpServer2 (HttpServer2.java:addFilter(958)) - Added filter static_user_filter (class=org.apache.hadoop.http.lib.StaticUserWebFilter$StaticUserFilter) to context logs
2019-07-12 13:10:59,960 INFO  http.HttpServer2 (HttpServer2.java:bindListener(1191)) - Jetty bound to port 35039
2019-07-12 13:10:59,960 INFO  server.Server (Server.java:doStart(351)) - jetty-9.3.24.v20180605, build timestamp: 2018-06-05T17:11:56Z, git hash: 84205aa28f11a4f31f2a3b86d1bba2cc8ab69827
2019-07-12 13:10:59,964 INFO  handler.ContextHandler (ContextHandler.java:doStart(781)) - Started o.e.j.s.ServletContextHandler@4f081b5d{/logs,file:///tmp/workdir/hadoop-ozone/integration-test/target/log,AVAILABLE}
2019-07-12 13:10:59,964 INFO  handler.ContextHandler (ContextHandler.java:doStart(781)) - Started o.e.j.s.ServletContextHandler@740a0d5e{/static,jar:file:/home/user/.m2/repository/org/apache/hadoop/hadoop-hdds-container-service/0.5.0-SNAPSHOT/hadoop-hdds-container-service-0.5.0-SNAPSHOT.jar!/webapps/static,AVAILABLE}
2019-07-12 13:10:59,998 INFO  handler.ContextHandler (ContextHandler.java:doStart(781)) - Started o.e.j.w.WebAppContext@4ae2e781{/,file:///tmp/jetty-0.0.0.0-35039-hddsDatanode-_-any-7244038788016355780.dir/webapp/,AVAILABLE}{/hddsDatanode}
2019-07-12 13:10:59,998 INFO  server.AbstractConnector (AbstractConnector.java:doStart(278)) - Started ServerConnector@339f3a55{HTTP/1.1,[http/1.1]}{0.0.0.0:35039}
2019-07-12 13:10:59,999 INFO  server.Server (Server.java:doStart(419)) - Started @6970ms
2019-07-12 13:11:00,000 INFO  server.BaseHttpServer (BaseHttpServer.java:updateConnectorAddress(207)) - HTTP server of HDDSDATANODE is listening at http://0.0.0.0:35039
2019-07-12 13:11:00,125 INFO  ozone.HddsDatanodeService (HddsDatanodeService.java:startPlugins(396)) - Started plug-in org.apache.hadoop.ozone.web.OzoneHddsDatanodeService@15605d83
2019-07-12 13:11:00,126 INFO  impl.MetricsSystemImpl (MetricsSystemImpl.java:init(158)) - HddsDatanode metrics system started (again)
2019-07-12 13:11:00,127 INFO  ozone.HddsDatanodeService (HddsDatanodeService.java:start(185)) - HddsDatanodeService host:pr-hdds-17356bwxm-3764869708 ip:192.168.157.212
2019-07-12 13:11:00,129 INFO  util.JvmPauseMonitor (JvmPauseMonitor.java:run(188)) - Starting JVM pause monitor
2019-07-12 13:11:00,133 INFO  datanode.InitDatanodeState (InitDatanodeState.java:persistContainerDatanodeDetails(140)) - DatanodeDetails is persisted to /tmp/workdir/hadoop-ozone/integration-test/target/test-dir/MiniOzoneClusterImpl-aa1df1c5-0857-4523-9eb6-d70e8c83b275/datanode-3/meta/datanode.id
2019-07-12 13:11:00,136 INFO  volume.HddsVolume (HddsVolume.java:<init>(176)) - Creating Volume: /tmp/workdir/hadoop-ozone/integration-test/target/test-dir/MiniOzoneClusterImpl-aa1df1c5-0857-4523-9eb6-d70e8c83b275/datanode-4/data/containers/hdds of  storage type : DISK and capacity : 52710309888
2019-07-12 13:11:00,136 INFO  volume.VolumeSet (VolumeSet.java:initializeVolumeSet(170)) - Added Volume : /tmp/workdir/hadoop-ozone/integration-test/target/test-dir/MiniOzoneClusterImpl-aa1df1c5-0857-4523-9eb6-d70e8c83b275/datanode-4/data/containers/hdds to VolumeSet
2019-07-12 13:11:00,136 INFO  volume.ThrottledAsyncChecker (ThrottledAsyncChecker.java:schedule(140)) - Scheduling a check for org.apache.hadoop.ozone.container.common.volume.HddsVolume@6da54910
2019-07-12 13:11:00,137 INFO  volume.HddsVolumeChecker (HddsVolumeChecker.java:checkAllVolumes(203)) - Scheduled health check for volume org.apache.hadoop.ozone.container.common.volume.HddsVolume@6da54910
2019-07-12 13:11:00,151 INFO  impl.RaftServerProxy (ConfUtils.java:logGet(43)) - raft.rpc.type = GRPC (default)
2019-07-12 13:11:00,152 INFO  grpc.GrpcFactory (GrpcFactory.java:checkPooledByteBufAllocatorUseCacheForAllThreads(45)) - PERFORMANCE WARNING: useCacheForAllThreads is true that may cause Netty to create a lot garbage objects and, as a result, trigger GC.
	It is recommended to disable useCacheForAllThreads by setting -Dorg.apache.ratis.thirdparty.io.netty.allocator.useCacheForAllThreads=false in command line.
2019-07-12 13:11:00,152 INFO  grpc.GrpcConfigKeys$Server (ConfUtils.java:logGet(43)) - raft.grpc.server.port = 0 (default)
2019-07-12 13:11:00,152 INFO  server.GrpcService (ConfUtils.java:logGet(43)) - raft.grpc.message.size.max = 33570816 (custom)
2019-07-12 13:11:00,152 INFO  server.RaftServerConfigKeys (ConfUtils.java:logGet(43)) - raft.server.log.appender.buffer.byte-limit = 33554432 (custom)
2019-07-12 13:11:00,153 INFO  server.GrpcService (ConfUtils.java:logGet(43)) - raft.grpc.flow.control.window = 1MB (=1048576) (default)
2019-07-12 13:11:00,153 INFO  server.RaftServerConfigKeys (ConfUtils.java:logGet(43)) - raft.server.rpc.request.timeout = 3000ms (default)
2019-07-12 13:11:00,153 INFO  server.RaftServerConfigKeys (ConfUtils.java:logGet(43)) - raft.server.storage.dir = [/tmp/workdir/hadoop-ozone/integration-test/target/test-dir/MiniOzoneClusterImpl-aa1df1c5-0857-4523-9eb6-d70e8c83b275/datanode-4/data/ratis] (custom)
2019-07-12 13:11:00,154 INFO  replication.SimpleContainerDownloader (SimpleContainerDownloader.java:<init>(72)) - Starting container downloader service to copy containers to replicate.
2019-07-12 13:11:00,155 INFO  hdfs.DFSUtil (DFSUtil.java:httpServerTemplateForNNAndJN(1641)) - Starting Web-server for hddsDatanode at: http://0.0.0.0:0
2019-07-12 13:11:00,156 INFO  server.AuthenticationFilter (AuthenticationFilter.java:constructSecretProvider(240)) - Unable to initialize FileSignerSecretProvider, falling back to use random secrets.
2019-07-12 13:11:00,157 WARN  http.HttpRequestLog (HttpRequestLog.java:getRequestLog(97)) - Jetty request log can only be enabled using Log4j
2019-07-12 13:11:00,158 INFO  http.HttpServer2 (HttpServer2.java:addGlobalFilter(975)) - Added global filter 'safety' (class=org.apache.hadoop.http.HttpServer2$QuotingInputFilter)
2019-07-12 13:11:00,158 INFO  http.HttpServer2 (HttpServer2.java:addFilter(948)) - Added filter static_user_filter (class=org.apache.hadoop.http.lib.StaticUserWebFilter$StaticUserFilter) to context hddsDatanode
2019-07-12 13:11:00,158 INFO  http.HttpServer2 (HttpServer2.java:addFilter(958)) - Added filter static_user_filter (class=org.apache.hadoop.http.lib.StaticUserWebFilter$StaticUserFilter) to context logs
2019-07-12 13:11:00,159 INFO  http.HttpServer2 (HttpServer2.java:addFilter(958)) - Added filter static_user_filter (class=org.apache.hadoop.http.lib.StaticUserWebFilter$StaticUserFilter) to context static
2019-07-12 13:11:00,159 INFO  http.HttpServer2 (HttpServer2.java:bindListener(1191)) - Jetty bound to port 36068
2019-07-12 13:11:00,159 INFO  server.Server (Server.java:doStart(351)) - jetty-9.3.24.v20180605, build timestamp: 2018-06-05T17:11:56Z, git hash: 84205aa28f11a4f31f2a3b86d1bba2cc8ab69827
2019-07-12 13:11:00,162 INFO  handler.ContextHandler (ContextHandler.java:doStart(781)) - Started o.e.j.s.ServletContextHandler@640d604{/logs,file:///tmp/workdir/hadoop-ozone/integration-test/target/log,AVAILABLE}
2019-07-12 13:11:00,163 INFO  handler.ContextHandler (ContextHandler.java:doStart(781)) - Started o.e.j.s.ServletContextHandler@5438fa43{/static,jar:file:/home/user/.m2/repository/org/apache/hadoop/hadoop-hdds-container-service/0.5.0-SNAPSHOT/hadoop-hdds-container-service-0.5.0-SNAPSHOT.jar!/webapps/static,AVAILABLE}
2019-07-12 13:11:00,190 INFO  handler.ContextHandler (ContextHandler.java:doStart(781)) - Started o.e.j.w.WebAppContext@de77146{/,file:///tmp/jetty-0.0.0.0-36068-hddsDatanode-_-any-7273499815438764575.dir/webapp/,AVAILABLE}{/hddsDatanode}
2019-07-12 13:11:00,191 INFO  server.AbstractConnector (AbstractConnector.java:doStart(278)) - Started ServerConnector@691567ea{HTTP/1.1,[http/1.1]}{0.0.0.0:36068}
2019-07-12 13:11:00,191 INFO  server.Server (Server.java:doStart(419)) - Started @7162ms
2019-07-12 13:11:00,192 INFO  server.BaseHttpServer (BaseHttpServer.java:updateConnectorAddress(207)) - HTTP server of HDDSDATANODE is listening at http://0.0.0.0:36068
2019-07-12 13:11:00,314 INFO  ozone.HddsDatanodeService (HddsDatanodeService.java:startPlugins(396)) - Started plug-in org.apache.hadoop.ozone.web.OzoneHddsDatanodeService@2365ea38
2019-07-12 13:11:00,314 INFO  impl.MetricsSystemImpl (MetricsSystemImpl.java:init(158)) - HddsDatanode metrics system started (again)
2019-07-12 13:11:00,316 INFO  ozone.HddsDatanodeService (HddsDatanodeService.java:start(185)) - HddsDatanodeService host:pr-hdds-17356bwxm-3764869708 ip:192.168.157.212
2019-07-12 13:11:00,318 INFO  util.JvmPauseMonitor (JvmPauseMonitor.java:run(188)) - Starting JVM pause monitor
2019-07-12 13:11:00,321 INFO  datanode.InitDatanodeState (InitDatanodeState.java:persistContainerDatanodeDetails(140)) - DatanodeDetails is persisted to /tmp/workdir/hadoop-ozone/integration-test/target/test-dir/MiniOzoneClusterImpl-aa1df1c5-0857-4523-9eb6-d70e8c83b275/datanode-4/meta/datanode.id
2019-07-12 13:11:00,325 INFO  volume.HddsVolume (HddsVolume.java:<init>(176)) - Creating Volume: /tmp/workdir/hadoop-ozone/integration-test/target/test-dir/MiniOzoneClusterImpl-aa1df1c5-0857-4523-9eb6-d70e8c83b275/datanode-5/data/containers/hdds of  storage type : DISK and capacity : 52710309888
2019-07-12 13:11:00,325 INFO  volume.VolumeSet (VolumeSet.java:initializeVolumeSet(170)) - Added Volume : /tmp/workdir/hadoop-ozone/integration-test/target/test-dir/MiniOzoneClusterImpl-aa1df1c5-0857-4523-9eb6-d70e8c83b275/datanode-5/data/containers/hdds to VolumeSet
2019-07-12 13:11:00,326 INFO  volume.ThrottledAsyncChecker (ThrottledAsyncChecker.java:schedule(140)) - Scheduling a check for org.apache.hadoop.ozone.container.common.volume.HddsVolume@7781263c
2019-07-12 13:11:00,327 INFO  volume.HddsVolumeChecker (HddsVolumeChecker.java:checkAllVolumes(203)) - Scheduled health check for volume org.apache.hadoop.ozone.container.common.volume.HddsVolume@7781263c
2019-07-12 13:11:00,350 INFO  impl.RaftServerProxy (ConfUtils.java:logGet(43)) - raft.rpc.type = GRPC (default)
2019-07-12 13:11:00,350 INFO  grpc.GrpcFactory (GrpcFactory.java:checkPooledByteBufAllocatorUseCacheForAllThreads(45)) - PERFORMANCE WARNING: useCacheForAllThreads is true that may cause Netty to create a lot garbage objects and, as a result, trigger GC.
	It is recommended to disable useCacheForAllThreads by setting -Dorg.apache.ratis.thirdparty.io.netty.allocator.useCacheForAllThreads=false in command line.
2019-07-12 13:11:00,350 INFO  grpc.GrpcConfigKeys$Server (ConfUtils.java:logGet(43)) - raft.grpc.server.port = 0 (default)
2019-07-12 13:11:00,351 INFO  server.GrpcService (ConfUtils.java:logGet(43)) - raft.grpc.message.size.max = 33570816 (custom)
2019-07-12 13:11:00,351 INFO  server.RaftServerConfigKeys (ConfUtils.java:logGet(43)) - raft.server.log.appender.buffer.byte-limit = 33554432 (custom)
2019-07-12 13:11:00,351 INFO  server.GrpcService (ConfUtils.java:logGet(43)) - raft.grpc.flow.control.window = 1MB (=1048576) (default)
2019-07-12 13:11:00,352 INFO  server.RaftServerConfigKeys (ConfUtils.java:logGet(43)) - raft.server.rpc.request.timeout = 3000ms (default)
2019-07-12 13:11:00,352 INFO  server.RaftServerConfigKeys (ConfUtils.java:logGet(43)) - raft.server.storage.dir = [/tmp/workdir/hadoop-ozone/integration-test/target/test-dir/MiniOzoneClusterImpl-aa1df1c5-0857-4523-9eb6-d70e8c83b275/datanode-5/data/ratis] (custom)
2019-07-12 13:11:00,353 INFO  replication.SimpleContainerDownloader (SimpleContainerDownloader.java:<init>(72)) - Starting container downloader service to copy containers to replicate.
2019-07-12 13:11:00,354 INFO  hdfs.DFSUtil (DFSUtil.java:httpServerTemplateForNNAndJN(1641)) - Starting Web-server for hddsDatanode at: http://0.0.0.0:0
2019-07-12 13:11:00,356 INFO  server.AuthenticationFilter (AuthenticationFilter.java:constructSecretProvider(240)) - Unable to initialize FileSignerSecretProvider, falling back to use random secrets.
2019-07-12 13:11:00,356 WARN  http.HttpRequestLog (HttpRequestLog.java:getRequestLog(97)) - Jetty request log can only be enabled using Log4j
2019-07-12 13:11:00,357 INFO  http.HttpServer2 (HttpServer2.java:addGlobalFilter(975)) - Added global filter 'safety' (class=org.apache.hadoop.http.HttpServer2$QuotingInputFilter)
2019-07-12 13:11:00,358 INFO  http.HttpServer2 (HttpServer2.java:addFilter(948)) - Added filter static_user_filter (class=org.apache.hadoop.http.lib.StaticUserWebFilter$StaticUserFilter) to context hddsDatanode
2019-07-12 13:11:00,358 INFO  http.HttpServer2 (HttpServer2.java:addFilter(958)) - Added filter static_user_filter (class=org.apache.hadoop.http.lib.StaticUserWebFilter$StaticUserFilter) to context logs
2019-07-12 13:11:00,358 INFO  http.HttpServer2 (HttpServer2.java:addFilter(958)) - Added filter static_user_filter (class=org.apache.hadoop.http.lib.StaticUserWebFilter$StaticUserFilter) to context static
2019-07-12 13:11:00,359 INFO  http.HttpServer2 (HttpServer2.java:bindListener(1191)) - Jetty bound to port 36934
2019-07-12 13:11:00,359 INFO  server.Server (Server.java:doStart(351)) - jetty-9.3.24.v20180605, build timestamp: 2018-06-05T17:11:56Z, git hash: 84205aa28f11a4f31f2a3b86d1bba2cc8ab69827
2019-07-12 13:11:00,362 INFO  handler.ContextHandler (ContextHandler.java:doStart(781)) - Started o.e.j.s.ServletContextHandler@325162e9{/logs,file:///tmp/workdir/hadoop-ozone/integration-test/target/log,AVAILABLE}
2019-07-12 13:11:00,362 INFO  handler.ContextHandler (ContextHandler.java:doStart(781)) - Started o.e.j.s.ServletContextHandler@5c448ef{/static,jar:file:/home/user/.m2/repository/org/apache/hadoop/hadoop-hdds-container-service/0.5.0-SNAPSHOT/hadoop-hdds-container-service-0.5.0-SNAPSHOT.jar!/webapps/static,AVAILABLE}
2019-07-12 13:11:00,399 INFO  handler.ContextHandler (ContextHandler.java:doStart(781)) - Started o.e.j.w.WebAppContext@377dfb8d{/,file:///tmp/jetty-0.0.0.0-36934-hddsDatanode-_-any-5522515962580981478.dir/webapp/,AVAILABLE}{/hddsDatanode}
2019-07-12 13:11:00,401 INFO  server.AbstractConnector (AbstractConnector.java:doStart(278)) - Started ServerConnector@42a0786f{HTTP/1.1,[http/1.1]}{0.0.0.0:36934}
2019-07-12 13:11:00,401 INFO  server.Server (Server.java:doStart(419)) - Started @7371ms
2019-07-12 13:11:00,402 INFO  server.BaseHttpServer (BaseHttpServer.java:updateConnectorAddress(207)) - HTTP server of HDDSDATANODE is listening at http://0.0.0.0:36934
2019-07-12 13:11:00,524 INFO  ozone.HddsDatanodeService (HddsDatanodeService.java:startPlugins(396)) - Started plug-in org.apache.hadoop.ozone.web.OzoneHddsDatanodeService@165614f5
2019-07-12 13:11:00,524 INFO  impl.MetricsSystemImpl (MetricsSystemImpl.java:init(158)) - HddsDatanode metrics system started (again)
2019-07-12 13:11:00,526 INFO  ozone.HddsDatanodeService (HddsDatanodeService.java:start(185)) - HddsDatanodeService host:pr-hdds-17356bwxm-3764869708 ip:192.168.157.212
2019-07-12 13:11:00,528 INFO  util.JvmPauseMonitor (JvmPauseMonitor.java:run(188)) - Starting JVM pause monitor
2019-07-12 13:11:00,532 INFO  datanode.InitDatanodeState (InitDatanodeState.java:persistContainerDatanodeDetails(140)) - DatanodeDetails is persisted to /tmp/workdir/hadoop-ozone/integration-test/target/test-dir/MiniOzoneClusterImpl-aa1df1c5-0857-4523-9eb6-d70e8c83b275/datanode-5/meta/datanode.id
2019-07-12 13:11:00,536 INFO  volume.HddsVolume (HddsVolume.java:<init>(176)) - Creating Volume: /tmp/workdir/hadoop-ozone/integration-test/target/test-dir/MiniOzoneClusterImpl-aa1df1c5-0857-4523-9eb6-d70e8c83b275/datanode-6/data/containers/hdds of  storage type : DISK and capacity : 52710309888
2019-07-12 13:11:00,536 INFO  volume.VolumeSet (VolumeSet.java:initializeVolumeSet(170)) - Added Volume : /tmp/workdir/hadoop-ozone/integration-test/target/test-dir/MiniOzoneClusterImpl-aa1df1c5-0857-4523-9eb6-d70e8c83b275/datanode-6/data/containers/hdds to VolumeSet
2019-07-12 13:11:00,537 INFO  volume.ThrottledAsyncChecker (ThrottledAsyncChecker.java:schedule(140)) - Scheduling a check for org.apache.hadoop.ozone.container.common.volume.HddsVolume@103c97ff
2019-07-12 13:11:00,537 INFO  volume.HddsVolumeChecker (HddsVolumeChecker.java:checkAllVolumes(203)) - Scheduled health check for volume org.apache.hadoop.ozone.container.common.volume.HddsVolume@103c97ff
2019-07-12 13:11:00,555 INFO  impl.RaftServerProxy (ConfUtils.java:logGet(43)) - raft.rpc.type = GRPC (default)
2019-07-12 13:11:00,555 INFO  grpc.GrpcFactory (GrpcFactory.java:checkPooledByteBufAllocatorUseCacheForAllThreads(45)) - PERFORMANCE WARNING: useCacheForAllThreads is true that may cause Netty to create a lot garbage objects and, as a result, trigger GC.
	It is recommended to disable useCacheForAllThreads by setting -Dorg.apache.ratis.thirdparty.io.netty.allocator.useCacheForAllThreads=false in command line.
2019-07-12 13:11:00,555 INFO  grpc.GrpcConfigKeys$Server (ConfUtils.java:logGet(43)) - raft.grpc.server.port = 0 (default)
2019-07-12 13:11:00,556 INFO  server.GrpcService (ConfUtils.java:logGet(43)) - raft.grpc.message.size.max = 33570816 (custom)
2019-07-12 13:11:00,556 INFO  server.RaftServerConfigKeys (ConfUtils.java:logGet(43)) - raft.server.log.appender.buffer.byte-limit = 33554432 (custom)
2019-07-12 13:11:00,556 INFO  server.GrpcService (ConfUtils.java:logGet(43)) - raft.grpc.flow.control.window = 1MB (=1048576) (default)
2019-07-12 13:11:00,556 INFO  server.RaftServerConfigKeys (ConfUtils.java:logGet(43)) - raft.server.rpc.request.timeout = 3000ms (default)
2019-07-12 13:11:00,557 INFO  server.RaftServerConfigKeys (ConfUtils.java:logGet(43)) - raft.server.storage.dir = [/tmp/workdir/hadoop-ozone/integration-test/target/test-dir/MiniOzoneClusterImpl-aa1df1c5-0857-4523-9eb6-d70e8c83b275/datanode-6/data/ratis] (custom)
2019-07-12 13:11:00,557 INFO  replication.SimpleContainerDownloader (SimpleContainerDownloader.java:<init>(72)) - Starting container downloader service to copy containers to replicate.
2019-07-12 13:11:00,558 INFO  hdfs.DFSUtil (DFSUtil.java:httpServerTemplateForNNAndJN(1641)) - Starting Web-server for hddsDatanode at: http://0.0.0.0:0
2019-07-12 13:11:00,560 INFO  server.AuthenticationFilter (AuthenticationFilter.java:constructSecretProvider(240)) - Unable to initialize FileSignerSecretProvider, falling back to use random secrets.
2019-07-12 13:11:00,560 WARN  http.HttpRequestLog (HttpRequestLog.java:getRequestLog(97)) - Jetty request log can only be enabled using Log4j
2019-07-12 13:11:00,561 INFO  http.HttpServer2 (HttpServer2.java:addGlobalFilter(975)) - Added global filter 'safety' (class=org.apache.hadoop.http.HttpServer2$QuotingInputFilter)
2019-07-12 13:11:00,561 INFO  http.HttpServer2 (HttpServer2.java:addFilter(948)) - Added filter static_user_filter (class=org.apache.hadoop.http.lib.StaticUserWebFilter$StaticUserFilter) to context hddsDatanode
2019-07-12 13:11:00,561 INFO  http.HttpServer2 (HttpServer2.java:addFilter(958)) - Added filter static_user_filter (class=org.apache.hadoop.http.lib.StaticUserWebFilter$StaticUserFilter) to context logs
2019-07-12 13:11:00,562 INFO  http.HttpServer2 (HttpServer2.java:addFilter(958)) - Added filter static_user_filter (class=org.apache.hadoop.http.lib.StaticUserWebFilter$StaticUserFilter) to context static
2019-07-12 13:11:00,562 INFO  http.HttpServer2 (HttpServer2.java:bindListener(1191)) - Jetty bound to port 42429
2019-07-12 13:11:00,562 INFO  server.Server (Server.java:doStart(351)) - jetty-9.3.24.v20180605, build timestamp: 2018-06-05T17:11:56Z, git hash: 84205aa28f11a4f31f2a3b86d1bba2cc8ab69827
2019-07-12 13:11:00,565 INFO  handler.ContextHandler (ContextHandler.java:doStart(781)) - Started o.e.j.s.ServletContextHandler@35fa450f{/logs,file:///tmp/workdir/hadoop-ozone/integration-test/target/log,AVAILABLE}
2019-07-12 13:11:00,565 INFO  handler.ContextHandler (ContextHandler.java:doStart(781)) - Started o.e.j.s.ServletContextHandler@9b3be1c{/static,jar:file:/home/user/.m2/repository/org/apache/hadoop/hadoop-hdds-container-service/0.5.0-SNAPSHOT/hadoop-hdds-container-service-0.5.0-SNAPSHOT.jar!/webapps/static,AVAILABLE}
2019-07-12 13:11:00,587 INFO  handler.ContextHandler (ContextHandler.java:doStart(781)) - Started o.e.j.w.WebAppContext@4c7d7430{/,file:///tmp/jetty-0.0.0.0-42429-hddsDatanode-_-any-7242560604158076877.dir/webapp/,AVAILABLE}{/hddsDatanode}
2019-07-12 13:11:00,587 INFO  server.AbstractConnector (AbstractConnector.java:doStart(278)) - Started ServerConnector@4ea1aa52{HTTP/1.1,[http/1.1]}{0.0.0.0:42429}
2019-07-12 13:11:00,588 INFO  server.Server (Server.java:doStart(419)) - Started @7558ms
2019-07-12 13:11:00,588 INFO  server.BaseHttpServer (BaseHttpServer.java:updateConnectorAddress(207)) - HTTP server of HDDSDATANODE is listening at http://0.0.0.0:42429
2019-07-12 13:11:00,813 INFO  ozone.HddsDatanodeService (HddsDatanodeService.java:startPlugins(396)) - Started plug-in org.apache.hadoop.ozone.web.OzoneHddsDatanodeService@da09250
2019-07-12 13:11:00,816 INFO  ozone.MiniOzoneClusterImpl (MiniOzoneClusterImpl.java:lambda$waitForClusterToBeReady$0(142)) - Waiting for cluster to be ready. Got 0 of 7 DN Heartbeats.
2019-07-12 13:11:00,817 INFO  util.JvmPauseMonitor (JvmPauseMonitor.java:run(188)) - Starting JVM pause monitor
2019-07-12 13:11:00,820 INFO  datanode.InitDatanodeState (InitDatanodeState.java:persistContainerDatanodeDetails(140)) - DatanodeDetails is persisted to /tmp/workdir/hadoop-ozone/integration-test/target/test-dir/MiniOzoneClusterImpl-aa1df1c5-0857-4523-9eb6-d70e8c83b275/datanode-6/meta/datanode.id
2019-07-12 13:11:01,457 INFO  ozoneimpl.OzoneContainer (OzoneContainer.java:start(186)) - Attempting to start container services.
2019-07-12 13:11:01,459 INFO  ozoneimpl.OzoneContainer (OzoneContainer.java:startContainerScrub(160)) - Background container scrubber has been disabled by hdds.containerscrub.enabled
2019-07-12 13:11:01,459 INFO  ratis.XceiverServerRatis (XceiverServerRatis.java:start(418)) - Starting XceiverServerRatis 12c47b40-5ec5-4a6d-be2a-f8a6fb7a0f15 at port 0
2019-07-12 13:11:01,481 INFO  impl.RaftServerProxy (RaftServerProxy.java:lambda$start$3(299)) - 12c47b40-5ec5-4a6d-be2a-f8a6fb7a0f15: start RPC server
2019-07-12 13:11:01,612 INFO  server.GrpcService (GrpcService.java:startImpl(149)) - 12c47b40-5ec5-4a6d-be2a-f8a6fb7a0f15: GrpcService started, listening on 0.0.0.0/0.0.0.0:37379
2019-07-12 13:11:01,613 INFO  ratis.XceiverServerRatis (XceiverServerRatis.java:start(428)) - XceiverServerRatis 12c47b40-5ec5-4a6d-be2a-f8a6fb7a0f15 is started using port 37379
2019-07-12 13:11:01,616 INFO  server.XceiverServerGrpc (XceiverServerGrpc.java:start(161)) - XceiverServerGrpc 12c47b40-5ec5-4a6d-be2a-f8a6fb7a0f15 is started using port 36126
2019-07-12 13:11:01,724 INFO  ozoneimpl.OzoneContainer (OzoneContainer.java:start(186)) - Attempting to start container services.
2019-07-12 13:11:01,726 INFO  ozoneimpl.OzoneContainer (OzoneContainer.java:startContainerScrub(160)) - Background container scrubber has been disabled by hdds.containerscrub.enabled
2019-07-12 13:11:01,726 INFO  ratis.XceiverServerRatis (XceiverServerRatis.java:start(418)) - Starting XceiverServerRatis 871b3a72-703e-465c-925f-bb68f4958a2e at port 0
2019-07-12 13:11:01,735 INFO  impl.RaftServerProxy (RaftServerProxy.java:lambda$start$3(299)) - 871b3a72-703e-465c-925f-bb68f4958a2e: start RPC server
2019-07-12 13:11:01,738 INFO  server.GrpcService (GrpcService.java:startImpl(149)) - 871b3a72-703e-465c-925f-bb68f4958a2e: GrpcService started, listening on 0.0.0.0/0.0.0.0:38834
2019-07-12 13:11:01,738 INFO  ratis.XceiverServerRatis (XceiverServerRatis.java:start(428)) - XceiverServerRatis 871b3a72-703e-465c-925f-bb68f4958a2e is started using port 38834
2019-07-12 13:11:01,741 INFO  server.XceiverServerGrpc (XceiverServerGrpc.java:start(161)) - XceiverServerGrpc 871b3a72-703e-465c-925f-bb68f4958a2e is started using port 45550
2019-07-12 13:11:01,816 INFO  ozone.MiniOzoneClusterImpl (MiniOzoneClusterImpl.java:lambda$waitForClusterToBeReady$0(142)) - Waiting for cluster to be ready. Got 0 of 7 DN Heartbeats.
2019-07-12 13:11:01,950 INFO  ozoneimpl.OzoneContainer (OzoneContainer.java:start(186)) - Attempting to start container services.
2019-07-12 13:11:01,955 INFO  ozoneimpl.OzoneContainer (OzoneContainer.java:startContainerScrub(160)) - Background container scrubber has been disabled by hdds.containerscrub.enabled
2019-07-12 13:11:01,956 INFO  ratis.XceiverServerRatis (XceiverServerRatis.java:start(418)) - Starting XceiverServerRatis 236a9b69-16f2-46bd-9ce4-e686e621f0e6 at port 0
2019-07-12 13:11:01,967 INFO  impl.RaftServerProxy (RaftServerProxy.java:lambda$start$3(299)) - 236a9b69-16f2-46bd-9ce4-e686e621f0e6: start RPC server
2019-07-12 13:11:01,971 INFO  server.GrpcService (GrpcService.java:startImpl(149)) - 236a9b69-16f2-46bd-9ce4-e686e621f0e6: GrpcService started, listening on 0.0.0.0/0.0.0.0:45982
2019-07-12 13:11:01,971 INFO  ratis.XceiverServerRatis (XceiverServerRatis.java:start(428)) - XceiverServerRatis 236a9b69-16f2-46bd-9ce4-e686e621f0e6 is started using port 45982
2019-07-12 13:11:01,974 INFO  server.XceiverServerGrpc (XceiverServerGrpc.java:start(161)) - XceiverServerGrpc 236a9b69-16f2-46bd-9ce4-e686e621f0e6 is started using port 46343
2019-07-12 13:11:02,154 INFO  ozoneimpl.OzoneContainer (OzoneContainer.java:start(186)) - Attempting to start container services.
2019-07-12 13:11:02,154 INFO  ozoneimpl.OzoneContainer (OzoneContainer.java:startContainerScrub(160)) - Background container scrubber has been disabled by hdds.containerscrub.enabled
2019-07-12 13:11:02,154 INFO  ratis.XceiverServerRatis (XceiverServerRatis.java:start(418)) - Starting XceiverServerRatis 2d930774-d643-4c73-b233-5605f9748a71 at port 0
2019-07-12 13:11:02,172 INFO  impl.RaftServerProxy (RaftServerProxy.java:lambda$start$3(299)) - 2d930774-d643-4c73-b233-5605f9748a71: start RPC server
2019-07-12 13:11:02,177 INFO  server.GrpcService (GrpcService.java:startImpl(149)) - 2d930774-d643-4c73-b233-5605f9748a71: GrpcService started, listening on 0.0.0.0/0.0.0.0:34855
2019-07-12 13:11:02,177 INFO  ratis.XceiverServerRatis (XceiverServerRatis.java:start(428)) - XceiverServerRatis 2d930774-d643-4c73-b233-5605f9748a71 is started using port 34855
2019-07-12 13:11:02,181 INFO  server.XceiverServerGrpc (XceiverServerGrpc.java:start(161)) - XceiverServerGrpc 2d930774-d643-4c73-b233-5605f9748a71 is started using port 45423
2019-07-12 13:11:02,335 INFO  ozoneimpl.OzoneContainer (OzoneContainer.java:start(186)) - Attempting to start container services.
2019-07-12 13:11:02,336 INFO  ozoneimpl.OzoneContainer (OzoneContainer.java:startContainerScrub(160)) - Background container scrubber has been disabled by hdds.containerscrub.enabled
2019-07-12 13:11:02,336 INFO  ratis.XceiverServerRatis (XceiverServerRatis.java:start(418)) - Starting XceiverServerRatis f5429de9-b416-4308-9dc7-db4723522379 at port 0
2019-07-12 13:11:02,346 INFO  impl.RaftServerProxy (RaftServerProxy.java:lambda$start$3(299)) - f5429de9-b416-4308-9dc7-db4723522379: start RPC server
2019-07-12 13:11:02,350 INFO  server.GrpcService (GrpcService.java:startImpl(149)) - f5429de9-b416-4308-9dc7-db4723522379: GrpcService started, listening on 0.0.0.0/0.0.0.0:38276
2019-07-12 13:11:02,350 INFO  ratis.XceiverServerRatis (XceiverServerRatis.java:start(428)) - XceiverServerRatis f5429de9-b416-4308-9dc7-db4723522379 is started using port 38276
2019-07-12 13:11:02,354 INFO  server.XceiverServerGrpc (XceiverServerGrpc.java:start(161)) - XceiverServerGrpc f5429de9-b416-4308-9dc7-db4723522379 is started using port 45152
2019-07-12 13:11:02,546 INFO  ozoneimpl.OzoneContainer (OzoneContainer.java:start(186)) - Attempting to start container services.
2019-07-12 13:11:02,547 INFO  ozoneimpl.OzoneContainer (OzoneContainer.java:startContainerScrub(160)) - Background container scrubber has been disabled by hdds.containerscrub.enabled
2019-07-12 13:11:02,547 INFO  ratis.XceiverServerRatis (XceiverServerRatis.java:start(418)) - Starting XceiverServerRatis de50b7de-f9d2-4802-a524-6de75e18a426 at port 0
2019-07-12 13:11:02,555 INFO  impl.RaftServerProxy (RaftServerProxy.java:lambda$start$3(299)) - de50b7de-f9d2-4802-a524-6de75e18a426: start RPC server
2019-07-12 13:11:02,559 INFO  server.GrpcService (GrpcService.java:startImpl(149)) - de50b7de-f9d2-4802-a524-6de75e18a426: GrpcService started, listening on 0.0.0.0/0.0.0.0:36558
2019-07-12 13:11:02,559 INFO  ratis.XceiverServerRatis (XceiverServerRatis.java:start(428)) - XceiverServerRatis de50b7de-f9d2-4802-a524-6de75e18a426 is started using port 36558
2019-07-12 13:11:02,564 INFO  server.XceiverServerGrpc (XceiverServerGrpc.java:start(161)) - XceiverServerGrpc de50b7de-f9d2-4802-a524-6de75e18a426 is started using port 39862
2019-07-12 13:11:02,817 INFO  ozone.MiniOzoneClusterImpl (MiniOzoneClusterImpl.java:lambda$waitForClusterToBeReady$0(142)) - Waiting for cluster to be ready. Got 0 of 7 DN Heartbeats.
2019-07-12 13:11:02,834 INFO  ozoneimpl.OzoneContainer (OzoneContainer.java:start(186)) - Attempting to start container services.
2019-07-12 13:11:02,835 INFO  ozoneimpl.OzoneContainer (OzoneContainer.java:startContainerScrub(160)) - Background container scrubber has been disabled by hdds.containerscrub.enabled
2019-07-12 13:11:02,835 INFO  ratis.XceiverServerRatis (XceiverServerRatis.java:start(418)) - Starting XceiverServerRatis 69a3b7e3-dc0f-4653-8b76-128e42208dfc at port 0
2019-07-12 13:11:02,844 INFO  impl.RaftServerProxy (RaftServerProxy.java:lambda$start$3(299)) - 69a3b7e3-dc0f-4653-8b76-128e42208dfc: start RPC server
2019-07-12 13:11:02,848 INFO  server.GrpcService (GrpcService.java:startImpl(149)) - 69a3b7e3-dc0f-4653-8b76-128e42208dfc: GrpcService started, listening on 0.0.0.0/0.0.0.0:34540
2019-07-12 13:11:02,848 INFO  ratis.XceiverServerRatis (XceiverServerRatis.java:start(428)) - XceiverServerRatis 69a3b7e3-dc0f-4653-8b76-128e42208dfc is started using port 34540
2019-07-12 13:11:02,854 INFO  server.XceiverServerGrpc (XceiverServerGrpc.java:start(161)) - XceiverServerGrpc 69a3b7e3-dc0f-4653-8b76-128e42208dfc is started using port 43421
2019-07-12 13:11:03,436 INFO  net.NetworkTopology (NetworkTopologyImpl.java:add(110)) - Added a new node: /default-rack/192.168.157.212
2019-07-12 13:11:03,438 INFO  node.SCMNodeManager (SCMNodeManager.java:register(269)) - Registered Data node : 12c47b40-5ec5-4a6d-be2a-f8a6fb7a0f15{ip: 192.168.157.212, host: pr-hdds-17356bwxm-3764869708, networkLocation: /default-rack, certSerialId: null}
2019-07-12 13:11:03,443 INFO  safemode.SCMSafeModeManager (DataNodeSafeModeRule.java:process(71)) - SCM in safe mode. 1 DataNodes registered, 1 required.
2019-07-12 13:11:03,443 INFO  safemode.SCMSafeModeManager (SCMSafeModeManager.java:validateSafeModeExitRules(177)) - ScmSafeModeManager, all rules are successfully validated
2019-07-12 13:11:03,443 INFO  safemode.SCMSafeModeManager (SCMSafeModeManager.java:exitSafeMode(193)) - SCM exiting safe mode.
2019-07-12 13:11:03,712 INFO  node.SCMNodeManager (SCMNodeManager.java:register(269)) - Registered Data node : 871b3a72-703e-465c-925f-bb68f4958a2e{ip: 192.168.157.212, host: pr-hdds-17356bwxm-3764869708, networkLocation: /default-rack, certSerialId: null}
2019-07-12 13:11:03,820 INFO  ozone.MiniOzoneClusterImpl (MiniOzoneClusterImpl.java:lambda$waitForClusterToBeReady$0(142)) - Waiting for cluster to be ready. Got 2 of 7 DN Heartbeats.
2019-07-12 13:11:03,928 INFO  node.SCMNodeManager (SCMNodeManager.java:register(269)) - Registered Data node : 236a9b69-16f2-46bd-9ce4-e686e621f0e6{ip: 192.168.157.212, host: pr-hdds-17356bwxm-3764869708, networkLocation: /default-rack, certSerialId: null}
2019-07-12 13:11:04,373 INFO  node.SCMNodeManager (SCMNodeManager.java:register(269)) - Registered Data node : f5429de9-b416-4308-9dc7-db4723522379{ip: 192.168.157.212, host: pr-hdds-17356bwxm-3764869708, networkLocation: /default-rack, certSerialId: null}
2019-07-12 13:11:04,373 INFO  node.SCMNodeManager (SCMNodeManager.java:register(269)) - Registered Data node : 2d930774-d643-4c73-b233-5605f9748a71{ip: 192.168.157.212, host: pr-hdds-17356bwxm-3764869708, networkLocation: /default-rack, certSerialId: null}
2019-07-12 13:11:04,401 INFO  impl.RaftServerProxy (RaftServerProxy.java:addNew(89)) - 12c47b40-5ec5-4a6d-be2a-f8a6fb7a0f15: addNew group-FCAAED9E160C:[12c47b40-5ec5-4a6d-be2a-f8a6fb7a0f15:192.168.157.212:37379] returns group-FCAAED9E160C:java.util.concurrent.CompletableFuture@5724ef0e[Not completed]
2019-07-12 13:11:04,421 INFO  impl.RaftServerImpl (RaftServerImpl.java:<init>(93)) - 12c47b40-5ec5-4a6d-be2a-f8a6fb7a0f15: new RaftServerImpl for group-FCAAED9E160C:[12c47b40-5ec5-4a6d-be2a-f8a6fb7a0f15:192.168.157.212:37379] with ContainerStateMachine:uninitialized
2019-07-12 13:11:04,423 INFO  server.RaftServerConfigKeys (ConfUtils.java:logGet(43)) - raft.server.rpc.timeout.min = 5s (custom)
2019-07-12 13:11:04,425 INFO  server.RaftServerConfigKeys (ConfUtils.java:logGet(43)) - raft.server.rpc.timeout.max = 5200ms (custom)
2019-07-12 13:11:04,425 INFO  server.RaftServerConfigKeys (ConfUtils.java:logGet(43)) - raft.server.rpcslowness.timeout = 120s (custom)
2019-07-12 13:11:04,426 INFO  server.RaftServerConfigKeys (ConfUtils.java:logGet(43)) - raft.server.sleep.deviation.threshold = 300 (default)
2019-07-12 13:11:04,427 INFO  server.RaftServerConfigKeys (ConfUtils.java:logGet(43)) - raft.server.log.appender.install.snapshot.enabled = false (custom)
2019-07-12 13:11:04,436 INFO  impl.RaftServerImpl (ServerState.java:<init>(105)) - 12c47b40-5ec5-4a6d-be2a-f8a6fb7a0f15:group-FCAAED9E160C ConfigurationManager, init=-1: [12c47b40-5ec5-4a6d-be2a-f8a6fb7a0f15:192.168.157.212:37379], old=null, confs=<EMPTY_MAP>
2019-07-12 13:11:04,436 INFO  server.RaftServerConfigKeys (ConfUtils.java:logGet(43)) - raft.server.storage.dir = [/tmp/workdir/hadoop-ozone/integration-test/target/test-dir/MiniOzoneClusterImpl-aa1df1c5-0857-4523-9eb6-d70e8c83b275/datanode-0/data/ratis] (custom)
2019-07-12 13:11:04,445 INFO  storage.RaftStorageDirectory (RaftStorageDirectory.java:analyzeStorage(246)) - The storage directory /tmp/workdir/hadoop-ozone/integration-test/target/test-dir/MiniOzoneClusterImpl-aa1df1c5-0857-4523-9eb6-d70e8c83b275/datanode-0/data/ratis/2b572827-4716-45c5-9caf-fcaaed9e160c does not exist. Creating ...
2019-07-12 13:11:04,462 INFO  storage.RaftStorageDirectory (RaftStorageDirectory.java:tryLock(328)) - Lock on /tmp/workdir/hadoop-ozone/integration-test/target/test-dir/MiniOzoneClusterImpl-aa1df1c5-0857-4523-9eb6-d70e8c83b275/datanode-0/data/ratis/2b572827-4716-45c5-9caf-fcaaed9e160c/in_use.lock acquired by nodename 23715@pr-hdds-17356bwxm-3764869708
2019-07-12 13:11:04,477 INFO  storage.RaftStorage (RaftStorage.java:format(72)) - Storage directory /tmp/workdir/hadoop-ozone/integration-test/target/test-dir/MiniOzoneClusterImpl-aa1df1c5-0857-4523-9eb6-d70e8c83b275/datanode-0/data/ratis/2b572827-4716-45c5-9caf-fcaaed9e160c has been successfully formatted.
2019-07-12 13:11:04,480 INFO  ratis.ContainerStateMachine (ContainerStateMachine.java:loadSnapshot(200)) - The snapshot info is null.Setting the last applied index to:(t:0, i:~)
2019-07-12 13:11:04,480 INFO  server.RaftServerConfigKeys (ConfUtils.java:logGet(43)) - raft.server.leader.election.timeout = 120s (custom)
2019-07-12 13:11:04,483 INFO  server.RaftServerConfigKeys (ConfUtils.java:logGet(43)) - raft.server.log.use.memory = false (default)
2019-07-12 13:11:04,489 INFO  server.RaftServerConfigKeys (ConfUtils.java:logGet(43)) - raft.server.log.purge.gap = 1000000000 (custom)
2019-07-12 13:11:04,489 INFO  server.RaftServerConfigKeys (ConfUtils.java:logGet(43)) - raft.server.log.appender.buffer.byte-limit = 33554432 (custom)
2019-07-12 13:11:04,491 INFO  server.RaftServerConfigKeys (ConfUtils.java:logGet(43)) - raft.server.log.segment.size.max = 1048576 (custom)
2019-07-12 13:11:04,496 INFO  server.RaftServerConfigKeys (ConfUtils.java:logGet(43)) - raft.server.log.segment.cache.num.max = 2 (custom)
2019-07-12 13:11:04,502 INFO  segmented.SegmentedRaftLogWorker (SegmentedRaftLogWorker.java:<init>(172)) - new 12c47b40-5ec5-4a6d-be2a-f8a6fb7a0f15-SegmentedRaftLogWorker:Storage Directory /tmp/workdir/hadoop-ozone/integration-test/target/test-dir/MiniOzoneClusterImpl-aa1df1c5-0857-4523-9eb6-d70e8c83b275/datanode-0/data/ratis/2b572827-4716-45c5-9caf-fcaaed9e160c for RaftStorage:Storage Directory /tmp/workdir/hadoop-ozone/integration-test/target/test-dir/MiniOzoneClusterImpl-aa1df1c5-0857-4523-9eb6-d70e8c83b275/datanode-0/data/ratis/2b572827-4716-45c5-9caf-fcaaed9e160c
2019-07-12 13:11:04,514 INFO  server.RaftServerConfigKeys (ConfUtils.java:logGet(43)) - raft.server.log.queue.byte-limit = 2147483647 (custom)
2019-07-12 13:11:04,515 INFO  server.RaftServerConfigKeys (ConfUtils.java:logGet(43)) - raft.server.log.queue.element-limit = 1024 (custom)
2019-07-12 13:11:04,520 INFO  server.RaftServerConfigKeys (ConfUtils.java:logGet(43)) - raft.server.log.segment.size.max = 1048576 (custom)
2019-07-12 13:11:04,520 INFO  server.RaftServerConfigKeys (ConfUtils.java:logGet(43)) - raft.server.log.preallocated.size = 16384 (custom)
2019-07-12 13:11:04,521 INFO  server.RaftServerConfigKeys (ConfUtils.java:logGet(43)) - raft.server.log.write.buffer.size = 33554432 (custom)
2019-07-12 13:11:04,521 INFO  server.RaftServerConfigKeys (ConfUtils.java:logGet(43)) - raft.server.log.force.sync.num = 128 (default)
2019-07-12 13:11:04,522 INFO  server.RaftServerConfigKeys (ConfUtils.java:logGet(43)) - raft.server.log.statemachine.data.sync = true (default)
2019-07-12 13:11:04,522 INFO  server.RaftServerConfigKeys (ConfUtils.java:logGet(43)) - raft.server.log.statemachine.data.sync.timeout = 10s (default)
2019-07-12 13:11:04,523 INFO  server.RaftServerConfigKeys (ConfUtils.java:logGet(43)) - raft.server.log.statemachine.data.sync.timeout.retry = -1 (default)
2019-07-12 13:11:04,532 INFO  node.SCMNodeManager (SCMNodeManager.java:register(269)) - Registered Data node : de50b7de-f9d2-4802-a524-6de75e18a426{ip: 192.168.157.212, host: pr-hdds-17356bwxm-3764869708, networkLocation: /default-rack, certSerialId: null}
2019-07-12 13:11:04,536 INFO  server.RaftServerConfigKeys (ConfUtils.java:logGet(43)) - raft.server.log.statemachine.data.caching.enabled = true (custom)
2019-07-12 13:11:04,541 INFO  segmented.SegmentedRaftLogWorker (SegmentedRaftLogWorker.java:lambda$new$0(132)) - 12c47b40-5ec5-4a6d-be2a-f8a6fb7a0f15-SegmentedRaftLogWorker:Storage Directory /tmp/workdir/hadoop-ozone/integration-test/target/test-dir/MiniOzoneClusterImpl-aa1df1c5-0857-4523-9eb6-d70e8c83b275/datanode-0/data/ratis/2b572827-4716-45c5-9caf-fcaaed9e160c: flushIndex: setUnconditionally 0 -> -1
2019-07-12 13:11:04,545 INFO  server.RaftServerConfigKeys (ConfUtils.java:logGet(43)) - raft.server.snapshot.auto.trigger.enabled = true (custom)
2019-07-12 13:11:04,545 INFO  server.RaftServerConfigKeys (ConfUtils.java:logGet(43)) - raft.server.snapshot.auto.trigger.threshold = 10000 (custom)
2019-07-12 13:11:04,546 INFO  server.RaftServerConfigKeys (ConfUtils.java:logGet(43)) - raft.server.retrycache.expirytime = 600000ms (custom)
2019-07-12 13:11:04,566 INFO  impl.RaftServerImpl (RaftServerImpl.java:start(180)) - 12c47b40-5ec5-4a6d-be2a-f8a6fb7a0f15: start group-FCAAED9E160C
2019-07-12 13:11:04,567 INFO  impl.RaftServerImpl (RaftServerImpl.java:setRole(171)) - 12c47b40-5ec5-4a6d-be2a-f8a6fb7a0f15:group-FCAAED9E160C changes role from null to FOLLOWER at term 0 for startAsFollower
2019-07-12 13:11:04,568 INFO  impl.RoleInfo (RoleInfo.java:updateAndGet(143)) - 12c47b40-5ec5-4a6d-be2a-f8a6fb7a0f15: start FollowerState
2019-07-12 13:11:04,569 INFO  util.JmxRegister (JmxRegister.java:tryRegister(44)) - Successfully registered JMX Bean with object name Ratis:service=RaftServer,group=group-FCAAED9E160C,id=12c47b40-5ec5-4a6d-be2a-f8a6fb7a0f15
2019-07-12 13:11:04,642 INFO  pipeline.PipelineStateManager (PipelineStateManager.java:addPipeline(56)) - Created pipeline Pipeline[ Id: 2b572827-4716-45c5-9caf-fcaaed9e160c, Nodes: 12c47b40-5ec5-4a6d-be2a-f8a6fb7a0f15{ip: 192.168.157.212, host: pr-hdds-17356bwxm-3764869708, networkLocation: /default-rack, certSerialId: null}, Type:RATIS, Factor:ONE, State:OPEN]
2019-07-12 13:11:04,675 INFO  impl.RaftServerProxy (RaftServerProxy.java:addNew(89)) - de50b7de-f9d2-4802-a524-6de75e18a426: addNew group-14C947A832AA:[de50b7de-f9d2-4802-a524-6de75e18a426:192.168.157.212:36558] returns group-14C947A832AA:java.util.concurrent.CompletableFuture@3e10dcf2[Not completed]
2019-07-12 13:11:04,736 INFO  impl.RaftServerImpl (RaftServerImpl.java:<init>(93)) - de50b7de-f9d2-4802-a524-6de75e18a426: new RaftServerImpl for group-14C947A832AA:[de50b7de-f9d2-4802-a524-6de75e18a426:192.168.157.212:36558] with ContainerStateMachine:uninitialized
2019-07-12 13:11:04,738 INFO  server.RaftServerConfigKeys (ConfUtils.java:logGet(43)) - raft.server.rpc.timeout.min = 5s (custom)
2019-07-12 13:11:04,738 INFO  server.RaftServerConfigKeys (ConfUtils.java:logGet(43)) - raft.server.rpc.timeout.max = 5200ms (custom)
2019-07-12 13:11:04,738 INFO  server.RaftServerConfigKeys (ConfUtils.java:logGet(43)) - raft.server.rpcslowness.timeout = 120s (custom)
2019-07-12 13:11:04,738 INFO  server.RaftServerConfigKeys (ConfUtils.java:logGet(43)) - raft.server.sleep.deviation.threshold = 300 (default)
2019-07-12 13:11:04,738 INFO  server.RaftServerConfigKeys (ConfUtils.java:logGet(43)) - raft.server.log.appender.install.snapshot.enabled = false (custom)
2019-07-12 13:11:04,739 INFO  impl.RaftServerImpl (ServerState.java:<init>(105)) - de50b7de-f9d2-4802-a524-6de75e18a426:group-14C947A832AA ConfigurationManager, init=-1: [de50b7de-f9d2-4802-a524-6de75e18a426:192.168.157.212:36558], old=null, confs=<EMPTY_MAP>
2019-07-12 13:11:04,739 INFO  server.RaftServerConfigKeys (ConfUtils.java:logGet(43)) - raft.server.storage.dir = [/tmp/workdir/hadoop-ozone/integration-test/target/test-dir/MiniOzoneClusterImpl-aa1df1c5-0857-4523-9eb6-d70e8c83b275/datanode-5/data/ratis] (custom)
2019-07-12 13:11:04,740 INFO  storage.RaftStorageDirectory (RaftStorageDirectory.java:analyzeStorage(246)) - The storage directory /tmp/workdir/hadoop-ozone/integration-test/target/test-dir/MiniOzoneClusterImpl-aa1df1c5-0857-4523-9eb6-d70e8c83b275/datanode-5/data/ratis/2ee0a56a-6785-47d2-bdd5-14c947a832aa does not exist. Creating ...
2019-07-12 13:11:04,763 INFO  storage.RaftStorageDirectory (RaftStorageDirectory.java:tryLock(328)) - Lock on /tmp/workdir/hadoop-ozone/integration-test/target/test-dir/MiniOzoneClusterImpl-aa1df1c5-0857-4523-9eb6-d70e8c83b275/datanode-5/data/ratis/2ee0a56a-6785-47d2-bdd5-14c947a832aa/in_use.lock acquired by nodename 23715@pr-hdds-17356bwxm-3764869708
2019-07-12 13:11:04,796 INFO  storage.RaftStorage (RaftStorage.java:format(72)) - Storage directory /tmp/workdir/hadoop-ozone/integration-test/target/test-dir/MiniOzoneClusterImpl-aa1df1c5-0857-4523-9eb6-d70e8c83b275/datanode-5/data/ratis/2ee0a56a-6785-47d2-bdd5-14c947a832aa has been successfully formatted.
2019-07-12 13:11:04,799 INFO  ratis.ContainerStateMachine (ContainerStateMachine.java:loadSnapshot(200)) - The snapshot info is null.Setting the last applied index to:(t:0, i:~)
2019-07-12 13:11:04,801 INFO  server.RaftServerConfigKeys (ConfUtils.java:logGet(43)) - raft.server.leader.election.timeout = 120s (custom)
2019-07-12 13:11:04,801 INFO  server.RaftServerConfigKeys (ConfUtils.java:logGet(43)) - raft.server.log.use.memory = false (default)
2019-07-12 13:11:04,801 INFO  server.RaftServerConfigKeys (ConfUtils.java:logGet(43)) - raft.server.log.purge.gap = 1000000000 (custom)
2019-07-12 13:11:04,801 INFO  server.RaftServerConfigKeys (ConfUtils.java:logGet(43)) - raft.server.log.appender.buffer.byte-limit = 33554432 (custom)
2019-07-12 13:11:04,801 INFO  server.RaftServerConfigKeys (ConfUtils.java:logGet(43)) - raft.server.log.segment.size.max = 1048576 (custom)
2019-07-12 13:11:04,802 INFO  server.RaftServerConfigKeys (ConfUtils.java:logGet(43)) - raft.server.log.segment.cache.num.max = 2 (custom)
2019-07-12 13:11:04,802 INFO  segmented.SegmentedRaftLogWorker (SegmentedRaftLogWorker.java:<init>(172)) - new de50b7de-f9d2-4802-a524-6de75e18a426-SegmentedRaftLogWorker:Storage Directory /tmp/workdir/hadoop-ozone/integration-test/target/test-dir/MiniOzoneClusterImpl-aa1df1c5-0857-4523-9eb6-d70e8c83b275/datanode-5/data/ratis/2ee0a56a-6785-47d2-bdd5-14c947a832aa for RaftStorage:Storage Directory /tmp/workdir/hadoop-ozone/integration-test/target/test-dir/MiniOzoneClusterImpl-aa1df1c5-0857-4523-9eb6-d70e8c83b275/datanode-5/data/ratis/2ee0a56a-6785-47d2-bdd5-14c947a832aa
2019-07-12 13:11:04,804 INFO  server.RaftServerConfigKeys (ConfUtils.java:logGet(43)) - raft.server.log.queue.byte-limit = 2147483647 (custom)
2019-07-12 13:11:04,804 INFO  server.RaftServerConfigKeys (ConfUtils.java:logGet(43)) - raft.server.log.queue.element-limit = 1024 (custom)
2019-07-12 13:11:04,805 INFO  server.RaftServerConfigKeys (ConfUtils.java:logGet(43)) - raft.server.log.segment.size.max = 1048576 (custom)
2019-07-12 13:11:04,805 INFO  server.RaftServerConfigKeys (ConfUtils.java:logGet(43)) - raft.server.log.preallocated.size = 16384 (custom)
2019-07-12 13:11:04,805 INFO  server.RaftServerConfigKeys (ConfUtils.java:logGet(43)) - raft.server.log.write.buffer.size = 33554432 (custom)
2019-07-12 13:11:04,805 INFO  server.RaftServerConfigKeys (ConfUtils.java:logGet(43)) - raft.server.log.force.sync.num = 128 (default)
2019-07-12 13:11:04,805 INFO  server.RaftServerConfigKeys (ConfUtils.java:logGet(43)) - raft.server.log.statemachine.data.sync = true (default)
2019-07-12 13:11:04,806 INFO  server.RaftServerConfigKeys (ConfUtils.java:logGet(43)) - raft.server.log.statemachine.data.sync.timeout = 10s (default)
2019-07-12 13:11:04,806 INFO  server.RaftServerConfigKeys (ConfUtils.java:logGet(43)) - raft.server.log.statemachine.data.sync.timeout.retry = -1 (default)
2019-07-12 13:11:04,806 INFO  server.RaftServerConfigKeys (ConfUtils.java:logGet(43)) - raft.server.log.statemachine.data.caching.enabled = true (custom)
2019-07-12 13:11:04,807 INFO  segmented.SegmentedRaftLogWorker (SegmentedRaftLogWorker.java:lambda$new$0(132)) - de50b7de-f9d2-4802-a524-6de75e18a426-SegmentedRaftLogWorker:Storage Directory /tmp/workdir/hadoop-ozone/integration-test/target/test-dir/MiniOzoneClusterImpl-aa1df1c5-0857-4523-9eb6-d70e8c83b275/datanode-5/data/ratis/2ee0a56a-6785-47d2-bdd5-14c947a832aa: flushIndex: setUnconditionally 0 -> -1
2019-07-12 13:11:04,807 INFO  server.RaftServerConfigKeys (ConfUtils.java:logGet(43)) - raft.server.snapshot.auto.trigger.enabled = true (custom)
2019-07-12 13:11:04,807 INFO  server.RaftServerConfigKeys (ConfUtils.java:logGet(43)) - raft.server.snapshot.auto.trigger.threshold = 10000 (custom)
2019-07-12 13:11:04,808 INFO  server.RaftServerConfigKeys (ConfUtils.java:logGet(43)) - raft.server.retrycache.expirytime = 600000ms (custom)
2019-07-12 13:11:04,808 INFO  impl.RaftServerImpl (RaftServerImpl.java:start(180)) - de50b7de-f9d2-4802-a524-6de75e18a426: start group-14C947A832AA
2019-07-12 13:11:04,808 INFO  impl.RaftServerImpl (RaftServerImpl.java:setRole(171)) - de50b7de-f9d2-4802-a524-6de75e18a426:group-14C947A832AA changes role from null to FOLLOWER at term 0 for startAsFollower
2019-07-12 13:11:04,808 INFO  impl.RoleInfo (RoleInfo.java:updateAndGet(143)) - de50b7de-f9d2-4802-a524-6de75e18a426: start FollowerState
2019-07-12 13:11:04,811 INFO  util.JmxRegister (JmxRegister.java:tryRegister(44)) - Successfully registered JMX Bean with object name Ratis:service=RaftServer,group=group-14C947A832AA,id=de50b7de-f9d2-4802-a524-6de75e18a426
2019-07-12 13:11:04,821 INFO  ozone.MiniOzoneClusterImpl (MiniOzoneClusterImpl.java:lambda$waitForClusterToBeReady$0(142)) - Waiting for cluster to be ready. Got 6 of 7 DN Heartbeats.
2019-07-12 13:11:04,829 INFO  node.SCMNodeManager (SCMNodeManager.java:register(269)) - Registered Data node : 69a3b7e3-dc0f-4653-8b76-128e42208dfc{ip: 192.168.157.212, host: pr-hdds-17356bwxm-3764869708, networkLocation: /default-rack, certSerialId: null}
2019-07-12 13:11:04,832 INFO  pipeline.PipelineStateManager (PipelineStateManager.java:addPipeline(56)) - Created pipeline Pipeline[ Id: 2ee0a56a-6785-47d2-bdd5-14c947a832aa, Nodes: de50b7de-f9d2-4802-a524-6de75e18a426{ip: 192.168.157.212, host: pr-hdds-17356bwxm-3764869708, networkLocation: /default-rack, certSerialId: null}, Type:RATIS, Factor:ONE, State:OPEN]
2019-07-12 13:11:04,863 INFO  impl.RaftServerProxy (RaftServerProxy.java:addNew(89)) - 2d930774-d643-4c73-b233-5605f9748a71: addNew group-3589585198E4:[2d930774-d643-4c73-b233-5605f9748a71:192.168.157.212:34855] returns group-3589585198E4:java.util.concurrent.CompletableFuture@51839678[Not completed]
2019-07-12 13:11:04,874 INFO  impl.RaftServerImpl (RaftServerImpl.java:<init>(93)) - 2d930774-d643-4c73-b233-5605f9748a71: new RaftServerImpl for group-3589585198E4:[2d930774-d643-4c73-b233-5605f9748a71:192.168.157.212:34855] with ContainerStateMachine:uninitialized
2019-07-12 13:11:04,874 INFO  server.RaftServerConfigKeys (ConfUtils.java:logGet(43)) - raft.server.rpc.timeout.min = 5s (custom)
2019-07-12 13:11:04,875 INFO  server.RaftServerConfigKeys (ConfUtils.java:logGet(43)) - raft.server.rpc.timeout.max = 5200ms (custom)
2019-07-12 13:11:04,875 INFO  server.RaftServerConfigKeys (ConfUtils.java:logGet(43)) - raft.server.rpcslowness.timeout = 120s (custom)
2019-07-12 13:11:04,875 INFO  server.RaftServerConfigKeys (ConfUtils.java:logGet(43)) - raft.server.sleep.deviation.threshold = 300 (default)
2019-07-12 13:11:04,875 INFO  server.RaftServerConfigKeys (ConfUtils.java:logGet(43)) - raft.server.log.appender.install.snapshot.enabled = false (custom)
2019-07-12 13:11:04,875 INFO  impl.RaftServerImpl (ServerState.java:<init>(105)) - 2d930774-d643-4c73-b233-5605f9748a71:group-3589585198E4 ConfigurationManager, init=-1: [2d930774-d643-4c73-b233-5605f9748a71:192.168.157.212:34855], old=null, confs=<EMPTY_MAP>
2019-07-12 13:11:04,875 INFO  server.RaftServerConfigKeys (ConfUtils.java:logGet(43)) - raft.server.storage.dir = [/tmp/workdir/hadoop-ozone/integration-test/target/test-dir/MiniOzoneClusterImpl-aa1df1c5-0857-4523-9eb6-d70e8c83b275/datanode-3/data/ratis] (custom)
2019-07-12 13:11:04,876 INFO  storage.RaftStorageDirectory (RaftStorageDirectory.java:analyzeStorage(246)) - The storage directory /tmp/workdir/hadoop-ozone/integration-test/target/test-dir/MiniOzoneClusterImpl-aa1df1c5-0857-4523-9eb6-d70e8c83b275/datanode-3/data/ratis/ffb4c8ad-a687-4016-873f-3589585198e4 does not exist. Creating ...
2019-07-12 13:11:04,889 INFO  storage.RaftStorageDirectory (RaftStorageDirectory.java:tryLock(328)) - Lock on /tmp/workdir/hadoop-ozone/integration-test/target/test-dir/MiniOzoneClusterImpl-aa1df1c5-0857-4523-9eb6-d70e8c83b275/datanode-3/data/ratis/ffb4c8ad-a687-4016-873f-3589585198e4/in_use.lock acquired by nodename 23715@pr-hdds-17356bwxm-3764869708
2019-07-12 13:11:04,901 INFO  storage.RaftStorage (RaftStorage.java:format(72)) - Storage directory /tmp/workdir/hadoop-ozone/integration-test/target/test-dir/MiniOzoneClusterImpl-aa1df1c5-0857-4523-9eb6-d70e8c83b275/datanode-3/data/ratis/ffb4c8ad-a687-4016-873f-3589585198e4 has been successfully formatted.
2019-07-12 13:11:04,902 INFO  ratis.ContainerStateMachine (ContainerStateMachine.java:loadSnapshot(200)) - The snapshot info is null.Setting the last applied index to:(t:0, i:~)
2019-07-12 13:11:04,902 INFO  server.RaftServerConfigKeys (ConfUtils.java:logGet(43)) - raft.server.leader.election.timeout = 120s (custom)
2019-07-12 13:11:04,902 INFO  server.RaftServerConfigKeys (ConfUtils.java:logGet(43)) - raft.server.log.use.memory = false (default)
2019-07-12 13:11:04,902 INFO  server.RaftServerConfigKeys (ConfUtils.java:logGet(43)) - raft.server.log.purge.gap = 1000000000 (custom)
2019-07-12 13:11:04,902 INFO  server.RaftServerConfigKeys (ConfUtils.java:logGet(43)) - raft.server.log.appender.buffer.byte-limit = 33554432 (custom)
2019-07-12 13:11:04,903 INFO  server.RaftServerConfigKeys (ConfUtils.java:logGet(43)) - raft.server.log.segment.size.max = 1048576 (custom)
2019-07-12 13:11:04,903 INFO  server.RaftServerConfigKeys (ConfUtils.java:logGet(43)) - raft.server.log.segment.cache.num.max = 2 (custom)
2019-07-12 13:11:04,903 INFO  segmented.SegmentedRaftLogWorker (SegmentedRaftLogWorker.java:<init>(172)) - new 2d930774-d643-4c73-b233-5605f9748a71-SegmentedRaftLogWorker:Storage Directory /tmp/workdir/hadoop-ozone/integration-test/target/test-dir/MiniOzoneClusterImpl-aa1df1c5-0857-4523-9eb6-d70e8c83b275/datanode-3/data/ratis/ffb4c8ad-a687-4016-873f-3589585198e4 for RaftStorage:Storage Directory /tmp/workdir/hadoop-ozone/integration-test/target/test-dir/MiniOzoneClusterImpl-aa1df1c5-0857-4523-9eb6-d70e8c83b275/datanode-3/data/ratis/ffb4c8ad-a687-4016-873f-3589585198e4
2019-07-12 13:11:04,903 INFO  server.RaftServerConfigKeys (ConfUtils.java:logGet(43)) - raft.server.log.queue.byte-limit = 2147483647 (custom)
2019-07-12 13:11:04,903 INFO  server.RaftServerConfigKeys (ConfUtils.java:logGet(43)) - raft.server.log.queue.element-limit = 1024 (custom)
2019-07-12 13:11:04,904 INFO  server.RaftServerConfigKeys (ConfUtils.java:logGet(43)) - raft.server.log.segment.size.max = 1048576 (custom)
2019-07-12 13:11:04,904 INFO  server.RaftServerConfigKeys (ConfUtils.java:logGet(43)) - raft.server.log.preallocated.size = 16384 (custom)
2019-07-12 13:11:04,904 INFO  server.RaftServerConfigKeys (ConfUtils.java:logGet(43)) - raft.server.log.write.buffer.size = 33554432 (custom)
2019-07-12 13:11:04,904 INFO  server.RaftServerConfigKeys (ConfUtils.java:logGet(43)) - raft.server.log.force.sync.num = 128 (default)
2019-07-12 13:11:04,904 INFO  server.RaftServerConfigKeys (ConfUtils.java:logGet(43)) - raft.server.log.statemachine.data.sync = true (default)
2019-07-12 13:11:04,904 INFO  server.RaftServerConfigKeys (ConfUtils.java:logGet(43)) - raft.server.log.statemachine.data.sync.timeout = 10s (default)
2019-07-12 13:11:04,905 INFO  server.RaftServerConfigKeys (ConfUtils.java:logGet(43)) - raft.server.log.statemachine.data.sync.timeout.retry = -1 (default)
2019-07-12 13:11:04,905 INFO  server.RaftServerConfigKeys (ConfUtils.java:logGet(43)) - raft.server.log.statemachine.data.caching.enabled = true (custom)
2019-07-12 13:11:04,905 INFO  segmented.SegmentedRaftLogWorker (SegmentedRaftLogWorker.java:lambda$new$0(132)) - 2d930774-d643-4c73-b233-5605f9748a71-SegmentedRaftLogWorker:Storage Directory /tmp/workdir/hadoop-ozone/integration-test/target/test-dir/MiniOzoneClusterImpl-aa1df1c5-0857-4523-9eb6-d70e8c83b275/datanode-3/data/ratis/ffb4c8ad-a687-4016-873f-3589585198e4: flushIndex: setUnconditionally 0 -> -1
2019-07-12 13:11:04,906 INFO  server.RaftServerConfigKeys (ConfUtils.java:logGet(43)) - raft.server.snapshot.auto.trigger.enabled = true (custom)
2019-07-12 13:11:04,906 INFO  server.RaftServerConfigKeys (ConfUtils.java:logGet(43)) - raft.server.snapshot.auto.trigger.threshold = 10000 (custom)
2019-07-12 13:11:04,906 INFO  server.RaftServerConfigKeys (ConfUtils.java:logGet(43)) - raft.server.retrycache.expirytime = 600000ms (custom)
2019-07-12 13:11:04,906 INFO  impl.RaftServerImpl (RaftServerImpl.java:start(180)) - 2d930774-d643-4c73-b233-5605f9748a71: start group-3589585198E4
2019-07-12 13:11:04,907 INFO  impl.RaftServerImpl (RaftServerImpl.java:setRole(171)) - 2d930774-d643-4c73-b233-5605f9748a71:group-3589585198E4 changes role from null to FOLLOWER at term 0 for startAsFollower
2019-07-12 13:11:04,907 INFO  impl.RoleInfo (RoleInfo.java:updateAndGet(143)) - 2d930774-d643-4c73-b233-5605f9748a71: start FollowerState
2019-07-12 13:11:04,907 INFO  util.JmxRegister (JmxRegister.java:tryRegister(44)) - Successfully registered JMX Bean with object name Ratis:service=RaftServer,group=group-3589585198E4,id=2d930774-d643-4c73-b233-5605f9748a71
2019-07-12 13:11:04,922 INFO  pipeline.PipelineStateManager (PipelineStateManager.java:addPipeline(56)) - Created pipeline Pipeline[ Id: ffb4c8ad-a687-4016-873f-3589585198e4, Nodes: 2d930774-d643-4c73-b233-5605f9748a71{ip: 192.168.157.212, host: pr-hdds-17356bwxm-3764869708, networkLocation: /default-rack, certSerialId: null}, Type:RATIS, Factor:ONE, State:OPEN]
2019-07-12 13:11:04,949 INFO  impl.RaftServerProxy (RaftServerProxy.java:addNew(89)) - 871b3a72-703e-465c-925f-bb68f4958a2e: addNew group-1BD02AAC7A76:[871b3a72-703e-465c-925f-bb68f4958a2e:192.168.157.212:38834] returns group-1BD02AAC7A76:java.util.concurrent.CompletableFuture@6f6e5010[Not completed]
2019-07-12 13:11:04,950 INFO  impl.RaftServerImpl (RaftServerImpl.java:<init>(93)) - 871b3a72-703e-465c-925f-bb68f4958a2e: new RaftServerImpl for group-1BD02AAC7A76:[871b3a72-703e-465c-925f-bb68f4958a2e:192.168.157.212:38834] with ContainerStateMachine:uninitialized
2019-07-12 13:11:04,951 INFO  server.RaftServerConfigKeys (ConfUtils.java:logGet(43)) - raft.server.rpc.timeout.min = 5s (custom)
2019-07-12 13:11:04,951 INFO  server.RaftServerConfigKeys (ConfUtils.java:logGet(43)) - raft.server.rpc.timeout.max = 5200ms (custom)
2019-07-12 13:11:04,951 INFO  server.RaftServerConfigKeys (ConfUtils.java:logGet(43)) - raft.server.rpcslowness.timeout = 120s (custom)
2019-07-12 13:11:04,951 INFO  server.RaftServerConfigKeys (ConfUtils.java:logGet(43)) - raft.server.sleep.deviation.threshold = 300 (default)
2019-07-12 13:11:04,951 INFO  server.RaftServerConfigKeys (ConfUtils.java:logGet(43)) - raft.server.log.appender.install.snapshot.enabled = false (custom)
2019-07-12 13:11:04,952 INFO  impl.RaftServerImpl (ServerState.java:<init>(105)) - 871b3a72-703e-465c-925f-bb68f4958a2e:group-1BD02AAC7A76 ConfigurationManager, init=-1: [871b3a72-703e-465c-925f-bb68f4958a2e:192.168.157.212:38834], old=null, confs=<EMPTY_MAP>
2019-07-12 13:11:04,952 INFO  server.RaftServerConfigKeys (ConfUtils.java:logGet(43)) - raft.server.storage.dir = [/tmp/workdir/hadoop-ozone/integration-test/target/test-dir/MiniOzoneClusterImpl-aa1df1c5-0857-4523-9eb6-d70e8c83b275/datanode-1/data/ratis] (custom)
2019-07-12 13:11:04,952 INFO  storage.RaftStorageDirectory (RaftStorageDirectory.java:analyzeStorage(246)) - The storage directory /tmp/workdir/hadoop-ozone/integration-test/target/test-dir/MiniOzoneClusterImpl-aa1df1c5-0857-4523-9eb6-d70e8c83b275/datanode-1/data/ratis/0024efa0-fcb3-4bed-98bb-1bd02aac7a76 does not exist. Creating ...
2019-07-12 13:11:04,965 INFO  storage.RaftStorageDirectory (RaftStorageDirectory.java:tryLock(328)) - Lock on /tmp/workdir/hadoop-ozone/integration-test/target/test-dir/MiniOzoneClusterImpl-aa1df1c5-0857-4523-9eb6-d70e8c83b275/datanode-1/data/ratis/0024efa0-fcb3-4bed-98bb-1bd02aac7a76/in_use.lock acquired by nodename 23715@pr-hdds-17356bwxm-3764869708
2019-07-12 13:11:04,978 INFO  storage.RaftStorage (RaftStorage.java:format(72)) - Storage directory /tmp/workdir/hadoop-ozone/integration-test/target/test-dir/MiniOzoneClusterImpl-aa1df1c5-0857-4523-9eb6-d70e8c83b275/datanode-1/data/ratis/0024efa0-fcb3-4bed-98bb-1bd02aac7a76 has been successfully formatted.
2019-07-12 13:11:04,978 INFO  ratis.ContainerStateMachine (ContainerStateMachine.java:loadSnapshot(200)) - The snapshot info is null.Setting the last applied index to:(t:0, i:~)
2019-07-12 13:11:04,979 INFO  server.RaftServerConfigKeys (ConfUtils.java:logGet(43)) - raft.server.leader.election.timeout = 120s (custom)
2019-07-12 13:11:04,979 INFO  server.RaftServerConfigKeys (ConfUtils.java:logGet(43)) - raft.server.log.use.memory = false (default)
2019-07-12 13:11:04,979 INFO  server.RaftServerConfigKeys (ConfUtils.java:logGet(43)) - raft.server.log.purge.gap = 1000000000 (custom)
2019-07-12 13:11:04,979 INFO  server.RaftServerConfigKeys (ConfUtils.java:logGet(43)) - raft.server.log.appender.buffer.byte-limit = 33554432 (custom)
2019-07-12 13:11:04,979 INFO  server.RaftServerConfigKeys (ConfUtils.java:logGet(43)) - raft.server.log.segment.size.max = 1048576 (custom)
2019-07-12 13:11:04,979 INFO  server.RaftServerConfigKeys (ConfUtils.java:logGet(43)) - raft.server.log.segment.cache.num.max = 2 (custom)
2019-07-12 13:11:04,980 INFO  segmented.SegmentedRaftLogWorker (SegmentedRaftLogWorker.java:<init>(172)) - new 871b3a72-703e-465c-925f-bb68f4958a2e-SegmentedRaftLogWorker:Storage Directory /tmp/workdir/hadoop-ozone/integration-test/target/test-dir/MiniOzoneClusterImpl-aa1df1c5-0857-4523-9eb6-d70e8c83b275/datanode-1/data/ratis/0024efa0-fcb3-4bed-98bb-1bd02aac7a76 for RaftStorage:Storage Directory /tmp/workdir/hadoop-ozone/integration-test/target/test-dir/MiniOzoneClusterImpl-aa1df1c5-0857-4523-9eb6-d70e8c83b275/datanode-1/data/ratis/0024efa0-fcb3-4bed-98bb-1bd02aac7a76
2019-07-12 13:11:04,980 INFO  server.RaftServerConfigKeys (ConfUtils.java:logGet(43)) - raft.server.log.queue.byte-limit = 2147483647 (custom)
2019-07-12 13:11:04,980 INFO  server.RaftServerConfigKeys (ConfUtils.java:logGet(43)) - raft.server.log.queue.element-limit = 1024 (custom)
2019-07-12 13:11:04,980 INFO  server.RaftServerConfigKeys (ConfUtils.java:logGet(43)) - raft.server.log.segment.size.max = 1048576 (custom)
2019-07-12 13:11:04,980 INFO  server.RaftServerConfigKeys (ConfUtils.java:logGet(43)) - raft.server.log.preallocated.size = 16384 (custom)
2019-07-12 13:11:04,981 INFO  server.RaftServerConfigKeys (ConfUtils.java:logGet(43)) - raft.server.log.write.buffer.size = 33554432 (custom)
2019-07-12 13:11:04,981 INFO  server.RaftServerConfigKeys (ConfUtils.java:logGet(43)) - raft.server.log.force.sync.num = 128 (default)
2019-07-12 13:11:04,981 INFO  server.RaftServerConfigKeys (ConfUtils.java:logGet(43)) - raft.server.log.statemachine.data.sync = true (default)
2019-07-12 13:11:04,981 INFO  server.RaftServerConfigKeys (ConfUtils.java:logGet(43)) - raft.server.log.statemachine.data.sync.timeout = 10s (default)
2019-07-12 13:11:04,981 INFO  server.RaftServerConfigKeys (ConfUtils.java:logGet(43)) - raft.server.log.statemachine.data.sync.timeout.retry = -1 (default)
2019-07-12 13:11:04,982 INFO  server.RaftServerConfigKeys (ConfUtils.java:logGet(43)) - raft.server.log.statemachine.data.caching.enabled = true (custom)
2019-07-12 13:11:04,982 INFO  segmented.SegmentedRaftLogWorker (SegmentedRaftLogWorker.java:lambda$new$0(132)) - 871b3a72-703e-465c-925f-bb68f4958a2e-SegmentedRaftLogWorker:Storage Directory /tmp/workdir/hadoop-ozone/integration-test/target/test-dir/MiniOzoneClusterImpl-aa1df1c5-0857-4523-9eb6-d70e8c83b275/datanode-1/data/ratis/0024efa0-fcb3-4bed-98bb-1bd02aac7a76: flushIndex: setUnconditionally 0 -> -1
2019-07-12 13:11:04,982 INFO  server.RaftServerConfigKeys (ConfUtils.java:logGet(43)) - raft.server.snapshot.auto.trigger.enabled = true (custom)
2019-07-12 13:11:04,982 INFO  server.RaftServerConfigKeys (ConfUtils.java:logGet(43)) - raft.server.snapshot.auto.trigger.threshold = 10000 (custom)
2019-07-12 13:11:04,983 INFO  server.RaftServerConfigKeys (ConfUtils.java:logGet(43)) - raft.server.retrycache.expirytime = 600000ms (custom)
2019-07-12 13:11:04,983 INFO  impl.RaftServerImpl (RaftServerImpl.java:start(180)) - 871b3a72-703e-465c-925f-bb68f4958a2e: start group-1BD02AAC7A76
2019-07-12 13:11:04,983 INFO  impl.RaftServerImpl (RaftServerImpl.java:setRole(171)) - 871b3a72-703e-465c-925f-bb68f4958a2e:group-1BD02AAC7A76 changes role from null to FOLLOWER at term 0 for startAsFollower
2019-07-12 13:11:04,983 INFO  impl.RoleInfo (RoleInfo.java:updateAndGet(143)) - 871b3a72-703e-465c-925f-bb68f4958a2e: start FollowerState
2019-07-12 13:11:04,984 INFO  util.JmxRegister (JmxRegister.java:tryRegister(44)) - Successfully registered JMX Bean with object name Ratis:service=RaftServer,group=group-1BD02AAC7A76,id=871b3a72-703e-465c-925f-bb68f4958a2e
2019-07-12 13:11:04,999 INFO  pipeline.PipelineStateManager (PipelineStateManager.java:addPipeline(56)) - Created pipeline Pipeline[ Id: 0024efa0-fcb3-4bed-98bb-1bd02aac7a76, Nodes: 871b3a72-703e-465c-925f-bb68f4958a2e{ip: 192.168.157.212, host: pr-hdds-17356bwxm-3764869708, networkLocation: /default-rack, certSerialId: null}, Type:RATIS, Factor:ONE, State:OPEN]
2019-07-12 13:11:05,025 INFO  impl.RaftServerProxy (RaftServerProxy.java:addNew(89)) - 69a3b7e3-dc0f-4653-8b76-128e42208dfc: addNew group-A4A3BA95F6CC:[69a3b7e3-dc0f-4653-8b76-128e42208dfc:192.168.157.212:34540] returns group-A4A3BA95F6CC:java.util.concurrent.CompletableFuture@10f53086[Not completed]
2019-07-12 13:11:05,027 INFO  impl.RaftServerImpl (RaftServerImpl.java:<init>(93)) - 69a3b7e3-dc0f-4653-8b76-128e42208dfc: new RaftServerImpl for group-A4A3BA95F6CC:[69a3b7e3-dc0f-4653-8b76-128e42208dfc:192.168.157.212:34540] with ContainerStateMachine:uninitialized
2019-07-12 13:11:05,027 INFO  server.RaftServerConfigKeys (ConfUtils.java:logGet(43)) - raft.server.rpc.timeout.min = 5s (custom)
2019-07-12 13:11:05,027 INFO  server.RaftServerConfigKeys (ConfUtils.java:logGet(43)) - raft.server.rpc.timeout.max = 5200ms (custom)
2019-07-12 13:11:05,027 INFO  server.RaftServerConfigKeys (ConfUtils.java:logGet(43)) - raft.server.rpcslowness.timeout = 120s (custom)
2019-07-12 13:11:05,028 INFO  server.RaftServerConfigKeys (ConfUtils.java:logGet(43)) - raft.server.sleep.deviation.threshold = 300 (default)
2019-07-12 13:11:05,028 INFO  server.RaftServerConfigKeys (ConfUtils.java:logGet(43)) - raft.server.log.appender.install.snapshot.enabled = false (custom)
2019-07-12 13:11:05,028 INFO  impl.RaftServerImpl (ServerState.java:<init>(105)) - 69a3b7e3-dc0f-4653-8b76-128e42208dfc:group-A4A3BA95F6CC ConfigurationManager, init=-1: [69a3b7e3-dc0f-4653-8b76-128e42208dfc:192.168.157.212:34540], old=null, confs=<EMPTY_MAP>
2019-07-12 13:11:05,028 INFO  server.RaftServerConfigKeys (ConfUtils.java:logGet(43)) - raft.server.storage.dir = [/tmp/workdir/hadoop-ozone/integration-test/target/test-dir/MiniOzoneClusterImpl-aa1df1c5-0857-4523-9eb6-d70e8c83b275/datanode-6/data/ratis] (custom)
2019-07-12 13:11:05,029 INFO  storage.RaftStorageDirectory (RaftStorageDirectory.java:analyzeStorage(246)) - The storage directory /tmp/workdir/hadoop-ozone/integration-test/target/test-dir/MiniOzoneClusterImpl-aa1df1c5-0857-4523-9eb6-d70e8c83b275/datanode-6/data/ratis/891a0449-b33b-4309-9a84-a4a3ba95f6cc does not exist. Creating ...
2019-07-12 13:11:05,041 INFO  storage.RaftStorageDirectory (RaftStorageDirectory.java:tryLock(328)) - Lock on /tmp/workdir/hadoop-ozone/integration-test/target/test-dir/MiniOzoneClusterImpl-aa1df1c5-0857-4523-9eb6-d70e8c83b275/datanode-6/data/ratis/891a0449-b33b-4309-9a84-a4a3ba95f6cc/in_use.lock acquired by nodename 23715@pr-hdds-17356bwxm-3764869708
2019-07-12 13:11:05,065 INFO  storage.RaftStorage (RaftStorage.java:format(72)) - Storage directory /tmp/workdir/hadoop-ozone/integration-test/target/test-dir/MiniOzoneClusterImpl-aa1df1c5-0857-4523-9eb6-d70e8c83b275/datanode-6/data/ratis/891a0449-b33b-4309-9a84-a4a3ba95f6cc has been successfully formatted.
2019-07-12 13:11:05,066 INFO  ratis.ContainerStateMachine (ContainerStateMachine.java:loadSnapshot(200)) - The snapshot info is null.Setting the last applied index to:(t:0, i:~)
2019-07-12 13:11:05,066 INFO  server.RaftServerConfigKeys (ConfUtils.java:logGet(43)) - raft.server.leader.election.timeout = 120s (custom)
2019-07-12 13:11:05,066 INFO  server.RaftServerConfigKeys (ConfUtils.java:logGet(43)) - raft.server.log.use.memory = false (default)
2019-07-12 13:11:05,066 INFO  server.RaftServerConfigKeys (ConfUtils.java:logGet(43)) - raft.server.log.purge.gap = 1000000000 (custom)
2019-07-12 13:11:05,067 INFO  server.RaftServerConfigKeys (ConfUtils.java:logGet(43)) - raft.server.log.appender.buffer.byte-limit = 33554432 (custom)
2019-07-12 13:11:05,067 INFO  server.RaftServerConfigKeys (ConfUtils.java:logGet(43)) - raft.server.log.segment.size.max = 1048576 (custom)
2019-07-12 13:11:05,067 INFO  server.RaftServerConfigKeys (ConfUtils.java:logGet(43)) - raft.server.log.segment.cache.num.max = 2 (custom)
2019-07-12 13:11:05,067 INFO  segmented.SegmentedRaftLogWorker (SegmentedRaftLogWorker.java:<init>(172)) - new 69a3b7e3-dc0f-4653-8b76-128e42208dfc-SegmentedRaftLogWorker:Storage Directory /tmp/workdir/hadoop-ozone/integration-test/target/test-dir/MiniOzoneClusterImpl-aa1df1c5-0857-4523-9eb6-d70e8c83b275/datanode-6/data/ratis/891a0449-b33b-4309-9a84-a4a3ba95f6cc for RaftStorage:Storage Directory /tmp/workdir/hadoop-ozone/integration-test/target/test-dir/MiniOzoneClusterImpl-aa1df1c5-0857-4523-9eb6-d70e8c83b275/datanode-6/data/ratis/891a0449-b33b-4309-9a84-a4a3ba95f6cc
2019-07-12 13:11:05,067 INFO  server.RaftServerConfigKeys (ConfUtils.java:logGet(43)) - raft.server.log.queue.byte-limit = 2147483647 (custom)
2019-07-12 13:11:05,067 INFO  server.RaftServerConfigKeys (ConfUtils.java:logGet(43)) - raft.server.log.queue.element-limit = 1024 (custom)
2019-07-12 13:11:05,068 INFO  server.RaftServerConfigKeys (ConfUtils.java:logGet(43)) - raft.server.log.segment.size.max = 1048576 (custom)
2019-07-12 13:11:05,068 INFO  server.RaftServerConfigKeys (ConfUtils.java:logGet(43)) - raft.server.log.preallocated.size = 16384 (custom)
2019-07-12 13:11:05,068 INFO  server.RaftServerConfigKeys (ConfUtils.java:logGet(43)) - raft.server.log.write.buffer.size = 33554432 (custom)
2019-07-12 13:11:05,068 INFO  server.RaftServerConfigKeys (ConfUtils.java:logGet(43)) - raft.server.log.force.sync.num = 128 (default)
2019-07-12 13:11:05,068 INFO  server.RaftServerConfigKeys (ConfUtils.java:logGet(43)) - raft.server.log.statemachine.data.sync = true (default)
2019-07-12 13:11:05,069 INFO  server.RaftServerConfigKeys (ConfUtils.java:logGet(43)) - raft.server.log.statemachine.data.sync.timeout = 10s (default)
2019-07-12 13:11:05,069 INFO  server.RaftServerConfigKeys (ConfUtils.java:logGet(43)) - raft.server.log.statemachine.data.sync.timeout.retry = -1 (default)
2019-07-12 13:11:05,069 INFO  server.RaftServerConfigKeys (ConfUtils.java:logGet(43)) - raft.server.log.statemachine.data.caching.enabled = true (custom)
2019-07-12 13:11:05,070 INFO  segmented.SegmentedRaftLogWorker (SegmentedRaftLogWorker.java:lambda$new$0(132)) - 69a3b7e3-dc0f-4653-8b76-128e42208dfc-SegmentedRaftLogWorker:Storage Directory /tmp/workdir/hadoop-ozone/integration-test/target/test-dir/MiniOzoneClusterImpl-aa1df1c5-0857-4523-9eb6-d70e8c83b275/datanode-6/data/ratis/891a0449-b33b-4309-9a84-a4a3ba95f6cc: flushIndex: setUnconditionally 0 -> -1
2019-07-12 13:11:05,070 INFO  server.RaftServerConfigKeys (ConfUtils.java:logGet(43)) - raft.server.snapshot.auto.trigger.enabled = true (custom)
2019-07-12 13:11:05,070 INFO  server.RaftServerConfigKeys (ConfUtils.java:logGet(43)) - raft.server.snapshot.auto.trigger.threshold = 10000 (custom)
2019-07-12 13:11:05,070 INFO  server.RaftServerConfigKeys (ConfUtils.java:logGet(43)) - raft.server.retrycache.expirytime = 600000ms (custom)
2019-07-12 13:11:05,071 INFO  impl.RaftServerImpl (RaftServerImpl.java:start(180)) - 69a3b7e3-dc0f-4653-8b76-128e42208dfc: start group-A4A3BA95F6CC
2019-07-12 13:11:05,071 INFO  impl.RaftServerImpl (RaftServerImpl.java:setRole(171)) - 69a3b7e3-dc0f-4653-8b76-128e42208dfc:group-A4A3BA95F6CC changes role from null to FOLLOWER at term 0 for startAsFollower
2019-07-12 13:11:05,071 INFO  impl.RoleInfo (RoleInfo.java:updateAndGet(143)) - 69a3b7e3-dc0f-4653-8b76-128e42208dfc: start FollowerState
2019-07-12 13:11:05,071 INFO  util.JmxRegister (JmxRegister.java:tryRegister(44)) - Successfully registered JMX Bean with object name Ratis:service=RaftServer,group=group-A4A3BA95F6CC,id=69a3b7e3-dc0f-4653-8b76-128e42208dfc
2019-07-12 13:11:05,085 INFO  pipeline.PipelineStateManager (PipelineStateManager.java:addPipeline(56)) - Created pipeline Pipeline[ Id: 891a0449-b33b-4309-9a84-a4a3ba95f6cc, Nodes: 69a3b7e3-dc0f-4653-8b76-128e42208dfc{ip: 192.168.157.212, host: pr-hdds-17356bwxm-3764869708, networkLocation: /default-rack, certSerialId: null}, Type:RATIS, Factor:ONE, State:OPEN]
2019-07-12 13:11:05,113 INFO  impl.RaftServerProxy (RaftServerProxy.java:addNew(89)) - 236a9b69-16f2-46bd-9ce4-e686e621f0e6: addNew group-AA0041AAF2C5:[236a9b69-16f2-46bd-9ce4-e686e621f0e6:192.168.157.212:45982] returns group-AA0041AAF2C5:java.util.concurrent.CompletableFuture@5e2f897d[Not completed]
2019-07-12 13:11:05,114 INFO  impl.RaftServerImpl (RaftServerImpl.java:<init>(93)) - 236a9b69-16f2-46bd-9ce4-e686e621f0e6: new RaftServerImpl for group-AA0041AAF2C5:[236a9b69-16f2-46bd-9ce4-e686e621f0e6:192.168.157.212:45982] with ContainerStateMachine:uninitialized
2019-07-12 13:11:05,115 INFO  server.RaftServerConfigKeys (ConfUtils.java:logGet(43)) - raft.server.rpc.timeout.min = 5s (custom)
2019-07-12 13:11:05,115 INFO  server.RaftServerConfigKeys (ConfUtils.java:logGet(43)) - raft.server.rpc.timeout.max = 5200ms (custom)
2019-07-12 13:11:05,115 INFO  server.RaftServerConfigKeys (ConfUtils.java:logGet(43)) - raft.server.rpcslowness.timeout = 120s (custom)
2019-07-12 13:11:05,115 INFO  server.RaftServerConfigKeys (ConfUtils.java:logGet(43)) - raft.server.sleep.deviation.threshold = 300 (default)
2019-07-12 13:11:05,115 INFO  server.RaftServerConfigKeys (ConfUtils.java:logGet(43)) - raft.server.log.appender.install.snapshot.enabled = false (custom)
2019-07-12 13:11:05,116 INFO  impl.RaftServerImpl (ServerState.java:<init>(105)) - 236a9b69-16f2-46bd-9ce4-e686e621f0e6:group-AA0041AAF2C5 ConfigurationManager, init=-1: [236a9b69-16f2-46bd-9ce4-e686e621f0e6:192.168.157.212:45982], old=null, confs=<EMPTY_MAP>
2019-07-12 13:11:05,116 INFO  server.RaftServerConfigKeys (ConfUtils.java:logGet(43)) - raft.server.storage.dir = [/tmp/workdir/hadoop-ozone/integration-test/target/test-dir/MiniOzoneClusterImpl-aa1df1c5-0857-4523-9eb6-d70e8c83b275/datanode-2/data/ratis] (custom)
2019-07-12 13:11:05,116 INFO  storage.RaftStorageDirectory (RaftStorageDirectory.java:analyzeStorage(246)) - The storage directory /tmp/workdir/hadoop-ozone/integration-test/target/test-dir/MiniOzoneClusterImpl-aa1df1c5-0857-4523-9eb6-d70e8c83b275/datanode-2/data/ratis/8867e1be-9f53-467c-b112-aa0041aaf2c5 does not exist. Creating ...
2019-07-12 13:11:05,129 INFO  storage.RaftStorageDirectory (RaftStorageDirectory.java:tryLock(328)) - Lock on /tmp/workdir/hadoop-ozone/integration-test/target/test-dir/MiniOzoneClusterImpl-aa1df1c5-0857-4523-9eb6-d70e8c83b275/datanode-2/data/ratis/8867e1be-9f53-467c-b112-aa0041aaf2c5/in_use.lock acquired by nodename 23715@pr-hdds-17356bwxm-3764869708
2019-07-12 13:11:05,142 INFO  storage.RaftStorage (RaftStorage.java:format(72)) - Storage directory /tmp/workdir/hadoop-ozone/integration-test/target/test-dir/MiniOzoneClusterImpl-aa1df1c5-0857-4523-9eb6-d70e8c83b275/datanode-2/data/ratis/8867e1be-9f53-467c-b112-aa0041aaf2c5 has been successfully formatted.
2019-07-12 13:11:05,142 INFO  ratis.ContainerStateMachine (ContainerStateMachine.java:loadSnapshot(200)) - The snapshot info is null.Setting the last applied index to:(t:0, i:~)
2019-07-12 13:11:05,143 INFO  server.RaftServerConfigKeys (ConfUtils.java:logGet(43)) - raft.server.leader.election.timeout = 120s (custom)
2019-07-12 13:11:05,143 INFO  server.RaftServerConfigKeys (ConfUtils.java:logGet(43)) - raft.server.log.use.memory = false (default)
2019-07-12 13:11:05,143 INFO  server.RaftServerConfigKeys (ConfUtils.java:logGet(43)) - raft.server.log.purge.gap = 1000000000 (custom)
2019-07-12 13:11:05,143 INFO  server.RaftServerConfigKeys (ConfUtils.java:logGet(43)) - raft.server.log.appender.buffer.byte-limit = 33554432 (custom)
2019-07-12 13:11:05,143 INFO  server.RaftServerConfigKeys (ConfUtils.java:logGet(43)) - raft.server.log.segment.size.max = 1048576 (custom)
2019-07-12 13:11:05,143 INFO  server.RaftServerConfigKeys (ConfUtils.java:logGet(43)) - raft.server.log.segment.cache.num.max = 2 (custom)
2019-07-12 13:11:05,144 INFO  segmented.SegmentedRaftLogWorker (SegmentedRaftLogWorker.java:<init>(172)) - new 236a9b69-16f2-46bd-9ce4-e686e621f0e6-SegmentedRaftLogWorker:Storage Directory /tmp/workdir/hadoop-ozone/integration-test/target/test-dir/MiniOzoneClusterImpl-aa1df1c5-0857-4523-9eb6-d70e8c83b275/datanode-2/data/ratis/8867e1be-9f53-467c-b112-aa0041aaf2c5 for RaftStorage:Storage Directory /tmp/workdir/hadoop-ozone/integration-test/target/test-dir/MiniOzoneClusterImpl-aa1df1c5-0857-4523-9eb6-d70e8c83b275/datanode-2/data/ratis/8867e1be-9f53-467c-b112-aa0041aaf2c5
2019-07-12 13:11:05,144 INFO  server.RaftServerConfigKeys (ConfUtils.java:logGet(43)) - raft.server.log.queue.byte-limit = 2147483647 (custom)
2019-07-12 13:11:05,144 INFO  server.RaftServerConfigKeys (ConfUtils.java:logGet(43)) - raft.server.log.queue.element-limit = 1024 (custom)
2019-07-12 13:11:05,144 INFO  server.RaftServerConfigKeys (ConfUtils.java:logGet(43)) - raft.server.log.segment.size.max = 1048576 (custom)
2019-07-12 13:11:05,144 INFO  server.RaftServerConfigKeys (ConfUtils.java:logGet(43)) - raft.server.log.preallocated.size = 16384 (custom)
2019-07-12 13:11:05,145 INFO  server.RaftServerConfigKeys (ConfUtils.java:logGet(43)) - raft.server.log.write.buffer.size = 33554432 (custom)
2019-07-12 13:11:05,145 INFO  server.RaftServerConfigKeys (ConfUtils.java:logGet(43)) - raft.server.log.force.sync.num = 128 (default)
2019-07-12 13:11:05,145 INFO  server.RaftServerConfigKeys (ConfUtils.java:logGet(43)) - raft.server.log.statemachine.data.sync = true (default)
2019-07-12 13:11:05,145 INFO  server.RaftServerConfigKeys (ConfUtils.java:logGet(43)) - raft.server.log.statemachine.data.sync.timeout = 10s (default)
2019-07-12 13:11:05,145 INFO  server.RaftServerConfigKeys (ConfUtils.java:logGet(43)) - raft.server.log.statemachine.data.sync.timeout.retry = -1 (default)
2019-07-12 13:11:05,146 INFO  server.RaftServerConfigKeys (ConfUtils.java:logGet(43)) - raft.server.log.statemachine.data.caching.enabled = true (custom)
2019-07-12 13:11:05,146 INFO  segmented.SegmentedRaftLogWorker (SegmentedRaftLogWorker.java:lambda$new$0(132)) - 236a9b69-16f2-46bd-9ce4-e686e621f0e6-SegmentedRaftLogWorker:Storage Directory /tmp/workdir/hadoop-ozone/integration-test/target/test-dir/MiniOzoneClusterImpl-aa1df1c5-0857-4523-9eb6-d70e8c83b275/datanode-2/data/ratis/8867e1be-9f53-467c-b112-aa0041aaf2c5: flushIndex: setUnconditionally 0 -> -1
2019-07-12 13:11:05,147 INFO  server.RaftServerConfigKeys (ConfUtils.java:logGet(43)) - raft.server.snapshot.auto.trigger.enabled = true (custom)
2019-07-12 13:11:05,147 INFO  server.RaftServerConfigKeys (ConfUtils.java:logGet(43)) - raft.server.snapshot.auto.trigger.threshold = 10000 (custom)
2019-07-12 13:11:05,147 INFO  server.RaftServerConfigKeys (ConfUtils.java:logGet(43)) - raft.server.retrycache.expirytime = 600000ms (custom)
2019-07-12 13:11:05,147 INFO  impl.RaftServerImpl (RaftServerImpl.java:start(180)) - 236a9b69-16f2-46bd-9ce4-e686e621f0e6: start group-AA0041AAF2C5
2019-07-12 13:11:05,147 INFO  impl.RaftServerImpl (RaftServerImpl.java:setRole(171)) - 236a9b69-16f2-46bd-9ce4-e686e621f0e6:group-AA0041AAF2C5 changes role from null to FOLLOWER at term 0 for startAsFollower
2019-07-12 13:11:05,148 INFO  impl.RoleInfo (RoleInfo.java:updateAndGet(143)) - 236a9b69-16f2-46bd-9ce4-e686e621f0e6: start FollowerState
2019-07-12 13:11:05,148 INFO  util.JmxRegister (JmxRegister.java:tryRegister(44)) - Successfully registered JMX Bean with object name Ratis:service=RaftServer,group=group-AA0041AAF2C5,id=236a9b69-16f2-46bd-9ce4-e686e621f0e6
2019-07-12 13:11:05,161 INFO  pipeline.PipelineStateManager (PipelineStateManager.java:addPipeline(56)) - Created pipeline Pipeline[ Id: 8867e1be-9f53-467c-b112-aa0041aaf2c5, Nodes: 236a9b69-16f2-46bd-9ce4-e686e621f0e6{ip: 192.168.157.212, host: pr-hdds-17356bwxm-3764869708, networkLocation: /default-rack, certSerialId: null}, Type:RATIS, Factor:ONE, State:OPEN]
2019-07-12 13:11:05,183 INFO  impl.RaftServerProxy (RaftServerProxy.java:addNew(89)) - f5429de9-b416-4308-9dc7-db4723522379: addNew group-606368DD6CF3:[f5429de9-b416-4308-9dc7-db4723522379:192.168.157.212:38276] returns group-606368DD6CF3:java.util.concurrent.CompletableFuture@6fe713aa[Not completed]
2019-07-12 13:11:05,186 INFO  impl.RaftServerImpl (RaftServerImpl.java:<init>(93)) - f5429de9-b416-4308-9dc7-db4723522379: new RaftServerImpl for group-606368DD6CF3:[f5429de9-b416-4308-9dc7-db4723522379:192.168.157.212:38276] with ContainerStateMachine:uninitialized
2019-07-12 13:11:05,186 INFO  server.RaftServerConfigKeys (ConfUtils.java:logGet(43)) - raft.server.rpc.timeout.min = 5s (custom)
2019-07-12 13:11:05,187 INFO  server.RaftServerConfigKeys (ConfUtils.java:logGet(43)) - raft.server.rpc.timeout.max = 5200ms (custom)
2019-07-12 13:11:05,187 INFO  server.RaftServerConfigKeys (ConfUtils.java:logGet(43)) - raft.server.rpcslowness.timeout = 120s (custom)
2019-07-12 13:11:05,187 INFO  server.RaftServerConfigKeys (ConfUtils.java:logGet(43)) - raft.server.sleep.deviation.threshold = 300 (default)
2019-07-12 13:11:05,187 INFO  server.RaftServerConfigKeys (ConfUtils.java:logGet(43)) - raft.server.log.appender.install.snapshot.enabled = false (custom)
2019-07-12 13:11:05,187 INFO  impl.RaftServerImpl (ServerState.java:<init>(105)) - f5429de9-b416-4308-9dc7-db4723522379:group-606368DD6CF3 ConfigurationManager, init=-1: [f5429de9-b416-4308-9dc7-db4723522379:192.168.157.212:38276], old=null, confs=<EMPTY_MAP>
2019-07-12 13:11:05,188 INFO  server.RaftServerConfigKeys (ConfUtils.java:logGet(43)) - raft.server.storage.dir = [/tmp/workdir/hadoop-ozone/integration-test/target/test-dir/MiniOzoneClusterImpl-aa1df1c5-0857-4523-9eb6-d70e8c83b275/datanode-4/data/ratis] (custom)
2019-07-12 13:11:05,188 INFO  storage.RaftStorageDirectory (RaftStorageDirectory.java:analyzeStorage(246)) - The storage directory /tmp/workdir/hadoop-ozone/integration-test/target/test-dir/MiniOzoneClusterImpl-aa1df1c5-0857-4523-9eb6-d70e8c83b275/datanode-4/data/ratis/e8223aba-d7da-477b-bc7d-606368dd6cf3 does not exist. Creating ...
2019-07-12 13:11:05,201 INFO  storage.RaftStorageDirectory (RaftStorageDirectory.java:tryLock(328)) - Lock on /tmp/workdir/hadoop-ozone/integration-test/target/test-dir/MiniOzoneClusterImpl-aa1df1c5-0857-4523-9eb6-d70e8c83b275/datanode-4/data/ratis/e8223aba-d7da-477b-bc7d-606368dd6cf3/in_use.lock acquired by nodename 23715@pr-hdds-17356bwxm-3764869708
2019-07-12 13:11:05,214 INFO  storage.RaftStorage (RaftStorage.java:format(72)) - Storage directory /tmp/workdir/hadoop-ozone/integration-test/target/test-dir/MiniOzoneClusterImpl-aa1df1c5-0857-4523-9eb6-d70e8c83b275/datanode-4/data/ratis/e8223aba-d7da-477b-bc7d-606368dd6cf3 has been successfully formatted.
2019-07-12 13:11:05,214 INFO  ratis.ContainerStateMachine (ContainerStateMachine.java:loadSnapshot(200)) - The snapshot info is null.Setting the last applied index to:(t:0, i:~)
2019-07-12 13:11:05,214 INFO  server.RaftServerConfigKeys (ConfUtils.java:logGet(43)) - raft.server.leader.election.timeout = 120s (custom)
2019-07-12 13:11:05,215 INFO  server.RaftServerConfigKeys (ConfUtils.java:logGet(43)) - raft.server.log.use.memory = false (default)
2019-07-12 13:11:05,215 INFO  server.RaftServerConfigKeys (ConfUtils.java:logGet(43)) - raft.server.log.purge.gap = 1000000000 (custom)
2019-07-12 13:11:05,215 INFO  server.RaftServerConfigKeys (ConfUtils.java:logGet(43)) - raft.server.log.appender.buffer.byte-limit = 33554432 (custom)
2019-07-12 13:11:05,215 INFO  server.RaftServerConfigKeys (ConfUtils.java:logGet(43)) - raft.server.log.segment.size.max = 1048576 (custom)
2019-07-12 13:11:05,215 INFO  server.RaftServerConfigKeys (ConfUtils.java:logGet(43)) - raft.server.log.segment.cache.num.max = 2 (custom)
2019-07-12 13:11:05,216 INFO  segmented.SegmentedRaftLogWorker (SegmentedRaftLogWorker.java:<init>(172)) - new f5429de9-b416-4308-9dc7-db4723522379-SegmentedRaftLogWorker:Storage Directory /tmp/workdir/hadoop-ozone/integration-test/target/test-dir/MiniOzoneClusterImpl-aa1df1c5-0857-4523-9eb6-d70e8c83b275/datanode-4/data/ratis/e8223aba-d7da-477b-bc7d-606368dd6cf3 for RaftStorage:Storage Directory /tmp/workdir/hadoop-ozone/integration-test/target/test-dir/MiniOzoneClusterImpl-aa1df1c5-0857-4523-9eb6-d70e8c83b275/datanode-4/data/ratis/e8223aba-d7da-477b-bc7d-606368dd6cf3
2019-07-12 13:11:05,216 INFO  server.RaftServerConfigKeys (ConfUtils.java:logGet(43)) - raft.server.log.queue.byte-limit = 2147483647 (custom)
2019-07-12 13:11:05,216 INFO  server.RaftServerConfigKeys (ConfUtils.java:logGet(43)) - raft.server.log.queue.element-limit = 1024 (custom)
2019-07-12 13:11:05,216 INFO  server.RaftServerConfigKeys (ConfUtils.java:logGet(43)) - raft.server.log.segment.size.max = 1048576 (custom)
2019-07-12 13:11:05,217 INFO  server.RaftServerConfigKeys (ConfUtils.java:logGet(43)) - raft.server.log.preallocated.size = 16384 (custom)
2019-07-12 13:11:05,217 INFO  server.RaftServerConfigKeys (ConfUtils.java:logGet(43)) - raft.server.log.write.buffer.size = 33554432 (custom)
2019-07-12 13:11:05,217 INFO  server.RaftServerConfigKeys (ConfUtils.java:logGet(43)) - raft.server.log.force.sync.num = 128 (default)
2019-07-12 13:11:05,217 INFO  server.RaftServerConfigKeys (ConfUtils.java:logGet(43)) - raft.server.log.statemachine.data.sync = true (default)
2019-07-12 13:11:05,217 INFO  server.RaftServerConfigKeys (ConfUtils.java:logGet(43)) - raft.server.log.statemachine.data.sync.timeout = 10s (default)
2019-07-12 13:11:05,218 INFO  server.RaftServerConfigKeys (ConfUtils.java:logGet(43)) - raft.server.log.statemachine.data.sync.timeout.retry = -1 (default)
2019-07-12 13:11:05,218 INFO  server.RaftServerConfigKeys (ConfUtils.java:logGet(43)) - raft.server.log.statemachine.data.caching.enabled = true (custom)
2019-07-12 13:11:05,218 INFO  segmented.SegmentedRaftLogWorker (SegmentedRaftLogWorker.java:lambda$new$0(132)) - f5429de9-b416-4308-9dc7-db4723522379-SegmentedRaftLogWorker:Storage Directory /tmp/workdir/hadoop-ozone/integration-test/target/test-dir/MiniOzoneClusterImpl-aa1df1c5-0857-4523-9eb6-d70e8c83b275/datanode-4/data/ratis/e8223aba-d7da-477b-bc7d-606368dd6cf3: flushIndex: setUnconditionally 0 -> -1
2019-07-12 13:11:05,219 INFO  server.RaftServerConfigKeys (ConfUtils.java:logGet(43)) - raft.server.snapshot.auto.trigger.enabled = true (custom)
2019-07-12 13:11:05,219 INFO  server.RaftServerConfigKeys (ConfUtils.java:logGet(43)) - raft.server.snapshot.auto.trigger.threshold = 10000 (custom)
2019-07-12 13:11:05,219 INFO  server.RaftServerConfigKeys (ConfUtils.java:logGet(43)) - raft.server.retrycache.expirytime = 600000ms (custom)
2019-07-12 13:11:05,220 INFO  impl.RaftServerImpl (RaftServerImpl.java:start(180)) - f5429de9-b416-4308-9dc7-db4723522379: start group-606368DD6CF3
2019-07-12 13:11:05,220 INFO  impl.RaftServerImpl (RaftServerImpl.java:setRole(171)) - f5429de9-b416-4308-9dc7-db4723522379:group-606368DD6CF3 changes role from null to FOLLOWER at term 0 for startAsFollower
2019-07-12 13:11:05,220 INFO  impl.RoleInfo (RoleInfo.java:updateAndGet(143)) - f5429de9-b416-4308-9dc7-db4723522379: start FollowerState
2019-07-12 13:11:05,221 INFO  util.JmxRegister (JmxRegister.java:tryRegister(44)) - Successfully registered JMX Bean with object name Ratis:service=RaftServer,group=group-606368DD6CF3,id=f5429de9-b416-4308-9dc7-db4723522379
2019-07-12 13:11:05,242 INFO  pipeline.PipelineStateManager (PipelineStateManager.java:addPipeline(56)) - Created pipeline Pipeline[ Id: e8223aba-d7da-477b-bc7d-606368dd6cf3, Nodes: f5429de9-b416-4308-9dc7-db4723522379{ip: 192.168.157.212, host: pr-hdds-17356bwxm-3764869708, networkLocation: /default-rack, certSerialId: null}, Type:RATIS, Factor:ONE, State:OPEN]
2019-07-12 13:11:05,277 INFO  impl.RaftServerProxy (RaftServerProxy.java:addNew(89)) - de50b7de-f9d2-4802-a524-6de75e18a426: addNew group-613427DCBB34:[2d930774-d643-4c73-b233-5605f9748a71:192.168.157.212:34855, 871b3a72-703e-465c-925f-bb68f4958a2e:192.168.157.212:38834, de50b7de-f9d2-4802-a524-6de75e18a426:192.168.157.212:36558] returns group-613427DCBB34:java.util.concurrent.CompletableFuture@7f2d0c96[Not completed]
2019-07-12 13:11:05,280 INFO  impl.RaftServerImpl (RaftServerImpl.java:<init>(93)) - de50b7de-f9d2-4802-a524-6de75e18a426: new RaftServerImpl for group-613427DCBB34:[2d930774-d643-4c73-b233-5605f9748a71:192.168.157.212:34855, 871b3a72-703e-465c-925f-bb68f4958a2e:192.168.157.212:38834, de50b7de-f9d2-4802-a524-6de75e18a426:192.168.157.212:36558] with ContainerStateMachine:uninitialized
2019-07-12 13:11:05,282 INFO  server.RaftServerConfigKeys (ConfUtils.java:logGet(43)) - raft.server.rpc.timeout.min = 5s (custom)
2019-07-12 13:11:05,282 INFO  server.RaftServerConfigKeys (ConfUtils.java:logGet(43)) - raft.server.rpc.timeout.max = 5200ms (custom)
2019-07-12 13:11:05,282 INFO  impl.RaftServerProxy (RaftServerProxy.java:addNew(89)) - 871b3a72-703e-465c-925f-bb68f4958a2e: addNew group-613427DCBB34:[2d930774-d643-4c73-b233-5605f9748a71:192.168.157.212:34855, 871b3a72-703e-465c-925f-bb68f4958a2e:192.168.157.212:38834, de50b7de-f9d2-4802-a524-6de75e18a426:192.168.157.212:36558] returns group-613427DCBB34:java.util.concurrent.CompletableFuture@641b37e3[Not completed]
2019-07-12 13:11:05,282 INFO  server.RaftServerConfigKeys (ConfUtils.java:logGet(43)) - raft.server.rpcslowness.timeout = 120s (custom)
2019-07-12 13:11:05,283 INFO  server.RaftServerConfigKeys (ConfUtils.java:logGet(43)) - raft.server.sleep.deviation.threshold = 300 (default)
2019-07-12 13:11:05,283 INFO  impl.RaftServerProxy (RaftServerProxy.java:addNew(89)) - 2d930774-d643-4c73-b233-5605f9748a71: addNew group-613427DCBB34:[2d930774-d643-4c73-b233-5605f9748a71:192.168.157.212:34855, 871b3a72-703e-465c-925f-bb68f4958a2e:192.168.157.212:38834, de50b7de-f9d2-4802-a524-6de75e18a426:192.168.157.212:36558] returns group-613427DCBB34:java.util.concurrent.CompletableFuture@2fd3ad9c[Not completed]
2019-07-12 13:11:05,283 INFO  server.RaftServerConfigKeys (ConfUtils.java:logGet(43)) - raft.server.log.appender.install.snapshot.enabled = false (custom)
2019-07-12 13:11:05,283 INFO  impl.RaftServerImpl (ServerState.java:<init>(105)) - de50b7de-f9d2-4802-a524-6de75e18a426:group-613427DCBB34 ConfigurationManager, init=-1: [2d930774-d643-4c73-b233-5605f9748a71:192.168.157.212:34855, 871b3a72-703e-465c-925f-bb68f4958a2e:192.168.157.212:38834, de50b7de-f9d2-4802-a524-6de75e18a426:192.168.157.212:36558], old=null, confs=<EMPTY_MAP>
2019-07-12 13:11:05,283 INFO  server.RaftServerConfigKeys (ConfUtils.java:logGet(43)) - raft.server.storage.dir = [/tmp/workdir/hadoop-ozone/integration-test/target/test-dir/MiniOzoneClusterImpl-aa1df1c5-0857-4523-9eb6-d70e8c83b275/datanode-5/data/ratis] (custom)
2019-07-12 13:11:05,284 INFO  impl.RaftServerImpl (RaftServerImpl.java:<init>(93)) - 871b3a72-703e-465c-925f-bb68f4958a2e: new RaftServerImpl for group-613427DCBB34:[2d930774-d643-4c73-b233-5605f9748a71:192.168.157.212:34855, 871b3a72-703e-465c-925f-bb68f4958a2e:192.168.157.212:38834, de50b7de-f9d2-4802-a524-6de75e18a426:192.168.157.212:36558] with ContainerStateMachine:uninitialized
2019-07-12 13:11:05,284 INFO  server.RaftServerConfigKeys (ConfUtils.java:logGet(43)) - raft.server.rpc.timeout.min = 5s (custom)
2019-07-12 13:11:05,284 INFO  storage.RaftStorageDirectory (RaftStorageDirectory.java:analyzeStorage(246)) - The storage directory /tmp/workdir/hadoop-ozone/integration-test/target/test-dir/MiniOzoneClusterImpl-aa1df1c5-0857-4523-9eb6-d70e8c83b275/datanode-5/data/ratis/9bc0a0ea-9a37-4824-8e6b-613427dcbb34 does not exist. Creating ...
2019-07-12 13:11:05,284 INFO  server.RaftServerConfigKeys (ConfUtils.java:logGet(43)) - raft.server.rpc.timeout.max = 5200ms (custom)
2019-07-12 13:11:05,284 INFO  server.RaftServerConfigKeys (ConfUtils.java:logGet(43)) - raft.server.rpcslowness.timeout = 120s (custom)
2019-07-12 13:11:05,284 INFO  impl.RaftServerImpl (RaftServerImpl.java:<init>(93)) - 2d930774-d643-4c73-b233-5605f9748a71: new RaftServerImpl for group-613427DCBB34:[2d930774-d643-4c73-b233-5605f9748a71:192.168.157.212:34855, 871b3a72-703e-465c-925f-bb68f4958a2e:192.168.157.212:38834, de50b7de-f9d2-4802-a524-6de75e18a426:192.168.157.212:36558] with ContainerStateMachine:uninitialized
2019-07-12 13:11:05,284 INFO  server.RaftServerConfigKeys (ConfUtils.java:logGet(43)) - raft.server.sleep.deviation.threshold = 300 (default)
2019-07-12 13:11:05,285 INFO  server.RaftServerConfigKeys (ConfUtils.java:logGet(43)) - raft.server.rpc.timeout.min = 5s (custom)
2019-07-12 13:11:05,285 INFO  server.RaftServerConfigKeys (ConfUtils.java:logGet(43)) - raft.server.log.appender.install.snapshot.enabled = false (custom)
2019-07-12 13:11:05,285 INFO  server.RaftServerConfigKeys (ConfUtils.java:logGet(43)) - raft.server.rpc.timeout.max = 5200ms (custom)
2019-07-12 13:11:05,285 INFO  impl.RaftServerImpl (ServerState.java:<init>(105)) - 871b3a72-703e-465c-925f-bb68f4958a2e:group-613427DCBB34 ConfigurationManager, init=-1: [2d930774-d643-4c73-b233-5605f9748a71:192.168.157.212:34855, 871b3a72-703e-465c-925f-bb68f4958a2e:192.168.157.212:38834, de50b7de-f9d2-4802-a524-6de75e18a426:192.168.157.212:36558], old=null, confs=<EMPTY_MAP>
2019-07-12 13:11:05,285 INFO  server.RaftServerConfigKeys (ConfUtils.java:logGet(43)) - raft.server.rpcslowness.timeout = 120s (custom)
2019-07-12 13:11:05,285 INFO  server.RaftServerConfigKeys (ConfUtils.java:logGet(43)) - raft.server.storage.dir = [/tmp/workdir/hadoop-ozone/integration-test/target/test-dir/MiniOzoneClusterImpl-aa1df1c5-0857-4523-9eb6-d70e8c83b275/datanode-1/data/ratis] (custom)
2019-07-12 13:11:05,286 INFO  server.RaftServerConfigKeys (ConfUtils.java:logGet(43)) - raft.server.sleep.deviation.threshold = 300 (default)
2019-07-12 13:11:05,286 INFO  server.RaftServerConfigKeys (ConfUtils.java:logGet(43)) - raft.server.log.appender.install.snapshot.enabled = false (custom)
2019-07-12 13:11:05,286 INFO  storage.RaftStorageDirectory (RaftStorageDirectory.java:analyzeStorage(246)) - The storage directory /tmp/workdir/hadoop-ozone/integration-test/target/test-dir/MiniOzoneClusterImpl-aa1df1c5-0857-4523-9eb6-d70e8c83b275/datanode-1/data/ratis/9bc0a0ea-9a37-4824-8e6b-613427dcbb34 does not exist. Creating ...
2019-07-12 13:11:05,286 INFO  impl.RaftServerImpl (ServerState.java:<init>(105)) - 2d930774-d643-4c73-b233-5605f9748a71:group-613427DCBB34 ConfigurationManager, init=-1: [2d930774-d643-4c73-b233-5605f9748a71:192.168.157.212:34855, 871b3a72-703e-465c-925f-bb68f4958a2e:192.168.157.212:38834, de50b7de-f9d2-4802-a524-6de75e18a426:192.168.157.212:36558], old=null, confs=<EMPTY_MAP>
2019-07-12 13:11:05,286 INFO  server.RaftServerConfigKeys (ConfUtils.java:logGet(43)) - raft.server.storage.dir = [/tmp/workdir/hadoop-ozone/integration-test/target/test-dir/MiniOzoneClusterImpl-aa1df1c5-0857-4523-9eb6-d70e8c83b275/datanode-3/data/ratis] (custom)
2019-07-12 13:11:05,287 INFO  storage.RaftStorageDirectory (RaftStorageDirectory.java:analyzeStorage(246)) - The storage directory /tmp/workdir/hadoop-ozone/integration-test/target/test-dir/MiniOzoneClusterImpl-aa1df1c5-0857-4523-9eb6-d70e8c83b275/datanode-3/data/ratis/9bc0a0ea-9a37-4824-8e6b-613427dcbb34 does not exist. Creating ...
2019-07-12 13:11:05,309 INFO  storage.RaftStorageDirectory (RaftStorageDirectory.java:tryLock(328)) - Lock on /tmp/workdir/hadoop-ozone/integration-test/target/test-dir/MiniOzoneClusterImpl-aa1df1c5-0857-4523-9eb6-d70e8c83b275/datanode-5/data/ratis/9bc0a0ea-9a37-4824-8e6b-613427dcbb34/in_use.lock acquired by nodename 23715@pr-hdds-17356bwxm-3764869708
2019-07-12 13:11:05,309 INFO  storage.RaftStorageDirectory (RaftStorageDirectory.java:tryLock(328)) - Lock on /tmp/workdir/hadoop-ozone/integration-test/target/test-dir/MiniOzoneClusterImpl-aa1df1c5-0857-4523-9eb6-d70e8c83b275/datanode-3/data/ratis/9bc0a0ea-9a37-4824-8e6b-613427dcbb34/in_use.lock acquired by nodename 23715@pr-hdds-17356bwxm-3764869708
2019-07-12 13:11:05,309 INFO  storage.RaftStorageDirectory (RaftStorageDirectory.java:tryLock(328)) - Lock on /tmp/workdir/hadoop-ozone/integration-test/target/test-dir/MiniOzoneClusterImpl-aa1df1c5-0857-4523-9eb6-d70e8c83b275/datanode-1/data/ratis/9bc0a0ea-9a37-4824-8e6b-613427dcbb34/in_use.lock acquired by nodename 23715@pr-hdds-17356bwxm-3764869708
2019-07-12 13:11:05,335 INFO  storage.RaftStorage (RaftStorage.java:format(72)) - Storage directory /tmp/workdir/hadoop-ozone/integration-test/target/test-dir/MiniOzoneClusterImpl-aa1df1c5-0857-4523-9eb6-d70e8c83b275/datanode-5/data/ratis/9bc0a0ea-9a37-4824-8e6b-613427dcbb34 has been successfully formatted.
2019-07-12 13:11:05,335 INFO  storage.RaftStorage (RaftStorage.java:format(72)) - Storage directory /tmp/workdir/hadoop-ozone/integration-test/target/test-dir/MiniOzoneClusterImpl-aa1df1c5-0857-4523-9eb6-d70e8c83b275/datanode-3/data/ratis/9bc0a0ea-9a37-4824-8e6b-613427dcbb34 has been successfully formatted.
2019-07-12 13:11:05,335 INFO  storage.RaftStorage (RaftStorage.java:format(72)) - Storage directory /tmp/workdir/hadoop-ozone/integration-test/target/test-dir/MiniOzoneClusterImpl-aa1df1c5-0857-4523-9eb6-d70e8c83b275/datanode-1/data/ratis/9bc0a0ea-9a37-4824-8e6b-613427dcbb34 has been successfully formatted.
2019-07-12 13:11:05,335 INFO  ratis.ContainerStateMachine (ContainerStateMachine.java:loadSnapshot(200)) - The snapshot info is null.Setting the last applied index to:(t:0, i:~)
2019-07-12 13:11:05,335 INFO  ratis.ContainerStateMachine (ContainerStateMachine.java:loadSnapshot(200)) - The snapshot info is null.Setting the last applied index to:(t:0, i:~)
2019-07-12 13:11:05,336 INFO  server.RaftServerConfigKeys (ConfUtils.java:logGet(43)) - raft.server.leader.election.timeout = 120s (custom)
2019-07-12 13:11:05,336 INFO  ratis.ContainerStateMachine (ContainerStateMachine.java:loadSnapshot(200)) - The snapshot info is null.Setting the last applied index to:(t:0, i:~)
2019-07-12 13:11:05,336 INFO  server.RaftServerConfigKeys (ConfUtils.java:logGet(43)) - raft.server.log.use.memory = false (default)
2019-07-12 13:11:05,336 INFO  server.RaftServerConfigKeys (ConfUtils.java:logGet(43)) - raft.server.leader.election.timeout = 120s (custom)
2019-07-12 13:11:05,336 INFO  server.RaftServerConfigKeys (ConfUtils.java:logGet(43)) - raft.server.log.purge.gap = 1000000000 (custom)
2019-07-12 13:11:05,336 INFO  server.RaftServerConfigKeys (ConfUtils.java:logGet(43)) - raft.server.leader.election.timeout = 120s (custom)
2019-07-12 13:11:05,337 INFO  server.RaftServerConfigKeys (ConfUtils.java:logGet(43)) - raft.server.log.appender.buffer.byte-limit = 33554432 (custom)
2019-07-12 13:11:05,336 INFO  server.RaftServerConfigKeys (ConfUtils.java:logGet(43)) - raft.server.log.use.memory = false (default)
2019-07-12 13:11:05,337 INFO  server.RaftServerConfigKeys (ConfUtils.java:logGet(43)) - raft.server.log.segment.size.max = 1048576 (custom)
2019-07-12 13:11:05,337 INFO  server.RaftServerConfigKeys (ConfUtils.java:logGet(43)) - raft.server.log.use.memory = false (default)
2019-07-12 13:11:05,337 INFO  server.RaftServerConfigKeys (ConfUtils.java:logGet(43)) - raft.server.log.segment.cache.num.max = 2 (custom)
2019-07-12 13:11:05,337 INFO  server.RaftServerConfigKeys (ConfUtils.java:logGet(43)) - raft.server.log.purge.gap = 1000000000 (custom)
2019-07-12 13:11:05,338 INFO  segmented.SegmentedRaftLogWorker (SegmentedRaftLogWorker.java:<init>(172)) - new 2d930774-d643-4c73-b233-5605f9748a71-SegmentedRaftLogWorker:Storage Directory /tmp/workdir/hadoop-ozone/integration-test/target/test-dir/MiniOzoneClusterImpl-aa1df1c5-0857-4523-9eb6-d70e8c83b275/datanode-3/data/ratis/9bc0a0ea-9a37-4824-8e6b-613427dcbb34 for RaftStorage:Storage Directory /tmp/workdir/hadoop-ozone/integration-test/target/test-dir/MiniOzoneClusterImpl-aa1df1c5-0857-4523-9eb6-d70e8c83b275/datanode-3/data/ratis/9bc0a0ea-9a37-4824-8e6b-613427dcbb34
2019-07-12 13:11:05,337 INFO  server.RaftServerConfigKeys (ConfUtils.java:logGet(43)) - raft.server.log.purge.gap = 1000000000 (custom)
2019-07-12 13:11:05,338 INFO  server.RaftServerConfigKeys (ConfUtils.java:logGet(43)) - raft.server.log.queue.byte-limit = 2147483647 (custom)
2019-07-12 13:11:05,338 INFO  server.RaftServerConfigKeys (ConfUtils.java:logGet(43)) - raft.server.log.appender.buffer.byte-limit = 33554432 (custom)
2019-07-12 13:11:05,340 INFO  server.RaftServerConfigKeys (ConfUtils.java:logGet(43)) - raft.server.log.queue.element-limit = 1024 (custom)
2019-07-12 13:11:05,338 INFO  server.RaftServerConfigKeys (ConfUtils.java:logGet(43)) - raft.server.log.appender.buffer.byte-limit = 33554432 (custom)
2019-07-12 13:11:05,340 INFO  server.RaftServerConfigKeys (ConfUtils.java:logGet(43)) - raft.server.log.segment.size.max = 1048576 (custom)
2019-07-12 13:11:05,340 INFO  server.RaftServerConfigKeys (ConfUtils.java:logGet(43)) - raft.server.log.segment.size.max = 1048576 (custom)
2019-07-12 13:11:05,341 INFO  server.RaftServerConfigKeys (ConfUtils.java:logGet(43)) - raft.server.log.preallocated.size = 16384 (custom)
2019-07-12 13:11:05,341 INFO  server.RaftServerConfigKeys (ConfUtils.java:logGet(43)) - raft.server.log.segment.size.max = 1048576 (custom)
2019-07-12 13:11:05,341 INFO  server.RaftServerConfigKeys (ConfUtils.java:logGet(43)) - raft.server.log.write.buffer.size = 33554432 (custom)
2019-07-12 13:11:05,341 INFO  server.RaftServerConfigKeys (ConfUtils.java:logGet(43)) - raft.server.log.segment.cache.num.max = 2 (custom)
2019-07-12 13:11:05,341 INFO  server.RaftServerConfigKeys (ConfUtils.java:logGet(43)) - raft.server.log.force.sync.num = 128 (default)
2019-07-12 13:11:05,341 INFO  server.RaftServerConfigKeys (ConfUtils.java:logGet(43)) - raft.server.log.segment.cache.num.max = 2 (custom)
2019-07-12 13:11:05,342 INFO  server.RaftServerConfigKeys (ConfUtils.java:logGet(43)) - raft.server.log.statemachine.data.sync = true (default)
2019-07-12 13:11:05,342 INFO  segmented.SegmentedRaftLogWorker (SegmentedRaftLogWorker.java:<init>(172)) - new de50b7de-f9d2-4802-a524-6de75e18a426-SegmentedRaftLogWorker:Storage Directory /tmp/workdir/hadoop-ozone/integration-test/target/test-dir/MiniOzoneClusterImpl-aa1df1c5-0857-4523-9eb6-d70e8c83b275/datanode-5/data/ratis/9bc0a0ea-9a37-4824-8e6b-613427dcbb34 for RaftStorage:Storage Directory /tmp/workdir/hadoop-ozone/integration-test/target/test-dir/MiniOzoneClusterImpl-aa1df1c5-0857-4523-9eb6-d70e8c83b275/datanode-5/data/ratis/9bc0a0ea-9a37-4824-8e6b-613427dcbb34
2019-07-12 13:11:05,342 INFO  server.RaftServerConfigKeys (ConfUtils.java:logGet(43)) - raft.server.log.statemachine.data.sync.timeout = 10s (default)
2019-07-12 13:11:05,342 INFO  segmented.SegmentedRaftLogWorker (SegmentedRaftLogWorker.java:<init>(172)) - new 871b3a72-703e-465c-925f-bb68f4958a2e-SegmentedRaftLogWorker:Storage Directory /tmp/workdir/hadoop-ozone/integration-test/target/test-dir/MiniOzoneClusterImpl-aa1df1c5-0857-4523-9eb6-d70e8c83b275/datanode-1/data/ratis/9bc0a0ea-9a37-4824-8e6b-613427dcbb34 for RaftStorage:Storage Directory /tmp/workdir/hadoop-ozone/integration-test/target/test-dir/MiniOzoneClusterImpl-aa1df1c5-0857-4523-9eb6-d70e8c83b275/datanode-1/data/ratis/9bc0a0ea-9a37-4824-8e6b-613427dcbb34
2019-07-12 13:11:05,343 INFO  server.RaftServerConfigKeys (ConfUtils.java:logGet(43)) - raft.server.log.statemachine.data.sync.timeout.retry = -1 (default)
2019-07-12 13:11:05,342 INFO  server.RaftServerConfigKeys (ConfUtils.java:logGet(43)) - raft.server.log.queue.byte-limit = 2147483647 (custom)
2019-07-12 13:11:05,347 INFO  server.RaftServerConfigKeys (ConfUtils.java:logGet(43)) - raft.server.log.statemachine.data.caching.enabled = true (custom)
2019-07-12 13:11:05,345 INFO  server.RaftServerConfigKeys (ConfUtils.java:logGet(43)) - raft.server.log.queue.byte-limit = 2147483647 (custom)
2019-07-12 13:11:05,347 INFO  server.RaftServerConfigKeys (ConfUtils.java:logGet(43)) - raft.server.log.queue.element-limit = 1024 (custom)
2019-07-12 13:11:05,348 INFO  server.RaftServerConfigKeys (ConfUtils.java:logGet(43)) - raft.server.log.queue.element-limit = 1024 (custom)
2019-07-12 13:11:05,348 INFO  segmented.SegmentedRaftLogWorker (SegmentedRaftLogWorker.java:lambda$new$0(132)) - 2d930774-d643-4c73-b233-5605f9748a71-SegmentedRaftLogWorker:Storage Directory /tmp/workdir/hadoop-ozone/integration-test/target/test-dir/MiniOzoneClusterImpl-aa1df1c5-0857-4523-9eb6-d70e8c83b275/datanode-3/data/ratis/9bc0a0ea-9a37-4824-8e6b-613427dcbb34: flushIndex: setUnconditionally 0 -> -1
2019-07-12 13:11:05,348 INFO  server.RaftServerConfigKeys (ConfUtils.java:logGet(43)) - raft.server.log.segment.size.max = 1048576 (custom)
2019-07-12 13:11:05,348 INFO  server.RaftServerConfigKeys (ConfUtils.java:logGet(43)) - raft.server.log.segment.size.max = 1048576 (custom)
2019-07-12 13:11:05,348 INFO  server.RaftServerConfigKeys (ConfUtils.java:logGet(43)) - raft.server.snapshot.auto.trigger.enabled = true (custom)
2019-07-12 13:11:05,348 INFO  server.RaftServerConfigKeys (ConfUtils.java:logGet(43)) - raft.server.log.preallocated.size = 16384 (custom)
2019-07-12 13:11:05,349 INFO  server.RaftServerConfigKeys (ConfUtils.java:logGet(43)) - raft.server.snapshot.auto.trigger.threshold = 10000 (custom)
2019-07-12 13:11:05,348 INFO  server.RaftServerConfigKeys (ConfUtils.java:logGet(43)) - raft.server.log.preallocated.size = 16384 (custom)
2019-07-12 13:11:05,349 INFO  server.RaftServerConfigKeys (ConfUtils.java:logGet(43)) - raft.server.retrycache.expirytime = 600000ms (custom)
2019-07-12 13:11:05,349 INFO  server.RaftServerConfigKeys (ConfUtils.java:logGet(43)) - raft.server.log.write.buffer.size = 33554432 (custom)
2019-07-12 13:11:05,349 INFO  impl.RaftServerImpl (RaftServerImpl.java:start(180)) - 2d930774-d643-4c73-b233-5605f9748a71: start group-613427DCBB34
2019-07-12 13:11:05,349 INFO  server.RaftServerConfigKeys (ConfUtils.java:logGet(43)) - raft.server.log.write.buffer.size = 33554432 (custom)
2019-07-12 13:11:05,350 INFO  impl.RaftServerImpl (RaftServerImpl.java:setRole(171)) - 2d930774-d643-4c73-b233-5605f9748a71:group-613427DCBB34 changes role from null to FOLLOWER at term 0 for startAsFollower
2019-07-12 13:11:05,349 INFO  server.RaftServerConfigKeys (ConfUtils.java:logGet(43)) - raft.server.log.force.sync.num = 128 (default)
2019-07-12 13:11:05,350 INFO  impl.RoleInfo (RoleInfo.java:updateAndGet(143)) - 2d930774-d643-4c73-b233-5605f9748a71: start FollowerState
2019-07-12 13:11:05,350 INFO  server.RaftServerConfigKeys (ConfUtils.java:logGet(43)) - raft.server.log.force.sync.num = 128 (default)
2019-07-12 13:11:05,350 INFO  server.RaftServerConfigKeys (ConfUtils.java:logGet(43)) - raft.server.log.statemachine.data.sync = true (default)
2019-07-12 13:11:05,351 INFO  util.JmxRegister (JmxRegister.java:tryRegister(44)) - Successfully registered JMX Bean with object name Ratis:service=RaftServer,group=group-613427DCBB34,id=2d930774-d643-4c73-b233-5605f9748a71
2019-07-12 13:11:05,350 INFO  server.RaftServerConfigKeys (ConfUtils.java:logGet(43)) - raft.server.log.statemachine.data.sync = true (default)
2019-07-12 13:11:05,351 INFO  server.RaftServerConfigKeys (ConfUtils.java:logGet(43)) - raft.server.log.statemachine.data.sync.timeout = 10s (default)
2019-07-12 13:11:05,351 INFO  server.RaftServerConfigKeys (ConfUtils.java:logGet(43)) - raft.server.log.statemachine.data.sync.timeout = 10s (default)
2019-07-12 13:11:05,351 INFO  server.RaftServerConfigKeys (ConfUtils.java:logGet(43)) - raft.server.log.statemachine.data.sync.timeout.retry = -1 (default)
2019-07-12 13:11:05,351 INFO  server.RaftServerConfigKeys (ConfUtils.java:logGet(43)) - raft.server.log.statemachine.data.sync.timeout.retry = -1 (default)
2019-07-12 13:11:05,352 INFO  server.RaftServerConfigKeys (ConfUtils.java:logGet(43)) - raft.server.log.statemachine.data.caching.enabled = true (custom)
2019-07-12 13:11:05,352 INFO  server.RaftServerConfigKeys (ConfUtils.java:logGet(43)) - raft.server.log.statemachine.data.caching.enabled = true (custom)
2019-07-12 13:11:05,352 INFO  segmented.SegmentedRaftLogWorker (SegmentedRaftLogWorker.java:lambda$new$0(132)) - 871b3a72-703e-465c-925f-bb68f4958a2e-SegmentedRaftLogWorker:Storage Directory /tmp/workdir/hadoop-ozone/integration-test/target/test-dir/MiniOzoneClusterImpl-aa1df1c5-0857-4523-9eb6-d70e8c83b275/datanode-1/data/ratis/9bc0a0ea-9a37-4824-8e6b-613427dcbb34: flushIndex: setUnconditionally 0 -> -1
2019-07-12 13:11:05,352 INFO  segmented.SegmentedRaftLogWorker (SegmentedRaftLogWorker.java:lambda$new$0(132)) - de50b7de-f9d2-4802-a524-6de75e18a426-SegmentedRaftLogWorker:Storage Directory /tmp/workdir/hadoop-ozone/integration-test/target/test-dir/MiniOzoneClusterImpl-aa1df1c5-0857-4523-9eb6-d70e8c83b275/datanode-5/data/ratis/9bc0a0ea-9a37-4824-8e6b-613427dcbb34: flushIndex: setUnconditionally 0 -> -1
2019-07-12 13:11:05,352 INFO  server.RaftServerConfigKeys (ConfUtils.java:logGet(43)) - raft.server.snapshot.auto.trigger.enabled = true (custom)
2019-07-12 13:11:05,353 INFO  server.RaftServerConfigKeys (ConfUtils.java:logGet(43)) - raft.server.snapshot.auto.trigger.threshold = 10000 (custom)
2019-07-12 13:11:05,353 INFO  server.RaftServerConfigKeys (ConfUtils.java:logGet(43)) - raft.server.snapshot.auto.trigger.enabled = true (custom)
2019-07-12 13:11:05,353 INFO  server.RaftServerConfigKeys (ConfUtils.java:logGet(43)) - raft.server.retrycache.expirytime = 600000ms (custom)
2019-07-12 13:11:05,353 INFO  server.RaftServerConfigKeys (ConfUtils.java:logGet(43)) - raft.server.snapshot.auto.trigger.threshold = 10000 (custom)
2019-07-12 13:11:05,355 INFO  impl.RaftServerImpl (RaftServerImpl.java:start(180)) - 871b3a72-703e-465c-925f-bb68f4958a2e: start group-613427DCBB34
2019-07-12 13:11:05,355 INFO  server.RaftServerConfigKeys (ConfUtils.java:logGet(43)) - raft.server.retrycache.expirytime = 600000ms (custom)
2019-07-12 13:11:05,357 INFO  impl.RaftServerImpl (RaftServerImpl.java:setRole(171)) - 871b3a72-703e-465c-925f-bb68f4958a2e:group-613427DCBB34 changes role from null to FOLLOWER at term 0 for startAsFollower
2019-07-12 13:11:05,358 INFO  impl.RaftServerImpl (RaftServerImpl.java:start(180)) - de50b7de-f9d2-4802-a524-6de75e18a426: start group-613427DCBB34
2019-07-12 13:11:05,358 INFO  impl.RoleInfo (RoleInfo.java:updateAndGet(143)) - 871b3a72-703e-465c-925f-bb68f4958a2e: start FollowerState
2019-07-12 13:11:05,358 INFO  impl.RaftServerImpl (RaftServerImpl.java:setRole(171)) - de50b7de-f9d2-4802-a524-6de75e18a426:group-613427DCBB34 changes role from null to FOLLOWER at term 0 for startAsFollower
2019-07-12 13:11:05,361 INFO  impl.RoleInfo (RoleInfo.java:updateAndGet(143)) - de50b7de-f9d2-4802-a524-6de75e18a426: start FollowerState
2019-07-12 13:11:05,361 INFO  util.JmxRegister (JmxRegister.java:tryRegister(44)) - Successfully registered JMX Bean with object name Ratis:service=RaftServer,group=group-613427DCBB34,id=871b3a72-703e-465c-925f-bb68f4958a2e
2019-07-12 13:11:05,361 INFO  util.JmxRegister (JmxRegister.java:tryRegister(44)) - Successfully registered JMX Bean with object name Ratis:service=RaftServer,group=group-613427DCBB34,id=de50b7de-f9d2-4802-a524-6de75e18a426
2019-07-12 13:11:05,381 INFO  pipeline.PipelineStateManager (PipelineStateManager.java:addPipeline(56)) - Created pipeline Pipeline[ Id: 9bc0a0ea-9a37-4824-8e6b-613427dcbb34, Nodes: de50b7de-f9d2-4802-a524-6de75e18a426{ip: 192.168.157.212, host: pr-hdds-17356bwxm-3764869708, networkLocation: /default-rack, certSerialId: null}2d930774-d643-4c73-b233-5605f9748a71{ip: 192.168.157.212, host: pr-hdds-17356bwxm-3764869708, networkLocation: /default-rack, certSerialId: null}871b3a72-703e-465c-925f-bb68f4958a2e{ip: 192.168.157.212, host: pr-hdds-17356bwxm-3764869708, networkLocation: /default-rack, certSerialId: null}, Type:RATIS, Factor:THREE, State:OPEN]
2019-07-12 13:11:05,415 INFO  impl.RaftServerProxy (RaftServerProxy.java:addNew(89)) - 69a3b7e3-dc0f-4653-8b76-128e42208dfc: addNew group-DE3236DE1D46:[f5429de9-b416-4308-9dc7-db4723522379:192.168.157.212:38276, 236a9b69-16f2-46bd-9ce4-e686e621f0e6:192.168.157.212:45982, 69a3b7e3-dc0f-4653-8b76-128e42208dfc:192.168.157.212:34540] returns group-DE3236DE1D46:java.util.concurrent.CompletableFuture@392f0e52[Not completed]
2019-07-12 13:11:05,415 INFO  impl.RaftServerProxy (RaftServerProxy.java:addNew(89)) - 236a9b69-16f2-46bd-9ce4-e686e621f0e6: addNew group-DE3236DE1D46:[f5429de9-b416-4308-9dc7-db4723522379:192.168.157.212:38276, 236a9b69-16f2-46bd-9ce4-e686e621f0e6:192.168.157.212:45982, 69a3b7e3-dc0f-4653-8b76-128e42208dfc:192.168.157.212:34540] returns group-DE3236DE1D46:java.util.concurrent.CompletableFuture@6eeea7a7[Not completed]
2019-07-12 13:11:05,422 INFO  impl.RaftServerImpl (RaftServerImpl.java:<init>(93)) - 69a3b7e3-dc0f-4653-8b76-128e42208dfc: new RaftServerImpl for group-DE3236DE1D46:[f5429de9-b416-4308-9dc7-db4723522379:192.168.157.212:38276, 236a9b69-16f2-46bd-9ce4-e686e621f0e6:192.168.157.212:45982, 69a3b7e3-dc0f-4653-8b76-128e42208dfc:192.168.157.212:34540] with ContainerStateMachine:uninitialized
2019-07-12 13:11:05,423 INFO  server.RaftServerConfigKeys (ConfUtils.java:logGet(43)) - raft.server.rpc.timeout.min = 5s (custom)
2019-07-12 13:11:05,423 INFO  server.RaftServerConfigKeys (ConfUtils.java:logGet(43)) - raft.server.rpc.timeout.max = 5200ms (custom)
2019-07-12 13:11:05,423 INFO  server.RaftServerConfigKeys (ConfUtils.java:logGet(43)) - raft.server.rpcslowness.timeout = 120s (custom)
2019-07-12 13:11:05,423 INFO  impl.RaftServerProxy (RaftServerProxy.java:addNew(89)) - f5429de9-b416-4308-9dc7-db4723522379: addNew group-DE3236DE1D46:[f5429de9-b416-4308-9dc7-db4723522379:192.168.157.212:38276, 236a9b69-16f2-46bd-9ce4-e686e621f0e6:192.168.157.212:45982, 69a3b7e3-dc0f-4653-8b76-128e42208dfc:192.168.157.212:34540] returns group-DE3236DE1D46:java.util.concurrent.CompletableFuture@6dc7b783[Not completed]
2019-07-12 13:11:05,424 INFO  server.RaftServerConfigKeys (ConfUtils.java:logGet(43)) - raft.server.sleep.deviation.threshold = 300 (default)
2019-07-12 13:11:05,425 INFO  impl.RaftServerImpl (RaftServerImpl.java:<init>(93)) - 236a9b69-16f2-46bd-9ce4-e686e621f0e6: new RaftServerImpl for group-DE3236DE1D46:[f5429de9-b416-4308-9dc7-db4723522379:192.168.157.212:38276, 236a9b69-16f2-46bd-9ce4-e686e621f0e6:192.168.157.212:45982, 69a3b7e3-dc0f-4653-8b76-128e42208dfc:192.168.157.212:34540] with ContainerStateMachine:uninitialized
2019-07-12 13:11:05,425 INFO  server.RaftServerConfigKeys (ConfUtils.java:logGet(43)) - raft.server.log.appender.install.snapshot.enabled = false (custom)
2019-07-12 13:11:05,425 INFO  server.RaftServerConfigKeys (ConfUtils.java:logGet(43)) - raft.server.rpc.timeout.min = 5s (custom)
2019-07-12 13:11:05,425 INFO  impl.RaftServerImpl (ServerState.java:<init>(105)) - 69a3b7e3-dc0f-4653-8b76-128e42208dfc:group-DE3236DE1D46 ConfigurationManager, init=-1: [f5429de9-b416-4308-9dc7-db4723522379:192.168.157.212:38276, 236a9b69-16f2-46bd-9ce4-e686e621f0e6:192.168.157.212:45982, 69a3b7e3-dc0f-4653-8b76-128e42208dfc:192.168.157.212:34540], old=null, confs=<EMPTY_MAP>
2019-07-12 13:11:05,425 INFO  server.RaftServerConfigKeys (ConfUtils.java:logGet(43)) - raft.server.rpc.timeout.max = 5200ms (custom)
2019-07-12 13:11:05,425 INFO  server.RaftServerConfigKeys (ConfUtils.java:logGet(43)) - raft.server.storage.dir = [/tmp/workdir/hadoop-ozone/integration-test/target/test-dir/MiniOzoneClusterImpl-aa1df1c5-0857-4523-9eb6-d70e8c83b275/datanode-6/data/ratis] (custom)
2019-07-12 13:11:05,425 INFO  server.RaftServerConfigKeys (ConfUtils.java:logGet(43)) - raft.server.rpcslowness.timeout = 120s (custom)
2019-07-12 13:11:05,426 INFO  impl.RaftServerImpl (RaftServerImpl.java:<init>(93)) - f5429de9-b416-4308-9dc7-db4723522379: new RaftServerImpl for group-DE3236DE1D46:[f5429de9-b416-4308-9dc7-db4723522379:192.168.157.212:38276, 236a9b69-16f2-46bd-9ce4-e686e621f0e6:192.168.157.212:45982, 69a3b7e3-dc0f-4653-8b76-128e42208dfc:192.168.157.212:34540] with ContainerStateMachine:uninitialized
2019-07-12 13:11:05,426 INFO  storage.RaftStorageDirectory (RaftStorageDirectory.java:analyzeStorage(246)) - The storage directory /tmp/workdir/hadoop-ozone/integration-test/target/test-dir/MiniOzoneClusterImpl-aa1df1c5-0857-4523-9eb6-d70e8c83b275/datanode-6/data/ratis/8884bc14-df19-4d03-a17c-de3236de1d46 does not exist. Creating ...
2019-07-12 13:11:05,426 INFO  server.RaftServerConfigKeys (ConfUtils.java:logGet(43)) - raft.server.sleep.deviation.threshold = 300 (default)
2019-07-12 13:11:05,426 INFO  server.RaftServerConfigKeys (ConfUtils.java:logGet(43)) - raft.server.rpc.timeout.min = 5s (custom)
2019-07-12 13:11:05,426 INFO  server.RaftServerConfigKeys (ConfUtils.java:logGet(43)) - raft.server.log.appender.install.snapshot.enabled = false (custom)
2019-07-12 13:11:05,426 INFO  server.RaftServerConfigKeys (ConfUtils.java:logGet(43)) - raft.server.rpc.timeout.max = 5200ms (custom)
2019-07-12 13:11:05,426 INFO  impl.RaftServerImpl (ServerState.java:<init>(105)) - 236a9b69-16f2-46bd-9ce4-e686e621f0e6:group-DE3236DE1D46 ConfigurationManager, init=-1: [f5429de9-b416-4308-9dc7-db4723522379:192.168.157.212:38276, 236a9b69-16f2-46bd-9ce4-e686e621f0e6:192.168.157.212:45982, 69a3b7e3-dc0f-4653-8b76-128e42208dfc:192.168.157.212:34540], old=null, confs=<EMPTY_MAP>
2019-07-12 13:11:05,427 INFO  server.RaftServerConfigKeys (ConfUtils.java:logGet(43)) - raft.server.rpcslowness.timeout = 120s (custom)
2019-07-12 13:11:05,427 INFO  server.RaftServerConfigKeys (ConfUtils.java:logGet(43)) - raft.server.storage.dir = [/tmp/workdir/hadoop-ozone/integration-test/target/test-dir/MiniOzoneClusterImpl-aa1df1c5-0857-4523-9eb6-d70e8c83b275/datanode-2/data/ratis] (custom)
2019-07-12 13:11:05,427 INFO  server.RaftServerConfigKeys (ConfUtils.java:logGet(43)) - raft.server.sleep.deviation.threshold = 300 (default)
2019-07-12 13:11:05,427 INFO  server.RaftServerConfigKeys (ConfUtils.java:logGet(43)) - raft.server.log.appender.install.snapshot.enabled = false (custom)
2019-07-12 13:11:05,427 INFO  storage.RaftStorageDirectory (RaftStorageDirectory.java:analyzeStorage(246)) - The storage directory /tmp/workdir/hadoop-ozone/integration-test/target/test-dir/MiniOzoneClusterImpl-aa1df1c5-0857-4523-9eb6-d70e8c83b275/datanode-2/data/ratis/8884bc14-df19-4d03-a17c-de3236de1d46 does not exist. Creating ...
2019-07-12 13:11:05,427 INFO  impl.RaftServerImpl (ServerState.java:<init>(105)) - f5429de9-b416-4308-9dc7-db4723522379:group-DE3236DE1D46 ConfigurationManager, init=-1: [f5429de9-b416-4308-9dc7-db4723522379:192.168.157.212:38276, 236a9b69-16f2-46bd-9ce4-e686e621f0e6:192.168.157.212:45982, 69a3b7e3-dc0f-4653-8b76-128e42208dfc:192.168.157.212:34540], old=null, confs=<EMPTY_MAP>
2019-07-12 13:11:05,428 INFO  server.RaftServerConfigKeys (ConfUtils.java:logGet(43)) - raft.server.storage.dir = [/tmp/workdir/hadoop-ozone/integration-test/target/test-dir/MiniOzoneClusterImpl-aa1df1c5-0857-4523-9eb6-d70e8c83b275/datanode-4/data/ratis] (custom)
2019-07-12 13:11:05,428 INFO  storage.RaftStorageDirectory (RaftStorageDirectory.java:analyzeStorage(246)) - The storage directory /tmp/workdir/hadoop-ozone/integration-test/target/test-dir/MiniOzoneClusterImpl-aa1df1c5-0857-4523-9eb6-d70e8c83b275/datanode-4/data/ratis/8884bc14-df19-4d03-a17c-de3236de1d46 does not exist. Creating ...
2019-07-12 13:11:05,447 INFO  storage.RaftStorageDirectory (RaftStorageDirectory.java:tryLock(328)) - Lock on /tmp/workdir/hadoop-ozone/integration-test/target/test-dir/MiniOzoneClusterImpl-aa1df1c5-0857-4523-9eb6-d70e8c83b275/datanode-4/data/ratis/8884bc14-df19-4d03-a17c-de3236de1d46/in_use.lock acquired by nodename 23715@pr-hdds-17356bwxm-3764869708
2019-07-12 13:11:05,448 INFO  storage.RaftStorageDirectory (RaftStorageDirectory.java:tryLock(328)) - Lock on /tmp/workdir/hadoop-ozone/integration-test/target/test-dir/MiniOzoneClusterImpl-aa1df1c5-0857-4523-9eb6-d70e8c83b275/datanode-6/data/ratis/8884bc14-df19-4d03-a17c-de3236de1d46/in_use.lock acquired by nodename 23715@pr-hdds-17356bwxm-3764869708
2019-07-12 13:11:05,447 INFO  storage.RaftStorageDirectory (RaftStorageDirectory.java:tryLock(328)) - Lock on /tmp/workdir/hadoop-ozone/integration-test/target/test-dir/MiniOzoneClusterImpl-aa1df1c5-0857-4523-9eb6-d70e8c83b275/datanode-2/data/ratis/8884bc14-df19-4d03-a17c-de3236de1d46/in_use.lock acquired by nodename 23715@pr-hdds-17356bwxm-3764869708
2019-07-12 13:11:05,462 INFO  storage.RaftStorage (RaftStorage.java:format(72)) - Storage directory /tmp/workdir/hadoop-ozone/integration-test/target/test-dir/MiniOzoneClusterImpl-aa1df1c5-0857-4523-9eb6-d70e8c83b275/datanode-6/data/ratis/8884bc14-df19-4d03-a17c-de3236de1d46 has been successfully formatted.
2019-07-12 13:11:05,462 INFO  storage.RaftStorage (RaftStorage.java:format(72)) - Storage directory /tmp/workdir/hadoop-ozone/integration-test/target/test-dir/MiniOzoneClusterImpl-aa1df1c5-0857-4523-9eb6-d70e8c83b275/datanode-4/data/ratis/8884bc14-df19-4d03-a17c-de3236de1d46 has been successfully formatted.
2019-07-12 13:11:05,462 INFO  storage.RaftStorage (RaftStorage.java:format(72)) - Storage directory /tmp/workdir/hadoop-ozone/integration-test/target/test-dir/MiniOzoneClusterImpl-aa1df1c5-0857-4523-9eb6-d70e8c83b275/datanode-2/data/ratis/8884bc14-df19-4d03-a17c-de3236de1d46 has been successfully formatted.
2019-07-12 13:11:05,462 INFO  ratis.ContainerStateMachine (ContainerStateMachine.java:loadSnapshot(200)) - The snapshot info is null.Setting the last applied index to:(t:0, i:~)
2019-07-12 13:11:05,462 INFO  ratis.ContainerStateMachine (ContainerStateMachine.java:loadSnapshot(200)) - The snapshot info is null.Setting the last applied index to:(t:0, i:~)
2019-07-12 13:11:05,462 INFO  server.RaftServerConfigKeys (ConfUtils.java:logGet(43)) - raft.server.leader.election.timeout = 120s (custom)
2019-07-12 13:11:05,462 INFO  ratis.ContainerStateMachine (ContainerStateMachine.java:loadSnapshot(200)) - The snapshot info is null.Setting the last applied index to:(t:0, i:~)
2019-07-12 13:11:05,463 INFO  server.RaftServerConfigKeys (ConfUtils.java:logGet(43)) - raft.server.log.use.memory = false (default)
2019-07-12 13:11:05,462 INFO  server.RaftServerConfigKeys (ConfUtils.java:logGet(43)) - raft.server.leader.election.timeout = 120s (custom)
2019-07-12 13:11:05,463 INFO  server.RaftServerConfigKeys (ConfUtils.java:logGet(43)) - raft.server.log.purge.gap = 1000000000 (custom)
2019-07-12 13:11:05,463 INFO  server.RaftServerConfigKeys (ConfUtils.java:logGet(43)) - raft.server.leader.election.timeout = 120s (custom)
2019-07-12 13:11:05,463 INFO  server.RaftServerConfigKeys (ConfUtils.java:logGet(43)) - raft.server.log.appender.buffer.byte-limit = 33554432 (custom)
2019-07-12 13:11:05,463 INFO  server.RaftServerConfigKeys (ConfUtils.java:logGet(43)) - raft.server.log.use.memory = false (default)
2019-07-12 13:11:05,464 INFO  server.RaftServerConfigKeys (ConfUtils.java:logGet(43)) - raft.server.log.segment.size.max = 1048576 (custom)
2019-07-12 13:11:05,463 INFO  server.RaftServerConfigKeys (ConfUtils.java:logGet(43)) - raft.server.log.use.memory = false (default)
2019-07-12 13:11:05,464 INFO  server.RaftServerConfigKeys (ConfUtils.java:logGet(43)) - raft.server.log.segment.cache.num.max = 2 (custom)
2019-07-12 13:11:05,464 INFO  server.RaftServerConfigKeys (ConfUtils.java:logGet(43)) - raft.server.log.purge.gap = 1000000000 (custom)
2019-07-12 13:11:05,464 INFO  segmented.SegmentedRaftLogWorker (SegmentedRaftLogWorker.java:<init>(172)) - new 69a3b7e3-dc0f-4653-8b76-128e42208dfc-SegmentedRaftLogWorker:Storage Directory /tmp/workdir/hadoop-ozone/integration-test/target/test-dir/MiniOzoneClusterImpl-aa1df1c5-0857-4523-9eb6-d70e8c83b275/datanode-6/data/ratis/8884bc14-df19-4d03-a17c-de3236de1d46 for RaftStorage:Storage Directory /tmp/workdir/hadoop-ozone/integration-test/target/test-dir/MiniOzoneClusterImpl-aa1df1c5-0857-4523-9eb6-d70e8c83b275/datanode-6/data/ratis/8884bc14-df19-4d03-a17c-de3236de1d46
2019-07-12 13:11:05,464 INFO  server.RaftServerConfigKeys (ConfUtils.java:logGet(43)) - raft.server.log.purge.gap = 1000000000 (custom)
2019-07-12 13:11:05,464 INFO  server.RaftServerConfigKeys (ConfUtils.java:logGet(43)) - raft.server.log.queue.byte-limit = 2147483647 (custom)
2019-07-12 13:11:05,464 INFO  server.RaftServerConfigKeys (ConfUtils.java:logGet(43)) - raft.server.log.appender.buffer.byte-limit = 33554432 (custom)
2019-07-12 13:11:05,467 INFO  server.RaftServerConfigKeys (ConfUtils.java:logGet(43)) - raft.server.log.queue.element-limit = 1024 (custom)
2019-07-12 13:11:05,465 INFO  server.RaftServerConfigKeys (ConfUtils.java:logGet(43)) - raft.server.log.appender.buffer.byte-limit = 33554432 (custom)
2019-07-12 13:11:05,467 INFO  server.RaftServerConfigKeys (ConfUtils.java:logGet(43)) - raft.server.log.segment.size.max = 1048576 (custom)
2019-07-12 13:11:05,467 INFO  server.RaftServerConfigKeys (ConfUtils.java:logGet(43)) - raft.server.log.segment.size.max = 1048576 (custom)
2019-07-12 13:11:05,468 INFO  server.RaftServerConfigKeys (ConfUtils.java:logGet(43)) - raft.server.log.preallocated.size = 16384 (custom)
2019-07-12 13:11:05,467 INFO  server.RaftServerConfigKeys (ConfUtils.java:logGet(43)) - raft.server.log.segment.size.max = 1048576 (custom)
2019-07-12 13:11:05,468 INFO  server.RaftServerConfigKeys (ConfUtils.java:logGet(43)) - raft.server.log.write.buffer.size = 33554432 (custom)
2019-07-12 13:11:05,468 INFO  server.RaftServerConfigKeys (ConfUtils.java:logGet(43)) - raft.server.log.force.sync.num = 128 (default)
2019-07-12 13:11:05,468 INFO  server.RaftServerConfigKeys (ConfUtils.java:logGet(43)) - raft.server.log.segment.cache.num.max = 2 (custom)
2019-07-12 13:11:05,468 INFO  server.RaftServerConfigKeys (ConfUtils.java:logGet(43)) - raft.server.log.statemachine.data.sync = true (default)
2019-07-12 13:11:05,468 INFO  server.RaftServerConfigKeys (ConfUtils.java:logGet(43)) - raft.server.log.segment.cache.num.max = 2 (custom)
2019-07-12 13:11:05,469 INFO  server.RaftServerConfigKeys (ConfUtils.java:logGet(43)) - raft.server.log.statemachine.data.sync.timeout = 10s (default)
2019-07-12 13:11:05,469 INFO  segmented.SegmentedRaftLogWorker (SegmentedRaftLogWorker.java:<init>(172)) - new f5429de9-b416-4308-9dc7-db4723522379-SegmentedRaftLogWorker:Storage Directory /tmp/workdir/hadoop-ozone/integration-test/target/test-dir/MiniOzoneClusterImpl-aa1df1c5-0857-4523-9eb6-d70e8c83b275/datanode-4/data/ratis/8884bc14-df19-4d03-a17c-de3236de1d46 for RaftStorage:Storage Directory /tmp/workdir/hadoop-ozone/integration-test/target/test-dir/MiniOzoneClusterImpl-aa1df1c5-0857-4523-9eb6-d70e8c83b275/datanode-4/data/ratis/8884bc14-df19-4d03-a17c-de3236de1d46
2019-07-12 13:11:05,469 INFO  server.RaftServerConfigKeys (ConfUtils.java:logGet(43)) - raft.server.log.statemachine.data.sync.timeout.retry = -1 (default)
2019-07-12 13:11:05,469 INFO  segmented.SegmentedRaftLogWorker (SegmentedRaftLogWorker.java:<init>(172)) - new 236a9b69-16f2-46bd-9ce4-e686e621f0e6-SegmentedRaftLogWorker:Storage Directory /tmp/workdir/hadoop-ozone/integration-test/target/test-dir/MiniOzoneClusterImpl-aa1df1c5-0857-4523-9eb6-d70e8c83b275/datanode-2/data/ratis/8884bc14-df19-4d03-a17c-de3236de1d46 for RaftStorage:Storage Directory /tmp/workdir/hadoop-ozone/integration-test/target/test-dir/MiniOzoneClusterImpl-aa1df1c5-0857-4523-9eb6-d70e8c83b275/datanode-2/data/ratis/8884bc14-df19-4d03-a17c-de3236de1d46
2019-07-12 13:11:05,471 INFO  server.RaftServerConfigKeys (ConfUtils.java:logGet(43)) - raft.server.log.statemachine.data.caching.enabled = true (custom)
2019-07-12 13:11:05,469 INFO  server.RaftServerConfigKeys (ConfUtils.java:logGet(43)) - raft.server.log.queue.byte-limit = 2147483647 (custom)
2019-07-12 13:11:05,474 INFO  segmented.SegmentedRaftLogWorker (SegmentedRaftLogWorker.java:lambda$new$0(132)) - 69a3b7e3-dc0f-4653-8b76-128e42208dfc-SegmentedRaftLogWorker:Storage Directory /tmp/workdir/hadoop-ozone/integration-test/target/test-dir/MiniOzoneClusterImpl-aa1df1c5-0857-4523-9eb6-d70e8c83b275/datanode-6/data/ratis/8884bc14-df19-4d03-a17c-de3236de1d46: flushIndex: setUnconditionally 0 -> -1
2019-07-12 13:11:05,471 INFO  server.RaftServerConfigKeys (ConfUtils.java:logGet(43)) - raft.server.log.queue.byte-limit = 2147483647 (custom)
2019-07-12 13:11:05,474 INFO  server.RaftServerConfigKeys (ConfUtils.java:logGet(43)) - raft.server.log.queue.element-limit = 1024 (custom)
2019-07-12 13:11:05,474 INFO  server.RaftServerConfigKeys (ConfUtils.java:logGet(43)) - raft.server.snapshot.auto.trigger.enabled = true (custom)
2019-07-12 13:11:05,474 INFO  server.RaftServerConfigKeys (ConfUtils.java:logGet(43)) - raft.server.log.queue.element-limit = 1024 (custom)
2019-07-12 13:11:05,474 INFO  server.RaftServerConfigKeys (ConfUtils.java:logGet(43)) - raft.server.snapshot.auto.trigger.threshold = 10000 (custom)
2019-07-12 13:11:05,474 INFO  server.RaftServerConfigKeys (ConfUtils.java:logGet(43)) - raft.server.log.segment.size.max = 1048576 (custom)
2019-07-12 13:11:05,475 INFO  server.RaftServerConfigKeys (ConfUtils.java:logGet(43)) - raft.server.retrycache.expirytime = 600000ms (custom)
2019-07-12 13:11:05,474 INFO  server.RaftServerConfigKeys (ConfUtils.java:logGet(43)) - raft.server.log.segment.size.max = 1048576 (custom)
2019-07-12 13:11:05,475 INFO  impl.RaftServerImpl (RaftServerImpl.java:start(180)) - 69a3b7e3-dc0f-4653-8b76-128e42208dfc: start group-DE3236DE1D46
2019-07-12 13:11:05,475 INFO  server.RaftServerConfigKeys (ConfUtils.java:logGet(43)) - raft.server.log.preallocated.size = 16384 (custom)
2019-07-12 13:11:05,475 INFO  impl.RaftServerImpl (RaftServerImpl.java:setRole(171)) - 69a3b7e3-dc0f-4653-8b76-128e42208dfc:group-DE3236DE1D46 changes role from null to FOLLOWER at term 0 for startAsFollower
2019-07-12 13:11:05,475 INFO  server.RaftServerConfigKeys (ConfUtils.java:logGet(43)) - raft.server.log.preallocated.size = 16384 (custom)
2019-07-12 13:11:05,475 INFO  impl.RoleInfo (RoleInfo.java:updateAndGet(143)) - 69a3b7e3-dc0f-4653-8b76-128e42208dfc: start FollowerState
2019-07-12 13:11:05,475 INFO  server.RaftServerConfigKeys (ConfUtils.java:logGet(43)) - raft.server.log.write.buffer.size = 33554432 (custom)
2019-07-12 13:11:05,476 INFO  server.RaftServerConfigKeys (ConfUtils.java:logGet(43)) - raft.server.log.write.buffer.size = 33554432 (custom)
2019-07-12 13:11:05,476 INFO  util.JmxRegister (JmxRegister.java:tryRegister(44)) - Successfully registered JMX Bean with object name Ratis:service=RaftServer,group=group-DE3236DE1D46,id=69a3b7e3-dc0f-4653-8b76-128e42208dfc
2019-07-12 13:11:05,476 INFO  server.RaftServerConfigKeys (ConfUtils.java:logGet(43)) - raft.server.log.force.sync.num = 128 (default)
2019-07-12 13:11:05,476 INFO  server.RaftServerConfigKeys (ConfUtils.java:logGet(43)) - raft.server.log.force.sync.num = 128 (default)
2019-07-12 13:11:05,476 INFO  server.RaftServerConfigKeys (ConfUtils.java:logGet(43)) - raft.server.log.statemachine.data.sync = true (default)
2019-07-12 13:11:05,477 INFO  server.RaftServerConfigKeys (ConfUtils.java:logGet(43)) - raft.server.log.statemachine.data.sync = true (default)
2019-07-12 13:11:05,477 INFO  server.RaftServerConfigKeys (ConfUtils.java:logGet(43)) - raft.server.log.statemachine.data.sync.timeout = 10s (default)
2019-07-12 13:11:05,477 INFO  server.RaftServerConfigKeys (ConfUtils.java:logGet(43)) - raft.server.log.statemachine.data.sync.timeout = 10s (default)
2019-07-12 13:11:05,477 INFO  server.RaftServerConfigKeys (ConfUtils.java:logGet(43)) - raft.server.log.statemachine.data.sync.timeout.retry = -1 (default)
2019-07-12 13:11:05,477 INFO  server.RaftServerConfigKeys (ConfUtils.java:logGet(43)) - raft.server.log.statemachine.data.sync.timeout.retry = -1 (default)
2019-07-12 13:11:05,478 INFO  server.RaftServerConfigKeys (ConfUtils.java:logGet(43)) - raft.server.log.statemachine.data.caching.enabled = true (custom)
2019-07-12 13:11:05,478 INFO  server.RaftServerConfigKeys (ConfUtils.java:logGet(43)) - raft.server.log.statemachine.data.caching.enabled = true (custom)
2019-07-12 13:11:05,478 INFO  segmented.SegmentedRaftLogWorker (SegmentedRaftLogWorker.java:lambda$new$0(132)) - f5429de9-b416-4308-9dc7-db4723522379-SegmentedRaftLogWorker:Storage Directory /tmp/workdir/hadoop-ozone/integration-test/target/test-dir/MiniOzoneClusterImpl-aa1df1c5-0857-4523-9eb6-d70e8c83b275/datanode-4/data/ratis/8884bc14-df19-4d03-a17c-de3236de1d46: flushIndex: setUnconditionally 0 -> -1
2019-07-12 13:11:05,478 INFO  segmented.SegmentedRaftLogWorker (SegmentedRaftLogWorker.java:lambda$new$0(132)) - 236a9b69-16f2-46bd-9ce4-e686e621f0e6-SegmentedRaftLogWorker:Storage Directory /tmp/workdir/hadoop-ozone/integration-test/target/test-dir/MiniOzoneClusterImpl-aa1df1c5-0857-4523-9eb6-d70e8c83b275/datanode-2/data/ratis/8884bc14-df19-4d03-a17c-de3236de1d46: flushIndex: setUnconditionally 0 -> -1
2019-07-12 13:11:05,478 INFO  server.RaftServerConfigKeys (ConfUtils.java:logGet(43)) - raft.server.snapshot.auto.trigger.enabled = true (custom)
2019-07-12 13:11:05,479 INFO  server.RaftServerConfigKeys (ConfUtils.java:logGet(43)) - raft.server.snapshot.auto.trigger.enabled = true (custom)
2019-07-12 13:11:05,479 INFO  server.RaftServerConfigKeys (ConfUtils.java:logGet(43)) - raft.server.snapshot.auto.trigger.threshold = 10000 (custom)
2019-07-12 13:11:05,481 INFO  server.RaftServerConfigKeys (ConfUtils.java:logGet(43)) - raft.server.snapshot.auto.trigger.threshold = 10000 (custom)
2019-07-12 13:11:05,481 INFO  server.RaftServerConfigKeys (ConfUtils.java:logGet(43)) - raft.server.retrycache.expirytime = 600000ms (custom)
2019-07-12 13:11:05,482 INFO  server.RaftServerConfigKeys (ConfUtils.java:logGet(43)) - raft.server.retrycache.expirytime = 600000ms (custom)
2019-07-12 13:11:05,484 INFO  impl.RaftServerImpl (RaftServerImpl.java:start(180)) - f5429de9-b416-4308-9dc7-db4723522379: start group-DE3236DE1D46
2019-07-12 13:11:05,484 INFO  impl.RaftServerImpl (RaftServerImpl.java:start(180)) - 236a9b69-16f2-46bd-9ce4-e686e621f0e6: start group-DE3236DE1D46
2019-07-12 13:11:05,484 INFO  impl.RaftServerImpl (RaftServerImpl.java:setRole(171)) - f5429de9-b416-4308-9dc7-db4723522379:group-DE3236DE1D46 changes role from null to FOLLOWER at term 0 for startAsFollower
2019-07-12 13:11:05,484 INFO  impl.RaftServerImpl (RaftServerImpl.java:setRole(171)) - 236a9b69-16f2-46bd-9ce4-e686e621f0e6:group-DE3236DE1D46 changes role from null to FOLLOWER at term 0 for startAsFollower
2019-07-12 13:11:05,484 INFO  impl.RoleInfo (RoleInfo.java:updateAndGet(143)) - f5429de9-b416-4308-9dc7-db4723522379: start FollowerState
2019-07-12 13:11:05,485 INFO  impl.RoleInfo (RoleInfo.java:updateAndGet(143)) - 236a9b69-16f2-46bd-9ce4-e686e621f0e6: start FollowerState
2019-07-12 13:11:05,487 INFO  util.JmxRegister (JmxRegister.java:tryRegister(44)) - Successfully registered JMX Bean with object name Ratis:service=RaftServer,group=group-DE3236DE1D46,id=f5429de9-b416-4308-9dc7-db4723522379
2019-07-12 13:11:05,487 INFO  util.JmxRegister (JmxRegister.java:tryRegister(44)) - Successfully registered JMX Bean with object name Ratis:service=RaftServer,group=group-DE3236DE1D46,id=236a9b69-16f2-46bd-9ce4-e686e621f0e6
2019-07-12 13:11:05,507 INFO  pipeline.PipelineStateManager (PipelineStateManager.java:addPipeline(56)) - Created pipeline Pipeline[ Id: 8884bc14-df19-4d03-a17c-de3236de1d46, Nodes: 69a3b7e3-dc0f-4653-8b76-128e42208dfc{ip: 192.168.157.212, host: pr-hdds-17356bwxm-3764869708, networkLocation: /default-rack, certSerialId: null}236a9b69-16f2-46bd-9ce4-e686e621f0e6{ip: 192.168.157.212, host: pr-hdds-17356bwxm-3764869708, networkLocation: /default-rack, certSerialId: null}f5429de9-b416-4308-9dc7-db4723522379{ip: 192.168.157.212, host: pr-hdds-17356bwxm-3764869708, networkLocation: /default-rack, certSerialId: null}, Type:RATIS, Factor:THREE, State:OPEN]
2019-07-12 13:11:05,825 INFO  ozone.MiniOzoneClusterImpl (MiniOzoneClusterImpl.java:lambda$waitForClusterToBeReady$0(142)) - Cluster is ready. Got 7 of 7 DN Heartbeats.
2019-07-12 13:11:06,158 INFO  rpc.RpcClient (RpcClient.java:createVolume(287)) - Creating Volume: closecontainerexceptionhandlingtest, with jenkins1000 as owner.
2019-07-12 13:11:06,214 INFO  rpc.RpcClient (RpcClient.java:createBucket(424)) - Creating Bucket: closecontainerexceptionhandlingtest/closecontainerexceptionhandlingtest, with Versioning false and Storage Type set to DISK and Encryption set to false 
2019-07-12 13:11:06,445 INFO  container.ReplicationManager (ReplicationManager.java:start(155)) - Starting Replication Monitor Thread.
2019-07-12 13:11:06,451 INFO  container.ReplicationManager (ReplicationManager.java:run(207)) - Replication Monitor Thread took 4 milliseconds for processing 1 containers.
2019-07-12 13:11:06,544 INFO  client.GrpcClientProtocolClient (GrpcClientProtocolClient.java:onNext(255)) - client-7232F2D95EAA->de50b7de-f9d2-4802-a524-6de75e18a426: receive RaftClientReply:client-7232F2D95EAA->de50b7de-f9d2-4802-a524-6de75e18a426@group-613427DCBB34, cid=13, FAILED org.apache.ratis.protocol.NotLeaderException: Server de50b7de-f9d2-4802-a524-6de75e18a426 is not the leader (null). Request must be sent to leader., logIndex=0, commits[de50b7de-f9d2-4802-a524-6de75e18a426:c-1]
2019-07-12 13:11:07,604 INFO  client.GrpcClientProtocolClient (GrpcClientProtocolClient.java:onNext(255)) - client-7232F2D95EAA->2d930774-d643-4c73-b233-5605f9748a71: receive RaftClientReply:client-7232F2D95EAA->2d930774-d643-4c73-b233-5605f9748a71@group-613427DCBB34, cid=13, FAILED org.apache.ratis.protocol.NotLeaderException: Server 2d930774-d643-4c73-b233-5605f9748a71 is not the leader (null). Request must be sent to leader., logIndex=0, commits[2d930774-d643-4c73-b233-5605f9748a71:c-1]
2019-07-12 13:11:08,643 INFO  client.GrpcClientProtocolClient (GrpcClientProtocolClient.java:onNext(255)) - client-7232F2D95EAA->de50b7de-f9d2-4802-a524-6de75e18a426: receive RaftClientReply:client-7232F2D95EAA->de50b7de-f9d2-4802-a524-6de75e18a426@group-613427DCBB34, cid=13, FAILED org.apache.ratis.protocol.NotLeaderException: Server de50b7de-f9d2-4802-a524-6de75e18a426 is not the leader (null). Request must be sent to leader., logIndex=0, commits[de50b7de-f9d2-4802-a524-6de75e18a426:c-1]
2019-07-12 13:11:09,618 INFO  impl.FollowerState (FollowerState.java:run(106)) - 12c47b40-5ec5-4a6d-be2a-f8a6fb7a0f15:group-FCAAED9E160C changes to CANDIDATE, lastRpcTime:5050, electionTimeout:5050ms
2019-07-12 13:11:09,619 INFO  impl.RoleInfo (RoleInfo.java:shutdownFollowerState(121)) - 12c47b40-5ec5-4a6d-be2a-f8a6fb7a0f15: shutdown FollowerState
2019-07-12 13:11:09,619 INFO  impl.RaftServerImpl (RaftServerImpl.java:setRole(171)) - 12c47b40-5ec5-4a6d-be2a-f8a6fb7a0f15:group-FCAAED9E160C changes role from FOLLOWER to CANDIDATE at term 0 for changeToCandidate
2019-07-12 13:11:09,627 INFO  impl.RoleInfo (RoleInfo.java:updateAndGet(143)) - 12c47b40-5ec5-4a6d-be2a-f8a6fb7a0f15: start LeaderElection
2019-07-12 13:11:09,641 INFO  impl.LeaderElection (LeaderElection.java:askForVotes(181)) - 12c47b40-5ec5-4a6d-be2a-f8a6fb7a0f15:group-FCAAED9E160C:LeaderElection1: begin an election at term 1 for -1: [12c47b40-5ec5-4a6d-be2a-f8a6fb7a0f15:192.168.157.212:37379], old=null
2019-07-12 13:11:09,643 INFO  impl.RoleInfo (RoleInfo.java:shutdownLeaderElection(134)) - 12c47b40-5ec5-4a6d-be2a-f8a6fb7a0f15: shutdown LeaderElection
2019-07-12 13:11:09,644 INFO  impl.RaftServerImpl (RaftServerImpl.java:setRole(171)) - 12c47b40-5ec5-4a6d-be2a-f8a6fb7a0f15:group-FCAAED9E160C changes role from CANDIDATE to LEADER at term 1 for changeToLeader
2019-07-12 13:11:09,644 INFO  impl.RaftServerImpl (ServerState.java:setLeader(263)) - 12c47b40-5ec5-4a6d-be2a-f8a6fb7a0f15:group-FCAAED9E160C change Leader from null to 12c47b40-5ec5-4a6d-be2a-f8a6fb7a0f15 at term 1 for becomeLeader, leader elected after 5164ms
2019-07-12 13:11:09,656 INFO  server.RaftServerConfigKeys (ConfUtils.java:logGet(43)) - raft.server.staging.catchup.gap = 1000 (default)
2019-07-12 13:11:09,656 INFO  server.RaftServerConfigKeys (ConfUtils.java:logGet(43)) - raft.server.rpc.sleep.time = 25ms (default)
2019-07-12 13:11:09,660 INFO  server.RaftServerConfigKeys (ConfUtils.java:logGet(43)) - raft.server.write.element-limit = 4096 (default)
2019-07-12 13:11:09,663 INFO  server.RaftServerConfigKeys (ConfUtils.java:logGet(43)) - raft.server.watch.timeout = 10s (default)
2019-07-12 13:11:09,664 INFO  server.RaftServerConfigKeys (ConfUtils.java:logGet(43)) - raft.server.watch.timeout.denomination = 1s (default)
2019-07-12 13:11:09,665 INFO  server.RaftServerConfigKeys (ConfUtils.java:logGet(43)) - raft.server.watch.element-limit = 65536 (default)
2019-07-12 13:11:09,680 INFO  impl.RoleInfo (RoleInfo.java:updateAndGet(143)) - 12c47b40-5ec5-4a6d-be2a-f8a6fb7a0f15: start LeaderState
2019-07-12 13:11:09,686 INFO  client.GrpcClientProtocolClient (GrpcClientProtocolClient.java:onNext(255)) - client-7232F2D95EAA->871b3a72-703e-465c-925f-bb68f4958a2e: receive RaftClientReply:client-7232F2D95EAA->871b3a72-703e-465c-925f-bb68f4958a2e@group-613427DCBB34, cid=13, FAILED org.apache.ratis.protocol.NotLeaderException: Server 871b3a72-703e-465c-925f-bb68f4958a2e is not the leader (null). Request must be sent to leader., logIndex=0, commits[871b3a72-703e-465c-925f-bb68f4958a2e:c-1]
2019-07-12 13:11:09,726 INFO  segmented.SegmentedRaftLogWorker (SegmentedRaftLogWorker.java:startLogSegment(380)) - 12c47b40-5ec5-4a6d-be2a-f8a6fb7a0f15-SegmentedRaftLogWorker:Storage Directory /tmp/workdir/hadoop-ozone/integration-test/target/test-dir/MiniOzoneClusterImpl-aa1df1c5-0857-4523-9eb6-d70e8c83b275/datanode-0/data/ratis/2b572827-4716-45c5-9caf-fcaaed9e160c: Starting segment from index:0
2019-07-12 13:11:09,736 INFO  impl.RaftServerImpl (ServerState.java:setRaftConf(361)) - 12c47b40-5ec5-4a6d-be2a-f8a6fb7a0f15:group-FCAAED9E160C set configuration 0: [12c47b40-5ec5-4a6d-be2a-f8a6fb7a0f15:192.168.157.212:37379], old=null at 0
2019-07-12 13:11:09,905 INFO  segmented.SegmentedRaftLogWorker (SegmentedRaftLogWorker.java:execute(569)) - 12c47b40-5ec5-4a6d-be2a-f8a6fb7a0f15-SegmentedRaftLogWorker:Storage Directory /tmp/workdir/hadoop-ozone/integration-test/target/test-dir/MiniOzoneClusterImpl-aa1df1c5-0857-4523-9eb6-d70e8c83b275/datanode-0/data/ratis/2b572827-4716-45c5-9caf-fcaaed9e160c: created new log segment /tmp/workdir/hadoop-ozone/integration-test/target/test-dir/MiniOzoneClusterImpl-aa1df1c5-0857-4523-9eb6-d70e8c83b275/datanode-0/data/ratis/2b572827-4716-45c5-9caf-fcaaed9e160c/current/log_inprogress_0
2019-07-12 13:11:09,917 INFO  impl.FollowerState (FollowerState.java:run(106)) - 2d930774-d643-4c73-b233-5605f9748a71:group-3589585198E4 changes to CANDIDATE, lastRpcTime:5010, electionTimeout:5010ms
2019-07-12 13:11:09,919 INFO  impl.FollowerState (FollowerState.java:run(106)) - de50b7de-f9d2-4802-a524-6de75e18a426:group-14C947A832AA changes to CANDIDATE, lastRpcTime:5110, electionTimeout:5107ms
2019-07-12 13:11:09,921 INFO  impl.RoleInfo (RoleInfo.java:shutdownFollowerState(121)) - 2d930774-d643-4c73-b233-5605f9748a71: shutdown FollowerState
2019-07-12 13:11:09,921 INFO  impl.RoleInfo (RoleInfo.java:shutdownFollowerState(121)) - de50b7de-f9d2-4802-a524-6de75e18a426: shutdown FollowerState
2019-07-12 13:11:09,921 INFO  impl.RaftServerImpl (RaftServerImpl.java:setRole(171)) - 2d930774-d643-4c73-b233-5605f9748a71:group-3589585198E4 changes role from FOLLOWER to CANDIDATE at term 0 for changeToCandidate
2019-07-12 13:11:09,921 INFO  impl.RaftServerImpl (RaftServerImpl.java:setRole(171)) - de50b7de-f9d2-4802-a524-6de75e18a426:group-14C947A832AA changes role from FOLLOWER to CANDIDATE at term 0 for changeToCandidate
2019-07-12 13:11:09,921 INFO  impl.RoleInfo (RoleInfo.java:updateAndGet(143)) - 2d930774-d643-4c73-b233-5605f9748a71: start LeaderElection
2019-07-12 13:11:09,921 INFO  impl.RoleInfo (RoleInfo.java:updateAndGet(143)) - de50b7de-f9d2-4802-a524-6de75e18a426: start LeaderElection
2019-07-12 13:11:09,937 INFO  impl.LeaderElection (LeaderElection.java:askForVotes(181)) - de50b7de-f9d2-4802-a524-6de75e18a426:group-14C947A832AA:LeaderElection3: begin an election at term 1 for -1: [de50b7de-f9d2-4802-a524-6de75e18a426:192.168.157.212:36558], old=null
2019-07-12 13:11:09,937 INFO  impl.LeaderElection (LeaderElection.java:askForVotes(181)) - 2d930774-d643-4c73-b233-5605f9748a71:group-3589585198E4:LeaderElection2: begin an election at term 1 for -1: [2d930774-d643-4c73-b233-5605f9748a71:192.168.157.212:34855], old=null
2019-07-12 13:11:09,938 INFO  impl.RoleInfo (RoleInfo.java:shutdownLeaderElection(134)) - de50b7de-f9d2-4802-a524-6de75e18a426: shutdown LeaderElection
2019-07-12 13:11:09,938 INFO  impl.RoleInfo (RoleInfo.java:shutdownLeaderElection(134)) - 2d930774-d643-4c73-b233-5605f9748a71: shutdown LeaderElection
2019-07-12 13:11:09,939 INFO  impl.RaftServerImpl (RaftServerImpl.java:setRole(171)) - de50b7de-f9d2-4802-a524-6de75e18a426:group-14C947A832AA changes role from CANDIDATE to LEADER at term 1 for changeToLeader
2019-07-12 13:11:09,939 INFO  impl.RaftServerImpl (RaftServerImpl.java:setRole(171)) - 2d930774-d643-4c73-b233-5605f9748a71:group-3589585198E4 changes role from CANDIDATE to LEADER at term 1 for changeToLeader
2019-07-12 13:11:09,939 INFO  impl.RaftServerImpl (ServerState.java:setLeader(263)) - de50b7de-f9d2-4802-a524-6de75e18a426:group-14C947A832AA change Leader from null to de50b7de-f9d2-4802-a524-6de75e18a426 at term 1 for becomeLeader, leader elected after 5138ms
2019-07-12 13:11:09,939 INFO  impl.RaftServerImpl (ServerState.java:setLeader(263)) - 2d930774-d643-4c73-b233-5605f9748a71:group-3589585198E4 change Leader from null to 2d930774-d643-4c73-b233-5605f9748a71 at term 1 for becomeLeader, leader elected after 5036ms
2019-07-12 13:11:09,941 INFO  server.RaftServerConfigKeys (ConfUtils.java:logGet(43)) - raft.server.staging.catchup.gap = 1000 (default)
2019-07-12 13:11:09,943 INFO  server.RaftServerConfigKeys (ConfUtils.java:logGet(43)) - raft.server.staging.catchup.gap = 1000 (default)
2019-07-12 13:11:09,943 INFO  server.RaftServerConfigKeys (ConfUtils.java:logGet(43)) - raft.server.rpc.sleep.time = 25ms (default)
2019-07-12 13:11:09,943 INFO  server.RaftServerConfigKeys (ConfUtils.java:logGet(43)) - raft.server.rpc.sleep.time = 25ms (default)
2019-07-12 13:11:09,944 INFO  server.RaftServerConfigKeys (ConfUtils.java:logGet(43)) - raft.server.write.element-limit = 4096 (default)
2019-07-12 13:11:09,944 INFO  server.RaftServerConfigKeys (ConfUtils.java:logGet(43)) - raft.server.write.element-limit = 4096 (default)
2019-07-12 13:11:09,944 INFO  server.RaftServerConfigKeys (ConfUtils.java:logGet(43)) - raft.server.watch.timeout = 10s (default)
2019-07-12 13:11:09,944 INFO  server.RaftServerConfigKeys (ConfUtils.java:logGet(43)) - raft.server.watch.timeout = 10s (default)
2019-07-12 13:11:09,944 INFO  server.RaftServerConfigKeys (ConfUtils.java:logGet(43)) - raft.server.watch.timeout.denomination = 1s (default)
2019-07-12 13:11:09,944 INFO  server.RaftServerConfigKeys (ConfUtils.java:logGet(43)) - raft.server.watch.timeout.denomination = 1s (default)
2019-07-12 13:11:09,945 INFO  server.RaftServerConfigKeys (ConfUtils.java:logGet(43)) - raft.server.watch.element-limit = 65536 (default)
2019-07-12 13:11:09,945 INFO  server.RaftServerConfigKeys (ConfUtils.java:logGet(43)) - raft.server.watch.element-limit = 65536 (default)
2019-07-12 13:11:09,945 INFO  impl.RoleInfo (RoleInfo.java:updateAndGet(143)) - de50b7de-f9d2-4802-a524-6de75e18a426: start LeaderState
2019-07-12 13:11:09,945 INFO  impl.RoleInfo (RoleInfo.java:updateAndGet(143)) - 2d930774-d643-4c73-b233-5605f9748a71: start LeaderState
2019-07-12 13:11:09,946 INFO  segmented.SegmentedRaftLogWorker (SegmentedRaftLogWorker.java:startLogSegment(380)) - de50b7de-f9d2-4802-a524-6de75e18a426-SegmentedRaftLogWorker:Storage Directory /tmp/workdir/hadoop-ozone/integration-test/target/test-dir/MiniOzoneClusterImpl-aa1df1c5-0857-4523-9eb6-d70e8c83b275/datanode-5/data/ratis/2ee0a56a-6785-47d2-bdd5-14c947a832aa: Starting segment from index:0
2019-07-12 13:11:09,946 INFO  segmented.SegmentedRaftLogWorker (SegmentedRaftLogWorker.java:startLogSegment(380)) - 2d930774-d643-4c73-b233-5605f9748a71-SegmentedRaftLogWorker:Storage Directory /tmp/workdir/hadoop-ozone/integration-test/target/test-dir/MiniOzoneClusterImpl-aa1df1c5-0857-4523-9eb6-d70e8c83b275/datanode-3/data/ratis/ffb4c8ad-a687-4016-873f-3589585198e4: Starting segment from index:0
2019-07-12 13:11:09,946 INFO  impl.RaftServerImpl (ServerState.java:setRaftConf(361)) - de50b7de-f9d2-4802-a524-6de75e18a426:group-14C947A832AA set configuration 0: [de50b7de-f9d2-4802-a524-6de75e18a426:192.168.157.212:36558], old=null at 0
2019-07-12 13:11:09,947 INFO  impl.RaftServerImpl (ServerState.java:setRaftConf(361)) - 2d930774-d643-4c73-b233-5605f9748a71:group-3589585198E4 set configuration 0: [2d930774-d643-4c73-b233-5605f9748a71:192.168.157.212:34855], old=null at 0
2019-07-12 13:11:09,977 INFO  segmented.SegmentedRaftLogWorker (SegmentedRaftLogWorker.java:execute(569)) - de50b7de-f9d2-4802-a524-6de75e18a426-SegmentedRaftLogWorker:Storage Directory /tmp/workdir/hadoop-ozone/integration-test/target/test-dir/MiniOzoneClusterImpl-aa1df1c5-0857-4523-9eb6-d70e8c83b275/datanode-5/data/ratis/2ee0a56a-6785-47d2-bdd5-14c947a832aa: created new log segment /tmp/workdir/hadoop-ozone/integration-test/target/test-dir/MiniOzoneClusterImpl-aa1df1c5-0857-4523-9eb6-d70e8c83b275/datanode-5/data/ratis/2ee0a56a-6785-47d2-bdd5-14c947a832aa/current/log_inprogress_0
2019-07-12 13:11:09,977 INFO  segmented.SegmentedRaftLogWorker (SegmentedRaftLogWorker.java:execute(569)) - 2d930774-d643-4c73-b233-5605f9748a71-SegmentedRaftLogWorker:Storage Directory /tmp/workdir/hadoop-ozone/integration-test/target/test-dir/MiniOzoneClusterImpl-aa1df1c5-0857-4523-9eb6-d70e8c83b275/datanode-3/data/ratis/ffb4c8ad-a687-4016-873f-3589585198e4: created new log segment /tmp/workdir/hadoop-ozone/integration-test/target/test-dir/MiniOzoneClusterImpl-aa1df1c5-0857-4523-9eb6-d70e8c83b275/datanode-3/data/ratis/ffb4c8ad-a687-4016-873f-3589585198e4/current/log_inprogress_0
2019-07-12 13:11:10,032 INFO  impl.FollowerState (FollowerState.java:run(106)) - 871b3a72-703e-465c-925f-bb68f4958a2e:group-1BD02AAC7A76 changes to CANDIDATE, lastRpcTime:5048, electionTimeout:5048ms
2019-07-12 13:11:10,035 INFO  impl.RoleInfo (RoleInfo.java:shutdownFollowerState(121)) - 871b3a72-703e-465c-925f-bb68f4958a2e: shutdown FollowerState
2019-07-12 13:11:10,035 INFO  impl.RaftServerImpl (RaftServerImpl.java:setRole(171)) - 871b3a72-703e-465c-925f-bb68f4958a2e:group-1BD02AAC7A76 changes role from FOLLOWER to CANDIDATE at term 0 for changeToCandidate
2019-07-12 13:11:10,035 INFO  impl.RoleInfo (RoleInfo.java:updateAndGet(143)) - 871b3a72-703e-465c-925f-bb68f4958a2e: start LeaderElection
2019-07-12 13:11:10,054 INFO  impl.LeaderElection (LeaderElection.java:askForVotes(181)) - 871b3a72-703e-465c-925f-bb68f4958a2e:group-1BD02AAC7A76:LeaderElection4: begin an election at term 1 for -1: [871b3a72-703e-465c-925f-bb68f4958a2e:192.168.157.212:38834], old=null
2019-07-12 13:11:10,056 INFO  impl.RoleInfo (RoleInfo.java:shutdownLeaderElection(134)) - 871b3a72-703e-465c-925f-bb68f4958a2e: shutdown LeaderElection
2019-07-12 13:11:10,056 INFO  impl.RaftServerImpl (RaftServerImpl.java:setRole(171)) - 871b3a72-703e-465c-925f-bb68f4958a2e:group-1BD02AAC7A76 changes role from CANDIDATE to LEADER at term 1 for changeToLeader
2019-07-12 13:11:10,056 INFO  impl.RaftServerImpl (ServerState.java:setLeader(263)) - 871b3a72-703e-465c-925f-bb68f4958a2e:group-1BD02AAC7A76 change Leader from null to 871b3a72-703e-465c-925f-bb68f4958a2e at term 1 for becomeLeader, leader elected after 5077ms
2019-07-12 13:11:10,058 INFO  server.RaftServerConfigKeys (ConfUtils.java:logGet(43)) - raft.server.staging.catchup.gap = 1000 (default)
2019-07-12 13:11:10,058 INFO  server.RaftServerConfigKeys (ConfUtils.java:logGet(43)) - raft.server.rpc.sleep.time = 25ms (default)
2019-07-12 13:11:10,058 INFO  server.RaftServerConfigKeys (ConfUtils.java:logGet(43)) - raft.server.write.element-limit = 4096 (default)
2019-07-12 13:11:10,058 INFO  server.RaftServerConfigKeys (ConfUtils.java:logGet(43)) - raft.server.watch.timeout = 10s (default)
2019-07-12 13:11:10,059 INFO  server.RaftServerConfigKeys (ConfUtils.java:logGet(43)) - raft.server.watch.timeout.denomination = 1s (default)
2019-07-12 13:11:10,059 INFO  server.RaftServerConfigKeys (ConfUtils.java:logGet(43)) - raft.server.watch.element-limit = 65536 (default)
2019-07-12 13:11:10,059 INFO  impl.RoleInfo (RoleInfo.java:updateAndGet(143)) - 871b3a72-703e-465c-925f-bb68f4958a2e: start LeaderState
2019-07-12 13:11:10,059 INFO  segmented.SegmentedRaftLogWorker (SegmentedRaftLogWorker.java:startLogSegment(380)) - 871b3a72-703e-465c-925f-bb68f4958a2e-SegmentedRaftLogWorker:Storage Directory /tmp/workdir/hadoop-ozone/integration-test/target/test-dir/MiniOzoneClusterImpl-aa1df1c5-0857-4523-9eb6-d70e8c83b275/datanode-1/data/ratis/0024efa0-fcb3-4bed-98bb-1bd02aac7a76: Starting segment from index:0
2019-07-12 13:11:10,060 INFO  impl.RaftServerImpl (ServerState.java:setRaftConf(361)) - 871b3a72-703e-465c-925f-bb68f4958a2e:group-1BD02AAC7A76 set configuration 0: [871b3a72-703e-465c-925f-bb68f4958a2e:192.168.157.212:38834], old=null at 0
2019-07-12 13:11:10,090 INFO  segmented.SegmentedRaftLogWorker (SegmentedRaftLogWorker.java:execute(569)) - 871b3a72-703e-465c-925f-bb68f4958a2e-SegmentedRaftLogWorker:Storage Directory /tmp/workdir/hadoop-ozone/integration-test/target/test-dir/MiniOzoneClusterImpl-aa1df1c5-0857-4523-9eb6-d70e8c83b275/datanode-1/data/ratis/0024efa0-fcb3-4bed-98bb-1bd02aac7a76: created new log segment /tmp/workdir/hadoop-ozone/integration-test/target/test-dir/MiniOzoneClusterImpl-aa1df1c5-0857-4523-9eb6-d70e8c83b275/datanode-1/data/ratis/0024efa0-fcb3-4bed-98bb-1bd02aac7a76/current/log_inprogress_0
2019-07-12 13:11:10,121 INFO  impl.FollowerState (FollowerState.java:run(106)) - 69a3b7e3-dc0f-4653-8b76-128e42208dfc:group-A4A3BA95F6CC changes to CANDIDATE, lastRpcTime:5049, electionTimeout:5049ms
2019-07-12 13:11:10,121 INFO  impl.RoleInfo (RoleInfo.java:shutdownFollowerState(121)) - 69a3b7e3-dc0f-4653-8b76-128e42208dfc: shutdown FollowerState
2019-07-12 13:11:10,121 INFO  impl.RaftServerImpl (RaftServerImpl.java:setRole(171)) - 69a3b7e3-dc0f-4653-8b76-128e42208dfc:group-A4A3BA95F6CC changes role from FOLLOWER to CANDIDATE at term 0 for changeToCandidate
2019-07-12 13:11:10,121 INFO  impl.RoleInfo (RoleInfo.java:updateAndGet(143)) - 69a3b7e3-dc0f-4653-8b76-128e42208dfc: start LeaderElection
2019-07-12 13:11:10,139 INFO  impl.LeaderElection (LeaderElection.java:askForVotes(181)) - 69a3b7e3-dc0f-4653-8b76-128e42208dfc:group-A4A3BA95F6CC:LeaderElection5: begin an election at term 1 for -1: [69a3b7e3-dc0f-4653-8b76-128e42208dfc:192.168.157.212:34540], old=null
2019-07-12 13:11:10,141 INFO  impl.RoleInfo (RoleInfo.java:shutdownLeaderElection(134)) - 69a3b7e3-dc0f-4653-8b76-128e42208dfc: shutdown LeaderElection
2019-07-12 13:11:10,141 INFO  impl.RaftServerImpl (RaftServerImpl.java:setRole(171)) - 69a3b7e3-dc0f-4653-8b76-128e42208dfc:group-A4A3BA95F6CC changes role from CANDIDATE to LEADER at term 1 for changeToLeader
2019-07-12 13:11:10,141 INFO  impl.RaftServerImpl (ServerState.java:setLeader(263)) - 69a3b7e3-dc0f-4653-8b76-128e42208dfc:group-A4A3BA95F6CC change Leader from null to 69a3b7e3-dc0f-4653-8b76-128e42208dfc at term 1 for becomeLeader, leader elected after 5075ms
2019-07-12 13:11:10,144 INFO  server.RaftServerConfigKeys (ConfUtils.java:logGet(43)) - raft.server.staging.catchup.gap = 1000 (default)
2019-07-12 13:11:10,144 INFO  server.RaftServerConfigKeys (ConfUtils.java:logGet(43)) - raft.server.rpc.sleep.time = 25ms (default)
2019-07-12 13:11:10,144 INFO  server.RaftServerConfigKeys (ConfUtils.java:logGet(43)) - raft.server.write.element-limit = 4096 (default)
2019-07-12 13:11:10,144 INFO  server.RaftServerConfigKeys (ConfUtils.java:logGet(43)) - raft.server.watch.timeout = 10s (default)
2019-07-12 13:11:10,144 INFO  server.RaftServerConfigKeys (ConfUtils.java:logGet(43)) - raft.server.watch.timeout.denomination = 1s (default)
2019-07-12 13:11:10,145 INFO  server.RaftServerConfigKeys (ConfUtils.java:logGet(43)) - raft.server.watch.element-limit = 65536 (default)
2019-07-12 13:11:10,145 INFO  impl.RoleInfo (RoleInfo.java:updateAndGet(143)) - 69a3b7e3-dc0f-4653-8b76-128e42208dfc: start LeaderState
2019-07-12 13:11:10,145 INFO  segmented.SegmentedRaftLogWorker (SegmentedRaftLogWorker.java:startLogSegment(380)) - 69a3b7e3-dc0f-4653-8b76-128e42208dfc-SegmentedRaftLogWorker:Storage Directory /tmp/workdir/hadoop-ozone/integration-test/target/test-dir/MiniOzoneClusterImpl-aa1df1c5-0857-4523-9eb6-d70e8c83b275/datanode-6/data/ratis/891a0449-b33b-4309-9a84-a4a3ba95f6cc: Starting segment from index:0
2019-07-12 13:11:10,146 INFO  impl.RaftServerImpl (ServerState.java:setRaftConf(361)) - 69a3b7e3-dc0f-4653-8b76-128e42208dfc:group-A4A3BA95F6CC set configuration 0: [69a3b7e3-dc0f-4653-8b76-128e42208dfc:192.168.157.212:34540], old=null at 0
2019-07-12 13:11:10,189 INFO  segmented.SegmentedRaftLogWorker (SegmentedRaftLogWorker.java:execute(569)) - 69a3b7e3-dc0f-4653-8b76-128e42208dfc-SegmentedRaftLogWorker:Storage Directory /tmp/workdir/hadoop-ozone/integration-test/target/test-dir/MiniOzoneClusterImpl-aa1df1c5-0857-4523-9eb6-d70e8c83b275/datanode-6/data/ratis/891a0449-b33b-4309-9a84-a4a3ba95f6cc: created new log segment /tmp/workdir/hadoop-ozone/integration-test/target/test-dir/MiniOzoneClusterImpl-aa1df1c5-0857-4523-9eb6-d70e8c83b275/datanode-6/data/ratis/891a0449-b33b-4309-9a84-a4a3ba95f6cc/current/log_inprogress_0
2019-07-12 13:11:10,255 INFO  impl.FollowerState (FollowerState.java:run(106)) - f5429de9-b416-4308-9dc7-db4723522379:group-606368DD6CF3 changes to CANDIDATE, lastRpcTime:5034, electionTimeout:5034ms
2019-07-12 13:11:10,255 INFO  impl.RoleInfo (RoleInfo.java:shutdownFollowerState(121)) - f5429de9-b416-4308-9dc7-db4723522379: shutdown FollowerState
2019-07-12 13:11:10,255 INFO  impl.RaftServerImpl (RaftServerImpl.java:setRole(171)) - f5429de9-b416-4308-9dc7-db4723522379:group-606368DD6CF3 changes role from FOLLOWER to CANDIDATE at term 0 for changeToCandidate
2019-07-12 13:11:10,255 INFO  impl.RoleInfo (RoleInfo.java:updateAndGet(143)) - f5429de9-b416-4308-9dc7-db4723522379: start LeaderElection
2019-07-12 13:11:10,276 INFO  impl.LeaderElection (LeaderElection.java:askForVotes(181)) - f5429de9-b416-4308-9dc7-db4723522379:group-606368DD6CF3:LeaderElection6: begin an election at term 1 for -1: [f5429de9-b416-4308-9dc7-db4723522379:192.168.157.212:38276], old=null
2019-07-12 13:11:10,284 INFO  impl.FollowerState (FollowerState.java:run(106)) - 236a9b69-16f2-46bd-9ce4-e686e621f0e6:group-AA0041AAF2C5 changes to CANDIDATE, lastRpcTime:5136, electionTimeout:5134ms
2019-07-12 13:11:10,286 INFO  impl.RoleInfo (RoleInfo.java:shutdownLeaderElection(134)) - f5429de9-b416-4308-9dc7-db4723522379: shutdown LeaderElection
2019-07-12 13:11:10,286 INFO  impl.RoleInfo (RoleInfo.java:shutdownFollowerState(121)) - 236a9b69-16f2-46bd-9ce4-e686e621f0e6: shutdown FollowerState
2019-07-12 13:11:10,287 INFO  impl.RaftServerImpl (RaftServerImpl.java:setRole(171)) - f5429de9-b416-4308-9dc7-db4723522379:group-606368DD6CF3 changes role from CANDIDATE to LEADER at term 1 for changeToLeader
2019-07-12 13:11:10,287 INFO  impl.RaftServerImpl (RaftServerImpl.java:setRole(171)) - 236a9b69-16f2-46bd-9ce4-e686e621f0e6:group-AA0041AAF2C5 changes role from FOLLOWER to CANDIDATE at term 0 for changeToCandidate
2019-07-12 13:11:10,287 INFO  impl.RaftServerImpl (ServerState.java:setLeader(263)) - f5429de9-b416-4308-9dc7-db4723522379:group-606368DD6CF3 change Leader from null to f5429de9-b416-4308-9dc7-db4723522379 at term 1 for becomeLeader, leader elected after 5072ms
2019-07-12 13:11:10,287 INFO  impl.RoleInfo (RoleInfo.java:updateAndGet(143)) - 236a9b69-16f2-46bd-9ce4-e686e621f0e6: start LeaderElection
2019-07-12 13:11:10,289 INFO  server.RaftServerConfigKeys (ConfUtils.java:logGet(43)) - raft.server.staging.catchup.gap = 1000 (default)
2019-07-12 13:11:10,291 INFO  server.RaftServerConfigKeys (ConfUtils.java:logGet(43)) - raft.server.rpc.sleep.time = 25ms (default)
2019-07-12 13:11:10,295 INFO  server.RaftServerConfigKeys (ConfUtils.java:logGet(43)) - raft.server.write.element-limit = 4096 (default)
2019-07-12 13:11:10,296 INFO  server.RaftServerConfigKeys (ConfUtils.java:logGet(43)) - raft.server.watch.timeout = 10s (default)
2019-07-12 13:11:10,296 INFO  server.RaftServerConfigKeys (ConfUtils.java:logGet(43)) - raft.server.watch.timeout.denomination = 1s (default)
2019-07-12 13:11:10,296 INFO  server.RaftServerConfigKeys (ConfUtils.java:logGet(43)) - raft.server.watch.element-limit = 65536 (default)
2019-07-12 13:11:10,296 INFO  impl.RoleInfo (RoleInfo.java:updateAndGet(143)) - f5429de9-b416-4308-9dc7-db4723522379: start LeaderState
2019-07-12 13:11:10,297 INFO  segmented.SegmentedRaftLogWorker (SegmentedRaftLogWorker.java:startLogSegment(380)) - f5429de9-b416-4308-9dc7-db4723522379-SegmentedRaftLogWorker:Storage Directory /tmp/workdir/hadoop-ozone/integration-test/target/test-dir/MiniOzoneClusterImpl-aa1df1c5-0857-4523-9eb6-d70e8c83b275/datanode-4/data/ratis/e8223aba-d7da-477b-bc7d-606368dd6cf3: Starting segment from index:0
2019-07-12 13:11:10,297 INFO  impl.RaftServerImpl (ServerState.java:setRaftConf(361)) - f5429de9-b416-4308-9dc7-db4723522379:group-606368DD6CF3 set configuration 0: [f5429de9-b416-4308-9dc7-db4723522379:192.168.157.212:38276], old=null at 0
2019-07-12 13:11:10,318 INFO  impl.LeaderElection (LeaderElection.java:askForVotes(181)) - 236a9b69-16f2-46bd-9ce4-e686e621f0e6:group-AA0041AAF2C5:LeaderElection7: begin an election at term 1 for -1: [236a9b69-16f2-46bd-9ce4-e686e621f0e6:192.168.157.212:45982], old=null
2019-07-12 13:11:10,318 INFO  impl.RoleInfo (RoleInfo.java:shutdownLeaderElection(134)) - 236a9b69-16f2-46bd-9ce4-e686e621f0e6: shutdown LeaderElection
2019-07-12 13:11:10,318 INFO  impl.RaftServerImpl (RaftServerImpl.java:setRole(171)) - 236a9b69-16f2-46bd-9ce4-e686e621f0e6:group-AA0041AAF2C5 changes role from CANDIDATE to LEADER at term 1 for changeToLeader
2019-07-12 13:11:10,318 INFO  impl.RaftServerImpl (ServerState.java:setLeader(263)) - 236a9b69-16f2-46bd-9ce4-e686e621f0e6:group-AA0041AAF2C5 change Leader from null to 236a9b69-16f2-46bd-9ce4-e686e621f0e6 at term 1 for becomeLeader, leader elected after 5175ms
2019-07-12 13:11:10,320 INFO  server.RaftServerConfigKeys (ConfUtils.java:logGet(43)) - raft.server.staging.catchup.gap = 1000 (default)
2019-07-12 13:11:10,320 INFO  server.RaftServerConfigKeys (ConfUtils.java:logGet(43)) - raft.server.rpc.sleep.time = 25ms (default)
2019-07-12 13:11:10,320 INFO  server.RaftServerConfigKeys (ConfUtils.java:logGet(43)) - raft.server.write.element-limit = 4096 (default)
2019-07-12 13:11:10,321 INFO  server.RaftServerConfigKeys (ConfUtils.java:logGet(43)) - raft.server.watch.timeout = 10s (default)
2019-07-12 13:11:10,321 INFO  server.RaftServerConfigKeys (ConfUtils.java:logGet(43)) - raft.server.watch.timeout.denomination = 1s (default)
2019-07-12 13:11:10,321 INFO  server.RaftServerConfigKeys (ConfUtils.java:logGet(43)) - raft.server.watch.element-limit = 65536 (default)
2019-07-12 13:11:10,321 INFO  impl.RoleInfo (RoleInfo.java:updateAndGet(143)) - 236a9b69-16f2-46bd-9ce4-e686e621f0e6: start LeaderState
2019-07-12 13:11:10,321 INFO  segmented.SegmentedRaftLogWorker (SegmentedRaftLogWorker.java:startLogSegment(380)) - 236a9b69-16f2-46bd-9ce4-e686e621f0e6-SegmentedRaftLogWorker:Storage Directory /tmp/workdir/hadoop-ozone/integration-test/target/test-dir/MiniOzoneClusterImpl-aa1df1c5-0857-4523-9eb6-d70e8c83b275/datanode-2/data/ratis/8867e1be-9f53-467c-b112-aa0041aaf2c5: Starting segment from index:0
2019-07-12 13:11:10,322 INFO  impl.RaftServerImpl (ServerState.java:setRaftConf(361)) - 236a9b69-16f2-46bd-9ce4-e686e621f0e6:group-AA0041AAF2C5 set configuration 0: [236a9b69-16f2-46bd-9ce4-e686e621f0e6:192.168.157.212:45982], old=null at 0
2019-07-12 13:11:10,341 INFO  segmented.SegmentedRaftLogWorker (SegmentedRaftLogWorker.java:execute(569)) - f5429de9-b416-4308-9dc7-db4723522379-SegmentedRaftLogWorker:Storage Directory /tmp/workdir/hadoop-ozone/integration-test/target/test-dir/MiniOzoneClusterImpl-aa1df1c5-0857-4523-9eb6-d70e8c83b275/datanode-4/data/ratis/e8223aba-d7da-477b-bc7d-606368dd6cf3: created new log segment /tmp/workdir/hadoop-ozone/integration-test/target/test-dir/MiniOzoneClusterImpl-aa1df1c5-0857-4523-9eb6-d70e8c83b275/datanode-4/data/ratis/e8223aba-d7da-477b-bc7d-606368dd6cf3/current/log_inprogress_0
2019-07-12 13:11:10,354 INFO  segmented.SegmentedRaftLogWorker (SegmentedRaftLogWorker.java:execute(569)) - 236a9b69-16f2-46bd-9ce4-e686e621f0e6-SegmentedRaftLogWorker:Storage Directory /tmp/workdir/hadoop-ozone/integration-test/target/test-dir/MiniOzoneClusterImpl-aa1df1c5-0857-4523-9eb6-d70e8c83b275/datanode-2/data/ratis/8867e1be-9f53-467c-b112-aa0041aaf2c5: created new log segment /tmp/workdir/hadoop-ozone/integration-test/target/test-dir/MiniOzoneClusterImpl-aa1df1c5-0857-4523-9eb6-d70e8c83b275/datanode-2/data/ratis/8867e1be-9f53-467c-b112-aa0041aaf2c5/current/log_inprogress_0
2019-07-12 13:11:10,470 INFO  impl.FollowerState (FollowerState.java:run(106)) - 871b3a72-703e-465c-925f-bb68f4958a2e:group-613427DCBB34 changes to CANDIDATE, lastRpcTime:5111, electionTimeout:5109ms
2019-07-12 13:11:10,472 INFO  impl.RoleInfo (RoleInfo.java:shutdownFollowerState(121)) - 871b3a72-703e-465c-925f-bb68f4958a2e: shutdown FollowerState
2019-07-12 13:11:10,472 INFO  impl.RaftServerImpl (RaftServerImpl.java:setRole(171)) - 871b3a72-703e-465c-925f-bb68f4958a2e:group-613427DCBB34 changes role from FOLLOWER to CANDIDATE at term 0 for changeToCandidate
2019-07-12 13:11:10,472 INFO  impl.RoleInfo (RoleInfo.java:updateAndGet(143)) - 871b3a72-703e-465c-925f-bb68f4958a2e: start LeaderElection
2019-07-12 13:11:10,487 INFO  impl.FollowerState (FollowerState.java:run(106)) - de50b7de-f9d2-4802-a524-6de75e18a426:group-613427DCBB34 changes to CANDIDATE, lastRpcTime:5126, electionTimeout:5126ms
2019-07-12 13:11:10,489 INFO  impl.RoleInfo (RoleInfo.java:shutdownFollowerState(121)) - de50b7de-f9d2-4802-a524-6de75e18a426: shutdown FollowerState
2019-07-12 13:11:10,489 INFO  impl.RaftServerImpl (RaftServerImpl.java:setRole(171)) - de50b7de-f9d2-4802-a524-6de75e18a426:group-613427DCBB34 changes role from FOLLOWER to CANDIDATE at term 0 for changeToCandidate
2019-07-12 13:11:10,490 INFO  impl.RoleInfo (RoleInfo.java:updateAndGet(143)) - de50b7de-f9d2-4802-a524-6de75e18a426: start LeaderElection
2019-07-12 13:11:10,502 INFO  impl.LeaderElection (LeaderElection.java:askForVotes(181)) - 871b3a72-703e-465c-925f-bb68f4958a2e:group-613427DCBB34:LeaderElection8: begin an election at term 1 for -1: [2d930774-d643-4c73-b233-5605f9748a71:192.168.157.212:34855, 871b3a72-703e-465c-925f-bb68f4958a2e:192.168.157.212:38834, de50b7de-f9d2-4802-a524-6de75e18a426:192.168.157.212:36558], old=null
2019-07-12 13:11:10,504 INFO  impl.LeaderElection (LeaderElection.java:askForVotes(181)) - de50b7de-f9d2-4802-a524-6de75e18a426:group-613427DCBB34:LeaderElection9: begin an election at term 1 for -1: [2d930774-d643-4c73-b233-5605f9748a71:192.168.157.212:34855, 871b3a72-703e-465c-925f-bb68f4958a2e:192.168.157.212:38834, de50b7de-f9d2-4802-a524-6de75e18a426:192.168.157.212:36558], old=null
2019-07-12 13:11:10,538 INFO  impl.FollowerState (FollowerState.java:run(106)) - 2d930774-d643-4c73-b233-5605f9748a71:group-613427DCBB34 changes to CANDIDATE, lastRpcTime:5188, electionTimeout:5184ms
2019-07-12 13:11:10,538 INFO  impl.RoleInfo (RoleInfo.java:shutdownFollowerState(121)) - 2d930774-d643-4c73-b233-5605f9748a71: shutdown FollowerState
2019-07-12 13:11:10,538 INFO  impl.RaftServerImpl (RaftServerImpl.java:setRole(171)) - 2d930774-d643-4c73-b233-5605f9748a71:group-613427DCBB34 changes role from FOLLOWER to CANDIDATE at term 0 for changeToCandidate
2019-07-12 13:11:10,541 INFO  impl.RoleInfo (RoleInfo.java:updateAndGet(143)) - 2d930774-d643-4c73-b233-5605f9748a71: start LeaderElection
2019-07-12 13:11:10,561 INFO  impl.LeaderElection (LeaderElection.java:askForVotes(181)) - 2d930774-d643-4c73-b233-5605f9748a71:group-613427DCBB34:LeaderElection10: begin an election at term 1 for -1: [2d930774-d643-4c73-b233-5605f9748a71:192.168.157.212:34855, 871b3a72-703e-465c-925f-bb68f4958a2e:192.168.157.212:38834, de50b7de-f9d2-4802-a524-6de75e18a426:192.168.157.212:36558], old=null
2019-07-12 13:11:10,585 INFO  impl.LeaderElection (LeaderElection.java:logAndReturn(56)) - 871b3a72-703e-465c-925f-bb68f4958a2e:group-613427DCBB34:LeaderElection8: Election REJECTED; received 2 response(s) [871b3a72-703e-465c-925f-bb68f4958a2e<-2d930774-d643-4c73-b233-5605f9748a71#0:FAIL-t1, 871b3a72-703e-465c-925f-bb68f4958a2e<-de50b7de-f9d2-4802-a524-6de75e18a426#0:FAIL-t1] and 0 exception(s); 871b3a72-703e-465c-925f-bb68f4958a2e:t1, leader=null, voted=871b3a72-703e-465c-925f-bb68f4958a2e, raftlog=871b3a72-703e-465c-925f-bb68f4958a2e-SegmentedRaftLog:OPENED:c-1,f-1,i0, conf=-1: [2d930774-d643-4c73-b233-5605f9748a71:192.168.157.212:34855, 871b3a72-703e-465c-925f-bb68f4958a2e:192.168.157.212:38834, de50b7de-f9d2-4802-a524-6de75e18a426:192.168.157.212:36558], old=null
2019-07-12 13:11:10,585 INFO  impl.LeaderElection (LeaderElection.java:logAndReturn(56)) - de50b7de-f9d2-4802-a524-6de75e18a426:group-613427DCBB34:LeaderElection9: Election REJECTED; received 2 response(s) [de50b7de-f9d2-4802-a524-6de75e18a426<-2d930774-d643-4c73-b233-5605f9748a71#0:FAIL-t1, de50b7de-f9d2-4802-a524-6de75e18a426<-871b3a72-703e-465c-925f-bb68f4958a2e#0:FAIL-t1] and 0 exception(s); de50b7de-f9d2-4802-a524-6de75e18a426:t1, leader=null, voted=de50b7de-f9d2-4802-a524-6de75e18a426, raftlog=de50b7de-f9d2-4802-a524-6de75e18a426-SegmentedRaftLog:OPENED:c-1,f-1,i0, conf=-1: [2d930774-d643-4c73-b233-5605f9748a71:192.168.157.212:34855, 871b3a72-703e-465c-925f-bb68f4958a2e:192.168.157.212:38834, de50b7de-f9d2-4802-a524-6de75e18a426:192.168.157.212:36558], old=null
2019-07-12 13:11:10,589 INFO  impl.RaftServerImpl (RaftServerImpl.java:setRole(171)) - de50b7de-f9d2-4802-a524-6de75e18a426:group-613427DCBB34 changes role from CANDIDATE to FOLLOWER at term 1 for DISCOVERED_A_NEW_TERM
2019-07-12 13:11:10,589 INFO  impl.RaftServerImpl (RaftServerImpl.java:setRole(171)) - 871b3a72-703e-465c-925f-bb68f4958a2e:group-613427DCBB34 changes role from CANDIDATE to FOLLOWER at term 1 for DISCOVERED_A_NEW_TERM
2019-07-12 13:11:10,590 INFO  impl.RoleInfo (RoleInfo.java:shutdownLeaderElection(134)) - de50b7de-f9d2-4802-a524-6de75e18a426: shutdown LeaderElection
2019-07-12 13:11:10,595 INFO  impl.RoleInfo (RoleInfo.java:shutdownLeaderElection(134)) - 871b3a72-703e-465c-925f-bb68f4958a2e: shutdown LeaderElection
2019-07-12 13:11:10,595 INFO  impl.RoleInfo (RoleInfo.java:updateAndGet(143)) - de50b7de-f9d2-4802-a524-6de75e18a426: start FollowerState
2019-07-12 13:11:10,595 INFO  impl.RoleInfo (RoleInfo.java:updateAndGet(143)) - 871b3a72-703e-465c-925f-bb68f4958a2e: start FollowerState
2019-07-12 13:11:10,604 INFO  impl.LeaderElection (LeaderElection.java:logAndReturn(56)) - 2d930774-d643-4c73-b233-5605f9748a71:group-613427DCBB34:LeaderElection10: Election REJECTED; received 2 response(s) [2d930774-d643-4c73-b233-5605f9748a71<-871b3a72-703e-465c-925f-bb68f4958a2e#0:FAIL-t1, 2d930774-d643-4c73-b233-5605f9748a71<-de50b7de-f9d2-4802-a524-6de75e18a426#0:FAIL-t1] and 0 exception(s); 2d930774-d643-4c73-b233-5605f9748a71:t1, leader=null, voted=2d930774-d643-4c73-b233-5605f9748a71, raftlog=2d930774-d643-4c73-b233-5605f9748a71-SegmentedRaftLog:OPENED:c-1,f-1,i0, conf=-1: [2d930774-d643-4c73-b233-5605f9748a71:192.168.157.212:34855, 871b3a72-703e-465c-925f-bb68f4958a2e:192.168.157.212:38834, de50b7de-f9d2-4802-a524-6de75e18a426:192.168.157.212:36558], old=null
2019-07-12 13:11:10,605 INFO  impl.RaftServerImpl (RaftServerImpl.java:setRole(171)) - 2d930774-d643-4c73-b233-5605f9748a71:group-613427DCBB34 changes role from CANDIDATE to FOLLOWER at term 1 for DISCOVERED_A_NEW_TERM
2019-07-12 13:11:10,605 INFO  impl.RoleInfo (RoleInfo.java:shutdownLeaderElection(134)) - 2d930774-d643-4c73-b233-5605f9748a71: shutdown LeaderElection
2019-07-12 13:11:10,608 INFO  impl.RoleInfo (RoleInfo.java:updateAndGet(143)) - 2d930774-d643-4c73-b233-5605f9748a71: start FollowerState
2019-07-12 13:11:10,624 INFO  impl.FollowerState (FollowerState.java:run(106)) - f5429de9-b416-4308-9dc7-db4723522379:group-DE3236DE1D46 changes to CANDIDATE, lastRpcTime:5139, electionTimeout:5137ms
2019-07-12 13:11:10,626 INFO  impl.RoleInfo (RoleInfo.java:shutdownFollowerState(121)) - f5429de9-b416-4308-9dc7-db4723522379: shutdown FollowerState
2019-07-12 13:11:10,626 INFO  impl.RaftServerImpl (RaftServerImpl.java:setRole(171)) - f5429de9-b416-4308-9dc7-db4723522379:group-DE3236DE1D46 changes role from FOLLOWER to CANDIDATE at term 0 for changeToCandidate
2019-07-12 13:11:10,626 INFO  impl.RoleInfo (RoleInfo.java:updateAndGet(143)) - f5429de9-b416-4308-9dc7-db4723522379: start LeaderElection
2019-07-12 13:11:10,628 INFO  impl.FollowerState (FollowerState.java:run(106)) - 69a3b7e3-dc0f-4653-8b76-128e42208dfc:group-DE3236DE1D46 changes to CANDIDATE, lastRpcTime:5152, electionTimeout:5152ms
2019-07-12 13:11:10,630 INFO  impl.RoleInfo (RoleInfo.java:shutdownFollowerState(121)) - 69a3b7e3-dc0f-4653-8b76-128e42208dfc: shutdown FollowerState
2019-07-12 13:11:10,631 INFO  impl.RaftServerImpl (RaftServerImpl.java:setRole(171)) - 69a3b7e3-dc0f-4653-8b76-128e42208dfc:group-DE3236DE1D46 changes role from FOLLOWER to CANDIDATE at term 0 for changeToCandidate
2019-07-12 13:11:10,631 INFO  impl.RoleInfo (RoleInfo.java:updateAndGet(143)) - 69a3b7e3-dc0f-4653-8b76-128e42208dfc: start LeaderElection
2019-07-12 13:11:10,647 INFO  impl.FollowerState (FollowerState.java:run(106)) - 236a9b69-16f2-46bd-9ce4-e686e621f0e6:group-DE3236DE1D46 changes to CANDIDATE, lastRpcTime:5162, electionTimeout:5160ms
2019-07-12 13:11:10,647 INFO  impl.RoleInfo (RoleInfo.java:shutdownFollowerState(121)) - 236a9b69-16f2-46bd-9ce4-e686e621f0e6: shutdown FollowerState
2019-07-12 13:11:10,648 INFO  impl.RaftServerImpl (RaftServerImpl.java:setRole(171)) - 236a9b69-16f2-46bd-9ce4-e686e621f0e6:group-DE3236DE1D46 changes role from FOLLOWER to CANDIDATE at term 0 for changeToCandidate
2019-07-12 13:11:10,648 INFO  impl.RoleInfo (RoleInfo.java:updateAndGet(143)) - 236a9b69-16f2-46bd-9ce4-e686e621f0e6: start LeaderElection
2019-07-12 13:11:10,651 INFO  impl.LeaderElection (LeaderElection.java:askForVotes(181)) - f5429de9-b416-4308-9dc7-db4723522379:group-DE3236DE1D46:LeaderElection11: begin an election at term 1 for -1: [f5429de9-b416-4308-9dc7-db4723522379:192.168.157.212:38276, 236a9b69-16f2-46bd-9ce4-e686e621f0e6:192.168.157.212:45982, 69a3b7e3-dc0f-4653-8b76-128e42208dfc:192.168.157.212:34540], old=null
2019-07-12 13:11:10,651 INFO  impl.LeaderElection (LeaderElection.java:askForVotes(181)) - 69a3b7e3-dc0f-4653-8b76-128e42208dfc:group-DE3236DE1D46:LeaderElection12: begin an election at term 1 for -1: [f5429de9-b416-4308-9dc7-db4723522379:192.168.157.212:38276, 236a9b69-16f2-46bd-9ce4-e686e621f0e6:192.168.157.212:45982, 69a3b7e3-dc0f-4653-8b76-128e42208dfc:192.168.157.212:34540], old=null
2019-07-12 13:11:10,667 INFO  impl.LeaderElection (LeaderElection.java:askForVotes(181)) - 236a9b69-16f2-46bd-9ce4-e686e621f0e6:group-DE3236DE1D46:LeaderElection13: begin an election at term 1 for -1: [f5429de9-b416-4308-9dc7-db4723522379:192.168.157.212:38276, 236a9b69-16f2-46bd-9ce4-e686e621f0e6:192.168.157.212:45982, 69a3b7e3-dc0f-4653-8b76-128e42208dfc:192.168.157.212:34540], old=null
2019-07-12 13:11:10,686 INFO  impl.LeaderElection (LeaderElection.java:logAndReturn(56)) - f5429de9-b416-4308-9dc7-db4723522379:group-DE3236DE1D46:LeaderElection11: Election REJECTED; received 2 response(s) [f5429de9-b416-4308-9dc7-db4723522379<-236a9b69-16f2-46bd-9ce4-e686e621f0e6#0:FAIL-t1, f5429de9-b416-4308-9dc7-db4723522379<-69a3b7e3-dc0f-4653-8b76-128e42208dfc#0:FAIL-t1] and 0 exception(s); f5429de9-b416-4308-9dc7-db4723522379:t1, leader=null, voted=f5429de9-b416-4308-9dc7-db4723522379, raftlog=f5429de9-b416-4308-9dc7-db4723522379-SegmentedRaftLog:OPENED:c-1,f-1,i0, conf=-1: [f5429de9-b416-4308-9dc7-db4723522379:192.168.157.212:38276, 236a9b69-16f2-46bd-9ce4-e686e621f0e6:192.168.157.212:45982, 69a3b7e3-dc0f-4653-8b76-128e42208dfc:192.168.157.212:34540], old=null
2019-07-12 13:11:10,686 INFO  impl.RaftServerImpl (RaftServerImpl.java:setRole(171)) - f5429de9-b416-4308-9dc7-db4723522379:group-DE3236DE1D46 changes role from CANDIDATE to FOLLOWER at term 1 for DISCOVERED_A_NEW_TERM
2019-07-12 13:11:10,687 INFO  impl.RoleInfo (RoleInfo.java:shutdownLeaderElection(134)) - f5429de9-b416-4308-9dc7-db4723522379: shutdown LeaderElection
2019-07-12 13:11:10,689 INFO  impl.LeaderElection (LeaderElection.java:logAndReturn(56)) - 69a3b7e3-dc0f-4653-8b76-128e42208dfc:group-DE3236DE1D46:LeaderElection12: Election REJECTED; received 2 response(s) [69a3b7e3-dc0f-4653-8b76-128e42208dfc<-f5429de9-b416-4308-9dc7-db4723522379#0:FAIL-t1, 69a3b7e3-dc0f-4653-8b76-128e42208dfc<-236a9b69-16f2-46bd-9ce4-e686e621f0e6#0:FAIL-t1] and 0 exception(s); 69a3b7e3-dc0f-4653-8b76-128e42208dfc:t1, leader=null, voted=69a3b7e3-dc0f-4653-8b76-128e42208dfc, raftlog=69a3b7e3-dc0f-4653-8b76-128e42208dfc-SegmentedRaftLog:OPENED:c-1,f-1,i0, conf=-1: [f5429de9-b416-4308-9dc7-db4723522379:192.168.157.212:38276, 236a9b69-16f2-46bd-9ce4-e686e621f0e6:192.168.157.212:45982, 69a3b7e3-dc0f-4653-8b76-128e42208dfc:192.168.157.212:34540], old=null
2019-07-12 13:11:10,690 INFO  impl.RaftServerImpl (RaftServerImpl.java:setRole(171)) - 69a3b7e3-dc0f-4653-8b76-128e42208dfc:group-DE3236DE1D46 changes role from CANDIDATE to FOLLOWER at term 1 for DISCOVERED_A_NEW_TERM
2019-07-12 13:11:10,690 INFO  impl.RoleInfo (RoleInfo.java:updateAndGet(143)) - f5429de9-b416-4308-9dc7-db4723522379: start FollowerState
2019-07-12 13:11:10,699 INFO  impl.RoleInfo (RoleInfo.java:shutdownLeaderElection(134)) - 69a3b7e3-dc0f-4653-8b76-128e42208dfc: shutdown LeaderElection
2019-07-12 13:11:10,700 INFO  impl.RoleInfo (RoleInfo.java:updateAndGet(143)) - 69a3b7e3-dc0f-4653-8b76-128e42208dfc: start FollowerState
2019-07-12 13:11:10,710 INFO  impl.LeaderElection (LeaderElection.java:logAndReturn(56)) - 236a9b69-16f2-46bd-9ce4-e686e621f0e6:group-DE3236DE1D46:LeaderElection13: Election REJECTED; received 2 response(s) [236a9b69-16f2-46bd-9ce4-e686e621f0e6<-f5429de9-b416-4308-9dc7-db4723522379#0:FAIL-t1, 236a9b69-16f2-46bd-9ce4-e686e621f0e6<-69a3b7e3-dc0f-4653-8b76-128e42208dfc#0:FAIL-t1] and 0 exception(s); 236a9b69-16f2-46bd-9ce4-e686e621f0e6:t1, leader=null, voted=236a9b69-16f2-46bd-9ce4-e686e621f0e6, raftlog=236a9b69-16f2-46bd-9ce4-e686e621f0e6-SegmentedRaftLog:OPENED:c-1,f-1,i0, conf=-1: [f5429de9-b416-4308-9dc7-db4723522379:192.168.157.212:38276, 236a9b69-16f2-46bd-9ce4-e686e621f0e6:192.168.157.212:45982, 69a3b7e3-dc0f-4653-8b76-128e42208dfc:192.168.157.212:34540], old=null
2019-07-12 13:11:10,711 INFO  impl.RaftServerImpl (RaftServerImpl.java:setRole(171)) - 236a9b69-16f2-46bd-9ce4-e686e621f0e6:group-DE3236DE1D46 changes role from CANDIDATE to FOLLOWER at term 1 for DISCOVERED_A_NEW_TERM
2019-07-12 13:11:10,711 INFO  impl.RoleInfo (RoleInfo.java:shutdownLeaderElection(134)) - 236a9b69-16f2-46bd-9ce4-e686e621f0e6: shutdown LeaderElection
2019-07-12 13:11:10,711 INFO  impl.RoleInfo (RoleInfo.java:updateAndGet(143)) - 236a9b69-16f2-46bd-9ce4-e686e621f0e6: start FollowerState
2019-07-12 13:11:10,734 INFO  client.GrpcClientProtocolClient (GrpcClientProtocolClient.java:onNext(255)) - client-7232F2D95EAA->2d930774-d643-4c73-b233-5605f9748a71: receive RaftClientReply:client-7232F2D95EAA->2d930774-d643-4c73-b233-5605f9748a71@group-613427DCBB34, cid=13, FAILED org.apache.ratis.protocol.NotLeaderException: Server 2d930774-d643-4c73-b233-5605f9748a71 is not the leader (null). Request must be sent to leader., logIndex=0, commits[2d930774-d643-4c73-b233-5605f9748a71:c-1]
2019-07-12 13:11:11,770 INFO  client.GrpcClientProtocolClient (GrpcClientProtocolClient.java:onNext(255)) - client-7232F2D95EAA->de50b7de-f9d2-4802-a524-6de75e18a426: receive RaftClientReply:client-7232F2D95EAA->de50b7de-f9d2-4802-a524-6de75e18a426@group-613427DCBB34, cid=13, FAILED org.apache.ratis.protocol.NotLeaderException: Server de50b7de-f9d2-4802-a524-6de75e18a426 is not the leader (null). Request must be sent to leader., logIndex=0, commits[de50b7de-f9d2-4802-a524-6de75e18a426:c-1]
2019-07-12 13:11:12,804 INFO  client.GrpcClientProtocolClient (GrpcClientProtocolClient.java:onNext(255)) - client-7232F2D95EAA->2d930774-d643-4c73-b233-5605f9748a71: receive RaftClientReply:client-7232F2D95EAA->2d930774-d643-4c73-b233-5605f9748a71@group-613427DCBB34, cid=13, FAILED org.apache.ratis.protocol.NotLeaderException: Server 2d930774-d643-4c73-b233-5605f9748a71 is not the leader (null). Request must be sent to leader., logIndex=0, commits[2d930774-d643-4c73-b233-5605f9748a71:c-1]
2019-07-12 13:11:13,837 INFO  client.GrpcClientProtocolClient (GrpcClientProtocolClient.java:onNext(255)) - client-7232F2D95EAA->871b3a72-703e-465c-925f-bb68f4958a2e: receive RaftClientReply:client-7232F2D95EAA->871b3a72-703e-465c-925f-bb68f4958a2e@group-613427DCBB34, cid=13, FAILED org.apache.ratis.protocol.NotLeaderException: Server 871b3a72-703e-465c-925f-bb68f4958a2e is not the leader (null). Request must be sent to leader., logIndex=0, commits[871b3a72-703e-465c-925f-bb68f4958a2e:c-1]
2019-07-12 13:11:14,868 INFO  client.GrpcClientProtocolClient (GrpcClientProtocolClient.java:onNext(255)) - client-7232F2D95EAA->de50b7de-f9d2-4802-a524-6de75e18a426: receive RaftClientReply:client-7232F2D95EAA->de50b7de-f9d2-4802-a524-6de75e18a426@group-613427DCBB34, cid=13, FAILED org.apache.ratis.protocol.NotLeaderException: Server de50b7de-f9d2-4802-a524-6de75e18a426 is not the leader (null). Request must be sent to leader., logIndex=0, commits[de50b7de-f9d2-4802-a524-6de75e18a426:c-1]
2019-07-12 13:11:15,674 INFO  impl.FollowerState (FollowerState.java:run(106)) - 871b3a72-703e-465c-925f-bb68f4958a2e:group-613427DCBB34 changes to CANDIDATE, lastRpcTime:5079, electionTimeout:5075ms
2019-07-12 13:11:15,674 INFO  impl.RoleInfo (RoleInfo.java:shutdownFollowerState(121)) - 871b3a72-703e-465c-925f-bb68f4958a2e: shutdown FollowerState
2019-07-12 13:11:15,675 INFO  impl.RaftServerImpl (RaftServerImpl.java:setRole(171)) - 871b3a72-703e-465c-925f-bb68f4958a2e:group-613427DCBB34 changes role from FOLLOWER to CANDIDATE at term 1 for changeToCandidate
2019-07-12 13:11:15,675 INFO  impl.RoleInfo (RoleInfo.java:updateAndGet(143)) - 871b3a72-703e-465c-925f-bb68f4958a2e: start LeaderElection
2019-07-12 13:11:15,694 INFO  impl.LeaderElection (LeaderElection.java:askForVotes(181)) - 871b3a72-703e-465c-925f-bb68f4958a2e:group-613427DCBB34:LeaderElection14: begin an election at term 2 for -1: [2d930774-d643-4c73-b233-5605f9748a71:192.168.157.212:34855, 871b3a72-703e-465c-925f-bb68f4958a2e:192.168.157.212:38834, de50b7de-f9d2-4802-a524-6de75e18a426:192.168.157.212:36558], old=null
2019-07-12 13:11:15,704 INFO  impl.RaftServerImpl (RaftServerImpl.java:setRole(171)) - 2d930774-d643-4c73-b233-5605f9748a71:group-613427DCBB34 changes role from FOLLOWER to FOLLOWER at term 2 for recognizeCandidate:871b3a72-703e-465c-925f-bb68f4958a2e
2019-07-12 13:11:15,704 INFO  impl.RaftServerImpl (RaftServerImpl.java:setRole(171)) - de50b7de-f9d2-4802-a524-6de75e18a426:group-613427DCBB34 changes role from FOLLOWER to FOLLOWER at term 2 for recognizeCandidate:871b3a72-703e-465c-925f-bb68f4958a2e
2019-07-12 13:11:15,704 INFO  impl.RoleInfo (RoleInfo.java:shutdownFollowerState(121)) - 2d930774-d643-4c73-b233-5605f9748a71: shutdown FollowerState
2019-07-12 13:11:15,704 INFO  impl.RoleInfo (RoleInfo.java:shutdownFollowerState(121)) - de50b7de-f9d2-4802-a524-6de75e18a426: shutdown FollowerState
2019-07-12 13:11:15,705 INFO  impl.FollowerState (FollowerState.java:run(114)) - 2d930774-d643-4c73-b233-5605f9748a71: FollowerState was interrupted: java.lang.InterruptedException: sleep interrupted
2019-07-12 13:11:15,704 INFO  impl.RoleInfo (RoleInfo.java:updateAndGet(143)) - 2d930774-d643-4c73-b233-5605f9748a71: start FollowerState
2019-07-12 13:11:15,705 INFO  impl.FollowerState (FollowerState.java:run(114)) - de50b7de-f9d2-4802-a524-6de75e18a426: FollowerState was interrupted: java.lang.InterruptedException: sleep interrupted
2019-07-12 13:11:15,705 INFO  impl.RoleInfo (RoleInfo.java:updateAndGet(143)) - de50b7de-f9d2-4802-a524-6de75e18a426: start FollowerState
2019-07-12 13:11:15,725 INFO  impl.FollowerState (FollowerState.java:run(106)) - 69a3b7e3-dc0f-4653-8b76-128e42208dfc:group-DE3236DE1D46 changes to CANDIDATE, lastRpcTime:5025, electionTimeout:5023ms
2019-07-12 13:11:15,725 INFO  impl.RoleInfo (RoleInfo.java:shutdownFollowerState(121)) - 69a3b7e3-dc0f-4653-8b76-128e42208dfc: shutdown FollowerState
2019-07-12 13:11:15,725 INFO  impl.RaftServerImpl (RaftServerImpl.java:setRole(171)) - 69a3b7e3-dc0f-4653-8b76-128e42208dfc:group-DE3236DE1D46 changes role from FOLLOWER to CANDIDATE at term 1 for changeToCandidate
2019-07-12 13:11:15,725 INFO  impl.RoleInfo (RoleInfo.java:updateAndGet(143)) - 69a3b7e3-dc0f-4653-8b76-128e42208dfc: start LeaderElection
2019-07-12 13:11:15,731 INFO  impl.LeaderElection (LeaderElection.java:logAndReturn(56)) - 871b3a72-703e-465c-925f-bb68f4958a2e:group-613427DCBB34:LeaderElection14: Election PASSED; received 1 response(s) [871b3a72-703e-465c-925f-bb68f4958a2e<-2d930774-d643-4c73-b233-5605f9748a71#0:OK-t2] and 0 exception(s); 871b3a72-703e-465c-925f-bb68f4958a2e:t2, leader=null, voted=871b3a72-703e-465c-925f-bb68f4958a2e, raftlog=871b3a72-703e-465c-925f-bb68f4958a2e-SegmentedRaftLog:OPENED:c-1,f-1,i0, conf=-1: [2d930774-d643-4c73-b233-5605f9748a71:192.168.157.212:34855, 871b3a72-703e-465c-925f-bb68f4958a2e:192.168.157.212:38834, de50b7de-f9d2-4802-a524-6de75e18a426:192.168.157.212:36558], old=null
2019-07-12 13:11:15,731 INFO  impl.RoleInfo (RoleInfo.java:shutdownLeaderElection(134)) - 871b3a72-703e-465c-925f-bb68f4958a2e: shutdown LeaderElection
2019-07-12 13:11:15,733 INFO  impl.RaftServerImpl (RaftServerImpl.java:setRole(171)) - 871b3a72-703e-465c-925f-bb68f4958a2e:group-613427DCBB34 changes role from CANDIDATE to LEADER at term 2 for changeToLeader
2019-07-12 13:11:15,733 INFO  impl.RaftServerImpl (ServerState.java:setLeader(263)) - 871b3a72-703e-465c-925f-bb68f4958a2e:group-613427DCBB34 change Leader from null to 871b3a72-703e-465c-925f-bb68f4958a2e at term 2 for becomeLeader, leader elected after 10397ms
2019-07-12 13:11:15,733 INFO  server.RaftServerConfigKeys (ConfUtils.java:logGet(43)) - raft.server.staging.catchup.gap = 1000 (default)
2019-07-12 13:11:15,734 INFO  server.RaftServerConfigKeys (ConfUtils.java:logGet(43)) - raft.server.rpc.sleep.time = 25ms (default)
2019-07-12 13:11:15,734 INFO  server.RaftServerConfigKeys (ConfUtils.java:logGet(43)) - raft.server.write.element-limit = 4096 (default)
2019-07-12 13:11:15,734 INFO  server.RaftServerConfigKeys (ConfUtils.java:logGet(43)) - raft.server.watch.timeout = 10s (default)
2019-07-12 13:11:15,734 INFO  server.RaftServerConfigKeys (ConfUtils.java:logGet(43)) - raft.server.watch.timeout.denomination = 1s (default)
2019-07-12 13:11:15,734 INFO  server.RaftServerConfigKeys (ConfUtils.java:logGet(43)) - raft.server.watch.element-limit = 65536 (default)
2019-07-12 13:11:15,737 INFO  server.RaftServerConfigKeys (ConfUtils.java:logGet(43)) - raft.server.log.appender.snapshot.chunk.size.max = 16MB (=16777216) (default)
2019-07-12 13:11:15,738 INFO  server.RaftServerConfigKeys (ConfUtils.java:logGet(43)) - raft.server.log.appender.buffer.byte-limit = 33554432 (custom)
2019-07-12 13:11:15,738 INFO  server.RaftServerConfigKeys (ConfUtils.java:logGet(43)) - raft.server.log.appender.buffer.element-limit = 1 (custom)
2019-07-12 13:11:15,741 INFO  impl.LeaderElection (LeaderElection.java:askForVotes(181)) - 69a3b7e3-dc0f-4653-8b76-128e42208dfc:group-DE3236DE1D46:LeaderElection15: begin an election at term 2 for -1: [f5429de9-b416-4308-9dc7-db4723522379:192.168.157.212:38276, 236a9b69-16f2-46bd-9ce4-e686e621f0e6:192.168.157.212:45982, 69a3b7e3-dc0f-4653-8b76-128e42208dfc:192.168.157.212:34540], old=null
2019-07-12 13:11:15,745 INFO  grpc.GrpcConfigKeys$Server (ConfUtils.java:logGet(43)) - raft.grpc.server.leader.outstanding.appends.max = 128 (default)
2019-07-12 13:11:15,747 INFO  server.RaftServerConfigKeys (ConfUtils.java:logGet(43)) - raft.server.rpc.request.timeout = 3000ms (default)
2019-07-12 13:11:15,747 INFO  server.RaftServerConfigKeys (ConfUtils.java:logGet(43)) - raft.server.log.appender.install.snapshot.enabled = false (custom)
2019-07-12 13:11:15,747 INFO  server.RaftServerConfigKeys (ConfUtils.java:logGet(43)) - raft.server.log.appender.snapshot.chunk.size.max = 16MB (=16777216) (default)
2019-07-12 13:11:15,748 INFO  server.RaftServerConfigKeys (ConfUtils.java:logGet(43)) - raft.server.log.appender.buffer.byte-limit = 33554432 (custom)
2019-07-12 13:11:15,748 INFO  server.RaftServerConfigKeys (ConfUtils.java:logGet(43)) - raft.server.log.appender.buffer.element-limit = 1 (custom)
2019-07-12 13:11:15,748 INFO  grpc.GrpcConfigKeys$Server (ConfUtils.java:logGet(43)) - raft.grpc.server.leader.outstanding.appends.max = 128 (default)
2019-07-12 13:11:15,748 INFO  server.RaftServerConfigKeys (ConfUtils.java:logGet(43)) - raft.server.rpc.request.timeout = 3000ms (default)
2019-07-12 13:11:15,748 INFO  server.RaftServerConfigKeys (ConfUtils.java:logGet(43)) - raft.server.log.appender.install.snapshot.enabled = false (custom)
2019-07-12 13:11:15,752 INFO  impl.RaftServerImpl (RaftServerImpl.java:setRole(171)) - 236a9b69-16f2-46bd-9ce4-e686e621f0e6:group-DE3236DE1D46 changes role from FOLLOWER to FOLLOWER at term 2 for recognizeCandidate:69a3b7e3-dc0f-4653-8b76-128e42208dfc
2019-07-12 13:11:15,752 INFO  impl.RaftServerImpl (RaftServerImpl.java:setRole(171)) - f5429de9-b416-4308-9dc7-db4723522379:group-DE3236DE1D46 changes role from FOLLOWER to FOLLOWER at term 2 for recognizeCandidate:69a3b7e3-dc0f-4653-8b76-128e42208dfc
2019-07-12 13:11:15,752 INFO  impl.RoleInfo (RoleInfo.java:updateAndGet(143)) - 871b3a72-703e-465c-925f-bb68f4958a2e: start LeaderState
2019-07-12 13:11:15,752 INFO  impl.RoleInfo (RoleInfo.java:shutdownFollowerState(121)) - 236a9b69-16f2-46bd-9ce4-e686e621f0e6: shutdown FollowerState
2019-07-12 13:11:15,752 INFO  impl.RoleInfo (RoleInfo.java:shutdownFollowerState(121)) - f5429de9-b416-4308-9dc7-db4723522379: shutdown FollowerState
2019-07-12 13:11:15,753 INFO  impl.FollowerState (FollowerState.java:run(114)) - 236a9b69-16f2-46bd-9ce4-e686e621f0e6: FollowerState was interrupted: java.lang.InterruptedException: sleep interrupted
2019-07-12 13:11:15,753 INFO  impl.RoleInfo (RoleInfo.java:updateAndGet(143)) - 236a9b69-16f2-46bd-9ce4-e686e621f0e6: start FollowerState
2019-07-12 13:11:15,752 INFO  segmented.SegmentedRaftLogWorker (SegmentedRaftLogWorker.java:startLogSegment(380)) - 871b3a72-703e-465c-925f-bb68f4958a2e-SegmentedRaftLogWorker:Storage Directory /tmp/workdir/hadoop-ozone/integration-test/target/test-dir/MiniOzoneClusterImpl-aa1df1c5-0857-4523-9eb6-d70e8c83b275/datanode-1/data/ratis/9bc0a0ea-9a37-4824-8e6b-613427dcbb34: Starting segment from index:0
2019-07-12 13:11:15,753 INFO  impl.FollowerState (FollowerState.java:run(114)) - f5429de9-b416-4308-9dc7-db4723522379: FollowerState was interrupted: java.lang.InterruptedException: sleep interrupted
2019-07-12 13:11:15,753 INFO  impl.RoleInfo (RoleInfo.java:updateAndGet(143)) - f5429de9-b416-4308-9dc7-db4723522379: start FollowerState
2019-07-12 13:11:15,758 INFO  impl.RaftServerImpl (ServerState.java:setRaftConf(361)) - 871b3a72-703e-465c-925f-bb68f4958a2e:group-613427DCBB34 set configuration 0: [2d930774-d643-4c73-b233-5605f9748a71:192.168.157.212:34855, 871b3a72-703e-465c-925f-bb68f4958a2e:192.168.157.212:38834, de50b7de-f9d2-4802-a524-6de75e18a426:192.168.157.212:36558], old=null at 0
2019-07-12 13:11:15,781 INFO  impl.LeaderElection (LeaderElection.java:logAndReturn(56)) - 69a3b7e3-dc0f-4653-8b76-128e42208dfc:group-DE3236DE1D46:LeaderElection15: Election PASSED; received 1 response(s) [69a3b7e3-dc0f-4653-8b76-128e42208dfc<-236a9b69-16f2-46bd-9ce4-e686e621f0e6#0:OK-t2] and 0 exception(s); 69a3b7e3-dc0f-4653-8b76-128e42208dfc:t2, leader=null, voted=69a3b7e3-dc0f-4653-8b76-128e42208dfc, raftlog=69a3b7e3-dc0f-4653-8b76-128e42208dfc-SegmentedRaftLog:OPENED:c-1,f-1,i0, conf=-1: [f5429de9-b416-4308-9dc7-db4723522379:192.168.157.212:38276, 236a9b69-16f2-46bd-9ce4-e686e621f0e6:192.168.157.212:45982, 69a3b7e3-dc0f-4653-8b76-128e42208dfc:192.168.157.212:34540], old=null
2019-07-12 13:11:15,781 INFO  impl.RoleInfo (RoleInfo.java:shutdownLeaderElection(134)) - 69a3b7e3-dc0f-4653-8b76-128e42208dfc: shutdown LeaderElection
2019-07-12 13:11:15,785 INFO  impl.RaftServerImpl (RaftServerImpl.java:setRole(171)) - 69a3b7e3-dc0f-4653-8b76-128e42208dfc:group-DE3236DE1D46 changes role from CANDIDATE to LEADER at term 2 for changeToLeader
2019-07-12 13:11:15,785 INFO  impl.RaftServerImpl (ServerState.java:setLeader(263)) - 69a3b7e3-dc0f-4653-8b76-128e42208dfc:group-DE3236DE1D46 change Leader from null to 69a3b7e3-dc0f-4653-8b76-128e42208dfc at term 2 for becomeLeader, leader elected after 10322ms
2019-07-12 13:11:15,785 INFO  server.RaftServerConfigKeys (ConfUtils.java:logGet(43)) - raft.server.staging.catchup.gap = 1000 (default)
2019-07-12 13:11:15,785 INFO  server.RaftServerConfigKeys (ConfUtils.java:logGet(43)) - raft.server.rpc.sleep.time = 25ms (default)
2019-07-12 13:11:15,785 INFO  server.RaftServerConfigKeys (ConfUtils.java:logGet(43)) - raft.server.write.element-limit = 4096 (default)
2019-07-12 13:11:15,793 INFO  server.RaftServerConfigKeys (ConfUtils.java:logGet(43)) - raft.server.watch.timeout = 10s (default)
2019-07-12 13:11:15,793 INFO  server.RaftServerConfigKeys (ConfUtils.java:logGet(43)) - raft.server.watch.timeout.denomination = 1s (default)
2019-07-12 13:11:15,794 INFO  segmented.SegmentedRaftLogWorker (SegmentedRaftLogWorker.java:execute(569)) - 871b3a72-703e-465c-925f-bb68f4958a2e-SegmentedRaftLogWorker:Storage Directory /tmp/workdir/hadoop-ozone/integration-test/target/test-dir/MiniOzoneClusterImpl-aa1df1c5-0857-4523-9eb6-d70e8c83b275/datanode-1/data/ratis/9bc0a0ea-9a37-4824-8e6b-613427dcbb34: created new log segment /tmp/workdir/hadoop-ozone/integration-test/target/test-dir/MiniOzoneClusterImpl-aa1df1c5-0857-4523-9eb6-d70e8c83b275/datanode-1/data/ratis/9bc0a0ea-9a37-4824-8e6b-613427dcbb34/current/log_inprogress_0
2019-07-12 13:11:15,794 INFO  server.RaftServerConfigKeys (ConfUtils.java:logGet(43)) - raft.server.watch.element-limit = 65536 (default)
2019-07-12 13:11:15,796 INFO  server.RaftServerConfigKeys (ConfUtils.java:logGet(43)) - raft.server.log.appender.snapshot.chunk.size.max = 16MB (=16777216) (default)
2019-07-12 13:11:15,796 INFO  server.RaftServerConfigKeys (ConfUtils.java:logGet(43)) - raft.server.log.appender.buffer.byte-limit = 33554432 (custom)
2019-07-12 13:11:15,797 INFO  server.RaftServerConfigKeys (ConfUtils.java:logGet(43)) - raft.server.log.appender.buffer.element-limit = 1 (custom)
2019-07-12 13:11:15,797 INFO  grpc.GrpcConfigKeys$Server (ConfUtils.java:logGet(43)) - raft.grpc.server.leader.outstanding.appends.max = 128 (default)
2019-07-12 13:11:15,797 INFO  server.RaftServerConfigKeys (ConfUtils.java:logGet(43)) - raft.server.rpc.request.timeout = 3000ms (default)
2019-07-12 13:11:15,799 INFO  server.RaftServerConfigKeys (ConfUtils.java:logGet(43)) - raft.server.log.appender.install.snapshot.enabled = false (custom)
2019-07-12 13:11:15,800 INFO  server.RaftServerConfigKeys (ConfUtils.java:logGet(43)) - raft.server.log.appender.snapshot.chunk.size.max = 16MB (=16777216) (default)
2019-07-12 13:11:15,800 INFO  server.RaftServerConfigKeys (ConfUtils.java:logGet(43)) - raft.server.log.appender.buffer.byte-limit = 33554432 (custom)
2019-07-12 13:11:15,800 INFO  server.RaftServerConfigKeys (ConfUtils.java:logGet(43)) - raft.server.log.appender.buffer.element-limit = 1 (custom)
2019-07-12 13:11:15,800 INFO  grpc.GrpcConfigKeys$Server (ConfUtils.java:logGet(43)) - raft.grpc.server.leader.outstanding.appends.max = 128 (default)
2019-07-12 13:11:15,800 INFO  server.RaftServerConfigKeys (ConfUtils.java:logGet(43)) - raft.server.rpc.request.timeout = 3000ms (default)
2019-07-12 13:11:15,801 INFO  server.RaftServerConfigKeys (ConfUtils.java:logGet(43)) - raft.server.log.appender.install.snapshot.enabled = false (custom)
2019-07-12 13:11:15,801 INFO  impl.RoleInfo (RoleInfo.java:updateAndGet(143)) - 69a3b7e3-dc0f-4653-8b76-128e42208dfc: start LeaderState
2019-07-12 13:11:15,801 INFO  segmented.SegmentedRaftLogWorker (SegmentedRaftLogWorker.java:startLogSegment(380)) - 69a3b7e3-dc0f-4653-8b76-128e42208dfc-SegmentedRaftLogWorker:Storage Directory /tmp/workdir/hadoop-ozone/integration-test/target/test-dir/MiniOzoneClusterImpl-aa1df1c5-0857-4523-9eb6-d70e8c83b275/datanode-6/data/ratis/8884bc14-df19-4d03-a17c-de3236de1d46: Starting segment from index:0
2019-07-12 13:11:15,803 INFO  impl.RaftServerImpl (ServerState.java:setRaftConf(361)) - 69a3b7e3-dc0f-4653-8b76-128e42208dfc:group-DE3236DE1D46 set configuration 0: [f5429de9-b416-4308-9dc7-db4723522379:192.168.157.212:38276, 236a9b69-16f2-46bd-9ce4-e686e621f0e6:192.168.157.212:45982, 69a3b7e3-dc0f-4653-8b76-128e42208dfc:192.168.157.212:34540], old=null at 0
2019-07-12 13:11:15,833 INFO  segmented.SegmentedRaftLogWorker (SegmentedRaftLogWorker.java:execute(569)) - 69a3b7e3-dc0f-4653-8b76-128e42208dfc-SegmentedRaftLogWorker:Storage Directory /tmp/workdir/hadoop-ozone/integration-test/target/test-dir/MiniOzoneClusterImpl-aa1df1c5-0857-4523-9eb6-d70e8c83b275/datanode-6/data/ratis/8884bc14-df19-4d03-a17c-de3236de1d46: created new log segment /tmp/workdir/hadoop-ozone/integration-test/target/test-dir/MiniOzoneClusterImpl-aa1df1c5-0857-4523-9eb6-d70e8c83b275/datanode-6/data/ratis/8884bc14-df19-4d03-a17c-de3236de1d46/current/log_inprogress_0
2019-07-12 13:11:15,835 INFO  impl.RaftServerImpl (ServerState.java:setLeader(263)) - de50b7de-f9d2-4802-a524-6de75e18a426:group-613427DCBB34 change Leader from null to 871b3a72-703e-465c-925f-bb68f4958a2e at term 2 for appendEntries, leader elected after 10499ms
2019-07-12 13:11:15,835 INFO  impl.RaftServerImpl (ServerState.java:setLeader(263)) - 2d930774-d643-4c73-b233-5605f9748a71:group-613427DCBB34 change Leader from null to 871b3a72-703e-465c-925f-bb68f4958a2e at term 2 for appendEntries, leader elected after 10499ms
2019-07-12 13:11:15,835 INFO  impl.RaftServerImpl (ServerState.java:setLeader(263)) - f5429de9-b416-4308-9dc7-db4723522379:group-DE3236DE1D46 change Leader from null to 69a3b7e3-dc0f-4653-8b76-128e42208dfc at term 2 for appendEntries, leader elected after 10372ms
2019-07-12 13:11:15,835 INFO  impl.RaftServerImpl (ServerState.java:setLeader(263)) - 236a9b69-16f2-46bd-9ce4-e686e621f0e6:group-DE3236DE1D46 change Leader from null to 69a3b7e3-dc0f-4653-8b76-128e42208dfc at term 2 for appendEntries, leader elected after 10372ms
2019-07-12 13:11:15,878 INFO  impl.RaftServerImpl (ServerState.java:setRaftConf(361)) - 2d930774-d643-4c73-b233-5605f9748a71:group-613427DCBB34 set configuration 0: [2d930774-d643-4c73-b233-5605f9748a71:192.168.157.212:34855, 871b3a72-703e-465c-925f-bb68f4958a2e:192.168.157.212:38834, de50b7de-f9d2-4802-a524-6de75e18a426:192.168.157.212:36558], old=null at 0
2019-07-12 13:11:15,878 INFO  segmented.SegmentedRaftLogWorker (SegmentedRaftLogWorker.java:startLogSegment(380)) - 2d930774-d643-4c73-b233-5605f9748a71-SegmentedRaftLogWorker:Storage Directory /tmp/workdir/hadoop-ozone/integration-test/target/test-dir/MiniOzoneClusterImpl-aa1df1c5-0857-4523-9eb6-d70e8c83b275/datanode-3/data/ratis/9bc0a0ea-9a37-4824-8e6b-613427dcbb34: Starting segment from index:0
2019-07-12 13:11:15,878 INFO  impl.RaftServerImpl (ServerState.java:setRaftConf(361)) - de50b7de-f9d2-4802-a524-6de75e18a426:group-613427DCBB34 set configuration 0: [2d930774-d643-4c73-b233-5605f9748a71:192.168.157.212:34855, 871b3a72-703e-465c-925f-bb68f4958a2e:192.168.157.212:38834, de50b7de-f9d2-4802-a524-6de75e18a426:192.168.157.212:36558], old=null at 0
2019-07-12 13:11:15,878 INFO  impl.RaftServerImpl (ServerState.java:setRaftConf(361)) - f5429de9-b416-4308-9dc7-db4723522379:group-DE3236DE1D46 set configuration 0: [f5429de9-b416-4308-9dc7-db4723522379:192.168.157.212:38276, 236a9b69-16f2-46bd-9ce4-e686e621f0e6:192.168.157.212:45982, 69a3b7e3-dc0f-4653-8b76-128e42208dfc:192.168.157.212:34540], old=null at 0
2019-07-12 13:11:15,878 INFO  impl.RaftServerImpl (ServerState.java:setRaftConf(361)) - 236a9b69-16f2-46bd-9ce4-e686e621f0e6:group-DE3236DE1D46 set configuration 0: [f5429de9-b416-4308-9dc7-db4723522379:192.168.157.212:38276, 236a9b69-16f2-46bd-9ce4-e686e621f0e6:192.168.157.212:45982, 69a3b7e3-dc0f-4653-8b76-128e42208dfc:192.168.157.212:34540], old=null at 0
2019-07-12 13:11:15,879 INFO  segmented.SegmentedRaftLogWorker (SegmentedRaftLogWorker.java:startLogSegment(380)) - f5429de9-b416-4308-9dc7-db4723522379-SegmentedRaftLogWorker:Storage Directory /tmp/workdir/hadoop-ozone/integration-test/target/test-dir/MiniOzoneClusterImpl-aa1df1c5-0857-4523-9eb6-d70e8c83b275/datanode-4/data/ratis/8884bc14-df19-4d03-a17c-de3236de1d46: Starting segment from index:0
2019-07-12 13:11:15,878 INFO  segmented.SegmentedRaftLogWorker (SegmentedRaftLogWorker.java:startLogSegment(380)) - de50b7de-f9d2-4802-a524-6de75e18a426-SegmentedRaftLogWorker:Storage Directory /tmp/workdir/hadoop-ozone/integration-test/target/test-dir/MiniOzoneClusterImpl-aa1df1c5-0857-4523-9eb6-d70e8c83b275/datanode-5/data/ratis/9bc0a0ea-9a37-4824-8e6b-613427dcbb34: Starting segment from index:0
2019-07-12 13:11:15,879 INFO  segmented.SegmentedRaftLogWorker (SegmentedRaftLogWorker.java:startLogSegment(380)) - 236a9b69-16f2-46bd-9ce4-e686e621f0e6-SegmentedRaftLogWorker:Storage Directory /tmp/workdir/hadoop-ozone/integration-test/target/test-dir/MiniOzoneClusterImpl-aa1df1c5-0857-4523-9eb6-d70e8c83b275/datanode-2/data/ratis/8884bc14-df19-4d03-a17c-de3236de1d46: Starting segment from index:0
2019-07-12 13:11:15,907 INFO  client.GrpcClientProtocolClient (GrpcClientProtocolClient.java:onNext(255)) - client-7232F2D95EAA->2d930774-d643-4c73-b233-5605f9748a71: receive RaftClientReply:client-7232F2D95EAA->2d930774-d643-4c73-b233-5605f9748a71@group-613427DCBB34, cid=13, FAILED org.apache.ratis.protocol.NotLeaderException: Server 2d930774-d643-4c73-b233-5605f9748a71 is not the leader (871b3a72-703e-465c-925f-bb68f4958a2e:192.168.157.212:38834). Request must be sent to leader., logIndex=0, commits[2d930774-d643-4c73-b233-5605f9748a71:c-1, 871b3a72-703e-465c-925f-bb68f4958a2e:c0, de50b7de-f9d2-4802-a524-6de75e18a426:c-1]
2019-07-12 13:11:15,917 INFO  segmented.SegmentedRaftLogWorker (SegmentedRaftLogWorker.java:execute(569)) - 2d930774-d643-4c73-b233-5605f9748a71-SegmentedRaftLogWorker:Storage Directory /tmp/workdir/hadoop-ozone/integration-test/target/test-dir/MiniOzoneClusterImpl-aa1df1c5-0857-4523-9eb6-d70e8c83b275/datanode-3/data/ratis/9bc0a0ea-9a37-4824-8e6b-613427dcbb34: created new log segment /tmp/workdir/hadoop-ozone/integration-test/target/test-dir/MiniOzoneClusterImpl-aa1df1c5-0857-4523-9eb6-d70e8c83b275/datanode-3/data/ratis/9bc0a0ea-9a37-4824-8e6b-613427dcbb34/current/log_inprogress_0
2019-07-12 13:11:15,917 INFO  segmented.SegmentedRaftLogWorker (SegmentedRaftLogWorker.java:execute(569)) - 236a9b69-16f2-46bd-9ce4-e686e621f0e6-SegmentedRaftLogWorker:Storage Directory /tmp/workdir/hadoop-ozone/integration-test/target/test-dir/MiniOzoneClusterImpl-aa1df1c5-0857-4523-9eb6-d70e8c83b275/datanode-2/data/ratis/8884bc14-df19-4d03-a17c-de3236de1d46: created new log segment /tmp/workdir/hadoop-ozone/integration-test/target/test-dir/MiniOzoneClusterImpl-aa1df1c5-0857-4523-9eb6-d70e8c83b275/datanode-2/data/ratis/8884bc14-df19-4d03-a17c-de3236de1d46/current/log_inprogress_0
2019-07-12 13:11:15,917 INFO  segmented.SegmentedRaftLogWorker (SegmentedRaftLogWorker.java:execute(569)) - de50b7de-f9d2-4802-a524-6de75e18a426-SegmentedRaftLogWorker:Storage Directory /tmp/workdir/hadoop-ozone/integration-test/target/test-dir/MiniOzoneClusterImpl-aa1df1c5-0857-4523-9eb6-d70e8c83b275/datanode-5/data/ratis/9bc0a0ea-9a37-4824-8e6b-613427dcbb34: created new log segment /tmp/workdir/hadoop-ozone/integration-test/target/test-dir/MiniOzoneClusterImpl-aa1df1c5-0857-4523-9eb6-d70e8c83b275/datanode-5/data/ratis/9bc0a0ea-9a37-4824-8e6b-613427dcbb34/current/log_inprogress_0
2019-07-12 13:11:15,917 INFO  segmented.SegmentedRaftLogWorker (SegmentedRaftLogWorker.java:execute(569)) - f5429de9-b416-4308-9dc7-db4723522379-SegmentedRaftLogWorker:Storage Directory /tmp/workdir/hadoop-ozone/integration-test/target/test-dir/MiniOzoneClusterImpl-aa1df1c5-0857-4523-9eb6-d70e8c83b275/datanode-4/data/ratis/8884bc14-df19-4d03-a17c-de3236de1d46: created new log segment /tmp/workdir/hadoop-ozone/integration-test/target/test-dir/MiniOzoneClusterImpl-aa1df1c5-0857-4523-9eb6-d70e8c83b275/datanode-4/data/ratis/8884bc14-df19-4d03-a17c-de3236de1d46/current/log_inprogress_0
2019-07-12 13:11:16,199 INFO  client.GrpcClientProtocolClient (GrpcClientProtocolClient.java:onNext(255)) - client-7232F2D95EAA->871b3a72-703e-465c-925f-bb68f4958a2e: receive RaftClientReply:client-7232F2D95EAA->871b3a72-703e-465c-925f-bb68f4958a2e@group-613427DCBB34, cid=13, SUCCESS, logIndex=1, commits[871b3a72-703e-465c-925f-bb68f4958a2e:c1, 2d930774-d643-4c73-b233-5605f9748a71:c0, de50b7de-f9d2-4802-a524-6de75e18a426:c0]
2019-07-12 13:11:16,316 INFO  client.GrpcClientProtocolClient (GrpcClientProtocolClient.java:onNext(255)) - client-7232F2D95EAA->871b3a72-703e-465c-925f-bb68f4958a2e: receive RaftClientReply:client-7232F2D95EAA->871b3a72-703e-465c-925f-bb68f4958a2e@group-613427DCBB34, cid=14, SUCCESS, logIndex=3, commits[871b3a72-703e-465c-925f-bb68f4958a2e:c4, 2d930774-d643-4c73-b233-5605f9748a71:c3, de50b7de-f9d2-4802-a524-6de75e18a426:c3]
2019-07-12 13:11:16,530 INFO  container.CloseContainerEventHandler (CloseContainerEventHandler.java:onMessage(61)) - Close container Event triggered for container : #1
2019-07-12 13:11:16,534 INFO  container.CloseContainerEventHandler (CloseContainerEventHandler.java:onMessage(61)) - Close container Event triggered for container : #1
2019-07-12 13:11:16,535 INFO  container.CloseContainerEventHandler (CloseContainerEventHandler.java:onMessage(61)) - Close container Event triggered for container : #1
2019-07-12 13:11:18,113 INFO  interfaces.Container (KeyValueContainer.java:compactDB(356)) - Container 1 is closed with bcsId 3.
2019-07-12 13:11:18,143 INFO  interfaces.Container (KeyValueContainer.java:compactDB(356)) - Container 1 is closed with bcsId 3.
2019-07-12 13:11:18,143 INFO  interfaces.Container (KeyValueContainer.java:compactDB(356)) - Container 1 is closed with bcsId 3.
13:11:18.546 [grpc-default-executor-2] ERROR DNAudit - user=null | ip=null | op=WRITE_CHUNK {blockData=conID: 1 locID: 102428643581755393 bcsId: 3} | ret=FAILURE
org.apache.hadoop.hdds.scm.container.common.helpers.ContainerNotOpenException: Container 1 in CLOSED state
	at org.apache.hadoop.ozone.container.common.impl.HddsDispatcher.validateContainerCommand(HddsDispatcher.java:408) ~[hadoop-hdds-container-service-0.5.0-SNAPSHOT.jar:?]
	at org.apache.hadoop.ozone.container.common.transport.server.ratis.ContainerStateMachine.startTransaction(ContainerStateMachine.java:271) ~[hadoop-hdds-container-service-0.5.0-SNAPSHOT.jar:?]
	at org.apache.ratis.server.impl.RaftServerImpl.submitClientRequestAsync(RaftServerImpl.java:566) ~[ratis-server-0.4.0-2337318-SNAPSHOT.jar:0.4.0-2337318-SNAPSHOT]
	at org.apache.ratis.server.impl.RaftServerProxy.lambda$submitClientRequestAsync$7(RaftServerProxy.java:333) ~[ratis-server-0.4.0-2337318-SNAPSHOT.jar:0.4.0-2337318-SNAPSHOT]
	at org.apache.ratis.server.impl.RaftServerProxy.lambda$null$5(RaftServerProxy.java:328) ~[ratis-server-0.4.0-2337318-SNAPSHOT.jar:0.4.0-2337318-SNAPSHOT]
	at org.apache.ratis.util.JavaUtils.callAsUnchecked(JavaUtils.java:109) ~[ratis-common-0.4.0-2337318-SNAPSHOT.jar:0.4.0-2337318-SNAPSHOT]
	at org.apache.ratis.server.impl.RaftServerProxy.lambda$submitRequest$6(RaftServerProxy.java:328) ~[ratis-server-0.4.0-2337318-SNAPSHOT.jar:0.4.0-2337318-SNAPSHOT]
	at java.util.concurrent.CompletableFuture.uniComposeStage(CompletableFuture.java:981) ~[?:1.8.0_212]
	at java.util.concurrent.CompletableFuture.thenCompose(CompletableFuture.java:2124) ~[?:1.8.0_212]
	at org.apache.ratis.server.impl.RaftServerProxy.submitRequest(RaftServerProxy.java:327) ~[ratis-server-0.4.0-2337318-SNAPSHOT.jar:0.4.0-2337318-SNAPSHOT]
	at org.apache.ratis.server.impl.RaftServerProxy.submitClientRequestAsync(RaftServerProxy.java:333) ~[ratis-server-0.4.0-2337318-SNAPSHOT.jar:0.4.0-2337318-SNAPSHOT]
	at org.apache.ratis.grpc.client.GrpcClientProtocolService$RequestStreamObserver.processClientRequest(GrpcClientProtocolService.java:220) ~[ratis-grpc-0.4.0-2337318-SNAPSHOT.jar:0.4.0-2337318-SNAPSHOT]
	at org.apache.ratis.grpc.client.GrpcClientProtocolService$OrderedRequestStreamObserver.processClientRequest(GrpcClientProtocolService.java:326) ~[ratis-grpc-0.4.0-2337318-SNAPSHOT.jar:0.4.0-2337318-SNAPSHOT]
	at org.apache.ratis.util.SlidingWindow$Server.processRequestsFromHead(SlidingWindow.java:429) [ratis-common-0.4.0-2337318-SNAPSHOT.jar:0.4.0-2337318-SNAPSHOT]
	at org.apache.ratis.util.SlidingWindow$Server.receivedRequest(SlidingWindow.java:421) [ratis-common-0.4.0-2337318-SNAPSHOT.jar:0.4.0-2337318-SNAPSHOT]
	at org.apache.ratis.grpc.client.GrpcClientProtocolService$OrderedRequestStreamObserver.processClientRequest(GrpcClientProtocolService.java:345) [ratis-grpc-0.4.0-2337318-SNAPSHOT.jar:0.4.0-2337318-SNAPSHOT]
	at org.apache.ratis.grpc.client.GrpcClientProtocolService$RequestStreamObserver.onNext(GrpcClientProtocolService.java:240) [ratis-grpc-0.4.0-2337318-SNAPSHOT.jar:0.4.0-2337318-SNAPSHOT]
	at org.apache.ratis.grpc.client.GrpcClientProtocolService$RequestStreamObserver.onNext(GrpcClientProtocolService.java:168) [ratis-grpc-0.4.0-2337318-SNAPSHOT.jar:0.4.0-2337318-SNAPSHOT]
	at org.apache.ratis.thirdparty.io.grpc.stub.ServerCalls$StreamingServerCallHandler$StreamingServerCallListener.onMessage(ServerCalls.java:248) [ratis-thirdparty-misc-0.2.0.jar:0.2.0]
	at org.apache.ratis.thirdparty.io.grpc.internal.ServerCallImpl$ServerStreamListenerImpl.messagesAvailable(ServerCallImpl.java:263) [ratis-thirdparty-misc-0.2.0.jar:0.2.0]
	at org.apache.ratis.thirdparty.io.grpc.internal.ServerImpl$JumpToApplicationThreadServerStreamListener$1MessagesAvailable.runInContext(ServerImpl.java:686) [ratis-thirdparty-misc-0.2.0.jar:0.2.0]
	at org.apache.ratis.thirdparty.io.grpc.internal.ContextRunnable.run(ContextRunnable.java:37) [ratis-thirdparty-misc-0.2.0.jar:0.2.0]
	at org.apache.ratis.thirdparty.io.grpc.internal.SerializingExecutor.run(SerializingExecutor.java:123) [ratis-thirdparty-misc-0.2.0.jar:0.2.0]
	at java.util.concurrent.ThreadPoolExecutor.runWorker(ThreadPoolExecutor.java:1149) [?:1.8.0_212]
	at java.util.concurrent.ThreadPoolExecutor$Worker.run(ThreadPoolExecutor.java:624) [?:1.8.0_212]
	at java.lang.Thread.run(Thread.java:748) [?:1.8.0_212]
13:11:18.597 [grpc-default-executor-2] ERROR DNAudit - user=null | ip=null | op=PUT_BLOCK {blockData=[blockId=conID: 1 locID: 102428643581755393 bcsId: 0,size=2097152]} | ret=FAILURE
org.apache.hadoop.hdds.scm.container.common.helpers.ContainerNotOpenException: Container 1 in CLOSED state
	at org.apache.hadoop.ozone.container.common.impl.HddsDispatcher.validateContainerCommand(HddsDispatcher.java:408) ~[hadoop-hdds-container-service-0.5.0-SNAPSHOT.jar:?]
	at org.apache.hadoop.ozone.container.common.transport.server.ratis.ContainerStateMachine.startTransaction(ContainerStateMachine.java:271) ~[hadoop-hdds-container-service-0.5.0-SNAPSHOT.jar:?]
	at org.apache.ratis.server.impl.RaftServerImpl.submitClientRequestAsync(RaftServerImpl.java:566) ~[ratis-server-0.4.0-2337318-SNAPSHOT.jar:0.4.0-2337318-SNAPSHOT]
	at org.apache.ratis.server.impl.RaftServerProxy.lambda$submitClientRequestAsync$7(RaftServerProxy.java:333) ~[ratis-server-0.4.0-2337318-SNAPSHOT.jar:0.4.0-2337318-SNAPSHOT]
	at org.apache.ratis.server.impl.RaftServerProxy.lambda$null$5(RaftServerProxy.java:328) ~[ratis-server-0.4.0-2337318-SNAPSHOT.jar:0.4.0-2337318-SNAPSHOT]
	at org.apache.ratis.util.JavaUtils.callAsUnchecked(JavaUtils.java:109) ~[ratis-common-0.4.0-2337318-SNAPSHOT.jar:0.4.0-2337318-SNAPSHOT]
	at org.apache.ratis.server.impl.RaftServerProxy.lambda$submitRequest$6(RaftServerProxy.java:328) ~[ratis-server-0.4.0-2337318-SNAPSHOT.jar:0.4.0-2337318-SNAPSHOT]
	at java.util.concurrent.CompletableFuture.uniComposeStage(CompletableFuture.java:981) ~[?:1.8.0_212]
	at java.util.concurrent.CompletableFuture.thenCompose(CompletableFuture.java:2124) ~[?:1.8.0_212]
	at org.apache.ratis.server.impl.RaftServerProxy.submitRequest(RaftServerProxy.java:327) ~[ratis-server-0.4.0-2337318-SNAPSHOT.jar:0.4.0-2337318-SNAPSHOT]
	at org.apache.ratis.server.impl.RaftServerProxy.submitClientRequestAsync(RaftServerProxy.java:333) ~[ratis-server-0.4.0-2337318-SNAPSHOT.jar:0.4.0-2337318-SNAPSHOT]
	at org.apache.ratis.grpc.client.GrpcClientProtocolService$RequestStreamObserver.processClientRequest(GrpcClientProtocolService.java:220) ~[ratis-grpc-0.4.0-2337318-SNAPSHOT.jar:0.4.0-2337318-SNAPSHOT]
	at org.apache.ratis.grpc.client.GrpcClientProtocolService$OrderedRequestStreamObserver.processClientRequest(GrpcClientProtocolService.java:326) ~[ratis-grpc-0.4.0-2337318-SNAPSHOT.jar:0.4.0-2337318-SNAPSHOT]
	at org.apache.ratis.util.SlidingWindow$Server.processRequestsFromHead(SlidingWindow.java:429) [ratis-common-0.4.0-2337318-SNAPSHOT.jar:0.4.0-2337318-SNAPSHOT]
	at org.apache.ratis.util.SlidingWindow$Server.receivedRequest(SlidingWindow.java:421) [ratis-common-0.4.0-2337318-SNAPSHOT.jar:0.4.0-2337318-SNAPSHOT]
	at org.apache.ratis.grpc.client.GrpcClientProtocolService$OrderedRequestStreamObserver.processClientRequest(GrpcClientProtocolService.java:345) [ratis-grpc-0.4.0-2337318-SNAPSHOT.jar:0.4.0-2337318-SNAPSHOT]
	at org.apache.ratis.grpc.client.GrpcClientProtocolService$RequestStreamObserver.onNext(GrpcClientProtocolService.java:240) [ratis-grpc-0.4.0-2337318-SNAPSHOT.jar:0.4.0-2337318-SNAPSHOT]
	at org.apache.ratis.grpc.client.GrpcClientProtocolService$RequestStreamObserver.onNext(GrpcClientProtocolService.java:168) [ratis-grpc-0.4.0-2337318-SNAPSHOT.jar:0.4.0-2337318-SNAPSHOT]
	at org.apache.ratis.thirdparty.io.grpc.stub.ServerCalls$StreamingServerCallHandler$StreamingServerCallListener.onMessage(ServerCalls.java:248) [ratis-thirdparty-misc-0.2.0.jar:0.2.0]
	at org.apache.ratis.thirdparty.io.grpc.internal.ServerCallImpl$ServerStreamListenerImpl.messagesAvailable(ServerCallImpl.java:263) [ratis-thirdparty-misc-0.2.0.jar:0.2.0]
	at org.apache.ratis.thirdparty.io.grpc.internal.ServerImpl$JumpToApplicationThreadServerStreamListener$1MessagesAvailable.runInContext(ServerImpl.java:686) [ratis-thirdparty-misc-0.2.0.jar:0.2.0]
	at org.apache.ratis.thirdparty.io.grpc.internal.ContextRunnable.run(ContextRunnable.java:37) [ratis-thirdparty-misc-0.2.0.jar:0.2.0]
	at org.apache.ratis.thirdparty.io.grpc.internal.SerializingExecutor.run(SerializingExecutor.java:123) [ratis-thirdparty-misc-0.2.0.jar:0.2.0]
	at java.util.concurrent.ThreadPoolExecutor.runWorker(ThreadPoolExecutor.java:1149) [?:1.8.0_212]
	at java.util.concurrent.ThreadPoolExecutor$Worker.run(ThreadPoolExecutor.java:624) [?:1.8.0_212]
	at java.lang.Thread.run(Thread.java:748) [?:1.8.0_212]
2019-07-12 13:11:18,616 INFO  client.GrpcClientProtocolClient (GrpcClientProtocolClient.java:onNext(255)) - client-7232F2D95EAA->871b3a72-703e-465c-925f-bb68f4958a2e: receive RaftClientReply:client-7232F2D95EAA->871b3a72-703e-465c-925f-bb68f4958a2e@group-613427DCBB34, cid=15, FAILED org.apache.ratis.protocol.StateMachineException: org.apache.hadoop.hdds.scm.container.common.helpers.ContainerNotOpenException from Server 871b3a72-703e-465c-925f-bb68f4958a2e: Container 1 in CLOSED state, logIndex=0, commits[871b3a72-703e-465c-925f-bb68f4958a2e:c6, 2d930774-d643-4c73-b233-5605f9748a71:c5, de50b7de-f9d2-4802-a524-6de75e18a426:c5]
2019-07-12 13:11:18,619 INFO  client.GrpcClientProtocolClient (GrpcClientProtocolClient.java:onNext(255)) - client-7232F2D95EAA->871b3a72-703e-465c-925f-bb68f4958a2e: receive RaftClientReply:client-7232F2D95EAA->871b3a72-703e-465c-925f-bb68f4958a2e@group-613427DCBB34, cid=16, FAILED org.apache.ratis.protocol.StateMachineException: org.apache.hadoop.hdds.scm.container.common.helpers.ContainerNotOpenException from Server 871b3a72-703e-465c-925f-bb68f4958a2e: Container 1 in CLOSED state, logIndex=0, commits[871b3a72-703e-465c-925f-bb68f4958a2e:c6, 2d930774-d643-4c73-b233-5605f9748a71:c5, de50b7de-f9d2-4802-a524-6de75e18a426:c5]
2019-07-12 13:11:18,832 INFO  client.GrpcClientProtocolClient (GrpcClientProtocolClient.java:onNext(255)) - client-7DE34CC59F3D->69a3b7e3-dc0f-4653-8b76-128e42208dfc: receive RaftClientReply:client-7DE34CC59F3D->69a3b7e3-dc0f-4653-8b76-128e42208dfc@group-DE3236DE1D46, cid=17, SUCCESS, logIndex=1, commits[69a3b7e3-dc0f-4653-8b76-128e42208dfc:c1, f5429de9-b416-4308-9dc7-db4723522379:c0, 236a9b69-16f2-46bd-9ce4-e686e621f0e6:c0]
2019-07-12 13:11:18,932 INFO  client.GrpcClientProtocolClient (GrpcClientProtocolClient.java:onNext(255)) - client-7DE34CC59F3D->69a3b7e3-dc0f-4653-8b76-128e42208dfc: receive RaftClientReply:client-7DE34CC59F3D->69a3b7e3-dc0f-4653-8b76-128e42208dfc@group-DE3236DE1D46, cid=18, SUCCESS, logIndex=3, commits[69a3b7e3-dc0f-4653-8b76-128e42208dfc:c8, f5429de9-b416-4308-9dc7-db4723522379:c5, 236a9b69-16f2-46bd-9ce4-e686e621f0e6:c5]
2019-07-12 13:11:18,935 INFO  client.GrpcClientProtocolClient (GrpcClientProtocolClient.java:onNext(255)) - client-7DE34CC59F3D->69a3b7e3-dc0f-4653-8b76-128e42208dfc: receive RaftClientReply:client-7DE34CC59F3D->69a3b7e3-dc0f-4653-8b76-128e42208dfc@group-DE3236DE1D46, cid=19, SUCCESS, logIndex=4, commits[69a3b7e3-dc0f-4653-8b76-128e42208dfc:c8, f5429de9-b416-4308-9dc7-db4723522379:c5, 236a9b69-16f2-46bd-9ce4-e686e621f0e6:c5]
2019-07-12 13:11:19,007 INFO  client.GrpcClientProtocolClient (GrpcClientProtocolClient.java:onNext(255)) - client-7DE34CC59F3D->69a3b7e3-dc0f-4653-8b76-128e42208dfc: receive RaftClientReply:client-7DE34CC59F3D->69a3b7e3-dc0f-4653-8b76-128e42208dfc@group-DE3236DE1D46, cid=20, SUCCESS, logIndex=5, commits[69a3b7e3-dc0f-4653-8b76-128e42208dfc:c8, f5429de9-b416-4308-9dc7-db4723522379:c5, 236a9b69-16f2-46bd-9ce4-e686e621f0e6:c5]
2019-07-12 13:11:19,106 INFO  pipeline.Pipeline (Pipeline.java:getProtobufMessage(195)) - Serialize pipeline PipelineID=8884bc14-df19-4d03-a17c-de3236de1d46 with nodesInOrder{ }
2019-07-12 13:11:19,108 INFO  pipeline.Pipeline (Pipeline.java:build(342)) - Deserialize nodesInOrder [69a3b7e3-dc0f-4653-8b76-128e42208dfc{ip: 192.168.157.212, host: pr-hdds-17356bwxm-3764869708, networkLocation: /default-rack, certSerialId: null}, 69a3b7e3-dc0f-4653-8b76-128e42208dfc{ip: 192.168.157.212, host: pr-hdds-17356bwxm-3764869708, networkLocation: /default-rack, certSerialId: null}, 69a3b7e3-dc0f-4653-8b76-128e42208dfc{ip: 192.168.157.212, host: pr-hdds-17356bwxm-3764869708, networkLocation: /default-rack, certSerialId: null}] in pipeline PipelineID=8884bc14-df19-4d03-a17c-de3236de1d46
]]></system-out>
    <system-err><![CDATA[ERROR StatusLogger No Log4j 2 configuration file found. Using default configuration (logging only errors to the console), or user programmatically provided configurations. Set system property 'log4j2.debug' to show Log4j 2 internal initialization logging. See https://logging.apache.org/log4j/2.x/manual/configuration.html for instructions on how to configure Log4j 2
Jul 12, 2019 1:10:58 PM com.sun.jersey.server.impl.application.WebApplicationImpl _initiate
INFO: Initiating Jersey application, version 'Jersey: 1.19 02/11/2015 03:25 AM'
Jul 12, 2019 1:10:59 PM com.sun.jersey.server.impl.application.WebApplicationImpl _initiate
INFO: Initiating Jersey application, version 'Jersey: 1.19 02/11/2015 03:25 AM'
Jul 12, 2019 1:10:59 PM com.sun.jersey.server.impl.application.WebApplicationImpl _initiate
INFO: Initiating Jersey application, version 'Jersey: 1.19 02/11/2015 03:25 AM'
Jul 12, 2019 1:11:00 PM com.sun.jersey.server.impl.application.WebApplicationImpl _initiate
INFO: Initiating Jersey application, version 'Jersey: 1.19 02/11/2015 03:25 AM'
Jul 12, 2019 1:11:00 PM com.sun.jersey.server.impl.application.WebApplicationImpl _initiate
INFO: Initiating Jersey application, version 'Jersey: 1.19 02/11/2015 03:25 AM'
Jul 12, 2019 1:11:00 PM com.sun.jersey.server.impl.application.WebApplicationImpl _initiate
INFO: Initiating Jersey application, version 'Jersey: 1.19 02/11/2015 03:25 AM'
Jul 12, 2019 1:11:00 PM com.sun.jersey.server.impl.application.WebApplicationImpl _initiate
INFO: Initiating Jersey application, version 'Jersey: 1.19 02/11/2015 03:25 AM'
]]></system-err>
  </testcase>
  <testcase name="testBlockWritesWithFlushAndClose" classname="org.apache.hadoop.ozone.client.rpc.TestCloseContainerHandlingByClient" time="2.899">
    <error type="java.lang.IllegalArgumentException">java.lang.IllegalArgumentException
	at com.google.common.base.Preconditions.checkArgument(Preconditions.java:72)
	at org.apache.hadoop.hdds.scm.XceiverClientManager.acquireClient(XceiverClientManager.java:150)
	at org.apache.hadoop.hdds.scm.XceiverClientManager.acquireClientForReadData(XceiverClientManager.java:143)
	at org.apache.hadoop.hdds.scm.storage.BlockInputStream.getChunkInfos(BlockInputStream.java:154)
	at org.apache.hadoop.hdds.scm.storage.BlockInputStream.initialize(BlockInputStream.java:118)
	at org.apache.hadoop.hdds.scm.storage.BlockInputStream.read(BlockInputStream.java:222)
	at org.apache.hadoop.ozone.client.io.KeyInputStream.read(KeyInputStream.java:171)
	at org.apache.hadoop.ozone.client.io.OzoneInputStream.read(OzoneInputStream.java:47)
	at java.io.InputStream.read(InputStream.java:101)
	at org.apache.hadoop.ozone.container.ContainerTestHelper.validateData(ContainerTestHelper.java:709)
	at org.apache.hadoop.ozone.client.rpc.TestCloseContainerHandlingByClient.validateData(TestCloseContainerHandlingByClient.java:401)
	at org.apache.hadoop.ozone.client.rpc.TestCloseContainerHandlingByClient.testBlockWritesWithFlushAndClose(TestCloseContainerHandlingByClient.java:150)
	at sun.reflect.NativeMethodAccessorImpl.invoke0(Native Method)
	at sun.reflect.NativeMethodAccessorImpl.invoke(NativeMethodAccessorImpl.java:62)
	at sun.reflect.DelegatingMethodAccessorImpl.invoke(DelegatingMethodAccessorImpl.java:43)
	at java.lang.reflect.Method.invoke(Method.java:498)
	at org.junit.runners.model.FrameworkMethod$1.runReflectiveCall(FrameworkMethod.java:47)
	at org.junit.internal.runners.model.ReflectiveCallable.run(ReflectiveCallable.java:12)
	at org.junit.runners.model.FrameworkMethod.invokeExplosively(FrameworkMethod.java:44)
	at org.junit.internal.runners.statements.InvokeMethod.evaluate(InvokeMethod.java:17)
	at org.junit.runners.ParentRunner.runLeaf(ParentRunner.java:271)
	at org.junit.runners.BlockJUnit4ClassRunner.runChild(BlockJUnit4ClassRunner.java:70)
	at org.junit.runners.BlockJUnit4ClassRunner.runChild(BlockJUnit4ClassRunner.java:50)
	at org.junit.runners.ParentRunner$3.run(ParentRunner.java:238)
	at org.junit.runners.ParentRunner$1.schedule(ParentRunner.java:63)
	at org.junit.runners.ParentRunner.runChildren(ParentRunner.java:236)
	at org.junit.runners.ParentRunner.access$000(ParentRunner.java:53)
	at org.junit.runners.ParentRunner$2.evaluate(ParentRunner.java:229)
	at org.junit.internal.runners.statements.RunBefores.evaluate(RunBefores.java:26)
	at org.junit.internal.runners.statements.RunAfters.evaluate(RunAfters.java:27)
	at org.junit.runners.ParentRunner.run(ParentRunner.java:309)
	at org.apache.maven.surefire.junit4.JUnit4Provider.execute(JUnit4Provider.java:365)
	at org.apache.maven.surefire.junit4.JUnit4Provider.executeWithRerun(JUnit4Provider.java:273)
	at org.apache.maven.surefire.junit4.JUnit4Provider.executeTestSet(JUnit4Provider.java:238)
	at org.apache.maven.surefire.junit4.JUnit4Provider.invoke(JUnit4Provider.java:159)
	at org.apache.maven.surefire.booter.ForkedBooter.invokeProviderInSameClassLoader(ForkedBooter.java:384)
	at org.apache.maven.surefire.booter.ForkedBooter.runSuitesInProcess(ForkedBooter.java:345)
	at org.apache.maven.surefire.booter.ForkedBooter.execute(ForkedBooter.java:126)
	at org.apache.maven.surefire.booter.ForkedBooter.main(ForkedBooter.java:418)
</error>
    <system-out><![CDATA[2019-07-12 13:11:19,205 INFO  client.GrpcClientProtocolClient (GrpcClientProtocolClient.java:onNext(255)) - client-6C04BD49F4D5->de50b7de-f9d2-4802-a524-6de75e18a426: receive RaftClientReply:client-6C04BD49F4D5->de50b7de-f9d2-4802-a524-6de75e18a426@group-613427DCBB34, cid=21, FAILED org.apache.ratis.protocol.NotLeaderException: Server de50b7de-f9d2-4802-a524-6de75e18a426 is not the leader (871b3a72-703e-465c-925f-bb68f4958a2e:192.168.157.212:38834). Request must be sent to leader., logIndex=0, commits[de50b7de-f9d2-4802-a524-6de75e18a426:c5, 2d930774-d643-4c73-b233-5605f9748a71:c4, 871b3a72-703e-465c-925f-bb68f4958a2e:c5]
2019-07-12 13:11:19,382 INFO  client.GrpcClientProtocolClient (GrpcClientProtocolClient.java:onNext(255)) - client-6C04BD49F4D5->871b3a72-703e-465c-925f-bb68f4958a2e: receive RaftClientReply:client-6C04BD49F4D5->871b3a72-703e-465c-925f-bb68f4958a2e@group-613427DCBB34, cid=21, SUCCESS, logIndex=7, commits[871b3a72-703e-465c-925f-bb68f4958a2e:c7, 2d930774-d643-4c73-b233-5605f9748a71:c6, de50b7de-f9d2-4802-a524-6de75e18a426:c6]
2019-07-12 13:11:19,453 INFO  client.GrpcClientProtocolClient (GrpcClientProtocolClient.java:onNext(255)) - client-6C04BD49F4D5->871b3a72-703e-465c-925f-bb68f4958a2e: receive RaftClientReply:client-6C04BD49F4D5->871b3a72-703e-465c-925f-bb68f4958a2e@group-613427DCBB34, cid=22, SUCCESS, logIndex=9, commits[871b3a72-703e-465c-925f-bb68f4958a2e:c10, 2d930774-d643-4c73-b233-5605f9748a71:c9, de50b7de-f9d2-4802-a524-6de75e18a426:c9]
2019-07-12 13:11:19,691 INFO  container.CloseContainerEventHandler (CloseContainerEventHandler.java:onMessage(61)) - Close container Event triggered for container : #3
2019-07-12 13:11:19,692 INFO  container.CloseContainerEventHandler (CloseContainerEventHandler.java:onMessage(61)) - Close container Event triggered for container : #3
2019-07-12 13:11:19,693 INFO  container.CloseContainerEventHandler (CloseContainerEventHandler.java:onMessage(61)) - Close container Event triggered for container : #3
2019-07-12 13:11:21,410 INFO  interfaces.Container (KeyValueContainer.java:compactDB(356)) - Container 3 is closed with bcsId 9.
2019-07-12 13:11:21,436 INFO  interfaces.Container (KeyValueContainer.java:compactDB(356)) - Container 3 is closed with bcsId 9.
2019-07-12 13:11:21,436 INFO  interfaces.Container (KeyValueContainer.java:compactDB(356)) - Container 3 is closed with bcsId 9.
13:11:21.701 [grpc-default-executor-4] ERROR DNAudit - user=null | ip=null | op=WRITE_CHUNK {blockData=conID: 3 locID: 102428644420157444 bcsId: 9} | ret=FAILURE
org.apache.hadoop.hdds.scm.container.common.helpers.ContainerNotOpenException: Container 3 in CLOSED state
	at org.apache.hadoop.ozone.container.common.impl.HddsDispatcher.validateContainerCommand(HddsDispatcher.java:408) ~[hadoop-hdds-container-service-0.5.0-SNAPSHOT.jar:?]
	at org.apache.hadoop.ozone.container.common.transport.server.ratis.ContainerStateMachine.startTransaction(ContainerStateMachine.java:271) ~[hadoop-hdds-container-service-0.5.0-SNAPSHOT.jar:?]
	at org.apache.ratis.server.impl.RaftServerImpl.submitClientRequestAsync(RaftServerImpl.java:566) ~[ratis-server-0.4.0-2337318-SNAPSHOT.jar:0.4.0-2337318-SNAPSHOT]
	at org.apache.ratis.server.impl.RaftServerProxy.lambda$submitClientRequestAsync$7(RaftServerProxy.java:333) ~[ratis-server-0.4.0-2337318-SNAPSHOT.jar:0.4.0-2337318-SNAPSHOT]
	at org.apache.ratis.server.impl.RaftServerProxy.lambda$null$5(RaftServerProxy.java:328) ~[ratis-server-0.4.0-2337318-SNAPSHOT.jar:0.4.0-2337318-SNAPSHOT]
	at org.apache.ratis.util.JavaUtils.callAsUnchecked(JavaUtils.java:109) ~[ratis-common-0.4.0-2337318-SNAPSHOT.jar:0.4.0-2337318-SNAPSHOT]
	at org.apache.ratis.server.impl.RaftServerProxy.lambda$submitRequest$6(RaftServerProxy.java:328) ~[ratis-server-0.4.0-2337318-SNAPSHOT.jar:0.4.0-2337318-SNAPSHOT]
	at java.util.concurrent.CompletableFuture.uniComposeStage(CompletableFuture.java:981) ~[?:1.8.0_212]
	at java.util.concurrent.CompletableFuture.thenCompose(CompletableFuture.java:2124) ~[?:1.8.0_212]
	at org.apache.ratis.server.impl.RaftServerProxy.submitRequest(RaftServerProxy.java:327) ~[ratis-server-0.4.0-2337318-SNAPSHOT.jar:0.4.0-2337318-SNAPSHOT]
	at org.apache.ratis.server.impl.RaftServerProxy.submitClientRequestAsync(RaftServerProxy.java:333) ~[ratis-server-0.4.0-2337318-SNAPSHOT.jar:0.4.0-2337318-SNAPSHOT]
	at org.apache.ratis.grpc.client.GrpcClientProtocolService$RequestStreamObserver.processClientRequest(GrpcClientProtocolService.java:220) ~[ratis-grpc-0.4.0-2337318-SNAPSHOT.jar:0.4.0-2337318-SNAPSHOT]
	at org.apache.ratis.grpc.client.GrpcClientProtocolService$OrderedRequestStreamObserver.processClientRequest(GrpcClientProtocolService.java:326) ~[ratis-grpc-0.4.0-2337318-SNAPSHOT.jar:0.4.0-2337318-SNAPSHOT]
	at org.apache.ratis.util.SlidingWindow$Server.processRequestsFromHead(SlidingWindow.java:429) [ratis-common-0.4.0-2337318-SNAPSHOT.jar:0.4.0-2337318-SNAPSHOT]
	at org.apache.ratis.util.SlidingWindow$Server.receivedRequest(SlidingWindow.java:421) [ratis-common-0.4.0-2337318-SNAPSHOT.jar:0.4.0-2337318-SNAPSHOT]
	at org.apache.ratis.grpc.client.GrpcClientProtocolService$OrderedRequestStreamObserver.processClientRequest(GrpcClientProtocolService.java:345) [ratis-grpc-0.4.0-2337318-SNAPSHOT.jar:0.4.0-2337318-SNAPSHOT]
	at org.apache.ratis.grpc.client.GrpcClientProtocolService$RequestStreamObserver.onNext(GrpcClientProtocolService.java:240) [ratis-grpc-0.4.0-2337318-SNAPSHOT.jar:0.4.0-2337318-SNAPSHOT]
	at org.apache.ratis.grpc.client.GrpcClientProtocolService$RequestStreamObserver.onNext(GrpcClientProtocolService.java:168) [ratis-grpc-0.4.0-2337318-SNAPSHOT.jar:0.4.0-2337318-SNAPSHOT]
	at org.apache.ratis.thirdparty.io.grpc.stub.ServerCalls$StreamingServerCallHandler$StreamingServerCallListener.onMessage(ServerCalls.java:248) [ratis-thirdparty-misc-0.2.0.jar:0.2.0]
	at org.apache.ratis.thirdparty.io.grpc.internal.ServerCallImpl$ServerStreamListenerImpl.messagesAvailable(ServerCallImpl.java:263) [ratis-thirdparty-misc-0.2.0.jar:0.2.0]
	at org.apache.ratis.thirdparty.io.grpc.internal.ServerImpl$JumpToApplicationThreadServerStreamListener$1MessagesAvailable.runInContext(ServerImpl.java:686) [ratis-thirdparty-misc-0.2.0.jar:0.2.0]
	at org.apache.ratis.thirdparty.io.grpc.internal.ContextRunnable.run(ContextRunnable.java:37) [ratis-thirdparty-misc-0.2.0.jar:0.2.0]
	at org.apache.ratis.thirdparty.io.grpc.internal.SerializingExecutor.run(SerializingExecutor.java:123) [ratis-thirdparty-misc-0.2.0.jar:0.2.0]
	at java.util.concurrent.ThreadPoolExecutor.runWorker(ThreadPoolExecutor.java:1149) [?:1.8.0_212]
	at java.util.concurrent.ThreadPoolExecutor$Worker.run(ThreadPoolExecutor.java:624) [?:1.8.0_212]
	at java.lang.Thread.run(Thread.java:748) [?:1.8.0_212]
13:11:21.713 [grpc-default-executor-4] ERROR DNAudit - user=null | ip=null | op=PUT_BLOCK {blockData=[blockId=conID: 3 locID: 102428644420157444 bcsId: 0,size=2097152]} | ret=FAILURE
org.apache.hadoop.hdds.scm.container.common.helpers.ContainerNotOpenException: Container 3 in CLOSED state
	at org.apache.hadoop.ozone.container.common.impl.HddsDispatcher.validateContainerCommand(HddsDispatcher.java:408) ~[hadoop-hdds-container-service-0.5.0-SNAPSHOT.jar:?]
	at org.apache.hadoop.ozone.container.common.transport.server.ratis.ContainerStateMachine.startTransaction(ContainerStateMachine.java:271) ~[hadoop-hdds-container-service-0.5.0-SNAPSHOT.jar:?]
	at org.apache.ratis.server.impl.RaftServerImpl.submitClientRequestAsync(RaftServerImpl.java:566) ~[ratis-server-0.4.0-2337318-SNAPSHOT.jar:0.4.0-2337318-SNAPSHOT]
	at org.apache.ratis.server.impl.RaftServerProxy.lambda$submitClientRequestAsync$7(RaftServerProxy.java:333) ~[ratis-server-0.4.0-2337318-SNAPSHOT.jar:0.4.0-2337318-SNAPSHOT]
	at org.apache.ratis.server.impl.RaftServerProxy.lambda$null$5(RaftServerProxy.java:328) ~[ratis-server-0.4.0-2337318-SNAPSHOT.jar:0.4.0-2337318-SNAPSHOT]
	at org.apache.ratis.util.JavaUtils.callAsUnchecked(JavaUtils.java:109) ~[ratis-common-0.4.0-2337318-SNAPSHOT.jar:0.4.0-2337318-SNAPSHOT]
	at org.apache.ratis.server.impl.RaftServerProxy.lambda$submitRequest$6(RaftServerProxy.java:328) ~[ratis-server-0.4.0-2337318-SNAPSHOT.jar:0.4.0-2337318-SNAPSHOT]
	at java.util.concurrent.CompletableFuture.uniComposeStage(CompletableFuture.java:981) ~[?:1.8.0_212]
	at java.util.concurrent.CompletableFuture.thenCompose(CompletableFuture.java:2124) ~[?:1.8.0_212]
	at org.apache.ratis.server.impl.RaftServerProxy.submitRequest(RaftServerProxy.java:327) ~[ratis-server-0.4.0-2337318-SNAPSHOT.jar:0.4.0-2337318-SNAPSHOT]
	at org.apache.ratis.server.impl.RaftServerProxy.submitClientRequestAsync(RaftServerProxy.java:333) ~[ratis-server-0.4.0-2337318-SNAPSHOT.jar:0.4.0-2337318-SNAPSHOT]
	at org.apache.ratis.grpc.client.GrpcClientProtocolService$RequestStreamObserver.processClientRequest(GrpcClientProtocolService.java:220) ~[ratis-grpc-0.4.0-2337318-SNAPSHOT.jar:0.4.0-2337318-SNAPSHOT]
	at org.apache.ratis.grpc.client.GrpcClientProtocolService$OrderedRequestStreamObserver.processClientRequest(GrpcClientProtocolService.java:326) ~[ratis-grpc-0.4.0-2337318-SNAPSHOT.jar:0.4.0-2337318-SNAPSHOT]
	at org.apache.ratis.util.SlidingWindow$Server.processRequestsFromHead(SlidingWindow.java:429) [ratis-common-0.4.0-2337318-SNAPSHOT.jar:0.4.0-2337318-SNAPSHOT]
	at org.apache.ratis.util.SlidingWindow$Server.receivedRequest(SlidingWindow.java:421) [ratis-common-0.4.0-2337318-SNAPSHOT.jar:0.4.0-2337318-SNAPSHOT]
	at org.apache.ratis.grpc.client.GrpcClientProtocolService$OrderedRequestStreamObserver.processClientRequest(GrpcClientProtocolService.java:345) [ratis-grpc-0.4.0-2337318-SNAPSHOT.jar:0.4.0-2337318-SNAPSHOT]
	at org.apache.ratis.grpc.client.GrpcClientProtocolService$RequestStreamObserver.onNext(GrpcClientProtocolService.java:240) [ratis-grpc-0.4.0-2337318-SNAPSHOT.jar:0.4.0-2337318-SNAPSHOT]
	at org.apache.ratis.grpc.client.GrpcClientProtocolService$RequestStreamObserver.onNext(GrpcClientProtocolService.java:168) [ratis-grpc-0.4.0-2337318-SNAPSHOT.jar:0.4.0-2337318-SNAPSHOT]
	at org.apache.ratis.thirdparty.io.grpc.stub.ServerCalls$StreamingServerCallHandler$StreamingServerCallListener.onMessage(ServerCalls.java:248) [ratis-thirdparty-misc-0.2.0.jar:0.2.0]
	at org.apache.ratis.thirdparty.io.grpc.internal.ServerCallImpl$ServerStreamListenerImpl.messagesAvailable(ServerCallImpl.java:263) [ratis-thirdparty-misc-0.2.0.jar:0.2.0]
	at org.apache.ratis.thirdparty.io.grpc.internal.ServerImpl$JumpToApplicationThreadServerStreamListener$1MessagesAvailable.runInContext(ServerImpl.java:686) [ratis-thirdparty-misc-0.2.0.jar:0.2.0]
	at org.apache.ratis.thirdparty.io.grpc.internal.ContextRunnable.run(ContextRunnable.java:37) [ratis-thirdparty-misc-0.2.0.jar:0.2.0]
	at org.apache.ratis.thirdparty.io.grpc.internal.SerializingExecutor.run(SerializingExecutor.java:123) [ratis-thirdparty-misc-0.2.0.jar:0.2.0]
	at java.util.concurrent.ThreadPoolExecutor.runWorker(ThreadPoolExecutor.java:1149) [?:1.8.0_212]
	at java.util.concurrent.ThreadPoolExecutor$Worker.run(ThreadPoolExecutor.java:624) [?:1.8.0_212]
	at java.lang.Thread.run(Thread.java:748) [?:1.8.0_212]
2019-07-12 13:11:21,718 INFO  client.GrpcClientProtocolClient (GrpcClientProtocolClient.java:onNext(255)) - client-6C04BD49F4D5->871b3a72-703e-465c-925f-bb68f4958a2e: receive RaftClientReply:client-6C04BD49F4D5->871b3a72-703e-465c-925f-bb68f4958a2e@group-613427DCBB34, cid=23, FAILED org.apache.ratis.protocol.StateMachineException: org.apache.hadoop.hdds.scm.container.common.helpers.ContainerNotOpenException from Server 871b3a72-703e-465c-925f-bb68f4958a2e: Container 3 in CLOSED state, logIndex=0, commits[871b3a72-703e-465c-925f-bb68f4958a2e:c12, 2d930774-d643-4c73-b233-5605f9748a71:c11, de50b7de-f9d2-4802-a524-6de75e18a426:c11]
2019-07-12 13:11:21,722 INFO  client.GrpcClientProtocolClient (GrpcClientProtocolClient.java:onNext(255)) - client-6C04BD49F4D5->871b3a72-703e-465c-925f-bb68f4958a2e: receive RaftClientReply:client-6C04BD49F4D5->871b3a72-703e-465c-925f-bb68f4958a2e@group-613427DCBB34, cid=24, FAILED org.apache.ratis.protocol.StateMachineException: org.apache.hadoop.hdds.scm.container.common.helpers.ContainerNotOpenException from Server 871b3a72-703e-465c-925f-bb68f4958a2e: Container 3 in CLOSED state, logIndex=0, commits[871b3a72-703e-465c-925f-bb68f4958a2e:c12, 2d930774-d643-4c73-b233-5605f9748a71:c11, de50b7de-f9d2-4802-a524-6de75e18a426:c11]
2019-07-12 13:11:21,870 INFO  client.GrpcClientProtocolClient (GrpcClientProtocolClient.java:onNext(255)) - client-7DE34CC59F3D->69a3b7e3-dc0f-4653-8b76-128e42208dfc: receive RaftClientReply:client-7DE34CC59F3D->69a3b7e3-dc0f-4653-8b76-128e42208dfc@group-DE3236DE1D46, cid=25, SUCCESS, logIndex=9, commits[69a3b7e3-dc0f-4653-8b76-128e42208dfc:c12, f5429de9-b416-4308-9dc7-db4723522379:c8, 236a9b69-16f2-46bd-9ce4-e686e621f0e6:c8]
2019-07-12 13:11:21,922 INFO  client.GrpcClientProtocolClient (GrpcClientProtocolClient.java:onNext(255)) - client-7DE34CC59F3D->69a3b7e3-dc0f-4653-8b76-128e42208dfc: receive RaftClientReply:client-7DE34CC59F3D->69a3b7e3-dc0f-4653-8b76-128e42208dfc@group-DE3236DE1D46, cid=26, SUCCESS, logIndex=10, commits[69a3b7e3-dc0f-4653-8b76-128e42208dfc:c16, f5429de9-b416-4308-9dc7-db4723522379:c12, 236a9b69-16f2-46bd-9ce4-e686e621f0e6:c12]
2019-07-12 13:11:21,923 INFO  client.GrpcClientProtocolClient (GrpcClientProtocolClient.java:onNext(255)) - client-7DE34CC59F3D->69a3b7e3-dc0f-4653-8b76-128e42208dfc: receive RaftClientReply:client-7DE34CC59F3D->69a3b7e3-dc0f-4653-8b76-128e42208dfc@group-DE3236DE1D46, cid=27, SUCCESS, logIndex=11, commits[69a3b7e3-dc0f-4653-8b76-128e42208dfc:c16, f5429de9-b416-4308-9dc7-db4723522379:c12, 236a9b69-16f2-46bd-9ce4-e686e621f0e6:c12]
2019-07-12 13:11:21,977 INFO  client.GrpcClientProtocolClient (GrpcClientProtocolClient.java:onNext(255)) - client-7DE34CC59F3D->69a3b7e3-dc0f-4653-8b76-128e42208dfc: receive RaftClientReply:client-7DE34CC59F3D->69a3b7e3-dc0f-4653-8b76-128e42208dfc@group-DE3236DE1D46, cid=28, SUCCESS, logIndex=12, commits[69a3b7e3-dc0f-4653-8b76-128e42208dfc:c16, f5429de9-b416-4308-9dc7-db4723522379:c12, 236a9b69-16f2-46bd-9ce4-e686e621f0e6:c12]
2019-07-12 13:11:22,023 INFO  pipeline.Pipeline (Pipeline.java:getProtobufMessage(195)) - Serialize pipeline PipelineID=8884bc14-df19-4d03-a17c-de3236de1d46 with nodesInOrder{ }
2019-07-12 13:11:22,025 INFO  pipeline.Pipeline (Pipeline.java:build(342)) - Deserialize nodesInOrder [69a3b7e3-dc0f-4653-8b76-128e42208dfc{ip: 192.168.157.212, host: pr-hdds-17356bwxm-3764869708, networkLocation: /default-rack, certSerialId: null}, 69a3b7e3-dc0f-4653-8b76-128e42208dfc{ip: 192.168.157.212, host: pr-hdds-17356bwxm-3764869708, networkLocation: /default-rack, certSerialId: null}, 69a3b7e3-dc0f-4653-8b76-128e42208dfc{ip: 192.168.157.212, host: pr-hdds-17356bwxm-3764869708, networkLocation: /default-rack, certSerialId: null}] in pipeline PipelineID=8884bc14-df19-4d03-a17c-de3236de1d46
]]></system-out>
  </testcase>
  <testcase name="testBlockWritesCloseConsistency" classname="org.apache.hadoop.ozone.client.rpc.TestCloseContainerHandlingByClient" time="2.261">
    <error type="java.lang.IllegalArgumentException">java.lang.IllegalArgumentException
	at com.google.common.base.Preconditions.checkArgument(Preconditions.java:72)
	at org.apache.hadoop.hdds.scm.XceiverClientManager.acquireClient(XceiverClientManager.java:150)
	at org.apache.hadoop.hdds.scm.XceiverClientManager.acquireClientForReadData(XceiverClientManager.java:143)
	at org.apache.hadoop.hdds.scm.storage.BlockInputStream.getChunkInfos(BlockInputStream.java:154)
	at org.apache.hadoop.hdds.scm.storage.BlockInputStream.initialize(BlockInputStream.java:118)
	at org.apache.hadoop.hdds.scm.storage.BlockInputStream.read(BlockInputStream.java:222)
	at org.apache.hadoop.ozone.client.io.KeyInputStream.read(KeyInputStream.java:171)
	at org.apache.hadoop.ozone.client.io.OzoneInputStream.read(OzoneInputStream.java:47)
	at java.io.InputStream.read(InputStream.java:101)
	at org.apache.hadoop.ozone.container.ContainerTestHelper.validateData(ContainerTestHelper.java:709)
	at org.apache.hadoop.ozone.client.rpc.TestCloseContainerHandlingByClient.validateData(TestCloseContainerHandlingByClient.java:401)
	at org.apache.hadoop.ozone.client.rpc.TestCloseContainerHandlingByClient.testBlockWritesCloseConsistency(TestCloseContainerHandlingByClient.java:178)
	at sun.reflect.NativeMethodAccessorImpl.invoke0(Native Method)
	at sun.reflect.NativeMethodAccessorImpl.invoke(NativeMethodAccessorImpl.java:62)
	at sun.reflect.DelegatingMethodAccessorImpl.invoke(DelegatingMethodAccessorImpl.java:43)
	at java.lang.reflect.Method.invoke(Method.java:498)
	at org.junit.runners.model.FrameworkMethod$1.runReflectiveCall(FrameworkMethod.java:47)
	at org.junit.internal.runners.model.ReflectiveCallable.run(ReflectiveCallable.java:12)
	at org.junit.runners.model.FrameworkMethod.invokeExplosively(FrameworkMethod.java:44)
	at org.junit.internal.runners.statements.InvokeMethod.evaluate(InvokeMethod.java:17)
	at org.junit.runners.ParentRunner.runLeaf(ParentRunner.java:271)
	at org.junit.runners.BlockJUnit4ClassRunner.runChild(BlockJUnit4ClassRunner.java:70)
	at org.junit.runners.BlockJUnit4ClassRunner.runChild(BlockJUnit4ClassRunner.java:50)
	at org.junit.runners.ParentRunner$3.run(ParentRunner.java:238)
	at org.junit.runners.ParentRunner$1.schedule(ParentRunner.java:63)
	at org.junit.runners.ParentRunner.runChildren(ParentRunner.java:236)
	at org.junit.runners.ParentRunner.access$000(ParentRunner.java:53)
	at org.junit.runners.ParentRunner$2.evaluate(ParentRunner.java:229)
	at org.junit.internal.runners.statements.RunBefores.evaluate(RunBefores.java:26)
	at org.junit.internal.runners.statements.RunAfters.evaluate(RunAfters.java:27)
	at org.junit.runners.ParentRunner.run(ParentRunner.java:309)
	at org.apache.maven.surefire.junit4.JUnit4Provider.execute(JUnit4Provider.java:365)
	at org.apache.maven.surefire.junit4.JUnit4Provider.executeWithRerun(JUnit4Provider.java:273)
	at org.apache.maven.surefire.junit4.JUnit4Provider.executeTestSet(JUnit4Provider.java:238)
	at org.apache.maven.surefire.junit4.JUnit4Provider.invoke(JUnit4Provider.java:159)
	at org.apache.maven.surefire.booter.ForkedBooter.invokeProviderInSameClassLoader(ForkedBooter.java:384)
	at org.apache.maven.surefire.booter.ForkedBooter.runSuitesInProcess(ForkedBooter.java:345)
	at org.apache.maven.surefire.booter.ForkedBooter.execute(ForkedBooter.java:126)
	at org.apache.maven.surefire.booter.ForkedBooter.main(ForkedBooter.java:418)
</error>
    <system-out><![CDATA[2019-07-12 13:11:22,203 INFO  client.GrpcClientProtocolClient (GrpcClientProtocolClient.java:onNext(255)) - client-7DE34CC59F3D->69a3b7e3-dc0f-4653-8b76-128e42208dfc: receive RaftClientReply:client-7DE34CC59F3D->69a3b7e3-dc0f-4653-8b76-128e42208dfc@group-DE3236DE1D46, cid=29, SUCCESS, logIndex=17, commits[69a3b7e3-dc0f-4653-8b76-128e42208dfc:c18, f5429de9-b416-4308-9dc7-db4723522379:c12, 236a9b69-16f2-46bd-9ce4-e686e621f0e6:c16]
2019-07-12 13:11:22,251 INFO  client.GrpcClientProtocolClient (GrpcClientProtocolClient.java:onNext(255)) - client-7DE34CC59F3D->69a3b7e3-dc0f-4653-8b76-128e42208dfc: receive RaftClientReply:client-7DE34CC59F3D->69a3b7e3-dc0f-4653-8b76-128e42208dfc@group-DE3236DE1D46, cid=30, SUCCESS, logIndex=18, commits[69a3b7e3-dc0f-4653-8b76-128e42208dfc:c19, f5429de9-b416-4308-9dc7-db4723522379:c18, 236a9b69-16f2-46bd-9ce4-e686e621f0e6:c18]
2019-07-12 13:11:22,575 INFO  container.CloseContainerEventHandler (CloseContainerEventHandler.java:onMessage(61)) - Close container Event triggered for container : #5
2019-07-12 13:11:22,576 INFO  container.CloseContainerEventHandler (CloseContainerEventHandler.java:onMessage(61)) - Close container Event triggered for container : #5
2019-07-12 13:11:22,576 INFO  container.CloseContainerEventHandler (CloseContainerEventHandler.java:onMessage(61)) - Close container Event triggered for container : #5
2019-07-12 13:11:23,815 INFO  interfaces.Container (KeyValueContainer.java:compactDB(356)) - Container 5 is closed with bcsId 18.
2019-07-12 13:11:23,822 INFO  interfaces.Container (KeyValueContainer.java:compactDB(356)) - Container 5 is closed with bcsId 18.
2019-07-12 13:11:23,835 INFO  interfaces.Container (KeyValueContainer.java:compactDB(356)) - Container 5 is closed with bcsId 18.
13:11:24.081 [grpc-default-executor-5] ERROR DNAudit - user=null | ip=null | op=WRITE_CHUNK {blockData=conID: 5 locID: 102428644610408455 bcsId: 18} | ret=FAILURE
org.apache.hadoop.hdds.scm.container.common.helpers.ContainerNotOpenException: Container 5 in CLOSED state
	at org.apache.hadoop.ozone.container.common.impl.HddsDispatcher.validateContainerCommand(HddsDispatcher.java:408) ~[hadoop-hdds-container-service-0.5.0-SNAPSHOT.jar:?]
	at org.apache.hadoop.ozone.container.common.transport.server.ratis.ContainerStateMachine.startTransaction(ContainerStateMachine.java:271) ~[hadoop-hdds-container-service-0.5.0-SNAPSHOT.jar:?]
	at org.apache.ratis.server.impl.RaftServerImpl.submitClientRequestAsync(RaftServerImpl.java:566) ~[ratis-server-0.4.0-2337318-SNAPSHOT.jar:0.4.0-2337318-SNAPSHOT]
	at org.apache.ratis.server.impl.RaftServerProxy.lambda$submitClientRequestAsync$7(RaftServerProxy.java:333) ~[ratis-server-0.4.0-2337318-SNAPSHOT.jar:0.4.0-2337318-SNAPSHOT]
	at org.apache.ratis.server.impl.RaftServerProxy.lambda$null$5(RaftServerProxy.java:328) ~[ratis-server-0.4.0-2337318-SNAPSHOT.jar:0.4.0-2337318-SNAPSHOT]
	at org.apache.ratis.util.JavaUtils.callAsUnchecked(JavaUtils.java:109) ~[ratis-common-0.4.0-2337318-SNAPSHOT.jar:0.4.0-2337318-SNAPSHOT]
	at org.apache.ratis.server.impl.RaftServerProxy.lambda$submitRequest$6(RaftServerProxy.java:328) ~[ratis-server-0.4.0-2337318-SNAPSHOT.jar:0.4.0-2337318-SNAPSHOT]
	at java.util.concurrent.CompletableFuture.uniComposeStage(CompletableFuture.java:981) ~[?:1.8.0_212]
	at java.util.concurrent.CompletableFuture.thenCompose(CompletableFuture.java:2124) ~[?:1.8.0_212]
	at org.apache.ratis.server.impl.RaftServerProxy.submitRequest(RaftServerProxy.java:327) ~[ratis-server-0.4.0-2337318-SNAPSHOT.jar:0.4.0-2337318-SNAPSHOT]
	at org.apache.ratis.server.impl.RaftServerProxy.submitClientRequestAsync(RaftServerProxy.java:333) ~[ratis-server-0.4.0-2337318-SNAPSHOT.jar:0.4.0-2337318-SNAPSHOT]
	at org.apache.ratis.grpc.client.GrpcClientProtocolService$RequestStreamObserver.processClientRequest(GrpcClientProtocolService.java:220) ~[ratis-grpc-0.4.0-2337318-SNAPSHOT.jar:0.4.0-2337318-SNAPSHOT]
	at org.apache.ratis.grpc.client.GrpcClientProtocolService$OrderedRequestStreamObserver.processClientRequest(GrpcClientProtocolService.java:326) ~[ratis-grpc-0.4.0-2337318-SNAPSHOT.jar:0.4.0-2337318-SNAPSHOT]
	at org.apache.ratis.util.SlidingWindow$Server.processRequestsFromHead(SlidingWindow.java:429) [ratis-common-0.4.0-2337318-SNAPSHOT.jar:0.4.0-2337318-SNAPSHOT]
	at org.apache.ratis.util.SlidingWindow$Server.receivedRequest(SlidingWindow.java:421) [ratis-common-0.4.0-2337318-SNAPSHOT.jar:0.4.0-2337318-SNAPSHOT]
	at org.apache.ratis.grpc.client.GrpcClientProtocolService$OrderedRequestStreamObserver.processClientRequest(GrpcClientProtocolService.java:345) [ratis-grpc-0.4.0-2337318-SNAPSHOT.jar:0.4.0-2337318-SNAPSHOT]
	at org.apache.ratis.grpc.client.GrpcClientProtocolService$RequestStreamObserver.onNext(GrpcClientProtocolService.java:240) [ratis-grpc-0.4.0-2337318-SNAPSHOT.jar:0.4.0-2337318-SNAPSHOT]
	at org.apache.ratis.grpc.client.GrpcClientProtocolService$RequestStreamObserver.onNext(GrpcClientProtocolService.java:168) [ratis-grpc-0.4.0-2337318-SNAPSHOT.jar:0.4.0-2337318-SNAPSHOT]
	at org.apache.ratis.thirdparty.io.grpc.stub.ServerCalls$StreamingServerCallHandler$StreamingServerCallListener.onMessage(ServerCalls.java:248) [ratis-thirdparty-misc-0.2.0.jar:0.2.0]
	at org.apache.ratis.thirdparty.io.grpc.internal.ServerCallImpl$ServerStreamListenerImpl.messagesAvailable(ServerCallImpl.java:263) [ratis-thirdparty-misc-0.2.0.jar:0.2.0]
	at org.apache.ratis.thirdparty.io.grpc.internal.ServerImpl$JumpToApplicationThreadServerStreamListener$1MessagesAvailable.runInContext(ServerImpl.java:686) [ratis-thirdparty-misc-0.2.0.jar:0.2.0]
	at org.apache.ratis.thirdparty.io.grpc.internal.ContextRunnable.run(ContextRunnable.java:37) [ratis-thirdparty-misc-0.2.0.jar:0.2.0]
	at org.apache.ratis.thirdparty.io.grpc.internal.SerializingExecutor.run(SerializingExecutor.java:123) [ratis-thirdparty-misc-0.2.0.jar:0.2.0]
	at java.util.concurrent.ThreadPoolExecutor.runWorker(ThreadPoolExecutor.java:1149) [?:1.8.0_212]
	at java.util.concurrent.ThreadPoolExecutor$Worker.run(ThreadPoolExecutor.java:624) [?:1.8.0_212]
	at java.lang.Thread.run(Thread.java:748) [?:1.8.0_212]
13:11:24.090 [grpc-default-executor-5] ERROR DNAudit - user=null | ip=null | op=PUT_BLOCK {blockData=[blockId=conID: 5 locID: 102428644610408455 bcsId: 0,size=1572864]} | ret=FAILURE
org.apache.hadoop.hdds.scm.container.common.helpers.ContainerNotOpenException: Container 5 in CLOSED state
	at org.apache.hadoop.ozone.container.common.impl.HddsDispatcher.validateContainerCommand(HddsDispatcher.java:408) ~[hadoop-hdds-container-service-0.5.0-SNAPSHOT.jar:?]
	at org.apache.hadoop.ozone.container.common.transport.server.ratis.ContainerStateMachine.startTransaction(ContainerStateMachine.java:271) ~[hadoop-hdds-container-service-0.5.0-SNAPSHOT.jar:?]
	at org.apache.ratis.server.impl.RaftServerImpl.submitClientRequestAsync(RaftServerImpl.java:566) ~[ratis-server-0.4.0-2337318-SNAPSHOT.jar:0.4.0-2337318-SNAPSHOT]
	at org.apache.ratis.server.impl.RaftServerProxy.lambda$submitClientRequestAsync$7(RaftServerProxy.java:333) ~[ratis-server-0.4.0-2337318-SNAPSHOT.jar:0.4.0-2337318-SNAPSHOT]
	at org.apache.ratis.server.impl.RaftServerProxy.lambda$null$5(RaftServerProxy.java:328) ~[ratis-server-0.4.0-2337318-SNAPSHOT.jar:0.4.0-2337318-SNAPSHOT]
	at org.apache.ratis.util.JavaUtils.callAsUnchecked(JavaUtils.java:109) ~[ratis-common-0.4.0-2337318-SNAPSHOT.jar:0.4.0-2337318-SNAPSHOT]
	at org.apache.ratis.server.impl.RaftServerProxy.lambda$submitRequest$6(RaftServerProxy.java:328) ~[ratis-server-0.4.0-2337318-SNAPSHOT.jar:0.4.0-2337318-SNAPSHOT]
	at java.util.concurrent.CompletableFuture.uniComposeStage(CompletableFuture.java:981) ~[?:1.8.0_212]
	at java.util.concurrent.CompletableFuture.thenCompose(CompletableFuture.java:2124) ~[?:1.8.0_212]
	at org.apache.ratis.server.impl.RaftServerProxy.submitRequest(RaftServerProxy.java:327) ~[ratis-server-0.4.0-2337318-SNAPSHOT.jar:0.4.0-2337318-SNAPSHOT]
	at org.apache.ratis.server.impl.RaftServerProxy.submitClientRequestAsync(RaftServerProxy.java:333) ~[ratis-server-0.4.0-2337318-SNAPSHOT.jar:0.4.0-2337318-SNAPSHOT]
	at org.apache.ratis.grpc.client.GrpcClientProtocolService$RequestStreamObserver.processClientRequest(GrpcClientProtocolService.java:220) ~[ratis-grpc-0.4.0-2337318-SNAPSHOT.jar:0.4.0-2337318-SNAPSHOT]
	at org.apache.ratis.grpc.client.GrpcClientProtocolService$OrderedRequestStreamObserver.processClientRequest(GrpcClientProtocolService.java:326) ~[ratis-grpc-0.4.0-2337318-SNAPSHOT.jar:0.4.0-2337318-SNAPSHOT]
	at org.apache.ratis.util.SlidingWindow$Server.processRequestsFromHead(SlidingWindow.java:429) [ratis-common-0.4.0-2337318-SNAPSHOT.jar:0.4.0-2337318-SNAPSHOT]
	at org.apache.ratis.util.SlidingWindow$Server.receivedRequest(SlidingWindow.java:421) [ratis-common-0.4.0-2337318-SNAPSHOT.jar:0.4.0-2337318-SNAPSHOT]
	at org.apache.ratis.grpc.client.GrpcClientProtocolService$OrderedRequestStreamObserver.processClientRequest(GrpcClientProtocolService.java:345) [ratis-grpc-0.4.0-2337318-SNAPSHOT.jar:0.4.0-2337318-SNAPSHOT]
	at org.apache.ratis.grpc.client.GrpcClientProtocolService$RequestStreamObserver.onNext(GrpcClientProtocolService.java:240) [ratis-grpc-0.4.0-2337318-SNAPSHOT.jar:0.4.0-2337318-SNAPSHOT]
	at org.apache.ratis.grpc.client.GrpcClientProtocolService$RequestStreamObserver.onNext(GrpcClientProtocolService.java:168) [ratis-grpc-0.4.0-2337318-SNAPSHOT.jar:0.4.0-2337318-SNAPSHOT]
	at org.apache.ratis.thirdparty.io.grpc.stub.ServerCalls$StreamingServerCallHandler$StreamingServerCallListener.onMessage(ServerCalls.java:248) [ratis-thirdparty-misc-0.2.0.jar:0.2.0]
	at org.apache.ratis.thirdparty.io.grpc.internal.ServerCallImpl$ServerStreamListenerImpl.messagesAvailable(ServerCallImpl.java:263) [ratis-thirdparty-misc-0.2.0.jar:0.2.0]
	at org.apache.ratis.thirdparty.io.grpc.internal.ServerImpl$JumpToApplicationThreadServerStreamListener$1MessagesAvailable.runInContext(ServerImpl.java:686) [ratis-thirdparty-misc-0.2.0.jar:0.2.0]
	at org.apache.ratis.thirdparty.io.grpc.internal.ContextRunnable.run(ContextRunnable.java:37) [ratis-thirdparty-misc-0.2.0.jar:0.2.0]
	at org.apache.ratis.thirdparty.io.grpc.internal.SerializingExecutor.run(SerializingExecutor.java:123) [ratis-thirdparty-misc-0.2.0.jar:0.2.0]
	at java.util.concurrent.ThreadPoolExecutor.runWorker(ThreadPoolExecutor.java:1149) [?:1.8.0_212]
	at java.util.concurrent.ThreadPoolExecutor$Worker.run(ThreadPoolExecutor.java:624) [?:1.8.0_212]
	at java.lang.Thread.run(Thread.java:748) [?:1.8.0_212]
2019-07-12 13:11:24,095 INFO  client.GrpcClientProtocolClient (GrpcClientProtocolClient.java:onNext(255)) - client-7DE34CC59F3D->69a3b7e3-dc0f-4653-8b76-128e42208dfc: receive RaftClientReply:client-7DE34CC59F3D->69a3b7e3-dc0f-4653-8b76-128e42208dfc@group-DE3236DE1D46, cid=31, FAILED org.apache.ratis.protocol.StateMachineException: org.apache.hadoop.hdds.scm.container.common.helpers.ContainerNotOpenException from Server 69a3b7e3-dc0f-4653-8b76-128e42208dfc: Container 5 in CLOSED state, logIndex=0, commits[69a3b7e3-dc0f-4653-8b76-128e42208dfc:c21, f5429de9-b416-4308-9dc7-db4723522379:c20, 236a9b69-16f2-46bd-9ce4-e686e621f0e6:c20]
2019-07-12 13:11:24,097 INFO  client.GrpcClientProtocolClient (GrpcClientProtocolClient.java:onNext(255)) - client-7DE34CC59F3D->69a3b7e3-dc0f-4653-8b76-128e42208dfc: receive RaftClientReply:client-7DE34CC59F3D->69a3b7e3-dc0f-4653-8b76-128e42208dfc@group-DE3236DE1D46, cid=32, FAILED org.apache.ratis.protocol.StateMachineException: org.apache.hadoop.hdds.scm.container.common.helpers.ContainerNotOpenException from Server 69a3b7e3-dc0f-4653-8b76-128e42208dfc: Container 5 in CLOSED state, logIndex=0, commits[69a3b7e3-dc0f-4653-8b76-128e42208dfc:c21, f5429de9-b416-4308-9dc7-db4723522379:c20, 236a9b69-16f2-46bd-9ce4-e686e621f0e6:c20]
2019-07-12 13:11:24,211 INFO  client.GrpcClientProtocolClient (GrpcClientProtocolClient.java:onNext(255)) - client-6C04BD49F4D5->871b3a72-703e-465c-925f-bb68f4958a2e: receive RaftClientReply:client-6C04BD49F4D5->871b3a72-703e-465c-925f-bb68f4958a2e@group-613427DCBB34, cid=33, SUCCESS, logIndex=13, commits[871b3a72-703e-465c-925f-bb68f4958a2e:c14, 2d930774-d643-4c73-b233-5605f9748a71:c12, de50b7de-f9d2-4802-a524-6de75e18a426:c12]
2019-07-12 13:11:24,263 INFO  client.GrpcClientProtocolClient (GrpcClientProtocolClient.java:onNext(255)) - client-6C04BD49F4D5->871b3a72-703e-465c-925f-bb68f4958a2e: receive RaftClientReply:client-6C04BD49F4D5->871b3a72-703e-465c-925f-bb68f4958a2e@group-613427DCBB34, cid=34, SUCCESS, logIndex=14, commits[871b3a72-703e-465c-925f-bb68f4958a2e:c16, 2d930774-d643-4c73-b233-5605f9748a71:c14, de50b7de-f9d2-4802-a524-6de75e18a426:c14]
2019-07-12 13:11:24,283 INFO  pipeline.Pipeline (Pipeline.java:getProtobufMessage(195)) - Serialize pipeline PipelineID=9bc0a0ea-9a37-4824-8e6b-613427dcbb34 with nodesInOrder{ }
]]></system-out>
  </testcase>
  <testcase name="testMultiBlockWrites" classname="org.apache.hadoop.ozone.client.rpc.TestCloseContainerHandlingByClient" time="3.409"/>
  <testcase name="testBlockWrites" classname="org.apache.hadoop.ozone.client.rpc.TestCloseContainerHandlingByClient" time="2.301">
    <error type="java.lang.IllegalArgumentException">java.lang.IllegalArgumentException
	at com.google.common.base.Preconditions.checkArgument(Preconditions.java:72)
	at org.apache.hadoop.hdds.scm.XceiverClientManager.acquireClient(XceiverClientManager.java:150)
	at org.apache.hadoop.hdds.scm.XceiverClientManager.acquireClientForReadData(XceiverClientManager.java:143)
	at org.apache.hadoop.hdds.scm.storage.BlockInputStream.getChunkInfos(BlockInputStream.java:154)
	at org.apache.hadoop.hdds.scm.storage.BlockInputStream.initialize(BlockInputStream.java:118)
	at org.apache.hadoop.hdds.scm.storage.BlockInputStream.read(BlockInputStream.java:222)
	at org.apache.hadoop.ozone.client.io.KeyInputStream.read(KeyInputStream.java:171)
	at org.apache.hadoop.ozone.client.io.OzoneInputStream.read(OzoneInputStream.java:47)
	at java.io.InputStream.read(InputStream.java:101)
	at org.apache.hadoop.ozone.container.ContainerTestHelper.validateData(ContainerTestHelper.java:709)
	at org.apache.hadoop.ozone.client.rpc.TestCloseContainerHandlingByClient.validateData(TestCloseContainerHandlingByClient.java:401)
	at org.apache.hadoop.ozone.client.rpc.TestCloseContainerHandlingByClient.testBlockWrites(TestCloseContainerHandlingByClient.java:471)
	at sun.reflect.NativeMethodAccessorImpl.invoke0(Native Method)
	at sun.reflect.NativeMethodAccessorImpl.invoke(NativeMethodAccessorImpl.java:62)
	at sun.reflect.DelegatingMethodAccessorImpl.invoke(DelegatingMethodAccessorImpl.java:43)
	at java.lang.reflect.Method.invoke(Method.java:498)
	at org.junit.runners.model.FrameworkMethod$1.runReflectiveCall(FrameworkMethod.java:47)
	at org.junit.internal.runners.model.ReflectiveCallable.run(ReflectiveCallable.java:12)
	at org.junit.runners.model.FrameworkMethod.invokeExplosively(FrameworkMethod.java:44)
	at org.junit.internal.runners.statements.InvokeMethod.evaluate(InvokeMethod.java:17)
	at org.junit.runners.ParentRunner.runLeaf(ParentRunner.java:271)
	at org.junit.runners.BlockJUnit4ClassRunner.runChild(BlockJUnit4ClassRunner.java:70)
	at org.junit.runners.BlockJUnit4ClassRunner.runChild(BlockJUnit4ClassRunner.java:50)
	at org.junit.runners.ParentRunner$3.run(ParentRunner.java:238)
	at org.junit.runners.ParentRunner$1.schedule(ParentRunner.java:63)
	at org.junit.runners.ParentRunner.runChildren(ParentRunner.java:236)
	at org.junit.runners.ParentRunner.access$000(ParentRunner.java:53)
	at org.junit.runners.ParentRunner$2.evaluate(ParentRunner.java:229)
	at org.junit.internal.runners.statements.RunBefores.evaluate(RunBefores.java:26)
	at org.junit.internal.runners.statements.RunAfters.evaluate(RunAfters.java:27)
	at org.junit.runners.ParentRunner.run(ParentRunner.java:309)
	at org.apache.maven.surefire.junit4.JUnit4Provider.execute(JUnit4Provider.java:365)
	at org.apache.maven.surefire.junit4.JUnit4Provider.executeWithRerun(JUnit4Provider.java:273)
	at org.apache.maven.surefire.junit4.JUnit4Provider.executeTestSet(JUnit4Provider.java:238)
	at org.apache.maven.surefire.junit4.JUnit4Provider.invoke(JUnit4Provider.java:159)
	at org.apache.maven.surefire.booter.ForkedBooter.invokeProviderInSameClassLoader(ForkedBooter.java:384)
	at org.apache.maven.surefire.booter.ForkedBooter.runSuitesInProcess(ForkedBooter.java:345)
	at org.apache.maven.surefire.booter.ForkedBooter.execute(ForkedBooter.java:126)
	at org.apache.maven.surefire.booter.ForkedBooter.main(ForkedBooter.java:418)
</error>
    <system-out><![CDATA[2019-07-12 13:11:27,866 INFO  client.GrpcClientProtocolClient (GrpcClientProtocolClient.java:onNext(255)) - client-7DE34CC59F3D->69a3b7e3-dc0f-4653-8b76-128e42208dfc: receive RaftClientReply:client-7DE34CC59F3D->69a3b7e3-dc0f-4653-8b76-128e42208dfc@group-DE3236DE1D46, cid=74, SUCCESS, logIndex=70, commits[69a3b7e3-dc0f-4653-8b76-128e42208dfc:c73, f5429de9-b416-4308-9dc7-db4723522379:c69, 236a9b69-16f2-46bd-9ce4-e686e621f0e6:c69]
2019-07-12 13:11:27,915 INFO  client.GrpcClientProtocolClient (GrpcClientProtocolClient.java:onNext(255)) - client-7DE34CC59F3D->69a3b7e3-dc0f-4653-8b76-128e42208dfc: receive RaftClientReply:client-7DE34CC59F3D->69a3b7e3-dc0f-4653-8b76-128e42208dfc@group-DE3236DE1D46, cid=75, SUCCESS, logIndex=71, commits[69a3b7e3-dc0f-4653-8b76-128e42208dfc:c77, f5429de9-b416-4308-9dc7-db4723522379:c73, 236a9b69-16f2-46bd-9ce4-e686e621f0e6:c73]
2019-07-12 13:11:27,915 INFO  client.GrpcClientProtocolClient (GrpcClientProtocolClient.java:onNext(255)) - client-7DE34CC59F3D->69a3b7e3-dc0f-4653-8b76-128e42208dfc: receive RaftClientReply:client-7DE34CC59F3D->69a3b7e3-dc0f-4653-8b76-128e42208dfc@group-DE3236DE1D46, cid=76, SUCCESS, logIndex=72, commits[69a3b7e3-dc0f-4653-8b76-128e42208dfc:c77, f5429de9-b416-4308-9dc7-db4723522379:c73, 236a9b69-16f2-46bd-9ce4-e686e621f0e6:c73]
2019-07-12 13:11:28,057 INFO  client.GrpcClientProtocolClient (GrpcClientProtocolClient.java:onNext(255)) - client-7DE34CC59F3D->69a3b7e3-dc0f-4653-8b76-128e42208dfc: receive RaftClientReply:client-7DE34CC59F3D->69a3b7e3-dc0f-4653-8b76-128e42208dfc@group-DE3236DE1D46, cid=77, SUCCESS, logIndex=73, commits[69a3b7e3-dc0f-4653-8b76-128e42208dfc:c77, f5429de9-b416-4308-9dc7-db4723522379:c73, 236a9b69-16f2-46bd-9ce4-e686e621f0e6:c73]
2019-07-12 13:11:28,058 INFO  container.CloseContainerEventHandler (CloseContainerEventHandler.java:onMessage(61)) - Close container Event triggered for container : #10
2019-07-12 13:11:28,059 INFO  container.CloseContainerEventHandler (CloseContainerEventHandler.java:onMessage(61)) - Close container Event triggered for container : #10
2019-07-12 13:11:28,059 INFO  container.CloseContainerEventHandler (CloseContainerEventHandler.java:onMessage(61)) - Close container Event triggered for container : #10
2019-07-12 13:11:29,194 INFO  interfaces.Container (KeyValueContainer.java:compactDB(356)) - Container 10 is closed with bcsId 73.
2019-07-12 13:11:29,198 INFO  interfaces.Container (KeyValueContainer.java:compactDB(356)) - Container 10 is closed with bcsId 73.
2019-07-12 13:11:29,212 INFO  interfaces.Container (KeyValueContainer.java:compactDB(356)) - Container 10 is closed with bcsId 73.
13:11:29.672 [grpc-default-executor-4] ERROR DNAudit - user=null | ip=null | op=WRITE_CHUNK {blockData=conID: 10 locID: 102428644981932047 bcsId: 73} | ret=FAILURE
org.apache.hadoop.hdds.scm.container.common.helpers.ContainerNotOpenException: Container 10 in CLOSED state
	at org.apache.hadoop.ozone.container.common.impl.HddsDispatcher.validateContainerCommand(HddsDispatcher.java:408) ~[hadoop-hdds-container-service-0.5.0-SNAPSHOT.jar:?]
	at org.apache.hadoop.ozone.container.common.transport.server.ratis.ContainerStateMachine.startTransaction(ContainerStateMachine.java:271) ~[hadoop-hdds-container-service-0.5.0-SNAPSHOT.jar:?]
	at org.apache.ratis.server.impl.RaftServerImpl.submitClientRequestAsync(RaftServerImpl.java:566) ~[ratis-server-0.4.0-2337318-SNAPSHOT.jar:0.4.0-2337318-SNAPSHOT]
	at org.apache.ratis.server.impl.RaftServerProxy.lambda$submitClientRequestAsync$7(RaftServerProxy.java:333) ~[ratis-server-0.4.0-2337318-SNAPSHOT.jar:0.4.0-2337318-SNAPSHOT]
	at org.apache.ratis.server.impl.RaftServerProxy.lambda$null$5(RaftServerProxy.java:328) ~[ratis-server-0.4.0-2337318-SNAPSHOT.jar:0.4.0-2337318-SNAPSHOT]
	at org.apache.ratis.util.JavaUtils.callAsUnchecked(JavaUtils.java:109) ~[ratis-common-0.4.0-2337318-SNAPSHOT.jar:0.4.0-2337318-SNAPSHOT]
	at org.apache.ratis.server.impl.RaftServerProxy.lambda$submitRequest$6(RaftServerProxy.java:328) ~[ratis-server-0.4.0-2337318-SNAPSHOT.jar:0.4.0-2337318-SNAPSHOT]
	at java.util.concurrent.CompletableFuture.uniComposeStage(CompletableFuture.java:981) ~[?:1.8.0_212]
	at java.util.concurrent.CompletableFuture.thenCompose(CompletableFuture.java:2124) ~[?:1.8.0_212]
	at org.apache.ratis.server.impl.RaftServerProxy.submitRequest(RaftServerProxy.java:327) ~[ratis-server-0.4.0-2337318-SNAPSHOT.jar:0.4.0-2337318-SNAPSHOT]
	at org.apache.ratis.server.impl.RaftServerProxy.submitClientRequestAsync(RaftServerProxy.java:333) ~[ratis-server-0.4.0-2337318-SNAPSHOT.jar:0.4.0-2337318-SNAPSHOT]
	at org.apache.ratis.grpc.client.GrpcClientProtocolService$RequestStreamObserver.processClientRequest(GrpcClientProtocolService.java:220) ~[ratis-grpc-0.4.0-2337318-SNAPSHOT.jar:0.4.0-2337318-SNAPSHOT]
	at org.apache.ratis.grpc.client.GrpcClientProtocolService$OrderedRequestStreamObserver.processClientRequest(GrpcClientProtocolService.java:326) ~[ratis-grpc-0.4.0-2337318-SNAPSHOT.jar:0.4.0-2337318-SNAPSHOT]
	at org.apache.ratis.util.SlidingWindow$Server.processRequestsFromHead(SlidingWindow.java:429) [ratis-common-0.4.0-2337318-SNAPSHOT.jar:0.4.0-2337318-SNAPSHOT]
	at org.apache.ratis.util.SlidingWindow$Server.receivedRequest(SlidingWindow.java:421) [ratis-common-0.4.0-2337318-SNAPSHOT.jar:0.4.0-2337318-SNAPSHOT]
	at org.apache.ratis.grpc.client.GrpcClientProtocolService$OrderedRequestStreamObserver.processClientRequest(GrpcClientProtocolService.java:345) [ratis-grpc-0.4.0-2337318-SNAPSHOT.jar:0.4.0-2337318-SNAPSHOT]
	at org.apache.ratis.grpc.client.GrpcClientProtocolService$RequestStreamObserver.onNext(GrpcClientProtocolService.java:240) [ratis-grpc-0.4.0-2337318-SNAPSHOT.jar:0.4.0-2337318-SNAPSHOT]
	at org.apache.ratis.grpc.client.GrpcClientProtocolService$RequestStreamObserver.onNext(GrpcClientProtocolService.java:168) [ratis-grpc-0.4.0-2337318-SNAPSHOT.jar:0.4.0-2337318-SNAPSHOT]
	at org.apache.ratis.thirdparty.io.grpc.stub.ServerCalls$StreamingServerCallHandler$StreamingServerCallListener.onMessage(ServerCalls.java:248) [ratis-thirdparty-misc-0.2.0.jar:0.2.0]
	at org.apache.ratis.thirdparty.io.grpc.internal.ServerCallImpl$ServerStreamListenerImpl.messagesAvailable(ServerCallImpl.java:263) [ratis-thirdparty-misc-0.2.0.jar:0.2.0]
	at org.apache.ratis.thirdparty.io.grpc.internal.ServerImpl$JumpToApplicationThreadServerStreamListener$1MessagesAvailable.runInContext(ServerImpl.java:686) [ratis-thirdparty-misc-0.2.0.jar:0.2.0]
	at org.apache.ratis.thirdparty.io.grpc.internal.ContextRunnable.run(ContextRunnable.java:37) [ratis-thirdparty-misc-0.2.0.jar:0.2.0]
	at org.apache.ratis.thirdparty.io.grpc.internal.SerializingExecutor.run(SerializingExecutor.java:123) [ratis-thirdparty-misc-0.2.0.jar:0.2.0]
	at java.util.concurrent.ThreadPoolExecutor.runWorker(ThreadPoolExecutor.java:1149) [?:1.8.0_212]
	at java.util.concurrent.ThreadPoolExecutor$Worker.run(ThreadPoolExecutor.java:624) [?:1.8.0_212]
	at java.lang.Thread.run(Thread.java:748) [?:1.8.0_212]
13:11:29.679 [grpc-default-executor-4] ERROR DNAudit - user=null | ip=null | op=PUT_BLOCK {blockData=[blockId=conID: 10 locID: 102428644981932047 bcsId: 0,size=3145728]} | ret=FAILURE
org.apache.hadoop.hdds.scm.container.common.helpers.ContainerNotOpenException: Container 10 in CLOSED state
	at org.apache.hadoop.ozone.container.common.impl.HddsDispatcher.validateContainerCommand(HddsDispatcher.java:408) ~[hadoop-hdds-container-service-0.5.0-SNAPSHOT.jar:?]
	at org.apache.hadoop.ozone.container.common.transport.server.ratis.ContainerStateMachine.startTransaction(ContainerStateMachine.java:271) ~[hadoop-hdds-container-service-0.5.0-SNAPSHOT.jar:?]
	at org.apache.ratis.server.impl.RaftServerImpl.submitClientRequestAsync(RaftServerImpl.java:566) ~[ratis-server-0.4.0-2337318-SNAPSHOT.jar:0.4.0-2337318-SNAPSHOT]
	at org.apache.ratis.server.impl.RaftServerProxy.lambda$submitClientRequestAsync$7(RaftServerProxy.java:333) ~[ratis-server-0.4.0-2337318-SNAPSHOT.jar:0.4.0-2337318-SNAPSHOT]
	at org.apache.ratis.server.impl.RaftServerProxy.lambda$null$5(RaftServerProxy.java:328) ~[ratis-server-0.4.0-2337318-SNAPSHOT.jar:0.4.0-2337318-SNAPSHOT]
	at org.apache.ratis.util.JavaUtils.callAsUnchecked(JavaUtils.java:109) ~[ratis-common-0.4.0-2337318-SNAPSHOT.jar:0.4.0-2337318-SNAPSHOT]
	at org.apache.ratis.server.impl.RaftServerProxy.lambda$submitRequest$6(RaftServerProxy.java:328) ~[ratis-server-0.4.0-2337318-SNAPSHOT.jar:0.4.0-2337318-SNAPSHOT]
	at java.util.concurrent.CompletableFuture.uniComposeStage(CompletableFuture.java:981) ~[?:1.8.0_212]
	at java.util.concurrent.CompletableFuture.thenCompose(CompletableFuture.java:2124) ~[?:1.8.0_212]
	at org.apache.ratis.server.impl.RaftServerProxy.submitRequest(RaftServerProxy.java:327) ~[ratis-server-0.4.0-2337318-SNAPSHOT.jar:0.4.0-2337318-SNAPSHOT]
	at org.apache.ratis.server.impl.RaftServerProxy.submitClientRequestAsync(RaftServerProxy.java:333) ~[ratis-server-0.4.0-2337318-SNAPSHOT.jar:0.4.0-2337318-SNAPSHOT]
	at org.apache.ratis.grpc.client.GrpcClientProtocolService$RequestStreamObserver.processClientRequest(GrpcClientProtocolService.java:220) ~[ratis-grpc-0.4.0-2337318-SNAPSHOT.jar:0.4.0-2337318-SNAPSHOT]
	at org.apache.ratis.grpc.client.GrpcClientProtocolService$OrderedRequestStreamObserver.processClientRequest(GrpcClientProtocolService.java:326) ~[ratis-grpc-0.4.0-2337318-SNAPSHOT.jar:0.4.0-2337318-SNAPSHOT]
	at org.apache.ratis.util.SlidingWindow$Server.processRequestsFromHead(SlidingWindow.java:429) [ratis-common-0.4.0-2337318-SNAPSHOT.jar:0.4.0-2337318-SNAPSHOT]
	at org.apache.ratis.util.SlidingWindow$Server.receivedRequest(SlidingWindow.java:421) [ratis-common-0.4.0-2337318-SNAPSHOT.jar:0.4.0-2337318-SNAPSHOT]
	at org.apache.ratis.grpc.client.GrpcClientProtocolService$OrderedRequestStreamObserver.processClientRequest(GrpcClientProtocolService.java:345) [ratis-grpc-0.4.0-2337318-SNAPSHOT.jar:0.4.0-2337318-SNAPSHOT]
	at org.apache.ratis.grpc.client.GrpcClientProtocolService$RequestStreamObserver.onNext(GrpcClientProtocolService.java:240) [ratis-grpc-0.4.0-2337318-SNAPSHOT.jar:0.4.0-2337318-SNAPSHOT]
	at org.apache.ratis.grpc.client.GrpcClientProtocolService$RequestStreamObserver.onNext(GrpcClientProtocolService.java:168) [ratis-grpc-0.4.0-2337318-SNAPSHOT.jar:0.4.0-2337318-SNAPSHOT]
	at org.apache.ratis.thirdparty.io.grpc.stub.ServerCalls$StreamingServerCallHandler$StreamingServerCallListener.onMessage(ServerCalls.java:248) [ratis-thirdparty-misc-0.2.0.jar:0.2.0]
	at org.apache.ratis.thirdparty.io.grpc.internal.ServerCallImpl$ServerStreamListenerImpl.messagesAvailable(ServerCallImpl.java:263) [ratis-thirdparty-misc-0.2.0.jar:0.2.0]
	at org.apache.ratis.thirdparty.io.grpc.internal.ServerImpl$JumpToApplicationThreadServerStreamListener$1MessagesAvailable.runInContext(ServerImpl.java:686) [ratis-thirdparty-misc-0.2.0.jar:0.2.0]
	at org.apache.ratis.thirdparty.io.grpc.internal.ContextRunnable.run(ContextRunnable.java:37) [ratis-thirdparty-misc-0.2.0.jar:0.2.0]
	at org.apache.ratis.thirdparty.io.grpc.internal.SerializingExecutor.run(SerializingExecutor.java:123) [ratis-thirdparty-misc-0.2.0.jar:0.2.0]
	at java.util.concurrent.ThreadPoolExecutor.runWorker(ThreadPoolExecutor.java:1149) [?:1.8.0_212]
	at java.util.concurrent.ThreadPoolExecutor$Worker.run(ThreadPoolExecutor.java:624) [?:1.8.0_212]
	at java.lang.Thread.run(Thread.java:748) [?:1.8.0_212]
2019-07-12 13:11:29,683 INFO  client.GrpcClientProtocolClient (GrpcClientProtocolClient.java:onNext(255)) - client-7DE34CC59F3D->69a3b7e3-dc0f-4653-8b76-128e42208dfc: receive RaftClientReply:client-7DE34CC59F3D->69a3b7e3-dc0f-4653-8b76-128e42208dfc@group-DE3236DE1D46, cid=78, FAILED org.apache.ratis.protocol.StateMachineException: org.apache.hadoop.hdds.scm.container.common.helpers.ContainerNotOpenException from Server 69a3b7e3-dc0f-4653-8b76-128e42208dfc: Container 10 in CLOSED state, logIndex=0, commits[69a3b7e3-dc0f-4653-8b76-128e42208dfc:c79, f5429de9-b416-4308-9dc7-db4723522379:c78, 236a9b69-16f2-46bd-9ce4-e686e621f0e6:c78]
2019-07-12 13:11:29,685 INFO  client.GrpcClientProtocolClient (GrpcClientProtocolClient.java:onNext(255)) - client-7DE34CC59F3D->69a3b7e3-dc0f-4653-8b76-128e42208dfc: receive RaftClientReply:client-7DE34CC59F3D->69a3b7e3-dc0f-4653-8b76-128e42208dfc@group-DE3236DE1D46, cid=79, FAILED org.apache.ratis.protocol.StateMachineException: org.apache.hadoop.hdds.scm.container.common.helpers.ContainerNotOpenException from Server 69a3b7e3-dc0f-4653-8b76-128e42208dfc: Container 10 in CLOSED state, logIndex=0, commits[69a3b7e3-dc0f-4653-8b76-128e42208dfc:c79, f5429de9-b416-4308-9dc7-db4723522379:c78, 236a9b69-16f2-46bd-9ce4-e686e621f0e6:c78]
13:11:29.685 [grpc-default-executor-4] ERROR DNAudit - user=null | ip=null | op=WRITE_CHUNK {blockData=conID: 10 locID: 102428644981932047 bcsId: 73} | ret=FAILURE
org.apache.hadoop.hdds.scm.container.common.helpers.ContainerNotOpenException: Container 10 in CLOSED state
	at org.apache.hadoop.ozone.container.common.impl.HddsDispatcher.validateContainerCommand(HddsDispatcher.java:408) ~[hadoop-hdds-container-service-0.5.0-SNAPSHOT.jar:?]
	at org.apache.hadoop.ozone.container.common.transport.server.ratis.ContainerStateMachine.startTransaction(ContainerStateMachine.java:271) ~[hadoop-hdds-container-service-0.5.0-SNAPSHOT.jar:?]
	at org.apache.ratis.server.impl.RaftServerImpl.submitClientRequestAsync(RaftServerImpl.java:566) ~[ratis-server-0.4.0-2337318-SNAPSHOT.jar:0.4.0-2337318-SNAPSHOT]
	at org.apache.ratis.server.impl.RaftServerProxy.lambda$submitClientRequestAsync$7(RaftServerProxy.java:333) ~[ratis-server-0.4.0-2337318-SNAPSHOT.jar:0.4.0-2337318-SNAPSHOT]
	at org.apache.ratis.server.impl.RaftServerProxy.lambda$null$5(RaftServerProxy.java:328) ~[ratis-server-0.4.0-2337318-SNAPSHOT.jar:0.4.0-2337318-SNAPSHOT]
	at org.apache.ratis.util.JavaUtils.callAsUnchecked(JavaUtils.java:109) ~[ratis-common-0.4.0-2337318-SNAPSHOT.jar:0.4.0-2337318-SNAPSHOT]
	at org.apache.ratis.server.impl.RaftServerProxy.lambda$submitRequest$6(RaftServerProxy.java:328) ~[ratis-server-0.4.0-2337318-SNAPSHOT.jar:0.4.0-2337318-SNAPSHOT]
	at java.util.concurrent.CompletableFuture.uniComposeStage(CompletableFuture.java:981) ~[?:1.8.0_212]
	at java.util.concurrent.CompletableFuture.thenCompose(CompletableFuture.java:2124) ~[?:1.8.0_212]
	at org.apache.ratis.server.impl.RaftServerProxy.submitRequest(RaftServerProxy.java:327) ~[ratis-server-0.4.0-2337318-SNAPSHOT.jar:0.4.0-2337318-SNAPSHOT]
	at org.apache.ratis.server.impl.RaftServerProxy.submitClientRequestAsync(RaftServerProxy.java:333) ~[ratis-server-0.4.0-2337318-SNAPSHOT.jar:0.4.0-2337318-SNAPSHOT]
	at org.apache.ratis.grpc.client.GrpcClientProtocolService$RequestStreamObserver.processClientRequest(GrpcClientProtocolService.java:220) ~[ratis-grpc-0.4.0-2337318-SNAPSHOT.jar:0.4.0-2337318-SNAPSHOT]
	at org.apache.ratis.grpc.client.GrpcClientProtocolService$OrderedRequestStreamObserver.processClientRequest(GrpcClientProtocolService.java:326) ~[ratis-grpc-0.4.0-2337318-SNAPSHOT.jar:0.4.0-2337318-SNAPSHOT]
	at org.apache.ratis.util.SlidingWindow$Server.processRequestsFromHead(SlidingWindow.java:429) [ratis-common-0.4.0-2337318-SNAPSHOT.jar:0.4.0-2337318-SNAPSHOT]
	at org.apache.ratis.util.SlidingWindow$Server.receivedRequest(SlidingWindow.java:421) [ratis-common-0.4.0-2337318-SNAPSHOT.jar:0.4.0-2337318-SNAPSHOT]
	at org.apache.ratis.grpc.client.GrpcClientProtocolService$OrderedRequestStreamObserver.processClientRequest(GrpcClientProtocolService.java:345) [ratis-grpc-0.4.0-2337318-SNAPSHOT.jar:0.4.0-2337318-SNAPSHOT]
	at org.apache.ratis.grpc.client.GrpcClientProtocolService$RequestStreamObserver.onNext(GrpcClientProtocolService.java:240) [ratis-grpc-0.4.0-2337318-SNAPSHOT.jar:0.4.0-2337318-SNAPSHOT]
	at org.apache.ratis.grpc.client.GrpcClientProtocolService$RequestStreamObserver.onNext(GrpcClientProtocolService.java:168) [ratis-grpc-0.4.0-2337318-SNAPSHOT.jar:0.4.0-2337318-SNAPSHOT]
	at org.apache.ratis.thirdparty.io.grpc.stub.ServerCalls$StreamingServerCallHandler$StreamingServerCallListener.onMessage(ServerCalls.java:248) [ratis-thirdparty-misc-0.2.0.jar:0.2.0]
	at org.apache.ratis.thirdparty.io.grpc.internal.ServerCallImpl$ServerStreamListenerImpl.messagesAvailable(ServerCallImpl.java:263) [ratis-thirdparty-misc-0.2.0.jar:0.2.0]
	at org.apache.ratis.thirdparty.io.grpc.internal.ServerImpl$JumpToApplicationThreadServerStreamListener$1MessagesAvailable.runInContext(ServerImpl.java:686) [ratis-thirdparty-misc-0.2.0.jar:0.2.0]
	at org.apache.ratis.thirdparty.io.grpc.internal.ContextRunnable.run(ContextRunnable.java:37) [ratis-thirdparty-misc-0.2.0.jar:0.2.0]
	at org.apache.ratis.thirdparty.io.grpc.internal.SerializingExecutor.run(SerializingExecutor.java:123) [ratis-thirdparty-misc-0.2.0.jar:0.2.0]
	at java.util.concurrent.ThreadPoolExecutor.runWorker(ThreadPoolExecutor.java:1149) [?:1.8.0_212]
	at java.util.concurrent.ThreadPoolExecutor$Worker.run(ThreadPoolExecutor.java:624) [?:1.8.0_212]
	at java.lang.Thread.run(Thread.java:748) [?:1.8.0_212]
13:11:29.690 [grpc-default-executor-4] ERROR DNAudit - user=null | ip=null | op=PUT_BLOCK {blockData=[blockId=conID: 10 locID: 102428644981932047 bcsId: 0,size=4194304]} | ret=FAILURE
org.apache.hadoop.hdds.scm.container.common.helpers.ContainerNotOpenException: Container 10 in CLOSED state
	at org.apache.hadoop.ozone.container.common.impl.HddsDispatcher.validateContainerCommand(HddsDispatcher.java:408) ~[hadoop-hdds-container-service-0.5.0-SNAPSHOT.jar:?]
	at org.apache.hadoop.ozone.container.common.transport.server.ratis.ContainerStateMachine.startTransaction(ContainerStateMachine.java:271) ~[hadoop-hdds-container-service-0.5.0-SNAPSHOT.jar:?]
	at org.apache.ratis.server.impl.RaftServerImpl.submitClientRequestAsync(RaftServerImpl.java:566) ~[ratis-server-0.4.0-2337318-SNAPSHOT.jar:0.4.0-2337318-SNAPSHOT]
	at org.apache.ratis.server.impl.RaftServerProxy.lambda$submitClientRequestAsync$7(RaftServerProxy.java:333) ~[ratis-server-0.4.0-2337318-SNAPSHOT.jar:0.4.0-2337318-SNAPSHOT]
	at org.apache.ratis.server.impl.RaftServerProxy.lambda$null$5(RaftServerProxy.java:328) ~[ratis-server-0.4.0-2337318-SNAPSHOT.jar:0.4.0-2337318-SNAPSHOT]
	at org.apache.ratis.util.JavaUtils.callAsUnchecked(JavaUtils.java:109) ~[ratis-common-0.4.0-2337318-SNAPSHOT.jar:0.4.0-2337318-SNAPSHOT]
	at org.apache.ratis.server.impl.RaftServerProxy.lambda$submitRequest$6(RaftServerProxy.java:328) ~[ratis-server-0.4.0-2337318-SNAPSHOT.jar:0.4.0-2337318-SNAPSHOT]
	at java.util.concurrent.CompletableFuture.uniComposeStage(CompletableFuture.java:981) ~[?:1.8.0_212]
	at java.util.concurrent.CompletableFuture.thenCompose(CompletableFuture.java:2124) ~[?:1.8.0_212]
	at org.apache.ratis.server.impl.RaftServerProxy.submitRequest(RaftServerProxy.java:327) ~[ratis-server-0.4.0-2337318-SNAPSHOT.jar:0.4.0-2337318-SNAPSHOT]
	at org.apache.ratis.server.impl.RaftServerProxy.submitClientRequestAsync(RaftServerProxy.java:333) ~[ratis-server-0.4.0-2337318-SNAPSHOT.jar:0.4.0-2337318-SNAPSHOT]
	at org.apache.ratis.grpc.client.GrpcClientProtocolService$RequestStreamObserver.processClientRequest(GrpcClientProtocolService.java:220) ~[ratis-grpc-0.4.0-2337318-SNAPSHOT.jar:0.4.0-2337318-SNAPSHOT]
	at org.apache.ratis.grpc.client.GrpcClientProtocolService$OrderedRequestStreamObserver.processClientRequest(GrpcClientProtocolService.java:326) ~[ratis-grpc-0.4.0-2337318-SNAPSHOT.jar:0.4.0-2337318-SNAPSHOT]
	at org.apache.ratis.util.SlidingWindow$Server.processRequestsFromHead(SlidingWindow.java:429) [ratis-common-0.4.0-2337318-SNAPSHOT.jar:0.4.0-2337318-SNAPSHOT]
	at org.apache.ratis.util.SlidingWindow$Server.receivedRequest(SlidingWindow.java:421) [ratis-common-0.4.0-2337318-SNAPSHOT.jar:0.4.0-2337318-SNAPSHOT]
	at org.apache.ratis.grpc.client.GrpcClientProtocolService$OrderedRequestStreamObserver.processClientRequest(GrpcClientProtocolService.java:345) [ratis-grpc-0.4.0-2337318-SNAPSHOT.jar:0.4.0-2337318-SNAPSHOT]
	at org.apache.ratis.grpc.client.GrpcClientProtocolService$RequestStreamObserver.onNext(GrpcClientProtocolService.java:240) [ratis-grpc-0.4.0-2337318-SNAPSHOT.jar:0.4.0-2337318-SNAPSHOT]
	at org.apache.ratis.grpc.client.GrpcClientProtocolService$RequestStreamObserver.onNext(GrpcClientProtocolService.java:168) [ratis-grpc-0.4.0-2337318-SNAPSHOT.jar:0.4.0-2337318-SNAPSHOT]
	at org.apache.ratis.thirdparty.io.grpc.stub.ServerCalls$StreamingServerCallHandler$StreamingServerCallListener.onMessage(ServerCalls.java:248) [ratis-thirdparty-misc-0.2.0.jar:0.2.0]
	at org.apache.ratis.thirdparty.io.grpc.internal.ServerCallImpl$ServerStreamListenerImpl.messagesAvailable(ServerCallImpl.java:263) [ratis-thirdparty-misc-0.2.0.jar:0.2.0]
	at org.apache.ratis.thirdparty.io.grpc.internal.ServerImpl$JumpToApplicationThreadServerStreamListener$1MessagesAvailable.runInContext(ServerImpl.java:686) [ratis-thirdparty-misc-0.2.0.jar:0.2.0]
	at org.apache.ratis.thirdparty.io.grpc.internal.ContextRunnable.run(ContextRunnable.java:37) [ratis-thirdparty-misc-0.2.0.jar:0.2.0]
	at org.apache.ratis.thirdparty.io.grpc.internal.SerializingExecutor.run(SerializingExecutor.java:123) [ratis-thirdparty-misc-0.2.0.jar:0.2.0]
	at java.util.concurrent.ThreadPoolExecutor.runWorker(ThreadPoolExecutor.java:1149) [?:1.8.0_212]
	at java.util.concurrent.ThreadPoolExecutor$Worker.run(ThreadPoolExecutor.java:624) [?:1.8.0_212]
	at java.lang.Thread.run(Thread.java:748) [?:1.8.0_212]
2019-07-12 13:11:29,691 INFO  client.GrpcClientProtocolClient (GrpcClientProtocolClient.java:onNext(255)) - client-7DE34CC59F3D->69a3b7e3-dc0f-4653-8b76-128e42208dfc: receive RaftClientReply:client-7DE34CC59F3D->69a3b7e3-dc0f-4653-8b76-128e42208dfc@group-DE3236DE1D46, cid=80, FAILED org.apache.ratis.protocol.StateMachineException: org.apache.hadoop.hdds.scm.container.common.helpers.ContainerNotOpenException from Server 69a3b7e3-dc0f-4653-8b76-128e42208dfc: Container 10 in CLOSED state, logIndex=0, commits[69a3b7e3-dc0f-4653-8b76-128e42208dfc:c79, f5429de9-b416-4308-9dc7-db4723522379:c78, 236a9b69-16f2-46bd-9ce4-e686e621f0e6:c78]
2019-07-12 13:11:29,696 INFO  client.GrpcClientProtocolClient (GrpcClientProtocolClient.java:onNext(255)) - client-7DE34CC59F3D->69a3b7e3-dc0f-4653-8b76-128e42208dfc: receive RaftClientReply:client-7DE34CC59F3D->69a3b7e3-dc0f-4653-8b76-128e42208dfc@group-DE3236DE1D46, cid=81, FAILED org.apache.ratis.protocol.StateMachineException: org.apache.hadoop.hdds.scm.container.common.helpers.ContainerNotOpenException from Server 69a3b7e3-dc0f-4653-8b76-128e42208dfc: Container 10 in CLOSED state, logIndex=0, commits[69a3b7e3-dc0f-4653-8b76-128e42208dfc:c79, f5429de9-b416-4308-9dc7-db4723522379:c78, 236a9b69-16f2-46bd-9ce4-e686e621f0e6:c78]
2019-07-12 13:11:29,794 INFO  client.GrpcClientProtocolClient (GrpcClientProtocolClient.java:onNext(255)) - client-6C04BD49F4D5->871b3a72-703e-465c-925f-bb68f4958a2e: receive RaftClientReply:client-6C04BD49F4D5->871b3a72-703e-465c-925f-bb68f4958a2e@group-613427DCBB34, cid=82, SUCCESS, logIndex=35, commits[871b3a72-703e-465c-925f-bb68f4958a2e:c38, 2d930774-d643-4c73-b233-5605f9748a71:c34, de50b7de-f9d2-4802-a524-6de75e18a426:c34]
2019-07-12 13:11:29,826 INFO  client.GrpcClientProtocolClient (GrpcClientProtocolClient.java:onNext(255)) - client-6C04BD49F4D5->871b3a72-703e-465c-925f-bb68f4958a2e: receive RaftClientReply:client-6C04BD49F4D5->871b3a72-703e-465c-925f-bb68f4958a2e@group-613427DCBB34, cid=83, SUCCESS, logIndex=36, commits[871b3a72-703e-465c-925f-bb68f4958a2e:c42, 2d930774-d643-4c73-b233-5605f9748a71:c38, de50b7de-f9d2-4802-a524-6de75e18a426:c38]
2019-07-12 13:11:29,827 INFO  client.GrpcClientProtocolClient (GrpcClientProtocolClient.java:onNext(255)) - client-6C04BD49F4D5->871b3a72-703e-465c-925f-bb68f4958a2e: receive RaftClientReply:client-6C04BD49F4D5->871b3a72-703e-465c-925f-bb68f4958a2e@group-613427DCBB34, cid=84, SUCCESS, logIndex=37, commits[871b3a72-703e-465c-925f-bb68f4958a2e:c42, 2d930774-d643-4c73-b233-5605f9748a71:c38, de50b7de-f9d2-4802-a524-6de75e18a426:c38]
2019-07-12 13:11:29,915 INFO  client.GrpcClientProtocolClient (GrpcClientProtocolClient.java:onNext(255)) - client-6C04BD49F4D5->871b3a72-703e-465c-925f-bb68f4958a2e: receive RaftClientReply:client-6C04BD49F4D5->871b3a72-703e-465c-925f-bb68f4958a2e@group-613427DCBB34, cid=85, SUCCESS, logIndex=38, commits[871b3a72-703e-465c-925f-bb68f4958a2e:c42, 2d930774-d643-4c73-b233-5605f9748a71:c38, de50b7de-f9d2-4802-a524-6de75e18a426:c38]
2019-07-12 13:11:29,941 INFO  client.GrpcClientProtocolClient (GrpcClientProtocolClient.java:onNext(255)) - client-6C04BD49F4D5->871b3a72-703e-465c-925f-bb68f4958a2e: receive RaftClientReply:client-6C04BD49F4D5->871b3a72-703e-465c-925f-bb68f4958a2e@group-613427DCBB34, cid=86, SUCCESS, logIndex=43, commits[871b3a72-703e-465c-925f-bb68f4958a2e:c44, 2d930774-d643-4c73-b233-5605f9748a71:c42, de50b7de-f9d2-4802-a524-6de75e18a426:c42]
2019-07-12 13:11:29,942 INFO  client.GrpcClientProtocolClient (GrpcClientProtocolClient.java:onNext(255)) - client-6C04BD49F4D5->871b3a72-703e-465c-925f-bb68f4958a2e: receive RaftClientReply:client-6C04BD49F4D5->871b3a72-703e-465c-925f-bb68f4958a2e@group-613427DCBB34, cid=87, SUCCESS, logIndex=44, commits[871b3a72-703e-465c-925f-bb68f4958a2e:c44, 2d930774-d643-4c73-b233-5605f9748a71:c42, de50b7de-f9d2-4802-a524-6de75e18a426:c42]
2019-07-12 13:11:29,954 INFO  client.GrpcClientProtocolClient (GrpcClientProtocolClient.java:onNext(255)) - client-6C04BD49F4D5->871b3a72-703e-465c-925f-bb68f4958a2e: receive RaftClientReply:client-6C04BD49F4D5->871b3a72-703e-465c-925f-bb68f4958a2e@group-613427DCBB34, cid=88, SUCCESS, logIndex=0, commits[871b3a72-703e-465c-925f-bb68f4958a2e:c44, 2d930774-d643-4c73-b233-5605f9748a71:c44, de50b7de-f9d2-4802-a524-6de75e18a426:c44]
2019-07-12 13:11:29,996 INFO  pipeline.Pipeline (Pipeline.java:getProtobufMessage(195)) - Serialize pipeline PipelineID=9bc0a0ea-9a37-4824-8e6b-613427dcbb34 with nodesInOrder{ }
]]></system-out>
  </testcase>
  <testcase name="testMultiBlockWrites2" classname="org.apache.hadoop.ozone.client.rpc.TestCloseContainerHandlingByClient" time="3.141">
    <error type="java.lang.IllegalArgumentException">java.lang.IllegalArgumentException
	at com.google.common.base.Preconditions.checkArgument(Preconditions.java:72)
	at org.apache.hadoop.hdds.scm.XceiverClientManager.acquireClient(XceiverClientManager.java:150)
	at org.apache.hadoop.hdds.scm.XceiverClientManager.acquireClientForReadData(XceiverClientManager.java:143)
	at org.apache.hadoop.hdds.scm.storage.BlockInputStream.getChunkInfos(BlockInputStream.java:154)
	at org.apache.hadoop.hdds.scm.storage.BlockInputStream.initialize(BlockInputStream.java:118)
	at org.apache.hadoop.hdds.scm.storage.BlockInputStream.read(BlockInputStream.java:222)
	at org.apache.hadoop.ozone.client.io.KeyInputStream.read(KeyInputStream.java:171)
	at org.apache.hadoop.ozone.client.io.OzoneInputStream.read(OzoneInputStream.java:47)
	at java.io.InputStream.read(InputStream.java:101)
	at org.apache.hadoop.ozone.container.ContainerTestHelper.validateData(ContainerTestHelper.java:709)
	at org.apache.hadoop.ozone.client.rpc.TestCloseContainerHandlingByClient.validateData(TestCloseContainerHandlingByClient.java:401)
	at org.apache.hadoop.ozone.client.rpc.TestCloseContainerHandlingByClient.testMultiBlockWrites2(TestCloseContainerHandlingByClient.java:281)
	at sun.reflect.NativeMethodAccessorImpl.invoke0(Native Method)
	at sun.reflect.NativeMethodAccessorImpl.invoke(NativeMethodAccessorImpl.java:62)
	at sun.reflect.DelegatingMethodAccessorImpl.invoke(DelegatingMethodAccessorImpl.java:43)
	at java.lang.reflect.Method.invoke(Method.java:498)
	at org.junit.runners.model.FrameworkMethod$1.runReflectiveCall(FrameworkMethod.java:47)
	at org.junit.internal.runners.model.ReflectiveCallable.run(ReflectiveCallable.java:12)
	at org.junit.runners.model.FrameworkMethod.invokeExplosively(FrameworkMethod.java:44)
	at org.junit.internal.runners.statements.InvokeMethod.evaluate(InvokeMethod.java:17)
	at org.junit.runners.ParentRunner.runLeaf(ParentRunner.java:271)
	at org.junit.runners.BlockJUnit4ClassRunner.runChild(BlockJUnit4ClassRunner.java:70)
	at org.junit.runners.BlockJUnit4ClassRunner.runChild(BlockJUnit4ClassRunner.java:50)
	at org.junit.runners.ParentRunner$3.run(ParentRunner.java:238)
	at org.junit.runners.ParentRunner$1.schedule(ParentRunner.java:63)
	at org.junit.runners.ParentRunner.runChildren(ParentRunner.java:236)
	at org.junit.runners.ParentRunner.access$000(ParentRunner.java:53)
	at org.junit.runners.ParentRunner$2.evaluate(ParentRunner.java:229)
	at org.junit.internal.runners.statements.RunBefores.evaluate(RunBefores.java:26)
	at org.junit.internal.runners.statements.RunAfters.evaluate(RunAfters.java:27)
	at org.junit.runners.ParentRunner.run(ParentRunner.java:309)
	at org.apache.maven.surefire.junit4.JUnit4Provider.execute(JUnit4Provider.java:365)
	at org.apache.maven.surefire.junit4.JUnit4Provider.executeWithRerun(JUnit4Provider.java:273)
	at org.apache.maven.surefire.junit4.JUnit4Provider.executeTestSet(JUnit4Provider.java:238)
	at org.apache.maven.surefire.junit4.JUnit4Provider.invoke(JUnit4Provider.java:159)
	at org.apache.maven.surefire.booter.ForkedBooter.invokeProviderInSameClassLoader(ForkedBooter.java:384)
	at org.apache.maven.surefire.booter.ForkedBooter.runSuitesInProcess(ForkedBooter.java:345)
	at org.apache.maven.surefire.booter.ForkedBooter.execute(ForkedBooter.java:126)
	at org.apache.maven.surefire.booter.ForkedBooter.main(ForkedBooter.java:418)
</error>
    <system-out><![CDATA[2019-07-12 13:11:30,198 INFO  client.GrpcClientProtocolClient (GrpcClientProtocolClient.java:onNext(255)) - client-7DE34CC59F3D->69a3b7e3-dc0f-4653-8b76-128e42208dfc: receive RaftClientReply:client-7DE34CC59F3D->69a3b7e3-dc0f-4653-8b76-128e42208dfc@group-DE3236DE1D46, cid=89, SUCCESS, logIndex=80, commits[69a3b7e3-dc0f-4653-8b76-128e42208dfc:c83, f5429de9-b416-4308-9dc7-db4723522379:c78, 236a9b69-16f2-46bd-9ce4-e686e621f0e6:c79]
2019-07-12 13:11:30,245 INFO  client.GrpcClientProtocolClient (GrpcClientProtocolClient.java:onNext(255)) - client-7DE34CC59F3D->69a3b7e3-dc0f-4653-8b76-128e42208dfc: receive RaftClientReply:client-7DE34CC59F3D->69a3b7e3-dc0f-4653-8b76-128e42208dfc@group-DE3236DE1D46, cid=90, SUCCESS, logIndex=81, commits[69a3b7e3-dc0f-4653-8b76-128e42208dfc:c84, f5429de9-b416-4308-9dc7-db4723522379:c83, 236a9b69-16f2-46bd-9ce4-e686e621f0e6:c83]
2019-07-12 13:11:30,246 INFO  client.GrpcClientProtocolClient (GrpcClientProtocolClient.java:onNext(255)) - client-7DE34CC59F3D->69a3b7e3-dc0f-4653-8b76-128e42208dfc: receive RaftClientReply:client-7DE34CC59F3D->69a3b7e3-dc0f-4653-8b76-128e42208dfc@group-DE3236DE1D46, cid=91, SUCCESS, logIndex=82, commits[69a3b7e3-dc0f-4653-8b76-128e42208dfc:c84, f5429de9-b416-4308-9dc7-db4723522379:c83, 236a9b69-16f2-46bd-9ce4-e686e621f0e6:c83]
2019-07-12 13:11:30,318 INFO  client.GrpcClientProtocolClient (GrpcClientProtocolClient.java:onNext(255)) - client-7DE34CC59F3D->69a3b7e3-dc0f-4653-8b76-128e42208dfc: receive RaftClientReply:client-7DE34CC59F3D->69a3b7e3-dc0f-4653-8b76-128e42208dfc@group-DE3236DE1D46, cid=92, SUCCESS, logIndex=83, commits[69a3b7e3-dc0f-4653-8b76-128e42208dfc:c84, f5429de9-b416-4308-9dc7-db4723522379:c83, 236a9b69-16f2-46bd-9ce4-e686e621f0e6:c83]
2019-07-12 13:11:30,344 INFO  client.GrpcClientProtocolClient (GrpcClientProtocolClient.java:onNext(255)) - client-7DE34CC59F3D->69a3b7e3-dc0f-4653-8b76-128e42208dfc: receive RaftClientReply:client-7DE34CC59F3D->69a3b7e3-dc0f-4653-8b76-128e42208dfc@group-DE3236DE1D46, cid=93, SUCCESS, logIndex=85, commits[69a3b7e3-dc0f-4653-8b76-128e42208dfc:c87, f5429de9-b416-4308-9dc7-db4723522379:c84, 236a9b69-16f2-46bd-9ce4-e686e621f0e6:c84]
2019-07-12 13:11:30,346 INFO  client.GrpcClientProtocolClient (GrpcClientProtocolClient.java:onNext(255)) - client-7DE34CC59F3D->69a3b7e3-dc0f-4653-8b76-128e42208dfc: receive RaftClientReply:client-7DE34CC59F3D->69a3b7e3-dc0f-4653-8b76-128e42208dfc@group-DE3236DE1D46, cid=94, SUCCESS, logIndex=86, commits[69a3b7e3-dc0f-4653-8b76-128e42208dfc:c88, f5429de9-b416-4308-9dc7-db4723522379:c84, 236a9b69-16f2-46bd-9ce4-e686e621f0e6:c84]
2019-07-12 13:11:30,346 INFO  client.GrpcClientProtocolClient (GrpcClientProtocolClient.java:onNext(255)) - client-7DE34CC59F3D->69a3b7e3-dc0f-4653-8b76-128e42208dfc: receive RaftClientReply:client-7DE34CC59F3D->69a3b7e3-dc0f-4653-8b76-128e42208dfc@group-DE3236DE1D46, cid=95, SUCCESS, logIndex=87, commits[69a3b7e3-dc0f-4653-8b76-128e42208dfc:c88, f5429de9-b416-4308-9dc7-db4723522379:c84, 236a9b69-16f2-46bd-9ce4-e686e621f0e6:c84]
2019-07-12 13:11:30,347 INFO  client.GrpcClientProtocolClient (GrpcClientProtocolClient.java:onNext(255)) - client-7DE34CC59F3D->69a3b7e3-dc0f-4653-8b76-128e42208dfc: receive RaftClientReply:client-7DE34CC59F3D->69a3b7e3-dc0f-4653-8b76-128e42208dfc@group-DE3236DE1D46, cid=96, SUCCESS, logIndex=88, commits[69a3b7e3-dc0f-4653-8b76-128e42208dfc:c89, f5429de9-b416-4308-9dc7-db4723522379:c85, 236a9b69-16f2-46bd-9ce4-e686e621f0e6:c85]
2019-07-12 13:11:30,350 INFO  client.GrpcClientProtocolClient (GrpcClientProtocolClient.java:onNext(255)) - client-7DE34CC59F3D->69a3b7e3-dc0f-4653-8b76-128e42208dfc: receive RaftClientReply:client-7DE34CC59F3D->69a3b7e3-dc0f-4653-8b76-128e42208dfc@group-DE3236DE1D46, cid=97, SUCCESS, logIndex=0, commits[69a3b7e3-dc0f-4653-8b76-128e42208dfc:c92, f5429de9-b416-4308-9dc7-db4723522379:c88, 236a9b69-16f2-46bd-9ce4-e686e621f0e6:c88]
2019-07-12 13:11:30,352 INFO  client.GrpcClientProtocolClient (GrpcClientProtocolClient.java:onNext(255)) - client-7DE34CC59F3D->69a3b7e3-dc0f-4653-8b76-128e42208dfc: receive RaftClientReply:client-7DE34CC59F3D->69a3b7e3-dc0f-4653-8b76-128e42208dfc@group-DE3236DE1D46, cid=98, SUCCESS, logIndex=0, commits[69a3b7e3-dc0f-4653-8b76-128e42208dfc:c92, f5429de9-b416-4308-9dc7-db4723522379:c88, 236a9b69-16f2-46bd-9ce4-e686e621f0e6:c88]
2019-07-12 13:11:30,464 INFO  client.GrpcClientProtocolClient (GrpcClientProtocolClient.java:onNext(255)) - client-6C04BD49F4D5->871b3a72-703e-465c-925f-bb68f4958a2e: receive RaftClientReply:client-6C04BD49F4D5->871b3a72-703e-465c-925f-bb68f4958a2e@group-613427DCBB34, cid=99, SUCCESS, logIndex=47, commits[871b3a72-703e-465c-925f-bb68f4958a2e:c50, 2d930774-d643-4c73-b233-5605f9748a71:c46, de50b7de-f9d2-4802-a524-6de75e18a426:c46]
2019-07-12 13:11:30,513 INFO  client.GrpcClientProtocolClient (GrpcClientProtocolClient.java:onNext(255)) - client-6C04BD49F4D5->871b3a72-703e-465c-925f-bb68f4958a2e: receive RaftClientReply:client-6C04BD49F4D5->871b3a72-703e-465c-925f-bb68f4958a2e@group-613427DCBB34, cid=100, SUCCESS, logIndex=48, commits[871b3a72-703e-465c-925f-bb68f4958a2e:c54, 2d930774-d643-4c73-b233-5605f9748a71:c50, de50b7de-f9d2-4802-a524-6de75e18a426:c50]
2019-07-12 13:11:30,514 INFO  client.GrpcClientProtocolClient (GrpcClientProtocolClient.java:onNext(255)) - client-6C04BD49F4D5->871b3a72-703e-465c-925f-bb68f4958a2e: receive RaftClientReply:client-6C04BD49F4D5->871b3a72-703e-465c-925f-bb68f4958a2e@group-613427DCBB34, cid=101, SUCCESS, logIndex=49, commits[871b3a72-703e-465c-925f-bb68f4958a2e:c54, 2d930774-d643-4c73-b233-5605f9748a71:c50, de50b7de-f9d2-4802-a524-6de75e18a426:c50]
2019-07-12 13:11:30,589 INFO  client.GrpcClientProtocolClient (GrpcClientProtocolClient.java:onNext(255)) - client-6C04BD49F4D5->871b3a72-703e-465c-925f-bb68f4958a2e: receive RaftClientReply:client-6C04BD49F4D5->871b3a72-703e-465c-925f-bb68f4958a2e@group-613427DCBB34, cid=102, SUCCESS, logIndex=50, commits[871b3a72-703e-465c-925f-bb68f4958a2e:c54, 2d930774-d643-4c73-b233-5605f9748a71:c50, de50b7de-f9d2-4802-a524-6de75e18a426:c50]
2019-07-12 13:11:30,622 INFO  client.GrpcClientProtocolClient (GrpcClientProtocolClient.java:onNext(255)) - client-6C04BD49F4D5->871b3a72-703e-465c-925f-bb68f4958a2e: receive RaftClientReply:client-6C04BD49F4D5->871b3a72-703e-465c-925f-bb68f4958a2e@group-613427DCBB34, cid=103, SUCCESS, logIndex=55, commits[871b3a72-703e-465c-925f-bb68f4958a2e:c57, 2d930774-d643-4c73-b233-5605f9748a71:c54, de50b7de-f9d2-4802-a524-6de75e18a426:c54]
2019-07-12 13:11:30,623 INFO  client.GrpcClientProtocolClient (GrpcClientProtocolClient.java:onNext(255)) - client-6C04BD49F4D5->871b3a72-703e-465c-925f-bb68f4958a2e: receive RaftClientReply:client-6C04BD49F4D5->871b3a72-703e-465c-925f-bb68f4958a2e@group-613427DCBB34, cid=104, SUCCESS, logIndex=56, commits[871b3a72-703e-465c-925f-bb68f4958a2e:c58, 2d930774-d643-4c73-b233-5605f9748a71:c54, de50b7de-f9d2-4802-a524-6de75e18a426:c54]
2019-07-12 13:11:30,624 INFO  client.GrpcClientProtocolClient (GrpcClientProtocolClient.java:onNext(255)) - client-6C04BD49F4D5->871b3a72-703e-465c-925f-bb68f4958a2e: receive RaftClientReply:client-6C04BD49F4D5->871b3a72-703e-465c-925f-bb68f4958a2e@group-613427DCBB34, cid=105, SUCCESS, logIndex=57, commits[871b3a72-703e-465c-925f-bb68f4958a2e:c58, 2d930774-d643-4c73-b233-5605f9748a71:c54, de50b7de-f9d2-4802-a524-6de75e18a426:c54]
2019-07-12 13:11:30,625 INFO  client.GrpcClientProtocolClient (GrpcClientProtocolClient.java:onNext(255)) - client-6C04BD49F4D5->871b3a72-703e-465c-925f-bb68f4958a2e: receive RaftClientReply:client-6C04BD49F4D5->871b3a72-703e-465c-925f-bb68f4958a2e@group-613427DCBB34, cid=106, SUCCESS, logIndex=58, commits[871b3a72-703e-465c-925f-bb68f4958a2e:c58, 2d930774-d643-4c73-b233-5605f9748a71:c54, de50b7de-f9d2-4802-a524-6de75e18a426:c54]
2019-07-12 13:11:30,634 INFO  client.GrpcClientProtocolClient (GrpcClientProtocolClient.java:onNext(255)) - client-6C04BD49F4D5->871b3a72-703e-465c-925f-bb68f4958a2e: receive RaftClientReply:client-6C04BD49F4D5->871b3a72-703e-465c-925f-bb68f4958a2e@group-613427DCBB34, cid=107, SUCCESS, logIndex=0, commits[871b3a72-703e-465c-925f-bb68f4958a2e:c59, 2d930774-d643-4c73-b233-5605f9748a71:c56, de50b7de-f9d2-4802-a524-6de75e18a426:c56]
2019-07-12 13:11:30,636 INFO  client.GrpcClientProtocolClient (GrpcClientProtocolClient.java:onNext(255)) - client-6C04BD49F4D5->871b3a72-703e-465c-925f-bb68f4958a2e: receive RaftClientReply:client-6C04BD49F4D5->871b3a72-703e-465c-925f-bb68f4958a2e@group-613427DCBB34, cid=108, SUCCESS, logIndex=0, commits[871b3a72-703e-465c-925f-bb68f4958a2e:c62, 2d930774-d643-4c73-b233-5605f9748a71:c58, de50b7de-f9d2-4802-a524-6de75e18a426:c58]
2019-07-12 13:11:30,680 INFO  client.GrpcClientProtocolClient (GrpcClientProtocolClient.java:onNext(255)) - client-7DE34CC59F3D->69a3b7e3-dc0f-4653-8b76-128e42208dfc: receive RaftClientReply:client-7DE34CC59F3D->69a3b7e3-dc0f-4653-8b76-128e42208dfc@group-DE3236DE1D46, cid=109, SUCCESS, logIndex=93, commits[69a3b7e3-dc0f-4653-8b76-128e42208dfc:c94, f5429de9-b416-4308-9dc7-db4723522379:c92, 236a9b69-16f2-46bd-9ce4-e686e621f0e6:c92]
2019-07-12 13:11:30,681 INFO  client.GrpcClientProtocolClient (GrpcClientProtocolClient.java:onNext(255)) - client-7DE34CC59F3D->69a3b7e3-dc0f-4653-8b76-128e42208dfc: receive RaftClientReply:client-7DE34CC59F3D->69a3b7e3-dc0f-4653-8b76-128e42208dfc@group-DE3236DE1D46, cid=110, SUCCESS, logIndex=94, commits[69a3b7e3-dc0f-4653-8b76-128e42208dfc:c94, f5429de9-b416-4308-9dc7-db4723522379:c92, 236a9b69-16f2-46bd-9ce4-e686e621f0e6:c92]
2019-07-12 13:11:30,695 INFO  client.GrpcClientProtocolClient (GrpcClientProtocolClient.java:onNext(255)) - client-7DE34CC59F3D->69a3b7e3-dc0f-4653-8b76-128e42208dfc: receive RaftClientReply:client-7DE34CC59F3D->69a3b7e3-dc0f-4653-8b76-128e42208dfc@group-DE3236DE1D46, cid=111, SUCCESS, logIndex=0, commits[69a3b7e3-dc0f-4653-8b76-128e42208dfc:c96, f5429de9-b416-4308-9dc7-db4723522379:c94, 236a9b69-16f2-46bd-9ce4-e686e621f0e6:c94]
2019-07-12 13:11:30,732 INFO  client.GrpcClientProtocolClient (GrpcClientProtocolClient.java:onNext(255)) - client-7DE34CC59F3D->69a3b7e3-dc0f-4653-8b76-128e42208dfc: receive RaftClientReply:client-7DE34CC59F3D->69a3b7e3-dc0f-4653-8b76-128e42208dfc@group-DE3236DE1D46, cid=112, SUCCESS, logIndex=97, commits[69a3b7e3-dc0f-4653-8b76-128e42208dfc:c98, f5429de9-b416-4308-9dc7-db4723522379:c96, 236a9b69-16f2-46bd-9ce4-e686e621f0e6:c96]
2019-07-12 13:11:30,733 INFO  client.GrpcClientProtocolClient (GrpcClientProtocolClient.java:onNext(255)) - client-7DE34CC59F3D->69a3b7e3-dc0f-4653-8b76-128e42208dfc: receive RaftClientReply:client-7DE34CC59F3D->69a3b7e3-dc0f-4653-8b76-128e42208dfc@group-DE3236DE1D46, cid=113, SUCCESS, logIndex=98, commits[69a3b7e3-dc0f-4653-8b76-128e42208dfc:c98, f5429de9-b416-4308-9dc7-db4723522379:c96, 236a9b69-16f2-46bd-9ce4-e686e621f0e6:c96]
2019-07-12 13:11:30,744 INFO  client.GrpcClientProtocolClient (GrpcClientProtocolClient.java:onNext(255)) - client-7DE34CC59F3D->69a3b7e3-dc0f-4653-8b76-128e42208dfc: receive RaftClientReply:client-7DE34CC59F3D->69a3b7e3-dc0f-4653-8b76-128e42208dfc@group-DE3236DE1D46, cid=114, SUCCESS, logIndex=0, commits[69a3b7e3-dc0f-4653-8b76-128e42208dfc:c99, f5429de9-b416-4308-9dc7-db4723522379:c98, 236a9b69-16f2-46bd-9ce4-e686e621f0e6:c98]
2019-07-12 13:11:30,750 INFO  container.CloseContainerEventHandler (CloseContainerEventHandler.java:onMessage(61)) - Close container Event triggered for container : #12
2019-07-12 13:11:30,750 INFO  container.CloseContainerEventHandler (CloseContainerEventHandler.java:onMessage(61)) - Close container Event triggered for container : #12
2019-07-12 13:11:30,751 INFO  container.CloseContainerEventHandler (CloseContainerEventHandler.java:onMessage(61)) - Close container Event triggered for container : #12
2019-07-12 13:11:30,751 INFO  container.CloseContainerEventHandler (CloseContainerEventHandler.java:onMessage(61)) - Close container Event triggered for container : #13
2019-07-12 13:11:30,751 INFO  container.CloseContainerEventHandler (CloseContainerEventHandler.java:onMessage(61)) - Close container Event triggered for container : #13
2019-07-12 13:11:30,751 INFO  container.CloseContainerEventHandler (CloseContainerEventHandler.java:onMessage(61)) - Close container Event triggered for container : #13
2019-07-12 13:11:30,751 INFO  container.CloseContainerEventHandler (CloseContainerEventHandler.java:onMessage(61)) - Close container Event triggered for container : #4
2019-07-12 13:11:30,752 INFO  container.CloseContainerEventHandler (CloseContainerEventHandler.java:onMessage(61)) - Close container Event triggered for container : #4
2019-07-12 13:11:30,752 INFO  container.CloseContainerEventHandler (CloseContainerEventHandler.java:onMessage(61)) - Close container Event triggered for container : #4
2019-07-12 13:11:31,241 INFO  interfaces.Container (KeyValueContainer.java:compactDB(356)) - Container 12 is closed with bcsId 88.
2019-07-12 13:11:31,268 INFO  interfaces.Container (KeyValueContainer.java:compactDB(356)) - Container 12 is closed with bcsId 88.
2019-07-12 13:11:31,282 INFO  interfaces.Container (KeyValueContainer.java:compactDB(356)) - Container 12 is closed with bcsId 88.
2019-07-12 13:11:31,287 INFO  interfaces.Container (KeyValueContainer.java:compactDB(356)) - Container 4 is closed with bcsId 98.
2019-07-12 13:11:31,317 INFO  interfaces.Container (KeyValueContainer.java:compactDB(356)) - Container 4 is closed with bcsId 98.
2019-07-12 13:11:31,317 INFO  interfaces.Container (KeyValueContainer.java:compactDB(356)) - Container 4 is closed with bcsId 98.
2019-07-12 13:11:32,497 INFO  interfaces.Container (KeyValueContainer.java:compactDB(356)) - Container 13 is closed with bcsId 58.
2019-07-12 13:11:32,511 INFO  interfaces.Container (KeyValueContainer.java:compactDB(356)) - Container 13 is closed with bcsId 58.
2019-07-12 13:11:32,527 INFO  interfaces.Container (KeyValueContainer.java:compactDB(356)) - Container 13 is closed with bcsId 58.
13:11:32.755 [grpc-default-executor-3] ERROR DNAudit - user=null | ip=null | op=WRITE_CHUNK {blockData=conID: 4 locID: 102428645173035028 bcsId: 98} | ret=FAILURE
org.apache.hadoop.hdds.scm.container.common.helpers.ContainerNotOpenException: Container 4 in CLOSED state
	at org.apache.hadoop.ozone.container.common.impl.HddsDispatcher.validateContainerCommand(HddsDispatcher.java:408) ~[hadoop-hdds-container-service-0.5.0-SNAPSHOT.jar:?]
	at org.apache.hadoop.ozone.container.common.transport.server.ratis.ContainerStateMachine.startTransaction(ContainerStateMachine.java:271) ~[hadoop-hdds-container-service-0.5.0-SNAPSHOT.jar:?]
	at org.apache.ratis.server.impl.RaftServerImpl.submitClientRequestAsync(RaftServerImpl.java:566) ~[ratis-server-0.4.0-2337318-SNAPSHOT.jar:0.4.0-2337318-SNAPSHOT]
	at org.apache.ratis.server.impl.RaftServerProxy.lambda$submitClientRequestAsync$7(RaftServerProxy.java:333) ~[ratis-server-0.4.0-2337318-SNAPSHOT.jar:0.4.0-2337318-SNAPSHOT]
	at org.apache.ratis.server.impl.RaftServerProxy.lambda$null$5(RaftServerProxy.java:328) ~[ratis-server-0.4.0-2337318-SNAPSHOT.jar:0.4.0-2337318-SNAPSHOT]
	at org.apache.ratis.util.JavaUtils.callAsUnchecked(JavaUtils.java:109) ~[ratis-common-0.4.0-2337318-SNAPSHOT.jar:0.4.0-2337318-SNAPSHOT]
	at org.apache.ratis.server.impl.RaftServerProxy.lambda$submitRequest$6(RaftServerProxy.java:328) ~[ratis-server-0.4.0-2337318-SNAPSHOT.jar:0.4.0-2337318-SNAPSHOT]
	at java.util.concurrent.CompletableFuture.uniComposeStage(CompletableFuture.java:981) ~[?:1.8.0_212]
	at java.util.concurrent.CompletableFuture.thenCompose(CompletableFuture.java:2124) ~[?:1.8.0_212]
	at org.apache.ratis.server.impl.RaftServerProxy.submitRequest(RaftServerProxy.java:327) ~[ratis-server-0.4.0-2337318-SNAPSHOT.jar:0.4.0-2337318-SNAPSHOT]
	at org.apache.ratis.server.impl.RaftServerProxy.submitClientRequestAsync(RaftServerProxy.java:333) ~[ratis-server-0.4.0-2337318-SNAPSHOT.jar:0.4.0-2337318-SNAPSHOT]
	at org.apache.ratis.grpc.client.GrpcClientProtocolService$RequestStreamObserver.processClientRequest(GrpcClientProtocolService.java:220) ~[ratis-grpc-0.4.0-2337318-SNAPSHOT.jar:0.4.0-2337318-SNAPSHOT]
	at org.apache.ratis.grpc.client.GrpcClientProtocolService$OrderedRequestStreamObserver.processClientRequest(GrpcClientProtocolService.java:326) ~[ratis-grpc-0.4.0-2337318-SNAPSHOT.jar:0.4.0-2337318-SNAPSHOT]
	at org.apache.ratis.util.SlidingWindow$Server.processRequestsFromHead(SlidingWindow.java:429) [ratis-common-0.4.0-2337318-SNAPSHOT.jar:0.4.0-2337318-SNAPSHOT]
	at org.apache.ratis.util.SlidingWindow$Server.receivedRequest(SlidingWindow.java:421) [ratis-common-0.4.0-2337318-SNAPSHOT.jar:0.4.0-2337318-SNAPSHOT]
	at org.apache.ratis.grpc.client.GrpcClientProtocolService$OrderedRequestStreamObserver.processClientRequest(GrpcClientProtocolService.java:345) [ratis-grpc-0.4.0-2337318-SNAPSHOT.jar:0.4.0-2337318-SNAPSHOT]
	at org.apache.ratis.grpc.client.GrpcClientProtocolService$RequestStreamObserver.onNext(GrpcClientProtocolService.java:240) [ratis-grpc-0.4.0-2337318-SNAPSHOT.jar:0.4.0-2337318-SNAPSHOT]
	at org.apache.ratis.grpc.client.GrpcClientProtocolService$RequestStreamObserver.onNext(GrpcClientProtocolService.java:168) [ratis-grpc-0.4.0-2337318-SNAPSHOT.jar:0.4.0-2337318-SNAPSHOT]
	at org.apache.ratis.thirdparty.io.grpc.stub.ServerCalls$StreamingServerCallHandler$StreamingServerCallListener.onMessage(ServerCalls.java:248) [ratis-thirdparty-misc-0.2.0.jar:0.2.0]
	at org.apache.ratis.thirdparty.io.grpc.internal.ServerCallImpl$ServerStreamListenerImpl.messagesAvailable(ServerCallImpl.java:263) [ratis-thirdparty-misc-0.2.0.jar:0.2.0]
	at org.apache.ratis.thirdparty.io.grpc.internal.ServerImpl$JumpToApplicationThreadServerStreamListener$1MessagesAvailable.runInContext(ServerImpl.java:686) [ratis-thirdparty-misc-0.2.0.jar:0.2.0]
	at org.apache.ratis.thirdparty.io.grpc.internal.ContextRunnable.run(ContextRunnable.java:37) [ratis-thirdparty-misc-0.2.0.jar:0.2.0]
	at org.apache.ratis.thirdparty.io.grpc.internal.SerializingExecutor.run(SerializingExecutor.java:123) [ratis-thirdparty-misc-0.2.0.jar:0.2.0]
	at java.util.concurrent.ThreadPoolExecutor.runWorker(ThreadPoolExecutor.java:1149) [?:1.8.0_212]
	at java.util.concurrent.ThreadPoolExecutor$Worker.run(ThreadPoolExecutor.java:624) [?:1.8.0_212]
	at java.lang.Thread.run(Thread.java:748) [?:1.8.0_212]
13:11:32.758 [grpc-default-executor-3] ERROR DNAudit - user=null | ip=null | op=PUT_BLOCK {blockData=[blockId=conID: 4 locID: 102428645173035028 bcsId: 0,size=2621440]} | ret=FAILURE
org.apache.hadoop.hdds.scm.container.common.helpers.ContainerNotOpenException: Container 4 in CLOSED state
	at org.apache.hadoop.ozone.container.common.impl.HddsDispatcher.validateContainerCommand(HddsDispatcher.java:408) ~[hadoop-hdds-container-service-0.5.0-SNAPSHOT.jar:?]
	at org.apache.hadoop.ozone.container.common.transport.server.ratis.ContainerStateMachine.startTransaction(ContainerStateMachine.java:271) ~[hadoop-hdds-container-service-0.5.0-SNAPSHOT.jar:?]
	at org.apache.ratis.server.impl.RaftServerImpl.submitClientRequestAsync(RaftServerImpl.java:566) ~[ratis-server-0.4.0-2337318-SNAPSHOT.jar:0.4.0-2337318-SNAPSHOT]
	at org.apache.ratis.server.impl.RaftServerProxy.lambda$submitClientRequestAsync$7(RaftServerProxy.java:333) ~[ratis-server-0.4.0-2337318-SNAPSHOT.jar:0.4.0-2337318-SNAPSHOT]
	at org.apache.ratis.server.impl.RaftServerProxy.lambda$null$5(RaftServerProxy.java:328) ~[ratis-server-0.4.0-2337318-SNAPSHOT.jar:0.4.0-2337318-SNAPSHOT]
	at org.apache.ratis.util.JavaUtils.callAsUnchecked(JavaUtils.java:109) ~[ratis-common-0.4.0-2337318-SNAPSHOT.jar:0.4.0-2337318-SNAPSHOT]
	at org.apache.ratis.server.impl.RaftServerProxy.lambda$submitRequest$6(RaftServerProxy.java:328) ~[ratis-server-0.4.0-2337318-SNAPSHOT.jar:0.4.0-2337318-SNAPSHOT]
	at java.util.concurrent.CompletableFuture.uniComposeStage(CompletableFuture.java:981) ~[?:1.8.0_212]
	at java.util.concurrent.CompletableFuture.thenCompose(CompletableFuture.java:2124) ~[?:1.8.0_212]
	at org.apache.ratis.server.impl.RaftServerProxy.submitRequest(RaftServerProxy.java:327) ~[ratis-server-0.4.0-2337318-SNAPSHOT.jar:0.4.0-2337318-SNAPSHOT]
	at org.apache.ratis.server.impl.RaftServerProxy.submitClientRequestAsync(RaftServerProxy.java:333) ~[ratis-server-0.4.0-2337318-SNAPSHOT.jar:0.4.0-2337318-SNAPSHOT]
	at org.apache.ratis.grpc.client.GrpcClientProtocolService$RequestStreamObserver.processClientRequest(GrpcClientProtocolService.java:220) ~[ratis-grpc-0.4.0-2337318-SNAPSHOT.jar:0.4.0-2337318-SNAPSHOT]
	at org.apache.ratis.grpc.client.GrpcClientProtocolService$OrderedRequestStreamObserver.processClientRequest(GrpcClientProtocolService.java:326) ~[ratis-grpc-0.4.0-2337318-SNAPSHOT.jar:0.4.0-2337318-SNAPSHOT]
	at org.apache.ratis.util.SlidingWindow$Server.processRequestsFromHead(SlidingWindow.java:429) [ratis-common-0.4.0-2337318-SNAPSHOT.jar:0.4.0-2337318-SNAPSHOT]
	at org.apache.ratis.util.SlidingWindow$Server.receivedRequest(SlidingWindow.java:421) [ratis-common-0.4.0-2337318-SNAPSHOT.jar:0.4.0-2337318-SNAPSHOT]
	at org.apache.ratis.grpc.client.GrpcClientProtocolService$OrderedRequestStreamObserver.processClientRequest(GrpcClientProtocolService.java:345) [ratis-grpc-0.4.0-2337318-SNAPSHOT.jar:0.4.0-2337318-SNAPSHOT]
	at org.apache.ratis.grpc.client.GrpcClientProtocolService$RequestStreamObserver.onNext(GrpcClientProtocolService.java:240) [ratis-grpc-0.4.0-2337318-SNAPSHOT.jar:0.4.0-2337318-SNAPSHOT]
	at org.apache.ratis.grpc.client.GrpcClientProtocolService$RequestStreamObserver.onNext(GrpcClientProtocolService.java:168) [ratis-grpc-0.4.0-2337318-SNAPSHOT.jar:0.4.0-2337318-SNAPSHOT]
	at org.apache.ratis.thirdparty.io.grpc.stub.ServerCalls$StreamingServerCallHandler$StreamingServerCallListener.onMessage(ServerCalls.java:248) [ratis-thirdparty-misc-0.2.0.jar:0.2.0]
	at org.apache.ratis.thirdparty.io.grpc.internal.ServerCallImpl$ServerStreamListenerImpl.messagesAvailable(ServerCallImpl.java:263) [ratis-thirdparty-misc-0.2.0.jar:0.2.0]
	at org.apache.ratis.thirdparty.io.grpc.internal.ServerImpl$JumpToApplicationThreadServerStreamListener$1MessagesAvailable.runInContext(ServerImpl.java:686) [ratis-thirdparty-misc-0.2.0.jar:0.2.0]
	at org.apache.ratis.thirdparty.io.grpc.internal.ContextRunnable.run(ContextRunnable.java:37) [ratis-thirdparty-misc-0.2.0.jar:0.2.0]
	at org.apache.ratis.thirdparty.io.grpc.internal.SerializingExecutor.run(SerializingExecutor.java:123) [ratis-thirdparty-misc-0.2.0.jar:0.2.0]
	at java.util.concurrent.ThreadPoolExecutor.runWorker(ThreadPoolExecutor.java:1149) [?:1.8.0_212]
	at java.util.concurrent.ThreadPoolExecutor$Worker.run(ThreadPoolExecutor.java:624) [?:1.8.0_212]
	at java.lang.Thread.run(Thread.java:748) [?:1.8.0_212]
2019-07-12 13:11:32,772 INFO  client.GrpcClientProtocolClient (GrpcClientProtocolClient.java:onNext(255)) - client-7DE34CC59F3D->69a3b7e3-dc0f-4653-8b76-128e42208dfc: receive RaftClientReply:client-7DE34CC59F3D->69a3b7e3-dc0f-4653-8b76-128e42208dfc@group-DE3236DE1D46, cid=115, FAILED org.apache.ratis.protocol.StateMachineException: org.apache.hadoop.hdds.scm.container.common.helpers.ContainerNotOpenException from Server 69a3b7e3-dc0f-4653-8b76-128e42208dfc: Container 4 in CLOSED state, logIndex=0, commits[69a3b7e3-dc0f-4653-8b76-128e42208dfc:c104, f5429de9-b416-4308-9dc7-db4723522379:c103, 236a9b69-16f2-46bd-9ce4-e686e621f0e6:c103]
2019-07-12 13:11:32,773 INFO  client.GrpcClientProtocolClient (GrpcClientProtocolClient.java:onNext(255)) - client-7DE34CC59F3D->69a3b7e3-dc0f-4653-8b76-128e42208dfc: receive RaftClientReply:client-7DE34CC59F3D->69a3b7e3-dc0f-4653-8b76-128e42208dfc@group-DE3236DE1D46, cid=116, FAILED org.apache.ratis.protocol.StateMachineException: org.apache.hadoop.hdds.scm.container.common.helpers.ContainerNotOpenException from Server 69a3b7e3-dc0f-4653-8b76-128e42208dfc: Container 4 in CLOSED state, logIndex=0, commits[69a3b7e3-dc0f-4653-8b76-128e42208dfc:c104, f5429de9-b416-4308-9dc7-db4723522379:c103, 236a9b69-16f2-46bd-9ce4-e686e621f0e6:c103]
2019-07-12 13:11:32,901 INFO  client.GrpcClientProtocolClient (GrpcClientProtocolClient.java:onNext(255)) - client-6C04BD49F4D5->871b3a72-703e-465c-925f-bb68f4958a2e: receive RaftClientReply:client-6C04BD49F4D5->871b3a72-703e-465c-925f-bb68f4958a2e@group-613427DCBB34, cid=117, SUCCESS, logIndex=65, commits[871b3a72-703e-465c-925f-bb68f4958a2e:c66, 2d930774-d643-4c73-b233-5605f9748a71:c64, de50b7de-f9d2-4802-a524-6de75e18a426:c64]
2019-07-12 13:11:32,947 INFO  client.GrpcClientProtocolClient (GrpcClientProtocolClient.java:onNext(255)) - client-6C04BD49F4D5->871b3a72-703e-465c-925f-bb68f4958a2e: receive RaftClientReply:client-6C04BD49F4D5->871b3a72-703e-465c-925f-bb68f4958a2e@group-613427DCBB34, cid=118, SUCCESS, logIndex=66, commits[871b3a72-703e-465c-925f-bb68f4958a2e:c68, 2d930774-d643-4c73-b233-5605f9748a71:c66, de50b7de-f9d2-4802-a524-6de75e18a426:c66]
2019-07-12 13:11:33,136 INFO  pipeline.Pipeline (Pipeline.java:getProtobufMessage(195)) - Serialize pipeline PipelineID=9bc0a0ea-9a37-4824-8e6b-613427dcbb34 with nodesInOrder{ }
]]></system-out>
  </testcase>
  <testcase name="testMultiBlockWrites3" classname="org.apache.hadoop.ozone.client.rpc.TestCloseContainerHandlingByClient" time="3.49">
    <error type="java.lang.IllegalArgumentException">java.lang.IllegalArgumentException
	at com.google.common.base.Preconditions.checkArgument(Preconditions.java:72)
	at org.apache.hadoop.hdds.scm.XceiverClientManager.acquireClient(XceiverClientManager.java:150)
	at org.apache.hadoop.hdds.scm.XceiverClientManager.acquireClientForReadData(XceiverClientManager.java:143)
	at org.apache.hadoop.hdds.scm.storage.BlockInputStream.getChunkInfos(BlockInputStream.java:154)
	at org.apache.hadoop.hdds.scm.storage.BlockInputStream.initialize(BlockInputStream.java:118)
	at org.apache.hadoop.hdds.scm.storage.BlockInputStream.read(BlockInputStream.java:222)
	at org.apache.hadoop.ozone.client.io.KeyInputStream.read(KeyInputStream.java:171)
	at org.apache.hadoop.ozone.client.io.OzoneInputStream.read(OzoneInputStream.java:47)
	at java.io.InputStream.read(InputStream.java:101)
	at org.apache.hadoop.ozone.client.rpc.TestCloseContainerHandlingByClient.testMultiBlockWrites3(TestCloseContainerHandlingByClient.java:325)
	at sun.reflect.NativeMethodAccessorImpl.invoke0(Native Method)
	at sun.reflect.NativeMethodAccessorImpl.invoke(NativeMethodAccessorImpl.java:62)
	at sun.reflect.DelegatingMethodAccessorImpl.invoke(DelegatingMethodAccessorImpl.java:43)
	at java.lang.reflect.Method.invoke(Method.java:498)
	at org.junit.runners.model.FrameworkMethod$1.runReflectiveCall(FrameworkMethod.java:47)
	at org.junit.internal.runners.model.ReflectiveCallable.run(ReflectiveCallable.java:12)
	at org.junit.runners.model.FrameworkMethod.invokeExplosively(FrameworkMethod.java:44)
	at org.junit.internal.runners.statements.InvokeMethod.evaluate(InvokeMethod.java:17)
	at org.junit.runners.ParentRunner.runLeaf(ParentRunner.java:271)
	at org.junit.runners.BlockJUnit4ClassRunner.runChild(BlockJUnit4ClassRunner.java:70)
	at org.junit.runners.BlockJUnit4ClassRunner.runChild(BlockJUnit4ClassRunner.java:50)
	at org.junit.runners.ParentRunner$3.run(ParentRunner.java:238)
	at org.junit.runners.ParentRunner$1.schedule(ParentRunner.java:63)
	at org.junit.runners.ParentRunner.runChildren(ParentRunner.java:236)
	at org.junit.runners.ParentRunner.access$000(ParentRunner.java:53)
	at org.junit.runners.ParentRunner$2.evaluate(ParentRunner.java:229)
	at org.junit.internal.runners.statements.RunBefores.evaluate(RunBefores.java:26)
	at org.junit.internal.runners.statements.RunAfters.evaluate(RunAfters.java:27)
	at org.junit.runners.ParentRunner.run(ParentRunner.java:309)
	at org.apache.maven.surefire.junit4.JUnit4Provider.execute(JUnit4Provider.java:365)
	at org.apache.maven.surefire.junit4.JUnit4Provider.executeWithRerun(JUnit4Provider.java:273)
	at org.apache.maven.surefire.junit4.JUnit4Provider.executeTestSet(JUnit4Provider.java:238)
	at org.apache.maven.surefire.junit4.JUnit4Provider.invoke(JUnit4Provider.java:159)
	at org.apache.maven.surefire.booter.ForkedBooter.invokeProviderInSameClassLoader(ForkedBooter.java:384)
	at org.apache.maven.surefire.booter.ForkedBooter.runSuitesInProcess(ForkedBooter.java:345)
	at org.apache.maven.surefire.booter.ForkedBooter.execute(ForkedBooter.java:126)
	at org.apache.maven.surefire.booter.ForkedBooter.main(ForkedBooter.java:418)
</error>
    <system-out><![CDATA[2019-07-12 13:11:33,365 INFO  client.GrpcClientProtocolClient (GrpcClientProtocolClient.java:onNext(255)) - client-6C04BD49F4D5->871b3a72-703e-465c-925f-bb68f4958a2e: receive RaftClientReply:client-6C04BD49F4D5->871b3a72-703e-465c-925f-bb68f4958a2e@group-613427DCBB34, cid=119, SUCCESS, logIndex=69, commits[871b3a72-703e-465c-925f-bb68f4958a2e:c71, 2d930774-d643-4c73-b233-5605f9748a71:c68, de50b7de-f9d2-4802-a524-6de75e18a426:c68]
2019-07-12 13:11:33,366 INFO  client.GrpcClientProtocolClient (GrpcClientProtocolClient.java:onNext(255)) - client-6C04BD49F4D5->871b3a72-703e-465c-925f-bb68f4958a2e: receive RaftClientReply:client-6C04BD49F4D5->871b3a72-703e-465c-925f-bb68f4958a2e@group-613427DCBB34, cid=120, SUCCESS, logIndex=70, commits[871b3a72-703e-465c-925f-bb68f4958a2e:c72, 2d930774-d643-4c73-b233-5605f9748a71:c68, de50b7de-f9d2-4802-a524-6de75e18a426:c68]
2019-07-12 13:11:33,366 INFO  client.GrpcClientProtocolClient (GrpcClientProtocolClient.java:onNext(255)) - client-6C04BD49F4D5->871b3a72-703e-465c-925f-bb68f4958a2e: receive RaftClientReply:client-6C04BD49F4D5->871b3a72-703e-465c-925f-bb68f4958a2e@group-613427DCBB34, cid=121, SUCCESS, logIndex=71, commits[871b3a72-703e-465c-925f-bb68f4958a2e:c72, 2d930774-d643-4c73-b233-5605f9748a71:c68, de50b7de-f9d2-4802-a524-6de75e18a426:c68]
2019-07-12 13:11:33,368 INFO  client.GrpcClientProtocolClient (GrpcClientProtocolClient.java:onNext(255)) - client-6C04BD49F4D5->871b3a72-703e-465c-925f-bb68f4958a2e: receive RaftClientReply:client-6C04BD49F4D5->871b3a72-703e-465c-925f-bb68f4958a2e@group-613427DCBB34, cid=122, SUCCESS, logIndex=72, commits[871b3a72-703e-465c-925f-bb68f4958a2e:c73, 2d930774-d643-4c73-b233-5605f9748a71:c70, de50b7de-f9d2-4802-a524-6de75e18a426:c70]
2019-07-12 13:11:33,396 INFO  client.GrpcClientProtocolClient (GrpcClientProtocolClient.java:onNext(255)) - client-6C04BD49F4D5->871b3a72-703e-465c-925f-bb68f4958a2e: receive RaftClientReply:client-6C04BD49F4D5->871b3a72-703e-465c-925f-bb68f4958a2e@group-613427DCBB34, cid=123, SUCCESS, logIndex=77, commits[871b3a72-703e-465c-925f-bb68f4958a2e:c78, 2d930774-d643-4c73-b233-5605f9748a71:c76, de50b7de-f9d2-4802-a524-6de75e18a426:c76]
2019-07-12 13:11:33,397 INFO  client.GrpcClientProtocolClient (GrpcClientProtocolClient.java:onNext(255)) - client-6C04BD49F4D5->871b3a72-703e-465c-925f-bb68f4958a2e: receive RaftClientReply:client-6C04BD49F4D5->871b3a72-703e-465c-925f-bb68f4958a2e@group-613427DCBB34, cid=124, SUCCESS, logIndex=78, commits[871b3a72-703e-465c-925f-bb68f4958a2e:c78, 2d930774-d643-4c73-b233-5605f9748a71:c76, de50b7de-f9d2-4802-a524-6de75e18a426:c76]
2019-07-12 13:11:33,426 INFO  client.GrpcClientProtocolClient (GrpcClientProtocolClient.java:onNext(255)) - client-6C04BD49F4D5->871b3a72-703e-465c-925f-bb68f4958a2e: receive RaftClientReply:client-6C04BD49F4D5->871b3a72-703e-465c-925f-bb68f4958a2e@group-613427DCBB34, cid=125, SUCCESS, logIndex=81, commits[871b3a72-703e-465c-925f-bb68f4958a2e:c82, 2d930774-d643-4c73-b233-5605f9748a71:c78, de50b7de-f9d2-4802-a524-6de75e18a426:c78]
2019-07-12 13:11:33,427 INFO  client.GrpcClientProtocolClient (GrpcClientProtocolClient.java:onNext(255)) - client-6C04BD49F4D5->871b3a72-703e-465c-925f-bb68f4958a2e: receive RaftClientReply:client-6C04BD49F4D5->871b3a72-703e-465c-925f-bb68f4958a2e@group-613427DCBB34, cid=126, SUCCESS, logIndex=82, commits[871b3a72-703e-465c-925f-bb68f4958a2e:c82, 2d930774-d643-4c73-b233-5605f9748a71:c78, de50b7de-f9d2-4802-a524-6de75e18a426:c78]
2019-07-12 13:11:33,439 INFO  client.GrpcClientProtocolClient (GrpcClientProtocolClient.java:onNext(255)) - client-6C04BD49F4D5->871b3a72-703e-465c-925f-bb68f4958a2e: receive RaftClientReply:client-6C04BD49F4D5->871b3a72-703e-465c-925f-bb68f4958a2e@group-613427DCBB34, cid=127, SUCCESS, logIndex=0, commits[871b3a72-703e-465c-925f-bb68f4958a2e:c84, 2d930774-d643-4c73-b233-5605f9748a71:c82, de50b7de-f9d2-4802-a524-6de75e18a426:c82]
2019-07-12 13:11:33,572 INFO  client.GrpcClientProtocolClient (GrpcClientProtocolClient.java:onNext(255)) - client-7DE34CC59F3D->69a3b7e3-dc0f-4653-8b76-128e42208dfc: receive RaftClientReply:client-7DE34CC59F3D->69a3b7e3-dc0f-4653-8b76-128e42208dfc@group-DE3236DE1D46, cid=128, SUCCESS, logIndex=105, commits[69a3b7e3-dc0f-4653-8b76-128e42208dfc:c106, f5429de9-b416-4308-9dc7-db4723522379:c104, 236a9b69-16f2-46bd-9ce4-e686e621f0e6:c104]
2019-07-12 13:11:33,620 INFO  client.GrpcClientProtocolClient (GrpcClientProtocolClient.java:onNext(255)) - client-7DE34CC59F3D->69a3b7e3-dc0f-4653-8b76-128e42208dfc: receive RaftClientReply:client-7DE34CC59F3D->69a3b7e3-dc0f-4653-8b76-128e42208dfc@group-DE3236DE1D46, cid=129, SUCCESS, logIndex=106, commits[69a3b7e3-dc0f-4653-8b76-128e42208dfc:c111, f5429de9-b416-4308-9dc7-db4723522379:c108, 236a9b69-16f2-46bd-9ce4-e686e621f0e6:c108]
2019-07-12 13:11:33,621 INFO  client.GrpcClientProtocolClient (GrpcClientProtocolClient.java:onNext(255)) - client-7DE34CC59F3D->69a3b7e3-dc0f-4653-8b76-128e42208dfc: receive RaftClientReply:client-7DE34CC59F3D->69a3b7e3-dc0f-4653-8b76-128e42208dfc@group-DE3236DE1D46, cid=130, SUCCESS, logIndex=107, commits[69a3b7e3-dc0f-4653-8b76-128e42208dfc:c111, f5429de9-b416-4308-9dc7-db4723522379:c108, 236a9b69-16f2-46bd-9ce4-e686e621f0e6:c108]
2019-07-12 13:11:33,712 INFO  client.GrpcClientProtocolClient (GrpcClientProtocolClient.java:onNext(255)) - client-7DE34CC59F3D->69a3b7e3-dc0f-4653-8b76-128e42208dfc: receive RaftClientReply:client-7DE34CC59F3D->69a3b7e3-dc0f-4653-8b76-128e42208dfc@group-DE3236DE1D46, cid=131, SUCCESS, logIndex=108, commits[69a3b7e3-dc0f-4653-8b76-128e42208dfc:c111, f5429de9-b416-4308-9dc7-db4723522379:c108, 236a9b69-16f2-46bd-9ce4-e686e621f0e6:c108]
2019-07-12 13:11:33,741 INFO  client.GrpcClientProtocolClient (GrpcClientProtocolClient.java:onNext(255)) - client-7DE34CC59F3D->69a3b7e3-dc0f-4653-8b76-128e42208dfc: receive RaftClientReply:client-7DE34CC59F3D->69a3b7e3-dc0f-4653-8b76-128e42208dfc@group-DE3236DE1D46, cid=132, SUCCESS, logIndex=112, commits[69a3b7e3-dc0f-4653-8b76-128e42208dfc:c114, f5429de9-b416-4308-9dc7-db4723522379:c111, 236a9b69-16f2-46bd-9ce4-e686e621f0e6:c111]
2019-07-12 13:11:33,742 INFO  client.GrpcClientProtocolClient (GrpcClientProtocolClient.java:onNext(255)) - client-7DE34CC59F3D->69a3b7e3-dc0f-4653-8b76-128e42208dfc: receive RaftClientReply:client-7DE34CC59F3D->69a3b7e3-dc0f-4653-8b76-128e42208dfc@group-DE3236DE1D46, cid=133, SUCCESS, logIndex=113, commits[69a3b7e3-dc0f-4653-8b76-128e42208dfc:c115, f5429de9-b416-4308-9dc7-db4723522379:c111, 236a9b69-16f2-46bd-9ce4-e686e621f0e6:c111]
2019-07-12 13:11:33,742 INFO  client.GrpcClientProtocolClient (GrpcClientProtocolClient.java:onNext(255)) - client-7DE34CC59F3D->69a3b7e3-dc0f-4653-8b76-128e42208dfc: receive RaftClientReply:client-7DE34CC59F3D->69a3b7e3-dc0f-4653-8b76-128e42208dfc@group-DE3236DE1D46, cid=134, SUCCESS, logIndex=114, commits[69a3b7e3-dc0f-4653-8b76-128e42208dfc:c115, f5429de9-b416-4308-9dc7-db4723522379:c111, 236a9b69-16f2-46bd-9ce4-e686e621f0e6:c111]
2019-07-12 13:11:33,743 INFO  client.GrpcClientProtocolClient (GrpcClientProtocolClient.java:onNext(255)) - client-7DE34CC59F3D->69a3b7e3-dc0f-4653-8b76-128e42208dfc: receive RaftClientReply:client-7DE34CC59F3D->69a3b7e3-dc0f-4653-8b76-128e42208dfc@group-DE3236DE1D46, cid=135, SUCCESS, logIndex=115, commits[69a3b7e3-dc0f-4653-8b76-128e42208dfc:c115, f5429de9-b416-4308-9dc7-db4723522379:c111, 236a9b69-16f2-46bd-9ce4-e686e621f0e6:c111]
2019-07-12 13:11:33,755 INFO  client.GrpcClientProtocolClient (GrpcClientProtocolClient.java:onNext(255)) - client-7DE34CC59F3D->69a3b7e3-dc0f-4653-8b76-128e42208dfc: receive RaftClientReply:client-7DE34CC59F3D->69a3b7e3-dc0f-4653-8b76-128e42208dfc@group-DE3236DE1D46, cid=136, SUCCESS, logIndex=0, commits[69a3b7e3-dc0f-4653-8b76-128e42208dfc:c119, f5429de9-b416-4308-9dc7-db4723522379:c115, 236a9b69-16f2-46bd-9ce4-e686e621f0e6:c114]
2019-07-12 13:11:33,757 INFO  client.GrpcClientProtocolClient (GrpcClientProtocolClient.java:onNext(255)) - client-7DE34CC59F3D->69a3b7e3-dc0f-4653-8b76-128e42208dfc: receive RaftClientReply:client-7DE34CC59F3D->69a3b7e3-dc0f-4653-8b76-128e42208dfc@group-DE3236DE1D46, cid=137, SUCCESS, logIndex=0, commits[69a3b7e3-dc0f-4653-8b76-128e42208dfc:c119, f5429de9-b416-4308-9dc7-db4723522379:c115, 236a9b69-16f2-46bd-9ce4-e686e621f0e6:c115]
2019-07-12 13:11:33,885 INFO  client.GrpcClientProtocolClient (GrpcClientProtocolClient.java:onNext(255)) - client-7DE34CC59F3D->69a3b7e3-dc0f-4653-8b76-128e42208dfc: receive RaftClientReply:client-7DE34CC59F3D->69a3b7e3-dc0f-4653-8b76-128e42208dfc@group-DE3236DE1D46, cid=138, SUCCESS, logIndex=120, commits[69a3b7e3-dc0f-4653-8b76-128e42208dfc:c123, f5429de9-b416-4308-9dc7-db4723522379:c119, 236a9b69-16f2-46bd-9ce4-e686e621f0e6:c119]
2019-07-12 13:11:33,943 INFO  client.GrpcClientProtocolClient (GrpcClientProtocolClient.java:onNext(255)) - client-7DE34CC59F3D->69a3b7e3-dc0f-4653-8b76-128e42208dfc: receive RaftClientReply:client-7DE34CC59F3D->69a3b7e3-dc0f-4653-8b76-128e42208dfc@group-DE3236DE1D46, cid=139, SUCCESS, logIndex=121, commits[69a3b7e3-dc0f-4653-8b76-128e42208dfc:c126, f5429de9-b416-4308-9dc7-db4723522379:c123, 236a9b69-16f2-46bd-9ce4-e686e621f0e6:c123]
2019-07-12 13:11:33,944 INFO  client.GrpcClientProtocolClient (GrpcClientProtocolClient.java:onNext(255)) - client-7DE34CC59F3D->69a3b7e3-dc0f-4653-8b76-128e42208dfc: receive RaftClientReply:client-7DE34CC59F3D->69a3b7e3-dc0f-4653-8b76-128e42208dfc@group-DE3236DE1D46, cid=140, SUCCESS, logIndex=122, commits[69a3b7e3-dc0f-4653-8b76-128e42208dfc:c126, f5429de9-b416-4308-9dc7-db4723522379:c123, 236a9b69-16f2-46bd-9ce4-e686e621f0e6:c123]
2019-07-12 13:11:34,716 INFO  client.GrpcClientProtocolClient (GrpcClientProtocolClient.java:onNext(255)) - client-7DE34CC59F3D->69a3b7e3-dc0f-4653-8b76-128e42208dfc: receive RaftClientReply:client-7DE34CC59F3D->69a3b7e3-dc0f-4653-8b76-128e42208dfc@group-DE3236DE1D46, cid=141, SUCCESS, logIndex=123, commits[69a3b7e3-dc0f-4653-8b76-128e42208dfc:c126, f5429de9-b416-4308-9dc7-db4723522379:c123, 236a9b69-16f2-46bd-9ce4-e686e621f0e6:c123]
2019-07-12 13:11:34,743 INFO  client.GrpcClientProtocolClient (GrpcClientProtocolClient.java:onNext(255)) - client-7DE34CC59F3D->69a3b7e3-dc0f-4653-8b76-128e42208dfc: receive RaftClientReply:client-7DE34CC59F3D->69a3b7e3-dc0f-4653-8b76-128e42208dfc@group-DE3236DE1D46, cid=142, SUCCESS, logIndex=127, commits[69a3b7e3-dc0f-4653-8b76-128e42208dfc:c128, f5429de9-b416-4308-9dc7-db4723522379:c126, 236a9b69-16f2-46bd-9ce4-e686e621f0e6:c126]
2019-07-12 13:11:34,744 INFO  client.GrpcClientProtocolClient (GrpcClientProtocolClient.java:onNext(255)) - client-7DE34CC59F3D->69a3b7e3-dc0f-4653-8b76-128e42208dfc: receive RaftClientReply:client-7DE34CC59F3D->69a3b7e3-dc0f-4653-8b76-128e42208dfc@group-DE3236DE1D46, cid=143, SUCCESS, logIndex=128, commits[69a3b7e3-dc0f-4653-8b76-128e42208dfc:c130, f5429de9-b416-4308-9dc7-db4723522379:c126, 236a9b69-16f2-46bd-9ce4-e686e621f0e6:c126]
2019-07-12 13:11:34,745 INFO  client.GrpcClientProtocolClient (GrpcClientProtocolClient.java:onNext(255)) - client-7DE34CC59F3D->69a3b7e3-dc0f-4653-8b76-128e42208dfc: receive RaftClientReply:client-7DE34CC59F3D->69a3b7e3-dc0f-4653-8b76-128e42208dfc@group-DE3236DE1D46, cid=144, SUCCESS, logIndex=129, commits[69a3b7e3-dc0f-4653-8b76-128e42208dfc:c130, f5429de9-b416-4308-9dc7-db4723522379:c126, 236a9b69-16f2-46bd-9ce4-e686e621f0e6:c126]
2019-07-12 13:11:34,746 INFO  client.GrpcClientProtocolClient (GrpcClientProtocolClient.java:onNext(255)) - client-7DE34CC59F3D->69a3b7e3-dc0f-4653-8b76-128e42208dfc: receive RaftClientReply:client-7DE34CC59F3D->69a3b7e3-dc0f-4653-8b76-128e42208dfc@group-DE3236DE1D46, cid=145, SUCCESS, logIndex=130, commits[69a3b7e3-dc0f-4653-8b76-128e42208dfc:c130, f5429de9-b416-4308-9dc7-db4723522379:c126, 236a9b69-16f2-46bd-9ce4-e686e621f0e6:c126]
2019-07-12 13:11:34,748 INFO  client.GrpcClientProtocolClient (GrpcClientProtocolClient.java:onNext(255)) - client-7DE34CC59F3D->69a3b7e3-dc0f-4653-8b76-128e42208dfc: receive RaftClientReply:client-7DE34CC59F3D->69a3b7e3-dc0f-4653-8b76-128e42208dfc@group-DE3236DE1D46, cid=146, SUCCESS, logIndex=0, commits[69a3b7e3-dc0f-4653-8b76-128e42208dfc:c131, f5429de9-b416-4308-9dc7-db4723522379:c128, 236a9b69-16f2-46bd-9ce4-e686e621f0e6:c128]
2019-07-12 13:11:34,752 INFO  client.GrpcClientProtocolClient (GrpcClientProtocolClient.java:onNext(255)) - client-7DE34CC59F3D->69a3b7e3-dc0f-4653-8b76-128e42208dfc: receive RaftClientReply:client-7DE34CC59F3D->69a3b7e3-dc0f-4653-8b76-128e42208dfc@group-DE3236DE1D46, cid=147, SUCCESS, logIndex=0, commits[69a3b7e3-dc0f-4653-8b76-128e42208dfc:c134, f5429de9-b416-4308-9dc7-db4723522379:c130, 236a9b69-16f2-46bd-9ce4-e686e621f0e6:c130]
2019-07-12 13:11:34,755 INFO  container.CloseContainerEventHandler (CloseContainerEventHandler.java:onMessage(61)) - Close container Event triggered for container : #6
2019-07-12 13:11:34,756 INFO  container.CloseContainerEventHandler (CloseContainerEventHandler.java:onMessage(61)) - Close container Event triggered for container : #6
2019-07-12 13:11:34,756 INFO  container.CloseContainerEventHandler (CloseContainerEventHandler.java:onMessage(61)) - Close container Event triggered for container : #6
2019-07-12 13:11:34,757 INFO  container.CloseContainerEventHandler (CloseContainerEventHandler.java:onMessage(61)) - Close container Event triggered for container : #15
2019-07-12 13:11:34,757 INFO  container.CloseContainerEventHandler (CloseContainerEventHandler.java:onMessage(61)) - Close container Event triggered for container : #15
2019-07-12 13:11:34,757 INFO  container.CloseContainerEventHandler (CloseContainerEventHandler.java:onMessage(61)) - Close container Event triggered for container : #15
2019-07-12 13:11:34,757 INFO  container.CloseContainerEventHandler (CloseContainerEventHandler.java:onMessage(61)) - Close container Event triggered for container : #16
2019-07-12 13:11:34,757 INFO  container.CloseContainerEventHandler (CloseContainerEventHandler.java:onMessage(61)) - Close container Event triggered for container : #16
2019-07-12 13:11:34,758 INFO  container.CloseContainerEventHandler (CloseContainerEventHandler.java:onMessage(61)) - Close container Event triggered for container : #16
2019-07-12 13:11:34,758 INFO  container.CloseContainerEventHandler (CloseContainerEventHandler.java:onMessage(61)) - Close container Event triggered for container : #9
2019-07-12 13:11:34,758 INFO  container.CloseContainerEventHandler (CloseContainerEventHandler.java:onMessage(61)) - Close container Event triggered for container : #9
2019-07-12 13:11:34,758 INFO  container.CloseContainerEventHandler (CloseContainerEventHandler.java:onMessage(61)) - Close container Event triggered for container : #9
2019-07-12 13:11:34,788 INFO  client.GrpcClientProtocolClient (GrpcClientProtocolClient.java:onNext(255)) - client-7DE34CC59F3D->69a3b7e3-dc0f-4653-8b76-128e42208dfc: receive RaftClientReply:client-7DE34CC59F3D->69a3b7e3-dc0f-4653-8b76-128e42208dfc@group-DE3236DE1D46, cid=148, SUCCESS, logIndex=135, commits[69a3b7e3-dc0f-4653-8b76-128e42208dfc:c136, f5429de9-b416-4308-9dc7-db4723522379:c134, 236a9b69-16f2-46bd-9ce4-e686e621f0e6:c134]
2019-07-12 13:11:34,789 INFO  client.GrpcClientProtocolClient (GrpcClientProtocolClient.java:onNext(255)) - client-7DE34CC59F3D->69a3b7e3-dc0f-4653-8b76-128e42208dfc: receive RaftClientReply:client-7DE34CC59F3D->69a3b7e3-dc0f-4653-8b76-128e42208dfc@group-DE3236DE1D46, cid=149, SUCCESS, logIndex=136, commits[69a3b7e3-dc0f-4653-8b76-128e42208dfc:c136, f5429de9-b416-4308-9dc7-db4723522379:c134, 236a9b69-16f2-46bd-9ce4-e686e621f0e6:c134]
2019-07-12 13:11:35,347 INFO  interfaces.Container (KeyValueContainer.java:compactDB(356)) - Container 15 is closed with bcsId 115.
2019-07-12 13:11:35,366 INFO  interfaces.Container (KeyValueContainer.java:compactDB(356)) - Container 15 is closed with bcsId 115.
2019-07-12 13:11:35,366 INFO  interfaces.Container (KeyValueContainer.java:compactDB(356)) - Container 15 is closed with bcsId 115.
2019-07-12 13:11:35,392 INFO  interfaces.Container (KeyValueContainer.java:compactDB(356)) - Container 16 is closed with bcsId 130.
2019-07-12 13:11:35,407 INFO  interfaces.Container (KeyValueContainer.java:compactDB(356)) - Container 16 is closed with bcsId 130.
2019-07-12 13:11:35,421 INFO  interfaces.Container (KeyValueContainer.java:compactDB(356)) - Container 16 is closed with bcsId 130.
2019-07-12 13:11:35,449 INFO  interfaces.Container (KeyValueContainer.java:compactDB(356)) - Container 9 is closed with bcsId 136.
2019-07-12 13:11:35,458 INFO  interfaces.Container (KeyValueContainer.java:compactDB(356)) - Container 9 is closed with bcsId 136.
2019-07-12 13:11:35,462 INFO  interfaces.Container (KeyValueContainer.java:compactDB(356)) - Container 9 is closed with bcsId 136.
2019-07-12 13:11:35,939 INFO  interfaces.Container (KeyValueContainer.java:compactDB(356)) - Container 6 is closed with bcsId 82.
2019-07-12 13:11:35,961 INFO  interfaces.Container (KeyValueContainer.java:compactDB(356)) - Container 6 is closed with bcsId 82.
2019-07-12 13:11:35,975 INFO  interfaces.Container (KeyValueContainer.java:compactDB(356)) - Container 6 is closed with bcsId 82.
13:11:36.264 [grpc-default-executor-5] ERROR DNAudit - user=null | ip=null | op=WRITE_CHUNK {blockData=conID: 9 locID: 102428645336416282 bcsId: 136} | ret=FAILURE
org.apache.hadoop.hdds.scm.container.common.helpers.ContainerNotOpenException: Container 9 in CLOSED state
	at org.apache.hadoop.ozone.container.common.impl.HddsDispatcher.validateContainerCommand(HddsDispatcher.java:408) ~[hadoop-hdds-container-service-0.5.0-SNAPSHOT.jar:?]
	at org.apache.hadoop.ozone.container.common.transport.server.ratis.ContainerStateMachine.startTransaction(ContainerStateMachine.java:271) ~[hadoop-hdds-container-service-0.5.0-SNAPSHOT.jar:?]
	at org.apache.ratis.server.impl.RaftServerImpl.submitClientRequestAsync(RaftServerImpl.java:566) ~[ratis-server-0.4.0-2337318-SNAPSHOT.jar:0.4.0-2337318-SNAPSHOT]
	at org.apache.ratis.server.impl.RaftServerProxy.lambda$submitClientRequestAsync$7(RaftServerProxy.java:333) ~[ratis-server-0.4.0-2337318-SNAPSHOT.jar:0.4.0-2337318-SNAPSHOT]
	at org.apache.ratis.server.impl.RaftServerProxy.lambda$null$5(RaftServerProxy.java:328) ~[ratis-server-0.4.0-2337318-SNAPSHOT.jar:0.4.0-2337318-SNAPSHOT]
	at org.apache.ratis.util.JavaUtils.callAsUnchecked(JavaUtils.java:109) ~[ratis-common-0.4.0-2337318-SNAPSHOT.jar:0.4.0-2337318-SNAPSHOT]
	at org.apache.ratis.server.impl.RaftServerProxy.lambda$submitRequest$6(RaftServerProxy.java:328) ~[ratis-server-0.4.0-2337318-SNAPSHOT.jar:0.4.0-2337318-SNAPSHOT]
	at java.util.concurrent.CompletableFuture.uniComposeStage(CompletableFuture.java:981) ~[?:1.8.0_212]
	at java.util.concurrent.CompletableFuture.thenCompose(CompletableFuture.java:2124) ~[?:1.8.0_212]
	at org.apache.ratis.server.impl.RaftServerProxy.submitRequest(RaftServerProxy.java:327) ~[ratis-server-0.4.0-2337318-SNAPSHOT.jar:0.4.0-2337318-SNAPSHOT]
	at org.apache.ratis.server.impl.RaftServerProxy.submitClientRequestAsync(RaftServerProxy.java:333) ~[ratis-server-0.4.0-2337318-SNAPSHOT.jar:0.4.0-2337318-SNAPSHOT]
	at org.apache.ratis.grpc.client.GrpcClientProtocolService$RequestStreamObserver.processClientRequest(GrpcClientProtocolService.java:220) ~[ratis-grpc-0.4.0-2337318-SNAPSHOT.jar:0.4.0-2337318-SNAPSHOT]
	at org.apache.ratis.grpc.client.GrpcClientProtocolService$OrderedRequestStreamObserver.processClientRequest(GrpcClientProtocolService.java:326) ~[ratis-grpc-0.4.0-2337318-SNAPSHOT.jar:0.4.0-2337318-SNAPSHOT]
	at org.apache.ratis.util.SlidingWindow$Server.processRequestsFromHead(SlidingWindow.java:429) [ratis-common-0.4.0-2337318-SNAPSHOT.jar:0.4.0-2337318-SNAPSHOT]
	at org.apache.ratis.util.SlidingWindow$Server.receivedRequest(SlidingWindow.java:421) [ratis-common-0.4.0-2337318-SNAPSHOT.jar:0.4.0-2337318-SNAPSHOT]
	at org.apache.ratis.grpc.client.GrpcClientProtocolService$OrderedRequestStreamObserver.processClientRequest(GrpcClientProtocolService.java:345) [ratis-grpc-0.4.0-2337318-SNAPSHOT.jar:0.4.0-2337318-SNAPSHOT]
	at org.apache.ratis.grpc.client.GrpcClientProtocolService$RequestStreamObserver.onNext(GrpcClientProtocolService.java:240) [ratis-grpc-0.4.0-2337318-SNAPSHOT.jar:0.4.0-2337318-SNAPSHOT]
	at org.apache.ratis.grpc.client.GrpcClientProtocolService$RequestStreamObserver.onNext(GrpcClientProtocolService.java:168) [ratis-grpc-0.4.0-2337318-SNAPSHOT.jar:0.4.0-2337318-SNAPSHOT]
	at org.apache.ratis.thirdparty.io.grpc.stub.ServerCalls$StreamingServerCallHandler$StreamingServerCallListener.onMessage(ServerCalls.java:248) [ratis-thirdparty-misc-0.2.0.jar:0.2.0]
	at org.apache.ratis.thirdparty.io.grpc.internal.ServerCallImpl$ServerStreamListenerImpl.messagesAvailable(ServerCallImpl.java:263) [ratis-thirdparty-misc-0.2.0.jar:0.2.0]
	at org.apache.ratis.thirdparty.io.grpc.internal.ServerImpl$JumpToApplicationThreadServerStreamListener$1MessagesAvailable.runInContext(ServerImpl.java:686) [ratis-thirdparty-misc-0.2.0.jar:0.2.0]
	at org.apache.ratis.thirdparty.io.grpc.internal.ContextRunnable.run(ContextRunnable.java:37) [ratis-thirdparty-misc-0.2.0.jar:0.2.0]
	at org.apache.ratis.thirdparty.io.grpc.internal.SerializingExecutor.run(SerializingExecutor.java:123) [ratis-thirdparty-misc-0.2.0.jar:0.2.0]
	at java.util.concurrent.ThreadPoolExecutor.runWorker(ThreadPoolExecutor.java:1149) [?:1.8.0_212]
	at java.util.concurrent.ThreadPoolExecutor$Worker.run(ThreadPoolExecutor.java:624) [?:1.8.0_212]
	at java.lang.Thread.run(Thread.java:748) [?:1.8.0_212]
13:11:36.274 [grpc-default-executor-5] ERROR DNAudit - user=null | ip=null | op=PUT_BLOCK {blockData=[blockId=conID: 9 locID: 102428645336416282 bcsId: 0,size=2097152]} | ret=FAILURE
org.apache.hadoop.hdds.scm.container.common.helpers.ContainerNotOpenException: Container 9 in CLOSED state
	at org.apache.hadoop.ozone.container.common.impl.HddsDispatcher.validateContainerCommand(HddsDispatcher.java:408) ~[hadoop-hdds-container-service-0.5.0-SNAPSHOT.jar:?]
	at org.apache.hadoop.ozone.container.common.transport.server.ratis.ContainerStateMachine.startTransaction(ContainerStateMachine.java:271) ~[hadoop-hdds-container-service-0.5.0-SNAPSHOT.jar:?]
	at org.apache.ratis.server.impl.RaftServerImpl.submitClientRequestAsync(RaftServerImpl.java:566) ~[ratis-server-0.4.0-2337318-SNAPSHOT.jar:0.4.0-2337318-SNAPSHOT]
	at org.apache.ratis.server.impl.RaftServerProxy.lambda$submitClientRequestAsync$7(RaftServerProxy.java:333) ~[ratis-server-0.4.0-2337318-SNAPSHOT.jar:0.4.0-2337318-SNAPSHOT]
	at org.apache.ratis.server.impl.RaftServerProxy.lambda$null$5(RaftServerProxy.java:328) ~[ratis-server-0.4.0-2337318-SNAPSHOT.jar:0.4.0-2337318-SNAPSHOT]
	at org.apache.ratis.util.JavaUtils.callAsUnchecked(JavaUtils.java:109) ~[ratis-common-0.4.0-2337318-SNAPSHOT.jar:0.4.0-2337318-SNAPSHOT]
	at org.apache.ratis.server.impl.RaftServerProxy.lambda$submitRequest$6(RaftServerProxy.java:328) ~[ratis-server-0.4.0-2337318-SNAPSHOT.jar:0.4.0-2337318-SNAPSHOT]
	at java.util.concurrent.CompletableFuture.uniComposeStage(CompletableFuture.java:981) ~[?:1.8.0_212]
	at java.util.concurrent.CompletableFuture.thenCompose(CompletableFuture.java:2124) ~[?:1.8.0_212]
	at org.apache.ratis.server.impl.RaftServerProxy.submitRequest(RaftServerProxy.java:327) ~[ratis-server-0.4.0-2337318-SNAPSHOT.jar:0.4.0-2337318-SNAPSHOT]
	at org.apache.ratis.server.impl.RaftServerProxy.submitClientRequestAsync(RaftServerProxy.java:333) ~[ratis-server-0.4.0-2337318-SNAPSHOT.jar:0.4.0-2337318-SNAPSHOT]
	at org.apache.ratis.grpc.client.GrpcClientProtocolService$RequestStreamObserver.processClientRequest(GrpcClientProtocolService.java:220) ~[ratis-grpc-0.4.0-2337318-SNAPSHOT.jar:0.4.0-2337318-SNAPSHOT]
	at org.apache.ratis.grpc.client.GrpcClientProtocolService$OrderedRequestStreamObserver.processClientRequest(GrpcClientProtocolService.java:326) ~[ratis-grpc-0.4.0-2337318-SNAPSHOT.jar:0.4.0-2337318-SNAPSHOT]
	at org.apache.ratis.util.SlidingWindow$Server.processRequestsFromHead(SlidingWindow.java:429) [ratis-common-0.4.0-2337318-SNAPSHOT.jar:0.4.0-2337318-SNAPSHOT]
	at org.apache.ratis.util.SlidingWindow$Server.receivedRequest(SlidingWindow.java:421) [ratis-common-0.4.0-2337318-SNAPSHOT.jar:0.4.0-2337318-SNAPSHOT]
	at org.apache.ratis.grpc.client.GrpcClientProtocolService$OrderedRequestStreamObserver.processClientRequest(GrpcClientProtocolService.java:345) [ratis-grpc-0.4.0-2337318-SNAPSHOT.jar:0.4.0-2337318-SNAPSHOT]
	at org.apache.ratis.grpc.client.GrpcClientProtocolService$RequestStreamObserver.onNext(GrpcClientProtocolService.java:240) [ratis-grpc-0.4.0-2337318-SNAPSHOT.jar:0.4.0-2337318-SNAPSHOT]
	at org.apache.ratis.grpc.client.GrpcClientProtocolService$RequestStreamObserver.onNext(GrpcClientProtocolService.java:168) [ratis-grpc-0.4.0-2337318-SNAPSHOT.jar:0.4.0-2337318-SNAPSHOT]
	at org.apache.ratis.thirdparty.io.grpc.stub.ServerCalls$StreamingServerCallHandler$StreamingServerCallListener.onMessage(ServerCalls.java:248) [ratis-thirdparty-misc-0.2.0.jar:0.2.0]
	at org.apache.ratis.thirdparty.io.grpc.internal.ServerCallImpl$ServerStreamListenerImpl.messagesAvailable(ServerCallImpl.java:263) [ratis-thirdparty-misc-0.2.0.jar:0.2.0]
	at org.apache.ratis.thirdparty.io.grpc.internal.ServerImpl$JumpToApplicationThreadServerStreamListener$1MessagesAvailable.runInContext(ServerImpl.java:686) [ratis-thirdparty-misc-0.2.0.jar:0.2.0]
	at org.apache.ratis.thirdparty.io.grpc.internal.ContextRunnable.run(ContextRunnable.java:37) [ratis-thirdparty-misc-0.2.0.jar:0.2.0]
	at org.apache.ratis.thirdparty.io.grpc.internal.SerializingExecutor.run(SerializingExecutor.java:123) [ratis-thirdparty-misc-0.2.0.jar:0.2.0]
	at java.util.concurrent.ThreadPoolExecutor.runWorker(ThreadPoolExecutor.java:1149) [?:1.8.0_212]
	at java.util.concurrent.ThreadPoolExecutor$Worker.run(ThreadPoolExecutor.java:624) [?:1.8.0_212]
	at java.lang.Thread.run(Thread.java:748) [?:1.8.0_212]
2019-07-12 13:11:36,275 INFO  client.GrpcClientProtocolClient (GrpcClientProtocolClient.java:onNext(255)) - client-7DE34CC59F3D->69a3b7e3-dc0f-4653-8b76-128e42208dfc: receive RaftClientReply:client-7DE34CC59F3D->69a3b7e3-dc0f-4653-8b76-128e42208dfc@group-DE3236DE1D46, cid=150, FAILED org.apache.ratis.protocol.StateMachineException: org.apache.hadoop.hdds.scm.container.common.helpers.ContainerNotOpenException from Server 69a3b7e3-dc0f-4653-8b76-128e42208dfc: Container 9 in CLOSED state, logIndex=0, commits[69a3b7e3-dc0f-4653-8b76-128e42208dfc:c144, f5429de9-b416-4308-9dc7-db4723522379:c143, 236a9b69-16f2-46bd-9ce4-e686e621f0e6:c143]
2019-07-12 13:11:36,281 INFO  client.GrpcClientProtocolClient (GrpcClientProtocolClient.java:onNext(255)) - client-7DE34CC59F3D->69a3b7e3-dc0f-4653-8b76-128e42208dfc: receive RaftClientReply:client-7DE34CC59F3D->69a3b7e3-dc0f-4653-8b76-128e42208dfc@group-DE3236DE1D46, cid=151, FAILED org.apache.ratis.protocol.StateMachineException: org.apache.hadoop.hdds.scm.container.common.helpers.ContainerNotOpenException from Server 69a3b7e3-dc0f-4653-8b76-128e42208dfc: Container 9 in CLOSED state, logIndex=0, commits[69a3b7e3-dc0f-4653-8b76-128e42208dfc:c144, f5429de9-b416-4308-9dc7-db4723522379:c143, 236a9b69-16f2-46bd-9ce4-e686e621f0e6:c143]
2019-07-12 13:11:36,429 INFO  client.GrpcClientProtocolClient (GrpcClientProtocolClient.java:onNext(255)) - client-6C04BD49F4D5->871b3a72-703e-465c-925f-bb68f4958a2e: receive RaftClientReply:client-6C04BD49F4D5->871b3a72-703e-465c-925f-bb68f4958a2e@group-613427DCBB34, cid=152, SUCCESS, logIndex=87, commits[871b3a72-703e-465c-925f-bb68f4958a2e:c89, 2d930774-d643-4c73-b233-5605f9748a71:c86, de50b7de-f9d2-4802-a524-6de75e18a426:c86]
2019-07-12 13:11:36,479 INFO  client.GrpcClientProtocolClient (GrpcClientProtocolClient.java:onNext(255)) - client-6C04BD49F4D5->871b3a72-703e-465c-925f-bb68f4958a2e: receive RaftClientReply:client-6C04BD49F4D5->871b3a72-703e-465c-925f-bb68f4958a2e@group-613427DCBB34, cid=153, SUCCESS, logIndex=88, commits[871b3a72-703e-465c-925f-bb68f4958a2e:c94, 2d930774-d643-4c73-b233-5605f9748a71:c90, de50b7de-f9d2-4802-a524-6de75e18a426:c90]
2019-07-12 13:11:36,480 INFO  client.GrpcClientProtocolClient (GrpcClientProtocolClient.java:onNext(255)) - client-6C04BD49F4D5->871b3a72-703e-465c-925f-bb68f4958a2e: receive RaftClientReply:client-6C04BD49F4D5->871b3a72-703e-465c-925f-bb68f4958a2e@group-613427DCBB34, cid=154, SUCCESS, logIndex=89, commits[871b3a72-703e-465c-925f-bb68f4958a2e:c94, 2d930774-d643-4c73-b233-5605f9748a71:c90, de50b7de-f9d2-4802-a524-6de75e18a426:c90]
2019-07-12 13:11:36,557 INFO  client.GrpcClientProtocolClient (GrpcClientProtocolClient.java:onNext(255)) - client-6C04BD49F4D5->871b3a72-703e-465c-925f-bb68f4958a2e: receive RaftClientReply:client-6C04BD49F4D5->871b3a72-703e-465c-925f-bb68f4958a2e@group-613427DCBB34, cid=155, SUCCESS, logIndex=90, commits[871b3a72-703e-465c-925f-bb68f4958a2e:c94, 2d930774-d643-4c73-b233-5605f9748a71:c90, de50b7de-f9d2-4802-a524-6de75e18a426:c90]
2019-07-12 13:11:36,586 INFO  client.GrpcClientProtocolClient (GrpcClientProtocolClient.java:onNext(255)) - client-6C04BD49F4D5->871b3a72-703e-465c-925f-bb68f4958a2e: receive RaftClientReply:client-6C04BD49F4D5->871b3a72-703e-465c-925f-bb68f4958a2e@group-613427DCBB34, cid=156, SUCCESS, logIndex=95, commits[871b3a72-703e-465c-925f-bb68f4958a2e:c97, 2d930774-d643-4c73-b233-5605f9748a71:c94, de50b7de-f9d2-4802-a524-6de75e18a426:c94]
2019-07-12 13:11:36,587 INFO  client.GrpcClientProtocolClient (GrpcClientProtocolClient.java:onNext(255)) - client-6C04BD49F4D5->871b3a72-703e-465c-925f-bb68f4958a2e: receive RaftClientReply:client-6C04BD49F4D5->871b3a72-703e-465c-925f-bb68f4958a2e@group-613427DCBB34, cid=157, SUCCESS, logIndex=96, commits[871b3a72-703e-465c-925f-bb68f4958a2e:c98, 2d930774-d643-4c73-b233-5605f9748a71:c94, de50b7de-f9d2-4802-a524-6de75e18a426:c94]
2019-07-12 13:11:36,587 INFO  client.GrpcClientProtocolClient (GrpcClientProtocolClient.java:onNext(255)) - client-6C04BD49F4D5->871b3a72-703e-465c-925f-bb68f4958a2e: receive RaftClientReply:client-6C04BD49F4D5->871b3a72-703e-465c-925f-bb68f4958a2e@group-613427DCBB34, cid=158, SUCCESS, logIndex=97, commits[871b3a72-703e-465c-925f-bb68f4958a2e:c98, 2d930774-d643-4c73-b233-5605f9748a71:c94, de50b7de-f9d2-4802-a524-6de75e18a426:c94]
2019-07-12 13:11:36,588 INFO  client.GrpcClientProtocolClient (GrpcClientProtocolClient.java:onNext(255)) - client-6C04BD49F4D5->871b3a72-703e-465c-925f-bb68f4958a2e: receive RaftClientReply:client-6C04BD49F4D5->871b3a72-703e-465c-925f-bb68f4958a2e@group-613427DCBB34, cid=159, SUCCESS, logIndex=98, commits[871b3a72-703e-465c-925f-bb68f4958a2e:c98, 2d930774-d643-4c73-b233-5605f9748a71:c94, de50b7de-f9d2-4802-a524-6de75e18a426:c94]
2019-07-12 13:11:36,598 INFO  client.GrpcClientProtocolClient (GrpcClientProtocolClient.java:onNext(255)) - client-6C04BD49F4D5->871b3a72-703e-465c-925f-bb68f4958a2e: receive RaftClientReply:client-6C04BD49F4D5->871b3a72-703e-465c-925f-bb68f4958a2e@group-613427DCBB34, cid=160, SUCCESS, logIndex=0, commits[871b3a72-703e-465c-925f-bb68f4958a2e:c99, 2d930774-d643-4c73-b233-5605f9748a71:c96, de50b7de-f9d2-4802-a524-6de75e18a426:c96]
2019-07-12 13:11:36,600 INFO  client.GrpcClientProtocolClient (GrpcClientProtocolClient.java:onNext(255)) - client-6C04BD49F4D5->871b3a72-703e-465c-925f-bb68f4958a2e: receive RaftClientReply:client-6C04BD49F4D5->871b3a72-703e-465c-925f-bb68f4958a2e@group-613427DCBB34, cid=161, SUCCESS, logIndex=0, commits[871b3a72-703e-465c-925f-bb68f4958a2e:c102, 2d930774-d643-4c73-b233-5605f9748a71:c98, de50b7de-f9d2-4802-a524-6de75e18a426:c98]
2019-07-12 13:11:36,624 INFO  pipeline.Pipeline (Pipeline.java:getProtobufMessage(195)) - Serialize pipeline PipelineID=9bc0a0ea-9a37-4824-8e6b-613427dcbb34 with nodesInOrder{ }
]]></system-out>
  </testcase>
  <testcase name="testDiscardPreallocatedBlocks" classname="org.apache.hadoop.ozone.client.rpc.TestCloseContainerHandlingByClient" time="0">
    <skipped/>
  </testcase>
</testsuite>