<?xml version="1.0" encoding="UTF-8"?>
<testsuite xmlns:xsi="http://www.w3.org/2001/XMLSchema-instance" xsi:noNamespaceSchemaLocation="https://maven.apache.org/surefire/maven-surefire-plugin/xsd/surefire-test-report.xsd" name="org.apache.hadoop.ozone.client.rpc.TestWatchForCommit" time="208.844" tests="6" errors="1" skipped="0" failures="1">
  <properties>
    <property name="awt.toolkit" value="sun.awt.X11.XToolkit"/>
    <property name="file.encoding.pkg" value="sun.io"/>
    <property name="java.specification.version" value="1.8"/>
    <property name="sun.cpu.isalist" value=""/>
    <property name="sun.jnu.encoding" value="UTF-8"/>
    <property name="java.class.path" value="/tmp/workdir/hadoop-ozone/integration-test/target/test-classes:/tmp/workdir/hadoop-ozone/integration-test/target/classes:/home/user/.m2/repository/org/apache/hadoop/hadoop-ozone-common/0.5.0-SNAPSHOT/hadoop-ozone-common-0.5.0-SNAPSHOT.jar:/home/user/.m2/repository/org/apache/commons/commons-compress/1.4.1/commons-compress-1.4.1.jar:/home/user/.m2/repository/org/tukaani/xz/1.0/xz-1.0.jar:/home/user/.m2/repository/org/apache/hadoop/hadoop-common/3.2.0/hadoop-common-3.2.0.jar:/home/user/.m2/repository/org/apache/hadoop/hadoop-hdfs/3.2.0/hadoop-hdfs-3.2.0.jar:/home/user/.m2/repository/org/apache/hadoop/hadoop-hdfs-client/3.2.0/hadoop-hdfs-client-3.2.0.jar:/home/user/.m2/repository/com/fasterxml/jackson/core/jackson-annotations/2.9.5/jackson-annotations-2.9.5.jar:/home/user/.m2/repository/org/apache/hadoop/hadoop-hdds-common/0.5.0-SNAPSHOT/hadoop-hdds-common-0.5.0-SNAPSHOT.jar:/home/user/.m2/repository/javax/annotation/javax.annotation-api/1.2/javax.annotation-api-1.2.jar:/home/user/.m2/repository/org/apache/ratis/ratis-server/0.4.0-2337318-SNAPSHOT/ratis-server-0.4.0-2337318-SNAPSHOT.jar:/home/user/.m2/repository/org/apache/ratis/ratis-thirdparty-misc/0.2.0/ratis-thirdparty-misc-0.2.0.jar:/home/user/.m2/repository/org/apache/ratis/ratis-proto/0.4.0-2337318-SNAPSHOT/ratis-proto-0.4.0-2337318-SNAPSHOT.jar:/home/user/.m2/repository/org/apache/ratis/ratis-common/0.4.0-2337318-SNAPSHOT/ratis-common-0.4.0-2337318-SNAPSHOT.jar:/home/user/.m2/repository/org/apache/ratis/ratis-client/0.4.0-2337318-SNAPSHOT/ratis-client-0.4.0-2337318-SNAPSHOT.jar:/home/user/.m2/repository/org/apache/ratis/ratis-metrics/0.4.0-2337318-SNAPSHOT/ratis-metrics-0.4.0-2337318-SNAPSHOT.jar:/home/user/.m2/repository/org/apache/ratis/ratis-netty/0.4.0-2337318-SNAPSHOT/ratis-netty-0.4.0-2337318-SNAPSHOT.jar:/home/user/.m2/repository/org/apache/ratis/ratis-grpc/0.4.0-2337318-SNAPSHOT/ratis-grpc-0.4.0-2337318-SNAPSHOT.jar:/home/user/.m2/repository/org/rocksdb/rocksdbjni/6.0.1/rocksdbjni-6.0.1.jar:/home/user/.m2/repository/org/apache/logging/log4j/log4j-api/2.11.0/log4j-api-2.11.0.jar:/home/user/.m2/repository/org/apache/logging/log4j/log4j-core/2.11.0/log4j-core-2.11.0.jar:/home/user/.m2/repository/com/lmax/disruptor/3.4.2/disruptor-3.4.2.jar:/home/user/.m2/repository/org/apache/commons/commons-pool2/2.6.0/commons-pool2-2.6.0.jar:/home/user/.m2/repository/org/bouncycastle/bcpkix-jdk15on/1.60/bcpkix-jdk15on-1.60.jar:/home/user/.m2/repository/commons-validator/commons-validator/1.6/commons-validator-1.6.jar:/home/user/.m2/repository/commons-digester/commons-digester/1.8.1/commons-digester-1.8.1.jar:/home/user/.m2/repository/io/jaegertracing/jaeger-client/0.33.1/jaeger-client-0.33.1.jar:/home/user/.m2/repository/io/jaegertracing/jaeger-thrift/0.33.1/jaeger-thrift-0.33.1.jar:/home/user/.m2/repository/org/apache/thrift/libthrift/0.11.0/libthrift-0.11.0.jar:/home/user/.m2/repository/com/squareup/okhttp3/okhttp/3.9.0/okhttp-3.9.0.jar:/home/user/.m2/repository/com/squareup/okio/okio/1.13.0/okio-1.13.0.jar:/home/user/.m2/repository/io/jaegertracing/jaeger-core/0.33.1/jaeger-core-0.33.1.jar:/home/user/.m2/repository/io/jaegertracing/jaeger-tracerresolver/0.33.1/jaeger-tracerresolver-0.33.1.jar:/home/user/.m2/repository/io/opentracing/contrib/opentracing-tracerresolver/0.1.5/opentracing-tracerresolver-0.1.5.jar:/home/user/.m2/repository/io/opentracing/opentracing-util/0.31.0/opentracing-util-0.31.0.jar:/home/user/.m2/repository/io/opentracing/opentracing-api/0.31.0/opentracing-api-0.31.0.jar:/home/user/.m2/repository/io/opentracing/opentracing-noop/0.31.0/opentracing-noop-0.31.0.jar:/home/user/.m2/repository/org/apache/hadoop/hadoop-hdds-server-framework/0.5.0-SNAPSHOT/hadoop-hdds-server-framework-0.5.0-SNAPSHOT.jar:/home/user/.m2/repository/org/apache/hadoop/hadoop-hdds-container-service/0.5.0-SNAPSHOT/hadoop-hdds-container-service-0.5.0-SNAPSHOT.jar:/home/user/.m2/repository/org/apache/hadoop/hadoop-hdds-client/0.5.0-SNAPSHOT/hadoop-hdds-client-0.5.0-SNAPSHOT.jar:/home/user/.m2/repository/org/apache/hadoop/hadoop-hdds-tools/0.5.0-SNAPSHOT/hadoop-hdds-tools-0.5.0-SNAPSHOT.jar:/home/user/.m2/repository/org/apache/hadoop/hadoop-hdds-server-scm/0.5.0-SNAPSHOT/hadoop-hdds-server-scm-0.5.0-SNAPSHOT.jar:/home/user/.m2/repository/org/apache/hadoop/hadoop-hdds-docs/0.5.0-SNAPSHOT/hadoop-hdds-docs-0.5.0-SNAPSHOT.jar:/home/user/.m2/repository/io/dropwizard/metrics/metrics-core/3.2.4/metrics-core-3.2.4.jar:/home/user/.m2/repository/org/hamcrest/hamcrest-all/1.3/hamcrest-all-1.3.jar:/home/user/.m2/repository/org/bouncycastle/bcprov-jdk15on/1.60/bcprov-jdk15on-1.60.jar:/home/user/.m2/repository/info/picocli/picocli/3.9.6/picocli-3.9.6.jar:/home/user/.m2/repository/com/google/protobuf/protobuf-java/2.5.0/protobuf-java-2.5.0.jar:/home/user/.m2/repository/com/google/guava/guava/11.0.2/guava-11.0.2.jar:/home/user/.m2/repository/org/apache/hadoop/hadoop-ozone-ozone-manager/0.5.0-SNAPSHOT/hadoop-ozone-ozone-manager-0.5.0-SNAPSHOT.jar:/home/user/.m2/repository/org/apache/hadoop/hadoop-minikdc/3.2.0/hadoop-minikdc-3.2.0.jar:/home/user/.m2/repository/commons-io/commons-io/2.5/commons-io-2.5.jar:/home/user/.m2/repository/org/apache/kerby/kerb-simplekdc/1.0.1/kerb-simplekdc-1.0.1.jar:/home/user/.m2/repository/org/apache/kerby/kerb-client/1.0.1/kerb-client-1.0.1.jar:/home/user/.m2/repository/org/apache/kerby/kerby-config/1.0.1/kerby-config-1.0.1.jar:/home/user/.m2/repository/org/apache/kerby/kerb-core/1.0.1/kerb-core-1.0.1.jar:/home/user/.m2/repository/org/apache/kerby/kerby-pkix/1.0.1/kerby-pkix-1.0.1.jar:/home/user/.m2/repository/org/apache/kerby/kerby-asn1/1.0.1/kerby-asn1-1.0.1.jar:/home/user/.m2/repository/org/apache/kerby/kerby-util/1.0.1/kerby-util-1.0.1.jar:/home/user/.m2/repository/org/apache/kerby/kerb-common/1.0.1/kerb-common-1.0.1.jar:/home/user/.m2/repository/org/apache/kerby/kerb-crypto/1.0.1/kerb-crypto-1.0.1.jar:/home/user/.m2/repository/org/apache/kerby/kerb-util/1.0.1/kerb-util-1.0.1.jar:/home/user/.m2/repository/org/apache/kerby/token-provider/1.0.1/token-provider-1.0.1.jar:/home/user/.m2/repository/org/apache/kerby/kerb-admin/1.0.1/kerb-admin-1.0.1.jar:/home/user/.m2/repository/org/apache/kerby/kerb-server/1.0.1/kerb-server-1.0.1.jar:/home/user/.m2/repository/org/apache/kerby/kerb-identity/1.0.1/kerb-identity-1.0.1.jar:/home/user/.m2/repository/org/apache/kerby/kerby-xdr/1.0.1/kerby-xdr-1.0.1.jar:/home/user/.m2/repository/org/slf4j/slf4j-log4j12/1.7.25/slf4j-log4j12-1.7.25.jar:/home/user/.m2/repository/org/apache/hadoop/hadoop-ozone-objectstore-service/0.5.0-SNAPSHOT/hadoop-ozone-objectstore-service-0.5.0-SNAPSHOT.jar:/home/user/.m2/repository/org/apache/hadoop/hadoop-ozone-s3gateway/0.5.0-SNAPSHOT/hadoop-ozone-s3gateway-0.5.0-SNAPSHOT.jar:/home/user/.m2/repository/org/jboss/weld/servlet/weld-servlet/2.4.7.Final/weld-servlet-2.4.7.Final.jar:/home/user/.m2/repository/org/glassfish/jersey/containers/jersey-container-servlet-core/2.27/jersey-container-servlet-core-2.27.jar:/home/user/.m2/repository/org/glassfish/hk2/external/javax.inject/2.5.0-b42/javax.inject-2.5.0-b42.jar:/home/user/.m2/repository/org/glassfish/jersey/core/jersey-common/2.27/jersey-common-2.27.jar:/home/user/.m2/repository/org/glassfish/hk2/osgi-resource-locator/1.0.1/osgi-resource-locator-1.0.1.jar:/home/user/.m2/repository/javax/ws/rs/javax.ws.rs-api/2.1/javax.ws.rs-api-2.1.jar:/home/user/.m2/repository/org/glassfish/jersey/ext/cdi/jersey-cdi1x/2.27/jersey-cdi1x-2.27.jar:/home/user/.m2/repository/org/glassfish/jersey/inject/jersey-hk2/2.27/jersey-hk2-2.27.jar:/home/user/.m2/repository/org/glassfish/hk2/hk2-locator/2.5.0-b42/hk2-locator-2.5.0-b42.jar:/home/user/.m2/repository/org/javassist/javassist/3.22.0-CR2/javassist-3.22.0-CR2.jar:/home/user/.m2/repository/org/glassfish/hk2/hk2-api/2.5.0/hk2-api-2.5.0.jar:/home/user/.m2/repository/org/glassfish/hk2/external/jakarta.inject/2.5.0/jakarta.inject-2.5.0.jar:/home/user/.m2/repository/org/glassfish/hk2/hk2-utils/2.5.0/hk2-utils-2.5.0.jar:/home/user/.m2/repository/jakarta/annotation/jakarta.annotation-api/1.3.4/jakarta.annotation-api-1.3.4.jar:/home/user/.m2/repository/org/glassfish/hk2/external/aopalliance-repackaged/2.5.0/aopalliance-repackaged-2.5.0.jar:/home/user/.m2/repository/com/fasterxml/jackson/dataformat/jackson-dataformat-xml/2.9.0/jackson-dataformat-xml-2.9.0.jar:/home/user/.m2/repository/com/fasterxml/jackson/core/jackson-core/2.9.5/jackson-core-2.9.5.jar:/home/user/.m2/repository/com/fasterxml/jackson/module/jackson-module-jaxb-annotations/2.9.5/jackson-module-jaxb-annotations-2.9.5.jar:/home/user/.m2/repository/javax/enterprise/cdi-api/1.2/cdi-api-1.2.jar:/home/user/.m2/repository/javax/el/javax.el-api/3.0.0/javax.el-api-3.0.0.jar:/home/user/.m2/repository/javax/interceptor/javax.interceptor-api/1.2/javax.interceptor-api-1.2.jar:/home/user/.m2/repository/javax/inject/javax.inject/1/javax.inject-1.jar:/home/user/.m2/repository/com/sun/xml/bind/jaxb-impl/2.3.0.1/jaxb-impl-2.3.0.1.jar:/home/user/.m2/repository/com/sun/xml/bind/jaxb-core/2.3.0.1/jaxb-core-2.3.0.1.jar:/home/user/.m2/repository/javax/xml/bind/jaxb-api/2.3.0/jaxb-api-2.3.0.jar:/home/user/.m2/repository/javax/activation/activation/1.1.1/activation-1.1.1.jar:/home/user/.m2/repository/org/apache/hadoop/hadoop-ozone-csi/0.5.0-SNAPSHOT/hadoop-ozone-csi-0.5.0-SNAPSHOT.jar:/home/user/.m2/repository/com/google/protobuf/protobuf-java-util/3.5.1/protobuf-java-util-3.5.1.jar:/home/user/.m2/repository/org/apache/hadoop/hadoop-hdds-config/0.5.0-SNAPSHOT/hadoop-hdds-config-0.5.0-SNAPSHOT.jar:/home/user/.m2/repository/io/grpc/grpc-netty/1.17.1/grpc-netty-1.17.1.jar:/home/user/.m2/repository/io/grpc/grpc-core/1.17.1/grpc-core-1.17.1.jar:/home/user/.m2/repository/io/grpc/grpc-context/1.17.1/grpc-context-1.17.1.jar:/home/user/.m2/repository/com/google/errorprone/error_prone_annotations/2.2.0/error_prone_annotations-2.2.0.jar:/home/user/.m2/repository/org/codehaus/mojo/animal-sniffer-annotations/1.17/animal-sniffer-annotations-1.17.jar:/home/user/.m2/repository/io/opencensus/opencensus-api/0.17.0/opencensus-api-0.17.0.jar:/home/user/.m2/repository/io/opencensus/opencensus-contrib-grpc-metrics/0.17.0/opencensus-contrib-grpc-metrics-0.17.0.jar:/home/user/.m2/repository/io/netty/netty-codec-http2/4.1.30.Final/netty-codec-http2-4.1.30.Final.jar:/home/user/.m2/repository/io/netty/netty-codec-http/4.1.30.Final/netty-codec-http-4.1.30.Final.jar:/home/user/.m2/repository/io/netty/netty-codec/4.1.30.Final/netty-codec-4.1.30.Final.jar:/home/user/.m2/repository/io/netty/netty-handler/4.1.30.Final/netty-handler-4.1.30.Final.jar:/home/user/.m2/repository/io/netty/netty-handler-proxy/4.1.30.Final/netty-handler-proxy-4.1.30.Final.jar:/home/user/.m2/repository/io/netty/netty-codec-socks/4.1.30.Final/netty-codec-socks-4.1.30.Final.jar:/home/user/.m2/repository/io/netty/netty-transport-native-epoll/4.1.30.Final/netty-transport-native-epoll-4.1.30.Final.jar:/home/user/.m2/repository/io/netty/netty-common/4.1.30.Final/netty-common-4.1.30.Final.jar:/home/user/.m2/repository/io/netty/netty-buffer/4.1.30.Final/netty-buffer-4.1.30.Final.jar:/home/user/.m2/repository/io/netty/netty-transport/4.1.30.Final/netty-transport-4.1.30.Final.jar:/home/user/.m2/repository/io/netty/netty-resolver/4.1.30.Final/netty-resolver-4.1.30.Final.jar:/home/user/.m2/repository/io/netty/netty-transport-native-unix-common/4.1.30.Final/netty-transport-native-unix-common-4.1.30.Final.jar:/home/user/.m2/repository/io/grpc/grpc-protobuf/1.17.1/grpc-protobuf-1.17.1.jar:/home/user/.m2/repository/com/google/api/grpc/proto-google-common-protos/1.0.0/proto-google-common-protos-1.0.0.jar:/home/user/.m2/repository/io/grpc/grpc-protobuf-lite/1.17.1/grpc-protobuf-lite-1.17.1.jar:/home/user/.m2/repository/io/grpc/grpc-stub/1.17.1/grpc-stub-1.17.1.jar:/home/user/.m2/repository/org/apache/hadoop/hadoop-ozone-recon/0.5.0-SNAPSHOT/hadoop-ozone-recon-0.5.0-SNAPSHOT.jar:/home/user/.m2/repository/org/apache/hadoop/hadoop-ozone-reconcodegen/0.5.0-SNAPSHOT/hadoop-ozone-reconcodegen-0.5.0-SNAPSHOT.jar:/home/user/.m2/repository/com/google/inject/extensions/guice-multibindings/4.0/guice-multibindings-4.0.jar:/home/user/.m2/repository/com/google/inject/guice/4.0/guice-4.0.jar:/home/user/.m2/repository/aopalliance/aopalliance/1.0/aopalliance-1.0.jar:/home/user/.m2/repository/com/google/inject/extensions/guice-servlet/4.0/guice-servlet-4.0.jar:/home/user/.m2/repository/org/glassfish/jersey/containers/jersey-container-servlet/2.27/jersey-container-servlet-2.27.jar:/home/user/.m2/repository/org/glassfish/hk2/guice-bridge/2.5.0/guice-bridge-2.5.0.jar:/home/user/.m2/repository/org/glassfish/jersey/core/jersey-server/2.27/jersey-server-2.27.jar:/home/user/.m2/repository/org/glassfish/jersey/core/jersey-client/2.27/jersey-client-2.27.jar:/home/user/.m2/repository/org/glassfish/jersey/media/jersey-media-jaxb/2.27/jersey-media-jaxb-2.27.jar:/home/user/.m2/repository/javax/validation/validation-api/1.1.0.Final/validation-api-1.1.0.Final.jar:/home/user/.m2/repository/org/glassfish/jersey/media/jersey-media-json-jackson/2.27/jersey-media-json-jackson-2.27.jar:/home/user/.m2/repository/org/glassfish/jersey/ext/jersey-entity-filtering/2.27/jersey-entity-filtering-2.27.jar:/home/user/.m2/repository/com/google/inject/extensions/guice-assistedinject/4.0/guice-assistedinject-4.0.jar:/home/user/.m2/repository/org/jooq/jooq/3.11.10/jooq-3.11.10.jar:/home/user/.m2/repository/org/jooq/jooq-meta/3.11.10/jooq-meta-3.11.10.jar:/home/user/.m2/repository/org/jooq/jooq-codegen/3.11.10/jooq-codegen-3.11.10.jar:/home/user/.m2/repository/com/jolbox/bonecp/0.8.0.RELEASE/bonecp-0.8.0.RELEASE.jar:/home/user/.m2/repository/org/xerial/sqlite-jdbc/3.25.2/sqlite-jdbc-3.25.2.jar:/home/user/.m2/repository/org/springframework/spring-jdbc/5.1.3.RELEASE/spring-jdbc-5.1.3.RELEASE.jar:/home/user/.m2/repository/org/springframework/spring-beans/5.1.3.RELEASE/spring-beans-5.1.3.RELEASE.jar:/home/user/.m2/repository/org/springframework/spring-core/5.1.3.RELEASE/spring-core-5.1.3.RELEASE.jar:/home/user/.m2/repository/org/springframework/spring-jcl/5.1.3.RELEASE/spring-jcl-5.1.3.RELEASE.jar:/home/user/.m2/repository/org/springframework/spring-tx/5.1.3.RELEASE/spring-tx-5.1.3.RELEASE.jar:/home/user/.m2/repository/org/apache/hadoop/hadoop-ozone-client/0.5.0-SNAPSHOT/hadoop-ozone-client-0.5.0-SNAPSHOT.jar:/home/user/.m2/repository/commons-lang/commons-lang/2.6/commons-lang-2.6.jar:/home/user/.m2/repository/org/apache/hadoop/hadoop-ozone-ozone-manager/0.5.0-SNAPSHOT/hadoop-ozone-ozone-manager-0.5.0-SNAPSHOT-tests.jar:/home/user/.m2/repository/junit/junit/4.11/junit-4.11.jar:/home/user/.m2/repository/org/hamcrest/hamcrest-core/1.3/hamcrest-core-1.3.jar:/home/user/.m2/repository/org/openjdk/jmh/jmh-core/1.19/jmh-core-1.19.jar:/home/user/.m2/repository/net/sf/jopt-simple/jopt-simple/4.6/jopt-simple-4.6.jar:/home/user/.m2/repository/org/apache/commons/commons-math3/3.1.1/commons-math3-3.1.1.jar:/home/user/.m2/repository/org/openjdk/jmh/jmh-generator-annprocess/1.19/jmh-generator-annprocess-1.19.jar:/home/user/.m2/repository/org/mockito/mockito-all/1.8.5/mockito-all-1.8.5.jar:/home/user/.m2/repository/org/apache/hadoop/hadoop-kms/3.2.0/hadoop-kms-3.2.0.jar:/home/user/.m2/repository/org/apache/hadoop/hadoop-auth/3.2.0/hadoop-auth-3.2.0.jar:/home/user/.m2/repository/com/nimbusds/nimbus-jose-jwt/4.41.1/nimbus-jose-jwt-4.41.1.jar:/home/user/.m2/repository/com/github/stephenc/jcip/jcip-annotations/1.0-1/jcip-annotations-1.0-1.jar:/home/user/.m2/repository/net/minidev/json-smart/2.3/json-smart-2.3.jar:/home/user/.m2/repository/net/minidev/accessors-smart/1.2/accessors-smart-1.2.jar:/home/user/.m2/repository/org/ow2/asm/asm/5.0.4/asm-5.0.4.jar:/home/user/.m2/repository/org/apache/curator/curator-framework/2.12.0/curator-framework-2.12.0.jar:/home/user/.m2/repository/com/sun/jersey/jersey-core/1.19/jersey-core-1.19.jar:/home/user/.m2/repository/javax/ws/rs/jsr311-api/1.1.1/jsr311-api-1.1.1.jar:/home/user/.m2/repository/com/sun/jersey/jersey-server/1.19/jersey-server-1.19.jar:/home/user/.m2/repository/javax/servlet/javax.servlet-api/3.1.0/javax.servlet-api-3.1.0.jar:/home/user/.m2/repository/org/eclipse/jetty/jetty-server/9.3.24.v20180605/jetty-server-9.3.24.v20180605.jar:/home/user/.m2/repository/org/eclipse/jetty/jetty-http/9.3.24.v20180605/jetty-http-9.3.24.v20180605.jar:/home/user/.m2/repository/org/eclipse/jetty/jetty-io/9.3.24.v20180605/jetty-io-9.3.24.v20180605.jar:/home/user/.m2/repository/org/eclipse/jetty/jetty-webapp/9.3.24.v20180605/jetty-webapp-9.3.24.v20180605.jar:/home/user/.m2/repository/org/eclipse/jetty/jetty-xml/9.3.24.v20180605/jetty-xml-9.3.24.v20180605.jar:/home/user/.m2/repository/log4j/log4j/1.2.17/log4j-1.2.17.jar:/home/user/.m2/repository/org/slf4j/slf4j-api/1.7.25/slf4j-api-1.7.25.jar:/home/user/.m2/repository/org/slf4j/jul-to-slf4j/1.7.25/jul-to-slf4j-1.7.25.jar:/home/user/.m2/repository/org/eclipse/jetty/jetty-util/9.3.24.v20180605/jetty-util-9.3.24.v20180605.jar:/home/user/.m2/repository/com/fasterxml/jackson/core/jackson-databind/2.9.5/jackson-databind-2.9.5.jar:/home/user/.m2/repository/org/apache/hadoop/hadoop-kms/3.2.0/hadoop-kms-3.2.0-tests.jar:/home/user/.m2/repository/org/apache/hadoop/hadoop-hdds-server-scm/0.5.0-SNAPSHOT/hadoop-hdds-server-scm-0.5.0-SNAPSHOT-tests.jar:/home/user/.m2/repository/org/apache/hadoop/hadoop-hdds-container-service/0.5.0-SNAPSHOT/hadoop-hdds-container-service-0.5.0-SNAPSHOT-tests.jar:/home/user/.m2/repository/org/yaml/snakeyaml/1.16/snakeyaml-1.16.jar:/home/user/.m2/repository/org/apache/hadoop/hadoop-common/3.2.0/hadoop-common-3.2.0-tests.jar:/home/user/.m2/repository/org/apache/hadoop/hadoop-annotations/3.2.0/hadoop-annotations-3.2.0.jar:/usr/lib/jvm/java-1.8-openjdk/jre/../lib/tools.jar:/home/user/.m2/repository/commons-cli/commons-cli/1.2/commons-cli-1.2.jar:/home/user/.m2/repository/org/apache/httpcomponents/httpclient/4.5.2/httpclient-4.5.2.jar:/home/user/.m2/repository/org/apache/httpcomponents/httpcore/4.4.4/httpcore-4.4.4.jar:/home/user/.m2/repository/commons-codec/commons-codec/1.11/commons-codec-1.11.jar:/home/user/.m2/repository/commons-net/commons-net/3.6/commons-net-3.6.jar:/home/user/.m2/repository/commons-collections/commons-collections/3.2.2/commons-collections-3.2.2.jar:/home/user/.m2/repository/org/eclipse/jetty/jetty-servlet/9.3.24.v20180605/jetty-servlet-9.3.24.v20180605.jar:/home/user/.m2/repository/org/eclipse/jetty/jetty-security/9.3.24.v20180605/jetty-security-9.3.24.v20180605.jar:/home/user/.m2/repository/javax/servlet/jsp/jsp-api/2.1/jsp-api-2.1.jar:/home/user/.m2/repository/com/sun/jersey/jersey-servlet/1.19/jersey-servlet-1.19.jar:/home/user/.m2/repository/com/sun/jersey/jersey-json/1.19/jersey-json-1.19.jar:/home/user/.m2/repository/org/codehaus/jettison/jettison/1.1/jettison-1.1.jar:/home/user/.m2/repository/org/codehaus/jackson/jackson-core-asl/1.9.13/jackson-core-asl-1.9.13.jar:/home/user/.m2/repository/org/codehaus/jackson/jackson-mapper-asl/1.9.13/jackson-mapper-asl-1.9.13.jar:/home/user/.m2/repository/org/codehaus/jackson/jackson-jaxrs/1.9.13/jackson-jaxrs-1.9.13.jar:/home/user/.m2/repository/org/codehaus/jackson/jackson-xc/1.9.13/jackson-xc-1.9.13.jar:/home/user/.m2/repository/commons-logging/commons-logging/1.1.3/commons-logging-1.1.3.jar:/home/user/.m2/repository/commons-beanutils/commons-beanutils/1.9.3/commons-beanutils-1.9.3.jar:/home/user/.m2/repository/org/apache/commons/commons-configuration2/2.1.1/commons-configuration2-2.1.1.jar:/home/user/.m2/repository/org/apache/commons/commons-lang3/3.7/commons-lang3-3.7.jar:/home/user/.m2/repository/org/apache/commons/commons-text/1.4/commons-text-1.4.jar:/home/user/.m2/repository/org/apache/avro/avro/1.7.7/avro-1.7.7.jar:/home/user/.m2/repository/com/thoughtworks/paranamer/paranamer/2.3/paranamer-2.3.jar:/home/user/.m2/repository/org/xerial/snappy/snappy-java/1.0.5/snappy-java-1.0.5.jar:/home/user/.m2/repository/com/google/re2j/re2j/1.1/re2j-1.1.jar:/home/user/.m2/repository/com/google/code/gson/gson/2.2.4/gson-2.2.4.jar:/home/user/.m2/repository/com/jcraft/jsch/0.1.54/jsch-0.1.54.jar:/home/user/.m2/repository/org/apache/curator/curator-client/2.12.0/curator-client-2.12.0.jar:/home/user/.m2/repository/org/apache/curator/curator-recipes/2.12.0/curator-recipes-2.12.0.jar:/home/user/.m2/repository/com/google/code/findbugs/jsr305/3.0.0/jsr305-3.0.0.jar:/home/user/.m2/repository/org/apache/htrace/htrace-core4/4.1.0-incubating/htrace-core4-4.1.0-incubating.jar:/home/user/.m2/repository/org/apache/zookeeper/zookeeper/3.4.13/zookeeper-3.4.13.jar:/home/user/.m2/repository/org/apache/yetus/audience-annotations/0.5.0/audience-annotations-0.5.0.jar:/home/user/.m2/repository/org/codehaus/woodstox/stax2-api/3.1.4/stax2-api-3.1.4.jar:/home/user/.m2/repository/com/fasterxml/woodstox/woodstox-core/5.0.3/woodstox-core-5.0.3.jar:/home/user/.m2/repository/dnsjava/dnsjava/2.1.7/dnsjava-2.1.7.jar:/home/user/.m2/repository/org/apache/hadoop/hadoop-hdfs/3.2.0/hadoop-hdfs-3.2.0-tests.jar:/home/user/.m2/repository/org/eclipse/jetty/jetty-util-ajax/9.3.24.v20180605/jetty-util-ajax-9.3.24.v20180605.jar:/home/user/.m2/repository/commons-daemon/commons-daemon/1.0.13/commons-daemon-1.0.13.jar:/home/user/.m2/repository/io/netty/netty/3.10.5.Final/netty-3.10.5.Final.jar:/home/user/.m2/repository/io/netty/netty-all/4.0.52.Final/netty-all-4.0.52.Final.jar:/home/user/.m2/repository/org/fusesource/leveldbjni/leveldbjni-all/1.8/leveldbjni-all-1.8.jar:"/>
    <property name="java.vm.vendor" value="IcedTea"/>
    <property name="sun.arch.data.model" value="64"/>
    <property name="test.build.dir" value="/tmp/workdir/hadoop-ozone/integration-test/target/test-dir"/>
    <property name="test.cache.data" value=""/>
    <property name="java.vendor.url" value="https://icedtea.classpath.org"/>
    <property name="user.timezone" value=""/>
    <property name="java.vm.specification.version" value="1.8"/>
    <property name="os.name" value="Linux"/>
    <property name="test.build.data" value="/tmp/workdir/hadoop-ozone/integration-test/target/test-dir"/>
    <property name="user.country" value="US"/>
    <property name="sun.java.launcher" value="SUN_STANDARD"/>
    <property name="sun.boot.library.path" value="/usr/lib/jvm/java-1.8-openjdk/jre/lib/amd64"/>
    <property name="sun.java.command" value="/tmp/workdir/hadoop-ozone/integration-test/target/surefire/surefirebooter3006525910431701346.jar /tmp/workdir/hadoop-ozone/integration-test/target/surefire 2019-07-12T12-18-11_956-jvmRun1 surefire663249562255902467tmp surefire_47607745998325353761tmp"/>
    <property name="surefire.test.class.path" value="/tmp/workdir/hadoop-ozone/integration-test/target/test-classes:/tmp/workdir/hadoop-ozone/integration-test/target/classes:/home/user/.m2/repository/org/apache/hadoop/hadoop-ozone-common/0.5.0-SNAPSHOT/hadoop-ozone-common-0.5.0-SNAPSHOT.jar:/home/user/.m2/repository/org/apache/commons/commons-compress/1.4.1/commons-compress-1.4.1.jar:/home/user/.m2/repository/org/tukaani/xz/1.0/xz-1.0.jar:/home/user/.m2/repository/org/apache/hadoop/hadoop-common/3.2.0/hadoop-common-3.2.0.jar:/home/user/.m2/repository/org/apache/hadoop/hadoop-hdfs/3.2.0/hadoop-hdfs-3.2.0.jar:/home/user/.m2/repository/org/apache/hadoop/hadoop-hdfs-client/3.2.0/hadoop-hdfs-client-3.2.0.jar:/home/user/.m2/repository/com/fasterxml/jackson/core/jackson-annotations/2.9.5/jackson-annotations-2.9.5.jar:/home/user/.m2/repository/org/apache/hadoop/hadoop-hdds-common/0.5.0-SNAPSHOT/hadoop-hdds-common-0.5.0-SNAPSHOT.jar:/home/user/.m2/repository/javax/annotation/javax.annotation-api/1.2/javax.annotation-api-1.2.jar:/home/user/.m2/repository/org/apache/ratis/ratis-server/0.4.0-2337318-SNAPSHOT/ratis-server-0.4.0-2337318-SNAPSHOT.jar:/home/user/.m2/repository/org/apache/ratis/ratis-thirdparty-misc/0.2.0/ratis-thirdparty-misc-0.2.0.jar:/home/user/.m2/repository/org/apache/ratis/ratis-proto/0.4.0-2337318-SNAPSHOT/ratis-proto-0.4.0-2337318-SNAPSHOT.jar:/home/user/.m2/repository/org/apache/ratis/ratis-common/0.4.0-2337318-SNAPSHOT/ratis-common-0.4.0-2337318-SNAPSHOT.jar:/home/user/.m2/repository/org/apache/ratis/ratis-client/0.4.0-2337318-SNAPSHOT/ratis-client-0.4.0-2337318-SNAPSHOT.jar:/home/user/.m2/repository/org/apache/ratis/ratis-metrics/0.4.0-2337318-SNAPSHOT/ratis-metrics-0.4.0-2337318-SNAPSHOT.jar:/home/user/.m2/repository/org/apache/ratis/ratis-netty/0.4.0-2337318-SNAPSHOT/ratis-netty-0.4.0-2337318-SNAPSHOT.jar:/home/user/.m2/repository/org/apache/ratis/ratis-grpc/0.4.0-2337318-SNAPSHOT/ratis-grpc-0.4.0-2337318-SNAPSHOT.jar:/home/user/.m2/repository/org/rocksdb/rocksdbjni/6.0.1/rocksdbjni-6.0.1.jar:/home/user/.m2/repository/org/apache/logging/log4j/log4j-api/2.11.0/log4j-api-2.11.0.jar:/home/user/.m2/repository/org/apache/logging/log4j/log4j-core/2.11.0/log4j-core-2.11.0.jar:/home/user/.m2/repository/com/lmax/disruptor/3.4.2/disruptor-3.4.2.jar:/home/user/.m2/repository/org/apache/commons/commons-pool2/2.6.0/commons-pool2-2.6.0.jar:/home/user/.m2/repository/org/bouncycastle/bcpkix-jdk15on/1.60/bcpkix-jdk15on-1.60.jar:/home/user/.m2/repository/commons-validator/commons-validator/1.6/commons-validator-1.6.jar:/home/user/.m2/repository/commons-digester/commons-digester/1.8.1/commons-digester-1.8.1.jar:/home/user/.m2/repository/io/jaegertracing/jaeger-client/0.33.1/jaeger-client-0.33.1.jar:/home/user/.m2/repository/io/jaegertracing/jaeger-thrift/0.33.1/jaeger-thrift-0.33.1.jar:/home/user/.m2/repository/org/apache/thrift/libthrift/0.11.0/libthrift-0.11.0.jar:/home/user/.m2/repository/com/squareup/okhttp3/okhttp/3.9.0/okhttp-3.9.0.jar:/home/user/.m2/repository/com/squareup/okio/okio/1.13.0/okio-1.13.0.jar:/home/user/.m2/repository/io/jaegertracing/jaeger-core/0.33.1/jaeger-core-0.33.1.jar:/home/user/.m2/repository/io/jaegertracing/jaeger-tracerresolver/0.33.1/jaeger-tracerresolver-0.33.1.jar:/home/user/.m2/repository/io/opentracing/contrib/opentracing-tracerresolver/0.1.5/opentracing-tracerresolver-0.1.5.jar:/home/user/.m2/repository/io/opentracing/opentracing-util/0.31.0/opentracing-util-0.31.0.jar:/home/user/.m2/repository/io/opentracing/opentracing-api/0.31.0/opentracing-api-0.31.0.jar:/home/user/.m2/repository/io/opentracing/opentracing-noop/0.31.0/opentracing-noop-0.31.0.jar:/home/user/.m2/repository/org/apache/hadoop/hadoop-hdds-server-framework/0.5.0-SNAPSHOT/hadoop-hdds-server-framework-0.5.0-SNAPSHOT.jar:/home/user/.m2/repository/org/apache/hadoop/hadoop-hdds-container-service/0.5.0-SNAPSHOT/hadoop-hdds-container-service-0.5.0-SNAPSHOT.jar:/home/user/.m2/repository/org/apache/hadoop/hadoop-hdds-client/0.5.0-SNAPSHOT/hadoop-hdds-client-0.5.0-SNAPSHOT.jar:/home/user/.m2/repository/org/apache/hadoop/hadoop-hdds-tools/0.5.0-SNAPSHOT/hadoop-hdds-tools-0.5.0-SNAPSHOT.jar:/home/user/.m2/repository/org/apache/hadoop/hadoop-hdds-server-scm/0.5.0-SNAPSHOT/hadoop-hdds-server-scm-0.5.0-SNAPSHOT.jar:/home/user/.m2/repository/org/apache/hadoop/hadoop-hdds-docs/0.5.0-SNAPSHOT/hadoop-hdds-docs-0.5.0-SNAPSHOT.jar:/home/user/.m2/repository/io/dropwizard/metrics/metrics-core/3.2.4/metrics-core-3.2.4.jar:/home/user/.m2/repository/org/hamcrest/hamcrest-all/1.3/hamcrest-all-1.3.jar:/home/user/.m2/repository/org/bouncycastle/bcprov-jdk15on/1.60/bcprov-jdk15on-1.60.jar:/home/user/.m2/repository/info/picocli/picocli/3.9.6/picocli-3.9.6.jar:/home/user/.m2/repository/com/google/protobuf/protobuf-java/2.5.0/protobuf-java-2.5.0.jar:/home/user/.m2/repository/com/google/guava/guava/11.0.2/guava-11.0.2.jar:/home/user/.m2/repository/org/apache/hadoop/hadoop-ozone-ozone-manager/0.5.0-SNAPSHOT/hadoop-ozone-ozone-manager-0.5.0-SNAPSHOT.jar:/home/user/.m2/repository/org/apache/hadoop/hadoop-minikdc/3.2.0/hadoop-minikdc-3.2.0.jar:/home/user/.m2/repository/commons-io/commons-io/2.5/commons-io-2.5.jar:/home/user/.m2/repository/org/apache/kerby/kerb-simplekdc/1.0.1/kerb-simplekdc-1.0.1.jar:/home/user/.m2/repository/org/apache/kerby/kerb-client/1.0.1/kerb-client-1.0.1.jar:/home/user/.m2/repository/org/apache/kerby/kerby-config/1.0.1/kerby-config-1.0.1.jar:/home/user/.m2/repository/org/apache/kerby/kerb-core/1.0.1/kerb-core-1.0.1.jar:/home/user/.m2/repository/org/apache/kerby/kerby-pkix/1.0.1/kerby-pkix-1.0.1.jar:/home/user/.m2/repository/org/apache/kerby/kerby-asn1/1.0.1/kerby-asn1-1.0.1.jar:/home/user/.m2/repository/org/apache/kerby/kerby-util/1.0.1/kerby-util-1.0.1.jar:/home/user/.m2/repository/org/apache/kerby/kerb-common/1.0.1/kerb-common-1.0.1.jar:/home/user/.m2/repository/org/apache/kerby/kerb-crypto/1.0.1/kerb-crypto-1.0.1.jar:/home/user/.m2/repository/org/apache/kerby/kerb-util/1.0.1/kerb-util-1.0.1.jar:/home/user/.m2/repository/org/apache/kerby/token-provider/1.0.1/token-provider-1.0.1.jar:/home/user/.m2/repository/org/apache/kerby/kerb-admin/1.0.1/kerb-admin-1.0.1.jar:/home/user/.m2/repository/org/apache/kerby/kerb-server/1.0.1/kerb-server-1.0.1.jar:/home/user/.m2/repository/org/apache/kerby/kerb-identity/1.0.1/kerb-identity-1.0.1.jar:/home/user/.m2/repository/org/apache/kerby/kerby-xdr/1.0.1/kerby-xdr-1.0.1.jar:/home/user/.m2/repository/org/slf4j/slf4j-log4j12/1.7.25/slf4j-log4j12-1.7.25.jar:/home/user/.m2/repository/org/apache/hadoop/hadoop-ozone-objectstore-service/0.5.0-SNAPSHOT/hadoop-ozone-objectstore-service-0.5.0-SNAPSHOT.jar:/home/user/.m2/repository/org/apache/hadoop/hadoop-ozone-s3gateway/0.5.0-SNAPSHOT/hadoop-ozone-s3gateway-0.5.0-SNAPSHOT.jar:/home/user/.m2/repository/org/jboss/weld/servlet/weld-servlet/2.4.7.Final/weld-servlet-2.4.7.Final.jar:/home/user/.m2/repository/org/glassfish/jersey/containers/jersey-container-servlet-core/2.27/jersey-container-servlet-core-2.27.jar:/home/user/.m2/repository/org/glassfish/hk2/external/javax.inject/2.5.0-b42/javax.inject-2.5.0-b42.jar:/home/user/.m2/repository/org/glassfish/jersey/core/jersey-common/2.27/jersey-common-2.27.jar:/home/user/.m2/repository/org/glassfish/hk2/osgi-resource-locator/1.0.1/osgi-resource-locator-1.0.1.jar:/home/user/.m2/repository/javax/ws/rs/javax.ws.rs-api/2.1/javax.ws.rs-api-2.1.jar:/home/user/.m2/repository/org/glassfish/jersey/ext/cdi/jersey-cdi1x/2.27/jersey-cdi1x-2.27.jar:/home/user/.m2/repository/org/glassfish/jersey/inject/jersey-hk2/2.27/jersey-hk2-2.27.jar:/home/user/.m2/repository/org/glassfish/hk2/hk2-locator/2.5.0-b42/hk2-locator-2.5.0-b42.jar:/home/user/.m2/repository/org/javassist/javassist/3.22.0-CR2/javassist-3.22.0-CR2.jar:/home/user/.m2/repository/org/glassfish/hk2/hk2-api/2.5.0/hk2-api-2.5.0.jar:/home/user/.m2/repository/org/glassfish/hk2/external/jakarta.inject/2.5.0/jakarta.inject-2.5.0.jar:/home/user/.m2/repository/org/glassfish/hk2/hk2-utils/2.5.0/hk2-utils-2.5.0.jar:/home/user/.m2/repository/jakarta/annotation/jakarta.annotation-api/1.3.4/jakarta.annotation-api-1.3.4.jar:/home/user/.m2/repository/org/glassfish/hk2/external/aopalliance-repackaged/2.5.0/aopalliance-repackaged-2.5.0.jar:/home/user/.m2/repository/com/fasterxml/jackson/dataformat/jackson-dataformat-xml/2.9.0/jackson-dataformat-xml-2.9.0.jar:/home/user/.m2/repository/com/fasterxml/jackson/core/jackson-core/2.9.5/jackson-core-2.9.5.jar:/home/user/.m2/repository/com/fasterxml/jackson/module/jackson-module-jaxb-annotations/2.9.5/jackson-module-jaxb-annotations-2.9.5.jar:/home/user/.m2/repository/javax/enterprise/cdi-api/1.2/cdi-api-1.2.jar:/home/user/.m2/repository/javax/el/javax.el-api/3.0.0/javax.el-api-3.0.0.jar:/home/user/.m2/repository/javax/interceptor/javax.interceptor-api/1.2/javax.interceptor-api-1.2.jar:/home/user/.m2/repository/javax/inject/javax.inject/1/javax.inject-1.jar:/home/user/.m2/repository/com/sun/xml/bind/jaxb-impl/2.3.0.1/jaxb-impl-2.3.0.1.jar:/home/user/.m2/repository/com/sun/xml/bind/jaxb-core/2.3.0.1/jaxb-core-2.3.0.1.jar:/home/user/.m2/repository/javax/xml/bind/jaxb-api/2.3.0/jaxb-api-2.3.0.jar:/home/user/.m2/repository/javax/activation/activation/1.1.1/activation-1.1.1.jar:/home/user/.m2/repository/org/apache/hadoop/hadoop-ozone-csi/0.5.0-SNAPSHOT/hadoop-ozone-csi-0.5.0-SNAPSHOT.jar:/home/user/.m2/repository/com/google/protobuf/protobuf-java-util/3.5.1/protobuf-java-util-3.5.1.jar:/home/user/.m2/repository/org/apache/hadoop/hadoop-hdds-config/0.5.0-SNAPSHOT/hadoop-hdds-config-0.5.0-SNAPSHOT.jar:/home/user/.m2/repository/io/grpc/grpc-netty/1.17.1/grpc-netty-1.17.1.jar:/home/user/.m2/repository/io/grpc/grpc-core/1.17.1/grpc-core-1.17.1.jar:/home/user/.m2/repository/io/grpc/grpc-context/1.17.1/grpc-context-1.17.1.jar:/home/user/.m2/repository/com/google/errorprone/error_prone_annotations/2.2.0/error_prone_annotations-2.2.0.jar:/home/user/.m2/repository/org/codehaus/mojo/animal-sniffer-annotations/1.17/animal-sniffer-annotations-1.17.jar:/home/user/.m2/repository/io/opencensus/opencensus-api/0.17.0/opencensus-api-0.17.0.jar:/home/user/.m2/repository/io/opencensus/opencensus-contrib-grpc-metrics/0.17.0/opencensus-contrib-grpc-metrics-0.17.0.jar:/home/user/.m2/repository/io/netty/netty-codec-http2/4.1.30.Final/netty-codec-http2-4.1.30.Final.jar:/home/user/.m2/repository/io/netty/netty-codec-http/4.1.30.Final/netty-codec-http-4.1.30.Final.jar:/home/user/.m2/repository/io/netty/netty-codec/4.1.30.Final/netty-codec-4.1.30.Final.jar:/home/user/.m2/repository/io/netty/netty-handler/4.1.30.Final/netty-handler-4.1.30.Final.jar:/home/user/.m2/repository/io/netty/netty-handler-proxy/4.1.30.Final/netty-handler-proxy-4.1.30.Final.jar:/home/user/.m2/repository/io/netty/netty-codec-socks/4.1.30.Final/netty-codec-socks-4.1.30.Final.jar:/home/user/.m2/repository/io/netty/netty-transport-native-epoll/4.1.30.Final/netty-transport-native-epoll-4.1.30.Final.jar:/home/user/.m2/repository/io/netty/netty-common/4.1.30.Final/netty-common-4.1.30.Final.jar:/home/user/.m2/repository/io/netty/netty-buffer/4.1.30.Final/netty-buffer-4.1.30.Final.jar:/home/user/.m2/repository/io/netty/netty-transport/4.1.30.Final/netty-transport-4.1.30.Final.jar:/home/user/.m2/repository/io/netty/netty-resolver/4.1.30.Final/netty-resolver-4.1.30.Final.jar:/home/user/.m2/repository/io/netty/netty-transport-native-unix-common/4.1.30.Final/netty-transport-native-unix-common-4.1.30.Final.jar:/home/user/.m2/repository/io/grpc/grpc-protobuf/1.17.1/grpc-protobuf-1.17.1.jar:/home/user/.m2/repository/com/google/api/grpc/proto-google-common-protos/1.0.0/proto-google-common-protos-1.0.0.jar:/home/user/.m2/repository/io/grpc/grpc-protobuf-lite/1.17.1/grpc-protobuf-lite-1.17.1.jar:/home/user/.m2/repository/io/grpc/grpc-stub/1.17.1/grpc-stub-1.17.1.jar:/home/user/.m2/repository/org/apache/hadoop/hadoop-ozone-recon/0.5.0-SNAPSHOT/hadoop-ozone-recon-0.5.0-SNAPSHOT.jar:/home/user/.m2/repository/org/apache/hadoop/hadoop-ozone-reconcodegen/0.5.0-SNAPSHOT/hadoop-ozone-reconcodegen-0.5.0-SNAPSHOT.jar:/home/user/.m2/repository/com/google/inject/extensions/guice-multibindings/4.0/guice-multibindings-4.0.jar:/home/user/.m2/repository/com/google/inject/guice/4.0/guice-4.0.jar:/home/user/.m2/repository/aopalliance/aopalliance/1.0/aopalliance-1.0.jar:/home/user/.m2/repository/com/google/inject/extensions/guice-servlet/4.0/guice-servlet-4.0.jar:/home/user/.m2/repository/org/glassfish/jersey/containers/jersey-container-servlet/2.27/jersey-container-servlet-2.27.jar:/home/user/.m2/repository/org/glassfish/hk2/guice-bridge/2.5.0/guice-bridge-2.5.0.jar:/home/user/.m2/repository/org/glassfish/jersey/core/jersey-server/2.27/jersey-server-2.27.jar:/home/user/.m2/repository/org/glassfish/jersey/core/jersey-client/2.27/jersey-client-2.27.jar:/home/user/.m2/repository/org/glassfish/jersey/media/jersey-media-jaxb/2.27/jersey-media-jaxb-2.27.jar:/home/user/.m2/repository/javax/validation/validation-api/1.1.0.Final/validation-api-1.1.0.Final.jar:/home/user/.m2/repository/org/glassfish/jersey/media/jersey-media-json-jackson/2.27/jersey-media-json-jackson-2.27.jar:/home/user/.m2/repository/org/glassfish/jersey/ext/jersey-entity-filtering/2.27/jersey-entity-filtering-2.27.jar:/home/user/.m2/repository/com/google/inject/extensions/guice-assistedinject/4.0/guice-assistedinject-4.0.jar:/home/user/.m2/repository/org/jooq/jooq/3.11.10/jooq-3.11.10.jar:/home/user/.m2/repository/org/jooq/jooq-meta/3.11.10/jooq-meta-3.11.10.jar:/home/user/.m2/repository/org/jooq/jooq-codegen/3.11.10/jooq-codegen-3.11.10.jar:/home/user/.m2/repository/com/jolbox/bonecp/0.8.0.RELEASE/bonecp-0.8.0.RELEASE.jar:/home/user/.m2/repository/org/xerial/sqlite-jdbc/3.25.2/sqlite-jdbc-3.25.2.jar:/home/user/.m2/repository/org/springframework/spring-jdbc/5.1.3.RELEASE/spring-jdbc-5.1.3.RELEASE.jar:/home/user/.m2/repository/org/springframework/spring-beans/5.1.3.RELEASE/spring-beans-5.1.3.RELEASE.jar:/home/user/.m2/repository/org/springframework/spring-core/5.1.3.RELEASE/spring-core-5.1.3.RELEASE.jar:/home/user/.m2/repository/org/springframework/spring-jcl/5.1.3.RELEASE/spring-jcl-5.1.3.RELEASE.jar:/home/user/.m2/repository/org/springframework/spring-tx/5.1.3.RELEASE/spring-tx-5.1.3.RELEASE.jar:/home/user/.m2/repository/org/apache/hadoop/hadoop-ozone-client/0.5.0-SNAPSHOT/hadoop-ozone-client-0.5.0-SNAPSHOT.jar:/home/user/.m2/repository/commons-lang/commons-lang/2.6/commons-lang-2.6.jar:/home/user/.m2/repository/org/apache/hadoop/hadoop-ozone-ozone-manager/0.5.0-SNAPSHOT/hadoop-ozone-ozone-manager-0.5.0-SNAPSHOT-tests.jar:/home/user/.m2/repository/junit/junit/4.11/junit-4.11.jar:/home/user/.m2/repository/org/hamcrest/hamcrest-core/1.3/hamcrest-core-1.3.jar:/home/user/.m2/repository/org/openjdk/jmh/jmh-core/1.19/jmh-core-1.19.jar:/home/user/.m2/repository/net/sf/jopt-simple/jopt-simple/4.6/jopt-simple-4.6.jar:/home/user/.m2/repository/org/apache/commons/commons-math3/3.1.1/commons-math3-3.1.1.jar:/home/user/.m2/repository/org/openjdk/jmh/jmh-generator-annprocess/1.19/jmh-generator-annprocess-1.19.jar:/home/user/.m2/repository/org/mockito/mockito-all/1.8.5/mockito-all-1.8.5.jar:/home/user/.m2/repository/org/apache/hadoop/hadoop-kms/3.2.0/hadoop-kms-3.2.0.jar:/home/user/.m2/repository/org/apache/hadoop/hadoop-auth/3.2.0/hadoop-auth-3.2.0.jar:/home/user/.m2/repository/com/nimbusds/nimbus-jose-jwt/4.41.1/nimbus-jose-jwt-4.41.1.jar:/home/user/.m2/repository/com/github/stephenc/jcip/jcip-annotations/1.0-1/jcip-annotations-1.0-1.jar:/home/user/.m2/repository/net/minidev/json-smart/2.3/json-smart-2.3.jar:/home/user/.m2/repository/net/minidev/accessors-smart/1.2/accessors-smart-1.2.jar:/home/user/.m2/repository/org/ow2/asm/asm/5.0.4/asm-5.0.4.jar:/home/user/.m2/repository/org/apache/curator/curator-framework/2.12.0/curator-framework-2.12.0.jar:/home/user/.m2/repository/com/sun/jersey/jersey-core/1.19/jersey-core-1.19.jar:/home/user/.m2/repository/javax/ws/rs/jsr311-api/1.1.1/jsr311-api-1.1.1.jar:/home/user/.m2/repository/com/sun/jersey/jersey-server/1.19/jersey-server-1.19.jar:/home/user/.m2/repository/javax/servlet/javax.servlet-api/3.1.0/javax.servlet-api-3.1.0.jar:/home/user/.m2/repository/org/eclipse/jetty/jetty-server/9.3.24.v20180605/jetty-server-9.3.24.v20180605.jar:/home/user/.m2/repository/org/eclipse/jetty/jetty-http/9.3.24.v20180605/jetty-http-9.3.24.v20180605.jar:/home/user/.m2/repository/org/eclipse/jetty/jetty-io/9.3.24.v20180605/jetty-io-9.3.24.v20180605.jar:/home/user/.m2/repository/org/eclipse/jetty/jetty-webapp/9.3.24.v20180605/jetty-webapp-9.3.24.v20180605.jar:/home/user/.m2/repository/org/eclipse/jetty/jetty-xml/9.3.24.v20180605/jetty-xml-9.3.24.v20180605.jar:/home/user/.m2/repository/log4j/log4j/1.2.17/log4j-1.2.17.jar:/home/user/.m2/repository/org/slf4j/slf4j-api/1.7.25/slf4j-api-1.7.25.jar:/home/user/.m2/repository/org/slf4j/jul-to-slf4j/1.7.25/jul-to-slf4j-1.7.25.jar:/home/user/.m2/repository/org/eclipse/jetty/jetty-util/9.3.24.v20180605/jetty-util-9.3.24.v20180605.jar:/home/user/.m2/repository/com/fasterxml/jackson/core/jackson-databind/2.9.5/jackson-databind-2.9.5.jar:/home/user/.m2/repository/org/apache/hadoop/hadoop-kms/3.2.0/hadoop-kms-3.2.0-tests.jar:/home/user/.m2/repository/org/apache/hadoop/hadoop-hdds-server-scm/0.5.0-SNAPSHOT/hadoop-hdds-server-scm-0.5.0-SNAPSHOT-tests.jar:/home/user/.m2/repository/org/apache/hadoop/hadoop-hdds-container-service/0.5.0-SNAPSHOT/hadoop-hdds-container-service-0.5.0-SNAPSHOT-tests.jar:/home/user/.m2/repository/org/yaml/snakeyaml/1.16/snakeyaml-1.16.jar:/home/user/.m2/repository/org/apache/hadoop/hadoop-common/3.2.0/hadoop-common-3.2.0-tests.jar:/home/user/.m2/repository/org/apache/hadoop/hadoop-annotations/3.2.0/hadoop-annotations-3.2.0.jar:/usr/lib/jvm/java-1.8-openjdk/jre/../lib/tools.jar:/home/user/.m2/repository/commons-cli/commons-cli/1.2/commons-cli-1.2.jar:/home/user/.m2/repository/org/apache/httpcomponents/httpclient/4.5.2/httpclient-4.5.2.jar:/home/user/.m2/repository/org/apache/httpcomponents/httpcore/4.4.4/httpcore-4.4.4.jar:/home/user/.m2/repository/commons-codec/commons-codec/1.11/commons-codec-1.11.jar:/home/user/.m2/repository/commons-net/commons-net/3.6/commons-net-3.6.jar:/home/user/.m2/repository/commons-collections/commons-collections/3.2.2/commons-collections-3.2.2.jar:/home/user/.m2/repository/org/eclipse/jetty/jetty-servlet/9.3.24.v20180605/jetty-servlet-9.3.24.v20180605.jar:/home/user/.m2/repository/org/eclipse/jetty/jetty-security/9.3.24.v20180605/jetty-security-9.3.24.v20180605.jar:/home/user/.m2/repository/javax/servlet/jsp/jsp-api/2.1/jsp-api-2.1.jar:/home/user/.m2/repository/com/sun/jersey/jersey-servlet/1.19/jersey-servlet-1.19.jar:/home/user/.m2/repository/com/sun/jersey/jersey-json/1.19/jersey-json-1.19.jar:/home/user/.m2/repository/org/codehaus/jettison/jettison/1.1/jettison-1.1.jar:/home/user/.m2/repository/org/codehaus/jackson/jackson-core-asl/1.9.13/jackson-core-asl-1.9.13.jar:/home/user/.m2/repository/org/codehaus/jackson/jackson-mapper-asl/1.9.13/jackson-mapper-asl-1.9.13.jar:/home/user/.m2/repository/org/codehaus/jackson/jackson-jaxrs/1.9.13/jackson-jaxrs-1.9.13.jar:/home/user/.m2/repository/org/codehaus/jackson/jackson-xc/1.9.13/jackson-xc-1.9.13.jar:/home/user/.m2/repository/commons-logging/commons-logging/1.1.3/commons-logging-1.1.3.jar:/home/user/.m2/repository/commons-beanutils/commons-beanutils/1.9.3/commons-beanutils-1.9.3.jar:/home/user/.m2/repository/org/apache/commons/commons-configuration2/2.1.1/commons-configuration2-2.1.1.jar:/home/user/.m2/repository/org/apache/commons/commons-lang3/3.7/commons-lang3-3.7.jar:/home/user/.m2/repository/org/apache/commons/commons-text/1.4/commons-text-1.4.jar:/home/user/.m2/repository/org/apache/avro/avro/1.7.7/avro-1.7.7.jar:/home/user/.m2/repository/com/thoughtworks/paranamer/paranamer/2.3/paranamer-2.3.jar:/home/user/.m2/repository/org/xerial/snappy/snappy-java/1.0.5/snappy-java-1.0.5.jar:/home/user/.m2/repository/com/google/re2j/re2j/1.1/re2j-1.1.jar:/home/user/.m2/repository/com/google/code/gson/gson/2.2.4/gson-2.2.4.jar:/home/user/.m2/repository/com/jcraft/jsch/0.1.54/jsch-0.1.54.jar:/home/user/.m2/repository/org/apache/curator/curator-client/2.12.0/curator-client-2.12.0.jar:/home/user/.m2/repository/org/apache/curator/curator-recipes/2.12.0/curator-recipes-2.12.0.jar:/home/user/.m2/repository/com/google/code/findbugs/jsr305/3.0.0/jsr305-3.0.0.jar:/home/user/.m2/repository/org/apache/htrace/htrace-core4/4.1.0-incubating/htrace-core4-4.1.0-incubating.jar:/home/user/.m2/repository/org/apache/zookeeper/zookeeper/3.4.13/zookeeper-3.4.13.jar:/home/user/.m2/repository/org/apache/yetus/audience-annotations/0.5.0/audience-annotations-0.5.0.jar:/home/user/.m2/repository/org/codehaus/woodstox/stax2-api/3.1.4/stax2-api-3.1.4.jar:/home/user/.m2/repository/com/fasterxml/woodstox/woodstox-core/5.0.3/woodstox-core-5.0.3.jar:/home/user/.m2/repository/dnsjava/dnsjava/2.1.7/dnsjava-2.1.7.jar:/home/user/.m2/repository/org/apache/hadoop/hadoop-hdfs/3.2.0/hadoop-hdfs-3.2.0-tests.jar:/home/user/.m2/repository/org/eclipse/jetty/jetty-util-ajax/9.3.24.v20180605/jetty-util-ajax-9.3.24.v20180605.jar:/home/user/.m2/repository/commons-daemon/commons-daemon/1.0.13/commons-daemon-1.0.13.jar:/home/user/.m2/repository/io/netty/netty/3.10.5.Final/netty-3.10.5.Final.jar:/home/user/.m2/repository/io/netty/netty-all/4.0.52.Final/netty-all-4.0.52.Final.jar:/home/user/.m2/repository/org/fusesource/leveldbjni/leveldbjni-all/1.8/leveldbjni-all-1.8.jar:"/>
    <property name="sun.cpu.endian" value="little"/>
    <property name="user.home" value="/home/user"/>
    <property name="user.language" value="en"/>
    <property name="java.specification.vendor" value="Oracle Corporation"/>
    <property name="java.home" value="/usr/lib/jvm/java-1.8-openjdk/jre"/>
    <property name="java.security.krb5.conf" value="/tmp/workdir/hadoop-ozone/integration-test/target/test-classes/krb5.conf"/>
    <property name="basedir" value="/tmp/workdir/hadoop-ozone/integration-test"/>
    <property name="file.separator" value="/"/>
    <property name="line.separator" value="&#10;"/>
    <property name="java.vm.specification.vendor" value="Oracle Corporation"/>
    <property name="java.specification.name" value="Java Platform API Specification"/>
    <property name="java.awt.graphicsenv" value="sun.awt.X11GraphicsEnvironment"/>
    <property name="surefire.real.class.path" value="/tmp/workdir/hadoop-ozone/integration-test/target/surefire/surefirebooter3006525910431701346.jar"/>
    <property name="hadoop.log.dir" value="/tmp/workdir/hadoop-ozone/integration-test/target/log"/>
    <property name="sun.boot.class.path" value="/usr/lib/jvm/java-1.8-openjdk/jre/lib/resources.jar:/usr/lib/jvm/java-1.8-openjdk/jre/lib/rt.jar:/usr/lib/jvm/java-1.8-openjdk/jre/lib/sunrsasign.jar:/usr/lib/jvm/java-1.8-openjdk/jre/lib/jsse.jar:/usr/lib/jvm/java-1.8-openjdk/jre/lib/jce.jar:/usr/lib/jvm/java-1.8-openjdk/jre/lib/charsets.jar:/usr/lib/jvm/java-1.8-openjdk/jre/lib/jfr.jar:/usr/lib/jvm/java-1.8-openjdk/jre/classes"/>
    <property name="sun.management.compiler" value="HotSpot 64-Bit Tiered Compilers"/>
    <property name="java.runtime.version" value="1.8.0_212-b04"/>
    <property name="java.net.preferIPv4Stack" value="true"/>
    <property name="user.name" value="jenkins1000"/>
    <property name="path.separator" value=":"/>
    <property name="java.security.egd" value="file:///dev/urandom"/>
    <property name="os.version" value="3.10.0-957.12.2.el7.x86_64"/>
    <property name="java.endorsed.dirs" value="/usr/lib/jvm/java-1.8-openjdk/jre/lib/endorsed"/>
    <property name="java.runtime.name" value="OpenJDK Runtime Environment"/>
    <property name="file.encoding" value="UTF-8"/>
    <property name="java.vm.name" value="OpenJDK 64-Bit Server VM"/>
    <property name="test.build.webapps" value=""/>
    <property name="localRepository" value="/home/user/.m2/repository"/>
    <property name="java.vendor.url.bug" value="https://icedtea.classpath.org/bugzilla"/>
    <property name="java.io.tmpdir" value="/tmp"/>
    <property name="require.test.libhadoop" value=""/>
    <property name="java.version" value="1.8.0_212"/>
    <property name="user.dir" value="/tmp/workdir/hadoop-ozone/integration-test"/>
    <property name="os.arch" value="amd64"/>
    <property name="java.vm.specification.name" value="Java Virtual Machine Specification"/>
    <property name="test.build.classes" value="/tmp/workdir/hadoop-ozone/integration-test/target/test-classes"/>
    <property name="java.awt.printerjob" value="sun.print.PSPrinterJob"/>
    <property name="sun.os.patch.level" value="unknown"/>
    <property name="hadoop.tmp.dir" value="/tmp/workdir/hadoop-ozone/integration-test/target/tmp"/>
    <property name="java.library.path" value="/usr/lib/jvm/java-1.8-openjdk/jre/lib/amd64/server:/usr/lib/jvm/java-1.8-openjdk/jre/lib/amd64:/usr/lib/jvm/java-1.8-openjdk/jre/../lib/amd64:/tmp/workdir/hadoop-ozone/integration-test/target/native/target/usr/local/lib:/tmp/workdir/hadoop-ozone/integration-test/../../hadoop-common-project/hadoop-common/target/native/target/usr/local/lib:/usr/java/packages/lib/amd64:/usr/lib64:/lib64:/lib:/usr/lib"/>
    <property name="java.vm.info" value="mixed mode"/>
    <property name="java.vendor" value="IcedTea"/>
    <property name="java.vm.version" value="25.212-b04"/>
    <property name="java.ext.dirs" value="/usr/lib/jvm/java-1.8-openjdk/jre/lib/ext:/usr/java/packages/lib/ext"/>
    <property name="sun.io.unicode.encoding" value="UnicodeLittle"/>
    <property name="java.class.version" value="52.0"/>
  </properties>
  <testcase name="testWatchForCommitWithKeyWrite" classname="org.apache.hadoop.ozone.client.rpc.TestWatchForCommit" time="18.682">
    <failure message="expected:&lt;4&gt; but was:&lt;8&gt;" type="java.lang.AssertionError"><![CDATA[java.lang.AssertionError: expected:<4> but was:<8>
	at org.junit.Assert.fail(Assert.java:88)
	at org.junit.Assert.failNotEquals(Assert.java:743)
	at org.junit.Assert.assertEquals(Assert.java:118)
	at org.junit.Assert.assertEquals(Assert.java:555)
	at org.junit.Assert.assertEquals(Assert.java:542)
	at org.apache.hadoop.ozone.client.rpc.TestWatchForCommit.testWatchForCommitWithKeyWrite(TestWatchForCommit.java:167)
	at sun.reflect.NativeMethodAccessorImpl.invoke0(Native Method)
	at sun.reflect.NativeMethodAccessorImpl.invoke(NativeMethodAccessorImpl.java:62)
	at sun.reflect.DelegatingMethodAccessorImpl.invoke(DelegatingMethodAccessorImpl.java:43)
	at java.lang.reflect.Method.invoke(Method.java:498)
	at org.junit.runners.model.FrameworkMethod$1.runReflectiveCall(FrameworkMethod.java:47)
	at org.junit.internal.runners.model.ReflectiveCallable.run(ReflectiveCallable.java:12)
	at org.junit.runners.model.FrameworkMethod.invokeExplosively(FrameworkMethod.java:44)
	at org.junit.internal.runners.statements.InvokeMethod.evaluate(InvokeMethod.java:17)
	at org.junit.runners.ParentRunner.runLeaf(ParentRunner.java:271)
	at org.junit.runners.BlockJUnit4ClassRunner.runChild(BlockJUnit4ClassRunner.java:70)
	at org.junit.runners.BlockJUnit4ClassRunner.runChild(BlockJUnit4ClassRunner.java:50)
	at org.junit.runners.ParentRunner$3.run(ParentRunner.java:238)
	at org.junit.runners.ParentRunner$1.schedule(ParentRunner.java:63)
	at org.junit.runners.ParentRunner.runChildren(ParentRunner.java:236)
	at org.junit.runners.ParentRunner.access$000(ParentRunner.java:53)
	at org.junit.runners.ParentRunner$2.evaluate(ParentRunner.java:229)
	at org.junit.runners.ParentRunner.run(ParentRunner.java:309)
	at org.apache.maven.surefire.junit4.JUnit4Provider.execute(JUnit4Provider.java:365)
	at org.apache.maven.surefire.junit4.JUnit4Provider.executeWithRerun(JUnit4Provider.java:273)
	at org.apache.maven.surefire.junit4.JUnit4Provider.executeTestSet(JUnit4Provider.java:238)
	at org.apache.maven.surefire.junit4.JUnit4Provider.invoke(JUnit4Provider.java:159)
	at org.apache.maven.surefire.booter.ForkedBooter.invokeProviderInSameClassLoader(ForkedBooter.java:384)
	at org.apache.maven.surefire.booter.ForkedBooter.runSuitesInProcess(ForkedBooter.java:345)
	at org.apache.maven.surefire.booter.ForkedBooter.execute(ForkedBooter.java:126)
	at org.apache.maven.surefire.booter.ForkedBooter.main(ForkedBooter.java:418)
]]></failure>
    <system-out><![CDATA[2019-07-12 13:06:21,812 WARN  server.ServerUtils (ServerUtils.java:getScmDbDir(145)) - ozone.scm.db.dirs is not configured. We recommend adding this setting. Falling back to ozone.metadata.dirs instead.
2019-07-12 13:06:21,898 WARN  server.ServerUtils (ServerUtils.java:getScmDbDir(145)) - ozone.scm.db.dirs is not configured. We recommend adding this setting. Falling back to ozone.metadata.dirs instead.
2019-07-12 13:06:21,900 WARN  server.ServerUtils (ServerUtils.java:getScmDbDir(145)) - ozone.scm.db.dirs is not configured. We recommend adding this setting. Falling back to ozone.metadata.dirs instead.
2019-07-12 13:06:21,914 INFO  util.log (Log.java:initialized(192)) - Logging initialized @842ms
2019-07-12 13:06:21,993 INFO  db.DBStoreBuilder (DBStoreBuilder.java:addTable(110)) - using custom profile for table: deletedBlocks
2019-07-12 13:06:21,993 INFO  db.DBStoreBuilder (DBStoreBuilder.java:processTables(161)) - Using default column profile:DBProfile.DISK for Table:deletedBlocks
2019-07-12 13:06:21,994 INFO  db.DBStoreBuilder (DBStoreBuilder.java:addTable(110)) - using custom profile for table: validCerts
2019-07-12 13:06:21,994 INFO  db.DBStoreBuilder (DBStoreBuilder.java:processTables(161)) - Using default column profile:DBProfile.DISK for Table:validCerts
2019-07-12 13:06:21,994 INFO  db.DBStoreBuilder (DBStoreBuilder.java:addTable(110)) - using custom profile for table: revokedCerts
2019-07-12 13:06:21,995 INFO  db.DBStoreBuilder (DBStoreBuilder.java:processTables(161)) - Using default column profile:DBProfile.DISK for Table:revokedCerts
2019-07-12 13:06:22,003 INFO  db.DBStoreBuilder (DBStoreBuilder.java:addTable(110)) - using custom profile for table: default
2019-07-12 13:06:22,004 INFO  db.DBStoreBuilder (DBStoreBuilder.java:processTables(167)) - Using default column profile:DBProfile.DISK for Table:default
2019-07-12 13:06:22,005 INFO  db.DBStoreBuilder (DBStoreBuilder.java:getDbProfile(198)) - Using default options. DBProfile.DISK
2019-07-12 13:06:22,229 INFO  net.NodeSchemaLoader (NodeSchemaLoader.java:loadSchemaFromFile(125)) - Loading file from sun.misc.CompoundEnumeration@7714e963
2019-07-12 13:06:22,231 INFO  net.NodeSchemaLoader (NodeSchemaLoader.java:loadSchema(171)) - Loading network topology layer schema file
2019-07-12 13:06:22,340 WARN  server.ServerUtils (ServerUtils.java:sanitizeUserArgs(70)) - ozone.scm.stale.node.interval value = 300000 is larger than max = 100000 based on the key value of ozone.scm.heartbeat.thread.interval, reset to the max value 100000.
2019-07-12 13:06:22,343 WARN  server.ServerUtils (ServerUtils.java:sanitizeUserArgs(70)) - ozone.scm.stale.node.interval value = 300000 is larger than max = 100000 based on the key value of ozone.scm.heartbeat.thread.interval, reset to the max value 100000.
2019-07-12 13:06:22,346 INFO  node.SCMNodeManager (SCMNodeManager.java:<init>(119)) - Entering startup safe mode.
2019-07-12 13:06:22,426 WARN  server.ServerUtils (ServerUtils.java:getScmDbDir(145)) - ozone.scm.db.dirs is not configured. We recommend adding this setting. Falling back to ozone.metadata.dirs instead.
2019-07-12 13:06:22,511 INFO  pipeline.SCMPipelineManager (SCMPipelineManager.java:initializePipelineState(126)) - No pipeline exists in current db
2019-07-12 13:06:22,515 WARN  server.ServerUtils (ServerUtils.java:getScmDbDir(145)) - ozone.scm.db.dirs is not configured. We recommend adding this setting. Falling back to ozone.metadata.dirs instead.
2019-07-12 13:06:22,654 WARN  events.EventQueue (EventQueue.java:fireEvent(175)) - No event handler registered for event TypedEvent{payloadType=SafeModeStatus, name='SafeModeStatus'}
2019-07-12 13:06:22,987 INFO  ipc.CallQueueManager (CallQueueManager.java:<init>(84)) - Using callQueue: class java.util.concurrent.LinkedBlockingQueue, queueCapacity: 2000, scheduler: class org.apache.hadoop.ipc.DefaultRpcScheduler, ipcBackoff: false.
2019-07-12 13:06:23,015 INFO  ipc.Server (Server.java:run(1074)) - Starting Socket Reader #1 for port 33629
2019-07-12 13:06:23,039 INFO  ipc.CallQueueManager (CallQueueManager.java:<init>(84)) - Using callQueue: class java.util.concurrent.LinkedBlockingQueue, queueCapacity: 2000, scheduler: class org.apache.hadoop.ipc.DefaultRpcScheduler, ipcBackoff: false.
2019-07-12 13:06:23,040 INFO  ipc.Server (Server.java:run(1074)) - Starting Socket Reader #1 for port 38155
2019-07-12 13:06:23,046 INFO  ipc.CallQueueManager (CallQueueManager.java:<init>(84)) - Using callQueue: class java.util.concurrent.LinkedBlockingQueue, queueCapacity: 2000, scheduler: class org.apache.hadoop.ipc.DefaultRpcScheduler, ipcBackoff: false.
2019-07-12 13:06:23,047 INFO  ipc.Server (Server.java:run(1074)) - Starting Socket Reader #1 for port 34816
2019-07-12 13:06:23,302 INFO  hdfs.DFSUtil (DFSUtil.java:httpServerTemplateForNNAndJN(1641)) - Starting Web-server for scm at: http://0.0.0.0:0
2019-07-12 13:06:23,485 INFO  server.AuthenticationFilter (AuthenticationFilter.java:constructSecretProvider(240)) - Unable to initialize FileSignerSecretProvider, falling back to use random secrets.
2019-07-12 13:06:23,493 WARN  http.HttpRequestLog (HttpRequestLog.java:getRequestLog(97)) - Jetty request log can only be enabled using Log4j
2019-07-12 13:06:23,501 INFO  http.HttpServer2 (HttpServer2.java:addGlobalFilter(975)) - Added global filter 'safety' (class=org.apache.hadoop.http.HttpServer2$QuotingInputFilter)
2019-07-12 13:06:23,504 INFO  http.HttpServer2 (HttpServer2.java:addFilter(948)) - Added filter static_user_filter (class=org.apache.hadoop.http.lib.StaticUserWebFilter$StaticUserFilter) to context scm
2019-07-12 13:06:23,504 INFO  http.HttpServer2 (HttpServer2.java:addFilter(958)) - Added filter static_user_filter (class=org.apache.hadoop.http.lib.StaticUserWebFilter$StaticUserFilter) to context static
2019-07-12 13:06:23,504 INFO  http.HttpServer2 (HttpServer2.java:addFilter(958)) - Added filter static_user_filter (class=org.apache.hadoop.http.lib.StaticUserWebFilter$StaticUserFilter) to context logs
2019-07-12 13:06:23,533 INFO  server.StorageContainerManager (StorageContainerManager.java:start(759)) - StorageContainerLocationProtocol RPC server is listening at /0.0.0.0:34816
2019-07-12 13:06:23,588 WARN  impl.MetricsConfig (MetricsConfig.java:loadFirst(134)) - Cannot locate configuration: tried hadoop-metrics2-storagecontainermanager.properties,hadoop-metrics2.properties
2019-07-12 13:06:23,600 INFO  impl.MetricsSystemImpl (MetricsSystemImpl.java:startTimer(374)) - Scheduled Metric snapshot period at 10 second(s).
2019-07-12 13:06:23,601 INFO  impl.MetricsSystemImpl (MetricsSystemImpl.java:start(191)) - StorageContainerManager metrics system started
2019-07-12 13:06:23,816 INFO  server.SCMClientProtocolServer (SCMClientProtocolServer.java:start(149)) - RPC server for Client  is listening at /0.0.0.0:34816
2019-07-12 13:06:23,816 INFO  ipc.Server (Server.java:run(1314)) - IPC Server Responder: starting
2019-07-12 13:06:23,816 INFO  ipc.Server (Server.java:run(1153)) - IPC Server listener on 34816: starting
2019-07-12 13:06:23,819 INFO  server.StorageContainerManager (StorageContainerManager.java:start(768)) - ScmBlockLocationProtocol RPC server is listening at /0.0.0.0:38155
2019-07-12 13:06:23,820 INFO  server.SCMBlockProtocolServer (SCMBlockProtocolServer.java:start(140)) - RPC server for Block Protocol is listening at /0.0.0.0:38155
2019-07-12 13:06:23,820 INFO  ipc.Server (Server.java:run(1314)) - IPC Server Responder: starting
2019-07-12 13:06:23,820 INFO  ipc.Server (Server.java:run(1153)) - IPC Server listener on 38155: starting
2019-07-12 13:06:23,832 INFO  server.StorageContainerManager (StorageContainerManager.java:start(772)) - ScmDatanodeProtocl RPC server is listening at /0.0.0.0:33629
2019-07-12 13:06:23,832 INFO  server.SCMDatanodeProtocolServer (SCMDatanodeProtocolServer.java:start(191)) - RPC server for DataNodes is listening at /0.0.0.0:33629
2019-07-12 13:06:23,833 INFO  ipc.Server (Server.java:run(1314)) - IPC Server Responder: starting
2019-07-12 13:06:23,834 INFO  ipc.Server (Server.java:run(1153)) - IPC Server listener on 33629: starting
2019-07-12 13:06:23,846 INFO  http.HttpServer2 (HttpServer2.java:bindListener(1191)) - Jetty bound to port 41808
2019-07-12 13:06:23,848 INFO  server.Server (Server.java:doStart(351)) - jetty-9.3.24.v20180605, build timestamp: 2018-06-05T17:11:56Z, git hash: 84205aa28f11a4f31f2a3b86d1bba2cc8ab69827
2019-07-12 13:06:23,887 INFO  handler.ContextHandler (ContextHandler.java:doStart(781)) - Started o.e.j.s.ServletContextHandler@6bbe2511{/logs,file:///tmp/workdir/hadoop-ozone/integration-test/target/log,AVAILABLE}
2019-07-12 13:06:23,887 INFO  handler.ContextHandler (ContextHandler.java:doStart(781)) - Started o.e.j.s.ServletContextHandler@76012793{/static,file:///tmp/workdir/hadoop-ozone/integration-test/target/test-classes/webapps/static,AVAILABLE}
2019-07-12 13:06:23,919 INFO  handler.ContextHandler (ContextHandler.java:doStart(781)) - Started o.e.j.w.WebAppContext@6a1d204a{/,file:///tmp/workdir/hadoop-ozone/integration-test/target/test-classes/webapps/scm/,AVAILABLE}{/scm}
2019-07-12 13:06:23,924 INFO  server.AbstractConnector (AbstractConnector.java:doStart(278)) - Started ServerConnector@9d157ff{HTTP/1.1,[http/1.1]}{0.0.0.0:41808}
2019-07-12 13:06:23,925 INFO  server.Server (Server.java:doStart(419)) - Started @2853ms
2019-07-12 13:06:23,928 INFO  server.BaseHttpServer (BaseHttpServer.java:updateConnectorAddress(207)) - HTTP server of SCM is listening at http://0.0.0.0:41808
2019-07-12 13:06:23,939 INFO  util.JvmPauseMonitor (JvmPauseMonitor.java:run(188)) - Starting JVM pause monitor
2019-07-12 13:06:23,944 WARN  server.ServerUtils (ServerUtils.java:getDBPath(222)) - ozone.om.db.dirs is not configured. We recommend adding this setting. Falling back to ozone.metadata.dirs instead.
2019-07-12 13:06:24,078 WARN  server.ServerUtils (ServerUtils.java:getDBPath(222)) - ozone.om.db.dirs is not configured. We recommend adding this setting. Falling back to ozone.metadata.dirs instead.
2019-07-12 13:06:24,079 INFO  om.OzoneManager (OzoneManager.java:setOMNodeDetails(630)) - OM Service ID is not set. Setting it to the default ID: omServiceIdDefault
2019-07-12 13:06:24,079 INFO  om.OzoneManager (OzoneManager.java:setOMNodeDetails(636)) - OM Node ID is not set. Setting it to the OmStorage's OmID: d5bcee6a-7aa7-44ad-9cfc-a5ad9b4f5646
2019-07-12 13:06:24,080 INFO  om.OzoneManager (OzoneManager.java:loadOMHAConfigs(587)) - Found matching OM address with OMServiceId: null, OMNodeId: null, RPC Address: localhost:0 and Ratis port: 9872
2019-07-12 13:06:24,347 WARN  server.ServerUtils (ServerUtils.java:getDBPath(222)) - ozone.om.db.dirs is not configured. We recommend adding this setting. Falling back to ozone.metadata.dirs instead.
2019-07-12 13:06:24,358 INFO  db.DBStoreBuilder (DBStoreBuilder.java:addTable(110)) - using custom profile for table: userTable
2019-07-12 13:06:24,359 INFO  db.DBStoreBuilder (DBStoreBuilder.java:processTables(161)) - Using default column profile:DBProfile.DISK for Table:userTable
2019-07-12 13:06:24,359 INFO  db.DBStoreBuilder (DBStoreBuilder.java:addTable(110)) - using custom profile for table: volumeTable
2019-07-12 13:06:24,360 INFO  db.DBStoreBuilder (DBStoreBuilder.java:processTables(161)) - Using default column profile:DBProfile.DISK for Table:volumeTable
2019-07-12 13:06:24,360 INFO  db.DBStoreBuilder (DBStoreBuilder.java:addTable(110)) - using custom profile for table: bucketTable
2019-07-12 13:06:24,360 INFO  db.DBStoreBuilder (DBStoreBuilder.java:processTables(161)) - Using default column profile:DBProfile.DISK for Table:bucketTable
2019-07-12 13:06:24,361 INFO  db.DBStoreBuilder (DBStoreBuilder.java:addTable(110)) - using custom profile for table: keyTable
2019-07-12 13:06:24,361 INFO  db.DBStoreBuilder (DBStoreBuilder.java:processTables(161)) - Using default column profile:DBProfile.DISK for Table:keyTable
2019-07-12 13:06:24,362 INFO  db.DBStoreBuilder (DBStoreBuilder.java:addTable(110)) - using custom profile for table: deletedTable
2019-07-12 13:06:24,362 INFO  db.DBStoreBuilder (DBStoreBuilder.java:processTables(161)) - Using default column profile:DBProfile.DISK for Table:deletedTable
2019-07-12 13:06:24,362 INFO  db.DBStoreBuilder (DBStoreBuilder.java:addTable(110)) - using custom profile for table: openKeyTable
2019-07-12 13:06:24,363 INFO  db.DBStoreBuilder (DBStoreBuilder.java:processTables(161)) - Using default column profile:DBProfile.DISK for Table:openKeyTable
2019-07-12 13:06:24,363 INFO  db.DBStoreBuilder (DBStoreBuilder.java:addTable(110)) - using custom profile for table: s3Table
2019-07-12 13:06:24,363 INFO  db.DBStoreBuilder (DBStoreBuilder.java:processTables(161)) - Using default column profile:DBProfile.DISK for Table:s3Table
2019-07-12 13:06:24,364 INFO  db.DBStoreBuilder (DBStoreBuilder.java:addTable(110)) - using custom profile for table: multipartInfoTable
2019-07-12 13:06:24,364 INFO  db.DBStoreBuilder (DBStoreBuilder.java:processTables(161)) - Using default column profile:DBProfile.DISK for Table:multipartInfoTable
2019-07-12 13:06:24,365 INFO  db.DBStoreBuilder (DBStoreBuilder.java:addTable(110)) - using custom profile for table: dTokenTable
2019-07-12 13:06:24,365 INFO  db.DBStoreBuilder (DBStoreBuilder.java:processTables(161)) - Using default column profile:DBProfile.DISK for Table:dTokenTable
2019-07-12 13:06:24,365 INFO  db.DBStoreBuilder (DBStoreBuilder.java:addTable(110)) - using custom profile for table: s3SecretTable
2019-07-12 13:06:24,366 INFO  db.DBStoreBuilder (DBStoreBuilder.java:processTables(161)) - Using default column profile:DBProfile.DISK for Table:s3SecretTable
2019-07-12 13:06:24,366 INFO  db.DBStoreBuilder (DBStoreBuilder.java:addTable(110)) - using custom profile for table: prefixTable
2019-07-12 13:06:24,366 INFO  db.DBStoreBuilder (DBStoreBuilder.java:processTables(161)) - Using default column profile:DBProfile.DISK for Table:prefixTable
2019-07-12 13:06:24,367 INFO  db.DBStoreBuilder (DBStoreBuilder.java:addTable(110)) - using custom profile for table: default
2019-07-12 13:06:24,367 INFO  db.DBStoreBuilder (DBStoreBuilder.java:processTables(167)) - Using default column profile:DBProfile.DISK for Table:default
2019-07-12 13:06:24,367 INFO  db.DBStoreBuilder (DBStoreBuilder.java:getDbProfile(198)) - Using default options. DBProfile.DISK
2019-07-12 13:06:25,200 INFO  ipc.CallQueueManager (CallQueueManager.java:<init>(84)) - Using callQueue: class java.util.concurrent.LinkedBlockingQueue, queueCapacity: 2000, scheduler: class org.apache.hadoop.ipc.DefaultRpcScheduler, ipcBackoff: false.
2019-07-12 13:06:25,202 INFO  ipc.Server (Server.java:run(1074)) - Starting Socket Reader #1 for port 44093
2019-07-12 13:06:25,231 WARN  server.ServerUtils (ServerUtils.java:getDBPath(222)) - ozone.om.db.dirs is not configured. We recommend adding this setting. Falling back to ozone.metadata.dirs instead.
2019-07-12 13:06:25,232 INFO  om.OzoneManager (OzoneManager.java:start(1228)) - OzoneManager RPC server is listening at localhost/127.0.0.1:44093
2019-07-12 13:06:25,232 INFO  impl.MetricsSystemImpl (MetricsSystemImpl.java:init(158)) - OzoneManager metrics system started (again)
2019-07-12 13:06:25,234 INFO  ipc.Server (Server.java:run(1314)) - IPC Server Responder: starting
2019-07-12 13:06:25,234 INFO  ipc.Server (Server.java:run(1153)) - IPC Server listener on 44093: starting
2019-07-12 13:06:25,320 INFO  hdfs.DFSUtil (DFSUtil.java:httpServerTemplateForNNAndJN(1641)) - Starting Web-server for ozoneManager at: http://0.0.0.0:0
2019-07-12 13:06:25,323 INFO  server.AuthenticationFilter (AuthenticationFilter.java:constructSecretProvider(240)) - Unable to initialize FileSignerSecretProvider, falling back to use random secrets.
2019-07-12 13:06:25,324 WARN  http.HttpRequestLog (HttpRequestLog.java:getRequestLog(97)) - Jetty request log can only be enabled using Log4j
2019-07-12 13:06:25,327 INFO  http.HttpServer2 (HttpServer2.java:addGlobalFilter(975)) - Added global filter 'safety' (class=org.apache.hadoop.http.HttpServer2$QuotingInputFilter)
2019-07-12 13:06:25,329 INFO  http.HttpServer2 (HttpServer2.java:addFilter(948)) - Added filter static_user_filter (class=org.apache.hadoop.http.lib.StaticUserWebFilter$StaticUserFilter) to context ozoneManager
2019-07-12 13:06:25,329 INFO  http.HttpServer2 (HttpServer2.java:addFilter(958)) - Added filter static_user_filter (class=org.apache.hadoop.http.lib.StaticUserWebFilter$StaticUserFilter) to context logs
2019-07-12 13:06:25,330 INFO  http.HttpServer2 (HttpServer2.java:addFilter(958)) - Added filter static_user_filter (class=org.apache.hadoop.http.lib.StaticUserWebFilter$StaticUserFilter) to context static
2019-07-12 13:06:25,333 INFO  http.HttpServer2 (HttpServer2.java:bindListener(1191)) - Jetty bound to port 42413
2019-07-12 13:06:25,333 INFO  server.Server (Server.java:doStart(351)) - jetty-9.3.24.v20180605, build timestamp: 2018-06-05T17:11:56Z, git hash: 84205aa28f11a4f31f2a3b86d1bba2cc8ab69827
2019-07-12 13:06:25,337 INFO  handler.ContextHandler (ContextHandler.java:doStart(781)) - Started o.e.j.s.ServletContextHandler@3e134896{/logs,file:///tmp/workdir/hadoop-ozone/integration-test/target/log,AVAILABLE}
2019-07-12 13:06:25,338 INFO  handler.ContextHandler (ContextHandler.java:doStart(781)) - Started o.e.j.s.ServletContextHandler@2e3a5237{/static,file:///tmp/workdir/hadoop-ozone/integration-test/target/test-classes/webapps/static,AVAILABLE}
2019-07-12 13:06:25,346 INFO  handler.ContextHandler (ContextHandler.java:doStart(781)) - Started o.e.j.w.WebAppContext@5b78fdb1{/,file:///tmp/workdir/hadoop-ozone/integration-test/target/test-classes/webapps/ozoneManager/,AVAILABLE}{/ozoneManager}
2019-07-12 13:06:25,347 INFO  server.AbstractConnector (AbstractConnector.java:doStart(278)) - Started ServerConnector@48bfb884{HTTP/1.1,[http/1.1]}{0.0.0.0:42413}
2019-07-12 13:06:25,347 INFO  server.Server (Server.java:doStart(419)) - Started @4276ms
2019-07-12 13:06:25,349 INFO  server.BaseHttpServer (BaseHttpServer.java:updateConnectorAddress(207)) - HTTP server of OZONEMANAGER is listening at http://0.0.0.0:42413
2019-07-12 13:06:25,688 INFO  impl.MetricsSystemImpl (MetricsSystemImpl.java:init(158)) - HddsDatanode metrics system started (again)
2019-07-12 13:06:25,781 INFO  ozone.HddsDatanodeService (HddsDatanodeService.java:start(185)) - HddsDatanodeService host:pr-hdds-17356bwxm-3764869708 ip:192.168.157.212
2019-07-12 13:06:25,822 INFO  volume.HddsVolume (HddsVolume.java:<init>(176)) - Creating Volume: /tmp/workdir/hadoop-ozone/integration-test/target/test-dir/MiniOzoneClusterImpl-b7adce73-001b-448b-8b3e-b87d80415a10/datanode-0/data/containers/hdds of  storage type : DISK and capacity : 52710309888
2019-07-12 13:06:25,824 INFO  volume.VolumeSet (VolumeSet.java:initializeVolumeSet(170)) - Added Volume : /tmp/workdir/hadoop-ozone/integration-test/target/test-dir/MiniOzoneClusterImpl-b7adce73-001b-448b-8b3e-b87d80415a10/datanode-0/data/containers/hdds to VolumeSet
2019-07-12 13:06:25,829 INFO  volume.ThrottledAsyncChecker (ThrottledAsyncChecker.java:schedule(140)) - Scheduling a check for org.apache.hadoop.ozone.container.common.volume.HddsVolume@1f52eb6f
2019-07-12 13:06:25,848 INFO  volume.HddsVolumeChecker (HddsVolumeChecker.java:checkAllVolumes(203)) - Scheduled health check for volume org.apache.hadoop.ozone.container.common.volume.HddsVolume@1f52eb6f
2019-07-12 13:06:25,974 INFO  impl.RaftServerProxy (ConfUtils.java:logGet(43)) - raft.rpc.type = GRPC (default)
2019-07-12 13:06:26,039 INFO  grpc.GrpcFactory (GrpcFactory.java:checkPooledByteBufAllocatorUseCacheForAllThreads(45)) - PERFORMANCE WARNING: useCacheForAllThreads is true that may cause Netty to create a lot garbage objects and, as a result, trigger GC.
	It is recommended to disable useCacheForAllThreads by setting -Dorg.apache.ratis.thirdparty.io.netty.allocator.useCacheForAllThreads=false in command line.
2019-07-12 13:06:26,044 INFO  grpc.GrpcConfigKeys$Server (ConfUtils.java:logGet(43)) - raft.grpc.server.port = 0 (default)
2019-07-12 13:06:26,045 INFO  server.GrpcService (ConfUtils.java:logGet(43)) - raft.grpc.message.size.max = 33570816 (custom)
2019-07-12 13:06:26,047 INFO  server.RaftServerConfigKeys (ConfUtils.java:logGet(43)) - raft.server.log.appender.buffer.byte-limit = 33554432 (custom)
2019-07-12 13:06:26,048 INFO  server.GrpcService (ConfUtils.java:logGet(43)) - raft.grpc.flow.control.window = 1MB (=1048576) (default)
2019-07-12 13:06:26,049 INFO  server.RaftServerConfigKeys (ConfUtils.java:logGet(43)) - raft.server.rpc.request.timeout = 3000ms (default)
2019-07-12 13:06:26,228 INFO  server.RaftServerConfigKeys (ConfUtils.java:logGet(43)) - raft.server.storage.dir = [/tmp/workdir/hadoop-ozone/integration-test/target/test-dir/MiniOzoneClusterImpl-b7adce73-001b-448b-8b3e-b87d80415a10/datanode-0/data/ratis] (custom)
2019-07-12 13:06:26,264 INFO  replication.SimpleContainerDownloader (SimpleContainerDownloader.java:<init>(72)) - Starting container downloader service to copy containers to replicate.
2019-07-12 13:06:26,371 INFO  hdfs.DFSUtil (DFSUtil.java:httpServerTemplateForNNAndJN(1641)) - Starting Web-server for hddsDatanode at: http://0.0.0.0:0
2019-07-12 13:06:26,374 INFO  server.AuthenticationFilter (AuthenticationFilter.java:constructSecretProvider(240)) - Unable to initialize FileSignerSecretProvider, falling back to use random secrets.
2019-07-12 13:06:26,375 WARN  http.HttpRequestLog (HttpRequestLog.java:getRequestLog(97)) - Jetty request log can only be enabled using Log4j
2019-07-12 13:06:26,378 INFO  http.HttpServer2 (HttpServer2.java:addGlobalFilter(975)) - Added global filter 'safety' (class=org.apache.hadoop.http.HttpServer2$QuotingInputFilter)
2019-07-12 13:06:26,379 INFO  http.HttpServer2 (HttpServer2.java:addFilter(948)) - Added filter static_user_filter (class=org.apache.hadoop.http.lib.StaticUserWebFilter$StaticUserFilter) to context hddsDatanode
2019-07-12 13:06:26,380 INFO  http.HttpServer2 (HttpServer2.java:addFilter(958)) - Added filter static_user_filter (class=org.apache.hadoop.http.lib.StaticUserWebFilter$StaticUserFilter) to context static
2019-07-12 13:06:26,384 INFO  http.HttpServer2 (HttpServer2.java:addFilter(958)) - Added filter static_user_filter (class=org.apache.hadoop.http.lib.StaticUserWebFilter$StaticUserFilter) to context logs
2019-07-12 13:06:26,388 INFO  http.HttpServer2 (HttpServer2.java:bindListener(1191)) - Jetty bound to port 42020
2019-07-12 13:06:26,388 INFO  server.Server (Server.java:doStart(351)) - jetty-9.3.24.v20180605, build timestamp: 2018-06-05T17:11:56Z, git hash: 84205aa28f11a4f31f2a3b86d1bba2cc8ab69827
2019-07-12 13:06:26,393 INFO  handler.ContextHandler (ContextHandler.java:doStart(781)) - Started o.e.j.s.ServletContextHandler@761956ac{/logs,file:///tmp/workdir/hadoop-ozone/integration-test/target/log,AVAILABLE}
2019-07-12 13:06:26,394 INFO  handler.ContextHandler (ContextHandler.java:doStart(781)) - Started o.e.j.s.ServletContextHandler@304d0259{/static,jar:file:/home/user/.m2/repository/org/apache/hadoop/hadoop-hdds-container-service/0.5.0-SNAPSHOT/hadoop-hdds-container-service-0.5.0-SNAPSHOT.jar!/webapps/static,AVAILABLE}
2019-07-12 13:06:26,452 INFO  handler.ContextHandler (ContextHandler.java:doStart(781)) - Started o.e.j.w.WebAppContext@124ac145{/,file:///tmp/jetty-0.0.0.0-42020-hddsDatanode-_-any-4079561789219883131.dir/webapp/,AVAILABLE}{/hddsDatanode}
2019-07-12 13:06:26,453 INFO  server.AbstractConnector (AbstractConnector.java:doStart(278)) - Started ServerConnector@2def7a7a{HTTP/1.1,[http/1.1]}{0.0.0.0:42020}
2019-07-12 13:06:26,458 INFO  server.Server (Server.java:doStart(419)) - Started @5386ms
2019-07-12 13:06:26,459 INFO  server.BaseHttpServer (BaseHttpServer.java:updateConnectorAddress(207)) - HTTP server of HDDSDATANODE is listening at http://0.0.0.0:42020
2019-07-12 13:06:27,665 INFO  ozone.HddsDatanodeService (HddsDatanodeService.java:startPlugins(396)) - Started plug-in org.apache.hadoop.ozone.web.OzoneHddsDatanodeService@69f2cb04
2019-07-12 13:06:27,667 INFO  impl.MetricsSystemImpl (MetricsSystemImpl.java:init(158)) - HddsDatanode metrics system started (again)
2019-07-12 13:06:27,669 INFO  ozone.HddsDatanodeService (HddsDatanodeService.java:start(185)) - HddsDatanodeService host:pr-hdds-17356bwxm-3764869708 ip:192.168.157.212
2019-07-12 13:06:27,675 INFO  util.JvmPauseMonitor (JvmPauseMonitor.java:run(188)) - Starting JVM pause monitor
2019-07-12 13:06:27,680 INFO  volume.HddsVolume (HddsVolume.java:<init>(176)) - Creating Volume: /tmp/workdir/hadoop-ozone/integration-test/target/test-dir/MiniOzoneClusterImpl-b7adce73-001b-448b-8b3e-b87d80415a10/datanode-1/data/containers/hdds of  storage type : DISK and capacity : 52710309888
2019-07-12 13:06:27,681 INFO  volume.VolumeSet (VolumeSet.java:initializeVolumeSet(170)) - Added Volume : /tmp/workdir/hadoop-ozone/integration-test/target/test-dir/MiniOzoneClusterImpl-b7adce73-001b-448b-8b3e-b87d80415a10/datanode-1/data/containers/hdds to VolumeSet
2019-07-12 13:06:27,681 INFO  volume.ThrottledAsyncChecker (ThrottledAsyncChecker.java:schedule(140)) - Scheduling a check for org.apache.hadoop.ozone.container.common.volume.HddsVolume@656a3d6b
2019-07-12 13:06:27,683 INFO  volume.HddsVolumeChecker (HddsVolumeChecker.java:checkAllVolumes(203)) - Scheduled health check for volume org.apache.hadoop.ozone.container.common.volume.HddsVolume@656a3d6b
2019-07-12 13:06:27,706 INFO  impl.RaftServerProxy (ConfUtils.java:logGet(43)) - raft.rpc.type = GRPC (default)
2019-07-12 13:06:27,707 INFO  grpc.GrpcFactory (GrpcFactory.java:checkPooledByteBufAllocatorUseCacheForAllThreads(45)) - PERFORMANCE WARNING: useCacheForAllThreads is true that may cause Netty to create a lot garbage objects and, as a result, trigger GC.
	It is recommended to disable useCacheForAllThreads by setting -Dorg.apache.ratis.thirdparty.io.netty.allocator.useCacheForAllThreads=false in command line.
2019-07-12 13:06:27,707 INFO  grpc.GrpcConfigKeys$Server (ConfUtils.java:logGet(43)) - raft.grpc.server.port = 0 (default)
2019-07-12 13:06:27,707 INFO  server.GrpcService (ConfUtils.java:logGet(43)) - raft.grpc.message.size.max = 33570816 (custom)
2019-07-12 13:06:27,708 INFO  server.RaftServerConfigKeys (ConfUtils.java:logGet(43)) - raft.server.log.appender.buffer.byte-limit = 33554432 (custom)
2019-07-12 13:06:27,708 INFO  server.GrpcService (ConfUtils.java:logGet(43)) - raft.grpc.flow.control.window = 1MB (=1048576) (default)
2019-07-12 13:06:27,708 INFO  server.RaftServerConfigKeys (ConfUtils.java:logGet(43)) - raft.server.rpc.request.timeout = 3000ms (default)
2019-07-12 13:06:27,710 INFO  server.RaftServerConfigKeys (ConfUtils.java:logGet(43)) - raft.server.storage.dir = [/tmp/workdir/hadoop-ozone/integration-test/target/test-dir/MiniOzoneClusterImpl-b7adce73-001b-448b-8b3e-b87d80415a10/datanode-1/data/ratis] (custom)
2019-07-12 13:06:27,711 INFO  replication.SimpleContainerDownloader (SimpleContainerDownloader.java:<init>(72)) - Starting container downloader service to copy containers to replicate.
2019-07-12 13:06:27,808 INFO  datanode.InitDatanodeState (InitDatanodeState.java:persistContainerDatanodeDetails(140)) - DatanodeDetails is persisted to /tmp/workdir/hadoop-ozone/integration-test/target/test-dir/MiniOzoneClusterImpl-b7adce73-001b-448b-8b3e-b87d80415a10/datanode-0/meta/datanode.id
2019-07-12 13:06:27,809 INFO  hdfs.DFSUtil (DFSUtil.java:httpServerTemplateForNNAndJN(1641)) - Starting Web-server for hddsDatanode at: http://0.0.0.0:0
2019-07-12 13:06:27,813 INFO  server.AuthenticationFilter (AuthenticationFilter.java:constructSecretProvider(240)) - Unable to initialize FileSignerSecretProvider, falling back to use random secrets.
2019-07-12 13:06:27,814 WARN  http.HttpRequestLog (HttpRequestLog.java:getRequestLog(97)) - Jetty request log can only be enabled using Log4j
2019-07-12 13:06:27,817 INFO  http.HttpServer2 (HttpServer2.java:addGlobalFilter(975)) - Added global filter 'safety' (class=org.apache.hadoop.http.HttpServer2$QuotingInputFilter)
2019-07-12 13:06:27,818 INFO  http.HttpServer2 (HttpServer2.java:addFilter(948)) - Added filter static_user_filter (class=org.apache.hadoop.http.lib.StaticUserWebFilter$StaticUserFilter) to context hddsDatanode
2019-07-12 13:06:27,818 INFO  http.HttpServer2 (HttpServer2.java:addFilter(958)) - Added filter static_user_filter (class=org.apache.hadoop.http.lib.StaticUserWebFilter$StaticUserFilter) to context static
2019-07-12 13:06:27,818 INFO  http.HttpServer2 (HttpServer2.java:addFilter(958)) - Added filter static_user_filter (class=org.apache.hadoop.http.lib.StaticUserWebFilter$StaticUserFilter) to context logs
2019-07-12 13:06:27,819 INFO  http.HttpServer2 (HttpServer2.java:bindListener(1191)) - Jetty bound to port 43344
2019-07-12 13:06:27,820 INFO  server.Server (Server.java:doStart(351)) - jetty-9.3.24.v20180605, build timestamp: 2018-06-05T17:11:56Z, git hash: 84205aa28f11a4f31f2a3b86d1bba2cc8ab69827
2019-07-12 13:06:27,824 INFO  handler.ContextHandler (ContextHandler.java:doStart(781)) - Started o.e.j.s.ServletContextHandler@733fb462{/logs,file:///tmp/workdir/hadoop-ozone/integration-test/target/log,AVAILABLE}
2019-07-12 13:06:27,825 INFO  handler.ContextHandler (ContextHandler.java:doStart(781)) - Started o.e.j.s.ServletContextHandler@359066bc{/static,jar:file:/home/user/.m2/repository/org/apache/hadoop/hadoop-hdds-container-service/0.5.0-SNAPSHOT/hadoop-hdds-container-service-0.5.0-SNAPSHOT.jar!/webapps/static,AVAILABLE}
2019-07-12 13:06:27,869 INFO  handler.ContextHandler (ContextHandler.java:doStart(781)) - Started o.e.j.w.WebAppContext@2a8b33ba{/,file:///tmp/jetty-0.0.0.0-43344-hddsDatanode-_-any-3914283112018853770.dir/webapp/,AVAILABLE}{/hddsDatanode}
2019-07-12 13:06:27,870 INFO  server.AbstractConnector (AbstractConnector.java:doStart(278)) - Started ServerConnector@4e8b357d{HTTP/1.1,[http/1.1]}{0.0.0.0:43344}
2019-07-12 13:06:27,871 INFO  server.Server (Server.java:doStart(419)) - Started @6799ms
2019-07-12 13:06:27,875 INFO  server.BaseHttpServer (BaseHttpServer.java:updateConnectorAddress(207)) - HTTP server of HDDSDATANODE is listening at http://0.0.0.0:43344
2019-07-12 13:06:28,019 INFO  ozone.HddsDatanodeService (HddsDatanodeService.java:startPlugins(396)) - Started plug-in org.apache.hadoop.ozone.web.OzoneHddsDatanodeService@6097fca9
2019-07-12 13:06:28,020 INFO  impl.MetricsSystemImpl (MetricsSystemImpl.java:init(158)) - HddsDatanode metrics system started (again)
2019-07-12 13:06:28,021 INFO  ozone.HddsDatanodeService (HddsDatanodeService.java:start(185)) - HddsDatanodeService host:pr-hdds-17356bwxm-3764869708 ip:192.168.157.212
2019-07-12 13:06:28,023 INFO  util.JvmPauseMonitor (JvmPauseMonitor.java:run(188)) - Starting JVM pause monitor
2019-07-12 13:06:28,031 INFO  volume.HddsVolume (HddsVolume.java:<init>(176)) - Creating Volume: /tmp/workdir/hadoop-ozone/integration-test/target/test-dir/MiniOzoneClusterImpl-b7adce73-001b-448b-8b3e-b87d80415a10/datanode-2/data/containers/hdds of  storage type : DISK and capacity : 52710309888
2019-07-12 13:06:28,032 INFO  volume.VolumeSet (VolumeSet.java:initializeVolumeSet(170)) - Added Volume : /tmp/workdir/hadoop-ozone/integration-test/target/test-dir/MiniOzoneClusterImpl-b7adce73-001b-448b-8b3e-b87d80415a10/datanode-2/data/containers/hdds to VolumeSet
2019-07-12 13:06:28,032 INFO  volume.ThrottledAsyncChecker (ThrottledAsyncChecker.java:schedule(140)) - Scheduling a check for org.apache.hadoop.ozone.container.common.volume.HddsVolume@6371cf2f
2019-07-12 13:06:28,032 INFO  volume.HddsVolumeChecker (HddsVolumeChecker.java:checkAllVolumes(203)) - Scheduled health check for volume org.apache.hadoop.ozone.container.common.volume.HddsVolume@6371cf2f
2019-07-12 13:06:28,034 INFO  datanode.InitDatanodeState (InitDatanodeState.java:persistContainerDatanodeDetails(140)) - DatanodeDetails is persisted to /tmp/workdir/hadoop-ozone/integration-test/target/test-dir/MiniOzoneClusterImpl-b7adce73-001b-448b-8b3e-b87d80415a10/datanode-1/meta/datanode.id
2019-07-12 13:06:28,049 INFO  impl.RaftServerProxy (ConfUtils.java:logGet(43)) - raft.rpc.type = GRPC (default)
2019-07-12 13:06:28,049 INFO  grpc.GrpcFactory (GrpcFactory.java:checkPooledByteBufAllocatorUseCacheForAllThreads(45)) - PERFORMANCE WARNING: useCacheForAllThreads is true that may cause Netty to create a lot garbage objects and, as a result, trigger GC.
	It is recommended to disable useCacheForAllThreads by setting -Dorg.apache.ratis.thirdparty.io.netty.allocator.useCacheForAllThreads=false in command line.
2019-07-12 13:06:28,050 INFO  grpc.GrpcConfigKeys$Server (ConfUtils.java:logGet(43)) - raft.grpc.server.port = 0 (default)
2019-07-12 13:06:28,050 INFO  server.GrpcService (ConfUtils.java:logGet(43)) - raft.grpc.message.size.max = 33570816 (custom)
2019-07-12 13:06:28,050 INFO  server.RaftServerConfigKeys (ConfUtils.java:logGet(43)) - raft.server.log.appender.buffer.byte-limit = 33554432 (custom)
2019-07-12 13:06:28,050 INFO  server.GrpcService (ConfUtils.java:logGet(43)) - raft.grpc.flow.control.window = 1MB (=1048576) (default)
2019-07-12 13:06:28,051 INFO  server.RaftServerConfigKeys (ConfUtils.java:logGet(43)) - raft.server.rpc.request.timeout = 3000ms (default)
2019-07-12 13:06:28,051 INFO  server.RaftServerConfigKeys (ConfUtils.java:logGet(43)) - raft.server.storage.dir = [/tmp/workdir/hadoop-ozone/integration-test/target/test-dir/MiniOzoneClusterImpl-b7adce73-001b-448b-8b3e-b87d80415a10/datanode-2/data/ratis] (custom)
2019-07-12 13:06:28,052 INFO  replication.SimpleContainerDownloader (SimpleContainerDownloader.java:<init>(72)) - Starting container downloader service to copy containers to replicate.
2019-07-12 13:06:28,053 INFO  hdfs.DFSUtil (DFSUtil.java:httpServerTemplateForNNAndJN(1641)) - Starting Web-server for hddsDatanode at: http://0.0.0.0:0
2019-07-12 13:06:28,055 INFO  server.AuthenticationFilter (AuthenticationFilter.java:constructSecretProvider(240)) - Unable to initialize FileSignerSecretProvider, falling back to use random secrets.
2019-07-12 13:06:28,055 WARN  http.HttpRequestLog (HttpRequestLog.java:getRequestLog(97)) - Jetty request log can only be enabled using Log4j
2019-07-12 13:06:28,056 INFO  http.HttpServer2 (HttpServer2.java:addGlobalFilter(975)) - Added global filter 'safety' (class=org.apache.hadoop.http.HttpServer2$QuotingInputFilter)
2019-07-12 13:06:28,057 INFO  http.HttpServer2 (HttpServer2.java:addFilter(948)) - Added filter static_user_filter (class=org.apache.hadoop.http.lib.StaticUserWebFilter$StaticUserFilter) to context hddsDatanode
2019-07-12 13:06:28,057 INFO  http.HttpServer2 (HttpServer2.java:addFilter(958)) - Added filter static_user_filter (class=org.apache.hadoop.http.lib.StaticUserWebFilter$StaticUserFilter) to context logs
2019-07-12 13:06:28,057 INFO  http.HttpServer2 (HttpServer2.java:addFilter(958)) - Added filter static_user_filter (class=org.apache.hadoop.http.lib.StaticUserWebFilter$StaticUserFilter) to context static
2019-07-12 13:06:28,058 INFO  http.HttpServer2 (HttpServer2.java:bindListener(1191)) - Jetty bound to port 39868
2019-07-12 13:06:28,058 INFO  server.Server (Server.java:doStart(351)) - jetty-9.3.24.v20180605, build timestamp: 2018-06-05T17:11:56Z, git hash: 84205aa28f11a4f31f2a3b86d1bba2cc8ab69827
2019-07-12 13:06:28,060 INFO  handler.ContextHandler (ContextHandler.java:doStart(781)) - Started o.e.j.s.ServletContextHandler@3b97907c{/logs,file:///tmp/workdir/hadoop-ozone/integration-test/target/log,AVAILABLE}
2019-07-12 13:06:28,061 INFO  handler.ContextHandler (ContextHandler.java:doStart(781)) - Started o.e.j.s.ServletContextHandler@631c6d11{/static,jar:file:/home/user/.m2/repository/org/apache/hadoop/hadoop-hdds-container-service/0.5.0-SNAPSHOT/hadoop-hdds-container-service-0.5.0-SNAPSHOT.jar!/webapps/static,AVAILABLE}
2019-07-12 13:06:28,088 INFO  handler.ContextHandler (ContextHandler.java:doStart(781)) - Started o.e.j.w.WebAppContext@61608e1a{/,file:///tmp/jetty-0.0.0.0-39868-hddsDatanode-_-any-249937720343554781.dir/webapp/,AVAILABLE}{/hddsDatanode}
2019-07-12 13:06:28,089 INFO  server.AbstractConnector (AbstractConnector.java:doStart(278)) - Started ServerConnector@7c46c9c3{HTTP/1.1,[http/1.1]}{0.0.0.0:39868}
2019-07-12 13:06:28,090 INFO  server.Server (Server.java:doStart(419)) - Started @7018ms
2019-07-12 13:06:28,092 INFO  server.BaseHttpServer (BaseHttpServer.java:updateConnectorAddress(207)) - HTTP server of HDDSDATANODE is listening at http://0.0.0.0:39868
2019-07-12 13:06:28,223 INFO  ozone.HddsDatanodeService (HddsDatanodeService.java:startPlugins(396)) - Started plug-in org.apache.hadoop.ozone.web.OzoneHddsDatanodeService@4026461d
2019-07-12 13:06:28,224 INFO  impl.MetricsSystemImpl (MetricsSystemImpl.java:init(158)) - HddsDatanode metrics system started (again)
2019-07-12 13:06:28,225 INFO  ozone.HddsDatanodeService (HddsDatanodeService.java:start(185)) - HddsDatanodeService host:pr-hdds-17356bwxm-3764869708 ip:192.168.157.212
2019-07-12 13:06:28,227 INFO  util.JvmPauseMonitor (JvmPauseMonitor.java:run(188)) - Starting JVM pause monitor
2019-07-12 13:06:28,230 INFO  datanode.InitDatanodeState (InitDatanodeState.java:persistContainerDatanodeDetails(140)) - DatanodeDetails is persisted to /tmp/workdir/hadoop-ozone/integration-test/target/test-dir/MiniOzoneClusterImpl-b7adce73-001b-448b-8b3e-b87d80415a10/datanode-2/meta/datanode.id
2019-07-12 13:06:28,234 INFO  volume.HddsVolume (HddsVolume.java:<init>(176)) - Creating Volume: /tmp/workdir/hadoop-ozone/integration-test/target/test-dir/MiniOzoneClusterImpl-b7adce73-001b-448b-8b3e-b87d80415a10/datanode-3/data/containers/hdds of  storage type : DISK and capacity : 52710309888
2019-07-12 13:06:28,234 INFO  volume.VolumeSet (VolumeSet.java:initializeVolumeSet(170)) - Added Volume : /tmp/workdir/hadoop-ozone/integration-test/target/test-dir/MiniOzoneClusterImpl-b7adce73-001b-448b-8b3e-b87d80415a10/datanode-3/data/containers/hdds to VolumeSet
2019-07-12 13:06:28,234 INFO  volume.ThrottledAsyncChecker (ThrottledAsyncChecker.java:schedule(140)) - Scheduling a check for org.apache.hadoop.ozone.container.common.volume.HddsVolume@57bd6a8f
2019-07-12 13:06:28,235 INFO  volume.HddsVolumeChecker (HddsVolumeChecker.java:checkAllVolumes(203)) - Scheduled health check for volume org.apache.hadoop.ozone.container.common.volume.HddsVolume@57bd6a8f
2019-07-12 13:06:28,251 INFO  impl.RaftServerProxy (ConfUtils.java:logGet(43)) - raft.rpc.type = GRPC (default)
2019-07-12 13:06:28,251 INFO  grpc.GrpcFactory (GrpcFactory.java:checkPooledByteBufAllocatorUseCacheForAllThreads(45)) - PERFORMANCE WARNING: useCacheForAllThreads is true that may cause Netty to create a lot garbage objects and, as a result, trigger GC.
	It is recommended to disable useCacheForAllThreads by setting -Dorg.apache.ratis.thirdparty.io.netty.allocator.useCacheForAllThreads=false in command line.
2019-07-12 13:06:28,251 INFO  grpc.GrpcConfigKeys$Server (ConfUtils.java:logGet(43)) - raft.grpc.server.port = 0 (default)
2019-07-12 13:06:28,251 INFO  server.GrpcService (ConfUtils.java:logGet(43)) - raft.grpc.message.size.max = 33570816 (custom)
2019-07-12 13:06:28,252 INFO  server.RaftServerConfigKeys (ConfUtils.java:logGet(43)) - raft.server.log.appender.buffer.byte-limit = 33554432 (custom)
2019-07-12 13:06:28,252 INFO  server.GrpcService (ConfUtils.java:logGet(43)) - raft.grpc.flow.control.window = 1MB (=1048576) (default)
2019-07-12 13:06:28,252 INFO  server.RaftServerConfigKeys (ConfUtils.java:logGet(43)) - raft.server.rpc.request.timeout = 3000ms (default)
2019-07-12 13:06:28,253 INFO  server.RaftServerConfigKeys (ConfUtils.java:logGet(43)) - raft.server.storage.dir = [/tmp/workdir/hadoop-ozone/integration-test/target/test-dir/MiniOzoneClusterImpl-b7adce73-001b-448b-8b3e-b87d80415a10/datanode-3/data/ratis] (custom)
2019-07-12 13:06:28,253 INFO  replication.SimpleContainerDownloader (SimpleContainerDownloader.java:<init>(72)) - Starting container downloader service to copy containers to replicate.
2019-07-12 13:06:28,334 INFO  hdfs.DFSUtil (DFSUtil.java:httpServerTemplateForNNAndJN(1641)) - Starting Web-server for hddsDatanode at: http://0.0.0.0:0
2019-07-12 13:06:28,336 INFO  server.AuthenticationFilter (AuthenticationFilter.java:constructSecretProvider(240)) - Unable to initialize FileSignerSecretProvider, falling back to use random secrets.
2019-07-12 13:06:28,337 WARN  http.HttpRequestLog (HttpRequestLog.java:getRequestLog(97)) - Jetty request log can only be enabled using Log4j
2019-07-12 13:06:28,340 INFO  http.HttpServer2 (HttpServer2.java:addGlobalFilter(975)) - Added global filter 'safety' (class=org.apache.hadoop.http.HttpServer2$QuotingInputFilter)
2019-07-12 13:06:28,341 INFO  http.HttpServer2 (HttpServer2.java:addFilter(948)) - Added filter static_user_filter (class=org.apache.hadoop.http.lib.StaticUserWebFilter$StaticUserFilter) to context hddsDatanode
2019-07-12 13:06:28,341 INFO  http.HttpServer2 (HttpServer2.java:addFilter(958)) - Added filter static_user_filter (class=org.apache.hadoop.http.lib.StaticUserWebFilter$StaticUserFilter) to context static
2019-07-12 13:06:28,341 INFO  http.HttpServer2 (HttpServer2.java:addFilter(958)) - Added filter static_user_filter (class=org.apache.hadoop.http.lib.StaticUserWebFilter$StaticUserFilter) to context logs
2019-07-12 13:06:28,342 INFO  http.HttpServer2 (HttpServer2.java:bindListener(1191)) - Jetty bound to port 39230
2019-07-12 13:06:28,343 INFO  server.Server (Server.java:doStart(351)) - jetty-9.3.24.v20180605, build timestamp: 2018-06-05T17:11:56Z, git hash: 84205aa28f11a4f31f2a3b86d1bba2cc8ab69827
2019-07-12 13:06:28,348 INFO  handler.ContextHandler (ContextHandler.java:doStart(781)) - Started o.e.j.s.ServletContextHandler@5f395ce1{/logs,file:///tmp/workdir/hadoop-ozone/integration-test/target/log,AVAILABLE}
2019-07-12 13:06:28,349 INFO  handler.ContextHandler (ContextHandler.java:doStart(781)) - Started o.e.j.s.ServletContextHandler@1e30db85{/static,jar:file:/home/user/.m2/repository/org/apache/hadoop/hadoop-hdds-container-service/0.5.0-SNAPSHOT/hadoop-hdds-container-service-0.5.0-SNAPSHOT.jar!/webapps/static,AVAILABLE}
2019-07-12 13:06:28,391 INFO  handler.ContextHandler (ContextHandler.java:doStart(781)) - Started o.e.j.w.WebAppContext@1e00bfe2{/,file:///tmp/jetty-0.0.0.0-39230-hddsDatanode-_-any-1016807047131509948.dir/webapp/,AVAILABLE}{/hddsDatanode}
2019-07-12 13:06:28,392 INFO  server.AbstractConnector (AbstractConnector.java:doStart(278)) - Started ServerConnector@4702e7a5{HTTP/1.1,[http/1.1]}{0.0.0.0:39230}
2019-07-12 13:06:28,392 INFO  server.Server (Server.java:doStart(419)) - Started @7321ms
2019-07-12 13:06:28,393 INFO  server.BaseHttpServer (BaseHttpServer.java:updateConnectorAddress(207)) - HTTP server of HDDSDATANODE is listening at http://0.0.0.0:39230
2019-07-12 13:06:28,532 INFO  ozone.HddsDatanodeService (HddsDatanodeService.java:startPlugins(396)) - Started plug-in org.apache.hadoop.ozone.web.OzoneHddsDatanodeService@1bd8afc8
2019-07-12 13:06:28,532 INFO  impl.MetricsSystemImpl (MetricsSystemImpl.java:init(158)) - HddsDatanode metrics system started (again)
2019-07-12 13:06:28,533 INFO  ozone.HddsDatanodeService (HddsDatanodeService.java:start(185)) - HddsDatanodeService host:pr-hdds-17356bwxm-3764869708 ip:192.168.157.212
2019-07-12 13:06:28,535 INFO  util.JvmPauseMonitor (JvmPauseMonitor.java:run(188)) - Starting JVM pause monitor
2019-07-12 13:06:28,540 INFO  datanode.InitDatanodeState (InitDatanodeState.java:persistContainerDatanodeDetails(140)) - DatanodeDetails is persisted to /tmp/workdir/hadoop-ozone/integration-test/target/test-dir/MiniOzoneClusterImpl-b7adce73-001b-448b-8b3e-b87d80415a10/datanode-3/meta/datanode.id
2019-07-12 13:06:28,542 INFO  volume.HddsVolume (HddsVolume.java:<init>(176)) - Creating Volume: /tmp/workdir/hadoop-ozone/integration-test/target/test-dir/MiniOzoneClusterImpl-b7adce73-001b-448b-8b3e-b87d80415a10/datanode-4/data/containers/hdds of  storage type : DISK and capacity : 52710309888
2019-07-12 13:06:28,543 INFO  volume.VolumeSet (VolumeSet.java:initializeVolumeSet(170)) - Added Volume : /tmp/workdir/hadoop-ozone/integration-test/target/test-dir/MiniOzoneClusterImpl-b7adce73-001b-448b-8b3e-b87d80415a10/datanode-4/data/containers/hdds to VolumeSet
2019-07-12 13:06:28,543 INFO  volume.ThrottledAsyncChecker (ThrottledAsyncChecker.java:schedule(140)) - Scheduling a check for org.apache.hadoop.ozone.container.common.volume.HddsVolume@77a0dd63
2019-07-12 13:06:28,543 INFO  volume.HddsVolumeChecker (HddsVolumeChecker.java:checkAllVolumes(203)) - Scheduled health check for volume org.apache.hadoop.ozone.container.common.volume.HddsVolume@77a0dd63
2019-07-12 13:06:28,558 INFO  impl.RaftServerProxy (ConfUtils.java:logGet(43)) - raft.rpc.type = GRPC (default)
2019-07-12 13:06:28,558 INFO  grpc.GrpcFactory (GrpcFactory.java:checkPooledByteBufAllocatorUseCacheForAllThreads(45)) - PERFORMANCE WARNING: useCacheForAllThreads is true that may cause Netty to create a lot garbage objects and, as a result, trigger GC.
	It is recommended to disable useCacheForAllThreads by setting -Dorg.apache.ratis.thirdparty.io.netty.allocator.useCacheForAllThreads=false in command line.
2019-07-12 13:06:28,558 INFO  grpc.GrpcConfigKeys$Server (ConfUtils.java:logGet(43)) - raft.grpc.server.port = 0 (default)
2019-07-12 13:06:28,558 INFO  server.GrpcService (ConfUtils.java:logGet(43)) - raft.grpc.message.size.max = 33570816 (custom)
2019-07-12 13:06:28,558 INFO  server.RaftServerConfigKeys (ConfUtils.java:logGet(43)) - raft.server.log.appender.buffer.byte-limit = 33554432 (custom)
2019-07-12 13:06:28,559 INFO  server.GrpcService (ConfUtils.java:logGet(43)) - raft.grpc.flow.control.window = 1MB (=1048576) (default)
2019-07-12 13:06:28,559 INFO  server.RaftServerConfigKeys (ConfUtils.java:logGet(43)) - raft.server.rpc.request.timeout = 3000ms (default)
2019-07-12 13:06:28,559 INFO  server.RaftServerConfigKeys (ConfUtils.java:logGet(43)) - raft.server.storage.dir = [/tmp/workdir/hadoop-ozone/integration-test/target/test-dir/MiniOzoneClusterImpl-b7adce73-001b-448b-8b3e-b87d80415a10/datanode-4/data/ratis] (custom)
2019-07-12 13:06:28,560 INFO  replication.SimpleContainerDownloader (SimpleContainerDownloader.java:<init>(72)) - Starting container downloader service to copy containers to replicate.
2019-07-12 13:06:28,609 INFO  hdfs.DFSUtil (DFSUtil.java:httpServerTemplateForNNAndJN(1641)) - Starting Web-server for hddsDatanode at: http://0.0.0.0:0
2019-07-12 13:06:28,610 INFO  server.AuthenticationFilter (AuthenticationFilter.java:constructSecretProvider(240)) - Unable to initialize FileSignerSecretProvider, falling back to use random secrets.
2019-07-12 13:06:28,611 WARN  http.HttpRequestLog (HttpRequestLog.java:getRequestLog(97)) - Jetty request log can only be enabled using Log4j
2019-07-12 13:06:28,612 INFO  http.HttpServer2 (HttpServer2.java:addGlobalFilter(975)) - Added global filter 'safety' (class=org.apache.hadoop.http.HttpServer2$QuotingInputFilter)
2019-07-12 13:06:28,613 INFO  http.HttpServer2 (HttpServer2.java:addFilter(948)) - Added filter static_user_filter (class=org.apache.hadoop.http.lib.StaticUserWebFilter$StaticUserFilter) to context hddsDatanode
2019-07-12 13:06:28,613 INFO  http.HttpServer2 (HttpServer2.java:addFilter(958)) - Added filter static_user_filter (class=org.apache.hadoop.http.lib.StaticUserWebFilter$StaticUserFilter) to context static
2019-07-12 13:06:28,613 INFO  http.HttpServer2 (HttpServer2.java:addFilter(958)) - Added filter static_user_filter (class=org.apache.hadoop.http.lib.StaticUserWebFilter$StaticUserFilter) to context logs
2019-07-12 13:06:28,614 INFO  http.HttpServer2 (HttpServer2.java:bindListener(1191)) - Jetty bound to port 40812
2019-07-12 13:06:28,614 INFO  server.Server (Server.java:doStart(351)) - jetty-9.3.24.v20180605, build timestamp: 2018-06-05T17:11:56Z, git hash: 84205aa28f11a4f31f2a3b86d1bba2cc8ab69827
2019-07-12 13:06:28,617 INFO  handler.ContextHandler (ContextHandler.java:doStart(781)) - Started o.e.j.s.ServletContextHandler@7aa01bd9{/logs,file:///tmp/workdir/hadoop-ozone/integration-test/target/log,AVAILABLE}
2019-07-12 13:06:28,617 INFO  handler.ContextHandler (ContextHandler.java:doStart(781)) - Started o.e.j.s.ServletContextHandler@615db358{/static,jar:file:/home/user/.m2/repository/org/apache/hadoop/hadoop-hdds-container-service/0.5.0-SNAPSHOT/hadoop-hdds-container-service-0.5.0-SNAPSHOT.jar!/webapps/static,AVAILABLE}
2019-07-12 13:06:28,647 INFO  handler.ContextHandler (ContextHandler.java:doStart(781)) - Started o.e.j.w.WebAppContext@34136bd1{/,file:///tmp/jetty-0.0.0.0-40812-hddsDatanode-_-any-2958531746878706752.dir/webapp/,AVAILABLE}{/hddsDatanode}
2019-07-12 13:06:28,647 INFO  server.AbstractConnector (AbstractConnector.java:doStart(278)) - Started ServerConnector@6de7778f{HTTP/1.1,[http/1.1]}{0.0.0.0:40812}
2019-07-12 13:06:28,648 INFO  server.Server (Server.java:doStart(419)) - Started @7577ms
2019-07-12 13:06:28,680 INFO  server.BaseHttpServer (BaseHttpServer.java:updateConnectorAddress(207)) - HTTP server of HDDSDATANODE is listening at http://0.0.0.0:40812
2019-07-12 13:06:28,826 INFO  ozone.HddsDatanodeService (HddsDatanodeService.java:startPlugins(396)) - Started plug-in org.apache.hadoop.ozone.web.OzoneHddsDatanodeService@5fdd97c1
2019-07-12 13:06:28,826 INFO  impl.MetricsSystemImpl (MetricsSystemImpl.java:init(158)) - HddsDatanode metrics system started (again)
2019-07-12 13:06:28,828 INFO  ozone.HddsDatanodeService (HddsDatanodeService.java:start(185)) - HddsDatanodeService host:pr-hdds-17356bwxm-3764869708 ip:192.168.157.212
2019-07-12 13:06:28,830 INFO  util.JvmPauseMonitor (JvmPauseMonitor.java:run(188)) - Starting JVM pause monitor
2019-07-12 13:06:28,833 INFO  datanode.InitDatanodeState (InitDatanodeState.java:persistContainerDatanodeDetails(140)) - DatanodeDetails is persisted to /tmp/workdir/hadoop-ozone/integration-test/target/test-dir/MiniOzoneClusterImpl-b7adce73-001b-448b-8b3e-b87d80415a10/datanode-4/meta/datanode.id
2019-07-12 13:06:28,837 INFO  volume.HddsVolume (HddsVolume.java:<init>(176)) - Creating Volume: /tmp/workdir/hadoop-ozone/integration-test/target/test-dir/MiniOzoneClusterImpl-b7adce73-001b-448b-8b3e-b87d80415a10/datanode-5/data/containers/hdds of  storage type : DISK and capacity : 52710309888
2019-07-12 13:06:28,837 INFO  volume.VolumeSet (VolumeSet.java:initializeVolumeSet(170)) - Added Volume : /tmp/workdir/hadoop-ozone/integration-test/target/test-dir/MiniOzoneClusterImpl-b7adce73-001b-448b-8b3e-b87d80415a10/datanode-5/data/containers/hdds to VolumeSet
2019-07-12 13:06:28,837 INFO  volume.ThrottledAsyncChecker (ThrottledAsyncChecker.java:schedule(140)) - Scheduling a check for org.apache.hadoop.ozone.container.common.volume.HddsVolume@37d3e140
2019-07-12 13:06:28,838 INFO  volume.HddsVolumeChecker (HddsVolumeChecker.java:checkAllVolumes(203)) - Scheduled health check for volume org.apache.hadoop.ozone.container.common.volume.HddsVolume@37d3e140
2019-07-12 13:06:28,853 INFO  impl.RaftServerProxy (ConfUtils.java:logGet(43)) - raft.rpc.type = GRPC (default)
2019-07-12 13:06:28,853 INFO  grpc.GrpcFactory (GrpcFactory.java:checkPooledByteBufAllocatorUseCacheForAllThreads(45)) - PERFORMANCE WARNING: useCacheForAllThreads is true that may cause Netty to create a lot garbage objects and, as a result, trigger GC.
	It is recommended to disable useCacheForAllThreads by setting -Dorg.apache.ratis.thirdparty.io.netty.allocator.useCacheForAllThreads=false in command line.
2019-07-12 13:06:28,853 INFO  grpc.GrpcConfigKeys$Server (ConfUtils.java:logGet(43)) - raft.grpc.server.port = 0 (default)
2019-07-12 13:06:28,854 INFO  server.GrpcService (ConfUtils.java:logGet(43)) - raft.grpc.message.size.max = 33570816 (custom)
2019-07-12 13:06:28,854 INFO  server.RaftServerConfigKeys (ConfUtils.java:logGet(43)) - raft.server.log.appender.buffer.byte-limit = 33554432 (custom)
2019-07-12 13:06:28,854 INFO  server.GrpcService (ConfUtils.java:logGet(43)) - raft.grpc.flow.control.window = 1MB (=1048576) (default)
2019-07-12 13:06:28,854 INFO  server.RaftServerConfigKeys (ConfUtils.java:logGet(43)) - raft.server.rpc.request.timeout = 3000ms (default)
2019-07-12 13:06:28,855 INFO  server.RaftServerConfigKeys (ConfUtils.java:logGet(43)) - raft.server.storage.dir = [/tmp/workdir/hadoop-ozone/integration-test/target/test-dir/MiniOzoneClusterImpl-b7adce73-001b-448b-8b3e-b87d80415a10/datanode-5/data/ratis] (custom)
2019-07-12 13:06:28,855 INFO  replication.SimpleContainerDownloader (SimpleContainerDownloader.java:<init>(72)) - Starting container downloader service to copy containers to replicate.
2019-07-12 13:06:28,870 INFO  hdfs.DFSUtil (DFSUtil.java:httpServerTemplateForNNAndJN(1641)) - Starting Web-server for hddsDatanode at: http://0.0.0.0:0
2019-07-12 13:06:28,871 INFO  server.AuthenticationFilter (AuthenticationFilter.java:constructSecretProvider(240)) - Unable to initialize FileSignerSecretProvider, falling back to use random secrets.
2019-07-12 13:06:28,872 WARN  http.HttpRequestLog (HttpRequestLog.java:getRequestLog(97)) - Jetty request log can only be enabled using Log4j
2019-07-12 13:06:28,873 INFO  http.HttpServer2 (HttpServer2.java:addGlobalFilter(975)) - Added global filter 'safety' (class=org.apache.hadoop.http.HttpServer2$QuotingInputFilter)
2019-07-12 13:06:28,874 INFO  http.HttpServer2 (HttpServer2.java:addFilter(948)) - Added filter static_user_filter (class=org.apache.hadoop.http.lib.StaticUserWebFilter$StaticUserFilter) to context hddsDatanode
2019-07-12 13:06:28,874 INFO  http.HttpServer2 (HttpServer2.java:addFilter(958)) - Added filter static_user_filter (class=org.apache.hadoop.http.lib.StaticUserWebFilter$StaticUserFilter) to context static
2019-07-12 13:06:28,874 INFO  http.HttpServer2 (HttpServer2.java:addFilter(958)) - Added filter static_user_filter (class=org.apache.hadoop.http.lib.StaticUserWebFilter$StaticUserFilter) to context logs
2019-07-12 13:06:28,875 INFO  http.HttpServer2 (HttpServer2.java:bindListener(1191)) - Jetty bound to port 36397
2019-07-12 13:06:28,875 INFO  server.Server (Server.java:doStart(351)) - jetty-9.3.24.v20180605, build timestamp: 2018-06-05T17:11:56Z, git hash: 84205aa28f11a4f31f2a3b86d1bba2cc8ab69827
2019-07-12 13:06:28,878 INFO  handler.ContextHandler (ContextHandler.java:doStart(781)) - Started o.e.j.s.ServletContextHandler@545d2560{/logs,file:///tmp/workdir/hadoop-ozone/integration-test/target/log,AVAILABLE}
2019-07-12 13:06:28,878 INFO  handler.ContextHandler (ContextHandler.java:doStart(781)) - Started o.e.j.s.ServletContextHandler@6885ed19{/static,jar:file:/home/user/.m2/repository/org/apache/hadoop/hadoop-hdds-container-service/0.5.0-SNAPSHOT/hadoop-hdds-container-service-0.5.0-SNAPSHOT.jar!/webapps/static,AVAILABLE}
2019-07-12 13:06:28,907 INFO  handler.ContextHandler (ContextHandler.java:doStart(781)) - Started o.e.j.w.WebAppContext@40c8067{/,file:///tmp/jetty-0.0.0.0-36397-hddsDatanode-_-any-1266455528515202551.dir/webapp/,AVAILABLE}{/hddsDatanode}
2019-07-12 13:06:28,908 INFO  server.AbstractConnector (AbstractConnector.java:doStart(278)) - Started ServerConnector@46bb0bdf{HTTP/1.1,[http/1.1]}{0.0.0.0:36397}
2019-07-12 13:06:28,908 INFO  server.Server (Server.java:doStart(419)) - Started @7837ms
2019-07-12 13:06:28,917 INFO  server.BaseHttpServer (BaseHttpServer.java:updateConnectorAddress(207)) - HTTP server of HDDSDATANODE is listening at http://0.0.0.0:36397
2019-07-12 13:06:29,034 INFO  ozone.HddsDatanodeService (HddsDatanodeService.java:startPlugins(396)) - Started plug-in org.apache.hadoop.ozone.web.OzoneHddsDatanodeService@7d25913
2019-07-12 13:06:29,034 INFO  impl.MetricsSystemImpl (MetricsSystemImpl.java:init(158)) - HddsDatanode metrics system started (again)
2019-07-12 13:06:29,036 INFO  ozone.HddsDatanodeService (HddsDatanodeService.java:start(185)) - HddsDatanodeService host:pr-hdds-17356bwxm-3764869708 ip:192.168.157.212
2019-07-12 13:06:29,038 INFO  util.JvmPauseMonitor (JvmPauseMonitor.java:run(188)) - Starting JVM pause monitor
2019-07-12 13:06:29,041 INFO  datanode.InitDatanodeState (InitDatanodeState.java:persistContainerDatanodeDetails(140)) - DatanodeDetails is persisted to /tmp/workdir/hadoop-ozone/integration-test/target/test-dir/MiniOzoneClusterImpl-b7adce73-001b-448b-8b3e-b87d80415a10/datanode-5/meta/datanode.id
2019-07-12 13:06:29,047 INFO  volume.HddsVolume (HddsVolume.java:<init>(176)) - Creating Volume: /tmp/workdir/hadoop-ozone/integration-test/target/test-dir/MiniOzoneClusterImpl-b7adce73-001b-448b-8b3e-b87d80415a10/datanode-6/data/containers/hdds of  storage type : DISK and capacity : 52710309888
2019-07-12 13:06:29,047 INFO  volume.VolumeSet (VolumeSet.java:initializeVolumeSet(170)) - Added Volume : /tmp/workdir/hadoop-ozone/integration-test/target/test-dir/MiniOzoneClusterImpl-b7adce73-001b-448b-8b3e-b87d80415a10/datanode-6/data/containers/hdds to VolumeSet
2019-07-12 13:06:29,048 INFO  volume.ThrottledAsyncChecker (ThrottledAsyncChecker.java:schedule(140)) - Scheduling a check for org.apache.hadoop.ozone.container.common.volume.HddsVolume@40a1b6d4
2019-07-12 13:06:29,048 INFO  volume.HddsVolumeChecker (HddsVolumeChecker.java:checkAllVolumes(203)) - Scheduled health check for volume org.apache.hadoop.ozone.container.common.volume.HddsVolume@40a1b6d4
2019-07-12 13:06:29,064 INFO  impl.RaftServerProxy (ConfUtils.java:logGet(43)) - raft.rpc.type = GRPC (default)
2019-07-12 13:06:29,064 INFO  grpc.GrpcFactory (GrpcFactory.java:checkPooledByteBufAllocatorUseCacheForAllThreads(45)) - PERFORMANCE WARNING: useCacheForAllThreads is true that may cause Netty to create a lot garbage objects and, as a result, trigger GC.
	It is recommended to disable useCacheForAllThreads by setting -Dorg.apache.ratis.thirdparty.io.netty.allocator.useCacheForAllThreads=false in command line.
2019-07-12 13:06:29,065 INFO  grpc.GrpcConfigKeys$Server (ConfUtils.java:logGet(43)) - raft.grpc.server.port = 0 (default)
2019-07-12 13:06:29,065 INFO  server.GrpcService (ConfUtils.java:logGet(43)) - raft.grpc.message.size.max = 33570816 (custom)
2019-07-12 13:06:29,065 INFO  server.RaftServerConfigKeys (ConfUtils.java:logGet(43)) - raft.server.log.appender.buffer.byte-limit = 33554432 (custom)
2019-07-12 13:06:29,065 INFO  server.GrpcService (ConfUtils.java:logGet(43)) - raft.grpc.flow.control.window = 1MB (=1048576) (default)
2019-07-12 13:06:29,066 INFO  server.RaftServerConfigKeys (ConfUtils.java:logGet(43)) - raft.server.rpc.request.timeout = 3000ms (default)
2019-07-12 13:06:29,066 INFO  server.RaftServerConfigKeys (ConfUtils.java:logGet(43)) - raft.server.storage.dir = [/tmp/workdir/hadoop-ozone/integration-test/target/test-dir/MiniOzoneClusterImpl-b7adce73-001b-448b-8b3e-b87d80415a10/datanode-6/data/ratis] (custom)
2019-07-12 13:06:29,067 INFO  replication.SimpleContainerDownloader (SimpleContainerDownloader.java:<init>(72)) - Starting container downloader service to copy containers to replicate.
2019-07-12 13:06:29,068 INFO  hdfs.DFSUtil (DFSUtil.java:httpServerTemplateForNNAndJN(1641)) - Starting Web-server for hddsDatanode at: http://0.0.0.0:0
2019-07-12 13:06:29,069 INFO  server.AuthenticationFilter (AuthenticationFilter.java:constructSecretProvider(240)) - Unable to initialize FileSignerSecretProvider, falling back to use random secrets.
2019-07-12 13:06:29,070 WARN  http.HttpRequestLog (HttpRequestLog.java:getRequestLog(97)) - Jetty request log can only be enabled using Log4j
2019-07-12 13:06:29,071 INFO  http.HttpServer2 (HttpServer2.java:addGlobalFilter(975)) - Added global filter 'safety' (class=org.apache.hadoop.http.HttpServer2$QuotingInputFilter)
2019-07-12 13:06:29,072 INFO  http.HttpServer2 (HttpServer2.java:addFilter(948)) - Added filter static_user_filter (class=org.apache.hadoop.http.lib.StaticUserWebFilter$StaticUserFilter) to context hddsDatanode
2019-07-12 13:06:29,072 INFO  http.HttpServer2 (HttpServer2.java:addFilter(958)) - Added filter static_user_filter (class=org.apache.hadoop.http.lib.StaticUserWebFilter$StaticUserFilter) to context static
2019-07-12 13:06:29,072 INFO  http.HttpServer2 (HttpServer2.java:addFilter(958)) - Added filter static_user_filter (class=org.apache.hadoop.http.lib.StaticUserWebFilter$StaticUserFilter) to context logs
2019-07-12 13:06:29,073 INFO  http.HttpServer2 (HttpServer2.java:bindListener(1191)) - Jetty bound to port 40846
2019-07-12 13:06:29,073 INFO  server.Server (Server.java:doStart(351)) - jetty-9.3.24.v20180605, build timestamp: 2018-06-05T17:11:56Z, git hash: 84205aa28f11a4f31f2a3b86d1bba2cc8ab69827
2019-07-12 13:06:29,075 INFO  handler.ContextHandler (ContextHandler.java:doStart(781)) - Started o.e.j.s.ServletContextHandler@718989fa{/logs,file:///tmp/workdir/hadoop-ozone/integration-test/target/log,AVAILABLE}
2019-07-12 13:06:29,076 INFO  handler.ContextHandler (ContextHandler.java:doStart(781)) - Started o.e.j.s.ServletContextHandler@6568f998{/static,jar:file:/home/user/.m2/repository/org/apache/hadoop/hadoop-hdds-container-service/0.5.0-SNAPSHOT/hadoop-hdds-container-service-0.5.0-SNAPSHOT.jar!/webapps/static,AVAILABLE}
2019-07-12 13:06:29,103 INFO  handler.ContextHandler (ContextHandler.java:doStart(781)) - Started o.e.j.w.WebAppContext@448ade1{/,file:///tmp/jetty-0.0.0.0-40846-hddsDatanode-_-any-8320080170847744085.dir/webapp/,AVAILABLE}{/hddsDatanode}
2019-07-12 13:06:29,104 INFO  server.AbstractConnector (AbstractConnector.java:doStart(278)) - Started ServerConnector@21f9c6ea{HTTP/1.1,[http/1.1]}{0.0.0.0:40846}
2019-07-12 13:06:29,105 INFO  server.Server (Server.java:doStart(419)) - Started @8033ms
2019-07-12 13:06:29,106 INFO  server.BaseHttpServer (BaseHttpServer.java:updateConnectorAddress(207)) - HTTP server of HDDSDATANODE is listening at http://0.0.0.0:40846
2019-07-12 13:06:29,321 INFO  ozone.HddsDatanodeService (HddsDatanodeService.java:startPlugins(396)) - Started plug-in org.apache.hadoop.ozone.web.OzoneHddsDatanodeService@112c2930
2019-07-12 13:06:29,323 INFO  ozone.MiniOzoneClusterImpl (MiniOzoneClusterImpl.java:lambda$waitForClusterToBeReady$0(142)) - Waiting for cluster to be ready. Got 0 of 7 DN Heartbeats.
2019-07-12 13:06:29,324 INFO  util.JvmPauseMonitor (JvmPauseMonitor.java:run(188)) - Starting JVM pause monitor
2019-07-12 13:06:29,327 INFO  datanode.InitDatanodeState (InitDatanodeState.java:persistContainerDatanodeDetails(140)) - DatanodeDetails is persisted to /tmp/workdir/hadoop-ozone/integration-test/target/test-dir/MiniOzoneClusterImpl-b7adce73-001b-448b-8b3e-b87d80415a10/datanode-6/meta/datanode.id
2019-07-12 13:06:29,732 INFO  ozoneimpl.OzoneContainer (OzoneContainer.java:start(186)) - Attempting to start container services.
2019-07-12 13:06:29,735 INFO  ozoneimpl.OzoneContainer (OzoneContainer.java:startContainerScrub(160)) - Background container scrubber has been disabled by hdds.containerscrub.enabled
2019-07-12 13:06:29,735 INFO  ratis.XceiverServerRatis (XceiverServerRatis.java:start(418)) - Starting XceiverServerRatis 37bc2117-d202-4423-8eea-25ffa4501bf7 at port 0
2019-07-12 13:06:29,757 INFO  impl.RaftServerProxy (RaftServerProxy.java:lambda$start$3(299)) - 37bc2117-d202-4423-8eea-25ffa4501bf7: start RPC server
2019-07-12 13:06:29,885 INFO  server.GrpcService (GrpcService.java:startImpl(149)) - 37bc2117-d202-4423-8eea-25ffa4501bf7: GrpcService started, listening on 0.0.0.0/0.0.0.0:43868
2019-07-12 13:06:29,885 INFO  ratis.XceiverServerRatis (XceiverServerRatis.java:start(428)) - XceiverServerRatis 37bc2117-d202-4423-8eea-25ffa4501bf7 is started using port 43868
2019-07-12 13:06:29,887 INFO  server.XceiverServerGrpc (XceiverServerGrpc.java:start(161)) - XceiverServerGrpc 37bc2117-d202-4423-8eea-25ffa4501bf7 is started using port 38430
2019-07-12 13:06:30,039 INFO  ozoneimpl.OzoneContainer (OzoneContainer.java:start(186)) - Attempting to start container services.
2019-07-12 13:06:30,041 INFO  ozoneimpl.OzoneContainer (OzoneContainer.java:startContainerScrub(160)) - Background container scrubber has been disabled by hdds.containerscrub.enabled
2019-07-12 13:06:30,042 INFO  ratis.XceiverServerRatis (XceiverServerRatis.java:start(418)) - Starting XceiverServerRatis 1021b88f-9eb2-4a91-8862-c4fd4e2788e3 at port 0
2019-07-12 13:06:30,050 INFO  impl.RaftServerProxy (RaftServerProxy.java:lambda$start$3(299)) - 1021b88f-9eb2-4a91-8862-c4fd4e2788e3: start RPC server
2019-07-12 13:06:30,055 INFO  server.GrpcService (GrpcService.java:startImpl(149)) - 1021b88f-9eb2-4a91-8862-c4fd4e2788e3: GrpcService started, listening on 0.0.0.0/0.0.0.0:34400
2019-07-12 13:06:30,055 INFO  ratis.XceiverServerRatis (XceiverServerRatis.java:start(428)) - XceiverServerRatis 1021b88f-9eb2-4a91-8862-c4fd4e2788e3 is started using port 34400
2019-07-12 13:06:30,058 INFO  server.XceiverServerGrpc (XceiverServerGrpc.java:start(161)) - XceiverServerGrpc 1021b88f-9eb2-4a91-8862-c4fd4e2788e3 is started using port 35366
2019-07-12 13:06:30,246 INFO  ozoneimpl.OzoneContainer (OzoneContainer.java:start(186)) - Attempting to start container services.
2019-07-12 13:06:30,252 INFO  ozoneimpl.OzoneContainer (OzoneContainer.java:startContainerScrub(160)) - Background container scrubber has been disabled by hdds.containerscrub.enabled
2019-07-12 13:06:30,252 INFO  ratis.XceiverServerRatis (XceiverServerRatis.java:start(418)) - Starting XceiverServerRatis d1910a88-93ac-41f7-96e4-eedd26bb882f at port 0
2019-07-12 13:06:30,261 INFO  impl.RaftServerProxy (RaftServerProxy.java:lambda$start$3(299)) - d1910a88-93ac-41f7-96e4-eedd26bb882f: start RPC server
2019-07-12 13:06:30,265 INFO  server.GrpcService (GrpcService.java:startImpl(149)) - d1910a88-93ac-41f7-96e4-eedd26bb882f: GrpcService started, listening on 0.0.0.0/0.0.0.0:44289
2019-07-12 13:06:30,265 INFO  ratis.XceiverServerRatis (XceiverServerRatis.java:start(428)) - XceiverServerRatis d1910a88-93ac-41f7-96e4-eedd26bb882f is started using port 44289
2019-07-12 13:06:30,268 INFO  server.XceiverServerGrpc (XceiverServerGrpc.java:start(161)) - XceiverServerGrpc d1910a88-93ac-41f7-96e4-eedd26bb882f is started using port 45439
2019-07-12 13:06:30,324 INFO  ozone.MiniOzoneClusterImpl (MiniOzoneClusterImpl.java:lambda$waitForClusterToBeReady$0(142)) - Waiting for cluster to be ready. Got 0 of 7 DN Heartbeats.
2019-07-12 13:06:30,554 INFO  ozoneimpl.OzoneContainer (OzoneContainer.java:start(186)) - Attempting to start container services.
2019-07-12 13:06:30,555 INFO  ozoneimpl.OzoneContainer (OzoneContainer.java:startContainerScrub(160)) - Background container scrubber has been disabled by hdds.containerscrub.enabled
2019-07-12 13:06:30,555 INFO  ratis.XceiverServerRatis (XceiverServerRatis.java:start(418)) - Starting XceiverServerRatis 7e2005de-03c1-4741-8724-e49b8503bfce at port 0
2019-07-12 13:06:30,563 INFO  impl.RaftServerProxy (RaftServerProxy.java:lambda$start$3(299)) - 7e2005de-03c1-4741-8724-e49b8503bfce: start RPC server
2019-07-12 13:06:30,568 INFO  server.GrpcService (GrpcService.java:startImpl(149)) - 7e2005de-03c1-4741-8724-e49b8503bfce: GrpcService started, listening on 0.0.0.0/0.0.0.0:35551
2019-07-12 13:06:30,568 INFO  ratis.XceiverServerRatis (XceiverServerRatis.java:start(428)) - XceiverServerRatis 7e2005de-03c1-4741-8724-e49b8503bfce is started using port 35551
2019-07-12 13:06:30,571 INFO  server.XceiverServerGrpc (XceiverServerGrpc.java:start(161)) - XceiverServerGrpc 7e2005de-03c1-4741-8724-e49b8503bfce is started using port 35665
2019-07-12 13:06:30,847 INFO  ozoneimpl.OzoneContainer (OzoneContainer.java:start(186)) - Attempting to start container services.
2019-07-12 13:06:30,847 INFO  ozoneimpl.OzoneContainer (OzoneContainer.java:startContainerScrub(160)) - Background container scrubber has been disabled by hdds.containerscrub.enabled
2019-07-12 13:06:30,848 INFO  ratis.XceiverServerRatis (XceiverServerRatis.java:start(418)) - Starting XceiverServerRatis 127ba201-5fa8-4097-8893-635bce1d52f1 at port 0
2019-07-12 13:06:30,856 INFO  impl.RaftServerProxy (RaftServerProxy.java:lambda$start$3(299)) - 127ba201-5fa8-4097-8893-635bce1d52f1: start RPC server
2019-07-12 13:06:30,861 INFO  server.GrpcService (GrpcService.java:startImpl(149)) - 127ba201-5fa8-4097-8893-635bce1d52f1: GrpcService started, listening on 0.0.0.0/0.0.0.0:33520
2019-07-12 13:06:30,861 INFO  ratis.XceiverServerRatis (XceiverServerRatis.java:start(428)) - XceiverServerRatis 127ba201-5fa8-4097-8893-635bce1d52f1 is started using port 33520
2019-07-12 13:06:30,864 INFO  server.XceiverServerGrpc (XceiverServerGrpc.java:start(161)) - XceiverServerGrpc 127ba201-5fa8-4097-8893-635bce1d52f1 is started using port 41944
2019-07-12 13:06:31,056 INFO  ozoneimpl.OzoneContainer (OzoneContainer.java:start(186)) - Attempting to start container services.
2019-07-12 13:06:31,056 INFO  ozoneimpl.OzoneContainer (OzoneContainer.java:startContainerScrub(160)) - Background container scrubber has been disabled by hdds.containerscrub.enabled
2019-07-12 13:06:31,056 INFO  ratis.XceiverServerRatis (XceiverServerRatis.java:start(418)) - Starting XceiverServerRatis 36faec0d-2528-47a5-8dc0-b3acb5d72577 at port 0
2019-07-12 13:06:31,065 INFO  impl.RaftServerProxy (RaftServerProxy.java:lambda$start$3(299)) - 36faec0d-2528-47a5-8dc0-b3acb5d72577: start RPC server
2019-07-12 13:06:31,069 INFO  server.GrpcService (GrpcService.java:startImpl(149)) - 36faec0d-2528-47a5-8dc0-b3acb5d72577: GrpcService started, listening on 0.0.0.0/0.0.0.0:34487
2019-07-12 13:06:31,070 INFO  ratis.XceiverServerRatis (XceiverServerRatis.java:start(428)) - XceiverServerRatis 36faec0d-2528-47a5-8dc0-b3acb5d72577 is started using port 34487
2019-07-12 13:06:31,073 INFO  server.XceiverServerGrpc (XceiverServerGrpc.java:start(161)) - XceiverServerGrpc 36faec0d-2528-47a5-8dc0-b3acb5d72577 is started using port 36455
2019-07-12 13:06:31,324 INFO  ozone.MiniOzoneClusterImpl (MiniOzoneClusterImpl.java:lambda$waitForClusterToBeReady$0(142)) - Waiting for cluster to be ready. Got 0 of 7 DN Heartbeats.
2019-07-12 13:06:31,342 INFO  ozoneimpl.OzoneContainer (OzoneContainer.java:start(186)) - Attempting to start container services.
2019-07-12 13:06:31,342 INFO  ozoneimpl.OzoneContainer (OzoneContainer.java:startContainerScrub(160)) - Background container scrubber has been disabled by hdds.containerscrub.enabled
2019-07-12 13:06:31,342 INFO  ratis.XceiverServerRatis (XceiverServerRatis.java:start(418)) - Starting XceiverServerRatis 9e0ce00e-bd9e-4362-b99a-25aeecbf96cd at port 0
2019-07-12 13:06:31,352 INFO  impl.RaftServerProxy (RaftServerProxy.java:lambda$start$3(299)) - 9e0ce00e-bd9e-4362-b99a-25aeecbf96cd: start RPC server
2019-07-12 13:06:31,357 INFO  server.GrpcService (GrpcService.java:startImpl(149)) - 9e0ce00e-bd9e-4362-b99a-25aeecbf96cd: GrpcService started, listening on 0.0.0.0/0.0.0.0:37660
2019-07-12 13:06:31,357 INFO  ratis.XceiverServerRatis (XceiverServerRatis.java:start(428)) - XceiverServerRatis 9e0ce00e-bd9e-4362-b99a-25aeecbf96cd is started using port 37660
2019-07-12 13:06:31,361 INFO  server.XceiverServerGrpc (XceiverServerGrpc.java:start(161)) - XceiverServerGrpc 9e0ce00e-bd9e-4362-b99a-25aeecbf96cd is started using port 34614
2019-07-12 13:06:31,738 INFO  net.NetworkTopology (NetworkTopologyImpl.java:add(110)) - Added a new node: /default-rack/192.168.157.212
2019-07-12 13:06:31,738 INFO  node.SCMNodeManager (SCMNodeManager.java:register(269)) - Registered Data node : 37bc2117-d202-4423-8eea-25ffa4501bf7{ip: 192.168.157.212, host: pr-hdds-17356bwxm-3764869708, networkLocation: /default-rack, certSerialId: null}
2019-07-12 13:06:31,744 INFO  safemode.SCMSafeModeManager (DataNodeSafeModeRule.java:process(71)) - SCM in safe mode. 1 DataNodes registered, 1 required.
2019-07-12 13:06:31,744 INFO  safemode.SCMSafeModeManager (SCMSafeModeManager.java:validateSafeModeExitRules(177)) - ScmSafeModeManager, all rules are successfully validated
2019-07-12 13:06:31,744 INFO  safemode.SCMSafeModeManager (SCMSafeModeManager.java:exitSafeMode(193)) - SCM exiting safe mode.
2019-07-12 13:06:32,027 INFO  node.SCMNodeManager (SCMNodeManager.java:register(269)) - Registered Data node : 1021b88f-9eb2-4a91-8862-c4fd4e2788e3{ip: 192.168.157.212, host: pr-hdds-17356bwxm-3764869708, networkLocation: /default-rack, certSerialId: null}
2019-07-12 13:06:32,232 INFO  node.SCMNodeManager (SCMNodeManager.java:register(269)) - Registered Data node : d1910a88-93ac-41f7-96e4-eedd26bb882f{ip: 192.168.157.212, host: pr-hdds-17356bwxm-3764869708, networkLocation: /default-rack, certSerialId: null}
2019-07-12 13:06:32,623 INFO  ozone.MiniOzoneClusterImpl (MiniOzoneClusterImpl.java:lambda$waitForClusterToBeReady$0(142)) - Waiting for cluster to be ready. Got 3 of 7 DN Heartbeats.
2019-07-12 13:06:32,636 INFO  node.SCMNodeManager (SCMNodeManager.java:register(269)) - Registered Data node : 7e2005de-03c1-4741-8724-e49b8503bfce{ip: 192.168.157.212, host: pr-hdds-17356bwxm-3764869708, networkLocation: /default-rack, certSerialId: null}
2019-07-12 13:06:32,661 INFO  impl.RaftServerProxy (RaftServerProxy.java:addNew(89)) - 37bc2117-d202-4423-8eea-25ffa4501bf7: addNew group-87B4C3988DBD:[37bc2117-d202-4423-8eea-25ffa4501bf7:192.168.157.212:43868] returns group-87B4C3988DBD:java.util.concurrent.CompletableFuture@3aab7bfd[Not completed]
2019-07-12 13:06:32,681 INFO  impl.RaftServerImpl (RaftServerImpl.java:<init>(93)) - 37bc2117-d202-4423-8eea-25ffa4501bf7: new RaftServerImpl for group-87B4C3988DBD:[37bc2117-d202-4423-8eea-25ffa4501bf7:192.168.157.212:43868] with ContainerStateMachine:uninitialized
2019-07-12 13:06:32,683 INFO  server.RaftServerConfigKeys (ConfUtils.java:logGet(43)) - raft.server.rpc.timeout.min = 5s (custom)
2019-07-12 13:06:32,685 INFO  server.RaftServerConfigKeys (ConfUtils.java:logGet(43)) - raft.server.rpc.timeout.max = 5200ms (custom)
2019-07-12 13:06:32,685 INFO  server.RaftServerConfigKeys (ConfUtils.java:logGet(43)) - raft.server.rpcslowness.timeout = 120s (custom)
2019-07-12 13:06:32,686 INFO  server.RaftServerConfigKeys (ConfUtils.java:logGet(43)) - raft.server.sleep.deviation.threshold = 300 (default)
2019-07-12 13:06:32,687 INFO  server.RaftServerConfigKeys (ConfUtils.java:logGet(43)) - raft.server.log.appender.install.snapshot.enabled = false (custom)
2019-07-12 13:06:32,698 INFO  impl.RaftServerImpl (ServerState.java:<init>(105)) - 37bc2117-d202-4423-8eea-25ffa4501bf7:group-87B4C3988DBD ConfigurationManager, init=-1: [37bc2117-d202-4423-8eea-25ffa4501bf7:192.168.157.212:43868], old=null, confs=<EMPTY_MAP>
2019-07-12 13:06:32,698 INFO  server.RaftServerConfigKeys (ConfUtils.java:logGet(43)) - raft.server.storage.dir = [/tmp/workdir/hadoop-ozone/integration-test/target/test-dir/MiniOzoneClusterImpl-b7adce73-001b-448b-8b3e-b87d80415a10/datanode-0/data/ratis] (custom)
2019-07-12 13:06:32,714 INFO  storage.RaftStorageDirectory (RaftStorageDirectory.java:analyzeStorage(246)) - The storage directory /tmp/workdir/hadoop-ozone/integration-test/target/test-dir/MiniOzoneClusterImpl-b7adce73-001b-448b-8b3e-b87d80415a10/datanode-0/data/ratis/27105000-a638-4e90-8370-87b4c3988dbd does not exist. Creating ...
2019-07-12 13:06:32,745 INFO  storage.RaftStorageDirectory (RaftStorageDirectory.java:tryLock(328)) - Lock on /tmp/workdir/hadoop-ozone/integration-test/target/test-dir/MiniOzoneClusterImpl-b7adce73-001b-448b-8b3e-b87d80415a10/datanode-0/data/ratis/27105000-a638-4e90-8370-87b4c3988dbd/in_use.lock acquired by nodename 13208@pr-hdds-17356bwxm-3764869708
2019-07-12 13:06:32,760 INFO  storage.RaftStorage (RaftStorage.java:format(72)) - Storage directory /tmp/workdir/hadoop-ozone/integration-test/target/test-dir/MiniOzoneClusterImpl-b7adce73-001b-448b-8b3e-b87d80415a10/datanode-0/data/ratis/27105000-a638-4e90-8370-87b4c3988dbd has been successfully formatted.
2019-07-12 13:06:32,763 INFO  ratis.ContainerStateMachine (ContainerStateMachine.java:loadSnapshot(200)) - The snapshot info is null.Setting the last applied index to:(t:0, i:~)
2019-07-12 13:06:32,763 INFO  server.RaftServerConfigKeys (ConfUtils.java:logGet(43)) - raft.server.leader.election.timeout = 120s (custom)
2019-07-12 13:06:32,766 INFO  server.RaftServerConfigKeys (ConfUtils.java:logGet(43)) - raft.server.log.use.memory = false (default)
2019-07-12 13:06:32,773 INFO  server.RaftServerConfigKeys (ConfUtils.java:logGet(43)) - raft.server.log.purge.gap = 1000000000 (custom)
2019-07-12 13:06:32,773 INFO  server.RaftServerConfigKeys (ConfUtils.java:logGet(43)) - raft.server.log.appender.buffer.byte-limit = 33554432 (custom)
2019-07-12 13:06:32,775 INFO  server.RaftServerConfigKeys (ConfUtils.java:logGet(43)) - raft.server.log.segment.size.max = 1048576 (custom)
2019-07-12 13:06:32,780 INFO  server.RaftServerConfigKeys (ConfUtils.java:logGet(43)) - raft.server.log.segment.cache.num.max = 2 (custom)
2019-07-12 13:06:32,787 INFO  segmented.SegmentedRaftLogWorker (SegmentedRaftLogWorker.java:<init>(172)) - new 37bc2117-d202-4423-8eea-25ffa4501bf7-SegmentedRaftLogWorker:Storage Directory /tmp/workdir/hadoop-ozone/integration-test/target/test-dir/MiniOzoneClusterImpl-b7adce73-001b-448b-8b3e-b87d80415a10/datanode-0/data/ratis/27105000-a638-4e90-8370-87b4c3988dbd for RaftStorage:Storage Directory /tmp/workdir/hadoop-ozone/integration-test/target/test-dir/MiniOzoneClusterImpl-b7adce73-001b-448b-8b3e-b87d80415a10/datanode-0/data/ratis/27105000-a638-4e90-8370-87b4c3988dbd
2019-07-12 13:06:32,801 INFO  server.RaftServerConfigKeys (ConfUtils.java:logGet(43)) - raft.server.log.queue.byte-limit = 2147483647 (custom)
2019-07-12 13:06:32,801 INFO  server.RaftServerConfigKeys (ConfUtils.java:logGet(43)) - raft.server.log.queue.element-limit = 1024 (custom)
2019-07-12 13:06:32,807 INFO  server.RaftServerConfigKeys (ConfUtils.java:logGet(43)) - raft.server.log.segment.size.max = 1048576 (custom)
2019-07-12 13:06:32,807 INFO  server.RaftServerConfigKeys (ConfUtils.java:logGet(43)) - raft.server.log.preallocated.size = 16384 (custom)
2019-07-12 13:06:32,808 INFO  server.RaftServerConfigKeys (ConfUtils.java:logGet(43)) - raft.server.log.write.buffer.size = 33554432 (custom)
2019-07-12 13:06:32,808 INFO  server.RaftServerConfigKeys (ConfUtils.java:logGet(43)) - raft.server.log.force.sync.num = 128 (default)
2019-07-12 13:06:32,809 INFO  server.RaftServerConfigKeys (ConfUtils.java:logGet(43)) - raft.server.log.statemachine.data.sync = true (default)
2019-07-12 13:06:32,809 INFO  server.RaftServerConfigKeys (ConfUtils.java:logGet(43)) - raft.server.log.statemachine.data.sync.timeout = 10s (default)
2019-07-12 13:06:32,810 INFO  server.RaftServerConfigKeys (ConfUtils.java:logGet(43)) - raft.server.log.statemachine.data.sync.timeout.retry = -1 (default)
2019-07-12 13:06:32,819 INFO  server.RaftServerConfigKeys (ConfUtils.java:logGet(43)) - raft.server.log.statemachine.data.caching.enabled = true (custom)
2019-07-12 13:06:32,825 INFO  segmented.SegmentedRaftLogWorker (SegmentedRaftLogWorker.java:lambda$new$0(132)) - 37bc2117-d202-4423-8eea-25ffa4501bf7-SegmentedRaftLogWorker:Storage Directory /tmp/workdir/hadoop-ozone/integration-test/target/test-dir/MiniOzoneClusterImpl-b7adce73-001b-448b-8b3e-b87d80415a10/datanode-0/data/ratis/27105000-a638-4e90-8370-87b4c3988dbd: flushIndex: setUnconditionally 0 -> -1
2019-07-12 13:06:32,829 INFO  server.RaftServerConfigKeys (ConfUtils.java:logGet(43)) - raft.server.snapshot.auto.trigger.enabled = true (custom)
2019-07-12 13:06:32,830 INFO  server.RaftServerConfigKeys (ConfUtils.java:logGet(43)) - raft.server.snapshot.auto.trigger.threshold = 10000 (custom)
2019-07-12 13:06:32,830 INFO  server.RaftServerConfigKeys (ConfUtils.java:logGet(43)) - raft.server.retrycache.expirytime = 600000ms (custom)
2019-07-12 13:06:32,834 INFO  node.SCMNodeManager (SCMNodeManager.java:register(269)) - Registered Data node : 127ba201-5fa8-4097-8893-635bce1d52f1{ip: 192.168.157.212, host: pr-hdds-17356bwxm-3764869708, networkLocation: /default-rack, certSerialId: null}
2019-07-12 13:06:32,865 INFO  impl.RaftServerImpl (RaftServerImpl.java:start(180)) - 37bc2117-d202-4423-8eea-25ffa4501bf7: start group-87B4C3988DBD
2019-07-12 13:06:32,866 INFO  impl.RaftServerImpl (RaftServerImpl.java:setRole(171)) - 37bc2117-d202-4423-8eea-25ffa4501bf7:group-87B4C3988DBD changes role from null to FOLLOWER at term 0 for startAsFollower
2019-07-12 13:06:32,868 INFO  impl.RoleInfo (RoleInfo.java:updateAndGet(143)) - 37bc2117-d202-4423-8eea-25ffa4501bf7: start FollowerState
2019-07-12 13:06:32,870 INFO  util.JmxRegister (JmxRegister.java:tryRegister(44)) - Successfully registered JMX Bean with object name Ratis:service=RaftServer,group=group-87B4C3988DBD,id=37bc2117-d202-4423-8eea-25ffa4501bf7
2019-07-12 13:06:32,941 INFO  pipeline.PipelineStateManager (PipelineStateManager.java:addPipeline(56)) - Created pipeline Pipeline[ Id: 27105000-a638-4e90-8370-87b4c3988dbd, Nodes: 37bc2117-d202-4423-8eea-25ffa4501bf7{ip: 192.168.157.212, host: pr-hdds-17356bwxm-3764869708, networkLocation: /default-rack, certSerialId: null}, Type:RATIS, Factor:ONE, State:OPEN]
2019-07-12 13:06:32,969 INFO  impl.RaftServerProxy (RaftServerProxy.java:addNew(89)) - 127ba201-5fa8-4097-8893-635bce1d52f1: addNew group-51A6155C6F72:[127ba201-5fa8-4097-8893-635bce1d52f1:192.168.157.212:33520] returns group-51A6155C6F72:java.util.concurrent.CompletableFuture@6162718[Not completed]
2019-07-12 13:06:33,022 INFO  impl.RaftServerImpl (RaftServerImpl.java:<init>(93)) - 127ba201-5fa8-4097-8893-635bce1d52f1: new RaftServerImpl for group-51A6155C6F72:[127ba201-5fa8-4097-8893-635bce1d52f1:192.168.157.212:33520] with ContainerStateMachine:uninitialized
2019-07-12 13:06:33,023 INFO  server.RaftServerConfigKeys (ConfUtils.java:logGet(43)) - raft.server.rpc.timeout.min = 5s (custom)
2019-07-12 13:06:33,024 INFO  server.RaftServerConfigKeys (ConfUtils.java:logGet(43)) - raft.server.rpc.timeout.max = 5200ms (custom)
2019-07-12 13:06:33,024 INFO  server.RaftServerConfigKeys (ConfUtils.java:logGet(43)) - raft.server.rpcslowness.timeout = 120s (custom)
2019-07-12 13:06:33,024 INFO  server.RaftServerConfigKeys (ConfUtils.java:logGet(43)) - raft.server.sleep.deviation.threshold = 300 (default)
2019-07-12 13:06:33,024 INFO  server.RaftServerConfigKeys (ConfUtils.java:logGet(43)) - raft.server.log.appender.install.snapshot.enabled = false (custom)
2019-07-12 13:06:33,025 INFO  impl.RaftServerImpl (ServerState.java:<init>(105)) - 127ba201-5fa8-4097-8893-635bce1d52f1:group-51A6155C6F72 ConfigurationManager, init=-1: [127ba201-5fa8-4097-8893-635bce1d52f1:192.168.157.212:33520], old=null, confs=<EMPTY_MAP>
2019-07-12 13:06:33,025 INFO  server.RaftServerConfigKeys (ConfUtils.java:logGet(43)) - raft.server.storage.dir = [/tmp/workdir/hadoop-ozone/integration-test/target/test-dir/MiniOzoneClusterImpl-b7adce73-001b-448b-8b3e-b87d80415a10/datanode-4/data/ratis] (custom)
2019-07-12 13:06:33,025 INFO  storage.RaftStorageDirectory (RaftStorageDirectory.java:analyzeStorage(246)) - The storage directory /tmp/workdir/hadoop-ozone/integration-test/target/test-dir/MiniOzoneClusterImpl-b7adce73-001b-448b-8b3e-b87d80415a10/datanode-4/data/ratis/aeabdc70-b3e0-453e-b913-51a6155c6f72 does not exist. Creating ...
2019-07-12 13:06:33,041 INFO  node.SCMNodeManager (SCMNodeManager.java:register(269)) - Registered Data node : 36faec0d-2528-47a5-8dc0-b3acb5d72577{ip: 192.168.157.212, host: pr-hdds-17356bwxm-3764869708, networkLocation: /default-rack, certSerialId: null}
2019-07-12 13:06:33,048 INFO  storage.RaftStorageDirectory (RaftStorageDirectory.java:tryLock(328)) - Lock on /tmp/workdir/hadoop-ozone/integration-test/target/test-dir/MiniOzoneClusterImpl-b7adce73-001b-448b-8b3e-b87d80415a10/datanode-4/data/ratis/aeabdc70-b3e0-453e-b913-51a6155c6f72/in_use.lock acquired by nodename 13208@pr-hdds-17356bwxm-3764869708
2019-07-12 13:06:33,061 INFO  storage.RaftStorage (RaftStorage.java:format(72)) - Storage directory /tmp/workdir/hadoop-ozone/integration-test/target/test-dir/MiniOzoneClusterImpl-b7adce73-001b-448b-8b3e-b87d80415a10/datanode-4/data/ratis/aeabdc70-b3e0-453e-b913-51a6155c6f72 has been successfully formatted.
2019-07-12 13:06:33,063 INFO  ratis.ContainerStateMachine (ContainerStateMachine.java:loadSnapshot(200)) - The snapshot info is null.Setting the last applied index to:(t:0, i:~)
2019-07-12 13:06:33,064 INFO  server.RaftServerConfigKeys (ConfUtils.java:logGet(43)) - raft.server.leader.election.timeout = 120s (custom)
2019-07-12 13:06:33,064 INFO  server.RaftServerConfigKeys (ConfUtils.java:logGet(43)) - raft.server.log.use.memory = false (default)
2019-07-12 13:06:33,065 INFO  server.RaftServerConfigKeys (ConfUtils.java:logGet(43)) - raft.server.log.purge.gap = 1000000000 (custom)
2019-07-12 13:06:33,065 INFO  server.RaftServerConfigKeys (ConfUtils.java:logGet(43)) - raft.server.log.appender.buffer.byte-limit = 33554432 (custom)
2019-07-12 13:06:33,065 INFO  server.RaftServerConfigKeys (ConfUtils.java:logGet(43)) - raft.server.log.segment.size.max = 1048576 (custom)
2019-07-12 13:06:33,065 INFO  server.RaftServerConfigKeys (ConfUtils.java:logGet(43)) - raft.server.log.segment.cache.num.max = 2 (custom)
2019-07-12 13:06:33,066 INFO  segmented.SegmentedRaftLogWorker (SegmentedRaftLogWorker.java:<init>(172)) - new 127ba201-5fa8-4097-8893-635bce1d52f1-SegmentedRaftLogWorker:Storage Directory /tmp/workdir/hadoop-ozone/integration-test/target/test-dir/MiniOzoneClusterImpl-b7adce73-001b-448b-8b3e-b87d80415a10/datanode-4/data/ratis/aeabdc70-b3e0-453e-b913-51a6155c6f72 for RaftStorage:Storage Directory /tmp/workdir/hadoop-ozone/integration-test/target/test-dir/MiniOzoneClusterImpl-b7adce73-001b-448b-8b3e-b87d80415a10/datanode-4/data/ratis/aeabdc70-b3e0-453e-b913-51a6155c6f72
2019-07-12 13:06:33,067 INFO  server.RaftServerConfigKeys (ConfUtils.java:logGet(43)) - raft.server.log.queue.byte-limit = 2147483647 (custom)
2019-07-12 13:06:33,067 INFO  server.RaftServerConfigKeys (ConfUtils.java:logGet(43)) - raft.server.log.queue.element-limit = 1024 (custom)
2019-07-12 13:06:33,068 INFO  server.RaftServerConfigKeys (ConfUtils.java:logGet(43)) - raft.server.log.segment.size.max = 1048576 (custom)
2019-07-12 13:06:33,068 INFO  server.RaftServerConfigKeys (ConfUtils.java:logGet(43)) - raft.server.log.preallocated.size = 16384 (custom)
2019-07-12 13:06:33,068 INFO  server.RaftServerConfigKeys (ConfUtils.java:logGet(43)) - raft.server.log.write.buffer.size = 33554432 (custom)
2019-07-12 13:06:33,068 INFO  server.RaftServerConfigKeys (ConfUtils.java:logGet(43)) - raft.server.log.force.sync.num = 128 (default)
2019-07-12 13:06:33,068 INFO  server.RaftServerConfigKeys (ConfUtils.java:logGet(43)) - raft.server.log.statemachine.data.sync = true (default)
2019-07-12 13:06:33,069 INFO  server.RaftServerConfigKeys (ConfUtils.java:logGet(43)) - raft.server.log.statemachine.data.sync.timeout = 10s (default)
2019-07-12 13:06:33,069 INFO  server.RaftServerConfigKeys (ConfUtils.java:logGet(43)) - raft.server.log.statemachine.data.sync.timeout.retry = -1 (default)
2019-07-12 13:06:33,069 INFO  server.RaftServerConfigKeys (ConfUtils.java:logGet(43)) - raft.server.log.statemachine.data.caching.enabled = true (custom)
2019-07-12 13:06:33,070 INFO  segmented.SegmentedRaftLogWorker (SegmentedRaftLogWorker.java:lambda$new$0(132)) - 127ba201-5fa8-4097-8893-635bce1d52f1-SegmentedRaftLogWorker:Storage Directory /tmp/workdir/hadoop-ozone/integration-test/target/test-dir/MiniOzoneClusterImpl-b7adce73-001b-448b-8b3e-b87d80415a10/datanode-4/data/ratis/aeabdc70-b3e0-453e-b913-51a6155c6f72: flushIndex: setUnconditionally 0 -> -1
2019-07-12 13:06:33,070 INFO  server.RaftServerConfigKeys (ConfUtils.java:logGet(43)) - raft.server.snapshot.auto.trigger.enabled = true (custom)
2019-07-12 13:06:33,070 INFO  server.RaftServerConfigKeys (ConfUtils.java:logGet(43)) - raft.server.snapshot.auto.trigger.threshold = 10000 (custom)
2019-07-12 13:06:33,071 INFO  server.RaftServerConfigKeys (ConfUtils.java:logGet(43)) - raft.server.retrycache.expirytime = 600000ms (custom)
2019-07-12 13:06:33,071 INFO  impl.RaftServerImpl (RaftServerImpl.java:start(180)) - 127ba201-5fa8-4097-8893-635bce1d52f1: start group-51A6155C6F72
2019-07-12 13:06:33,071 INFO  impl.RaftServerImpl (RaftServerImpl.java:setRole(171)) - 127ba201-5fa8-4097-8893-635bce1d52f1:group-51A6155C6F72 changes role from null to FOLLOWER at term 0 for startAsFollower
2019-07-12 13:06:33,071 INFO  impl.RoleInfo (RoleInfo.java:updateAndGet(143)) - 127ba201-5fa8-4097-8893-635bce1d52f1: start FollowerState
2019-07-12 13:06:33,073 INFO  util.JmxRegister (JmxRegister.java:tryRegister(44)) - Successfully registered JMX Bean with object name Ratis:service=RaftServer,group=group-51A6155C6F72,id=127ba201-5fa8-4097-8893-635bce1d52f1
2019-07-12 13:06:33,086 INFO  pipeline.PipelineStateManager (PipelineStateManager.java:addPipeline(56)) - Created pipeline Pipeline[ Id: aeabdc70-b3e0-453e-b913-51a6155c6f72, Nodes: 127ba201-5fa8-4097-8893-635bce1d52f1{ip: 192.168.157.212, host: pr-hdds-17356bwxm-3764869708, networkLocation: /default-rack, certSerialId: null}, Type:RATIS, Factor:ONE, State:OPEN]
2019-07-12 13:06:33,110 INFO  impl.RaftServerProxy (RaftServerProxy.java:addNew(89)) - 1021b88f-9eb2-4a91-8862-c4fd4e2788e3: addNew group-824BFE95B758:[1021b88f-9eb2-4a91-8862-c4fd4e2788e3:192.168.157.212:34400] returns group-824BFE95B758:java.util.concurrent.CompletableFuture@3444de41[Not completed]
2019-07-12 13:06:33,119 INFO  impl.RaftServerImpl (RaftServerImpl.java:<init>(93)) - 1021b88f-9eb2-4a91-8862-c4fd4e2788e3: new RaftServerImpl for group-824BFE95B758:[1021b88f-9eb2-4a91-8862-c4fd4e2788e3:192.168.157.212:34400] with ContainerStateMachine:uninitialized
2019-07-12 13:06:33,119 INFO  server.RaftServerConfigKeys (ConfUtils.java:logGet(43)) - raft.server.rpc.timeout.min = 5s (custom)
2019-07-12 13:06:33,119 INFO  server.RaftServerConfigKeys (ConfUtils.java:logGet(43)) - raft.server.rpc.timeout.max = 5200ms (custom)
2019-07-12 13:06:33,119 INFO  server.RaftServerConfigKeys (ConfUtils.java:logGet(43)) - raft.server.rpcslowness.timeout = 120s (custom)
2019-07-12 13:06:33,120 INFO  server.RaftServerConfigKeys (ConfUtils.java:logGet(43)) - raft.server.sleep.deviation.threshold = 300 (default)
2019-07-12 13:06:33,120 INFO  server.RaftServerConfigKeys (ConfUtils.java:logGet(43)) - raft.server.log.appender.install.snapshot.enabled = false (custom)
2019-07-12 13:06:33,120 INFO  impl.RaftServerImpl (ServerState.java:<init>(105)) - 1021b88f-9eb2-4a91-8862-c4fd4e2788e3:group-824BFE95B758 ConfigurationManager, init=-1: [1021b88f-9eb2-4a91-8862-c4fd4e2788e3:192.168.157.212:34400], old=null, confs=<EMPTY_MAP>
2019-07-12 13:06:33,120 INFO  server.RaftServerConfigKeys (ConfUtils.java:logGet(43)) - raft.server.storage.dir = [/tmp/workdir/hadoop-ozone/integration-test/target/test-dir/MiniOzoneClusterImpl-b7adce73-001b-448b-8b3e-b87d80415a10/datanode-1/data/ratis] (custom)
2019-07-12 13:06:33,121 INFO  storage.RaftStorageDirectory (RaftStorageDirectory.java:analyzeStorage(246)) - The storage directory /tmp/workdir/hadoop-ozone/integration-test/target/test-dir/MiniOzoneClusterImpl-b7adce73-001b-448b-8b3e-b87d80415a10/datanode-1/data/ratis/d68b045d-6f5a-4e71-9a72-824bfe95b758 does not exist. Creating ...
2019-07-12 13:06:33,134 INFO  storage.RaftStorageDirectory (RaftStorageDirectory.java:tryLock(328)) - Lock on /tmp/workdir/hadoop-ozone/integration-test/target/test-dir/MiniOzoneClusterImpl-b7adce73-001b-448b-8b3e-b87d80415a10/datanode-1/data/ratis/d68b045d-6f5a-4e71-9a72-824bfe95b758/in_use.lock acquired by nodename 13208@pr-hdds-17356bwxm-3764869708
2019-07-12 13:06:33,147 INFO  storage.RaftStorage (RaftStorage.java:format(72)) - Storage directory /tmp/workdir/hadoop-ozone/integration-test/target/test-dir/MiniOzoneClusterImpl-b7adce73-001b-448b-8b3e-b87d80415a10/datanode-1/data/ratis/d68b045d-6f5a-4e71-9a72-824bfe95b758 has been successfully formatted.
2019-07-12 13:06:33,147 INFO  ratis.ContainerStateMachine (ContainerStateMachine.java:loadSnapshot(200)) - The snapshot info is null.Setting the last applied index to:(t:0, i:~)
2019-07-12 13:06:33,147 INFO  server.RaftServerConfigKeys (ConfUtils.java:logGet(43)) - raft.server.leader.election.timeout = 120s (custom)
2019-07-12 13:06:33,148 INFO  server.RaftServerConfigKeys (ConfUtils.java:logGet(43)) - raft.server.log.use.memory = false (default)
2019-07-12 13:06:33,148 INFO  server.RaftServerConfigKeys (ConfUtils.java:logGet(43)) - raft.server.log.purge.gap = 1000000000 (custom)
2019-07-12 13:06:33,148 INFO  server.RaftServerConfigKeys (ConfUtils.java:logGet(43)) - raft.server.log.appender.buffer.byte-limit = 33554432 (custom)
2019-07-12 13:06:33,148 INFO  server.RaftServerConfigKeys (ConfUtils.java:logGet(43)) - raft.server.log.segment.size.max = 1048576 (custom)
2019-07-12 13:06:33,148 INFO  server.RaftServerConfigKeys (ConfUtils.java:logGet(43)) - raft.server.log.segment.cache.num.max = 2 (custom)
2019-07-12 13:06:33,149 INFO  segmented.SegmentedRaftLogWorker (SegmentedRaftLogWorker.java:<init>(172)) - new 1021b88f-9eb2-4a91-8862-c4fd4e2788e3-SegmentedRaftLogWorker:Storage Directory /tmp/workdir/hadoop-ozone/integration-test/target/test-dir/MiniOzoneClusterImpl-b7adce73-001b-448b-8b3e-b87d80415a10/datanode-1/data/ratis/d68b045d-6f5a-4e71-9a72-824bfe95b758 for RaftStorage:Storage Directory /tmp/workdir/hadoop-ozone/integration-test/target/test-dir/MiniOzoneClusterImpl-b7adce73-001b-448b-8b3e-b87d80415a10/datanode-1/data/ratis/d68b045d-6f5a-4e71-9a72-824bfe95b758
2019-07-12 13:06:33,149 INFO  server.RaftServerConfigKeys (ConfUtils.java:logGet(43)) - raft.server.log.queue.byte-limit = 2147483647 (custom)
2019-07-12 13:06:33,149 INFO  server.RaftServerConfigKeys (ConfUtils.java:logGet(43)) - raft.server.log.queue.element-limit = 1024 (custom)
2019-07-12 13:06:33,149 INFO  server.RaftServerConfigKeys (ConfUtils.java:logGet(43)) - raft.server.log.segment.size.max = 1048576 (custom)
2019-07-12 13:06:33,150 INFO  server.RaftServerConfigKeys (ConfUtils.java:logGet(43)) - raft.server.log.preallocated.size = 16384 (custom)
2019-07-12 13:06:33,150 INFO  server.RaftServerConfigKeys (ConfUtils.java:logGet(43)) - raft.server.log.write.buffer.size = 33554432 (custom)
2019-07-12 13:06:33,150 INFO  server.RaftServerConfigKeys (ConfUtils.java:logGet(43)) - raft.server.log.force.sync.num = 128 (default)
2019-07-12 13:06:33,150 INFO  server.RaftServerConfigKeys (ConfUtils.java:logGet(43)) - raft.server.log.statemachine.data.sync = true (default)
2019-07-12 13:06:33,150 INFO  server.RaftServerConfigKeys (ConfUtils.java:logGet(43)) - raft.server.log.statemachine.data.sync.timeout = 10s (default)
2019-07-12 13:06:33,151 INFO  server.RaftServerConfigKeys (ConfUtils.java:logGet(43)) - raft.server.log.statemachine.data.sync.timeout.retry = -1 (default)
2019-07-12 13:06:33,151 INFO  server.RaftServerConfigKeys (ConfUtils.java:logGet(43)) - raft.server.log.statemachine.data.caching.enabled = true (custom)
2019-07-12 13:06:33,152 INFO  segmented.SegmentedRaftLogWorker (SegmentedRaftLogWorker.java:lambda$new$0(132)) - 1021b88f-9eb2-4a91-8862-c4fd4e2788e3-SegmentedRaftLogWorker:Storage Directory /tmp/workdir/hadoop-ozone/integration-test/target/test-dir/MiniOzoneClusterImpl-b7adce73-001b-448b-8b3e-b87d80415a10/datanode-1/data/ratis/d68b045d-6f5a-4e71-9a72-824bfe95b758: flushIndex: setUnconditionally 0 -> -1
2019-07-12 13:06:33,152 INFO  server.RaftServerConfigKeys (ConfUtils.java:logGet(43)) - raft.server.snapshot.auto.trigger.enabled = true (custom)
2019-07-12 13:06:33,153 INFO  server.RaftServerConfigKeys (ConfUtils.java:logGet(43)) - raft.server.snapshot.auto.trigger.threshold = 10000 (custom)
2019-07-12 13:06:33,153 INFO  server.RaftServerConfigKeys (ConfUtils.java:logGet(43)) - raft.server.retrycache.expirytime = 600000ms (custom)
2019-07-12 13:06:33,153 INFO  impl.RaftServerImpl (RaftServerImpl.java:start(180)) - 1021b88f-9eb2-4a91-8862-c4fd4e2788e3: start group-824BFE95B758
2019-07-12 13:06:33,153 INFO  impl.RaftServerImpl (RaftServerImpl.java:setRole(171)) - 1021b88f-9eb2-4a91-8862-c4fd4e2788e3:group-824BFE95B758 changes role from null to FOLLOWER at term 0 for startAsFollower
2019-07-12 13:06:33,153 INFO  impl.RoleInfo (RoleInfo.java:updateAndGet(143)) - 1021b88f-9eb2-4a91-8862-c4fd4e2788e3: start FollowerState
2019-07-12 13:06:33,154 INFO  util.JmxRegister (JmxRegister.java:tryRegister(44)) - Successfully registered JMX Bean with object name Ratis:service=RaftServer,group=group-824BFE95B758,id=1021b88f-9eb2-4a91-8862-c4fd4e2788e3
2019-07-12 13:06:33,167 INFO  pipeline.PipelineStateManager (PipelineStateManager.java:addPipeline(56)) - Created pipeline Pipeline[ Id: d68b045d-6f5a-4e71-9a72-824bfe95b758, Nodes: 1021b88f-9eb2-4a91-8862-c4fd4e2788e3{ip: 192.168.157.212, host: pr-hdds-17356bwxm-3764869708, networkLocation: /default-rack, certSerialId: null}, Type:RATIS, Factor:ONE, State:OPEN]
2019-07-12 13:06:33,189 INFO  impl.RaftServerProxy (RaftServerProxy.java:addNew(89)) - 36faec0d-2528-47a5-8dc0-b3acb5d72577: addNew group-E6A20D8ED4CA:[36faec0d-2528-47a5-8dc0-b3acb5d72577:192.168.157.212:34487] returns group-E6A20D8ED4CA:java.util.concurrent.CompletableFuture@11ba36c4[Not completed]
2019-07-12 13:06:33,191 INFO  impl.RaftServerImpl (RaftServerImpl.java:<init>(93)) - 36faec0d-2528-47a5-8dc0-b3acb5d72577: new RaftServerImpl for group-E6A20D8ED4CA:[36faec0d-2528-47a5-8dc0-b3acb5d72577:192.168.157.212:34487] with ContainerStateMachine:uninitialized
2019-07-12 13:06:33,191 INFO  server.RaftServerConfigKeys (ConfUtils.java:logGet(43)) - raft.server.rpc.timeout.min = 5s (custom)
2019-07-12 13:06:33,191 INFO  server.RaftServerConfigKeys (ConfUtils.java:logGet(43)) - raft.server.rpc.timeout.max = 5200ms (custom)
2019-07-12 13:06:33,191 INFO  server.RaftServerConfigKeys (ConfUtils.java:logGet(43)) - raft.server.rpcslowness.timeout = 120s (custom)
2019-07-12 13:06:33,191 INFO  server.RaftServerConfigKeys (ConfUtils.java:logGet(43)) - raft.server.sleep.deviation.threshold = 300 (default)
2019-07-12 13:06:33,192 INFO  server.RaftServerConfigKeys (ConfUtils.java:logGet(43)) - raft.server.log.appender.install.snapshot.enabled = false (custom)
2019-07-12 13:06:33,192 INFO  impl.RaftServerImpl (ServerState.java:<init>(105)) - 36faec0d-2528-47a5-8dc0-b3acb5d72577:group-E6A20D8ED4CA ConfigurationManager, init=-1: [36faec0d-2528-47a5-8dc0-b3acb5d72577:192.168.157.212:34487], old=null, confs=<EMPTY_MAP>
2019-07-12 13:06:33,192 INFO  server.RaftServerConfigKeys (ConfUtils.java:logGet(43)) - raft.server.storage.dir = [/tmp/workdir/hadoop-ozone/integration-test/target/test-dir/MiniOzoneClusterImpl-b7adce73-001b-448b-8b3e-b87d80415a10/datanode-5/data/ratis] (custom)
2019-07-12 13:06:33,192 INFO  storage.RaftStorageDirectory (RaftStorageDirectory.java:analyzeStorage(246)) - The storage directory /tmp/workdir/hadoop-ozone/integration-test/target/test-dir/MiniOzoneClusterImpl-b7adce73-001b-448b-8b3e-b87d80415a10/datanode-5/data/ratis/af8c33d3-e207-4789-8813-e6a20d8ed4ca does not exist. Creating ...
2019-07-12 13:06:33,206 INFO  storage.RaftStorageDirectory (RaftStorageDirectory.java:tryLock(328)) - Lock on /tmp/workdir/hadoop-ozone/integration-test/target/test-dir/MiniOzoneClusterImpl-b7adce73-001b-448b-8b3e-b87d80415a10/datanode-5/data/ratis/af8c33d3-e207-4789-8813-e6a20d8ed4ca/in_use.lock acquired by nodename 13208@pr-hdds-17356bwxm-3764869708
2019-07-12 13:06:33,219 INFO  storage.RaftStorage (RaftStorage.java:format(72)) - Storage directory /tmp/workdir/hadoop-ozone/integration-test/target/test-dir/MiniOzoneClusterImpl-b7adce73-001b-448b-8b3e-b87d80415a10/datanode-5/data/ratis/af8c33d3-e207-4789-8813-e6a20d8ed4ca has been successfully formatted.
2019-07-12 13:06:33,219 INFO  ratis.ContainerStateMachine (ContainerStateMachine.java:loadSnapshot(200)) - The snapshot info is null.Setting the last applied index to:(t:0, i:~)
2019-07-12 13:06:33,219 INFO  server.RaftServerConfigKeys (ConfUtils.java:logGet(43)) - raft.server.leader.election.timeout = 120s (custom)
2019-07-12 13:06:33,220 INFO  server.RaftServerConfigKeys (ConfUtils.java:logGet(43)) - raft.server.log.use.memory = false (default)
2019-07-12 13:06:33,220 INFO  server.RaftServerConfigKeys (ConfUtils.java:logGet(43)) - raft.server.log.purge.gap = 1000000000 (custom)
2019-07-12 13:06:33,220 INFO  server.RaftServerConfigKeys (ConfUtils.java:logGet(43)) - raft.server.log.appender.buffer.byte-limit = 33554432 (custom)
2019-07-12 13:06:33,220 INFO  server.RaftServerConfigKeys (ConfUtils.java:logGet(43)) - raft.server.log.segment.size.max = 1048576 (custom)
2019-07-12 13:06:33,220 INFO  server.RaftServerConfigKeys (ConfUtils.java:logGet(43)) - raft.server.log.segment.cache.num.max = 2 (custom)
2019-07-12 13:06:33,221 INFO  segmented.SegmentedRaftLogWorker (SegmentedRaftLogWorker.java:<init>(172)) - new 36faec0d-2528-47a5-8dc0-b3acb5d72577-SegmentedRaftLogWorker:Storage Directory /tmp/workdir/hadoop-ozone/integration-test/target/test-dir/MiniOzoneClusterImpl-b7adce73-001b-448b-8b3e-b87d80415a10/datanode-5/data/ratis/af8c33d3-e207-4789-8813-e6a20d8ed4ca for RaftStorage:Storage Directory /tmp/workdir/hadoop-ozone/integration-test/target/test-dir/MiniOzoneClusterImpl-b7adce73-001b-448b-8b3e-b87d80415a10/datanode-5/data/ratis/af8c33d3-e207-4789-8813-e6a20d8ed4ca
2019-07-12 13:06:33,221 INFO  server.RaftServerConfigKeys (ConfUtils.java:logGet(43)) - raft.server.log.queue.byte-limit = 2147483647 (custom)
2019-07-12 13:06:33,221 INFO  server.RaftServerConfigKeys (ConfUtils.java:logGet(43)) - raft.server.log.queue.element-limit = 1024 (custom)
2019-07-12 13:06:33,221 INFO  server.RaftServerConfigKeys (ConfUtils.java:logGet(43)) - raft.server.log.segment.size.max = 1048576 (custom)
2019-07-12 13:06:33,222 INFO  server.RaftServerConfigKeys (ConfUtils.java:logGet(43)) - raft.server.log.preallocated.size = 16384 (custom)
2019-07-12 13:06:33,222 INFO  server.RaftServerConfigKeys (ConfUtils.java:logGet(43)) - raft.server.log.write.buffer.size = 33554432 (custom)
2019-07-12 13:06:33,222 INFO  server.RaftServerConfigKeys (ConfUtils.java:logGet(43)) - raft.server.log.force.sync.num = 128 (default)
2019-07-12 13:06:33,222 INFO  server.RaftServerConfigKeys (ConfUtils.java:logGet(43)) - raft.server.log.statemachine.data.sync = true (default)
2019-07-12 13:06:33,222 INFO  server.RaftServerConfigKeys (ConfUtils.java:logGet(43)) - raft.server.log.statemachine.data.sync.timeout = 10s (default)
2019-07-12 13:06:33,223 INFO  server.RaftServerConfigKeys (ConfUtils.java:logGet(43)) - raft.server.log.statemachine.data.sync.timeout.retry = -1 (default)
2019-07-12 13:06:33,223 INFO  server.RaftServerConfigKeys (ConfUtils.java:logGet(43)) - raft.server.log.statemachine.data.caching.enabled = true (custom)
2019-07-12 13:06:33,223 INFO  segmented.SegmentedRaftLogWorker (SegmentedRaftLogWorker.java:lambda$new$0(132)) - 36faec0d-2528-47a5-8dc0-b3acb5d72577-SegmentedRaftLogWorker:Storage Directory /tmp/workdir/hadoop-ozone/integration-test/target/test-dir/MiniOzoneClusterImpl-b7adce73-001b-448b-8b3e-b87d80415a10/datanode-5/data/ratis/af8c33d3-e207-4789-8813-e6a20d8ed4ca: flushIndex: setUnconditionally 0 -> -1
2019-07-12 13:06:33,224 INFO  server.RaftServerConfigKeys (ConfUtils.java:logGet(43)) - raft.server.snapshot.auto.trigger.enabled = true (custom)
2019-07-12 13:06:33,224 INFO  server.RaftServerConfigKeys (ConfUtils.java:logGet(43)) - raft.server.snapshot.auto.trigger.threshold = 10000 (custom)
2019-07-12 13:06:33,224 INFO  server.RaftServerConfigKeys (ConfUtils.java:logGet(43)) - raft.server.retrycache.expirytime = 600000ms (custom)
2019-07-12 13:06:33,225 INFO  impl.RaftServerImpl (RaftServerImpl.java:start(180)) - 36faec0d-2528-47a5-8dc0-b3acb5d72577: start group-E6A20D8ED4CA
2019-07-12 13:06:33,225 INFO  impl.RaftServerImpl (RaftServerImpl.java:setRole(171)) - 36faec0d-2528-47a5-8dc0-b3acb5d72577:group-E6A20D8ED4CA changes role from null to FOLLOWER at term 0 for startAsFollower
2019-07-12 13:06:33,225 INFO  impl.RoleInfo (RoleInfo.java:updateAndGet(143)) - 36faec0d-2528-47a5-8dc0-b3acb5d72577: start FollowerState
2019-07-12 13:06:33,225 INFO  util.JmxRegister (JmxRegister.java:tryRegister(44)) - Successfully registered JMX Bean with object name Ratis:service=RaftServer,group=group-E6A20D8ED4CA,id=36faec0d-2528-47a5-8dc0-b3acb5d72577
2019-07-12 13:06:33,241 INFO  pipeline.PipelineStateManager (PipelineStateManager.java:addPipeline(56)) - Created pipeline Pipeline[ Id: af8c33d3-e207-4789-8813-e6a20d8ed4ca, Nodes: 36faec0d-2528-47a5-8dc0-b3acb5d72577{ip: 192.168.157.212, host: pr-hdds-17356bwxm-3764869708, networkLocation: /default-rack, certSerialId: null}, Type:RATIS, Factor:ONE, State:OPEN]
2019-07-12 13:06:33,268 INFO  impl.RaftServerProxy (RaftServerProxy.java:addNew(89)) - 7e2005de-03c1-4741-8724-e49b8503bfce: addNew group-A41BCC8675C0:[7e2005de-03c1-4741-8724-e49b8503bfce:192.168.157.212:35551] returns group-A41BCC8675C0:java.util.concurrent.CompletableFuture@5ea196b3[Not completed]
2019-07-12 13:06:33,270 INFO  impl.RaftServerImpl (RaftServerImpl.java:<init>(93)) - 7e2005de-03c1-4741-8724-e49b8503bfce: new RaftServerImpl for group-A41BCC8675C0:[7e2005de-03c1-4741-8724-e49b8503bfce:192.168.157.212:35551] with ContainerStateMachine:uninitialized
2019-07-12 13:06:33,270 INFO  server.RaftServerConfigKeys (ConfUtils.java:logGet(43)) - raft.server.rpc.timeout.min = 5s (custom)
2019-07-12 13:06:33,270 INFO  server.RaftServerConfigKeys (ConfUtils.java:logGet(43)) - raft.server.rpc.timeout.max = 5200ms (custom)
2019-07-12 13:06:33,270 INFO  server.RaftServerConfigKeys (ConfUtils.java:logGet(43)) - raft.server.rpcslowness.timeout = 120s (custom)
2019-07-12 13:06:33,271 INFO  server.RaftServerConfigKeys (ConfUtils.java:logGet(43)) - raft.server.sleep.deviation.threshold = 300 (default)
2019-07-12 13:06:33,271 INFO  server.RaftServerConfigKeys (ConfUtils.java:logGet(43)) - raft.server.log.appender.install.snapshot.enabled = false (custom)
2019-07-12 13:06:33,271 INFO  impl.RaftServerImpl (ServerState.java:<init>(105)) - 7e2005de-03c1-4741-8724-e49b8503bfce:group-A41BCC8675C0 ConfigurationManager, init=-1: [7e2005de-03c1-4741-8724-e49b8503bfce:192.168.157.212:35551], old=null, confs=<EMPTY_MAP>
2019-07-12 13:06:33,271 INFO  server.RaftServerConfigKeys (ConfUtils.java:logGet(43)) - raft.server.storage.dir = [/tmp/workdir/hadoop-ozone/integration-test/target/test-dir/MiniOzoneClusterImpl-b7adce73-001b-448b-8b3e-b87d80415a10/datanode-3/data/ratis] (custom)
2019-07-12 13:06:33,272 INFO  storage.RaftStorageDirectory (RaftStorageDirectory.java:analyzeStorage(246)) - The storage directory /tmp/workdir/hadoop-ozone/integration-test/target/test-dir/MiniOzoneClusterImpl-b7adce73-001b-448b-8b3e-b87d80415a10/datanode-3/data/ratis/3c895b54-60a8-4ab6-b04b-a41bcc8675c0 does not exist. Creating ...
2019-07-12 13:06:33,284 INFO  storage.RaftStorageDirectory (RaftStorageDirectory.java:tryLock(328)) - Lock on /tmp/workdir/hadoop-ozone/integration-test/target/test-dir/MiniOzoneClusterImpl-b7adce73-001b-448b-8b3e-b87d80415a10/datanode-3/data/ratis/3c895b54-60a8-4ab6-b04b-a41bcc8675c0/in_use.lock acquired by nodename 13208@pr-hdds-17356bwxm-3764869708
2019-07-12 13:06:33,317 INFO  storage.RaftStorage (RaftStorage.java:format(72)) - Storage directory /tmp/workdir/hadoop-ozone/integration-test/target/test-dir/MiniOzoneClusterImpl-b7adce73-001b-448b-8b3e-b87d80415a10/datanode-3/data/ratis/3c895b54-60a8-4ab6-b04b-a41bcc8675c0 has been successfully formatted.
2019-07-12 13:06:33,317 INFO  ratis.ContainerStateMachine (ContainerStateMachine.java:loadSnapshot(200)) - The snapshot info is null.Setting the last applied index to:(t:0, i:~)
2019-07-12 13:06:33,317 INFO  server.RaftServerConfigKeys (ConfUtils.java:logGet(43)) - raft.server.leader.election.timeout = 120s (custom)
2019-07-12 13:06:33,317 INFO  server.RaftServerConfigKeys (ConfUtils.java:logGet(43)) - raft.server.log.use.memory = false (default)
2019-07-12 13:06:33,318 INFO  server.RaftServerConfigKeys (ConfUtils.java:logGet(43)) - raft.server.log.purge.gap = 1000000000 (custom)
2019-07-12 13:06:33,318 INFO  server.RaftServerConfigKeys (ConfUtils.java:logGet(43)) - raft.server.log.appender.buffer.byte-limit = 33554432 (custom)
2019-07-12 13:06:33,318 INFO  server.RaftServerConfigKeys (ConfUtils.java:logGet(43)) - raft.server.log.segment.size.max = 1048576 (custom)
2019-07-12 13:06:33,318 INFO  server.RaftServerConfigKeys (ConfUtils.java:logGet(43)) - raft.server.log.segment.cache.num.max = 2 (custom)
2019-07-12 13:06:33,318 INFO  segmented.SegmentedRaftLogWorker (SegmentedRaftLogWorker.java:<init>(172)) - new 7e2005de-03c1-4741-8724-e49b8503bfce-SegmentedRaftLogWorker:Storage Directory /tmp/workdir/hadoop-ozone/integration-test/target/test-dir/MiniOzoneClusterImpl-b7adce73-001b-448b-8b3e-b87d80415a10/datanode-3/data/ratis/3c895b54-60a8-4ab6-b04b-a41bcc8675c0 for RaftStorage:Storage Directory /tmp/workdir/hadoop-ozone/integration-test/target/test-dir/MiniOzoneClusterImpl-b7adce73-001b-448b-8b3e-b87d80415a10/datanode-3/data/ratis/3c895b54-60a8-4ab6-b04b-a41bcc8675c0
2019-07-12 13:06:33,319 INFO  server.RaftServerConfigKeys (ConfUtils.java:logGet(43)) - raft.server.log.queue.byte-limit = 2147483647 (custom)
2019-07-12 13:06:33,319 INFO  server.RaftServerConfigKeys (ConfUtils.java:logGet(43)) - raft.server.log.queue.element-limit = 1024 (custom)
2019-07-12 13:06:33,319 INFO  server.RaftServerConfigKeys (ConfUtils.java:logGet(43)) - raft.server.log.segment.size.max = 1048576 (custom)
2019-07-12 13:06:33,319 INFO  server.RaftServerConfigKeys (ConfUtils.java:logGet(43)) - raft.server.log.preallocated.size = 16384 (custom)
2019-07-12 13:06:33,319 INFO  server.RaftServerConfigKeys (ConfUtils.java:logGet(43)) - raft.server.log.write.buffer.size = 33554432 (custom)
2019-07-12 13:06:33,319 INFO  server.RaftServerConfigKeys (ConfUtils.java:logGet(43)) - raft.server.log.force.sync.num = 128 (default)
2019-07-12 13:06:33,320 INFO  server.RaftServerConfigKeys (ConfUtils.java:logGet(43)) - raft.server.log.statemachine.data.sync = true (default)
2019-07-12 13:06:33,320 INFO  server.RaftServerConfigKeys (ConfUtils.java:logGet(43)) - raft.server.log.statemachine.data.sync.timeout = 10s (default)
2019-07-12 13:06:33,320 INFO  server.RaftServerConfigKeys (ConfUtils.java:logGet(43)) - raft.server.log.statemachine.data.sync.timeout.retry = -1 (default)
2019-07-12 13:06:33,320 INFO  server.RaftServerConfigKeys (ConfUtils.java:logGet(43)) - raft.server.log.statemachine.data.caching.enabled = true (custom)
2019-07-12 13:06:33,321 INFO  segmented.SegmentedRaftLogWorker (SegmentedRaftLogWorker.java:lambda$new$0(132)) - 7e2005de-03c1-4741-8724-e49b8503bfce-SegmentedRaftLogWorker:Storage Directory /tmp/workdir/hadoop-ozone/integration-test/target/test-dir/MiniOzoneClusterImpl-b7adce73-001b-448b-8b3e-b87d80415a10/datanode-3/data/ratis/3c895b54-60a8-4ab6-b04b-a41bcc8675c0: flushIndex: setUnconditionally 0 -> -1
2019-07-12 13:06:33,321 INFO  server.RaftServerConfigKeys (ConfUtils.java:logGet(43)) - raft.server.snapshot.auto.trigger.enabled = true (custom)
2019-07-12 13:06:33,321 INFO  server.RaftServerConfigKeys (ConfUtils.java:logGet(43)) - raft.server.snapshot.auto.trigger.threshold = 10000 (custom)
2019-07-12 13:06:33,322 INFO  server.RaftServerConfigKeys (ConfUtils.java:logGet(43)) - raft.server.retrycache.expirytime = 600000ms (custom)
2019-07-12 13:06:33,322 INFO  impl.RaftServerImpl (RaftServerImpl.java:start(180)) - 7e2005de-03c1-4741-8724-e49b8503bfce: start group-A41BCC8675C0
2019-07-12 13:06:33,322 INFO  impl.RaftServerImpl (RaftServerImpl.java:setRole(171)) - 7e2005de-03c1-4741-8724-e49b8503bfce:group-A41BCC8675C0 changes role from null to FOLLOWER at term 0 for startAsFollower
2019-07-12 13:06:33,322 INFO  impl.RoleInfo (RoleInfo.java:updateAndGet(143)) - 7e2005de-03c1-4741-8724-e49b8503bfce: start FollowerState
2019-07-12 13:06:33,323 INFO  util.JmxRegister (JmxRegister.java:tryRegister(44)) - Successfully registered JMX Bean with object name Ratis:service=RaftServer,group=group-A41BCC8675C0,id=7e2005de-03c1-4741-8724-e49b8503bfce
2019-07-12 13:06:33,334 INFO  node.SCMNodeManager (SCMNodeManager.java:register(269)) - Registered Data node : 9e0ce00e-bd9e-4362-b99a-25aeecbf96cd{ip: 192.168.157.212, host: pr-hdds-17356bwxm-3764869708, networkLocation: /default-rack, certSerialId: null}
2019-07-12 13:06:33,340 INFO  pipeline.PipelineStateManager (PipelineStateManager.java:addPipeline(56)) - Created pipeline Pipeline[ Id: 3c895b54-60a8-4ab6-b04b-a41bcc8675c0, Nodes: 7e2005de-03c1-4741-8724-e49b8503bfce{ip: 192.168.157.212, host: pr-hdds-17356bwxm-3764869708, networkLocation: /default-rack, certSerialId: null}, Type:RATIS, Factor:ONE, State:OPEN]
2019-07-12 13:06:33,368 INFO  impl.RaftServerProxy (RaftServerProxy.java:addNew(89)) - 9e0ce00e-bd9e-4362-b99a-25aeecbf96cd: addNew group-A081FFAAE187:[9e0ce00e-bd9e-4362-b99a-25aeecbf96cd:192.168.157.212:37660] returns group-A081FFAAE187:java.util.concurrent.CompletableFuture@a694c3d[Not completed]
2019-07-12 13:06:33,370 INFO  impl.RaftServerImpl (RaftServerImpl.java:<init>(93)) - 9e0ce00e-bd9e-4362-b99a-25aeecbf96cd: new RaftServerImpl for group-A081FFAAE187:[9e0ce00e-bd9e-4362-b99a-25aeecbf96cd:192.168.157.212:37660] with ContainerStateMachine:uninitialized
2019-07-12 13:06:33,370 INFO  server.RaftServerConfigKeys (ConfUtils.java:logGet(43)) - raft.server.rpc.timeout.min = 5s (custom)
2019-07-12 13:06:33,371 INFO  server.RaftServerConfigKeys (ConfUtils.java:logGet(43)) - raft.server.rpc.timeout.max = 5200ms (custom)
2019-07-12 13:06:33,371 INFO  server.RaftServerConfigKeys (ConfUtils.java:logGet(43)) - raft.server.rpcslowness.timeout = 120s (custom)
2019-07-12 13:06:33,371 INFO  server.RaftServerConfigKeys (ConfUtils.java:logGet(43)) - raft.server.sleep.deviation.threshold = 300 (default)
2019-07-12 13:06:33,371 INFO  server.RaftServerConfigKeys (ConfUtils.java:logGet(43)) - raft.server.log.appender.install.snapshot.enabled = false (custom)
2019-07-12 13:06:33,371 INFO  impl.RaftServerImpl (ServerState.java:<init>(105)) - 9e0ce00e-bd9e-4362-b99a-25aeecbf96cd:group-A081FFAAE187 ConfigurationManager, init=-1: [9e0ce00e-bd9e-4362-b99a-25aeecbf96cd:192.168.157.212:37660], old=null, confs=<EMPTY_MAP>
2019-07-12 13:06:33,372 INFO  server.RaftServerConfigKeys (ConfUtils.java:logGet(43)) - raft.server.storage.dir = [/tmp/workdir/hadoop-ozone/integration-test/target/test-dir/MiniOzoneClusterImpl-b7adce73-001b-448b-8b3e-b87d80415a10/datanode-6/data/ratis] (custom)
2019-07-12 13:06:33,372 INFO  storage.RaftStorageDirectory (RaftStorageDirectory.java:analyzeStorage(246)) - The storage directory /tmp/workdir/hadoop-ozone/integration-test/target/test-dir/MiniOzoneClusterImpl-b7adce73-001b-448b-8b3e-b87d80415a10/datanode-6/data/ratis/dac4e216-05a2-415f-8000-a081ffaae187 does not exist. Creating ...
2019-07-12 13:06:33,397 INFO  storage.RaftStorageDirectory (RaftStorageDirectory.java:tryLock(328)) - Lock on /tmp/workdir/hadoop-ozone/integration-test/target/test-dir/MiniOzoneClusterImpl-b7adce73-001b-448b-8b3e-b87d80415a10/datanode-6/data/ratis/dac4e216-05a2-415f-8000-a081ffaae187/in_use.lock acquired by nodename 13208@pr-hdds-17356bwxm-3764869708
2019-07-12 13:06:33,410 INFO  storage.RaftStorage (RaftStorage.java:format(72)) - Storage directory /tmp/workdir/hadoop-ozone/integration-test/target/test-dir/MiniOzoneClusterImpl-b7adce73-001b-448b-8b3e-b87d80415a10/datanode-6/data/ratis/dac4e216-05a2-415f-8000-a081ffaae187 has been successfully formatted.
2019-07-12 13:06:33,411 INFO  ratis.ContainerStateMachine (ContainerStateMachine.java:loadSnapshot(200)) - The snapshot info is null.Setting the last applied index to:(t:0, i:~)
2019-07-12 13:06:33,411 INFO  server.RaftServerConfigKeys (ConfUtils.java:logGet(43)) - raft.server.leader.election.timeout = 120s (custom)
2019-07-12 13:06:33,411 INFO  server.RaftServerConfigKeys (ConfUtils.java:logGet(43)) - raft.server.log.use.memory = false (default)
2019-07-12 13:06:33,411 INFO  server.RaftServerConfigKeys (ConfUtils.java:logGet(43)) - raft.server.log.purge.gap = 1000000000 (custom)
2019-07-12 13:06:33,412 INFO  server.RaftServerConfigKeys (ConfUtils.java:logGet(43)) - raft.server.log.appender.buffer.byte-limit = 33554432 (custom)
2019-07-12 13:06:33,412 INFO  server.RaftServerConfigKeys (ConfUtils.java:logGet(43)) - raft.server.log.segment.size.max = 1048576 (custom)
2019-07-12 13:06:33,412 INFO  server.RaftServerConfigKeys (ConfUtils.java:logGet(43)) - raft.server.log.segment.cache.num.max = 2 (custom)
2019-07-12 13:06:33,412 INFO  segmented.SegmentedRaftLogWorker (SegmentedRaftLogWorker.java:<init>(172)) - new 9e0ce00e-bd9e-4362-b99a-25aeecbf96cd-SegmentedRaftLogWorker:Storage Directory /tmp/workdir/hadoop-ozone/integration-test/target/test-dir/MiniOzoneClusterImpl-b7adce73-001b-448b-8b3e-b87d80415a10/datanode-6/data/ratis/dac4e216-05a2-415f-8000-a081ffaae187 for RaftStorage:Storage Directory /tmp/workdir/hadoop-ozone/integration-test/target/test-dir/MiniOzoneClusterImpl-b7adce73-001b-448b-8b3e-b87d80415a10/datanode-6/data/ratis/dac4e216-05a2-415f-8000-a081ffaae187
2019-07-12 13:06:33,412 INFO  server.RaftServerConfigKeys (ConfUtils.java:logGet(43)) - raft.server.log.queue.byte-limit = 2147483647 (custom)
2019-07-12 13:06:33,413 INFO  server.RaftServerConfigKeys (ConfUtils.java:logGet(43)) - raft.server.log.queue.element-limit = 1024 (custom)
2019-07-12 13:06:33,413 INFO  server.RaftServerConfigKeys (ConfUtils.java:logGet(43)) - raft.server.log.segment.size.max = 1048576 (custom)
2019-07-12 13:06:33,413 INFO  server.RaftServerConfigKeys (ConfUtils.java:logGet(43)) - raft.server.log.preallocated.size = 16384 (custom)
2019-07-12 13:06:33,413 INFO  server.RaftServerConfigKeys (ConfUtils.java:logGet(43)) - raft.server.log.write.buffer.size = 33554432 (custom)
2019-07-12 13:06:33,414 INFO  server.RaftServerConfigKeys (ConfUtils.java:logGet(43)) - raft.server.log.force.sync.num = 128 (default)
2019-07-12 13:06:33,414 INFO  server.RaftServerConfigKeys (ConfUtils.java:logGet(43)) - raft.server.log.statemachine.data.sync = true (default)
2019-07-12 13:06:33,414 INFO  server.RaftServerConfigKeys (ConfUtils.java:logGet(43)) - raft.server.log.statemachine.data.sync.timeout = 10s (default)
2019-07-12 13:06:33,414 INFO  server.RaftServerConfigKeys (ConfUtils.java:logGet(43)) - raft.server.log.statemachine.data.sync.timeout.retry = -1 (default)
2019-07-12 13:06:33,415 INFO  server.RaftServerConfigKeys (ConfUtils.java:logGet(43)) - raft.server.log.statemachine.data.caching.enabled = true (custom)
2019-07-12 13:06:33,415 INFO  segmented.SegmentedRaftLogWorker (SegmentedRaftLogWorker.java:lambda$new$0(132)) - 9e0ce00e-bd9e-4362-b99a-25aeecbf96cd-SegmentedRaftLogWorker:Storage Directory /tmp/workdir/hadoop-ozone/integration-test/target/test-dir/MiniOzoneClusterImpl-b7adce73-001b-448b-8b3e-b87d80415a10/datanode-6/data/ratis/dac4e216-05a2-415f-8000-a081ffaae187: flushIndex: setUnconditionally 0 -> -1
2019-07-12 13:06:33,416 INFO  server.RaftServerConfigKeys (ConfUtils.java:logGet(43)) - raft.server.snapshot.auto.trigger.enabled = true (custom)
2019-07-12 13:06:33,416 INFO  server.RaftServerConfigKeys (ConfUtils.java:logGet(43)) - raft.server.snapshot.auto.trigger.threshold = 10000 (custom)
2019-07-12 13:06:33,416 INFO  server.RaftServerConfigKeys (ConfUtils.java:logGet(43)) - raft.server.retrycache.expirytime = 600000ms (custom)
2019-07-12 13:06:33,416 INFO  impl.RaftServerImpl (RaftServerImpl.java:start(180)) - 9e0ce00e-bd9e-4362-b99a-25aeecbf96cd: start group-A081FFAAE187
2019-07-12 13:06:33,417 INFO  impl.RaftServerImpl (RaftServerImpl.java:setRole(171)) - 9e0ce00e-bd9e-4362-b99a-25aeecbf96cd:group-A081FFAAE187 changes role from null to FOLLOWER at term 0 for startAsFollower
2019-07-12 13:06:33,417 INFO  impl.RoleInfo (RoleInfo.java:updateAndGet(143)) - 9e0ce00e-bd9e-4362-b99a-25aeecbf96cd: start FollowerState
2019-07-12 13:06:33,417 INFO  util.JmxRegister (JmxRegister.java:tryRegister(44)) - Successfully registered JMX Bean with object name Ratis:service=RaftServer,group=group-A081FFAAE187,id=9e0ce00e-bd9e-4362-b99a-25aeecbf96cd
2019-07-12 13:06:33,431 INFO  pipeline.PipelineStateManager (PipelineStateManager.java:addPipeline(56)) - Created pipeline Pipeline[ Id: dac4e216-05a2-415f-8000-a081ffaae187, Nodes: 9e0ce00e-bd9e-4362-b99a-25aeecbf96cd{ip: 192.168.157.212, host: pr-hdds-17356bwxm-3764869708, networkLocation: /default-rack, certSerialId: null}, Type:RATIS, Factor:ONE, State:OPEN]
2019-07-12 13:06:33,451 INFO  impl.RaftServerProxy (RaftServerProxy.java:addNew(89)) - d1910a88-93ac-41f7-96e4-eedd26bb882f: addNew group-AC1707B66BF5:[d1910a88-93ac-41f7-96e4-eedd26bb882f:192.168.157.212:44289] returns group-AC1707B66BF5:java.util.concurrent.CompletableFuture@4f227166[Not completed]
2019-07-12 13:06:33,452 INFO  impl.RaftServerImpl (RaftServerImpl.java:<init>(93)) - d1910a88-93ac-41f7-96e4-eedd26bb882f: new RaftServerImpl for group-AC1707B66BF5:[d1910a88-93ac-41f7-96e4-eedd26bb882f:192.168.157.212:44289] with ContainerStateMachine:uninitialized
2019-07-12 13:06:33,453 INFO  server.RaftServerConfigKeys (ConfUtils.java:logGet(43)) - raft.server.rpc.timeout.min = 5s (custom)
2019-07-12 13:06:33,453 INFO  server.RaftServerConfigKeys (ConfUtils.java:logGet(43)) - raft.server.rpc.timeout.max = 5200ms (custom)
2019-07-12 13:06:33,453 INFO  server.RaftServerConfigKeys (ConfUtils.java:logGet(43)) - raft.server.rpcslowness.timeout = 120s (custom)
2019-07-12 13:06:33,453 INFO  server.RaftServerConfigKeys (ConfUtils.java:logGet(43)) - raft.server.sleep.deviation.threshold = 300 (default)
2019-07-12 13:06:33,453 INFO  server.RaftServerConfigKeys (ConfUtils.java:logGet(43)) - raft.server.log.appender.install.snapshot.enabled = false (custom)
2019-07-12 13:06:33,454 INFO  impl.RaftServerImpl (ServerState.java:<init>(105)) - d1910a88-93ac-41f7-96e4-eedd26bb882f:group-AC1707B66BF5 ConfigurationManager, init=-1: [d1910a88-93ac-41f7-96e4-eedd26bb882f:192.168.157.212:44289], old=null, confs=<EMPTY_MAP>
2019-07-12 13:06:33,454 INFO  server.RaftServerConfigKeys (ConfUtils.java:logGet(43)) - raft.server.storage.dir = [/tmp/workdir/hadoop-ozone/integration-test/target/test-dir/MiniOzoneClusterImpl-b7adce73-001b-448b-8b3e-b87d80415a10/datanode-2/data/ratis] (custom)
2019-07-12 13:06:33,454 INFO  storage.RaftStorageDirectory (RaftStorageDirectory.java:analyzeStorage(246)) - The storage directory /tmp/workdir/hadoop-ozone/integration-test/target/test-dir/MiniOzoneClusterImpl-b7adce73-001b-448b-8b3e-b87d80415a10/datanode-2/data/ratis/99980669-459b-4fbf-93d1-ac1707b66bf5 does not exist. Creating ...
2019-07-12 13:06:33,467 INFO  storage.RaftStorageDirectory (RaftStorageDirectory.java:tryLock(328)) - Lock on /tmp/workdir/hadoop-ozone/integration-test/target/test-dir/MiniOzoneClusterImpl-b7adce73-001b-448b-8b3e-b87d80415a10/datanode-2/data/ratis/99980669-459b-4fbf-93d1-ac1707b66bf5/in_use.lock acquired by nodename 13208@pr-hdds-17356bwxm-3764869708
2019-07-12 13:06:33,481 INFO  storage.RaftStorage (RaftStorage.java:format(72)) - Storage directory /tmp/workdir/hadoop-ozone/integration-test/target/test-dir/MiniOzoneClusterImpl-b7adce73-001b-448b-8b3e-b87d80415a10/datanode-2/data/ratis/99980669-459b-4fbf-93d1-ac1707b66bf5 has been successfully formatted.
2019-07-12 13:06:33,481 INFO  ratis.ContainerStateMachine (ContainerStateMachine.java:loadSnapshot(200)) - The snapshot info is null.Setting the last applied index to:(t:0, i:~)
2019-07-12 13:06:33,482 INFO  server.RaftServerConfigKeys (ConfUtils.java:logGet(43)) - raft.server.leader.election.timeout = 120s (custom)
2019-07-12 13:06:33,482 INFO  server.RaftServerConfigKeys (ConfUtils.java:logGet(43)) - raft.server.log.use.memory = false (default)
2019-07-12 13:06:33,482 INFO  server.RaftServerConfigKeys (ConfUtils.java:logGet(43)) - raft.server.log.purge.gap = 1000000000 (custom)
2019-07-12 13:06:33,482 INFO  server.RaftServerConfigKeys (ConfUtils.java:logGet(43)) - raft.server.log.appender.buffer.byte-limit = 33554432 (custom)
2019-07-12 13:06:33,482 INFO  server.RaftServerConfigKeys (ConfUtils.java:logGet(43)) - raft.server.log.segment.size.max = 1048576 (custom)
2019-07-12 13:06:33,482 INFO  server.RaftServerConfigKeys (ConfUtils.java:logGet(43)) - raft.server.log.segment.cache.num.max = 2 (custom)
2019-07-12 13:06:33,483 INFO  segmented.SegmentedRaftLogWorker (SegmentedRaftLogWorker.java:<init>(172)) - new d1910a88-93ac-41f7-96e4-eedd26bb882f-SegmentedRaftLogWorker:Storage Directory /tmp/workdir/hadoop-ozone/integration-test/target/test-dir/MiniOzoneClusterImpl-b7adce73-001b-448b-8b3e-b87d80415a10/datanode-2/data/ratis/99980669-459b-4fbf-93d1-ac1707b66bf5 for RaftStorage:Storage Directory /tmp/workdir/hadoop-ozone/integration-test/target/test-dir/MiniOzoneClusterImpl-b7adce73-001b-448b-8b3e-b87d80415a10/datanode-2/data/ratis/99980669-459b-4fbf-93d1-ac1707b66bf5
2019-07-12 13:06:33,483 INFO  server.RaftServerConfigKeys (ConfUtils.java:logGet(43)) - raft.server.log.queue.byte-limit = 2147483647 (custom)
2019-07-12 13:06:33,483 INFO  server.RaftServerConfigKeys (ConfUtils.java:logGet(43)) - raft.server.log.queue.element-limit = 1024 (custom)
2019-07-12 13:06:33,483 INFO  server.RaftServerConfigKeys (ConfUtils.java:logGet(43)) - raft.server.log.segment.size.max = 1048576 (custom)
2019-07-12 13:06:33,484 INFO  server.RaftServerConfigKeys (ConfUtils.java:logGet(43)) - raft.server.log.preallocated.size = 16384 (custom)
2019-07-12 13:06:33,484 INFO  server.RaftServerConfigKeys (ConfUtils.java:logGet(43)) - raft.server.log.write.buffer.size = 33554432 (custom)
2019-07-12 13:06:33,484 INFO  server.RaftServerConfigKeys (ConfUtils.java:logGet(43)) - raft.server.log.force.sync.num = 128 (default)
2019-07-12 13:06:33,484 INFO  server.RaftServerConfigKeys (ConfUtils.java:logGet(43)) - raft.server.log.statemachine.data.sync = true (default)
2019-07-12 13:06:33,484 INFO  server.RaftServerConfigKeys (ConfUtils.java:logGet(43)) - raft.server.log.statemachine.data.sync.timeout = 10s (default)
2019-07-12 13:06:33,484 INFO  server.RaftServerConfigKeys (ConfUtils.java:logGet(43)) - raft.server.log.statemachine.data.sync.timeout.retry = -1 (default)
2019-07-12 13:06:33,485 INFO  server.RaftServerConfigKeys (ConfUtils.java:logGet(43)) - raft.server.log.statemachine.data.caching.enabled = true (custom)
2019-07-12 13:06:33,485 INFO  segmented.SegmentedRaftLogWorker (SegmentedRaftLogWorker.java:lambda$new$0(132)) - d1910a88-93ac-41f7-96e4-eedd26bb882f-SegmentedRaftLogWorker:Storage Directory /tmp/workdir/hadoop-ozone/integration-test/target/test-dir/MiniOzoneClusterImpl-b7adce73-001b-448b-8b3e-b87d80415a10/datanode-2/data/ratis/99980669-459b-4fbf-93d1-ac1707b66bf5: flushIndex: setUnconditionally 0 -> -1
2019-07-12 13:06:33,486 INFO  server.RaftServerConfigKeys (ConfUtils.java:logGet(43)) - raft.server.snapshot.auto.trigger.enabled = true (custom)
2019-07-12 13:06:33,486 INFO  server.RaftServerConfigKeys (ConfUtils.java:logGet(43)) - raft.server.snapshot.auto.trigger.threshold = 10000 (custom)
2019-07-12 13:06:33,486 INFO  server.RaftServerConfigKeys (ConfUtils.java:logGet(43)) - raft.server.retrycache.expirytime = 600000ms (custom)
2019-07-12 13:06:33,486 INFO  impl.RaftServerImpl (RaftServerImpl.java:start(180)) - d1910a88-93ac-41f7-96e4-eedd26bb882f: start group-AC1707B66BF5
2019-07-12 13:06:33,487 INFO  impl.RaftServerImpl (RaftServerImpl.java:setRole(171)) - d1910a88-93ac-41f7-96e4-eedd26bb882f:group-AC1707B66BF5 changes role from null to FOLLOWER at term 0 for startAsFollower
2019-07-12 13:06:33,487 INFO  impl.RoleInfo (RoleInfo.java:updateAndGet(143)) - d1910a88-93ac-41f7-96e4-eedd26bb882f: start FollowerState
2019-07-12 13:06:33,487 INFO  util.JmxRegister (JmxRegister.java:tryRegister(44)) - Successfully registered JMX Bean with object name Ratis:service=RaftServer,group=group-AC1707B66BF5,id=d1910a88-93ac-41f7-96e4-eedd26bb882f
2019-07-12 13:06:33,506 INFO  pipeline.PipelineStateManager (PipelineStateManager.java:addPipeline(56)) - Created pipeline Pipeline[ Id: 99980669-459b-4fbf-93d1-ac1707b66bf5, Nodes: d1910a88-93ac-41f7-96e4-eedd26bb882f{ip: 192.168.157.212, host: pr-hdds-17356bwxm-3764869708, networkLocation: /default-rack, certSerialId: null}, Type:RATIS, Factor:ONE, State:OPEN]
2019-07-12 13:06:33,544 INFO  impl.RaftServerProxy (RaftServerProxy.java:addNew(89)) - 127ba201-5fa8-4097-8893-635bce1d52f1: addNew group-26E6EA2301C1:[1021b88f-9eb2-4a91-8862-c4fd4e2788e3:192.168.157.212:34400, 36faec0d-2528-47a5-8dc0-b3acb5d72577:192.168.157.212:34487, 127ba201-5fa8-4097-8893-635bce1d52f1:192.168.157.212:33520] returns group-26E6EA2301C1:java.util.concurrent.CompletableFuture@197217a6[Not completed]
2019-07-12 13:06:33,547 INFO  impl.RaftServerProxy (RaftServerProxy.java:addNew(89)) - 1021b88f-9eb2-4a91-8862-c4fd4e2788e3: addNew group-26E6EA2301C1:[1021b88f-9eb2-4a91-8862-c4fd4e2788e3:192.168.157.212:34400, 36faec0d-2528-47a5-8dc0-b3acb5d72577:192.168.157.212:34487, 127ba201-5fa8-4097-8893-635bce1d52f1:192.168.157.212:33520] returns group-26E6EA2301C1:java.util.concurrent.CompletableFuture@1c5c3178[Not completed]
2019-07-12 13:06:33,548 INFO  impl.RaftServerImpl (RaftServerImpl.java:<init>(93)) - 127ba201-5fa8-4097-8893-635bce1d52f1: new RaftServerImpl for group-26E6EA2301C1:[1021b88f-9eb2-4a91-8862-c4fd4e2788e3:192.168.157.212:34400, 36faec0d-2528-47a5-8dc0-b3acb5d72577:192.168.157.212:34487, 127ba201-5fa8-4097-8893-635bce1d52f1:192.168.157.212:33520] with ContainerStateMachine:uninitialized
2019-07-12 13:06:33,548 INFO  server.RaftServerConfigKeys (ConfUtils.java:logGet(43)) - raft.server.rpc.timeout.min = 5s (custom)
2019-07-12 13:06:33,550 INFO  server.RaftServerConfigKeys (ConfUtils.java:logGet(43)) - raft.server.rpc.timeout.max = 5200ms (custom)
2019-07-12 13:06:33,550 INFO  server.RaftServerConfigKeys (ConfUtils.java:logGet(43)) - raft.server.rpcslowness.timeout = 120s (custom)
2019-07-12 13:06:33,550 INFO  server.RaftServerConfigKeys (ConfUtils.java:logGet(43)) - raft.server.sleep.deviation.threshold = 300 (default)
2019-07-12 13:06:33,550 INFO  server.RaftServerConfigKeys (ConfUtils.java:logGet(43)) - raft.server.log.appender.install.snapshot.enabled = false (custom)
2019-07-12 13:06:33,550 INFO  impl.RaftServerProxy (RaftServerProxy.java:addNew(89)) - 36faec0d-2528-47a5-8dc0-b3acb5d72577: addNew group-26E6EA2301C1:[1021b88f-9eb2-4a91-8862-c4fd4e2788e3:192.168.157.212:34400, 36faec0d-2528-47a5-8dc0-b3acb5d72577:192.168.157.212:34487, 127ba201-5fa8-4097-8893-635bce1d52f1:192.168.157.212:33520] returns group-26E6EA2301C1:java.util.concurrent.CompletableFuture@6de6511c[Not completed]
2019-07-12 13:06:33,550 INFO  impl.RaftServerImpl (ServerState.java:<init>(105)) - 127ba201-5fa8-4097-8893-635bce1d52f1:group-26E6EA2301C1 ConfigurationManager, init=-1: [1021b88f-9eb2-4a91-8862-c4fd4e2788e3:192.168.157.212:34400, 36faec0d-2528-47a5-8dc0-b3acb5d72577:192.168.157.212:34487, 127ba201-5fa8-4097-8893-635bce1d52f1:192.168.157.212:33520], old=null, confs=<EMPTY_MAP>
2019-07-12 13:06:33,550 INFO  impl.RaftServerImpl (RaftServerImpl.java:<init>(93)) - 1021b88f-9eb2-4a91-8862-c4fd4e2788e3: new RaftServerImpl for group-26E6EA2301C1:[1021b88f-9eb2-4a91-8862-c4fd4e2788e3:192.168.157.212:34400, 36faec0d-2528-47a5-8dc0-b3acb5d72577:192.168.157.212:34487, 127ba201-5fa8-4097-8893-635bce1d52f1:192.168.157.212:33520] with ContainerStateMachine:uninitialized
2019-07-12 13:06:33,551 INFO  server.RaftServerConfigKeys (ConfUtils.java:logGet(43)) - raft.server.storage.dir = [/tmp/workdir/hadoop-ozone/integration-test/target/test-dir/MiniOzoneClusterImpl-b7adce73-001b-448b-8b3e-b87d80415a10/datanode-4/data/ratis] (custom)
2019-07-12 13:06:33,551 INFO  server.RaftServerConfigKeys (ConfUtils.java:logGet(43)) - raft.server.rpc.timeout.min = 5s (custom)
2019-07-12 13:06:33,551 INFO  server.RaftServerConfigKeys (ConfUtils.java:logGet(43)) - raft.server.rpc.timeout.max = 5200ms (custom)
2019-07-12 13:06:33,551 INFO  storage.RaftStorageDirectory (RaftStorageDirectory.java:analyzeStorage(246)) - The storage directory /tmp/workdir/hadoop-ozone/integration-test/target/test-dir/MiniOzoneClusterImpl-b7adce73-001b-448b-8b3e-b87d80415a10/datanode-4/data/ratis/881cbf2e-53aa-42ed-8edf-26e6ea2301c1 does not exist. Creating ...
2019-07-12 13:06:33,552 INFO  impl.RaftServerImpl (RaftServerImpl.java:<init>(93)) - 36faec0d-2528-47a5-8dc0-b3acb5d72577: new RaftServerImpl for group-26E6EA2301C1:[1021b88f-9eb2-4a91-8862-c4fd4e2788e3:192.168.157.212:34400, 36faec0d-2528-47a5-8dc0-b3acb5d72577:192.168.157.212:34487, 127ba201-5fa8-4097-8893-635bce1d52f1:192.168.157.212:33520] with ContainerStateMachine:uninitialized
2019-07-12 13:06:33,551 INFO  server.RaftServerConfigKeys (ConfUtils.java:logGet(43)) - raft.server.rpcslowness.timeout = 120s (custom)
2019-07-12 13:06:33,552 INFO  server.RaftServerConfigKeys (ConfUtils.java:logGet(43)) - raft.server.rpc.timeout.min = 5s (custom)
2019-07-12 13:06:33,552 INFO  server.RaftServerConfigKeys (ConfUtils.java:logGet(43)) - raft.server.sleep.deviation.threshold = 300 (default)
2019-07-12 13:06:33,552 INFO  server.RaftServerConfigKeys (ConfUtils.java:logGet(43)) - raft.server.rpc.timeout.max = 5200ms (custom)
2019-07-12 13:06:33,552 INFO  server.RaftServerConfigKeys (ConfUtils.java:logGet(43)) - raft.server.log.appender.install.snapshot.enabled = false (custom)
2019-07-12 13:06:33,552 INFO  server.RaftServerConfigKeys (ConfUtils.java:logGet(43)) - raft.server.rpcslowness.timeout = 120s (custom)
2019-07-12 13:06:33,553 INFO  impl.RaftServerImpl (ServerState.java:<init>(105)) - 1021b88f-9eb2-4a91-8862-c4fd4e2788e3:group-26E6EA2301C1 ConfigurationManager, init=-1: [1021b88f-9eb2-4a91-8862-c4fd4e2788e3:192.168.157.212:34400, 36faec0d-2528-47a5-8dc0-b3acb5d72577:192.168.157.212:34487, 127ba201-5fa8-4097-8893-635bce1d52f1:192.168.157.212:33520], old=null, confs=<EMPTY_MAP>
2019-07-12 13:06:33,553 INFO  server.RaftServerConfigKeys (ConfUtils.java:logGet(43)) - raft.server.sleep.deviation.threshold = 300 (default)
2019-07-12 13:06:33,553 INFO  server.RaftServerConfigKeys (ConfUtils.java:logGet(43)) - raft.server.storage.dir = [/tmp/workdir/hadoop-ozone/integration-test/target/test-dir/MiniOzoneClusterImpl-b7adce73-001b-448b-8b3e-b87d80415a10/datanode-1/data/ratis] (custom)
2019-07-12 13:06:33,553 INFO  server.RaftServerConfigKeys (ConfUtils.java:logGet(43)) - raft.server.log.appender.install.snapshot.enabled = false (custom)
2019-07-12 13:06:33,553 INFO  impl.RaftServerImpl (ServerState.java:<init>(105)) - 36faec0d-2528-47a5-8dc0-b3acb5d72577:group-26E6EA2301C1 ConfigurationManager, init=-1: [1021b88f-9eb2-4a91-8862-c4fd4e2788e3:192.168.157.212:34400, 36faec0d-2528-47a5-8dc0-b3acb5d72577:192.168.157.212:34487, 127ba201-5fa8-4097-8893-635bce1d52f1:192.168.157.212:33520], old=null, confs=<EMPTY_MAP>
2019-07-12 13:06:33,554 INFO  server.RaftServerConfigKeys (ConfUtils.java:logGet(43)) - raft.server.storage.dir = [/tmp/workdir/hadoop-ozone/integration-test/target/test-dir/MiniOzoneClusterImpl-b7adce73-001b-448b-8b3e-b87d80415a10/datanode-5/data/ratis] (custom)
2019-07-12 13:06:33,554 INFO  storage.RaftStorageDirectory (RaftStorageDirectory.java:analyzeStorage(246)) - The storage directory /tmp/workdir/hadoop-ozone/integration-test/target/test-dir/MiniOzoneClusterImpl-b7adce73-001b-448b-8b3e-b87d80415a10/datanode-1/data/ratis/881cbf2e-53aa-42ed-8edf-26e6ea2301c1 does not exist. Creating ...
2019-07-12 13:06:33,554 INFO  storage.RaftStorageDirectory (RaftStorageDirectory.java:analyzeStorage(246)) - The storage directory /tmp/workdir/hadoop-ozone/integration-test/target/test-dir/MiniOzoneClusterImpl-b7adce73-001b-448b-8b3e-b87d80415a10/datanode-5/data/ratis/881cbf2e-53aa-42ed-8edf-26e6ea2301c1 does not exist. Creating ...
2019-07-12 13:06:33,565 INFO  storage.RaftStorageDirectory (RaftStorageDirectory.java:tryLock(328)) - Lock on /tmp/workdir/hadoop-ozone/integration-test/target/test-dir/MiniOzoneClusterImpl-b7adce73-001b-448b-8b3e-b87d80415a10/datanode-5/data/ratis/881cbf2e-53aa-42ed-8edf-26e6ea2301c1/in_use.lock acquired by nodename 13208@pr-hdds-17356bwxm-3764869708
2019-07-12 13:06:33,565 INFO  storage.RaftStorageDirectory (RaftStorageDirectory.java:tryLock(328)) - Lock on /tmp/workdir/hadoop-ozone/integration-test/target/test-dir/MiniOzoneClusterImpl-b7adce73-001b-448b-8b3e-b87d80415a10/datanode-4/data/ratis/881cbf2e-53aa-42ed-8edf-26e6ea2301c1/in_use.lock acquired by nodename 13208@pr-hdds-17356bwxm-3764869708
2019-07-12 13:06:33,565 INFO  storage.RaftStorageDirectory (RaftStorageDirectory.java:tryLock(328)) - Lock on /tmp/workdir/hadoop-ozone/integration-test/target/test-dir/MiniOzoneClusterImpl-b7adce73-001b-448b-8b3e-b87d80415a10/datanode-1/data/ratis/881cbf2e-53aa-42ed-8edf-26e6ea2301c1/in_use.lock acquired by nodename 13208@pr-hdds-17356bwxm-3764869708
2019-07-12 13:06:33,584 INFO  storage.RaftStorage (RaftStorage.java:format(72)) - Storage directory /tmp/workdir/hadoop-ozone/integration-test/target/test-dir/MiniOzoneClusterImpl-b7adce73-001b-448b-8b3e-b87d80415a10/datanode-4/data/ratis/881cbf2e-53aa-42ed-8edf-26e6ea2301c1 has been successfully formatted.
2019-07-12 13:06:33,584 INFO  storage.RaftStorage (RaftStorage.java:format(72)) - Storage directory /tmp/workdir/hadoop-ozone/integration-test/target/test-dir/MiniOzoneClusterImpl-b7adce73-001b-448b-8b3e-b87d80415a10/datanode-1/data/ratis/881cbf2e-53aa-42ed-8edf-26e6ea2301c1 has been successfully formatted.
2019-07-12 13:06:33,584 INFO  storage.RaftStorage (RaftStorage.java:format(72)) - Storage directory /tmp/workdir/hadoop-ozone/integration-test/target/test-dir/MiniOzoneClusterImpl-b7adce73-001b-448b-8b3e-b87d80415a10/datanode-5/data/ratis/881cbf2e-53aa-42ed-8edf-26e6ea2301c1 has been successfully formatted.
2019-07-12 13:06:33,585 INFO  ratis.ContainerStateMachine (ContainerStateMachine.java:loadSnapshot(200)) - The snapshot info is null.Setting the last applied index to:(t:0, i:~)
2019-07-12 13:06:33,585 INFO  ratis.ContainerStateMachine (ContainerStateMachine.java:loadSnapshot(200)) - The snapshot info is null.Setting the last applied index to:(t:0, i:~)
2019-07-12 13:06:33,585 INFO  ratis.ContainerStateMachine (ContainerStateMachine.java:loadSnapshot(200)) - The snapshot info is null.Setting the last applied index to:(t:0, i:~)
2019-07-12 13:06:33,585 INFO  server.RaftServerConfigKeys (ConfUtils.java:logGet(43)) - raft.server.leader.election.timeout = 120s (custom)
2019-07-12 13:06:33,585 INFO  server.RaftServerConfigKeys (ConfUtils.java:logGet(43)) - raft.server.leader.election.timeout = 120s (custom)
2019-07-12 13:06:33,586 INFO  server.RaftServerConfigKeys (ConfUtils.java:logGet(43)) - raft.server.log.use.memory = false (default)
2019-07-12 13:06:33,586 INFO  server.RaftServerConfigKeys (ConfUtils.java:logGet(43)) - raft.server.leader.election.timeout = 120s (custom)
2019-07-12 13:06:33,586 INFO  server.RaftServerConfigKeys (ConfUtils.java:logGet(43)) - raft.server.log.purge.gap = 1000000000 (custom)
2019-07-12 13:06:33,586 INFO  server.RaftServerConfigKeys (ConfUtils.java:logGet(43)) - raft.server.log.use.memory = false (default)
2019-07-12 13:06:33,586 INFO  server.RaftServerConfigKeys (ConfUtils.java:logGet(43)) - raft.server.log.appender.buffer.byte-limit = 33554432 (custom)
2019-07-12 13:06:33,586 INFO  server.RaftServerConfigKeys (ConfUtils.java:logGet(43)) - raft.server.log.use.memory = false (default)
2019-07-12 13:06:33,587 INFO  server.RaftServerConfigKeys (ConfUtils.java:logGet(43)) - raft.server.log.segment.size.max = 1048576 (custom)
2019-07-12 13:06:33,587 INFO  server.RaftServerConfigKeys (ConfUtils.java:logGet(43)) - raft.server.log.purge.gap = 1000000000 (custom)
2019-07-12 13:06:33,587 INFO  server.RaftServerConfigKeys (ConfUtils.java:logGet(43)) - raft.server.log.segment.cache.num.max = 2 (custom)
2019-07-12 13:06:33,587 INFO  server.RaftServerConfigKeys (ConfUtils.java:logGet(43)) - raft.server.log.purge.gap = 1000000000 (custom)
2019-07-12 13:06:33,588 INFO  segmented.SegmentedRaftLogWorker (SegmentedRaftLogWorker.java:<init>(172)) - new 36faec0d-2528-47a5-8dc0-b3acb5d72577-SegmentedRaftLogWorker:Storage Directory /tmp/workdir/hadoop-ozone/integration-test/target/test-dir/MiniOzoneClusterImpl-b7adce73-001b-448b-8b3e-b87d80415a10/datanode-5/data/ratis/881cbf2e-53aa-42ed-8edf-26e6ea2301c1 for RaftStorage:Storage Directory /tmp/workdir/hadoop-ozone/integration-test/target/test-dir/MiniOzoneClusterImpl-b7adce73-001b-448b-8b3e-b87d80415a10/datanode-5/data/ratis/881cbf2e-53aa-42ed-8edf-26e6ea2301c1
2019-07-12 13:06:33,587 INFO  server.RaftServerConfigKeys (ConfUtils.java:logGet(43)) - raft.server.log.appender.buffer.byte-limit = 33554432 (custom)
2019-07-12 13:06:33,588 INFO  server.RaftServerConfigKeys (ConfUtils.java:logGet(43)) - raft.server.log.queue.byte-limit = 2147483647 (custom)
2019-07-12 13:06:33,588 INFO  server.RaftServerConfigKeys (ConfUtils.java:logGet(43)) - raft.server.log.appender.buffer.byte-limit = 33554432 (custom)
2019-07-12 13:06:33,590 INFO  server.RaftServerConfigKeys (ConfUtils.java:logGet(43)) - raft.server.log.queue.element-limit = 1024 (custom)
2019-07-12 13:06:33,590 INFO  server.RaftServerConfigKeys (ConfUtils.java:logGet(43)) - raft.server.log.segment.size.max = 1048576 (custom)
2019-07-12 13:06:33,591 INFO  server.RaftServerConfigKeys (ConfUtils.java:logGet(43)) - raft.server.log.segment.size.max = 1048576 (custom)
2019-07-12 13:06:33,590 INFO  server.RaftServerConfigKeys (ConfUtils.java:logGet(43)) - raft.server.log.segment.size.max = 1048576 (custom)
2019-07-12 13:06:33,591 INFO  server.RaftServerConfigKeys (ConfUtils.java:logGet(43)) - raft.server.log.preallocated.size = 16384 (custom)
2019-07-12 13:06:33,591 INFO  server.RaftServerConfigKeys (ConfUtils.java:logGet(43)) - raft.server.log.segment.cache.num.max = 2 (custom)
2019-07-12 13:06:33,592 INFO  server.RaftServerConfigKeys (ConfUtils.java:logGet(43)) - raft.server.log.write.buffer.size = 33554432 (custom)
2019-07-12 13:06:33,591 INFO  server.RaftServerConfigKeys (ConfUtils.java:logGet(43)) - raft.server.log.segment.cache.num.max = 2 (custom)
2019-07-12 13:06:33,592 INFO  server.RaftServerConfigKeys (ConfUtils.java:logGet(43)) - raft.server.log.force.sync.num = 128 (default)
2019-07-12 13:06:33,592 INFO  server.RaftServerConfigKeys (ConfUtils.java:logGet(43)) - raft.server.log.statemachine.data.sync = true (default)
2019-07-12 13:06:33,592 INFO  segmented.SegmentedRaftLogWorker (SegmentedRaftLogWorker.java:<init>(172)) - new 127ba201-5fa8-4097-8893-635bce1d52f1-SegmentedRaftLogWorker:Storage Directory /tmp/workdir/hadoop-ozone/integration-test/target/test-dir/MiniOzoneClusterImpl-b7adce73-001b-448b-8b3e-b87d80415a10/datanode-4/data/ratis/881cbf2e-53aa-42ed-8edf-26e6ea2301c1 for RaftStorage:Storage Directory /tmp/workdir/hadoop-ozone/integration-test/target/test-dir/MiniOzoneClusterImpl-b7adce73-001b-448b-8b3e-b87d80415a10/datanode-4/data/ratis/881cbf2e-53aa-42ed-8edf-26e6ea2301c1
2019-07-12 13:06:33,592 INFO  server.RaftServerConfigKeys (ConfUtils.java:logGet(43)) - raft.server.log.statemachine.data.sync.timeout = 10s (default)
2019-07-12 13:06:33,592 INFO  segmented.SegmentedRaftLogWorker (SegmentedRaftLogWorker.java:<init>(172)) - new 1021b88f-9eb2-4a91-8862-c4fd4e2788e3-SegmentedRaftLogWorker:Storage Directory /tmp/workdir/hadoop-ozone/integration-test/target/test-dir/MiniOzoneClusterImpl-b7adce73-001b-448b-8b3e-b87d80415a10/datanode-1/data/ratis/881cbf2e-53aa-42ed-8edf-26e6ea2301c1 for RaftStorage:Storage Directory /tmp/workdir/hadoop-ozone/integration-test/target/test-dir/MiniOzoneClusterImpl-b7adce73-001b-448b-8b3e-b87d80415a10/datanode-1/data/ratis/881cbf2e-53aa-42ed-8edf-26e6ea2301c1
2019-07-12 13:06:33,593 INFO  server.RaftServerConfigKeys (ConfUtils.java:logGet(43)) - raft.server.log.statemachine.data.sync.timeout.retry = -1 (default)
2019-07-12 13:06:33,593 INFO  server.RaftServerConfigKeys (ConfUtils.java:logGet(43)) - raft.server.log.queue.byte-limit = 2147483647 (custom)
2019-07-12 13:06:33,597 INFO  server.RaftServerConfigKeys (ConfUtils.java:logGet(43)) - raft.server.log.statemachine.data.caching.enabled = true (custom)
2019-07-12 13:06:33,595 INFO  server.RaftServerConfigKeys (ConfUtils.java:logGet(43)) - raft.server.log.queue.byte-limit = 2147483647 (custom)
2019-07-12 13:06:33,597 INFO  server.RaftServerConfigKeys (ConfUtils.java:logGet(43)) - raft.server.log.queue.element-limit = 1024 (custom)
2019-07-12 13:06:33,598 INFO  server.RaftServerConfigKeys (ConfUtils.java:logGet(43)) - raft.server.log.queue.element-limit = 1024 (custom)
2019-07-12 13:06:33,598 INFO  segmented.SegmentedRaftLogWorker (SegmentedRaftLogWorker.java:lambda$new$0(132)) - 36faec0d-2528-47a5-8dc0-b3acb5d72577-SegmentedRaftLogWorker:Storage Directory /tmp/workdir/hadoop-ozone/integration-test/target/test-dir/MiniOzoneClusterImpl-b7adce73-001b-448b-8b3e-b87d80415a10/datanode-5/data/ratis/881cbf2e-53aa-42ed-8edf-26e6ea2301c1: flushIndex: setUnconditionally 0 -> -1
2019-07-12 13:06:33,598 INFO  server.RaftServerConfigKeys (ConfUtils.java:logGet(43)) - raft.server.log.segment.size.max = 1048576 (custom)
2019-07-12 13:06:33,598 INFO  server.RaftServerConfigKeys (ConfUtils.java:logGet(43)) - raft.server.log.segment.size.max = 1048576 (custom)
2019-07-12 13:06:33,599 INFO  server.RaftServerConfigKeys (ConfUtils.java:logGet(43)) - raft.server.snapshot.auto.trigger.enabled = true (custom)
2019-07-12 13:06:33,598 INFO  server.RaftServerConfigKeys (ConfUtils.java:logGet(43)) - raft.server.log.preallocated.size = 16384 (custom)
2019-07-12 13:06:33,599 INFO  server.RaftServerConfigKeys (ConfUtils.java:logGet(43)) - raft.server.snapshot.auto.trigger.threshold = 10000 (custom)
2019-07-12 13:06:33,599 INFO  server.RaftServerConfigKeys (ConfUtils.java:logGet(43)) - raft.server.log.preallocated.size = 16384 (custom)
2019-07-12 13:06:33,599 INFO  server.RaftServerConfigKeys (ConfUtils.java:logGet(43)) - raft.server.retrycache.expirytime = 600000ms (custom)
2019-07-12 13:06:33,599 INFO  server.RaftServerConfigKeys (ConfUtils.java:logGet(43)) - raft.server.log.write.buffer.size = 33554432 (custom)
2019-07-12 13:06:33,600 INFO  impl.RaftServerImpl (RaftServerImpl.java:start(180)) - 36faec0d-2528-47a5-8dc0-b3acb5d72577: start group-26E6EA2301C1
2019-07-12 13:06:33,600 INFO  impl.RaftServerImpl (RaftServerImpl.java:setRole(171)) - 36faec0d-2528-47a5-8dc0-b3acb5d72577:group-26E6EA2301C1 changes role from null to FOLLOWER at term 0 for startAsFollower
2019-07-12 13:06:33,599 INFO  server.RaftServerConfigKeys (ConfUtils.java:logGet(43)) - raft.server.log.write.buffer.size = 33554432 (custom)
2019-07-12 13:06:33,600 INFO  impl.RoleInfo (RoleInfo.java:updateAndGet(143)) - 36faec0d-2528-47a5-8dc0-b3acb5d72577: start FollowerState
2019-07-12 13:06:33,600 INFO  server.RaftServerConfigKeys (ConfUtils.java:logGet(43)) - raft.server.log.force.sync.num = 128 (default)
2019-07-12 13:06:33,600 INFO  server.RaftServerConfigKeys (ConfUtils.java:logGet(43)) - raft.server.log.force.sync.num = 128 (default)
2019-07-12 13:06:33,601 INFO  util.JmxRegister (JmxRegister.java:tryRegister(44)) - Successfully registered JMX Bean with object name Ratis:service=RaftServer,group=group-26E6EA2301C1,id=36faec0d-2528-47a5-8dc0-b3acb5d72577
2019-07-12 13:06:33,601 INFO  server.RaftServerConfigKeys (ConfUtils.java:logGet(43)) - raft.server.log.statemachine.data.sync = true (default)
2019-07-12 13:06:33,601 INFO  server.RaftServerConfigKeys (ConfUtils.java:logGet(43)) - raft.server.log.statemachine.data.sync = true (default)
2019-07-12 13:06:33,601 INFO  server.RaftServerConfigKeys (ConfUtils.java:logGet(43)) - raft.server.log.statemachine.data.sync.timeout = 10s (default)
2019-07-12 13:06:33,601 INFO  server.RaftServerConfigKeys (ConfUtils.java:logGet(43)) - raft.server.log.statemachine.data.sync.timeout = 10s (default)
2019-07-12 13:06:33,602 INFO  server.RaftServerConfigKeys (ConfUtils.java:logGet(43)) - raft.server.log.statemachine.data.sync.timeout.retry = -1 (default)
2019-07-12 13:06:33,602 INFO  server.RaftServerConfigKeys (ConfUtils.java:logGet(43)) - raft.server.log.statemachine.data.sync.timeout.retry = -1 (default)
2019-07-12 13:06:33,602 INFO  server.RaftServerConfigKeys (ConfUtils.java:logGet(43)) - raft.server.log.statemachine.data.caching.enabled = true (custom)
2019-07-12 13:06:33,602 INFO  server.RaftServerConfigKeys (ConfUtils.java:logGet(43)) - raft.server.log.statemachine.data.caching.enabled = true (custom)
2019-07-12 13:06:33,602 INFO  segmented.SegmentedRaftLogWorker (SegmentedRaftLogWorker.java:lambda$new$0(132)) - 1021b88f-9eb2-4a91-8862-c4fd4e2788e3-SegmentedRaftLogWorker:Storage Directory /tmp/workdir/hadoop-ozone/integration-test/target/test-dir/MiniOzoneClusterImpl-b7adce73-001b-448b-8b3e-b87d80415a10/datanode-1/data/ratis/881cbf2e-53aa-42ed-8edf-26e6ea2301c1: flushIndex: setUnconditionally 0 -> -1
2019-07-12 13:06:33,603 INFO  segmented.SegmentedRaftLogWorker (SegmentedRaftLogWorker.java:lambda$new$0(132)) - 127ba201-5fa8-4097-8893-635bce1d52f1-SegmentedRaftLogWorker:Storage Directory /tmp/workdir/hadoop-ozone/integration-test/target/test-dir/MiniOzoneClusterImpl-b7adce73-001b-448b-8b3e-b87d80415a10/datanode-4/data/ratis/881cbf2e-53aa-42ed-8edf-26e6ea2301c1: flushIndex: setUnconditionally 0 -> -1
2019-07-12 13:06:33,603 INFO  server.RaftServerConfigKeys (ConfUtils.java:logGet(43)) - raft.server.snapshot.auto.trigger.enabled = true (custom)
2019-07-12 13:06:33,603 INFO  server.RaftServerConfigKeys (ConfUtils.java:logGet(43)) - raft.server.snapshot.auto.trigger.threshold = 10000 (custom)
2019-07-12 13:06:33,603 INFO  server.RaftServerConfigKeys (ConfUtils.java:logGet(43)) - raft.server.snapshot.auto.trigger.enabled = true (custom)
2019-07-12 13:06:33,603 INFO  server.RaftServerConfigKeys (ConfUtils.java:logGet(43)) - raft.server.retrycache.expirytime = 600000ms (custom)
2019-07-12 13:06:33,603 INFO  server.RaftServerConfigKeys (ConfUtils.java:logGet(43)) - raft.server.snapshot.auto.trigger.threshold = 10000 (custom)
2019-07-12 13:06:33,606 INFO  impl.RaftServerImpl (RaftServerImpl.java:start(180)) - 1021b88f-9eb2-4a91-8862-c4fd4e2788e3: start group-26E6EA2301C1
2019-07-12 13:06:33,606 INFO  server.RaftServerConfigKeys (ConfUtils.java:logGet(43)) - raft.server.retrycache.expirytime = 600000ms (custom)
2019-07-12 13:06:33,606 INFO  impl.RaftServerImpl (RaftServerImpl.java:setRole(171)) - 1021b88f-9eb2-4a91-8862-c4fd4e2788e3:group-26E6EA2301C1 changes role from null to FOLLOWER at term 0 for startAsFollower
2019-07-12 13:06:33,608 INFO  impl.RaftServerImpl (RaftServerImpl.java:start(180)) - 127ba201-5fa8-4097-8893-635bce1d52f1: start group-26E6EA2301C1
2019-07-12 13:06:33,608 INFO  impl.RoleInfo (RoleInfo.java:updateAndGet(143)) - 1021b88f-9eb2-4a91-8862-c4fd4e2788e3: start FollowerState
2019-07-12 13:06:33,608 INFO  impl.RaftServerImpl (RaftServerImpl.java:setRole(171)) - 127ba201-5fa8-4097-8893-635bce1d52f1:group-26E6EA2301C1 changes role from null to FOLLOWER at term 0 for startAsFollower
2019-07-12 13:06:33,610 INFO  impl.RoleInfo (RoleInfo.java:updateAndGet(143)) - 127ba201-5fa8-4097-8893-635bce1d52f1: start FollowerState
2019-07-12 13:06:33,611 INFO  util.JmxRegister (JmxRegister.java:tryRegister(44)) - Successfully registered JMX Bean with object name Ratis:service=RaftServer,group=group-26E6EA2301C1,id=1021b88f-9eb2-4a91-8862-c4fd4e2788e3
2019-07-12 13:06:33,613 INFO  util.JmxRegister (JmxRegister.java:tryRegister(44)) - Successfully registered JMX Bean with object name Ratis:service=RaftServer,group=group-26E6EA2301C1,id=127ba201-5fa8-4097-8893-635bce1d52f1
2019-07-12 13:06:33,625 INFO  ozone.MiniOzoneClusterImpl (MiniOzoneClusterImpl.java:lambda$waitForClusterToBeReady$0(142)) - Cluster is ready. Got 7 of 7 DN Heartbeats.
2019-07-12 13:06:33,630 INFO  pipeline.PipelineStateManager (PipelineStateManager.java:addPipeline(56)) - Created pipeline Pipeline[ Id: 881cbf2e-53aa-42ed-8edf-26e6ea2301c1, Nodes: 127ba201-5fa8-4097-8893-635bce1d52f1{ip: 192.168.157.212, host: pr-hdds-17356bwxm-3764869708, networkLocation: /default-rack, certSerialId: null}1021b88f-9eb2-4a91-8862-c4fd4e2788e3{ip: 192.168.157.212, host: pr-hdds-17356bwxm-3764869708, networkLocation: /default-rack, certSerialId: null}36faec0d-2528-47a5-8dc0-b3acb5d72577{ip: 192.168.157.212, host: pr-hdds-17356bwxm-3764869708, networkLocation: /default-rack, certSerialId: null}, Type:RATIS, Factor:THREE, State:OPEN]
2019-07-12 13:06:33,669 INFO  impl.RaftServerProxy (RaftServerProxy.java:addNew(89)) - 7e2005de-03c1-4741-8724-e49b8503bfce: addNew group-1F72CCFDCC7B:[9e0ce00e-bd9e-4362-b99a-25aeecbf96cd:192.168.157.212:37660, 37bc2117-d202-4423-8eea-25ffa4501bf7:192.168.157.212:43868, 7e2005de-03c1-4741-8724-e49b8503bfce:192.168.157.212:35551] returns group-1F72CCFDCC7B:java.util.concurrent.CompletableFuture@1030f3b5[Not completed]
2019-07-12 13:06:33,669 INFO  impl.RaftServerProxy (RaftServerProxy.java:addNew(89)) - 37bc2117-d202-4423-8eea-25ffa4501bf7: addNew group-1F72CCFDCC7B:[9e0ce00e-bd9e-4362-b99a-25aeecbf96cd:192.168.157.212:37660, 37bc2117-d202-4423-8eea-25ffa4501bf7:192.168.157.212:43868, 7e2005de-03c1-4741-8724-e49b8503bfce:192.168.157.212:35551] returns group-1F72CCFDCC7B:java.util.concurrent.CompletableFuture@6a095ace[Not completed]
2019-07-12 13:06:33,669 INFO  impl.RaftServerProxy (RaftServerProxy.java:addNew(89)) - 9e0ce00e-bd9e-4362-b99a-25aeecbf96cd: addNew group-1F72CCFDCC7B:[9e0ce00e-bd9e-4362-b99a-25aeecbf96cd:192.168.157.212:37660, 37bc2117-d202-4423-8eea-25ffa4501bf7:192.168.157.212:43868, 7e2005de-03c1-4741-8724-e49b8503bfce:192.168.157.212:35551] returns group-1F72CCFDCC7B:java.util.concurrent.CompletableFuture@3c5f75a3[Not completed]
2019-07-12 13:06:33,673 INFO  impl.RaftServerImpl (RaftServerImpl.java:<init>(93)) - 7e2005de-03c1-4741-8724-e49b8503bfce: new RaftServerImpl for group-1F72CCFDCC7B:[9e0ce00e-bd9e-4362-b99a-25aeecbf96cd:192.168.157.212:37660, 37bc2117-d202-4423-8eea-25ffa4501bf7:192.168.157.212:43868, 7e2005de-03c1-4741-8724-e49b8503bfce:192.168.157.212:35551] with ContainerStateMachine:uninitialized
2019-07-12 13:06:33,673 INFO  server.RaftServerConfigKeys (ConfUtils.java:logGet(43)) - raft.server.rpc.timeout.min = 5s (custom)
2019-07-12 13:06:33,674 INFO  server.RaftServerConfigKeys (ConfUtils.java:logGet(43)) - raft.server.rpc.timeout.max = 5200ms (custom)
2019-07-12 13:06:33,674 INFO  server.RaftServerConfigKeys (ConfUtils.java:logGet(43)) - raft.server.rpcslowness.timeout = 120s (custom)
2019-07-12 13:06:33,674 INFO  server.RaftServerConfigKeys (ConfUtils.java:logGet(43)) - raft.server.sleep.deviation.threshold = 300 (default)
2019-07-12 13:06:33,674 INFO  impl.RaftServerImpl (RaftServerImpl.java:<init>(93)) - 37bc2117-d202-4423-8eea-25ffa4501bf7: new RaftServerImpl for group-1F72CCFDCC7B:[9e0ce00e-bd9e-4362-b99a-25aeecbf96cd:192.168.157.212:37660, 37bc2117-d202-4423-8eea-25ffa4501bf7:192.168.157.212:43868, 7e2005de-03c1-4741-8724-e49b8503bfce:192.168.157.212:35551] with ContainerStateMachine:uninitialized
2019-07-12 13:06:33,674 INFO  server.RaftServerConfigKeys (ConfUtils.java:logGet(43)) - raft.server.log.appender.install.snapshot.enabled = false (custom)
2019-07-12 13:06:33,674 INFO  server.RaftServerConfigKeys (ConfUtils.java:logGet(43)) - raft.server.rpc.timeout.min = 5s (custom)
2019-07-12 13:06:33,674 INFO  impl.RaftServerImpl (ServerState.java:<init>(105)) - 7e2005de-03c1-4741-8724-e49b8503bfce:group-1F72CCFDCC7B ConfigurationManager, init=-1: [9e0ce00e-bd9e-4362-b99a-25aeecbf96cd:192.168.157.212:37660, 37bc2117-d202-4423-8eea-25ffa4501bf7:192.168.157.212:43868, 7e2005de-03c1-4741-8724-e49b8503bfce:192.168.157.212:35551], old=null, confs=<EMPTY_MAP>
2019-07-12 13:06:33,675 INFO  server.RaftServerConfigKeys (ConfUtils.java:logGet(43)) - raft.server.rpc.timeout.max = 5200ms (custom)
2019-07-12 13:06:33,675 INFO  server.RaftServerConfigKeys (ConfUtils.java:logGet(43)) - raft.server.storage.dir = [/tmp/workdir/hadoop-ozone/integration-test/target/test-dir/MiniOzoneClusterImpl-b7adce73-001b-448b-8b3e-b87d80415a10/datanode-3/data/ratis] (custom)
2019-07-12 13:06:33,675 INFO  server.RaftServerConfigKeys (ConfUtils.java:logGet(43)) - raft.server.rpcslowness.timeout = 120s (custom)
2019-07-12 13:06:33,675 INFO  impl.RaftServerImpl (RaftServerImpl.java:<init>(93)) - 9e0ce00e-bd9e-4362-b99a-25aeecbf96cd: new RaftServerImpl for group-1F72CCFDCC7B:[9e0ce00e-bd9e-4362-b99a-25aeecbf96cd:192.168.157.212:37660, 37bc2117-d202-4423-8eea-25ffa4501bf7:192.168.157.212:43868, 7e2005de-03c1-4741-8724-e49b8503bfce:192.168.157.212:35551] with ContainerStateMachine:uninitialized
2019-07-12 13:06:33,675 INFO  server.RaftServerConfigKeys (ConfUtils.java:logGet(43)) - raft.server.sleep.deviation.threshold = 300 (default)
2019-07-12 13:06:33,675 INFO  storage.RaftStorageDirectory (RaftStorageDirectory.java:analyzeStorage(246)) - The storage directory /tmp/workdir/hadoop-ozone/integration-test/target/test-dir/MiniOzoneClusterImpl-b7adce73-001b-448b-8b3e-b87d80415a10/datanode-3/data/ratis/4955584e-d0df-4a15-8810-1f72ccfdcc7b does not exist. Creating ...
2019-07-12 13:06:33,675 INFO  server.RaftServerConfigKeys (ConfUtils.java:logGet(43)) - raft.server.rpc.timeout.min = 5s (custom)
2019-07-12 13:06:33,675 INFO  server.RaftServerConfigKeys (ConfUtils.java:logGet(43)) - raft.server.log.appender.install.snapshot.enabled = false (custom)
2019-07-12 13:06:33,676 INFO  server.RaftServerConfigKeys (ConfUtils.java:logGet(43)) - raft.server.rpc.timeout.max = 5200ms (custom)
2019-07-12 13:06:33,676 INFO  impl.RaftServerImpl (ServerState.java:<init>(105)) - 37bc2117-d202-4423-8eea-25ffa4501bf7:group-1F72CCFDCC7B ConfigurationManager, init=-1: [9e0ce00e-bd9e-4362-b99a-25aeecbf96cd:192.168.157.212:37660, 37bc2117-d202-4423-8eea-25ffa4501bf7:192.168.157.212:43868, 7e2005de-03c1-4741-8724-e49b8503bfce:192.168.157.212:35551], old=null, confs=<EMPTY_MAP>
2019-07-12 13:06:33,676 INFO  server.RaftServerConfigKeys (ConfUtils.java:logGet(43)) - raft.server.rpcslowness.timeout = 120s (custom)
2019-07-12 13:06:33,676 INFO  server.RaftServerConfigKeys (ConfUtils.java:logGet(43)) - raft.server.storage.dir = [/tmp/workdir/hadoop-ozone/integration-test/target/test-dir/MiniOzoneClusterImpl-b7adce73-001b-448b-8b3e-b87d80415a10/datanode-0/data/ratis] (custom)
2019-07-12 13:06:33,676 INFO  server.RaftServerConfigKeys (ConfUtils.java:logGet(43)) - raft.server.sleep.deviation.threshold = 300 (default)
2019-07-12 13:06:33,677 INFO  server.RaftServerConfigKeys (ConfUtils.java:logGet(43)) - raft.server.log.appender.install.snapshot.enabled = false (custom)
2019-07-12 13:06:33,677 INFO  impl.RaftServerImpl (ServerState.java:<init>(105)) - 9e0ce00e-bd9e-4362-b99a-25aeecbf96cd:group-1F72CCFDCC7B ConfigurationManager, init=-1: [9e0ce00e-bd9e-4362-b99a-25aeecbf96cd:192.168.157.212:37660, 37bc2117-d202-4423-8eea-25ffa4501bf7:192.168.157.212:43868, 7e2005de-03c1-4741-8724-e49b8503bfce:192.168.157.212:35551], old=null, confs=<EMPTY_MAP>
2019-07-12 13:06:33,677 INFO  storage.RaftStorageDirectory (RaftStorageDirectory.java:analyzeStorage(246)) - The storage directory /tmp/workdir/hadoop-ozone/integration-test/target/test-dir/MiniOzoneClusterImpl-b7adce73-001b-448b-8b3e-b87d80415a10/datanode-0/data/ratis/4955584e-d0df-4a15-8810-1f72ccfdcc7b does not exist. Creating ...
2019-07-12 13:06:33,677 INFO  server.RaftServerConfigKeys (ConfUtils.java:logGet(43)) - raft.server.storage.dir = [/tmp/workdir/hadoop-ozone/integration-test/target/test-dir/MiniOzoneClusterImpl-b7adce73-001b-448b-8b3e-b87d80415a10/datanode-6/data/ratis] (custom)
2019-07-12 13:06:33,677 INFO  storage.RaftStorageDirectory (RaftStorageDirectory.java:analyzeStorage(246)) - The storage directory /tmp/workdir/hadoop-ozone/integration-test/target/test-dir/MiniOzoneClusterImpl-b7adce73-001b-448b-8b3e-b87d80415a10/datanode-6/data/ratis/4955584e-d0df-4a15-8810-1f72ccfdcc7b does not exist. Creating ...
2019-07-12 13:06:33,699 INFO  storage.RaftStorageDirectory (RaftStorageDirectory.java:tryLock(328)) - Lock on /tmp/workdir/hadoop-ozone/integration-test/target/test-dir/MiniOzoneClusterImpl-b7adce73-001b-448b-8b3e-b87d80415a10/datanode-0/data/ratis/4955584e-d0df-4a15-8810-1f72ccfdcc7b/in_use.lock acquired by nodename 13208@pr-hdds-17356bwxm-3764869708
2019-07-12 13:06:33,699 INFO  storage.RaftStorageDirectory (RaftStorageDirectory.java:tryLock(328)) - Lock on /tmp/workdir/hadoop-ozone/integration-test/target/test-dir/MiniOzoneClusterImpl-b7adce73-001b-448b-8b3e-b87d80415a10/datanode-3/data/ratis/4955584e-d0df-4a15-8810-1f72ccfdcc7b/in_use.lock acquired by nodename 13208@pr-hdds-17356bwxm-3764869708
2019-07-12 13:06:33,699 INFO  storage.RaftStorageDirectory (RaftStorageDirectory.java:tryLock(328)) - Lock on /tmp/workdir/hadoop-ozone/integration-test/target/test-dir/MiniOzoneClusterImpl-b7adce73-001b-448b-8b3e-b87d80415a10/datanode-6/data/ratis/4955584e-d0df-4a15-8810-1f72ccfdcc7b/in_use.lock acquired by nodename 13208@pr-hdds-17356bwxm-3764869708
2019-07-12 13:06:33,719 INFO  storage.RaftStorage (RaftStorage.java:format(72)) - Storage directory /tmp/workdir/hadoop-ozone/integration-test/target/test-dir/MiniOzoneClusterImpl-b7adce73-001b-448b-8b3e-b87d80415a10/datanode-3/data/ratis/4955584e-d0df-4a15-8810-1f72ccfdcc7b has been successfully formatted.
2019-07-12 13:06:33,719 INFO  storage.RaftStorage (RaftStorage.java:format(72)) - Storage directory /tmp/workdir/hadoop-ozone/integration-test/target/test-dir/MiniOzoneClusterImpl-b7adce73-001b-448b-8b3e-b87d80415a10/datanode-0/data/ratis/4955584e-d0df-4a15-8810-1f72ccfdcc7b has been successfully formatted.
2019-07-12 13:06:33,719 INFO  ratis.ContainerStateMachine (ContainerStateMachine.java:loadSnapshot(200)) - The snapshot info is null.Setting the last applied index to:(t:0, i:~)
2019-07-12 13:06:33,719 INFO  storage.RaftStorage (RaftStorage.java:format(72)) - Storage directory /tmp/workdir/hadoop-ozone/integration-test/target/test-dir/MiniOzoneClusterImpl-b7adce73-001b-448b-8b3e-b87d80415a10/datanode-6/data/ratis/4955584e-d0df-4a15-8810-1f72ccfdcc7b has been successfully formatted.
2019-07-12 13:06:33,719 INFO  ratis.ContainerStateMachine (ContainerStateMachine.java:loadSnapshot(200)) - The snapshot info is null.Setting the last applied index to:(t:0, i:~)
2019-07-12 13:06:33,719 INFO  server.RaftServerConfigKeys (ConfUtils.java:logGet(43)) - raft.server.leader.election.timeout = 120s (custom)
2019-07-12 13:06:33,720 INFO  server.RaftServerConfigKeys (ConfUtils.java:logGet(43)) - raft.server.leader.election.timeout = 120s (custom)
2019-07-12 13:06:33,719 INFO  ratis.ContainerStateMachine (ContainerStateMachine.java:loadSnapshot(200)) - The snapshot info is null.Setting the last applied index to:(t:0, i:~)
2019-07-12 13:06:33,720 INFO  server.RaftServerConfigKeys (ConfUtils.java:logGet(43)) - raft.server.log.use.memory = false (default)
2019-07-12 13:06:33,720 INFO  server.RaftServerConfigKeys (ConfUtils.java:logGet(43)) - raft.server.log.use.memory = false (default)
2019-07-12 13:06:33,720 INFO  server.RaftServerConfigKeys (ConfUtils.java:logGet(43)) - raft.server.log.purge.gap = 1000000000 (custom)
2019-07-12 13:06:33,720 INFO  server.RaftServerConfigKeys (ConfUtils.java:logGet(43)) - raft.server.leader.election.timeout = 120s (custom)
2019-07-12 13:06:33,721 INFO  server.RaftServerConfigKeys (ConfUtils.java:logGet(43)) - raft.server.log.appender.buffer.byte-limit = 33554432 (custom)
2019-07-12 13:06:33,720 INFO  server.RaftServerConfigKeys (ConfUtils.java:logGet(43)) - raft.server.log.purge.gap = 1000000000 (custom)
2019-07-12 13:06:33,721 INFO  server.RaftServerConfigKeys (ConfUtils.java:logGet(43)) - raft.server.log.segment.size.max = 1048576 (custom)
2019-07-12 13:06:33,721 INFO  server.RaftServerConfigKeys (ConfUtils.java:logGet(43)) - raft.server.log.use.memory = false (default)
2019-07-12 13:06:33,721 INFO  server.RaftServerConfigKeys (ConfUtils.java:logGet(43)) - raft.server.log.segment.cache.num.max = 2 (custom)
2019-07-12 13:06:33,721 INFO  server.RaftServerConfigKeys (ConfUtils.java:logGet(43)) - raft.server.log.appender.buffer.byte-limit = 33554432 (custom)
2019-07-12 13:06:33,722 INFO  segmented.SegmentedRaftLogWorker (SegmentedRaftLogWorker.java:<init>(172)) - new 37bc2117-d202-4423-8eea-25ffa4501bf7-SegmentedRaftLogWorker:Storage Directory /tmp/workdir/hadoop-ozone/integration-test/target/test-dir/MiniOzoneClusterImpl-b7adce73-001b-448b-8b3e-b87d80415a10/datanode-0/data/ratis/4955584e-d0df-4a15-8810-1f72ccfdcc7b for RaftStorage:Storage Directory /tmp/workdir/hadoop-ozone/integration-test/target/test-dir/MiniOzoneClusterImpl-b7adce73-001b-448b-8b3e-b87d80415a10/datanode-0/data/ratis/4955584e-d0df-4a15-8810-1f72ccfdcc7b
2019-07-12 13:06:33,721 INFO  server.RaftServerConfigKeys (ConfUtils.java:logGet(43)) - raft.server.log.purge.gap = 1000000000 (custom)
2019-07-12 13:06:33,722 INFO  server.RaftServerConfigKeys (ConfUtils.java:logGet(43)) - raft.server.log.queue.byte-limit = 2147483647 (custom)
2019-07-12 13:06:33,722 INFO  server.RaftServerConfigKeys (ConfUtils.java:logGet(43)) - raft.server.log.segment.size.max = 1048576 (custom)
2019-07-12 13:06:33,727 INFO  server.RaftServerConfigKeys (ConfUtils.java:logGet(43)) - raft.server.log.queue.element-limit = 1024 (custom)
2019-07-12 13:06:33,722 INFO  server.RaftServerConfigKeys (ConfUtils.java:logGet(43)) - raft.server.log.appender.buffer.byte-limit = 33554432 (custom)
2019-07-12 13:06:33,728 INFO  server.RaftServerConfigKeys (ConfUtils.java:logGet(43)) - raft.server.log.segment.size.max = 1048576 (custom)
2019-07-12 13:06:33,727 INFO  server.RaftServerConfigKeys (ConfUtils.java:logGet(43)) - raft.server.log.segment.cache.num.max = 2 (custom)
2019-07-12 13:06:33,735 INFO  server.RaftServerConfigKeys (ConfUtils.java:logGet(43)) - raft.server.log.preallocated.size = 16384 (custom)
2019-07-12 13:06:33,728 INFO  server.RaftServerConfigKeys (ConfUtils.java:logGet(43)) - raft.server.log.segment.size.max = 1048576 (custom)
2019-07-12 13:06:33,738 INFO  server.RaftServerConfigKeys (ConfUtils.java:logGet(43)) - raft.server.log.write.buffer.size = 33554432 (custom)
2019-07-12 13:06:33,738 INFO  segmented.SegmentedRaftLogWorker (SegmentedRaftLogWorker.java:<init>(172)) - new 7e2005de-03c1-4741-8724-e49b8503bfce-SegmentedRaftLogWorker:Storage Directory /tmp/workdir/hadoop-ozone/integration-test/target/test-dir/MiniOzoneClusterImpl-b7adce73-001b-448b-8b3e-b87d80415a10/datanode-3/data/ratis/4955584e-d0df-4a15-8810-1f72ccfdcc7b for RaftStorage:Storage Directory /tmp/workdir/hadoop-ozone/integration-test/target/test-dir/MiniOzoneClusterImpl-b7adce73-001b-448b-8b3e-b87d80415a10/datanode-3/data/ratis/4955584e-d0df-4a15-8810-1f72ccfdcc7b
2019-07-12 13:06:33,739 INFO  server.RaftServerConfigKeys (ConfUtils.java:logGet(43)) - raft.server.log.force.sync.num = 128 (default)
2019-07-12 13:06:33,738 INFO  server.RaftServerConfigKeys (ConfUtils.java:logGet(43)) - raft.server.log.segment.cache.num.max = 2 (custom)
2019-07-12 13:06:33,739 INFO  server.RaftServerConfigKeys (ConfUtils.java:logGet(43)) - raft.server.log.statemachine.data.sync = true (default)
2019-07-12 13:06:33,739 INFO  server.RaftServerConfigKeys (ConfUtils.java:logGet(43)) - raft.server.log.queue.byte-limit = 2147483647 (custom)
2019-07-12 13:06:33,741 INFO  server.RaftServerConfigKeys (ConfUtils.java:logGet(43)) - raft.server.log.statemachine.data.sync.timeout = 10s (default)
2019-07-12 13:06:33,741 INFO  segmented.SegmentedRaftLogWorker (SegmentedRaftLogWorker.java:<init>(172)) - new 9e0ce00e-bd9e-4362-b99a-25aeecbf96cd-SegmentedRaftLogWorker:Storage Directory /tmp/workdir/hadoop-ozone/integration-test/target/test-dir/MiniOzoneClusterImpl-b7adce73-001b-448b-8b3e-b87d80415a10/datanode-6/data/ratis/4955584e-d0df-4a15-8810-1f72ccfdcc7b for RaftStorage:Storage Directory /tmp/workdir/hadoop-ozone/integration-test/target/test-dir/MiniOzoneClusterImpl-b7adce73-001b-448b-8b3e-b87d80415a10/datanode-6/data/ratis/4955584e-d0df-4a15-8810-1f72ccfdcc7b
2019-07-12 13:06:33,742 INFO  server.RaftServerConfigKeys (ConfUtils.java:logGet(43)) - raft.server.log.statemachine.data.sync.timeout.retry = -1 (default)
2019-07-12 13:06:33,741 INFO  server.RaftServerConfigKeys (ConfUtils.java:logGet(43)) - raft.server.log.queue.element-limit = 1024 (custom)
2019-07-12 13:06:33,745 INFO  server.RaftServerConfigKeys (ConfUtils.java:logGet(43)) - raft.server.log.statemachine.data.caching.enabled = true (custom)
2019-07-12 13:06:33,742 INFO  server.RaftServerConfigKeys (ConfUtils.java:logGet(43)) - raft.server.log.queue.byte-limit = 2147483647 (custom)
2019-07-12 13:06:33,745 INFO  server.RaftServerConfigKeys (ConfUtils.java:logGet(43)) - raft.server.log.segment.size.max = 1048576 (custom)
2019-07-12 13:06:33,745 INFO  server.RaftServerConfigKeys (ConfUtils.java:logGet(43)) - raft.server.log.queue.element-limit = 1024 (custom)
2019-07-12 13:06:33,745 INFO  segmented.SegmentedRaftLogWorker (SegmentedRaftLogWorker.java:lambda$new$0(132)) - 37bc2117-d202-4423-8eea-25ffa4501bf7-SegmentedRaftLogWorker:Storage Directory /tmp/workdir/hadoop-ozone/integration-test/target/test-dir/MiniOzoneClusterImpl-b7adce73-001b-448b-8b3e-b87d80415a10/datanode-0/data/ratis/4955584e-d0df-4a15-8810-1f72ccfdcc7b: flushIndex: setUnconditionally 0 -> -1
2019-07-12 13:06:33,746 INFO  server.RaftServerConfigKeys (ConfUtils.java:logGet(43)) - raft.server.log.segment.size.max = 1048576 (custom)
2019-07-12 13:06:33,745 INFO  server.RaftServerConfigKeys (ConfUtils.java:logGet(43)) - raft.server.log.preallocated.size = 16384 (custom)
2019-07-12 13:06:33,746 INFO  server.RaftServerConfigKeys (ConfUtils.java:logGet(43)) - raft.server.snapshot.auto.trigger.enabled = true (custom)
2019-07-12 13:06:33,746 INFO  server.RaftServerConfigKeys (ConfUtils.java:logGet(43)) - raft.server.log.preallocated.size = 16384 (custom)
2019-07-12 13:06:33,746 INFO  server.RaftServerConfigKeys (ConfUtils.java:logGet(43)) - raft.server.snapshot.auto.trigger.threshold = 10000 (custom)
2019-07-12 13:06:33,746 INFO  server.RaftServerConfigKeys (ConfUtils.java:logGet(43)) - raft.server.log.write.buffer.size = 33554432 (custom)
2019-07-12 13:06:33,747 INFO  server.RaftServerConfigKeys (ConfUtils.java:logGet(43)) - raft.server.retrycache.expirytime = 600000ms (custom)
2019-07-12 13:06:33,747 INFO  server.RaftServerConfigKeys (ConfUtils.java:logGet(43)) - raft.server.log.write.buffer.size = 33554432 (custom)
2019-07-12 13:06:33,747 INFO  impl.RaftServerImpl (RaftServerImpl.java:start(180)) - 37bc2117-d202-4423-8eea-25ffa4501bf7: start group-1F72CCFDCC7B
2019-07-12 13:06:33,747 INFO  server.RaftServerConfigKeys (ConfUtils.java:logGet(43)) - raft.server.log.force.sync.num = 128 (default)
2019-07-12 13:06:33,747 INFO  impl.RaftServerImpl (RaftServerImpl.java:setRole(171)) - 37bc2117-d202-4423-8eea-25ffa4501bf7:group-1F72CCFDCC7B changes role from null to FOLLOWER at term 0 for startAsFollower
2019-07-12 13:06:33,747 INFO  server.RaftServerConfigKeys (ConfUtils.java:logGet(43)) - raft.server.log.force.sync.num = 128 (default)
2019-07-12 13:06:33,748 INFO  impl.RoleInfo (RoleInfo.java:updateAndGet(143)) - 37bc2117-d202-4423-8eea-25ffa4501bf7: start FollowerState
2019-07-12 13:06:33,748 INFO  server.RaftServerConfigKeys (ConfUtils.java:logGet(43)) - raft.server.log.statemachine.data.sync = true (default)
2019-07-12 13:06:33,748 INFO  server.RaftServerConfigKeys (ConfUtils.java:logGet(43)) - raft.server.log.statemachine.data.sync = true (default)
2019-07-12 13:06:33,749 INFO  util.JmxRegister (JmxRegister.java:tryRegister(44)) - Successfully registered JMX Bean with object name Ratis:service=RaftServer,group=group-1F72CCFDCC7B,id=37bc2117-d202-4423-8eea-25ffa4501bf7
2019-07-12 13:06:33,749 INFO  server.RaftServerConfigKeys (ConfUtils.java:logGet(43)) - raft.server.log.statemachine.data.sync.timeout = 10s (default)
2019-07-12 13:06:33,749 INFO  server.RaftServerConfigKeys (ConfUtils.java:logGet(43)) - raft.server.log.statemachine.data.sync.timeout = 10s (default)
2019-07-12 13:06:33,749 INFO  server.RaftServerConfigKeys (ConfUtils.java:logGet(43)) - raft.server.log.statemachine.data.sync.timeout.retry = -1 (default)
2019-07-12 13:06:33,749 INFO  server.RaftServerConfigKeys (ConfUtils.java:logGet(43)) - raft.server.log.statemachine.data.sync.timeout.retry = -1 (default)
2019-07-12 13:06:33,750 INFO  server.RaftServerConfigKeys (ConfUtils.java:logGet(43)) - raft.server.log.statemachine.data.caching.enabled = true (custom)
2019-07-12 13:06:33,750 INFO  server.RaftServerConfigKeys (ConfUtils.java:logGet(43)) - raft.server.log.statemachine.data.caching.enabled = true (custom)
2019-07-12 13:06:33,750 INFO  segmented.SegmentedRaftLogWorker (SegmentedRaftLogWorker.java:lambda$new$0(132)) - 7e2005de-03c1-4741-8724-e49b8503bfce-SegmentedRaftLogWorker:Storage Directory /tmp/workdir/hadoop-ozone/integration-test/target/test-dir/MiniOzoneClusterImpl-b7adce73-001b-448b-8b3e-b87d80415a10/datanode-3/data/ratis/4955584e-d0df-4a15-8810-1f72ccfdcc7b: flushIndex: setUnconditionally 0 -> -1
2019-07-12 13:06:33,750 INFO  segmented.SegmentedRaftLogWorker (SegmentedRaftLogWorker.java:lambda$new$0(132)) - 9e0ce00e-bd9e-4362-b99a-25aeecbf96cd-SegmentedRaftLogWorker:Storage Directory /tmp/workdir/hadoop-ozone/integration-test/target/test-dir/MiniOzoneClusterImpl-b7adce73-001b-448b-8b3e-b87d80415a10/datanode-6/data/ratis/4955584e-d0df-4a15-8810-1f72ccfdcc7b: flushIndex: setUnconditionally 0 -> -1
2019-07-12 13:06:33,750 INFO  server.RaftServerConfigKeys (ConfUtils.java:logGet(43)) - raft.server.snapshot.auto.trigger.enabled = true (custom)
2019-07-12 13:06:33,751 INFO  server.RaftServerConfigKeys (ConfUtils.java:logGet(43)) - raft.server.snapshot.auto.trigger.enabled = true (custom)
2019-07-12 13:06:33,751 INFO  server.RaftServerConfigKeys (ConfUtils.java:logGet(43)) - raft.server.snapshot.auto.trigger.threshold = 10000 (custom)
2019-07-12 13:06:33,751 INFO  server.RaftServerConfigKeys (ConfUtils.java:logGet(43)) - raft.server.snapshot.auto.trigger.threshold = 10000 (custom)
2019-07-12 13:06:33,753 INFO  server.RaftServerConfigKeys (ConfUtils.java:logGet(43)) - raft.server.retrycache.expirytime = 600000ms (custom)
2019-07-12 13:06:33,754 INFO  server.RaftServerConfigKeys (ConfUtils.java:logGet(43)) - raft.server.retrycache.expirytime = 600000ms (custom)
2019-07-12 13:06:33,756 INFO  impl.RaftServerImpl (RaftServerImpl.java:start(180)) - 7e2005de-03c1-4741-8724-e49b8503bfce: start group-1F72CCFDCC7B
2019-07-12 13:06:33,756 INFO  impl.RaftServerImpl (RaftServerImpl.java:start(180)) - 9e0ce00e-bd9e-4362-b99a-25aeecbf96cd: start group-1F72CCFDCC7B
2019-07-12 13:06:33,756 INFO  impl.RaftServerImpl (RaftServerImpl.java:setRole(171)) - 7e2005de-03c1-4741-8724-e49b8503bfce:group-1F72CCFDCC7B changes role from null to FOLLOWER at term 0 for startAsFollower
2019-07-12 13:06:33,756 INFO  impl.RaftServerImpl (RaftServerImpl.java:setRole(171)) - 9e0ce00e-bd9e-4362-b99a-25aeecbf96cd:group-1F72CCFDCC7B changes role from null to FOLLOWER at term 0 for startAsFollower
2019-07-12 13:06:33,756 INFO  impl.RoleInfo (RoleInfo.java:updateAndGet(143)) - 7e2005de-03c1-4741-8724-e49b8503bfce: start FollowerState
2019-07-12 13:06:33,759 INFO  impl.RoleInfo (RoleInfo.java:updateAndGet(143)) - 9e0ce00e-bd9e-4362-b99a-25aeecbf96cd: start FollowerState
2019-07-12 13:06:33,761 INFO  util.JmxRegister (JmxRegister.java:tryRegister(44)) - Successfully registered JMX Bean with object name Ratis:service=RaftServer,group=group-1F72CCFDCC7B,id=7e2005de-03c1-4741-8724-e49b8503bfce
2019-07-12 13:06:33,761 INFO  util.JmxRegister (JmxRegister.java:tryRegister(44)) - Successfully registered JMX Bean with object name Ratis:service=RaftServer,group=group-1F72CCFDCC7B,id=9e0ce00e-bd9e-4362-b99a-25aeecbf96cd
2019-07-12 13:06:33,777 INFO  pipeline.PipelineStateManager (PipelineStateManager.java:addPipeline(56)) - Created pipeline Pipeline[ Id: 4955584e-d0df-4a15-8810-1f72ccfdcc7b, Nodes: 37bc2117-d202-4423-8eea-25ffa4501bf7{ip: 192.168.157.212, host: pr-hdds-17356bwxm-3764869708, networkLocation: /default-rack, certSerialId: null}9e0ce00e-bd9e-4362-b99a-25aeecbf96cd{ip: 192.168.157.212, host: pr-hdds-17356bwxm-3764869708, networkLocation: /default-rack, certSerialId: null}7e2005de-03c1-4741-8724-e49b8503bfce{ip: 192.168.157.212, host: pr-hdds-17356bwxm-3764869708, networkLocation: /default-rack, certSerialId: null}, Type:RATIS, Factor:THREE, State:OPEN]
2019-07-12 13:06:34,083 INFO  rpc.RpcClient (RpcClient.java:createVolume(287)) - Creating Volume: watchforcommithandlingtest, with jenkins1000 as owner.
2019-07-12 13:06:34,142 INFO  rpc.RpcClient (RpcClient.java:createBucket(424)) - Creating Bucket: watchforcommithandlingtest/watchforcommithandlingtest, with Versioning false and Storage Type set to DISK and Encryption set to false 
2019-07-12 13:06:34,165 INFO  ozone.MiniOzoneClusterImpl (MiniOzoneClusterImpl.java:getStorageContainerLocationClient(241)) - Creating StorageContainerLocationProtocol RPC client with address /0.0.0.0:34816
2019-07-12 13:06:34,447 INFO  client.GrpcClientProtocolClient (GrpcClientProtocolClient.java:onNext(255)) - client-7D8A00A3F922->127ba201-5fa8-4097-8893-635bce1d52f1: receive RaftClientReply:client-7D8A00A3F922->127ba201-5fa8-4097-8893-635bce1d52f1@group-26E6EA2301C1, cid=13, FAILED org.apache.ratis.protocol.NotLeaderException: Server 127ba201-5fa8-4097-8893-635bce1d52f1 is not the leader (null). Request must be sent to leader., logIndex=0, commits[127ba201-5fa8-4097-8893-635bce1d52f1:c-1]
2019-07-12 13:06:34,746 INFO  container.ReplicationManager (ReplicationManager.java:start(155)) - Starting Replication Monitor Thread.
2019-07-12 13:06:34,760 INFO  container.ReplicationManager (ReplicationManager.java:run(207)) - Replication Monitor Thread took 5 milliseconds for processing 1 containers.
2019-07-12 13:06:35,492 INFO  client.GrpcClientProtocolClient (GrpcClientProtocolClient.java:onNext(255)) - client-7D8A00A3F922->1021b88f-9eb2-4a91-8862-c4fd4e2788e3: receive RaftClientReply:client-7D8A00A3F922->1021b88f-9eb2-4a91-8862-c4fd4e2788e3@group-26E6EA2301C1, cid=13, FAILED org.apache.ratis.protocol.NotLeaderException: Server 1021b88f-9eb2-4a91-8862-c4fd4e2788e3 is not the leader (null). Request must be sent to leader., logIndex=0, commits[1021b88f-9eb2-4a91-8862-c4fd4e2788e3:c-1]
2019-07-12 13:06:36,519 INFO  client.GrpcClientProtocolClient (GrpcClientProtocolClient.java:onNext(255)) - client-7D8A00A3F922->127ba201-5fa8-4097-8893-635bce1d52f1: receive RaftClientReply:client-7D8A00A3F922->127ba201-5fa8-4097-8893-635bce1d52f1@group-26E6EA2301C1, cid=13, FAILED org.apache.ratis.protocol.NotLeaderException: Server 127ba201-5fa8-4097-8893-635bce1d52f1 is not the leader (null). Request must be sent to leader., logIndex=0, commits[127ba201-5fa8-4097-8893-635bce1d52f1:c-1]
2019-07-12 13:06:37,549 INFO  client.GrpcClientProtocolClient (GrpcClientProtocolClient.java:onNext(255)) - client-7D8A00A3F922->1021b88f-9eb2-4a91-8862-c4fd4e2788e3: receive RaftClientReply:client-7D8A00A3F922->1021b88f-9eb2-4a91-8862-c4fd4e2788e3@group-26E6EA2301C1, cid=13, FAILED org.apache.ratis.protocol.NotLeaderException: Server 1021b88f-9eb2-4a91-8862-c4fd4e2788e3 is not the leader (null). Request must be sent to leader., logIndex=0, commits[1021b88f-9eb2-4a91-8862-c4fd4e2788e3:c-1]
2019-07-12 13:06:37,966 INFO  impl.FollowerState (FollowerState.java:run(106)) - 37bc2117-d202-4423-8eea-25ffa4501bf7:group-87B4C3988DBD changes to CANDIDATE, lastRpcTime:5098, electionTimeout:5097ms
2019-07-12 13:06:37,966 INFO  impl.RoleInfo (RoleInfo.java:shutdownFollowerState(121)) - 37bc2117-d202-4423-8eea-25ffa4501bf7: shutdown FollowerState
2019-07-12 13:06:37,966 INFO  impl.RaftServerImpl (RaftServerImpl.java:setRole(171)) - 37bc2117-d202-4423-8eea-25ffa4501bf7:group-87B4C3988DBD changes role from FOLLOWER to CANDIDATE at term 0 for changeToCandidate
2019-07-12 13:06:37,974 INFO  impl.RoleInfo (RoleInfo.java:updateAndGet(143)) - 37bc2117-d202-4423-8eea-25ffa4501bf7: start LeaderElection
2019-07-12 13:06:37,995 INFO  impl.LeaderElection (LeaderElection.java:askForVotes(181)) - 37bc2117-d202-4423-8eea-25ffa4501bf7:group-87B4C3988DBD:LeaderElection1: begin an election at term 1 for -1: [37bc2117-d202-4423-8eea-25ffa4501bf7:192.168.157.212:43868], old=null
2019-07-12 13:06:37,998 INFO  impl.RoleInfo (RoleInfo.java:shutdownLeaderElection(134)) - 37bc2117-d202-4423-8eea-25ffa4501bf7: shutdown LeaderElection
2019-07-12 13:06:37,998 INFO  impl.RaftServerImpl (RaftServerImpl.java:setRole(171)) - 37bc2117-d202-4423-8eea-25ffa4501bf7:group-87B4C3988DBD changes role from CANDIDATE to LEADER at term 1 for changeToLeader
2019-07-12 13:06:37,999 INFO  impl.RaftServerImpl (ServerState.java:setLeader(263)) - 37bc2117-d202-4423-8eea-25ffa4501bf7:group-87B4C3988DBD change Leader from null to 37bc2117-d202-4423-8eea-25ffa4501bf7 at term 1 for becomeLeader, leader elected after 5235ms
2019-07-12 13:06:38,009 INFO  server.RaftServerConfigKeys (ConfUtils.java:logGet(43)) - raft.server.staging.catchup.gap = 1000 (default)
2019-07-12 13:06:38,009 INFO  server.RaftServerConfigKeys (ConfUtils.java:logGet(43)) - raft.server.rpc.sleep.time = 25ms (default)
2019-07-12 13:06:38,013 INFO  server.RaftServerConfigKeys (ConfUtils.java:logGet(43)) - raft.server.write.element-limit = 4096 (default)
2019-07-12 13:06:38,016 INFO  server.RaftServerConfigKeys (ConfUtils.java:logGet(43)) - raft.server.watch.timeout = 10s (default)
2019-07-12 13:06:38,016 INFO  server.RaftServerConfigKeys (ConfUtils.java:logGet(43)) - raft.server.watch.timeout.denomination = 1s (default)
2019-07-12 13:06:38,017 INFO  server.RaftServerConfigKeys (ConfUtils.java:logGet(43)) - raft.server.watch.element-limit = 65536 (default)
2019-07-12 13:06:38,028 INFO  impl.RoleInfo (RoleInfo.java:updateAndGet(143)) - 37bc2117-d202-4423-8eea-25ffa4501bf7: start LeaderState
2019-07-12 13:06:38,058 INFO  segmented.SegmentedRaftLogWorker (SegmentedRaftLogWorker.java:startLogSegment(380)) - 37bc2117-d202-4423-8eea-25ffa4501bf7-SegmentedRaftLogWorker:Storage Directory /tmp/workdir/hadoop-ozone/integration-test/target/test-dir/MiniOzoneClusterImpl-b7adce73-001b-448b-8b3e-b87d80415a10/datanode-0/data/ratis/27105000-a638-4e90-8370-87b4c3988dbd: Starting segment from index:0
2019-07-12 13:06:38,071 INFO  impl.RaftServerImpl (ServerState.java:setRaftConf(361)) - 37bc2117-d202-4423-8eea-25ffa4501bf7:group-87B4C3988DBD set configuration 0: [37bc2117-d202-4423-8eea-25ffa4501bf7:192.168.157.212:43868], old=null at 0
2019-07-12 13:06:38,239 INFO  impl.FollowerState (FollowerState.java:run(106)) - 127ba201-5fa8-4097-8893-635bce1d52f1:group-51A6155C6F72 changes to CANDIDATE, lastRpcTime:5167, electionTimeout:5166ms
2019-07-12 13:06:38,248 INFO  impl.RoleInfo (RoleInfo.java:shutdownFollowerState(121)) - 127ba201-5fa8-4097-8893-635bce1d52f1: shutdown FollowerState
2019-07-12 13:06:38,248 INFO  impl.RaftServerImpl (RaftServerImpl.java:setRole(171)) - 127ba201-5fa8-4097-8893-635bce1d52f1:group-51A6155C6F72 changes role from FOLLOWER to CANDIDATE at term 0 for changeToCandidate
2019-07-12 13:06:38,248 INFO  impl.RoleInfo (RoleInfo.java:updateAndGet(143)) - 127ba201-5fa8-4097-8893-635bce1d52f1: start LeaderElection
2019-07-12 13:06:38,268 INFO  segmented.SegmentedRaftLogWorker (SegmentedRaftLogWorker.java:execute(569)) - 37bc2117-d202-4423-8eea-25ffa4501bf7-SegmentedRaftLogWorker:Storage Directory /tmp/workdir/hadoop-ozone/integration-test/target/test-dir/MiniOzoneClusterImpl-b7adce73-001b-448b-8b3e-b87d80415a10/datanode-0/data/ratis/27105000-a638-4e90-8370-87b4c3988dbd: created new log segment /tmp/workdir/hadoop-ozone/integration-test/target/test-dir/MiniOzoneClusterImpl-b7adce73-001b-448b-8b3e-b87d80415a10/datanode-0/data/ratis/27105000-a638-4e90-8370-87b4c3988dbd/current/log_inprogress_0
2019-07-12 13:06:38,268 INFO  impl.LeaderElection (LeaderElection.java:askForVotes(181)) - 127ba201-5fa8-4097-8893-635bce1d52f1:group-51A6155C6F72:LeaderElection2: begin an election at term 1 for -1: [127ba201-5fa8-4097-8893-635bce1d52f1:192.168.157.212:33520], old=null
2019-07-12 13:06:38,270 INFO  impl.RoleInfo (RoleInfo.java:shutdownLeaderElection(134)) - 127ba201-5fa8-4097-8893-635bce1d52f1: shutdown LeaderElection
2019-07-12 13:06:38,271 INFO  impl.RaftServerImpl (RaftServerImpl.java:setRole(171)) - 127ba201-5fa8-4097-8893-635bce1d52f1:group-51A6155C6F72 changes role from CANDIDATE to LEADER at term 1 for changeToLeader
2019-07-12 13:06:38,271 INFO  impl.RaftServerImpl (ServerState.java:setLeader(263)) - 127ba201-5fa8-4097-8893-635bce1d52f1:group-51A6155C6F72 change Leader from null to 127ba201-5fa8-4097-8893-635bce1d52f1 at term 1 for becomeLeader, leader elected after 5206ms
2019-07-12 13:06:38,273 INFO  server.RaftServerConfigKeys (ConfUtils.java:logGet(43)) - raft.server.staging.catchup.gap = 1000 (default)
2019-07-12 13:06:38,273 INFO  server.RaftServerConfigKeys (ConfUtils.java:logGet(43)) - raft.server.rpc.sleep.time = 25ms (default)
2019-07-12 13:06:38,275 INFO  server.RaftServerConfigKeys (ConfUtils.java:logGet(43)) - raft.server.write.element-limit = 4096 (default)
2019-07-12 13:06:38,275 INFO  server.RaftServerConfigKeys (ConfUtils.java:logGet(43)) - raft.server.watch.timeout = 10s (default)
2019-07-12 13:06:38,275 INFO  server.RaftServerConfigKeys (ConfUtils.java:logGet(43)) - raft.server.watch.timeout.denomination = 1s (default)
2019-07-12 13:06:38,278 INFO  server.RaftServerConfigKeys (ConfUtils.java:logGet(43)) - raft.server.watch.element-limit = 65536 (default)
2019-07-12 13:06:38,278 INFO  impl.RoleInfo (RoleInfo.java:updateAndGet(143)) - 127ba201-5fa8-4097-8893-635bce1d52f1: start LeaderState
2019-07-12 13:06:38,278 INFO  segmented.SegmentedRaftLogWorker (SegmentedRaftLogWorker.java:startLogSegment(380)) - 127ba201-5fa8-4097-8893-635bce1d52f1-SegmentedRaftLogWorker:Storage Directory /tmp/workdir/hadoop-ozone/integration-test/target/test-dir/MiniOzoneClusterImpl-b7adce73-001b-448b-8b3e-b87d80415a10/datanode-4/data/ratis/aeabdc70-b3e0-453e-b913-51a6155c6f72: Starting segment from index:0
2019-07-12 13:06:38,279 INFO  impl.RaftServerImpl (ServerState.java:setRaftConf(361)) - 127ba201-5fa8-4097-8893-635bce1d52f1:group-51A6155C6F72 set configuration 0: [127ba201-5fa8-4097-8893-635bce1d52f1:192.168.157.212:33520], old=null at 0
2019-07-12 13:06:38,300 INFO  impl.FollowerState (FollowerState.java:run(106)) - 1021b88f-9eb2-4a91-8862-c4fd4e2788e3:group-824BFE95B758 changes to CANDIDATE, lastRpcTime:5146, electionTimeout:5146ms
2019-07-12 13:06:38,302 INFO  impl.RoleInfo (RoleInfo.java:shutdownFollowerState(121)) - 1021b88f-9eb2-4a91-8862-c4fd4e2788e3: shutdown FollowerState
2019-07-12 13:06:38,302 INFO  impl.RaftServerImpl (RaftServerImpl.java:setRole(171)) - 1021b88f-9eb2-4a91-8862-c4fd4e2788e3:group-824BFE95B758 changes role from FOLLOWER to CANDIDATE at term 0 for changeToCandidate
2019-07-12 13:06:38,302 INFO  impl.RoleInfo (RoleInfo.java:updateAndGet(143)) - 1021b88f-9eb2-4a91-8862-c4fd4e2788e3: start LeaderElection
2019-07-12 13:06:38,312 INFO  segmented.SegmentedRaftLogWorker (SegmentedRaftLogWorker.java:execute(569)) - 127ba201-5fa8-4097-8893-635bce1d52f1-SegmentedRaftLogWorker:Storage Directory /tmp/workdir/hadoop-ozone/integration-test/target/test-dir/MiniOzoneClusterImpl-b7adce73-001b-448b-8b3e-b87d80415a10/datanode-4/data/ratis/aeabdc70-b3e0-453e-b913-51a6155c6f72: created new log segment /tmp/workdir/hadoop-ozone/integration-test/target/test-dir/MiniOzoneClusterImpl-b7adce73-001b-448b-8b3e-b87d80415a10/datanode-4/data/ratis/aeabdc70-b3e0-453e-b913-51a6155c6f72/current/log_inprogress_0
2019-07-12 13:06:38,313 INFO  impl.LeaderElection (LeaderElection.java:askForVotes(181)) - 1021b88f-9eb2-4a91-8862-c4fd4e2788e3:group-824BFE95B758:LeaderElection3: begin an election at term 1 for -1: [1021b88f-9eb2-4a91-8862-c4fd4e2788e3:192.168.157.212:34400], old=null
2019-07-12 13:06:38,313 INFO  impl.RoleInfo (RoleInfo.java:shutdownLeaderElection(134)) - 1021b88f-9eb2-4a91-8862-c4fd4e2788e3: shutdown LeaderElection
2019-07-12 13:06:38,313 INFO  impl.RaftServerImpl (RaftServerImpl.java:setRole(171)) - 1021b88f-9eb2-4a91-8862-c4fd4e2788e3:group-824BFE95B758 changes role from CANDIDATE to LEADER at term 1 for changeToLeader
2019-07-12 13:06:38,313 INFO  impl.RaftServerImpl (ServerState.java:setLeader(263)) - 1021b88f-9eb2-4a91-8862-c4fd4e2788e3:group-824BFE95B758 change Leader from null to 1021b88f-9eb2-4a91-8862-c4fd4e2788e3 at term 1 for becomeLeader, leader elected after 5165ms
2019-07-12 13:06:38,315 INFO  server.RaftServerConfigKeys (ConfUtils.java:logGet(43)) - raft.server.staging.catchup.gap = 1000 (default)
2019-07-12 13:06:38,315 INFO  server.RaftServerConfigKeys (ConfUtils.java:logGet(43)) - raft.server.rpc.sleep.time = 25ms (default)
2019-07-12 13:06:38,316 INFO  server.RaftServerConfigKeys (ConfUtils.java:logGet(43)) - raft.server.write.element-limit = 4096 (default)
2019-07-12 13:06:38,316 INFO  server.RaftServerConfigKeys (ConfUtils.java:logGet(43)) - raft.server.watch.timeout = 10s (default)
2019-07-12 13:06:38,316 INFO  server.RaftServerConfigKeys (ConfUtils.java:logGet(43)) - raft.server.watch.timeout.denomination = 1s (default)
2019-07-12 13:06:38,316 INFO  server.RaftServerConfigKeys (ConfUtils.java:logGet(43)) - raft.server.watch.element-limit = 65536 (default)
2019-07-12 13:06:38,317 INFO  impl.RoleInfo (RoleInfo.java:updateAndGet(143)) - 1021b88f-9eb2-4a91-8862-c4fd4e2788e3: start LeaderState
2019-07-12 13:06:38,317 INFO  segmented.SegmentedRaftLogWorker (SegmentedRaftLogWorker.java:startLogSegment(380)) - 1021b88f-9eb2-4a91-8862-c4fd4e2788e3-SegmentedRaftLogWorker:Storage Directory /tmp/workdir/hadoop-ozone/integration-test/target/test-dir/MiniOzoneClusterImpl-b7adce73-001b-448b-8b3e-b87d80415a10/datanode-1/data/ratis/d68b045d-6f5a-4e71-9a72-824bfe95b758: Starting segment from index:0
2019-07-12 13:06:38,318 INFO  impl.RaftServerImpl (ServerState.java:setRaftConf(361)) - 1021b88f-9eb2-4a91-8862-c4fd4e2788e3:group-824BFE95B758 set configuration 0: [1021b88f-9eb2-4a91-8862-c4fd4e2788e3:192.168.157.212:34400], old=null at 0
2019-07-12 13:06:38,351 INFO  segmented.SegmentedRaftLogWorker (SegmentedRaftLogWorker.java:execute(569)) - 1021b88f-9eb2-4a91-8862-c4fd4e2788e3-SegmentedRaftLogWorker:Storage Directory /tmp/workdir/hadoop-ozone/integration-test/target/test-dir/MiniOzoneClusterImpl-b7adce73-001b-448b-8b3e-b87d80415a10/datanode-1/data/ratis/d68b045d-6f5a-4e71-9a72-824bfe95b758: created new log segment /tmp/workdir/hadoop-ozone/integration-test/target/test-dir/MiniOzoneClusterImpl-b7adce73-001b-448b-8b3e-b87d80415a10/datanode-1/data/ratis/d68b045d-6f5a-4e71-9a72-824bfe95b758/current/log_inprogress_0
2019-07-12 13:06:38,353 INFO  impl.FollowerState (FollowerState.java:run(106)) - 36faec0d-2528-47a5-8dc0-b3acb5d72577:group-E6A20D8ED4CA changes to CANDIDATE, lastRpcTime:5127, electionTimeout:5126ms
2019-07-12 13:06:38,353 INFO  impl.RoleInfo (RoleInfo.java:shutdownFollowerState(121)) - 36faec0d-2528-47a5-8dc0-b3acb5d72577: shutdown FollowerState
2019-07-12 13:06:38,353 INFO  impl.RaftServerImpl (RaftServerImpl.java:setRole(171)) - 36faec0d-2528-47a5-8dc0-b3acb5d72577:group-E6A20D8ED4CA changes role from FOLLOWER to CANDIDATE at term 0 for changeToCandidate
2019-07-12 13:06:38,353 INFO  impl.RoleInfo (RoleInfo.java:updateAndGet(143)) - 36faec0d-2528-47a5-8dc0-b3acb5d72577: start LeaderElection
2019-07-12 13:06:38,366 INFO  impl.LeaderElection (LeaderElection.java:askForVotes(181)) - 36faec0d-2528-47a5-8dc0-b3acb5d72577:group-E6A20D8ED4CA:LeaderElection4: begin an election at term 1 for -1: [36faec0d-2528-47a5-8dc0-b3acb5d72577:192.168.157.212:34487], old=null
2019-07-12 13:06:38,368 INFO  impl.RoleInfo (RoleInfo.java:shutdownLeaderElection(134)) - 36faec0d-2528-47a5-8dc0-b3acb5d72577: shutdown LeaderElection
2019-07-12 13:06:38,368 INFO  impl.RaftServerImpl (RaftServerImpl.java:setRole(171)) - 36faec0d-2528-47a5-8dc0-b3acb5d72577:group-E6A20D8ED4CA changes role from CANDIDATE to LEADER at term 1 for changeToLeader
2019-07-12 13:06:38,368 INFO  impl.RaftServerImpl (ServerState.java:setLeader(263)) - 36faec0d-2528-47a5-8dc0-b3acb5d72577:group-E6A20D8ED4CA change Leader from null to 36faec0d-2528-47a5-8dc0-b3acb5d72577 at term 1 for becomeLeader, leader elected after 5148ms
2019-07-12 13:06:38,370 INFO  server.RaftServerConfigKeys (ConfUtils.java:logGet(43)) - raft.server.staging.catchup.gap = 1000 (default)
2019-07-12 13:06:38,371 INFO  server.RaftServerConfigKeys (ConfUtils.java:logGet(43)) - raft.server.rpc.sleep.time = 25ms (default)
2019-07-12 13:06:38,371 INFO  server.RaftServerConfigKeys (ConfUtils.java:logGet(43)) - raft.server.write.element-limit = 4096 (default)
2019-07-12 13:06:38,371 INFO  server.RaftServerConfigKeys (ConfUtils.java:logGet(43)) - raft.server.watch.timeout = 10s (default)
2019-07-12 13:06:38,371 INFO  server.RaftServerConfigKeys (ConfUtils.java:logGet(43)) - raft.server.watch.timeout.denomination = 1s (default)
2019-07-12 13:06:38,371 INFO  server.RaftServerConfigKeys (ConfUtils.java:logGet(43)) - raft.server.watch.element-limit = 65536 (default)
2019-07-12 13:06:38,372 INFO  impl.RoleInfo (RoleInfo.java:updateAndGet(143)) - 36faec0d-2528-47a5-8dc0-b3acb5d72577: start LeaderState
2019-07-12 13:06:38,372 INFO  segmented.SegmentedRaftLogWorker (SegmentedRaftLogWorker.java:startLogSegment(380)) - 36faec0d-2528-47a5-8dc0-b3acb5d72577-SegmentedRaftLogWorker:Storage Directory /tmp/workdir/hadoop-ozone/integration-test/target/test-dir/MiniOzoneClusterImpl-b7adce73-001b-448b-8b3e-b87d80415a10/datanode-5/data/ratis/af8c33d3-e207-4789-8813-e6a20d8ed4ca: Starting segment from index:0
2019-07-12 13:06:38,373 INFO  impl.RaftServerImpl (ServerState.java:setRaftConf(361)) - 36faec0d-2528-47a5-8dc0-b3acb5d72577:group-E6A20D8ED4CA set configuration 0: [36faec0d-2528-47a5-8dc0-b3acb5d72577:192.168.157.212:34487], old=null at 0
2019-07-12 13:06:38,393 INFO  impl.FollowerState (FollowerState.java:run(106)) - 7e2005de-03c1-4741-8724-e49b8503bfce:group-A41BCC8675C0 changes to CANDIDATE, lastRpcTime:5070, electionTimeout:5061ms
2019-07-12 13:06:38,393 INFO  impl.RoleInfo (RoleInfo.java:shutdownFollowerState(121)) - 7e2005de-03c1-4741-8724-e49b8503bfce: shutdown FollowerState
2019-07-12 13:06:38,393 INFO  impl.RaftServerImpl (RaftServerImpl.java:setRole(171)) - 7e2005de-03c1-4741-8724-e49b8503bfce:group-A41BCC8675C0 changes role from FOLLOWER to CANDIDATE at term 0 for changeToCandidate
2019-07-12 13:06:38,394 INFO  impl.RoleInfo (RoleInfo.java:updateAndGet(143)) - 7e2005de-03c1-4741-8724-e49b8503bfce: start LeaderElection
2019-07-12 13:06:38,406 INFO  segmented.SegmentedRaftLogWorker (SegmentedRaftLogWorker.java:execute(569)) - 36faec0d-2528-47a5-8dc0-b3acb5d72577-SegmentedRaftLogWorker:Storage Directory /tmp/workdir/hadoop-ozone/integration-test/target/test-dir/MiniOzoneClusterImpl-b7adce73-001b-448b-8b3e-b87d80415a10/datanode-5/data/ratis/af8c33d3-e207-4789-8813-e6a20d8ed4ca: created new log segment /tmp/workdir/hadoop-ozone/integration-test/target/test-dir/MiniOzoneClusterImpl-b7adce73-001b-448b-8b3e-b87d80415a10/datanode-5/data/ratis/af8c33d3-e207-4789-8813-e6a20d8ed4ca/current/log_inprogress_0
2019-07-12 13:06:38,406 INFO  impl.LeaderElection (LeaderElection.java:askForVotes(181)) - 7e2005de-03c1-4741-8724-e49b8503bfce:group-A41BCC8675C0:LeaderElection5: begin an election at term 1 for -1: [7e2005de-03c1-4741-8724-e49b8503bfce:192.168.157.212:35551], old=null
2019-07-12 13:06:38,406 INFO  impl.RoleInfo (RoleInfo.java:shutdownLeaderElection(134)) - 7e2005de-03c1-4741-8724-e49b8503bfce: shutdown LeaderElection
2019-07-12 13:06:38,406 INFO  impl.RaftServerImpl (RaftServerImpl.java:setRole(171)) - 7e2005de-03c1-4741-8724-e49b8503bfce:group-A41BCC8675C0 changes role from CANDIDATE to LEADER at term 1 for changeToLeader
2019-07-12 13:06:38,407 INFO  impl.RaftServerImpl (ServerState.java:setLeader(263)) - 7e2005de-03c1-4741-8724-e49b8503bfce:group-A41BCC8675C0 change Leader from null to 7e2005de-03c1-4741-8724-e49b8503bfce at term 1 for becomeLeader, leader elected after 5089ms
2019-07-12 13:06:38,409 INFO  server.RaftServerConfigKeys (ConfUtils.java:logGet(43)) - raft.server.staging.catchup.gap = 1000 (default)
2019-07-12 13:06:38,409 INFO  server.RaftServerConfigKeys (ConfUtils.java:logGet(43)) - raft.server.rpc.sleep.time = 25ms (default)
2019-07-12 13:06:38,409 INFO  server.RaftServerConfigKeys (ConfUtils.java:logGet(43)) - raft.server.write.element-limit = 4096 (default)
2019-07-12 13:06:38,409 INFO  server.RaftServerConfigKeys (ConfUtils.java:logGet(43)) - raft.server.watch.timeout = 10s (default)
2019-07-12 13:06:38,410 INFO  server.RaftServerConfigKeys (ConfUtils.java:logGet(43)) - raft.server.watch.timeout.denomination = 1s (default)
2019-07-12 13:06:38,410 INFO  server.RaftServerConfigKeys (ConfUtils.java:logGet(43)) - raft.server.watch.element-limit = 65536 (default)
2019-07-12 13:06:38,410 INFO  impl.RoleInfo (RoleInfo.java:updateAndGet(143)) - 7e2005de-03c1-4741-8724-e49b8503bfce: start LeaderState
2019-07-12 13:06:38,410 INFO  segmented.SegmentedRaftLogWorker (SegmentedRaftLogWorker.java:startLogSegment(380)) - 7e2005de-03c1-4741-8724-e49b8503bfce-SegmentedRaftLogWorker:Storage Directory /tmp/workdir/hadoop-ozone/integration-test/target/test-dir/MiniOzoneClusterImpl-b7adce73-001b-448b-8b3e-b87d80415a10/datanode-3/data/ratis/3c895b54-60a8-4ab6-b04b-a41bcc8675c0: Starting segment from index:0
2019-07-12 13:06:38,411 INFO  impl.RaftServerImpl (ServerState.java:setRaftConf(361)) - 7e2005de-03c1-4741-8724-e49b8503bfce:group-A41BCC8675C0 set configuration 0: [7e2005de-03c1-4741-8724-e49b8503bfce:192.168.157.212:35551], old=null at 0
2019-07-12 13:06:38,445 INFO  segmented.SegmentedRaftLogWorker (SegmentedRaftLogWorker.java:execute(569)) - 7e2005de-03c1-4741-8724-e49b8503bfce-SegmentedRaftLogWorker:Storage Directory /tmp/workdir/hadoop-ozone/integration-test/target/test-dir/MiniOzoneClusterImpl-b7adce73-001b-448b-8b3e-b87d80415a10/datanode-3/data/ratis/3c895b54-60a8-4ab6-b04b-a41bcc8675c0: created new log segment /tmp/workdir/hadoop-ozone/integration-test/target/test-dir/MiniOzoneClusterImpl-b7adce73-001b-448b-8b3e-b87d80415a10/datanode-3/data/ratis/3c895b54-60a8-4ab6-b04b-a41bcc8675c0/current/log_inprogress_0
2019-07-12 13:06:38,562 INFO  impl.FollowerState (FollowerState.java:run(106)) - 9e0ce00e-bd9e-4362-b99a-25aeecbf96cd:group-A081FFAAE187 changes to CANDIDATE, lastRpcTime:5144, electionTimeout:5144ms
2019-07-12 13:06:38,562 INFO  impl.RoleInfo (RoleInfo.java:shutdownFollowerState(121)) - 9e0ce00e-bd9e-4362-b99a-25aeecbf96cd: shutdown FollowerState
2019-07-12 13:06:38,562 INFO  impl.RaftServerImpl (RaftServerImpl.java:setRole(171)) - 9e0ce00e-bd9e-4362-b99a-25aeecbf96cd:group-A081FFAAE187 changes role from FOLLOWER to CANDIDATE at term 0 for changeToCandidate
2019-07-12 13:06:38,562 INFO  impl.RoleInfo (RoleInfo.java:updateAndGet(143)) - 9e0ce00e-bd9e-4362-b99a-25aeecbf96cd: start LeaderElection
2019-07-12 13:06:38,580 INFO  client.GrpcClientProtocolClient (GrpcClientProtocolClient.java:onNext(255)) - client-7D8A00A3F922->127ba201-5fa8-4097-8893-635bce1d52f1: receive RaftClientReply:client-7D8A00A3F922->127ba201-5fa8-4097-8893-635bce1d52f1@group-26E6EA2301C1, cid=13, FAILED org.apache.ratis.protocol.NotLeaderException: Server 127ba201-5fa8-4097-8893-635bce1d52f1 is not the leader (null). Request must be sent to leader., logIndex=0, commits[127ba201-5fa8-4097-8893-635bce1d52f1:c-1]
2019-07-12 13:06:38,589 INFO  impl.LeaderElection (LeaderElection.java:askForVotes(181)) - 9e0ce00e-bd9e-4362-b99a-25aeecbf96cd:group-A081FFAAE187:LeaderElection6: begin an election at term 1 for -1: [9e0ce00e-bd9e-4362-b99a-25aeecbf96cd:192.168.157.212:37660], old=null
2019-07-12 13:06:38,591 INFO  impl.RoleInfo (RoleInfo.java:shutdownLeaderElection(134)) - 9e0ce00e-bd9e-4362-b99a-25aeecbf96cd: shutdown LeaderElection
2019-07-12 13:06:38,591 INFO  impl.RaftServerImpl (RaftServerImpl.java:setRole(171)) - 9e0ce00e-bd9e-4362-b99a-25aeecbf96cd:group-A081FFAAE187 changes role from CANDIDATE to LEADER at term 1 for changeToLeader
2019-07-12 13:06:38,591 INFO  impl.RaftServerImpl (ServerState.java:setLeader(263)) - 9e0ce00e-bd9e-4362-b99a-25aeecbf96cd:group-A081FFAAE187 change Leader from null to 9e0ce00e-bd9e-4362-b99a-25aeecbf96cd at term 1 for becomeLeader, leader elected after 5180ms
2019-07-12 13:06:38,594 INFO  server.RaftServerConfigKeys (ConfUtils.java:logGet(43)) - raft.server.staging.catchup.gap = 1000 (default)
2019-07-12 13:06:38,594 INFO  server.RaftServerConfigKeys (ConfUtils.java:logGet(43)) - raft.server.rpc.sleep.time = 25ms (default)
2019-07-12 13:06:38,594 INFO  server.RaftServerConfigKeys (ConfUtils.java:logGet(43)) - raft.server.write.element-limit = 4096 (default)
2019-07-12 13:06:38,594 INFO  server.RaftServerConfigKeys (ConfUtils.java:logGet(43)) - raft.server.watch.timeout = 10s (default)
2019-07-12 13:06:38,595 INFO  server.RaftServerConfigKeys (ConfUtils.java:logGet(43)) - raft.server.watch.timeout.denomination = 1s (default)
2019-07-12 13:06:38,595 INFO  server.RaftServerConfigKeys (ConfUtils.java:logGet(43)) - raft.server.watch.element-limit = 65536 (default)
2019-07-12 13:06:38,595 INFO  impl.RoleInfo (RoleInfo.java:updateAndGet(143)) - 9e0ce00e-bd9e-4362-b99a-25aeecbf96cd: start LeaderState
2019-07-12 13:06:38,597 INFO  segmented.SegmentedRaftLogWorker (SegmentedRaftLogWorker.java:startLogSegment(380)) - 9e0ce00e-bd9e-4362-b99a-25aeecbf96cd-SegmentedRaftLogWorker:Storage Directory /tmp/workdir/hadoop-ozone/integration-test/target/test-dir/MiniOzoneClusterImpl-b7adce73-001b-448b-8b3e-b87d80415a10/datanode-6/data/ratis/dac4e216-05a2-415f-8000-a081ffaae187: Starting segment from index:0
2019-07-12 13:06:38,600 INFO  impl.RaftServerImpl (ServerState.java:setRaftConf(361)) - 9e0ce00e-bd9e-4362-b99a-25aeecbf96cd:group-A081FFAAE187 set configuration 0: [9e0ce00e-bd9e-4362-b99a-25aeecbf96cd:192.168.157.212:37660], old=null at 0
2019-07-12 13:06:38,636 WARN  io.KeyOutputStream (KeyOutputStream.java:handleException(276)) - Encountered exception java.io.IOException: Unexpected Storage Container Exception: java.util.concurrent.CompletionException: java.util.concurrent.CompletionException: org.apache.ratis.protocol.RaftRetryFailureException: Failed RaftClientRequest:client-7D8A00A3F922->127ba201-5fa8-4097-8893-635bce1d52f1@group-26E6EA2301C1, cid=13, seq=1*, RW, org.apache.hadoop.hdds.scm.XceiverClientRatis$$Lambda$309/674659751@39c9eeef for 5 attempts with RetryLimited(maxAttempts=5, sleepTime=1000ms) on the pipeline Pipeline[ Id: 881cbf2e-53aa-42ed-8edf-26e6ea2301c1, Nodes: 127ba201-5fa8-4097-8893-635bce1d52f1{ip: 192.168.157.212, host: pr-hdds-17356bwxm-3764869708, networkLocation: /default-rack, certSerialId: null}1021b88f-9eb2-4a91-8862-c4fd4e2788e3{ip: 192.168.157.212, host: pr-hdds-17356bwxm-3764869708, networkLocation: /default-rack, certSerialId: null}36faec0d-2528-47a5-8dc0-b3acb5d72577{ip: 192.168.157.212, host: pr-hdds-17356bwxm-3764869708, networkLocation: /default-rack, certSerialId: null}, Type:RATIS, Factor:THREE, State:OPEN]. The last committed block length is 0, uncommitted data length is 400 retry count 0
2019-07-12 13:06:38,636 INFO  segmented.SegmentedRaftLogWorker (SegmentedRaftLogWorker.java:execute(569)) - 9e0ce00e-bd9e-4362-b99a-25aeecbf96cd-SegmentedRaftLogWorker:Storage Directory /tmp/workdir/hadoop-ozone/integration-test/target/test-dir/MiniOzoneClusterImpl-b7adce73-001b-448b-8b3e-b87d80415a10/datanode-6/data/ratis/dac4e216-05a2-415f-8000-a081ffaae187: created new log segment /tmp/workdir/hadoop-ozone/integration-test/target/test-dir/MiniOzoneClusterImpl-b7adce73-001b-448b-8b3e-b87d80415a10/datanode-6/data/ratis/dac4e216-05a2-415f-8000-a081ffaae187/current/log_inprogress_0
2019-07-12 13:06:38,656 INFO  impl.FollowerState (FollowerState.java:run(106)) - d1910a88-93ac-41f7-96e4-eedd26bb882f:group-AC1707B66BF5 changes to CANDIDATE, lastRpcTime:5169, electionTimeout:5169ms
2019-07-12 13:06:38,659 INFO  impl.RoleInfo (RoleInfo.java:shutdownFollowerState(121)) - d1910a88-93ac-41f7-96e4-eedd26bb882f: shutdown FollowerState
2019-07-12 13:06:38,659 INFO  impl.RaftServerImpl (RaftServerImpl.java:setRole(171)) - d1910a88-93ac-41f7-96e4-eedd26bb882f:group-AC1707B66BF5 changes role from FOLLOWER to CANDIDATE at term 0 for changeToCandidate
2019-07-12 13:06:38,659 INFO  impl.RoleInfo (RoleInfo.java:updateAndGet(143)) - d1910a88-93ac-41f7-96e4-eedd26bb882f: start LeaderElection
2019-07-12 13:06:38,678 INFO  impl.LeaderElection (LeaderElection.java:askForVotes(181)) - d1910a88-93ac-41f7-96e4-eedd26bb882f:group-AC1707B66BF5:LeaderElection7: begin an election at term 1 for -1: [d1910a88-93ac-41f7-96e4-eedd26bb882f:192.168.157.212:44289], old=null
2019-07-12 13:06:38,680 INFO  impl.RoleInfo (RoleInfo.java:shutdownLeaderElection(134)) - d1910a88-93ac-41f7-96e4-eedd26bb882f: shutdown LeaderElection
2019-07-12 13:06:38,680 INFO  impl.RaftServerImpl (RaftServerImpl.java:setRole(171)) - d1910a88-93ac-41f7-96e4-eedd26bb882f:group-AC1707B66BF5 changes role from CANDIDATE to LEADER at term 1 for changeToLeader
2019-07-12 13:06:38,680 INFO  impl.RaftServerImpl (ServerState.java:setLeader(263)) - d1910a88-93ac-41f7-96e4-eedd26bb882f:group-AC1707B66BF5 change Leader from null to d1910a88-93ac-41f7-96e4-eedd26bb882f at term 1 for becomeLeader, leader elected after 5198ms
2019-07-12 13:06:38,682 INFO  server.RaftServerConfigKeys (ConfUtils.java:logGet(43)) - raft.server.staging.catchup.gap = 1000 (default)
2019-07-12 13:06:38,683 INFO  server.RaftServerConfigKeys (ConfUtils.java:logGet(43)) - raft.server.rpc.sleep.time = 25ms (default)
2019-07-12 13:06:38,683 INFO  server.RaftServerConfigKeys (ConfUtils.java:logGet(43)) - raft.server.write.element-limit = 4096 (default)
2019-07-12 13:06:38,683 INFO  server.RaftServerConfigKeys (ConfUtils.java:logGet(43)) - raft.server.watch.timeout = 10s (default)
2019-07-12 13:06:38,683 INFO  server.RaftServerConfigKeys (ConfUtils.java:logGet(43)) - raft.server.watch.timeout.denomination = 1s (default)
2019-07-12 13:06:38,684 INFO  server.RaftServerConfigKeys (ConfUtils.java:logGet(43)) - raft.server.watch.element-limit = 65536 (default)
2019-07-12 13:06:38,684 INFO  impl.RoleInfo (RoleInfo.java:updateAndGet(143)) - d1910a88-93ac-41f7-96e4-eedd26bb882f: start LeaderState
2019-07-12 13:06:38,684 INFO  segmented.SegmentedRaftLogWorker (SegmentedRaftLogWorker.java:startLogSegment(380)) - d1910a88-93ac-41f7-96e4-eedd26bb882f-SegmentedRaftLogWorker:Storage Directory /tmp/workdir/hadoop-ozone/integration-test/target/test-dir/MiniOzoneClusterImpl-b7adce73-001b-448b-8b3e-b87d80415a10/datanode-2/data/ratis/99980669-459b-4fbf-93d1-ac1707b66bf5: Starting segment from index:0
2019-07-12 13:06:38,685 INFO  impl.RaftServerImpl (ServerState.java:setRaftConf(361)) - d1910a88-93ac-41f7-96e4-eedd26bb882f:group-AC1707B66BF5 set configuration 0: [d1910a88-93ac-41f7-96e4-eedd26bb882f:192.168.157.212:44289], old=null at 0
2019-07-12 13:06:38,716 INFO  client.GrpcClientProtocolClient (GrpcClientProtocolClient.java:onNext(255)) - client-5725774B5B7F->37bc2117-d202-4423-8eea-25ffa4501bf7: receive RaftClientReply:client-5725774B5B7F->37bc2117-d202-4423-8eea-25ffa4501bf7@group-1F72CCFDCC7B, cid=19, FAILED org.apache.ratis.protocol.NotLeaderException: Server 37bc2117-d202-4423-8eea-25ffa4501bf7 is not the leader (null). Request must be sent to leader., logIndex=0, commits[37bc2117-d202-4423-8eea-25ffa4501bf7:c-1]
2019-07-12 13:06:38,729 INFO  segmented.SegmentedRaftLogWorker (SegmentedRaftLogWorker.java:execute(569)) - d1910a88-93ac-41f7-96e4-eedd26bb882f-SegmentedRaftLogWorker:Storage Directory /tmp/workdir/hadoop-ozone/integration-test/target/test-dir/MiniOzoneClusterImpl-b7adce73-001b-448b-8b3e-b87d80415a10/datanode-2/data/ratis/99980669-459b-4fbf-93d1-ac1707b66bf5: created new log segment /tmp/workdir/hadoop-ozone/integration-test/target/test-dir/MiniOzoneClusterImpl-b7adce73-001b-448b-8b3e-b87d80415a10/datanode-2/data/ratis/99980669-459b-4fbf-93d1-ac1707b66bf5/current/log_inprogress_0
2019-07-12 13:06:38,759 INFO  impl.FollowerState (FollowerState.java:run(106)) - 1021b88f-9eb2-4a91-8862-c4fd4e2788e3:group-26E6EA2301C1 changes to CANDIDATE, lastRpcTime:5151, electionTimeout:5149ms
2019-07-12 13:06:38,760 INFO  impl.RoleInfo (RoleInfo.java:shutdownFollowerState(121)) - 1021b88f-9eb2-4a91-8862-c4fd4e2788e3: shutdown FollowerState
2019-07-12 13:06:38,760 INFO  impl.RaftServerImpl (RaftServerImpl.java:setRole(171)) - 1021b88f-9eb2-4a91-8862-c4fd4e2788e3:group-26E6EA2301C1 changes role from FOLLOWER to CANDIDATE at term 0 for changeToCandidate
2019-07-12 13:06:38,760 INFO  impl.RoleInfo (RoleInfo.java:updateAndGet(143)) - 1021b88f-9eb2-4a91-8862-c4fd4e2788e3: start LeaderElection
2019-07-12 13:06:38,777 INFO  impl.LeaderElection (LeaderElection.java:askForVotes(181)) - 1021b88f-9eb2-4a91-8862-c4fd4e2788e3:group-26E6EA2301C1:LeaderElection8: begin an election at term 1 for -1: [1021b88f-9eb2-4a91-8862-c4fd4e2788e3:192.168.157.212:34400, 36faec0d-2528-47a5-8dc0-b3acb5d72577:192.168.157.212:34487, 127ba201-5fa8-4097-8893-635bce1d52f1:192.168.157.212:33520], old=null
2019-07-12 13:06:38,782 INFO  impl.FollowerState (FollowerState.java:run(106)) - 7e2005de-03c1-4741-8724-e49b8503bfce:group-1F72CCFDCC7B changes to CANDIDATE, lastRpcTime:5025, electionTimeout:5021ms
2019-07-12 13:06:38,783 INFO  impl.RoleInfo (RoleInfo.java:shutdownFollowerState(121)) - 7e2005de-03c1-4741-8724-e49b8503bfce: shutdown FollowerState
2019-07-12 13:06:38,783 INFO  impl.RaftServerImpl (RaftServerImpl.java:setRole(171)) - 7e2005de-03c1-4741-8724-e49b8503bfce:group-1F72CCFDCC7B changes role from FOLLOWER to CANDIDATE at term 0 for changeToCandidate
2019-07-12 13:06:38,783 INFO  impl.RoleInfo (RoleInfo.java:updateAndGet(143)) - 7e2005de-03c1-4741-8724-e49b8503bfce: start LeaderElection
2019-07-12 13:06:38,792 INFO  impl.FollowerState (FollowerState.java:run(106)) - 37bc2117-d202-4423-8eea-25ffa4501bf7:group-1F72CCFDCC7B changes to CANDIDATE, lastRpcTime:5043, electionTimeout:5043ms
2019-07-12 13:06:38,792 INFO  impl.RoleInfo (RoleInfo.java:shutdownFollowerState(121)) - 37bc2117-d202-4423-8eea-25ffa4501bf7: shutdown FollowerState
2019-07-12 13:06:38,792 INFO  impl.FollowerState (FollowerState.java:run(106)) - 127ba201-5fa8-4097-8893-635bce1d52f1:group-26E6EA2301C1 changes to CANDIDATE, lastRpcTime:5183, electionTimeout:5179ms
2019-07-12 13:06:38,792 INFO  impl.RoleInfo (RoleInfo.java:shutdownFollowerState(121)) - 127ba201-5fa8-4097-8893-635bce1d52f1: shutdown FollowerState
2019-07-12 13:06:38,792 INFO  impl.RaftServerImpl (RaftServerImpl.java:setRole(171)) - 37bc2117-d202-4423-8eea-25ffa4501bf7:group-1F72CCFDCC7B changes role from FOLLOWER to CANDIDATE at term 0 for changeToCandidate
2019-07-12 13:06:38,792 INFO  impl.RaftServerImpl (RaftServerImpl.java:setRole(171)) - 127ba201-5fa8-4097-8893-635bce1d52f1:group-26E6EA2301C1 changes role from FOLLOWER to CANDIDATE at term 0 for changeToCandidate
2019-07-12 13:06:38,793 INFO  impl.RoleInfo (RoleInfo.java:updateAndGet(143)) - 37bc2117-d202-4423-8eea-25ffa4501bf7: start LeaderElection
2019-07-12 13:06:38,793 INFO  impl.RoleInfo (RoleInfo.java:updateAndGet(143)) - 127ba201-5fa8-4097-8893-635bce1d52f1: start LeaderElection
2019-07-12 13:06:38,793 INFO  impl.FollowerState (FollowerState.java:run(106)) - 36faec0d-2528-47a5-8dc0-b3acb5d72577:group-26E6EA2301C1 changes to CANDIDATE, lastRpcTime:5192, electionTimeout:5192ms
2019-07-12 13:06:38,795 INFO  impl.RoleInfo (RoleInfo.java:shutdownFollowerState(121)) - 36faec0d-2528-47a5-8dc0-b3acb5d72577: shutdown FollowerState
2019-07-12 13:06:38,800 INFO  impl.RaftServerImpl (RaftServerImpl.java:setRole(171)) - 36faec0d-2528-47a5-8dc0-b3acb5d72577:group-26E6EA2301C1 changes role from FOLLOWER to CANDIDATE at term 0 for changeToCandidate
2019-07-12 13:06:38,802 INFO  impl.RoleInfo (RoleInfo.java:updateAndGet(143)) - 36faec0d-2528-47a5-8dc0-b3acb5d72577: start LeaderElection
2019-07-12 13:06:38,802 INFO  impl.LeaderElection (LeaderElection.java:askForVotes(181)) - 7e2005de-03c1-4741-8724-e49b8503bfce:group-1F72CCFDCC7B:LeaderElection9: begin an election at term 1 for -1: [9e0ce00e-bd9e-4362-b99a-25aeecbf96cd:192.168.157.212:37660, 37bc2117-d202-4423-8eea-25ffa4501bf7:192.168.157.212:43868, 7e2005de-03c1-4741-8724-e49b8503bfce:192.168.157.212:35551], old=null
2019-07-12 13:06:38,808 INFO  impl.LeaderElection (LeaderElection.java:askForVotes(181)) - 127ba201-5fa8-4097-8893-635bce1d52f1:group-26E6EA2301C1:LeaderElection11: begin an election at term 1 for -1: [1021b88f-9eb2-4a91-8862-c4fd4e2788e3:192.168.157.212:34400, 36faec0d-2528-47a5-8dc0-b3acb5d72577:192.168.157.212:34487, 127ba201-5fa8-4097-8893-635bce1d52f1:192.168.157.212:33520], old=null
2019-07-12 13:06:38,837 INFO  impl.LeaderElection (LeaderElection.java:askForVotes(181)) - 36faec0d-2528-47a5-8dc0-b3acb5d72577:group-26E6EA2301C1:LeaderElection12: begin an election at term 1 for -1: [1021b88f-9eb2-4a91-8862-c4fd4e2788e3:192.168.157.212:34400, 36faec0d-2528-47a5-8dc0-b3acb5d72577:192.168.157.212:34487, 127ba201-5fa8-4097-8893-635bce1d52f1:192.168.157.212:33520], old=null
2019-07-12 13:06:38,837 INFO  impl.LeaderElection (LeaderElection.java:askForVotes(181)) - 37bc2117-d202-4423-8eea-25ffa4501bf7:group-1F72CCFDCC7B:LeaderElection10: begin an election at term 1 for -1: [9e0ce00e-bd9e-4362-b99a-25aeecbf96cd:192.168.157.212:37660, 37bc2117-d202-4423-8eea-25ffa4501bf7:192.168.157.212:43868, 7e2005de-03c1-4741-8724-e49b8503bfce:192.168.157.212:35551], old=null
2019-07-12 13:06:38,877 INFO  impl.RaftServerImpl (RaftServerImpl.java:setRole(171)) - 9e0ce00e-bd9e-4362-b99a-25aeecbf96cd:group-1F72CCFDCC7B changes role from FOLLOWER to FOLLOWER at term 1 for recognizeCandidate:7e2005de-03c1-4741-8724-e49b8503bfce
2019-07-12 13:06:38,877 INFO  impl.RoleInfo (RoleInfo.java:shutdownFollowerState(121)) - 9e0ce00e-bd9e-4362-b99a-25aeecbf96cd: shutdown FollowerState
2019-07-12 13:06:38,877 INFO  impl.RoleInfo (RoleInfo.java:updateAndGet(143)) - 9e0ce00e-bd9e-4362-b99a-25aeecbf96cd: start FollowerState
2019-07-12 13:06:38,877 INFO  impl.FollowerState (FollowerState.java:run(114)) - 9e0ce00e-bd9e-4362-b99a-25aeecbf96cd: FollowerState was interrupted: java.lang.InterruptedException: sleep interrupted
2019-07-12 13:06:38,921 INFO  impl.LeaderElection (LeaderElection.java:logAndReturn(56)) - 1021b88f-9eb2-4a91-8862-c4fd4e2788e3:group-26E6EA2301C1:LeaderElection8: Election REJECTED; received 2 response(s) [1021b88f-9eb2-4a91-8862-c4fd4e2788e3<-36faec0d-2528-47a5-8dc0-b3acb5d72577#0:FAIL-t1, 1021b88f-9eb2-4a91-8862-c4fd4e2788e3<-127ba201-5fa8-4097-8893-635bce1d52f1#0:FAIL-t1] and 0 exception(s); 1021b88f-9eb2-4a91-8862-c4fd4e2788e3:t1, leader=null, voted=1021b88f-9eb2-4a91-8862-c4fd4e2788e3, raftlog=1021b88f-9eb2-4a91-8862-c4fd4e2788e3-SegmentedRaftLog:OPENED:c-1,f-1,i0, conf=-1: [1021b88f-9eb2-4a91-8862-c4fd4e2788e3:192.168.157.212:34400, 36faec0d-2528-47a5-8dc0-b3acb5d72577:192.168.157.212:34487, 127ba201-5fa8-4097-8893-635bce1d52f1:192.168.157.212:33520], old=null
2019-07-12 13:06:38,921 INFO  impl.LeaderElection (LeaderElection.java:logAndReturn(56)) - 127ba201-5fa8-4097-8893-635bce1d52f1:group-26E6EA2301C1:LeaderElection11: Election REJECTED; received 2 response(s) [127ba201-5fa8-4097-8893-635bce1d52f1<-1021b88f-9eb2-4a91-8862-c4fd4e2788e3#0:FAIL-t1, 127ba201-5fa8-4097-8893-635bce1d52f1<-36faec0d-2528-47a5-8dc0-b3acb5d72577#0:FAIL-t1] and 0 exception(s); 127ba201-5fa8-4097-8893-635bce1d52f1:t1, leader=null, voted=127ba201-5fa8-4097-8893-635bce1d52f1, raftlog=127ba201-5fa8-4097-8893-635bce1d52f1-SegmentedRaftLog:OPENED:c-1,f-1,i0, conf=-1: [1021b88f-9eb2-4a91-8862-c4fd4e2788e3:192.168.157.212:34400, 36faec0d-2528-47a5-8dc0-b3acb5d72577:192.168.157.212:34487, 127ba201-5fa8-4097-8893-635bce1d52f1:192.168.157.212:33520], old=null
2019-07-12 13:06:38,921 INFO  impl.LeaderElection (LeaderElection.java:logAndReturn(56)) - 7e2005de-03c1-4741-8724-e49b8503bfce:group-1F72CCFDCC7B:LeaderElection9: Election PASSED; received 2 response(s) [7e2005de-03c1-4741-8724-e49b8503bfce<-9e0ce00e-bd9e-4362-b99a-25aeecbf96cd#0:OK-t1, 7e2005de-03c1-4741-8724-e49b8503bfce<-37bc2117-d202-4423-8eea-25ffa4501bf7#0:FAIL-t1] and 0 exception(s); 7e2005de-03c1-4741-8724-e49b8503bfce:t1, leader=null, voted=7e2005de-03c1-4741-8724-e49b8503bfce, raftlog=7e2005de-03c1-4741-8724-e49b8503bfce-SegmentedRaftLog:OPENED:c-1,f-1,i0, conf=-1: [9e0ce00e-bd9e-4362-b99a-25aeecbf96cd:192.168.157.212:37660, 37bc2117-d202-4423-8eea-25ffa4501bf7:192.168.157.212:43868, 7e2005de-03c1-4741-8724-e49b8503bfce:192.168.157.212:35551], old=null
2019-07-12 13:06:38,923 INFO  impl.RaftServerImpl (RaftServerImpl.java:setRole(171)) - 1021b88f-9eb2-4a91-8862-c4fd4e2788e3:group-26E6EA2301C1 changes role from CANDIDATE to FOLLOWER at term 1 for DISCOVERED_A_NEW_TERM
2019-07-12 13:06:38,925 INFO  impl.RoleInfo (RoleInfo.java:shutdownLeaderElection(134)) - 7e2005de-03c1-4741-8724-e49b8503bfce: shutdown LeaderElection
2019-07-12 13:06:38,921 INFO  impl.LeaderElection (LeaderElection.java:logAndReturn(56)) - 37bc2117-d202-4423-8eea-25ffa4501bf7:group-1F72CCFDCC7B:LeaderElection10: Election REJECTED; received 2 response(s) [37bc2117-d202-4423-8eea-25ffa4501bf7<-9e0ce00e-bd9e-4362-b99a-25aeecbf96cd#0:FAIL-t1, 37bc2117-d202-4423-8eea-25ffa4501bf7<-7e2005de-03c1-4741-8724-e49b8503bfce#0:FAIL-t1] and 0 exception(s); 37bc2117-d202-4423-8eea-25ffa4501bf7:t1, leader=null, voted=37bc2117-d202-4423-8eea-25ffa4501bf7, raftlog=37bc2117-d202-4423-8eea-25ffa4501bf7-SegmentedRaftLog:OPENED:c-1,f-1,i0, conf=-1: [9e0ce00e-bd9e-4362-b99a-25aeecbf96cd:192.168.157.212:37660, 37bc2117-d202-4423-8eea-25ffa4501bf7:192.168.157.212:43868, 7e2005de-03c1-4741-8724-e49b8503bfce:192.168.157.212:35551], old=null
2019-07-12 13:06:38,921 INFO  impl.LeaderElection (LeaderElection.java:logAndReturn(56)) - 36faec0d-2528-47a5-8dc0-b3acb5d72577:group-26E6EA2301C1:LeaderElection12: Election REJECTED; received 2 response(s) [36faec0d-2528-47a5-8dc0-b3acb5d72577<-1021b88f-9eb2-4a91-8862-c4fd4e2788e3#0:FAIL-t1, 36faec0d-2528-47a5-8dc0-b3acb5d72577<-127ba201-5fa8-4097-8893-635bce1d52f1#0:FAIL-t1] and 0 exception(s); 36faec0d-2528-47a5-8dc0-b3acb5d72577:t1, leader=null, voted=36faec0d-2528-47a5-8dc0-b3acb5d72577, raftlog=36faec0d-2528-47a5-8dc0-b3acb5d72577-SegmentedRaftLog:OPENED:c-1,f-1,i0, conf=-1: [1021b88f-9eb2-4a91-8862-c4fd4e2788e3:192.168.157.212:34400, 36faec0d-2528-47a5-8dc0-b3acb5d72577:192.168.157.212:34487, 127ba201-5fa8-4097-8893-635bce1d52f1:192.168.157.212:33520], old=null
2019-07-12 13:06:38,929 INFO  impl.RaftServerImpl (RaftServerImpl.java:setRole(171)) - 7e2005de-03c1-4741-8724-e49b8503bfce:group-1F72CCFDCC7B changes role from CANDIDATE to LEADER at term 1 for changeToLeader
2019-07-12 13:06:38,939 INFO  impl.RaftServerImpl (RaftServerImpl.java:setRole(171)) - 36faec0d-2528-47a5-8dc0-b3acb5d72577:group-26E6EA2301C1 changes role from CANDIDATE to FOLLOWER at term 1 for DISCOVERED_A_NEW_TERM
2019-07-12 13:06:38,925 INFO  impl.RoleInfo (RoleInfo.java:shutdownLeaderElection(134)) - 1021b88f-9eb2-4a91-8862-c4fd4e2788e3: shutdown LeaderElection
2019-07-12 13:06:38,923 INFO  impl.RaftServerImpl (RaftServerImpl.java:setRole(171)) - 127ba201-5fa8-4097-8893-635bce1d52f1:group-26E6EA2301C1 changes role from CANDIDATE to FOLLOWER at term 1 for DISCOVERED_A_NEW_TERM
2019-07-12 13:06:38,946 INFO  impl.RoleInfo (RoleInfo.java:shutdownLeaderElection(134)) - 127ba201-5fa8-4097-8893-635bce1d52f1: shutdown LeaderElection
2019-07-12 13:06:38,944 INFO  impl.RoleInfo (RoleInfo.java:shutdownLeaderElection(134)) - 36faec0d-2528-47a5-8dc0-b3acb5d72577: shutdown LeaderElection
2019-07-12 13:06:38,940 INFO  impl.RaftServerImpl (ServerState.java:setLeader(263)) - 7e2005de-03c1-4741-8724-e49b8503bfce:group-1F72CCFDCC7B change Leader from null to 7e2005de-03c1-4741-8724-e49b8503bfce at term 1 for becomeLeader, leader elected after 5219ms
2019-07-12 13:06:38,948 INFO  impl.RoleInfo (RoleInfo.java:updateAndGet(143)) - 36faec0d-2528-47a5-8dc0-b3acb5d72577: start FollowerState
2019-07-12 13:06:38,939 INFO  impl.RaftServerImpl (RaftServerImpl.java:setRole(171)) - 37bc2117-d202-4423-8eea-25ffa4501bf7:group-1F72CCFDCC7B changes role from CANDIDATE to FOLLOWER at term 1 for DISCOVERED_A_NEW_TERM
2019-07-12 13:06:38,948 INFO  server.RaftServerConfigKeys (ConfUtils.java:logGet(43)) - raft.server.staging.catchup.gap = 1000 (default)
2019-07-12 13:06:38,946 INFO  impl.RoleInfo (RoleInfo.java:updateAndGet(143)) - 127ba201-5fa8-4097-8893-635bce1d52f1: start FollowerState
2019-07-12 13:06:38,946 INFO  impl.RoleInfo (RoleInfo.java:updateAndGet(143)) - 1021b88f-9eb2-4a91-8862-c4fd4e2788e3: start FollowerState
2019-07-12 13:06:38,951 INFO  server.RaftServerConfigKeys (ConfUtils.java:logGet(43)) - raft.server.rpc.sleep.time = 25ms (default)
2019-07-12 13:06:38,949 INFO  impl.RoleInfo (RoleInfo.java:shutdownLeaderElection(134)) - 37bc2117-d202-4423-8eea-25ffa4501bf7: shutdown LeaderElection
2019-07-12 13:06:38,970 INFO  server.RaftServerConfigKeys (ConfUtils.java:logGet(43)) - raft.server.write.element-limit = 4096 (default)
2019-07-12 13:06:38,970 INFO  impl.RoleInfo (RoleInfo.java:updateAndGet(143)) - 37bc2117-d202-4423-8eea-25ffa4501bf7: start FollowerState
2019-07-12 13:06:38,970 INFO  server.RaftServerConfigKeys (ConfUtils.java:logGet(43)) - raft.server.watch.timeout = 10s (default)
2019-07-12 13:06:38,970 INFO  server.RaftServerConfigKeys (ConfUtils.java:logGet(43)) - raft.server.watch.timeout.denomination = 1s (default)
2019-07-12 13:06:38,971 INFO  server.RaftServerConfigKeys (ConfUtils.java:logGet(43)) - raft.server.watch.element-limit = 65536 (default)
2019-07-12 13:06:38,974 INFO  server.RaftServerConfigKeys (ConfUtils.java:logGet(43)) - raft.server.log.appender.snapshot.chunk.size.max = 16MB (=16777216) (default)
2019-07-12 13:06:38,974 INFO  server.RaftServerConfigKeys (ConfUtils.java:logGet(43)) - raft.server.log.appender.buffer.byte-limit = 33554432 (custom)
2019-07-12 13:06:38,975 INFO  server.RaftServerConfigKeys (ConfUtils.java:logGet(43)) - raft.server.log.appender.buffer.element-limit = 1 (custom)
2019-07-12 13:06:38,978 INFO  grpc.GrpcConfigKeys$Server (ConfUtils.java:logGet(43)) - raft.grpc.server.leader.outstanding.appends.max = 128 (default)
2019-07-12 13:06:38,980 INFO  server.RaftServerConfigKeys (ConfUtils.java:logGet(43)) - raft.server.rpc.request.timeout = 3000ms (default)
2019-07-12 13:06:38,981 INFO  server.RaftServerConfigKeys (ConfUtils.java:logGet(43)) - raft.server.log.appender.install.snapshot.enabled = false (custom)
2019-07-12 13:06:38,981 INFO  server.RaftServerConfigKeys (ConfUtils.java:logGet(43)) - raft.server.log.appender.snapshot.chunk.size.max = 16MB (=16777216) (default)
2019-07-12 13:06:38,981 INFO  server.RaftServerConfigKeys (ConfUtils.java:logGet(43)) - raft.server.log.appender.buffer.byte-limit = 33554432 (custom)
2019-07-12 13:06:38,981 INFO  server.RaftServerConfigKeys (ConfUtils.java:logGet(43)) - raft.server.log.appender.buffer.element-limit = 1 (custom)
2019-07-12 13:06:38,981 INFO  grpc.GrpcConfigKeys$Server (ConfUtils.java:logGet(43)) - raft.grpc.server.leader.outstanding.appends.max = 128 (default)
2019-07-12 13:06:38,981 INFO  server.RaftServerConfigKeys (ConfUtils.java:logGet(43)) - raft.server.rpc.request.timeout = 3000ms (default)
2019-07-12 13:06:38,982 INFO  server.RaftServerConfigKeys (ConfUtils.java:logGet(43)) - raft.server.log.appender.install.snapshot.enabled = false (custom)
2019-07-12 13:06:38,983 INFO  impl.RoleInfo (RoleInfo.java:updateAndGet(143)) - 7e2005de-03c1-4741-8724-e49b8503bfce: start LeaderState
2019-07-12 13:06:38,983 INFO  segmented.SegmentedRaftLogWorker (SegmentedRaftLogWorker.java:startLogSegment(380)) - 7e2005de-03c1-4741-8724-e49b8503bfce-SegmentedRaftLogWorker:Storage Directory /tmp/workdir/hadoop-ozone/integration-test/target/test-dir/MiniOzoneClusterImpl-b7adce73-001b-448b-8b3e-b87d80415a10/datanode-3/data/ratis/4955584e-d0df-4a15-8810-1f72ccfdcc7b: Starting segment from index:0
2019-07-12 13:06:38,984 INFO  impl.RaftServerImpl (ServerState.java:setRaftConf(361)) - 7e2005de-03c1-4741-8724-e49b8503bfce:group-1F72CCFDCC7B set configuration 0: [9e0ce00e-bd9e-4362-b99a-25aeecbf96cd:192.168.157.212:37660, 37bc2117-d202-4423-8eea-25ffa4501bf7:192.168.157.212:43868, 7e2005de-03c1-4741-8724-e49b8503bfce:192.168.157.212:35551], old=null at 0
2019-07-12 13:06:39,012 INFO  segmented.SegmentedRaftLogWorker (SegmentedRaftLogWorker.java:execute(569)) - 7e2005de-03c1-4741-8724-e49b8503bfce-SegmentedRaftLogWorker:Storage Directory /tmp/workdir/hadoop-ozone/integration-test/target/test-dir/MiniOzoneClusterImpl-b7adce73-001b-448b-8b3e-b87d80415a10/datanode-3/data/ratis/4955584e-d0df-4a15-8810-1f72ccfdcc7b: created new log segment /tmp/workdir/hadoop-ozone/integration-test/target/test-dir/MiniOzoneClusterImpl-b7adce73-001b-448b-8b3e-b87d80415a10/datanode-3/data/ratis/4955584e-d0df-4a15-8810-1f72ccfdcc7b/current/log_inprogress_0
2019-07-12 13:06:39,022 INFO  impl.RaftServerImpl (ServerState.java:setLeader(263)) - 9e0ce00e-bd9e-4362-b99a-25aeecbf96cd:group-1F72CCFDCC7B change Leader from null to 7e2005de-03c1-4741-8724-e49b8503bfce at term 1 for appendEntries, leader elected after 5301ms
2019-07-12 13:06:39,022 INFO  impl.RaftServerImpl (ServerState.java:setLeader(263)) - 37bc2117-d202-4423-8eea-25ffa4501bf7:group-1F72CCFDCC7B change Leader from null to 7e2005de-03c1-4741-8724-e49b8503bfce at term 1 for appendEntries, leader elected after 5302ms
2019-07-12 13:06:39,059 INFO  impl.RaftServerImpl (ServerState.java:setRaftConf(361)) - 37bc2117-d202-4423-8eea-25ffa4501bf7:group-1F72CCFDCC7B set configuration 0: [9e0ce00e-bd9e-4362-b99a-25aeecbf96cd:192.168.157.212:37660, 37bc2117-d202-4423-8eea-25ffa4501bf7:192.168.157.212:43868, 7e2005de-03c1-4741-8724-e49b8503bfce:192.168.157.212:35551], old=null at 0
2019-07-12 13:06:39,059 INFO  impl.RaftServerImpl (ServerState.java:setRaftConf(361)) - 9e0ce00e-bd9e-4362-b99a-25aeecbf96cd:group-1F72CCFDCC7B set configuration 0: [9e0ce00e-bd9e-4362-b99a-25aeecbf96cd:192.168.157.212:37660, 37bc2117-d202-4423-8eea-25ffa4501bf7:192.168.157.212:43868, 7e2005de-03c1-4741-8724-e49b8503bfce:192.168.157.212:35551], old=null at 0
2019-07-12 13:06:39,059 INFO  segmented.SegmentedRaftLogWorker (SegmentedRaftLogWorker.java:startLogSegment(380)) - 37bc2117-d202-4423-8eea-25ffa4501bf7-SegmentedRaftLogWorker:Storage Directory /tmp/workdir/hadoop-ozone/integration-test/target/test-dir/MiniOzoneClusterImpl-b7adce73-001b-448b-8b3e-b87d80415a10/datanode-0/data/ratis/4955584e-d0df-4a15-8810-1f72ccfdcc7b: Starting segment from index:0
2019-07-12 13:06:39,059 INFO  segmented.SegmentedRaftLogWorker (SegmentedRaftLogWorker.java:startLogSegment(380)) - 9e0ce00e-bd9e-4362-b99a-25aeecbf96cd-SegmentedRaftLogWorker:Storage Directory /tmp/workdir/hadoop-ozone/integration-test/target/test-dir/MiniOzoneClusterImpl-b7adce73-001b-448b-8b3e-b87d80415a10/datanode-6/data/ratis/4955584e-d0df-4a15-8810-1f72ccfdcc7b: Starting segment from index:0
2019-07-12 13:06:39,088 INFO  segmented.SegmentedRaftLogWorker (SegmentedRaftLogWorker.java:execute(569)) - 9e0ce00e-bd9e-4362-b99a-25aeecbf96cd-SegmentedRaftLogWorker:Storage Directory /tmp/workdir/hadoop-ozone/integration-test/target/test-dir/MiniOzoneClusterImpl-b7adce73-001b-448b-8b3e-b87d80415a10/datanode-6/data/ratis/4955584e-d0df-4a15-8810-1f72ccfdcc7b: created new log segment /tmp/workdir/hadoop-ozone/integration-test/target/test-dir/MiniOzoneClusterImpl-b7adce73-001b-448b-8b3e-b87d80415a10/datanode-6/data/ratis/4955584e-d0df-4a15-8810-1f72ccfdcc7b/current/log_inprogress_0
2019-07-12 13:06:39,088 INFO  segmented.SegmentedRaftLogWorker (SegmentedRaftLogWorker.java:execute(569)) - 37bc2117-d202-4423-8eea-25ffa4501bf7-SegmentedRaftLogWorker:Storage Directory /tmp/workdir/hadoop-ozone/integration-test/target/test-dir/MiniOzoneClusterImpl-b7adce73-001b-448b-8b3e-b87d80415a10/datanode-0/data/ratis/4955584e-d0df-4a15-8810-1f72ccfdcc7b: created new log segment /tmp/workdir/hadoop-ozone/integration-test/target/test-dir/MiniOzoneClusterImpl-b7adce73-001b-448b-8b3e-b87d80415a10/datanode-0/data/ratis/4955584e-d0df-4a15-8810-1f72ccfdcc7b/current/log_inprogress_0
2019-07-12 13:06:39,981 INFO  client.GrpcClientProtocolClient (GrpcClientProtocolClient.java:onNext(255)) - client-5725774B5B7F->7e2005de-03c1-4741-8724-e49b8503bfce: receive RaftClientReply:client-5725774B5B7F->7e2005de-03c1-4741-8724-e49b8503bfce@group-1F72CCFDCC7B, cid=19, SUCCESS, logIndex=1, commits[7e2005de-03c1-4741-8724-e49b8503bfce:c1, 9e0ce00e-bd9e-4362-b99a-25aeecbf96cd:c0, 37bc2117-d202-4423-8eea-25ffa4501bf7:c0]
2019-07-12 13:06:40,022 INFO  client.GrpcClientProtocolClient (GrpcClientProtocolClient.java:onNext(255)) - client-5725774B5B7F->7e2005de-03c1-4741-8724-e49b8503bfce: receive RaftClientReply:client-5725774B5B7F->7e2005de-03c1-4741-8724-e49b8503bfce@group-1F72CCFDCC7B, cid=20, SUCCESS, logIndex=3, commits[7e2005de-03c1-4741-8724-e49b8503bfce:c4, 9e0ce00e-bd9e-4362-b99a-25aeecbf96cd:c2, 37bc2117-d202-4423-8eea-25ffa4501bf7:c2]
2019-07-12 13:06:40,109 INFO  client.GrpcClientProtocolClient (GrpcClientProtocolClient.java:onNext(255)) - client-5725774B5B7F->7e2005de-03c1-4741-8724-e49b8503bfce: receive RaftClientReply:client-5725774B5B7F->7e2005de-03c1-4741-8724-e49b8503bfce@group-1F72CCFDCC7B, cid=21, SUCCESS, logIndex=4, commits[7e2005de-03c1-4741-8724-e49b8503bfce:c12, 9e0ce00e-bd9e-4362-b99a-25aeecbf96cd:c7, 37bc2117-d202-4423-8eea-25ffa4501bf7:c7]
2019-07-12 13:06:40,111 INFO  client.GrpcClientProtocolClient (GrpcClientProtocolClient.java:onNext(255)) - client-5725774B5B7F->7e2005de-03c1-4741-8724-e49b8503bfce: receive RaftClientReply:client-5725774B5B7F->7e2005de-03c1-4741-8724-e49b8503bfce@group-1F72CCFDCC7B, cid=22, SUCCESS, logIndex=5, commits[7e2005de-03c1-4741-8724-e49b8503bfce:c12, 9e0ce00e-bd9e-4362-b99a-25aeecbf96cd:c7, 37bc2117-d202-4423-8eea-25ffa4501bf7:c7]
2019-07-12 13:06:40,112 INFO  client.GrpcClientProtocolClient (GrpcClientProtocolClient.java:onNext(255)) - client-5725774B5B7F->7e2005de-03c1-4741-8724-e49b8503bfce: receive RaftClientReply:client-5725774B5B7F->7e2005de-03c1-4741-8724-e49b8503bfce@group-1F72CCFDCC7B, cid=23, SUCCESS, logIndex=6, commits[7e2005de-03c1-4741-8724-e49b8503bfce:c12, 9e0ce00e-bd9e-4362-b99a-25aeecbf96cd:c7, 37bc2117-d202-4423-8eea-25ffa4501bf7:c7]
2019-07-12 13:06:40,158 INFO  client.GrpcClientProtocolClient (GrpcClientProtocolClient.java:onNext(255)) - client-5725774B5B7F->7e2005de-03c1-4741-8724-e49b8503bfce: receive RaftClientReply:client-5725774B5B7F->7e2005de-03c1-4741-8724-e49b8503bfce@group-1F72CCFDCC7B, cid=24, SUCCESS, logIndex=7, commits[7e2005de-03c1-4741-8724-e49b8503bfce:c12, 9e0ce00e-bd9e-4362-b99a-25aeecbf96cd:c7, 37bc2117-d202-4423-8eea-25ffa4501bf7:c7]
]]></system-out>
    <system-err><![CDATA[ERROR StatusLogger No Log4j 2 configuration file found. Using default configuration (logging only errors to the console), or user programmatically provided configurations. Set system property 'log4j2.debug' to show Log4j 2 internal initialization logging. See https://logging.apache.org/log4j/2.x/manual/configuration.html for instructions on how to configure Log4j 2
Jul 12, 2019 1:06:26 PM com.sun.jersey.server.impl.application.WebApplicationImpl _initiate
INFO: Initiating Jersey application, version 'Jersey: 1.19 02/11/2015 03:25 AM'
Jul 12, 2019 1:06:27 PM com.sun.jersey.server.impl.application.WebApplicationImpl _initiate
INFO: Initiating Jersey application, version 'Jersey: 1.19 02/11/2015 03:25 AM'
Jul 12, 2019 1:06:28 PM com.sun.jersey.server.impl.application.WebApplicationImpl _initiate
INFO: Initiating Jersey application, version 'Jersey: 1.19 02/11/2015 03:25 AM'
Jul 12, 2019 1:06:28 PM com.sun.jersey.server.impl.application.WebApplicationImpl _initiate
INFO: Initiating Jersey application, version 'Jersey: 1.19 02/11/2015 03:25 AM'
Jul 12, 2019 1:06:28 PM com.sun.jersey.server.impl.application.WebApplicationImpl _initiate
INFO: Initiating Jersey application, version 'Jersey: 1.19 02/11/2015 03:25 AM'
Jul 12, 2019 1:06:28 PM com.sun.jersey.server.impl.application.WebApplicationImpl _initiate
INFO: Initiating Jersey application, version 'Jersey: 1.19 02/11/2015 03:25 AM'
Jul 12, 2019 1:06:29 PM com.sun.jersey.server.impl.application.WebApplicationImpl _initiate
INFO: Initiating Jersey application, version 'Jersey: 1.19 02/11/2015 03:25 AM'
]]></system-err>
  </testcase>
  <testcase name="testWatchForCommitWithSmallerTimeoutValue" classname="org.apache.hadoop.ozone.client.rpc.TestWatchForCommit" time="16.781">
    <error message="org.apache.ratis.protocol.RaftRetryFailureException: Failed RaftClientRequest:client-6CEB1FE4E8E7-&gt;042a855c-bb36-408f-8f74-1437a5fe725d@group-368AFD4248B2, cid=38, seq=1*, RW, org.apache.hadoop.hdds.scm.XceiverClientRatis$$Lambda$309/674659751@16e58810 for 10 attempts with RetryLimited(maxAttempts=10, sleepTime=1000ms)" type="java.util.concurrent.ExecutionException">java.util.concurrent.ExecutionException: org.apache.ratis.protocol.RaftRetryFailureException: Failed RaftClientRequest:client-6CEB1FE4E8E7->042a855c-bb36-408f-8f74-1437a5fe725d@group-368AFD4248B2, cid=38, seq=1*, RW, org.apache.hadoop.hdds.scm.XceiverClientRatis$$Lambda$309/674659751@16e58810 for 10 attempts with RetryLimited(maxAttempts=10, sleepTime=1000ms)
	at java.util.concurrent.CompletableFuture.reportGet(CompletableFuture.java:357)
	at java.util.concurrent.CompletableFuture.get(CompletableFuture.java:1895)
	at org.apache.hadoop.ozone.client.rpc.TestWatchForCommit.testWatchForCommitWithSmallerTimeoutValue(TestWatchForCommit.java:301)
	at sun.reflect.NativeMethodAccessorImpl.invoke0(Native Method)
	at sun.reflect.NativeMethodAccessorImpl.invoke(NativeMethodAccessorImpl.java:62)
	at sun.reflect.DelegatingMethodAccessorImpl.invoke(DelegatingMethodAccessorImpl.java:43)
	at java.lang.reflect.Method.invoke(Method.java:498)
	at org.junit.runners.model.FrameworkMethod$1.runReflectiveCall(FrameworkMethod.java:47)
	at org.junit.internal.runners.model.ReflectiveCallable.run(ReflectiveCallable.java:12)
	at org.junit.runners.model.FrameworkMethod.invokeExplosively(FrameworkMethod.java:44)
	at org.junit.internal.runners.statements.InvokeMethod.evaluate(InvokeMethod.java:17)
	at org.junit.runners.ParentRunner.runLeaf(ParentRunner.java:271)
	at org.junit.runners.BlockJUnit4ClassRunner.runChild(BlockJUnit4ClassRunner.java:70)
	at org.junit.runners.BlockJUnit4ClassRunner.runChild(BlockJUnit4ClassRunner.java:50)
	at org.junit.runners.ParentRunner$3.run(ParentRunner.java:238)
	at org.junit.runners.ParentRunner$1.schedule(ParentRunner.java:63)
	at org.junit.runners.ParentRunner.runChildren(ParentRunner.java:236)
	at org.junit.runners.ParentRunner.access$000(ParentRunner.java:53)
	at org.junit.runners.ParentRunner$2.evaluate(ParentRunner.java:229)
	at org.junit.runners.ParentRunner.run(ParentRunner.java:309)
	at org.apache.maven.surefire.junit4.JUnit4Provider.execute(JUnit4Provider.java:365)
	at org.apache.maven.surefire.junit4.JUnit4Provider.executeWithRerun(JUnit4Provider.java:273)
	at org.apache.maven.surefire.junit4.JUnit4Provider.executeTestSet(JUnit4Provider.java:238)
	at org.apache.maven.surefire.junit4.JUnit4Provider.invoke(JUnit4Provider.java:159)
	at org.apache.maven.surefire.booter.ForkedBooter.invokeProviderInSameClassLoader(ForkedBooter.java:384)
	at org.apache.maven.surefire.booter.ForkedBooter.runSuitesInProcess(ForkedBooter.java:345)
	at org.apache.maven.surefire.booter.ForkedBooter.execute(ForkedBooter.java:126)
	at org.apache.maven.surefire.booter.ForkedBooter.main(ForkedBooter.java:418)
Caused by: org.apache.ratis.protocol.RaftRetryFailureException: Failed RaftClientRequest:client-6CEB1FE4E8E7->042a855c-bb36-408f-8f74-1437a5fe725d@group-368AFD4248B2, cid=38, seq=1*, RW, org.apache.hadoop.hdds.scm.XceiverClientRatis$$Lambda$309/674659751@16e58810 for 10 attempts with RetryLimited(maxAttempts=10, sleepTime=1000ms)
	at org.apache.ratis.client.impl.RaftClientImpl.noMoreRetries(RaftClientImpl.java:272)
	at org.apache.ratis.client.impl.OrderedAsync.handleAsyncRetryFailure(OrderedAsync.java:138)
	at org.apache.ratis.client.impl.OrderedAsync.lambda$sendRequest$10(OrderedAsync.java:230)
	at java.util.concurrent.CompletableFuture.uniExceptionally(CompletableFuture.java:870)
	at java.util.concurrent.CompletableFuture$UniExceptionally.tryFire(CompletableFuture.java:852)
	at java.util.concurrent.CompletableFuture.postComplete(CompletableFuture.java:474)
	at java.util.concurrent.CompletableFuture.completeExceptionally(CompletableFuture.java:1977)
	at org.apache.ratis.grpc.client.GrpcClientProtocolClient$AsyncStreamObservers.completeReplyExceptionally(GrpcClientProtocolClient.java:330)
	at org.apache.ratis.grpc.client.GrpcClientProtocolClient$AsyncStreamObservers.access$000(GrpcClientProtocolClient.java:246)
	at org.apache.ratis.grpc.client.GrpcClientProtocolClient$AsyncStreamObservers$1.onNext(GrpcClientProtocolClient.java:258)
	at org.apache.ratis.grpc.client.GrpcClientProtocolClient$AsyncStreamObservers$1.onNext(GrpcClientProtocolClient.java:249)
	at org.apache.ratis.thirdparty.io.grpc.stub.ClientCalls$StreamObserverToCallListenerAdapter.onMessage(ClientCalls.java:421)
	at org.apache.ratis.thirdparty.io.grpc.ForwardingClientCallListener.onMessage(ForwardingClientCallListener.java:33)
	at org.apache.ratis.thirdparty.io.grpc.ForwardingClientCallListener.onMessage(ForwardingClientCallListener.java:33)
	at org.apache.ratis.thirdparty.io.grpc.internal.ClientCallImpl$ClientStreamListenerImpl$1MessagesAvailable.runInContext(ClientCallImpl.java:519)
	at org.apache.ratis.thirdparty.io.grpc.internal.ContextRunnable.run(ContextRunnable.java:37)
	at org.apache.ratis.thirdparty.io.grpc.internal.SerializingExecutor.run(SerializingExecutor.java:123)
	at java.util.concurrent.ThreadPoolExecutor.runWorker(ThreadPoolExecutor.java:1149)
	at java.util.concurrent.ThreadPoolExecutor$Worker.run(ThreadPoolExecutor.java:624)
	at java.lang.Thread.run(Thread.java:748)
Caused by: org.apache.ratis.protocol.NotLeaderException: Server 042a855c-bb36-408f-8f74-1437a5fe725d is not the leader (5d95a777-d46c-4f4e-a788-35bf385375c9:192.168.157.212:43562). Request must be sent to leader.
	at org.apache.ratis.client.impl.ClientProtoUtils.toRaftClientReply(ClientProtoUtils.java:242)
	at org.apache.ratis.grpc.client.GrpcClientProtocolClient$AsyncStreamObservers$1.onNext(GrpcClientProtocolClient.java:254)
	... 10 more
</error>
    <system-out><![CDATA[2019-07-12 13:06:40,196 WARN  server.ServerUtils (ServerUtils.java:getScmDbDir(145)) - ozone.scm.db.dirs is not configured. We recommend adding this setting. Falling back to ozone.metadata.dirs instead.
2019-07-12 13:06:40,223 WARN  server.ServerUtils (ServerUtils.java:getScmDbDir(145)) - ozone.scm.db.dirs is not configured. We recommend adding this setting. Falling back to ozone.metadata.dirs instead.
2019-07-12 13:06:40,224 WARN  server.ServerUtils (ServerUtils.java:getScmDbDir(145)) - ozone.scm.db.dirs is not configured. We recommend adding this setting. Falling back to ozone.metadata.dirs instead.
2019-07-12 13:06:40,224 INFO  db.DBStoreBuilder (DBStoreBuilder.java:addTable(110)) - using custom profile for table: deletedBlocks
2019-07-12 13:06:40,225 INFO  db.DBStoreBuilder (DBStoreBuilder.java:processTables(161)) - Using default column profile:DBProfile.DISK for Table:deletedBlocks
2019-07-12 13:06:40,225 INFO  db.DBStoreBuilder (DBStoreBuilder.java:addTable(110)) - using custom profile for table: validCerts
2019-07-12 13:06:40,225 INFO  db.DBStoreBuilder (DBStoreBuilder.java:processTables(161)) - Using default column profile:DBProfile.DISK for Table:validCerts
2019-07-12 13:06:40,226 INFO  db.DBStoreBuilder (DBStoreBuilder.java:addTable(110)) - using custom profile for table: revokedCerts
2019-07-12 13:06:40,226 INFO  db.DBStoreBuilder (DBStoreBuilder.java:processTables(161)) - Using default column profile:DBProfile.DISK for Table:revokedCerts
2019-07-12 13:06:40,226 INFO  db.DBStoreBuilder (DBStoreBuilder.java:addTable(110)) - using custom profile for table: default
2019-07-12 13:06:40,226 INFO  db.DBStoreBuilder (DBStoreBuilder.java:processTables(167)) - Using default column profile:DBProfile.DISK for Table:default
2019-07-12 13:06:40,226 INFO  db.DBStoreBuilder (DBStoreBuilder.java:getDbProfile(198)) - Using default options. DBProfile.DISK
2019-07-12 13:06:40,385 INFO  net.NodeSchemaLoader (NodeSchemaLoader.java:loadSchemaFromFile(125)) - Loading file from sun.misc.CompoundEnumeration@2a1e57c6
2019-07-12 13:06:40,385 INFO  net.NodeSchemaLoader (NodeSchemaLoader.java:loadSchema(171)) - Loading network topology layer schema file
2019-07-12 13:06:40,391 WARN  server.ServerUtils (ServerUtils.java:sanitizeUserArgs(70)) - ozone.scm.stale.node.interval value = 300000 is larger than max = 100000 based on the key value of ozone.scm.heartbeat.thread.interval, reset to the max value 100000.
2019-07-12 13:06:40,391 WARN  server.ServerUtils (ServerUtils.java:sanitizeUserArgs(70)) - ozone.scm.stale.node.interval value = 300000 is larger than max = 100000 based on the key value of ozone.scm.heartbeat.thread.interval, reset to the max value 100000.
2019-07-12 13:06:40,392 INFO  node.SCMNodeManager (SCMNodeManager.java:<init>(119)) - Entering startup safe mode.
2019-07-12 13:06:40,394 WARN  server.ServerUtils (ServerUtils.java:getScmDbDir(145)) - ozone.scm.db.dirs is not configured. We recommend adding this setting. Falling back to ozone.metadata.dirs instead.
2019-07-12 13:06:40,440 INFO  pipeline.SCMPipelineManager (SCMPipelineManager.java:initializePipelineState(126)) - No pipeline exists in current db
2019-07-12 13:06:40,440 WARN  server.ServerUtils (ServerUtils.java:getScmDbDir(145)) - ozone.scm.db.dirs is not configured. We recommend adding this setting. Falling back to ozone.metadata.dirs instead.
2019-07-12 13:06:40,507 WARN  events.EventQueue (EventQueue.java:fireEvent(175)) - No event handler registered for event TypedEvent{payloadType=SafeModeStatus, name='SafeModeStatus'}
2019-07-12 13:06:40,509 INFO  ipc.CallQueueManager (CallQueueManager.java:<init>(84)) - Using callQueue: class java.util.concurrent.LinkedBlockingQueue, queueCapacity: 2000, scheduler: class org.apache.hadoop.ipc.DefaultRpcScheduler, ipcBackoff: false.
2019-07-12 13:06:40,511 INFO  ipc.Server (Server.java:run(1074)) - Starting Socket Reader #1 for port 32880
2019-07-12 13:06:40,517 INFO  ipc.CallQueueManager (CallQueueManager.java:<init>(84)) - Using callQueue: class java.util.concurrent.LinkedBlockingQueue, queueCapacity: 2000, scheduler: class org.apache.hadoop.ipc.DefaultRpcScheduler, ipcBackoff: false.
2019-07-12 13:06:40,518 INFO  ipc.Server (Server.java:run(1074)) - Starting Socket Reader #1 for port 40567
2019-07-12 13:06:40,522 INFO  ipc.CallQueueManager (CallQueueManager.java:<init>(84)) - Using callQueue: class java.util.concurrent.LinkedBlockingQueue, queueCapacity: 2000, scheduler: class org.apache.hadoop.ipc.DefaultRpcScheduler, ipcBackoff: false.
2019-07-12 13:06:40,523 INFO  ipc.Server (Server.java:run(1074)) - Starting Socket Reader #1 for port 43125
2019-07-12 13:06:40,610 INFO  hdfs.DFSUtil (DFSUtil.java:httpServerTemplateForNNAndJN(1641)) - Starting Web-server for scm at: http://0.0.0.0:0
2019-07-12 13:06:40,613 INFO  server.AuthenticationFilter (AuthenticationFilter.java:constructSecretProvider(240)) - Unable to initialize FileSignerSecretProvider, falling back to use random secrets.
2019-07-12 13:06:40,614 WARN  http.HttpRequestLog (HttpRequestLog.java:getRequestLog(97)) - Jetty request log can only be enabled using Log4j
2019-07-12 13:06:40,617 INFO  http.HttpServer2 (HttpServer2.java:addGlobalFilter(975)) - Added global filter 'safety' (class=org.apache.hadoop.http.HttpServer2$QuotingInputFilter)
2019-07-12 13:06:40,618 INFO  http.HttpServer2 (HttpServer2.java:addFilter(948)) - Added filter static_user_filter (class=org.apache.hadoop.http.lib.StaticUserWebFilter$StaticUserFilter) to context scm
2019-07-12 13:06:40,618 INFO  http.HttpServer2 (HttpServer2.java:addFilter(958)) - Added filter static_user_filter (class=org.apache.hadoop.http.lib.StaticUserWebFilter$StaticUserFilter) to context static
2019-07-12 13:06:40,619 INFO  http.HttpServer2 (HttpServer2.java:addFilter(958)) - Added filter static_user_filter (class=org.apache.hadoop.http.lib.StaticUserWebFilter$StaticUserFilter) to context logs
2019-07-12 13:06:40,629 INFO  server.StorageContainerManager (StorageContainerManager.java:start(759)) - StorageContainerLocationProtocol RPC server is listening at /0.0.0.0:43125
2019-07-12 13:06:40,629 INFO  impl.MetricsSystemImpl (MetricsSystemImpl.java:init(158)) - StorageContainerManager metrics system started (again)
2019-07-12 13:06:40,630 INFO  server.SCMClientProtocolServer (SCMClientProtocolServer.java:start(149)) - RPC server for Client  is listening at /0.0.0.0:43125
2019-07-12 13:06:40,630 INFO  ipc.Server (Server.java:run(1314)) - IPC Server Responder: starting
2019-07-12 13:06:40,630 INFO  ipc.Server (Server.java:run(1153)) - IPC Server listener on 43125: starting
2019-07-12 13:06:40,641 INFO  server.StorageContainerManager (StorageContainerManager.java:start(768)) - ScmBlockLocationProtocol RPC server is listening at /0.0.0.0:40567
2019-07-12 13:06:40,642 INFO  server.SCMBlockProtocolServer (SCMBlockProtocolServer.java:start(140)) - RPC server for Block Protocol is listening at /0.0.0.0:40567
2019-07-12 13:06:40,642 INFO  ipc.Server (Server.java:run(1314)) - IPC Server Responder: starting
2019-07-12 13:06:40,642 INFO  ipc.Server (Server.java:run(1153)) - IPC Server listener on 40567: starting
2019-07-12 13:06:40,652 INFO  server.StorageContainerManager (StorageContainerManager.java:start(772)) - ScmDatanodeProtocl RPC server is listening at /0.0.0.0:32880
2019-07-12 13:06:40,652 INFO  server.SCMDatanodeProtocolServer (SCMDatanodeProtocolServer.java:start(191)) - RPC server for DataNodes is listening at /0.0.0.0:32880
2019-07-12 13:06:40,652 INFO  ipc.Server (Server.java:run(1314)) - IPC Server Responder: starting
2019-07-12 13:06:40,652 INFO  ipc.Server (Server.java:run(1153)) - IPC Server listener on 32880: starting
2019-07-12 13:06:40,662 INFO  http.HttpServer2 (HttpServer2.java:bindListener(1191)) - Jetty bound to port 36964
2019-07-12 13:06:40,662 INFO  server.Server (Server.java:doStart(351)) - jetty-9.3.24.v20180605, build timestamp: 2018-06-05T17:11:56Z, git hash: 84205aa28f11a4f31f2a3b86d1bba2cc8ab69827
2019-07-12 13:06:40,664 INFO  handler.ContextHandler (ContextHandler.java:doStart(781)) - Started o.e.j.s.ServletContextHandler@6684f7f2{/logs,file:///tmp/workdir/hadoop-ozone/integration-test/target/log,AVAILABLE}
2019-07-12 13:06:40,665 INFO  handler.ContextHandler (ContextHandler.java:doStart(781)) - Started o.e.j.s.ServletContextHandler@505d2bac{/static,file:///tmp/workdir/hadoop-ozone/integration-test/target/test-classes/webapps/static,AVAILABLE}
2019-07-12 13:06:40,672 INFO  handler.ContextHandler (ContextHandler.java:doStart(781)) - Started o.e.j.w.WebAppContext@62b0bf85{/,file:///tmp/workdir/hadoop-ozone/integration-test/target/test-classes/webapps/scm/,AVAILABLE}{/scm}
2019-07-12 13:06:40,672 INFO  server.AbstractConnector (AbstractConnector.java:doStart(278)) - Started ServerConnector@1fcaea93{HTTP/1.1,[http/1.1]}{0.0.0.0:36964}
2019-07-12 13:06:40,674 INFO  server.Server (Server.java:doStart(419)) - Started @19603ms
2019-07-12 13:06:40,724 INFO  server.BaseHttpServer (BaseHttpServer.java:updateConnectorAddress(207)) - HTTP server of SCM is listening at http://0.0.0.0:36964
2019-07-12 13:06:40,725 WARN  server.ServerUtils (ServerUtils.java:getDBPath(222)) - ozone.om.db.dirs is not configured. We recommend adding this setting. Falling back to ozone.metadata.dirs instead.
2019-07-12 13:06:40,727 INFO  util.JvmPauseMonitor (JvmPauseMonitor.java:run(188)) - Starting JVM pause monitor
2019-07-12 13:06:40,746 WARN  server.ServerUtils (ServerUtils.java:getDBPath(222)) - ozone.om.db.dirs is not configured. We recommend adding this setting. Falling back to ozone.metadata.dirs instead.
2019-07-12 13:06:40,747 INFO  om.OzoneManager (OzoneManager.java:setOMNodeDetails(630)) - OM Service ID is not set. Setting it to the default ID: omServiceIdDefault
2019-07-12 13:06:40,747 INFO  om.OzoneManager (OzoneManager.java:setOMNodeDetails(636)) - OM Node ID is not set. Setting it to the OmStorage's OmID: afd5b561-cd7a-4989-ad74-b675e424058d
2019-07-12 13:06:40,748 INFO  om.OzoneManager (OzoneManager.java:loadOMHAConfigs(587)) - Found matching OM address with OMServiceId: null, OMNodeId: null, RPC Address: localhost:0 and Ratis port: 9872
2019-07-12 13:06:40,765 WARN  server.ServerUtils (ServerUtils.java:getDBPath(222)) - ozone.om.db.dirs is not configured. We recommend adding this setting. Falling back to ozone.metadata.dirs instead.
2019-07-12 13:06:40,765 INFO  db.DBStoreBuilder (DBStoreBuilder.java:addTable(110)) - using custom profile for table: userTable
2019-07-12 13:06:40,766 INFO  db.DBStoreBuilder (DBStoreBuilder.java:processTables(161)) - Using default column profile:DBProfile.DISK for Table:userTable
2019-07-12 13:06:40,766 INFO  db.DBStoreBuilder (DBStoreBuilder.java:addTable(110)) - using custom profile for table: volumeTable
2019-07-12 13:06:40,766 INFO  db.DBStoreBuilder (DBStoreBuilder.java:processTables(161)) - Using default column profile:DBProfile.DISK for Table:volumeTable
2019-07-12 13:06:40,767 INFO  db.DBStoreBuilder (DBStoreBuilder.java:addTable(110)) - using custom profile for table: bucketTable
2019-07-12 13:06:40,767 INFO  db.DBStoreBuilder (DBStoreBuilder.java:processTables(161)) - Using default column profile:DBProfile.DISK for Table:bucketTable
2019-07-12 13:06:40,767 INFO  db.DBStoreBuilder (DBStoreBuilder.java:addTable(110)) - using custom profile for table: keyTable
2019-07-12 13:06:40,767 INFO  db.DBStoreBuilder (DBStoreBuilder.java:processTables(161)) - Using default column profile:DBProfile.DISK for Table:keyTable
2019-07-12 13:06:40,768 INFO  db.DBStoreBuilder (DBStoreBuilder.java:addTable(110)) - using custom profile for table: deletedTable
2019-07-12 13:06:40,768 INFO  db.DBStoreBuilder (DBStoreBuilder.java:processTables(161)) - Using default column profile:DBProfile.DISK for Table:deletedTable
2019-07-12 13:06:40,768 INFO  db.DBStoreBuilder (DBStoreBuilder.java:addTable(110)) - using custom profile for table: openKeyTable
2019-07-12 13:06:40,769 INFO  db.DBStoreBuilder (DBStoreBuilder.java:processTables(161)) - Using default column profile:DBProfile.DISK for Table:openKeyTable
2019-07-12 13:06:40,769 INFO  db.DBStoreBuilder (DBStoreBuilder.java:addTable(110)) - using custom profile for table: s3Table
2019-07-12 13:06:40,769 INFO  db.DBStoreBuilder (DBStoreBuilder.java:processTables(161)) - Using default column profile:DBProfile.DISK for Table:s3Table
2019-07-12 13:06:40,770 INFO  db.DBStoreBuilder (DBStoreBuilder.java:addTable(110)) - using custom profile for table: multipartInfoTable
2019-07-12 13:06:40,770 INFO  db.DBStoreBuilder (DBStoreBuilder.java:processTables(161)) - Using default column profile:DBProfile.DISK for Table:multipartInfoTable
2019-07-12 13:06:40,770 INFO  db.DBStoreBuilder (DBStoreBuilder.java:addTable(110)) - using custom profile for table: dTokenTable
2019-07-12 13:06:40,770 INFO  db.DBStoreBuilder (DBStoreBuilder.java:processTables(161)) - Using default column profile:DBProfile.DISK for Table:dTokenTable
2019-07-12 13:06:40,771 INFO  db.DBStoreBuilder (DBStoreBuilder.java:addTable(110)) - using custom profile for table: s3SecretTable
2019-07-12 13:06:40,771 INFO  db.DBStoreBuilder (DBStoreBuilder.java:processTables(161)) - Using default column profile:DBProfile.DISK for Table:s3SecretTable
2019-07-12 13:06:40,771 INFO  db.DBStoreBuilder (DBStoreBuilder.java:addTable(110)) - using custom profile for table: prefixTable
2019-07-12 13:06:40,772 INFO  db.DBStoreBuilder (DBStoreBuilder.java:processTables(161)) - Using default column profile:DBProfile.DISK for Table:prefixTable
2019-07-12 13:06:40,772 INFO  db.DBStoreBuilder (DBStoreBuilder.java:addTable(110)) - using custom profile for table: default
2019-07-12 13:06:40,772 INFO  db.DBStoreBuilder (DBStoreBuilder.java:processTables(167)) - Using default column profile:DBProfile.DISK for Table:default
2019-07-12 13:06:40,773 INFO  db.DBStoreBuilder (DBStoreBuilder.java:getDbProfile(198)) - Using default options. DBProfile.DISK
2019-07-12 13:06:41,274 INFO  ipc.CallQueueManager (CallQueueManager.java:<init>(84)) - Using callQueue: class java.util.concurrent.LinkedBlockingQueue, queueCapacity: 2000, scheduler: class org.apache.hadoop.ipc.DefaultRpcScheduler, ipcBackoff: false.
2019-07-12 13:06:41,275 INFO  ipc.Server (Server.java:run(1074)) - Starting Socket Reader #1 for port 40359
2019-07-12 13:06:41,299 WARN  server.ServerUtils (ServerUtils.java:getDBPath(222)) - ozone.om.db.dirs is not configured. We recommend adding this setting. Falling back to ozone.metadata.dirs instead.
2019-07-12 13:06:41,299 INFO  om.OzoneManager (OzoneManager.java:start(1228)) - OzoneManager RPC server is listening at localhost/127.0.0.1:40359
2019-07-12 13:06:41,299 INFO  impl.MetricsSystemImpl (MetricsSystemImpl.java:init(158)) - OzoneManager metrics system started (again)
2019-07-12 13:06:41,300 INFO  ipc.Server (Server.java:run(1314)) - IPC Server Responder: starting
2019-07-12 13:06:41,301 INFO  ipc.Server (Server.java:run(1153)) - IPC Server listener on 40359: starting
2019-07-12 13:06:41,381 INFO  hdfs.DFSUtil (DFSUtil.java:httpServerTemplateForNNAndJN(1641)) - Starting Web-server for ozoneManager at: http://0.0.0.0:0
2019-07-12 13:06:41,383 INFO  server.AuthenticationFilter (AuthenticationFilter.java:constructSecretProvider(240)) - Unable to initialize FileSignerSecretProvider, falling back to use random secrets.
2019-07-12 13:06:41,384 WARN  http.HttpRequestLog (HttpRequestLog.java:getRequestLog(97)) - Jetty request log can only be enabled using Log4j
2019-07-12 13:06:41,387 INFO  http.HttpServer2 (HttpServer2.java:addGlobalFilter(975)) - Added global filter 'safety' (class=org.apache.hadoop.http.HttpServer2$QuotingInputFilter)
2019-07-12 13:06:41,391 INFO  http.HttpServer2 (HttpServer2.java:addFilter(948)) - Added filter static_user_filter (class=org.apache.hadoop.http.lib.StaticUserWebFilter$StaticUserFilter) to context ozoneManager
2019-07-12 13:06:41,391 INFO  http.HttpServer2 (HttpServer2.java:addFilter(958)) - Added filter static_user_filter (class=org.apache.hadoop.http.lib.StaticUserWebFilter$StaticUserFilter) to context static
2019-07-12 13:06:41,392 INFO  http.HttpServer2 (HttpServer2.java:addFilter(958)) - Added filter static_user_filter (class=org.apache.hadoop.http.lib.StaticUserWebFilter$StaticUserFilter) to context logs
2019-07-12 13:06:41,393 INFO  http.HttpServer2 (HttpServer2.java:bindListener(1191)) - Jetty bound to port 44162
2019-07-12 13:06:41,393 INFO  server.Server (Server.java:doStart(351)) - jetty-9.3.24.v20180605, build timestamp: 2018-06-05T17:11:56Z, git hash: 84205aa28f11a4f31f2a3b86d1bba2cc8ab69827
2019-07-12 13:06:41,396 INFO  handler.ContextHandler (ContextHandler.java:doStart(781)) - Started o.e.j.s.ServletContextHandler@2fb082ff{/logs,file:///tmp/workdir/hadoop-ozone/integration-test/target/log,AVAILABLE}
2019-07-12 13:06:41,396 INFO  handler.ContextHandler (ContextHandler.java:doStart(781)) - Started o.e.j.s.ServletContextHandler@668a32a4{/static,file:///tmp/workdir/hadoop-ozone/integration-test/target/test-classes/webapps/static,AVAILABLE}
2019-07-12 13:06:41,415 INFO  handler.ContextHandler (ContextHandler.java:doStart(781)) - Started o.e.j.w.WebAppContext@782ac148{/,file:///tmp/workdir/hadoop-ozone/integration-test/target/test-classes/webapps/ozoneManager/,AVAILABLE}{/ozoneManager}
2019-07-12 13:06:41,416 INFO  server.AbstractConnector (AbstractConnector.java:doStart(278)) - Started ServerConnector@46d1b59{HTTP/1.1,[http/1.1]}{0.0.0.0:44162}
2019-07-12 13:06:41,419 INFO  server.Server (Server.java:doStart(419)) - Started @20347ms
2019-07-12 13:06:41,444 INFO  server.BaseHttpServer (BaseHttpServer.java:updateConnectorAddress(207)) - HTTP server of OZONEMANAGER is listening at http://0.0.0.0:44162
2019-07-12 13:06:41,469 INFO  impl.MetricsSystemImpl (MetricsSystemImpl.java:init(158)) - HddsDatanode metrics system started (again)
2019-07-12 13:06:41,469 INFO  ozone.HddsDatanodeService (HddsDatanodeService.java:start(185)) - HddsDatanodeService host:pr-hdds-17356bwxm-3764869708 ip:192.168.157.212
2019-07-12 13:06:41,487 INFO  volume.HddsVolume (HddsVolume.java:<init>(176)) - Creating Volume: /tmp/workdir/hadoop-ozone/integration-test/target/test-dir/MiniOzoneClusterImpl-43ff2e1a-d451-4fff-8786-26b1dea17333/datanode-0/data/containers/hdds of  storage type : DISK and capacity : 52710309888
2019-07-12 13:06:41,487 INFO  volume.VolumeSet (VolumeSet.java:initializeVolumeSet(170)) - Added Volume : /tmp/workdir/hadoop-ozone/integration-test/target/test-dir/MiniOzoneClusterImpl-43ff2e1a-d451-4fff-8786-26b1dea17333/datanode-0/data/containers/hdds to VolumeSet
2019-07-12 13:06:41,488 INFO  volume.ThrottledAsyncChecker (ThrottledAsyncChecker.java:schedule(140)) - Scheduling a check for org.apache.hadoop.ozone.container.common.volume.HddsVolume@561d88ee
2019-07-12 13:06:41,489 INFO  volume.HddsVolumeChecker (HddsVolumeChecker.java:checkAllVolumes(203)) - Scheduled health check for volume org.apache.hadoop.ozone.container.common.volume.HddsVolume@561d88ee
2019-07-12 13:06:41,514 INFO  impl.RaftServerProxy (ConfUtils.java:logGet(43)) - raft.rpc.type = GRPC (default)
2019-07-12 13:06:41,514 INFO  grpc.GrpcFactory (GrpcFactory.java:checkPooledByteBufAllocatorUseCacheForAllThreads(45)) - PERFORMANCE WARNING: useCacheForAllThreads is true that may cause Netty to create a lot garbage objects and, as a result, trigger GC.
	It is recommended to disable useCacheForAllThreads by setting -Dorg.apache.ratis.thirdparty.io.netty.allocator.useCacheForAllThreads=false in command line.
2019-07-12 13:06:41,515 INFO  grpc.GrpcConfigKeys$Server (ConfUtils.java:logGet(43)) - raft.grpc.server.port = 0 (default)
2019-07-12 13:06:41,515 INFO  server.GrpcService (ConfUtils.java:logGet(43)) - raft.grpc.message.size.max = 33570816 (custom)
2019-07-12 13:06:41,515 INFO  server.RaftServerConfigKeys (ConfUtils.java:logGet(43)) - raft.server.log.appender.buffer.byte-limit = 33554432 (custom)
2019-07-12 13:06:41,516 INFO  server.GrpcService (ConfUtils.java:logGet(43)) - raft.grpc.flow.control.window = 1MB (=1048576) (default)
2019-07-12 13:06:41,516 INFO  server.RaftServerConfigKeys (ConfUtils.java:logGet(43)) - raft.server.rpc.request.timeout = 3000ms (default)
2019-07-12 13:06:41,517 INFO  server.RaftServerConfigKeys (ConfUtils.java:logGet(43)) - raft.server.storage.dir = [/tmp/workdir/hadoop-ozone/integration-test/target/test-dir/MiniOzoneClusterImpl-43ff2e1a-d451-4fff-8786-26b1dea17333/datanode-0/data/ratis] (custom)
2019-07-12 13:06:41,517 INFO  replication.SimpleContainerDownloader (SimpleContainerDownloader.java:<init>(72)) - Starting container downloader service to copy containers to replicate.
2019-07-12 13:06:41,519 INFO  hdfs.DFSUtil (DFSUtil.java:httpServerTemplateForNNAndJN(1641)) - Starting Web-server for hddsDatanode at: http://0.0.0.0:0
2019-07-12 13:06:41,521 INFO  server.AuthenticationFilter (AuthenticationFilter.java:constructSecretProvider(240)) - Unable to initialize FileSignerSecretProvider, falling back to use random secrets.
2019-07-12 13:06:41,522 WARN  http.HttpRequestLog (HttpRequestLog.java:getRequestLog(97)) - Jetty request log can only be enabled using Log4j
2019-07-12 13:06:41,524 INFO  http.HttpServer2 (HttpServer2.java:addGlobalFilter(975)) - Added global filter 'safety' (class=org.apache.hadoop.http.HttpServer2$QuotingInputFilter)
2019-07-12 13:06:41,524 INFO  http.HttpServer2 (HttpServer2.java:addFilter(948)) - Added filter static_user_filter (class=org.apache.hadoop.http.lib.StaticUserWebFilter$StaticUserFilter) to context hddsDatanode
2019-07-12 13:06:41,525 INFO  http.HttpServer2 (HttpServer2.java:addFilter(958)) - Added filter static_user_filter (class=org.apache.hadoop.http.lib.StaticUserWebFilter$StaticUserFilter) to context static
2019-07-12 13:06:41,525 INFO  http.HttpServer2 (HttpServer2.java:addFilter(958)) - Added filter static_user_filter (class=org.apache.hadoop.http.lib.StaticUserWebFilter$StaticUserFilter) to context logs
2019-07-12 13:06:41,526 INFO  http.HttpServer2 (HttpServer2.java:bindListener(1191)) - Jetty bound to port 41344
2019-07-12 13:06:41,526 INFO  server.Server (Server.java:doStart(351)) - jetty-9.3.24.v20180605, build timestamp: 2018-06-05T17:11:56Z, git hash: 84205aa28f11a4f31f2a3b86d1bba2cc8ab69827
2019-07-12 13:06:41,528 INFO  handler.ContextHandler (ContextHandler.java:doStart(781)) - Started o.e.j.s.ServletContextHandler@7e848aea{/logs,file:///tmp/workdir/hadoop-ozone/integration-test/target/log,AVAILABLE}
2019-07-12 13:06:41,529 INFO  handler.ContextHandler (ContextHandler.java:doStart(781)) - Started o.e.j.s.ServletContextHandler@286866cb{/static,jar:file:/home/user/.m2/repository/org/apache/hadoop/hadoop-hdds-container-service/0.5.0-SNAPSHOT/hadoop-hdds-container-service-0.5.0-SNAPSHOT.jar!/webapps/static,AVAILABLE}
2019-07-12 13:06:41,568 INFO  handler.ContextHandler (ContextHandler.java:doStart(781)) - Started o.e.j.w.WebAppContext@738a815c{/,file:///tmp/jetty-0.0.0.0-41344-hddsDatanode-_-any-331956544402398774.dir/webapp/,AVAILABLE}{/hddsDatanode}
2019-07-12 13:06:41,568 INFO  server.AbstractConnector (AbstractConnector.java:doStart(278)) - Started ServerConnector@2565a7d0{HTTP/1.1,[http/1.1]}{0.0.0.0:41344}
2019-07-12 13:06:41,571 INFO  server.Server (Server.java:doStart(419)) - Started @20499ms
2019-07-12 13:06:41,573 INFO  server.BaseHttpServer (BaseHttpServer.java:updateConnectorAddress(207)) - HTTP server of HDDSDATANODE is listening at http://0.0.0.0:41344
2019-07-12 13:06:41,707 INFO  ozone.HddsDatanodeService (HddsDatanodeService.java:startPlugins(396)) - Started plug-in org.apache.hadoop.ozone.web.OzoneHddsDatanodeService@1c2dd89b
2019-07-12 13:06:41,708 INFO  impl.MetricsSystemImpl (MetricsSystemImpl.java:init(158)) - HddsDatanode metrics system started (again)
2019-07-12 13:06:41,712 INFO  ozone.HddsDatanodeService (HddsDatanodeService.java:start(185)) - HddsDatanodeService host:pr-hdds-17356bwxm-3764869708 ip:192.168.157.212
2019-07-12 13:06:41,714 INFO  util.JvmPauseMonitor (JvmPauseMonitor.java:run(188)) - Starting JVM pause monitor
2019-07-12 13:06:41,716 INFO  datanode.InitDatanodeState (InitDatanodeState.java:persistContainerDatanodeDetails(140)) - DatanodeDetails is persisted to /tmp/workdir/hadoop-ozone/integration-test/target/test-dir/MiniOzoneClusterImpl-43ff2e1a-d451-4fff-8786-26b1dea17333/datanode-0/meta/datanode.id
2019-07-12 13:06:41,729 INFO  volume.HddsVolume (HddsVolume.java:<init>(176)) - Creating Volume: /tmp/workdir/hadoop-ozone/integration-test/target/test-dir/MiniOzoneClusterImpl-43ff2e1a-d451-4fff-8786-26b1dea17333/datanode-1/data/containers/hdds of  storage type : DISK and capacity : 52710309888
2019-07-12 13:06:41,730 INFO  volume.VolumeSet (VolumeSet.java:initializeVolumeSet(170)) - Added Volume : /tmp/workdir/hadoop-ozone/integration-test/target/test-dir/MiniOzoneClusterImpl-43ff2e1a-d451-4fff-8786-26b1dea17333/datanode-1/data/containers/hdds to VolumeSet
2019-07-12 13:06:41,730 INFO  volume.ThrottledAsyncChecker (ThrottledAsyncChecker.java:schedule(140)) - Scheduling a check for org.apache.hadoop.ozone.container.common.volume.HddsVolume@68b7bdcb
2019-07-12 13:06:41,730 INFO  volume.HddsVolumeChecker (HddsVolumeChecker.java:checkAllVolumes(203)) - Scheduled health check for volume org.apache.hadoop.ozone.container.common.volume.HddsVolume@68b7bdcb
2019-07-12 13:06:41,748 INFO  impl.RaftServerProxy (ConfUtils.java:logGet(43)) - raft.rpc.type = GRPC (default)
2019-07-12 13:06:41,748 INFO  grpc.GrpcFactory (GrpcFactory.java:checkPooledByteBufAllocatorUseCacheForAllThreads(45)) - PERFORMANCE WARNING: useCacheForAllThreads is true that may cause Netty to create a lot garbage objects and, as a result, trigger GC.
	It is recommended to disable useCacheForAllThreads by setting -Dorg.apache.ratis.thirdparty.io.netty.allocator.useCacheForAllThreads=false in command line.
2019-07-12 13:06:41,748 INFO  grpc.GrpcConfigKeys$Server (ConfUtils.java:logGet(43)) - raft.grpc.server.port = 0 (default)
2019-07-12 13:06:41,749 INFO  server.GrpcService (ConfUtils.java:logGet(43)) - raft.grpc.message.size.max = 33570816 (custom)
2019-07-12 13:06:41,749 INFO  server.RaftServerConfigKeys (ConfUtils.java:logGet(43)) - raft.server.log.appender.buffer.byte-limit = 33554432 (custom)
2019-07-12 13:06:41,749 INFO  server.GrpcService (ConfUtils.java:logGet(43)) - raft.grpc.flow.control.window = 1MB (=1048576) (default)
2019-07-12 13:06:41,749 INFO  server.RaftServerConfigKeys (ConfUtils.java:logGet(43)) - raft.server.rpc.request.timeout = 3000ms (default)
2019-07-12 13:06:41,750 INFO  server.RaftServerConfigKeys (ConfUtils.java:logGet(43)) - raft.server.storage.dir = [/tmp/workdir/hadoop-ozone/integration-test/target/test-dir/MiniOzoneClusterImpl-43ff2e1a-d451-4fff-8786-26b1dea17333/datanode-1/data/ratis] (custom)
2019-07-12 13:06:41,750 INFO  replication.SimpleContainerDownloader (SimpleContainerDownloader.java:<init>(72)) - Starting container downloader service to copy containers to replicate.
2019-07-12 13:06:41,797 INFO  hdfs.DFSUtil (DFSUtil.java:httpServerTemplateForNNAndJN(1641)) - Starting Web-server for hddsDatanode at: http://0.0.0.0:0
2019-07-12 13:06:41,799 INFO  server.AuthenticationFilter (AuthenticationFilter.java:constructSecretProvider(240)) - Unable to initialize FileSignerSecretProvider, falling back to use random secrets.
2019-07-12 13:06:41,800 WARN  http.HttpRequestLog (HttpRequestLog.java:getRequestLog(97)) - Jetty request log can only be enabled using Log4j
2019-07-12 13:06:41,802 INFO  http.HttpServer2 (HttpServer2.java:addGlobalFilter(975)) - Added global filter 'safety' (class=org.apache.hadoop.http.HttpServer2$QuotingInputFilter)
2019-07-12 13:06:41,803 INFO  http.HttpServer2 (HttpServer2.java:addFilter(948)) - Added filter static_user_filter (class=org.apache.hadoop.http.lib.StaticUserWebFilter$StaticUserFilter) to context hddsDatanode
2019-07-12 13:06:41,803 INFO  http.HttpServer2 (HttpServer2.java:addFilter(958)) - Added filter static_user_filter (class=org.apache.hadoop.http.lib.StaticUserWebFilter$StaticUserFilter) to context logs
2019-07-12 13:06:41,803 INFO  http.HttpServer2 (HttpServer2.java:addFilter(958)) - Added filter static_user_filter (class=org.apache.hadoop.http.lib.StaticUserWebFilter$StaticUserFilter) to context static
2019-07-12 13:06:41,804 INFO  http.HttpServer2 (HttpServer2.java:bindListener(1191)) - Jetty bound to port 43611
2019-07-12 13:06:41,805 INFO  server.Server (Server.java:doStart(351)) - jetty-9.3.24.v20180605, build timestamp: 2018-06-05T17:11:56Z, git hash: 84205aa28f11a4f31f2a3b86d1bba2cc8ab69827
2019-07-12 13:06:41,807 INFO  handler.ContextHandler (ContextHandler.java:doStart(781)) - Started o.e.j.s.ServletContextHandler@844e66d{/logs,file:///tmp/workdir/hadoop-ozone/integration-test/target/log,AVAILABLE}
2019-07-12 13:06:41,808 INFO  handler.ContextHandler (ContextHandler.java:doStart(781)) - Started o.e.j.s.ServletContextHandler@26a45089{/static,jar:file:/home/user/.m2/repository/org/apache/hadoop/hadoop-hdds-container-service/0.5.0-SNAPSHOT/hadoop-hdds-container-service-0.5.0-SNAPSHOT.jar!/webapps/static,AVAILABLE}
2019-07-12 13:06:41,853 INFO  handler.ContextHandler (ContextHandler.java:doStart(781)) - Started o.e.j.w.WebAppContext@45796b2a{/,file:///tmp/jetty-0.0.0.0-43611-hddsDatanode-_-any-1475254627796305291.dir/webapp/,AVAILABLE}{/hddsDatanode}
2019-07-12 13:06:41,853 INFO  server.AbstractConnector (AbstractConnector.java:doStart(278)) - Started ServerConnector@4b98225c{HTTP/1.1,[http/1.1]}{0.0.0.0:43611}
2019-07-12 13:06:41,856 INFO  server.Server (Server.java:doStart(419)) - Started @20785ms
2019-07-12 13:06:41,857 INFO  server.BaseHttpServer (BaseHttpServer.java:updateConnectorAddress(207)) - HTTP server of HDDSDATANODE is listening at http://0.0.0.0:43611
2019-07-12 13:06:42,007 INFO  ozone.HddsDatanodeService (HddsDatanodeService.java:startPlugins(396)) - Started plug-in org.apache.hadoop.ozone.web.OzoneHddsDatanodeService@79b63325
2019-07-12 13:06:42,008 INFO  impl.MetricsSystemImpl (MetricsSystemImpl.java:init(158)) - HddsDatanode metrics system started (again)
2019-07-12 13:06:42,024 INFO  ozone.HddsDatanodeService (HddsDatanodeService.java:start(185)) - HddsDatanodeService host:pr-hdds-17356bwxm-3764869708 ip:192.168.157.212
2019-07-12 13:06:42,028 INFO  util.JvmPauseMonitor (JvmPauseMonitor.java:run(188)) - Starting JVM pause monitor
2019-07-12 13:06:42,030 INFO  datanode.InitDatanodeState (InitDatanodeState.java:persistContainerDatanodeDetails(140)) - DatanodeDetails is persisted to /tmp/workdir/hadoop-ozone/integration-test/target/test-dir/MiniOzoneClusterImpl-43ff2e1a-d451-4fff-8786-26b1dea17333/datanode-1/meta/datanode.id
2019-07-12 13:06:42,042 INFO  volume.HddsVolume (HddsVolume.java:<init>(176)) - Creating Volume: /tmp/workdir/hadoop-ozone/integration-test/target/test-dir/MiniOzoneClusterImpl-43ff2e1a-d451-4fff-8786-26b1dea17333/datanode-2/data/containers/hdds of  storage type : DISK and capacity : 52710309888
2019-07-12 13:06:42,042 INFO  volume.VolumeSet (VolumeSet.java:initializeVolumeSet(170)) - Added Volume : /tmp/workdir/hadoop-ozone/integration-test/target/test-dir/MiniOzoneClusterImpl-43ff2e1a-d451-4fff-8786-26b1dea17333/datanode-2/data/containers/hdds to VolumeSet
2019-07-12 13:06:42,042 INFO  volume.ThrottledAsyncChecker (ThrottledAsyncChecker.java:schedule(140)) - Scheduling a check for org.apache.hadoop.ozone.container.common.volume.HddsVolume@63262071
2019-07-12 13:06:42,043 INFO  volume.HddsVolumeChecker (HddsVolumeChecker.java:checkAllVolumes(203)) - Scheduled health check for volume org.apache.hadoop.ozone.container.common.volume.HddsVolume@63262071
2019-07-12 13:06:42,066 INFO  impl.RaftServerProxy (ConfUtils.java:logGet(43)) - raft.rpc.type = GRPC (default)
2019-07-12 13:06:42,066 INFO  grpc.GrpcFactory (GrpcFactory.java:checkPooledByteBufAllocatorUseCacheForAllThreads(45)) - PERFORMANCE WARNING: useCacheForAllThreads is true that may cause Netty to create a lot garbage objects and, as a result, trigger GC.
	It is recommended to disable useCacheForAllThreads by setting -Dorg.apache.ratis.thirdparty.io.netty.allocator.useCacheForAllThreads=false in command line.
2019-07-12 13:06:42,066 INFO  grpc.GrpcConfigKeys$Server (ConfUtils.java:logGet(43)) - raft.grpc.server.port = 0 (default)
2019-07-12 13:06:42,066 INFO  server.GrpcService (ConfUtils.java:logGet(43)) - raft.grpc.message.size.max = 33570816 (custom)
2019-07-12 13:06:42,067 INFO  server.RaftServerConfigKeys (ConfUtils.java:logGet(43)) - raft.server.log.appender.buffer.byte-limit = 33554432 (custom)
2019-07-12 13:06:42,067 INFO  server.GrpcService (ConfUtils.java:logGet(43)) - raft.grpc.flow.control.window = 1MB (=1048576) (default)
2019-07-12 13:06:42,067 INFO  server.RaftServerConfigKeys (ConfUtils.java:logGet(43)) - raft.server.rpc.request.timeout = 3000ms (default)
2019-07-12 13:06:42,068 INFO  server.RaftServerConfigKeys (ConfUtils.java:logGet(43)) - raft.server.storage.dir = [/tmp/workdir/hadoop-ozone/integration-test/target/test-dir/MiniOzoneClusterImpl-43ff2e1a-d451-4fff-8786-26b1dea17333/datanode-2/data/ratis] (custom)
2019-07-12 13:06:42,069 INFO  replication.SimpleContainerDownloader (SimpleContainerDownloader.java:<init>(72)) - Starting container downloader service to copy containers to replicate.
2019-07-12 13:06:42,181 INFO  hdfs.DFSUtil (DFSUtil.java:httpServerTemplateForNNAndJN(1641)) - Starting Web-server for hddsDatanode at: http://0.0.0.0:0
2019-07-12 13:06:42,183 INFO  server.AuthenticationFilter (AuthenticationFilter.java:constructSecretProvider(240)) - Unable to initialize FileSignerSecretProvider, falling back to use random secrets.
2019-07-12 13:06:42,184 WARN  http.HttpRequestLog (HttpRequestLog.java:getRequestLog(97)) - Jetty request log can only be enabled using Log4j
2019-07-12 13:06:42,186 INFO  http.HttpServer2 (HttpServer2.java:addGlobalFilter(975)) - Added global filter 'safety' (class=org.apache.hadoop.http.HttpServer2$QuotingInputFilter)
2019-07-12 13:06:42,187 INFO  http.HttpServer2 (HttpServer2.java:addFilter(948)) - Added filter static_user_filter (class=org.apache.hadoop.http.lib.StaticUserWebFilter$StaticUserFilter) to context hddsDatanode
2019-07-12 13:06:42,187 INFO  http.HttpServer2 (HttpServer2.java:addFilter(958)) - Added filter static_user_filter (class=org.apache.hadoop.http.lib.StaticUserWebFilter$StaticUserFilter) to context logs
2019-07-12 13:06:42,187 INFO  http.HttpServer2 (HttpServer2.java:addFilter(958)) - Added filter static_user_filter (class=org.apache.hadoop.http.lib.StaticUserWebFilter$StaticUserFilter) to context static
2019-07-12 13:06:42,188 INFO  http.HttpServer2 (HttpServer2.java:bindListener(1191)) - Jetty bound to port 40158
2019-07-12 13:06:42,189 INFO  server.Server (Server.java:doStart(351)) - jetty-9.3.24.v20180605, build timestamp: 2018-06-05T17:11:56Z, git hash: 84205aa28f11a4f31f2a3b86d1bba2cc8ab69827
2019-07-12 13:06:42,192 INFO  handler.ContextHandler (ContextHandler.java:doStart(781)) - Started o.e.j.s.ServletContextHandler@1eb906f3{/logs,file:///tmp/workdir/hadoop-ozone/integration-test/target/log,AVAILABLE}
2019-07-12 13:06:42,193 INFO  handler.ContextHandler (ContextHandler.java:doStart(781)) - Started o.e.j.s.ServletContextHandler@74fc3fc7{/static,jar:file:/home/user/.m2/repository/org/apache/hadoop/hadoop-hdds-container-service/0.5.0-SNAPSHOT/hadoop-hdds-container-service-0.5.0-SNAPSHOT.jar!/webapps/static,AVAILABLE}
2019-07-12 13:06:42,235 INFO  handler.ContextHandler (ContextHandler.java:doStart(781)) - Started o.e.j.w.WebAppContext@8ac512e{/,file:///tmp/jetty-0.0.0.0-40158-hddsDatanode-_-any-1610353200909409427.dir/webapp/,AVAILABLE}{/hddsDatanode}
2019-07-12 13:06:42,236 INFO  server.AbstractConnector (AbstractConnector.java:doStart(278)) - Started ServerConnector@4bbc21bd{HTTP/1.1,[http/1.1]}{0.0.0.0:40158}
2019-07-12 13:06:42,239 INFO  server.Server (Server.java:doStart(419)) - Started @21168ms
2019-07-12 13:06:42,251 INFO  server.BaseHttpServer (BaseHttpServer.java:updateConnectorAddress(207)) - HTTP server of HDDSDATANODE is listening at http://0.0.0.0:40158
2019-07-12 13:06:42,385 INFO  ozone.HddsDatanodeService (HddsDatanodeService.java:startPlugins(396)) - Started plug-in org.apache.hadoop.ozone.web.OzoneHddsDatanodeService@52f43225
2019-07-12 13:06:42,386 INFO  impl.MetricsSystemImpl (MetricsSystemImpl.java:init(158)) - HddsDatanode metrics system started (again)
2019-07-12 13:06:42,386 INFO  ozone.HddsDatanodeService (HddsDatanodeService.java:start(185)) - HddsDatanodeService host:pr-hdds-17356bwxm-3764869708 ip:192.168.157.212
2019-07-12 13:06:42,388 INFO  util.JvmPauseMonitor (JvmPauseMonitor.java:run(188)) - Starting JVM pause monitor
2019-07-12 13:06:42,390 INFO  datanode.InitDatanodeState (InitDatanodeState.java:persistContainerDatanodeDetails(140)) - DatanodeDetails is persisted to /tmp/workdir/hadoop-ozone/integration-test/target/test-dir/MiniOzoneClusterImpl-43ff2e1a-d451-4fff-8786-26b1dea17333/datanode-2/meta/datanode.id
2019-07-12 13:06:42,410 INFO  volume.HddsVolume (HddsVolume.java:<init>(176)) - Creating Volume: /tmp/workdir/hadoop-ozone/integration-test/target/test-dir/MiniOzoneClusterImpl-43ff2e1a-d451-4fff-8786-26b1dea17333/datanode-3/data/containers/hdds of  storage type : DISK and capacity : 52710309888
2019-07-12 13:06:42,411 INFO  volume.VolumeSet (VolumeSet.java:initializeVolumeSet(170)) - Added Volume : /tmp/workdir/hadoop-ozone/integration-test/target/test-dir/MiniOzoneClusterImpl-43ff2e1a-d451-4fff-8786-26b1dea17333/datanode-3/data/containers/hdds to VolumeSet
2019-07-12 13:06:42,411 INFO  volume.ThrottledAsyncChecker (ThrottledAsyncChecker.java:schedule(140)) - Scheduling a check for org.apache.hadoop.ozone.container.common.volume.HddsVolume@3e04abc5
2019-07-12 13:06:42,412 INFO  volume.HddsVolumeChecker (HddsVolumeChecker.java:checkAllVolumes(203)) - Scheduled health check for volume org.apache.hadoop.ozone.container.common.volume.HddsVolume@3e04abc5
2019-07-12 13:06:42,432 INFO  impl.RaftServerProxy (ConfUtils.java:logGet(43)) - raft.rpc.type = GRPC (default)
2019-07-12 13:06:42,432 INFO  grpc.GrpcFactory (GrpcFactory.java:checkPooledByteBufAllocatorUseCacheForAllThreads(45)) - PERFORMANCE WARNING: useCacheForAllThreads is true that may cause Netty to create a lot garbage objects and, as a result, trigger GC.
	It is recommended to disable useCacheForAllThreads by setting -Dorg.apache.ratis.thirdparty.io.netty.allocator.useCacheForAllThreads=false in command line.
2019-07-12 13:06:42,432 INFO  grpc.GrpcConfigKeys$Server (ConfUtils.java:logGet(43)) - raft.grpc.server.port = 0 (default)
2019-07-12 13:06:42,433 INFO  server.GrpcService (ConfUtils.java:logGet(43)) - raft.grpc.message.size.max = 33570816 (custom)
2019-07-12 13:06:42,433 INFO  server.RaftServerConfigKeys (ConfUtils.java:logGet(43)) - raft.server.log.appender.buffer.byte-limit = 33554432 (custom)
2019-07-12 13:06:42,433 INFO  server.GrpcService (ConfUtils.java:logGet(43)) - raft.grpc.flow.control.window = 1MB (=1048576) (default)
2019-07-12 13:06:42,433 INFO  server.RaftServerConfigKeys (ConfUtils.java:logGet(43)) - raft.server.rpc.request.timeout = 3000ms (default)
2019-07-12 13:06:42,434 INFO  server.RaftServerConfigKeys (ConfUtils.java:logGet(43)) - raft.server.storage.dir = [/tmp/workdir/hadoop-ozone/integration-test/target/test-dir/MiniOzoneClusterImpl-43ff2e1a-d451-4fff-8786-26b1dea17333/datanode-3/data/ratis] (custom)
2019-07-12 13:06:42,434 INFO  replication.SimpleContainerDownloader (SimpleContainerDownloader.java:<init>(72)) - Starting container downloader service to copy containers to replicate.
2019-07-12 13:06:42,463 INFO  hdfs.DFSUtil (DFSUtil.java:httpServerTemplateForNNAndJN(1641)) - Starting Web-server for hddsDatanode at: http://0.0.0.0:0
2019-07-12 13:06:42,465 INFO  server.AuthenticationFilter (AuthenticationFilter.java:constructSecretProvider(240)) - Unable to initialize FileSignerSecretProvider, falling back to use random secrets.
2019-07-12 13:06:42,465 WARN  http.HttpRequestLog (HttpRequestLog.java:getRequestLog(97)) - Jetty request log can only be enabled using Log4j
2019-07-12 13:06:42,467 INFO  http.HttpServer2 (HttpServer2.java:addGlobalFilter(975)) - Added global filter 'safety' (class=org.apache.hadoop.http.HttpServer2$QuotingInputFilter)
2019-07-12 13:06:42,468 INFO  http.HttpServer2 (HttpServer2.java:addFilter(948)) - Added filter static_user_filter (class=org.apache.hadoop.http.lib.StaticUserWebFilter$StaticUserFilter) to context hddsDatanode
2019-07-12 13:06:42,469 INFO  http.HttpServer2 (HttpServer2.java:addFilter(958)) - Added filter static_user_filter (class=org.apache.hadoop.http.lib.StaticUserWebFilter$StaticUserFilter) to context static
2019-07-12 13:06:42,469 INFO  http.HttpServer2 (HttpServer2.java:addFilter(958)) - Added filter static_user_filter (class=org.apache.hadoop.http.lib.StaticUserWebFilter$StaticUserFilter) to context logs
2019-07-12 13:06:42,470 INFO  http.HttpServer2 (HttpServer2.java:bindListener(1191)) - Jetty bound to port 44528
2019-07-12 13:06:42,470 INFO  server.Server (Server.java:doStart(351)) - jetty-9.3.24.v20180605, build timestamp: 2018-06-05T17:11:56Z, git hash: 84205aa28f11a4f31f2a3b86d1bba2cc8ab69827
2019-07-12 13:06:42,473 INFO  handler.ContextHandler (ContextHandler.java:doStart(781)) - Started o.e.j.s.ServletContextHandler@28b5662d{/logs,file:///tmp/workdir/hadoop-ozone/integration-test/target/log,AVAILABLE}
2019-07-12 13:06:42,473 INFO  handler.ContextHandler (ContextHandler.java:doStart(781)) - Started o.e.j.s.ServletContextHandler@7e4ac598{/static,jar:file:/home/user/.m2/repository/org/apache/hadoop/hadoop-hdds-container-service/0.5.0-SNAPSHOT/hadoop-hdds-container-service-0.5.0-SNAPSHOT.jar!/webapps/static,AVAILABLE}
2019-07-12 13:06:42,517 INFO  handler.ContextHandler (ContextHandler.java:doStart(781)) - Started o.e.j.w.WebAppContext@48106381{/,file:///tmp/jetty-0.0.0.0-44528-hddsDatanode-_-any-7806916295349654117.dir/webapp/,AVAILABLE}{/hddsDatanode}
2019-07-12 13:06:42,518 INFO  server.AbstractConnector (AbstractConnector.java:doStart(278)) - Started ServerConnector@3c544c9{HTTP/1.1,[http/1.1]}{0.0.0.0:44528}
2019-07-12 13:06:42,521 INFO  server.Server (Server.java:doStart(419)) - Started @21450ms
2019-07-12 13:06:42,523 INFO  server.BaseHttpServer (BaseHttpServer.java:updateConnectorAddress(207)) - HTTP server of HDDSDATANODE is listening at http://0.0.0.0:44528
2019-07-12 13:06:42,649 INFO  ozone.HddsDatanodeService (HddsDatanodeService.java:startPlugins(396)) - Started plug-in org.apache.hadoop.ozone.web.OzoneHddsDatanodeService@cf9bd1e
2019-07-12 13:06:42,649 INFO  impl.MetricsSystemImpl (MetricsSystemImpl.java:init(158)) - HddsDatanode metrics system started (again)
2019-07-12 13:06:42,649 INFO  ozone.HddsDatanodeService (HddsDatanodeService.java:start(185)) - HddsDatanodeService host:pr-hdds-17356bwxm-3764869708 ip:192.168.157.212
2019-07-12 13:06:42,651 INFO  util.JvmPauseMonitor (JvmPauseMonitor.java:run(188)) - Starting JVM pause monitor
2019-07-12 13:06:42,653 INFO  datanode.InitDatanodeState (InitDatanodeState.java:persistContainerDatanodeDetails(140)) - DatanodeDetails is persisted to /tmp/workdir/hadoop-ozone/integration-test/target/test-dir/MiniOzoneClusterImpl-43ff2e1a-d451-4fff-8786-26b1dea17333/datanode-3/meta/datanode.id
2019-07-12 13:06:42,664 INFO  volume.HddsVolume (HddsVolume.java:<init>(176)) - Creating Volume: /tmp/workdir/hadoop-ozone/integration-test/target/test-dir/MiniOzoneClusterImpl-43ff2e1a-d451-4fff-8786-26b1dea17333/datanode-4/data/containers/hdds of  storage type : DISK and capacity : 52710309888
2019-07-12 13:06:42,664 INFO  volume.VolumeSet (VolumeSet.java:initializeVolumeSet(170)) - Added Volume : /tmp/workdir/hadoop-ozone/integration-test/target/test-dir/MiniOzoneClusterImpl-43ff2e1a-d451-4fff-8786-26b1dea17333/datanode-4/data/containers/hdds to VolumeSet
2019-07-12 13:06:42,664 INFO  volume.ThrottledAsyncChecker (ThrottledAsyncChecker.java:schedule(140)) - Scheduling a check for org.apache.hadoop.ozone.container.common.volume.HddsVolume@92e2c93
2019-07-12 13:06:42,664 INFO  volume.HddsVolumeChecker (HddsVolumeChecker.java:checkAllVolumes(203)) - Scheduled health check for volume org.apache.hadoop.ozone.container.common.volume.HddsVolume@92e2c93
2019-07-12 13:06:42,679 INFO  impl.RaftServerProxy (ConfUtils.java:logGet(43)) - raft.rpc.type = GRPC (default)
2019-07-12 13:06:42,680 INFO  grpc.GrpcFactory (GrpcFactory.java:checkPooledByteBufAllocatorUseCacheForAllThreads(45)) - PERFORMANCE WARNING: useCacheForAllThreads is true that may cause Netty to create a lot garbage objects and, as a result, trigger GC.
	It is recommended to disable useCacheForAllThreads by setting -Dorg.apache.ratis.thirdparty.io.netty.allocator.useCacheForAllThreads=false in command line.
2019-07-12 13:06:42,680 INFO  grpc.GrpcConfigKeys$Server (ConfUtils.java:logGet(43)) - raft.grpc.server.port = 0 (default)
2019-07-12 13:06:42,680 INFO  server.GrpcService (ConfUtils.java:logGet(43)) - raft.grpc.message.size.max = 33570816 (custom)
2019-07-12 13:06:42,680 INFO  server.RaftServerConfigKeys (ConfUtils.java:logGet(43)) - raft.server.log.appender.buffer.byte-limit = 33554432 (custom)
2019-07-12 13:06:42,680 INFO  server.GrpcService (ConfUtils.java:logGet(43)) - raft.grpc.flow.control.window = 1MB (=1048576) (default)
2019-07-12 13:06:42,680 INFO  server.RaftServerConfigKeys (ConfUtils.java:logGet(43)) - raft.server.rpc.request.timeout = 3000ms (default)
2019-07-12 13:06:42,681 INFO  server.RaftServerConfigKeys (ConfUtils.java:logGet(43)) - raft.server.storage.dir = [/tmp/workdir/hadoop-ozone/integration-test/target/test-dir/MiniOzoneClusterImpl-43ff2e1a-d451-4fff-8786-26b1dea17333/datanode-4/data/ratis] (custom)
2019-07-12 13:06:42,681 INFO  replication.SimpleContainerDownloader (SimpleContainerDownloader.java:<init>(72)) - Starting container downloader service to copy containers to replicate.
2019-07-12 13:06:42,697 INFO  hdfs.DFSUtil (DFSUtil.java:httpServerTemplateForNNAndJN(1641)) - Starting Web-server for hddsDatanode at: http://0.0.0.0:0
2019-07-12 13:06:42,699 INFO  server.AuthenticationFilter (AuthenticationFilter.java:constructSecretProvider(240)) - Unable to initialize FileSignerSecretProvider, falling back to use random secrets.
2019-07-12 13:06:42,699 WARN  http.HttpRequestLog (HttpRequestLog.java:getRequestLog(97)) - Jetty request log can only be enabled using Log4j
2019-07-12 13:06:42,700 INFO  http.HttpServer2 (HttpServer2.java:addGlobalFilter(975)) - Added global filter 'safety' (class=org.apache.hadoop.http.HttpServer2$QuotingInputFilter)
2019-07-12 13:06:42,700 INFO  http.HttpServer2 (HttpServer2.java:addFilter(948)) - Added filter static_user_filter (class=org.apache.hadoop.http.lib.StaticUserWebFilter$StaticUserFilter) to context hddsDatanode
2019-07-12 13:06:42,700 INFO  http.HttpServer2 (HttpServer2.java:addFilter(958)) - Added filter static_user_filter (class=org.apache.hadoop.http.lib.StaticUserWebFilter$StaticUserFilter) to context logs
2019-07-12 13:06:42,701 INFO  http.HttpServer2 (HttpServer2.java:addFilter(958)) - Added filter static_user_filter (class=org.apache.hadoop.http.lib.StaticUserWebFilter$StaticUserFilter) to context static
2019-07-12 13:06:42,701 INFO  http.HttpServer2 (HttpServer2.java:bindListener(1191)) - Jetty bound to port 39694
2019-07-12 13:06:42,701 INFO  server.Server (Server.java:doStart(351)) - jetty-9.3.24.v20180605, build timestamp: 2018-06-05T17:11:56Z, git hash: 84205aa28f11a4f31f2a3b86d1bba2cc8ab69827
2019-07-12 13:06:42,703 INFO  handler.ContextHandler (ContextHandler.java:doStart(781)) - Started o.e.j.s.ServletContextHandler@4b360972{/logs,file:///tmp/workdir/hadoop-ozone/integration-test/target/log,AVAILABLE}
2019-07-12 13:06:42,704 INFO  handler.ContextHandler (ContextHandler.java:doStart(781)) - Started o.e.j.s.ServletContextHandler@68821f6{/static,jar:file:/home/user/.m2/repository/org/apache/hadoop/hadoop-hdds-container-service/0.5.0-SNAPSHOT/hadoop-hdds-container-service-0.5.0-SNAPSHOT.jar!/webapps/static,AVAILABLE}
2019-07-12 13:06:42,725 INFO  handler.ContextHandler (ContextHandler.java:doStart(781)) - Started o.e.j.w.WebAppContext@521a506c{/,file:///tmp/jetty-0.0.0.0-39694-hddsDatanode-_-any-9031015834843678890.dir/webapp/,AVAILABLE}{/hddsDatanode}
2019-07-12 13:06:42,726 INFO  server.AbstractConnector (AbstractConnector.java:doStart(278)) - Started ServerConnector@3c64339f{HTTP/1.1,[http/1.1]}{0.0.0.0:39694}
2019-07-12 13:06:42,729 INFO  server.Server (Server.java:doStart(419)) - Started @21657ms
2019-07-12 13:06:42,729 INFO  server.BaseHttpServer (BaseHttpServer.java:updateConnectorAddress(207)) - HTTP server of HDDSDATANODE is listening at http://0.0.0.0:39694
2019-07-12 13:06:42,820 INFO  ozone.HddsDatanodeService (HddsDatanodeService.java:startPlugins(396)) - Started plug-in org.apache.hadoop.ozone.web.OzoneHddsDatanodeService@76dc36e5
2019-07-12 13:06:42,820 INFO  impl.MetricsSystemImpl (MetricsSystemImpl.java:init(158)) - HddsDatanode metrics system started (again)
2019-07-12 13:06:42,821 INFO  ozone.HddsDatanodeService (HddsDatanodeService.java:start(185)) - HddsDatanodeService host:pr-hdds-17356bwxm-3764869708 ip:192.168.157.212
2019-07-12 13:06:42,822 INFO  util.JvmPauseMonitor (JvmPauseMonitor.java:run(188)) - Starting JVM pause monitor
2019-07-12 13:06:42,824 INFO  datanode.InitDatanodeState (InitDatanodeState.java:persistContainerDatanodeDetails(140)) - DatanodeDetails is persisted to /tmp/workdir/hadoop-ozone/integration-test/target/test-dir/MiniOzoneClusterImpl-43ff2e1a-d451-4fff-8786-26b1dea17333/datanode-4/meta/datanode.id
2019-07-12 13:06:42,835 INFO  volume.HddsVolume (HddsVolume.java:<init>(176)) - Creating Volume: /tmp/workdir/hadoop-ozone/integration-test/target/test-dir/MiniOzoneClusterImpl-43ff2e1a-d451-4fff-8786-26b1dea17333/datanode-5/data/containers/hdds of  storage type : DISK and capacity : 52710309888
2019-07-12 13:06:42,836 INFO  volume.VolumeSet (VolumeSet.java:initializeVolumeSet(170)) - Added Volume : /tmp/workdir/hadoop-ozone/integration-test/target/test-dir/MiniOzoneClusterImpl-43ff2e1a-d451-4fff-8786-26b1dea17333/datanode-5/data/containers/hdds to VolumeSet
2019-07-12 13:06:42,836 INFO  volume.ThrottledAsyncChecker (ThrottledAsyncChecker.java:schedule(140)) - Scheduling a check for org.apache.hadoop.ozone.container.common.volume.HddsVolume@2c54c497
2019-07-12 13:06:42,836 INFO  volume.HddsVolumeChecker (HddsVolumeChecker.java:checkAllVolumes(203)) - Scheduled health check for volume org.apache.hadoop.ozone.container.common.volume.HddsVolume@2c54c497
2019-07-12 13:06:42,854 INFO  impl.RaftServerProxy (ConfUtils.java:logGet(43)) - raft.rpc.type = GRPC (default)
2019-07-12 13:06:42,855 INFO  grpc.GrpcFactory (GrpcFactory.java:checkPooledByteBufAllocatorUseCacheForAllThreads(45)) - PERFORMANCE WARNING: useCacheForAllThreads is true that may cause Netty to create a lot garbage objects and, as a result, trigger GC.
	It is recommended to disable useCacheForAllThreads by setting -Dorg.apache.ratis.thirdparty.io.netty.allocator.useCacheForAllThreads=false in command line.
2019-07-12 13:06:42,855 INFO  grpc.GrpcConfigKeys$Server (ConfUtils.java:logGet(43)) - raft.grpc.server.port = 0 (default)
2019-07-12 13:06:42,855 INFO  server.GrpcService (ConfUtils.java:logGet(43)) - raft.grpc.message.size.max = 33570816 (custom)
2019-07-12 13:06:42,855 INFO  server.RaftServerConfigKeys (ConfUtils.java:logGet(43)) - raft.server.log.appender.buffer.byte-limit = 33554432 (custom)
2019-07-12 13:06:42,855 INFO  server.GrpcService (ConfUtils.java:logGet(43)) - raft.grpc.flow.control.window = 1MB (=1048576) (default)
2019-07-12 13:06:42,855 INFO  server.RaftServerConfigKeys (ConfUtils.java:logGet(43)) - raft.server.rpc.request.timeout = 3000ms (default)
2019-07-12 13:06:42,856 INFO  server.RaftServerConfigKeys (ConfUtils.java:logGet(43)) - raft.server.storage.dir = [/tmp/workdir/hadoop-ozone/integration-test/target/test-dir/MiniOzoneClusterImpl-43ff2e1a-d451-4fff-8786-26b1dea17333/datanode-5/data/ratis] (custom)
2019-07-12 13:06:42,856 INFO  replication.SimpleContainerDownloader (SimpleContainerDownloader.java:<init>(72)) - Starting container downloader service to copy containers to replicate.
2019-07-12 13:06:42,867 INFO  hdfs.DFSUtil (DFSUtil.java:httpServerTemplateForNNAndJN(1641)) - Starting Web-server for hddsDatanode at: http://0.0.0.0:0
2019-07-12 13:06:42,868 INFO  server.AuthenticationFilter (AuthenticationFilter.java:constructSecretProvider(240)) - Unable to initialize FileSignerSecretProvider, falling back to use random secrets.
2019-07-12 13:06:42,869 WARN  http.HttpRequestLog (HttpRequestLog.java:getRequestLog(97)) - Jetty request log can only be enabled using Log4j
2019-07-12 13:06:42,870 INFO  http.HttpServer2 (HttpServer2.java:addGlobalFilter(975)) - Added global filter 'safety' (class=org.apache.hadoop.http.HttpServer2$QuotingInputFilter)
2019-07-12 13:06:42,870 INFO  http.HttpServer2 (HttpServer2.java:addFilter(948)) - Added filter static_user_filter (class=org.apache.hadoop.http.lib.StaticUserWebFilter$StaticUserFilter) to context hddsDatanode
2019-07-12 13:06:42,870 INFO  http.HttpServer2 (HttpServer2.java:addFilter(958)) - Added filter static_user_filter (class=org.apache.hadoop.http.lib.StaticUserWebFilter$StaticUserFilter) to context logs
2019-07-12 13:06:42,870 INFO  http.HttpServer2 (HttpServer2.java:addFilter(958)) - Added filter static_user_filter (class=org.apache.hadoop.http.lib.StaticUserWebFilter$StaticUserFilter) to context static
2019-07-12 13:06:42,871 INFO  http.HttpServer2 (HttpServer2.java:bindListener(1191)) - Jetty bound to port 36143
2019-07-12 13:06:42,871 INFO  server.Server (Server.java:doStart(351)) - jetty-9.3.24.v20180605, build timestamp: 2018-06-05T17:11:56Z, git hash: 84205aa28f11a4f31f2a3b86d1bba2cc8ab69827
2019-07-12 13:06:42,873 INFO  handler.ContextHandler (ContextHandler.java:doStart(781)) - Started o.e.j.s.ServletContextHandler@4db46344{/logs,file:///tmp/workdir/hadoop-ozone/integration-test/target/log,AVAILABLE}
2019-07-12 13:06:42,873 INFO  handler.ContextHandler (ContextHandler.java:doStart(781)) - Started o.e.j.s.ServletContextHandler@702b656a{/static,jar:file:/home/user/.m2/repository/org/apache/hadoop/hadoop-hdds-container-service/0.5.0-SNAPSHOT/hadoop-hdds-container-service-0.5.0-SNAPSHOT.jar!/webapps/static,AVAILABLE}
2019-07-12 13:06:42,899 INFO  handler.ContextHandler (ContextHandler.java:doStart(781)) - Started o.e.j.w.WebAppContext@70ecf57b{/,file:///tmp/jetty-0.0.0.0-36143-hddsDatanode-_-any-8560486559480214422.dir/webapp/,AVAILABLE}{/hddsDatanode}
2019-07-12 13:06:42,900 INFO  server.AbstractConnector (AbstractConnector.java:doStart(278)) - Started ServerConnector@4e5364a3{HTTP/1.1,[http/1.1]}{0.0.0.0:36143}
2019-07-12 13:06:42,902 INFO  server.Server (Server.java:doStart(419)) - Started @21831ms
2019-07-12 13:06:42,904 INFO  server.BaseHttpServer (BaseHttpServer.java:updateConnectorAddress(207)) - HTTP server of HDDSDATANODE is listening at http://0.0.0.0:36143
2019-07-12 13:06:43,004 INFO  ozone.HddsDatanodeService (HddsDatanodeService.java:startPlugins(396)) - Started plug-in org.apache.hadoop.ozone.web.OzoneHddsDatanodeService@1d2c253
2019-07-12 13:06:43,005 INFO  impl.MetricsSystemImpl (MetricsSystemImpl.java:init(158)) - HddsDatanode metrics system started (again)
2019-07-12 13:06:43,005 INFO  ozone.HddsDatanodeService (HddsDatanodeService.java:start(185)) - HddsDatanodeService host:pr-hdds-17356bwxm-3764869708 ip:192.168.157.212
2019-07-12 13:06:43,006 INFO  util.JvmPauseMonitor (JvmPauseMonitor.java:run(188)) - Starting JVM pause monitor
2019-07-12 13:06:43,008 INFO  datanode.InitDatanodeState (InitDatanodeState.java:persistContainerDatanodeDetails(140)) - DatanodeDetails is persisted to /tmp/workdir/hadoop-ozone/integration-test/target/test-dir/MiniOzoneClusterImpl-43ff2e1a-d451-4fff-8786-26b1dea17333/datanode-5/meta/datanode.id
2019-07-12 13:06:43,020 INFO  volume.HddsVolume (HddsVolume.java:<init>(176)) - Creating Volume: /tmp/workdir/hadoop-ozone/integration-test/target/test-dir/MiniOzoneClusterImpl-43ff2e1a-d451-4fff-8786-26b1dea17333/datanode-6/data/containers/hdds of  storage type : DISK and capacity : 52710309888
2019-07-12 13:06:43,020 INFO  volume.VolumeSet (VolumeSet.java:initializeVolumeSet(170)) - Added Volume : /tmp/workdir/hadoop-ozone/integration-test/target/test-dir/MiniOzoneClusterImpl-43ff2e1a-d451-4fff-8786-26b1dea17333/datanode-6/data/containers/hdds to VolumeSet
2019-07-12 13:06:43,020 INFO  volume.ThrottledAsyncChecker (ThrottledAsyncChecker.java:schedule(140)) - Scheduling a check for org.apache.hadoop.ozone.container.common.volume.HddsVolume@41bd6a0f
2019-07-12 13:06:43,021 INFO  volume.HddsVolumeChecker (HddsVolumeChecker.java:checkAllVolumes(203)) - Scheduled health check for volume org.apache.hadoop.ozone.container.common.volume.HddsVolume@41bd6a0f
2019-07-12 13:06:43,050 INFO  impl.RaftServerProxy (ConfUtils.java:logGet(43)) - raft.rpc.type = GRPC (default)
2019-07-12 13:06:43,051 INFO  grpc.GrpcFactory (GrpcFactory.java:checkPooledByteBufAllocatorUseCacheForAllThreads(45)) - PERFORMANCE WARNING: useCacheForAllThreads is true that may cause Netty to create a lot garbage objects and, as a result, trigger GC.
	It is recommended to disable useCacheForAllThreads by setting -Dorg.apache.ratis.thirdparty.io.netty.allocator.useCacheForAllThreads=false in command line.
2019-07-12 13:06:43,051 INFO  grpc.GrpcConfigKeys$Server (ConfUtils.java:logGet(43)) - raft.grpc.server.port = 0 (default)
2019-07-12 13:06:43,051 INFO  server.GrpcService (ConfUtils.java:logGet(43)) - raft.grpc.message.size.max = 33570816 (custom)
2019-07-12 13:06:43,051 INFO  server.RaftServerConfigKeys (ConfUtils.java:logGet(43)) - raft.server.log.appender.buffer.byte-limit = 33554432 (custom)
2019-07-12 13:06:43,052 INFO  server.GrpcService (ConfUtils.java:logGet(43)) - raft.grpc.flow.control.window = 1MB (=1048576) (default)
2019-07-12 13:06:43,052 INFO  server.RaftServerConfigKeys (ConfUtils.java:logGet(43)) - raft.server.rpc.request.timeout = 3000ms (default)
2019-07-12 13:06:43,052 INFO  server.RaftServerConfigKeys (ConfUtils.java:logGet(43)) - raft.server.storage.dir = [/tmp/workdir/hadoop-ozone/integration-test/target/test-dir/MiniOzoneClusterImpl-43ff2e1a-d451-4fff-8786-26b1dea17333/datanode-6/data/ratis] (custom)
2019-07-12 13:06:43,053 INFO  replication.SimpleContainerDownloader (SimpleContainerDownloader.java:<init>(72)) - Starting container downloader service to copy containers to replicate.
2019-07-12 13:06:43,070 INFO  hdfs.DFSUtil (DFSUtil.java:httpServerTemplateForNNAndJN(1641)) - Starting Web-server for hddsDatanode at: http://0.0.0.0:0
2019-07-12 13:06:43,072 INFO  server.AuthenticationFilter (AuthenticationFilter.java:constructSecretProvider(240)) - Unable to initialize FileSignerSecretProvider, falling back to use random secrets.
2019-07-12 13:06:43,073 WARN  http.HttpRequestLog (HttpRequestLog.java:getRequestLog(97)) - Jetty request log can only be enabled using Log4j
2019-07-12 13:06:43,075 INFO  http.HttpServer2 (HttpServer2.java:addGlobalFilter(975)) - Added global filter 'safety' (class=org.apache.hadoop.http.HttpServer2$QuotingInputFilter)
2019-07-12 13:06:43,076 INFO  http.HttpServer2 (HttpServer2.java:addFilter(948)) - Added filter static_user_filter (class=org.apache.hadoop.http.lib.StaticUserWebFilter$StaticUserFilter) to context hddsDatanode
2019-07-12 13:06:43,076 INFO  http.HttpServer2 (HttpServer2.java:addFilter(958)) - Added filter static_user_filter (class=org.apache.hadoop.http.lib.StaticUserWebFilter$StaticUserFilter) to context static
2019-07-12 13:06:43,076 INFO  http.HttpServer2 (HttpServer2.java:addFilter(958)) - Added filter static_user_filter (class=org.apache.hadoop.http.lib.StaticUserWebFilter$StaticUserFilter) to context logs
2019-07-12 13:06:43,077 INFO  http.HttpServer2 (HttpServer2.java:bindListener(1191)) - Jetty bound to port 35915
2019-07-12 13:06:43,078 INFO  server.Server (Server.java:doStart(351)) - jetty-9.3.24.v20180605, build timestamp: 2018-06-05T17:11:56Z, git hash: 84205aa28f11a4f31f2a3b86d1bba2cc8ab69827
2019-07-12 13:06:43,080 INFO  handler.ContextHandler (ContextHandler.java:doStart(781)) - Started o.e.j.s.ServletContextHandler@7227926b{/logs,file:///tmp/workdir/hadoop-ozone/integration-test/target/log,AVAILABLE}
2019-07-12 13:06:43,081 INFO  handler.ContextHandler (ContextHandler.java:doStart(781)) - Started o.e.j.s.ServletContextHandler@556aed22{/static,jar:file:/home/user/.m2/repository/org/apache/hadoop/hadoop-hdds-container-service/0.5.0-SNAPSHOT/hadoop-hdds-container-service-0.5.0-SNAPSHOT.jar!/webapps/static,AVAILABLE}
2019-07-12 13:06:43,124 INFO  handler.ContextHandler (ContextHandler.java:doStart(781)) - Started o.e.j.w.WebAppContext@2b3b1124{/,file:///tmp/jetty-0.0.0.0-35915-hddsDatanode-_-any-3393828881098622409.dir/webapp/,AVAILABLE}{/hddsDatanode}
2019-07-12 13:06:43,125 INFO  server.AbstractConnector (AbstractConnector.java:doStart(278)) - Started ServerConnector@54286339{HTTP/1.1,[http/1.1]}{0.0.0.0:35915}
2019-07-12 13:06:43,128 INFO  server.Server (Server.java:doStart(419)) - Started @22057ms
2019-07-12 13:06:43,131 INFO  server.BaseHttpServer (BaseHttpServer.java:updateConnectorAddress(207)) - HTTP server of HDDSDATANODE is listening at http://0.0.0.0:35915
2019-07-12 13:06:43,258 INFO  ozone.HddsDatanodeService (HddsDatanodeService.java:startPlugins(396)) - Started plug-in org.apache.hadoop.ozone.web.OzoneHddsDatanodeService@5724c7da
2019-07-12 13:06:43,259 INFO  ozone.MiniOzoneClusterImpl (MiniOzoneClusterImpl.java:lambda$waitForClusterToBeReady$0(142)) - Waiting for cluster to be ready. Got 0 of 7 DN Heartbeats.
2019-07-12 13:06:43,261 INFO  util.JvmPauseMonitor (JvmPauseMonitor.java:run(188)) - Starting JVM pause monitor
2019-07-12 13:06:43,263 INFO  datanode.InitDatanodeState (InitDatanodeState.java:persistContainerDatanodeDetails(140)) - DatanodeDetails is persisted to /tmp/workdir/hadoop-ozone/integration-test/target/test-dir/MiniOzoneClusterImpl-43ff2e1a-d451-4fff-8786-26b1dea17333/datanode-6/meta/datanode.id
2019-07-12 13:06:43,749 INFO  ozoneimpl.OzoneContainer (OzoneContainer.java:start(186)) - Attempting to start container services.
2019-07-12 13:06:43,749 INFO  ozoneimpl.OzoneContainer (OzoneContainer.java:startContainerScrub(160)) - Background container scrubber has been disabled by hdds.containerscrub.enabled
2019-07-12 13:06:43,749 INFO  ratis.XceiverServerRatis (XceiverServerRatis.java:start(418)) - Starting XceiverServerRatis 5d95a777-d46c-4f4e-a788-35bf385375c9 at port 0
2019-07-12 13:06:43,758 INFO  impl.RaftServerProxy (RaftServerProxy.java:lambda$start$3(299)) - 5d95a777-d46c-4f4e-a788-35bf385375c9: start RPC server
2019-07-12 13:06:43,760 INFO  server.GrpcService (GrpcService.java:startImpl(149)) - 5d95a777-d46c-4f4e-a788-35bf385375c9: GrpcService started, listening on 0.0.0.0/0.0.0.0:43562
2019-07-12 13:06:43,760 INFO  ratis.XceiverServerRatis (XceiverServerRatis.java:start(428)) - XceiverServerRatis 5d95a777-d46c-4f4e-a788-35bf385375c9 is started using port 43562
2019-07-12 13:06:43,761 INFO  server.XceiverServerGrpc (XceiverServerGrpc.java:start(161)) - XceiverServerGrpc 5d95a777-d46c-4f4e-a788-35bf385375c9 is started using port 34280
2019-07-12 13:06:43,976 INFO  impl.FollowerState (FollowerState.java:run(106)) - 36faec0d-2528-47a5-8dc0-b3acb5d72577:group-26E6EA2301C1 changes to CANDIDATE, lastRpcTime:5027, electionTimeout:5025ms
2019-07-12 13:06:43,976 INFO  impl.RoleInfo (RoleInfo.java:shutdownFollowerState(121)) - 36faec0d-2528-47a5-8dc0-b3acb5d72577: shutdown FollowerState
2019-07-12 13:06:43,976 INFO  impl.RaftServerImpl (RaftServerImpl.java:setRole(171)) - 36faec0d-2528-47a5-8dc0-b3acb5d72577:group-26E6EA2301C1 changes role from FOLLOWER to CANDIDATE at term 1 for changeToCandidate
2019-07-12 13:06:43,976 INFO  impl.RoleInfo (RoleInfo.java:updateAndGet(143)) - 36faec0d-2528-47a5-8dc0-b3acb5d72577: start LeaderElection
2019-07-12 13:06:43,994 INFO  impl.LeaderElection (LeaderElection.java:askForVotes(181)) - 36faec0d-2528-47a5-8dc0-b3acb5d72577:group-26E6EA2301C1:LeaderElection13: begin an election at term 2 for -1: [1021b88f-9eb2-4a91-8862-c4fd4e2788e3:192.168.157.212:34400, 36faec0d-2528-47a5-8dc0-b3acb5d72577:192.168.157.212:34487, 127ba201-5fa8-4097-8893-635bce1d52f1:192.168.157.212:33520], old=null
2019-07-12 13:06:44,007 INFO  impl.RaftServerImpl (RaftServerImpl.java:setRole(171)) - 1021b88f-9eb2-4a91-8862-c4fd4e2788e3:group-26E6EA2301C1 changes role from FOLLOWER to FOLLOWER at term 2 for recognizeCandidate:36faec0d-2528-47a5-8dc0-b3acb5d72577
2019-07-12 13:06:44,007 INFO  impl.RaftServerImpl (RaftServerImpl.java:setRole(171)) - 127ba201-5fa8-4097-8893-635bce1d52f1:group-26E6EA2301C1 changes role from FOLLOWER to FOLLOWER at term 2 for recognizeCandidate:36faec0d-2528-47a5-8dc0-b3acb5d72577
2019-07-12 13:06:44,007 INFO  impl.RoleInfo (RoleInfo.java:shutdownFollowerState(121)) - 1021b88f-9eb2-4a91-8862-c4fd4e2788e3: shutdown FollowerState
2019-07-12 13:06:44,008 INFO  impl.RoleInfo (RoleInfo.java:shutdownFollowerState(121)) - 127ba201-5fa8-4097-8893-635bce1d52f1: shutdown FollowerState
2019-07-12 13:06:44,008 INFO  impl.RoleInfo (RoleInfo.java:updateAndGet(143)) - 1021b88f-9eb2-4a91-8862-c4fd4e2788e3: start FollowerState
2019-07-12 13:06:44,008 INFO  impl.FollowerState (FollowerState.java:run(114)) - 127ba201-5fa8-4097-8893-635bce1d52f1: FollowerState was interrupted: java.lang.InterruptedException: sleep interrupted
2019-07-12 13:06:44,008 INFO  impl.RoleInfo (RoleInfo.java:updateAndGet(143)) - 127ba201-5fa8-4097-8893-635bce1d52f1: start FollowerState
2019-07-12 13:06:44,008 INFO  impl.FollowerState (FollowerState.java:run(114)) - 1021b88f-9eb2-4a91-8862-c4fd4e2788e3: FollowerState was interrupted: java.lang.InterruptedException: sleep interrupted
2019-07-12 13:06:44,034 INFO  impl.LeaderElection (LeaderElection.java:logAndReturn(56)) - 36faec0d-2528-47a5-8dc0-b3acb5d72577:group-26E6EA2301C1:LeaderElection13: Election PASSED; received 1 response(s) [36faec0d-2528-47a5-8dc0-b3acb5d72577<-1021b88f-9eb2-4a91-8862-c4fd4e2788e3#0:OK-t2] and 0 exception(s); 36faec0d-2528-47a5-8dc0-b3acb5d72577:t2, leader=null, voted=36faec0d-2528-47a5-8dc0-b3acb5d72577, raftlog=36faec0d-2528-47a5-8dc0-b3acb5d72577-SegmentedRaftLog:OPENED:c-1,f-1,i0, conf=-1: [1021b88f-9eb2-4a91-8862-c4fd4e2788e3:192.168.157.212:34400, 36faec0d-2528-47a5-8dc0-b3acb5d72577:192.168.157.212:34487, 127ba201-5fa8-4097-8893-635bce1d52f1:192.168.157.212:33520], old=null
2019-07-12 13:06:44,034 INFO  impl.RoleInfo (RoleInfo.java:shutdownLeaderElection(134)) - 36faec0d-2528-47a5-8dc0-b3acb5d72577: shutdown LeaderElection
2019-07-12 13:06:44,037 INFO  impl.RaftServerImpl (RaftServerImpl.java:setRole(171)) - 36faec0d-2528-47a5-8dc0-b3acb5d72577:group-26E6EA2301C1 changes role from CANDIDATE to LEADER at term 2 for changeToLeader
2019-07-12 13:06:44,037 INFO  impl.RaftServerImpl (ServerState.java:setLeader(263)) - 36faec0d-2528-47a5-8dc0-b3acb5d72577:group-26E6EA2301C1 change Leader from null to 36faec0d-2528-47a5-8dc0-b3acb5d72577 at term 2 for becomeLeader, leader elected after 10451ms
2019-07-12 13:06:44,038 INFO  server.RaftServerConfigKeys (ConfUtils.java:logGet(43)) - raft.server.staging.catchup.gap = 1000 (default)
2019-07-12 13:06:44,038 INFO  server.RaftServerConfigKeys (ConfUtils.java:logGet(43)) - raft.server.rpc.sleep.time = 25ms (default)
2019-07-12 13:06:44,038 INFO  server.RaftServerConfigKeys (ConfUtils.java:logGet(43)) - raft.server.write.element-limit = 4096 (default)
2019-07-12 13:06:44,039 INFO  server.RaftServerConfigKeys (ConfUtils.java:logGet(43)) - raft.server.watch.timeout = 10s (default)
2019-07-12 13:06:44,039 INFO  server.RaftServerConfigKeys (ConfUtils.java:logGet(43)) - raft.server.watch.timeout.denomination = 1s (default)
2019-07-12 13:06:44,039 INFO  server.RaftServerConfigKeys (ConfUtils.java:logGet(43)) - raft.server.watch.element-limit = 65536 (default)
2019-07-12 13:06:44,039 INFO  server.RaftServerConfigKeys (ConfUtils.java:logGet(43)) - raft.server.log.appender.snapshot.chunk.size.max = 16MB (=16777216) (default)
2019-07-12 13:06:44,040 INFO  server.RaftServerConfigKeys (ConfUtils.java:logGet(43)) - raft.server.log.appender.buffer.byte-limit = 33554432 (custom)
2019-07-12 13:06:44,040 INFO  server.RaftServerConfigKeys (ConfUtils.java:logGet(43)) - raft.server.log.appender.buffer.element-limit = 1 (custom)
2019-07-12 13:06:44,040 INFO  grpc.GrpcConfigKeys$Server (ConfUtils.java:logGet(43)) - raft.grpc.server.leader.outstanding.appends.max = 128 (default)
2019-07-12 13:06:44,041 INFO  server.RaftServerConfigKeys (ConfUtils.java:logGet(43)) - raft.server.rpc.request.timeout = 3000ms (default)
2019-07-12 13:06:44,041 INFO  server.RaftServerConfigKeys (ConfUtils.java:logGet(43)) - raft.server.log.appender.install.snapshot.enabled = false (custom)
2019-07-12 13:06:44,041 INFO  server.RaftServerConfigKeys (ConfUtils.java:logGet(43)) - raft.server.log.appender.snapshot.chunk.size.max = 16MB (=16777216) (default)
2019-07-12 13:06:44,041 INFO  server.RaftServerConfigKeys (ConfUtils.java:logGet(43)) - raft.server.log.appender.buffer.byte-limit = 33554432 (custom)
2019-07-12 13:06:44,041 INFO  server.RaftServerConfigKeys (ConfUtils.java:logGet(43)) - raft.server.log.appender.buffer.element-limit = 1 (custom)
2019-07-12 13:06:44,042 INFO  grpc.GrpcConfigKeys$Server (ConfUtils.java:logGet(43)) - raft.grpc.server.leader.outstanding.appends.max = 128 (default)
2019-07-12 13:06:44,042 INFO  server.RaftServerConfigKeys (ConfUtils.java:logGet(43)) - raft.server.rpc.request.timeout = 3000ms (default)
2019-07-12 13:06:44,042 INFO  server.RaftServerConfigKeys (ConfUtils.java:logGet(43)) - raft.server.log.appender.install.snapshot.enabled = false (custom)
2019-07-12 13:06:44,042 INFO  impl.RoleInfo (RoleInfo.java:updateAndGet(143)) - 36faec0d-2528-47a5-8dc0-b3acb5d72577: start LeaderState
2019-07-12 13:06:44,043 INFO  segmented.SegmentedRaftLogWorker (SegmentedRaftLogWorker.java:startLogSegment(380)) - 36faec0d-2528-47a5-8dc0-b3acb5d72577-SegmentedRaftLogWorker:Storage Directory /tmp/workdir/hadoop-ozone/integration-test/target/test-dir/MiniOzoneClusterImpl-b7adce73-001b-448b-8b3e-b87d80415a10/datanode-5/data/ratis/881cbf2e-53aa-42ed-8edf-26e6ea2301c1: Starting segment from index:0
2019-07-12 13:06:44,044 INFO  impl.RaftServerImpl (ServerState.java:setRaftConf(361)) - 36faec0d-2528-47a5-8dc0-b3acb5d72577:group-26E6EA2301C1 set configuration 0: [1021b88f-9eb2-4a91-8862-c4fd4e2788e3:192.168.157.212:34400, 36faec0d-2528-47a5-8dc0-b3acb5d72577:192.168.157.212:34487, 127ba201-5fa8-4097-8893-635bce1d52f1:192.168.157.212:33520], old=null at 0
2019-07-12 13:06:44,070 INFO  ozoneimpl.OzoneContainer (OzoneContainer.java:start(186)) - Attempting to start container services.
2019-07-12 13:06:44,072 INFO  ozoneimpl.OzoneContainer (OzoneContainer.java:startContainerScrub(160)) - Background container scrubber has been disabled by hdds.containerscrub.enabled
2019-07-12 13:06:44,073 INFO  ratis.XceiverServerRatis (XceiverServerRatis.java:start(418)) - Starting XceiverServerRatis 042a855c-bb36-408f-8f74-1437a5fe725d at port 0
2019-07-12 13:06:44,076 INFO  impl.RaftServerImpl (ServerState.java:setLeader(263)) - 1021b88f-9eb2-4a91-8862-c4fd4e2788e3:group-26E6EA2301C1 change Leader from null to 36faec0d-2528-47a5-8dc0-b3acb5d72577 at term 2 for appendEntries, leader elected after 10490ms
2019-07-12 13:06:44,076 INFO  impl.RaftServerImpl (ServerState.java:setLeader(263)) - 127ba201-5fa8-4097-8893-635bce1d52f1:group-26E6EA2301C1 change Leader from null to 36faec0d-2528-47a5-8dc0-b3acb5d72577 at term 2 for appendEntries, leader elected after 10490ms
2019-07-12 13:06:44,082 INFO  impl.RaftServerImpl (ServerState.java:setRaftConf(361)) - 127ba201-5fa8-4097-8893-635bce1d52f1:group-26E6EA2301C1 set configuration 0: [1021b88f-9eb2-4a91-8862-c4fd4e2788e3:192.168.157.212:34400, 36faec0d-2528-47a5-8dc0-b3acb5d72577:192.168.157.212:34487, 127ba201-5fa8-4097-8893-635bce1d52f1:192.168.157.212:33520], old=null at 0
2019-07-12 13:06:44,082 INFO  impl.RaftServerProxy (RaftServerProxy.java:lambda$start$3(299)) - 042a855c-bb36-408f-8f74-1437a5fe725d: start RPC server
2019-07-12 13:06:44,082 INFO  impl.RaftServerImpl (ServerState.java:setRaftConf(361)) - 1021b88f-9eb2-4a91-8862-c4fd4e2788e3:group-26E6EA2301C1 set configuration 0: [1021b88f-9eb2-4a91-8862-c4fd4e2788e3:192.168.157.212:34400, 36faec0d-2528-47a5-8dc0-b3acb5d72577:192.168.157.212:34487, 127ba201-5fa8-4097-8893-635bce1d52f1:192.168.157.212:33520], old=null at 0
2019-07-12 13:06:44,082 INFO  segmented.SegmentedRaftLogWorker (SegmentedRaftLogWorker.java:startLogSegment(380)) - 127ba201-5fa8-4097-8893-635bce1d52f1-SegmentedRaftLogWorker:Storage Directory /tmp/workdir/hadoop-ozone/integration-test/target/test-dir/MiniOzoneClusterImpl-b7adce73-001b-448b-8b3e-b87d80415a10/datanode-4/data/ratis/881cbf2e-53aa-42ed-8edf-26e6ea2301c1: Starting segment from index:0
2019-07-12 13:06:44,083 INFO  segmented.SegmentedRaftLogWorker (SegmentedRaftLogWorker.java:startLogSegment(380)) - 1021b88f-9eb2-4a91-8862-c4fd4e2788e3-SegmentedRaftLogWorker:Storage Directory /tmp/workdir/hadoop-ozone/integration-test/target/test-dir/MiniOzoneClusterImpl-b7adce73-001b-448b-8b3e-b87d80415a10/datanode-1/data/ratis/881cbf2e-53aa-42ed-8edf-26e6ea2301c1: Starting segment from index:0
2019-07-12 13:06:44,083 INFO  server.GrpcService (GrpcService.java:startImpl(149)) - 042a855c-bb36-408f-8f74-1437a5fe725d: GrpcService started, listening on 0.0.0.0/0.0.0.0:43856
2019-07-12 13:06:44,084 INFO  ratis.XceiverServerRatis (XceiverServerRatis.java:start(428)) - XceiverServerRatis 042a855c-bb36-408f-8f74-1437a5fe725d is started using port 43856
2019-07-12 13:06:44,084 INFO  server.XceiverServerGrpc (XceiverServerGrpc.java:start(161)) - XceiverServerGrpc 042a855c-bb36-408f-8f74-1437a5fe725d is started using port 40917
2019-07-12 13:06:44,094 INFO  segmented.SegmentedRaftLogWorker (SegmentedRaftLogWorker.java:execute(569)) - 36faec0d-2528-47a5-8dc0-b3acb5d72577-SegmentedRaftLogWorker:Storage Directory /tmp/workdir/hadoop-ozone/integration-test/target/test-dir/MiniOzoneClusterImpl-b7adce73-001b-448b-8b3e-b87d80415a10/datanode-5/data/ratis/881cbf2e-53aa-42ed-8edf-26e6ea2301c1: created new log segment /tmp/workdir/hadoop-ozone/integration-test/target/test-dir/MiniOzoneClusterImpl-b7adce73-001b-448b-8b3e-b87d80415a10/datanode-5/data/ratis/881cbf2e-53aa-42ed-8edf-26e6ea2301c1/current/log_inprogress_0
2019-07-12 13:06:44,107 INFO  segmented.SegmentedRaftLogWorker (SegmentedRaftLogWorker.java:execute(569)) - 127ba201-5fa8-4097-8893-635bce1d52f1-SegmentedRaftLogWorker:Storage Directory /tmp/workdir/hadoop-ozone/integration-test/target/test-dir/MiniOzoneClusterImpl-b7adce73-001b-448b-8b3e-b87d80415a10/datanode-4/data/ratis/881cbf2e-53aa-42ed-8edf-26e6ea2301c1: created new log segment /tmp/workdir/hadoop-ozone/integration-test/target/test-dir/MiniOzoneClusterImpl-b7adce73-001b-448b-8b3e-b87d80415a10/datanode-4/data/ratis/881cbf2e-53aa-42ed-8edf-26e6ea2301c1/current/log_inprogress_0
2019-07-12 13:06:44,107 INFO  segmented.SegmentedRaftLogWorker (SegmentedRaftLogWorker.java:execute(569)) - 1021b88f-9eb2-4a91-8862-c4fd4e2788e3-SegmentedRaftLogWorker:Storage Directory /tmp/workdir/hadoop-ozone/integration-test/target/test-dir/MiniOzoneClusterImpl-b7adce73-001b-448b-8b3e-b87d80415a10/datanode-1/data/ratis/881cbf2e-53aa-42ed-8edf-26e6ea2301c1: created new log segment /tmp/workdir/hadoop-ozone/integration-test/target/test-dir/MiniOzoneClusterImpl-b7adce73-001b-448b-8b3e-b87d80415a10/datanode-1/data/ratis/881cbf2e-53aa-42ed-8edf-26e6ea2301c1/current/log_inprogress_0
2019-07-12 13:06:44,259 INFO  ozone.MiniOzoneClusterImpl (MiniOzoneClusterImpl.java:lambda$waitForClusterToBeReady$0(142)) - Waiting for cluster to be ready. Got 0 of 7 DN Heartbeats.
2019-07-12 13:06:44,403 INFO  ozoneimpl.OzoneContainer (OzoneContainer.java:start(186)) - Attempting to start container services.
2019-07-12 13:06:44,408 INFO  ozoneimpl.OzoneContainer (OzoneContainer.java:startContainerScrub(160)) - Background container scrubber has been disabled by hdds.containerscrub.enabled
2019-07-12 13:06:44,408 INFO  ratis.XceiverServerRatis (XceiverServerRatis.java:start(418)) - Starting XceiverServerRatis ecffa412-2664-48a9-b233-9cdcdacbb2b9 at port 0
2019-07-12 13:06:44,417 INFO  impl.RaftServerProxy (RaftServerProxy.java:lambda$start$3(299)) - ecffa412-2664-48a9-b233-9cdcdacbb2b9: start RPC server
2019-07-12 13:06:44,418 INFO  server.GrpcService (GrpcService.java:startImpl(149)) - ecffa412-2664-48a9-b233-9cdcdacbb2b9: GrpcService started, listening on 0.0.0.0/0.0.0.0:45685
2019-07-12 13:06:44,418 INFO  ratis.XceiverServerRatis (XceiverServerRatis.java:start(428)) - XceiverServerRatis ecffa412-2664-48a9-b233-9cdcdacbb2b9 is started using port 45685
2019-07-12 13:06:44,447 INFO  server.XceiverServerGrpc (XceiverServerGrpc.java:start(161)) - XceiverServerGrpc ecffa412-2664-48a9-b233-9cdcdacbb2b9 is started using port 39860
2019-07-12 13:06:44,666 INFO  ozoneimpl.OzoneContainer (OzoneContainer.java:start(186)) - Attempting to start container services.
2019-07-12 13:06:44,666 INFO  ozoneimpl.OzoneContainer (OzoneContainer.java:startContainerScrub(160)) - Background container scrubber has been disabled by hdds.containerscrub.enabled
2019-07-12 13:06:44,666 INFO  ratis.XceiverServerRatis (XceiverServerRatis.java:start(418)) - Starting XceiverServerRatis a295cf8a-0a50-48b3-937d-b7c35fbfbb93 at port 0
2019-07-12 13:06:44,675 INFO  impl.RaftServerProxy (RaftServerProxy.java:lambda$start$3(299)) - a295cf8a-0a50-48b3-937d-b7c35fbfbb93: start RPC server
2019-07-12 13:06:44,680 INFO  server.GrpcService (GrpcService.java:startImpl(149)) - a295cf8a-0a50-48b3-937d-b7c35fbfbb93: GrpcService started, listening on 0.0.0.0/0.0.0.0:39592
2019-07-12 13:06:44,680 INFO  ratis.XceiverServerRatis (XceiverServerRatis.java:start(428)) - XceiverServerRatis a295cf8a-0a50-48b3-937d-b7c35fbfbb93 is started using port 39592
2019-07-12 13:06:44,684 INFO  server.XceiverServerGrpc (XceiverServerGrpc.java:start(161)) - XceiverServerGrpc a295cf8a-0a50-48b3-937d-b7c35fbfbb93 is started using port 43626
2019-07-12 13:06:44,837 INFO  ozoneimpl.OzoneContainer (OzoneContainer.java:start(186)) - Attempting to start container services.
2019-07-12 13:06:44,837 INFO  ozoneimpl.OzoneContainer (OzoneContainer.java:startContainerScrub(160)) - Background container scrubber has been disabled by hdds.containerscrub.enabled
2019-07-12 13:06:44,837 INFO  ratis.XceiverServerRatis (XceiverServerRatis.java:start(418)) - Starting XceiverServerRatis 521f64dd-1c56-4694-83ad-013d739122c0 at port 0
2019-07-12 13:06:44,847 INFO  impl.RaftServerProxy (RaftServerProxy.java:lambda$start$3(299)) - 521f64dd-1c56-4694-83ad-013d739122c0: start RPC server
2019-07-12 13:06:44,852 INFO  server.GrpcService (GrpcService.java:startImpl(149)) - 521f64dd-1c56-4694-83ad-013d739122c0: GrpcService started, listening on 0.0.0.0/0.0.0.0:34881
2019-07-12 13:06:44,852 INFO  ratis.XceiverServerRatis (XceiverServerRatis.java:start(428)) - XceiverServerRatis 521f64dd-1c56-4694-83ad-013d739122c0 is started using port 34881
2019-07-12 13:06:44,856 INFO  server.XceiverServerGrpc (XceiverServerGrpc.java:start(161)) - XceiverServerGrpc 521f64dd-1c56-4694-83ad-013d739122c0 is started using port 44971
2019-07-12 13:06:45,021 INFO  ozoneimpl.OzoneContainer (OzoneContainer.java:start(186)) - Attempting to start container services.
2019-07-12 13:06:45,022 INFO  ozoneimpl.OzoneContainer (OzoneContainer.java:startContainerScrub(160)) - Background container scrubber has been disabled by hdds.containerscrub.enabled
2019-07-12 13:06:45,022 INFO  ratis.XceiverServerRatis (XceiverServerRatis.java:start(418)) - Starting XceiverServerRatis 2ae406f2-d8c0-40b7-934c-1ed505d852ac at port 0
2019-07-12 13:06:45,029 INFO  impl.RaftServerProxy (RaftServerProxy.java:lambda$start$3(299)) - 2ae406f2-d8c0-40b7-934c-1ed505d852ac: start RPC server
2019-07-12 13:06:45,036 INFO  server.GrpcService (GrpcService.java:startImpl(149)) - 2ae406f2-d8c0-40b7-934c-1ed505d852ac: GrpcService started, listening on 0.0.0.0/0.0.0.0:33376
2019-07-12 13:06:45,036 INFO  ratis.XceiverServerRatis (XceiverServerRatis.java:start(428)) - XceiverServerRatis 2ae406f2-d8c0-40b7-934c-1ed505d852ac is started using port 33376
2019-07-12 13:06:45,038 INFO  server.XceiverServerGrpc (XceiverServerGrpc.java:start(161)) - XceiverServerGrpc 2ae406f2-d8c0-40b7-934c-1ed505d852ac is started using port 36901
2019-07-12 13:06:45,264 INFO  ozone.MiniOzoneClusterImpl (MiniOzoneClusterImpl.java:lambda$waitForClusterToBeReady$0(142)) - Waiting for cluster to be ready. Got 0 of 7 DN Heartbeats.
2019-07-12 13:06:45,283 INFO  ozoneimpl.OzoneContainer (OzoneContainer.java:start(186)) - Attempting to start container services.
2019-07-12 13:06:45,284 INFO  ozoneimpl.OzoneContainer (OzoneContainer.java:startContainerScrub(160)) - Background container scrubber has been disabled by hdds.containerscrub.enabled
2019-07-12 13:06:45,284 INFO  ratis.XceiverServerRatis (XceiverServerRatis.java:start(418)) - Starting XceiverServerRatis 39ea6781-a135-4013-86c4-874d68bf6440 at port 0
2019-07-12 13:06:45,293 INFO  impl.RaftServerProxy (RaftServerProxy.java:lambda$start$3(299)) - 39ea6781-a135-4013-86c4-874d68bf6440: start RPC server
2019-07-12 13:06:45,294 INFO  server.GrpcService (GrpcService.java:startImpl(149)) - 39ea6781-a135-4013-86c4-874d68bf6440: GrpcService started, listening on 0.0.0.0/0.0.0.0:43641
2019-07-12 13:06:45,294 INFO  ratis.XceiverServerRatis (XceiverServerRatis.java:start(428)) - XceiverServerRatis 39ea6781-a135-4013-86c4-874d68bf6440 is started using port 43641
2019-07-12 13:06:45,294 INFO  server.XceiverServerGrpc (XceiverServerGrpc.java:start(161)) - XceiverServerGrpc 39ea6781-a135-4013-86c4-874d68bf6440 is started using port 42260
2019-07-12 13:06:45,723 INFO  net.NetworkTopology (NetworkTopologyImpl.java:add(110)) - Added a new node: /default-rack/192.168.157.212
2019-07-12 13:06:45,726 INFO  node.SCMNodeManager (SCMNodeManager.java:register(269)) - Registered Data node : 5d95a777-d46c-4f4e-a788-35bf385375c9{ip: 192.168.157.212, host: pr-hdds-17356bwxm-3764869708, networkLocation: /default-rack, certSerialId: null}
2019-07-12 13:06:45,728 INFO  safemode.SCMSafeModeManager (DataNodeSafeModeRule.java:process(71)) - SCM in safe mode. 1 DataNodes registered, 1 required.
2019-07-12 13:06:45,732 INFO  safemode.SCMSafeModeManager (SCMSafeModeManager.java:validateSafeModeExitRules(177)) - ScmSafeModeManager, all rules are successfully validated
2019-07-12 13:06:45,732 INFO  safemode.SCMSafeModeManager (SCMSafeModeManager.java:exitSafeMode(193)) - SCM exiting safe mode.
2019-07-12 13:06:45,755 INFO  impl.RaftServerProxy (RaftServerProxy.java:addNew(89)) - 5d95a777-d46c-4f4e-a788-35bf385375c9: addNew group-A87889DBDFE8:[5d95a777-d46c-4f4e-a788-35bf385375c9:192.168.157.212:43562] returns group-A87889DBDFE8:java.util.concurrent.CompletableFuture@472e6360[Not completed]
2019-07-12 13:06:45,758 INFO  impl.RaftServerImpl (RaftServerImpl.java:<init>(93)) - 5d95a777-d46c-4f4e-a788-35bf385375c9: new RaftServerImpl for group-A87889DBDFE8:[5d95a777-d46c-4f4e-a788-35bf385375c9:192.168.157.212:43562] with ContainerStateMachine:uninitialized
2019-07-12 13:06:45,758 INFO  server.RaftServerConfigKeys (ConfUtils.java:logGet(43)) - raft.server.rpc.timeout.min = 5s (custom)
2019-07-12 13:06:45,759 INFO  server.RaftServerConfigKeys (ConfUtils.java:logGet(43)) - raft.server.rpc.timeout.max = 5200ms (custom)
2019-07-12 13:06:45,759 INFO  server.RaftServerConfigKeys (ConfUtils.java:logGet(43)) - raft.server.rpcslowness.timeout = 120s (custom)
2019-07-12 13:06:45,759 INFO  server.RaftServerConfigKeys (ConfUtils.java:logGet(43)) - raft.server.sleep.deviation.threshold = 300 (default)
2019-07-12 13:06:45,759 INFO  server.RaftServerConfigKeys (ConfUtils.java:logGet(43)) - raft.server.log.appender.install.snapshot.enabled = false (custom)
2019-07-12 13:06:45,759 INFO  impl.RaftServerImpl (ServerState.java:<init>(105)) - 5d95a777-d46c-4f4e-a788-35bf385375c9:group-A87889DBDFE8 ConfigurationManager, init=-1: [5d95a777-d46c-4f4e-a788-35bf385375c9:192.168.157.212:43562], old=null, confs=<EMPTY_MAP>
2019-07-12 13:06:45,760 INFO  server.RaftServerConfigKeys (ConfUtils.java:logGet(43)) - raft.server.storage.dir = [/tmp/workdir/hadoop-ozone/integration-test/target/test-dir/MiniOzoneClusterImpl-43ff2e1a-d451-4fff-8786-26b1dea17333/datanode-0/data/ratis] (custom)
2019-07-12 13:06:45,760 INFO  storage.RaftStorageDirectory (RaftStorageDirectory.java:analyzeStorage(246)) - The storage directory /tmp/workdir/hadoop-ozone/integration-test/target/test-dir/MiniOzoneClusterImpl-43ff2e1a-d451-4fff-8786-26b1dea17333/datanode-0/data/ratis/97fb1cf3-5184-4aab-8657-a87889dbdfe8 does not exist. Creating ...
2019-07-12 13:06:45,775 INFO  storage.RaftStorageDirectory (RaftStorageDirectory.java:tryLock(328)) - Lock on /tmp/workdir/hadoop-ozone/integration-test/target/test-dir/MiniOzoneClusterImpl-43ff2e1a-d451-4fff-8786-26b1dea17333/datanode-0/data/ratis/97fb1cf3-5184-4aab-8657-a87889dbdfe8/in_use.lock acquired by nodename 13208@pr-hdds-17356bwxm-3764869708
2019-07-12 13:06:45,791 INFO  storage.RaftStorage (RaftStorage.java:format(72)) - Storage directory /tmp/workdir/hadoop-ozone/integration-test/target/test-dir/MiniOzoneClusterImpl-43ff2e1a-d451-4fff-8786-26b1dea17333/datanode-0/data/ratis/97fb1cf3-5184-4aab-8657-a87889dbdfe8 has been successfully formatted.
2019-07-12 13:06:45,792 INFO  ratis.ContainerStateMachine (ContainerStateMachine.java:loadSnapshot(200)) - The snapshot info is null.Setting the last applied index to:(t:0, i:~)
2019-07-12 13:06:45,792 INFO  server.RaftServerConfigKeys (ConfUtils.java:logGet(43)) - raft.server.leader.election.timeout = 120s (custom)
2019-07-12 13:06:45,792 INFO  server.RaftServerConfigKeys (ConfUtils.java:logGet(43)) - raft.server.log.use.memory = false (default)
2019-07-12 13:06:45,793 INFO  server.RaftServerConfigKeys (ConfUtils.java:logGet(43)) - raft.server.log.purge.gap = 1000000000 (custom)
2019-07-12 13:06:45,793 INFO  server.RaftServerConfigKeys (ConfUtils.java:logGet(43)) - raft.server.log.appender.buffer.byte-limit = 33554432 (custom)
2019-07-12 13:06:45,793 INFO  server.RaftServerConfigKeys (ConfUtils.java:logGet(43)) - raft.server.log.segment.size.max = 1048576 (custom)
2019-07-12 13:06:45,793 INFO  server.RaftServerConfigKeys (ConfUtils.java:logGet(43)) - raft.server.log.segment.cache.num.max = 2 (custom)
2019-07-12 13:06:45,793 INFO  segmented.SegmentedRaftLogWorker (SegmentedRaftLogWorker.java:<init>(172)) - new 5d95a777-d46c-4f4e-a788-35bf385375c9-SegmentedRaftLogWorker:Storage Directory /tmp/workdir/hadoop-ozone/integration-test/target/test-dir/MiniOzoneClusterImpl-43ff2e1a-d451-4fff-8786-26b1dea17333/datanode-0/data/ratis/97fb1cf3-5184-4aab-8657-a87889dbdfe8 for RaftStorage:Storage Directory /tmp/workdir/hadoop-ozone/integration-test/target/test-dir/MiniOzoneClusterImpl-43ff2e1a-d451-4fff-8786-26b1dea17333/datanode-0/data/ratis/97fb1cf3-5184-4aab-8657-a87889dbdfe8
2019-07-12 13:06:45,794 INFO  server.RaftServerConfigKeys (ConfUtils.java:logGet(43)) - raft.server.log.queue.byte-limit = 2147483647 (custom)
2019-07-12 13:06:45,794 INFO  server.RaftServerConfigKeys (ConfUtils.java:logGet(43)) - raft.server.log.queue.element-limit = 1024 (custom)
2019-07-12 13:06:45,794 INFO  server.RaftServerConfigKeys (ConfUtils.java:logGet(43)) - raft.server.log.segment.size.max = 1048576 (custom)
2019-07-12 13:06:45,795 INFO  server.RaftServerConfigKeys (ConfUtils.java:logGet(43)) - raft.server.log.preallocated.size = 16384 (custom)
2019-07-12 13:06:45,795 INFO  server.RaftServerConfigKeys (ConfUtils.java:logGet(43)) - raft.server.log.write.buffer.size = 33554432 (custom)
2019-07-12 13:06:45,795 INFO  server.RaftServerConfigKeys (ConfUtils.java:logGet(43)) - raft.server.log.force.sync.num = 128 (default)
2019-07-12 13:06:45,795 INFO  server.RaftServerConfigKeys (ConfUtils.java:logGet(43)) - raft.server.log.statemachine.data.sync = true (default)
2019-07-12 13:06:45,795 INFO  server.RaftServerConfigKeys (ConfUtils.java:logGet(43)) - raft.server.log.statemachine.data.sync.timeout = 10s (default)
2019-07-12 13:06:45,796 INFO  server.RaftServerConfigKeys (ConfUtils.java:logGet(43)) - raft.server.log.statemachine.data.sync.timeout.retry = -1 (default)
2019-07-12 13:06:45,796 INFO  server.RaftServerConfigKeys (ConfUtils.java:logGet(43)) - raft.server.log.statemachine.data.caching.enabled = true (custom)
2019-07-12 13:06:45,796 INFO  segmented.SegmentedRaftLogWorker (SegmentedRaftLogWorker.java:lambda$new$0(132)) - 5d95a777-d46c-4f4e-a788-35bf385375c9-SegmentedRaftLogWorker:Storage Directory /tmp/workdir/hadoop-ozone/integration-test/target/test-dir/MiniOzoneClusterImpl-43ff2e1a-d451-4fff-8786-26b1dea17333/datanode-0/data/ratis/97fb1cf3-5184-4aab-8657-a87889dbdfe8: flushIndex: setUnconditionally 0 -> -1
2019-07-12 13:06:45,797 INFO  server.RaftServerConfigKeys (ConfUtils.java:logGet(43)) - raft.server.snapshot.auto.trigger.enabled = true (custom)
2019-07-12 13:06:45,797 INFO  server.RaftServerConfigKeys (ConfUtils.java:logGet(43)) - raft.server.snapshot.auto.trigger.threshold = 10000 (custom)
2019-07-12 13:06:45,798 INFO  server.RaftServerConfigKeys (ConfUtils.java:logGet(43)) - raft.server.retrycache.expirytime = 600000ms (custom)
2019-07-12 13:06:45,798 INFO  impl.RaftServerImpl (RaftServerImpl.java:start(180)) - 5d95a777-d46c-4f4e-a788-35bf385375c9: start group-A87889DBDFE8
2019-07-12 13:06:45,798 INFO  impl.RaftServerImpl (RaftServerImpl.java:setRole(171)) - 5d95a777-d46c-4f4e-a788-35bf385375c9:group-A87889DBDFE8 changes role from null to FOLLOWER at term 0 for startAsFollower
2019-07-12 13:06:45,798 INFO  impl.RoleInfo (RoleInfo.java:updateAndGet(143)) - 5d95a777-d46c-4f4e-a788-35bf385375c9: start FollowerState
2019-07-12 13:06:45,799 INFO  util.JmxRegister (JmxRegister.java:tryRegister(44)) - Successfully registered JMX Bean with object name Ratis:service=RaftServer,group=group-A87889DBDFE8,id=5d95a777-d46c-4f4e-a788-35bf385375c9
2019-07-12 13:06:45,807 INFO  pipeline.PipelineStateManager (PipelineStateManager.java:addPipeline(56)) - Created pipeline Pipeline[ Id: 97fb1cf3-5184-4aab-8657-a87889dbdfe8, Nodes: 5d95a777-d46c-4f4e-a788-35bf385375c9{ip: 192.168.157.212, host: pr-hdds-17356bwxm-3764869708, networkLocation: /default-rack, certSerialId: null}, Type:RATIS, Factor:ONE, State:OPEN]
2019-07-12 13:06:46,029 INFO  node.SCMNodeManager (SCMNodeManager.java:register(269)) - Registered Data node : 042a855c-bb36-408f-8f74-1437a5fe725d{ip: 192.168.157.212, host: pr-hdds-17356bwxm-3764869708, networkLocation: /default-rack, certSerialId: null}
2019-07-12 13:06:46,051 INFO  impl.RaftServerProxy (RaftServerProxy.java:addNew(89)) - 042a855c-bb36-408f-8f74-1437a5fe725d: addNew group-8B5FF4A1EB11:[042a855c-bb36-408f-8f74-1437a5fe725d:192.168.157.212:43856] returns group-8B5FF4A1EB11:java.util.concurrent.CompletableFuture@32bd64a2[Not completed]
2019-07-12 13:06:46,052 INFO  impl.RaftServerImpl (RaftServerImpl.java:<init>(93)) - 042a855c-bb36-408f-8f74-1437a5fe725d: new RaftServerImpl for group-8B5FF4A1EB11:[042a855c-bb36-408f-8f74-1437a5fe725d:192.168.157.212:43856] with ContainerStateMachine:uninitialized
2019-07-12 13:06:46,053 INFO  server.RaftServerConfigKeys (ConfUtils.java:logGet(43)) - raft.server.rpc.timeout.min = 5s (custom)
2019-07-12 13:06:46,053 INFO  server.RaftServerConfigKeys (ConfUtils.java:logGet(43)) - raft.server.rpc.timeout.max = 5200ms (custom)
2019-07-12 13:06:46,053 INFO  server.RaftServerConfigKeys (ConfUtils.java:logGet(43)) - raft.server.rpcslowness.timeout = 120s (custom)
2019-07-12 13:06:46,053 INFO  server.RaftServerConfigKeys (ConfUtils.java:logGet(43)) - raft.server.sleep.deviation.threshold = 300 (default)
2019-07-12 13:06:46,054 INFO  server.RaftServerConfigKeys (ConfUtils.java:logGet(43)) - raft.server.log.appender.install.snapshot.enabled = false (custom)
2019-07-12 13:06:46,054 INFO  impl.RaftServerImpl (ServerState.java:<init>(105)) - 042a855c-bb36-408f-8f74-1437a5fe725d:group-8B5FF4A1EB11 ConfigurationManager, init=-1: [042a855c-bb36-408f-8f74-1437a5fe725d:192.168.157.212:43856], old=null, confs=<EMPTY_MAP>
2019-07-12 13:06:46,054 INFO  server.RaftServerConfigKeys (ConfUtils.java:logGet(43)) - raft.server.storage.dir = [/tmp/workdir/hadoop-ozone/integration-test/target/test-dir/MiniOzoneClusterImpl-43ff2e1a-d451-4fff-8786-26b1dea17333/datanode-1/data/ratis] (custom)
2019-07-12 13:06:46,055 INFO  storage.RaftStorageDirectory (RaftStorageDirectory.java:analyzeStorage(246)) - The storage directory /tmp/workdir/hadoop-ozone/integration-test/target/test-dir/MiniOzoneClusterImpl-43ff2e1a-d451-4fff-8786-26b1dea17333/datanode-1/data/ratis/e11acb4e-2a1d-48b5-843c-8b5ff4a1eb11 does not exist. Creating ...
2019-07-12 13:06:46,068 INFO  storage.RaftStorageDirectory (RaftStorageDirectory.java:tryLock(328)) - Lock on /tmp/workdir/hadoop-ozone/integration-test/target/test-dir/MiniOzoneClusterImpl-43ff2e1a-d451-4fff-8786-26b1dea17333/datanode-1/data/ratis/e11acb4e-2a1d-48b5-843c-8b5ff4a1eb11/in_use.lock acquired by nodename 13208@pr-hdds-17356bwxm-3764869708
2019-07-12 13:06:46,081 INFO  storage.RaftStorage (RaftStorage.java:format(72)) - Storage directory /tmp/workdir/hadoop-ozone/integration-test/target/test-dir/MiniOzoneClusterImpl-43ff2e1a-d451-4fff-8786-26b1dea17333/datanode-1/data/ratis/e11acb4e-2a1d-48b5-843c-8b5ff4a1eb11 has been successfully formatted.
2019-07-12 13:06:46,082 INFO  ratis.ContainerStateMachine (ContainerStateMachine.java:loadSnapshot(200)) - The snapshot info is null.Setting the last applied index to:(t:0, i:~)
2019-07-12 13:06:46,082 INFO  server.RaftServerConfigKeys (ConfUtils.java:logGet(43)) - raft.server.leader.election.timeout = 120s (custom)
2019-07-12 13:06:46,082 INFO  server.RaftServerConfigKeys (ConfUtils.java:logGet(43)) - raft.server.log.use.memory = false (default)
2019-07-12 13:06:46,083 INFO  server.RaftServerConfigKeys (ConfUtils.java:logGet(43)) - raft.server.log.purge.gap = 1000000000 (custom)
2019-07-12 13:06:46,083 INFO  server.RaftServerConfigKeys (ConfUtils.java:logGet(43)) - raft.server.log.appender.buffer.byte-limit = 33554432 (custom)
2019-07-12 13:06:46,083 INFO  server.RaftServerConfigKeys (ConfUtils.java:logGet(43)) - raft.server.log.segment.size.max = 1048576 (custom)
2019-07-12 13:06:46,083 INFO  server.RaftServerConfigKeys (ConfUtils.java:logGet(43)) - raft.server.log.segment.cache.num.max = 2 (custom)
2019-07-12 13:06:46,083 INFO  segmented.SegmentedRaftLogWorker (SegmentedRaftLogWorker.java:<init>(172)) - new 042a855c-bb36-408f-8f74-1437a5fe725d-SegmentedRaftLogWorker:Storage Directory /tmp/workdir/hadoop-ozone/integration-test/target/test-dir/MiniOzoneClusterImpl-43ff2e1a-d451-4fff-8786-26b1dea17333/datanode-1/data/ratis/e11acb4e-2a1d-48b5-843c-8b5ff4a1eb11 for RaftStorage:Storage Directory /tmp/workdir/hadoop-ozone/integration-test/target/test-dir/MiniOzoneClusterImpl-43ff2e1a-d451-4fff-8786-26b1dea17333/datanode-1/data/ratis/e11acb4e-2a1d-48b5-843c-8b5ff4a1eb11
2019-07-12 13:06:46,084 INFO  server.RaftServerConfigKeys (ConfUtils.java:logGet(43)) - raft.server.log.queue.byte-limit = 2147483647 (custom)
2019-07-12 13:06:46,084 INFO  server.RaftServerConfigKeys (ConfUtils.java:logGet(43)) - raft.server.log.queue.element-limit = 1024 (custom)
2019-07-12 13:06:46,084 INFO  server.RaftServerConfigKeys (ConfUtils.java:logGet(43)) - raft.server.log.segment.size.max = 1048576 (custom)
2019-07-12 13:06:46,084 INFO  server.RaftServerConfigKeys (ConfUtils.java:logGet(43)) - raft.server.log.preallocated.size = 16384 (custom)
2019-07-12 13:06:46,084 INFO  server.RaftServerConfigKeys (ConfUtils.java:logGet(43)) - raft.server.log.write.buffer.size = 33554432 (custom)
2019-07-12 13:06:46,085 INFO  server.RaftServerConfigKeys (ConfUtils.java:logGet(43)) - raft.server.log.force.sync.num = 128 (default)
2019-07-12 13:06:46,085 INFO  server.RaftServerConfigKeys (ConfUtils.java:logGet(43)) - raft.server.log.statemachine.data.sync = true (default)
2019-07-12 13:06:46,085 INFO  server.RaftServerConfigKeys (ConfUtils.java:logGet(43)) - raft.server.log.statemachine.data.sync.timeout = 10s (default)
2019-07-12 13:06:46,085 INFO  server.RaftServerConfigKeys (ConfUtils.java:logGet(43)) - raft.server.log.statemachine.data.sync.timeout.retry = -1 (default)
2019-07-12 13:06:46,086 INFO  server.RaftServerConfigKeys (ConfUtils.java:logGet(43)) - raft.server.log.statemachine.data.caching.enabled = true (custom)
2019-07-12 13:06:46,086 INFO  segmented.SegmentedRaftLogWorker (SegmentedRaftLogWorker.java:lambda$new$0(132)) - 042a855c-bb36-408f-8f74-1437a5fe725d-SegmentedRaftLogWorker:Storage Directory /tmp/workdir/hadoop-ozone/integration-test/target/test-dir/MiniOzoneClusterImpl-43ff2e1a-d451-4fff-8786-26b1dea17333/datanode-1/data/ratis/e11acb4e-2a1d-48b5-843c-8b5ff4a1eb11: flushIndex: setUnconditionally 0 -> -1
2019-07-12 13:06:46,086 INFO  server.RaftServerConfigKeys (ConfUtils.java:logGet(43)) - raft.server.snapshot.auto.trigger.enabled = true (custom)
2019-07-12 13:06:46,087 INFO  server.RaftServerConfigKeys (ConfUtils.java:logGet(43)) - raft.server.snapshot.auto.trigger.threshold = 10000 (custom)
2019-07-12 13:06:46,087 INFO  server.RaftServerConfigKeys (ConfUtils.java:logGet(43)) - raft.server.retrycache.expirytime = 600000ms (custom)
2019-07-12 13:06:46,087 INFO  impl.RaftServerImpl (RaftServerImpl.java:start(180)) - 042a855c-bb36-408f-8f74-1437a5fe725d: start group-8B5FF4A1EB11
2019-07-12 13:06:46,087 INFO  impl.RaftServerImpl (RaftServerImpl.java:setRole(171)) - 042a855c-bb36-408f-8f74-1437a5fe725d:group-8B5FF4A1EB11 changes role from null to FOLLOWER at term 0 for startAsFollower
2019-07-12 13:06:46,087 INFO  impl.RoleInfo (RoleInfo.java:updateAndGet(143)) - 042a855c-bb36-408f-8f74-1437a5fe725d: start FollowerState
2019-07-12 13:06:46,088 INFO  util.JmxRegister (JmxRegister.java:tryRegister(44)) - Successfully registered JMX Bean with object name Ratis:service=RaftServer,group=group-8B5FF4A1EB11,id=042a855c-bb36-408f-8f74-1437a5fe725d
2019-07-12 13:06:46,097 INFO  pipeline.PipelineStateManager (PipelineStateManager.java:addPipeline(56)) - Created pipeline Pipeline[ Id: e11acb4e-2a1d-48b5-843c-8b5ff4a1eb11, Nodes: 042a855c-bb36-408f-8f74-1437a5fe725d{ip: 192.168.157.212, host: pr-hdds-17356bwxm-3764869708, networkLocation: /default-rack, certSerialId: null}, Type:RATIS, Factor:ONE, State:OPEN]
2019-07-12 13:06:46,264 INFO  ozone.MiniOzoneClusterImpl (MiniOzoneClusterImpl.java:lambda$waitForClusterToBeReady$0(142)) - Waiting for cluster to be ready. Got 2 of 7 DN Heartbeats.
2019-07-12 13:06:46,389 INFO  node.SCMNodeManager (SCMNodeManager.java:register(269)) - Registered Data node : ecffa412-2664-48a9-b233-9cdcdacbb2b9{ip: 192.168.157.212, host: pr-hdds-17356bwxm-3764869708, networkLocation: /default-rack, certSerialId: null}
2019-07-12 13:06:46,411 INFO  impl.RaftServerProxy (RaftServerProxy.java:addNew(89)) - ecffa412-2664-48a9-b233-9cdcdacbb2b9: addNew group-0ABEFC60665D:[ecffa412-2664-48a9-b233-9cdcdacbb2b9:192.168.157.212:45685] returns group-0ABEFC60665D:java.util.concurrent.CompletableFuture@702fc4[Not completed]
2019-07-12 13:06:46,414 INFO  impl.RaftServerImpl (RaftServerImpl.java:<init>(93)) - ecffa412-2664-48a9-b233-9cdcdacbb2b9: new RaftServerImpl for group-0ABEFC60665D:[ecffa412-2664-48a9-b233-9cdcdacbb2b9:192.168.157.212:45685] with ContainerStateMachine:uninitialized
2019-07-12 13:06:46,414 INFO  server.RaftServerConfigKeys (ConfUtils.java:logGet(43)) - raft.server.rpc.timeout.min = 5s (custom)
2019-07-12 13:06:46,414 INFO  server.RaftServerConfigKeys (ConfUtils.java:logGet(43)) - raft.server.rpc.timeout.max = 5200ms (custom)
2019-07-12 13:06:46,414 INFO  server.RaftServerConfigKeys (ConfUtils.java:logGet(43)) - raft.server.rpcslowness.timeout = 120s (custom)
2019-07-12 13:06:46,415 INFO  server.RaftServerConfigKeys (ConfUtils.java:logGet(43)) - raft.server.sleep.deviation.threshold = 300 (default)
2019-07-12 13:06:46,415 INFO  server.RaftServerConfigKeys (ConfUtils.java:logGet(43)) - raft.server.log.appender.install.snapshot.enabled = false (custom)
2019-07-12 13:06:46,415 INFO  impl.RaftServerImpl (ServerState.java:<init>(105)) - ecffa412-2664-48a9-b233-9cdcdacbb2b9:group-0ABEFC60665D ConfigurationManager, init=-1: [ecffa412-2664-48a9-b233-9cdcdacbb2b9:192.168.157.212:45685], old=null, confs=<EMPTY_MAP>
2019-07-12 13:06:46,415 INFO  server.RaftServerConfigKeys (ConfUtils.java:logGet(43)) - raft.server.storage.dir = [/tmp/workdir/hadoop-ozone/integration-test/target/test-dir/MiniOzoneClusterImpl-43ff2e1a-d451-4fff-8786-26b1dea17333/datanode-2/data/ratis] (custom)
2019-07-12 13:06:46,416 INFO  storage.RaftStorageDirectory (RaftStorageDirectory.java:analyzeStorage(246)) - The storage directory /tmp/workdir/hadoop-ozone/integration-test/target/test-dir/MiniOzoneClusterImpl-43ff2e1a-d451-4fff-8786-26b1dea17333/datanode-2/data/ratis/0a63cbca-f0fe-4603-8b1c-0abefc60665d does not exist. Creating ...
2019-07-12 13:06:46,429 INFO  storage.RaftStorageDirectory (RaftStorageDirectory.java:tryLock(328)) - Lock on /tmp/workdir/hadoop-ozone/integration-test/target/test-dir/MiniOzoneClusterImpl-43ff2e1a-d451-4fff-8786-26b1dea17333/datanode-2/data/ratis/0a63cbca-f0fe-4603-8b1c-0abefc60665d/in_use.lock acquired by nodename 13208@pr-hdds-17356bwxm-3764869708
2019-07-12 13:06:46,451 INFO  storage.RaftStorage (RaftStorage.java:format(72)) - Storage directory /tmp/workdir/hadoop-ozone/integration-test/target/test-dir/MiniOzoneClusterImpl-43ff2e1a-d451-4fff-8786-26b1dea17333/datanode-2/data/ratis/0a63cbca-f0fe-4603-8b1c-0abefc60665d has been successfully formatted.
2019-07-12 13:06:46,451 INFO  ratis.ContainerStateMachine (ContainerStateMachine.java:loadSnapshot(200)) - The snapshot info is null.Setting the last applied index to:(t:0, i:~)
2019-07-12 13:06:46,451 INFO  server.RaftServerConfigKeys (ConfUtils.java:logGet(43)) - raft.server.leader.election.timeout = 120s (custom)
2019-07-12 13:06:46,452 INFO  server.RaftServerConfigKeys (ConfUtils.java:logGet(43)) - raft.server.log.use.memory = false (default)
2019-07-12 13:06:46,452 INFO  server.RaftServerConfigKeys (ConfUtils.java:logGet(43)) - raft.server.log.purge.gap = 1000000000 (custom)
2019-07-12 13:06:46,452 INFO  server.RaftServerConfigKeys (ConfUtils.java:logGet(43)) - raft.server.log.appender.buffer.byte-limit = 33554432 (custom)
2019-07-12 13:06:46,452 INFO  server.RaftServerConfigKeys (ConfUtils.java:logGet(43)) - raft.server.log.segment.size.max = 1048576 (custom)
2019-07-12 13:06:46,453 INFO  server.RaftServerConfigKeys (ConfUtils.java:logGet(43)) - raft.server.log.segment.cache.num.max = 2 (custom)
2019-07-12 13:06:46,453 INFO  segmented.SegmentedRaftLogWorker (SegmentedRaftLogWorker.java:<init>(172)) - new ecffa412-2664-48a9-b233-9cdcdacbb2b9-SegmentedRaftLogWorker:Storage Directory /tmp/workdir/hadoop-ozone/integration-test/target/test-dir/MiniOzoneClusterImpl-43ff2e1a-d451-4fff-8786-26b1dea17333/datanode-2/data/ratis/0a63cbca-f0fe-4603-8b1c-0abefc60665d for RaftStorage:Storage Directory /tmp/workdir/hadoop-ozone/integration-test/target/test-dir/MiniOzoneClusterImpl-43ff2e1a-d451-4fff-8786-26b1dea17333/datanode-2/data/ratis/0a63cbca-f0fe-4603-8b1c-0abefc60665d
2019-07-12 13:06:46,453 INFO  server.RaftServerConfigKeys (ConfUtils.java:logGet(43)) - raft.server.log.queue.byte-limit = 2147483647 (custom)
2019-07-12 13:06:46,453 INFO  server.RaftServerConfigKeys (ConfUtils.java:logGet(43)) - raft.server.log.queue.element-limit = 1024 (custom)
2019-07-12 13:06:46,454 INFO  server.RaftServerConfigKeys (ConfUtils.java:logGet(43)) - raft.server.log.segment.size.max = 1048576 (custom)
2019-07-12 13:06:46,454 INFO  server.RaftServerConfigKeys (ConfUtils.java:logGet(43)) - raft.server.log.preallocated.size = 16384 (custom)
2019-07-12 13:06:46,454 INFO  server.RaftServerConfigKeys (ConfUtils.java:logGet(43)) - raft.server.log.write.buffer.size = 33554432 (custom)
2019-07-12 13:06:46,454 INFO  server.RaftServerConfigKeys (ConfUtils.java:logGet(43)) - raft.server.log.force.sync.num = 128 (default)
2019-07-12 13:06:46,454 INFO  server.RaftServerConfigKeys (ConfUtils.java:logGet(43)) - raft.server.log.statemachine.data.sync = true (default)
2019-07-12 13:06:46,454 INFO  server.RaftServerConfigKeys (ConfUtils.java:logGet(43)) - raft.server.log.statemachine.data.sync.timeout = 10s (default)
2019-07-12 13:06:46,455 INFO  server.RaftServerConfigKeys (ConfUtils.java:logGet(43)) - raft.server.log.statemachine.data.sync.timeout.retry = -1 (default)
2019-07-12 13:06:46,455 INFO  server.RaftServerConfigKeys (ConfUtils.java:logGet(43)) - raft.server.log.statemachine.data.caching.enabled = true (custom)
2019-07-12 13:06:46,455 INFO  segmented.SegmentedRaftLogWorker (SegmentedRaftLogWorker.java:lambda$new$0(132)) - ecffa412-2664-48a9-b233-9cdcdacbb2b9-SegmentedRaftLogWorker:Storage Directory /tmp/workdir/hadoop-ozone/integration-test/target/test-dir/MiniOzoneClusterImpl-43ff2e1a-d451-4fff-8786-26b1dea17333/datanode-2/data/ratis/0a63cbca-f0fe-4603-8b1c-0abefc60665d: flushIndex: setUnconditionally 0 -> -1
2019-07-12 13:06:46,456 INFO  server.RaftServerConfigKeys (ConfUtils.java:logGet(43)) - raft.server.snapshot.auto.trigger.enabled = true (custom)
2019-07-12 13:06:46,456 INFO  server.RaftServerConfigKeys (ConfUtils.java:logGet(43)) - raft.server.snapshot.auto.trigger.threshold = 10000 (custom)
2019-07-12 13:06:46,456 INFO  server.RaftServerConfigKeys (ConfUtils.java:logGet(43)) - raft.server.retrycache.expirytime = 600000ms (custom)
2019-07-12 13:06:46,457 INFO  impl.RaftServerImpl (RaftServerImpl.java:start(180)) - ecffa412-2664-48a9-b233-9cdcdacbb2b9: start group-0ABEFC60665D
2019-07-12 13:06:46,457 INFO  impl.RaftServerImpl (RaftServerImpl.java:setRole(171)) - ecffa412-2664-48a9-b233-9cdcdacbb2b9:group-0ABEFC60665D changes role from null to FOLLOWER at term 0 for startAsFollower
2019-07-12 13:06:46,457 INFO  impl.RoleInfo (RoleInfo.java:updateAndGet(143)) - ecffa412-2664-48a9-b233-9cdcdacbb2b9: start FollowerState
2019-07-12 13:06:46,457 INFO  util.JmxRegister (JmxRegister.java:tryRegister(44)) - Successfully registered JMX Bean with object name Ratis:service=RaftServer,group=group-0ABEFC60665D,id=ecffa412-2664-48a9-b233-9cdcdacbb2b9
2019-07-12 13:06:46,466 INFO  pipeline.PipelineStateManager (PipelineStateManager.java:addPipeline(56)) - Created pipeline Pipeline[ Id: 0a63cbca-f0fe-4603-8b1c-0abefc60665d, Nodes: ecffa412-2664-48a9-b233-9cdcdacbb2b9{ip: 192.168.157.212, host: pr-hdds-17356bwxm-3764869708, networkLocation: /default-rack, certSerialId: null}, Type:RATIS, Factor:ONE, State:OPEN]
2019-07-12 13:06:46,506 INFO  impl.RaftServerProxy (RaftServerProxy.java:addNew(89)) - ecffa412-2664-48a9-b233-9cdcdacbb2b9: addNew group-368AFD4248B2:[ecffa412-2664-48a9-b233-9cdcdacbb2b9:192.168.157.212:45685, 5d95a777-d46c-4f4e-a788-35bf385375c9:192.168.157.212:43562, 042a855c-bb36-408f-8f74-1437a5fe725d:192.168.157.212:43856] returns group-368AFD4248B2:java.util.concurrent.CompletableFuture@3ecdc748[Not completed]
2019-07-12 13:06:46,506 INFO  impl.RaftServerProxy (RaftServerProxy.java:addNew(89)) - 042a855c-bb36-408f-8f74-1437a5fe725d: addNew group-368AFD4248B2:[ecffa412-2664-48a9-b233-9cdcdacbb2b9:192.168.157.212:45685, 5d95a777-d46c-4f4e-a788-35bf385375c9:192.168.157.212:43562, 042a855c-bb36-408f-8f74-1437a5fe725d:192.168.157.212:43856] returns group-368AFD4248B2:java.util.concurrent.CompletableFuture@1e700827[Not completed]
2019-07-12 13:06:46,506 INFO  impl.RaftServerProxy (RaftServerProxy.java:addNew(89)) - 5d95a777-d46c-4f4e-a788-35bf385375c9: addNew group-368AFD4248B2:[ecffa412-2664-48a9-b233-9cdcdacbb2b9:192.168.157.212:45685, 5d95a777-d46c-4f4e-a788-35bf385375c9:192.168.157.212:43562, 042a855c-bb36-408f-8f74-1437a5fe725d:192.168.157.212:43856] returns group-368AFD4248B2:java.util.concurrent.CompletableFuture@778e2918[Not completed]
2019-07-12 13:06:46,508 INFO  impl.RaftServerImpl (RaftServerImpl.java:<init>(93)) - ecffa412-2664-48a9-b233-9cdcdacbb2b9: new RaftServerImpl for group-368AFD4248B2:[ecffa412-2664-48a9-b233-9cdcdacbb2b9:192.168.157.212:45685, 5d95a777-d46c-4f4e-a788-35bf385375c9:192.168.157.212:43562, 042a855c-bb36-408f-8f74-1437a5fe725d:192.168.157.212:43856] with ContainerStateMachine:uninitialized
2019-07-12 13:06:46,508 INFO  server.RaftServerConfigKeys (ConfUtils.java:logGet(43)) - raft.server.rpc.timeout.min = 5s (custom)
2019-07-12 13:06:46,509 INFO  server.RaftServerConfigKeys (ConfUtils.java:logGet(43)) - raft.server.rpc.timeout.max = 5200ms (custom)
2019-07-12 13:06:46,509 INFO  server.RaftServerConfigKeys (ConfUtils.java:logGet(43)) - raft.server.rpcslowness.timeout = 120s (custom)
2019-07-12 13:06:46,509 INFO  server.RaftServerConfigKeys (ConfUtils.java:logGet(43)) - raft.server.sleep.deviation.threshold = 300 (default)
2019-07-12 13:06:46,510 INFO  server.RaftServerConfigKeys (ConfUtils.java:logGet(43)) - raft.server.log.appender.install.snapshot.enabled = false (custom)
2019-07-12 13:06:46,510 INFO  impl.RaftServerImpl (RaftServerImpl.java:<init>(93)) - 042a855c-bb36-408f-8f74-1437a5fe725d: new RaftServerImpl for group-368AFD4248B2:[ecffa412-2664-48a9-b233-9cdcdacbb2b9:192.168.157.212:45685, 5d95a777-d46c-4f4e-a788-35bf385375c9:192.168.157.212:43562, 042a855c-bb36-408f-8f74-1437a5fe725d:192.168.157.212:43856] with ContainerStateMachine:uninitialized
2019-07-12 13:06:46,510 INFO  impl.RaftServerImpl (ServerState.java:<init>(105)) - ecffa412-2664-48a9-b233-9cdcdacbb2b9:group-368AFD4248B2 ConfigurationManager, init=-1: [ecffa412-2664-48a9-b233-9cdcdacbb2b9:192.168.157.212:45685, 5d95a777-d46c-4f4e-a788-35bf385375c9:192.168.157.212:43562, 042a855c-bb36-408f-8f74-1437a5fe725d:192.168.157.212:43856], old=null, confs=<EMPTY_MAP>
2019-07-12 13:06:46,510 INFO  server.RaftServerConfigKeys (ConfUtils.java:logGet(43)) - raft.server.rpc.timeout.min = 5s (custom)
2019-07-12 13:06:46,510 INFO  server.RaftServerConfigKeys (ConfUtils.java:logGet(43)) - raft.server.storage.dir = [/tmp/workdir/hadoop-ozone/integration-test/target/test-dir/MiniOzoneClusterImpl-43ff2e1a-d451-4fff-8786-26b1dea17333/datanode-2/data/ratis] (custom)
2019-07-12 13:06:46,510 INFO  server.RaftServerConfigKeys (ConfUtils.java:logGet(43)) - raft.server.rpc.timeout.max = 5200ms (custom)
2019-07-12 13:06:46,510 INFO  impl.RaftServerImpl (RaftServerImpl.java:<init>(93)) - 5d95a777-d46c-4f4e-a788-35bf385375c9: new RaftServerImpl for group-368AFD4248B2:[ecffa412-2664-48a9-b233-9cdcdacbb2b9:192.168.157.212:45685, 5d95a777-d46c-4f4e-a788-35bf385375c9:192.168.157.212:43562, 042a855c-bb36-408f-8f74-1437a5fe725d:192.168.157.212:43856] with ContainerStateMachine:uninitialized
2019-07-12 13:06:46,510 INFO  server.RaftServerConfigKeys (ConfUtils.java:logGet(43)) - raft.server.rpcslowness.timeout = 120s (custom)
2019-07-12 13:06:46,511 INFO  server.RaftServerConfigKeys (ConfUtils.java:logGet(43)) - raft.server.rpc.timeout.min = 5s (custom)
2019-07-12 13:06:46,511 INFO  storage.RaftStorageDirectory (RaftStorageDirectory.java:analyzeStorage(246)) - The storage directory /tmp/workdir/hadoop-ozone/integration-test/target/test-dir/MiniOzoneClusterImpl-43ff2e1a-d451-4fff-8786-26b1dea17333/datanode-2/data/ratis/a1e4e0c3-8a02-4324-81a2-368afd4248b2 does not exist. Creating ...
2019-07-12 13:06:46,511 INFO  server.RaftServerConfigKeys (ConfUtils.java:logGet(43)) - raft.server.rpc.timeout.max = 5200ms (custom)
2019-07-12 13:06:46,511 INFO  server.RaftServerConfigKeys (ConfUtils.java:logGet(43)) - raft.server.sleep.deviation.threshold = 300 (default)
2019-07-12 13:06:46,511 INFO  server.RaftServerConfigKeys (ConfUtils.java:logGet(43)) - raft.server.rpcslowness.timeout = 120s (custom)
2019-07-12 13:06:46,511 INFO  server.RaftServerConfigKeys (ConfUtils.java:logGet(43)) - raft.server.log.appender.install.snapshot.enabled = false (custom)
2019-07-12 13:06:46,512 INFO  server.RaftServerConfigKeys (ConfUtils.java:logGet(43)) - raft.server.sleep.deviation.threshold = 300 (default)
2019-07-12 13:06:46,512 INFO  impl.RaftServerImpl (ServerState.java:<init>(105)) - 042a855c-bb36-408f-8f74-1437a5fe725d:group-368AFD4248B2 ConfigurationManager, init=-1: [ecffa412-2664-48a9-b233-9cdcdacbb2b9:192.168.157.212:45685, 5d95a777-d46c-4f4e-a788-35bf385375c9:192.168.157.212:43562, 042a855c-bb36-408f-8f74-1437a5fe725d:192.168.157.212:43856], old=null, confs=<EMPTY_MAP>
2019-07-12 13:06:46,512 INFO  server.RaftServerConfigKeys (ConfUtils.java:logGet(43)) - raft.server.log.appender.install.snapshot.enabled = false (custom)
2019-07-12 13:06:46,512 INFO  server.RaftServerConfigKeys (ConfUtils.java:logGet(43)) - raft.server.storage.dir = [/tmp/workdir/hadoop-ozone/integration-test/target/test-dir/MiniOzoneClusterImpl-43ff2e1a-d451-4fff-8786-26b1dea17333/datanode-1/data/ratis] (custom)
2019-07-12 13:06:46,512 INFO  impl.RaftServerImpl (ServerState.java:<init>(105)) - 5d95a777-d46c-4f4e-a788-35bf385375c9:group-368AFD4248B2 ConfigurationManager, init=-1: [ecffa412-2664-48a9-b233-9cdcdacbb2b9:192.168.157.212:45685, 5d95a777-d46c-4f4e-a788-35bf385375c9:192.168.157.212:43562, 042a855c-bb36-408f-8f74-1437a5fe725d:192.168.157.212:43856], old=null, confs=<EMPTY_MAP>
2019-07-12 13:06:46,512 INFO  server.RaftServerConfigKeys (ConfUtils.java:logGet(43)) - raft.server.storage.dir = [/tmp/workdir/hadoop-ozone/integration-test/target/test-dir/MiniOzoneClusterImpl-43ff2e1a-d451-4fff-8786-26b1dea17333/datanode-0/data/ratis] (custom)
2019-07-12 13:06:46,513 INFO  storage.RaftStorageDirectory (RaftStorageDirectory.java:analyzeStorage(246)) - The storage directory /tmp/workdir/hadoop-ozone/integration-test/target/test-dir/MiniOzoneClusterImpl-43ff2e1a-d451-4fff-8786-26b1dea17333/datanode-1/data/ratis/a1e4e0c3-8a02-4324-81a2-368afd4248b2 does not exist. Creating ...
2019-07-12 13:06:46,513 INFO  storage.RaftStorageDirectory (RaftStorageDirectory.java:analyzeStorage(246)) - The storage directory /tmp/workdir/hadoop-ozone/integration-test/target/test-dir/MiniOzoneClusterImpl-43ff2e1a-d451-4fff-8786-26b1dea17333/datanode-0/data/ratis/a1e4e0c3-8a02-4324-81a2-368afd4248b2 does not exist. Creating ...
2019-07-12 13:06:46,525 INFO  storage.RaftStorageDirectory (RaftStorageDirectory.java:tryLock(328)) - Lock on /tmp/workdir/hadoop-ozone/integration-test/target/test-dir/MiniOzoneClusterImpl-43ff2e1a-d451-4fff-8786-26b1dea17333/datanode-2/data/ratis/a1e4e0c3-8a02-4324-81a2-368afd4248b2/in_use.lock acquired by nodename 13208@pr-hdds-17356bwxm-3764869708
2019-07-12 13:06:46,525 INFO  storage.RaftStorageDirectory (RaftStorageDirectory.java:tryLock(328)) - Lock on /tmp/workdir/hadoop-ozone/integration-test/target/test-dir/MiniOzoneClusterImpl-43ff2e1a-d451-4fff-8786-26b1dea17333/datanode-0/data/ratis/a1e4e0c3-8a02-4324-81a2-368afd4248b2/in_use.lock acquired by nodename 13208@pr-hdds-17356bwxm-3764869708
2019-07-12 13:06:46,525 INFO  storage.RaftStorageDirectory (RaftStorageDirectory.java:tryLock(328)) - Lock on /tmp/workdir/hadoop-ozone/integration-test/target/test-dir/MiniOzoneClusterImpl-43ff2e1a-d451-4fff-8786-26b1dea17333/datanode-1/data/ratis/a1e4e0c3-8a02-4324-81a2-368afd4248b2/in_use.lock acquired by nodename 13208@pr-hdds-17356bwxm-3764869708
2019-07-12 13:06:46,538 INFO  storage.RaftStorage (RaftStorage.java:format(72)) - Storage directory /tmp/workdir/hadoop-ozone/integration-test/target/test-dir/MiniOzoneClusterImpl-43ff2e1a-d451-4fff-8786-26b1dea17333/datanode-2/data/ratis/a1e4e0c3-8a02-4324-81a2-368afd4248b2 has been successfully formatted.
2019-07-12 13:06:46,538 INFO  storage.RaftStorage (RaftStorage.java:format(72)) - Storage directory /tmp/workdir/hadoop-ozone/integration-test/target/test-dir/MiniOzoneClusterImpl-43ff2e1a-d451-4fff-8786-26b1dea17333/datanode-1/data/ratis/a1e4e0c3-8a02-4324-81a2-368afd4248b2 has been successfully formatted.
2019-07-12 13:06:46,538 INFO  storage.RaftStorage (RaftStorage.java:format(72)) - Storage directory /tmp/workdir/hadoop-ozone/integration-test/target/test-dir/MiniOzoneClusterImpl-43ff2e1a-d451-4fff-8786-26b1dea17333/datanode-0/data/ratis/a1e4e0c3-8a02-4324-81a2-368afd4248b2 has been successfully formatted.
2019-07-12 13:06:46,539 INFO  ratis.ContainerStateMachine (ContainerStateMachine.java:loadSnapshot(200)) - The snapshot info is null.Setting the last applied index to:(t:0, i:~)
2019-07-12 13:06:46,539 INFO  ratis.ContainerStateMachine (ContainerStateMachine.java:loadSnapshot(200)) - The snapshot info is null.Setting the last applied index to:(t:0, i:~)
2019-07-12 13:06:46,539 INFO  server.RaftServerConfigKeys (ConfUtils.java:logGet(43)) - raft.server.leader.election.timeout = 120s (custom)
2019-07-12 13:06:46,539 INFO  ratis.ContainerStateMachine (ContainerStateMachine.java:loadSnapshot(200)) - The snapshot info is null.Setting the last applied index to:(t:0, i:~)
2019-07-12 13:06:46,540 INFO  server.RaftServerConfigKeys (ConfUtils.java:logGet(43)) - raft.server.log.use.memory = false (default)
2019-07-12 13:06:46,539 INFO  server.RaftServerConfigKeys (ConfUtils.java:logGet(43)) - raft.server.leader.election.timeout = 120s (custom)
2019-07-12 13:06:46,540 INFO  server.RaftServerConfigKeys (ConfUtils.java:logGet(43)) - raft.server.log.purge.gap = 1000000000 (custom)
2019-07-12 13:06:46,540 INFO  server.RaftServerConfigKeys (ConfUtils.java:logGet(43)) - raft.server.leader.election.timeout = 120s (custom)
2019-07-12 13:06:46,540 INFO  server.RaftServerConfigKeys (ConfUtils.java:logGet(43)) - raft.server.log.appender.buffer.byte-limit = 33554432 (custom)
2019-07-12 13:06:46,540 INFO  server.RaftServerConfigKeys (ConfUtils.java:logGet(43)) - raft.server.log.use.memory = false (default)
2019-07-12 13:06:46,541 INFO  server.RaftServerConfigKeys (ConfUtils.java:logGet(43)) - raft.server.log.segment.size.max = 1048576 (custom)
2019-07-12 13:06:46,540 INFO  server.RaftServerConfigKeys (ConfUtils.java:logGet(43)) - raft.server.log.use.memory = false (default)
2019-07-12 13:06:46,541 INFO  server.RaftServerConfigKeys (ConfUtils.java:logGet(43)) - raft.server.log.segment.cache.num.max = 2 (custom)
2019-07-12 13:06:46,541 INFO  server.RaftServerConfigKeys (ConfUtils.java:logGet(43)) - raft.server.log.purge.gap = 1000000000 (custom)
2019-07-12 13:06:46,541 INFO  segmented.SegmentedRaftLogWorker (SegmentedRaftLogWorker.java:<init>(172)) - new 042a855c-bb36-408f-8f74-1437a5fe725d-SegmentedRaftLogWorker:Storage Directory /tmp/workdir/hadoop-ozone/integration-test/target/test-dir/MiniOzoneClusterImpl-43ff2e1a-d451-4fff-8786-26b1dea17333/datanode-1/data/ratis/a1e4e0c3-8a02-4324-81a2-368afd4248b2 for RaftStorage:Storage Directory /tmp/workdir/hadoop-ozone/integration-test/target/test-dir/MiniOzoneClusterImpl-43ff2e1a-d451-4fff-8786-26b1dea17333/datanode-1/data/ratis/a1e4e0c3-8a02-4324-81a2-368afd4248b2
2019-07-12 13:06:46,541 INFO  server.RaftServerConfigKeys (ConfUtils.java:logGet(43)) - raft.server.log.purge.gap = 1000000000 (custom)
2019-07-12 13:06:46,542 INFO  server.RaftServerConfigKeys (ConfUtils.java:logGet(43)) - raft.server.log.queue.byte-limit = 2147483647 (custom)
2019-07-12 13:06:46,542 INFO  server.RaftServerConfigKeys (ConfUtils.java:logGet(43)) - raft.server.log.appender.buffer.byte-limit = 33554432 (custom)
2019-07-12 13:06:46,571 INFO  server.RaftServerConfigKeys (ConfUtils.java:logGet(43)) - raft.server.log.queue.element-limit = 1024 (custom)
2019-07-12 13:06:46,542 INFO  server.RaftServerConfigKeys (ConfUtils.java:logGet(43)) - raft.server.log.appender.buffer.byte-limit = 33554432 (custom)
2019-07-12 13:06:46,572 INFO  server.RaftServerConfigKeys (ConfUtils.java:logGet(43)) - raft.server.log.segment.size.max = 1048576 (custom)
2019-07-12 13:06:46,572 INFO  server.RaftServerConfigKeys (ConfUtils.java:logGet(43)) - raft.server.log.segment.size.max = 1048576 (custom)
2019-07-12 13:06:46,572 INFO  server.RaftServerConfigKeys (ConfUtils.java:logGet(43)) - raft.server.log.preallocated.size = 16384 (custom)
2019-07-12 13:06:46,573 INFO  server.RaftServerConfigKeys (ConfUtils.java:logGet(43)) - raft.server.log.write.buffer.size = 33554432 (custom)
2019-07-12 13:06:46,572 INFO  server.RaftServerConfigKeys (ConfUtils.java:logGet(43)) - raft.server.log.segment.size.max = 1048576 (custom)
2019-07-12 13:06:46,573 INFO  server.RaftServerConfigKeys (ConfUtils.java:logGet(43)) - raft.server.log.force.sync.num = 128 (default)
2019-07-12 13:06:46,573 INFO  server.RaftServerConfigKeys (ConfUtils.java:logGet(43)) - raft.server.log.statemachine.data.sync = true (default)
2019-07-12 13:06:46,573 INFO  server.RaftServerConfigKeys (ConfUtils.java:logGet(43)) - raft.server.log.statemachine.data.sync.timeout = 10s (default)
2019-07-12 13:06:46,574 INFO  server.RaftServerConfigKeys (ConfUtils.java:logGet(43)) - raft.server.log.statemachine.data.sync.timeout.retry = -1 (default)
2019-07-12 13:06:46,572 INFO  server.RaftServerConfigKeys (ConfUtils.java:logGet(43)) - raft.server.log.segment.cache.num.max = 2 (custom)
2019-07-12 13:06:46,574 INFO  server.RaftServerConfigKeys (ConfUtils.java:logGet(43)) - raft.server.log.statemachine.data.caching.enabled = true (custom)
2019-07-12 13:06:46,573 INFO  server.RaftServerConfigKeys (ConfUtils.java:logGet(43)) - raft.server.log.segment.cache.num.max = 2 (custom)
2019-07-12 13:06:46,574 INFO  segmented.SegmentedRaftLogWorker (SegmentedRaftLogWorker.java:<init>(172)) - new ecffa412-2664-48a9-b233-9cdcdacbb2b9-SegmentedRaftLogWorker:Storage Directory /tmp/workdir/hadoop-ozone/integration-test/target/test-dir/MiniOzoneClusterImpl-43ff2e1a-d451-4fff-8786-26b1dea17333/datanode-2/data/ratis/a1e4e0c3-8a02-4324-81a2-368afd4248b2 for RaftStorage:Storage Directory /tmp/workdir/hadoop-ozone/integration-test/target/test-dir/MiniOzoneClusterImpl-43ff2e1a-d451-4fff-8786-26b1dea17333/datanode-2/data/ratis/a1e4e0c3-8a02-4324-81a2-368afd4248b2
2019-07-12 13:06:46,574 INFO  segmented.SegmentedRaftLogWorker (SegmentedRaftLogWorker.java:lambda$new$0(132)) - 042a855c-bb36-408f-8f74-1437a5fe725d-SegmentedRaftLogWorker:Storage Directory /tmp/workdir/hadoop-ozone/integration-test/target/test-dir/MiniOzoneClusterImpl-43ff2e1a-d451-4fff-8786-26b1dea17333/datanode-1/data/ratis/a1e4e0c3-8a02-4324-81a2-368afd4248b2: flushIndex: setUnconditionally 0 -> -1
2019-07-12 13:06:46,574 INFO  segmented.SegmentedRaftLogWorker (SegmentedRaftLogWorker.java:<init>(172)) - new 5d95a777-d46c-4f4e-a788-35bf385375c9-SegmentedRaftLogWorker:Storage Directory /tmp/workdir/hadoop-ozone/integration-test/target/test-dir/MiniOzoneClusterImpl-43ff2e1a-d451-4fff-8786-26b1dea17333/datanode-0/data/ratis/a1e4e0c3-8a02-4324-81a2-368afd4248b2 for RaftStorage:Storage Directory /tmp/workdir/hadoop-ozone/integration-test/target/test-dir/MiniOzoneClusterImpl-43ff2e1a-d451-4fff-8786-26b1dea17333/datanode-0/data/ratis/a1e4e0c3-8a02-4324-81a2-368afd4248b2
2019-07-12 13:06:46,575 INFO  server.RaftServerConfigKeys (ConfUtils.java:logGet(43)) - raft.server.log.queue.byte-limit = 2147483647 (custom)
2019-07-12 13:06:46,575 INFO  server.RaftServerConfigKeys (ConfUtils.java:logGet(43)) - raft.server.snapshot.auto.trigger.enabled = true (custom)
2019-07-12 13:06:46,575 INFO  server.RaftServerConfigKeys (ConfUtils.java:logGet(43)) - raft.server.log.queue.byte-limit = 2147483647 (custom)
2019-07-12 13:06:46,575 INFO  server.RaftServerConfigKeys (ConfUtils.java:logGet(43)) - raft.server.snapshot.auto.trigger.threshold = 10000 (custom)
2019-07-12 13:06:46,575 INFO  server.RaftServerConfigKeys (ConfUtils.java:logGet(43)) - raft.server.log.queue.element-limit = 1024 (custom)
2019-07-12 13:06:46,576 INFO  server.RaftServerConfigKeys (ConfUtils.java:logGet(43)) - raft.server.retrycache.expirytime = 600000ms (custom)
2019-07-12 13:06:46,575 INFO  server.RaftServerConfigKeys (ConfUtils.java:logGet(43)) - raft.server.log.queue.element-limit = 1024 (custom)
2019-07-12 13:06:46,576 INFO  impl.RaftServerImpl (RaftServerImpl.java:start(180)) - 042a855c-bb36-408f-8f74-1437a5fe725d: start group-368AFD4248B2
2019-07-12 13:06:46,576 INFO  server.RaftServerConfigKeys (ConfUtils.java:logGet(43)) - raft.server.log.segment.size.max = 1048576 (custom)
2019-07-12 13:06:46,576 INFO  impl.RaftServerImpl (RaftServerImpl.java:setRole(171)) - 042a855c-bb36-408f-8f74-1437a5fe725d:group-368AFD4248B2 changes role from null to FOLLOWER at term 0 for startAsFollower
2019-07-12 13:06:46,576 INFO  server.RaftServerConfigKeys (ConfUtils.java:logGet(43)) - raft.server.log.segment.size.max = 1048576 (custom)
2019-07-12 13:06:46,577 INFO  impl.RoleInfo (RoleInfo.java:updateAndGet(143)) - 042a855c-bb36-408f-8f74-1437a5fe725d: start FollowerState
2019-07-12 13:06:46,577 INFO  server.RaftServerConfigKeys (ConfUtils.java:logGet(43)) - raft.server.log.preallocated.size = 16384 (custom)
2019-07-12 13:06:46,577 INFO  server.RaftServerConfigKeys (ConfUtils.java:logGet(43)) - raft.server.log.preallocated.size = 16384 (custom)
2019-07-12 13:06:46,577 INFO  server.RaftServerConfigKeys (ConfUtils.java:logGet(43)) - raft.server.log.write.buffer.size = 33554432 (custom)
2019-07-12 13:06:46,578 INFO  util.JmxRegister (JmxRegister.java:tryRegister(44)) - Successfully registered JMX Bean with object name Ratis:service=RaftServer,group=group-368AFD4248B2,id=042a855c-bb36-408f-8f74-1437a5fe725d
2019-07-12 13:06:46,578 INFO  server.RaftServerConfigKeys (ConfUtils.java:logGet(43)) - raft.server.log.write.buffer.size = 33554432 (custom)
2019-07-12 13:06:46,578 INFO  server.RaftServerConfigKeys (ConfUtils.java:logGet(43)) - raft.server.log.force.sync.num = 128 (default)
2019-07-12 13:06:46,578 INFO  server.RaftServerConfigKeys (ConfUtils.java:logGet(43)) - raft.server.log.force.sync.num = 128 (default)
2019-07-12 13:06:46,578 INFO  server.RaftServerConfigKeys (ConfUtils.java:logGet(43)) - raft.server.log.statemachine.data.sync = true (default)
2019-07-12 13:06:46,578 INFO  server.RaftServerConfigKeys (ConfUtils.java:logGet(43)) - raft.server.log.statemachine.data.sync = true (default)
2019-07-12 13:06:46,579 INFO  server.RaftServerConfigKeys (ConfUtils.java:logGet(43)) - raft.server.log.statemachine.data.sync.timeout = 10s (default)
2019-07-12 13:06:46,579 INFO  server.RaftServerConfigKeys (ConfUtils.java:logGet(43)) - raft.server.log.statemachine.data.sync.timeout = 10s (default)
2019-07-12 13:06:46,579 INFO  server.RaftServerConfigKeys (ConfUtils.java:logGet(43)) - raft.server.log.statemachine.data.sync.timeout.retry = -1 (default)
2019-07-12 13:06:46,579 INFO  server.RaftServerConfigKeys (ConfUtils.java:logGet(43)) - raft.server.log.statemachine.data.sync.timeout.retry = -1 (default)
2019-07-12 13:06:46,579 INFO  server.RaftServerConfigKeys (ConfUtils.java:logGet(43)) - raft.server.log.statemachine.data.caching.enabled = true (custom)
2019-07-12 13:06:46,580 INFO  server.RaftServerConfigKeys (ConfUtils.java:logGet(43)) - raft.server.log.statemachine.data.caching.enabled = true (custom)
2019-07-12 13:06:46,580 INFO  segmented.SegmentedRaftLogWorker (SegmentedRaftLogWorker.java:lambda$new$0(132)) - 5d95a777-d46c-4f4e-a788-35bf385375c9-SegmentedRaftLogWorker:Storage Directory /tmp/workdir/hadoop-ozone/integration-test/target/test-dir/MiniOzoneClusterImpl-43ff2e1a-d451-4fff-8786-26b1dea17333/datanode-0/data/ratis/a1e4e0c3-8a02-4324-81a2-368afd4248b2: flushIndex: setUnconditionally 0 -> -1
2019-07-12 13:06:46,580 INFO  segmented.SegmentedRaftLogWorker (SegmentedRaftLogWorker.java:lambda$new$0(132)) - ecffa412-2664-48a9-b233-9cdcdacbb2b9-SegmentedRaftLogWorker:Storage Directory /tmp/workdir/hadoop-ozone/integration-test/target/test-dir/MiniOzoneClusterImpl-43ff2e1a-d451-4fff-8786-26b1dea17333/datanode-2/data/ratis/a1e4e0c3-8a02-4324-81a2-368afd4248b2: flushIndex: setUnconditionally 0 -> -1
2019-07-12 13:06:46,586 INFO  server.RaftServerConfigKeys (ConfUtils.java:logGet(43)) - raft.server.snapshot.auto.trigger.enabled = true (custom)
2019-07-12 13:06:46,586 INFO  server.RaftServerConfigKeys (ConfUtils.java:logGet(43)) - raft.server.snapshot.auto.trigger.enabled = true (custom)
2019-07-12 13:06:46,586 INFO  server.RaftServerConfigKeys (ConfUtils.java:logGet(43)) - raft.server.snapshot.auto.trigger.threshold = 10000 (custom)
2019-07-12 13:06:46,586 INFO  server.RaftServerConfigKeys (ConfUtils.java:logGet(43)) - raft.server.snapshot.auto.trigger.threshold = 10000 (custom)
2019-07-12 13:06:46,586 INFO  server.RaftServerConfigKeys (ConfUtils.java:logGet(43)) - raft.server.retrycache.expirytime = 600000ms (custom)
2019-07-12 13:06:46,587 INFO  server.RaftServerConfigKeys (ConfUtils.java:logGet(43)) - raft.server.retrycache.expirytime = 600000ms (custom)
2019-07-12 13:06:46,587 INFO  impl.RaftServerImpl (RaftServerImpl.java:start(180)) - ecffa412-2664-48a9-b233-9cdcdacbb2b9: start group-368AFD4248B2
2019-07-12 13:06:46,587 INFO  impl.RaftServerImpl (RaftServerImpl.java:start(180)) - 5d95a777-d46c-4f4e-a788-35bf385375c9: start group-368AFD4248B2
2019-07-12 13:06:46,587 INFO  impl.RaftServerImpl (RaftServerImpl.java:setRole(171)) - ecffa412-2664-48a9-b233-9cdcdacbb2b9:group-368AFD4248B2 changes role from null to FOLLOWER at term 0 for startAsFollower
2019-07-12 13:06:46,587 INFO  impl.RaftServerImpl (RaftServerImpl.java:setRole(171)) - 5d95a777-d46c-4f4e-a788-35bf385375c9:group-368AFD4248B2 changes role from null to FOLLOWER at term 0 for startAsFollower
2019-07-12 13:06:46,587 INFO  impl.RoleInfo (RoleInfo.java:updateAndGet(143)) - ecffa412-2664-48a9-b233-9cdcdacbb2b9: start FollowerState
2019-07-12 13:06:46,587 INFO  impl.RoleInfo (RoleInfo.java:updateAndGet(143)) - 5d95a777-d46c-4f4e-a788-35bf385375c9: start FollowerState
2019-07-12 13:06:46,588 INFO  util.JmxRegister (JmxRegister.java:tryRegister(44)) - Successfully registered JMX Bean with object name Ratis:service=RaftServer,group=group-368AFD4248B2,id=ecffa412-2664-48a9-b233-9cdcdacbb2b9
2019-07-12 13:06:46,588 INFO  util.JmxRegister (JmxRegister.java:tryRegister(44)) - Successfully registered JMX Bean with object name Ratis:service=RaftServer,group=group-368AFD4248B2,id=5d95a777-d46c-4f4e-a788-35bf385375c9
2019-07-12 13:06:46,596 INFO  pipeline.PipelineStateManager (PipelineStateManager.java:addPipeline(56)) - Created pipeline Pipeline[ Id: a1e4e0c3-8a02-4324-81a2-368afd4248b2, Nodes: 5d95a777-d46c-4f4e-a788-35bf385375c9{ip: 192.168.157.212, host: pr-hdds-17356bwxm-3764869708, networkLocation: /default-rack, certSerialId: null}ecffa412-2664-48a9-b233-9cdcdacbb2b9{ip: 192.168.157.212, host: pr-hdds-17356bwxm-3764869708, networkLocation: /default-rack, certSerialId: null}042a855c-bb36-408f-8f74-1437a5fe725d{ip: 192.168.157.212, host: pr-hdds-17356bwxm-3764869708, networkLocation: /default-rack, certSerialId: null}, Type:RATIS, Factor:THREE, State:OPEN]
2019-07-12 13:06:46,653 INFO  node.SCMNodeManager (SCMNodeManager.java:register(269)) - Registered Data node : a295cf8a-0a50-48b3-937d-b7c35fbfbb93{ip: 192.168.157.212, host: pr-hdds-17356bwxm-3764869708, networkLocation: /default-rack, certSerialId: null}
2019-07-12 13:06:46,673 INFO  impl.RaftServerProxy (RaftServerProxy.java:addNew(89)) - a295cf8a-0a50-48b3-937d-b7c35fbfbb93: addNew group-B72F8401B422:[a295cf8a-0a50-48b3-937d-b7c35fbfbb93:192.168.157.212:39592] returns group-B72F8401B422:java.util.concurrent.CompletableFuture@8dd136e[Not completed]
2019-07-12 13:06:46,674 INFO  impl.RaftServerImpl (RaftServerImpl.java:<init>(93)) - a295cf8a-0a50-48b3-937d-b7c35fbfbb93: new RaftServerImpl for group-B72F8401B422:[a295cf8a-0a50-48b3-937d-b7c35fbfbb93:192.168.157.212:39592] with ContainerStateMachine:uninitialized
2019-07-12 13:06:46,674 INFO  server.RaftServerConfigKeys (ConfUtils.java:logGet(43)) - raft.server.rpc.timeout.min = 5s (custom)
2019-07-12 13:06:46,674 INFO  server.RaftServerConfigKeys (ConfUtils.java:logGet(43)) - raft.server.rpc.timeout.max = 5200ms (custom)
2019-07-12 13:06:46,675 INFO  server.RaftServerConfigKeys (ConfUtils.java:logGet(43)) - raft.server.rpcslowness.timeout = 120s (custom)
2019-07-12 13:06:46,675 INFO  server.RaftServerConfigKeys (ConfUtils.java:logGet(43)) - raft.server.sleep.deviation.threshold = 300 (default)
2019-07-12 13:06:46,675 INFO  server.RaftServerConfigKeys (ConfUtils.java:logGet(43)) - raft.server.log.appender.install.snapshot.enabled = false (custom)
2019-07-12 13:06:46,675 INFO  impl.RaftServerImpl (ServerState.java:<init>(105)) - a295cf8a-0a50-48b3-937d-b7c35fbfbb93:group-B72F8401B422 ConfigurationManager, init=-1: [a295cf8a-0a50-48b3-937d-b7c35fbfbb93:192.168.157.212:39592], old=null, confs=<EMPTY_MAP>
2019-07-12 13:06:46,675 INFO  server.RaftServerConfigKeys (ConfUtils.java:logGet(43)) - raft.server.storage.dir = [/tmp/workdir/hadoop-ozone/integration-test/target/test-dir/MiniOzoneClusterImpl-43ff2e1a-d451-4fff-8786-26b1dea17333/datanode-3/data/ratis] (custom)
2019-07-12 13:06:46,676 INFO  storage.RaftStorageDirectory (RaftStorageDirectory.java:analyzeStorage(246)) - The storage directory /tmp/workdir/hadoop-ozone/integration-test/target/test-dir/MiniOzoneClusterImpl-43ff2e1a-d451-4fff-8786-26b1dea17333/datanode-3/data/ratis/b0497d3c-2a2f-473b-8257-b72f8401b422 does not exist. Creating ...
2019-07-12 13:06:46,689 INFO  storage.RaftStorageDirectory (RaftStorageDirectory.java:tryLock(328)) - Lock on /tmp/workdir/hadoop-ozone/integration-test/target/test-dir/MiniOzoneClusterImpl-43ff2e1a-d451-4fff-8786-26b1dea17333/datanode-3/data/ratis/b0497d3c-2a2f-473b-8257-b72f8401b422/in_use.lock acquired by nodename 13208@pr-hdds-17356bwxm-3764869708
2019-07-12 13:06:46,702 INFO  storage.RaftStorage (RaftStorage.java:format(72)) - Storage directory /tmp/workdir/hadoop-ozone/integration-test/target/test-dir/MiniOzoneClusterImpl-43ff2e1a-d451-4fff-8786-26b1dea17333/datanode-3/data/ratis/b0497d3c-2a2f-473b-8257-b72f8401b422 has been successfully formatted.
2019-07-12 13:06:46,703 INFO  ratis.ContainerStateMachine (ContainerStateMachine.java:loadSnapshot(200)) - The snapshot info is null.Setting the last applied index to:(t:0, i:~)
2019-07-12 13:06:46,703 INFO  server.RaftServerConfigKeys (ConfUtils.java:logGet(43)) - raft.server.leader.election.timeout = 120s (custom)
2019-07-12 13:06:46,703 INFO  server.RaftServerConfigKeys (ConfUtils.java:logGet(43)) - raft.server.log.use.memory = false (default)
2019-07-12 13:06:46,703 INFO  server.RaftServerConfigKeys (ConfUtils.java:logGet(43)) - raft.server.log.purge.gap = 1000000000 (custom)
2019-07-12 13:06:46,703 INFO  server.RaftServerConfigKeys (ConfUtils.java:logGet(43)) - raft.server.log.appender.buffer.byte-limit = 33554432 (custom)
2019-07-12 13:06:46,704 INFO  server.RaftServerConfigKeys (ConfUtils.java:logGet(43)) - raft.server.log.segment.size.max = 1048576 (custom)
2019-07-12 13:06:46,704 INFO  server.RaftServerConfigKeys (ConfUtils.java:logGet(43)) - raft.server.log.segment.cache.num.max = 2 (custom)
2019-07-12 13:06:46,704 INFO  segmented.SegmentedRaftLogWorker (SegmentedRaftLogWorker.java:<init>(172)) - new a295cf8a-0a50-48b3-937d-b7c35fbfbb93-SegmentedRaftLogWorker:Storage Directory /tmp/workdir/hadoop-ozone/integration-test/target/test-dir/MiniOzoneClusterImpl-43ff2e1a-d451-4fff-8786-26b1dea17333/datanode-3/data/ratis/b0497d3c-2a2f-473b-8257-b72f8401b422 for RaftStorage:Storage Directory /tmp/workdir/hadoop-ozone/integration-test/target/test-dir/MiniOzoneClusterImpl-43ff2e1a-d451-4fff-8786-26b1dea17333/datanode-3/data/ratis/b0497d3c-2a2f-473b-8257-b72f8401b422
2019-07-12 13:06:46,704 INFO  server.RaftServerConfigKeys (ConfUtils.java:logGet(43)) - raft.server.log.queue.byte-limit = 2147483647 (custom)
2019-07-12 13:06:46,704 INFO  server.RaftServerConfigKeys (ConfUtils.java:logGet(43)) - raft.server.log.queue.element-limit = 1024 (custom)
2019-07-12 13:06:46,705 INFO  server.RaftServerConfigKeys (ConfUtils.java:logGet(43)) - raft.server.log.segment.size.max = 1048576 (custom)
2019-07-12 13:06:46,705 INFO  server.RaftServerConfigKeys (ConfUtils.java:logGet(43)) - raft.server.log.preallocated.size = 16384 (custom)
2019-07-12 13:06:46,705 INFO  server.RaftServerConfigKeys (ConfUtils.java:logGet(43)) - raft.server.log.write.buffer.size = 33554432 (custom)
2019-07-12 13:06:46,705 INFO  server.RaftServerConfigKeys (ConfUtils.java:logGet(43)) - raft.server.log.force.sync.num = 128 (default)
2019-07-12 13:06:46,705 INFO  server.RaftServerConfigKeys (ConfUtils.java:logGet(43)) - raft.server.log.statemachine.data.sync = true (default)
2019-07-12 13:06:46,705 INFO  server.RaftServerConfigKeys (ConfUtils.java:logGet(43)) - raft.server.log.statemachine.data.sync.timeout = 10s (default)
2019-07-12 13:06:46,706 INFO  server.RaftServerConfigKeys (ConfUtils.java:logGet(43)) - raft.server.log.statemachine.data.sync.timeout.retry = -1 (default)
2019-07-12 13:06:46,706 INFO  server.RaftServerConfigKeys (ConfUtils.java:logGet(43)) - raft.server.log.statemachine.data.caching.enabled = true (custom)
2019-07-12 13:06:46,706 INFO  segmented.SegmentedRaftLogWorker (SegmentedRaftLogWorker.java:lambda$new$0(132)) - a295cf8a-0a50-48b3-937d-b7c35fbfbb93-SegmentedRaftLogWorker:Storage Directory /tmp/workdir/hadoop-ozone/integration-test/target/test-dir/MiniOzoneClusterImpl-43ff2e1a-d451-4fff-8786-26b1dea17333/datanode-3/data/ratis/b0497d3c-2a2f-473b-8257-b72f8401b422: flushIndex: setUnconditionally 0 -> -1
2019-07-12 13:06:46,707 INFO  server.RaftServerConfigKeys (ConfUtils.java:logGet(43)) - raft.server.snapshot.auto.trigger.enabled = true (custom)
2019-07-12 13:06:46,707 INFO  server.RaftServerConfigKeys (ConfUtils.java:logGet(43)) - raft.server.snapshot.auto.trigger.threshold = 10000 (custom)
2019-07-12 13:06:46,707 INFO  server.RaftServerConfigKeys (ConfUtils.java:logGet(43)) - raft.server.retrycache.expirytime = 600000ms (custom)
2019-07-12 13:06:46,707 INFO  impl.RaftServerImpl (RaftServerImpl.java:start(180)) - a295cf8a-0a50-48b3-937d-b7c35fbfbb93: start group-B72F8401B422
2019-07-12 13:06:46,707 INFO  impl.RaftServerImpl (RaftServerImpl.java:setRole(171)) - a295cf8a-0a50-48b3-937d-b7c35fbfbb93:group-B72F8401B422 changes role from null to FOLLOWER at term 0 for startAsFollower
2019-07-12 13:06:46,708 INFO  impl.RoleInfo (RoleInfo.java:updateAndGet(143)) - a295cf8a-0a50-48b3-937d-b7c35fbfbb93: start FollowerState
2019-07-12 13:06:46,726 INFO  util.JmxRegister (JmxRegister.java:tryRegister(44)) - Successfully registered JMX Bean with object name Ratis:service=RaftServer,group=group-B72F8401B422,id=a295cf8a-0a50-48b3-937d-b7c35fbfbb93
2019-07-12 13:06:46,749 INFO  pipeline.PipelineStateManager (PipelineStateManager.java:addPipeline(56)) - Created pipeline Pipeline[ Id: b0497d3c-2a2f-473b-8257-b72f8401b422, Nodes: a295cf8a-0a50-48b3-937d-b7c35fbfbb93{ip: 192.168.157.212, host: pr-hdds-17356bwxm-3764869708, networkLocation: /default-rack, certSerialId: null}, Type:RATIS, Factor:ONE, State:OPEN]
2019-07-12 13:06:46,823 INFO  node.SCMNodeManager (SCMNodeManager.java:register(269)) - Registered Data node : 521f64dd-1c56-4694-83ad-013d739122c0{ip: 192.168.157.212, host: pr-hdds-17356bwxm-3764869708, networkLocation: /default-rack, certSerialId: null}
2019-07-12 13:06:46,849 INFO  impl.RaftServerProxy (RaftServerProxy.java:addNew(89)) - 521f64dd-1c56-4694-83ad-013d739122c0: addNew group-93B03A393867:[521f64dd-1c56-4694-83ad-013d739122c0:192.168.157.212:34881] returns group-93B03A393867:java.util.concurrent.CompletableFuture@61633848[Not completed]
2019-07-12 13:06:46,850 INFO  impl.RaftServerImpl (RaftServerImpl.java:<init>(93)) - 521f64dd-1c56-4694-83ad-013d739122c0: new RaftServerImpl for group-93B03A393867:[521f64dd-1c56-4694-83ad-013d739122c0:192.168.157.212:34881] with ContainerStateMachine:uninitialized
2019-07-12 13:06:46,850 INFO  server.RaftServerConfigKeys (ConfUtils.java:logGet(43)) - raft.server.rpc.timeout.min = 5s (custom)
2019-07-12 13:06:46,850 INFO  server.RaftServerConfigKeys (ConfUtils.java:logGet(43)) - raft.server.rpc.timeout.max = 5200ms (custom)
2019-07-12 13:06:46,851 INFO  server.RaftServerConfigKeys (ConfUtils.java:logGet(43)) - raft.server.rpcslowness.timeout = 120s (custom)
2019-07-12 13:06:46,851 INFO  server.RaftServerConfigKeys (ConfUtils.java:logGet(43)) - raft.server.sleep.deviation.threshold = 300 (default)
2019-07-12 13:06:46,851 INFO  server.RaftServerConfigKeys (ConfUtils.java:logGet(43)) - raft.server.log.appender.install.snapshot.enabled = false (custom)
2019-07-12 13:06:46,851 INFO  impl.RaftServerImpl (ServerState.java:<init>(105)) - 521f64dd-1c56-4694-83ad-013d739122c0:group-93B03A393867 ConfigurationManager, init=-1: [521f64dd-1c56-4694-83ad-013d739122c0:192.168.157.212:34881], old=null, confs=<EMPTY_MAP>
2019-07-12 13:06:46,851 INFO  server.RaftServerConfigKeys (ConfUtils.java:logGet(43)) - raft.server.storage.dir = [/tmp/workdir/hadoop-ozone/integration-test/target/test-dir/MiniOzoneClusterImpl-43ff2e1a-d451-4fff-8786-26b1dea17333/datanode-4/data/ratis] (custom)
2019-07-12 13:06:46,852 INFO  storage.RaftStorageDirectory (RaftStorageDirectory.java:analyzeStorage(246)) - The storage directory /tmp/workdir/hadoop-ozone/integration-test/target/test-dir/MiniOzoneClusterImpl-43ff2e1a-d451-4fff-8786-26b1dea17333/datanode-4/data/ratis/249fd010-94a2-4f2f-bdb0-93b03a393867 does not exist. Creating ...
2019-07-12 13:06:46,865 INFO  storage.RaftStorageDirectory (RaftStorageDirectory.java:tryLock(328)) - Lock on /tmp/workdir/hadoop-ozone/integration-test/target/test-dir/MiniOzoneClusterImpl-43ff2e1a-d451-4fff-8786-26b1dea17333/datanode-4/data/ratis/249fd010-94a2-4f2f-bdb0-93b03a393867/in_use.lock acquired by nodename 13208@pr-hdds-17356bwxm-3764869708
2019-07-12 13:06:46,884 INFO  storage.RaftStorage (RaftStorage.java:format(72)) - Storage directory /tmp/workdir/hadoop-ozone/integration-test/target/test-dir/MiniOzoneClusterImpl-43ff2e1a-d451-4fff-8786-26b1dea17333/datanode-4/data/ratis/249fd010-94a2-4f2f-bdb0-93b03a393867 has been successfully formatted.
2019-07-12 13:06:46,884 INFO  ratis.ContainerStateMachine (ContainerStateMachine.java:loadSnapshot(200)) - The snapshot info is null.Setting the last applied index to:(t:0, i:~)
2019-07-12 13:06:46,884 INFO  server.RaftServerConfigKeys (ConfUtils.java:logGet(43)) - raft.server.leader.election.timeout = 120s (custom)
2019-07-12 13:06:46,884 INFO  server.RaftServerConfigKeys (ConfUtils.java:logGet(43)) - raft.server.log.use.memory = false (default)
2019-07-12 13:06:46,885 INFO  server.RaftServerConfigKeys (ConfUtils.java:logGet(43)) - raft.server.log.purge.gap = 1000000000 (custom)
2019-07-12 13:06:46,885 INFO  server.RaftServerConfigKeys (ConfUtils.java:logGet(43)) - raft.server.log.appender.buffer.byte-limit = 33554432 (custom)
2019-07-12 13:06:46,885 INFO  server.RaftServerConfigKeys (ConfUtils.java:logGet(43)) - raft.server.log.segment.size.max = 1048576 (custom)
2019-07-12 13:06:46,885 INFO  server.RaftServerConfigKeys (ConfUtils.java:logGet(43)) - raft.server.log.segment.cache.num.max = 2 (custom)
2019-07-12 13:06:46,885 INFO  segmented.SegmentedRaftLogWorker (SegmentedRaftLogWorker.java:<init>(172)) - new 521f64dd-1c56-4694-83ad-013d739122c0-SegmentedRaftLogWorker:Storage Directory /tmp/workdir/hadoop-ozone/integration-test/target/test-dir/MiniOzoneClusterImpl-43ff2e1a-d451-4fff-8786-26b1dea17333/datanode-4/data/ratis/249fd010-94a2-4f2f-bdb0-93b03a393867 for RaftStorage:Storage Directory /tmp/workdir/hadoop-ozone/integration-test/target/test-dir/MiniOzoneClusterImpl-43ff2e1a-d451-4fff-8786-26b1dea17333/datanode-4/data/ratis/249fd010-94a2-4f2f-bdb0-93b03a393867
2019-07-12 13:06:46,885 INFO  server.RaftServerConfigKeys (ConfUtils.java:logGet(43)) - raft.server.log.queue.byte-limit = 2147483647 (custom)
2019-07-12 13:06:46,886 INFO  server.RaftServerConfigKeys (ConfUtils.java:logGet(43)) - raft.server.log.queue.element-limit = 1024 (custom)
2019-07-12 13:06:46,886 INFO  server.RaftServerConfigKeys (ConfUtils.java:logGet(43)) - raft.server.log.segment.size.max = 1048576 (custom)
2019-07-12 13:06:46,886 INFO  server.RaftServerConfigKeys (ConfUtils.java:logGet(43)) - raft.server.log.preallocated.size = 16384 (custom)
2019-07-12 13:06:46,886 INFO  server.RaftServerConfigKeys (ConfUtils.java:logGet(43)) - raft.server.log.write.buffer.size = 33554432 (custom)
2019-07-12 13:06:46,886 INFO  server.RaftServerConfigKeys (ConfUtils.java:logGet(43)) - raft.server.log.force.sync.num = 128 (default)
2019-07-12 13:06:46,886 INFO  server.RaftServerConfigKeys (ConfUtils.java:logGet(43)) - raft.server.log.statemachine.data.sync = true (default)
2019-07-12 13:06:46,887 INFO  server.RaftServerConfigKeys (ConfUtils.java:logGet(43)) - raft.server.log.statemachine.data.sync.timeout = 10s (default)
2019-07-12 13:06:46,887 INFO  server.RaftServerConfigKeys (ConfUtils.java:logGet(43)) - raft.server.log.statemachine.data.sync.timeout.retry = -1 (default)
2019-07-12 13:06:46,887 INFO  server.RaftServerConfigKeys (ConfUtils.java:logGet(43)) - raft.server.log.statemachine.data.caching.enabled = true (custom)
2019-07-12 13:06:46,887 INFO  segmented.SegmentedRaftLogWorker (SegmentedRaftLogWorker.java:lambda$new$0(132)) - 521f64dd-1c56-4694-83ad-013d739122c0-SegmentedRaftLogWorker:Storage Directory /tmp/workdir/hadoop-ozone/integration-test/target/test-dir/MiniOzoneClusterImpl-43ff2e1a-d451-4fff-8786-26b1dea17333/datanode-4/data/ratis/249fd010-94a2-4f2f-bdb0-93b03a393867: flushIndex: setUnconditionally 0 -> -1
2019-07-12 13:06:46,888 INFO  server.RaftServerConfigKeys (ConfUtils.java:logGet(43)) - raft.server.snapshot.auto.trigger.enabled = true (custom)
2019-07-12 13:06:46,888 INFO  server.RaftServerConfigKeys (ConfUtils.java:logGet(43)) - raft.server.snapshot.auto.trigger.threshold = 10000 (custom)
2019-07-12 13:06:46,888 INFO  server.RaftServerConfigKeys (ConfUtils.java:logGet(43)) - raft.server.retrycache.expirytime = 600000ms (custom)
2019-07-12 13:06:46,888 INFO  impl.RaftServerImpl (RaftServerImpl.java:start(180)) - 521f64dd-1c56-4694-83ad-013d739122c0: start group-93B03A393867
2019-07-12 13:06:46,888 INFO  impl.RaftServerImpl (RaftServerImpl.java:setRole(171)) - 521f64dd-1c56-4694-83ad-013d739122c0:group-93B03A393867 changes role from null to FOLLOWER at term 0 for startAsFollower
2019-07-12 13:06:46,889 INFO  impl.RoleInfo (RoleInfo.java:updateAndGet(143)) - 521f64dd-1c56-4694-83ad-013d739122c0: start FollowerState
2019-07-12 13:06:46,889 INFO  util.JmxRegister (JmxRegister.java:tryRegister(44)) - Successfully registered JMX Bean with object name Ratis:service=RaftServer,group=group-93B03A393867,id=521f64dd-1c56-4694-83ad-013d739122c0
2019-07-12 13:06:46,896 INFO  pipeline.PipelineStateManager (PipelineStateManager.java:addPipeline(56)) - Created pipeline Pipeline[ Id: 249fd010-94a2-4f2f-bdb0-93b03a393867, Nodes: 521f64dd-1c56-4694-83ad-013d739122c0{ip: 192.168.157.212, host: pr-hdds-17356bwxm-3764869708, networkLocation: /default-rack, certSerialId: null}, Type:RATIS, Factor:ONE, State:OPEN]
2019-07-12 13:06:47,008 INFO  node.SCMNodeManager (SCMNodeManager.java:register(269)) - Registered Data node : 2ae406f2-d8c0-40b7-934c-1ed505d852ac{ip: 192.168.157.212, host: pr-hdds-17356bwxm-3764869708, networkLocation: /default-rack, certSerialId: null}
2019-07-12 13:06:47,028 INFO  impl.RaftServerProxy (RaftServerProxy.java:addNew(89)) - 2ae406f2-d8c0-40b7-934c-1ed505d852ac: addNew group-AEC765135081:[2ae406f2-d8c0-40b7-934c-1ed505d852ac:192.168.157.212:33376] returns group-AEC765135081:java.util.concurrent.CompletableFuture@57d3d5da[Not completed]
2019-07-12 13:06:47,030 INFO  impl.RaftServerImpl (RaftServerImpl.java:<init>(93)) - 2ae406f2-d8c0-40b7-934c-1ed505d852ac: new RaftServerImpl for group-AEC765135081:[2ae406f2-d8c0-40b7-934c-1ed505d852ac:192.168.157.212:33376] with ContainerStateMachine:uninitialized
2019-07-12 13:06:47,030 INFO  server.RaftServerConfigKeys (ConfUtils.java:logGet(43)) - raft.server.rpc.timeout.min = 5s (custom)
2019-07-12 13:06:47,031 INFO  server.RaftServerConfigKeys (ConfUtils.java:logGet(43)) - raft.server.rpc.timeout.max = 5200ms (custom)
2019-07-12 13:06:47,031 INFO  server.RaftServerConfigKeys (ConfUtils.java:logGet(43)) - raft.server.rpcslowness.timeout = 120s (custom)
2019-07-12 13:06:47,031 INFO  server.RaftServerConfigKeys (ConfUtils.java:logGet(43)) - raft.server.sleep.deviation.threshold = 300 (default)
2019-07-12 13:06:47,031 INFO  server.RaftServerConfigKeys (ConfUtils.java:logGet(43)) - raft.server.log.appender.install.snapshot.enabled = false (custom)
2019-07-12 13:06:47,031 INFO  impl.RaftServerImpl (ServerState.java:<init>(105)) - 2ae406f2-d8c0-40b7-934c-1ed505d852ac:group-AEC765135081 ConfigurationManager, init=-1: [2ae406f2-d8c0-40b7-934c-1ed505d852ac:192.168.157.212:33376], old=null, confs=<EMPTY_MAP>
2019-07-12 13:06:47,032 INFO  server.RaftServerConfigKeys (ConfUtils.java:logGet(43)) - raft.server.storage.dir = [/tmp/workdir/hadoop-ozone/integration-test/target/test-dir/MiniOzoneClusterImpl-43ff2e1a-d451-4fff-8786-26b1dea17333/datanode-5/data/ratis] (custom)
2019-07-12 13:06:47,032 INFO  storage.RaftStorageDirectory (RaftStorageDirectory.java:analyzeStorage(246)) - The storage directory /tmp/workdir/hadoop-ozone/integration-test/target/test-dir/MiniOzoneClusterImpl-43ff2e1a-d451-4fff-8786-26b1dea17333/datanode-5/data/ratis/6474ae0c-7bc0-441d-b914-aec765135081 does not exist. Creating ...
2019-07-12 13:06:47,056 INFO  storage.RaftStorageDirectory (RaftStorageDirectory.java:tryLock(328)) - Lock on /tmp/workdir/hadoop-ozone/integration-test/target/test-dir/MiniOzoneClusterImpl-43ff2e1a-d451-4fff-8786-26b1dea17333/datanode-5/data/ratis/6474ae0c-7bc0-441d-b914-aec765135081/in_use.lock acquired by nodename 13208@pr-hdds-17356bwxm-3764869708
2019-07-12 13:06:47,069 INFO  storage.RaftStorage (RaftStorage.java:format(72)) - Storage directory /tmp/workdir/hadoop-ozone/integration-test/target/test-dir/MiniOzoneClusterImpl-43ff2e1a-d451-4fff-8786-26b1dea17333/datanode-5/data/ratis/6474ae0c-7bc0-441d-b914-aec765135081 has been successfully formatted.
2019-07-12 13:06:47,070 INFO  ratis.ContainerStateMachine (ContainerStateMachine.java:loadSnapshot(200)) - The snapshot info is null.Setting the last applied index to:(t:0, i:~)
2019-07-12 13:06:47,070 INFO  server.RaftServerConfigKeys (ConfUtils.java:logGet(43)) - raft.server.leader.election.timeout = 120s (custom)
2019-07-12 13:06:47,070 INFO  server.RaftServerConfigKeys (ConfUtils.java:logGet(43)) - raft.server.log.use.memory = false (default)
2019-07-12 13:06:47,070 INFO  server.RaftServerConfigKeys (ConfUtils.java:logGet(43)) - raft.server.log.purge.gap = 1000000000 (custom)
2019-07-12 13:06:47,070 INFO  server.RaftServerConfigKeys (ConfUtils.java:logGet(43)) - raft.server.log.appender.buffer.byte-limit = 33554432 (custom)
2019-07-12 13:06:47,071 INFO  server.RaftServerConfigKeys (ConfUtils.java:logGet(43)) - raft.server.log.segment.size.max = 1048576 (custom)
2019-07-12 13:06:47,071 INFO  server.RaftServerConfigKeys (ConfUtils.java:logGet(43)) - raft.server.log.segment.cache.num.max = 2 (custom)
2019-07-12 13:06:47,071 INFO  segmented.SegmentedRaftLogWorker (SegmentedRaftLogWorker.java:<init>(172)) - new 2ae406f2-d8c0-40b7-934c-1ed505d852ac-SegmentedRaftLogWorker:Storage Directory /tmp/workdir/hadoop-ozone/integration-test/target/test-dir/MiniOzoneClusterImpl-43ff2e1a-d451-4fff-8786-26b1dea17333/datanode-5/data/ratis/6474ae0c-7bc0-441d-b914-aec765135081 for RaftStorage:Storage Directory /tmp/workdir/hadoop-ozone/integration-test/target/test-dir/MiniOzoneClusterImpl-43ff2e1a-d451-4fff-8786-26b1dea17333/datanode-5/data/ratis/6474ae0c-7bc0-441d-b914-aec765135081
2019-07-12 13:06:47,071 INFO  server.RaftServerConfigKeys (ConfUtils.java:logGet(43)) - raft.server.log.queue.byte-limit = 2147483647 (custom)
2019-07-12 13:06:47,071 INFO  server.RaftServerConfigKeys (ConfUtils.java:logGet(43)) - raft.server.log.queue.element-limit = 1024 (custom)
2019-07-12 13:06:47,072 INFO  server.RaftServerConfigKeys (ConfUtils.java:logGet(43)) - raft.server.log.segment.size.max = 1048576 (custom)
2019-07-12 13:06:47,072 INFO  server.RaftServerConfigKeys (ConfUtils.java:logGet(43)) - raft.server.log.preallocated.size = 16384 (custom)
2019-07-12 13:06:47,072 INFO  server.RaftServerConfigKeys (ConfUtils.java:logGet(43)) - raft.server.log.write.buffer.size = 33554432 (custom)
2019-07-12 13:06:47,072 INFO  server.RaftServerConfigKeys (ConfUtils.java:logGet(43)) - raft.server.log.force.sync.num = 128 (default)
2019-07-12 13:06:47,072 INFO  server.RaftServerConfigKeys (ConfUtils.java:logGet(43)) - raft.server.log.statemachine.data.sync = true (default)
2019-07-12 13:06:47,073 INFO  server.RaftServerConfigKeys (ConfUtils.java:logGet(43)) - raft.server.log.statemachine.data.sync.timeout = 10s (default)
2019-07-12 13:06:47,073 INFO  server.RaftServerConfigKeys (ConfUtils.java:logGet(43)) - raft.server.log.statemachine.data.sync.timeout.retry = -1 (default)
2019-07-12 13:06:47,073 INFO  server.RaftServerConfigKeys (ConfUtils.java:logGet(43)) - raft.server.log.statemachine.data.caching.enabled = true (custom)
2019-07-12 13:06:47,078 INFO  segmented.SegmentedRaftLogWorker (SegmentedRaftLogWorker.java:lambda$new$0(132)) - 2ae406f2-d8c0-40b7-934c-1ed505d852ac-SegmentedRaftLogWorker:Storage Directory /tmp/workdir/hadoop-ozone/integration-test/target/test-dir/MiniOzoneClusterImpl-43ff2e1a-d451-4fff-8786-26b1dea17333/datanode-5/data/ratis/6474ae0c-7bc0-441d-b914-aec765135081: flushIndex: setUnconditionally 0 -> -1
2019-07-12 13:06:47,079 INFO  server.RaftServerConfigKeys (ConfUtils.java:logGet(43)) - raft.server.snapshot.auto.trigger.enabled = true (custom)
2019-07-12 13:06:47,079 INFO  server.RaftServerConfigKeys (ConfUtils.java:logGet(43)) - raft.server.snapshot.auto.trigger.threshold = 10000 (custom)
2019-07-12 13:06:47,079 INFO  server.RaftServerConfigKeys (ConfUtils.java:logGet(43)) - raft.server.retrycache.expirytime = 600000ms (custom)
2019-07-12 13:06:47,080 INFO  impl.RaftServerImpl (RaftServerImpl.java:start(180)) - 2ae406f2-d8c0-40b7-934c-1ed505d852ac: start group-AEC765135081
2019-07-12 13:06:47,080 INFO  impl.RaftServerImpl (RaftServerImpl.java:setRole(171)) - 2ae406f2-d8c0-40b7-934c-1ed505d852ac:group-AEC765135081 changes role from null to FOLLOWER at term 0 for startAsFollower
2019-07-12 13:06:47,080 INFO  impl.RoleInfo (RoleInfo.java:updateAndGet(143)) - 2ae406f2-d8c0-40b7-934c-1ed505d852ac: start FollowerState
2019-07-12 13:06:47,080 INFO  util.JmxRegister (JmxRegister.java:tryRegister(44)) - Successfully registered JMX Bean with object name Ratis:service=RaftServer,group=group-AEC765135081,id=2ae406f2-d8c0-40b7-934c-1ed505d852ac
2019-07-12 13:06:47,088 INFO  pipeline.PipelineStateManager (PipelineStateManager.java:addPipeline(56)) - Created pipeline Pipeline[ Id: 6474ae0c-7bc0-441d-b914-aec765135081, Nodes: 2ae406f2-d8c0-40b7-934c-1ed505d852ac{ip: 192.168.157.212, host: pr-hdds-17356bwxm-3764869708, networkLocation: /default-rack, certSerialId: null}, Type:RATIS, Factor:ONE, State:OPEN]
2019-07-12 13:06:47,157 INFO  impl.RaftServerProxy (RaftServerProxy.java:addNew(89)) - 2ae406f2-d8c0-40b7-934c-1ed505d852ac: addNew group-DAC3B0FA972B:[a295cf8a-0a50-48b3-937d-b7c35fbfbb93:192.168.157.212:39592, 521f64dd-1c56-4694-83ad-013d739122c0:192.168.157.212:34881, 2ae406f2-d8c0-40b7-934c-1ed505d852ac:192.168.157.212:33376] returns group-DAC3B0FA972B:java.util.concurrent.CompletableFuture@2dfd40e2[Not completed]
2019-07-12 13:06:47,157 INFO  impl.RaftServerProxy (RaftServerProxy.java:addNew(89)) - a295cf8a-0a50-48b3-937d-b7c35fbfbb93: addNew group-DAC3B0FA972B:[a295cf8a-0a50-48b3-937d-b7c35fbfbb93:192.168.157.212:39592, 521f64dd-1c56-4694-83ad-013d739122c0:192.168.157.212:34881, 2ae406f2-d8c0-40b7-934c-1ed505d852ac:192.168.157.212:33376] returns group-DAC3B0FA972B:java.util.concurrent.CompletableFuture@5c2b2feb[Not completed]
2019-07-12 13:06:47,157 INFO  impl.RaftServerProxy (RaftServerProxy.java:addNew(89)) - 521f64dd-1c56-4694-83ad-013d739122c0: addNew group-DAC3B0FA972B:[a295cf8a-0a50-48b3-937d-b7c35fbfbb93:192.168.157.212:39592, 521f64dd-1c56-4694-83ad-013d739122c0:192.168.157.212:34881, 2ae406f2-d8c0-40b7-934c-1ed505d852ac:192.168.157.212:33376] returns group-DAC3B0FA972B:java.util.concurrent.CompletableFuture@66d94c1[Not completed]
2019-07-12 13:06:47,159 INFO  impl.RaftServerImpl (RaftServerImpl.java:<init>(93)) - 2ae406f2-d8c0-40b7-934c-1ed505d852ac: new RaftServerImpl for group-DAC3B0FA972B:[a295cf8a-0a50-48b3-937d-b7c35fbfbb93:192.168.157.212:39592, 521f64dd-1c56-4694-83ad-013d739122c0:192.168.157.212:34881, 2ae406f2-d8c0-40b7-934c-1ed505d852ac:192.168.157.212:33376] with ContainerStateMachine:uninitialized
2019-07-12 13:06:47,160 INFO  server.RaftServerConfigKeys (ConfUtils.java:logGet(43)) - raft.server.rpc.timeout.min = 5s (custom)
2019-07-12 13:06:47,160 INFO  server.RaftServerConfigKeys (ConfUtils.java:logGet(43)) - raft.server.rpc.timeout.max = 5200ms (custom)
2019-07-12 13:06:47,160 INFO  server.RaftServerConfigKeys (ConfUtils.java:logGet(43)) - raft.server.rpcslowness.timeout = 120s (custom)
2019-07-12 13:06:47,160 INFO  server.RaftServerConfigKeys (ConfUtils.java:logGet(43)) - raft.server.sleep.deviation.threshold = 300 (default)
2019-07-12 13:06:47,160 INFO  server.RaftServerConfigKeys (ConfUtils.java:logGet(43)) - raft.server.log.appender.install.snapshot.enabled = false (custom)
2019-07-12 13:06:47,160 INFO  impl.RaftServerImpl (RaftServerImpl.java:<init>(93)) - 521f64dd-1c56-4694-83ad-013d739122c0: new RaftServerImpl for group-DAC3B0FA972B:[a295cf8a-0a50-48b3-937d-b7c35fbfbb93:192.168.157.212:39592, 521f64dd-1c56-4694-83ad-013d739122c0:192.168.157.212:34881, 2ae406f2-d8c0-40b7-934c-1ed505d852ac:192.168.157.212:33376] with ContainerStateMachine:uninitialized
2019-07-12 13:06:47,161 INFO  impl.RaftServerImpl (ServerState.java:<init>(105)) - 2ae406f2-d8c0-40b7-934c-1ed505d852ac:group-DAC3B0FA972B ConfigurationManager, init=-1: [a295cf8a-0a50-48b3-937d-b7c35fbfbb93:192.168.157.212:39592, 521f64dd-1c56-4694-83ad-013d739122c0:192.168.157.212:34881, 2ae406f2-d8c0-40b7-934c-1ed505d852ac:192.168.157.212:33376], old=null, confs=<EMPTY_MAP>
2019-07-12 13:06:47,161 INFO  server.RaftServerConfigKeys (ConfUtils.java:logGet(43)) - raft.server.rpc.timeout.min = 5s (custom)
2019-07-12 13:06:47,161 INFO  server.RaftServerConfigKeys (ConfUtils.java:logGet(43)) - raft.server.storage.dir = [/tmp/workdir/hadoop-ozone/integration-test/target/test-dir/MiniOzoneClusterImpl-43ff2e1a-d451-4fff-8786-26b1dea17333/datanode-5/data/ratis] (custom)
2019-07-12 13:06:47,161 INFO  server.RaftServerConfigKeys (ConfUtils.java:logGet(43)) - raft.server.rpc.timeout.max = 5200ms (custom)
2019-07-12 13:06:47,161 INFO  impl.RaftServerImpl (RaftServerImpl.java:<init>(93)) - a295cf8a-0a50-48b3-937d-b7c35fbfbb93: new RaftServerImpl for group-DAC3B0FA972B:[a295cf8a-0a50-48b3-937d-b7c35fbfbb93:192.168.157.212:39592, 521f64dd-1c56-4694-83ad-013d739122c0:192.168.157.212:34881, 2ae406f2-d8c0-40b7-934c-1ed505d852ac:192.168.157.212:33376] with ContainerStateMachine:uninitialized
2019-07-12 13:06:47,161 INFO  server.RaftServerConfigKeys (ConfUtils.java:logGet(43)) - raft.server.rpcslowness.timeout = 120s (custom)
2019-07-12 13:06:47,162 INFO  server.RaftServerConfigKeys (ConfUtils.java:logGet(43)) - raft.server.rpc.timeout.min = 5s (custom)
2019-07-12 13:06:47,162 INFO  storage.RaftStorageDirectory (RaftStorageDirectory.java:analyzeStorage(246)) - The storage directory /tmp/workdir/hadoop-ozone/integration-test/target/test-dir/MiniOzoneClusterImpl-43ff2e1a-d451-4fff-8786-26b1dea17333/datanode-5/data/ratis/fbca7a49-a7a8-4af8-8233-dac3b0fa972b does not exist. Creating ...
2019-07-12 13:06:47,162 INFO  server.RaftServerConfigKeys (ConfUtils.java:logGet(43)) - raft.server.rpc.timeout.max = 5200ms (custom)
2019-07-12 13:06:47,162 INFO  server.RaftServerConfigKeys (ConfUtils.java:logGet(43)) - raft.server.sleep.deviation.threshold = 300 (default)
2019-07-12 13:06:47,162 INFO  server.RaftServerConfigKeys (ConfUtils.java:logGet(43)) - raft.server.rpcslowness.timeout = 120s (custom)
2019-07-12 13:06:47,162 INFO  server.RaftServerConfigKeys (ConfUtils.java:logGet(43)) - raft.server.log.appender.install.snapshot.enabled = false (custom)
2019-07-12 13:06:47,163 INFO  server.RaftServerConfigKeys (ConfUtils.java:logGet(43)) - raft.server.sleep.deviation.threshold = 300 (default)
2019-07-12 13:06:47,163 INFO  impl.RaftServerImpl (ServerState.java:<init>(105)) - 521f64dd-1c56-4694-83ad-013d739122c0:group-DAC3B0FA972B ConfigurationManager, init=-1: [a295cf8a-0a50-48b3-937d-b7c35fbfbb93:192.168.157.212:39592, 521f64dd-1c56-4694-83ad-013d739122c0:192.168.157.212:34881, 2ae406f2-d8c0-40b7-934c-1ed505d852ac:192.168.157.212:33376], old=null, confs=<EMPTY_MAP>
2019-07-12 13:06:47,163 INFO  server.RaftServerConfigKeys (ConfUtils.java:logGet(43)) - raft.server.log.appender.install.snapshot.enabled = false (custom)
2019-07-12 13:06:47,163 INFO  server.RaftServerConfigKeys (ConfUtils.java:logGet(43)) - raft.server.storage.dir = [/tmp/workdir/hadoop-ozone/integration-test/target/test-dir/MiniOzoneClusterImpl-43ff2e1a-d451-4fff-8786-26b1dea17333/datanode-4/data/ratis] (custom)
2019-07-12 13:06:47,163 INFO  impl.RaftServerImpl (ServerState.java:<init>(105)) - a295cf8a-0a50-48b3-937d-b7c35fbfbb93:group-DAC3B0FA972B ConfigurationManager, init=-1: [a295cf8a-0a50-48b3-937d-b7c35fbfbb93:192.168.157.212:39592, 521f64dd-1c56-4694-83ad-013d739122c0:192.168.157.212:34881, 2ae406f2-d8c0-40b7-934c-1ed505d852ac:192.168.157.212:33376], old=null, confs=<EMPTY_MAP>
2019-07-12 13:06:47,164 INFO  server.RaftServerConfigKeys (ConfUtils.java:logGet(43)) - raft.server.storage.dir = [/tmp/workdir/hadoop-ozone/integration-test/target/test-dir/MiniOzoneClusterImpl-43ff2e1a-d451-4fff-8786-26b1dea17333/datanode-3/data/ratis] (custom)
2019-07-12 13:06:47,164 INFO  storage.RaftStorageDirectory (RaftStorageDirectory.java:analyzeStorage(246)) - The storage directory /tmp/workdir/hadoop-ozone/integration-test/target/test-dir/MiniOzoneClusterImpl-43ff2e1a-d451-4fff-8786-26b1dea17333/datanode-4/data/ratis/fbca7a49-a7a8-4af8-8233-dac3b0fa972b does not exist. Creating ...
2019-07-12 13:06:47,164 INFO  storage.RaftStorageDirectory (RaftStorageDirectory.java:analyzeStorage(246)) - The storage directory /tmp/workdir/hadoop-ozone/integration-test/target/test-dir/MiniOzoneClusterImpl-43ff2e1a-d451-4fff-8786-26b1dea17333/datanode-3/data/ratis/fbca7a49-a7a8-4af8-8233-dac3b0fa972b does not exist. Creating ...
2019-07-12 13:06:47,188 INFO  storage.RaftStorageDirectory (RaftStorageDirectory.java:tryLock(328)) - Lock on /tmp/workdir/hadoop-ozone/integration-test/target/test-dir/MiniOzoneClusterImpl-43ff2e1a-d451-4fff-8786-26b1dea17333/datanode-5/data/ratis/fbca7a49-a7a8-4af8-8233-dac3b0fa972b/in_use.lock acquired by nodename 13208@pr-hdds-17356bwxm-3764869708
2019-07-12 13:06:47,188 INFO  storage.RaftStorageDirectory (RaftStorageDirectory.java:tryLock(328)) - Lock on /tmp/workdir/hadoop-ozone/integration-test/target/test-dir/MiniOzoneClusterImpl-43ff2e1a-d451-4fff-8786-26b1dea17333/datanode-4/data/ratis/fbca7a49-a7a8-4af8-8233-dac3b0fa972b/in_use.lock acquired by nodename 13208@pr-hdds-17356bwxm-3764869708
2019-07-12 13:06:47,188 INFO  storage.RaftStorageDirectory (RaftStorageDirectory.java:tryLock(328)) - Lock on /tmp/workdir/hadoop-ozone/integration-test/target/test-dir/MiniOzoneClusterImpl-43ff2e1a-d451-4fff-8786-26b1dea17333/datanode-3/data/ratis/fbca7a49-a7a8-4af8-8233-dac3b0fa972b/in_use.lock acquired by nodename 13208@pr-hdds-17356bwxm-3764869708
2019-07-12 13:06:47,202 INFO  storage.RaftStorage (RaftStorage.java:format(72)) - Storage directory /tmp/workdir/hadoop-ozone/integration-test/target/test-dir/MiniOzoneClusterImpl-43ff2e1a-d451-4fff-8786-26b1dea17333/datanode-5/data/ratis/fbca7a49-a7a8-4af8-8233-dac3b0fa972b has been successfully formatted.
2019-07-12 13:06:47,202 INFO  storage.RaftStorage (RaftStorage.java:format(72)) - Storage directory /tmp/workdir/hadoop-ozone/integration-test/target/test-dir/MiniOzoneClusterImpl-43ff2e1a-d451-4fff-8786-26b1dea17333/datanode-3/data/ratis/fbca7a49-a7a8-4af8-8233-dac3b0fa972b has been successfully formatted.
2019-07-12 13:06:47,202 INFO  storage.RaftStorage (RaftStorage.java:format(72)) - Storage directory /tmp/workdir/hadoop-ozone/integration-test/target/test-dir/MiniOzoneClusterImpl-43ff2e1a-d451-4fff-8786-26b1dea17333/datanode-4/data/ratis/fbca7a49-a7a8-4af8-8233-dac3b0fa972b has been successfully formatted.
2019-07-12 13:06:47,202 INFO  ratis.ContainerStateMachine (ContainerStateMachine.java:loadSnapshot(200)) - The snapshot info is null.Setting the last applied index to:(t:0, i:~)
2019-07-12 13:06:47,203 INFO  ratis.ContainerStateMachine (ContainerStateMachine.java:loadSnapshot(200)) - The snapshot info is null.Setting the last applied index to:(t:0, i:~)
2019-07-12 13:06:47,202 INFO  ratis.ContainerStateMachine (ContainerStateMachine.java:loadSnapshot(200)) - The snapshot info is null.Setting the last applied index to:(t:0, i:~)
2019-07-12 13:06:47,203 INFO  server.RaftServerConfigKeys (ConfUtils.java:logGet(43)) - raft.server.leader.election.timeout = 120s (custom)
2019-07-12 13:06:47,203 INFO  server.RaftServerConfigKeys (ConfUtils.java:logGet(43)) - raft.server.leader.election.timeout = 120s (custom)
2019-07-12 13:06:47,203 INFO  server.RaftServerConfigKeys (ConfUtils.java:logGet(43)) - raft.server.log.use.memory = false (default)
2019-07-12 13:06:47,203 INFO  server.RaftServerConfigKeys (ConfUtils.java:logGet(43)) - raft.server.leader.election.timeout = 120s (custom)
2019-07-12 13:06:47,204 INFO  server.RaftServerConfigKeys (ConfUtils.java:logGet(43)) - raft.server.log.purge.gap = 1000000000 (custom)
2019-07-12 13:06:47,203 INFO  server.RaftServerConfigKeys (ConfUtils.java:logGet(43)) - raft.server.log.use.memory = false (default)
2019-07-12 13:06:47,204 INFO  server.RaftServerConfigKeys (ConfUtils.java:logGet(43)) - raft.server.log.appender.buffer.byte-limit = 33554432 (custom)
2019-07-12 13:06:47,204 INFO  server.RaftServerConfigKeys (ConfUtils.java:logGet(43)) - raft.server.log.use.memory = false (default)
2019-07-12 13:06:47,204 INFO  server.RaftServerConfigKeys (ConfUtils.java:logGet(43)) - raft.server.log.segment.size.max = 1048576 (custom)
2019-07-12 13:06:47,204 INFO  server.RaftServerConfigKeys (ConfUtils.java:logGet(43)) - raft.server.log.purge.gap = 1000000000 (custom)
2019-07-12 13:06:47,205 INFO  server.RaftServerConfigKeys (ConfUtils.java:logGet(43)) - raft.server.log.segment.cache.num.max = 2 (custom)
2019-07-12 13:06:47,204 INFO  server.RaftServerConfigKeys (ConfUtils.java:logGet(43)) - raft.server.log.purge.gap = 1000000000 (custom)
2019-07-12 13:06:47,205 INFO  segmented.SegmentedRaftLogWorker (SegmentedRaftLogWorker.java:<init>(172)) - new 521f64dd-1c56-4694-83ad-013d739122c0-SegmentedRaftLogWorker:Storage Directory /tmp/workdir/hadoop-ozone/integration-test/target/test-dir/MiniOzoneClusterImpl-43ff2e1a-d451-4fff-8786-26b1dea17333/datanode-4/data/ratis/fbca7a49-a7a8-4af8-8233-dac3b0fa972b for RaftStorage:Storage Directory /tmp/workdir/hadoop-ozone/integration-test/target/test-dir/MiniOzoneClusterImpl-43ff2e1a-d451-4fff-8786-26b1dea17333/datanode-4/data/ratis/fbca7a49-a7a8-4af8-8233-dac3b0fa972b
2019-07-12 13:06:47,205 INFO  server.RaftServerConfigKeys (ConfUtils.java:logGet(43)) - raft.server.log.appender.buffer.byte-limit = 33554432 (custom)
2019-07-12 13:06:47,205 INFO  server.RaftServerConfigKeys (ConfUtils.java:logGet(43)) - raft.server.log.queue.byte-limit = 2147483647 (custom)
2019-07-12 13:06:47,205 INFO  server.RaftServerConfigKeys (ConfUtils.java:logGet(43)) - raft.server.log.appender.buffer.byte-limit = 33554432 (custom)
2019-07-12 13:06:47,206 INFO  server.RaftServerConfigKeys (ConfUtils.java:logGet(43)) - raft.server.log.queue.element-limit = 1024 (custom)
2019-07-12 13:06:47,205 INFO  server.RaftServerConfigKeys (ConfUtils.java:logGet(43)) - raft.server.log.segment.size.max = 1048576 (custom)
2019-07-12 13:06:47,206 INFO  server.RaftServerConfigKeys (ConfUtils.java:logGet(43)) - raft.server.log.segment.size.max = 1048576 (custom)
2019-07-12 13:06:47,206 INFO  server.RaftServerConfigKeys (ConfUtils.java:logGet(43)) - raft.server.log.segment.size.max = 1048576 (custom)
2019-07-12 13:06:47,206 INFO  server.RaftServerConfigKeys (ConfUtils.java:logGet(43)) - raft.server.log.preallocated.size = 16384 (custom)
2019-07-12 13:06:47,206 INFO  server.RaftServerConfigKeys (ConfUtils.java:logGet(43)) - raft.server.log.segment.cache.num.max = 2 (custom)
2019-07-12 13:06:47,207 INFO  server.RaftServerConfigKeys (ConfUtils.java:logGet(43)) - raft.server.log.write.buffer.size = 33554432 (custom)
2019-07-12 13:06:47,207 INFO  server.RaftServerConfigKeys (ConfUtils.java:logGet(43)) - raft.server.log.segment.cache.num.max = 2 (custom)
2019-07-12 13:06:47,207 INFO  server.RaftServerConfigKeys (ConfUtils.java:logGet(43)) - raft.server.log.force.sync.num = 128 (default)
2019-07-12 13:06:47,207 INFO  segmented.SegmentedRaftLogWorker (SegmentedRaftLogWorker.java:<init>(172)) - new 2ae406f2-d8c0-40b7-934c-1ed505d852ac-SegmentedRaftLogWorker:Storage Directory /tmp/workdir/hadoop-ozone/integration-test/target/test-dir/MiniOzoneClusterImpl-43ff2e1a-d451-4fff-8786-26b1dea17333/datanode-5/data/ratis/fbca7a49-a7a8-4af8-8233-dac3b0fa972b for RaftStorage:Storage Directory /tmp/workdir/hadoop-ozone/integration-test/target/test-dir/MiniOzoneClusterImpl-43ff2e1a-d451-4fff-8786-26b1dea17333/datanode-5/data/ratis/fbca7a49-a7a8-4af8-8233-dac3b0fa972b
2019-07-12 13:06:47,207 INFO  server.RaftServerConfigKeys (ConfUtils.java:logGet(43)) - raft.server.log.statemachine.data.sync = true (default)
2019-07-12 13:06:47,207 INFO  segmented.SegmentedRaftLogWorker (SegmentedRaftLogWorker.java:<init>(172)) - new a295cf8a-0a50-48b3-937d-b7c35fbfbb93-SegmentedRaftLogWorker:Storage Directory /tmp/workdir/hadoop-ozone/integration-test/target/test-dir/MiniOzoneClusterImpl-43ff2e1a-d451-4fff-8786-26b1dea17333/datanode-3/data/ratis/fbca7a49-a7a8-4af8-8233-dac3b0fa972b for RaftStorage:Storage Directory /tmp/workdir/hadoop-ozone/integration-test/target/test-dir/MiniOzoneClusterImpl-43ff2e1a-d451-4fff-8786-26b1dea17333/datanode-3/data/ratis/fbca7a49-a7a8-4af8-8233-dac3b0fa972b
2019-07-12 13:06:47,208 INFO  server.RaftServerConfigKeys (ConfUtils.java:logGet(43)) - raft.server.log.statemachine.data.sync.timeout = 10s (default)
2019-07-12 13:06:47,208 INFO  server.RaftServerConfigKeys (ConfUtils.java:logGet(43)) - raft.server.log.queue.byte-limit = 2147483647 (custom)
2019-07-12 13:06:47,208 INFO  server.RaftServerConfigKeys (ConfUtils.java:logGet(43)) - raft.server.log.statemachine.data.sync.timeout.retry = -1 (default)
2019-07-12 13:06:47,208 INFO  server.RaftServerConfigKeys (ConfUtils.java:logGet(43)) - raft.server.log.queue.byte-limit = 2147483647 (custom)
2019-07-12 13:06:47,208 INFO  server.RaftServerConfigKeys (ConfUtils.java:logGet(43)) - raft.server.log.queue.element-limit = 1024 (custom)
2019-07-12 13:06:47,209 INFO  server.RaftServerConfigKeys (ConfUtils.java:logGet(43)) - raft.server.log.queue.element-limit = 1024 (custom)
2019-07-12 13:06:47,209 INFO  server.RaftServerConfigKeys (ConfUtils.java:logGet(43)) - raft.server.log.statemachine.data.caching.enabled = true (custom)
2019-07-12 13:06:47,209 INFO  server.RaftServerConfigKeys (ConfUtils.java:logGet(43)) - raft.server.log.segment.size.max = 1048576 (custom)
2019-07-12 13:06:47,209 INFO  server.RaftServerConfigKeys (ConfUtils.java:logGet(43)) - raft.server.log.segment.size.max = 1048576 (custom)
2019-07-12 13:06:47,209 INFO  segmented.SegmentedRaftLogWorker (SegmentedRaftLogWorker.java:lambda$new$0(132)) - 521f64dd-1c56-4694-83ad-013d739122c0-SegmentedRaftLogWorker:Storage Directory /tmp/workdir/hadoop-ozone/integration-test/target/test-dir/MiniOzoneClusterImpl-43ff2e1a-d451-4fff-8786-26b1dea17333/datanode-4/data/ratis/fbca7a49-a7a8-4af8-8233-dac3b0fa972b: flushIndex: setUnconditionally 0 -> -1
2019-07-12 13:06:47,209 INFO  server.RaftServerConfigKeys (ConfUtils.java:logGet(43)) - raft.server.log.preallocated.size = 16384 (custom)
2019-07-12 13:06:47,209 INFO  server.RaftServerConfigKeys (ConfUtils.java:logGet(43)) - raft.server.log.preallocated.size = 16384 (custom)
2019-07-12 13:06:47,210 INFO  server.RaftServerConfigKeys (ConfUtils.java:logGet(43)) - raft.server.snapshot.auto.trigger.enabled = true (custom)
2019-07-12 13:06:47,210 INFO  server.RaftServerConfigKeys (ConfUtils.java:logGet(43)) - raft.server.log.write.buffer.size = 33554432 (custom)
2019-07-12 13:06:47,210 INFO  server.RaftServerConfigKeys (ConfUtils.java:logGet(43)) - raft.server.snapshot.auto.trigger.threshold = 10000 (custom)
2019-07-12 13:06:47,210 INFO  server.RaftServerConfigKeys (ConfUtils.java:logGet(43)) - raft.server.log.write.buffer.size = 33554432 (custom)
2019-07-12 13:06:47,211 INFO  server.RaftServerConfigKeys (ConfUtils.java:logGet(43)) - raft.server.retrycache.expirytime = 600000ms (custom)
2019-07-12 13:06:47,210 INFO  server.RaftServerConfigKeys (ConfUtils.java:logGet(43)) - raft.server.log.force.sync.num = 128 (default)
2019-07-12 13:06:47,211 INFO  impl.RaftServerImpl (RaftServerImpl.java:start(180)) - 521f64dd-1c56-4694-83ad-013d739122c0: start group-DAC3B0FA972B
2019-07-12 13:06:47,211 INFO  server.RaftServerConfigKeys (ConfUtils.java:logGet(43)) - raft.server.log.force.sync.num = 128 (default)
2019-07-12 13:06:47,211 INFO  impl.RaftServerImpl (RaftServerImpl.java:setRole(171)) - 521f64dd-1c56-4694-83ad-013d739122c0:group-DAC3B0FA972B changes role from null to FOLLOWER at term 0 for startAsFollower
2019-07-12 13:06:47,211 INFO  server.RaftServerConfigKeys (ConfUtils.java:logGet(43)) - raft.server.log.statemachine.data.sync = true (default)
2019-07-12 13:06:47,212 INFO  impl.RoleInfo (RoleInfo.java:updateAndGet(143)) - 521f64dd-1c56-4694-83ad-013d739122c0: start FollowerState
2019-07-12 13:06:47,211 INFO  server.RaftServerConfigKeys (ConfUtils.java:logGet(43)) - raft.server.log.statemachine.data.sync = true (default)
2019-07-12 13:06:47,212 INFO  server.RaftServerConfigKeys (ConfUtils.java:logGet(43)) - raft.server.log.statemachine.data.sync.timeout = 10s (default)
2019-07-12 13:06:47,212 INFO  util.JmxRegister (JmxRegister.java:tryRegister(44)) - Successfully registered JMX Bean with object name Ratis:service=RaftServer,group=group-DAC3B0FA972B,id=521f64dd-1c56-4694-83ad-013d739122c0
2019-07-12 13:06:47,212 INFO  server.RaftServerConfigKeys (ConfUtils.java:logGet(43)) - raft.server.log.statemachine.data.sync.timeout = 10s (default)
2019-07-12 13:06:47,212 INFO  server.RaftServerConfigKeys (ConfUtils.java:logGet(43)) - raft.server.log.statemachine.data.sync.timeout.retry = -1 (default)
2019-07-12 13:06:47,213 INFO  server.RaftServerConfigKeys (ConfUtils.java:logGet(43)) - raft.server.log.statemachine.data.sync.timeout.retry = -1 (default)
2019-07-12 13:06:47,213 INFO  server.RaftServerConfigKeys (ConfUtils.java:logGet(43)) - raft.server.log.statemachine.data.caching.enabled = true (custom)
2019-07-12 13:06:47,213 INFO  server.RaftServerConfigKeys (ConfUtils.java:logGet(43)) - raft.server.log.statemachine.data.caching.enabled = true (custom)
2019-07-12 13:06:47,214 INFO  segmented.SegmentedRaftLogWorker (SegmentedRaftLogWorker.java:lambda$new$0(132)) - a295cf8a-0a50-48b3-937d-b7c35fbfbb93-SegmentedRaftLogWorker:Storage Directory /tmp/workdir/hadoop-ozone/integration-test/target/test-dir/MiniOzoneClusterImpl-43ff2e1a-d451-4fff-8786-26b1dea17333/datanode-3/data/ratis/fbca7a49-a7a8-4af8-8233-dac3b0fa972b: flushIndex: setUnconditionally 0 -> -1
2019-07-12 13:06:47,214 INFO  segmented.SegmentedRaftLogWorker (SegmentedRaftLogWorker.java:lambda$new$0(132)) - 2ae406f2-d8c0-40b7-934c-1ed505d852ac-SegmentedRaftLogWorker:Storage Directory /tmp/workdir/hadoop-ozone/integration-test/target/test-dir/MiniOzoneClusterImpl-43ff2e1a-d451-4fff-8786-26b1dea17333/datanode-5/data/ratis/fbca7a49-a7a8-4af8-8233-dac3b0fa972b: flushIndex: setUnconditionally 0 -> -1
2019-07-12 13:06:47,214 INFO  server.RaftServerConfigKeys (ConfUtils.java:logGet(43)) - raft.server.snapshot.auto.trigger.enabled = true (custom)
2019-07-12 13:06:47,214 INFO  server.RaftServerConfigKeys (ConfUtils.java:logGet(43)) - raft.server.snapshot.auto.trigger.enabled = true (custom)
2019-07-12 13:06:47,214 INFO  server.RaftServerConfigKeys (ConfUtils.java:logGet(43)) - raft.server.snapshot.auto.trigger.threshold = 10000 (custom)
2019-07-12 13:06:47,214 INFO  server.RaftServerConfigKeys (ConfUtils.java:logGet(43)) - raft.server.snapshot.auto.trigger.threshold = 10000 (custom)
2019-07-12 13:06:47,215 INFO  server.RaftServerConfigKeys (ConfUtils.java:logGet(43)) - raft.server.retrycache.expirytime = 600000ms (custom)
2019-07-12 13:06:47,215 INFO  server.RaftServerConfigKeys (ConfUtils.java:logGet(43)) - raft.server.retrycache.expirytime = 600000ms (custom)
2019-07-12 13:06:47,215 INFO  impl.RaftServerImpl (RaftServerImpl.java:start(180)) - a295cf8a-0a50-48b3-937d-b7c35fbfbb93: start group-DAC3B0FA972B
2019-07-12 13:06:47,220 INFO  impl.RaftServerImpl (RaftServerImpl.java:start(180)) - 2ae406f2-d8c0-40b7-934c-1ed505d852ac: start group-DAC3B0FA972B
2019-07-12 13:06:47,221 INFO  impl.RaftServerImpl (RaftServerImpl.java:setRole(171)) - a295cf8a-0a50-48b3-937d-b7c35fbfbb93:group-DAC3B0FA972B changes role from null to FOLLOWER at term 0 for startAsFollower
2019-07-12 13:06:47,221 INFO  impl.RaftServerImpl (RaftServerImpl.java:setRole(171)) - 2ae406f2-d8c0-40b7-934c-1ed505d852ac:group-DAC3B0FA972B changes role from null to FOLLOWER at term 0 for startAsFollower
2019-07-12 13:06:47,222 INFO  impl.RoleInfo (RoleInfo.java:updateAndGet(143)) - a295cf8a-0a50-48b3-937d-b7c35fbfbb93: start FollowerState
2019-07-12 13:06:47,222 INFO  impl.RoleInfo (RoleInfo.java:updateAndGet(143)) - 2ae406f2-d8c0-40b7-934c-1ed505d852ac: start FollowerState
2019-07-12 13:06:47,222 INFO  util.JmxRegister (JmxRegister.java:tryRegister(44)) - Successfully registered JMX Bean with object name Ratis:service=RaftServer,group=group-DAC3B0FA972B,id=a295cf8a-0a50-48b3-937d-b7c35fbfbb93
2019-07-12 13:06:47,222 INFO  util.JmxRegister (JmxRegister.java:tryRegister(44)) - Successfully registered JMX Bean with object name Ratis:service=RaftServer,group=group-DAC3B0FA972B,id=2ae406f2-d8c0-40b7-934c-1ed505d852ac
2019-07-12 13:06:47,234 INFO  pipeline.PipelineStateManager (PipelineStateManager.java:addPipeline(56)) - Created pipeline Pipeline[ Id: fbca7a49-a7a8-4af8-8233-dac3b0fa972b, Nodes: 521f64dd-1c56-4694-83ad-013d739122c0{ip: 192.168.157.212, host: pr-hdds-17356bwxm-3764869708, networkLocation: /default-rack, certSerialId: null}2ae406f2-d8c0-40b7-934c-1ed505d852ac{ip: 192.168.157.212, host: pr-hdds-17356bwxm-3764869708, networkLocation: /default-rack, certSerialId: null}a295cf8a-0a50-48b3-937d-b7c35fbfbb93{ip: 192.168.157.212, host: pr-hdds-17356bwxm-3764869708, networkLocation: /default-rack, certSerialId: null}, Type:RATIS, Factor:THREE, State:OPEN]
2019-07-12 13:06:47,262 INFO  node.SCMNodeManager (SCMNodeManager.java:register(269)) - Registered Data node : 39ea6781-a135-4013-86c4-874d68bf6440{ip: 192.168.157.212, host: pr-hdds-17356bwxm-3764869708, networkLocation: /default-rack, certSerialId: null}
2019-07-12 13:06:47,265 INFO  ozone.MiniOzoneClusterImpl (MiniOzoneClusterImpl.java:lambda$waitForClusterToBeReady$0(142)) - Cluster is ready. Got 7 of 7 DN Heartbeats.
2019-07-12 13:06:47,281 INFO  impl.RaftServerProxy (RaftServerProxy.java:addNew(89)) - 39ea6781-a135-4013-86c4-874d68bf6440: addNew group-92333B87870D:[39ea6781-a135-4013-86c4-874d68bf6440:192.168.157.212:43641] returns group-92333B87870D:java.util.concurrent.CompletableFuture@193123b7[Not completed]
2019-07-12 13:06:47,282 INFO  impl.RaftServerImpl (RaftServerImpl.java:<init>(93)) - 39ea6781-a135-4013-86c4-874d68bf6440: new RaftServerImpl for group-92333B87870D:[39ea6781-a135-4013-86c4-874d68bf6440:192.168.157.212:43641] with ContainerStateMachine:uninitialized
2019-07-12 13:06:47,282 INFO  server.RaftServerConfigKeys (ConfUtils.java:logGet(43)) - raft.server.rpc.timeout.min = 5s (custom)
2019-07-12 13:06:47,283 INFO  server.RaftServerConfigKeys (ConfUtils.java:logGet(43)) - raft.server.rpc.timeout.max = 5200ms (custom)
2019-07-12 13:06:47,283 INFO  server.RaftServerConfigKeys (ConfUtils.java:logGet(43)) - raft.server.rpcslowness.timeout = 120s (custom)
2019-07-12 13:06:47,283 INFO  server.RaftServerConfigKeys (ConfUtils.java:logGet(43)) - raft.server.sleep.deviation.threshold = 300 (default)
2019-07-12 13:06:47,283 INFO  server.RaftServerConfigKeys (ConfUtils.java:logGet(43)) - raft.server.log.appender.install.snapshot.enabled = false (custom)
2019-07-12 13:06:47,283 INFO  impl.RaftServerImpl (ServerState.java:<init>(105)) - 39ea6781-a135-4013-86c4-874d68bf6440:group-92333B87870D ConfigurationManager, init=-1: [39ea6781-a135-4013-86c4-874d68bf6440:192.168.157.212:43641], old=null, confs=<EMPTY_MAP>
2019-07-12 13:06:47,283 INFO  server.RaftServerConfigKeys (ConfUtils.java:logGet(43)) - raft.server.storage.dir = [/tmp/workdir/hadoop-ozone/integration-test/target/test-dir/MiniOzoneClusterImpl-43ff2e1a-d451-4fff-8786-26b1dea17333/datanode-6/data/ratis] (custom)
2019-07-12 13:06:47,284 INFO  storage.RaftStorageDirectory (RaftStorageDirectory.java:analyzeStorage(246)) - The storage directory /tmp/workdir/hadoop-ozone/integration-test/target/test-dir/MiniOzoneClusterImpl-43ff2e1a-d451-4fff-8786-26b1dea17333/datanode-6/data/ratis/5bcbd624-cc09-4cf0-8331-92333b87870d does not exist. Creating ...
2019-07-12 13:06:47,297 INFO  storage.RaftStorageDirectory (RaftStorageDirectory.java:tryLock(328)) - Lock on /tmp/workdir/hadoop-ozone/integration-test/target/test-dir/MiniOzoneClusterImpl-43ff2e1a-d451-4fff-8786-26b1dea17333/datanode-6/data/ratis/5bcbd624-cc09-4cf0-8331-92333b87870d/in_use.lock acquired by nodename 13208@pr-hdds-17356bwxm-3764869708
2019-07-12 13:06:47,309 INFO  storage.RaftStorage (RaftStorage.java:format(72)) - Storage directory /tmp/workdir/hadoop-ozone/integration-test/target/test-dir/MiniOzoneClusterImpl-43ff2e1a-d451-4fff-8786-26b1dea17333/datanode-6/data/ratis/5bcbd624-cc09-4cf0-8331-92333b87870d has been successfully formatted.
2019-07-12 13:06:47,310 INFO  ratis.ContainerStateMachine (ContainerStateMachine.java:loadSnapshot(200)) - The snapshot info is null.Setting the last applied index to:(t:0, i:~)
2019-07-12 13:06:47,310 INFO  server.RaftServerConfigKeys (ConfUtils.java:logGet(43)) - raft.server.leader.election.timeout = 120s (custom)
2019-07-12 13:06:47,310 INFO  server.RaftServerConfigKeys (ConfUtils.java:logGet(43)) - raft.server.log.use.memory = false (default)
2019-07-12 13:06:47,310 INFO  server.RaftServerConfigKeys (ConfUtils.java:logGet(43)) - raft.server.log.purge.gap = 1000000000 (custom)
2019-07-12 13:06:47,310 INFO  server.RaftServerConfigKeys (ConfUtils.java:logGet(43)) - raft.server.log.appender.buffer.byte-limit = 33554432 (custom)
2019-07-12 13:06:47,311 INFO  server.RaftServerConfigKeys (ConfUtils.java:logGet(43)) - raft.server.log.segment.size.max = 1048576 (custom)
2019-07-12 13:06:47,311 INFO  server.RaftServerConfigKeys (ConfUtils.java:logGet(43)) - raft.server.log.segment.cache.num.max = 2 (custom)
2019-07-12 13:06:47,311 INFO  segmented.SegmentedRaftLogWorker (SegmentedRaftLogWorker.java:<init>(172)) - new 39ea6781-a135-4013-86c4-874d68bf6440-SegmentedRaftLogWorker:Storage Directory /tmp/workdir/hadoop-ozone/integration-test/target/test-dir/MiniOzoneClusterImpl-43ff2e1a-d451-4fff-8786-26b1dea17333/datanode-6/data/ratis/5bcbd624-cc09-4cf0-8331-92333b87870d for RaftStorage:Storage Directory /tmp/workdir/hadoop-ozone/integration-test/target/test-dir/MiniOzoneClusterImpl-43ff2e1a-d451-4fff-8786-26b1dea17333/datanode-6/data/ratis/5bcbd624-cc09-4cf0-8331-92333b87870d
2019-07-12 13:06:47,311 INFO  server.RaftServerConfigKeys (ConfUtils.java:logGet(43)) - raft.server.log.queue.byte-limit = 2147483647 (custom)
2019-07-12 13:06:47,311 INFO  server.RaftServerConfigKeys (ConfUtils.java:logGet(43)) - raft.server.log.queue.element-limit = 1024 (custom)
2019-07-12 13:06:47,312 INFO  server.RaftServerConfigKeys (ConfUtils.java:logGet(43)) - raft.server.log.segment.size.max = 1048576 (custom)
2019-07-12 13:06:47,312 INFO  server.RaftServerConfigKeys (ConfUtils.java:logGet(43)) - raft.server.log.preallocated.size = 16384 (custom)
2019-07-12 13:06:47,312 INFO  server.RaftServerConfigKeys (ConfUtils.java:logGet(43)) - raft.server.log.write.buffer.size = 33554432 (custom)
2019-07-12 13:06:47,312 INFO  server.RaftServerConfigKeys (ConfUtils.java:logGet(43)) - raft.server.log.force.sync.num = 128 (default)
2019-07-12 13:06:47,312 INFO  server.RaftServerConfigKeys (ConfUtils.java:logGet(43)) - raft.server.log.statemachine.data.sync = true (default)
2019-07-12 13:06:47,313 INFO  server.RaftServerConfigKeys (ConfUtils.java:logGet(43)) - raft.server.log.statemachine.data.sync.timeout = 10s (default)
2019-07-12 13:06:47,313 INFO  server.RaftServerConfigKeys (ConfUtils.java:logGet(43)) - raft.server.log.statemachine.data.sync.timeout.retry = -1 (default)
2019-07-12 13:06:47,313 INFO  server.RaftServerConfigKeys (ConfUtils.java:logGet(43)) - raft.server.log.statemachine.data.caching.enabled = true (custom)
2019-07-12 13:06:47,313 INFO  segmented.SegmentedRaftLogWorker (SegmentedRaftLogWorker.java:lambda$new$0(132)) - 39ea6781-a135-4013-86c4-874d68bf6440-SegmentedRaftLogWorker:Storage Directory /tmp/workdir/hadoop-ozone/integration-test/target/test-dir/MiniOzoneClusterImpl-43ff2e1a-d451-4fff-8786-26b1dea17333/datanode-6/data/ratis/5bcbd624-cc09-4cf0-8331-92333b87870d: flushIndex: setUnconditionally 0 -> -1
2019-07-12 13:06:47,314 INFO  server.RaftServerConfigKeys (ConfUtils.java:logGet(43)) - raft.server.snapshot.auto.trigger.enabled = true (custom)
2019-07-12 13:06:47,314 INFO  server.RaftServerConfigKeys (ConfUtils.java:logGet(43)) - raft.server.snapshot.auto.trigger.threshold = 10000 (custom)
2019-07-12 13:06:47,314 INFO  server.RaftServerConfigKeys (ConfUtils.java:logGet(43)) - raft.server.retrycache.expirytime = 600000ms (custom)
2019-07-12 13:06:47,314 INFO  impl.RaftServerImpl (RaftServerImpl.java:start(180)) - 39ea6781-a135-4013-86c4-874d68bf6440: start group-92333B87870D
2019-07-12 13:06:47,315 INFO  impl.RaftServerImpl (RaftServerImpl.java:setRole(171)) - 39ea6781-a135-4013-86c4-874d68bf6440:group-92333B87870D changes role from null to FOLLOWER at term 0 for startAsFollower
2019-07-12 13:06:47,315 INFO  impl.RoleInfo (RoleInfo.java:updateAndGet(143)) - 39ea6781-a135-4013-86c4-874d68bf6440: start FollowerState
2019-07-12 13:06:47,315 INFO  util.JmxRegister (JmxRegister.java:tryRegister(44)) - Successfully registered JMX Bean with object name Ratis:service=RaftServer,group=group-92333B87870D,id=39ea6781-a135-4013-86c4-874d68bf6440
2019-07-12 13:06:47,322 INFO  pipeline.PipelineStateManager (PipelineStateManager.java:addPipeline(56)) - Created pipeline Pipeline[ Id: 5bcbd624-cc09-4cf0-8331-92333b87870d, Nodes: 39ea6781-a135-4013-86c4-874d68bf6440{ip: 192.168.157.212, host: pr-hdds-17356bwxm-3764869708, networkLocation: /default-rack, certSerialId: null}, Type:RATIS, Factor:ONE, State:OPEN]
2019-07-12 13:06:47,537 INFO  rpc.RpcClient (RpcClient.java:createVolume(287)) - Creating Volume: watchforcommithandlingtest, with jenkins1000 as owner.
2019-07-12 13:06:47,561 INFO  rpc.RpcClient (RpcClient.java:createBucket(424)) - Creating Bucket: watchforcommithandlingtest/watchforcommithandlingtest, with Versioning false and Storage Type set to DISK and Encryption set to false 
2019-07-12 13:06:47,568 INFO  ozone.MiniOzoneClusterImpl (MiniOzoneClusterImpl.java:getStorageContainerLocationClient(241)) - Creating StorageContainerLocationProtocol RPC client with address /0.0.0.0:43125
2019-07-12 13:06:47,618 INFO  client.GrpcClientProtocolClient (GrpcClientProtocolClient.java:onNext(255)) - client-6CEB1FE4E8E7->5d95a777-d46c-4f4e-a788-35bf385375c9: receive RaftClientReply:client-6CEB1FE4E8E7->5d95a777-d46c-4f4e-a788-35bf385375c9@group-368AFD4248B2, cid=38, FAILED org.apache.ratis.protocol.NotLeaderException: Server 5d95a777-d46c-4f4e-a788-35bf385375c9 is not the leader (null). Request must be sent to leader., logIndex=0, commits[5d95a777-d46c-4f4e-a788-35bf385375c9:c-1]
2019-07-12 13:06:48,664 INFO  client.GrpcClientProtocolClient (GrpcClientProtocolClient.java:onNext(255)) - client-6CEB1FE4E8E7->ecffa412-2664-48a9-b233-9cdcdacbb2b9: receive RaftClientReply:client-6CEB1FE4E8E7->ecffa412-2664-48a9-b233-9cdcdacbb2b9@group-368AFD4248B2, cid=38, FAILED org.apache.ratis.protocol.NotLeaderException: Server ecffa412-2664-48a9-b233-9cdcdacbb2b9 is not the leader (null). Request must be sent to leader., logIndex=0, commits[ecffa412-2664-48a9-b233-9cdcdacbb2b9:c-1]
2019-07-12 13:06:48,733 INFO  container.ReplicationManager (ReplicationManager.java:start(155)) - Starting Replication Monitor Thread.
2019-07-12 13:06:48,738 INFO  container.ReplicationManager (ReplicationManager.java:run(207)) - Replication Monitor Thread took 0 milliseconds for processing 1 containers.
2019-07-12 13:06:49,701 INFO  client.GrpcClientProtocolClient (GrpcClientProtocolClient.java:onNext(255)) - client-6CEB1FE4E8E7->042a855c-bb36-408f-8f74-1437a5fe725d: receive RaftClientReply:client-6CEB1FE4E8E7->042a855c-bb36-408f-8f74-1437a5fe725d@group-368AFD4248B2, cid=38, FAILED org.apache.ratis.protocol.NotLeaderException: Server 042a855c-bb36-408f-8f74-1437a5fe725d is not the leader (null). Request must be sent to leader., logIndex=0, commits[042a855c-bb36-408f-8f74-1437a5fe725d:c-1]
2019-07-12 13:06:50,728 INFO  client.GrpcClientProtocolClient (GrpcClientProtocolClient.java:onNext(255)) - client-6CEB1FE4E8E7->ecffa412-2664-48a9-b233-9cdcdacbb2b9: receive RaftClientReply:client-6CEB1FE4E8E7->ecffa412-2664-48a9-b233-9cdcdacbb2b9@group-368AFD4248B2, cid=38, FAILED org.apache.ratis.protocol.NotLeaderException: Server ecffa412-2664-48a9-b233-9cdcdacbb2b9 is not the leader (null). Request must be sent to leader., logIndex=0, commits[ecffa412-2664-48a9-b233-9cdcdacbb2b9:c-1]
2019-07-12 13:06:50,820 INFO  impl.FollowerState (FollowerState.java:run(106)) - 5d95a777-d46c-4f4e-a788-35bf385375c9:group-A87889DBDFE8 changes to CANDIDATE, lastRpcTime:5021, electionTimeout:5021ms
2019-07-12 13:06:50,820 INFO  impl.RoleInfo (RoleInfo.java:shutdownFollowerState(121)) - 5d95a777-d46c-4f4e-a788-35bf385375c9: shutdown FollowerState
2019-07-12 13:06:50,820 INFO  impl.RaftServerImpl (RaftServerImpl.java:setRole(171)) - 5d95a777-d46c-4f4e-a788-35bf385375c9:group-A87889DBDFE8 changes role from FOLLOWER to CANDIDATE at term 0 for changeToCandidate
2019-07-12 13:06:50,821 INFO  impl.RoleInfo (RoleInfo.java:updateAndGet(143)) - 5d95a777-d46c-4f4e-a788-35bf385375c9: start LeaderElection
2019-07-12 13:06:50,851 INFO  impl.LeaderElection (LeaderElection.java:askForVotes(181)) - 5d95a777-d46c-4f4e-a788-35bf385375c9:group-A87889DBDFE8:LeaderElection14: begin an election at term 1 for -1: [5d95a777-d46c-4f4e-a788-35bf385375c9:192.168.157.212:43562], old=null
2019-07-12 13:06:50,851 INFO  impl.RoleInfo (RoleInfo.java:shutdownLeaderElection(134)) - 5d95a777-d46c-4f4e-a788-35bf385375c9: shutdown LeaderElection
2019-07-12 13:06:50,852 INFO  impl.RaftServerImpl (RaftServerImpl.java:setRole(171)) - 5d95a777-d46c-4f4e-a788-35bf385375c9:group-A87889DBDFE8 changes role from CANDIDATE to LEADER at term 1 for changeToLeader
2019-07-12 13:06:50,852 INFO  impl.RaftServerImpl (ServerState.java:setLeader(263)) - 5d95a777-d46c-4f4e-a788-35bf385375c9:group-A87889DBDFE8 change Leader from null to 5d95a777-d46c-4f4e-a788-35bf385375c9 at term 1 for becomeLeader, leader elected after 5059ms
2019-07-12 13:06:50,852 INFO  server.RaftServerConfigKeys (ConfUtils.java:logGet(43)) - raft.server.staging.catchup.gap = 1000 (default)
2019-07-12 13:06:50,852 INFO  server.RaftServerConfigKeys (ConfUtils.java:logGet(43)) - raft.server.rpc.sleep.time = 25ms (default)
2019-07-12 13:06:50,852 INFO  server.RaftServerConfigKeys (ConfUtils.java:logGet(43)) - raft.server.write.element-limit = 4096 (default)
2019-07-12 13:06:50,852 INFO  server.RaftServerConfigKeys (ConfUtils.java:logGet(43)) - raft.server.watch.timeout = 10s (default)
2019-07-12 13:06:50,852 INFO  server.RaftServerConfigKeys (ConfUtils.java:logGet(43)) - raft.server.watch.timeout.denomination = 1s (default)
2019-07-12 13:06:50,853 INFO  server.RaftServerConfigKeys (ConfUtils.java:logGet(43)) - raft.server.watch.element-limit = 65536 (default)
2019-07-12 13:06:50,853 INFO  impl.RoleInfo (RoleInfo.java:updateAndGet(143)) - 5d95a777-d46c-4f4e-a788-35bf385375c9: start LeaderState
2019-07-12 13:06:50,853 INFO  segmented.SegmentedRaftLogWorker (SegmentedRaftLogWorker.java:startLogSegment(380)) - 5d95a777-d46c-4f4e-a788-35bf385375c9-SegmentedRaftLogWorker:Storage Directory /tmp/workdir/hadoop-ozone/integration-test/target/test-dir/MiniOzoneClusterImpl-43ff2e1a-d451-4fff-8786-26b1dea17333/datanode-0/data/ratis/97fb1cf3-5184-4aab-8657-a87889dbdfe8: Starting segment from index:0
2019-07-12 13:06:50,854 INFO  impl.RaftServerImpl (ServerState.java:setRaftConf(361)) - 5d95a777-d46c-4f4e-a788-35bf385375c9:group-A87889DBDFE8 set configuration 0: [5d95a777-d46c-4f4e-a788-35bf385375c9:192.168.157.212:43562], old=null at 0
2019-07-12 13:06:50,887 INFO  segmented.SegmentedRaftLogWorker (SegmentedRaftLogWorker.java:execute(569)) - 5d95a777-d46c-4f4e-a788-35bf385375c9-SegmentedRaftLogWorker:Storage Directory /tmp/workdir/hadoop-ozone/integration-test/target/test-dir/MiniOzoneClusterImpl-43ff2e1a-d451-4fff-8786-26b1dea17333/datanode-0/data/ratis/97fb1cf3-5184-4aab-8657-a87889dbdfe8: created new log segment /tmp/workdir/hadoop-ozone/integration-test/target/test-dir/MiniOzoneClusterImpl-43ff2e1a-d451-4fff-8786-26b1dea17333/datanode-0/data/ratis/97fb1cf3-5184-4aab-8657-a87889dbdfe8/current/log_inprogress_0
2019-07-12 13:06:51,278 INFO  impl.FollowerState (FollowerState.java:run(106)) - 042a855c-bb36-408f-8f74-1437a5fe725d:group-8B5FF4A1EB11 changes to CANDIDATE, lastRpcTime:5190, electionTimeout:5190ms
2019-07-12 13:06:51,278 INFO  impl.RoleInfo (RoleInfo.java:shutdownFollowerState(121)) - 042a855c-bb36-408f-8f74-1437a5fe725d: shutdown FollowerState
2019-07-12 13:06:51,279 INFO  impl.RaftServerImpl (RaftServerImpl.java:setRole(171)) - 042a855c-bb36-408f-8f74-1437a5fe725d:group-8B5FF4A1EB11 changes role from FOLLOWER to CANDIDATE at term 0 for changeToCandidate
2019-07-12 13:06:51,279 INFO  impl.RoleInfo (RoleInfo.java:updateAndGet(143)) - 042a855c-bb36-408f-8f74-1437a5fe725d: start LeaderElection
2019-07-12 13:06:51,319 INFO  impl.LeaderElection (LeaderElection.java:askForVotes(181)) - 042a855c-bb36-408f-8f74-1437a5fe725d:group-8B5FF4A1EB11:LeaderElection15: begin an election at term 1 for -1: [042a855c-bb36-408f-8f74-1437a5fe725d:192.168.157.212:43856], old=null
2019-07-12 13:06:51,319 INFO  impl.RoleInfo (RoleInfo.java:shutdownLeaderElection(134)) - 042a855c-bb36-408f-8f74-1437a5fe725d: shutdown LeaderElection
2019-07-12 13:06:51,319 INFO  impl.RaftServerImpl (RaftServerImpl.java:setRole(171)) - 042a855c-bb36-408f-8f74-1437a5fe725d:group-8B5FF4A1EB11 changes role from CANDIDATE to LEADER at term 1 for changeToLeader
2019-07-12 13:06:51,320 INFO  impl.RaftServerImpl (ServerState.java:setLeader(263)) - 042a855c-bb36-408f-8f74-1437a5fe725d:group-8B5FF4A1EB11 change Leader from null to 042a855c-bb36-408f-8f74-1437a5fe725d at term 1 for becomeLeader, leader elected after 5237ms
2019-07-12 13:06:51,320 INFO  server.RaftServerConfigKeys (ConfUtils.java:logGet(43)) - raft.server.staging.catchup.gap = 1000 (default)
2019-07-12 13:06:51,320 INFO  server.RaftServerConfigKeys (ConfUtils.java:logGet(43)) - raft.server.rpc.sleep.time = 25ms (default)
2019-07-12 13:06:51,320 INFO  server.RaftServerConfigKeys (ConfUtils.java:logGet(43)) - raft.server.write.element-limit = 4096 (default)
2019-07-12 13:06:51,320 INFO  server.RaftServerConfigKeys (ConfUtils.java:logGet(43)) - raft.server.watch.timeout = 10s (default)
2019-07-12 13:06:51,321 INFO  server.RaftServerConfigKeys (ConfUtils.java:logGet(43)) - raft.server.watch.timeout.denomination = 1s (default)
2019-07-12 13:06:51,321 INFO  server.RaftServerConfigKeys (ConfUtils.java:logGet(43)) - raft.server.watch.element-limit = 65536 (default)
2019-07-12 13:06:51,321 INFO  impl.RoleInfo (RoleInfo.java:updateAndGet(143)) - 042a855c-bb36-408f-8f74-1437a5fe725d: start LeaderState
2019-07-12 13:06:51,321 INFO  segmented.SegmentedRaftLogWorker (SegmentedRaftLogWorker.java:startLogSegment(380)) - 042a855c-bb36-408f-8f74-1437a5fe725d-SegmentedRaftLogWorker:Storage Directory /tmp/workdir/hadoop-ozone/integration-test/target/test-dir/MiniOzoneClusterImpl-43ff2e1a-d451-4fff-8786-26b1dea17333/datanode-1/data/ratis/e11acb4e-2a1d-48b5-843c-8b5ff4a1eb11: Starting segment from index:0
2019-07-12 13:06:51,322 INFO  impl.RaftServerImpl (ServerState.java:setRaftConf(361)) - 042a855c-bb36-408f-8f74-1437a5fe725d:group-8B5FF4A1EB11 set configuration 0: [042a855c-bb36-408f-8f74-1437a5fe725d:192.168.157.212:43856], old=null at 0
2019-07-12 13:06:51,369 INFO  segmented.SegmentedRaftLogWorker (SegmentedRaftLogWorker.java:execute(569)) - 042a855c-bb36-408f-8f74-1437a5fe725d-SegmentedRaftLogWorker:Storage Directory /tmp/workdir/hadoop-ozone/integration-test/target/test-dir/MiniOzoneClusterImpl-43ff2e1a-d451-4fff-8786-26b1dea17333/datanode-1/data/ratis/e11acb4e-2a1d-48b5-843c-8b5ff4a1eb11: created new log segment /tmp/workdir/hadoop-ozone/integration-test/target/test-dir/MiniOzoneClusterImpl-43ff2e1a-d451-4fff-8786-26b1dea17333/datanode-1/data/ratis/e11acb4e-2a1d-48b5-843c-8b5ff4a1eb11/current/log_inprogress_0
2019-07-12 13:06:51,589 INFO  impl.FollowerState (FollowerState.java:run(106)) - ecffa412-2664-48a9-b233-9cdcdacbb2b9:group-0ABEFC60665D changes to CANDIDATE, lastRpcTime:5131, electionTimeout:5131ms
2019-07-12 13:06:51,589 INFO  impl.RoleInfo (RoleInfo.java:shutdownFollowerState(121)) - ecffa412-2664-48a9-b233-9cdcdacbb2b9: shutdown FollowerState
2019-07-12 13:06:51,589 INFO  impl.RaftServerImpl (RaftServerImpl.java:setRole(171)) - ecffa412-2664-48a9-b233-9cdcdacbb2b9:group-0ABEFC60665D changes role from FOLLOWER to CANDIDATE at term 0 for changeToCandidate
2019-07-12 13:06:51,589 INFO  impl.RoleInfo (RoleInfo.java:updateAndGet(143)) - ecffa412-2664-48a9-b233-9cdcdacbb2b9: start LeaderElection
2019-07-12 13:06:51,615 INFO  impl.LeaderElection (LeaderElection.java:askForVotes(181)) - ecffa412-2664-48a9-b233-9cdcdacbb2b9:group-0ABEFC60665D:LeaderElection16: begin an election at term 1 for -1: [ecffa412-2664-48a9-b233-9cdcdacbb2b9:192.168.157.212:45685], old=null
2019-07-12 13:06:51,616 INFO  impl.RoleInfo (RoleInfo.java:shutdownLeaderElection(134)) - ecffa412-2664-48a9-b233-9cdcdacbb2b9: shutdown LeaderElection
2019-07-12 13:06:51,616 INFO  impl.RaftServerImpl (RaftServerImpl.java:setRole(171)) - ecffa412-2664-48a9-b233-9cdcdacbb2b9:group-0ABEFC60665D changes role from CANDIDATE to LEADER at term 1 for changeToLeader
2019-07-12 13:06:51,616 INFO  impl.RaftServerImpl (ServerState.java:setLeader(263)) - ecffa412-2664-48a9-b233-9cdcdacbb2b9:group-0ABEFC60665D change Leader from null to ecffa412-2664-48a9-b233-9cdcdacbb2b9 at term 1 for becomeLeader, leader elected after 5164ms
2019-07-12 13:06:51,616 INFO  server.RaftServerConfigKeys (ConfUtils.java:logGet(43)) - raft.server.staging.catchup.gap = 1000 (default)
2019-07-12 13:06:51,616 INFO  server.RaftServerConfigKeys (ConfUtils.java:logGet(43)) - raft.server.rpc.sleep.time = 25ms (default)
2019-07-12 13:06:51,616 INFO  server.RaftServerConfigKeys (ConfUtils.java:logGet(43)) - raft.server.write.element-limit = 4096 (default)
2019-07-12 13:06:51,617 INFO  server.RaftServerConfigKeys (ConfUtils.java:logGet(43)) - raft.server.watch.timeout = 10s (default)
2019-07-12 13:06:51,617 INFO  server.RaftServerConfigKeys (ConfUtils.java:logGet(43)) - raft.server.watch.timeout.denomination = 1s (default)
2019-07-12 13:06:51,617 INFO  server.RaftServerConfigKeys (ConfUtils.java:logGet(43)) - raft.server.watch.element-limit = 65536 (default)
2019-07-12 13:06:51,617 INFO  impl.RoleInfo (RoleInfo.java:updateAndGet(143)) - ecffa412-2664-48a9-b233-9cdcdacbb2b9: start LeaderState
2019-07-12 13:06:51,618 INFO  segmented.SegmentedRaftLogWorker (SegmentedRaftLogWorker.java:startLogSegment(380)) - ecffa412-2664-48a9-b233-9cdcdacbb2b9-SegmentedRaftLogWorker:Storage Directory /tmp/workdir/hadoop-ozone/integration-test/target/test-dir/MiniOzoneClusterImpl-43ff2e1a-d451-4fff-8786-26b1dea17333/datanode-2/data/ratis/0a63cbca-f0fe-4603-8b1c-0abefc60665d: Starting segment from index:0
2019-07-12 13:06:51,618 INFO  impl.RaftServerImpl (ServerState.java:setRaftConf(361)) - ecffa412-2664-48a9-b233-9cdcdacbb2b9:group-0ABEFC60665D set configuration 0: [ecffa412-2664-48a9-b233-9cdcdacbb2b9:192.168.157.212:45685], old=null at 0
2019-07-12 13:06:51,647 INFO  impl.FollowerState (FollowerState.java:run(106)) - 5d95a777-d46c-4f4e-a788-35bf385375c9:group-368AFD4248B2 changes to CANDIDATE, lastRpcTime:5060, electionTimeout:5055ms
2019-07-12 13:06:51,648 INFO  impl.RoleInfo (RoleInfo.java:shutdownFollowerState(121)) - 5d95a777-d46c-4f4e-a788-35bf385375c9: shutdown FollowerState
2019-07-12 13:06:51,648 INFO  impl.RaftServerImpl (RaftServerImpl.java:setRole(171)) - 5d95a777-d46c-4f4e-a788-35bf385375c9:group-368AFD4248B2 changes role from FOLLOWER to CANDIDATE at term 0 for changeToCandidate
2019-07-12 13:06:51,648 INFO  impl.RoleInfo (RoleInfo.java:updateAndGet(143)) - 5d95a777-d46c-4f4e-a788-35bf385375c9: start LeaderElection
2019-07-12 13:06:51,675 INFO  impl.FollowerState (FollowerState.java:run(106)) - 042a855c-bb36-408f-8f74-1437a5fe725d:group-368AFD4248B2 changes to CANDIDATE, lastRpcTime:5098, electionTimeout:5082ms
2019-07-12 13:06:51,675 INFO  impl.RoleInfo (RoleInfo.java:shutdownFollowerState(121)) - 042a855c-bb36-408f-8f74-1437a5fe725d: shutdown FollowerState
2019-07-12 13:06:51,676 INFO  impl.RaftServerImpl (RaftServerImpl.java:setRole(171)) - 042a855c-bb36-408f-8f74-1437a5fe725d:group-368AFD4248B2 changes role from FOLLOWER to CANDIDATE at term 0 for changeToCandidate
2019-07-12 13:06:51,676 INFO  segmented.SegmentedRaftLogWorker (SegmentedRaftLogWorker.java:execute(569)) - ecffa412-2664-48a9-b233-9cdcdacbb2b9-SegmentedRaftLogWorker:Storage Directory /tmp/workdir/hadoop-ozone/integration-test/target/test-dir/MiniOzoneClusterImpl-43ff2e1a-d451-4fff-8786-26b1dea17333/datanode-2/data/ratis/0a63cbca-f0fe-4603-8b1c-0abefc60665d: created new log segment /tmp/workdir/hadoop-ozone/integration-test/target/test-dir/MiniOzoneClusterImpl-43ff2e1a-d451-4fff-8786-26b1dea17333/datanode-2/data/ratis/0a63cbca-f0fe-4603-8b1c-0abefc60665d/current/log_inprogress_0
2019-07-12 13:06:51,676 INFO  impl.RoleInfo (RoleInfo.java:updateAndGet(143)) - 042a855c-bb36-408f-8f74-1437a5fe725d: start LeaderElection
2019-07-12 13:06:51,681 INFO  impl.FollowerState (FollowerState.java:run(106)) - ecffa412-2664-48a9-b233-9cdcdacbb2b9:group-368AFD4248B2 changes to CANDIDATE, lastRpcTime:5093, electionTimeout:5065ms
2019-07-12 13:06:51,681 INFO  impl.RoleInfo (RoleInfo.java:shutdownFollowerState(121)) - ecffa412-2664-48a9-b233-9cdcdacbb2b9: shutdown FollowerState
2019-07-12 13:06:51,688 INFO  impl.RaftServerImpl (RaftServerImpl.java:setRole(171)) - ecffa412-2664-48a9-b233-9cdcdacbb2b9:group-368AFD4248B2 changes role from FOLLOWER to CANDIDATE at term 0 for changeToCandidate
2019-07-12 13:06:51,688 INFO  impl.RoleInfo (RoleInfo.java:updateAndGet(143)) - ecffa412-2664-48a9-b233-9cdcdacbb2b9: start LeaderElection
2019-07-12 13:06:51,702 INFO  impl.LeaderElection (LeaderElection.java:askForVotes(181)) - ecffa412-2664-48a9-b233-9cdcdacbb2b9:group-368AFD4248B2:LeaderElection19: begin an election at term 1 for -1: [ecffa412-2664-48a9-b233-9cdcdacbb2b9:192.168.157.212:45685, 5d95a777-d46c-4f4e-a788-35bf385375c9:192.168.157.212:43562, 042a855c-bb36-408f-8f74-1437a5fe725d:192.168.157.212:43856], old=null
2019-07-12 13:06:51,702 INFO  impl.LeaderElection (LeaderElection.java:askForVotes(181)) - 5d95a777-d46c-4f4e-a788-35bf385375c9:group-368AFD4248B2:LeaderElection17: begin an election at term 1 for -1: [ecffa412-2664-48a9-b233-9cdcdacbb2b9:192.168.157.212:45685, 5d95a777-d46c-4f4e-a788-35bf385375c9:192.168.157.212:43562, 042a855c-bb36-408f-8f74-1437a5fe725d:192.168.157.212:43856], old=null
2019-07-12 13:06:51,702 INFO  impl.LeaderElection (LeaderElection.java:askForVotes(181)) - 042a855c-bb36-408f-8f74-1437a5fe725d:group-368AFD4248B2:LeaderElection18: begin an election at term 1 for -1: [ecffa412-2664-48a9-b233-9cdcdacbb2b9:192.168.157.212:45685, 5d95a777-d46c-4f4e-a788-35bf385375c9:192.168.157.212:43562, 042a855c-bb36-408f-8f74-1437a5fe725d:192.168.157.212:43856], old=null
2019-07-12 13:06:51,739 INFO  impl.LeaderElection (LeaderElection.java:logAndReturn(56)) - 042a855c-bb36-408f-8f74-1437a5fe725d:group-368AFD4248B2:LeaderElection18: Election REJECTED; received 2 response(s) [042a855c-bb36-408f-8f74-1437a5fe725d<-ecffa412-2664-48a9-b233-9cdcdacbb2b9#0:FAIL-t1, 042a855c-bb36-408f-8f74-1437a5fe725d<-5d95a777-d46c-4f4e-a788-35bf385375c9#0:FAIL-t1] and 0 exception(s); 042a855c-bb36-408f-8f74-1437a5fe725d:t1, leader=null, voted=042a855c-bb36-408f-8f74-1437a5fe725d, raftlog=042a855c-bb36-408f-8f74-1437a5fe725d-SegmentedRaftLog:OPENED:c-1,f-1,i0, conf=-1: [ecffa412-2664-48a9-b233-9cdcdacbb2b9:192.168.157.212:45685, 5d95a777-d46c-4f4e-a788-35bf385375c9:192.168.157.212:43562, 042a855c-bb36-408f-8f74-1437a5fe725d:192.168.157.212:43856], old=null
2019-07-12 13:06:51,739 INFO  impl.LeaderElection (LeaderElection.java:logAndReturn(56)) - 5d95a777-d46c-4f4e-a788-35bf385375c9:group-368AFD4248B2:LeaderElection17: Election REJECTED; received 2 response(s) [5d95a777-d46c-4f4e-a788-35bf385375c9<-ecffa412-2664-48a9-b233-9cdcdacbb2b9#0:FAIL-t1, 5d95a777-d46c-4f4e-a788-35bf385375c9<-042a855c-bb36-408f-8f74-1437a5fe725d#0:FAIL-t1] and 0 exception(s); 5d95a777-d46c-4f4e-a788-35bf385375c9:t1, leader=null, voted=5d95a777-d46c-4f4e-a788-35bf385375c9, raftlog=5d95a777-d46c-4f4e-a788-35bf385375c9-SegmentedRaftLog:OPENED:c-1,f-1,i0, conf=-1: [ecffa412-2664-48a9-b233-9cdcdacbb2b9:192.168.157.212:45685, 5d95a777-d46c-4f4e-a788-35bf385375c9:192.168.157.212:43562, 042a855c-bb36-408f-8f74-1437a5fe725d:192.168.157.212:43856], old=null
2019-07-12 13:06:51,739 INFO  impl.RaftServerImpl (RaftServerImpl.java:setRole(171)) - 042a855c-bb36-408f-8f74-1437a5fe725d:group-368AFD4248B2 changes role from CANDIDATE to FOLLOWER at term 1 for DISCOVERED_A_NEW_TERM
2019-07-12 13:06:51,744 INFO  impl.RaftServerImpl (RaftServerImpl.java:setRole(171)) - 5d95a777-d46c-4f4e-a788-35bf385375c9:group-368AFD4248B2 changes role from CANDIDATE to FOLLOWER at term 1 for DISCOVERED_A_NEW_TERM
2019-07-12 13:06:51,740 INFO  impl.LeaderElection (LeaderElection.java:logAndReturn(56)) - ecffa412-2664-48a9-b233-9cdcdacbb2b9:group-368AFD4248B2:LeaderElection19: Election REJECTED; received 2 response(s) [ecffa412-2664-48a9-b233-9cdcdacbb2b9<-5d95a777-d46c-4f4e-a788-35bf385375c9#0:FAIL-t1, ecffa412-2664-48a9-b233-9cdcdacbb2b9<-042a855c-bb36-408f-8f74-1437a5fe725d#0:FAIL-t1] and 0 exception(s); ecffa412-2664-48a9-b233-9cdcdacbb2b9:t1, leader=null, voted=ecffa412-2664-48a9-b233-9cdcdacbb2b9, raftlog=ecffa412-2664-48a9-b233-9cdcdacbb2b9-SegmentedRaftLog:OPENED:c-1,f-1,i0, conf=-1: [ecffa412-2664-48a9-b233-9cdcdacbb2b9:192.168.157.212:45685, 5d95a777-d46c-4f4e-a788-35bf385375c9:192.168.157.212:43562, 042a855c-bb36-408f-8f74-1437a5fe725d:192.168.157.212:43856], old=null
2019-07-12 13:06:51,749 INFO  impl.RoleInfo (RoleInfo.java:shutdownLeaderElection(134)) - 5d95a777-d46c-4f4e-a788-35bf385375c9: shutdown LeaderElection
2019-07-12 13:06:51,744 INFO  impl.RoleInfo (RoleInfo.java:shutdownLeaderElection(134)) - 042a855c-bb36-408f-8f74-1437a5fe725d: shutdown LeaderElection
2019-07-12 13:06:51,752 INFO  impl.RoleInfo (RoleInfo.java:updateAndGet(143)) - 5d95a777-d46c-4f4e-a788-35bf385375c9: start FollowerState
2019-07-12 13:06:51,749 INFO  impl.RaftServerImpl (RaftServerImpl.java:setRole(171)) - ecffa412-2664-48a9-b233-9cdcdacbb2b9:group-368AFD4248B2 changes role from CANDIDATE to FOLLOWER at term 1 for DISCOVERED_A_NEW_TERM
2019-07-12 13:06:51,753 INFO  impl.RoleInfo (RoleInfo.java:shutdownLeaderElection(134)) - ecffa412-2664-48a9-b233-9cdcdacbb2b9: shutdown LeaderElection
2019-07-12 13:06:51,753 INFO  impl.RoleInfo (RoleInfo.java:updateAndGet(143)) - 042a855c-bb36-408f-8f74-1437a5fe725d: start FollowerState
2019-07-12 13:06:51,757 INFO  impl.RoleInfo (RoleInfo.java:updateAndGet(143)) - ecffa412-2664-48a9-b233-9cdcdacbb2b9: start FollowerState
2019-07-12 13:06:51,773 INFO  client.GrpcClientProtocolClient (GrpcClientProtocolClient.java:onNext(255)) - client-6CEB1FE4E8E7->5d95a777-d46c-4f4e-a788-35bf385375c9: receive RaftClientReply:client-6CEB1FE4E8E7->5d95a777-d46c-4f4e-a788-35bf385375c9@group-368AFD4248B2, cid=38, FAILED org.apache.ratis.protocol.NotLeaderException: Server 5d95a777-d46c-4f4e-a788-35bf385375c9 is not the leader (null). Request must be sent to leader., logIndex=0, commits[5d95a777-d46c-4f4e-a788-35bf385375c9:c-1]
2019-07-12 13:06:51,844 INFO  impl.FollowerState (FollowerState.java:run(106)) - a295cf8a-0a50-48b3-937d-b7c35fbfbb93:group-B72F8401B422 changes to CANDIDATE, lastRpcTime:5136, electionTimeout:5117ms
2019-07-12 13:06:51,844 INFO  impl.RoleInfo (RoleInfo.java:shutdownFollowerState(121)) - a295cf8a-0a50-48b3-937d-b7c35fbfbb93: shutdown FollowerState
2019-07-12 13:06:51,844 INFO  impl.RaftServerImpl (RaftServerImpl.java:setRole(171)) - a295cf8a-0a50-48b3-937d-b7c35fbfbb93:group-B72F8401B422 changes role from FOLLOWER to CANDIDATE at term 0 for changeToCandidate
2019-07-12 13:06:51,844 INFO  impl.RoleInfo (RoleInfo.java:updateAndGet(143)) - a295cf8a-0a50-48b3-937d-b7c35fbfbb93: start LeaderElection
2019-07-12 13:06:51,889 INFO  impl.LeaderElection (LeaderElection.java:askForVotes(181)) - a295cf8a-0a50-48b3-937d-b7c35fbfbb93:group-B72F8401B422:LeaderElection20: begin an election at term 1 for -1: [a295cf8a-0a50-48b3-937d-b7c35fbfbb93:192.168.157.212:39592], old=null
2019-07-12 13:06:51,890 INFO  impl.RoleInfo (RoleInfo.java:shutdownLeaderElection(134)) - a295cf8a-0a50-48b3-937d-b7c35fbfbb93: shutdown LeaderElection
2019-07-12 13:06:51,890 INFO  impl.RaftServerImpl (RaftServerImpl.java:setRole(171)) - a295cf8a-0a50-48b3-937d-b7c35fbfbb93:group-B72F8401B422 changes role from CANDIDATE to LEADER at term 1 for changeToLeader
2019-07-12 13:06:51,890 INFO  impl.RaftServerImpl (ServerState.java:setLeader(263)) - a295cf8a-0a50-48b3-937d-b7c35fbfbb93:group-B72F8401B422 change Leader from null to a295cf8a-0a50-48b3-937d-b7c35fbfbb93 at term 1 for becomeLeader, leader elected after 5187ms
2019-07-12 13:06:51,890 INFO  server.RaftServerConfigKeys (ConfUtils.java:logGet(43)) - raft.server.staging.catchup.gap = 1000 (default)
2019-07-12 13:06:51,891 INFO  server.RaftServerConfigKeys (ConfUtils.java:logGet(43)) - raft.server.rpc.sleep.time = 25ms (default)
2019-07-12 13:06:51,891 INFO  server.RaftServerConfigKeys (ConfUtils.java:logGet(43)) - raft.server.write.element-limit = 4096 (default)
2019-07-12 13:06:51,891 INFO  server.RaftServerConfigKeys (ConfUtils.java:logGet(43)) - raft.server.watch.timeout = 10s (default)
2019-07-12 13:06:51,891 INFO  server.RaftServerConfigKeys (ConfUtils.java:logGet(43)) - raft.server.watch.timeout.denomination = 1s (default)
2019-07-12 13:06:51,891 INFO  server.RaftServerConfigKeys (ConfUtils.java:logGet(43)) - raft.server.watch.element-limit = 65536 (default)
2019-07-12 13:06:51,892 INFO  impl.RoleInfo (RoleInfo.java:updateAndGet(143)) - a295cf8a-0a50-48b3-937d-b7c35fbfbb93: start LeaderState
2019-07-12 13:06:51,892 INFO  segmented.SegmentedRaftLogWorker (SegmentedRaftLogWorker.java:startLogSegment(380)) - a295cf8a-0a50-48b3-937d-b7c35fbfbb93-SegmentedRaftLogWorker:Storage Directory /tmp/workdir/hadoop-ozone/integration-test/target/test-dir/MiniOzoneClusterImpl-43ff2e1a-d451-4fff-8786-26b1dea17333/datanode-3/data/ratis/b0497d3c-2a2f-473b-8257-b72f8401b422: Starting segment from index:0
2019-07-12 13:06:51,893 INFO  impl.RaftServerImpl (ServerState.java:setRaftConf(361)) - a295cf8a-0a50-48b3-937d-b7c35fbfbb93:group-B72F8401B422 set configuration 0: [a295cf8a-0a50-48b3-937d-b7c35fbfbb93:192.168.157.212:39592], old=null at 0
2019-07-12 13:06:51,938 INFO  segmented.SegmentedRaftLogWorker (SegmentedRaftLogWorker.java:execute(569)) - a295cf8a-0a50-48b3-937d-b7c35fbfbb93-SegmentedRaftLogWorker:Storage Directory /tmp/workdir/hadoop-ozone/integration-test/target/test-dir/MiniOzoneClusterImpl-43ff2e1a-d451-4fff-8786-26b1dea17333/datanode-3/data/ratis/b0497d3c-2a2f-473b-8257-b72f8401b422: created new log segment /tmp/workdir/hadoop-ozone/integration-test/target/test-dir/MiniOzoneClusterImpl-43ff2e1a-d451-4fff-8786-26b1dea17333/datanode-3/data/ratis/b0497d3c-2a2f-473b-8257-b72f8401b422/current/log_inprogress_0
2019-07-12 13:06:51,950 INFO  impl.FollowerState (FollowerState.java:run(106)) - 521f64dd-1c56-4694-83ad-013d739122c0:group-93B03A393867 changes to CANDIDATE, lastRpcTime:5061, electionTimeout:5061ms
2019-07-12 13:06:51,950 INFO  impl.RoleInfo (RoleInfo.java:shutdownFollowerState(121)) - 521f64dd-1c56-4694-83ad-013d739122c0: shutdown FollowerState
2019-07-12 13:06:51,950 INFO  impl.RaftServerImpl (RaftServerImpl.java:setRole(171)) - 521f64dd-1c56-4694-83ad-013d739122c0:group-93B03A393867 changes role from FOLLOWER to CANDIDATE at term 0 for changeToCandidate
2019-07-12 13:06:51,951 INFO  impl.RoleInfo (RoleInfo.java:updateAndGet(143)) - 521f64dd-1c56-4694-83ad-013d739122c0: start LeaderElection
2019-07-12 13:06:51,968 INFO  impl.LeaderElection (LeaderElection.java:askForVotes(181)) - 521f64dd-1c56-4694-83ad-013d739122c0:group-93B03A393867:LeaderElection21: begin an election at term 1 for -1: [521f64dd-1c56-4694-83ad-013d739122c0:192.168.157.212:34881], old=null
2019-07-12 13:06:51,968 INFO  impl.RoleInfo (RoleInfo.java:shutdownLeaderElection(134)) - 521f64dd-1c56-4694-83ad-013d739122c0: shutdown LeaderElection
2019-07-12 13:06:51,968 INFO  impl.RaftServerImpl (RaftServerImpl.java:setRole(171)) - 521f64dd-1c56-4694-83ad-013d739122c0:group-93B03A393867 changes role from CANDIDATE to LEADER at term 1 for changeToLeader
2019-07-12 13:06:51,968 INFO  impl.RaftServerImpl (ServerState.java:setLeader(263)) - 521f64dd-1c56-4694-83ad-013d739122c0:group-93B03A393867 change Leader from null to 521f64dd-1c56-4694-83ad-013d739122c0 at term 1 for becomeLeader, leader elected after 5084ms
2019-07-12 13:06:51,969 INFO  server.RaftServerConfigKeys (ConfUtils.java:logGet(43)) - raft.server.staging.catchup.gap = 1000 (default)
2019-07-12 13:06:51,969 INFO  server.RaftServerConfigKeys (ConfUtils.java:logGet(43)) - raft.server.rpc.sleep.time = 25ms (default)
2019-07-12 13:06:51,969 INFO  server.RaftServerConfigKeys (ConfUtils.java:logGet(43)) - raft.server.write.element-limit = 4096 (default)
2019-07-12 13:06:51,969 INFO  server.RaftServerConfigKeys (ConfUtils.java:logGet(43)) - raft.server.watch.timeout = 10s (default)
2019-07-12 13:06:51,969 INFO  server.RaftServerConfigKeys (ConfUtils.java:logGet(43)) - raft.server.watch.timeout.denomination = 1s (default)
2019-07-12 13:06:51,970 INFO  server.RaftServerConfigKeys (ConfUtils.java:logGet(43)) - raft.server.watch.element-limit = 65536 (default)
2019-07-12 13:06:51,970 INFO  impl.RoleInfo (RoleInfo.java:updateAndGet(143)) - 521f64dd-1c56-4694-83ad-013d739122c0: start LeaderState
2019-07-12 13:06:51,970 INFO  segmented.SegmentedRaftLogWorker (SegmentedRaftLogWorker.java:startLogSegment(380)) - 521f64dd-1c56-4694-83ad-013d739122c0-SegmentedRaftLogWorker:Storage Directory /tmp/workdir/hadoop-ozone/integration-test/target/test-dir/MiniOzoneClusterImpl-43ff2e1a-d451-4fff-8786-26b1dea17333/datanode-4/data/ratis/249fd010-94a2-4f2f-bdb0-93b03a393867: Starting segment from index:0
2019-07-12 13:06:51,971 INFO  impl.RaftServerImpl (ServerState.java:setRaftConf(361)) - 521f64dd-1c56-4694-83ad-013d739122c0:group-93B03A393867 set configuration 0: [521f64dd-1c56-4694-83ad-013d739122c0:192.168.157.212:34881], old=null at 0
2019-07-12 13:06:52,018 INFO  segmented.SegmentedRaftLogWorker (SegmentedRaftLogWorker.java:execute(569)) - 521f64dd-1c56-4694-83ad-013d739122c0-SegmentedRaftLogWorker:Storage Directory /tmp/workdir/hadoop-ozone/integration-test/target/test-dir/MiniOzoneClusterImpl-43ff2e1a-d451-4fff-8786-26b1dea17333/datanode-4/data/ratis/249fd010-94a2-4f2f-bdb0-93b03a393867: created new log segment /tmp/workdir/hadoop-ozone/integration-test/target/test-dir/MiniOzoneClusterImpl-43ff2e1a-d451-4fff-8786-26b1dea17333/datanode-4/data/ratis/249fd010-94a2-4f2f-bdb0-93b03a393867/current/log_inprogress_0
2019-07-12 13:06:52,140 INFO  impl.FollowerState (FollowerState.java:run(106)) - 2ae406f2-d8c0-40b7-934c-1ed505d852ac:group-AEC765135081 changes to CANDIDATE, lastRpcTime:5059, electionTimeout:5059ms
2019-07-12 13:06:52,140 INFO  impl.RoleInfo (RoleInfo.java:shutdownFollowerState(121)) - 2ae406f2-d8c0-40b7-934c-1ed505d852ac: shutdown FollowerState
2019-07-12 13:06:52,140 INFO  impl.RaftServerImpl (RaftServerImpl.java:setRole(171)) - 2ae406f2-d8c0-40b7-934c-1ed505d852ac:group-AEC765135081 changes role from FOLLOWER to CANDIDATE at term 0 for changeToCandidate
2019-07-12 13:06:52,140 INFO  impl.RoleInfo (RoleInfo.java:updateAndGet(143)) - 2ae406f2-d8c0-40b7-934c-1ed505d852ac: start LeaderElection
2019-07-12 13:06:52,160 INFO  impl.LeaderElection (LeaderElection.java:askForVotes(181)) - 2ae406f2-d8c0-40b7-934c-1ed505d852ac:group-AEC765135081:LeaderElection22: begin an election at term 1 for -1: [2ae406f2-d8c0-40b7-934c-1ed505d852ac:192.168.157.212:33376], old=null
2019-07-12 13:06:52,161 INFO  impl.RoleInfo (RoleInfo.java:shutdownLeaderElection(134)) - 2ae406f2-d8c0-40b7-934c-1ed505d852ac: shutdown LeaderElection
2019-07-12 13:06:52,161 INFO  impl.RaftServerImpl (RaftServerImpl.java:setRole(171)) - 2ae406f2-d8c0-40b7-934c-1ed505d852ac:group-AEC765135081 changes role from CANDIDATE to LEADER at term 1 for changeToLeader
2019-07-12 13:06:52,161 INFO  impl.RaftServerImpl (ServerState.java:setLeader(263)) - 2ae406f2-d8c0-40b7-934c-1ed505d852ac:group-AEC765135081 change Leader from null to 2ae406f2-d8c0-40b7-934c-1ed505d852ac at term 1 for becomeLeader, leader elected after 5090ms
2019-07-12 13:06:52,161 INFO  server.RaftServerConfigKeys (ConfUtils.java:logGet(43)) - raft.server.staging.catchup.gap = 1000 (default)
2019-07-12 13:06:52,161 INFO  server.RaftServerConfigKeys (ConfUtils.java:logGet(43)) - raft.server.rpc.sleep.time = 25ms (default)
2019-07-12 13:06:52,161 INFO  server.RaftServerConfigKeys (ConfUtils.java:logGet(43)) - raft.server.write.element-limit = 4096 (default)
2019-07-12 13:06:52,162 INFO  server.RaftServerConfigKeys (ConfUtils.java:logGet(43)) - raft.server.watch.timeout = 10s (default)
2019-07-12 13:06:52,162 INFO  server.RaftServerConfigKeys (ConfUtils.java:logGet(43)) - raft.server.watch.timeout.denomination = 1s (default)
2019-07-12 13:06:52,162 INFO  server.RaftServerConfigKeys (ConfUtils.java:logGet(43)) - raft.server.watch.element-limit = 65536 (default)
2019-07-12 13:06:52,162 INFO  impl.RoleInfo (RoleInfo.java:updateAndGet(143)) - 2ae406f2-d8c0-40b7-934c-1ed505d852ac: start LeaderState
2019-07-12 13:06:52,162 INFO  segmented.SegmentedRaftLogWorker (SegmentedRaftLogWorker.java:startLogSegment(380)) - 2ae406f2-d8c0-40b7-934c-1ed505d852ac-SegmentedRaftLogWorker:Storage Directory /tmp/workdir/hadoop-ozone/integration-test/target/test-dir/MiniOzoneClusterImpl-43ff2e1a-d451-4fff-8786-26b1dea17333/datanode-5/data/ratis/6474ae0c-7bc0-441d-b914-aec765135081: Starting segment from index:0
2019-07-12 13:06:52,163 INFO  impl.RaftServerImpl (ServerState.java:setRaftConf(361)) - 2ae406f2-d8c0-40b7-934c-1ed505d852ac:group-AEC765135081 set configuration 0: [2ae406f2-d8c0-40b7-934c-1ed505d852ac:192.168.157.212:33376], old=null at 0
2019-07-12 13:06:52,193 INFO  segmented.SegmentedRaftLogWorker (SegmentedRaftLogWorker.java:execute(569)) - 2ae406f2-d8c0-40b7-934c-1ed505d852ac-SegmentedRaftLogWorker:Storage Directory /tmp/workdir/hadoop-ozone/integration-test/target/test-dir/MiniOzoneClusterImpl-43ff2e1a-d451-4fff-8786-26b1dea17333/datanode-5/data/ratis/6474ae0c-7bc0-441d-b914-aec765135081: created new log segment /tmp/workdir/hadoop-ozone/integration-test/target/test-dir/MiniOzoneClusterImpl-43ff2e1a-d451-4fff-8786-26b1dea17333/datanode-5/data/ratis/6474ae0c-7bc0-441d-b914-aec765135081/current/log_inprogress_0
2019-07-12 13:06:52,255 INFO  impl.FollowerState (FollowerState.java:run(106)) - 521f64dd-1c56-4694-83ad-013d739122c0:group-DAC3B0FA972B changes to CANDIDATE, lastRpcTime:5043, electionTimeout:5043ms
2019-07-12 13:06:52,256 INFO  impl.RoleInfo (RoleInfo.java:shutdownFollowerState(121)) - 521f64dd-1c56-4694-83ad-013d739122c0: shutdown FollowerState
2019-07-12 13:06:52,256 INFO  impl.RaftServerImpl (RaftServerImpl.java:setRole(171)) - 521f64dd-1c56-4694-83ad-013d739122c0:group-DAC3B0FA972B changes role from FOLLOWER to CANDIDATE at term 0 for changeToCandidate
2019-07-12 13:06:52,256 INFO  impl.RoleInfo (RoleInfo.java:updateAndGet(143)) - 521f64dd-1c56-4694-83ad-013d739122c0: start LeaderElection
2019-07-12 13:06:52,274 INFO  impl.LeaderElection (LeaderElection.java:askForVotes(181)) - 521f64dd-1c56-4694-83ad-013d739122c0:group-DAC3B0FA972B:LeaderElection23: begin an election at term 1 for -1: [a295cf8a-0a50-48b3-937d-b7c35fbfbb93:192.168.157.212:39592, 521f64dd-1c56-4694-83ad-013d739122c0:192.168.157.212:34881, 2ae406f2-d8c0-40b7-934c-1ed505d852ac:192.168.157.212:33376], old=null
2019-07-12 13:06:52,281 INFO  impl.RaftServerImpl (RaftServerImpl.java:setRole(171)) - 2ae406f2-d8c0-40b7-934c-1ed505d852ac:group-DAC3B0FA972B changes role from FOLLOWER to FOLLOWER at term 1 for recognizeCandidate:521f64dd-1c56-4694-83ad-013d739122c0
2019-07-12 13:06:52,281 INFO  impl.RaftServerImpl (RaftServerImpl.java:setRole(171)) - a295cf8a-0a50-48b3-937d-b7c35fbfbb93:group-DAC3B0FA972B changes role from FOLLOWER to FOLLOWER at term 1 for recognizeCandidate:521f64dd-1c56-4694-83ad-013d739122c0
2019-07-12 13:06:52,281 INFO  impl.RoleInfo (RoleInfo.java:shutdownFollowerState(121)) - 2ae406f2-d8c0-40b7-934c-1ed505d852ac: shutdown FollowerState
2019-07-12 13:06:52,281 INFO  impl.RoleInfo (RoleInfo.java:shutdownFollowerState(121)) - a295cf8a-0a50-48b3-937d-b7c35fbfbb93: shutdown FollowerState
2019-07-12 13:06:52,282 INFO  impl.FollowerState (FollowerState.java:run(114)) - 2ae406f2-d8c0-40b7-934c-1ed505d852ac: FollowerState was interrupted: java.lang.InterruptedException: sleep interrupted
2019-07-12 13:06:52,282 INFO  impl.RoleInfo (RoleInfo.java:updateAndGet(143)) - 2ae406f2-d8c0-40b7-934c-1ed505d852ac: start FollowerState
2019-07-12 13:06:52,282 INFO  impl.FollowerState (FollowerState.java:run(114)) - a295cf8a-0a50-48b3-937d-b7c35fbfbb93: FollowerState was interrupted: java.lang.InterruptedException: sleep interrupted
2019-07-12 13:06:52,282 INFO  impl.RoleInfo (RoleInfo.java:updateAndGet(143)) - a295cf8a-0a50-48b3-937d-b7c35fbfbb93: start FollowerState
2019-07-12 13:06:52,298 INFO  impl.LeaderElection (LeaderElection.java:logAndReturn(56)) - 521f64dd-1c56-4694-83ad-013d739122c0:group-DAC3B0FA972B:LeaderElection23: Election PASSED; received 1 response(s) [521f64dd-1c56-4694-83ad-013d739122c0<-2ae406f2-d8c0-40b7-934c-1ed505d852ac#0:OK-t1] and 0 exception(s); 521f64dd-1c56-4694-83ad-013d739122c0:t1, leader=null, voted=521f64dd-1c56-4694-83ad-013d739122c0, raftlog=521f64dd-1c56-4694-83ad-013d739122c0-SegmentedRaftLog:OPENED:c-1,f-1,i0, conf=-1: [a295cf8a-0a50-48b3-937d-b7c35fbfbb93:192.168.157.212:39592, 521f64dd-1c56-4694-83ad-013d739122c0:192.168.157.212:34881, 2ae406f2-d8c0-40b7-934c-1ed505d852ac:192.168.157.212:33376], old=null
2019-07-12 13:06:52,298 INFO  impl.RoleInfo (RoleInfo.java:shutdownLeaderElection(134)) - 521f64dd-1c56-4694-83ad-013d739122c0: shutdown LeaderElection
2019-07-12 13:06:52,303 INFO  impl.RaftServerImpl (RaftServerImpl.java:setRole(171)) - 521f64dd-1c56-4694-83ad-013d739122c0:group-DAC3B0FA972B changes role from CANDIDATE to LEADER at term 1 for changeToLeader
2019-07-12 13:06:52,319 INFO  impl.RaftServerImpl (ServerState.java:setLeader(263)) - 521f64dd-1c56-4694-83ad-013d739122c0:group-DAC3B0FA972B change Leader from null to 521f64dd-1c56-4694-83ad-013d739122c0 at term 1 for becomeLeader, leader elected after 5116ms
2019-07-12 13:06:52,320 INFO  server.RaftServerConfigKeys (ConfUtils.java:logGet(43)) - raft.server.staging.catchup.gap = 1000 (default)
2019-07-12 13:06:52,320 INFO  server.RaftServerConfigKeys (ConfUtils.java:logGet(43)) - raft.server.rpc.sleep.time = 25ms (default)
2019-07-12 13:06:52,320 INFO  server.RaftServerConfigKeys (ConfUtils.java:logGet(43)) - raft.server.write.element-limit = 4096 (default)
2019-07-12 13:06:52,320 INFO  server.RaftServerConfigKeys (ConfUtils.java:logGet(43)) - raft.server.watch.timeout = 10s (default)
2019-07-12 13:06:52,321 INFO  server.RaftServerConfigKeys (ConfUtils.java:logGet(43)) - raft.server.watch.timeout.denomination = 1s (default)
2019-07-12 13:06:52,321 INFO  server.RaftServerConfigKeys (ConfUtils.java:logGet(43)) - raft.server.watch.element-limit = 65536 (default)
2019-07-12 13:06:52,321 INFO  server.RaftServerConfigKeys (ConfUtils.java:logGet(43)) - raft.server.log.appender.snapshot.chunk.size.max = 16MB (=16777216) (default)
2019-07-12 13:06:52,321 INFO  server.RaftServerConfigKeys (ConfUtils.java:logGet(43)) - raft.server.log.appender.buffer.byte-limit = 33554432 (custom)
2019-07-12 13:06:52,321 INFO  server.RaftServerConfigKeys (ConfUtils.java:logGet(43)) - raft.server.log.appender.buffer.element-limit = 1 (custom)
2019-07-12 13:06:52,322 INFO  grpc.GrpcConfigKeys$Server (ConfUtils.java:logGet(43)) - raft.grpc.server.leader.outstanding.appends.max = 128 (default)
2019-07-12 13:06:52,322 INFO  server.RaftServerConfigKeys (ConfUtils.java:logGet(43)) - raft.server.rpc.request.timeout = 3000ms (default)
2019-07-12 13:06:52,322 INFO  server.RaftServerConfigKeys (ConfUtils.java:logGet(43)) - raft.server.log.appender.install.snapshot.enabled = false (custom)
2019-07-12 13:06:52,322 INFO  server.RaftServerConfigKeys (ConfUtils.java:logGet(43)) - raft.server.log.appender.snapshot.chunk.size.max = 16MB (=16777216) (default)
2019-07-12 13:06:52,322 INFO  server.RaftServerConfigKeys (ConfUtils.java:logGet(43)) - raft.server.log.appender.buffer.byte-limit = 33554432 (custom)
2019-07-12 13:06:52,323 INFO  server.RaftServerConfigKeys (ConfUtils.java:logGet(43)) - raft.server.log.appender.buffer.element-limit = 1 (custom)
2019-07-12 13:06:52,323 INFO  grpc.GrpcConfigKeys$Server (ConfUtils.java:logGet(43)) - raft.grpc.server.leader.outstanding.appends.max = 128 (default)
2019-07-12 13:06:52,323 INFO  server.RaftServerConfigKeys (ConfUtils.java:logGet(43)) - raft.server.rpc.request.timeout = 3000ms (default)
2019-07-12 13:06:52,323 INFO  server.RaftServerConfigKeys (ConfUtils.java:logGet(43)) - raft.server.log.appender.install.snapshot.enabled = false (custom)
2019-07-12 13:06:52,323 INFO  impl.RoleInfo (RoleInfo.java:updateAndGet(143)) - 521f64dd-1c56-4694-83ad-013d739122c0: start LeaderState
2019-07-12 13:06:52,324 INFO  segmented.SegmentedRaftLogWorker (SegmentedRaftLogWorker.java:startLogSegment(380)) - 521f64dd-1c56-4694-83ad-013d739122c0-SegmentedRaftLogWorker:Storage Directory /tmp/workdir/hadoop-ozone/integration-test/target/test-dir/MiniOzoneClusterImpl-43ff2e1a-d451-4fff-8786-26b1dea17333/datanode-4/data/ratis/fbca7a49-a7a8-4af8-8233-dac3b0fa972b: Starting segment from index:0
2019-07-12 13:06:52,325 INFO  impl.RaftServerImpl (ServerState.java:setRaftConf(361)) - 521f64dd-1c56-4694-83ad-013d739122c0:group-DAC3B0FA972B set configuration 0: [a295cf8a-0a50-48b3-937d-b7c35fbfbb93:192.168.157.212:39592, 521f64dd-1c56-4694-83ad-013d739122c0:192.168.157.212:34881, 2ae406f2-d8c0-40b7-934c-1ed505d852ac:192.168.157.212:33376], old=null at 0
2019-07-12 13:06:52,346 INFO  impl.FollowerState (FollowerState.java:run(106)) - 39ea6781-a135-4013-86c4-874d68bf6440:group-92333B87870D changes to CANDIDATE, lastRpcTime:5031, electionTimeout:5019ms
2019-07-12 13:06:52,346 INFO  impl.RoleInfo (RoleInfo.java:shutdownFollowerState(121)) - 39ea6781-a135-4013-86c4-874d68bf6440: shutdown FollowerState
2019-07-12 13:06:52,347 INFO  impl.RaftServerImpl (RaftServerImpl.java:setRole(171)) - 39ea6781-a135-4013-86c4-874d68bf6440:group-92333B87870D changes role from FOLLOWER to CANDIDATE at term 0 for changeToCandidate
2019-07-12 13:06:52,347 INFO  impl.RoleInfo (RoleInfo.java:updateAndGet(143)) - 39ea6781-a135-4013-86c4-874d68bf6440: start LeaderElection
2019-07-12 13:06:52,358 INFO  impl.RaftServerImpl (ServerState.java:setLeader(263)) - a295cf8a-0a50-48b3-937d-b7c35fbfbb93:group-DAC3B0FA972B change Leader from null to 521f64dd-1c56-4694-83ad-013d739122c0 at term 1 for appendEntries, leader elected after 5154ms
2019-07-12 13:06:52,362 INFO  impl.RaftServerImpl (ServerState.java:setLeader(263)) - 2ae406f2-d8c0-40b7-934c-1ed505d852ac:group-DAC3B0FA972B change Leader from null to 521f64dd-1c56-4694-83ad-013d739122c0 at term 1 for appendEntries, leader elected after 5159ms
2019-07-12 13:06:52,362 INFO  impl.LeaderElection (LeaderElection.java:askForVotes(181)) - 39ea6781-a135-4013-86c4-874d68bf6440:group-92333B87870D:LeaderElection24: begin an election at term 1 for -1: [39ea6781-a135-4013-86c4-874d68bf6440:192.168.157.212:43641], old=null
2019-07-12 13:06:52,362 INFO  segmented.SegmentedRaftLogWorker (SegmentedRaftLogWorker.java:execute(569)) - 521f64dd-1c56-4694-83ad-013d739122c0-SegmentedRaftLogWorker:Storage Directory /tmp/workdir/hadoop-ozone/integration-test/target/test-dir/MiniOzoneClusterImpl-43ff2e1a-d451-4fff-8786-26b1dea17333/datanode-4/data/ratis/fbca7a49-a7a8-4af8-8233-dac3b0fa972b: created new log segment /tmp/workdir/hadoop-ozone/integration-test/target/test-dir/MiniOzoneClusterImpl-43ff2e1a-d451-4fff-8786-26b1dea17333/datanode-4/data/ratis/fbca7a49-a7a8-4af8-8233-dac3b0fa972b/current/log_inprogress_0
2019-07-12 13:06:52,362 INFO  impl.RoleInfo (RoleInfo.java:shutdownLeaderElection(134)) - 39ea6781-a135-4013-86c4-874d68bf6440: shutdown LeaderElection
2019-07-12 13:06:52,362 INFO  impl.RaftServerImpl (RaftServerImpl.java:setRole(171)) - 39ea6781-a135-4013-86c4-874d68bf6440:group-92333B87870D changes role from CANDIDATE to LEADER at term 1 for changeToLeader
2019-07-12 13:06:52,362 INFO  impl.RaftServerImpl (ServerState.java:setLeader(263)) - 39ea6781-a135-4013-86c4-874d68bf6440:group-92333B87870D change Leader from null to 39ea6781-a135-4013-86c4-874d68bf6440 at term 1 for becomeLeader, leader elected after 5052ms
2019-07-12 13:06:52,363 INFO  server.RaftServerConfigKeys (ConfUtils.java:logGet(43)) - raft.server.staging.catchup.gap = 1000 (default)
2019-07-12 13:06:52,363 INFO  server.RaftServerConfigKeys (ConfUtils.java:logGet(43)) - raft.server.rpc.sleep.time = 25ms (default)
2019-07-12 13:06:52,363 INFO  server.RaftServerConfigKeys (ConfUtils.java:logGet(43)) - raft.server.write.element-limit = 4096 (default)
2019-07-12 13:06:52,363 INFO  server.RaftServerConfigKeys (ConfUtils.java:logGet(43)) - raft.server.watch.timeout = 10s (default)
2019-07-12 13:06:52,363 INFO  server.RaftServerConfigKeys (ConfUtils.java:logGet(43)) - raft.server.watch.timeout.denomination = 1s (default)
2019-07-12 13:06:52,363 INFO  server.RaftServerConfigKeys (ConfUtils.java:logGet(43)) - raft.server.watch.element-limit = 65536 (default)
2019-07-12 13:06:52,364 INFO  impl.RoleInfo (RoleInfo.java:updateAndGet(143)) - 39ea6781-a135-4013-86c4-874d68bf6440: start LeaderState
2019-07-12 13:06:52,364 INFO  segmented.SegmentedRaftLogWorker (SegmentedRaftLogWorker.java:startLogSegment(380)) - 39ea6781-a135-4013-86c4-874d68bf6440-SegmentedRaftLogWorker:Storage Directory /tmp/workdir/hadoop-ozone/integration-test/target/test-dir/MiniOzoneClusterImpl-43ff2e1a-d451-4fff-8786-26b1dea17333/datanode-6/data/ratis/5bcbd624-cc09-4cf0-8331-92333b87870d: Starting segment from index:0
2019-07-12 13:06:52,364 INFO  impl.RaftServerImpl (ServerState.java:setRaftConf(361)) - 39ea6781-a135-4013-86c4-874d68bf6440:group-92333B87870D set configuration 0: [39ea6781-a135-4013-86c4-874d68bf6440:192.168.157.212:43641], old=null at 0
2019-07-12 13:06:52,384 INFO  impl.RaftServerImpl (ServerState.java:setRaftConf(361)) - a295cf8a-0a50-48b3-937d-b7c35fbfbb93:group-DAC3B0FA972B set configuration 0: [a295cf8a-0a50-48b3-937d-b7c35fbfbb93:192.168.157.212:39592, 521f64dd-1c56-4694-83ad-013d739122c0:192.168.157.212:34881, 2ae406f2-d8c0-40b7-934c-1ed505d852ac:192.168.157.212:33376], old=null at 0
2019-07-12 13:06:52,385 INFO  impl.RaftServerImpl (ServerState.java:setRaftConf(361)) - 2ae406f2-d8c0-40b7-934c-1ed505d852ac:group-DAC3B0FA972B set configuration 0: [a295cf8a-0a50-48b3-937d-b7c35fbfbb93:192.168.157.212:39592, 521f64dd-1c56-4694-83ad-013d739122c0:192.168.157.212:34881, 2ae406f2-d8c0-40b7-934c-1ed505d852ac:192.168.157.212:33376], old=null at 0
2019-07-12 13:06:52,385 INFO  segmented.SegmentedRaftLogWorker (SegmentedRaftLogWorker.java:startLogSegment(380)) - a295cf8a-0a50-48b3-937d-b7c35fbfbb93-SegmentedRaftLogWorker:Storage Directory /tmp/workdir/hadoop-ozone/integration-test/target/test-dir/MiniOzoneClusterImpl-43ff2e1a-d451-4fff-8786-26b1dea17333/datanode-3/data/ratis/fbca7a49-a7a8-4af8-8233-dac3b0fa972b: Starting segment from index:0
2019-07-12 13:06:52,385 INFO  segmented.SegmentedRaftLogWorker (SegmentedRaftLogWorker.java:startLogSegment(380)) - 2ae406f2-d8c0-40b7-934c-1ed505d852ac-SegmentedRaftLogWorker:Storage Directory /tmp/workdir/hadoop-ozone/integration-test/target/test-dir/MiniOzoneClusterImpl-43ff2e1a-d451-4fff-8786-26b1dea17333/datanode-5/data/ratis/fbca7a49-a7a8-4af8-8233-dac3b0fa972b: Starting segment from index:0
2019-07-12 13:06:52,396 INFO  segmented.SegmentedRaftLogWorker (SegmentedRaftLogWorker.java:execute(569)) - 39ea6781-a135-4013-86c4-874d68bf6440-SegmentedRaftLogWorker:Storage Directory /tmp/workdir/hadoop-ozone/integration-test/target/test-dir/MiniOzoneClusterImpl-43ff2e1a-d451-4fff-8786-26b1dea17333/datanode-6/data/ratis/5bcbd624-cc09-4cf0-8331-92333b87870d: created new log segment /tmp/workdir/hadoop-ozone/integration-test/target/test-dir/MiniOzoneClusterImpl-43ff2e1a-d451-4fff-8786-26b1dea17333/datanode-6/data/ratis/5bcbd624-cc09-4cf0-8331-92333b87870d/current/log_inprogress_0
2019-07-12 13:06:52,423 INFO  segmented.SegmentedRaftLogWorker (SegmentedRaftLogWorker.java:execute(569)) - 2ae406f2-d8c0-40b7-934c-1ed505d852ac-SegmentedRaftLogWorker:Storage Directory /tmp/workdir/hadoop-ozone/integration-test/target/test-dir/MiniOzoneClusterImpl-43ff2e1a-d451-4fff-8786-26b1dea17333/datanode-5/data/ratis/fbca7a49-a7a8-4af8-8233-dac3b0fa972b: created new log segment /tmp/workdir/hadoop-ozone/integration-test/target/test-dir/MiniOzoneClusterImpl-43ff2e1a-d451-4fff-8786-26b1dea17333/datanode-5/data/ratis/fbca7a49-a7a8-4af8-8233-dac3b0fa972b/current/log_inprogress_0
2019-07-12 13:06:52,423 INFO  segmented.SegmentedRaftLogWorker (SegmentedRaftLogWorker.java:execute(569)) - a295cf8a-0a50-48b3-937d-b7c35fbfbb93-SegmentedRaftLogWorker:Storage Directory /tmp/workdir/hadoop-ozone/integration-test/target/test-dir/MiniOzoneClusterImpl-43ff2e1a-d451-4fff-8786-26b1dea17333/datanode-3/data/ratis/fbca7a49-a7a8-4af8-8233-dac3b0fa972b: created new log segment /tmp/workdir/hadoop-ozone/integration-test/target/test-dir/MiniOzoneClusterImpl-43ff2e1a-d451-4fff-8786-26b1dea17333/datanode-3/data/ratis/fbca7a49-a7a8-4af8-8233-dac3b0fa972b/current/log_inprogress_0
2019-07-12 13:06:52,798 INFO  client.GrpcClientProtocolClient (GrpcClientProtocolClient.java:onNext(255)) - client-6CEB1FE4E8E7->ecffa412-2664-48a9-b233-9cdcdacbb2b9: receive RaftClientReply:client-6CEB1FE4E8E7->ecffa412-2664-48a9-b233-9cdcdacbb2b9@group-368AFD4248B2, cid=38, FAILED org.apache.ratis.protocol.NotLeaderException: Server ecffa412-2664-48a9-b233-9cdcdacbb2b9 is not the leader (null). Request must be sent to leader., logIndex=0, commits[ecffa412-2664-48a9-b233-9cdcdacbb2b9:c-1]
2019-07-12 13:06:53,826 INFO  client.GrpcClientProtocolClient (GrpcClientProtocolClient.java:onNext(255)) - client-6CEB1FE4E8E7->5d95a777-d46c-4f4e-a788-35bf385375c9: receive RaftClientReply:client-6CEB1FE4E8E7->5d95a777-d46c-4f4e-a788-35bf385375c9@group-368AFD4248B2, cid=38, FAILED org.apache.ratis.protocol.NotLeaderException: Server 5d95a777-d46c-4f4e-a788-35bf385375c9 is not the leader (null). Request must be sent to leader., logIndex=0, commits[5d95a777-d46c-4f4e-a788-35bf385375c9:c-1]
2019-07-12 13:06:54,854 INFO  client.GrpcClientProtocolClient (GrpcClientProtocolClient.java:onNext(255)) - client-6CEB1FE4E8E7->ecffa412-2664-48a9-b233-9cdcdacbb2b9: receive RaftClientReply:client-6CEB1FE4E8E7->ecffa412-2664-48a9-b233-9cdcdacbb2b9@group-368AFD4248B2, cid=38, FAILED org.apache.ratis.protocol.NotLeaderException: Server ecffa412-2664-48a9-b233-9cdcdacbb2b9 is not the leader (null). Request must be sent to leader., logIndex=0, commits[ecffa412-2664-48a9-b233-9cdcdacbb2b9:c-1]
2019-07-12 13:06:55,884 INFO  client.GrpcClientProtocolClient (GrpcClientProtocolClient.java:onNext(255)) - client-6CEB1FE4E8E7->5d95a777-d46c-4f4e-a788-35bf385375c9: receive RaftClientReply:client-6CEB1FE4E8E7->5d95a777-d46c-4f4e-a788-35bf385375c9@group-368AFD4248B2, cid=38, FAILED org.apache.ratis.protocol.NotLeaderException: Server 5d95a777-d46c-4f4e-a788-35bf385375c9 is not the leader (null). Request must be sent to leader., logIndex=0, commits[5d95a777-d46c-4f4e-a788-35bf385375c9:c-1]
2019-07-12 13:06:56,766 INFO  impl.FollowerState (FollowerState.java:run(106)) - 5d95a777-d46c-4f4e-a788-35bf385375c9:group-368AFD4248B2 changes to CANDIDATE, lastRpcTime:5013, electionTimeout:5009ms
2019-07-12 13:06:56,766 INFO  impl.RoleInfo (RoleInfo.java:shutdownFollowerState(121)) - 5d95a777-d46c-4f4e-a788-35bf385375c9: shutdown FollowerState
2019-07-12 13:06:56,766 INFO  impl.RaftServerImpl (RaftServerImpl.java:setRole(171)) - 5d95a777-d46c-4f4e-a788-35bf385375c9:group-368AFD4248B2 changes role from FOLLOWER to CANDIDATE at term 1 for changeToCandidate
2019-07-12 13:06:56,767 INFO  impl.RoleInfo (RoleInfo.java:updateAndGet(143)) - 5d95a777-d46c-4f4e-a788-35bf385375c9: start LeaderElection
2019-07-12 13:06:56,789 INFO  impl.LeaderElection (LeaderElection.java:askForVotes(181)) - 5d95a777-d46c-4f4e-a788-35bf385375c9:group-368AFD4248B2:LeaderElection25: begin an election at term 2 for -1: [ecffa412-2664-48a9-b233-9cdcdacbb2b9:192.168.157.212:45685, 5d95a777-d46c-4f4e-a788-35bf385375c9:192.168.157.212:43562, 042a855c-bb36-408f-8f74-1437a5fe725d:192.168.157.212:43856], old=null
2019-07-12 13:06:56,793 INFO  impl.RaftServerImpl (RaftServerImpl.java:setRole(171)) - ecffa412-2664-48a9-b233-9cdcdacbb2b9:group-368AFD4248B2 changes role from FOLLOWER to FOLLOWER at term 2 for recognizeCandidate:5d95a777-d46c-4f4e-a788-35bf385375c9
2019-07-12 13:06:56,793 INFO  impl.RaftServerImpl (RaftServerImpl.java:setRole(171)) - 042a855c-bb36-408f-8f74-1437a5fe725d:group-368AFD4248B2 changes role from FOLLOWER to FOLLOWER at term 2 for recognizeCandidate:5d95a777-d46c-4f4e-a788-35bf385375c9
2019-07-12 13:06:56,793 INFO  impl.RoleInfo (RoleInfo.java:shutdownFollowerState(121)) - ecffa412-2664-48a9-b233-9cdcdacbb2b9: shutdown FollowerState
2019-07-12 13:06:56,793 INFO  impl.RoleInfo (RoleInfo.java:shutdownFollowerState(121)) - 042a855c-bb36-408f-8f74-1437a5fe725d: shutdown FollowerState
2019-07-12 13:06:56,794 INFO  impl.FollowerState (FollowerState.java:run(114)) - ecffa412-2664-48a9-b233-9cdcdacbb2b9: FollowerState was interrupted: java.lang.InterruptedException: sleep interrupted
2019-07-12 13:06:56,794 INFO  impl.RoleInfo (RoleInfo.java:updateAndGet(143)) - ecffa412-2664-48a9-b233-9cdcdacbb2b9: start FollowerState
2019-07-12 13:06:56,794 INFO  impl.FollowerState (FollowerState.java:run(114)) - 042a855c-bb36-408f-8f74-1437a5fe725d: FollowerState was interrupted: java.lang.InterruptedException: sleep interrupted
2019-07-12 13:06:56,794 INFO  impl.RoleInfo (RoleInfo.java:updateAndGet(143)) - 042a855c-bb36-408f-8f74-1437a5fe725d: start FollowerState
2019-07-12 13:06:56,820 INFO  impl.LeaderElection (LeaderElection.java:logAndReturn(56)) - 5d95a777-d46c-4f4e-a788-35bf385375c9:group-368AFD4248B2:LeaderElection25: Election PASSED; received 1 response(s) [5d95a777-d46c-4f4e-a788-35bf385375c9<-042a855c-bb36-408f-8f74-1437a5fe725d#0:OK-t2] and 0 exception(s); 5d95a777-d46c-4f4e-a788-35bf385375c9:t2, leader=null, voted=5d95a777-d46c-4f4e-a788-35bf385375c9, raftlog=5d95a777-d46c-4f4e-a788-35bf385375c9-SegmentedRaftLog:OPENED:c-1,f-1,i0, conf=-1: [ecffa412-2664-48a9-b233-9cdcdacbb2b9:192.168.157.212:45685, 5d95a777-d46c-4f4e-a788-35bf385375c9:192.168.157.212:43562, 042a855c-bb36-408f-8f74-1437a5fe725d:192.168.157.212:43856], old=null
2019-07-12 13:06:56,820 INFO  impl.RoleInfo (RoleInfo.java:shutdownLeaderElection(134)) - 5d95a777-d46c-4f4e-a788-35bf385375c9: shutdown LeaderElection
2019-07-12 13:06:56,821 INFO  impl.RaftServerImpl (RaftServerImpl.java:setRole(171)) - 5d95a777-d46c-4f4e-a788-35bf385375c9:group-368AFD4248B2 changes role from CANDIDATE to LEADER at term 2 for changeToLeader
2019-07-12 13:06:56,821 INFO  impl.RaftServerImpl (ServerState.java:setLeader(263)) - 5d95a777-d46c-4f4e-a788-35bf385375c9:group-368AFD4248B2 change Leader from null to 5d95a777-d46c-4f4e-a788-35bf385375c9 at term 2 for becomeLeader, leader elected after 10281ms
2019-07-12 13:06:56,821 INFO  server.RaftServerConfigKeys (ConfUtils.java:logGet(43)) - raft.server.staging.catchup.gap = 1000 (default)
2019-07-12 13:06:56,821 INFO  server.RaftServerConfigKeys (ConfUtils.java:logGet(43)) - raft.server.rpc.sleep.time = 25ms (default)
2019-07-12 13:06:56,821 INFO  server.RaftServerConfigKeys (ConfUtils.java:logGet(43)) - raft.server.write.element-limit = 4096 (default)
2019-07-12 13:06:56,822 INFO  server.RaftServerConfigKeys (ConfUtils.java:logGet(43)) - raft.server.watch.timeout = 10s (default)
2019-07-12 13:06:56,822 INFO  server.RaftServerConfigKeys (ConfUtils.java:logGet(43)) - raft.server.watch.timeout.denomination = 1s (default)
2019-07-12 13:06:56,822 INFO  server.RaftServerConfigKeys (ConfUtils.java:logGet(43)) - raft.server.watch.element-limit = 65536 (default)
2019-07-12 13:06:56,822 INFO  server.RaftServerConfigKeys (ConfUtils.java:logGet(43)) - raft.server.log.appender.snapshot.chunk.size.max = 16MB (=16777216) (default)
2019-07-12 13:06:56,822 INFO  server.RaftServerConfigKeys (ConfUtils.java:logGet(43)) - raft.server.log.appender.buffer.byte-limit = 33554432 (custom)
2019-07-12 13:06:56,823 INFO  server.RaftServerConfigKeys (ConfUtils.java:logGet(43)) - raft.server.log.appender.buffer.element-limit = 1 (custom)
2019-07-12 13:06:56,823 INFO  grpc.GrpcConfigKeys$Server (ConfUtils.java:logGet(43)) - raft.grpc.server.leader.outstanding.appends.max = 128 (default)
2019-07-12 13:06:56,823 INFO  server.RaftServerConfigKeys (ConfUtils.java:logGet(43)) - raft.server.rpc.request.timeout = 3000ms (default)
2019-07-12 13:06:56,823 INFO  server.RaftServerConfigKeys (ConfUtils.java:logGet(43)) - raft.server.log.appender.install.snapshot.enabled = false (custom)
2019-07-12 13:06:56,824 INFO  server.RaftServerConfigKeys (ConfUtils.java:logGet(43)) - raft.server.log.appender.snapshot.chunk.size.max = 16MB (=16777216) (default)
2019-07-12 13:06:56,824 INFO  server.RaftServerConfigKeys (ConfUtils.java:logGet(43)) - raft.server.log.appender.buffer.byte-limit = 33554432 (custom)
2019-07-12 13:06:56,824 INFO  server.RaftServerConfigKeys (ConfUtils.java:logGet(43)) - raft.server.log.appender.buffer.element-limit = 1 (custom)
2019-07-12 13:06:56,824 INFO  grpc.GrpcConfigKeys$Server (ConfUtils.java:logGet(43)) - raft.grpc.server.leader.outstanding.appends.max = 128 (default)
2019-07-12 13:06:56,824 INFO  server.RaftServerConfigKeys (ConfUtils.java:logGet(43)) - raft.server.rpc.request.timeout = 3000ms (default)
2019-07-12 13:06:56,825 INFO  server.RaftServerConfigKeys (ConfUtils.java:logGet(43)) - raft.server.log.appender.install.snapshot.enabled = false (custom)
2019-07-12 13:06:56,825 INFO  impl.RoleInfo (RoleInfo.java:updateAndGet(143)) - 5d95a777-d46c-4f4e-a788-35bf385375c9: start LeaderState
2019-07-12 13:06:56,825 INFO  segmented.SegmentedRaftLogWorker (SegmentedRaftLogWorker.java:startLogSegment(380)) - 5d95a777-d46c-4f4e-a788-35bf385375c9-SegmentedRaftLogWorker:Storage Directory /tmp/workdir/hadoop-ozone/integration-test/target/test-dir/MiniOzoneClusterImpl-43ff2e1a-d451-4fff-8786-26b1dea17333/datanode-0/data/ratis/a1e4e0c3-8a02-4324-81a2-368afd4248b2: Starting segment from index:0
2019-07-12 13:06:56,826 INFO  impl.RaftServerImpl (ServerState.java:setRaftConf(361)) - 5d95a777-d46c-4f4e-a788-35bf385375c9:group-368AFD4248B2 set configuration 0: [ecffa412-2664-48a9-b233-9cdcdacbb2b9:192.168.157.212:45685, 5d95a777-d46c-4f4e-a788-35bf385375c9:192.168.157.212:43562, 042a855c-bb36-408f-8f74-1437a5fe725d:192.168.157.212:43856], old=null at 0
2019-07-12 13:06:56,828 INFO  impl.RaftServerImpl (ServerState.java:setLeader(263)) - 042a855c-bb36-408f-8f74-1437a5fe725d:group-368AFD4248B2 change Leader from null to 5d95a777-d46c-4f4e-a788-35bf385375c9 at term 2 for appendEntries, leader elected after 10288ms
2019-07-12 13:06:56,828 INFO  impl.RaftServerImpl (ServerState.java:setLeader(263)) - ecffa412-2664-48a9-b233-9cdcdacbb2b9:group-368AFD4248B2 change Leader from null to 5d95a777-d46c-4f4e-a788-35bf385375c9 at term 2 for appendEntries, leader elected after 10288ms
2019-07-12 13:06:56,833 INFO  impl.RaftServerImpl (ServerState.java:setRaftConf(361)) - 042a855c-bb36-408f-8f74-1437a5fe725d:group-368AFD4248B2 set configuration 0: [ecffa412-2664-48a9-b233-9cdcdacbb2b9:192.168.157.212:45685, 5d95a777-d46c-4f4e-a788-35bf385375c9:192.168.157.212:43562, 042a855c-bb36-408f-8f74-1437a5fe725d:192.168.157.212:43856], old=null at 0
2019-07-12 13:06:56,833 INFO  segmented.SegmentedRaftLogWorker (SegmentedRaftLogWorker.java:startLogSegment(380)) - 042a855c-bb36-408f-8f74-1437a5fe725d-SegmentedRaftLogWorker:Storage Directory /tmp/workdir/hadoop-ozone/integration-test/target/test-dir/MiniOzoneClusterImpl-43ff2e1a-d451-4fff-8786-26b1dea17333/datanode-1/data/ratis/a1e4e0c3-8a02-4324-81a2-368afd4248b2: Starting segment from index:0
2019-07-12 13:06:56,834 INFO  impl.RaftServerImpl (ServerState.java:setRaftConf(361)) - ecffa412-2664-48a9-b233-9cdcdacbb2b9:group-368AFD4248B2 set configuration 0: [ecffa412-2664-48a9-b233-9cdcdacbb2b9:192.168.157.212:45685, 5d95a777-d46c-4f4e-a788-35bf385375c9:192.168.157.212:43562, 042a855c-bb36-408f-8f74-1437a5fe725d:192.168.157.212:43856], old=null at 0
2019-07-12 13:06:56,834 INFO  segmented.SegmentedRaftLogWorker (SegmentedRaftLogWorker.java:startLogSegment(380)) - ecffa412-2664-48a9-b233-9cdcdacbb2b9-SegmentedRaftLogWorker:Storage Directory /tmp/workdir/hadoop-ozone/integration-test/target/test-dir/MiniOzoneClusterImpl-43ff2e1a-d451-4fff-8786-26b1dea17333/datanode-2/data/ratis/a1e4e0c3-8a02-4324-81a2-368afd4248b2: Starting segment from index:0
2019-07-12 13:06:56,864 INFO  segmented.SegmentedRaftLogWorker (SegmentedRaftLogWorker.java:execute(569)) - 5d95a777-d46c-4f4e-a788-35bf385375c9-SegmentedRaftLogWorker:Storage Directory /tmp/workdir/hadoop-ozone/integration-test/target/test-dir/MiniOzoneClusterImpl-43ff2e1a-d451-4fff-8786-26b1dea17333/datanode-0/data/ratis/a1e4e0c3-8a02-4324-81a2-368afd4248b2: created new log segment /tmp/workdir/hadoop-ozone/integration-test/target/test-dir/MiniOzoneClusterImpl-43ff2e1a-d451-4fff-8786-26b1dea17333/datanode-0/data/ratis/a1e4e0c3-8a02-4324-81a2-368afd4248b2/current/log_inprogress_0
2019-07-12 13:06:56,864 INFO  segmented.SegmentedRaftLogWorker (SegmentedRaftLogWorker.java:execute(569)) - ecffa412-2664-48a9-b233-9cdcdacbb2b9-SegmentedRaftLogWorker:Storage Directory /tmp/workdir/hadoop-ozone/integration-test/target/test-dir/MiniOzoneClusterImpl-43ff2e1a-d451-4fff-8786-26b1dea17333/datanode-2/data/ratis/a1e4e0c3-8a02-4324-81a2-368afd4248b2: created new log segment /tmp/workdir/hadoop-ozone/integration-test/target/test-dir/MiniOzoneClusterImpl-43ff2e1a-d451-4fff-8786-26b1dea17333/datanode-2/data/ratis/a1e4e0c3-8a02-4324-81a2-368afd4248b2/current/log_inprogress_0
2019-07-12 13:06:56,864 INFO  segmented.SegmentedRaftLogWorker (SegmentedRaftLogWorker.java:execute(569)) - 042a855c-bb36-408f-8f74-1437a5fe725d-SegmentedRaftLogWorker:Storage Directory /tmp/workdir/hadoop-ozone/integration-test/target/test-dir/MiniOzoneClusterImpl-43ff2e1a-d451-4fff-8786-26b1dea17333/datanode-1/data/ratis/a1e4e0c3-8a02-4324-81a2-368afd4248b2: created new log segment /tmp/workdir/hadoop-ozone/integration-test/target/test-dir/MiniOzoneClusterImpl-43ff2e1a-d451-4fff-8786-26b1dea17333/datanode-1/data/ratis/a1e4e0c3-8a02-4324-81a2-368afd4248b2/current/log_inprogress_0
2019-07-12 13:06:56,913 INFO  client.GrpcClientProtocolClient (GrpcClientProtocolClient.java:onNext(255)) - client-6CEB1FE4E8E7->042a855c-bb36-408f-8f74-1437a5fe725d: receive RaftClientReply:client-6CEB1FE4E8E7->042a855c-bb36-408f-8f74-1437a5fe725d@group-368AFD4248B2, cid=38, FAILED org.apache.ratis.protocol.NotLeaderException: Server 042a855c-bb36-408f-8f74-1437a5fe725d is not the leader (5d95a777-d46c-4f4e-a788-35bf385375c9:192.168.157.212:43562). Request must be sent to leader., logIndex=0, commits[042a855c-bb36-408f-8f74-1437a5fe725d:c-1, ecffa412-2664-48a9-b233-9cdcdacbb2b9:c-1, 5d95a777-d46c-4f4e-a788-35bf385375c9:c-1]
]]></system-out>
    <system-err><![CDATA[Jul 12, 2019 1:06:41 PM com.sun.jersey.server.impl.application.WebApplicationImpl _initiate
INFO: Initiating Jersey application, version 'Jersey: 1.19 02/11/2015 03:25 AM'
Jul 12, 2019 1:06:41 PM com.sun.jersey.server.impl.application.WebApplicationImpl _initiate
INFO: Initiating Jersey application, version 'Jersey: 1.19 02/11/2015 03:25 AM'
Jul 12, 2019 1:06:42 PM com.sun.jersey.server.impl.application.WebApplicationImpl _initiate
INFO: Initiating Jersey application, version 'Jersey: 1.19 02/11/2015 03:25 AM'
Jul 12, 2019 1:06:42 PM com.sun.jersey.server.impl.application.WebApplicationImpl _initiate
INFO: Initiating Jersey application, version 'Jersey: 1.19 02/11/2015 03:25 AM'
Jul 12, 2019 1:06:42 PM com.sun.jersey.server.impl.application.WebApplicationImpl _initiate
INFO: Initiating Jersey application, version 'Jersey: 1.19 02/11/2015 03:25 AM'
Jul 12, 2019 1:06:42 PM com.sun.jersey.server.impl.application.WebApplicationImpl _initiate
INFO: Initiating Jersey application, version 'Jersey: 1.19 02/11/2015 03:25 AM'
Jul 12, 2019 1:06:43 PM com.sun.jersey.server.impl.application.WebApplicationImpl _initiate
INFO: Initiating Jersey application, version 'Jersey: 1.19 02/11/2015 03:25 AM'
]]></system-err>
  </testcase>
  <testcase name="testWatchForCommitForRetryfailure" classname="org.apache.hadoop.ozone.client.rpc.TestWatchForCommit" time="56.446"/>
  <testcase name="testWatchForCommitForGroupMismatchException" classname="org.apache.hadoop.ozone.client.rpc.TestWatchForCommit" time="34.238"/>
  <testcase name="test2WayCommitForTimeoutException" classname="org.apache.hadoop.ozone.client.rpc.TestWatchForCommit" time="37.245"/>
  <testcase name="test2WayCommitForRetryfailure" classname="org.apache.hadoop.ozone.client.rpc.TestWatchForCommit" time="45.387"/>
</testsuite>