<?xml version="1.0" encoding="UTF-8"?>
<testsuite xmlns:xsi="http://www.w3.org/2001/XMLSchema-instance" xsi:noNamespaceSchemaLocation="https://maven.apache.org/surefire/maven-surefire-plugin/xsd/surefire-test-report.xsd" name="org.apache.hadoop.ozone.client.rpc.TestOzoneClientRetriesOnException" time="77.957" tests="2" errors="1" skipped="0" failures="0">
  <properties>
    <property name="awt.toolkit" value="sun.awt.X11.XToolkit"/>
    <property name="file.encoding.pkg" value="sun.io"/>
    <property name="java.specification.version" value="1.8"/>
    <property name="sun.cpu.isalist" value=""/>
    <property name="sun.jnu.encoding" value="UTF-8"/>
    <property name="java.class.path" value="/tmp/workdir/hadoop-ozone/integration-test/target/test-classes:/tmp/workdir/hadoop-ozone/integration-test/target/classes:/home/user/.m2/repository/org/apache/hadoop/hadoop-ozone-common/0.5.0-SNAPSHOT/hadoop-ozone-common-0.5.0-SNAPSHOT.jar:/home/user/.m2/repository/org/apache/commons/commons-compress/1.4.1/commons-compress-1.4.1.jar:/home/user/.m2/repository/org/tukaani/xz/1.0/xz-1.0.jar:/home/user/.m2/repository/org/apache/hadoop/hadoop-common/3.2.0/hadoop-common-3.2.0.jar:/home/user/.m2/repository/org/apache/hadoop/hadoop-hdfs/3.2.0/hadoop-hdfs-3.2.0.jar:/home/user/.m2/repository/org/apache/hadoop/hadoop-hdfs-client/3.2.0/hadoop-hdfs-client-3.2.0.jar:/home/user/.m2/repository/com/fasterxml/jackson/core/jackson-annotations/2.9.5/jackson-annotations-2.9.5.jar:/home/user/.m2/repository/org/apache/hadoop/hadoop-hdds-common/0.5.0-SNAPSHOT/hadoop-hdds-common-0.5.0-SNAPSHOT.jar:/home/user/.m2/repository/javax/annotation/javax.annotation-api/1.2/javax.annotation-api-1.2.jar:/home/user/.m2/repository/org/apache/ratis/ratis-server/0.4.0-2337318-SNAPSHOT/ratis-server-0.4.0-2337318-SNAPSHOT.jar:/home/user/.m2/repository/org/apache/ratis/ratis-thirdparty-misc/0.2.0/ratis-thirdparty-misc-0.2.0.jar:/home/user/.m2/repository/org/apache/ratis/ratis-proto/0.4.0-2337318-SNAPSHOT/ratis-proto-0.4.0-2337318-SNAPSHOT.jar:/home/user/.m2/repository/org/apache/ratis/ratis-common/0.4.0-2337318-SNAPSHOT/ratis-common-0.4.0-2337318-SNAPSHOT.jar:/home/user/.m2/repository/org/apache/ratis/ratis-client/0.4.0-2337318-SNAPSHOT/ratis-client-0.4.0-2337318-SNAPSHOT.jar:/home/user/.m2/repository/org/apache/ratis/ratis-metrics/0.4.0-2337318-SNAPSHOT/ratis-metrics-0.4.0-2337318-SNAPSHOT.jar:/home/user/.m2/repository/org/apache/ratis/ratis-netty/0.4.0-2337318-SNAPSHOT/ratis-netty-0.4.0-2337318-SNAPSHOT.jar:/home/user/.m2/repository/org/apache/ratis/ratis-grpc/0.4.0-2337318-SNAPSHOT/ratis-grpc-0.4.0-2337318-SNAPSHOT.jar:/home/user/.m2/repository/org/rocksdb/rocksdbjni/6.0.1/rocksdbjni-6.0.1.jar:/home/user/.m2/repository/org/apache/logging/log4j/log4j-api/2.11.0/log4j-api-2.11.0.jar:/home/user/.m2/repository/org/apache/logging/log4j/log4j-core/2.11.0/log4j-core-2.11.0.jar:/home/user/.m2/repository/com/lmax/disruptor/3.4.2/disruptor-3.4.2.jar:/home/user/.m2/repository/org/apache/commons/commons-pool2/2.6.0/commons-pool2-2.6.0.jar:/home/user/.m2/repository/org/bouncycastle/bcpkix-jdk15on/1.60/bcpkix-jdk15on-1.60.jar:/home/user/.m2/repository/commons-validator/commons-validator/1.6/commons-validator-1.6.jar:/home/user/.m2/repository/commons-digester/commons-digester/1.8.1/commons-digester-1.8.1.jar:/home/user/.m2/repository/io/jaegertracing/jaeger-client/0.33.1/jaeger-client-0.33.1.jar:/home/user/.m2/repository/io/jaegertracing/jaeger-thrift/0.33.1/jaeger-thrift-0.33.1.jar:/home/user/.m2/repository/org/apache/thrift/libthrift/0.11.0/libthrift-0.11.0.jar:/home/user/.m2/repository/com/squareup/okhttp3/okhttp/3.9.0/okhttp-3.9.0.jar:/home/user/.m2/repository/com/squareup/okio/okio/1.13.0/okio-1.13.0.jar:/home/user/.m2/repository/io/jaegertracing/jaeger-core/0.33.1/jaeger-core-0.33.1.jar:/home/user/.m2/repository/io/jaegertracing/jaeger-tracerresolver/0.33.1/jaeger-tracerresolver-0.33.1.jar:/home/user/.m2/repository/io/opentracing/contrib/opentracing-tracerresolver/0.1.5/opentracing-tracerresolver-0.1.5.jar:/home/user/.m2/repository/io/opentracing/opentracing-util/0.31.0/opentracing-util-0.31.0.jar:/home/user/.m2/repository/io/opentracing/opentracing-api/0.31.0/opentracing-api-0.31.0.jar:/home/user/.m2/repository/io/opentracing/opentracing-noop/0.31.0/opentracing-noop-0.31.0.jar:/home/user/.m2/repository/org/apache/hadoop/hadoop-hdds-server-framework/0.5.0-SNAPSHOT/hadoop-hdds-server-framework-0.5.0-SNAPSHOT.jar:/home/user/.m2/repository/org/apache/hadoop/hadoop-hdds-container-service/0.5.0-SNAPSHOT/hadoop-hdds-container-service-0.5.0-SNAPSHOT.jar:/home/user/.m2/repository/org/apache/hadoop/hadoop-hdds-client/0.5.0-SNAPSHOT/hadoop-hdds-client-0.5.0-SNAPSHOT.jar:/home/user/.m2/repository/org/apache/hadoop/hadoop-hdds-tools/0.5.0-SNAPSHOT/hadoop-hdds-tools-0.5.0-SNAPSHOT.jar:/home/user/.m2/repository/org/apache/hadoop/hadoop-hdds-server-scm/0.5.0-SNAPSHOT/hadoop-hdds-server-scm-0.5.0-SNAPSHOT.jar:/home/user/.m2/repository/org/apache/hadoop/hadoop-hdds-docs/0.5.0-SNAPSHOT/hadoop-hdds-docs-0.5.0-SNAPSHOT.jar:/home/user/.m2/repository/io/dropwizard/metrics/metrics-core/3.2.4/metrics-core-3.2.4.jar:/home/user/.m2/repository/org/hamcrest/hamcrest-all/1.3/hamcrest-all-1.3.jar:/home/user/.m2/repository/org/bouncycastle/bcprov-jdk15on/1.60/bcprov-jdk15on-1.60.jar:/home/user/.m2/repository/info/picocli/picocli/3.9.6/picocli-3.9.6.jar:/home/user/.m2/repository/com/google/protobuf/protobuf-java/2.5.0/protobuf-java-2.5.0.jar:/home/user/.m2/repository/com/google/guava/guava/11.0.2/guava-11.0.2.jar:/home/user/.m2/repository/org/apache/hadoop/hadoop-ozone-ozone-manager/0.5.0-SNAPSHOT/hadoop-ozone-ozone-manager-0.5.0-SNAPSHOT.jar:/home/user/.m2/repository/org/apache/hadoop/hadoop-minikdc/3.2.0/hadoop-minikdc-3.2.0.jar:/home/user/.m2/repository/commons-io/commons-io/2.5/commons-io-2.5.jar:/home/user/.m2/repository/org/apache/kerby/kerb-simplekdc/1.0.1/kerb-simplekdc-1.0.1.jar:/home/user/.m2/repository/org/apache/kerby/kerb-client/1.0.1/kerb-client-1.0.1.jar:/home/user/.m2/repository/org/apache/kerby/kerby-config/1.0.1/kerby-config-1.0.1.jar:/home/user/.m2/repository/org/apache/kerby/kerb-core/1.0.1/kerb-core-1.0.1.jar:/home/user/.m2/repository/org/apache/kerby/kerby-pkix/1.0.1/kerby-pkix-1.0.1.jar:/home/user/.m2/repository/org/apache/kerby/kerby-asn1/1.0.1/kerby-asn1-1.0.1.jar:/home/user/.m2/repository/org/apache/kerby/kerby-util/1.0.1/kerby-util-1.0.1.jar:/home/user/.m2/repository/org/apache/kerby/kerb-common/1.0.1/kerb-common-1.0.1.jar:/home/user/.m2/repository/org/apache/kerby/kerb-crypto/1.0.1/kerb-crypto-1.0.1.jar:/home/user/.m2/repository/org/apache/kerby/kerb-util/1.0.1/kerb-util-1.0.1.jar:/home/user/.m2/repository/org/apache/kerby/token-provider/1.0.1/token-provider-1.0.1.jar:/home/user/.m2/repository/org/apache/kerby/kerb-admin/1.0.1/kerb-admin-1.0.1.jar:/home/user/.m2/repository/org/apache/kerby/kerb-server/1.0.1/kerb-server-1.0.1.jar:/home/user/.m2/repository/org/apache/kerby/kerb-identity/1.0.1/kerb-identity-1.0.1.jar:/home/user/.m2/repository/org/apache/kerby/kerby-xdr/1.0.1/kerby-xdr-1.0.1.jar:/home/user/.m2/repository/org/slf4j/slf4j-log4j12/1.7.25/slf4j-log4j12-1.7.25.jar:/home/user/.m2/repository/org/apache/hadoop/hadoop-ozone-objectstore-service/0.5.0-SNAPSHOT/hadoop-ozone-objectstore-service-0.5.0-SNAPSHOT.jar:/home/user/.m2/repository/org/apache/hadoop/hadoop-ozone-s3gateway/0.5.0-SNAPSHOT/hadoop-ozone-s3gateway-0.5.0-SNAPSHOT.jar:/home/user/.m2/repository/org/jboss/weld/servlet/weld-servlet/2.4.7.Final/weld-servlet-2.4.7.Final.jar:/home/user/.m2/repository/org/glassfish/jersey/containers/jersey-container-servlet-core/2.27/jersey-container-servlet-core-2.27.jar:/home/user/.m2/repository/org/glassfish/hk2/external/javax.inject/2.5.0-b42/javax.inject-2.5.0-b42.jar:/home/user/.m2/repository/org/glassfish/jersey/core/jersey-common/2.27/jersey-common-2.27.jar:/home/user/.m2/repository/org/glassfish/hk2/osgi-resource-locator/1.0.1/osgi-resource-locator-1.0.1.jar:/home/user/.m2/repository/javax/ws/rs/javax.ws.rs-api/2.1/javax.ws.rs-api-2.1.jar:/home/user/.m2/repository/org/glassfish/jersey/ext/cdi/jersey-cdi1x/2.27/jersey-cdi1x-2.27.jar:/home/user/.m2/repository/org/glassfish/jersey/inject/jersey-hk2/2.27/jersey-hk2-2.27.jar:/home/user/.m2/repository/org/glassfish/hk2/hk2-locator/2.5.0-b42/hk2-locator-2.5.0-b42.jar:/home/user/.m2/repository/org/javassist/javassist/3.22.0-CR2/javassist-3.22.0-CR2.jar:/home/user/.m2/repository/org/glassfish/hk2/hk2-api/2.5.0/hk2-api-2.5.0.jar:/home/user/.m2/repository/org/glassfish/hk2/external/jakarta.inject/2.5.0/jakarta.inject-2.5.0.jar:/home/user/.m2/repository/org/glassfish/hk2/hk2-utils/2.5.0/hk2-utils-2.5.0.jar:/home/user/.m2/repository/jakarta/annotation/jakarta.annotation-api/1.3.4/jakarta.annotation-api-1.3.4.jar:/home/user/.m2/repository/org/glassfish/hk2/external/aopalliance-repackaged/2.5.0/aopalliance-repackaged-2.5.0.jar:/home/user/.m2/repository/com/fasterxml/jackson/dataformat/jackson-dataformat-xml/2.9.0/jackson-dataformat-xml-2.9.0.jar:/home/user/.m2/repository/com/fasterxml/jackson/core/jackson-core/2.9.5/jackson-core-2.9.5.jar:/home/user/.m2/repository/com/fasterxml/jackson/module/jackson-module-jaxb-annotations/2.9.5/jackson-module-jaxb-annotations-2.9.5.jar:/home/user/.m2/repository/javax/enterprise/cdi-api/1.2/cdi-api-1.2.jar:/home/user/.m2/repository/javax/el/javax.el-api/3.0.0/javax.el-api-3.0.0.jar:/home/user/.m2/repository/javax/interceptor/javax.interceptor-api/1.2/javax.interceptor-api-1.2.jar:/home/user/.m2/repository/javax/inject/javax.inject/1/javax.inject-1.jar:/home/user/.m2/repository/com/sun/xml/bind/jaxb-impl/2.3.0.1/jaxb-impl-2.3.0.1.jar:/home/user/.m2/repository/com/sun/xml/bind/jaxb-core/2.3.0.1/jaxb-core-2.3.0.1.jar:/home/user/.m2/repository/javax/xml/bind/jaxb-api/2.3.0/jaxb-api-2.3.0.jar:/home/user/.m2/repository/javax/activation/activation/1.1.1/activation-1.1.1.jar:/home/user/.m2/repository/org/apache/hadoop/hadoop-ozone-csi/0.5.0-SNAPSHOT/hadoop-ozone-csi-0.5.0-SNAPSHOT.jar:/home/user/.m2/repository/com/google/protobuf/protobuf-java-util/3.5.1/protobuf-java-util-3.5.1.jar:/home/user/.m2/repository/org/apache/hadoop/hadoop-hdds-config/0.5.0-SNAPSHOT/hadoop-hdds-config-0.5.0-SNAPSHOT.jar:/home/user/.m2/repository/io/grpc/grpc-netty/1.17.1/grpc-netty-1.17.1.jar:/home/user/.m2/repository/io/grpc/grpc-core/1.17.1/grpc-core-1.17.1.jar:/home/user/.m2/repository/io/grpc/grpc-context/1.17.1/grpc-context-1.17.1.jar:/home/user/.m2/repository/com/google/errorprone/error_prone_annotations/2.2.0/error_prone_annotations-2.2.0.jar:/home/user/.m2/repository/org/codehaus/mojo/animal-sniffer-annotations/1.17/animal-sniffer-annotations-1.17.jar:/home/user/.m2/repository/io/opencensus/opencensus-api/0.17.0/opencensus-api-0.17.0.jar:/home/user/.m2/repository/io/opencensus/opencensus-contrib-grpc-metrics/0.17.0/opencensus-contrib-grpc-metrics-0.17.0.jar:/home/user/.m2/repository/io/netty/netty-codec-http2/4.1.30.Final/netty-codec-http2-4.1.30.Final.jar:/home/user/.m2/repository/io/netty/netty-codec-http/4.1.30.Final/netty-codec-http-4.1.30.Final.jar:/home/user/.m2/repository/io/netty/netty-codec/4.1.30.Final/netty-codec-4.1.30.Final.jar:/home/user/.m2/repository/io/netty/netty-handler/4.1.30.Final/netty-handler-4.1.30.Final.jar:/home/user/.m2/repository/io/netty/netty-handler-proxy/4.1.30.Final/netty-handler-proxy-4.1.30.Final.jar:/home/user/.m2/repository/io/netty/netty-codec-socks/4.1.30.Final/netty-codec-socks-4.1.30.Final.jar:/home/user/.m2/repository/io/netty/netty-transport-native-epoll/4.1.30.Final/netty-transport-native-epoll-4.1.30.Final.jar:/home/user/.m2/repository/io/netty/netty-common/4.1.30.Final/netty-common-4.1.30.Final.jar:/home/user/.m2/repository/io/netty/netty-buffer/4.1.30.Final/netty-buffer-4.1.30.Final.jar:/home/user/.m2/repository/io/netty/netty-transport/4.1.30.Final/netty-transport-4.1.30.Final.jar:/home/user/.m2/repository/io/netty/netty-resolver/4.1.30.Final/netty-resolver-4.1.30.Final.jar:/home/user/.m2/repository/io/netty/netty-transport-native-unix-common/4.1.30.Final/netty-transport-native-unix-common-4.1.30.Final.jar:/home/user/.m2/repository/io/grpc/grpc-protobuf/1.17.1/grpc-protobuf-1.17.1.jar:/home/user/.m2/repository/com/google/api/grpc/proto-google-common-protos/1.0.0/proto-google-common-protos-1.0.0.jar:/home/user/.m2/repository/io/grpc/grpc-protobuf-lite/1.17.1/grpc-protobuf-lite-1.17.1.jar:/home/user/.m2/repository/io/grpc/grpc-stub/1.17.1/grpc-stub-1.17.1.jar:/home/user/.m2/repository/org/apache/hadoop/hadoop-ozone-recon/0.5.0-SNAPSHOT/hadoop-ozone-recon-0.5.0-SNAPSHOT.jar:/home/user/.m2/repository/org/apache/hadoop/hadoop-ozone-reconcodegen/0.5.0-SNAPSHOT/hadoop-ozone-reconcodegen-0.5.0-SNAPSHOT.jar:/home/user/.m2/repository/com/google/inject/extensions/guice-multibindings/4.0/guice-multibindings-4.0.jar:/home/user/.m2/repository/com/google/inject/guice/4.0/guice-4.0.jar:/home/user/.m2/repository/aopalliance/aopalliance/1.0/aopalliance-1.0.jar:/home/user/.m2/repository/com/google/inject/extensions/guice-servlet/4.0/guice-servlet-4.0.jar:/home/user/.m2/repository/org/glassfish/jersey/containers/jersey-container-servlet/2.27/jersey-container-servlet-2.27.jar:/home/user/.m2/repository/org/glassfish/hk2/guice-bridge/2.5.0/guice-bridge-2.5.0.jar:/home/user/.m2/repository/org/glassfish/jersey/core/jersey-server/2.27/jersey-server-2.27.jar:/home/user/.m2/repository/org/glassfish/jersey/core/jersey-client/2.27/jersey-client-2.27.jar:/home/user/.m2/repository/org/glassfish/jersey/media/jersey-media-jaxb/2.27/jersey-media-jaxb-2.27.jar:/home/user/.m2/repository/javax/validation/validation-api/1.1.0.Final/validation-api-1.1.0.Final.jar:/home/user/.m2/repository/org/glassfish/jersey/media/jersey-media-json-jackson/2.27/jersey-media-json-jackson-2.27.jar:/home/user/.m2/repository/org/glassfish/jersey/ext/jersey-entity-filtering/2.27/jersey-entity-filtering-2.27.jar:/home/user/.m2/repository/com/google/inject/extensions/guice-assistedinject/4.0/guice-assistedinject-4.0.jar:/home/user/.m2/repository/org/jooq/jooq/3.11.10/jooq-3.11.10.jar:/home/user/.m2/repository/org/jooq/jooq-meta/3.11.10/jooq-meta-3.11.10.jar:/home/user/.m2/repository/org/jooq/jooq-codegen/3.11.10/jooq-codegen-3.11.10.jar:/home/user/.m2/repository/com/jolbox/bonecp/0.8.0.RELEASE/bonecp-0.8.0.RELEASE.jar:/home/user/.m2/repository/org/xerial/sqlite-jdbc/3.25.2/sqlite-jdbc-3.25.2.jar:/home/user/.m2/repository/org/springframework/spring-jdbc/5.1.3.RELEASE/spring-jdbc-5.1.3.RELEASE.jar:/home/user/.m2/repository/org/springframework/spring-beans/5.1.3.RELEASE/spring-beans-5.1.3.RELEASE.jar:/home/user/.m2/repository/org/springframework/spring-core/5.1.3.RELEASE/spring-core-5.1.3.RELEASE.jar:/home/user/.m2/repository/org/springframework/spring-jcl/5.1.3.RELEASE/spring-jcl-5.1.3.RELEASE.jar:/home/user/.m2/repository/org/springframework/spring-tx/5.1.3.RELEASE/spring-tx-5.1.3.RELEASE.jar:/home/user/.m2/repository/org/apache/hadoop/hadoop-ozone-client/0.5.0-SNAPSHOT/hadoop-ozone-client-0.5.0-SNAPSHOT.jar:/home/user/.m2/repository/commons-lang/commons-lang/2.6/commons-lang-2.6.jar:/home/user/.m2/repository/org/apache/hadoop/hadoop-ozone-ozone-manager/0.5.0-SNAPSHOT/hadoop-ozone-ozone-manager-0.5.0-SNAPSHOT-tests.jar:/home/user/.m2/repository/junit/junit/4.11/junit-4.11.jar:/home/user/.m2/repository/org/hamcrest/hamcrest-core/1.3/hamcrest-core-1.3.jar:/home/user/.m2/repository/org/openjdk/jmh/jmh-core/1.19/jmh-core-1.19.jar:/home/user/.m2/repository/net/sf/jopt-simple/jopt-simple/4.6/jopt-simple-4.6.jar:/home/user/.m2/repository/org/apache/commons/commons-math3/3.1.1/commons-math3-3.1.1.jar:/home/user/.m2/repository/org/openjdk/jmh/jmh-generator-annprocess/1.19/jmh-generator-annprocess-1.19.jar:/home/user/.m2/repository/org/mockito/mockito-all/1.8.5/mockito-all-1.8.5.jar:/home/user/.m2/repository/org/apache/hadoop/hadoop-kms/3.2.0/hadoop-kms-3.2.0.jar:/home/user/.m2/repository/org/apache/hadoop/hadoop-auth/3.2.0/hadoop-auth-3.2.0.jar:/home/user/.m2/repository/com/nimbusds/nimbus-jose-jwt/4.41.1/nimbus-jose-jwt-4.41.1.jar:/home/user/.m2/repository/com/github/stephenc/jcip/jcip-annotations/1.0-1/jcip-annotations-1.0-1.jar:/home/user/.m2/repository/net/minidev/json-smart/2.3/json-smart-2.3.jar:/home/user/.m2/repository/net/minidev/accessors-smart/1.2/accessors-smart-1.2.jar:/home/user/.m2/repository/org/ow2/asm/asm/5.0.4/asm-5.0.4.jar:/home/user/.m2/repository/org/apache/curator/curator-framework/2.12.0/curator-framework-2.12.0.jar:/home/user/.m2/repository/com/sun/jersey/jersey-core/1.19/jersey-core-1.19.jar:/home/user/.m2/repository/javax/ws/rs/jsr311-api/1.1.1/jsr311-api-1.1.1.jar:/home/user/.m2/repository/com/sun/jersey/jersey-server/1.19/jersey-server-1.19.jar:/home/user/.m2/repository/javax/servlet/javax.servlet-api/3.1.0/javax.servlet-api-3.1.0.jar:/home/user/.m2/repository/org/eclipse/jetty/jetty-server/9.3.24.v20180605/jetty-server-9.3.24.v20180605.jar:/home/user/.m2/repository/org/eclipse/jetty/jetty-http/9.3.24.v20180605/jetty-http-9.3.24.v20180605.jar:/home/user/.m2/repository/org/eclipse/jetty/jetty-io/9.3.24.v20180605/jetty-io-9.3.24.v20180605.jar:/home/user/.m2/repository/org/eclipse/jetty/jetty-webapp/9.3.24.v20180605/jetty-webapp-9.3.24.v20180605.jar:/home/user/.m2/repository/org/eclipse/jetty/jetty-xml/9.3.24.v20180605/jetty-xml-9.3.24.v20180605.jar:/home/user/.m2/repository/log4j/log4j/1.2.17/log4j-1.2.17.jar:/home/user/.m2/repository/org/slf4j/slf4j-api/1.7.25/slf4j-api-1.7.25.jar:/home/user/.m2/repository/org/slf4j/jul-to-slf4j/1.7.25/jul-to-slf4j-1.7.25.jar:/home/user/.m2/repository/org/eclipse/jetty/jetty-util/9.3.24.v20180605/jetty-util-9.3.24.v20180605.jar:/home/user/.m2/repository/com/fasterxml/jackson/core/jackson-databind/2.9.5/jackson-databind-2.9.5.jar:/home/user/.m2/repository/org/apache/hadoop/hadoop-kms/3.2.0/hadoop-kms-3.2.0-tests.jar:/home/user/.m2/repository/org/apache/hadoop/hadoop-hdds-server-scm/0.5.0-SNAPSHOT/hadoop-hdds-server-scm-0.5.0-SNAPSHOT-tests.jar:/home/user/.m2/repository/org/apache/hadoop/hadoop-hdds-container-service/0.5.0-SNAPSHOT/hadoop-hdds-container-service-0.5.0-SNAPSHOT-tests.jar:/home/user/.m2/repository/org/yaml/snakeyaml/1.16/snakeyaml-1.16.jar:/home/user/.m2/repository/org/apache/hadoop/hadoop-common/3.2.0/hadoop-common-3.2.0-tests.jar:/home/user/.m2/repository/org/apache/hadoop/hadoop-annotations/3.2.0/hadoop-annotations-3.2.0.jar:/usr/lib/jvm/java-1.8-openjdk/jre/../lib/tools.jar:/home/user/.m2/repository/commons-cli/commons-cli/1.2/commons-cli-1.2.jar:/home/user/.m2/repository/org/apache/httpcomponents/httpclient/4.5.2/httpclient-4.5.2.jar:/home/user/.m2/repository/org/apache/httpcomponents/httpcore/4.4.4/httpcore-4.4.4.jar:/home/user/.m2/repository/commons-codec/commons-codec/1.11/commons-codec-1.11.jar:/home/user/.m2/repository/commons-net/commons-net/3.6/commons-net-3.6.jar:/home/user/.m2/repository/commons-collections/commons-collections/3.2.2/commons-collections-3.2.2.jar:/home/user/.m2/repository/org/eclipse/jetty/jetty-servlet/9.3.24.v20180605/jetty-servlet-9.3.24.v20180605.jar:/home/user/.m2/repository/org/eclipse/jetty/jetty-security/9.3.24.v20180605/jetty-security-9.3.24.v20180605.jar:/home/user/.m2/repository/javax/servlet/jsp/jsp-api/2.1/jsp-api-2.1.jar:/home/user/.m2/repository/com/sun/jersey/jersey-servlet/1.19/jersey-servlet-1.19.jar:/home/user/.m2/repository/com/sun/jersey/jersey-json/1.19/jersey-json-1.19.jar:/home/user/.m2/repository/org/codehaus/jettison/jettison/1.1/jettison-1.1.jar:/home/user/.m2/repository/org/codehaus/jackson/jackson-core-asl/1.9.13/jackson-core-asl-1.9.13.jar:/home/user/.m2/repository/org/codehaus/jackson/jackson-mapper-asl/1.9.13/jackson-mapper-asl-1.9.13.jar:/home/user/.m2/repository/org/codehaus/jackson/jackson-jaxrs/1.9.13/jackson-jaxrs-1.9.13.jar:/home/user/.m2/repository/org/codehaus/jackson/jackson-xc/1.9.13/jackson-xc-1.9.13.jar:/home/user/.m2/repository/commons-logging/commons-logging/1.1.3/commons-logging-1.1.3.jar:/home/user/.m2/repository/commons-beanutils/commons-beanutils/1.9.3/commons-beanutils-1.9.3.jar:/home/user/.m2/repository/org/apache/commons/commons-configuration2/2.1.1/commons-configuration2-2.1.1.jar:/home/user/.m2/repository/org/apache/commons/commons-lang3/3.7/commons-lang3-3.7.jar:/home/user/.m2/repository/org/apache/commons/commons-text/1.4/commons-text-1.4.jar:/home/user/.m2/repository/org/apache/avro/avro/1.7.7/avro-1.7.7.jar:/home/user/.m2/repository/com/thoughtworks/paranamer/paranamer/2.3/paranamer-2.3.jar:/home/user/.m2/repository/org/xerial/snappy/snappy-java/1.0.5/snappy-java-1.0.5.jar:/home/user/.m2/repository/com/google/re2j/re2j/1.1/re2j-1.1.jar:/home/user/.m2/repository/com/google/code/gson/gson/2.2.4/gson-2.2.4.jar:/home/user/.m2/repository/com/jcraft/jsch/0.1.54/jsch-0.1.54.jar:/home/user/.m2/repository/org/apache/curator/curator-client/2.12.0/curator-client-2.12.0.jar:/home/user/.m2/repository/org/apache/curator/curator-recipes/2.12.0/curator-recipes-2.12.0.jar:/home/user/.m2/repository/com/google/code/findbugs/jsr305/3.0.0/jsr305-3.0.0.jar:/home/user/.m2/repository/org/apache/htrace/htrace-core4/4.1.0-incubating/htrace-core4-4.1.0-incubating.jar:/home/user/.m2/repository/org/apache/zookeeper/zookeeper/3.4.13/zookeeper-3.4.13.jar:/home/user/.m2/repository/org/apache/yetus/audience-annotations/0.5.0/audience-annotations-0.5.0.jar:/home/user/.m2/repository/org/codehaus/woodstox/stax2-api/3.1.4/stax2-api-3.1.4.jar:/home/user/.m2/repository/com/fasterxml/woodstox/woodstox-core/5.0.3/woodstox-core-5.0.3.jar:/home/user/.m2/repository/dnsjava/dnsjava/2.1.7/dnsjava-2.1.7.jar:/home/user/.m2/repository/org/apache/hadoop/hadoop-hdfs/3.2.0/hadoop-hdfs-3.2.0-tests.jar:/home/user/.m2/repository/org/eclipse/jetty/jetty-util-ajax/9.3.24.v20180605/jetty-util-ajax-9.3.24.v20180605.jar:/home/user/.m2/repository/commons-daemon/commons-daemon/1.0.13/commons-daemon-1.0.13.jar:/home/user/.m2/repository/io/netty/netty/3.10.5.Final/netty-3.10.5.Final.jar:/home/user/.m2/repository/io/netty/netty-all/4.0.52.Final/netty-all-4.0.52.Final.jar:/home/user/.m2/repository/org/fusesource/leveldbjni/leveldbjni-all/1.8/leveldbjni-all-1.8.jar:"/>
    <property name="java.vm.vendor" value="IcedTea"/>
    <property name="sun.arch.data.model" value="64"/>
    <property name="test.build.dir" value="/tmp/workdir/hadoop-ozone/integration-test/target/test-dir"/>
    <property name="test.cache.data" value=""/>
    <property name="java.vendor.url" value="https://icedtea.classpath.org"/>
    <property name="user.timezone" value=""/>
    <property name="java.vm.specification.version" value="1.8"/>
    <property name="os.name" value="Linux"/>
    <property name="test.build.data" value="/tmp/workdir/hadoop-ozone/integration-test/target/test-dir"/>
    <property name="user.country" value="US"/>
    <property name="sun.java.launcher" value="SUN_STANDARD"/>
    <property name="sun.boot.library.path" value="/usr/lib/jvm/java-1.8-openjdk/jre/lib/amd64"/>
    <property name="sun.java.command" value="/tmp/workdir/hadoop-ozone/integration-test/target/surefire/surefirebooter6348939243585213250.jar /tmp/workdir/hadoop-ozone/integration-test/target/surefire 2019-07-12T12-18-11_956-jvmRun1 surefire7099077422890031274tmp surefire_405853181442452567837tmp"/>
    <property name="surefire.test.class.path" value="/tmp/workdir/hadoop-ozone/integration-test/target/test-classes:/tmp/workdir/hadoop-ozone/integration-test/target/classes:/home/user/.m2/repository/org/apache/hadoop/hadoop-ozone-common/0.5.0-SNAPSHOT/hadoop-ozone-common-0.5.0-SNAPSHOT.jar:/home/user/.m2/repository/org/apache/commons/commons-compress/1.4.1/commons-compress-1.4.1.jar:/home/user/.m2/repository/org/tukaani/xz/1.0/xz-1.0.jar:/home/user/.m2/repository/org/apache/hadoop/hadoop-common/3.2.0/hadoop-common-3.2.0.jar:/home/user/.m2/repository/org/apache/hadoop/hadoop-hdfs/3.2.0/hadoop-hdfs-3.2.0.jar:/home/user/.m2/repository/org/apache/hadoop/hadoop-hdfs-client/3.2.0/hadoop-hdfs-client-3.2.0.jar:/home/user/.m2/repository/com/fasterxml/jackson/core/jackson-annotations/2.9.5/jackson-annotations-2.9.5.jar:/home/user/.m2/repository/org/apache/hadoop/hadoop-hdds-common/0.5.0-SNAPSHOT/hadoop-hdds-common-0.5.0-SNAPSHOT.jar:/home/user/.m2/repository/javax/annotation/javax.annotation-api/1.2/javax.annotation-api-1.2.jar:/home/user/.m2/repository/org/apache/ratis/ratis-server/0.4.0-2337318-SNAPSHOT/ratis-server-0.4.0-2337318-SNAPSHOT.jar:/home/user/.m2/repository/org/apache/ratis/ratis-thirdparty-misc/0.2.0/ratis-thirdparty-misc-0.2.0.jar:/home/user/.m2/repository/org/apache/ratis/ratis-proto/0.4.0-2337318-SNAPSHOT/ratis-proto-0.4.0-2337318-SNAPSHOT.jar:/home/user/.m2/repository/org/apache/ratis/ratis-common/0.4.0-2337318-SNAPSHOT/ratis-common-0.4.0-2337318-SNAPSHOT.jar:/home/user/.m2/repository/org/apache/ratis/ratis-client/0.4.0-2337318-SNAPSHOT/ratis-client-0.4.0-2337318-SNAPSHOT.jar:/home/user/.m2/repository/org/apache/ratis/ratis-metrics/0.4.0-2337318-SNAPSHOT/ratis-metrics-0.4.0-2337318-SNAPSHOT.jar:/home/user/.m2/repository/org/apache/ratis/ratis-netty/0.4.0-2337318-SNAPSHOT/ratis-netty-0.4.0-2337318-SNAPSHOT.jar:/home/user/.m2/repository/org/apache/ratis/ratis-grpc/0.4.0-2337318-SNAPSHOT/ratis-grpc-0.4.0-2337318-SNAPSHOT.jar:/home/user/.m2/repository/org/rocksdb/rocksdbjni/6.0.1/rocksdbjni-6.0.1.jar:/home/user/.m2/repository/org/apache/logging/log4j/log4j-api/2.11.0/log4j-api-2.11.0.jar:/home/user/.m2/repository/org/apache/logging/log4j/log4j-core/2.11.0/log4j-core-2.11.0.jar:/home/user/.m2/repository/com/lmax/disruptor/3.4.2/disruptor-3.4.2.jar:/home/user/.m2/repository/org/apache/commons/commons-pool2/2.6.0/commons-pool2-2.6.0.jar:/home/user/.m2/repository/org/bouncycastle/bcpkix-jdk15on/1.60/bcpkix-jdk15on-1.60.jar:/home/user/.m2/repository/commons-validator/commons-validator/1.6/commons-validator-1.6.jar:/home/user/.m2/repository/commons-digester/commons-digester/1.8.1/commons-digester-1.8.1.jar:/home/user/.m2/repository/io/jaegertracing/jaeger-client/0.33.1/jaeger-client-0.33.1.jar:/home/user/.m2/repository/io/jaegertracing/jaeger-thrift/0.33.1/jaeger-thrift-0.33.1.jar:/home/user/.m2/repository/org/apache/thrift/libthrift/0.11.0/libthrift-0.11.0.jar:/home/user/.m2/repository/com/squareup/okhttp3/okhttp/3.9.0/okhttp-3.9.0.jar:/home/user/.m2/repository/com/squareup/okio/okio/1.13.0/okio-1.13.0.jar:/home/user/.m2/repository/io/jaegertracing/jaeger-core/0.33.1/jaeger-core-0.33.1.jar:/home/user/.m2/repository/io/jaegertracing/jaeger-tracerresolver/0.33.1/jaeger-tracerresolver-0.33.1.jar:/home/user/.m2/repository/io/opentracing/contrib/opentracing-tracerresolver/0.1.5/opentracing-tracerresolver-0.1.5.jar:/home/user/.m2/repository/io/opentracing/opentracing-util/0.31.0/opentracing-util-0.31.0.jar:/home/user/.m2/repository/io/opentracing/opentracing-api/0.31.0/opentracing-api-0.31.0.jar:/home/user/.m2/repository/io/opentracing/opentracing-noop/0.31.0/opentracing-noop-0.31.0.jar:/home/user/.m2/repository/org/apache/hadoop/hadoop-hdds-server-framework/0.5.0-SNAPSHOT/hadoop-hdds-server-framework-0.5.0-SNAPSHOT.jar:/home/user/.m2/repository/org/apache/hadoop/hadoop-hdds-container-service/0.5.0-SNAPSHOT/hadoop-hdds-container-service-0.5.0-SNAPSHOT.jar:/home/user/.m2/repository/org/apache/hadoop/hadoop-hdds-client/0.5.0-SNAPSHOT/hadoop-hdds-client-0.5.0-SNAPSHOT.jar:/home/user/.m2/repository/org/apache/hadoop/hadoop-hdds-tools/0.5.0-SNAPSHOT/hadoop-hdds-tools-0.5.0-SNAPSHOT.jar:/home/user/.m2/repository/org/apache/hadoop/hadoop-hdds-server-scm/0.5.0-SNAPSHOT/hadoop-hdds-server-scm-0.5.0-SNAPSHOT.jar:/home/user/.m2/repository/org/apache/hadoop/hadoop-hdds-docs/0.5.0-SNAPSHOT/hadoop-hdds-docs-0.5.0-SNAPSHOT.jar:/home/user/.m2/repository/io/dropwizard/metrics/metrics-core/3.2.4/metrics-core-3.2.4.jar:/home/user/.m2/repository/org/hamcrest/hamcrest-all/1.3/hamcrest-all-1.3.jar:/home/user/.m2/repository/org/bouncycastle/bcprov-jdk15on/1.60/bcprov-jdk15on-1.60.jar:/home/user/.m2/repository/info/picocli/picocli/3.9.6/picocli-3.9.6.jar:/home/user/.m2/repository/com/google/protobuf/protobuf-java/2.5.0/protobuf-java-2.5.0.jar:/home/user/.m2/repository/com/google/guava/guava/11.0.2/guava-11.0.2.jar:/home/user/.m2/repository/org/apache/hadoop/hadoop-ozone-ozone-manager/0.5.0-SNAPSHOT/hadoop-ozone-ozone-manager-0.5.0-SNAPSHOT.jar:/home/user/.m2/repository/org/apache/hadoop/hadoop-minikdc/3.2.0/hadoop-minikdc-3.2.0.jar:/home/user/.m2/repository/commons-io/commons-io/2.5/commons-io-2.5.jar:/home/user/.m2/repository/org/apache/kerby/kerb-simplekdc/1.0.1/kerb-simplekdc-1.0.1.jar:/home/user/.m2/repository/org/apache/kerby/kerb-client/1.0.1/kerb-client-1.0.1.jar:/home/user/.m2/repository/org/apache/kerby/kerby-config/1.0.1/kerby-config-1.0.1.jar:/home/user/.m2/repository/org/apache/kerby/kerb-core/1.0.1/kerb-core-1.0.1.jar:/home/user/.m2/repository/org/apache/kerby/kerby-pkix/1.0.1/kerby-pkix-1.0.1.jar:/home/user/.m2/repository/org/apache/kerby/kerby-asn1/1.0.1/kerby-asn1-1.0.1.jar:/home/user/.m2/repository/org/apache/kerby/kerby-util/1.0.1/kerby-util-1.0.1.jar:/home/user/.m2/repository/org/apache/kerby/kerb-common/1.0.1/kerb-common-1.0.1.jar:/home/user/.m2/repository/org/apache/kerby/kerb-crypto/1.0.1/kerb-crypto-1.0.1.jar:/home/user/.m2/repository/org/apache/kerby/kerb-util/1.0.1/kerb-util-1.0.1.jar:/home/user/.m2/repository/org/apache/kerby/token-provider/1.0.1/token-provider-1.0.1.jar:/home/user/.m2/repository/org/apache/kerby/kerb-admin/1.0.1/kerb-admin-1.0.1.jar:/home/user/.m2/repository/org/apache/kerby/kerb-server/1.0.1/kerb-server-1.0.1.jar:/home/user/.m2/repository/org/apache/kerby/kerb-identity/1.0.1/kerb-identity-1.0.1.jar:/home/user/.m2/repository/org/apache/kerby/kerby-xdr/1.0.1/kerby-xdr-1.0.1.jar:/home/user/.m2/repository/org/slf4j/slf4j-log4j12/1.7.25/slf4j-log4j12-1.7.25.jar:/home/user/.m2/repository/org/apache/hadoop/hadoop-ozone-objectstore-service/0.5.0-SNAPSHOT/hadoop-ozone-objectstore-service-0.5.0-SNAPSHOT.jar:/home/user/.m2/repository/org/apache/hadoop/hadoop-ozone-s3gateway/0.5.0-SNAPSHOT/hadoop-ozone-s3gateway-0.5.0-SNAPSHOT.jar:/home/user/.m2/repository/org/jboss/weld/servlet/weld-servlet/2.4.7.Final/weld-servlet-2.4.7.Final.jar:/home/user/.m2/repository/org/glassfish/jersey/containers/jersey-container-servlet-core/2.27/jersey-container-servlet-core-2.27.jar:/home/user/.m2/repository/org/glassfish/hk2/external/javax.inject/2.5.0-b42/javax.inject-2.5.0-b42.jar:/home/user/.m2/repository/org/glassfish/jersey/core/jersey-common/2.27/jersey-common-2.27.jar:/home/user/.m2/repository/org/glassfish/hk2/osgi-resource-locator/1.0.1/osgi-resource-locator-1.0.1.jar:/home/user/.m2/repository/javax/ws/rs/javax.ws.rs-api/2.1/javax.ws.rs-api-2.1.jar:/home/user/.m2/repository/org/glassfish/jersey/ext/cdi/jersey-cdi1x/2.27/jersey-cdi1x-2.27.jar:/home/user/.m2/repository/org/glassfish/jersey/inject/jersey-hk2/2.27/jersey-hk2-2.27.jar:/home/user/.m2/repository/org/glassfish/hk2/hk2-locator/2.5.0-b42/hk2-locator-2.5.0-b42.jar:/home/user/.m2/repository/org/javassist/javassist/3.22.0-CR2/javassist-3.22.0-CR2.jar:/home/user/.m2/repository/org/glassfish/hk2/hk2-api/2.5.0/hk2-api-2.5.0.jar:/home/user/.m2/repository/org/glassfish/hk2/external/jakarta.inject/2.5.0/jakarta.inject-2.5.0.jar:/home/user/.m2/repository/org/glassfish/hk2/hk2-utils/2.5.0/hk2-utils-2.5.0.jar:/home/user/.m2/repository/jakarta/annotation/jakarta.annotation-api/1.3.4/jakarta.annotation-api-1.3.4.jar:/home/user/.m2/repository/org/glassfish/hk2/external/aopalliance-repackaged/2.5.0/aopalliance-repackaged-2.5.0.jar:/home/user/.m2/repository/com/fasterxml/jackson/dataformat/jackson-dataformat-xml/2.9.0/jackson-dataformat-xml-2.9.0.jar:/home/user/.m2/repository/com/fasterxml/jackson/core/jackson-core/2.9.5/jackson-core-2.9.5.jar:/home/user/.m2/repository/com/fasterxml/jackson/module/jackson-module-jaxb-annotations/2.9.5/jackson-module-jaxb-annotations-2.9.5.jar:/home/user/.m2/repository/javax/enterprise/cdi-api/1.2/cdi-api-1.2.jar:/home/user/.m2/repository/javax/el/javax.el-api/3.0.0/javax.el-api-3.0.0.jar:/home/user/.m2/repository/javax/interceptor/javax.interceptor-api/1.2/javax.interceptor-api-1.2.jar:/home/user/.m2/repository/javax/inject/javax.inject/1/javax.inject-1.jar:/home/user/.m2/repository/com/sun/xml/bind/jaxb-impl/2.3.0.1/jaxb-impl-2.3.0.1.jar:/home/user/.m2/repository/com/sun/xml/bind/jaxb-core/2.3.0.1/jaxb-core-2.3.0.1.jar:/home/user/.m2/repository/javax/xml/bind/jaxb-api/2.3.0/jaxb-api-2.3.0.jar:/home/user/.m2/repository/javax/activation/activation/1.1.1/activation-1.1.1.jar:/home/user/.m2/repository/org/apache/hadoop/hadoop-ozone-csi/0.5.0-SNAPSHOT/hadoop-ozone-csi-0.5.0-SNAPSHOT.jar:/home/user/.m2/repository/com/google/protobuf/protobuf-java-util/3.5.1/protobuf-java-util-3.5.1.jar:/home/user/.m2/repository/org/apache/hadoop/hadoop-hdds-config/0.5.0-SNAPSHOT/hadoop-hdds-config-0.5.0-SNAPSHOT.jar:/home/user/.m2/repository/io/grpc/grpc-netty/1.17.1/grpc-netty-1.17.1.jar:/home/user/.m2/repository/io/grpc/grpc-core/1.17.1/grpc-core-1.17.1.jar:/home/user/.m2/repository/io/grpc/grpc-context/1.17.1/grpc-context-1.17.1.jar:/home/user/.m2/repository/com/google/errorprone/error_prone_annotations/2.2.0/error_prone_annotations-2.2.0.jar:/home/user/.m2/repository/org/codehaus/mojo/animal-sniffer-annotations/1.17/animal-sniffer-annotations-1.17.jar:/home/user/.m2/repository/io/opencensus/opencensus-api/0.17.0/opencensus-api-0.17.0.jar:/home/user/.m2/repository/io/opencensus/opencensus-contrib-grpc-metrics/0.17.0/opencensus-contrib-grpc-metrics-0.17.0.jar:/home/user/.m2/repository/io/netty/netty-codec-http2/4.1.30.Final/netty-codec-http2-4.1.30.Final.jar:/home/user/.m2/repository/io/netty/netty-codec-http/4.1.30.Final/netty-codec-http-4.1.30.Final.jar:/home/user/.m2/repository/io/netty/netty-codec/4.1.30.Final/netty-codec-4.1.30.Final.jar:/home/user/.m2/repository/io/netty/netty-handler/4.1.30.Final/netty-handler-4.1.30.Final.jar:/home/user/.m2/repository/io/netty/netty-handler-proxy/4.1.30.Final/netty-handler-proxy-4.1.30.Final.jar:/home/user/.m2/repository/io/netty/netty-codec-socks/4.1.30.Final/netty-codec-socks-4.1.30.Final.jar:/home/user/.m2/repository/io/netty/netty-transport-native-epoll/4.1.30.Final/netty-transport-native-epoll-4.1.30.Final.jar:/home/user/.m2/repository/io/netty/netty-common/4.1.30.Final/netty-common-4.1.30.Final.jar:/home/user/.m2/repository/io/netty/netty-buffer/4.1.30.Final/netty-buffer-4.1.30.Final.jar:/home/user/.m2/repository/io/netty/netty-transport/4.1.30.Final/netty-transport-4.1.30.Final.jar:/home/user/.m2/repository/io/netty/netty-resolver/4.1.30.Final/netty-resolver-4.1.30.Final.jar:/home/user/.m2/repository/io/netty/netty-transport-native-unix-common/4.1.30.Final/netty-transport-native-unix-common-4.1.30.Final.jar:/home/user/.m2/repository/io/grpc/grpc-protobuf/1.17.1/grpc-protobuf-1.17.1.jar:/home/user/.m2/repository/com/google/api/grpc/proto-google-common-protos/1.0.0/proto-google-common-protos-1.0.0.jar:/home/user/.m2/repository/io/grpc/grpc-protobuf-lite/1.17.1/grpc-protobuf-lite-1.17.1.jar:/home/user/.m2/repository/io/grpc/grpc-stub/1.17.1/grpc-stub-1.17.1.jar:/home/user/.m2/repository/org/apache/hadoop/hadoop-ozone-recon/0.5.0-SNAPSHOT/hadoop-ozone-recon-0.5.0-SNAPSHOT.jar:/home/user/.m2/repository/org/apache/hadoop/hadoop-ozone-reconcodegen/0.5.0-SNAPSHOT/hadoop-ozone-reconcodegen-0.5.0-SNAPSHOT.jar:/home/user/.m2/repository/com/google/inject/extensions/guice-multibindings/4.0/guice-multibindings-4.0.jar:/home/user/.m2/repository/com/google/inject/guice/4.0/guice-4.0.jar:/home/user/.m2/repository/aopalliance/aopalliance/1.0/aopalliance-1.0.jar:/home/user/.m2/repository/com/google/inject/extensions/guice-servlet/4.0/guice-servlet-4.0.jar:/home/user/.m2/repository/org/glassfish/jersey/containers/jersey-container-servlet/2.27/jersey-container-servlet-2.27.jar:/home/user/.m2/repository/org/glassfish/hk2/guice-bridge/2.5.0/guice-bridge-2.5.0.jar:/home/user/.m2/repository/org/glassfish/jersey/core/jersey-server/2.27/jersey-server-2.27.jar:/home/user/.m2/repository/org/glassfish/jersey/core/jersey-client/2.27/jersey-client-2.27.jar:/home/user/.m2/repository/org/glassfish/jersey/media/jersey-media-jaxb/2.27/jersey-media-jaxb-2.27.jar:/home/user/.m2/repository/javax/validation/validation-api/1.1.0.Final/validation-api-1.1.0.Final.jar:/home/user/.m2/repository/org/glassfish/jersey/media/jersey-media-json-jackson/2.27/jersey-media-json-jackson-2.27.jar:/home/user/.m2/repository/org/glassfish/jersey/ext/jersey-entity-filtering/2.27/jersey-entity-filtering-2.27.jar:/home/user/.m2/repository/com/google/inject/extensions/guice-assistedinject/4.0/guice-assistedinject-4.0.jar:/home/user/.m2/repository/org/jooq/jooq/3.11.10/jooq-3.11.10.jar:/home/user/.m2/repository/org/jooq/jooq-meta/3.11.10/jooq-meta-3.11.10.jar:/home/user/.m2/repository/org/jooq/jooq-codegen/3.11.10/jooq-codegen-3.11.10.jar:/home/user/.m2/repository/com/jolbox/bonecp/0.8.0.RELEASE/bonecp-0.8.0.RELEASE.jar:/home/user/.m2/repository/org/xerial/sqlite-jdbc/3.25.2/sqlite-jdbc-3.25.2.jar:/home/user/.m2/repository/org/springframework/spring-jdbc/5.1.3.RELEASE/spring-jdbc-5.1.3.RELEASE.jar:/home/user/.m2/repository/org/springframework/spring-beans/5.1.3.RELEASE/spring-beans-5.1.3.RELEASE.jar:/home/user/.m2/repository/org/springframework/spring-core/5.1.3.RELEASE/spring-core-5.1.3.RELEASE.jar:/home/user/.m2/repository/org/springframework/spring-jcl/5.1.3.RELEASE/spring-jcl-5.1.3.RELEASE.jar:/home/user/.m2/repository/org/springframework/spring-tx/5.1.3.RELEASE/spring-tx-5.1.3.RELEASE.jar:/home/user/.m2/repository/org/apache/hadoop/hadoop-ozone-client/0.5.0-SNAPSHOT/hadoop-ozone-client-0.5.0-SNAPSHOT.jar:/home/user/.m2/repository/commons-lang/commons-lang/2.6/commons-lang-2.6.jar:/home/user/.m2/repository/org/apache/hadoop/hadoop-ozone-ozone-manager/0.5.0-SNAPSHOT/hadoop-ozone-ozone-manager-0.5.0-SNAPSHOT-tests.jar:/home/user/.m2/repository/junit/junit/4.11/junit-4.11.jar:/home/user/.m2/repository/org/hamcrest/hamcrest-core/1.3/hamcrest-core-1.3.jar:/home/user/.m2/repository/org/openjdk/jmh/jmh-core/1.19/jmh-core-1.19.jar:/home/user/.m2/repository/net/sf/jopt-simple/jopt-simple/4.6/jopt-simple-4.6.jar:/home/user/.m2/repository/org/apache/commons/commons-math3/3.1.1/commons-math3-3.1.1.jar:/home/user/.m2/repository/org/openjdk/jmh/jmh-generator-annprocess/1.19/jmh-generator-annprocess-1.19.jar:/home/user/.m2/repository/org/mockito/mockito-all/1.8.5/mockito-all-1.8.5.jar:/home/user/.m2/repository/org/apache/hadoop/hadoop-kms/3.2.0/hadoop-kms-3.2.0.jar:/home/user/.m2/repository/org/apache/hadoop/hadoop-auth/3.2.0/hadoop-auth-3.2.0.jar:/home/user/.m2/repository/com/nimbusds/nimbus-jose-jwt/4.41.1/nimbus-jose-jwt-4.41.1.jar:/home/user/.m2/repository/com/github/stephenc/jcip/jcip-annotations/1.0-1/jcip-annotations-1.0-1.jar:/home/user/.m2/repository/net/minidev/json-smart/2.3/json-smart-2.3.jar:/home/user/.m2/repository/net/minidev/accessors-smart/1.2/accessors-smart-1.2.jar:/home/user/.m2/repository/org/ow2/asm/asm/5.0.4/asm-5.0.4.jar:/home/user/.m2/repository/org/apache/curator/curator-framework/2.12.0/curator-framework-2.12.0.jar:/home/user/.m2/repository/com/sun/jersey/jersey-core/1.19/jersey-core-1.19.jar:/home/user/.m2/repository/javax/ws/rs/jsr311-api/1.1.1/jsr311-api-1.1.1.jar:/home/user/.m2/repository/com/sun/jersey/jersey-server/1.19/jersey-server-1.19.jar:/home/user/.m2/repository/javax/servlet/javax.servlet-api/3.1.0/javax.servlet-api-3.1.0.jar:/home/user/.m2/repository/org/eclipse/jetty/jetty-server/9.3.24.v20180605/jetty-server-9.3.24.v20180605.jar:/home/user/.m2/repository/org/eclipse/jetty/jetty-http/9.3.24.v20180605/jetty-http-9.3.24.v20180605.jar:/home/user/.m2/repository/org/eclipse/jetty/jetty-io/9.3.24.v20180605/jetty-io-9.3.24.v20180605.jar:/home/user/.m2/repository/org/eclipse/jetty/jetty-webapp/9.3.24.v20180605/jetty-webapp-9.3.24.v20180605.jar:/home/user/.m2/repository/org/eclipse/jetty/jetty-xml/9.3.24.v20180605/jetty-xml-9.3.24.v20180605.jar:/home/user/.m2/repository/log4j/log4j/1.2.17/log4j-1.2.17.jar:/home/user/.m2/repository/org/slf4j/slf4j-api/1.7.25/slf4j-api-1.7.25.jar:/home/user/.m2/repository/org/slf4j/jul-to-slf4j/1.7.25/jul-to-slf4j-1.7.25.jar:/home/user/.m2/repository/org/eclipse/jetty/jetty-util/9.3.24.v20180605/jetty-util-9.3.24.v20180605.jar:/home/user/.m2/repository/com/fasterxml/jackson/core/jackson-databind/2.9.5/jackson-databind-2.9.5.jar:/home/user/.m2/repository/org/apache/hadoop/hadoop-kms/3.2.0/hadoop-kms-3.2.0-tests.jar:/home/user/.m2/repository/org/apache/hadoop/hadoop-hdds-server-scm/0.5.0-SNAPSHOT/hadoop-hdds-server-scm-0.5.0-SNAPSHOT-tests.jar:/home/user/.m2/repository/org/apache/hadoop/hadoop-hdds-container-service/0.5.0-SNAPSHOT/hadoop-hdds-container-service-0.5.0-SNAPSHOT-tests.jar:/home/user/.m2/repository/org/yaml/snakeyaml/1.16/snakeyaml-1.16.jar:/home/user/.m2/repository/org/apache/hadoop/hadoop-common/3.2.0/hadoop-common-3.2.0-tests.jar:/home/user/.m2/repository/org/apache/hadoop/hadoop-annotations/3.2.0/hadoop-annotations-3.2.0.jar:/usr/lib/jvm/java-1.8-openjdk/jre/../lib/tools.jar:/home/user/.m2/repository/commons-cli/commons-cli/1.2/commons-cli-1.2.jar:/home/user/.m2/repository/org/apache/httpcomponents/httpclient/4.5.2/httpclient-4.5.2.jar:/home/user/.m2/repository/org/apache/httpcomponents/httpcore/4.4.4/httpcore-4.4.4.jar:/home/user/.m2/repository/commons-codec/commons-codec/1.11/commons-codec-1.11.jar:/home/user/.m2/repository/commons-net/commons-net/3.6/commons-net-3.6.jar:/home/user/.m2/repository/commons-collections/commons-collections/3.2.2/commons-collections-3.2.2.jar:/home/user/.m2/repository/org/eclipse/jetty/jetty-servlet/9.3.24.v20180605/jetty-servlet-9.3.24.v20180605.jar:/home/user/.m2/repository/org/eclipse/jetty/jetty-security/9.3.24.v20180605/jetty-security-9.3.24.v20180605.jar:/home/user/.m2/repository/javax/servlet/jsp/jsp-api/2.1/jsp-api-2.1.jar:/home/user/.m2/repository/com/sun/jersey/jersey-servlet/1.19/jersey-servlet-1.19.jar:/home/user/.m2/repository/com/sun/jersey/jersey-json/1.19/jersey-json-1.19.jar:/home/user/.m2/repository/org/codehaus/jettison/jettison/1.1/jettison-1.1.jar:/home/user/.m2/repository/org/codehaus/jackson/jackson-core-asl/1.9.13/jackson-core-asl-1.9.13.jar:/home/user/.m2/repository/org/codehaus/jackson/jackson-mapper-asl/1.9.13/jackson-mapper-asl-1.9.13.jar:/home/user/.m2/repository/org/codehaus/jackson/jackson-jaxrs/1.9.13/jackson-jaxrs-1.9.13.jar:/home/user/.m2/repository/org/codehaus/jackson/jackson-xc/1.9.13/jackson-xc-1.9.13.jar:/home/user/.m2/repository/commons-logging/commons-logging/1.1.3/commons-logging-1.1.3.jar:/home/user/.m2/repository/commons-beanutils/commons-beanutils/1.9.3/commons-beanutils-1.9.3.jar:/home/user/.m2/repository/org/apache/commons/commons-configuration2/2.1.1/commons-configuration2-2.1.1.jar:/home/user/.m2/repository/org/apache/commons/commons-lang3/3.7/commons-lang3-3.7.jar:/home/user/.m2/repository/org/apache/commons/commons-text/1.4/commons-text-1.4.jar:/home/user/.m2/repository/org/apache/avro/avro/1.7.7/avro-1.7.7.jar:/home/user/.m2/repository/com/thoughtworks/paranamer/paranamer/2.3/paranamer-2.3.jar:/home/user/.m2/repository/org/xerial/snappy/snappy-java/1.0.5/snappy-java-1.0.5.jar:/home/user/.m2/repository/com/google/re2j/re2j/1.1/re2j-1.1.jar:/home/user/.m2/repository/com/google/code/gson/gson/2.2.4/gson-2.2.4.jar:/home/user/.m2/repository/com/jcraft/jsch/0.1.54/jsch-0.1.54.jar:/home/user/.m2/repository/org/apache/curator/curator-client/2.12.0/curator-client-2.12.0.jar:/home/user/.m2/repository/org/apache/curator/curator-recipes/2.12.0/curator-recipes-2.12.0.jar:/home/user/.m2/repository/com/google/code/findbugs/jsr305/3.0.0/jsr305-3.0.0.jar:/home/user/.m2/repository/org/apache/htrace/htrace-core4/4.1.0-incubating/htrace-core4-4.1.0-incubating.jar:/home/user/.m2/repository/org/apache/zookeeper/zookeeper/3.4.13/zookeeper-3.4.13.jar:/home/user/.m2/repository/org/apache/yetus/audience-annotations/0.5.0/audience-annotations-0.5.0.jar:/home/user/.m2/repository/org/codehaus/woodstox/stax2-api/3.1.4/stax2-api-3.1.4.jar:/home/user/.m2/repository/com/fasterxml/woodstox/woodstox-core/5.0.3/woodstox-core-5.0.3.jar:/home/user/.m2/repository/dnsjava/dnsjava/2.1.7/dnsjava-2.1.7.jar:/home/user/.m2/repository/org/apache/hadoop/hadoop-hdfs/3.2.0/hadoop-hdfs-3.2.0-tests.jar:/home/user/.m2/repository/org/eclipse/jetty/jetty-util-ajax/9.3.24.v20180605/jetty-util-ajax-9.3.24.v20180605.jar:/home/user/.m2/repository/commons-daemon/commons-daemon/1.0.13/commons-daemon-1.0.13.jar:/home/user/.m2/repository/io/netty/netty/3.10.5.Final/netty-3.10.5.Final.jar:/home/user/.m2/repository/io/netty/netty-all/4.0.52.Final/netty-all-4.0.52.Final.jar:/home/user/.m2/repository/org/fusesource/leveldbjni/leveldbjni-all/1.8/leveldbjni-all-1.8.jar:"/>
    <property name="sun.cpu.endian" value="little"/>
    <property name="user.home" value="/home/user"/>
    <property name="user.language" value="en"/>
    <property name="java.specification.vendor" value="Oracle Corporation"/>
    <property name="java.home" value="/usr/lib/jvm/java-1.8-openjdk/jre"/>
    <property name="java.security.krb5.conf" value="/tmp/workdir/hadoop-ozone/integration-test/target/test-classes/krb5.conf"/>
    <property name="basedir" value="/tmp/workdir/hadoop-ozone/integration-test"/>
    <property name="file.separator" value="/"/>
    <property name="line.separator" value="&#10;"/>
    <property name="java.vm.specification.vendor" value="Oracle Corporation"/>
    <property name="java.specification.name" value="Java Platform API Specification"/>
    <property name="java.awt.graphicsenv" value="sun.awt.X11GraphicsEnvironment"/>
    <property name="surefire.real.class.path" value="/tmp/workdir/hadoop-ozone/integration-test/target/surefire/surefirebooter6348939243585213250.jar"/>
    <property name="hadoop.log.dir" value="/tmp/workdir/hadoop-ozone/integration-test/target/log"/>
    <property name="sun.boot.class.path" value="/usr/lib/jvm/java-1.8-openjdk/jre/lib/resources.jar:/usr/lib/jvm/java-1.8-openjdk/jre/lib/rt.jar:/usr/lib/jvm/java-1.8-openjdk/jre/lib/sunrsasign.jar:/usr/lib/jvm/java-1.8-openjdk/jre/lib/jsse.jar:/usr/lib/jvm/java-1.8-openjdk/jre/lib/jce.jar:/usr/lib/jvm/java-1.8-openjdk/jre/lib/charsets.jar:/usr/lib/jvm/java-1.8-openjdk/jre/lib/jfr.jar:/usr/lib/jvm/java-1.8-openjdk/jre/classes"/>
    <property name="sun.management.compiler" value="HotSpot 64-Bit Tiered Compilers"/>
    <property name="java.runtime.version" value="1.8.0_212-b04"/>
    <property name="java.net.preferIPv4Stack" value="true"/>
    <property name="user.name" value="jenkins1000"/>
    <property name="path.separator" value=":"/>
    <property name="java.security.egd" value="file:///dev/urandom"/>
    <property name="os.version" value="3.10.0-957.12.2.el7.x86_64"/>
    <property name="java.endorsed.dirs" value="/usr/lib/jvm/java-1.8-openjdk/jre/lib/endorsed"/>
    <property name="java.runtime.name" value="OpenJDK Runtime Environment"/>
    <property name="file.encoding" value="UTF-8"/>
    <property name="java.vm.name" value="OpenJDK 64-Bit Server VM"/>
    <property name="test.build.webapps" value=""/>
    <property name="localRepository" value="/home/user/.m2/repository"/>
    <property name="java.vendor.url.bug" value="https://icedtea.classpath.org/bugzilla"/>
    <property name="java.io.tmpdir" value="/tmp"/>
    <property name="require.test.libhadoop" value=""/>
    <property name="java.version" value="1.8.0_212"/>
    <property name="user.dir" value="/tmp/workdir/hadoop-ozone/integration-test"/>
    <property name="os.arch" value="amd64"/>
    <property name="java.vm.specification.name" value="Java Virtual Machine Specification"/>
    <property name="test.build.classes" value="/tmp/workdir/hadoop-ozone/integration-test/target/test-classes"/>
    <property name="java.awt.printerjob" value="sun.print.PSPrinterJob"/>
    <property name="sun.os.patch.level" value="unknown"/>
    <property name="hadoop.tmp.dir" value="/tmp/workdir/hadoop-ozone/integration-test/target/tmp"/>
    <property name="java.library.path" value="/usr/lib/jvm/java-1.8-openjdk/jre/lib/amd64/server:/usr/lib/jvm/java-1.8-openjdk/jre/lib/amd64:/usr/lib/jvm/java-1.8-openjdk/jre/../lib/amd64:/tmp/workdir/hadoop-ozone/integration-test/target/native/target/usr/local/lib:/tmp/workdir/hadoop-ozone/integration-test/../../hadoop-common-project/hadoop-common/target/native/target/usr/local/lib:/usr/java/packages/lib/amd64:/usr/lib64:/lib64:/lib:/usr/lib"/>
    <property name="java.vm.info" value="mixed mode"/>
    <property name="java.vendor" value="IcedTea"/>
    <property name="java.vm.version" value="25.212-b04"/>
    <property name="java.ext.dirs" value="/usr/lib/jvm/java-1.8-openjdk/jre/lib/ext:/usr/java/packages/lib/ext"/>
    <property name="sun.io.unicode.encoding" value="UnicodeLittle"/>
    <property name="java.class.version" value="52.0"/>
  </properties>
  <testcase name="testGroupMismatchExceptionHandling" classname="org.apache.hadoop.ozone.client.rpc.TestOzoneClientRetriesOnException" time="40.359">
    <error type="java.lang.IllegalArgumentException">java.lang.IllegalArgumentException
	at com.google.common.base.Preconditions.checkArgument(Preconditions.java:72)
	at org.apache.hadoop.hdds.scm.XceiverClientManager.acquireClient(XceiverClientManager.java:150)
	at org.apache.hadoop.hdds.scm.XceiverClientManager.acquireClientForReadData(XceiverClientManager.java:143)
	at org.apache.hadoop.hdds.scm.storage.BlockInputStream.getChunkInfos(BlockInputStream.java:154)
	at org.apache.hadoop.hdds.scm.storage.BlockInputStream.initialize(BlockInputStream.java:118)
	at org.apache.hadoop.hdds.scm.storage.BlockInputStream.read(BlockInputStream.java:222)
	at org.apache.hadoop.ozone.client.io.KeyInputStream.read(KeyInputStream.java:171)
	at org.apache.hadoop.ozone.client.io.OzoneInputStream.read(OzoneInputStream.java:47)
	at java.io.InputStream.read(InputStream.java:101)
	at org.apache.hadoop.ozone.container.ContainerTestHelper.validateData(ContainerTestHelper.java:709)
	at org.apache.hadoop.ozone.client.rpc.TestOzoneClientRetriesOnException.validateData(TestOzoneClientRetriesOnException.java:231)
	at org.apache.hadoop.ozone.client.rpc.TestOzoneClientRetriesOnException.testGroupMismatchExceptionHandling(TestOzoneClientRetriesOnException.java:160)
	at sun.reflect.NativeMethodAccessorImpl.invoke0(Native Method)
	at sun.reflect.NativeMethodAccessorImpl.invoke(NativeMethodAccessorImpl.java:62)
	at sun.reflect.DelegatingMethodAccessorImpl.invoke(DelegatingMethodAccessorImpl.java:43)
	at java.lang.reflect.Method.invoke(Method.java:498)
	at org.junit.runners.model.FrameworkMethod$1.runReflectiveCall(FrameworkMethod.java:47)
	at org.junit.internal.runners.model.ReflectiveCallable.run(ReflectiveCallable.java:12)
	at org.junit.runners.model.FrameworkMethod.invokeExplosively(FrameworkMethod.java:44)
	at org.junit.internal.runners.statements.InvokeMethod.evaluate(InvokeMethod.java:17)
	at org.junit.internal.runners.statements.RunBefores.evaluate(RunBefores.java:26)
	at org.junit.internal.runners.statements.RunAfters.evaluate(RunAfters.java:27)
	at org.junit.runners.ParentRunner.runLeaf(ParentRunner.java:271)
	at org.junit.runners.BlockJUnit4ClassRunner.runChild(BlockJUnit4ClassRunner.java:70)
	at org.junit.runners.BlockJUnit4ClassRunner.runChild(BlockJUnit4ClassRunner.java:50)
	at org.junit.runners.ParentRunner$3.run(ParentRunner.java:238)
	at org.junit.runners.ParentRunner$1.schedule(ParentRunner.java:63)
	at org.junit.runners.ParentRunner.runChildren(ParentRunner.java:236)
	at org.junit.runners.ParentRunner.access$000(ParentRunner.java:53)
	at org.junit.runners.ParentRunner$2.evaluate(ParentRunner.java:229)
	at org.junit.runners.ParentRunner.run(ParentRunner.java:309)
	at org.apache.maven.surefire.junit4.JUnit4Provider.execute(JUnit4Provider.java:365)
	at org.apache.maven.surefire.junit4.JUnit4Provider.executeWithRerun(JUnit4Provider.java:273)
	at org.apache.maven.surefire.junit4.JUnit4Provider.executeTestSet(JUnit4Provider.java:238)
	at org.apache.maven.surefire.junit4.JUnit4Provider.invoke(JUnit4Provider.java:159)
	at org.apache.maven.surefire.booter.ForkedBooter.invokeProviderInSameClassLoader(ForkedBooter.java:384)
	at org.apache.maven.surefire.booter.ForkedBooter.runSuitesInProcess(ForkedBooter.java:345)
	at org.apache.maven.surefire.booter.ForkedBooter.execute(ForkedBooter.java:126)
	at org.apache.maven.surefire.booter.ForkedBooter.main(ForkedBooter.java:418)
</error>
    <system-out><![CDATA[2019-07-12 12:53:45,026 WARN  server.ServerUtils (ServerUtils.java:getScmDbDir(145)) - ozone.scm.db.dirs is not configured. We recommend adding this setting. Falling back to ozone.metadata.dirs instead.
2019-07-12 12:53:45,166 WARN  server.ServerUtils (ServerUtils.java:getScmDbDir(145)) - ozone.scm.db.dirs is not configured. We recommend adding this setting. Falling back to ozone.metadata.dirs instead.
2019-07-12 12:53:45,170 WARN  server.ServerUtils (ServerUtils.java:getScmDbDir(145)) - ozone.scm.db.dirs is not configured. We recommend adding this setting. Falling back to ozone.metadata.dirs instead.
2019-07-12 12:53:45,189 INFO  util.log (Log.java:initialized(192)) - Logging initialized @874ms
2019-07-12 12:53:45,290 INFO  db.DBStoreBuilder (DBStoreBuilder.java:addTable(110)) - using custom profile for table: deletedBlocks
2019-07-12 12:53:45,290 INFO  db.DBStoreBuilder (DBStoreBuilder.java:processTables(161)) - Using default column profile:DBProfile.DISK for Table:deletedBlocks
2019-07-12 12:53:45,291 INFO  db.DBStoreBuilder (DBStoreBuilder.java:addTable(110)) - using custom profile for table: validCerts
2019-07-12 12:53:45,291 INFO  db.DBStoreBuilder (DBStoreBuilder.java:processTables(161)) - Using default column profile:DBProfile.DISK for Table:validCerts
2019-07-12 12:53:45,291 INFO  db.DBStoreBuilder (DBStoreBuilder.java:addTable(110)) - using custom profile for table: revokedCerts
2019-07-12 12:53:45,291 INFO  db.DBStoreBuilder (DBStoreBuilder.java:processTables(161)) - Using default column profile:DBProfile.DISK for Table:revokedCerts
2019-07-12 12:53:45,303 INFO  db.DBStoreBuilder (DBStoreBuilder.java:addTable(110)) - using custom profile for table: default
2019-07-12 12:53:45,303 INFO  db.DBStoreBuilder (DBStoreBuilder.java:processTables(167)) - Using default column profile:DBProfile.DISK for Table:default
2019-07-12 12:53:45,304 INFO  db.DBStoreBuilder (DBStoreBuilder.java:getDbProfile(198)) - Using default options. DBProfile.DISK
2019-07-12 12:53:45,528 INFO  net.NodeSchemaLoader (NodeSchemaLoader.java:loadSchemaFromFile(125)) - Loading file from sun.misc.CompoundEnumeration@20ce78ec
2019-07-12 12:53:45,532 INFO  net.NodeSchemaLoader (NodeSchemaLoader.java:loadSchema(171)) - Loading network topology layer schema file
2019-07-12 12:53:45,610 WARN  server.ServerUtils (ServerUtils.java:sanitizeUserArgs(70)) - ozone.scm.stale.node.interval value = 300000 is larger than max = 100000 based on the key value of ozone.scm.heartbeat.thread.interval, reset to the max value 100000.
2019-07-12 12:53:45,611 WARN  server.ServerUtils (ServerUtils.java:sanitizeUserArgs(70)) - ozone.scm.stale.node.interval value = 300000 is larger than max = 100000 based on the key value of ozone.scm.heartbeat.thread.interval, reset to the max value 100000.
2019-07-12 12:53:45,613 INFO  node.SCMNodeManager (SCMNodeManager.java:<init>(119)) - Entering startup safe mode.
2019-07-12 12:53:45,697 WARN  server.ServerUtils (ServerUtils.java:getScmDbDir(145)) - ozone.scm.db.dirs is not configured. We recommend adding this setting. Falling back to ozone.metadata.dirs instead.
2019-07-12 12:53:45,770 INFO  pipeline.SCMPipelineManager (SCMPipelineManager.java:initializePipelineState(126)) - No pipeline exists in current db
2019-07-12 12:53:45,774 WARN  server.ServerUtils (ServerUtils.java:getScmDbDir(145)) - ozone.scm.db.dirs is not configured. We recommend adding this setting. Falling back to ozone.metadata.dirs instead.
2019-07-12 12:53:45,899 WARN  events.EventQueue (EventQueue.java:fireEvent(175)) - No event handler registered for event TypedEvent{payloadType=SafeModeStatus, name='SafeModeStatus'}
2019-07-12 12:53:46,231 INFO  ipc.CallQueueManager (CallQueueManager.java:<init>(84)) - Using callQueue: class java.util.concurrent.LinkedBlockingQueue, queueCapacity: 2000, scheduler: class org.apache.hadoop.ipc.DefaultRpcScheduler, ipcBackoff: false.
2019-07-12 12:53:46,257 INFO  ipc.Server (Server.java:run(1074)) - Starting Socket Reader #1 for port 38567
2019-07-12 12:53:46,280 INFO  ipc.CallQueueManager (CallQueueManager.java:<init>(84)) - Using callQueue: class java.util.concurrent.LinkedBlockingQueue, queueCapacity: 2000, scheduler: class org.apache.hadoop.ipc.DefaultRpcScheduler, ipcBackoff: false.
2019-07-12 12:53:46,281 INFO  ipc.Server (Server.java:run(1074)) - Starting Socket Reader #1 for port 45494
2019-07-12 12:53:46,287 INFO  ipc.CallQueueManager (CallQueueManager.java:<init>(84)) - Using callQueue: class java.util.concurrent.LinkedBlockingQueue, queueCapacity: 2000, scheduler: class org.apache.hadoop.ipc.DefaultRpcScheduler, ipcBackoff: false.
2019-07-12 12:53:46,288 INFO  ipc.Server (Server.java:run(1074)) - Starting Socket Reader #1 for port 37456
2019-07-12 12:53:46,646 INFO  hdfs.DFSUtil (DFSUtil.java:httpServerTemplateForNNAndJN(1641)) - Starting Web-server for scm at: http://0.0.0.0:0
2019-07-12 12:53:46,813 INFO  server.AuthenticationFilter (AuthenticationFilter.java:constructSecretProvider(240)) - Unable to initialize FileSignerSecretProvider, falling back to use random secrets.
2019-07-12 12:53:46,821 WARN  http.HttpRequestLog (HttpRequestLog.java:getRequestLog(97)) - Jetty request log can only be enabled using Log4j
2019-07-12 12:53:46,829 INFO  http.HttpServer2 (HttpServer2.java:addGlobalFilter(975)) - Added global filter 'safety' (class=org.apache.hadoop.http.HttpServer2$QuotingInputFilter)
2019-07-12 12:53:46,831 INFO  http.HttpServer2 (HttpServer2.java:addFilter(948)) - Added filter static_user_filter (class=org.apache.hadoop.http.lib.StaticUserWebFilter$StaticUserFilter) to context scm
2019-07-12 12:53:46,832 INFO  http.HttpServer2 (HttpServer2.java:addFilter(958)) - Added filter static_user_filter (class=org.apache.hadoop.http.lib.StaticUserWebFilter$StaticUserFilter) to context static
2019-07-12 12:53:46,832 INFO  http.HttpServer2 (HttpServer2.java:addFilter(958)) - Added filter static_user_filter (class=org.apache.hadoop.http.lib.StaticUserWebFilter$StaticUserFilter) to context logs
2019-07-12 12:53:46,859 INFO  server.StorageContainerManager (StorageContainerManager.java:start(759)) - StorageContainerLocationProtocol RPC server is listening at /0.0.0.0:37456
2019-07-12 12:53:46,915 WARN  impl.MetricsConfig (MetricsConfig.java:loadFirst(134)) - Cannot locate configuration: tried hadoop-metrics2-storagecontainermanager.properties,hadoop-metrics2.properties
2019-07-12 12:53:46,928 INFO  impl.MetricsSystemImpl (MetricsSystemImpl.java:startTimer(374)) - Scheduled Metric snapshot period at 10 second(s).
2019-07-12 12:53:46,928 INFO  impl.MetricsSystemImpl (MetricsSystemImpl.java:start(191)) - StorageContainerManager metrics system started
2019-07-12 12:53:47,142 INFO  server.SCMClientProtocolServer (SCMClientProtocolServer.java:start(149)) - RPC server for Client  is listening at /0.0.0.0:37456
2019-07-12 12:53:47,143 INFO  ipc.Server (Server.java:run(1314)) - IPC Server Responder: starting
2019-07-12 12:53:47,143 INFO  ipc.Server (Server.java:run(1153)) - IPC Server listener on 37456: starting
2019-07-12 12:53:47,147 INFO  server.StorageContainerManager (StorageContainerManager.java:start(768)) - ScmBlockLocationProtocol RPC server is listening at /0.0.0.0:45494
2019-07-12 12:53:47,148 INFO  server.SCMBlockProtocolServer (SCMBlockProtocolServer.java:start(140)) - RPC server for Block Protocol is listening at /0.0.0.0:45494
2019-07-12 12:53:47,148 INFO  ipc.Server (Server.java:run(1314)) - IPC Server Responder: starting
2019-07-12 12:53:47,148 INFO  ipc.Server (Server.java:run(1153)) - IPC Server listener on 45494: starting
2019-07-12 12:53:47,156 INFO  server.StorageContainerManager (StorageContainerManager.java:start(772)) - ScmDatanodeProtocl RPC server is listening at /0.0.0.0:38567
2019-07-12 12:53:47,156 INFO  server.SCMDatanodeProtocolServer (SCMDatanodeProtocolServer.java:start(191)) - RPC server for DataNodes is listening at /0.0.0.0:38567
2019-07-12 12:53:47,158 INFO  ipc.Server (Server.java:run(1314)) - IPC Server Responder: starting
2019-07-12 12:53:47,158 INFO  ipc.Server (Server.java:run(1153)) - IPC Server listener on 38567: starting
2019-07-12 12:53:47,170 INFO  http.HttpServer2 (HttpServer2.java:bindListener(1191)) - Jetty bound to port 37003
2019-07-12 12:53:47,173 INFO  server.Server (Server.java:doStart(351)) - jetty-9.3.24.v20180605, build timestamp: 2018-06-05T17:11:56Z, git hash: 84205aa28f11a4f31f2a3b86d1bba2cc8ab69827
2019-07-12 12:53:47,221 INFO  handler.ContextHandler (ContextHandler.java:doStart(781)) - Started o.e.j.s.ServletContextHandler@635572a7{/logs,file:///tmp/workdir/hadoop-ozone/integration-test/target/log,AVAILABLE}
2019-07-12 12:53:47,222 INFO  handler.ContextHandler (ContextHandler.java:doStart(781)) - Started o.e.j.s.ServletContextHandler@4dd02341{/static,file:///tmp/workdir/hadoop-ozone/integration-test/target/test-classes/webapps/static,AVAILABLE}
2019-07-12 12:53:47,257 INFO  handler.ContextHandler (ContextHandler.java:doStart(781)) - Started o.e.j.w.WebAppContext@6fff253c{/,file:///tmp/workdir/hadoop-ozone/integration-test/target/test-classes/webapps/scm/,AVAILABLE}{/scm}
2019-07-12 12:53:47,263 INFO  server.AbstractConnector (AbstractConnector.java:doStart(278)) - Started ServerConnector@7c041b41{HTTP/1.1,[http/1.1]}{0.0.0.0:37003}
2019-07-12 12:53:47,263 INFO  server.Server (Server.java:doStart(419)) - Started @2949ms
2019-07-12 12:53:47,264 INFO  server.BaseHttpServer (BaseHttpServer.java:updateConnectorAddress(207)) - HTTP server of SCM is listening at http://0.0.0.0:37003
2019-07-12 12:53:47,275 INFO  util.JvmPauseMonitor (JvmPauseMonitor.java:run(188)) - Starting JVM pause monitor
2019-07-12 12:53:47,280 WARN  server.ServerUtils (ServerUtils.java:getDBPath(222)) - ozone.om.db.dirs is not configured. We recommend adding this setting. Falling back to ozone.metadata.dirs instead.
2019-07-12 12:53:47,399 WARN  server.ServerUtils (ServerUtils.java:getDBPath(222)) - ozone.om.db.dirs is not configured. We recommend adding this setting. Falling back to ozone.metadata.dirs instead.
2019-07-12 12:53:47,400 INFO  om.OzoneManager (OzoneManager.java:setOMNodeDetails(630)) - OM Service ID is not set. Setting it to the default ID: omServiceIdDefault
2019-07-12 12:53:47,401 INFO  om.OzoneManager (OzoneManager.java:setOMNodeDetails(636)) - OM Node ID is not set. Setting it to the OmStorage's OmID: e2060038-307d-40f2-981f-0a5935b2afdc
2019-07-12 12:53:47,402 INFO  om.OzoneManager (OzoneManager.java:loadOMHAConfigs(587)) - Found matching OM address with OMServiceId: null, OMNodeId: null, RPC Address: localhost:0 and Ratis port: 9872
2019-07-12 12:53:47,701 WARN  server.ServerUtils (ServerUtils.java:getDBPath(222)) - ozone.om.db.dirs is not configured. We recommend adding this setting. Falling back to ozone.metadata.dirs instead.
2019-07-12 12:53:47,710 INFO  db.DBStoreBuilder (DBStoreBuilder.java:addTable(110)) - using custom profile for table: userTable
2019-07-12 12:53:47,710 INFO  db.DBStoreBuilder (DBStoreBuilder.java:processTables(161)) - Using default column profile:DBProfile.DISK for Table:userTable
2019-07-12 12:53:47,711 INFO  db.DBStoreBuilder (DBStoreBuilder.java:addTable(110)) - using custom profile for table: volumeTable
2019-07-12 12:53:47,711 INFO  db.DBStoreBuilder (DBStoreBuilder.java:processTables(161)) - Using default column profile:DBProfile.DISK for Table:volumeTable
2019-07-12 12:53:47,712 INFO  db.DBStoreBuilder (DBStoreBuilder.java:addTable(110)) - using custom profile for table: bucketTable
2019-07-12 12:53:47,712 INFO  db.DBStoreBuilder (DBStoreBuilder.java:processTables(161)) - Using default column profile:DBProfile.DISK for Table:bucketTable
2019-07-12 12:53:47,713 INFO  db.DBStoreBuilder (DBStoreBuilder.java:addTable(110)) - using custom profile for table: keyTable
2019-07-12 12:53:47,713 INFO  db.DBStoreBuilder (DBStoreBuilder.java:processTables(161)) - Using default column profile:DBProfile.DISK for Table:keyTable
2019-07-12 12:53:47,714 INFO  db.DBStoreBuilder (DBStoreBuilder.java:addTable(110)) - using custom profile for table: deletedTable
2019-07-12 12:53:47,714 INFO  db.DBStoreBuilder (DBStoreBuilder.java:processTables(161)) - Using default column profile:DBProfile.DISK for Table:deletedTable
2019-07-12 12:53:47,715 INFO  db.DBStoreBuilder (DBStoreBuilder.java:addTable(110)) - using custom profile for table: openKeyTable
2019-07-12 12:53:47,715 INFO  db.DBStoreBuilder (DBStoreBuilder.java:processTables(161)) - Using default column profile:DBProfile.DISK for Table:openKeyTable
2019-07-12 12:53:47,716 INFO  db.DBStoreBuilder (DBStoreBuilder.java:addTable(110)) - using custom profile for table: s3Table
2019-07-12 12:53:47,716 INFO  db.DBStoreBuilder (DBStoreBuilder.java:processTables(161)) - Using default column profile:DBProfile.DISK for Table:s3Table
2019-07-12 12:53:47,716 INFO  db.DBStoreBuilder (DBStoreBuilder.java:addTable(110)) - using custom profile for table: multipartInfoTable
2019-07-12 12:53:47,716 INFO  db.DBStoreBuilder (DBStoreBuilder.java:processTables(161)) - Using default column profile:DBProfile.DISK for Table:multipartInfoTable
2019-07-12 12:53:47,717 INFO  db.DBStoreBuilder (DBStoreBuilder.java:addTable(110)) - using custom profile for table: dTokenTable
2019-07-12 12:53:47,717 INFO  db.DBStoreBuilder (DBStoreBuilder.java:processTables(161)) - Using default column profile:DBProfile.DISK for Table:dTokenTable
2019-07-12 12:53:47,718 INFO  db.DBStoreBuilder (DBStoreBuilder.java:addTable(110)) - using custom profile for table: s3SecretTable
2019-07-12 12:53:47,718 INFO  db.DBStoreBuilder (DBStoreBuilder.java:processTables(161)) - Using default column profile:DBProfile.DISK for Table:s3SecretTable
2019-07-12 12:53:47,719 INFO  db.DBStoreBuilder (DBStoreBuilder.java:addTable(110)) - using custom profile for table: prefixTable
2019-07-12 12:53:47,719 INFO  db.DBStoreBuilder (DBStoreBuilder.java:processTables(161)) - Using default column profile:DBProfile.DISK for Table:prefixTable
2019-07-12 12:53:47,720 INFO  db.DBStoreBuilder (DBStoreBuilder.java:addTable(110)) - using custom profile for table: default
2019-07-12 12:53:47,720 INFO  db.DBStoreBuilder (DBStoreBuilder.java:processTables(167)) - Using default column profile:DBProfile.DISK for Table:default
2019-07-12 12:53:47,721 INFO  db.DBStoreBuilder (DBStoreBuilder.java:getDbProfile(198)) - Using default options. DBProfile.DISK
2019-07-12 12:53:48,468 INFO  ipc.CallQueueManager (CallQueueManager.java:<init>(84)) - Using callQueue: class java.util.concurrent.LinkedBlockingQueue, queueCapacity: 2000, scheduler: class org.apache.hadoop.ipc.DefaultRpcScheduler, ipcBackoff: false.
2019-07-12 12:53:48,470 INFO  ipc.Server (Server.java:run(1074)) - Starting Socket Reader #1 for port 44572
2019-07-12 12:53:48,499 WARN  server.ServerUtils (ServerUtils.java:getDBPath(222)) - ozone.om.db.dirs is not configured. We recommend adding this setting. Falling back to ozone.metadata.dirs instead.
2019-07-12 12:53:48,499 INFO  om.OzoneManager (OzoneManager.java:start(1228)) - OzoneManager RPC server is listening at localhost/127.0.0.1:44572
2019-07-12 12:53:48,500 INFO  impl.MetricsSystemImpl (MetricsSystemImpl.java:init(158)) - OzoneManager metrics system started (again)
2019-07-12 12:53:48,502 INFO  ipc.Server (Server.java:run(1314)) - IPC Server Responder: starting
2019-07-12 12:53:48,503 INFO  ipc.Server (Server.java:run(1153)) - IPC Server listener on 44572: starting
2019-07-12 12:53:48,542 INFO  hdfs.DFSUtil (DFSUtil.java:httpServerTemplateForNNAndJN(1641)) - Starting Web-server for ozoneManager at: http://0.0.0.0:0
2019-07-12 12:53:48,544 INFO  server.AuthenticationFilter (AuthenticationFilter.java:constructSecretProvider(240)) - Unable to initialize FileSignerSecretProvider, falling back to use random secrets.
2019-07-12 12:53:48,545 WARN  http.HttpRequestLog (HttpRequestLog.java:getRequestLog(97)) - Jetty request log can only be enabled using Log4j
2019-07-12 12:53:48,547 INFO  http.HttpServer2 (HttpServer2.java:addGlobalFilter(975)) - Added global filter 'safety' (class=org.apache.hadoop.http.HttpServer2$QuotingInputFilter)
2019-07-12 12:53:48,549 INFO  http.HttpServer2 (HttpServer2.java:addFilter(948)) - Added filter static_user_filter (class=org.apache.hadoop.http.lib.StaticUserWebFilter$StaticUserFilter) to context ozoneManager
2019-07-12 12:53:48,549 INFO  http.HttpServer2 (HttpServer2.java:addFilter(958)) - Added filter static_user_filter (class=org.apache.hadoop.http.lib.StaticUserWebFilter$StaticUserFilter) to context static
2019-07-12 12:53:48,549 INFO  http.HttpServer2 (HttpServer2.java:addFilter(958)) - Added filter static_user_filter (class=org.apache.hadoop.http.lib.StaticUserWebFilter$StaticUserFilter) to context logs
2019-07-12 12:53:48,552 INFO  http.HttpServer2 (HttpServer2.java:bindListener(1191)) - Jetty bound to port 44227
2019-07-12 12:53:48,552 INFO  server.Server (Server.java:doStart(351)) - jetty-9.3.24.v20180605, build timestamp: 2018-06-05T17:11:56Z, git hash: 84205aa28f11a4f31f2a3b86d1bba2cc8ab69827
2019-07-12 12:53:48,555 INFO  handler.ContextHandler (ContextHandler.java:doStart(781)) - Started o.e.j.s.ServletContextHandler@2d0bfb24{/logs,file:///tmp/workdir/hadoop-ozone/integration-test/target/log,AVAILABLE}
2019-07-12 12:53:48,555 INFO  handler.ContextHandler (ContextHandler.java:doStart(781)) - Started o.e.j.s.ServletContextHandler@7b44b63d{/static,file:///tmp/workdir/hadoop-ozone/integration-test/target/test-classes/webapps/static,AVAILABLE}
2019-07-12 12:53:48,561 INFO  handler.ContextHandler (ContextHandler.java:doStart(781)) - Started o.e.j.w.WebAppContext@3e9803c2{/,file:///tmp/workdir/hadoop-ozone/integration-test/target/test-classes/webapps/ozoneManager/,AVAILABLE}{/ozoneManager}
2019-07-12 12:53:48,562 INFO  server.AbstractConnector (AbstractConnector.java:doStart(278)) - Started ServerConnector@4525d1d3{HTTP/1.1,[http/1.1]}{0.0.0.0:44227}
2019-07-12 12:53:48,563 INFO  server.Server (Server.java:doStart(419)) - Started @4248ms
2019-07-12 12:53:48,564 INFO  server.BaseHttpServer (BaseHttpServer.java:updateConnectorAddress(207)) - HTTP server of OZONEMANAGER is listening at http://0.0.0.0:44227
2019-07-12 12:53:48,858 INFO  impl.MetricsSystemImpl (MetricsSystemImpl.java:init(158)) - HddsDatanode metrics system started (again)
2019-07-12 12:53:48,963 INFO  ozone.HddsDatanodeService (HddsDatanodeService.java:start(185)) - HddsDatanodeService host:pr-hdds-17356bwxm-3764869708 ip:192.168.157.212
2019-07-12 12:53:48,994 INFO  volume.HddsVolume (HddsVolume.java:<init>(176)) - Creating Volume: /tmp/workdir/hadoop-ozone/integration-test/target/test-dir/MiniOzoneClusterImpl-3a70d5b3-47b5-47f2-a25b-0a2ae165259f/datanode-0/data/containers/hdds of  storage type : DISK and capacity : 52710309888
2019-07-12 12:53:48,997 INFO  volume.VolumeSet (VolumeSet.java:initializeVolumeSet(170)) - Added Volume : /tmp/workdir/hadoop-ozone/integration-test/target/test-dir/MiniOzoneClusterImpl-3a70d5b3-47b5-47f2-a25b-0a2ae165259f/datanode-0/data/containers/hdds to VolumeSet
2019-07-12 12:53:49,002 INFO  volume.ThrottledAsyncChecker (ThrottledAsyncChecker.java:schedule(140)) - Scheduling a check for org.apache.hadoop.ozone.container.common.volume.HddsVolume@59546cfe
2019-07-12 12:53:49,029 INFO  volume.HddsVolumeChecker (HddsVolumeChecker.java:checkAllVolumes(203)) - Scheduled health check for volume org.apache.hadoop.ozone.container.common.volume.HddsVolume@59546cfe
2019-07-12 12:53:49,174 INFO  impl.RaftServerProxy (ConfUtils.java:logGet(43)) - raft.rpc.type = GRPC (default)
2019-07-12 12:53:49,243 INFO  grpc.GrpcFactory (GrpcFactory.java:checkPooledByteBufAllocatorUseCacheForAllThreads(45)) - PERFORMANCE WARNING: useCacheForAllThreads is true that may cause Netty to create a lot garbage objects and, as a result, trigger GC.
	It is recommended to disable useCacheForAllThreads by setting -Dorg.apache.ratis.thirdparty.io.netty.allocator.useCacheForAllThreads=false in command line.
2019-07-12 12:53:49,248 INFO  grpc.GrpcConfigKeys$Server (ConfUtils.java:logGet(43)) - raft.grpc.server.port = 0 (default)
2019-07-12 12:53:49,248 INFO  server.GrpcService (ConfUtils.java:logGet(43)) - raft.grpc.message.size.max = 33570816 (custom)
2019-07-12 12:53:49,250 INFO  server.RaftServerConfigKeys (ConfUtils.java:logGet(43)) - raft.server.log.appender.buffer.byte-limit = 33554432 (custom)
2019-07-12 12:53:49,251 INFO  server.GrpcService (ConfUtils.java:logGet(43)) - raft.grpc.flow.control.window = 1MB (=1048576) (default)
2019-07-12 12:53:49,252 INFO  server.RaftServerConfigKeys (ConfUtils.java:logGet(43)) - raft.server.rpc.request.timeout = 3000ms (default)
2019-07-12 12:53:49,406 INFO  server.RaftServerConfigKeys (ConfUtils.java:logGet(43)) - raft.server.storage.dir = [/tmp/workdir/hadoop-ozone/integration-test/target/test-dir/MiniOzoneClusterImpl-3a70d5b3-47b5-47f2-a25b-0a2ae165259f/datanode-0/data/ratis] (custom)
2019-07-12 12:53:49,438 INFO  replication.SimpleContainerDownloader (SimpleContainerDownloader.java:<init>(72)) - Starting container downloader service to copy containers to replicate.
2019-07-12 12:53:49,460 INFO  hdfs.DFSUtil (DFSUtil.java:httpServerTemplateForNNAndJN(1641)) - Starting Web-server for hddsDatanode at: http://0.0.0.0:0
2019-07-12 12:53:49,465 INFO  server.AuthenticationFilter (AuthenticationFilter.java:constructSecretProvider(240)) - Unable to initialize FileSignerSecretProvider, falling back to use random secrets.
2019-07-12 12:53:49,468 WARN  http.HttpRequestLog (HttpRequestLog.java:getRequestLog(97)) - Jetty request log can only be enabled using Log4j
2019-07-12 12:53:49,476 INFO  http.HttpServer2 (HttpServer2.java:addGlobalFilter(975)) - Added global filter 'safety' (class=org.apache.hadoop.http.HttpServer2$QuotingInputFilter)
2019-07-12 12:53:49,481 INFO  http.HttpServer2 (HttpServer2.java:addFilter(948)) - Added filter static_user_filter (class=org.apache.hadoop.http.lib.StaticUserWebFilter$StaticUserFilter) to context hddsDatanode
2019-07-12 12:53:49,481 INFO  http.HttpServer2 (HttpServer2.java:addFilter(958)) - Added filter static_user_filter (class=org.apache.hadoop.http.lib.StaticUserWebFilter$StaticUserFilter) to context static
2019-07-12 12:53:49,482 INFO  http.HttpServer2 (HttpServer2.java:addFilter(958)) - Added filter static_user_filter (class=org.apache.hadoop.http.lib.StaticUserWebFilter$StaticUserFilter) to context logs
2019-07-12 12:53:49,485 INFO  http.HttpServer2 (HttpServer2.java:bindListener(1191)) - Jetty bound to port 39356
2019-07-12 12:53:49,485 INFO  server.Server (Server.java:doStart(351)) - jetty-9.3.24.v20180605, build timestamp: 2018-06-05T17:11:56Z, git hash: 84205aa28f11a4f31f2a3b86d1bba2cc8ab69827
2019-07-12 12:53:49,490 INFO  handler.ContextHandler (ContextHandler.java:doStart(781)) - Started o.e.j.s.ServletContextHandler@36cc9385{/logs,file:///tmp/workdir/hadoop-ozone/integration-test/target/log,AVAILABLE}
2019-07-12 12:53:49,492 INFO  handler.ContextHandler (ContextHandler.java:doStart(781)) - Started o.e.j.s.ServletContextHandler@7915bca3{/static,jar:file:/home/user/.m2/repository/org/apache/hadoop/hadoop-hdds-container-service/0.5.0-SNAPSHOT/hadoop-hdds-container-service-0.5.0-SNAPSHOT.jar!/webapps/static,AVAILABLE}
2019-07-12 12:53:49,543 INFO  handler.ContextHandler (ContextHandler.java:doStart(781)) - Started o.e.j.w.WebAppContext@37e0292a{/,file:///tmp/jetty-0.0.0.0-39356-hddsDatanode-_-any-6048484298753261810.dir/webapp/,AVAILABLE}{/hddsDatanode}
2019-07-12 12:53:49,545 INFO  server.AbstractConnector (AbstractConnector.java:doStart(278)) - Started ServerConnector@4af70944{HTTP/1.1,[http/1.1]}{0.0.0.0:39356}
2019-07-12 12:53:49,546 INFO  server.Server (Server.java:doStart(419)) - Started @5231ms
2019-07-12 12:53:49,547 INFO  server.BaseHttpServer (BaseHttpServer.java:updateConnectorAddress(207)) - HTTP server of HDDSDATANODE is listening at http://0.0.0.0:39356
2019-07-12 12:53:50,591 INFO  ozone.HddsDatanodeService (HddsDatanodeService.java:startPlugins(396)) - Started plug-in org.apache.hadoop.ozone.web.OzoneHddsDatanodeService@b4732dc
2019-07-12 12:53:50,592 INFO  impl.MetricsSystemImpl (MetricsSystemImpl.java:init(158)) - HddsDatanode metrics system started (again)
2019-07-12 12:53:50,593 INFO  ozone.HddsDatanodeService (HddsDatanodeService.java:start(185)) - HddsDatanodeService host:pr-hdds-17356bwxm-3764869708 ip:192.168.157.212
2019-07-12 12:53:50,597 INFO  util.JvmPauseMonitor (JvmPauseMonitor.java:run(188)) - Starting JVM pause monitor
2019-07-12 12:53:50,606 INFO  volume.HddsVolume (HddsVolume.java:<init>(176)) - Creating Volume: /tmp/workdir/hadoop-ozone/integration-test/target/test-dir/MiniOzoneClusterImpl-3a70d5b3-47b5-47f2-a25b-0a2ae165259f/datanode-1/data/containers/hdds of  storage type : DISK and capacity : 52710309888
2019-07-12 12:53:50,606 INFO  volume.VolumeSet (VolumeSet.java:initializeVolumeSet(170)) - Added Volume : /tmp/workdir/hadoop-ozone/integration-test/target/test-dir/MiniOzoneClusterImpl-3a70d5b3-47b5-47f2-a25b-0a2ae165259f/datanode-1/data/containers/hdds to VolumeSet
2019-07-12 12:53:50,607 INFO  volume.ThrottledAsyncChecker (ThrottledAsyncChecker.java:schedule(140)) - Scheduling a check for org.apache.hadoop.ozone.container.common.volume.HddsVolume@778a1250
2019-07-12 12:53:50,609 INFO  volume.HddsVolumeChecker (HddsVolumeChecker.java:checkAllVolumes(203)) - Scheduled health check for volume org.apache.hadoop.ozone.container.common.volume.HddsVolume@778a1250
2019-07-12 12:53:50,629 INFO  impl.RaftServerProxy (ConfUtils.java:logGet(43)) - raft.rpc.type = GRPC (default)
2019-07-12 12:53:50,629 INFO  grpc.GrpcFactory (GrpcFactory.java:checkPooledByteBufAllocatorUseCacheForAllThreads(45)) - PERFORMANCE WARNING: useCacheForAllThreads is true that may cause Netty to create a lot garbage objects and, as a result, trigger GC.
	It is recommended to disable useCacheForAllThreads by setting -Dorg.apache.ratis.thirdparty.io.netty.allocator.useCacheForAllThreads=false in command line.
2019-07-12 12:53:50,630 INFO  grpc.GrpcConfigKeys$Server (ConfUtils.java:logGet(43)) - raft.grpc.server.port = 0 (default)
2019-07-12 12:53:50,630 INFO  server.GrpcService (ConfUtils.java:logGet(43)) - raft.grpc.message.size.max = 33570816 (custom)
2019-07-12 12:53:50,630 INFO  server.RaftServerConfigKeys (ConfUtils.java:logGet(43)) - raft.server.log.appender.buffer.byte-limit = 33554432 (custom)
2019-07-12 12:53:50,631 INFO  server.GrpcService (ConfUtils.java:logGet(43)) - raft.grpc.flow.control.window = 1MB (=1048576) (default)
2019-07-12 12:53:50,631 INFO  server.RaftServerConfigKeys (ConfUtils.java:logGet(43)) - raft.server.rpc.request.timeout = 3000ms (default)
2019-07-12 12:53:50,631 INFO  server.RaftServerConfigKeys (ConfUtils.java:logGet(43)) - raft.server.storage.dir = [/tmp/workdir/hadoop-ozone/integration-test/target/test-dir/MiniOzoneClusterImpl-3a70d5b3-47b5-47f2-a25b-0a2ae165259f/datanode-1/data/ratis] (custom)
2019-07-12 12:53:50,632 INFO  replication.SimpleContainerDownloader (SimpleContainerDownloader.java:<init>(72)) - Starting container downloader service to copy containers to replicate.
2019-07-12 12:53:50,633 INFO  hdfs.DFSUtil (DFSUtil.java:httpServerTemplateForNNAndJN(1641)) - Starting Web-server for hddsDatanode at: http://0.0.0.0:0
2019-07-12 12:53:50,635 INFO  server.AuthenticationFilter (AuthenticationFilter.java:constructSecretProvider(240)) - Unable to initialize FileSignerSecretProvider, falling back to use random secrets.
2019-07-12 12:53:50,637 WARN  http.HttpRequestLog (HttpRequestLog.java:getRequestLog(97)) - Jetty request log can only be enabled using Log4j
2019-07-12 12:53:50,639 INFO  http.HttpServer2 (HttpServer2.java:addGlobalFilter(975)) - Added global filter 'safety' (class=org.apache.hadoop.http.HttpServer2$QuotingInputFilter)
2019-07-12 12:53:50,640 INFO  http.HttpServer2 (HttpServer2.java:addFilter(948)) - Added filter static_user_filter (class=org.apache.hadoop.http.lib.StaticUserWebFilter$StaticUserFilter) to context hddsDatanode
2019-07-12 12:53:50,640 INFO  http.HttpServer2 (HttpServer2.java:addFilter(958)) - Added filter static_user_filter (class=org.apache.hadoop.http.lib.StaticUserWebFilter$StaticUserFilter) to context static
2019-07-12 12:53:50,641 INFO  http.HttpServer2 (HttpServer2.java:addFilter(958)) - Added filter static_user_filter (class=org.apache.hadoop.http.lib.StaticUserWebFilter$StaticUserFilter) to context logs
2019-07-12 12:53:50,642 INFO  http.HttpServer2 (HttpServer2.java:bindListener(1191)) - Jetty bound to port 37122
2019-07-12 12:53:50,642 INFO  server.Server (Server.java:doStart(351)) - jetty-9.3.24.v20180605, build timestamp: 2018-06-05T17:11:56Z, git hash: 84205aa28f11a4f31f2a3b86d1bba2cc8ab69827
2019-07-12 12:53:50,646 INFO  handler.ContextHandler (ContextHandler.java:doStart(781)) - Started o.e.j.s.ServletContextHandler@359066bc{/logs,file:///tmp/workdir/hadoop-ozone/integration-test/target/log,AVAILABLE}
2019-07-12 12:53:50,647 INFO  handler.ContextHandler (ContextHandler.java:doStart(781)) - Started o.e.j.s.ServletContextHandler@364fd4ae{/static,jar:file:/home/user/.m2/repository/org/apache/hadoop/hadoop-hdds-container-service/0.5.0-SNAPSHOT/hadoop-hdds-container-service-0.5.0-SNAPSHOT.jar!/webapps/static,AVAILABLE}
2019-07-12 12:53:50,684 INFO  handler.ContextHandler (ContextHandler.java:doStart(781)) - Started o.e.j.w.WebAppContext@2e1eb85f{/,file:///tmp/jetty-0.0.0.0-37122-hddsDatanode-_-any-6675422560302688851.dir/webapp/,AVAILABLE}{/hddsDatanode}
2019-07-12 12:53:50,685 INFO  server.AbstractConnector (AbstractConnector.java:doStart(278)) - Started ServerConnector@ea7a4c3{HTTP/1.1,[http/1.1]}{0.0.0.0:37122}
2019-07-12 12:53:50,686 INFO  server.Server (Server.java:doStart(419)) - Started @6371ms
2019-07-12 12:53:50,687 INFO  server.BaseHttpServer (BaseHttpServer.java:updateConnectorAddress(207)) - HTTP server of HDDSDATANODE is listening at http://0.0.0.0:37122
2019-07-12 12:53:50,714 INFO  datanode.InitDatanodeState (InitDatanodeState.java:persistContainerDatanodeDetails(140)) - DatanodeDetails is persisted to /tmp/workdir/hadoop-ozone/integration-test/target/test-dir/MiniOzoneClusterImpl-3a70d5b3-47b5-47f2-a25b-0a2ae165259f/datanode-0/meta/datanode.id
2019-07-12 12:53:50,829 INFO  ozone.HddsDatanodeService (HddsDatanodeService.java:startPlugins(396)) - Started plug-in org.apache.hadoop.ozone.web.OzoneHddsDatanodeService@5729b410
2019-07-12 12:53:50,830 INFO  impl.MetricsSystemImpl (MetricsSystemImpl.java:init(158)) - HddsDatanode metrics system started (again)
2019-07-12 12:53:50,831 INFO  ozone.HddsDatanodeService (HddsDatanodeService.java:start(185)) - HddsDatanodeService host:pr-hdds-17356bwxm-3764869708 ip:192.168.157.212
2019-07-12 12:53:50,832 INFO  util.JvmPauseMonitor (JvmPauseMonitor.java:run(188)) - Starting JVM pause monitor
2019-07-12 12:53:50,840 INFO  volume.HddsVolume (HddsVolume.java:<init>(176)) - Creating Volume: /tmp/workdir/hadoop-ozone/integration-test/target/test-dir/MiniOzoneClusterImpl-3a70d5b3-47b5-47f2-a25b-0a2ae165259f/datanode-2/data/containers/hdds of  storage type : DISK and capacity : 52710309888
2019-07-12 12:53:50,842 INFO  volume.VolumeSet (VolumeSet.java:initializeVolumeSet(170)) - Added Volume : /tmp/workdir/hadoop-ozone/integration-test/target/test-dir/MiniOzoneClusterImpl-3a70d5b3-47b5-47f2-a25b-0a2ae165259f/datanode-2/data/containers/hdds to VolumeSet
2019-07-12 12:53:50,842 INFO  volume.ThrottledAsyncChecker (ThrottledAsyncChecker.java:schedule(140)) - Scheduling a check for org.apache.hadoop.ozone.container.common.volume.HddsVolume@52b959df
2019-07-12 12:53:50,842 INFO  volume.HddsVolumeChecker (HddsVolumeChecker.java:checkAllVolumes(203)) - Scheduled health check for volume org.apache.hadoop.ozone.container.common.volume.HddsVolume@52b959df
2019-07-12 12:53:50,843 INFO  datanode.InitDatanodeState (InitDatanodeState.java:persistContainerDatanodeDetails(140)) - DatanodeDetails is persisted to /tmp/workdir/hadoop-ozone/integration-test/target/test-dir/MiniOzoneClusterImpl-3a70d5b3-47b5-47f2-a25b-0a2ae165259f/datanode-1/meta/datanode.id
2019-07-12 12:53:50,858 INFO  impl.RaftServerProxy (ConfUtils.java:logGet(43)) - raft.rpc.type = GRPC (default)
2019-07-12 12:53:50,858 INFO  grpc.GrpcFactory (GrpcFactory.java:checkPooledByteBufAllocatorUseCacheForAllThreads(45)) - PERFORMANCE WARNING: useCacheForAllThreads is true that may cause Netty to create a lot garbage objects and, as a result, trigger GC.
	It is recommended to disable useCacheForAllThreads by setting -Dorg.apache.ratis.thirdparty.io.netty.allocator.useCacheForAllThreads=false in command line.
2019-07-12 12:53:50,858 INFO  grpc.GrpcConfigKeys$Server (ConfUtils.java:logGet(43)) - raft.grpc.server.port = 0 (default)
2019-07-12 12:53:50,859 INFO  server.GrpcService (ConfUtils.java:logGet(43)) - raft.grpc.message.size.max = 33570816 (custom)
2019-07-12 12:53:50,859 INFO  server.RaftServerConfigKeys (ConfUtils.java:logGet(43)) - raft.server.log.appender.buffer.byte-limit = 33554432 (custom)
2019-07-12 12:53:50,859 INFO  server.GrpcService (ConfUtils.java:logGet(43)) - raft.grpc.flow.control.window = 1MB (=1048576) (default)
2019-07-12 12:53:50,859 INFO  server.RaftServerConfigKeys (ConfUtils.java:logGet(43)) - raft.server.rpc.request.timeout = 3000ms (default)
2019-07-12 12:53:50,860 INFO  server.RaftServerConfigKeys (ConfUtils.java:logGet(43)) - raft.server.storage.dir = [/tmp/workdir/hadoop-ozone/integration-test/target/test-dir/MiniOzoneClusterImpl-3a70d5b3-47b5-47f2-a25b-0a2ae165259f/datanode-2/data/ratis] (custom)
2019-07-12 12:53:50,861 INFO  replication.SimpleContainerDownloader (SimpleContainerDownloader.java:<init>(72)) - Starting container downloader service to copy containers to replicate.
2019-07-12 12:53:50,862 INFO  hdfs.DFSUtil (DFSUtil.java:httpServerTemplateForNNAndJN(1641)) - Starting Web-server for hddsDatanode at: http://0.0.0.0:0
2019-07-12 12:53:50,863 INFO  server.AuthenticationFilter (AuthenticationFilter.java:constructSecretProvider(240)) - Unable to initialize FileSignerSecretProvider, falling back to use random secrets.
2019-07-12 12:53:50,863 WARN  http.HttpRequestLog (HttpRequestLog.java:getRequestLog(97)) - Jetty request log can only be enabled using Log4j
2019-07-12 12:53:50,865 INFO  http.HttpServer2 (HttpServer2.java:addGlobalFilter(975)) - Added global filter 'safety' (class=org.apache.hadoop.http.HttpServer2$QuotingInputFilter)
2019-07-12 12:53:50,865 INFO  http.HttpServer2 (HttpServer2.java:addFilter(948)) - Added filter static_user_filter (class=org.apache.hadoop.http.lib.StaticUserWebFilter$StaticUserFilter) to context hddsDatanode
2019-07-12 12:53:50,865 INFO  http.HttpServer2 (HttpServer2.java:addFilter(958)) - Added filter static_user_filter (class=org.apache.hadoop.http.lib.StaticUserWebFilter$StaticUserFilter) to context static
2019-07-12 12:53:50,866 INFO  http.HttpServer2 (HttpServer2.java:addFilter(958)) - Added filter static_user_filter (class=org.apache.hadoop.http.lib.StaticUserWebFilter$StaticUserFilter) to context logs
2019-07-12 12:53:50,866 INFO  http.HttpServer2 (HttpServer2.java:bindListener(1191)) - Jetty bound to port 34957
2019-07-12 12:53:50,866 INFO  server.Server (Server.java:doStart(351)) - jetty-9.3.24.v20180605, build timestamp: 2018-06-05T17:11:56Z, git hash: 84205aa28f11a4f31f2a3b86d1bba2cc8ab69827
2019-07-12 12:53:50,868 INFO  handler.ContextHandler (ContextHandler.java:doStart(781)) - Started o.e.j.s.ServletContextHandler@631c6d11{/logs,file:///tmp/workdir/hadoop-ozone/integration-test/target/log,AVAILABLE}
2019-07-12 12:53:50,869 INFO  handler.ContextHandler (ContextHandler.java:doStart(781)) - Started o.e.j.s.ServletContextHandler@62ade015{/static,jar:file:/home/user/.m2/repository/org/apache/hadoop/hadoop-hdds-container-service/0.5.0-SNAPSHOT/hadoop-hdds-container-service-0.5.0-SNAPSHOT.jar!/webapps/static,AVAILABLE}
2019-07-12 12:53:50,896 INFO  handler.ContextHandler (ContextHandler.java:doStart(781)) - Started o.e.j.w.WebAppContext@7197b07f{/,file:///tmp/jetty-0.0.0.0-34957-hddsDatanode-_-any-8035992826990730547.dir/webapp/,AVAILABLE}{/hddsDatanode}
2019-07-12 12:53:50,896 INFO  server.AbstractConnector (AbstractConnector.java:doStart(278)) - Started ServerConnector@1f10fec6{HTTP/1.1,[http/1.1]}{0.0.0.0:34957}
2019-07-12 12:53:50,897 INFO  server.Server (Server.java:doStart(419)) - Started @6583ms
2019-07-12 12:53:50,900 INFO  server.BaseHttpServer (BaseHttpServer.java:updateConnectorAddress(207)) - HTTP server of HDDSDATANODE is listening at http://0.0.0.0:34957
2019-07-12 12:53:51,052 INFO  ozone.HddsDatanodeService (HddsDatanodeService.java:startPlugins(396)) - Started plug-in org.apache.hadoop.ozone.web.OzoneHddsDatanodeService@7436364d
2019-07-12 12:53:51,053 INFO  impl.MetricsSystemImpl (MetricsSystemImpl.java:init(158)) - HddsDatanode metrics system started (again)
2019-07-12 12:53:51,054 INFO  ozone.HddsDatanodeService (HddsDatanodeService.java:start(185)) - HddsDatanodeService host:pr-hdds-17356bwxm-3764869708 ip:192.168.157.212
2019-07-12 12:53:51,056 INFO  util.JvmPauseMonitor (JvmPauseMonitor.java:run(188)) - Starting JVM pause monitor
2019-07-12 12:53:51,059 INFO  datanode.InitDatanodeState (InitDatanodeState.java:persistContainerDatanodeDetails(140)) - DatanodeDetails is persisted to /tmp/workdir/hadoop-ozone/integration-test/target/test-dir/MiniOzoneClusterImpl-3a70d5b3-47b5-47f2-a25b-0a2ae165259f/datanode-2/meta/datanode.id
2019-07-12 12:53:51,063 INFO  volume.HddsVolume (HddsVolume.java:<init>(176)) - Creating Volume: /tmp/workdir/hadoop-ozone/integration-test/target/test-dir/MiniOzoneClusterImpl-3a70d5b3-47b5-47f2-a25b-0a2ae165259f/datanode-3/data/containers/hdds of  storage type : DISK and capacity : 52710309888
2019-07-12 12:53:51,063 INFO  volume.VolumeSet (VolumeSet.java:initializeVolumeSet(170)) - Added Volume : /tmp/workdir/hadoop-ozone/integration-test/target/test-dir/MiniOzoneClusterImpl-3a70d5b3-47b5-47f2-a25b-0a2ae165259f/datanode-3/data/containers/hdds to VolumeSet
2019-07-12 12:53:51,063 INFO  volume.ThrottledAsyncChecker (ThrottledAsyncChecker.java:schedule(140)) - Scheduling a check for org.apache.hadoop.ozone.container.common.volume.HddsVolume@517704
2019-07-12 12:53:51,064 INFO  volume.HddsVolumeChecker (HddsVolumeChecker.java:checkAllVolumes(203)) - Scheduled health check for volume org.apache.hadoop.ozone.container.common.volume.HddsVolume@517704
2019-07-12 12:53:51,078 INFO  impl.RaftServerProxy (ConfUtils.java:logGet(43)) - raft.rpc.type = GRPC (default)
2019-07-12 12:53:51,078 INFO  grpc.GrpcFactory (GrpcFactory.java:checkPooledByteBufAllocatorUseCacheForAllThreads(45)) - PERFORMANCE WARNING: useCacheForAllThreads is true that may cause Netty to create a lot garbage objects and, as a result, trigger GC.
	It is recommended to disable useCacheForAllThreads by setting -Dorg.apache.ratis.thirdparty.io.netty.allocator.useCacheForAllThreads=false in command line.
2019-07-12 12:53:51,078 INFO  grpc.GrpcConfigKeys$Server (ConfUtils.java:logGet(43)) - raft.grpc.server.port = 0 (default)
2019-07-12 12:53:51,079 INFO  server.GrpcService (ConfUtils.java:logGet(43)) - raft.grpc.message.size.max = 33570816 (custom)
2019-07-12 12:53:51,079 INFO  server.RaftServerConfigKeys (ConfUtils.java:logGet(43)) - raft.server.log.appender.buffer.byte-limit = 33554432 (custom)
2019-07-12 12:53:51,079 INFO  server.GrpcService (ConfUtils.java:logGet(43)) - raft.grpc.flow.control.window = 1MB (=1048576) (default)
2019-07-12 12:53:51,079 INFO  server.RaftServerConfigKeys (ConfUtils.java:logGet(43)) - raft.server.rpc.request.timeout = 3000ms (default)
2019-07-12 12:53:51,080 INFO  server.RaftServerConfigKeys (ConfUtils.java:logGet(43)) - raft.server.storage.dir = [/tmp/workdir/hadoop-ozone/integration-test/target/test-dir/MiniOzoneClusterImpl-3a70d5b3-47b5-47f2-a25b-0a2ae165259f/datanode-3/data/ratis] (custom)
2019-07-12 12:53:51,081 INFO  replication.SimpleContainerDownloader (SimpleContainerDownloader.java:<init>(72)) - Starting container downloader service to copy containers to replicate.
2019-07-12 12:53:51,082 INFO  hdfs.DFSUtil (DFSUtil.java:httpServerTemplateForNNAndJN(1641)) - Starting Web-server for hddsDatanode at: http://0.0.0.0:0
2019-07-12 12:53:51,083 INFO  server.AuthenticationFilter (AuthenticationFilter.java:constructSecretProvider(240)) - Unable to initialize FileSignerSecretProvider, falling back to use random secrets.
2019-07-12 12:53:51,083 WARN  http.HttpRequestLog (HttpRequestLog.java:getRequestLog(97)) - Jetty request log can only be enabled using Log4j
2019-07-12 12:53:51,085 INFO  http.HttpServer2 (HttpServer2.java:addGlobalFilter(975)) - Added global filter 'safety' (class=org.apache.hadoop.http.HttpServer2$QuotingInputFilter)
2019-07-12 12:53:51,085 INFO  http.HttpServer2 (HttpServer2.java:addFilter(948)) - Added filter static_user_filter (class=org.apache.hadoop.http.lib.StaticUserWebFilter$StaticUserFilter) to context hddsDatanode
2019-07-12 12:53:51,085 INFO  http.HttpServer2 (HttpServer2.java:addFilter(958)) - Added filter static_user_filter (class=org.apache.hadoop.http.lib.StaticUserWebFilter$StaticUserFilter) to context static
2019-07-12 12:53:51,086 INFO  http.HttpServer2 (HttpServer2.java:addFilter(958)) - Added filter static_user_filter (class=org.apache.hadoop.http.lib.StaticUserWebFilter$StaticUserFilter) to context logs
2019-07-12 12:53:51,087 INFO  http.HttpServer2 (HttpServer2.java:bindListener(1191)) - Jetty bound to port 33573
2019-07-12 12:53:51,087 INFO  server.Server (Server.java:doStart(351)) - jetty-9.3.24.v20180605, build timestamp: 2018-06-05T17:11:56Z, git hash: 84205aa28f11a4f31f2a3b86d1bba2cc8ab69827
2019-07-12 12:53:51,091 INFO  handler.ContextHandler (ContextHandler.java:doStart(781)) - Started o.e.j.s.ServletContextHandler@1e30db85{/logs,file:///tmp/workdir/hadoop-ozone/integration-test/target/log,AVAILABLE}
2019-07-12 12:53:51,092 INFO  handler.ContextHandler (ContextHandler.java:doStart(781)) - Started o.e.j.s.ServletContextHandler@cc9ef8d{/static,jar:file:/home/user/.m2/repository/org/apache/hadoop/hadoop-hdds-container-service/0.5.0-SNAPSHOT/hadoop-hdds-container-service-0.5.0-SNAPSHOT.jar!/webapps/static,AVAILABLE}
2019-07-12 12:53:51,120 INFO  handler.ContextHandler (ContextHandler.java:doStart(781)) - Started o.e.j.w.WebAppContext@6a2d867d{/,file:///tmp/jetty-0.0.0.0-33573-hddsDatanode-_-any-8741820445737251599.dir/webapp/,AVAILABLE}{/hddsDatanode}
2019-07-12 12:53:51,121 INFO  server.AbstractConnector (AbstractConnector.java:doStart(278)) - Started ServerConnector@73bb1337{HTTP/1.1,[http/1.1]}{0.0.0.0:33573}
2019-07-12 12:53:51,122 INFO  server.Server (Server.java:doStart(419)) - Started @6807ms
2019-07-12 12:53:51,123 INFO  server.BaseHttpServer (BaseHttpServer.java:updateConnectorAddress(207)) - HTTP server of HDDSDATANODE is listening at http://0.0.0.0:33573
2019-07-12 12:53:51,264 INFO  ozone.HddsDatanodeService (HddsDatanodeService.java:startPlugins(396)) - Started plug-in org.apache.hadoop.ozone.web.OzoneHddsDatanodeService@65da01f4
2019-07-12 12:53:51,265 INFO  impl.MetricsSystemImpl (MetricsSystemImpl.java:init(158)) - HddsDatanode metrics system started (again)
2019-07-12 12:53:51,266 INFO  ozone.HddsDatanodeService (HddsDatanodeService.java:start(185)) - HddsDatanodeService host:pr-hdds-17356bwxm-3764869708 ip:192.168.157.212
2019-07-12 12:53:51,269 INFO  util.JvmPauseMonitor (JvmPauseMonitor.java:run(188)) - Starting JVM pause monitor
2019-07-12 12:53:51,272 INFO  datanode.InitDatanodeState (InitDatanodeState.java:persistContainerDatanodeDetails(140)) - DatanodeDetails is persisted to /tmp/workdir/hadoop-ozone/integration-test/target/test-dir/MiniOzoneClusterImpl-3a70d5b3-47b5-47f2-a25b-0a2ae165259f/datanode-3/meta/datanode.id
2019-07-12 12:53:51,275 INFO  volume.HddsVolume (HddsVolume.java:<init>(176)) - Creating Volume: /tmp/workdir/hadoop-ozone/integration-test/target/test-dir/MiniOzoneClusterImpl-3a70d5b3-47b5-47f2-a25b-0a2ae165259f/datanode-4/data/containers/hdds of  storage type : DISK and capacity : 52710309888
2019-07-12 12:53:51,276 INFO  volume.VolumeSet (VolumeSet.java:initializeVolumeSet(170)) - Added Volume : /tmp/workdir/hadoop-ozone/integration-test/target/test-dir/MiniOzoneClusterImpl-3a70d5b3-47b5-47f2-a25b-0a2ae165259f/datanode-4/data/containers/hdds to VolumeSet
2019-07-12 12:53:51,276 INFO  volume.ThrottledAsyncChecker (ThrottledAsyncChecker.java:schedule(140)) - Scheduling a check for org.apache.hadoop.ozone.container.common.volume.HddsVolume@6b2fdffc
2019-07-12 12:53:51,277 INFO  volume.HddsVolumeChecker (HddsVolumeChecker.java:checkAllVolumes(203)) - Scheduled health check for volume org.apache.hadoop.ozone.container.common.volume.HddsVolume@6b2fdffc
2019-07-12 12:53:51,291 INFO  impl.RaftServerProxy (ConfUtils.java:logGet(43)) - raft.rpc.type = GRPC (default)
2019-07-12 12:53:51,291 INFO  grpc.GrpcFactory (GrpcFactory.java:checkPooledByteBufAllocatorUseCacheForAllThreads(45)) - PERFORMANCE WARNING: useCacheForAllThreads is true that may cause Netty to create a lot garbage objects and, as a result, trigger GC.
	It is recommended to disable useCacheForAllThreads by setting -Dorg.apache.ratis.thirdparty.io.netty.allocator.useCacheForAllThreads=false in command line.
2019-07-12 12:53:51,292 INFO  grpc.GrpcConfigKeys$Server (ConfUtils.java:logGet(43)) - raft.grpc.server.port = 0 (default)
2019-07-12 12:53:51,292 INFO  server.GrpcService (ConfUtils.java:logGet(43)) - raft.grpc.message.size.max = 33570816 (custom)
2019-07-12 12:53:51,292 INFO  server.RaftServerConfigKeys (ConfUtils.java:logGet(43)) - raft.server.log.appender.buffer.byte-limit = 33554432 (custom)
2019-07-12 12:53:51,292 INFO  server.GrpcService (ConfUtils.java:logGet(43)) - raft.grpc.flow.control.window = 1MB (=1048576) (default)
2019-07-12 12:53:51,293 INFO  server.RaftServerConfigKeys (ConfUtils.java:logGet(43)) - raft.server.rpc.request.timeout = 3000ms (default)
2019-07-12 12:53:51,293 INFO  server.RaftServerConfigKeys (ConfUtils.java:logGet(43)) - raft.server.storage.dir = [/tmp/workdir/hadoop-ozone/integration-test/target/test-dir/MiniOzoneClusterImpl-3a70d5b3-47b5-47f2-a25b-0a2ae165259f/datanode-4/data/ratis] (custom)
2019-07-12 12:53:51,294 INFO  replication.SimpleContainerDownloader (SimpleContainerDownloader.java:<init>(72)) - Starting container downloader service to copy containers to replicate.
2019-07-12 12:53:51,295 INFO  hdfs.DFSUtil (DFSUtil.java:httpServerTemplateForNNAndJN(1641)) - Starting Web-server for hddsDatanode at: http://0.0.0.0:0
2019-07-12 12:53:51,297 INFO  server.AuthenticationFilter (AuthenticationFilter.java:constructSecretProvider(240)) - Unable to initialize FileSignerSecretProvider, falling back to use random secrets.
2019-07-12 12:53:51,298 WARN  http.HttpRequestLog (HttpRequestLog.java:getRequestLog(97)) - Jetty request log can only be enabled using Log4j
2019-07-12 12:53:51,301 INFO  http.HttpServer2 (HttpServer2.java:addGlobalFilter(975)) - Added global filter 'safety' (class=org.apache.hadoop.http.HttpServer2$QuotingInputFilter)
2019-07-12 12:53:51,302 INFO  http.HttpServer2 (HttpServer2.java:addFilter(948)) - Added filter static_user_filter (class=org.apache.hadoop.http.lib.StaticUserWebFilter$StaticUserFilter) to context hddsDatanode
2019-07-12 12:53:51,302 INFO  http.HttpServer2 (HttpServer2.java:addFilter(958)) - Added filter static_user_filter (class=org.apache.hadoop.http.lib.StaticUserWebFilter$StaticUserFilter) to context logs
2019-07-12 12:53:51,302 INFO  http.HttpServer2 (HttpServer2.java:addFilter(958)) - Added filter static_user_filter (class=org.apache.hadoop.http.lib.StaticUserWebFilter$StaticUserFilter) to context static
2019-07-12 12:53:51,303 INFO  http.HttpServer2 (HttpServer2.java:bindListener(1191)) - Jetty bound to port 37096
2019-07-12 12:53:51,303 INFO  server.Server (Server.java:doStart(351)) - jetty-9.3.24.v20180605, build timestamp: 2018-06-05T17:11:56Z, git hash: 84205aa28f11a4f31f2a3b86d1bba2cc8ab69827
2019-07-12 12:53:51,307 INFO  handler.ContextHandler (ContextHandler.java:doStart(781)) - Started o.e.j.s.ServletContextHandler@615db358{/logs,file:///tmp/workdir/hadoop-ozone/integration-test/target/log,AVAILABLE}
2019-07-12 12:53:51,308 INFO  handler.ContextHandler (ContextHandler.java:doStart(781)) - Started o.e.j.s.ServletContextHandler@5fef0c19{/static,jar:file:/home/user/.m2/repository/org/apache/hadoop/hadoop-hdds-container-service/0.5.0-SNAPSHOT/hadoop-hdds-container-service-0.5.0-SNAPSHOT.jar!/webapps/static,AVAILABLE}
2019-07-12 12:53:51,349 INFO  handler.ContextHandler (ContextHandler.java:doStart(781)) - Started o.e.j.w.WebAppContext@367d34c0{/,file:///tmp/jetty-0.0.0.0-37096-hddsDatanode-_-any-4784794222575039530.dir/webapp/,AVAILABLE}{/hddsDatanode}
2019-07-12 12:53:51,349 INFO  server.AbstractConnector (AbstractConnector.java:doStart(278)) - Started ServerConnector@4ce25e47{HTTP/1.1,[http/1.1]}{0.0.0.0:37096}
2019-07-12 12:53:51,351 INFO  server.Server (Server.java:doStart(419)) - Started @7036ms
2019-07-12 12:53:51,351 INFO  server.BaseHttpServer (BaseHttpServer.java:updateConnectorAddress(207)) - HTTP server of HDDSDATANODE is listening at http://0.0.0.0:37096
2019-07-12 12:53:51,509 INFO  ozone.HddsDatanodeService (HddsDatanodeService.java:startPlugins(396)) - Started plug-in org.apache.hadoop.ozone.web.OzoneHddsDatanodeService@15d236fd
2019-07-12 12:53:51,510 INFO  impl.MetricsSystemImpl (MetricsSystemImpl.java:init(158)) - HddsDatanode metrics system started (again)
2019-07-12 12:53:51,511 INFO  ozone.HddsDatanodeService (HddsDatanodeService.java:start(185)) - HddsDatanodeService host:pr-hdds-17356bwxm-3764869708 ip:192.168.157.212
2019-07-12 12:53:51,513 INFO  util.JvmPauseMonitor (JvmPauseMonitor.java:run(188)) - Starting JVM pause monitor
2019-07-12 12:53:51,516 INFO  datanode.InitDatanodeState (InitDatanodeState.java:persistContainerDatanodeDetails(140)) - DatanodeDetails is persisted to /tmp/workdir/hadoop-ozone/integration-test/target/test-dir/MiniOzoneClusterImpl-3a70d5b3-47b5-47f2-a25b-0a2ae165259f/datanode-4/meta/datanode.id
2019-07-12 12:53:51,520 INFO  volume.HddsVolume (HddsVolume.java:<init>(176)) - Creating Volume: /tmp/workdir/hadoop-ozone/integration-test/target/test-dir/MiniOzoneClusterImpl-3a70d5b3-47b5-47f2-a25b-0a2ae165259f/datanode-5/data/containers/hdds of  storage type : DISK and capacity : 52710309888
2019-07-12 12:53:51,520 INFO  volume.VolumeSet (VolumeSet.java:initializeVolumeSet(170)) - Added Volume : /tmp/workdir/hadoop-ozone/integration-test/target/test-dir/MiniOzoneClusterImpl-3a70d5b3-47b5-47f2-a25b-0a2ae165259f/datanode-5/data/containers/hdds to VolumeSet
2019-07-12 12:53:51,521 INFO  volume.ThrottledAsyncChecker (ThrottledAsyncChecker.java:schedule(140)) - Scheduling a check for org.apache.hadoop.ozone.container.common.volume.HddsVolume@33eb0d4
2019-07-12 12:53:51,521 INFO  volume.HddsVolumeChecker (HddsVolumeChecker.java:checkAllVolumes(203)) - Scheduled health check for volume org.apache.hadoop.ozone.container.common.volume.HddsVolume@33eb0d4
2019-07-12 12:53:51,537 INFO  impl.RaftServerProxy (ConfUtils.java:logGet(43)) - raft.rpc.type = GRPC (default)
2019-07-12 12:53:51,538 INFO  grpc.GrpcFactory (GrpcFactory.java:checkPooledByteBufAllocatorUseCacheForAllThreads(45)) - PERFORMANCE WARNING: useCacheForAllThreads is true that may cause Netty to create a lot garbage objects and, as a result, trigger GC.
	It is recommended to disable useCacheForAllThreads by setting -Dorg.apache.ratis.thirdparty.io.netty.allocator.useCacheForAllThreads=false in command line.
2019-07-12 12:53:51,538 INFO  grpc.GrpcConfigKeys$Server (ConfUtils.java:logGet(43)) - raft.grpc.server.port = 0 (default)
2019-07-12 12:53:51,538 INFO  server.GrpcService (ConfUtils.java:logGet(43)) - raft.grpc.message.size.max = 33570816 (custom)
2019-07-12 12:53:51,538 INFO  server.RaftServerConfigKeys (ConfUtils.java:logGet(43)) - raft.server.log.appender.buffer.byte-limit = 33554432 (custom)
2019-07-12 12:53:51,539 INFO  server.GrpcService (ConfUtils.java:logGet(43)) - raft.grpc.flow.control.window = 1MB (=1048576) (default)
2019-07-12 12:53:51,539 INFO  server.RaftServerConfigKeys (ConfUtils.java:logGet(43)) - raft.server.rpc.request.timeout = 3000ms (default)
2019-07-12 12:53:51,540 INFO  server.RaftServerConfigKeys (ConfUtils.java:logGet(43)) - raft.server.storage.dir = [/tmp/workdir/hadoop-ozone/integration-test/target/test-dir/MiniOzoneClusterImpl-3a70d5b3-47b5-47f2-a25b-0a2ae165259f/datanode-5/data/ratis] (custom)
2019-07-12 12:53:51,540 INFO  replication.SimpleContainerDownloader (SimpleContainerDownloader.java:<init>(72)) - Starting container downloader service to copy containers to replicate.
2019-07-12 12:53:51,542 INFO  hdfs.DFSUtil (DFSUtil.java:httpServerTemplateForNNAndJN(1641)) - Starting Web-server for hddsDatanode at: http://0.0.0.0:0
2019-07-12 12:53:51,544 INFO  server.AuthenticationFilter (AuthenticationFilter.java:constructSecretProvider(240)) - Unable to initialize FileSignerSecretProvider, falling back to use random secrets.
2019-07-12 12:53:51,545 WARN  http.HttpRequestLog (HttpRequestLog.java:getRequestLog(97)) - Jetty request log can only be enabled using Log4j
2019-07-12 12:53:51,548 INFO  http.HttpServer2 (HttpServer2.java:addGlobalFilter(975)) - Added global filter 'safety' (class=org.apache.hadoop.http.HttpServer2$QuotingInputFilter)
2019-07-12 12:53:51,549 INFO  http.HttpServer2 (HttpServer2.java:addFilter(948)) - Added filter static_user_filter (class=org.apache.hadoop.http.lib.StaticUserWebFilter$StaticUserFilter) to context hddsDatanode
2019-07-12 12:53:51,549 INFO  http.HttpServer2 (HttpServer2.java:addFilter(958)) - Added filter static_user_filter (class=org.apache.hadoop.http.lib.StaticUserWebFilter$StaticUserFilter) to context static
2019-07-12 12:53:51,549 INFO  http.HttpServer2 (HttpServer2.java:addFilter(958)) - Added filter static_user_filter (class=org.apache.hadoop.http.lib.StaticUserWebFilter$StaticUserFilter) to context logs
2019-07-12 12:53:51,550 INFO  http.HttpServer2 (HttpServer2.java:bindListener(1191)) - Jetty bound to port 38763
2019-07-12 12:53:51,551 INFO  server.Server (Server.java:doStart(351)) - jetty-9.3.24.v20180605, build timestamp: 2018-06-05T17:11:56Z, git hash: 84205aa28f11a4f31f2a3b86d1bba2cc8ab69827
2019-07-12 12:53:51,554 INFO  handler.ContextHandler (ContextHandler.java:doStart(781)) - Started o.e.j.s.ServletContextHandler@6885ed19{/logs,file:///tmp/workdir/hadoop-ozone/integration-test/target/log,AVAILABLE}
2019-07-12 12:53:51,555 INFO  handler.ContextHandler (ContextHandler.java:doStart(781)) - Started o.e.j.s.ServletContextHandler@2d4a3e13{/static,jar:file:/home/user/.m2/repository/org/apache/hadoop/hadoop-hdds-container-service/0.5.0-SNAPSHOT/hadoop-hdds-container-service-0.5.0-SNAPSHOT.jar!/webapps/static,AVAILABLE}
2019-07-12 12:53:51,599 INFO  handler.ContextHandler (ContextHandler.java:doStart(781)) - Started o.e.j.w.WebAppContext@561f9d92{/,file:///tmp/jetty-0.0.0.0-38763-hddsDatanode-_-any-5500685245537332064.dir/webapp/,AVAILABLE}{/hddsDatanode}
2019-07-12 12:53:51,601 INFO  server.AbstractConnector (AbstractConnector.java:doStart(278)) - Started ServerConnector@1c84d80a{HTTP/1.1,[http/1.1]}{0.0.0.0:38763}
2019-07-12 12:53:51,601 INFO  server.Server (Server.java:doStart(419)) - Started @7287ms
2019-07-12 12:53:51,602 INFO  server.BaseHttpServer (BaseHttpServer.java:updateConnectorAddress(207)) - HTTP server of HDDSDATANODE is listening at http://0.0.0.0:38763
2019-07-12 12:53:51,777 INFO  ozone.HddsDatanodeService (HddsDatanodeService.java:startPlugins(396)) - Started plug-in org.apache.hadoop.ozone.web.OzoneHddsDatanodeService@16f15ae9
2019-07-12 12:53:51,777 INFO  impl.MetricsSystemImpl (MetricsSystemImpl.java:init(158)) - HddsDatanode metrics system started (again)
2019-07-12 12:53:51,779 INFO  ozone.HddsDatanodeService (HddsDatanodeService.java:start(185)) - HddsDatanodeService host:pr-hdds-17356bwxm-3764869708 ip:192.168.157.212
2019-07-12 12:53:51,781 INFO  util.JvmPauseMonitor (JvmPauseMonitor.java:run(188)) - Starting JVM pause monitor
2019-07-12 12:53:51,784 INFO  datanode.InitDatanodeState (InitDatanodeState.java:persistContainerDatanodeDetails(140)) - DatanodeDetails is persisted to /tmp/workdir/hadoop-ozone/integration-test/target/test-dir/MiniOzoneClusterImpl-3a70d5b3-47b5-47f2-a25b-0a2ae165259f/datanode-5/meta/datanode.id
2019-07-12 12:53:51,789 INFO  volume.HddsVolume (HddsVolume.java:<init>(176)) - Creating Volume: /tmp/workdir/hadoop-ozone/integration-test/target/test-dir/MiniOzoneClusterImpl-3a70d5b3-47b5-47f2-a25b-0a2ae165259f/datanode-6/data/containers/hdds of  storage type : DISK and capacity : 52710309888
2019-07-12 12:53:51,789 INFO  volume.VolumeSet (VolumeSet.java:initializeVolumeSet(170)) - Added Volume : /tmp/workdir/hadoop-ozone/integration-test/target/test-dir/MiniOzoneClusterImpl-3a70d5b3-47b5-47f2-a25b-0a2ae165259f/datanode-6/data/containers/hdds to VolumeSet
2019-07-12 12:53:51,789 INFO  volume.ThrottledAsyncChecker (ThrottledAsyncChecker.java:schedule(140)) - Scheduling a check for org.apache.hadoop.ozone.container.common.volume.HddsVolume@2b79c8ff
2019-07-12 12:53:51,790 INFO  volume.HddsVolumeChecker (HddsVolumeChecker.java:checkAllVolumes(203)) - Scheduled health check for volume org.apache.hadoop.ozone.container.common.volume.HddsVolume@2b79c8ff
2019-07-12 12:53:51,807 INFO  impl.RaftServerProxy (ConfUtils.java:logGet(43)) - raft.rpc.type = GRPC (default)
2019-07-12 12:53:51,807 INFO  grpc.GrpcFactory (GrpcFactory.java:checkPooledByteBufAllocatorUseCacheForAllThreads(45)) - PERFORMANCE WARNING: useCacheForAllThreads is true that may cause Netty to create a lot garbage objects and, as a result, trigger GC.
	It is recommended to disable useCacheForAllThreads by setting -Dorg.apache.ratis.thirdparty.io.netty.allocator.useCacheForAllThreads=false in command line.
2019-07-12 12:53:51,807 INFO  grpc.GrpcConfigKeys$Server (ConfUtils.java:logGet(43)) - raft.grpc.server.port = 0 (default)
2019-07-12 12:53:51,807 INFO  server.GrpcService (ConfUtils.java:logGet(43)) - raft.grpc.message.size.max = 33570816 (custom)
2019-07-12 12:53:51,810 INFO  server.RaftServerConfigKeys (ConfUtils.java:logGet(43)) - raft.server.log.appender.buffer.byte-limit = 33554432 (custom)
2019-07-12 12:53:51,810 INFO  server.GrpcService (ConfUtils.java:logGet(43)) - raft.grpc.flow.control.window = 1MB (=1048576) (default)
2019-07-12 12:53:51,811 INFO  server.RaftServerConfigKeys (ConfUtils.java:logGet(43)) - raft.server.rpc.request.timeout = 3000ms (default)
2019-07-12 12:53:51,811 INFO  server.RaftServerConfigKeys (ConfUtils.java:logGet(43)) - raft.server.storage.dir = [/tmp/workdir/hadoop-ozone/integration-test/target/test-dir/MiniOzoneClusterImpl-3a70d5b3-47b5-47f2-a25b-0a2ae165259f/datanode-6/data/ratis] (custom)
2019-07-12 12:53:51,812 INFO  replication.SimpleContainerDownloader (SimpleContainerDownloader.java:<init>(72)) - Starting container downloader service to copy containers to replicate.
2019-07-12 12:53:51,813 INFO  hdfs.DFSUtil (DFSUtil.java:httpServerTemplateForNNAndJN(1641)) - Starting Web-server for hddsDatanode at: http://0.0.0.0:0
2019-07-12 12:53:51,815 INFO  server.AuthenticationFilter (AuthenticationFilter.java:constructSecretProvider(240)) - Unable to initialize FileSignerSecretProvider, falling back to use random secrets.
2019-07-12 12:53:51,815 WARN  http.HttpRequestLog (HttpRequestLog.java:getRequestLog(97)) - Jetty request log can only be enabled using Log4j
2019-07-12 12:53:51,817 INFO  http.HttpServer2 (HttpServer2.java:addGlobalFilter(975)) - Added global filter 'safety' (class=org.apache.hadoop.http.HttpServer2$QuotingInputFilter)
2019-07-12 12:53:51,818 INFO  http.HttpServer2 (HttpServer2.java:addFilter(948)) - Added filter static_user_filter (class=org.apache.hadoop.http.lib.StaticUserWebFilter$StaticUserFilter) to context hddsDatanode
2019-07-12 12:53:51,819 INFO  http.HttpServer2 (HttpServer2.java:addFilter(958)) - Added filter static_user_filter (class=org.apache.hadoop.http.lib.StaticUserWebFilter$StaticUserFilter) to context logs
2019-07-12 12:53:51,819 INFO  http.HttpServer2 (HttpServer2.java:addFilter(958)) - Added filter static_user_filter (class=org.apache.hadoop.http.lib.StaticUserWebFilter$StaticUserFilter) to context static
2019-07-12 12:53:51,820 INFO  http.HttpServer2 (HttpServer2.java:bindListener(1191)) - Jetty bound to port 45858
2019-07-12 12:53:51,820 INFO  server.Server (Server.java:doStart(351)) - jetty-9.3.24.v20180605, build timestamp: 2018-06-05T17:11:56Z, git hash: 84205aa28f11a4f31f2a3b86d1bba2cc8ab69827
2019-07-12 12:53:51,823 INFO  handler.ContextHandler (ContextHandler.java:doStart(781)) - Started o.e.j.s.ServletContextHandler@6568f998{/logs,file:///tmp/workdir/hadoop-ozone/integration-test/target/log,AVAILABLE}
2019-07-12 12:53:51,823 INFO  handler.ContextHandler (ContextHandler.java:doStart(781)) - Started o.e.j.s.ServletContextHandler@782fd504{/static,jar:file:/home/user/.m2/repository/org/apache/hadoop/hadoop-hdds-container-service/0.5.0-SNAPSHOT/hadoop-hdds-container-service-0.5.0-SNAPSHOT.jar!/webapps/static,AVAILABLE}
2019-07-12 12:53:51,863 INFO  handler.ContextHandler (ContextHandler.java:doStart(781)) - Started o.e.j.w.WebAppContext@418f0534{/,file:///tmp/jetty-0.0.0.0-45858-hddsDatanode-_-any-7404756674584306364.dir/webapp/,AVAILABLE}{/hddsDatanode}
2019-07-12 12:53:51,863 INFO  server.AbstractConnector (AbstractConnector.java:doStart(278)) - Started ServerConnector@3dfd7eaa{HTTP/1.1,[http/1.1]}{0.0.0.0:45858}
2019-07-12 12:53:51,864 INFO  server.Server (Server.java:doStart(419)) - Started @7550ms
2019-07-12 12:53:51,865 INFO  server.BaseHttpServer (BaseHttpServer.java:updateConnectorAddress(207)) - HTTP server of HDDSDATANODE is listening at http://0.0.0.0:45858
2019-07-12 12:53:52,081 INFO  ozone.HddsDatanodeService (HddsDatanodeService.java:startPlugins(396)) - Started plug-in org.apache.hadoop.ozone.web.OzoneHddsDatanodeService@28e7bb31
2019-07-12 12:53:52,083 INFO  ozone.MiniOzoneClusterImpl (MiniOzoneClusterImpl.java:lambda$waitForClusterToBeReady$0(142)) - Waiting for cluster to be ready. Got 0 of 7 DN Heartbeats.
2019-07-12 12:53:52,084 INFO  util.JvmPauseMonitor (JvmPauseMonitor.java:run(188)) - Starting JVM pause monitor
2019-07-12 12:53:52,086 INFO  datanode.InitDatanodeState (InitDatanodeState.java:persistContainerDatanodeDetails(140)) - DatanodeDetails is persisted to /tmp/workdir/hadoop-ozone/integration-test/target/test-dir/MiniOzoneClusterImpl-3a70d5b3-47b5-47f2-a25b-0a2ae165259f/datanode-6/meta/datanode.id
2019-07-12 12:53:52,644 INFO  ozoneimpl.OzoneContainer (OzoneContainer.java:start(186)) - Attempting to start container services.
2019-07-12 12:53:52,646 INFO  ozoneimpl.OzoneContainer (OzoneContainer.java:startContainerScrub(160)) - Background container scrubber has been disabled by hdds.containerscrub.enabled
2019-07-12 12:53:52,646 INFO  ratis.XceiverServerRatis (XceiverServerRatis.java:start(418)) - Starting XceiverServerRatis 71a69e4f-4742-4387-afb8-7c95c2332a05 at port 0
2019-07-12 12:53:52,666 INFO  impl.RaftServerProxy (RaftServerProxy.java:lambda$start$3(299)) - 71a69e4f-4742-4387-afb8-7c95c2332a05: start RPC server
2019-07-12 12:53:52,787 INFO  server.GrpcService (GrpcService.java:startImpl(149)) - 71a69e4f-4742-4387-afb8-7c95c2332a05: GrpcService started, listening on 0.0.0.0/0.0.0.0:39730
2019-07-12 12:53:52,788 INFO  ratis.XceiverServerRatis (XceiverServerRatis.java:start(428)) - XceiverServerRatis 71a69e4f-4742-4387-afb8-7c95c2332a05 is started using port 39730
2019-07-12 12:53:52,790 INFO  server.XceiverServerGrpc (XceiverServerGrpc.java:start(161)) - XceiverServerGrpc 71a69e4f-4742-4387-afb8-7c95c2332a05 is started using port 46746
2019-07-12 12:53:52,850 INFO  ozoneimpl.OzoneContainer (OzoneContainer.java:start(186)) - Attempting to start container services.
2019-07-12 12:53:52,852 INFO  ozoneimpl.OzoneContainer (OzoneContainer.java:startContainerScrub(160)) - Background container scrubber has been disabled by hdds.containerscrub.enabled
2019-07-12 12:53:52,852 INFO  ratis.XceiverServerRatis (XceiverServerRatis.java:start(418)) - Starting XceiverServerRatis cb9a4759-2319-4aa9-87c5-0d950a5f6b2a at port 0
2019-07-12 12:53:52,862 INFO  impl.RaftServerProxy (RaftServerProxy.java:lambda$start$3(299)) - cb9a4759-2319-4aa9-87c5-0d950a5f6b2a: start RPC server
2019-07-12 12:53:52,865 INFO  server.GrpcService (GrpcService.java:startImpl(149)) - cb9a4759-2319-4aa9-87c5-0d950a5f6b2a: GrpcService started, listening on 0.0.0.0/0.0.0.0:39794
2019-07-12 12:53:52,865 INFO  ratis.XceiverServerRatis (XceiverServerRatis.java:start(428)) - XceiverServerRatis cb9a4759-2319-4aa9-87c5-0d950a5f6b2a is started using port 39794
2019-07-12 12:53:52,867 INFO  server.XceiverServerGrpc (XceiverServerGrpc.java:start(161)) - XceiverServerGrpc cb9a4759-2319-4aa9-87c5-0d950a5f6b2a is started using port 37550
2019-07-12 12:53:53,073 INFO  ozoneimpl.OzoneContainer (OzoneContainer.java:start(186)) - Attempting to start container services.
2019-07-12 12:53:53,079 INFO  ozoneimpl.OzoneContainer (OzoneContainer.java:startContainerScrub(160)) - Background container scrubber has been disabled by hdds.containerscrub.enabled
2019-07-12 12:53:53,080 INFO  ratis.XceiverServerRatis (XceiverServerRatis.java:start(418)) - Starting XceiverServerRatis 99474c79-44d7-4ef4-a691-a274cd98783b at port 0
2019-07-12 12:53:53,084 INFO  ozone.MiniOzoneClusterImpl (MiniOzoneClusterImpl.java:lambda$waitForClusterToBeReady$0(142)) - Waiting for cluster to be ready. Got 0 of 7 DN Heartbeats.
2019-07-12 12:53:53,091 INFO  impl.RaftServerProxy (RaftServerProxy.java:lambda$start$3(299)) - 99474c79-44d7-4ef4-a691-a274cd98783b: start RPC server
2019-07-12 12:53:53,094 INFO  server.GrpcService (GrpcService.java:startImpl(149)) - 99474c79-44d7-4ef4-a691-a274cd98783b: GrpcService started, listening on 0.0.0.0/0.0.0.0:35012
2019-07-12 12:53:53,094 INFO  ratis.XceiverServerRatis (XceiverServerRatis.java:start(428)) - XceiverServerRatis 99474c79-44d7-4ef4-a691-a274cd98783b is started using port 35012
2019-07-12 12:53:53,097 INFO  server.XceiverServerGrpc (XceiverServerGrpc.java:start(161)) - XceiverServerGrpc 99474c79-44d7-4ef4-a691-a274cd98783b is started using port 33850
2019-07-12 12:53:53,286 INFO  ozoneimpl.OzoneContainer (OzoneContainer.java:start(186)) - Attempting to start container services.
2019-07-12 12:53:53,286 INFO  ozoneimpl.OzoneContainer (OzoneContainer.java:startContainerScrub(160)) - Background container scrubber has been disabled by hdds.containerscrub.enabled
2019-07-12 12:53:53,287 INFO  ratis.XceiverServerRatis (XceiverServerRatis.java:start(418)) - Starting XceiverServerRatis c6f740ed-0745-4563-a1bf-e72f2e5174bb at port 0
2019-07-12 12:53:53,298 INFO  impl.RaftServerProxy (RaftServerProxy.java:lambda$start$3(299)) - c6f740ed-0745-4563-a1bf-e72f2e5174bb: start RPC server
2019-07-12 12:53:53,301 INFO  server.GrpcService (GrpcService.java:startImpl(149)) - c6f740ed-0745-4563-a1bf-e72f2e5174bb: GrpcService started, listening on 0.0.0.0/0.0.0.0:46790
2019-07-12 12:53:53,302 INFO  ratis.XceiverServerRatis (XceiverServerRatis.java:start(428)) - XceiverServerRatis c6f740ed-0745-4563-a1bf-e72f2e5174bb is started using port 46790
2019-07-12 12:53:53,305 INFO  server.XceiverServerGrpc (XceiverServerGrpc.java:start(161)) - XceiverServerGrpc c6f740ed-0745-4563-a1bf-e72f2e5174bb is started using port 34852
2019-07-12 12:53:53,542 INFO  ozoneimpl.OzoneContainer (OzoneContainer.java:start(186)) - Attempting to start container services.
2019-07-12 12:53:53,542 INFO  ozoneimpl.OzoneContainer (OzoneContainer.java:startContainerScrub(160)) - Background container scrubber has been disabled by hdds.containerscrub.enabled
2019-07-12 12:53:53,542 INFO  ratis.XceiverServerRatis (XceiverServerRatis.java:start(418)) - Starting XceiverServerRatis f1b780fe-ed32-4b3b-a7dd-bcb4436fa190 at port 0
2019-07-12 12:53:53,554 INFO  impl.RaftServerProxy (RaftServerProxy.java:lambda$start$3(299)) - f1b780fe-ed32-4b3b-a7dd-bcb4436fa190: start RPC server
2019-07-12 12:53:53,558 INFO  server.GrpcService (GrpcService.java:startImpl(149)) - f1b780fe-ed32-4b3b-a7dd-bcb4436fa190: GrpcService started, listening on 0.0.0.0/0.0.0.0:39985
2019-07-12 12:53:53,558 INFO  ratis.XceiverServerRatis (XceiverServerRatis.java:start(428)) - XceiverServerRatis f1b780fe-ed32-4b3b-a7dd-bcb4436fa190 is started using port 39985
2019-07-12 12:53:53,562 INFO  server.XceiverServerGrpc (XceiverServerGrpc.java:start(161)) - XceiverServerGrpc f1b780fe-ed32-4b3b-a7dd-bcb4436fa190 is started using port 42010
2019-07-12 12:53:53,801 INFO  ozoneimpl.OzoneContainer (OzoneContainer.java:start(186)) - Attempting to start container services.
2019-07-12 12:53:53,802 INFO  ozoneimpl.OzoneContainer (OzoneContainer.java:startContainerScrub(160)) - Background container scrubber has been disabled by hdds.containerscrub.enabled
2019-07-12 12:53:53,802 INFO  ratis.XceiverServerRatis (XceiverServerRatis.java:start(418)) - Starting XceiverServerRatis 05c98b3f-3a67-4690-8376-941456a6e695 at port 0
2019-07-12 12:53:53,810 INFO  impl.RaftServerProxy (RaftServerProxy.java:lambda$start$3(299)) - 05c98b3f-3a67-4690-8376-941456a6e695: start RPC server
2019-07-12 12:53:53,815 INFO  server.GrpcService (GrpcService.java:startImpl(149)) - 05c98b3f-3a67-4690-8376-941456a6e695: GrpcService started, listening on 0.0.0.0/0.0.0.0:42282
2019-07-12 12:53:53,816 INFO  ratis.XceiverServerRatis (XceiverServerRatis.java:start(428)) - XceiverServerRatis 05c98b3f-3a67-4690-8376-941456a6e695 is started using port 42282
2019-07-12 12:53:53,820 INFO  server.XceiverServerGrpc (XceiverServerGrpc.java:start(161)) - XceiverServerGrpc 05c98b3f-3a67-4690-8376-941456a6e695 is started using port 41655
2019-07-12 12:53:54,084 INFO  ozone.MiniOzoneClusterImpl (MiniOzoneClusterImpl.java:lambda$waitForClusterToBeReady$0(142)) - Waiting for cluster to be ready. Got 0 of 7 DN Heartbeats.
2019-07-12 12:53:54,101 INFO  ozoneimpl.OzoneContainer (OzoneContainer.java:start(186)) - Attempting to start container services.
2019-07-12 12:53:54,101 INFO  ozoneimpl.OzoneContainer (OzoneContainer.java:startContainerScrub(160)) - Background container scrubber has been disabled by hdds.containerscrub.enabled
2019-07-12 12:53:54,101 INFO  ratis.XceiverServerRatis (XceiverServerRatis.java:start(418)) - Starting XceiverServerRatis a1706a09-45f1-4990-9806-ff7cad89d822 at port 0
2019-07-12 12:53:54,106 INFO  impl.RaftServerProxy (RaftServerProxy.java:lambda$start$3(299)) - a1706a09-45f1-4990-9806-ff7cad89d822: start RPC server
2019-07-12 12:53:54,110 INFO  server.GrpcService (GrpcService.java:startImpl(149)) - a1706a09-45f1-4990-9806-ff7cad89d822: GrpcService started, listening on 0.0.0.0/0.0.0.0:43468
2019-07-12 12:53:54,110 INFO  ratis.XceiverServerRatis (XceiverServerRatis.java:start(428)) - XceiverServerRatis a1706a09-45f1-4990-9806-ff7cad89d822 is started using port 43468
2019-07-12 12:53:54,113 INFO  server.XceiverServerGrpc (XceiverServerGrpc.java:start(161)) - XceiverServerGrpc a1706a09-45f1-4990-9806-ff7cad89d822 is started using port 41434
2019-07-12 12:53:54,643 INFO  net.NetworkTopology (NetworkTopologyImpl.java:add(110)) - Added a new node: /default-rack/192.168.157.212
2019-07-12 12:53:54,645 INFO  node.SCMNodeManager (SCMNodeManager.java:register(269)) - Registered Data node : 71a69e4f-4742-4387-afb8-7c95c2332a05{ip: 192.168.157.212, host: pr-hdds-17356bwxm-3764869708, networkLocation: /default-rack, certSerialId: null}
2019-07-12 12:53:54,651 INFO  safemode.SCMSafeModeManager (DataNodeSafeModeRule.java:process(71)) - SCM in safe mode. 1 DataNodes registered, 1 required.
2019-07-12 12:53:54,651 INFO  safemode.SCMSafeModeManager (SCMSafeModeManager.java:validateSafeModeExitRules(177)) - ScmSafeModeManager, all rules are successfully validated
2019-07-12 12:53:54,652 INFO  safemode.SCMSafeModeManager (SCMSafeModeManager.java:exitSafeMode(193)) - SCM exiting safe mode.
2019-07-12 12:53:54,837 INFO  node.SCMNodeManager (SCMNodeManager.java:register(269)) - Registered Data node : cb9a4759-2319-4aa9-87c5-0d950a5f6b2a{ip: 192.168.157.212, host: pr-hdds-17356bwxm-3764869708, networkLocation: /default-rack, certSerialId: null}
2019-07-12 12:53:55,062 INFO  node.SCMNodeManager (SCMNodeManager.java:register(269)) - Registered Data node : 99474c79-44d7-4ef4-a691-a274cd98783b{ip: 192.168.157.212, host: pr-hdds-17356bwxm-3764869708, networkLocation: /default-rack, certSerialId: null}
2019-07-12 12:53:55,089 INFO  ozone.MiniOzoneClusterImpl (MiniOzoneClusterImpl.java:lambda$waitForClusterToBeReady$0(142)) - Waiting for cluster to be ready. Got 3 of 7 DN Heartbeats.
2019-07-12 12:53:55,537 INFO  node.SCMNodeManager (SCMNodeManager.java:register(269)) - Registered Data node : f1b780fe-ed32-4b3b-a7dd-bcb4436fa190{ip: 192.168.157.212, host: pr-hdds-17356bwxm-3764869708, networkLocation: /default-rack, certSerialId: null}
2019-07-12 12:53:55,537 INFO  node.SCMNodeManager (SCMNodeManager.java:register(269)) - Registered Data node : c6f740ed-0745-4563-a1bf-e72f2e5174bb{ip: 192.168.157.212, host: pr-hdds-17356bwxm-3764869708, networkLocation: /default-rack, certSerialId: null}
2019-07-12 12:53:55,563 INFO  impl.RaftServerProxy (RaftServerProxy.java:addNew(89)) - 71a69e4f-4742-4387-afb8-7c95c2332a05: addNew group-0F8CA3530A79:[71a69e4f-4742-4387-afb8-7c95c2332a05:192.168.157.212:39730] returns group-0F8CA3530A79:java.util.concurrent.CompletableFuture@24b364dc[Not completed]
2019-07-12 12:53:55,584 INFO  impl.RaftServerImpl (RaftServerImpl.java:<init>(93)) - 71a69e4f-4742-4387-afb8-7c95c2332a05: new RaftServerImpl for group-0F8CA3530A79:[71a69e4f-4742-4387-afb8-7c95c2332a05:192.168.157.212:39730] with ContainerStateMachine:uninitialized
2019-07-12 12:53:55,586 INFO  server.RaftServerConfigKeys (ConfUtils.java:logGet(43)) - raft.server.rpc.timeout.min = 5s (custom)
2019-07-12 12:53:55,587 INFO  server.RaftServerConfigKeys (ConfUtils.java:logGet(43)) - raft.server.rpc.timeout.max = 5200ms (custom)
2019-07-12 12:53:55,588 INFO  server.RaftServerConfigKeys (ConfUtils.java:logGet(43)) - raft.server.rpcslowness.timeout = 120s (custom)
2019-07-12 12:53:55,589 INFO  server.RaftServerConfigKeys (ConfUtils.java:logGet(43)) - raft.server.sleep.deviation.threshold = 300 (default)
2019-07-12 12:53:55,590 INFO  server.RaftServerConfigKeys (ConfUtils.java:logGet(43)) - raft.server.log.appender.install.snapshot.enabled = false (custom)
2019-07-12 12:53:55,598 INFO  impl.RaftServerImpl (ServerState.java:<init>(105)) - 71a69e4f-4742-4387-afb8-7c95c2332a05:group-0F8CA3530A79 ConfigurationManager, init=-1: [71a69e4f-4742-4387-afb8-7c95c2332a05:192.168.157.212:39730], old=null, confs=<EMPTY_MAP>
2019-07-12 12:53:55,598 INFO  server.RaftServerConfigKeys (ConfUtils.java:logGet(43)) - raft.server.storage.dir = [/tmp/workdir/hadoop-ozone/integration-test/target/test-dir/MiniOzoneClusterImpl-3a70d5b3-47b5-47f2-a25b-0a2ae165259f/datanode-0/data/ratis] (custom)
2019-07-12 12:53:55,606 INFO  storage.RaftStorageDirectory (RaftStorageDirectory.java:analyzeStorage(246)) - The storage directory /tmp/workdir/hadoop-ozone/integration-test/target/test-dir/MiniOzoneClusterImpl-3a70d5b3-47b5-47f2-a25b-0a2ae165259f/datanode-0/data/ratis/3c6604d3-8bfc-4b73-91da-0f8ca3530a79 does not exist. Creating ...
2019-07-12 12:53:55,634 INFO  storage.RaftStorageDirectory (RaftStorageDirectory.java:tryLock(328)) - Lock on /tmp/workdir/hadoop-ozone/integration-test/target/test-dir/MiniOzoneClusterImpl-3a70d5b3-47b5-47f2-a25b-0a2ae165259f/datanode-0/data/ratis/3c6604d3-8bfc-4b73-91da-0f8ca3530a79/in_use.lock acquired by nodename 24966@pr-hdds-17356bwxm-3764869708
2019-07-12 12:53:55,648 INFO  storage.RaftStorage (RaftStorage.java:format(72)) - Storage directory /tmp/workdir/hadoop-ozone/integration-test/target/test-dir/MiniOzoneClusterImpl-3a70d5b3-47b5-47f2-a25b-0a2ae165259f/datanode-0/data/ratis/3c6604d3-8bfc-4b73-91da-0f8ca3530a79 has been successfully formatted.
2019-07-12 12:53:55,650 INFO  ratis.ContainerStateMachine (ContainerStateMachine.java:loadSnapshot(200)) - The snapshot info is null.Setting the last applied index to:(t:0, i:~)
2019-07-12 12:53:55,650 INFO  server.RaftServerConfigKeys (ConfUtils.java:logGet(43)) - raft.server.leader.election.timeout = 120s (custom)
2019-07-12 12:53:55,652 INFO  server.RaftServerConfigKeys (ConfUtils.java:logGet(43)) - raft.server.log.use.memory = false (default)
2019-07-12 12:53:55,658 INFO  server.RaftServerConfigKeys (ConfUtils.java:logGet(43)) - raft.server.log.purge.gap = 1000000000 (custom)
2019-07-12 12:53:55,658 INFO  server.RaftServerConfigKeys (ConfUtils.java:logGet(43)) - raft.server.log.appender.buffer.byte-limit = 33554432 (custom)
2019-07-12 12:53:55,659 INFO  server.RaftServerConfigKeys (ConfUtils.java:logGet(43)) - raft.server.log.segment.size.max = 1048576 (custom)
2019-07-12 12:53:55,664 INFO  server.RaftServerConfigKeys (ConfUtils.java:logGet(43)) - raft.server.log.segment.cache.num.max = 2 (custom)
2019-07-12 12:53:55,669 INFO  segmented.SegmentedRaftLogWorker (SegmentedRaftLogWorker.java:<init>(172)) - new 71a69e4f-4742-4387-afb8-7c95c2332a05-SegmentedRaftLogWorker:Storage Directory /tmp/workdir/hadoop-ozone/integration-test/target/test-dir/MiniOzoneClusterImpl-3a70d5b3-47b5-47f2-a25b-0a2ae165259f/datanode-0/data/ratis/3c6604d3-8bfc-4b73-91da-0f8ca3530a79 for RaftStorage:Storage Directory /tmp/workdir/hadoop-ozone/integration-test/target/test-dir/MiniOzoneClusterImpl-3a70d5b3-47b5-47f2-a25b-0a2ae165259f/datanode-0/data/ratis/3c6604d3-8bfc-4b73-91da-0f8ca3530a79
2019-07-12 12:53:55,679 INFO  server.RaftServerConfigKeys (ConfUtils.java:logGet(43)) - raft.server.log.queue.byte-limit = 2147483647 (custom)
2019-07-12 12:53:55,680 INFO  server.RaftServerConfigKeys (ConfUtils.java:logGet(43)) - raft.server.log.queue.element-limit = 1024 (custom)
2019-07-12 12:53:55,684 INFO  server.RaftServerConfigKeys (ConfUtils.java:logGet(43)) - raft.server.log.segment.size.max = 1048576 (custom)
2019-07-12 12:53:55,684 INFO  server.RaftServerConfigKeys (ConfUtils.java:logGet(43)) - raft.server.log.preallocated.size = 16384 (custom)
2019-07-12 12:53:55,685 INFO  server.RaftServerConfigKeys (ConfUtils.java:logGet(43)) - raft.server.log.write.buffer.size = 33554432 (custom)
2019-07-12 12:53:55,685 INFO  server.RaftServerConfigKeys (ConfUtils.java:logGet(43)) - raft.server.log.force.sync.num = 128 (default)
2019-07-12 12:53:55,686 INFO  server.RaftServerConfigKeys (ConfUtils.java:logGet(43)) - raft.server.log.statemachine.data.sync = true (default)
2019-07-12 12:53:55,686 INFO  server.RaftServerConfigKeys (ConfUtils.java:logGet(43)) - raft.server.log.statemachine.data.sync.timeout = 10s (default)
2019-07-12 12:53:55,687 INFO  server.RaftServerConfigKeys (ConfUtils.java:logGet(43)) - raft.server.log.statemachine.data.sync.timeout.retry = -1 (default)
2019-07-12 12:53:55,694 INFO  server.RaftServerConfigKeys (ConfUtils.java:logGet(43)) - raft.server.log.statemachine.data.caching.enabled = true (custom)
2019-07-12 12:53:55,698 INFO  segmented.SegmentedRaftLogWorker (SegmentedRaftLogWorker.java:lambda$new$0(132)) - 71a69e4f-4742-4387-afb8-7c95c2332a05-SegmentedRaftLogWorker:Storage Directory /tmp/workdir/hadoop-ozone/integration-test/target/test-dir/MiniOzoneClusterImpl-3a70d5b3-47b5-47f2-a25b-0a2ae165259f/datanode-0/data/ratis/3c6604d3-8bfc-4b73-91da-0f8ca3530a79: flushIndex: setUnconditionally 0 -> -1
2019-07-12 12:53:55,702 INFO  server.RaftServerConfigKeys (ConfUtils.java:logGet(43)) - raft.server.snapshot.auto.trigger.enabled = true (custom)
2019-07-12 12:53:55,703 INFO  server.RaftServerConfigKeys (ConfUtils.java:logGet(43)) - raft.server.snapshot.auto.trigger.threshold = 10000 (custom)
2019-07-12 12:53:55,703 INFO  server.RaftServerConfigKeys (ConfUtils.java:logGet(43)) - raft.server.retrycache.expirytime = 600000ms (custom)
2019-07-12 12:53:55,722 INFO  impl.RaftServerImpl (RaftServerImpl.java:start(180)) - 71a69e4f-4742-4387-afb8-7c95c2332a05: start group-0F8CA3530A79
2019-07-12 12:53:55,722 INFO  impl.RaftServerImpl (RaftServerImpl.java:setRole(171)) - 71a69e4f-4742-4387-afb8-7c95c2332a05:group-0F8CA3530A79 changes role from null to FOLLOWER at term 0 for startAsFollower
2019-07-12 12:53:55,723 INFO  impl.RoleInfo (RoleInfo.java:updateAndGet(143)) - 71a69e4f-4742-4387-afb8-7c95c2332a05: start FollowerState
2019-07-12 12:53:55,725 INFO  util.JmxRegister (JmxRegister.java:tryRegister(44)) - Successfully registered JMX Bean with object name Ratis:service=RaftServer,group=group-0F8CA3530A79,id=71a69e4f-4742-4387-afb8-7c95c2332a05
2019-07-12 12:53:55,786 INFO  node.SCMNodeManager (SCMNodeManager.java:register(269)) - Registered Data node : 05c98b3f-3a67-4690-8376-941456a6e695{ip: 192.168.157.212, host: pr-hdds-17356bwxm-3764869708, networkLocation: /default-rack, certSerialId: null}
2019-07-12 12:53:55,795 INFO  pipeline.PipelineStateManager (PipelineStateManager.java:addPipeline(56)) - Created pipeline Pipeline[ Id: 3c6604d3-8bfc-4b73-91da-0f8ca3530a79, Nodes: 71a69e4f-4742-4387-afb8-7c95c2332a05{ip: 192.168.157.212, host: pr-hdds-17356bwxm-3764869708, networkLocation: /default-rack, certSerialId: null}, Type:RATIS, Factor:ONE, State:OPEN]
2019-07-12 12:53:55,830 INFO  impl.RaftServerProxy (RaftServerProxy.java:addNew(89)) - 05c98b3f-3a67-4690-8376-941456a6e695: addNew group-A5C79AA25F46:[05c98b3f-3a67-4690-8376-941456a6e695:192.168.157.212:42282] returns group-A5C79AA25F46:java.util.concurrent.CompletableFuture@172be53[Not completed]
2019-07-12 12:53:55,902 INFO  impl.RaftServerImpl (RaftServerImpl.java:<init>(93)) - 05c98b3f-3a67-4690-8376-941456a6e695: new RaftServerImpl for group-A5C79AA25F46:[05c98b3f-3a67-4690-8376-941456a6e695:192.168.157.212:42282] with ContainerStateMachine:uninitialized
2019-07-12 12:53:55,904 INFO  server.RaftServerConfigKeys (ConfUtils.java:logGet(43)) - raft.server.rpc.timeout.min = 5s (custom)
2019-07-12 12:53:55,904 INFO  server.RaftServerConfigKeys (ConfUtils.java:logGet(43)) - raft.server.rpc.timeout.max = 5200ms (custom)
2019-07-12 12:53:55,904 INFO  server.RaftServerConfigKeys (ConfUtils.java:logGet(43)) - raft.server.rpcslowness.timeout = 120s (custom)
2019-07-12 12:53:55,904 INFO  server.RaftServerConfigKeys (ConfUtils.java:logGet(43)) - raft.server.sleep.deviation.threshold = 300 (default)
2019-07-12 12:53:55,904 INFO  server.RaftServerConfigKeys (ConfUtils.java:logGet(43)) - raft.server.log.appender.install.snapshot.enabled = false (custom)
2019-07-12 12:53:55,905 INFO  impl.RaftServerImpl (ServerState.java:<init>(105)) - 05c98b3f-3a67-4690-8376-941456a6e695:group-A5C79AA25F46 ConfigurationManager, init=-1: [05c98b3f-3a67-4690-8376-941456a6e695:192.168.157.212:42282], old=null, confs=<EMPTY_MAP>
2019-07-12 12:53:55,905 INFO  server.RaftServerConfigKeys (ConfUtils.java:logGet(43)) - raft.server.storage.dir = [/tmp/workdir/hadoop-ozone/integration-test/target/test-dir/MiniOzoneClusterImpl-3a70d5b3-47b5-47f2-a25b-0a2ae165259f/datanode-5/data/ratis] (custom)
2019-07-12 12:53:55,906 INFO  storage.RaftStorageDirectory (RaftStorageDirectory.java:analyzeStorage(246)) - The storage directory /tmp/workdir/hadoop-ozone/integration-test/target/test-dir/MiniOzoneClusterImpl-3a70d5b3-47b5-47f2-a25b-0a2ae165259f/datanode-5/data/ratis/e842ada5-e631-4939-89a7-a5c79aa25f46 does not exist. Creating ...
2019-07-12 12:53:55,940 INFO  storage.RaftStorageDirectory (RaftStorageDirectory.java:tryLock(328)) - Lock on /tmp/workdir/hadoop-ozone/integration-test/target/test-dir/MiniOzoneClusterImpl-3a70d5b3-47b5-47f2-a25b-0a2ae165259f/datanode-5/data/ratis/e842ada5-e631-4939-89a7-a5c79aa25f46/in_use.lock acquired by nodename 24966@pr-hdds-17356bwxm-3764869708
2019-07-12 12:53:55,965 INFO  storage.RaftStorage (RaftStorage.java:format(72)) - Storage directory /tmp/workdir/hadoop-ozone/integration-test/target/test-dir/MiniOzoneClusterImpl-3a70d5b3-47b5-47f2-a25b-0a2ae165259f/datanode-5/data/ratis/e842ada5-e631-4939-89a7-a5c79aa25f46 has been successfully formatted.
2019-07-12 12:53:55,969 INFO  ratis.ContainerStateMachine (ContainerStateMachine.java:loadSnapshot(200)) - The snapshot info is null.Setting the last applied index to:(t:0, i:~)
2019-07-12 12:53:55,971 INFO  server.RaftServerConfigKeys (ConfUtils.java:logGet(43)) - raft.server.leader.election.timeout = 120s (custom)
2019-07-12 12:53:55,971 INFO  server.RaftServerConfigKeys (ConfUtils.java:logGet(43)) - raft.server.log.use.memory = false (default)
2019-07-12 12:53:55,971 INFO  server.RaftServerConfigKeys (ConfUtils.java:logGet(43)) - raft.server.log.purge.gap = 1000000000 (custom)
2019-07-12 12:53:55,971 INFO  server.RaftServerConfigKeys (ConfUtils.java:logGet(43)) - raft.server.log.appender.buffer.byte-limit = 33554432 (custom)
2019-07-12 12:53:55,972 INFO  server.RaftServerConfigKeys (ConfUtils.java:logGet(43)) - raft.server.log.segment.size.max = 1048576 (custom)
2019-07-12 12:53:55,972 INFO  server.RaftServerConfigKeys (ConfUtils.java:logGet(43)) - raft.server.log.segment.cache.num.max = 2 (custom)
2019-07-12 12:53:55,972 INFO  segmented.SegmentedRaftLogWorker (SegmentedRaftLogWorker.java:<init>(172)) - new 05c98b3f-3a67-4690-8376-941456a6e695-SegmentedRaftLogWorker:Storage Directory /tmp/workdir/hadoop-ozone/integration-test/target/test-dir/MiniOzoneClusterImpl-3a70d5b3-47b5-47f2-a25b-0a2ae165259f/datanode-5/data/ratis/e842ada5-e631-4939-89a7-a5c79aa25f46 for RaftStorage:Storage Directory /tmp/workdir/hadoop-ozone/integration-test/target/test-dir/MiniOzoneClusterImpl-3a70d5b3-47b5-47f2-a25b-0a2ae165259f/datanode-5/data/ratis/e842ada5-e631-4939-89a7-a5c79aa25f46
2019-07-12 12:53:55,974 INFO  server.RaftServerConfigKeys (ConfUtils.java:logGet(43)) - raft.server.log.queue.byte-limit = 2147483647 (custom)
2019-07-12 12:53:55,974 INFO  server.RaftServerConfigKeys (ConfUtils.java:logGet(43)) - raft.server.log.queue.element-limit = 1024 (custom)
2019-07-12 12:53:55,975 INFO  server.RaftServerConfigKeys (ConfUtils.java:logGet(43)) - raft.server.log.segment.size.max = 1048576 (custom)
2019-07-12 12:53:55,975 INFO  server.RaftServerConfigKeys (ConfUtils.java:logGet(43)) - raft.server.log.preallocated.size = 16384 (custom)
2019-07-12 12:53:55,975 INFO  server.RaftServerConfigKeys (ConfUtils.java:logGet(43)) - raft.server.log.write.buffer.size = 33554432 (custom)
2019-07-12 12:53:55,975 INFO  server.RaftServerConfigKeys (ConfUtils.java:logGet(43)) - raft.server.log.force.sync.num = 128 (default)
2019-07-12 12:53:55,975 INFO  server.RaftServerConfigKeys (ConfUtils.java:logGet(43)) - raft.server.log.statemachine.data.sync = true (default)
2019-07-12 12:53:55,976 INFO  server.RaftServerConfigKeys (ConfUtils.java:logGet(43)) - raft.server.log.statemachine.data.sync.timeout = 10s (default)
2019-07-12 12:53:55,976 INFO  server.RaftServerConfigKeys (ConfUtils.java:logGet(43)) - raft.server.log.statemachine.data.sync.timeout.retry = -1 (default)
2019-07-12 12:53:55,976 INFO  server.RaftServerConfigKeys (ConfUtils.java:logGet(43)) - raft.server.log.statemachine.data.caching.enabled = true (custom)
2019-07-12 12:53:55,977 INFO  segmented.SegmentedRaftLogWorker (SegmentedRaftLogWorker.java:lambda$new$0(132)) - 05c98b3f-3a67-4690-8376-941456a6e695-SegmentedRaftLogWorker:Storage Directory /tmp/workdir/hadoop-ozone/integration-test/target/test-dir/MiniOzoneClusterImpl-3a70d5b3-47b5-47f2-a25b-0a2ae165259f/datanode-5/data/ratis/e842ada5-e631-4939-89a7-a5c79aa25f46: flushIndex: setUnconditionally 0 -> -1
2019-07-12 12:53:55,977 INFO  server.RaftServerConfigKeys (ConfUtils.java:logGet(43)) - raft.server.snapshot.auto.trigger.enabled = true (custom)
2019-07-12 12:53:55,977 INFO  server.RaftServerConfigKeys (ConfUtils.java:logGet(43)) - raft.server.snapshot.auto.trigger.threshold = 10000 (custom)
2019-07-12 12:53:55,978 INFO  server.RaftServerConfigKeys (ConfUtils.java:logGet(43)) - raft.server.retrycache.expirytime = 600000ms (custom)
2019-07-12 12:53:55,978 INFO  impl.RaftServerImpl (RaftServerImpl.java:start(180)) - 05c98b3f-3a67-4690-8376-941456a6e695: start group-A5C79AA25F46
2019-07-12 12:53:55,978 INFO  impl.RaftServerImpl (RaftServerImpl.java:setRole(171)) - 05c98b3f-3a67-4690-8376-941456a6e695:group-A5C79AA25F46 changes role from null to FOLLOWER at term 0 for startAsFollower
2019-07-12 12:53:55,978 INFO  impl.RoleInfo (RoleInfo.java:updateAndGet(143)) - 05c98b3f-3a67-4690-8376-941456a6e695: start FollowerState
2019-07-12 12:53:55,980 INFO  util.JmxRegister (JmxRegister.java:tryRegister(44)) - Successfully registered JMX Bean with object name Ratis:service=RaftServer,group=group-A5C79AA25F46,id=05c98b3f-3a67-4690-8376-941456a6e695
2019-07-12 12:53:55,996 INFO  pipeline.PipelineStateManager (PipelineStateManager.java:addPipeline(56)) - Created pipeline Pipeline[ Id: e842ada5-e631-4939-89a7-a5c79aa25f46, Nodes: 05c98b3f-3a67-4690-8376-941456a6e695{ip: 192.168.157.212, host: pr-hdds-17356bwxm-3764869708, networkLocation: /default-rack, certSerialId: null}, Type:RATIS, Factor:ONE, State:OPEN]
2019-07-12 12:53:56,020 INFO  impl.RaftServerProxy (RaftServerProxy.java:addNew(89)) - cb9a4759-2319-4aa9-87c5-0d950a5f6b2a: addNew group-04793386A438:[cb9a4759-2319-4aa9-87c5-0d950a5f6b2a:192.168.157.212:39794] returns group-04793386A438:java.util.concurrent.CompletableFuture@65d47cf7[Not completed]
2019-07-12 12:53:56,028 INFO  impl.RaftServerImpl (RaftServerImpl.java:<init>(93)) - cb9a4759-2319-4aa9-87c5-0d950a5f6b2a: new RaftServerImpl for group-04793386A438:[cb9a4759-2319-4aa9-87c5-0d950a5f6b2a:192.168.157.212:39794] with ContainerStateMachine:uninitialized
2019-07-12 12:53:56,029 INFO  server.RaftServerConfigKeys (ConfUtils.java:logGet(43)) - raft.server.rpc.timeout.min = 5s (custom)
2019-07-12 12:53:56,029 INFO  server.RaftServerConfigKeys (ConfUtils.java:logGet(43)) - raft.server.rpc.timeout.max = 5200ms (custom)
2019-07-12 12:53:56,029 INFO  server.RaftServerConfigKeys (ConfUtils.java:logGet(43)) - raft.server.rpcslowness.timeout = 120s (custom)
2019-07-12 12:53:56,029 INFO  server.RaftServerConfigKeys (ConfUtils.java:logGet(43)) - raft.server.sleep.deviation.threshold = 300 (default)
2019-07-12 12:53:56,029 INFO  server.RaftServerConfigKeys (ConfUtils.java:logGet(43)) - raft.server.log.appender.install.snapshot.enabled = false (custom)
2019-07-12 12:53:56,029 INFO  impl.RaftServerImpl (ServerState.java:<init>(105)) - cb9a4759-2319-4aa9-87c5-0d950a5f6b2a:group-04793386A438 ConfigurationManager, init=-1: [cb9a4759-2319-4aa9-87c5-0d950a5f6b2a:192.168.157.212:39794], old=null, confs=<EMPTY_MAP>
2019-07-12 12:53:56,030 INFO  server.RaftServerConfigKeys (ConfUtils.java:logGet(43)) - raft.server.storage.dir = [/tmp/workdir/hadoop-ozone/integration-test/target/test-dir/MiniOzoneClusterImpl-3a70d5b3-47b5-47f2-a25b-0a2ae165259f/datanode-1/data/ratis] (custom)
2019-07-12 12:53:56,030 INFO  storage.RaftStorageDirectory (RaftStorageDirectory.java:analyzeStorage(246)) - The storage directory /tmp/workdir/hadoop-ozone/integration-test/target/test-dir/MiniOzoneClusterImpl-3a70d5b3-47b5-47f2-a25b-0a2ae165259f/datanode-1/data/ratis/266b9e82-4dec-4098-9984-04793386a438 does not exist. Creating ...
2019-07-12 12:53:56,042 INFO  storage.RaftStorageDirectory (RaftStorageDirectory.java:tryLock(328)) - Lock on /tmp/workdir/hadoop-ozone/integration-test/target/test-dir/MiniOzoneClusterImpl-3a70d5b3-47b5-47f2-a25b-0a2ae165259f/datanode-1/data/ratis/266b9e82-4dec-4098-9984-04793386a438/in_use.lock acquired by nodename 24966@pr-hdds-17356bwxm-3764869708
2019-07-12 12:53:56,067 INFO  storage.RaftStorage (RaftStorage.java:format(72)) - Storage directory /tmp/workdir/hadoop-ozone/integration-test/target/test-dir/MiniOzoneClusterImpl-3a70d5b3-47b5-47f2-a25b-0a2ae165259f/datanode-1/data/ratis/266b9e82-4dec-4098-9984-04793386a438 has been successfully formatted.
2019-07-12 12:53:56,067 INFO  ratis.ContainerStateMachine (ContainerStateMachine.java:loadSnapshot(200)) - The snapshot info is null.Setting the last applied index to:(t:0, i:~)
2019-07-12 12:53:56,067 INFO  server.RaftServerConfigKeys (ConfUtils.java:logGet(43)) - raft.server.leader.election.timeout = 120s (custom)
2019-07-12 12:53:56,068 INFO  server.RaftServerConfigKeys (ConfUtils.java:logGet(43)) - raft.server.log.use.memory = false (default)
2019-07-12 12:53:56,068 INFO  server.RaftServerConfigKeys (ConfUtils.java:logGet(43)) - raft.server.log.purge.gap = 1000000000 (custom)
2019-07-12 12:53:56,068 INFO  server.RaftServerConfigKeys (ConfUtils.java:logGet(43)) - raft.server.log.appender.buffer.byte-limit = 33554432 (custom)
2019-07-12 12:53:56,068 INFO  server.RaftServerConfigKeys (ConfUtils.java:logGet(43)) - raft.server.log.segment.size.max = 1048576 (custom)
2019-07-12 12:53:56,068 INFO  server.RaftServerConfigKeys (ConfUtils.java:logGet(43)) - raft.server.log.segment.cache.num.max = 2 (custom)
2019-07-12 12:53:56,068 INFO  segmented.SegmentedRaftLogWorker (SegmentedRaftLogWorker.java:<init>(172)) - new cb9a4759-2319-4aa9-87c5-0d950a5f6b2a-SegmentedRaftLogWorker:Storage Directory /tmp/workdir/hadoop-ozone/integration-test/target/test-dir/MiniOzoneClusterImpl-3a70d5b3-47b5-47f2-a25b-0a2ae165259f/datanode-1/data/ratis/266b9e82-4dec-4098-9984-04793386a438 for RaftStorage:Storage Directory /tmp/workdir/hadoop-ozone/integration-test/target/test-dir/MiniOzoneClusterImpl-3a70d5b3-47b5-47f2-a25b-0a2ae165259f/datanode-1/data/ratis/266b9e82-4dec-4098-9984-04793386a438
2019-07-12 12:53:56,069 INFO  server.RaftServerConfigKeys (ConfUtils.java:logGet(43)) - raft.server.log.queue.byte-limit = 2147483647 (custom)
2019-07-12 12:53:56,069 INFO  server.RaftServerConfigKeys (ConfUtils.java:logGet(43)) - raft.server.log.queue.element-limit = 1024 (custom)
2019-07-12 12:53:56,069 INFO  server.RaftServerConfigKeys (ConfUtils.java:logGet(43)) - raft.server.log.segment.size.max = 1048576 (custom)
2019-07-12 12:53:56,070 INFO  server.RaftServerConfigKeys (ConfUtils.java:logGet(43)) - raft.server.log.preallocated.size = 16384 (custom)
2019-07-12 12:53:56,070 INFO  server.RaftServerConfigKeys (ConfUtils.java:logGet(43)) - raft.server.log.write.buffer.size = 33554432 (custom)
2019-07-12 12:53:56,070 INFO  server.RaftServerConfigKeys (ConfUtils.java:logGet(43)) - raft.server.log.force.sync.num = 128 (default)
2019-07-12 12:53:56,070 INFO  server.RaftServerConfigKeys (ConfUtils.java:logGet(43)) - raft.server.log.statemachine.data.sync = true (default)
2019-07-12 12:53:56,071 INFO  server.RaftServerConfigKeys (ConfUtils.java:logGet(43)) - raft.server.log.statemachine.data.sync.timeout = 10s (default)
2019-07-12 12:53:56,071 INFO  server.RaftServerConfigKeys (ConfUtils.java:logGet(43)) - raft.server.log.statemachine.data.sync.timeout.retry = -1 (default)
2019-07-12 12:53:56,071 INFO  server.RaftServerConfigKeys (ConfUtils.java:logGet(43)) - raft.server.log.statemachine.data.caching.enabled = true (custom)
2019-07-12 12:53:56,072 INFO  segmented.SegmentedRaftLogWorker (SegmentedRaftLogWorker.java:lambda$new$0(132)) - cb9a4759-2319-4aa9-87c5-0d950a5f6b2a-SegmentedRaftLogWorker:Storage Directory /tmp/workdir/hadoop-ozone/integration-test/target/test-dir/MiniOzoneClusterImpl-3a70d5b3-47b5-47f2-a25b-0a2ae165259f/datanode-1/data/ratis/266b9e82-4dec-4098-9984-04793386a438: flushIndex: setUnconditionally 0 -> -1
2019-07-12 12:53:56,072 INFO  server.RaftServerConfigKeys (ConfUtils.java:logGet(43)) - raft.server.snapshot.auto.trigger.enabled = true (custom)
2019-07-12 12:53:56,072 INFO  server.RaftServerConfigKeys (ConfUtils.java:logGet(43)) - raft.server.snapshot.auto.trigger.threshold = 10000 (custom)
2019-07-12 12:53:56,072 INFO  server.RaftServerConfigKeys (ConfUtils.java:logGet(43)) - raft.server.retrycache.expirytime = 600000ms (custom)
2019-07-12 12:53:56,073 INFO  impl.RaftServerImpl (RaftServerImpl.java:start(180)) - cb9a4759-2319-4aa9-87c5-0d950a5f6b2a: start group-04793386A438
2019-07-12 12:53:56,073 INFO  impl.RaftServerImpl (RaftServerImpl.java:setRole(171)) - cb9a4759-2319-4aa9-87c5-0d950a5f6b2a:group-04793386A438 changes role from null to FOLLOWER at term 0 for startAsFollower
2019-07-12 12:53:56,073 INFO  impl.RoleInfo (RoleInfo.java:updateAndGet(143)) - cb9a4759-2319-4aa9-87c5-0d950a5f6b2a: start FollowerState
2019-07-12 12:53:56,074 INFO  util.JmxRegister (JmxRegister.java:tryRegister(44)) - Successfully registered JMX Bean with object name Ratis:service=RaftServer,group=group-04793386A438,id=cb9a4759-2319-4aa9-87c5-0d950a5f6b2a
2019-07-12 12:53:56,088 INFO  pipeline.PipelineStateManager (PipelineStateManager.java:addPipeline(56)) - Created pipeline Pipeline[ Id: 266b9e82-4dec-4098-9984-04793386a438, Nodes: cb9a4759-2319-4aa9-87c5-0d950a5f6b2a{ip: 192.168.157.212, host: pr-hdds-17356bwxm-3764869708, networkLocation: /default-rack, certSerialId: null}, Type:RATIS, Factor:ONE, State:OPEN]
2019-07-12 12:53:56,090 INFO  ozone.MiniOzoneClusterImpl (MiniOzoneClusterImpl.java:lambda$waitForClusterToBeReady$0(142)) - Waiting for cluster to be ready. Got 6 of 7 DN Heartbeats.
2019-07-12 12:53:56,095 INFO  node.SCMNodeManager (SCMNodeManager.java:register(269)) - Registered Data node : a1706a09-45f1-4990-9806-ff7cad89d822{ip: 192.168.157.212, host: pr-hdds-17356bwxm-3764869708, networkLocation: /default-rack, certSerialId: null}
2019-07-12 12:53:56,115 INFO  impl.RaftServerProxy (RaftServerProxy.java:addNew(89)) - f1b780fe-ed32-4b3b-a7dd-bcb4436fa190: addNew group-6AB3ABDF192D:[f1b780fe-ed32-4b3b-a7dd-bcb4436fa190:192.168.157.212:39985] returns group-6AB3ABDF192D:java.util.concurrent.CompletableFuture@4f0d21cc[Not completed]
2019-07-12 12:53:56,117 INFO  impl.RaftServerImpl (RaftServerImpl.java:<init>(93)) - f1b780fe-ed32-4b3b-a7dd-bcb4436fa190: new RaftServerImpl for group-6AB3ABDF192D:[f1b780fe-ed32-4b3b-a7dd-bcb4436fa190:192.168.157.212:39985] with ContainerStateMachine:uninitialized
2019-07-12 12:53:56,117 INFO  server.RaftServerConfigKeys (ConfUtils.java:logGet(43)) - raft.server.rpc.timeout.min = 5s (custom)
2019-07-12 12:53:56,118 INFO  server.RaftServerConfigKeys (ConfUtils.java:logGet(43)) - raft.server.rpc.timeout.max = 5200ms (custom)
2019-07-12 12:53:56,118 INFO  server.RaftServerConfigKeys (ConfUtils.java:logGet(43)) - raft.server.rpcslowness.timeout = 120s (custom)
2019-07-12 12:53:56,118 INFO  server.RaftServerConfigKeys (ConfUtils.java:logGet(43)) - raft.server.sleep.deviation.threshold = 300 (default)
2019-07-12 12:53:56,118 INFO  server.RaftServerConfigKeys (ConfUtils.java:logGet(43)) - raft.server.log.appender.install.snapshot.enabled = false (custom)
2019-07-12 12:53:56,118 INFO  impl.RaftServerImpl (ServerState.java:<init>(105)) - f1b780fe-ed32-4b3b-a7dd-bcb4436fa190:group-6AB3ABDF192D ConfigurationManager, init=-1: [f1b780fe-ed32-4b3b-a7dd-bcb4436fa190:192.168.157.212:39985], old=null, confs=<EMPTY_MAP>
2019-07-12 12:53:56,119 INFO  server.RaftServerConfigKeys (ConfUtils.java:logGet(43)) - raft.server.storage.dir = [/tmp/workdir/hadoop-ozone/integration-test/target/test-dir/MiniOzoneClusterImpl-3a70d5b3-47b5-47f2-a25b-0a2ae165259f/datanode-4/data/ratis] (custom)
2019-07-12 12:53:56,119 INFO  storage.RaftStorageDirectory (RaftStorageDirectory.java:analyzeStorage(246)) - The storage directory /tmp/workdir/hadoop-ozone/integration-test/target/test-dir/MiniOzoneClusterImpl-3a70d5b3-47b5-47f2-a25b-0a2ae165259f/datanode-4/data/ratis/156e9ad1-a258-46f9-90c9-6ab3abdf192d does not exist. Creating ...
2019-07-12 12:53:56,132 INFO  storage.RaftStorageDirectory (RaftStorageDirectory.java:tryLock(328)) - Lock on /tmp/workdir/hadoop-ozone/integration-test/target/test-dir/MiniOzoneClusterImpl-3a70d5b3-47b5-47f2-a25b-0a2ae165259f/datanode-4/data/ratis/156e9ad1-a258-46f9-90c9-6ab3abdf192d/in_use.lock acquired by nodename 24966@pr-hdds-17356bwxm-3764869708
2019-07-12 12:53:56,145 INFO  storage.RaftStorage (RaftStorage.java:format(72)) - Storage directory /tmp/workdir/hadoop-ozone/integration-test/target/test-dir/MiniOzoneClusterImpl-3a70d5b3-47b5-47f2-a25b-0a2ae165259f/datanode-4/data/ratis/156e9ad1-a258-46f9-90c9-6ab3abdf192d has been successfully formatted.
2019-07-12 12:53:56,146 INFO  ratis.ContainerStateMachine (ContainerStateMachine.java:loadSnapshot(200)) - The snapshot info is null.Setting the last applied index to:(t:0, i:~)
2019-07-12 12:53:56,146 INFO  server.RaftServerConfigKeys (ConfUtils.java:logGet(43)) - raft.server.leader.election.timeout = 120s (custom)
2019-07-12 12:53:56,146 INFO  server.RaftServerConfigKeys (ConfUtils.java:logGet(43)) - raft.server.log.use.memory = false (default)
2019-07-12 12:53:56,146 INFO  server.RaftServerConfigKeys (ConfUtils.java:logGet(43)) - raft.server.log.purge.gap = 1000000000 (custom)
2019-07-12 12:53:56,146 INFO  server.RaftServerConfigKeys (ConfUtils.java:logGet(43)) - raft.server.log.appender.buffer.byte-limit = 33554432 (custom)
2019-07-12 12:53:56,147 INFO  server.RaftServerConfigKeys (ConfUtils.java:logGet(43)) - raft.server.log.segment.size.max = 1048576 (custom)
2019-07-12 12:53:56,147 INFO  server.RaftServerConfigKeys (ConfUtils.java:logGet(43)) - raft.server.log.segment.cache.num.max = 2 (custom)
2019-07-12 12:53:56,147 INFO  segmented.SegmentedRaftLogWorker (SegmentedRaftLogWorker.java:<init>(172)) - new f1b780fe-ed32-4b3b-a7dd-bcb4436fa190-SegmentedRaftLogWorker:Storage Directory /tmp/workdir/hadoop-ozone/integration-test/target/test-dir/MiniOzoneClusterImpl-3a70d5b3-47b5-47f2-a25b-0a2ae165259f/datanode-4/data/ratis/156e9ad1-a258-46f9-90c9-6ab3abdf192d for RaftStorage:Storage Directory /tmp/workdir/hadoop-ozone/integration-test/target/test-dir/MiniOzoneClusterImpl-3a70d5b3-47b5-47f2-a25b-0a2ae165259f/datanode-4/data/ratis/156e9ad1-a258-46f9-90c9-6ab3abdf192d
2019-07-12 12:53:56,147 INFO  server.RaftServerConfigKeys (ConfUtils.java:logGet(43)) - raft.server.log.queue.byte-limit = 2147483647 (custom)
2019-07-12 12:53:56,147 INFO  server.RaftServerConfigKeys (ConfUtils.java:logGet(43)) - raft.server.log.queue.element-limit = 1024 (custom)
2019-07-12 12:53:56,148 INFO  server.RaftServerConfigKeys (ConfUtils.java:logGet(43)) - raft.server.log.segment.size.max = 1048576 (custom)
2019-07-12 12:53:56,148 INFO  server.RaftServerConfigKeys (ConfUtils.java:logGet(43)) - raft.server.log.preallocated.size = 16384 (custom)
2019-07-12 12:53:56,148 INFO  server.RaftServerConfigKeys (ConfUtils.java:logGet(43)) - raft.server.log.write.buffer.size = 33554432 (custom)
2019-07-12 12:53:56,148 INFO  server.RaftServerConfigKeys (ConfUtils.java:logGet(43)) - raft.server.log.force.sync.num = 128 (default)
2019-07-12 12:53:56,148 INFO  server.RaftServerConfigKeys (ConfUtils.java:logGet(43)) - raft.server.log.statemachine.data.sync = true (default)
2019-07-12 12:53:56,148 INFO  server.RaftServerConfigKeys (ConfUtils.java:logGet(43)) - raft.server.log.statemachine.data.sync.timeout = 10s (default)
2019-07-12 12:53:56,148 INFO  server.RaftServerConfigKeys (ConfUtils.java:logGet(43)) - raft.server.log.statemachine.data.sync.timeout.retry = -1 (default)
2019-07-12 12:53:56,149 INFO  server.RaftServerConfigKeys (ConfUtils.java:logGet(43)) - raft.server.log.statemachine.data.caching.enabled = true (custom)
2019-07-12 12:53:56,149 INFO  segmented.SegmentedRaftLogWorker (SegmentedRaftLogWorker.java:lambda$new$0(132)) - f1b780fe-ed32-4b3b-a7dd-bcb4436fa190-SegmentedRaftLogWorker:Storage Directory /tmp/workdir/hadoop-ozone/integration-test/target/test-dir/MiniOzoneClusterImpl-3a70d5b3-47b5-47f2-a25b-0a2ae165259f/datanode-4/data/ratis/156e9ad1-a258-46f9-90c9-6ab3abdf192d: flushIndex: setUnconditionally 0 -> -1
2019-07-12 12:53:56,149 INFO  server.RaftServerConfigKeys (ConfUtils.java:logGet(43)) - raft.server.snapshot.auto.trigger.enabled = true (custom)
2019-07-12 12:53:56,149 INFO  server.RaftServerConfigKeys (ConfUtils.java:logGet(43)) - raft.server.snapshot.auto.trigger.threshold = 10000 (custom)
2019-07-12 12:53:56,150 INFO  server.RaftServerConfigKeys (ConfUtils.java:logGet(43)) - raft.server.retrycache.expirytime = 600000ms (custom)
2019-07-12 12:53:56,150 INFO  impl.RaftServerImpl (RaftServerImpl.java:start(180)) - f1b780fe-ed32-4b3b-a7dd-bcb4436fa190: start group-6AB3ABDF192D
2019-07-12 12:53:56,150 INFO  impl.RaftServerImpl (RaftServerImpl.java:setRole(171)) - f1b780fe-ed32-4b3b-a7dd-bcb4436fa190:group-6AB3ABDF192D changes role from null to FOLLOWER at term 0 for startAsFollower
2019-07-12 12:53:56,150 INFO  impl.RoleInfo (RoleInfo.java:updateAndGet(143)) - f1b780fe-ed32-4b3b-a7dd-bcb4436fa190: start FollowerState
2019-07-12 12:53:56,151 INFO  util.JmxRegister (JmxRegister.java:tryRegister(44)) - Successfully registered JMX Bean with object name Ratis:service=RaftServer,group=group-6AB3ABDF192D,id=f1b780fe-ed32-4b3b-a7dd-bcb4436fa190
2019-07-12 12:53:56,167 INFO  pipeline.PipelineStateManager (PipelineStateManager.java:addPipeline(56)) - Created pipeline Pipeline[ Id: 156e9ad1-a258-46f9-90c9-6ab3abdf192d, Nodes: f1b780fe-ed32-4b3b-a7dd-bcb4436fa190{ip: 192.168.157.212, host: pr-hdds-17356bwxm-3764869708, networkLocation: /default-rack, certSerialId: null}, Type:RATIS, Factor:ONE, State:OPEN]
2019-07-12 12:53:56,191 INFO  impl.RaftServerProxy (RaftServerProxy.java:addNew(89)) - c6f740ed-0745-4563-a1bf-e72f2e5174bb: addNew group-183B8F3C3D29:[c6f740ed-0745-4563-a1bf-e72f2e5174bb:192.168.157.212:46790] returns group-183B8F3C3D29:java.util.concurrent.CompletableFuture@f483436[Not completed]
2019-07-12 12:53:56,193 INFO  impl.RaftServerImpl (RaftServerImpl.java:<init>(93)) - c6f740ed-0745-4563-a1bf-e72f2e5174bb: new RaftServerImpl for group-183B8F3C3D29:[c6f740ed-0745-4563-a1bf-e72f2e5174bb:192.168.157.212:46790] with ContainerStateMachine:uninitialized
2019-07-12 12:53:56,193 INFO  server.RaftServerConfigKeys (ConfUtils.java:logGet(43)) - raft.server.rpc.timeout.min = 5s (custom)
2019-07-12 12:53:56,193 INFO  server.RaftServerConfigKeys (ConfUtils.java:logGet(43)) - raft.server.rpc.timeout.max = 5200ms (custom)
2019-07-12 12:53:56,193 INFO  server.RaftServerConfigKeys (ConfUtils.java:logGet(43)) - raft.server.rpcslowness.timeout = 120s (custom)
2019-07-12 12:53:56,193 INFO  server.RaftServerConfigKeys (ConfUtils.java:logGet(43)) - raft.server.sleep.deviation.threshold = 300 (default)
2019-07-12 12:53:56,193 INFO  server.RaftServerConfigKeys (ConfUtils.java:logGet(43)) - raft.server.log.appender.install.snapshot.enabled = false (custom)
2019-07-12 12:53:56,193 INFO  impl.RaftServerImpl (ServerState.java:<init>(105)) - c6f740ed-0745-4563-a1bf-e72f2e5174bb:group-183B8F3C3D29 ConfigurationManager, init=-1: [c6f740ed-0745-4563-a1bf-e72f2e5174bb:192.168.157.212:46790], old=null, confs=<EMPTY_MAP>
2019-07-12 12:53:56,193 INFO  server.RaftServerConfigKeys (ConfUtils.java:logGet(43)) - raft.server.storage.dir = [/tmp/workdir/hadoop-ozone/integration-test/target/test-dir/MiniOzoneClusterImpl-3a70d5b3-47b5-47f2-a25b-0a2ae165259f/datanode-3/data/ratis] (custom)
2019-07-12 12:53:56,194 INFO  storage.RaftStorageDirectory (RaftStorageDirectory.java:analyzeStorage(246)) - The storage directory /tmp/workdir/hadoop-ozone/integration-test/target/test-dir/MiniOzoneClusterImpl-3a70d5b3-47b5-47f2-a25b-0a2ae165259f/datanode-3/data/ratis/d11804d4-7dbe-4107-aad0-183b8f3c3d29 does not exist. Creating ...
2019-07-12 12:53:56,206 INFO  storage.RaftStorageDirectory (RaftStorageDirectory.java:tryLock(328)) - Lock on /tmp/workdir/hadoop-ozone/integration-test/target/test-dir/MiniOzoneClusterImpl-3a70d5b3-47b5-47f2-a25b-0a2ae165259f/datanode-3/data/ratis/d11804d4-7dbe-4107-aad0-183b8f3c3d29/in_use.lock acquired by nodename 24966@pr-hdds-17356bwxm-3764869708
2019-07-12 12:53:56,234 INFO  storage.RaftStorage (RaftStorage.java:format(72)) - Storage directory /tmp/workdir/hadoop-ozone/integration-test/target/test-dir/MiniOzoneClusterImpl-3a70d5b3-47b5-47f2-a25b-0a2ae165259f/datanode-3/data/ratis/d11804d4-7dbe-4107-aad0-183b8f3c3d29 has been successfully formatted.
2019-07-12 12:53:56,235 INFO  ratis.ContainerStateMachine (ContainerStateMachine.java:loadSnapshot(200)) - The snapshot info is null.Setting the last applied index to:(t:0, i:~)
2019-07-12 12:53:56,235 INFO  server.RaftServerConfigKeys (ConfUtils.java:logGet(43)) - raft.server.leader.election.timeout = 120s (custom)
2019-07-12 12:53:56,235 INFO  server.RaftServerConfigKeys (ConfUtils.java:logGet(43)) - raft.server.log.use.memory = false (default)
2019-07-12 12:53:56,235 INFO  server.RaftServerConfigKeys (ConfUtils.java:logGet(43)) - raft.server.log.purge.gap = 1000000000 (custom)
2019-07-12 12:53:56,235 INFO  server.RaftServerConfigKeys (ConfUtils.java:logGet(43)) - raft.server.log.appender.buffer.byte-limit = 33554432 (custom)
2019-07-12 12:53:56,235 INFO  server.RaftServerConfigKeys (ConfUtils.java:logGet(43)) - raft.server.log.segment.size.max = 1048576 (custom)
2019-07-12 12:53:56,235 INFO  server.RaftServerConfigKeys (ConfUtils.java:logGet(43)) - raft.server.log.segment.cache.num.max = 2 (custom)
2019-07-12 12:53:56,236 INFO  segmented.SegmentedRaftLogWorker (SegmentedRaftLogWorker.java:<init>(172)) - new c6f740ed-0745-4563-a1bf-e72f2e5174bb-SegmentedRaftLogWorker:Storage Directory /tmp/workdir/hadoop-ozone/integration-test/target/test-dir/MiniOzoneClusterImpl-3a70d5b3-47b5-47f2-a25b-0a2ae165259f/datanode-3/data/ratis/d11804d4-7dbe-4107-aad0-183b8f3c3d29 for RaftStorage:Storage Directory /tmp/workdir/hadoop-ozone/integration-test/target/test-dir/MiniOzoneClusterImpl-3a70d5b3-47b5-47f2-a25b-0a2ae165259f/datanode-3/data/ratis/d11804d4-7dbe-4107-aad0-183b8f3c3d29
2019-07-12 12:53:56,236 INFO  server.RaftServerConfigKeys (ConfUtils.java:logGet(43)) - raft.server.log.queue.byte-limit = 2147483647 (custom)
2019-07-12 12:53:56,236 INFO  server.RaftServerConfigKeys (ConfUtils.java:logGet(43)) - raft.server.log.queue.element-limit = 1024 (custom)
2019-07-12 12:53:56,236 INFO  server.RaftServerConfigKeys (ConfUtils.java:logGet(43)) - raft.server.log.segment.size.max = 1048576 (custom)
2019-07-12 12:53:56,236 INFO  server.RaftServerConfigKeys (ConfUtils.java:logGet(43)) - raft.server.log.preallocated.size = 16384 (custom)
2019-07-12 12:53:56,236 INFO  server.RaftServerConfigKeys (ConfUtils.java:logGet(43)) - raft.server.log.write.buffer.size = 33554432 (custom)
2019-07-12 12:53:56,237 INFO  server.RaftServerConfigKeys (ConfUtils.java:logGet(43)) - raft.server.log.force.sync.num = 128 (default)
2019-07-12 12:53:56,237 INFO  server.RaftServerConfigKeys (ConfUtils.java:logGet(43)) - raft.server.log.statemachine.data.sync = true (default)
2019-07-12 12:53:56,237 INFO  server.RaftServerConfigKeys (ConfUtils.java:logGet(43)) - raft.server.log.statemachine.data.sync.timeout = 10s (default)
2019-07-12 12:53:56,237 INFO  server.RaftServerConfigKeys (ConfUtils.java:logGet(43)) - raft.server.log.statemachine.data.sync.timeout.retry = -1 (default)
2019-07-12 12:53:56,237 INFO  server.RaftServerConfigKeys (ConfUtils.java:logGet(43)) - raft.server.log.statemachine.data.caching.enabled = true (custom)
2019-07-12 12:53:56,238 INFO  segmented.SegmentedRaftLogWorker (SegmentedRaftLogWorker.java:lambda$new$0(132)) - c6f740ed-0745-4563-a1bf-e72f2e5174bb-SegmentedRaftLogWorker:Storage Directory /tmp/workdir/hadoop-ozone/integration-test/target/test-dir/MiniOzoneClusterImpl-3a70d5b3-47b5-47f2-a25b-0a2ae165259f/datanode-3/data/ratis/d11804d4-7dbe-4107-aad0-183b8f3c3d29: flushIndex: setUnconditionally 0 -> -1
2019-07-12 12:53:56,238 INFO  server.RaftServerConfigKeys (ConfUtils.java:logGet(43)) - raft.server.snapshot.auto.trigger.enabled = true (custom)
2019-07-12 12:53:56,238 INFO  server.RaftServerConfigKeys (ConfUtils.java:logGet(43)) - raft.server.snapshot.auto.trigger.threshold = 10000 (custom)
2019-07-12 12:53:56,238 INFO  server.RaftServerConfigKeys (ConfUtils.java:logGet(43)) - raft.server.retrycache.expirytime = 600000ms (custom)
2019-07-12 12:53:56,239 INFO  impl.RaftServerImpl (RaftServerImpl.java:start(180)) - c6f740ed-0745-4563-a1bf-e72f2e5174bb: start group-183B8F3C3D29
2019-07-12 12:53:56,239 INFO  impl.RaftServerImpl (RaftServerImpl.java:setRole(171)) - c6f740ed-0745-4563-a1bf-e72f2e5174bb:group-183B8F3C3D29 changes role from null to FOLLOWER at term 0 for startAsFollower
2019-07-12 12:53:56,239 INFO  impl.RoleInfo (RoleInfo.java:updateAndGet(143)) - c6f740ed-0745-4563-a1bf-e72f2e5174bb: start FollowerState
2019-07-12 12:53:56,239 INFO  util.JmxRegister (JmxRegister.java:tryRegister(44)) - Successfully registered JMX Bean with object name Ratis:service=RaftServer,group=group-183B8F3C3D29,id=c6f740ed-0745-4563-a1bf-e72f2e5174bb
2019-07-12 12:53:56,255 INFO  pipeline.PipelineStateManager (PipelineStateManager.java:addPipeline(56)) - Created pipeline Pipeline[ Id: d11804d4-7dbe-4107-aad0-183b8f3c3d29, Nodes: c6f740ed-0745-4563-a1bf-e72f2e5174bb{ip: 192.168.157.212, host: pr-hdds-17356bwxm-3764869708, networkLocation: /default-rack, certSerialId: null}, Type:RATIS, Factor:ONE, State:OPEN]
2019-07-12 12:53:56,284 INFO  impl.RaftServerProxy (RaftServerProxy.java:addNew(89)) - a1706a09-45f1-4990-9806-ff7cad89d822: addNew group-260E2EA23BDF:[a1706a09-45f1-4990-9806-ff7cad89d822:192.168.157.212:43468] returns group-260E2EA23BDF:java.util.concurrent.CompletableFuture@691b26d4[Not completed]
2019-07-12 12:53:56,286 INFO  impl.RaftServerImpl (RaftServerImpl.java:<init>(93)) - a1706a09-45f1-4990-9806-ff7cad89d822: new RaftServerImpl for group-260E2EA23BDF:[a1706a09-45f1-4990-9806-ff7cad89d822:192.168.157.212:43468] with ContainerStateMachine:uninitialized
2019-07-12 12:53:56,287 INFO  server.RaftServerConfigKeys (ConfUtils.java:logGet(43)) - raft.server.rpc.timeout.min = 5s (custom)
2019-07-12 12:53:56,287 INFO  server.RaftServerConfigKeys (ConfUtils.java:logGet(43)) - raft.server.rpc.timeout.max = 5200ms (custom)
2019-07-12 12:53:56,287 INFO  server.RaftServerConfigKeys (ConfUtils.java:logGet(43)) - raft.server.rpcslowness.timeout = 120s (custom)
2019-07-12 12:53:56,287 INFO  server.RaftServerConfigKeys (ConfUtils.java:logGet(43)) - raft.server.sleep.deviation.threshold = 300 (default)
2019-07-12 12:53:56,287 INFO  server.RaftServerConfigKeys (ConfUtils.java:logGet(43)) - raft.server.log.appender.install.snapshot.enabled = false (custom)
2019-07-12 12:53:56,287 INFO  impl.RaftServerImpl (ServerState.java:<init>(105)) - a1706a09-45f1-4990-9806-ff7cad89d822:group-260E2EA23BDF ConfigurationManager, init=-1: [a1706a09-45f1-4990-9806-ff7cad89d822:192.168.157.212:43468], old=null, confs=<EMPTY_MAP>
2019-07-12 12:53:56,288 INFO  server.RaftServerConfigKeys (ConfUtils.java:logGet(43)) - raft.server.storage.dir = [/tmp/workdir/hadoop-ozone/integration-test/target/test-dir/MiniOzoneClusterImpl-3a70d5b3-47b5-47f2-a25b-0a2ae165259f/datanode-6/data/ratis] (custom)
2019-07-12 12:53:56,288 INFO  storage.RaftStorageDirectory (RaftStorageDirectory.java:analyzeStorage(246)) - The storage directory /tmp/workdir/hadoop-ozone/integration-test/target/test-dir/MiniOzoneClusterImpl-3a70d5b3-47b5-47f2-a25b-0a2ae165259f/datanode-6/data/ratis/9f308866-27c8-42df-b362-260e2ea23bdf does not exist. Creating ...
2019-07-12 12:53:56,301 INFO  storage.RaftStorageDirectory (RaftStorageDirectory.java:tryLock(328)) - Lock on /tmp/workdir/hadoop-ozone/integration-test/target/test-dir/MiniOzoneClusterImpl-3a70d5b3-47b5-47f2-a25b-0a2ae165259f/datanode-6/data/ratis/9f308866-27c8-42df-b362-260e2ea23bdf/in_use.lock acquired by nodename 24966@pr-hdds-17356bwxm-3764869708
2019-07-12 12:53:56,314 INFO  storage.RaftStorage (RaftStorage.java:format(72)) - Storage directory /tmp/workdir/hadoop-ozone/integration-test/target/test-dir/MiniOzoneClusterImpl-3a70d5b3-47b5-47f2-a25b-0a2ae165259f/datanode-6/data/ratis/9f308866-27c8-42df-b362-260e2ea23bdf has been successfully formatted.
2019-07-12 12:53:56,314 INFO  ratis.ContainerStateMachine (ContainerStateMachine.java:loadSnapshot(200)) - The snapshot info is null.Setting the last applied index to:(t:0, i:~)
2019-07-12 12:53:56,314 INFO  server.RaftServerConfigKeys (ConfUtils.java:logGet(43)) - raft.server.leader.election.timeout = 120s (custom)
2019-07-12 12:53:56,315 INFO  server.RaftServerConfigKeys (ConfUtils.java:logGet(43)) - raft.server.log.use.memory = false (default)
2019-07-12 12:53:56,315 INFO  server.RaftServerConfigKeys (ConfUtils.java:logGet(43)) - raft.server.log.purge.gap = 1000000000 (custom)
2019-07-12 12:53:56,315 INFO  server.RaftServerConfigKeys (ConfUtils.java:logGet(43)) - raft.server.log.appender.buffer.byte-limit = 33554432 (custom)
2019-07-12 12:53:56,315 INFO  server.RaftServerConfigKeys (ConfUtils.java:logGet(43)) - raft.server.log.segment.size.max = 1048576 (custom)
2019-07-12 12:53:56,315 INFO  server.RaftServerConfigKeys (ConfUtils.java:logGet(43)) - raft.server.log.segment.cache.num.max = 2 (custom)
2019-07-12 12:53:56,315 INFO  segmented.SegmentedRaftLogWorker (SegmentedRaftLogWorker.java:<init>(172)) - new a1706a09-45f1-4990-9806-ff7cad89d822-SegmentedRaftLogWorker:Storage Directory /tmp/workdir/hadoop-ozone/integration-test/target/test-dir/MiniOzoneClusterImpl-3a70d5b3-47b5-47f2-a25b-0a2ae165259f/datanode-6/data/ratis/9f308866-27c8-42df-b362-260e2ea23bdf for RaftStorage:Storage Directory /tmp/workdir/hadoop-ozone/integration-test/target/test-dir/MiniOzoneClusterImpl-3a70d5b3-47b5-47f2-a25b-0a2ae165259f/datanode-6/data/ratis/9f308866-27c8-42df-b362-260e2ea23bdf
2019-07-12 12:53:56,316 INFO  server.RaftServerConfigKeys (ConfUtils.java:logGet(43)) - raft.server.log.queue.byte-limit = 2147483647 (custom)
2019-07-12 12:53:56,316 INFO  server.RaftServerConfigKeys (ConfUtils.java:logGet(43)) - raft.server.log.queue.element-limit = 1024 (custom)
2019-07-12 12:53:56,316 INFO  server.RaftServerConfigKeys (ConfUtils.java:logGet(43)) - raft.server.log.segment.size.max = 1048576 (custom)
2019-07-12 12:53:56,316 INFO  server.RaftServerConfigKeys (ConfUtils.java:logGet(43)) - raft.server.log.preallocated.size = 16384 (custom)
2019-07-12 12:53:56,316 INFO  server.RaftServerConfigKeys (ConfUtils.java:logGet(43)) - raft.server.log.write.buffer.size = 33554432 (custom)
2019-07-12 12:53:56,316 INFO  server.RaftServerConfigKeys (ConfUtils.java:logGet(43)) - raft.server.log.force.sync.num = 128 (default)
2019-07-12 12:53:56,317 INFO  server.RaftServerConfigKeys (ConfUtils.java:logGet(43)) - raft.server.log.statemachine.data.sync = true (default)
2019-07-12 12:53:56,317 INFO  server.RaftServerConfigKeys (ConfUtils.java:logGet(43)) - raft.server.log.statemachine.data.sync.timeout = 10s (default)
2019-07-12 12:53:56,317 INFO  server.RaftServerConfigKeys (ConfUtils.java:logGet(43)) - raft.server.log.statemachine.data.sync.timeout.retry = -1 (default)
2019-07-12 12:53:56,317 INFO  server.RaftServerConfigKeys (ConfUtils.java:logGet(43)) - raft.server.log.statemachine.data.caching.enabled = true (custom)
2019-07-12 12:53:56,318 INFO  segmented.SegmentedRaftLogWorker (SegmentedRaftLogWorker.java:lambda$new$0(132)) - a1706a09-45f1-4990-9806-ff7cad89d822-SegmentedRaftLogWorker:Storage Directory /tmp/workdir/hadoop-ozone/integration-test/target/test-dir/MiniOzoneClusterImpl-3a70d5b3-47b5-47f2-a25b-0a2ae165259f/datanode-6/data/ratis/9f308866-27c8-42df-b362-260e2ea23bdf: flushIndex: setUnconditionally 0 -> -1
2019-07-12 12:53:56,318 INFO  server.RaftServerConfigKeys (ConfUtils.java:logGet(43)) - raft.server.snapshot.auto.trigger.enabled = true (custom)
2019-07-12 12:53:56,318 INFO  server.RaftServerConfigKeys (ConfUtils.java:logGet(43)) - raft.server.snapshot.auto.trigger.threshold = 10000 (custom)
2019-07-12 12:53:56,318 INFO  server.RaftServerConfigKeys (ConfUtils.java:logGet(43)) - raft.server.retrycache.expirytime = 600000ms (custom)
2019-07-12 12:53:56,319 INFO  impl.RaftServerImpl (RaftServerImpl.java:start(180)) - a1706a09-45f1-4990-9806-ff7cad89d822: start group-260E2EA23BDF
2019-07-12 12:53:56,319 INFO  impl.RaftServerImpl (RaftServerImpl.java:setRole(171)) - a1706a09-45f1-4990-9806-ff7cad89d822:group-260E2EA23BDF changes role from null to FOLLOWER at term 0 for startAsFollower
2019-07-12 12:53:56,319 INFO  impl.RoleInfo (RoleInfo.java:updateAndGet(143)) - a1706a09-45f1-4990-9806-ff7cad89d822: start FollowerState
2019-07-12 12:53:56,319 INFO  util.JmxRegister (JmxRegister.java:tryRegister(44)) - Successfully registered JMX Bean with object name Ratis:service=RaftServer,group=group-260E2EA23BDF,id=a1706a09-45f1-4990-9806-ff7cad89d822
2019-07-12 12:53:56,333 INFO  pipeline.PipelineStateManager (PipelineStateManager.java:addPipeline(56)) - Created pipeline Pipeline[ Id: 9f308866-27c8-42df-b362-260e2ea23bdf, Nodes: a1706a09-45f1-4990-9806-ff7cad89d822{ip: 192.168.157.212, host: pr-hdds-17356bwxm-3764869708, networkLocation: /default-rack, certSerialId: null}, Type:RATIS, Factor:ONE, State:OPEN]
2019-07-12 12:53:56,354 INFO  impl.RaftServerProxy (RaftServerProxy.java:addNew(89)) - 99474c79-44d7-4ef4-a691-a274cd98783b: addNew group-DEA8B51CF0DC:[99474c79-44d7-4ef4-a691-a274cd98783b:192.168.157.212:35012] returns group-DEA8B51CF0DC:java.util.concurrent.CompletableFuture@15111b41[Not completed]
2019-07-12 12:53:56,355 INFO  impl.RaftServerImpl (RaftServerImpl.java:<init>(93)) - 99474c79-44d7-4ef4-a691-a274cd98783b: new RaftServerImpl for group-DEA8B51CF0DC:[99474c79-44d7-4ef4-a691-a274cd98783b:192.168.157.212:35012] with ContainerStateMachine:uninitialized
2019-07-12 12:53:56,355 INFO  server.RaftServerConfigKeys (ConfUtils.java:logGet(43)) - raft.server.rpc.timeout.min = 5s (custom)
2019-07-12 12:53:56,356 INFO  server.RaftServerConfigKeys (ConfUtils.java:logGet(43)) - raft.server.rpc.timeout.max = 5200ms (custom)
2019-07-12 12:53:56,356 INFO  server.RaftServerConfigKeys (ConfUtils.java:logGet(43)) - raft.server.rpcslowness.timeout = 120s (custom)
2019-07-12 12:53:56,356 INFO  server.RaftServerConfigKeys (ConfUtils.java:logGet(43)) - raft.server.sleep.deviation.threshold = 300 (default)
2019-07-12 12:53:56,356 INFO  server.RaftServerConfigKeys (ConfUtils.java:logGet(43)) - raft.server.log.appender.install.snapshot.enabled = false (custom)
2019-07-12 12:53:56,356 INFO  impl.RaftServerImpl (ServerState.java:<init>(105)) - 99474c79-44d7-4ef4-a691-a274cd98783b:group-DEA8B51CF0DC ConfigurationManager, init=-1: [99474c79-44d7-4ef4-a691-a274cd98783b:192.168.157.212:35012], old=null, confs=<EMPTY_MAP>
2019-07-12 12:53:56,356 INFO  server.RaftServerConfigKeys (ConfUtils.java:logGet(43)) - raft.server.storage.dir = [/tmp/workdir/hadoop-ozone/integration-test/target/test-dir/MiniOzoneClusterImpl-3a70d5b3-47b5-47f2-a25b-0a2ae165259f/datanode-2/data/ratis] (custom)
2019-07-12 12:53:56,357 INFO  storage.RaftStorageDirectory (RaftStorageDirectory.java:analyzeStorage(246)) - The storage directory /tmp/workdir/hadoop-ozone/integration-test/target/test-dir/MiniOzoneClusterImpl-3a70d5b3-47b5-47f2-a25b-0a2ae165259f/datanode-2/data/ratis/67e321cd-c658-4e9d-a1fd-dea8b51cf0dc does not exist. Creating ...
2019-07-12 12:53:56,377 INFO  storage.RaftStorageDirectory (RaftStorageDirectory.java:tryLock(328)) - Lock on /tmp/workdir/hadoop-ozone/integration-test/target/test-dir/MiniOzoneClusterImpl-3a70d5b3-47b5-47f2-a25b-0a2ae165259f/datanode-2/data/ratis/67e321cd-c658-4e9d-a1fd-dea8b51cf0dc/in_use.lock acquired by nodename 24966@pr-hdds-17356bwxm-3764869708
2019-07-12 12:53:56,390 INFO  storage.RaftStorage (RaftStorage.java:format(72)) - Storage directory /tmp/workdir/hadoop-ozone/integration-test/target/test-dir/MiniOzoneClusterImpl-3a70d5b3-47b5-47f2-a25b-0a2ae165259f/datanode-2/data/ratis/67e321cd-c658-4e9d-a1fd-dea8b51cf0dc has been successfully formatted.
2019-07-12 12:53:56,390 INFO  ratis.ContainerStateMachine (ContainerStateMachine.java:loadSnapshot(200)) - The snapshot info is null.Setting the last applied index to:(t:0, i:~)
2019-07-12 12:53:56,391 INFO  server.RaftServerConfigKeys (ConfUtils.java:logGet(43)) - raft.server.leader.election.timeout = 120s (custom)
2019-07-12 12:53:56,391 INFO  server.RaftServerConfigKeys (ConfUtils.java:logGet(43)) - raft.server.log.use.memory = false (default)
2019-07-12 12:53:56,391 INFO  server.RaftServerConfigKeys (ConfUtils.java:logGet(43)) - raft.server.log.purge.gap = 1000000000 (custom)
2019-07-12 12:53:56,391 INFO  server.RaftServerConfigKeys (ConfUtils.java:logGet(43)) - raft.server.log.appender.buffer.byte-limit = 33554432 (custom)
2019-07-12 12:53:56,392 INFO  server.RaftServerConfigKeys (ConfUtils.java:logGet(43)) - raft.server.log.segment.size.max = 1048576 (custom)
2019-07-12 12:53:56,392 INFO  server.RaftServerConfigKeys (ConfUtils.java:logGet(43)) - raft.server.log.segment.cache.num.max = 2 (custom)
2019-07-12 12:53:56,392 INFO  segmented.SegmentedRaftLogWorker (SegmentedRaftLogWorker.java:<init>(172)) - new 99474c79-44d7-4ef4-a691-a274cd98783b-SegmentedRaftLogWorker:Storage Directory /tmp/workdir/hadoop-ozone/integration-test/target/test-dir/MiniOzoneClusterImpl-3a70d5b3-47b5-47f2-a25b-0a2ae165259f/datanode-2/data/ratis/67e321cd-c658-4e9d-a1fd-dea8b51cf0dc for RaftStorage:Storage Directory /tmp/workdir/hadoop-ozone/integration-test/target/test-dir/MiniOzoneClusterImpl-3a70d5b3-47b5-47f2-a25b-0a2ae165259f/datanode-2/data/ratis/67e321cd-c658-4e9d-a1fd-dea8b51cf0dc
2019-07-12 12:53:56,392 INFO  server.RaftServerConfigKeys (ConfUtils.java:logGet(43)) - raft.server.log.queue.byte-limit = 2147483647 (custom)
2019-07-12 12:53:56,392 INFO  server.RaftServerConfigKeys (ConfUtils.java:logGet(43)) - raft.server.log.queue.element-limit = 1024 (custom)
2019-07-12 12:53:56,393 INFO  server.RaftServerConfigKeys (ConfUtils.java:logGet(43)) - raft.server.log.segment.size.max = 1048576 (custom)
2019-07-12 12:53:56,393 INFO  server.RaftServerConfigKeys (ConfUtils.java:logGet(43)) - raft.server.log.preallocated.size = 16384 (custom)
2019-07-12 12:53:56,393 INFO  server.RaftServerConfigKeys (ConfUtils.java:logGet(43)) - raft.server.log.write.buffer.size = 33554432 (custom)
2019-07-12 12:53:56,393 INFO  server.RaftServerConfigKeys (ConfUtils.java:logGet(43)) - raft.server.log.force.sync.num = 128 (default)
2019-07-12 12:53:56,394 INFO  server.RaftServerConfigKeys (ConfUtils.java:logGet(43)) - raft.server.log.statemachine.data.sync = true (default)
2019-07-12 12:53:56,394 INFO  server.RaftServerConfigKeys (ConfUtils.java:logGet(43)) - raft.server.log.statemachine.data.sync.timeout = 10s (default)
2019-07-12 12:53:56,394 INFO  server.RaftServerConfigKeys (ConfUtils.java:logGet(43)) - raft.server.log.statemachine.data.sync.timeout.retry = -1 (default)
2019-07-12 12:53:56,394 INFO  server.RaftServerConfigKeys (ConfUtils.java:logGet(43)) - raft.server.log.statemachine.data.caching.enabled = true (custom)
2019-07-12 12:53:56,395 INFO  segmented.SegmentedRaftLogWorker (SegmentedRaftLogWorker.java:lambda$new$0(132)) - 99474c79-44d7-4ef4-a691-a274cd98783b-SegmentedRaftLogWorker:Storage Directory /tmp/workdir/hadoop-ozone/integration-test/target/test-dir/MiniOzoneClusterImpl-3a70d5b3-47b5-47f2-a25b-0a2ae165259f/datanode-2/data/ratis/67e321cd-c658-4e9d-a1fd-dea8b51cf0dc: flushIndex: setUnconditionally 0 -> -1
2019-07-12 12:53:56,395 INFO  server.RaftServerConfigKeys (ConfUtils.java:logGet(43)) - raft.server.snapshot.auto.trigger.enabled = true (custom)
2019-07-12 12:53:56,396 INFO  server.RaftServerConfigKeys (ConfUtils.java:logGet(43)) - raft.server.snapshot.auto.trigger.threshold = 10000 (custom)
2019-07-12 12:53:56,396 INFO  server.RaftServerConfigKeys (ConfUtils.java:logGet(43)) - raft.server.retrycache.expirytime = 600000ms (custom)
2019-07-12 12:53:56,396 INFO  impl.RaftServerImpl (RaftServerImpl.java:start(180)) - 99474c79-44d7-4ef4-a691-a274cd98783b: start group-DEA8B51CF0DC
2019-07-12 12:53:56,396 INFO  impl.RaftServerImpl (RaftServerImpl.java:setRole(171)) - 99474c79-44d7-4ef4-a691-a274cd98783b:group-DEA8B51CF0DC changes role from null to FOLLOWER at term 0 for startAsFollower
2019-07-12 12:53:56,397 INFO  impl.RoleInfo (RoleInfo.java:updateAndGet(143)) - 99474c79-44d7-4ef4-a691-a274cd98783b: start FollowerState
2019-07-12 12:53:56,397 INFO  util.JmxRegister (JmxRegister.java:tryRegister(44)) - Successfully registered JMX Bean with object name Ratis:service=RaftServer,group=group-DEA8B51CF0DC,id=99474c79-44d7-4ef4-a691-a274cd98783b
2019-07-12 12:53:56,417 INFO  pipeline.PipelineStateManager (PipelineStateManager.java:addPipeline(56)) - Created pipeline Pipeline[ Id: 67e321cd-c658-4e9d-a1fd-dea8b51cf0dc, Nodes: 99474c79-44d7-4ef4-a691-a274cd98783b{ip: 192.168.157.212, host: pr-hdds-17356bwxm-3764869708, networkLocation: /default-rack, certSerialId: null}, Type:RATIS, Factor:ONE, State:OPEN]
2019-07-12 12:53:56,460 INFO  impl.RaftServerProxy (RaftServerProxy.java:addNew(89)) - 05c98b3f-3a67-4690-8376-941456a6e695: addNew group-18B826F74C29:[05c98b3f-3a67-4690-8376-941456a6e695:192.168.157.212:42282, cb9a4759-2319-4aa9-87c5-0d950a5f6b2a:192.168.157.212:39794, f1b780fe-ed32-4b3b-a7dd-bcb4436fa190:192.168.157.212:39985] returns group-18B826F74C29:java.util.concurrent.CompletableFuture@1ac23ba0[Not completed]
2019-07-12 12:53:56,460 INFO  impl.RaftServerProxy (RaftServerProxy.java:addNew(89)) - cb9a4759-2319-4aa9-87c5-0d950a5f6b2a: addNew group-18B826F74C29:[05c98b3f-3a67-4690-8376-941456a6e695:192.168.157.212:42282, cb9a4759-2319-4aa9-87c5-0d950a5f6b2a:192.168.157.212:39794, f1b780fe-ed32-4b3b-a7dd-bcb4436fa190:192.168.157.212:39985] returns group-18B826F74C29:java.util.concurrent.CompletableFuture@538668e6[Not completed]
2019-07-12 12:53:56,462 INFO  impl.RaftServerImpl (RaftServerImpl.java:<init>(93)) - 05c98b3f-3a67-4690-8376-941456a6e695: new RaftServerImpl for group-18B826F74C29:[05c98b3f-3a67-4690-8376-941456a6e695:192.168.157.212:42282, cb9a4759-2319-4aa9-87c5-0d950a5f6b2a:192.168.157.212:39794, f1b780fe-ed32-4b3b-a7dd-bcb4436fa190:192.168.157.212:39985] with ContainerStateMachine:uninitialized
2019-07-12 12:53:56,464 INFO  server.RaftServerConfigKeys (ConfUtils.java:logGet(43)) - raft.server.rpc.timeout.min = 5s (custom)
2019-07-12 12:53:56,465 INFO  server.RaftServerConfigKeys (ConfUtils.java:logGet(43)) - raft.server.rpc.timeout.max = 5200ms (custom)
2019-07-12 12:53:56,465 INFO  server.RaftServerConfigKeys (ConfUtils.java:logGet(43)) - raft.server.rpcslowness.timeout = 120s (custom)
2019-07-12 12:53:56,465 INFO  server.RaftServerConfigKeys (ConfUtils.java:logGet(43)) - raft.server.sleep.deviation.threshold = 300 (default)
2019-07-12 12:53:56,465 INFO  server.RaftServerConfigKeys (ConfUtils.java:logGet(43)) - raft.server.log.appender.install.snapshot.enabled = false (custom)
2019-07-12 12:53:56,465 INFO  impl.RaftServerImpl (ServerState.java:<init>(105)) - 05c98b3f-3a67-4690-8376-941456a6e695:group-18B826F74C29 ConfigurationManager, init=-1: [05c98b3f-3a67-4690-8376-941456a6e695:192.168.157.212:42282, cb9a4759-2319-4aa9-87c5-0d950a5f6b2a:192.168.157.212:39794, f1b780fe-ed32-4b3b-a7dd-bcb4436fa190:192.168.157.212:39985], old=null, confs=<EMPTY_MAP>
2019-07-12 12:53:56,465 INFO  impl.RaftServerProxy (RaftServerProxy.java:addNew(89)) - f1b780fe-ed32-4b3b-a7dd-bcb4436fa190: addNew group-18B826F74C29:[05c98b3f-3a67-4690-8376-941456a6e695:192.168.157.212:42282, cb9a4759-2319-4aa9-87c5-0d950a5f6b2a:192.168.157.212:39794, f1b780fe-ed32-4b3b-a7dd-bcb4436fa190:192.168.157.212:39985] returns group-18B826F74C29:java.util.concurrent.CompletableFuture@135fc10d[Not completed]
2019-07-12 12:53:56,465 INFO  server.RaftServerConfigKeys (ConfUtils.java:logGet(43)) - raft.server.storage.dir = [/tmp/workdir/hadoop-ozone/integration-test/target/test-dir/MiniOzoneClusterImpl-3a70d5b3-47b5-47f2-a25b-0a2ae165259f/datanode-5/data/ratis] (custom)
2019-07-12 12:53:56,466 INFO  impl.RaftServerImpl (RaftServerImpl.java:<init>(93)) - cb9a4759-2319-4aa9-87c5-0d950a5f6b2a: new RaftServerImpl for group-18B826F74C29:[05c98b3f-3a67-4690-8376-941456a6e695:192.168.157.212:42282, cb9a4759-2319-4aa9-87c5-0d950a5f6b2a:192.168.157.212:39794, f1b780fe-ed32-4b3b-a7dd-bcb4436fa190:192.168.157.212:39985] with ContainerStateMachine:uninitialized
2019-07-12 12:53:56,466 INFO  server.RaftServerConfigKeys (ConfUtils.java:logGet(43)) - raft.server.rpc.timeout.min = 5s (custom)
2019-07-12 12:53:56,466 INFO  storage.RaftStorageDirectory (RaftStorageDirectory.java:analyzeStorage(246)) - The storage directory /tmp/workdir/hadoop-ozone/integration-test/target/test-dir/MiniOzoneClusterImpl-3a70d5b3-47b5-47f2-a25b-0a2ae165259f/datanode-5/data/ratis/e34c94ac-0c16-47cf-bf45-18b826f74c29 does not exist. Creating ...
2019-07-12 12:53:56,466 INFO  server.RaftServerConfigKeys (ConfUtils.java:logGet(43)) - raft.server.rpc.timeout.max = 5200ms (custom)
2019-07-12 12:53:56,466 INFO  server.RaftServerConfigKeys (ConfUtils.java:logGet(43)) - raft.server.rpcslowness.timeout = 120s (custom)
2019-07-12 12:53:56,467 INFO  impl.RaftServerImpl (RaftServerImpl.java:<init>(93)) - f1b780fe-ed32-4b3b-a7dd-bcb4436fa190: new RaftServerImpl for group-18B826F74C29:[05c98b3f-3a67-4690-8376-941456a6e695:192.168.157.212:42282, cb9a4759-2319-4aa9-87c5-0d950a5f6b2a:192.168.157.212:39794, f1b780fe-ed32-4b3b-a7dd-bcb4436fa190:192.168.157.212:39985] with ContainerStateMachine:uninitialized
2019-07-12 12:53:56,467 INFO  server.RaftServerConfigKeys (ConfUtils.java:logGet(43)) - raft.server.sleep.deviation.threshold = 300 (default)
2019-07-12 12:53:56,467 INFO  server.RaftServerConfigKeys (ConfUtils.java:logGet(43)) - raft.server.rpc.timeout.min = 5s (custom)
2019-07-12 12:53:56,467 INFO  server.RaftServerConfigKeys (ConfUtils.java:logGet(43)) - raft.server.log.appender.install.snapshot.enabled = false (custom)
2019-07-12 12:53:56,467 INFO  server.RaftServerConfigKeys (ConfUtils.java:logGet(43)) - raft.server.rpc.timeout.max = 5200ms (custom)
2019-07-12 12:53:56,467 INFO  impl.RaftServerImpl (ServerState.java:<init>(105)) - cb9a4759-2319-4aa9-87c5-0d950a5f6b2a:group-18B826F74C29 ConfigurationManager, init=-1: [05c98b3f-3a67-4690-8376-941456a6e695:192.168.157.212:42282, cb9a4759-2319-4aa9-87c5-0d950a5f6b2a:192.168.157.212:39794, f1b780fe-ed32-4b3b-a7dd-bcb4436fa190:192.168.157.212:39985], old=null, confs=<EMPTY_MAP>
2019-07-12 12:53:56,467 INFO  server.RaftServerConfigKeys (ConfUtils.java:logGet(43)) - raft.server.rpcslowness.timeout = 120s (custom)
2019-07-12 12:53:56,468 INFO  server.RaftServerConfigKeys (ConfUtils.java:logGet(43)) - raft.server.storage.dir = [/tmp/workdir/hadoop-ozone/integration-test/target/test-dir/MiniOzoneClusterImpl-3a70d5b3-47b5-47f2-a25b-0a2ae165259f/datanode-1/data/ratis] (custom)
2019-07-12 12:53:56,468 INFO  server.RaftServerConfigKeys (ConfUtils.java:logGet(43)) - raft.server.sleep.deviation.threshold = 300 (default)
2019-07-12 12:53:56,468 INFO  server.RaftServerConfigKeys (ConfUtils.java:logGet(43)) - raft.server.log.appender.install.snapshot.enabled = false (custom)
2019-07-12 12:53:56,468 INFO  storage.RaftStorageDirectory (RaftStorageDirectory.java:analyzeStorage(246)) - The storage directory /tmp/workdir/hadoop-ozone/integration-test/target/test-dir/MiniOzoneClusterImpl-3a70d5b3-47b5-47f2-a25b-0a2ae165259f/datanode-1/data/ratis/e34c94ac-0c16-47cf-bf45-18b826f74c29 does not exist. Creating ...
2019-07-12 12:53:56,468 INFO  impl.RaftServerImpl (ServerState.java:<init>(105)) - f1b780fe-ed32-4b3b-a7dd-bcb4436fa190:group-18B826F74C29 ConfigurationManager, init=-1: [05c98b3f-3a67-4690-8376-941456a6e695:192.168.157.212:42282, cb9a4759-2319-4aa9-87c5-0d950a5f6b2a:192.168.157.212:39794, f1b780fe-ed32-4b3b-a7dd-bcb4436fa190:192.168.157.212:39985], old=null, confs=<EMPTY_MAP>
2019-07-12 12:53:56,468 INFO  server.RaftServerConfigKeys (ConfUtils.java:logGet(43)) - raft.server.storage.dir = [/tmp/workdir/hadoop-ozone/integration-test/target/test-dir/MiniOzoneClusterImpl-3a70d5b3-47b5-47f2-a25b-0a2ae165259f/datanode-4/data/ratis] (custom)
2019-07-12 12:53:56,469 INFO  storage.RaftStorageDirectory (RaftStorageDirectory.java:analyzeStorage(246)) - The storage directory /tmp/workdir/hadoop-ozone/integration-test/target/test-dir/MiniOzoneClusterImpl-3a70d5b3-47b5-47f2-a25b-0a2ae165259f/datanode-4/data/ratis/e34c94ac-0c16-47cf-bf45-18b826f74c29 does not exist. Creating ...
2019-07-12 12:53:56,481 INFO  storage.RaftStorageDirectory (RaftStorageDirectory.java:tryLock(328)) - Lock on /tmp/workdir/hadoop-ozone/integration-test/target/test-dir/MiniOzoneClusterImpl-3a70d5b3-47b5-47f2-a25b-0a2ae165259f/datanode-4/data/ratis/e34c94ac-0c16-47cf-bf45-18b826f74c29/in_use.lock acquired by nodename 24966@pr-hdds-17356bwxm-3764869708
2019-07-12 12:53:56,481 INFO  storage.RaftStorageDirectory (RaftStorageDirectory.java:tryLock(328)) - Lock on /tmp/workdir/hadoop-ozone/integration-test/target/test-dir/MiniOzoneClusterImpl-3a70d5b3-47b5-47f2-a25b-0a2ae165259f/datanode-1/data/ratis/e34c94ac-0c16-47cf-bf45-18b826f74c29/in_use.lock acquired by nodename 24966@pr-hdds-17356bwxm-3764869708
2019-07-12 12:53:56,481 INFO  storage.RaftStorageDirectory (RaftStorageDirectory.java:tryLock(328)) - Lock on /tmp/workdir/hadoop-ozone/integration-test/target/test-dir/MiniOzoneClusterImpl-3a70d5b3-47b5-47f2-a25b-0a2ae165259f/datanode-5/data/ratis/e34c94ac-0c16-47cf-bf45-18b826f74c29/in_use.lock acquired by nodename 24966@pr-hdds-17356bwxm-3764869708
2019-07-12 12:53:56,507 INFO  storage.RaftStorage (RaftStorage.java:format(72)) - Storage directory /tmp/workdir/hadoop-ozone/integration-test/target/test-dir/MiniOzoneClusterImpl-3a70d5b3-47b5-47f2-a25b-0a2ae165259f/datanode-5/data/ratis/e34c94ac-0c16-47cf-bf45-18b826f74c29 has been successfully formatted.
2019-07-12 12:53:56,507 INFO  storage.RaftStorage (RaftStorage.java:format(72)) - Storage directory /tmp/workdir/hadoop-ozone/integration-test/target/test-dir/MiniOzoneClusterImpl-3a70d5b3-47b5-47f2-a25b-0a2ae165259f/datanode-4/data/ratis/e34c94ac-0c16-47cf-bf45-18b826f74c29 has been successfully formatted.
2019-07-12 12:53:56,507 INFO  ratis.ContainerStateMachine (ContainerStateMachine.java:loadSnapshot(200)) - The snapshot info is null.Setting the last applied index to:(t:0, i:~)
2019-07-12 12:53:56,507 INFO  storage.RaftStorage (RaftStorage.java:format(72)) - Storage directory /tmp/workdir/hadoop-ozone/integration-test/target/test-dir/MiniOzoneClusterImpl-3a70d5b3-47b5-47f2-a25b-0a2ae165259f/datanode-1/data/ratis/e34c94ac-0c16-47cf-bf45-18b826f74c29 has been successfully formatted.
2019-07-12 12:53:56,508 INFO  server.RaftServerConfigKeys (ConfUtils.java:logGet(43)) - raft.server.leader.election.timeout = 120s (custom)
2019-07-12 12:53:56,508 INFO  ratis.ContainerStateMachine (ContainerStateMachine.java:loadSnapshot(200)) - The snapshot info is null.Setting the last applied index to:(t:0, i:~)
2019-07-12 12:53:56,508 INFO  ratis.ContainerStateMachine (ContainerStateMachine.java:loadSnapshot(200)) - The snapshot info is null.Setting the last applied index to:(t:0, i:~)
2019-07-12 12:53:56,508 INFO  server.RaftServerConfigKeys (ConfUtils.java:logGet(43)) - raft.server.leader.election.timeout = 120s (custom)
2019-07-12 12:53:56,508 INFO  server.RaftServerConfigKeys (ConfUtils.java:logGet(43)) - raft.server.log.use.memory = false (default)
2019-07-12 12:53:56,509 INFO  server.RaftServerConfigKeys (ConfUtils.java:logGet(43)) - raft.server.log.use.memory = false (default)
2019-07-12 12:53:56,508 INFO  server.RaftServerConfigKeys (ConfUtils.java:logGet(43)) - raft.server.leader.election.timeout = 120s (custom)
2019-07-12 12:53:56,509 INFO  server.RaftServerConfigKeys (ConfUtils.java:logGet(43)) - raft.server.log.purge.gap = 1000000000 (custom)
2019-07-12 12:53:56,509 INFO  server.RaftServerConfigKeys (ConfUtils.java:logGet(43)) - raft.server.log.purge.gap = 1000000000 (custom)
2019-07-12 12:53:56,509 INFO  server.RaftServerConfigKeys (ConfUtils.java:logGet(43)) - raft.server.log.appender.buffer.byte-limit = 33554432 (custom)
2019-07-12 12:53:56,509 INFO  server.RaftServerConfigKeys (ConfUtils.java:logGet(43)) - raft.server.log.use.memory = false (default)
2019-07-12 12:53:56,510 INFO  server.RaftServerConfigKeys (ConfUtils.java:logGet(43)) - raft.server.log.segment.size.max = 1048576 (custom)
2019-07-12 12:53:56,509 INFO  server.RaftServerConfigKeys (ConfUtils.java:logGet(43)) - raft.server.log.appender.buffer.byte-limit = 33554432 (custom)
2019-07-12 12:53:56,510 INFO  server.RaftServerConfigKeys (ConfUtils.java:logGet(43)) - raft.server.log.segment.cache.num.max = 2 (custom)
2019-07-12 12:53:56,510 INFO  server.RaftServerConfigKeys (ConfUtils.java:logGet(43)) - raft.server.log.purge.gap = 1000000000 (custom)
2019-07-12 12:53:56,510 INFO  segmented.SegmentedRaftLogWorker (SegmentedRaftLogWorker.java:<init>(172)) - new cb9a4759-2319-4aa9-87c5-0d950a5f6b2a-SegmentedRaftLogWorker:Storage Directory /tmp/workdir/hadoop-ozone/integration-test/target/test-dir/MiniOzoneClusterImpl-3a70d5b3-47b5-47f2-a25b-0a2ae165259f/datanode-1/data/ratis/e34c94ac-0c16-47cf-bf45-18b826f74c29 for RaftStorage:Storage Directory /tmp/workdir/hadoop-ozone/integration-test/target/test-dir/MiniOzoneClusterImpl-3a70d5b3-47b5-47f2-a25b-0a2ae165259f/datanode-1/data/ratis/e34c94ac-0c16-47cf-bf45-18b826f74c29
2019-07-12 12:53:56,510 INFO  server.RaftServerConfigKeys (ConfUtils.java:logGet(43)) - raft.server.log.segment.size.max = 1048576 (custom)
2019-07-12 12:53:56,511 INFO  server.RaftServerConfigKeys (ConfUtils.java:logGet(43)) - raft.server.log.queue.byte-limit = 2147483647 (custom)
2019-07-12 12:53:56,511 INFO  server.RaftServerConfigKeys (ConfUtils.java:logGet(43)) - raft.server.log.appender.buffer.byte-limit = 33554432 (custom)
2019-07-12 12:53:56,513 INFO  server.RaftServerConfigKeys (ConfUtils.java:logGet(43)) - raft.server.log.queue.element-limit = 1024 (custom)
2019-07-12 12:53:56,513 INFO  server.RaftServerConfigKeys (ConfUtils.java:logGet(43)) - raft.server.log.segment.cache.num.max = 2 (custom)
2019-07-12 12:53:56,514 INFO  server.RaftServerConfigKeys (ConfUtils.java:logGet(43)) - raft.server.log.segment.size.max = 1048576 (custom)
2019-07-12 12:53:56,513 INFO  server.RaftServerConfigKeys (ConfUtils.java:logGet(43)) - raft.server.log.segment.size.max = 1048576 (custom)
2019-07-12 12:53:56,514 INFO  server.RaftServerConfigKeys (ConfUtils.java:logGet(43)) - raft.server.log.preallocated.size = 16384 (custom)
2019-07-12 12:53:56,514 INFO  segmented.SegmentedRaftLogWorker (SegmentedRaftLogWorker.java:<init>(172)) - new 05c98b3f-3a67-4690-8376-941456a6e695-SegmentedRaftLogWorker:Storage Directory /tmp/workdir/hadoop-ozone/integration-test/target/test-dir/MiniOzoneClusterImpl-3a70d5b3-47b5-47f2-a25b-0a2ae165259f/datanode-5/data/ratis/e34c94ac-0c16-47cf-bf45-18b826f74c29 for RaftStorage:Storage Directory /tmp/workdir/hadoop-ozone/integration-test/target/test-dir/MiniOzoneClusterImpl-3a70d5b3-47b5-47f2-a25b-0a2ae165259f/datanode-5/data/ratis/e34c94ac-0c16-47cf-bf45-18b826f74c29
2019-07-12 12:53:56,514 INFO  server.RaftServerConfigKeys (ConfUtils.java:logGet(43)) - raft.server.log.write.buffer.size = 33554432 (custom)
2019-07-12 12:53:56,514 INFO  server.RaftServerConfigKeys (ConfUtils.java:logGet(43)) - raft.server.log.segment.cache.num.max = 2 (custom)
2019-07-12 12:53:56,515 INFO  server.RaftServerConfigKeys (ConfUtils.java:logGet(43)) - raft.server.log.force.sync.num = 128 (default)
2019-07-12 12:53:56,515 INFO  server.RaftServerConfigKeys (ConfUtils.java:logGet(43)) - raft.server.log.queue.byte-limit = 2147483647 (custom)
2019-07-12 12:53:56,517 INFO  server.RaftServerConfigKeys (ConfUtils.java:logGet(43)) - raft.server.log.statemachine.data.sync = true (default)
2019-07-12 12:53:56,517 INFO  segmented.SegmentedRaftLogWorker (SegmentedRaftLogWorker.java:<init>(172)) - new f1b780fe-ed32-4b3b-a7dd-bcb4436fa190-SegmentedRaftLogWorker:Storage Directory /tmp/workdir/hadoop-ozone/integration-test/target/test-dir/MiniOzoneClusterImpl-3a70d5b3-47b5-47f2-a25b-0a2ae165259f/datanode-4/data/ratis/e34c94ac-0c16-47cf-bf45-18b826f74c29 for RaftStorage:Storage Directory /tmp/workdir/hadoop-ozone/integration-test/target/test-dir/MiniOzoneClusterImpl-3a70d5b3-47b5-47f2-a25b-0a2ae165259f/datanode-4/data/ratis/e34c94ac-0c16-47cf-bf45-18b826f74c29
2019-07-12 12:53:56,517 INFO  server.RaftServerConfigKeys (ConfUtils.java:logGet(43)) - raft.server.log.statemachine.data.sync.timeout = 10s (default)
2019-07-12 12:53:56,517 INFO  server.RaftServerConfigKeys (ConfUtils.java:logGet(43)) - raft.server.log.queue.element-limit = 1024 (custom)
2019-07-12 12:53:56,518 INFO  server.RaftServerConfigKeys (ConfUtils.java:logGet(43)) - raft.server.log.statemachine.data.sync.timeout.retry = -1 (default)
2019-07-12 12:53:56,518 INFO  server.RaftServerConfigKeys (ConfUtils.java:logGet(43)) - raft.server.log.queue.byte-limit = 2147483647 (custom)
2019-07-12 12:53:56,520 INFO  server.RaftServerConfigKeys (ConfUtils.java:logGet(43)) - raft.server.log.statemachine.data.caching.enabled = true (custom)
2019-07-12 12:53:56,520 INFO  server.RaftServerConfigKeys (ConfUtils.java:logGet(43)) - raft.server.log.segment.size.max = 1048576 (custom)
2019-07-12 12:53:56,520 INFO  server.RaftServerConfigKeys (ConfUtils.java:logGet(43)) - raft.server.log.queue.element-limit = 1024 (custom)
2019-07-12 12:53:56,520 INFO  server.RaftServerConfigKeys (ConfUtils.java:logGet(43)) - raft.server.log.preallocated.size = 16384 (custom)
2019-07-12 12:53:56,520 INFO  segmented.SegmentedRaftLogWorker (SegmentedRaftLogWorker.java:lambda$new$0(132)) - cb9a4759-2319-4aa9-87c5-0d950a5f6b2a-SegmentedRaftLogWorker:Storage Directory /tmp/workdir/hadoop-ozone/integration-test/target/test-dir/MiniOzoneClusterImpl-3a70d5b3-47b5-47f2-a25b-0a2ae165259f/datanode-1/data/ratis/e34c94ac-0c16-47cf-bf45-18b826f74c29: flushIndex: setUnconditionally 0 -> -1
2019-07-12 12:53:56,521 INFO  server.RaftServerConfigKeys (ConfUtils.java:logGet(43)) - raft.server.log.write.buffer.size = 33554432 (custom)
2019-07-12 12:53:56,521 INFO  server.RaftServerConfigKeys (ConfUtils.java:logGet(43)) - raft.server.log.segment.size.max = 1048576 (custom)
2019-07-12 12:53:56,521 INFO  server.RaftServerConfigKeys (ConfUtils.java:logGet(43)) - raft.server.snapshot.auto.trigger.enabled = true (custom)
2019-07-12 12:53:56,521 INFO  server.RaftServerConfigKeys (ConfUtils.java:logGet(43)) - raft.server.log.force.sync.num = 128 (default)
2019-07-12 12:53:56,521 INFO  server.RaftServerConfigKeys (ConfUtils.java:logGet(43)) - raft.server.snapshot.auto.trigger.threshold = 10000 (custom)
2019-07-12 12:53:56,521 INFO  server.RaftServerConfigKeys (ConfUtils.java:logGet(43)) - raft.server.log.preallocated.size = 16384 (custom)
2019-07-12 12:53:56,522 INFO  server.RaftServerConfigKeys (ConfUtils.java:logGet(43)) - raft.server.retrycache.expirytime = 600000ms (custom)
2019-07-12 12:53:56,522 INFO  server.RaftServerConfigKeys (ConfUtils.java:logGet(43)) - raft.server.log.statemachine.data.sync = true (default)
2019-07-12 12:53:56,522 INFO  impl.RaftServerImpl (RaftServerImpl.java:start(180)) - cb9a4759-2319-4aa9-87c5-0d950a5f6b2a: start group-18B826F74C29
2019-07-12 12:53:56,522 INFO  server.RaftServerConfigKeys (ConfUtils.java:logGet(43)) - raft.server.log.write.buffer.size = 33554432 (custom)
2019-07-12 12:53:56,523 INFO  impl.RaftServerImpl (RaftServerImpl.java:setRole(171)) - cb9a4759-2319-4aa9-87c5-0d950a5f6b2a:group-18B826F74C29 changes role from null to FOLLOWER at term 0 for startAsFollower
2019-07-12 12:53:56,523 INFO  server.RaftServerConfigKeys (ConfUtils.java:logGet(43)) - raft.server.log.statemachine.data.sync.timeout = 10s (default)
2019-07-12 12:53:56,523 INFO  impl.RoleInfo (RoleInfo.java:updateAndGet(143)) - cb9a4759-2319-4aa9-87c5-0d950a5f6b2a: start FollowerState
2019-07-12 12:53:56,523 INFO  server.RaftServerConfigKeys (ConfUtils.java:logGet(43)) - raft.server.log.force.sync.num = 128 (default)
2019-07-12 12:53:56,523 INFO  server.RaftServerConfigKeys (ConfUtils.java:logGet(43)) - raft.server.log.statemachine.data.sync.timeout.retry = -1 (default)
2019-07-12 12:53:56,524 INFO  server.RaftServerConfigKeys (ConfUtils.java:logGet(43)) - raft.server.log.statemachine.data.sync = true (default)
2019-07-12 12:53:56,524 INFO  server.RaftServerConfigKeys (ConfUtils.java:logGet(43)) - raft.server.log.statemachine.data.caching.enabled = true (custom)
2019-07-12 12:53:56,524 INFO  util.JmxRegister (JmxRegister.java:tryRegister(44)) - Successfully registered JMX Bean with object name Ratis:service=RaftServer,group=group-18B826F74C29,id=cb9a4759-2319-4aa9-87c5-0d950a5f6b2a
2019-07-12 12:53:56,524 INFO  server.RaftServerConfigKeys (ConfUtils.java:logGet(43)) - raft.server.log.statemachine.data.sync.timeout = 10s (default)
2019-07-12 12:53:56,525 INFO  segmented.SegmentedRaftLogWorker (SegmentedRaftLogWorker.java:lambda$new$0(132)) - 05c98b3f-3a67-4690-8376-941456a6e695-SegmentedRaftLogWorker:Storage Directory /tmp/workdir/hadoop-ozone/integration-test/target/test-dir/MiniOzoneClusterImpl-3a70d5b3-47b5-47f2-a25b-0a2ae165259f/datanode-5/data/ratis/e34c94ac-0c16-47cf-bf45-18b826f74c29: flushIndex: setUnconditionally 0 -> -1
2019-07-12 12:53:56,525 INFO  server.RaftServerConfigKeys (ConfUtils.java:logGet(43)) - raft.server.log.statemachine.data.sync.timeout.retry = -1 (default)
2019-07-12 12:53:56,525 INFO  server.RaftServerConfigKeys (ConfUtils.java:logGet(43)) - raft.server.snapshot.auto.trigger.enabled = true (custom)
2019-07-12 12:53:56,525 INFO  server.RaftServerConfigKeys (ConfUtils.java:logGet(43)) - raft.server.log.statemachine.data.caching.enabled = true (custom)
2019-07-12 12:53:56,525 INFO  server.RaftServerConfigKeys (ConfUtils.java:logGet(43)) - raft.server.snapshot.auto.trigger.threshold = 10000 (custom)
2019-07-12 12:53:56,526 INFO  segmented.SegmentedRaftLogWorker (SegmentedRaftLogWorker.java:lambda$new$0(132)) - f1b780fe-ed32-4b3b-a7dd-bcb4436fa190-SegmentedRaftLogWorker:Storage Directory /tmp/workdir/hadoop-ozone/integration-test/target/test-dir/MiniOzoneClusterImpl-3a70d5b3-47b5-47f2-a25b-0a2ae165259f/datanode-4/data/ratis/e34c94ac-0c16-47cf-bf45-18b826f74c29: flushIndex: setUnconditionally 0 -> -1
2019-07-12 12:53:56,526 INFO  server.RaftServerConfigKeys (ConfUtils.java:logGet(43)) - raft.server.retrycache.expirytime = 600000ms (custom)
2019-07-12 12:53:56,526 INFO  server.RaftServerConfigKeys (ConfUtils.java:logGet(43)) - raft.server.snapshot.auto.trigger.enabled = true (custom)
2019-07-12 12:53:56,526 INFO  impl.RaftServerImpl (RaftServerImpl.java:start(180)) - 05c98b3f-3a67-4690-8376-941456a6e695: start group-18B826F74C29
2019-07-12 12:53:56,526 INFO  server.RaftServerConfigKeys (ConfUtils.java:logGet(43)) - raft.server.snapshot.auto.trigger.threshold = 10000 (custom)
2019-07-12 12:53:56,527 INFO  impl.RaftServerImpl (RaftServerImpl.java:setRole(171)) - 05c98b3f-3a67-4690-8376-941456a6e695:group-18B826F74C29 changes role from null to FOLLOWER at term 0 for startAsFollower
2019-07-12 12:53:56,527 INFO  server.RaftServerConfigKeys (ConfUtils.java:logGet(43)) - raft.server.retrycache.expirytime = 600000ms (custom)
2019-07-12 12:53:56,527 INFO  impl.RoleInfo (RoleInfo.java:updateAndGet(143)) - 05c98b3f-3a67-4690-8376-941456a6e695: start FollowerState
2019-07-12 12:53:56,527 INFO  impl.RaftServerImpl (RaftServerImpl.java:start(180)) - f1b780fe-ed32-4b3b-a7dd-bcb4436fa190: start group-18B826F74C29
2019-07-12 12:53:56,530 INFO  impl.RaftServerImpl (RaftServerImpl.java:setRole(171)) - f1b780fe-ed32-4b3b-a7dd-bcb4436fa190:group-18B826F74C29 changes role from null to FOLLOWER at term 0 for startAsFollower
2019-07-12 12:53:56,532 INFO  impl.RoleInfo (RoleInfo.java:updateAndGet(143)) - f1b780fe-ed32-4b3b-a7dd-bcb4436fa190: start FollowerState
2019-07-12 12:53:56,532 INFO  util.JmxRegister (JmxRegister.java:tryRegister(44)) - Successfully registered JMX Bean with object name Ratis:service=RaftServer,group=group-18B826F74C29,id=05c98b3f-3a67-4690-8376-941456a6e695
2019-07-12 12:53:56,533 INFO  util.JmxRegister (JmxRegister.java:tryRegister(44)) - Successfully registered JMX Bean with object name Ratis:service=RaftServer,group=group-18B826F74C29,id=f1b780fe-ed32-4b3b-a7dd-bcb4436fa190
2019-07-12 12:53:56,557 INFO  pipeline.PipelineStateManager (PipelineStateManager.java:addPipeline(56)) - Created pipeline Pipeline[ Id: e34c94ac-0c16-47cf-bf45-18b826f74c29, Nodes: 05c98b3f-3a67-4690-8376-941456a6e695{ip: 192.168.157.212, host: pr-hdds-17356bwxm-3764869708, networkLocation: /default-rack, certSerialId: null}cb9a4759-2319-4aa9-87c5-0d950a5f6b2a{ip: 192.168.157.212, host: pr-hdds-17356bwxm-3764869708, networkLocation: /default-rack, certSerialId: null}f1b780fe-ed32-4b3b-a7dd-bcb4436fa190{ip: 192.168.157.212, host: pr-hdds-17356bwxm-3764869708, networkLocation: /default-rack, certSerialId: null}, Type:RATIS, Factor:THREE, State:OPEN]
2019-07-12 12:53:56,599 INFO  impl.RaftServerProxy (RaftServerProxy.java:addNew(89)) - 71a69e4f-4742-4387-afb8-7c95c2332a05: addNew group-CC1EAD29BA99:[a1706a09-45f1-4990-9806-ff7cad89d822:192.168.157.212:43468, 71a69e4f-4742-4387-afb8-7c95c2332a05:192.168.157.212:39730, c6f740ed-0745-4563-a1bf-e72f2e5174bb:192.168.157.212:46790] returns group-CC1EAD29BA99:java.util.concurrent.CompletableFuture@1dbed164[Not completed]
2019-07-12 12:53:56,599 INFO  impl.RaftServerProxy (RaftServerProxy.java:addNew(89)) - a1706a09-45f1-4990-9806-ff7cad89d822: addNew group-CC1EAD29BA99:[a1706a09-45f1-4990-9806-ff7cad89d822:192.168.157.212:43468, 71a69e4f-4742-4387-afb8-7c95c2332a05:192.168.157.212:39730, c6f740ed-0745-4563-a1bf-e72f2e5174bb:192.168.157.212:46790] returns group-CC1EAD29BA99:java.util.concurrent.CompletableFuture@6202e9a0[Not completed]
2019-07-12 12:53:56,599 INFO  impl.RaftServerProxy (RaftServerProxy.java:addNew(89)) - c6f740ed-0745-4563-a1bf-e72f2e5174bb: addNew group-CC1EAD29BA99:[a1706a09-45f1-4990-9806-ff7cad89d822:192.168.157.212:43468, 71a69e4f-4742-4387-afb8-7c95c2332a05:192.168.157.212:39730, c6f740ed-0745-4563-a1bf-e72f2e5174bb:192.168.157.212:46790] returns group-CC1EAD29BA99:java.util.concurrent.CompletableFuture@4ba69237[Not completed]
2019-07-12 12:53:56,603 INFO  impl.RaftServerImpl (RaftServerImpl.java:<init>(93)) - c6f740ed-0745-4563-a1bf-e72f2e5174bb: new RaftServerImpl for group-CC1EAD29BA99:[a1706a09-45f1-4990-9806-ff7cad89d822:192.168.157.212:43468, 71a69e4f-4742-4387-afb8-7c95c2332a05:192.168.157.212:39730, c6f740ed-0745-4563-a1bf-e72f2e5174bb:192.168.157.212:46790] with ContainerStateMachine:uninitialized
2019-07-12 12:53:56,604 INFO  server.RaftServerConfigKeys (ConfUtils.java:logGet(43)) - raft.server.rpc.timeout.min = 5s (custom)
2019-07-12 12:53:56,604 INFO  server.RaftServerConfigKeys (ConfUtils.java:logGet(43)) - raft.server.rpc.timeout.max = 5200ms (custom)
2019-07-12 12:53:56,604 INFO  server.RaftServerConfigKeys (ConfUtils.java:logGet(43)) - raft.server.rpcslowness.timeout = 120s (custom)
2019-07-12 12:53:56,604 INFO  impl.RaftServerImpl (RaftServerImpl.java:<init>(93)) - a1706a09-45f1-4990-9806-ff7cad89d822: new RaftServerImpl for group-CC1EAD29BA99:[a1706a09-45f1-4990-9806-ff7cad89d822:192.168.157.212:43468, 71a69e4f-4742-4387-afb8-7c95c2332a05:192.168.157.212:39730, c6f740ed-0745-4563-a1bf-e72f2e5174bb:192.168.157.212:46790] with ContainerStateMachine:uninitialized
2019-07-12 12:53:56,604 INFO  server.RaftServerConfigKeys (ConfUtils.java:logGet(43)) - raft.server.sleep.deviation.threshold = 300 (default)
2019-07-12 12:53:56,604 INFO  server.RaftServerConfigKeys (ConfUtils.java:logGet(43)) - raft.server.rpc.timeout.min = 5s (custom)
2019-07-12 12:53:56,605 INFO  server.RaftServerConfigKeys (ConfUtils.java:logGet(43)) - raft.server.log.appender.install.snapshot.enabled = false (custom)
2019-07-12 12:53:56,605 INFO  server.RaftServerConfigKeys (ConfUtils.java:logGet(43)) - raft.server.rpc.timeout.max = 5200ms (custom)
2019-07-12 12:53:56,605 INFO  impl.RaftServerImpl (ServerState.java:<init>(105)) - c6f740ed-0745-4563-a1bf-e72f2e5174bb:group-CC1EAD29BA99 ConfigurationManager, init=-1: [a1706a09-45f1-4990-9806-ff7cad89d822:192.168.157.212:43468, 71a69e4f-4742-4387-afb8-7c95c2332a05:192.168.157.212:39730, c6f740ed-0745-4563-a1bf-e72f2e5174bb:192.168.157.212:46790], old=null, confs=<EMPTY_MAP>
2019-07-12 12:53:56,605 INFO  server.RaftServerConfigKeys (ConfUtils.java:logGet(43)) - raft.server.rpcslowness.timeout = 120s (custom)
2019-07-12 12:53:56,605 INFO  server.RaftServerConfigKeys (ConfUtils.java:logGet(43)) - raft.server.storage.dir = [/tmp/workdir/hadoop-ozone/integration-test/target/test-dir/MiniOzoneClusterImpl-3a70d5b3-47b5-47f2-a25b-0a2ae165259f/datanode-3/data/ratis] (custom)
2019-07-12 12:53:56,605 INFO  impl.RaftServerImpl (RaftServerImpl.java:<init>(93)) - 71a69e4f-4742-4387-afb8-7c95c2332a05: new RaftServerImpl for group-CC1EAD29BA99:[a1706a09-45f1-4990-9806-ff7cad89d822:192.168.157.212:43468, 71a69e4f-4742-4387-afb8-7c95c2332a05:192.168.157.212:39730, c6f740ed-0745-4563-a1bf-e72f2e5174bb:192.168.157.212:46790] with ContainerStateMachine:uninitialized
2019-07-12 12:53:56,605 INFO  server.RaftServerConfigKeys (ConfUtils.java:logGet(43)) - raft.server.sleep.deviation.threshold = 300 (default)
2019-07-12 12:53:56,606 INFO  server.RaftServerConfigKeys (ConfUtils.java:logGet(43)) - raft.server.rpc.timeout.min = 5s (custom)
2019-07-12 12:53:56,606 INFO  storage.RaftStorageDirectory (RaftStorageDirectory.java:analyzeStorage(246)) - The storage directory /tmp/workdir/hadoop-ozone/integration-test/target/test-dir/MiniOzoneClusterImpl-3a70d5b3-47b5-47f2-a25b-0a2ae165259f/datanode-3/data/ratis/8e3dd2f3-2e4c-48e0-b53c-cc1ead29ba99 does not exist. Creating ...
2019-07-12 12:53:56,606 INFO  server.RaftServerConfigKeys (ConfUtils.java:logGet(43)) - raft.server.log.appender.install.snapshot.enabled = false (custom)
2019-07-12 12:53:56,606 INFO  server.RaftServerConfigKeys (ConfUtils.java:logGet(43)) - raft.server.rpc.timeout.max = 5200ms (custom)
2019-07-12 12:53:56,606 INFO  impl.RaftServerImpl (ServerState.java:<init>(105)) - a1706a09-45f1-4990-9806-ff7cad89d822:group-CC1EAD29BA99 ConfigurationManager, init=-1: [a1706a09-45f1-4990-9806-ff7cad89d822:192.168.157.212:43468, 71a69e4f-4742-4387-afb8-7c95c2332a05:192.168.157.212:39730, c6f740ed-0745-4563-a1bf-e72f2e5174bb:192.168.157.212:46790], old=null, confs=<EMPTY_MAP>
2019-07-12 12:53:56,606 INFO  server.RaftServerConfigKeys (ConfUtils.java:logGet(43)) - raft.server.rpcslowness.timeout = 120s (custom)
2019-07-12 12:53:56,607 INFO  server.RaftServerConfigKeys (ConfUtils.java:logGet(43)) - raft.server.storage.dir = [/tmp/workdir/hadoop-ozone/integration-test/target/test-dir/MiniOzoneClusterImpl-3a70d5b3-47b5-47f2-a25b-0a2ae165259f/datanode-6/data/ratis] (custom)
2019-07-12 12:53:56,607 INFO  server.RaftServerConfigKeys (ConfUtils.java:logGet(43)) - raft.server.sleep.deviation.threshold = 300 (default)
2019-07-12 12:53:56,607 INFO  server.RaftServerConfigKeys (ConfUtils.java:logGet(43)) - raft.server.log.appender.install.snapshot.enabled = false (custom)
2019-07-12 12:53:56,607 INFO  storage.RaftStorageDirectory (RaftStorageDirectory.java:analyzeStorage(246)) - The storage directory /tmp/workdir/hadoop-ozone/integration-test/target/test-dir/MiniOzoneClusterImpl-3a70d5b3-47b5-47f2-a25b-0a2ae165259f/datanode-6/data/ratis/8e3dd2f3-2e4c-48e0-b53c-cc1ead29ba99 does not exist. Creating ...
2019-07-12 12:53:56,607 INFO  impl.RaftServerImpl (ServerState.java:<init>(105)) - 71a69e4f-4742-4387-afb8-7c95c2332a05:group-CC1EAD29BA99 ConfigurationManager, init=-1: [a1706a09-45f1-4990-9806-ff7cad89d822:192.168.157.212:43468, 71a69e4f-4742-4387-afb8-7c95c2332a05:192.168.157.212:39730, c6f740ed-0745-4563-a1bf-e72f2e5174bb:192.168.157.212:46790], old=null, confs=<EMPTY_MAP>
2019-07-12 12:53:56,607 INFO  server.RaftServerConfigKeys (ConfUtils.java:logGet(43)) - raft.server.storage.dir = [/tmp/workdir/hadoop-ozone/integration-test/target/test-dir/MiniOzoneClusterImpl-3a70d5b3-47b5-47f2-a25b-0a2ae165259f/datanode-0/data/ratis] (custom)
2019-07-12 12:53:56,608 INFO  storage.RaftStorageDirectory (RaftStorageDirectory.java:analyzeStorage(246)) - The storage directory /tmp/workdir/hadoop-ozone/integration-test/target/test-dir/MiniOzoneClusterImpl-3a70d5b3-47b5-47f2-a25b-0a2ae165259f/datanode-0/data/ratis/8e3dd2f3-2e4c-48e0-b53c-cc1ead29ba99 does not exist. Creating ...
2019-07-12 12:53:56,655 INFO  storage.RaftStorageDirectory (RaftStorageDirectory.java:tryLock(328)) - Lock on /tmp/workdir/hadoop-ozone/integration-test/target/test-dir/MiniOzoneClusterImpl-3a70d5b3-47b5-47f2-a25b-0a2ae165259f/datanode-0/data/ratis/8e3dd2f3-2e4c-48e0-b53c-cc1ead29ba99/in_use.lock acquired by nodename 24966@pr-hdds-17356bwxm-3764869708
2019-07-12 12:53:56,655 INFO  storage.RaftStorageDirectory (RaftStorageDirectory.java:tryLock(328)) - Lock on /tmp/workdir/hadoop-ozone/integration-test/target/test-dir/MiniOzoneClusterImpl-3a70d5b3-47b5-47f2-a25b-0a2ae165259f/datanode-6/data/ratis/8e3dd2f3-2e4c-48e0-b53c-cc1ead29ba99/in_use.lock acquired by nodename 24966@pr-hdds-17356bwxm-3764869708
2019-07-12 12:53:56,655 INFO  storage.RaftStorageDirectory (RaftStorageDirectory.java:tryLock(328)) - Lock on /tmp/workdir/hadoop-ozone/integration-test/target/test-dir/MiniOzoneClusterImpl-3a70d5b3-47b5-47f2-a25b-0a2ae165259f/datanode-3/data/ratis/8e3dd2f3-2e4c-48e0-b53c-cc1ead29ba99/in_use.lock acquired by nodename 24966@pr-hdds-17356bwxm-3764869708
2019-07-12 12:53:56,660 INFO  storage.RaftStorage (RaftStorage.java:format(72)) - Storage directory /tmp/workdir/hadoop-ozone/integration-test/target/test-dir/MiniOzoneClusterImpl-3a70d5b3-47b5-47f2-a25b-0a2ae165259f/datanode-0/data/ratis/8e3dd2f3-2e4c-48e0-b53c-cc1ead29ba99 has been successfully formatted.
2019-07-12 12:53:56,660 INFO  storage.RaftStorage (RaftStorage.java:format(72)) - Storage directory /tmp/workdir/hadoop-ozone/integration-test/target/test-dir/MiniOzoneClusterImpl-3a70d5b3-47b5-47f2-a25b-0a2ae165259f/datanode-3/data/ratis/8e3dd2f3-2e4c-48e0-b53c-cc1ead29ba99 has been successfully formatted.
2019-07-12 12:53:56,660 INFO  storage.RaftStorage (RaftStorage.java:format(72)) - Storage directory /tmp/workdir/hadoop-ozone/integration-test/target/test-dir/MiniOzoneClusterImpl-3a70d5b3-47b5-47f2-a25b-0a2ae165259f/datanode-6/data/ratis/8e3dd2f3-2e4c-48e0-b53c-cc1ead29ba99 has been successfully formatted.
2019-07-12 12:53:56,660 INFO  ratis.ContainerStateMachine (ContainerStateMachine.java:loadSnapshot(200)) - The snapshot info is null.Setting the last applied index to:(t:0, i:~)
2019-07-12 12:53:56,661 INFO  ratis.ContainerStateMachine (ContainerStateMachine.java:loadSnapshot(200)) - The snapshot info is null.Setting the last applied index to:(t:0, i:~)
2019-07-12 12:53:56,660 INFO  ratis.ContainerStateMachine (ContainerStateMachine.java:loadSnapshot(200)) - The snapshot info is null.Setting the last applied index to:(t:0, i:~)
2019-07-12 12:53:56,661 INFO  server.RaftServerConfigKeys (ConfUtils.java:logGet(43)) - raft.server.leader.election.timeout = 120s (custom)
2019-07-12 12:53:56,661 INFO  server.RaftServerConfigKeys (ConfUtils.java:logGet(43)) - raft.server.leader.election.timeout = 120s (custom)
2019-07-12 12:53:56,661 INFO  server.RaftServerConfigKeys (ConfUtils.java:logGet(43)) - raft.server.log.use.memory = false (default)
2019-07-12 12:53:56,661 INFO  server.RaftServerConfigKeys (ConfUtils.java:logGet(43)) - raft.server.leader.election.timeout = 120s (custom)
2019-07-12 12:53:56,661 INFO  server.RaftServerConfigKeys (ConfUtils.java:logGet(43)) - raft.server.log.purge.gap = 1000000000 (custom)
2019-07-12 12:53:56,661 INFO  server.RaftServerConfigKeys (ConfUtils.java:logGet(43)) - raft.server.log.use.memory = false (default)
2019-07-12 12:53:56,662 INFO  server.RaftServerConfigKeys (ConfUtils.java:logGet(43)) - raft.server.log.appender.buffer.byte-limit = 33554432 (custom)
2019-07-12 12:53:56,662 INFO  server.RaftServerConfigKeys (ConfUtils.java:logGet(43)) - raft.server.log.use.memory = false (default)
2019-07-12 12:53:56,662 INFO  server.RaftServerConfigKeys (ConfUtils.java:logGet(43)) - raft.server.log.segment.size.max = 1048576 (custom)
2019-07-12 12:53:56,662 INFO  server.RaftServerConfigKeys (ConfUtils.java:logGet(43)) - raft.server.log.purge.gap = 1000000000 (custom)
2019-07-12 12:53:56,662 INFO  server.RaftServerConfigKeys (ConfUtils.java:logGet(43)) - raft.server.log.segment.cache.num.max = 2 (custom)
2019-07-12 12:53:56,662 INFO  server.RaftServerConfigKeys (ConfUtils.java:logGet(43)) - raft.server.log.purge.gap = 1000000000 (custom)
2019-07-12 12:53:56,663 INFO  segmented.SegmentedRaftLogWorker (SegmentedRaftLogWorker.java:<init>(172)) - new a1706a09-45f1-4990-9806-ff7cad89d822-SegmentedRaftLogWorker:Storage Directory /tmp/workdir/hadoop-ozone/integration-test/target/test-dir/MiniOzoneClusterImpl-3a70d5b3-47b5-47f2-a25b-0a2ae165259f/datanode-6/data/ratis/8e3dd2f3-2e4c-48e0-b53c-cc1ead29ba99 for RaftStorage:Storage Directory /tmp/workdir/hadoop-ozone/integration-test/target/test-dir/MiniOzoneClusterImpl-3a70d5b3-47b5-47f2-a25b-0a2ae165259f/datanode-6/data/ratis/8e3dd2f3-2e4c-48e0-b53c-cc1ead29ba99
2019-07-12 12:53:56,662 INFO  server.RaftServerConfigKeys (ConfUtils.java:logGet(43)) - raft.server.log.appender.buffer.byte-limit = 33554432 (custom)
2019-07-12 12:53:56,663 INFO  server.RaftServerConfigKeys (ConfUtils.java:logGet(43)) - raft.server.log.queue.byte-limit = 2147483647 (custom)
2019-07-12 12:53:56,663 INFO  server.RaftServerConfigKeys (ConfUtils.java:logGet(43)) - raft.server.log.appender.buffer.byte-limit = 33554432 (custom)
2019-07-12 12:53:56,665 INFO  server.RaftServerConfigKeys (ConfUtils.java:logGet(43)) - raft.server.log.queue.element-limit = 1024 (custom)
2019-07-12 12:53:56,665 INFO  server.RaftServerConfigKeys (ConfUtils.java:logGet(43)) - raft.server.log.segment.size.max = 1048576 (custom)
2019-07-12 12:53:56,665 INFO  server.RaftServerConfigKeys (ConfUtils.java:logGet(43)) - raft.server.log.segment.size.max = 1048576 (custom)
2019-07-12 12:53:56,665 INFO  server.RaftServerConfigKeys (ConfUtils.java:logGet(43)) - raft.server.log.segment.size.max = 1048576 (custom)
2019-07-12 12:53:56,666 INFO  server.RaftServerConfigKeys (ConfUtils.java:logGet(43)) - raft.server.log.preallocated.size = 16384 (custom)
2019-07-12 12:53:56,666 INFO  server.RaftServerConfigKeys (ConfUtils.java:logGet(43)) - raft.server.log.segment.cache.num.max = 2 (custom)
2019-07-12 12:53:56,666 INFO  server.RaftServerConfigKeys (ConfUtils.java:logGet(43)) - raft.server.log.write.buffer.size = 33554432 (custom)
2019-07-12 12:53:56,666 INFO  server.RaftServerConfigKeys (ConfUtils.java:logGet(43)) - raft.server.log.segment.cache.num.max = 2 (custom)
2019-07-12 12:53:56,666 INFO  server.RaftServerConfigKeys (ConfUtils.java:logGet(43)) - raft.server.log.force.sync.num = 128 (default)
2019-07-12 12:53:56,666 INFO  segmented.SegmentedRaftLogWorker (SegmentedRaftLogWorker.java:<init>(172)) - new 71a69e4f-4742-4387-afb8-7c95c2332a05-SegmentedRaftLogWorker:Storage Directory /tmp/workdir/hadoop-ozone/integration-test/target/test-dir/MiniOzoneClusterImpl-3a70d5b3-47b5-47f2-a25b-0a2ae165259f/datanode-0/data/ratis/8e3dd2f3-2e4c-48e0-b53c-cc1ead29ba99 for RaftStorage:Storage Directory /tmp/workdir/hadoop-ozone/integration-test/target/test-dir/MiniOzoneClusterImpl-3a70d5b3-47b5-47f2-a25b-0a2ae165259f/datanode-0/data/ratis/8e3dd2f3-2e4c-48e0-b53c-cc1ead29ba99
2019-07-12 12:53:56,666 INFO  server.RaftServerConfigKeys (ConfUtils.java:logGet(43)) - raft.server.log.statemachine.data.sync = true (default)
2019-07-12 12:53:56,666 INFO  segmented.SegmentedRaftLogWorker (SegmentedRaftLogWorker.java:<init>(172)) - new c6f740ed-0745-4563-a1bf-e72f2e5174bb-SegmentedRaftLogWorker:Storage Directory /tmp/workdir/hadoop-ozone/integration-test/target/test-dir/MiniOzoneClusterImpl-3a70d5b3-47b5-47f2-a25b-0a2ae165259f/datanode-3/data/ratis/8e3dd2f3-2e4c-48e0-b53c-cc1ead29ba99 for RaftStorage:Storage Directory /tmp/workdir/hadoop-ozone/integration-test/target/test-dir/MiniOzoneClusterImpl-3a70d5b3-47b5-47f2-a25b-0a2ae165259f/datanode-3/data/ratis/8e3dd2f3-2e4c-48e0-b53c-cc1ead29ba99
2019-07-12 12:53:56,669 INFO  server.RaftServerConfigKeys (ConfUtils.java:logGet(43)) - raft.server.log.statemachine.data.sync.timeout = 10s (default)
2019-07-12 12:53:56,667 INFO  server.RaftServerConfigKeys (ConfUtils.java:logGet(43)) - raft.server.log.queue.byte-limit = 2147483647 (custom)
2019-07-12 12:53:56,671 INFO  server.RaftServerConfigKeys (ConfUtils.java:logGet(43)) - raft.server.log.statemachine.data.sync.timeout.retry = -1 (default)
2019-07-12 12:53:56,669 INFO  server.RaftServerConfigKeys (ConfUtils.java:logGet(43)) - raft.server.log.queue.byte-limit = 2147483647 (custom)
2019-07-12 12:53:56,671 INFO  server.RaftServerConfigKeys (ConfUtils.java:logGet(43)) - raft.server.log.statemachine.data.caching.enabled = true (custom)
2019-07-12 12:53:56,671 INFO  server.RaftServerConfigKeys (ConfUtils.java:logGet(43)) - raft.server.log.queue.element-limit = 1024 (custom)
2019-07-12 12:53:56,671 INFO  server.RaftServerConfigKeys (ConfUtils.java:logGet(43)) - raft.server.log.queue.element-limit = 1024 (custom)
2019-07-12 12:53:56,672 INFO  segmented.SegmentedRaftLogWorker (SegmentedRaftLogWorker.java:lambda$new$0(132)) - a1706a09-45f1-4990-9806-ff7cad89d822-SegmentedRaftLogWorker:Storage Directory /tmp/workdir/hadoop-ozone/integration-test/target/test-dir/MiniOzoneClusterImpl-3a70d5b3-47b5-47f2-a25b-0a2ae165259f/datanode-6/data/ratis/8e3dd2f3-2e4c-48e0-b53c-cc1ead29ba99: flushIndex: setUnconditionally 0 -> -1
2019-07-12 12:53:56,672 INFO  server.RaftServerConfigKeys (ConfUtils.java:logGet(43)) - raft.server.log.segment.size.max = 1048576 (custom)
2019-07-12 12:53:56,672 INFO  server.RaftServerConfigKeys (ConfUtils.java:logGet(43)) - raft.server.log.segment.size.max = 1048576 (custom)
2019-07-12 12:53:56,672 INFO  server.RaftServerConfigKeys (ConfUtils.java:logGet(43)) - raft.server.snapshot.auto.trigger.enabled = true (custom)
2019-07-12 12:53:56,672 INFO  server.RaftServerConfigKeys (ConfUtils.java:logGet(43)) - raft.server.log.preallocated.size = 16384 (custom)
2019-07-12 12:53:56,672 INFO  server.RaftServerConfigKeys (ConfUtils.java:logGet(43)) - raft.server.snapshot.auto.trigger.threshold = 10000 (custom)
2019-07-12 12:53:56,672 INFO  server.RaftServerConfigKeys (ConfUtils.java:logGet(43)) - raft.server.log.preallocated.size = 16384 (custom)
2019-07-12 12:53:56,673 INFO  server.RaftServerConfigKeys (ConfUtils.java:logGet(43)) - raft.server.retrycache.expirytime = 600000ms (custom)
2019-07-12 12:53:56,672 INFO  server.RaftServerConfigKeys (ConfUtils.java:logGet(43)) - raft.server.log.write.buffer.size = 33554432 (custom)
2019-07-12 12:53:56,673 INFO  impl.RaftServerImpl (RaftServerImpl.java:start(180)) - a1706a09-45f1-4990-9806-ff7cad89d822: start group-CC1EAD29BA99
2019-07-12 12:53:56,673 INFO  impl.RaftServerImpl (RaftServerImpl.java:setRole(171)) - a1706a09-45f1-4990-9806-ff7cad89d822:group-CC1EAD29BA99 changes role from null to FOLLOWER at term 0 for startAsFollower
2019-07-12 12:53:56,673 INFO  server.RaftServerConfigKeys (ConfUtils.java:logGet(43)) - raft.server.log.write.buffer.size = 33554432 (custom)
2019-07-12 12:53:56,673 INFO  impl.RoleInfo (RoleInfo.java:updateAndGet(143)) - a1706a09-45f1-4990-9806-ff7cad89d822: start FollowerState
2019-07-12 12:53:56,673 INFO  server.RaftServerConfigKeys (ConfUtils.java:logGet(43)) - raft.server.log.force.sync.num = 128 (default)
2019-07-12 12:53:56,674 INFO  server.RaftServerConfigKeys (ConfUtils.java:logGet(43)) - raft.server.log.force.sync.num = 128 (default)
2019-07-12 12:53:56,674 INFO  server.RaftServerConfigKeys (ConfUtils.java:logGet(43)) - raft.server.log.statemachine.data.sync = true (default)
2019-07-12 12:53:56,674 INFO  util.JmxRegister (JmxRegister.java:tryRegister(44)) - Successfully registered JMX Bean with object name Ratis:service=RaftServer,group=group-CC1EAD29BA99,id=a1706a09-45f1-4990-9806-ff7cad89d822
2019-07-12 12:53:56,674 INFO  server.RaftServerConfigKeys (ConfUtils.java:logGet(43)) - raft.server.log.statemachine.data.sync = true (default)
2019-07-12 12:53:56,674 INFO  server.RaftServerConfigKeys (ConfUtils.java:logGet(43)) - raft.server.log.statemachine.data.sync.timeout = 10s (default)
2019-07-12 12:53:56,674 INFO  server.RaftServerConfigKeys (ConfUtils.java:logGet(43)) - raft.server.log.statemachine.data.sync.timeout = 10s (default)
2019-07-12 12:53:56,675 INFO  server.RaftServerConfigKeys (ConfUtils.java:logGet(43)) - raft.server.log.statemachine.data.sync.timeout.retry = -1 (default)
2019-07-12 12:53:56,675 INFO  server.RaftServerConfigKeys (ConfUtils.java:logGet(43)) - raft.server.log.statemachine.data.sync.timeout.retry = -1 (default)
2019-07-12 12:53:56,675 INFO  server.RaftServerConfigKeys (ConfUtils.java:logGet(43)) - raft.server.log.statemachine.data.caching.enabled = true (custom)
2019-07-12 12:53:56,675 INFO  server.RaftServerConfigKeys (ConfUtils.java:logGet(43)) - raft.server.log.statemachine.data.caching.enabled = true (custom)
2019-07-12 12:53:56,675 INFO  segmented.SegmentedRaftLogWorker (SegmentedRaftLogWorker.java:lambda$new$0(132)) - 71a69e4f-4742-4387-afb8-7c95c2332a05-SegmentedRaftLogWorker:Storage Directory /tmp/workdir/hadoop-ozone/integration-test/target/test-dir/MiniOzoneClusterImpl-3a70d5b3-47b5-47f2-a25b-0a2ae165259f/datanode-0/data/ratis/8e3dd2f3-2e4c-48e0-b53c-cc1ead29ba99: flushIndex: setUnconditionally 0 -> -1
2019-07-12 12:53:56,675 INFO  segmented.SegmentedRaftLogWorker (SegmentedRaftLogWorker.java:lambda$new$0(132)) - c6f740ed-0745-4563-a1bf-e72f2e5174bb-SegmentedRaftLogWorker:Storage Directory /tmp/workdir/hadoop-ozone/integration-test/target/test-dir/MiniOzoneClusterImpl-3a70d5b3-47b5-47f2-a25b-0a2ae165259f/datanode-3/data/ratis/8e3dd2f3-2e4c-48e0-b53c-cc1ead29ba99: flushIndex: setUnconditionally 0 -> -1
2019-07-12 12:53:56,676 INFO  server.RaftServerConfigKeys (ConfUtils.java:logGet(43)) - raft.server.snapshot.auto.trigger.enabled = true (custom)
2019-07-12 12:53:56,676 INFO  server.RaftServerConfigKeys (ConfUtils.java:logGet(43)) - raft.server.snapshot.auto.trigger.threshold = 10000 (custom)
2019-07-12 12:53:56,676 INFO  server.RaftServerConfigKeys (ConfUtils.java:logGet(43)) - raft.server.snapshot.auto.trigger.enabled = true (custom)
2019-07-12 12:53:56,676 INFO  server.RaftServerConfigKeys (ConfUtils.java:logGet(43)) - raft.server.retrycache.expirytime = 600000ms (custom)
2019-07-12 12:53:56,676 INFO  server.RaftServerConfigKeys (ConfUtils.java:logGet(43)) - raft.server.snapshot.auto.trigger.threshold = 10000 (custom)
2019-07-12 12:53:56,676 INFO  impl.RaftServerImpl (RaftServerImpl.java:start(180)) - 71a69e4f-4742-4387-afb8-7c95c2332a05: start group-CC1EAD29BA99
2019-07-12 12:53:56,676 INFO  impl.RaftServerImpl (RaftServerImpl.java:setRole(171)) - 71a69e4f-4742-4387-afb8-7c95c2332a05:group-CC1EAD29BA99 changes role from null to FOLLOWER at term 0 for startAsFollower
2019-07-12 12:53:56,676 INFO  server.RaftServerConfigKeys (ConfUtils.java:logGet(43)) - raft.server.retrycache.expirytime = 600000ms (custom)
2019-07-12 12:53:56,676 INFO  impl.RoleInfo (RoleInfo.java:updateAndGet(143)) - 71a69e4f-4742-4387-afb8-7c95c2332a05: start FollowerState
2019-07-12 12:53:56,677 INFO  impl.RaftServerImpl (RaftServerImpl.java:start(180)) - c6f740ed-0745-4563-a1bf-e72f2e5174bb: start group-CC1EAD29BA99
2019-07-12 12:53:56,677 INFO  impl.RaftServerImpl (RaftServerImpl.java:setRole(171)) - c6f740ed-0745-4563-a1bf-e72f2e5174bb:group-CC1EAD29BA99 changes role from null to FOLLOWER at term 0 for startAsFollower
2019-07-12 12:53:56,677 INFO  util.JmxRegister (JmxRegister.java:tryRegister(44)) - Successfully registered JMX Bean with object name Ratis:service=RaftServer,group=group-CC1EAD29BA99,id=71a69e4f-4742-4387-afb8-7c95c2332a05
2019-07-12 12:53:56,677 INFO  impl.RoleInfo (RoleInfo.java:updateAndGet(143)) - c6f740ed-0745-4563-a1bf-e72f2e5174bb: start FollowerState
2019-07-12 12:53:56,677 INFO  util.JmxRegister (JmxRegister.java:tryRegister(44)) - Successfully registered JMX Bean with object name Ratis:service=RaftServer,group=group-CC1EAD29BA99,id=c6f740ed-0745-4563-a1bf-e72f2e5174bb
2019-07-12 12:53:56,703 INFO  pipeline.PipelineStateManager (PipelineStateManager.java:addPipeline(56)) - Created pipeline Pipeline[ Id: 8e3dd2f3-2e4c-48e0-b53c-cc1ead29ba99, Nodes: c6f740ed-0745-4563-a1bf-e72f2e5174bb{ip: 192.168.157.212, host: pr-hdds-17356bwxm-3764869708, networkLocation: /default-rack, certSerialId: null}71a69e4f-4742-4387-afb8-7c95c2332a05{ip: 192.168.157.212, host: pr-hdds-17356bwxm-3764869708, networkLocation: /default-rack, certSerialId: null}a1706a09-45f1-4990-9806-ff7cad89d822{ip: 192.168.157.212, host: pr-hdds-17356bwxm-3764869708, networkLocation: /default-rack, certSerialId: null}, Type:RATIS, Factor:THREE, State:OPEN]
2019-07-12 12:53:57,093 INFO  ozone.MiniOzoneClusterImpl (MiniOzoneClusterImpl.java:lambda$waitForClusterToBeReady$0(142)) - Cluster is ready. Got 7 of 7 DN Heartbeats.
2019-07-12 12:53:57,657 INFO  container.ReplicationManager (ReplicationManager.java:start(155)) - Starting Replication Monitor Thread.
2019-07-12 12:53:57,661 INFO  container.ReplicationManager (ReplicationManager.java:run(207)) - Replication Monitor Thread took 1 milliseconds for processing 0 containers.
2019-07-12 12:53:57,842 INFO  rpc.RpcClient (RpcClient.java:createVolume(287)) - Creating Volume: testblockoutputstreamwithretries, with jenkins1000 as owner.
2019-07-12 12:53:57,891 INFO  rpc.RpcClient (RpcClient.java:createBucket(424)) - Creating Bucket: testblockoutputstreamwithretries/testblockoutputstreamwithretries, with Versioning false and Storage Type set to DISK and Encryption set to false 
2019-07-12 12:53:58,207 INFO  client.GrpcClientProtocolClient (GrpcClientProtocolClient.java:onNext(255)) - client-AB45C6712348->05c98b3f-3a67-4690-8376-941456a6e695: receive RaftClientReply:client-AB45C6712348->05c98b3f-3a67-4690-8376-941456a6e695@group-18B826F74C29, cid=13, FAILED org.apache.ratis.protocol.NotLeaderException: Server 05c98b3f-3a67-4690-8376-941456a6e695 is not the leader (null). Request must be sent to leader., logIndex=0, commits[05c98b3f-3a67-4690-8376-941456a6e695:c-1]
2019-07-12 12:53:59,256 INFO  client.GrpcClientProtocolClient (GrpcClientProtocolClient.java:onNext(255)) - client-AB45C6712348->cb9a4759-2319-4aa9-87c5-0d950a5f6b2a: receive RaftClientReply:client-AB45C6712348->cb9a4759-2319-4aa9-87c5-0d950a5f6b2a@group-18B826F74C29, cid=13, FAILED org.apache.ratis.protocol.NotLeaderException: Server cb9a4759-2319-4aa9-87c5-0d950a5f6b2a is not the leader (null). Request must be sent to leader., logIndex=0, commits[cb9a4759-2319-4aa9-87c5-0d950a5f6b2a:c-1]
2019-07-12 12:54:00,290 INFO  client.GrpcClientProtocolClient (GrpcClientProtocolClient.java:onNext(255)) - client-AB45C6712348->f1b780fe-ed32-4b3b-a7dd-bcb4436fa190: receive RaftClientReply:client-AB45C6712348->f1b780fe-ed32-4b3b-a7dd-bcb4436fa190@group-18B826F74C29, cid=13, FAILED org.apache.ratis.protocol.NotLeaderException: Server f1b780fe-ed32-4b3b-a7dd-bcb4436fa190 is not the leader (null). Request must be sent to leader., logIndex=0, commits[f1b780fe-ed32-4b3b-a7dd-bcb4436fa190:c-1]
2019-07-12 12:54:00,749 INFO  impl.FollowerState (FollowerState.java:run(106)) - 71a69e4f-4742-4387-afb8-7c95c2332a05:group-0F8CA3530A79 changes to CANDIDATE, lastRpcTime:5026, electionTimeout:5025ms
2019-07-12 12:54:00,749 INFO  impl.RoleInfo (RoleInfo.java:shutdownFollowerState(121)) - 71a69e4f-4742-4387-afb8-7c95c2332a05: shutdown FollowerState
2019-07-12 12:54:00,750 INFO  impl.RaftServerImpl (RaftServerImpl.java:setRole(171)) - 71a69e4f-4742-4387-afb8-7c95c2332a05:group-0F8CA3530A79 changes role from FOLLOWER to CANDIDATE at term 0 for changeToCandidate
2019-07-12 12:54:00,757 INFO  impl.RoleInfo (RoleInfo.java:updateAndGet(143)) - 71a69e4f-4742-4387-afb8-7c95c2332a05: start LeaderElection
2019-07-12 12:54:00,780 INFO  impl.LeaderElection (LeaderElection.java:askForVotes(181)) - 71a69e4f-4742-4387-afb8-7c95c2332a05:group-0F8CA3530A79:LeaderElection1: begin an election at term 1 for -1: [71a69e4f-4742-4387-afb8-7c95c2332a05:192.168.157.212:39730], old=null
2019-07-12 12:54:00,782 INFO  impl.RoleInfo (RoleInfo.java:shutdownLeaderElection(134)) - 71a69e4f-4742-4387-afb8-7c95c2332a05: shutdown LeaderElection
2019-07-12 12:54:00,782 INFO  impl.RaftServerImpl (RaftServerImpl.java:setRole(171)) - 71a69e4f-4742-4387-afb8-7c95c2332a05:group-0F8CA3530A79 changes role from CANDIDATE to LEADER at term 1 for changeToLeader
2019-07-12 12:54:00,782 INFO  impl.RaftServerImpl (ServerState.java:setLeader(263)) - 71a69e4f-4742-4387-afb8-7c95c2332a05:group-0F8CA3530A79 change Leader from null to 71a69e4f-4742-4387-afb8-7c95c2332a05 at term 1 for becomeLeader, leader elected after 5132ms
2019-07-12 12:54:00,792 INFO  server.RaftServerConfigKeys (ConfUtils.java:logGet(43)) - raft.server.staging.catchup.gap = 1000 (default)
2019-07-12 12:54:00,792 INFO  server.RaftServerConfigKeys (ConfUtils.java:logGet(43)) - raft.server.rpc.sleep.time = 25ms (default)
2019-07-12 12:54:00,796 INFO  server.RaftServerConfigKeys (ConfUtils.java:logGet(43)) - raft.server.write.element-limit = 4096 (default)
2019-07-12 12:54:00,799 INFO  server.RaftServerConfigKeys (ConfUtils.java:logGet(43)) - raft.server.watch.timeout = 10s (default)
2019-07-12 12:54:00,800 INFO  server.RaftServerConfigKeys (ConfUtils.java:logGet(43)) - raft.server.watch.timeout.denomination = 1s (default)
2019-07-12 12:54:00,801 INFO  server.RaftServerConfigKeys (ConfUtils.java:logGet(43)) - raft.server.watch.element-limit = 65536 (default)
2019-07-12 12:54:00,811 INFO  impl.RoleInfo (RoleInfo.java:updateAndGet(143)) - 71a69e4f-4742-4387-afb8-7c95c2332a05: start LeaderState
2019-07-12 12:54:00,838 INFO  segmented.SegmentedRaftLogWorker (SegmentedRaftLogWorker.java:startLogSegment(380)) - 71a69e4f-4742-4387-afb8-7c95c2332a05-SegmentedRaftLogWorker:Storage Directory /tmp/workdir/hadoop-ozone/integration-test/target/test-dir/MiniOzoneClusterImpl-3a70d5b3-47b5-47f2-a25b-0a2ae165259f/datanode-0/data/ratis/3c6604d3-8bfc-4b73-91da-0f8ca3530a79: Starting segment from index:0
2019-07-12 12:54:00,848 INFO  impl.RaftServerImpl (ServerState.java:setRaftConf(361)) - 71a69e4f-4742-4387-afb8-7c95c2332a05:group-0F8CA3530A79 set configuration 0: [71a69e4f-4742-4387-afb8-7c95c2332a05:192.168.157.212:39730], old=null at 0
2019-07-12 12:54:01,067 INFO  segmented.SegmentedRaftLogWorker (SegmentedRaftLogWorker.java:execute(569)) - 71a69e4f-4742-4387-afb8-7c95c2332a05-SegmentedRaftLogWorker:Storage Directory /tmp/workdir/hadoop-ozone/integration-test/target/test-dir/MiniOzoneClusterImpl-3a70d5b3-47b5-47f2-a25b-0a2ae165259f/datanode-0/data/ratis/3c6604d3-8bfc-4b73-91da-0f8ca3530a79: created new log segment /tmp/workdir/hadoop-ozone/integration-test/target/test-dir/MiniOzoneClusterImpl-3a70d5b3-47b5-47f2-a25b-0a2ae165259f/datanode-0/data/ratis/3c6604d3-8bfc-4b73-91da-0f8ca3530a79/current/log_inprogress_0
2019-07-12 12:54:01,071 INFO  impl.FollowerState (FollowerState.java:run(106)) - 05c98b3f-3a67-4690-8376-941456a6e695:group-A5C79AA25F46 changes to CANDIDATE, lastRpcTime:5092, electionTimeout:5090ms
2019-07-12 12:54:01,073 INFO  impl.RoleInfo (RoleInfo.java:shutdownFollowerState(121)) - 05c98b3f-3a67-4690-8376-941456a6e695: shutdown FollowerState
2019-07-12 12:54:01,073 INFO  impl.RaftServerImpl (RaftServerImpl.java:setRole(171)) - 05c98b3f-3a67-4690-8376-941456a6e695:group-A5C79AA25F46 changes role from FOLLOWER to CANDIDATE at term 0 for changeToCandidate
2019-07-12 12:54:01,074 INFO  impl.RoleInfo (RoleInfo.java:updateAndGet(143)) - 05c98b3f-3a67-4690-8376-941456a6e695: start LeaderElection
2019-07-12 12:54:01,093 INFO  impl.LeaderElection (LeaderElection.java:askForVotes(181)) - 05c98b3f-3a67-4690-8376-941456a6e695:group-A5C79AA25F46:LeaderElection2: begin an election at term 1 for -1: [05c98b3f-3a67-4690-8376-941456a6e695:192.168.157.212:42282], old=null
2019-07-12 12:54:01,097 INFO  impl.RoleInfo (RoleInfo.java:shutdownLeaderElection(134)) - 05c98b3f-3a67-4690-8376-941456a6e695: shutdown LeaderElection
2019-07-12 12:54:01,097 INFO  impl.RaftServerImpl (RaftServerImpl.java:setRole(171)) - 05c98b3f-3a67-4690-8376-941456a6e695:group-A5C79AA25F46 changes role from CANDIDATE to LEADER at term 1 for changeToLeader
2019-07-12 12:54:01,098 INFO  impl.RaftServerImpl (ServerState.java:setLeader(263)) - 05c98b3f-3a67-4690-8376-941456a6e695:group-A5C79AA25F46 change Leader from null to 05c98b3f-3a67-4690-8376-941456a6e695 at term 1 for becomeLeader, leader elected after 5126ms
2019-07-12 12:54:01,100 INFO  server.RaftServerConfigKeys (ConfUtils.java:logGet(43)) - raft.server.staging.catchup.gap = 1000 (default)
2019-07-12 12:54:01,100 INFO  server.RaftServerConfigKeys (ConfUtils.java:logGet(43)) - raft.server.rpc.sleep.time = 25ms (default)
2019-07-12 12:54:01,100 INFO  server.RaftServerConfigKeys (ConfUtils.java:logGet(43)) - raft.server.write.element-limit = 4096 (default)
2019-07-12 12:54:01,101 INFO  server.RaftServerConfigKeys (ConfUtils.java:logGet(43)) - raft.server.watch.timeout = 10s (default)
2019-07-12 12:54:01,101 INFO  server.RaftServerConfigKeys (ConfUtils.java:logGet(43)) - raft.server.watch.timeout.denomination = 1s (default)
2019-07-12 12:54:01,101 INFO  server.RaftServerConfigKeys (ConfUtils.java:logGet(43)) - raft.server.watch.element-limit = 65536 (default)
2019-07-12 12:54:01,103 INFO  impl.RoleInfo (RoleInfo.java:updateAndGet(143)) - 05c98b3f-3a67-4690-8376-941456a6e695: start LeaderState
2019-07-12 12:54:01,104 INFO  segmented.SegmentedRaftLogWorker (SegmentedRaftLogWorker.java:startLogSegment(380)) - 05c98b3f-3a67-4690-8376-941456a6e695-SegmentedRaftLogWorker:Storage Directory /tmp/workdir/hadoop-ozone/integration-test/target/test-dir/MiniOzoneClusterImpl-3a70d5b3-47b5-47f2-a25b-0a2ae165259f/datanode-5/data/ratis/e842ada5-e631-4939-89a7-a5c79aa25f46: Starting segment from index:0
2019-07-12 12:54:01,104 INFO  impl.RaftServerImpl (ServerState.java:setRaftConf(361)) - 05c98b3f-3a67-4690-8376-941456a6e695:group-A5C79AA25F46 set configuration 0: [05c98b3f-3a67-4690-8376-941456a6e695:192.168.157.212:42282], old=null at 0
2019-07-12 12:54:01,149 INFO  segmented.SegmentedRaftLogWorker (SegmentedRaftLogWorker.java:execute(569)) - 05c98b3f-3a67-4690-8376-941456a6e695-SegmentedRaftLogWorker:Storage Directory /tmp/workdir/hadoop-ozone/integration-test/target/test-dir/MiniOzoneClusterImpl-3a70d5b3-47b5-47f2-a25b-0a2ae165259f/datanode-5/data/ratis/e842ada5-e631-4939-89a7-a5c79aa25f46: created new log segment /tmp/workdir/hadoop-ozone/integration-test/target/test-dir/MiniOzoneClusterImpl-3a70d5b3-47b5-47f2-a25b-0a2ae165259f/datanode-5/data/ratis/e842ada5-e631-4939-89a7-a5c79aa25f46/current/log_inprogress_0
2019-07-12 12:54:01,249 INFO  impl.FollowerState (FollowerState.java:run(106)) - cb9a4759-2319-4aa9-87c5-0d950a5f6b2a:group-04793386A438 changes to CANDIDATE, lastRpcTime:5175, electionTimeout:5175ms
2019-07-12 12:54:01,249 INFO  impl.RoleInfo (RoleInfo.java:shutdownFollowerState(121)) - cb9a4759-2319-4aa9-87c5-0d950a5f6b2a: shutdown FollowerState
2019-07-12 12:54:01,249 INFO  impl.RaftServerImpl (RaftServerImpl.java:setRole(171)) - cb9a4759-2319-4aa9-87c5-0d950a5f6b2a:group-04793386A438 changes role from FOLLOWER to CANDIDATE at term 0 for changeToCandidate
2019-07-12 12:54:01,249 INFO  impl.RoleInfo (RoleInfo.java:updateAndGet(143)) - cb9a4759-2319-4aa9-87c5-0d950a5f6b2a: start LeaderElection
2019-07-12 12:54:01,266 INFO  impl.FollowerState (FollowerState.java:run(106)) - f1b780fe-ed32-4b3b-a7dd-bcb4436fa190:group-6AB3ABDF192D changes to CANDIDATE, lastRpcTime:5115, electionTimeout:5115ms
2019-07-12 12:54:01,268 INFO  impl.RoleInfo (RoleInfo.java:shutdownFollowerState(121)) - f1b780fe-ed32-4b3b-a7dd-bcb4436fa190: shutdown FollowerState
2019-07-12 12:54:01,268 INFO  impl.RaftServerImpl (RaftServerImpl.java:setRole(171)) - f1b780fe-ed32-4b3b-a7dd-bcb4436fa190:group-6AB3ABDF192D changes role from FOLLOWER to CANDIDATE at term 0 for changeToCandidate
2019-07-12 12:54:01,268 INFO  impl.RoleInfo (RoleInfo.java:updateAndGet(143)) - f1b780fe-ed32-4b3b-a7dd-bcb4436fa190: start LeaderElection
2019-07-12 12:54:01,275 INFO  impl.LeaderElection (LeaderElection.java:askForVotes(181)) - cb9a4759-2319-4aa9-87c5-0d950a5f6b2a:group-04793386A438:LeaderElection3: begin an election at term 1 for -1: [cb9a4759-2319-4aa9-87c5-0d950a5f6b2a:192.168.157.212:39794], old=null
2019-07-12 12:54:01,275 INFO  impl.RoleInfo (RoleInfo.java:shutdownLeaderElection(134)) - cb9a4759-2319-4aa9-87c5-0d950a5f6b2a: shutdown LeaderElection
2019-07-12 12:54:01,276 INFO  impl.RaftServerImpl (RaftServerImpl.java:setRole(171)) - cb9a4759-2319-4aa9-87c5-0d950a5f6b2a:group-04793386A438 changes role from CANDIDATE to LEADER at term 1 for changeToLeader
2019-07-12 12:54:01,276 INFO  impl.RaftServerImpl (ServerState.java:setLeader(263)) - cb9a4759-2319-4aa9-87c5-0d950a5f6b2a:group-04793386A438 change Leader from null to cb9a4759-2319-4aa9-87c5-0d950a5f6b2a at term 1 for becomeLeader, leader elected after 5208ms
2019-07-12 12:54:01,278 INFO  server.RaftServerConfigKeys (ConfUtils.java:logGet(43)) - raft.server.staging.catchup.gap = 1000 (default)
2019-07-12 12:54:01,278 INFO  impl.LeaderElection (LeaderElection.java:askForVotes(181)) - f1b780fe-ed32-4b3b-a7dd-bcb4436fa190:group-6AB3ABDF192D:LeaderElection4: begin an election at term 1 for -1: [f1b780fe-ed32-4b3b-a7dd-bcb4436fa190:192.168.157.212:39985], old=null
2019-07-12 12:54:01,278 INFO  server.RaftServerConfigKeys (ConfUtils.java:logGet(43)) - raft.server.rpc.sleep.time = 25ms (default)
2019-07-12 12:54:01,278 INFO  impl.RoleInfo (RoleInfo.java:shutdownLeaderElection(134)) - f1b780fe-ed32-4b3b-a7dd-bcb4436fa190: shutdown LeaderElection
2019-07-12 12:54:01,278 INFO  server.RaftServerConfigKeys (ConfUtils.java:logGet(43)) - raft.server.write.element-limit = 4096 (default)
2019-07-12 12:54:01,279 INFO  server.RaftServerConfigKeys (ConfUtils.java:logGet(43)) - raft.server.watch.timeout = 10s (default)
2019-07-12 12:54:01,279 INFO  impl.RaftServerImpl (RaftServerImpl.java:setRole(171)) - f1b780fe-ed32-4b3b-a7dd-bcb4436fa190:group-6AB3ABDF192D changes role from CANDIDATE to LEADER at term 1 for changeToLeader
2019-07-12 12:54:01,279 INFO  server.RaftServerConfigKeys (ConfUtils.java:logGet(43)) - raft.server.watch.timeout.denomination = 1s (default)
2019-07-12 12:54:01,279 INFO  impl.RaftServerImpl (ServerState.java:setLeader(263)) - f1b780fe-ed32-4b3b-a7dd-bcb4436fa190:group-6AB3ABDF192D change Leader from null to f1b780fe-ed32-4b3b-a7dd-bcb4436fa190 at term 1 for becomeLeader, leader elected after 5133ms
2019-07-12 12:54:01,279 INFO  server.RaftServerConfigKeys (ConfUtils.java:logGet(43)) - raft.server.watch.element-limit = 65536 (default)
2019-07-12 12:54:01,281 INFO  server.RaftServerConfigKeys (ConfUtils.java:logGet(43)) - raft.server.staging.catchup.gap = 1000 (default)
2019-07-12 12:54:01,282 INFO  server.RaftServerConfigKeys (ConfUtils.java:logGet(43)) - raft.server.rpc.sleep.time = 25ms (default)
2019-07-12 12:54:01,282 INFO  impl.RoleInfo (RoleInfo.java:updateAndGet(143)) - cb9a4759-2319-4aa9-87c5-0d950a5f6b2a: start LeaderState
2019-07-12 12:54:01,282 INFO  server.RaftServerConfigKeys (ConfUtils.java:logGet(43)) - raft.server.write.element-limit = 4096 (default)
2019-07-12 12:54:01,282 INFO  server.RaftServerConfigKeys (ConfUtils.java:logGet(43)) - raft.server.watch.timeout = 10s (default)
2019-07-12 12:54:01,282 INFO  segmented.SegmentedRaftLogWorker (SegmentedRaftLogWorker.java:startLogSegment(380)) - cb9a4759-2319-4aa9-87c5-0d950a5f6b2a-SegmentedRaftLogWorker:Storage Directory /tmp/workdir/hadoop-ozone/integration-test/target/test-dir/MiniOzoneClusterImpl-3a70d5b3-47b5-47f2-a25b-0a2ae165259f/datanode-1/data/ratis/266b9e82-4dec-4098-9984-04793386a438: Starting segment from index:0
2019-07-12 12:54:01,282 INFO  server.RaftServerConfigKeys (ConfUtils.java:logGet(43)) - raft.server.watch.timeout.denomination = 1s (default)
2019-07-12 12:54:01,283 INFO  server.RaftServerConfigKeys (ConfUtils.java:logGet(43)) - raft.server.watch.element-limit = 65536 (default)
2019-07-12 12:54:01,283 INFO  impl.RaftServerImpl (ServerState.java:setRaftConf(361)) - cb9a4759-2319-4aa9-87c5-0d950a5f6b2a:group-04793386A438 set configuration 0: [cb9a4759-2319-4aa9-87c5-0d950a5f6b2a:192.168.157.212:39794], old=null at 0
2019-07-12 12:54:01,283 INFO  impl.RoleInfo (RoleInfo.java:updateAndGet(143)) - f1b780fe-ed32-4b3b-a7dd-bcb4436fa190: start LeaderState
2019-07-12 12:54:01,303 INFO  impl.FollowerState (FollowerState.java:run(106)) - c6f740ed-0745-4563-a1bf-e72f2e5174bb:group-183B8F3C3D29 changes to CANDIDATE, lastRpcTime:5064, electionTimeout:5063ms
2019-07-12 12:54:01,304 INFO  impl.RoleInfo (RoleInfo.java:shutdownFollowerState(121)) - c6f740ed-0745-4563-a1bf-e72f2e5174bb: shutdown FollowerState
2019-07-12 12:54:01,304 INFO  segmented.SegmentedRaftLogWorker (SegmentedRaftLogWorker.java:startLogSegment(380)) - f1b780fe-ed32-4b3b-a7dd-bcb4436fa190-SegmentedRaftLogWorker:Storage Directory /tmp/workdir/hadoop-ozone/integration-test/target/test-dir/MiniOzoneClusterImpl-3a70d5b3-47b5-47f2-a25b-0a2ae165259f/datanode-4/data/ratis/156e9ad1-a258-46f9-90c9-6ab3abdf192d: Starting segment from index:0
2019-07-12 12:54:01,304 INFO  impl.RaftServerImpl (RaftServerImpl.java:setRole(171)) - c6f740ed-0745-4563-a1bf-e72f2e5174bb:group-183B8F3C3D29 changes role from FOLLOWER to CANDIDATE at term 0 for changeToCandidate
2019-07-12 12:54:01,304 INFO  impl.RoleInfo (RoleInfo.java:updateAndGet(143)) - c6f740ed-0745-4563-a1bf-e72f2e5174bb: start LeaderElection
2019-07-12 12:54:01,304 INFO  impl.RaftServerImpl (ServerState.java:setRaftConf(361)) - f1b780fe-ed32-4b3b-a7dd-bcb4436fa190:group-6AB3ABDF192D set configuration 0: [f1b780fe-ed32-4b3b-a7dd-bcb4436fa190:192.168.157.212:39985], old=null at 0
2019-07-12 12:54:01,328 INFO  segmented.SegmentedRaftLogWorker (SegmentedRaftLogWorker.java:execute(569)) - cb9a4759-2319-4aa9-87c5-0d950a5f6b2a-SegmentedRaftLogWorker:Storage Directory /tmp/workdir/hadoop-ozone/integration-test/target/test-dir/MiniOzoneClusterImpl-3a70d5b3-47b5-47f2-a25b-0a2ae165259f/datanode-1/data/ratis/266b9e82-4dec-4098-9984-04793386a438: created new log segment /tmp/workdir/hadoop-ozone/integration-test/target/test-dir/MiniOzoneClusterImpl-3a70d5b3-47b5-47f2-a25b-0a2ae165259f/datanode-1/data/ratis/266b9e82-4dec-4098-9984-04793386a438/current/log_inprogress_0
2019-07-12 12:54:01,330 INFO  segmented.SegmentedRaftLogWorker (SegmentedRaftLogWorker.java:execute(569)) - f1b780fe-ed32-4b3b-a7dd-bcb4436fa190-SegmentedRaftLogWorker:Storage Directory /tmp/workdir/hadoop-ozone/integration-test/target/test-dir/MiniOzoneClusterImpl-3a70d5b3-47b5-47f2-a25b-0a2ae165259f/datanode-4/data/ratis/156e9ad1-a258-46f9-90c9-6ab3abdf192d: created new log segment /tmp/workdir/hadoop-ozone/integration-test/target/test-dir/MiniOzoneClusterImpl-3a70d5b3-47b5-47f2-a25b-0a2ae165259f/datanode-4/data/ratis/156e9ad1-a258-46f9-90c9-6ab3abdf192d/current/log_inprogress_0
2019-07-12 12:54:01,333 INFO  impl.LeaderElection (LeaderElection.java:askForVotes(181)) - c6f740ed-0745-4563-a1bf-e72f2e5174bb:group-183B8F3C3D29:LeaderElection5: begin an election at term 1 for -1: [c6f740ed-0745-4563-a1bf-e72f2e5174bb:192.168.157.212:46790], old=null
2019-07-12 12:54:01,335 INFO  impl.RoleInfo (RoleInfo.java:shutdownLeaderElection(134)) - c6f740ed-0745-4563-a1bf-e72f2e5174bb: shutdown LeaderElection
2019-07-12 12:54:01,335 INFO  impl.RaftServerImpl (RaftServerImpl.java:setRole(171)) - c6f740ed-0745-4563-a1bf-e72f2e5174bb:group-183B8F3C3D29 changes role from CANDIDATE to LEADER at term 1 for changeToLeader
2019-07-12 12:54:01,335 INFO  impl.RaftServerImpl (ServerState.java:setLeader(263)) - c6f740ed-0745-4563-a1bf-e72f2e5174bb:group-183B8F3C3D29 change Leader from null to c6f740ed-0745-4563-a1bf-e72f2e5174bb at term 1 for becomeLeader, leader elected after 5100ms
2019-07-12 12:54:01,337 INFO  server.RaftServerConfigKeys (ConfUtils.java:logGet(43)) - raft.server.staging.catchup.gap = 1000 (default)
2019-07-12 12:54:01,338 INFO  server.RaftServerConfigKeys (ConfUtils.java:logGet(43)) - raft.server.rpc.sleep.time = 25ms (default)
2019-07-12 12:54:01,338 INFO  server.RaftServerConfigKeys (ConfUtils.java:logGet(43)) - raft.server.write.element-limit = 4096 (default)
2019-07-12 12:54:01,338 INFO  server.RaftServerConfigKeys (ConfUtils.java:logGet(43)) - raft.server.watch.timeout = 10s (default)
2019-07-12 12:54:01,338 INFO  server.RaftServerConfigKeys (ConfUtils.java:logGet(43)) - raft.server.watch.timeout.denomination = 1s (default)
2019-07-12 12:54:01,338 INFO  server.RaftServerConfigKeys (ConfUtils.java:logGet(43)) - raft.server.watch.element-limit = 65536 (default)
2019-07-12 12:54:01,339 INFO  impl.RoleInfo (RoleInfo.java:updateAndGet(143)) - c6f740ed-0745-4563-a1bf-e72f2e5174bb: start LeaderState
2019-07-12 12:54:01,339 INFO  segmented.SegmentedRaftLogWorker (SegmentedRaftLogWorker.java:startLogSegment(380)) - c6f740ed-0745-4563-a1bf-e72f2e5174bb-SegmentedRaftLogWorker:Storage Directory /tmp/workdir/hadoop-ozone/integration-test/target/test-dir/MiniOzoneClusterImpl-3a70d5b3-47b5-47f2-a25b-0a2ae165259f/datanode-3/data/ratis/d11804d4-7dbe-4107-aad0-183b8f3c3d29: Starting segment from index:0
2019-07-12 12:54:01,339 INFO  impl.RaftServerImpl (ServerState.java:setRaftConf(361)) - c6f740ed-0745-4563-a1bf-e72f2e5174bb:group-183B8F3C3D29 set configuration 0: [c6f740ed-0745-4563-a1bf-e72f2e5174bb:192.168.157.212:46790], old=null at 0
2019-07-12 12:54:01,358 INFO  impl.FollowerState (FollowerState.java:run(106)) - a1706a09-45f1-4990-9806-ff7cad89d822:group-260E2EA23BDF changes to CANDIDATE, lastRpcTime:5038, electionTimeout:5022ms
2019-07-12 12:54:01,360 INFO  impl.RoleInfo (RoleInfo.java:shutdownFollowerState(121)) - a1706a09-45f1-4990-9806-ff7cad89d822: shutdown FollowerState
2019-07-12 12:54:01,360 INFO  impl.RaftServerImpl (RaftServerImpl.java:setRole(171)) - a1706a09-45f1-4990-9806-ff7cad89d822:group-260E2EA23BDF changes role from FOLLOWER to CANDIDATE at term 0 for changeToCandidate
2019-07-12 12:54:01,360 INFO  impl.RoleInfo (RoleInfo.java:updateAndGet(143)) - a1706a09-45f1-4990-9806-ff7cad89d822: start LeaderElection
2019-07-12 12:54:01,373 INFO  segmented.SegmentedRaftLogWorker (SegmentedRaftLogWorker.java:execute(569)) - c6f740ed-0745-4563-a1bf-e72f2e5174bb-SegmentedRaftLogWorker:Storage Directory /tmp/workdir/hadoop-ozone/integration-test/target/test-dir/MiniOzoneClusterImpl-3a70d5b3-47b5-47f2-a25b-0a2ae165259f/datanode-3/data/ratis/d11804d4-7dbe-4107-aad0-183b8f3c3d29: created new log segment /tmp/workdir/hadoop-ozone/integration-test/target/test-dir/MiniOzoneClusterImpl-3a70d5b3-47b5-47f2-a25b-0a2ae165259f/datanode-3/data/ratis/d11804d4-7dbe-4107-aad0-183b8f3c3d29/current/log_inprogress_0
2019-07-12 12:54:01,373 INFO  impl.LeaderElection (LeaderElection.java:askForVotes(181)) - a1706a09-45f1-4990-9806-ff7cad89d822:group-260E2EA23BDF:LeaderElection6: begin an election at term 1 for -1: [a1706a09-45f1-4990-9806-ff7cad89d822:192.168.157.212:43468], old=null
2019-07-12 12:54:01,374 INFO  impl.RoleInfo (RoleInfo.java:shutdownLeaderElection(134)) - a1706a09-45f1-4990-9806-ff7cad89d822: shutdown LeaderElection
2019-07-12 12:54:01,374 INFO  client.GrpcClientProtocolClient (GrpcClientProtocolClient.java:onNext(255)) - client-AB45C6712348->05c98b3f-3a67-4690-8376-941456a6e695: receive RaftClientReply:client-AB45C6712348->05c98b3f-3a67-4690-8376-941456a6e695@group-18B826F74C29, cid=13, FAILED org.apache.ratis.protocol.NotLeaderException: Server 05c98b3f-3a67-4690-8376-941456a6e695 is not the leader (null). Request must be sent to leader., logIndex=0, commits[05c98b3f-3a67-4690-8376-941456a6e695:c-1]
2019-07-12 12:54:01,374 INFO  impl.RaftServerImpl (RaftServerImpl.java:setRole(171)) - a1706a09-45f1-4990-9806-ff7cad89d822:group-260E2EA23BDF changes role from CANDIDATE to LEADER at term 1 for changeToLeader
2019-07-12 12:54:01,386 INFO  impl.RaftServerImpl (ServerState.java:setLeader(263)) - a1706a09-45f1-4990-9806-ff7cad89d822:group-260E2EA23BDF change Leader from null to a1706a09-45f1-4990-9806-ff7cad89d822 at term 1 for becomeLeader, leader elected after 5072ms
2019-07-12 12:54:01,391 INFO  server.RaftServerConfigKeys (ConfUtils.java:logGet(43)) - raft.server.staging.catchup.gap = 1000 (default)
2019-07-12 12:54:01,391 INFO  server.RaftServerConfigKeys (ConfUtils.java:logGet(43)) - raft.server.rpc.sleep.time = 25ms (default)
2019-07-12 12:54:01,391 INFO  server.RaftServerConfigKeys (ConfUtils.java:logGet(43)) - raft.server.write.element-limit = 4096 (default)
2019-07-12 12:54:01,391 INFO  server.RaftServerConfigKeys (ConfUtils.java:logGet(43)) - raft.server.watch.timeout = 10s (default)
2019-07-12 12:54:01,391 INFO  server.RaftServerConfigKeys (ConfUtils.java:logGet(43)) - raft.server.watch.timeout.denomination = 1s (default)
2019-07-12 12:54:01,393 INFO  server.RaftServerConfigKeys (ConfUtils.java:logGet(43)) - raft.server.watch.element-limit = 65536 (default)
2019-07-12 12:54:01,394 INFO  impl.RoleInfo (RoleInfo.java:updateAndGet(143)) - a1706a09-45f1-4990-9806-ff7cad89d822: start LeaderState
2019-07-12 12:54:01,394 INFO  segmented.SegmentedRaftLogWorker (SegmentedRaftLogWorker.java:startLogSegment(380)) - a1706a09-45f1-4990-9806-ff7cad89d822-SegmentedRaftLogWorker:Storage Directory /tmp/workdir/hadoop-ozone/integration-test/target/test-dir/MiniOzoneClusterImpl-3a70d5b3-47b5-47f2-a25b-0a2ae165259f/datanode-6/data/ratis/9f308866-27c8-42df-b362-260e2ea23bdf: Starting segment from index:0
2019-07-12 12:54:01,397 INFO  impl.RaftServerImpl (ServerState.java:setRaftConf(361)) - a1706a09-45f1-4990-9806-ff7cad89d822:group-260E2EA23BDF set configuration 0: [a1706a09-45f1-4990-9806-ff7cad89d822:192.168.157.212:43468], old=null at 0
2019-07-12 12:54:01,442 INFO  segmented.SegmentedRaftLogWorker (SegmentedRaftLogWorker.java:execute(569)) - a1706a09-45f1-4990-9806-ff7cad89d822-SegmentedRaftLogWorker:Storage Directory /tmp/workdir/hadoop-ozone/integration-test/target/test-dir/MiniOzoneClusterImpl-3a70d5b3-47b5-47f2-a25b-0a2ae165259f/datanode-6/data/ratis/9f308866-27c8-42df-b362-260e2ea23bdf: created new log segment /tmp/workdir/hadoop-ozone/integration-test/target/test-dir/MiniOzoneClusterImpl-3a70d5b3-47b5-47f2-a25b-0a2ae165259f/datanode-6/data/ratis/9f308866-27c8-42df-b362-260e2ea23bdf/current/log_inprogress_0
2019-07-12 12:54:01,454 INFO  impl.FollowerState (FollowerState.java:run(106)) - 99474c79-44d7-4ef4-a691-a274cd98783b:group-DEA8B51CF0DC changes to CANDIDATE, lastRpcTime:5057, electionTimeout:5057ms
2019-07-12 12:54:01,454 INFO  impl.RoleInfo (RoleInfo.java:shutdownFollowerState(121)) - 99474c79-44d7-4ef4-a691-a274cd98783b: shutdown FollowerState
2019-07-12 12:54:01,455 INFO  impl.RaftServerImpl (RaftServerImpl.java:setRole(171)) - 99474c79-44d7-4ef4-a691-a274cd98783b:group-DEA8B51CF0DC changes role from FOLLOWER to CANDIDATE at term 0 for changeToCandidate
2019-07-12 12:54:01,455 INFO  impl.RoleInfo (RoleInfo.java:updateAndGet(143)) - 99474c79-44d7-4ef4-a691-a274cd98783b: start LeaderElection
2019-07-12 12:54:01,475 INFO  impl.LeaderElection (LeaderElection.java:askForVotes(181)) - 99474c79-44d7-4ef4-a691-a274cd98783b:group-DEA8B51CF0DC:LeaderElection7: begin an election at term 1 for -1: [99474c79-44d7-4ef4-a691-a274cd98783b:192.168.157.212:35012], old=null
2019-07-12 12:54:01,477 INFO  impl.RoleInfo (RoleInfo.java:shutdownLeaderElection(134)) - 99474c79-44d7-4ef4-a691-a274cd98783b: shutdown LeaderElection
2019-07-12 12:54:01,477 INFO  impl.RaftServerImpl (RaftServerImpl.java:setRole(171)) - 99474c79-44d7-4ef4-a691-a274cd98783b:group-DEA8B51CF0DC changes role from CANDIDATE to LEADER at term 1 for changeToLeader
2019-07-12 12:54:01,477 INFO  impl.RaftServerImpl (ServerState.java:setLeader(263)) - 99474c79-44d7-4ef4-a691-a274cd98783b:group-DEA8B51CF0DC change Leader from null to 99474c79-44d7-4ef4-a691-a274cd98783b at term 1 for becomeLeader, leader elected after 5086ms
2019-07-12 12:54:01,480 INFO  server.RaftServerConfigKeys (ConfUtils.java:logGet(43)) - raft.server.staging.catchup.gap = 1000 (default)
2019-07-12 12:54:01,480 INFO  server.RaftServerConfigKeys (ConfUtils.java:logGet(43)) - raft.server.rpc.sleep.time = 25ms (default)
2019-07-12 12:54:01,480 INFO  server.RaftServerConfigKeys (ConfUtils.java:logGet(43)) - raft.server.write.element-limit = 4096 (default)
2019-07-12 12:54:01,480 INFO  server.RaftServerConfigKeys (ConfUtils.java:logGet(43)) - raft.server.watch.timeout = 10s (default)
2019-07-12 12:54:01,481 INFO  server.RaftServerConfigKeys (ConfUtils.java:logGet(43)) - raft.server.watch.timeout.denomination = 1s (default)
2019-07-12 12:54:01,481 INFO  server.RaftServerConfigKeys (ConfUtils.java:logGet(43)) - raft.server.watch.element-limit = 65536 (default)
2019-07-12 12:54:01,481 INFO  impl.RoleInfo (RoleInfo.java:updateAndGet(143)) - 99474c79-44d7-4ef4-a691-a274cd98783b: start LeaderState
2019-07-12 12:54:01,482 INFO  segmented.SegmentedRaftLogWorker (SegmentedRaftLogWorker.java:startLogSegment(380)) - 99474c79-44d7-4ef4-a691-a274cd98783b-SegmentedRaftLogWorker:Storage Directory /tmp/workdir/hadoop-ozone/integration-test/target/test-dir/MiniOzoneClusterImpl-3a70d5b3-47b5-47f2-a25b-0a2ae165259f/datanode-2/data/ratis/67e321cd-c658-4e9d-a1fd-dea8b51cf0dc: Starting segment from index:0
2019-07-12 12:54:01,482 INFO  impl.RaftServerImpl (ServerState.java:setRaftConf(361)) - 99474c79-44d7-4ef4-a691-a274cd98783b:group-DEA8B51CF0DC set configuration 0: [99474c79-44d7-4ef4-a691-a274cd98783b:192.168.157.212:35012], old=null at 0
2019-07-12 12:54:01,525 INFO  segmented.SegmentedRaftLogWorker (SegmentedRaftLogWorker.java:execute(569)) - 99474c79-44d7-4ef4-a691-a274cd98783b-SegmentedRaftLogWorker:Storage Directory /tmp/workdir/hadoop-ozone/integration-test/target/test-dir/MiniOzoneClusterImpl-3a70d5b3-47b5-47f2-a25b-0a2ae165259f/datanode-2/data/ratis/67e321cd-c658-4e9d-a1fd-dea8b51cf0dc: created new log segment /tmp/workdir/hadoop-ozone/integration-test/target/test-dir/MiniOzoneClusterImpl-3a70d5b3-47b5-47f2-a25b-0a2ae165259f/datanode-2/data/ratis/67e321cd-c658-4e9d-a1fd-dea8b51cf0dc/current/log_inprogress_0
2019-07-12 12:54:01,549 INFO  impl.FollowerState (FollowerState.java:run(106)) - 05c98b3f-3a67-4690-8376-941456a6e695:group-18B826F74C29 changes to CANDIDATE, lastRpcTime:5021, electionTimeout:5019ms
2019-07-12 12:54:01,549 INFO  impl.RoleInfo (RoleInfo.java:shutdownFollowerState(121)) - 05c98b3f-3a67-4690-8376-941456a6e695: shutdown FollowerState
2019-07-12 12:54:01,549 INFO  impl.RaftServerImpl (RaftServerImpl.java:setRole(171)) - 05c98b3f-3a67-4690-8376-941456a6e695:group-18B826F74C29 changes role from FOLLOWER to CANDIDATE at term 0 for changeToCandidate
2019-07-12 12:54:01,549 INFO  impl.RoleInfo (RoleInfo.java:updateAndGet(143)) - 05c98b3f-3a67-4690-8376-941456a6e695: start LeaderElection
2019-07-12 12:54:01,565 INFO  impl.LeaderElection (LeaderElection.java:askForVotes(181)) - 05c98b3f-3a67-4690-8376-941456a6e695:group-18B826F74C29:LeaderElection8: begin an election at term 1 for -1: [05c98b3f-3a67-4690-8376-941456a6e695:192.168.157.212:42282, cb9a4759-2319-4aa9-87c5-0d950a5f6b2a:192.168.157.212:39794, f1b780fe-ed32-4b3b-a7dd-bcb4436fa190:192.168.157.212:39985], old=null
2019-07-12 12:54:01,595 INFO  impl.RaftServerImpl (RaftServerImpl.java:setRole(171)) - cb9a4759-2319-4aa9-87c5-0d950a5f6b2a:group-18B826F74C29 changes role from FOLLOWER to FOLLOWER at term 1 for recognizeCandidate:05c98b3f-3a67-4690-8376-941456a6e695
2019-07-12 12:54:01,595 INFO  impl.RaftServerImpl (RaftServerImpl.java:setRole(171)) - f1b780fe-ed32-4b3b-a7dd-bcb4436fa190:group-18B826F74C29 changes role from FOLLOWER to FOLLOWER at term 1 for recognizeCandidate:05c98b3f-3a67-4690-8376-941456a6e695
2019-07-12 12:54:01,595 INFO  impl.RoleInfo (RoleInfo.java:shutdownFollowerState(121)) - cb9a4759-2319-4aa9-87c5-0d950a5f6b2a: shutdown FollowerState
2019-07-12 12:54:01,595 INFO  impl.RoleInfo (RoleInfo.java:shutdownFollowerState(121)) - f1b780fe-ed32-4b3b-a7dd-bcb4436fa190: shutdown FollowerState
2019-07-12 12:54:01,595 INFO  impl.RoleInfo (RoleInfo.java:updateAndGet(143)) - cb9a4759-2319-4aa9-87c5-0d950a5f6b2a: start FollowerState
2019-07-12 12:54:01,596 INFO  impl.FollowerState (FollowerState.java:run(114)) - f1b780fe-ed32-4b3b-a7dd-bcb4436fa190: FollowerState was interrupted: java.lang.InterruptedException: sleep interrupted
2019-07-12 12:54:01,596 INFO  impl.RoleInfo (RoleInfo.java:updateAndGet(143)) - f1b780fe-ed32-4b3b-a7dd-bcb4436fa190: start FollowerState
2019-07-12 12:54:01,596 INFO  impl.FollowerState (FollowerState.java:run(114)) - cb9a4759-2319-4aa9-87c5-0d950a5f6b2a: FollowerState was interrupted: java.lang.InterruptedException: sleep interrupted
2019-07-12 12:54:01,629 INFO  impl.LeaderElection (LeaderElection.java:logAndReturn(56)) - 05c98b3f-3a67-4690-8376-941456a6e695:group-18B826F74C29:LeaderElection8: Election PASSED; received 1 response(s) [05c98b3f-3a67-4690-8376-941456a6e695<-cb9a4759-2319-4aa9-87c5-0d950a5f6b2a#0:OK-t1] and 0 exception(s); 05c98b3f-3a67-4690-8376-941456a6e695:t1, leader=null, voted=05c98b3f-3a67-4690-8376-941456a6e695, raftlog=05c98b3f-3a67-4690-8376-941456a6e695-SegmentedRaftLog:OPENED:c-1,f-1,i0, conf=-1: [05c98b3f-3a67-4690-8376-941456a6e695:192.168.157.212:42282, cb9a4759-2319-4aa9-87c5-0d950a5f6b2a:192.168.157.212:39794, f1b780fe-ed32-4b3b-a7dd-bcb4436fa190:192.168.157.212:39985], old=null
2019-07-12 12:54:01,629 INFO  impl.RoleInfo (RoleInfo.java:shutdownLeaderElection(134)) - 05c98b3f-3a67-4690-8376-941456a6e695: shutdown LeaderElection
2019-07-12 12:54:01,629 INFO  impl.RaftServerImpl (RaftServerImpl.java:setRole(171)) - 05c98b3f-3a67-4690-8376-941456a6e695:group-18B826F74C29 changes role from CANDIDATE to LEADER at term 1 for changeToLeader
2019-07-12 12:54:01,631 INFO  impl.RaftServerImpl (ServerState.java:setLeader(263)) - 05c98b3f-3a67-4690-8376-941456a6e695:group-18B826F74C29 change Leader from null to 05c98b3f-3a67-4690-8376-941456a6e695 at term 1 for becomeLeader, leader elected after 5123ms
2019-07-12 12:54:01,633 INFO  server.RaftServerConfigKeys (ConfUtils.java:logGet(43)) - raft.server.staging.catchup.gap = 1000 (default)
2019-07-12 12:54:01,633 INFO  server.RaftServerConfigKeys (ConfUtils.java:logGet(43)) - raft.server.rpc.sleep.time = 25ms (default)
2019-07-12 12:54:01,634 INFO  server.RaftServerConfigKeys (ConfUtils.java:logGet(43)) - raft.server.write.element-limit = 4096 (default)
2019-07-12 12:54:01,634 INFO  server.RaftServerConfigKeys (ConfUtils.java:logGet(43)) - raft.server.watch.timeout = 10s (default)
2019-07-12 12:54:01,634 INFO  server.RaftServerConfigKeys (ConfUtils.java:logGet(43)) - raft.server.watch.timeout.denomination = 1s (default)
2019-07-12 12:54:01,634 INFO  server.RaftServerConfigKeys (ConfUtils.java:logGet(43)) - raft.server.watch.element-limit = 65536 (default)
2019-07-12 12:54:01,637 INFO  server.RaftServerConfigKeys (ConfUtils.java:logGet(43)) - raft.server.log.appender.snapshot.chunk.size.max = 16MB (=16777216) (default)
2019-07-12 12:54:01,638 INFO  server.RaftServerConfigKeys (ConfUtils.java:logGet(43)) - raft.server.log.appender.buffer.byte-limit = 33554432 (custom)
2019-07-12 12:54:01,638 INFO  server.RaftServerConfigKeys (ConfUtils.java:logGet(43)) - raft.server.log.appender.buffer.element-limit = 1 (custom)
2019-07-12 12:54:01,642 INFO  grpc.GrpcConfigKeys$Server (ConfUtils.java:logGet(43)) - raft.grpc.server.leader.outstanding.appends.max = 128 (default)
2019-07-12 12:54:01,644 INFO  server.RaftServerConfigKeys (ConfUtils.java:logGet(43)) - raft.server.rpc.request.timeout = 3000ms (default)
2019-07-12 12:54:01,644 INFO  server.RaftServerConfigKeys (ConfUtils.java:logGet(43)) - raft.server.log.appender.install.snapshot.enabled = false (custom)
2019-07-12 12:54:01,645 INFO  server.RaftServerConfigKeys (ConfUtils.java:logGet(43)) - raft.server.log.appender.snapshot.chunk.size.max = 16MB (=16777216) (default)
2019-07-12 12:54:01,645 INFO  server.RaftServerConfigKeys (ConfUtils.java:logGet(43)) - raft.server.log.appender.buffer.byte-limit = 33554432 (custom)
2019-07-12 12:54:01,645 INFO  server.RaftServerConfigKeys (ConfUtils.java:logGet(43)) - raft.server.log.appender.buffer.element-limit = 1 (custom)
2019-07-12 12:54:01,645 INFO  grpc.GrpcConfigKeys$Server (ConfUtils.java:logGet(43)) - raft.grpc.server.leader.outstanding.appends.max = 128 (default)
2019-07-12 12:54:01,646 INFO  server.RaftServerConfigKeys (ConfUtils.java:logGet(43)) - raft.server.rpc.request.timeout = 3000ms (default)
2019-07-12 12:54:01,646 INFO  server.RaftServerConfigKeys (ConfUtils.java:logGet(43)) - raft.server.log.appender.install.snapshot.enabled = false (custom)
2019-07-12 12:54:01,647 INFO  impl.RoleInfo (RoleInfo.java:updateAndGet(143)) - 05c98b3f-3a67-4690-8376-941456a6e695: start LeaderState
2019-07-12 12:54:01,648 INFO  segmented.SegmentedRaftLogWorker (SegmentedRaftLogWorker.java:startLogSegment(380)) - 05c98b3f-3a67-4690-8376-941456a6e695-SegmentedRaftLogWorker:Storage Directory /tmp/workdir/hadoop-ozone/integration-test/target/test-dir/MiniOzoneClusterImpl-3a70d5b3-47b5-47f2-a25b-0a2ae165259f/datanode-5/data/ratis/e34c94ac-0c16-47cf-bf45-18b826f74c29: Starting segment from index:0
2019-07-12 12:54:01,649 INFO  impl.RaftServerImpl (ServerState.java:setRaftConf(361)) - 05c98b3f-3a67-4690-8376-941456a6e695:group-18B826F74C29 set configuration 0: [05c98b3f-3a67-4690-8376-941456a6e695:192.168.157.212:42282, cb9a4759-2319-4aa9-87c5-0d950a5f6b2a:192.168.157.212:39794, f1b780fe-ed32-4b3b-a7dd-bcb4436fa190:192.168.157.212:39985], old=null at 0
2019-07-12 12:54:01,681 INFO  segmented.SegmentedRaftLogWorker (SegmentedRaftLogWorker.java:execute(569)) - 05c98b3f-3a67-4690-8376-941456a6e695-SegmentedRaftLogWorker:Storage Directory /tmp/workdir/hadoop-ozone/integration-test/target/test-dir/MiniOzoneClusterImpl-3a70d5b3-47b5-47f2-a25b-0a2ae165259f/datanode-5/data/ratis/e34c94ac-0c16-47cf-bf45-18b826f74c29: created new log segment /tmp/workdir/hadoop-ozone/integration-test/target/test-dir/MiniOzoneClusterImpl-3a70d5b3-47b5-47f2-a25b-0a2ae165259f/datanode-5/data/ratis/e34c94ac-0c16-47cf-bf45-18b826f74c29/current/log_inprogress_0
2019-07-12 12:54:01,693 INFO  impl.RaftServerImpl (ServerState.java:setLeader(263)) - cb9a4759-2319-4aa9-87c5-0d950a5f6b2a:group-18B826F74C29 change Leader from null to 05c98b3f-3a67-4690-8376-941456a6e695 at term 1 for appendEntries, leader elected after 5185ms
2019-07-12 12:54:01,693 INFO  impl.RaftServerImpl (ServerState.java:setLeader(263)) - f1b780fe-ed32-4b3b-a7dd-bcb4436fa190:group-18B826F74C29 change Leader from null to 05c98b3f-3a67-4690-8376-941456a6e695 at term 1 for appendEntries, leader elected after 5184ms
2019-07-12 12:54:01,726 INFO  impl.FollowerState (FollowerState.java:run(106)) - c6f740ed-0745-4563-a1bf-e72f2e5174bb:group-CC1EAD29BA99 changes to CANDIDATE, lastRpcTime:5048, electionTimeout:5047ms
2019-07-12 12:54:01,728 INFO  impl.RoleInfo (RoleInfo.java:shutdownFollowerState(121)) - c6f740ed-0745-4563-a1bf-e72f2e5174bb: shutdown FollowerState
2019-07-12 12:54:01,728 INFO  impl.RaftServerImpl (RaftServerImpl.java:setRole(171)) - c6f740ed-0745-4563-a1bf-e72f2e5174bb:group-CC1EAD29BA99 changes role from FOLLOWER to CANDIDATE at term 0 for changeToCandidate
2019-07-12 12:54:01,728 INFO  impl.RoleInfo (RoleInfo.java:updateAndGet(143)) - c6f740ed-0745-4563-a1bf-e72f2e5174bb: start LeaderElection
2019-07-12 12:54:01,745 INFO  impl.RaftServerImpl (ServerState.java:setRaftConf(361)) - cb9a4759-2319-4aa9-87c5-0d950a5f6b2a:group-18B826F74C29 set configuration 0: [05c98b3f-3a67-4690-8376-941456a6e695:192.168.157.212:42282, cb9a4759-2319-4aa9-87c5-0d950a5f6b2a:192.168.157.212:39794, f1b780fe-ed32-4b3b-a7dd-bcb4436fa190:192.168.157.212:39985], old=null at 0
2019-07-12 12:54:01,746 INFO  impl.RaftServerImpl (ServerState.java:setRaftConf(361)) - f1b780fe-ed32-4b3b-a7dd-bcb4436fa190:group-18B826F74C29 set configuration 0: [05c98b3f-3a67-4690-8376-941456a6e695:192.168.157.212:42282, cb9a4759-2319-4aa9-87c5-0d950a5f6b2a:192.168.157.212:39794, f1b780fe-ed32-4b3b-a7dd-bcb4436fa190:192.168.157.212:39985], old=null at 0
2019-07-12 12:54:01,746 INFO  segmented.SegmentedRaftLogWorker (SegmentedRaftLogWorker.java:startLogSegment(380)) - cb9a4759-2319-4aa9-87c5-0d950a5f6b2a-SegmentedRaftLogWorker:Storage Directory /tmp/workdir/hadoop-ozone/integration-test/target/test-dir/MiniOzoneClusterImpl-3a70d5b3-47b5-47f2-a25b-0a2ae165259f/datanode-1/data/ratis/e34c94ac-0c16-47cf-bf45-18b826f74c29: Starting segment from index:0
2019-07-12 12:54:01,746 INFO  segmented.SegmentedRaftLogWorker (SegmentedRaftLogWorker.java:startLogSegment(380)) - f1b780fe-ed32-4b3b-a7dd-bcb4436fa190-SegmentedRaftLogWorker:Storage Directory /tmp/workdir/hadoop-ozone/integration-test/target/test-dir/MiniOzoneClusterImpl-3a70d5b3-47b5-47f2-a25b-0a2ae165259f/datanode-4/data/ratis/e34c94ac-0c16-47cf-bf45-18b826f74c29: Starting segment from index:0
2019-07-12 12:54:01,747 INFO  impl.LeaderElection (LeaderElection.java:askForVotes(181)) - c6f740ed-0745-4563-a1bf-e72f2e5174bb:group-CC1EAD29BA99:LeaderElection9: begin an election at term 1 for -1: [a1706a09-45f1-4990-9806-ff7cad89d822:192.168.157.212:43468, 71a69e4f-4742-4387-afb8-7c95c2332a05:192.168.157.212:39730, c6f740ed-0745-4563-a1bf-e72f2e5174bb:192.168.157.212:46790], old=null
2019-07-12 12:54:01,788 INFO  segmented.SegmentedRaftLogWorker (SegmentedRaftLogWorker.java:execute(569)) - cb9a4759-2319-4aa9-87c5-0d950a5f6b2a-SegmentedRaftLogWorker:Storage Directory /tmp/workdir/hadoop-ozone/integration-test/target/test-dir/MiniOzoneClusterImpl-3a70d5b3-47b5-47f2-a25b-0a2ae165259f/datanode-1/data/ratis/e34c94ac-0c16-47cf-bf45-18b826f74c29: created new log segment /tmp/workdir/hadoop-ozone/integration-test/target/test-dir/MiniOzoneClusterImpl-3a70d5b3-47b5-47f2-a25b-0a2ae165259f/datanode-1/data/ratis/e34c94ac-0c16-47cf-bf45-18b826f74c29/current/log_inprogress_0
2019-07-12 12:54:01,788 INFO  segmented.SegmentedRaftLogWorker (SegmentedRaftLogWorker.java:execute(569)) - f1b780fe-ed32-4b3b-a7dd-bcb4436fa190-SegmentedRaftLogWorker:Storage Directory /tmp/workdir/hadoop-ozone/integration-test/target/test-dir/MiniOzoneClusterImpl-3a70d5b3-47b5-47f2-a25b-0a2ae165259f/datanode-4/data/ratis/e34c94ac-0c16-47cf-bf45-18b826f74c29: created new log segment /tmp/workdir/hadoop-ozone/integration-test/target/test-dir/MiniOzoneClusterImpl-3a70d5b3-47b5-47f2-a25b-0a2ae165259f/datanode-4/data/ratis/e34c94ac-0c16-47cf-bf45-18b826f74c29/current/log_inprogress_0
2019-07-12 12:54:01,790 INFO  impl.RaftServerImpl (RaftServerImpl.java:setRole(171)) - a1706a09-45f1-4990-9806-ff7cad89d822:group-CC1EAD29BA99 changes role from FOLLOWER to FOLLOWER at term 1 for recognizeCandidate:c6f740ed-0745-4563-a1bf-e72f2e5174bb
2019-07-12 12:54:01,792 INFO  impl.RaftServerImpl (RaftServerImpl.java:setRole(171)) - 71a69e4f-4742-4387-afb8-7c95c2332a05:group-CC1EAD29BA99 changes role from FOLLOWER to FOLLOWER at term 1 for recognizeCandidate:c6f740ed-0745-4563-a1bf-e72f2e5174bb
2019-07-12 12:54:01,793 INFO  impl.RoleInfo (RoleInfo.java:shutdownFollowerState(121)) - a1706a09-45f1-4990-9806-ff7cad89d822: shutdown FollowerState
2019-07-12 12:54:01,794 INFO  impl.RoleInfo (RoleInfo.java:shutdownFollowerState(121)) - 71a69e4f-4742-4387-afb8-7c95c2332a05: shutdown FollowerState
2019-07-12 12:54:01,794 INFO  impl.FollowerState (FollowerState.java:run(114)) - a1706a09-45f1-4990-9806-ff7cad89d822: FollowerState was interrupted: java.lang.InterruptedException: sleep interrupted
2019-07-12 12:54:01,794 INFO  impl.RoleInfo (RoleInfo.java:updateAndGet(143)) - a1706a09-45f1-4990-9806-ff7cad89d822: start FollowerState
2019-07-12 12:54:01,794 INFO  impl.RoleInfo (RoleInfo.java:updateAndGet(143)) - 71a69e4f-4742-4387-afb8-7c95c2332a05: start FollowerState
2019-07-12 12:54:01,794 INFO  impl.FollowerState (FollowerState.java:run(114)) - 71a69e4f-4742-4387-afb8-7c95c2332a05: FollowerState was interrupted: java.lang.InterruptedException: sleep interrupted
2019-07-12 12:54:01,813 INFO  impl.LeaderElection (LeaderElection.java:logAndReturn(56)) - c6f740ed-0745-4563-a1bf-e72f2e5174bb:group-CC1EAD29BA99:LeaderElection9: Election PASSED; received 1 response(s) [c6f740ed-0745-4563-a1bf-e72f2e5174bb<-a1706a09-45f1-4990-9806-ff7cad89d822#0:OK-t1] and 0 exception(s); c6f740ed-0745-4563-a1bf-e72f2e5174bb:t1, leader=null, voted=c6f740ed-0745-4563-a1bf-e72f2e5174bb, raftlog=c6f740ed-0745-4563-a1bf-e72f2e5174bb-SegmentedRaftLog:OPENED:c-1,f-1,i0, conf=-1: [a1706a09-45f1-4990-9806-ff7cad89d822:192.168.157.212:43468, 71a69e4f-4742-4387-afb8-7c95c2332a05:192.168.157.212:39730, c6f740ed-0745-4563-a1bf-e72f2e5174bb:192.168.157.212:46790], old=null
2019-07-12 12:54:01,813 INFO  impl.RoleInfo (RoleInfo.java:shutdownLeaderElection(134)) - c6f740ed-0745-4563-a1bf-e72f2e5174bb: shutdown LeaderElection
2019-07-12 12:54:01,815 INFO  impl.RaftServerImpl (RaftServerImpl.java:setRole(171)) - c6f740ed-0745-4563-a1bf-e72f2e5174bb:group-CC1EAD29BA99 changes role from CANDIDATE to LEADER at term 1 for changeToLeader
2019-07-12 12:54:01,815 INFO  impl.RaftServerImpl (ServerState.java:setLeader(263)) - c6f740ed-0745-4563-a1bf-e72f2e5174bb:group-CC1EAD29BA99 change Leader from null to c6f740ed-0745-4563-a1bf-e72f2e5174bb at term 1 for becomeLeader, leader elected after 5154ms
2019-07-12 12:54:01,815 INFO  server.RaftServerConfigKeys (ConfUtils.java:logGet(43)) - raft.server.staging.catchup.gap = 1000 (default)
2019-07-12 12:54:01,815 INFO  server.RaftServerConfigKeys (ConfUtils.java:logGet(43)) - raft.server.rpc.sleep.time = 25ms (default)
2019-07-12 12:54:01,815 INFO  server.RaftServerConfigKeys (ConfUtils.java:logGet(43)) - raft.server.write.element-limit = 4096 (default)
2019-07-12 12:54:01,816 INFO  server.RaftServerConfigKeys (ConfUtils.java:logGet(43)) - raft.server.watch.timeout = 10s (default)
2019-07-12 12:54:01,816 INFO  server.RaftServerConfigKeys (ConfUtils.java:logGet(43)) - raft.server.watch.timeout.denomination = 1s (default)
2019-07-12 12:54:01,816 INFO  server.RaftServerConfigKeys (ConfUtils.java:logGet(43)) - raft.server.watch.element-limit = 65536 (default)
2019-07-12 12:54:01,816 INFO  server.RaftServerConfigKeys (ConfUtils.java:logGet(43)) - raft.server.log.appender.snapshot.chunk.size.max = 16MB (=16777216) (default)
2019-07-12 12:54:01,816 INFO  server.RaftServerConfigKeys (ConfUtils.java:logGet(43)) - raft.server.log.appender.buffer.byte-limit = 33554432 (custom)
2019-07-12 12:54:01,817 INFO  server.RaftServerConfigKeys (ConfUtils.java:logGet(43)) - raft.server.log.appender.buffer.element-limit = 1 (custom)
2019-07-12 12:54:01,817 INFO  grpc.GrpcConfigKeys$Server (ConfUtils.java:logGet(43)) - raft.grpc.server.leader.outstanding.appends.max = 128 (default)
2019-07-12 12:54:01,817 INFO  server.RaftServerConfigKeys (ConfUtils.java:logGet(43)) - raft.server.rpc.request.timeout = 3000ms (default)
2019-07-12 12:54:01,817 INFO  server.RaftServerConfigKeys (ConfUtils.java:logGet(43)) - raft.server.log.appender.install.snapshot.enabled = false (custom)
2019-07-12 12:54:01,817 INFO  server.RaftServerConfigKeys (ConfUtils.java:logGet(43)) - raft.server.log.appender.snapshot.chunk.size.max = 16MB (=16777216) (default)
2019-07-12 12:54:01,817 INFO  server.RaftServerConfigKeys (ConfUtils.java:logGet(43)) - raft.server.log.appender.buffer.byte-limit = 33554432 (custom)
2019-07-12 12:54:01,818 INFO  server.RaftServerConfigKeys (ConfUtils.java:logGet(43)) - raft.server.log.appender.buffer.element-limit = 1 (custom)
2019-07-12 12:54:01,818 INFO  grpc.GrpcConfigKeys$Server (ConfUtils.java:logGet(43)) - raft.grpc.server.leader.outstanding.appends.max = 128 (default)
2019-07-12 12:54:01,818 INFO  server.RaftServerConfigKeys (ConfUtils.java:logGet(43)) - raft.server.rpc.request.timeout = 3000ms (default)
2019-07-12 12:54:01,818 INFO  server.RaftServerConfigKeys (ConfUtils.java:logGet(43)) - raft.server.log.appender.install.snapshot.enabled = false (custom)
2019-07-12 12:54:01,818 INFO  impl.RoleInfo (RoleInfo.java:updateAndGet(143)) - c6f740ed-0745-4563-a1bf-e72f2e5174bb: start LeaderState
2019-07-12 12:54:01,819 INFO  segmented.SegmentedRaftLogWorker (SegmentedRaftLogWorker.java:startLogSegment(380)) - c6f740ed-0745-4563-a1bf-e72f2e5174bb-SegmentedRaftLogWorker:Storage Directory /tmp/workdir/hadoop-ozone/integration-test/target/test-dir/MiniOzoneClusterImpl-3a70d5b3-47b5-47f2-a25b-0a2ae165259f/datanode-3/data/ratis/8e3dd2f3-2e4c-48e0-b53c-cc1ead29ba99: Starting segment from index:0
2019-07-12 12:54:01,819 INFO  impl.RaftServerImpl (ServerState.java:setRaftConf(361)) - c6f740ed-0745-4563-a1bf-e72f2e5174bb:group-CC1EAD29BA99 set configuration 0: [a1706a09-45f1-4990-9806-ff7cad89d822:192.168.157.212:43468, 71a69e4f-4742-4387-afb8-7c95c2332a05:192.168.157.212:39730, c6f740ed-0745-4563-a1bf-e72f2e5174bb:192.168.157.212:46790], old=null at 0
2019-07-12 12:54:01,844 INFO  impl.RaftServerImpl (ServerState.java:setLeader(263)) - a1706a09-45f1-4990-9806-ff7cad89d822:group-CC1EAD29BA99 change Leader from null to c6f740ed-0745-4563-a1bf-e72f2e5174bb at term 1 for appendEntries, leader elected after 5183ms
2019-07-12 12:54:01,846 INFO  impl.RaftServerImpl (ServerState.java:setLeader(263)) - 71a69e4f-4742-4387-afb8-7c95c2332a05:group-CC1EAD29BA99 change Leader from null to c6f740ed-0745-4563-a1bf-e72f2e5174bb at term 1 for appendEntries, leader elected after 5184ms
2019-07-12 12:54:01,850 INFO  impl.RaftServerImpl (ServerState.java:setRaftConf(361)) - 71a69e4f-4742-4387-afb8-7c95c2332a05:group-CC1EAD29BA99 set configuration 0: [a1706a09-45f1-4990-9806-ff7cad89d822:192.168.157.212:43468, 71a69e4f-4742-4387-afb8-7c95c2332a05:192.168.157.212:39730, c6f740ed-0745-4563-a1bf-e72f2e5174bb:192.168.157.212:46790], old=null at 0
2019-07-12 12:54:01,850 INFO  impl.RaftServerImpl (ServerState.java:setRaftConf(361)) - a1706a09-45f1-4990-9806-ff7cad89d822:group-CC1EAD29BA99 set configuration 0: [a1706a09-45f1-4990-9806-ff7cad89d822:192.168.157.212:43468, 71a69e4f-4742-4387-afb8-7c95c2332a05:192.168.157.212:39730, c6f740ed-0745-4563-a1bf-e72f2e5174bb:192.168.157.212:46790], old=null at 0
2019-07-12 12:54:01,850 INFO  segmented.SegmentedRaftLogWorker (SegmentedRaftLogWorker.java:startLogSegment(380)) - 71a69e4f-4742-4387-afb8-7c95c2332a05-SegmentedRaftLogWorker:Storage Directory /tmp/workdir/hadoop-ozone/integration-test/target/test-dir/MiniOzoneClusterImpl-3a70d5b3-47b5-47f2-a25b-0a2ae165259f/datanode-0/data/ratis/8e3dd2f3-2e4c-48e0-b53c-cc1ead29ba99: Starting segment from index:0
2019-07-12 12:54:01,850 INFO  segmented.SegmentedRaftLogWorker (SegmentedRaftLogWorker.java:startLogSegment(380)) - a1706a09-45f1-4990-9806-ff7cad89d822-SegmentedRaftLogWorker:Storage Directory /tmp/workdir/hadoop-ozone/integration-test/target/test-dir/MiniOzoneClusterImpl-3a70d5b3-47b5-47f2-a25b-0a2ae165259f/datanode-6/data/ratis/8e3dd2f3-2e4c-48e0-b53c-cc1ead29ba99: Starting segment from index:0
2019-07-12 12:54:01,852 INFO  segmented.SegmentedRaftLogWorker (SegmentedRaftLogWorker.java:execute(569)) - c6f740ed-0745-4563-a1bf-e72f2e5174bb-SegmentedRaftLogWorker:Storage Directory /tmp/workdir/hadoop-ozone/integration-test/target/test-dir/MiniOzoneClusterImpl-3a70d5b3-47b5-47f2-a25b-0a2ae165259f/datanode-3/data/ratis/8e3dd2f3-2e4c-48e0-b53c-cc1ead29ba99: created new log segment /tmp/workdir/hadoop-ozone/integration-test/target/test-dir/MiniOzoneClusterImpl-3a70d5b3-47b5-47f2-a25b-0a2ae165259f/datanode-3/data/ratis/8e3dd2f3-2e4c-48e0-b53c-cc1ead29ba99/current/log_inprogress_0
2019-07-12 12:54:01,874 INFO  segmented.SegmentedRaftLogWorker (SegmentedRaftLogWorker.java:execute(569)) - 71a69e4f-4742-4387-afb8-7c95c2332a05-SegmentedRaftLogWorker:Storage Directory /tmp/workdir/hadoop-ozone/integration-test/target/test-dir/MiniOzoneClusterImpl-3a70d5b3-47b5-47f2-a25b-0a2ae165259f/datanode-0/data/ratis/8e3dd2f3-2e4c-48e0-b53c-cc1ead29ba99: created new log segment /tmp/workdir/hadoop-ozone/integration-test/target/test-dir/MiniOzoneClusterImpl-3a70d5b3-47b5-47f2-a25b-0a2ae165259f/datanode-0/data/ratis/8e3dd2f3-2e4c-48e0-b53c-cc1ead29ba99/current/log_inprogress_0
2019-07-12 12:54:01,874 INFO  segmented.SegmentedRaftLogWorker (SegmentedRaftLogWorker.java:execute(569)) - a1706a09-45f1-4990-9806-ff7cad89d822-SegmentedRaftLogWorker:Storage Directory /tmp/workdir/hadoop-ozone/integration-test/target/test-dir/MiniOzoneClusterImpl-3a70d5b3-47b5-47f2-a25b-0a2ae165259f/datanode-6/data/ratis/8e3dd2f3-2e4c-48e0-b53c-cc1ead29ba99: created new log segment /tmp/workdir/hadoop-ozone/integration-test/target/test-dir/MiniOzoneClusterImpl-3a70d5b3-47b5-47f2-a25b-0a2ae165259f/datanode-6/data/ratis/8e3dd2f3-2e4c-48e0-b53c-cc1ead29ba99/current/log_inprogress_0
2019-07-12 12:54:02,410 INFO  client.GrpcClientProtocolClient (GrpcClientProtocolClient.java:onNext(255)) - client-AB45C6712348->f1b780fe-ed32-4b3b-a7dd-bcb4436fa190: receive RaftClientReply:client-AB45C6712348->f1b780fe-ed32-4b3b-a7dd-bcb4436fa190@group-18B826F74C29, cid=13, FAILED org.apache.ratis.protocol.NotLeaderException: Server f1b780fe-ed32-4b3b-a7dd-bcb4436fa190 is not the leader (05c98b3f-3a67-4690-8376-941456a6e695:192.168.157.212:42282). Request must be sent to leader., logIndex=0, commits[f1b780fe-ed32-4b3b-a7dd-bcb4436fa190:c0, 05c98b3f-3a67-4690-8376-941456a6e695:c0, cb9a4759-2319-4aa9-87c5-0d950a5f6b2a:c-1]
2019-07-12 12:54:02,778 INFO  client.GrpcClientProtocolClient (GrpcClientProtocolClient.java:onNext(255)) - client-AB45C6712348->05c98b3f-3a67-4690-8376-941456a6e695: receive RaftClientReply:client-AB45C6712348->05c98b3f-3a67-4690-8376-941456a6e695@group-18B826F74C29, cid=13, SUCCESS, logIndex=1, commits[05c98b3f-3a67-4690-8376-941456a6e695:c1, cb9a4759-2319-4aa9-87c5-0d950a5f6b2a:c0, f1b780fe-ed32-4b3b-a7dd-bcb4436fa190:c0]
2019-07-12 12:54:02,820 INFO  client.GrpcClientProtocolClient (GrpcClientProtocolClient.java:onNext(255)) - client-AB45C6712348->05c98b3f-3a67-4690-8376-941456a6e695: receive RaftClientReply:client-AB45C6712348->05c98b3f-3a67-4690-8376-941456a6e695@group-18B826F74C29, cid=14, SUCCESS, logIndex=3, commits[05c98b3f-3a67-4690-8376-941456a6e695:c3, cb9a4759-2319-4aa9-87c5-0d950a5f6b2a:c2, f1b780fe-ed32-4b3b-a7dd-bcb4436fa190:c2]
2019-07-12 12:54:02,889 INFO  client.GrpcClientProtocolClient (GrpcClientProtocolClient.java:onNext(255)) - client-AB45C6712348->05c98b3f-3a67-4690-8376-941456a6e695: receive RaftClientReply:client-AB45C6712348->05c98b3f-3a67-4690-8376-941456a6e695@group-18B826F74C29, cid=15, SUCCESS, logIndex=4, commits[05c98b3f-3a67-4690-8376-941456a6e695:c12, cb9a4759-2319-4aa9-87c5-0d950a5f6b2a:c8, f1b780fe-ed32-4b3b-a7dd-bcb4436fa190:c8]
2019-07-12 12:54:02,892 INFO  client.GrpcClientProtocolClient (GrpcClientProtocolClient.java:onNext(255)) - client-AB45C6712348->05c98b3f-3a67-4690-8376-941456a6e695: receive RaftClientReply:client-AB45C6712348->05c98b3f-3a67-4690-8376-941456a6e695@group-18B826F74C29, cid=16, SUCCESS, logIndex=5, commits[05c98b3f-3a67-4690-8376-941456a6e695:c12, cb9a4759-2319-4aa9-87c5-0d950a5f6b2a:c8, f1b780fe-ed32-4b3b-a7dd-bcb4436fa190:c8]
2019-07-12 12:54:02,893 INFO  client.GrpcClientProtocolClient (GrpcClientProtocolClient.java:onNext(255)) - client-AB45C6712348->05c98b3f-3a67-4690-8376-941456a6e695: receive RaftClientReply:client-AB45C6712348->05c98b3f-3a67-4690-8376-941456a6e695@group-18B826F74C29, cid=17, SUCCESS, logIndex=6, commits[05c98b3f-3a67-4690-8376-941456a6e695:c12, cb9a4759-2319-4aa9-87c5-0d950a5f6b2a:c8, f1b780fe-ed32-4b3b-a7dd-bcb4436fa190:c8]
2019-07-12 12:54:02,985 INFO  client.GrpcClientProtocolClient (GrpcClientProtocolClient.java:onNext(255)) - client-AB45C6712348->05c98b3f-3a67-4690-8376-941456a6e695: receive RaftClientReply:client-AB45C6712348->05c98b3f-3a67-4690-8376-941456a6e695@group-18B826F74C29, cid=18, SUCCESS, logIndex=8, commits[05c98b3f-3a67-4690-8376-941456a6e695:c12, cb9a4759-2319-4aa9-87c5-0d950a5f6b2a:c8, f1b780fe-ed32-4b3b-a7dd-bcb4436fa190:c8]
2019-07-12 12:54:02,998 INFO  pipeline.SCMPipelineManager (SCMPipelineManager.java:finalizeAndDestroyPipeline(309)) - destroying pipeline:Pipeline[ Id: e34c94ac-0c16-47cf-bf45-18b826f74c29, Nodes: 05c98b3f-3a67-4690-8376-941456a6e695{ip: 192.168.157.212, host: pr-hdds-17356bwxm-3764869708, networkLocation: /default-rack, certSerialId: null}cb9a4759-2319-4aa9-87c5-0d950a5f6b2a{ip: 192.168.157.212, host: pr-hdds-17356bwxm-3764869708, networkLocation: /default-rack, certSerialId: null}f1b780fe-ed32-4b3b-a7dd-bcb4436fa190{ip: 192.168.157.212, host: pr-hdds-17356bwxm-3764869708, networkLocation: /default-rack, certSerialId: null}, Type:RATIS, Factor:THREE, State:OPEN]
2019-07-12 12:54:02,999 INFO  pipeline.PipelineStateManager (PipelineStateManager.java:finalizePipeline(123)) - Pipeline Pipeline[ Id: e34c94ac-0c16-47cf-bf45-18b826f74c29, Nodes: 05c98b3f-3a67-4690-8376-941456a6e695{ip: 192.168.157.212, host: pr-hdds-17356bwxm-3764869708, networkLocation: /default-rack, certSerialId: null}cb9a4759-2319-4aa9-87c5-0d950a5f6b2a{ip: 192.168.157.212, host: pr-hdds-17356bwxm-3764869708, networkLocation: /default-rack, certSerialId: null}f1b780fe-ed32-4b3b-a7dd-bcb4436fa190{ip: 192.168.157.212, host: pr-hdds-17356bwxm-3764869708, networkLocation: /default-rack, certSerialId: null}, Type:RATIS, Factor:THREE, State:CLOSED] moved to CLOSED state
2019-07-12 12:54:03,000 INFO  container.CloseContainerEventHandler (CloseContainerEventHandler.java:onMessage(61)) - Close container Event triggered for container : #1
2019-07-12 12:54:03,046 INFO  impl.RaftServerProxy (RaftServerProxy.java:remove(95)) - 05c98b3f-3a67-4690-8376-941456a6e695: remove   LEADER group-18B826F74C29 05c98b3f-3a67-4690-8376-941456a6e695:t1, leader=05c98b3f-3a67-4690-8376-941456a6e695, voted=05c98b3f-3a67-4690-8376-941456a6e695, raftlog=05c98b3f-3a67-4690-8376-941456a6e695-SegmentedRaftLog:OPENED:c12,f12,i12, conf=0: [05c98b3f-3a67-4690-8376-941456a6e695:192.168.157.212:42282, cb9a4759-2319-4aa9-87c5-0d950a5f6b2a:192.168.157.212:39794, f1b780fe-ed32-4b3b-a7dd-bcb4436fa190:192.168.157.212:39985], old=null RUNNING
2019-07-12 12:54:03,051 INFO  impl.RaftServerImpl (RaftServerImpl.java:lambda$shutdown$3(245)) - 05c98b3f-3a67-4690-8376-941456a6e695: shutdown group-18B826F74C29
2019-07-12 12:54:03,052 INFO  util.JmxRegister (JmxRegister.java:unregister(73)) - Successfully un-registered JMX Bean with object name Ratis:service=RaftServer,group=group-18B826F74C29,id=05c98b3f-3a67-4690-8376-941456a6e695
2019-07-12 12:54:03,052 INFO  impl.RoleInfo (RoleInfo.java:shutdownLeaderState(104)) - 05c98b3f-3a67-4690-8376-941456a6e695: shutdown LeaderState
2019-07-12 12:54:03,056 INFO  impl.PendingRequests (PendingRequests.java:sendNotLeaderResponses(202)) - 05c98b3f-3a67-4690-8376-941456a6e695-PendingRequests: sendNotLeaderResponses
2019-07-12 12:54:03,056 WARN  server.GrpcLogAppender (GrpcLogAppender.java:mayWait(143)) - GrpcLogAppender(05c98b3f-3a67-4690-8376-941456a6e695->f1b780fe-ed32-4b3b-a7dd-bcb4436fa190): Wait interrupted by java.lang.InterruptedException
2019-07-12 12:54:03,056 WARN  server.GrpcLogAppender (GrpcLogAppender.java:mayWait(143)) - GrpcLogAppender(05c98b3f-3a67-4690-8376-941456a6e695->cb9a4759-2319-4aa9-87c5-0d950a5f6b2a): Wait interrupted by java.lang.InterruptedException
2019-07-12 12:54:03,066 INFO  server.GrpcServerProtocolService (GrpcServerProtocolService.java:onCompleted(104)) - cb9a4759-2319-4aa9-87c5-0d950a5f6b2a: appendEntries completed
2019-07-12 12:54:03,066 INFO  server.GrpcServerProtocolService (GrpcServerProtocolService.java:onCompleted(104)) - f1b780fe-ed32-4b3b-a7dd-bcb4436fa190: appendEntries completed
2019-07-12 12:54:03,076 INFO  server.GrpcLogAppender (GrpcLogAppender.java:onCompleted(292)) - 05c98b3f-3a67-4690-8376-941456a6e695->cb9a4759-2319-4aa9-87c5-0d950a5f6b2a: follower responses appendEntries COMPLETED
2019-07-12 12:54:03,076 INFO  server.GrpcLogAppender (GrpcLogAppender.java:onCompleted(292)) - 05c98b3f-3a67-4690-8376-941456a6e695->f1b780fe-ed32-4b3b-a7dd-bcb4436fa190: follower responses appendEntries COMPLETED
2019-07-12 12:54:03,082 INFO  impl.FollowerInfo (FollowerInfo.java:lambda$new$0(50)) - 05c98b3f-3a67-4690-8376-941456a6e695->cb9a4759-2319-4aa9-87c5-0d950a5f6b2a: nextIndex: updateUnconditionally 13 -> 12
2019-07-12 12:54:03,082 INFO  impl.FollowerInfo (FollowerInfo.java:lambda$new$0(50)) - 05c98b3f-3a67-4690-8376-941456a6e695->f1b780fe-ed32-4b3b-a7dd-bcb4436fa190: nextIndex: updateUnconditionally 13 -> 12
2019-07-12 12:54:03,089 INFO  impl.StateMachineUpdater (StateMachineUpdater.java:stopAndJoin(115)) - StateMachineUpdater:05c98b3f-3a67-4690-8376-941456a6e695:group-18B826F74C29: set stopIndex = 12
2019-07-12 12:54:03,089 INFO  ratis.ContainerStateMachine (ContainerStateMachine.java:takeSnapshot(246)) - Taking snapshot at termIndex:(t:1, i:12)
2019-07-12 12:54:03,092 INFO  ratis.ContainerStateMachine (ContainerStateMachine.java:takeSnapshot(250)) - Taking a snapshot to file /tmp/workdir/hadoop-ozone/integration-test/target/test-dir/MiniOzoneClusterImpl-3a70d5b3-47b5-47f2-a25b-0a2ae165259f/datanode-5/data/ratis/e34c94ac-0c16-47cf-bf45-18b826f74c29/sm/snapshot.1_12
2019-07-12 12:54:03,103 INFO  impl.StateMachineUpdater (StateMachineUpdater.java:takeSnapshot(242)) - StateMachineUpdater:05c98b3f-3a67-4690-8376-941456a6e695:group-18B826F74C29: Took a snapshot at index 12
2019-07-12 12:54:03,105 INFO  impl.StateMachineUpdater (StateMachineUpdater.java:lambda$new$0(80)) - StateMachineUpdater:05c98b3f-3a67-4690-8376-941456a6e695:group-18B826F74C29: snapshotIndex: updateIncreasingly -1 -> 12
2019-07-12 12:54:03,109 INFO  impl.RaftServerImpl (ServerState.java:close(394)) - 05c98b3f-3a67-4690-8376-941456a6e695:group-18B826F74C29 closes. The last applied log index is 12
2019-07-12 12:54:03,112 INFO  segmented.SegmentedRaftLogWorker (SegmentedRaftLogWorker.java:run(313)) - 05c98b3f-3a67-4690-8376-941456a6e695-SegmentedRaftLogWorker:Storage Directory /tmp/workdir/hadoop-ozone/integration-test/target/test-dir/MiniOzoneClusterImpl-3a70d5b3-47b5-47f2-a25b-0a2ae165259f/datanode-5/data/ratis/e34c94ac-0c16-47cf-bf45-18b826f74c29 was interrupted, exiting. There are 0 tasks remaining in the queue.
2019-07-12 12:54:03,114 INFO  segmented.SegmentedRaftLogWorker (SegmentedRaftLogWorker.java:close(228)) - 05c98b3f-3a67-4690-8376-941456a6e695-SegmentedRaftLogWorker:Storage Directory /tmp/workdir/hadoop-ozone/integration-test/target/test-dir/MiniOzoneClusterImpl-3a70d5b3-47b5-47f2-a25b-0a2ae165259f/datanode-5/data/ratis/e34c94ac-0c16-47cf-bf45-18b826f74c29 close()
2019-07-12 12:54:03,141 INFO  impl.RaftServerProxy (RaftServerProxy.java:remove(95)) - cb9a4759-2319-4aa9-87c5-0d950a5f6b2a: remove FOLLOWER group-18B826F74C29 cb9a4759-2319-4aa9-87c5-0d950a5f6b2a:t1, leader=05c98b3f-3a67-4690-8376-941456a6e695, voted=05c98b3f-3a67-4690-8376-941456a6e695, raftlog=cb9a4759-2319-4aa9-87c5-0d950a5f6b2a-SegmentedRaftLog:OPENED:c8,f12,i12, conf=0: [05c98b3f-3a67-4690-8376-941456a6e695:192.168.157.212:42282, cb9a4759-2319-4aa9-87c5-0d950a5f6b2a:192.168.157.212:39794, f1b780fe-ed32-4b3b-a7dd-bcb4436fa190:192.168.157.212:39985], old=null RUNNING
2019-07-12 12:54:03,142 INFO  impl.RaftServerImpl (RaftServerImpl.java:lambda$shutdown$3(245)) - cb9a4759-2319-4aa9-87c5-0d950a5f6b2a: shutdown group-18B826F74C29
2019-07-12 12:54:03,142 INFO  util.JmxRegister (JmxRegister.java:unregister(73)) - Successfully un-registered JMX Bean with object name Ratis:service=RaftServer,group=group-18B826F74C29,id=cb9a4759-2319-4aa9-87c5-0d950a5f6b2a
2019-07-12 12:54:03,142 INFO  impl.RoleInfo (RoleInfo.java:shutdownFollowerState(121)) - cb9a4759-2319-4aa9-87c5-0d950a5f6b2a: shutdown FollowerState
2019-07-12 12:54:03,142 INFO  impl.StateMachineUpdater (StateMachineUpdater.java:stopAndJoin(115)) - StateMachineUpdater:cb9a4759-2319-4aa9-87c5-0d950a5f6b2a:group-18B826F74C29: set stopIndex = 8
2019-07-12 12:54:03,142 INFO  impl.FollowerState (FollowerState.java:run(114)) - cb9a4759-2319-4aa9-87c5-0d950a5f6b2a: FollowerState was interrupted: java.lang.InterruptedException: sleep interrupted
2019-07-12 12:54:03,142 INFO  ratis.ContainerStateMachine (ContainerStateMachine.java:takeSnapshot(246)) - Taking snapshot at termIndex:(t:1, i:8)
2019-07-12 12:54:03,147 INFO  ratis.ContainerStateMachine (ContainerStateMachine.java:takeSnapshot(250)) - Taking a snapshot to file /tmp/workdir/hadoop-ozone/integration-test/target/test-dir/MiniOzoneClusterImpl-3a70d5b3-47b5-47f2-a25b-0a2ae165259f/datanode-1/data/ratis/e34c94ac-0c16-47cf-bf45-18b826f74c29/sm/snapshot.1_8
2019-07-12 12:54:03,147 INFO  impl.StateMachineUpdater (StateMachineUpdater.java:takeSnapshot(242)) - StateMachineUpdater:cb9a4759-2319-4aa9-87c5-0d950a5f6b2a:group-18B826F74C29: Took a snapshot at index 8
2019-07-12 12:54:03,148 INFO  impl.StateMachineUpdater (StateMachineUpdater.java:lambda$new$0(80)) - StateMachineUpdater:cb9a4759-2319-4aa9-87c5-0d950a5f6b2a:group-18B826F74C29: snapshotIndex: updateIncreasingly -1 -> 8
2019-07-12 12:54:03,148 INFO  impl.RaftServerImpl (ServerState.java:close(394)) - cb9a4759-2319-4aa9-87c5-0d950a5f6b2a:group-18B826F74C29 closes. The last applied log index is 8
2019-07-12 12:54:03,148 INFO  segmented.SegmentedRaftLogWorker (SegmentedRaftLogWorker.java:run(313)) - cb9a4759-2319-4aa9-87c5-0d950a5f6b2a-SegmentedRaftLogWorker:Storage Directory /tmp/workdir/hadoop-ozone/integration-test/target/test-dir/MiniOzoneClusterImpl-3a70d5b3-47b5-47f2-a25b-0a2ae165259f/datanode-1/data/ratis/e34c94ac-0c16-47cf-bf45-18b826f74c29 was interrupted, exiting. There are 0 tasks remaining in the queue.
2019-07-12 12:54:03,151 INFO  segmented.SegmentedRaftLogWorker (SegmentedRaftLogWorker.java:close(228)) - cb9a4759-2319-4aa9-87c5-0d950a5f6b2a-SegmentedRaftLogWorker:Storage Directory /tmp/workdir/hadoop-ozone/integration-test/target/test-dir/MiniOzoneClusterImpl-3a70d5b3-47b5-47f2-a25b-0a2ae165259f/datanode-1/data/ratis/e34c94ac-0c16-47cf-bf45-18b826f74c29 close()
2019-07-12 12:54:03,172 INFO  impl.RaftServerProxy (RaftServerProxy.java:remove(95)) - f1b780fe-ed32-4b3b-a7dd-bcb4436fa190: remove FOLLOWER group-18B826F74C29 f1b780fe-ed32-4b3b-a7dd-bcb4436fa190:t1, leader=05c98b3f-3a67-4690-8376-941456a6e695, voted=05c98b3f-3a67-4690-8376-941456a6e695, raftlog=f1b780fe-ed32-4b3b-a7dd-bcb4436fa190-SegmentedRaftLog:OPENED:c8,f12,i12, conf=0: [05c98b3f-3a67-4690-8376-941456a6e695:192.168.157.212:42282, cb9a4759-2319-4aa9-87c5-0d950a5f6b2a:192.168.157.212:39794, f1b780fe-ed32-4b3b-a7dd-bcb4436fa190:192.168.157.212:39985], old=null RUNNING
2019-07-12 12:54:03,173 INFO  impl.RaftServerImpl (RaftServerImpl.java:lambda$shutdown$3(245)) - f1b780fe-ed32-4b3b-a7dd-bcb4436fa190: shutdown group-18B826F74C29
2019-07-12 12:54:03,173 INFO  util.JmxRegister (JmxRegister.java:unregister(73)) - Successfully un-registered JMX Bean with object name Ratis:service=RaftServer,group=group-18B826F74C29,id=f1b780fe-ed32-4b3b-a7dd-bcb4436fa190
2019-07-12 12:54:03,173 INFO  impl.RoleInfo (RoleInfo.java:shutdownFollowerState(121)) - f1b780fe-ed32-4b3b-a7dd-bcb4436fa190: shutdown FollowerState
2019-07-12 12:54:03,174 INFO  impl.StateMachineUpdater (StateMachineUpdater.java:stopAndJoin(115)) - StateMachineUpdater:f1b780fe-ed32-4b3b-a7dd-bcb4436fa190:group-18B826F74C29: set stopIndex = 8
2019-07-12 12:54:03,174 INFO  ratis.ContainerStateMachine (ContainerStateMachine.java:takeSnapshot(246)) - Taking snapshot at termIndex:(t:1, i:8)
2019-07-12 12:54:03,174 INFO  impl.FollowerState (FollowerState.java:run(114)) - f1b780fe-ed32-4b3b-a7dd-bcb4436fa190: FollowerState was interrupted: java.lang.InterruptedException: sleep interrupted
2019-07-12 12:54:03,177 INFO  ratis.ContainerStateMachine (ContainerStateMachine.java:takeSnapshot(250)) - Taking a snapshot to file /tmp/workdir/hadoop-ozone/integration-test/target/test-dir/MiniOzoneClusterImpl-3a70d5b3-47b5-47f2-a25b-0a2ae165259f/datanode-4/data/ratis/e34c94ac-0c16-47cf-bf45-18b826f74c29/sm/snapshot.1_8
2019-07-12 12:54:03,179 INFO  impl.StateMachineUpdater (StateMachineUpdater.java:takeSnapshot(242)) - StateMachineUpdater:f1b780fe-ed32-4b3b-a7dd-bcb4436fa190:group-18B826F74C29: Took a snapshot at index 8
2019-07-12 12:54:03,180 INFO  impl.StateMachineUpdater (StateMachineUpdater.java:lambda$new$0(80)) - StateMachineUpdater:f1b780fe-ed32-4b3b-a7dd-bcb4436fa190:group-18B826F74C29: snapshotIndex: updateIncreasingly -1 -> 8
2019-07-12 12:54:03,180 INFO  impl.RaftServerImpl (ServerState.java:close(394)) - f1b780fe-ed32-4b3b-a7dd-bcb4436fa190:group-18B826F74C29 closes. The last applied log index is 8
2019-07-12 12:54:03,181 INFO  segmented.SegmentedRaftLogWorker (SegmentedRaftLogWorker.java:run(313)) - f1b780fe-ed32-4b3b-a7dd-bcb4436fa190-SegmentedRaftLogWorker:Storage Directory /tmp/workdir/hadoop-ozone/integration-test/target/test-dir/MiniOzoneClusterImpl-3a70d5b3-47b5-47f2-a25b-0a2ae165259f/datanode-4/data/ratis/e34c94ac-0c16-47cf-bf45-18b826f74c29 was interrupted, exiting. There are 0 tasks remaining in the queue.
2019-07-12 12:54:03,183 INFO  segmented.SegmentedRaftLogWorker (SegmentedRaftLogWorker.java:close(228)) - f1b780fe-ed32-4b3b-a7dd-bcb4436fa190-SegmentedRaftLogWorker:Storage Directory /tmp/workdir/hadoop-ozone/integration-test/target/test-dir/MiniOzoneClusterImpl-3a70d5b3-47b5-47f2-a25b-0a2ae165259f/datanode-4/data/ratis/e34c94ac-0c16-47cf-bf45-18b826f74c29 close()
2019-07-12 12:54:03,193 INFO  pipeline.PipelineStateManager (PipelineStateManager.java:removePipeline(108)) - Pipeline Pipeline[ Id: e34c94ac-0c16-47cf-bf45-18b826f74c29, Nodes: 05c98b3f-3a67-4690-8376-941456a6e695{ip: 192.168.157.212, host: pr-hdds-17356bwxm-3764869708, networkLocation: /default-rack, certSerialId: null}cb9a4759-2319-4aa9-87c5-0d950a5f6b2a{ip: 192.168.157.212, host: pr-hdds-17356bwxm-3764869708, networkLocation: /default-rack, certSerialId: null}f1b780fe-ed32-4b3b-a7dd-bcb4436fa190{ip: 192.168.157.212, host: pr-hdds-17356bwxm-3764869708, networkLocation: /default-rack, certSerialId: null}, Type:RATIS, Factor:THREE, State:CLOSED] removed from db
2019-07-12 12:54:03,195 INFO  ratis.XceiverServerRatis (XceiverServerRatis.java:getPipelineIds(614)) - pipeline id PipelineID=e842ada5-e631-4939-89a7-a5c79aa25f46
2019-07-12 12:54:03,195 INFO  ratis.XceiverServerRatis (XceiverServerRatis.java:getPipelineIds(614)) - pipeline id PipelineID=266b9e82-4dec-4098-9984-04793386a438
2019-07-12 12:54:03,198 INFO  ratis.XceiverServerRatis (XceiverServerRatis.java:getPipelineIds(614)) - pipeline id PipelineID=156e9ad1-a258-46f9-90c9-6ab3abdf192d
2019-07-12 12:54:03,218 INFO  impl.RaftServerProxy (RaftServerProxy.java:addNew(89)) - 05c98b3f-3a67-4690-8376-941456a6e695: addNew group-9DF7B8F0A5EA:[05c98b3f-3a67-4690-8376-941456a6e695:192.168.157.212:42282, cb9a4759-2319-4aa9-87c5-0d950a5f6b2a:192.168.157.212:39794, f1b780fe-ed32-4b3b-a7dd-bcb4436fa190:192.168.157.212:39985] returns group-9DF7B8F0A5EA:java.util.concurrent.CompletableFuture@db2fe78[Not completed]
2019-07-12 12:54:03,218 INFO  impl.RaftServerProxy (RaftServerProxy.java:addNew(89)) - f1b780fe-ed32-4b3b-a7dd-bcb4436fa190: addNew group-9DF7B8F0A5EA:[05c98b3f-3a67-4690-8376-941456a6e695:192.168.157.212:42282, cb9a4759-2319-4aa9-87c5-0d950a5f6b2a:192.168.157.212:39794, f1b780fe-ed32-4b3b-a7dd-bcb4436fa190:192.168.157.212:39985] returns group-9DF7B8F0A5EA:java.util.concurrent.CompletableFuture@5966c665[Not completed]
2019-07-12 12:54:03,220 INFO  impl.RaftServerProxy (RaftServerProxy.java:addNew(89)) - cb9a4759-2319-4aa9-87c5-0d950a5f6b2a: addNew group-9DF7B8F0A5EA:[05c98b3f-3a67-4690-8376-941456a6e695:192.168.157.212:42282, cb9a4759-2319-4aa9-87c5-0d950a5f6b2a:192.168.157.212:39794, f1b780fe-ed32-4b3b-a7dd-bcb4436fa190:192.168.157.212:39985] returns group-9DF7B8F0A5EA:java.util.concurrent.CompletableFuture@3ba1028d[Not completed]
2019-07-12 12:54:03,223 INFO  impl.RaftServerImpl (RaftServerImpl.java:<init>(93)) - 05c98b3f-3a67-4690-8376-941456a6e695: new RaftServerImpl for group-9DF7B8F0A5EA:[05c98b3f-3a67-4690-8376-941456a6e695:192.168.157.212:42282, cb9a4759-2319-4aa9-87c5-0d950a5f6b2a:192.168.157.212:39794, f1b780fe-ed32-4b3b-a7dd-bcb4436fa190:192.168.157.212:39985] with ContainerStateMachine:uninitialized
2019-07-12 12:54:03,223 INFO  server.RaftServerConfigKeys (ConfUtils.java:logGet(43)) - raft.server.rpc.timeout.min = 5s (custom)
2019-07-12 12:54:03,223 INFO  server.RaftServerConfigKeys (ConfUtils.java:logGet(43)) - raft.server.rpc.timeout.max = 5200ms (custom)
2019-07-12 12:54:03,223 INFO  server.RaftServerConfigKeys (ConfUtils.java:logGet(43)) - raft.server.rpcslowness.timeout = 120s (custom)
2019-07-12 12:54:03,224 INFO  server.RaftServerConfigKeys (ConfUtils.java:logGet(43)) - raft.server.sleep.deviation.threshold = 300 (default)
2019-07-12 12:54:03,224 INFO  server.RaftServerConfigKeys (ConfUtils.java:logGet(43)) - raft.server.log.appender.install.snapshot.enabled = false (custom)
2019-07-12 12:54:03,224 INFO  impl.RaftServerImpl (RaftServerImpl.java:<init>(93)) - f1b780fe-ed32-4b3b-a7dd-bcb4436fa190: new RaftServerImpl for group-9DF7B8F0A5EA:[05c98b3f-3a67-4690-8376-941456a6e695:192.168.157.212:42282, cb9a4759-2319-4aa9-87c5-0d950a5f6b2a:192.168.157.212:39794, f1b780fe-ed32-4b3b-a7dd-bcb4436fa190:192.168.157.212:39985] with ContainerStateMachine:uninitialized
2019-07-12 12:54:03,224 INFO  impl.RaftServerImpl (ServerState.java:<init>(105)) - 05c98b3f-3a67-4690-8376-941456a6e695:group-9DF7B8F0A5EA ConfigurationManager, init=-1: [05c98b3f-3a67-4690-8376-941456a6e695:192.168.157.212:42282, cb9a4759-2319-4aa9-87c5-0d950a5f6b2a:192.168.157.212:39794, f1b780fe-ed32-4b3b-a7dd-bcb4436fa190:192.168.157.212:39985], old=null, confs=<EMPTY_MAP>
2019-07-12 12:54:03,224 INFO  server.RaftServerConfigKeys (ConfUtils.java:logGet(43)) - raft.server.rpc.timeout.min = 5s (custom)
2019-07-12 12:54:03,225 INFO  server.RaftServerConfigKeys (ConfUtils.java:logGet(43)) - raft.server.rpc.timeout.max = 5200ms (custom)
2019-07-12 12:54:03,225 INFO  server.RaftServerConfigKeys (ConfUtils.java:logGet(43)) - raft.server.storage.dir = [/tmp/workdir/hadoop-ozone/integration-test/target/test-dir/MiniOzoneClusterImpl-3a70d5b3-47b5-47f2-a25b-0a2ae165259f/datanode-5/data/ratis] (custom)
2019-07-12 12:54:03,225 INFO  server.RaftServerConfigKeys (ConfUtils.java:logGet(43)) - raft.server.rpcslowness.timeout = 120s (custom)
2019-07-12 12:54:03,225 INFO  impl.RaftServerImpl (RaftServerImpl.java:<init>(93)) - cb9a4759-2319-4aa9-87c5-0d950a5f6b2a: new RaftServerImpl for group-9DF7B8F0A5EA:[05c98b3f-3a67-4690-8376-941456a6e695:192.168.157.212:42282, cb9a4759-2319-4aa9-87c5-0d950a5f6b2a:192.168.157.212:39794, f1b780fe-ed32-4b3b-a7dd-bcb4436fa190:192.168.157.212:39985] with ContainerStateMachine:uninitialized
2019-07-12 12:54:03,225 INFO  server.RaftServerConfigKeys (ConfUtils.java:logGet(43)) - raft.server.sleep.deviation.threshold = 300 (default)
2019-07-12 12:54:03,225 INFO  server.RaftServerConfigKeys (ConfUtils.java:logGet(43)) - raft.server.rpc.timeout.min = 5s (custom)
2019-07-12 12:54:03,225 INFO  storage.RaftStorageDirectory (RaftStorageDirectory.java:analyzeStorage(246)) - The storage directory /tmp/workdir/hadoop-ozone/integration-test/target/test-dir/MiniOzoneClusterImpl-3a70d5b3-47b5-47f2-a25b-0a2ae165259f/datanode-5/data/ratis/3fafc2c2-3124-4449-af96-9df7b8f0a5ea does not exist. Creating ...
2019-07-12 12:54:03,226 INFO  server.RaftServerConfigKeys (ConfUtils.java:logGet(43)) - raft.server.rpc.timeout.max = 5200ms (custom)
2019-07-12 12:54:03,225 INFO  server.RaftServerConfigKeys (ConfUtils.java:logGet(43)) - raft.server.log.appender.install.snapshot.enabled = false (custom)
2019-07-12 12:54:03,226 INFO  server.RaftServerConfigKeys (ConfUtils.java:logGet(43)) - raft.server.rpcslowness.timeout = 120s (custom)
2019-07-12 12:54:03,226 INFO  impl.RaftServerImpl (ServerState.java:<init>(105)) - f1b780fe-ed32-4b3b-a7dd-bcb4436fa190:group-9DF7B8F0A5EA ConfigurationManager, init=-1: [05c98b3f-3a67-4690-8376-941456a6e695:192.168.157.212:42282, cb9a4759-2319-4aa9-87c5-0d950a5f6b2a:192.168.157.212:39794, f1b780fe-ed32-4b3b-a7dd-bcb4436fa190:192.168.157.212:39985], old=null, confs=<EMPTY_MAP>
2019-07-12 12:54:03,226 INFO  server.RaftServerConfigKeys (ConfUtils.java:logGet(43)) - raft.server.sleep.deviation.threshold = 300 (default)
2019-07-12 12:54:03,227 INFO  server.RaftServerConfigKeys (ConfUtils.java:logGet(43)) - raft.server.storage.dir = [/tmp/workdir/hadoop-ozone/integration-test/target/test-dir/MiniOzoneClusterImpl-3a70d5b3-47b5-47f2-a25b-0a2ae165259f/datanode-4/data/ratis] (custom)
2019-07-12 12:54:03,227 INFO  server.RaftServerConfigKeys (ConfUtils.java:logGet(43)) - raft.server.log.appender.install.snapshot.enabled = false (custom)
2019-07-12 12:54:03,227 INFO  impl.RaftServerImpl (ServerState.java:<init>(105)) - cb9a4759-2319-4aa9-87c5-0d950a5f6b2a:group-9DF7B8F0A5EA ConfigurationManager, init=-1: [05c98b3f-3a67-4690-8376-941456a6e695:192.168.157.212:42282, cb9a4759-2319-4aa9-87c5-0d950a5f6b2a:192.168.157.212:39794, f1b780fe-ed32-4b3b-a7dd-bcb4436fa190:192.168.157.212:39985], old=null, confs=<EMPTY_MAP>
2019-07-12 12:54:03,227 INFO  storage.RaftStorageDirectory (RaftStorageDirectory.java:analyzeStorage(246)) - The storage directory /tmp/workdir/hadoop-ozone/integration-test/target/test-dir/MiniOzoneClusterImpl-3a70d5b3-47b5-47f2-a25b-0a2ae165259f/datanode-4/data/ratis/3fafc2c2-3124-4449-af96-9df7b8f0a5ea does not exist. Creating ...
2019-07-12 12:54:03,227 INFO  server.RaftServerConfigKeys (ConfUtils.java:logGet(43)) - raft.server.storage.dir = [/tmp/workdir/hadoop-ozone/integration-test/target/test-dir/MiniOzoneClusterImpl-3a70d5b3-47b5-47f2-a25b-0a2ae165259f/datanode-1/data/ratis] (custom)
2019-07-12 12:54:03,228 INFO  storage.RaftStorageDirectory (RaftStorageDirectory.java:analyzeStorage(246)) - The storage directory /tmp/workdir/hadoop-ozone/integration-test/target/test-dir/MiniOzoneClusterImpl-3a70d5b3-47b5-47f2-a25b-0a2ae165259f/datanode-1/data/ratis/3fafc2c2-3124-4449-af96-9df7b8f0a5ea does not exist. Creating ...
2019-07-12 12:54:03,240 INFO  storage.RaftStorageDirectory (RaftStorageDirectory.java:tryLock(328)) - Lock on /tmp/workdir/hadoop-ozone/integration-test/target/test-dir/MiniOzoneClusterImpl-3a70d5b3-47b5-47f2-a25b-0a2ae165259f/datanode-1/data/ratis/3fafc2c2-3124-4449-af96-9df7b8f0a5ea/in_use.lock acquired by nodename 24966@pr-hdds-17356bwxm-3764869708
2019-07-12 12:54:03,240 INFO  storage.RaftStorageDirectory (RaftStorageDirectory.java:tryLock(328)) - Lock on /tmp/workdir/hadoop-ozone/integration-test/target/test-dir/MiniOzoneClusterImpl-3a70d5b3-47b5-47f2-a25b-0a2ae165259f/datanode-5/data/ratis/3fafc2c2-3124-4449-af96-9df7b8f0a5ea/in_use.lock acquired by nodename 24966@pr-hdds-17356bwxm-3764869708
2019-07-12 12:54:03,240 INFO  storage.RaftStorageDirectory (RaftStorageDirectory.java:tryLock(328)) - Lock on /tmp/workdir/hadoop-ozone/integration-test/target/test-dir/MiniOzoneClusterImpl-3a70d5b3-47b5-47f2-a25b-0a2ae165259f/datanode-4/data/ratis/3fafc2c2-3124-4449-af96-9df7b8f0a5ea/in_use.lock acquired by nodename 24966@pr-hdds-17356bwxm-3764869708
2019-07-12 12:54:03,265 INFO  storage.RaftStorage (RaftStorage.java:format(72)) - Storage directory /tmp/workdir/hadoop-ozone/integration-test/target/test-dir/MiniOzoneClusterImpl-3a70d5b3-47b5-47f2-a25b-0a2ae165259f/datanode-1/data/ratis/3fafc2c2-3124-4449-af96-9df7b8f0a5ea has been successfully formatted.
2019-07-12 12:54:03,265 INFO  storage.RaftStorage (RaftStorage.java:format(72)) - Storage directory /tmp/workdir/hadoop-ozone/integration-test/target/test-dir/MiniOzoneClusterImpl-3a70d5b3-47b5-47f2-a25b-0a2ae165259f/datanode-4/data/ratis/3fafc2c2-3124-4449-af96-9df7b8f0a5ea has been successfully formatted.
2019-07-12 12:54:03,266 INFO  ratis.ContainerStateMachine (ContainerStateMachine.java:loadSnapshot(200)) - The snapshot info is null.Setting the last applied index to:(t:0, i:~)
2019-07-12 12:54:03,265 INFO  storage.RaftStorage (RaftStorage.java:format(72)) - Storage directory /tmp/workdir/hadoop-ozone/integration-test/target/test-dir/MiniOzoneClusterImpl-3a70d5b3-47b5-47f2-a25b-0a2ae165259f/datanode-5/data/ratis/3fafc2c2-3124-4449-af96-9df7b8f0a5ea has been successfully formatted.
2019-07-12 12:54:03,266 INFO  server.RaftServerConfigKeys (ConfUtils.java:logGet(43)) - raft.server.leader.election.timeout = 120s (custom)
2019-07-12 12:54:03,266 INFO  ratis.ContainerStateMachine (ContainerStateMachine.java:loadSnapshot(200)) - The snapshot info is null.Setting the last applied index to:(t:0, i:~)
2019-07-12 12:54:03,266 INFO  server.RaftServerConfigKeys (ConfUtils.java:logGet(43)) - raft.server.log.use.memory = false (default)
2019-07-12 12:54:03,266 INFO  ratis.ContainerStateMachine (ContainerStateMachine.java:loadSnapshot(200)) - The snapshot info is null.Setting the last applied index to:(t:0, i:~)
2019-07-12 12:54:03,267 INFO  server.RaftServerConfigKeys (ConfUtils.java:logGet(43)) - raft.server.log.purge.gap = 1000000000 (custom)
2019-07-12 12:54:03,266 INFO  server.RaftServerConfigKeys (ConfUtils.java:logGet(43)) - raft.server.leader.election.timeout = 120s (custom)
2019-07-12 12:54:03,267 INFO  server.RaftServerConfigKeys (ConfUtils.java:logGet(43)) - raft.server.log.appender.buffer.byte-limit = 33554432 (custom)
2019-07-12 12:54:03,267 INFO  server.RaftServerConfigKeys (ConfUtils.java:logGet(43)) - raft.server.leader.election.timeout = 120s (custom)
2019-07-12 12:54:03,267 INFO  server.RaftServerConfigKeys (ConfUtils.java:logGet(43)) - raft.server.log.segment.size.max = 1048576 (custom)
2019-07-12 12:54:03,267 INFO  server.RaftServerConfigKeys (ConfUtils.java:logGet(43)) - raft.server.log.use.memory = false (default)
2019-07-12 12:54:03,268 INFO  server.RaftServerConfigKeys (ConfUtils.java:logGet(43)) - raft.server.log.segment.cache.num.max = 2 (custom)
2019-07-12 12:54:03,267 INFO  server.RaftServerConfigKeys (ConfUtils.java:logGet(43)) - raft.server.log.use.memory = false (default)
2019-07-12 12:54:03,268 INFO  segmented.SegmentedRaftLogWorker (SegmentedRaftLogWorker.java:<init>(172)) - new cb9a4759-2319-4aa9-87c5-0d950a5f6b2a-SegmentedRaftLogWorker:Storage Directory /tmp/workdir/hadoop-ozone/integration-test/target/test-dir/MiniOzoneClusterImpl-3a70d5b3-47b5-47f2-a25b-0a2ae165259f/datanode-1/data/ratis/3fafc2c2-3124-4449-af96-9df7b8f0a5ea for RaftStorage:Storage Directory /tmp/workdir/hadoop-ozone/integration-test/target/test-dir/MiniOzoneClusterImpl-3a70d5b3-47b5-47f2-a25b-0a2ae165259f/datanode-1/data/ratis/3fafc2c2-3124-4449-af96-9df7b8f0a5ea
2019-07-12 12:54:03,268 INFO  server.RaftServerConfigKeys (ConfUtils.java:logGet(43)) - raft.server.log.purge.gap = 1000000000 (custom)
2019-07-12 12:54:03,268 INFO  server.RaftServerConfigKeys (ConfUtils.java:logGet(43)) - raft.server.log.queue.byte-limit = 2147483647 (custom)
2019-07-12 12:54:03,268 INFO  server.RaftServerConfigKeys (ConfUtils.java:logGet(43)) - raft.server.log.purge.gap = 1000000000 (custom)
2019-07-12 12:54:03,273 INFO  server.RaftServerConfigKeys (ConfUtils.java:logGet(43)) - raft.server.log.queue.element-limit = 1024 (custom)
2019-07-12 12:54:03,269 INFO  server.RaftServerConfigKeys (ConfUtils.java:logGet(43)) - raft.server.log.appender.buffer.byte-limit = 33554432 (custom)
2019-07-12 12:54:03,273 INFO  server.RaftServerConfigKeys (ConfUtils.java:logGet(43)) - raft.server.log.segment.size.max = 1048576 (custom)
2019-07-12 12:54:03,273 INFO  server.RaftServerConfigKeys (ConfUtils.java:logGet(43)) - raft.server.log.appender.buffer.byte-limit = 33554432 (custom)
2019-07-12 12:54:03,274 INFO  server.RaftServerConfigKeys (ConfUtils.java:logGet(43)) - raft.server.log.preallocated.size = 16384 (custom)
2019-07-12 12:54:03,274 INFO  server.RaftServerConfigKeys (ConfUtils.java:logGet(43)) - raft.server.log.write.buffer.size = 33554432 (custom)
2019-07-12 12:54:03,274 INFO  server.RaftServerConfigKeys (ConfUtils.java:logGet(43)) - raft.server.log.segment.size.max = 1048576 (custom)
2019-07-12 12:54:03,274 INFO  server.RaftServerConfigKeys (ConfUtils.java:logGet(43)) - raft.server.log.force.sync.num = 128 (default)
2019-07-12 12:54:03,274 INFO  server.RaftServerConfigKeys (ConfUtils.java:logGet(43)) - raft.server.log.segment.size.max = 1048576 (custom)
2019-07-12 12:54:03,275 INFO  server.RaftServerConfigKeys (ConfUtils.java:logGet(43)) - raft.server.log.statemachine.data.sync = true (default)
2019-07-12 12:54:03,275 INFO  server.RaftServerConfigKeys (ConfUtils.java:logGet(43)) - raft.server.log.segment.cache.num.max = 2 (custom)
2019-07-12 12:54:03,275 INFO  server.RaftServerConfigKeys (ConfUtils.java:logGet(43)) - raft.server.log.statemachine.data.sync.timeout = 10s (default)
2019-07-12 12:54:03,275 INFO  server.RaftServerConfigKeys (ConfUtils.java:logGet(43)) - raft.server.log.segment.cache.num.max = 2 (custom)
2019-07-12 12:54:03,275 INFO  server.RaftServerConfigKeys (ConfUtils.java:logGet(43)) - raft.server.log.statemachine.data.sync.timeout.retry = -1 (default)
2019-07-12 12:54:03,275 INFO  segmented.SegmentedRaftLogWorker (SegmentedRaftLogWorker.java:<init>(172)) - new f1b780fe-ed32-4b3b-a7dd-bcb4436fa190-SegmentedRaftLogWorker:Storage Directory /tmp/workdir/hadoop-ozone/integration-test/target/test-dir/MiniOzoneClusterImpl-3a70d5b3-47b5-47f2-a25b-0a2ae165259f/datanode-4/data/ratis/3fafc2c2-3124-4449-af96-9df7b8f0a5ea for RaftStorage:Storage Directory /tmp/workdir/hadoop-ozone/integration-test/target/test-dir/MiniOzoneClusterImpl-3a70d5b3-47b5-47f2-a25b-0a2ae165259f/datanode-4/data/ratis/3fafc2c2-3124-4449-af96-9df7b8f0a5ea
2019-07-12 12:54:03,276 INFO  server.RaftServerConfigKeys (ConfUtils.java:logGet(43)) - raft.server.log.statemachine.data.caching.enabled = true (custom)
2019-07-12 12:54:03,276 INFO  segmented.SegmentedRaftLogWorker (SegmentedRaftLogWorker.java:<init>(172)) - new 05c98b3f-3a67-4690-8376-941456a6e695-SegmentedRaftLogWorker:Storage Directory /tmp/workdir/hadoop-ozone/integration-test/target/test-dir/MiniOzoneClusterImpl-3a70d5b3-47b5-47f2-a25b-0a2ae165259f/datanode-5/data/ratis/3fafc2c2-3124-4449-af96-9df7b8f0a5ea for RaftStorage:Storage Directory /tmp/workdir/hadoop-ozone/integration-test/target/test-dir/MiniOzoneClusterImpl-3a70d5b3-47b5-47f2-a25b-0a2ae165259f/datanode-5/data/ratis/3fafc2c2-3124-4449-af96-9df7b8f0a5ea
2019-07-12 12:54:03,276 INFO  server.RaftServerConfigKeys (ConfUtils.java:logGet(43)) - raft.server.log.queue.byte-limit = 2147483647 (custom)
2019-07-12 12:54:03,285 INFO  server.RaftServerConfigKeys (ConfUtils.java:logGet(43)) - raft.server.log.queue.byte-limit = 2147483647 (custom)
2019-07-12 12:54:03,285 INFO  segmented.SegmentedRaftLogWorker (SegmentedRaftLogWorker.java:lambda$new$0(132)) - cb9a4759-2319-4aa9-87c5-0d950a5f6b2a-SegmentedRaftLogWorker:Storage Directory /tmp/workdir/hadoop-ozone/integration-test/target/test-dir/MiniOzoneClusterImpl-3a70d5b3-47b5-47f2-a25b-0a2ae165259f/datanode-1/data/ratis/3fafc2c2-3124-4449-af96-9df7b8f0a5ea: flushIndex: setUnconditionally 0 -> -1
2019-07-12 12:54:03,285 INFO  server.RaftServerConfigKeys (ConfUtils.java:logGet(43)) - raft.server.log.queue.element-limit = 1024 (custom)
2019-07-12 12:54:03,285 INFO  server.RaftServerConfigKeys (ConfUtils.java:logGet(43)) - raft.server.log.queue.element-limit = 1024 (custom)
2019-07-12 12:54:03,286 INFO  server.RaftServerConfigKeys (ConfUtils.java:logGet(43)) - raft.server.snapshot.auto.trigger.enabled = true (custom)
2019-07-12 12:54:03,286 INFO  server.RaftServerConfigKeys (ConfUtils.java:logGet(43)) - raft.server.log.segment.size.max = 1048576 (custom)
2019-07-12 12:54:03,286 INFO  server.RaftServerConfigKeys (ConfUtils.java:logGet(43)) - raft.server.snapshot.auto.trigger.threshold = 10000 (custom)
2019-07-12 12:54:03,286 INFO  server.RaftServerConfigKeys (ConfUtils.java:logGet(43)) - raft.server.log.segment.size.max = 1048576 (custom)
2019-07-12 12:54:03,287 INFO  server.RaftServerConfigKeys (ConfUtils.java:logGet(43)) - raft.server.retrycache.expirytime = 600000ms (custom)
2019-07-12 12:54:03,286 INFO  server.RaftServerConfigKeys (ConfUtils.java:logGet(43)) - raft.server.log.preallocated.size = 16384 (custom)
2019-07-12 12:54:03,287 INFO  impl.RaftServerImpl (RaftServerImpl.java:start(180)) - cb9a4759-2319-4aa9-87c5-0d950a5f6b2a: start group-9DF7B8F0A5EA
2019-07-12 12:54:03,287 INFO  impl.RaftServerImpl (RaftServerImpl.java:setRole(171)) - cb9a4759-2319-4aa9-87c5-0d950a5f6b2a:group-9DF7B8F0A5EA changes role from null to FOLLOWER at term 0 for startAsFollower
2019-07-12 12:54:03,287 INFO  server.RaftServerConfigKeys (ConfUtils.java:logGet(43)) - raft.server.log.preallocated.size = 16384 (custom)
2019-07-12 12:54:03,287 INFO  impl.RoleInfo (RoleInfo.java:updateAndGet(143)) - cb9a4759-2319-4aa9-87c5-0d950a5f6b2a: start FollowerState
2019-07-12 12:54:03,287 INFO  server.RaftServerConfigKeys (ConfUtils.java:logGet(43)) - raft.server.log.write.buffer.size = 33554432 (custom)
2019-07-12 12:54:03,288 INFO  server.RaftServerConfigKeys (ConfUtils.java:logGet(43)) - raft.server.log.write.buffer.size = 33554432 (custom)
2019-07-12 12:54:03,288 INFO  util.JmxRegister (JmxRegister.java:tryRegister(44)) - Successfully registered JMX Bean with object name Ratis:service=RaftServer,group=group-9DF7B8F0A5EA,id=cb9a4759-2319-4aa9-87c5-0d950a5f6b2a
2019-07-12 12:54:03,288 INFO  server.RaftServerConfigKeys (ConfUtils.java:logGet(43)) - raft.server.log.force.sync.num = 128 (default)
2019-07-12 12:54:03,289 INFO  server.RaftServerConfigKeys (ConfUtils.java:logGet(43)) - raft.server.log.statemachine.data.sync = true (default)
2019-07-12 12:54:03,288 INFO  server.RaftServerConfigKeys (ConfUtils.java:logGet(43)) - raft.server.log.force.sync.num = 128 (default)
2019-07-12 12:54:03,289 INFO  server.RaftServerConfigKeys (ConfUtils.java:logGet(43)) - raft.server.log.statemachine.data.sync.timeout = 10s (default)
2019-07-12 12:54:03,289 INFO  server.RaftServerConfigKeys (ConfUtils.java:logGet(43)) - raft.server.log.statemachine.data.sync = true (default)
2019-07-12 12:54:03,289 INFO  server.RaftServerConfigKeys (ConfUtils.java:logGet(43)) - raft.server.log.statemachine.data.sync.timeout.retry = -1 (default)
2019-07-12 12:54:03,289 INFO  server.RaftServerConfigKeys (ConfUtils.java:logGet(43)) - raft.server.log.statemachine.data.sync.timeout = 10s (default)
2019-07-12 12:54:03,290 INFO  server.RaftServerConfigKeys (ConfUtils.java:logGet(43)) - raft.server.log.statemachine.data.caching.enabled = true (custom)
2019-07-12 12:54:03,290 INFO  server.RaftServerConfigKeys (ConfUtils.java:logGet(43)) - raft.server.log.statemachine.data.sync.timeout.retry = -1 (default)
2019-07-12 12:54:03,290 INFO  segmented.SegmentedRaftLogWorker (SegmentedRaftLogWorker.java:lambda$new$0(132)) - 05c98b3f-3a67-4690-8376-941456a6e695-SegmentedRaftLogWorker:Storage Directory /tmp/workdir/hadoop-ozone/integration-test/target/test-dir/MiniOzoneClusterImpl-3a70d5b3-47b5-47f2-a25b-0a2ae165259f/datanode-5/data/ratis/3fafc2c2-3124-4449-af96-9df7b8f0a5ea: flushIndex: setUnconditionally 0 -> -1
2019-07-12 12:54:03,290 INFO  server.RaftServerConfigKeys (ConfUtils.java:logGet(43)) - raft.server.log.statemachine.data.caching.enabled = true (custom)
2019-07-12 12:54:03,291 INFO  server.RaftServerConfigKeys (ConfUtils.java:logGet(43)) - raft.server.snapshot.auto.trigger.enabled = true (custom)
2019-07-12 12:54:03,291 INFO  server.RaftServerConfigKeys (ConfUtils.java:logGet(43)) - raft.server.snapshot.auto.trigger.threshold = 10000 (custom)
2019-07-12 12:54:03,291 INFO  segmented.SegmentedRaftLogWorker (SegmentedRaftLogWorker.java:lambda$new$0(132)) - f1b780fe-ed32-4b3b-a7dd-bcb4436fa190-SegmentedRaftLogWorker:Storage Directory /tmp/workdir/hadoop-ozone/integration-test/target/test-dir/MiniOzoneClusterImpl-3a70d5b3-47b5-47f2-a25b-0a2ae165259f/datanode-4/data/ratis/3fafc2c2-3124-4449-af96-9df7b8f0a5ea: flushIndex: setUnconditionally 0 -> -1
2019-07-12 12:54:03,293 INFO  server.RaftServerConfigKeys (ConfUtils.java:logGet(43)) - raft.server.retrycache.expirytime = 600000ms (custom)
2019-07-12 12:54:03,293 INFO  impl.RaftServerImpl (RaftServerImpl.java:start(180)) - 05c98b3f-3a67-4690-8376-941456a6e695: start group-9DF7B8F0A5EA
2019-07-12 12:54:03,294 INFO  impl.RaftServerImpl (RaftServerImpl.java:setRole(171)) - 05c98b3f-3a67-4690-8376-941456a6e695:group-9DF7B8F0A5EA changes role from null to FOLLOWER at term 0 for startAsFollower
2019-07-12 12:54:03,293 INFO  server.RaftServerConfigKeys (ConfUtils.java:logGet(43)) - raft.server.snapshot.auto.trigger.enabled = true (custom)
2019-07-12 12:54:03,294 INFO  impl.RoleInfo (RoleInfo.java:updateAndGet(143)) - 05c98b3f-3a67-4690-8376-941456a6e695: start FollowerState
2019-07-12 12:54:03,294 INFO  server.RaftServerConfigKeys (ConfUtils.java:logGet(43)) - raft.server.snapshot.auto.trigger.threshold = 10000 (custom)
2019-07-12 12:54:03,294 INFO  server.RaftServerConfigKeys (ConfUtils.java:logGet(43)) - raft.server.retrycache.expirytime = 600000ms (custom)
2019-07-12 12:54:03,294 INFO  util.JmxRegister (JmxRegister.java:tryRegister(44)) - Successfully registered JMX Bean with object name Ratis:service=RaftServer,group=group-9DF7B8F0A5EA,id=05c98b3f-3a67-4690-8376-941456a6e695
2019-07-12 12:54:03,295 INFO  impl.RaftServerImpl (RaftServerImpl.java:start(180)) - f1b780fe-ed32-4b3b-a7dd-bcb4436fa190: start group-9DF7B8F0A5EA
2019-07-12 12:54:03,295 INFO  impl.RaftServerImpl (RaftServerImpl.java:setRole(171)) - f1b780fe-ed32-4b3b-a7dd-bcb4436fa190:group-9DF7B8F0A5EA changes role from null to FOLLOWER at term 0 for startAsFollower
2019-07-12 12:54:03,295 INFO  impl.RoleInfo (RoleInfo.java:updateAndGet(143)) - f1b780fe-ed32-4b3b-a7dd-bcb4436fa190: start FollowerState
2019-07-12 12:54:03,296 INFO  util.JmxRegister (JmxRegister.java:tryRegister(44)) - Successfully registered JMX Bean with object name Ratis:service=RaftServer,group=group-9DF7B8F0A5EA,id=f1b780fe-ed32-4b3b-a7dd-bcb4436fa190
2019-07-12 12:54:03,304 INFO  pipeline.PipelineStateManager (PipelineStateManager.java:addPipeline(56)) - Created pipeline Pipeline[ Id: 3fafc2c2-3124-4449-af96-9df7b8f0a5ea, Nodes: 05c98b3f-3a67-4690-8376-941456a6e695{ip: 192.168.157.212, host: pr-hdds-17356bwxm-3764869708, networkLocation: /default-rack, certSerialId: null}cb9a4759-2319-4aa9-87c5-0d950a5f6b2a{ip: 192.168.157.212, host: pr-hdds-17356bwxm-3764869708, networkLocation: /default-rack, certSerialId: null}f1b780fe-ed32-4b3b-a7dd-bcb4436fa190{ip: 192.168.157.212, host: pr-hdds-17356bwxm-3764869708, networkLocation: /default-rack, certSerialId: null}, Type:RATIS, Factor:THREE, State:OPEN]
2019-07-12 12:54:04,285 WARN  io.KeyOutputStream (KeyOutputStream.java:handleException(276)) - Encountered exception java.io.IOException: Unexpected Storage Container Exception: java.util.concurrent.CompletionException: java.util.concurrent.CompletionException: org.apache.ratis.protocol.GroupMismatchException: 05c98b3f-3a67-4690-8376-941456a6e695: group-18B826F74C29 not found. on the pipeline Pipeline[ Id: e34c94ac-0c16-47cf-bf45-18b826f74c29, Nodes: 05c98b3f-3a67-4690-8376-941456a6e695{ip: 192.168.157.212, host: pr-hdds-17356bwxm-3764869708, networkLocation: /default-rack, certSerialId: null}cb9a4759-2319-4aa9-87c5-0d950a5f6b2a{ip: 192.168.157.212, host: pr-hdds-17356bwxm-3764869708, networkLocation: /default-rack, certSerialId: null}f1b780fe-ed32-4b3b-a7dd-bcb4436fa190{ip: 192.168.157.212, host: pr-hdds-17356bwxm-3764869708, networkLocation: /default-rack, certSerialId: null}, Type:RATIS, Factor:THREE, State:OPEN]. The last committed block length is 400, uncommitted data length is 50 retry count 0
2019-07-12 12:54:04,511 INFO  client.GrpcClientProtocolClient (GrpcClientProtocolClient.java:onNext(255)) - client-131FA2BE9C5A->c6f740ed-0745-4563-a1bf-e72f2e5174bb: receive RaftClientReply:client-131FA2BE9C5A->c6f740ed-0745-4563-a1bf-e72f2e5174bb@group-CC1EAD29BA99, cid=27, SUCCESS, logIndex=1, commits[c6f740ed-0745-4563-a1bf-e72f2e5174bb:c1, a1706a09-45f1-4990-9806-ff7cad89d822:c0, 71a69e4f-4742-4387-afb8-7c95c2332a05:c0]
2019-07-12 12:54:04,629 INFO  client.GrpcClientProtocolClient (GrpcClientProtocolClient.java:onNext(255)) - client-131FA2BE9C5A->c6f740ed-0745-4563-a1bf-e72f2e5174bb: receive RaftClientReply:client-131FA2BE9C5A->c6f740ed-0745-4563-a1bf-e72f2e5174bb@group-CC1EAD29BA99, cid=28, SUCCESS, logIndex=3, commits[c6f740ed-0745-4563-a1bf-e72f2e5174bb:c4, a1706a09-45f1-4990-9806-ff7cad89d822:c3, 71a69e4f-4742-4387-afb8-7c95c2332a05:c3]
2019-07-12 12:54:04,695 INFO  pipeline.Pipeline (Pipeline.java:getProtobufMessage(195)) - Serialize pipeline PipelineID=8e3dd2f3-2e4c-48e0-b53c-cc1ead29ba99 with nodesInOrder{ }
2019-07-12 12:54:04,697 INFO  pipeline.Pipeline (Pipeline.java:build(342)) - Deserialize nodesInOrder [a1706a09-45f1-4990-9806-ff7cad89d822{ip: 192.168.157.212, host: pr-hdds-17356bwxm-3764869708, networkLocation: /default-rack, certSerialId: null}, a1706a09-45f1-4990-9806-ff7cad89d822{ip: 192.168.157.212, host: pr-hdds-17356bwxm-3764869708, networkLocation: /default-rack, certSerialId: null}, a1706a09-45f1-4990-9806-ff7cad89d822{ip: 192.168.157.212, host: pr-hdds-17356bwxm-3764869708, networkLocation: /default-rack, certSerialId: null}] in pipeline PipelineID=8e3dd2f3-2e4c-48e0-b53c-cc1ead29ba99
2019-07-12 12:54:04,704 INFO  ozone.MiniOzoneClusterImpl (MiniOzoneClusterImpl.java:shutdown(321)) - Shutting down the Mini Ozone Cluster
2019-07-12 12:54:04,704 INFO  ozone.MiniOzoneClusterImpl (MiniOzoneClusterImpl.java:stop(336)) - Stopping the Mini Ozone Cluster
2019-07-12 12:54:04,704 INFO  ozone.MiniOzoneClusterImpl (MiniOzoneClusterImpl.java:stop(338)) - Stopping the OzoneManager
2019-07-12 12:54:04,705 INFO  ipc.Server (Server.java:stop(3082)) - Stopping server on 44572
2019-07-12 12:54:04,719 INFO  utils.BackgroundService (BackgroundService.java:shutdown(148)) - Shutting down service KeyDeletingService
2019-07-12 12:54:04,720 INFO  ipc.Server (Server.java:run(1185)) - Stopping IPC Server listener on 44572
2019-07-12 12:54:04,723 INFO  ipc.Server (Server.java:run(1319)) - Stopping IPC Server Responder
2019-07-12 12:54:04,744 INFO  handler.ContextHandler (ContextHandler.java:doStop(910)) - Stopped o.e.j.w.WebAppContext@3e9803c2{/,null,UNAVAILABLE}{/ozoneManager}
2019-07-12 12:54:04,750 INFO  server.AbstractConnector (AbstractConnector.java:doStop(318)) - Stopped ServerConnector@4525d1d3{HTTP/1.1,[http/1.1]}{0.0.0.0:0}
2019-07-12 12:54:04,751 INFO  handler.ContextHandler (ContextHandler.java:doStop(910)) - Stopped o.e.j.s.ServletContextHandler@7b44b63d{/static,file:///tmp/workdir/hadoop-ozone/integration-test/target/test-classes/webapps/static,UNAVAILABLE}
2019-07-12 12:54:04,751 INFO  handler.ContextHandler (ContextHandler.java:doStop(910)) - Stopped o.e.j.s.ServletContextHandler@2d0bfb24{/logs,file:///tmp/workdir/hadoop-ozone/integration-test/target/log,UNAVAILABLE}
2019-07-12 12:54:04,766 INFO  ozone.MiniOzoneClusterImpl (MiniOzoneClusterImpl.java:stop(344)) - Shutting the HddsDatanodes
2019-07-12 12:54:04,767 INFO  datanode.ObjectStoreHandler (ObjectStoreHandler.java:close(155)) - Closing ObjectStoreHandler.
2019-07-12 12:54:04,767 INFO  datanode.ObjectStoreHandler (ObjectStoreHandler.java:close(155)) - Closing ObjectStoreHandler.
2019-07-12 12:54:04,769 INFO  ozone.HddsDatanodeService (HddsDatanodeService.java:stop(452)) - Stopped plug-in org.apache.hadoop.ozone.web.OzoneHddsDatanodeService@15d236fd
2019-07-12 12:54:04,769 INFO  ozone.HddsDatanodeService (HddsDatanodeService.java:stop(452)) - Stopped plug-in org.apache.hadoop.ozone.web.OzoneHddsDatanodeService@5729b410
2019-07-12 12:54:04,854 INFO  statemachine.DatanodeStateMachine (DatanodeStateMachine.java:lambda$startDaemon$0(350)) - Ozone container server started.
2019-07-12 12:54:05,534 INFO  statemachine.DatanodeStateMachine (DatanodeStateMachine.java:lambda$startDaemon$0(350)) - Ozone container server started.
2019-07-12 12:54:08,340 INFO  impl.FollowerState (FollowerState.java:run(106)) - f1b780fe-ed32-4b3b-a7dd-bcb4436fa190:group-9DF7B8F0A5EA changes to CANDIDATE, lastRpcTime:5044, electionTimeout:5044ms
2019-07-12 12:54:08,340 INFO  impl.RoleInfo (RoleInfo.java:shutdownFollowerState(121)) - f1b780fe-ed32-4b3b-a7dd-bcb4436fa190: shutdown FollowerState
2019-07-12 12:54:08,340 INFO  impl.RaftServerImpl (RaftServerImpl.java:setRole(171)) - f1b780fe-ed32-4b3b-a7dd-bcb4436fa190:group-9DF7B8F0A5EA changes role from FOLLOWER to CANDIDATE at term 0 for changeToCandidate
2019-07-12 12:54:08,341 INFO  impl.RoleInfo (RoleInfo.java:updateAndGet(143)) - f1b780fe-ed32-4b3b-a7dd-bcb4436fa190: start LeaderElection
2019-07-12 12:54:08,374 INFO  impl.LeaderElection (LeaderElection.java:askForVotes(181)) - f1b780fe-ed32-4b3b-a7dd-bcb4436fa190:group-9DF7B8F0A5EA:LeaderElection10: begin an election at term 1 for -1: [05c98b3f-3a67-4690-8376-941456a6e695:192.168.157.212:42282, cb9a4759-2319-4aa9-87c5-0d950a5f6b2a:192.168.157.212:39794, f1b780fe-ed32-4b3b-a7dd-bcb4436fa190:192.168.157.212:39985], old=null
2019-07-12 12:54:08,384 INFO  impl.FollowerState (FollowerState.java:run(106)) - 05c98b3f-3a67-4690-8376-941456a6e695:group-9DF7B8F0A5EA changes to CANDIDATE, lastRpcTime:5089, electionTimeout:5089ms
2019-07-12 12:54:08,384 INFO  impl.RoleInfo (RoleInfo.java:shutdownFollowerState(121)) - 05c98b3f-3a67-4690-8376-941456a6e695: shutdown FollowerState
2019-07-12 12:54:08,384 INFO  impl.RaftServerImpl (RaftServerImpl.java:setRole(171)) - 05c98b3f-3a67-4690-8376-941456a6e695:group-9DF7B8F0A5EA changes role from FOLLOWER to CANDIDATE at term 0 for changeToCandidate
2019-07-12 12:54:08,384 INFO  impl.RoleInfo (RoleInfo.java:updateAndGet(143)) - 05c98b3f-3a67-4690-8376-941456a6e695: start LeaderElection
2019-07-12 12:54:08,397 INFO  impl.RaftServerImpl (RaftServerImpl.java:setRole(171)) - cb9a4759-2319-4aa9-87c5-0d950a5f6b2a:group-9DF7B8F0A5EA changes role from FOLLOWER to FOLLOWER at term 1 for recognizeCandidate:f1b780fe-ed32-4b3b-a7dd-bcb4436fa190
2019-07-12 12:54:08,397 INFO  impl.RoleInfo (RoleInfo.java:shutdownFollowerState(121)) - cb9a4759-2319-4aa9-87c5-0d950a5f6b2a: shutdown FollowerState
2019-07-12 12:54:08,397 INFO  impl.RoleInfo (RoleInfo.java:updateAndGet(143)) - cb9a4759-2319-4aa9-87c5-0d950a5f6b2a: start FollowerState
2019-07-12 12:54:08,398 INFO  impl.FollowerState (FollowerState.java:run(114)) - cb9a4759-2319-4aa9-87c5-0d950a5f6b2a: FollowerState was interrupted: java.lang.InterruptedException: sleep interrupted
2019-07-12 12:54:08,405 INFO  impl.LeaderElection (LeaderElection.java:askForVotes(181)) - 05c98b3f-3a67-4690-8376-941456a6e695:group-9DF7B8F0A5EA:LeaderElection11: begin an election at term 1 for -1: [05c98b3f-3a67-4690-8376-941456a6e695:192.168.157.212:42282, cb9a4759-2319-4aa9-87c5-0d950a5f6b2a:192.168.157.212:39794, f1b780fe-ed32-4b3b-a7dd-bcb4436fa190:192.168.157.212:39985], old=null
2019-07-12 12:54:08,412 INFO  impl.LeaderElection (LeaderElection.java:logAndReturn(56)) - f1b780fe-ed32-4b3b-a7dd-bcb4436fa190:group-9DF7B8F0A5EA:LeaderElection10: Election PASSED; received 1 response(s) [f1b780fe-ed32-4b3b-a7dd-bcb4436fa190<-cb9a4759-2319-4aa9-87c5-0d950a5f6b2a#0:OK-t1] and 0 exception(s); f1b780fe-ed32-4b3b-a7dd-bcb4436fa190:t1, leader=null, voted=f1b780fe-ed32-4b3b-a7dd-bcb4436fa190, raftlog=f1b780fe-ed32-4b3b-a7dd-bcb4436fa190-SegmentedRaftLog:OPENED:c-1,f-1,i0, conf=-1: [05c98b3f-3a67-4690-8376-941456a6e695:192.168.157.212:42282, cb9a4759-2319-4aa9-87c5-0d950a5f6b2a:192.168.157.212:39794, f1b780fe-ed32-4b3b-a7dd-bcb4436fa190:192.168.157.212:39985], old=null
2019-07-12 12:54:08,412 INFO  impl.RoleInfo (RoleInfo.java:shutdownLeaderElection(134)) - f1b780fe-ed32-4b3b-a7dd-bcb4436fa190: shutdown LeaderElection
2019-07-12 12:54:08,421 INFO  impl.RaftServerImpl (RaftServerImpl.java:setRole(171)) - f1b780fe-ed32-4b3b-a7dd-bcb4436fa190:group-9DF7B8F0A5EA changes role from CANDIDATE to LEADER at term 1 for changeToLeader
2019-07-12 12:54:08,421 INFO  impl.RaftServerImpl (ServerState.java:setLeader(263)) - f1b780fe-ed32-4b3b-a7dd-bcb4436fa190:group-9DF7B8F0A5EA change Leader from null to f1b780fe-ed32-4b3b-a7dd-bcb4436fa190 at term 1 for becomeLeader, leader elected after 5154ms
2019-07-12 12:54:08,421 INFO  server.RaftServerConfigKeys (ConfUtils.java:logGet(43)) - raft.server.staging.catchup.gap = 1000 (default)
2019-07-12 12:54:08,421 INFO  server.RaftServerConfigKeys (ConfUtils.java:logGet(43)) - raft.server.rpc.sleep.time = 25ms (default)
2019-07-12 12:54:08,421 INFO  server.RaftServerConfigKeys (ConfUtils.java:logGet(43)) - raft.server.write.element-limit = 4096 (default)
2019-07-12 12:54:08,421 INFO  server.RaftServerConfigKeys (ConfUtils.java:logGet(43)) - raft.server.watch.timeout = 10s (default)
2019-07-12 12:54:08,422 INFO  server.RaftServerConfigKeys (ConfUtils.java:logGet(43)) - raft.server.watch.timeout.denomination = 1s (default)
2019-07-12 12:54:08,422 INFO  server.RaftServerConfigKeys (ConfUtils.java:logGet(43)) - raft.server.watch.element-limit = 65536 (default)
2019-07-12 12:54:08,422 INFO  server.RaftServerConfigKeys (ConfUtils.java:logGet(43)) - raft.server.log.appender.snapshot.chunk.size.max = 16MB (=16777216) (default)
2019-07-12 12:54:08,422 INFO  server.RaftServerConfigKeys (ConfUtils.java:logGet(43)) - raft.server.log.appender.buffer.byte-limit = 33554432 (custom)
2019-07-12 12:54:08,423 INFO  server.RaftServerConfigKeys (ConfUtils.java:logGet(43)) - raft.server.log.appender.buffer.element-limit = 1 (custom)
2019-07-12 12:54:08,423 INFO  grpc.GrpcConfigKeys$Server (ConfUtils.java:logGet(43)) - raft.grpc.server.leader.outstanding.appends.max = 128 (default)
2019-07-12 12:54:08,423 INFO  server.RaftServerConfigKeys (ConfUtils.java:logGet(43)) - raft.server.rpc.request.timeout = 3000ms (default)
2019-07-12 12:54:08,423 INFO  server.RaftServerConfigKeys (ConfUtils.java:logGet(43)) - raft.server.log.appender.install.snapshot.enabled = false (custom)
2019-07-12 12:54:08,424 INFO  server.RaftServerConfigKeys (ConfUtils.java:logGet(43)) - raft.server.log.appender.snapshot.chunk.size.max = 16MB (=16777216) (default)
2019-07-12 12:54:08,424 INFO  server.RaftServerConfigKeys (ConfUtils.java:logGet(43)) - raft.server.log.appender.buffer.byte-limit = 33554432 (custom)
2019-07-12 12:54:08,426 INFO  server.RaftServerConfigKeys (ConfUtils.java:logGet(43)) - raft.server.log.appender.buffer.element-limit = 1 (custom)
2019-07-12 12:54:08,427 INFO  grpc.GrpcConfigKeys$Server (ConfUtils.java:logGet(43)) - raft.grpc.server.leader.outstanding.appends.max = 128 (default)
2019-07-12 12:54:08,427 INFO  server.RaftServerConfigKeys (ConfUtils.java:logGet(43)) - raft.server.rpc.request.timeout = 3000ms (default)
2019-07-12 12:54:08,429 INFO  server.RaftServerConfigKeys (ConfUtils.java:logGet(43)) - raft.server.log.appender.install.snapshot.enabled = false (custom)
2019-07-12 12:54:08,431 INFO  impl.RoleInfo (RoleInfo.java:updateAndGet(143)) - f1b780fe-ed32-4b3b-a7dd-bcb4436fa190: start LeaderState
2019-07-12 12:54:08,432 INFO  segmented.SegmentedRaftLogWorker (SegmentedRaftLogWorker.java:startLogSegment(380)) - f1b780fe-ed32-4b3b-a7dd-bcb4436fa190-SegmentedRaftLogWorker:Storage Directory /tmp/workdir/hadoop-ozone/integration-test/target/test-dir/MiniOzoneClusterImpl-3a70d5b3-47b5-47f2-a25b-0a2ae165259f/datanode-4/data/ratis/3fafc2c2-3124-4449-af96-9df7b8f0a5ea: Starting segment from index:0
2019-07-12 12:54:08,454 INFO  impl.RaftServerImpl (ServerState.java:setRaftConf(361)) - f1b780fe-ed32-4b3b-a7dd-bcb4436fa190:group-9DF7B8F0A5EA set configuration 0: [05c98b3f-3a67-4690-8376-941456a6e695:192.168.157.212:42282, cb9a4759-2319-4aa9-87c5-0d950a5f6b2a:192.168.157.212:39794, f1b780fe-ed32-4b3b-a7dd-bcb4436fa190:192.168.157.212:39985], old=null at 0
2019-07-12 12:54:08,454 INFO  impl.RaftServerImpl (RaftServerImpl.java:requestVote(754)) - f1b780fe-ed32-4b3b-a7dd-bcb4436fa190-LEADER: Withhold vote from candidate 05c98b3f-3a67-4690-8376-941456a6e695 with term 1. State: leader=f1b780fe-ed32-4b3b-a7dd-bcb4436fa190, term=1, lastRpcElapsed=null
2019-07-12 12:54:08,458 INFO  impl.RaftServerImpl (RaftServerImpl.java:setRole(171)) - 05c98b3f-3a67-4690-8376-941456a6e695:group-9DF7B8F0A5EA changes role from CANDIDATE to FOLLOWER at term 1 for appendEntries
2019-07-12 12:54:08,458 INFO  impl.LeaderElection (LeaderElection.java:logAndReturn(56)) - 05c98b3f-3a67-4690-8376-941456a6e695:group-9DF7B8F0A5EA:LeaderElection11: Election REJECTED; received 2 response(s) [05c98b3f-3a67-4690-8376-941456a6e695<-cb9a4759-2319-4aa9-87c5-0d950a5f6b2a#0:FAIL-t1, 05c98b3f-3a67-4690-8376-941456a6e695<-f1b780fe-ed32-4b3b-a7dd-bcb4436fa190#0:FAIL-t1] and 0 exception(s); 05c98b3f-3a67-4690-8376-941456a6e695:t1, leader=null, voted=05c98b3f-3a67-4690-8376-941456a6e695, raftlog=05c98b3f-3a67-4690-8376-941456a6e695-SegmentedRaftLog:OPENED:c-1,f-1,i0, conf=-1: [05c98b3f-3a67-4690-8376-941456a6e695:192.168.157.212:42282, cb9a4759-2319-4aa9-87c5-0d950a5f6b2a:192.168.157.212:39794, f1b780fe-ed32-4b3b-a7dd-bcb4436fa190:192.168.157.212:39985], old=null
2019-07-12 12:54:08,458 INFO  impl.RaftServerImpl (ServerState.java:setLeader(263)) - cb9a4759-2319-4aa9-87c5-0d950a5f6b2a:group-9DF7B8F0A5EA change Leader from null to f1b780fe-ed32-4b3b-a7dd-bcb4436fa190 at term 1 for appendEntries, leader elected after 5192ms
2019-07-12 12:54:08,459 INFO  impl.RoleInfo (RoleInfo.java:shutdownLeaderElection(134)) - 05c98b3f-3a67-4690-8376-941456a6e695: shutdown LeaderElection
2019-07-12 12:54:08,460 INFO  impl.RoleInfo (RoleInfo.java:updateAndGet(143)) - 05c98b3f-3a67-4690-8376-941456a6e695: start FollowerState
2019-07-12 12:54:08,460 INFO  impl.RaftServerImpl (ServerState.java:setLeader(263)) - 05c98b3f-3a67-4690-8376-941456a6e695:group-9DF7B8F0A5EA change Leader from null to f1b780fe-ed32-4b3b-a7dd-bcb4436fa190 at term 1 for appendEntries, leader elected after 5193ms
2019-07-12 12:54:08,462 INFO  impl.RaftServerImpl (ServerState.java:setRaftConf(361)) - cb9a4759-2319-4aa9-87c5-0d950a5f6b2a:group-9DF7B8F0A5EA set configuration 0: [05c98b3f-3a67-4690-8376-941456a6e695:192.168.157.212:42282, cb9a4759-2319-4aa9-87c5-0d950a5f6b2a:192.168.157.212:39794, f1b780fe-ed32-4b3b-a7dd-bcb4436fa190:192.168.157.212:39985], old=null at 0
2019-07-12 12:54:08,463 INFO  segmented.SegmentedRaftLogWorker (SegmentedRaftLogWorker.java:startLogSegment(380)) - cb9a4759-2319-4aa9-87c5-0d950a5f6b2a-SegmentedRaftLogWorker:Storage Directory /tmp/workdir/hadoop-ozone/integration-test/target/test-dir/MiniOzoneClusterImpl-3a70d5b3-47b5-47f2-a25b-0a2ae165259f/datanode-1/data/ratis/3fafc2c2-3124-4449-af96-9df7b8f0a5ea: Starting segment from index:0
2019-07-12 12:54:08,463 INFO  impl.RaftServerImpl (ServerState.java:setRaftConf(361)) - 05c98b3f-3a67-4690-8376-941456a6e695:group-9DF7B8F0A5EA set configuration 0: [05c98b3f-3a67-4690-8376-941456a6e695:192.168.157.212:42282, cb9a4759-2319-4aa9-87c5-0d950a5f6b2a:192.168.157.212:39794, f1b780fe-ed32-4b3b-a7dd-bcb4436fa190:192.168.157.212:39985], old=null at 0
2019-07-12 12:54:08,464 INFO  segmented.SegmentedRaftLogWorker (SegmentedRaftLogWorker.java:startLogSegment(380)) - 05c98b3f-3a67-4690-8376-941456a6e695-SegmentedRaftLogWorker:Storage Directory /tmp/workdir/hadoop-ozone/integration-test/target/test-dir/MiniOzoneClusterImpl-3a70d5b3-47b5-47f2-a25b-0a2ae165259f/datanode-5/data/ratis/3fafc2c2-3124-4449-af96-9df7b8f0a5ea: Starting segment from index:0
2019-07-12 12:54:08,466 INFO  segmented.SegmentedRaftLogWorker (SegmentedRaftLogWorker.java:execute(569)) - f1b780fe-ed32-4b3b-a7dd-bcb4436fa190-SegmentedRaftLogWorker:Storage Directory /tmp/workdir/hadoop-ozone/integration-test/target/test-dir/MiniOzoneClusterImpl-3a70d5b3-47b5-47f2-a25b-0a2ae165259f/datanode-4/data/ratis/3fafc2c2-3124-4449-af96-9df7b8f0a5ea: created new log segment /tmp/workdir/hadoop-ozone/integration-test/target/test-dir/MiniOzoneClusterImpl-3a70d5b3-47b5-47f2-a25b-0a2ae165259f/datanode-4/data/ratis/3fafc2c2-3124-4449-af96-9df7b8f0a5ea/current/log_inprogress_0
2019-07-12 12:54:08,493 INFO  segmented.SegmentedRaftLogWorker (SegmentedRaftLogWorker.java:execute(569)) - 05c98b3f-3a67-4690-8376-941456a6e695-SegmentedRaftLogWorker:Storage Directory /tmp/workdir/hadoop-ozone/integration-test/target/test-dir/MiniOzoneClusterImpl-3a70d5b3-47b5-47f2-a25b-0a2ae165259f/datanode-5/data/ratis/3fafc2c2-3124-4449-af96-9df7b8f0a5ea: created new log segment /tmp/workdir/hadoop-ozone/integration-test/target/test-dir/MiniOzoneClusterImpl-3a70d5b3-47b5-47f2-a25b-0a2ae165259f/datanode-5/data/ratis/3fafc2c2-3124-4449-af96-9df7b8f0a5ea/current/log_inprogress_0
2019-07-12 12:54:08,493 INFO  segmented.SegmentedRaftLogWorker (SegmentedRaftLogWorker.java:execute(569)) - cb9a4759-2319-4aa9-87c5-0d950a5f6b2a-SegmentedRaftLogWorker:Storage Directory /tmp/workdir/hadoop-ozone/integration-test/target/test-dir/MiniOzoneClusterImpl-3a70d5b3-47b5-47f2-a25b-0a2ae165259f/datanode-1/data/ratis/3fafc2c2-3124-4449-af96-9df7b8f0a5ea: created new log segment /tmp/workdir/hadoop-ozone/integration-test/target/test-dir/MiniOzoneClusterImpl-3a70d5b3-47b5-47f2-a25b-0a2ae165259f/datanode-1/data/ratis/3fafc2c2-3124-4449-af96-9df7b8f0a5ea/current/log_inprogress_0
2019-07-12 12:54:09,773 INFO  ozoneimpl.OzoneContainer (OzoneContainer.java:stop(199)) - Attempting to stop container services.
2019-07-12 12:54:09,773 INFO  ozoneimpl.OzoneContainer (OzoneContainer.java:stop(199)) - Attempting to stop container services.
2019-07-12 12:54:09,774 INFO  impl.RaftServerProxy (RaftServerProxy.java:lambda$close$4(314)) - cb9a4759-2319-4aa9-87c5-0d950a5f6b2a: close
2019-07-12 12:54:09,774 INFO  impl.RaftServerProxy (RaftServerProxy.java:lambda$close$4(314)) - f1b780fe-ed32-4b3b-a7dd-bcb4436fa190: close
2019-07-12 12:54:09,775 INFO  impl.RaftServerImpl (RaftServerImpl.java:lambda$shutdown$3(245)) - cb9a4759-2319-4aa9-87c5-0d950a5f6b2a: shutdown group-9DF7B8F0A5EA
2019-07-12 12:54:09,775 INFO  impl.RaftServerImpl (RaftServerImpl.java:lambda$shutdown$3(245)) - f1b780fe-ed32-4b3b-a7dd-bcb4436fa190: shutdown group-6AB3ABDF192D
2019-07-12 12:54:09,775 INFO  util.JmxRegister (JmxRegister.java:unregister(73)) - Successfully un-registered JMX Bean with object name Ratis:service=RaftServer,group=group-9DF7B8F0A5EA,id=cb9a4759-2319-4aa9-87c5-0d950a5f6b2a
2019-07-12 12:54:09,775 INFO  util.JmxRegister (JmxRegister.java:unregister(73)) - Successfully un-registered JMX Bean with object name Ratis:service=RaftServer,group=group-6AB3ABDF192D,id=f1b780fe-ed32-4b3b-a7dd-bcb4436fa190
2019-07-12 12:54:09,775 INFO  impl.RoleInfo (RoleInfo.java:shutdownFollowerState(121)) - cb9a4759-2319-4aa9-87c5-0d950a5f6b2a: shutdown FollowerState
2019-07-12 12:54:09,776 INFO  impl.RoleInfo (RoleInfo.java:shutdownLeaderState(104)) - f1b780fe-ed32-4b3b-a7dd-bcb4436fa190: shutdown LeaderState
2019-07-12 12:54:09,777 INFO  ratis.ContainerStateMachine (ContainerStateMachine.java:takeSnapshot(246)) - Taking snapshot at termIndex:(t:0, i:~)
2019-07-12 12:54:09,776 INFO  impl.FollowerState (FollowerState.java:run(114)) - cb9a4759-2319-4aa9-87c5-0d950a5f6b2a: FollowerState was interrupted: java.lang.InterruptedException: sleep interrupted
2019-07-12 12:54:09,776 INFO  impl.StateMachineUpdater (StateMachineUpdater.java:stopAndJoin(115)) - StateMachineUpdater:cb9a4759-2319-4aa9-87c5-0d950a5f6b2a:group-9DF7B8F0A5EA: set stopIndex = -1
2019-07-12 12:54:09,777 INFO  impl.PendingRequests (PendingRequests.java:sendNotLeaderResponses(202)) - f1b780fe-ed32-4b3b-a7dd-bcb4436fa190-PendingRequests: sendNotLeaderResponses
2019-07-12 12:54:09,780 INFO  impl.RaftServerImpl (ServerState.java:close(394)) - cb9a4759-2319-4aa9-87c5-0d950a5f6b2a:group-9DF7B8F0A5EA closes. The last applied log index is -1
2019-07-12 12:54:09,781 INFO  impl.StateMachineUpdater (StateMachineUpdater.java:stopAndJoin(115)) - StateMachineUpdater:f1b780fe-ed32-4b3b-a7dd-bcb4436fa190:group-6AB3ABDF192D: set stopIndex = 0
2019-07-12 12:54:09,781 INFO  segmented.SegmentedRaftLogWorker (SegmentedRaftLogWorker.java:run(313)) - cb9a4759-2319-4aa9-87c5-0d950a5f6b2a-SegmentedRaftLogWorker:Storage Directory /tmp/workdir/hadoop-ozone/integration-test/target/test-dir/MiniOzoneClusterImpl-3a70d5b3-47b5-47f2-a25b-0a2ae165259f/datanode-1/data/ratis/3fafc2c2-3124-4449-af96-9df7b8f0a5ea was interrupted, exiting. There are 0 tasks remaining in the queue.
2019-07-12 12:54:09,781 INFO  ratis.ContainerStateMachine (ContainerStateMachine.java:takeSnapshot(246)) - Taking snapshot at termIndex:(t:0, i:~)
2019-07-12 12:54:09,783 INFO  segmented.SegmentedRaftLogWorker (SegmentedRaftLogWorker.java:close(228)) - cb9a4759-2319-4aa9-87c5-0d950a5f6b2a-SegmentedRaftLogWorker:Storage Directory /tmp/workdir/hadoop-ozone/integration-test/target/test-dir/MiniOzoneClusterImpl-3a70d5b3-47b5-47f2-a25b-0a2ae165259f/datanode-1/data/ratis/3fafc2c2-3124-4449-af96-9df7b8f0a5ea close()
2019-07-12 12:54:09,783 INFO  impl.RaftServerImpl (ServerState.java:close(394)) - f1b780fe-ed32-4b3b-a7dd-bcb4436fa190:group-6AB3ABDF192D closes. The last applied log index is 0
2019-07-12 12:54:09,787 INFO  impl.RaftServerImpl (RaftServerImpl.java:lambda$shutdown$3(245)) - cb9a4759-2319-4aa9-87c5-0d950a5f6b2a: shutdown group-04793386A438
2019-07-12 12:54:09,787 INFO  segmented.SegmentedRaftLogWorker (SegmentedRaftLogWorker.java:run(313)) - f1b780fe-ed32-4b3b-a7dd-bcb4436fa190-SegmentedRaftLogWorker:Storage Directory /tmp/workdir/hadoop-ozone/integration-test/target/test-dir/MiniOzoneClusterImpl-3a70d5b3-47b5-47f2-a25b-0a2ae165259f/datanode-4/data/ratis/156e9ad1-a258-46f9-90c9-6ab3abdf192d was interrupted, exiting. There are 0 tasks remaining in the queue.
2019-07-12 12:54:09,787 INFO  util.JmxRegister (JmxRegister.java:unregister(73)) - Successfully un-registered JMX Bean with object name Ratis:service=RaftServer,group=group-04793386A438,id=cb9a4759-2319-4aa9-87c5-0d950a5f6b2a
2019-07-12 12:54:09,789 INFO  impl.RoleInfo (RoleInfo.java:shutdownLeaderState(104)) - cb9a4759-2319-4aa9-87c5-0d950a5f6b2a: shutdown LeaderState
2019-07-12 12:54:09,789 INFO  segmented.SegmentedRaftLogWorker (SegmentedRaftLogWorker.java:close(228)) - f1b780fe-ed32-4b3b-a7dd-bcb4436fa190-SegmentedRaftLogWorker:Storage Directory /tmp/workdir/hadoop-ozone/integration-test/target/test-dir/MiniOzoneClusterImpl-3a70d5b3-47b5-47f2-a25b-0a2ae165259f/datanode-4/data/ratis/156e9ad1-a258-46f9-90c9-6ab3abdf192d close()
2019-07-12 12:54:09,789 INFO  impl.PendingRequests (PendingRequests.java:sendNotLeaderResponses(202)) - cb9a4759-2319-4aa9-87c5-0d950a5f6b2a-PendingRequests: sendNotLeaderResponses
2019-07-12 12:54:09,795 INFO  impl.RaftServerImpl (RaftServerImpl.java:lambda$shutdown$3(245)) - f1b780fe-ed32-4b3b-a7dd-bcb4436fa190: shutdown group-9DF7B8F0A5EA
2019-07-12 12:54:09,795 INFO  ratis.ContainerStateMachine (ContainerStateMachine.java:takeSnapshot(246)) - Taking snapshot at termIndex:(t:0, i:~)
2019-07-12 12:54:09,795 INFO  impl.StateMachineUpdater (StateMachineUpdater.java:stopAndJoin(115)) - StateMachineUpdater:cb9a4759-2319-4aa9-87c5-0d950a5f6b2a:group-04793386A438: set stopIndex = 0
2019-07-12 12:54:09,796 INFO  impl.RaftServerImpl (ServerState.java:close(394)) - cb9a4759-2319-4aa9-87c5-0d950a5f6b2a:group-04793386A438 closes. The last applied log index is 0
2019-07-12 12:54:09,795 INFO  util.JmxRegister (JmxRegister.java:unregister(73)) - Successfully un-registered JMX Bean with object name Ratis:service=RaftServer,group=group-9DF7B8F0A5EA,id=f1b780fe-ed32-4b3b-a7dd-bcb4436fa190
2019-07-12 12:54:09,796 INFO  segmented.SegmentedRaftLogWorker (SegmentedRaftLogWorker.java:run(313)) - cb9a4759-2319-4aa9-87c5-0d950a5f6b2a-SegmentedRaftLogWorker:Storage Directory /tmp/workdir/hadoop-ozone/integration-test/target/test-dir/MiniOzoneClusterImpl-3a70d5b3-47b5-47f2-a25b-0a2ae165259f/datanode-1/data/ratis/266b9e82-4dec-4098-9984-04793386a438 was interrupted, exiting. There are 0 tasks remaining in the queue.
2019-07-12 12:54:09,796 INFO  impl.RoleInfo (RoleInfo.java:shutdownLeaderState(104)) - f1b780fe-ed32-4b3b-a7dd-bcb4436fa190: shutdown LeaderState
2019-07-12 12:54:09,798 INFO  segmented.SegmentedRaftLogWorker (SegmentedRaftLogWorker.java:close(228)) - cb9a4759-2319-4aa9-87c5-0d950a5f6b2a-SegmentedRaftLogWorker:Storage Directory /tmp/workdir/hadoop-ozone/integration-test/target/test-dir/MiniOzoneClusterImpl-3a70d5b3-47b5-47f2-a25b-0a2ae165259f/datanode-1/data/ratis/266b9e82-4dec-4098-9984-04793386a438 close()
2019-07-12 12:54:09,811 WARN  server.GrpcLogAppender (GrpcLogAppender.java:mayWait(143)) - GrpcLogAppender(f1b780fe-ed32-4b3b-a7dd-bcb4436fa190->cb9a4759-2319-4aa9-87c5-0d950a5f6b2a): Wait interrupted by java.lang.InterruptedException
2019-07-12 12:54:09,811 WARN  server.GrpcLogAppender (GrpcLogAppender.java:mayWait(143)) - GrpcLogAppender(f1b780fe-ed32-4b3b-a7dd-bcb4436fa190->05c98b3f-3a67-4690-8376-941456a6e695): Wait interrupted by java.lang.InterruptedException
2019-07-12 12:54:09,811 INFO  impl.PendingRequests (PendingRequests.java:sendNotLeaderResponses(202)) - f1b780fe-ed32-4b3b-a7dd-bcb4436fa190-PendingRequests: sendNotLeaderResponses
2019-07-12 12:54:09,813 INFO  server.GrpcService (GrpcService.java:closeImpl(155)) - cb9a4759-2319-4aa9-87c5-0d950a5f6b2a: shutdown server with port 39794 now
2019-07-12 12:54:09,817 INFO  impl.StateMachineUpdater (StateMachineUpdater.java:stopAndJoin(115)) - StateMachineUpdater:f1b780fe-ed32-4b3b-a7dd-bcb4436fa190:group-9DF7B8F0A5EA: set stopIndex = 0
2019-07-12 12:54:09,817 INFO  server.GrpcServerProtocolService (GrpcServerProtocolService.java:onCompleted(104)) - 05c98b3f-3a67-4690-8376-941456a6e695: appendEntries completed
2019-07-12 12:54:09,817 INFO  ratis.ContainerStateMachine (ContainerStateMachine.java:takeSnapshot(246)) - Taking snapshot at termIndex:(t:0, i:~)
2019-07-12 12:54:09,817 INFO  server.GrpcServerProtocolService (GrpcServerProtocolService.java:onCompleted(104)) - cb9a4759-2319-4aa9-87c5-0d950a5f6b2a: appendEntries completed
2019-07-12 12:54:09,819 INFO  impl.RaftServerImpl (ServerState.java:close(394)) - f1b780fe-ed32-4b3b-a7dd-bcb4436fa190:group-9DF7B8F0A5EA closes. The last applied log index is 0
2019-07-12 12:54:09,822 INFO  segmented.SegmentedRaftLogWorker (SegmentedRaftLogWorker.java:run(313)) - f1b780fe-ed32-4b3b-a7dd-bcb4436fa190-SegmentedRaftLogWorker:Storage Directory /tmp/workdir/hadoop-ozone/integration-test/target/test-dir/MiniOzoneClusterImpl-3a70d5b3-47b5-47f2-a25b-0a2ae165259f/datanode-4/data/ratis/3fafc2c2-3124-4449-af96-9df7b8f0a5ea was interrupted, exiting. There are 0 tasks remaining in the queue.
2019-07-12 12:54:09,824 INFO  segmented.SegmentedRaftLogWorker (SegmentedRaftLogWorker.java:close(228)) - f1b780fe-ed32-4b3b-a7dd-bcb4436fa190-SegmentedRaftLogWorker:Storage Directory /tmp/workdir/hadoop-ozone/integration-test/target/test-dir/MiniOzoneClusterImpl-3a70d5b3-47b5-47f2-a25b-0a2ae165259f/datanode-4/data/ratis/3fafc2c2-3124-4449-af96-9df7b8f0a5ea close()
2019-07-12 12:54:09,824 INFO  server.GrpcLogAppender (GrpcLogAppender.java:onCompleted(292)) - f1b780fe-ed32-4b3b-a7dd-bcb4436fa190->05c98b3f-3a67-4690-8376-941456a6e695: follower responses appendEntries COMPLETED
2019-07-12 12:54:09,824 INFO  server.GrpcLogAppender (GrpcLogAppender.java:onCompleted(292)) - f1b780fe-ed32-4b3b-a7dd-bcb4436fa190->cb9a4759-2319-4aa9-87c5-0d950a5f6b2a: follower responses appendEntries COMPLETED
2019-07-12 12:54:09,828 INFO  server.GrpcService (GrpcService.java:closeImpl(155)) - f1b780fe-ed32-4b3b-a7dd-bcb4436fa190: shutdown server with port 39985 now
2019-07-12 12:54:09,832 INFO  impl.FollowerInfo (FollowerInfo.java:lambda$new$0(50)) - f1b780fe-ed32-4b3b-a7dd-bcb4436fa190->cb9a4759-2319-4aa9-87c5-0d950a5f6b2a: nextIndex: updateUnconditionally 1 -> 0
2019-07-12 12:54:09,832 INFO  impl.FollowerInfo (FollowerInfo.java:lambda$new$0(50)) - f1b780fe-ed32-4b3b-a7dd-bcb4436fa190->05c98b3f-3a67-4690-8376-941456a6e695: nextIndex: updateUnconditionally 1 -> 0
2019-07-12 12:54:09,833 INFO  server.GrpcService (GrpcService.java:closeImpl(163)) - f1b780fe-ed32-4b3b-a7dd-bcb4436fa190: shutdown server with port 39985 successfully
2019-07-12 12:54:09,833 INFO  server.GrpcService (GrpcService.java:closeImpl(163)) - cb9a4759-2319-4aa9-87c5-0d950a5f6b2a: shutdown server with port 39794 successfully
2019-07-12 12:54:09,837 INFO  utils.BackgroundService (BackgroundService.java:shutdown(148)) - Shutting down service BlockDeletingService
2019-07-12 12:54:09,839 WARN  fs.CachingGetSpaceUsed (CachingGetSpaceUsed.java:run(183)) - Thread Interrupted waiting to refresh disk information: sleep interrupted
2019-07-12 12:54:09,845 INFO  utils.BackgroundService (BackgroundService.java:shutdown(148)) - Shutting down service BlockDeletingService
2019-07-12 12:54:09,847 WARN  fs.CachingGetSpaceUsed (CachingGetSpaceUsed.java:run(183)) - Thread Interrupted waiting to refresh disk information: sleep interrupted
2019-07-12 12:54:09,864 INFO  statemachine.DatanodeStateMachine (DatanodeStateMachine.java:stopDaemon(395)) - Ozone container server stopped.
2019-07-12 12:54:09,868 INFO  handler.ContextHandler (ContextHandler.java:doStop(910)) - Stopped o.e.j.w.WebAppContext@2e1eb85f{/,null,UNAVAILABLE}{/hddsDatanode}
2019-07-12 12:54:09,869 INFO  server.AbstractConnector (AbstractConnector.java:doStop(318)) - Stopped ServerConnector@ea7a4c3{HTTP/1.1,[http/1.1]}{0.0.0.0:0}
2019-07-12 12:54:09,871 INFO  handler.ContextHandler (ContextHandler.java:doStop(910)) - Stopped o.e.j.s.ServletContextHandler@364fd4ae{/static,jar:file:/home/user/.m2/repository/org/apache/hadoop/hadoop-hdds-container-service/0.5.0-SNAPSHOT/hadoop-hdds-container-service-0.5.0-SNAPSHOT.jar!/webapps/static,UNAVAILABLE}
2019-07-12 12:54:09,873 INFO  handler.ContextHandler (ContextHandler.java:doStop(910)) - Stopped o.e.j.s.ServletContextHandler@359066bc{/logs,file:///tmp/workdir/hadoop-ozone/integration-test/target/log,UNAVAILABLE}
2019-07-12 12:54:09,874 INFO  datanode.ObjectStoreHandler (ObjectStoreHandler.java:close(155)) - Closing ObjectStoreHandler.
2019-07-12 12:54:09,874 INFO  ozone.HddsDatanodeService (HddsDatanodeService.java:stop(452)) - Stopped plug-in org.apache.hadoop.ozone.web.OzoneHddsDatanodeService@7436364d
2019-07-12 12:54:09,881 INFO  statemachine.DatanodeStateMachine (DatanodeStateMachine.java:stopDaemon(395)) - Ozone container server stopped.
2019-07-12 12:54:09,882 INFO  handler.ContextHandler (ContextHandler.java:doStop(910)) - Stopped o.e.j.w.WebAppContext@367d34c0{/,null,UNAVAILABLE}{/hddsDatanode}
2019-07-12 12:54:09,883 INFO  server.AbstractConnector (AbstractConnector.java:doStop(318)) - Stopped ServerConnector@4ce25e47{HTTP/1.1,[http/1.1]}{0.0.0.0:0}
2019-07-12 12:54:09,883 INFO  handler.ContextHandler (ContextHandler.java:doStop(910)) - Stopped o.e.j.s.ServletContextHandler@5fef0c19{/static,jar:file:/home/user/.m2/repository/org/apache/hadoop/hadoop-hdds-container-service/0.5.0-SNAPSHOT/hadoop-hdds-container-service-0.5.0-SNAPSHOT.jar!/webapps/static,UNAVAILABLE}
2019-07-12 12:54:09,884 INFO  handler.ContextHandler (ContextHandler.java:doStop(910)) - Stopped o.e.j.s.ServletContextHandler@615db358{/logs,file:///tmp/workdir/hadoop-ozone/integration-test/target/log,UNAVAILABLE}
2019-07-12 12:54:09,885 INFO  datanode.ObjectStoreHandler (ObjectStoreHandler.java:close(155)) - Closing ObjectStoreHandler.
2019-07-12 12:54:09,885 INFO  ozone.HddsDatanodeService (HddsDatanodeService.java:stop(452)) - Stopped plug-in org.apache.hadoop.ozone.web.OzoneHddsDatanodeService@65da01f4
2019-07-12 12:54:10,064 INFO  statemachine.DatanodeStateMachine (DatanodeStateMachine.java:lambda$startDaemon$0(350)) - Ozone container server started.
2019-07-12 12:54:10,478 INFO  statemachine.DatanodeStateMachine (DatanodeStateMachine.java:lambda$startDaemon$0(350)) - Ozone container server started.
2019-07-12 12:54:14,875 INFO  ozoneimpl.OzoneContainer (OzoneContainer.java:stop(199)) - Attempting to stop container services.
2019-07-12 12:54:14,876 INFO  impl.RaftServerProxy (RaftServerProxy.java:lambda$close$4(314)) - 99474c79-44d7-4ef4-a691-a274cd98783b: close
2019-07-12 12:54:14,876 INFO  impl.RaftServerImpl (RaftServerImpl.java:lambda$shutdown$3(245)) - 99474c79-44d7-4ef4-a691-a274cd98783b: shutdown group-DEA8B51CF0DC
2019-07-12 12:54:14,877 INFO  util.JmxRegister (JmxRegister.java:unregister(73)) - Successfully un-registered JMX Bean with object name Ratis:service=RaftServer,group=group-DEA8B51CF0DC,id=99474c79-44d7-4ef4-a691-a274cd98783b
2019-07-12 12:54:14,877 INFO  impl.RoleInfo (RoleInfo.java:shutdownLeaderState(104)) - 99474c79-44d7-4ef4-a691-a274cd98783b: shutdown LeaderState
2019-07-12 12:54:14,877 INFO  impl.PendingRequests (PendingRequests.java:sendNotLeaderResponses(202)) - 99474c79-44d7-4ef4-a691-a274cd98783b-PendingRequests: sendNotLeaderResponses
2019-07-12 12:54:14,878 INFO  impl.StateMachineUpdater (StateMachineUpdater.java:stopAndJoin(115)) - StateMachineUpdater:99474c79-44d7-4ef4-a691-a274cd98783b:group-DEA8B51CF0DC: set stopIndex = 0
2019-07-12 12:54:14,878 INFO  ratis.ContainerStateMachine (ContainerStateMachine.java:takeSnapshot(246)) - Taking snapshot at termIndex:(t:0, i:~)
2019-07-12 12:54:14,878 INFO  impl.RaftServerImpl (ServerState.java:close(394)) - 99474c79-44d7-4ef4-a691-a274cd98783b:group-DEA8B51CF0DC closes. The last applied log index is 0
2019-07-12 12:54:14,879 INFO  segmented.SegmentedRaftLogWorker (SegmentedRaftLogWorker.java:run(313)) - 99474c79-44d7-4ef4-a691-a274cd98783b-SegmentedRaftLogWorker:Storage Directory /tmp/workdir/hadoop-ozone/integration-test/target/test-dir/MiniOzoneClusterImpl-3a70d5b3-47b5-47f2-a25b-0a2ae165259f/datanode-2/data/ratis/67e321cd-c658-4e9d-a1fd-dea8b51cf0dc was interrupted, exiting. There are 0 tasks remaining in the queue.
2019-07-12 12:54:14,882 INFO  segmented.SegmentedRaftLogWorker (SegmentedRaftLogWorker.java:close(228)) - 99474c79-44d7-4ef4-a691-a274cd98783b-SegmentedRaftLogWorker:Storage Directory /tmp/workdir/hadoop-ozone/integration-test/target/test-dir/MiniOzoneClusterImpl-3a70d5b3-47b5-47f2-a25b-0a2ae165259f/datanode-2/data/ratis/67e321cd-c658-4e9d-a1fd-dea8b51cf0dc close()
2019-07-12 12:54:14,885 INFO  server.GrpcService (GrpcService.java:closeImpl(155)) - 99474c79-44d7-4ef4-a691-a274cd98783b: shutdown server with port 35012 now
2019-07-12 12:54:14,888 INFO  ozoneimpl.OzoneContainer (OzoneContainer.java:stop(199)) - Attempting to stop container services.
2019-07-12 12:54:14,888 INFO  server.GrpcService (GrpcService.java:closeImpl(163)) - 99474c79-44d7-4ef4-a691-a274cd98783b: shutdown server with port 35012 successfully
2019-07-12 12:54:14,889 INFO  impl.RaftServerProxy (RaftServerProxy.java:lambda$close$4(314)) - c6f740ed-0745-4563-a1bf-e72f2e5174bb: close
2019-07-12 12:54:14,890 INFO  impl.RaftServerImpl (RaftServerImpl.java:lambda$shutdown$3(245)) - c6f740ed-0745-4563-a1bf-e72f2e5174bb: shutdown group-CC1EAD29BA99
2019-07-12 12:54:14,890 INFO  util.JmxRegister (JmxRegister.java:unregister(73)) - Successfully un-registered JMX Bean with object name Ratis:service=RaftServer,group=group-CC1EAD29BA99,id=c6f740ed-0745-4563-a1bf-e72f2e5174bb
2019-07-12 12:54:14,891 INFO  impl.RoleInfo (RoleInfo.java:shutdownLeaderState(104)) - c6f740ed-0745-4563-a1bf-e72f2e5174bb: shutdown LeaderState
2019-07-12 12:54:14,894 INFO  impl.PendingRequests (PendingRequests.java:sendNotLeaderResponses(202)) - c6f740ed-0745-4563-a1bf-e72f2e5174bb-PendingRequests: sendNotLeaderResponses
2019-07-12 12:54:14,895 WARN  server.GrpcLogAppender (GrpcLogAppender.java:mayWait(143)) - GrpcLogAppender(c6f740ed-0745-4563-a1bf-e72f2e5174bb->71a69e4f-4742-4387-afb8-7c95c2332a05): Wait interrupted by java.lang.InterruptedException
2019-07-12 12:54:14,895 WARN  server.GrpcLogAppender (GrpcLogAppender.java:mayWait(143)) - GrpcLogAppender(c6f740ed-0745-4563-a1bf-e72f2e5174bb->a1706a09-45f1-4990-9806-ff7cad89d822): Wait interrupted by java.lang.InterruptedException
2019-07-12 12:54:14,901 INFO  impl.StateMachineUpdater (StateMachineUpdater.java:stopAndJoin(115)) - StateMachineUpdater:c6f740ed-0745-4563-a1bf-e72f2e5174bb:group-CC1EAD29BA99: set stopIndex = 4
2019-07-12 12:54:14,901 INFO  server.GrpcServerProtocolService (GrpcServerProtocolService.java:onCompleted(104)) - a1706a09-45f1-4990-9806-ff7cad89d822: appendEntries completed
2019-07-12 12:54:14,901 INFO  ratis.ContainerStateMachine (ContainerStateMachine.java:takeSnapshot(246)) - Taking snapshot at termIndex:(t:1, i:4)
2019-07-12 12:54:14,902 INFO  ratis.ContainerStateMachine (ContainerStateMachine.java:takeSnapshot(250)) - Taking a snapshot to file /tmp/workdir/hadoop-ozone/integration-test/target/test-dir/MiniOzoneClusterImpl-3a70d5b3-47b5-47f2-a25b-0a2ae165259f/datanode-3/data/ratis/8e3dd2f3-2e4c-48e0-b53c-cc1ead29ba99/sm/snapshot.1_4
2019-07-12 12:54:14,902 INFO  server.GrpcServerProtocolService (GrpcServerProtocolService.java:onCompleted(104)) - 71a69e4f-4742-4387-afb8-7c95c2332a05: appendEntries completed
2019-07-12 12:54:14,903 INFO  server.GrpcLogAppender (GrpcLogAppender.java:onCompleted(292)) - c6f740ed-0745-4563-a1bf-e72f2e5174bb->a1706a09-45f1-4990-9806-ff7cad89d822: follower responses appendEntries COMPLETED
2019-07-12 12:54:14,903 INFO  impl.StateMachineUpdater (StateMachineUpdater.java:takeSnapshot(242)) - StateMachineUpdater:c6f740ed-0745-4563-a1bf-e72f2e5174bb:group-CC1EAD29BA99: Took a snapshot at index 4
2019-07-12 12:54:14,905 INFO  server.GrpcLogAppender (GrpcLogAppender.java:onCompleted(292)) - c6f740ed-0745-4563-a1bf-e72f2e5174bb->71a69e4f-4742-4387-afb8-7c95c2332a05: follower responses appendEntries COMPLETED
2019-07-12 12:54:14,907 INFO  impl.FollowerInfo (FollowerInfo.java:lambda$new$0(50)) - c6f740ed-0745-4563-a1bf-e72f2e5174bb->a1706a09-45f1-4990-9806-ff7cad89d822: nextIndex: updateUnconditionally 5 -> 4
2019-07-12 12:54:14,909 INFO  impl.FollowerInfo (FollowerInfo.java:lambda$new$0(50)) - c6f740ed-0745-4563-a1bf-e72f2e5174bb->71a69e4f-4742-4387-afb8-7c95c2332a05: nextIndex: updateUnconditionally 5 -> 4
2019-07-12 12:54:14,907 INFO  impl.StateMachineUpdater (StateMachineUpdater.java:lambda$new$0(80)) - StateMachineUpdater:c6f740ed-0745-4563-a1bf-e72f2e5174bb:group-CC1EAD29BA99: snapshotIndex: updateIncreasingly -1 -> 4
2019-07-12 12:54:14,910 INFO  impl.RaftServerImpl (ServerState.java:close(394)) - c6f740ed-0745-4563-a1bf-e72f2e5174bb:group-CC1EAD29BA99 closes. The last applied log index is 4
2019-07-12 12:54:14,911 INFO  segmented.SegmentedRaftLogWorker (SegmentedRaftLogWorker.java:run(313)) - c6f740ed-0745-4563-a1bf-e72f2e5174bb-SegmentedRaftLogWorker:Storage Directory /tmp/workdir/hadoop-ozone/integration-test/target/test-dir/MiniOzoneClusterImpl-3a70d5b3-47b5-47f2-a25b-0a2ae165259f/datanode-3/data/ratis/8e3dd2f3-2e4c-48e0-b53c-cc1ead29ba99 was interrupted, exiting. There are 0 tasks remaining in the queue.
2019-07-12 12:54:14,913 INFO  segmented.SegmentedRaftLogWorker (SegmentedRaftLogWorker.java:close(228)) - c6f740ed-0745-4563-a1bf-e72f2e5174bb-SegmentedRaftLogWorker:Storage Directory /tmp/workdir/hadoop-ozone/integration-test/target/test-dir/MiniOzoneClusterImpl-3a70d5b3-47b5-47f2-a25b-0a2ae165259f/datanode-3/data/ratis/8e3dd2f3-2e4c-48e0-b53c-cc1ead29ba99 close()
2019-07-12 12:54:14,917 INFO  impl.RaftServerImpl (RaftServerImpl.java:lambda$shutdown$3(245)) - c6f740ed-0745-4563-a1bf-e72f2e5174bb: shutdown group-183B8F3C3D29
2019-07-12 12:54:14,918 INFO  util.JmxRegister (JmxRegister.java:unregister(73)) - Successfully un-registered JMX Bean with object name Ratis:service=RaftServer,group=group-183B8F3C3D29,id=c6f740ed-0745-4563-a1bf-e72f2e5174bb
2019-07-12 12:54:14,918 INFO  impl.RoleInfo (RoleInfo.java:shutdownLeaderState(104)) - c6f740ed-0745-4563-a1bf-e72f2e5174bb: shutdown LeaderState
2019-07-12 12:54:14,919 INFO  impl.PendingRequests (PendingRequests.java:sendNotLeaderResponses(202)) - c6f740ed-0745-4563-a1bf-e72f2e5174bb-PendingRequests: sendNotLeaderResponses
2019-07-12 12:54:14,919 INFO  impl.StateMachineUpdater (StateMachineUpdater.java:stopAndJoin(115)) - StateMachineUpdater:c6f740ed-0745-4563-a1bf-e72f2e5174bb:group-183B8F3C3D29: set stopIndex = 0
2019-07-12 12:54:14,920 INFO  ratis.ContainerStateMachine (ContainerStateMachine.java:takeSnapshot(246)) - Taking snapshot at termIndex:(t:0, i:~)
2019-07-12 12:54:14,920 INFO  impl.RaftServerImpl (ServerState.java:close(394)) - c6f740ed-0745-4563-a1bf-e72f2e5174bb:group-183B8F3C3D29 closes. The last applied log index is 0
2019-07-12 12:54:14,921 INFO  segmented.SegmentedRaftLogWorker (SegmentedRaftLogWorker.java:run(313)) - c6f740ed-0745-4563-a1bf-e72f2e5174bb-SegmentedRaftLogWorker:Storage Directory /tmp/workdir/hadoop-ozone/integration-test/target/test-dir/MiniOzoneClusterImpl-3a70d5b3-47b5-47f2-a25b-0a2ae165259f/datanode-3/data/ratis/d11804d4-7dbe-4107-aad0-183b8f3c3d29 was interrupted, exiting. There are 0 tasks remaining in the queue.
2019-07-12 12:54:14,923 INFO  segmented.SegmentedRaftLogWorker (SegmentedRaftLogWorker.java:close(228)) - c6f740ed-0745-4563-a1bf-e72f2e5174bb-SegmentedRaftLogWorker:Storage Directory /tmp/workdir/hadoop-ozone/integration-test/target/test-dir/MiniOzoneClusterImpl-3a70d5b3-47b5-47f2-a25b-0a2ae165259f/datanode-3/data/ratis/d11804d4-7dbe-4107-aad0-183b8f3c3d29 close()
2019-07-12 12:54:14,934 INFO  server.GrpcService (GrpcService.java:closeImpl(155)) - c6f740ed-0745-4563-a1bf-e72f2e5174bb: shutdown server with port 46790 now
2019-07-12 12:54:14,935 INFO  utils.BackgroundService (BackgroundService.java:shutdown(148)) - Shutting down service BlockDeletingService
2019-07-12 12:54:14,936 INFO  server.GrpcService (GrpcService.java:closeImpl(163)) - c6f740ed-0745-4563-a1bf-e72f2e5174bb: shutdown server with port 46790 successfully
2019-07-12 12:54:14,937 WARN  fs.CachingGetSpaceUsed (CachingGetSpaceUsed.java:run(183)) - Thread Interrupted waiting to refresh disk information: sleep interrupted
2019-07-12 12:54:14,953 INFO  utils.BackgroundService (BackgroundService.java:shutdown(148)) - Shutting down service BlockDeletingService
2019-07-12 12:54:14,959 WARN  fs.CachingGetSpaceUsed (CachingGetSpaceUsed.java:run(183)) - Thread Interrupted waiting to refresh disk information: sleep interrupted
2019-07-12 12:54:14,966 INFO  statemachine.DatanodeStateMachine (DatanodeStateMachine.java:stopDaemon(395)) - Ozone container server stopped.
2019-07-12 12:54:14,971 INFO  handler.ContextHandler (ContextHandler.java:doStop(910)) - Stopped o.e.j.w.WebAppContext@7197b07f{/,null,UNAVAILABLE}{/hddsDatanode}
2019-07-12 12:54:14,972 INFO  server.AbstractConnector (AbstractConnector.java:doStop(318)) - Stopped ServerConnector@1f10fec6{HTTP/1.1,[http/1.1]}{0.0.0.0:0}
2019-07-12 12:54:14,974 INFO  handler.ContextHandler (ContextHandler.java:doStop(910)) - Stopped o.e.j.s.ServletContextHandler@62ade015{/static,jar:file:/home/user/.m2/repository/org/apache/hadoop/hadoop-hdds-container-service/0.5.0-SNAPSHOT/hadoop-hdds-container-service-0.5.0-SNAPSHOT.jar!/webapps/static,UNAVAILABLE}
2019-07-12 12:54:14,976 INFO  handler.ContextHandler (ContextHandler.java:doStop(910)) - Stopped o.e.j.s.ServletContextHandler@631c6d11{/logs,file:///tmp/workdir/hadoop-ozone/integration-test/target/log,UNAVAILABLE}
2019-07-12 12:54:14,977 INFO  datanode.ObjectStoreHandler (ObjectStoreHandler.java:close(155)) - Closing ObjectStoreHandler.
2019-07-12 12:54:14,978 INFO  ozone.HddsDatanodeService (HddsDatanodeService.java:stop(452)) - Stopped plug-in org.apache.hadoop.ozone.web.OzoneHddsDatanodeService@b4732dc
2019-07-12 12:54:14,986 INFO  statemachine.DatanodeStateMachine (DatanodeStateMachine.java:stopDaemon(395)) - Ozone container server stopped.
2019-07-12 12:54:14,987 INFO  handler.ContextHandler (ContextHandler.java:doStop(910)) - Stopped o.e.j.w.WebAppContext@6a2d867d{/,null,UNAVAILABLE}{/hddsDatanode}
2019-07-12 12:54:14,988 INFO  server.AbstractConnector (AbstractConnector.java:doStop(318)) - Stopped ServerConnector@73bb1337{HTTP/1.1,[http/1.1]}{0.0.0.0:0}
2019-07-12 12:54:14,989 INFO  handler.ContextHandler (ContextHandler.java:doStop(910)) - Stopped o.e.j.s.ServletContextHandler@cc9ef8d{/static,jar:file:/home/user/.m2/repository/org/apache/hadoop/hadoop-hdds-container-service/0.5.0-SNAPSHOT/hadoop-hdds-container-service-0.5.0-SNAPSHOT.jar!/webapps/static,UNAVAILABLE}
2019-07-12 12:54:14,989 INFO  handler.ContextHandler (ContextHandler.java:doStop(910)) - Stopped o.e.j.s.ServletContextHandler@1e30db85{/logs,file:///tmp/workdir/hadoop-ozone/integration-test/target/log,UNAVAILABLE}
2019-07-12 12:54:14,991 INFO  datanode.ObjectStoreHandler (ObjectStoreHandler.java:close(155)) - Closing ObjectStoreHandler.
2019-07-12 12:54:14,991 INFO  ozone.HddsDatanodeService (HddsDatanodeService.java:stop(452)) - Stopped plug-in org.apache.hadoop.ozone.web.OzoneHddsDatanodeService@28e7bb31
2019-07-12 12:54:15,480 INFO  statemachine.DatanodeStateMachine (DatanodeStateMachine.java:lambda$startDaemon$0(350)) - Ozone container server started.
2019-07-12 12:54:15,481 INFO  statemachine.DatanodeStateMachine (DatanodeStateMachine.java:lambda$startDaemon$0(350)) - Ozone container server started.
2019-07-12 12:54:18,759 INFO  impl.FollowerState (FollowerState.java:run(106)) - 05c98b3f-3a67-4690-8376-941456a6e695:group-9DF7B8F0A5EA changes to CANDIDATE, lastRpcTime:10254, electionTimeout:5177ms
2019-07-12 12:54:18,760 INFO  impl.RoleInfo (RoleInfo.java:shutdownFollowerState(121)) - 05c98b3f-3a67-4690-8376-941456a6e695: shutdown FollowerState
2019-07-12 12:54:18,760 INFO  impl.RaftServerImpl (RaftServerImpl.java:setRole(171)) - 05c98b3f-3a67-4690-8376-941456a6e695:group-9DF7B8F0A5EA changes role from FOLLOWER to CANDIDATE at term 1 for changeToCandidate
2019-07-12 12:54:18,760 INFO  impl.RoleInfo (RoleInfo.java:updateAndGet(143)) - 05c98b3f-3a67-4690-8376-941456a6e695: start LeaderElection
2019-07-12 12:54:18,766 INFO  impl.RaftServerImpl (ServerState.java:setLeader(263)) - 05c98b3f-3a67-4690-8376-941456a6e695:group-9DF7B8F0A5EA change Leader from f1b780fe-ed32-4b3b-a7dd-bcb4436fa190 to null at term 1 for initElection
2019-07-12 12:54:18,794 INFO  impl.LeaderElection (LeaderElection.java:askForVotes(181)) - 05c98b3f-3a67-4690-8376-941456a6e695:group-9DF7B8F0A5EA:LeaderElection12: begin an election at term 2 for 0: [05c98b3f-3a67-4690-8376-941456a6e695:192.168.157.212:42282, cb9a4759-2319-4aa9-87c5-0d950a5f6b2a:192.168.157.212:39794, f1b780fe-ed32-4b3b-a7dd-bcb4436fa190:192.168.157.212:39985], old=null
2019-07-12 12:54:18,812 INFO  impl.LeaderElection (LogUtils.java:infoOrTrace(149)) - 05c98b3f-3a67-4690-8376-941456a6e695:group-9DF7B8F0A5EA:LeaderElection12 got exception when requesting votes: {}
java.util.concurrent.ExecutionException: org.apache.ratis.thirdparty.io.grpc.StatusRuntimeException: UNAVAILABLE: io exception
	at java.util.concurrent.FutureTask.report(FutureTask.java:122)
	at java.util.concurrent.FutureTask.get(FutureTask.java:192)
	at org.apache.ratis.server.impl.LeaderElection.waitForResults(LeaderElection.java:262)
	at org.apache.ratis.server.impl.LeaderElection.askForVotes(LeaderElection.java:200)
	at org.apache.ratis.server.impl.LeaderElection.run(LeaderElection.java:130)
	at java.lang.Thread.run(Thread.java:748)
Caused by: org.apache.ratis.thirdparty.io.grpc.StatusRuntimeException: UNAVAILABLE: io exception
	at org.apache.ratis.thirdparty.io.grpc.stub.ClientCalls.toStatusRuntimeException(ClientCalls.java:233)
	at org.apache.ratis.thirdparty.io.grpc.stub.ClientCalls.getUnchecked(ClientCalls.java:214)
	at org.apache.ratis.thirdparty.io.grpc.stub.ClientCalls.blockingUnaryCall(ClientCalls.java:139)
	at org.apache.ratis.proto.grpc.RaftServerProtocolServiceGrpc$RaftServerProtocolServiceBlockingStub.requestVote(RaftServerProtocolServiceGrpc.java:265)
	at org.apache.ratis.grpc.server.GrpcServerProtocolClient.requestVote(GrpcServerProtocolClient.java:83)
	at org.apache.ratis.grpc.server.GrpcService.requestVote(GrpcService.java:195)
	at org.apache.ratis.server.impl.LeaderElection.lambda$submitRequests$1(LeaderElection.java:237)
	at java.util.concurrent.FutureTask.run(FutureTask.java:266)
	at java.util.concurrent.Executors$RunnableAdapter.call(Executors.java:511)
	at java.util.concurrent.FutureTask.run(FutureTask.java:266)
	at java.util.concurrent.ThreadPoolExecutor.runWorker(ThreadPoolExecutor.java:1149)
	at java.util.concurrent.ThreadPoolExecutor$Worker.run(ThreadPoolExecutor.java:624)
	... 1 more
Caused by: org.apache.ratis.thirdparty.io.netty.channel.AbstractChannel$AnnotatedConnectException: Connection refused: /192.168.157.212:39794
	at sun.nio.ch.SocketChannelImpl.checkConnect(Native Method)
	at sun.nio.ch.SocketChannelImpl.finishConnect(SocketChannelImpl.java:717)
	at org.apache.ratis.thirdparty.io.netty.channel.socket.nio.NioSocketChannel.doFinishConnect(NioSocketChannel.java:327)
	at org.apache.ratis.thirdparty.io.netty.channel.nio.AbstractNioChannel$AbstractNioUnsafe.finishConnect(AbstractNioChannel.java:340)
	at org.apache.ratis.thirdparty.io.netty.channel.nio.NioEventLoop.processSelectedKey(NioEventLoop.java:632)
	at org.apache.ratis.thirdparty.io.netty.channel.nio.NioEventLoop.processSelectedKeysOptimized(NioEventLoop.java:579)
	at org.apache.ratis.thirdparty.io.netty.channel.nio.NioEventLoop.processSelectedKeys(NioEventLoop.java:496)
	at org.apache.ratis.thirdparty.io.netty.channel.nio.NioEventLoop.run(NioEventLoop.java:458)
	at org.apache.ratis.thirdparty.io.netty.util.concurrent.SingleThreadEventExecutor$5.run(SingleThreadEventExecutor.java:897)
	at org.apache.ratis.thirdparty.io.netty.util.concurrent.FastThreadLocalRunnable.run(FastThreadLocalRunnable.java:30)
	... 1 more
Caused by: java.net.ConnectException: Connection refused
	... 11 more
2019-07-12 12:54:18,817 INFO  impl.LeaderElection (LogUtils.java:infoOrTrace(149)) - 05c98b3f-3a67-4690-8376-941456a6e695:group-9DF7B8F0A5EA:LeaderElection12 got exception when requesting votes: {}
java.util.concurrent.ExecutionException: org.apache.ratis.thirdparty.io.grpc.StatusRuntimeException: UNAVAILABLE: io exception
	at java.util.concurrent.FutureTask.report(FutureTask.java:122)
	at java.util.concurrent.FutureTask.get(FutureTask.java:192)
	at org.apache.ratis.server.impl.LeaderElection.waitForResults(LeaderElection.java:262)
	at org.apache.ratis.server.impl.LeaderElection.askForVotes(LeaderElection.java:200)
	at org.apache.ratis.server.impl.LeaderElection.run(LeaderElection.java:130)
	at java.lang.Thread.run(Thread.java:748)
Caused by: org.apache.ratis.thirdparty.io.grpc.StatusRuntimeException: UNAVAILABLE: io exception
	at org.apache.ratis.thirdparty.io.grpc.stub.ClientCalls.toStatusRuntimeException(ClientCalls.java:233)
	at org.apache.ratis.thirdparty.io.grpc.stub.ClientCalls.getUnchecked(ClientCalls.java:214)
	at org.apache.ratis.thirdparty.io.grpc.stub.ClientCalls.blockingUnaryCall(ClientCalls.java:139)
	at org.apache.ratis.proto.grpc.RaftServerProtocolServiceGrpc$RaftServerProtocolServiceBlockingStub.requestVote(RaftServerProtocolServiceGrpc.java:265)
	at org.apache.ratis.grpc.server.GrpcServerProtocolClient.requestVote(GrpcServerProtocolClient.java:83)
	at org.apache.ratis.grpc.server.GrpcService.requestVote(GrpcService.java:195)
	at org.apache.ratis.server.impl.LeaderElection.lambda$submitRequests$1(LeaderElection.java:237)
	at java.util.concurrent.FutureTask.run(FutureTask.java:266)
	at java.util.concurrent.Executors$RunnableAdapter.call(Executors.java:511)
	at java.util.concurrent.FutureTask.run(FutureTask.java:266)
	at java.util.concurrent.ThreadPoolExecutor.runWorker(ThreadPoolExecutor.java:1149)
	at java.util.concurrent.ThreadPoolExecutor$Worker.run(ThreadPoolExecutor.java:624)
	... 1 more
Caused by: org.apache.ratis.thirdparty.io.netty.channel.AbstractChannel$AnnotatedConnectException: Connection refused: /192.168.157.212:39985
	at sun.nio.ch.SocketChannelImpl.checkConnect(Native Method)
	at sun.nio.ch.SocketChannelImpl.finishConnect(SocketChannelImpl.java:717)
	at org.apache.ratis.thirdparty.io.netty.channel.socket.nio.NioSocketChannel.doFinishConnect(NioSocketChannel.java:327)
	at org.apache.ratis.thirdparty.io.netty.channel.nio.AbstractNioChannel$AbstractNioUnsafe.finishConnect(AbstractNioChannel.java:340)
	at org.apache.ratis.thirdparty.io.netty.channel.nio.NioEventLoop.processSelectedKey(NioEventLoop.java:632)
	at org.apache.ratis.thirdparty.io.netty.channel.nio.NioEventLoop.processSelectedKeysOptimized(NioEventLoop.java:579)
	at org.apache.ratis.thirdparty.io.netty.channel.nio.NioEventLoop.processSelectedKeys(NioEventLoop.java:496)
	at org.apache.ratis.thirdparty.io.netty.channel.nio.NioEventLoop.run(NioEventLoop.java:458)
	at org.apache.ratis.thirdparty.io.netty.util.concurrent.SingleThreadEventExecutor$5.run(SingleThreadEventExecutor.java:897)
	at org.apache.ratis.thirdparty.io.netty.util.concurrent.FastThreadLocalRunnable.run(FastThreadLocalRunnable.java:30)
	... 1 more
Caused by: java.net.ConnectException: Connection refused
	... 11 more
2019-07-12 12:54:18,819 INFO  impl.LeaderElection (LeaderElection.java:logAndReturn(56)) - 05c98b3f-3a67-4690-8376-941456a6e695:group-9DF7B8F0A5EA:LeaderElection12: Election REJECTED; received 0 response(s) [] and 2 exception(s); 05c98b3f-3a67-4690-8376-941456a6e695:t2, leader=null, voted=05c98b3f-3a67-4690-8376-941456a6e695, raftlog=05c98b3f-3a67-4690-8376-941456a6e695-SegmentedRaftLog:OPENED:c-1,f0,i0, conf=0: [05c98b3f-3a67-4690-8376-941456a6e695:192.168.157.212:42282, cb9a4759-2319-4aa9-87c5-0d950a5f6b2a:192.168.157.212:39794, f1b780fe-ed32-4b3b-a7dd-bcb4436fa190:192.168.157.212:39985], old=null
2019-07-12 12:54:18,819 INFO  impl.LeaderElection (LogUtils.java:infoOrTrace(149)) -   Exception 0: {}
java.util.concurrent.ExecutionException: org.apache.ratis.thirdparty.io.grpc.StatusRuntimeException: UNAVAILABLE: io exception
	at java.util.concurrent.FutureTask.report(FutureTask.java:122)
	at java.util.concurrent.FutureTask.get(FutureTask.java:192)
	at org.apache.ratis.server.impl.LeaderElection.waitForResults(LeaderElection.java:262)
	at org.apache.ratis.server.impl.LeaderElection.askForVotes(LeaderElection.java:200)
	at org.apache.ratis.server.impl.LeaderElection.run(LeaderElection.java:130)
	at java.lang.Thread.run(Thread.java:748)
Caused by: org.apache.ratis.thirdparty.io.grpc.StatusRuntimeException: UNAVAILABLE: io exception
	at org.apache.ratis.thirdparty.io.grpc.stub.ClientCalls.toStatusRuntimeException(ClientCalls.java:233)
	at org.apache.ratis.thirdparty.io.grpc.stub.ClientCalls.getUnchecked(ClientCalls.java:214)
	at org.apache.ratis.thirdparty.io.grpc.stub.ClientCalls.blockingUnaryCall(ClientCalls.java:139)
	at org.apache.ratis.proto.grpc.RaftServerProtocolServiceGrpc$RaftServerProtocolServiceBlockingStub.requestVote(RaftServerProtocolServiceGrpc.java:265)
	at org.apache.ratis.grpc.server.GrpcServerProtocolClient.requestVote(GrpcServerProtocolClient.java:83)
	at org.apache.ratis.grpc.server.GrpcService.requestVote(GrpcService.java:195)
	at org.apache.ratis.server.impl.LeaderElection.lambda$submitRequests$1(LeaderElection.java:237)
	at java.util.concurrent.FutureTask.run(FutureTask.java:266)
	at java.util.concurrent.Executors$RunnableAdapter.call(Executors.java:511)
	at java.util.concurrent.FutureTask.run(FutureTask.java:266)
	at java.util.concurrent.ThreadPoolExecutor.runWorker(ThreadPoolExecutor.java:1149)
	at java.util.concurrent.ThreadPoolExecutor$Worker.run(ThreadPoolExecutor.java:624)
	... 1 more
Caused by: org.apache.ratis.thirdparty.io.netty.channel.AbstractChannel$AnnotatedConnectException: Connection refused: /192.168.157.212:39794
	at sun.nio.ch.SocketChannelImpl.checkConnect(Native Method)
	at sun.nio.ch.SocketChannelImpl.finishConnect(SocketChannelImpl.java:717)
	at org.apache.ratis.thirdparty.io.netty.channel.socket.nio.NioSocketChannel.doFinishConnect(NioSocketChannel.java:327)
	at org.apache.ratis.thirdparty.io.netty.channel.nio.AbstractNioChannel$AbstractNioUnsafe.finishConnect(AbstractNioChannel.java:340)
	at org.apache.ratis.thirdparty.io.netty.channel.nio.NioEventLoop.processSelectedKey(NioEventLoop.java:632)
	at org.apache.ratis.thirdparty.io.netty.channel.nio.NioEventLoop.processSelectedKeysOptimized(NioEventLoop.java:579)
	at org.apache.ratis.thirdparty.io.netty.channel.nio.NioEventLoop.processSelectedKeys(NioEventLoop.java:496)
	at org.apache.ratis.thirdparty.io.netty.channel.nio.NioEventLoop.run(NioEventLoop.java:458)
	at org.apache.ratis.thirdparty.io.netty.util.concurrent.SingleThreadEventExecutor$5.run(SingleThreadEventExecutor.java:897)
	at org.apache.ratis.thirdparty.io.netty.util.concurrent.FastThreadLocalRunnable.run(FastThreadLocalRunnable.java:30)
	... 1 more
Caused by: java.net.ConnectException: Connection refused
	... 11 more
2019-07-12 12:54:18,820 INFO  impl.LeaderElection (LogUtils.java:infoOrTrace(149)) -   Exception 1: {}
java.util.concurrent.ExecutionException: org.apache.ratis.thirdparty.io.grpc.StatusRuntimeException: UNAVAILABLE: io exception
	at java.util.concurrent.FutureTask.report(FutureTask.java:122)
	at java.util.concurrent.FutureTask.get(FutureTask.java:192)
	at org.apache.ratis.server.impl.LeaderElection.waitForResults(LeaderElection.java:262)
	at org.apache.ratis.server.impl.LeaderElection.askForVotes(LeaderElection.java:200)
	at org.apache.ratis.server.impl.LeaderElection.run(LeaderElection.java:130)
	at java.lang.Thread.run(Thread.java:748)
Caused by: org.apache.ratis.thirdparty.io.grpc.StatusRuntimeException: UNAVAILABLE: io exception
	at org.apache.ratis.thirdparty.io.grpc.stub.ClientCalls.toStatusRuntimeException(ClientCalls.java:233)
	at org.apache.ratis.thirdparty.io.grpc.stub.ClientCalls.getUnchecked(ClientCalls.java:214)
	at org.apache.ratis.thirdparty.io.grpc.stub.ClientCalls.blockingUnaryCall(ClientCalls.java:139)
	at org.apache.ratis.proto.grpc.RaftServerProtocolServiceGrpc$RaftServerProtocolServiceBlockingStub.requestVote(RaftServerProtocolServiceGrpc.java:265)
	at org.apache.ratis.grpc.server.GrpcServerProtocolClient.requestVote(GrpcServerProtocolClient.java:83)
	at org.apache.ratis.grpc.server.GrpcService.requestVote(GrpcService.java:195)
	at org.apache.ratis.server.impl.LeaderElection.lambda$submitRequests$1(LeaderElection.java:237)
	at java.util.concurrent.FutureTask.run(FutureTask.java:266)
	at java.util.concurrent.Executors$RunnableAdapter.call(Executors.java:511)
	at java.util.concurrent.FutureTask.run(FutureTask.java:266)
	at java.util.concurrent.ThreadPoolExecutor.runWorker(ThreadPoolExecutor.java:1149)
	at java.util.concurrent.ThreadPoolExecutor$Worker.run(ThreadPoolExecutor.java:624)
	... 1 more
Caused by: org.apache.ratis.thirdparty.io.netty.channel.AbstractChannel$AnnotatedConnectException: Connection refused: /192.168.157.212:39985
	at sun.nio.ch.SocketChannelImpl.checkConnect(Native Method)
	at sun.nio.ch.SocketChannelImpl.finishConnect(SocketChannelImpl.java:717)
	at org.apache.ratis.thirdparty.io.netty.channel.socket.nio.NioSocketChannel.doFinishConnect(NioSocketChannel.java:327)
	at org.apache.ratis.thirdparty.io.netty.channel.nio.AbstractNioChannel$AbstractNioUnsafe.finishConnect(AbstractNioChannel.java:340)
	at org.apache.ratis.thirdparty.io.netty.channel.nio.NioEventLoop.processSelectedKey(NioEventLoop.java:632)
	at org.apache.ratis.thirdparty.io.netty.channel.nio.NioEventLoop.processSelectedKeysOptimized(NioEventLoop.java:579)
	at org.apache.ratis.thirdparty.io.netty.channel.nio.NioEventLoop.processSelectedKeys(NioEventLoop.java:496)
	at org.apache.ratis.thirdparty.io.netty.channel.nio.NioEventLoop.run(NioEventLoop.java:458)
	at org.apache.ratis.thirdparty.io.netty.util.concurrent.SingleThreadEventExecutor$5.run(SingleThreadEventExecutor.java:897)
	at org.apache.ratis.thirdparty.io.netty.util.concurrent.FastThreadLocalRunnable.run(FastThreadLocalRunnable.java:30)
	... 1 more
Caused by: java.net.ConnectException: Connection refused
	... 11 more
2019-07-12 12:54:18,820 INFO  impl.RaftServerImpl (RaftServerImpl.java:setRole(171)) - 05c98b3f-3a67-4690-8376-941456a6e695:group-9DF7B8F0A5EA changes role from CANDIDATE to FOLLOWER at term 2 for DISCOVERED_A_NEW_TERM
2019-07-12 12:54:18,822 INFO  impl.RoleInfo (RoleInfo.java:shutdownLeaderElection(134)) - 05c98b3f-3a67-4690-8376-941456a6e695: shutdown LeaderElection
2019-07-12 12:54:18,822 INFO  impl.RoleInfo (RoleInfo.java:updateAndGet(143)) - 05c98b3f-3a67-4690-8376-941456a6e695: start FollowerState
2019-07-12 12:54:19,979 INFO  ozoneimpl.OzoneContainer (OzoneContainer.java:stop(199)) - Attempting to stop container services.
2019-07-12 12:54:19,979 INFO  impl.RaftServerProxy (RaftServerProxy.java:lambda$close$4(314)) - 71a69e4f-4742-4387-afb8-7c95c2332a05: close
2019-07-12 12:54:19,980 INFO  impl.RaftServerImpl (RaftServerImpl.java:lambda$shutdown$3(245)) - 71a69e4f-4742-4387-afb8-7c95c2332a05: shutdown group-CC1EAD29BA99
2019-07-12 12:54:19,980 INFO  util.JmxRegister (JmxRegister.java:unregister(73)) - Successfully un-registered JMX Bean with object name Ratis:service=RaftServer,group=group-CC1EAD29BA99,id=71a69e4f-4742-4387-afb8-7c95c2332a05
2019-07-12 12:54:19,980 INFO  impl.RoleInfo (RoleInfo.java:shutdownFollowerState(121)) - 71a69e4f-4742-4387-afb8-7c95c2332a05: shutdown FollowerState
2019-07-12 12:54:19,981 INFO  impl.StateMachineUpdater (StateMachineUpdater.java:stopAndJoin(115)) - StateMachineUpdater:71a69e4f-4742-4387-afb8-7c95c2332a05:group-CC1EAD29BA99: set stopIndex = 4
2019-07-12 12:54:19,981 INFO  ratis.ContainerStateMachine (ContainerStateMachine.java:takeSnapshot(246)) - Taking snapshot at termIndex:(t:1, i:3)
2019-07-12 12:54:19,981 INFO  impl.FollowerState (FollowerState.java:run(114)) - 71a69e4f-4742-4387-afb8-7c95c2332a05: FollowerState was interrupted: java.lang.InterruptedException: sleep interrupted
2019-07-12 12:54:19,981 INFO  ratis.ContainerStateMachine (ContainerStateMachine.java:takeSnapshot(250)) - Taking a snapshot to file /tmp/workdir/hadoop-ozone/integration-test/target/test-dir/MiniOzoneClusterImpl-3a70d5b3-47b5-47f2-a25b-0a2ae165259f/datanode-0/data/ratis/8e3dd2f3-2e4c-48e0-b53c-cc1ead29ba99/sm/snapshot.1_3
2019-07-12 12:54:19,982 INFO  impl.StateMachineUpdater (StateMachineUpdater.java:takeSnapshot(242)) - StateMachineUpdater:71a69e4f-4742-4387-afb8-7c95c2332a05:group-CC1EAD29BA99: Took a snapshot at index 3
2019-07-12 12:54:19,982 INFO  impl.StateMachineUpdater (StateMachineUpdater.java:lambda$new$0(80)) - StateMachineUpdater:71a69e4f-4742-4387-afb8-7c95c2332a05:group-CC1EAD29BA99: snapshotIndex: updateIncreasingly -1 -> 3
2019-07-12 12:54:19,983 INFO  impl.RaftServerImpl (ServerState.java:close(394)) - 71a69e4f-4742-4387-afb8-7c95c2332a05:group-CC1EAD29BA99 closes. The last applied log index is 4
2019-07-12 12:54:19,983 INFO  segmented.SegmentedRaftLogWorker (SegmentedRaftLogWorker.java:run(313)) - 71a69e4f-4742-4387-afb8-7c95c2332a05-SegmentedRaftLogWorker:Storage Directory /tmp/workdir/hadoop-ozone/integration-test/target/test-dir/MiniOzoneClusterImpl-3a70d5b3-47b5-47f2-a25b-0a2ae165259f/datanode-0/data/ratis/8e3dd2f3-2e4c-48e0-b53c-cc1ead29ba99 was interrupted, exiting. There are 0 tasks remaining in the queue.
2019-07-12 12:54:19,984 INFO  segmented.SegmentedRaftLogWorker (SegmentedRaftLogWorker.java:close(228)) - 71a69e4f-4742-4387-afb8-7c95c2332a05-SegmentedRaftLogWorker:Storage Directory /tmp/workdir/hadoop-ozone/integration-test/target/test-dir/MiniOzoneClusterImpl-3a70d5b3-47b5-47f2-a25b-0a2ae165259f/datanode-0/data/ratis/8e3dd2f3-2e4c-48e0-b53c-cc1ead29ba99 close()
2019-07-12 12:54:19,986 INFO  impl.RaftServerImpl (RaftServerImpl.java:lambda$shutdown$3(245)) - 71a69e4f-4742-4387-afb8-7c95c2332a05: shutdown group-0F8CA3530A79
2019-07-12 12:54:19,987 INFO  util.JmxRegister (JmxRegister.java:unregister(73)) - Successfully un-registered JMX Bean with object name Ratis:service=RaftServer,group=group-0F8CA3530A79,id=71a69e4f-4742-4387-afb8-7c95c2332a05
2019-07-12 12:54:19,987 INFO  impl.RoleInfo (RoleInfo.java:shutdownLeaderState(104)) - 71a69e4f-4742-4387-afb8-7c95c2332a05: shutdown LeaderState
2019-07-12 12:54:19,987 INFO  impl.PendingRequests (PendingRequests.java:sendNotLeaderResponses(202)) - 71a69e4f-4742-4387-afb8-7c95c2332a05-PendingRequests: sendNotLeaderResponses
2019-07-12 12:54:19,988 INFO  impl.StateMachineUpdater (StateMachineUpdater.java:stopAndJoin(115)) - StateMachineUpdater:71a69e4f-4742-4387-afb8-7c95c2332a05:group-0F8CA3530A79: set stopIndex = 0
2019-07-12 12:54:19,988 INFO  ratis.ContainerStateMachine (ContainerStateMachine.java:takeSnapshot(246)) - Taking snapshot at termIndex:(t:0, i:~)
2019-07-12 12:54:19,989 INFO  impl.RaftServerImpl (ServerState.java:close(394)) - 71a69e4f-4742-4387-afb8-7c95c2332a05:group-0F8CA3530A79 closes. The last applied log index is 0
2019-07-12 12:54:19,989 INFO  segmented.SegmentedRaftLogWorker (SegmentedRaftLogWorker.java:run(313)) - 71a69e4f-4742-4387-afb8-7c95c2332a05-SegmentedRaftLogWorker:Storage Directory /tmp/workdir/hadoop-ozone/integration-test/target/test-dir/MiniOzoneClusterImpl-3a70d5b3-47b5-47f2-a25b-0a2ae165259f/datanode-0/data/ratis/3c6604d3-8bfc-4b73-91da-0f8ca3530a79 was interrupted, exiting. There are 0 tasks remaining in the queue.
2019-07-12 12:54:19,989 INFO  segmented.SegmentedRaftLogWorker (SegmentedRaftLogWorker.java:close(228)) - 71a69e4f-4742-4387-afb8-7c95c2332a05-SegmentedRaftLogWorker:Storage Directory /tmp/workdir/hadoop-ozone/integration-test/target/test-dir/MiniOzoneClusterImpl-3a70d5b3-47b5-47f2-a25b-0a2ae165259f/datanode-0/data/ratis/3c6604d3-8bfc-4b73-91da-0f8ca3530a79 close()
2019-07-12 12:54:19,991 INFO  server.GrpcService (GrpcService.java:closeImpl(155)) - 71a69e4f-4742-4387-afb8-7c95c2332a05: shutdown server with port 39730 now
2019-07-12 12:54:19,993 INFO  server.GrpcService (GrpcService.java:closeImpl(163)) - 71a69e4f-4742-4387-afb8-7c95c2332a05: shutdown server with port 39730 successfully
2019-07-12 12:54:19,993 INFO  ozoneimpl.OzoneContainer (OzoneContainer.java:stop(199)) - Attempting to stop container services.
2019-07-12 12:54:19,994 INFO  impl.RaftServerProxy (RaftServerProxy.java:lambda$close$4(314)) - a1706a09-45f1-4990-9806-ff7cad89d822: close
2019-07-12 12:54:19,995 INFO  impl.RaftServerImpl (RaftServerImpl.java:lambda$shutdown$3(245)) - a1706a09-45f1-4990-9806-ff7cad89d822: shutdown group-260E2EA23BDF
2019-07-12 12:54:19,995 INFO  util.JmxRegister (JmxRegister.java:unregister(73)) - Successfully un-registered JMX Bean with object name Ratis:service=RaftServer,group=group-260E2EA23BDF,id=a1706a09-45f1-4990-9806-ff7cad89d822
2019-07-12 12:54:19,996 INFO  impl.RoleInfo (RoleInfo.java:shutdownLeaderState(104)) - a1706a09-45f1-4990-9806-ff7cad89d822: shutdown LeaderState
2019-07-12 12:54:19,996 INFO  impl.PendingRequests (PendingRequests.java:sendNotLeaderResponses(202)) - a1706a09-45f1-4990-9806-ff7cad89d822-PendingRequests: sendNotLeaderResponses
2019-07-12 12:54:19,997 INFO  impl.StateMachineUpdater (StateMachineUpdater.java:stopAndJoin(115)) - StateMachineUpdater:a1706a09-45f1-4990-9806-ff7cad89d822:group-260E2EA23BDF: set stopIndex = 0
2019-07-12 12:54:19,997 INFO  ratis.ContainerStateMachine (ContainerStateMachine.java:takeSnapshot(246)) - Taking snapshot at termIndex:(t:0, i:~)
2019-07-12 12:54:20,002 INFO  impl.RaftServerImpl (ServerState.java:close(394)) - a1706a09-45f1-4990-9806-ff7cad89d822:group-260E2EA23BDF closes. The last applied log index is 0
2019-07-12 12:54:20,007 INFO  segmented.SegmentedRaftLogWorker (SegmentedRaftLogWorker.java:run(313)) - a1706a09-45f1-4990-9806-ff7cad89d822-SegmentedRaftLogWorker:Storage Directory /tmp/workdir/hadoop-ozone/integration-test/target/test-dir/MiniOzoneClusterImpl-3a70d5b3-47b5-47f2-a25b-0a2ae165259f/datanode-6/data/ratis/9f308866-27c8-42df-b362-260e2ea23bdf was interrupted, exiting. There are 0 tasks remaining in the queue.
2019-07-12 12:54:20,007 INFO  utils.BackgroundService (BackgroundService.java:shutdown(148)) - Shutting down service BlockDeletingService
2019-07-12 12:54:20,008 INFO  segmented.SegmentedRaftLogWorker (SegmentedRaftLogWorker.java:close(228)) - a1706a09-45f1-4990-9806-ff7cad89d822-SegmentedRaftLogWorker:Storage Directory /tmp/workdir/hadoop-ozone/integration-test/target/test-dir/MiniOzoneClusterImpl-3a70d5b3-47b5-47f2-a25b-0a2ae165259f/datanode-6/data/ratis/9f308866-27c8-42df-b362-260e2ea23bdf close()
2019-07-12 12:54:20,011 INFO  impl.RaftServerImpl (RaftServerImpl.java:lambda$shutdown$3(245)) - a1706a09-45f1-4990-9806-ff7cad89d822: shutdown group-CC1EAD29BA99
2019-07-12 12:54:20,012 INFO  util.JmxRegister (JmxRegister.java:unregister(73)) - Successfully un-registered JMX Bean with object name Ratis:service=RaftServer,group=group-CC1EAD29BA99,id=a1706a09-45f1-4990-9806-ff7cad89d822
2019-07-12 12:54:20,012 INFO  impl.RoleInfo (RoleInfo.java:shutdownFollowerState(121)) - a1706a09-45f1-4990-9806-ff7cad89d822: shutdown FollowerState
2019-07-12 12:54:20,012 WARN  fs.CachingGetSpaceUsed (CachingGetSpaceUsed.java:run(183)) - Thread Interrupted waiting to refresh disk information: sleep interrupted
2019-07-12 12:54:20,012 INFO  impl.StateMachineUpdater (StateMachineUpdater.java:stopAndJoin(115)) - StateMachineUpdater:a1706a09-45f1-4990-9806-ff7cad89d822:group-CC1EAD29BA99: set stopIndex = 4
2019-07-12 12:54:20,013 INFO  impl.FollowerState (FollowerState.java:run(114)) - a1706a09-45f1-4990-9806-ff7cad89d822: FollowerState was interrupted: java.lang.InterruptedException: sleep interrupted
2019-07-12 12:54:20,013 INFO  ratis.ContainerStateMachine (ContainerStateMachine.java:takeSnapshot(246)) - Taking snapshot at termIndex:(t:1, i:3)
2019-07-12 12:54:20,013 INFO  ratis.ContainerStateMachine (ContainerStateMachine.java:takeSnapshot(250)) - Taking a snapshot to file /tmp/workdir/hadoop-ozone/integration-test/target/test-dir/MiniOzoneClusterImpl-3a70d5b3-47b5-47f2-a25b-0a2ae165259f/datanode-6/data/ratis/8e3dd2f3-2e4c-48e0-b53c-cc1ead29ba99/sm/snapshot.1_3
2019-07-12 12:54:20,014 INFO  impl.StateMachineUpdater (StateMachineUpdater.java:takeSnapshot(242)) - StateMachineUpdater:a1706a09-45f1-4990-9806-ff7cad89d822:group-CC1EAD29BA99: Took a snapshot at index 3
2019-07-12 12:54:20,014 INFO  impl.StateMachineUpdater (StateMachineUpdater.java:lambda$new$0(80)) - StateMachineUpdater:a1706a09-45f1-4990-9806-ff7cad89d822:group-CC1EAD29BA99: snapshotIndex: updateIncreasingly -1 -> 3
2019-07-12 12:54:20,014 INFO  impl.RaftServerImpl (ServerState.java:close(394)) - a1706a09-45f1-4990-9806-ff7cad89d822:group-CC1EAD29BA99 closes. The last applied log index is 4
2019-07-12 12:54:20,015 INFO  segmented.SegmentedRaftLogWorker (SegmentedRaftLogWorker.java:run(313)) - a1706a09-45f1-4990-9806-ff7cad89d822-SegmentedRaftLogWorker:Storage Directory /tmp/workdir/hadoop-ozone/integration-test/target/test-dir/MiniOzoneClusterImpl-3a70d5b3-47b5-47f2-a25b-0a2ae165259f/datanode-6/data/ratis/8e3dd2f3-2e4c-48e0-b53c-cc1ead29ba99 was interrupted, exiting. There are 0 tasks remaining in the queue.
2019-07-12 12:54:20,015 INFO  segmented.SegmentedRaftLogWorker (SegmentedRaftLogWorker.java:close(228)) - a1706a09-45f1-4990-9806-ff7cad89d822-SegmentedRaftLogWorker:Storage Directory /tmp/workdir/hadoop-ozone/integration-test/target/test-dir/MiniOzoneClusterImpl-3a70d5b3-47b5-47f2-a25b-0a2ae165259f/datanode-6/data/ratis/8e3dd2f3-2e4c-48e0-b53c-cc1ead29ba99 close()
2019-07-12 12:54:20,017 INFO  server.GrpcService (GrpcService.java:closeImpl(155)) - a1706a09-45f1-4990-9806-ff7cad89d822: shutdown server with port 43468 now
2019-07-12 12:54:20,017 INFO  server.GrpcService (GrpcService.java:closeImpl(163)) - a1706a09-45f1-4990-9806-ff7cad89d822: shutdown server with port 43468 successfully
2019-07-12 12:54:20,019 INFO  utils.BackgroundService (BackgroundService.java:shutdown(148)) - Shutting down service BlockDeletingService
2019-07-12 12:54:20,022 WARN  fs.CachingGetSpaceUsed (CachingGetSpaceUsed.java:run(183)) - Thread Interrupted waiting to refresh disk information: sleep interrupted
2019-07-12 12:54:20,039 INFO  statemachine.DatanodeStateMachine (DatanodeStateMachine.java:stopDaemon(395)) - Ozone container server stopped.
2019-07-12 12:54:20,042 INFO  statemachine.DatanodeStateMachine (DatanodeStateMachine.java:stopDaemon(395)) - Ozone container server stopped.
2019-07-12 12:54:20,046 INFO  handler.ContextHandler (ContextHandler.java:doStop(910)) - Stopped o.e.j.w.WebAppContext@418f0534{/,null,UNAVAILABLE}{/hddsDatanode}
2019-07-12 12:54:20,046 INFO  handler.ContextHandler (ContextHandler.java:doStop(910)) - Stopped o.e.j.w.WebAppContext@37e0292a{/,null,UNAVAILABLE}{/hddsDatanode}
2019-07-12 12:54:20,048 INFO  server.AbstractConnector (AbstractConnector.java:doStop(318)) - Stopped ServerConnector@4af70944{HTTP/1.1,[http/1.1]}{0.0.0.0:0}
2019-07-12 12:54:20,048 INFO  server.AbstractConnector (AbstractConnector.java:doStop(318)) - Stopped ServerConnector@3dfd7eaa{HTTP/1.1,[http/1.1]}{0.0.0.0:0}
2019-07-12 12:54:20,049 INFO  handler.ContextHandler (ContextHandler.java:doStop(910)) - Stopped o.e.j.s.ServletContextHandler@7915bca3{/static,jar:file:/home/user/.m2/repository/org/apache/hadoop/hadoop-hdds-container-service/0.5.0-SNAPSHOT/hadoop-hdds-container-service-0.5.0-SNAPSHOT.jar!/webapps/static,UNAVAILABLE}
2019-07-12 12:54:20,050 INFO  handler.ContextHandler (ContextHandler.java:doStop(910)) - Stopped o.e.j.s.ServletContextHandler@782fd504{/static,jar:file:/home/user/.m2/repository/org/apache/hadoop/hadoop-hdds-container-service/0.5.0-SNAPSHOT/hadoop-hdds-container-service-0.5.0-SNAPSHOT.jar!/webapps/static,UNAVAILABLE}
2019-07-12 12:54:20,051 INFO  handler.ContextHandler (ContextHandler.java:doStop(910)) - Stopped o.e.j.s.ServletContextHandler@36cc9385{/logs,file:///tmp/workdir/hadoop-ozone/integration-test/target/log,UNAVAILABLE}
2019-07-12 12:54:20,051 INFO  handler.ContextHandler (ContextHandler.java:doStop(910)) - Stopped o.e.j.s.ServletContextHandler@6568f998{/logs,file:///tmp/workdir/hadoop-ozone/integration-test/target/log,UNAVAILABLE}
2019-07-12 12:54:20,053 INFO  datanode.ObjectStoreHandler (ObjectStoreHandler.java:close(155)) - Closing ObjectStoreHandler.
2019-07-12 12:54:20,054 INFO  ozone.HddsDatanodeService (HddsDatanodeService.java:stop(452)) - Stopped plug-in org.apache.hadoop.ozone.web.OzoneHddsDatanodeService@16f15ae9
2019-07-12 12:54:20,809 INFO  statemachine.DatanodeStateMachine (DatanodeStateMachine.java:lambda$startDaemon$0(350)) - Ozone container server started.
2019-07-12 12:54:23,860 INFO  impl.FollowerState (FollowerState.java:run(106)) - 05c98b3f-3a67-4690-8376-941456a6e695:group-9DF7B8F0A5EA changes to CANDIDATE, lastRpcTime:5037, electionTimeout:5036ms
2019-07-12 12:54:23,860 INFO  impl.RoleInfo (RoleInfo.java:shutdownFollowerState(121)) - 05c98b3f-3a67-4690-8376-941456a6e695: shutdown FollowerState
2019-07-12 12:54:23,861 INFO  impl.RaftServerImpl (RaftServerImpl.java:setRole(171)) - 05c98b3f-3a67-4690-8376-941456a6e695:group-9DF7B8F0A5EA changes role from FOLLOWER to CANDIDATE at term 2 for changeToCandidate
2019-07-12 12:54:23,861 INFO  impl.RoleInfo (RoleInfo.java:updateAndGet(143)) - 05c98b3f-3a67-4690-8376-941456a6e695: start LeaderElection
2019-07-12 12:54:23,887 INFO  impl.LeaderElection (LeaderElection.java:askForVotes(181)) - 05c98b3f-3a67-4690-8376-941456a6e695:group-9DF7B8F0A5EA:LeaderElection13: begin an election at term 3 for 0: [05c98b3f-3a67-4690-8376-941456a6e695:192.168.157.212:42282, cb9a4759-2319-4aa9-87c5-0d950a5f6b2a:192.168.157.212:39794, f1b780fe-ed32-4b3b-a7dd-bcb4436fa190:192.168.157.212:39985], old=null
2019-07-12 12:54:23,888 INFO  impl.LeaderElection (LogUtils.java:infoOrTrace(149)) - 05c98b3f-3a67-4690-8376-941456a6e695:group-9DF7B8F0A5EA:LeaderElection13 got exception when requesting votes: {}
java.util.concurrent.ExecutionException: org.apache.ratis.thirdparty.io.grpc.StatusRuntimeException: UNAVAILABLE: io exception
	at java.util.concurrent.FutureTask.report(FutureTask.java:122)
	at java.util.concurrent.FutureTask.get(FutureTask.java:192)
	at org.apache.ratis.server.impl.LeaderElection.waitForResults(LeaderElection.java:262)
	at org.apache.ratis.server.impl.LeaderElection.askForVotes(LeaderElection.java:200)
	at org.apache.ratis.server.impl.LeaderElection.run(LeaderElection.java:130)
	at java.lang.Thread.run(Thread.java:748)
Caused by: org.apache.ratis.thirdparty.io.grpc.StatusRuntimeException: UNAVAILABLE: io exception
	at org.apache.ratis.thirdparty.io.grpc.stub.ClientCalls.toStatusRuntimeException(ClientCalls.java:233)
	at org.apache.ratis.thirdparty.io.grpc.stub.ClientCalls.getUnchecked(ClientCalls.java:214)
	at org.apache.ratis.thirdparty.io.grpc.stub.ClientCalls.blockingUnaryCall(ClientCalls.java:139)
	at org.apache.ratis.proto.grpc.RaftServerProtocolServiceGrpc$RaftServerProtocolServiceBlockingStub.requestVote(RaftServerProtocolServiceGrpc.java:265)
	at org.apache.ratis.grpc.server.GrpcServerProtocolClient.requestVote(GrpcServerProtocolClient.java:83)
	at org.apache.ratis.grpc.server.GrpcService.requestVote(GrpcService.java:195)
	at org.apache.ratis.server.impl.LeaderElection.lambda$submitRequests$1(LeaderElection.java:237)
	at java.util.concurrent.FutureTask.run(FutureTask.java:266)
	at java.util.concurrent.Executors$RunnableAdapter.call(Executors.java:511)
	at java.util.concurrent.FutureTask.run(FutureTask.java:266)
	at java.util.concurrent.ThreadPoolExecutor.runWorker(ThreadPoolExecutor.java:1149)
	at java.util.concurrent.ThreadPoolExecutor$Worker.run(ThreadPoolExecutor.java:624)
	... 1 more
Caused by: org.apache.ratis.thirdparty.io.netty.channel.AbstractChannel$AnnotatedConnectException: Connection refused: /192.168.157.212:39794
	at sun.nio.ch.SocketChannelImpl.checkConnect(Native Method)
	at sun.nio.ch.SocketChannelImpl.finishConnect(SocketChannelImpl.java:717)
	at org.apache.ratis.thirdparty.io.netty.channel.socket.nio.NioSocketChannel.doFinishConnect(NioSocketChannel.java:327)
	at org.apache.ratis.thirdparty.io.netty.channel.nio.AbstractNioChannel$AbstractNioUnsafe.finishConnect(AbstractNioChannel.java:340)
	at org.apache.ratis.thirdparty.io.netty.channel.nio.NioEventLoop.processSelectedKey(NioEventLoop.java:632)
	at org.apache.ratis.thirdparty.io.netty.channel.nio.NioEventLoop.processSelectedKeysOptimized(NioEventLoop.java:579)
	at org.apache.ratis.thirdparty.io.netty.channel.nio.NioEventLoop.processSelectedKeys(NioEventLoop.java:496)
	at org.apache.ratis.thirdparty.io.netty.channel.nio.NioEventLoop.run(NioEventLoop.java:458)
	at org.apache.ratis.thirdparty.io.netty.util.concurrent.SingleThreadEventExecutor$5.run(SingleThreadEventExecutor.java:897)
	at org.apache.ratis.thirdparty.io.netty.util.concurrent.FastThreadLocalRunnable.run(FastThreadLocalRunnable.java:30)
	... 1 more
Caused by: java.net.ConnectException: Connection refused
	... 11 more
2019-07-12 12:54:23,891 INFO  impl.LeaderElection (LogUtils.java:infoOrTrace(149)) - 05c98b3f-3a67-4690-8376-941456a6e695:group-9DF7B8F0A5EA:LeaderElection13 got exception when requesting votes: {}
java.util.concurrent.ExecutionException: org.apache.ratis.thirdparty.io.grpc.StatusRuntimeException: UNAVAILABLE: io exception
	at java.util.concurrent.FutureTask.report(FutureTask.java:122)
	at java.util.concurrent.FutureTask.get(FutureTask.java:192)
	at org.apache.ratis.server.impl.LeaderElection.waitForResults(LeaderElection.java:262)
	at org.apache.ratis.server.impl.LeaderElection.askForVotes(LeaderElection.java:200)
	at org.apache.ratis.server.impl.LeaderElection.run(LeaderElection.java:130)
	at java.lang.Thread.run(Thread.java:748)
Caused by: org.apache.ratis.thirdparty.io.grpc.StatusRuntimeException: UNAVAILABLE: io exception
	at org.apache.ratis.thirdparty.io.grpc.stub.ClientCalls.toStatusRuntimeException(ClientCalls.java:233)
	at org.apache.ratis.thirdparty.io.grpc.stub.ClientCalls.getUnchecked(ClientCalls.java:214)
	at org.apache.ratis.thirdparty.io.grpc.stub.ClientCalls.blockingUnaryCall(ClientCalls.java:139)
	at org.apache.ratis.proto.grpc.RaftServerProtocolServiceGrpc$RaftServerProtocolServiceBlockingStub.requestVote(RaftServerProtocolServiceGrpc.java:265)
	at org.apache.ratis.grpc.server.GrpcServerProtocolClient.requestVote(GrpcServerProtocolClient.java:83)
	at org.apache.ratis.grpc.server.GrpcService.requestVote(GrpcService.java:195)
	at org.apache.ratis.server.impl.LeaderElection.lambda$submitRequests$1(LeaderElection.java:237)
	at java.util.concurrent.FutureTask.run(FutureTask.java:266)
	at java.util.concurrent.Executors$RunnableAdapter.call(Executors.java:511)
	at java.util.concurrent.FutureTask.run(FutureTask.java:266)
	at java.util.concurrent.ThreadPoolExecutor.runWorker(ThreadPoolExecutor.java:1149)
	at java.util.concurrent.ThreadPoolExecutor$Worker.run(ThreadPoolExecutor.java:624)
	... 1 more
Caused by: org.apache.ratis.thirdparty.io.netty.channel.AbstractChannel$AnnotatedConnectException: Connection refused: /192.168.157.212:39985
	at sun.nio.ch.SocketChannelImpl.checkConnect(Native Method)
	at sun.nio.ch.SocketChannelImpl.finishConnect(SocketChannelImpl.java:717)
	at org.apache.ratis.thirdparty.io.netty.channel.socket.nio.NioSocketChannel.doFinishConnect(NioSocketChannel.java:327)
	at org.apache.ratis.thirdparty.io.netty.channel.nio.AbstractNioChannel$AbstractNioUnsafe.finishConnect(AbstractNioChannel.java:340)
	at org.apache.ratis.thirdparty.io.netty.channel.nio.NioEventLoop.processSelectedKey(NioEventLoop.java:632)
	at org.apache.ratis.thirdparty.io.netty.channel.nio.NioEventLoop.processSelectedKeysOptimized(NioEventLoop.java:579)
	at org.apache.ratis.thirdparty.io.netty.channel.nio.NioEventLoop.processSelectedKeys(NioEventLoop.java:496)
	at org.apache.ratis.thirdparty.io.netty.channel.nio.NioEventLoop.run(NioEventLoop.java:458)
	at org.apache.ratis.thirdparty.io.netty.util.concurrent.SingleThreadEventExecutor$5.run(SingleThreadEventExecutor.java:897)
	at org.apache.ratis.thirdparty.io.netty.util.concurrent.FastThreadLocalRunnable.run(FastThreadLocalRunnable.java:30)
	... 1 more
Caused by: java.net.ConnectException: Connection refused
	... 11 more
2019-07-12 12:54:23,892 INFO  impl.LeaderElection (LeaderElection.java:logAndReturn(56)) - 05c98b3f-3a67-4690-8376-941456a6e695:group-9DF7B8F0A5EA:LeaderElection13: Election REJECTED; received 0 response(s) [] and 2 exception(s); 05c98b3f-3a67-4690-8376-941456a6e695:t3, leader=null, voted=05c98b3f-3a67-4690-8376-941456a6e695, raftlog=05c98b3f-3a67-4690-8376-941456a6e695-SegmentedRaftLog:OPENED:c-1,f0,i0, conf=0: [05c98b3f-3a67-4690-8376-941456a6e695:192.168.157.212:42282, cb9a4759-2319-4aa9-87c5-0d950a5f6b2a:192.168.157.212:39794, f1b780fe-ed32-4b3b-a7dd-bcb4436fa190:192.168.157.212:39985], old=null
2019-07-12 12:54:23,892 INFO  impl.LeaderElection (LogUtils.java:infoOrTrace(149)) -   Exception 0: {}
java.util.concurrent.ExecutionException: org.apache.ratis.thirdparty.io.grpc.StatusRuntimeException: UNAVAILABLE: io exception
	at java.util.concurrent.FutureTask.report(FutureTask.java:122)
	at java.util.concurrent.FutureTask.get(FutureTask.java:192)
	at org.apache.ratis.server.impl.LeaderElection.waitForResults(LeaderElection.java:262)
	at org.apache.ratis.server.impl.LeaderElection.askForVotes(LeaderElection.java:200)
	at org.apache.ratis.server.impl.LeaderElection.run(LeaderElection.java:130)
	at java.lang.Thread.run(Thread.java:748)
Caused by: org.apache.ratis.thirdparty.io.grpc.StatusRuntimeException: UNAVAILABLE: io exception
	at org.apache.ratis.thirdparty.io.grpc.stub.ClientCalls.toStatusRuntimeException(ClientCalls.java:233)
	at org.apache.ratis.thirdparty.io.grpc.stub.ClientCalls.getUnchecked(ClientCalls.java:214)
	at org.apache.ratis.thirdparty.io.grpc.stub.ClientCalls.blockingUnaryCall(ClientCalls.java:139)
	at org.apache.ratis.proto.grpc.RaftServerProtocolServiceGrpc$RaftServerProtocolServiceBlockingStub.requestVote(RaftServerProtocolServiceGrpc.java:265)
	at org.apache.ratis.grpc.server.GrpcServerProtocolClient.requestVote(GrpcServerProtocolClient.java:83)
	at org.apache.ratis.grpc.server.GrpcService.requestVote(GrpcService.java:195)
	at org.apache.ratis.server.impl.LeaderElection.lambda$submitRequests$1(LeaderElection.java:237)
	at java.util.concurrent.FutureTask.run(FutureTask.java:266)
	at java.util.concurrent.Executors$RunnableAdapter.call(Executors.java:511)
	at java.util.concurrent.FutureTask.run(FutureTask.java:266)
	at java.util.concurrent.ThreadPoolExecutor.runWorker(ThreadPoolExecutor.java:1149)
	at java.util.concurrent.ThreadPoolExecutor$Worker.run(ThreadPoolExecutor.java:624)
	... 1 more
Caused by: org.apache.ratis.thirdparty.io.netty.channel.AbstractChannel$AnnotatedConnectException: Connection refused: /192.168.157.212:39794
	at sun.nio.ch.SocketChannelImpl.checkConnect(Native Method)
	at sun.nio.ch.SocketChannelImpl.finishConnect(SocketChannelImpl.java:717)
	at org.apache.ratis.thirdparty.io.netty.channel.socket.nio.NioSocketChannel.doFinishConnect(NioSocketChannel.java:327)
	at org.apache.ratis.thirdparty.io.netty.channel.nio.AbstractNioChannel$AbstractNioUnsafe.finishConnect(AbstractNioChannel.java:340)
	at org.apache.ratis.thirdparty.io.netty.channel.nio.NioEventLoop.processSelectedKey(NioEventLoop.java:632)
	at org.apache.ratis.thirdparty.io.netty.channel.nio.NioEventLoop.processSelectedKeysOptimized(NioEventLoop.java:579)
	at org.apache.ratis.thirdparty.io.netty.channel.nio.NioEventLoop.processSelectedKeys(NioEventLoop.java:496)
	at org.apache.ratis.thirdparty.io.netty.channel.nio.NioEventLoop.run(NioEventLoop.java:458)
	at org.apache.ratis.thirdparty.io.netty.util.concurrent.SingleThreadEventExecutor$5.run(SingleThreadEventExecutor.java:897)
	at org.apache.ratis.thirdparty.io.netty.util.concurrent.FastThreadLocalRunnable.run(FastThreadLocalRunnable.java:30)
	... 1 more
Caused by: java.net.ConnectException: Connection refused
	... 11 more
2019-07-12 12:54:23,893 INFO  impl.LeaderElection (LogUtils.java:infoOrTrace(149)) -   Exception 1: {}
java.util.concurrent.ExecutionException: org.apache.ratis.thirdparty.io.grpc.StatusRuntimeException: UNAVAILABLE: io exception
	at java.util.concurrent.FutureTask.report(FutureTask.java:122)
	at java.util.concurrent.FutureTask.get(FutureTask.java:192)
	at org.apache.ratis.server.impl.LeaderElection.waitForResults(LeaderElection.java:262)
	at org.apache.ratis.server.impl.LeaderElection.askForVotes(LeaderElection.java:200)
	at org.apache.ratis.server.impl.LeaderElection.run(LeaderElection.java:130)
	at java.lang.Thread.run(Thread.java:748)
Caused by: org.apache.ratis.thirdparty.io.grpc.StatusRuntimeException: UNAVAILABLE: io exception
	at org.apache.ratis.thirdparty.io.grpc.stub.ClientCalls.toStatusRuntimeException(ClientCalls.java:233)
	at org.apache.ratis.thirdparty.io.grpc.stub.ClientCalls.getUnchecked(ClientCalls.java:214)
	at org.apache.ratis.thirdparty.io.grpc.stub.ClientCalls.blockingUnaryCall(ClientCalls.java:139)
	at org.apache.ratis.proto.grpc.RaftServerProtocolServiceGrpc$RaftServerProtocolServiceBlockingStub.requestVote(RaftServerProtocolServiceGrpc.java:265)
	at org.apache.ratis.grpc.server.GrpcServerProtocolClient.requestVote(GrpcServerProtocolClient.java:83)
	at org.apache.ratis.grpc.server.GrpcService.requestVote(GrpcService.java:195)
	at org.apache.ratis.server.impl.LeaderElection.lambda$submitRequests$1(LeaderElection.java:237)
	at java.util.concurrent.FutureTask.run(FutureTask.java:266)
	at java.util.concurrent.Executors$RunnableAdapter.call(Executors.java:511)
	at java.util.concurrent.FutureTask.run(FutureTask.java:266)
	at java.util.concurrent.ThreadPoolExecutor.runWorker(ThreadPoolExecutor.java:1149)
	at java.util.concurrent.ThreadPoolExecutor$Worker.run(ThreadPoolExecutor.java:624)
	... 1 more
Caused by: org.apache.ratis.thirdparty.io.netty.channel.AbstractChannel$AnnotatedConnectException: Connection refused: /192.168.157.212:39985
	at sun.nio.ch.SocketChannelImpl.checkConnect(Native Method)
	at sun.nio.ch.SocketChannelImpl.finishConnect(SocketChannelImpl.java:717)
	at org.apache.ratis.thirdparty.io.netty.channel.socket.nio.NioSocketChannel.doFinishConnect(NioSocketChannel.java:327)
	at org.apache.ratis.thirdparty.io.netty.channel.nio.AbstractNioChannel$AbstractNioUnsafe.finishConnect(AbstractNioChannel.java:340)
	at org.apache.ratis.thirdparty.io.netty.channel.nio.NioEventLoop.processSelectedKey(NioEventLoop.java:632)
	at org.apache.ratis.thirdparty.io.netty.channel.nio.NioEventLoop.processSelectedKeysOptimized(NioEventLoop.java:579)
	at org.apache.ratis.thirdparty.io.netty.channel.nio.NioEventLoop.processSelectedKeys(NioEventLoop.java:496)
	at org.apache.ratis.thirdparty.io.netty.channel.nio.NioEventLoop.run(NioEventLoop.java:458)
	at org.apache.ratis.thirdparty.io.netty.util.concurrent.SingleThreadEventExecutor$5.run(SingleThreadEventExecutor.java:897)
	at org.apache.ratis.thirdparty.io.netty.util.concurrent.FastThreadLocalRunnable.run(FastThreadLocalRunnable.java:30)
	... 1 more
Caused by: java.net.ConnectException: Connection refused
	... 11 more
2019-07-12 12:54:23,894 INFO  impl.RaftServerImpl (RaftServerImpl.java:setRole(171)) - 05c98b3f-3a67-4690-8376-941456a6e695:group-9DF7B8F0A5EA changes role from CANDIDATE to FOLLOWER at term 3 for DISCOVERED_A_NEW_TERM
2019-07-12 12:54:23,895 INFO  impl.RoleInfo (RoleInfo.java:shutdownLeaderElection(134)) - 05c98b3f-3a67-4690-8376-941456a6e695: shutdown LeaderElection
2019-07-12 12:54:23,896 INFO  impl.RoleInfo (RoleInfo.java:updateAndGet(143)) - 05c98b3f-3a67-4690-8376-941456a6e695: start FollowerState
2019-07-12 12:54:25,055 INFO  ozoneimpl.OzoneContainer (OzoneContainer.java:stop(199)) - Attempting to stop container services.
2019-07-12 12:54:25,055 INFO  impl.RaftServerProxy (RaftServerProxy.java:lambda$close$4(314)) - 05c98b3f-3a67-4690-8376-941456a6e695: close
2019-07-12 12:54:25,056 INFO  impl.RaftServerImpl (RaftServerImpl.java:lambda$shutdown$3(245)) - 05c98b3f-3a67-4690-8376-941456a6e695: shutdown group-A5C79AA25F46
2019-07-12 12:54:25,056 INFO  util.JmxRegister (JmxRegister.java:unregister(73)) - Successfully un-registered JMX Bean with object name Ratis:service=RaftServer,group=group-A5C79AA25F46,id=05c98b3f-3a67-4690-8376-941456a6e695
2019-07-12 12:54:25,056 INFO  impl.RoleInfo (RoleInfo.java:shutdownLeaderState(104)) - 05c98b3f-3a67-4690-8376-941456a6e695: shutdown LeaderState
2019-07-12 12:54:25,056 INFO  impl.PendingRequests (PendingRequests.java:sendNotLeaderResponses(202)) - 05c98b3f-3a67-4690-8376-941456a6e695-PendingRequests: sendNotLeaderResponses
2019-07-12 12:54:25,057 INFO  impl.StateMachineUpdater (StateMachineUpdater.java:stopAndJoin(115)) - StateMachineUpdater:05c98b3f-3a67-4690-8376-941456a6e695:group-A5C79AA25F46: set stopIndex = 0
2019-07-12 12:54:25,057 INFO  ratis.ContainerStateMachine (ContainerStateMachine.java:takeSnapshot(246)) - Taking snapshot at termIndex:(t:0, i:~)
2019-07-12 12:54:25,057 INFO  impl.RaftServerImpl (ServerState.java:close(394)) - 05c98b3f-3a67-4690-8376-941456a6e695:group-A5C79AA25F46 closes. The last applied log index is 0
2019-07-12 12:54:25,058 INFO  segmented.SegmentedRaftLogWorker (SegmentedRaftLogWorker.java:run(313)) - 05c98b3f-3a67-4690-8376-941456a6e695-SegmentedRaftLogWorker:Storage Directory /tmp/workdir/hadoop-ozone/integration-test/target/test-dir/MiniOzoneClusterImpl-3a70d5b3-47b5-47f2-a25b-0a2ae165259f/datanode-5/data/ratis/e842ada5-e631-4939-89a7-a5c79aa25f46 was interrupted, exiting. There are 0 tasks remaining in the queue.
2019-07-12 12:54:25,058 INFO  segmented.SegmentedRaftLogWorker (SegmentedRaftLogWorker.java:close(228)) - 05c98b3f-3a67-4690-8376-941456a6e695-SegmentedRaftLogWorker:Storage Directory /tmp/workdir/hadoop-ozone/integration-test/target/test-dir/MiniOzoneClusterImpl-3a70d5b3-47b5-47f2-a25b-0a2ae165259f/datanode-5/data/ratis/e842ada5-e631-4939-89a7-a5c79aa25f46 close()
2019-07-12 12:54:25,059 INFO  impl.RaftServerImpl (RaftServerImpl.java:lambda$shutdown$3(245)) - 05c98b3f-3a67-4690-8376-941456a6e695: shutdown group-9DF7B8F0A5EA
2019-07-12 12:54:25,059 INFO  util.JmxRegister (JmxRegister.java:unregister(73)) - Successfully un-registered JMX Bean with object name Ratis:service=RaftServer,group=group-9DF7B8F0A5EA,id=05c98b3f-3a67-4690-8376-941456a6e695
2019-07-12 12:54:25,060 INFO  impl.RoleInfo (RoleInfo.java:shutdownFollowerState(121)) - 05c98b3f-3a67-4690-8376-941456a6e695: shutdown FollowerState
2019-07-12 12:54:25,060 INFO  impl.StateMachineUpdater (StateMachineUpdater.java:stopAndJoin(115)) - StateMachineUpdater:05c98b3f-3a67-4690-8376-941456a6e695:group-9DF7B8F0A5EA: set stopIndex = -1
2019-07-12 12:54:25,060 INFO  impl.FollowerState (FollowerState.java:run(114)) - 05c98b3f-3a67-4690-8376-941456a6e695: FollowerState was interrupted: java.lang.InterruptedException: sleep interrupted
2019-07-12 12:54:25,060 INFO  ratis.ContainerStateMachine (ContainerStateMachine.java:takeSnapshot(246)) - Taking snapshot at termIndex:(t:0, i:~)
2019-07-12 12:54:25,061 INFO  impl.RaftServerImpl (ServerState.java:close(394)) - 05c98b3f-3a67-4690-8376-941456a6e695:group-9DF7B8F0A5EA closes. The last applied log index is -1
2019-07-12 12:54:25,062 INFO  segmented.SegmentedRaftLogWorker (SegmentedRaftLogWorker.java:run(313)) - 05c98b3f-3a67-4690-8376-941456a6e695-SegmentedRaftLogWorker:Storage Directory /tmp/workdir/hadoop-ozone/integration-test/target/test-dir/MiniOzoneClusterImpl-3a70d5b3-47b5-47f2-a25b-0a2ae165259f/datanode-5/data/ratis/3fafc2c2-3124-4449-af96-9df7b8f0a5ea was interrupted, exiting. There are 0 tasks remaining in the queue.
2019-07-12 12:54:25,062 INFO  segmented.SegmentedRaftLogWorker (SegmentedRaftLogWorker.java:close(228)) - 05c98b3f-3a67-4690-8376-941456a6e695-SegmentedRaftLogWorker:Storage Directory /tmp/workdir/hadoop-ozone/integration-test/target/test-dir/MiniOzoneClusterImpl-3a70d5b3-47b5-47f2-a25b-0a2ae165259f/datanode-5/data/ratis/3fafc2c2-3124-4449-af96-9df7b8f0a5ea close()
2019-07-12 12:54:25,063 INFO  server.GrpcService (GrpcService.java:closeImpl(155)) - 05c98b3f-3a67-4690-8376-941456a6e695: shutdown server with port 42282 now
2019-07-12 12:54:25,065 INFO  server.GrpcService (GrpcService.java:closeImpl(163)) - 05c98b3f-3a67-4690-8376-941456a6e695: shutdown server with port 42282 successfully
2019-07-12 12:54:25,066 INFO  utils.BackgroundService (BackgroundService.java:shutdown(148)) - Shutting down service BlockDeletingService
2019-07-12 12:54:25,069 WARN  fs.CachingGetSpaceUsed (CachingGetSpaceUsed.java:run(183)) - Thread Interrupted waiting to refresh disk information: sleep interrupted
2019-07-12 12:54:25,081 INFO  statemachine.DatanodeStateMachine (DatanodeStateMachine.java:stopDaemon(395)) - Ozone container server stopped.
2019-07-12 12:54:25,082 INFO  handler.ContextHandler (ContextHandler.java:doStop(910)) - Stopped o.e.j.w.WebAppContext@561f9d92{/,null,UNAVAILABLE}{/hddsDatanode}
2019-07-12 12:54:25,082 INFO  server.AbstractConnector (AbstractConnector.java:doStop(318)) - Stopped ServerConnector@1c84d80a{HTTP/1.1,[http/1.1]}{0.0.0.0:0}
2019-07-12 12:54:25,083 INFO  handler.ContextHandler (ContextHandler.java:doStop(910)) - Stopped o.e.j.s.ServletContextHandler@2d4a3e13{/static,jar:file:/home/user/.m2/repository/org/apache/hadoop/hadoop-hdds-container-service/0.5.0-SNAPSHOT/hadoop-hdds-container-service-0.5.0-SNAPSHOT.jar!/webapps/static,UNAVAILABLE}
2019-07-12 12:54:25,083 INFO  handler.ContextHandler (ContextHandler.java:doStop(910)) - Stopped o.e.j.s.ServletContextHandler@6885ed19{/logs,file:///tmp/workdir/hadoop-ozone/integration-test/target/log,UNAVAILABLE}
2019-07-12 12:54:25,084 INFO  ozone.MiniOzoneClusterImpl (MiniOzoneClusterImpl.java:stop(353)) - Stopping the StorageContainerManager
2019-07-12 12:54:25,084 INFO  server.StorageContainerManager (StorageContainerManager.java:stop(796)) - Stopping Replication Manager Service.
2019-07-12 12:54:25,084 INFO  container.ReplicationManager (ReplicationManager.java:stop(187)) - Stopping Replication Monitor Thread.
2019-07-12 12:54:25,084 INFO  server.StorageContainerManager (StorageContainerManager.java:stop(803)) - Stopping Lease Manager of the command watchers
2019-07-12 12:54:25,085 INFO  server.StorageContainerManager (StorageContainerManager.java:stop(810)) - Stopping datanode service RPC server
2019-07-12 12:54:25,085 INFO  server.SCMDatanodeProtocolServer (SCMDatanodeProtocolServer.java:stop(375)) - Stopping the RPC server for DataNodes
2019-07-12 12:54:25,085 INFO  ipc.Server (Server.java:stop(3082)) - Stopping server on 38567
2019-07-12 12:54:25,087 INFO  ipc.Server (Server.java:run(1185)) - Stopping IPC Server listener on 38567
2019-07-12 12:54:25,087 INFO  ipc.Server (Server.java:run(1319)) - Stopping IPC Server Responder
2019-07-12 12:54:25,186 WARN  node.NodeStateManager (NodeStateManager.java:scheduleNextHealthCheck(631)) - Current Thread is interrupted, shutting down HB processing thread for Node Manager.
2019-07-12 12:54:25,186 INFO  server.StorageContainerManager (StorageContainerManager.java:stop(818)) - Stopping block service RPC server
2019-07-12 12:54:25,187 INFO  server.SCMBlockProtocolServer (SCMBlockProtocolServer.java:stop(148)) - Stopping the RPC server for Block Protocol
2019-07-12 12:54:25,187 INFO  ipc.Server (Server.java:stop(3082)) - Stopping server on 45494
2019-07-12 12:54:25,187 INFO  ipc.Server (Server.java:run(1185)) - Stopping IPC Server listener on 45494
2019-07-12 12:54:25,187 INFO  server.StorageContainerManager (StorageContainerManager.java:stop(825)) - Stopping the StorageContainerLocationProtocol RPC server
2019-07-12 12:54:25,188 INFO  server.SCMClientProtocolServer (SCMClientProtocolServer.java:stop(157)) - Stopping the RPC server for Client Protocol
2019-07-12 12:54:25,188 INFO  ipc.Server (Server.java:stop(3082)) - Stopping server on 37456
2019-07-12 12:54:25,188 INFO  ipc.Server (Server.java:run(1319)) - Stopping IPC Server Responder
2019-07-12 12:54:25,190 INFO  ipc.Server (Server.java:run(1185)) - Stopping IPC Server listener on 37456
2019-07-12 12:54:25,190 INFO  server.StorageContainerManager (StorageContainerManager.java:stop(832)) - Stopping Storage Container Manager HTTP server.
2019-07-12 12:54:25,190 INFO  ipc.Server (Server.java:run(1319)) - Stopping IPC Server Responder
2019-07-12 12:54:25,191 INFO  handler.ContextHandler (ContextHandler.java:doStop(910)) - Stopped o.e.j.w.WebAppContext@6fff253c{/,null,UNAVAILABLE}{/scm}
2019-07-12 12:54:25,192 INFO  server.AbstractConnector (AbstractConnector.java:doStop(318)) - Stopped ServerConnector@7c041b41{HTTP/1.1,[http/1.1]}{0.0.0.0:0}
2019-07-12 12:54:25,192 INFO  handler.ContextHandler (ContextHandler.java:doStop(910)) - Stopped o.e.j.s.ServletContextHandler@4dd02341{/static,file:///tmp/workdir/hadoop-ozone/integration-test/target/test-classes/webapps/static,UNAVAILABLE}
2019-07-12 12:54:25,193 INFO  handler.ContextHandler (ContextHandler.java:doStop(910)) - Stopped o.e.j.s.ServletContextHandler@635572a7{/logs,file:///tmp/workdir/hadoop-ozone/integration-test/target/log,UNAVAILABLE}
2019-07-12 12:54:25,193 INFO  server.StorageContainerManager (StorageContainerManager.java:stop(843)) - Stopping Block Manager Service.
2019-07-12 12:54:25,194 INFO  utils.BackgroundService (BackgroundService.java:shutdown(148)) - Shutting down service SCMBlockDeletingService
2019-07-12 12:54:25,195 INFO  utils.BackgroundService (BackgroundService.java:shutdown(148)) - Shutting down service SCMBlockDeletingService
2019-07-12 12:54:25,195 INFO  server.StorageContainerManager (StorageContainerManager.java:stop(865)) - Stopping SCM Event Queue.
2019-07-12 12:54:25,201 INFO  impl.MetricsSystemImpl (MetricsSystemImpl.java:stop(210)) - Stopping HddsDatanode metrics system...
2019-07-12 12:54:25,207 INFO  impl.MetricsSystemImpl (MetricsSystemImpl.java:stop(216)) - HddsDatanode metrics system stopped.
]]></system-out>
    <system-err><![CDATA[ERROR StatusLogger No Log4j 2 configuration file found. Using default configuration (logging only errors to the console), or user programmatically provided configurations. Set system property 'log4j2.debug' to show Log4j 2 internal initialization logging. See https://logging.apache.org/log4j/2.x/manual/configuration.html for instructions on how to configure Log4j 2
Jul 12, 2019 12:53:49 PM com.sun.jersey.server.impl.application.WebApplicationImpl _initiate
INFO: Initiating Jersey application, version 'Jersey: 1.19 02/11/2015 03:25 AM'
Jul 12, 2019 12:53:50 PM com.sun.jersey.server.impl.application.WebApplicationImpl _initiate
INFO: Initiating Jersey application, version 'Jersey: 1.19 02/11/2015 03:25 AM'
Jul 12, 2019 12:53:50 PM com.sun.jersey.server.impl.application.WebApplicationImpl _initiate
INFO: Initiating Jersey application, version 'Jersey: 1.19 02/11/2015 03:25 AM'
Jul 12, 2019 12:53:51 PM com.sun.jersey.server.impl.application.WebApplicationImpl _initiate
INFO: Initiating Jersey application, version 'Jersey: 1.19 02/11/2015 03:25 AM'
Jul 12, 2019 12:53:51 PM com.sun.jersey.server.impl.application.WebApplicationImpl _initiate
INFO: Initiating Jersey application, version 'Jersey: 1.19 02/11/2015 03:25 AM'
Jul 12, 2019 12:53:51 PM com.sun.jersey.server.impl.application.WebApplicationImpl _initiate
INFO: Initiating Jersey application, version 'Jersey: 1.19 02/11/2015 03:25 AM'
Jul 12, 2019 12:53:51 PM com.sun.jersey.server.impl.application.WebApplicationImpl _initiate
INFO: Initiating Jersey application, version 'Jersey: 1.19 02/11/2015 03:25 AM'
]]></system-err>
  </testcase>
  <testcase name="testMaxRetriesByOzoneClient" classname="org.apache.hadoop.ozone.client.rpc.TestOzoneClientRetriesOnException" time="37.38"/>
</testsuite>